80D4F6 20 30 D5    JSR $D530     [80D530] A:0E01 X:0000 Y:0008 S:0133 D:0E68 DB:86 nvMXdizC V:251 H: 17 F:54

	80D530 C2 20       REP #$20               A:0E01 X:0000 Y:0008 S:0131 D:0E68 DB:86 nvMXdizC V:251 H: 27 F:54
	80D532 A5 05       LDA $05       [000E6D] A:0E01 X:0000 Y:0008 S:0131 D:0E68 DB:86 nvmXdizC V:251 H: 32 F:54
	80D534 85 22       STA $22       [000E8A] A:14D0 X:0000 Y:0008 S:0131 D:0E68 DB:86 nvmXdizC V:251 H: 40 F:54
	80D536 A5 08       LDA $08       [000E70] A:14D0 X:0000 Y:0008 S:0131 D:0E68 DB:86 nvmXdizC V:251 H: 49 F:54
	80D538 85 24       STA $24       [000E8C] A:0A9D X:0000 Y:0008 S:0131 D:0E68 DB:86 nvmXdizC V:251 H: 57 F:54
	80D53A E2 20       SEP #$20               A:0A9D X:0000 Y:0008 S:0131 D:0E68 DB:86 nvmXdizC V:251 H: 66 F:54
	80D53C A9 80       LDA #$80               A:0A9D X:0000 Y:0008 S:0131 D:0E68 DB:86 nvMXdizC V:251 H: 70 F:54
	80D53E 14 0E       TRB $0E       [000E76] A:0A80 X:0000 Y:0008 S:0131 D:0E68 DB:86 NvMXdizC V:251 H: 73 F:54
	80D540 A5 0A       LDA $0A       [000E72] A:0A80 X:0000 Y:0008 S:0131 D:0E68 DB:86 NvMXdizC V:251 H: 83 F:54
	80D542 0A          ASL A                  A:0A14 X:0000 Y:0008 S:0131 D:0E68 DB:86 nvMXdizC V:251 H: 90 F:54
	80D543 AA          TAX                    A:0A28 X:0000 Y:0008 S:0131 D:0E68 DB:86 nvMXdizc V:251 H: 93 F:54
	80D544 7C DD F8    JMP ($F8DD,X) [80F905] A:0A28 X:0028 Y:0008 S:0131 D:0E68 DB:86 nvMXdizc V:251 H: 96 F:54

	80FA15 22 44 B1 83 JSL $83B144   [83B144] A:0A28 X:0028 Y:0008 S:0131 D:0E68 DB:86 nvMXdizc V:251 H:105 F:54

		83B144 A6 01       LDX $01       [000E69] A:0A28 X:0028 Y:0008 S:012E D:0E68 DB:86 nvMXdizc V:251 H:118 F:54
		83B146 7C 49 B1    JMP ($B149,X) [83B14D] A:0A28 X:0004 Y:0008 S:012E D:0E68 DB:86 nvMXdizc V:251 H:125 F:54

		83B2E8 A6 02       LDX $02       [000E6A] A:0A28 X:0004 Y:0008 S:012E D:0E68 DB:86 nvMXdizc V:251 H:134 F:54
		83B2EA FC DA B3    JSR ($B3DA,X) [83B3DA] A:0A28 X:0000 Y:0008 S:012E D:0E68 DB:86 nvMXdiZc V:251 H:150 F:54

			83B3E4 A6 03       LDX $03       [000E6B] A:0A28 X:0000 Y:0008 S:012C D:0E68 DB:86 nvMXdiZc V:251 H:163 F:54
			83B3E6 7C E9 B3    JMP ($B3E9,X) [83B3E9] A:0A28 X:0000 Y:0008 S:012C D:0E68 DB:86 nvMXdiZc V:251 H:170 F:54

			83B3F9 A9 03       LDA #$03               A:0A28 X:0000 Y:0008 S:012C D:0E68 DB:86 nvMXdiZc V:251 H:179 F:54
			83B3FB 20 C8 B9    JSR $B9C8     [83B9C8] A:0A03 X:0000 Y:0008 S:012C D:0E68 DB:86 nvMXdizc V:251 H:182 F:54			JSR $83B9C8 (a = A = #$03)

				83B9C8 08          PHP                    A:0A03 X:0000 Y:0008 S:012A D:0E68 DB:86 nvMXdizc V:251 H:192 F:54
				83B9C9 E2 30       SEP #$30               A:0A03 X:0000 Y:0008 S:0129 D:0E68 DB:86 nvMXdizc V:251 H:197 F:54
				83B9CB C9 0B       CMP #$0B               A:0A03 X:0000 Y:0008 S:0129 D:0E68 DB:86 nvMXdizc V:251 H:201 F:54		Branch if A = #$0B
				83B9CD F0 1B       BEQ $001B     [83B9EA] A:0A03 X:0000 Y:0008 S:0129 D:0E68 DB:86 NvMXdizc V:251 H:204 F:54
				83B9CF A6 33       LDX $33       [000E9B] A:0A03 X:0000 Y:0008 S:0129 D:0E68 DB:86 NvMXdizc V:251 H:207 F:54
				83B9D1 F0 03       BEQ $0003     [83B9D6] A:0A03 X:0000 Y:0008 S:0129 D:0E68 DB:86 nvMXdiZc V:251 H:214 F:54		Branch because X = E-$33 = #$00 --> Skip line: Add E-SubID to A
				83B9D6 AA          TAX                    A:0A03 X:0000 Y:0008 S:0129 D:0E68 DB:86 nvMXdiZc V:251 H:218 F:54		X = A = a = #$03
				83B9D7 BD 5D C9    LDA $C95D,X   [86C960] A:0A03 X:0003 Y:0008 S:0129 D:0E68 DB:86 nvMXdizc V:251 H:221 F:54		A = [86C95D,a] = [86C960] = #$09
				83B9DA A2 62       LDX #$62               A:0A09 X:0003 Y:0008 S:0129 D:0E68 DB:86 nvMXdizc V:251 H:227 F:54		|CountPointer = #$62
				83B9DC 86 16       STX $16       [000E7E] A:0A09 X:0062 Y:0008 S:0129 D:0E68 DB:86 nvMXdizc V:251 H:230 F:54		|
				83B9DE 22 07 8F 84 JSL $848F07   [848F07] A:0A09 X:0062 Y:0008 S:0129 D:0E68 DB:86 nvMXdizc V:251 H:237 F:54		JSL $848F07 --> New Countdown Routine ($16=#$62, A=#$09)

					848F07 08          PHP                    A:0A09 X:0062 Y:0008 S:0126 D:0E68 DB:86 nvMXdizc V:251 H:250 F:54
					848F08 8B          PHB                    A:0A09 X:0062 Y:0008 S:0125 D:0E68 DB:86 nvMXdizc V:251 H:255 F:54
					848F09 C2 30       REP #$30               A:0A09 X:0062 Y:0008 S:0124 D:0E68 DB:86 nvMXdizc V:251 H:260 F:54
					848F0B 8D 0E 00    STA $000E     [86000E] A:0A09 X:0062 Y:0008 S:0124 D:0E68 DB:86 nvmxdizc V:251 H:265 F:54
					848F0E A5 16       LDA $16       [000E7E] A:0A09 X:0062 Y:0008 S:0124 D:0E68 DB:86 nvmxdizc V:251 H:273 F:54
					848F10 29 FF 00    AND #$00FF             A:8B62 X:0062 Y:0008 S:0124 D:0E68 DB:86 Nvmxdizc V:251 H:282 F:54
					848F13 8D 0C 00    STA $000C     [86000C] A:0062 X:0062 Y:0008 S:0124 D:0E68 DB:86 nvmxdizc V:251 H:286 F:54
					848F16 0A          ASL A                  A:0062 X:0062 Y:0008 S:0124 D:0E68 DB:86 nvmxdizc V:251 H:295 F:54
					848F17 18          CLC                    A:00C4 X:0062 Y:0008 S:0124 D:0E68 DB:86 nvmxdizc V:251 H:298 F:54
					848F18 6D 0C 00    ADC $000C     [86000C] A:00C4 X:0062 Y:0008 S:0124 D:0E68 DB:86 nvmxdizc V:251 H:301 F:54
					848F1B AA          TAX                    A:0126 X:0062 Y:0008 S:0124 D:0E68 DB:86 nvmxdizc V:251 H:309 F:54
					848F1C BF 00 A0 AF LDA $AFA000,X [AFA126] A:0126 X:0126 Y:0008 S:0124 D:0E68 DB:86 nvmxdizc V:251 H:312 F:54
					848F20 85 14       STA $14       [000E7C] A:CCB8 X:0126 Y:0008 S:0124 D:0E68 DB:86 Nvmxdizc V:251 H:321 F:54
					848F22 E2 20       SEP #$20               A:CCB8 X:0126 Y:0008 S:0124 D:0E68 DB:86 Nvmxdizc V:251 H:329 F:54
					848F24 BF 02 A0 AF LDA $AFA002,X [AFA128] A:CCB8 X:0126 Y:0008 S:0124 D:0E68 DB:86 NvMxdizc V:251 H:333 F:54
					848F28 48          PHA                    A:CCAF X:0126 Y:0008 S:0124 D:0E68 DB:86 NvMxdizc V:252 H:  1 F:54
					848F29 AB          PLB                    A:CCAF X:0126 Y:0008 S:0123 D:0E68 DB:86 NvMxdizc V:252 H:  6 F:54
					848F2A C2 20       REP #$20               A:CCAF X:0126 Y:0008 S:0124 D:0E68 DB:AF NvMxdizc V:252 H: 12 F:54
					848F2C AD 0E 00    LDA $000E     [AF000E] A:CCAF X:0126 Y:0008 S:0124 D:0E68 DB:AF Nvmxdizc V:252 H: 17 F:54
					848F2F 29 FF 00    AND #$00FF             A:0A09 X:0126 Y:0008 S:0124 D:0E68 DB:AF nvmxdizc V:252 H: 25 F:54
					848F32 0A          ASL A                  A:0009 X:0126 Y:0008 S:0124 D:0E68 DB:AF nvmxdizc V:252 H: 30 F:54
					848F33 A8          TAY                    A:0012 X:0126 Y:0008 S:0124 D:0E68 DB:AF nvmxdizc V:252 H: 33 F:54
					848F34 B1 14       LDA ($14),Y   [AFCCCA] A:0012 X:0126 Y:0012 S:0124 D:0E68 DB:AF nvmxdizc V:252 H: 36 F:54
					848F36 65 14       ADC $14       [000E7C] A:0097 X:0126 Y:0012 S:0124 D:0E68 DB:AF nvmxdizc V:252 H: 49 F:54
					848F38 85 14       STA $14       [000E7C] A:CD4F X:0126 Y:0012 S:0124 D:0E68 DB:AF Nvmxdizc V:252 H: 57 F:54
					848F3A E2 30       SEP #$30               A:CD4F X:0126 Y:0012 S:0124 D:0E68 DB:AF Nvmxdizc V:252 H: 66 F:54
					848F3C B2 14       LDA ($14)     [AFCD4F] A:CD4F X:0026 Y:0012 S:0124 D:0E68 DB:AF NvMXdizc V:252 H: 70 F:54	Skeleton start: [AFCD4F]
					848F3E 85 13       STA $13       [000E7B] A:CD11 X:0026 Y:0012 S:0124 D:0E68 DB:AF nvMXdizc V:252 H: 80 F:54
					848F40 A0 01       LDY #$01               A:CD11 X:0026 Y:0012 S:0124 D:0E68 DB:AF nvMXdizc V:252 H: 87 F:54
					848F42 B1 14       LDA ($14),Y   [AFCD50] A:CD11 X:0026 Y:0001 S:0124 D:0E68 DB:AF nvMXdizc V:252 H: 90 F:54
					848F44 85 0F       STA $0F       [000E77] A:CD00 X:0026 Y:0001 S:0124 D:0E68 DB:AF nvMXdiZc V:252 H:100 F:54
					848F46 C8          INY                    A:CD00 X:0026 Y:0001 S:0124 D:0E68 DB:AF nvMXdiZc V:252 H:106 F:54
					848F47 B1 14       LDA ($14),Y   [AFCD51] A:CD00 X:0026 Y:0002 S:0124 D:0E68 DB:AF nvMXdizc V:252 H:109 F:54
					848F49 85 17       STA $17       [000E7F] A:CD0F X:0026 Y:0002 S:0124 D:0E68 DB:AF nvMXdizc V:252 H:119 F:54
					848F4B A9 80       LDA #$80               A:CD0F X:0026 Y:0002 S:0124 D:0E68 DB:AF nvMXdizc V:252 H:126 F:54
					848F4D 04 17       TSB $17       [000E7F] A:CD80 X:0026 Y:0002 S:0124 D:0E68 DB:AF NvMXdizc V:252 H:129 F:54
					848F4F AB          PLB                    A:CD80 X:0026 Y:0002 S:0124 D:0E68 DB:AF NvMXdiZc V:252 H:149 F:54
					848F50 28          PLP                    A:CD80 X:0026 Y:0002 S:0125 D:0E68 DB:86 NvMXdizc V:252 H:155 F:54
					848F51 6B          RTL                    A:CD80 X:0026 Y:0002 S:0126 D:0E68 DB:86 nvMXdizc V:252 H:162 F:54

				83B9E2 A9 01       LDA #$01               A:CD80 X:0026 Y:0002 S:0129 D:0E68 DB:86 nvMXdizc V:252 H:172 F:54
				83B9E4 04 11       TSB $11       [000E79] A:CD01 X:0026 Y:0002 S:0129 D:0E68 DB:86 nvMXdizc V:252 H:175 F:54		E-MiscBitflag: Set bit 01
				83B9E6 64 18       STZ $18       [000E80] A:CD01 X:0026 Y:0002 S:0129 D:0E68 DB:86 nvMXdizc V:252 H:185 F:54		E-$18 = #$00
				83B9E8 28          PLP                    A:CD01 X:0026 Y:0002 S:0129 D:0E68 DB:86 nvMXdizc V:252 H:192 F:54
				83B9E9 60          RTS                    A:CD01 X:0026 Y:0002 S:012A D:0E68 DB:86 nvMXdizc V:252 H:198 F:54

			83B3FE A9 02       LDA #$02               A:CD01 X:0026 Y:0002 S:012C D:0E68 DB:86 nvMXdizc V:252 H:208 F:54			Action = #$02
			83B400 85 03       STA $03       [000E6B] A:CD02 X:0026 Y:0002 S:012C D:0E68 DB:86 nvMXdizc V:252 H:211 F:54
			83B402 22 A5 AC 84 JSL $84ACA5   [84ACA5] A:CD02 X:0026 Y:0002 S:012C D:0E68 DB:86 nvMXdizc V:252 H:218 F:54			JSL $84ACA5 --> Update Facing (40 bit)

				84ACA5 08          PHP                    A:CD02 X:0026 Y:0002 S:0129 D:0E68 DB:86 nvMXdizc V:252 H:231 F:54
				84ACA6 E2 20       SEP #$20               A:CD02 X:0026 Y:0002 S:0128 D:0E68 DB:86 nvMXdizc V:252 H:236 F:54
				84ACA8 A9 40       LDA #$40               A:CD02 X:0026 Y:0002 S:0128 D:0E68 DB:86 nvMXdizc V:252 H:241 F:54
				84ACAA 14 11       TRB $11       [000E79] A:CD40 X:0026 Y:0002 S:0128 D:0E68 DB:86 nvMXdizc V:252 H:244 F:54
				84ACAC C2 20       REP #$20               A:CD40 X:0026 Y:0002 S:0128 D:0E68 DB:86 nvMXdiZc V:252 H:254 F:54
				84ACAE AD AD 0B    LDA $0BAD     [860BAD] A:CD40 X:0026 Y:0002 S:0128 D:0E68 DB:86 nvmXdiZc V:252 H:258 F:54
				84ACB1 38          SEC                    A:141A X:0026 Y:0002 S:0128 D:0E68 DB:86 nvmXdizc V:252 H:267 F:54
				84ACB2 E5 05       SBC $05       [000E6D] A:141A X:0026 Y:0002 S:0128 D:0E68 DB:86 nvmXdizC V:252 H:270 F:54
				84ACB4 E2 20       SEP #$20               A:FF4A X:0026 Y:0002 S:0128 D:0E68 DB:86 NvmXdizc V:252 H:278 F:54
				84ACB6 A9 00       LDA #$00               A:FF4A X:0026 Y:0002 S:0128 D:0E68 DB:86 NvMXdizc V:252 H:283 F:54
				84ACB8 6A          ROR A                  A:FF00 X:0026 Y:0002 S:0128 D:0E68 DB:86 nvMXdiZc V:252 H:286 F:54
				84ACB9 4A          LSR A                  A:FF00 X:0026 Y:0002 S:0128 D:0E68 DB:86 nvMXdiZc V:252 H:289 F:54
				84ACBA 04 11       TSB $11       [000E79] A:FF00 X:0026 Y:0002 S:0128 D:0E68 DB:86 nvMXdiZc V:252 H:292 F:54
				84ACBC 28          PLP                    A:FF00 X:0026 Y:0002 S:0128 D:0E68 DB:86 nvMXdiZc V:252 H:302 F:54
				84ACBD 6B          RTL                    A:FF00 X:0026 Y:0002 S:0129 D:0E68 DB:86 nvMXdizc V:252 H:308 F:54

			83B406 C2 20       REP #$20               A:FF00 X:0026 Y:0002 S:012C D:0E68 DB:86 nvMXdizc V:252 H:319 F:54
			83B408 A9 06 05    LDA #$0506             A:FF00 X:0026 Y:0002 S:012C D:0E68 DB:86 nvmXdizc V:252 H:323 F:54			E-Y-Vel = #$0506
			83B40B 85 1C       STA $1C       [000E84] A:0506 X:0026 Y:0002 S:012C D:0E68 DB:86 nvmXdizc V:252 H:327 F:54
			83B40D 64 1A       STZ $1A       [000E82] A:0506 X:0026 Y:0002 S:012C D:0E68 DB:86 nvmXdizc V:252 H:335 F:54			E-X-Vel = #$00
			83B40F E2 20       SEP #$20               A:0506 X:0026 Y:0002 S:012C D:0E68 DB:86 nvmXdizc V:253 H:  4 F:54
			83B411 A9 FF       LDA #$FF               A:0506 X:0026 Y:0002 S:012C D:0E68 DB:86 nvMXdizc V:253 H:  8 F:54
			83B413 85 2F       STA $2F       [000E97] A:05FF X:0026 Y:0002 S:012C D:0E68 DB:86 NvMXdizc V:253 H: 11 F:54			E-Air = #$FF (In the air)
			83B415 60          RTS                    A:05FF X:0026 Y:0002 S:012C D:0E68 DB:86 NvMXdizc V:253 H: 18 F:54

		83B2ED A5 27       LDA $27       [000E8F] A:05FF X:0026 Y:0002 S:012E D:0E68 DB:86 NvMXdizc V:253 H: 28 F:54				|Break finish for normal routine
		83B2EF 85 39       STA $39       [000EA1] A:0520 X:0026 Y:0002 S:012E D:0E68 DB:86 nvMXdizc V:253 H: 34 F:54
		83B2F1 A5 35       LDA $35       [000E9D] A:0520 X:0026 Y:0002 S:012E D:0E68 DB:86 nvMXdizc V:253 H: 41 F:54
		83B2F3 04 11       TSB $11       [000E79] A:050A X:0026 Y:0002 S:012E D:0E68 DB:86 nvMXdizc V:253 H: 47 F:54
		83B2F5 A5 37       LDA $37       [000E9F] A:050A X:0026 Y:0002 S:012E D:0E68 DB:86 nvMXdizc V:253 H: 57 F:54
		83B2F7 30 08       BMI $0008     [83B301] A:0500 X:0026 Y:0002 S:012E D:0E68 DB:86 nvMXdiZc V:253 H: 64 F:54
		83B2F9 29 01       AND #$01               A:0500 X:0026 Y:0002 S:012E D:0E68 DB:86 nvMXdiZc V:253 H: 67 F:54
		83B2FB F0 0C       BEQ $000C     [83B309] A:0500 X:0026 Y:0002 S:012E D:0E68 DB:86 nvMXdiZc V:253 H: 70 F:54
		83B309 A9 0B       LDA #$0B               A:0500 X:0026 Y:0002 S:012E D:0E68 DB:86 nvMXdiZc V:253 H: 74 F:54
		83B30B 85 28       STA $28       [000E90] A:050B X:0026 Y:0002 S:012E D:0E68 DB:86 nvMXdizc V:253 H: 77 F:54
		83B30D A5 38       LDA $38       [000EA0] A:050B X:0026 Y:0002 S:012E D:0E68 DB:86 nvMXdizc V:253 H: 84 F:54
		83B30F F0 19       BEQ $0019     [83B32A] A:0500 X:0026 Y:0002 S:012E D:0E68 DB:86 nvMXdiZc V:253 H: 90 F:54
		83B32A 22 43 9B 84 JSL $849B43   [849B43] A:0500 X:0026 Y:0002 S:012E D:0E68 DB:86 nvMXdiZc V:253 H: 95 F:54				JSL $849B43 --> Check if MMXShot exists, if there isn't return with A = #$00

			849B43 C2 10       REP #$10               A:0500 X:0026 Y:0002 S:012B D:0E68 DB:86 nvMXdiZc V:253 H:108 F:54
			849B45 A5 27       LDA $27       [000E8F] A:0500 X:0026 Y:0002 S:012B D:0E68 DB:86 nvMxdiZc V:253 H:113 F:54
			849B47 29 7F       AND #$7F               A:0520 X:0026 Y:0002 S:012B D:0E68 DB:86 nvMxdizc V:253 H:119 F:54
			849B49 85 27       STA $27       [000E8F] A:0520 X:0026 Y:0002 S:012B D:0E68 DB:86 nvMxdizc V:253 H:122 F:54
			849B4B F0 2C       BEQ $002C     [849B79] A:0520 X:0026 Y:0002 S:012B D:0E68 DB:86 nvMxdizc V:253 H:129 F:54
			849B4D A5 30       LDA $30       [000E98] A:0520 X:0026 Y:0002 S:012B D:0E68 DB:86 nvMxdizc V:253 H:132 F:54
			849B4F D0 28       BNE $0028     [849B79] A:0500 X:0026 Y:0002 S:012B D:0E68 DB:86 nvMxdiZc V:253 H:148 F:54
			849B51 A5 0E       LDA $0E       [000E76] A:0500 X:0026 Y:0002 S:012B D:0E68 DB:86 nvMxdiZc V:253 H:151 F:54
			849B53 F0 24       BEQ $0024     [849B79] A:0501 X:0026 Y:0002 S:012B D:0E68 DB:86 nvMxdizc V:253 H:158 F:54
			849B55 A2 28 12    LDX #$1228             A:0501 X:0026 Y:0002 S:012B D:0E68 DB:86 nvMxdizc V:253 H:161 F:54
			849B58 E2 20       SEP #$20               A:0501 X:1228 Y:0002 S:012B D:0E68 DB:86 nvMxdizc V:253 H:165 F:54
			849B5A BD 00 00    LDA $0000,X   [861228] A:0501 X:1228 Y:0002 S:012B D:0E68 DB:86 nvMxdizc V:253 H:170 F:54
			849B5D F0 0E       BEQ $000E     [849B6D] A:0500 X:1228 Y:0002 S:012B D:0E68 DB:86 nvMxdiZc V:253 H:178 F:54
			849B6D C2 21       REP #$21               A:0500 X:1228 Y:0002 S:012B D:0E68 DB:86 nvMxdiZc V:253 H:182 F:54
			849B6F 8A          TXA                    A:0500 X:1228 Y:0002 S:012B D:0E68 DB:86 nvmxdiZc V:253 H:187 F:54
			849B70 69 40 00    ADC #$0040             A:1228 X:1228 Y:0002 S:012B D:0E68 DB:86 nvmxdizc V:253 H:190 F:54
			849B73 AA          TAX                    A:1268 X:1228 Y:0002 S:012B D:0E68 DB:86 nvmxdizc V:253 H:194 F:54
			849B74 C9 28 14    CMP #$1428             A:1268 X:1268 Y:0002 S:012B D:0E68 DB:86 nvmxdizc V:253 H:197 F:54
			849B77 90 DF       BCC $00DF     [849B58] A:1268 X:1268 Y:0002 S:012B D:0E68 DB:86 Nvmxdizc V:253 H:202 F:54
			849B58 E2 20       SEP #$20               A:1268 X:1268 Y:0002 S:012B D:0E68 DB:86 Nvmxdizc V:253 H:206 F:54
			849B5A BD 00 00    LDA $0000,X   [861268] A:1268 X:1268 Y:0002 S:012B D:0E68 DB:86 NvMxdizc V:253 H:211 F:54
			849B5D F0 0E       BEQ $000E     [849B6D] A:1200 X:1268 Y:0002 S:012B D:0E68 DB:86 nvMxdiZc V:253 H:219 F:54
			849B6D C2 21       REP #$21               A:1200 X:1268 Y:0002 S:012B D:0E68 DB:86 nvMxdiZc V:253 H:223 F:54
			849B6F 8A          TXA                    A:1200 X:1268 Y:0002 S:012B D:0E68 DB:86 nvmxdiZc V:253 H:228 F:54
			849B70 69 40 00    ADC #$0040             A:1268 X:1268 Y:0002 S:012B D:0E68 DB:86 nvmxdizc V:253 H:231 F:54
			849B73 AA          TAX                    A:12A8 X:1268 Y:0002 S:012B D:0E68 DB:86 nvmxdizc V:253 H:235 F:54
			849B74 C9 28 14    CMP #$1428             A:12A8 X:12A8 Y:0002 S:012B D:0E68 DB:86 nvmxdizc V:253 H:238 F:54
			849B77 90 DF       BCC $00DF     [849B58] A:12A8 X:12A8 Y:0002 S:012B D:0E68 DB:86 Nvmxdizc V:253 H:243 F:54
			849B58 E2 20       SEP #$20               A:12A8 X:12A8 Y:0002 S:012B D:0E68 DB:86 Nvmxdizc V:253 H:247 F:54
			849B5A BD 00 00    LDA $0000,X   [8612A8] A:12A8 X:12A8 Y:0002 S:012B D:0E68 DB:86 NvMxdizc V:253 H:252 F:54
			849B5D F0 0E       BEQ $000E     [849B6D] A:1200 X:12A8 Y:0002 S:012B D:0E68 DB:86 nvMxdiZc V:253 H:260 F:54
			849B6D C2 21       REP #$21               A:1200 X:12A8 Y:0002 S:012B D:0E68 DB:86 nvMxdiZc V:253 H:264 F:54
			849B6F 8A          TXA                    A:1200 X:12A8 Y:0002 S:012B D:0E68 DB:86 nvmxdiZc V:253 H:269 F:54
			849B70 69 40 00    ADC #$0040             A:12A8 X:12A8 Y:0002 S:012B D:0E68 DB:86 nvmxdizc V:253 H:272 F:54
			849B73 AA          TAX                    A:12E8 X:12A8 Y:0002 S:012B D:0E68 DB:86 nvmxdizc V:253 H:276 F:54
			849B74 C9 28 14    CMP #$1428             A:12E8 X:12E8 Y:0002 S:012B D:0E68 DB:86 nvmxdizc V:253 H:279 F:54
			849B77 90 DF       BCC $00DF     [849B58] A:12E8 X:12E8 Y:0002 S:012B D:0E68 DB:86 Nvmxdizc V:253 H:284 F:54
			849B58 E2 20       SEP #$20               A:12E8 X:12E8 Y:0002 S:012B D:0E68 DB:86 Nvmxdizc V:253 H:288 F:54
			849B5A BD 00 00    LDA $0000,X   [8612E8] A:12E8 X:12E8 Y:0002 S:012B D:0E68 DB:86 NvMxdizc V:253 H:293 F:54
			849B5D F0 0E       BEQ $000E     [849B6D] A:1200 X:12E8 Y:0002 S:012B D:0E68 DB:86 nvMxdiZc V:253 H:301 F:54
			849B6D C2 21       REP #$21               A:1200 X:12E8 Y:0002 S:012B D:0E68 DB:86 nvMxdiZc V:253 H:305 F:54
			849B6F 8A          TXA                    A:1200 X:12E8 Y:0002 S:012B D:0E68 DB:86 nvmxdiZc V:253 H:310 F:54
			849B70 69 40 00    ADC #$0040             A:12E8 X:12E8 Y:0002 S:012B D:0E68 DB:86 nvmxdizc V:253 H:313 F:54
			849B73 AA          TAX                    A:1328 X:12E8 Y:0002 S:012B D:0E68 DB:86 nvmxdizc V:253 H:317 F:54
			849B74 C9 28 14    CMP #$1428             A:1328 X:1328 Y:0002 S:012B D:0E68 DB:86 nvmxdizc V:253 H:320 F:54
			849B77 90 DF       BCC $00DF     [849B58] A:1328 X:1328 Y:0002 S:012B D:0E68 DB:86 Nvmxdizc V:253 H:324 F:54
			849B58 E2 20       SEP #$20               A:1328 X:1328 Y:0002 S:012B D:0E68 DB:86 Nvmxdizc V:253 H:328 F:54
			849B5A BD 00 00    LDA $0000,X   [861328] A:1328 X:1328 Y:0002 S:012B D:0E68 DB:86 NvMxdizc V:253 H:333 F:54
			849B5D F0 0E       BEQ $000E     [849B6D] A:1300 X:1328 Y:0002 S:012B D:0E68 DB:86 nvMxdiZc V:254 H:  1 F:54
			849B6D C2 21       REP #$21               A:1300 X:1328 Y:0002 S:012B D:0E68 DB:86 nvMxdiZc V:254 H:  5 F:54
			849B6F 8A          TXA                    A:1300 X:1328 Y:0002 S:012B D:0E68 DB:86 nvmxdiZc V:254 H: 10 F:54
			849B70 69 40 00    ADC #$0040             A:1328 X:1328 Y:0002 S:012B D:0E68 DB:86 nvmxdizc V:254 H: 13 F:54
			849B73 AA          TAX                    A:1368 X:1328 Y:0002 S:012B D:0E68 DB:86 nvmxdizc V:254 H: 17 F:54
			849B74 C9 28 14    CMP #$1428             A:1368 X:1368 Y:0002 S:012B D:0E68 DB:86 nvmxdizc V:254 H: 20 F:54
			849B77 90 DF       BCC $00DF     [849B58] A:1368 X:1368 Y:0002 S:012B D:0E68 DB:86 Nvmxdizc V:254 H: 25 F:54
			849B58 E2 20       SEP #$20               A:1368 X:1368 Y:0002 S:012B D:0E68 DB:86 Nvmxdizc V:254 H: 29 F:54
			849B5A BD 00 00    LDA $0000,X   [861368] A:1368 X:1368 Y:0002 S:012B D:0E68 DB:86 NvMxdizc V:254 H: 34 F:54
			849B5D F0 0E       BEQ $000E     [849B6D] A:1300 X:1368 Y:0002 S:012B D:0E68 DB:86 nvMxdiZc V:254 H: 42 F:54
			849B6D C2 21       REP #$21               A:1300 X:1368 Y:0002 S:012B D:0E68 DB:86 nvMxdiZc V:254 H: 46 F:54
			849B6F 8A          TXA                    A:1300 X:1368 Y:0002 S:012B D:0E68 DB:86 nvmxdiZc V:254 H: 51 F:54
			849B70 69 40 00    ADC #$0040             A:1368 X:1368 Y:0002 S:012B D:0E68 DB:86 nvmxdizc V:254 H: 54 F:54
			849B73 AA          TAX                    A:13A8 X:1368 Y:0002 S:012B D:0E68 DB:86 nvmxdizc V:254 H: 58 F:54
			849B74 C9 28 14    CMP #$1428             A:13A8 X:13A8 Y:0002 S:012B D:0E68 DB:86 nvmxdizc V:254 H: 61 F:54
			849B77 90 DF       BCC $00DF     [849B58] A:13A8 X:13A8 Y:0002 S:012B D:0E68 DB:86 Nvmxdizc V:254 H: 66 F:54
			849B58 E2 20       SEP #$20               A:13A8 X:13A8 Y:0002 S:012B D:0E68 DB:86 Nvmxdizc V:254 H: 70 F:54
			849B5A BD 00 00    LDA $0000,X   [8613A8] A:13A8 X:13A8 Y:0002 S:012B D:0E68 DB:86 NvMxdizc V:254 H: 75 F:54
			849B5D F0 0E       BEQ $000E     [849B6D] A:1300 X:13A8 Y:0002 S:012B D:0E68 DB:86 nvMxdiZc V:254 H: 83 F:54
			849B6D C2 21       REP #$21               A:1300 X:13A8 Y:0002 S:012B D:0E68 DB:86 nvMxdiZc V:254 H: 87 F:54
			849B6F 8A          TXA                    A:1300 X:13A8 Y:0002 S:012B D:0E68 DB:86 nvmxdiZc V:254 H: 92 F:54
			849B70 69 40 00    ADC #$0040             A:13A8 X:13A8 Y:0002 S:012B D:0E68 DB:86 nvmxdizc V:254 H: 95 F:54
			849B73 AA          TAX                    A:13E8 X:13A8 Y:0002 S:012B D:0E68 DB:86 nvmxdizc V:254 H: 99 F:54
			849B74 C9 28 14    CMP #$1428             A:13E8 X:13E8 Y:0002 S:012B D:0E68 DB:86 nvmxdizc V:254 H:102 F:54
			849B77 90 DF       BCC $00DF     [849B58] A:13E8 X:13E8 Y:0002 S:012B D:0E68 DB:86 Nvmxdizc V:254 H:107 F:54
			849B58 E2 20       SEP #$20               A:13E8 X:13E8 Y:0002 S:012B D:0E68 DB:86 Nvmxdizc V:254 H:111 F:54
			849B5A BD 00 00    LDA $0000,X   [8613E8] A:13E8 X:13E8 Y:0002 S:012B D:0E68 DB:86 NvMxdizc V:254 H:116 F:54
			849B5D F0 0E       BEQ $000E     [849B6D] A:1300 X:13E8 Y:0002 S:012B D:0E68 DB:86 nvMxdiZc V:254 H:124 F:54
			849B6D C2 21       REP #$21               A:1300 X:13E8 Y:0002 S:012B D:0E68 DB:86 nvMxdiZc V:254 H:128 F:54
			849B6F 8A          TXA                    A:1300 X:13E8 Y:0002 S:012B D:0E68 DB:86 nvmxdiZc V:254 H:133 F:54
			849B70 69 40 00    ADC #$0040             A:13E8 X:13E8 Y:0002 S:012B D:0E68 DB:86 nvmxdizc V:254 H:146 F:54
			849B73 AA          TAX                    A:1428 X:13E8 Y:0002 S:012B D:0E68 DB:86 nvmxdizc V:254 H:150 F:54
			849B74 C9 28 14    CMP #$1428             A:1428 X:1428 Y:0002 S:012B D:0E68 DB:86 nvmxdizc V:254 H:153 F:54
			849B77 90 DF       BCC $00DF     [849B58] A:1428 X:1428 Y:0002 S:012B D:0E68 DB:86 nvmxdiZC V:254 H:158 F:54
			849B79 E2 30       SEP #$30               A:1428 X:1428 Y:0002 S:012B D:0E68 DB:86 nvmxdiZC V:254 H:161 F:54
			849B7B A9 00       LDA #$00               A:1428 X:0028 Y:0002 S:012B D:0E68 DB:86 nvMXdiZC V:254 H:165 F:54
			849B7D 6B          RTL                    A:1400 X:0028 Y:0002 S:012B D:0E68 DB:86 nvMXdiZC V:254 H:168 F:54

		83B32E 50 2A       BVC $002A     [83B35A] A:1400 X:0028 Y:0002 S:012E D:0E68 DB:86 nvMXdiZC V:254 H:179 F:54				Branch because oVerflow flag is clear
		83B35A F0 6B       BEQ $006B     [83B3C7] A:1400 X:0028 Y:0002 S:012E D:0E68 DB:86 nvMXdiZC V:254 H:183 F:54				Branch because A = #$00 --> MMXShot doesn't exist
		83B3C7 22 03 9B 84 JSL $849B03   [849B03] A:1400 X:0028 Y:0002 S:012E D:0E68 DB:86 nvMXdiZC V:254 H:188 F:54				JSL $849B03 --> Various general checks

			849B03 C2 10       REP #$10               A:1400 X:0028 Y:0002 S:012B D:0E68 DB:86 nvMXdiZC V:254 H:201 F:54
			849B05 A5 27       LDA $27       [000E8F] A:1400 X:0028 Y:0002 S:012B D:0E68 DB:86 nvMxdiZC V:254 H:206 F:54
			849B07 F0 70       BEQ $0070     [849B79] A:1420 X:0028 Y:0002 S:012B D:0E68 DB:86 nvMxdizC V:254 H:212 F:54
			849B09 A5 0E       LDA $0E       [000E76] A:1420 X:0028 Y:0002 S:012B D:0E68 DB:86 nvMxdizC V:254 H:215 F:54
			849B0B F0 31       BEQ $0031     [849B3E] A:1401 X:0028 Y:0002 S:012B D:0E68 DB:86 nvMxdizC V:254 H:222 F:54
			849B0D AD 0C 1F    LDA $1F0C     [861F0C] A:1401 X:0028 Y:0002 S:012B D:0E68 DB:86 nvMxdizC V:254 H:225 F:54
			849B10 D0 2C       BNE $002C     [849B3E] A:1400 X:0028 Y:0002 S:012B D:0E68 DB:86 nvMxdiZC V:254 H:231 F:54
			849B12 AD 32 0C    LDA $0C32     [860C32] A:1400 X:0028 Y:0002 S:012B D:0E68 DB:86 nvMxdiZC V:254 H:234 F:54
			849B15 D0 11       BNE $0011     [849B28] A:1400 X:0028 Y:0002 S:012B D:0E68 DB:86 nvMxdiZC V:254 H:241 F:54
			849B17 AD 30 0C    LDA $0C30     [860C30] A:1400 X:0028 Y:0002 S:012B D:0E68 DB:86 nvMxdiZC V:254 H:244 F:54
			849B1A D0 0C       BNE $000C     [849B28] A:1400 X:0028 Y:0002 S:012B D:0E68 DB:86 nvMxdiZC V:254 H:250 F:54
			849B1C A2 A8 0B    LDX #$0BA8             A:1400 X:0028 Y:0002 S:012B D:0E68 DB:86 nvMxdiZC V:254 H:253 F:54
			849B1F 22 0E 9C 84 JSL $849C0E   [849C0E] A:1400 X:0BA8 Y:0002 S:012B D:0E68 DB:86 nvMxdizC V:254 H:258 F:54

				849C0E 5A          PHY                    A:1400 X:0BA8 Y:0002 S:0128 D:0E68 DB:86 nvMxdizC V:254 H:271 F:54
				849C0F A4 20       LDY $20       [000E88] A:1400 X:0BA8 Y:0002 S:0126 D:0E68 DB:86 nvMxdizC V:254 H:278 F:54
				849C11 D0 03       BNE $0003     [849C16] A:1400 X:0BA8 Y:C94F S:0126 D:0E68 DB:86 NvMxdizC V:254 H:287 F:54
				849C16 BC 20 00    LDY $0020,X   [860BC8] A:1400 X:0BA8 Y:C94F S:0126 D:0E68 DB:86 NvMxdizC V:254 H:291 F:54
				849C19 D0 03       BNE $0003     [849C1E] A:1400 X:0BA8 Y:A552 S:0126 D:0E68 DB:86 NvMxdizC V:254 H:301 F:54
				849C1E C2 20       REP #$20               A:1400 X:0BA8 Y:A552 S:0126 D:0E68 DB:86 NvMxdizC V:254 H:306 F:54
				849C20 DA          PHX                    A:1400 X:0BA8 Y:A552 S:0126 D:0E68 DB:86 NvmxdizC V:254 H:310 F:54
				849C21 BD 05 00    LDA $0005,X   [860BAD] A:1400 X:0BA8 Y:A552 S:0124 D:0E68 DB:86 NvmxdizC V:254 H:317 F:54
				849C24 8D 04 00    STA $0004     [860004] A:141A X:0BA8 Y:A552 S:0124 D:0E68 DB:86 nvmxdizC V:254 H:327 F:54
				849C27 BD 08 00    LDA $0008,X   [860BB0] A:141A X:0BA8 Y:A552 S:0124 D:0E68 DB:86 nvmxdizC V:254 H:335 F:54
				849C2A 8D 06 00    STA $0006     [860006] A:0A9F X:0BA8 Y:A552 S:0124 D:0E68 DB:86 nvmxdizC V:255 H:  5 F:54
				849C2D A5 05       LDA $05       [000E6D] A:0A9F X:0BA8 Y:A552 S:0124 D:0E68 DB:86 nvmxdizC V:255 H: 13 F:54
				849C2F 8D 0C 00    STA $000C     [86000C] A:14D0 X:0BA8 Y:A552 S:0124 D:0E68 DB:86 nvmxdizC V:255 H: 22 F:54
				849C32 A5 08       LDA $08       [000E70] A:14D0 X:0BA8 Y:A552 S:0124 D:0E68 DB:86 nvmxdizC V:255 H: 30 F:54
				849C34 8D 0E 00    STA $000E     [86000E] A:0A9D X:0BA8 Y:A552 S:0124 D:0E68 DB:86 nvmxdizC V:255 H: 39 F:54
				849C37 E2 20       SEP #$20               A:0A9D X:0BA8 Y:A552 S:0124 D:0E68 DB:86 nvmxdizC V:255 H: 47 F:54
				849C39 BD 11 00    LDA $0011,X   [860BB9] A:0A9D X:0BA8 Y:A552 S:0124 D:0E68 DB:86 nvMxdizC V:255 H: 52 F:54
				849C3C 8D 08 00    STA $0008     [860008] A:0A62 X:0BA8 Y:A552 S:0124 D:0E68 DB:86 nvMxdizC V:255 H: 60 F:54
				849C3F A5 11       LDA $11       [000E79] A:0A62 X:0BA8 Y:A552 S:0124 D:0E68 DB:86 nvMxdizC V:255 H: 66 F:54
				849C41 8D 09 00    STA $0009     [860009] A:0A2B X:0BA8 Y:A552 S:0124 D:0E68 DB:86 nvMxdizC V:255 H: 73 F:54
				849C44 BC 20 00    LDY $0020,X   [860BC8] A:0A2B X:0BA8 Y:A552 S:0124 D:0E68 DB:86 nvMxdizC V:255 H: 79 F:54
				849C47 A6 20       LDX $20       [000E88] A:0A2B X:0BA8 Y:A552 S:0124 D:0E68 DB:86 NvMxdizC V:255 H: 89 F:54
				849C49 0B          PHD                    A:0A2B X:C94F Y:A552 S:0124 D:0E68 DB:86 NvMxdizC V:255 H: 98 F:54
				849C4A F4 00 00    PEA $0000              A:0A2B X:C94F Y:A552 S:0122 D:0E68 DB:86 NvMxdizC V:255 H:105 F:54
				849C4D 2B          PLD                    A:0A2B X:C94F Y:A552 S:0120 D:0E68 DB:86 NvMxdizC V:255 H:113 F:54
				849C4E BD 02 00    LDA $0002,X   [86C951] A:0A2B X:C94F Y:A552 S:0122 D:0000 DB:86 nvMxdiZC V:255 H:122 F:54
				849C51 18          CLC                    A:0A10 X:C94F Y:A552 S:0122 D:0000 DB:86 nvMxdizC V:255 H:129 F:54
				849C52 79 02 00    ADC $0002,Y   [86A554] A:0A10 X:C94F Y:A552 S:0122 D:0000 DB:86 nvMxdizc V:255 H:132 F:54
				849C55 85 00       STA $00       [000000] A:0A16 X:C94F Y:A552 S:0122 D:0000 DB:86 nvMxdizc V:255 H:150 F:54
				849C57 64 01       STZ $01       [000001] A:0A16 X:C94F Y:A552 S:0122 D:0000 DB:86 nvMxdizc V:255 H:155 F:54
				849C59 BD 03 00    LDA $0003,X   [86C952] A:0A16 X:C94F Y:A552 S:0122 D:0000 DB:86 nvMxdizc V:255 H:160 F:54
				849C5C 18          CLC                    A:0A13 X:C94F Y:A552 S:0122 D:0000 DB:86 nvMxdizc V:255 H:167 F:54
				849C5D 79 03 00    ADC $0003,Y   [86A555] A:0A13 X:C94F Y:A552 S:0122 D:0000 DB:86 nvMxdizc V:255 H:170 F:54
				849C60 85 02       STA $02       [000002] A:0A21 X:C94F Y:A552 S:0122 D:0000 DB:86 nvMxdizc V:255 H:178 F:54
				849C62 64 03       STZ $03       [000003] A:0A21 X:C94F Y:A552 S:0122 D:0000 DB:86 nvMxdizc V:255 H:183 F:54
				849C64 C2 21       REP #$21               A:0A21 X:C94F Y:A552 S:0122 D:0000 DB:86 nvMxdizc V:255 H:188 F:54
				849C66 B9 00 00    LDA $0000,Y   [86A552] A:0A21 X:C94F Y:A552 S:0122 D:0000 DB:86 nvmxdizc V:255 H:192 F:54
				849C69 29 FF 00    AND #$00FF             A:FF00 X:C94F Y:A552 S:0122 D:0000 DB:86 Nvmxdizc V:255 H:201 F:54
				849C6C 89 80 00    BIT #$0080             A:0000 X:C94F Y:A552 S:0122 D:0000 DB:86 nvmxdiZc V:255 H:206 F:54
				849C6F F0 03       BEQ $0003     [849C74] A:0000 X:C94F Y:A552 S:0122 D:0000 DB:86 nvmxdiZc V:255 H:210 F:54
				849C74 24 07       BIT $07       [000007] A:0000 X:C94F Y:A552 S:0122 D:0000 DB:86 nvmxdiZc V:255 H:215 F:54
				849C76 50 04       BVC $0004     [849C7C] A:0000 X:C94F Y:A552 S:0122 D:0000 DB:86 nVmxdiZc V:255 H:222 F:54
				849C78 49 FF FF    EOR #$FFFF             A:0000 X:C94F Y:A552 S:0122 D:0000 DB:86 nVmxdiZc V:255 H:225 F:54
				849C7B 1A          INC                    A:FFFF X:C94F Y:A552 S:0122 D:0000 DB:86 NVmxdizc V:255 H:229 F:54
				849C7C 85 0A       STA $0A       [00000A] A:0000 X:C94F Y:A552 S:0122 D:0000 DB:86 nVmxdiZc V:255 H:232 F:54
				849C7E 64 10       STZ $10       [000010] A:0000 X:C94F Y:A552 S:0122 D:0000 DB:86 nVmxdiZc V:255 H:239 F:54
				849C80 BD 00 00    LDA $0000,X   [86C94F] A:0000 X:C94F Y:A552 S:0122 D:0000 DB:86 nVmxdiZc V:255 H:246 F:54
				849C83 29 FF 00    AND #$00FF             A:FF00 X:C94F Y:A552 S:0122 D:0000 DB:86 NVmxdizc V:255 H:255 F:54
				849C86 89 80 00    BIT #$0080             A:0000 X:C94F Y:A552 S:0122 D:0000 DB:86 nVmxdiZc V:255 H:260 F:54
				849C89 F0 03       BEQ $0003     [849C8E] A:0000 X:C94F Y:A552 S:0122 D:0000 DB:86 nVmxdiZc V:255 H:264 F:54
				849C8E 24 08       BIT $08       [000008] A:0000 X:C94F Y:A552 S:0122 D:0000 DB:86 nVmxdiZc V:255 H:269 F:54
				849C90 50 04       BVC $0004     [849C96] A:0000 X:C94F Y:A552 S:0122 D:0000 DB:86 nvmxdiZc V:255 H:276 F:54
				849C96 65 0C       ADC $0C       [00000C] A:0000 X:C94F Y:A552 S:0122 D:0000 DB:86 nvmxdiZc V:255 H:280 F:54
				849C98 38          SEC                    A:14D0 X:C94F Y:A552 S:0122 D:0000 DB:86 nvmxdizc V:255 H:287 F:54
				849C99 E5 04       SBC $04       [000004] A:14D0 X:C94F Y:A552 S:0122 D:0000 DB:86 nvmxdizC V:255 H:290 F:54
				849C9B 38          SEC                    A:00B6 X:C94F Y:A552 S:0122 D:0000 DB:86 nvmxdizC V:255 H:297 F:54
				849C9C E5 0A       SBC $0A       [00000A] A:00B6 X:C94F Y:A552 S:0122 D:0000 DB:86 nvmxdizC V:255 H:300 F:54
				849C9E 10 06       BPL $0006     [849CA6] A:00B6 X:C94F Y:A552 S:0122 D:0000 DB:86 nvmxdizC V:255 H:307 F:54
				849CA6 85 04       STA $04       [000004] A:00B6 X:C94F Y:A552 S:0122 D:0000 DB:86 nvmxdizC V:255 H:312 F:54
				849CA8 A5 00       LDA $00       [000000] A:00B6 X:C94F Y:A552 S:0122 D:0000 DB:86 nvmxdizC V:255 H:319 F:54
				849CAA 38          SEC                    A:0016 X:C94F Y:A552 S:0122 D:0000 DB:86 nvmxdizC V:255 H:325 F:54
				849CAB E5 04       SBC $04       [000004] A:0016 X:C94F Y:A552 S:0122 D:0000 DB:86 nvmxdizC V:255 H:328 F:54
				849CAD 1A          INC                    A:FF60 X:C94F Y:A552 S:0122 D:0000 DB:86 Nvmxdizc V:255 H:335 F:54
				849CAE 85 04       STA $04       [000004] A:FF61 X:C94F Y:A552 S:0122 D:0000 DB:86 Nvmxdizc V:255 H:338 F:54
				849CB0 24 0F       BIT $0F       [00000F] A:FF61 X:C94F Y:A552 S:0122 D:0000 DB:86 Nvmxdizc V:256 H:  5 F:54
				849CB2 30 04       BMI $0004     [849CB8] A:FF61 X:C94F Y:A552 S:0122 D:0000 DB:86 nvmxdiZc V:256 H: 12 F:54
				849CB4 49 FF FF    EOR #$FFFF             A:FF61 X:C94F Y:A552 S:0122 D:0000 DB:86 nvmxdiZc V:256 H: 15 F:54
				849CB7 1A          INC                    A:009E X:C94F Y:A552 S:0122 D:0000 DB:86 nvmxdizc V:256 H: 19 F:54
				849CB8 85 00       STA $00       [000000] A:009F X:C94F Y:A552 S:0122 D:0000 DB:86 nvmxdizc V:256 H: 22 F:54
				849CBA 90 45       BCC $0045     [849D01] A:009F X:C94F Y:A552 S:0122 D:0000 DB:86 nvmxdizc V:256 H: 29 F:54
				849D01 E2 20       SEP #$20               A:009F X:C94F Y:A552 S:0122 D:0000 DB:86 nvmxdizc V:256 H: 34 F:54
				849D03 2B          PLD                    A:009F X:C94F Y:A552 S:0122 D:0000 DB:86 nvMxdizc V:256 H: 38 F:54
				849D04 FA          PLX                    A:009F X:C94F Y:A552 S:0124 D:0E68 DB:86 nvMxdizc V:256 H: 47 F:54
				849D05 7A          PLY                    A:009F X:0BA8 Y:A552 S:0126 D:0E68 DB:86 nvMxdizc V:256 H: 55 F:54
				849D06 6B          RTL                    A:009F X:0BA8 Y:0002 S:0128 D:0E68 DB:86 nvMxdizc V:256 H: 64 F:54

			849B23 90 19       BCC $0019     [849B3E] A:009F X:0BA8 Y:0002 S:012B D:0E68 DB:86 nvMxdizc V:256 H: 74 F:54
			849B3E E2 10       SEP #$10               A:009F X:0BA8 Y:0002 S:012B D:0E68 DB:86 nvMxdizc V:256 H: 79 F:54
			849B40 A9 00       LDA #$00               A:009F X:00A8 Y:0002 S:012B D:0E68 DB:86 nvMXdizc V:256 H: 83 F:54
			849B42 6B          RTL                    A:0000 X:00A8 Y:0002 S:012B D:0E68 DB:86 nvMXdiZc V:256 H: 86 F:54

		83B3CB AD CF 0B    LDA $0BCF     [860BCF] A:0000 X:00A8 Y:0002 S:012E D:0E68 DB:86 nvMXdiZc V:256 H: 97 F:54
		83B3CE 29 7F       AND #$7F               A:0020 X:00A8 Y:0002 S:012E D:0E68 DB:86 nvMXdizc V:256 H:103 F:54
		83B3D0 D0 04       BNE $0004     [83B3D6] A:0020 X:00A8 Y:0002 S:012E D:0E68 DB:86 nvMXdizc V:256 H:106 F:54
		83B3D6 5C B4 80 82 JML $8280B4   [8280B4] A:0020 X:00A8 Y:0002 S:012E D:0E68 DB:86 nvMXdizc V:256 H:111 F:54

		8280B4 C2 20       REP #$20               A:0020 X:00A8 Y:0002 S:012E D:0E68 DB:86 nvMXdizc V:256 H:117 F:54
		8280B6 38          SEC                    A:0020 X:00A8 Y:0002 S:012E D:0E68 DB:86 nvmXdizc V:256 H:121 F:54
		8280B7 A5 05       LDA $05       [000E6D] A:0020 X:00A8 Y:0002 S:012E D:0E68 DB:86 nvmXdizC V:256 H:124 F:54
		8280B9 ED 4D 1E    SBC $1E4D     [861E4D] A:14D0 X:00A8 Y:0002 S:012E D:0E68 DB:86 nvmXdizC V:256 H:133 F:54
		8280BC 18          CLC                    A:00D0 X:00A8 Y:0002 S:012E D:0E68 DB:86 nvmXdizC V:256 H:151 F:54
		8280BD 69 20 00    ADC #$0020             A:00D0 X:00A8 Y:0002 S:012E D:0E68 DB:86 nvmXdizc V:256 H:154 F:54
		8280C0 C9 40 01    CMP #$0140             A:00F0 X:00A8 Y:0002 S:012E D:0E68 DB:86 nvmXdizc V:256 H:159 F:54
		8280C3 B0 0F       BCS $000F     [8280D4] A:00F0 X:00A8 Y:0002 S:012E D:0E68 DB:86 NvmXdizc V:256 H:163 F:54
		8280C5 38          SEC                    A:00F0 X:00A8 Y:0002 S:012E D:0E68 DB:86 NvmXdizc V:256 H:166 F:54
		8280C6 A5 08       LDA $08       [000E70] A:00F0 X:00A8 Y:0002 S:012E D:0E68 DB:86 NvmXdizC V:256 H:169 F:54
		8280C8 ED 50 1E    SBC $1E50     [861E50] A:0A9D X:00A8 Y:0002 S:012E D:0E68 DB:86 nvmXdizC V:256 H:178 F:54
		8280CB 18          CLC                    A:009D X:00A8 Y:0002 S:012E D:0E68 DB:86 nvmXdizC V:256 H:186 F:54
		8280CC 69 10 00    ADC #$0010             A:009D X:00A8 Y:0002 S:012E D:0E68 DB:86 nvmXdizc V:256 H:189 F:54
		8280CF C9 00 01    CMP #$0100             A:00AD X:00A8 Y:0002 S:012E D:0E68 DB:86 nvmXdizc V:256 H:194 F:54
		8280D2 90 05       BCC $0005     [8280D9] A:00AD X:00A8 Y:0002 S:012E D:0E68 DB:86 NvmXdizc V:256 H:198 F:54
		8280D9 E2 20       SEP #$20               A:00AD X:00A8 Y:0002 S:012E D:0E68 DB:86 NvmXdizc V:256 H:203 F:54
		8280DB A9 81       LDA #$81               A:00AD X:00A8 Y:0002 S:012E D:0E68 DB:86 NvMXdizc V:256 H:207 F:54
		8280DD 85 0E       STA $0E       [000E76] A:0081 X:00A8 Y:0002 S:012E D:0E68 DB:86 NvMXdizc V:256 H:210 F:54
		8280DF E2 30       SEP #$30               A:0081 X:00A8 Y:0002 S:012E D:0E68 DB:86 NvMXdizc V:256 H:217 F:54
		8280E1 A6 12       LDX $12       [000E7A] A:0081 X:00A8 Y:0002 S:012E D:0E68 DB:86 NvMXdizc V:256 H:221 F:54
		8280E3 10 02       BPL $0002     [8280E7] A:0081 X:0004 Y:0002 S:012E D:0E68 DB:86 nvMXdizc V:256 H:228 F:54
		8280E7 7C EA 80    JMP ($80EA,X) [8280EE] A:0081 X:0004 Y:0002 S:012E D:0E68 DB:86 nvMXdizc V:256 H:232 F:54

		828135 AD EA 00    LDA $00EA     [8600EA] A:0081 X:0004 Y:0002 S:012E D:0E68 DB:86 nvMXdizc V:256 H:241 F:54
		828138 C9 20       CMP #$20               A:0000 X:0004 Y:0002 S:012E D:0E68 DB:86 nvMXdiZc V:256 H:248 F:54
		82813A B0 0D       BCS $000D     [828149] A:0000 X:0004 Y:0002 S:012E D:0E68 DB:86 NvMXdizc V:256 H:251 F:54
		82813C 0A          ASL A                  A:0000 X:0004 Y:0002 S:012E D:0E68 DB:86 NvMXdizc V:256 H:254 F:54
		82813D AA          TAX                    A:0000 X:0004 Y:0002 S:012E D:0E68 DB:86 nvMXdiZc V:256 H:257 F:54
		82813E C2 20       REP #$20               A:0000 X:0000 Y:0002 S:012E D:0E68 DB:86 nvMXdiZc V:256 H:260 F:54
		828140 7B          TDC                    A:0000 X:0000 Y:0002 S:012E D:0E68 DB:86 nvmXdiZc V:256 H:264 F:54
		828141 9D E0 09    STA $09E0,X   [8609E0] A:0E68 X:0000 Y:0002 S:012E D:0E68 DB:86 nvmXdizc V:256 H:267 F:54
		828144 E2 20       SEP #$20               A:0E68 X:0000 Y:0002 S:012E D:0E68 DB:86 nvmXdizc V:256 H:277 F:54
		828146 EE EA 00    INC $00EA     [8600EA] A:0E68 X:0000 Y:0002 S:012E D:0E68 DB:86 nvMXdizc V:256 H:282 F:54
		828149 6B          RTL                    A:0E68 X:0000 Y:0002 S:012E D:0E68 DB:86 nvMXdizc V:256 H:292 F:54

	80FA19 60          RTS                    A:0E68 X:0000 Y:0002 S:0131 D:0E68 DB:86 nvMXdizc V:256 H:302 F:54

80D4F9 C2 21       REP #$21               A:0E68 X:0000 Y:0002 S:0133 D:0E68 DB:86 nvMXdizc V:256 H:312 F:54
