80D4F6 20 30 D5    JSR $D530     [80D530] A:0E01 X:0000 Y:009B S:0133 D:0E68 DB:86 nvMXdizC V:255 H:162 F:59

	80D530 C2 20       REP #$20               A:0E01 X:0000 Y:009B S:0131 D:0E68 DB:86 nvMXdizC V:255 H:172 F:59
	80D532 A5 05       LDA $05       [000E6D] A:0E01 X:0000 Y:009B S:0131 D:0E68 DB:86 nvmXdizC V:255 H:177 F:59
	80D534 85 22       STA $22       [000E8A] A:078D X:0000 Y:009B S:0131 D:0E68 DB:86 nvmXdizC V:255 H:185 F:59
	80D536 A5 08       LDA $08       [000E70] A:078D X:0000 Y:009B S:0131 D:0E68 DB:86 nvmXdizC V:255 H:194 F:59
	80D538 85 24       STA $24       [000E8C] A:00A8 X:0000 Y:009B S:0131 D:0E68 DB:86 nvmXdizC V:255 H:202 F:59
	80D53A E2 20       SEP #$20               A:00A8 X:0000 Y:009B S:0131 D:0E68 DB:86 nvmXdizC V:255 H:211 F:59
	80D53C A9 80       LDA #$80               A:00A8 X:0000 Y:009B S:0131 D:0E68 DB:86 nvMXdizC V:255 H:215 F:59
	80D53E 14 0E       TRB $0E       [000E76] A:0080 X:0000 Y:009B S:0131 D:0E68 DB:86 NvMXdizC V:255 H:218 F:59
	80D540 A5 0A       LDA $0A       [000E72] A:0080 X:0000 Y:009B S:0131 D:0E68 DB:86 NvMXdizC V:255 H:228 F:59
	80D542 0A          ASL A                  A:0005 X:0000 Y:009B S:0131 D:0E68 DB:86 nvMXdizC V:255 H:235 F:59
	80D543 AA          TAX                    A:000A X:0000 Y:009B S:0131 D:0E68 DB:86 nvMXdizc V:255 H:238 F:59
	80D544 7C DD F8    JMP ($F8DD,X) [80F8E7] A:000A X:000A Y:009B S:0131 D:0E68 DB:86 nvMXdizc V:255 H:241 F:59

	80F9CA 22 7E 8A 87 JSL $878A7E   [878A7E] A:000A X:000A Y:009B S:0131 D:0E68 DB:86 nvMXdizc V:255 H:250 F:59

		878A7E A6 01       LDX $01       [000E69] A:000A X:000A Y:009B S:012E D:0E68 DB:86 nvMXdizc V:255 H:263 F:59
		878A80 7C 83 8A    JMP ($8A83,X) [878A87] A:000A X:0004 Y:009B S:012E D:0E68 DB:86 nvMXdizc V:255 H:270 F:59

		878C1A A5 33       LDA $33       [000E9B] A:000A X:0004 Y:009B S:012E D:0E68 DB:86 nvMXdizc V:255 H:279 F:59
		878C1C 04 11       TSB $11       [000E79] A:0008 X:0004 Y:009B S:012E D:0E68 DB:86 nvMXdizc V:255 H:285 F:59
		878C1E A6 02       LDX $02       [000E6A] A:0008 X:0004 Y:009B S:012E D:0E68 DB:86 nvMXdizc V:255 H:295 F:59
		878C20 FC F2 8C    JSR ($8CF2,X) [878CFA] A:0008 X:0008 Y:009B S:012E D:0E68 DB:86 nvMXdizc V:255 H:302 F:59

			878FF4 22 EA 8E 84 JSL $848EEA   [848EEA] A:0008 X:0008 Y:009B S:012C D:0E68 DB:86 nvMXdizc V:255 H:315 F:59		JSL $848EEA --> Decrease CDSkel, Continue Skeleton

				848EEA 08          PHP                    A:0008 X:0008 Y:009B S:0129 D:0E68 DB:86 nvMXdizc V:255 H:327 F:59
				848EEB 8B          PHB                    A:0008 X:0008 Y:009B S:0128 D:0E68 DB:86 nvMXdizc V:255 H:332 F:59
				848EEC E2 30       SEP #$30               A:0008 X:0008 Y:009B S:0127 D:0E68 DB:86 nvMXdizc V:255 H:337 F:59
				848EEE C6 13       DEC $13       [000E7B] A:0008 X:0008 Y:009B S:0127 D:0E68 DB:86 nvMXdizc V:256 H:  2 F:59
				848EF0 D0 5D       BNE $005D     [848F4F] A:0008 X:0008 Y:009B S:0127 D:0E68 DB:86 nvMXdizc V:256 H: 12 F:59
				848F4F AB          PLB                    A:0008 X:0008 Y:009B S:0127 D:0E68 DB:86 nvMXdizc V:256 H: 16 F:59
				848F50 28          PLP                    A:0008 X:0008 Y:009B S:0128 D:0E68 DB:86 NvMXdizc V:256 H: 23 F:59
				848F51 6B          RTL                    A:0008 X:0008 Y:009B S:0129 D:0E68 DB:86 nvMXdizc V:256 H: 29 F:59

			878FF8 A5 11       LDA $11       [000E79] A:0008 X:0008 Y:009B S:012C D:0E68 DB:86 nvMXdizc V:256 H: 40 F:59
			878FFA 0A          ASL A                  A:0069 X:0008 Y:009B S:012C D:0E68 DB:86 nvMXdizc V:256 H: 46 F:59
			878FFB 0A          ASL A                  A:00D2 X:0008 Y:009B S:012C D:0E68 DB:86 NvMXdizc V:256 H: 49 F:59
			878FFC C2 20       REP #$20               A:00A4 X:0008 Y:009B S:012C D:0E68 DB:86 NvMXdizC V:256 H: 52 F:59
			878FFE A5 05       LDA $05       [000E6D] A:00A4 X:0008 Y:009B S:012C D:0E68 DB:86 NvmXdizC V:256 H: 57 F:59		|E-X-Pos = E-X-Pos + (#$02 if Facing Left, -#$02 if Facing Right)
			879000 90 04       BCC $0004     [879006] A:078D X:0008 Y:009B S:012C D:0E68 DB:86 nvmXdizC V:256 H: 65 F:59		|
			879002 3A          DEC                    A:078D X:0008 Y:009B S:012C D:0E68 DB:86 nvmXdizC V:256 H: 68 F:59		|
			879003 3A          DEC                    A:078C X:0008 Y:009B S:012C D:0E68 DB:86 nvmXdizC V:256 H: 71 F:59		|
			879004 80 02       BRA $0002     [879008] A:078B X:0008 Y:009B S:012C D:0E68 DB:86 nvmXdizC V:256 H: 74 F:59		|
			879008 85 05       STA $05       [000E6D] A:078B X:0008 Y:009B S:012C D:0E68 DB:86 nvmXdizC V:256 H: 79 F:59		|
			87900A E2 20       SEP #$20               A:078B X:0008 Y:009B S:012C D:0E68 DB:86 nvmXdizC V:256 H: 87 F:59
			87900C 22 BE 91 84 JSL $8491BE   [8491BE] A:078B X:0008 Y:009B S:012C D:0E68 DB:86 nvMXdizC V:256 H: 92 F:59		JSL $8491BE --> Check for colissions, adjust position, update Contact

				8491BE 08          PHP                    A:078B X:0008 Y:009B S:0129 D:0E68 DB:86 nvMXdizC V:256 H:105 F:59
				8491BF 0B          PHD                    A:078B X:0008 Y:009B S:0128 D:0E68 DB:86 nvMXdizC V:256 H:110 F:59
				8491C0 C2 30       REP #$30               A:078B X:0008 Y:009B S:0126 D:0E68 DB:86 nvMXdizC V:256 H:117 F:59
				8491C2 A5 20       LDA $20       [000E88] A:078B X:0008 Y:009B S:0126 D:0E68 DB:86 nvmxdizC V:256 H:122 F:59
				8491C4 F0 15       BEQ $0015     [8491DB] A:C58D X:0008 Y:009B S:0126 D:0E68 DB:86 NvmxdizC V:256 H:130 F:59
				8491C6 7B          TDC                    A:C58D X:0008 Y:009B S:0126 D:0E68 DB:86 NvmxdizC V:256 H:133 F:59
				8491C7 AA          TAX                    A:0E68 X:0008 Y:009B S:0126 D:0E68 DB:86 nvmxdizC V:256 H:146 F:59
				8491C8 A9 00 00    LDA #$0000             A:0E68 X:0E68 Y:009B S:0126 D:0E68 DB:86 nvmxdizC V:256 H:149 F:59
				8491CB 5B          TCD                    A:0000 X:0E68 Y:009B S:0126 D:0E68 DB:86 nvmxdiZC V:256 H:154 F:59
				8491CC 64 14       STZ $14       [000014] A:0000 X:0E68 Y:009B S:0126 D:0000 DB:86 nvmxdiZC V:256 H:157 F:59
				8491CE B5 2B       LDA $2B,X     [000E93] A:0000 X:0E68 Y:009B S:0126 D:0000 DB:86 nvmxdiZC V:256 H:164 F:59
				8491D0 29 00 FF    AND #$FF00             A:0004 X:0E68 Y:009B S:0126 D:0000 DB:86 nvmxdizC V:256 H:172 F:59
				8491D3 95 2B       STA $2B,X     [000E93] A:0000 X:0E68 Y:009B S:0126 D:0000 DB:86 nvmxdiZC V:256 H:177 F:59
				8491D5 20 AC 92    JSR $92AC     [8492AC] A:0000 X:0E68 Y:009B S:0126 D:0000 DB:86 nvmxdiZC V:256 H:185 F:59

				8492AC C2 30       REP #$30               A:0000 X:0E68 Y:009B S:0124 D:0000 DB:86 nvmxdiZC V:256 H:195 F:59
				8492AE B5 05       LDA $05,X     [000E6D] A:0000 X:0E68 Y:009B S:0124 D:0000 DB:86 nvmxdiZC V:256 H:200 F:59
				8492B0 38          SEC                    A:078B X:0E68 Y:009B S:0124 D:0000 DB:86 nvmxdizC V:256 H:208 F:59
				8492B1 F5 22       SBC $22,X     [000E8A] A:078B X:0E68 Y:009B S:0124 D:0000 DB:86 nvmxdizC V:256 H:211 F:59
				8492B3 85 00       STA $00       [000000] A:FFFE X:0E68 Y:009B S:0124 D:0000 DB:86 Nvmxdizc V:256 H:220 F:59
				8492B5 E2 20       SEP #$20               A:FFFE X:0E68 Y:009B S:0124 D:0000 DB:86 Nvmxdizc V:256 H:227 F:59
				8492B7 F0 4C       BEQ $004C     [849305] A:FFFE X:0E68 Y:009B S:0124 D:0000 DB:86 NvMxdizc V:256 H:231 F:59
				8492B9 B4 20       LDY $20,X     [000E88] A:FFFE X:0E68 Y:009B S:0124 D:0000 DB:86 NvMxdizc V:256 H:234 F:59
				8492BB B9 05 00    LDA $0005,Y   [86C592] A:FFFE X:0E68 Y:C58D S:0124 D:0000 DB:86 NvMxdizc V:256 H:243 F:59
				8492BE 34 11       BIT $11,X     [000E79] A:FF00 X:0E68 Y:C58D S:0124 D:0000 DB:86 nvMxdiZc V:256 H:250 F:59
				8492C0 50 03       BVC $0003     [8492C5] A:FF00 X:0E68 Y:C58D S:0124 D:0000 DB:86 nVMxdiZc V:256 H:257 F:59
				8492C2 49 FF       EOR #$FF               A:FF00 X:0E68 Y:C58D S:0124 D:0000 DB:86 nVMxdiZc V:256 H:260 F:59
				8492C4 1A          INC                    A:FFFF X:0E68 Y:C58D S:0124 D:0000 DB:86 NVMxdizc V:256 H:263 F:59
				8492C5 24 00       BIT $00       [000000] A:FF00 X:0E68 Y:C58D S:0124 D:0000 DB:86 nVMxdiZc V:256 H:266 F:59
				8492C7 10 06       BPL $0006     [8492CF] A:FF00 X:0E68 Y:C58D S:0124 D:0000 DB:86 NVMxdiZc V:256 H:271 F:59
				8492C9 38          SEC                    A:FF00 X:0E68 Y:C58D S:0124 D:0000 DB:86 NVMxdiZc V:256 H:274 F:59
				8492CA F9 07 00    SBC $0007,Y   [86C594] A:FF00 X:0E68 Y:C58D S:0124 D:0000 DB:86 NVMxdiZC V:256 H:277 F:59
				8492CD 80 04       BRA $0004     [8492D3] A:FFF4 X:0E68 Y:C58D S:0124 D:0000 DB:86 NvMxdizc V:256 H:284 F:59
				8492D3 95 29       STA $29,X     [000E91] A:FFF4 X:0E68 Y:C58D S:0124 D:0000 DB:86 NvMxdizc V:256 H:289 F:59
				8492D5 B9 06 00    LDA $0006,Y   [86C593] A:FFF4 X:0E68 Y:C58D S:0124 D:0000 DB:86 NvMxdizc V:256 H:295 F:59
				8492D8 95 2A       STA $2A,X     [000E92] A:FF02 X:0E68 Y:C58D S:0124 D:0000 DB:86 nvMxdizc V:256 H:303 F:59
				8492DA 20 15 93    JSR $9315     [849315] A:FF02 X:0E68 Y:C58D S:0124 D:0000 DB:86 nvMxdizc V:256 H:309 F:59

				849315 20 B3 90    JSR $90B3     [8490B3] A:FF02 X:0E68 Y:C58D S:0122 D:0000 DB:86 nvMxdizc V:256 H:319 F:59

				8490B3 0B          PHD                    A:FF02 X:0E68 Y:C58D S:0120 D:0000 DB:86 nvMxdizc V:256 H:328 F:59
				8490B4 DA          PHX                    A:FF02 X:0E68 Y:C58D S:011E D:0000 DB:86 nvMxdizc V:256 H:335 F:59
				8490B5 08          PHP                    A:FF02 X:0E68 Y:C58D S:011C D:0000 DB:86 nvMxdizc V:257 H:  2 F:59
				8490B6 E2 20       SEP #$20               A:FF02 X:0E68 Y:C58D S:011B D:0000 DB:86 nvMxdizc V:257 H:  7 F:59
				8490B8 C2 10       REP #$10               A:FF02 X:0E68 Y:C58D S:011B D:0000 DB:86 nvMxdizc V:257 H: 12 F:59
				8490BA 64 01       STZ $01       [000001] A:FF02 X:0E68 Y:C58D S:011B D:0000 DB:86 nvMxdizc V:257 H: 16 F:59
				8490BC B5 29       LDA $29,X     [000E91] A:FF02 X:0E68 Y:C58D S:011B D:0000 DB:86 nvMxdizc V:257 H: 21 F:59
				8490BE 10 02       BPL $0002     [8490C2] A:FFF4 X:0E68 Y:C58D S:011B D:0000 DB:86 NvMxdizc V:257 H: 28 F:59
				8490C0 C6 01       DEC $01       [000001] A:FFF4 X:0E68 Y:C58D S:011B D:0000 DB:86 NvMxdizc V:257 H: 31 F:59
				8490C2 18          CLC                    A:FFF4 X:0E68 Y:C58D S:011B D:0000 DB:86 NvMxdizc V:257 H: 39 F:59
				8490C3 75 05       ADC $05,X     [000E6D] A:FFF4 X:0E68 Y:C58D S:011B D:0000 DB:86 NvMxdizc V:257 H: 42 F:59
				8490C5 85 00       STA $00       [000000] A:FF7F X:0E68 Y:C58D S:011B D:0000 DB:86 nVMxdizC V:257 H: 49 F:59
				8490C7 B5 06       LDA $06,X     [000E6E] A:FF7F X:0E68 Y:C58D S:011B D:0000 DB:86 nVMxdizC V:257 H: 54 F:59
				8490C9 65 01       ADC $01       [000001] A:FF07 X:0E68 Y:C58D S:011B D:0000 DB:86 nVMxdizC V:257 H: 60 F:59
				8490CB 85 01       STA $01       [000001] A:FF07 X:0E68 Y:C58D S:011B D:0000 DB:86 nvMxdizC V:257 H: 65 F:59
				8490CD 64 03       STZ $03       [000003] A:FF07 X:0E68 Y:C58D S:011B D:0000 DB:86 nvMxdizC V:257 H: 70 F:59
				8490CF B5 2A       LDA $2A,X     [000E92] A:FF07 X:0E68 Y:C58D S:011B D:0000 DB:86 nvMxdizC V:257 H: 75 F:59
				8490D1 10 02       BPL $0002     [8490D5] A:FF02 X:0E68 Y:C58D S:011B D:0000 DB:86 nvMxdizC V:257 H: 82 F:59
				8490D5 18          CLC                    A:FF02 X:0E68 Y:C58D S:011B D:0000 DB:86 nvMxdizC V:257 H: 86 F:59
				8490D6 75 08       ADC $08,X     [000E70] A:FF02 X:0E68 Y:C58D S:011B D:0000 DB:86 nvMxdizc V:257 H: 89 F:59
				8490D8 85 02       STA $02       [000002] A:FFAA X:0E68 Y:C58D S:011B D:0000 DB:86 NvMxdizc V:257 H: 96 F:59
				8490DA 29 F0       AND #$F0               A:FFAA X:0E68 Y:C58D S:011B D:0000 DB:86 NvMxdizc V:257 H:101 F:59
				8490DC 85 0A       STA $0A       [00000A] A:FFA0 X:0E68 Y:C58D S:011B D:0000 DB:86 NvMxdizc V:257 H:104 F:59
				8490DE B5 09       LDA $09,X     [000E71] A:FFA0 X:0E68 Y:C58D S:011B D:0000 DB:86 NvMxdizc V:257 H:109 F:59
				8490E0 65 03       ADC $03       [000003] A:FF00 X:0E68 Y:C58D S:011B D:0000 DB:86 nvMxdiZc V:257 H:115 F:59
				8490E2 85 03       STA $03       [000003] A:FF00 X:0E68 Y:C58D S:011B D:0000 DB:86 nvMxdiZc V:257 H:120 F:59
				8490E4 85 0B       STA $0B       [00000B] A:FF00 X:0E68 Y:C58D S:011B D:0000 DB:86 nvMxdiZc V:257 H:125 F:59
				8490E6 A5 00       LDA $00       [000000] A:FF00 X:0E68 Y:C58D S:011B D:0000 DB:86 nvMxdiZc V:257 H:130 F:59
				8490E8 29 0F       AND #$0F               A:FF7F X:0E68 Y:C58D S:011B D:0000 DB:86 nvMxdizc V:257 H:145 F:59
				8490EA 1A          INC                    A:FF0F X:0E68 Y:C58D S:011B D:0000 DB:86 nvMxdizc V:257 H:148 F:59
				8490EB 85 0C       STA $0C       [00000C] A:FF10 X:0E68 Y:C58D S:011B D:0000 DB:86 nvMxdizc V:257 H:151 F:59
				8490ED A5 02       LDA $02       [000002] A:FF10 X:0E68 Y:C58D S:011B D:0000 DB:86 nvMxdizc V:257 H:156 F:59
				8490EF 29 0F       AND #$0F               A:FFAA X:0E68 Y:C58D S:011B D:0000 DB:86 NvMxdizc V:257 H:161 F:59
				8490F1 1A          INC                    A:FF0A X:0E68 Y:C58D S:011B D:0000 DB:86 nvMxdizc V:257 H:164 F:59
				8490F2 85 0E       STA $0E       [00000E] A:FF0B X:0E68 Y:C58D S:011B D:0000 DB:86 nvMxdizc V:257 H:167 F:59
				8490F4 C2 20       REP #$20               A:FF0B X:0E68 Y:C58D S:011B D:0000 DB:86 nvMxdizc V:257 H:172 F:59
				8490F6 20 6A 91    JSR $916A     [84916A] A:FF0B X:0E68 Y:C58D S:011B D:0000 DB:86 nvmxdizc V:257 H:177 F:59

				84916A A9 00 E8    LDA #$E800             A:FF0B X:0E68 Y:C58D S:0119 D:0000 DB:86 nvmxdizc V:257 H:187 F:59
				84916D 85 10       STA $10       [000010] A:E800 X:0E68 Y:C58D S:0119 D:0000 DB:86 Nvmxdizc V:257 H:191 F:59
				84916F A9 7E 00    LDA #$007E             A:E800 X:0E68 Y:C58D S:0119 D:0000 DB:86 Nvmxdizc V:257 H:198 F:59
				849172 85 12       STA $12       [000012] A:007E X:0E68 Y:C58D S:0119 D:0000 DB:86 nvmxdizc V:257 H:203 F:59
				849174 A5 02       LDA $02       [000002] A:007E X:0E68 Y:C58D S:0119 D:0000 DB:86 nvmxdizc V:257 H:210 F:59
				849176 29 F0 00    AND #$00F0             A:00AA X:0E68 Y:C58D S:0119 D:0000 DB:86 nvmxdizc V:257 H:217 F:59
				849179 0A          ASL A                  A:00A0 X:0E68 Y:C58D S:0119 D:0000 DB:86 nvmxdizc V:257 H:221 F:59
				84917A 85 04       STA $04       [000004] A:0140 X:0E68 Y:C58D S:0119 D:0000 DB:86 nvmxdizc V:257 H:224 F:59
				84917C A5 00       LDA $00       [000000] A:0140 X:0E68 Y:C58D S:0119 D:0000 DB:86 nvmxdizc V:257 H:231 F:59
				84917E 29 FF 00    AND #$00FF             A:077F X:0E68 Y:C58D S:0119 D:0000 DB:86 nvmxdizc V:257 H:238 F:59
				849181 4A          LSR A                  A:007F X:0E68 Y:C58D S:0119 D:0000 DB:86 nvmxdizc V:257 H:243 F:59
				849182 4A          LSR A                  A:003F X:0E68 Y:C58D S:0119 D:0000 DB:86 nvmxdizC V:257 H:246 F:59
				849183 4A          LSR A                  A:001F X:0E68 Y:C58D S:0119 D:0000 DB:86 nvmxdizC V:257 H:249 F:59
				849184 29 FE FF    AND #$FFFE             A:000F X:0E68 Y:C58D S:0119 D:0000 DB:86 nvmxdizC V:257 H:252 F:59
				849187 18          CLC                    A:000E X:0E68 Y:C58D S:0119 D:0000 DB:86 nvmxdizC V:257 H:256 F:59
				849188 65 04       ADC $04       [000004] A:000E X:0E68 Y:C58D S:0119 D:0000 DB:86 nvmxdizc V:257 H:259 F:59
				84918A 85 06       STA $06       [000006] A:014E X:0E68 Y:C58D S:0119 D:0000 DB:86 nvmxdizc V:257 H:266 F:59
				84918C A5 00       LDA $00       [000000] A:014E X:0E68 Y:C58D S:0119 D:0000 DB:86 nvmxdizc V:257 H:273 F:59
				84918E EB          XBA                    A:077F X:0E68 Y:C58D S:0119 D:0000 DB:86 nvmxdizc V:257 H:280 F:59
				84918F 29 1F 00    AND #$001F             A:7F07 X:0E68 Y:C58D S:0119 D:0000 DB:86 nvmxdizc V:257 H:285 F:59
				849192 85 04       STA $04       [000004] A:0007 X:0E68 Y:C58D S:0119 D:0000 DB:86 nvmxdizc V:257 H:289 F:59
				849194 A5 02       LDA $02       [000002] A:0007 X:0E68 Y:C58D S:0119 D:0000 DB:86 nvmxdizc V:257 H:296 F:59
				849196 29 00 1F    AND #$1F00             A:00AA X:0E68 Y:C58D S:0119 D:0000 DB:86 nvmxdizc V:257 H:303 F:59
				849199 4A          LSR A                  A:0000 X:0E68 Y:C58D S:0119 D:0000 DB:86 nvmxdiZc V:257 H:308 F:59
				84919A 4A          LSR A                  A:0000 X:0E68 Y:C58D S:0119 D:0000 DB:86 nvmxdiZc V:257 H:311 F:59
				84919B 4A          LSR A                  A:0000 X:0E68 Y:C58D S:0119 D:0000 DB:86 nvmxdiZc V:257 H:314 F:59
				84919C 18          CLC                    A:0000 X:0E68 Y:C58D S:0119 D:0000 DB:86 nvmxdiZc V:257 H:317 F:59
				84919D 65 04       ADC $04       [000004] A:0000 X:0E68 Y:C58D S:0119 D:0000 DB:86 nvmxdiZc V:257 H:320 F:59
				84919F A8          TAY                    A:0007 X:0E68 Y:C58D S:0119 D:0000 DB:86 nvmxdizc V:257 H:326 F:59
				8491A0 B7 10       LDA [$10],Y   [7EE807] A:0007 X:0E68 Y:0007 S:0119 D:0000 DB:86 nvmxdizc V:257 H:329 F:59
				8491A2 29 FF 00    AND #$00FF             A:0003 X:0E68 Y:0007 S:0119 D:0000 DB:86 nvmxdizc V:258 H:  2 F:59
				8491A5 A8          TAY                    A:0003 X:0E68 Y:0007 S:0119 D:0000 DB:86 nvmxdizc V:258 H:  6 F:59
				8491A6 EB          XBA                    A:0003 X:0E68 Y:0003 S:0119 D:0000 DB:86 nvmxdizc V:258 H:  9 F:59
				8491A7 0A          ASL A                  A:0300 X:0E68 Y:0003 S:0119 D:0000 DB:86 nvmxdiZc V:258 H: 14 F:59
				8491A8 18          CLC                    A:0600 X:0E68 Y:0003 S:0119 D:0000 DB:86 nvmxdizc V:258 H: 17 F:59
				8491A9 65 06       ADC $06       [000006] A:0600 X:0E68 Y:0003 S:0119 D:0000 DB:86 nvmxdizc V:258 H: 20 F:59
				8491AB AA          TAX                    A:074E X:0E68 Y:0003 S:0119 D:0000 DB:86 nvmxdizc V:258 H: 27 F:59
				8491AC 60          RTS                    A:074E X:074E Y:0003 S:0119 D:0000 DB:86 nvmxdizc V:258 H: 30 F:59

				8490F9 BF 00 20 7E LDA $7E2000,X [7E274E] A:074E X:074E Y:0003 S:011B D:0000 DB:86 nvmxdizc V:258 H: 40 F:59
				8490FD A8          TAY                    A:027E X:074E Y:0003 S:011B D:0000 DB:86 nvmxdizc V:258 H: 50 F:59
				8490FE AD 92 0B    LDA $0B92     [860B92] A:027E X:074E Y:027E S:011B D:0000 DB:86 nvmxdizc V:258 H: 53 F:59
				849101 85 10       STA $10       [000010] A:F0A5 X:074E Y:027E S:011B D:0000 DB:86 Nvmxdizc V:258 H: 61 F:59
				849103 AD 94 0B    LDA $0B94     [860B94] A:F0A5 X:074E Y:027E S:011B D:0000 DB:86 Nvmxdizc V:258 H: 68 F:59
				849106 85 12       STA $12       [000012] A:6895 X:074E Y:027E S:011B D:0000 DB:86 nvmxdizc V:258 H: 77 F:59
				849108 B7 10       LDA [$10],Y   [95F323] A:6895 X:074E Y:027E S:011B D:0000 DB:86 nvmxdizc V:258 H: 84 F:59
				84910A 29 FF 00    AND #$00FF             A:0000 X:074E Y:027E S:011B D:0000 DB:86 nvmxdiZc V:258 H: 96 F:59
				84910D 28          PLP                    A:0000 X:074E Y:027E S:011B D:0000 DB:86 nvmxdiZc V:258 H:100 F:59
				84910E FA          PLX                    A:0000 X:074E Y:027E S:011C D:0000 DB:86 nvMxdizc V:258 H:107 F:59
				84910F 2B          PLD                    A:0000 X:0E68 Y:027E S:011E D:0000 DB:86 nvMxdizc V:258 H:115 F:59
				849110 60          RTS                    A:0000 X:0E68 Y:027E S:0120 D:0000 DB:86 nvMxdiZc V:258 H:124 F:59

				849318 B4 05       LDY $05,X     [000E6D] A:0000 X:0E68 Y:027E S:0122 D:0000 DB:86 nvMxdiZc V:258 H:134 F:59
				84931A 84 10       STY $10       [000010] A:0000 X:0E68 Y:078B S:0122 D:0000 DB:86 nvMxdizc V:258 H:152 F:59
				84931C B4 08       LDY $08,X     [000E70] A:0000 X:0E68 Y:078B S:0122 D:0000 DB:86 nvMxdizc V:258 H:159 F:59
				84931E 84 12       STY $12       [000012] A:0000 X:0E68 Y:00A8 S:0122 D:0000 DB:86 nvMxdizc V:258 H:168 F:59
				849320 95 2D       STA $2D,X     [000E95] A:0000 X:0E68 Y:00A8 S:0122 D:0000 DB:86 nvMxdizc V:258 H:175 F:59
				849322 86 2C       STX $2C       [00002C] A:0000 X:0E68 Y:00A8 S:0122 D:0000 DB:86 nvMxdizc V:258 H:181 F:59
				849324 29 3F       AND #$3F               A:0000 X:0E68 Y:00A8 S:0122 D:0000 DB:86 nvMxdizc V:258 H:188 F:59
				849326 0A          ASL A                  A:0000 X:0E68 Y:00A8 S:0122 D:0000 DB:86 nvMxdiZc V:258 H:191 F:59
				849327 EB          XBA                    A:0000 X:0E68 Y:00A8 S:0122 D:0000 DB:86 nvMxdiZc V:258 H:194 F:59
				849328 A9 00       LDA #$00               A:0000 X:0E68 Y:00A8 S:0122 D:0000 DB:86 nvMxdiZc V:258 H:199 F:59
				84932A EB          XBA                    A:0000 X:0E68 Y:00A8 S:0122 D:0000 DB:86 nvMxdiZc V:258 H:202 F:59
				84932B AA          TAX                    A:0000 X:0E68 Y:00A8 S:0122 D:0000 DB:86 nvMxdiZc V:258 H:206 F:59
				84932C FC 5D 93    JSR ($935D,X) [84935D] A:0000 X:0000 Y:00A8 S:0122 D:0000 DB:86 nvMxdiZc V:258 H:209 F:59

				84977A A9 00       LDA #$00               A:0000 X:0000 Y:00A8 S:0120 D:0000 DB:86 nvMxdiZc V:258 H:222 F:59
				84977C 60          RTS                    A:0000 X:0000 Y:00A8 S:0120 D:0000 DB:86 nvMxdiZc V:258 H:225 F:59

				84932F 08          PHP                    A:0000 X:0000 Y:00A8 S:0122 D:0000 DB:86 nvMxdiZc V:258 H:235 F:59
				849330 A6 2C       LDX $2C       [00002C] A:0000 X:0000 Y:00A8 S:0121 D:0000 DB:86 nvMxdiZc V:258 H:240 F:59
				849332 A9 01       LDA #$01               A:0000 X:0E68 Y:00A8 S:0121 D:0000 DB:86 nvMxdizc V:258 H:247 F:59
				849334 34 29       BIT $29,X     [000E91] A:0001 X:0E68 Y:00A8 S:0121 D:0000 DB:86 nvMxdizc V:258 H:250 F:59
				849336 10 02       BPL $0002     [84933A] A:0001 X:0E68 Y:00A8 S:0121 D:0000 DB:86 NVMxdiZc V:258 H:257 F:59
				849338 A9 02       LDA #$02               A:0001 X:0E68 Y:00A8 S:0121 D:0000 DB:86 NVMxdiZc V:258 H:260 F:59
				84933A 28          PLP                    A:0002 X:0E68 Y:00A8 S:0121 D:0000 DB:86 nVMxdizc V:258 H:263 F:59
				84933B F0 0C       BEQ $000C     [849349] A:0002 X:0E68 Y:00A8 S:0122 D:0000 DB:86 nvMxdiZc V:258 H:269 F:59
				849349 49 FF       EOR #$FF               A:0002 X:0E68 Y:00A8 S:0122 D:0000 DB:86 nvMxdiZc V:258 H:274 F:59
				84934B 35 2B       AND $2B,X     [000E93] A:00FD X:0E68 Y:00A8 S:0122 D:0000 DB:86 NvMxdizc V:258 H:277 F:59
				84934D 95 2B       STA $2B,X     [000E93] A:0000 X:0E68 Y:00A8 S:0122 D:0000 DB:86 nvMxdiZc V:258 H:283 F:59
				84934F 20 08 93    JSR $9308     [849308] A:0000 X:0E68 Y:00A8 S:0122 D:0000 DB:86 nvMxdiZc V:258 H:290 F:59

				849308 A5 14       LDA $14       [000014] A:0000 X:0E68 Y:00A8 S:0120 D:0000 DB:86 nvMxdiZc V:258 H:300 F:59
				84930A F0 08       BEQ $0008     [849314] A:0000 X:0E68 Y:00A8 S:0120 D:0000 DB:86 nvMxdiZc V:258 H:305 F:59
				849314 60          RTS                    A:0000 X:0E68 Y:00A8 S:0120 D:0000 DB:86 nvMxdiZc V:258 H:309 F:59

				849352 A9 00       LDA #$00               A:0000 X:0E68 Y:00A8 S:0122 D:0000 DB:86 nvMxdiZc V:258 H:319 F:59
				849354 60          RTS                    A:0000 X:0E68 Y:00A8 S:0122 D:0000 DB:86 nvMxdiZc V:258 H:322 F:59

				8492DD D0 26       BNE $0026     [849305] A:0000 X:0E68 Y:00A8 S:0124 D:0000 DB:86 nvMxdiZc V:258 H:331 F:59
				8492DF B4 20       LDY $20,X     [000E88] A:0000 X:0E68 Y:00A8 S:0124 D:0000 DB:86 nvMxdiZc V:258 H:334 F:59
				8492E1 B9 06 00    LDA $0006,Y   [86C593] A:0000 X:0E68 Y:C58D S:0124 D:0000 DB:86 NvMxdizc V:259 H:  3 F:59
				8492E4 38          SEC                    A:0002 X:0E68 Y:C58D S:0124 D:0000 DB:86 nvMxdizc V:259 H: 10 F:59
				8492E5 F9 08 00    SBC $0008,Y   [86C595] A:0002 X:0E68 Y:C58D S:0124 D:0000 DB:86 nvMxdizC V:259 H: 13 F:59
				8492E8 18          CLC                    A:00ED X:0E68 Y:C58D S:0124 D:0000 DB:86 NvMxdizc V:259 H: 21 F:59
				8492E9 79 09 00    ADC $0009,Y   [86C596] A:00ED X:0E68 Y:C58D S:0124 D:0000 DB:86 NvMxdizc V:259 H: 24 F:59
				8492EC 95 2A       STA $2A,X     [000E92] A:00F9 X:0E68 Y:C58D S:0124 D:0000 DB:86 NvMxdizc V:259 H: 31 F:59
				8492EE 20 15 93    JSR $9315     [849315] A:00F9 X:0E68 Y:C58D S:0124 D:0000 DB:86 NvMxdizc V:259 H: 38 F:59

				849315 20 B3 90    JSR $90B3     [8490B3] A:00F9 X:0E68 Y:C58D S:0122 D:0000 DB:86 NvMxdizc V:259 H: 48 F:59

				8490B3 0B          PHD                    A:00F9 X:0E68 Y:C58D S:0120 D:0000 DB:86 NvMxdizc V:259 H: 58 F:59
				8490B4 DA          PHX                    A:00F9 X:0E68 Y:C58D S:011E D:0000 DB:86 NvMxdizc V:259 H: 65 F:59
				8490B5 08          PHP                    A:00F9 X:0E68 Y:C58D S:011C D:0000 DB:86 NvMxdizc V:259 H: 72 F:59
				8490B6 E2 20       SEP #$20               A:00F9 X:0E68 Y:C58D S:011B D:0000 DB:86 NvMxdizc V:259 H: 77 F:59
				8490B8 C2 10       REP #$10               A:00F9 X:0E68 Y:C58D S:011B D:0000 DB:86 NvMxdizc V:259 H: 81 F:59
				8490BA 64 01       STZ $01       [000001] A:00F9 X:0E68 Y:C58D S:011B D:0000 DB:86 NvMxdizc V:259 H: 86 F:59
				8490BC B5 29       LDA $29,X     [000E91] A:00F9 X:0E68 Y:C58D S:011B D:0000 DB:86 NvMxdizc V:259 H: 91 F:59
				8490BE 10 02       BPL $0002     [8490C2] A:00F4 X:0E68 Y:C58D S:011B D:0000 DB:86 NvMxdizc V:259 H: 97 F:59
				8490C0 C6 01       DEC $01       [000001] A:00F4 X:0E68 Y:C58D S:011B D:0000 DB:86 NvMxdizc V:259 H:100 F:59
				8490C2 18          CLC                    A:00F4 X:0E68 Y:C58D S:011B D:0000 DB:86 NvMxdizc V:259 H:109 F:59
				8490C3 75 05       ADC $05,X     [000E6D] A:00F4 X:0E68 Y:C58D S:011B D:0000 DB:86 NvMxdizc V:259 H:112 F:59
				8490C5 85 00       STA $00       [000000] A:007F X:0E68 Y:C58D S:011B D:0000 DB:86 nVMxdizC V:259 H:118 F:59
				8490C7 B5 06       LDA $06,X     [000E6E] A:007F X:0E68 Y:C58D S:011B D:0000 DB:86 nVMxdizC V:259 H:123 F:59
				8490C9 65 01       ADC $01       [000001] A:0007 X:0E68 Y:C58D S:011B D:0000 DB:86 nVMxdizC V:259 H:130 F:59
				8490CB 85 01       STA $01       [000001] A:0007 X:0E68 Y:C58D S:011B D:0000 DB:86 nvMxdizC V:259 H:145 F:59
				8490CD 64 03       STZ $03       [000003] A:0007 X:0E68 Y:C58D S:011B D:0000 DB:86 nvMxdizC V:259 H:150 F:59
				8490CF B5 2A       LDA $2A,X     [000E92] A:0007 X:0E68 Y:C58D S:011B D:0000 DB:86 nvMxdizC V:259 H:155 F:59
				8490D1 10 02       BPL $0002     [8490D5] A:00F9 X:0E68 Y:C58D S:011B D:0000 DB:86 NvMxdizC V:259 H:161 F:59
				8490D3 C6 03       DEC $03       [000003] A:00F9 X:0E68 Y:C58D S:011B D:0000 DB:86 NvMxdizC V:259 H:164 F:59
				8490D5 18          CLC                    A:00F9 X:0E68 Y:C58D S:011B D:0000 DB:86 NvMxdizC V:259 H:173 F:59
				8490D6 75 08       ADC $08,X     [000E70] A:00F9 X:0E68 Y:C58D S:011B D:0000 DB:86 NvMxdizc V:259 H:176 F:59
				8490D8 85 02       STA $02       [000002] A:00A1 X:0E68 Y:C58D S:011B D:0000 DB:86 NvMxdizC V:259 H:182 F:59
				8490DA 29 F0       AND #$F0               A:00A1 X:0E68 Y:C58D S:011B D:0000 DB:86 NvMxdizC V:259 H:187 F:59
				8490DC 85 0A       STA $0A       [00000A] A:00A0 X:0E68 Y:C58D S:011B D:0000 DB:86 NvMxdizC V:259 H:190 F:59
				8490DE B5 09       LDA $09,X     [000E71] A:00A0 X:0E68 Y:C58D S:011B D:0000 DB:86 NvMxdizC V:259 H:195 F:59
				8490E0 65 03       ADC $03       [000003] A:0000 X:0E68 Y:C58D S:011B D:0000 DB:86 nvMxdiZC V:259 H:202 F:59
				8490E2 85 03       STA $03       [000003] A:0000 X:0E68 Y:C58D S:011B D:0000 DB:86 nvMxdiZC V:259 H:207 F:59
				8490E4 85 0B       STA $0B       [00000B] A:0000 X:0E68 Y:C58D S:011B D:0000 DB:86 nvMxdiZC V:259 H:212 F:59
				8490E6 A5 00       LDA $00       [000000] A:0000 X:0E68 Y:C58D S:011B D:0000 DB:86 nvMxdiZC V:259 H:217 F:59
				8490E8 29 0F       AND #$0F               A:007F X:0E68 Y:C58D S:011B D:0000 DB:86 nvMxdizC V:259 H:222 F:59
				8490EA 1A          INC                    A:000F X:0E68 Y:C58D S:011B D:0000 DB:86 nvMxdizC V:259 H:225 F:59
				8490EB 85 0C       STA $0C       [00000C] A:0010 X:0E68 Y:C58D S:011B D:0000 DB:86 nvMxdizC V:259 H:228 F:59
				8490ED A5 02       LDA $02       [000002] A:0010 X:0E68 Y:C58D S:011B D:0000 DB:86 nvMxdizC V:259 H:233 F:59
				8490EF 29 0F       AND #$0F               A:00A1 X:0E68 Y:C58D S:011B D:0000 DB:86 NvMxdizC V:259 H:238 F:59
				8490F1 1A          INC                    A:0001 X:0E68 Y:C58D S:011B D:0000 DB:86 nvMxdizC V:259 H:241 F:59
				8490F2 85 0E       STA $0E       [00000E] A:0002 X:0E68 Y:C58D S:011B D:0000 DB:86 nvMxdizC V:259 H:244 F:59
				8490F4 C2 20       REP #$20               A:0002 X:0E68 Y:C58D S:011B D:0000 DB:86 nvMxdizC V:259 H:249 F:59
				8490F6 20 6A 91    JSR $916A     [84916A] A:0002 X:0E68 Y:C58D S:011B D:0000 DB:86 nvmxdizC V:259 H:253 F:59

				84916A A9 00 E8    LDA #$E800             A:0002 X:0E68 Y:C58D S:0119 D:0000 DB:86 nvmxdizC V:259 H:263 F:59
				84916D 85 10       STA $10       [000010] A:E800 X:0E68 Y:C58D S:0119 D:0000 DB:86 NvmxdizC V:259 H:268 F:59
				84916F A9 7E 00    LDA #$007E             A:E800 X:0E68 Y:C58D S:0119 D:0000 DB:86 NvmxdizC V:259 H:275 F:59
				849172 85 12       STA $12       [000012] A:007E X:0E68 Y:C58D S:0119 D:0000 DB:86 nvmxdizC V:259 H:279 F:59
				849174 A5 02       LDA $02       [000002] A:007E X:0E68 Y:C58D S:0119 D:0000 DB:86 nvmxdizC V:259 H:286 F:59
				849176 29 F0 00    AND #$00F0             A:00A1 X:0E68 Y:C58D S:0119 D:0000 DB:86 nvmxdizC V:259 H:293 F:59
				849179 0A          ASL A                  A:00A0 X:0E68 Y:C58D S:0119 D:0000 DB:86 nvmxdizC V:259 H:298 F:59
				84917A 85 04       STA $04       [000004] A:0140 X:0E68 Y:C58D S:0119 D:0000 DB:86 nvmxdizc V:259 H:301 F:59
				84917C A5 00       LDA $00       [000000] A:0140 X:0E68 Y:C58D S:0119 D:0000 DB:86 nvmxdizc V:259 H:308 F:59
				84917E 29 FF 00    AND #$00FF             A:077F X:0E68 Y:C58D S:0119 D:0000 DB:86 nvmxdizc V:259 H:315 F:59
				849181 4A          LSR A                  A:007F X:0E68 Y:C58D S:0119 D:0000 DB:86 nvmxdizc V:259 H:319 F:59
				849182 4A          LSR A                  A:003F X:0E68 Y:C58D S:0119 D:0000 DB:86 nvmxdizC V:259 H:322 F:59
				849183 4A          LSR A                  A:001F X:0E68 Y:C58D S:0119 D:0000 DB:86 nvmxdizC V:259 H:325 F:59
				849184 29 FE FF    AND #$FFFE             A:000F X:0E68 Y:C58D S:0119 D:0000 DB:86 nvmxdizC V:259 H:327 F:59
				849187 18          CLC                    A:000E X:0E68 Y:C58D S:0119 D:0000 DB:86 nvmxdizC V:259 H:332 F:59
				849188 65 04       ADC $04       [000004] A:000E X:0E68 Y:C58D S:0119 D:0000 DB:86 nvmxdizc V:259 H:335 F:59
				84918A 85 06       STA $06       [000006] A:014E X:0E68 Y:C58D S:0119 D:0000 DB:86 nvmxdizc V:260 H:  2 F:59
				84918C A5 00       LDA $00       [000000] A:014E X:0E68 Y:C58D S:0119 D:0000 DB:86 nvmxdizc V:260 H:  9 F:59
				84918E EB          XBA                    A:077F X:0E68 Y:C58D S:0119 D:0000 DB:86 nvmxdizc V:260 H: 16 F:59
				84918F 29 1F 00    AND #$001F             A:7F07 X:0E68 Y:C58D S:0119 D:0000 DB:86 nvmxdizc V:260 H: 20 F:59
				849192 85 04       STA $04       [000004] A:0007 X:0E68 Y:C58D S:0119 D:0000 DB:86 nvmxdizc V:260 H: 25 F:59
				849194 A5 02       LDA $02       [000002] A:0007 X:0E68 Y:C58D S:0119 D:0000 DB:86 nvmxdizc V:260 H: 32 F:59
				849196 29 00 1F    AND #$1F00             A:00A1 X:0E68 Y:C58D S:0119 D:0000 DB:86 nvmxdizc V:260 H: 39 F:59
				849199 4A          LSR A                  A:0000 X:0E68 Y:C58D S:0119 D:0000 DB:86 nvmxdiZc V:260 H: 43 F:59
				84919A 4A          LSR A                  A:0000 X:0E68 Y:C58D S:0119 D:0000 DB:86 nvmxdiZc V:260 H: 46 F:59
				84919B 4A          LSR A                  A:0000 X:0E68 Y:C58D S:0119 D:0000 DB:86 nvmxdiZc V:260 H: 49 F:59
				84919C 18          CLC                    A:0000 X:0E68 Y:C58D S:0119 D:0000 DB:86 nvmxdiZc V:260 H: 52 F:59
				84919D 65 04       ADC $04       [000004] A:0000 X:0E68 Y:C58D S:0119 D:0000 DB:86 nvmxdiZc V:260 H: 55 F:59
				84919F A8          TAY                    A:0007 X:0E68 Y:C58D S:0119 D:0000 DB:86 nvmxdizc V:260 H: 62 F:59
				8491A0 B7 10       LDA [$10],Y   [7EE807] A:0007 X:0E68 Y:0007 S:0119 D:0000 DB:86 nvmxdizc V:260 H: 65 F:59
				8491A2 29 FF 00    AND #$00FF             A:0003 X:0E68 Y:0007 S:0119 D:0000 DB:86 nvmxdizc V:260 H: 78 F:59
				8491A5 A8          TAY                    A:0003 X:0E68 Y:0007 S:0119 D:0000 DB:86 nvmxdizc V:260 H: 83 F:59
				8491A6 EB          XBA                    A:0003 X:0E68 Y:0003 S:0119 D:0000 DB:86 nvmxdizc V:260 H: 86 F:59
				8491A7 0A          ASL A                  A:0300 X:0E68 Y:0003 S:0119 D:0000 DB:86 nvmxdiZc V:260 H: 90 F:59
				8491A8 18          CLC                    A:0600 X:0E68 Y:0003 S:0119 D:0000 DB:86 nvmxdizc V:260 H: 93 F:59
				8491A9 65 06       ADC $06       [000006] A:0600 X:0E68 Y:0003 S:0119 D:0000 DB:86 nvmxdizc V:260 H: 96 F:59
				8491AB AA          TAX                    A:074E X:0E68 Y:0003 S:0119 D:0000 DB:86 nvmxdizc V:260 H:103 F:59
				8491AC 60          RTS                    A:074E X:074E Y:0003 S:0119 D:0000 DB:86 nvmxdizc V:260 H:106 F:59

				8490F9 BF 00 20 7E LDA $7E2000,X [7E274E] A:074E X:074E Y:0003 S:011B D:0000 DB:86 nvmxdizc V:260 H:116 F:59
				8490FD A8          TAY                    A:027E X:074E Y:0003 S:011B D:0000 DB:86 nvmxdizc V:260 H:126 F:59
				8490FE AD 92 0B    LDA $0B92     [860B92] A:027E X:074E Y:027E S:011B D:0000 DB:86 nvmxdizc V:260 H:129 F:59
				849101 85 10       STA $10       [000010] A:F0A5 X:074E Y:027E S:011B D:0000 DB:86 Nvmxdizc V:260 H:148 F:59
				849103 AD 94 0B    LDA $0B94     [860B94] A:F0A5 X:074E Y:027E S:011B D:0000 DB:86 Nvmxdizc V:260 H:155 F:59
				849106 85 12       STA $12       [000012] A:6895 X:074E Y:027E S:011B D:0000 DB:86 nvmxdizc V:260 H:163 F:59
				849108 B7 10       LDA [$10],Y   [95F323] A:6895 X:074E Y:027E S:011B D:0000 DB:86 nvmxdizc V:260 H:170 F:59
				84910A 29 FF 00    AND #$00FF             A:0000 X:074E Y:027E S:011B D:0000 DB:86 nvmxdiZc V:260 H:182 F:59
				84910D 28          PLP                    A:0000 X:074E Y:027E S:011B D:0000 DB:86 nvmxdiZc V:260 H:187 F:59
				84910E FA          PLX                    A:0000 X:074E Y:027E S:011C D:0000 DB:86 NvMxdizc V:260 H:193 F:59
				84910F 2B          PLD                    A:0000 X:0E68 Y:027E S:011E D:0000 DB:86 nvMxdizc V:260 H:202 F:59
				849110 60          RTS                    A:0000 X:0E68 Y:027E S:0120 D:0000 DB:86 nvMxdiZc V:260 H:210 F:59

				849318 B4 05       LDY $05,X     [000E6D] A:0000 X:0E68 Y:027E S:0122 D:0000 DB:86 nvMxdiZc V:260 H:220 F:59
				84931A 84 10       STY $10       [000010] A:0000 X:0E68 Y:078B S:0122 D:0000 DB:86 nvMxdizc V:260 H:229 F:59
				84931C B4 08       LDY $08,X     [000E70] A:0000 X:0E68 Y:078B S:0122 D:0000 DB:86 nvMxdizc V:260 H:236 F:59
				84931E 84 12       STY $12       [000012] A:0000 X:0E68 Y:00A8 S:0122 D:0000 DB:86 nvMxdizc V:260 H:244 F:59
				849320 95 2D       STA $2D,X     [000E95] A:0000 X:0E68 Y:00A8 S:0122 D:0000 DB:86 nvMxdizc V:260 H:251 F:59
				849322 86 2C       STX $2C       [00002C] A:0000 X:0E68 Y:00A8 S:0122 D:0000 DB:86 nvMxdizc V:260 H:258 F:59
				849324 29 3F       AND #$3F               A:0000 X:0E68 Y:00A8 S:0122 D:0000 DB:86 nvMxdizc V:260 H:265 F:59
				849326 0A          ASL A                  A:0000 X:0E68 Y:00A8 S:0122 D:0000 DB:86 nvMxdiZc V:260 H:268 F:59
				849327 EB          XBA                    A:0000 X:0E68 Y:00A8 S:0122 D:0000 DB:86 nvMxdiZc V:260 H:271 F:59
				849328 A9 00       LDA #$00               A:0000 X:0E68 Y:00A8 S:0122 D:0000 DB:86 nvMxdiZc V:260 H:275 F:59
				84932A EB          XBA                    A:0000 X:0E68 Y:00A8 S:0122 D:0000 DB:86 nvMxdiZc V:260 H:278 F:59
				84932B AA          TAX                    A:0000 X:0E68 Y:00A8 S:0122 D:0000 DB:86 nvMxdiZc V:260 H:283 F:59
				84932C FC 5D 93    JSR ($935D,X) [84935D] A:0000 X:0000 Y:00A8 S:0122 D:0000 DB:86 nvMxdiZc V:260 H:286 F:59

				84977A A9 00       LDA #$00               A:0000 X:0000 Y:00A8 S:0120 D:0000 DB:86 nvMxdiZc V:260 H:299 F:59
				84977C 60          RTS                    A:0000 X:0000 Y:00A8 S:0120 D:0000 DB:86 nvMxdiZc V:260 H:302 F:59

				84932F 08          PHP                    A:0000 X:0000 Y:00A8 S:0122 D:0000 DB:86 nvMxdiZc V:260 H:312 F:59
				849330 A6 2C       LDX $2C       [00002C] A:0000 X:0000 Y:00A8 S:0121 D:0000 DB:86 nvMxdiZc V:260 H:317 F:59
				849332 A9 01       LDA #$01               A:0000 X:0E68 Y:00A8 S:0121 D:0000 DB:86 nvMxdizc V:260 H:323 F:59
				849334 34 29       BIT $29,X     [000E91] A:0001 X:0E68 Y:00A8 S:0121 D:0000 DB:86 nvMxdizc V:260 H:326 F:59
				849336 10 02       BPL $0002     [84933A] A:0001 X:0E68 Y:00A8 S:0121 D:0000 DB:86 NVMxdiZc V:260 H:332 F:59
				849338 A9 02       LDA #$02               A:0001 X:0E68 Y:00A8 S:0121 D:0000 DB:86 NVMxdiZc V:260 H:335 F:59
				84933A 28          PLP                    A:0002 X:0E68 Y:00A8 S:0121 D:0000 DB:86 nVMxdizc V:260 H:338 F:59
				84933B F0 0C       BEQ $000C     [849349] A:0002 X:0E68 Y:00A8 S:0122 D:0000 DB:86 nvMxdiZc V:261 H:  5 F:59
				849349 49 FF       EOR #$FF               A:0002 X:0E68 Y:00A8 S:0122 D:0000 DB:86 nvMxdiZc V:261 H:  9 F:59
				84934B 35 2B       AND $2B,X     [000E93] A:00FD X:0E68 Y:00A8 S:0122 D:0000 DB:86 NvMxdizc V:261 H: 12 F:59
				84934D 95 2B       STA $2B,X     [000E93] A:0000 X:0E68 Y:00A8 S:0122 D:0000 DB:86 nvMxdiZc V:261 H: 19 F:59
				84934F 20 08 93    JSR $9308     [849308] A:0000 X:0E68 Y:00A8 S:0122 D:0000 DB:86 nvMxdiZc V:261 H: 25 F:59

				849308 A5 14       LDA $14       [000014] A:0000 X:0E68 Y:00A8 S:0120 D:0000 DB:86 nvMxdiZc V:261 H: 35 F:59
				84930A F0 08       BEQ $0008     [849314] A:0000 X:0E68 Y:00A8 S:0120 D:0000 DB:86 nvMxdiZc V:261 H: 40 F:59
				849314 60          RTS                    A:0000 X:0E68 Y:00A8 S:0120 D:0000 DB:86 nvMxdiZc V:261 H: 45 F:59

				849352 A9 00       LDA #$00               A:0000 X:0E68 Y:00A8 S:0122 D:0000 DB:86 nvMxdiZc V:261 H: 55 F:59
				849354 60          RTS                    A:0000 X:0E68 Y:00A8 S:0122 D:0000 DB:86 nvMxdiZc V:261 H: 58 F:59

				8492F1 D0 12       BNE $0012     [849305] A:0000 X:0E68 Y:00A8 S:0124 D:0000 DB:86 nvMxdiZc V:261 H: 68 F:59
				8492F3 B4 20       LDY $20,X     [000E88] A:0000 X:0E68 Y:00A8 S:0124 D:0000 DB:86 nvMxdiZc V:261 H: 71 F:59
				8492F5 B9 06 00    LDA $0006,Y   [86C593] A:0000 X:0E68 Y:C58D S:0124 D:0000 DB:86 NvMxdizc V:261 H: 79 F:59
				8492F8 18          CLC                    A:0002 X:0E68 Y:C58D S:0124 D:0000 DB:86 nvMxdizc V:261 H: 87 F:59
				8492F9 79 08 00    ADC $0008,Y   [86C595] A:0002 X:0E68 Y:C58D S:0124 D:0000 DB:86 nvMxdizc V:261 H: 90 F:59
				8492FC 38          SEC                    A:0017 X:0E68 Y:C58D S:0124 D:0000 DB:86 nvMxdizc V:261 H: 97 F:59
				8492FD F9 09 00    SBC $0009,Y   [86C596] A:0017 X:0E68 Y:C58D S:0124 D:0000 DB:86 nvMxdizC V:261 H:100 F:59
				849300 95 2A       STA $2A,X     [000E92] A:000B X:0E68 Y:C58D S:0124 D:0000 DB:86 nvMxdizC V:261 H:108 F:59
				849302 20 15 93    JSR $9315     [849315] A:000B X:0E68 Y:C58D S:0124 D:0000 DB:86 nvMxdizC V:261 H:114 F:59

				849315 20 B3 90    JSR $90B3     [8490B3] A:000B X:0E68 Y:C58D S:0122 D:0000 DB:86 nvMxdizC V:261 H:124 F:59

				8490B3 0B          PHD                    A:000B X:0E68 Y:C58D S:0120 D:0000 DB:86 nvMxdizC V:261 H:144 F:59
				8490B4 DA          PHX                    A:000B X:0E68 Y:C58D S:011E D:0000 DB:86 nvMxdizC V:261 H:151 F:59
				8490B5 08          PHP                    A:000B X:0E68 Y:C58D S:011C D:0000 DB:86 nvMxdizC V:261 H:158 F:59
				8490B6 E2 20       SEP #$20               A:000B X:0E68 Y:C58D S:011B D:0000 DB:86 nvMxdizC V:261 H:163 F:59
				8490B8 C2 10       REP #$10               A:000B X:0E68 Y:C58D S:011B D:0000 DB:86 nvMxdizC V:261 H:168 F:59
				8490BA 64 01       STZ $01       [000001] A:000B X:0E68 Y:C58D S:011B D:0000 DB:86 nvMxdizC V:261 H:172 F:59
				8490BC B5 29       LDA $29,X     [000E91] A:000B X:0E68 Y:C58D S:011B D:0000 DB:86 nvMxdizC V:261 H:177 F:59
				8490BE 10 02       BPL $0002     [8490C2] A:00F4 X:0E68 Y:C58D S:011B D:0000 DB:86 NvMxdizC V:261 H:184 F:59
				8490C0 C6 01       DEC $01       [000001] A:00F4 X:0E68 Y:C58D S:011B D:0000 DB:86 NvMxdizC V:261 H:187 F:59
				8490C2 18          CLC                    A:00F4 X:0E68 Y:C58D S:011B D:0000 DB:86 NvMxdizC V:261 H:195 F:59
				8490C3 75 05       ADC $05,X     [000E6D] A:00F4 X:0E68 Y:C58D S:011B D:0000 DB:86 NvMxdizc V:261 H:198 F:59
				8490C5 85 00       STA $00       [000000] A:007F X:0E68 Y:C58D S:011B D:0000 DB:86 nVMxdizC V:261 H:205 F:59
				8490C7 B5 06       LDA $06,X     [000E6E] A:007F X:0E68 Y:C58D S:011B D:0000 DB:86 nVMxdizC V:261 H:210 F:59
				8490C9 65 01       ADC $01       [000001] A:0007 X:0E68 Y:C58D S:011B D:0000 DB:86 nVMxdizC V:261 H:216 F:59
				8490CB 85 01       STA $01       [000001] A:0007 X:0E68 Y:C58D S:011B D:0000 DB:86 nvMxdizC V:261 H:221 F:59
				8490CD 64 03       STZ $03       [000003] A:0007 X:0E68 Y:C58D S:011B D:0000 DB:86 nvMxdizC V:261 H:226 F:59
				8490CF B5 2A       LDA $2A,X     [000E92] A:0007 X:0E68 Y:C58D S:011B D:0000 DB:86 nvMxdizC V:261 H:231 F:59
				8490D1 10 02       BPL $0002     [8490D5] A:000B X:0E68 Y:C58D S:011B D:0000 DB:86 nvMxdizC V:261 H:238 F:59
				8490D5 18          CLC                    A:000B X:0E68 Y:C58D S:011B D:0000 DB:86 nvMxdizC V:261 H:242 F:59
				8490D6 75 08       ADC $08,X     [000E70] A:000B X:0E68 Y:C58D S:011B D:0000 DB:86 nvMxdizc V:261 H:245 F:59
				8490D8 85 02       STA $02       [000002] A:00B3 X:0E68 Y:C58D S:011B D:0000 DB:86 NvMxdizc V:261 H:252 F:59
				8490DA 29 F0       AND #$F0               A:00B3 X:0E68 Y:C58D S:011B D:0000 DB:86 NvMxdizc V:261 H:257 F:59
				8490DC 85 0A       STA $0A       [00000A] A:00B0 X:0E68 Y:C58D S:011B D:0000 DB:86 NvMxdizc V:261 H:260 F:59
				8490DE B5 09       LDA $09,X     [000E71] A:00B0 X:0E68 Y:C58D S:011B D:0000 DB:86 NvMxdizc V:261 H:265 F:59
				8490E0 65 03       ADC $03       [000003] A:0000 X:0E68 Y:C58D S:011B D:0000 DB:86 nvMxdiZc V:261 H:271 F:59
				8490E2 85 03       STA $03       [000003] A:0000 X:0E68 Y:C58D S:011B D:0000 DB:86 nvMxdiZc V:261 H:276 F:59
				8490E4 85 0B       STA $0B       [00000B] A:0000 X:0E68 Y:C58D S:011B D:0000 DB:86 nvMxdiZc V:261 H:281 F:59
				8490E6 A5 00       LDA $00       [000000] A:0000 X:0E68 Y:C58D S:011B D:0000 DB:86 nvMxdiZc V:261 H:286 F:59
				8490E8 29 0F       AND #$0F               A:007F X:0E68 Y:C58D S:011B D:0000 DB:86 nvMxdizc V:261 H:291 F:59
				8490EA 1A          INC                    A:000F X:0E68 Y:C58D S:011B D:0000 DB:86 nvMxdizc V:261 H:294 F:59
				8490EB 85 0C       STA $0C       [00000C] A:0010 X:0E68 Y:C58D S:011B D:0000 DB:86 nvMxdizc V:261 H:297 F:59
				8490ED A5 02       LDA $02       [000002] A:0010 X:0E68 Y:C58D S:011B D:0000 DB:86 nvMxdizc V:261 H:302 F:59
				8490EF 29 0F       AND #$0F               A:00B3 X:0E68 Y:C58D S:011B D:0000 DB:86 NvMxdizc V:261 H:307 F:59
				8490F1 1A          INC                    A:0003 X:0E68 Y:C58D S:011B D:0000 DB:86 nvMxdizc V:261 H:310 F:59
				8490F2 85 0E       STA $0E       [00000E] A:0004 X:0E68 Y:C58D S:011B D:0000 DB:86 nvMxdizc V:261 H:313 F:59
				8490F4 C2 20       REP #$20               A:0004 X:0E68 Y:C58D S:011B D:0000 DB:86 nvMxdizc V:261 H:318 F:59
				8490F6 20 6A 91    JSR $916A     [84916A] A:0004 X:0E68 Y:C58D S:011B D:0000 DB:86 nvmxdizc V:261 H:323 F:59

				84916A A9 00 E8    LDA #$E800             A:0004 X:0E68 Y:C58D S:0119 D:0000 DB:86 nvmxdizc V:261 H:332 F:59
				84916D 85 10       STA $10       [000010] A:E800 X:0E68 Y:C58D S:0119 D:0000 DB:86 Nvmxdizc V:261 H:336 F:59
				84916F A9 7E 00    LDA #$007E             A:E800 X:0E68 Y:C58D S:0119 D:0000 DB:86 Nvmxdizc V:  0 H:  3 F: 0
				849172 85 12       STA $12       [000012] A:007E X:0E68 Y:C58D S:0119 D:0000 DB:86 nvmxdizc V:  0 H:  8 F: 0
				849174 A5 02       LDA $02       [000002] A:007E X:0E68 Y:C58D S:0119 D:0000 DB:86 nvmxdizc V:  0 H: 15 F: 0
				849176 29 F0 00    AND #$00F0             A:00B3 X:0E68 Y:C58D S:0119 D:0000 DB:86 nvmxdizc V:  0 H: 22 F: 0
				849179 0A          ASL A                  A:00B0 X:0E68 Y:C58D S:0119 D:0000 DB:86 nvmxdizc V:  0 H: 26 F: 0
				84917A 85 04       STA $04       [000004] A:0160 X:0E68 Y:C58D S:0119 D:0000 DB:86 nvmxdizc V:  0 H: 29 F: 0
				84917C A5 00       LDA $00       [000000] A:0160 X:0E68 Y:C58D S:0119 D:0000 DB:86 nvmxdizc V:  0 H: 36 F: 0
				84917E 29 FF 00    AND #$00FF             A:077F X:0E68 Y:C58D S:0119 D:0000 DB:86 nvmxdizc V:  0 H: 43 F: 0
				849181 4A          LSR A                  A:007F X:0E68 Y:C58D S:0119 D:0000 DB:86 nvmxdizc V:  0 H: 48 F: 0
				849182 4A          LSR A                  A:003F X:0E68 Y:C58D S:0119 D:0000 DB:86 nvmxdizC V:  0 H: 51 F: 0
				849183 4A          LSR A                  A:001F X:0E68 Y:C58D S:0119 D:0000 DB:86 nvmxdizC V:  0 H: 54 F: 0
				849184 29 FE FF    AND #$FFFE             A:000F X:0E68 Y:C58D S:0119 D:0000 DB:86 nvmxdizC V:  0 H: 57 F: 0
				849187 18          CLC                    A:000E X:0E68 Y:C58D S:0119 D:0000 DB:86 nvmxdizC V:  0 H: 61 F: 0
				849188 65 04       ADC $04       [000004] A:000E X:0E68 Y:C58D S:0119 D:0000 DB:86 nvmxdizc V:  0 H: 64 F: 0
				84918A 85 06       STA $06       [000006] A:016E X:0E68 Y:C58D S:0119 D:0000 DB:86 nvmxdizc V:  0 H: 71 F: 0
				84918C A5 00       LDA $00       [000000] A:016E X:0E68 Y:C58D S:0119 D:0000 DB:86 nvmxdizc V:  0 H: 78 F: 0
				84918E EB          XBA                    A:077F X:0E68 Y:C58D S:0119 D:0000 DB:86 nvmxdizc V:  0 H: 85 F: 0
				84918F 29 1F 00    AND #$001F             A:7F07 X:0E68 Y:C58D S:0119 D:0000 DB:86 nvmxdizc V:  0 H: 90 F: 0
				849192 85 04       STA $04       [000004] A:0007 X:0E68 Y:C58D S:0119 D:0000 DB:86 nvmxdizc V:  0 H: 94 F: 0
				849194 A5 02       LDA $02       [000002] A:0007 X:0E68 Y:C58D S:0119 D:0000 DB:86 nvmxdizc V:  0 H:101 F: 0
				849196 29 00 1F    AND #$1F00             A:00B3 X:0E68 Y:C58D S:0119 D:0000 DB:86 nvmxdizc V:  0 H:108 F: 0
				849199 4A          LSR A                  A:0000 X:0E68 Y:C58D S:0119 D:0000 DB:86 nvmxdiZc V:  0 H:113 F: 0
				84919A 4A          LSR A                  A:0000 X:0E68 Y:C58D S:0119 D:0000 DB:86 nvmxdiZc V:  0 H:116 F: 0
				84919B 4A          LSR A                  A:0000 X:0E68 Y:C58D S:0119 D:0000 DB:86 nvmxdiZc V:  0 H:119 F: 0
				84919C 18          CLC                    A:0000 X:0E68 Y:C58D S:0119 D:0000 DB:86 nvmxdiZc V:  0 H:122 F: 0
				84919D 65 04       ADC $04       [000004] A:0000 X:0E68 Y:C58D S:0119 D:0000 DB:86 nvmxdiZc V:  0 H:125 F: 0
				84919F A8          TAY                    A:0007 X:0E68 Y:C58D S:0119 D:0000 DB:86 nvmxdizc V:  0 H:132 F: 0
				8491A0 B7 10       LDA [$10],Y   [7EE807] A:0007 X:0E68 Y:0007 S:0119 D:0000 DB:86 nvmxdizc V:  0 H:145 F: 0
				8491A2 29 FF 00    AND #$00FF             A:0003 X:0E68 Y:0007 S:0119 D:0000 DB:86 nvmxdizc V:  0 H:158 F: 0
				8491A5 A8          TAY                    A:0003 X:0E68 Y:0007 S:0119 D:0000 DB:86 nvmxdizc V:  0 H:162 F: 0
				8491A6 EB          XBA                    A:0003 X:0E68 Y:0003 S:0119 D:0000 DB:86 nvmxdizc V:  0 H:165 F: 0
				8491A7 0A          ASL A                  A:0300 X:0E68 Y:0003 S:0119 D:0000 DB:86 nvmxdiZc V:  0 H:170 F: 0
				8491A8 18          CLC                    A:0600 X:0E68 Y:0003 S:0119 D:0000 DB:86 nvmxdizc V:  0 H:173 F: 0
				8491A9 65 06       ADC $06       [000006] A:0600 X:0E68 Y:0003 S:0119 D:0000 DB:86 nvmxdizc V:  0 H:176 F: 0
				8491AB AA          TAX                    A:076E X:0E68 Y:0003 S:0119 D:0000 DB:86 nvmxdizc V:  0 H:183 F: 0
				8491AC 60          RTS                    A:076E X:076E Y:0003 S:0119 D:0000 DB:86 nvmxdizc V:  0 H:186 F: 0

				8490F9 BF 00 20 7E LDA $7E2000,X [7E276E] A:076E X:076E Y:0003 S:011B D:0000 DB:86 nvmxdizc V:  0 H:196 F: 0
				8490FD A8          TAY                    A:0297 X:076E Y:0003 S:011B D:0000 DB:86 nvmxdizc V:  0 H:206 F: 0
				8490FE AD 92 0B    LDA $0B92     [860B92] A:0297 X:076E Y:0297 S:011B D:0000 DB:86 nvmxdizc V:  0 H:209 F: 0
				849101 85 10       STA $10       [000010] A:F0A5 X:076E Y:0297 S:011B D:0000 DB:86 Nvmxdizc V:  0 H:217 F: 0
				849103 AD 94 0B    LDA $0B94     [860B94] A:F0A5 X:076E Y:0297 S:011B D:0000 DB:86 Nvmxdizc V:  0 H:224 F: 0
				849106 85 12       STA $12       [000012] A:6895 X:076E Y:0297 S:011B D:0000 DB:86 nvmxdizc V:  0 H:233 F: 0
				849108 B7 10       LDA [$10],Y   [95F33C] A:6895 X:076E Y:0297 S:011B D:0000 DB:86 nvmxdizc V:  0 H:240 F: 0
				84910A 29 FF 00    AND #$00FF             A:0000 X:076E Y:0297 S:011B D:0000 DB:86 nvmxdiZc V:  0 H:252 F: 0
				84910D 28          PLP                    A:0000 X:076E Y:0297 S:011B D:0000 DB:86 nvmxdiZc V:  0 H:256 F: 0
				84910E FA          PLX                    A:0000 X:076E Y:0297 S:011C D:0000 DB:86 nvMxdizC V:  0 H:263 F: 0
				84910F 2B          PLD                    A:0000 X:0E68 Y:0297 S:011E D:0000 DB:86 nvMxdizC V:  0 H:271 F: 0
				849110 60          RTS                    A:0000 X:0E68 Y:0297 S:0120 D:0000 DB:86 nvMxdiZC V:  0 H:280 F: 0

				849318 B4 05       LDY $05,X     [000E6D] A:0000 X:0E68 Y:0297 S:0122 D:0000 DB:86 nvMxdiZC V:  0 H:290 F: 0
				84931A 84 10       STY $10       [000010] A:0000 X:0E68 Y:078B S:0122 D:0000 DB:86 nvMxdizC V:  0 H:298 F: 0
				84931C B4 08       LDY $08,X     [000E70] A:0000 X:0E68 Y:078B S:0122 D:0000 DB:86 nvMxdizC V:  0 H:305 F: 0
				84931E 84 12       STY $12       [000012] A:0000 X:0E68 Y:00A8 S:0122 D:0000 DB:86 nvMxdizC V:  0 H:314 F: 0
				849320 95 2D       STA $2D,X     [000E95] A:0000 X:0E68 Y:00A8 S:0122 D:0000 DB:86 nvMxdizC V:  0 H:321 F: 0
				849322 86 2C       STX $2C       [00002C] A:0000 X:0E68 Y:00A8 S:0122 D:0000 DB:86 nvMxdizC V:  0 H:327 F: 0
				849324 29 3F       AND #$3F               A:0000 X:0E68 Y:00A8 S:0122 D:0000 DB:86 nvMxdizC V:  0 H:333 F: 0
				849326 0A          ASL A                  A:0000 X:0E68 Y:00A8 S:0122 D:0000 DB:86 nvMxdiZC V:  0 H:336 F: 0
				849327 EB          XBA                    A:0000 X:0E68 Y:00A8 S:0122 D:0000 DB:86 nvMxdiZc V:  0 H:339 F: 0
				849328 A9 00       LDA #$00               A:0000 X:0E68 Y:00A8 S:0122 D:0000 DB:86 nvMxdiZc V:  1 H:  4 F: 0
				84932A EB          XBA                    A:0000 X:0E68 Y:00A8 S:0122 D:0000 DB:86 nvMxdiZc V:  1 H:  7 F: 0
				84932B AA          TAX                    A:0000 X:0E68 Y:00A8 S:0122 D:0000 DB:86 nvMxdiZc V:  1 H: 11 F: 0
				84932C FC 5D 93    JSR ($935D,X) [84935D] A:0000 X:0000 Y:00A8 S:0122 D:0000 DB:86 nvMxdiZc V:  1 H: 14 F: 0

				84977A A9 00       LDA #$00               A:0000 X:0000 Y:00A8 S:0120 D:0000 DB:86 nvMxdiZc V:  1 H: 27 F: 0
				84977C 60          RTS                    A:0000 X:0000 Y:00A8 S:0120 D:0000 DB:86 nvMxdiZc V:  1 H: 30 F: 0

				84932F 08          PHP                    A:0000 X:0000 Y:00A8 S:0122 D:0000 DB:86 nvMxdiZc V:  1 H: 40 F: 0
				849330 A6 2C       LDX $2C       [00002C] A:0000 X:0000 Y:00A8 S:0121 D:0000 DB:86 nvMxdiZc V:  1 H: 45 F: 0
				849332 A9 01       LDA #$01               A:0000 X:0E68 Y:00A8 S:0121 D:0000 DB:86 nvMxdizc V:  1 H: 52 F: 0
				849334 34 29       BIT $29,X     [000E91] A:0001 X:0E68 Y:00A8 S:0121 D:0000 DB:86 nvMxdizc V:  1 H: 55 F: 0
				849336 10 02       BPL $0002     [84933A] A:0001 X:0E68 Y:00A8 S:0121 D:0000 DB:86 NVMxdiZc V:  1 H: 62 F: 0
				849338 A9 02       LDA #$02               A:0001 X:0E68 Y:00A8 S:0121 D:0000 DB:86 NVMxdiZc V:  1 H: 65 F: 0
				84933A 28          PLP                    A:0002 X:0E68 Y:00A8 S:0121 D:0000 DB:86 nVMxdizc V:  1 H: 68 F: 0
				84933B F0 0C       BEQ $000C     [849349] A:0002 X:0E68 Y:00A8 S:0122 D:0000 DB:86 nvMxdiZc V:  1 H: 74 F: 0
				849349 49 FF       EOR #$FF               A:0002 X:0E68 Y:00A8 S:0122 D:0000 DB:86 nvMxdiZc V:  1 H: 79 F: 0
				84934B 35 2B       AND $2B,X     [000E93] A:00FD X:0E68 Y:00A8 S:0122 D:0000 DB:86 NvMxdizc V:  1 H: 82 F: 0
				84934D 95 2B       STA $2B,X     [000E93] A:0000 X:0E68 Y:00A8 S:0122 D:0000 DB:86 nvMxdiZc V:  1 H: 88 F: 0
				84934F 20 08 93    JSR $9308     [849308] A:0000 X:0E68 Y:00A8 S:0122 D:0000 DB:86 nvMxdiZc V:  1 H: 95 F: 0

				849308 A5 14       LDA $14       [000014] A:0000 X:0E68 Y:00A8 S:0120 D:0000 DB:86 nvMxdiZc V:  1 H:105 F: 0
				84930A F0 08       BEQ $0008     [849314] A:0000 X:0E68 Y:00A8 S:0120 D:0000 DB:86 nvMxdiZc V:  1 H:110 F: 0
				849314 60          RTS                    A:0000 X:0E68 Y:00A8 S:0120 D:0000 DB:86 nvMxdiZc V:  1 H:114 F: 0

				849352 A9 00       LDA #$00               A:0000 X:0E68 Y:00A8 S:0122 D:0000 DB:86 nvMxdiZc V:  1 H:124 F: 0
				849354 60          RTS                    A:0000 X:0E68 Y:00A8 S:0122 D:0000 DB:86 nvMxdiZc V:  1 H:127 F: 0

				849305 C2 30       REP #$30               A:0000 X:0E68 Y:00A8 S:0124 D:0000 DB:86 nvMxdiZc V:  1 H:147 F: 0
				849307 60          RTS                    A:0000 X:0E68 Y:00A8 S:0124 D:0000 DB:86 nvmxdiZc V:  1 H:152 F: 0

				8491D8 20 ED 91    JSR $91ED     [8491ED] A:0000 X:0E68 Y:00A8 S:0126 D:0000 DB:86 nvmxdiZc V:  1 H:162 F: 0

				8491ED B5 08       LDA $08,X     [000E70] A:0000 X:0E68 Y:00A8 S:0124 D:0000 DB:86 nvmxdiZc V:  1 H:172 F: 0
				8491EF D5 24       CMP $24,X     [000E8C] A:00A8 X:0E68 Y:00A8 S:0124 D:0000 DB:86 nvmxdizc V:  1 H:180 F: 0
				8491F1 F0 F2       BEQ $00F2     [8491E5] A:00A8 X:0E68 Y:00A8 S:0124 D:0000 DB:86 nvmxdiZC V:  1 H:189 F: 0
				8491E5 B5 1C       LDA $1C,X     [000E84] A:00A8 X:0E68 Y:00A8 S:0124 D:0000 DB:86 nvmxdiZC V:  1 H:193 F: 0
				8491E7 F0 F5       BEQ $00F5     [8491DE] A:F000 X:0E68 Y:00A8 S:0124 D:0000 DB:86 NvmxdizC V:  1 H:202 F: 0
				8491E9 10 0A       BPL $000A     [8491F5] A:F000 X:0E68 Y:00A8 S:0124 D:0000 DB:86 NvmxdizC V:  1 H:205 F: 0
				8491EB 80 55       BRA $0055     [849242] A:F000 X:0E68 Y:00A8 S:0124 D:0000 DB:86 NvmxdizC V:  1 H:208 F: 0
				849242 E2 20       SEP #$20               A:F000 X:0E68 Y:00A8 S:0124 D:0000 DB:86 NvmxdizC V:  1 H:212 F: 0
				849244 A0 04 00    LDY #$0004             A:F000 X:0E68 Y:00A8 S:0124 D:0000 DB:86 NvMxdizC V:  1 H:217 F: 0
				849247 AD 1C 1F    LDA $1F1C     [861F1C] A:F000 X:0E68 Y:0004 S:0124 D:0000 DB:86 nvMxdizC V:  1 H:221 F: 0
				84924A F0 03       BEQ $0003     [84924F] A:F000 X:0E68 Y:0004 S:0124 D:0000 DB:86 nvMxdiZC V:  1 H:228 F: 0
				84924F B5 2F       LDA $2F,X     [000E97] A:F000 X:0E68 Y:0004 S:0124 D:0000 DB:86 nvMxdiZC V:  1 H:232 F: 0
				849251 F0 03       BEQ $0003     [849256] A:F000 X:0E68 Y:0004 S:0124 D:0000 DB:86 nvMxdiZC V:  1 H:239 F: 0
				849256 98          TYA                    A:F000 X:0E68 Y:0004 S:0124 D:0000 DB:86 nvMxdiZC V:  1 H:243 F: 0
				849257 09 80       ORA #$80               A:F004 X:0E68 Y:0004 S:0124 D:0000 DB:86 nvMxdizC V:  1 H:246 F: 0
				849259 85 08       STA $08       [000008] A:F084 X:0E68 Y:0004 S:0124 D:0000 DB:86 NvMxdizC V:  1 H:249 F: 0
				84925B B4 20       LDY $20,X     [000E88] A:F084 X:0E68 Y:0004 S:0124 D:0000 DB:86 NvMxdizC V:  1 H:254 F: 0
				84925D B9 06 00    LDA $0006,Y   [86C593] A:F084 X:0E68 Y:C58D S:0124 D:0000 DB:86 NvMxdizC V:  1 H:263 F: 0
				849260 18          CLC                    A:F002 X:0E68 Y:C58D S:0124 D:0000 DB:86 nvMxdizC V:  1 H:270 F: 0
				849261 79 08 00    ADC $0008,Y   [86C595] A:F002 X:0E68 Y:C58D S:0124 D:0000 DB:86 nvMxdizc V:  1 H:273 F: 0
				849264 95 2A       STA $2A,X     [000E92] A:F017 X:0E68 Y:C58D S:0124 D:0000 DB:86 nvMxdizc V:  1 H:281 F: 0
				849266 B9 05 00    LDA $0005,Y   [86C592] A:F017 X:0E68 Y:C58D S:0124 D:0000 DB:86 nvMxdizc V:  1 H:287 F: 0
				849269 34 11       BIT $11,X     [000E79] A:F000 X:0E68 Y:C58D S:0124 D:0000 DB:86 nvMxdiZc V:  1 H:295 F: 0
				84926B 50 03       BVC $0003     [849270] A:F000 X:0E68 Y:C58D S:0124 D:0000 DB:86 nVMxdiZc V:  1 H:301 F: 0
				84926D 49 FF       EOR #$FF               A:F000 X:0E68 Y:C58D S:0124 D:0000 DB:86 nVMxdiZc V:  1 H:304 F: 0
				84926F 1A          INC                    A:F0FF X:0E68 Y:C58D S:0124 D:0000 DB:86 NVMxdizc V:  1 H:307 F: 0
				849270 95 29       STA $29,X     [000E91] A:F000 X:0E68 Y:C58D S:0124 D:0000 DB:86 nVMxdiZc V:  1 H:310 F: 0
				849272 20 C4 95    JSR $95C4     [8495C4] A:F000 X:0E68 Y:C58D S:0124 D:0000 DB:86 nVMxdiZc V:  1 H:317 F: 0

				8495C4 B5 2A       LDA $2A,X     [000E92] A:F000 X:0E68 Y:C58D S:0122 D:0000 DB:86 nVMxdiZc V:  1 H:326 F: 0
				8495C6 48          PHA                    A:F017 X:0E68 Y:C58D S:0122 D:0000 DB:86 nVMxdizc V:  1 H:332 F: 0
				8495C7 A5 08       LDA $08       [000008] A:F017 X:0E68 Y:C58D S:0121 D:0000 DB:86 nVMxdizc V:  1 H:337 F: 0
				8495C9 29 7F       AND #$7F               A:F084 X:0E68 Y:C58D S:0121 D:0000 DB:86 NVMxdizc V:  2 H:  2 F: 0
				8495CB 18          CLC                    A:F004 X:0E68 Y:C58D S:0121 D:0000 DB:86 nVMxdizc V:  2 H:  5 F: 0
				8495CC 75 2A       ADC $2A,X     [000E92] A:F004 X:0E68 Y:C58D S:0121 D:0000 DB:86 nVMxdizc V:  2 H:  8 F: 0
				8495CE 95 2A       STA $2A,X     [000E92] A:F01B X:0E68 Y:C58D S:0121 D:0000 DB:86 nvMxdizc V:  2 H: 15 F: 0
				8495D0 20 B3 90    JSR $90B3     [8490B3] A:F01B X:0E68 Y:C58D S:0121 D:0000 DB:86 nvMxdizc V:  2 H: 21 F: 0

				8490B3 0B          PHD                    A:F01B X:0E68 Y:C58D S:011F D:0000 DB:86 nvMxdizc V:  2 H: 31 F: 0
				8490B4 DA          PHX                    A:F01B X:0E68 Y:C58D S:011D D:0000 DB:86 nvMxdizc V:  2 H: 38 F: 0
				8490B5 08          PHP                    A:F01B X:0E68 Y:C58D S:011B D:0000 DB:86 nvMxdizc V:  2 H: 45 F: 0
				8490B6 E2 20       SEP #$20               A:F01B X:0E68 Y:C58D S:011A D:0000 DB:86 nvMxdizc V:  2 H: 50 F: 0
				8490B8 C2 10       REP #$10               A:F01B X:0E68 Y:C58D S:011A D:0000 DB:86 nvMxdizc V:  2 H: 55 F: 0
				8490BA 64 01       STZ $01       [000001] A:F01B X:0E68 Y:C58D S:011A D:0000 DB:86 nvMxdizc V:  2 H: 59 F: 0
				8490BC B5 29       LDA $29,X     [000E91] A:F01B X:0E68 Y:C58D S:011A D:0000 DB:86 nvMxdizc V:  2 H: 64 F: 0
				8490BE 10 02       BPL $0002     [8490C2] A:F000 X:0E68 Y:C58D S:011A D:0000 DB:86 nvMxdiZc V:  2 H: 71 F: 0
				8490C2 18          CLC                    A:F000 X:0E68 Y:C58D S:011A D:0000 DB:86 nvMxdiZc V:  2 H: 75 F: 0
				8490C3 75 05       ADC $05,X     [000E6D] A:F000 X:0E68 Y:C58D S:011A D:0000 DB:86 nvMxdiZc V:  2 H: 78 F: 0
				8490C5 85 00       STA $00       [000000] A:F08B X:0E68 Y:C58D S:011A D:0000 DB:86 NvMxdizc V:  2 H: 85 F: 0
				8490C7 B5 06       LDA $06,X     [000E6E] A:F08B X:0E68 Y:C58D S:011A D:0000 DB:86 NvMxdizc V:  2 H: 90 F: 0
				8490C9 65 01       ADC $01       [000001] A:F007 X:0E68 Y:C58D S:011A D:0000 DB:86 nvMxdizc V:  2 H: 96 F: 0
				8490CB 85 01       STA $01       [000001] A:F007 X:0E68 Y:C58D S:011A D:0000 DB:86 nvMxdizc V:  2 H:101 F: 0
				8490CD 64 03       STZ $03       [000003] A:F007 X:0E68 Y:C58D S:011A D:0000 DB:86 nvMxdizc V:  2 H:106 F: 0
				8490CF B5 2A       LDA $2A,X     [000E92] A:F007 X:0E68 Y:C58D S:011A D:0000 DB:86 nvMxdizc V:  2 H:111 F: 0
				8490D1 10 02       BPL $0002     [8490D5] A:F01B X:0E68 Y:C58D S:011A D:0000 DB:86 nvMxdizc V:  2 H:118 F: 0
				8490D5 18          CLC                    A:F01B X:0E68 Y:C58D S:011A D:0000 DB:86 nvMxdizc V:  2 H:122 F: 0
				8490D6 75 08       ADC $08,X     [000E70] A:F01B X:0E68 Y:C58D S:011A D:0000 DB:86 nvMxdizc V:  2 H:125 F: 0
				8490D8 85 02       STA $02       [000002] A:F0C3 X:0E68 Y:C58D S:011A D:0000 DB:86 NvMxdizc V:  2 H:132 F: 0
				8490DA 29 F0       AND #$F0               A:F0C3 X:0E68 Y:C58D S:011A D:0000 DB:86 NvMxdizc V:  2 H:147 F: 0
				8490DC 85 0A       STA $0A       [00000A] A:F0C0 X:0E68 Y:C58D S:011A D:0000 DB:86 NvMxdizc V:  2 H:150 F: 0
				8490DE B5 09       LDA $09,X     [000E71] A:F0C0 X:0E68 Y:C58D S:011A D:0000 DB:86 NvMxdizc V:  2 H:155 F: 0
				8490E0 65 03       ADC $03       [000003] A:F000 X:0E68 Y:C58D S:011A D:0000 DB:86 nvMxdiZc V:  2 H:161 F: 0
				8490E2 85 03       STA $03       [000003] A:F000 X:0E68 Y:C58D S:011A D:0000 DB:86 nvMxdiZc V:  2 H:166 F: 0
				8490E4 85 0B       STA $0B       [00000B] A:F000 X:0E68 Y:C58D S:011A D:0000 DB:86 nvMxdiZc V:  2 H:171 F: 0
				8490E6 A5 00       LDA $00       [000000] A:F000 X:0E68 Y:C58D S:011A D:0000 DB:86 nvMxdiZc V:  2 H:176 F: 0
				8490E8 29 0F       AND #$0F               A:F08B X:0E68 Y:C58D S:011A D:0000 DB:86 NvMxdizc V:  2 H:181 F: 0
				8490EA 1A          INC                    A:F00B X:0E68 Y:C58D S:011A D:0000 DB:86 nvMxdizc V:  2 H:184 F: 0
				8490EB 85 0C       STA $0C       [00000C] A:F00C X:0E68 Y:C58D S:011A D:0000 DB:86 nvMxdizc V:  2 H:187 F: 0
				8490ED A5 02       LDA $02       [000002] A:F00C X:0E68 Y:C58D S:011A D:0000 DB:86 nvMxdizc V:  2 H:192 F: 0
				8490EF 29 0F       AND #$0F               A:F0C3 X:0E68 Y:C58D S:011A D:0000 DB:86 NvMxdizc V:  2 H:197 F: 0
				8490F1 1A          INC                    A:F003 X:0E68 Y:C58D S:011A D:0000 DB:86 nvMxdizc V:  2 H:200 F: 0
				8490F2 85 0E       STA $0E       [00000E] A:F004 X:0E68 Y:C58D S:011A D:0000 DB:86 nvMxdizc V:  2 H:203 F: 0
				8490F4 C2 20       REP #$20               A:F004 X:0E68 Y:C58D S:011A D:0000 DB:86 nvMxdizc V:  2 H:208 F: 0
				8490F6 20 6A 91    JSR $916A     [84916A] A:F004 X:0E68 Y:C58D S:011A D:0000 DB:86 nvmxdizc V:  2 H:213 F: 0

				84916A A9 00 E8    LDA #$E800             A:F004 X:0E68 Y:C58D S:0118 D:0000 DB:86 nvmxdizc V:  2 H:223 F: 0
				84916D 85 10       STA $10       [000010] A:E800 X:0E68 Y:C58D S:0118 D:0000 DB:86 Nvmxdizc V:  2 H:227 F: 0
				84916F A9 7E 00    LDA #$007E             A:E800 X:0E68 Y:C58D S:0118 D:0000 DB:86 Nvmxdizc V:  2 H:234 F: 0
				849172 85 12       STA $12       [000012] A:007E X:0E68 Y:C58D S:0118 D:0000 DB:86 nvmxdizc V:  2 H:239 F: 0
				849174 A5 02       LDA $02       [000002] A:007E X:0E68 Y:C58D S:0118 D:0000 DB:86 nvmxdizc V:  2 H:246 F: 0
				849176 29 F0 00    AND #$00F0             A:00C3 X:0E68 Y:C58D S:0118 D:0000 DB:86 nvmxdizc V:  2 H:253 F: 0
				849179 0A          ASL A                  A:00C0 X:0E68 Y:C58D S:0118 D:0000 DB:86 nvmxdizc V:  2 H:257 F: 0
				84917A 85 04       STA $04       [000004] A:0180 X:0E68 Y:C58D S:0118 D:0000 DB:86 nvmxdizc V:  2 H:260 F: 0
				84917C A5 00       LDA $00       [000000] A:0180 X:0E68 Y:C58D S:0118 D:0000 DB:86 nvmxdizc V:  2 H:267 F: 0
				84917E 29 FF 00    AND #$00FF             A:078B X:0E68 Y:C58D S:0118 D:0000 DB:86 nvmxdizc V:  2 H:274 F: 0
				849181 4A          LSR A                  A:008B X:0E68 Y:C58D S:0118 D:0000 DB:86 nvmxdizc V:  2 H:279 F: 0
				849182 4A          LSR A                  A:0045 X:0E68 Y:C58D S:0118 D:0000 DB:86 nvmxdizC V:  2 H:282 F: 0
				849183 4A          LSR A                  A:0022 X:0E68 Y:C58D S:0118 D:0000 DB:86 nvmxdizC V:  2 H:285 F: 0
				849184 29 FE FF    AND #$FFFE             A:0011 X:0E68 Y:C58D S:0118 D:0000 DB:86 nvmxdizc V:  2 H:288 F: 0
				849187 18          CLC                    A:0010 X:0E68 Y:C58D S:0118 D:0000 DB:86 nvmxdizc V:  2 H:292 F: 0
				849188 65 04       ADC $04       [000004] A:0010 X:0E68 Y:C58D S:0118 D:0000 DB:86 nvmxdizc V:  2 H:295 F: 0
				84918A 85 06       STA $06       [000006] A:0190 X:0E68 Y:C58D S:0118 D:0000 DB:86 nvmxdizc V:  2 H:302 F: 0
				84918C A5 00       LDA $00       [000000] A:0190 X:0E68 Y:C58D S:0118 D:0000 DB:86 nvmxdizc V:  2 H:309 F: 0
				84918E EB          XBA                    A:078B X:0E68 Y:C58D S:0118 D:0000 DB:86 nvmxdizc V:  2 H:316 F: 0
				84918F 29 1F 00    AND #$001F             A:8B07 X:0E68 Y:C58D S:0118 D:0000 DB:86 nvmxdizc V:  2 H:321 F: 0
				849192 85 04       STA $04       [000004] A:0007 X:0E68 Y:C58D S:0118 D:0000 DB:86 nvmxdizc V:  2 H:325 F: 0
				849194 A5 02       LDA $02       [000002] A:0007 X:0E68 Y:C58D S:0118 D:0000 DB:86 nvmxdizc V:  2 H:331 F: 0
				849196 29 00 1F    AND #$1F00             A:00C3 X:0E68 Y:C58D S:0118 D:0000 DB:86 nvmxdizc V:  2 H:338 F: 0
				849199 4A          LSR A                  A:0000 X:0E68 Y:C58D S:0118 D:0000 DB:86 nvmxdiZc V:  3 H:  3 F: 0
				84919A 4A          LSR A                  A:0000 X:0E68 Y:C58D S:0118 D:0000 DB:86 nvmxdiZc V:  3 H:  6 F: 0
				84919B 4A          LSR A                  A:0000 X:0E68 Y:C58D S:0118 D:0000 DB:86 nvmxdiZc V:  3 H:  9 F: 0
				84919C 18          CLC                    A:0000 X:0E68 Y:C58D S:0118 D:0000 DB:86 nvmxdiZc V:  3 H: 12 F: 0
				84919D 65 04       ADC $04       [000004] A:0000 X:0E68 Y:C58D S:0118 D:0000 DB:86 nvmxdiZc V:  3 H: 15 F: 0
				84919F A8          TAY                    A:0007 X:0E68 Y:C58D S:0118 D:0000 DB:86 nvmxdizc V:  3 H: 22 F: 0
				8491A0 B7 10       LDA [$10],Y   [7EE807] A:0007 X:0E68 Y:0007 S:0118 D:0000 DB:86 nvmxdizc V:  3 H: 25 F: 0
				8491A2 29 FF 00    AND #$00FF             A:0003 X:0E68 Y:0007 S:0118 D:0000 DB:86 nvmxdizc V:  3 H: 38 F: 0
				8491A5 A8          TAY                    A:0003 X:0E68 Y:0007 S:0118 D:0000 DB:86 nvmxdizc V:  3 H: 42 F: 0
				8491A6 EB          XBA                    A:0003 X:0E68 Y:0003 S:0118 D:0000 DB:86 nvmxdizc V:  3 H: 45 F: 0
				8491A7 0A          ASL A                  A:0300 X:0E68 Y:0003 S:0118 D:0000 DB:86 nvmxdiZc V:  3 H: 50 F: 0
				8491A8 18          CLC                    A:0600 X:0E68 Y:0003 S:0118 D:0000 DB:86 nvmxdizc V:  3 H: 53 F: 0
				8491A9 65 06       ADC $06       [000006] A:0600 X:0E68 Y:0003 S:0118 D:0000 DB:86 nvmxdizc V:  3 H: 56 F: 0
				8491AB AA          TAX                    A:0790 X:0E68 Y:0003 S:0118 D:0000 DB:86 nvmxdizc V:  3 H: 63 F: 0
				8491AC 60          RTS                    A:0790 X:0790 Y:0003 S:0118 D:0000 DB:86 nvmxdizc V:  3 H: 66 F: 0

				8490F9 BF 00 20 7E LDA $7E2000,X [7E2790] A:0790 X:0790 Y:0003 S:011A D:0000 DB:86 nvmxdizc V:  3 H: 76 F: 0
				8490FD A8          TAY                    A:0256 X:0790 Y:0003 S:011A D:0000 DB:86 nvmxdizc V:  3 H: 86 F: 0
				8490FE AD 92 0B    LDA $0B92     [860B92] A:0256 X:0790 Y:0256 S:011A D:0000 DB:86 nvmxdizc V:  3 H: 89 F: 0
				849101 85 10       STA $10       [000010] A:F0A5 X:0790 Y:0256 S:011A D:0000 DB:86 Nvmxdizc V:  3 H: 97 F: 0
				849103 AD 94 0B    LDA $0B94     [860B94] A:F0A5 X:0790 Y:0256 S:011A D:0000 DB:86 Nvmxdizc V:  3 H:104 F: 0
				849106 85 12       STA $12       [000012] A:6895 X:0790 Y:0256 S:011A D:0000 DB:86 nvmxdizc V:  3 H:113 F: 0
				849108 B7 10       LDA [$10],Y   [95F2FB] A:6895 X:0790 Y:0256 S:011A D:0000 DB:86 nvmxdizc V:  3 H:120 F: 0
				84910A 29 FF 00    AND #$00FF             A:3B3B X:0790 Y:0256 S:011A D:0000 DB:86 nvmxdizc V:  3 H:132 F: 0
				84910D 28          PLP                    A:003B X:0790 Y:0256 S:011A D:0000 DB:86 nvmxdizc V:  3 H:146 F: 0
				84910E FA          PLX                    A:003B X:0790 Y:0256 S:011B D:0000 DB:86 nvMxdizc V:  3 H:153 F: 0
				84910F 2B          PLD                    A:003B X:0E68 Y:0256 S:011D D:0000 DB:86 nvMxdizc V:  3 H:161 F: 0
				849110 60          RTS                    A:003B X:0E68 Y:0256 S:011F D:0000 DB:86 nvMxdiZc V:  3 H:170 F: 0

				8495D3 95 2E       STA $2E,X     [000E96] A:003B X:0E68 Y:0256 S:0121 D:0000 DB:86 nvMxdiZc V:  3 H:180 F: 0
				8495D5 85 18       STA $18       [000018] A:003B X:0E68 Y:0256 S:0121 D:0000 DB:86 nvMxdiZc V:  3 H:186 F: 0
				8495D7 29 3F       AND #$3F               A:003B X:0E68 Y:0256 S:0121 D:0000 DB:86 nvMxdiZc V:  3 H:191 F: 0
				8495D9 0A          ASL A                  A:003B X:0E68 Y:0256 S:0121 D:0000 DB:86 nvMxdizc V:  3 H:194 F: 0
				8495DA EB          XBA                    A:0076 X:0E68 Y:0256 S:0121 D:0000 DB:86 nvMxdizc V:  3 H:197 F: 0
				8495DB A9 00       LDA #$00               A:7600 X:0E68 Y:0256 S:0121 D:0000 DB:86 nvMxdiZc V:  3 H:202 F: 0
				8495DD EB          XBA                    A:7600 X:0E68 Y:0256 S:0121 D:0000 DB:86 nvMxdiZc V:  3 H:205 F: 0
				8495DE A8          TAY                    A:0076 X:0E68 Y:0256 S:0121 D:0000 DB:86 nvMxdizc V:  3 H:209 F: 0
				8495DF 84 28       STY $28       [000028] A:0076 X:0E68 Y:0076 S:0121 D:0000 DB:86 nvMxdizc V:  3 H:212 F: 0
				8495E1 86 2C       STX $2C       [00002C] A:0076 X:0E68 Y:0076 S:0121 D:0000 DB:86 nvMxdizc V:  3 H:219 F: 0
				8495E3 68          PLA                    A:0076 X:0E68 Y:0076 S:0121 D:0000 DB:86 nvMxdizc V:  3 H:226 F: 0
				8495E4 95 2A       STA $2A,X     [000E92] A:0017 X:0E68 Y:0076 S:0122 D:0000 DB:86 nvMxdizc V:  3 H:233 F: 0
				8495E6 A6 2C       LDX $2C       [00002C] A:0017 X:0E68 Y:0076 S:0122 D:0000 DB:86 nvMxdizc V:  3 H:239 F: 0
				8495E8 A9 FB       LDA #$FB               A:0017 X:0E68 Y:0076 S:0122 D:0000 DB:86 nvMxdizc V:  3 H:246 F: 0
				8495EA 35 2B       AND $2B,X     [000E93] A:00FB X:0E68 Y:0076 S:0122 D:0000 DB:86 NvMxdizc V:  3 H:249 F: 0
				8495EC 95 2B       STA $2B,X     [000E93] A:0000 X:0E68 Y:0076 S:0122 D:0000 DB:86 nvMxdiZc V:  3 H:256 F: 0
				8495EE 64 01       STZ $01       [000001] A:0000 X:0E68 Y:0076 S:0122 D:0000 DB:86 nvMxdiZc V:  3 H:262 F: 0
				8495F0 B5 2A       LDA $2A,X     [000E92] A:0000 X:0E68 Y:0076 S:0122 D:0000 DB:86 nvMxdiZc V:  3 H:267 F: 0
				8495F2 85 02       STA $02       [000002] A:0017 X:0E68 Y:0076 S:0122 D:0000 DB:86 nvMxdizc V:  3 H:274 F: 0
				8495F4 64 03       STZ $03       [000003] A:0017 X:0E68 Y:0076 S:0122 D:0000 DB:86 nvMxdizc V:  3 H:279 F: 0
				8495F6 B4 05       LDY $05,X     [000E6D] A:0017 X:0E68 Y:0076 S:0122 D:0000 DB:86 nvMxdizc V:  3 H:284 F: 0
				8495F8 84 10       STY $10       [000010] A:0017 X:0E68 Y:078B S:0122 D:0000 DB:86 nvMxdizc V:  3 H:292 F: 0
				8495FA B4 08       LDY $08,X     [000E70] A:0017 X:0E68 Y:078B S:0122 D:0000 DB:86 nvMxdizc V:  3 H:299 F: 0
				8495FC 84 12       STY $12       [000012] A:0017 X:0E68 Y:00A8 S:0122 D:0000 DB:86 nvMxdizc V:  3 H:308 F: 0
				8495FE A6 28       LDX $28       [000028] A:0017 X:0E68 Y:00A8 S:0122 D:0000 DB:86 nvMxdizc V:  3 H:315 F: 0
				849600 FC 1C 96    JSR ($961C,X) [849692] A:0017 X:0076 Y:00A8 S:0122 D:0000 DB:86 nvMxdizc V:  3 H:322 F: 0

				8496B5 A6 2C       LDX $2C       [00002C] A:0017 X:0076 Y:00A8 S:0120 D:0000 DB:86 nvMxdizc V:  3 H:334 F: 0
				8496B7 A5 0E       LDA $0E       [00000E] A:0017 X:0E68 Y:00A8 S:0120 D:0000 DB:86 nvMxdizc V:  4 H:  1 F: 0
				8496B9 85 00       STA $00       [000000] A:0004 X:0E68 Y:00A8 S:0120 D:0000 DB:86 nvMxdizc V:  4 H:  6 F: 0
				8496BB 64 01       STZ $01       [000001] A:0004 X:0E68 Y:00A8 S:0120 D:0000 DB:86 nvMxdizc V:  4 H: 11 F: 0
				8496BD C2 20       REP #$20               A:0004 X:0E68 Y:00A8 S:0120 D:0000 DB:86 nvMxdizc V:  4 H: 16 F: 0
				8496BF A5 08       LDA $08       [000008] A:0004 X:0E68 Y:00A8 S:0120 D:0000 DB:86 nvmxdizc V:  4 H: 20 F: 0
				8496C1 29 7F 00    AND #$007F             A:FF84 X:0E68 Y:00A8 S:0120 D:0000 DB:86 Nvmxdizc V:  4 H: 27 F: 0
				8496C4 18          CLC                    A:0004 X:0E68 Y:00A8 S:0120 D:0000 DB:86 nvmxdizc V:  4 H: 32 F: 0
				8496C5 75 08       ADC $08,X     [000E70] A:0004 X:0E68 Y:00A8 S:0120 D:0000 DB:86 nvmxdizc V:  4 H: 35 F: 0
				8496C7 38          SEC                    A:00AC X:0E68 Y:00A8 S:0120 D:0000 DB:86 nvmxdizc V:  4 H: 43 F: 0
				8496C8 E5 00       SBC $00       [000000] A:00AC X:0E68 Y:00A8 S:0120 D:0000 DB:86 nvmxdizC V:  4 H: 46 F: 0
				8496CA 95 08       STA $08,X     [000E70] A:00A8 X:0E68 Y:00A8 S:0120 D:0000 DB:86 nvmxdizC V:  4 H: 53 F: 0
				8496CC E2 20       SEP #$20               A:00A8 X:0E68 Y:00A8 S:0120 D:0000 DB:86 nvmxdizC V:  4 H: 62 F: 0
				8496CE 74 2F       STZ $2F,X     [000E97] A:00A8 X:0E68 Y:00A8 S:0120 D:0000 DB:86 nvMxdizC V:  4 H: 66 F: 0
				8496D0 A9 01       LDA #$01               A:00A8 X:0E68 Y:00A8 S:0120 D:0000 DB:86 nvMxdizC V:  4 H: 73 F: 0
				8496D2 60          RTS                    A:0001 X:0E68 Y:00A8 S:0120 D:0000 DB:86 nvMxdizC V:  4 H: 76 F: 0

				849603 F0 11       BEQ $0011     [849616] A:0001 X:0E68 Y:00A8 S:0122 D:0000 DB:86 nvMxdizC V:  4 H: 86 F: 0
				849605 A6 2C       LDX $2C       [00002C] A:0001 X:0E68 Y:00A8 S:0122 D:0000 DB:86 nvMxdizC V:  4 H: 89 F: 0
				849607 A9 04       LDA #$04               A:0001 X:0E68 Y:00A8 S:0122 D:0000 DB:86 nvMxdizC V:  4 H: 96 F: 0
				849609 15 2B       ORA $2B,X     [000E93] A:0004 X:0E68 Y:00A8 S:0122 D:0000 DB:86 nvMxdizC V:  4 H: 99 F: 0
				84960B 95 2B       STA $2B,X     [000E93] A:0004 X:0E68 Y:00A8 S:0122 D:0000 DB:86 nvMxdizC V:  4 H:105 F: 0
				84960D 20 4C 99    JSR $994C     [84994C] A:0004 X:0E68 Y:00A8 S:0122 D:0000 DB:86 nvMxdizC V:  4 H:112 F: 0

				84994C AD 1C 1F    LDA $1F1C     [861F1C] A:0004 X:0E68 Y:00A8 S:0120 D:0000 DB:86 nvMxdizC V:  4 H:122 F: 0
				84994F 10 06       BPL $0006     [849957] A:0000 X:0E68 Y:00A8 S:0120 D:0000 DB:86 nvMxdiZC V:  4 H:128 F: 0
				849957 60          RTS                    A:0000 X:0E68 Y:00A8 S:0120 D:0000 DB:86 nvMxdiZC V:  4 H:133 F: 0

				849610 20 08 93    JSR $9308     [849308] A:0000 X:0E68 Y:00A8 S:0122 D:0000 DB:86 nvMxdiZC V:  4 H:153 F: 0

				849308 A5 14       LDA $14       [000014] A:0000 X:0E68 Y:00A8 S:0120 D:0000 DB:86 nvMxdiZC V:  4 H:163 F: 0
				84930A F0 08       BEQ $0008     [849314] A:0000 X:0E68 Y:00A8 S:0120 D:0000 DB:86 nvMxdiZC V:  4 H:168 F: 0
				849314 60          RTS                    A:0000 X:0E68 Y:00A8 S:0120 D:0000 DB:86 nvMxdiZC V:  4 H:172 F: 0

				849613 A9 01       LDA #$01               A:0000 X:0E68 Y:00A8 S:0122 D:0000 DB:86 nvMxdiZC V:  4 H:182 F: 0
				849615 60          RTS                    A:0001 X:0E68 Y:00A8 S:0122 D:0000 DB:86 nvMxdizC V:  4 H:185 F: 0

				849275 D0 32       BNE $0032     [8492A9] A:0001 X:0E68 Y:00A8 S:0124 D:0000 DB:86 nvMxdizC V:  4 H:195 F: 0
				8492A9 C2 30       REP #$30               A:0001 X:0E68 Y:00A8 S:0124 D:0000 DB:86 nvMxdizC V:  4 H:200 F: 0
				8492AB 60          RTS                    A:0001 X:0E68 Y:00A8 S:0124 D:0000 DB:86 nvmxdizC V:  4 H:204 F: 0

				8491DB 2B          PLD                    A:0001 X:0E68 Y:00A8 S:0126 D:0000 DB:86 nvmxdizC V:  4 H:214 F: 0
				8491DC 28          PLP                    A:0001 X:0E68 Y:00A8 S:0128 D:0E68 DB:86 nvmxdizC V:  4 H:223 F: 0
				8491DD 6B          RTL                    A:0001 X:0068 Y:00A8 S:0129 D:0E68 DB:86 nvMXdizC V:  4 H:229 F: 0

			879010 C6 34       DEC $34       [000E9C] A:0001 X:0068 Y:00A8 S:012C D:0E68 DB:86 nvMXdizC V:  4 H:240 F: 0		Decrease E-CD2 = #$10
			879012 F0 01       BEQ $0001     [879015] A:0001 X:0068 Y:00A8 S:012C D:0E68 DB:86 nvMXdizC V:  4 H:250 F: 0		Branch if E-CD2 = #$00
			879014 60          RTS                    A:0001 X:0068 Y:00A8 S:012C D:0E68 DB:86 nvMXdizC V:  4 H:253 F: 0		Return

		878C23 A5 37       LDA $37       [000E9F] A:0001 X:0068 Y:00A8 S:012E D:0E68 DB:86 nvMXdizC V:  4 H:263 F: 0
		878C25 F0 12       BEQ $0012     [878C39] A:0000 X:0068 Y:00A8 S:012E D:0E68 DB:86 nvMXdiZC V:  4 H:269 F: 0
		878C39 A9 0D       LDA #$0D               A:0000 X:0068 Y:00A8 S:012E D:0E68 DB:86 nvMXdiZC V:  4 H:274 F: 0
		878C3B A6 3D       LDX $3D       [000EA5] A:000D X:0068 Y:00A8 S:012E D:0E68 DB:86 nvMXdizC V:  4 H:277 F: 0
		878C3D F0 02       BEQ $0002     [878C41] A:000D X:003B Y:00A8 S:012E D:0E68 DB:86 nvMXdizC V:  4 H:283 F: 0
		878C3F A9 05       LDA #$05               A:000D X:003B Y:00A8 S:012E D:0E68 DB:86 nvMXdizC V:  4 H:286 F: 0
		878C41 85 28       STA $28       [000E90] A:0005 X:003B Y:00A8 S:012E D:0E68 DB:86 nvMXdizC V:  4 H:289 F: 0
		878C43 AD DB 0B    LDA $0BDB     [860BDB] A:0005 X:003B Y:00A8 S:012E D:0E68 DB:86 nvMXdizC V:  4 H:296 F: 0
		878C46 C9 02       CMP #$02               A:0000 X:003B Y:00A8 S:012E D:0E68 DB:86 nvMXdiZC V:  4 H:302 F: 0
		878C48 F0 04       BEQ $0004     [878C4E] A:0000 X:003B Y:00A8 S:012E D:0E68 DB:86 NvMXdizc V:  4 H:305 F: 0
		878C4A A5 38       LDA $38       [000EA0] A:0000 X:003B Y:00A8 S:012E D:0E68 DB:86 NvMXdizc V:  4 H:308 F: 0
		878C4C D0 4D       BNE $004D     [878C9B] A:0000 X:003B Y:00A8 S:012E D:0E68 DB:86 nvMXdiZc V:  4 H:315 F: 0
		878C4E 22 43 9B 84 JSL $849B43   [849B43] A:0000 X:003B Y:00A8 S:012E D:0E68 DB:86 nvMXdiZc V:  4 H:318 F: 0

			849B43 C2 10       REP #$10               A:0000 X:003B Y:00A8 S:012B D:0E68 DB:86 nvMXdiZc V:  4 H:330 F: 0
			849B45 A5 27       LDA $27       [000E8F] A:0000 X:003B Y:00A8 S:012B D:0E68 DB:86 nvMxdiZc V:  4 H:335 F: 0
			849B47 29 7F       AND #$7F               A:0009 X:003B Y:00A8 S:012B D:0E68 DB:86 nvMxdizc V:  5 H:  1 F: 0
			849B49 85 27       STA $27       [000E8F] A:0009 X:003B Y:00A8 S:012B D:0E68 DB:86 nvMxdizc V:  5 H:  4 F: 0
			849B4B F0 2C       BEQ $002C     [849B79] A:0009 X:003B Y:00A8 S:012B D:0E68 DB:86 nvMxdizc V:  5 H: 11 F: 0
			849B4D A5 30       LDA $30       [000E98] A:0009 X:003B Y:00A8 S:012B D:0E68 DB:86 nvMxdizc V:  5 H: 14 F: 0
			849B4F D0 28       BNE $0028     [849B79] A:0000 X:003B Y:00A8 S:012B D:0E68 DB:86 nvMxdiZc V:  5 H: 20 F: 0
			849B51 A5 0E       LDA $0E       [000E76] A:0000 X:003B Y:00A8 S:012B D:0E68 DB:86 nvMxdiZc V:  5 H: 23 F: 0
			849B53 F0 24       BEQ $0024     [849B79] A:0001 X:003B Y:00A8 S:012B D:0E68 DB:86 nvMxdizc V:  5 H: 30 F: 0
			849B55 A2 28 12    LDX #$1228             A:0001 X:003B Y:00A8 S:012B D:0E68 DB:86 nvMxdizc V:  5 H: 33 F: 0
			849B58 E2 20       SEP #$20               A:0001 X:1228 Y:00A8 S:012B D:0E68 DB:86 nvMxdizc V:  5 H: 37 F: 0
			849B5A BD 00 00    LDA $0000,X   [861228] A:0001 X:1228 Y:00A8 S:012B D:0E68 DB:86 nvMxdizc V:  5 H: 42 F: 0
			849B5D F0 0E       BEQ $000E     [849B6D] A:0000 X:1228 Y:00A8 S:012B D:0E68 DB:86 nvMxdiZc V:  5 H: 50 F: 0
			849B6D C2 21       REP #$21               A:0000 X:1228 Y:00A8 S:012B D:0E68 DB:86 nvMxdiZc V:  5 H: 54 F: 0
			849B6F 8A          TXA                    A:0000 X:1228 Y:00A8 S:012B D:0E68 DB:86 nvmxdiZc V:  5 H: 59 F: 0
			849B70 69 40 00    ADC #$0040             A:1228 X:1228 Y:00A8 S:012B D:0E68 DB:86 nvmxdizc V:  5 H: 62 F: 0
			849B73 AA          TAX                    A:1268 X:1228 Y:00A8 S:012B D:0E68 DB:86 nvmxdizc V:  5 H: 66 F: 0
			849B74 C9 28 14    CMP #$1428             A:1268 X:1268 Y:00A8 S:012B D:0E68 DB:86 nvmxdizc V:  5 H: 69 F: 0
			849B77 90 DF       BCC $00DF     [849B58] A:1268 X:1268 Y:00A8 S:012B D:0E68 DB:86 Nvmxdizc V:  5 H: 74 F: 0
			849B58 E2 20       SEP #$20               A:1268 X:1268 Y:00A8 S:012B D:0E68 DB:86 Nvmxdizc V:  5 H: 78 F: 0
			849B5A BD 00 00    LDA $0000,X   [861268] A:1268 X:1268 Y:00A8 S:012B D:0E68 DB:86 NvMxdizc V:  5 H: 83 F: 0
			849B5D F0 0E       BEQ $000E     [849B6D] A:1200 X:1268 Y:00A8 S:012B D:0E68 DB:86 nvMxdiZc V:  5 H: 91 F: 0
			849B6D C2 21       REP #$21               A:1200 X:1268 Y:00A8 S:012B D:0E68 DB:86 nvMxdiZc V:  5 H: 95 F: 0
			849B6F 8A          TXA                    A:1200 X:1268 Y:00A8 S:012B D:0E68 DB:86 nvmxdiZc V:  5 H:100 F: 0
			849B70 69 40 00    ADC #$0040             A:1268 X:1268 Y:00A8 S:012B D:0E68 DB:86 nvmxdizc V:  5 H:103 F: 0
			849B73 AA          TAX                    A:12A8 X:1268 Y:00A8 S:012B D:0E68 DB:86 nvmxdizc V:  5 H:107 F: 0
			849B74 C9 28 14    CMP #$1428             A:12A8 X:12A8 Y:00A8 S:012B D:0E68 DB:86 nvmxdizc V:  5 H:110 F: 0
			849B77 90 DF       BCC $00DF     [849B58] A:12A8 X:12A8 Y:00A8 S:012B D:0E68 DB:86 Nvmxdizc V:  5 H:115 F: 0
			849B58 E2 20       SEP #$20               A:12A8 X:12A8 Y:00A8 S:012B D:0E68 DB:86 Nvmxdizc V:  5 H:119 F: 0
			849B5A BD 00 00    LDA $0000,X   [8612A8] A:12A8 X:12A8 Y:00A8 S:012B D:0E68 DB:86 NvMxdizc V:  5 H:124 F: 0
			849B5D F0 0E       BEQ $000E     [849B6D] A:1200 X:12A8 Y:00A8 S:012B D:0E68 DB:86 nvMxdiZc V:  5 H:132 F: 0
			849B6D C2 21       REP #$21               A:1200 X:12A8 Y:00A8 S:012B D:0E68 DB:86 nvMxdiZc V:  5 H:146 F: 0
			849B6F 8A          TXA                    A:1200 X:12A8 Y:00A8 S:012B D:0E68 DB:86 nvmxdiZc V:  5 H:151 F: 0
			849B70 69 40 00    ADC #$0040             A:12A8 X:12A8 Y:00A8 S:012B D:0E68 DB:86 nvmxdizc V:  5 H:154 F: 0
			849B73 AA          TAX                    A:12E8 X:12A8 Y:00A8 S:012B D:0E68 DB:86 nvmxdizc V:  5 H:158 F: 0
			849B74 C9 28 14    CMP #$1428             A:12E8 X:12E8 Y:00A8 S:012B D:0E68 DB:86 nvmxdizc V:  5 H:161 F: 0
			849B77 90 DF       BCC $00DF     [849B58] A:12E8 X:12E8 Y:00A8 S:012B D:0E68 DB:86 Nvmxdizc V:  5 H:166 F: 0
			849B58 E2 20       SEP #$20               A:12E8 X:12E8 Y:00A8 S:012B D:0E68 DB:86 Nvmxdizc V:  5 H:170 F: 0
			849B5A BD 00 00    LDA $0000,X   [8612E8] A:12E8 X:12E8 Y:00A8 S:012B D:0E68 DB:86 NvMxdizc V:  5 H:175 F: 0
			849B5D F0 0E       BEQ $000E     [849B6D] A:1200 X:12E8 Y:00A8 S:012B D:0E68 DB:86 nvMxdiZc V:  5 H:183 F: 0
			849B6D C2 21       REP #$21               A:1200 X:12E8 Y:00A8 S:012B D:0E68 DB:86 nvMxdiZc V:  5 H:187 F: 0
			849B6F 8A          TXA                    A:1200 X:12E8 Y:00A8 S:012B D:0E68 DB:86 nvmxdiZc V:  5 H:192 F: 0
			849B70 69 40 00    ADC #$0040             A:12E8 X:12E8 Y:00A8 S:012B D:0E68 DB:86 nvmxdizc V:  5 H:195 F: 0
			849B73 AA          TAX                    A:1328 X:12E8 Y:00A8 S:012B D:0E68 DB:86 nvmxdizc V:  5 H:199 F: 0
			849B74 C9 28 14    CMP #$1428             A:1328 X:1328 Y:00A8 S:012B D:0E68 DB:86 nvmxdizc V:  5 H:202 F: 0
			849B77 90 DF       BCC $00DF     [849B58] A:1328 X:1328 Y:00A8 S:012B D:0E68 DB:86 Nvmxdizc V:  5 H:207 F: 0
			849B58 E2 20       SEP #$20               A:1328 X:1328 Y:00A8 S:012B D:0E68 DB:86 Nvmxdizc V:  5 H:211 F: 0
			849B5A BD 00 00    LDA $0000,X   [861328] A:1328 X:1328 Y:00A8 S:012B D:0E68 DB:86 NvMxdizc V:  5 H:216 F: 0
			849B5D F0 0E       BEQ $000E     [849B6D] A:1300 X:1328 Y:00A8 S:012B D:0E68 DB:86 nvMxdiZc V:  5 H:224 F: 0
			849B6D C2 21       REP #$21               A:1300 X:1328 Y:00A8 S:012B D:0E68 DB:86 nvMxdiZc V:  5 H:228 F: 0
			849B6F 8A          TXA                    A:1300 X:1328 Y:00A8 S:012B D:0E68 DB:86 nvmxdiZc V:  5 H:233 F: 0
			849B70 69 40 00    ADC #$0040             A:1328 X:1328 Y:00A8 S:012B D:0E68 DB:86 nvmxdizc V:  5 H:236 F: 0
			849B73 AA          TAX                    A:1368 X:1328 Y:00A8 S:012B D:0E68 DB:86 nvmxdizc V:  5 H:240 F: 0
			849B74 C9 28 14    CMP #$1428             A:1368 X:1368 Y:00A8 S:012B D:0E68 DB:86 nvmxdizc V:  5 H:243 F: 0
			849B77 90 DF       BCC $00DF     [849B58] A:1368 X:1368 Y:00A8 S:012B D:0E68 DB:86 Nvmxdizc V:  5 H:248 F: 0
			849B58 E2 20       SEP #$20               A:1368 X:1368 Y:00A8 S:012B D:0E68 DB:86 Nvmxdizc V:  5 H:252 F: 0
			849B5A BD 00 00    LDA $0000,X   [861368] A:1368 X:1368 Y:00A8 S:012B D:0E68 DB:86 NvMxdizc V:  5 H:257 F: 0
			849B5D F0 0E       BEQ $000E     [849B6D] A:1300 X:1368 Y:00A8 S:012B D:0E68 DB:86 nvMxdiZc V:  5 H:265 F: 0
			849B6D C2 21       REP #$21               A:1300 X:1368 Y:00A8 S:012B D:0E68 DB:86 nvMxdiZc V:  5 H:269 F: 0
			849B6F 8A          TXA                    A:1300 X:1368 Y:00A8 S:012B D:0E68 DB:86 nvmxdiZc V:  5 H:274 F: 0
			849B70 69 40 00    ADC #$0040             A:1368 X:1368 Y:00A8 S:012B D:0E68 DB:86 nvmxdizc V:  5 H:277 F: 0
			849B73 AA          TAX                    A:13A8 X:1368 Y:00A8 S:012B D:0E68 DB:86 nvmxdizc V:  5 H:281 F: 0
			849B74 C9 28 14    CMP #$1428             A:13A8 X:13A8 Y:00A8 S:012B D:0E68 DB:86 nvmxdizc V:  5 H:284 F: 0
			849B77 90 DF       BCC $00DF     [849B58] A:13A8 X:13A8 Y:00A8 S:012B D:0E68 DB:86 Nvmxdizc V:  5 H:289 F: 0
			849B58 E2 20       SEP #$20               A:13A8 X:13A8 Y:00A8 S:012B D:0E68 DB:86 Nvmxdizc V:  5 H:293 F: 0
			849B5A BD 00 00    LDA $0000,X   [8613A8] A:13A8 X:13A8 Y:00A8 S:012B D:0E68 DB:86 NvMxdizc V:  5 H:298 F: 0
			849B5D F0 0E       BEQ $000E     [849B6D] A:1300 X:13A8 Y:00A8 S:012B D:0E68 DB:86 nvMxdiZc V:  5 H:306 F: 0
			849B6D C2 21       REP #$21               A:1300 X:13A8 Y:00A8 S:012B D:0E68 DB:86 nvMxdiZc V:  5 H:310 F: 0
			849B6F 8A          TXA                    A:1300 X:13A8 Y:00A8 S:012B D:0E68 DB:86 nvmxdiZc V:  5 H:315 F: 0
			849B70 69 40 00    ADC #$0040             A:13A8 X:13A8 Y:00A8 S:012B D:0E68 DB:86 nvmxdizc V:  5 H:318 F: 0
			849B73 AA          TAX                    A:13E8 X:13A8 Y:00A8 S:012B D:0E68 DB:86 nvmxdizc V:  5 H:322 F: 0
			849B74 C9 28 14    CMP #$1428             A:13E8 X:13E8 Y:00A8 S:012B D:0E68 DB:86 nvmxdizc V:  5 H:325 F: 0
			849B77 90 DF       BCC $00DF     [849B58] A:13E8 X:13E8 Y:00A8 S:012B D:0E68 DB:86 Nvmxdizc V:  5 H:329 F: 0
			849B58 E2 20       SEP #$20               A:13E8 X:13E8 Y:00A8 S:012B D:0E68 DB:86 Nvmxdizc V:  5 H:333 F: 0
			849B5A BD 00 00    LDA $0000,X   [8613E8] A:13E8 X:13E8 Y:00A8 S:012B D:0E68 DB:86 NvMxdizc V:  5 H:338 F: 0
			849B5D F0 0E       BEQ $000E     [849B6D] A:1300 X:13E8 Y:00A8 S:012B D:0E68 DB:86 nvMxdiZc V:  6 H:  6 F: 0
			849B6D C2 21       REP #$21               A:1300 X:13E8 Y:00A8 S:012B D:0E68 DB:86 nvMxdiZc V:  6 H: 10 F: 0
			849B6F 8A          TXA                    A:1300 X:13E8 Y:00A8 S:012B D:0E68 DB:86 nvmxdiZc V:  6 H: 15 F: 0
			849B70 69 40 00    ADC #$0040             A:13E8 X:13E8 Y:00A8 S:012B D:0E68 DB:86 nvmxdizc V:  6 H: 18 F: 0
			849B73 AA          TAX                    A:1428 X:13E8 Y:00A8 S:012B D:0E68 DB:86 nvmxdizc V:  6 H: 22 F: 0
			849B74 C9 28 14    CMP #$1428             A:1428 X:1428 Y:00A8 S:012B D:0E68 DB:86 nvmxdizc V:  6 H: 25 F: 0
			849B77 90 DF       BCC $00DF     [849B58] A:1428 X:1428 Y:00A8 S:012B D:0E68 DB:86 nvmxdiZC V:  6 H: 30 F: 0
			849B79 E2 30       SEP #$30               A:1428 X:1428 Y:00A8 S:012B D:0E68 DB:86 nvmxdiZC V:  6 H: 33 F: 0
			849B7B A9 00       LDA #$00               A:1428 X:0028 Y:00A8 S:012B D:0E68 DB:86 nvMXdiZC V:  6 H: 37 F: 0
			849B7D 6B          RTL                    A:1400 X:0028 Y:00A8 S:012B D:0E68 DB:86 nvMXdiZC V:  6 H: 40 F: 0

		878C52 F0 47       BEQ $0047     [878C9B] A:1400 X:0028 Y:00A8 S:012E D:0E68 DB:86 nvMXdiZC V:  6 H: 51 F: 0
		878C9B A5 3D       LDA $3D       [000EA5] A:1400 X:0028 Y:00A8 S:012E D:0E68 DB:86 nvMXdiZC V:  6 H: 55 F: 0
		878C9D F0 0B       BEQ $000B     [878CAA] A:143B X:0028 Y:00A8 S:012E D:0E68 DB:86 nvMXdizC V:  6 H: 62 F: 0
		878C9F 3A          DEC                    A:143B X:0028 Y:00A8 S:012E D:0E68 DB:86 nvMXdizC V:  6 H: 65 F: 0
		878CA0 85 3D       STA $3D       [000EA5] A:143A X:0028 Y:00A8 S:012E D:0E68 DB:86 nvMXdizC V:  6 H: 68 F: 0
		878CA2 29 03       AND #$03               A:143A X:0028 Y:00A8 S:012E D:0E68 DB:86 nvMXdizC V:  6 H: 74 F: 0
		878CA4 D0 04       BNE $0004     [878CAA] A:1402 X:0028 Y:00A8 S:012E D:0E68 DB:86 nvMXdizC V:  6 H: 77 F: 0
		878CAA A5 27       LDA $27       [000E8F] A:1402 X:0028 Y:00A8 S:012E D:0E68 DB:86 nvMXdizC V:  6 H: 82 F: 0
		878CAC 29 7F       AND #$7F               A:1409 X:0028 Y:00A8 S:012E D:0E68 DB:86 nvMXdizC V:  6 H: 88 F: 0
		878CAE D0 19       BNE $0019     [878CC9] A:1409 X:0028 Y:00A8 S:012E D:0E68 DB:86 nvMXdizC V:  6 H: 91 F: 0
		878CC9 A5 38       LDA $38       [000EA0] A:1409 X:0028 Y:00A8 S:012E D:0E68 DB:86 nvMXdizC V:  6 H: 96 F: 0
		878CCB D0 13       BNE $0013     [878CE0] A:1400 X:0028 Y:00A8 S:012E D:0E68 DB:86 nvMXdiZC V:  6 H:102 F: 0
		878CCD A5 39       LDA $39       [000EA1] A:1400 X:0028 Y:00A8 S:012E D:0E68 DB:86 nvMXdiZC V:  6 H:105 F: 0
		878CCF D0 0F       BNE $000F     [878CE0] A:1400 X:0028 Y:00A8 S:012E D:0E68 DB:86 nvMXdiZC V:  6 H:112 F: 0
		878CD1 22 03 9B 84 JSL $849B03   [849B03] A:1400 X:0028 Y:00A8 S:012E D:0E68 DB:86 nvMXdiZC V:  6 H:115 F: 0

			849B03 C2 10       REP #$10               A:1400 X:0028 Y:00A8 S:012B D:0E68 DB:86 nvMXdiZC V:  6 H:128 F: 0
			849B05 A5 27       LDA $27       [000E8F] A:1400 X:0028 Y:00A8 S:012B D:0E68 DB:86 nvMxdiZC V:  6 H:133 F: 0
			849B07 F0 70       BEQ $0070     [849B79] A:1409 X:0028 Y:00A8 S:012B D:0E68 DB:86 nvMxdizC V:  6 H:149 F: 0
			849B09 A5 0E       LDA $0E       [000E76] A:1409 X:0028 Y:00A8 S:012B D:0E68 DB:86 nvMxdizC V:  6 H:152 F: 0
			849B0B F0 31       BEQ $0031     [849B3E] A:1401 X:0028 Y:00A8 S:012B D:0E68 DB:86 nvMxdizC V:  6 H:159 F: 0
			849B0D AD 0C 1F    LDA $1F0C     [861F0C] A:1401 X:0028 Y:00A8 S:012B D:0E68 DB:86 nvMxdizC V:  6 H:162 F: 0
			849B10 D0 2C       BNE $002C     [849B3E] A:1400 X:0028 Y:00A8 S:012B D:0E68 DB:86 nvMxdiZC V:  6 H:168 F: 0
			849B12 AD 32 0C    LDA $0C32     [860C32] A:1400 X:0028 Y:00A8 S:012B D:0E68 DB:86 nvMxdiZC V:  6 H:171 F: 0
			849B15 D0 11       BNE $0011     [849B28] A:1400 X:0028 Y:00A8 S:012B D:0E68 DB:86 nvMxdiZC V:  6 H:178 F: 0
			849B17 AD 30 0C    LDA $0C30     [860C30] A:1400 X:0028 Y:00A8 S:012B D:0E68 DB:86 nvMxdiZC V:  6 H:181 F: 0
			849B1A D0 0C       BNE $000C     [849B28] A:1400 X:0028 Y:00A8 S:012B D:0E68 DB:86 nvMxdiZC V:  6 H:187 F: 0
			849B1C A2 A8 0B    LDX #$0BA8             A:1400 X:0028 Y:00A8 S:012B D:0E68 DB:86 nvMxdiZC V:  6 H:190 F: 0
			849B1F 22 0E 9C 84 JSL $849C0E   [849C0E] A:1400 X:0BA8 Y:00A8 S:012B D:0E68 DB:86 nvMxdizC V:  6 H:195 F: 0

				849C0E 5A          PHY                    A:1400 X:0BA8 Y:00A8 S:0128 D:0E68 DB:86 nvMxdizC V:  6 H:208 F: 0
				849C0F A4 20       LDY $20       [000E88] A:1400 X:0BA8 Y:00A8 S:0126 D:0E68 DB:86 nvMxdizC V:  6 H:215 F: 0
				849C11 D0 03       BNE $0003     [849C16] A:1400 X:0BA8 Y:C58D S:0126 D:0E68 DB:86 NvMxdizC V:  6 H:224 F: 0
				849C16 BC 20 00    LDY $0020,X   [860BC8] A:1400 X:0BA8 Y:C58D S:0126 D:0E68 DB:86 NvMxdizC V:  6 H:228 F: 0
				849C19 D0 03       BNE $0003     [849C1E] A:1400 X:0BA8 Y:A552 S:0126 D:0E68 DB:86 NvMxdizC V:  6 H:238 F: 0
				849C1E C2 20       REP #$20               A:1400 X:0BA8 Y:A552 S:0126 D:0E68 DB:86 NvMxdizC V:  6 H:243 F: 0
				849C20 DA          PHX                    A:1400 X:0BA8 Y:A552 S:0126 D:0E68 DB:86 NvmxdizC V:  6 H:247 F: 0
				849C21 BD 05 00    LDA $0005,X   [860BAD] A:1400 X:0BA8 Y:A552 S:0124 D:0E68 DB:86 NvmxdizC V:  6 H:254 F: 0
				849C24 8D 04 00    STA $0004     [860004] A:07DD X:0BA8 Y:A552 S:0124 D:0E68 DB:86 nvmxdizC V:  6 H:264 F: 0
				849C27 BD 08 00    LDA $0008,X   [860BB0] A:07DD X:0BA8 Y:A552 S:0124 D:0E68 DB:86 nvmxdizC V:  6 H:273 F: 0
				849C2A 8D 06 00    STA $0006     [860006] A:00AF X:0BA8 Y:A552 S:0124 D:0E68 DB:86 nvmxdizC V:  6 H:283 F: 0
				849C2D A5 05       LDA $05       [000E6D] A:00AF X:0BA8 Y:A552 S:0124 D:0E68 DB:86 nvmxdizC V:  6 H:291 F: 0
				849C2F 8D 0C 00    STA $000C     [86000C] A:078B X:0BA8 Y:A552 S:0124 D:0E68 DB:86 nvmxdizC V:  6 H:300 F: 0
				849C32 A5 08       LDA $08       [000E70] A:078B X:0BA8 Y:A552 S:0124 D:0E68 DB:86 nvmxdizC V:  6 H:308 F: 0
				849C34 8D 0E 00    STA $000E     [86000E] A:00A8 X:0BA8 Y:A552 S:0124 D:0E68 DB:86 nvmxdizC V:  6 H:317 F: 0
				849C37 E2 20       SEP #$20               A:00A8 X:0BA8 Y:A552 S:0124 D:0E68 DB:86 nvmxdizC V:  6 H:325 F: 0
				849C39 BD 11 00    LDA $0011,X   [860BB9] A:00A8 X:0BA8 Y:A552 S:0124 D:0E68 DB:86 nvMxdizC V:  6 H:329 F: 0
				849C3C 8D 08 00    STA $0008     [860008] A:0022 X:0BA8 Y:A552 S:0124 D:0E68 DB:86 nvMxdizC V:  6 H:337 F: 0
				849C3F A5 11       LDA $11       [000E79] A:0022 X:0BA8 Y:A552 S:0124 D:0E68 DB:86 nvMxdizC V:  7 H:  3 F: 0
				849C41 8D 09 00    STA $0009     [860009] A:0069 X:0BA8 Y:A552 S:0124 D:0E68 DB:86 nvMxdizC V:  7 H: 10 F: 0
				849C44 BC 20 00    LDY $0020,X   [860BC8] A:0069 X:0BA8 Y:A552 S:0124 D:0E68 DB:86 nvMxdizC V:  7 H: 16 F: 0
				849C47 A6 20       LDX $20       [000E88] A:0069 X:0BA8 Y:A552 S:0124 D:0E68 DB:86 NvMxdizC V:  7 H: 26 F: 0
				849C49 0B          PHD                    A:0069 X:C58D Y:A552 S:0124 D:0E68 DB:86 NvMxdizC V:  7 H: 35 F: 0
				849C4A F4 00 00    PEA $0000              A:0069 X:C58D Y:A552 S:0122 D:0E68 DB:86 NvMxdizC V:  7 H: 42 F: 0
				849C4D 2B          PLD                    A:0069 X:C58D Y:A552 S:0120 D:0E68 DB:86 NvMxdizC V:  7 H: 50 F: 0
				849C4E BD 02 00    LDA $0002,X   [86C58F] A:0069 X:C58D Y:A552 S:0122 D:0000 DB:86 nvMxdiZC V:  7 H: 59 F: 0
				849C51 18          CLC                    A:000A X:C58D Y:A552 S:0122 D:0000 DB:86 nvMxdizC V:  7 H: 66 F: 0
				849C52 79 02 00    ADC $0002,Y   [86A554] A:000A X:C58D Y:A552 S:0122 D:0000 DB:86 nvMxdizc V:  7 H: 69 F: 0
				849C55 85 00       STA $00       [000000] A:0010 X:C58D Y:A552 S:0122 D:0000 DB:86 nvMxdizc V:  7 H: 77 F: 0
				849C57 64 01       STZ $01       [000001] A:0010 X:C58D Y:A552 S:0122 D:0000 DB:86 nvMxdizc V:  7 H: 82 F: 0
				849C59 BD 03 00    LDA $0003,X   [86C590] A:0010 X:C58D Y:A552 S:0122 D:0000 DB:86 nvMxdizc V:  7 H: 87 F: 0
				849C5C 18          CLC                    A:0012 X:C58D Y:A552 S:0122 D:0000 DB:86 nvMxdizc V:  7 H: 94 F: 0
				849C5D 79 03 00    ADC $0003,Y   [86A555] A:0012 X:C58D Y:A552 S:0122 D:0000 DB:86 nvMxdizc V:  7 H: 97 F: 0
				849C60 85 02       STA $02       [000002] A:0020 X:C58D Y:A552 S:0122 D:0000 DB:86 nvMxdizc V:  7 H:105 F: 0
				849C62 64 03       STZ $03       [000003] A:0020 X:C58D Y:A552 S:0122 D:0000 DB:86 nvMxdizc V:  7 H:110 F: 0
				849C64 C2 21       REP #$21               A:0020 X:C58D Y:A552 S:0122 D:0000 DB:86 nvMxdizc V:  7 H:115 F: 0
				849C66 B9 00 00    LDA $0000,Y   [86A552] A:0020 X:C58D Y:A552 S:0122 D:0000 DB:86 nvmxdizc V:  7 H:119 F: 0
				849C69 29 FF 00    AND #$00FF             A:FF00 X:C58D Y:A552 S:0122 D:0000 DB:86 Nvmxdizc V:  7 H:128 F: 0
				849C6C 89 80 00    BIT #$0080             A:0000 X:C58D Y:A552 S:0122 D:0000 DB:86 nvmxdiZc V:  7 H:133 F: 0
				849C6F F0 03       BEQ $0003     [849C74] A:0000 X:C58D Y:A552 S:0122 D:0000 DB:86 nvmxdiZc V:  7 H:147 F: 0
				849C74 24 07       BIT $07       [000007] A:0000 X:C58D Y:A552 S:0122 D:0000 DB:86 nvmxdiZc V:  7 H:152 F: 0
				849C76 50 04       BVC $0004     [849C7C] A:0000 X:C58D Y:A552 S:0122 D:0000 DB:86 nvmxdiZc V:  7 H:159 F: 0
				849C7C 85 0A       STA $0A       [00000A] A:0000 X:C58D Y:A552 S:0122 D:0000 DB:86 nvmxdiZc V:  7 H:163 F: 0
				849C7E 64 10       STZ $10       [000010] A:0000 X:C58D Y:A552 S:0122 D:0000 DB:86 nvmxdiZc V:  7 H:170 F: 0
				849C80 BD 00 00    LDA $0000,X   [86C58D] A:0000 X:C58D Y:A552 S:0122 D:0000 DB:86 nvmxdiZc V:  7 H:177 F: 0
				849C83 29 FF 00    AND #$00FF             A:0400 X:C58D Y:A552 S:0122 D:0000 DB:86 nvmxdizc V:  7 H:186 F: 0
				849C86 89 80 00    BIT #$0080             A:0000 X:C58D Y:A552 S:0122 D:0000 DB:86 nvmxdiZc V:  7 H:191 F: 0
				849C89 F0 03       BEQ $0003     [849C8E] A:0000 X:C58D Y:A552 S:0122 D:0000 DB:86 nvmxdiZc V:  7 H:195 F: 0
				849C8E 24 08       BIT $08       [000008] A:0000 X:C58D Y:A552 S:0122 D:0000 DB:86 nvmxdiZc V:  7 H:200 F: 0
				849C90 50 04       BVC $0004     [849C96] A:0000 X:C58D Y:A552 S:0122 D:0000 DB:86 nVmxdiZc V:  7 H:207 F: 0
				849C92 49 FF FF    EOR #$FFFF             A:0000 X:C58D Y:A552 S:0122 D:0000 DB:86 nVmxdiZc V:  7 H:210 F: 0
				849C95 1A          INC                    A:FFFF X:C58D Y:A552 S:0122 D:0000 DB:86 NVmxdizc V:  7 H:214 F: 0
				849C96 65 0C       ADC $0C       [00000C] A:0000 X:C58D Y:A552 S:0122 D:0000 DB:86 nVmxdiZc V:  7 H:217 F: 0
				849C98 38          SEC                    A:078B X:C58D Y:A552 S:0122 D:0000 DB:86 nvmxdizc V:  7 H:224 F: 0
				849C99 E5 04       SBC $04       [000004] A:078B X:C58D Y:A552 S:0122 D:0000 DB:86 nvmxdizC V:  7 H:227 F: 0
				849C9B 38          SEC                    A:FFAE X:C58D Y:A552 S:0122 D:0000 DB:86 Nvmxdizc V:  7 H:234 F: 0
				849C9C E5 0A       SBC $0A       [00000A] A:FFAE X:C58D Y:A552 S:0122 D:0000 DB:86 NvmxdizC V:  7 H:237 F: 0
				849C9E 10 06       BPL $0006     [849CA6] A:FFAE X:C58D Y:A552 S:0122 D:0000 DB:86 NvmxdizC V:  7 H:244 F: 0
				849CA0 C6 10       DEC $10       [000010] A:FFAE X:C58D Y:A552 S:0122 D:0000 DB:86 NvmxdizC V:  7 H:247 F: 0
				849CA2 49 FF FF    EOR #$FFFF             A:FFAE X:C58D Y:A552 S:0122 D:0000 DB:86 NvmxdizC V:  7 H:260 F: 0
				849CA5 1A          INC                    A:0051 X:C58D Y:A552 S:0122 D:0000 DB:86 nvmxdizC V:  7 H:264 F: 0
				849CA6 85 04       STA $04       [000004] A:0052 X:C58D Y:A552 S:0122 D:0000 DB:86 nvmxdizC V:  7 H:267 F: 0
				849CA8 A5 00       LDA $00       [000000] A:0052 X:C58D Y:A552 S:0122 D:0000 DB:86 nvmxdizC V:  7 H:274 F: 0
				849CAA 38          SEC                    A:0010 X:C58D Y:A552 S:0122 D:0000 DB:86 nvmxdizC V:  7 H:281 F: 0
				849CAB E5 04       SBC $04       [000004] A:0010 X:C58D Y:A552 S:0122 D:0000 DB:86 nvmxdizC V:  7 H:284 F: 0
				849CAD 1A          INC                    A:FFBE X:C58D Y:A552 S:0122 D:0000 DB:86 Nvmxdizc V:  7 H:291 F: 0
				849CAE 85 04       STA $04       [000004] A:FFBF X:C58D Y:A552 S:0122 D:0000 DB:86 Nvmxdizc V:  7 H:294 F: 0
				849CB0 24 0F       BIT $0F       [00000F] A:FFBF X:C58D Y:A552 S:0122 D:0000 DB:86 Nvmxdizc V:  7 H:301 F: 0
				849CB2 30 04       BMI $0004     [849CB8] A:FFBF X:C58D Y:A552 S:0122 D:0000 DB:86 NVmxdizc V:  7 H:308 F: 0
				849CB8 85 00       STA $00       [000000] A:FFBF X:C58D Y:A552 S:0122 D:0000 DB:86 NVmxdizc V:  7 H:313 F: 0
				849CBA 90 45       BCC $0045     [849D01] A:FFBF X:C58D Y:A552 S:0122 D:0000 DB:86 NVmxdizc V:  7 H:320 F: 0
				849D01 E2 20       SEP #$20               A:FFBF X:C58D Y:A552 S:0122 D:0000 DB:86 NVmxdizc V:  7 H:324 F: 0
				849D03 2B          PLD                    A:FFBF X:C58D Y:A552 S:0122 D:0000 DB:86 NVMxdizc V:  7 H:328 F: 0
				849D04 FA          PLX                    A:FFBF X:C58D Y:A552 S:0124 D:0E68 DB:86 nVMxdizc V:  7 H:336 F: 0
				849D05 7A          PLY                    A:FFBF X:0BA8 Y:A552 S:0126 D:0E68 DB:86 nVMxdizc V:  8 H:  5 F: 0
				849D06 6B          RTL                    A:FFBF X:0BA8 Y:00A8 S:0128 D:0E68 DB:86 nVMxdizc V:  8 H: 13 F: 0

			849B23 90 19       BCC $0019     [849B3E] A:FFBF X:0BA8 Y:00A8 S:012B D:0E68 DB:86 nVMxdizc V:  8 H: 24 F: 0
			849B3E E2 10       SEP #$10               A:FFBF X:0BA8 Y:00A8 S:012B D:0E68 DB:86 nVMxdizc V:  8 H: 28 F: 0
			849B40 A9 00       LDA #$00               A:FFBF X:00A8 Y:00A8 S:012B D:0E68 DB:86 nVMXdizc V:  8 H: 33 F: 0
			849B42 6B          RTL                    A:FF00 X:00A8 Y:00A8 S:012B D:0E68 DB:86 nVMXdiZc V:  8 H: 36 F: 0

		878CD5 AD CF 0B    LDA $0BCF     [860BCF] A:FF00 X:00A8 Y:00A8 S:012E D:0E68 DB:86 nVMXdiZc V:  8 H: 46 F: 0
		878CD8 29 7F       AND #$7F               A:FF20 X:00A8 Y:00A8 S:012E D:0E68 DB:86 nVMXdizc V:  8 H: 53 F: 0
		878CDA D0 04       BNE $0004     [878CE0] A:FF20 X:00A8 Y:00A8 S:012E D:0E68 DB:86 nVMXdizc V:  8 H: 56 F: 0
		878CE0 20 70 91    JSR $9170     [879170] A:FF20 X:00A8 Y:00A8 S:012E D:0E68 DB:86 nVMXdizc V:  8 H: 60 F: 0

			879170 A5 3C       LDA $3C       [000EA4] A:FF20 X:00A8 Y:00A8 S:012C D:0E68 DB:86 nVMXdizc V:  8 H: 70 F: 0
			879172 10 32       BPL $0032     [8791A6] A:FF00 X:00A8 Y:00A8 S:012C D:0E68 DB:86 nVMXdiZc V:  8 H: 77 F: 0
			8791A6 60          RTS                    A:FF00 X:00A8 Y:00A8 S:012C D:0E68 DB:86 nVMXdiZc V:  8 H: 81 F: 0

		878CE3 A5 39       LDA $39       [000EA1] A:FF00 X:00A8 Y:00A8 S:012E D:0E68 DB:86 nVMXdiZc V:  8 H: 91 F: 0
		878CE5 F0 07       BEQ $0007     [878CEE] A:FF00 X:00A8 Y:00A8 S:012E D:0E68 DB:86 nVMXdiZc V:  8 H: 98 F: 0
		878CEE 5C B4 80 82 JML $8280B4   [8280B4] A:FF00 X:00A8 Y:00A8 S:012E D:0E68 DB:86 nVMXdiZc V:  8 H:102 F: 0

		8280B4 C2 20       REP #$20               A:FF00 X:00A8 Y:00A8 S:012E D:0E68 DB:86 nVMXdiZc V:  8 H:108 F: 0
		8280B6 38          SEC                    A:FF00 X:00A8 Y:00A8 S:012E D:0E68 DB:86 nVmXdiZc V:  8 H:113 F: 0
		8280B7 A5 05       LDA $05       [000E6D] A:FF00 X:00A8 Y:00A8 S:012E D:0E68 DB:86 nVmXdiZC V:  8 H:116 F: 0
		8280B9 ED 4D 1E    SBC $1E4D     [861E4D] A:078B X:00A8 Y:00A8 S:012E D:0E68 DB:86 nVmXdizC V:  8 H:124 F: 0
		8280BC 18          CLC                    A:008B X:00A8 Y:00A8 S:012E D:0E68 DB:86 nvmXdizC V:  8 H:133 F: 0
		8280BD 69 20 00    ADC #$0020             A:008B X:00A8 Y:00A8 S:012E D:0E68 DB:86 nvmXdizc V:  8 H:146 F: 0
		8280C0 C9 40 01    CMP #$0140             A:00AB X:00A8 Y:00A8 S:012E D:0E68 DB:86 nvmXdizc V:  8 H:150 F: 0
		8280C3 B0 0F       BCS $000F     [8280D4] A:00AB X:00A8 Y:00A8 S:012E D:0E68 DB:86 NvmXdizc V:  8 H:155 F: 0
		8280C5 38          SEC                    A:00AB X:00A8 Y:00A8 S:012E D:0E68 DB:86 NvmXdizc V:  8 H:158 F: 0
		8280C6 A5 08       LDA $08       [000E70] A:00AB X:00A8 Y:00A8 S:012E D:0E68 DB:86 NvmXdizC V:  8 H:161 F: 0
		8280C8 ED 50 1E    SBC $1E50     [861E50] A:00A8 X:00A8 Y:00A8 S:012E D:0E68 DB:86 nvmXdizC V:  8 H:169 F: 0
		8280CB 18          CLC                    A:00A8 X:00A8 Y:00A8 S:012E D:0E68 DB:86 nvmXdizC V:  8 H:178 F: 0
		8280CC 69 10 00    ADC #$0010             A:00A8 X:00A8 Y:00A8 S:012E D:0E68 DB:86 nvmXdizc V:  8 H:181 F: 0
		8280CF C9 00 01    CMP #$0100             A:00B8 X:00A8 Y:00A8 S:012E D:0E68 DB:86 nvmXdizc V:  8 H:185 F: 0
		8280D2 90 05       BCC $0005     [8280D9] A:00B8 X:00A8 Y:00A8 S:012E D:0E68 DB:86 NvmXdizc V:  8 H:190 F: 0
		8280D9 E2 20       SEP #$20               A:00B8 X:00A8 Y:00A8 S:012E D:0E68 DB:86 NvmXdizc V:  8 H:194 F: 0
		8280DB A9 81       LDA #$81               A:00B8 X:00A8 Y:00A8 S:012E D:0E68 DB:86 NvMXdizc V:  8 H:199 F: 0
		8280DD 85 0E       STA $0E       [000E76] A:0081 X:00A8 Y:00A8 S:012E D:0E68 DB:86 NvMXdizc V:  8 H:202 F: 0
		8280DF E2 30       SEP #$30               A:0081 X:00A8 Y:00A8 S:012E D:0E68 DB:86 NvMXdizc V:  8 H:208 F: 0
		8280E1 A6 12       LDX $12       [000E7A] A:0081 X:00A8 Y:00A8 S:012E D:0E68 DB:86 NvMXdizc V:  8 H:213 F: 0
		8280E3 10 02       BPL $0002     [8280E7] A:0081 X:0002 Y:00A8 S:012E D:0E68 DB:86 nvMXdizc V:  8 H:219 F: 0
		8280E7 7C EA 80    JMP ($80EA,X) [8280EC] A:0081 X:0002 Y:00A8 S:012E D:0E68 DB:86 nvMXdizc V:  8 H:224 F: 0

		828120 AD E9 00    LDA $00E9     [8600E9] A:0081 X:0002 Y:00A8 S:012E D:0E68 DB:86 nvMXdizc V:  8 H:233 F: 0
		828123 C9 20       CMP #$20               A:0000 X:0002 Y:00A8 S:012E D:0E68 DB:86 nvMXdiZc V:  8 H:239 F: 0
		828125 B0 0D       BCS $000D     [828134] A:0000 X:0002 Y:00A8 S:012E D:0E68 DB:86 NvMXdizc V:  8 H:242 F: 0
		828127 0A          ASL A                  A:0000 X:0002 Y:00A8 S:012E D:0E68 DB:86 NvMXdizc V:  8 H:245 F: 0
		828128 AA          TAX                    A:0000 X:0002 Y:00A8 S:012E D:0E68 DB:86 nvMXdiZc V:  8 H:248 F: 0
		828129 C2 20       REP #$20               A:0000 X:0000 Y:00A8 S:012E D:0E68 DB:86 nvMXdiZc V:  8 H:251 F: 0
		82812B 7B          TDC                    A:0000 X:0000 Y:00A8 S:012E D:0E68 DB:86 nvmXdiZc V:  8 H:256 F: 0
		82812C 9D A0 09    STA $09A0,X   [8609A0] A:0E68 X:0000 Y:00A8 S:012E D:0E68 DB:86 nvmXdizc V:  8 H:259 F: 0
		82812F E2 20       SEP #$20               A:0E68 X:0000 Y:00A8 S:012E D:0E68 DB:86 nvmXdizc V:  8 H:269 F: 0
		828131 EE E9 00    INC $00E9     [8600E9] A:0E68 X:0000 Y:00A8 S:012E D:0E68 DB:86 nvMXdizc V:  8 H:273 F: 0
		828134 6B          RTL                    A:0E68 X:0000 Y:00A8 S:012E D:0E68 DB:86 nvMXdizc V:  8 H:283 F: 0

	80F9CE 60          RTS                    A:0E68 X:0000 Y:00A8 S:0131 D:0E68 DB:86 nvMXdizc V:  8 H:294 F: 0

80D4F9 C2 21       REP #$21               A:0E68 X:0000 Y:00A8 S:0133 D:0E68 DB:86 nvMXdizc V:  8 H:304 F: 0
