80D4F6 20 30 D5    JSR $D530     [80D530] A:0E01 X:0000 Y:0008 S:0133 D:0E68 DB:86 nvMXdizC V:249 H:242 F:37

	80D530 C2 20       REP #$20               A:0E01 X:0000 Y:0008 S:0131 D:0E68 DB:86 nvMXdizC V:249 H:252 F:37
	80D532 A5 05       LDA $05       [000E6D] A:0E01 X:0000 Y:0008 S:0131 D:0E68 DB:86 nvmXdizC V:249 H:257 F:37
	80D534 85 22       STA $22       [000E8A] A:1D3C X:0000 Y:0008 S:0131 D:0E68 DB:86 nvmXdizC V:249 H:265 F:37
	80D536 A5 08       LDA $08       [000E70] A:1D3C X:0000 Y:0008 S:0131 D:0E68 DB:86 nvmXdizC V:249 H:274 F:37
	80D538 85 24       STA $24       [000E8C] A:03A2 X:0000 Y:0008 S:0131 D:0E68 DB:86 nvmXdizC V:249 H:282 F:37
	80D53A E2 20       SEP #$20               A:03A2 X:0000 Y:0008 S:0131 D:0E68 DB:86 nvmXdizC V:249 H:291 F:37
	80D53C A9 80       LDA #$80               A:03A2 X:0000 Y:0008 S:0131 D:0E68 DB:86 nvMXdizC V:249 H:295 F:37
	80D53E 14 0E       TRB $0E       [000E76] A:0380 X:0000 Y:0008 S:0131 D:0E68 DB:86 NvMXdizC V:249 H:298 F:37
	80D540 A5 0A       LDA $0A       [000E72] A:0380 X:0000 Y:0008 S:0131 D:0E68 DB:86 NvMXdizC V:249 H:308 F:37
	80D542 0A          ASL A                  A:0331 X:0000 Y:0008 S:0131 D:0E68 DB:86 nvMXdizC V:249 H:315 F:37
	80D543 AA          TAX                    A:0362 X:0000 Y:0008 S:0131 D:0E68 DB:86 nvMXdizc V:249 H:318 F:37
	80D544 7C DD F8    JMP ($F8DD,X) [80F93F] A:0362 X:0062 Y:0008 S:0131 D:0E68 DB:86 nvMXdizc V:249 H:321 F:37

	80FAA6 22 E1 9B 88 JSL $889BE1   [889BE1] A:0362 X:0062 Y:0008 S:0131 D:0E68 DB:86 nvMXdizc V:249 H:329 F:37

		889BE1 A6 01       LDX $01       [000E69] A:0362 X:0062 Y:0008 S:012E D:0E68 DB:86 nvMXdizc V:250 H:  2 F:37
		889BE3 7C E6 9B    JMP ($9BE6,X) [889BEA] A:0362 X:0004 Y:0008 S:012E D:0E68 DB:86 nvMXdizc V:250 H:  9 F:37

		889D6E A9 0E       LDA #$0E               A:0362 X:0004 Y:0008 S:012E D:0E68 DB:86 nvMXdizc V:250 H: 18 F:37
		889D70 14 11       TRB $11       [000E79] A:030E X:0004 Y:0008 S:012E D:0E68 DB:86 nvMXdizc V:250 H: 21 F:37
		889D72 A5 33       LDA $33       [000E9B] A:030E X:0004 Y:0008 S:012E D:0E68 DB:86 nvMXdizc V:250 H: 31 F:37
		889D74 04 11       TSB $11       [000E79] A:0308 X:0004 Y:0008 S:012E D:0E68 DB:86 nvMXdizc V:250 H: 37 F:37
		889D76 A6 02       LDX $02       [000E6A] A:0308 X:0004 Y:0008 S:012E D:0E68 DB:86 nvMXdiZc V:250 H: 47 F:37
		889D78 FC 2C 9E    JSR ($9E2C,X) [889E32] A:0308 X:0006 Y:0008 S:012E D:0E68 DB:86 nvMXdizc V:250 H: 54 F:37

			88A16E A6 03       LDX $03       [000E6B] A:0308 X:0006 Y:0008 S:012C D:0E68 DB:86 nvMXdizc V:250 H: 67 F:37
			88A170 7C 73 A1    JMP ($A173,X) [88A177] A:0308 X:0004 Y:0008 S:012C D:0E68 DB:86 nvMXdizc V:250 H: 73 F:37

			88A1B4 22 E8 81 82 JSL $8281E8   [8281E8] A:0308 X:0004 Y:0008 S:012C D:0E68 DB:86 nvMXdizc V:250 H: 82 F:37		JSL $8281E8 --> Update X-Pos, Y-Pos, Y-Vel

				8281E8 08          PHP                    A:0308 X:0004 Y:0008 S:0129 D:0E68 DB:86 nvMXdizc V:250 H: 96 F:37
				8281E9 C2 20       REP #$20               A:0308 X:0004 Y:0008 S:0128 D:0E68 DB:86 nvMXdizc V:250 H:101 F:37
				8281EB 38          SEC                    A:0308 X:0004 Y:0008 S:0128 D:0E68 DB:86 nvmXdizc V:250 H:105 F:37
				8281EC A5 1E       LDA $1E       [000E86] A:0308 X:0004 Y:0008 S:0128 D:0E68 DB:86 nvmXdizC V:250 H:108 F:37
				8281EE 29 FF 00    AND #$00FF             A:0040 X:0004 Y:0008 S:0128 D:0E68 DB:86 nvmXdizC V:250 H:117 F:37
				8281F1 E5 1C       SBC $1C       [000E84] A:0040 X:0004 Y:0008 S:0128 D:0E68 DB:86 nvmXdizC V:250 H:121 F:37
				8281F3 49 FF FF    EOR #$FFFF             A:F933 X:0004 Y:0008 S:0128 D:0E68 DB:86 NvmXdizc V:250 H:130 F:37
				8281F6 1A          INC                    A:06CC X:0004 Y:0008 S:0128 D:0E68 DB:86 nvmXdizc V:250 H:144 F:37
				8281F7 85 1C       STA $1C       [000E84] A:06CD X:0004 Y:0008 S:0128 D:0E68 DB:86 nvmXdizc V:250 H:147 F:37
				8281F9 80 10       BRA $0010     [82820B] A:06CD X:0004 Y:0008 S:0128 D:0E68 DB:86 nvmXdizc V:250 H:156 F:37
				82820B C2 21       REP #$21               A:06CD X:0004 Y:0008 S:0128 D:0E68 DB:86 nvmXdizc V:250 H:160 F:37
				82820D A5 04       LDA $04       [000E6C] A:06CD X:0004 Y:0008 S:0128 D:0E68 DB:86 nvmXdizc V:250 H:165 F:37
				82820F 65 1A       ADC $1A       [000E82] A:3C00 X:0004 Y:0008 S:0128 D:0E68 DB:86 nvmXdizc V:250 H:173 F:37
				828211 85 04       STA $04       [000E6C] A:3B6C X:0004 Y:0008 S:0128 D:0E68 DB:86 nvmXdizC V:250 H:182 F:37
				828213 E2 20       SEP #$20               A:3B6C X:0004 Y:0008 S:0128 D:0E68 DB:86 nvmXdizC V:250 H:190 F:37
				828215 A9 00       LDA #$00               A:3B6C X:0004 Y:0008 S:0128 D:0E68 DB:86 nvMXdizC V:250 H:195 F:37
				828217 24 1B       BIT $1B       [000E83] A:3B00 X:0004 Y:0008 S:0128 D:0E68 DB:86 nvMXdiZC V:250 H:198 F:37
				828219 10 01       BPL $0001     [82821C] A:3B00 X:0004 Y:0008 S:0128 D:0E68 DB:86 NVMXdiZC V:250 H:204 F:37
				82821B 3A          DEC                    A:3B00 X:0004 Y:0008 S:0128 D:0E68 DB:86 NVMXdiZC V:250 H:207 F:37
				82821C 65 06       ADC $06       [000E6E] A:3BFF X:0004 Y:0008 S:0128 D:0E68 DB:86 NVMXdizC V:250 H:210 F:37
				82821E 85 06       STA $06       [000E6E] A:3B1D X:0004 Y:0008 S:0128 D:0E68 DB:86 nvMXdizC V:250 H:217 F:37
				828220 C2 20       REP #$20               A:3B1D X:0004 Y:0008 S:0128 D:0E68 DB:86 nvMXdizC V:250 H:223 F:37
				828222 38          SEC                    A:3B1D X:0004 Y:0008 S:0128 D:0E68 DB:86 nvmXdizC V:250 H:228 F:37
				828223 A5 07       LDA $07       [000E6F] A:3B1D X:0004 Y:0008 S:0128 D:0E68 DB:86 nvmXdizC V:250 H:231 F:37
				828225 E5 1C       SBC $1C       [000E84] A:A22C X:0004 Y:0008 S:0128 D:0E68 DB:86 NvmXdizC V:250 H:239 F:37
				828227 85 07       STA $07       [000E6F] A:9B5F X:0004 Y:0008 S:0128 D:0E68 DB:86 NvmXdizC V:250 H:248 F:37
				828229 E2 20       SEP #$20               A:9B5F X:0004 Y:0008 S:0128 D:0E68 DB:86 NvmXdizC V:250 H:256 F:37
				82822B 9C 00 00    STZ $0000     [860000] A:9B5F X:0004 Y:0008 S:0128 D:0E68 DB:86 NvMXdizC V:250 H:261 F:37
				82822E 24 1D       BIT $1D       [000E85] A:9B5F X:0004 Y:0008 S:0128 D:0E68 DB:86 NvMXdizC V:250 H:267 F:37
				828230 10 03       BPL $0003     [828235] A:9B5F X:0004 Y:0008 S:0128 D:0E68 DB:86 nvMXdizC V:250 H:274 F:37
				828235 A5 09       LDA $09       [000E71] A:9B5F X:0004 Y:0008 S:0128 D:0E68 DB:86 nvMXdizC V:250 H:278 F:37
				828237 ED 00 00    SBC $0000     [860000] A:9B03 X:0004 Y:0008 S:0128 D:0E68 DB:86 nvMXdizC V:250 H:285 F:37
				82823A 85 09       STA $09       [000E71] A:9B03 X:0004 Y:0008 S:0128 D:0E68 DB:86 nvMXdizC V:250 H:291 F:37
				82823C 28          PLP                    A:9B03 X:0004 Y:0008 S:0128 D:0E68 DB:86 nvMXdizC V:250 H:298 F:37
				82823D 6B          RTL                    A:9B03 X:0004 Y:0008 S:0129 D:0E68 DB:86 nvMXdizc V:250 H:304 F:37

			88A1B8 C2 20       REP #$20               A:9B03 X:0004 Y:0008 S:012C D:0E68 DB:86 nvMXdizc V:250 H:315 F:37
			88A1BA A9 B8 CF    LDA #$CFB8             A:9B03 X:0004 Y:0008 S:012C D:0E68 DB:86 nvmXdizc V:250 H:319 F:37
			88A1BD 85 20       STA $20       [000E88] A:CFB8 X:0004 Y:0008 S:012C D:0E68 DB:86 NvmXdizc V:250 H:323 F:37
			88A1BF E2 20       SEP #$20               A:CFB8 X:0004 Y:0008 S:012C D:0E68 DB:86 NvmXdizc V:250 H:331 F:37
			88A1C1 22 BE 91 84 JSL $8491BE   [8491BE] A:CFB8 X:0004 Y:0008 S:012C D:0E68 DB:86 NvMXdizc V:250 H:336 F:37		JSL $8491BE --> Check for colissions and adjust position

				8491BE 08          PHP                    A:CFB8 X:0004 Y:0008 S:0129 D:0E68 DB:86 NvMXdizc V:251 H:  9 F:37
				8491BF 0B          PHD                    A:CFB8 X:0004 Y:0008 S:0128 D:0E68 DB:86 NvMXdizc V:251 H: 14 F:37
				8491C0 C2 30       REP #$30               A:CFB8 X:0004 Y:0008 S:0126 D:0E68 DB:86 NvMXdizc V:251 H: 21 F:37
				8491C2 A5 20       LDA $20       [000E88] A:CFB8 X:0004 Y:0008 S:0126 D:0E68 DB:86 Nvmxdizc V:251 H: 26 F:37
				8491C4 F0 15       BEQ $0015     [8491DB] A:CFB8 X:0004 Y:0008 S:0126 D:0E68 DB:86 Nvmxdizc V:251 H: 34 F:37
				8491C6 7B          TDC                    A:CFB8 X:0004 Y:0008 S:0126 D:0E68 DB:86 Nvmxdizc V:251 H: 37 F:37
				8491C7 AA          TAX                    A:0E68 X:0004 Y:0008 S:0126 D:0E68 DB:86 nvmxdizc V:251 H: 40 F:37
				8491C8 A9 00 00    LDA #$0000             A:0E68 X:0E68 Y:0008 S:0126 D:0E68 DB:86 nvmxdizc V:251 H: 43 F:37
				8491CB 5B          TCD                    A:0000 X:0E68 Y:0008 S:0126 D:0E68 DB:86 nvmxdiZc V:251 H: 48 F:37
				8491CC 64 14       STZ $14       [000014] A:0000 X:0E68 Y:0008 S:0126 D:0000 DB:86 nvmxdiZc V:251 H: 51 F:37
				8491CE B5 2B       LDA $2B,X     [000E93] A:0000 X:0E68 Y:0008 S:0126 D:0000 DB:86 nvmxdiZc V:251 H: 58 F:37
				8491D0 29 00 FF    AND #$FF00             A:0004 X:0E68 Y:0008 S:0126 D:0000 DB:86 nvmxdizc V:251 H: 66 F:37
				8491D3 95 2B       STA $2B,X     [000E93] A:0000 X:0E68 Y:0008 S:0126 D:0000 DB:86 nvmxdiZc V:251 H: 71 F:37
				8491D5 20 AC 92    JSR $92AC     [8492AC] A:0000 X:0E68 Y:0008 S:0126 D:0000 DB:86 nvmxdiZc V:251 H: 79 F:37

					8492AC C2 30       REP #$30               A:0000 X:0E68 Y:0008 S:0124 D:0000 DB:86 nvmxdiZc V:251 H: 89 F:37
					8492AE B5 05       LDA $05,X     [000E6D] A:0000 X:0E68 Y:0008 S:0124 D:0000 DB:86 nvmxdiZc V:251 H: 94 F:37
					8492B0 38          SEC                    A:1D3B X:0E68 Y:0008 S:0124 D:0000 DB:86 nvmxdizc V:251 H:102 F:37
					8492B1 F5 22       SBC $22,X     [000E8A] A:1D3B X:0E68 Y:0008 S:0124 D:0000 DB:86 nvmxdizC V:251 H:105 F:37
					8492B3 85 00       STA $00       [000000] A:FFFF X:0E68 Y:0008 S:0124 D:0000 DB:86 Nvmxdizc V:251 H:114 F:37
					8492B5 E2 20       SEP #$20               A:FFFF X:0E68 Y:0008 S:0124 D:0000 DB:86 Nvmxdizc V:251 H:121 F:37
					8492B7 F0 4C       BEQ $004C     [849305] A:FFFF X:0E68 Y:0008 S:0124 D:0000 DB:86 NvMxdizc V:251 H:125 F:37
					8492B9 B4 20       LDY $20,X     [000E88] A:FFFF X:0E68 Y:0008 S:0124 D:0000 DB:86 NvMxdizc V:251 H:128 F:37
					8492BB B9 05 00    LDA $0005,Y   [86CFBD] A:FFFF X:0E68 Y:CFB8 S:0124 D:0000 DB:86 NvMxdizc V:251 H:147 F:37
					8492BE 34 11       BIT $11,X     [000E79] A:FF00 X:0E68 Y:CFB8 S:0124 D:0000 DB:86 nvMxdiZc V:251 H:154 F:37
					8492C0 50 03       BVC $0003     [8492C5] A:FF00 X:0E68 Y:CFB8 S:0124 D:0000 DB:86 nvMxdiZc V:251 H:161 F:37
					8492C5 24 00       BIT $00       [000000] A:FF00 X:0E68 Y:CFB8 S:0124 D:0000 DB:86 nvMxdiZc V:251 H:165 F:37
					8492C7 10 06       BPL $0006     [8492CF] A:FF00 X:0E68 Y:CFB8 S:0124 D:0000 DB:86 NVMxdiZc V:251 H:170 F:37
					8492C9 38          SEC                    A:FF00 X:0E68 Y:CFB8 S:0124 D:0000 DB:86 NVMxdiZc V:251 H:173 F:37
					8492CA F9 07 00    SBC $0007,Y   [86CFBF] A:FF00 X:0E68 Y:CFB8 S:0124 D:0000 DB:86 NVMxdiZC V:251 H:176 F:37
					8492CD 80 04       BRA $0004     [8492D3] A:FFEE X:0E68 Y:CFB8 S:0124 D:0000 DB:86 NvMxdizc V:251 H:184 F:37
					8492D3 95 29       STA $29,X     [000E91] A:FFEE X:0E68 Y:CFB8 S:0124 D:0000 DB:86 NvMxdizc V:251 H:188 F:37
					8492D5 B9 06 00    LDA $0006,Y   [86CFBE] A:FFEE X:0E68 Y:CFB8 S:0124 D:0000 DB:86 NvMxdizc V:251 H:195 F:37
					8492D8 95 2A       STA $2A,X     [000E92] A:FF00 X:0E68 Y:CFB8 S:0124 D:0000 DB:86 nvMxdiZc V:251 H:202 F:37
					8492DA 20 15 93    JSR $9315     [849315] A:FF00 X:0E68 Y:CFB8 S:0124 D:0000 DB:86 nvMxdiZc V:251 H:209 F:37

						849315 20 B3 90    JSR $90B3     [8490B3] A:FF00 X:0E68 Y:CFB8 S:0122 D:0000 DB:86 nvMxdiZc V:251 H:219 F:37

							8490B3 0B          PHD                    A:FF00 X:0E68 Y:CFB8 S:0120 D:0000 DB:86 nvMxdiZc V:251 H:229 F:37
							8490B4 DA          PHX                    A:FF00 X:0E68 Y:CFB8 S:011E D:0000 DB:86 nvMxdiZc V:251 H:236 F:37
							8490B5 08          PHP                    A:FF00 X:0E68 Y:CFB8 S:011C D:0000 DB:86 nvMxdiZc V:251 H:243 F:37
							8490B6 E2 20       SEP #$20               A:FF00 X:0E68 Y:CFB8 S:011B D:0000 DB:86 nvMxdiZc V:251 H:248 F:37
							8490B8 C2 10       REP #$10               A:FF00 X:0E68 Y:CFB8 S:011B D:0000 DB:86 nvMxdiZc V:251 H:252 F:37
							8490BA 64 01       STZ $01       [000001] A:FF00 X:0E68 Y:CFB8 S:011B D:0000 DB:86 nvMxdiZc V:251 H:257 F:37
							8490BC B5 29       LDA $29,X     [000E91] A:FF00 X:0E68 Y:CFB8 S:011B D:0000 DB:86 nvMxdiZc V:251 H:262 F:37
							8490BE 10 02       BPL $0002     [8490C2] A:FFEE X:0E68 Y:CFB8 S:011B D:0000 DB:86 NvMxdizc V:251 H:268 F:37
							8490C0 C6 01       DEC $01       [000001] A:FFEE X:0E68 Y:CFB8 S:011B D:0000 DB:86 NvMxdizc V:251 H:271 F:37
							8490C2 18          CLC                    A:FFEE X:0E68 Y:CFB8 S:011B D:0000 DB:86 NvMxdizc V:251 H:280 F:37
							8490C3 75 05       ADC $05,X     [000E6D] A:FFEE X:0E68 Y:CFB8 S:011B D:0000 DB:86 NvMxdizc V:251 H:283 F:37
							8490C5 85 00       STA $00       [000000] A:FF29 X:0E68 Y:CFB8 S:011B D:0000 DB:86 nvMxdizC V:251 H:289 F:37
							8490C7 B5 06       LDA $06,X     [000E6E] A:FF29 X:0E68 Y:CFB8 S:011B D:0000 DB:86 nvMxdizC V:251 H:294 F:37
							8490C9 65 01       ADC $01       [000001] A:FF1D X:0E68 Y:CFB8 S:011B D:0000 DB:86 nvMxdizC V:251 H:301 F:37
							8490CB 85 01       STA $01       [000001] A:FF1D X:0E68 Y:CFB8 S:011B D:0000 DB:86 nvMxdizC V:251 H:306 F:37
							8490CD 64 03       STZ $03       [000003] A:FF1D X:0E68 Y:CFB8 S:011B D:0000 DB:86 nvMxdizC V:251 H:311 F:37
							8490CF B5 2A       LDA $2A,X     [000E92] A:FF1D X:0E68 Y:CFB8 S:011B D:0000 DB:86 nvMxdizC V:251 H:316 F:37
							8490D1 10 02       BPL $0002     [8490D5] A:FF00 X:0E68 Y:CFB8 S:011B D:0000 DB:86 nvMxdiZC V:251 H:322 F:37
							8490D5 18          CLC                    A:FF00 X:0E68 Y:CFB8 S:011B D:0000 DB:86 nvMxdiZC V:251 H:326 F:37
							8490D6 75 08       ADC $08,X     [000E70] A:FF00 X:0E68 Y:CFB8 S:011B D:0000 DB:86 nvMxdiZc V:251 H:329 F:37
							8490D8 85 02       STA $02       [000002] A:FF9B X:0E68 Y:CFB8 S:011B D:0000 DB:86 NvMxdizc V:251 H:335 F:37
							8490DA 29 F0       AND #$F0               A:FF9B X:0E68 Y:CFB8 S:011B D:0000 DB:86 NvMxdizc V:252 H:  0 F:37
							8490DC 85 0A       STA $0A       [00000A] A:FF90 X:0E68 Y:CFB8 S:011B D:0000 DB:86 NvMxdizc V:252 H:  3 F:37
							8490DE B5 09       LDA $09,X     [000E71] A:FF90 X:0E68 Y:CFB8 S:011B D:0000 DB:86 NvMxdizc V:252 H:  8 F:37
							8490E0 65 03       ADC $03       [000003] A:FF03 X:0E68 Y:CFB8 S:011B D:0000 DB:86 nvMxdizc V:252 H: 15 F:37
							8490E2 85 03       STA $03       [000003] A:FF03 X:0E68 Y:CFB8 S:011B D:0000 DB:86 nvMxdizc V:252 H: 20 F:37
							8490E4 85 0B       STA $0B       [00000B] A:FF03 X:0E68 Y:CFB8 S:011B D:0000 DB:86 nvMxdizc V:252 H: 25 F:37
							8490E6 A5 00       LDA $00       [000000] A:FF03 X:0E68 Y:CFB8 S:011B D:0000 DB:86 nvMxdizc V:252 H: 30 F:37
							8490E8 29 0F       AND #$0F               A:FF29 X:0E68 Y:CFB8 S:011B D:0000 DB:86 nvMxdizc V:252 H: 35 F:37
							8490EA 1A          INC                    A:FF09 X:0E68 Y:CFB8 S:011B D:0000 DB:86 nvMxdizc V:252 H: 38 F:37
							8490EB 85 0C       STA $0C       [00000C] A:FF0A X:0E68 Y:CFB8 S:011B D:0000 DB:86 nvMxdizc V:252 H: 41 F:37
							8490ED A5 02       LDA $02       [000002] A:FF0A X:0E68 Y:CFB8 S:011B D:0000 DB:86 nvMxdizc V:252 H: 46 F:37
							8490EF 29 0F       AND #$0F               A:FF9B X:0E68 Y:CFB8 S:011B D:0000 DB:86 NvMxdizc V:252 H: 51 F:37
							8490F1 1A          INC                    A:FF0B X:0E68 Y:CFB8 S:011B D:0000 DB:86 nvMxdizc V:252 H: 54 F:37
							8490F2 85 0E       STA $0E       [00000E] A:FF0C X:0E68 Y:CFB8 S:011B D:0000 DB:86 nvMxdizc V:252 H: 57 F:37
							8490F4 C2 20       REP #$20               A:FF0C X:0E68 Y:CFB8 S:011B D:0000 DB:86 nvMxdizc V:252 H: 62 F:37
							8490F6 20 6A 91    JSR $916A     [84916A] A:FF0C X:0E68 Y:CFB8 S:011B D:0000 DB:86 nvmxdizc V:252 H: 66 F:37

								84916A A9 00 E8    LDA #$E800             A:FF0C X:0E68 Y:CFB8 S:0119 D:0000 DB:86 nvmxdizc V:252 H: 76 F:37
								84916D 85 10       STA $10       [000010] A:E800 X:0E68 Y:CFB8 S:0119 D:0000 DB:86 Nvmxdizc V:252 H: 81 F:37
								84916F A9 7E 00    LDA #$007E             A:E800 X:0E68 Y:CFB8 S:0119 D:0000 DB:86 Nvmxdizc V:252 H: 88 F:37
								849172 85 12       STA $12       [000012] A:007E X:0E68 Y:CFB8 S:0119 D:0000 DB:86 nvmxdizc V:252 H: 92 F:37
								849174 A5 02       LDA $02       [000002] A:007E X:0E68 Y:CFB8 S:0119 D:0000 DB:86 nvmxdizc V:252 H: 99 F:37
								849176 29 F0 00    AND #$00F0             A:039B X:0E68 Y:CFB8 S:0119 D:0000 DB:86 nvmxdizc V:252 H:106 F:37
								849179 0A          ASL A                  A:0090 X:0E68 Y:CFB8 S:0119 D:0000 DB:86 nvmxdizc V:252 H:111 F:37
								84917A 85 04       STA $04       [000004] A:0120 X:0E68 Y:CFB8 S:0119 D:0000 DB:86 nvmxdizc V:252 H:114 F:37
								84917C A5 00       LDA $00       [000000] A:0120 X:0E68 Y:CFB8 S:0119 D:0000 DB:86 nvmxdizc V:252 H:121 F:37
								84917E 29 FF 00    AND #$00FF             A:1D29 X:0E68 Y:CFB8 S:0119 D:0000 DB:86 nvmxdizc V:252 H:128 F:37
								849181 4A          LSR A                  A:0029 X:0E68 Y:CFB8 S:0119 D:0000 DB:86 nvmxdizc V:252 H:132 F:37
								849182 4A          LSR A                  A:0014 X:0E68 Y:CFB8 S:0119 D:0000 DB:86 nvmxdizC V:252 H:145 F:37
								849183 4A          LSR A                  A:000A X:0E68 Y:CFB8 S:0119 D:0000 DB:86 nvmxdizc V:252 H:148 F:37
								849184 29 FE FF    AND #$FFFE             A:0005 X:0E68 Y:CFB8 S:0119 D:0000 DB:86 nvmxdizc V:252 H:151 F:37
								849187 18          CLC                    A:0004 X:0E68 Y:CFB8 S:0119 D:0000 DB:86 nvmxdizc V:252 H:156 F:37
								849188 65 04       ADC $04       [000004] A:0004 X:0E68 Y:CFB8 S:0119 D:0000 DB:86 nvmxdizc V:252 H:159 F:37
								84918A 85 06       STA $06       [000006] A:0124 X:0E68 Y:CFB8 S:0119 D:0000 DB:86 nvmxdizc V:252 H:166 F:37
								84918C A5 00       LDA $00       [000000] A:0124 X:0E68 Y:CFB8 S:0119 D:0000 DB:86 nvmxdizc V:252 H:173 F:37
								84918E EB          XBA                    A:1D29 X:0E68 Y:CFB8 S:0119 D:0000 DB:86 nvmxdizc V:252 H:180 F:37
								84918F 29 1F 00    AND #$001F             A:291D X:0E68 Y:CFB8 S:0119 D:0000 DB:86 nvmxdizc V:252 H:184 F:37
								849192 85 04       STA $04       [000004] A:001D X:0E68 Y:CFB8 S:0119 D:0000 DB:86 nvmxdizc V:252 H:189 F:37
								849194 A5 02       LDA $02       [000002] A:001D X:0E68 Y:CFB8 S:0119 D:0000 DB:86 nvmxdizc V:252 H:196 F:37
								849196 29 00 1F    AND #$1F00             A:039B X:0E68 Y:CFB8 S:0119 D:0000 DB:86 nvmxdizc V:252 H:203 F:37
								849199 4A          LSR A                  A:0300 X:0E68 Y:CFB8 S:0119 D:0000 DB:86 nvmxdizc V:252 H:207 F:37
								84919A 4A          LSR A                  A:0180 X:0E68 Y:CFB8 S:0119 D:0000 DB:86 nvmxdizc V:252 H:210 F:37
								84919B 4A          LSR A                  A:00C0 X:0E68 Y:CFB8 S:0119 D:0000 DB:86 nvmxdizc V:252 H:213 F:37
								84919C 18          CLC                    A:0060 X:0E68 Y:CFB8 S:0119 D:0000 DB:86 nvmxdizc V:252 H:216 F:37
								84919D 65 04       ADC $04       [000004] A:0060 X:0E68 Y:CFB8 S:0119 D:0000 DB:86 nvmxdizc V:252 H:219 F:37
								84919F A8          TAY                    A:007D X:0E68 Y:CFB8 S:0119 D:0000 DB:86 nvmxdizc V:252 H:226 F:37
								8491A0 B7 10       LDA [$10],Y   [7EE87D] A:007D X:0E68 Y:007D S:0119 D:0000 DB:86 nvmxdizc V:252 H:229 F:37
								8491A2 29 FF 00    AND #$00FF             A:0024 X:0E68 Y:007D S:0119 D:0000 DB:86 nvmxdizc V:252 H:242 F:37
								8491A5 A8          TAY                    A:0024 X:0E68 Y:007D S:0119 D:0000 DB:86 nvmxdizc V:252 H:247 F:37
								8491A6 EB          XBA                    A:0024 X:0E68 Y:0024 S:0119 D:0000 DB:86 nvmxdizc V:252 H:250 F:37
								8491A7 0A          ASL A                  A:2400 X:0E68 Y:0024 S:0119 D:0000 DB:86 nvmxdiZc V:252 H:254 F:37
								8491A8 18          CLC                    A:4800 X:0E68 Y:0024 S:0119 D:0000 DB:86 nvmxdizc V:252 H:257 F:37
								8491A9 65 06       ADC $06       [000006] A:4800 X:0E68 Y:0024 S:0119 D:0000 DB:86 nvmxdizc V:252 H:260 F:37
								8491AB AA          TAX                    A:4924 X:0E68 Y:0024 S:0119 D:0000 DB:86 nvmxdizc V:252 H:267 F:37
								8491AC 60          RTS                    A:4924 X:4924 Y:0024 S:0119 D:0000 DB:86 nvmxdizc V:252 H:270 F:37

							8490F9 BF 00 20 7E LDA $7E2000,X [7E6924] A:4924 X:4924 Y:0024 S:011B D:0000 DB:86 nvmxdizc V:252 H:280 F:37
							8490FD A8          TAY                    A:0193 X:4924 Y:0024 S:011B D:0000 DB:86 nvmxdizc V:252 H:290 F:37
							8490FE AD 92 0B    LDA $0B92     [860B92] A:0193 X:4924 Y:0193 S:011B D:0000 DB:86 nvmxdizc V:252 H:293 F:37
							849101 85 10       STA $10       [000010] A:EB15 X:4924 Y:0193 S:011B D:0000 DB:86 Nvmxdizc V:252 H:302 F:37
							849103 AD 94 0B    LDA $0B94     [860B94] A:EB15 X:4924 Y:0193 S:011B D:0000 DB:86 Nvmxdizc V:252 H:309 F:37
							849106 85 12       STA $12       [000012] A:F895 X:4924 Y:0193 S:011B D:0000 DB:86 Nvmxdizc V:252 H:317 F:37
							849108 B7 10       LDA [$10],Y   [95ECA8] A:F895 X:4924 Y:0193 S:011B D:0000 DB:86 Nvmxdizc V:252 H:324 F:37
							84910A 29 FF 00    AND #$00FF             A:0000 X:4924 Y:0193 S:011B D:0000 DB:86 nvmxdiZc V:252 H:335 F:37
							84910D 28          PLP                    A:0000 X:4924 Y:0193 S:011B D:0000 DB:86 nvmxdiZc V:253 H:  0 F:37
							84910E FA          PLX                    A:0000 X:4924 Y:0193 S:011C D:0000 DB:86 nvMxdiZc V:253 H:  6 F:37
							84910F 2B          PLD                    A:0000 X:0E68 Y:0193 S:011E D:0000 DB:86 nvMxdizc V:253 H: 15 F:37
							849110 60          RTS                    A:0000 X:0E68 Y:0193 S:0120 D:0000 DB:86 nvMxdiZc V:253 H: 23 F:37

						849318 B4 05       LDY $05,X     [000E6D] A:0000 X:0E68 Y:0193 S:0122 D:0000 DB:86 nvMxdiZc V:253 H: 33 F:37
						84931A 84 10       STY $10       [000010] A:0000 X:0E68 Y:1D3B S:0122 D:0000 DB:86 nvMxdizc V:253 H: 42 F:37
						84931C B4 08       LDY $08,X     [000E70] A:0000 X:0E68 Y:1D3B S:0122 D:0000 DB:86 nvMxdizc V:253 H: 49 F:37
						84931E 84 12       STY $12       [000012] A:0000 X:0E68 Y:039B S:0122 D:0000 DB:86 nvMxdizc V:253 H: 57 F:37
						849320 95 2D       STA $2D,X     [000E95] A:0000 X:0E68 Y:039B S:0122 D:0000 DB:86 nvMxdizc V:253 H: 64 F:37
						849322 86 2C       STX $2C       [00002C] A:0000 X:0E68 Y:039B S:0122 D:0000 DB:86 nvMxdizc V:253 H: 71 F:37
						849324 29 3F       AND #$3F               A:0000 X:0E68 Y:039B S:0122 D:0000 DB:86 nvMxdizc V:253 H: 78 F:37
						849326 0A          ASL A                  A:0000 X:0E68 Y:039B S:0122 D:0000 DB:86 nvMxdiZc V:253 H: 81 F:37
						849327 EB          XBA                    A:0000 X:0E68 Y:039B S:0122 D:0000 DB:86 nvMxdiZc V:253 H: 84 F:37
						849328 A9 00       LDA #$00               A:0000 X:0E68 Y:039B S:0122 D:0000 DB:86 nvMxdiZc V:253 H: 88 F:37
						84932A EB          XBA                    A:0000 X:0E68 Y:039B S:0122 D:0000 DB:86 nvMxdiZc V:253 H: 91 F:37
						84932B AA          TAX                    A:0000 X:0E68 Y:039B S:0122 D:0000 DB:86 nvMxdiZc V:253 H: 96 F:37
						84932C FC 5D 93    JSR ($935D,X) [84935D] A:0000 X:0000 Y:039B S:0122 D:0000 DB:86 nvMxdiZc V:253 H: 99 F:37

							84977A A9 00       LDA #$00               A:0000 X:0000 Y:039B S:0120 D:0000 DB:86 nvMxdiZc V:253 H:112 F:37
							84977C 60          RTS                    A:0000 X:0000 Y:039B S:0120 D:0000 DB:86 nvMxdiZc V:253 H:115 F:37

						84932F 08          PHP                    A:0000 X:0000 Y:039B S:0122 D:0000 DB:86 nvMxdiZc V:253 H:125 F:37
						849330 A6 2C       LDX $2C       [00002C] A:0000 X:0000 Y:039B S:0121 D:0000 DB:86 nvMxdiZc V:253 H:130 F:37
						849332 A9 01       LDA #$01               A:0000 X:0E68 Y:039B S:0121 D:0000 DB:86 nvMxdizc V:253 H:147 F:37
						849334 34 29       BIT $29,X     [000E91] A:0001 X:0E68 Y:039B S:0121 D:0000 DB:86 nvMxdizc V:253 H:150 F:37
						849336 10 02       BPL $0002     [84933A] A:0001 X:0E68 Y:039B S:0121 D:0000 DB:86 NVMxdiZc V:253 H:156 F:37
						849338 A9 02       LDA #$02               A:0001 X:0E68 Y:039B S:0121 D:0000 DB:86 NVMxdiZc V:253 H:159 F:37
						84933A 28          PLP                    A:0002 X:0E68 Y:039B S:0121 D:0000 DB:86 nVMxdizc V:253 H:162 F:37
						84933B F0 0C       BEQ $000C     [849349] A:0002 X:0E68 Y:039B S:0122 D:0000 DB:86 nvMxdiZc V:253 H:169 F:37
						849349 49 FF       EOR #$FF               A:0002 X:0E68 Y:039B S:0122 D:0000 DB:86 nvMxdiZc V:253 H:173 F:37
						84934B 35 2B       AND $2B,X     [000E93] A:00FD X:0E68 Y:039B S:0122 D:0000 DB:86 NvMxdizc V:253 H:176 F:37
						84934D 95 2B       STA $2B,X     [000E93] A:0000 X:0E68 Y:039B S:0122 D:0000 DB:86 nvMxdiZc V:253 H:183 F:37
						84934F 20 08 93    JSR $9308     [849308] A:0000 X:0E68 Y:039B S:0122 D:0000 DB:86 nvMxdiZc V:253 H:189 F:37

							849308 A5 14       LDA $14       [000014] A:0000 X:0E68 Y:039B S:0120 D:0000 DB:86 nvMxdiZc V:253 H:199 F:37
							84930A F0 08       BEQ $0008     [849314] A:0000 X:0E68 Y:039B S:0120 D:0000 DB:86 nvMxdiZc V:253 H:204 F:37
							849314 60          RTS                    A:0000 X:0E68 Y:039B S:0120 D:0000 DB:86 nvMxdiZc V:253 H:209 F:37

						849352 A9 00       LDA #$00               A:0000 X:0E68 Y:039B S:0122 D:0000 DB:86 nvMxdiZc V:253 H:219 F:37
						849354 60          RTS                    A:0000 X:0E68 Y:039B S:0122 D:0000 DB:86 nvMxdiZc V:253 H:222 F:37

					8492DD D0 26       BNE $0026     [849305] A:0000 X:0E68 Y:039B S:0124 D:0000 DB:86 nvMxdiZc V:253 H:232 F:37
					8492DF B4 20       LDY $20,X     [000E88] A:0000 X:0E68 Y:039B S:0124 D:0000 DB:86 nvMxdiZc V:253 H:235 F:37
					8492E1 B9 06 00    LDA $0006,Y   [86CFBE] A:0000 X:0E68 Y:CFB8 S:0124 D:0000 DB:86 NvMxdizc V:253 H:243 F:37
					8492E4 38          SEC                    A:0000 X:0E68 Y:CFB8 S:0124 D:0000 DB:86 nvMxdiZc V:253 H:251 F:37
					8492E5 F9 08 00    SBC $0008,Y   [86CFC0] A:0000 X:0E68 Y:CFB8 S:0124 D:0000 DB:86 nvMxdiZC V:253 H:254 F:37
					8492E8 18          CLC                    A:00E3 X:0E68 Y:CFB8 S:0124 D:0000 DB:86 NvMxdizc V:253 H:261 F:37
					8492E9 79 09 00    ADC $0009,Y   [86CFC1] A:00E3 X:0E68 Y:CFB8 S:0124 D:0000 DB:86 NvMxdizc V:253 H:264 F:37
					8492EC 95 2A       STA $2A,X     [000E92] A:00EB X:0E68 Y:CFB8 S:0124 D:0000 DB:86 NvMxdizc V:253 H:272 F:37
					8492EE 20 15 93    JSR $9315     [849315] A:00EB X:0E68 Y:CFB8 S:0124 D:0000 DB:86 NvMxdizc V:253 H:278 F:37

						849315 20 B3 90    JSR $90B3     [8490B3] A:00EB X:0E68 Y:CFB8 S:0122 D:0000 DB:86 NvMxdizc V:253 H:288 F:37

							8490B3 0B          PHD                    A:00EB X:0E68 Y:CFB8 S:0120 D:0000 DB:86 NvMxdizc V:253 H:298 F:37
							8490B4 DA          PHX                    A:00EB X:0E68 Y:CFB8 S:011E D:0000 DB:86 NvMxdizc V:253 H:305 F:37
							8490B5 08          PHP                    A:00EB X:0E68 Y:CFB8 S:011C D:0000 DB:86 NvMxdizc V:253 H:312 F:37
							8490B6 E2 20       SEP #$20               A:00EB X:0E68 Y:CFB8 S:011B D:0000 DB:86 NvMxdizc V:253 H:317 F:37
							8490B8 C2 10       REP #$10               A:00EB X:0E68 Y:CFB8 S:011B D:0000 DB:86 NvMxdizc V:253 H:322 F:37
							8490BA 64 01       STZ $01       [000001] A:00EB X:0E68 Y:CFB8 S:011B D:0000 DB:86 NvMxdizc V:253 H:326 F:37
							8490BC B5 29       LDA $29,X     [000E91] A:00EB X:0E68 Y:CFB8 S:011B D:0000 DB:86 NvMxdizc V:253 H:330 F:37
							8490BE 10 02       BPL $0002     [8490C2] A:00EE X:0E68 Y:CFB8 S:011B D:0000 DB:86 NvMxdizc V:253 H:337 F:37
							8490C0 C6 01       DEC $01       [000001] A:00EE X:0E68 Y:CFB8 S:011B D:0000 DB:86 NvMxdizc V:254 H:  0 F:37
							8490C2 18          CLC                    A:00EE X:0E68 Y:CFB8 S:011B D:0000 DB:86 NvMxdizc V:254 H:  8 F:37
							8490C3 75 05       ADC $05,X     [000E6D] A:00EE X:0E68 Y:CFB8 S:011B D:0000 DB:86 NvMxdizc V:254 H: 11 F:37
							8490C5 85 00       STA $00       [000000] A:0029 X:0E68 Y:CFB8 S:011B D:0000 DB:86 nvMxdizC V:254 H: 18 F:37
							8490C7 B5 06       LDA $06,X     [000E6E] A:0029 X:0E68 Y:CFB8 S:011B D:0000 DB:86 nvMxdizC V:254 H: 23 F:37
							8490C9 65 01       ADC $01       [000001] A:001D X:0E68 Y:CFB8 S:011B D:0000 DB:86 nvMxdizC V:254 H: 29 F:37
							8490CB 85 01       STA $01       [000001] A:001D X:0E68 Y:CFB8 S:011B D:0000 DB:86 nvMxdizC V:254 H: 34 F:37
							8490CD 64 03       STZ $03       [000003] A:001D X:0E68 Y:CFB8 S:011B D:0000 DB:86 nvMxdizC V:254 H: 39 F:37
							8490CF B5 2A       LDA $2A,X     [000E92] A:001D X:0E68 Y:CFB8 S:011B D:0000 DB:86 nvMxdizC V:254 H: 44 F:37
							8490D1 10 02       BPL $0002     [8490D5] A:00EB X:0E68 Y:CFB8 S:011B D:0000 DB:86 NvMxdizC V:254 H: 51 F:37
							8490D3 C6 03       DEC $03       [000003] A:00EB X:0E68 Y:CFB8 S:011B D:0000 DB:86 NvMxdizC V:254 H: 54 F:37
							8490D5 18          CLC                    A:00EB X:0E68 Y:CFB8 S:011B D:0000 DB:86 NvMxdizC V:254 H: 62 F:37
							8490D6 75 08       ADC $08,X     [000E70] A:00EB X:0E68 Y:CFB8 S:011B D:0000 DB:86 NvMxdizc V:254 H: 65 F:37
							8490D8 85 02       STA $02       [000002] A:0086 X:0E68 Y:CFB8 S:011B D:0000 DB:86 NvMxdizC V:254 H: 72 F:37
							8490DA 29 F0       AND #$F0               A:0086 X:0E68 Y:CFB8 S:011B D:0000 DB:86 NvMxdizC V:254 H: 77 F:37
							8490DC 85 0A       STA $0A       [00000A] A:0080 X:0E68 Y:CFB8 S:011B D:0000 DB:86 NvMxdizC V:254 H: 80 F:37
							8490DE B5 09       LDA $09,X     [000E71] A:0080 X:0E68 Y:CFB8 S:011B D:0000 DB:86 NvMxdizC V:254 H: 85 F:37
							8490E0 65 03       ADC $03       [000003] A:0003 X:0E68 Y:CFB8 S:011B D:0000 DB:86 nvMxdizC V:254 H: 91 F:37
							8490E2 85 03       STA $03       [000003] A:0003 X:0E68 Y:CFB8 S:011B D:0000 DB:86 nvMxdizC V:254 H: 96 F:37
							8490E4 85 0B       STA $0B       [00000B] A:0003 X:0E68 Y:CFB8 S:011B D:0000 DB:86 nvMxdizC V:254 H:101 F:37
							8490E6 A5 00       LDA $00       [000000] A:0003 X:0E68 Y:CFB8 S:011B D:0000 DB:86 nvMxdizC V:254 H:106 F:37
							8490E8 29 0F       AND #$0F               A:0029 X:0E68 Y:CFB8 S:011B D:0000 DB:86 nvMxdizC V:254 H:111 F:37
							8490EA 1A          INC                    A:0009 X:0E68 Y:CFB8 S:011B D:0000 DB:86 nvMxdizC V:254 H:114 F:37
							8490EB 85 0C       STA $0C       [00000C] A:000A X:0E68 Y:CFB8 S:011B D:0000 DB:86 nvMxdizC V:254 H:117 F:37
							8490ED A5 02       LDA $02       [000002] A:000A X:0E68 Y:CFB8 S:011B D:0000 DB:86 nvMxdizC V:254 H:122 F:37
							8490EF 29 0F       AND #$0F               A:0086 X:0E68 Y:CFB8 S:011B D:0000 DB:86 NvMxdizC V:254 H:127 F:37
							8490F1 1A          INC                    A:0006 X:0E68 Y:CFB8 S:011B D:0000 DB:86 nvMxdizC V:254 H:130 F:37
							8490F2 85 0E       STA $0E       [00000E] A:0007 X:0E68 Y:CFB8 S:011B D:0000 DB:86 nvMxdizC V:254 H:143 F:37
							8490F4 C2 20       REP #$20               A:0007 X:0E68 Y:CFB8 S:011B D:0000 DB:86 nvMxdizC V:254 H:148 F:37
							8490F6 20 6A 91    JSR $916A     [84916A] A:0007 X:0E68 Y:CFB8 S:011B D:0000 DB:86 nvmxdizC V:254 H:153 F:37

								84916A A9 00 E8    LDA #$E800             A:0007 X:0E68 Y:CFB8 S:0119 D:0000 DB:86 nvmxdizC V:254 H:163 F:37
								84916D 85 10       STA $10       [000010] A:E800 X:0E68 Y:CFB8 S:0119 D:0000 DB:86 NvmxdizC V:254 H:167 F:37
								84916F A9 7E 00    LDA #$007E             A:E800 X:0E68 Y:CFB8 S:0119 D:0000 DB:86 NvmxdizC V:254 H:174 F:37
								849172 85 12       STA $12       [000012] A:007E X:0E68 Y:CFB8 S:0119 D:0000 DB:86 nvmxdizC V:254 H:179 F:37
								849174 A5 02       LDA $02       [000002] A:007E X:0E68 Y:CFB8 S:0119 D:0000 DB:86 nvmxdizC V:254 H:186 F:37
								849176 29 F0 00    AND #$00F0             A:0386 X:0E68 Y:CFB8 S:0119 D:0000 DB:86 nvmxdizC V:254 H:193 F:37
								849179 0A          ASL A                  A:0080 X:0E68 Y:CFB8 S:0119 D:0000 DB:86 nvmxdizC V:254 H:197 F:37
								84917A 85 04       STA $04       [000004] A:0100 X:0E68 Y:CFB8 S:0119 D:0000 DB:86 nvmxdizc V:254 H:200 F:37
								84917C A5 00       LDA $00       [000000] A:0100 X:0E68 Y:CFB8 S:0119 D:0000 DB:86 nvmxdizc V:254 H:207 F:37
								84917E 29 FF 00    AND #$00FF             A:1D29 X:0E68 Y:CFB8 S:0119 D:0000 DB:86 nvmxdizc V:254 H:214 F:37
								849181 4A          LSR A                  A:0029 X:0E68 Y:CFB8 S:0119 D:0000 DB:86 nvmxdizc V:254 H:219 F:37
								849182 4A          LSR A                  A:0014 X:0E68 Y:CFB8 S:0119 D:0000 DB:86 nvmxdizC V:254 H:222 F:37
								849183 4A          LSR A                  A:000A X:0E68 Y:CFB8 S:0119 D:0000 DB:86 nvmxdizc V:254 H:225 F:37
								849184 29 FE FF    AND #$FFFE             A:0005 X:0E68 Y:CFB8 S:0119 D:0000 DB:86 nvmxdizc V:254 H:228 F:37
								849187 18          CLC                    A:0004 X:0E68 Y:CFB8 S:0119 D:0000 DB:86 nvmxdizc V:254 H:232 F:37
								849188 65 04       ADC $04       [000004] A:0004 X:0E68 Y:CFB8 S:0119 D:0000 DB:86 nvmxdizc V:254 H:235 F:37
								84918A 85 06       STA $06       [000006] A:0104 X:0E68 Y:CFB8 S:0119 D:0000 DB:86 nvmxdizc V:254 H:242 F:37
								84918C A5 00       LDA $00       [000000] A:0104 X:0E68 Y:CFB8 S:0119 D:0000 DB:86 nvmxdizc V:254 H:249 F:37
								84918E EB          XBA                    A:1D29 X:0E68 Y:CFB8 S:0119 D:0000 DB:86 nvmxdizc V:254 H:256 F:37
								84918F 29 1F 00    AND #$001F             A:291D X:0E68 Y:CFB8 S:0119 D:0000 DB:86 nvmxdizc V:254 H:261 F:37
								849192 85 04       STA $04       [000004] A:001D X:0E68 Y:CFB8 S:0119 D:0000 DB:86 nvmxdizc V:254 H:265 F:37
								849194 A5 02       LDA $02       [000002] A:001D X:0E68 Y:CFB8 S:0119 D:0000 DB:86 nvmxdizc V:254 H:272 F:37
								849196 29 00 1F    AND #$1F00             A:0386 X:0E68 Y:CFB8 S:0119 D:0000 DB:86 nvmxdizc V:254 H:279 F:37
								849199 4A          LSR A                  A:0300 X:0E68 Y:CFB8 S:0119 D:0000 DB:86 nvmxdizc V:254 H:284 F:37
								84919A 4A          LSR A                  A:0180 X:0E68 Y:CFB8 S:0119 D:0000 DB:86 nvmxdizc V:254 H:287 F:37
								84919B 4A          LSR A                  A:00C0 X:0E68 Y:CFB8 S:0119 D:0000 DB:86 nvmxdizc V:254 H:290 F:37
								84919C 18          CLC                    A:0060 X:0E68 Y:CFB8 S:0119 D:0000 DB:86 nvmxdizc V:254 H:293 F:37
								84919D 65 04       ADC $04       [000004] A:0060 X:0E68 Y:CFB8 S:0119 D:0000 DB:86 nvmxdizc V:254 H:296 F:37
								84919F A8          TAY                    A:007D X:0E68 Y:CFB8 S:0119 D:0000 DB:86 nvmxdizc V:254 H:303 F:37
								8491A0 B7 10       LDA [$10],Y   [7EE87D] A:007D X:0E68 Y:007D S:0119 D:0000 DB:86 nvmxdizc V:254 H:306 F:37
								8491A2 29 FF 00    AND #$00FF             A:0024 X:0E68 Y:007D S:0119 D:0000 DB:86 nvmxdizc V:254 H:319 F:37
								8491A5 A8          TAY                    A:0024 X:0E68 Y:007D S:0119 D:0000 DB:86 nvmxdizc V:254 H:323 F:37
								8491A6 EB          XBA                    A:0024 X:0E68 Y:0024 S:0119 D:0000 DB:86 nvmxdizc V:254 H:326 F:37
								8491A7 0A          ASL A                  A:2400 X:0E68 Y:0024 S:0119 D:0000 DB:86 nvmxdiZc V:254 H:330 F:37
								8491A8 18          CLC                    A:4800 X:0E68 Y:0024 S:0119 D:0000 DB:86 nvmxdizc V:254 H:333 F:37
								8491A9 65 06       ADC $06       [000006] A:4800 X:0E68 Y:0024 S:0119 D:0000 DB:86 nvmxdizc V:254 H:336 F:37
								8491AB AA          TAX                    A:4904 X:0E68 Y:0024 S:0119 D:0000 DB:86 nvmxdizc V:255 H:  3 F:37
								8491AC 60          RTS                    A:4904 X:4904 Y:0024 S:0119 D:0000 DB:86 nvmxdizc V:255 H:  6 F:37

							8490F9 BF 00 20 7E LDA $7E2000,X [7E6904] A:4904 X:4904 Y:0024 S:011B D:0000 DB:86 nvmxdizc V:255 H: 16 F:37
							8490FD A8          TAY                    A:01AA X:4904 Y:0024 S:011B D:0000 DB:86 nvmxdizc V:255 H: 26 F:37
							8490FE AD 92 0B    LDA $0B92     [860B92] A:01AA X:4904 Y:01AA S:011B D:0000 DB:86 nvmxdizc V:255 H: 29 F:37
							849101 85 10       STA $10       [000010] A:EB15 X:4904 Y:01AA S:011B D:0000 DB:86 Nvmxdizc V:255 H: 37 F:37
							849103 AD 94 0B    LDA $0B94     [860B94] A:EB15 X:4904 Y:01AA S:011B D:0000 DB:86 Nvmxdizc V:255 H: 44 F:37
							849106 85 12       STA $12       [000012] A:F895 X:4904 Y:01AA S:011B D:0000 DB:86 Nvmxdizc V:255 H: 53 F:37
							849108 B7 10       LDA [$10],Y   [95ECBF] A:F895 X:4904 Y:01AA S:011B D:0000 DB:86 Nvmxdizc V:255 H: 60 F:37
							84910A 29 FF 00    AND #$00FF             A:0000 X:4904 Y:01AA S:011B D:0000 DB:86 nvmxdiZc V:255 H: 72 F:37
							84910D 28          PLP                    A:0000 X:4904 Y:01AA S:011B D:0000 DB:86 nvmxdiZc V:255 H: 76 F:37
							84910E FA          PLX                    A:0000 X:4904 Y:01AA S:011C D:0000 DB:86 NvMxdizc V:255 H: 83 F:37
							84910F 2B          PLD                    A:0000 X:0E68 Y:01AA S:011E D:0000 DB:86 nvMxdizc V:255 H: 91 F:37
							849110 60          RTS                    A:0000 X:0E68 Y:01AA S:0120 D:0000 DB:86 nvMxdiZc V:255 H:100 F:37

						849318 B4 05       LDY $05,X     [000E6D] A:0000 X:0E68 Y:01AA S:0122 D:0000 DB:86 nvMxdiZc V:255 H:110 F:37
						84931A 84 10       STY $10       [000010] A:0000 X:0E68 Y:1D3B S:0122 D:0000 DB:86 nvMxdizc V:255 H:118 F:37
						84931C B4 08       LDY $08,X     [000E70] A:0000 X:0E68 Y:1D3B S:0122 D:0000 DB:86 nvMxdizc V:255 H:125 F:37
						84931E 84 12       STY $12       [000012] A:0000 X:0E68 Y:039B S:0122 D:0000 DB:86 nvMxdizc V:255 H:134 F:37
						849320 95 2D       STA $2D,X     [000E95] A:0000 X:0E68 Y:039B S:0122 D:0000 DB:86 nvMxdizc V:255 H:151 F:37
						849322 86 2C       STX $2C       [00002C] A:0000 X:0E68 Y:039B S:0122 D:0000 DB:86 nvMxdizc V:255 H:157 F:37
						849324 29 3F       AND #$3F               A:0000 X:0E68 Y:039B S:0122 D:0000 DB:86 nvMxdizc V:255 H:164 F:37
						849326 0A          ASL A                  A:0000 X:0E68 Y:039B S:0122 D:0000 DB:86 nvMxdiZc V:255 H:167 F:37
						849327 EB          XBA                    A:0000 X:0E68 Y:039B S:0122 D:0000 DB:86 nvMxdiZc V:255 H:170 F:37
						849328 A9 00       LDA #$00               A:0000 X:0E68 Y:039B S:0122 D:0000 DB:86 nvMxdiZc V:255 H:175 F:37
						84932A EB          XBA                    A:0000 X:0E68 Y:039B S:0122 D:0000 DB:86 nvMxdiZc V:255 H:178 F:37
						84932B AA          TAX                    A:0000 X:0E68 Y:039B S:0122 D:0000 DB:86 nvMxdiZc V:255 H:182 F:37
						84932C FC 5D 93    JSR ($935D,X) [84935D] A:0000 X:0000 Y:039B S:0122 D:0000 DB:86 nvMxdiZc V:255 H:185 F:37

							84977A A9 00       LDA #$00               A:0000 X:0000 Y:039B S:0120 D:0000 DB:86 nvMxdiZc V:255 H:198 F:37
							84977C 60          RTS                    A:0000 X:0000 Y:039B S:0120 D:0000 DB:86 nvMxdiZc V:255 H:201 F:37

						84932F 08          PHP                    A:0000 X:0000 Y:039B S:0122 D:0000 DB:86 nvMxdiZc V:255 H:211 F:37
						849330 A6 2C       LDX $2C       [00002C] A:0000 X:0000 Y:039B S:0121 D:0000 DB:86 nvMxdiZc V:255 H:216 F:37
						849332 A9 01       LDA #$01               A:0000 X:0E68 Y:039B S:0121 D:0000 DB:86 nvMxdizc V:255 H:223 F:37
						849334 34 29       BIT $29,X     [000E91] A:0001 X:0E68 Y:039B S:0121 D:0000 DB:86 nvMxdizc V:255 H:226 F:37
						849336 10 02       BPL $0002     [84933A] A:0001 X:0E68 Y:039B S:0121 D:0000 DB:86 NVMxdiZc V:255 H:233 F:37
						849338 A9 02       LDA #$02               A:0001 X:0E68 Y:039B S:0121 D:0000 DB:86 NVMxdiZc V:255 H:236 F:37
						84933A 28          PLP                    A:0002 X:0E68 Y:039B S:0121 D:0000 DB:86 nVMxdizc V:255 H:239 F:37
						84933B F0 0C       BEQ $000C     [849349] A:0002 X:0E68 Y:039B S:0122 D:0000 DB:86 nvMxdiZc V:255 H:245 F:37
						849349 49 FF       EOR #$FF               A:0002 X:0E68 Y:039B S:0122 D:0000 DB:86 nvMxdiZc V:255 H:250 F:37
						84934B 35 2B       AND $2B,X     [000E93] A:00FD X:0E68 Y:039B S:0122 D:0000 DB:86 NvMxdizc V:255 H:253 F:37
						84934D 95 2B       STA $2B,X     [000E93] A:0000 X:0E68 Y:039B S:0122 D:0000 DB:86 nvMxdiZc V:255 H:259 F:37
						84934F 20 08 93    JSR $9308     [849308] A:0000 X:0E68 Y:039B S:0122 D:0000 DB:86 nvMxdiZc V:255 H:266 F:37

							849308 A5 14       LDA $14       [000014] A:0000 X:0E68 Y:039B S:0120 D:0000 DB:86 nvMxdiZc V:255 H:276 F:37
							84930A F0 08       BEQ $0008     [849314] A:0000 X:0E68 Y:039B S:0120 D:0000 DB:86 nvMxdiZc V:255 H:281 F:37
							849314 60          RTS                    A:0000 X:0E68 Y:039B S:0120 D:0000 DB:86 nvMxdiZc V:255 H:285 F:37

						849352 A9 00       LDA #$00               A:0000 X:0E68 Y:039B S:0122 D:0000 DB:86 nvMxdiZc V:255 H:295 F:37
						849354 60          RTS                    A:0000 X:0E68 Y:039B S:0122 D:0000 DB:86 nvMxdiZc V:255 H:298 F:37

					8492F1 D0 12       BNE $0012     [849305] A:0000 X:0E68 Y:039B S:0124 D:0000 DB:86 nvMxdiZc V:255 H:308 F:37
					8492F3 B4 20       LDY $20,X     [000E88] A:0000 X:0E68 Y:039B S:0124 D:0000 DB:86 nvMxdiZc V:255 H:311 F:37
					8492F5 B9 06 00    LDA $0006,Y   [86CFBE] A:0000 X:0E68 Y:CFB8 S:0124 D:0000 DB:86 NvMxdizc V:255 H:320 F:37
					8492F8 18          CLC                    A:0000 X:0E68 Y:CFB8 S:0124 D:0000 DB:86 nvMxdiZc V:255 H:327 F:37
					8492F9 79 08 00    ADC $0008,Y   [86CFC0] A:0000 X:0E68 Y:CFB8 S:0124 D:0000 DB:86 nvMxdiZc V:255 H:329 F:37
					8492FC 38          SEC                    A:001D X:0E68 Y:CFB8 S:0124 D:0000 DB:86 nvMxdizc V:255 H:337 F:37
					8492FD F9 09 00    SBC $0009,Y   [86CFC1] A:001D X:0E68 Y:CFB8 S:0124 D:0000 DB:86 nvMxdizC V:256 H:  0 F:37
					849300 95 2A       STA $2A,X     [000E92] A:0015 X:0E68 Y:CFB8 S:0124 D:0000 DB:86 nvMxdizC V:256 H:  7 F:37
					849302 20 15 93    JSR $9315     [849315] A:0015 X:0E68 Y:CFB8 S:0124 D:0000 DB:86 nvMxdizC V:256 H: 14 F:37

						849315 20 B3 90    JSR $90B3     [8490B3] A:0015 X:0E68 Y:CFB8 S:0122 D:0000 DB:86 nvMxdizC V:256 H: 24 F:37

							8490B3 0B          PHD                    A:0015 X:0E68 Y:CFB8 S:0120 D:0000 DB:86 nvMxdizC V:256 H: 34 F:37
							8490B4 DA          PHX                    A:0015 X:0E68 Y:CFB8 S:011E D:0000 DB:86 nvMxdizC V:256 H: 41 F:37
							8490B5 08          PHP                    A:0015 X:0E68 Y:CFB8 S:011C D:0000 DB:86 nvMxdizC V:256 H: 48 F:37
							8490B6 E2 20       SEP #$20               A:0015 X:0E68 Y:CFB8 S:011B D:0000 DB:86 nvMxdizC V:256 H: 53 F:37
							8490B8 C2 10       REP #$10               A:0015 X:0E68 Y:CFB8 S:011B D:0000 DB:86 nvMxdizC V:256 H: 57 F:37
							8490BA 64 01       STZ $01       [000001] A:0015 X:0E68 Y:CFB8 S:011B D:0000 DB:86 nvMxdizC V:256 H: 62 F:37
							8490BC B5 29       LDA $29,X     [000E91] A:0015 X:0E68 Y:CFB8 S:011B D:0000 DB:86 nvMxdizC V:256 H: 67 F:37
							8490BE 10 02       BPL $0002     [8490C2] A:00EE X:0E68 Y:CFB8 S:011B D:0000 DB:86 NvMxdizC V:256 H: 73 F:37
							8490C0 C6 01       DEC $01       [000001] A:00EE X:0E68 Y:CFB8 S:011B D:0000 DB:86 NvMxdizC V:256 H: 76 F:37
							8490C2 18          CLC                    A:00EE X:0E68 Y:CFB8 S:011B D:0000 DB:86 NvMxdizC V:256 H: 85 F:37
							8490C3 75 05       ADC $05,X     [000E6D] A:00EE X:0E68 Y:CFB8 S:011B D:0000 DB:86 NvMxdizc V:256 H: 88 F:37
							8490C5 85 00       STA $00       [000000] A:0029 X:0E68 Y:CFB8 S:011B D:0000 DB:86 nvMxdizC V:256 H: 94 F:37
							8490C7 B5 06       LDA $06,X     [000E6E] A:0029 X:0E68 Y:CFB8 S:011B D:0000 DB:86 nvMxdizC V:256 H: 99 F:37
							8490C9 65 01       ADC $01       [000001] A:001D X:0E68 Y:CFB8 S:011B D:0000 DB:86 nvMxdizC V:256 H:106 F:37
							8490CB 85 01       STA $01       [000001] A:001D X:0E68 Y:CFB8 S:011B D:0000 DB:86 nvMxdizC V:256 H:111 F:37
							8490CD 64 03       STZ $03       [000003] A:001D X:0E68 Y:CFB8 S:011B D:0000 DB:86 nvMxdizC V:256 H:116 F:37
							8490CF B5 2A       LDA $2A,X     [000E92] A:001D X:0E68 Y:CFB8 S:011B D:0000 DB:86 nvMxdizC V:256 H:121 F:37
							8490D1 10 02       BPL $0002     [8490D5] A:0015 X:0E68 Y:CFB8 S:011B D:0000 DB:86 nvMxdizC V:256 H:127 F:37
							8490D5 18          CLC                    A:0015 X:0E68 Y:CFB8 S:011B D:0000 DB:86 nvMxdizC V:256 H:132 F:37
							8490D6 75 08       ADC $08,X     [000E70] A:0015 X:0E68 Y:CFB8 S:011B D:0000 DB:86 nvMxdizc V:256 H:145 F:37
							8490D8 85 02       STA $02       [000002] A:00B0 X:0E68 Y:CFB8 S:011B D:0000 DB:86 NvMxdizc V:256 H:151 F:37
							8490DA 29 F0       AND #$F0               A:00B0 X:0E68 Y:CFB8 S:011B D:0000 DB:86 NvMxdizc V:256 H:156 F:37
							8490DC 85 0A       STA $0A       [00000A] A:00B0 X:0E68 Y:CFB8 S:011B D:0000 DB:86 NvMxdizc V:256 H:159 F:37
							8490DE B5 09       LDA $09,X     [000E71] A:00B0 X:0E68 Y:CFB8 S:011B D:0000 DB:86 NvMxdizc V:256 H:164 F:37
							8490E0 65 03       ADC $03       [000003] A:0003 X:0E68 Y:CFB8 S:011B D:0000 DB:86 nvMxdizc V:256 H:171 F:37
							8490E2 85 03       STA $03       [000003] A:0003 X:0E68 Y:CFB8 S:011B D:0000 DB:86 nvMxdizc V:256 H:176 F:37
							8490E4 85 0B       STA $0B       [00000B] A:0003 X:0E68 Y:CFB8 S:011B D:0000 DB:86 nvMxdizc V:256 H:181 F:37
							8490E6 A5 00       LDA $00       [000000] A:0003 X:0E68 Y:CFB8 S:011B D:0000 DB:86 nvMxdizc V:256 H:186 F:37
							8490E8 29 0F       AND #$0F               A:0029 X:0E68 Y:CFB8 S:011B D:0000 DB:86 nvMxdizc V:256 H:191 F:37
							8490EA 1A          INC                    A:0009 X:0E68 Y:CFB8 S:011B D:0000 DB:86 nvMxdizc V:256 H:194 F:37
							8490EB 85 0C       STA $0C       [00000C] A:000A X:0E68 Y:CFB8 S:011B D:0000 DB:86 nvMxdizc V:256 H:197 F:37
							8490ED A5 02       LDA $02       [000002] A:000A X:0E68 Y:CFB8 S:011B D:0000 DB:86 nvMxdizc V:256 H:202 F:37
							8490EF 29 0F       AND #$0F               A:00B0 X:0E68 Y:CFB8 S:011B D:0000 DB:86 NvMxdizc V:256 H:207 F:37
							8490F1 1A          INC                    A:0000 X:0E68 Y:CFB8 S:011B D:0000 DB:86 nvMxdiZc V:256 H:210 F:37
							8490F2 85 0E       STA $0E       [00000E] A:0001 X:0E68 Y:CFB8 S:011B D:0000 DB:86 nvMxdizc V:256 H:213 F:37
							8490F4 C2 20       REP #$20               A:0001 X:0E68 Y:CFB8 S:011B D:0000 DB:86 nvMxdizc V:256 H:218 F:37
							8490F6 20 6A 91    JSR $916A     [84916A] A:0001 X:0E68 Y:CFB8 S:011B D:0000 DB:86 nvmxdizc V:256 H:222 F:37

								84916A A9 00 E8    LDA #$E800             A:0001 X:0E68 Y:CFB8 S:0119 D:0000 DB:86 nvmxdizc V:256 H:232 F:37
								84916D 85 10       STA $10       [000010] A:E800 X:0E68 Y:CFB8 S:0119 D:0000 DB:86 Nvmxdizc V:256 H:237 F:37
								84916F A9 7E 00    LDA #$007E             A:E800 X:0E68 Y:CFB8 S:0119 D:0000 DB:86 Nvmxdizc V:256 H:244 F:37
								849172 85 12       STA $12       [000012] A:007E X:0E68 Y:CFB8 S:0119 D:0000 DB:86 nvmxdizc V:256 H:248 F:37
								849174 A5 02       LDA $02       [000002] A:007E X:0E68 Y:CFB8 S:0119 D:0000 DB:86 nvmxdizc V:256 H:255 F:37
								849176 29 F0 00    AND #$00F0             A:03B0 X:0E68 Y:CFB8 S:0119 D:0000 DB:86 nvmxdizc V:256 H:262 F:37
								849179 0A          ASL A                  A:00B0 X:0E68 Y:CFB8 S:0119 D:0000 DB:86 nvmxdizc V:256 H:267 F:37
								84917A 85 04       STA $04       [000004] A:0160 X:0E68 Y:CFB8 S:0119 D:0000 DB:86 nvmxdizc V:256 H:270 F:37
								84917C A5 00       LDA $00       [000000] A:0160 X:0E68 Y:CFB8 S:0119 D:0000 DB:86 nvmxdizc V:256 H:277 F:37
								84917E 29 FF 00    AND #$00FF             A:1D29 X:0E68 Y:CFB8 S:0119 D:0000 DB:86 nvmxdizc V:256 H:284 F:37
								849181 4A          LSR A                  A:0029 X:0E68 Y:CFB8 S:0119 D:0000 DB:86 nvmxdizc V:256 H:288 F:37
								849182 4A          LSR A                  A:0014 X:0E68 Y:CFB8 S:0119 D:0000 DB:86 nvmxdizC V:256 H:291 F:37
								849183 4A          LSR A                  A:000A X:0E68 Y:CFB8 S:0119 D:0000 DB:86 nvmxdizc V:256 H:294 F:37
								849184 29 FE FF    AND #$FFFE             A:0005 X:0E68 Y:CFB8 S:0119 D:0000 DB:86 nvmxdizc V:256 H:297 F:37
								849187 18          CLC                    A:0004 X:0E68 Y:CFB8 S:0119 D:0000 DB:86 nvmxdizc V:256 H:302 F:37
								849188 65 04       ADC $04       [000004] A:0004 X:0E68 Y:CFB8 S:0119 D:0000 DB:86 nvmxdizc V:256 H:305 F:37
								84918A 85 06       STA $06       [000006] A:0164 X:0E68 Y:CFB8 S:0119 D:0000 DB:86 nvmxdizc V:256 H:312 F:37
								84918C A5 00       LDA $00       [000000] A:0164 X:0E68 Y:CFB8 S:0119 D:0000 DB:86 nvmxdizc V:256 H:319 F:37
								84918E EB          XBA                    A:1D29 X:0E68 Y:CFB8 S:0119 D:0000 DB:86 nvmxdizc V:256 H:325 F:37
								84918F 29 1F 00    AND #$001F             A:291D X:0E68 Y:CFB8 S:0119 D:0000 DB:86 nvmxdizc V:256 H:329 F:37
								849192 85 04       STA $04       [000004] A:001D X:0E68 Y:CFB8 S:0119 D:0000 DB:86 nvmxdizc V:256 H:334 F:37
								849194 A5 02       LDA $02       [000002] A:001D X:0E68 Y:CFB8 S:0119 D:0000 DB:86 nvmxdizc V:257 H:  1 F:37
								849196 29 00 1F    AND #$1F00             A:03B0 X:0E68 Y:CFB8 S:0119 D:0000 DB:86 nvmxdizc V:257 H:  8 F:37
								849199 4A          LSR A                  A:0300 X:0E68 Y:CFB8 S:0119 D:0000 DB:86 nvmxdizc V:257 H: 12 F:37
								84919A 4A          LSR A                  A:0180 X:0E68 Y:CFB8 S:0119 D:0000 DB:86 nvmxdizc V:257 H: 15 F:37
								84919B 4A          LSR A                  A:00C0 X:0E68 Y:CFB8 S:0119 D:0000 DB:86 nvmxdizc V:257 H: 18 F:37
								84919C 18          CLC                    A:0060 X:0E68 Y:CFB8 S:0119 D:0000 DB:86 nvmxdizc V:257 H: 21 F:37
								84919D 65 04       ADC $04       [000004] A:0060 X:0E68 Y:CFB8 S:0119 D:0000 DB:86 nvmxdizc V:257 H: 24 F:37
								84919F A8          TAY                    A:007D X:0E68 Y:CFB8 S:0119 D:0000 DB:86 nvmxdizc V:257 H: 31 F:37
								8491A0 B7 10       LDA [$10],Y   [7EE87D] A:007D X:0E68 Y:007D S:0119 D:0000 DB:86 nvmxdizc V:257 H: 34 F:37
								8491A2 29 FF 00    AND #$00FF             A:0024 X:0E68 Y:007D S:0119 D:0000 DB:86 nvmxdizc V:257 H: 47 F:37
								8491A5 A8          TAY                    A:0024 X:0E68 Y:007D S:0119 D:0000 DB:86 nvmxdizc V:257 H: 52 F:37
								8491A6 EB          XBA                    A:0024 X:0E68 Y:0024 S:0119 D:0000 DB:86 nvmxdizc V:257 H: 55 F:37
								8491A7 0A          ASL A                  A:2400 X:0E68 Y:0024 S:0119 D:0000 DB:86 nvmxdiZc V:257 H: 59 F:37
								8491A8 18          CLC                    A:4800 X:0E68 Y:0024 S:0119 D:0000 DB:86 nvmxdizc V:257 H: 62 F:37
								8491A9 65 06       ADC $06       [000006] A:4800 X:0E68 Y:0024 S:0119 D:0000 DB:86 nvmxdizc V:257 H: 65 F:37
								8491AB AA          TAX                    A:4964 X:0E68 Y:0024 S:0119 D:0000 DB:86 nvmxdizc V:257 H: 72 F:37
								8491AC 60          RTS                    A:4964 X:4964 Y:0024 S:0119 D:0000 DB:86 nvmxdizc V:257 H: 75 F:37

							8490F9 BF 00 20 7E LDA $7E2000,X [7E6964] A:4964 X:4964 Y:0024 S:011B D:0000 DB:86 nvmxdizc V:257 H: 85 F:37
							8490FD A8          TAY                    A:01AA X:4964 Y:0024 S:011B D:0000 DB:86 nvmxdizc V:257 H: 95 F:37
							8490FE AD 92 0B    LDA $0B92     [860B92] A:01AA X:4964 Y:01AA S:011B D:0000 DB:86 nvmxdizc V:257 H: 98 F:37
							849101 85 10       STA $10       [000010] A:EB15 X:4964 Y:01AA S:011B D:0000 DB:86 Nvmxdizc V:257 H:107 F:37
							849103 AD 94 0B    LDA $0B94     [860B94] A:EB15 X:4964 Y:01AA S:011B D:0000 DB:86 Nvmxdizc V:257 H:114 F:37
							849106 85 12       STA $12       [000012] A:F895 X:4964 Y:01AA S:011B D:0000 DB:86 Nvmxdizc V:257 H:122 F:37
							849108 B7 10       LDA [$10],Y   [95ECBF] A:F895 X:4964 Y:01AA S:011B D:0000 DB:86 Nvmxdizc V:257 H:129 F:37
							84910A 29 FF 00    AND #$00FF             A:0000 X:4964 Y:01AA S:011B D:0000 DB:86 nvmxdiZc V:257 H:151 F:37
							84910D 28          PLP                    A:0000 X:4964 Y:01AA S:011B D:0000 DB:86 nvmxdiZc V:257 H:156 F:37
							84910E FA          PLX                    A:0000 X:4964 Y:01AA S:011C D:0000 DB:86 nvMxdizC V:257 H:162 F:37
							84910F 2B          PLD                    A:0000 X:0E68 Y:01AA S:011E D:0000 DB:86 nvMxdizC V:257 H:171 F:37
							849110 60          RTS                    A:0000 X:0E68 Y:01AA S:0120 D:0000 DB:86 nvMxdiZC V:257 H:179 F:37

						849318 B4 05       LDY $05,X     [000E6D] A:0000 X:0E68 Y:01AA S:0122 D:0000 DB:86 nvMxdiZC V:257 H:189 F:37
						84931A 84 10       STY $10       [000010] A:0000 X:0E68 Y:1D3B S:0122 D:0000 DB:86 nvMxdizC V:257 H:198 F:37
						84931C B4 08       LDY $08,X     [000E70] A:0000 X:0E68 Y:1D3B S:0122 D:0000 DB:86 nvMxdizC V:257 H:205 F:37
						84931E 84 12       STY $12       [000012] A:0000 X:0E68 Y:039B S:0122 D:0000 DB:86 nvMxdizC V:257 H:213 F:37
						849320 95 2D       STA $2D,X     [000E95] A:0000 X:0E68 Y:039B S:0122 D:0000 DB:86 nvMxdizC V:257 H:220 F:37
						849322 86 2C       STX $2C       [00002C] A:0000 X:0E68 Y:039B S:0122 D:0000 DB:86 nvMxdizC V:257 H:227 F:37
						849324 29 3F       AND #$3F               A:0000 X:0E68 Y:039B S:0122 D:0000 DB:86 nvMxdizC V:257 H:234 F:37
						849326 0A          ASL A                  A:0000 X:0E68 Y:039B S:0122 D:0000 DB:86 nvMxdiZC V:257 H:237 F:37
						849327 EB          XBA                    A:0000 X:0E68 Y:039B S:0122 D:0000 DB:86 nvMxdiZc V:257 H:240 F:37
						849328 A9 00       LDA #$00               A:0000 X:0E68 Y:039B S:0122 D:0000 DB:86 nvMxdiZc V:257 H:244 F:37
						84932A EB          XBA                    A:0000 X:0E68 Y:039B S:0122 D:0000 DB:86 nvMxdiZc V:257 H:247 F:37
						84932B AA          TAX                    A:0000 X:0E68 Y:039B S:0122 D:0000 DB:86 nvMxdiZc V:257 H:252 F:37
						84932C FC 5D 93    JSR ($935D,X) [84935D] A:0000 X:0000 Y:039B S:0122 D:0000 DB:86 nvMxdiZc V:257 H:255 F:37

							84977A A9 00       LDA #$00               A:0000 X:0000 Y:039B S:0120 D:0000 DB:86 nvMxdiZc V:257 H:268 F:37
							84977C 60          RTS                    A:0000 X:0000 Y:039B S:0120 D:0000 DB:86 nvMxdiZc V:257 H:271 F:37

						84932F 08          PHP                    A:0000 X:0000 Y:039B S:0122 D:0000 DB:86 nvMxdiZc V:257 H:281 F:37
						849330 A6 2C       LDX $2C       [00002C] A:0000 X:0000 Y:039B S:0121 D:0000 DB:86 nvMxdiZc V:257 H:286 F:37
						849332 A9 01       LDA #$01               A:0000 X:0E68 Y:039B S:0121 D:0000 DB:86 nvMxdizc V:257 H:293 F:37
						849334 34 29       BIT $29,X     [000E91] A:0001 X:0E68 Y:039B S:0121 D:0000 DB:86 nvMxdizc V:257 H:296 F:37
						849336 10 02       BPL $0002     [84933A] A:0001 X:0E68 Y:039B S:0121 D:0000 DB:86 NVMxdiZc V:257 H:302 F:37
						849338 A9 02       LDA #$02               A:0001 X:0E68 Y:039B S:0121 D:0000 DB:86 NVMxdiZc V:257 H:305 F:37
						84933A 28          PLP                    A:0002 X:0E68 Y:039B S:0121 D:0000 DB:86 nVMxdizc V:257 H:308 F:37
						84933B F0 0C       BEQ $000C     [849349] A:0002 X:0E68 Y:039B S:0122 D:0000 DB:86 nvMxdiZc V:257 H:315 F:37
						849349 49 FF       EOR #$FF               A:0002 X:0E68 Y:039B S:0122 D:0000 DB:86 nvMxdiZc V:257 H:319 F:37
						84934B 35 2B       AND $2B,X     [000E93] A:00FD X:0E68 Y:039B S:0122 D:0000 DB:86 NvMxdizc V:257 H:322 F:37
						84934D 95 2B       STA $2B,X     [000E93] A:0000 X:0E68 Y:039B S:0122 D:0000 DB:86 nvMxdiZc V:257 H:328 F:37
						84934F 20 08 93    JSR $9308     [849308] A:0000 X:0E68 Y:039B S:0122 D:0000 DB:86 nvMxdiZc V:257 H:334 F:37

													849308 A5 14       LDA $14       [000014] A:0000 X:0E68 Y:039B S:0120 D:0000 DB:86 nvMxdiZc V:258 H:  4 F:37
													84930A F0 08       BEQ $0008     [849314] A:0000 X:0E68 Y:039B S:0120 D:0000 DB:86 nvMxdiZc V:258 H:  9 F:37
													849314 60          RTS                    A:0000 X:0E68 Y:039B S:0120 D:0000 DB:86 nvMxdiZc V:258 H: 14 F:37

						849352 A9 00       LDA #$00               A:0000 X:0E68 Y:039B S:0122 D:0000 DB:86 nvMxdiZc V:258 H: 24 F:37
						849354 60          RTS                    A:0000 X:0E68 Y:039B S:0122 D:0000 DB:86 nvMxdiZc V:258 H: 27 F:37

					849305 C2 30       REP #$30               A:0000 X:0E68 Y:039B S:0124 D:0000 DB:86 nvMxdiZc V:258 H: 37 F:37
					849307 60          RTS                    A:0000 X:0E68 Y:039B S:0124 D:0000 DB:86 nvmxdiZc V:258 H: 41 F:37

				8491D8 20 ED 91    JSR $91ED     [8491ED] A:0000 X:0E68 Y:039B S:0126 D:0000 DB:86 nvmxdiZc V:258 H: 51 F:37

					8491ED B5 08       LDA $08,X     [000E70] A:0000 X:0E68 Y:039B S:0124 D:0000 DB:86 nvmxdiZc V:258 H: 61 F:37
					8491EF D5 24       CMP $24,X     [000E8C] A:039B X:0E68 Y:039B S:0124 D:0000 DB:86 nvmxdizc V:258 H: 70 F:37
					8491F1 F0 F2       BEQ $00F2     [8491E5] A:039B X:0E68 Y:039B S:0124 D:0000 DB:86 Nvmxdizc V:258 H: 78 F:37
					8491F3 10 4D       BPL $004D     [849242] A:039B X:0E68 Y:039B S:0124 D:0000 DB:86 Nvmxdizc V:258 H: 81 F:37
					8491F5 E2 20       SEP #$20               A:039B X:0E68 Y:039B S:0124 D:0000 DB:86 Nvmxdizc V:258 H: 84 F:37
					8491F7 B4 20       LDY $20,X     [000E88] A:039B X:0E68 Y:039B S:0124 D:0000 DB:86 NvMxdizc V:258 H: 89 F:37
					8491F9 B9 06 00    LDA $0006,Y   [86CFBE] A:039B X:0E68 Y:CFB8 S:0124 D:0000 DB:86 NvMxdizc V:258 H: 97 F:37
					8491FC 38          SEC                    A:0300 X:0E68 Y:CFB8 S:0124 D:0000 DB:86 nvMxdiZc V:258 H:105 F:37
					8491FD F9 08 00    SBC $0008,Y   [86CFC0] A:0300 X:0E68 Y:CFB8 S:0124 D:0000 DB:86 nvMxdiZC V:258 H:108 F:37
					849200 95 2A       STA $2A,X     [000E92] A:03E3 X:0E68 Y:CFB8 S:0124 D:0000 DB:86 NvMxdizc V:258 H:115 F:37
					849202 B9 05 00    LDA $0005,Y   [86CFBD] A:03E3 X:0E68 Y:CFB8 S:0124 D:0000 DB:86 NvMxdizc V:258 H:122 F:37
					849205 34 11       BIT $11,X     [000E79] A:0300 X:0E68 Y:CFB8 S:0124 D:0000 DB:86 nvMxdiZc V:258 H:129 F:37
					849207 50 03       BVC $0003     [84920C] A:0300 X:0E68 Y:CFB8 S:0124 D:0000 DB:86 nvMxdiZc V:258 H:146 F:37
					84920C 95 29       STA $29,X     [000E91] A:0300 X:0E68 Y:CFB8 S:0124 D:0000 DB:86 nvMxdiZc V:258 H:150 F:37
					84920E 20 73 94    JSR $9473     [849473] A:0300 X:0E68 Y:CFB8 S:0124 D:0000 DB:86 nvMxdiZc V:258 H:157 F:37

						849473 A9 F7       LDA #$F7               A:0300 X:0E68 Y:CFB8 S:0122 D:0000 DB:86 nvMxdiZc V:258 H:167 F:37
						849475 35 2B       AND $2B,X     [000E93] A:03F7 X:0E68 Y:CFB8 S:0122 D:0000 DB:86 NvMxdizc V:258 H:170 F:37
						849477 95 2B       STA $2B,X     [000E93] A:0300 X:0E68 Y:CFB8 S:0122 D:0000 DB:86 nvMxdiZc V:258 H:176 F:37
						849479 20 B3 90    JSR $90B3     [8490B3] A:0300 X:0E68 Y:CFB8 S:0122 D:0000 DB:86 nvMxdiZc V:258 H:183 F:37

							8490B3 0B          PHD                    A:0300 X:0E68 Y:CFB8 S:0120 D:0000 DB:86 nvMxdiZc V:258 H:193 F:37
							8490B4 DA          PHX                    A:0300 X:0E68 Y:CFB8 S:011E D:0000 DB:86 nvMxdiZc V:258 H:200 F:37
							8490B5 08          PHP                    A:0300 X:0E68 Y:CFB8 S:011C D:0000 DB:86 nvMxdiZc V:258 H:207 F:37
							8490B6 E2 20       SEP #$20               A:0300 X:0E68 Y:CFB8 S:011B D:0000 DB:86 nvMxdiZc V:258 H:212 F:37
							8490B8 C2 10       REP #$10               A:0300 X:0E68 Y:CFB8 S:011B D:0000 DB:86 nvMxdiZc V:258 H:216 F:37
							8490BA 64 01       STZ $01       [000001] A:0300 X:0E68 Y:CFB8 S:011B D:0000 DB:86 nvMxdiZc V:258 H:221 F:37
							8490BC B5 29       LDA $29,X     [000E91] A:0300 X:0E68 Y:CFB8 S:011B D:0000 DB:86 nvMxdiZc V:258 H:226 F:37
							8490BE 10 02       BPL $0002     [8490C2] A:0300 X:0E68 Y:CFB8 S:011B D:0000 DB:86 nvMxdiZc V:258 H:232 F:37
							8490C2 18          CLC                    A:0300 X:0E68 Y:CFB8 S:011B D:0000 DB:86 nvMxdiZc V:258 H:237 F:37
							8490C3 75 05       ADC $05,X     [000E6D] A:0300 X:0E68 Y:CFB8 S:011B D:0000 DB:86 nvMxdiZc V:258 H:240 F:37
							8490C5 85 00       STA $00       [000000] A:033B X:0E68 Y:CFB8 S:011B D:0000 DB:86 nvMxdizc V:258 H:246 F:37
							8490C7 B5 06       LDA $06,X     [000E6E] A:033B X:0E68 Y:CFB8 S:011B D:0000 DB:86 nvMxdizc V:258 H:251 F:37
							8490C9 65 01       ADC $01       [000001] A:031D X:0E68 Y:CFB8 S:011B D:0000 DB:86 nvMxdizc V:258 H:258 F:37
							8490CB 85 01       STA $01       [000001] A:031D X:0E68 Y:CFB8 S:011B D:0000 DB:86 nvMxdizc V:258 H:263 F:37
							8490CD 64 03       STZ $03       [000003] A:031D X:0E68 Y:CFB8 S:011B D:0000 DB:86 nvMxdizc V:258 H:268 F:37
							8490CF B5 2A       LDA $2A,X     [000E92] A:031D X:0E68 Y:CFB8 S:011B D:0000 DB:86 nvMxdizc V:258 H:273 F:37
							8490D1 10 02       BPL $0002     [8490D5] A:03E3 X:0E68 Y:CFB8 S:011B D:0000 DB:86 NvMxdizc V:258 H:279 F:37
							8490D3 C6 03       DEC $03       [000003] A:03E3 X:0E68 Y:CFB8 S:011B D:0000 DB:86 NvMxdizc V:258 H:282 F:37
							8490D5 18          CLC                    A:03E3 X:0E68 Y:CFB8 S:011B D:0000 DB:86 NvMxdizc V:258 H:291 F:37
							8490D6 75 08       ADC $08,X     [000E70] A:03E3 X:0E68 Y:CFB8 S:011B D:0000 DB:86 NvMxdizc V:258 H:294 F:37
							8490D8 85 02       STA $02       [000002] A:037E X:0E68 Y:CFB8 S:011B D:0000 DB:86 nVMxdizC V:258 H:300 F:37
							8490DA 29 F0       AND #$F0               A:037E X:0E68 Y:CFB8 S:011B D:0000 DB:86 nVMxdizC V:258 H:305 F:37
							8490DC 85 0A       STA $0A       [00000A] A:0370 X:0E68 Y:CFB8 S:011B D:0000 DB:86 nVMxdizC V:258 H:308 F:37
							8490DE B5 09       LDA $09,X     [000E71] A:0370 X:0E68 Y:CFB8 S:011B D:0000 DB:86 nVMxdizC V:258 H:313 F:37
							8490E0 65 03       ADC $03       [000003] A:0303 X:0E68 Y:CFB8 S:011B D:0000 DB:86 nVMxdizC V:258 H:320 F:37
							8490E2 85 03       STA $03       [000003] A:0303 X:0E68 Y:CFB8 S:011B D:0000 DB:86 nvMxdizC V:258 H:324 F:37
							8490E4 85 0B       STA $0B       [00000B] A:0303 X:0E68 Y:CFB8 S:011B D:0000 DB:86 nvMxdizC V:258 H:329 F:37
							8490E6 A5 00       LDA $00       [000000] A:0303 X:0E68 Y:CFB8 S:011B D:0000 DB:86 nvMxdizC V:258 H:334 F:37
							8490E8 29 0F       AND #$0F               A:033B X:0E68 Y:CFB8 S:011B D:0000 DB:86 nvMxdizC V:258 H:339 F:37
							8490EA 1A          INC                    A:030B X:0E68 Y:CFB8 S:011B D:0000 DB:86 nvMxdizC V:259 H:  2 F:37
							8490EB 85 0C       STA $0C       [00000C] A:030C X:0E68 Y:CFB8 S:011B D:0000 DB:86 nvMxdizC V:259 H:  5 F:37
							8490ED A5 02       LDA $02       [000002] A:030C X:0E68 Y:CFB8 S:011B D:0000 DB:86 nvMxdizC V:259 H: 10 F:37
							8490EF 29 0F       AND #$0F               A:037E X:0E68 Y:CFB8 S:011B D:0000 DB:86 nvMxdizC V:259 H: 15 F:37
							8490F1 1A          INC                    A:030E X:0E68 Y:CFB8 S:011B D:0000 DB:86 nvMxdizC V:259 H: 18 F:37
							8490F2 85 0E       STA $0E       [00000E] A:030F X:0E68 Y:CFB8 S:011B D:0000 DB:86 nvMxdizC V:259 H: 21 F:37
							8490F4 C2 20       REP #$20               A:030F X:0E68 Y:CFB8 S:011B D:0000 DB:86 nvMxdizC V:259 H: 26 F:37
							8490F6 20 6A 91    JSR $916A     [84916A] A:030F X:0E68 Y:CFB8 S:011B D:0000 DB:86 nvmxdizC V:259 H: 30 F:37

								84916A A9 00 E8    LDA #$E800             A:030F X:0E68 Y:CFB8 S:0119 D:0000 DB:86 nvmxdizC V:259 H: 40 F:37
								84916D 85 10       STA $10       [000010] A:E800 X:0E68 Y:CFB8 S:0119 D:0000 DB:86 NvmxdizC V:259 H: 45 F:37
								84916F A9 7E 00    LDA #$007E             A:E800 X:0E68 Y:CFB8 S:0119 D:0000 DB:86 NvmxdizC V:259 H: 52 F:37
								849172 85 12       STA $12       [000012] A:007E X:0E68 Y:CFB8 S:0119 D:0000 DB:86 nvmxdizC V:259 H: 56 F:37
								849174 A5 02       LDA $02       [000002] A:007E X:0E68 Y:CFB8 S:0119 D:0000 DB:86 nvmxdizC V:259 H: 63 F:37
								849176 29 F0 00    AND #$00F0             A:037E X:0E68 Y:CFB8 S:0119 D:0000 DB:86 nvmxdizC V:259 H: 70 F:37
								849179 0A          ASL A                  A:0070 X:0E68 Y:CFB8 S:0119 D:0000 DB:86 nvmxdizC V:259 H: 75 F:37
								84917A 85 04       STA $04       [000004] A:00E0 X:0E68 Y:CFB8 S:0119 D:0000 DB:86 nvmxdizc V:259 H: 78 F:37
								84917C A5 00       LDA $00       [000000] A:00E0 X:0E68 Y:CFB8 S:0119 D:0000 DB:86 nvmxdizc V:259 H: 85 F:37
								84917E 29 FF 00    AND #$00FF             A:1D3B X:0E68 Y:CFB8 S:0119 D:0000 DB:86 nvmxdizc V:259 H: 92 F:37
								849181 4A          LSR A                  A:003B X:0E68 Y:CFB8 S:0119 D:0000 DB:86 nvmxdizc V:259 H: 96 F:37
								849182 4A          LSR A                  A:001D X:0E68 Y:CFB8 S:0119 D:0000 DB:86 nvmxdizC V:259 H: 99 F:37
								849183 4A          LSR A                  A:000E X:0E68 Y:CFB8 S:0119 D:0000 DB:86 nvmxdizC V:259 H:102 F:37
								849184 29 FE FF    AND #$FFFE             A:0007 X:0E68 Y:CFB8 S:0119 D:0000 DB:86 nvmxdizc V:259 H:105 F:37
								849187 18          CLC                    A:0006 X:0E68 Y:CFB8 S:0119 D:0000 DB:86 nvmxdizc V:259 H:110 F:37
								849188 65 04       ADC $04       [000004] A:0006 X:0E68 Y:CFB8 S:0119 D:0000 DB:86 nvmxdizc V:259 H:113 F:37
								84918A 85 06       STA $06       [000006] A:00E6 X:0E68 Y:CFB8 S:0119 D:0000 DB:86 nvmxdizc V:259 H:120 F:37
								84918C A5 00       LDA $00       [000000] A:00E6 X:0E68 Y:CFB8 S:0119 D:0000 DB:86 nvmxdizc V:259 H:127 F:37
								84918E EB          XBA                    A:1D3B X:0E68 Y:CFB8 S:0119 D:0000 DB:86 nvmxdizc V:259 H:134 F:37
								84918F 29 1F 00    AND #$001F             A:3B1D X:0E68 Y:CFB8 S:0119 D:0000 DB:86 nvmxdizc V:259 H:148 F:37
								849192 85 04       STA $04       [000004] A:001D X:0E68 Y:CFB8 S:0119 D:0000 DB:86 nvmxdizc V:259 H:153 F:37
								849194 A5 02       LDA $02       [000002] A:001D X:0E68 Y:CFB8 S:0119 D:0000 DB:86 nvmxdizc V:259 H:160 F:37
								849196 29 00 1F    AND #$1F00             A:037E X:0E68 Y:CFB8 S:0119 D:0000 DB:86 nvmxdizc V:259 H:167 F:37
								849199 4A          LSR A                  A:0300 X:0E68 Y:CFB8 S:0119 D:0000 DB:86 nvmxdizc V:259 H:171 F:37
								84919A 4A          LSR A                  A:0180 X:0E68 Y:CFB8 S:0119 D:0000 DB:86 nvmxdizc V:259 H:174 F:37
								84919B 4A          LSR A                  A:00C0 X:0E68 Y:CFB8 S:0119 D:0000 DB:86 nvmxdizc V:259 H:177 F:37
								84919C 18          CLC                    A:0060 X:0E68 Y:CFB8 S:0119 D:0000 DB:86 nvmxdizc V:259 H:180 F:37
								84919D 65 04       ADC $04       [000004] A:0060 X:0E68 Y:CFB8 S:0119 D:0000 DB:86 nvmxdizc V:259 H:183 F:37
								84919F A8          TAY                    A:007D X:0E68 Y:CFB8 S:0119 D:0000 DB:86 nvmxdizc V:259 H:190 F:37
								8491A0 B7 10       LDA [$10],Y   [7EE87D] A:007D X:0E68 Y:007D S:0119 D:0000 DB:86 nvmxdizc V:259 H:193 F:37
								8491A2 29 FF 00    AND #$00FF             A:0024 X:0E68 Y:007D S:0119 D:0000 DB:86 nvmxdizc V:259 H:206 F:37
								8491A5 A8          TAY                    A:0024 X:0E68 Y:007D S:0119 D:0000 DB:86 nvmxdizc V:259 H:211 F:37
								8491A6 EB          XBA                    A:0024 X:0E68 Y:0024 S:0119 D:0000 DB:86 nvmxdizc V:259 H:214 F:37
								8491A7 0A          ASL A                  A:2400 X:0E68 Y:0024 S:0119 D:0000 DB:86 nvmxdiZc V:259 H:218 F:37
								8491A8 18          CLC                    A:4800 X:0E68 Y:0024 S:0119 D:0000 DB:86 nvmxdizc V:259 H:221 F:37
								8491A9 65 06       ADC $06       [000006] A:4800 X:0E68 Y:0024 S:0119 D:0000 DB:86 nvmxdizc V:259 H:224 F:37
								8491AB AA          TAX                    A:48E6 X:0E68 Y:0024 S:0119 D:0000 DB:86 nvmxdizc V:259 H:231 F:37
								8491AC 60          RTS                    A:48E6 X:48E6 Y:0024 S:0119 D:0000 DB:86 nvmxdizc V:259 H:234 F:37

							8490F9 BF 00 20 7E LDA $7E2000,X [7E68E6] A:48E6 X:48E6 Y:0024 S:011B D:0000 DB:86 nvmxdizc V:259 H:244 F:37
							8490FD A8          TAY                    A:018A X:48E6 Y:0024 S:011B D:0000 DB:86 nvmxdizc V:259 H:254 F:37
							8490FE AD 92 0B    LDA $0B92     [860B92] A:018A X:48E6 Y:018A S:011B D:0000 DB:86 nvmxdizc V:259 H:257 F:37
							849101 85 10       STA $10       [000010] A:EB15 X:48E6 Y:018A S:011B D:0000 DB:86 Nvmxdizc V:259 H:266 F:37
							849103 AD 94 0B    LDA $0B94     [860B94] A:EB15 X:48E6 Y:018A S:011B D:0000 DB:86 Nvmxdizc V:259 H:273 F:37
							849106 85 12       STA $12       [000012] A:F895 X:48E6 Y:018A S:011B D:0000 DB:86 Nvmxdizc V:259 H:281 F:37
							849108 B7 10       LDA [$10],Y   [95EC9F] A:F895 X:48E6 Y:018A S:011B D:0000 DB:86 Nvmxdizc V:259 H:288 F:37
							84910A 29 FF 00    AND #$00FF             A:0000 X:48E6 Y:018A S:011B D:0000 DB:86 nvmxdiZc V:259 H:300 F:37
							84910D 28          PLP                    A:0000 X:48E6 Y:018A S:011B D:0000 DB:86 nvmxdiZc V:259 H:305 F:37
							84910E FA          PLX                    A:0000 X:48E6 Y:018A S:011C D:0000 DB:86 nvMxdiZc V:259 H:311 F:37
							84910F 2B          PLD                    A:0000 X:0E68 Y:018A S:011E D:0000 DB:86 nvMxdizc V:259 H:320 F:37
							849110 60          RTS                    A:0000 X:0E68 Y:018A S:0120 D:0000 DB:86 nvMxdiZc V:259 H:327 F:37

						84947C B4 05       LDY $05,X     [000E6D] A:0000 X:0E68 Y:018A S:0122 D:0000 DB:86 nvMxdiZc V:259 H:337 F:37
						84947E 84 10       STY $10       [000010] A:0000 X:0E68 Y:1D3B S:0122 D:0000 DB:86 nvMxdizc V:260 H:  6 F:37
						849480 B4 08       LDY $08,X     [000E70] A:0000 X:0E68 Y:1D3B S:0122 D:0000 DB:86 nvMxdizc V:260 H: 13 F:37
						849482 84 12       STY $12       [000012] A:0000 X:0E68 Y:039B S:0122 D:0000 DB:86 nvMxdizc V:260 H: 21 F:37
						849484 95 2E       STA $2E,X     [000E96] A:0000 X:0E68 Y:039B S:0122 D:0000 DB:86 nvMxdizc V:260 H: 28 F:37
						849486 86 2C       STX $2C       [00002C] A:0000 X:0E68 Y:039B S:0122 D:0000 DB:86 nvMxdizc V:260 H: 35 F:37
						849488 29 3F       AND #$3F               A:0000 X:0E68 Y:039B S:0122 D:0000 DB:86 nvMxdizc V:260 H: 42 F:37
						84948A 0A          ASL A                  A:0000 X:0E68 Y:039B S:0122 D:0000 DB:86 nvMxdiZc V:260 H: 45 F:37
						84948B EB          XBA                    A:0000 X:0E68 Y:039B S:0122 D:0000 DB:86 nvMxdiZc V:260 H: 48 F:37
						84948C A9 00       LDA #$00               A:0000 X:0E68 Y:039B S:0122 D:0000 DB:86 nvMxdiZc V:260 H: 52 F:37
						84948E EB          XBA                    A:0000 X:0E68 Y:039B S:0122 D:0000 DB:86 nvMxdiZc V:260 H: 55 F:37
						84948F AA          TAX                    A:0000 X:0E68 Y:039B S:0122 D:0000 DB:86 nvMxdiZc V:260 H: 60 F:37
						849490 FC A9 94    JSR ($94A9,X) [8494A9] A:0000 X:0000 Y:039B S:0122 D:0000 DB:86 nvMxdiZc V:260 H: 63 F:37

							849529 AD 1C 1F    LDA $1F1C     [861F1C] A:0000 X:0000 Y:039B S:0120 D:0000 DB:86 nvMxdiZc V:260 H: 76 F:37
							84952C F0 11       BEQ $0011     [84953F] A:0000 X:0000 Y:039B S:0120 D:0000 DB:86 nvMxdiZc V:260 H: 82 F:37
							84953F A9 00       LDA #$00               A:0000 X:0000 Y:039B S:0120 D:0000 DB:86 nvMxdiZc V:260 H: 87 F:37
							849541 60          RTS                    A:0000 X:0000 Y:039B S:0120 D:0000 DB:86 nvMxdiZc V:260 H: 90 F:37

						849493 F0 0E       BEQ $000E     [8494A3] A:0000 X:0000 Y:039B S:0122 D:0000 DB:86 nvMxdiZc V:260 H:100 F:37
						8494A3 A6 2C       LDX $2C       [00002C] A:0000 X:0000 Y:039B S:0122 D:0000 DB:86 nvMxdiZc V:260 H:104 F:37
						8494A5 20 08 93    JSR $9308     [849308] A:0000 X:0E68 Y:039B S:0122 D:0000 DB:86 nvMxdizc V:260 H:111 F:37

							849308 A5 14       LDA $14       [000014] A:0000 X:0E68 Y:039B S:0120 D:0000 DB:86 nvMxdizc V:260 H:121 F:37
							84930A F0 08       BEQ $0008     [849314] A:0000 X:0E68 Y:039B S:0120 D:0000 DB:86 nvMxdiZc V:260 H:126 F:37
							849314 60          RTS                    A:0000 X:0E68 Y:039B S:0120 D:0000 DB:86 nvMxdiZc V:260 H:131 F:37

						8494A8 60          RTS                    A:0000 X:0E68 Y:039B S:0122 D:0000 DB:86 nvMxdiZc V:260 H:151 F:37

					849211 D0 2C       BNE $002C     [84923F] A:0000 X:0E68 Y:039B S:0124 D:0000 DB:86 nvMxdiZc V:260 H:161 F:37
					849213 B4 20       LDY $20,X     [000E88] A:0000 X:0E68 Y:039B S:0124 D:0000 DB:86 nvMxdiZc V:260 H:164 F:37
					849215 B9 05 00    LDA $0005,Y   [86CFBD] A:0000 X:0E68 Y:CFB8 S:0124 D:0000 DB:86 NvMxdizc V:260 H:172 F:37
					849218 34 11       BIT $11,X     [000E79] A:0000 X:0E68 Y:CFB8 S:0124 D:0000 DB:86 nvMxdiZc V:260 H:180 F:37
					84921A 50 03       BVC $0003     [84921F] A:0000 X:0E68 Y:CFB8 S:0124 D:0000 DB:86 nvMxdiZc V:260 H:186 F:37
					84921F 38          SEC                    A:0000 X:0E68 Y:CFB8 S:0124 D:0000 DB:86 nvMxdiZc V:260 H:191 F:37
					849220 F9 07 00    SBC $0007,Y   [86CFBF] A:0000 X:0E68 Y:CFB8 S:0124 D:0000 DB:86 nvMxdiZC V:260 H:194 F:37
					849223 95 29       STA $29,X     [000E91] A:00EE X:0E68 Y:CFB8 S:0124 D:0000 DB:86 NvMxdizc V:260 H:201 F:37
					849225 20 73 94    JSR $9473     [849473] A:00EE X:0E68 Y:CFB8 S:0124 D:0000 DB:86 NvMxdizc V:260 H:208 F:37

						849473 A9 F7       LDA #$F7               A:00EE X:0E68 Y:CFB8 S:0122 D:0000 DB:86 NvMxdizc V:260 H:218 F:37
						849475 35 2B       AND $2B,X     [000E93] A:00F7 X:0E68 Y:CFB8 S:0122 D:0000 DB:86 NvMxdizc V:260 H:221 F:37
						849477 95 2B       STA $2B,X     [000E93] A:0000 X:0E68 Y:CFB8 S:0122 D:0000 DB:86 nvMxdiZc V:260 H:227 F:37
						849479 20 B3 90    JSR $90B3     [8490B3] A:0000 X:0E68 Y:CFB8 S:0122 D:0000 DB:86 nvMxdiZc V:260 H:234 F:37

							8490B3 0B          PHD                    A:0000 X:0E68 Y:CFB8 S:0120 D:0000 DB:86 nvMxdiZc V:260 H:244 F:37
							8490B4 DA          PHX                    A:0000 X:0E68 Y:CFB8 S:011E D:0000 DB:86 nvMxdiZc V:260 H:251 F:37
							8490B5 08          PHP                    A:0000 X:0E68 Y:CFB8 S:011C D:0000 DB:86 nvMxdiZc V:260 H:258 F:37
							8490B6 E2 20       SEP #$20               A:0000 X:0E68 Y:CFB8 S:011B D:0000 DB:86 nvMxdiZc V:260 H:263 F:37
							8490B8 C2 10       REP #$10               A:0000 X:0E68 Y:CFB8 S:011B D:0000 DB:86 nvMxdiZc V:260 H:267 F:37
							8490BA 64 01       STZ $01       [000001] A:0000 X:0E68 Y:CFB8 S:011B D:0000 DB:86 nvMxdiZc V:260 H:272 F:37
							8490BC B5 29       LDA $29,X     [000E91] A:0000 X:0E68 Y:CFB8 S:011B D:0000 DB:86 nvMxdiZc V:260 H:277 F:37
							8490BE 10 02       BPL $0002     [8490C2] A:00EE X:0E68 Y:CFB8 S:011B D:0000 DB:86 NvMxdizc V:260 H:283 F:37
							8490C0 C6 01       DEC $01       [000001] A:00EE X:0E68 Y:CFB8 S:011B D:0000 DB:86 NvMxdizc V:260 H:286 F:37
							8490C2 18          CLC                    A:00EE X:0E68 Y:CFB8 S:011B D:0000 DB:86 NvMxdizc V:260 H:295 F:37
							8490C3 75 05       ADC $05,X     [000E6D] A:00EE X:0E68 Y:CFB8 S:011B D:0000 DB:86 NvMxdizc V:260 H:298 F:37
							8490C5 85 00       STA $00       [000000] A:0029 X:0E68 Y:CFB8 S:011B D:0000 DB:86 nvMxdizC V:260 H:304 F:37
							8490C7 B5 06       LDA $06,X     [000E6E] A:0029 X:0E68 Y:CFB8 S:011B D:0000 DB:86 nvMxdizC V:260 H:309 F:37
							8490C9 65 01       ADC $01       [000001] A:001D X:0E68 Y:CFB8 S:011B D:0000 DB:86 nvMxdizC V:260 H:316 F:37
							8490CB 85 01       STA $01       [000001] A:001D X:0E68 Y:CFB8 S:011B D:0000 DB:86 nvMxdizC V:260 H:321 F:37
							8490CD 64 03       STZ $03       [000003] A:001D X:0E68 Y:CFB8 S:011B D:0000 DB:86 nvMxdizC V:260 H:325 F:37
							8490CF B5 2A       LDA $2A,X     [000E92] A:001D X:0E68 Y:CFB8 S:011B D:0000 DB:86 nvMxdizC V:260 H:330 F:37
							8490D1 10 02       BPL $0002     [8490D5] A:00E3 X:0E68 Y:CFB8 S:011B D:0000 DB:86 NvMxdizC V:260 H:336 F:37
							8490D3 C6 03       DEC $03       [000003] A:00E3 X:0E68 Y:CFB8 S:011B D:0000 DB:86 NvMxdizC V:260 H:339 F:37
							8490D5 18          CLC                    A:00E3 X:0E68 Y:CFB8 S:011B D:0000 DB:86 NvMxdizC V:261 H:  8 F:37
							8490D6 75 08       ADC $08,X     [000E70] A:00E3 X:0E68 Y:CFB8 S:011B D:0000 DB:86 NvMxdizc V:261 H: 11 F:37
							8490D8 85 02       STA $02       [000002] A:007E X:0E68 Y:CFB8 S:011B D:0000 DB:86 nVMxdizC V:261 H: 17 F:37
							8490DA 29 F0       AND #$F0               A:007E X:0E68 Y:CFB8 S:011B D:0000 DB:86 nVMxdizC V:261 H: 22 F:37
							8490DC 85 0A       STA $0A       [00000A] A:0070 X:0E68 Y:CFB8 S:011B D:0000 DB:86 nVMxdizC V:261 H: 25 F:37
							8490DE B5 09       LDA $09,X     [000E71] A:0070 X:0E68 Y:CFB8 S:011B D:0000 DB:86 nVMxdizC V:261 H: 30 F:37
							8490E0 65 03       ADC $03       [000003] A:0003 X:0E68 Y:CFB8 S:011B D:0000 DB:86 nVMxdizC V:261 H: 37 F:37
							8490E2 85 03       STA $03       [000003] A:0003 X:0E68 Y:CFB8 S:011B D:0000 DB:86 nvMxdizC V:261 H: 42 F:37
							8490E4 85 0B       STA $0B       [00000B] A:0003 X:0E68 Y:CFB8 S:011B D:0000 DB:86 nvMxdizC V:261 H: 47 F:37
							8490E6 A5 00       LDA $00       [000000] A:0003 X:0E68 Y:CFB8 S:011B D:0000 DB:86 nvMxdizC V:261 H: 52 F:37
							8490E8 29 0F       AND #$0F               A:0029 X:0E68 Y:CFB8 S:011B D:0000 DB:86 nvMxdizC V:261 H: 57 F:37
							8490EA 1A          INC                    A:0009 X:0E68 Y:CFB8 S:011B D:0000 DB:86 nvMxdizC V:261 H: 60 F:37
							8490EB 85 0C       STA $0C       [00000C] A:000A X:0E68 Y:CFB8 S:011B D:0000 DB:86 nvMxdizC V:261 H: 63 F:37
							8490ED A5 02       LDA $02       [000002] A:000A X:0E68 Y:CFB8 S:011B D:0000 DB:86 nvMxdizC V:261 H: 68 F:37
							8490EF 29 0F       AND #$0F               A:007E X:0E68 Y:CFB8 S:011B D:0000 DB:86 nvMxdizC V:261 H: 73 F:37
							8490F1 1A          INC                    A:000E X:0E68 Y:CFB8 S:011B D:0000 DB:86 nvMxdizC V:261 H: 76 F:37
							8490F2 85 0E       STA $0E       [00000E] A:000F X:0E68 Y:CFB8 S:011B D:0000 DB:86 nvMxdizC V:261 H: 79 F:37
							8490F4 C2 20       REP #$20               A:000F X:0E68 Y:CFB8 S:011B D:0000 DB:86 nvMxdizC V:261 H: 84 F:37
							8490F6 20 6A 91    JSR $916A     [84916A] A:000F X:0E68 Y:CFB8 S:011B D:0000 DB:86 nvmxdizC V:261 H: 88 F:37

								84916A A9 00 E8    LDA #$E800             A:000F X:0E68 Y:CFB8 S:0119 D:0000 DB:86 nvmxdizC V:261 H: 98 F:37
								84916D 85 10       STA $10       [000010] A:E800 X:0E68 Y:CFB8 S:0119 D:0000 DB:86 NvmxdizC V:261 H:103 F:37
								84916F A9 7E 00    LDA #$007E             A:E800 X:0E68 Y:CFB8 S:0119 D:0000 DB:86 NvmxdizC V:261 H:110 F:37
								849172 85 12       STA $12       [000012] A:007E X:0E68 Y:CFB8 S:0119 D:0000 DB:86 nvmxdizC V:261 H:114 F:37
								849174 A5 02       LDA $02       [000002] A:007E X:0E68 Y:CFB8 S:0119 D:0000 DB:86 nvmxdizC V:261 H:121 F:37
								849176 29 F0 00    AND #$00F0             A:037E X:0E68 Y:CFB8 S:0119 D:0000 DB:86 nvmxdizC V:261 H:128 F:37
								849179 0A          ASL A                  A:0070 X:0E68 Y:CFB8 S:0119 D:0000 DB:86 nvmxdizC V:261 H:133 F:37
								84917A 85 04       STA $04       [000004] A:00E0 X:0E68 Y:CFB8 S:0119 D:0000 DB:86 nvmxdizc V:261 H:146 F:37
								84917C A5 00       LDA $00       [000000] A:00E0 X:0E68 Y:CFB8 S:0119 D:0000 DB:86 nvmxdizc V:261 H:153 F:37
								84917E 29 FF 00    AND #$00FF             A:1D29 X:0E68 Y:CFB8 S:0119 D:0000 DB:86 nvmxdizc V:261 H:160 F:37
								849181 4A          LSR A                  A:0029 X:0E68 Y:CFB8 S:0119 D:0000 DB:86 nvmxdizc V:261 H:164 F:37
								849182 4A          LSR A                  A:0014 X:0E68 Y:CFB8 S:0119 D:0000 DB:86 nvmxdizC V:261 H:167 F:37
								849183 4A          LSR A                  A:000A X:0E68 Y:CFB8 S:0119 D:0000 DB:86 nvmxdizc V:261 H:170 F:37
								849184 29 FE FF    AND #$FFFE             A:0005 X:0E68 Y:CFB8 S:0119 D:0000 DB:86 nvmxdizc V:261 H:173 F:37
								849187 18          CLC                    A:0004 X:0E68 Y:CFB8 S:0119 D:0000 DB:86 nvmxdizc V:261 H:178 F:37
								849188 65 04       ADC $04       [000004] A:0004 X:0E68 Y:CFB8 S:0119 D:0000 DB:86 nvmxdizc V:261 H:181 F:37
								84918A 85 06       STA $06       [000006] A:00E4 X:0E68 Y:CFB8 S:0119 D:0000 DB:86 nvmxdizc V:261 H:188 F:37
								84918C A5 00       LDA $00       [000000] A:00E4 X:0E68 Y:CFB8 S:0119 D:0000 DB:86 nvmxdizc V:261 H:195 F:37
								84918E EB          XBA                    A:1D29 X:0E68 Y:CFB8 S:0119 D:0000 DB:86 nvmxdizc V:261 H:202 F:37
								84918F 29 1F 00    AND #$001F             A:291D X:0E68 Y:CFB8 S:0119 D:0000 DB:86 nvmxdizc V:261 H:206 F:37
								849192 85 04       STA $04       [000004] A:001D X:0E68 Y:CFB8 S:0119 D:0000 DB:86 nvmxdizc V:261 H:211 F:37
								849194 A5 02       LDA $02       [000002] A:001D X:0E68 Y:CFB8 S:0119 D:0000 DB:86 nvmxdizc V:261 H:218 F:37
								849196 29 00 1F    AND #$1F00             A:037E X:0E68 Y:CFB8 S:0119 D:0000 DB:86 nvmxdizc V:261 H:225 F:37
								849199 4A          LSR A                  A:0300 X:0E68 Y:CFB8 S:0119 D:0000 DB:86 nvmxdizc V:261 H:229 F:37
								84919A 4A          LSR A                  A:0180 X:0E68 Y:CFB8 S:0119 D:0000 DB:86 nvmxdizc V:261 H:232 F:37
								84919B 4A          LSR A                  A:00C0 X:0E68 Y:CFB8 S:0119 D:0000 DB:86 nvmxdizc V:261 H:235 F:37
								84919C 18          CLC                    A:0060 X:0E68 Y:CFB8 S:0119 D:0000 DB:86 nvmxdizc V:261 H:238 F:37
								84919D 65 04       ADC $04       [000004] A:0060 X:0E68 Y:CFB8 S:0119 D:0000 DB:86 nvmxdizc V:261 H:241 F:37
								84919F A8          TAY                    A:007D X:0E68 Y:CFB8 S:0119 D:0000 DB:86 nvmxdizc V:261 H:248 F:37
								8491A0 B7 10       LDA [$10],Y   [7EE87D] A:007D X:0E68 Y:007D S:0119 D:0000 DB:86 nvmxdizc V:261 H:251 F:37
								8491A2 29 FF 00    AND #$00FF             A:0024 X:0E68 Y:007D S:0119 D:0000 DB:86 nvmxdizc V:261 H:264 F:37
								8491A5 A8          TAY                    A:0024 X:0E68 Y:007D S:0119 D:0000 DB:86 nvmxdizc V:261 H:269 F:37
								8491A6 EB          XBA                    A:0024 X:0E68 Y:0024 S:0119 D:0000 DB:86 nvmxdizc V:261 H:272 F:37
								8491A7 0A          ASL A                  A:2400 X:0E68 Y:0024 S:0119 D:0000 DB:86 nvmxdiZc V:261 H:276 F:37
								8491A8 18          CLC                    A:4800 X:0E68 Y:0024 S:0119 D:0000 DB:86 nvmxdizc V:261 H:279 F:37
								8491A9 65 06       ADC $06       [000006] A:4800 X:0E68 Y:0024 S:0119 D:0000 DB:86 nvmxdizc V:261 H:282 F:37
								8491AB AA          TAX                    A:48E4 X:0E68 Y:0024 S:0119 D:0000 DB:86 nvmxdizc V:261 H:289 F:37
								8491AC 60          RTS                    A:48E4 X:48E4 Y:0024 S:0119 D:0000 DB:86 nvmxdizc V:261 H:292 F:37

							8490F9 BF 00 20 7E LDA $7E2000,X [7E68E4] A:48E4 X:48E4 Y:0024 S:011B D:0000 DB:86 nvmxdizc V:261 H:302 F:37
							8490FD A8          TAY                    A:018A X:48E4 Y:0024 S:011B D:0000 DB:86 nvmxdizc V:261 H:312 F:37
							8490FE AD 92 0B    LDA $0B92     [860B92] A:018A X:48E4 Y:018A S:011B D:0000 DB:86 nvmxdizc V:261 H:315 F:37
							849101 85 10       STA $10       [000010] A:EB15 X:48E4 Y:018A S:011B D:0000 DB:86 Nvmxdizc V:261 H:323 F:37
							849103 AD 94 0B    LDA $0B94     [860B94] A:EB15 X:48E4 Y:018A S:011B D:0000 DB:86 Nvmxdizc V:261 H:330 F:37
							849106 85 12       STA $12       [000012] A:F895 X:48E4 Y:018A S:011B D:0000 DB:86 Nvmxdizc V:261 H:338 F:37
							849108 B7 10       LDA [$10],Y   [95EC9F] A:F895 X:48E4 Y:018A S:011B D:0000 DB:86 Nvmxdizc V:  0 H:  5 F:38
							84910A 29 FF 00    AND #$00FF             A:0000 X:48E4 Y:018A S:011B D:0000 DB:86 nvmxdiZc V:  0 H: 17 F:38
							84910D 28          PLP                    A:0000 X:48E4 Y:018A S:011B D:0000 DB:86 nvmxdiZc V:  0 H: 22 F:38
							84910E FA          PLX                    A:0000 X:48E4 Y:018A S:011C D:0000 DB:86 nvMxdiZc V:  0 H: 28 F:38
							84910F 2B          PLD                    A:0000 X:0E68 Y:018A S:011E D:0000 DB:86 nvMxdizc V:  0 H: 37 F:38
							849110 60          RTS                    A:0000 X:0E68 Y:018A S:0120 D:0000 DB:86 nvMxdiZc V:  0 H: 45 F:38

						84947C B4 05       LDY $05,X     [000E6D] A:0000 X:0E68 Y:018A S:0122 D:0000 DB:86 nvMxdiZc V:  0 H: 55 F:38
						84947E 84 10       STY $10       [000010] A:0000 X:0E68 Y:1D3B S:0122 D:0000 DB:86 nvMxdizc V:  0 H: 64 F:38
						849480 B4 08       LDY $08,X     [000E70] A:0000 X:0E68 Y:1D3B S:0122 D:0000 DB:86 nvMxdizc V:  0 H: 71 F:38
						849482 84 12       STY $12       [000012] A:0000 X:0E68 Y:039B S:0122 D:0000 DB:86 nvMxdizc V:  0 H: 79 F:38
						849484 95 2E       STA $2E,X     [000E96] A:0000 X:0E68 Y:039B S:0122 D:0000 DB:86 nvMxdizc V:  0 H: 86 F:38
						849486 86 2C       STX $2C       [00002C] A:0000 X:0E68 Y:039B S:0122 D:0000 DB:86 nvMxdizc V:  0 H: 93 F:38
						849488 29 3F       AND #$3F               A:0000 X:0E68 Y:039B S:0122 D:0000 DB:86 nvMxdizc V:  0 H:100 F:38
						84948A 0A          ASL A                  A:0000 X:0E68 Y:039B S:0122 D:0000 DB:86 nvMxdiZc V:  0 H:103 F:38
						84948B EB          XBA                    A:0000 X:0E68 Y:039B S:0122 D:0000 DB:86 nvMxdiZc V:  0 H:106 F:38
						84948C A9 00       LDA #$00               A:0000 X:0E68 Y:039B S:0122 D:0000 DB:86 nvMxdiZc V:  0 H:110 F:38
						84948E EB          XBA                    A:0000 X:0E68 Y:039B S:0122 D:0000 DB:86 nvMxdiZc V:  0 H:113 F:38
						84948F AA          TAX                    A:0000 X:0E68 Y:039B S:0122 D:0000 DB:86 nvMxdiZc V:  0 H:118 F:38
						849490 FC A9 94    JSR ($94A9,X) [8494A9] A:0000 X:0000 Y:039B S:0122 D:0000 DB:86 nvMxdiZc V:  0 H:121 F:38

							849529 AD 1C 1F    LDA $1F1C     [861F1C] A:0000 X:0000 Y:039B S:0120 D:0000 DB:86 nvMxdiZc V:  0 H:144 F:38
							84952C F0 11       BEQ $0011     [84953F] A:0000 X:0000 Y:039B S:0120 D:0000 DB:86 nvMxdiZc V:  0 H:150 F:38
							84953F A9 00       LDA #$00               A:0000 X:0000 Y:039B S:0120 D:0000 DB:86 nvMxdiZc V:  0 H:155 F:38
							849541 60          RTS                    A:0000 X:0000 Y:039B S:0120 D:0000 DB:86 nvMxdiZc V:  0 H:158 F:38

						849493 F0 0E       BEQ $000E     [8494A3] A:0000 X:0000 Y:039B S:0122 D:0000 DB:86 nvMxdiZc V:  0 H:168 F:38
						8494A3 A6 2C       LDX $2C       [00002C] A:0000 X:0000 Y:039B S:0122 D:0000 DB:86 nvMxdiZc V:  0 H:172 F:38
						8494A5 20 08 93    JSR $9308     [849308] A:0000 X:0E68 Y:039B S:0122 D:0000 DB:86 nvMxdizc V:  0 H:179 F:38

							849308 A5 14       LDA $14       [000014] A:0000 X:0E68 Y:039B S:0120 D:0000 DB:86 nvMxdizc V:  0 H:189 F:38
							84930A F0 08       BEQ $0008     [849314] A:0000 X:0E68 Y:039B S:0120 D:0000 DB:86 nvMxdiZc V:  0 H:194 F:38
							849314 60          RTS                    A:0000 X:0E68 Y:039B S:0120 D:0000 DB:86 nvMxdiZc V:  0 H:199 F:38

						8494A8 60          RTS                    A:0000 X:0E68 Y:039B S:0122 D:0000 DB:86 nvMxdiZc V:  0 H:209 F:38

					849228 D0 15       BNE $0015     [84923F] A:0000 X:0E68 Y:039B S:0124 D:0000 DB:86 nvMxdiZc V:  0 H:219 F:38
					84922A B4 20       LDY $20,X     [000E88] A:0000 X:0E68 Y:039B S:0124 D:0000 DB:86 nvMxdiZc V:  0 H:222 F:38
					84922C B9 05 00    LDA $0005,Y   [86CFBD] A:0000 X:0E68 Y:CFB8 S:0124 D:0000 DB:86 NvMxdizc V:  0 H:230 F:38
					84922F 34 11       BIT $11,X     [000E79] A:0000 X:0E68 Y:CFB8 S:0124 D:0000 DB:86 nvMxdiZc V:  0 H:238 F:38
					849231 50 03       BVC $0003     [849236] A:0000 X:0E68 Y:CFB8 S:0124 D:0000 DB:86 nvMxdiZc V:  0 H:244 F:38
					849236 18          CLC                    A:0000 X:0E68 Y:CFB8 S:0124 D:0000 DB:86 nvMxdiZc V:  0 H:249 F:38
					849237 79 07 00    ADC $0007,Y   [86CFBF] A:0000 X:0E68 Y:CFB8 S:0124 D:0000 DB:86 nvMxdiZc V:  0 H:252 F:38
					84923A 95 29       STA $29,X     [000E91] A:0012 X:0E68 Y:CFB8 S:0124 D:0000 DB:86 nvMxdizc V:  0 H:259 F:38
					84923C 20 73 94    JSR $9473     [849473] A:0012 X:0E68 Y:CFB8 S:0124 D:0000 DB:86 nvMxdizc V:  0 H:266 F:38

						849473 A9 F7       LDA #$F7               A:0012 X:0E68 Y:CFB8 S:0122 D:0000 DB:86 nvMxdizc V:  0 H:276 F:38
						849475 35 2B       AND $2B,X     [000E93] A:00F7 X:0E68 Y:CFB8 S:0122 D:0000 DB:86 NvMxdizc V:  0 H:279 F:38
						849477 95 2B       STA $2B,X     [000E93] A:0000 X:0E68 Y:CFB8 S:0122 D:0000 DB:86 nvMxdiZc V:  0 H:285 F:38
						849479 20 B3 90    JSR $90B3     [8490B3] A:0000 X:0E68 Y:CFB8 S:0122 D:0000 DB:86 nvMxdiZc V:  0 H:292 F:38

							8490B3 0B          PHD                    A:0000 X:0E68 Y:CFB8 S:0120 D:0000 DB:86 nvMxdiZc V:  0 H:302 F:38
							8490B4 DA          PHX                    A:0000 X:0E68 Y:CFB8 S:011E D:0000 DB:86 nvMxdiZc V:  0 H:309 F:38
							8490B5 08          PHP                    A:0000 X:0E68 Y:CFB8 S:011C D:0000 DB:86 nvMxdiZc V:  0 H:316 F:38
							8490B6 E2 20       SEP #$20               A:0000 X:0E68 Y:CFB8 S:011B D:0000 DB:86 nvMxdiZc V:  0 H:321 F:38
							8490B8 C2 10       REP #$10               A:0000 X:0E68 Y:CFB8 S:011B D:0000 DB:86 nvMxdiZc V:  0 H:325 F:38
							8490BA 64 01       STZ $01       [000001] A:0000 X:0E68 Y:CFB8 S:011B D:0000 DB:86 nvMxdiZc V:  0 H:329 F:38
							8490BC B5 29       LDA $29,X     [000E91] A:0000 X:0E68 Y:CFB8 S:011B D:0000 DB:86 nvMxdiZc V:  0 H:334 F:38
							8490BE 10 02       BPL $0002     [8490C2] A:0012 X:0E68 Y:CFB8 S:011B D:0000 DB:86 nvMxdizc V:  1 H:  0 F:38
							8490C2 18          CLC                    A:0012 X:0E68 Y:CFB8 S:011B D:0000 DB:86 nvMxdizc V:  1 H:  5 F:38
							8490C3 75 05       ADC $05,X     [000E6D] A:0012 X:0E68 Y:CFB8 S:011B D:0000 DB:86 nvMxdizc V:  1 H:  8 F:38
							8490C5 85 00       STA $00       [000000] A:004D X:0E68 Y:CFB8 S:011B D:0000 DB:86 nvMxdizc V:  1 H: 14 F:38
							8490C7 B5 06       LDA $06,X     [000E6E] A:004D X:0E68 Y:CFB8 S:011B D:0000 DB:86 nvMxdizc V:  1 H: 19 F:38
							8490C9 65 01       ADC $01       [000001] A:001D X:0E68 Y:CFB8 S:011B D:0000 DB:86 nvMxdizc V:  1 H: 26 F:38
							8490CB 85 01       STA $01       [000001] A:001D X:0E68 Y:CFB8 S:011B D:0000 DB:86 nvMxdizc V:  1 H: 31 F:38
							8490CD 64 03       STZ $03       [000003] A:001D X:0E68 Y:CFB8 S:011B D:0000 DB:86 nvMxdizc V:  1 H: 36 F:38
							8490CF B5 2A       LDA $2A,X     [000E92] A:001D X:0E68 Y:CFB8 S:011B D:0000 DB:86 nvMxdizc V:  1 H: 41 F:38
							8490D1 10 02       BPL $0002     [8490D5] A:00E3 X:0E68 Y:CFB8 S:011B D:0000 DB:86 NvMxdizc V:  1 H: 47 F:38
							8490D3 C6 03       DEC $03       [000003] A:00E3 X:0E68 Y:CFB8 S:011B D:0000 DB:86 NvMxdizc V:  1 H: 50 F:38
							8490D5 18          CLC                    A:00E3 X:0E68 Y:CFB8 S:011B D:0000 DB:86 NvMxdizc V:  1 H: 59 F:38
							8490D6 75 08       ADC $08,X     [000E70] A:00E3 X:0E68 Y:CFB8 S:011B D:0000 DB:86 NvMxdizc V:  1 H: 62 F:38
							8490D8 85 02       STA $02       [000002] A:007E X:0E68 Y:CFB8 S:011B D:0000 DB:86 nVMxdizC V:  1 H: 68 F:38
							8490DA 29 F0       AND #$F0               A:007E X:0E68 Y:CFB8 S:011B D:0000 DB:86 nVMxdizC V:  1 H: 73 F:38
							8490DC 85 0A       STA $0A       [00000A] A:0070 X:0E68 Y:CFB8 S:011B D:0000 DB:86 nVMxdizC V:  1 H: 76 F:38
							8490DE B5 09       LDA $09,X     [000E71] A:0070 X:0E68 Y:CFB8 S:011B D:0000 DB:86 nVMxdizC V:  1 H: 81 F:38
							8490E0 65 03       ADC $03       [000003] A:0003 X:0E68 Y:CFB8 S:011B D:0000 DB:86 nVMxdizC V:  1 H: 88 F:38
							8490E2 85 03       STA $03       [000003] A:0003 X:0E68 Y:CFB8 S:011B D:0000 DB:86 nvMxdizC V:  1 H: 93 F:38
							8490E4 85 0B       STA $0B       [00000B] A:0003 X:0E68 Y:CFB8 S:011B D:0000 DB:86 nvMxdizC V:  1 H: 98 F:38
							8490E6 A5 00       LDA $00       [000000] A:0003 X:0E68 Y:CFB8 S:011B D:0000 DB:86 nvMxdizC V:  1 H:103 F:38
							8490E8 29 0F       AND #$0F               A:004D X:0E68 Y:CFB8 S:011B D:0000 DB:86 nvMxdizC V:  1 H:108 F:38
							8490EA 1A          INC                    A:000D X:0E68 Y:CFB8 S:011B D:0000 DB:86 nvMxdizC V:  1 H:111 F:38
							8490EB 85 0C       STA $0C       [00000C] A:000E X:0E68 Y:CFB8 S:011B D:0000 DB:86 nvMxdizC V:  1 H:114 F:38
							8490ED A5 02       LDA $02       [000002] A:000E X:0E68 Y:CFB8 S:011B D:0000 DB:86 nvMxdizC V:  1 H:119 F:38
							8490EF 29 0F       AND #$0F               A:007E X:0E68 Y:CFB8 S:011B D:0000 DB:86 nvMxdizC V:  1 H:124 F:38
							8490F1 1A          INC                    A:000E X:0E68 Y:CFB8 S:011B D:0000 DB:86 nvMxdizC V:  1 H:127 F:38
							8490F2 85 0E       STA $0E       [00000E] A:000F X:0E68 Y:CFB8 S:011B D:0000 DB:86 nvMxdizC V:  1 H:130 F:38
							8490F4 C2 20       REP #$20               A:000F X:0E68 Y:CFB8 S:011B D:0000 DB:86 nvMxdizC V:  1 H:145 F:38
							8490F6 20 6A 91    JSR $916A     [84916A] A:000F X:0E68 Y:CFB8 S:011B D:0000 DB:86 nvmxdizC V:  1 H:149 F:38

								84916A A9 00 E8    LDA #$E800             A:000F X:0E68 Y:CFB8 S:0119 D:0000 DB:86 nvmxdizC V:  1 H:159 F:38
								84916D 85 10       STA $10       [000010] A:E800 X:0E68 Y:CFB8 S:0119 D:0000 DB:86 NvmxdizC V:  1 H:164 F:38
								84916F A9 7E 00    LDA #$007E             A:E800 X:0E68 Y:CFB8 S:0119 D:0000 DB:86 NvmxdizC V:  1 H:171 F:38
								849172 85 12       STA $12       [000012] A:007E X:0E68 Y:CFB8 S:0119 D:0000 DB:86 nvmxdizC V:  1 H:175 F:38
								849174 A5 02       LDA $02       [000002] A:007E X:0E68 Y:CFB8 S:0119 D:0000 DB:86 nvmxdizC V:  1 H:182 F:38
								849176 29 F0 00    AND #$00F0             A:037E X:0E68 Y:CFB8 S:0119 D:0000 DB:86 nvmxdizC V:  1 H:189 F:38
								849179 0A          ASL A                  A:0070 X:0E68 Y:CFB8 S:0119 D:0000 DB:86 nvmxdizC V:  1 H:194 F:38
								84917A 85 04       STA $04       [000004] A:00E0 X:0E68 Y:CFB8 S:0119 D:0000 DB:86 nvmxdizc V:  1 H:197 F:38
								84917C A5 00       LDA $00       [000000] A:00E0 X:0E68 Y:CFB8 S:0119 D:0000 DB:86 nvmxdizc V:  1 H:204 F:38
								84917E 29 FF 00    AND #$00FF             A:1D4D X:0E68 Y:CFB8 S:0119 D:0000 DB:86 nvmxdizc V:  1 H:211 F:38
								849181 4A          LSR A                  A:004D X:0E68 Y:CFB8 S:0119 D:0000 DB:86 nvmxdizc V:  1 H:215 F:38
								849182 4A          LSR A                  A:0026 X:0E68 Y:CFB8 S:0119 D:0000 DB:86 nvmxdizC V:  1 H:218 F:38
								849183 4A          LSR A                  A:0013 X:0E68 Y:CFB8 S:0119 D:0000 DB:86 nvmxdizc V:  1 H:221 F:38
								849184 29 FE FF    AND #$FFFE             A:0009 X:0E68 Y:CFB8 S:0119 D:0000 DB:86 nvmxdizC V:  1 H:224 F:38
								849187 18          CLC                    A:0008 X:0E68 Y:CFB8 S:0119 D:0000 DB:86 nvmxdizC V:  1 H:229 F:38
								849188 65 04       ADC $04       [000004] A:0008 X:0E68 Y:CFB8 S:0119 D:0000 DB:86 nvmxdizc V:  1 H:232 F:38
								84918A 85 06       STA $06       [000006] A:00E8 X:0E68 Y:CFB8 S:0119 D:0000 DB:86 nvmxdizc V:  1 H:239 F:38
								84918C A5 00       LDA $00       [000000] A:00E8 X:0E68 Y:CFB8 S:0119 D:0000 DB:86 nvmxdizc V:  1 H:246 F:38
								84918E EB          XBA                    A:1D4D X:0E68 Y:CFB8 S:0119 D:0000 DB:86 nvmxdizc V:  1 H:253 F:38
								84918F 29 1F 00    AND #$001F             A:4D1D X:0E68 Y:CFB8 S:0119 D:0000 DB:86 nvmxdizc V:  1 H:257 F:38
								849192 85 04       STA $04       [000004] A:001D X:0E68 Y:CFB8 S:0119 D:0000 DB:86 nvmxdizc V:  1 H:262 F:38
								849194 A5 02       LDA $02       [000002] A:001D X:0E68 Y:CFB8 S:0119 D:0000 DB:86 nvmxdizc V:  1 H:269 F:38
								849196 29 00 1F    AND #$1F00             A:037E X:0E68 Y:CFB8 S:0119 D:0000 DB:86 nvmxdizc V:  1 H:276 F:38
								849199 4A          LSR A                  A:0300 X:0E68 Y:CFB8 S:0119 D:0000 DB:86 nvmxdizc V:  1 H:280 F:38
								84919A 4A          LSR A                  A:0180 X:0E68 Y:CFB8 S:0119 D:0000 DB:86 nvmxdizc V:  1 H:283 F:38
								84919B 4A          LSR A                  A:00C0 X:0E68 Y:CFB8 S:0119 D:0000 DB:86 nvmxdizc V:  1 H:286 F:38
								84919C 18          CLC                    A:0060 X:0E68 Y:CFB8 S:0119 D:0000 DB:86 nvmxdizc V:  1 H:289 F:38
								84919D 65 04       ADC $04       [000004] A:0060 X:0E68 Y:CFB8 S:0119 D:0000 DB:86 nvmxdizc V:  1 H:292 F:38
								84919F A8          TAY                    A:007D X:0E68 Y:CFB8 S:0119 D:0000 DB:86 nvmxdizc V:  1 H:299 F:38
								8491A0 B7 10       LDA [$10],Y   [7EE87D] A:007D X:0E68 Y:007D S:0119 D:0000 DB:86 nvmxdizc V:  1 H:302 F:38
								8491A2 29 FF 00    AND #$00FF             A:0024 X:0E68 Y:007D S:0119 D:0000 DB:86 nvmxdizc V:  1 H:315 F:38
								8491A5 A8          TAY                    A:0024 X:0E68 Y:007D S:0119 D:0000 DB:86 nvmxdizc V:  1 H:320 F:38
								8491A6 EB          XBA                    A:0024 X:0E68 Y:0024 S:0119 D:0000 DB:86 nvmxdizc V:  1 H:323 F:38
								8491A7 0A          ASL A                  A:2400 X:0E68 Y:0024 S:0119 D:0000 DB:86 nvmxdiZc V:  1 H:327 F:38
								8491A8 18          CLC                    A:4800 X:0E68 Y:0024 S:0119 D:0000 DB:86 nvmxdizc V:  1 H:329 F:38
								8491A9 65 06       ADC $06       [000006] A:4800 X:0E68 Y:0024 S:0119 D:0000 DB:86 nvmxdizc V:  1 H:332 F:38
								8491AB AA          TAX                    A:48E8 X:0E68 Y:0024 S:0119 D:0000 DB:86 nvmxdizc V:  1 H:339 F:38
								8491AC 60          RTS                    A:48E8 X:48E8 Y:0024 S:0119 D:0000 DB:86 nvmxdizc V:  2 H:  2 F:38

							8490F9 BF 00 20 7E LDA $7E2000,X [7E68E8] A:48E8 X:48E8 Y:0024 S:011B D:0000 DB:86 nvmxdizc V:  2 H: 12 F:38
							8490FD A8          TAY                    A:018A X:48E8 Y:0024 S:011B D:0000 DB:86 nvmxdizc V:  2 H: 22 F:38
							8490FE AD 92 0B    LDA $0B92     [860B92] A:018A X:48E8 Y:018A S:011B D:0000 DB:86 nvmxdizc V:  2 H: 25 F:38
							849101 85 10       STA $10       [000010] A:EB15 X:48E8 Y:018A S:011B D:0000 DB:86 Nvmxdizc V:  2 H: 34 F:38
							849103 AD 94 0B    LDA $0B94     [860B94] A:EB15 X:48E8 Y:018A S:011B D:0000 DB:86 Nvmxdizc V:  2 H: 41 F:38
							849106 85 12       STA $12       [000012] A:F895 X:48E8 Y:018A S:011B D:0000 DB:86 Nvmxdizc V:  2 H: 49 F:38
							849108 B7 10       LDA [$10],Y   [95EC9F] A:F895 X:48E8 Y:018A S:011B D:0000 DB:86 Nvmxdizc V:  2 H: 56 F:38
							84910A 29 FF 00    AND #$00FF             A:0000 X:48E8 Y:018A S:011B D:0000 DB:86 nvmxdiZc V:  2 H: 68 F:38
							84910D 28          PLP                    A:0000 X:48E8 Y:018A S:011B D:0000 DB:86 nvmxdiZc V:  2 H: 73 F:38
							84910E FA          PLX                    A:0000 X:48E8 Y:018A S:011C D:0000 DB:86 nvMxdiZc V:  2 H: 79 F:38
							84910F 2B          PLD                    A:0000 X:0E68 Y:018A S:011E D:0000 DB:86 nvMxdizc V:  2 H: 88 F:38
							849110 60          RTS                    A:0000 X:0E68 Y:018A S:0120 D:0000 DB:86 nvMxdiZc V:  2 H: 96 F:38

						84947C B4 05       LDY $05,X     [000E6D] A:0000 X:0E68 Y:018A S:0122 D:0000 DB:86 nvMxdiZc V:  2 H:106 F:38
						84947E 84 10       STY $10       [000010] A:0000 X:0E68 Y:1D3B S:0122 D:0000 DB:86 nvMxdizc V:  2 H:115 F:38
						849480 B4 08       LDY $08,X     [000E70] A:0000 X:0E68 Y:1D3B S:0122 D:0000 DB:86 nvMxdizc V:  2 H:122 F:38
						849482 84 12       STY $12       [000012] A:0000 X:0E68 Y:039B S:0122 D:0000 DB:86 nvMxdizc V:  2 H:130 F:38
						849484 95 2E       STA $2E,X     [000E96] A:0000 X:0E68 Y:039B S:0122 D:0000 DB:86 nvMxdizc V:  2 H:147 F:38
						849486 86 2C       STX $2C       [00002C] A:0000 X:0E68 Y:039B S:0122 D:0000 DB:86 nvMxdizc V:  2 H:154 F:38
						849488 29 3F       AND #$3F               A:0000 X:0E68 Y:039B S:0122 D:0000 DB:86 nvMxdizc V:  2 H:161 F:38
						84948A 0A          ASL A                  A:0000 X:0E68 Y:039B S:0122 D:0000 DB:86 nvMxdiZc V:  2 H:164 F:38
						84948B EB          XBA                    A:0000 X:0E68 Y:039B S:0122 D:0000 DB:86 nvMxdiZc V:  2 H:167 F:38
						84948C A9 00       LDA #$00               A:0000 X:0E68 Y:039B S:0122 D:0000 DB:86 nvMxdiZc V:  2 H:171 F:38
						84948E EB          XBA                    A:0000 X:0E68 Y:039B S:0122 D:0000 DB:86 nvMxdiZc V:  2 H:174 F:38
						84948F AA          TAX                    A:0000 X:0E68 Y:039B S:0122 D:0000 DB:86 nvMxdiZc V:  2 H:179 F:38
						849490 FC A9 94    JSR ($94A9,X) [8494A9] A:0000 X:0000 Y:039B S:0122 D:0000 DB:86 nvMxdiZc V:  2 H:182 F:38

							849529 AD 1C 1F    LDA $1F1C     [861F1C] A:0000 X:0000 Y:039B S:0120 D:0000 DB:86 nvMxdiZc V:  2 H:195 F:38
							84952C F0 11       BEQ $0011     [84953F] A:0000 X:0000 Y:039B S:0120 D:0000 DB:86 nvMxdiZc V:  2 H:201 F:38
							84953F A9 00       LDA #$00               A:0000 X:0000 Y:039B S:0120 D:0000 DB:86 nvMxdiZc V:  2 H:206 F:38
							849541 60          RTS                    A:0000 X:0000 Y:039B S:0120 D:0000 DB:86 nvMxdiZc V:  2 H:209 F:38

						849493 F0 0E       BEQ $000E     [8494A3] A:0000 X:0000 Y:039B S:0122 D:0000 DB:86 nvMxdiZc V:  2 H:219 F:38
						8494A3 A6 2C       LDX $2C       [00002C] A:0000 X:0000 Y:039B S:0122 D:0000 DB:86 nvMxdiZc V:  2 H:223 F:38
						8494A5 20 08 93    JSR $9308     [849308] A:0000 X:0E68 Y:039B S:0122 D:0000 DB:86 nvMxdizc V:  2 H:230 F:38

							849308 A5 14       LDA $14       [000014] A:0000 X:0E68 Y:039B S:0120 D:0000 DB:86 nvMxdizc V:  2 H:240 F:38
							84930A F0 08       BEQ $0008     [849314] A:0000 X:0E68 Y:039B S:0120 D:0000 DB:86 nvMxdiZc V:  2 H:245 F:38
							849314 60          RTS                    A:0000 X:0E68 Y:039B S:0120 D:0000 DB:86 nvMxdiZc V:  2 H:250 F:38

						8494A8 60          RTS                    A:0000 X:0E68 Y:039B S:0122 D:0000 DB:86 nvMxdiZc V:  2 H:260 F:38

					84923F C2 30       REP #$30               A:0000 X:0E68 Y:039B S:0124 D:0000 DB:86 nvMxdiZc V:  2 H:270 F:38
					849241 60          RTS                    A:0000 X:0E68 Y:039B S:0124 D:0000 DB:86 nvmxdiZc V:  2 H:274 F:38

				8491DB 2B          PLD                    A:0000 X:0E68 Y:039B S:0126 D:0000 DB:86 nvmxdiZc V:  2 H:284 F:38
				8491DC 28          PLP                    A:0000 X:0E68 Y:039B S:0128 D:0E68 DB:86 nvmxdizc V:  2 H:293 F:38
				8491DD 6B          RTL                    A:0000 X:0068 Y:009B S:0129 D:0E68 DB:86 NvMXdizc V:  2 H:299 F:38

			88A1C5 A5 2B       LDA $2B       [000E93] A:0000 X:0068 Y:009B S:012C D:0E68 DB:86 NvMXdizc V:  2 H:310 F:38
			88A1C7 29 04       AND #$04               A:0000 X:0068 Y:009B S:012C D:0E68 DB:86 nvMXdiZc V:  2 H:316 F:38
			88A1C9 F0 18       BEQ $0018     [88A1E3] A:0000 X:0068 Y:009B S:012C D:0E68 DB:86 nvMXdiZc V:  2 H:319 F:38		Branch because Miscbitflag Bit 04 is not set (Not in the ground)
			88A1E3 60          RTS                    A:0000 X:0068 Y:009B S:012C D:0E68 DB:86 nvMXdiZc V:  2 H:323 F:38		Return

		889D7B AD CF 0B    LDA $0BCF     [860BCF] A:0000 X:0068 Y:009B S:012E D:0E68 DB:86 nvMXdiZc V:  2 H:333 F:38
