80D4F6 20 30 D5    JSR $D530     [80D530] A:0E01 X:0000 Y:0008 S:0133 D:0E68 DB:86 nvMXdizC V:257 H:125 F:33

	80D530 C2 20       REP #$20               A:0E01 X:0000 Y:0008 S:0131 D:0E68 DB:86 nvMXdizC V:257 H:145 F:33
	80D532 A5 05       LDA $05       [000E6D] A:0E01 X:0000 Y:0008 S:0131 D:0E68 DB:86 nvmXdizC V:257 H:149 F:33
	80D534 85 22       STA $22       [000E8A] A:1D22 X:0000 Y:0008 S:0131 D:0E68 DB:86 nvmXdizC V:257 H:158 F:33
	80D536 A5 08       LDA $08       [000E70] A:1D22 X:0000 Y:0008 S:0131 D:0E68 DB:86 nvmXdizC V:257 H:166 F:33
	80D538 85 24       STA $24       [000E8C] A:03A2 X:0000 Y:0008 S:0131 D:0E68 DB:86 nvmXdizC V:257 H:175 F:33
	80D53A E2 20       SEP #$20               A:03A2 X:0000 Y:0008 S:0131 D:0E68 DB:86 nvmXdizC V:257 H:183 F:33
	80D53C A9 80       LDA #$80               A:03A2 X:0000 Y:0008 S:0131 D:0E68 DB:86 nvMXdizC V:257 H:188 F:33
	80D53E 14 0E       TRB $0E       [000E76] A:0380 X:0000 Y:0008 S:0131 D:0E68 DB:86 NvMXdizC V:257 H:191 F:33
	80D540 A5 0A       LDA $0A       [000E72] A:0380 X:0000 Y:0008 S:0131 D:0E68 DB:86 NvMXdizC V:257 H:201 F:33
	80D542 0A          ASL A                  A:0331 X:0000 Y:0008 S:0131 D:0E68 DB:86 nvMXdizC V:257 H:207 F:33
	80D543 AA          TAX                    A:0362 X:0000 Y:0008 S:0131 D:0E68 DB:86 nvMXdizc V:257 H:210 F:33
	80D544 7C DD F8    JMP ($F8DD,X) [80F93F] A:0362 X:0062 Y:0008 S:0131 D:0E68 DB:86 nvMXdizc V:257 H:213 F:33

	80FAA6 22 E1 9B 88 JSL $889BE1   [889BE1] A:0362 X:0062 Y:0008 S:0131 D:0E68 DB:86 nvMXdizc V:257 H:222 F:33

		889BE1 A6 01       LDX $01       [000E69] A:0362 X:0062 Y:0008 S:012E D:0E68 DB:86 nvMXdizc V:257 H:236 F:33
		889BE3 7C E6 9B    JMP ($9BE6,X) [889BEA] A:0362 X:0004 Y:0008 S:012E D:0E68 DB:86 nvMXdizc V:257 H:242 F:33

		889D6E A9 0E       LDA #$0E               A:0362 X:0004 Y:0008 S:012E D:0E68 DB:86 nvMXdizc V:257 H:251 F:33
		889D70 14 11       TRB $11       [000E79] A:030E X:0004 Y:0008 S:012E D:0E68 DB:86 nvMXdizc V:257 H:254 F:33
		889D72 A5 33       LDA $33       [000E9B] A:030E X:0004 Y:0008 S:012E D:0E68 DB:86 nvMXdizc V:257 H:264 F:33
		889D74 04 11       TSB $11       [000E79] A:0308 X:0004 Y:0008 S:012E D:0E68 DB:86 nvMXdizc V:257 H:271 F:33
		889D76 A6 02       LDX $02       [000E6A] A:0308 X:0004 Y:0008 S:012E D:0E68 DB:86 nvMXdiZc V:257 H:281 F:33
		889D78 FC 2C 9E    JSR ($9E2C,X) [889E32] A:0308 X:0006 Y:0008 S:012E D:0E68 DB:86 nvMXdizc V:257 H:287 F:33

			88A16E A6 03       LDX $03       [000E6B] A:0308 X:0006 Y:0008 S:012C D:0E68 DB:86 nvMXdizc V:257 H:300 F:33
			88A170 7C 73 A1    JMP ($A173,X) [88A179] A:0308 X:0006 Y:0008 S:012C D:0E68 DB:86 nvMXdizc V:257 H:307 F:33

			88A1E4 22 EA 8E 84 JSL $848EEA   [848EEA] A:0308 X:0006 Y:0008 S:012C D:0E68 DB:86 nvMXdizc V:257 H:316 F:33		JSL $848EEA --> Decrease Countdown routine

				848EEA 08          PHP                    A:0308 X:0006 Y:0008 S:0129 D:0E68 DB:86 nvMXdizc V:257 H:328 F:33
				848EEB 8B          PHB                    A:0308 X:0006 Y:0008 S:0128 D:0E68 DB:86 nvMXdizc V:257 H:333 F:33
				848EEC E2 30       SEP #$30               A:0308 X:0006 Y:0008 S:0127 D:0E68 DB:86 nvMXdizc V:257 H:338 F:33
				848EEE C6 13       DEC $13       [000E7B] A:0308 X:0006 Y:0008 S:0127 D:0E68 DB:86 nvMXdizc V:258 H:  3 F:33
				848EF0 D0 5D       BNE $005D     [848F4F] A:0308 X:0006 Y:0008 S:0127 D:0E68 DB:86 nvMXdizc V:258 H: 13 F:33
				848F4F AB          PLB                    A:0308 X:0006 Y:0008 S:0127 D:0E68 DB:86 nvMXdizc V:258 H: 17 F:33
				848F50 28          PLP                    A:0308 X:0006 Y:0008 S:0128 D:0E68 DB:86 NvMXdizc V:258 H: 24 F:33
				848F51 6B          RTL                    A:0308 X:0006 Y:0008 S:0129 D:0E68 DB:86 nvMXdizc V:258 H: 30 F:33

			88A1E8 A5 0F       LDA $0F       [000E77] A:0308 X:0006 Y:0008 S:012C D:0E68 DB:86 nvMXdizc V:258 H: 41 F:33
			88A1EA 10 0E       BPL $000E     [88A1FA] A:0300 X:0006 Y:0008 S:012C D:0E68 DB:86 nvMXdiZc V:258 H: 47 F:33		Branch because CDAction is positive
			88A1FA 60          RTS                    A:0300 X:0006 Y:0008 S:012C D:0E68 DB:86 nvMXdiZc V:258 H: 52 F:33

889D7B AD CF 0B    LDA $0BCF     [860BCF] A:0300 X:0006 Y:0008 S:012E D:0E68 DB:86 nvMXdiZc V:258 H: 62 F:33
