80D4F6 20 30 D5    JSR $D530     [80D530] A:0E01 X:0000 Y:0008 S:0133 D:0E68 DB:86 nvMXdizC V:250 H: 56 F:44

	80D530 C2 20       REP #$20               A:0E01 X:0000 Y:0008 S:0131 D:0E68 DB:86 nvMXdizC V:250 H: 66 F:44
	80D532 A5 05       LDA $05       [000E6D] A:0E01 X:0000 Y:0008 S:0131 D:0E68 DB:86 nvmXdizC V:250 H: 71 F:44
	80D534 85 22       STA $22       [000E8A] A:1D22 X:0000 Y:0008 S:0131 D:0E68 DB:86 nvmXdizC V:250 H: 79 F:44
	80D536 A5 08       LDA $08       [000E70] A:1D22 X:0000 Y:0008 S:0131 D:0E68 DB:86 nvmXdizC V:250 H: 88 F:44
	80D538 85 24       STA $24       [000E8C] A:03A2 X:0000 Y:0008 S:0131 D:0E68 DB:86 nvmXdizC V:250 H: 96 F:44
	80D53A E2 20       SEP #$20               A:03A2 X:0000 Y:0008 S:0131 D:0E68 DB:86 nvmXdizC V:250 H:105 F:44
	80D53C A9 80       LDA #$80               A:03A2 X:0000 Y:0008 S:0131 D:0E68 DB:86 nvMXdizC V:250 H:109 F:44
	80D53E 14 0E       TRB $0E       [000E76] A:0380 X:0000 Y:0008 S:0131 D:0E68 DB:86 NvMXdizC V:250 H:112 F:44
	80D540 A5 0A       LDA $0A       [000E72] A:0380 X:0000 Y:0008 S:0131 D:0E68 DB:86 NvMXdizC V:250 H:122 F:44
	80D542 0A          ASL A                  A:0331 X:0000 Y:0008 S:0131 D:0E68 DB:86 nvMXdizC V:250 H:129 F:44
	80D543 AA          TAX                    A:0362 X:0000 Y:0008 S:0131 D:0E68 DB:86 nvMXdizc V:250 H:132 F:44
	80D544 7C DD F8    JMP ($F8DD,X) [80F93F] A:0362 X:0062 Y:0008 S:0131 D:0E68 DB:86 nvMXdizc V:250 H:145 F:44

	80FAA6 22 E1 9B 88 JSL $889BE1   [889BE1] A:0362 X:0062 Y:0008 S:0131 D:0E68 DB:86 nvMXdizc V:250 H:154 F:44

		889BE1 A6 01       LDX $01       [000E69] A:0362 X:0062 Y:0008 S:012E D:0E68 DB:86 nvMXdizc V:250 H:167 F:44
		889BE3 7C E6 9B    JMP ($9BE6,X) [889BEA] A:0362 X:0004 Y:0008 S:012E D:0E68 DB:86 nvMXdizc V:250 H:174 F:44

		889D6E A9 0E       LDA #$0E               A:0362 X:0004 Y:0008 S:012E D:0E68 DB:86 nvMXdizc V:250 H:183 F:44
		889D70 14 11       TRB $11       [000E79] A:030E X:0004 Y:0008 S:012E D:0E68 DB:86 nvMXdizc V:250 H:186 F:44
		889D72 A5 33       LDA $33       [000E9B] A:030E X:0004 Y:0008 S:012E D:0E68 DB:86 nvMXdizc V:250 H:196 F:44
		889D74 04 11       TSB $11       [000E79] A:0308 X:0004 Y:0008 S:012E D:0E68 DB:86 nvMXdizc V:250 H:202 F:44
		889D76 A6 02       LDX $02       [000E6A] A:0308 X:0004 Y:0008 S:012E D:0E68 DB:86 nvMXdiZc V:250 H:212 F:44
		889D78 FC 2C 9E    JSR ($9E2C,X) [889E32] A:0308 X:0006 Y:0008 S:012E D:0E68 DB:86 nvMXdizc V:250 H:219 F:44

			88A16E A6 03       LDX $03       [000E6B] A:0308 X:0006 Y:0008 S:012C D:0E68 DB:86 nvMXdizc V:250 H:232 F:44
			88A170 7C 73 A1    JMP ($A173,X) [88A179] A:0308 X:0006 Y:0008 S:012C D:0E68 DB:86 nvMXdizc V:250 H:238 F:44

			88A1E4 22 EA 8E 84 JSL $848EEA   [848EEA] A:0308 X:0006 Y:0008 S:012C D:0E68 DB:86 nvMXdizc V:250 H:247 F:44		JSL $848EEA --> Decrease Routine Countdown

				848EEA 08          PHP                    A:0308 X:0006 Y:0008 S:0129 D:0E68 DB:86 nvMXdizc V:250 H:261 F:44
				848EEB 8B          PHB                    A:0308 X:0006 Y:0008 S:0128 D:0E68 DB:86 nvMXdizc V:250 H:266 F:44
				848EEC E2 30       SEP #$30               A:0308 X:0006 Y:0008 S:0127 D:0E68 DB:86 nvMXdizc V:250 H:271 F:44
				848EEE C6 13       DEC $13       [000E7B] A:0308 X:0006 Y:0008 S:0127 D:0E68 DB:86 nvMXdizc V:250 H:275 F:44
				848EF0 D0 5D       BNE $005D     [848F4F] A:0308 X:0006 Y:0008 S:0127 D:0E68 DB:86 nvMXdiZc V:250 H:285 F:44
				848EF2 A9 AF       LDA #$AF               A:0308 X:0006 Y:0008 S:0127 D:0E68 DB:86 nvMXdiZc V:250 H:288 F:44
				848EF4 48          PHA                    A:03AF X:0006 Y:0008 S:0127 D:0E68 DB:86 NvMXdizc V:250 H:291 F:44
				848EF5 AB          PLB                    A:03AF X:0006 Y:0008 S:0126 D:0E68 DB:86 NvMXdizc V:250 H:296 F:44
				848EF6 C2 21       REP #$21               A:03AF X:0006 Y:0008 S:0127 D:0E68 DB:AF NvMXdizc V:250 H:303 F:44
				848EF8 A5 14       LDA $14       [000E7C] A:03AF X:0006 Y:0008 S:0127 D:0E68 DB:AF NvmXdizc V:250 H:307 F:44
				848EFA 69 03 00    ADC #$0003             A:DF37 X:0006 Y:0008 S:0127 D:0E68 DB:AF NvmXdizc V:250 H:316 F:44
				848EFD A4 0F       LDY $0F       [000E77] A:DF3A X:0006 Y:0008 S:0127 D:0E68 DB:AF NvmXdizc V:250 H:320 F:44
				848EFF 10 37       BPL $0037     [848F38] A:DF3A X:0006 Y:0000 S:0127 D:0E68 DB:AF nvmXdiZc V:250 H:326 F:44
				848F38 85 14       STA $14       [000E7C] A:DF3A X:0006 Y:0000 S:0127 D:0E68 DB:AF nvmXdiZc V:250 H:330 F:44
				848F3A E2 30       SEP #$30               A:DF3A X:0006 Y:0000 S:0127 D:0E68 DB:AF nvmXdiZc V:250 H:339 F:44
				848F3C B2 14       LDA ($14)     [AFDF3A] A:DF3A X:0006 Y:0000 S:0127 D:0E68 DB:AF nvMXdiZc V:251 H:  3 F:44
				848F3E 85 13       STA $13       [000E7B] A:DF04 X:0006 Y:0000 S:0127 D:0E68 DB:AF nvMXdizc V:251 H: 13 F:44
				848F40 A0 01       LDY #$01               A:DF04 X:0006 Y:0000 S:0127 D:0E68 DB:AF nvMXdizc V:251 H: 20 F:44
				848F42 B1 14       LDA ($14),Y   [AFDF3B] A:DF04 X:0006 Y:0001 S:0127 D:0E68 DB:AF nvMXdizc V:251 H: 23 F:44
				848F44 85 0F       STA $0F       [000E77] A:DF80 X:0006 Y:0001 S:0127 D:0E68 DB:AF NvMXdizc V:251 H: 33 F:44
				848F46 C8          INY                    A:DF80 X:0006 Y:0001 S:0127 D:0E68 DB:AF NvMXdizc V:251 H: 39 F:44
				848F47 B1 14       LDA ($14),Y   [AFDF3C] A:DF80 X:0006 Y:0002 S:0127 D:0E68 DB:AF nvMXdizc V:251 H: 42 F:44
				848F49 85 17       STA $17       [000E7F] A:DF01 X:0006 Y:0002 S:0127 D:0E68 DB:AF nvMXdizc V:251 H: 52 F:44
				848F4B A9 80       LDA #$80               A:DF01 X:0006 Y:0002 S:0127 D:0E68 DB:AF nvMXdizc V:251 H: 59 F:44
				848F4D 04 17       TSB $17       [000E7F] A:DF80 X:0006 Y:0002 S:0127 D:0E68 DB:AF NvMXdizc V:251 H: 62 F:44
				848F4F AB          PLB                    A:DF80 X:0006 Y:0002 S:0127 D:0E68 DB:AF NvMXdiZc V:251 H: 72 F:44
				848F50 28          PLP                    A:DF80 X:0006 Y:0002 S:0128 D:0E68 DB:86 NvMXdizc V:251 H: 78 F:44
				848F51 6B          RTL                    A:DF80 X:0006 Y:0002 S:0129 D:0E68 DB:86 nvMXdizc V:251 H: 85 F:44

			88A1E8 A5 0F       LDA $0F       [000E77] A:DF80 X:0006 Y:0002 S:012C D:0E68 DB:86 nvMXdizc V:251 H: 95 F:44
			88A1EA 10 0E       BPL $000E     [88A1FA] A:DF80 X:0006 Y:0002 S:012C D:0E68 DB:86 NvMXdizc V:251 H:102 F:44		Branch if CDAction is positive
			88A1EC A9 08       LDA #$08               A:DF80 X:0006 Y:0002 S:012C D:0E68 DB:86 NvMXdizc V:251 H:105 F:44		Subaction = #$08
			88A1EE 85 03       STA $03       [000E6B] A:DF08 X:0006 Y:0002 S:012C D:0E68 DB:86 nvMXdizc V:251 H:108 F:44
			88A1F0 A9 00       LDA #$00               A:DF08 X:0006 Y:0002 S:012C D:0E68 DB:86 nvMXdizc V:251 H:114 F:44
			88A1F2 22 07 8F 84 JSL $848F07   [848F07] A:DF00 X:0006 Y:0002 S:012C D:0E68 DB:86 nvMXdiZc V:251 H:117 F:44		JSL $848F07 --> New Countdown Routine ($16=#$91, A=#$00)

				848F07 08          PHP                    A:DF00 X:0006 Y:0002 S:0129 D:0E68 DB:86 nvMXdiZc V:251 H:131 F:44
				848F08 8B          PHB                    A:DF00 X:0006 Y:0002 S:0128 D:0E68 DB:86 nvMXdiZc V:251 H:146 F:44
				848F09 C2 30       REP #$30               A:DF00 X:0006 Y:0002 S:0127 D:0E68 DB:86 nvMXdiZc V:251 H:151 F:44
				848F0B 8D 0E 00    STA $000E     [86000E] A:DF00 X:0006 Y:0002 S:0127 D:0E68 DB:86 nvmxdiZc V:251 H:155 F:44
				848F0E A5 16       LDA $16       [000E7E] A:DF00 X:0006 Y:0002 S:0127 D:0E68 DB:86 nvmxdiZc V:251 H:164 F:44
				848F10 29 FF 00    AND #$00FF             A:8191 X:0006 Y:0002 S:0127 D:0E68 DB:86 Nvmxdizc V:251 H:172 F:44
				848F13 8D 0C 00    STA $000C     [86000C] A:0091 X:0006 Y:0002 S:0127 D:0E68 DB:86 nvmxdizc V:251 H:177 F:44
				848F16 0A          ASL A                  A:0091 X:0006 Y:0002 S:0127 D:0E68 DB:86 nvmxdizc V:251 H:185 F:44
				848F17 18          CLC                    A:0122 X:0006 Y:0002 S:0127 D:0E68 DB:86 nvmxdizc V:251 H:188 F:44
				848F18 6D 0C 00    ADC $000C     [86000C] A:0122 X:0006 Y:0002 S:0127 D:0E68 DB:86 nvmxdizc V:251 H:191 F:44
				848F1B AA          TAX                    A:01B3 X:0006 Y:0002 S:0127 D:0E68 DB:86 nvmxdizc V:251 H:200 F:44
				848F1C BF 00 A0 AF LDA $AFA000,X [AFA1B3] A:01B3 X:01B3 Y:0002 S:0127 D:0E68 DB:86 nvmxdizc V:251 H:203 F:44
				848F20 85 14       STA $14       [000E7C] A:DE6B X:01B3 Y:0002 S:0127 D:0E68 DB:86 Nvmxdizc V:251 H:212 F:44
				848F22 E2 20       SEP #$20               A:DE6B X:01B3 Y:0002 S:0127 D:0E68 DB:86 Nvmxdizc V:251 H:220 F:44
				848F24 BF 02 A0 AF LDA $AFA002,X [AFA1B5] A:DE6B X:01B3 Y:0002 S:0127 D:0E68 DB:86 NvMxdizc V:251 H:225 F:44
				848F28 48          PHA                    A:DEAF X:01B3 Y:0002 S:0127 D:0E68 DB:86 NvMxdizc V:251 H:232 F:44
				848F29 AB          PLB                    A:DEAF X:01B3 Y:0002 S:0126 D:0E68 DB:86 NvMxdizc V:251 H:237 F:44
				848F2A C2 20       REP #$20               A:DEAF X:01B3 Y:0002 S:0127 D:0E68 DB:AF NvMxdizc V:251 H:244 F:44
				848F2C AD 0E 00    LDA $000E     [AF000E] A:DEAF X:01B3 Y:0002 S:0127 D:0E68 DB:AF Nvmxdizc V:251 H:248 F:44
				848F2F 29 FF 00    AND #$00FF             A:DF00 X:01B3 Y:0002 S:0127 D:0E68 DB:AF Nvmxdizc V:251 H:257 F:44
				848F32 0A          ASL A                  A:0000 X:01B3 Y:0002 S:0127 D:0E68 DB:AF nvmxdiZc V:251 H:261 F:44
				848F33 A8          TAY                    A:0000 X:01B3 Y:0002 S:0127 D:0E68 DB:AF nvmxdiZc V:251 H:264 F:44
				848F34 B1 14       LDA ($14),Y   [AFDE6B] A:0000 X:01B3 Y:0000 S:0127 D:0E68 DB:AF nvmxdiZc V:251 H:267 F:44
				848F36 65 14       ADC $14       [000E7C] A:0026 X:01B3 Y:0000 S:0127 D:0E68 DB:AF nvmxdizc V:251 H:280 F:44
				848F38 85 14       STA $14       [000E7C] A:DE91 X:01B3 Y:0000 S:0127 D:0E68 DB:AF Nvmxdizc V:251 H:289 F:44
				848F3A E2 30       SEP #$30               A:DE91 X:01B3 Y:0000 S:0127 D:0E68 DB:AF Nvmxdizc V:251 H:297 F:44
				848F3C B2 14       LDA ($14)     [AFDE91] A:DE91 X:00B3 Y:0000 S:0127 D:0E68 DB:AF NvMXdizc V:251 H:302 F:44	Skeleton start: AFDE91
				848F3E 85 13       STA $13       [000E7B] A:DE06 X:00B3 Y:0000 S:0127 D:0E68 DB:AF nvMXdizc V:251 H:312 F:44
				848F40 A0 01       LDY #$01               A:DE06 X:00B3 Y:0000 S:0127 D:0E68 DB:AF nvMXdizc V:251 H:318 F:44
				848F42 B1 14       LDA ($14),Y   [AFDE92] A:DE06 X:00B3 Y:0001 S:0127 D:0E68 DB:AF nvMXdizc V:251 H:321 F:44
				848F44 85 0F       STA $0F       [000E77] A:DE00 X:00B3 Y:0001 S:0127 D:0E68 DB:AF nvMXdiZc V:251 H:330 F:44
				848F46 C8          INY                    A:DE00 X:00B3 Y:0001 S:0127 D:0E68 DB:AF nvMXdiZc V:251 H:337 F:44
				848F47 B1 14       LDA ($14),Y   [AFDE93] A:DE00 X:00B3 Y:0002 S:0127 D:0E68 DB:AF nvMXdizc V:252 H:  0 F:44
				848F49 85 17       STA $17       [000E7F] A:DE00 X:00B3 Y:0002 S:0127 D:0E68 DB:AF nvMXdiZc V:252 H: 10 F:44
				848F4B A9 80       LDA #$80               A:DE00 X:00B3 Y:0002 S:0127 D:0E68 DB:AF nvMXdiZc V:252 H: 16 F:44
				848F4D 04 17       TSB $17       [000E7F] A:DE80 X:00B3 Y:0002 S:0127 D:0E68 DB:AF NvMXdizc V:252 H: 19 F:44
				848F4F AB          PLB                    A:DE80 X:00B3 Y:0002 S:0127 D:0E68 DB:AF NvMXdiZc V:252 H: 29 F:44
				848F50 28          PLP                    A:DE80 X:00B3 Y:0002 S:0128 D:0E68 DB:86 NvMXdizc V:252 H: 36 F:44
				848F51 6B          RTL                    A:DE80 X:00B3 Y:0002 S:0129 D:0E68 DB:86 nvMXdiZc V:252 H: 42 F:44

			88A1F6 A9 20       LDA #$20               A:DE80 X:00B3 Y:0002 S:012C D:0E68 DB:86 nvMXdiZc V:252 H: 53 F:44		Countdown2 = #$20
			88A1F8 85 34       STA $34       [000E9C] A:DE20 X:00B3 Y:0002 S:012C D:0E68 DB:86 nvMXdizc V:252 H: 56 F:44
			88A1FA 60          RTS                    A:DE20 X:00B3 Y:0002 S:012C D:0E68 DB:86 nvMXdizc V:252 H: 62 F:44

		889D7B AD CF 0B    LDA $0BCF     [860BCF] A:DE20 X:00B3 Y:0002 S:012E D:0E68 DB:86 nvMXdizc V:252 H: 72 F:44
