80D4F6 20 30 D5    JSR $D530     [80D530] A:0E01 X:0000 Y:00B9 S:0133 D:0E68 DB:86 nvMXdizC V:247 H:171 F:36

	80D530 C2 20       REP #$20               A:0E01 X:0000 Y:00B9 S:0131 D:0E68 DB:86 nvMXdizC V:247 H:181 F:36
	80D532 A5 05       LDA $05       [000E6D] A:0E01 X:0000 Y:00B9 S:0131 D:0E68 DB:86 nvmXdizC V:247 H:186 F:36
	80D534 85 22       STA $22       [000E8A] A:1D3C X:0000 Y:00B9 S:0131 D:0E68 DB:86 nvmXdizC V:247 H:194 F:36
	80D536 A5 08       LDA $08       [000E70] A:1D3C X:0000 Y:00B9 S:0131 D:0E68 DB:86 nvmXdizC V:247 H:203 F:36
	80D538 85 24       STA $24       [000E8C] A:03A2 X:0000 Y:00B9 S:0131 D:0E68 DB:86 nvmXdizC V:247 H:211 F:36
	80D53A E2 20       SEP #$20               A:03A2 X:0000 Y:00B9 S:0131 D:0E68 DB:86 nvmXdizC V:247 H:220 F:36
	80D53C A9 80       LDA #$80               A:03A2 X:0000 Y:00B9 S:0131 D:0E68 DB:86 nvMXdizC V:247 H:224 F:36
	80D53E 14 0E       TRB $0E       [000E76] A:0380 X:0000 Y:00B9 S:0131 D:0E68 DB:86 NvMXdizC V:247 H:227 F:36
	80D540 A5 0A       LDA $0A       [000E72] A:0380 X:0000 Y:00B9 S:0131 D:0E68 DB:86 NvMXdizC V:247 H:237 F:36
	80D542 0A          ASL A                  A:0331 X:0000 Y:00B9 S:0131 D:0E68 DB:86 nvMXdizC V:247 H:244 F:36
	80D543 AA          TAX                    A:0362 X:0000 Y:00B9 S:0131 D:0E68 DB:86 nvMXdizc V:247 H:247 F:36
	80D544 7C DD F8    JMP ($F8DD,X) [80F93F] A:0362 X:0062 Y:00B9 S:0131 D:0E68 DB:86 nvMXdizc V:247 H:250 F:36

	80FAA6 22 E1 9B 88 JSL $889BE1   [889BE1] A:0362 X:0062 Y:00B9 S:0131 D:0E68 DB:86 nvMXdizc V:247 H:259 F:36

		889BE1 A6 01       LDX $01       [000E69] A:0362 X:0062 Y:00B9 S:012E D:0E68 DB:86 nvMXdizc V:247 H:272 F:36
		889BE3 7C E6 9B    JMP ($9BE6,X) [889BEA] A:0362 X:0004 Y:00B9 S:012E D:0E68 DB:86 nvMXdizc V:247 H:279 F:36

		889D6E A9 0E       LDA #$0E               A:0362 X:0004 Y:00B9 S:012E D:0E68 DB:86 nvMXdizc V:247 H:288 F:36
		889D70 14 11       TRB $11       [000E79] A:030E X:0004 Y:00B9 S:012E D:0E68 DB:86 nvMXdizc V:247 H:291 F:36
		889D72 A5 33       LDA $33       [000E9B] A:030E X:0004 Y:00B9 S:012E D:0E68 DB:86 nvMXdizc V:247 H:301 F:36
		889D74 04 11       TSB $11       [000E79] A:0308 X:0004 Y:00B9 S:012E D:0E68 DB:86 nvMXdizc V:247 H:307 F:36
		889D76 A6 02       LDX $02       [000E6A] A:0308 X:0004 Y:00B9 S:012E D:0E68 DB:86 nvMXdiZc V:247 H:317 F:36
		889D78 FC 2C 9E    JSR ($9E2C,X) [889E32] A:0308 X:0006 Y:00B9 S:012E D:0E68 DB:86 nvMXdizc V:247 H:323 F:36

			88A16E A6 03       LDX $03       [000E6B] A:0308 X:0006 Y:00B9 S:012C D:0E68 DB:86 nvMXdizc V:247 H:336 F:36
			88A170 7C 73 A1    JMP ($A173,X) [88A175] A:0308 X:0002 Y:00B9 S:012C D:0E68 DB:86 nvMXdizc V:248 H:  2 F:36

			88A1A3 22 EA 8E 84 JSL $848EEA   [848EEA] A:0308 X:0002 Y:00B9 S:012C D:0E68 DB:86 nvMXdizc V:248 H: 11 F:36		JSL $848EEA --> Decrease Countdown Routine

				848EEA 08          PHP                    A:0308 X:0002 Y:00B9 S:0129 D:0E68 DB:86 nvMXdizc V:248 H: 25 F:36
				848EEB 8B          PHB                    A:0308 X:0002 Y:00B9 S:0128 D:0E68 DB:86 nvMXdizc V:248 H: 30 F:36
				848EEC E2 30       SEP #$30               A:0308 X:0002 Y:00B9 S:0127 D:0E68 DB:86 nvMXdizc V:248 H: 35 F:36
				848EEE C6 13       DEC $13       [000E7B] A:0308 X:0002 Y:00B9 S:0127 D:0E68 DB:86 nvMXdizc V:248 H: 39 F:36
				848EF0 D0 5D       BNE $005D     [848F4F] A:0308 X:0002 Y:00B9 S:0127 D:0E68 DB:86 nvMXdiZc V:248 H: 49 F:36
				848EF2 A9 AF       LDA #$AF               A:0308 X:0002 Y:00B9 S:0127 D:0E68 DB:86 nvMXdiZc V:248 H: 52 F:36
				848EF4 48          PHA                    A:03AF X:0002 Y:00B9 S:0127 D:0E68 DB:86 NvMXdizc V:248 H: 55 F:36
				848EF5 AB          PLB                    A:03AF X:0002 Y:00B9 S:0126 D:0E68 DB:86 NvMXdizc V:248 H: 60 F:36
				848EF6 C2 21       REP #$21               A:03AF X:0002 Y:00B9 S:0127 D:0E68 DB:AF NvMXdizc V:248 H: 67 F:36
				848EF8 A5 14       LDA $14       [000E7C] A:03AF X:0002 Y:00B9 S:0127 D:0E68 DB:AF NvmXdizc V:248 H: 71 F:36
				848EFA 69 03 00    ADC #$0003             A:DED1 X:0002 Y:00B9 S:0127 D:0E68 DB:AF NvmXdizc V:248 H: 80 F:36
				848EFD A4 0F       LDY $0F       [000E77] A:DED4 X:0002 Y:00B9 S:0127 D:0E68 DB:AF NvmXdizc V:248 H: 84 F:36
				848EFF 10 37       BPL $0037     [848F38] A:DED4 X:0002 Y:0000 S:0127 D:0E68 DB:AF nvmXdiZc V:248 H: 91 F:36
				848F38 85 14       STA $14       [000E7C] A:DED4 X:0002 Y:0000 S:0127 D:0E68 DB:AF nvmXdiZc V:248 H: 95 F:36
				848F3A E2 30       SEP #$30               A:DED4 X:0002 Y:0000 S:0127 D:0E68 DB:AF nvmXdiZc V:248 H:104 F:36
				848F3C B2 14       LDA ($14)     [AFDED4] A:DED4 X:0002 Y:0000 S:0127 D:0E68 DB:AF nvMXdiZc V:248 H:108 F:36
				848F3E 85 13       STA $13       [000E7B] A:DE08 X:0002 Y:0000 S:0127 D:0E68 DB:AF nvMXdizc V:248 H:118 F:36
				848F40 A0 01       LDY #$01               A:DE08 X:0002 Y:0000 S:0127 D:0E68 DB:AF nvMXdizc V:248 H:125 F:36
				848F42 B1 14       LDA ($14),Y   [AFDED5] A:DE08 X:0002 Y:0001 S:0127 D:0E68 DB:AF nvMXdizc V:248 H:128 F:36
				848F44 85 0F       STA $0F       [000E77] A:DE80 X:0002 Y:0001 S:0127 D:0E68 DB:AF NvMXdizc V:248 H:148 F:36
				848F46 C8          INY                    A:DE80 X:0002 Y:0001 S:0127 D:0E68 DB:AF NvMXdizc V:248 H:154 F:36
				848F47 B1 14       LDA ($14),Y   [AFDED6] A:DE80 X:0002 Y:0002 S:0127 D:0E68 DB:AF nvMXdizc V:248 H:157 F:36
				848F49 85 17       STA $17       [000E7F] A:DE07 X:0002 Y:0002 S:0127 D:0E68 DB:AF nvMXdizc V:248 H:167 F:36
				848F4B A9 80       LDA #$80               A:DE07 X:0002 Y:0002 S:0127 D:0E68 DB:AF nvMXdizc V:248 H:174 F:36
				848F4D 04 17       TSB $17       [000E7F] A:DE80 X:0002 Y:0002 S:0127 D:0E68 DB:AF NvMXdizc V:248 H:177 F:36
				848F4F AB          PLB                    A:DE80 X:0002 Y:0002 S:0127 D:0E68 DB:AF NvMXdiZc V:248 H:187 F:36
				848F50 28          PLP                    A:DE80 X:0002 Y:0002 S:0128 D:0E68 DB:86 NvMXdizc V:248 H:193 F:36
				848F51 6B          RTL                    A:DE80 X:0002 Y:0002 S:0129 D:0E68 DB:86 nvMXdizc V:248 H:200 F:36

			88A1A7 A5 0F       LDA $0F       [000E77] A:DE80 X:0002 Y:0002 S:012C D:0E68 DB:86 nvMXdizc V:248 H:210 F:36
			88A1A9 10 08       BPL $0008     [88A1B3] A:DE80 X:0002 Y:0002 S:012C D:0E68 DB:86 NvMXdizc V:248 H:217 F:36		Branch if CDAction is positive
			88A1AB A9 FF       LDA #$FF               A:DE80 X:0002 Y:0002 S:012C D:0E68 DB:86 NvMXdizc V:248 H:220 F:36
			88A1AD 85 2F       STA $2F       [000E97] A:DEFF X:0002 Y:0002 S:012C D:0E68 DB:86 NvMXdizc V:248 H:223 F:36		E-Air = #$FF (Air)
			88A1AF A9 04       LDA #$04               A:DEFF X:0002 Y:0002 S:012C D:0E68 DB:86 NvMXdizc V:248 H:229 F:36		Subaction = #$04
			88A1B1 85 03       STA $03       [000E6B] A:DE04 X:0002 Y:0002 S:012C D:0E68 DB:86 nvMXdizc V:248 H:232 F:36
			88A1B3 60          RTS                    A:DE04 X:0002 Y:0002 S:012C D:0E68 DB:86 nvMXdizc V:248 H:239 F:36

		889D7B AD CF 0B    LDA $0BCF     [860BCF] A:DE04 X:0002 Y:0002 S:012E D:0E68 DB:86 nvMXdizc V:248 H:249 F:36
