80D4F6 20 30 D5    JSR $D530     [80D530] A:0E01 X:0000 Y:00B9 S:0133 D:0E68 DB:86 nvMXdizC V:247 H:208 F:16

	80D530 C2 20       REP #$20               A:0E01 X:0000 Y:00B9 S:0131 D:0E68 DB:86 nvMXdizC V:247 H:218 F:16
	80D532 A5 05       LDA $05       [000E6D] A:0E01 X:0000 Y:00B9 S:0131 D:0E68 DB:86 nvmXdizC V:247 H:222 F:16
	80D534 85 22       STA $22       [000E8A] A:1D22 X:0000 Y:00B9 S:0131 D:0E68 DB:86 nvmXdizC V:247 H:231 F:16
	80D536 A5 08       LDA $08       [000E70] A:1D22 X:0000 Y:00B9 S:0131 D:0E68 DB:86 nvmXdizC V:247 H:239 F:16
	80D538 85 24       STA $24       [000E8C] A:03A2 X:0000 Y:00B9 S:0131 D:0E68 DB:86 nvmXdizC V:247 H:248 F:16
	80D53A E2 20       SEP #$20               A:03A2 X:0000 Y:00B9 S:0131 D:0E68 DB:86 nvmXdizC V:247 H:256 F:16
	80D53C A9 80       LDA #$80               A:03A2 X:0000 Y:00B9 S:0131 D:0E68 DB:86 nvMXdizC V:247 H:261 F:16
	80D53E 14 0E       TRB $0E       [000E76] A:0380 X:0000 Y:00B9 S:0131 D:0E68 DB:86 NvMXdizC V:247 H:264 F:16
	80D540 A5 0A       LDA $0A       [000E72] A:0380 X:0000 Y:00B9 S:0131 D:0E68 DB:86 NvMXdizC V:247 H:274 F:16
	80D542 0A          ASL A                  A:0331 X:0000 Y:00B9 S:0131 D:0E68 DB:86 nvMXdizC V:247 H:280 F:16
	80D543 AA          TAX                    A:0362 X:0000 Y:00B9 S:0131 D:0E68 DB:86 nvMXdizc V:247 H:283 F:16
	80D544 7C DD F8    JMP ($F8DD,X) [80F93F] A:0362 X:0062 Y:00B9 S:0131 D:0E68 DB:86 nvMXdizc V:247 H:286 F:16

	80FAA6 22 E1 9B 88 JSL $889BE1   [889BE1] A:0362 X:0062 Y:00B9 S:0131 D:0E68 DB:86 nvMXdizc V:247 H:295 F:16

		889BE1 A6 01       LDX $01       [000E69] A:0362 X:0062 Y:00B9 S:012E D:0E68 DB:86 nvMXdizc V:247 H:309 F:16
		889BE3 7C E6 9B    JMP ($9BE6,X) [889BEA] A:0362 X:0004 Y:00B9 S:012E D:0E68 DB:86 nvMXdizc V:247 H:315 F:16

		889D6E A9 0E       LDA #$0E               A:0362 X:0004 Y:00B9 S:012E D:0E68 DB:86 nvMXdizc V:247 H:324 F:16
		889D70 14 11       TRB $11       [000E79] A:030E X:0004 Y:00B9 S:012E D:0E68 DB:86 nvMXdizc V:247 H:327 F:16
		889D72 A5 33       LDA $33       [000E9B] A:030E X:0004 Y:00B9 S:012E D:0E68 DB:86 nvMXdizc V:247 H:336 F:16
		889D74 04 11       TSB $11       [000E79] A:0308 X:0004 Y:00B9 S:012E D:0E68 DB:86 nvMXdizc V:248 H:  3 F:16
		889D76 A6 02       LDX $02       [000E6A] A:0308 X:0004 Y:00B9 S:012E D:0E68 DB:86 nvMXdiZc V:248 H: 13 F:16
		889D78 FC 2C 9E    JSR ($9E2C,X) [889E32] A:0308 X:0006 Y:00B9 S:012E D:0E68 DB:86 nvMXdizc V:248 H: 19 F:16

			88A16E A6 03       LDX $03       [000E6B] A:0308 X:0006 Y:00B9 S:012C D:0E68 DB:86 nvMXdizc V:248 H: 32 F:16
			88A170 7C 73 A1    JMP ($A173,X) [88A17B] A:0308 X:0008 Y:00B9 S:012C D:0E68 DB:86 nvMXdizc V:248 H: 39 F:16

			88A1FB 22 A5 AC 84 JSL $84ACA5   [84ACA5] A:0308 X:0008 Y:00B9 S:012C D:0E68 DB:86 nvMXdizc V:248 H: 48 F:16		JSL $84ACA5 --> Update Facing (40 bit)

				84ACA5 08          PHP                    A:0308 X:0008 Y:00B9 S:0129 D:0E68 DB:86 nvMXdizc V:248 H: 61 F:16
				84ACA6 E2 20       SEP #$20               A:0308 X:0008 Y:00B9 S:0128 D:0E68 DB:86 nvMXdizc V:248 H: 66 F:16
				84ACA8 A9 40       LDA #$40               A:0308 X:0008 Y:00B9 S:0128 D:0E68 DB:86 nvMXdizc V:248 H: 71 F:16
				84ACAA 14 11       TRB $11       [000E79] A:0340 X:0008 Y:00B9 S:0128 D:0E68 DB:86 nvMXdizc V:248 H: 74 F:16
				84ACAC C2 20       REP #$20               A:0340 X:0008 Y:00B9 S:0128 D:0E68 DB:86 nvMXdiZc V:248 H: 84 F:16
				84ACAE AD AD 0B    LDA $0BAD     [860BAD] A:0340 X:0008 Y:00B9 S:0128 D:0E68 DB:86 nvmXdiZc V:248 H: 88 F:16
				84ACB1 38          SEC                    A:1D17 X:0008 Y:00B9 S:0128 D:0E68 DB:86 nvmXdizc V:248 H: 97 F:16
				84ACB2 E5 05       SBC $05       [000E6D] A:1D17 X:0008 Y:00B9 S:0128 D:0E68 DB:86 nvmXdizC V:248 H:100 F:16
				84ACB4 E2 20       SEP #$20               A:FFF5 X:0008 Y:00B9 S:0128 D:0E68 DB:86 NvmXdizc V:248 H:108 F:16
				84ACB6 A9 00       LDA #$00               A:FFF5 X:0008 Y:00B9 S:0128 D:0E68 DB:86 NvMXdizc V:248 H:113 F:16
				84ACB8 6A          ROR A                  A:FF00 X:0008 Y:00B9 S:0128 D:0E68 DB:86 nvMXdiZc V:248 H:116 F:16
				84ACB9 4A          LSR A                  A:FF00 X:0008 Y:00B9 S:0128 D:0E68 DB:86 nvMXdiZc V:248 H:119 F:16
				84ACBA 04 11       TSB $11       [000E79] A:FF00 X:0008 Y:00B9 S:0128 D:0E68 DB:86 nvMXdiZc V:248 H:122 F:16
				84ACBC 28          PLP                    A:FF00 X:0008 Y:00B9 S:0128 D:0E68 DB:86 nvMXdiZc V:248 H:132 F:16
				84ACBD 6B          RTL                    A:FF00 X:0008 Y:00B9 S:0129 D:0E68 DB:86 nvMXdizc V:248 H:148 F:16

			88A1FF 22 EA 8E 84 JSL $848EEA   [848EEA] A:FF00 X:0008 Y:00B9 S:012C D:0E68 DB:86 nvMXdizc V:248 H:159 F:16		JSL $848EEA --> Decrease Countdown routine

				848EEA 08          PHP                    A:FF00 X:0008 Y:00B9 S:0129 D:0E68 DB:86 nvMXdizc V:248 H:172 F:16
				848EEB 8B          PHB                    A:FF00 X:0008 Y:00B9 S:0128 D:0E68 DB:86 nvMXdizc V:248 H:177 F:16
				848EEC E2 30       SEP #$30               A:FF00 X:0008 Y:00B9 S:0127 D:0E68 DB:86 nvMXdizc V:248 H:182 F:16
				848EEE C6 13       DEC $13       [000E7B] A:FF00 X:0008 Y:00B9 S:0127 D:0E68 DB:86 nvMXdizc V:248 H:187 F:16
				848EF0 D0 5D       BNE $005D     [848F4F] A:FF00 X:0008 Y:00B9 S:0127 D:0E68 DB:86 nvMXdizc V:248 H:197 F:16
				848F4F AB          PLB                    A:FF00 X:0008 Y:00B9 S:0127 D:0E68 DB:86 nvMXdizc V:248 H:201 F:16
				848F50 28          PLP                    A:FF00 X:0008 Y:00B9 S:0128 D:0E68 DB:86 NvMXdizc V:248 H:208 F:16
				848F51 6B          RTL                    A:FF00 X:0008 Y:00B9 S:0129 D:0E68 DB:86 nvMXdizc V:248 H:214 F:16

			88A203 C6 34       DEC $34       [000E9C] A:FF00 X:0008 Y:00B9 S:012C D:0E68 DB:86 nvMXdizc V:248 H:225 F:16
			88A205 D0 03       BNE $0003     [88A20A] A:FF00 X:0008 Y:00B9 S:012C D:0E68 DB:86 nvMXdiZc V:248 H:235 F:16		Branch if Countdown2 <> #$00
			88A207 4C 62 A3    JMP $A362     [88A362] A:FF00 X:0008 Y:00B9 S:012C D:0E68 DB:86 nvMXdiZc V:248 H:238 F:16		JMP $88A362 --> Changes Action from table in $86CFDB, with 2B RNG value

			88A362 A5 02       LDA $02       [000E6A] A:FF00 X:0008 Y:00B9 S:012C D:0E68 DB:86 nvMXdiZc V:248 H:242 F:16
			88A364 0A          ASL A                  A:FF06 X:0008 Y:00B9 S:012C D:0E68 DB:86 nvMXdizc V:248 H:249 F:16
			88A365 18          CLC                    A:FF0C X:0008 Y:00B9 S:012C D:0E68 DB:86 nvMXdizc V:248 H:252 F:16
			88A366 69 03       ADC #$03               A:FF0C X:0008 Y:00B9 S:012C D:0E68 DB:86 nvMXdizc V:248 H:255 F:16
			88A368 AA          TAX                    A:FF0F X:0008 Y:00B9 S:012C D:0E68 DB:86 nvMXdizc V:248 H:258 F:16
			88A369 A0 03       LDY #$03               A:FF0F X:000F Y:00B9 S:012C D:0E68 DB:86 nvMXdizc V:248 H:261 F:16
			88A36B 22 86 90 84 JSL $849086   [849086] A:FF0F X:000F Y:0003 S:012C D:0E68 DB:86 nvMXdizc V:248 H:264 F:16

				849086 08          PHP                    A:FF0F X:000F Y:0003 S:0129 D:0E68 DB:86 nvMXdizc V:248 H:277 F:16
				849087 C2 20       REP #$20               A:FF0F X:000F Y:0003 S:0128 D:0E68 DB:86 nvMXdizc V:248 H:282 F:16
				849089 AD A6 0B    LDA $0BA6     [860BA6] A:FF0F X:000F Y:0003 S:0128 D:0E68 DB:86 nvmXdizc V:248 H:287 F:16
				84908C 0A          ASL A                  A:72B6 X:000F Y:0003 S:0128 D:0E68 DB:86 nvmXdizc V:248 H:295 F:16
				84908D 18          CLC                    A:E56C X:000F Y:0003 S:0128 D:0E68 DB:86 NvmXdizc V:248 H:298 F:16
				84908E 6D A6 0B    ADC $0BA6     [860BA6] A:E56C X:000F Y:0003 S:0128 D:0E68 DB:86 NvmXdizc V:248 H:301 F:16
				849091 EB          XBA                    A:5822 X:000F Y:0003 S:0128 D:0E68 DB:86 nvmXdizC V:248 H:310 F:16
				849092 E2 20       SEP #$20               A:2258 X:000F Y:0003 S:0128 D:0E68 DB:86 nvmXdizC V:248 H:314 F:16
				849094 8D A7 0B    STA $0BA7     [860BA7] A:2258 X:000F Y:0003 S:0128 D:0E68 DB:86 nvMXdizC V:248 H:319 F:16
				849097 18          CLC                    A:2258 X:000F Y:0003 S:0128 D:0E68 DB:86 nvMXdizC V:248 H:325 F:16
				849098 6D A6 0B    ADC $0BA6     [860BA6] A:2258 X:000F Y:0003 S:0128 D:0E68 DB:86 nvMXdizc V:248 H:327 F:16
				84909B 8D A6 0B    STA $0BA6     [860BA6] A:220E X:000F Y:0003 S:0128 D:0E68 DB:86 nvMXdizC V:248 H:334 F:16
				84909E 28          PLP                    A:220E X:000F Y:0003 S:0128 D:0E68 DB:86 nvMXdizC V:249 H:  0 F:16
				84909F 6B          RTL                    A:220E X:000F Y:0003 S:0129 D:0E68 DB:86 nvMXdizc V:249 H:  7 F:16

			88A36F 29 1F       AND #$1F               A:220E X:000F Y:0003 S:012C D:0E68 DB:86 nvMXdizc V:249 H: 17 F:16
			88A371 38          SEC                    A:220E X:000F Y:0003 S:012C D:0E68 DB:86 nvMXdizc V:249 H: 20 F:16
			88A372 FD DB CF    SBC $CFDB,X   [86CFEA] A:220E X:000F Y:0003 S:012C D:0E68 DB:86 nvMXdizC V:249 H: 23 F:16
			88A375 90 04       BCC $0004     [88A37B] A:220A X:000F Y:0003 S:012C D:0E68 DB:86 nvMXdizC V:249 H: 29 F:16
			88A377 CA          DEX                    A:220A X:000F Y:0003 S:012C D:0E68 DB:86 nvMXdizC V:249 H: 32 F:16
			88A378 88          DEY                    A:220A X:000E Y:0003 S:012C D:0E68 DB:86 nvMXdizC V:249 H: 35 F:16
			88A379 D0 F6       BNE $00F6     [88A371] A:220A X:000E Y:0002 S:012C D:0E68 DB:86 nvMXdizC V:249 H: 38 F:16
			88A371 38          SEC                    A:220A X:000E Y:0002 S:012C D:0E68 DB:86 nvMXdizC V:249 H: 43 F:16
			88A372 FD DB CF    SBC $CFDB,X   [86CFE9] A:220A X:000E Y:0002 S:012C D:0E68 DB:86 nvMXdizC V:249 H: 46 F:16
			88A375 90 04       BCC $0004     [88A37B] A:2204 X:000E Y:0002 S:012C D:0E68 DB:86 nvMXdizC V:249 H: 52 F:16
			88A377 CA          DEX                    A:2204 X:000E Y:0002 S:012C D:0E68 DB:86 nvMXdizC V:249 H: 55 F:16
			88A378 88          DEY                    A:2204 X:000D Y:0002 S:012C D:0E68 DB:86 nvMXdizC V:249 H: 58 F:16
			88A379 D0 F6       BNE $00F6     [88A371] A:2204 X:000D Y:0001 S:012C D:0E68 DB:86 nvMXdizC V:249 H: 61 F:16
			88A371 38          SEC                    A:2204 X:000D Y:0001 S:012C D:0E68 DB:86 nvMXdizC V:249 H: 65 F:16
			88A372 FD DB CF    SBC $CFDB,X   [86CFE8] A:2204 X:000D Y:0001 S:012C D:0E68 DB:86 nvMXdizC V:249 H: 68 F:16
			88A375 90 04       BCC $0004     [88A37B] A:22FE X:000D Y:0001 S:012C D:0E68 DB:86 NvMXdizc V:249 H: 74 F:16
			88A37B 98          TYA                    A:22FE X:000D Y:0001 S:012C D:0E68 DB:86 NvMXdizc V:249 H: 79 F:16
			88A37C 0A          ASL A                  A:2201 X:000D Y:0001 S:012C D:0E68 DB:86 nvMXdizc V:249 H: 82 F:16
			88A37D 85 02       STA $02       [000E6A] A:2202 X:000D Y:0001 S:012C D:0E68 DB:86 nvMXdizc V:249 H: 85 F:16
			88A37F 64 03       STZ $03       [000E6B] A:2202 X:000D Y:0001 S:012C D:0E68 DB:86 nvMXdizc V:249 H: 91 F:16
			88A381 60          RTS                    A:2202 X:000D Y:0001 S:012C D:0E68 DB:86 nvMXdizc V:249 H: 98 F:16

		889D7B AD CF 0B    LDA $0BCF     [860BCF] A:2202 X:000D Y:0001 S:012E D:0E68 DB:86 nvMXdizc V:249 H:108 F:16
