80D4F6 20 30 D5    JSR $D530     [80D530] A:0E01 X:0000 Y:0008 S:0133 D:0E68 DB:86 nvMXdizC V:250 H:181 F:32

	80D530 C2 20       REP #$20               A:0E01 X:0000 Y:0008 S:0131 D:0E68 DB:86 nvMXdizC V:250 H:191 F:32
	80D532 A5 05       LDA $05       [000E6D] A:0E01 X:0000 Y:0008 S:0131 D:0E68 DB:86 nvmXdizC V:250 H:195 F:32
	80D534 85 22       STA $22       [000E8A] A:1D22 X:0000 Y:0008 S:0131 D:0E68 DB:86 nvmXdizC V:250 H:204 F:32
	80D536 A5 08       LDA $08       [000E70] A:1D22 X:0000 Y:0008 S:0131 D:0E68 DB:86 nvmXdizC V:250 H:212 F:32
	80D538 85 24       STA $24       [000E8C] A:039F X:0000 Y:0008 S:0131 D:0E68 DB:86 nvmXdizC V:250 H:221 F:32
	80D53A E2 20       SEP #$20               A:039F X:0000 Y:0008 S:0131 D:0E68 DB:86 nvmXdizC V:250 H:229 F:32
	80D53C A9 80       LDA #$80               A:039F X:0000 Y:0008 S:0131 D:0E68 DB:86 nvMXdizC V:250 H:234 F:32
	80D53E 14 0E       TRB $0E       [000E76] A:0380 X:0000 Y:0008 S:0131 D:0E68 DB:86 NvMXdizC V:250 H:237 F:32
	80D540 A5 0A       LDA $0A       [000E72] A:0380 X:0000 Y:0008 S:0131 D:0E68 DB:86 NvMXdizC V:250 H:247 F:32
	80D542 0A          ASL A                  A:0331 X:0000 Y:0008 S:0131 D:0E68 DB:86 nvMXdizC V:250 H:253 F:32
	80D543 AA          TAX                    A:0362 X:0000 Y:0008 S:0131 D:0E68 DB:86 nvMXdizc V:250 H:256 F:32
	80D544 7C DD F8    JMP ($F8DD,X) [80F93F] A:0362 X:0062 Y:0008 S:0131 D:0E68 DB:86 nvMXdizc V:250 H:259 F:32

	80FAA6 22 E1 9B 88 JSL $889BE1   [889BE1] A:0362 X:0062 Y:0008 S:0131 D:0E68 DB:86 nvMXdizc V:250 H:268 F:32

		889BE1 A6 01       LDX $01       [000E69] A:0362 X:0062 Y:0008 S:012E D:0E68 DB:86 nvMXdizc V:250 H:282 F:32
		889BE3 7C E6 9B    JMP ($9BE6,X) [889BEA] A:0362 X:0004 Y:0008 S:012E D:0E68 DB:86 nvMXdizc V:250 H:288 F:32

		889D6E A9 0E       LDA #$0E               A:0362 X:0004 Y:0008 S:012E D:0E68 DB:86 nvMXdizc V:250 H:297 F:32
		889D70 14 11       TRB $11       [000E79] A:030E X:0004 Y:0008 S:012E D:0E68 DB:86 nvMXdizc V:250 H:300 F:32
		889D72 A5 33       LDA $33       [000E9B] A:030E X:0004 Y:0008 S:012E D:0E68 DB:86 nvMXdizc V:250 H:310 F:32
		889D74 04 11       TSB $11       [000E79] A:0308 X:0004 Y:0008 S:012E D:0E68 DB:86 nvMXdizc V:250 H:317 F:32
		889D76 A6 02       LDX $02       [000E6A] A:0308 X:0004 Y:0008 S:012E D:0E68 DB:86 nvMXdiZc V:250 H:326 F:32
		889D78 FC 2C 9E    JSR ($9E2C,X) [889E32] A:0308 X:0006 Y:0008 S:012E D:0E68 DB:86 nvMXdizc V:250 H:332 F:32

			88A16E A6 03       LDX $03       [000E6B] A:0308 X:0006 Y:0008 S:012C D:0E68 DB:86 nvMXdizc V:251 H:  5 F:32
			88A170 7C 73 A1    JMP ($A173,X) [88A177] A:0308 X:0004 Y:0008 S:012C D:0E68 DB:86 nvMXdizc V:251 H: 12 F:32

			88A1B4 22 E8 81 82 JSL $8281E8   [8281E8] A:0308 X:0004 Y:0008 S:012C D:0E68 DB:86 nvMXdizc V:251 H: 21 F:32		JSL $8281E8 --> Update X-Pos, Y-Pos, Y-Vel 

				8281E8 08          PHP                    A:0308 X:0004 Y:0008 S:0129 D:0E68 DB:86 nvMXdizc V:251 H: 34 F:32
				8281E9 C2 20       REP #$20               A:0308 X:0004 Y:0008 S:0128 D:0E68 DB:86 nvMXdizc V:251 H: 39 F:32
				8281EB 38          SEC                    A:0308 X:0004 Y:0008 S:0128 D:0E68 DB:86 nvmXdizc V:251 H: 44 F:32
				8281EC A5 1E       LDA $1E       [000E86] A:0308 X:0004 Y:0008 S:0128 D:0E68 DB:86 nvmXdizC V:251 H: 47 F:32
				8281EE 29 FF 00    AND #$00FF             A:0040 X:0004 Y:0008 S:0128 D:0E68 DB:86 nvmXdizC V:251 H: 55 F:32
				8281F1 E5 1C       SBC $1C       [000E84] A:0040 X:0004 Y:0008 S:0128 D:0E68 DB:86 nvmXdizC V:251 H: 60 F:32
				8281F3 49 FF FF    EOR #$FFFF             A:06F3 X:0004 Y:0008 S:0128 D:0E68 DB:86 nvmXdizc V:251 H: 68 F:32
				8281F6 1A          INC                    A:F90C X:0004 Y:0008 S:0128 D:0E68 DB:86 NvmXdizc V:251 H: 73 F:32
				8281F7 85 1C       STA $1C       [000E84] A:F90D X:0004 Y:0008 S:0128 D:0E68 DB:86 NvmXdizc V:251 H: 76 F:32
				8281F9 80 10       BRA $0010     [82820B] A:F90D X:0004 Y:0008 S:0128 D:0E68 DB:86 NvmXdizc V:251 H: 84 F:32
				82820B C2 21       REP #$21               A:F90D X:0004 Y:0008 S:0128 D:0E68 DB:86 NvmXdizc V:251 H: 89 F:32
				82820D A5 04       LDA $04       [000E6C] A:F90D X:0004 Y:0008 S:0128 D:0E68 DB:86 NvmXdizc V:251 H: 93 F:32
				82820F 65 1A       ADC $1A       [000E82] A:2234 X:0004 Y:0008 S:0128 D:0E68 DB:86 nvmXdizc V:251 H:102 F:32
				828211 85 04       STA $04       [000E6C] A:21A0 X:0004 Y:0008 S:0128 D:0E68 DB:86 nvmXdizC V:251 H:110 F:32
				828213 E2 20       SEP #$20               A:21A0 X:0004 Y:0008 S:0128 D:0E68 DB:86 nvmXdizC V:251 H:119 F:32
				828215 A9 00       LDA #$00               A:21A0 X:0004 Y:0008 S:0128 D:0E68 DB:86 nvMXdizC V:251 H:123 F:32
				828217 24 1B       BIT $1B       [000E83] A:2100 X:0004 Y:0008 S:0128 D:0E68 DB:86 nvMXdiZC V:251 H:126 F:32
				828219 10 01       BPL $0001     [82821C] A:2100 X:0004 Y:0008 S:0128 D:0E68 DB:86 NVMXdiZC V:251 H:133 F:32
				82821B 3A          DEC                    A:2100 X:0004 Y:0008 S:0128 D:0E68 DB:86 NVMXdiZC V:251 H:146 F:32
				82821C 65 06       ADC $06       [000E6E] A:21FF X:0004 Y:0008 S:0128 D:0E68 DB:86 NVMXdizC V:251 H:149 F:32
				82821E 85 06       STA $06       [000E6E] A:211D X:0004 Y:0008 S:0128 D:0E68 DB:86 nvMXdizC V:251 H:155 F:32
				828220 C2 20       REP #$20               A:211D X:0004 Y:0008 S:0128 D:0E68 DB:86 nvMXdizC V:251 H:162 F:32
				828222 38          SEC                    A:211D X:0004 Y:0008 S:0128 D:0E68 DB:86 nvmXdizC V:251 H:166 F:32
				828223 A5 07       LDA $07       [000E6F] A:211D X:0004 Y:0008 S:0128 D:0E68 DB:86 nvmXdizC V:251 H:169 F:32
				828225 E5 1C       SBC $1C       [000E84] A:9F61 X:0004 Y:0008 S:0128 D:0E68 DB:86 NvmXdizC V:251 H:178 F:32
				828227 85 07       STA $07       [000E6F] A:A654 X:0004 Y:0008 S:0128 D:0E68 DB:86 NvmXdizc V:251 H:186 F:32
				828229 E2 20       SEP #$20               A:A654 X:0004 Y:0008 S:0128 D:0E68 DB:86 NvmXdizc V:251 H:195 F:32
				82822B 9C 00 00    STZ $0000     [860000] A:A654 X:0004 Y:0008 S:0128 D:0E68 DB:86 NvMXdizc V:251 H:199 F:32
				82822E 24 1D       BIT $1D       [000E85] A:A654 X:0004 Y:0008 S:0128 D:0E68 DB:86 NvMXdizc V:251 H:206 F:32
				828230 10 03       BPL $0003     [828235] A:A654 X:0004 Y:0008 S:0128 D:0E68 DB:86 NVMXdizc V:251 H:212 F:32
				828232 CE 00 00    DEC $0000     [860000] A:A654 X:0004 Y:0008 S:0128 D:0E68 DB:86 NVMXdizc V:251 H:215 F:32
				828235 A5 09       LDA $09       [000E71] A:A654 X:0004 Y:0008 S:0128 D:0E68 DB:86 NVMXdizc V:251 H:225 F:32
				828237 ED 00 00    SBC $0000     [860000] A:A603 X:0004 Y:0008 S:0128 D:0E68 DB:86 nVMXdizc V:251 H:232 F:32
				82823A 85 09       STA $09       [000E71] A:A603 X:0004 Y:0008 S:0128 D:0E68 DB:86 nvMXdizc V:251 H:238 F:32
				82823C 28          PLP                    A:A603 X:0004 Y:0008 S:0128 D:0E68 DB:86 nvMXdizc V:251 H:245 F:32
				82823D 6B          RTL                    A:A603 X:0004 Y:0008 S:0129 D:0E68 DB:86 nvMXdizc V:251 H:251 F:32

			88A1B8 C2 20       REP #$20               A:A603 X:0004 Y:0008 S:012C D:0E68 DB:86 nvMXdizc V:251 H:262 F:32
			88A1BA A9 B8 CF    LDA #$CFB8             A:A603 X:0004 Y:0008 S:012C D:0E68 DB:86 nvmXdizc V:251 H:266 F:32
			88A1BD 85 20       STA $20       [000E88] A:CFB8 X:0004 Y:0008 S:012C D:0E68 DB:86 NvmXdizc V:251 H:271 F:32
			88A1BF E2 20       SEP #$20               A:CFB8 X:0004 Y:0008 S:012C D:0E68 DB:86 NvmXdizc V:251 H:279 F:32
			88A1C1 22 BE 91 84 JSL $8491BE   [8491BE] A:CFB8 X:0004 Y:0008 S:012C D:0E68 DB:86 NvMXdizc V:251 H:284 F:32		JSL $8491BE --> Check for colissions and adjust position

				8491BE 08          PHP                    A:CFB8 X:0004 Y:0008 S:0129 D:0E68 DB:86 NvMXdizc V:251 H:297 F:32
				8491BF 0B          PHD                    A:CFB8 X:0004 Y:0008 S:0128 D:0E68 DB:86 NvMXdizc V:251 H:302 F:32
				8491C0 C2 30       REP #$30               A:CFB8 X:0004 Y:0008 S:0126 D:0E68 DB:86 NvMXdizc V:251 H:309 F:32
				8491C2 A5 20       LDA $20       [000E88] A:CFB8 X:0004 Y:0008 S:0126 D:0E68 DB:86 Nvmxdizc V:251 H:314 F:32
				8491C4 F0 15       BEQ $0015     [8491DB] A:CFB8 X:0004 Y:0008 S:0126 D:0E68 DB:86 Nvmxdizc V:251 H:322 F:32
				8491C6 7B          TDC                    A:CFB8 X:0004 Y:0008 S:0126 D:0E68 DB:86 Nvmxdizc V:251 H:325 F:32
				8491C7 AA          TAX                    A:0E68 X:0004 Y:0008 S:0126 D:0E68 DB:86 nvmxdizc V:251 H:327 F:32
				8491C8 A9 00 00    LDA #$0000             A:0E68 X:0E68 Y:0008 S:0126 D:0E68 DB:86 nvmxdizc V:251 H:330 F:32
				8491CB 5B          TCD                    A:0000 X:0E68 Y:0008 S:0126 D:0E68 DB:86 nvmxdiZc V:251 H:335 F:32
				8491CC 64 14       STZ $14       [000014] A:0000 X:0E68 Y:0008 S:0126 D:0000 DB:86 nvmxdiZc V:251 H:338 F:32
				8491CE B5 2B       LDA $2B,X     [000E93] A:0000 X:0E68 Y:0008 S:0126 D:0000 DB:86 nvmxdiZc V:252 H:  5 F:32
				8491D0 29 00 FF    AND #$FF00             A:0000 X:0E68 Y:0008 S:0126 D:0000 DB:86 nvmxdiZc V:252 H: 13 F:32
				8491D3 95 2B       STA $2B,X     [000E93] A:0000 X:0E68 Y:0008 S:0126 D:0000 DB:86 nvmxdiZc V:252 H: 18 F:32
				8491D5 20 AC 92    JSR $92AC     [8492AC] A:0000 X:0E68 Y:0008 S:0126 D:0000 DB:86 nvmxdiZc V:252 H: 26 F:32

					8492AC C2 30       REP #$30               A:0000 X:0E68 Y:0008 S:0124 D:0000 DB:86 nvmxdiZc V:252 H: 36 F:32
					8492AE B5 05       LDA $05,X     [000E6D] A:0000 X:0E68 Y:0008 S:0124 D:0000 DB:86 nvmxdiZc V:252 H: 41 F:32
					8492B0 38          SEC                    A:1D21 X:0E68 Y:0008 S:0124 D:0000 DB:86 nvmxdizc V:252 H: 49 F:32
					8492B1 F5 22       SBC $22,X     [000E8A] A:1D21 X:0E68 Y:0008 S:0124 D:0000 DB:86 nvmxdizC V:252 H: 52 F:32
					8492B3 85 00       STA $00       [000000] A:FFFF X:0E68 Y:0008 S:0124 D:0000 DB:86 Nvmxdizc V:252 H: 61 F:32
					8492B5 E2 20       SEP #$20               A:FFFF X:0E68 Y:0008 S:0124 D:0000 DB:86 Nvmxdizc V:252 H: 68 F:32
					8492B7 F0 4C       BEQ $004C     [849305] A:FFFF X:0E68 Y:0008 S:0124 D:0000 DB:86 NvMxdizc V:252 H: 72 F:32
					8492B9 B4 20       LDY $20,X     [000E88] A:FFFF X:0E68 Y:0008 S:0124 D:0000 DB:86 NvMxdizc V:252 H: 75 F:32
					8492BB B9 05 00    LDA $0005,Y   [86CFBD] A:FFFF X:0E68 Y:CFB8 S:0124 D:0000 DB:86 NvMxdizc V:252 H: 84 F:32
					8492BE 34 11       BIT $11,X     [000E79] A:FF00 X:0E68 Y:CFB8 S:0124 D:0000 DB:86 nvMxdiZc V:252 H: 91 F:32
					8492C0 50 03       BVC $0003     [8492C5] A:FF00 X:0E68 Y:CFB8 S:0124 D:0000 DB:86 nvMxdiZc V:252 H: 98 F:32
					8492C5 24 00       BIT $00       [000000] A:FF00 X:0E68 Y:CFB8 S:0124 D:0000 DB:86 nvMxdiZc V:252 H:102 F:32
					8492C7 10 06       BPL $0006     [8492CF] A:FF00 X:0E68 Y:CFB8 S:0124 D:0000 DB:86 NVMxdiZc V:252 H:107 F:32
					8492C9 38          SEC                    A:FF00 X:0E68 Y:CFB8 S:0124 D:0000 DB:86 NVMxdiZc V:252 H:110 F:32
					8492CA F9 07 00    SBC $0007,Y   [86CFBF] A:FF00 X:0E68 Y:CFB8 S:0124 D:0000 DB:86 NVMxdiZC V:252 H:113 F:32
					8492CD 80 04       BRA $0004     [8492D3] A:FFEE X:0E68 Y:CFB8 S:0124 D:0000 DB:86 NvMxdizc V:252 H:121 F:32
					8492D3 95 29       STA $29,X     [000E91] A:FFEE X:0E68 Y:CFB8 S:0124 D:0000 DB:86 NvMxdizc V:252 H:125 F:32
					8492D5 B9 06 00    LDA $0006,Y   [86CFBE] A:FFEE X:0E68 Y:CFB8 S:0124 D:0000 DB:86 NvMxdizc V:252 H:132 F:32
					8492D8 95 2A       STA $2A,X     [000E92] A:FF00 X:0E68 Y:CFB8 S:0124 D:0000 DB:86 nvMxdiZc V:252 H:149 F:32
					8492DA 20 15 93    JSR $9315     [849315] A:FF00 X:0E68 Y:CFB8 S:0124 D:0000 DB:86 nvMxdiZc V:252 H:156 F:32

						849315 20 B3 90    JSR $90B3     [8490B3] A:FF00 X:0E68 Y:CFB8 S:0122 D:0000 DB:86 nvMxdiZc V:252 H:166 F:32

							8490B3 0B          PHD                    A:FF00 X:0E68 Y:CFB8 S:0120 D:0000 DB:86 nvMxdiZc V:252 H:176 F:32
							8490B4 DA          PHX                    A:FF00 X:0E68 Y:CFB8 S:011E D:0000 DB:86 nvMxdiZc V:252 H:183 F:32
							8490B5 08          PHP                    A:FF00 X:0E68 Y:CFB8 S:011C D:0000 DB:86 nvMxdiZc V:252 H:190 F:32
							8490B6 E2 20       SEP #$20               A:FF00 X:0E68 Y:CFB8 S:011B D:0000 DB:86 nvMxdiZc V:252 H:195 F:32
							8490B8 C2 10       REP #$10               A:FF00 X:0E68 Y:CFB8 S:011B D:0000 DB:86 nvMxdiZc V:252 H:199 F:32
							8490BA 64 01       STZ $01       [000001] A:FF00 X:0E68 Y:CFB8 S:011B D:0000 DB:86 nvMxdiZc V:252 H:204 F:32
							8490BC B5 29       LDA $29,X     [000E91] A:FF00 X:0E68 Y:CFB8 S:011B D:0000 DB:86 nvMxdiZc V:252 H:209 F:32
							8490BE 10 02       BPL $0002     [8490C2] A:FFEE X:0E68 Y:CFB8 S:011B D:0000 DB:86 NvMxdizc V:252 H:215 F:32
							8490C0 C6 01       DEC $01       [000001] A:FFEE X:0E68 Y:CFB8 S:011B D:0000 DB:86 NvMxdizc V:252 H:218 F:32
							8490C2 18          CLC                    A:FFEE X:0E68 Y:CFB8 S:011B D:0000 DB:86 NvMxdizc V:252 H:227 F:32
							8490C3 75 05       ADC $05,X     [000E6D] A:FFEE X:0E68 Y:CFB8 S:011B D:0000 DB:86 NvMxdizc V:252 H:230 F:32
							8490C5 85 00       STA $00       [000000] A:FF0F X:0E68 Y:CFB8 S:011B D:0000 DB:86 nvMxdizC V:252 H:236 F:32
							8490C7 B5 06       LDA $06,X     [000E6E] A:FF0F X:0E68 Y:CFB8 S:011B D:0000 DB:86 nvMxdizC V:252 H:241 F:32
							8490C9 65 01       ADC $01       [000001] A:FF1D X:0E68 Y:CFB8 S:011B D:0000 DB:86 nvMxdizC V:252 H:248 F:32
							8490CB 85 01       STA $01       [000001] A:FF1D X:0E68 Y:CFB8 S:011B D:0000 DB:86 nvMxdizC V:252 H:253 F:32
							8490CD 64 03       STZ $03       [000003] A:FF1D X:0E68 Y:CFB8 S:011B D:0000 DB:86 nvMxdizC V:252 H:258 F:32
							8490CF B5 2A       LDA $2A,X     [000E92] A:FF1D X:0E68 Y:CFB8 S:011B D:0000 DB:86 nvMxdizC V:252 H:263 F:32
							8490D1 10 02       BPL $0002     [8490D5] A:FF00 X:0E68 Y:CFB8 S:011B D:0000 DB:86 nvMxdiZC V:252 H:269 F:32
							8490D5 18          CLC                    A:FF00 X:0E68 Y:CFB8 S:011B D:0000 DB:86 nvMxdiZC V:252 H:274 F:32
							8490D6 75 08       ADC $08,X     [000E70] A:FF00 X:0E68 Y:CFB8 S:011B D:0000 DB:86 nvMxdiZc V:252 H:277 F:32
							8490D8 85 02       STA $02       [000002] A:FFA6 X:0E68 Y:CFB8 S:011B D:0000 DB:86 NvMxdizc V:252 H:283 F:32
							8490DA 29 F0       AND #$F0               A:FFA6 X:0E68 Y:CFB8 S:011B D:0000 DB:86 NvMxdizc V:252 H:288 F:32
							8490DC 85 0A       STA $0A       [00000A] A:FFA0 X:0E68 Y:CFB8 S:011B D:0000 DB:86 NvMxdizc V:252 H:291 F:32
							8490DE B5 09       LDA $09,X     [000E71] A:FFA0 X:0E68 Y:CFB8 S:011B D:0000 DB:86 NvMxdizc V:252 H:296 F:32
							8490E0 65 03       ADC $03       [000003] A:FF03 X:0E68 Y:CFB8 S:011B D:0000 DB:86 nvMxdizc V:252 H:303 F:32
							8490E2 85 03       STA $03       [000003] A:FF03 X:0E68 Y:CFB8 S:011B D:0000 DB:86 nvMxdizc V:252 H:308 F:32
							8490E4 85 0B       STA $0B       [00000B] A:FF03 X:0E68 Y:CFB8 S:011B D:0000 DB:86 nvMxdizc V:252 H:313 F:32
							8490E6 A5 00       LDA $00       [000000] A:FF03 X:0E68 Y:CFB8 S:011B D:0000 DB:86 nvMxdizc V:252 H:318 F:32
							8490E8 29 0F       AND #$0F               A:FF0F X:0E68 Y:CFB8 S:011B D:0000 DB:86 nvMxdizc V:252 H:323 F:32
							8490EA 1A          INC                    A:FF0F X:0E68 Y:CFB8 S:011B D:0000 DB:86 nvMxdizc V:252 H:325 F:32
							8490EB 85 0C       STA $0C       [00000C] A:FF10 X:0E68 Y:CFB8 S:011B D:0000 DB:86 nvMxdizc V:252 H:328 F:32
							8490ED A5 02       LDA $02       [000002] A:FF10 X:0E68 Y:CFB8 S:011B D:0000 DB:86 nvMxdizc V:252 H:333 F:32
							8490EF 29 0F       AND #$0F               A:FFA6 X:0E68 Y:CFB8 S:011B D:0000 DB:86 NvMxdizc V:252 H:338 F:32
							8490F1 1A          INC                    A:FF06 X:0E68 Y:CFB8 S:011B D:0000 DB:86 nvMxdizc V:253 H:  1 F:32
							8490F2 85 0E       STA $0E       [00000E] A:FF07 X:0E68 Y:CFB8 S:011B D:0000 DB:86 nvMxdizc V:253 H:  4 F:32
							8490F4 C2 20       REP #$20               A:FF07 X:0E68 Y:CFB8 S:011B D:0000 DB:86 nvMxdizc V:253 H:  9 F:32
							8490F6 20 6A 91    JSR $916A     [84916A] A:FF07 X:0E68 Y:CFB8 S:011B D:0000 DB:86 nvmxdizc V:253 H: 13 F:32

								84916A A9 00 E8    LDA #$E800             A:FF07 X:0E68 Y:CFB8 S:0119 D:0000 DB:86 nvmxdizc V:253 H: 23 F:32
								84916D 85 10       STA $10       [000010] A:E800 X:0E68 Y:CFB8 S:0119 D:0000 DB:86 Nvmxdizc V:253 H: 28 F:32
								84916F A9 7E 00    LDA #$007E             A:E800 X:0E68 Y:CFB8 S:0119 D:0000 DB:86 Nvmxdizc V:253 H: 35 F:32
								849172 85 12       STA $12       [000012] A:007E X:0E68 Y:CFB8 S:0119 D:0000 DB:86 nvmxdizc V:253 H: 39 F:32
								849174 A5 02       LDA $02       [000002] A:007E X:0E68 Y:CFB8 S:0119 D:0000 DB:86 nvmxdizc V:253 H: 46 F:32
								849176 29 F0 00    AND #$00F0             A:03A6 X:0E68 Y:CFB8 S:0119 D:0000 DB:86 nvmxdizc V:253 H: 53 F:32
								849179 0A          ASL A                  A:00A0 X:0E68 Y:CFB8 S:0119 D:0000 DB:86 nvmxdizc V:253 H: 58 F:32
								84917A 85 04       STA $04       [000004] A:0140 X:0E68 Y:CFB8 S:0119 D:0000 DB:86 nvmxdizc V:253 H: 61 F:32
								84917C A5 00       LDA $00       [000000] A:0140 X:0E68 Y:CFB8 S:0119 D:0000 DB:86 nvmxdizc V:253 H: 68 F:32
								84917E 29 FF 00    AND #$00FF             A:1D0F X:0E68 Y:CFB8 S:0119 D:0000 DB:86 nvmxdizc V:253 H: 75 F:32
								849181 4A          LSR A                  A:000F X:0E68 Y:CFB8 S:0119 D:0000 DB:86 nvmxdizc V:253 H: 79 F:32
								849182 4A          LSR A                  A:0007 X:0E68 Y:CFB8 S:0119 D:0000 DB:86 nvmxdizC V:253 H: 82 F:32
								849183 4A          LSR A                  A:0003 X:0E68 Y:CFB8 S:0119 D:0000 DB:86 nvmxdizC V:253 H: 85 F:32
								849184 29 FE FF    AND #$FFFE             A:0001 X:0E68 Y:CFB8 S:0119 D:0000 DB:86 nvmxdizC V:253 H: 88 F:32
								849187 18          CLC                    A:0000 X:0E68 Y:CFB8 S:0119 D:0000 DB:86 nvmxdiZC V:253 H: 93 F:32
								849188 65 04       ADC $04       [000004] A:0000 X:0E68 Y:CFB8 S:0119 D:0000 DB:86 nvmxdiZc V:253 H: 96 F:32
								84918A 85 06       STA $06       [000006] A:0140 X:0E68 Y:CFB8 S:0119 D:0000 DB:86 nvmxdizc V:253 H:103 F:32
								84918C A5 00       LDA $00       [000000] A:0140 X:0E68 Y:CFB8 S:0119 D:0000 DB:86 nvmxdizc V:253 H:110 F:32
								84918E EB          XBA                    A:1D0F X:0E68 Y:CFB8 S:0119 D:0000 DB:86 nvmxdizc V:253 H:117 F:32
								84918F 29 1F 00    AND #$001F             A:0F1D X:0E68 Y:CFB8 S:0119 D:0000 DB:86 nvmxdizc V:253 H:121 F:32
								849192 85 04       STA $04       [000004] A:001D X:0E68 Y:CFB8 S:0119 D:0000 DB:86 nvmxdizc V:253 H:126 F:32
								849194 A5 02       LDA $02       [000002] A:001D X:0E68 Y:CFB8 S:0119 D:0000 DB:86 nvmxdizc V:253 H:133 F:32
								849196 29 00 1F    AND #$1F00             A:03A6 X:0E68 Y:CFB8 S:0119 D:0000 DB:86 nvmxdizc V:253 H:150 F:32
								849199 4A          LSR A                  A:0300 X:0E68 Y:CFB8 S:0119 D:0000 DB:86 nvmxdizc V:253 H:154 F:32
								84919A 4A          LSR A                  A:0180 X:0E68 Y:CFB8 S:0119 D:0000 DB:86 nvmxdizc V:253 H:157 F:32
								84919B 4A          LSR A                  A:00C0 X:0E68 Y:CFB8 S:0119 D:0000 DB:86 nvmxdizc V:253 H:160 F:32
								84919C 18          CLC                    A:0060 X:0E68 Y:CFB8 S:0119 D:0000 DB:86 nvmxdizc V:253 H:163 F:32
								84919D 65 04       ADC $04       [000004] A:0060 X:0E68 Y:CFB8 S:0119 D:0000 DB:86 nvmxdizc V:253 H:166 F:32
								84919F A8          TAY                    A:007D X:0E68 Y:CFB8 S:0119 D:0000 DB:86 nvmxdizc V:253 H:173 F:32
								8491A0 B7 10       LDA [$10],Y   [7EE87D] A:007D X:0E68 Y:007D S:0119 D:0000 DB:86 nvmxdizc V:253 H:176 F:32
								8491A2 29 FF 00    AND #$00FF             A:0024 X:0E68 Y:007D S:0119 D:0000 DB:86 nvmxdizc V:253 H:189 F:32
								8491A5 A8          TAY                    A:0024 X:0E68 Y:007D S:0119 D:0000 DB:86 nvmxdizc V:253 H:194 F:32
								8491A6 EB          XBA                    A:0024 X:0E68 Y:0024 S:0119 D:0000 DB:86 nvmxdizc V:253 H:197 F:32
								8491A7 0A          ASL A                  A:2400 X:0E68 Y:0024 S:0119 D:0000 DB:86 nvmxdiZc V:253 H:201 F:32
								8491A8 18          CLC                    A:4800 X:0E68 Y:0024 S:0119 D:0000 DB:86 nvmxdizc V:253 H:204 F:32
								8491A9 65 06       ADC $06       [000006] A:4800 X:0E68 Y:0024 S:0119 D:0000 DB:86 nvmxdizc V:253 H:207 F:32
								8491AB AA          TAX                    A:4940 X:0E68 Y:0024 S:0119 D:0000 DB:86 nvmxdizc V:253 H:214 F:32
								8491AC 60          RTS                    A:4940 X:4940 Y:0024 S:0119 D:0000 DB:86 nvmxdizc V:253 H:217 F:32

							8490F9 BF 00 20 7E LDA $7E2000,X [7E6940] A:4940 X:4940 Y:0024 S:011B D:0000 DB:86 nvmxdizc V:253 H:227 F:32
							8490FD A8          TAY                    A:0054 X:4940 Y:0024 S:011B D:0000 DB:86 nvmxdizc V:253 H:237 F:32
							8490FE AD 92 0B    LDA $0B92     [860B92] A:0054 X:4940 Y:0054 S:011B D:0000 DB:86 nvmxdizc V:253 H:240 F:32
							849101 85 10       STA $10       [000010] A:EB15 X:4940 Y:0054 S:011B D:0000 DB:86 Nvmxdizc V:253 H:249 F:32
							849103 AD 94 0B    LDA $0B94     [860B94] A:EB15 X:4940 Y:0054 S:011B D:0000 DB:86 Nvmxdizc V:253 H:256 F:32
							849106 85 12       STA $12       [000012] A:F895 X:4940 Y:0054 S:011B D:0000 DB:86 Nvmxdizc V:253 H:264 F:32
							849108 B7 10       LDA [$10],Y   [95EB69] A:F895 X:4940 Y:0054 S:011B D:0000 DB:86 Nvmxdizc V:253 H:271 F:32
							84910A 29 FF 00    AND #$00FF             A:3B3B X:4940 Y:0054 S:011B D:0000 DB:86 nvmxdizc V:253 H:283 F:32
							84910D 28          PLP                    A:003B X:4940 Y:0054 S:011B D:0000 DB:86 nvmxdizc V:253 H:288 F:32
							84910E FA          PLX                    A:003B X:4940 Y:0054 S:011C D:0000 DB:86 nvMxdiZc V:253 H:294 F:32
							84910F 2B          PLD                    A:003B X:0E68 Y:0054 S:011E D:0000 DB:86 nvMxdizc V:253 H:303 F:32
							849110 60          RTS                    A:003B X:0E68 Y:0054 S:0120 D:0000 DB:86 nvMxdiZc V:253 H:311 F:32

						849318 B4 05       LDY $05,X     [000E6D] A:003B X:0E68 Y:0054 S:0122 D:0000 DB:86 nvMxdiZc V:253 H:321 F:32
						84931A 84 10       STY $10       [000010] A:003B X:0E68 Y:1D21 S:0122 D:0000 DB:86 nvMxdizc V:253 H:329 F:32
						84931C B4 08       LDY $08,X     [000E70] A:003B X:0E68 Y:1D21 S:0122 D:0000 DB:86 nvMxdizc V:253 H:336 F:32
						84931E 84 12       STY $12       [000012] A:003B X:0E68 Y:03A6 S:0122 D:0000 DB:86 nvMxdizc V:254 H:  4 F:32
						849320 95 2D       STA $2D,X     [000E95] A:003B X:0E68 Y:03A6 S:0122 D:0000 DB:86 nvMxdizc V:254 H: 11 F:32
						849322 86 2C       STX $2C       [00002C] A:003B X:0E68 Y:03A6 S:0122 D:0000 DB:86 nvMxdizc V:254 H: 18 F:32
						849324 29 3F       AND #$3F               A:003B X:0E68 Y:03A6 S:0122 D:0000 DB:86 nvMxdizc V:254 H: 25 F:32
						849326 0A          ASL A                  A:003B X:0E68 Y:03A6 S:0122 D:0000 DB:86 nvMxdizc V:254 H: 28 F:32
						849327 EB          XBA                    A:0076 X:0E68 Y:03A6 S:0122 D:0000 DB:86 nvMxdizc V:254 H: 31 F:32
						849328 A9 00       LDA #$00               A:7600 X:0E68 Y:03A6 S:0122 D:0000 DB:86 nvMxdiZc V:254 H: 35 F:32
						84932A EB          XBA                    A:7600 X:0E68 Y:03A6 S:0122 D:0000 DB:86 nvMxdiZc V:254 H: 38 F:32
						84932B AA          TAX                    A:0076 X:0E68 Y:03A6 S:0122 D:0000 DB:86 nvMxdizc V:254 H: 43 F:32
						84932C FC 5D 93    JSR ($935D,X) [8493D3] A:0076 X:0076 Y:03A6 S:0122 D:0000 DB:86 nvMxdizc V:254 H: 46 F:32

							8493DD A6 2C       LDX $2C       [00002C] A:0076 X:0076 Y:03A6 S:0120 D:0000 DB:86 nvMxdizc V:254 H: 59 F:32
							8493DF 64 01       STZ $01       [000001] A:0076 X:0E68 Y:03A6 S:0120 D:0000 DB:86 nvMxdizc V:254 H: 66 F:32
							8493E1 A9 11       LDA #$11               A:0076 X:0E68 Y:03A6 S:0120 D:0000 DB:86 nvMxdizc V:254 H: 71 F:32
							8493E3 38          SEC                    A:0011 X:0E68 Y:03A6 S:0120 D:0000 DB:86 nvMxdizc V:254 H: 74 F:32
							8493E4 E5 0C       SBC $0C       [00000C] A:0011 X:0E68 Y:03A6 S:0120 D:0000 DB:86 nvMxdizC V:254 H: 77 F:32
							8493E6 34 29       BIT $29,X     [000E91] A:0001 X:0E68 Y:03A6 S:0120 D:0000 DB:86 nvMxdizC V:254 H: 82 F:32
							8493E8 30 07       BMI $0007     [8493F1] A:0001 X:0E68 Y:03A6 S:0120 D:0000 DB:86 NVMxdiZC V:254 H: 88 F:32
							8493F1 18          CLC                    A:0001 X:0E68 Y:03A6 S:0120 D:0000 DB:86 NVMxdiZC V:254 H: 93 F:32
							8493F2 75 05       ADC $05,X     [000E6D] A:0001 X:0E68 Y:03A6 S:0120 D:0000 DB:86 NVMxdiZc V:254 H: 96 F:32
							8493F4 95 05       STA $05,X     [000E6D] A:0022 X:0E68 Y:03A6 S:0120 D:0000 DB:86 nvMxdizc V:254 H:102 F:32
							8493F6 B5 06       LDA $06,X     [000E6E] A:0022 X:0E68 Y:03A6 S:0120 D:0000 DB:86 nvMxdizc V:254 H:109 F:32
							8493F8 65 01       ADC $01       [000001] A:001D X:0E68 Y:03A6 S:0120 D:0000 DB:86 nvMxdizc V:254 H:115 F:32
							8493FA 95 06       STA $06,X     [000E6E] A:001D X:0E68 Y:03A6 S:0120 D:0000 DB:86 nvMxdizc V:254 H:120 F:32
							8493FC A9 01       LDA #$01               A:001D X:0E68 Y:03A6 S:0120 D:0000 DB:86 nvMxdizc V:254 H:127 F:32
							8493FE 60          RTS                    A:0001 X:0E68 Y:03A6 S:0120 D:0000 DB:86 nvMxdizc V:254 H:130 F:32

						84932F 08          PHP                    A:0001 X:0E68 Y:03A6 S:0122 D:0000 DB:86 nvMxdizc V:254 H:150 F:32
						849330 A6 2C       LDX $2C       [00002C] A:0001 X:0E68 Y:03A6 S:0121 D:0000 DB:86 nvMxdizc V:254 H:155 F:32
						849332 A9 01       LDA #$01               A:0001 X:0E68 Y:03A6 S:0121 D:0000 DB:86 nvMxdizc V:254 H:162 F:32
						849334 34 29       BIT $29,X     [000E91] A:0001 X:0E68 Y:03A6 S:0121 D:0000 DB:86 nvMxdizc V:254 H:165 F:32
						849336 10 02       BPL $0002     [84933A] A:0001 X:0E68 Y:03A6 S:0121 D:0000 DB:86 NVMxdiZc V:254 H:171 F:32
						849338 A9 02       LDA #$02               A:0001 X:0E68 Y:03A6 S:0121 D:0000 DB:86 NVMxdiZc V:254 H:174 F:32
						84933A 28          PLP                    A:0002 X:0E68 Y:03A6 S:0121 D:0000 DB:86 nVMxdizc V:254 H:177 F:32
						84933B F0 0C       BEQ $000C     [849349] A:0002 X:0E68 Y:03A6 S:0122 D:0000 DB:86 nvMxdizc V:254 H:184 F:32
						84933D 30 16       BMI $0016     [849355] A:0002 X:0E68 Y:03A6 S:0122 D:0000 DB:86 nvMxdizc V:254 H:187 F:32
						84933F 15 2B       ORA $2B,X     [000E93] A:0002 X:0E68 Y:03A6 S:0122 D:0000 DB:86 nvMxdizc V:254 H:190 F:32
						849341 95 2B       STA $2B,X     [000E93] A:0002 X:0E68 Y:03A6 S:0122 D:0000 DB:86 nvMxdizc V:254 H:196 F:32
						849343 20 08 93    JSR $9308     [849308] A:0002 X:0E68 Y:03A6 S:0122 D:0000 DB:86 nvMxdizc V:254 H:203 F:32

							849308 A5 14       LDA $14       [000014] A:0002 X:0E68 Y:03A6 S:0120 D:0000 DB:86 nvMxdizc V:254 H:213 F:32
							84930A F0 08       BEQ $0008     [849314] A:0000 X:0E68 Y:03A6 S:0120 D:0000 DB:86 nvMxdiZc V:254 H:218 F:32
							849314 60          RTS                    A:0000 X:0E68 Y:03A6 S:0120 D:0000 DB:86 nvMxdiZc V:254 H:222 F:32

						849346 A9 01       LDA #$01               A:0000 X:0E68 Y:03A6 S:0122 D:0000 DB:86 nvMxdiZc V:254 H:232 F:32
						849348 60          RTS                    A:0001 X:0E68 Y:03A6 S:0122 D:0000 DB:86 nvMxdizc V:254 H:235 F:32

					8492DD D0 26       BNE $0026     [849305] A:0001 X:0E68 Y:03A6 S:0124 D:0000 DB:86 nvMxdizc V:254 H:245 F:32
					849305 C2 30       REP #$30               A:0001 X:0E68 Y:03A6 S:0124 D:0000 DB:86 nvMxdizc V:254 H:250 F:32
					849307 60          RTS                    A:0001 X:0E68 Y:03A6 S:0124 D:0000 DB:86 nvmxdizc V:254 H:254 F:32

				8491D8 20 ED 91    JSR $91ED     [8491ED] A:0001 X:0E68 Y:03A6 S:0126 D:0000 DB:86 nvmxdizc V:254 H:264 F:32

					8491ED B5 08       LDA $08,X     [000E70] A:0001 X:0E68 Y:03A6 S:0124 D:0000 DB:86 nvmxdizc V:254 H:274 F:32
					8491EF D5 24       CMP $24,X     [000E8C] A:03A6 X:0E68 Y:03A6 S:0124 D:0000 DB:86 nvmxdizc V:254 H:283 F:32
					8491F1 F0 F2       BEQ $00F2     [8491E5] A:03A6 X:0E68 Y:03A6 S:0124 D:0000 DB:86 nvmxdizC V:254 H:291 F:32
					8491F3 10 4D       BPL $004D     [849242] A:03A6 X:0E68 Y:03A6 S:0124 D:0000 DB:86 nvmxdizC V:254 H:294 F:32
					849242 E2 20       SEP #$20               A:03A6 X:0E68 Y:03A6 S:0124 D:0000 DB:86 nvmxdizC V:254 H:299 F:32
					849244 A0 04 00    LDY #$0004             A:03A6 X:0E68 Y:03A6 S:0124 D:0000 DB:86 nvMxdizC V:254 H:303 F:32
					849247 AD 1C 1F    LDA $1F1C     [861F1C] A:03A6 X:0E68 Y:0004 S:0124 D:0000 DB:86 nvMxdizC V:254 H:308 F:32
					84924A F0 03       BEQ $0003     [84924F] A:0300 X:0E68 Y:0004 S:0124 D:0000 DB:86 nvMxdiZC V:254 H:314 F:32
					84924F B5 2F       LDA $2F,X     [000E97] A:0300 X:0E68 Y:0004 S:0124 D:0000 DB:86 nvMxdiZC V:254 H:319 F:32
					849251 F0 03       BEQ $0003     [849256] A:03FF X:0E68 Y:0004 S:0124 D:0000 DB:86 NvMxdizC V:254 H:325 F:32
					849253 A0 00 00    LDY #$0000             A:03FF X:0E68 Y:0004 S:0124 D:0000 DB:86 NvMxdizC V:254 H:327 F:32
					849256 98          TYA                    A:03FF X:0E68 Y:0000 S:0124 D:0000 DB:86 nvMxdiZC V:254 H:332 F:32
					849257 09 80       ORA #$80               A:0300 X:0E68 Y:0000 S:0124 D:0000 DB:86 nvMxdiZC V:254 H:335 F:32
					849259 85 08       STA $08       [000008] A:0380 X:0E68 Y:0000 S:0124 D:0000 DB:86 NvMxdizC V:254 H:338 F:32
					84925B B4 20       LDY $20,X     [000E88] A:0380 X:0E68 Y:0000 S:0124 D:0000 DB:86 NvMxdizC V:255 H:  3 F:32
					84925D B9 06 00    LDA $0006,Y   [86CFBE] A:0380 X:0E68 Y:CFB8 S:0124 D:0000 DB:86 NvMxdizC V:255 H: 11 F:32
					849260 18          CLC                    A:0300 X:0E68 Y:CFB8 S:0124 D:0000 DB:86 nvMxdiZC V:255 H: 19 F:32
					849261 79 08 00    ADC $0008,Y   [86CFC0] A:0300 X:0E68 Y:CFB8 S:0124 D:0000 DB:86 nvMxdiZc V:255 H: 22 F:32
					849264 95 2A       STA $2A,X     [000E92] A:031D X:0E68 Y:CFB8 S:0124 D:0000 DB:86 nvMxdizc V:255 H: 29 F:32
					849266 B9 05 00    LDA $0005,Y   [86CFBD] A:031D X:0E68 Y:CFB8 S:0124 D:0000 DB:86 nvMxdizc V:255 H: 36 F:32
					849269 34 11       BIT $11,X     [000E79] A:0300 X:0E68 Y:CFB8 S:0124 D:0000 DB:86 nvMxdiZc V:255 H: 43 F:32
					84926B 50 03       BVC $0003     [849270] A:0300 X:0E68 Y:CFB8 S:0124 D:0000 DB:86 nvMxdiZc V:255 H: 50 F:32
					849270 95 29       STA $29,X     [000E91] A:0300 X:0E68 Y:CFB8 S:0124 D:0000 DB:86 nvMxdiZc V:255 H: 54 F:32
					849272 20 C4 95    JSR $95C4     [8495C4] A:0300 X:0E68 Y:CFB8 S:0124 D:0000 DB:86 nvMxdiZc V:255 H: 61 F:32

						8495C4 B5 2A       LDA $2A,X     [000E92] A:0300 X:0E68 Y:CFB8 S:0122 D:0000 DB:86 nvMxdiZc V:255 H: 71 F:32
						8495C6 48          PHA                    A:031D X:0E68 Y:CFB8 S:0122 D:0000 DB:86 nvMxdizc V:255 H: 77 F:32
						8495C7 A5 08       LDA $08       [000008] A:031D X:0E68 Y:CFB8 S:0121 D:0000 DB:86 nvMxdizc V:255 H: 82 F:32
						8495C9 29 7F       AND #$7F               A:0380 X:0E68 Y:CFB8 S:0121 D:0000 DB:86 NvMxdizc V:255 H: 87 F:32
						8495CB 18          CLC                    A:0300 X:0E68 Y:CFB8 S:0121 D:0000 DB:86 nvMxdiZc V:255 H: 90 F:32
						8495CC 75 2A       ADC $2A,X     [000E92] A:0300 X:0E68 Y:CFB8 S:0121 D:0000 DB:86 nvMxdiZc V:255 H: 93 F:32
						8495CE 95 2A       STA $2A,X     [000E92] A:031D X:0E68 Y:CFB8 S:0121 D:0000 DB:86 nvMxdizc V:255 H:100 F:32
						8495D0 20 B3 90    JSR $90B3     [8490B3] A:031D X:0E68 Y:CFB8 S:0121 D:0000 DB:86 nvMxdizc V:255 H:106 F:32

							8490B3 0B          PHD                    A:031D X:0E68 Y:CFB8 S:011F D:0000 DB:86 nvMxdizc V:255 H:116 F:32
							8490B4 DA          PHX                    A:031D X:0E68 Y:CFB8 S:011D D:0000 DB:86 nvMxdizc V:255 H:123 F:32
							8490B5 08          PHP                    A:031D X:0E68 Y:CFB8 S:011B D:0000 DB:86 nvMxdizc V:255 H:130 F:32
							8490B6 E2 20       SEP #$20               A:031D X:0E68 Y:CFB8 S:011A D:0000 DB:86 nvMxdizc V:255 H:145 F:32
							8490B8 C2 10       REP #$10               A:031D X:0E68 Y:CFB8 S:011A D:0000 DB:86 nvMxdizc V:255 H:150 F:32
							8490BA 64 01       STZ $01       [000001] A:031D X:0E68 Y:CFB8 S:011A D:0000 DB:86 nvMxdizc V:255 H:154 F:32
							8490BC B5 29       LDA $29,X     [000E91] A:031D X:0E68 Y:CFB8 S:011A D:0000 DB:86 nvMxdizc V:255 H:159 F:32
							8490BE 10 02       BPL $0002     [8490C2] A:0300 X:0E68 Y:CFB8 S:011A D:0000 DB:86 nvMxdiZc V:255 H:166 F:32
							8490C2 18          CLC                    A:0300 X:0E68 Y:CFB8 S:011A D:0000 DB:86 nvMxdiZc V:255 H:170 F:32
							8490C3 75 05       ADC $05,X     [000E6D] A:0300 X:0E68 Y:CFB8 S:011A D:0000 DB:86 nvMxdiZc V:255 H:173 F:32
							8490C5 85 00       STA $00       [000000] A:0322 X:0E68 Y:CFB8 S:011A D:0000 DB:86 nvMxdizc V:255 H:180 F:32
							8490C7 B5 06       LDA $06,X     [000E6E] A:0322 X:0E68 Y:CFB8 S:011A D:0000 DB:86 nvMxdizc V:255 H:185 F:32
							8490C9 65 01       ADC $01       [000001] A:031D X:0E68 Y:CFB8 S:011A D:0000 DB:86 nvMxdizc V:255 H:191 F:32
							8490CB 85 01       STA $01       [000001] A:031D X:0E68 Y:CFB8 S:011A D:0000 DB:86 nvMxdizc V:255 H:196 F:32
							8490CD 64 03       STZ $03       [000003] A:031D X:0E68 Y:CFB8 S:011A D:0000 DB:86 nvMxdizc V:255 H:201 F:32
							8490CF B5 2A       LDA $2A,X     [000E92] A:031D X:0E68 Y:CFB8 S:011A D:0000 DB:86 nvMxdizc V:255 H:206 F:32
							8490D1 10 02       BPL $0002     [8490D5] A:031D X:0E68 Y:CFB8 S:011A D:0000 DB:86 nvMxdizc V:255 H:213 F:32
							8490D5 18          CLC                    A:031D X:0E68 Y:CFB8 S:011A D:0000 DB:86 nvMxdizc V:255 H:217 F:32
							8490D6 75 08       ADC $08,X     [000E70] A:031D X:0E68 Y:CFB8 S:011A D:0000 DB:86 nvMxdizc V:255 H:220 F:32
							8490D8 85 02       STA $02       [000002] A:03C3 X:0E68 Y:CFB8 S:011A D:0000 DB:86 NvMxdizc V:255 H:227 F:32
							8490DA 29 F0       AND #$F0               A:03C3 X:0E68 Y:CFB8 S:011A D:0000 DB:86 NvMxdizc V:255 H:232 F:32
							8490DC 85 0A       STA $0A       [00000A] A:03C0 X:0E68 Y:CFB8 S:011A D:0000 DB:86 NvMxdizc V:255 H:235 F:32
							8490DE B5 09       LDA $09,X     [000E71] A:03C0 X:0E68 Y:CFB8 S:011A D:0000 DB:86 NvMxdizc V:255 H:240 F:32
							8490E0 65 03       ADC $03       [000003] A:0303 X:0E68 Y:CFB8 S:011A D:0000 DB:86 nvMxdizc V:255 H:246 F:32
							8490E2 85 03       STA $03       [000003] A:0303 X:0E68 Y:CFB8 S:011A D:0000 DB:86 nvMxdizc V:255 H:251 F:32
							8490E4 85 0B       STA $0B       [00000B] A:0303 X:0E68 Y:CFB8 S:011A D:0000 DB:86 nvMxdizc V:255 H:256 F:32
							8490E6 A5 00       LDA $00       [000000] A:0303 X:0E68 Y:CFB8 S:011A D:0000 DB:86 nvMxdizc V:255 H:261 F:32
							8490E8 29 0F       AND #$0F               A:0322 X:0E68 Y:CFB8 S:011A D:0000 DB:86 nvMxdizc V:255 H:266 F:32
							8490EA 1A          INC                    A:0302 X:0E68 Y:CFB8 S:011A D:0000 DB:86 nvMxdizc V:255 H:269 F:32
							8490EB 85 0C       STA $0C       [00000C] A:0303 X:0E68 Y:CFB8 S:011A D:0000 DB:86 nvMxdizc V:255 H:272 F:32
							8490ED A5 02       LDA $02       [000002] A:0303 X:0E68 Y:CFB8 S:011A D:0000 DB:86 nvMxdizc V:255 H:277 F:32
							8490EF 29 0F       AND #$0F               A:03C3 X:0E68 Y:CFB8 S:011A D:0000 DB:86 NvMxdizc V:255 H:282 F:32
							8490F1 1A          INC                    A:0303 X:0E68 Y:CFB8 S:011A D:0000 DB:86 nvMxdizc V:255 H:285 F:32
							8490F2 85 0E       STA $0E       [00000E] A:0304 X:0E68 Y:CFB8 S:011A D:0000 DB:86 nvMxdizc V:255 H:288 F:32
							8490F4 C2 20       REP #$20               A:0304 X:0E68 Y:CFB8 S:011A D:0000 DB:86 nvMxdizc V:255 H:293 F:32
							8490F6 20 6A 91    JSR $916A     [84916A] A:0304 X:0E68 Y:CFB8 S:011A D:0000 DB:86 nvmxdizc V:255 H:298 F:32

								84916A A9 00 E8    LDA #$E800             A:0304 X:0E68 Y:CFB8 S:0118 D:0000 DB:86 nvmxdizc V:255 H:308 F:32
								84916D 85 10       STA $10       [000010] A:E800 X:0E68 Y:CFB8 S:0118 D:0000 DB:86 Nvmxdizc V:255 H:312 F:32
								84916F A9 7E 00    LDA #$007E             A:E800 X:0E68 Y:CFB8 S:0118 D:0000 DB:86 Nvmxdizc V:255 H:319 F:32
								849172 85 12       STA $12       [000012] A:007E X:0E68 Y:CFB8 S:0118 D:0000 DB:86 nvmxdizc V:255 H:323 F:32
								849174 A5 02       LDA $02       [000002] A:007E X:0E68 Y:CFB8 S:0118 D:0000 DB:86 nvmxdizc V:255 H:330 F:32
								849176 29 F0 00    AND #$00F0             A:03C3 X:0E68 Y:CFB8 S:0118 D:0000 DB:86 nvmxdizc V:255 H:337 F:32
								849179 0A          ASL A                  A:00C0 X:0E68 Y:CFB8 S:0118 D:0000 DB:86 nvmxdizc V:256 H:  1 F:32
								84917A 85 04       STA $04       [000004] A:0180 X:0E68 Y:CFB8 S:0118 D:0000 DB:86 nvmxdizc V:256 H:  4 F:32
								84917C A5 00       LDA $00       [000000] A:0180 X:0E68 Y:CFB8 S:0118 D:0000 DB:86 nvmxdizc V:256 H: 11 F:32
								84917E 29 FF 00    AND #$00FF             A:1D22 X:0E68 Y:CFB8 S:0118 D:0000 DB:86 nvmxdizc V:256 H: 18 F:32
								849181 4A          LSR A                  A:0022 X:0E68 Y:CFB8 S:0118 D:0000 DB:86 nvmxdizc V:256 H: 23 F:32
								849182 4A          LSR A                  A:0011 X:0E68 Y:CFB8 S:0118 D:0000 DB:86 nvmxdizc V:256 H: 26 F:32
								849183 4A          LSR A                  A:0008 X:0E68 Y:CFB8 S:0118 D:0000 DB:86 nvmxdizC V:256 H: 29 F:32
								849184 29 FE FF    AND #$FFFE             A:0004 X:0E68 Y:CFB8 S:0118 D:0000 DB:86 nvmxdizc V:256 H: 32 F:32
								849187 18          CLC                    A:0004 X:0E68 Y:CFB8 S:0118 D:0000 DB:86 nvmxdizc V:256 H: 36 F:32
								849188 65 04       ADC $04       [000004] A:0004 X:0E68 Y:CFB8 S:0118 D:0000 DB:86 nvmxdizc V:256 H: 39 F:32
								84918A 85 06       STA $06       [000006] A:0184 X:0E68 Y:CFB8 S:0118 D:0000 DB:86 nvmxdizc V:256 H: 46 F:32
								84918C A5 00       LDA $00       [000000] A:0184 X:0E68 Y:CFB8 S:0118 D:0000 DB:86 nvmxdizc V:256 H: 53 F:32
								84918E EB          XBA                    A:1D22 X:0E68 Y:CFB8 S:0118 D:0000 DB:86 nvmxdizc V:256 H: 60 F:32
								84918F 29 1F 00    AND #$001F             A:221D X:0E68 Y:CFB8 S:0118 D:0000 DB:86 nvmxdizc V:256 H: 65 F:32
								849192 85 04       STA $04       [000004] A:001D X:0E68 Y:CFB8 S:0118 D:0000 DB:86 nvmxdizc V:256 H: 69 F:32
								849194 A5 02       LDA $02       [000002] A:001D X:0E68 Y:CFB8 S:0118 D:0000 DB:86 nvmxdizc V:256 H: 76 F:32
								849196 29 00 1F    AND #$1F00             A:03C3 X:0E68 Y:CFB8 S:0118 D:0000 DB:86 nvmxdizc V:256 H: 83 F:32
								849199 4A          LSR A                  A:0300 X:0E68 Y:CFB8 S:0118 D:0000 DB:86 nvmxdizc V:256 H: 88 F:32
								84919A 4A          LSR A                  A:0180 X:0E68 Y:CFB8 S:0118 D:0000 DB:86 nvmxdizc V:256 H: 91 F:32
								84919B 4A          LSR A                  A:00C0 X:0E68 Y:CFB8 S:0118 D:0000 DB:86 nvmxdizc V:256 H: 94 F:32
								84919C 18          CLC                    A:0060 X:0E68 Y:CFB8 S:0118 D:0000 DB:86 nvmxdizc V:256 H: 97 F:32
								84919D 65 04       ADC $04       [000004] A:0060 X:0E68 Y:CFB8 S:0118 D:0000 DB:86 nvmxdizc V:256 H:100 F:32
								84919F A8          TAY                    A:007D X:0E68 Y:CFB8 S:0118 D:0000 DB:86 nvmxdizc V:256 H:107 F:32
								8491A0 B7 10       LDA [$10],Y   [7EE87D] A:007D X:0E68 Y:007D S:0118 D:0000 DB:86 nvmxdizc V:256 H:110 F:32
								8491A2 29 FF 00    AND #$00FF             A:0024 X:0E68 Y:007D S:0118 D:0000 DB:86 nvmxdizc V:256 H:123 F:32
								8491A5 A8          TAY                    A:0024 X:0E68 Y:007D S:0118 D:0000 DB:86 nvmxdizc V:256 H:127 F:32
								8491A6 EB          XBA                    A:0024 X:0E68 Y:0024 S:0118 D:0000 DB:86 nvmxdizc V:256 H:130 F:32
								8491A7 0A          ASL A                  A:2400 X:0E68 Y:0024 S:0118 D:0000 DB:86 nvmxdiZc V:256 H:145 F:32
								8491A8 18          CLC                    A:4800 X:0E68 Y:0024 S:0118 D:0000 DB:86 nvmxdizc V:256 H:148 F:32
								8491A9 65 06       ADC $06       [000006] A:4800 X:0E68 Y:0024 S:0118 D:0000 DB:86 nvmxdizc V:256 H:151 F:32
								8491AB AA          TAX                    A:4984 X:0E68 Y:0024 S:0118 D:0000 DB:86 nvmxdizc V:256 H:158 F:32
								8491AC 60          RTS                    A:4984 X:4984 Y:0024 S:0118 D:0000 DB:86 nvmxdizc V:256 H:161 F:32

							8490F9 BF 00 20 7E LDA $7E2000,X [7E6984] A:4984 X:4984 Y:0024 S:011A D:0000 DB:86 nvmxdizc V:256 H:171 F:32
							8490FD A8          TAY                    A:0047 X:4984 Y:0024 S:011A D:0000 DB:86 nvmxdizc V:256 H:181 F:32
							8490FE AD 92 0B    LDA $0B92     [860B92] A:0047 X:4984 Y:0047 S:011A D:0000 DB:86 nvmxdizc V:256 H:184 F:32
							849101 85 10       STA $10       [000010] A:EB15 X:4984 Y:0047 S:011A D:0000 DB:86 Nvmxdizc V:256 H:192 F:32
							849103 AD 94 0B    LDA $0B94     [860B94] A:EB15 X:4984 Y:0047 S:011A D:0000 DB:86 Nvmxdizc V:256 H:199 F:32
							849106 85 12       STA $12       [000012] A:F895 X:4984 Y:0047 S:011A D:0000 DB:86 Nvmxdizc V:256 H:208 F:32
							849108 B7 10       LDA [$10],Y   [95EB5C] A:F895 X:4984 Y:0047 S:011A D:0000 DB:86 Nvmxdizc V:256 H:215 F:32
							84910A 29 FF 00    AND #$00FF             A:3B3B X:4984 Y:0047 S:011A D:0000 DB:86 nvmxdizc V:256 H:227 F:32
							84910D 28          PLP                    A:003B X:4984 Y:0047 S:011A D:0000 DB:86 nvmxdizc V:256 H:231 F:32
							84910E FA          PLX                    A:003B X:4984 Y:0047 S:011B D:0000 DB:86 nvMxdizc V:256 H:238 F:32
							84910F 2B          PLD                    A:003B X:0E68 Y:0047 S:011D D:0000 DB:86 nvMxdizc V:256 H:246 F:32
							849110 60          RTS                    A:003B X:0E68 Y:0047 S:011F D:0000 DB:86 nvMxdiZc V:256 H:255 F:32

						8495D3 95 2E       STA $2E,X     [000E96] A:003B X:0E68 Y:0047 S:0121 D:0000 DB:86 nvMxdiZc V:256 H:265 F:32
						8495D5 85 18       STA $18       [000018] A:003B X:0E68 Y:0047 S:0121 D:0000 DB:86 nvMxdiZc V:256 H:271 F:32
						8495D7 29 3F       AND #$3F               A:003B X:0E68 Y:0047 S:0121 D:0000 DB:86 nvMxdiZc V:256 H:276 F:32
						8495D9 0A          ASL A                  A:003B X:0E68 Y:0047 S:0121 D:0000 DB:86 nvMxdizc V:256 H:279 F:32
						8495DA EB          XBA                    A:0076 X:0E68 Y:0047 S:0121 D:0000 DB:86 nvMxdizc V:256 H:282 F:32
						8495DB A9 00       LDA #$00               A:7600 X:0E68 Y:0047 S:0121 D:0000 DB:86 nvMxdiZc V:256 H:287 F:32
						8495DD EB          XBA                    A:7600 X:0E68 Y:0047 S:0121 D:0000 DB:86 nvMxdiZc V:256 H:290 F:32
						8495DE A8          TAY                    A:0076 X:0E68 Y:0047 S:0121 D:0000 DB:86 nvMxdizc V:256 H:294 F:32
						8495DF 84 28       STY $28       [000028] A:0076 X:0E68 Y:0076 S:0121 D:0000 DB:86 nvMxdizc V:256 H:297 F:32
						8495E1 86 2C       STX $2C       [00002C] A:0076 X:0E68 Y:0076 S:0121 D:0000 DB:86 nvMxdizc V:256 H:304 F:32
						8495E3 68          PLA                    A:0076 X:0E68 Y:0076 S:0121 D:0000 DB:86 nvMxdizc V:256 H:311 F:32
						8495E4 95 2A       STA $2A,X     [000E92] A:001D X:0E68 Y:0076 S:0122 D:0000 DB:86 nvMxdizc V:256 H:318 F:32
						8495E6 A6 2C       LDX $2C       [00002C] A:001D X:0E68 Y:0076 S:0122 D:0000 DB:86 nvMxdizc V:256 H:324 F:32
						8495E8 A9 FB       LDA #$FB               A:001D X:0E68 Y:0076 S:0122 D:0000 DB:86 nvMxdizc V:256 H:330 F:32
						8495EA 35 2B       AND $2B,X     [000E93] A:00FB X:0E68 Y:0076 S:0122 D:0000 DB:86 NvMxdizc V:256 H:333 F:32
						8495EC 95 2B       STA $2B,X     [000E93] A:0002 X:0E68 Y:0076 S:0122 D:0000 DB:86 nvMxdizc V:257 H:  0 F:32
						8495EE 64 01       STZ $01       [000001] A:0002 X:0E68 Y:0076 S:0122 D:0000 DB:86 nvMxdizc V:257 H:  6 F:32
						8495F0 B5 2A       LDA $2A,X     [000E92] A:0002 X:0E68 Y:0076 S:0122 D:0000 DB:86 nvMxdizc V:257 H: 11 F:32
						8495F2 85 02       STA $02       [000002] A:001D X:0E68 Y:0076 S:0122 D:0000 DB:86 nvMxdizc V:257 H: 18 F:32
						8495F4 64 03       STZ $03       [000003] A:001D X:0E68 Y:0076 S:0122 D:0000 DB:86 nvMxdizc V:257 H: 23 F:32
						8495F6 B4 05       LDY $05,X     [000E6D] A:001D X:0E68 Y:0076 S:0122 D:0000 DB:86 nvMxdizc V:257 H: 28 F:32
						8495F8 84 10       STY $10       [000010] A:001D X:0E68 Y:1D22 S:0122 D:0000 DB:86 nvMxdizc V:257 H: 36 F:32
						8495FA B4 08       LDY $08,X     [000E70] A:001D X:0E68 Y:1D22 S:0122 D:0000 DB:86 nvMxdizc V:257 H: 43 F:32
						8495FC 84 12       STY $12       [000012] A:001D X:0E68 Y:03A6 S:0122 D:0000 DB:86 nvMxdizc V:257 H: 52 F:32
						8495FE A6 28       LDX $28       [000028] A:001D X:0E68 Y:03A6 S:0122 D:0000 DB:86 nvMxdizc V:257 H: 59 F:32
						849600 FC 1C 96    JSR ($961C,X) [849692] A:001D X:0076 Y:03A6 S:0122 D:0000 DB:86 nvMxdizc V:257 H: 66 F:32

							8496B5 A6 2C       LDX $2C       [00002C] A:001D X:0076 Y:03A6 S:0120 D:0000 DB:86 nvMxdizc V:257 H: 79 F:32
							8496B7 A5 0E       LDA $0E       [00000E] A:001D X:0E68 Y:03A6 S:0120 D:0000 DB:86 nvMxdizc V:257 H: 86 F:32
							8496B9 85 00       STA $00       [000000] A:0004 X:0E68 Y:03A6 S:0120 D:0000 DB:86 nvMxdizc V:257 H: 91 F:32
							8496BB 64 01       STZ $01       [000001] A:0004 X:0E68 Y:03A6 S:0120 D:0000 DB:86 nvMxdizc V:257 H: 96 F:32
							8496BD C2 20       REP #$20               A:0004 X:0E68 Y:03A6 S:0120 D:0000 DB:86 nvMxdizc V:257 H:101 F:32
							8496BF A5 08       LDA $08       [000008] A:0004 X:0E68 Y:03A6 S:0120 D:0000 DB:86 nvmxdizc V:257 H:105 F:32
							8496C1 29 7F 00    AND #$007F             A:FF80 X:0E68 Y:03A6 S:0120 D:0000 DB:86 Nvmxdizc V:257 H:112 F:32
							8496C4 18          CLC                    A:0000 X:0E68 Y:03A6 S:0120 D:0000 DB:86 nvmxdiZc V:257 H:117 F:32
							8496C5 75 08       ADC $08,X     [000E70] A:0000 X:0E68 Y:03A6 S:0120 D:0000 DB:86 nvmxdiZc V:257 H:120 F:32
							8496C7 38          SEC                    A:03A6 X:0E68 Y:03A6 S:0120 D:0000 DB:86 nvmxdizc V:257 H:128 F:32
							8496C8 E5 00       SBC $00       [000000] A:03A6 X:0E68 Y:03A6 S:0120 D:0000 DB:86 nvmxdizC V:257 H:131 F:32
							8496CA 95 08       STA $08,X     [000E70] A:03A2 X:0E68 Y:03A6 S:0120 D:0000 DB:86 nvmxdizC V:257 H:148 F:32
							8496CC E2 20       SEP #$20               A:03A2 X:0E68 Y:03A6 S:0120 D:0000 DB:86 nvmxdizC V:257 H:157 F:32
							8496CE 74 2F       STZ $2F,X     [000E97] A:03A2 X:0E68 Y:03A6 S:0120 D:0000 DB:86 nvMxdizC V:257 H:161 F:32
							8496D0 A9 01       LDA #$01               A:03A2 X:0E68 Y:03A6 S:0120 D:0000 DB:86 nvMxdizC V:257 H:168 F:32
							8496D2 60          RTS                    A:0301 X:0E68 Y:03A6 S:0120 D:0000 DB:86 nvMxdizC V:257 H:171 F:32

						849603 F0 11       BEQ $0011     [849616] A:0301 X:0E68 Y:03A6 S:0122 D:0000 DB:86 nvMxdizC V:257 H:181 F:32
						849605 A6 2C       LDX $2C       [00002C] A:0301 X:0E68 Y:03A6 S:0122 D:0000 DB:86 nvMxdizC V:257 H:184 F:32
						849607 A9 04       LDA #$04               A:0301 X:0E68 Y:03A6 S:0122 D:0000 DB:86 nvMxdizC V:257 H:191 F:32
						849609 15 2B       ORA $2B,X     [000E93] A:0304 X:0E68 Y:03A6 S:0122 D:0000 DB:86 nvMxdizC V:257 H:194 F:32
						84960B 95 2B       STA $2B,X     [000E93] A:0306 X:0E68 Y:03A6 S:0122 D:0000 DB:86 nvMxdizC V:257 H:200 F:32
						84960D 20 4C 99    JSR $994C     [84994C] A:0306 X:0E68 Y:03A6 S:0122 D:0000 DB:86 nvMxdizC V:257 H:207 F:32

							84994C AD 1C 1F    LDA $1F1C     [861F1C] A:0306 X:0E68 Y:03A6 S:0120 D:0000 DB:86 nvMxdizC V:257 H:217 F:32
							84994F 10 06       BPL $0006     [849957] A:0300 X:0E68 Y:03A6 S:0120 D:0000 DB:86 nvMxdiZC V:257 H:223 F:32
							849957 60          RTS                    A:0300 X:0E68 Y:03A6 S:0120 D:0000 DB:86 nvMxdiZC V:257 H:228 F:32

						849610 20 08 93    JSR $9308     [849308] A:0300 X:0E68 Y:03A6 S:0122 D:0000 DB:86 nvMxdiZC V:257 H:238 F:32

							849308 A5 14       LDA $14       [000014] A:0300 X:0E68 Y:03A6 S:0120 D:0000 DB:86 nvMxdiZC V:257 H:248 F:32
							84930A F0 08       BEQ $0008     [849314] A:0300 X:0E68 Y:03A6 S:0120 D:0000 DB:86 nvMxdiZC V:257 H:253 F:32
							849314 60          RTS                    A:0300 X:0E68 Y:03A6 S:0120 D:0000 DB:86 nvMxdiZC V:257 H:257 F:32

						849613 A9 01       LDA #$01               A:0300 X:0E68 Y:03A6 S:0122 D:0000 DB:86 nvMxdiZC V:257 H:267 F:32
						849615 60          RTS                    A:0301 X:0E68 Y:03A6 S:0122 D:0000 DB:86 nvMxdizC V:257 H:270 F:32

					849275 D0 32       BNE $0032     [8492A9] A:0301 X:0E68 Y:03A6 S:0124 D:0000 DB:86 nvMxdizC V:257 H:280 F:32
					8492A9 C2 30       REP #$30               A:0301 X:0E68 Y:03A6 S:0124 D:0000 DB:86 nvMxdizC V:257 H:285 F:32
					8492AB 60          RTS                    A:0301 X:0E68 Y:03A6 S:0124 D:0000 DB:86 nvmxdizC V:257 H:289 F:32

				8491DB 2B          PLD                    A:0301 X:0E68 Y:03A6 S:0126 D:0000 DB:86 nvmxdizC V:257 H:299 F:32
				8491DC 28          PLP                    A:0301 X:0E68 Y:03A6 S:0128 D:0E68 DB:86 nvmxdizC V:257 H:308 F:32
				8491DD 6B          RTL                    A:0301 X:0068 Y:00A6 S:0129 D:0E68 DB:86 NvMXdizc V:257 H:314 F:32

			88A1C5 A5 2B       LDA $2B       [000E93] A:0301 X:0068 Y:00A6 S:012C D:0E68 DB:86 NvMXdizc V:257 H:324 F:32
			88A1C7 29 04       AND #$04               A:0306 X:0068 Y:00A6 S:012C D:0E68 DB:86 nvMXdizc V:257 H:330 F:32
			88A1C9 F0 18       BEQ $0018     [88A1E3] A:0304 X:0068 Y:00A6 S:012C D:0E68 DB:86 nvMXdizc V:257 H:333 F:32		Branch if MiscBitFlag bit 04 is not set
			88A1CB A9 05       LDA #$05               A:0304 X:0068 Y:00A6 S:012C D:0E68 DB:86 nvMXdizc V:257 H:336 F:32
			88A1CD 22 07 8F 84 JSL $848F07   [848F07] A:0305 X:0068 Y:00A6 S:012C D:0E68 DB:86 nvMXdizc V:257 H:339 F:32		JSL $848F07 --> New Countdown Routine ($16=#$91, A=#$05)

				848F07 08          PHP                    A:0305 X:0068 Y:00A6 S:0129 D:0E68 DB:86 nvMXdizc V:258 H: 13 F:32
				848F08 8B          PHB                    A:0305 X:0068 Y:00A6 S:0128 D:0E68 DB:86 nvMXdizc V:258 H: 18 F:32
				848F09 C2 30       REP #$30               A:0305 X:0068 Y:00A6 S:0127 D:0E68 DB:86 nvMXdizc V:258 H: 23 F:32
				848F0B 8D 0E 00    STA $000E     [86000E] A:0305 X:0068 Y:00A6 S:0127 D:0E68 DB:86 nvmxdizc V:258 H: 27 F:32
				848F0E A5 16       LDA $16       [000E7E] A:0305 X:0068 Y:00A6 S:0127 D:0E68 DB:86 nvmxdizc V:258 H: 36 F:32
				848F10 29 FF 00    AND #$00FF             A:8791 X:0068 Y:00A6 S:0127 D:0E68 DB:86 Nvmxdizc V:258 H: 44 F:32
				848F13 8D 0C 00    STA $000C     [86000C] A:0091 X:0068 Y:00A6 S:0127 D:0E68 DB:86 nvmxdizc V:258 H: 49 F:32
				848F16 0A          ASL A                  A:0091 X:0068 Y:00A6 S:0127 D:0E68 DB:86 nvmxdizc V:258 H: 57 F:32
				848F17 18          CLC                    A:0122 X:0068 Y:00A6 S:0127 D:0E68 DB:86 nvmxdizc V:258 H: 60 F:32
				848F18 6D 0C 00    ADC $000C     [86000C] A:0122 X:0068 Y:00A6 S:0127 D:0E68 DB:86 nvmxdizc V:258 H: 63 F:32
				848F1B AA          TAX                    A:01B3 X:0068 Y:00A6 S:0127 D:0E68 DB:86 nvmxdizc V:258 H: 72 F:32
				848F1C BF 00 A0 AF LDA $AFA000,X [AFA1B3] A:01B3 X:01B3 Y:00A6 S:0127 D:0E68 DB:86 nvmxdizc V:258 H: 75 F:32
				848F20 85 14       STA $14       [000E7C] A:DE6B X:01B3 Y:00A6 S:0127 D:0E68 DB:86 Nvmxdizc V:258 H: 84 F:32
				848F22 E2 20       SEP #$20               A:DE6B X:01B3 Y:00A6 S:0127 D:0E68 DB:86 Nvmxdizc V:258 H: 92 F:32
				848F24 BF 02 A0 AF LDA $AFA002,X [AFA1B5] A:DE6B X:01B3 Y:00A6 S:0127 D:0E68 DB:86 NvMxdizc V:258 H: 97 F:32
				848F28 48          PHA                    A:DEAF X:01B3 Y:00A6 S:0127 D:0E68 DB:86 NvMxdizc V:258 H:104 F:32
				848F29 AB          PLB                    A:DEAF X:01B3 Y:00A6 S:0126 D:0E68 DB:86 NvMxdizc V:258 H:109 F:32
				848F2A C2 20       REP #$20               A:DEAF X:01B3 Y:00A6 S:0127 D:0E68 DB:AF NvMxdizc V:258 H:116 F:32
				848F2C AD 0E 00    LDA $000E     [AF000E] A:DEAF X:01B3 Y:00A6 S:0127 D:0E68 DB:AF Nvmxdizc V:258 H:120 F:32
				848F2F 29 FF 00    AND #$00FF             A:0305 X:01B3 Y:00A6 S:0127 D:0E68 DB:AF nvmxdizc V:258 H:129 F:32
				848F32 0A          ASL A                  A:0005 X:01B3 Y:00A6 S:0127 D:0E68 DB:AF nvmxdizc V:258 H:133 F:32
				848F33 A8          TAY                    A:000A X:01B3 Y:00A6 S:0127 D:0E68 DB:AF nvmxdizc V:258 H:146 F:32
				848F34 B1 14       LDA ($14),Y   [AFDE75] A:000A X:01B3 Y:000A S:0127 D:0E68 DB:AF nvmxdizc V:258 H:149 F:32
				848F36 65 14       ADC $14       [000E7C] A:00C6 X:01B3 Y:000A S:0127 D:0E68 DB:AF nvmxdizc V:258 H:162 F:32
				848F38 85 14       STA $14       [000E7C] A:DF31 X:01B3 Y:000A S:0127 D:0E68 DB:AF Nvmxdizc V:258 H:171 F:32
				848F3A E2 30       SEP #$30               A:DF31 X:01B3 Y:000A S:0127 D:0E68 DB:AF Nvmxdizc V:258 H:179 F:32
				848F3C B2 14       LDA ($14)     [AFDF31] A:DF31 X:00B3 Y:000A S:0127 D:0E68 DB:AF NvMXdizc V:258 H:184 F:32	Skeleton start: AFDF31
				848F3E 85 13       STA $13       [000E7B] A:DF04 X:00B3 Y:000A S:0127 D:0E68 DB:AF nvMXdizc V:258 H:194 F:32
				848F40 A0 01       LDY #$01               A:DF04 X:00B3 Y:000A S:0127 D:0E68 DB:AF nvMXdizc V:258 H:200 F:32
				848F42 B1 14       LDA ($14),Y   [AFDF32] A:DF04 X:00B3 Y:0001 S:0127 D:0E68 DB:AF nvMXdizc V:258 H:203 F:32
				848F44 85 0F       STA $0F       [000E77] A:DF00 X:00B3 Y:0001 S:0127 D:0E68 DB:AF nvMXdiZc V:258 H:213 F:32
				848F46 C8          INY                    A:DF00 X:00B3 Y:0001 S:0127 D:0E68 DB:AF nvMXdiZc V:258 H:220 F:32
				848F47 B1 14       LDA ($14),Y   [AFDF33] A:DF00 X:00B3 Y:0002 S:0127 D:0E68 DB:AF nvMXdizc V:258 H:223 F:32
				848F49 85 17       STA $17       [000E7F] A:DF00 X:00B3 Y:0002 S:0127 D:0E68 DB:AF nvMXdiZc V:258 H:233 F:32
				848F4B A9 80       LDA #$80               A:DF00 X:00B3 Y:0002 S:0127 D:0E68 DB:AF nvMXdiZc V:258 H:239 F:32
				848F4D 04 17       TSB $17       [000E7F] A:DF80 X:00B3 Y:0002 S:0127 D:0E68 DB:AF NvMXdizc V:258 H:242 F:32
				848F4F AB          PLB                    A:DF80 X:00B3 Y:0002 S:0127 D:0E68 DB:AF NvMXdiZc V:258 H:252 F:32
				848F50 28          PLP                    A:DF80 X:00B3 Y:0002 S:0128 D:0E68 DB:86 NvMXdizc V:258 H:259 F:32
				848F51 6B          RTL                    A:DF80 X:00B3 Y:0002 S:0129 D:0E68 DB:86 nvMXdizc V:258 H:265 F:32

			88A1D1 64 2F       STZ $2F       [000E97] A:DF80 X:00B3 Y:0002 S:012C D:0E68 DB:86 nvMXdizc V:258 H:276 F:32
			88A1D3 A9 06       LDA #$06               A:DF80 X:00B3 Y:0002 S:012C D:0E68 DB:86 nvMXdizc V:258 H:282 F:32		Subaction = #$06
			88A1D5 85 03       STA $03       [000E6B] A:DF06 X:00B3 Y:0002 S:012C D:0E68 DB:86 nvMXdizc V:258 H:285 F:32
			88A1D7 A9 4D       LDA #$4D               A:DF06 X:00B3 Y:0002 S:012C D:0E68 DB:86 nvMXdizc V:258 H:292 F:32
			88A1D9 22 A2 88 80 JSL $8088A2   [8088A2] A:DF4D X:00B3 Y:0002 S:012C D:0E68 DB:86 nvMXdizc V:258 H:295 F:32		JSL $8088A2 --> Play Sound Effect (SE ID = #$4D)

				8088A2 DA          PHX                    A:DF4D X:00B3 Y:0002 S:0129 D:0E68 DB:86 nvMXdizc V:258 H:308 F:32
				8088A3 5A          PHY                    A:DF4D X:00B3 Y:0002 S:0128 D:0E68 DB:86 nvMXdizc V:258 H:313 F:32
				8088A4 08          PHP                    A:DF4D X:00B3 Y:0002 S:0127 D:0E68 DB:86 nvMXdizc V:258 H:318 F:32
				8088A5 C2 20       REP #$20               A:DF4D X:00B3 Y:0002 S:0126 D:0E68 DB:86 nvMXdizc V:258 H:323 F:32
				8088A7 E2 10       SEP #$10               A:DF4D X:00B3 Y:0002 S:0126 D:0E68 DB:86 nvmXdizc V:258 H:327 F:32
				8088A9 48          PHA                    A:DF4D X:00B3 Y:0002 S:0126 D:0E68 DB:86 nvmXdizc V:258 H:331 F:32
				8088AA A5 05       LDA $05       [000E6D] A:DF4D X:00B3 Y:0002 S:0124 D:0E68 DB:86 nvmXdizc V:258 H:338 F:32
				8088AC 38          SEC                    A:1D22 X:00B3 Y:0002 S:0124 D:0E68 DB:86 nvmXdizc V:259 H:  7 F:32
				8088AD ED AD 0B    SBC $0BAD     [860BAD] A:1D22 X:00B3 Y:0002 S:0124 D:0E68 DB:86 nvmXdizC V:259 H: 10 F:32
				8088B0 10 0E       BPL $000E     [8088C0] A:000B X:00B3 Y:0002 S:0124 D:0E68 DB:86 nvmXdizC V:259 H: 18 F:32
				8088C0 4A          LSR A                  A:000B X:00B3 Y:0002 S:0124 D:0E68 DB:86 nvmXdizC V:259 H: 23 F:32
				8088C1 C9 7F 00    CMP #$007F             A:0005 X:00B3 Y:0002 S:0124 D:0E68 DB:86 nvmXdizC V:259 H: 26 F:32
				8088C4 30 03       BMI $0003     [8088C9] A:0005 X:00B3 Y:0002 S:0124 D:0E68 DB:86 NvmXdizc V:259 H: 30 F:32
				8088C9 A8          TAY                    A:0005 X:00B3 Y:0002 S:0124 D:0E68 DB:86 NvmXdizc V:259 H: 35 F:32
				8088CA 68          PLA                    A:0005 X:00B3 Y:0005 S:0124 D:0E68 DB:86 nvmXdizc V:259 H: 38 F:32
				8088CB 80 07       BRA $0007     [8088D4] A:DF4D X:00B3 Y:0005 S:0126 D:0E68 DB:86 NvmXdizc V:259 H: 46 F:32
				8088D4 E2 31       SEP #$31               A:DF4D X:00B3 Y:0005 S:0126 D:0E68 DB:86 NvmXdizc V:259 H: 51 F:32
				8088D6 AE A3 0B    LDX $0BA3     [860BA3] A:DF4D X:00B3 Y:0005 S:0126 D:0E68 DB:86 NvMXdizC V:259 H: 55 F:32
				8088D9 9D 72 0B    STA $0B72,X   [860B90] A:DF4D X:001E Y:0005 S:0126 D:0E68 DB:86 nvMXdizC V:259 H: 62 F:32
				8088DC 98          TYA                    A:DF4D X:001E Y:0005 S:0126 D:0E68 DB:86 nvMXdizC V:259 H: 70 F:32
				8088DD 9D 73 0B    STA $0B73,X   [860B91] A:DF05 X:001E Y:0005 S:0126 D:0E68 DB:86 nvMXdizC V:259 H: 73 F:32
				8088E0 E8          INX                    A:DF05 X:001E Y:0005 S:0126 D:0E68 DB:86 nvMXdizC V:259 H: 81 F:32
				8088E1 E8          INX                    A:DF05 X:001F Y:0005 S:0126 D:0E68 DB:86 nvMXdizC V:259 H: 84 F:32
				8088E2 8A          TXA                    A:DF05 X:0020 Y:0005 S:0126 D:0E68 DB:86 nvMXdizC V:259 H: 87 F:32
				8088E3 29 1E       AND #$1E               A:DF20 X:0020 Y:0005 S:0126 D:0E68 DB:86 nvMXdizC V:259 H: 90 F:32
				8088E5 8D A3 0B    STA $0BA3     [860BA3] A:DF00 X:0020 Y:0005 S:0126 D:0E68 DB:86 nvMXdiZC V:259 H: 93 F:32
				8088E8 28          PLP                    A:DF00 X:0020 Y:0005 S:0126 D:0E68 DB:86 nvMXdiZC V:259 H: 99 F:32
				8088E9 7A          PLY                    A:DF00 X:0020 Y:0005 S:0127 D:0E68 DB:86 nvMXdizc V:259 H:106 F:32
				8088EA FA          PLX                    A:DF00 X:0020 Y:0002 S:0128 D:0E68 DB:86 nvMXdizc V:259 H:112 F:32
				8088EB 6B          RTL                    A:DF00 X:00B3 Y:0002 S:0129 D:0E68 DB:86 NvMXdizc V:259 H:119 F:32

			88A1DD A9 1E       LDA #$1E               A:DF00 X:00B3 Y:0002 S:012C D:0E68 DB:86 NvMXdizc V:259 H:129 F:32
			88A1DF 22 38 A3 84 JSL $84A338   [84A338] A:DF1E X:00B3 Y:0002 S:012C D:0E68 DB:86 nvMXdizc V:259 H:132 F:32		JSL $84A338 --> Set Effect: Shake Screen Vertical. A = Duration of shake.

				84A338 08          PHP                    A:DF1E X:00B3 Y:0002 S:0129 D:0E68 DB:86 nvMXdizc V:259 H:156 F:32
				84A339 E2 30       SEP #$30               A:DF1E X:00B3 Y:0002 S:0128 D:0E68 DB:86 nvMXdizc V:259 H:161 F:32
				84A33B A2 03       LDX #$03               A:DF1E X:00B3 Y:0002 S:0128 D:0E68 DB:86 nvMXdizc V:259 H:165 F:32
				84A33D A0 01       LDY #$01               A:DF1E X:0003 Y:0002 S:0128 D:0E68 DB:86 nvMXdizc V:259 H:168 F:32
				84A33F 80 03       BRA $0003     [84A344] A:DF1E X:0003 Y:0001 S:0128 D:0E68 DB:86 nvMXdizc V:259 H:171 F:32
				84A344 8D 7A 1E    STA $1E7A     [861E7A] A:DF1E X:0003 Y:0001 S:0128 D:0E68 DB:86 nvMXdizc V:259 H:176 F:32
				84A347 8E 83 1E    STX $1E83     [861E83] A:DF1E X:0003 Y:0001 S:0128 D:0E68 DB:86 nvMXdizc V:259 H:182 F:32
				84A34A 8C 7F 1E    STY $1E7F     [861E7F] A:DF1E X:0003 Y:0001 S:0128 D:0E68 DB:86 nvMXdizc V:259 H:189 F:32
				84A34D 8C 81 1E    STY $1E81     [861E81] A:DF1E X:0003 Y:0001 S:0128 D:0E68 DB:86 nvMXdizc V:259 H:195 F:32
				84A350 9C 85 1E    STZ $1E85     [861E85] A:DF1E X:0003 Y:0001 S:0128 D:0E68 DB:86 nvMXdizc V:259 H:202 F:32
				84A353 A9 02       LDA #$02               A:DF1E X:0003 Y:0001 S:0128 D:0E68 DB:86 nvMXdizc V:259 H:208 F:32
				84A355 0C 78 1E    TSB $1E78     [861E78] A:DF02 X:0003 Y:0001 S:0128 D:0E68 DB:86 nvMXdizc V:259 H:211 F:32
				84A358 28          PLP                    A:DF02 X:0003 Y:0001 S:0128 D:0E68 DB:86 nvMXdiZc V:259 H:221 F:32
				84A359 6B          RTL                    A:DF02 X:0003 Y:0001 S:0129 D:0E68 DB:86 nvMXdizc V:259 H:228 F:32

			88A1E3 60          RTS                    A:DF02 X:0003 Y:0001 S:012C D:0E68 DB:86 nvMXdizc V:259 H:238 F:32		Return

		889D7B AD CF 0B    LDA $0BCF     [860BCF] A:DF02 X:0003 Y:0001 S:012E D:0E68 DB:86 nvMXdizc V:259 H:248 F:32
