80D4F6 20 30 D5    JSR $D530     [80D530] A:0E01 X:0000 Y:0046 S:0133 D:0E68 DB:86 nvMXdizC V:247 H:166 F:43

	80D530 C2 20       REP #$20               A:0E01 X:0000 Y:0046 S:0131 D:0E68 DB:86 nvMXdizC V:247 H:176 F:43
	80D532 A5 05       LDA $05       [000E6D] A:0E01 X:0000 Y:0046 S:0131 D:0E68 DB:86 nvmXdizC V:247 H:181 F:43
	80D534 85 22       STA $22       [000E8A] A:1477 X:0000 Y:0046 S:0131 D:0E68 DB:86 nvmXdizC V:247 H:189 F:43
	80D536 A5 08       LDA $08       [000E70] A:1477 X:0000 Y:0046 S:0131 D:0E68 DB:86 nvmXdizC V:247 H:198 F:43
	80D538 85 24       STA $24       [000E8C] A:0A98 X:0000 Y:0046 S:0131 D:0E68 DB:86 nvmXdizC V:247 H:206 F:43
	80D53A E2 20       SEP #$20               A:0A98 X:0000 Y:0046 S:0131 D:0E68 DB:86 nvmXdizC V:247 H:215 F:43
	80D53C A9 80       LDA #$80               A:0A98 X:0000 Y:0046 S:0131 D:0E68 DB:86 nvMXdizC V:247 H:219 F:43
	80D53E 14 0E       TRB $0E       [000E76] A:0A80 X:0000 Y:0046 S:0131 D:0E68 DB:86 NvMXdizC V:247 H:222 F:43
	80D540 A5 0A       LDA $0A       [000E72] A:0A80 X:0000 Y:0046 S:0131 D:0E68 DB:86 NvMXdizC V:247 H:232 F:43
	80D542 0A          ASL A                  A:0A14 X:0000 Y:0046 S:0131 D:0E68 DB:86 nvMXdizC V:247 H:239 F:43
	80D543 AA          TAX                    A:0A28 X:0000 Y:0046 S:0131 D:0E68 DB:86 nvMXdizc V:247 H:242 F:43
	80D544 7C DD F8    JMP ($F8DD,X) [80F905] A:0A28 X:0028 Y:0046 S:0131 D:0E68 DB:86 nvMXdizc V:247 H:245 F:43

	80FA15 22 44 B1 83 JSL $83B144   [83B144] A:0A28 X:0028 Y:0046 S:0131 D:0E68 DB:86 nvMXdizc V:247 H:254 F:43

		83B144 A6 01       LDX $01       [000E69] A:0A28 X:0028 Y:0046 S:012E D:0E68 DB:86 nvMXdizc V:247 H:267 F:43
		83B146 7C 49 B1    JMP ($B149,X) [83B14D] A:0A28 X:0004 Y:0046 S:012E D:0E68 DB:86 nvMXdizc V:247 H:274 F:43

		83B2E8 A6 02       LDX $02       [000E6A] A:0A28 X:0004 Y:0046 S:012E D:0E68 DB:86 nvMXdizc V:247 H:283 F:43
		83B2EA FC DA B3    JSR ($B3DA,X) [83B3DA] A:0A28 X:0000 Y:0046 S:012E D:0E68 DB:86 nvMXdiZc V:247 H:289 F:43

			83B3E4 A6 03       LDX $03       [000E6B] A:0A28 X:0000 Y:0046 S:012C D:0E68 DB:86 nvMXdiZc V:247 H:302 F:43
			83B3E6 7C E9 B3    JMP ($B3E9,X) [83B3F5] A:0A28 X:000C Y:0046 S:012C D:0E68 DB:86 nvMXdizc V:247 H:309 F:43

			83B5A9 C2 20       REP #$20               A:0A28 X:000C Y:0046 S:012C D:0E68 DB:86 nvMXdizc V:247 H:318 F:43
			83B5AB A9 4F C9    LDA #$C94F             A:0A28 X:000C Y:0046 S:012C D:0E68 DB:86 nvmXdizc V:247 H:322 F:43
			83B5AE 85 20       STA $20       [000E88] A:C94F X:000C Y:0046 S:012C D:0E68 DB:86 NvmXdizc V:247 H:326 F:43		E-HitPoint = #$C94F
			83B5B0 E2 20       SEP #$20               A:C94F X:000C Y:0046 S:012C D:0E68 DB:86 NvmXdizc V:247 H:334 F:43
			83B5B2 22 E8 81 82 JSL $8281E8   [8281E8] A:C94F X:000C Y:0046 S:012C D:0E68 DB:86 NvMXdizc V:247 H:339 F:43		JSL $8281E8 --> Update X-Pos, Y-Pos, Y-Vel

				8281E8 08          PHP                    A:C94F X:000C Y:0046 S:0129 D:0E68 DB:86 NvMXdizc V:248 H: 12 F:43
				8281E9 C2 20       REP #$20               A:C94F X:000C Y:0046 S:0128 D:0E68 DB:86 NvMXdizc V:248 H: 17 F:43
				8281EB 38          SEC                    A:C94F X:000C Y:0046 S:0128 D:0E68 DB:86 NvmXdizc V:248 H: 22 F:43
				8281EC A5 1E       LDA $1E       [000E86] A:C94F X:000C Y:0046 S:0128 D:0E68 DB:86 NvmXdizC V:248 H: 25 F:43
				8281EE 29 FF 00    AND #$00FF             A:0040 X:000C Y:0046 S:0128 D:0E68 DB:86 nvmXdizC V:248 H: 33 F:43
				8281F1 E5 1C       SBC $1C       [000E84] A:0040 X:000C Y:0046 S:0128 D:0E68 DB:86 nvmXdizC V:248 H: 38 F:43
				8281F3 49 FF FF    EOR #$FFFF             A:047A X:000C Y:0046 S:0128 D:0E68 DB:86 nvmXdizc V:248 H: 46 F:43
				8281F6 1A          INC                    A:FB85 X:000C Y:0046 S:0128 D:0E68 DB:86 NvmXdizc V:248 H: 51 F:43
				8281F7 85 1C       STA $1C       [000E84] A:FB86 X:000C Y:0046 S:0128 D:0E68 DB:86 NvmXdizc V:248 H: 54 F:43
				8281F9 80 10       BRA $0010     [82820B] A:FB86 X:000C Y:0046 S:0128 D:0E68 DB:86 NvmXdizc V:248 H: 62 F:43
				82820B C2 21       REP #$21               A:FB86 X:000C Y:0046 S:0128 D:0E68 DB:86 NvmXdizc V:248 H: 67 F:43
				82820D A5 04       LDA $04       [000E6C] A:FB86 X:000C Y:0046 S:0128 D:0E68 DB:86 NvmXdizc V:248 H: 71 F:43
				82820F 65 1A       ADC $1A       [000E82] A:77EA X:000C Y:0046 S:0128 D:0E68 DB:86 nvmXdizc V:248 H: 80 F:43
				828211 85 04       STA $04       [000E6C] A:76EA X:000C Y:0046 S:0128 D:0E68 DB:86 nvmXdizC V:248 H: 88 F:43
				828213 E2 20       SEP #$20               A:76EA X:000C Y:0046 S:0128 D:0E68 DB:86 nvmXdizC V:248 H: 97 F:43
				828215 A9 00       LDA #$00               A:76EA X:000C Y:0046 S:0128 D:0E68 DB:86 nvMXdizC V:248 H:101 F:43
				828217 24 1B       BIT $1B       [000E83] A:7600 X:000C Y:0046 S:0128 D:0E68 DB:86 nvMXdiZC V:248 H:104 F:43
				828219 10 01       BPL $0001     [82821C] A:7600 X:000C Y:0046 S:0128 D:0E68 DB:86 NVMXdiZC V:248 H:111 F:43
				82821B 3A          DEC                    A:7600 X:000C Y:0046 S:0128 D:0E68 DB:86 NVMXdiZC V:248 H:114 F:43
				82821C 65 06       ADC $06       [000E6E] A:76FF X:000C Y:0046 S:0128 D:0E68 DB:86 NVMXdizC V:248 H:117 F:43
				82821E 85 06       STA $06       [000E6E] A:7614 X:000C Y:0046 S:0128 D:0E68 DB:86 nvMXdizC V:248 H:123 F:43
				828220 C2 20       REP #$20               A:7614 X:000C Y:0046 S:0128 D:0E68 DB:86 nvMXdizC V:248 H:130 F:43
				828222 38          SEC                    A:7614 X:000C Y:0046 S:0128 D:0E68 DB:86 nvmXdizC V:248 H:144 F:43
				828223 A5 07       LDA $07       [000E6F] A:7614 X:000C Y:0046 S:0128 D:0E68 DB:86 nvmXdizC V:248 H:147 F:43
				828225 E5 1C       SBC $1C       [000E84] A:9866 X:000C Y:0046 S:0128 D:0E68 DB:86 NvmXdizC V:248 H:156 F:43
				828227 85 07       STA $07       [000E6F] A:9CE0 X:000C Y:0046 S:0128 D:0E68 DB:86 NvmXdizc V:248 H:164 F:43
				828229 E2 20       SEP #$20               A:9CE0 X:000C Y:0046 S:0128 D:0E68 DB:86 NvmXdizc V:248 H:173 F:43
				82822B 9C 00 00    STZ $0000     [860000] A:9CE0 X:000C Y:0046 S:0128 D:0E68 DB:86 NvMXdizc V:248 H:177 F:43
				82822E 24 1D       BIT $1D       [000E85] A:9CE0 X:000C Y:0046 S:0128 D:0E68 DB:86 NvMXdizc V:248 H:184 F:43
				828230 10 03       BPL $0003     [828235] A:9CE0 X:000C Y:0046 S:0128 D:0E68 DB:86 NVMXdizc V:248 H:190 F:43
				828232 CE 00 00    DEC $0000     [860000] A:9CE0 X:000C Y:0046 S:0128 D:0E68 DB:86 NVMXdizc V:248 H:193 F:43
				828235 A5 09       LDA $09       [000E71] A:9CE0 X:000C Y:0046 S:0128 D:0E68 DB:86 NVMXdizc V:248 H:203 F:43
				828237 ED 00 00    SBC $0000     [860000] A:9C0A X:000C Y:0046 S:0128 D:0E68 DB:86 nVMXdizc V:248 H:210 F:43
				82823A 85 09       STA $09       [000E71] A:9C0A X:000C Y:0046 S:0128 D:0E68 DB:86 nvMXdizc V:248 H:216 F:43
				82823C 28          PLP                    A:9C0A X:000C Y:0046 S:0128 D:0E68 DB:86 nvMXdizc V:248 H:223 F:43
				82823D 6B          RTL                    A:9C0A X:000C Y:0046 S:0129 D:0E68 DB:86 NvMXdizc V:248 H:229 F:43

			83B5B6 22 EA 8E 84 JSL $848EEA   [848EEA] A:9C0A X:000C Y:0046 S:012C D:0E68 DB:86 NvMXdizc V:248 H:240 F:43		JSL $848EEA --> Decrease CDSkel, Continue Skeleton

				848EEA 08          PHP                    A:9C0A X:000C Y:0046 S:0129 D:0E68 DB:86 NvMXdizc V:248 H:253 F:43
				848EEB 8B          PHB                    A:9C0A X:000C Y:0046 S:0128 D:0E68 DB:86 NvMXdizc V:248 H:258 F:43
				848EEC E2 30       SEP #$30               A:9C0A X:000C Y:0046 S:0127 D:0E68 DB:86 NvMXdizc V:248 H:263 F:43
				848EEE C6 13       DEC $13       [000E7B] A:9C0A X:000C Y:0046 S:0127 D:0E68 DB:86 NvMXdizc V:248 H:268 F:43
				848EF0 D0 5D       BNE $005D     [848F4F] A:9C0A X:000C Y:0046 S:0127 D:0E68 DB:86 nvMXdizc V:248 H:278 F:43
				848F4F AB          PLB                    A:9C0A X:000C Y:0046 S:0127 D:0E68 DB:86 nvMXdizc V:248 H:282 F:43
				848F50 28          PLP                    A:9C0A X:000C Y:0046 S:0128 D:0E68 DB:86 NvMXdizc V:248 H:289 F:43
				848F51 6B          RTL                    A:9C0A X:000C Y:0046 S:0129 D:0E68 DB:86 NvMXdizc V:248 H:295 F:43

			83B5BA 22 BE 91 84 JSL $8491BE   [8491BE] A:9C0A X:000C Y:0046 S:012C D:0E68 DB:86 NvMXdizc V:248 H:306 F:43		JSL $8491BE --> Check for colissions and adjust position

				8491BE 08          PHP                    A:9C0A X:000C Y:0046 S:0129 D:0E68 DB:86 NvMXdizc V:248 H:319 F:43
				8491BF 0B          PHD                    A:9C0A X:000C Y:0046 S:0128 D:0E68 DB:86 NvMXdizc V:248 H:324 F:43
				8491C0 C2 30       REP #$30               A:9C0A X:000C Y:0046 S:0126 D:0E68 DB:86 NvMXdizc V:248 H:330 F:43
				8491C2 A5 20       LDA $20       [000E88] A:9C0A X:000C Y:0046 S:0126 D:0E68 DB:86 Nvmxdizc V:248 H:335 F:43
				8491C4 F0 15       BEQ $0015     [8491DB] A:C94F X:000C Y:0046 S:0126 D:0E68 DB:86 Nvmxdizc V:249 H:  3 F:43
				8491C6 7B          TDC                    A:C94F X:000C Y:0046 S:0126 D:0E68 DB:86 Nvmxdizc V:249 H:  6 F:43
				8491C7 AA          TAX                    A:0E68 X:000C Y:0046 S:0126 D:0E68 DB:86 nvmxdizc V:249 H:  9 F:43
				8491C8 A9 00 00    LDA #$0000             A:0E68 X:0E68 Y:0046 S:0126 D:0E68 DB:86 nvmxdizc V:249 H: 12 F:43
				8491CB 5B          TCD                    A:0000 X:0E68 Y:0046 S:0126 D:0E68 DB:86 nvmxdiZc V:249 H: 17 F:43
				8491CC 64 14       STZ $14       [000014] A:0000 X:0E68 Y:0046 S:0126 D:0000 DB:86 nvmxdiZc V:249 H: 20 F:43
				8491CE B5 2B       LDA $2B,X     [000E93] A:0000 X:0E68 Y:0046 S:0126 D:0000 DB:86 nvmxdiZc V:249 H: 27 F:43
				8491D0 29 00 FF    AND #$FF00             A:0000 X:0E68 Y:0046 S:0126 D:0000 DB:86 nvmxdiZc V:249 H: 35 F:43
				8491D3 95 2B       STA $2B,X     [000E93] A:0000 X:0E68 Y:0046 S:0126 D:0000 DB:86 nvmxdiZc V:249 H: 40 F:43
				8491D5 20 AC 92    JSR $92AC     [8492AC] A:0000 X:0E68 Y:0046 S:0126 D:0000 DB:86 nvmxdiZc V:249 H: 48 F:43

				8492AC C2 30       REP #$30               A:0000 X:0E68 Y:0046 S:0124 D:0000 DB:86 nvmxdiZc V:249 H: 58 F:43
				8492AE B5 05       LDA $05,X     [000E6D] A:0000 X:0E68 Y:0046 S:0124 D:0000 DB:86 nvmxdiZc V:249 H: 63 F:43
				8492B0 38          SEC                    A:1476 X:0E68 Y:0046 S:0124 D:0000 DB:86 nvmxdizc V:249 H: 71 F:43
				8492B1 F5 22       SBC $22,X     [000E8A] A:1476 X:0E68 Y:0046 S:0124 D:0000 DB:86 nvmxdizC V:249 H: 74 F:43
				8492B3 85 00       STA $00       [000000] A:FFFF X:0E68 Y:0046 S:0124 D:0000 DB:86 Nvmxdizc V:249 H: 83 F:43
				8492B5 E2 20       SEP #$20               A:FFFF X:0E68 Y:0046 S:0124 D:0000 DB:86 Nvmxdizc V:249 H: 90 F:43
				8492B7 F0 4C       BEQ $004C     [849305] A:FFFF X:0E68 Y:0046 S:0124 D:0000 DB:86 NvMxdizc V:249 H: 94 F:43
				8492B9 B4 20       LDY $20,X     [000E88] A:FFFF X:0E68 Y:0046 S:0124 D:0000 DB:86 NvMxdizc V:249 H: 97 F:43
				8492BB B9 05 00    LDA $0005,Y   [86C954] A:FFFF X:0E68 Y:C94F S:0124 D:0000 DB:86 NvMxdizc V:249 H:106 F:43
				8492BE 34 11       BIT $11,X     [000E79] A:FF00 X:0E68 Y:C94F S:0124 D:0000 DB:86 nvMxdiZc V:249 H:113 F:43
				8492C0 50 03       BVC $0003     [8492C5] A:FF00 X:0E68 Y:C94F S:0124 D:0000 DB:86 nvMxdiZc V:249 H:120 F:43
				8492C5 24 00       BIT $00       [000000] A:FF00 X:0E68 Y:C94F S:0124 D:0000 DB:86 nvMxdiZc V:249 H:124 F:43
				8492C7 10 06       BPL $0006     [8492CF] A:FF00 X:0E68 Y:C94F S:0124 D:0000 DB:86 NVMxdiZc V:249 H:129 F:43
				8492C9 38          SEC                    A:FF00 X:0E68 Y:C94F S:0124 D:0000 DB:86 NVMxdiZc V:249 H:132 F:43
				8492CA F9 07 00    SBC $0007,Y   [86C956] A:FF00 X:0E68 Y:C94F S:0124 D:0000 DB:86 NVMxdiZC V:249 H:145 F:43
				8492CD 80 04       BRA $0004     [8492D3] A:FFF0 X:0E68 Y:C94F S:0124 D:0000 DB:86 NvMxdizc V:249 H:153 F:43
				8492D3 95 29       STA $29,X     [000E91] A:FFF0 X:0E68 Y:C94F S:0124 D:0000 DB:86 NvMxdizc V:249 H:157 F:43
				8492D5 B9 06 00    LDA $0006,Y   [86C955] A:FFF0 X:0E68 Y:C94F S:0124 D:0000 DB:86 NvMxdizc V:249 H:164 F:43
				8492D8 95 2A       STA $2A,X     [000E92] A:FFFF X:0E68 Y:C94F S:0124 D:0000 DB:86 NvMxdizc V:249 H:171 F:43
				8492DA 20 15 93    JSR $9315     [849315] A:FFFF X:0E68 Y:C94F S:0124 D:0000 DB:86 NvMxdizc V:249 H:178 F:43

				849315 20 B3 90    JSR $90B3     [8490B3] A:FFFF X:0E68 Y:C94F S:0122 D:0000 DB:86 NvMxdizc V:249 H:188 F:43

				8490B3 0B          PHD                    A:FFFF X:0E68 Y:C94F S:0120 D:0000 DB:86 NvMxdizc V:249 H:198 F:43
				8490B4 DA          PHX                    A:FFFF X:0E68 Y:C94F S:011E D:0000 DB:86 NvMxdizc V:249 H:205 F:43
				8490B5 08          PHP                    A:FFFF X:0E68 Y:C94F S:011C D:0000 DB:86 NvMxdizc V:249 H:212 F:43
				8490B6 E2 20       SEP #$20               A:FFFF X:0E68 Y:C94F S:011B D:0000 DB:86 NvMxdizc V:249 H:217 F:43
				8490B8 C2 10       REP #$10               A:FFFF X:0E68 Y:C94F S:011B D:0000 DB:86 NvMxdizc V:249 H:221 F:43
				8490BA 64 01       STZ $01       [000001] A:FFFF X:0E68 Y:C94F S:011B D:0000 DB:86 NvMxdizc V:249 H:226 F:43
				8490BC B5 29       LDA $29,X     [000E91] A:FFFF X:0E68 Y:C94F S:011B D:0000 DB:86 NvMxdizc V:249 H:231 F:43
				8490BE 10 02       BPL $0002     [8490C2] A:FFF0 X:0E68 Y:C94F S:011B D:0000 DB:86 NvMxdizc V:249 H:237 F:43
				8490C0 C6 01       DEC $01       [000001] A:FFF0 X:0E68 Y:C94F S:011B D:0000 DB:86 NvMxdizc V:249 H:240 F:43
				8490C2 18          CLC                    A:FFF0 X:0E68 Y:C94F S:011B D:0000 DB:86 NvMxdizc V:249 H:249 F:43
				8490C3 75 05       ADC $05,X     [000E6D] A:FFF0 X:0E68 Y:C94F S:011B D:0000 DB:86 NvMxdizc V:249 H:252 F:43
				8490C5 85 00       STA $00       [000000] A:FF66 X:0E68 Y:C94F S:011B D:0000 DB:86 nvMxdizC V:249 H:258 F:43
				8490C7 B5 06       LDA $06,X     [000E6E] A:FF66 X:0E68 Y:C94F S:011B D:0000 DB:86 nvMxdizC V:249 H:263 F:43
				8490C9 65 01       ADC $01       [000001] A:FF14 X:0E68 Y:C94F S:011B D:0000 DB:86 nvMxdizC V:249 H:270 F:43
				8490CB 85 01       STA $01       [000001] A:FF14 X:0E68 Y:C94F S:011B D:0000 DB:86 nvMxdizC V:249 H:275 F:43
				8490CD 64 03       STZ $03       [000003] A:FF14 X:0E68 Y:C94F S:011B D:0000 DB:86 nvMxdizC V:249 H:280 F:43
				8490CF B5 2A       LDA $2A,X     [000E92] A:FF14 X:0E68 Y:C94F S:011B D:0000 DB:86 nvMxdizC V:249 H:285 F:43
				8490D1 10 02       BPL $0002     [8490D5] A:FFFF X:0E68 Y:C94F S:011B D:0000 DB:86 NvMxdizC V:249 H:291 F:43
				8490D3 C6 03       DEC $03       [000003] A:FFFF X:0E68 Y:C94F S:011B D:0000 DB:86 NvMxdizC V:249 H:294 F:43
				8490D5 18          CLC                    A:FFFF X:0E68 Y:C94F S:011B D:0000 DB:86 NvMxdizC V:249 H:303 F:43
				8490D6 75 08       ADC $08,X     [000E70] A:FFFF X:0E68 Y:C94F S:011B D:0000 DB:86 NvMxdizc V:249 H:306 F:43
				8490D8 85 02       STA $02       [000002] A:FF9B X:0E68 Y:C94F S:011B D:0000 DB:86 NvMxdizC V:249 H:312 F:43
				8490DA 29 F0       AND #$F0               A:FF9B X:0E68 Y:C94F S:011B D:0000 DB:86 NvMxdizC V:249 H:317 F:43
				8490DC 85 0A       STA $0A       [00000A] A:FF90 X:0E68 Y:C94F S:011B D:0000 DB:86 NvMxdizC V:249 H:320 F:43
				8490DE B5 09       LDA $09,X     [000E71] A:FF90 X:0E68 Y:C94F S:011B D:0000 DB:86 NvMxdizC V:249 H:325 F:43
				8490E0 65 03       ADC $03       [000003] A:FF0A X:0E68 Y:C94F S:011B D:0000 DB:86 nvMxdizC V:249 H:331 F:43
				8490E2 85 03       STA $03       [000003] A:FF0A X:0E68 Y:C94F S:011B D:0000 DB:86 nvMxdizC V:249 H:336 F:43
				8490E4 85 0B       STA $0B       [00000B] A:FF0A X:0E68 Y:C94F S:011B D:0000 DB:86 nvMxdizC V:250 H:  1 F:43
				8490E6 A5 00       LDA $00       [000000] A:FF0A X:0E68 Y:C94F S:011B D:0000 DB:86 nvMxdizC V:250 H:  6 F:43
				8490E8 29 0F       AND #$0F               A:FF66 X:0E68 Y:C94F S:011B D:0000 DB:86 nvMxdizC V:250 H: 11 F:43
				8490EA 1A          INC                    A:FF06 X:0E68 Y:C94F S:011B D:0000 DB:86 nvMxdizC V:250 H: 14 F:43
				8490EB 85 0C       STA $0C       [00000C] A:FF07 X:0E68 Y:C94F S:011B D:0000 DB:86 nvMxdizC V:250 H: 17 F:43
				8490ED A5 02       LDA $02       [000002] A:FF07 X:0E68 Y:C94F S:011B D:0000 DB:86 nvMxdizC V:250 H: 22 F:43
				8490EF 29 0F       AND #$0F               A:FF9B X:0E68 Y:C94F S:011B D:0000 DB:86 NvMxdizC V:250 H: 27 F:43
				8490F1 1A          INC                    A:FF0B X:0E68 Y:C94F S:011B D:0000 DB:86 nvMxdizC V:250 H: 30 F:43
				8490F2 85 0E       STA $0E       [00000E] A:FF0C X:0E68 Y:C94F S:011B D:0000 DB:86 nvMxdizC V:250 H: 33 F:43
				8490F4 C2 20       REP #$20               A:FF0C X:0E68 Y:C94F S:011B D:0000 DB:86 nvMxdizC V:250 H: 38 F:43
				8490F6 20 6A 91    JSR $916A     [84916A] A:FF0C X:0E68 Y:C94F S:011B D:0000 DB:86 nvmxdizC V:250 H: 42 F:43

				84916A A9 00 E8    LDA #$E800             A:FF0C X:0E68 Y:C94F S:0119 D:0000 DB:86 nvmxdizC V:250 H: 52 F:43
				84916D 85 10       STA $10       [000010] A:E800 X:0E68 Y:C94F S:0119 D:0000 DB:86 NvmxdizC V:250 H: 57 F:43
				84916F A9 7E 00    LDA #$007E             A:E800 X:0E68 Y:C94F S:0119 D:0000 DB:86 NvmxdizC V:250 H: 64 F:43
				849172 85 12       STA $12       [000012] A:007E X:0E68 Y:C94F S:0119 D:0000 DB:86 nvmxdizC V:250 H: 68 F:43
				849174 A5 02       LDA $02       [000002] A:007E X:0E68 Y:C94F S:0119 D:0000 DB:86 nvmxdizC V:250 H: 75 F:43
				849176 29 F0 00    AND #$00F0             A:0A9B X:0E68 Y:C94F S:0119 D:0000 DB:86 nvmxdizC V:250 H: 82 F:43
				849179 0A          ASL A                  A:0090 X:0E68 Y:C94F S:0119 D:0000 DB:86 nvmxdizC V:250 H: 87 F:43
				84917A 85 04       STA $04       [000004] A:0120 X:0E68 Y:C94F S:0119 D:0000 DB:86 nvmxdizc V:250 H: 90 F:43
				84917C A5 00       LDA $00       [000000] A:0120 X:0E68 Y:C94F S:0119 D:0000 DB:86 nvmxdizc V:250 H: 97 F:43
				84917E 29 FF 00    AND #$00FF             A:1466 X:0E68 Y:C94F S:0119 D:0000 DB:86 nvmxdizc V:250 H:104 F:43
				849181 4A          LSR A                  A:0066 X:0E68 Y:C94F S:0119 D:0000 DB:86 nvmxdizc V:250 H:108 F:43
				849182 4A          LSR A                  A:0033 X:0E68 Y:C94F S:0119 D:0000 DB:86 nvmxdizc V:250 H:111 F:43
				849183 4A          LSR A                  A:0019 X:0E68 Y:C94F S:0119 D:0000 DB:86 nvmxdizC V:250 H:114 F:43
				849184 29 FE FF    AND #$FFFE             A:000C X:0E68 Y:C94F S:0119 D:0000 DB:86 nvmxdizC V:250 H:117 F:43
				849187 18          CLC                    A:000C X:0E68 Y:C94F S:0119 D:0000 DB:86 nvmxdizC V:250 H:122 F:43
				849188 65 04       ADC $04       [000004] A:000C X:0E68 Y:C94F S:0119 D:0000 DB:86 nvmxdizc V:250 H:125 F:43
				84918A 85 06       STA $06       [000006] A:012C X:0E68 Y:C94F S:0119 D:0000 DB:86 nvmxdizc V:250 H:132 F:43
				84918C A5 00       LDA $00       [000000] A:012C X:0E68 Y:C94F S:0119 D:0000 DB:86 nvmxdizc V:250 H:149 F:43
				84918E EB          XBA                    A:1466 X:0E68 Y:C94F S:0119 D:0000 DB:86 nvmxdizc V:250 H:156 F:43
				84918F 29 1F 00    AND #$001F             A:6614 X:0E68 Y:C94F S:0119 D:0000 DB:86 nvmxdizc V:250 H:160 F:43
				849192 85 04       STA $04       [000004] A:0014 X:0E68 Y:C94F S:0119 D:0000 DB:86 nvmxdizc V:250 H:165 F:43
				849194 A5 02       LDA $02       [000002] A:0014 X:0E68 Y:C94F S:0119 D:0000 DB:86 nvmxdizc V:250 H:172 F:43
				849196 29 00 1F    AND #$1F00             A:0A9B X:0E68 Y:C94F S:0119 D:0000 DB:86 nvmxdizc V:250 H:179 F:43
				849199 4A          LSR A                  A:0A00 X:0E68 Y:C94F S:0119 D:0000 DB:86 nvmxdizc V:250 H:183 F:43
				84919A 4A          LSR A                  A:0500 X:0E68 Y:C94F S:0119 D:0000 DB:86 nvmxdizc V:250 H:186 F:43
				84919B 4A          LSR A                  A:0280 X:0E68 Y:C94F S:0119 D:0000 DB:86 nvmxdizc V:250 H:189 F:43
				84919C 18          CLC                    A:0140 X:0E68 Y:C94F S:0119 D:0000 DB:86 nvmxdizc V:250 H:192 F:43
				84919D 65 04       ADC $04       [000004] A:0140 X:0E68 Y:C94F S:0119 D:0000 DB:86 nvmxdizc V:250 H:195 F:43
				84919F A8          TAY                    A:0154 X:0E68 Y:C94F S:0119 D:0000 DB:86 nvmxdizc V:250 H:202 F:43
				8491A0 B7 10       LDA [$10],Y   [7EE954] A:0154 X:0E68 Y:0154 S:0119 D:0000 DB:86 nvmxdizc V:250 H:205 F:43
				8491A2 29 FF 00    AND #$00FF             A:0038 X:0E68 Y:0154 S:0119 D:0000 DB:86 nvmxdizc V:250 H:218 F:43
				8491A5 A8          TAY                    A:0038 X:0E68 Y:0154 S:0119 D:0000 DB:86 nvmxdizc V:250 H:223 F:43
				8491A6 EB          XBA                    A:0038 X:0E68 Y:0038 S:0119 D:0000 DB:86 nvmxdizc V:250 H:226 F:43
				8491A7 0A          ASL A                  A:3800 X:0E68 Y:0038 S:0119 D:0000 DB:86 nvmxdiZc V:250 H:230 F:43
				8491A8 18          CLC                    A:7000 X:0E68 Y:0038 S:0119 D:0000 DB:86 nvmxdizc V:250 H:233 F:43
				8491A9 65 06       ADC $06       [000006] A:7000 X:0E68 Y:0038 S:0119 D:0000 DB:86 nvmxdizc V:250 H:236 F:43
				8491AB AA          TAX                    A:712C X:0E68 Y:0038 S:0119 D:0000 DB:86 nvmxdizc V:250 H:243 F:43
				8491AC 60          RTS                    A:712C X:712C Y:0038 S:0119 D:0000 DB:86 nvmxdizc V:250 H:246 F:43

				8490F9 BF 00 20 7E LDA $7E2000,X [7E912C] A:712C X:712C Y:0038 S:011B D:0000 DB:86 nvmxdizc V:250 H:256 F:43
				8490FD A8          TAY                    A:0241 X:712C Y:0038 S:011B D:0000 DB:86 nvmxdizc V:250 H:266 F:43
				8490FE AD 92 0B    LDA $0B92     [860B92] A:0241 X:712C Y:0241 S:011B D:0000 DB:86 nvmxdizc V:250 H:269 F:43
				849101 85 10       STA $10       [000010] A:DB57 X:712C Y:0241 S:011B D:0000 DB:86 Nvmxdizc V:250 H:278 F:43
				849103 AD 94 0B    LDA $0B94     [860B94] A:DB57 X:712C Y:0241 S:011B D:0000 DB:86 Nvmxdizc V:250 H:285 F:43
				849106 85 12       STA $12       [000012] A:B895 X:712C Y:0241 S:011B D:0000 DB:86 Nvmxdizc V:250 H:293 F:43
				849108 B7 10       LDA [$10],Y   [95DD98] A:B895 X:712C Y:0241 S:011B D:0000 DB:86 Nvmxdizc V:250 H:300 F:43
				84910A 29 FF 00    AND #$00FF             A:0000 X:712C Y:0241 S:011B D:0000 DB:86 nvmxdiZc V:250 H:312 F:43
				84910D 28          PLP                    A:0000 X:712C Y:0241 S:011B D:0000 DB:86 nvmxdiZc V:250 H:317 F:43
				84910E FA          PLX                    A:0000 X:712C Y:0241 S:011C D:0000 DB:86 NvMxdizc V:250 H:323 F:43
				84910F 2B          PLD                    A:0000 X:0E68 Y:0241 S:011E D:0000 DB:86 nvMxdizc V:250 H:331 F:43
				849110 60          RTS                    A:0000 X:0E68 Y:0241 S:0120 D:0000 DB:86 nvMxdiZc V:250 H:339 F:43

				849318 B4 05       LDY $05,X     [000E6D] A:0000 X:0E68 Y:0241 S:0122 D:0000 DB:86 nvMxdiZc V:251 H:  9 F:43
				84931A 84 10       STY $10       [000010] A:0000 X:0E68 Y:1476 S:0122 D:0000 DB:86 nvMxdizc V:251 H: 18 F:43
				84931C B4 08       LDY $08,X     [000E70] A:0000 X:0E68 Y:1476 S:0122 D:0000 DB:86 nvMxdizc V:251 H: 25 F:43
				84931E 84 12       STY $12       [000012] A:0000 X:0E68 Y:0A9C S:0122 D:0000 DB:86 nvMxdizc V:251 H: 33 F:43
				849320 95 2D       STA $2D,X     [000E95] A:0000 X:0E68 Y:0A9C S:0122 D:0000 DB:86 nvMxdizc V:251 H: 40 F:43
				849322 86 2C       STX $2C       [00002C] A:0000 X:0E68 Y:0A9C S:0122 D:0000 DB:86 nvMxdizc V:251 H: 47 F:43
				849324 29 3F       AND #$3F               A:0000 X:0E68 Y:0A9C S:0122 D:0000 DB:86 nvMxdizc V:251 H: 54 F:43
				849326 0A          ASL A                  A:0000 X:0E68 Y:0A9C S:0122 D:0000 DB:86 nvMxdiZc V:251 H: 57 F:43
				849327 EB          XBA                    A:0000 X:0E68 Y:0A9C S:0122 D:0000 DB:86 nvMxdiZc V:251 H: 60 F:43
				849328 A9 00       LDA #$00               A:0000 X:0E68 Y:0A9C S:0122 D:0000 DB:86 nvMxdiZc V:251 H: 64 F:43
				84932A EB          XBA                    A:0000 X:0E68 Y:0A9C S:0122 D:0000 DB:86 nvMxdiZc V:251 H: 67 F:43
				84932B AA          TAX                    A:0000 X:0E68 Y:0A9C S:0122 D:0000 DB:86 nvMxdiZc V:251 H: 72 F:43
				84932C FC 5D 93    JSR ($935D,X) [84935D] A:0000 X:0000 Y:0A9C S:0122 D:0000 DB:86 nvMxdiZc V:251 H: 75 F:43

				84977A A9 00       LDA #$00               A:0000 X:0000 Y:0A9C S:0120 D:0000 DB:86 nvMxdiZc V:251 H: 88 F:43
				84977C 60          RTS                    A:0000 X:0000 Y:0A9C S:0120 D:0000 DB:86 nvMxdiZc V:251 H: 91 F:43

				84932F 08          PHP                    A:0000 X:0000 Y:0A9C S:0122 D:0000 DB:86 nvMxdiZc V:251 H:101 F:43
				849330 A6 2C       LDX $2C       [00002C] A:0000 X:0000 Y:0A9C S:0121 D:0000 DB:86 nvMxdiZc V:251 H:106 F:43
				849332 A9 01       LDA #$01               A:0000 X:0E68 Y:0A9C S:0121 D:0000 DB:86 nvMxdizc V:251 H:113 F:43
				849334 34 29       BIT $29,X     [000E91] A:0001 X:0E68 Y:0A9C S:0121 D:0000 DB:86 nvMxdizc V:251 H:116 F:43
				849336 10 02       BPL $0002     [84933A] A:0001 X:0E68 Y:0A9C S:0121 D:0000 DB:86 NVMxdiZc V:251 H:122 F:43
				849338 A9 02       LDA #$02               A:0001 X:0E68 Y:0A9C S:0121 D:0000 DB:86 NVMxdiZc V:251 H:125 F:43
				84933A 28          PLP                    A:0002 X:0E68 Y:0A9C S:0121 D:0000 DB:86 nVMxdizc V:251 H:128 F:43
				84933B F0 0C       BEQ $000C     [849349] A:0002 X:0E68 Y:0A9C S:0122 D:0000 DB:86 nvMxdiZc V:251 H:145 F:43
				849349 49 FF       EOR #$FF               A:0002 X:0E68 Y:0A9C S:0122 D:0000 DB:86 nvMxdiZc V:251 H:149 F:43
				84934B 35 2B       AND $2B,X     [000E93] A:00FD X:0E68 Y:0A9C S:0122 D:0000 DB:86 NvMxdizc V:251 H:152 F:43
				84934D 95 2B       STA $2B,X     [000E93] A:0000 X:0E68 Y:0A9C S:0122 D:0000 DB:86 nvMxdiZc V:251 H:159 F:43
				84934F 20 08 93    JSR $9308     [849308] A:0000 X:0E68 Y:0A9C S:0122 D:0000 DB:86 nvMxdiZc V:251 H:165 F:43

				849308 A5 14       LDA $14       [000014] A:0000 X:0E68 Y:0A9C S:0120 D:0000 DB:86 nvMxdiZc V:251 H:175 F:43
				84930A F0 08       BEQ $0008     [849314] A:0000 X:0E68 Y:0A9C S:0120 D:0000 DB:86 nvMxdiZc V:251 H:180 F:43
				849314 60          RTS                    A:0000 X:0E68 Y:0A9C S:0120 D:0000 DB:86 nvMxdiZc V:251 H:185 F:43

				849352 A9 00       LDA #$00               A:0000 X:0E68 Y:0A9C S:0122 D:0000 DB:86 nvMxdiZc V:251 H:195 F:43
				849354 60          RTS                    A:0000 X:0E68 Y:0A9C S:0122 D:0000 DB:86 nvMxdiZc V:251 H:198 F:43

				8492DD D0 26       BNE $0026     [849305] A:0000 X:0E68 Y:0A9C S:0124 D:0000 DB:86 nvMxdiZc V:251 H:208 F:43
				8492DF B4 20       LDY $20,X     [000E88] A:0000 X:0E68 Y:0A9C S:0124 D:0000 DB:86 nvMxdiZc V:251 H:211 F:43
				8492E1 B9 06 00    LDA $0006,Y   [86C955] A:0000 X:0E68 Y:C94F S:0124 D:0000 DB:86 NvMxdizc V:251 H:219 F:43
				8492E4 38          SEC                    A:00FF X:0E68 Y:C94F S:0124 D:0000 DB:86 NvMxdizc V:251 H:227 F:43
				8492E5 F9 08 00    SBC $0008,Y   [86C957] A:00FF X:0E68 Y:C94F S:0124 D:0000 DB:86 NvMxdizC V:251 H:230 F:43
				8492E8 18          CLC                    A:00EC X:0E68 Y:C94F S:0124 D:0000 DB:86 NvMxdizC V:251 H:237 F:43
				8492E9 79 09 00    ADC $0009,Y   [86C958] A:00EC X:0E68 Y:C94F S:0124 D:0000 DB:86 NvMxdizc V:251 H:240 F:43
				8492EC 95 2A       STA $2A,X     [000E92] A:00F1 X:0E68 Y:C94F S:0124 D:0000 DB:86 NvMxdizc V:251 H:248 F:43
				8492EE 20 15 93    JSR $9315     [849315] A:00F1 X:0E68 Y:C94F S:0124 D:0000 DB:86 NvMxdizc V:251 H:254 F:43

				849315 20 B3 90    JSR $90B3     [8490B3] A:00F1 X:0E68 Y:C94F S:0122 D:0000 DB:86 NvMxdizc V:251 H:264 F:43

				8490B3 0B          PHD                    A:00F1 X:0E68 Y:C94F S:0120 D:0000 DB:86 NvMxdizc V:251 H:274 F:43
				8490B4 DA          PHX                    A:00F1 X:0E68 Y:C94F S:011E D:0000 DB:86 NvMxdizc V:251 H:281 F:43
				8490B5 08          PHP                    A:00F1 X:0E68 Y:C94F S:011C D:0000 DB:86 NvMxdizc V:251 H:288 F:43
				8490B6 E2 20       SEP #$20               A:00F1 X:0E68 Y:C94F S:011B D:0000 DB:86 NvMxdizc V:251 H:293 F:43
				8490B8 C2 10       REP #$10               A:00F1 X:0E68 Y:C94F S:011B D:0000 DB:86 NvMxdizc V:251 H:298 F:43
				8490BA 64 01       STZ $01       [000001] A:00F1 X:0E68 Y:C94F S:011B D:0000 DB:86 NvMxdizc V:251 H:302 F:43
				8490BC B5 29       LDA $29,X     [000E91] A:00F1 X:0E68 Y:C94F S:011B D:0000 DB:86 NvMxdizc V:251 H:307 F:43
				8490BE 10 02       BPL $0002     [8490C2] A:00F0 X:0E68 Y:C94F S:011B D:0000 DB:86 NvMxdizc V:251 H:314 F:43
				8490C0 C6 01       DEC $01       [000001] A:00F0 X:0E68 Y:C94F S:011B D:0000 DB:86 NvMxdizc V:251 H:317 F:43
				8490C2 18          CLC                    A:00F0 X:0E68 Y:C94F S:011B D:0000 DB:86 NvMxdizc V:251 H:325 F:43
				8490C3 75 05       ADC $05,X     [000E6D] A:00F0 X:0E68 Y:C94F S:011B D:0000 DB:86 NvMxdizc V:251 H:327 F:43
				8490C5 85 00       STA $00       [000000] A:0066 X:0E68 Y:C94F S:011B D:0000 DB:86 nvMxdizC V:251 H:334 F:43
				8490C7 B5 06       LDA $06,X     [000E6E] A:0066 X:0E68 Y:C94F S:011B D:0000 DB:86 nvMxdizC V:251 H:339 F:43
				8490C9 65 01       ADC $01       [000001] A:0014 X:0E68 Y:C94F S:011B D:0000 DB:86 nvMxdizC V:252 H:  5 F:43
				8490CB 85 01       STA $01       [000001] A:0014 X:0E68 Y:C94F S:011B D:0000 DB:86 nvMxdizC V:252 H: 10 F:43
				8490CD 64 03       STZ $03       [000003] A:0014 X:0E68 Y:C94F S:011B D:0000 DB:86 nvMxdizC V:252 H: 15 F:43
				8490CF B5 2A       LDA $2A,X     [000E92] A:0014 X:0E68 Y:C94F S:011B D:0000 DB:86 nvMxdizC V:252 H: 20 F:43
				8490D1 10 02       BPL $0002     [8490D5] A:00F1 X:0E68 Y:C94F S:011B D:0000 DB:86 NvMxdizC V:252 H: 27 F:43
				8490D3 C6 03       DEC $03       [000003] A:00F1 X:0E68 Y:C94F S:011B D:0000 DB:86 NvMxdizC V:252 H: 30 F:43
				8490D5 18          CLC                    A:00F1 X:0E68 Y:C94F S:011B D:0000 DB:86 NvMxdizC V:252 H: 38 F:43
				8490D6 75 08       ADC $08,X     [000E70] A:00F1 X:0E68 Y:C94F S:011B D:0000 DB:86 NvMxdizc V:252 H: 41 F:43
				8490D8 85 02       STA $02       [000002] A:008D X:0E68 Y:C94F S:011B D:0000 DB:86 NvMxdizC V:252 H: 48 F:43
				8490DA 29 F0       AND #$F0               A:008D X:0E68 Y:C94F S:011B D:0000 DB:86 NvMxdizC V:252 H: 53 F:43
				8490DC 85 0A       STA $0A       [00000A] A:0080 X:0E68 Y:C94F S:011B D:0000 DB:86 NvMxdizC V:252 H: 56 F:43
				8490DE B5 09       LDA $09,X     [000E71] A:0080 X:0E68 Y:C94F S:011B D:0000 DB:86 NvMxdizC V:252 H: 61 F:43
				8490E0 65 03       ADC $03       [000003] A:000A X:0E68 Y:C94F S:011B D:0000 DB:86 nvMxdizC V:252 H: 67 F:43
				8490E2 85 03       STA $03       [000003] A:000A X:0E68 Y:C94F S:011B D:0000 DB:86 nvMxdizC V:252 H: 72 F:43
				8490E4 85 0B       STA $0B       [00000B] A:000A X:0E68 Y:C94F S:011B D:0000 DB:86 nvMxdizC V:252 H: 77 F:43
				8490E6 A5 00       LDA $00       [000000] A:000A X:0E68 Y:C94F S:011B D:0000 DB:86 nvMxdizC V:252 H: 82 F:43
				8490E8 29 0F       AND #$0F               A:0066 X:0E68 Y:C94F S:011B D:0000 DB:86 nvMxdizC V:252 H: 87 F:43
				8490EA 1A          INC                    A:0006 X:0E68 Y:C94F S:011B D:0000 DB:86 nvMxdizC V:252 H: 90 F:43
				8490EB 85 0C       STA $0C       [00000C] A:0007 X:0E68 Y:C94F S:011B D:0000 DB:86 nvMxdizC V:252 H: 93 F:43
				8490ED A5 02       LDA $02       [000002] A:0007 X:0E68 Y:C94F S:011B D:0000 DB:86 nvMxdizC V:252 H: 98 F:43
				8490EF 29 0F       AND #$0F               A:008D X:0E68 Y:C94F S:011B D:0000 DB:86 NvMxdizC V:252 H:103 F:43
				8490F1 1A          INC                    A:000D X:0E68 Y:C94F S:011B D:0000 DB:86 nvMxdizC V:252 H:106 F:43
				8490F2 85 0E       STA $0E       [00000E] A:000E X:0E68 Y:C94F S:011B D:0000 DB:86 nvMxdizC V:252 H:109 F:43
				8490F4 C2 20       REP #$20               A:000E X:0E68 Y:C94F S:011B D:0000 DB:86 nvMxdizC V:252 H:114 F:43
				8490F6 20 6A 91    JSR $916A     [84916A] A:000E X:0E68 Y:C94F S:011B D:0000 DB:86 nvmxdizC V:252 H:119 F:43

				84916A A9 00 E8    LDA #$E800             A:000E X:0E68 Y:C94F S:0119 D:0000 DB:86 nvmxdizC V:252 H:129 F:43
				84916D 85 10       STA $10       [000010] A:E800 X:0E68 Y:C94F S:0119 D:0000 DB:86 NvmxdizC V:252 H:133 F:43
				84916F A9 7E 00    LDA #$007E             A:E800 X:0E68 Y:C94F S:0119 D:0000 DB:86 NvmxdizC V:252 H:150 F:43
				849172 85 12       STA $12       [000012] A:007E X:0E68 Y:C94F S:0119 D:0000 DB:86 nvmxdizC V:252 H:155 F:43
				849174 A5 02       LDA $02       [000002] A:007E X:0E68 Y:C94F S:0119 D:0000 DB:86 nvmxdizC V:252 H:162 F:43
				849176 29 F0 00    AND #$00F0             A:0A8D X:0E68 Y:C94F S:0119 D:0000 DB:86 nvmxdizC V:252 H:169 F:43
				849179 0A          ASL A                  A:0080 X:0E68 Y:C94F S:0119 D:0000 DB:86 nvmxdizC V:252 H:173 F:43
				84917A 85 04       STA $04       [000004] A:0100 X:0E68 Y:C94F S:0119 D:0000 DB:86 nvmxdizc V:252 H:176 F:43
				84917C A5 00       LDA $00       [000000] A:0100 X:0E68 Y:C94F S:0119 D:0000 DB:86 nvmxdizc V:252 H:183 F:43
				84917E 29 FF 00    AND #$00FF             A:1466 X:0E68 Y:C94F S:0119 D:0000 DB:86 nvmxdizc V:252 H:190 F:43
				849181 4A          LSR A                  A:0066 X:0E68 Y:C94F S:0119 D:0000 DB:86 nvmxdizc V:252 H:195 F:43
				849182 4A          LSR A                  A:0033 X:0E68 Y:C94F S:0119 D:0000 DB:86 nvmxdizc V:252 H:198 F:43
				849183 4A          LSR A                  A:0019 X:0E68 Y:C94F S:0119 D:0000 DB:86 nvmxdizC V:252 H:201 F:43
				849184 29 FE FF    AND #$FFFE             A:000C X:0E68 Y:C94F S:0119 D:0000 DB:86 nvmxdizC V:252 H:204 F:43
				849187 18          CLC                    A:000C X:0E68 Y:C94F S:0119 D:0000 DB:86 nvmxdizC V:252 H:208 F:43
				849188 65 04       ADC $04       [000004] A:000C X:0E68 Y:C94F S:0119 D:0000 DB:86 nvmxdizc V:252 H:211 F:43
				84918A 85 06       STA $06       [000006] A:010C X:0E68 Y:C94F S:0119 D:0000 DB:86 nvmxdizc V:252 H:218 F:43
				84918C A5 00       LDA $00       [000000] A:010C X:0E68 Y:C94F S:0119 D:0000 DB:86 nvmxdizc V:252 H:225 F:43
				84918E EB          XBA                    A:1466 X:0E68 Y:C94F S:0119 D:0000 DB:86 nvmxdizc V:252 H:232 F:43
				84918F 29 1F 00    AND #$001F             A:6614 X:0E68 Y:C94F S:0119 D:0000 DB:86 nvmxdizc V:252 H:237 F:43
				849192 85 04       STA $04       [000004] A:0014 X:0E68 Y:C94F S:0119 D:0000 DB:86 nvmxdizc V:252 H:241 F:43
				849194 A5 02       LDA $02       [000002] A:0014 X:0E68 Y:C94F S:0119 D:0000 DB:86 nvmxdizc V:252 H:248 F:43
				849196 29 00 1F    AND #$1F00             A:0A8D X:0E68 Y:C94F S:0119 D:0000 DB:86 nvmxdizc V:252 H:255 F:43
				849199 4A          LSR A                  A:0A00 X:0E68 Y:C94F S:0119 D:0000 DB:86 nvmxdizc V:252 H:260 F:43
				84919A 4A          LSR A                  A:0500 X:0E68 Y:C94F S:0119 D:0000 DB:86 nvmxdizc V:252 H:263 F:43
				84919B 4A          LSR A                  A:0280 X:0E68 Y:C94F S:0119 D:0000 DB:86 nvmxdizc V:252 H:266 F:43
				84919C 18          CLC                    A:0140 X:0E68 Y:C94F S:0119 D:0000 DB:86 nvmxdizc V:252 H:269 F:43
				84919D 65 04       ADC $04       [000004] A:0140 X:0E68 Y:C94F S:0119 D:0000 DB:86 nvmxdizc V:252 H:272 F:43
				84919F A8          TAY                    A:0154 X:0E68 Y:C94F S:0119 D:0000 DB:86 nvmxdizc V:252 H:279 F:43
				8491A0 B7 10       LDA [$10],Y   [7EE954] A:0154 X:0E68 Y:0154 S:0119 D:0000 DB:86 nvmxdizc V:252 H:282 F:43
				8491A2 29 FF 00    AND #$00FF             A:0038 X:0E68 Y:0154 S:0119 D:0000 DB:86 nvmxdizc V:252 H:295 F:43
				8491A5 A8          TAY                    A:0038 X:0E68 Y:0154 S:0119 D:0000 DB:86 nvmxdizc V:252 H:299 F:43
				8491A6 EB          XBA                    A:0038 X:0E68 Y:0038 S:0119 D:0000 DB:86 nvmxdizc V:252 H:302 F:43
				8491A7 0A          ASL A                  A:3800 X:0E68 Y:0038 S:0119 D:0000 DB:86 nvmxdiZc V:252 H:307 F:43
				8491A8 18          CLC                    A:7000 X:0E68 Y:0038 S:0119 D:0000 DB:86 nvmxdizc V:252 H:310 F:43
				8491A9 65 06       ADC $06       [000006] A:7000 X:0E68 Y:0038 S:0119 D:0000 DB:86 nvmxdizc V:252 H:313 F:43
				8491AB AA          TAX                    A:710C X:0E68 Y:0038 S:0119 D:0000 DB:86 nvmxdizc V:252 H:320 F:43
				8491AC 60          RTS                    A:710C X:710C Y:0038 S:0119 D:0000 DB:86 nvmxdizc V:252 H:323 F:43

				8490F9 BF 00 20 7E LDA $7E2000,X [7E910C] A:710C X:710C Y:0038 S:011B D:0000 DB:86 nvmxdizc V:252 H:332 F:43
				8490FD A8          TAY                    A:0236 X:710C Y:0038 S:011B D:0000 DB:86 nvmxdizc V:253 H:  2 F:43
				8490FE AD 92 0B    LDA $0B92     [860B92] A:0236 X:710C Y:0236 S:011B D:0000 DB:86 nvmxdizc V:253 H:  5 F:43
				849101 85 10       STA $10       [000010] A:DB57 X:710C Y:0236 S:011B D:0000 DB:86 Nvmxdizc V:253 H: 13 F:43
				849103 AD 94 0B    LDA $0B94     [860B94] A:DB57 X:710C Y:0236 S:011B D:0000 DB:86 Nvmxdizc V:253 H: 20 F:43
				849106 85 12       STA $12       [000012] A:B895 X:710C Y:0236 S:011B D:0000 DB:86 Nvmxdizc V:253 H: 29 F:43
				849108 B7 10       LDA [$10],Y   [95DD8D] A:B895 X:710C Y:0236 S:011B D:0000 DB:86 Nvmxdizc V:253 H: 36 F:43
				84910A 29 FF 00    AND #$00FF             A:0000 X:710C Y:0236 S:011B D:0000 DB:86 nvmxdiZc V:253 H: 48 F:43
				84910D 28          PLP                    A:0000 X:710C Y:0236 S:011B D:0000 DB:86 nvmxdiZc V:253 H: 52 F:43
				84910E FA          PLX                    A:0000 X:710C Y:0236 S:011C D:0000 DB:86 NvMxdizc V:253 H: 59 F:43
				84910F 2B          PLD                    A:0000 X:0E68 Y:0236 S:011E D:0000 DB:86 nvMxdizc V:253 H: 67 F:43
				849110 60          RTS                    A:0000 X:0E68 Y:0236 S:0120 D:0000 DB:86 nvMxdiZc V:253 H: 76 F:43

				849318 B4 05       LDY $05,X     [000E6D] A:0000 X:0E68 Y:0236 S:0122 D:0000 DB:86 nvMxdiZc V:253 H: 86 F:43
				84931A 84 10       STY $10       [000010] A:0000 X:0E68 Y:1476 S:0122 D:0000 DB:86 nvMxdizc V:253 H: 94 F:43
				84931C B4 08       LDY $08,X     [000E70] A:0000 X:0E68 Y:1476 S:0122 D:0000 DB:86 nvMxdizc V:253 H:101 F:43
				84931E 84 12       STY $12       [000012] A:0000 X:0E68 Y:0A9C S:0122 D:0000 DB:86 nvMxdizc V:253 H:110 F:43
				849320 95 2D       STA $2D,X     [000E95] A:0000 X:0E68 Y:0A9C S:0122 D:0000 DB:86 nvMxdizc V:253 H:117 F:43
				849322 86 2C       STX $2C       [00002C] A:0000 X:0E68 Y:0A9C S:0122 D:0000 DB:86 nvMxdizc V:253 H:123 F:43
				849324 29 3F       AND #$3F               A:0000 X:0E68 Y:0A9C S:0122 D:0000 DB:86 nvMxdizc V:253 H:130 F:43
				849326 0A          ASL A                  A:0000 X:0E68 Y:0A9C S:0122 D:0000 DB:86 nvMxdiZc V:253 H:143 F:43
				849327 EB          XBA                    A:0000 X:0E68 Y:0A9C S:0122 D:0000 DB:86 nvMxdiZc V:253 H:146 F:43
				849328 A9 00       LDA #$00               A:0000 X:0E68 Y:0A9C S:0122 D:0000 DB:86 nvMxdiZc V:253 H:151 F:43
				84932A EB          XBA                    A:0000 X:0E68 Y:0A9C S:0122 D:0000 DB:86 nvMxdiZc V:253 H:154 F:43
				84932B AA          TAX                    A:0000 X:0E68 Y:0A9C S:0122 D:0000 DB:86 nvMxdiZc V:253 H:158 F:43
				84932C FC 5D 93    JSR ($935D,X) [84935D] A:0000 X:0000 Y:0A9C S:0122 D:0000 DB:86 nvMxdiZc V:253 H:161 F:43

				84977A A9 00       LDA #$00               A:0000 X:0000 Y:0A9C S:0120 D:0000 DB:86 nvMxdiZc V:253 H:174 F:43
				84977C 60          RTS                    A:0000 X:0000 Y:0A9C S:0120 D:0000 DB:86 nvMxdiZc V:253 H:177 F:43

				84932F 08          PHP                    A:0000 X:0000 Y:0A9C S:0122 D:0000 DB:86 nvMxdiZc V:253 H:187 F:43
				849330 A6 2C       LDX $2C       [00002C] A:0000 X:0000 Y:0A9C S:0121 D:0000 DB:86 nvMxdiZc V:253 H:192 F:43
				849332 A9 01       LDA #$01               A:0000 X:0E68 Y:0A9C S:0121 D:0000 DB:86 nvMxdizc V:253 H:199 F:43
				849334 34 29       BIT $29,X     [000E91] A:0001 X:0E68 Y:0A9C S:0121 D:0000 DB:86 nvMxdizc V:253 H:202 F:43
				849336 10 02       BPL $0002     [84933A] A:0001 X:0E68 Y:0A9C S:0121 D:0000 DB:86 NVMxdiZc V:253 H:209 F:43
				849338 A9 02       LDA #$02               A:0001 X:0E68 Y:0A9C S:0121 D:0000 DB:86 NVMxdiZc V:253 H:212 F:43
				84933A 28          PLP                    A:0002 X:0E68 Y:0A9C S:0121 D:0000 DB:86 nVMxdizc V:253 H:215 F:43
				84933B F0 0C       BEQ $000C     [849349] A:0002 X:0E68 Y:0A9C S:0122 D:0000 DB:86 nvMxdiZc V:253 H:221 F:43
				849349 49 FF       EOR #$FF               A:0002 X:0E68 Y:0A9C S:0122 D:0000 DB:86 nvMxdiZc V:253 H:226 F:43
				84934B 35 2B       AND $2B,X     [000E93] A:00FD X:0E68 Y:0A9C S:0122 D:0000 DB:86 NvMxdizc V:253 H:229 F:43
				84934D 95 2B       STA $2B,X     [000E93] A:0000 X:0E68 Y:0A9C S:0122 D:0000 DB:86 nvMxdiZc V:253 H:235 F:43
				84934F 20 08 93    JSR $9308     [849308] A:0000 X:0E68 Y:0A9C S:0122 D:0000 DB:86 nvMxdiZc V:253 H:242 F:43

				849308 A5 14       LDA $14       [000014] A:0000 X:0E68 Y:0A9C S:0120 D:0000 DB:86 nvMxdiZc V:253 H:252 F:43
				84930A F0 08       BEQ $0008     [849314] A:0000 X:0E68 Y:0A9C S:0120 D:0000 DB:86 nvMxdiZc V:253 H:257 F:43
				849314 60          RTS                    A:0000 X:0E68 Y:0A9C S:0120 D:0000 DB:86 nvMxdiZc V:253 H:261 F:43

				849352 A9 00       LDA #$00               A:0000 X:0E68 Y:0A9C S:0122 D:0000 DB:86 nvMxdiZc V:253 H:271 F:43
				849354 60          RTS                    A:0000 X:0E68 Y:0A9C S:0122 D:0000 DB:86 nvMxdiZc V:253 H:274 F:43

				8492F1 D0 12       BNE $0012     [849305] A:0000 X:0E68 Y:0A9C S:0124 D:0000 DB:86 nvMxdiZc V:253 H:284 F:43
				8492F3 B4 20       LDY $20,X     [000E88] A:0000 X:0E68 Y:0A9C S:0124 D:0000 DB:86 nvMxdiZc V:253 H:287 F:43
				8492F5 B9 06 00    LDA $0006,Y   [86C955] A:0000 X:0E68 Y:C94F S:0124 D:0000 DB:86 NvMxdizc V:253 H:296 F:43
				8492F8 18          CLC                    A:00FF X:0E68 Y:C94F S:0124 D:0000 DB:86 NvMxdizc V:253 H:303 F:43
				8492F9 79 08 00    ADC $0008,Y   [86C957] A:00FF X:0E68 Y:C94F S:0124 D:0000 DB:86 NvMxdizc V:253 H:306 F:43
				8492FC 38          SEC                    A:0012 X:0E68 Y:C94F S:0124 D:0000 DB:86 nvMxdizC V:253 H:314 F:43
				8492FD F9 09 00    SBC $0009,Y   [86C958] A:0012 X:0E68 Y:C94F S:0124 D:0000 DB:86 nvMxdizC V:253 H:317 F:43
				849300 95 2A       STA $2A,X     [000E92] A:000D X:0E68 Y:C94F S:0124 D:0000 DB:86 nvMxdizC V:253 H:324 F:43
				849302 20 15 93    JSR $9315     [849315] A:000D X:0E68 Y:C94F S:0124 D:0000 DB:86 nvMxdizC V:253 H:330 F:43

				849315 20 B3 90    JSR $90B3     [8490B3] A:000D X:0E68 Y:C94F S:0122 D:0000 DB:86 nvMxdizC V:254 H:  0 F:43

				8490B3 0B          PHD                    A:000D X:0E68 Y:C94F S:0120 D:0000 DB:86 nvMxdizC V:254 H: 10 F:43
				8490B4 DA          PHX                    A:000D X:0E68 Y:C94F S:011E D:0000 DB:86 nvMxdizC V:254 H: 17 F:43
				8490B5 08          PHP                    A:000D X:0E68 Y:C94F S:011C D:0000 DB:86 nvMxdizC V:254 H: 24 F:43
				8490B6 E2 20       SEP #$20               A:000D X:0E68 Y:C94F S:011B D:0000 DB:86 nvMxdizC V:254 H: 29 F:43
				8490B8 C2 10       REP #$10               A:000D X:0E68 Y:C94F S:011B D:0000 DB:86 nvMxdizC V:254 H: 33 F:43
				8490BA 64 01       STZ $01       [000001] A:000D X:0E68 Y:C94F S:011B D:0000 DB:86 nvMxdizC V:254 H: 38 F:43
				8490BC B5 29       LDA $29,X     [000E91] A:000D X:0E68 Y:C94F S:011B D:0000 DB:86 nvMxdizC V:254 H: 43 F:43
				8490BE 10 02       BPL $0002     [8490C2] A:00F0 X:0E68 Y:C94F S:011B D:0000 DB:86 NvMxdizC V:254 H: 49 F:43
				8490C0 C6 01       DEC $01       [000001] A:00F0 X:0E68 Y:C94F S:011B D:0000 DB:86 NvMxdizC V:254 H: 52 F:43
				8490C2 18          CLC                    A:00F0 X:0E68 Y:C94F S:011B D:0000 DB:86 NvMxdizC V:254 H: 61 F:43
				8490C3 75 05       ADC $05,X     [000E6D] A:00F0 X:0E68 Y:C94F S:011B D:0000 DB:86 NvMxdizc V:254 H: 64 F:43
				8490C5 85 00       STA $00       [000000] A:0066 X:0E68 Y:C94F S:011B D:0000 DB:86 nvMxdizC V:254 H: 70 F:43
				8490C7 B5 06       LDA $06,X     [000E6E] A:0066 X:0E68 Y:C94F S:011B D:0000 DB:86 nvMxdizC V:254 H: 75 F:43
				8490C9 65 01       ADC $01       [000001] A:0014 X:0E68 Y:C94F S:011B D:0000 DB:86 nvMxdizC V:254 H: 82 F:43
				8490CB 85 01       STA $01       [000001] A:0014 X:0E68 Y:C94F S:011B D:0000 DB:86 nvMxdizC V:254 H: 87 F:43
				8490CD 64 03       STZ $03       [000003] A:0014 X:0E68 Y:C94F S:011B D:0000 DB:86 nvMxdizC V:254 H: 92 F:43
				8490CF B5 2A       LDA $2A,X     [000E92] A:0014 X:0E68 Y:C94F S:011B D:0000 DB:86 nvMxdizC V:254 H: 97 F:43
				8490D1 10 02       BPL $0002     [8490D5] A:000D X:0E68 Y:C94F S:011B D:0000 DB:86 nvMxdizC V:254 H:103 F:43
				8490D5 18          CLC                    A:000D X:0E68 Y:C94F S:011B D:0000 DB:86 nvMxdizC V:254 H:108 F:43
				8490D6 75 08       ADC $08,X     [000E70] A:000D X:0E68 Y:C94F S:011B D:0000 DB:86 nvMxdizc V:254 H:111 F:43
				8490D8 85 02       STA $02       [000002] A:00A9 X:0E68 Y:C94F S:011B D:0000 DB:86 NvMxdizc V:254 H:117 F:43
				8490DA 29 F0       AND #$F0               A:00A9 X:0E68 Y:C94F S:011B D:0000 DB:86 NvMxdizc V:254 H:122 F:43
				8490DC 85 0A       STA $0A       [00000A] A:00A0 X:0E68 Y:C94F S:011B D:0000 DB:86 NvMxdizc V:254 H:125 F:43
				8490DE B5 09       LDA $09,X     [000E71] A:00A0 X:0E68 Y:C94F S:011B D:0000 DB:86 NvMxdizc V:254 H:130 F:43
				8490E0 65 03       ADC $03       [000003] A:000A X:0E68 Y:C94F S:011B D:0000 DB:86 nvMxdizc V:254 H:147 F:43
				8490E2 85 03       STA $03       [000003] A:000A X:0E68 Y:C94F S:011B D:0000 DB:86 nvMxdizc V:254 H:152 F:43
				8490E4 85 0B       STA $0B       [00000B] A:000A X:0E68 Y:C94F S:011B D:0000 DB:86 nvMxdizc V:254 H:157 F:43
				8490E6 A5 00       LDA $00       [000000] A:000A X:0E68 Y:C94F S:011B D:0000 DB:86 nvMxdizc V:254 H:162 F:43
				8490E8 29 0F       AND #$0F               A:0066 X:0E68 Y:C94F S:011B D:0000 DB:86 nvMxdizc V:254 H:167 F:43
				8490EA 1A          INC                    A:0006 X:0E68 Y:C94F S:011B D:0000 DB:86 nvMxdizc V:254 H:170 F:43
				8490EB 85 0C       STA $0C       [00000C] A:0007 X:0E68 Y:C94F S:011B D:0000 DB:86 nvMxdizc V:254 H:173 F:43
				8490ED A5 02       LDA $02       [000002] A:0007 X:0E68 Y:C94F S:011B D:0000 DB:86 nvMxdizc V:254 H:178 F:43
				8490EF 29 0F       AND #$0F               A:00A9 X:0E68 Y:C94F S:011B D:0000 DB:86 NvMxdizc V:254 H:183 F:43
				8490F1 1A          INC                    A:0009 X:0E68 Y:C94F S:011B D:0000 DB:86 nvMxdizc V:254 H:186 F:43
				8490F2 85 0E       STA $0E       [00000E] A:000A X:0E68 Y:C94F S:011B D:0000 DB:86 nvMxdizc V:254 H:189 F:43
				8490F4 C2 20       REP #$20               A:000A X:0E68 Y:C94F S:011B D:0000 DB:86 nvMxdizc V:254 H:194 F:43
				8490F6 20 6A 91    JSR $916A     [84916A] A:000A X:0E68 Y:C94F S:011B D:0000 DB:86 nvmxdizc V:254 H:198 F:43

				84916A A9 00 E8    LDA #$E800             A:000A X:0E68 Y:C94F S:0119 D:0000 DB:86 nvmxdizc V:254 H:208 F:43
				84916D 85 10       STA $10       [000010] A:E800 X:0E68 Y:C94F S:0119 D:0000 DB:86 Nvmxdizc V:254 H:213 F:43
				84916F A9 7E 00    LDA #$007E             A:E800 X:0E68 Y:C94F S:0119 D:0000 DB:86 Nvmxdizc V:254 H:220 F:43
				849172 85 12       STA $12       [000012] A:007E X:0E68 Y:C94F S:0119 D:0000 DB:86 nvmxdizc V:254 H:224 F:43
				849174 A5 02       LDA $02       [000002] A:007E X:0E68 Y:C94F S:0119 D:0000 DB:86 nvmxdizc V:254 H:231 F:43
				849176 29 F0 00    AND #$00F0             A:0AA9 X:0E68 Y:C94F S:0119 D:0000 DB:86 nvmxdizc V:254 H:238 F:43
				849179 0A          ASL A                  A:00A0 X:0E68 Y:C94F S:0119 D:0000 DB:86 nvmxdizc V:254 H:243 F:43
				84917A 85 04       STA $04       [000004] A:0140 X:0E68 Y:C94F S:0119 D:0000 DB:86 nvmxdizc V:254 H:246 F:43
				84917C A5 00       LDA $00       [000000] A:0140 X:0E68 Y:C94F S:0119 D:0000 DB:86 nvmxdizc V:254 H:253 F:43
				84917E 29 FF 00    AND #$00FF             A:1466 X:0E68 Y:C94F S:0119 D:0000 DB:86 nvmxdizc V:254 H:260 F:43
				849181 4A          LSR A                  A:0066 X:0E68 Y:C94F S:0119 D:0000 DB:86 nvmxdizc V:254 H:264 F:43
				849182 4A          LSR A                  A:0033 X:0E68 Y:C94F S:0119 D:0000 DB:86 nvmxdizc V:254 H:267 F:43
				849183 4A          LSR A                  A:0019 X:0E68 Y:C94F S:0119 D:0000 DB:86 nvmxdizC V:254 H:270 F:43
				849184 29 FE FF    AND #$FFFE             A:000C X:0E68 Y:C94F S:0119 D:0000 DB:86 nvmxdizC V:254 H:273 F:43
				849187 18          CLC                    A:000C X:0E68 Y:C94F S:0119 D:0000 DB:86 nvmxdizC V:254 H:278 F:43
				849188 65 04       ADC $04       [000004] A:000C X:0E68 Y:C94F S:0119 D:0000 DB:86 nvmxdizc V:254 H:281 F:43
				84918A 85 06       STA $06       [000006] A:014C X:0E68 Y:C94F S:0119 D:0000 DB:86 nvmxdizc V:254 H:288 F:43
				84918C A5 00       LDA $00       [000000] A:014C X:0E68 Y:C94F S:0119 D:0000 DB:86 nvmxdizc V:254 H:295 F:43
				84918E EB          XBA                    A:1466 X:0E68 Y:C94F S:0119 D:0000 DB:86 nvmxdizc V:254 H:302 F:43
				84918F 29 1F 00    AND #$001F             A:6614 X:0E68 Y:C94F S:0119 D:0000 DB:86 nvmxdizc V:254 H:306 F:43
				849192 85 04       STA $04       [000004] A:0014 X:0E68 Y:C94F S:0119 D:0000 DB:86 nvmxdizc V:254 H:311 F:43
				849194 A5 02       LDA $02       [000002] A:0014 X:0E68 Y:C94F S:0119 D:0000 DB:86 nvmxdizc V:254 H:318 F:43
				849196 29 00 1F    AND #$1F00             A:0AA9 X:0E68 Y:C94F S:0119 D:0000 DB:86 nvmxdizc V:254 H:324 F:43
				849199 4A          LSR A                  A:0A00 X:0E68 Y:C94F S:0119 D:0000 DB:86 nvmxdizc V:254 H:328 F:43
				84919A 4A          LSR A                  A:0500 X:0E68 Y:C94F S:0119 D:0000 DB:86 nvmxdizc V:254 H:331 F:43
				84919B 4A          LSR A                  A:0280 X:0E68 Y:C94F S:0119 D:0000 DB:86 nvmxdizc V:254 H:334 F:43
				84919C 18          CLC                    A:0140 X:0E68 Y:C94F S:0119 D:0000 DB:86 nvmxdizc V:254 H:337 F:43
				84919D 65 04       ADC $04       [000004] A:0140 X:0E68 Y:C94F S:0119 D:0000 DB:86 nvmxdizc V:255 H:  0 F:43
				84919F A8          TAY                    A:0154 X:0E68 Y:C94F S:0119 D:0000 DB:86 nvmxdizc V:255 H:  7 F:43
				8491A0 B7 10       LDA [$10],Y   [7EE954] A:0154 X:0E68 Y:0154 S:0119 D:0000 DB:86 nvmxdizc V:255 H: 10 F:43
				8491A2 29 FF 00    AND #$00FF             A:0038 X:0E68 Y:0154 S:0119 D:0000 DB:86 nvmxdizc V:255 H: 23 F:43
				8491A5 A8          TAY                    A:0038 X:0E68 Y:0154 S:0119 D:0000 DB:86 nvmxdizc V:255 H: 28 F:43
				8491A6 EB          XBA                    A:0038 X:0E68 Y:0038 S:0119 D:0000 DB:86 nvmxdizc V:255 H: 31 F:43
				8491A7 0A          ASL A                  A:3800 X:0E68 Y:0038 S:0119 D:0000 DB:86 nvmxdiZc V:255 H: 35 F:43
				8491A8 18          CLC                    A:7000 X:0E68 Y:0038 S:0119 D:0000 DB:86 nvmxdizc V:255 H: 38 F:43
				8491A9 65 06       ADC $06       [000006] A:7000 X:0E68 Y:0038 S:0119 D:0000 DB:86 nvmxdizc V:255 H: 41 F:43
				8491AB AA          TAX                    A:714C X:0E68 Y:0038 S:0119 D:0000 DB:86 nvmxdizc V:255 H: 48 F:43
				8491AC 60          RTS                    A:714C X:714C Y:0038 S:0119 D:0000 DB:86 nvmxdizc V:255 H: 51 F:43

				8490F9 BF 00 20 7E LDA $7E2000,X [7E914C] A:714C X:714C Y:0038 S:011B D:0000 DB:86 nvmxdizc V:255 H: 61 F:43
				8490FD A8          TAY                    A:01D2 X:714C Y:0038 S:011B D:0000 DB:86 nvmxdizc V:255 H: 71 F:43
				8490FE AD 92 0B    LDA $0B92     [860B92] A:01D2 X:714C Y:01D2 S:011B D:0000 DB:86 nvmxdizc V:255 H: 74 F:43
				849101 85 10       STA $10       [000010] A:DB57 X:714C Y:01D2 S:011B D:0000 DB:86 Nvmxdizc V:255 H: 83 F:43
				849103 AD 94 0B    LDA $0B94     [860B94] A:DB57 X:714C Y:01D2 S:011B D:0000 DB:86 Nvmxdizc V:255 H: 90 F:43
				849106 85 12       STA $12       [000012] A:B895 X:714C Y:01D2 S:011B D:0000 DB:86 Nvmxdizc V:255 H: 98 F:43
				849108 B7 10       LDA [$10],Y   [95DD29] A:B895 X:714C Y:01D2 S:011B D:0000 DB:86 Nvmxdizc V:255 H:105 F:43
				84910A 29 FF 00    AND #$00FF             A:0000 X:714C Y:01D2 S:011B D:0000 DB:86 nvmxdiZc V:255 H:117 F:43
				84910D 28          PLP                    A:0000 X:714C Y:01D2 S:011B D:0000 DB:86 nvmxdiZc V:255 H:122 F:43
				84910E FA          PLX                    A:0000 X:714C Y:01D2 S:011C D:0000 DB:86 nvMxdizC V:255 H:128 F:43
				84910F 2B          PLD                    A:0000 X:0E68 Y:01D2 S:011E D:0000 DB:86 nvMxdizC V:255 H:147 F:43
				849110 60          RTS                    A:0000 X:0E68 Y:01D2 S:0120 D:0000 DB:86 nvMxdiZC V:255 H:155 F:43

				849318 B4 05       LDY $05,X     [000E6D] A:0000 X:0E68 Y:01D2 S:0122 D:0000 DB:86 nvMxdiZC V:255 H:165 F:43
				84931A 84 10       STY $10       [000010] A:0000 X:0E68 Y:1476 S:0122 D:0000 DB:86 nvMxdizC V:255 H:174 F:43
				84931C B4 08       LDY $08,X     [000E70] A:0000 X:0E68 Y:1476 S:0122 D:0000 DB:86 nvMxdizC V:255 H:181 F:43
				84931E 84 12       STY $12       [000012] A:0000 X:0E68 Y:0A9C S:0122 D:0000 DB:86 nvMxdizC V:255 H:189 F:43
				849320 95 2D       STA $2D,X     [000E95] A:0000 X:0E68 Y:0A9C S:0122 D:0000 DB:86 nvMxdizC V:255 H:196 F:43
				849322 86 2C       STX $2C       [00002C] A:0000 X:0E68 Y:0A9C S:0122 D:0000 DB:86 nvMxdizC V:255 H:203 F:43
				849324 29 3F       AND #$3F               A:0000 X:0E68 Y:0A9C S:0122 D:0000 DB:86 nvMxdizC V:255 H:210 F:43
				849326 0A          ASL A                  A:0000 X:0E68 Y:0A9C S:0122 D:0000 DB:86 nvMxdiZC V:255 H:213 F:43
				849327 EB          XBA                    A:0000 X:0E68 Y:0A9C S:0122 D:0000 DB:86 nvMxdiZc V:255 H:216 F:43
				849328 A9 00       LDA #$00               A:0000 X:0E68 Y:0A9C S:0122 D:0000 DB:86 nvMxdiZc V:255 H:220 F:43
				84932A EB          XBA                    A:0000 X:0E68 Y:0A9C S:0122 D:0000 DB:86 nvMxdiZc V:255 H:223 F:43
				84932B AA          TAX                    A:0000 X:0E68 Y:0A9C S:0122 D:0000 DB:86 nvMxdiZc V:255 H:228 F:43
				84932C FC 5D 93    JSR ($935D,X) [84935D] A:0000 X:0000 Y:0A9C S:0122 D:0000 DB:86 nvMxdiZc V:255 H:231 F:43

				84977A A9 00       LDA #$00               A:0000 X:0000 Y:0A9C S:0120 D:0000 DB:86 nvMxdiZc V:255 H:244 F:43
				84977C 60          RTS                    A:0000 X:0000 Y:0A9C S:0120 D:0000 DB:86 nvMxdiZc V:255 H:247 F:43

				84932F 08          PHP                    A:0000 X:0000 Y:0A9C S:0122 D:0000 DB:86 nvMxdiZc V:255 H:257 F:43
				849330 A6 2C       LDX $2C       [00002C] A:0000 X:0000 Y:0A9C S:0121 D:0000 DB:86 nvMxdiZc V:255 H:262 F:43
				849332 A9 01       LDA #$01               A:0000 X:0E68 Y:0A9C S:0121 D:0000 DB:86 nvMxdizc V:255 H:269 F:43
				849334 34 29       BIT $29,X     [000E91] A:0001 X:0E68 Y:0A9C S:0121 D:0000 DB:86 nvMxdizc V:255 H:272 F:43
				849336 10 02       BPL $0002     [84933A] A:0001 X:0E68 Y:0A9C S:0121 D:0000 DB:86 NVMxdiZc V:255 H:278 F:43
				849338 A9 02       LDA #$02               A:0001 X:0E68 Y:0A9C S:0121 D:0000 DB:86 NVMxdiZc V:255 H:281 F:43
				84933A 28          PLP                    A:0002 X:0E68 Y:0A9C S:0121 D:0000 DB:86 nVMxdizc V:255 H:284 F:43
				84933B F0 0C       BEQ $000C     [849349] A:0002 X:0E68 Y:0A9C S:0122 D:0000 DB:86 nvMxdiZc V:255 H:291 F:43
				849349 49 FF       EOR #$FF               A:0002 X:0E68 Y:0A9C S:0122 D:0000 DB:86 nvMxdiZc V:255 H:295 F:43
				84934B 35 2B       AND $2B,X     [000E93] A:00FD X:0E68 Y:0A9C S:0122 D:0000 DB:86 NvMxdizc V:255 H:298 F:43
				84934D 95 2B       STA $2B,X     [000E93] A:0000 X:0E68 Y:0A9C S:0122 D:0000 DB:86 nvMxdiZc V:255 H:305 F:43
				84934F 20 08 93    JSR $9308     [849308] A:0000 X:0E68 Y:0A9C S:0122 D:0000 DB:86 nvMxdiZc V:255 H:311 F:43

				849308 A5 14       LDA $14       [000014] A:0000 X:0E68 Y:0A9C S:0120 D:0000 DB:86 nvMxdiZc V:255 H:321 F:43
				84930A F0 08       BEQ $0008     [849314] A:0000 X:0E68 Y:0A9C S:0120 D:0000 DB:86 nvMxdiZc V:255 H:326 F:43
				849314 60          RTS                    A:0000 X:0E68 Y:0A9C S:0120 D:0000 DB:86 nvMxdiZc V:255 H:330 F:43

				849352 A9 00       LDA #$00               A:0000 X:0E68 Y:0A9C S:0122 D:0000 DB:86 nvMxdiZc V:256 H:  0 F:43
				849354 60          RTS                    A:0000 X:0E68 Y:0A9C S:0122 D:0000 DB:86 nvMxdiZc V:256 H:  3 F:43

				849305 C2 30       REP #$30               A:0000 X:0E68 Y:0A9C S:0124 D:0000 DB:86 nvMxdiZc V:256 H: 13 F:43
				849307 60          RTS                    A:0000 X:0E68 Y:0A9C S:0124 D:0000 DB:86 nvmxdiZc V:256 H: 17 F:43

				8491D8 20 ED 91    JSR $91ED     [8491ED] A:0000 X:0E68 Y:0A9C S:0126 D:0000 DB:86 nvmxdiZc V:256 H: 27 F:43

				8491ED B5 08       LDA $08,X     [000E70] A:0000 X:0E68 Y:0A9C S:0124 D:0000 DB:86 nvmxdiZc V:256 H: 37 F:43
				8491EF D5 24       CMP $24,X     [000E8C] A:0A9C X:0E68 Y:0A9C S:0124 D:0000 DB:86 nvmxdizc V:256 H: 46 F:43
				8491F1 F0 F2       BEQ $00F2     [8491E5] A:0A9C X:0E68 Y:0A9C S:0124 D:0000 DB:86 nvmxdizC V:256 H: 54 F:43
				8491F3 10 4D       BPL $004D     [849242] A:0A9C X:0E68 Y:0A9C S:0124 D:0000 DB:86 nvmxdizC V:256 H: 57 F:43
				849242 E2 20       SEP #$20               A:0A9C X:0E68 Y:0A9C S:0124 D:0000 DB:86 nvmxdizC V:256 H: 62 F:43
				849244 A0 04 00    LDY #$0004             A:0A9C X:0E68 Y:0A9C S:0124 D:0000 DB:86 nvMxdizC V:256 H: 66 F:43
				849247 AD 1C 1F    LDA $1F1C     [861F1C] A:0A9C X:0E68 Y:0004 S:0124 D:0000 DB:86 nvMxdizC V:256 H: 71 F:43
				84924A F0 03       BEQ $0003     [84924F] A:0A00 X:0E68 Y:0004 S:0124 D:0000 DB:86 nvMxdiZC V:256 H: 77 F:43
				84924F B5 2F       LDA $2F,X     [000E97] A:0A00 X:0E68 Y:0004 S:0124 D:0000 DB:86 nvMxdiZC V:256 H: 82 F:43
				849251 F0 03       BEQ $0003     [849256] A:0A00 X:0E68 Y:0004 S:0124 D:0000 DB:86 nvMxdiZC V:256 H: 88 F:43
				849256 98          TYA                    A:0A00 X:0E68 Y:0004 S:0124 D:0000 DB:86 nvMxdiZC V:256 H: 93 F:43
				849257 09 80       ORA #$80               A:0A04 X:0E68 Y:0004 S:0124 D:0000 DB:86 nvMxdizC V:256 H: 96 F:43
				849259 85 08       STA $08       [000008] A:0A84 X:0E68 Y:0004 S:0124 D:0000 DB:86 NvMxdizC V:256 H: 99 F:43
				84925B B4 20       LDY $20,X     [000E88] A:0A84 X:0E68 Y:0004 S:0124 D:0000 DB:86 NvMxdizC V:256 H:104 F:43
				84925D B9 06 00    LDA $0006,Y   [86C955] A:0A84 X:0E68 Y:C94F S:0124 D:0000 DB:86 NvMxdizC V:256 H:112 F:43
				849260 18          CLC                    A:0AFF X:0E68 Y:C94F S:0124 D:0000 DB:86 NvMxdizC V:256 H:120 F:43
				849261 79 08 00    ADC $0008,Y   [86C957] A:0AFF X:0E68 Y:C94F S:0124 D:0000 DB:86 NvMxdizc V:256 H:123 F:43
				849264 95 2A       STA $2A,X     [000E92] A:0A12 X:0E68 Y:C94F S:0124 D:0000 DB:86 nvMxdizC V:256 H:130 F:43
				849266 B9 05 00    LDA $0005,Y   [86C954] A:0A12 X:0E68 Y:C94F S:0124 D:0000 DB:86 nvMxdizC V:256 H:147 F:43
				849269 34 11       BIT $11,X     [000E79] A:0A00 X:0E68 Y:C94F S:0124 D:0000 DB:86 nvMxdiZC V:256 H:154 F:43
				84926B 50 03       BVC $0003     [849270] A:0A00 X:0E68 Y:C94F S:0124 D:0000 DB:86 nvMxdiZC V:256 H:161 F:43
				849270 95 29       STA $29,X     [000E91] A:0A00 X:0E68 Y:C94F S:0124 D:0000 DB:86 nvMxdiZC V:256 H:165 F:43
				849272 20 C4 95    JSR $95C4     [8495C4] A:0A00 X:0E68 Y:C94F S:0124 D:0000 DB:86 nvMxdiZC V:256 H:172 F:43

				8495C4 B5 2A       LDA $2A,X     [000E92] A:0A00 X:0E68 Y:C94F S:0122 D:0000 DB:86 nvMxdiZC V:256 H:182 F:43
				8495C6 48          PHA                    A:0A12 X:0E68 Y:C94F S:0122 D:0000 DB:86 nvMxdizC V:256 H:188 F:43
				8495C7 A5 08       LDA $08       [000008] A:0A12 X:0E68 Y:C94F S:0121 D:0000 DB:86 nvMxdizC V:256 H:193 F:43
				8495C9 29 7F       AND #$7F               A:0A84 X:0E68 Y:C94F S:0121 D:0000 DB:86 NvMxdizC V:256 H:198 F:43
				8495CB 18          CLC                    A:0A04 X:0E68 Y:C94F S:0121 D:0000 DB:86 nvMxdizC V:256 H:201 F:43
				8495CC 75 2A       ADC $2A,X     [000E92] A:0A04 X:0E68 Y:C94F S:0121 D:0000 DB:86 nvMxdizc V:256 H:204 F:43
				8495CE 95 2A       STA $2A,X     [000E92] A:0A16 X:0E68 Y:C94F S:0121 D:0000 DB:86 nvMxdizc V:256 H:211 F:43
				8495D0 20 B3 90    JSR $90B3     [8490B3] A:0A16 X:0E68 Y:C94F S:0121 D:0000 DB:86 nvMxdizc V:256 H:217 F:43

				8490B3 0B          PHD                    A:0A16 X:0E68 Y:C94F S:011F D:0000 DB:86 nvMxdizc V:256 H:227 F:43
				8490B4 DA          PHX                    A:0A16 X:0E68 Y:C94F S:011D D:0000 DB:86 nvMxdizc V:256 H:234 F:43
				8490B5 08          PHP                    A:0A16 X:0E68 Y:C94F S:011B D:0000 DB:86 nvMxdizc V:256 H:241 F:43
				8490B6 E2 20       SEP #$20               A:0A16 X:0E68 Y:C94F S:011A D:0000 DB:86 nvMxdizc V:256 H:246 F:43
				8490B8 C2 10       REP #$10               A:0A16 X:0E68 Y:C94F S:011A D:0000 DB:86 nvMxdizc V:256 H:251 F:43
				8490BA 64 01       STZ $01       [000001] A:0A16 X:0E68 Y:C94F S:011A D:0000 DB:86 nvMxdizc V:256 H:255 F:43
				8490BC B5 29       LDA $29,X     [000E91] A:0A16 X:0E68 Y:C94F S:011A D:0000 DB:86 nvMxdizc V:256 H:260 F:43
				8490BE 10 02       BPL $0002     [8490C2] A:0A00 X:0E68 Y:C94F S:011A D:0000 DB:86 nvMxdiZc V:256 H:267 F:43
				8490C2 18          CLC                    A:0A00 X:0E68 Y:C94F S:011A D:0000 DB:86 nvMxdiZc V:256 H:271 F:43
				8490C3 75 05       ADC $05,X     [000E6D] A:0A00 X:0E68 Y:C94F S:011A D:0000 DB:86 nvMxdiZc V:256 H:274 F:43
				8490C5 85 00       STA $00       [000000] A:0A76 X:0E68 Y:C94F S:011A D:0000 DB:86 nvMxdizc V:256 H:281 F:43
				8490C7 B5 06       LDA $06,X     [000E6E] A:0A76 X:0E68 Y:C94F S:011A D:0000 DB:86 nvMxdizc V:256 H:286 F:43
				8490C9 65 01       ADC $01       [000001] A:0A14 X:0E68 Y:C94F S:011A D:0000 DB:86 nvMxdizc V:256 H:292 F:43
				8490CB 85 01       STA $01       [000001] A:0A14 X:0E68 Y:C94F S:011A D:0000 DB:86 nvMxdizc V:256 H:297 F:43
				8490CD 64 03       STZ $03       [000003] A:0A14 X:0E68 Y:C94F S:011A D:0000 DB:86 nvMxdizc V:256 H:302 F:43
				8490CF B5 2A       LDA $2A,X     [000E92] A:0A14 X:0E68 Y:C94F S:011A D:0000 DB:86 nvMxdizc V:256 H:307 F:43
				8490D1 10 02       BPL $0002     [8490D5] A:0A16 X:0E68 Y:C94F S:011A D:0000 DB:86 nvMxdizc V:256 H:314 F:43
				8490D5 18          CLC                    A:0A16 X:0E68 Y:C94F S:011A D:0000 DB:86 nvMxdizc V:256 H:318 F:43
				8490D6 75 08       ADC $08,X     [000E70] A:0A16 X:0E68 Y:C94F S:011A D:0000 DB:86 nvMxdizc V:256 H:321 F:43
				8490D8 85 02       STA $02       [000002] A:0AB2 X:0E68 Y:C94F S:011A D:0000 DB:86 NvMxdizc V:256 H:327 F:43
				8490DA 29 F0       AND #$F0               A:0AB2 X:0E68 Y:C94F S:011A D:0000 DB:86 NvMxdizc V:256 H:332 F:43
				8490DC 85 0A       STA $0A       [00000A] A:0AB0 X:0E68 Y:C94F S:011A D:0000 DB:86 NvMxdizc V:256 H:335 F:43
				8490DE B5 09       LDA $09,X     [000E71] A:0AB0 X:0E68 Y:C94F S:011A D:0000 DB:86 NvMxdizc V:257 H:  0 F:43
				8490E0 65 03       ADC $03       [000003] A:0A0A X:0E68 Y:C94F S:011A D:0000 DB:86 nvMxdizc V:257 H:  6 F:43
				8490E2 85 03       STA $03       [000003] A:0A0A X:0E68 Y:C94F S:011A D:0000 DB:86 nvMxdizc V:257 H: 11 F:43
				8490E4 85 0B       STA $0B       [00000B] A:0A0A X:0E68 Y:C94F S:011A D:0000 DB:86 nvMxdizc V:257 H: 16 F:43
				8490E6 A5 00       LDA $00       [000000] A:0A0A X:0E68 Y:C94F S:011A D:0000 DB:86 nvMxdizc V:257 H: 21 F:43
				8490E8 29 0F       AND #$0F               A:0A76 X:0E68 Y:C94F S:011A D:0000 DB:86 nvMxdizc V:257 H: 26 F:43
				8490EA 1A          INC                    A:0A06 X:0E68 Y:C94F S:011A D:0000 DB:86 nvMxdizc V:257 H: 29 F:43
				8490EB 85 0C       STA $0C       [00000C] A:0A07 X:0E68 Y:C94F S:011A D:0000 DB:86 nvMxdizc V:257 H: 32 F:43
				8490ED A5 02       LDA $02       [000002] A:0A07 X:0E68 Y:C94F S:011A D:0000 DB:86 nvMxdizc V:257 H: 37 F:43
				8490EF 29 0F       AND #$0F               A:0AB2 X:0E68 Y:C94F S:011A D:0000 DB:86 NvMxdizc V:257 H: 42 F:43
				8490F1 1A          INC                    A:0A02 X:0E68 Y:C94F S:011A D:0000 DB:86 nvMxdizc V:257 H: 45 F:43
				8490F2 85 0E       STA $0E       [00000E] A:0A03 X:0E68 Y:C94F S:011A D:0000 DB:86 nvMxdizc V:257 H: 48 F:43
				8490F4 C2 20       REP #$20               A:0A03 X:0E68 Y:C94F S:011A D:0000 DB:86 nvMxdizc V:257 H: 53 F:43
				8490F6 20 6A 91    JSR $916A     [84916A] A:0A03 X:0E68 Y:C94F S:011A D:0000 DB:86 nvmxdizc V:257 H: 58 F:43

				84916A A9 00 E8    LDA #$E800             A:0A03 X:0E68 Y:C94F S:0118 D:0000 DB:86 nvmxdizc V:257 H: 68 F:43
				84916D 85 10       STA $10       [000010] A:E800 X:0E68 Y:C94F S:0118 D:0000 DB:86 Nvmxdizc V:257 H: 72 F:43
				84916F A9 7E 00    LDA #$007E             A:E800 X:0E68 Y:C94F S:0118 D:0000 DB:86 Nvmxdizc V:257 H: 79 F:43
				849172 85 12       STA $12       [000012] A:007E X:0E68 Y:C94F S:0118 D:0000 DB:86 nvmxdizc V:257 H: 84 F:43
				849174 A5 02       LDA $02       [000002] A:007E X:0E68 Y:C94F S:0118 D:0000 DB:86 nvmxdizc V:257 H: 91 F:43
				849176 29 F0 00    AND #$00F0             A:0AB2 X:0E68 Y:C94F S:0118 D:0000 DB:86 nvmxdizc V:257 H: 98 F:43
				849179 0A          ASL A                  A:00B0 X:0E68 Y:C94F S:0118 D:0000 DB:86 nvmxdizc V:257 H:102 F:43
				84917A 85 04       STA $04       [000004] A:0160 X:0E68 Y:C94F S:0118 D:0000 DB:86 nvmxdizc V:257 H:105 F:43
				84917C A5 00       LDA $00       [000000] A:0160 X:0E68 Y:C94F S:0118 D:0000 DB:86 nvmxdizc V:257 H:112 F:43
				84917E 29 FF 00    AND #$00FF             A:1476 X:0E68 Y:C94F S:0118 D:0000 DB:86 nvmxdizc V:257 H:119 F:43
				849181 4A          LSR A                  A:0076 X:0E68 Y:C94F S:0118 D:0000 DB:86 nvmxdizc V:257 H:124 F:43
				849182 4A          LSR A                  A:003B X:0E68 Y:C94F S:0118 D:0000 DB:86 nvmxdizc V:257 H:127 F:43
				849183 4A          LSR A                  A:001D X:0E68 Y:C94F S:0118 D:0000 DB:86 nvmxdizC V:257 H:130 F:43
				849184 29 FE FF    AND #$FFFE             A:000E X:0E68 Y:C94F S:0118 D:0000 DB:86 nvmxdizC V:257 H:133 F:43
				849187 18          CLC                    A:000E X:0E68 Y:C94F S:0118 D:0000 DB:86 nvmxdizC V:257 H:147 F:43
				849188 65 04       ADC $04       [000004] A:000E X:0E68 Y:C94F S:0118 D:0000 DB:86 nvmxdizc V:257 H:150 F:43
				84918A 85 06       STA $06       [000006] A:016E X:0E68 Y:C94F S:0118 D:0000 DB:86 nvmxdizc V:257 H:157 F:43
				84918C A5 00       LDA $00       [000000] A:016E X:0E68 Y:C94F S:0118 D:0000 DB:86 nvmxdizc V:257 H:164 F:43
				84918E EB          XBA                    A:1476 X:0E68 Y:C94F S:0118 D:0000 DB:86 nvmxdizc V:257 H:171 F:43
				84918F 29 1F 00    AND #$001F             A:7614 X:0E68 Y:C94F S:0118 D:0000 DB:86 nvmxdizc V:257 H:176 F:43
				849192 85 04       STA $04       [000004] A:0014 X:0E68 Y:C94F S:0118 D:0000 DB:86 nvmxdizc V:257 H:180 F:43
				849194 A5 02       LDA $02       [000002] A:0014 X:0E68 Y:C94F S:0118 D:0000 DB:86 nvmxdizc V:257 H:187 F:43
				849196 29 00 1F    AND #$1F00             A:0AB2 X:0E68 Y:C94F S:0118 D:0000 DB:86 nvmxdizc V:257 H:194 F:43
				849199 4A          LSR A                  A:0A00 X:0E68 Y:C94F S:0118 D:0000 DB:86 nvmxdizc V:257 H:199 F:43
				84919A 4A          LSR A                  A:0500 X:0E68 Y:C94F S:0118 D:0000 DB:86 nvmxdizc V:257 H:202 F:43
				84919B 4A          LSR A                  A:0280 X:0E68 Y:C94F S:0118 D:0000 DB:86 nvmxdizc V:257 H:205 F:43
				84919C 18          CLC                    A:0140 X:0E68 Y:C94F S:0118 D:0000 DB:86 nvmxdizc V:257 H:208 F:43
				84919D 65 04       ADC $04       [000004] A:0140 X:0E68 Y:C94F S:0118 D:0000 DB:86 nvmxdizc V:257 H:211 F:43
				84919F A8          TAY                    A:0154 X:0E68 Y:C94F S:0118 D:0000 DB:86 nvmxdizc V:257 H:218 F:43
				8491A0 B7 10       LDA [$10],Y   [7EE954] A:0154 X:0E68 Y:0154 S:0118 D:0000 DB:86 nvmxdizc V:257 H:221 F:43
				8491A2 29 FF 00    AND #$00FF             A:0038 X:0E68 Y:0154 S:0118 D:0000 DB:86 nvmxdizc V:257 H:234 F:43
				8491A5 A8          TAY                    A:0038 X:0E68 Y:0154 S:0118 D:0000 DB:86 nvmxdizc V:257 H:238 F:43
				8491A6 EB          XBA                    A:0038 X:0E68 Y:0038 S:0118 D:0000 DB:86 nvmxdizc V:257 H:241 F:43
				8491A7 0A          ASL A                  A:3800 X:0E68 Y:0038 S:0118 D:0000 DB:86 nvmxdiZc V:257 H:246 F:43
				8491A8 18          CLC                    A:7000 X:0E68 Y:0038 S:0118 D:0000 DB:86 nvmxdizc V:257 H:249 F:43
				8491A9 65 06       ADC $06       [000006] A:7000 X:0E68 Y:0038 S:0118 D:0000 DB:86 nvmxdizc V:257 H:252 F:43
				8491AB AA          TAX                    A:716E X:0E68 Y:0038 S:0118 D:0000 DB:86 nvmxdizc V:257 H:259 F:43
				8491AC 60          RTS                    A:716E X:716E Y:0038 S:0118 D:0000 DB:86 nvmxdizc V:257 H:262 F:43

				8490F9 BF 00 20 7E LDA $7E2000,X [7E916E] A:716E X:716E Y:0038 S:011A D:0000 DB:86 nvmxdizc V:257 H:272 F:43
				8490FD A8          TAY                    A:0133 X:716E Y:0038 S:011A D:0000 DB:86 nvmxdizc V:257 H:282 F:43
				8490FE AD 92 0B    LDA $0B92     [860B92] A:0133 X:716E Y:0133 S:011A D:0000 DB:86 nvmxdizc V:257 H:285 F:43
				849101 85 10       STA $10       [000010] A:DB57 X:716E Y:0133 S:011A D:0000 DB:86 Nvmxdizc V:257 H:293 F:43
				849103 AD 94 0B    LDA $0B94     [860B94] A:DB57 X:716E Y:0133 S:011A D:0000 DB:86 Nvmxdizc V:257 H:300 F:43
				849106 85 12       STA $12       [000012] A:B895 X:716E Y:0133 S:011A D:0000 DB:86 Nvmxdizc V:257 H:309 F:43
				849108 B7 10       LDA [$10],Y   [95DC8A] A:B895 X:716E Y:0133 S:011A D:0000 DB:86 Nvmxdizc V:257 H:316 F:43
				84910A 29 FF 00    AND #$00FF             A:3B3B X:716E Y:0133 S:011A D:0000 DB:86 nvmxdizc V:257 H:327 F:43
				84910D 28          PLP                    A:003B X:716E Y:0133 S:011A D:0000 DB:86 nvmxdizc V:257 H:331 F:43
				84910E FA          PLX                    A:003B X:716E Y:0133 S:011B D:0000 DB:86 nvMxdizc V:257 H:338 F:43
				84910F 2B          PLD                    A:003B X:0E68 Y:0133 S:011D D:0000 DB:86 nvMxdizc V:258 H:  6 F:43
				849110 60          RTS                    A:003B X:0E68 Y:0133 S:011F D:0000 DB:86 nvMxdiZc V:258 H: 15 F:43

				8495D3 95 2E       STA $2E,X     [000E96] A:003B X:0E68 Y:0133 S:0121 D:0000 DB:86 nvMxdiZc V:258 H: 25 F:43
				8495D5 85 18       STA $18       [000018] A:003B X:0E68 Y:0133 S:0121 D:0000 DB:86 nvMxdiZc V:258 H: 31 F:43
				8495D7 29 3F       AND #$3F               A:003B X:0E68 Y:0133 S:0121 D:0000 DB:86 nvMxdiZc V:258 H: 36 F:43
				8495D9 0A          ASL A                  A:003B X:0E68 Y:0133 S:0121 D:0000 DB:86 nvMxdizc V:258 H: 39 F:43
				8495DA EB          XBA                    A:0076 X:0E68 Y:0133 S:0121 D:0000 DB:86 nvMxdizc V:258 H: 42 F:43
				8495DB A9 00       LDA #$00               A:7600 X:0E68 Y:0133 S:0121 D:0000 DB:86 nvMxdiZc V:258 H: 47 F:43
				8495DD EB          XBA                    A:7600 X:0E68 Y:0133 S:0121 D:0000 DB:86 nvMxdiZc V:258 H: 50 F:43
				8495DE A8          TAY                    A:0076 X:0E68 Y:0133 S:0121 D:0000 DB:86 nvMxdizc V:258 H: 54 F:43
				8495DF 84 28       STY $28       [000028] A:0076 X:0E68 Y:0076 S:0121 D:0000 DB:86 nvMxdizc V:258 H: 57 F:43
				8495E1 86 2C       STX $2C       [00002C] A:0076 X:0E68 Y:0076 S:0121 D:0000 DB:86 nvMxdizc V:258 H: 64 F:43
				8495E3 68          PLA                    A:0076 X:0E68 Y:0076 S:0121 D:0000 DB:86 nvMxdizc V:258 H: 71 F:43
				8495E4 95 2A       STA $2A,X     [000E92] A:0012 X:0E68 Y:0076 S:0122 D:0000 DB:86 nvMxdizc V:258 H: 78 F:43
				8495E6 A6 2C       LDX $2C       [00002C] A:0012 X:0E68 Y:0076 S:0122 D:0000 DB:86 nvMxdizc V:258 H: 84 F:43
				8495E8 A9 FB       LDA #$FB               A:0012 X:0E68 Y:0076 S:0122 D:0000 DB:86 nvMxdizc V:258 H: 91 F:43
				8495EA 35 2B       AND $2B,X     [000E93] A:00FB X:0E68 Y:0076 S:0122 D:0000 DB:86 NvMxdizc V:258 H: 94 F:43
				8495EC 95 2B       STA $2B,X     [000E93] A:0000 X:0E68 Y:0076 S:0122 D:0000 DB:86 nvMxdiZc V:258 H:101 F:43
				8495EE 64 01       STZ $01       [000001] A:0000 X:0E68 Y:0076 S:0122 D:0000 DB:86 nvMxdiZc V:258 H:107 F:43
				8495F0 B5 2A       LDA $2A,X     [000E92] A:0000 X:0E68 Y:0076 S:0122 D:0000 DB:86 nvMxdiZc V:258 H:112 F:43
				8495F2 85 02       STA $02       [000002] A:0012 X:0E68 Y:0076 S:0122 D:0000 DB:86 nvMxdizc V:258 H:119 F:43
				8495F4 64 03       STZ $03       [000003] A:0012 X:0E68 Y:0076 S:0122 D:0000 DB:86 nvMxdizc V:258 H:124 F:43
				8495F6 B4 05       LDY $05,X     [000E6D] A:0012 X:0E68 Y:0076 S:0122 D:0000 DB:86 nvMxdizc V:258 H:129 F:43
				8495F8 84 10       STY $10       [000010] A:0012 X:0E68 Y:1476 S:0122 D:0000 DB:86 nvMxdizc V:258 H:147 F:43
				8495FA B4 08       LDY $08,X     [000E70] A:0012 X:0E68 Y:1476 S:0122 D:0000 DB:86 nvMxdizc V:258 H:154 F:43
				8495FC 84 12       STY $12       [000012] A:0012 X:0E68 Y:0A9C S:0122 D:0000 DB:86 nvMxdizc V:258 H:163 F:43
				8495FE A6 28       LDX $28       [000028] A:0012 X:0E68 Y:0A9C S:0122 D:0000 DB:86 nvMxdizc V:258 H:170 F:43
				849600 FC 1C 96    JSR ($961C,X) [849692] A:0012 X:0076 Y:0A9C S:0122 D:0000 DB:86 nvMxdizc V:258 H:177 F:43

				8496B5 A6 2C       LDX $2C       [00002C] A:0012 X:0076 Y:0A9C S:0120 D:0000 DB:86 nvMxdizc V:258 H:190 F:43
				8496B7 A5 0E       LDA $0E       [00000E] A:0012 X:0E68 Y:0A9C S:0120 D:0000 DB:86 nvMxdizc V:258 H:197 F:43
				8496B9 85 00       STA $00       [000000] A:0003 X:0E68 Y:0A9C S:0120 D:0000 DB:86 nvMxdizc V:258 H:202 F:43
				8496BB 64 01       STZ $01       [000001] A:0003 X:0E68 Y:0A9C S:0120 D:0000 DB:86 nvMxdizc V:258 H:207 F:43
				8496BD C2 20       REP #$20               A:0003 X:0E68 Y:0A9C S:0120 D:0000 DB:86 nvMxdizc V:258 H:212 F:43
				8496BF A5 08       LDA $08       [000008] A:0003 X:0E68 Y:0A9C S:0120 D:0000 DB:86 nvmxdizc V:258 H:216 F:43
				8496C1 29 7F 00    AND #$007F             A:FF84 X:0E68 Y:0A9C S:0120 D:0000 DB:86 Nvmxdizc V:258 H:223 F:43
				8496C4 18          CLC                    A:0004 X:0E68 Y:0A9C S:0120 D:0000 DB:86 nvmxdizc V:258 H:228 F:43
				8496C5 75 08       ADC $08,X     [000E70] A:0004 X:0E68 Y:0A9C S:0120 D:0000 DB:86 nvmxdizc V:258 H:231 F:43
				8496C7 38          SEC                    A:0AA0 X:0E68 Y:0A9C S:0120 D:0000 DB:86 nvmxdizc V:258 H:239 F:43
				8496C8 E5 00       SBC $00       [000000] A:0AA0 X:0E68 Y:0A9C S:0120 D:0000 DB:86 nvmxdizC V:258 H:242 F:43
				8496CA 95 08       STA $08,X     [000E70] A:0A9D X:0E68 Y:0A9C S:0120 D:0000 DB:86 nvmxdizC V:258 H:249 F:43
				8496CC E2 20       SEP #$20               A:0A9D X:0E68 Y:0A9C S:0120 D:0000 DB:86 nvmxdizC V:258 H:258 F:43
				8496CE 74 2F       STZ $2F,X     [000E97] A:0A9D X:0E68 Y:0A9C S:0120 D:0000 DB:86 nvMxdizC V:258 H:262 F:43
				8496D0 A9 01       LDA #$01               A:0A9D X:0E68 Y:0A9C S:0120 D:0000 DB:86 nvMxdizC V:258 H:269 F:43
				8496D2 60          RTS                    A:0A01 X:0E68 Y:0A9C S:0120 D:0000 DB:86 nvMxdizC V:258 H:272 F:43

				849603 F0 11       BEQ $0011     [849616] A:0A01 X:0E68 Y:0A9C S:0122 D:0000 DB:86 nvMxdizC V:258 H:282 F:43
				849605 A6 2C       LDX $2C       [00002C] A:0A01 X:0E68 Y:0A9C S:0122 D:0000 DB:86 nvMxdizC V:258 H:285 F:43
				849607 A9 04       LDA #$04               A:0A01 X:0E68 Y:0A9C S:0122 D:0000 DB:86 nvMxdizC V:258 H:292 F:43
				849609 15 2B       ORA $2B,X     [000E93] A:0A04 X:0E68 Y:0A9C S:0122 D:0000 DB:86 nvMxdizC V:258 H:295 F:43
				84960B 95 2B       STA $2B,X     [000E93] A:0A04 X:0E68 Y:0A9C S:0122 D:0000 DB:86 nvMxdizC V:258 H:301 F:43
				84960D 20 4C 99    JSR $994C     [84994C] A:0A04 X:0E68 Y:0A9C S:0122 D:0000 DB:86 nvMxdizC V:258 H:308 F:43

				84994C AD 1C 1F    LDA $1F1C     [861F1C] A:0A04 X:0E68 Y:0A9C S:0120 D:0000 DB:86 nvMxdizC V:258 H:318 F:43
				84994F 10 06       BPL $0006     [849957] A:0A00 X:0E68 Y:0A9C S:0120 D:0000 DB:86 nvMxdiZC V:258 H:324 F:43
				849957 60          RTS                    A:0A00 X:0E68 Y:0A9C S:0120 D:0000 DB:86 nvMxdiZC V:258 H:328 F:43

				849610 20 08 93    JSR $9308     [849308] A:0A00 X:0E68 Y:0A9C S:0122 D:0000 DB:86 nvMxdiZC V:258 H:338 F:43

				849308 A5 14       LDA $14       [000014] A:0A00 X:0E68 Y:0A9C S:0120 D:0000 DB:86 nvMxdiZC V:259 H:  8 F:43
				84930A F0 08       BEQ $0008     [849314] A:0A00 X:0E68 Y:0A9C S:0120 D:0000 DB:86 nvMxdiZC V:259 H: 13 F:43
				849314 60          RTS                    A:0A00 X:0E68 Y:0A9C S:0120 D:0000 DB:86 nvMxdiZC V:259 H: 17 F:43

				849613 A9 01       LDA #$01               A:0A00 X:0E68 Y:0A9C S:0122 D:0000 DB:86 nvMxdiZC V:259 H: 27 F:43
				849615 60          RTS                    A:0A01 X:0E68 Y:0A9C S:0122 D:0000 DB:86 nvMxdizC V:259 H: 30 F:43

				849275 D0 32       BNE $0032     [8492A9] A:0A01 X:0E68 Y:0A9C S:0124 D:0000 DB:86 nvMxdizC V:259 H: 40 F:43
				8492A9 C2 30       REP #$30               A:0A01 X:0E68 Y:0A9C S:0124 D:0000 DB:86 nvMxdizC V:259 H: 45 F:43
				8492AB 60          RTS                    A:0A01 X:0E68 Y:0A9C S:0124 D:0000 DB:86 nvmxdizC V:259 H: 49 F:43

				8491DB 2B          PLD                    A:0A01 X:0E68 Y:0A9C S:0126 D:0000 DB:86 nvmxdizC V:259 H: 59 F:43
				8491DC 28          PLP                    A:0A01 X:0E68 Y:0A9C S:0128 D:0E68 DB:86 nvmxdizC V:259 H: 68 F:43
				8491DD 6B          RTL                    A:0A01 X:0068 Y:009C S:0129 D:0E68 DB:86 NvMXdizc V:259 H: 74 F:43

			83B5BE A5 2B       LDA $2B       [000E93] A:0A01 X:0068 Y:009C S:012C D:0E68 DB:86 NvMXdizc V:259 H: 85 F:43
			83B5C0 29 03       AND #$03               A:0A04 X:0068 Y:009C S:012C D:0E68 DB:86 nvMXdizc V:259 H: 91 F:43
			83B5C2 F0 0C       BEQ $000C     [83B5D0] A:0A00 X:0068 Y:009C S:012C D:0E68 DB:86 nvMXdiZc V:259 H: 94 F:43		Branch because E-Contact is not Left or Right
			83B5D0 A5 2B       LDA $2B       [000E93] A:0A00 X:0068 Y:009C S:012C D:0E68 DB:86 nvMXdiZc V:259 H: 99 F:43
			83B5D2 29 04       AND #$04               A:0A04 X:0068 Y:009C S:012C D:0E68 DB:86 nvMXdizc V:259 H:105 F:43
			83B5D4 F0 0B       BEQ $000B     [83B5E1] A:0A04 X:0068 Y:009C S:012C D:0E68 DB:86 nvMXdizc V:259 H:108 F:43		Branch if E-Contact is not Down
			83B5D6 A9 0E       LDA #$0E               A:0A04 X:0068 Y:009C S:012C D:0E68 DB:86 nvMXdizc V:259 H:111 F:43
			83B5D8 85 03       STA $03       [000E6B] A:0A0E X:0068 Y:009C S:012C D:0E68 DB:86 nvMXdizc V:259 H:114 F:43		Subaction = #$0E
			83B5DA 64 2B       STZ $2B       [000E93] A:0A0E X:0068 Y:009C S:012C D:0E68 DB:86 nvMXdizc V:259 H:121 F:43		E-Contact = #$00
			83B5DC A9 05       LDA #$05               A:0A0E X:0068 Y:009C S:012C D:0E68 DB:86 nvMXdizc V:259 H:127 F:43		a = A = #$05
			83B5DE 20 C8 B9    JSR $B9C8     [83B9C8] A:0A05 X:0068 Y:009C S:012C D:0E68 DB:86 nvMXdizc V:259 H:130 F:43		JSR $83B9C8 --> Armadillo CDSkeleton Load

				83B9C8 08          PHP                    A:0A05 X:0068 Y:009C S:012A D:0E68 DB:86 nvMXdizc V:259 H:150 F:43
				83B9C9 E2 30       SEP #$30               A:0A05 X:0068 Y:009C S:0129 D:0E68 DB:86 nvMXdizc V:259 H:155 F:43
				83B9CB C9 0B       CMP #$0B               A:0A05 X:0068 Y:009C S:0129 D:0E68 DB:86 nvMXdizc V:259 H:160 F:43
				83B9CD F0 1B       BEQ $001B     [83B9EA] A:0A05 X:0068 Y:009C S:0129 D:0E68 DB:86 NvMXdizc V:259 H:163 F:43	Branch if A = #$0B
				83B9CF A6 33       LDX $33       [000E9B] A:0A05 X:0068 Y:009C S:0129 D:0E68 DB:86 NvMXdizc V:259 H:166 F:43	
				83B9D1 F0 03       BEQ $0003     [83B9D6] A:0A05 X:0000 Y:009C S:0129 D:0E68 DB:86 nvMXdiZc V:259 H:172 F:43	Branch because E-$33 = #$00
				83B9D6 AA          TAX                    A:0A05 X:0000 Y:009C S:0129 D:0E68 DB:86 nvMXdiZc V:259 H:177 F:43	
				83B9D7 BD 5D C9    LDA $C95D,X   [86C962] A:0A05 X:0005 Y:009C S:0129 D:0E68 DB:86 nvMXdizc V:259 H:180 F:43	A = [$86C95D,a] = [$86C962] = #$0B
				83B9DA A2 62       LDX #$62               A:0A0B X:0005 Y:009C S:0129 D:0E68 DB:86 nvMXdizc V:259 H:186 F:43	E-CountPointer = #$62
				83B9DC 86 16       STX $16       [000E7E] A:0A0B X:0062 Y:009C S:0129 D:0E68 DB:86 nvMXdizc V:259 H:189 F:43
				83B9DE 22 07 8F 84 JSL $848F07   [848F07] A:0A0B X:0062 Y:009C S:0129 D:0E68 DB:86 nvMXdizc V:259 H:195 F:43	JSL $848F07 --> Skeleton Load (SkelPoint = #$62, A=#$0B)

					848F07 08          PHP                    A:0A0B X:0062 Y:009C S:0126 D:0E68 DB:86 nvMXdizc V:259 H:209 F:43
					848F08 8B          PHB                    A:0A0B X:0062 Y:009C S:0125 D:0E68 DB:86 nvMXdizc V:259 H:214 F:43
					848F09 C2 30       REP #$30               A:0A0B X:0062 Y:009C S:0124 D:0E68 DB:86 nvMXdizc V:259 H:219 F:43
					848F0B 8D 0E 00    STA $000E     [86000E] A:0A0B X:0062 Y:009C S:0124 D:0E68 DB:86 nvmxdizc V:259 H:223 F:43
					848F0E A5 16       LDA $16       [000E7E] A:0A0B X:0062 Y:009C S:0124 D:0E68 DB:86 nvmxdizc V:259 H:232 F:43
					848F10 29 FF 00    AND #$00FF             A:8E62 X:0062 Y:009C S:0124 D:0E68 DB:86 Nvmxdizc V:259 H:240 F:43
					848F13 8D 0C 00    STA $000C     [86000C] A:0062 X:0062 Y:009C S:0124 D:0E68 DB:86 nvmxdizc V:259 H:245 F:43
					848F16 0A          ASL A                  A:0062 X:0062 Y:009C S:0124 D:0E68 DB:86 nvmxdizc V:259 H:253 F:43
					848F17 18          CLC                    A:00C4 X:0062 Y:009C S:0124 D:0E68 DB:86 nvmxdizc V:259 H:256 F:43
					848F18 6D 0C 00    ADC $000C     [86000C] A:00C4 X:0062 Y:009C S:0124 D:0E68 DB:86 nvmxdizc V:259 H:259 F:43
					848F1B AA          TAX                    A:0126 X:0062 Y:009C S:0124 D:0E68 DB:86 nvmxdizc V:259 H:268 F:43
					848F1C BF 00 A0 AF LDA $AFA000,X [AFA126] A:0126 X:0126 Y:009C S:0124 D:0E68 DB:86 nvmxdizc V:259 H:271 F:43
					848F20 85 14       STA $14       [000E7C] A:CCB8 X:0126 Y:009C S:0124 D:0E68 DB:86 Nvmxdizc V:259 H:280 F:43
					848F22 E2 20       SEP #$20               A:CCB8 X:0126 Y:009C S:0124 D:0E68 DB:86 Nvmxdizc V:259 H:288 F:43
					848F24 BF 02 A0 AF LDA $AFA002,X [AFA128] A:CCB8 X:0126 Y:009C S:0124 D:0E68 DB:86 NvMxdizc V:259 H:293 F:43
					848F28 48          PHA                    A:CCAF X:0126 Y:009C S:0124 D:0E68 DB:86 NvMxdizc V:259 H:300 F:43
					848F29 AB          PLB                    A:CCAF X:0126 Y:009C S:0123 D:0E68 DB:86 NvMxdizc V:259 H:305 F:43
					848F2A C2 20       REP #$20               A:CCAF X:0126 Y:009C S:0124 D:0E68 DB:AF NvMxdizc V:259 H:312 F:43
					848F2C AD 0E 00    LDA $000E     [AF000E] A:CCAF X:0126 Y:009C S:0124 D:0E68 DB:AF Nvmxdizc V:259 H:316 F:43
					848F2F 29 FF 00    AND #$00FF             A:0A0B X:0126 Y:009C S:0124 D:0E68 DB:AF nvmxdizc V:259 H:324 F:43
					848F32 0A          ASL A                  A:000B X:0126 Y:009C S:0124 D:0E68 DB:AF nvmxdizc V:259 H:328 F:43
					848F33 A8          TAY                    A:0016 X:0126 Y:009C S:0124 D:0E68 DB:AF nvmxdizc V:259 H:331 F:43
					848F34 B1 14       LDA ($14),Y   [AFCCCE] A:0016 X:0126 Y:0016 S:0124 D:0E68 DB:AF nvmxdizc V:259 H:334 F:43
					848F36 65 14       ADC $14       [000E7C] A:00B9 X:0126 Y:0016 S:0124 D:0E68 DB:AF nvmxdizc V:260 H:  7 F:43
					848F38 85 14       STA $14       [000E7C] A:CD71 X:0126 Y:0016 S:0124 D:0E68 DB:AF Nvmxdizc V:260 H: 16 F:43
					848F3A E2 30       SEP #$30               A:CD71 X:0126 Y:0016 S:0124 D:0E68 DB:AF Nvmxdizc V:260 H: 24 F:43
					848F3C B2 14       LDA ($14)     [AFCD71] A:CD71 X:0026 Y:0016 S:0124 D:0E68 DB:AF NvMXdizc V:260 H: 29 F:43	Skeleton Start: [AFCD71]
					848F3E 85 13       STA $13       [000E7B] A:CD01 X:0026 Y:0016 S:0124 D:0E68 DB:AF nvMXdizc V:260 H: 39 F:43
					848F40 A0 01       LDY #$01               A:CD01 X:0026 Y:0016 S:0124 D:0E68 DB:AF nvMXdizc V:260 H: 45 F:43
					848F42 B1 14       LDA ($14),Y   [AFCD72] A:CD01 X:0026 Y:0001 S:0124 D:0E68 DB:AF nvMXdizc V:260 H: 48 F:43
					848F44 85 0F       STA $0F       [000E77] A:CD00 X:0026 Y:0001 S:0124 D:0E68 DB:AF nvMXdiZc V:260 H: 58 F:43
					848F46 C8          INY                    A:CD00 X:0026 Y:0001 S:0124 D:0E68 DB:AF nvMXdiZc V:260 H: 65 F:43
					848F47 B1 14       LDA ($14),Y   [AFCD73] A:CD00 X:0026 Y:0002 S:0124 D:0E68 DB:AF nvMXdizc V:260 H: 68 F:43
					848F49 85 17       STA $17       [000E7F] A:CD0D X:0026 Y:0002 S:0124 D:0E68 DB:AF nvMXdizc V:260 H: 78 F:43
					848F4B A9 80       LDA #$80               A:CD0D X:0026 Y:0002 S:0124 D:0E68 DB:AF nvMXdizc V:260 H: 84 F:43
					848F4D 04 17       TSB $17       [000E7F] A:CD80 X:0026 Y:0002 S:0124 D:0E68 DB:AF NvMXdizc V:260 H: 87 F:43
					848F4F AB          PLB                    A:CD80 X:0026 Y:0002 S:0124 D:0E68 DB:AF NvMXdiZc V:260 H: 97 F:43
					848F50 28          PLP                    A:CD80 X:0026 Y:0002 S:0125 D:0E68 DB:86 NvMXdizc V:260 H:104 F:43
					848F51 6B          RTL                    A:CD80 X:0026 Y:0002 S:0126 D:0E68 DB:86 nvMXdizc V:260 H:110 F:43

				83B9E2 A9 01       LDA #$01               A:CD80 X:0026 Y:0002 S:0129 D:0E68 DB:86 nvMXdizc V:260 H:121 F:43	E-Status: Set bit 01
				83B9E4 04 11       TSB $11       [000E79] A:CD01 X:0026 Y:0002 S:0129 D:0E68 DB:86 nvMXdizc V:260 H:124 F:43
				83B9E6 64 18       STZ $18       [000E80] A:CD01 X:0026 Y:0002 S:0129 D:0E68 DB:86 nvMXdizc V:260 H:134 F:43	E-$18 = #$00
				83B9E8 28          PLP                    A:CD01 X:0026 Y:0002 S:0129 D:0E68 DB:86 nvMXdizc V:260 H:150 F:43
				83B9E9 60          RTS                    A:CD01 X:0026 Y:0002 S:012A D:0E68 DB:86 nvMXdizc V:260 H:157 F:43	Return

			83B5E1 60          RTS                    A:CD01 X:0026 Y:0002 S:012C D:0E68 DB:86 nvMXdizc V:260 H:167 F:43	Return

		83B2ED A5 27       LDA $27       [000E8F] A:CD01 X:0026 Y:0002 S:012E D:0E68 DB:86 nvMXdizc V:260 H:177 F:43
