80D4F6 20 30 D5    JSR $D530     [80D530] A:0E01 X:0000 Y:0046 S:0133 D:0E68 DB:86 nvMXdizC V:247 H:316 F: 3

	80D530 C2 20       REP #$20               A:0E01 X:0000 Y:0046 S:0131 D:0E68 DB:86 nvMXdizC V:247 H:325 F: 3
	80D532 A5 05       LDA $05       [000E6D] A:0E01 X:0000 Y:0046 S:0131 D:0E68 DB:86 nvmXdizC V:247 H:329 F: 3
	80D534 85 22       STA $22       [000E8A] A:1422 X:0000 Y:0046 S:0131 D:0E68 DB:86 nvmXdizC V:247 H:338 F: 3
	80D536 A5 08       LDA $08       [000E70] A:1422 X:0000 Y:0046 S:0131 D:0E68 DB:86 nvmXdizC V:248 H:  6 F: 3
	80D538 85 24       STA $24       [000E8C] A:0A9D X:0000 Y:0046 S:0131 D:0E68 DB:86 nvmXdizC V:248 H: 15 F: 3
	80D53A E2 20       SEP #$20               A:0A9D X:0000 Y:0046 S:0131 D:0E68 DB:86 nvmXdizC V:248 H: 23 F: 3
	80D53C A9 80       LDA #$80               A:0A9D X:0000 Y:0046 S:0131 D:0E68 DB:86 nvMXdizC V:248 H: 28 F: 3
	80D53E 14 0E       TRB $0E       [000E76] A:0A80 X:0000 Y:0046 S:0131 D:0E68 DB:86 NvMXdizC V:248 H: 31 F: 3
	80D540 A5 0A       LDA $0A       [000E72] A:0A80 X:0000 Y:0046 S:0131 D:0E68 DB:86 NvMXdizC V:248 H: 41 F: 3
	80D542 0A          ASL A                  A:0A14 X:0000 Y:0046 S:0131 D:0E68 DB:86 nvMXdizC V:248 H: 47 F: 3
	80D543 AA          TAX                    A:0A28 X:0000 Y:0046 S:0131 D:0E68 DB:86 nvMXdizc V:248 H: 50 F: 3
	80D544 7C DD F8    JMP ($F8DD,X) [80F905] A:0A28 X:0028 Y:0046 S:0131 D:0E68 DB:86 nvMXdizc V:248 H: 53 F: 3

	80FA15 22 44 B1 83 JSL $83B144   [83B144] A:0A28 X:0028 Y:0046 S:0131 D:0E68 DB:86 nvMXdizc V:248 H: 62 F: 3

		83B144 A6 01       LDX $01       [000E69] A:0A28 X:0028 Y:0046 S:012E D:0E68 DB:86 nvMXdizc V:248 H: 76 F: 3
		83B146 7C 49 B1    JMP ($B149,X) [83B14D] A:0A28 X:0004 Y:0046 S:012E D:0E68 DB:86 nvMXdizc V:248 H: 82 F: 3

		83B2E8 A6 02       LDX $02       [000E6A] A:0A28 X:0004 Y:0046 S:012E D:0E68 DB:86 nvMXdizc V:248 H: 91 F: 3
		83B2EA FC DA B3    JSR ($B3DA,X) [83B3DA] A:0A28 X:0000 Y:0046 S:012E D:0E68 DB:86 nvMXdiZc V:248 H: 98 F: 3

			83B3E4 A6 03       LDX $03       [000E6B] A:0A28 X:0000 Y:0046 S:012C D:0E68 DB:86 nvMXdiZc V:248 H:111 F: 3
			83B3E6 7C E9 B3    JMP ($B3E9,X) [83B3F1] A:0A28 X:0008 Y:0046 S:012C D:0E68 DB:86 nvMXdizc V:248 H:117 F: 3

			83B493 22 3E 82 82 JSL $82823E   [82823E] A:0A28 X:0008 Y:0046 S:012C D:0E68 DB:86 nvMXdizc V:248 H:126 F: 3		JSL $82823E --> Update X-Pos

				82823E 08          PHP                    A:0A28 X:0008 Y:0046 S:0129 D:0E68 DB:86 nvMXdizc V:248 H:150 F: 3
				82823F C2 21       REP #$21               A:0A28 X:0008 Y:0046 S:0128 D:0E68 DB:86 nvMXdizc V:248 H:155 F: 3
				828241 A5 04       LDA $04       [000E6C] A:0A28 X:0008 Y:0046 S:0128 D:0E68 DB:86 nvmXdizc V:248 H:159 F: 3
				828243 65 1A       ADC $1A       [000E82] A:2200 X:0008 Y:0046 S:0128 D:0E68 DB:86 nvmXdizc V:248 H:168 F: 3
				828245 85 04       STA $04       [000E6C] A:1C00 X:0008 Y:0046 S:0128 D:0E68 DB:86 nvmXdizC V:248 H:176 F: 3
				828247 E2 20       SEP #$20               A:1C00 X:0008 Y:0046 S:0128 D:0E68 DB:86 nvmXdizC V:248 H:185 F: 3
				828249 24 1B       BIT $1B       [000E83] A:1C00 X:0008 Y:0046 S:0128 D:0E68 DB:86 nvMXdizC V:248 H:189 F: 3
				82824B 30 08       BMI $0008     [828255] A:1C00 X:0008 Y:0046 S:0128 D:0E68 DB:86 NVMXdiZC V:248 H:196 F: 3
				828255 A5 06       LDA $06       [000E6E] A:1C00 X:0008 Y:0046 S:0128 D:0E68 DB:86 NVMXdiZC V:248 H:200 F: 3
				828257 69 FF       ADC #$FF               A:1C14 X:0008 Y:0046 S:0128 D:0E68 DB:86 nVMXdizC V:248 H:207 F: 3
				828259 85 06       STA $06       [000E6E] A:1C14 X:0008 Y:0046 S:0128 D:0E68 DB:86 nvMXdizC V:248 H:210 F: 3
				82825B 28          PLP                    A:1C14 X:0008 Y:0046 S:0128 D:0E68 DB:86 nvMXdizC V:248 H:216 F: 3
				82825C 6B          RTL                    A:1C14 X:0008 Y:0046 S:0129 D:0E68 DB:86 nvMXdizc V:248 H:223 F: 3

			83B497 22 BE 91 84 JSL $8491BE   [8491BE] A:1C14 X:0008 Y:0046 S:012C D:0E68 DB:86 nvMXdizc V:248 H:233 F: 3		JSL $8491BE --> Check for colissions and adjust position

				8491BE 08          PHP                    A:1C14 X:0008 Y:0046 S:0129 D:0E68 DB:86 nvMXdizc V:248 H:247 F: 3
				8491BF 0B          PHD                    A:1C14 X:0008 Y:0046 S:0128 D:0E68 DB:86 nvMXdizc V:248 H:252 F: 3
				8491C0 C2 30       REP #$30               A:1C14 X:0008 Y:0046 S:0126 D:0E68 DB:86 nvMXdizc V:248 H:259 F: 3
				8491C2 A5 20       LDA $20       [000E88] A:1C14 X:0008 Y:0046 S:0126 D:0E68 DB:86 nvmxdizc V:248 H:263 F: 3
				8491C4 F0 15       BEQ $0015     [8491DB] A:C945 X:0008 Y:0046 S:0126 D:0E68 DB:86 Nvmxdizc V:248 H:272 F: 3
				8491C6 7B          TDC                    A:C945 X:0008 Y:0046 S:0126 D:0E68 DB:86 Nvmxdizc V:248 H:275 F: 3
				8491C7 AA          TAX                    A:0E68 X:0008 Y:0046 S:0126 D:0E68 DB:86 nvmxdizc V:248 H:278 F: 3
				8491C8 A9 00 00    LDA #$0000             A:0E68 X:0E68 Y:0046 S:0126 D:0E68 DB:86 nvmxdizc V:248 H:281 F: 3
				8491CB 5B          TCD                    A:0000 X:0E68 Y:0046 S:0126 D:0E68 DB:86 nvmxdiZc V:248 H:285 F: 3
				8491CC 64 14       STZ $14       [000014] A:0000 X:0E68 Y:0046 S:0126 D:0000 DB:86 nvmxdiZc V:248 H:288 F: 3
				8491CE B5 2B       LDA $2B,X     [000E93] A:0000 X:0E68 Y:0046 S:0126 D:0000 DB:86 nvmxdiZc V:248 H:295 F: 3
				8491D0 29 00 FF    AND #$FF00             A:0000 X:0E68 Y:0046 S:0126 D:0000 DB:86 nvmxdiZc V:248 H:304 F: 3
				8491D3 95 2B       STA $2B,X     [000E93] A:0000 X:0E68 Y:0046 S:0126 D:0000 DB:86 nvmxdiZc V:248 H:308 F: 3
				8491D5 20 AC 92    JSR $92AC     [8492AC] A:0000 X:0E68 Y:0046 S:0126 D:0000 DB:86 nvmxdiZc V:248 H:317 F: 3

					8492AC C2 30       REP #$30               A:0000 X:0E68 Y:0046 S:0124 D:0000 DB:86 nvmxdiZc V:248 H:326 F: 3
					8492AE B5 05       LDA $05,X     [000E6D] A:0000 X:0E68 Y:0046 S:0124 D:0000 DB:86 nvmxdiZc V:248 H:330 F: 3
					8492B0 38          SEC                    A:141C X:0E68 Y:0046 S:0124 D:0000 DB:86 nvmxdizc V:248 H:339 F: 3
					8492B1 F5 22       SBC $22,X     [000E8A] A:141C X:0E68 Y:0046 S:0124 D:0000 DB:86 nvmxdizC V:249 H:  2 F: 3
					8492B3 85 00       STA $00       [000000] A:FFFA X:0E68 Y:0046 S:0124 D:0000 DB:86 Nvmxdizc V:249 H: 10 F: 3
					8492B5 E2 20       SEP #$20               A:FFFA X:0E68 Y:0046 S:0124 D:0000 DB:86 Nvmxdizc V:249 H: 17 F: 3
					8492B7 F0 4C       BEQ $004C     [849305] A:FFFA X:0E68 Y:0046 S:0124 D:0000 DB:86 NvMxdizc V:249 H: 22 F: 3
					8492B9 B4 20       LDY $20,X     [000E88] A:FFFA X:0E68 Y:0046 S:0124 D:0000 DB:86 NvMxdizc V:249 H: 25 F: 3
					8492BB B9 05 00    LDA $0005,Y   [86C94A] A:FFFA X:0E68 Y:C945 S:0124 D:0000 DB:86 NvMxdizc V:249 H: 33 F: 3
					8492BE 34 11       BIT $11,X     [000E79] A:FF00 X:0E68 Y:C945 S:0124 D:0000 DB:86 nvMxdiZc V:249 H: 41 F: 3
					8492C0 50 03       BVC $0003     [8492C5] A:FF00 X:0E68 Y:C945 S:0124 D:0000 DB:86 nvMxdiZc V:249 H: 47 F: 3
					8492C5 24 00       BIT $00       [000000] A:FF00 X:0E68 Y:C945 S:0124 D:0000 DB:86 nvMxdiZc V:249 H: 52 F: 3
					8492C7 10 06       BPL $0006     [8492CF] A:FF00 X:0E68 Y:C945 S:0124 D:0000 DB:86 NVMxdiZc V:249 H: 57 F: 3
					8492C9 38          SEC                    A:FF00 X:0E68 Y:C945 S:0124 D:0000 DB:86 NVMxdiZc V:249 H: 60 F: 3
					8492CA F9 07 00    SBC $0007,Y   [86C94C] A:FF00 X:0E68 Y:C945 S:0124 D:0000 DB:86 NVMxdiZC V:249 H: 63 F: 3
					8492CD 80 04       BRA $0004     [8492D3] A:FFF1 X:0E68 Y:C945 S:0124 D:0000 DB:86 NvMxdizc V:249 H: 70 F: 3
					8492D3 95 29       STA $29,X     [000E91] A:FFF1 X:0E68 Y:C945 S:0124 D:0000 DB:86 NvMxdizc V:249 H: 75 F: 3
					8492D5 B9 06 00    LDA $0006,Y   [86C94B] A:FFF1 X:0E68 Y:C945 S:0124 D:0000 DB:86 NvMxdizc V:249 H: 81 F: 3
					8492D8 95 2A       STA $2A,X     [000E92] A:FF00 X:0E68 Y:C945 S:0124 D:0000 DB:86 nvMxdiZc V:249 H: 89 F: 3
					8492DA 20 15 93    JSR $9315     [849315] A:FF00 X:0E68 Y:C945 S:0124 D:0000 DB:86 nvMxdiZc V:249 H: 95 F: 3

						849315 20 B3 90    JSR $90B3     [8490B3] A:FF00 X:0E68 Y:C945 S:0122 D:0000 DB:86 nvMxdiZc V:249 H:105 F: 3

							8490B3 0B          PHD                    A:FF00 X:0E68 Y:C945 S:0120 D:0000 DB:86 nvMxdiZc V:249 H:115 F: 3
							8490B4 DA          PHX                    A:FF00 X:0E68 Y:C945 S:011E D:0000 DB:86 nvMxdiZc V:249 H:122 F: 3
							8490B5 08          PHP                    A:FF00 X:0E68 Y:C945 S:011C D:0000 DB:86 nvMxdiZc V:249 H:129 F: 3
							8490B6 E2 20       SEP #$20               A:FF00 X:0E68 Y:C945 S:011B D:0000 DB:86 nvMxdiZc V:249 H:144 F: 3
							8490B8 C2 10       REP #$10               A:FF00 X:0E68 Y:C945 S:011B D:0000 DB:86 nvMxdiZc V:249 H:149 F: 3
							8490BA 64 01       STZ $01       [000001] A:FF00 X:0E68 Y:C945 S:011B D:0000 DB:86 nvMxdiZc V:249 H:153 F: 3
							8490BC B5 29       LDA $29,X     [000E91] A:FF00 X:0E68 Y:C945 S:011B D:0000 DB:86 nvMxdiZc V:249 H:158 F: 3
							8490BE 10 02       BPL $0002     [8490C2] A:FFF1 X:0E68 Y:C945 S:011B D:0000 DB:86 NvMxdizc V:249 H:165 F: 3
							8490C0 C6 01       DEC $01       [000001] A:FFF1 X:0E68 Y:C945 S:011B D:0000 DB:86 NvMxdizc V:249 H:168 F: 3
							8490C2 18          CLC                    A:FFF1 X:0E68 Y:C945 S:011B D:0000 DB:86 NvMxdizc V:249 H:176 F: 3
							8490C3 75 05       ADC $05,X     [000E6D] A:FFF1 X:0E68 Y:C945 S:011B D:0000 DB:86 NvMxdizc V:249 H:179 F: 3
							8490C5 85 00       STA $00       [000000] A:FF0D X:0E68 Y:C945 S:011B D:0000 DB:86 nvMxdizC V:249 H:186 F: 3
							8490C7 B5 06       LDA $06,X     [000E6E] A:FF0D X:0E68 Y:C945 S:011B D:0000 DB:86 nvMxdizC V:249 H:191 F: 3
							8490C9 65 01       ADC $01       [000001] A:FF14 X:0E68 Y:C945 S:011B D:0000 DB:86 nvMxdizC V:249 H:197 F: 3
							8490CB 85 01       STA $01       [000001] A:FF14 X:0E68 Y:C945 S:011B D:0000 DB:86 nvMxdizC V:249 H:202 F: 3
							8490CD 64 03       STZ $03       [000003] A:FF14 X:0E68 Y:C945 S:011B D:0000 DB:86 nvMxdizC V:249 H:207 F: 3
							8490CF B5 2A       LDA $2A,X     [000E92] A:FF14 X:0E68 Y:C945 S:011B D:0000 DB:86 nvMxdizC V:249 H:212 F: 3
							8490D1 10 02       BPL $0002     [8490D5] A:FF00 X:0E68 Y:C945 S:011B D:0000 DB:86 nvMxdiZC V:249 H:219 F: 3
							8490D5 18          CLC                    A:FF00 X:0E68 Y:C945 S:011B D:0000 DB:86 nvMxdiZC V:249 H:223 F: 3
							8490D6 75 08       ADC $08,X     [000E70] A:FF00 X:0E68 Y:C945 S:011B D:0000 DB:86 nvMxdiZc V:249 H:226 F: 3
							8490D8 85 02       STA $02       [000002] A:FF9D X:0E68 Y:C945 S:011B D:0000 DB:86 NvMxdizc V:249 H:233 F: 3
							8490DA 29 F0       AND #$F0               A:FF9D X:0E68 Y:C945 S:011B D:0000 DB:86 NvMxdizc V:249 H:238 F: 3
							8490DC 85 0A       STA $0A       [00000A] A:FF90 X:0E68 Y:C945 S:011B D:0000 DB:86 NvMxdizc V:249 H:241 F: 3
							8490DE B5 09       LDA $09,X     [000E71] A:FF90 X:0E68 Y:C945 S:011B D:0000 DB:86 NvMxdizc V:249 H:246 F: 3
							8490E0 65 03       ADC $03       [000003] A:FF0A X:0E68 Y:C945 S:011B D:0000 DB:86 nvMxdizc V:249 H:252 F: 3
							8490E2 85 03       STA $03       [000003] A:FF0A X:0E68 Y:C945 S:011B D:0000 DB:86 nvMxdizc V:249 H:257 F: 3
							8490E4 85 0B       STA $0B       [00000B] A:FF0A X:0E68 Y:C945 S:011B D:0000 DB:86 nvMxdizc V:249 H:262 F: 3
							8490E6 A5 00       LDA $00       [000000] A:FF0A X:0E68 Y:C945 S:011B D:0000 DB:86 nvMxdizc V:249 H:267 F: 3
							8490E8 29 0F       AND #$0F               A:FF0D X:0E68 Y:C945 S:011B D:0000 DB:86 nvMxdizc V:249 H:272 F: 3
							8490EA 1A          INC                    A:FF0D X:0E68 Y:C945 S:011B D:0000 DB:86 nvMxdizc V:249 H:275 F: 3
							8490EB 85 0C       STA $0C       [00000C] A:FF0E X:0E68 Y:C945 S:011B D:0000 DB:86 nvMxdizc V:249 H:278 F: 3
							8490ED A5 02       LDA $02       [000002] A:FF0E X:0E68 Y:C945 S:011B D:0000 DB:86 nvMxdizc V:249 H:283 F: 3
							8490EF 29 0F       AND #$0F               A:FF9D X:0E68 Y:C945 S:011B D:0000 DB:86 NvMxdizc V:249 H:288 F: 3
							8490F1 1A          INC                    A:FF0D X:0E68 Y:C945 S:011B D:0000 DB:86 nvMxdizc V:249 H:291 F: 3
							8490F2 85 0E       STA $0E       [00000E] A:FF0E X:0E68 Y:C945 S:011B D:0000 DB:86 nvMxdizc V:249 H:294 F: 3
							8490F4 C2 20       REP #$20               A:FF0E X:0E68 Y:C945 S:011B D:0000 DB:86 nvMxdizc V:249 H:299 F: 3
							8490F6 20 6A 91    JSR $916A     [84916A] A:FF0E X:0E68 Y:C945 S:011B D:0000 DB:86 nvmxdizc V:249 H:304 F: 3

								84916A A9 00 E8    LDA #$E800             A:FF0E X:0E68 Y:C945 S:0119 D:0000 DB:86 nvmxdizc V:249 H:314 F: 3
								84916D 85 10       STA $10       [000010] A:E800 X:0E68 Y:C945 S:0119 D:0000 DB:86 Nvmxdizc V:249 H:318 F: 3
								84916F A9 7E 00    LDA #$007E             A:E800 X:0E68 Y:C945 S:0119 D:0000 DB:86 Nvmxdizc V:249 H:325 F: 3
								849172 85 12       STA $12       [000012] A:007E X:0E68 Y:C945 S:0119 D:0000 DB:86 nvmxdizc V:249 H:329 F: 3
								849174 A5 02       LDA $02       [000002] A:007E X:0E68 Y:C945 S:0119 D:0000 DB:86 nvmxdizc V:249 H:336 F: 3
								849176 29 F0 00    AND #$00F0             A:0A9D X:0E68 Y:C945 S:0119 D:0000 DB:86 nvmxdizc V:250 H:  3 F: 3
								849179 0A          ASL A                  A:0090 X:0E68 Y:C945 S:0119 D:0000 DB:86 nvmxdizc V:250 H:  7 F: 3
								84917A 85 04       STA $04       [000004] A:0120 X:0E68 Y:C945 S:0119 D:0000 DB:86 nvmxdizc V:250 H: 10 F: 3
								84917C A5 00       LDA $00       [000000] A:0120 X:0E68 Y:C945 S:0119 D:0000 DB:86 nvmxdizc V:250 H: 17 F: 3
								84917E 29 FF 00    AND #$00FF             A:140D X:0E68 Y:C945 S:0119 D:0000 DB:86 nvmxdizc V:250 H: 24 F: 3
								849181 4A          LSR A                  A:000D X:0E68 Y:C945 S:0119 D:0000 DB:86 nvmxdizc V:250 H: 29 F: 3
								849182 4A          LSR A                  A:0006 X:0E68 Y:C945 S:0119 D:0000 DB:86 nvmxdizC V:250 H: 32 F: 3
								849183 4A          LSR A                  A:0003 X:0E68 Y:C945 S:0119 D:0000 DB:86 nvmxdizc V:250 H: 35 F: 3
								849184 29 FE FF    AND #$FFFE             A:0001 X:0E68 Y:C945 S:0119 D:0000 DB:86 nvmxdizC V:250 H: 38 F: 3
								849187 18          CLC                    A:0000 X:0E68 Y:C945 S:0119 D:0000 DB:86 nvmxdiZC V:250 H: 42 F: 3
								849188 65 04       ADC $04       [000004] A:0000 X:0E68 Y:C945 S:0119 D:0000 DB:86 nvmxdiZc V:250 H: 45 F: 3
								84918A 85 06       STA $06       [000006] A:0120 X:0E68 Y:C945 S:0119 D:0000 DB:86 nvmxdizc V:250 H: 52 F: 3
								84918C A5 00       LDA $00       [000000] A:0120 X:0E68 Y:C945 S:0119 D:0000 DB:86 nvmxdizc V:250 H: 59 F: 3
								84918E EB          XBA                    A:140D X:0E68 Y:C945 S:0119 D:0000 DB:86 nvmxdizc V:250 H: 66 F: 3
								84918F 29 1F 00    AND #$001F             A:0D14 X:0E68 Y:C945 S:0119 D:0000 DB:86 nvmxdizc V:250 H: 71 F: 3
								849192 85 04       STA $04       [000004] A:0014 X:0E68 Y:C945 S:0119 D:0000 DB:86 nvmxdizc V:250 H: 75 F: 3
								849194 A5 02       LDA $02       [000002] A:0014 X:0E68 Y:C945 S:0119 D:0000 DB:86 nvmxdizc V:250 H: 82 F: 3
								849196 29 00 1F    AND #$1F00             A:0A9D X:0E68 Y:C945 S:0119 D:0000 DB:86 nvmxdizc V:250 H: 89 F: 3
								849199 4A          LSR A                  A:0A00 X:0E68 Y:C945 S:0119 D:0000 DB:86 nvmxdizc V:250 H: 94 F: 3
								84919A 4A          LSR A                  A:0500 X:0E68 Y:C945 S:0119 D:0000 DB:86 nvmxdizc V:250 H: 97 F: 3
								84919B 4A          LSR A                  A:0280 X:0E68 Y:C945 S:0119 D:0000 DB:86 nvmxdizc V:250 H:100 F: 3
								84919C 18          CLC                    A:0140 X:0E68 Y:C945 S:0119 D:0000 DB:86 nvmxdizc V:250 H:103 F: 3
								84919D 65 04       ADC $04       [000004] A:0140 X:0E68 Y:C945 S:0119 D:0000 DB:86 nvmxdizc V:250 H:106 F: 3
								84919F A8          TAY                    A:0154 X:0E68 Y:C945 S:0119 D:0000 DB:86 nvmxdizc V:250 H:113 F: 3
								8491A0 B7 10       LDA [$10],Y   [7EE954] A:0154 X:0E68 Y:0154 S:0119 D:0000 DB:86 nvmxdizc V:250 H:116 F: 3
								8491A2 29 FF 00    AND #$00FF             A:0038 X:0E68 Y:0154 S:0119 D:0000 DB:86 nvmxdizc V:250 H:129 F: 3
								8491A5 A8          TAY                    A:0038 X:0E68 Y:0154 S:0119 D:0000 DB:86 nvmxdizc V:250 H:133 F: 3
								8491A6 EB          XBA                    A:0038 X:0E68 Y:0038 S:0119 D:0000 DB:86 nvmxdizc V:250 H:146 F: 3
								8491A7 0A          ASL A                  A:3800 X:0E68 Y:0038 S:0119 D:0000 DB:86 nvmxdiZc V:250 H:151 F: 3
								8491A8 18          CLC                    A:7000 X:0E68 Y:0038 S:0119 D:0000 DB:86 nvmxdizc V:250 H:154 F: 3
								8491A9 65 06       ADC $06       [000006] A:7000 X:0E68 Y:0038 S:0119 D:0000 DB:86 nvmxdizc V:250 H:157 F: 3
								8491AB AA          TAX                    A:7120 X:0E68 Y:0038 S:0119 D:0000 DB:86 nvmxdizc V:250 H:164 F: 3
								8491AC 60          RTS                    A:7120 X:7120 Y:0038 S:0119 D:0000 DB:86 nvmxdizc V:250 H:167 F: 3

							8490F9 BF 00 20 7E LDA $7E2000,X [7E9120] A:7120 X:7120 Y:0038 S:011B D:0000 DB:86 nvmxdizc V:250 H:177 F: 3
							8490FD A8          TAY                    A:0124 X:7120 Y:0038 S:011B D:0000 DB:86 nvmxdizc V:250 H:187 F: 3
							8490FE AD 92 0B    LDA $0B92     [860B92] A:0124 X:7120 Y:0124 S:011B D:0000 DB:86 nvmxdizc V:250 H:190 F: 3
							849101 85 10       STA $10       [000010] A:DB57 X:7120 Y:0124 S:011B D:0000 DB:86 Nvmxdizc V:250 H:198 F: 3
							849103 AD 94 0B    LDA $0B94     [860B94] A:DB57 X:7120 Y:0124 S:011B D:0000 DB:86 Nvmxdizc V:250 H:205 F: 3
							849106 85 12       STA $12       [000012] A:B895 X:7120 Y:0124 S:011B D:0000 DB:86 Nvmxdizc V:250 H:214 F: 3
							849108 B7 10       LDA [$10],Y   [95DC7B] A:B895 X:7120 Y:0124 S:011B D:0000 DB:86 Nvmxdizc V:250 H:221 F: 3
							84910A 29 FF 00    AND #$00FF             A:3B3B X:7120 Y:0124 S:011B D:0000 DB:86 nvmxdizc V:250 H:233 F: 3
							84910D 28          PLP                    A:003B X:7120 Y:0124 S:011B D:0000 DB:86 nvmxdizc V:250 H:237 F: 3
							84910E FA          PLX                    A:003B X:7120 Y:0124 S:011C D:0000 DB:86 nvMxdiZc V:250 H:244 F: 3
							84910F 2B          PLD                    A:003B X:0E68 Y:0124 S:011E D:0000 DB:86 nvMxdizc V:250 H:252 F: 3
							849110 60          RTS                    A:003B X:0E68 Y:0124 S:0120 D:0000 DB:86 nvMxdiZc V:250 H:261 F: 3

						849318 B4 05       LDY $05,X     [000E6D] A:003B X:0E68 Y:0124 S:0122 D:0000 DB:86 nvMxdiZc V:250 H:271 F: 3
						84931A 84 10       STY $10       [000010] A:003B X:0E68 Y:141C S:0122 D:0000 DB:86 nvMxdizc V:250 H:279 F: 3
						84931C B4 08       LDY $08,X     [000E70] A:003B X:0E68 Y:141C S:0122 D:0000 DB:86 nvMxdizc V:250 H:286 F: 3
						84931E 84 12       STY $12       [000012] A:003B X:0E68 Y:0A9D S:0122 D:0000 DB:86 nvMxdizc V:250 H:295 F: 3
						849320 95 2D       STA $2D,X     [000E95] A:003B X:0E68 Y:0A9D S:0122 D:0000 DB:86 nvMxdizc V:250 H:302 F: 3
						849322 86 2C       STX $2C       [00002C] A:003B X:0E68 Y:0A9D S:0122 D:0000 DB:86 nvMxdizc V:250 H:308 F: 3
						849324 29 3F       AND #$3F               A:003B X:0E68 Y:0A9D S:0122 D:0000 DB:86 nvMxdizc V:250 H:315 F: 3
						849326 0A          ASL A                  A:003B X:0E68 Y:0A9D S:0122 D:0000 DB:86 nvMxdizc V:250 H:318 F: 3
						849327 EB          XBA                    A:0076 X:0E68 Y:0A9D S:0122 D:0000 DB:86 nvMxdizc V:250 H:321 F: 3
						849328 A9 00       LDA #$00               A:7600 X:0E68 Y:0A9D S:0122 D:0000 DB:86 nvMxdiZc V:250 H:325 F: 3
						84932A EB          XBA                    A:7600 X:0E68 Y:0A9D S:0122 D:0000 DB:86 nvMxdiZc V:250 H:328 F: 3
						84932B AA          TAX                    A:0076 X:0E68 Y:0A9D S:0122 D:0000 DB:86 nvMxdizc V:250 H:332 F: 3
						84932C FC 5D 93    JSR ($935D,X) [8493D3] A:0076 X:0076 Y:0A9D S:0122 D:0000 DB:86 nvMxdizc V:250 H:335 F: 3

							8493DD A6 2C       LDX $2C       [00002C] A:0076 X:0076 Y:0A9D S:0120 D:0000 DB:86 nvMxdizc V:251 H:  8 F: 3
							8493DF 64 01       STZ $01       [000001] A:0076 X:0E68 Y:0A9D S:0120 D:0000 DB:86 nvMxdizc V:251 H: 15 F: 3
							8493E1 A9 11       LDA #$11               A:0076 X:0E68 Y:0A9D S:0120 D:0000 DB:86 nvMxdizc V:251 H: 20 F: 3
							8493E3 38          SEC                    A:0011 X:0E68 Y:0A9D S:0120 D:0000 DB:86 nvMxdizc V:251 H: 23 F: 3
							8493E4 E5 0C       SBC $0C       [00000C] A:0011 X:0E68 Y:0A9D S:0120 D:0000 DB:86 nvMxdizC V:251 H: 26 F: 3
							8493E6 34 29       BIT $29,X     [000E91] A:0003 X:0E68 Y:0A9D S:0120 D:0000 DB:86 nvMxdizC V:251 H: 31 F: 3
							8493E8 30 07       BMI $0007     [8493F1] A:0003 X:0E68 Y:0A9D S:0120 D:0000 DB:86 NVMxdizC V:251 H: 38 F: 3
							8493F1 18          CLC                    A:0003 X:0E68 Y:0A9D S:0120 D:0000 DB:86 NVMxdizC V:251 H: 42 F: 3
							8493F2 75 05       ADC $05,X     [000E6D] A:0003 X:0E68 Y:0A9D S:0120 D:0000 DB:86 NVMxdizc V:251 H: 45 F: 3
							8493F4 95 05       STA $05,X     [000E6D] A:001F X:0E68 Y:0A9D S:0120 D:0000 DB:86 nvMxdizc V:251 H: 52 F: 3
							8493F6 B5 06       LDA $06,X     [000E6E] A:001F X:0E68 Y:0A9D S:0120 D:0000 DB:86 nvMxdizc V:251 H: 58 F: 3
							8493F8 65 01       ADC $01       [000001] A:0014 X:0E68 Y:0A9D S:0120 D:0000 DB:86 nvMxdizc V:251 H: 65 F: 3
							8493FA 95 06       STA $06,X     [000E6E] A:0014 X:0E68 Y:0A9D S:0120 D:0000 DB:86 nvMxdizc V:251 H: 70 F: 3
							8493FC A9 01       LDA #$01               A:0014 X:0E68 Y:0A9D S:0120 D:0000 DB:86 nvMxdizc V:251 H: 76 F: 3
							8493FE 60          RTS                    A:0001 X:0E68 Y:0A9D S:0120 D:0000 DB:86 nvMxdizc V:251 H: 79 F: 3

						84932F 08          PHP                    A:0001 X:0E68 Y:0A9D S:0122 D:0000 DB:86 nvMxdizc V:251 H: 89 F: 3
						849330 A6 2C       LDX $2C       [00002C] A:0001 X:0E68 Y:0A9D S:0121 D:0000 DB:86 nvMxdizc V:251 H: 94 F: 3
						849332 A9 01       LDA #$01               A:0001 X:0E68 Y:0A9D S:0121 D:0000 DB:86 nvMxdizc V:251 H:101 F: 3
						849334 34 29       BIT $29,X     [000E91] A:0001 X:0E68 Y:0A9D S:0121 D:0000 DB:86 nvMxdizc V:251 H:104 F: 3
						849336 10 02       BPL $0002     [84933A] A:0001 X:0E68 Y:0A9D S:0121 D:0000 DB:86 NVMxdizc V:251 H:111 F: 3
						849338 A9 02       LDA #$02               A:0001 X:0E68 Y:0A9D S:0121 D:0000 DB:86 NVMxdizc V:251 H:114 F: 3
						84933A 28          PLP                    A:0002 X:0E68 Y:0A9D S:0121 D:0000 DB:86 nVMxdizc V:251 H:117 F: 3
						84933B F0 0C       BEQ $000C     [849349] A:0002 X:0E68 Y:0A9D S:0122 D:0000 DB:86 nvMxdizc V:251 H:123 F: 3
						84933D 30 16       BMI $0016     [849355] A:0002 X:0E68 Y:0A9D S:0122 D:0000 DB:86 nvMxdizc V:251 H:126 F: 3
						84933F 15 2B       ORA $2B,X     [000E93] A:0002 X:0E68 Y:0A9D S:0122 D:0000 DB:86 nvMxdizc V:251 H:129 F: 3
						849341 95 2B       STA $2B,X     [000E93] A:0002 X:0E68 Y:0A9D S:0122 D:0000 DB:86 nvMxdizc V:251 H:146 F: 3
						849343 20 08 93    JSR $9308     [849308] A:0002 X:0E68 Y:0A9D S:0122 D:0000 DB:86 nvMxdizc V:251 H:152 F: 3

							849308 A5 14       LDA $14       [000014] A:0002 X:0E68 Y:0A9D S:0120 D:0000 DB:86 nvMxdizc V:251 H:162 F: 3
							84930A F0 08       BEQ $0008     [849314] A:0000 X:0E68 Y:0A9D S:0120 D:0000 DB:86 nvMxdiZc V:251 H:167 F: 3
							849314 60          RTS                    A:0000 X:0E68 Y:0A9D S:0120 D:0000 DB:86 nvMxdiZc V:251 H:172 F: 3

						849346 A9 01       LDA #$01               A:0000 X:0E68 Y:0A9D S:0122 D:0000 DB:86 nvMxdiZc V:251 H:182 F: 3
						849348 60          RTS                    A:0001 X:0E68 Y:0A9D S:0122 D:0000 DB:86 nvMxdizc V:251 H:185 F: 3

					8492DD D0 26       BNE $0026     [849305] A:0001 X:0E68 Y:0A9D S:0124 D:0000 DB:86 nvMxdizc V:251 H:195 F: 3
					849305 C2 30       REP #$30               A:0001 X:0E68 Y:0A9D S:0124 D:0000 DB:86 nvMxdizc V:251 H:199 F: 3
					849307 60          RTS                    A:0001 X:0E68 Y:0A9D S:0124 D:0000 DB:86 nvmxdizc V:251 H:204 F: 3

				8491D8 20 ED 91    JSR $91ED     [8491ED] A:0001 X:0E68 Y:0A9D S:0126 D:0000 DB:86 nvmxdizc V:251 H:214 F: 3

					8491ED B5 08       LDA $08,X     [000E70] A:0001 X:0E68 Y:0A9D S:0124 D:0000 DB:86 nvmxdizc V:251 H:224 F: 3
					8491EF D5 24       CMP $24,X     [000E8C] A:0A9D X:0E68 Y:0A9D S:0124 D:0000 DB:86 nvmxdizc V:251 H:232 F: 3
					8491F1 F0 F2       BEQ $00F2     [8491E5] A:0A9D X:0E68 Y:0A9D S:0124 D:0000 DB:86 nvmxdiZC V:251 H:241 F: 3
					8491E5 B5 1C       LDA $1C,X     [000E84] A:0A9D X:0E68 Y:0A9D S:0124 D:0000 DB:86 nvmxdiZC V:251 H:245 F: 3
					8491E7 F0 F5       BEQ $00F5     [8491DE] A:0000 X:0E68 Y:0A9D S:0124 D:0000 DB:86 nvmxdiZC V:251 H:254 F: 3
					8491DE A5 14       LDA $14       [000014] A:0000 X:0E68 Y:0A9D S:0124 D:0000 DB:86 nvmxdiZC V:251 H:258 F: 3
					8491E0 F0 60       BEQ $0060     [849242] A:0000 X:0E68 Y:0A9D S:0124 D:0000 DB:86 nvmxdiZC V:251 H:265 F: 3
					849242 E2 20       SEP #$20               A:0000 X:0E68 Y:0A9D S:0124 D:0000 DB:86 nvmxdiZC V:251 H:270 F: 3
					849244 A0 04 00    LDY #$0004             A:0000 X:0E68 Y:0A9D S:0124 D:0000 DB:86 nvMxdiZC V:251 H:274 F: 3
					849247 AD 1C 1F    LDA $1F1C     [861F1C] A:0000 X:0E68 Y:0004 S:0124 D:0000 DB:86 nvMxdizC V:251 H:279 F: 3
					84924A F0 03       BEQ $0003     [84924F] A:0000 X:0E68 Y:0004 S:0124 D:0000 DB:86 nvMxdiZC V:251 H:285 F: 3
					84924F B5 2F       LDA $2F,X     [000E97] A:0000 X:0E68 Y:0004 S:0124 D:0000 DB:86 nvMxdiZC V:251 H:290 F: 3
					849251 F0 03       BEQ $0003     [849256] A:0000 X:0E68 Y:0004 S:0124 D:0000 DB:86 nvMxdiZC V:251 H:296 F: 3
					849256 98          TYA                    A:0000 X:0E68 Y:0004 S:0124 D:0000 DB:86 nvMxdiZC V:251 H:301 F: 3
					849257 09 80       ORA #$80               A:0004 X:0E68 Y:0004 S:0124 D:0000 DB:86 nvMxdizC V:251 H:304 F: 3
					849259 85 08       STA $08       [000008] A:0084 X:0E68 Y:0004 S:0124 D:0000 DB:86 NvMxdizC V:251 H:307 F: 3
					84925B B4 20       LDY $20,X     [000E88] A:0084 X:0E68 Y:0004 S:0124 D:0000 DB:86 NvMxdizC V:251 H:312 F: 3
					84925D B9 06 00    LDA $0006,Y   [86C94B] A:0084 X:0E68 Y:C945 S:0124 D:0000 DB:86 NvMxdizC V:251 H:320 F: 3
					849260 18          CLC                    A:0000 X:0E68 Y:C945 S:0124 D:0000 DB:86 nvMxdiZC V:251 H:327 F: 3
					849261 79 08 00    ADC $0008,Y   [86C94D] A:0000 X:0E68 Y:C945 S:0124 D:0000 DB:86 nvMxdiZc V:251 H:330 F: 3
					849264 95 2A       STA $2A,X     [000E92] A:000D X:0E68 Y:C945 S:0124 D:0000 DB:86 nvMxdizc V:251 H:337 F: 3
					849266 B9 05 00    LDA $0005,Y   [86C94A] A:000D X:0E68 Y:C945 S:0124 D:0000 DB:86 nvMxdizc V:252 H:  4 F: 3
					849269 34 11       BIT $11,X     [000E79] A:0000 X:0E68 Y:C945 S:0124 D:0000 DB:86 nvMxdiZc V:252 H: 11 F: 3
					84926B 50 03       BVC $0003     [849270] A:0000 X:0E68 Y:C945 S:0124 D:0000 DB:86 nvMxdiZc V:252 H: 18 F: 3
					849270 95 29       STA $29,X     [000E91] A:0000 X:0E68 Y:C945 S:0124 D:0000 DB:86 nvMxdiZc V:252 H: 22 F: 3
					849272 20 C4 95    JSR $95C4     [8495C4] A:0000 X:0E68 Y:C945 S:0124 D:0000 DB:86 nvMxdiZc V:252 H: 29 F: 3

						8495C4 B5 2A       LDA $2A,X     [000E92] A:0000 X:0E68 Y:C945 S:0122 D:0000 DB:86 nvMxdiZc V:252 H: 39 F: 3
						8495C6 48          PHA                    A:000D X:0E68 Y:C945 S:0122 D:0000 DB:86 nvMxdizc V:252 H: 45 F: 3
						8495C7 A5 08       LDA $08       [000008] A:000D X:0E68 Y:C945 S:0121 D:0000 DB:86 nvMxdizc V:252 H: 50 F: 3
						8495C9 29 7F       AND #$7F               A:0084 X:0E68 Y:C945 S:0121 D:0000 DB:86 NvMxdizc V:252 H: 55 F: 3
						8495CB 18          CLC                    A:0004 X:0E68 Y:C945 S:0121 D:0000 DB:86 nvMxdizc V:252 H: 58 F: 3
						8495CC 75 2A       ADC $2A,X     [000E92] A:0004 X:0E68 Y:C945 S:0121 D:0000 DB:86 nvMxdizc V:252 H: 61 F: 3
						8495CE 95 2A       STA $2A,X     [000E92] A:0011 X:0E68 Y:C945 S:0121 D:0000 DB:86 nvMxdizc V:252 H: 68 F: 3
						8495D0 20 B3 90    JSR $90B3     [8490B3] A:0011 X:0E68 Y:C945 S:0121 D:0000 DB:86 nvMxdizc V:252 H: 74 F: 3

							8490B3 0B          PHD                    A:0011 X:0E68 Y:C945 S:011F D:0000 DB:86 nvMxdizc V:252 H: 84 F: 3
							8490B4 DA          PHX                    A:0011 X:0E68 Y:C945 S:011D D:0000 DB:86 nvMxdizc V:252 H: 91 F: 3
							8490B5 08          PHP                    A:0011 X:0E68 Y:C945 S:011B D:0000 DB:86 nvMxdizc V:252 H: 98 F: 3
							8490B6 E2 20       SEP #$20               A:0011 X:0E68 Y:C945 S:011A D:0000 DB:86 nvMxdizc V:252 H:103 F: 3
							8490B8 C2 10       REP #$10               A:0011 X:0E68 Y:C945 S:011A D:0000 DB:86 nvMxdizc V:252 H:108 F: 3
							8490BA 64 01       STZ $01       [000001] A:0011 X:0E68 Y:C945 S:011A D:0000 DB:86 nvMxdizc V:252 H:112 F: 3
							8490BC B5 29       LDA $29,X     [000E91] A:0011 X:0E68 Y:C945 S:011A D:0000 DB:86 nvMxdizc V:252 H:117 F: 3
							8490BE 10 02       BPL $0002     [8490C2] A:0000 X:0E68 Y:C945 S:011A D:0000 DB:86 nvMxdiZc V:252 H:124 F: 3
							8490C2 18          CLC                    A:0000 X:0E68 Y:C945 S:011A D:0000 DB:86 nvMxdiZc V:252 H:128 F: 3
							8490C3 75 05       ADC $05,X     [000E6D] A:0000 X:0E68 Y:C945 S:011A D:0000 DB:86 nvMxdiZc V:252 H:131 F: 3
							8490C5 85 00       STA $00       [000000] A:001F X:0E68 Y:C945 S:011A D:0000 DB:86 nvMxdizc V:252 H:148 F: 3
							8490C7 B5 06       LDA $06,X     [000E6E] A:001F X:0E68 Y:C945 S:011A D:0000 DB:86 nvMxdizc V:252 H:153 F: 3
							8490C9 65 01       ADC $01       [000001] A:0014 X:0E68 Y:C945 S:011A D:0000 DB:86 nvMxdizc V:252 H:159 F: 3
							8490CB 85 01       STA $01       [000001] A:0014 X:0E68 Y:C945 S:011A D:0000 DB:86 nvMxdizc V:252 H:164 F: 3
							8490CD 64 03       STZ $03       [000003] A:0014 X:0E68 Y:C945 S:011A D:0000 DB:86 nvMxdizc V:252 H:169 F: 3
							8490CF B5 2A       LDA $2A,X     [000E92] A:0014 X:0E68 Y:C945 S:011A D:0000 DB:86 nvMxdizc V:252 H:174 F: 3
							8490D1 10 02       BPL $0002     [8490D5] A:0011 X:0E68 Y:C945 S:011A D:0000 DB:86 nvMxdizc V:252 H:181 F: 3
							8490D5 18          CLC                    A:0011 X:0E68 Y:C945 S:011A D:0000 DB:86 nvMxdizc V:252 H:185 F: 3
							8490D6 75 08       ADC $08,X     [000E70] A:0011 X:0E68 Y:C945 S:011A D:0000 DB:86 nvMxdizc V:252 H:188 F: 3
							8490D8 85 02       STA $02       [000002] A:00AE X:0E68 Y:C945 S:011A D:0000 DB:86 NvMxdizc V:252 H:195 F: 3
							8490DA 29 F0       AND #$F0               A:00AE X:0E68 Y:C945 S:011A D:0000 DB:86 NvMxdizc V:252 H:200 F: 3
							8490DC 85 0A       STA $0A       [00000A] A:00A0 X:0E68 Y:C945 S:011A D:0000 DB:86 NvMxdizc V:252 H:203 F: 3
							8490DE B5 09       LDA $09,X     [000E71] A:00A0 X:0E68 Y:C945 S:011A D:0000 DB:86 NvMxdizc V:252 H:208 F: 3
							8490E0 65 03       ADC $03       [000003] A:000A X:0E68 Y:C945 S:011A D:0000 DB:86 nvMxdizc V:252 H:214 F: 3
							8490E2 85 03       STA $03       [000003] A:000A X:0E68 Y:C945 S:011A D:0000 DB:86 nvMxdizc V:252 H:219 F: 3
							8490E4 85 0B       STA $0B       [00000B] A:000A X:0E68 Y:C945 S:011A D:0000 DB:86 nvMxdizc V:252 H:224 F: 3
							8490E6 A5 00       LDA $00       [000000] A:000A X:0E68 Y:C945 S:011A D:0000 DB:86 nvMxdizc V:252 H:229 F: 3
							8490E8 29 0F       AND #$0F               A:001F X:0E68 Y:C945 S:011A D:0000 DB:86 nvMxdizc V:252 H:234 F: 3
							8490EA 1A          INC                    A:000F X:0E68 Y:C945 S:011A D:0000 DB:86 nvMxdizc V:252 H:237 F: 3
							8490EB 85 0C       STA $0C       [00000C] A:0010 X:0E68 Y:C945 S:011A D:0000 DB:86 nvMxdizc V:252 H:240 F: 3
							8490ED A5 02       LDA $02       [000002] A:0010 X:0E68 Y:C945 S:011A D:0000 DB:86 nvMxdizc V:252 H:245 F: 3
							8490EF 29 0F       AND #$0F               A:00AE X:0E68 Y:C945 S:011A D:0000 DB:86 NvMxdizc V:252 H:250 F: 3
							8490F1 1A          INC                    A:000E X:0E68 Y:C945 S:011A D:0000 DB:86 nvMxdizc V:252 H:253 F: 3
							8490F2 85 0E       STA $0E       [00000E] A:000F X:0E68 Y:C945 S:011A D:0000 DB:86 nvMxdizc V:252 H:256 F: 3
							8490F4 C2 20       REP #$20               A:000F X:0E68 Y:C945 S:011A D:0000 DB:86 nvMxdizc V:252 H:261 F: 3
							8490F6 20 6A 91    JSR $916A     [84916A] A:000F X:0E68 Y:C945 S:011A D:0000 DB:86 nvmxdizc V:252 H:266 F: 3

								84916A A9 00 E8    LDA #$E800             A:000F X:0E68 Y:C945 S:0118 D:0000 DB:86 nvmxdizc V:252 H:276 F: 3
								84916D 85 10       STA $10       [000010] A:E800 X:0E68 Y:C945 S:0118 D:0000 DB:86 Nvmxdizc V:252 H:280 F: 3
								84916F A9 7E 00    LDA #$007E             A:E800 X:0E68 Y:C945 S:0118 D:0000 DB:86 Nvmxdizc V:252 H:287 F: 3
								849172 85 12       STA $12       [000012] A:007E X:0E68 Y:C945 S:0118 D:0000 DB:86 nvmxdizc V:252 H:292 F: 3
								849174 A5 02       LDA $02       [000002] A:007E X:0E68 Y:C945 S:0118 D:0000 DB:86 nvmxdizc V:252 H:299 F: 3
								849176 29 F0 00    AND #$00F0             A:0AAE X:0E68 Y:C945 S:0118 D:0000 DB:86 nvmxdizc V:252 H:306 F: 3
								849179 0A          ASL A                  A:00A0 X:0E68 Y:C945 S:0118 D:0000 DB:86 nvmxdizc V:252 H:310 F: 3
								84917A 85 04       STA $04       [000004] A:0140 X:0E68 Y:C945 S:0118 D:0000 DB:86 nvmxdizc V:252 H:313 F: 3
								84917C A5 00       LDA $00       [000000] A:0140 X:0E68 Y:C945 S:0118 D:0000 DB:86 nvmxdizc V:252 H:320 F: 3
								84917E 29 FF 00    AND #$00FF             A:141F X:0E68 Y:C945 S:0118 D:0000 DB:86 nvmxdizc V:252 H:327 F: 3
								849181 4A          LSR A                  A:001F X:0E68 Y:C945 S:0118 D:0000 DB:86 nvmxdizc V:252 H:331 F: 3
								849182 4A          LSR A                  A:000F X:0E68 Y:C945 S:0118 D:0000 DB:86 nvmxdizC V:252 H:334 F: 3
								849183 4A          LSR A                  A:0007 X:0E68 Y:C945 S:0118 D:0000 DB:86 nvmxdizC V:252 H:337 F: 3
								849184 29 FE FF    AND #$FFFE             A:0003 X:0E68 Y:C945 S:0118 D:0000 DB:86 nvmxdizC V:253 H:  0 F: 3
								849187 18          CLC                    A:0002 X:0E68 Y:C945 S:0118 D:0000 DB:86 nvmxdizC V:253 H:  4 F: 3
								849188 65 04       ADC $04       [000004] A:0002 X:0E68 Y:C945 S:0118 D:0000 DB:86 nvmxdizc V:253 H:  7 F: 3
								84918A 85 06       STA $06       [000006] A:0142 X:0E68 Y:C945 S:0118 D:0000 DB:86 nvmxdizc V:253 H: 14 F: 3
								84918C A5 00       LDA $00       [000000] A:0142 X:0E68 Y:C945 S:0118 D:0000 DB:86 nvmxdizc V:253 H: 21 F: 3
								84918E EB          XBA                    A:141F X:0E68 Y:C945 S:0118 D:0000 DB:86 nvmxdizc V:253 H: 28 F: 3
								84918F 29 1F 00    AND #$001F             A:1F14 X:0E68 Y:C945 S:0118 D:0000 DB:86 nvmxdizc V:253 H: 33 F: 3
								849192 85 04       STA $04       [000004] A:0014 X:0E68 Y:C945 S:0118 D:0000 DB:86 nvmxdizc V:253 H: 37 F: 3
								849194 A5 02       LDA $02       [000002] A:0014 X:0E68 Y:C945 S:0118 D:0000 DB:86 nvmxdizc V:253 H: 44 F: 3
								849196 29 00 1F    AND #$1F00             A:0AAE X:0E68 Y:C945 S:0118 D:0000 DB:86 nvmxdizc V:253 H: 51 F: 3
								849199 4A          LSR A                  A:0A00 X:0E68 Y:C945 S:0118 D:0000 DB:86 nvmxdizc V:253 H: 56 F: 3
								84919A 4A          LSR A                  A:0500 X:0E68 Y:C945 S:0118 D:0000 DB:86 nvmxdizc V:253 H: 59 F: 3
								84919B 4A          LSR A                  A:0280 X:0E68 Y:C945 S:0118 D:0000 DB:86 nvmxdizc V:253 H: 62 F: 3
								84919C 18          CLC                    A:0140 X:0E68 Y:C945 S:0118 D:0000 DB:86 nvmxdizc V:253 H: 65 F: 3
								84919D 65 04       ADC $04       [000004] A:0140 X:0E68 Y:C945 S:0118 D:0000 DB:86 nvmxdizc V:253 H: 68 F: 3
								84919F A8          TAY                    A:0154 X:0E68 Y:C945 S:0118 D:0000 DB:86 nvmxdizc V:253 H: 75 F: 3
								8491A0 B7 10       LDA [$10],Y   [7EE954] A:0154 X:0E68 Y:0154 S:0118 D:0000 DB:86 nvmxdizc V:253 H: 78 F: 3
								8491A2 29 FF 00    AND #$00FF             A:0038 X:0E68 Y:0154 S:0118 D:0000 DB:86 nvmxdizc V:253 H: 91 F: 3
								8491A5 A8          TAY                    A:0038 X:0E68 Y:0154 S:0118 D:0000 DB:86 nvmxdizc V:253 H: 95 F: 3
								8491A6 EB          XBA                    A:0038 X:0E68 Y:0038 S:0118 D:0000 DB:86 nvmxdizc V:253 H: 98 F: 3
								8491A7 0A          ASL A                  A:3800 X:0E68 Y:0038 S:0118 D:0000 DB:86 nvmxdiZc V:253 H:103 F: 3
								8491A8 18          CLC                    A:7000 X:0E68 Y:0038 S:0118 D:0000 DB:86 nvmxdizc V:253 H:106 F: 3
								8491A9 65 06       ADC $06       [000006] A:7000 X:0E68 Y:0038 S:0118 D:0000 DB:86 nvmxdizc V:253 H:109 F: 3
								8491AB AA          TAX                    A:7142 X:0E68 Y:0038 S:0118 D:0000 DB:86 nvmxdizc V:253 H:116 F: 3
								8491AC 60          RTS                    A:7142 X:7142 Y:0038 S:0118 D:0000 DB:86 nvmxdizc V:253 H:119 F: 3

							8490F9 BF 00 20 7E LDA $7E2000,X [7E9142] A:7142 X:7142 Y:0038 S:011A D:0000 DB:86 nvmxdizc V:253 H:129 F: 3
							8490FD A8          TAY                    A:0246 X:7142 Y:0038 S:011A D:0000 DB:86 nvmxdizc V:253 H:149 F: 3
							8490FE AD 92 0B    LDA $0B92     [860B92] A:0246 X:7142 Y:0246 S:011A D:0000 DB:86 nvmxdizc V:253 H:152 F: 3
							849101 85 10       STA $10       [000010] A:DB57 X:7142 Y:0246 S:011A D:0000 DB:86 Nvmxdizc V:253 H:160 F: 3
							849103 AD 94 0B    LDA $0B94     [860B94] A:DB57 X:7142 Y:0246 S:011A D:0000 DB:86 Nvmxdizc V:253 H:167 F: 3
							849106 85 12       STA $12       [000012] A:B895 X:7142 Y:0246 S:011A D:0000 DB:86 Nvmxdizc V:253 H:176 F: 3
							849108 B7 10       LDA [$10],Y   [95DD9D] A:B895 X:7142 Y:0246 S:011A D:0000 DB:86 Nvmxdizc V:253 H:183 F: 3
							84910A 29 FF 00    AND #$00FF             A:0000 X:7142 Y:0246 S:011A D:0000 DB:86 nvmxdiZc V:253 H:195 F: 3
							84910D 28          PLP                    A:0000 X:7142 Y:0246 S:011A D:0000 DB:86 nvmxdiZc V:253 H:199 F: 3
							84910E FA          PLX                    A:0000 X:7142 Y:0246 S:011B D:0000 DB:86 nvMxdizc V:253 H:206 F: 3
							84910F 2B          PLD                    A:0000 X:0E68 Y:0246 S:011D D:0000 DB:86 nvMxdizc V:253 H:214 F: 3
							849110 60          RTS                    A:0000 X:0E68 Y:0246 S:011F D:0000 DB:86 nvMxdiZc V:253 H:223 F: 3

						8495D3 95 2E       STA $2E,X     [000E96] A:0000 X:0E68 Y:0246 S:0121 D:0000 DB:86 nvMxdiZc V:253 H:233 F: 3
						8495D5 85 18       STA $18       [000018] A:0000 X:0E68 Y:0246 S:0121 D:0000 DB:86 nvMxdiZc V:253 H:239 F: 3
						8495D7 29 3F       AND #$3F               A:0000 X:0E68 Y:0246 S:0121 D:0000 DB:86 nvMxdiZc V:253 H:244 F: 3
						8495D9 0A          ASL A                  A:0000 X:0E68 Y:0246 S:0121 D:0000 DB:86 nvMxdiZc V:253 H:247 F: 3
						8495DA EB          XBA                    A:0000 X:0E68 Y:0246 S:0121 D:0000 DB:86 nvMxdiZc V:253 H:250 F: 3
						8495DB A9 00       LDA #$00               A:0000 X:0E68 Y:0246 S:0121 D:0000 DB:86 nvMxdiZc V:253 H:255 F: 3
						8495DD EB          XBA                    A:0000 X:0E68 Y:0246 S:0121 D:0000 DB:86 nvMxdiZc V:253 H:258 F: 3
						8495DE A8          TAY                    A:0000 X:0E68 Y:0246 S:0121 D:0000 DB:86 nvMxdiZc V:253 H:262 F: 3
						8495DF 84 28       STY $28       [000028] A:0000 X:0E68 Y:0000 S:0121 D:0000 DB:86 nvMxdiZc V:253 H:265 F: 3
						8495E1 86 2C       STX $2C       [00002C] A:0000 X:0E68 Y:0000 S:0121 D:0000 DB:86 nvMxdiZc V:253 H:272 F: 3
						8495E3 68          PLA                    A:0000 X:0E68 Y:0000 S:0121 D:0000 DB:86 nvMxdiZc V:253 H:279 F: 3
						8495E4 95 2A       STA $2A,X     [000E92] A:000D X:0E68 Y:0000 S:0122 D:0000 DB:86 nvMxdizc V:253 H:286 F: 3
						8495E6 A6 2C       LDX $2C       [00002C] A:000D X:0E68 Y:0000 S:0122 D:0000 DB:86 nvMxdizc V:253 H:292 F: 3
						8495E8 A9 FB       LDA #$FB               A:000D X:0E68 Y:0000 S:0122 D:0000 DB:86 nvMxdizc V:253 H:299 F: 3
						8495EA 35 2B       AND $2B,X     [000E93] A:00FB X:0E68 Y:0000 S:0122 D:0000 DB:86 NvMxdizc V:253 H:302 F: 3
						8495EC 95 2B       STA $2B,X     [000E93] A:0002 X:0E68 Y:0000 S:0122 D:0000 DB:86 nvMxdizc V:253 H:309 F: 3
						8495EE 64 01       STZ $01       [000001] A:0002 X:0E68 Y:0000 S:0122 D:0000 DB:86 nvMxdizc V:253 H:315 F: 3
						8495F0 B5 2A       LDA $2A,X     [000E92] A:0002 X:0E68 Y:0000 S:0122 D:0000 DB:86 nvMxdizc V:253 H:320 F: 3
						8495F2 85 02       STA $02       [000002] A:000D X:0E68 Y:0000 S:0122 D:0000 DB:86 nvMxdizc V:253 H:326 F: 3
						8495F4 64 03       STZ $03       [000003] A:000D X:0E68 Y:0000 S:0122 D:0000 DB:86 nvMxdizc V:253 H:331 F: 3
						8495F6 B4 05       LDY $05,X     [000E6D] A:000D X:0E68 Y:0000 S:0122 D:0000 DB:86 nvMxdizc V:253 H:336 F: 3
						8495F8 84 10       STY $10       [000010] A:000D X:0E68 Y:141F S:0122 D:0000 DB:86 nvMxdizc V:254 H:  4 F: 3
						8495FA B4 08       LDY $08,X     [000E70] A:000D X:0E68 Y:141F S:0122 D:0000 DB:86 nvMxdizc V:254 H: 11 F: 3
						8495FC 84 12       STY $12       [000012] A:000D X:0E68 Y:0A9D S:0122 D:0000 DB:86 nvMxdizc V:254 H: 20 F: 3
						8495FE A6 28       LDX $28       [000028] A:000D X:0E68 Y:0A9D S:0122 D:0000 DB:86 nvMxdizc V:254 H: 27 F: 3
						849600 FC 1C 96    JSR ($961C,X) [84961C] A:000D X:0000 Y:0A9D S:0122 D:0000 DB:86 nvMxdiZc V:254 H: 34 F: 3

							84969C AD 1C 1F    LDA $1F1C     [861F1C] A:000D X:0000 Y:0A9D S:0120 D:0000 DB:86 nvMxdiZc V:254 H: 47 F: 3
							84969F F0 11       BEQ $0011     [8496B2] A:0000 X:0000 Y:0A9D S:0120 D:0000 DB:86 nvMxdiZc V:254 H: 53 F: 3
							8496B2 A9 00       LDA #$00               A:0000 X:0000 Y:0A9D S:0120 D:0000 DB:86 nvMxdiZc V:254 H: 58 F: 3
							8496B4 60          RTS                    A:0000 X:0000 Y:0A9D S:0120 D:0000 DB:86 nvMxdiZc V:254 H: 61 F: 3

						849603 F0 11       BEQ $0011     [849616] A:0000 X:0000 Y:0A9D S:0122 D:0000 DB:86 nvMxdiZc V:254 H: 71 F: 3
						849616 A6 2C       LDX $2C       [00002C] A:0000 X:0000 Y:0A9D S:0122 D:0000 DB:86 nvMxdiZc V:254 H: 75 F: 3
						849618 20 08 93    JSR $9308     [849308] A:0000 X:0E68 Y:0A9D S:0122 D:0000 DB:86 nvMxdizc V:254 H: 82 F: 3

							849308 A5 14       LDA $14       [000014] A:0000 X:0E68 Y:0A9D S:0120 D:0000 DB:86 nvMxdizc V:254 H: 92 F: 3
							84930A F0 08       BEQ $0008     [849314] A:0000 X:0E68 Y:0A9D S:0120 D:0000 DB:86 nvMxdiZc V:254 H: 97 F: 3
							849314 60          RTS                    A:0000 X:0E68 Y:0A9D S:0120 D:0000 DB:86 nvMxdiZc V:254 H:102 F: 3

						84961B 60          RTS                    A:0000 X:0E68 Y:0A9D S:0122 D:0000 DB:86 nvMxdiZc V:254 H:112 F: 3

					849275 D0 32       BNE $0032     [8492A9] A:0000 X:0E68 Y:0A9D S:0124 D:0000 DB:86 nvMxdiZc V:254 H:122 F: 3
					849277 A5 08       LDA $08       [000008] A:0000 X:0E68 Y:0A9D S:0124 D:0000 DB:86 nvMxdiZc V:254 H:125 F: 3
					849279 29 7F       AND #$7F               A:0084 X:0E68 Y:0A9D S:0124 D:0000 DB:86 NvMxdizc V:254 H:130 F: 3
					84927B 85 08       STA $08       [000008] A:0004 X:0E68 Y:0A9D S:0124 D:0000 DB:86 nvMxdizc V:254 H:133 F: 3
					84927D B4 20       LDY $20,X     [000E88] A:0004 X:0E68 Y:0A9D S:0124 D:0000 DB:86 nvMxdizc V:254 H:148 F: 3
					84927F B9 05 00    LDA $0005,Y   [86C94A] A:0004 X:0E68 Y:C945 S:0124 D:0000 DB:86 NvMxdizc V:254 H:156 F: 3
					849282 34 11       BIT $11,X     [000E79] A:0000 X:0E68 Y:C945 S:0124 D:0000 DB:86 nvMxdiZc V:254 H:164 F: 3
					849284 50 03       BVC $0003     [849289] A:0000 X:0E68 Y:C945 S:0124 D:0000 DB:86 nvMxdiZc V:254 H:170 F: 3
					849289 38          SEC                    A:0000 X:0E68 Y:C945 S:0124 D:0000 DB:86 nvMxdiZc V:254 H:175 F: 3
					84928A F9 07 00    SBC $0007,Y   [86C94C] A:0000 X:0E68 Y:C945 S:0124 D:0000 DB:86 nvMxdiZC V:254 H:178 F: 3
					84928D 95 29       STA $29,X     [000E91] A:00F1 X:0E68 Y:C945 S:0124 D:0000 DB:86 NvMxdizc V:254 H:185 F: 3
					84928F 20 C4 95    JSR $95C4     [8495C4] A:00F1 X:0E68 Y:C945 S:0124 D:0000 DB:86 NvMxdizc V:254 H:192 F: 3

						8495C4 B5 2A       LDA $2A,X     [000E92] A:00F1 X:0E68 Y:C945 S:0122 D:0000 DB:86 NvMxdizc V:254 H:202 F: 3
						8495C6 48          PHA                    A:000D X:0E68 Y:C945 S:0122 D:0000 DB:86 nvMxdizc V:254 H:208 F: 3
						8495C7 A5 08       LDA $08       [000008] A:000D X:0E68 Y:C945 S:0121 D:0000 DB:86 nvMxdizc V:254 H:213 F: 3
						8495C9 29 7F       AND #$7F               A:0004 X:0E68 Y:C945 S:0121 D:0000 DB:86 nvMxdizc V:254 H:218 F: 3
						8495CB 18          CLC                    A:0004 X:0E68 Y:C945 S:0121 D:0000 DB:86 nvMxdizc V:254 H:221 F: 3
						8495CC 75 2A       ADC $2A,X     [000E92] A:0004 X:0E68 Y:C945 S:0121 D:0000 DB:86 nvMxdizc V:254 H:224 F: 3
						8495CE 95 2A       STA $2A,X     [000E92] A:0011 X:0E68 Y:C945 S:0121 D:0000 DB:86 nvMxdizc V:254 H:231 F: 3
						8495D0 20 B3 90    JSR $90B3     [8490B3] A:0011 X:0E68 Y:C945 S:0121 D:0000 DB:86 nvMxdizc V:254 H:237 F: 3

							8490B3 0B          PHD                    A:0011 X:0E68 Y:C945 S:011F D:0000 DB:86 nvMxdizc V:254 H:247 F: 3
							8490B4 DA          PHX                    A:0011 X:0E68 Y:C945 S:011D D:0000 DB:86 nvMxdizc V:254 H:254 F: 3
							8490B5 08          PHP                    A:0011 X:0E68 Y:C945 S:011B D:0000 DB:86 nvMxdizc V:254 H:261 F: 3
							8490B6 E2 20       SEP #$20               A:0011 X:0E68 Y:C945 S:011A D:0000 DB:86 nvMxdizc V:254 H:266 F: 3
							8490B8 C2 10       REP #$10               A:0011 X:0E68 Y:C945 S:011A D:0000 DB:86 nvMxdizc V:254 H:271 F: 3
							8490BA 64 01       STZ $01       [000001] A:0011 X:0E68 Y:C945 S:011A D:0000 DB:86 nvMxdizc V:254 H:275 F: 3
							8490BC B5 29       LDA $29,X     [000E91] A:0011 X:0E68 Y:C945 S:011A D:0000 DB:86 nvMxdizc V:254 H:280 F: 3
							8490BE 10 02       BPL $0002     [8490C2] A:00F1 X:0E68 Y:C945 S:011A D:0000 DB:86 NvMxdizc V:254 H:287 F: 3
							8490C0 C6 01       DEC $01       [000001] A:00F1 X:0E68 Y:C945 S:011A D:0000 DB:86 NvMxdizc V:254 H:290 F: 3
							8490C2 18          CLC                    A:00F1 X:0E68 Y:C945 S:011A D:0000 DB:86 NvMxdizc V:254 H:298 F: 3
							8490C3 75 05       ADC $05,X     [000E6D] A:00F1 X:0E68 Y:C945 S:011A D:0000 DB:86 NvMxdizc V:254 H:301 F: 3
							8490C5 85 00       STA $00       [000000] A:0010 X:0E68 Y:C945 S:011A D:0000 DB:86 nvMxdizC V:254 H:308 F: 3
							8490C7 B5 06       LDA $06,X     [000E6E] A:0010 X:0E68 Y:C945 S:011A D:0000 DB:86 nvMxdizC V:254 H:313 F: 3
							8490C9 65 01       ADC $01       [000001] A:0014 X:0E68 Y:C945 S:011A D:0000 DB:86 nvMxdizC V:254 H:319 F: 3
							8490CB 85 01       STA $01       [000001] A:0014 X:0E68 Y:C945 S:011A D:0000 DB:86 nvMxdizC V:254 H:324 F: 3
							8490CD 64 03       STZ $03       [000003] A:0014 X:0E68 Y:C945 S:011A D:0000 DB:86 nvMxdizC V:254 H:328 F: 3
							8490CF B5 2A       LDA $2A,X     [000E92] A:0014 X:0E68 Y:C945 S:011A D:0000 DB:86 nvMxdizC V:254 H:333 F: 3
							8490D1 10 02       BPL $0002     [8490D5] A:0011 X:0E68 Y:C945 S:011A D:0000 DB:86 nvMxdizC V:255 H:  0 F: 3
							8490D5 18          CLC                    A:0011 X:0E68 Y:C945 S:011A D:0000 DB:86 nvMxdizC V:255 H:  4 F: 3
							8490D6 75 08       ADC $08,X     [000E70] A:0011 X:0E68 Y:C945 S:011A D:0000 DB:86 nvMxdizc V:255 H:  7 F: 3
							8490D8 85 02       STA $02       [000002] A:00AE X:0E68 Y:C945 S:011A D:0000 DB:86 NvMxdizc V:255 H: 14 F: 3
							8490DA 29 F0       AND #$F0               A:00AE X:0E68 Y:C945 S:011A D:0000 DB:86 NvMxdizc V:255 H: 19 F: 3
							8490DC 85 0A       STA $0A       [00000A] A:00A0 X:0E68 Y:C945 S:011A D:0000 DB:86 NvMxdizc V:255 H: 22 F: 3
							8490DE B5 09       LDA $09,X     [000E71] A:00A0 X:0E68 Y:C945 S:011A D:0000 DB:86 NvMxdizc V:255 H: 27 F: 3
							8490E0 65 03       ADC $03       [000003] A:000A X:0E68 Y:C945 S:011A D:0000 DB:86 nvMxdizc V:255 H: 33 F: 3
							8490E2 85 03       STA $03       [000003] A:000A X:0E68 Y:C945 S:011A D:0000 DB:86 nvMxdizc V:255 H: 38 F: 3
							8490E4 85 0B       STA $0B       [00000B] A:000A X:0E68 Y:C945 S:011A D:0000 DB:86 nvMxdizc V:255 H: 43 F: 3
							8490E6 A5 00       LDA $00       [000000] A:000A X:0E68 Y:C945 S:011A D:0000 DB:86 nvMxdizc V:255 H: 48 F: 3
							8490E8 29 0F       AND #$0F               A:0010 X:0E68 Y:C945 S:011A D:0000 DB:86 nvMxdizc V:255 H: 53 F: 3
							8490EA 1A          INC                    A:0000 X:0E68 Y:C945 S:011A D:0000 DB:86 nvMxdiZc V:255 H: 56 F: 3
							8490EB 85 0C       STA $0C       [00000C] A:0001 X:0E68 Y:C945 S:011A D:0000 DB:86 nvMxdizc V:255 H: 59 F: 3
							8490ED A5 02       LDA $02       [000002] A:0001 X:0E68 Y:C945 S:011A D:0000 DB:86 nvMxdizc V:255 H: 64 F: 3
							8490EF 29 0F       AND #$0F               A:00AE X:0E68 Y:C945 S:011A D:0000 DB:86 NvMxdizc V:255 H: 69 F: 3
							8490F1 1A          INC                    A:000E X:0E68 Y:C945 S:011A D:0000 DB:86 nvMxdizc V:255 H: 72 F: 3
							8490F2 85 0E       STA $0E       [00000E] A:000F X:0E68 Y:C945 S:011A D:0000 DB:86 nvMxdizc V:255 H: 75 F: 3
							8490F4 C2 20       REP #$20               A:000F X:0E68 Y:C945 S:011A D:0000 DB:86 nvMxdizc V:255 H: 80 F: 3
							8490F6 20 6A 91    JSR $916A     [84916A] A:000F X:0E68 Y:C945 S:011A D:0000 DB:86 nvmxdizc V:255 H: 85 F: 3

								84916A A9 00 E8    LDA #$E800             A:000F X:0E68 Y:C945 S:0118 D:0000 DB:86 nvmxdizc V:255 H: 95 F: 3
								84916D 85 10       STA $10       [000010] A:E800 X:0E68 Y:C945 S:0118 D:0000 DB:86 Nvmxdizc V:255 H: 99 F: 3
								84916F A9 7E 00    LDA #$007E             A:E800 X:0E68 Y:C945 S:0118 D:0000 DB:86 Nvmxdizc V:255 H:106 F: 3
								849172 85 12       STA $12       [000012] A:007E X:0E68 Y:C945 S:0118 D:0000 DB:86 nvmxdizc V:255 H:111 F: 3
								849174 A5 02       LDA $02       [000002] A:007E X:0E68 Y:C945 S:0118 D:0000 DB:86 nvmxdizc V:255 H:118 F: 3
								849176 29 F0 00    AND #$00F0             A:0AAE X:0E68 Y:C945 S:0118 D:0000 DB:86 nvmxdizc V:255 H:125 F: 3
								849179 0A          ASL A                  A:00A0 X:0E68 Y:C945 S:0118 D:0000 DB:86 nvmxdizc V:255 H:129 F: 3
								84917A 85 04       STA $04       [000004] A:0140 X:0E68 Y:C945 S:0118 D:0000 DB:86 nvmxdizc V:255 H:132 F: 3
								84917C A5 00       LDA $00       [000000] A:0140 X:0E68 Y:C945 S:0118 D:0000 DB:86 nvmxdizc V:255 H:149 F: 3
								84917E 29 FF 00    AND #$00FF             A:1410 X:0E68 Y:C945 S:0118 D:0000 DB:86 nvmxdizc V:255 H:156 F: 3
								849181 4A          LSR A                  A:0010 X:0E68 Y:C945 S:0118 D:0000 DB:86 nvmxdizc V:255 H:161 F: 3
								849182 4A          LSR A                  A:0008 X:0E68 Y:C945 S:0118 D:0000 DB:86 nvmxdizc V:255 H:164 F: 3
								849183 4A          LSR A                  A:0004 X:0E68 Y:C945 S:0118 D:0000 DB:86 nvmxdizc V:255 H:167 F: 3
								849184 29 FE FF    AND #$FFFE             A:0002 X:0E68 Y:C945 S:0118 D:0000 DB:86 nvmxdizc V:255 H:170 F: 3
								849187 18          CLC                    A:0002 X:0E68 Y:C945 S:0118 D:0000 DB:86 nvmxdizc V:255 H:174 F: 3
								849188 65 04       ADC $04       [000004] A:0002 X:0E68 Y:C945 S:0118 D:0000 DB:86 nvmxdizc V:255 H:177 F: 3
								84918A 85 06       STA $06       [000006] A:0142 X:0E68 Y:C945 S:0118 D:0000 DB:86 nvmxdizc V:255 H:184 F: 3
								84918C A5 00       LDA $00       [000000] A:0142 X:0E68 Y:C945 S:0118 D:0000 DB:86 nvmxdizc V:255 H:191 F: 3
								84918E EB          XBA                    A:1410 X:0E68 Y:C945 S:0118 D:0000 DB:86 nvmxdizc V:255 H:198 F: 3
								84918F 29 1F 00    AND #$001F             A:1014 X:0E68 Y:C945 S:0118 D:0000 DB:86 nvmxdizc V:255 H:203 F: 3
								849192 85 04       STA $04       [000004] A:0014 X:0E68 Y:C945 S:0118 D:0000 DB:86 nvmxdizc V:255 H:207 F: 3
								849194 A5 02       LDA $02       [000002] A:0014 X:0E68 Y:C945 S:0118 D:0000 DB:86 nvmxdizc V:255 H:214 F: 3
								849196 29 00 1F    AND #$1F00             A:0AAE X:0E68 Y:C945 S:0118 D:0000 DB:86 nvmxdizc V:255 H:221 F: 3
								849199 4A          LSR A                  A:0A00 X:0E68 Y:C945 S:0118 D:0000 DB:86 nvmxdizc V:255 H:226 F: 3
								84919A 4A          LSR A                  A:0500 X:0E68 Y:C945 S:0118 D:0000 DB:86 nvmxdizc V:255 H:229 F: 3
								84919B 4A          LSR A                  A:0280 X:0E68 Y:C945 S:0118 D:0000 DB:86 nvmxdizc V:255 H:232 F: 3
								84919C 18          CLC                    A:0140 X:0E68 Y:C945 S:0118 D:0000 DB:86 nvmxdizc V:255 H:235 F: 3
								84919D 65 04       ADC $04       [000004] A:0140 X:0E68 Y:C945 S:0118 D:0000 DB:86 nvmxdizc V:255 H:238 F: 3
								84919F A8          TAY                    A:0154 X:0E68 Y:C945 S:0118 D:0000 DB:86 nvmxdizc V:255 H:245 F: 3
								8491A0 B7 10       LDA [$10],Y   [7EE954] A:0154 X:0E68 Y:0154 S:0118 D:0000 DB:86 nvmxdizc V:255 H:248 F: 3
								8491A2 29 FF 00    AND #$00FF             A:0038 X:0E68 Y:0154 S:0118 D:0000 DB:86 nvmxdizc V:255 H:261 F: 3
								8491A5 A8          TAY                    A:0038 X:0E68 Y:0154 S:0118 D:0000 DB:86 nvmxdizc V:255 H:265 F: 3
								8491A6 EB          XBA                    A:0038 X:0E68 Y:0038 S:0118 D:0000 DB:86 nvmxdizc V:255 H:268 F: 3
								8491A7 0A          ASL A                  A:3800 X:0E68 Y:0038 S:0118 D:0000 DB:86 nvmxdiZc V:255 H:273 F: 3
								8491A8 18          CLC                    A:7000 X:0E68 Y:0038 S:0118 D:0000 DB:86 nvmxdizc V:255 H:276 F: 3
								8491A9 65 06       ADC $06       [000006] A:7000 X:0E68 Y:0038 S:0118 D:0000 DB:86 nvmxdizc V:255 H:279 F: 3
								8491AB AA          TAX                    A:7142 X:0E68 Y:0038 S:0118 D:0000 DB:86 nvmxdizc V:255 H:286 F: 3
								8491AC 60          RTS                    A:7142 X:7142 Y:0038 S:0118 D:0000 DB:86 nvmxdizc V:255 H:289 F: 3

							8490F9 BF 00 20 7E LDA $7E2000,X [7E9142] A:7142 X:7142 Y:0038 S:011A D:0000 DB:86 nvmxdizc V:255 H:299 F: 3
							8490FD A8          TAY                    A:0246 X:7142 Y:0038 S:011A D:0000 DB:86 nvmxdizc V:255 H:309 F: 3
							8490FE AD 92 0B    LDA $0B92     [860B92] A:0246 X:7142 Y:0246 S:011A D:0000 DB:86 nvmxdizc V:255 H:312 F: 3
							849101 85 10       STA $10       [000010] A:DB57 X:7142 Y:0246 S:011A D:0000 DB:86 Nvmxdizc V:255 H:320 F: 3
							849103 AD 94 0B    LDA $0B94     [860B94] A:DB57 X:7142 Y:0246 S:011A D:0000 DB:86 Nvmxdizc V:255 H:327 F: 3
							849106 85 12       STA $12       [000012] A:B895 X:7142 Y:0246 S:011A D:0000 DB:86 Nvmxdizc V:255 H:335 F: 3
							849108 B7 10       LDA [$10],Y   [95DD9D] A:B895 X:7142 Y:0246 S:011A D:0000 DB:86 Nvmxdizc V:256 H:  2 F: 3
							84910A 29 FF 00    AND #$00FF             A:0000 X:7142 Y:0246 S:011A D:0000 DB:86 nvmxdiZc V:256 H: 14 F: 3
							84910D 28          PLP                    A:0000 X:7142 Y:0246 S:011A D:0000 DB:86 nvmxdiZc V:256 H: 18 F: 3
							84910E FA          PLX                    A:0000 X:7142 Y:0246 S:011B D:0000 DB:86 nvMxdizc V:256 H: 25 F: 3
							84910F 2B          PLD                    A:0000 X:0E68 Y:0246 S:011D D:0000 DB:86 nvMxdizc V:256 H: 33 F: 3
							849110 60          RTS                    A:0000 X:0E68 Y:0246 S:011F D:0000 DB:86 nvMxdiZc V:256 H: 42 F: 3

						8495D3 95 2E       STA $2E,X     [000E96] A:0000 X:0E68 Y:0246 S:0121 D:0000 DB:86 nvMxdiZc V:256 H: 52 F: 3
						8495D5 85 18       STA $18       [000018] A:0000 X:0E68 Y:0246 S:0121 D:0000 DB:86 nvMxdiZc V:256 H: 58 F: 3
						8495D7 29 3F       AND #$3F               A:0000 X:0E68 Y:0246 S:0121 D:0000 DB:86 nvMxdiZc V:256 H: 63 F: 3
						8495D9 0A          ASL A                  A:0000 X:0E68 Y:0246 S:0121 D:0000 DB:86 nvMxdiZc V:256 H: 66 F: 3
						8495DA EB          XBA                    A:0000 X:0E68 Y:0246 S:0121 D:0000 DB:86 nvMxdiZc V:256 H: 69 F: 3
						8495DB A9 00       LDA #$00               A:0000 X:0E68 Y:0246 S:0121 D:0000 DB:86 nvMxdiZc V:256 H: 74 F: 3
						8495DD EB          XBA                    A:0000 X:0E68 Y:0246 S:0121 D:0000 DB:86 nvMxdiZc V:256 H: 77 F: 3
						8495DE A8          TAY                    A:0000 X:0E68 Y:0246 S:0121 D:0000 DB:86 nvMxdiZc V:256 H: 81 F: 3
						8495DF 84 28       STY $28       [000028] A:0000 X:0E68 Y:0000 S:0121 D:0000 DB:86 nvMxdiZc V:256 H: 84 F: 3
						8495E1 86 2C       STX $2C       [00002C] A:0000 X:0E68 Y:0000 S:0121 D:0000 DB:86 nvMxdiZc V:256 H: 91 F: 3
						8495E3 68          PLA                    A:0000 X:0E68 Y:0000 S:0121 D:0000 DB:86 nvMxdiZc V:256 H: 98 F: 3
						8495E4 95 2A       STA $2A,X     [000E92] A:000D X:0E68 Y:0000 S:0122 D:0000 DB:86 nvMxdizc V:256 H:105 F: 3
						8495E6 A6 2C       LDX $2C       [00002C] A:000D X:0E68 Y:0000 S:0122 D:0000 DB:86 nvMxdizc V:256 H:111 F: 3
						8495E8 A9 FB       LDA #$FB               A:000D X:0E68 Y:0000 S:0122 D:0000 DB:86 nvMxdizc V:256 H:118 F: 3
						8495EA 35 2B       AND $2B,X     [000E93] A:00FB X:0E68 Y:0000 S:0122 D:0000 DB:86 NvMxdizc V:256 H:121 F: 3
						8495EC 95 2B       STA $2B,X     [000E93] A:0002 X:0E68 Y:0000 S:0122 D:0000 DB:86 nvMxdizc V:256 H:128 F: 3
						8495EE 64 01       STZ $01       [000001] A:0002 X:0E68 Y:0000 S:0122 D:0000 DB:86 nvMxdizc V:256 H:144 F: 3
						8495F0 B5 2A       LDA $2A,X     [000E92] A:0002 X:0E68 Y:0000 S:0122 D:0000 DB:86 nvMxdizc V:256 H:149 F: 3
						8495F2 85 02       STA $02       [000002] A:000D X:0E68 Y:0000 S:0122 D:0000 DB:86 nvMxdizc V:256 H:156 F: 3
						8495F4 64 03       STZ $03       [000003] A:000D X:0E68 Y:0000 S:0122 D:0000 DB:86 nvMxdizc V:256 H:161 F: 3
						8495F6 B4 05       LDY $05,X     [000E6D] A:000D X:0E68 Y:0000 S:0122 D:0000 DB:86 nvMxdizc V:256 H:166 F: 3
						8495F8 84 10       STY $10       [000010] A:000D X:0E68 Y:141F S:0122 D:0000 DB:86 nvMxdizc V:256 H:174 F: 3
						8495FA B4 08       LDY $08,X     [000E70] A:000D X:0E68 Y:141F S:0122 D:0000 DB:86 nvMxdizc V:256 H:181 F: 3
						8495FC 84 12       STY $12       [000012] A:000D X:0E68 Y:0A9D S:0122 D:0000 DB:86 nvMxdizc V:256 H:190 F: 3
						8495FE A6 28       LDX $28       [000028] A:000D X:0E68 Y:0A9D S:0122 D:0000 DB:86 nvMxdizc V:256 H:197 F: 3
						849600 FC 1C 96    JSR ($961C,X) [84961C] A:000D X:0000 Y:0A9D S:0122 D:0000 DB:86 nvMxdiZc V:256 H:204 F: 3

							84969C AD 1C 1F    LDA $1F1C     [861F1C] A:000D X:0000 Y:0A9D S:0120 D:0000 DB:86 nvMxdiZc V:256 H:217 F: 3
							84969F F0 11       BEQ $0011     [8496B2] A:0000 X:0000 Y:0A9D S:0120 D:0000 DB:86 nvMxdiZc V:256 H:223 F: 3
							8496B2 A9 00       LDA #$00               A:0000 X:0000 Y:0A9D S:0120 D:0000 DB:86 nvMxdiZc V:256 H:228 F: 3
							8496B4 60          RTS                    A:0000 X:0000 Y:0A9D S:0120 D:0000 DB:86 nvMxdiZc V:256 H:231 F: 3

						849603 F0 11       BEQ $0011     [849616] A:0000 X:0000 Y:0A9D S:0122 D:0000 DB:86 nvMxdiZc V:256 H:241 F: 3
						849616 A6 2C       LDX $2C       [00002C] A:0000 X:0000 Y:0A9D S:0122 D:0000 DB:86 nvMxdiZc V:256 H:245 F: 3
						849618 20 08 93    JSR $9308     [849308] A:0000 X:0E68 Y:0A9D S:0122 D:0000 DB:86 nvMxdizc V:256 H:252 F: 3

							849308 A5 14       LDA $14       [000014] A:0000 X:0E68 Y:0A9D S:0120 D:0000 DB:86 nvMxdizc V:256 H:262 F: 3
							84930A F0 08       BEQ $0008     [849314] A:0000 X:0E68 Y:0A9D S:0120 D:0000 DB:86 nvMxdiZc V:256 H:267 F: 3
							849314 60          RTS                    A:0000 X:0E68 Y:0A9D S:0120 D:0000 DB:86 nvMxdiZc V:256 H:272 F: 3

						84961B 60          RTS                    A:0000 X:0E68 Y:0A9D S:0122 D:0000 DB:86 nvMxdiZc V:256 H:282 F: 3

					849292 D0 15       BNE $0015     [8492A9] A:0000 X:0E68 Y:0A9D S:0124 D:0000 DB:86 nvMxdiZc V:256 H:292 F: 3
					849294 B4 20       LDY $20,X     [000E88] A:0000 X:0E68 Y:0A9D S:0124 D:0000 DB:86 nvMxdiZc V:256 H:295 F: 3
					849296 B9 05 00    LDA $0005,Y   [86C94A] A:0000 X:0E68 Y:C945 S:0124 D:0000 DB:86 NvMxdizc V:256 H:303 F: 3
					849299 34 11       BIT $11,X     [000E79] A:0000 X:0E68 Y:C945 S:0124 D:0000 DB:86 nvMxdiZc V:256 H:311 F: 3
					84929B 50 03       BVC $0003     [8492A0] A:0000 X:0E68 Y:C945 S:0124 D:0000 DB:86 nvMxdiZc V:256 H:317 F: 3
					8492A0 18          CLC                    A:0000 X:0E68 Y:C945 S:0124 D:0000 DB:86 nvMxdiZc V:256 H:322 F: 3
					8492A1 79 07 00    ADC $0007,Y   [86C94C] A:0000 X:0E68 Y:C945 S:0124 D:0000 DB:86 nvMxdiZc V:256 H:324 F: 3
					8492A4 95 29       STA $29,X     [000E91] A:000F X:0E68 Y:C945 S:0124 D:0000 DB:86 nvMxdizc V:256 H:331 F: 3
					8492A6 20 C4 95    JSR $95C4     [8495C4] A:000F X:0E68 Y:C945 S:0124 D:0000 DB:86 nvMxdizc V:256 H:338 F: 3

						8495C4 B5 2A       LDA $2A,X     [000E92] A:000F X:0E68 Y:C945 S:0122 D:0000 DB:86 nvMxdizc V:257 H:  8 F: 3
						8495C6 48          PHA                    A:000D X:0E68 Y:C945 S:0122 D:0000 DB:86 nvMxdizc V:257 H: 14 F: 3
						8495C7 A5 08       LDA $08       [000008] A:000D X:0E68 Y:C945 S:0121 D:0000 DB:86 nvMxdizc V:257 H: 19 F: 3
						8495C9 29 7F       AND #$7F               A:0004 X:0E68 Y:C945 S:0121 D:0000 DB:86 nvMxdizc V:257 H: 24 F: 3
						8495CB 18          CLC                    A:0004 X:0E68 Y:C945 S:0121 D:0000 DB:86 nvMxdizc V:257 H: 27 F: 3
						8495CC 75 2A       ADC $2A,X     [000E92] A:0004 X:0E68 Y:C945 S:0121 D:0000 DB:86 nvMxdizc V:257 H: 30 F: 3
						8495CE 95 2A       STA $2A,X     [000E92] A:0011 X:0E68 Y:C945 S:0121 D:0000 DB:86 nvMxdizc V:257 H: 37 F: 3
						8495D0 20 B3 90    JSR $90B3     [8490B3] A:0011 X:0E68 Y:C945 S:0121 D:0000 DB:86 nvMxdizc V:257 H: 43 F: 3

							8490B3 0B          PHD                    A:0011 X:0E68 Y:C945 S:011F D:0000 DB:86 nvMxdizc V:257 H: 53 F: 3
							8490B4 DA          PHX                    A:0011 X:0E68 Y:C945 S:011D D:0000 DB:86 nvMxdizc V:257 H: 60 F: 3
							8490B5 08          PHP                    A:0011 X:0E68 Y:C945 S:011B D:0000 DB:86 nvMxdizc V:257 H: 67 F: 3
							8490B6 E2 20       SEP #$20               A:0011 X:0E68 Y:C945 S:011A D:0000 DB:86 nvMxdizc V:257 H: 72 F: 3
							8490B8 C2 10       REP #$10               A:0011 X:0E68 Y:C945 S:011A D:0000 DB:86 nvMxdizc V:257 H: 77 F: 3
							8490BA 64 01       STZ $01       [000001] A:0011 X:0E68 Y:C945 S:011A D:0000 DB:86 nvMxdizc V:257 H: 81 F: 3
							8490BC B5 29       LDA $29,X     [000E91] A:0011 X:0E68 Y:C945 S:011A D:0000 DB:86 nvMxdizc V:257 H: 86 F: 3
							8490BE 10 02       BPL $0002     [8490C2] A:000F X:0E68 Y:C945 S:011A D:0000 DB:86 nvMxdizc V:257 H: 93 F: 3
							8490C2 18          CLC                    A:000F X:0E68 Y:C945 S:011A D:0000 DB:86 nvMxdizc V:257 H: 97 F: 3
							8490C3 75 05       ADC $05,X     [000E6D] A:000F X:0E68 Y:C945 S:011A D:0000 DB:86 nvMxdizc V:257 H:100 F: 3
							8490C5 85 00       STA $00       [000000] A:002E X:0E68 Y:C945 S:011A D:0000 DB:86 nvMxdizc V:257 H:107 F: 3
							8490C7 B5 06       LDA $06,X     [000E6E] A:002E X:0E68 Y:C945 S:011A D:0000 DB:86 nvMxdizc V:257 H:112 F: 3
							8490C9 65 01       ADC $01       [000001] A:0014 X:0E68 Y:C945 S:011A D:0000 DB:86 nvMxdizc V:257 H:118 F: 3
							8490CB 85 01       STA $01       [000001] A:0014 X:0E68 Y:C945 S:011A D:0000 DB:86 nvMxdizc V:257 H:123 F: 3
							8490CD 64 03       STZ $03       [000003] A:0014 X:0E68 Y:C945 S:011A D:0000 DB:86 nvMxdizc V:257 H:128 F: 3
							8490CF B5 2A       LDA $2A,X     [000E92] A:0014 X:0E68 Y:C945 S:011A D:0000 DB:86 nvMxdizc V:257 H:143 F: 3
							8490D1 10 02       BPL $0002     [8490D5] A:0011 X:0E68 Y:C945 S:011A D:0000 DB:86 nvMxdizc V:257 H:150 F: 3
							8490D5 18          CLC                    A:0011 X:0E68 Y:C945 S:011A D:0000 DB:86 nvMxdizc V:257 H:154 F: 3
							8490D6 75 08       ADC $08,X     [000E70] A:0011 X:0E68 Y:C945 S:011A D:0000 DB:86 nvMxdizc V:257 H:157 F: 3
							8490D8 85 02       STA $02       [000002] A:00AE X:0E68 Y:C945 S:011A D:0000 DB:86 NvMxdizc V:257 H:164 F: 3
							8490DA 29 F0       AND #$F0               A:00AE X:0E68 Y:C945 S:011A D:0000 DB:86 NvMxdizc V:257 H:169 F: 3
							8490DC 85 0A       STA $0A       [00000A] A:00A0 X:0E68 Y:C945 S:011A D:0000 DB:86 NvMxdizc V:257 H:172 F: 3
							8490DE B5 09       LDA $09,X     [000E71] A:00A0 X:0E68 Y:C945 S:011A D:0000 DB:86 NvMxdizc V:257 H:177 F: 3
							8490E0 65 03       ADC $03       [000003] A:000A X:0E68 Y:C945 S:011A D:0000 DB:86 nvMxdizc V:257 H:183 F: 3
							8490E2 85 03       STA $03       [000003] A:000A X:0E68 Y:C945 S:011A D:0000 DB:86 nvMxdizc V:257 H:188 F: 3
							8490E4 85 0B       STA $0B       [00000B] A:000A X:0E68 Y:C945 S:011A D:0000 DB:86 nvMxdizc V:257 H:193 F: 3
							8490E6 A5 00       LDA $00       [000000] A:000A X:0E68 Y:C945 S:011A D:0000 DB:86 nvMxdizc V:257 H:198 F: 3
							8490E8 29 0F       AND #$0F               A:002E X:0E68 Y:C945 S:011A D:0000 DB:86 nvMxdizc V:257 H:203 F: 3
							8490EA 1A          INC                    A:000E X:0E68 Y:C945 S:011A D:0000 DB:86 nvMxdizc V:257 H:206 F: 3
							8490EB 85 0C       STA $0C       [00000C] A:000F X:0E68 Y:C945 S:011A D:0000 DB:86 nvMxdizc V:257 H:209 F: 3
							8490ED A5 02       LDA $02       [000002] A:000F X:0E68 Y:C945 S:011A D:0000 DB:86 nvMxdizc V:257 H:214 F: 3
							8490EF 29 0F       AND #$0F               A:00AE X:0E68 Y:C945 S:011A D:0000 DB:86 NvMxdizc V:257 H:219 F: 3
							8490F1 1A          INC                    A:000E X:0E68 Y:C945 S:011A D:0000 DB:86 nvMxdizc V:257 H:222 F: 3
							8490F2 85 0E       STA $0E       [00000E] A:000F X:0E68 Y:C945 S:011A D:0000 DB:86 nvMxdizc V:257 H:225 F: 3
							8490F4 C2 20       REP #$20               A:000F X:0E68 Y:C945 S:011A D:0000 DB:86 nvMxdizc V:257 H:230 F: 3
							8490F6 20 6A 91    JSR $916A     [84916A] A:000F X:0E68 Y:C945 S:011A D:0000 DB:86 nvmxdizc V:257 H:235 F: 3

								84916A A9 00 E8    LDA #$E800             A:000F X:0E68 Y:C945 S:0118 D:0000 DB:86 nvmxdizc V:257 H:245 F: 3
								84916D 85 10       STA $10       [000010] A:E800 X:0E68 Y:C945 S:0118 D:0000 DB:86 Nvmxdizc V:257 H:249 F: 3
								84916F A9 7E 00    LDA #$007E             A:E800 X:0E68 Y:C945 S:0118 D:0000 DB:86 Nvmxdizc V:257 H:256 F: 3
								849172 85 12       STA $12       [000012] A:007E X:0E68 Y:C945 S:0118 D:0000 DB:86 nvmxdizc V:257 H:261 F: 3
								849174 A5 02       LDA $02       [000002] A:007E X:0E68 Y:C945 S:0118 D:0000 DB:86 nvmxdizc V:257 H:268 F: 3
								849176 29 F0 00    AND #$00F0             A:0AAE X:0E68 Y:C945 S:0118 D:0000 DB:86 nvmxdizc V:257 H:275 F: 3
								849179 0A          ASL A                  A:00A0 X:0E68 Y:C945 S:0118 D:0000 DB:86 nvmxdizc V:257 H:279 F: 3
								84917A 85 04       STA $04       [000004] A:0140 X:0E68 Y:C945 S:0118 D:0000 DB:86 nvmxdizc V:257 H:282 F: 3
								84917C A5 00       LDA $00       [000000] A:0140 X:0E68 Y:C945 S:0118 D:0000 DB:86 nvmxdizc V:257 H:289 F: 3
								84917E 29 FF 00    AND #$00FF             A:142E X:0E68 Y:C945 S:0118 D:0000 DB:86 nvmxdizc V:257 H:296 F: 3
								849181 4A          LSR A                  A:002E X:0E68 Y:C945 S:0118 D:0000 DB:86 nvmxdizc V:257 H:301 F: 3
								849182 4A          LSR A                  A:0017 X:0E68 Y:C945 S:0118 D:0000 DB:86 nvmxdizc V:257 H:304 F: 3
								849183 4A          LSR A                  A:000B X:0E68 Y:C945 S:0118 D:0000 DB:86 nvmxdizC V:257 H:307 F: 3
								849184 29 FE FF    AND #$FFFE             A:0005 X:0E68 Y:C945 S:0118 D:0000 DB:86 nvmxdizC V:257 H:310 F: 3
								849187 18          CLC                    A:0004 X:0E68 Y:C945 S:0118 D:0000 DB:86 nvmxdizC V:257 H:314 F: 3
								849188 65 04       ADC $04       [000004] A:0004 X:0E68 Y:C945 S:0118 D:0000 DB:86 nvmxdizc V:257 H:317 F: 3
								84918A 85 06       STA $06       [000006] A:0144 X:0E68 Y:C945 S:0118 D:0000 DB:86 nvmxdizc V:257 H:324 F: 3
								84918C A5 00       LDA $00       [000000] A:0144 X:0E68 Y:C945 S:0118 D:0000 DB:86 nvmxdizc V:257 H:330 F: 3
								84918E EB          XBA                    A:142E X:0E68 Y:C945 S:0118 D:0000 DB:86 nvmxdizc V:257 H:337 F: 3
								84918F 29 1F 00    AND #$001F             A:2E14 X:0E68 Y:C945 S:0118 D:0000 DB:86 nvmxdizc V:258 H:  2 F: 3
								849192 85 04       STA $04       [000004] A:0014 X:0E68 Y:C945 S:0118 D:0000 DB:86 nvmxdizc V:258 H:  6 F: 3
								849194 A5 02       LDA $02       [000002] A:0014 X:0E68 Y:C945 S:0118 D:0000 DB:86 nvmxdizc V:258 H: 13 F: 3
								849196 29 00 1F    AND #$1F00             A:0AAE X:0E68 Y:C945 S:0118 D:0000 DB:86 nvmxdizc V:258 H: 20 F: 3
								849199 4A          LSR A                  A:0A00 X:0E68 Y:C945 S:0118 D:0000 DB:86 nvmxdizc V:258 H: 25 F: 3
								84919A 4A          LSR A                  A:0500 X:0E68 Y:C945 S:0118 D:0000 DB:86 nvmxdizc V:258 H: 28 F: 3
								84919B 4A          LSR A                  A:0280 X:0E68 Y:C945 S:0118 D:0000 DB:86 nvmxdizc V:258 H: 31 F: 3
								84919C 18          CLC                    A:0140 X:0E68 Y:C945 S:0118 D:0000 DB:86 nvmxdizc V:258 H: 34 F: 3
								84919D 65 04       ADC $04       [000004] A:0140 X:0E68 Y:C945 S:0118 D:0000 DB:86 nvmxdizc V:258 H: 37 F: 3
								84919F A8          TAY                    A:0154 X:0E68 Y:C945 S:0118 D:0000 DB:86 nvmxdizc V:258 H: 44 F: 3
								8491A0 B7 10       LDA [$10],Y   [7EE954] A:0154 X:0E68 Y:0154 S:0118 D:0000 DB:86 nvmxdizc V:258 H: 47 F: 3
								8491A2 29 FF 00    AND #$00FF             A:0038 X:0E68 Y:0154 S:0118 D:0000 DB:86 nvmxdizc V:258 H: 60 F: 3
								8491A5 A8          TAY                    A:0038 X:0E68 Y:0154 S:0118 D:0000 DB:86 nvmxdizc V:258 H: 64 F: 3
								8491A6 EB          XBA                    A:0038 X:0E68 Y:0038 S:0118 D:0000 DB:86 nvmxdizc V:258 H: 67 F: 3
								8491A7 0A          ASL A                  A:3800 X:0E68 Y:0038 S:0118 D:0000 DB:86 nvmxdiZc V:258 H: 72 F: 3
								8491A8 18          CLC                    A:7000 X:0E68 Y:0038 S:0118 D:0000 DB:86 nvmxdizc V:258 H: 75 F: 3
								8491A9 65 06       ADC $06       [000006] A:7000 X:0E68 Y:0038 S:0118 D:0000 DB:86 nvmxdizc V:258 H: 78 F: 3
								8491AB AA          TAX                    A:7144 X:0E68 Y:0038 S:0118 D:0000 DB:86 nvmxdizc V:258 H: 85 F: 3
								8491AC 60          RTS                    A:7144 X:7144 Y:0038 S:0118 D:0000 DB:86 nvmxdizc V:258 H: 88 F: 3

							8490F9 BF 00 20 7E LDA $7E2000,X [7E9144] A:7144 X:7144 Y:0038 S:011A D:0000 DB:86 nvmxdizc V:258 H: 98 F: 3
							8490FD A8          TAY                    A:01D2 X:7144 Y:0038 S:011A D:0000 DB:86 nvmxdizc V:258 H:108 F: 3
							8490FE AD 92 0B    LDA $0B92     [860B92] A:01D2 X:7144 Y:01D2 S:011A D:0000 DB:86 nvmxdizc V:258 H:111 F: 3
							849101 85 10       STA $10       [000010] A:DB57 X:7144 Y:01D2 S:011A D:0000 DB:86 Nvmxdizc V:258 H:119 F: 3
							849103 AD 94 0B    LDA $0B94     [860B94] A:DB57 X:7144 Y:01D2 S:011A D:0000 DB:86 Nvmxdizc V:258 H:126 F: 3
							849106 85 12       STA $12       [000012] A:B895 X:7144 Y:01D2 S:011A D:0000 DB:86 Nvmxdizc V:258 H:145 F: 3
							849108 B7 10       LDA [$10],Y   [95DD29] A:B895 X:7144 Y:01D2 S:011A D:0000 DB:86 Nvmxdizc V:258 H:152 F: 3
							84910A 29 FF 00    AND #$00FF             A:0000 X:7144 Y:01D2 S:011A D:0000 DB:86 nvmxdiZc V:258 H:164 F: 3
							84910D 28          PLP                    A:0000 X:7144 Y:01D2 S:011A D:0000 DB:86 nvmxdiZc V:258 H:168 F: 3
							84910E FA          PLX                    A:0000 X:7144 Y:01D2 S:011B D:0000 DB:86 nvMxdizc V:258 H:175 F: 3
							84910F 2B          PLD                    A:0000 X:0E68 Y:01D2 S:011D D:0000 DB:86 nvMxdizc V:258 H:183 F: 3
							849110 60          RTS                    A:0000 X:0E68 Y:01D2 S:011F D:0000 DB:86 nvMxdiZc V:258 H:192 F: 3

						8495D3 95 2E       STA $2E,X     [000E96] A:0000 X:0E68 Y:01D2 S:0121 D:0000 DB:86 nvMxdiZc V:258 H:202 F: 3
						8495D5 85 18       STA $18       [000018] A:0000 X:0E68 Y:01D2 S:0121 D:0000 DB:86 nvMxdiZc V:258 H:208 F: 3
						8495D7 29 3F       AND #$3F               A:0000 X:0E68 Y:01D2 S:0121 D:0000 DB:86 nvMxdiZc V:258 H:213 F: 3
						8495D9 0A          ASL A                  A:0000 X:0E68 Y:01D2 S:0121 D:0000 DB:86 nvMxdiZc V:258 H:216 F: 3
						8495DA EB          XBA                    A:0000 X:0E68 Y:01D2 S:0121 D:0000 DB:86 nvMxdiZc V:258 H:219 F: 3
						8495DB A9 00       LDA #$00               A:0000 X:0E68 Y:01D2 S:0121 D:0000 DB:86 nvMxdiZc V:258 H:224 F: 3
						8495DD EB          XBA                    A:0000 X:0E68 Y:01D2 S:0121 D:0000 DB:86 nvMxdiZc V:258 H:227 F: 3
						8495DE A8          TAY                    A:0000 X:0E68 Y:01D2 S:0121 D:0000 DB:86 nvMxdiZc V:258 H:231 F: 3
						8495DF 84 28       STY $28       [000028] A:0000 X:0E68 Y:0000 S:0121 D:0000 DB:86 nvMxdiZc V:258 H:234 F: 3
						8495E1 86 2C       STX $2C       [00002C] A:0000 X:0E68 Y:0000 S:0121 D:0000 DB:86 nvMxdiZc V:258 H:241 F: 3
						8495E3 68          PLA                    A:0000 X:0E68 Y:0000 S:0121 D:0000 DB:86 nvMxdiZc V:258 H:248 F: 3
						8495E4 95 2A       STA $2A,X     [000E92] A:000D X:0E68 Y:0000 S:0122 D:0000 DB:86 nvMxdizc V:258 H:255 F: 3
						8495E6 A6 2C       LDX $2C       [00002C] A:000D X:0E68 Y:0000 S:0122 D:0000 DB:86 nvMxdizc V:258 H:261 F: 3
						8495E8 A9 FB       LDA #$FB               A:000D X:0E68 Y:0000 S:0122 D:0000 DB:86 nvMxdizc V:258 H:268 F: 3
						8495EA 35 2B       AND $2B,X     [000E93] A:00FB X:0E68 Y:0000 S:0122 D:0000 DB:86 NvMxdizc V:258 H:271 F: 3
						8495EC 95 2B       STA $2B,X     [000E93] A:0002 X:0E68 Y:0000 S:0122 D:0000 DB:86 nvMxdizc V:258 H:278 F: 3
						8495EE 64 01       STZ $01       [000001] A:0002 X:0E68 Y:0000 S:0122 D:0000 DB:86 nvMxdizc V:258 H:284 F: 3
						8495F0 B5 2A       LDA $2A,X     [000E92] A:0002 X:0E68 Y:0000 S:0122 D:0000 DB:86 nvMxdizc V:258 H:289 F: 3
						8495F2 85 02       STA $02       [000002] A:000D X:0E68 Y:0000 S:0122 D:0000 DB:86 nvMxdizc V:258 H:296 F: 3
						8495F4 64 03       STZ $03       [000003] A:000D X:0E68 Y:0000 S:0122 D:0000 DB:86 nvMxdizc V:258 H:301 F: 3
						8495F6 B4 05       LDY $05,X     [000E6D] A:000D X:0E68 Y:0000 S:0122 D:0000 DB:86 nvMxdizc V:258 H:306 F: 3
						8495F8 84 10       STY $10       [000010] A:000D X:0E68 Y:141F S:0122 D:0000 DB:86 nvMxdizc V:258 H:314 F: 3
						8495FA B4 08       LDY $08,X     [000E70] A:000D X:0E68 Y:141F S:0122 D:0000 DB:86 nvMxdizc V:258 H:321 F: 3
						8495FC 84 12       STY $12       [000012] A:000D X:0E68 Y:0A9D S:0122 D:0000 DB:86 nvMxdizc V:258 H:329 F: 3
						8495FE A6 28       LDX $28       [000028] A:000D X:0E68 Y:0A9D S:0122 D:0000 DB:86 nvMxdizc V:258 H:336 F: 3
						849600 FC 1C 96    JSR ($961C,X) [84961C] A:000D X:0000 Y:0A9D S:0122 D:0000 DB:86 nvMxdiZc V:259 H:  3 F: 3

							84969C AD 1C 1F    LDA $1F1C     [861F1C] A:000D X:0000 Y:0A9D S:0120 D:0000 DB:86 nvMxdiZc V:259 H: 16 F: 3
							84969F F0 11       BEQ $0011     [8496B2] A:0000 X:0000 Y:0A9D S:0120 D:0000 DB:86 nvMxdiZc V:259 H: 22 F: 3
							8496B2 A9 00       LDA #$00               A:0000 X:0000 Y:0A9D S:0120 D:0000 DB:86 nvMxdiZc V:259 H: 27 F: 3
							8496B4 60          RTS                    A:0000 X:0000 Y:0A9D S:0120 D:0000 DB:86 nvMxdiZc V:259 H: 30 F: 3

						849603 F0 11       BEQ $0011     [849616] A:0000 X:0000 Y:0A9D S:0122 D:0000 DB:86 nvMxdiZc V:259 H: 40 F: 3
						849616 A6 2C       LDX $2C       [00002C] A:0000 X:0000 Y:0A9D S:0122 D:0000 DB:86 nvMxdiZc V:259 H: 44 F: 3
						849618 20 08 93    JSR $9308     [849308] A:0000 X:0E68 Y:0A9D S:0122 D:0000 DB:86 nvMxdizc V:259 H: 51 F: 3

							849308 A5 14       LDA $14       [000014] A:0000 X:0E68 Y:0A9D S:0120 D:0000 DB:86 nvMxdizc V:259 H: 61 F: 3
							84930A F0 08       BEQ $0008     [849314] A:0000 X:0E68 Y:0A9D S:0120 D:0000 DB:86 nvMxdiZc V:259 H: 66 F: 3
							849314 60          RTS                    A:0000 X:0E68 Y:0A9D S:0120 D:0000 DB:86 nvMxdiZc V:259 H: 71 F: 3

						84961B 60          RTS                    A:0000 X:0E68 Y:0A9D S:0122 D:0000 DB:86 nvMxdiZc V:259 H: 81 F: 3

					8492A9 C2 30       REP #$30               A:0000 X:0E68 Y:0A9D S:0124 D:0000 DB:86 nvMxdiZc V:259 H: 91 F: 3
					8492AB 60          RTS                    A:0000 X:0E68 Y:0A9D S:0124 D:0000 DB:86 nvmxdiZc V:259 H: 95 F: 3

				8491DB 2B          PLD                    A:0000 X:0E68 Y:0A9D S:0126 D:0000 DB:86 nvmxdiZc V:259 H:105 F: 3
				8491DC 28          PLP                    A:0000 X:0E68 Y:0A9D S:0128 D:0E68 DB:86 nvmxdizc V:259 H:114 F: 3
				8491DD 6B          RTL                    A:0000 X:0068 Y:009D S:0129 D:0E68 DB:86 nvMXdizc V:259 H:120 F: 3

			83B49B 22 EA 8E 84 JSL $848EEA   [848EEA] A:0000 X:0068 Y:009D S:012C D:0E68 DB:86 nvMXdizc V:259 H:131 F: 3		JSL $848EEA --> Decrease CDSkel, Continue Skeleton

				848EEA 08          PHP                    A:0000 X:0068 Y:009D S:0129 D:0E68 DB:86 nvMXdizc V:259 H:154 F: 3
				848EEB 8B          PHB                    A:0000 X:0068 Y:009D S:0128 D:0E68 DB:86 nvMXdizc V:259 H:159 F: 3
				848EEC E2 30       SEP #$30               A:0000 X:0068 Y:009D S:0127 D:0E68 DB:86 nvMXdizc V:259 H:164 F: 3
				848EEE C6 13       DEC $13       [000E7B] A:0000 X:0068 Y:009D S:0127 D:0E68 DB:86 nvMXdizc V:259 H:169 F: 3
				848EF0 D0 5D       BNE $005D     [848F4F] A:0000 X:0068 Y:009D S:0127 D:0E68 DB:86 nvMXdiZc V:259 H:179 F: 3
				848EF2 A9 AF       LDA #$AF               A:0000 X:0068 Y:009D S:0127 D:0E68 DB:86 nvMXdiZc V:259 H:182 F: 3
				848EF4 48          PHA                    A:00AF X:0068 Y:009D S:0127 D:0E68 DB:86 NvMXdizc V:259 H:185 F: 3
				848EF5 AB          PLB                    A:00AF X:0068 Y:009D S:0126 D:0E68 DB:86 NvMXdizc V:259 H:190 F: 3
				848EF6 C2 21       REP #$21               A:00AF X:0068 Y:009D S:0127 D:0E68 DB:AF NvMXdizc V:259 H:196 F: 3
				848EF8 A5 14       LDA $14       [000E7C] A:00AF X:0068 Y:009D S:0127 D:0E68 DB:AF NvmXdizc V:259 H:201 F: 3
				848EFA 69 03 00    ADC #$0003             A:CE2A X:0068 Y:009D S:0127 D:0E68 DB:AF NvmXdizc V:259 H:209 F: 3
				848EFD A4 0F       LDY $0F       [000E77] A:CE2D X:0068 Y:009D S:0127 D:0E68 DB:AF NvmXdizc V:259 H:214 F: 3
				848EFF 10 37       BPL $0037     [848F38] A:CE2D X:0068 Y:0080 S:0127 D:0E68 DB:AF NvmXdizc V:259 H:220 F: 3
				848F01 85 14       STA $14       [000E7C] A:CE2D X:0068 Y:0080 S:0127 D:0E68 DB:AF NvmXdizc V:259 H:223 F: 3
				848F03 72 14       ADC ($14)     [AFCE2D] A:CE2D X:0068 Y:0080 S:0127 D:0E68 DB:AF NvmXdizc V:259 H:232 F: 3
				848F05 80 31       BRA $0031     [848F38] A:CE21 X:0068 Y:0080 S:0127 D:0E68 DB:AF NvmXdizC V:259 H:243 F: 3
				848F38 85 14       STA $14       [000E7C] A:CE21 X:0068 Y:0080 S:0127 D:0E68 DB:AF NvmXdizC V:259 H:248 F: 3
				848F3A E2 30       SEP #$30               A:CE21 X:0068 Y:0080 S:0127 D:0E68 DB:AF NvmXdizC V:259 H:256 F: 3
				848F3C B2 14       LDA ($14)     [AFCE21] A:CE21 X:0068 Y:0080 S:0127 D:0E68 DB:AF NvMXdizC V:259 H:261 F: 3
				848F3E 85 13       STA $13       [000E7B] A:CE01 X:0068 Y:0080 S:0127 D:0E68 DB:AF nvMXdizC V:259 H:271 F: 3
				848F40 A0 01       LDY #$01               A:CE01 X:0068 Y:0080 S:0127 D:0E68 DB:AF nvMXdizC V:259 H:277 F: 3
				848F42 B1 14       LDA ($14),Y   [AFCE22] A:CE01 X:0068 Y:0001 S:0127 D:0E68 DB:AF nvMXdizC V:259 H:280 F: 3
				848F44 85 0F       STA $0F       [000E77] A:CE00 X:0068 Y:0001 S:0127 D:0E68 DB:AF nvMXdiZC V:259 H:290 F: 3
				848F46 C8          INY                    A:CE00 X:0068 Y:0001 S:0127 D:0E68 DB:AF nvMXdiZC V:259 H:297 F: 3
				848F47 B1 14       LDA ($14),Y   [AFCE23] A:CE00 X:0068 Y:0002 S:0127 D:0E68 DB:AF nvMXdizC V:259 H:300 F: 3
				848F49 85 17       STA $17       [000E7F] A:CE00 X:0068 Y:0002 S:0127 D:0E68 DB:AF nvMXdiZC V:259 H:310 F: 3
				848F4B A9 80       LDA #$80               A:CE00 X:0068 Y:0002 S:0127 D:0E68 DB:AF nvMXdiZC V:259 H:316 F: 3
				848F4D 04 17       TSB $17       [000E7F] A:CE80 X:0068 Y:0002 S:0127 D:0E68 DB:AF NvMXdizC V:259 H:319 F: 3
				848F4F AB          PLB                    A:CE80 X:0068 Y:0002 S:0127 D:0E68 DB:AF NvMXdiZC V:259 H:328 F: 3
				848F50 28          PLP                    A:CE80 X:0068 Y:0002 S:0128 D:0E68 DB:86 NvMXdizC V:259 H:335 F: 3
				848F51 6B          RTL                    A:CE80 X:0068 Y:0002 S:0129 D:0E68 DB:86 nvMXdizc V:260 H:  1 F: 3

			83B49F A5 2B       LDA $2B       [000E93] A:CE80 X:0068 Y:0002 S:012C D:0E68 DB:86 nvMXdizc V:260 H: 12 F: 3
			83B4A1 29 03       AND #$03               A:CE02 X:0068 Y:0002 S:012C D:0E68 DB:86 nvMXdizc V:260 H: 18 F: 3
			83B4A3 F0 58       BEQ $0058     [83B4FD] A:CE02 X:0068 Y:0002 S:012C D:0E68 DB:86 nvMXdizc V:260 H: 21 F: 3		Branch if Contact AND #$03 = #$00
			83B4A5 A9 48       LDA #$48               A:CE02 X:0068 Y:0002 S:012C D:0E68 DB:86 nvMXdizc V:260 H: 24 F: 3
			83B4A7 22 A2 88 80 JSL $8088A2   [8088A2] A:CE48 X:0068 Y:0002 S:012C D:0E68 DB:86 nvMXdizc V:260 H: 27 F: 3		JSL $8088A2 --> Play Sound Effect (ID = #$48)

							8088A2 DA          PHX                    A:CE48 X:0068 Y:0002 S:0129 D:0E68 DB:86 nvMXdizc V:260 H: 41 F: 3
							8088A3 5A          PHY                    A:CE48 X:0068 Y:0002 S:0128 D:0E68 DB:86 nvMXdizc V:260 H: 46 F: 3
							8088A4 08          PHP                    A:CE48 X:0068 Y:0002 S:0127 D:0E68 DB:86 nvMXdizc V:260 H: 51 F: 3
							8088A5 C2 20       REP #$20               A:CE48 X:0068 Y:0002 S:0126 D:0E68 DB:86 nvMXdizc V:260 H: 56 F: 3
							8088A7 E2 10       SEP #$10               A:CE48 X:0068 Y:0002 S:0126 D:0E68 DB:86 nvmXdizc V:260 H: 60 F: 3
							8088A9 48          PHA                    A:CE48 X:0068 Y:0002 S:0126 D:0E68 DB:86 nvmXdizc V:260 H: 65 F: 3
							8088AA A5 05       LDA $05       [000E6D] A:CE48 X:0068 Y:0002 S:0124 D:0E68 DB:86 nvmXdizc V:260 H: 72 F: 3
							8088AC 38          SEC                    A:141F X:0068 Y:0002 S:0124 D:0E68 DB:86 nvmXdizc V:260 H: 80 F: 3
							8088AD ED AD 0B    SBC $0BAD     [860BAD] A:141F X:0068 Y:0002 S:0124 D:0E68 DB:86 nvmXdizC V:260 H: 83 F: 3
							8088B0 10 0E       BPL $000E     [8088C0] A:0006 X:0068 Y:0002 S:0124 D:0E68 DB:86 nvmXdizC V:260 H: 92 F: 3
							8088C0 4A          LSR A                  A:0006 X:0068 Y:0002 S:0124 D:0E68 DB:86 nvmXdizC V:260 H: 96 F: 3
							8088C1 C9 7F 00    CMP #$007F             A:0003 X:0068 Y:0002 S:0124 D:0E68 DB:86 nvmXdizc V:260 H: 99 F: 3
							8088C4 30 03       BMI $0003     [8088C9] A:0003 X:0068 Y:0002 S:0124 D:0E68 DB:86 NvmXdizc V:260 H:104 F: 3
							8088C9 A8          TAY                    A:0003 X:0068 Y:0002 S:0124 D:0E68 DB:86 NvmXdizc V:260 H:108 F: 3
							8088CA 68          PLA                    A:0003 X:0068 Y:0003 S:0124 D:0E68 DB:86 nvmXdizc V:260 H:111 F: 3
							8088CB 80 07       BRA $0007     [8088D4] A:CE48 X:0068 Y:0003 S:0126 D:0E68 DB:86 NvmXdizc V:260 H:120 F: 3
							8088D4 E2 31       SEP #$31               A:CE48 X:0068 Y:0003 S:0126 D:0E68 DB:86 NvmXdizc V:260 H:124 F: 3
							8088D6 AE A3 0B    LDX $0BA3     [860BA3] A:CE48 X:0068 Y:0003 S:0126 D:0E68 DB:86 NvMXdizC V:260 H:129 F: 3
							8088D9 9D 72 0B    STA $0B72,X   [860B74] A:CE48 X:0002 Y:0003 S:0126 D:0E68 DB:86 nvMXdizC V:260 H:145 F: 3
							8088DC 98          TYA                    A:CE48 X:0002 Y:0003 S:0126 D:0E68 DB:86 nvMXdizC V:260 H:153 F: 3
							8088DD 9D 73 0B    STA $0B73,X   [860B75] A:CE03 X:0002 Y:0003 S:0126 D:0E68 DB:86 nvMXdizC V:260 H:156 F: 3
							8088E0 E8          INX                    A:CE03 X:0002 Y:0003 S:0126 D:0E68 DB:86 nvMXdizC V:260 H:164 F: 3
							8088E1 E8          INX                    A:CE03 X:0003 Y:0003 S:0126 D:0E68 DB:86 nvMXdizC V:260 H:167 F: 3
							8088E2 8A          TXA                    A:CE03 X:0004 Y:0003 S:0126 D:0E68 DB:86 nvMXdizC V:260 H:170 F: 3
							8088E3 29 1E       AND #$1E               A:CE04 X:0004 Y:0003 S:0126 D:0E68 DB:86 nvMXdizC V:260 H:173 F: 3
							8088E5 8D A3 0B    STA $0BA3     [860BA3] A:CE04 X:0004 Y:0003 S:0126 D:0E68 DB:86 nvMXdizC V:260 H:176 F: 3
							8088E8 28          PLP                    A:CE04 X:0004 Y:0003 S:0126 D:0E68 DB:86 nvMXdizC V:260 H:183 F: 3
							8088E9 7A          PLY                    A:CE04 X:0004 Y:0003 S:0127 D:0E68 DB:86 nvMXdizc V:260 H:189 F: 3
							8088EA FA          PLX                    A:CE04 X:0004 Y:0002 S:0128 D:0E68 DB:86 nvMXdizc V:260 H:196 F: 3
							8088EB 6B          RTL                    A:CE04 X:0068 Y:0002 S:0129 D:0E68 DB:86 nvMXdizc V:260 H:202 F: 3

			83B4AB A5 11       LDA $11       [000E79] A:CE04 X:0068 Y:0002 S:012C D:0E68 DB:86 nvMXdizc V:260 H:213 F: 3
			83B4AD 0A          ASL A                  A:CE2A X:0068 Y:0002 S:012C D:0E68 DB:86 nvMXdizc V:260 H:219 F: 3
			83B4AE 0A          ASL A                  A:CE54 X:0068 Y:0002 S:012C D:0E68 DB:86 nvMXdizc V:260 H:222 F: 3
			83B4AF C2 20       REP #$20               A:CEA8 X:0068 Y:0002 S:012C D:0E68 DB:86 NvMXdizc V:260 H:225 F: 3
			83B4B1 A9 10 00    LDA #$0010             A:CEA8 X:0068 Y:0002 S:012C D:0E68 DB:86 NvmXdizc V:260 H:230 F: 3
			83B4B4 B0 03       BCS $0003     [83B4B9] A:0010 X:0068 Y:0002 S:012C D:0E68 DB:86 nvmXdizc V:260 H:234 F: 3
			83B4B6 A9 F0 FF    LDA #$FFF0             A:0010 X:0068 Y:0002 S:012C D:0E68 DB:86 nvmXdizc V:260 H:237 F: 3
			83B4B9 18          CLC                    A:FFF0 X:0068 Y:0002 S:012C D:0E68 DB:86 NvmXdizc V:260 H:242 F: 3
			83B4BA 65 05       ADC $05       [000E6D] A:FFF0 X:0068 Y:0002 S:012C D:0E68 DB:86 NvmXdizc V:260 H:245 F: 3
			83B4BC 8D 00 00    STA $0000     [860000] A:140F X:0068 Y:0002 S:012C D:0E68 DB:86 nvmXdizC V:260 H:253 F: 3
			83B4BF A5 08       LDA $08       [000E70] A:140F X:0068 Y:0002 S:012C D:0E68 DB:86 nvmXdizC V:260 H:262 F: 3
			83B4C1 8D 02 00    STA $0002     [860002] A:0A9D X:0068 Y:0002 S:012C D:0E68 DB:86 nvmXdizC V:260 H:270 F: 3
			83B4C4 20 38 BB    JSR $BB38     [83BB38] A:0A9D X:0068 Y:0002 S:012C D:0E68 DB:86 nvmXdizC V:260 H:279 F: 3		JSR $83BB38 --> Spawn Debris

				83BB38 08          PHP                    A:0A9D X:0068 Y:0002 S:012A D:0E68 DB:86 nvmXdizC V:260 H:289 F: 3
				83BB39 E2 30       SEP #$30               A:0A9D X:0068 Y:0002 S:0129 D:0E68 DB:86 nvmXdizC V:260 H:294 F: 3
				83BB3B A9 03       LDA #$03               A:0A9D X:0068 Y:0002 S:0129 D:0E68 DB:86 nvMXdizC V:260 H:298 F: 3
				83BB3D 85 3D       STA $3D       [000EA5] A:0A03 X:0068 Y:0002 S:0129 D:0E68 DB:86 nvMXdizC V:260 H:301 F: 3
				83BB3F 22 86 90 84 JSL $849086   [849086] A:0A03 X:0068 Y:0002 S:0129 D:0E68 DB:86 nvMXdizC V:260 H:308 F: 3

					849086 08          PHP                    A:0A03 X:0068 Y:0002 S:0126 D:0E68 DB:86 nvMXdizC V:260 H:321 F: 3
					849087 C2 20       REP #$20               A:0A03 X:0068 Y:0002 S:0125 D:0E68 DB:86 nvMXdizC V:260 H:326 F: 3
					849089 AD A6 0B    LDA $0BA6     [860BA6] A:0A03 X:0068 Y:0002 S:0125 D:0E68 DB:86 nvmXdizC V:260 H:330 F: 3
					84908C 0A          ASL A                  A:2955 X:0068 Y:0002 S:0125 D:0E68 DB:86 nvmXdizC V:260 H:338 F: 3
					84908D 18          CLC                    A:52AA X:0068 Y:0002 S:0125 D:0E68 DB:86 nvmXdizc V:261 H:  1 F: 3
					84908E 6D A6 0B    ADC $0BA6     [860BA6] A:52AA X:0068 Y:0002 S:0125 D:0E68 DB:86 nvmXdizc V:261 H:  4 F: 3
					849091 EB          XBA                    A:7BFF X:0068 Y:0002 S:0125 D:0E68 DB:86 nvmXdizc V:261 H: 13 F: 3
					849092 E2 20       SEP #$20               A:FF7B X:0068 Y:0002 S:0125 D:0E68 DB:86 nvmXdizc V:261 H: 17 F: 3
					849094 8D A7 0B    STA $0BA7     [860BA7] A:FF7B X:0068 Y:0002 S:0125 D:0E68 DB:86 nvMXdizc V:261 H: 22 F: 3
					849097 18          CLC                    A:FF7B X:0068 Y:0002 S:0125 D:0E68 DB:86 nvMXdizc V:261 H: 28 F: 3
					849098 6D A6 0B    ADC $0BA6     [860BA6] A:FF7B X:0068 Y:0002 S:0125 D:0E68 DB:86 nvMXdizc V:261 H: 31 F: 3
					84909B 8D A6 0B    STA $0BA6     [860BA6] A:FFD0 X:0068 Y:0002 S:0125 D:0E68 DB:86 NVMXdizc V:261 H: 38 F: 3
					84909E 28          PLP                    A:FFD0 X:0068 Y:0002 S:0125 D:0E68 DB:86 NVMXdizc V:261 H: 44 F: 3
					84909F 6B          RTL                    A:FFD0 X:0068 Y:0002 S:0126 D:0E68 DB:86 nvMXdizC V:261 H: 51 F: 3

				83BB43 29 0F       AND #$0F               A:FFD0 X:0068 Y:0002 S:0129 D:0E68 DB:86 nvMXdizC V:261 H: 61 F: 3
				83BB45 8D 04 00    STA $0004     [860004] A:FF00 X:0068 Y:0002 S:0129 D:0E68 DB:86 nvMXdiZC V:261 H: 64 F: 3
				83BB48 22 D3 82 82 JSL $8282D3   [8282D3] A:FF00 X:0068 Y:0002 S:0129 D:0E68 DB:86 nvMXdiZC V:261 H: 71 F: 3

					8282D3 C2 30       REP #$30               A:FF00 X:0068 Y:0002 S:0126 D:0E68 DB:86 nvMXdiZC V:261 H: 84 F: 3
					8282D5 A2 28 19    LDX #$1928             A:FF00 X:0068 Y:0002 S:0126 D:0E68 DB:86 nvmxdiZC V:261 H: 89 F: 3
					8282D8 BD 00 00    LDA $0000,X   [861928] A:FF00 X:1928 Y:0002 S:0126 D:0E68 DB:86 nvmxdizC V:261 H: 93 F: 3
					8282DB F0 5E       BEQ $005E     [82833B] A:0000 X:1928 Y:0002 S:0126 D:0E68 DB:86 nvmxdiZC V:261 H:103 F: 3
					82833B E2 22       SEP #$22               A:0000 X:1928 Y:0002 S:0126 D:0E68 DB:86 nvmxdiZC V:261 H:108 F: 3
					82833D 6B          RTL                    A:0000 X:1928 Y:0002 S:0126 D:0E68 DB:86 nvMxdiZC V:261 H:112 F: 3

				83BB4C F0 02       BEQ $0002     [83BB50] A:0000 X:1928 Y:0002 S:0129 D:0E68 DB:86 nvMxdiZC V:261 H:123 F: 3
				83BB50 FE 00 00    INC $0000,X   [861928] A:0000 X:1928 Y:0002 S:0129 D:0E68 DB:86 nvMxdiZC V:261 H:127 F: 3
				83BB53 A9 2B       LDA #$2B               A:0000 X:1928 Y:0002 S:0129 D:0E68 DB:86 nvMxdizC V:261 H:149 F: 3
				83BB55 9D 0A 00    STA $000A,X   [861932] A:002B X:1928 Y:0002 S:0129 D:0E68 DB:86 nvMxdizC V:261 H:152 F: 3
				83BB58 A9 00       LDA #$00               A:002B X:1928 Y:0002 S:0129 D:0E68 DB:86 nvMxdizC V:261 H:160 F: 3
				83BB5A EB          XBA                    A:0000 X:1928 Y:0002 S:0129 D:0E68 DB:86 nvMxdiZC V:261 H:163 F: 3
				83BB5B AD 04 00    LDA $0004     [860004] A:0000 X:1928 Y:0002 S:0129 D:0E68 DB:86 nvMxdiZC V:261 H:167 F: 3
				83BB5E 18          CLC                    A:0000 X:1928 Y:0002 S:0129 D:0E68 DB:86 nvMxdiZC V:261 H:174 F: 3
				83BB5F 65 3D       ADC $3D       [000EA5] A:0000 X:1928 Y:0002 S:0129 D:0E68 DB:86 nvMxdiZc V:261 H:177 F: 3
				83BB61 A8          TAY                    A:0003 X:1928 Y:0002 S:0129 D:0E68 DB:86 nvMxdizc V:261 H:183 F: 3
				83BB62 B9 D8 C9    LDA $C9D8,Y   [86C9DB] A:0003 X:1928 Y:0003 S:0129 D:0E68 DB:86 nvMxdizc V:261 H:186 F: 3
				83BB65 9D 0B 00    STA $000B,X   [861933] A:0027 X:1928 Y:0003 S:0129 D:0E68 DB:86 nvMxdizc V:261 H:194 F: 3
				83BB68 C2 20       REP #$20               A:0027 X:1928 Y:0003 S:0129 D:0E68 DB:86 nvMxdizc V:261 H:202 F: 3
				83BB6A 9E 0C 00    STZ $000C,X   [861934] A:0027 X:1928 Y:0003 S:0129 D:0E68 DB:86 nvmxdizc V:261 H:206 F: 3
				83BB6D 22 86 90 84 JSL $849086   [849086] A:0027 X:1928 Y:0003 S:0129 D:0E68 DB:86 nvmxdizc V:261 H:216 F: 3

					849086 08          PHP                    A:0027 X:1928 Y:0003 S:0126 D:0E68 DB:86 nvmxdizc V:261 H:230 F: 3
					849087 C2 20       REP #$20               A:0027 X:1928 Y:0003 S:0125 D:0E68 DB:86 nvmxdizc V:261 H:235 F: 3
					849089 AD A6 0B    LDA $0BA6     [860BA6] A:0027 X:1928 Y:0003 S:0125 D:0E68 DB:86 nvmxdizc V:261 H:239 F: 3
					84908C 0A          ASL A                  A:7BD0 X:1928 Y:0003 S:0125 D:0E68 DB:86 nvmxdizc V:261 H:248 F: 3
					84908D 18          CLC                    A:F7A0 X:1928 Y:0003 S:0125 D:0E68 DB:86 Nvmxdizc V:261 H:251 F: 3
					84908E 6D A6 0B    ADC $0BA6     [860BA6] A:F7A0 X:1928 Y:0003 S:0125 D:0E68 DB:86 Nvmxdizc V:261 H:254 F: 3
					849091 EB          XBA                    A:7370 X:1928 Y:0003 S:0125 D:0E68 DB:86 nvmxdizC V:261 H:262 F: 3
					849092 E2 20       SEP #$20               A:7073 X:1928 Y:0003 S:0125 D:0E68 DB:86 nvmxdizC V:261 H:267 F: 3
					849094 8D A7 0B    STA $0BA7     [860BA7] A:7073 X:1928 Y:0003 S:0125 D:0E68 DB:86 nvMxdizC V:261 H:271 F: 3
					849097 18          CLC                    A:7073 X:1928 Y:0003 S:0125 D:0E68 DB:86 nvMxdizC V:261 H:278 F: 3
					849098 6D A6 0B    ADC $0BA6     [860BA6] A:7073 X:1928 Y:0003 S:0125 D:0E68 DB:86 nvMxdizc V:261 H:281 F: 3
					84909B 8D A6 0B    STA $0BA6     [860BA6] A:7043 X:1928 Y:0003 S:0125 D:0E68 DB:86 nvMxdizC V:261 H:287 F: 3
					84909E 28          PLP                    A:7043 X:1928 Y:0003 S:0125 D:0E68 DB:86 nvMxdizC V:261 H:294 F: 3
					84909F 6B          RTL                    A:7043 X:1928 Y:0003 S:0126 D:0E68 DB:86 nvmxdizc V:261 H:300 F: 3

				83BB71 29 0F 00    AND #$000F             A:7043 X:1928 Y:0003 S:0129 D:0E68 DB:86 nvmxdizc V:261 H:311 F: 3
				83BB74 0A          ASL A                  A:0003 X:1928 Y:0003 S:0129 D:0E68 DB:86 nvmxdizc V:261 H:315 F: 3
				83BB75 A8          TAY                    A:0006 X:1928 Y:0003 S:0129 D:0E68 DB:86 nvmxdizc V:261 H:318 F: 3
				83BB76 A5 3D       LDA $3D       [000EA5] A:0006 X:1928 Y:0006 S:0129 D:0E68 DB:86 nvmxdizc V:261 H:321 F: 3
				83BB78 4A          LSR A                  A:0003 X:1928 Y:0006 S:0129 D:0E68 DB:86 nvmxdizc V:261 H:329 F: 3
				83BB79 B9 EB C9    LDA $C9EB,Y   [86C9F1] A:0001 X:1928 Y:0006 S:0129 D:0E68 DB:86 nvmxdizC V:261 H:332 F: 3
				83BB7C 90 04       BCC $0004     [83BB82] A:0269 X:1928 Y:0006 S:0129 D:0E68 DB:86 nvmxdizC V:  0 H:  1 F: 4
				83BB7E 49 FF FF    EOR #$FFFF             A:0269 X:1928 Y:0006 S:0129 D:0E68 DB:86 nvmxdizC V:  0 H:  4 F: 4
				83BB81 1A          INC                    A:FD96 X:1928 Y:0006 S:0129 D:0E68 DB:86 NvmxdizC V:  0 H:  8 F: 4
				83BB82 9D 1A 00    STA $001A,X   [861942] A:FD97 X:1928 Y:0006 S:0129 D:0E68 DB:86 NvmxdizC V:  0 H: 11 F: 4
				83BB85 22 86 90 84 JSL $849086   [849086] A:FD97 X:1928 Y:0006 S:0129 D:0E68 DB:86 NvmxdizC V:  0 H: 21 F: 4

					849086 08          PHP                    A:FD97 X:1928 Y:0006 S:0126 D:0E68 DB:86 NvmxdizC V:  0 H: 35 F: 4
					849087 C2 20       REP #$20               A:FD97 X:1928 Y:0006 S:0125 D:0E68 DB:86 NvmxdizC V:  0 H: 40 F: 4
					849089 AD A6 0B    LDA $0BA6     [860BA6] A:FD97 X:1928 Y:0006 S:0125 D:0E68 DB:86 NvmxdizC V:  0 H: 44 F: 4
					84908C 0A          ASL A                  A:7343 X:1928 Y:0006 S:0125 D:0E68 DB:86 nvmxdizC V:  0 H: 53 F: 4
					84908D 18          CLC                    A:E686 X:1928 Y:0006 S:0125 D:0E68 DB:86 Nvmxdizc V:  0 H: 56 F: 4
					84908E 6D A6 0B    ADC $0BA6     [860BA6] A:E686 X:1928 Y:0006 S:0125 D:0E68 DB:86 Nvmxdizc V:  0 H: 59 F: 4
					849091 EB          XBA                    A:59C9 X:1928 Y:0006 S:0125 D:0E68 DB:86 nvmxdizC V:  0 H: 67 F: 4
					849092 E2 20       SEP #$20               A:C959 X:1928 Y:0006 S:0125 D:0E68 DB:86 nvmxdizC V:  0 H: 72 F: 4
					849094 8D A7 0B    STA $0BA7     [860BA7] A:C959 X:1928 Y:0006 S:0125 D:0E68 DB:86 nvMxdizC V:  0 H: 76 F: 4
					849097 18          CLC                    A:C959 X:1928 Y:0006 S:0125 D:0E68 DB:86 nvMxdizC V:  0 H: 83 F: 4
					849098 6D A6 0B    ADC $0BA6     [860BA6] A:C959 X:1928 Y:0006 S:0125 D:0E68 DB:86 nvMxdizc V:  0 H: 86 F: 4
					84909B 8D A6 0B    STA $0BA6     [860BA6] A:C99C X:1928 Y:0006 S:0125 D:0E68 DB:86 NVMxdizc V:  0 H: 92 F: 4
					84909E 28          PLP                    A:C99C X:1928 Y:0006 S:0125 D:0E68 DB:86 NVMxdizc V:  0 H: 99 F: 4
					84909F 6B          RTL                    A:C99C X:1928 Y:0006 S:0126 D:0E68 DB:86 NvmxdizC V:  0 H:105 F: 4

				83BB89 29 0F 00    AND #$000F             A:C99C X:1928 Y:0006 S:0129 D:0E68 DB:86 NvmxdizC V:  0 H:116 F: 4
				83BB8C 0A          ASL A                  A:000C X:1928 Y:0006 S:0129 D:0E68 DB:86 nvmxdizC V:  0 H:120 F: 4
				83BB8D A8          TAY                    A:0018 X:1928 Y:0006 S:0129 D:0E68 DB:86 nvmxdizc V:  0 H:123 F: 4
				83BB8E B9 0B CA    LDA $CA0B,Y   [86CA23] A:0018 X:1928 Y:0018 S:0129 D:0E68 DB:86 nvmxdizc V:  0 H:126 F: 4
				83BB91 9D 1C 00    STA $001C,X   [861944] A:02EF X:1928 Y:0018 S:0129 D:0E68 DB:86 nvmxdizc V:  0 H:145 F: 4
				83BB94 AD 00 00    LDA $0000     [860000] A:02EF X:1928 Y:0018 S:0129 D:0E68 DB:86 nvmxdizc V:  0 H:155 F: 4
				83BB97 9D 05 00    STA $0005,X   [86192D] A:140F X:1928 Y:0018 S:0129 D:0E68 DB:86 nvmxdizc V:  0 H:164 F: 4
				83BB9A AD 02 00    LDA $0002     [860002] A:140F X:1928 Y:0018 S:0129 D:0E68 DB:86 nvmxdizc V:  0 H:174 F: 4
				83BB9D 9D 08 00    STA $0008,X   [861930] A:0A9D X:1928 Y:0018 S:0129 D:0E68 DB:86 nvmxdizc V:  0 H:182 F: 4
				83BBA0 E2 20       SEP #$20               A:0A9D X:1928 Y:0018 S:0129 D:0E68 DB:86 nvmxdizc V:  0 H:192 F: 4
				83BBA2 A9 40       LDA #$40               A:0A9D X:1928 Y:0018 S:0129 D:0E68 DB:86 nvMxdizc V:  0 H:197 F: 4
				83BBA4 9D 1E 00    STA $001E,X   [861946] A:0A40 X:1928 Y:0018 S:0129 D:0E68 DB:86 nvMxdizc V:  0 H:200 F: 4
				83BBA7 9E 1F 00    STZ $001F,X   [861947] A:0A40 X:1928 Y:0018 S:0129 D:0E68 DB:86 nvMxdizc V:  0 H:208 F: 4
				83BBAA C6 3D       DEC $3D       [000EA5] A:0A40 X:1928 Y:0018 S:0129 D:0E68 DB:86 nvMxdizc V:  0 H:216 F: 4
				83BBAC 10 9A       BPL $009A     [83BB48] A:0A40 X:1928 Y:0018 S:0129 D:0E68 DB:86 nvMxdizc V:  0 H:226 F: 4
				83BB48 22 D3 82 82 JSL $8282D3   [8282D3] A:0A40 X:1928 Y:0018 S:0129 D:0E68 DB:86 nvMxdizc V:  0 H:230 F: 4

					8282D3 C2 30       REP #$30               A:0A40 X:1928 Y:0018 S:0126 D:0E68 DB:86 nvMxdizc V:  0 H:244 F: 4
					8282D5 A2 28 19    LDX #$1928             A:0A40 X:1928 Y:0018 S:0126 D:0E68 DB:86 nvmxdizc V:  0 H:248 F: 4
					8282D8 BD 00 00    LDA $0000,X   [861928] A:0A40 X:1928 Y:0018 S:0126 D:0E68 DB:86 nvmxdizc V:  0 H:253 F: 4
					8282DB F0 5E       BEQ $005E     [82833B] A:0001 X:1928 Y:0018 S:0126 D:0E68 DB:86 nvmxdizc V:  0 H:263 F: 4
					8282DD 8A          TXA                    A:0001 X:1928 Y:0018 S:0126 D:0E68 DB:86 nvmxdizc V:  0 H:266 F: 4
					8282DE 18          CLC                    A:1928 X:1928 Y:0018 S:0126 D:0E68 DB:86 nvmxdizc V:  0 H:269 F: 4
					8282DF 69 20 00    ADC #$0020             A:1928 X:1928 Y:0018 S:0126 D:0E68 DB:86 nvmxdizc V:  0 H:272 F: 4
					8282E2 AA          TAX                    A:1948 X:1928 Y:0018 S:0126 D:0E68 DB:86 nvmxdizc V:  0 H:276 F: 4
					8282E3 E0 08 1D    CPX #$1D08             A:1948 X:1948 Y:0018 S:0126 D:0E68 DB:86 nvmxdizc V:  0 H:279 F: 4
					8282E6 90 F0       BCC $00F0     [8282D8] A:1948 X:1948 Y:0018 S:0126 D:0E68 DB:86 Nvmxdizc V:  0 H:284 F: 4
					8282D8 BD 00 00    LDA $0000,X   [861948] A:1948 X:1948 Y:0018 S:0126 D:0E68 DB:86 Nvmxdizc V:  0 H:288 F: 4
					8282DB F0 5E       BEQ $005E     [82833B] A:0000 X:1948 Y:0018 S:0126 D:0E68 DB:86 nvmxdiZc V:  0 H:298 F: 4
					82833B E2 22       SEP #$22               A:0000 X:1948 Y:0018 S:0126 D:0E68 DB:86 nvmxdiZc V:  0 H:303 F: 4
					82833D 6B          RTL                    A:0000 X:1948 Y:0018 S:0126 D:0E68 DB:86 nvMxdiZc V:  0 H:307 F: 4

				83BB4C F0 02       BEQ $0002     [83BB50] A:0000 X:1948 Y:0018 S:0129 D:0E68 DB:86 nvMxdiZc V:  0 H:318 F: 4
				83BB50 FE 00 00    INC $0000,X   [861948] A:0000 X:1948 Y:0018 S:0129 D:0E68 DB:86 nvMxdiZc V:  0 H:322 F: 4
				83BB53 A9 2B       LDA #$2B               A:0000 X:1948 Y:0018 S:0129 D:0E68 DB:86 nvMxdizc V:  0 H:333 F: 4
				83BB55 9D 0A 00    STA $000A,X   [861952] A:002B X:1948 Y:0018 S:0129 D:0E68 DB:86 nvMxdizc V:  0 H:336 F: 4
				83BB58 A9 00       LDA #$00               A:002B X:1948 Y:0018 S:0129 D:0E68 DB:86 nvMxdizc V:  1 H:  4 F: 4
				83BB5A EB          XBA                    A:0000 X:1948 Y:0018 S:0129 D:0E68 DB:86 nvMxdiZc V:  1 H:  7 F: 4
				83BB5B AD 04 00    LDA $0004     [860004] A:0000 X:1948 Y:0018 S:0129 D:0E68 DB:86 nvMxdiZc V:  1 H: 11 F: 4
				83BB5E 18          CLC                    A:0000 X:1948 Y:0018 S:0129 D:0E68 DB:86 nvMxdiZc V:  1 H: 18 F: 4
				83BB5F 65 3D       ADC $3D       [000EA5] A:0000 X:1948 Y:0018 S:0129 D:0E68 DB:86 nvMxdiZc V:  1 H: 21 F: 4
				83BB61 A8          TAY                    A:0002 X:1948 Y:0018 S:0129 D:0E68 DB:86 nvMxdizc V:  1 H: 27 F: 4
				83BB62 B9 D8 C9    LDA $C9D8,Y   [86C9DA] A:0002 X:1948 Y:0002 S:0129 D:0E68 DB:86 nvMxdizc V:  1 H: 30 F: 4
				83BB65 9D 0B 00    STA $000B,X   [861953] A:0026 X:1948 Y:0002 S:0129 D:0E68 DB:86 nvMxdizc V:  1 H: 38 F: 4
				83BB68 C2 20       REP #$20               A:0026 X:1948 Y:0002 S:0129 D:0E68 DB:86 nvMxdizc V:  1 H: 46 F: 4
				83BB6A 9E 0C 00    STZ $000C,X   [861954] A:0026 X:1948 Y:0002 S:0129 D:0E68 DB:86 nvmxdizc V:  1 H: 50 F: 4
				83BB6D 22 86 90 84 JSL $849086   [849086] A:0026 X:1948 Y:0002 S:0129 D:0E68 DB:86 nvmxdizc V:  1 H: 60 F: 4

					849086 08          PHP                    A:0026 X:1948 Y:0002 S:0126 D:0E68 DB:86 nvmxdizc V:  1 H: 74 F: 4
					849087 C2 20       REP #$20               A:0026 X:1948 Y:0002 S:0125 D:0E68 DB:86 nvmxdizc V:  1 H: 79 F: 4
					849089 AD A6 0B    LDA $0BA6     [860BA6] A:0026 X:1948 Y:0002 S:0125 D:0E68 DB:86 nvmxdizc V:  1 H: 83 F: 4
					84908C 0A          ASL A                  A:599C X:1948 Y:0002 S:0125 D:0E68 DB:86 nvmxdizc V:  1 H: 92 F: 4
					84908D 18          CLC                    A:B338 X:1948 Y:0002 S:0125 D:0E68 DB:86 Nvmxdizc V:  1 H: 95 F: 4
					84908E 6D A6 0B    ADC $0BA6     [860BA6] A:B338 X:1948 Y:0002 S:0125 D:0E68 DB:86 Nvmxdizc V:  1 H: 98 F: 4
					849091 EB          XBA                    A:0CD4 X:1948 Y:0002 S:0125 D:0E68 DB:86 nvmxdizC V:  1 H:106 F: 4
					849092 E2 20       SEP #$20               A:D40C X:1948 Y:0002 S:0125 D:0E68 DB:86 nvmxdizC V:  1 H:111 F: 4
					849094 8D A7 0B    STA $0BA7     [860BA7] A:D40C X:1948 Y:0002 S:0125 D:0E68 DB:86 nvMxdizC V:  1 H:115 F: 4
					849097 18          CLC                    A:D40C X:1948 Y:0002 S:0125 D:0E68 DB:86 nvMxdizC V:  1 H:122 F: 4
					849098 6D A6 0B    ADC $0BA6     [860BA6] A:D40C X:1948 Y:0002 S:0125 D:0E68 DB:86 nvMxdizc V:  1 H:125 F: 4
					84909B 8D A6 0B    STA $0BA6     [860BA6] A:D4A8 X:1948 Y:0002 S:0125 D:0E68 DB:86 NvMxdizc V:  1 H:131 F: 4
					84909E 28          PLP                    A:D4A8 X:1948 Y:0002 S:0125 D:0E68 DB:86 NvMxdizc V:  1 H:148 F: 4
					84909F 6B          RTL                    A:D4A8 X:1948 Y:0002 S:0126 D:0E68 DB:86 nvmxdizc V:  1 H:154 F: 4

				83BB71 29 0F 00    AND #$000F             A:D4A8 X:1948 Y:0002 S:0129 D:0E68 DB:86 nvmxdizc V:  1 H:165 F: 4
				83BB74 0A          ASL A                  A:0008 X:1948 Y:0002 S:0129 D:0E68 DB:86 nvmxdizc V:  1 H:169 F: 4
				83BB75 A8          TAY                    A:0010 X:1948 Y:0002 S:0129 D:0E68 DB:86 nvmxdizc V:  1 H:172 F: 4
				83BB76 A5 3D       LDA $3D       [000EA5] A:0010 X:1948 Y:0010 S:0129 D:0E68 DB:86 nvmxdizc V:  1 H:175 F: 4
				83BB78 4A          LSR A                  A:0002 X:1948 Y:0010 S:0129 D:0E68 DB:86 nvmxdizc V:  1 H:184 F: 4
				83BB79 B9 EB C9    LDA $C9EB,Y   [86C9FB] A:0001 X:1948 Y:0010 S:0129 D:0E68 DB:86 nvmxdizc V:  1 H:187 F: 4
				83BB7C 90 04       BCC $0004     [83BB82] A:00D7 X:1948 Y:0010 S:0129 D:0E68 DB:86 nvmxdizc V:  1 H:196 F: 4
				83BB82 9D 1A 00    STA $001A,X   [861962] A:00D7 X:1948 Y:0010 S:0129 D:0E68 DB:86 nvmxdizc V:  1 H:200 F: 4
				83BB85 22 86 90 84 JSL $849086   [849086] A:00D7 X:1948 Y:0010 S:0129 D:0E68 DB:86 nvmxdizc V:  1 H:210 F: 4

					849086 08          PHP                    A:00D7 X:1948 Y:0010 S:0126 D:0E68 DB:86 nvmxdizc V:  1 H:224 F: 4
					849087 C2 20       REP #$20               A:00D7 X:1948 Y:0010 S:0125 D:0E68 DB:86 nvmxdizc V:  1 H:229 F: 4
					849089 AD A6 0B    LDA $0BA6     [860BA6] A:00D7 X:1948 Y:0010 S:0125 D:0E68 DB:86 nvmxdizc V:  1 H:233 F: 4
					84908C 0A          ASL A                  A:0CA8 X:1948 Y:0010 S:0125 D:0E68 DB:86 nvmxdizc V:  1 H:242 F: 4
					84908D 18          CLC                    A:1950 X:1948 Y:0010 S:0125 D:0E68 DB:86 nvmxdizc V:  1 H:245 F: 4
					84908E 6D A6 0B    ADC $0BA6     [860BA6] A:1950 X:1948 Y:0010 S:0125 D:0E68 DB:86 nvmxdizc V:  1 H:248 F: 4
					849091 EB          XBA                    A:25F8 X:1948 Y:0010 S:0125 D:0E68 DB:86 nvmxdizc V:  1 H:256 F: 4
					849092 E2 20       SEP #$20               A:F825 X:1948 Y:0010 S:0125 D:0E68 DB:86 nvmxdizc V:  1 H:261 F: 4
					849094 8D A7 0B    STA $0BA7     [860BA7] A:F825 X:1948 Y:0010 S:0125 D:0E68 DB:86 nvMxdizc V:  1 H:265 F: 4
					849097 18          CLC                    A:F825 X:1948 Y:0010 S:0125 D:0E68 DB:86 nvMxdizc V:  1 H:272 F: 4
					849098 6D A6 0B    ADC $0BA6     [860BA6] A:F825 X:1948 Y:0010 S:0125 D:0E68 DB:86 nvMxdizc V:  1 H:275 F: 4
					84909B 8D A6 0B    STA $0BA6     [860BA6] A:F8CD X:1948 Y:0010 S:0125 D:0E68 DB:86 NvMxdizc V:  1 H:281 F: 4
					84909E 28          PLP                    A:F8CD X:1948 Y:0010 S:0125 D:0E68 DB:86 NvMxdizc V:  1 H:288 F: 4
					84909F 6B          RTL                    A:F8CD X:1948 Y:0010 S:0126 D:0E68 DB:86 nvmxdizc V:  1 H:294 F: 4

				83BB89 29 0F 00    AND #$000F             A:F8CD X:1948 Y:0010 S:0129 D:0E68 DB:86 nvmxdizc V:  1 H:305 F: 4
				83BB8C 0A          ASL A                  A:000D X:1948 Y:0010 S:0129 D:0E68 DB:86 nvmxdizc V:  1 H:309 F: 4
				83BB8D A8          TAY                    A:001A X:1948 Y:0010 S:0129 D:0E68 DB:86 nvmxdizc V:  1 H:312 F: 4
				83BB8E B9 0B CA    LDA $CA0B,Y   [86CA25] A:001A X:1948 Y:001A S:0129 D:0E68 DB:86 nvmxdizc V:  1 H:315 F: 4
				83BB91 9D 1C 00    STA $001C,X   [861964] A:01D3 X:1948 Y:001A S:0129 D:0E68 DB:86 nvmxdizc V:  1 H:324 F: 4
				83BB94 AD 00 00    LDA $0000     [860000] A:01D3 X:1948 Y:001A S:0129 D:0E68 DB:86 nvmxdizc V:  1 H:333 F: 4
				83BB97 9D 05 00    STA $0005,X   [86194D] A:140F X:1948 Y:001A S:0129 D:0E68 DB:86 nvmxdizc V:  2 H:  2 F: 4
				83BB9A AD 02 00    LDA $0002     [860002] A:140F X:1948 Y:001A S:0129 D:0E68 DB:86 nvmxdizc V:  2 H: 12 F: 4
				83BB9D 9D 08 00    STA $0008,X   [861950] A:0A9D X:1948 Y:001A S:0129 D:0E68 DB:86 nvmxdizc V:  2 H: 20 F: 4
				83BBA0 E2 20       SEP #$20               A:0A9D X:1948 Y:001A S:0129 D:0E68 DB:86 nvmxdizc V:  2 H: 30 F: 4
				83BBA2 A9 40       LDA #$40               A:0A9D X:1948 Y:001A S:0129 D:0E68 DB:86 nvMxdizc V:  2 H: 35 F: 4
				83BBA4 9D 1E 00    STA $001E,X   [861966] A:0A40 X:1948 Y:001A S:0129 D:0E68 DB:86 nvMxdizc V:  2 H: 38 F: 4
				83BBA7 9E 1F 00    STZ $001F,X   [861967] A:0A40 X:1948 Y:001A S:0129 D:0E68 DB:86 nvMxdizc V:  2 H: 46 F: 4
				83BBAA C6 3D       DEC $3D       [000EA5] A:0A40 X:1948 Y:001A S:0129 D:0E68 DB:86 nvMxdizc V:  2 H: 54 F: 4
				83BBAC 10 9A       BPL $009A     [83BB48] A:0A40 X:1948 Y:001A S:0129 D:0E68 DB:86 nvMxdizc V:  2 H: 64 F: 4
				83BB48 22 D3 82 82 JSL $8282D3   [8282D3] A:0A40 X:1948 Y:001A S:0129 D:0E68 DB:86 nvMxdizc V:  2 H: 68 F: 4

					8282D3 C2 30       REP #$30               A:0A40 X:1948 Y:001A S:0126 D:0E68 DB:86 nvMxdizc V:  2 H: 82 F: 4
					8282D5 A2 28 19    LDX #$1928             A:0A40 X:1948 Y:001A S:0126 D:0E68 DB:86 nvmxdizc V:  2 H: 86 F: 4
					8282D8 BD 00 00    LDA $0000,X   [861928] A:0A40 X:1928 Y:001A S:0126 D:0E68 DB:86 nvmxdizc V:  2 H: 91 F: 4
					8282DB F0 5E       BEQ $005E     [82833B] A:0001 X:1928 Y:001A S:0126 D:0E68 DB:86 nvmxdizc V:  2 H:101 F: 4
					8282DD 8A          TXA                    A:0001 X:1928 Y:001A S:0126 D:0E68 DB:86 nvmxdizc V:  2 H:104 F: 4
					8282DE 18          CLC                    A:1928 X:1928 Y:001A S:0126 D:0E68 DB:86 nvmxdizc V:  2 H:107 F: 4
					8282DF 69 20 00    ADC #$0020             A:1928 X:1928 Y:001A S:0126 D:0E68 DB:86 nvmxdizc V:  2 H:110 F: 4
					8282E2 AA          TAX                    A:1948 X:1928 Y:001A S:0126 D:0E68 DB:86 nvmxdizc V:  2 H:114 F: 4
					8282E3 E0 08 1D    CPX #$1D08             A:1948 X:1948 Y:001A S:0126 D:0E68 DB:86 nvmxdizc V:  2 H:117 F: 4
					8282E6 90 F0       BCC $00F0     [8282D8] A:1948 X:1948 Y:001A S:0126 D:0E68 DB:86 Nvmxdizc V:  2 H:122 F: 4
					8282D8 BD 00 00    LDA $0000,X   [861948] A:1948 X:1948 Y:001A S:0126 D:0E68 DB:86 Nvmxdizc V:  2 H:126 F: 4
					8282DB F0 5E       BEQ $005E     [82833B] A:0001 X:1948 Y:001A S:0126 D:0E68 DB:86 nvmxdizc V:  2 H:146 F: 4
					8282DD 8A          TXA                    A:0001 X:1948 Y:001A S:0126 D:0E68 DB:86 nvmxdizc V:  2 H:149 F: 4
					8282DE 18          CLC                    A:1948 X:1948 Y:001A S:0126 D:0E68 DB:86 nvmxdizc V:  2 H:152 F: 4
					8282DF 69 20 00    ADC #$0020             A:1948 X:1948 Y:001A S:0126 D:0E68 DB:86 nvmxdizc V:  2 H:155 F: 4
					8282E2 AA          TAX                    A:1968 X:1948 Y:001A S:0126 D:0E68 DB:86 nvmxdizc V:  2 H:160 F: 4
					8282E3 E0 08 1D    CPX #$1D08             A:1968 X:1968 Y:001A S:0126 D:0E68 DB:86 nvmxdizc V:  2 H:163 F: 4
					8282E6 90 F0       BCC $00F0     [8282D8] A:1968 X:1968 Y:001A S:0126 D:0E68 DB:86 Nvmxdizc V:  2 H:167 F: 4
					8282D8 BD 00 00    LDA $0000,X   [861968] A:1968 X:1968 Y:001A S:0126 D:0E68 DB:86 Nvmxdizc V:  2 H:172 F: 4
					8282DB F0 5E       BEQ $005E     [82833B] A:0000 X:1968 Y:001A S:0126 D:0E68 DB:86 nvmxdiZc V:  2 H:182 F: 4
					82833B E2 22       SEP #$22               A:0000 X:1968 Y:001A S:0126 D:0E68 DB:86 nvmxdiZc V:  2 H:186 F: 4
					82833D 6B          RTL                    A:0000 X:1968 Y:001A S:0126 D:0E68 DB:86 nvMxdiZc V:  2 H:191 F: 4

				83BB4C F0 02       BEQ $0002     [83BB50] A:0000 X:1968 Y:001A S:0129 D:0E68 DB:86 nvMxdiZc V:  2 H:201 F: 4
				83BB50 FE 00 00    INC $0000,X   [861968] A:0000 X:1968 Y:001A S:0129 D:0E68 DB:86 nvMxdiZc V:  2 H:206 F: 4
				83BB53 A9 2B       LDA #$2B               A:0000 X:1968 Y:001A S:0129 D:0E68 DB:86 nvMxdizc V:  2 H:217 F: 4
				83BB55 9D 0A 00    STA $000A,X   [861972] A:002B X:1968 Y:001A S:0129 D:0E68 DB:86 nvMxdizc V:  2 H:220 F: 4
				83BB58 A9 00       LDA #$00               A:002B X:1968 Y:001A S:0129 D:0E68 DB:86 nvMxdizc V:  2 H:228 F: 4
				83BB5A EB          XBA                    A:0000 X:1968 Y:001A S:0129 D:0E68 DB:86 nvMxdiZc V:  2 H:231 F: 4
				83BB5B AD 04 00    LDA $0004     [860004] A:0000 X:1968 Y:001A S:0129 D:0E68 DB:86 nvMxdiZc V:  2 H:236 F: 4
				83BB5E 18          CLC                    A:0000 X:1968 Y:001A S:0129 D:0E68 DB:86 nvMxdiZc V:  2 H:242 F: 4
				83BB5F 65 3D       ADC $3D       [000EA5] A:0000 X:1968 Y:001A S:0129 D:0E68 DB:86 nvMxdiZc V:  2 H:245 F: 4
				83BB61 A8          TAY                    A:0001 X:1968 Y:001A S:0129 D:0E68 DB:86 nvMxdizc V:  2 H:252 F: 4
				83BB62 B9 D8 C9    LDA $C9D8,Y   [86C9D9] A:0001 X:1968 Y:0001 S:0129 D:0E68 DB:86 nvMxdizc V:  2 H:255 F: 4
				83BB65 9D 0B 00    STA $000B,X   [861973] A:0025 X:1968 Y:0001 S:0129 D:0E68 DB:86 nvMxdizc V:  2 H:262 F: 4
				83BB68 C2 20       REP #$20               A:0025 X:1968 Y:0001 S:0129 D:0E68 DB:86 nvMxdizc V:  2 H:270 F: 4
				83BB6A 9E 0C 00    STZ $000C,X   [861974] A:0025 X:1968 Y:0001 S:0129 D:0E68 DB:86 nvmxdizc V:  2 H:275 F: 4
				83BB6D 22 86 90 84 JSL $849086   [849086] A:0025 X:1968 Y:0001 S:0129 D:0E68 DB:86 nvmxdizc V:  2 H:285 F: 4

					849086 08          PHP                    A:0025 X:1968 Y:0001 S:0126 D:0E68 DB:86 nvmxdizc V:  2 H:298 F: 4
					849087 C2 20       REP #$20               A:0025 X:1968 Y:0001 S:0125 D:0E68 DB:86 nvmxdizc V:  2 H:303 F: 4
					849089 AD A6 0B    LDA $0BA6     [860BA6] A:0025 X:1968 Y:0001 S:0125 D:0E68 DB:86 nvmxdizc V:  2 H:308 F: 4
					84908C 0A          ASL A                  A:25CD X:1968 Y:0001 S:0125 D:0E68 DB:86 nvmxdizc V:  2 H:316 F: 4
					84908D 18          CLC                    A:4B9A X:1968 Y:0001 S:0125 D:0E68 DB:86 nvmxdizc V:  2 H:319 F: 4
					84908E 6D A6 0B    ADC $0BA6     [860BA6] A:4B9A X:1968 Y:0001 S:0125 D:0E68 DB:86 nvmxdizc V:  2 H:322 F: 4
					849091 EB          XBA                    A:7167 X:1968 Y:0001 S:0125 D:0E68 DB:86 nvmxdizc V:  2 H:330 F: 4
					849092 E2 20       SEP #$20               A:6771 X:1968 Y:0001 S:0125 D:0E68 DB:86 nvmxdizc V:  2 H:334 F: 4
					849094 8D A7 0B    STA $0BA7     [860BA7] A:6771 X:1968 Y:0001 S:0125 D:0E68 DB:86 nvMxdizc V:  2 H:339 F: 4
					849097 18          CLC                    A:6771 X:1968 Y:0001 S:0125 D:0E68 DB:86 nvMxdizc V:  3 H:  5 F: 4
					849098 6D A6 0B    ADC $0BA6     [860BA6] A:6771 X:1968 Y:0001 S:0125 D:0E68 DB:86 nvMxdizc V:  3 H:  8 F: 4
					84909B 8D A6 0B    STA $0BA6     [860BA6] A:673E X:1968 Y:0001 S:0125 D:0E68 DB:86 nvMxdizC V:  3 H: 15 F: 4
					84909E 28          PLP                    A:673E X:1968 Y:0001 S:0125 D:0E68 DB:86 nvMxdizC V:  3 H: 21 F: 4
					84909F 6B          RTL                    A:673E X:1968 Y:0001 S:0126 D:0E68 DB:86 nvmxdizc V:  3 H: 28 F: 4

				83BB71 29 0F 00    AND #$000F             A:673E X:1968 Y:0001 S:0129 D:0E68 DB:86 nvmxdizc V:  3 H: 38 F: 4
				83BB74 0A          ASL A                  A:000E X:1968 Y:0001 S:0129 D:0E68 DB:86 nvmxdizc V:  3 H: 43 F: 4
				83BB75 A8          TAY                    A:001C X:1968 Y:0001 S:0129 D:0E68 DB:86 nvmxdizc V:  3 H: 46 F: 4
				83BB76 A5 3D       LDA $3D       [000EA5] A:001C X:1968 Y:001C S:0129 D:0E68 DB:86 nvmxdizc V:  3 H: 49 F: 4
				83BB78 4A          LSR A                  A:0001 X:1968 Y:001C S:0129 D:0E68 DB:86 nvmxdizc V:  3 H: 57 F: 4
				83BB79 B9 EB C9    LDA $C9EB,Y   [86CA07] A:0000 X:1968 Y:001C S:0129 D:0E68 DB:86 nvmxdiZC V:  3 H: 60 F: 4
				83BB7C 90 04       BCC $0004     [83BB82] A:0146 X:1968 Y:001C S:0129 D:0E68 DB:86 nvmxdizC V:  3 H: 69 F: 4
				83BB7E 49 FF FF    EOR #$FFFF             A:0146 X:1968 Y:001C S:0129 D:0E68 DB:86 nvmxdizC V:  3 H: 72 F: 4
				83BB81 1A          INC                    A:FEB9 X:1968 Y:001C S:0129 D:0E68 DB:86 NvmxdizC V:  3 H: 77 F: 4
				83BB82 9D 1A 00    STA $001A,X   [861982] A:FEBA X:1968 Y:001C S:0129 D:0E68 DB:86 NvmxdizC V:  3 H: 80 F: 4
				83BB85 22 86 90 84 JSL $849086   [849086] A:FEBA X:1968 Y:001C S:0129 D:0E68 DB:86 NvmxdizC V:  3 H: 90 F: 4

					849086 08          PHP                    A:FEBA X:1968 Y:001C S:0126 D:0E68 DB:86 NvmxdizC V:  3 H:103 F: 4
					849087 C2 20       REP #$20               A:FEBA X:1968 Y:001C S:0125 D:0E68 DB:86 NvmxdizC V:  3 H:108 F: 4
					849089 AD A6 0B    LDA $0BA6     [860BA6] A:FEBA X:1968 Y:001C S:0125 D:0E68 DB:86 NvmxdizC V:  3 H:113 F: 4
					84908C 0A          ASL A                  A:713E X:1968 Y:001C S:0125 D:0E68 DB:86 nvmxdizC V:  3 H:121 F: 4
					84908D 18          CLC                    A:E27C X:1968 Y:001C S:0125 D:0E68 DB:86 Nvmxdizc V:  3 H:124 F: 4
					84908E 6D A6 0B    ADC $0BA6     [860BA6] A:E27C X:1968 Y:001C S:0125 D:0E68 DB:86 Nvmxdizc V:  3 H:127 F: 4
					849091 EB          XBA                    A:53BA X:1968 Y:001C S:0125 D:0E68 DB:86 nvmxdizC V:  3 H:146 F: 4
					849092 E2 20       SEP #$20               A:BA53 X:1968 Y:001C S:0125 D:0E68 DB:86 nvmxdizC V:  3 H:150 F: 4
					849094 8D A7 0B    STA $0BA7     [860BA7] A:BA53 X:1968 Y:001C S:0125 D:0E68 DB:86 nvMxdizC V:  3 H:155 F: 4
					849097 18          CLC                    A:BA53 X:1968 Y:001C S:0125 D:0E68 DB:86 nvMxdizC V:  3 H:161 F: 4
					849098 6D A6 0B    ADC $0BA6     [860BA6] A:BA53 X:1968 Y:001C S:0125 D:0E68 DB:86 nvMxdizc V:  3 H:164 F: 4
					84909B 8D A6 0B    STA $0BA6     [860BA6] A:BA91 X:1968 Y:001C S:0125 D:0E68 DB:86 NVMxdizc V:  3 H:171 F: 4
					84909E 28          PLP                    A:BA91 X:1968 Y:001C S:0125 D:0E68 DB:86 NVMxdizc V:  3 H:177 F: 4
					84909F 6B          RTL                    A:BA91 X:1968 Y:001C S:0126 D:0E68 DB:86 NvmxdizC V:  3 H:184 F: 4

				83BB89 29 0F 00    AND #$000F             A:BA91 X:1968 Y:001C S:0129 D:0E68 DB:86 NvmxdizC V:  3 H:194 F: 4
				83BB8C 0A          ASL A                  A:0001 X:1968 Y:001C S:0129 D:0E68 DB:86 nvmxdizC V:  3 H:199 F: 4
				83BB8D A8          TAY                    A:0002 X:1968 Y:001C S:0129 D:0E68 DB:86 nvmxdizc V:  3 H:202 F: 4
				83BB8E B9 0B CA    LDA $CA0B,Y   [86CA0D] A:0002 X:1968 Y:0002 S:0129 D:0E68 DB:86 nvmxdizc V:  3 H:205 F: 4
				83BB91 9D 1C 00    STA $001C,X   [861984] A:028E X:1968 Y:0002 S:0129 D:0E68 DB:86 nvmxdizc V:  3 H:214 F: 4
				83BB94 AD 00 00    LDA $0000     [860000] A:028E X:1968 Y:0002 S:0129 D:0E68 DB:86 nvmxdizc V:  3 H:224 F: 4
				83BB97 9D 05 00    STA $0005,X   [86196D] A:140F X:1968 Y:0002 S:0129 D:0E68 DB:86 nvmxdizc V:  3 H:232 F: 4
				83BB9A AD 02 00    LDA $0002     [860002] A:140F X:1968 Y:0002 S:0129 D:0E68 DB:86 nvmxdizc V:  3 H:242 F: 4
				83BB9D 9D 08 00    STA $0008,X   [861970] A:0A9D X:1968 Y:0002 S:0129 D:0E68 DB:86 nvmxdizc V:  3 H:251 F: 4
				83BBA0 E2 20       SEP #$20               A:0A9D X:1968 Y:0002 S:0129 D:0E68 DB:86 nvmxdizc V:  3 H:261 F: 4
				83BBA2 A9 40       LDA #$40               A:0A9D X:1968 Y:0002 S:0129 D:0E68 DB:86 nvMxdizc V:  3 H:265 F: 4
				83BBA4 9D 1E 00    STA $001E,X   [861986] A:0A40 X:1968 Y:0002 S:0129 D:0E68 DB:86 nvMxdizc V:  3 H:268 F: 4
				83BBA7 9E 1F 00    STZ $001F,X   [861987] A:0A40 X:1968 Y:0002 S:0129 D:0E68 DB:86 nvMxdizc V:  3 H:276 F: 4
				83BBAA C6 3D       DEC $3D       [000EA5] A:0A40 X:1968 Y:0002 S:0129 D:0E68 DB:86 nvMxdizc V:  3 H:284 F: 4
				83BBAC 10 9A       BPL $009A     [83BB48] A:0A40 X:1968 Y:0002 S:0129 D:0E68 DB:86 nvMxdiZc V:  3 H:294 F: 4
				83BB48 22 D3 82 82 JSL $8282D3   [8282D3] A:0A40 X:1968 Y:0002 S:0129 D:0E68 DB:86 nvMxdiZc V:  3 H:299 F: 4

					8282D3 C2 30       REP #$30               A:0A40 X:1968 Y:0002 S:0126 D:0E68 DB:86 nvMxdiZc V:  3 H:312 F: 4
					8282D5 A2 28 19    LDX #$1928             A:0A40 X:1968 Y:0002 S:0126 D:0E68 DB:86 nvmxdiZc V:  3 H:317 F: 4
					8282D8 BD 00 00    LDA $0000,X   [861928] A:0A40 X:1928 Y:0002 S:0126 D:0E68 DB:86 nvmxdizc V:  3 H:321 F: 4
					8282DB F0 5E       BEQ $005E     [82833B] A:0001 X:1928 Y:0002 S:0126 D:0E68 DB:86 nvmxdizc V:  3 H:330 F: 4
					8282DD 8A          TXA                    A:0001 X:1928 Y:0002 S:0126 D:0E68 DB:86 nvmxdizc V:  3 H:333 F: 4
					8282DE 18          CLC                    A:1928 X:1928 Y:0002 S:0126 D:0E68 DB:86 nvmxdizc V:  3 H:336 F: 4
					8282DF 69 20 00    ADC #$0020             A:1928 X:1928 Y:0002 S:0126 D:0E68 DB:86 nvmxdizc V:  3 H:339 F: 4
					8282E2 AA          TAX                    A:1948 X:1928 Y:0002 S:0126 D:0E68 DB:86 nvmxdizc V:  4 H:  4 F: 4
					8282E3 E0 08 1D    CPX #$1D08             A:1948 X:1948 Y:0002 S:0126 D:0E68 DB:86 nvmxdizc V:  4 H:  7 F: 4
					8282E6 90 F0       BCC $00F0     [8282D8] A:1948 X:1948 Y:0002 S:0126 D:0E68 DB:86 Nvmxdizc V:  4 H: 11 F: 4
					8282D8 BD 00 00    LDA $0000,X   [861948] A:1948 X:1948 Y:0002 S:0126 D:0E68 DB:86 Nvmxdizc V:  4 H: 16 F: 4
					8282DB F0 5E       BEQ $005E     [82833B] A:0001 X:1948 Y:0002 S:0126 D:0E68 DB:86 nvmxdizc V:  4 H: 26 F: 4
					8282DD 8A          TXA                    A:0001 X:1948 Y:0002 S:0126 D:0E68 DB:86 nvmxdizc V:  4 H: 29 F: 4
					8282DE 18          CLC                    A:1948 X:1948 Y:0002 S:0126 D:0E68 DB:86 nvmxdizc V:  4 H: 32 F: 4
					8282DF 69 20 00    ADC #$0020             A:1948 X:1948 Y:0002 S:0126 D:0E68 DB:86 nvmxdizc V:  4 H: 35 F: 4
					8282E2 AA          TAX                    A:1968 X:1948 Y:0002 S:0126 D:0E68 DB:86 nvmxdizc V:  4 H: 39 F: 4
					8282E3 E0 08 1D    CPX #$1D08             A:1968 X:1968 Y:0002 S:0126 D:0E68 DB:86 nvmxdizc V:  4 H: 42 F: 4
					8282E6 90 F0       BCC $00F0     [8282D8] A:1968 X:1968 Y:0002 S:0126 D:0E68 DB:86 Nvmxdizc V:  4 H: 47 F: 4
					8282D8 BD 00 00    LDA $0000,X   [861968] A:1968 X:1968 Y:0002 S:0126 D:0E68 DB:86 Nvmxdizc V:  4 H: 51 F: 4
					8282DB F0 5E       BEQ $005E     [82833B] A:0001 X:1968 Y:0002 S:0126 D:0E68 DB:86 nvmxdizc V:  4 H: 61 F: 4
					8282DD 8A          TXA                    A:0001 X:1968 Y:0002 S:0126 D:0E68 DB:86 nvmxdizc V:  4 H: 64 F: 4
					8282DE 18          CLC                    A:1968 X:1968 Y:0002 S:0126 D:0E68 DB:86 nvmxdizc V:  4 H: 67 F: 4
					8282DF 69 20 00    ADC #$0020             A:1968 X:1968 Y:0002 S:0126 D:0E68 DB:86 nvmxdizc V:  4 H: 70 F: 4
					8282E2 AA          TAX                    A:1988 X:1968 Y:0002 S:0126 D:0E68 DB:86 nvmxdizc V:  4 H: 75 F: 4
					8282E3 E0 08 1D    CPX #$1D08             A:1988 X:1988 Y:0002 S:0126 D:0E68 DB:86 nvmxdizc V:  4 H: 78 F: 4
					8282E6 90 F0       BCC $00F0     [8282D8] A:1988 X:1988 Y:0002 S:0126 D:0E68 DB:86 Nvmxdizc V:  4 H: 82 F: 4
					8282D8 BD 00 00    LDA $0000,X   [861988] A:1988 X:1988 Y:0002 S:0126 D:0E68 DB:86 Nvmxdizc V:  4 H: 87 F: 4
					8282DB F0 5E       BEQ $005E     [82833B] A:0000 X:1988 Y:0002 S:0126 D:0E68 DB:86 nvmxdiZc V:  4 H: 97 F: 4
					82833B E2 22       SEP #$22               A:0000 X:1988 Y:0002 S:0126 D:0E68 DB:86 nvmxdiZc V:  4 H:101 F: 4
					82833D 6B          RTL                    A:0000 X:1988 Y:0002 S:0126 D:0E68 DB:86 nvMxdiZc V:  4 H:106 F: 4

				83BB4C F0 02       BEQ $0002     [83BB50] A:0000 X:1988 Y:0002 S:0129 D:0E68 DB:86 nvMxdiZc V:  4 H:116 F: 4
				83BB50 FE 00 00    INC $0000,X   [861988] A:0000 X:1988 Y:0002 S:0129 D:0E68 DB:86 nvMxdiZc V:  4 H:121 F: 4
				83BB53 A9 2B       LDA #$2B               A:0000 X:1988 Y:0002 S:0129 D:0E68 DB:86 nvMxdizc V:  4 H:132 F: 4
				83BB55 9D 0A 00    STA $000A,X   [861992] A:002B X:1988 Y:0002 S:0129 D:0E68 DB:86 nvMxdizc V:  4 H:145 F: 4
				83BB58 A9 00       LDA #$00               A:002B X:1988 Y:0002 S:0129 D:0E68 DB:86 nvMxdizc V:  4 H:153 F: 4
				83BB5A EB          XBA                    A:0000 X:1988 Y:0002 S:0129 D:0E68 DB:86 nvMxdiZc V:  4 H:156 F: 4
				83BB5B AD 04 00    LDA $0004     [860004] A:0000 X:1988 Y:0002 S:0129 D:0E68 DB:86 nvMxdiZc V:  4 H:161 F: 4
				83BB5E 18          CLC                    A:0000 X:1988 Y:0002 S:0129 D:0E68 DB:86 nvMxdiZc V:  4 H:167 F: 4
				83BB5F 65 3D       ADC $3D       [000EA5] A:0000 X:1988 Y:0002 S:0129 D:0E68 DB:86 nvMxdiZc V:  4 H:170 F: 4
				83BB61 A8          TAY                    A:0000 X:1988 Y:0002 S:0129 D:0E68 DB:86 nvMxdiZc V:  4 H:177 F: 4
				83BB62 B9 D8 C9    LDA $C9D8,Y   [86C9D8] A:0000 X:1988 Y:0000 S:0129 D:0E68 DB:86 nvMxdiZc V:  4 H:180 F: 4
				83BB65 9D 0B 00    STA $000B,X   [861993] A:0024 X:1988 Y:0000 S:0129 D:0E68 DB:86 nvMxdizc V:  4 H:187 F: 4
				83BB68 C2 20       REP #$20               A:0024 X:1988 Y:0000 S:0129 D:0E68 DB:86 nvMxdizc V:  4 H:195 F: 4
				83BB6A 9E 0C 00    STZ $000C,X   [861994] A:0024 X:1988 Y:0000 S:0129 D:0E68 DB:86 nvmxdizc V:  4 H:200 F: 4
				83BB6D 22 86 90 84 JSL $849086   [849086] A:0024 X:1988 Y:0000 S:0129 D:0E68 DB:86 nvmxdizc V:  4 H:210 F: 4

					849086 08          PHP                    A:0024 X:1988 Y:0000 S:0126 D:0E68 DB:86 nvmxdizc V:  4 H:223 F: 4
					849087 C2 20       REP #$20               A:0024 X:1988 Y:0000 S:0125 D:0E68 DB:86 nvmxdizc V:  4 H:228 F: 4
					849089 AD A6 0B    LDA $0BA6     [860BA6] A:0024 X:1988 Y:0000 S:0125 D:0E68 DB:86 nvmxdizc V:  4 H:233 F: 4
					84908C 0A          ASL A                  A:5391 X:1988 Y:0000 S:0125 D:0E68 DB:86 nvmxdizc V:  4 H:241 F: 4
					84908D 18          CLC                    A:A722 X:1988 Y:0000 S:0125 D:0E68 DB:86 Nvmxdizc V:  4 H:244 F: 4
					84908E 6D A6 0B    ADC $0BA6     [860BA6] A:A722 X:1988 Y:0000 S:0125 D:0E68 DB:86 Nvmxdizc V:  4 H:247 F: 4
					849091 EB          XBA                    A:FAB3 X:1988 Y:0000 S:0125 D:0E68 DB:86 Nvmxdizc V:  4 H:256 F: 4
					849092 E2 20       SEP #$20               A:B3FA X:1988 Y:0000 S:0125 D:0E68 DB:86 Nvmxdizc V:  4 H:260 F: 4
					849094 8D A7 0B    STA $0BA7     [860BA7] A:B3FA X:1988 Y:0000 S:0125 D:0E68 DB:86 NvMxdizc V:  4 H:265 F: 4
					849097 18          CLC                    A:B3FA X:1988 Y:0000 S:0125 D:0E68 DB:86 NvMxdizc V:  4 H:271 F: 4
					849098 6D A6 0B    ADC $0BA6     [860BA6] A:B3FA X:1988 Y:0000 S:0125 D:0E68 DB:86 NvMxdizc V:  4 H:274 F: 4
					84909B 8D A6 0B    STA $0BA6     [860BA6] A:B38B X:1988 Y:0000 S:0125 D:0E68 DB:86 NvMxdizC V:  4 H:281 F: 4
					84909E 28          PLP                    A:B38B X:1988 Y:0000 S:0125 D:0E68 DB:86 NvMxdizC V:  4 H:287 F: 4
					84909F 6B          RTL                    A:B38B X:1988 Y:0000 S:0126 D:0E68 DB:86 nvmxdizc V:  4 H:294 F: 4

				83BB71 29 0F 00    AND #$000F             A:B38B X:1988 Y:0000 S:0129 D:0E68 DB:86 nvmxdizc V:  4 H:304 F: 4
				83BB74 0A          ASL A                  A:000B X:1988 Y:0000 S:0129 D:0E68 DB:86 nvmxdizc V:  4 H:309 F: 4
				83BB75 A8          TAY                    A:0016 X:1988 Y:0000 S:0129 D:0E68 DB:86 nvmxdizc V:  4 H:312 F: 4
				83BB76 A5 3D       LDA $3D       [000EA5] A:0016 X:1988 Y:0016 S:0129 D:0E68 DB:86 nvmxdizc V:  4 H:315 F: 4
				83BB78 4A          LSR A                  A:0000 X:1988 Y:0016 S:0129 D:0E68 DB:86 nvmxdiZc V:  4 H:323 F: 4
				83BB79 B9 EB C9    LDA $C9EB,Y   [86CA01] A:0000 X:1988 Y:0016 S:0129 D:0E68 DB:86 nvmxdiZc V:  4 H:326 F: 4
				83BB7C 90 04       BCC $0004     [83BB82] A:0162 X:1988 Y:0016 S:0129 D:0E68 DB:86 nvmxdizc V:  4 H:334 F: 4
				83BB82 9D 1A 00    STA $001A,X   [8619A2] A:0162 X:1988 Y:0016 S:0129 D:0E68 DB:86 nvmxdizc V:  4 H:339 F: 4
				83BB85 22 86 90 84 JSL $849086   [849086] A:0162 X:1988 Y:0016 S:0129 D:0E68 DB:86 nvmxdizc V:  5 H:  9 F: 4

					849086 08          PHP                    A:0162 X:1988 Y:0016 S:0126 D:0E68 DB:86 nvmxdizc V:  5 H: 22 F: 4
					849087 C2 20       REP #$20               A:0162 X:1988 Y:0016 S:0125 D:0E68 DB:86 nvmxdizc V:  5 H: 27 F: 4
					849089 AD A6 0B    LDA $0BA6     [860BA6] A:0162 X:1988 Y:0016 S:0125 D:0E68 DB:86 nvmxdizc V:  5 H: 32 F: 4
					84908C 0A          ASL A                  A:FA8B X:1988 Y:0016 S:0125 D:0E68 DB:86 Nvmxdizc V:  5 H: 40 F: 4
					84908D 18          CLC                    A:F516 X:1988 Y:0016 S:0125 D:0E68 DB:86 NvmxdizC V:  5 H: 43 F: 4
					84908E 6D A6 0B    ADC $0BA6     [860BA6] A:F516 X:1988 Y:0016 S:0125 D:0E68 DB:86 Nvmxdizc V:  5 H: 46 F: 4
					849091 EB          XBA                    A:EFA1 X:1988 Y:0016 S:0125 D:0E68 DB:86 NvmxdizC V:  5 H: 55 F: 4
					849092 E2 20       SEP #$20               A:A1EF X:1988 Y:0016 S:0125 D:0E68 DB:86 NvmxdizC V:  5 H: 59 F: 4
					849094 8D A7 0B    STA $0BA7     [860BA7] A:A1EF X:1988 Y:0016 S:0125 D:0E68 DB:86 NvMxdizC V:  5 H: 64 F: 4
					849097 18          CLC                    A:A1EF X:1988 Y:0016 S:0125 D:0E68 DB:86 NvMxdizC V:  5 H: 70 F: 4
					849098 6D A6 0B    ADC $0BA6     [860BA6] A:A1EF X:1988 Y:0016 S:0125 D:0E68 DB:86 NvMxdizc V:  5 H: 73 F: 4
					84909B 8D A6 0B    STA $0BA6     [860BA6] A:A17A X:1988 Y:0016 S:0125 D:0E68 DB:86 nVMxdizC V:  5 H: 80 F: 4
					84909E 28          PLP                    A:A17A X:1988 Y:0016 S:0125 D:0E68 DB:86 nVMxdizC V:  5 H: 86 F: 4
					84909F 6B          RTL                    A:A17A X:1988 Y:0016 S:0126 D:0E68 DB:86 nvmxdizc V:  5 H: 93 F: 4

				83BB89 29 0F 00    AND #$000F             A:A17A X:1988 Y:0016 S:0129 D:0E68 DB:86 nvmxdizc V:  5 H:103 F: 4
				83BB8C 0A          ASL A                  A:000A X:1988 Y:0016 S:0129 D:0E68 DB:86 nvmxdizc V:  5 H:108 F: 4
				83BB8D A8          TAY                    A:0014 X:1988 Y:0016 S:0129 D:0E68 DB:86 nvmxdizc V:  5 H:111 F: 4
				83BB8E B9 0B CA    LDA $CA0B,Y   [86CA1F] A:0014 X:1988 Y:0014 S:0129 D:0E68 DB:86 nvmxdizc V:  5 H:114 F: 4
				83BB91 9D 1C 00    STA $001C,X   [8619A4] A:01EE X:1988 Y:0014 S:0129 D:0E68 DB:86 nvmxdizc V:  5 H:123 F: 4
				83BB94 AD 00 00    LDA $0000     [860000] A:01EE X:1988 Y:0014 S:0129 D:0E68 DB:86 nvmxdizc V:  5 H:133 F: 4
				83BB97 9D 05 00    STA $0005,X   [86198D] A:140F X:1988 Y:0014 S:0129 D:0E68 DB:86 nvmxdizc V:  5 H:151 F: 4
				83BB9A AD 02 00    LDA $0002     [860002] A:140F X:1988 Y:0014 S:0129 D:0E68 DB:86 nvmxdizc V:  5 H:161 F: 4
				83BB9D 9D 08 00    STA $0008,X   [861990] A:0A9D X:1988 Y:0014 S:0129 D:0E68 DB:86 nvmxdizc V:  5 H:170 F: 4
				83BBA0 E2 20       SEP #$20               A:0A9D X:1988 Y:0014 S:0129 D:0E68 DB:86 nvmxdizc V:  5 H:180 F: 4
				83BBA2 A9 40       LDA #$40               A:0A9D X:1988 Y:0014 S:0129 D:0E68 DB:86 nvMxdizc V:  5 H:184 F: 4
				83BBA4 9D 1E 00    STA $001E,X   [8619A6] A:0A40 X:1988 Y:0014 S:0129 D:0E68 DB:86 nvMxdizc V:  5 H:187 F: 4
				83BBA7 9E 1F 00    STZ $001F,X   [8619A7] A:0A40 X:1988 Y:0014 S:0129 D:0E68 DB:86 nvMxdizc V:  5 H:195 F: 4
				83BBAA C6 3D       DEC $3D       [000EA5] A:0A40 X:1988 Y:0014 S:0129 D:0E68 DB:86 nvMxdizc V:  5 H:203 F: 4
				83BBAC 10 9A       BPL $009A     [83BB48] A:0A40 X:1988 Y:0014 S:0129 D:0E68 DB:86 NvMxdizc V:  5 H:213 F: 4
				83BBAE 22 D3 82 82 JSL $8282D3   [8282D3] A:0A40 X:1988 Y:0014 S:0129 D:0E68 DB:86 NvMxdizc V:  5 H:216 F: 4

					8282D3 C2 30       REP #$30               A:0A40 X:1988 Y:0014 S:0126 D:0E68 DB:86 NvMxdizc V:  5 H:230 F: 4
					8282D5 A2 28 19    LDX #$1928             A:0A40 X:1988 Y:0014 S:0126 D:0E68 DB:86 Nvmxdizc V:  5 H:234 F: 4
					8282D8 BD 00 00    LDA $0000,X   [861928] A:0A40 X:1928 Y:0014 S:0126 D:0E68 DB:86 nvmxdizc V:  5 H:239 F: 4
					8282DB F0 5E       BEQ $005E     [82833B] A:0001 X:1928 Y:0014 S:0126 D:0E68 DB:86 nvmxdizc V:  5 H:249 F: 4
					8282DD 8A          TXA                    A:0001 X:1928 Y:0014 S:0126 D:0E68 DB:86 nvmxdizc V:  5 H:252 F: 4
					8282DE 18          CLC                    A:1928 X:1928 Y:0014 S:0126 D:0E68 DB:86 nvmxdizc V:  5 H:255 F: 4
					8282DF 69 20 00    ADC #$0020             A:1928 X:1928 Y:0014 S:0126 D:0E68 DB:86 nvmxdizc V:  5 H:258 F: 4
					8282E2 AA          TAX                    A:1948 X:1928 Y:0014 S:0126 D:0E68 DB:86 nvmxdizc V:  5 H:262 F: 4
					8282E3 E0 08 1D    CPX #$1D08             A:1948 X:1948 Y:0014 S:0126 D:0E68 DB:86 nvmxdizc V:  5 H:265 F: 4
					8282E6 90 F0       BCC $00F0     [8282D8] A:1948 X:1948 Y:0014 S:0126 D:0E68 DB:86 Nvmxdizc V:  5 H:270 F: 4
					8282D8 BD 00 00    LDA $0000,X   [861948] A:1948 X:1948 Y:0014 S:0126 D:0E68 DB:86 Nvmxdizc V:  5 H:274 F: 4
					8282DB F0 5E       BEQ $005E     [82833B] A:0001 X:1948 Y:0014 S:0126 D:0E68 DB:86 nvmxdizc V:  5 H:284 F: 4
					8282DD 8A          TXA                    A:0001 X:1948 Y:0014 S:0126 D:0E68 DB:86 nvmxdizc V:  5 H:287 F: 4
					8282DE 18          CLC                    A:1948 X:1948 Y:0014 S:0126 D:0E68 DB:86 nvmxdizc V:  5 H:290 F: 4
					8282DF 69 20 00    ADC #$0020             A:1948 X:1948 Y:0014 S:0126 D:0E68 DB:86 nvmxdizc V:  5 H:293 F: 4
					8282E2 AA          TAX                    A:1968 X:1948 Y:0014 S:0126 D:0E68 DB:86 nvmxdizc V:  5 H:298 F: 4
					8282E3 E0 08 1D    CPX #$1D08             A:1968 X:1968 Y:0014 S:0126 D:0E68 DB:86 nvmxdizc V:  5 H:301 F: 4
					8282E6 90 F0       BCC $00F0     [8282D8] A:1968 X:1968 Y:0014 S:0126 D:0E68 DB:86 Nvmxdizc V:  5 H:305 F: 4
					8282D8 BD 00 00    LDA $0000,X   [861968] A:1968 X:1968 Y:0014 S:0126 D:0E68 DB:86 Nvmxdizc V:  5 H:310 F: 4
					8282DB F0 5E       BEQ $005E     [82833B] A:0001 X:1968 Y:0014 S:0126 D:0E68 DB:86 nvmxdizc V:  5 H:320 F: 4
					8282DD 8A          TXA                    A:0001 X:1968 Y:0014 S:0126 D:0E68 DB:86 nvmxdizc V:  5 H:323 F: 4
					8282DE 18          CLC                    A:1968 X:1968 Y:0014 S:0126 D:0E68 DB:86 nvmxdizc V:  5 H:325 F: 4
					8282DF 69 20 00    ADC #$0020             A:1968 X:1968 Y:0014 S:0126 D:0E68 DB:86 nvmxdizc V:  5 H:328 F: 4
					8282E2 AA          TAX                    A:1988 X:1968 Y:0014 S:0126 D:0E68 DB:86 nvmxdizc V:  5 H:332 F: 4
					8282E3 E0 08 1D    CPX #$1D08             A:1988 X:1988 Y:0014 S:0126 D:0E68 DB:86 nvmxdizc V:  5 H:335 F: 4
					8282E6 90 F0       BCC $00F0     [8282D8] A:1988 X:1988 Y:0014 S:0126 D:0E68 DB:86 Nvmxdizc V:  6 H:  0 F: 4
					8282D8 BD 00 00    LDA $0000,X   [861988] A:1988 X:1988 Y:0014 S:0126 D:0E68 DB:86 Nvmxdizc V:  6 H:  4 F: 4
					8282DB F0 5E       BEQ $005E     [82833B] A:0001 X:1988 Y:0014 S:0126 D:0E68 DB:86 nvmxdizc V:  6 H: 14 F: 4
					8282DD 8A          TXA                    A:0001 X:1988 Y:0014 S:0126 D:0E68 DB:86 nvmxdizc V:  6 H: 17 F: 4
					8282DE 18          CLC                    A:1988 X:1988 Y:0014 S:0126 D:0E68 DB:86 nvmxdizc V:  6 H: 20 F: 4
					8282DF 69 20 00    ADC #$0020             A:1988 X:1988 Y:0014 S:0126 D:0E68 DB:86 nvmxdizc V:  6 H: 23 F: 4
					8282E2 AA          TAX                    A:19A8 X:1988 Y:0014 S:0126 D:0E68 DB:86 nvmxdizc V:  6 H: 28 F: 4
					8282E3 E0 08 1D    CPX #$1D08             A:19A8 X:19A8 Y:0014 S:0126 D:0E68 DB:86 nvmxdizc V:  6 H: 31 F: 4
					8282E6 90 F0       BCC $00F0     [8282D8] A:19A8 X:19A8 Y:0014 S:0126 D:0E68 DB:86 Nvmxdizc V:  6 H: 35 F: 4
					8282D8 BD 00 00    LDA $0000,X   [8619A8] A:19A8 X:19A8 Y:0014 S:0126 D:0E68 DB:86 Nvmxdizc V:  6 H: 40 F: 4
					8282DB F0 5E       BEQ $005E     [82833B] A:0000 X:19A8 Y:0014 S:0126 D:0E68 DB:86 nvmxdiZc V:  6 H: 50 F: 4
					82833B E2 22       SEP #$22               A:0000 X:19A8 Y:0014 S:0126 D:0E68 DB:86 nvmxdiZc V:  6 H: 54 F: 4
					82833D 6B          RTL                    A:0000 X:19A8 Y:0014 S:0126 D:0E68 DB:86 nvMxdiZc V:  6 H: 59 F: 4

				83BBB2 D0 1C       BNE $001C     [83BBD0] A:0000 X:19A8 Y:0014 S:0129 D:0E68 DB:86 nvMxdiZc V:  6 H: 69 F: 4
				83BBB4 FE 00 00    INC $0000,X   [8619A8] A:0000 X:19A8 Y:0014 S:0129 D:0E68 DB:86 nvMxdiZc V:  6 H: 72 F: 4
				83BBB7 A9 22       LDA #$22               A:0000 X:19A8 Y:0014 S:0129 D:0E68 DB:86 nvMxdizc V:  6 H: 84 F: 4
				83BBB9 9D 0A 00    STA $000A,X   [8619B2] A:0022 X:19A8 Y:0014 S:0129 D:0E68 DB:86 nvMxdizc V:  6 H: 87 F: 4
				83BBBC 9E 0B 00    STZ $000B,X   [8619B3] A:0022 X:19A8 Y:0014 S:0129 D:0E68 DB:86 nvMxdizc V:  6 H: 95 F: 4
				83BBBF 9E 11 00    STZ $0011,X   [8619B9] A:0022 X:19A8 Y:0014 S:0129 D:0E68 DB:86 nvMxdizc V:  6 H:103 F: 4
				83BBC2 C2 20       REP #$20               A:0022 X:19A8 Y:0014 S:0129 D:0E68 DB:86 nvMxdizc V:  6 H:111 F: 4
				83BBC4 AD 00 00    LDA $0000     [860000] A:0022 X:19A8 Y:0014 S:0129 D:0E68 DB:86 nvmxdizc V:  6 H:115 F: 4
				83BBC7 9D 05 00    STA $0005,X   [8619AD] A:140F X:19A8 Y:0014 S:0129 D:0E68 DB:86 nvmxdizc V:  6 H:124 F: 4
				83BBCA AD 02 00    LDA $0002     [860002] A:140F X:19A8 Y:0014 S:0129 D:0E68 DB:86 nvmxdizc V:  6 H:134 F: 4
				83BBCD 9D 08 00    STA $0008,X   [8619B0] A:0A9D X:19A8 Y:0014 S:0129 D:0E68 DB:86 nvmxdizc V:  6 H:152 F: 4
				83BBD0 28          PLP                    A:0A9D X:19A8 Y:0014 S:0129 D:0E68 DB:86 nvmxdizc V:  6 H:162 F: 4
				83BBD1 60          RTS                    A:0A9D X:00A8 Y:0014 S:012A D:0E68 DB:86 nvmXdizC V:  6 H:169 F: 4

			83B4C7 E2 20       SEP #$20               A:0A9D X:00A8 Y:0014 S:012C D:0E68 DB:86 nvmXdizC V:  6 H:179 F: 4
			83B4C9 22 86 90 84 JSL $849086   [849086] A:0A9D X:00A8 Y:0014 S:012C D:0E68 DB:86 nvMXdizC V:  6 H:183 F: 4		JSL $849086 --> Load A (2B) with RNG value

				849086 08          PHP                    A:0A9D X:00A8 Y:0014 S:0129 D:0E68 DB:86 nvMXdizC V:  6 H:197 F: 4
				849087 C2 20       REP #$20               A:0A9D X:00A8 Y:0014 S:0128 D:0E68 DB:86 nvMXdizC V:  6 H:202 F: 4
				849089 AD A6 0B    LDA $0BA6     [860BA6] A:0A9D X:00A8 Y:0014 S:0128 D:0E68 DB:86 nvmXdizC V:  6 H:206 F: 4
				84908C 0A          ASL A                  A:EF7A X:00A8 Y:0014 S:0128 D:0E68 DB:86 NvmXdizC V:  6 H:215 F: 4
				84908D 18          CLC                    A:DEF4 X:00A8 Y:0014 S:0128 D:0E68 DB:86 NvmXdizC V:  6 H:218 F: 4
				84908E 6D A6 0B    ADC $0BA6     [860BA6] A:DEF4 X:00A8 Y:0014 S:0128 D:0E68 DB:86 NvmXdizc V:  6 H:221 F: 4
				849091 EB          XBA                    A:CE6E X:00A8 Y:0014 S:0128 D:0E68 DB:86 NvmXdizC V:  6 H:229 F: 4
				849092 E2 20       SEP #$20               A:6ECE X:00A8 Y:0014 S:0128 D:0E68 DB:86 NvmXdizC V:  6 H:234 F: 4
				849094 8D A7 0B    STA $0BA7     [860BA7] A:6ECE X:00A8 Y:0014 S:0128 D:0E68 DB:86 NvMXdizC V:  6 H:238 F: 4
				849097 18          CLC                    A:6ECE X:00A8 Y:0014 S:0128 D:0E68 DB:86 NvMXdizC V:  6 H:245 F: 4
				849098 6D A6 0B    ADC $0BA6     [860BA6] A:6ECE X:00A8 Y:0014 S:0128 D:0E68 DB:86 NvMXdizc V:  6 H:248 F: 4
				84909B 8D A6 0B    STA $0BA6     [860BA6] A:6E48 X:00A8 Y:0014 S:0128 D:0E68 DB:86 nvMXdizC V:  6 H:254 F: 4
				84909E 28          PLP                    A:6E48 X:00A8 Y:0014 S:0128 D:0E68 DB:86 nvMXdizC V:  6 H:261 F: 4
				84909F 6B          RTL                    A:6E48 X:00A8 Y:0014 S:0129 D:0E68 DB:86 nvMXdizC V:  6 H:267 F: 4

			83B4CD 29 0F       AND #$0F               A:6E48 X:00A8 Y:0014 S:012C D:0E68 DB:86 nvMXdizC V:  6 H:278 F: 4
			83B4CF C9 06       CMP #$06               A:6E08 X:00A8 Y:0014 S:012C D:0E68 DB:86 nvMXdizC V:  6 H:281 F: 4
			83B4D1 B0 09       BCS $0009     [83B4DC] A:6E08 X:00A8 Y:0014 S:012C D:0E68 DB:86 nvMXdizC V:  6 H:284 F: 4		Branch because RNG(00,0F) < #$06
			83B4DC A9 08       LDA #$08               A:6E08 X:00A8 Y:0014 S:012C D:0E68 DB:86 nvMXdizC V:  6 H:288 F: 4
			83B4DE 22 16 A3 84 JSL $84A316   [84A316] A:6E08 X:00A8 Y:0014 S:012C D:0E68 DB:86 nvMXdizC V:  6 H:291 F: 4		JSL $84A316 --> Set Effect: Shake Screen Horizontal. A = Duration of shake.

				84A316 08          PHP                    A:6E08 X:00A8 Y:0014 S:0129 D:0E68 DB:86 nvMXdizC V:  6 H:305 F: 4
				84A317 E2 30       SEP #$30               A:6E08 X:00A8 Y:0014 S:0128 D:0E68 DB:86 nvMXdizC V:  6 H:310 F: 4
				84A319 A2 03       LDX #$03               A:6E08 X:00A8 Y:0014 S:0128 D:0E68 DB:86 nvMXdizC V:  6 H:314 F: 4
				84A31B A0 01       LDY #$01               A:6E08 X:0003 Y:0014 S:0128 D:0E68 DB:86 nvMXdizC V:  6 H:317 F: 4
				84A31D 80 03       BRA $0003     [84A322] A:6E08 X:0003 Y:0001 S:0128 D:0E68 DB:86 nvMXdizC V:  6 H:320 F: 4
				84A322 8D 79 1E    STA $1E79     [861E79] A:6E08 X:0003 Y:0001 S:0128 D:0E68 DB:86 nvMXdizC V:  6 H:324 F: 4
				84A325 8E 82 1E    STX $1E82     [861E82] A:6E08 X:0003 Y:0001 S:0128 D:0E68 DB:86 nvMXdizC V:  6 H:330 F: 4
				84A328 8C 7E 1E    STY $1E7E     [861E7E] A:6E08 X:0003 Y:0001 S:0128 D:0E68 DB:86 nvMXdizC V:  6 H:337 F: 4
				84A32B 8C 80 1E    STY $1E80     [861E80] A:6E08 X:0003 Y:0001 S:0128 D:0E68 DB:86 nvMXdizC V:  7 H:  3 F: 4
				84A32E 9C 84 1E    STZ $1E84     [861E84] A:6E08 X:0003 Y:0001 S:0128 D:0E68 DB:86 nvMXdizC V:  7 H: 10 F: 4
				84A331 A9 01       LDA #$01               A:6E08 X:0003 Y:0001 S:0128 D:0E68 DB:86 nvMXdizC V:  7 H: 16 F: 4
				84A333 0C 78 1E    TSB $1E78     [861E78] A:6E01 X:0003 Y:0001 S:0128 D:0E68 DB:86 nvMXdizC V:  7 H: 19 F: 4
				84A336 28          PLP                    A:6E01 X:0003 Y:0001 S:0128 D:0E68 DB:86 nvMXdiZC V:  7 H: 29 F: 4
				84A337 6B          RTL                    A:6E01 X:0003 Y:0001 S:0129 D:0E68 DB:86 nvMXdizC V:  7 H: 36 F: 4

			83B4E2 C2 20       REP #$20               A:6E01 X:0003 Y:0001 S:012C D:0E68 DB:86 nvMXdizC V:  7 H: 46 F: 4
			83B4E4 AD 49 EE    LDA $EE49     [86EE49] A:6E01 X:0003 Y:0001 S:012C D:0E68 DB:86 nvmXdizC V:  7 H: 51 F: 4		|E-Y-Vel = [$86EE49]*3
			83B4E7 0A          ASL A                  A:0169 X:0003 Y:0001 S:012C D:0E68 DB:86 nvmXdizC V:  7 H: 58 F: 4		|
			83B4E8 6D 49 EE    ADC $EE49     [86EE49] A:02D2 X:0003 Y:0001 S:012C D:0E68 DB:86 nvmXdizc V:  7 H: 61 F: 4		|
			83B4EB 85 1C       STA $1C       [000E84] A:043B X:0003 Y:0001 S:012C D:0E68 DB:86 nvmXdizc V:  7 H: 69 F: 4		|
			83B4ED A6 1B       LDX $1B       [000E83] A:043B X:0003 Y:0001 S:012C D:0E68 DB:86 nvmXdizc V:  7 H: 77 F: 4		|E-X-Vel = [$86EE49]*3, Invert if E-X-Vel > 0 (Moving Right)
			83B4EF 30 04       BMI $0004     [83B4F5] A:043B X:00FA Y:0001 S:012C D:0E68 DB:86 NvmXdizc V:  7 H: 84 F: 4		|
			83B4F5 85 1A       STA $1A       [000E82] A:043B X:00FA Y:0001 S:012C D:0E68 DB:86 NvmXdizc V:  7 H: 88 F: 4		|
			83B4F7 E2 20       SEP #$20               A:043B X:00FA Y:0001 S:012C D:0E68 DB:86 NvmXdizc V:  7 H: 97 F: 4
			83B4F9 A9 0A       LDA #$0A               A:043B X:00FA Y:0001 S:012C D:0E68 DB:86 NvMXdizc V:  7 H:101 F: 4		Subaction = #$0A
			83B4FB 85 03       STA $03       [000E6B] A:040A X:00FA Y:0001 S:012C D:0E68 DB:86 nvMXdizc V:  7 H:104 F: 4
			83B4FD 60          RTS                    A:040A X:00FA Y:0001 S:012C D:0E68 DB:86 nvMXdizc V:  7 H:111 F: 4		Return

		83B2ED A5 27       LDA $27       [000E8F] A:040A X:00FA Y:0001 S:012E D:0E68 DB:86 nvMXdizc V:  7 H:121 F: 4
