80D4F6 20 30 D5    JSR $D530     [80D530] A:0E01 X:0000 Y:0046 S:0133 D:0E68 DB:86 nvMXdizC V:247 H:205 F: 5

	80D530 C2 20       REP #$20               A:0E01 X:0000 Y:0046 S:0131 D:0E68 DB:86 nvMXdizC V:247 H:215 F: 5
	80D532 A5 05       LDA $05       [000E6D] A:0E01 X:0000 Y:0046 S:0131 D:0E68 DB:86 nvmXdizC V:247 H:219 F: 5
	80D534 85 22       STA $22       [000E8A] A:14A1 X:0000 Y:0046 S:0131 D:0E68 DB:86 nvmXdizC V:247 H:228 F: 5
	80D536 A5 08       LDA $08       [000E70] A:14A1 X:0000 Y:0046 S:0131 D:0E68 DB:86 nvmXdizC V:247 H:236 F: 5
	80D538 85 24       STA $24       [000E8C] A:0A9C X:0000 Y:0046 S:0131 D:0E68 DB:86 nvmXdizC V:247 H:245 F: 5
	80D53A E2 20       SEP #$20               A:0A9C X:0000 Y:0046 S:0131 D:0E68 DB:86 nvmXdizC V:247 H:253 F: 5
	80D53C A9 80       LDA #$80               A:0A9C X:0000 Y:0046 S:0131 D:0E68 DB:86 nvMXdizC V:247 H:258 F: 5
	80D53E 14 0E       TRB $0E       [000E76] A:0A80 X:0000 Y:0046 S:0131 D:0E68 DB:86 NvMXdizC V:247 H:261 F: 5
	80D540 A5 0A       LDA $0A       [000E72] A:0A80 X:0000 Y:0046 S:0131 D:0E68 DB:86 NvMXdizC V:247 H:271 F: 5
	80D542 0A          ASL A                  A:0A14 X:0000 Y:0046 S:0131 D:0E68 DB:86 nvMXdizC V:247 H:277 F: 5
	80D543 AA          TAX                    A:0A28 X:0000 Y:0046 S:0131 D:0E68 DB:86 nvMXdizc V:247 H:280 F: 5
	80D544 7C DD F8    JMP ($F8DD,X) [80F905] A:0A28 X:0028 Y:0046 S:0131 D:0E68 DB:86 nvMXdizc V:247 H:283 F: 5

	80FA15 22 44 B1 83 JSL $83B144   [83B144] A:0A28 X:0028 Y:0046 S:0131 D:0E68 DB:86 nvMXdizc V:247 H:292 F: 5

		83B144 A6 01       LDX $01       [000E69] A:0A28 X:0028 Y:0046 S:012E D:0E68 DB:86 nvMXdizc V:247 H:306 F: 5
		83B146 7C 49 B1    JMP ($B149,X) [83B14D] A:0A28 X:0004 Y:0046 S:012E D:0E68 DB:86 nvMXdizc V:247 H:312 F: 5

		83B2E8 A6 02       LDX $02       [000E6A] A:0A28 X:0004 Y:0046 S:012E D:0E68 DB:86 nvMXdizc V:247 H:321 F: 5
		83B2EA FC DA B3    JSR ($B3DA,X) [83B3DA] A:0A28 X:0000 Y:0046 S:012E D:0E68 DB:86 nvMXdiZc V:247 H:327 F: 5

			83B3E4 A6 03       LDX $03       [000E6B] A:0A28 X:0000 Y:0046 S:012C D:0E68 DB:86 nvMXdiZc V:248 H:  0 F: 5
			83B3E6 7C E9 B3    JMP ($B3E9,X) [83B3F3] A:0A28 X:000A Y:0046 S:012C D:0E68 DB:86 nvMXdizc V:248 H:  6 F: 5

			83B4FE A9 40       LDA #$40               A:0A28 X:000A Y:0046 S:012C D:0E68 DB:86 nvMXdizc V:248 H: 15 F: 5		|Update Facing based on E-X-Vel
			83B500 14 11       TRB $11       [000E79] A:0A40 X:000A Y:0046 S:012C D:0E68 DB:86 nvMXdizc V:248 H: 18 F: 5		|
			83B502 A5 1B       LDA $1B       [000E83] A:0A40 X:000A Y:0046 S:012C D:0E68 DB:86 nvMXdiZc V:248 H: 28 F: 5		|
			83B504 29 80       AND #$80               A:0AFB X:000A Y:0046 S:012C D:0E68 DB:86 NvMXdizc V:248 H: 35 F: 5		|
			83B506 4A          LSR A                  A:0A80 X:000A Y:0046 S:012C D:0E68 DB:86 NvMXdizc V:248 H: 38 F: 5		|
			83B507 49 40       EOR #$40               A:0A40 X:000A Y:0046 S:012C D:0E68 DB:86 nvMXdizc V:248 H: 41 F: 5		|
			83B509 04 11       TSB $11       [000E79] A:0A00 X:000A Y:0046 S:012C D:0E68 DB:86 nvMXdiZc V:248 H: 44 F: 5		|
			83B50B 22 0A 82 82 JSL $82820A   [82820A] A:0A00 X:000A Y:0046 S:012C D:0E68 DB:86 nvMXdiZc V:248 H: 54 F: 5		JSL $82820A --> Update X-Pos, Y-Pos

				82820A 08          PHP                    A:0A00 X:000A Y:0046 S:0129 D:0E68 DB:86 nvMXdiZc V:248 H: 67 F: 5
				82820B C2 21       REP #$21               A:0A00 X:000A Y:0046 S:0128 D:0E68 DB:86 nvMXdiZc V:248 H: 72 F: 5
				82820D A5 04       LDA $04       [000E6C] A:0A00 X:000A Y:0046 S:0128 D:0E68 DB:86 nvmXdiZc V:248 H: 77 F: 5
				82820F 65 1A       ADC $1A       [000E82] A:A125 X:000A Y:0046 S:0128 D:0E68 DB:86 NvmXdizc V:248 H: 85 F: 5
				828211 85 04       STA $04       [000E6C] A:9CEA X:000A Y:0046 S:0128 D:0E68 DB:86 NvmXdizC V:248 H: 94 F: 5
				828213 E2 20       SEP #$20               A:9CEA X:000A Y:0046 S:0128 D:0E68 DB:86 NvmXdizC V:248 H:102 F: 5
				828215 A9 00       LDA #$00               A:9CEA X:000A Y:0046 S:0128 D:0E68 DB:86 NvMXdizC V:248 H:107 F: 5
				828217 24 1B       BIT $1B       [000E83] A:9C00 X:000A Y:0046 S:0128 D:0E68 DB:86 nvMXdiZC V:248 H:110 F: 5
				828219 10 01       BPL $0001     [82821C] A:9C00 X:000A Y:0046 S:0128 D:0E68 DB:86 NVMXdiZC V:248 H:116 F: 5
				82821B 3A          DEC                    A:9C00 X:000A Y:0046 S:0128 D:0E68 DB:86 NVMXdiZC V:248 H:119 F: 5
				82821C 65 06       ADC $06       [000E6E] A:9CFF X:000A Y:0046 S:0128 D:0E68 DB:86 NVMXdizC V:248 H:122 F: 5
				82821E 85 06       STA $06       [000E6E] A:9C14 X:000A Y:0046 S:0128 D:0E68 DB:86 nvMXdizC V:248 H:129 F: 5
				828220 C2 20       REP #$20               A:9C14 X:000A Y:0046 S:0128 D:0E68 DB:86 nvMXdizC V:248 H:145 F: 5
				828222 38          SEC                    A:9C14 X:000A Y:0046 S:0128 D:0E68 DB:86 nvmXdizC V:248 H:150 F: 5
				828223 A5 07       LDA $07       [000E6F] A:9C14 X:000A Y:0046 S:0128 D:0E68 DB:86 nvmXdizC V:248 H:153 F: 5
				828225 E5 1C       SBC $1C       [000E84] A:9C49 X:000A Y:0046 S:0128 D:0E68 DB:86 NvmXdizC V:248 H:161 F: 5
				828227 85 07       STA $07       [000E6F] A:A084 X:000A Y:0046 S:0128 D:0E68 DB:86 NvmXdizc V:248 H:170 F: 5
				828229 E2 20       SEP #$20               A:A084 X:000A Y:0046 S:0128 D:0E68 DB:86 NvmXdizc V:248 H:178 F: 5
				82822B 9C 00 00    STZ $0000     [860000] A:A084 X:000A Y:0046 S:0128 D:0E68 DB:86 NvMXdizc V:248 H:183 F: 5
				82822E 24 1D       BIT $1D       [000E85] A:A084 X:000A Y:0046 S:0128 D:0E68 DB:86 NvMXdizc V:248 H:189 F: 5
				828230 10 03       BPL $0003     [828235] A:A084 X:000A Y:0046 S:0128 D:0E68 DB:86 NVMXdizc V:248 H:196 F: 5
				828232 CE 00 00    DEC $0000     [860000] A:A084 X:000A Y:0046 S:0128 D:0E68 DB:86 NVMXdizc V:248 H:199 F: 5
				828235 A5 09       LDA $09       [000E71] A:A084 X:000A Y:0046 S:0128 D:0E68 DB:86 NVMXdizc V:248 H:209 F: 5
				828237 ED 00 00    SBC $0000     [860000] A:A00A X:000A Y:0046 S:0128 D:0E68 DB:86 nVMXdizc V:248 H:215 F: 5
				82823A 85 09       STA $09       [000E71] A:A00A X:000A Y:0046 S:0128 D:0E68 DB:86 nvMXdizc V:248 H:222 F: 5
				82823C 28          PLP                    A:A00A X:000A Y:0046 S:0128 D:0E68 DB:86 nvMXdizc V:248 H:228 F: 5
				82823D 6B          RTL                    A:A00A X:000A Y:0046 S:0129 D:0E68 DB:86 nvMXdiZc V:248 H:235 F: 5

			83B50F 22 EA 8E 84 JSL $848EEA   [848EEA] A:A00A X:000A Y:0046 S:012C D:0E68 DB:86 nvMXdiZc V:248 H:245 F: 5		JSL $848EEA --> Decrease CDSkel, Continue Skeleton

				848EEA 08          PHP                    A:A00A X:000A Y:0046 S:0129 D:0E68 DB:86 nvMXdiZc V:248 H:259 F: 5
				848EEB 8B          PHB                    A:A00A X:000A Y:0046 S:0128 D:0E68 DB:86 nvMXdiZc V:248 H:264 F: 5
				848EEC E2 30       SEP #$30               A:A00A X:000A Y:0046 S:0127 D:0E68 DB:86 nvMXdiZc V:248 H:269 F: 5
				848EEE C6 13       DEC $13       [000E7B] A:A00A X:000A Y:0046 S:0127 D:0E68 DB:86 nvMXdiZc V:248 H:273 F: 5
				848EF0 D0 5D       BNE $005D     [848F4F] A:A00A X:000A Y:0046 S:0127 D:0E68 DB:86 nvMXdiZc V:248 H:283 F: 5
				848EF2 A9 AF       LDA #$AF               A:A00A X:000A Y:0046 S:0127 D:0E68 DB:86 nvMXdiZc V:248 H:286 F: 5
				848EF4 48          PHA                    A:A0AF X:000A Y:0046 S:0127 D:0E68 DB:86 NvMXdizc V:248 H:289 F: 5
				848EF5 AB          PLB                    A:A0AF X:000A Y:0046 S:0126 D:0E68 DB:86 NvMXdizc V:248 H:294 F: 5
				848EF6 C2 21       REP #$21               A:A0AF X:000A Y:0046 S:0127 D:0E68 DB:AF NvMXdizc V:248 H:301 F: 5
				848EF8 A5 14       LDA $14       [000E7C] A:A0AF X:000A Y:0046 S:0127 D:0E68 DB:AF NvmXdizc V:248 H:305 F: 5
				848EFA 69 03 00    ADC #$0003             A:CE24 X:000A Y:0046 S:0127 D:0E68 DB:AF NvmXdizc V:248 H:314 F: 5
				848EFD A4 0F       LDY $0F       [000E77] A:CE27 X:000A Y:0046 S:0127 D:0E68 DB:AF NvmXdizc V:248 H:318 F: 5
				848EFF 10 37       BPL $0037     [848F38] A:CE27 X:000A Y:0000 S:0127 D:0E68 DB:AF nvmXdiZc V:248 H:324 F: 5
				848F38 85 14       STA $14       [000E7C] A:CE27 X:000A Y:0000 S:0127 D:0E68 DB:AF nvmXdiZc V:248 H:328 F: 5
				848F3A E2 30       SEP #$30               A:CE27 X:000A Y:0000 S:0127 D:0E68 DB:AF nvmXdiZc V:248 H:337 F: 5
				848F3C B2 14       LDA ($14)     [AFCE27] A:CE27 X:000A Y:0000 S:0127 D:0E68 DB:AF nvMXdiZc V:249 H:  1 F: 5
				848F3E 85 13       STA $13       [000E7B] A:CE01 X:000A Y:0000 S:0127 D:0E68 DB:AF nvMXdizc V:249 H: 11 F: 5
				848F40 A0 01       LDY #$01               A:CE01 X:000A Y:0000 S:0127 D:0E68 DB:AF nvMXdizc V:249 H: 18 F: 5
				848F42 B1 14       LDA ($14),Y   [AFCE28] A:CE01 X:000A Y:0001 S:0127 D:0E68 DB:AF nvMXdizc V:249 H: 21 F: 5
				848F44 85 0F       STA $0F       [000E77] A:CE00 X:000A Y:0001 S:0127 D:0E68 DB:AF nvMXdiZc V:249 H: 31 F: 5
				848F46 C8          INY                    A:CE00 X:000A Y:0001 S:0127 D:0E68 DB:AF nvMXdiZc V:249 H: 37 F: 5
				848F47 B1 14       LDA ($14),Y   [AFCE29] A:CE00 X:000A Y:0002 S:0127 D:0E68 DB:AF nvMXdizc V:249 H: 40 F: 5
				848F49 85 17       STA $17       [000E7F] A:CE02 X:000A Y:0002 S:0127 D:0E68 DB:AF nvMXdizc V:249 H: 50 F: 5
				848F4B A9 80       LDA #$80               A:CE02 X:000A Y:0002 S:0127 D:0E68 DB:AF nvMXdizc V:249 H: 57 F: 5
				848F4D 04 17       TSB $17       [000E7F] A:CE80 X:000A Y:0002 S:0127 D:0E68 DB:AF NvMXdizc V:249 H: 60 F: 5
				848F4F AB          PLB                    A:CE80 X:000A Y:0002 S:0127 D:0E68 DB:AF NvMXdiZc V:249 H: 70 F: 5
				848F50 28          PLP                    A:CE80 X:000A Y:0002 S:0128 D:0E68 DB:86 NvMXdizc V:249 H: 76 F: 5
				848F51 6B          RTL                    A:CE80 X:000A Y:0002 S:0129 D:0E68 DB:86 nvMXdiZc V:249 H: 83 F: 5

			83B513 22 BE 91 84 JSL $8491BE   [8491BE] A:CE80 X:000A Y:0002 S:012C D:0E68 DB:86 nvMXdiZc V:249 H: 93 F: 5		JSL $8491BE --> Check for colissions and adjust position

				8491BE 08          PHP                    A:CE80 X:000A Y:0002 S:0129 D:0E68 DB:86 nvMXdiZc V:249 H:107 F: 5
				8491BF 0B          PHD                    A:CE80 X:000A Y:0002 S:0128 D:0E68 DB:86 nvMXdiZc V:249 H:112 F: 5
				8491C0 C2 30       REP #$30               A:CE80 X:000A Y:0002 S:0126 D:0E68 DB:86 nvMXdiZc V:249 H:119 F: 5
				8491C2 A5 20       LDA $20       [000E88] A:CE80 X:000A Y:0002 S:0126 D:0E68 DB:86 nvmxdiZc V:249 H:123 F: 5
				8491C4 F0 15       BEQ $0015     [8491DB] A:C945 X:000A Y:0002 S:0126 D:0E68 DB:86 Nvmxdizc V:249 H:132 F: 5
				8491C6 7B          TDC                    A:C945 X:000A Y:0002 S:0126 D:0E68 DB:86 Nvmxdizc V:249 H:145 F: 5
				8491C7 AA          TAX                    A:0E68 X:000A Y:0002 S:0126 D:0E68 DB:86 nvmxdizc V:249 H:148 F: 5
				8491C8 A9 00 00    LDA #$0000             A:0E68 X:0E68 Y:0002 S:0126 D:0E68 DB:86 nvmxdizc V:249 H:151 F: 5
				8491CB 5B          TCD                    A:0000 X:0E68 Y:0002 S:0126 D:0E68 DB:86 nvmxdiZc V:249 H:155 F: 5
				8491CC 64 14       STZ $14       [000014] A:0000 X:0E68 Y:0002 S:0126 D:0000 DB:86 nvmxdiZc V:249 H:158 F: 5
				8491CE B5 2B       LDA $2B,X     [000E93] A:0000 X:0E68 Y:0002 S:0126 D:0000 DB:86 nvmxdiZc V:249 H:165 F: 5
				8491D0 29 00 FF    AND #$FF00             A:0000 X:0E68 Y:0002 S:0126 D:0000 DB:86 nvmxdiZc V:249 H:174 F: 5
				8491D3 95 2B       STA $2B,X     [000E93] A:0000 X:0E68 Y:0002 S:0126 D:0000 DB:86 nvmxdiZc V:249 H:178 F: 5
				8491D5 20 AC 92    JSR $92AC     [8492AC] A:0000 X:0E68 Y:0002 S:0126 D:0000 DB:86 nvmxdiZc V:249 H:187 F: 5

				8492AC C2 30       REP #$30               A:0000 X:0E68 Y:0002 S:0124 D:0000 DB:86 nvmxdiZc V:249 H:197 F: 5
				8492AE B5 05       LDA $05,X     [000E6D] A:0000 X:0E68 Y:0002 S:0124 D:0000 DB:86 nvmxdiZc V:249 H:201 F: 5
				8492B0 38          SEC                    A:149C X:0E68 Y:0002 S:0124 D:0000 DB:86 nvmxdizc V:249 H:210 F: 5
				8492B1 F5 22       SBC $22,X     [000E8A] A:149C X:0E68 Y:0002 S:0124 D:0000 DB:86 nvmxdizC V:249 H:213 F: 5
				8492B3 85 00       STA $00       [000000] A:FFFB X:0E68 Y:0002 S:0124 D:0000 DB:86 Nvmxdizc V:249 H:221 F: 5
				8492B5 E2 20       SEP #$20               A:FFFB X:0E68 Y:0002 S:0124 D:0000 DB:86 Nvmxdizc V:249 H:228 F: 5
				8492B7 F0 4C       BEQ $004C     [849305] A:FFFB X:0E68 Y:0002 S:0124 D:0000 DB:86 NvMxdizc V:249 H:233 F: 5
				8492B9 B4 20       LDY $20,X     [000E88] A:FFFB X:0E68 Y:0002 S:0124 D:0000 DB:86 NvMxdizc V:249 H:236 F: 5
				8492BB B9 05 00    LDA $0005,Y   [86C94A] A:FFFB X:0E68 Y:C945 S:0124 D:0000 DB:86 NvMxdizc V:249 H:244 F: 5
				8492BE 34 11       BIT $11,X     [000E79] A:FF00 X:0E68 Y:C945 S:0124 D:0000 DB:86 nvMxdiZc V:249 H:252 F: 5
				8492C0 50 03       BVC $0003     [8492C5] A:FF00 X:0E68 Y:C945 S:0124 D:0000 DB:86 nvMxdiZc V:249 H:258 F: 5
				8492C5 24 00       BIT $00       [000000] A:FF00 X:0E68 Y:C945 S:0124 D:0000 DB:86 nvMxdiZc V:249 H:263 F: 5
				8492C7 10 06       BPL $0006     [8492CF] A:FF00 X:0E68 Y:C945 S:0124 D:0000 DB:86 NVMxdiZc V:249 H:268 F: 5
				8492C9 38          SEC                    A:FF00 X:0E68 Y:C945 S:0124 D:0000 DB:86 NVMxdiZc V:249 H:271 F: 5
				8492CA F9 07 00    SBC $0007,Y   [86C94C] A:FF00 X:0E68 Y:C945 S:0124 D:0000 DB:86 NVMxdiZC V:249 H:274 F: 5
				8492CD 80 04       BRA $0004     [8492D3] A:FFF1 X:0E68 Y:C945 S:0124 D:0000 DB:86 NvMxdizc V:249 H:281 F: 5
				8492D3 95 29       STA $29,X     [000E91] A:FFF1 X:0E68 Y:C945 S:0124 D:0000 DB:86 NvMxdizc V:249 H:286 F: 5
				8492D5 B9 06 00    LDA $0006,Y   [86C94B] A:FFF1 X:0E68 Y:C945 S:0124 D:0000 DB:86 NvMxdizc V:249 H:292 F: 5
				8492D8 95 2A       STA $2A,X     [000E92] A:FF00 X:0E68 Y:C945 S:0124 D:0000 DB:86 nvMxdiZc V:249 H:300 F: 5
				8492DA 20 15 93    JSR $9315     [849315] A:FF00 X:0E68 Y:C945 S:0124 D:0000 DB:86 nvMxdiZc V:249 H:306 F: 5

				849315 20 B3 90    JSR $90B3     [8490B3] A:FF00 X:0E68 Y:C945 S:0122 D:0000 DB:86 nvMxdiZc V:249 H:316 F: 5

				8490B3 0B          PHD                    A:FF00 X:0E68 Y:C945 S:0120 D:0000 DB:86 nvMxdiZc V:249 H:326 F: 5
				8490B4 DA          PHX                    A:FF00 X:0E68 Y:C945 S:011E D:0000 DB:86 nvMxdiZc V:249 H:332 F: 5
				8490B5 08          PHP                    A:FF00 X:0E68 Y:C945 S:011C D:0000 DB:86 nvMxdiZc V:249 H:339 F: 5
				8490B6 E2 20       SEP #$20               A:FF00 X:0E68 Y:C945 S:011B D:0000 DB:86 nvMxdiZc V:250 H:  4 F: 5
				8490B8 C2 10       REP #$10               A:FF00 X:0E68 Y:C945 S:011B D:0000 DB:86 nvMxdiZc V:250 H:  9 F: 5
				8490BA 64 01       STZ $01       [000001] A:FF00 X:0E68 Y:C945 S:011B D:0000 DB:86 nvMxdiZc V:250 H: 13 F: 5
				8490BC B5 29       LDA $29,X     [000E91] A:FF00 X:0E68 Y:C945 S:011B D:0000 DB:86 nvMxdiZc V:250 H: 18 F: 5
				8490BE 10 02       BPL $0002     [8490C2] A:FFF1 X:0E68 Y:C945 S:011B D:0000 DB:86 NvMxdizc V:250 H: 25 F: 5
				8490C0 C6 01       DEC $01       [000001] A:FFF1 X:0E68 Y:C945 S:011B D:0000 DB:86 NvMxdizc V:250 H: 28 F: 5
				8490C2 18          CLC                    A:FFF1 X:0E68 Y:C945 S:011B D:0000 DB:86 NvMxdizc V:250 H: 36 F: 5
				8490C3 75 05       ADC $05,X     [000E6D] A:FFF1 X:0E68 Y:C945 S:011B D:0000 DB:86 NvMxdizc V:250 H: 39 F: 5
				8490C5 85 00       STA $00       [000000] A:FF8D X:0E68 Y:C945 S:011B D:0000 DB:86 NvMxdizC V:250 H: 46 F: 5
				8490C7 B5 06       LDA $06,X     [000E6E] A:FF8D X:0E68 Y:C945 S:011B D:0000 DB:86 NvMxdizC V:250 H: 51 F: 5
				8490C9 65 01       ADC $01       [000001] A:FF14 X:0E68 Y:C945 S:011B D:0000 DB:86 nvMxdizC V:250 H: 57 F: 5
				8490CB 85 01       STA $01       [000001] A:FF14 X:0E68 Y:C945 S:011B D:0000 DB:86 nvMxdizC V:250 H: 62 F: 5
				8490CD 64 03       STZ $03       [000003] A:FF14 X:0E68 Y:C945 S:011B D:0000 DB:86 nvMxdizC V:250 H: 67 F: 5
				8490CF B5 2A       LDA $2A,X     [000E92] A:FF14 X:0E68 Y:C945 S:011B D:0000 DB:86 nvMxdizC V:250 H: 72 F: 5
				8490D1 10 02       BPL $0002     [8490D5] A:FF00 X:0E68 Y:C945 S:011B D:0000 DB:86 nvMxdiZC V:250 H: 79 F: 5
				8490D5 18          CLC                    A:FF00 X:0E68 Y:C945 S:011B D:0000 DB:86 nvMxdiZC V:250 H: 83 F: 5
				8490D6 75 08       ADC $08,X     [000E70] A:FF00 X:0E68 Y:C945 S:011B D:0000 DB:86 nvMxdiZc V:250 H: 86 F: 5
				8490D8 85 02       STA $02       [000002] A:FFA0 X:0E68 Y:C945 S:011B D:0000 DB:86 NvMxdizc V:250 H: 93 F: 5
				8490DA 29 F0       AND #$F0               A:FFA0 X:0E68 Y:C945 S:011B D:0000 DB:86 NvMxdizc V:250 H: 98 F: 5
				8490DC 85 0A       STA $0A       [00000A] A:FFA0 X:0E68 Y:C945 S:011B D:0000 DB:86 NvMxdizc V:250 H:101 F: 5
				8490DE B5 09       LDA $09,X     [000E71] A:FFA0 X:0E68 Y:C945 S:011B D:0000 DB:86 NvMxdizc V:250 H:106 F: 5
				8490E0 65 03       ADC $03       [000003] A:FF0A X:0E68 Y:C945 S:011B D:0000 DB:86 nvMxdizc V:250 H:112 F: 5
				8490E2 85 03       STA $03       [000003] A:FF0A X:0E68 Y:C945 S:011B D:0000 DB:86 nvMxdizc V:250 H:117 F: 5
				8490E4 85 0B       STA $0B       [00000B] A:FF0A X:0E68 Y:C945 S:011B D:0000 DB:86 nvMxdizc V:250 H:122 F: 5
				8490E6 A5 00       LDA $00       [000000] A:FF0A X:0E68 Y:C945 S:011B D:0000 DB:86 nvMxdizc V:250 H:127 F: 5
				8490E8 29 0F       AND #$0F               A:FF8D X:0E68 Y:C945 S:011B D:0000 DB:86 NvMxdizc V:250 H:132 F: 5
				8490EA 1A          INC                    A:FF0D X:0E68 Y:C945 S:011B D:0000 DB:86 nvMxdizc V:250 H:145 F: 5
				8490EB 85 0C       STA $0C       [00000C] A:FF0E X:0E68 Y:C945 S:011B D:0000 DB:86 nvMxdizc V:250 H:148 F: 5
				8490ED A5 02       LDA $02       [000002] A:FF0E X:0E68 Y:C945 S:011B D:0000 DB:86 nvMxdizc V:250 H:153 F: 5
				8490EF 29 0F       AND #$0F               A:FFA0 X:0E68 Y:C945 S:011B D:0000 DB:86 NvMxdizc V:250 H:158 F: 5
				8490F1 1A          INC                    A:FF00 X:0E68 Y:C945 S:011B D:0000 DB:86 nvMxdiZc V:250 H:161 F: 5
				8490F2 85 0E       STA $0E       [00000E] A:FF01 X:0E68 Y:C945 S:011B D:0000 DB:86 nvMxdizc V:250 H:164 F: 5
				8490F4 C2 20       REP #$20               A:FF01 X:0E68 Y:C945 S:011B D:0000 DB:86 nvMxdizc V:250 H:169 F: 5
				8490F6 20 6A 91    JSR $916A     [84916A] A:FF01 X:0E68 Y:C945 S:011B D:0000 DB:86 nvmxdizc V:250 H:174 F: 5

				84916A A9 00 E8    LDA #$E800             A:FF01 X:0E68 Y:C945 S:0119 D:0000 DB:86 nvmxdizc V:250 H:184 F: 5
				84916D 85 10       STA $10       [000010] A:E800 X:0E68 Y:C945 S:0119 D:0000 DB:86 Nvmxdizc V:250 H:188 F: 5
				84916F A9 7E 00    LDA #$007E             A:E800 X:0E68 Y:C945 S:0119 D:0000 DB:86 Nvmxdizc V:250 H:195 F: 5
				849172 85 12       STA $12       [000012] A:007E X:0E68 Y:C945 S:0119 D:0000 DB:86 nvmxdizc V:250 H:200 F: 5
				849174 A5 02       LDA $02       [000002] A:007E X:0E68 Y:C945 S:0119 D:0000 DB:86 nvmxdizc V:250 H:207 F: 5
				849176 29 F0 00    AND #$00F0             A:0AA0 X:0E68 Y:C945 S:0119 D:0000 DB:86 nvmxdizc V:250 H:214 F: 5
				849179 0A          ASL A                  A:00A0 X:0E68 Y:C945 S:0119 D:0000 DB:86 nvmxdizc V:250 H:218 F: 5
				84917A 85 04       STA $04       [000004] A:0140 X:0E68 Y:C945 S:0119 D:0000 DB:86 nvmxdizc V:250 H:221 F: 5
				84917C A5 00       LDA $00       [000000] A:0140 X:0E68 Y:C945 S:0119 D:0000 DB:86 nvmxdizc V:250 H:228 F: 5
				84917E 29 FF 00    AND #$00FF             A:148D X:0E68 Y:C945 S:0119 D:0000 DB:86 nvmxdizc V:250 H:235 F: 5
				849181 4A          LSR A                  A:008D X:0E68 Y:C945 S:0119 D:0000 DB:86 nvmxdizc V:250 H:240 F: 5
				849182 4A          LSR A                  A:0046 X:0E68 Y:C945 S:0119 D:0000 DB:86 nvmxdizC V:250 H:243 F: 5
				849183 4A          LSR A                  A:0023 X:0E68 Y:C945 S:0119 D:0000 DB:86 nvmxdizc V:250 H:246 F: 5
				849184 29 FE FF    AND #$FFFE             A:0011 X:0E68 Y:C945 S:0119 D:0000 DB:86 nvmxdizC V:250 H:249 F: 5
				849187 18          CLC                    A:0010 X:0E68 Y:C945 S:0119 D:0000 DB:86 nvmxdizC V:250 H:253 F: 5
				849188 65 04       ADC $04       [000004] A:0010 X:0E68 Y:C945 S:0119 D:0000 DB:86 nvmxdizc V:250 H:256 F: 5
				84918A 85 06       STA $06       [000006] A:0150 X:0E68 Y:C945 S:0119 D:0000 DB:86 nvmxdizc V:250 H:263 F: 5
				84918C A5 00       LDA $00       [000000] A:0150 X:0E68 Y:C945 S:0119 D:0000 DB:86 nvmxdizc V:250 H:270 F: 5
				84918E EB          XBA                    A:148D X:0E68 Y:C945 S:0119 D:0000 DB:86 nvmxdizc V:250 H:277 F: 5
				84918F 29 1F 00    AND #$001F             A:8D14 X:0E68 Y:C945 S:0119 D:0000 DB:86 nvmxdizc V:250 H:282 F: 5
				849192 85 04       STA $04       [000004] A:0014 X:0E68 Y:C945 S:0119 D:0000 DB:86 nvmxdizc V:250 H:286 F: 5
				849194 A5 02       LDA $02       [000002] A:0014 X:0E68 Y:C945 S:0119 D:0000 DB:86 nvmxdizc V:250 H:293 F: 5
				849196 29 00 1F    AND #$1F00             A:0AA0 X:0E68 Y:C945 S:0119 D:0000 DB:86 nvmxdizc V:250 H:300 F: 5
				849199 4A          LSR A                  A:0A00 X:0E68 Y:C945 S:0119 D:0000 DB:86 nvmxdizc V:250 H:305 F: 5
				84919A 4A          LSR A                  A:0500 X:0E68 Y:C945 S:0119 D:0000 DB:86 nvmxdizc V:250 H:308 F: 5
				84919B 4A          LSR A                  A:0280 X:0E68 Y:C945 S:0119 D:0000 DB:86 nvmxdizc V:250 H:311 F: 5
				84919C 18          CLC                    A:0140 X:0E68 Y:C945 S:0119 D:0000 DB:86 nvmxdizc V:250 H:314 F: 5
				84919D 65 04       ADC $04       [000004] A:0140 X:0E68 Y:C945 S:0119 D:0000 DB:86 nvmxdizc V:250 H:317 F: 5
				84919F A8          TAY                    A:0154 X:0E68 Y:C945 S:0119 D:0000 DB:86 nvmxdizc V:250 H:323 F: 5
				8491A0 B7 10       LDA [$10],Y   [7EE954] A:0154 X:0E68 Y:0154 S:0119 D:0000 DB:86 nvmxdizc V:250 H:326 F: 5
				8491A2 29 FF 00    AND #$00FF             A:0038 X:0E68 Y:0154 S:0119 D:0000 DB:86 nvmxdizc V:250 H:339 F: 5
				8491A5 A8          TAY                    A:0038 X:0E68 Y:0154 S:0119 D:0000 DB:86 nvmxdizc V:251 H:  3 F: 5
				8491A6 EB          XBA                    A:0038 X:0E68 Y:0038 S:0119 D:0000 DB:86 nvmxdizc V:251 H:  6 F: 5
				8491A7 0A          ASL A                  A:3800 X:0E68 Y:0038 S:0119 D:0000 DB:86 nvmxdiZc V:251 H: 11 F: 5
				8491A8 18          CLC                    A:7000 X:0E68 Y:0038 S:0119 D:0000 DB:86 nvmxdizc V:251 H: 14 F: 5
				8491A9 65 06       ADC $06       [000006] A:7000 X:0E68 Y:0038 S:0119 D:0000 DB:86 nvmxdizc V:251 H: 17 F: 5
				8491AB AA          TAX                    A:7150 X:0E68 Y:0038 S:0119 D:0000 DB:86 nvmxdizc V:251 H: 24 F: 5
				8491AC 60          RTS                    A:7150 X:7150 Y:0038 S:0119 D:0000 DB:86 nvmxdizc V:251 H: 27 F: 5

				8490F9 BF 00 20 7E LDA $7E2000,X [7E9150] A:7150 X:7150 Y:0038 S:011B D:0000 DB:86 nvmxdizc V:251 H: 37 F: 5
				8490FD A8          TAY                    A:01D2 X:7150 Y:0038 S:011B D:0000 DB:86 nvmxdizc V:251 H: 47 F: 5
				8490FE AD 92 0B    LDA $0B92     [860B92] A:01D2 X:7150 Y:01D2 S:011B D:0000 DB:86 nvmxdizc V:251 H: 50 F: 5
				849101 85 10       STA $10       [000010] A:DB57 X:7150 Y:01D2 S:011B D:0000 DB:86 Nvmxdizc V:251 H: 58 F: 5
				849103 AD 94 0B    LDA $0B94     [860B94] A:DB57 X:7150 Y:01D2 S:011B D:0000 DB:86 Nvmxdizc V:251 H: 65 F: 5
				849106 85 12       STA $12       [000012] A:B895 X:7150 Y:01D2 S:011B D:0000 DB:86 Nvmxdizc V:251 H: 74 F: 5
				849108 B7 10       LDA [$10],Y   [95DD29] A:B895 X:7150 Y:01D2 S:011B D:0000 DB:86 Nvmxdizc V:251 H: 81 F: 5
				84910A 29 FF 00    AND #$00FF             A:0000 X:7150 Y:01D2 S:011B D:0000 DB:86 nvmxdiZc V:251 H: 93 F: 5
				84910D 28          PLP                    A:0000 X:7150 Y:01D2 S:011B D:0000 DB:86 nvmxdiZc V:251 H: 97 F: 5
				84910E FA          PLX                    A:0000 X:7150 Y:01D2 S:011C D:0000 DB:86 nvMxdiZc V:251 H:104 F: 5
				84910F 2B          PLD                    A:0000 X:0E68 Y:01D2 S:011E D:0000 DB:86 nvMxdizc V:251 H:112 F: 5
				849110 60          RTS                    A:0000 X:0E68 Y:01D2 S:0120 D:0000 DB:86 nvMxdiZc V:251 H:121 F: 5

				849318 B4 05       LDY $05,X     [000E6D] A:0000 X:0E68 Y:01D2 S:0122 D:0000 DB:86 nvMxdiZc V:251 H:131 F: 5
				84931A 84 10       STY $10       [000010] A:0000 X:0E68 Y:149C S:0122 D:0000 DB:86 nvMxdizc V:251 H:149 F: 5
				84931C B4 08       LDY $08,X     [000E70] A:0000 X:0E68 Y:149C S:0122 D:0000 DB:86 nvMxdizc V:251 H:156 F: 5
				84931E 84 12       STY $12       [000012] A:0000 X:0E68 Y:0AA0 S:0122 D:0000 DB:86 nvMxdizc V:251 H:165 F: 5
				849320 95 2D       STA $2D,X     [000E95] A:0000 X:0E68 Y:0AA0 S:0122 D:0000 DB:86 nvMxdizc V:251 H:172 F: 5
				849322 86 2C       STX $2C       [00002C] A:0000 X:0E68 Y:0AA0 S:0122 D:0000 DB:86 nvMxdizc V:251 H:178 F: 5
				849324 29 3F       AND #$3F               A:0000 X:0E68 Y:0AA0 S:0122 D:0000 DB:86 nvMxdizc V:251 H:185 F: 5
				849326 0A          ASL A                  A:0000 X:0E68 Y:0AA0 S:0122 D:0000 DB:86 nvMxdiZc V:251 H:188 F: 5
				849327 EB          XBA                    A:0000 X:0E68 Y:0AA0 S:0122 D:0000 DB:86 nvMxdiZc V:251 H:191 F: 5
				849328 A9 00       LDA #$00               A:0000 X:0E68 Y:0AA0 S:0122 D:0000 DB:86 nvMxdiZc V:251 H:196 F: 5
				84932A EB          XBA                    A:0000 X:0E68 Y:0AA0 S:0122 D:0000 DB:86 nvMxdiZc V:251 H:199 F: 5
				84932B AA          TAX                    A:0000 X:0E68 Y:0AA0 S:0122 D:0000 DB:86 nvMxdiZc V:251 H:203 F: 5
				84932C FC 5D 93    JSR ($935D,X) [84935D] A:0000 X:0000 Y:0AA0 S:0122 D:0000 DB:86 nvMxdiZc V:251 H:206 F: 5

				84977A A9 00       LDA #$00               A:0000 X:0000 Y:0AA0 S:0120 D:0000 DB:86 nvMxdiZc V:251 H:219 F: 5
				84977C 60          RTS                    A:0000 X:0000 Y:0AA0 S:0120 D:0000 DB:86 nvMxdiZc V:251 H:222 F: 5

				84932F 08          PHP                    A:0000 X:0000 Y:0AA0 S:0122 D:0000 DB:86 nvMxdiZc V:251 H:232 F: 5
				849330 A6 2C       LDX $2C       [00002C] A:0000 X:0000 Y:0AA0 S:0121 D:0000 DB:86 nvMxdiZc V:251 H:237 F: 5
				849332 A9 01       LDA #$01               A:0000 X:0E68 Y:0AA0 S:0121 D:0000 DB:86 nvMxdizc V:251 H:244 F: 5
				849334 34 29       BIT $29,X     [000E91] A:0001 X:0E68 Y:0AA0 S:0121 D:0000 DB:86 nvMxdizc V:251 H:247 F: 5
				849336 10 02       BPL $0002     [84933A] A:0001 X:0E68 Y:0AA0 S:0121 D:0000 DB:86 NVMxdizc V:251 H:254 F: 5
				849338 A9 02       LDA #$02               A:0001 X:0E68 Y:0AA0 S:0121 D:0000 DB:86 NVMxdizc V:251 H:257 F: 5
				84933A 28          PLP                    A:0002 X:0E68 Y:0AA0 S:0121 D:0000 DB:86 nVMxdizc V:251 H:260 F: 5
				84933B F0 0C       BEQ $000C     [849349] A:0002 X:0E68 Y:0AA0 S:0122 D:0000 DB:86 nvMxdiZc V:251 H:266 F: 5
				849349 49 FF       EOR #$FF               A:0002 X:0E68 Y:0AA0 S:0122 D:0000 DB:86 nvMxdiZc V:251 H:271 F: 5
				84934B 35 2B       AND $2B,X     [000E93] A:00FD X:0E68 Y:0AA0 S:0122 D:0000 DB:86 NvMxdizc V:251 H:274 F: 5
				84934D 95 2B       STA $2B,X     [000E93] A:0000 X:0E68 Y:0AA0 S:0122 D:0000 DB:86 nvMxdiZc V:251 H:280 F: 5
				84934F 20 08 93    JSR $9308     [849308] A:0000 X:0E68 Y:0AA0 S:0122 D:0000 DB:86 nvMxdiZc V:251 H:287 F: 5

				849308 A5 14       LDA $14       [000014] A:0000 X:0E68 Y:0AA0 S:0120 D:0000 DB:86 nvMxdiZc V:251 H:297 F: 5
				84930A F0 08       BEQ $0008     [849314] A:0000 X:0E68 Y:0AA0 S:0120 D:0000 DB:86 nvMxdiZc V:251 H:302 F: 5
				849314 60          RTS                    A:0000 X:0E68 Y:0AA0 S:0120 D:0000 DB:86 nvMxdiZc V:251 H:306 F: 5

				849352 A9 00       LDA #$00               A:0000 X:0E68 Y:0AA0 S:0122 D:0000 DB:86 nvMxdiZc V:251 H:316 F: 5
				849354 60          RTS                    A:0000 X:0E68 Y:0AA0 S:0122 D:0000 DB:86 nvMxdiZc V:251 H:319 F: 5

				8492DD D0 26       BNE $0026     [849305] A:0000 X:0E68 Y:0AA0 S:0124 D:0000 DB:86 nvMxdiZc V:251 H:328 F: 5
				8492DF B4 20       LDY $20,X     [000E88] A:0000 X:0E68 Y:0AA0 S:0124 D:0000 DB:86 nvMxdiZc V:251 H:331 F: 5
				8492E1 B9 06 00    LDA $0006,Y   [86C94B] A:0000 X:0E68 Y:C945 S:0124 D:0000 DB:86 NvMxdizc V:252 H:  0 F: 5
				8492E4 38          SEC                    A:0000 X:0E68 Y:C945 S:0124 D:0000 DB:86 nvMxdiZc V:252 H:  7 F: 5
				8492E5 F9 08 00    SBC $0008,Y   [86C94D] A:0000 X:0E68 Y:C945 S:0124 D:0000 DB:86 nvMxdiZC V:252 H: 10 F: 5
				8492E8 18          CLC                    A:00F3 X:0E68 Y:C945 S:0124 D:0000 DB:86 NvMxdizc V:252 H: 18 F: 5
				8492E9 79 09 00    ADC $0009,Y   [86C94E] A:00F3 X:0E68 Y:C945 S:0124 D:0000 DB:86 NvMxdizc V:252 H: 21 F: 5
				8492EC 95 2A       STA $2A,X     [000E92] A:00F8 X:0E68 Y:C945 S:0124 D:0000 DB:86 NvMxdizc V:252 H: 28 F: 5
				8492EE 20 15 93    JSR $9315     [849315] A:00F8 X:0E68 Y:C945 S:0124 D:0000 DB:86 NvMxdizc V:252 H: 35 F: 5

				849315 20 B3 90    JSR $90B3     [8490B3] A:00F8 X:0E68 Y:C945 S:0122 D:0000 DB:86 NvMxdizc V:252 H: 45 F: 5

				8490B3 0B          PHD                    A:00F8 X:0E68 Y:C945 S:0120 D:0000 DB:86 NvMxdizc V:252 H: 55 F: 5
				8490B4 DA          PHX                    A:00F8 X:0E68 Y:C945 S:011E D:0000 DB:86 NvMxdizc V:252 H: 62 F: 5
				8490B5 08          PHP                    A:00F8 X:0E68 Y:C945 S:011C D:0000 DB:86 NvMxdizc V:252 H: 69 F: 5
				8490B6 E2 20       SEP #$20               A:00F8 X:0E68 Y:C945 S:011B D:0000 DB:86 NvMxdizc V:252 H: 74 F: 5
				8490B8 C2 10       REP #$10               A:00F8 X:0E68 Y:C945 S:011B D:0000 DB:86 NvMxdizc V:252 H: 78 F: 5
				8490BA 64 01       STZ $01       [000001] A:00F8 X:0E68 Y:C945 S:011B D:0000 DB:86 NvMxdizc V:252 H: 83 F: 5
				8490BC B5 29       LDA $29,X     [000E91] A:00F8 X:0E68 Y:C945 S:011B D:0000 DB:86 NvMxdizc V:252 H: 88 F: 5
				8490BE 10 02       BPL $0002     [8490C2] A:00F1 X:0E68 Y:C945 S:011B D:0000 DB:86 NvMxdizc V:252 H: 94 F: 5
				8490C0 C6 01       DEC $01       [000001] A:00F1 X:0E68 Y:C945 S:011B D:0000 DB:86 NvMxdizc V:252 H: 97 F: 5
				8490C2 18          CLC                    A:00F1 X:0E68 Y:C945 S:011B D:0000 DB:86 NvMxdizc V:252 H:106 F: 5
				8490C3 75 05       ADC $05,X     [000E6D] A:00F1 X:0E68 Y:C945 S:011B D:0000 DB:86 NvMxdizc V:252 H:109 F: 5
				8490C5 85 00       STA $00       [000000] A:008D X:0E68 Y:C945 S:011B D:0000 DB:86 NvMxdizC V:252 H:115 F: 5
				8490C7 B5 06       LDA $06,X     [000E6E] A:008D X:0E68 Y:C945 S:011B D:0000 DB:86 NvMxdizC V:252 H:120 F: 5
				8490C9 65 01       ADC $01       [000001] A:0014 X:0E68 Y:C945 S:011B D:0000 DB:86 nvMxdizC V:252 H:127 F: 5
				8490CB 85 01       STA $01       [000001] A:0014 X:0E68 Y:C945 S:011B D:0000 DB:86 nvMxdizC V:252 H:132 F: 5
				8490CD 64 03       STZ $03       [000003] A:0014 X:0E68 Y:C945 S:011B D:0000 DB:86 nvMxdizC V:252 H:147 F: 5
				8490CF B5 2A       LDA $2A,X     [000E92] A:0014 X:0E68 Y:C945 S:011B D:0000 DB:86 nvMxdizC V:252 H:152 F: 5
				8490D1 10 02       BPL $0002     [8490D5] A:00F8 X:0E68 Y:C945 S:011B D:0000 DB:86 NvMxdizC V:252 H:158 F: 5
				8490D3 C6 03       DEC $03       [000003] A:00F8 X:0E68 Y:C945 S:011B D:0000 DB:86 NvMxdizC V:252 H:161 F: 5
				8490D5 18          CLC                    A:00F8 X:0E68 Y:C945 S:011B D:0000 DB:86 NvMxdizC V:252 H:170 F: 5
				8490D6 75 08       ADC $08,X     [000E70] A:00F8 X:0E68 Y:C945 S:011B D:0000 DB:86 NvMxdizc V:252 H:173 F: 5
				8490D8 85 02       STA $02       [000002] A:0098 X:0E68 Y:C945 S:011B D:0000 DB:86 NvMxdizC V:252 H:179 F: 5
				8490DA 29 F0       AND #$F0               A:0098 X:0E68 Y:C945 S:011B D:0000 DB:86 NvMxdizC V:252 H:184 F: 5
				8490DC 85 0A       STA $0A       [00000A] A:0090 X:0E68 Y:C945 S:011B D:0000 DB:86 NvMxdizC V:252 H:187 F: 5
				8490DE B5 09       LDA $09,X     [000E71] A:0090 X:0E68 Y:C945 S:011B D:0000 DB:86 NvMxdizC V:252 H:192 F: 5
				8490E0 65 03       ADC $03       [000003] A:000A X:0E68 Y:C945 S:011B D:0000 DB:86 nvMxdizC V:252 H:199 F: 5
				8490E2 85 03       STA $03       [000003] A:000A X:0E68 Y:C945 S:011B D:0000 DB:86 nvMxdizC V:252 H:204 F: 5
				8490E4 85 0B       STA $0B       [00000B] A:000A X:0E68 Y:C945 S:011B D:0000 DB:86 nvMxdizC V:252 H:209 F: 5
				8490E6 A5 00       LDA $00       [000000] A:000A X:0E68 Y:C945 S:011B D:0000 DB:86 nvMxdizC V:252 H:214 F: 5
				8490E8 29 0F       AND #$0F               A:008D X:0E68 Y:C945 S:011B D:0000 DB:86 NvMxdizC V:252 H:219 F: 5
				8490EA 1A          INC                    A:000D X:0E68 Y:C945 S:011B D:0000 DB:86 nvMxdizC V:252 H:222 F: 5
				8490EB 85 0C       STA $0C       [00000C] A:000E X:0E68 Y:C945 S:011B D:0000 DB:86 nvMxdizC V:252 H:225 F: 5
				8490ED A5 02       LDA $02       [000002] A:000E X:0E68 Y:C945 S:011B D:0000 DB:86 nvMxdizC V:252 H:230 F: 5
				8490EF 29 0F       AND #$0F               A:0098 X:0E68 Y:C945 S:011B D:0000 DB:86 NvMxdizC V:252 H:235 F: 5
				8490F1 1A          INC                    A:0008 X:0E68 Y:C945 S:011B D:0000 DB:86 nvMxdizC V:252 H:238 F: 5
				8490F2 85 0E       STA $0E       [00000E] A:0009 X:0E68 Y:C945 S:011B D:0000 DB:86 nvMxdizC V:252 H:241 F: 5
				8490F4 C2 20       REP #$20               A:0009 X:0E68 Y:C945 S:011B D:0000 DB:86 nvMxdizC V:252 H:246 F: 5
				8490F6 20 6A 91    JSR $916A     [84916A] A:0009 X:0E68 Y:C945 S:011B D:0000 DB:86 nvmxdizC V:252 H:250 F: 5

				84916A A9 00 E8    LDA #$E800             A:0009 X:0E68 Y:C945 S:0119 D:0000 DB:86 nvmxdizC V:252 H:260 F: 5
				84916D 85 10       STA $10       [000010] A:E800 X:0E68 Y:C945 S:0119 D:0000 DB:86 NvmxdizC V:252 H:265 F: 5
				84916F A9 7E 00    LDA #$007E             A:E800 X:0E68 Y:C945 S:0119 D:0000 DB:86 NvmxdizC V:252 H:272 F: 5
				849172 85 12       STA $12       [000012] A:007E X:0E68 Y:C945 S:0119 D:0000 DB:86 nvmxdizC V:252 H:276 F: 5
				849174 A5 02       LDA $02       [000002] A:007E X:0E68 Y:C945 S:0119 D:0000 DB:86 nvmxdizC V:252 H:283 F: 5
				849176 29 F0 00    AND #$00F0             A:0A98 X:0E68 Y:C945 S:0119 D:0000 DB:86 nvmxdizC V:252 H:290 F: 5
				849179 0A          ASL A                  A:0090 X:0E68 Y:C945 S:0119 D:0000 DB:86 nvmxdizC V:252 H:295 F: 5
				84917A 85 04       STA $04       [000004] A:0120 X:0E68 Y:C945 S:0119 D:0000 DB:86 nvmxdizc V:252 H:298 F: 5
				84917C A5 00       LDA $00       [000000] A:0120 X:0E68 Y:C945 S:0119 D:0000 DB:86 nvmxdizc V:252 H:305 F: 5
				84917E 29 FF 00    AND #$00FF             A:148D X:0E68 Y:C945 S:0119 D:0000 DB:86 nvmxdizc V:252 H:312 F: 5
				849181 4A          LSR A                  A:008D X:0E68 Y:C945 S:0119 D:0000 DB:86 nvmxdizc V:252 H:316 F: 5
				849182 4A          LSR A                  A:0046 X:0E68 Y:C945 S:0119 D:0000 DB:86 nvmxdizC V:252 H:319 F: 5
				849183 4A          LSR A                  A:0023 X:0E68 Y:C945 S:0119 D:0000 DB:86 nvmxdizc V:252 H:322 F: 5
				849184 29 FE FF    AND #$FFFE             A:0011 X:0E68 Y:C945 S:0119 D:0000 DB:86 nvmxdizC V:252 H:325 F: 5
				849187 18          CLC                    A:0010 X:0E68 Y:C945 S:0119 D:0000 DB:86 nvmxdizC V:252 H:329 F: 5
				849188 65 04       ADC $04       [000004] A:0010 X:0E68 Y:C945 S:0119 D:0000 DB:86 nvmxdizc V:252 H:332 F: 5
				84918A 85 06       STA $06       [000006] A:0130 X:0E68 Y:C945 S:0119 D:0000 DB:86 nvmxdizc V:252 H:339 F: 5
				84918C A5 00       LDA $00       [000000] A:0130 X:0E68 Y:C945 S:0119 D:0000 DB:86 nvmxdizc V:253 H:  6 F: 5
				84918E EB          XBA                    A:148D X:0E68 Y:C945 S:0119 D:0000 DB:86 nvmxdizc V:253 H: 13 F: 5
				84918F 29 1F 00    AND #$001F             A:8D14 X:0E68 Y:C945 S:0119 D:0000 DB:86 nvmxdizc V:253 H: 17 F: 5
				849192 85 04       STA $04       [000004] A:0014 X:0E68 Y:C945 S:0119 D:0000 DB:86 nvmxdizc V:253 H: 22 F: 5
				849194 A5 02       LDA $02       [000002] A:0014 X:0E68 Y:C945 S:0119 D:0000 DB:86 nvmxdizc V:253 H: 29 F: 5
				849196 29 00 1F    AND #$1F00             A:0A98 X:0E68 Y:C945 S:0119 D:0000 DB:86 nvmxdizc V:253 H: 36 F: 5
				849199 4A          LSR A                  A:0A00 X:0E68 Y:C945 S:0119 D:0000 DB:86 nvmxdizc V:253 H: 40 F: 5
				84919A 4A          LSR A                  A:0500 X:0E68 Y:C945 S:0119 D:0000 DB:86 nvmxdizc V:253 H: 43 F: 5
				84919B 4A          LSR A                  A:0280 X:0E68 Y:C945 S:0119 D:0000 DB:86 nvmxdizc V:253 H: 46 F: 5
				84919C 18          CLC                    A:0140 X:0E68 Y:C945 S:0119 D:0000 DB:86 nvmxdizc V:253 H: 49 F: 5
				84919D 65 04       ADC $04       [000004] A:0140 X:0E68 Y:C945 S:0119 D:0000 DB:86 nvmxdizc V:253 H: 52 F: 5
				84919F A8          TAY                    A:0154 X:0E68 Y:C945 S:0119 D:0000 DB:86 nvmxdizc V:253 H: 59 F: 5
				8491A0 B7 10       LDA [$10],Y   [7EE954] A:0154 X:0E68 Y:0154 S:0119 D:0000 DB:86 nvmxdizc V:253 H: 62 F: 5
				8491A2 29 FF 00    AND #$00FF             A:0038 X:0E68 Y:0154 S:0119 D:0000 DB:86 nvmxdizc V:253 H: 75 F: 5
				8491A5 A8          TAY                    A:0038 X:0E68 Y:0154 S:0119 D:0000 DB:86 nvmxdizc V:253 H: 80 F: 5
				8491A6 EB          XBA                    A:0038 X:0E68 Y:0038 S:0119 D:0000 DB:86 nvmxdizc V:253 H: 83 F: 5
				8491A7 0A          ASL A                  A:3800 X:0E68 Y:0038 S:0119 D:0000 DB:86 nvmxdiZc V:253 H: 87 F: 5
				8491A8 18          CLC                    A:7000 X:0E68 Y:0038 S:0119 D:0000 DB:86 nvmxdizc V:253 H: 90 F: 5
				8491A9 65 06       ADC $06       [000006] A:7000 X:0E68 Y:0038 S:0119 D:0000 DB:86 nvmxdizc V:253 H: 93 F: 5
				8491AB AA          TAX                    A:7130 X:0E68 Y:0038 S:0119 D:0000 DB:86 nvmxdizc V:253 H:100 F: 5
				8491AC 60          RTS                    A:7130 X:7130 Y:0038 S:0119 D:0000 DB:86 nvmxdizc V:253 H:103 F: 5

				8490F9 BF 00 20 7E LDA $7E2000,X [7E9130] A:7130 X:7130 Y:0038 S:011B D:0000 DB:86 nvmxdizc V:253 H:113 F: 5
				8490FD A8          TAY                    A:0241 X:7130 Y:0038 S:011B D:0000 DB:86 nvmxdizc V:253 H:123 F: 5
				8490FE AD 92 0B    LDA $0B92     [860B92] A:0241 X:7130 Y:0241 S:011B D:0000 DB:86 nvmxdizc V:253 H:126 F: 5
				849101 85 10       STA $10       [000010] A:DB57 X:7130 Y:0241 S:011B D:0000 DB:86 Nvmxdizc V:253 H:145 F: 5
				849103 AD 94 0B    LDA $0B94     [860B94] A:DB57 X:7130 Y:0241 S:011B D:0000 DB:86 Nvmxdizc V:253 H:152 F: 5
				849106 85 12       STA $12       [000012] A:B895 X:7130 Y:0241 S:011B D:0000 DB:86 Nvmxdizc V:253 H:160 F: 5
				849108 B7 10       LDA [$10],Y   [95DD98] A:B895 X:7130 Y:0241 S:011B D:0000 DB:86 Nvmxdizc V:253 H:167 F: 5
				84910A 29 FF 00    AND #$00FF             A:0000 X:7130 Y:0241 S:011B D:0000 DB:86 nvmxdiZc V:253 H:179 F: 5
				84910D 28          PLP                    A:0000 X:7130 Y:0241 S:011B D:0000 DB:86 nvmxdiZc V:253 H:184 F: 5
				84910E FA          PLX                    A:0000 X:7130 Y:0241 S:011C D:0000 DB:86 NvMxdizc V:253 H:190 F: 5
				84910F 2B          PLD                    A:0000 X:0E68 Y:0241 S:011E D:0000 DB:86 nvMxdizc V:253 H:199 F: 5
				849110 60          RTS                    A:0000 X:0E68 Y:0241 S:0120 D:0000 DB:86 nvMxdiZc V:253 H:207 F: 5

				849318 B4 05       LDY $05,X     [000E6D] A:0000 X:0E68 Y:0241 S:0122 D:0000 DB:86 nvMxdiZc V:253 H:217 F: 5
				84931A 84 10       STY $10       [000010] A:0000 X:0E68 Y:149C S:0122 D:0000 DB:86 nvMxdizc V:253 H:226 F: 5
				84931C B4 08       LDY $08,X     [000E70] A:0000 X:0E68 Y:149C S:0122 D:0000 DB:86 nvMxdizc V:253 H:233 F: 5
				84931E 84 12       STY $12       [000012] A:0000 X:0E68 Y:0AA0 S:0122 D:0000 DB:86 nvMxdizc V:253 H:241 F: 5
				849320 95 2D       STA $2D,X     [000E95] A:0000 X:0E68 Y:0AA0 S:0122 D:0000 DB:86 nvMxdizc V:253 H:248 F: 5
				849322 86 2C       STX $2C       [00002C] A:0000 X:0E68 Y:0AA0 S:0122 D:0000 DB:86 nvMxdizc V:253 H:255 F: 5
				849324 29 3F       AND #$3F               A:0000 X:0E68 Y:0AA0 S:0122 D:0000 DB:86 nvMxdizc V:253 H:262 F: 5
				849326 0A          ASL A                  A:0000 X:0E68 Y:0AA0 S:0122 D:0000 DB:86 nvMxdiZc V:253 H:265 F: 5
				849327 EB          XBA                    A:0000 X:0E68 Y:0AA0 S:0122 D:0000 DB:86 nvMxdiZc V:253 H:268 F: 5
				849328 A9 00       LDA #$00               A:0000 X:0E68 Y:0AA0 S:0122 D:0000 DB:86 nvMxdiZc V:253 H:272 F: 5
				84932A EB          XBA                    A:0000 X:0E68 Y:0AA0 S:0122 D:0000 DB:86 nvMxdiZc V:253 H:275 F: 5
				84932B AA          TAX                    A:0000 X:0E68 Y:0AA0 S:0122 D:0000 DB:86 nvMxdiZc V:253 H:280 F: 5
				84932C FC 5D 93    JSR ($935D,X) [84935D] A:0000 X:0000 Y:0AA0 S:0122 D:0000 DB:86 nvMxdiZc V:253 H:283 F: 5

				84977A A9 00       LDA #$00               A:0000 X:0000 Y:0AA0 S:0120 D:0000 DB:86 nvMxdiZc V:253 H:296 F: 5
				84977C 60          RTS                    A:0000 X:0000 Y:0AA0 S:0120 D:0000 DB:86 nvMxdiZc V:253 H:299 F: 5

				84932F 08          PHP                    A:0000 X:0000 Y:0AA0 S:0122 D:0000 DB:86 nvMxdiZc V:253 H:309 F: 5
				849330 A6 2C       LDX $2C       [00002C] A:0000 X:0000 Y:0AA0 S:0121 D:0000 DB:86 nvMxdiZc V:253 H:314 F: 5
				849332 A9 01       LDA #$01               A:0000 X:0E68 Y:0AA0 S:0121 D:0000 DB:86 nvMxdizc V:253 H:321 F: 5
				849334 34 29       BIT $29,X     [000E91] A:0001 X:0E68 Y:0AA0 S:0121 D:0000 DB:86 nvMxdizc V:253 H:323 F: 5
				849336 10 02       BPL $0002     [84933A] A:0001 X:0E68 Y:0AA0 S:0121 D:0000 DB:86 NVMxdizc V:253 H:329 F: 5
				849338 A9 02       LDA #$02               A:0001 X:0E68 Y:0AA0 S:0121 D:0000 DB:86 NVMxdizc V:253 H:332 F: 5
				84933A 28          PLP                    A:0002 X:0E68 Y:0AA0 S:0121 D:0000 DB:86 nVMxdizc V:253 H:335 F: 5
				84933B F0 0C       BEQ $000C     [849349] A:0002 X:0E68 Y:0AA0 S:0122 D:0000 DB:86 nvMxdiZc V:254 H:  2 F: 5
				849349 49 FF       EOR #$FF               A:0002 X:0E68 Y:0AA0 S:0122 D:0000 DB:86 nvMxdiZc V:254 H:  6 F: 5
				84934B 35 2B       AND $2B,X     [000E93] A:00FD X:0E68 Y:0AA0 S:0122 D:0000 DB:86 NvMxdizc V:254 H:  9 F: 5
				84934D 95 2B       STA $2B,X     [000E93] A:0000 X:0E68 Y:0AA0 S:0122 D:0000 DB:86 nvMxdiZc V:254 H: 16 F: 5
				84934F 20 08 93    JSR $9308     [849308] A:0000 X:0E68 Y:0AA0 S:0122 D:0000 DB:86 nvMxdiZc V:254 H: 22 F: 5

				849308 A5 14       LDA $14       [000014] A:0000 X:0E68 Y:0AA0 S:0120 D:0000 DB:86 nvMxdiZc V:254 H: 32 F: 5
				84930A F0 08       BEQ $0008     [849314] A:0000 X:0E68 Y:0AA0 S:0120 D:0000 DB:86 nvMxdiZc V:254 H: 37 F: 5
				849314 60          RTS                    A:0000 X:0E68 Y:0AA0 S:0120 D:0000 DB:86 nvMxdiZc V:254 H: 42 F: 5

				849352 A9 00       LDA #$00               A:0000 X:0E68 Y:0AA0 S:0122 D:0000 DB:86 nvMxdiZc V:254 H: 52 F: 5
				849354 60          RTS                    A:0000 X:0E68 Y:0AA0 S:0122 D:0000 DB:86 nvMxdiZc V:254 H: 55 F: 5

				8492F1 D0 12       BNE $0012     [849305] A:0000 X:0E68 Y:0AA0 S:0124 D:0000 DB:86 nvMxdiZc V:254 H: 65 F: 5
				8492F3 B4 20       LDY $20,X     [000E88] A:0000 X:0E68 Y:0AA0 S:0124 D:0000 DB:86 nvMxdiZc V:254 H: 68 F: 5
				8492F5 B9 06 00    LDA $0006,Y   [86C94B] A:0000 X:0E68 Y:C945 S:0124 D:0000 DB:86 NvMxdizc V:254 H: 76 F: 5
				8492F8 18          CLC                    A:0000 X:0E68 Y:C945 S:0124 D:0000 DB:86 nvMxdiZc V:254 H: 84 F: 5
				8492F9 79 08 00    ADC $0008,Y   [86C94D] A:0000 X:0E68 Y:C945 S:0124 D:0000 DB:86 nvMxdiZc V:254 H: 87 F: 5
				8492FC 38          SEC                    A:000D X:0E68 Y:C945 S:0124 D:0000 DB:86 nvMxdizc V:254 H: 94 F: 5
				8492FD F9 09 00    SBC $0009,Y   [86C94E] A:000D X:0E68 Y:C945 S:0124 D:0000 DB:86 nvMxdizC V:254 H: 97 F: 5
				849300 95 2A       STA $2A,X     [000E92] A:0008 X:0E68 Y:C945 S:0124 D:0000 DB:86 nvMxdizC V:254 H:105 F: 5
				849302 20 15 93    JSR $9315     [849315] A:0008 X:0E68 Y:C945 S:0124 D:0000 DB:86 nvMxdizC V:254 H:111 F: 5

				849315 20 B3 90    JSR $90B3     [8490B3] A:0008 X:0E68 Y:C945 S:0122 D:0000 DB:86 nvMxdizC V:254 H:121 F: 5

				8490B3 0B          PHD                    A:0008 X:0E68 Y:C945 S:0120 D:0000 DB:86 nvMxdizC V:254 H:131 F: 5
				8490B4 DA          PHX                    A:0008 X:0E68 Y:C945 S:011E D:0000 DB:86 nvMxdizC V:254 H:148 F: 5
				8490B5 08          PHP                    A:0008 X:0E68 Y:C945 S:011C D:0000 DB:86 nvMxdizC V:254 H:155 F: 5
				8490B6 E2 20       SEP #$20               A:0008 X:0E68 Y:C945 S:011B D:0000 DB:86 nvMxdizC V:254 H:160 F: 5
				8490B8 C2 10       REP #$10               A:0008 X:0E68 Y:C945 S:011B D:0000 DB:86 nvMxdizC V:254 H:165 F: 5
				8490BA 64 01       STZ $01       [000001] A:0008 X:0E68 Y:C945 S:011B D:0000 DB:86 nvMxdizC V:254 H:169 F: 5
				8490BC B5 29       LDA $29,X     [000E91] A:0008 X:0E68 Y:C945 S:011B D:0000 DB:86 nvMxdizC V:254 H:174 F: 5
				8490BE 10 02       BPL $0002     [8490C2] A:00F1 X:0E68 Y:C945 S:011B D:0000 DB:86 NvMxdizC V:254 H:181 F: 5
				8490C0 C6 01       DEC $01       [000001] A:00F1 X:0E68 Y:C945 S:011B D:0000 DB:86 NvMxdizC V:254 H:184 F: 5
				8490C2 18          CLC                    A:00F1 X:0E68 Y:C945 S:011B D:0000 DB:86 NvMxdizC V:254 H:192 F: 5
				8490C3 75 05       ADC $05,X     [000E6D] A:00F1 X:0E68 Y:C945 S:011B D:0000 DB:86 NvMxdizc V:254 H:195 F: 5
				8490C5 85 00       STA $00       [000000] A:008D X:0E68 Y:C945 S:011B D:0000 DB:86 NvMxdizC V:254 H:202 F: 5
				8490C7 B5 06       LDA $06,X     [000E6E] A:008D X:0E68 Y:C945 S:011B D:0000 DB:86 NvMxdizC V:254 H:207 F: 5
				8490C9 65 01       ADC $01       [000001] A:0014 X:0E68 Y:C945 S:011B D:0000 DB:86 nvMxdizC V:254 H:213 F: 5
				8490CB 85 01       STA $01       [000001] A:0014 X:0E68 Y:C945 S:011B D:0000 DB:86 nvMxdizC V:254 H:218 F: 5
				8490CD 64 03       STZ $03       [000003] A:0014 X:0E68 Y:C945 S:011B D:0000 DB:86 nvMxdizC V:254 H:223 F: 5
				8490CF B5 2A       LDA $2A,X     [000E92] A:0014 X:0E68 Y:C945 S:011B D:0000 DB:86 nvMxdizC V:254 H:228 F: 5
				8490D1 10 02       BPL $0002     [8490D5] A:0008 X:0E68 Y:C945 S:011B D:0000 DB:86 nvMxdizC V:254 H:235 F: 5
				8490D5 18          CLC                    A:0008 X:0E68 Y:C945 S:011B D:0000 DB:86 nvMxdizC V:254 H:239 F: 5
				8490D6 75 08       ADC $08,X     [000E70] A:0008 X:0E68 Y:C945 S:011B D:0000 DB:86 nvMxdizc V:254 H:242 F: 5
				8490D8 85 02       STA $02       [000002] A:00A8 X:0E68 Y:C945 S:011B D:0000 DB:86 NvMxdizc V:254 H:249 F: 5
				8490DA 29 F0       AND #$F0               A:00A8 X:0E68 Y:C945 S:011B D:0000 DB:86 NvMxdizc V:254 H:254 F: 5
				8490DC 85 0A       STA $0A       [00000A] A:00A0 X:0E68 Y:C945 S:011B D:0000 DB:86 NvMxdizc V:254 H:257 F: 5
				8490DE B5 09       LDA $09,X     [000E71] A:00A0 X:0E68 Y:C945 S:011B D:0000 DB:86 NvMxdizc V:254 H:262 F: 5
				8490E0 65 03       ADC $03       [000003] A:000A X:0E68 Y:C945 S:011B D:0000 DB:86 nvMxdizc V:254 H:268 F: 5
				8490E2 85 03       STA $03       [000003] A:000A X:0E68 Y:C945 S:011B D:0000 DB:86 nvMxdizc V:254 H:273 F: 5
				8490E4 85 0B       STA $0B       [00000B] A:000A X:0E68 Y:C945 S:011B D:0000 DB:86 nvMxdizc V:254 H:278 F: 5
				8490E6 A5 00       LDA $00       [000000] A:000A X:0E68 Y:C945 S:011B D:0000 DB:86 nvMxdizc V:254 H:283 F: 5
				8490E8 29 0F       AND #$0F               A:008D X:0E68 Y:C945 S:011B D:0000 DB:86 NvMxdizc V:254 H:288 F: 5
				8490EA 1A          INC                    A:000D X:0E68 Y:C945 S:011B D:0000 DB:86 nvMxdizc V:254 H:291 F: 5
				8490EB 85 0C       STA $0C       [00000C] A:000E X:0E68 Y:C945 S:011B D:0000 DB:86 nvMxdizc V:254 H:294 F: 5
				8490ED A5 02       LDA $02       [000002] A:000E X:0E68 Y:C945 S:011B D:0000 DB:86 nvMxdizc V:254 H:299 F: 5
				8490EF 29 0F       AND #$0F               A:00A8 X:0E68 Y:C945 S:011B D:0000 DB:86 NvMxdizc V:254 H:304 F: 5
				8490F1 1A          INC                    A:0008 X:0E68 Y:C945 S:011B D:0000 DB:86 nvMxdizc V:254 H:307 F: 5
				8490F2 85 0E       STA $0E       [00000E] A:0009 X:0E68 Y:C945 S:011B D:0000 DB:86 nvMxdizc V:254 H:310 F: 5
				8490F4 C2 20       REP #$20               A:0009 X:0E68 Y:C945 S:011B D:0000 DB:86 nvMxdizc V:254 H:315 F: 5
				8490F6 20 6A 91    JSR $916A     [84916A] A:0009 X:0E68 Y:C945 S:011B D:0000 DB:86 nvmxdizc V:254 H:320 F: 5

				84916A A9 00 E8    LDA #$E800             A:0009 X:0E68 Y:C945 S:0119 D:0000 DB:86 nvmxdizc V:254 H:329 F: 5
				84916D 85 10       STA $10       [000010] A:E800 X:0E68 Y:C945 S:0119 D:0000 DB:86 Nvmxdizc V:254 H:333 F: 5
				84916F A9 7E 00    LDA #$007E             A:E800 X:0E68 Y:C945 S:0119 D:0000 DB:86 Nvmxdizc V:255 H:  0 F: 5
				849172 85 12       STA $12       [000012] A:007E X:0E68 Y:C945 S:0119 D:0000 DB:86 nvmxdizc V:255 H:  5 F: 5
				849174 A5 02       LDA $02       [000002] A:007E X:0E68 Y:C945 S:0119 D:0000 DB:86 nvmxdizc V:255 H: 12 F: 5
				849176 29 F0 00    AND #$00F0             A:0AA8 X:0E68 Y:C945 S:0119 D:0000 DB:86 nvmxdizc V:255 H: 19 F: 5
				849179 0A          ASL A                  A:00A0 X:0E68 Y:C945 S:0119 D:0000 DB:86 nvmxdizc V:255 H: 23 F: 5
				84917A 85 04       STA $04       [000004] A:0140 X:0E68 Y:C945 S:0119 D:0000 DB:86 nvmxdizc V:255 H: 26 F: 5
				84917C A5 00       LDA $00       [000000] A:0140 X:0E68 Y:C945 S:0119 D:0000 DB:86 nvmxdizc V:255 H: 33 F: 5
				84917E 29 FF 00    AND #$00FF             A:148D X:0E68 Y:C945 S:0119 D:0000 DB:86 nvmxdizc V:255 H: 40 F: 5
				849181 4A          LSR A                  A:008D X:0E68 Y:C945 S:0119 D:0000 DB:86 nvmxdizc V:255 H: 45 F: 5
				849182 4A          LSR A                  A:0046 X:0E68 Y:C945 S:0119 D:0000 DB:86 nvmxdizC V:255 H: 48 F: 5
				849183 4A          LSR A                  A:0023 X:0E68 Y:C945 S:0119 D:0000 DB:86 nvmxdizc V:255 H: 51 F: 5
				849184 29 FE FF    AND #$FFFE             A:0011 X:0E68 Y:C945 S:0119 D:0000 DB:86 nvmxdizC V:255 H: 54 F: 5
				849187 18          CLC                    A:0010 X:0E68 Y:C945 S:0119 D:0000 DB:86 nvmxdizC V:255 H: 58 F: 5
				849188 65 04       ADC $04       [000004] A:0010 X:0E68 Y:C945 S:0119 D:0000 DB:86 nvmxdizc V:255 H: 61 F: 5
				84918A 85 06       STA $06       [000006] A:0150 X:0E68 Y:C945 S:0119 D:0000 DB:86 nvmxdizc V:255 H: 68 F: 5
				84918C A5 00       LDA $00       [000000] A:0150 X:0E68 Y:C945 S:0119 D:0000 DB:86 nvmxdizc V:255 H: 75 F: 5
				84918E EB          XBA                    A:148D X:0E68 Y:C945 S:0119 D:0000 DB:86 nvmxdizc V:255 H: 82 F: 5
				84918F 29 1F 00    AND #$001F             A:8D14 X:0E68 Y:C945 S:0119 D:0000 DB:86 nvmxdizc V:255 H: 87 F: 5
				849192 85 04       STA $04       [000004] A:0014 X:0E68 Y:C945 S:0119 D:0000 DB:86 nvmxdizc V:255 H: 91 F: 5
				849194 A5 02       LDA $02       [000002] A:0014 X:0E68 Y:C945 S:0119 D:0000 DB:86 nvmxdizc V:255 H: 98 F: 5
				849196 29 00 1F    AND #$1F00             A:0AA8 X:0E68 Y:C945 S:0119 D:0000 DB:86 nvmxdizc V:255 H:105 F: 5
				849199 4A          LSR A                  A:0A00 X:0E68 Y:C945 S:0119 D:0000 DB:86 nvmxdizc V:255 H:110 F: 5
				84919A 4A          LSR A                  A:0500 X:0E68 Y:C945 S:0119 D:0000 DB:86 nvmxdizc V:255 H:113 F: 5
				84919B 4A          LSR A                  A:0280 X:0E68 Y:C945 S:0119 D:0000 DB:86 nvmxdizc V:255 H:116 F: 5
				84919C 18          CLC                    A:0140 X:0E68 Y:C945 S:0119 D:0000 DB:86 nvmxdizc V:255 H:119 F: 5
				84919D 65 04       ADC $04       [000004] A:0140 X:0E68 Y:C945 S:0119 D:0000 DB:86 nvmxdizc V:255 H:122 F: 5
				84919F A8          TAY                    A:0154 X:0E68 Y:C945 S:0119 D:0000 DB:86 nvmxdizc V:255 H:129 F: 5
				8491A0 B7 10       LDA [$10],Y   [7EE954] A:0154 X:0E68 Y:0154 S:0119 D:0000 DB:86 nvmxdizc V:255 H:132 F: 5
				8491A2 29 FF 00    AND #$00FF             A:0038 X:0E68 Y:0154 S:0119 D:0000 DB:86 nvmxdizc V:255 H:155 F: 5
				8491A5 A8          TAY                    A:0038 X:0E68 Y:0154 S:0119 D:0000 DB:86 nvmxdizc V:255 H:159 F: 5
				8491A6 EB          XBA                    A:0038 X:0E68 Y:0038 S:0119 D:0000 DB:86 nvmxdizc V:255 H:162 F: 5
				8491A7 0A          ASL A                  A:3800 X:0E68 Y:0038 S:0119 D:0000 DB:86 nvmxdiZc V:255 H:167 F: 5
				8491A8 18          CLC                    A:7000 X:0E68 Y:0038 S:0119 D:0000 DB:86 nvmxdizc V:255 H:170 F: 5
				8491A9 65 06       ADC $06       [000006] A:7000 X:0E68 Y:0038 S:0119 D:0000 DB:86 nvmxdizc V:255 H:173 F: 5
				8491AB AA          TAX                    A:7150 X:0E68 Y:0038 S:0119 D:0000 DB:86 nvmxdizc V:255 H:180 F: 5
				8491AC 60          RTS                    A:7150 X:7150 Y:0038 S:0119 D:0000 DB:86 nvmxdizc V:255 H:183 F: 5

				8490F9 BF 00 20 7E LDA $7E2000,X [7E9150] A:7150 X:7150 Y:0038 S:011B D:0000 DB:86 nvmxdizc V:255 H:193 F: 5
				8490FD A8          TAY                    A:01D2 X:7150 Y:0038 S:011B D:0000 DB:86 nvmxdizc V:255 H:203 F: 5
				8490FE AD 92 0B    LDA $0B92     [860B92] A:01D2 X:7150 Y:01D2 S:011B D:0000 DB:86 nvmxdizc V:255 H:206 F: 5
				849101 85 10       STA $10       [000010] A:DB57 X:7150 Y:01D2 S:011B D:0000 DB:86 Nvmxdizc V:255 H:214 F: 5
				849103 AD 94 0B    LDA $0B94     [860B94] A:DB57 X:7150 Y:01D2 S:011B D:0000 DB:86 Nvmxdizc V:255 H:221 F: 5
				849106 85 12       STA $12       [000012] A:B895 X:7150 Y:01D2 S:011B D:0000 DB:86 Nvmxdizc V:255 H:230 F: 5
				849108 B7 10       LDA [$10],Y   [95DD29] A:B895 X:7150 Y:01D2 S:011B D:0000 DB:86 Nvmxdizc V:255 H:237 F: 5
				84910A 29 FF 00    AND #$00FF             A:0000 X:7150 Y:01D2 S:011B D:0000 DB:86 nvmxdiZc V:255 H:249 F: 5
				84910D 28          PLP                    A:0000 X:7150 Y:01D2 S:011B D:0000 DB:86 nvmxdiZc V:255 H:253 F: 5
				84910E FA          PLX                    A:0000 X:7150 Y:01D2 S:011C D:0000 DB:86 nvMxdizC V:255 H:260 F: 5
				84910F 2B          PLD                    A:0000 X:0E68 Y:01D2 S:011E D:0000 DB:86 nvMxdizC V:255 H:268 F: 5
				849110 60          RTS                    A:0000 X:0E68 Y:01D2 S:0120 D:0000 DB:86 nvMxdiZC V:255 H:277 F: 5

				849318 B4 05       LDY $05,X     [000E6D] A:0000 X:0E68 Y:01D2 S:0122 D:0000 DB:86 nvMxdiZC V:255 H:287 F: 5
				84931A 84 10       STY $10       [000010] A:0000 X:0E68 Y:149C S:0122 D:0000 DB:86 nvMxdizC V:255 H:295 F: 5
				84931C B4 08       LDY $08,X     [000E70] A:0000 X:0E68 Y:149C S:0122 D:0000 DB:86 nvMxdizC V:255 H:302 F: 5
				84931E 84 12       STY $12       [000012] A:0000 X:0E68 Y:0AA0 S:0122 D:0000 DB:86 nvMxdizC V:255 H:311 F: 5
				849320 95 2D       STA $2D,X     [000E95] A:0000 X:0E68 Y:0AA0 S:0122 D:0000 DB:86 nvMxdizC V:255 H:318 F: 5
				849322 86 2C       STX $2C       [00002C] A:0000 X:0E68 Y:0AA0 S:0122 D:0000 DB:86 nvMxdizC V:255 H:324 F: 5
				849324 29 3F       AND #$3F               A:0000 X:0E68 Y:0AA0 S:0122 D:0000 DB:86 nvMxdizC V:255 H:330 F: 5
				849326 0A          ASL A                  A:0000 X:0E68 Y:0AA0 S:0122 D:0000 DB:86 nvMxdiZC V:255 H:333 F: 5
				849327 EB          XBA                    A:0000 X:0E68 Y:0AA0 S:0122 D:0000 DB:86 nvMxdiZc V:255 H:336 F: 5
				849328 A9 00       LDA #$00               A:0000 X:0E68 Y:0AA0 S:0122 D:0000 DB:86 nvMxdiZc V:256 H:  1 F: 5
				84932A EB          XBA                    A:0000 X:0E68 Y:0AA0 S:0122 D:0000 DB:86 nvMxdiZc V:256 H:  4 F: 5
				84932B AA          TAX                    A:0000 X:0E68 Y:0AA0 S:0122 D:0000 DB:86 nvMxdiZc V:256 H:  8 F: 5
				84932C FC 5D 93    JSR ($935D,X) [84935D] A:0000 X:0000 Y:0AA0 S:0122 D:0000 DB:86 nvMxdiZc V:256 H: 11 F: 5

				84977A A9 00       LDA #$00               A:0000 X:0000 Y:0AA0 S:0120 D:0000 DB:86 nvMxdiZc V:256 H: 24 F: 5
				84977C 60          RTS                    A:0000 X:0000 Y:0AA0 S:0120 D:0000 DB:86 nvMxdiZc V:256 H: 27 F: 5

				84932F 08          PHP                    A:0000 X:0000 Y:0AA0 S:0122 D:0000 DB:86 nvMxdiZc V:256 H: 37 F: 5
				849330 A6 2C       LDX $2C       [00002C] A:0000 X:0000 Y:0AA0 S:0121 D:0000 DB:86 nvMxdiZc V:256 H: 42 F: 5
				849332 A9 01       LDA #$01               A:0000 X:0E68 Y:0AA0 S:0121 D:0000 DB:86 nvMxdizc V:256 H: 49 F: 5
				849334 34 29       BIT $29,X     [000E91] A:0001 X:0E68 Y:0AA0 S:0121 D:0000 DB:86 nvMxdizc V:256 H: 52 F: 5
				849336 10 02       BPL $0002     [84933A] A:0001 X:0E68 Y:0AA0 S:0121 D:0000 DB:86 NVMxdizc V:256 H: 59 F: 5
				849338 A9 02       LDA #$02               A:0001 X:0E68 Y:0AA0 S:0121 D:0000 DB:86 NVMxdizc V:256 H: 62 F: 5
				84933A 28          PLP                    A:0002 X:0E68 Y:0AA0 S:0121 D:0000 DB:86 nVMxdizc V:256 H: 65 F: 5
				84933B F0 0C       BEQ $000C     [849349] A:0002 X:0E68 Y:0AA0 S:0122 D:0000 DB:86 nvMxdiZc V:256 H: 71 F: 5
				849349 49 FF       EOR #$FF               A:0002 X:0E68 Y:0AA0 S:0122 D:0000 DB:86 nvMxdiZc V:256 H: 76 F: 5
				84934B 35 2B       AND $2B,X     [000E93] A:00FD X:0E68 Y:0AA0 S:0122 D:0000 DB:86 NvMxdizc V:256 H: 79 F: 5
				84934D 95 2B       STA $2B,X     [000E93] A:0000 X:0E68 Y:0AA0 S:0122 D:0000 DB:86 nvMxdiZc V:256 H: 85 F: 5
				84934F 20 08 93    JSR $9308     [849308] A:0000 X:0E68 Y:0AA0 S:0122 D:0000 DB:86 nvMxdiZc V:256 H: 92 F: 5

				849308 A5 14       LDA $14       [000014] A:0000 X:0E68 Y:0AA0 S:0120 D:0000 DB:86 nvMxdiZc V:256 H:102 F: 5
				84930A F0 08       BEQ $0008     [849314] A:0000 X:0E68 Y:0AA0 S:0120 D:0000 DB:86 nvMxdiZc V:256 H:107 F: 5
				849314 60          RTS                    A:0000 X:0E68 Y:0AA0 S:0120 D:0000 DB:86 nvMxdiZc V:256 H:111 F: 5

				849352 A9 00       LDA #$00               A:0000 X:0E68 Y:0AA0 S:0122 D:0000 DB:86 nvMxdiZc V:256 H:121 F: 5
				849354 60          RTS                    A:0000 X:0E68 Y:0AA0 S:0122 D:0000 DB:86 nvMxdiZc V:256 H:124 F: 5

				849305 C2 30       REP #$30               A:0000 X:0E68 Y:0AA0 S:0124 D:0000 DB:86 nvMxdiZc V:256 H:144 F: 5
				849307 60          RTS                    A:0000 X:0E68 Y:0AA0 S:0124 D:0000 DB:86 nvmxdiZc V:256 H:149 F: 5

				8491D8 20 ED 91    JSR $91ED     [8491ED] A:0000 X:0E68 Y:0AA0 S:0126 D:0000 DB:86 nvmxdiZc V:256 H:159 F: 5

				8491ED B5 08       LDA $08,X     [000E70] A:0000 X:0E68 Y:0AA0 S:0124 D:0000 DB:86 nvmxdiZc V:256 H:169 F: 5
				8491EF D5 24       CMP $24,X     [000E8C] A:0AA0 X:0E68 Y:0AA0 S:0124 D:0000 DB:86 nvmxdizc V:256 H:177 F: 5
				8491F1 F0 F2       BEQ $00F2     [8491E5] A:0AA0 X:0E68 Y:0AA0 S:0124 D:0000 DB:86 nvmxdizC V:256 H:186 F: 5
				8491F3 10 4D       BPL $004D     [849242] A:0AA0 X:0E68 Y:0AA0 S:0124 D:0000 DB:86 nvmxdizC V:256 H:189 F: 5
				849242 E2 20       SEP #$20               A:0AA0 X:0E68 Y:0AA0 S:0124 D:0000 DB:86 nvmxdizC V:256 H:193 F: 5
				849244 A0 04 00    LDY #$0004             A:0AA0 X:0E68 Y:0AA0 S:0124 D:0000 DB:86 nvMxdizC V:256 H:198 F: 5
				849247 AD 1C 1F    LDA $1F1C     [861F1C] A:0AA0 X:0E68 Y:0004 S:0124 D:0000 DB:86 nvMxdizC V:256 H:202 F: 5
				84924A F0 03       BEQ $0003     [84924F] A:0A00 X:0E68 Y:0004 S:0124 D:0000 DB:86 nvMxdiZC V:256 H:209 F: 5
				84924F B5 2F       LDA $2F,X     [000E97] A:0A00 X:0E68 Y:0004 S:0124 D:0000 DB:86 nvMxdiZC V:256 H:213 F: 5
				849251 F0 03       BEQ $0003     [849256] A:0A00 X:0E68 Y:0004 S:0124 D:0000 DB:86 nvMxdiZC V:256 H:220 F: 5
				849256 98          TYA                    A:0A00 X:0E68 Y:0004 S:0124 D:0000 DB:86 nvMxdiZC V:256 H:224 F: 5
				849257 09 80       ORA #$80               A:0A04 X:0E68 Y:0004 S:0124 D:0000 DB:86 nvMxdizC V:256 H:227 F: 5
				849259 85 08       STA $08       [000008] A:0A84 X:0E68 Y:0004 S:0124 D:0000 DB:86 NvMxdizC V:256 H:230 F: 5
				84925B B4 20       LDY $20,X     [000E88] A:0A84 X:0E68 Y:0004 S:0124 D:0000 DB:86 NvMxdizC V:256 H:235 F: 5
				84925D B9 06 00    LDA $0006,Y   [86C94B] A:0A84 X:0E68 Y:C945 S:0124 D:0000 DB:86 NvMxdizC V:256 H:244 F: 5
				849260 18          CLC                    A:0A00 X:0E68 Y:C945 S:0124 D:0000 DB:86 nvMxdiZC V:256 H:251 F: 5
				849261 79 08 00    ADC $0008,Y   [86C94D] A:0A00 X:0E68 Y:C945 S:0124 D:0000 DB:86 nvMxdiZc V:256 H:254 F: 5
				849264 95 2A       STA $2A,X     [000E92] A:0A0D X:0E68 Y:C945 S:0124 D:0000 DB:86 nvMxdizc V:256 H:262 F: 5
				849266 B9 05 00    LDA $0005,Y   [86C94A] A:0A0D X:0E68 Y:C945 S:0124 D:0000 DB:86 nvMxdizc V:256 H:268 F: 5
				849269 34 11       BIT $11,X     [000E79] A:0A00 X:0E68 Y:C945 S:0124 D:0000 DB:86 nvMxdiZc V:256 H:276 F: 5
				84926B 50 03       BVC $0003     [849270] A:0A00 X:0E68 Y:C945 S:0124 D:0000 DB:86 nvMxdiZc V:256 H:282 F: 5
				849270 95 29       STA $29,X     [000E91] A:0A00 X:0E68 Y:C945 S:0124 D:0000 DB:86 nvMxdiZc V:256 H:287 F: 5
				849272 20 C4 95    JSR $95C4     [8495C4] A:0A00 X:0E68 Y:C945 S:0124 D:0000 DB:86 nvMxdiZc V:256 H:293 F: 5

				8495C4 B5 2A       LDA $2A,X     [000E92] A:0A00 X:0E68 Y:C945 S:0122 D:0000 DB:86 nvMxdiZc V:256 H:303 F: 5
				8495C6 48          PHA                    A:0A0D X:0E68 Y:C945 S:0122 D:0000 DB:86 nvMxdizc V:256 H:310 F: 5
				8495C7 A5 08       LDA $08       [000008] A:0A0D X:0E68 Y:C945 S:0121 D:0000 DB:86 nvMxdizc V:256 H:315 F: 5
				8495C9 29 7F       AND #$7F               A:0A84 X:0E68 Y:C945 S:0121 D:0000 DB:86 NvMxdizc V:256 H:320 F: 5
				8495CB 18          CLC                    A:0A04 X:0E68 Y:C945 S:0121 D:0000 DB:86 nvMxdizc V:256 H:323 F: 5
				8495CC 75 2A       ADC $2A,X     [000E92] A:0A04 X:0E68 Y:C945 S:0121 D:0000 DB:86 nvMxdizc V:256 H:325 F: 5
				8495CE 95 2A       STA $2A,X     [000E92] A:0A11 X:0E68 Y:C945 S:0121 D:0000 DB:86 nvMxdizc V:256 H:331 F: 5
				8495D0 20 B3 90    JSR $90B3     [8490B3] A:0A11 X:0E68 Y:C945 S:0121 D:0000 DB:86 nvMxdizc V:256 H:338 F: 5

				8490B3 0B          PHD                    A:0A11 X:0E68 Y:C945 S:011F D:0000 DB:86 nvMxdizc V:257 H:  8 F: 5
				8490B4 DA          PHX                    A:0A11 X:0E68 Y:C945 S:011D D:0000 DB:86 nvMxdizc V:257 H: 15 F: 5
				8490B5 08          PHP                    A:0A11 X:0E68 Y:C945 S:011B D:0000 DB:86 nvMxdizc V:257 H: 22 F: 5
				8490B6 E2 20       SEP #$20               A:0A11 X:0E68 Y:C945 S:011A D:0000 DB:86 nvMxdizc V:257 H: 27 F: 5
				8490B8 C2 10       REP #$10               A:0A11 X:0E68 Y:C945 S:011A D:0000 DB:86 nvMxdizc V:257 H: 31 F: 5
				8490BA 64 01       STZ $01       [000001] A:0A11 X:0E68 Y:C945 S:011A D:0000 DB:86 nvMxdizc V:257 H: 36 F: 5
				8490BC B5 29       LDA $29,X     [000E91] A:0A11 X:0E68 Y:C945 S:011A D:0000 DB:86 nvMxdizc V:257 H: 41 F: 5
				8490BE 10 02       BPL $0002     [8490C2] A:0A00 X:0E68 Y:C945 S:011A D:0000 DB:86 nvMxdiZc V:257 H: 47 F: 5
				8490C2 18          CLC                    A:0A00 X:0E68 Y:C945 S:011A D:0000 DB:86 nvMxdiZc V:257 H: 52 F: 5
				8490C3 75 05       ADC $05,X     [000E6D] A:0A00 X:0E68 Y:C945 S:011A D:0000 DB:86 nvMxdiZc V:257 H: 55 F: 5
				8490C5 85 00       STA $00       [000000] A:0A9C X:0E68 Y:C945 S:011A D:0000 DB:86 NvMxdizc V:257 H: 61 F: 5
				8490C7 B5 06       LDA $06,X     [000E6E] A:0A9C X:0E68 Y:C945 S:011A D:0000 DB:86 NvMxdizc V:257 H: 66 F: 5
				8490C9 65 01       ADC $01       [000001] A:0A14 X:0E68 Y:C945 S:011A D:0000 DB:86 nvMxdizc V:257 H: 73 F: 5
				8490CB 85 01       STA $01       [000001] A:0A14 X:0E68 Y:C945 S:011A D:0000 DB:86 nvMxdizc V:257 H: 78 F: 5
				8490CD 64 03       STZ $03       [000003] A:0A14 X:0E68 Y:C945 S:011A D:0000 DB:86 nvMxdizc V:257 H: 83 F: 5
				8490CF B5 2A       LDA $2A,X     [000E92] A:0A14 X:0E68 Y:C945 S:011A D:0000 DB:86 nvMxdizc V:257 H: 88 F: 5
				8490D1 10 02       BPL $0002     [8490D5] A:0A11 X:0E68 Y:C945 S:011A D:0000 DB:86 nvMxdizc V:257 H: 94 F: 5
				8490D5 18          CLC                    A:0A11 X:0E68 Y:C945 S:011A D:0000 DB:86 nvMxdizc V:257 H: 99 F: 5
				8490D6 75 08       ADC $08,X     [000E70] A:0A11 X:0E68 Y:C945 S:011A D:0000 DB:86 nvMxdizc V:257 H:102 F: 5
				8490D8 85 02       STA $02       [000002] A:0AB1 X:0E68 Y:C945 S:011A D:0000 DB:86 NvMxdizc V:257 H:108 F: 5
				8490DA 29 F0       AND #$F0               A:0AB1 X:0E68 Y:C945 S:011A D:0000 DB:86 NvMxdizc V:257 H:113 F: 5
				8490DC 85 0A       STA $0A       [00000A] A:0AB0 X:0E68 Y:C945 S:011A D:0000 DB:86 NvMxdizc V:257 H:116 F: 5
				8490DE B5 09       LDA $09,X     [000E71] A:0AB0 X:0E68 Y:C945 S:011A D:0000 DB:86 NvMxdizc V:257 H:121 F: 5
				8490E0 65 03       ADC $03       [000003] A:0A0A X:0E68 Y:C945 S:011A D:0000 DB:86 nvMxdizc V:257 H:128 F: 5
				8490E2 85 03       STA $03       [000003] A:0A0A X:0E68 Y:C945 S:011A D:0000 DB:86 nvMxdizc V:257 H:133 F: 5
				8490E4 85 0B       STA $0B       [00000B] A:0A0A X:0E68 Y:C945 S:011A D:0000 DB:86 nvMxdizc V:257 H:148 F: 5
				8490E6 A5 00       LDA $00       [000000] A:0A0A X:0E68 Y:C945 S:011A D:0000 DB:86 nvMxdizc V:257 H:153 F: 5
				8490E8 29 0F       AND #$0F               A:0A9C X:0E68 Y:C945 S:011A D:0000 DB:86 NvMxdizc V:257 H:158 F: 5
				8490EA 1A          INC                    A:0A0C X:0E68 Y:C945 S:011A D:0000 DB:86 nvMxdizc V:257 H:161 F: 5
				8490EB 85 0C       STA $0C       [00000C] A:0A0D X:0E68 Y:C945 S:011A D:0000 DB:86 nvMxdizc V:257 H:164 F: 5
				8490ED A5 02       LDA $02       [000002] A:0A0D X:0E68 Y:C945 S:011A D:0000 DB:86 nvMxdizc V:257 H:169 F: 5
				8490EF 29 0F       AND #$0F               A:0AB1 X:0E68 Y:C945 S:011A D:0000 DB:86 NvMxdizc V:257 H:174 F: 5
				8490F1 1A          INC                    A:0A01 X:0E68 Y:C945 S:011A D:0000 DB:86 nvMxdizc V:257 H:177 F: 5
				8490F2 85 0E       STA $0E       [00000E] A:0A02 X:0E68 Y:C945 S:011A D:0000 DB:86 nvMxdizc V:257 H:180 F: 5
				8490F4 C2 20       REP #$20               A:0A02 X:0E68 Y:C945 S:011A D:0000 DB:86 nvMxdizc V:257 H:185 F: 5
				8490F6 20 6A 91    JSR $916A     [84916A] A:0A02 X:0E68 Y:C945 S:011A D:0000 DB:86 nvmxdizc V:257 H:189 F: 5

				84916A A9 00 E8    LDA #$E800             A:0A02 X:0E68 Y:C945 S:0118 D:0000 DB:86 nvmxdizc V:257 H:199 F: 5
				84916D 85 10       STA $10       [000010] A:E800 X:0E68 Y:C945 S:0118 D:0000 DB:86 Nvmxdizc V:257 H:204 F: 5
				84916F A9 7E 00    LDA #$007E             A:E800 X:0E68 Y:C945 S:0118 D:0000 DB:86 Nvmxdizc V:257 H:211 F: 5
				849172 85 12       STA $12       [000012] A:007E X:0E68 Y:C945 S:0118 D:0000 DB:86 nvmxdizc V:257 H:215 F: 5
				849174 A5 02       LDA $02       [000002] A:007E X:0E68 Y:C945 S:0118 D:0000 DB:86 nvmxdizc V:257 H:222 F: 5
				849176 29 F0 00    AND #$00F0             A:0AB1 X:0E68 Y:C945 S:0118 D:0000 DB:86 nvmxdizc V:257 H:229 F: 5
				849179 0A          ASL A                  A:00B0 X:0E68 Y:C945 S:0118 D:0000 DB:86 nvmxdizc V:257 H:234 F: 5
				84917A 85 04       STA $04       [000004] A:0160 X:0E68 Y:C945 S:0118 D:0000 DB:86 nvmxdizc V:257 H:237 F: 5
				84917C A5 00       LDA $00       [000000] A:0160 X:0E68 Y:C945 S:0118 D:0000 DB:86 nvmxdizc V:257 H:244 F: 5
				84917E 29 FF 00    AND #$00FF             A:149C X:0E68 Y:C945 S:0118 D:0000 DB:86 nvmxdizc V:257 H:251 F: 5
				849181 4A          LSR A                  A:009C X:0E68 Y:C945 S:0118 D:0000 DB:86 nvmxdizc V:257 H:255 F: 5
				849182 4A          LSR A                  A:004E X:0E68 Y:C945 S:0118 D:0000 DB:86 nvmxdizc V:257 H:258 F: 5
				849183 4A          LSR A                  A:0027 X:0E68 Y:C945 S:0118 D:0000 DB:86 nvmxdizc V:257 H:261 F: 5
				849184 29 FE FF    AND #$FFFE             A:0013 X:0E68 Y:C945 S:0118 D:0000 DB:86 nvmxdizC V:257 H:264 F: 5
				849187 18          CLC                    A:0012 X:0E68 Y:C945 S:0118 D:0000 DB:86 nvmxdizC V:257 H:269 F: 5
				849188 65 04       ADC $04       [000004] A:0012 X:0E68 Y:C945 S:0118 D:0000 DB:86 nvmxdizc V:257 H:272 F: 5
				84918A 85 06       STA $06       [000006] A:0172 X:0E68 Y:C945 S:0118 D:0000 DB:86 nvmxdizc V:257 H:279 F: 5
				84918C A5 00       LDA $00       [000000] A:0172 X:0E68 Y:C945 S:0118 D:0000 DB:86 nvmxdizc V:257 H:286 F: 5
				84918E EB          XBA                    A:149C X:0E68 Y:C945 S:0118 D:0000 DB:86 nvmxdizc V:257 H:293 F: 5
				84918F 29 1F 00    AND #$001F             A:9C14 X:0E68 Y:C945 S:0118 D:0000 DB:86 nvmxdizc V:257 H:297 F: 5
				849192 85 04       STA $04       [000004] A:0014 X:0E68 Y:C945 S:0118 D:0000 DB:86 nvmxdizc V:257 H:302 F: 5
				849194 A5 02       LDA $02       [000002] A:0014 X:0E68 Y:C945 S:0118 D:0000 DB:86 nvmxdizc V:257 H:309 F: 5
				849196 29 00 1F    AND #$1F00             A:0AB1 X:0E68 Y:C945 S:0118 D:0000 DB:86 nvmxdizc V:257 H:316 F: 5
				849199 4A          LSR A                  A:0A00 X:0E68 Y:C945 S:0118 D:0000 DB:86 nvmxdizc V:257 H:320 F: 5
				84919A 4A          LSR A                  A:0500 X:0E68 Y:C945 S:0118 D:0000 DB:86 nvmxdizc V:257 H:323 F: 5
				84919B 4A          LSR A                  A:0280 X:0E68 Y:C945 S:0118 D:0000 DB:86 nvmxdizc V:257 H:326 F: 5
				84919C 18          CLC                    A:0140 X:0E68 Y:C945 S:0118 D:0000 DB:86 nvmxdizc V:257 H:328 F: 5
				84919D 65 04       ADC $04       [000004] A:0140 X:0E68 Y:C945 S:0118 D:0000 DB:86 nvmxdizc V:257 H:331 F: 5
				84919F A8          TAY                    A:0154 X:0E68 Y:C945 S:0118 D:0000 DB:86 nvmxdizc V:257 H:338 F: 5
				8491A0 B7 10       LDA [$10],Y   [7EE954] A:0154 X:0E68 Y:0154 S:0118 D:0000 DB:86 nvmxdizc V:258 H:  1 F: 5
				8491A2 29 FF 00    AND #$00FF             A:0038 X:0E68 Y:0154 S:0118 D:0000 DB:86 nvmxdizc V:258 H: 14 F: 5
				8491A5 A8          TAY                    A:0038 X:0E68 Y:0154 S:0118 D:0000 DB:86 nvmxdizc V:258 H: 19 F: 5
				8491A6 EB          XBA                    A:0038 X:0E68 Y:0038 S:0118 D:0000 DB:86 nvmxdizc V:258 H: 22 F: 5
				8491A7 0A          ASL A                  A:3800 X:0E68 Y:0038 S:0118 D:0000 DB:86 nvmxdiZc V:258 H: 26 F: 5
				8491A8 18          CLC                    A:7000 X:0E68 Y:0038 S:0118 D:0000 DB:86 nvmxdizc V:258 H: 29 F: 5
				8491A9 65 06       ADC $06       [000006] A:7000 X:0E68 Y:0038 S:0118 D:0000 DB:86 nvmxdizc V:258 H: 32 F: 5
				8491AB AA          TAX                    A:7172 X:0E68 Y:0038 S:0118 D:0000 DB:86 nvmxdizc V:258 H: 39 F: 5
				8491AC 60          RTS                    A:7172 X:7172 Y:0038 S:0118 D:0000 DB:86 nvmxdizc V:258 H: 42 F: 5

				8490F9 BF 00 20 7E LDA $7E2000,X [7E9172] A:7172 X:7172 Y:0038 S:011A D:0000 DB:86 nvmxdizc V:258 H: 52 F: 5
				8490FD A8          TAY                    A:0131 X:7172 Y:0038 S:011A D:0000 DB:86 nvmxdizc V:258 H: 62 F: 5
				8490FE AD 92 0B    LDA $0B92     [860B92] A:0131 X:7172 Y:0131 S:011A D:0000 DB:86 nvmxdizc V:258 H: 65 F: 5
				849101 85 10       STA $10       [000010] A:DB57 X:7172 Y:0131 S:011A D:0000 DB:86 Nvmxdizc V:258 H: 74 F: 5
				849103 AD 94 0B    LDA $0B94     [860B94] A:DB57 X:7172 Y:0131 S:011A D:0000 DB:86 Nvmxdizc V:258 H: 81 F: 5
				849106 85 12       STA $12       [000012] A:B895 X:7172 Y:0131 S:011A D:0000 DB:86 Nvmxdizc V:258 H: 89 F: 5
				849108 B7 10       LDA [$10],Y   [95DC88] A:B895 X:7172 Y:0131 S:011A D:0000 DB:86 Nvmxdizc V:258 H: 96 F: 5
				84910A 29 FF 00    AND #$00FF             A:3B3B X:7172 Y:0131 S:011A D:0000 DB:86 nvmxdizc V:258 H:108 F: 5
				84910D 28          PLP                    A:003B X:7172 Y:0131 S:011A D:0000 DB:86 nvmxdizc V:258 H:113 F: 5
				84910E FA          PLX                    A:003B X:7172 Y:0131 S:011B D:0000 DB:86 nvMxdizc V:258 H:119 F: 5
				84910F 2B          PLD                    A:003B X:0E68 Y:0131 S:011D D:0000 DB:86 nvMxdizc V:258 H:128 F: 5
				849110 60          RTS                    A:003B X:0E68 Y:0131 S:011F D:0000 DB:86 nvMxdiZc V:258 H:146 F: 5

				8495D3 95 2E       STA $2E,X     [000E96] A:003B X:0E68 Y:0131 S:0121 D:0000 DB:86 nvMxdiZc V:258 H:156 F: 5
				8495D5 85 18       STA $18       [000018] A:003B X:0E68 Y:0131 S:0121 D:0000 DB:86 nvMxdiZc V:258 H:163 F: 5
				8495D7 29 3F       AND #$3F               A:003B X:0E68 Y:0131 S:0121 D:0000 DB:86 nvMxdiZc V:258 H:168 F: 5
				8495D9 0A          ASL A                  A:003B X:0E68 Y:0131 S:0121 D:0000 DB:86 nvMxdizc V:258 H:171 F: 5
				8495DA EB          XBA                    A:0076 X:0E68 Y:0131 S:0121 D:0000 DB:86 nvMxdizc V:258 H:174 F: 5
				8495DB A9 00       LDA #$00               A:7600 X:0E68 Y:0131 S:0121 D:0000 DB:86 nvMxdiZc V:258 H:178 F: 5
				8495DD EB          XBA                    A:7600 X:0E68 Y:0131 S:0121 D:0000 DB:86 nvMxdiZc V:258 H:181 F: 5
				8495DE A8          TAY                    A:0076 X:0E68 Y:0131 S:0121 D:0000 DB:86 nvMxdizc V:258 H:186 F: 5
				8495DF 84 28       STY $28       [000028] A:0076 X:0E68 Y:0076 S:0121 D:0000 DB:86 nvMxdizc V:258 H:189 F: 5
				8495E1 86 2C       STX $2C       [00002C] A:0076 X:0E68 Y:0076 S:0121 D:0000 DB:86 nvMxdizc V:258 H:196 F: 5
				8495E3 68          PLA                    A:0076 X:0E68 Y:0076 S:0121 D:0000 DB:86 nvMxdizc V:258 H:203 F: 5
				8495E4 95 2A       STA $2A,X     [000E92] A:000D X:0E68 Y:0076 S:0122 D:0000 DB:86 nvMxdizc V:258 H:209 F: 5
				8495E6 A6 2C       LDX $2C       [00002C] A:000D X:0E68 Y:0076 S:0122 D:0000 DB:86 nvMxdizc V:258 H:216 F: 5
				8495E8 A9 FB       LDA #$FB               A:000D X:0E68 Y:0076 S:0122 D:0000 DB:86 nvMxdizc V:258 H:223 F: 5
				8495EA 35 2B       AND $2B,X     [000E93] A:00FB X:0E68 Y:0076 S:0122 D:0000 DB:86 NvMxdizc V:258 H:226 F: 5
				8495EC 95 2B       STA $2B,X     [000E93] A:0000 X:0E68 Y:0076 S:0122 D:0000 DB:86 nvMxdiZc V:258 H:232 F: 5
				8495EE 64 01       STZ $01       [000001] A:0000 X:0E68 Y:0076 S:0122 D:0000 DB:86 nvMxdiZc V:258 H:239 F: 5
				8495F0 B5 2A       LDA $2A,X     [000E92] A:0000 X:0E68 Y:0076 S:0122 D:0000 DB:86 nvMxdiZc V:258 H:244 F: 5
				8495F2 85 02       STA $02       [000002] A:000D X:0E68 Y:0076 S:0122 D:0000 DB:86 nvMxdizc V:258 H:250 F: 5
				8495F4 64 03       STZ $03       [000003] A:000D X:0E68 Y:0076 S:0122 D:0000 DB:86 nvMxdizc V:258 H:255 F: 5
				8495F6 B4 05       LDY $05,X     [000E6D] A:000D X:0E68 Y:0076 S:0122 D:0000 DB:86 nvMxdizc V:258 H:260 F: 5
				8495F8 84 10       STY $10       [000010] A:000D X:0E68 Y:149C S:0122 D:0000 DB:86 nvMxdizc V:258 H:269 F: 5
				8495FA B4 08       LDY $08,X     [000E70] A:000D X:0E68 Y:149C S:0122 D:0000 DB:86 nvMxdizc V:258 H:276 F: 5
				8495FC 84 12       STY $12       [000012] A:000D X:0E68 Y:0AA0 S:0122 D:0000 DB:86 nvMxdizc V:258 H:284 F: 5
				8495FE A6 28       LDX $28       [000028] A:000D X:0E68 Y:0AA0 S:0122 D:0000 DB:86 nvMxdizc V:258 H:291 F: 5
				849600 FC 1C 96    JSR ($961C,X) [849692] A:000D X:0076 Y:0AA0 S:0122 D:0000 DB:86 nvMxdizc V:258 H:298 F: 5

				8496B5 A6 2C       LDX $2C       [00002C] A:000D X:0076 Y:0AA0 S:0120 D:0000 DB:86 nvMxdizc V:258 H:311 F: 5
				8496B7 A5 0E       LDA $0E       [00000E] A:000D X:0E68 Y:0AA0 S:0120 D:0000 DB:86 nvMxdizc V:258 H:318 F: 5
				8496B9 85 00       STA $00       [000000] A:0002 X:0E68 Y:0AA0 S:0120 D:0000 DB:86 nvMxdizc V:258 H:323 F: 5
				8496BB 64 01       STZ $01       [000001] A:0002 X:0E68 Y:0AA0 S:0120 D:0000 DB:86 nvMxdizc V:258 H:327 F: 5
				8496BD C2 20       REP #$20               A:0002 X:0E68 Y:0AA0 S:0120 D:0000 DB:86 nvMxdizc V:258 H:332 F: 5
				8496BF A5 08       LDA $08       [000008] A:0002 X:0E68 Y:0AA0 S:0120 D:0000 DB:86 nvmxdizc V:258 H:337 F: 5
				8496C1 29 7F 00    AND #$007F             A:FF84 X:0E68 Y:0AA0 S:0120 D:0000 DB:86 Nvmxdizc V:259 H:  4 F: 5
				8496C4 18          CLC                    A:0004 X:0E68 Y:0AA0 S:0120 D:0000 DB:86 nvmxdizc V:259 H:  8 F: 5
				8496C5 75 08       ADC $08,X     [000E70] A:0004 X:0E68 Y:0AA0 S:0120 D:0000 DB:86 nvmxdizc V:259 H: 11 F: 5
				8496C7 38          SEC                    A:0AA4 X:0E68 Y:0AA0 S:0120 D:0000 DB:86 nvmxdizc V:259 H: 20 F: 5
				8496C8 E5 00       SBC $00       [000000] A:0AA4 X:0E68 Y:0AA0 S:0120 D:0000 DB:86 nvmxdizC V:259 H: 23 F: 5
				8496CA 95 08       STA $08,X     [000E70] A:0AA2 X:0E68 Y:0AA0 S:0120 D:0000 DB:86 nvmxdizC V:259 H: 30 F: 5
				8496CC E2 20       SEP #$20               A:0AA2 X:0E68 Y:0AA0 S:0120 D:0000 DB:86 nvmxdizC V:259 H: 38 F: 5
				8496CE 74 2F       STZ $2F,X     [000E97] A:0AA2 X:0E68 Y:0AA0 S:0120 D:0000 DB:86 nvMxdizC V:259 H: 43 F: 5
				8496D0 A9 01       LDA #$01               A:0AA2 X:0E68 Y:0AA0 S:0120 D:0000 DB:86 nvMxdizC V:259 H: 49 F: 5
				8496D2 60          RTS                    A:0A01 X:0E68 Y:0AA0 S:0120 D:0000 DB:86 nvMxdizC V:259 H: 52 F: 5

				849603 F0 11       BEQ $0011     [849616] A:0A01 X:0E68 Y:0AA0 S:0122 D:0000 DB:86 nvMxdizC V:259 H: 62 F: 5
				849605 A6 2C       LDX $2C       [00002C] A:0A01 X:0E68 Y:0AA0 S:0122 D:0000 DB:86 nvMxdizC V:259 H: 65 F: 5
				849607 A9 04       LDA #$04               A:0A01 X:0E68 Y:0AA0 S:0122 D:0000 DB:86 nvMxdizC V:259 H: 72 F: 5
				849609 15 2B       ORA $2B,X     [000E93] A:0A04 X:0E68 Y:0AA0 S:0122 D:0000 DB:86 nvMxdizC V:259 H: 75 F: 5
				84960B 95 2B       STA $2B,X     [000E93] A:0A04 X:0E68 Y:0AA0 S:0122 D:0000 DB:86 nvMxdizC V:259 H: 82 F: 5
				84960D 20 4C 99    JSR $994C     [84994C] A:0A04 X:0E68 Y:0AA0 S:0122 D:0000 DB:86 nvMxdizC V:259 H: 88 F: 5

				84994C AD 1C 1F    LDA $1F1C     [861F1C] A:0A04 X:0E68 Y:0AA0 S:0120 D:0000 DB:86 nvMxdizC V:259 H: 98 F: 5
				84994F 10 06       BPL $0006     [849957] A:0A00 X:0E68 Y:0AA0 S:0120 D:0000 DB:86 nvMxdiZC V:259 H:105 F: 5
				849957 60          RTS                    A:0A00 X:0E68 Y:0AA0 S:0120 D:0000 DB:86 nvMxdiZC V:259 H:109 F: 5

				849610 20 08 93    JSR $9308     [849308] A:0A00 X:0E68 Y:0AA0 S:0122 D:0000 DB:86 nvMxdiZC V:259 H:119 F: 5

				849308 A5 14       LDA $14       [000014] A:0A00 X:0E68 Y:0AA0 S:0120 D:0000 DB:86 nvMxdiZC V:259 H:129 F: 5
				84930A F0 08       BEQ $0008     [849314] A:0A00 X:0E68 Y:0AA0 S:0120 D:0000 DB:86 nvMxdiZC V:259 H:144 F: 5
				849314 60          RTS                    A:0A00 X:0E68 Y:0AA0 S:0120 D:0000 DB:86 nvMxdiZC V:259 H:149 F: 5

				849613 A9 01       LDA #$01               A:0A00 X:0E68 Y:0AA0 S:0122 D:0000 DB:86 nvMxdiZC V:259 H:159 F: 5
				849615 60          RTS                    A:0A01 X:0E68 Y:0AA0 S:0122 D:0000 DB:86 nvMxdizC V:259 H:162 F: 5

				849275 D0 32       BNE $0032     [8492A9] A:0A01 X:0E68 Y:0AA0 S:0124 D:0000 DB:86 nvMxdizC V:259 H:172 F: 5
				8492A9 C2 30       REP #$30               A:0A01 X:0E68 Y:0AA0 S:0124 D:0000 DB:86 nvMxdizC V:259 H:176 F: 5
				8492AB 60          RTS                    A:0A01 X:0E68 Y:0AA0 S:0124 D:0000 DB:86 nvmxdizC V:259 H:181 F: 5

				8491DB 2B          PLD                    A:0A01 X:0E68 Y:0AA0 S:0126 D:0000 DB:86 nvmxdizC V:259 H:191 F: 5
				8491DC 28          PLP                    A:0A01 X:0E68 Y:0AA0 S:0128 D:0E68 DB:86 nvmxdizC V:259 H:199 F: 5
				8491DD 6B          RTL                    A:0A01 X:0068 Y:00A0 S:0129 D:0E68 DB:86 nvMXdiZc V:259 H:206 F: 5

			83B517 A5 2B       LDA $2B       [000E93] A:0A01 X:0068 Y:00A0 S:012C D:0E68 DB:86 nvMXdiZc V:259 H:216 F: 5
			83B519 D0 01       BNE $0001     [83B51C] A:0A04 X:0068 Y:00A0 S:012C D:0E68 DB:86 nvMXdizc V:259 H:223 F: 5		Branch because E-Contact <> #$00
			83B51C 89 04       BIT #$04               A:0A04 X:0068 Y:00A0 S:012C D:0E68 DB:86 nvMXdizc V:259 H:227 F: 5
			83B51E F0 28       BEQ $0028     [83B548] A:0A04 X:0068 Y:00A0 S:012C D:0E68 DB:86 nvMXdizc V:259 H:230 F: 5		Branch if E-Contact bit #$04 (If contact is not Down)
			83B520 22 86 90 84 JSL $849086   [849086] A:0A04 X:0068 Y:00A0 S:012C D:0E68 DB:86 nvMXdizc V:259 H:233 F: 5		JSL $849086 --> Load A (2B) with RNG value

				849086 08          PHP                    A:0A04 X:0068 Y:00A0 S:0129 D:0E68 DB:86 nvMXdizc V:259 H:247 F: 5
				849087 C2 20       REP #$20               A:0A04 X:0068 Y:00A0 S:0128 D:0E68 DB:86 nvMXdizc V:259 H:252 F: 5
				849089 AD A6 0B    LDA $0BA6     [860BA6] A:0A04 X:0068 Y:00A0 S:0128 D:0E68 DB:86 nvmXdizc V:259 H:256 F: 5
				84908C 0A          ASL A                  A:DFB5 X:0068 Y:00A0 S:0128 D:0E68 DB:86 NvmXdizc V:259 H:265 F: 5
				84908D 18          CLC                    A:BF6A X:0068 Y:00A0 S:0128 D:0E68 DB:86 NvmXdizC V:259 H:268 F: 5
				84908E 6D A6 0B    ADC $0BA6     [860BA6] A:BF6A X:0068 Y:00A0 S:0128 D:0E68 DB:86 NvmXdizc V:259 H:271 F: 5
				849091 EB          XBA                    A:9F1F X:0068 Y:00A0 S:0128 D:0E68 DB:86 NvmXdizC V:259 H:279 F: 5
				849092 E2 20       SEP #$20               A:1F9F X:0068 Y:00A0 S:0128 D:0E68 DB:86 NvmXdizC V:259 H:284 F: 5
				849094 8D A7 0B    STA $0BA7     [860BA7] A:1F9F X:0068 Y:00A0 S:0128 D:0E68 DB:86 NvMXdizC V:259 H:288 F: 5
				849097 18          CLC                    A:1F9F X:0068 Y:00A0 S:0128 D:0E68 DB:86 NvMXdizC V:259 H:295 F: 5
				849098 6D A6 0B    ADC $0BA6     [860BA6] A:1F9F X:0068 Y:00A0 S:0128 D:0E68 DB:86 NvMXdizc V:259 H:298 F: 5
				84909B 8D A6 0B    STA $0BA6     [860BA6] A:1F54 X:0068 Y:00A0 S:0128 D:0E68 DB:86 nVMXdizC V:259 H:304 F: 5
				84909E 28          PLP                    A:1F54 X:0068 Y:00A0 S:0128 D:0E68 DB:86 nVMXdizC V:259 H:311 F: 5
				84909F 6B          RTL                    A:1F54 X:0068 Y:00A0 S:0129 D:0E68 DB:86 nvMXdizc V:259 H:317 F: 5

			83B524 29 0F       AND #$0F               A:1F54 X:0068 Y:00A0 S:012C D:0E68 DB:86 nvMXdizc V:259 H:327 F: 5
			83B526 C9 06       CMP #$06               A:1F04 X:0068 Y:00A0 S:012C D:0E68 DB:86 nvMXdizc V:259 H:330 F: 5
			83B528 B0 1E       BCS $001E     [83B548] A:1F04 X:0068 Y:00A0 S:012C D:0E68 DB:86 NvMXdizc V:259 H:333 F: 5		Branch if RNG(00,0F) >= #$06
			83B52A C2 20       REP #$20               A:1F04 X:0068 Y:00A0 S:012C D:0E68 DB:86 NvMXdizc V:259 H:336 F: 5
			83B52C A9 10 00    LDA #$0010             A:1F04 X:0068 Y:00A0 S:012C D:0E68 DB:86 NvmXdizc V:260 H:  0 F: 5		
			83B52F 18          CLC                    A:0010 X:0068 Y:00A0 S:012C D:0E68 DB:86 nvmXdizc V:260 H:  5 F: 5
			83B530 65 08       ADC $08       [000E70] A:0010 X:0068 Y:00A0 S:012C D:0E68 DB:86 nvmXdizc V:260 H:  8 F: 5		
			83B532 8D 02 00    STA $0002     [860002] A:0AB2 X:0068 Y:00A0 S:012C D:0E68 DB:86 nvmXdizc V:260 H: 16 F: 5		$0002 = E-Y-Pos + #$0010 (#$FFF0 if E-Contact is Up)
			83B535 A5 05       LDA $05       [000E6D] A:0AB2 X:0068 Y:00A0 S:012C D:0E68 DB:86 nvmXdizc V:260 H: 25 F: 5
			83B537 8D 00 00    STA $0000     [860000] A:149C X:0068 Y:00A0 S:012C D:0E68 DB:86 nvmXdizc V:260 H: 33 F: 5		$0000 = E-X-Pos
			83B53A 20 38 BB    JSR $BB38     [83BB38] A:149C X:0068 Y:00A0 S:012C D:0E68 DB:86 nvmXdizc V:260 H: 42 F: 5		JSR $83BB38 --> Spawn Debris

				83BB38 08          PHP                    A:149C X:0068 Y:00A0 S:012A D:0E68 DB:86 nvmXdizc V:260 H: 52 F: 5
				83BB39 E2 30       SEP #$30               A:149C X:0068 Y:00A0 S:0129 D:0E68 DB:86 nvmXdizc V:260 H: 57 F: 5
				83BB3B A9 03       LDA #$03               A:149C X:0068 Y:00A0 S:0129 D:0E68 DB:86 nvMXdizc V:260 H: 61 F: 5
				83BB3D 85 3D       STA $3D       [000EA5] A:1403 X:0068 Y:00A0 S:0129 D:0E68 DB:86 nvMXdizc V:260 H: 64 F: 5
				83BB3F 22 86 90 84 JSL $849086   [849086] A:1403 X:0068 Y:00A0 S:0129 D:0E68 DB:86 nvMXdizc V:260 H: 71 F: 5

					849086 08          PHP                    A:1403 X:0068 Y:00A0 S:0126 D:0E68 DB:86 nvMXdizc V:260 H: 84 F: 5
					849087 C2 20       REP #$20               A:1403 X:0068 Y:00A0 S:0125 D:0E68 DB:86 nvMXdizc V:260 H: 89 F: 5
					849089 AD A6 0B    LDA $0BA6     [860BA6] A:1403 X:0068 Y:00A0 S:0125 D:0E68 DB:86 nvmXdizc V:260 H: 94 F: 5
					84908C 0A          ASL A                  A:9F54 X:0068 Y:00A0 S:0125 D:0E68 DB:86 NvmXdizc V:260 H:102 F: 5
					84908D 18          CLC                    A:3EA8 X:0068 Y:00A0 S:0125 D:0E68 DB:86 nvmXdizC V:260 H:105 F: 5
					84908E 6D A6 0B    ADC $0BA6     [860BA6] A:3EA8 X:0068 Y:00A0 S:0125 D:0E68 DB:86 nvmXdizc V:260 H:108 F: 5
					849091 EB          XBA                    A:DDFC X:0068 Y:00A0 S:0125 D:0E68 DB:86 NvmXdizc V:260 H:117 F: 5
					849092 E2 20       SEP #$20               A:FCDD X:0068 Y:00A0 S:0125 D:0E68 DB:86 NvmXdizc V:260 H:121 F: 5
					849094 8D A7 0B    STA $0BA7     [860BA7] A:FCDD X:0068 Y:00A0 S:0125 D:0E68 DB:86 NvMXdizc V:260 H:126 F: 5
					849097 18          CLC                    A:FCDD X:0068 Y:00A0 S:0125 D:0E68 DB:86 NvMXdizc V:260 H:132 F: 5
					849098 6D A6 0B    ADC $0BA6     [860BA6] A:FCDD X:0068 Y:00A0 S:0125 D:0E68 DB:86 NvMXdizc V:260 H:145 F: 5
					84909B 8D A6 0B    STA $0BA6     [860BA6] A:FC31 X:0068 Y:00A0 S:0125 D:0E68 DB:86 nvMXdizC V:260 H:152 F: 5
					84909E 28          PLP                    A:FC31 X:0068 Y:00A0 S:0125 D:0E68 DB:86 nvMXdizC V:260 H:158 F: 5
					84909F 6B          RTL                    A:FC31 X:0068 Y:00A0 S:0126 D:0E68 DB:86 nvMXdizc V:260 H:165 F: 5

				83BB43 29 0F       AND #$0F               A:FC31 X:0068 Y:00A0 S:0129 D:0E68 DB:86 nvMXdizc V:260 H:175 F: 5
				83BB45 8D 04 00    STA $0004     [860004] A:FC01 X:0068 Y:00A0 S:0129 D:0E68 DB:86 nvMXdizc V:260 H:178 F: 5
				83BB48 22 D3 82 82 JSL $8282D3   [8282D3] A:FC01 X:0068 Y:00A0 S:0129 D:0E68 DB:86 nvMXdizc V:260 H:185 F: 5

					8282D3 C2 30       REP #$30               A:FC01 X:0068 Y:00A0 S:0126 D:0E68 DB:86 nvMXdizc V:260 H:198 F: 5
					8282D5 A2 28 19    LDX #$1928             A:FC01 X:0068 Y:00A0 S:0126 D:0E68 DB:86 nvmxdizc V:260 H:203 F: 5
					8282D8 BD 00 00    LDA $0000,X   [861928] A:FC01 X:1928 Y:00A0 S:0126 D:0E68 DB:86 nvmxdizc V:260 H:207 F: 5
					8282DB F0 5E       BEQ $005E     [82833B] A:0101 X:1928 Y:00A0 S:0126 D:0E68 DB:86 nvmxdizc V:260 H:217 F: 5
					8282DD 8A          TXA                    A:0101 X:1928 Y:00A0 S:0126 D:0E68 DB:86 nvmxdizc V:260 H:220 F: 5
					8282DE 18          CLC                    A:1928 X:1928 Y:00A0 S:0126 D:0E68 DB:86 nvmxdizc V:260 H:223 F: 5
					8282DF 69 20 00    ADC #$0020             A:1928 X:1928 Y:00A0 S:0126 D:0E68 DB:86 nvmxdizc V:260 H:226 F: 5
					8282E2 AA          TAX                    A:1948 X:1928 Y:00A0 S:0126 D:0E68 DB:86 nvmxdizc V:260 H:231 F: 5
					8282E3 E0 08 1D    CPX #$1D08             A:1948 X:1948 Y:00A0 S:0126 D:0E68 DB:86 nvmxdizc V:260 H:234 F: 5
					8282E6 90 F0       BCC $00F0     [8282D8] A:1948 X:1948 Y:00A0 S:0126 D:0E68 DB:86 Nvmxdizc V:260 H:238 F: 5
					8282D8 BD 00 00    LDA $0000,X   [861948] A:1948 X:1948 Y:00A0 S:0126 D:0E68 DB:86 Nvmxdizc V:260 H:243 F: 5
					8282DB F0 5E       BEQ $005E     [82833B] A:0101 X:1948 Y:00A0 S:0126 D:0E68 DB:86 nvmxdizc V:260 H:253 F: 5
					8282DD 8A          TXA                    A:0101 X:1948 Y:00A0 S:0126 D:0E68 DB:86 nvmxdizc V:260 H:256 F: 5
					8282DE 18          CLC                    A:1948 X:1948 Y:00A0 S:0126 D:0E68 DB:86 nvmxdizc V:260 H:259 F: 5
					8282DF 69 20 00    ADC #$0020             A:1948 X:1948 Y:00A0 S:0126 D:0E68 DB:86 nvmxdizc V:260 H:262 F: 5
					8282E2 AA          TAX                    A:1968 X:1948 Y:00A0 S:0126 D:0E68 DB:86 nvmxdizc V:260 H:266 F: 5
					8282E3 E0 08 1D    CPX #$1D08             A:1968 X:1968 Y:00A0 S:0126 D:0E68 DB:86 nvmxdizc V:260 H:269 F: 5
					8282E6 90 F0       BCC $00F0     [8282D8] A:1968 X:1968 Y:00A0 S:0126 D:0E68 DB:86 Nvmxdizc V:260 H:274 F: 5
					8282D8 BD 00 00    LDA $0000,X   [861968] A:1968 X:1968 Y:00A0 S:0126 D:0E68 DB:86 Nvmxdizc V:260 H:278 F: 5
					8282DB F0 5E       BEQ $005E     [82833B] A:0101 X:1968 Y:00A0 S:0126 D:0E68 DB:86 nvmxdizc V:260 H:288 F: 5
					8282DD 8A          TXA                    A:0101 X:1968 Y:00A0 S:0126 D:0E68 DB:86 nvmxdizc V:260 H:291 F: 5
					8282DE 18          CLC                    A:1968 X:1968 Y:00A0 S:0126 D:0E68 DB:86 nvmxdizc V:260 H:294 F: 5
					8282DF 69 20 00    ADC #$0020             A:1968 X:1968 Y:00A0 S:0126 D:0E68 DB:86 nvmxdizc V:260 H:297 F: 5
					8282E2 AA          TAX                    A:1988 X:1968 Y:00A0 S:0126 D:0E68 DB:86 nvmxdizc V:260 H:302 F: 5
					8282E3 E0 08 1D    CPX #$1D08             A:1988 X:1988 Y:00A0 S:0126 D:0E68 DB:86 nvmxdizc V:260 H:305 F: 5
					8282E6 90 F0       BCC $00F0     [8282D8] A:1988 X:1988 Y:00A0 S:0126 D:0E68 DB:86 Nvmxdizc V:260 H:309 F: 5
					8282D8 BD 00 00    LDA $0000,X   [861988] A:1988 X:1988 Y:00A0 S:0126 D:0E68 DB:86 Nvmxdizc V:260 H:314 F: 5
					8282DB F0 5E       BEQ $005E     [82833B] A:0101 X:1988 Y:00A0 S:0126 D:0E68 DB:86 nvmxdizc V:260 H:323 F: 5
					8282DD 8A          TXA                    A:0101 X:1988 Y:00A0 S:0126 D:0E68 DB:86 nvmxdizc V:260 H:326 F: 5
					8282DE 18          CLC                    A:1988 X:1988 Y:00A0 S:0126 D:0E68 DB:86 nvmxdizc V:260 H:329 F: 5
					8282DF 69 20 00    ADC #$0020             A:1988 X:1988 Y:00A0 S:0126 D:0E68 DB:86 nvmxdizc V:260 H:332 F: 5
					8282E2 AA          TAX                    A:19A8 X:1988 Y:00A0 S:0126 D:0E68 DB:86 nvmxdizc V:260 H:336 F: 5
					8282E3 E0 08 1D    CPX #$1D08             A:19A8 X:19A8 Y:00A0 S:0126 D:0E68 DB:86 nvmxdizc V:260 H:339 F: 5
					8282E6 90 F0       BCC $00F0     [8282D8] A:19A8 X:19A8 Y:00A0 S:0126 D:0E68 DB:86 Nvmxdizc V:261 H:  4 F: 5
					8282D8 BD 00 00    LDA $0000,X   [8619A8] A:19A8 X:19A8 Y:00A0 S:0126 D:0E68 DB:86 Nvmxdizc V:261 H:  8 F: 5
					8282DB F0 5E       BEQ $005E     [82833B] A:0101 X:19A8 Y:00A0 S:0126 D:0E68 DB:86 nvmxdizc V:261 H: 18 F: 5
					8282DD 8A          TXA                    A:0101 X:19A8 Y:00A0 S:0126 D:0E68 DB:86 nvmxdizc V:261 H: 21 F: 5
					8282DE 18          CLC                    A:19A8 X:19A8 Y:00A0 S:0126 D:0E68 DB:86 nvmxdizc V:261 H: 24 F: 5
					8282DF 69 20 00    ADC #$0020             A:19A8 X:19A8 Y:00A0 S:0126 D:0E68 DB:86 nvmxdizc V:261 H: 27 F: 5
					8282E2 AA          TAX                    A:19C8 X:19A8 Y:00A0 S:0126 D:0E68 DB:86 nvmxdizc V:261 H: 32 F: 5
					8282E3 E0 08 1D    CPX #$1D08             A:19C8 X:19C8 Y:00A0 S:0126 D:0E68 DB:86 nvmxdizc V:261 H: 35 F: 5
					8282E6 90 F0       BCC $00F0     [8282D8] A:19C8 X:19C8 Y:00A0 S:0126 D:0E68 DB:86 Nvmxdizc V:261 H: 39 F: 5
					8282D8 BD 00 00    LDA $0000,X   [8619C8] A:19C8 X:19C8 Y:00A0 S:0126 D:0E68 DB:86 Nvmxdizc V:261 H: 44 F: 5
					8282DB F0 5E       BEQ $005E     [82833B] A:0101 X:19C8 Y:00A0 S:0126 D:0E68 DB:86 nvmxdizc V:261 H: 54 F: 5
					8282DD 8A          TXA                    A:0101 X:19C8 Y:00A0 S:0126 D:0E68 DB:86 nvmxdizc V:261 H: 57 F: 5
					8282DE 18          CLC                    A:19C8 X:19C8 Y:00A0 S:0126 D:0E68 DB:86 nvmxdizc V:261 H: 60 F: 5
					8282DF 69 20 00    ADC #$0020             A:19C8 X:19C8 Y:00A0 S:0126 D:0E68 DB:86 nvmxdizc V:261 H: 63 F: 5
					8282E2 AA          TAX                    A:19E8 X:19C8 Y:00A0 S:0126 D:0E68 DB:86 nvmxdizc V:261 H: 67 F: 5
					8282E3 E0 08 1D    CPX #$1D08             A:19E8 X:19E8 Y:00A0 S:0126 D:0E68 DB:86 nvmxdizc V:261 H: 70 F: 5
					8282E6 90 F0       BCC $00F0     [8282D8] A:19E8 X:19E8 Y:00A0 S:0126 D:0E68 DB:86 Nvmxdizc V:261 H: 75 F: 5
					8282D8 BD 00 00    LDA $0000,X   [8619E8] A:19E8 X:19E8 Y:00A0 S:0126 D:0E68 DB:86 Nvmxdizc V:261 H: 79 F: 5
					8282DB F0 5E       BEQ $005E     [82833B] A:0101 X:19E8 Y:00A0 S:0126 D:0E68 DB:86 nvmxdizc V:261 H: 89 F: 5
					8282DD 8A          TXA                    A:0101 X:19E8 Y:00A0 S:0126 D:0E68 DB:86 nvmxdizc V:261 H: 92 F: 5
					8282DE 18          CLC                    A:19E8 X:19E8 Y:00A0 S:0126 D:0E68 DB:86 nvmxdizc V:261 H: 95 F: 5
					8282DF 69 20 00    ADC #$0020             A:19E8 X:19E8 Y:00A0 S:0126 D:0E68 DB:86 nvmxdizc V:261 H: 98 F: 5
					8282E2 AA          TAX                    A:1A08 X:19E8 Y:00A0 S:0126 D:0E68 DB:86 nvmxdizc V:261 H:103 F: 5
					8282E3 E0 08 1D    CPX #$1D08             A:1A08 X:1A08 Y:00A0 S:0126 D:0E68 DB:86 nvmxdizc V:261 H:106 F: 5
					8282E6 90 F0       BCC $00F0     [8282D8] A:1A08 X:1A08 Y:00A0 S:0126 D:0E68 DB:86 Nvmxdizc V:261 H:110 F: 5
					8282D8 BD 00 00    LDA $0000,X   [861A08] A:1A08 X:1A08 Y:00A0 S:0126 D:0E68 DB:86 Nvmxdizc V:261 H:115 F: 5
					8282DB F0 5E       BEQ $005E     [82833B] A:0101 X:1A08 Y:00A0 S:0126 D:0E68 DB:86 nvmxdizc V:261 H:125 F: 5
					8282DD 8A          TXA                    A:0101 X:1A08 Y:00A0 S:0126 D:0E68 DB:86 nvmxdizc V:261 H:128 F: 5
					8282DE 18          CLC                    A:1A08 X:1A08 Y:00A0 S:0126 D:0E68 DB:86 nvmxdizc V:261 H:131 F: 5
					8282DF 69 20 00    ADC #$0020             A:1A08 X:1A08 Y:00A0 S:0126 D:0E68 DB:86 nvmxdizc V:261 H:134 F: 5
					8282E2 AA          TAX                    A:1A28 X:1A08 Y:00A0 S:0126 D:0E68 DB:86 nvmxdizc V:261 H:148 F: 5
					8282E3 E0 08 1D    CPX #$1D08             A:1A28 X:1A28 Y:00A0 S:0126 D:0E68 DB:86 nvmxdizc V:261 H:151 F: 5
					8282E6 90 F0       BCC $00F0     [8282D8] A:1A28 X:1A28 Y:00A0 S:0126 D:0E68 DB:86 Nvmxdizc V:261 H:156 F: 5
					8282D8 BD 00 00    LDA $0000,X   [861A28] A:1A28 X:1A28 Y:00A0 S:0126 D:0E68 DB:86 Nvmxdizc V:261 H:160 F: 5
					8282DB F0 5E       BEQ $005E     [82833B] A:0000 X:1A28 Y:00A0 S:0126 D:0E68 DB:86 nvmxdiZc V:261 H:170 F: 5
					82833B E2 22       SEP #$22               A:0000 X:1A28 Y:00A0 S:0126 D:0E68 DB:86 nvmxdiZc V:261 H:175 F: 5
					82833D 6B          RTL                    A:0000 X:1A28 Y:00A0 S:0126 D:0E68 DB:86 nvMxdiZc V:261 H:179 F: 5

				83BB4C F0 02       BEQ $0002     [83BB50] A:0000 X:1A28 Y:00A0 S:0129 D:0E68 DB:86 nvMxdiZc V:261 H:190 F: 5
				83BB50 FE 00 00    INC $0000,X   [861A28] A:0000 X:1A28 Y:00A0 S:0129 D:0E68 DB:86 nvMxdiZc V:261 H:194 F: 5
				83BB53 A9 2B       LDA #$2B               A:0000 X:1A28 Y:00A0 S:0129 D:0E68 DB:86 nvMxdizc V:261 H:206 F: 5
				83BB55 9D 0A 00    STA $000A,X   [861A32] A:002B X:1A28 Y:00A0 S:0129 D:0E68 DB:86 nvMxdizc V:261 H:209 F: 5
				83BB58 A9 00       LDA #$00               A:002B X:1A28 Y:00A0 S:0129 D:0E68 DB:86 nvMxdizc V:261 H:217 F: 5
				83BB5A EB          XBA                    A:0000 X:1A28 Y:00A0 S:0129 D:0E68 DB:86 nvMxdiZc V:261 H:220 F: 5
				83BB5B AD 04 00    LDA $0004     [860004] A:0000 X:1A28 Y:00A0 S:0129 D:0E68 DB:86 nvMxdiZc V:261 H:224 F: 5
				83BB5E 18          CLC                    A:0001 X:1A28 Y:00A0 S:0129 D:0E68 DB:86 nvMxdizc V:261 H:231 F: 5
				83BB5F 65 3D       ADC $3D       [000EA5] A:0001 X:1A28 Y:00A0 S:0129 D:0E68 DB:86 nvMxdizc V:261 H:234 F: 5
				83BB61 A8          TAY                    A:0004 X:1A28 Y:00A0 S:0129 D:0E68 DB:86 nvMxdizc V:261 H:240 F: 5
				83BB62 B9 D8 C9    LDA $C9D8,Y   [86C9DC] A:0004 X:1A28 Y:0004 S:0129 D:0E68 DB:86 nvMxdizc V:261 H:243 F: 5
				83BB65 9D 0B 00    STA $000B,X   [861A33] A:0028 X:1A28 Y:0004 S:0129 D:0E68 DB:86 nvMxdizc V:261 H:251 F: 5
				83BB68 C2 20       REP #$20               A:0028 X:1A28 Y:0004 S:0129 D:0E68 DB:86 nvMxdizc V:261 H:259 F: 5
				83BB6A 9E 0C 00    STZ $000C,X   [861A34] A:0028 X:1A28 Y:0004 S:0129 D:0E68 DB:86 nvmxdizc V:261 H:263 F: 5
				83BB6D 22 86 90 84 JSL $849086   [849086] A:0028 X:1A28 Y:0004 S:0129 D:0E68 DB:86 nvmxdizc V:261 H:273 F: 5

					849086 08          PHP                    A:0028 X:1A28 Y:0004 S:0126 D:0E68 DB:86 nvmxdizc V:261 H:287 F: 5
					849087 C2 20       REP #$20               A:0028 X:1A28 Y:0004 S:0125 D:0E68 DB:86 nvmxdizc V:261 H:292 F: 5
					849089 AD A6 0B    LDA $0BA6     [860BA6] A:0028 X:1A28 Y:0004 S:0125 D:0E68 DB:86 nvmxdizc V:261 H:296 F: 5
					84908C 0A          ASL A                  A:DD31 X:1A28 Y:0004 S:0125 D:0E68 DB:86 Nvmxdizc V:261 H:305 F: 5
					84908D 18          CLC                    A:BA62 X:1A28 Y:0004 S:0125 D:0E68 DB:86 NvmxdizC V:261 H:308 F: 5
					84908E 6D A6 0B    ADC $0BA6     [860BA6] A:BA62 X:1A28 Y:0004 S:0125 D:0E68 DB:86 Nvmxdizc V:261 H:311 F: 5
					849091 EB          XBA                    A:9793 X:1A28 Y:0004 S:0125 D:0E68 DB:86 NvmxdizC V:261 H:319 F: 5
					849092 E2 20       SEP #$20               A:9397 X:1A28 Y:0004 S:0125 D:0E68 DB:86 NvmxdizC V:261 H:323 F: 5
					849094 8D A7 0B    STA $0BA7     [860BA7] A:9397 X:1A28 Y:0004 S:0125 D:0E68 DB:86 NvMxdizC V:261 H:327 F: 5
					849097 18          CLC                    A:9397 X:1A28 Y:0004 S:0125 D:0E68 DB:86 NvMxdizC V:261 H:334 F: 5
					849098 6D A6 0B    ADC $0BA6     [860BA6] A:9397 X:1A28 Y:0004 S:0125 D:0E68 DB:86 NvMxdizc V:261 H:337 F: 5
					84909B 8D A6 0B    STA $0BA6     [860BA6] A:93C8 X:1A28 Y:0004 S:0125 D:0E68 DB:86 NvMxdizc V:  0 H:  3 F: 6
					84909E 28          PLP                    A:93C8 X:1A28 Y:0004 S:0125 D:0E68 DB:86 NvMxdizc V:  0 H: 10 F: 6
					84909F 6B          RTL                    A:93C8 X:1A28 Y:0004 S:0126 D:0E68 DB:86 nvmxdizc V:  0 H: 16 F: 6

				83BB71 29 0F 00    AND #$000F             A:93C8 X:1A28 Y:0004 S:0129 D:0E68 DB:86 nvmxdizc V:  0 H: 27 F: 6
				83BB74 0A          ASL A                  A:0008 X:1A28 Y:0004 S:0129 D:0E68 DB:86 nvmxdizc V:  0 H: 31 F: 6
				83BB75 A8          TAY                    A:0010 X:1A28 Y:0004 S:0129 D:0E68 DB:86 nvmxdizc V:  0 H: 34 F: 6
				83BB76 A5 3D       LDA $3D       [000EA5] A:0010 X:1A28 Y:0010 S:0129 D:0E68 DB:86 nvmxdizc V:  0 H: 37 F: 6
				83BB78 4A          LSR A                  A:0003 X:1A28 Y:0010 S:0129 D:0E68 DB:86 nvmxdizc V:  0 H: 46 F: 6
				83BB79 B9 EB C9    LDA $C9EB,Y   [86C9FB] A:0001 X:1A28 Y:0010 S:0129 D:0E68 DB:86 nvmxdizC V:  0 H: 49 F: 6
				83BB7C 90 04       BCC $0004     [83BB82] A:00D7 X:1A28 Y:0010 S:0129 D:0E68 DB:86 nvmxdizC V:  0 H: 58 F: 6
				83BB7E 49 FF FF    EOR #$FFFF             A:00D7 X:1A28 Y:0010 S:0129 D:0E68 DB:86 nvmxdizC V:  0 H: 61 F: 6
				83BB81 1A          INC                    A:FF28 X:1A28 Y:0010 S:0129 D:0E68 DB:86 NvmxdizC V:  0 H: 65 F: 6
				83BB82 9D 1A 00    STA $001A,X   [861A42] A:FF29 X:1A28 Y:0010 S:0129 D:0E68 DB:86 NvmxdizC V:  0 H: 68 F: 6
				83BB85 22 86 90 84 JSL $849086   [849086] A:FF29 X:1A28 Y:0010 S:0129 D:0E68 DB:86 NvmxdizC V:  0 H: 78 F: 6

					849086 08          PHP                    A:FF29 X:1A28 Y:0010 S:0126 D:0E68 DB:86 NvmxdizC V:  0 H: 92 F: 6
					849087 C2 20       REP #$20               A:FF29 X:1A28 Y:0010 S:0125 D:0E68 DB:86 NvmxdizC V:  0 H: 97 F: 6
					849089 AD A6 0B    LDA $0BA6     [860BA6] A:FF29 X:1A28 Y:0010 S:0125 D:0E68 DB:86 NvmxdizC V:  0 H:101 F: 6
					84908C 0A          ASL A                  A:97C8 X:1A28 Y:0010 S:0125 D:0E68 DB:86 NvmxdizC V:  0 H:110 F: 6
					84908D 18          CLC                    A:2F90 X:1A28 Y:0010 S:0125 D:0E68 DB:86 nvmxdizC V:  0 H:113 F: 6
					84908E 6D A6 0B    ADC $0BA6     [860BA6] A:2F90 X:1A28 Y:0010 S:0125 D:0E68 DB:86 nvmxdizc V:  0 H:116 F: 6
					849091 EB          XBA                    A:C758 X:1A28 Y:0010 S:0125 D:0E68 DB:86 Nvmxdizc V:  0 H:124 F: 6
					849092 E2 20       SEP #$20               A:58C7 X:1A28 Y:0010 S:0125 D:0E68 DB:86 Nvmxdizc V:  0 H:129 F: 6
					849094 8D A7 0B    STA $0BA7     [860BA7] A:58C7 X:1A28 Y:0010 S:0125 D:0E68 DB:86 NvMxdizc V:  0 H:143 F: 6
					849097 18          CLC                    A:58C7 X:1A28 Y:0010 S:0125 D:0E68 DB:86 NvMxdizc V:  0 H:150 F: 6
					849098 6D A6 0B    ADC $0BA6     [860BA6] A:58C7 X:1A28 Y:0010 S:0125 D:0E68 DB:86 NvMxdizc V:  0 H:153 F: 6
					84909B 8D A6 0B    STA $0BA6     [860BA6] A:588F X:1A28 Y:0010 S:0125 D:0E68 DB:86 NvMxdizC V:  0 H:159 F: 6
					84909E 28          PLP                    A:588F X:1A28 Y:0010 S:0125 D:0E68 DB:86 NvMxdizC V:  0 H:166 F: 6
					84909F 6B          RTL                    A:588F X:1A28 Y:0010 S:0126 D:0E68 DB:86 NvmxdizC V:  0 H:172 F: 6

				83BB89 29 0F 00    AND #$000F             A:588F X:1A28 Y:0010 S:0129 D:0E68 DB:86 NvmxdizC V:  0 H:183 F: 6
				83BB8C 0A          ASL A                  A:000F X:1A28 Y:0010 S:0129 D:0E68 DB:86 nvmxdizC V:  0 H:187 F: 6
				83BB8D A8          TAY                    A:001E X:1A28 Y:0010 S:0129 D:0E68 DB:86 nvmxdizc V:  0 H:190 F: 6
				83BB8E B9 0B CA    LDA $CA0B,Y   [86CA29] A:001E X:1A28 Y:001E S:0129 D:0E68 DB:86 nvmxdizc V:  0 H:193 F: 6
				83BB91 9D 1C 00    STA $001C,X   [861A44] A:0314 X:1A28 Y:001E S:0129 D:0E68 DB:86 nvmxdizc V:  0 H:202 F: 6
				83BB94 AD 00 00    LDA $0000     [860000] A:0314 X:1A28 Y:001E S:0129 D:0E68 DB:86 nvmxdizc V:  0 H:212 F: 6
				83BB97 9D 05 00    STA $0005,X   [861A2D] A:149C X:1A28 Y:001E S:0129 D:0E68 DB:86 nvmxdizc V:  0 H:221 F: 6
				83BB9A AD 02 00    LDA $0002     [860002] A:149C X:1A28 Y:001E S:0129 D:0E68 DB:86 nvmxdizc V:  0 H:231 F: 6
				83BB9D 9D 08 00    STA $0008,X   [861A30] A:0AB2 X:1A28 Y:001E S:0129 D:0E68 DB:86 nvmxdizc V:  0 H:239 F: 6
				83BBA0 E2 20       SEP #$20               A:0AB2 X:1A28 Y:001E S:0129 D:0E68 DB:86 nvmxdizc V:  0 H:249 F: 6
				83BBA2 A9 40       LDA #$40               A:0AB2 X:1A28 Y:001E S:0129 D:0E68 DB:86 nvMxdizc V:  0 H:254 F: 6
				83BBA4 9D 1E 00    STA $001E,X   [861A46] A:0A40 X:1A28 Y:001E S:0129 D:0E68 DB:86 nvMxdizc V:  0 H:257 F: 6
				83BBA7 9E 1F 00    STZ $001F,X   [861A47] A:0A40 X:1A28 Y:001E S:0129 D:0E68 DB:86 nvMxdizc V:  0 H:265 F: 6
				83BBAA C6 3D       DEC $3D       [000EA5] A:0A40 X:1A28 Y:001E S:0129 D:0E68 DB:86 nvMxdizc V:  0 H:273 F: 6
				83BBAC 10 9A       BPL $009A     [83BB48] A:0A40 X:1A28 Y:001E S:0129 D:0E68 DB:86 nvMxdizc V:  0 H:283 F: 6
				83BB48 22 D3 82 82 JSL $8282D3   [8282D3] A:0A40 X:1A28 Y:001E S:0129 D:0E68 DB:86 nvMxdizc V:  0 H:287 F: 6

					8282D3 C2 30       REP #$30               A:0A40 X:1A28 Y:001E S:0126 D:0E68 DB:86 nvMxdizc V:  0 H:301 F: 6
					8282D5 A2 28 19    LDX #$1928             A:0A40 X:1A28 Y:001E S:0126 D:0E68 DB:86 nvmxdizc V:  0 H:305 F: 6
					8282D8 BD 00 00    LDA $0000,X   [861928] A:0A40 X:1928 Y:001E S:0126 D:0E68 DB:86 nvmxdizc V:  0 H:310 F: 6
					8282DB F0 5E       BEQ $005E     [82833B] A:0101 X:1928 Y:001E S:0126 D:0E68 DB:86 nvmxdizc V:  0 H:320 F: 6
					8282DD 8A          TXA                    A:0101 X:1928 Y:001E S:0126 D:0E68 DB:86 nvmxdizc V:  0 H:323 F: 6
					8282DE 18          CLC                    A:1928 X:1928 Y:001E S:0126 D:0E68 DB:86 nvmxdizc V:  0 H:325 F: 6
					8282DF 69 20 00    ADC #$0020             A:1928 X:1928 Y:001E S:0126 D:0E68 DB:86 nvmxdizc V:  0 H:328 F: 6
					8282E2 AA          TAX                    A:1948 X:1928 Y:001E S:0126 D:0E68 DB:86 nvmxdizc V:  0 H:332 F: 6
					8282E3 E0 08 1D    CPX #$1D08             A:1948 X:1948 Y:001E S:0126 D:0E68 DB:86 nvmxdizc V:  0 H:335 F: 6
					8282E6 90 F0       BCC $00F0     [8282D8] A:1948 X:1948 Y:001E S:0126 D:0E68 DB:86 Nvmxdizc V:  1 H:  0 F: 6
					8282D8 BD 00 00    LDA $0000,X   [861948] A:1948 X:1948 Y:001E S:0126 D:0E68 DB:86 Nvmxdizc V:  1 H:  4 F: 6
					8282DB F0 5E       BEQ $005E     [82833B] A:0101 X:1948 Y:001E S:0126 D:0E68 DB:86 nvmxdizc V:  1 H: 14 F: 6
					8282DD 8A          TXA                    A:0101 X:1948 Y:001E S:0126 D:0E68 DB:86 nvmxdizc V:  1 H: 17 F: 6
					8282DE 18          CLC                    A:1948 X:1948 Y:001E S:0126 D:0E68 DB:86 nvmxdizc V:  1 H: 20 F: 6
					8282DF 69 20 00    ADC #$0020             A:1948 X:1948 Y:001E S:0126 D:0E68 DB:86 nvmxdizc V:  1 H: 23 F: 6
					8282E2 AA          TAX                    A:1968 X:1948 Y:001E S:0126 D:0E68 DB:86 nvmxdizc V:  1 H: 28 F: 6
					8282E3 E0 08 1D    CPX #$1D08             A:1968 X:1968 Y:001E S:0126 D:0E68 DB:86 nvmxdizc V:  1 H: 31 F: 6
					8282E6 90 F0       BCC $00F0     [8282D8] A:1968 X:1968 Y:001E S:0126 D:0E68 DB:86 Nvmxdizc V:  1 H: 35 F: 6
					8282D8 BD 00 00    LDA $0000,X   [861968] A:1968 X:1968 Y:001E S:0126 D:0E68 DB:86 Nvmxdizc V:  1 H: 40 F: 6
					8282DB F0 5E       BEQ $005E     [82833B] A:0101 X:1968 Y:001E S:0126 D:0E68 DB:86 nvmxdizc V:  1 H: 50 F: 6
					8282DD 8A          TXA                    A:0101 X:1968 Y:001E S:0126 D:0E68 DB:86 nvmxdizc V:  1 H: 53 F: 6
					8282DE 18          CLC                    A:1968 X:1968 Y:001E S:0126 D:0E68 DB:86 nvmxdizc V:  1 H: 56 F: 6
					8282DF 69 20 00    ADC #$0020             A:1968 X:1968 Y:001E S:0126 D:0E68 DB:86 nvmxdizc V:  1 H: 59 F: 6
					8282E2 AA          TAX                    A:1988 X:1968 Y:001E S:0126 D:0E68 DB:86 nvmxdizc V:  1 H: 63 F: 6
					8282E3 E0 08 1D    CPX #$1D08             A:1988 X:1988 Y:001E S:0126 D:0E68 DB:86 nvmxdizc V:  1 H: 66 F: 6
					8282E6 90 F0       BCC $00F0     [8282D8] A:1988 X:1988 Y:001E S:0126 D:0E68 DB:86 Nvmxdizc V:  1 H: 71 F: 6
					8282D8 BD 00 00    LDA $0000,X   [861988] A:1988 X:1988 Y:001E S:0126 D:0E68 DB:86 Nvmxdizc V:  1 H: 75 F: 6
					8282DB F0 5E       BEQ $005E     [82833B] A:0101 X:1988 Y:001E S:0126 D:0E68 DB:86 nvmxdizc V:  1 H: 85 F: 6
					8282DD 8A          TXA                    A:0101 X:1988 Y:001E S:0126 D:0E68 DB:86 nvmxdizc V:  1 H: 88 F: 6
					8282DE 18          CLC                    A:1988 X:1988 Y:001E S:0126 D:0E68 DB:86 nvmxdizc V:  1 H: 91 F: 6
					8282DF 69 20 00    ADC #$0020             A:1988 X:1988 Y:001E S:0126 D:0E68 DB:86 nvmxdizc V:  1 H: 94 F: 6
					8282E2 AA          TAX                    A:19A8 X:1988 Y:001E S:0126 D:0E68 DB:86 nvmxdizc V:  1 H: 99 F: 6
					8282E3 E0 08 1D    CPX #$1D08             A:19A8 X:19A8 Y:001E S:0126 D:0E68 DB:86 nvmxdizc V:  1 H:102 F: 6
					8282E6 90 F0       BCC $00F0     [8282D8] A:19A8 X:19A8 Y:001E S:0126 D:0E68 DB:86 Nvmxdizc V:  1 H:106 F: 6
					8282D8 BD 00 00    LDA $0000,X   [8619A8] A:19A8 X:19A8 Y:001E S:0126 D:0E68 DB:86 Nvmxdizc V:  1 H:111 F: 6
					8282DB F0 5E       BEQ $005E     [82833B] A:0101 X:19A8 Y:001E S:0126 D:0E68 DB:86 nvmxdizc V:  1 H:121 F: 6
					8282DD 8A          TXA                    A:0101 X:19A8 Y:001E S:0126 D:0E68 DB:86 nvmxdizc V:  1 H:124 F: 6
					8282DE 18          CLC                    A:19A8 X:19A8 Y:001E S:0126 D:0E68 DB:86 nvmxdizc V:  1 H:127 F: 6
					8282DF 69 20 00    ADC #$0020             A:19A8 X:19A8 Y:001E S:0126 D:0E68 DB:86 nvmxdizc V:  1 H:130 F: 6
					8282E2 AA          TAX                    A:19C8 X:19A8 Y:001E S:0126 D:0E68 DB:86 nvmxdizc V:  1 H:144 F: 6
					8282E3 E0 08 1D    CPX #$1D08             A:19C8 X:19C8 Y:001E S:0126 D:0E68 DB:86 nvmxdizc V:  1 H:147 F: 6
					8282E6 90 F0       BCC $00F0     [8282D8] A:19C8 X:19C8 Y:001E S:0126 D:0E68 DB:86 Nvmxdizc V:  1 H:152 F: 6
					8282D8 BD 00 00    LDA $0000,X   [8619C8] A:19C8 X:19C8 Y:001E S:0126 D:0E68 DB:86 Nvmxdizc V:  1 H:156 F: 6
					8282DB F0 5E       BEQ $005E     [82833B] A:0101 X:19C8 Y:001E S:0126 D:0E68 DB:86 nvmxdizc V:  1 H:166 F: 6
					8282DD 8A          TXA                    A:0101 X:19C8 Y:001E S:0126 D:0E68 DB:86 nvmxdizc V:  1 H:169 F: 6
					8282DE 18          CLC                    A:19C8 X:19C8 Y:001E S:0126 D:0E68 DB:86 nvmxdizc V:  1 H:172 F: 6
					8282DF 69 20 00    ADC #$0020             A:19C8 X:19C8 Y:001E S:0126 D:0E68 DB:86 nvmxdizc V:  1 H:175 F: 6
					8282E2 AA          TAX                    A:19E8 X:19C8 Y:001E S:0126 D:0E68 DB:86 nvmxdizc V:  1 H:180 F: 6
					8282E3 E0 08 1D    CPX #$1D08             A:19E8 X:19E8 Y:001E S:0126 D:0E68 DB:86 nvmxdizc V:  1 H:183 F: 6
					8282E6 90 F0       BCC $00F0     [8282D8] A:19E8 X:19E8 Y:001E S:0126 D:0E68 DB:86 Nvmxdizc V:  1 H:187 F: 6
					8282D8 BD 00 00    LDA $0000,X   [8619E8] A:19E8 X:19E8 Y:001E S:0126 D:0E68 DB:86 Nvmxdizc V:  1 H:192 F: 6
					8282DB F0 5E       BEQ $005E     [82833B] A:0101 X:19E8 Y:001E S:0126 D:0E68 DB:86 nvmxdizc V:  1 H:202 F: 6
					8282DD 8A          TXA                    A:0101 X:19E8 Y:001E S:0126 D:0E68 DB:86 nvmxdizc V:  1 H:205 F: 6
					8282DE 18          CLC                    A:19E8 X:19E8 Y:001E S:0126 D:0E68 DB:86 nvmxdizc V:  1 H:208 F: 6
					8282DF 69 20 00    ADC #$0020             A:19E8 X:19E8 Y:001E S:0126 D:0E68 DB:86 nvmxdizc V:  1 H:211 F: 6
					8282E2 AA          TAX                    A:1A08 X:19E8 Y:001E S:0126 D:0E68 DB:86 nvmxdizc V:  1 H:215 F: 6
					8282E3 E0 08 1D    CPX #$1D08             A:1A08 X:1A08 Y:001E S:0126 D:0E68 DB:86 nvmxdizc V:  1 H:218 F: 6
					8282E6 90 F0       BCC $00F0     [8282D8] A:1A08 X:1A08 Y:001E S:0126 D:0E68 DB:86 Nvmxdizc V:  1 H:223 F: 6
					8282D8 BD 00 00    LDA $0000,X   [861A08] A:1A08 X:1A08 Y:001E S:0126 D:0E68 DB:86 Nvmxdizc V:  1 H:227 F: 6
					8282DB F0 5E       BEQ $005E     [82833B] A:0101 X:1A08 Y:001E S:0126 D:0E68 DB:86 nvmxdizc V:  1 H:237 F: 6
					8282DD 8A          TXA                    A:0101 X:1A08 Y:001E S:0126 D:0E68 DB:86 nvmxdizc V:  1 H:240 F: 6
					8282DE 18          CLC                    A:1A08 X:1A08 Y:001E S:0126 D:0E68 DB:86 nvmxdizc V:  1 H:243 F: 6
					8282DF 69 20 00    ADC #$0020             A:1A08 X:1A08 Y:001E S:0126 D:0E68 DB:86 nvmxdizc V:  1 H:246 F: 6
					8282E2 AA          TAX                    A:1A28 X:1A08 Y:001E S:0126 D:0E68 DB:86 nvmxdizc V:  1 H:251 F: 6
					8282E3 E0 08 1D    CPX #$1D08             A:1A28 X:1A28 Y:001E S:0126 D:0E68 DB:86 nvmxdizc V:  1 H:254 F: 6
					8282E6 90 F0       BCC $00F0     [8282D8] A:1A28 X:1A28 Y:001E S:0126 D:0E68 DB:86 Nvmxdizc V:  1 H:258 F: 6
					8282D8 BD 00 00    LDA $0000,X   [861A28] A:1A28 X:1A28 Y:001E S:0126 D:0E68 DB:86 Nvmxdizc V:  1 H:263 F: 6
					8282DB F0 5E       BEQ $005E     [82833B] A:0001 X:1A28 Y:001E S:0126 D:0E68 DB:86 nvmxdizc V:  1 H:273 F: 6
					8282DD 8A          TXA                    A:0001 X:1A28 Y:001E S:0126 D:0E68 DB:86 nvmxdizc V:  1 H:276 F: 6
					8282DE 18          CLC                    A:1A28 X:1A28 Y:001E S:0126 D:0E68 DB:86 nvmxdizc V:  1 H:279 F: 6
					8282DF 69 20 00    ADC #$0020             A:1A28 X:1A28 Y:001E S:0126 D:0E68 DB:86 nvmxdizc V:  1 H:282 F: 6
					8282E2 AA          TAX                    A:1A48 X:1A28 Y:001E S:0126 D:0E68 DB:86 nvmxdizc V:  1 H:286 F: 6
					8282E3 E0 08 1D    CPX #$1D08             A:1A48 X:1A48 Y:001E S:0126 D:0E68 DB:86 nvmxdizc V:  1 H:289 F: 6
					8282E6 90 F0       BCC $00F0     [8282D8] A:1A48 X:1A48 Y:001E S:0126 D:0E68 DB:86 Nvmxdizc V:  1 H:294 F: 6
					8282D8 BD 00 00    LDA $0000,X   [861A48] A:1A48 X:1A48 Y:001E S:0126 D:0E68 DB:86 Nvmxdizc V:  1 H:298 F: 6
					8282DB F0 5E       BEQ $005E     [82833B] A:0101 X:1A48 Y:001E S:0126 D:0E68 DB:86 nvmxdizc V:  1 H:308 F: 6
					8282DD 8A          TXA                    A:0101 X:1A48 Y:001E S:0126 D:0E68 DB:86 nvmxdizc V:  1 H:311 F: 6
					8282DE 18          CLC                    A:1A48 X:1A48 Y:001E S:0126 D:0E68 DB:86 nvmxdizc V:  1 H:314 F: 6
					8282DF 69 20 00    ADC #$0020             A:1A48 X:1A48 Y:001E S:0126 D:0E68 DB:86 nvmxdizc V:  1 H:317 F: 6
					8282E2 AA          TAX                    A:1A68 X:1A48 Y:001E S:0126 D:0E68 DB:86 nvmxdizc V:  1 H:322 F: 6
					8282E3 E0 08 1D    CPX #$1D08             A:1A68 X:1A68 Y:001E S:0126 D:0E68 DB:86 nvmxdizc V:  1 H:324 F: 6
					8282E6 90 F0       BCC $00F0     [8282D8] A:1A68 X:1A68 Y:001E S:0126 D:0E68 DB:86 Nvmxdizc V:  1 H:328 F: 6
					8282D8 BD 00 00    LDA $0000,X   [861A68] A:1A68 X:1A68 Y:001E S:0126 D:0E68 DB:86 Nvmxdizc V:  1 H:333 F: 6
					8282DB F0 5E       BEQ $005E     [82833B] A:0000 X:1A68 Y:001E S:0126 D:0E68 DB:86 nvmxdiZc V:  2 H:  3 F: 6
					82833B E2 22       SEP #$22               A:0000 X:1A68 Y:001E S:0126 D:0E68 DB:86 nvmxdiZc V:  2 H:  7 F: 6
					82833D 6B          RTL                    A:0000 X:1A68 Y:001E S:0126 D:0E68 DB:86 nvMxdiZc V:  2 H: 12 F: 6

				83BB4C F0 02       BEQ $0002     [83BB50] A:0000 X:1A68 Y:001E S:0129 D:0E68 DB:86 nvMxdiZc V:  2 H: 22 F: 6
				83BB50 FE 00 00    INC $0000,X   [861A68] A:0000 X:1A68 Y:001E S:0129 D:0E68 DB:86 nvMxdiZc V:  2 H: 27 F: 6
				83BB53 A9 2B       LDA #$2B               A:0000 X:1A68 Y:001E S:0129 D:0E68 DB:86 nvMxdizc V:  2 H: 38 F: 6
				83BB55 9D 0A 00    STA $000A,X   [861A72] A:002B X:1A68 Y:001E S:0129 D:0E68 DB:86 nvMxdizc V:  2 H: 41 F: 6
				83BB58 A9 00       LDA #$00               A:002B X:1A68 Y:001E S:0129 D:0E68 DB:86 nvMxdizc V:  2 H: 49 F: 6
				83BB5A EB          XBA                    A:0000 X:1A68 Y:001E S:0129 D:0E68 DB:86 nvMxdiZc V:  2 H: 52 F: 6
				83BB5B AD 04 00    LDA $0004     [860004] A:0000 X:1A68 Y:001E S:0129 D:0E68 DB:86 nvMxdiZc V:  2 H: 57 F: 6
				83BB5E 18          CLC                    A:0001 X:1A68 Y:001E S:0129 D:0E68 DB:86 nvMxdizc V:  2 H: 63 F: 6
				83BB5F 65 3D       ADC $3D       [000EA5] A:0001 X:1A68 Y:001E S:0129 D:0E68 DB:86 nvMxdizc V:  2 H: 66 F: 6
				83BB61 A8          TAY                    A:0003 X:1A68 Y:001E S:0129 D:0E68 DB:86 nvMxdizc V:  2 H: 73 F: 6
				83BB62 B9 D8 C9    LDA $C9D8,Y   [86C9DB] A:0003 X:1A68 Y:0003 S:0129 D:0E68 DB:86 nvMxdizc V:  2 H: 76 F: 6
				83BB65 9D 0B 00    STA $000B,X   [861A73] A:0027 X:1A68 Y:0003 S:0129 D:0E68 DB:86 nvMxdizc V:  2 H: 83 F: 6
				83BB68 C2 20       REP #$20               A:0027 X:1A68 Y:0003 S:0129 D:0E68 DB:86 nvMxdizc V:  2 H: 91 F: 6
				83BB6A 9E 0C 00    STZ $000C,X   [861A74] A:0027 X:1A68 Y:0003 S:0129 D:0E68 DB:86 nvmxdizc V:  2 H: 96 F: 6
				83BB6D 22 86 90 84 JSL $849086   [849086] A:0027 X:1A68 Y:0003 S:0129 D:0E68 DB:86 nvmxdizc V:  2 H:106 F: 6

					849086 08          PHP                    A:0027 X:1A68 Y:0003 S:0126 D:0E68 DB:86 nvmxdizc V:  2 H:119 F: 6
					849087 C2 20       REP #$20               A:0027 X:1A68 Y:0003 S:0125 D:0E68 DB:86 nvmxdizc V:  2 H:124 F: 6
					849089 AD A6 0B    LDA $0BA6     [860BA6] A:0027 X:1A68 Y:0003 S:0125 D:0E68 DB:86 nvmxdizc V:  2 H:129 F: 6
					84908C 0A          ASL A                  A:C78F X:1A68 Y:0003 S:0125 D:0E68 DB:86 Nvmxdizc V:  2 H:147 F: 6
					84908D 18          CLC                    A:8F1E X:1A68 Y:0003 S:0125 D:0E68 DB:86 NvmxdizC V:  2 H:150 F: 6
					84908E 6D A6 0B    ADC $0BA6     [860BA6] A:8F1E X:1A68 Y:0003 S:0125 D:0E68 DB:86 Nvmxdizc V:  2 H:153 F: 6
					849091 EB          XBA                    A:56AD X:1A68 Y:0003 S:0125 D:0E68 DB:86 nVmxdizC V:  2 H:162 F: 6
					849092 E2 20       SEP #$20               A:AD56 X:1A68 Y:0003 S:0125 D:0E68 DB:86 nVmxdizC V:  2 H:166 F: 6
					849094 8D A7 0B    STA $0BA7     [860BA7] A:AD56 X:1A68 Y:0003 S:0125 D:0E68 DB:86 nVMxdizC V:  2 H:171 F: 6
					849097 18          CLC                    A:AD56 X:1A68 Y:0003 S:0125 D:0E68 DB:86 nVMxdizC V:  2 H:177 F: 6
					849098 6D A6 0B    ADC $0BA6     [860BA6] A:AD56 X:1A68 Y:0003 S:0125 D:0E68 DB:86 nVMxdizc V:  2 H:180 F: 6
					84909B 8D A6 0B    STA $0BA6     [860BA6] A:ADE5 X:1A68 Y:0003 S:0125 D:0E68 DB:86 NvMxdizc V:  2 H:187 F: 6
					84909E 28          PLP                    A:ADE5 X:1A68 Y:0003 S:0125 D:0E68 DB:86 NvMxdizc V:  2 H:193 F: 6
					84909F 6B          RTL                    A:ADE5 X:1A68 Y:0003 S:0126 D:0E68 DB:86 nvmxdizc V:  2 H:200 F: 6

				83BB71 29 0F 00    AND #$000F             A:ADE5 X:1A68 Y:0003 S:0129 D:0E68 DB:86 nvmxdizc V:  2 H:210 F: 6
				83BB74 0A          ASL A                  A:0005 X:1A68 Y:0003 S:0129 D:0E68 DB:86 nvmxdizc V:  2 H:215 F: 6
				83BB75 A8          TAY                    A:000A X:1A68 Y:0003 S:0129 D:0E68 DB:86 nvmxdizc V:  2 H:218 F: 6
				83BB76 A5 3D       LDA $3D       [000EA5] A:000A X:1A68 Y:000A S:0129 D:0E68 DB:86 nvmxdizc V:  2 H:221 F: 6
				83BB78 4A          LSR A                  A:0002 X:1A68 Y:000A S:0129 D:0E68 DB:86 nvmxdizc V:  2 H:229 F: 6
				83BB79 B9 EB C9    LDA $C9EB,Y   [86C9F5] A:0001 X:1A68 Y:000A S:0129 D:0E68 DB:86 nvmxdizc V:  2 H:232 F: 6
				83BB7C 90 04       BCC $0004     [83BB82] A:0153 X:1A68 Y:000A S:0129 D:0E68 DB:86 nvmxdizc V:  2 H:241 F: 6
				83BB82 9D 1A 00    STA $001A,X   [861A82] A:0153 X:1A68 Y:000A S:0129 D:0E68 DB:86 nvmxdizc V:  2 H:246 F: 6
				83BB85 22 86 90 84 JSL $849086   [849086] A:0153 X:1A68 Y:000A S:0129 D:0E68 DB:86 nvmxdizc V:  2 H:256 F: 6

					849086 08          PHP                    A:0153 X:1A68 Y:000A S:0126 D:0E68 DB:86 nvmxdizc V:  2 H:269 F: 6
					849087 C2 20       REP #$20               A:0153 X:1A68 Y:000A S:0125 D:0E68 DB:86 nvmxdizc V:  2 H:274 F: 6
					849089 AD A6 0B    LDA $0BA6     [860BA6] A:0153 X:1A68 Y:000A S:0125 D:0E68 DB:86 nvmxdizc V:  2 H:279 F: 6
					84908C 0A          ASL A                  A:56E5 X:1A68 Y:000A S:0125 D:0E68 DB:86 nvmxdizc V:  2 H:287 F: 6
					84908D 18          CLC                    A:ADCA X:1A68 Y:000A S:0125 D:0E68 DB:86 Nvmxdizc V:  2 H:290 F: 6
					84908E 6D A6 0B    ADC $0BA6     [860BA6] A:ADCA X:1A68 Y:000A S:0125 D:0E68 DB:86 Nvmxdizc V:  2 H:293 F: 6
					849091 EB          XBA                    A:04AF X:1A68 Y:000A S:0125 D:0E68 DB:86 nvmxdizC V:  2 H:302 F: 6
					849092 E2 20       SEP #$20               A:AF04 X:1A68 Y:000A S:0125 D:0E68 DB:86 nvmxdizC V:  2 H:306 F: 6
					849094 8D A7 0B    STA $0BA7     [860BA7] A:AF04 X:1A68 Y:000A S:0125 D:0E68 DB:86 nvMxdizC V:  2 H:311 F: 6
					849097 18          CLC                    A:AF04 X:1A68 Y:000A S:0125 D:0E68 DB:86 nvMxdizC V:  2 H:317 F: 6
					849098 6D A6 0B    ADC $0BA6     [860BA6] A:AF04 X:1A68 Y:000A S:0125 D:0E68 DB:86 nvMxdizc V:  2 H:320 F: 6
					84909B 8D A6 0B    STA $0BA6     [860BA6] A:AFE9 X:1A68 Y:000A S:0125 D:0E68 DB:86 NvMxdizc V:  2 H:326 F: 6
					84909E 28          PLP                    A:AFE9 X:1A68 Y:000A S:0125 D:0E68 DB:86 NvMxdizc V:  2 H:332 F: 6
					84909F 6B          RTL                    A:AFE9 X:1A68 Y:000A S:0126 D:0E68 DB:86 nvmxdizc V:  2 H:339 F: 6

				83BB89 29 0F 00    AND #$000F             A:AFE9 X:1A68 Y:000A S:0129 D:0E68 DB:86 nvmxdizc V:  3 H:  9 F: 6
				83BB8C 0A          ASL A                  A:0009 X:1A68 Y:000A S:0129 D:0E68 DB:86 nvmxdizc V:  3 H: 14 F: 6
				83BB8D A8          TAY                    A:0012 X:1A68 Y:000A S:0129 D:0E68 DB:86 nvmxdizc V:  3 H: 17 F: 6
				83BB8E B9 0B CA    LDA $CA0B,Y   [86CA1D] A:0012 X:1A68 Y:0012 S:0129 D:0E68 DB:86 nvmxdizc V:  3 H: 20 F: 6
				83BB91 9D 1C 00    STA $001C,X   [861A84] A:035E X:1A68 Y:0012 S:0129 D:0E68 DB:86 nvmxdizc V:  3 H: 29 F: 6
				83BB94 AD 00 00    LDA $0000     [860000] A:035E X:1A68 Y:0012 S:0129 D:0E68 DB:86 nvmxdizc V:  3 H: 39 F: 6
				83BB97 9D 05 00    STA $0005,X   [861A6D] A:149C X:1A68 Y:0012 S:0129 D:0E68 DB:86 nvmxdizc V:  3 H: 47 F: 6
				83BB9A AD 02 00    LDA $0002     [860002] A:149C X:1A68 Y:0012 S:0129 D:0E68 DB:86 nvmxdizc V:  3 H: 57 F: 6
				83BB9D 9D 08 00    STA $0008,X   [861A70] A:0AB2 X:1A68 Y:0012 S:0129 D:0E68 DB:86 nvmxdizc V:  3 H: 66 F: 6
				83BBA0 E2 20       SEP #$20               A:0AB2 X:1A68 Y:0012 S:0129 D:0E68 DB:86 nvmxdizc V:  3 H: 76 F: 6
				83BBA2 A9 40       LDA #$40               A:0AB2 X:1A68 Y:0012 S:0129 D:0E68 DB:86 nvMxdizc V:  3 H: 80 F: 6
				83BBA4 9D 1E 00    STA $001E,X   [861A86] A:0A40 X:1A68 Y:0012 S:0129 D:0E68 DB:86 nvMxdizc V:  3 H: 83 F: 6
				83BBA7 9E 1F 00    STZ $001F,X   [861A87] A:0A40 X:1A68 Y:0012 S:0129 D:0E68 DB:86 nvMxdizc V:  3 H: 91 F: 6
				83BBAA C6 3D       DEC $3D       [000EA5] A:0A40 X:1A68 Y:0012 S:0129 D:0E68 DB:86 nvMxdizc V:  3 H: 99 F: 6
				83BBAC 10 9A       BPL $009A     [83BB48] A:0A40 X:1A68 Y:0012 S:0129 D:0E68 DB:86 nvMxdizc V:  3 H:109 F: 6
				83BB48 22 D3 82 82 JSL $8282D3   [8282D3] A:0A40 X:1A68 Y:0012 S:0129 D:0E68 DB:86 nvMxdizc V:  3 H:114 F: 6

					8282D3 C2 30       REP #$30               A:0A40 X:1A68 Y:0012 S:0126 D:0E68 DB:86 nvMxdizc V:  3 H:127 F: 6
					8282D5 A2 28 19    LDX #$1928             A:0A40 X:1A68 Y:0012 S:0126 D:0E68 DB:86 nvmxdizc V:  3 H:132 F: 6
					8282D8 BD 00 00    LDA $0000,X   [861928] A:0A40 X:1928 Y:0012 S:0126 D:0E68 DB:86 nvmxdizc V:  3 H:146 F: 6
					8282DB F0 5E       BEQ $005E     [82833B] A:0101 X:1928 Y:0012 S:0126 D:0E68 DB:86 nvmxdizc V:  3 H:156 F: 6
					8282DD 8A          TXA                    A:0101 X:1928 Y:0012 S:0126 D:0E68 DB:86 nvmxdizc V:  3 H:159 F: 6
					8282DE 18          CLC                    A:1928 X:1928 Y:0012 S:0126 D:0E68 DB:86 nvmxdizc V:  3 H:162 F: 6
					8282DF 69 20 00    ADC #$0020             A:1928 X:1928 Y:0012 S:0126 D:0E68 DB:86 nvmxdizc V:  3 H:165 F: 6
					8282E2 AA          TAX                    A:1948 X:1928 Y:0012 S:0126 D:0E68 DB:86 nvmxdizc V:  3 H:170 F: 6
					8282E3 E0 08 1D    CPX #$1D08             A:1948 X:1948 Y:0012 S:0126 D:0E68 DB:86 nvmxdizc V:  3 H:173 F: 6
					8282E6 90 F0       BCC $00F0     [8282D8] A:1948 X:1948 Y:0012 S:0126 D:0E68 DB:86 Nvmxdizc V:  3 H:177 F: 6
					8282D8 BD 00 00    LDA $0000,X   [861948] A:1948 X:1948 Y:0012 S:0126 D:0E68 DB:86 Nvmxdizc V:  3 H:182 F: 6
					8282DB F0 5E       BEQ $005E     [82833B] A:0101 X:1948 Y:0012 S:0126 D:0E68 DB:86 nvmxdizc V:  3 H:192 F: 6
					8282DD 8A          TXA                    A:0101 X:1948 Y:0012 S:0126 D:0E68 DB:86 nvmxdizc V:  3 H:195 F: 6
					8282DE 18          CLC                    A:1948 X:1948 Y:0012 S:0126 D:0E68 DB:86 nvmxdizc V:  3 H:198 F: 6
					8282DF 69 20 00    ADC #$0020             A:1948 X:1948 Y:0012 S:0126 D:0E68 DB:86 nvmxdizc V:  3 H:201 F: 6
					8282E2 AA          TAX                    A:1968 X:1948 Y:0012 S:0126 D:0E68 DB:86 nvmxdizc V:  3 H:205 F: 6
					8282E3 E0 08 1D    CPX #$1D08             A:1968 X:1968 Y:0012 S:0126 D:0E68 DB:86 nvmxdizc V:  3 H:208 F: 6
					8282E6 90 F0       BCC $00F0     [8282D8] A:1968 X:1968 Y:0012 S:0126 D:0E68 DB:86 Nvmxdizc V:  3 H:213 F: 6
					8282D8 BD 00 00    LDA $0000,X   [861968] A:1968 X:1968 Y:0012 S:0126 D:0E68 DB:86 Nvmxdizc V:  3 H:217 F: 6
					8282DB F0 5E       BEQ $005E     [82833B] A:0101 X:1968 Y:0012 S:0126 D:0E68 DB:86 nvmxdizc V:  3 H:227 F: 6
					8282DD 8A          TXA                    A:0101 X:1968 Y:0012 S:0126 D:0E68 DB:86 nvmxdizc V:  3 H:230 F: 6
					8282DE 18          CLC                    A:1968 X:1968 Y:0012 S:0126 D:0E68 DB:86 nvmxdizc V:  3 H:233 F: 6
					8282DF 69 20 00    ADC #$0020             A:1968 X:1968 Y:0012 S:0126 D:0E68 DB:86 nvmxdizc V:  3 H:236 F: 6
					8282E2 AA          TAX                    A:1988 X:1968 Y:0012 S:0126 D:0E68 DB:86 nvmxdizc V:  3 H:241 F: 6
					8282E3 E0 08 1D    CPX #$1D08             A:1988 X:1988 Y:0012 S:0126 D:0E68 DB:86 nvmxdizc V:  3 H:244 F: 6
					8282E6 90 F0       BCC $00F0     [8282D8] A:1988 X:1988 Y:0012 S:0126 D:0E68 DB:86 Nvmxdizc V:  3 H:248 F: 6
					8282D8 BD 00 00    LDA $0000,X   [861988] A:1988 X:1988 Y:0012 S:0126 D:0E68 DB:86 Nvmxdizc V:  3 H:253 F: 6
					8282DB F0 5E       BEQ $005E     [82833B] A:0101 X:1988 Y:0012 S:0126 D:0E68 DB:86 nvmxdizc V:  3 H:263 F: 6
					8282DD 8A          TXA                    A:0101 X:1988 Y:0012 S:0126 D:0E68 DB:86 nvmxdizc V:  3 H:266 F: 6
					8282DE 18          CLC                    A:1988 X:1988 Y:0012 S:0126 D:0E68 DB:86 nvmxdizc V:  3 H:269 F: 6
					8282DF 69 20 00    ADC #$0020             A:1988 X:1988 Y:0012 S:0126 D:0E68 DB:86 nvmxdizc V:  3 H:272 F: 6
					8282E2 AA          TAX                    A:19A8 X:1988 Y:0012 S:0126 D:0E68 DB:86 nvmxdizc V:  3 H:276 F: 6
					8282E3 E0 08 1D    CPX #$1D08             A:19A8 X:19A8 Y:0012 S:0126 D:0E68 DB:86 nvmxdizc V:  3 H:279 F: 6
					8282E6 90 F0       BCC $00F0     [8282D8] A:19A8 X:19A8 Y:0012 S:0126 D:0E68 DB:86 Nvmxdizc V:  3 H:284 F: 6
					8282D8 BD 00 00    LDA $0000,X   [8619A8] A:19A8 X:19A8 Y:0012 S:0126 D:0E68 DB:86 Nvmxdizc V:  3 H:288 F: 6
					8282DB F0 5E       BEQ $005E     [82833B] A:0101 X:19A8 Y:0012 S:0126 D:0E68 DB:86 nvmxdizc V:  3 H:298 F: 6
					8282DD 8A          TXA                    A:0101 X:19A8 Y:0012 S:0126 D:0E68 DB:86 nvmxdizc V:  3 H:301 F: 6
					8282DE 18          CLC                    A:19A8 X:19A8 Y:0012 S:0126 D:0E68 DB:86 nvmxdizc V:  3 H:304 F: 6
					8282DF 69 20 00    ADC #$0020             A:19A8 X:19A8 Y:0012 S:0126 D:0E68 DB:86 nvmxdizc V:  3 H:307 F: 6
					8282E2 AA          TAX                    A:19C8 X:19A8 Y:0012 S:0126 D:0E68 DB:86 nvmxdizc V:  3 H:312 F: 6
					8282E3 E0 08 1D    CPX #$1D08             A:19C8 X:19C8 Y:0012 S:0126 D:0E68 DB:86 nvmxdizc V:  3 H:315 F: 6
					8282E6 90 F0       BCC $00F0     [8282D8] A:19C8 X:19C8 Y:0012 S:0126 D:0E68 DB:86 Nvmxdizc V:  3 H:319 F: 6
					8282D8 BD 00 00    LDA $0000,X   [8619C8] A:19C8 X:19C8 Y:0012 S:0126 D:0E68 DB:86 Nvmxdizc V:  3 H:323 F: 6
					8282DB F0 5E       BEQ $005E     [82833B] A:0101 X:19C8 Y:0012 S:0126 D:0E68 DB:86 nvmxdizc V:  3 H:333 F: 6
					8282DD 8A          TXA                    A:0101 X:19C8 Y:0012 S:0126 D:0E68 DB:86 nvmxdizc V:  3 H:336 F: 6
					8282DE 18          CLC                    A:19C8 X:19C8 Y:0012 S:0126 D:0E68 DB:86 nvmxdizc V:  3 H:339 F: 6
					8282DF 69 20 00    ADC #$0020             A:19C8 X:19C8 Y:0012 S:0126 D:0E68 DB:86 nvmxdizc V:  4 H:  2 F: 6
					8282E2 AA          TAX                    A:19E8 X:19C8 Y:0012 S:0126 D:0E68 DB:86 nvmxdizc V:  4 H:  6 F: 6
					8282E3 E0 08 1D    CPX #$1D08             A:19E8 X:19E8 Y:0012 S:0126 D:0E68 DB:86 nvmxdizc V:  4 H:  9 F: 6
					8282E6 90 F0       BCC $00F0     [8282D8] A:19E8 X:19E8 Y:0012 S:0126 D:0E68 DB:86 Nvmxdizc V:  4 H: 14 F: 6
					8282D8 BD 00 00    LDA $0000,X   [8619E8] A:19E8 X:19E8 Y:0012 S:0126 D:0E68 DB:86 Nvmxdizc V:  4 H: 18 F: 6
					8282DB F0 5E       BEQ $005E     [82833B] A:0101 X:19E8 Y:0012 S:0126 D:0E68 DB:86 nvmxdizc V:  4 H: 28 F: 6
					8282DD 8A          TXA                    A:0101 X:19E8 Y:0012 S:0126 D:0E68 DB:86 nvmxdizc V:  4 H: 31 F: 6
					8282DE 18          CLC                    A:19E8 X:19E8 Y:0012 S:0126 D:0E68 DB:86 nvmxdizc V:  4 H: 34 F: 6
					8282DF 69 20 00    ADC #$0020             A:19E8 X:19E8 Y:0012 S:0126 D:0E68 DB:86 nvmxdizc V:  4 H: 37 F: 6
					8282E2 AA          TAX                    A:1A08 X:19E8 Y:0012 S:0126 D:0E68 DB:86 nvmxdizc V:  4 H: 42 F: 6
					8282E3 E0 08 1D    CPX #$1D08             A:1A08 X:1A08 Y:0012 S:0126 D:0E68 DB:86 nvmxdizc V:  4 H: 45 F: 6
					8282E6 90 F0       BCC $00F0     [8282D8] A:1A08 X:1A08 Y:0012 S:0126 D:0E68 DB:86 Nvmxdizc V:  4 H: 49 F: 6
					8282D8 BD 00 00    LDA $0000,X   [861A08] A:1A08 X:1A08 Y:0012 S:0126 D:0E68 DB:86 Nvmxdizc V:  4 H: 54 F: 6
					8282DB F0 5E       BEQ $005E     [82833B] A:0101 X:1A08 Y:0012 S:0126 D:0E68 DB:86 nvmxdizc V:  4 H: 64 F: 6
					8282DD 8A          TXA                    A:0101 X:1A08 Y:0012 S:0126 D:0E68 DB:86 nvmxdizc V:  4 H: 67 F: 6
					8282DE 18          CLC                    A:1A08 X:1A08 Y:0012 S:0126 D:0E68 DB:86 nvmxdizc V:  4 H: 70 F: 6
					8282DF 69 20 00    ADC #$0020             A:1A08 X:1A08 Y:0012 S:0126 D:0E68 DB:86 nvmxdizc V:  4 H: 73 F: 6
					8282E2 AA          TAX                    A:1A28 X:1A08 Y:0012 S:0126 D:0E68 DB:86 nvmxdizc V:  4 H: 77 F: 6
					8282E3 E0 08 1D    CPX #$1D08             A:1A28 X:1A28 Y:0012 S:0126 D:0E68 DB:86 nvmxdizc V:  4 H: 80 F: 6
					8282E6 90 F0       BCC $00F0     [8282D8] A:1A28 X:1A28 Y:0012 S:0126 D:0E68 DB:86 Nvmxdizc V:  4 H: 85 F: 6
					8282D8 BD 00 00    LDA $0000,X   [861A28] A:1A28 X:1A28 Y:0012 S:0126 D:0E68 DB:86 Nvmxdizc V:  4 H: 89 F: 6
					8282DB F0 5E       BEQ $005E     [82833B] A:0001 X:1A28 Y:0012 S:0126 D:0E68 DB:86 nvmxdizc V:  4 H: 99 F: 6
					8282DD 8A          TXA                    A:0001 X:1A28 Y:0012 S:0126 D:0E68 DB:86 nvmxdizc V:  4 H:102 F: 6
					8282DE 18          CLC                    A:1A28 X:1A28 Y:0012 S:0126 D:0E68 DB:86 nvmxdizc V:  4 H:105 F: 6
					8282DF 69 20 00    ADC #$0020             A:1A28 X:1A28 Y:0012 S:0126 D:0E68 DB:86 nvmxdizc V:  4 H:108 F: 6
					8282E2 AA          TAX                    A:1A48 X:1A28 Y:0012 S:0126 D:0E68 DB:86 nvmxdizc V:  4 H:113 F: 6
					8282E3 E0 08 1D    CPX #$1D08             A:1A48 X:1A48 Y:0012 S:0126 D:0E68 DB:86 nvmxdizc V:  4 H:116 F: 6
					8282E6 90 F0       BCC $00F0     [8282D8] A:1A48 X:1A48 Y:0012 S:0126 D:0E68 DB:86 Nvmxdizc V:  4 H:120 F: 6
					8282D8 BD 00 00    LDA $0000,X   [861A48] A:1A48 X:1A48 Y:0012 S:0126 D:0E68 DB:86 Nvmxdizc V:  4 H:125 F: 6
					8282DB F0 5E       BEQ $005E     [82833B] A:0101 X:1A48 Y:0012 S:0126 D:0E68 DB:86 nvmxdizc V:  4 H:145 F: 6
					8282DD 8A          TXA                    A:0101 X:1A48 Y:0012 S:0126 D:0E68 DB:86 nvmxdizc V:  4 H:148 F: 6
					8282DE 18          CLC                    A:1A48 X:1A48 Y:0012 S:0126 D:0E68 DB:86 nvmxdizc V:  4 H:151 F: 6
					8282DF 69 20 00    ADC #$0020             A:1A48 X:1A48 Y:0012 S:0126 D:0E68 DB:86 nvmxdizc V:  4 H:154 F: 6
					8282E2 AA          TAX                    A:1A68 X:1A48 Y:0012 S:0126 D:0E68 DB:86 nvmxdizc V:  4 H:158 F: 6
					8282E3 E0 08 1D    CPX #$1D08             A:1A68 X:1A68 Y:0012 S:0126 D:0E68 DB:86 nvmxdizc V:  4 H:161 F: 6
					8282E6 90 F0       BCC $00F0     [8282D8] A:1A68 X:1A68 Y:0012 S:0126 D:0E68 DB:86 Nvmxdizc V:  4 H:166 F: 6
					8282D8 BD 00 00    LDA $0000,X   [861A68] A:1A68 X:1A68 Y:0012 S:0126 D:0E68 DB:86 Nvmxdizc V:  4 H:170 F: 6
					8282DB F0 5E       BEQ $005E     [82833B] A:0001 X:1A68 Y:0012 S:0126 D:0E68 DB:86 nvmxdizc V:  4 H:180 F: 6
					8282DD 8A          TXA                    A:0001 X:1A68 Y:0012 S:0126 D:0E68 DB:86 nvmxdizc V:  4 H:183 F: 6
					8282DE 18          CLC                    A:1A68 X:1A68 Y:0012 S:0126 D:0E68 DB:86 nvmxdizc V:  4 H:186 F: 6
					8282DF 69 20 00    ADC #$0020             A:1A68 X:1A68 Y:0012 S:0126 D:0E68 DB:86 nvmxdizc V:  4 H:189 F: 6
					8282E2 AA          TAX                    A:1A88 X:1A68 Y:0012 S:0126 D:0E68 DB:86 nvmxdizc V:  4 H:194 F: 6
					8282E3 E0 08 1D    CPX #$1D08             A:1A88 X:1A88 Y:0012 S:0126 D:0E68 DB:86 nvmxdizc V:  4 H:197 F: 6
					8282E6 90 F0       BCC $00F0     [8282D8] A:1A88 X:1A88 Y:0012 S:0126 D:0E68 DB:86 Nvmxdizc V:  4 H:201 F: 6
					8282D8 BD 00 00    LDA $0000,X   [861A88] A:1A88 X:1A88 Y:0012 S:0126 D:0E68 DB:86 Nvmxdizc V:  4 H:206 F: 6
					8282DB F0 5E       BEQ $005E     [82833B] A:0000 X:1A88 Y:0012 S:0126 D:0E68 DB:86 nvmxdiZc V:  4 H:216 F: 6
					82833B E2 22       SEP #$22               A:0000 X:1A88 Y:0012 S:0126 D:0E68 DB:86 nvmxdiZc V:  4 H:220 F: 6
					82833D 6B          RTL                    A:0000 X:1A88 Y:0012 S:0126 D:0E68 DB:86 nvMxdiZc V:  4 H:225 F: 6

				83BB4C F0 02       BEQ $0002     [83BB50] A:0000 X:1A88 Y:0012 S:0129 D:0E68 DB:86 nvMxdiZc V:  4 H:235 F: 6
				83BB50 FE 00 00    INC $0000,X   [861A88] A:0000 X:1A88 Y:0012 S:0129 D:0E68 DB:86 nvMxdiZc V:  4 H:240 F: 6
				83BB53 A9 2B       LDA #$2B               A:0000 X:1A88 Y:0012 S:0129 D:0E68 DB:86 nvMxdizc V:  4 H:251 F: 6
				83BB55 9D 0A 00    STA $000A,X   [861A92] A:002B X:1A88 Y:0012 S:0129 D:0E68 DB:86 nvMxdizc V:  4 H:254 F: 6
				83BB58 A9 00       LDA #$00               A:002B X:1A88 Y:0012 S:0129 D:0E68 DB:86 nvMxdizc V:  4 H:262 F: 6
				83BB5A EB          XBA                    A:0000 X:1A88 Y:0012 S:0129 D:0E68 DB:86 nvMxdiZc V:  4 H:265 F: 6
				83BB5B AD 04 00    LDA $0004     [860004] A:0000 X:1A88 Y:0012 S:0129 D:0E68 DB:86 nvMxdiZc V:  4 H:270 F: 6
				83BB5E 18          CLC                    A:0001 X:1A88 Y:0012 S:0129 D:0E68 DB:86 nvMxdizc V:  4 H:276 F: 6
				83BB5F 65 3D       ADC $3D       [000EA5] A:0001 X:1A88 Y:0012 S:0129 D:0E68 DB:86 nvMxdizc V:  4 H:279 F: 6
				83BB61 A8          TAY                    A:0002 X:1A88 Y:0012 S:0129 D:0E68 DB:86 nvMxdizc V:  4 H:286 F: 6
				83BB62 B9 D8 C9    LDA $C9D8,Y   [86C9DA] A:0002 X:1A88 Y:0002 S:0129 D:0E68 DB:86 nvMxdizc V:  4 H:289 F: 6
				83BB65 9D 0B 00    STA $000B,X   [861A93] A:0026 X:1A88 Y:0002 S:0129 D:0E68 DB:86 nvMxdizc V:  4 H:296 F: 6
				83BB68 C2 20       REP #$20               A:0026 X:1A88 Y:0002 S:0129 D:0E68 DB:86 nvMxdizc V:  4 H:304 F: 6
				83BB6A 9E 0C 00    STZ $000C,X   [861A94] A:0026 X:1A88 Y:0002 S:0129 D:0E68 DB:86 nvmxdizc V:  4 H:309 F: 6
				83BB6D 22 86 90 84 JSL $849086   [849086] A:0026 X:1A88 Y:0002 S:0129 D:0E68 DB:86 nvmxdizc V:  4 H:319 F: 6

					849086 08          PHP                    A:0026 X:1A88 Y:0002 S:0126 D:0E68 DB:86 nvmxdizc V:  4 H:331 F: 6
					849087 C2 20       REP #$20               A:0026 X:1A88 Y:0002 S:0125 D:0E68 DB:86 nvmxdizc V:  4 H:336 F: 6
					849089 AD A6 0B    LDA $0BA6     [860BA6] A:0026 X:1A88 Y:0002 S:0125 D:0E68 DB:86 nvmxdizc V:  5 H:  1 F: 6
					84908C 0A          ASL A                  A:04E9 X:1A88 Y:0002 S:0125 D:0E68 DB:86 nvmxdizc V:  5 H:  9 F: 6
					84908D 18          CLC                    A:09D2 X:1A88 Y:0002 S:0125 D:0E68 DB:86 nvmxdizc V:  5 H: 12 F: 6
					84908E 6D A6 0B    ADC $0BA6     [860BA6] A:09D2 X:1A88 Y:0002 S:0125 D:0E68 DB:86 nvmxdizc V:  5 H: 15 F: 6
					849091 EB          XBA                    A:0EBB X:1A88 Y:0002 S:0125 D:0E68 DB:86 nvmxdizc V:  5 H: 24 F: 6
					849092 E2 20       SEP #$20               A:BB0E X:1A88 Y:0002 S:0125 D:0E68 DB:86 nvmxdizc V:  5 H: 28 F: 6
					849094 8D A7 0B    STA $0BA7     [860BA7] A:BB0E X:1A88 Y:0002 S:0125 D:0E68 DB:86 nvMxdizc V:  5 H: 33 F: 6
					849097 18          CLC                    A:BB0E X:1A88 Y:0002 S:0125 D:0E68 DB:86 nvMxdizc V:  5 H: 39 F: 6
					849098 6D A6 0B    ADC $0BA6     [860BA6] A:BB0E X:1A88 Y:0002 S:0125 D:0E68 DB:86 nvMxdizc V:  5 H: 42 F: 6
					84909B 8D A6 0B    STA $0BA6     [860BA6] A:BBF7 X:1A88 Y:0002 S:0125 D:0E68 DB:86 NvMxdizc V:  5 H: 49 F: 6
					84909E 28          PLP                    A:BBF7 X:1A88 Y:0002 S:0125 D:0E68 DB:86 NvMxdizc V:  5 H: 55 F: 6
					84909F 6B          RTL                    A:BBF7 X:1A88 Y:0002 S:0126 D:0E68 DB:86 nvmxdizc V:  5 H: 62 F: 6

				83BB71 29 0F 00    AND #$000F             A:BBF7 X:1A88 Y:0002 S:0129 D:0E68 DB:86 nvmxdizc V:  5 H: 72 F: 6
				83BB74 0A          ASL A                  A:0007 X:1A88 Y:0002 S:0129 D:0E68 DB:86 nvmxdizc V:  5 H: 77 F: 6
				83BB75 A8          TAY                    A:000E X:1A88 Y:0002 S:0129 D:0E68 DB:86 nvmxdizc V:  5 H: 80 F: 6
				83BB76 A5 3D       LDA $3D       [000EA5] A:000E X:1A88 Y:000E S:0129 D:0E68 DB:86 nvmxdizc V:  5 H: 83 F: 6
				83BB78 4A          LSR A                  A:0001 X:1A88 Y:000E S:0129 D:0E68 DB:86 nvmxdizc V:  5 H: 91 F: 6
				83BB79 B9 EB C9    LDA $C9EB,Y   [86C9F9] A:0000 X:1A88 Y:000E S:0129 D:0E68 DB:86 nvmxdiZC V:  5 H: 94 F: 6
				83BB7C 90 04       BCC $0004     [83BB82] A:025A X:1A88 Y:000E S:0129 D:0E68 DB:86 nvmxdizC V:  5 H:103 F: 6
				83BB7E 49 FF FF    EOR #$FFFF             A:025A X:1A88 Y:000E S:0129 D:0E68 DB:86 nvmxdizC V:  5 H:106 F: 6
				83BB81 1A          INC                    A:FDA5 X:1A88 Y:000E S:0129 D:0E68 DB:86 NvmxdizC V:  5 H:111 F: 6
				83BB82 9D 1A 00    STA $001A,X   [861AA2] A:FDA6 X:1A88 Y:000E S:0129 D:0E68 DB:86 NvmxdizC V:  5 H:114 F: 6
				83BB85 22 86 90 84 JSL $849086   [849086] A:FDA6 X:1A88 Y:000E S:0129 D:0E68 DB:86 NvmxdizC V:  5 H:124 F: 6

					849086 08          PHP                    A:FDA6 X:1A88 Y:000E S:0126 D:0E68 DB:86 NvmxdizC V:  5 H:147 F: 6
					849087 C2 20       REP #$20               A:FDA6 X:1A88 Y:000E S:0125 D:0E68 DB:86 NvmxdizC V:  5 H:152 F: 6
					849089 AD A6 0B    LDA $0BA6     [860BA6] A:FDA6 X:1A88 Y:000E S:0125 D:0E68 DB:86 NvmxdizC V:  5 H:157 F: 6
					84908C 0A          ASL A                  A:0EF7 X:1A88 Y:000E S:0125 D:0E68 DB:86 nvmxdizC V:  5 H:165 F: 6
					84908D 18          CLC                    A:1DEE X:1A88 Y:000E S:0125 D:0E68 DB:86 nvmxdizc V:  5 H:168 F: 6
					84908E 6D A6 0B    ADC $0BA6     [860BA6] A:1DEE X:1A88 Y:000E S:0125 D:0E68 DB:86 nvmxdizc V:  5 H:171 F: 6
					849091 EB          XBA                    A:2CE5 X:1A88 Y:000E S:0125 D:0E68 DB:86 nvmxdizc V:  5 H:180 F: 6
					849092 E2 20       SEP #$20               A:E52C X:1A88 Y:000E S:0125 D:0E68 DB:86 nvmxdizc V:  5 H:184 F: 6
					849094 8D A7 0B    STA $0BA7     [860BA7] A:E52C X:1A88 Y:000E S:0125 D:0E68 DB:86 nvMxdizc V:  5 H:189 F: 6
					849097 18          CLC                    A:E52C X:1A88 Y:000E S:0125 D:0E68 DB:86 nvMxdizc V:  5 H:195 F: 6
					849098 6D A6 0B    ADC $0BA6     [860BA6] A:E52C X:1A88 Y:000E S:0125 D:0E68 DB:86 nvMxdizc V:  5 H:198 F: 6
					84909B 8D A6 0B    STA $0BA6     [860BA6] A:E523 X:1A88 Y:000E S:0125 D:0E68 DB:86 nvMxdizC V:  5 H:205 F: 6
					84909E 28          PLP                    A:E523 X:1A88 Y:000E S:0125 D:0E68 DB:86 nvMxdizC V:  5 H:211 F: 6
					84909F 6B          RTL                    A:E523 X:1A88 Y:000E S:0126 D:0E68 DB:86 NvmxdizC V:  5 H:218 F: 6

				83BB89 29 0F 00    AND #$000F             A:E523 X:1A88 Y:000E S:0129 D:0E68 DB:86 NvmxdizC V:  5 H:228 F: 6
				83BB8C 0A          ASL A                  A:0003 X:1A88 Y:000E S:0129 D:0E68 DB:86 nvmxdizC V:  5 H:233 F: 6
				83BB8D A8          TAY                    A:0006 X:1A88 Y:000E S:0129 D:0E68 DB:86 nvmxdizc V:  5 H:236 F: 6
				83BB8E B9 0B CA    LDA $CA0B,Y   [86CA11] A:0006 X:1A88 Y:0006 S:0129 D:0E68 DB:86 nvmxdizc V:  5 H:239 F: 6
				83BB91 9D 1C 00    STA $001C,X   [861AA4] A:0244 X:1A88 Y:0006 S:0129 D:0E68 DB:86 nvmxdizc V:  5 H:248 F: 6
				83BB94 AD 00 00    LDA $0000     [860000] A:0244 X:1A88 Y:0006 S:0129 D:0E68 DB:86 nvmxdizc V:  5 H:258 F: 6
				83BB97 9D 05 00    STA $0005,X   [861A8D] A:149C X:1A88 Y:0006 S:0129 D:0E68 DB:86 nvmxdizc V:  5 H:266 F: 6
				83BB9A AD 02 00    LDA $0002     [860002] A:149C X:1A88 Y:0006 S:0129 D:0E68 DB:86 nvmxdizc V:  5 H:276 F: 6
				83BB9D 9D 08 00    STA $0008,X   [861A90] A:0AB2 X:1A88 Y:0006 S:0129 D:0E68 DB:86 nvmxdizc V:  5 H:285 F: 6
				83BBA0 E2 20       SEP #$20               A:0AB2 X:1A88 Y:0006 S:0129 D:0E68 DB:86 nvmxdizc V:  5 H:295 F: 6
				83BBA2 A9 40       LDA #$40               A:0AB2 X:1A88 Y:0006 S:0129 D:0E68 DB:86 nvMxdizc V:  5 H:299 F: 6
				83BBA4 9D 1E 00    STA $001E,X   [861AA6] A:0A40 X:1A88 Y:0006 S:0129 D:0E68 DB:86 nvMxdizc V:  5 H:302 F: 6
				83BBA7 9E 1F 00    STZ $001F,X   [861AA7] A:0A40 X:1A88 Y:0006 S:0129 D:0E68 DB:86 nvMxdizc V:  5 H:310 F: 6
				83BBAA C6 3D       DEC $3D       [000EA5] A:0A40 X:1A88 Y:0006 S:0129 D:0E68 DB:86 nvMxdizc V:  5 H:318 F: 6
				83BBAC 10 9A       BPL $009A     [83BB48] A:0A40 X:1A88 Y:0006 S:0129 D:0E68 DB:86 nvMxdiZc V:  5 H:327 F: 6
				83BB48 22 D3 82 82 JSL $8282D3   [8282D3] A:0A40 X:1A88 Y:0006 S:0129 D:0E68 DB:86 nvMxdiZc V:  5 H:332 F: 6

					8282D3 C2 30       REP #$30               A:0A40 X:1A88 Y:0006 S:0126 D:0E68 DB:86 nvMxdiZc V:  6 H:  5 F: 6
					8282D5 A2 28 19    LDX #$1928             A:0A40 X:1A88 Y:0006 S:0126 D:0E68 DB:86 nvmxdiZc V:  6 H: 10 F: 6
					8282D8 BD 00 00    LDA $0000,X   [861928] A:0A40 X:1928 Y:0006 S:0126 D:0E68 DB:86 nvmxdizc V:  6 H: 14 F: 6
					8282DB F0 5E       BEQ $005E     [82833B] A:0101 X:1928 Y:0006 S:0126 D:0E68 DB:86 nvmxdizc V:  6 H: 24 F: 6
					8282DD 8A          TXA                    A:0101 X:1928 Y:0006 S:0126 D:0E68 DB:86 nvmxdizc V:  6 H: 27 F: 6
					8282DE 18          CLC                    A:1928 X:1928 Y:0006 S:0126 D:0E68 DB:86 nvmxdizc V:  6 H: 30 F: 6
					8282DF 69 20 00    ADC #$0020             A:1928 X:1928 Y:0006 S:0126 D:0E68 DB:86 nvmxdizc V:  6 H: 33 F: 6
					8282E2 AA          TAX                    A:1948 X:1928 Y:0006 S:0126 D:0E68 DB:86 nvmxdizc V:  6 H: 38 F: 6
					8282E3 E0 08 1D    CPX #$1D08             A:1948 X:1948 Y:0006 S:0126 D:0E68 DB:86 nvmxdizc V:  6 H: 41 F: 6
					8282E6 90 F0       BCC $00F0     [8282D8] A:1948 X:1948 Y:0006 S:0126 D:0E68 DB:86 Nvmxdizc V:  6 H: 45 F: 6
					8282D8 BD 00 00    LDA $0000,X   [861948] A:1948 X:1948 Y:0006 S:0126 D:0E68 DB:86 Nvmxdizc V:  6 H: 50 F: 6
					8282DB F0 5E       BEQ $005E     [82833B] A:0101 X:1948 Y:0006 S:0126 D:0E68 DB:86 nvmxdizc V:  6 H: 60 F: 6
					8282DD 8A          TXA                    A:0101 X:1948 Y:0006 S:0126 D:0E68 DB:86 nvmxdizc V:  6 H: 63 F: 6
					8282DE 18          CLC                    A:1948 X:1948 Y:0006 S:0126 D:0E68 DB:86 nvmxdizc V:  6 H: 66 F: 6
					8282DF 69 20 00    ADC #$0020             A:1948 X:1948 Y:0006 S:0126 D:0E68 DB:86 nvmxdizc V:  6 H: 69 F: 6
					8282E2 AA          TAX                    A:1968 X:1948 Y:0006 S:0126 D:0E68 DB:86 nvmxdizc V:  6 H: 73 F: 6
					8282E3 E0 08 1D    CPX #$1D08             A:1968 X:1968 Y:0006 S:0126 D:0E68 DB:86 nvmxdizc V:  6 H: 76 F: 6
					8282E6 90 F0       BCC $00F0     [8282D8] A:1968 X:1968 Y:0006 S:0126 D:0E68 DB:86 Nvmxdizc V:  6 H: 81 F: 6
					8282D8 BD 00 00    LDA $0000,X   [861968] A:1968 X:1968 Y:0006 S:0126 D:0E68 DB:86 Nvmxdizc V:  6 H: 85 F: 6
					8282DB F0 5E       BEQ $005E     [82833B] A:0101 X:1968 Y:0006 S:0126 D:0E68 DB:86 nvmxdizc V:  6 H: 95 F: 6
					8282DD 8A          TXA                    A:0101 X:1968 Y:0006 S:0126 D:0E68 DB:86 nvmxdizc V:  6 H: 98 F: 6
					8282DE 18          CLC                    A:1968 X:1968 Y:0006 S:0126 D:0E68 DB:86 nvmxdizc V:  6 H:101 F: 6
					8282DF 69 20 00    ADC #$0020             A:1968 X:1968 Y:0006 S:0126 D:0E68 DB:86 nvmxdizc V:  6 H:104 F: 6
					8282E2 AA          TAX                    A:1988 X:1968 Y:0006 S:0126 D:0E68 DB:86 nvmxdizc V:  6 H:109 F: 6
					8282E3 E0 08 1D    CPX #$1D08             A:1988 X:1988 Y:0006 S:0126 D:0E68 DB:86 nvmxdizc V:  6 H:112 F: 6
					8282E6 90 F0       BCC $00F0     [8282D8] A:1988 X:1988 Y:0006 S:0126 D:0E68 DB:86 Nvmxdizc V:  6 H:116 F: 6
					8282D8 BD 00 00    LDA $0000,X   [861988] A:1988 X:1988 Y:0006 S:0126 D:0E68 DB:86 Nvmxdizc V:  6 H:121 F: 6
					8282DB F0 5E       BEQ $005E     [82833B] A:0101 X:1988 Y:0006 S:0126 D:0E68 DB:86 nvmxdizc V:  6 H:131 F: 6
					8282DD 8A          TXA                    A:0101 X:1988 Y:0006 S:0126 D:0E68 DB:86 nvmxdizc V:  6 H:144 F: 6
					8282DE 18          CLC                    A:1988 X:1988 Y:0006 S:0126 D:0E68 DB:86 nvmxdizc V:  6 H:147 F: 6
					8282DF 69 20 00    ADC #$0020             A:1988 X:1988 Y:0006 S:0126 D:0E68 DB:86 nvmxdizc V:  6 H:150 F: 6
					8282E2 AA          TAX                    A:19A8 X:1988 Y:0006 S:0126 D:0E68 DB:86 nvmxdizc V:  6 H:154 F: 6
					8282E3 E0 08 1D    CPX #$1D08             A:19A8 X:19A8 Y:0006 S:0126 D:0E68 DB:86 nvmxdizc V:  6 H:157 F: 6
					8282E6 90 F0       BCC $00F0     [8282D8] A:19A8 X:19A8 Y:0006 S:0126 D:0E68 DB:86 Nvmxdizc V:  6 H:162 F: 6
					8282D8 BD 00 00    LDA $0000,X   [8619A8] A:19A8 X:19A8 Y:0006 S:0126 D:0E68 DB:86 Nvmxdizc V:  6 H:166 F: 6
					8282DB F0 5E       BEQ $005E     [82833B] A:0101 X:19A8 Y:0006 S:0126 D:0E68 DB:86 nvmxdizc V:  6 H:176 F: 6
					8282DD 8A          TXA                    A:0101 X:19A8 Y:0006 S:0126 D:0E68 DB:86 nvmxdizc V:  6 H:179 F: 6
					8282DE 18          CLC                    A:19A8 X:19A8 Y:0006 S:0126 D:0E68 DB:86 nvmxdizc V:  6 H:182 F: 6
					8282DF 69 20 00    ADC #$0020             A:19A8 X:19A8 Y:0006 S:0126 D:0E68 DB:86 nvmxdizc V:  6 H:185 F: 6
					8282E2 AA          TAX                    A:19C8 X:19A8 Y:0006 S:0126 D:0E68 DB:86 nvmxdizc V:  6 H:190 F: 6
					8282E3 E0 08 1D    CPX #$1D08             A:19C8 X:19C8 Y:0006 S:0126 D:0E68 DB:86 nvmxdizc V:  6 H:193 F: 6
					8282E6 90 F0       BCC $00F0     [8282D8] A:19C8 X:19C8 Y:0006 S:0126 D:0E68 DB:86 Nvmxdizc V:  6 H:197 F: 6
					8282D8 BD 00 00    LDA $0000,X   [8619C8] A:19C8 X:19C8 Y:0006 S:0126 D:0E68 DB:86 Nvmxdizc V:  6 H:202 F: 6
					8282DB F0 5E       BEQ $005E     [82833B] A:0101 X:19C8 Y:0006 S:0126 D:0E68 DB:86 nvmxdizc V:  6 H:212 F: 6
					8282DD 8A          TXA                    A:0101 X:19C8 Y:0006 S:0126 D:0E68 DB:86 nvmxdizc V:  6 H:215 F: 6
					8282DE 18          CLC                    A:19C8 X:19C8 Y:0006 S:0126 D:0E68 DB:86 nvmxdizc V:  6 H:218 F: 6
					8282DF 69 20 00    ADC #$0020             A:19C8 X:19C8 Y:0006 S:0126 D:0E68 DB:86 nvmxdizc V:  6 H:221 F: 6
					8282E2 AA          TAX                    A:19E8 X:19C8 Y:0006 S:0126 D:0E68 DB:86 nvmxdizc V:  6 H:225 F: 6
					8282E3 E0 08 1D    CPX #$1D08             A:19E8 X:19E8 Y:0006 S:0126 D:0E68 DB:86 nvmxdizc V:  6 H:228 F: 6
					8282E6 90 F0       BCC $00F0     [8282D8] A:19E8 X:19E8 Y:0006 S:0126 D:0E68 DB:86 Nvmxdizc V:  6 H:233 F: 6
					8282D8 BD 00 00    LDA $0000,X   [8619E8] A:19E8 X:19E8 Y:0006 S:0126 D:0E68 DB:86 Nvmxdizc V:  6 H:237 F: 6
					8282DB F0 5E       BEQ $005E     [82833B] A:0101 X:19E8 Y:0006 S:0126 D:0E68 DB:86 nvmxdizc V:  6 H:247 F: 6
					8282DD 8A          TXA                    A:0101 X:19E8 Y:0006 S:0126 D:0E68 DB:86 nvmxdizc V:  6 H:250 F: 6
					8282DE 18          CLC                    A:19E8 X:19E8 Y:0006 S:0126 D:0E68 DB:86 nvmxdizc V:  6 H:253 F: 6
					8282DF 69 20 00    ADC #$0020             A:19E8 X:19E8 Y:0006 S:0126 D:0E68 DB:86 nvmxdizc V:  6 H:256 F: 6
					8282E2 AA          TAX                    A:1A08 X:19E8 Y:0006 S:0126 D:0E68 DB:86 nvmxdizc V:  6 H:261 F: 6
					8282E3 E0 08 1D    CPX #$1D08             A:1A08 X:1A08 Y:0006 S:0126 D:0E68 DB:86 nvmxdizc V:  6 H:264 F: 6
					8282E6 90 F0       BCC $00F0     [8282D8] A:1A08 X:1A08 Y:0006 S:0126 D:0E68 DB:86 Nvmxdizc V:  6 H:268 F: 6
					8282D8 BD 00 00    LDA $0000,X   [861A08] A:1A08 X:1A08 Y:0006 S:0126 D:0E68 DB:86 Nvmxdizc V:  6 H:273 F: 6
					8282DB F0 5E       BEQ $005E     [82833B] A:0101 X:1A08 Y:0006 S:0126 D:0E68 DB:86 nvmxdizc V:  6 H:283 F: 6
					8282DD 8A          TXA                    A:0101 X:1A08 Y:0006 S:0126 D:0E68 DB:86 nvmxdizc V:  6 H:286 F: 6
					8282DE 18          CLC                    A:1A08 X:1A08 Y:0006 S:0126 D:0E68 DB:86 nvmxdizc V:  6 H:289 F: 6
					8282DF 69 20 00    ADC #$0020             A:1A08 X:1A08 Y:0006 S:0126 D:0E68 DB:86 nvmxdizc V:  6 H:292 F: 6
					8282E2 AA          TAX                    A:1A28 X:1A08 Y:0006 S:0126 D:0E68 DB:86 nvmxdizc V:  6 H:296 F: 6
					8282E3 E0 08 1D    CPX #$1D08             A:1A28 X:1A28 Y:0006 S:0126 D:0E68 DB:86 nvmxdizc V:  6 H:299 F: 6
					8282E6 90 F0       BCC $00F0     [8282D8] A:1A28 X:1A28 Y:0006 S:0126 D:0E68 DB:86 Nvmxdizc V:  6 H:304 F: 6
					8282D8 BD 00 00    LDA $0000,X   [861A28] A:1A28 X:1A28 Y:0006 S:0126 D:0E68 DB:86 Nvmxdizc V:  6 H:308 F: 6
					8282DB F0 5E       BEQ $005E     [82833B] A:0001 X:1A28 Y:0006 S:0126 D:0E68 DB:86 nvmxdizc V:  6 H:318 F: 6
					8282DD 8A          TXA                    A:0001 X:1A28 Y:0006 S:0126 D:0E68 DB:86 nvmxdizc V:  6 H:321 F: 6
					8282DE 18          CLC                    A:1A28 X:1A28 Y:0006 S:0126 D:0E68 DB:86 nvmxdizc V:  6 H:324 F: 6
					8282DF 69 20 00    ADC #$0020             A:1A28 X:1A28 Y:0006 S:0126 D:0E68 DB:86 nvmxdizc V:  6 H:327 F: 6
					8282E2 AA          TAX                    A:1A48 X:1A28 Y:0006 S:0126 D:0E68 DB:86 nvmxdizc V:  6 H:331 F: 6
					8282E3 E0 08 1D    CPX #$1D08             A:1A48 X:1A48 Y:0006 S:0126 D:0E68 DB:86 nvmxdizc V:  6 H:334 F: 6
					8282E6 90 F0       BCC $00F0     [8282D8] A:1A48 X:1A48 Y:0006 S:0126 D:0E68 DB:86 Nvmxdizc V:  6 H:338 F: 6
					8282D8 BD 00 00    LDA $0000,X   [861A48] A:1A48 X:1A48 Y:0006 S:0126 D:0E68 DB:86 Nvmxdizc V:  7 H:  3 F: 6
					8282DB F0 5E       BEQ $005E     [82833B] A:0101 X:1A48 Y:0006 S:0126 D:0E68 DB:86 nvmxdizc V:  7 H: 13 F: 6
					8282DD 8A          TXA                    A:0101 X:1A48 Y:0006 S:0126 D:0E68 DB:86 nvmxdizc V:  7 H: 16 F: 6
					8282DE 18          CLC                    A:1A48 X:1A48 Y:0006 S:0126 D:0E68 DB:86 nvmxdizc V:  7 H: 19 F: 6
					8282DF 69 20 00    ADC #$0020             A:1A48 X:1A48 Y:0006 S:0126 D:0E68 DB:86 nvmxdizc V:  7 H: 22 F: 6
					8282E2 AA          TAX                    A:1A68 X:1A48 Y:0006 S:0126 D:0E68 DB:86 nvmxdizc V:  7 H: 26 F: 6
					8282E3 E0 08 1D    CPX #$1D08             A:1A68 X:1A68 Y:0006 S:0126 D:0E68 DB:86 nvmxdizc V:  7 H: 29 F: 6
					8282E6 90 F0       BCC $00F0     [8282D8] A:1A68 X:1A68 Y:0006 S:0126 D:0E68 DB:86 Nvmxdizc V:  7 H: 34 F: 6
					8282D8 BD 00 00    LDA $0000,X   [861A68] A:1A68 X:1A68 Y:0006 S:0126 D:0E68 DB:86 Nvmxdizc V:  7 H: 38 F: 6
					8282DB F0 5E       BEQ $005E     [82833B] A:0001 X:1A68 Y:0006 S:0126 D:0E68 DB:86 nvmxdizc V:  7 H: 48 F: 6
					8282DD 8A          TXA                    A:0001 X:1A68 Y:0006 S:0126 D:0E68 DB:86 nvmxdizc V:  7 H: 51 F: 6
					8282DE 18          CLC                    A:1A68 X:1A68 Y:0006 S:0126 D:0E68 DB:86 nvmxdizc V:  7 H: 54 F: 6
					8282DF 69 20 00    ADC #$0020             A:1A68 X:1A68 Y:0006 S:0126 D:0E68 DB:86 nvmxdizc V:  7 H: 57 F: 6
					8282E2 AA          TAX                    A:1A88 X:1A68 Y:0006 S:0126 D:0E68 DB:86 nvmxdizc V:  7 H: 62 F: 6
					8282E3 E0 08 1D    CPX #$1D08             A:1A88 X:1A88 Y:0006 S:0126 D:0E68 DB:86 nvmxdizc V:  7 H: 65 F: 6
					8282E6 90 F0       BCC $00F0     [8282D8] A:1A88 X:1A88 Y:0006 S:0126 D:0E68 DB:86 Nvmxdizc V:  7 H: 69 F: 6
					8282D8 BD 00 00    LDA $0000,X   [861A88] A:1A88 X:1A88 Y:0006 S:0126 D:0E68 DB:86 Nvmxdizc V:  7 H: 74 F: 6
					8282DB F0 5E       BEQ $005E     [82833B] A:0001 X:1A88 Y:0006 S:0126 D:0E68 DB:86 nvmxdizc V:  7 H: 84 F: 6
					8282DD 8A          TXA                    A:0001 X:1A88 Y:0006 S:0126 D:0E68 DB:86 nvmxdizc V:  7 H: 87 F: 6
					8282DE 18          CLC                    A:1A88 X:1A88 Y:0006 S:0126 D:0E68 DB:86 nvmxdizc V:  7 H: 90 F: 6
					8282DF 69 20 00    ADC #$0020             A:1A88 X:1A88 Y:0006 S:0126 D:0E68 DB:86 nvmxdizc V:  7 H: 93 F: 6
					8282E2 AA          TAX                    A:1AA8 X:1A88 Y:0006 S:0126 D:0E68 DB:86 nvmxdizc V:  7 H: 97 F: 6
					8282E3 E0 08 1D    CPX #$1D08             A:1AA8 X:1AA8 Y:0006 S:0126 D:0E68 DB:86 nvmxdizc V:  7 H:100 F: 6
					8282E6 90 F0       BCC $00F0     [8282D8] A:1AA8 X:1AA8 Y:0006 S:0126 D:0E68 DB:86 Nvmxdizc V:  7 H:105 F: 6
					8282D8 BD 00 00    LDA $0000,X   [861AA8] A:1AA8 X:1AA8 Y:0006 S:0126 D:0E68 DB:86 Nvmxdizc V:  7 H:109 F: 6
					8282DB F0 5E       BEQ $005E     [82833B] A:0000 X:1AA8 Y:0006 S:0126 D:0E68 DB:86 nvmxdiZc V:  7 H:119 F: 6
					82833B E2 22       SEP #$22               A:0000 X:1AA8 Y:0006 S:0126 D:0E68 DB:86 nvmxdiZc V:  7 H:124 F: 6
					82833D 6B          RTL                    A:0000 X:1AA8 Y:0006 S:0126 D:0E68 DB:86 nvMxdiZc V:  7 H:128 F: 6

				83BB4C F0 02       BEQ $0002     [83BB50] A:0000 X:1AA8 Y:0006 S:0129 D:0E68 DB:86 nvMxdiZc V:  7 H:149 F: 6
				83BB50 FE 00 00    INC $0000,X   [861AA8] A:0000 X:1AA8 Y:0006 S:0129 D:0E68 DB:86 nvMxdiZc V:  7 H:153 F: 6
				83BB53 A9 2B       LDA #$2B               A:0000 X:1AA8 Y:0006 S:0129 D:0E68 DB:86 nvMxdizc V:  7 H:165 F: 6
				83BB55 9D 0A 00    STA $000A,X   [861AB2] A:002B X:1AA8 Y:0006 S:0129 D:0E68 DB:86 nvMxdizc V:  7 H:168 F: 6
				83BB58 A9 00       LDA #$00               A:002B X:1AA8 Y:0006 S:0129 D:0E68 DB:86 nvMxdizc V:  7 H:176 F: 6
				83BB5A EB          XBA                    A:0000 X:1AA8 Y:0006 S:0129 D:0E68 DB:86 nvMxdiZc V:  7 H:179 F: 6
				83BB5B AD 04 00    LDA $0004     [860004] A:0000 X:1AA8 Y:0006 S:0129 D:0E68 DB:86 nvMxdiZc V:  7 H:183 F: 6
				83BB5E 18          CLC                    A:0001 X:1AA8 Y:0006 S:0129 D:0E68 DB:86 nvMxdizc V:  7 H:190 F: 6
				83BB5F 65 3D       ADC $3D       [000EA5] A:0001 X:1AA8 Y:0006 S:0129 D:0E68 DB:86 nvMxdizc V:  7 H:193 F: 6
				83BB61 A8          TAY                    A:0001 X:1AA8 Y:0006 S:0129 D:0E68 DB:86 nvMxdizc V:  7 H:199 F: 6
				83BB62 B9 D8 C9    LDA $C9D8,Y   [86C9D9] A:0001 X:1AA8 Y:0001 S:0129 D:0E68 DB:86 nvMxdizc V:  7 H:202 F: 6
				83BB65 9D 0B 00    STA $000B,X   [861AB3] A:0025 X:1AA8 Y:0001 S:0129 D:0E68 DB:86 nvMxdizc V:  7 H:210 F: 6
				83BB68 C2 20       REP #$20               A:0025 X:1AA8 Y:0001 S:0129 D:0E68 DB:86 nvMxdizc V:  7 H:218 F: 6
				83BB6A 9E 0C 00    STZ $000C,X   [861AB4] A:0025 X:1AA8 Y:0001 S:0129 D:0E68 DB:86 nvmxdizc V:  7 H:222 F: 6
				83BB6D 22 86 90 84 JSL $849086   [849086] A:0025 X:1AA8 Y:0001 S:0129 D:0E68 DB:86 nvmxdizc V:  7 H:232 F: 6

					849086 08          PHP                    A:0025 X:1AA8 Y:0001 S:0126 D:0E68 DB:86 nvmxdizc V:  7 H:246 F: 6
					849087 C2 20       REP #$20               A:0025 X:1AA8 Y:0001 S:0125 D:0E68 DB:86 nvmxdizc V:  7 H:251 F: 6
					849089 AD A6 0B    LDA $0BA6     [860BA6] A:0025 X:1AA8 Y:0001 S:0125 D:0E68 DB:86 nvmxdizc V:  7 H:255 F: 6
					84908C 0A          ASL A                  A:2C23 X:1AA8 Y:0001 S:0125 D:0E68 DB:86 nvmxdizc V:  7 H:264 F: 6
					84908D 18          CLC                    A:5846 X:1AA8 Y:0001 S:0125 D:0E68 DB:86 nvmxdizc V:  7 H:267 F: 6
					84908E 6D A6 0B    ADC $0BA6     [860BA6] A:5846 X:1AA8 Y:0001 S:0125 D:0E68 DB:86 nvmxdizc V:  7 H:270 F: 6
					849091 EB          XBA                    A:8469 X:1AA8 Y:0001 S:0125 D:0E68 DB:86 NVmxdizc V:  7 H:278 F: 6
					849092 E2 20       SEP #$20               A:6984 X:1AA8 Y:0001 S:0125 D:0E68 DB:86 NVmxdizc V:  7 H:283 F: 6
					849094 8D A7 0B    STA $0BA7     [860BA7] A:6984 X:1AA8 Y:0001 S:0125 D:0E68 DB:86 NVMxdizc V:  7 H:287 F: 6
					849097 18          CLC                    A:6984 X:1AA8 Y:0001 S:0125 D:0E68 DB:86 NVMxdizc V:  7 H:294 F: 6
					849098 6D A6 0B    ADC $0BA6     [860BA6] A:6984 X:1AA8 Y:0001 S:0125 D:0E68 DB:86 NVMxdizc V:  7 H:297 F: 6
					84909B 8D A6 0B    STA $0BA6     [860BA6] A:69A7 X:1AA8 Y:0001 S:0125 D:0E68 DB:86 NvMxdizc V:  7 H:303 F: 6
					84909E 28          PLP                    A:69A7 X:1AA8 Y:0001 S:0125 D:0E68 DB:86 NvMxdizc V:  7 H:310 F: 6
					84909F 6B          RTL                    A:69A7 X:1AA8 Y:0001 S:0126 D:0E68 DB:86 nvmxdizc V:  7 H:316 F: 6

				83BB71 29 0F 00    AND #$000F             A:69A7 X:1AA8 Y:0001 S:0129 D:0E68 DB:86 nvmxdizc V:  7 H:326 F: 6
				83BB74 0A          ASL A                  A:0007 X:1AA8 Y:0001 S:0129 D:0E68 DB:86 nvmxdizc V:  7 H:330 F: 6
				83BB75 A8          TAY                    A:000E X:1AA8 Y:0001 S:0129 D:0E68 DB:86 nvmxdizc V:  7 H:333 F: 6
				83BB76 A5 3D       LDA $3D       [000EA5] A:000E X:1AA8 Y:000E S:0129 D:0E68 DB:86 nvmxdizc V:  7 H:336 F: 6
				83BB78 4A          LSR A                  A:0000 X:1AA8 Y:000E S:0129 D:0E68 DB:86 nvmxdiZc V:  8 H:  5 F: 6
				83BB79 B9 EB C9    LDA $C9EB,Y   [86C9F9] A:0000 X:1AA8 Y:000E S:0129 D:0E68 DB:86 nvmxdiZc V:  8 H:  8 F: 6
				83BB7C 90 04       BCC $0004     [83BB82] A:025A X:1AA8 Y:000E S:0129 D:0E68 DB:86 nvmxdizc V:  8 H: 17 F: 6
				83BB82 9D 1A 00    STA $001A,X   [861AC2] A:025A X:1AA8 Y:000E S:0129 D:0E68 DB:86 nvmxdizc V:  8 H: 21 F: 6
				83BB85 22 86 90 84 JSL $849086   [849086] A:025A X:1AA8 Y:000E S:0129 D:0E68 DB:86 nvmxdizc V:  8 H: 31 F: 6

					849086 08          PHP                    A:025A X:1AA8 Y:000E S:0126 D:0E68 DB:86 nvmxdizc V:  8 H: 45 F: 6
					849087 C2 20       REP #$20               A:025A X:1AA8 Y:000E S:0125 D:0E68 DB:86 nvmxdizc V:  8 H: 50 F: 6
					849089 AD A6 0B    LDA $0BA6     [860BA6] A:025A X:1AA8 Y:000E S:0125 D:0E68 DB:86 nvmxdizc V:  8 H: 54 F: 6
					84908C 0A          ASL A                  A:84A7 X:1AA8 Y:000E S:0125 D:0E68 DB:86 Nvmxdizc V:  8 H: 63 F: 6
					84908D 18          CLC                    A:094E X:1AA8 Y:000E S:0125 D:0E68 DB:86 nvmxdizC V:  8 H: 66 F: 6
					84908E 6D A6 0B    ADC $0BA6     [860BA6] A:094E X:1AA8 Y:000E S:0125 D:0E68 DB:86 nvmxdizc V:  8 H: 69 F: 6
					849091 EB          XBA                    A:8DF5 X:1AA8 Y:000E S:0125 D:0E68 DB:86 Nvmxdizc V:  8 H: 77 F: 6
					849092 E2 20       SEP #$20               A:F58D X:1AA8 Y:000E S:0125 D:0E68 DB:86 Nvmxdizc V:  8 H: 82 F: 6
					849094 8D A7 0B    STA $0BA7     [860BA7] A:F58D X:1AA8 Y:000E S:0125 D:0E68 DB:86 NvMxdizc V:  8 H: 86 F: 6
					849097 18          CLC                    A:F58D X:1AA8 Y:000E S:0125 D:0E68 DB:86 NvMxdizc V:  8 H: 93 F: 6
					849098 6D A6 0B    ADC $0BA6     [860BA6] A:F58D X:1AA8 Y:000E S:0125 D:0E68 DB:86 NvMxdizc V:  8 H: 96 F: 6
					84909B 8D A6 0B    STA $0BA6     [860BA6] A:F534 X:1AA8 Y:000E S:0125 D:0E68 DB:86 nVMxdizC V:  8 H:102 F: 6
					84909E 28          PLP                    A:F534 X:1AA8 Y:000E S:0125 D:0E68 DB:86 nVMxdizC V:  8 H:109 F: 6
					84909F 6B          RTL                    A:F534 X:1AA8 Y:000E S:0126 D:0E68 DB:86 nvmxdizc V:  8 H:115 F: 6

				83BB89 29 0F 00    AND #$000F             A:F534 X:1AA8 Y:000E S:0129 D:0E68 DB:86 nvmxdizc V:  8 H:126 F: 6
				83BB8C 0A          ASL A                  A:0004 X:1AA8 Y:000E S:0129 D:0E68 DB:86 nvmxdizc V:  8 H:130 F: 6
				83BB8D A8          TAY                    A:0008 X:1AA8 Y:000E S:0129 D:0E68 DB:86 nvmxdizc V:  8 H:143 F: 6
				83BB8E B9 0B CA    LDA $CA0B,Y   [86CA13] A:0008 X:1AA8 Y:0008 S:0129 D:0E68 DB:86 nvmxdizc V:  8 H:146 F: 6
				83BB91 9D 1C 00    STA $001C,X   [861AC4] A:0476 X:1AA8 Y:0008 S:0129 D:0E68 DB:86 nvmxdizc V:  8 H:155 F: 6
				83BB94 AD 00 00    LDA $0000     [860000] A:0476 X:1AA8 Y:0008 S:0129 D:0E68 DB:86 nvmxdizc V:  8 H:165 F: 6
				83BB97 9D 05 00    STA $0005,X   [861AAD] A:149C X:1AA8 Y:0008 S:0129 D:0E68 DB:86 nvmxdizc V:  8 H:174 F: 6
				83BB9A AD 02 00    LDA $0002     [860002] A:149C X:1AA8 Y:0008 S:0129 D:0E68 DB:86 nvmxdizc V:  8 H:184 F: 6
				83BB9D 9D 08 00    STA $0008,X   [861AB0] A:0AB2 X:1AA8 Y:0008 S:0129 D:0E68 DB:86 nvmxdizc V:  8 H:192 F: 6
				83BBA0 E2 20       SEP #$20               A:0AB2 X:1AA8 Y:0008 S:0129 D:0E68 DB:86 nvmxdizc V:  8 H:202 F: 6
				83BBA2 A9 40       LDA #$40               A:0AB2 X:1AA8 Y:0008 S:0129 D:0E68 DB:86 nvMxdizc V:  8 H:207 F: 6
				83BBA4 9D 1E 00    STA $001E,X   [861AC6] A:0A40 X:1AA8 Y:0008 S:0129 D:0E68 DB:86 nvMxdizc V:  8 H:210 F: 6
				83BBA7 9E 1F 00    STZ $001F,X   [861AC7] A:0A40 X:1AA8 Y:0008 S:0129 D:0E68 DB:86 nvMxdizc V:  8 H:218 F: 6
				83BBAA C6 3D       DEC $3D       [000EA5] A:0A40 X:1AA8 Y:0008 S:0129 D:0E68 DB:86 nvMxdizc V:  8 H:226 F: 6
				83BBAC 10 9A       BPL $009A     [83BB48] A:0A40 X:1AA8 Y:0008 S:0129 D:0E68 DB:86 NvMxdizc V:  8 H:236 F: 6
				83BBAE 22 D3 82 82 JSL $8282D3   [8282D3] A:0A40 X:1AA8 Y:0008 S:0129 D:0E68 DB:86 NvMxdizc V:  8 H:239 F: 6

					8282D3 C2 30       REP #$30               A:0A40 X:1AA8 Y:0008 S:0126 D:0E68 DB:86 NvMxdizc V:  8 H:252 F: 6
					8282D5 A2 28 19    LDX #$1928             A:0A40 X:1AA8 Y:0008 S:0126 D:0E68 DB:86 Nvmxdizc V:  8 H:257 F: 6
					8282D8 BD 00 00    LDA $0000,X   [861928] A:0A40 X:1928 Y:0008 S:0126 D:0E68 DB:86 nvmxdizc V:  8 H:261 F: 6
					8282DB F0 5E       BEQ $005E     [82833B] A:0101 X:1928 Y:0008 S:0126 D:0E68 DB:86 nvmxdizc V:  8 H:271 F: 6
					8282DD 8A          TXA                    A:0101 X:1928 Y:0008 S:0126 D:0E68 DB:86 nvmxdizc V:  8 H:274 F: 6
					8282DE 18          CLC                    A:1928 X:1928 Y:0008 S:0126 D:0E68 DB:86 nvmxdizc V:  8 H:277 F: 6
					8282DF 69 20 00    ADC #$0020             A:1928 X:1928 Y:0008 S:0126 D:0E68 DB:86 nvmxdizc V:  8 H:280 F: 6
					8282E2 AA          TAX                    A:1948 X:1928 Y:0008 S:0126 D:0E68 DB:86 nvmxdizc V:  8 H:285 F: 6
					8282E3 E0 08 1D    CPX #$1D08             A:1948 X:1948 Y:0008 S:0126 D:0E68 DB:86 nvmxdizc V:  8 H:288 F: 6
					8282E6 90 F0       BCC $00F0     [8282D8] A:1948 X:1948 Y:0008 S:0126 D:0E68 DB:86 Nvmxdizc V:  8 H:292 F: 6
					8282D8 BD 00 00    LDA $0000,X   [861948] A:1948 X:1948 Y:0008 S:0126 D:0E68 DB:86 Nvmxdizc V:  8 H:297 F: 6
					8282DB F0 5E       BEQ $005E     [82833B] A:0101 X:1948 Y:0008 S:0126 D:0E68 DB:86 nvmxdizc V:  8 H:307 F: 6
					8282DD 8A          TXA                    A:0101 X:1948 Y:0008 S:0126 D:0E68 DB:86 nvmxdizc V:  8 H:310 F: 6
					8282DE 18          CLC                    A:1948 X:1948 Y:0008 S:0126 D:0E68 DB:86 nvmxdizc V:  8 H:313 F: 6
					8282DF 69 20 00    ADC #$0020             A:1948 X:1948 Y:0008 S:0126 D:0E68 DB:86 nvmxdizc V:  8 H:316 F: 6
					8282E2 AA          TAX                    A:1968 X:1948 Y:0008 S:0126 D:0E68 DB:86 nvmxdizc V:  8 H:320 F: 6
					8282E3 E0 08 1D    CPX #$1D08             A:1968 X:1968 Y:0008 S:0126 D:0E68 DB:86 nvmxdizc V:  8 H:323 F: 6
					8282E6 90 F0       BCC $00F0     [8282D8] A:1968 X:1968 Y:0008 S:0126 D:0E68 DB:86 Nvmxdizc V:  8 H:327 F: 6
					8282D8 BD 00 00    LDA $0000,X   [861968] A:1968 X:1968 Y:0008 S:0126 D:0E68 DB:86 Nvmxdizc V:  8 H:331 F: 6
					8282DB F0 5E       BEQ $005E     [82833B] A:0101 X:1968 Y:0008 S:0126 D:0E68 DB:86 nvmxdizc V:  9 H:  1 F: 6
					8282DD 8A          TXA                    A:0101 X:1968 Y:0008 S:0126 D:0E68 DB:86 nvmxdizc V:  9 H:  4 F: 6
					8282DE 18          CLC                    A:1968 X:1968 Y:0008 S:0126 D:0E68 DB:86 nvmxdizc V:  9 H:  7 F: 6
					8282DF 69 20 00    ADC #$0020             A:1968 X:1968 Y:0008 S:0126 D:0E68 DB:86 nvmxdizc V:  9 H: 10 F: 6
					8282E2 AA          TAX                    A:1988 X:1968 Y:0008 S:0126 D:0E68 DB:86 nvmxdizc V:  9 H: 15 F: 6
					8282E3 E0 08 1D    CPX #$1D08             A:1988 X:1988 Y:0008 S:0126 D:0E68 DB:86 nvmxdizc V:  9 H: 18 F: 6
					8282E6 90 F0       BCC $00F0     [8282D8] A:1988 X:1988 Y:0008 S:0126 D:0E68 DB:86 Nvmxdizc V:  9 H: 22 F: 6
					8282D8 BD 00 00    LDA $0000,X   [861988] A:1988 X:1988 Y:0008 S:0126 D:0E68 DB:86 Nvmxdizc V:  9 H: 27 F: 6
					8282DB F0 5E       BEQ $005E     [82833B] A:0101 X:1988 Y:0008 S:0126 D:0E68 DB:86 nvmxdizc V:  9 H: 37 F: 6
					8282DD 8A          TXA                    A:0101 X:1988 Y:0008 S:0126 D:0E68 DB:86 nvmxdizc V:  9 H: 40 F: 6
					8282DE 18          CLC                    A:1988 X:1988 Y:0008 S:0126 D:0E68 DB:86 nvmxdizc V:  9 H: 43 F: 6
					8282DF 69 20 00    ADC #$0020             A:1988 X:1988 Y:0008 S:0126 D:0E68 DB:86 nvmxdizc V:  9 H: 46 F: 6
					8282E2 AA          TAX                    A:19A8 X:1988 Y:0008 S:0126 D:0E68 DB:86 nvmxdizc V:  9 H: 50 F: 6
					8282E3 E0 08 1D    CPX #$1D08             A:19A8 X:19A8 Y:0008 S:0126 D:0E68 DB:86 nvmxdizc V:  9 H: 53 F: 6
					8282E6 90 F0       BCC $00F0     [8282D8] A:19A8 X:19A8 Y:0008 S:0126 D:0E68 DB:86 Nvmxdizc V:  9 H: 58 F: 6
					8282D8 BD 00 00    LDA $0000,X   [8619A8] A:19A8 X:19A8 Y:0008 S:0126 D:0E68 DB:86 Nvmxdizc V:  9 H: 62 F: 6
					8282DB F0 5E       BEQ $005E     [82833B] A:0101 X:19A8 Y:0008 S:0126 D:0E68 DB:86 nvmxdizc V:  9 H: 72 F: 6
					8282DD 8A          TXA                    A:0101 X:19A8 Y:0008 S:0126 D:0E68 DB:86 nvmxdizc V:  9 H: 75 F: 6
					8282DE 18          CLC                    A:19A8 X:19A8 Y:0008 S:0126 D:0E68 DB:86 nvmxdizc V:  9 H: 78 F: 6
					8282DF 69 20 00    ADC #$0020             A:19A8 X:19A8 Y:0008 S:0126 D:0E68 DB:86 nvmxdizc V:  9 H: 81 F: 6
					8282E2 AA          TAX                    A:19C8 X:19A8 Y:0008 S:0126 D:0E68 DB:86 nvmxdizc V:  9 H: 86 F: 6
					8282E3 E0 08 1D    CPX #$1D08             A:19C8 X:19C8 Y:0008 S:0126 D:0E68 DB:86 nvmxdizc V:  9 H: 89 F: 6
					8282E6 90 F0       BCC $00F0     [8282D8] A:19C8 X:19C8 Y:0008 S:0126 D:0E68 DB:86 Nvmxdizc V:  9 H: 93 F: 6
					8282D8 BD 00 00    LDA $0000,X   [8619C8] A:19C8 X:19C8 Y:0008 S:0126 D:0E68 DB:86 Nvmxdizc V:  9 H: 98 F: 6
					8282DB F0 5E       BEQ $005E     [82833B] A:0101 X:19C8 Y:0008 S:0126 D:0E68 DB:86 nvmxdizc V:  9 H:108 F: 6
					8282DD 8A          TXA                    A:0101 X:19C8 Y:0008 S:0126 D:0E68 DB:86 nvmxdizc V:  9 H:111 F: 6
					8282DE 18          CLC                    A:19C8 X:19C8 Y:0008 S:0126 D:0E68 DB:86 nvmxdizc V:  9 H:114 F: 6
					8282DF 69 20 00    ADC #$0020             A:19C8 X:19C8 Y:0008 S:0126 D:0E68 DB:86 nvmxdizc V:  9 H:117 F: 6
					8282E2 AA          TAX                    A:19E8 X:19C8 Y:0008 S:0126 D:0E68 DB:86 nvmxdizc V:  9 H:121 F: 6
					8282E3 E0 08 1D    CPX #$1D08             A:19E8 X:19E8 Y:0008 S:0126 D:0E68 DB:86 nvmxdizc V:  9 H:124 F: 6
					8282E6 90 F0       BCC $00F0     [8282D8] A:19E8 X:19E8 Y:0008 S:0126 D:0E68 DB:86 Nvmxdizc V:  9 H:129 F: 6
					8282D8 BD 00 00    LDA $0000,X   [8619E8] A:19E8 X:19E8 Y:0008 S:0126 D:0E68 DB:86 Nvmxdizc V:  9 H:133 F: 6
					8282DB F0 5E       BEQ $005E     [82833B] A:0101 X:19E8 Y:0008 S:0126 D:0E68 DB:86 nvmxdizc V:  9 H:153 F: 6
					8282DD 8A          TXA                    A:0101 X:19E8 Y:0008 S:0126 D:0E68 DB:86 nvmxdizc V:  9 H:156 F: 6
					8282DE 18          CLC                    A:19E8 X:19E8 Y:0008 S:0126 D:0E68 DB:86 nvmxdizc V:  9 H:159 F: 6
					8282DF 69 20 00    ADC #$0020             A:19E8 X:19E8 Y:0008 S:0126 D:0E68 DB:86 nvmxdizc V:  9 H:162 F: 6
					8282E2 AA          TAX                    A:1A08 X:19E8 Y:0008 S:0126 D:0E68 DB:86 nvmxdizc V:  9 H:167 F: 6
					8282E3 E0 08 1D    CPX #$1D08             A:1A08 X:1A08 Y:0008 S:0126 D:0E68 DB:86 nvmxdizc V:  9 H:170 F: 6
					8282E6 90 F0       BCC $00F0     [8282D8] A:1A08 X:1A08 Y:0008 S:0126 D:0E68 DB:86 Nvmxdizc V:  9 H:174 F: 6
					8282D8 BD 00 00    LDA $0000,X   [861A08] A:1A08 X:1A08 Y:0008 S:0126 D:0E68 DB:86 Nvmxdizc V:  9 H:179 F: 6
					8282DB F0 5E       BEQ $005E     [82833B] A:0101 X:1A08 Y:0008 S:0126 D:0E68 DB:86 nvmxdizc V:  9 H:189 F: 6
					8282DD 8A          TXA                    A:0101 X:1A08 Y:0008 S:0126 D:0E68 DB:86 nvmxdizc V:  9 H:192 F: 6
					8282DE 18          CLC                    A:1A08 X:1A08 Y:0008 S:0126 D:0E68 DB:86 nvmxdizc V:  9 H:195 F: 6
					8282DF 69 20 00    ADC #$0020             A:1A08 X:1A08 Y:0008 S:0126 D:0E68 DB:86 nvmxdizc V:  9 H:198 F: 6
					8282E2 AA          TAX                    A:1A28 X:1A08 Y:0008 S:0126 D:0E68 DB:86 nvmxdizc V:  9 H:202 F: 6
					8282E3 E0 08 1D    CPX #$1D08             A:1A28 X:1A28 Y:0008 S:0126 D:0E68 DB:86 nvmxdizc V:  9 H:205 F: 6
					8282E6 90 F0       BCC $00F0     [8282D8] A:1A28 X:1A28 Y:0008 S:0126 D:0E68 DB:86 Nvmxdizc V:  9 H:210 F: 6
					8282D8 BD 00 00    LDA $0000,X   [861A28] A:1A28 X:1A28 Y:0008 S:0126 D:0E68 DB:86 Nvmxdizc V:  9 H:214 F: 6
					8282DB F0 5E       BEQ $005E     [82833B] A:0001 X:1A28 Y:0008 S:0126 D:0E68 DB:86 nvmxdizc V:  9 H:224 F: 6
					8282DD 8A          TXA                    A:0001 X:1A28 Y:0008 S:0126 D:0E68 DB:86 nvmxdizc V:  9 H:227 F: 6
					8282DE 18          CLC                    A:1A28 X:1A28 Y:0008 S:0126 D:0E68 DB:86 nvmxdizc V:  9 H:230 F: 6
					8282DF 69 20 00    ADC #$0020             A:1A28 X:1A28 Y:0008 S:0126 D:0E68 DB:86 nvmxdizc V:  9 H:233 F: 6
					8282E2 AA          TAX                    A:1A48 X:1A28 Y:0008 S:0126 D:0E68 DB:86 nvmxdizc V:  9 H:238 F: 6
					8282E3 E0 08 1D    CPX #$1D08             A:1A48 X:1A48 Y:0008 S:0126 D:0E68 DB:86 nvmxdizc V:  9 H:241 F: 6
					8282E6 90 F0       BCC $00F0     [8282D8] A:1A48 X:1A48 Y:0008 S:0126 D:0E68 DB:86 Nvmxdizc V:  9 H:245 F: 6
					8282D8 BD 00 00    LDA $0000,X   [861A48] A:1A48 X:1A48 Y:0008 S:0126 D:0E68 DB:86 Nvmxdizc V:  9 H:250 F: 6
					8282DB F0 5E       BEQ $005E     [82833B] A:0101 X:1A48 Y:0008 S:0126 D:0E68 DB:86 nvmxdizc V:  9 H:260 F: 6
					8282DD 8A          TXA                    A:0101 X:1A48 Y:0008 S:0126 D:0E68 DB:86 nvmxdizc V:  9 H:263 F: 6
					8282DE 18          CLC                    A:1A48 X:1A48 Y:0008 S:0126 D:0E68 DB:86 nvmxdizc V:  9 H:266 F: 6
					8282DF 69 20 00    ADC #$0020             A:1A48 X:1A48 Y:0008 S:0126 D:0E68 DB:86 nvmxdizc V:  9 H:269 F: 6
					8282E2 AA          TAX                    A:1A68 X:1A48 Y:0008 S:0126 D:0E68 DB:86 nvmxdizc V:  9 H:273 F: 6
					8282E3 E0 08 1D    CPX #$1D08             A:1A68 X:1A68 Y:0008 S:0126 D:0E68 DB:86 nvmxdizc V:  9 H:276 F: 6
					8282E6 90 F0       BCC $00F0     [8282D8] A:1A68 X:1A68 Y:0008 S:0126 D:0E68 DB:86 Nvmxdizc V:  9 H:281 F: 6
					8282D8 BD 00 00    LDA $0000,X   [861A68] A:1A68 X:1A68 Y:0008 S:0126 D:0E68 DB:86 Nvmxdizc V:  9 H:285 F: 6
					8282DB F0 5E       BEQ $005E     [82833B] A:0001 X:1A68 Y:0008 S:0126 D:0E68 DB:86 nvmxdizc V:  9 H:295 F: 6
					8282DD 8A          TXA                    A:0001 X:1A68 Y:0008 S:0126 D:0E68 DB:86 nvmxdizc V:  9 H:298 F: 6
					8282DE 18          CLC                    A:1A68 X:1A68 Y:0008 S:0126 D:0E68 DB:86 nvmxdizc V:  9 H:301 F: 6
					8282DF 69 20 00    ADC #$0020             A:1A68 X:1A68 Y:0008 S:0126 D:0E68 DB:86 nvmxdizc V:  9 H:304 F: 6
					8282E2 AA          TAX                    A:1A88 X:1A68 Y:0008 S:0126 D:0E68 DB:86 nvmxdizc V:  9 H:309 F: 6
					8282E3 E0 08 1D    CPX #$1D08             A:1A88 X:1A88 Y:0008 S:0126 D:0E68 DB:86 nvmxdizc V:  9 H:312 F: 6
					8282E6 90 F0       BCC $00F0     [8282D8] A:1A88 X:1A88 Y:0008 S:0126 D:0E68 DB:86 Nvmxdizc V:  9 H:316 F: 6
					8282D8 BD 00 00    LDA $0000,X   [861A88] A:1A88 X:1A88 Y:0008 S:0126 D:0E68 DB:86 Nvmxdizc V:  9 H:321 F: 6
					8282DB F0 5E       BEQ $005E     [82833B] A:0001 X:1A88 Y:0008 S:0126 D:0E68 DB:86 nvmxdizc V:  9 H:330 F: 6
					8282DD 8A          TXA                    A:0001 X:1A88 Y:0008 S:0126 D:0E68 DB:86 nvmxdizc V:  9 H:333 F: 6
					8282DE 18          CLC                    A:1A88 X:1A88 Y:0008 S:0126 D:0E68 DB:86 nvmxdizc V:  9 H:336 F: 6
					8282DF 69 20 00    ADC #$0020             A:1A88 X:1A88 Y:0008 S:0126 D:0E68 DB:86 nvmxdizc V:  9 H:339 F: 6
					8282E2 AA          TAX                    A:1AA8 X:1A88 Y:0008 S:0126 D:0E68 DB:86 nvmxdizc V: 10 H:  3 F: 6
					8282E3 E0 08 1D    CPX #$1D08             A:1AA8 X:1AA8 Y:0008 S:0126 D:0E68 DB:86 nvmxdizc V: 10 H:  6 F: 6
					8282E6 90 F0       BCC $00F0     [8282D8] A:1AA8 X:1AA8 Y:0008 S:0126 D:0E68 DB:86 Nvmxdizc V: 10 H: 11 F: 6
					8282D8 BD 00 00    LDA $0000,X   [861AA8] A:1AA8 X:1AA8 Y:0008 S:0126 D:0E68 DB:86 Nvmxdizc V: 10 H: 15 F: 6
					8282DB F0 5E       BEQ $005E     [82833B] A:0001 X:1AA8 Y:0008 S:0126 D:0E68 DB:86 nvmxdizc V: 10 H: 25 F: 6
					8282DD 8A          TXA                    A:0001 X:1AA8 Y:0008 S:0126 D:0E68 DB:86 nvmxdizc V: 10 H: 28 F: 6
					8282DE 18          CLC                    A:1AA8 X:1AA8 Y:0008 S:0126 D:0E68 DB:86 nvmxdizc V: 10 H: 31 F: 6
					8282DF 69 20 00    ADC #$0020             A:1AA8 X:1AA8 Y:0008 S:0126 D:0E68 DB:86 nvmxdizc V: 10 H: 34 F: 6
					8282E2 AA          TAX                    A:1AC8 X:1AA8 Y:0008 S:0126 D:0E68 DB:86 nvmxdizc V: 10 H: 39 F: 6
					8282E3 E0 08 1D    CPX #$1D08             A:1AC8 X:1AC8 Y:0008 S:0126 D:0E68 DB:86 nvmxdizc V: 10 H: 42 F: 6
					8282E6 90 F0       BCC $00F0     [8282D8] A:1AC8 X:1AC8 Y:0008 S:0126 D:0E68 DB:86 Nvmxdizc V: 10 H: 46 F: 6
					8282D8 BD 00 00    LDA $0000,X   [861AC8] A:1AC8 X:1AC8 Y:0008 S:0126 D:0E68 DB:86 Nvmxdizc V: 10 H: 51 F: 6
					8282DB F0 5E       BEQ $005E     [82833B] A:0000 X:1AC8 Y:0008 S:0126 D:0E68 DB:86 nvmxdiZc V: 10 H: 61 F: 6
					82833B E2 22       SEP #$22               A:0000 X:1AC8 Y:0008 S:0126 D:0E68 DB:86 nvmxdiZc V: 10 H: 65 F: 6
					82833D 6B          RTL                    A:0000 X:1AC8 Y:0008 S:0126 D:0E68 DB:86 nvMxdiZc V: 10 H: 70 F: 6

				83BBB2 D0 1C       BNE $001C     [83BBD0] A:0000 X:1AC8 Y:0008 S:0129 D:0E68 DB:86 nvMxdiZc V: 10 H: 80 F: 6
				83BBB4 FE 00 00    INC $0000,X   [861AC8] A:0000 X:1AC8 Y:0008 S:0129 D:0E68 DB:86 nvMxdiZc V: 10 H: 83 F: 6
				83BBB7 A9 22       LDA #$22               A:0000 X:1AC8 Y:0008 S:0129 D:0E68 DB:86 nvMxdizc V: 10 H: 95 F: 6
				83BBB9 9D 0A 00    STA $000A,X   [861AD2] A:0022 X:1AC8 Y:0008 S:0129 D:0E68 DB:86 nvMxdizc V: 10 H: 98 F: 6
				83BBBC 9E 0B 00    STZ $000B,X   [861AD3] A:0022 X:1AC8 Y:0008 S:0129 D:0E68 DB:86 nvMxdizc V: 10 H:106 F: 6
				83BBBF 9E 11 00    STZ $0011,X   [861AD9] A:0022 X:1AC8 Y:0008 S:0129 D:0E68 DB:86 nvMxdizc V: 10 H:114 F: 6
				83BBC2 C2 20       REP #$20               A:0022 X:1AC8 Y:0008 S:0129 D:0E68 DB:86 nvMxdizc V: 10 H:122 F: 6
				83BBC4 AD 00 00    LDA $0000     [860000] A:0022 X:1AC8 Y:0008 S:0129 D:0E68 DB:86 nvmxdizc V: 10 H:126 F: 6
				83BBC7 9D 05 00    STA $0005,X   [861ACD] A:149C X:1AC8 Y:0008 S:0129 D:0E68 DB:86 nvmxdizc V: 10 H:145 F: 6
				83BBCA AD 02 00    LDA $0002     [860002] A:149C X:1AC8 Y:0008 S:0129 D:0E68 DB:86 nvmxdizc V: 10 H:155 F: 6
				83BBCD 9D 08 00    STA $0008,X   [861AD0] A:0AB2 X:1AC8 Y:0008 S:0129 D:0E68 DB:86 nvmxdizc V: 10 H:163 F: 6
				83BBD0 28          PLP                    A:0AB2 X:1AC8 Y:0008 S:0129 D:0E68 DB:86 nvmxdizc V: 10 H:173 F: 6
				83BBD1 60          RTS                    A:0AB2 X:00C8 Y:0008 S:012A D:0E68 DB:86 nvmXdizc V: 10 H:180 F: 6

			83B53D E2 20       SEP #$20               A:0AB2 X:00C8 Y:0008 S:012C D:0E68 DB:86 nvmXdizc V: 10 H:190 F: 6
			83B53F A9 48       LDA #$48               A:0AB2 X:00C8 Y:0008 S:012C D:0E68 DB:86 nvMXdizc V: 10 H:194 F: 6
			83B541 22 A2 88 80 JSL $8088A2   [8088A2] A:0A48 X:00C8 Y:0008 S:012C D:0E68 DB:86 nvMXdizc V: 10 H:197 F: 6		JSL $8088A2 --> Play Sound Effect (A = Sound Effect ID)

				8088A2 DA          PHX                    A:0A48 X:00C8 Y:0008 S:0129 D:0E68 DB:86 nvMXdizc V: 10 H:211 F: 6
				8088A3 5A          PHY                    A:0A48 X:00C8 Y:0008 S:0128 D:0E68 DB:86 nvMXdizc V: 10 H:216 F: 6
				8088A4 08          PHP                    A:0A48 X:00C8 Y:0008 S:0127 D:0E68 DB:86 nvMXdizc V: 10 H:221 F: 6
				8088A5 C2 20       REP #$20               A:0A48 X:00C8 Y:0008 S:0126 D:0E68 DB:86 nvMXdizc V: 10 H:226 F: 6
				8088A7 E2 10       SEP #$10               A:0A48 X:00C8 Y:0008 S:0126 D:0E68 DB:86 nvmXdizc V: 10 H:230 F: 6
				8088A9 48          PHA                    A:0A48 X:00C8 Y:0008 S:0126 D:0E68 DB:86 nvmXdizc V: 10 H:235 F: 6
				8088AA A5 05       LDA $05       [000E6D] A:0A48 X:00C8 Y:0008 S:0124 D:0E68 DB:86 nvmXdizc V: 10 H:242 F: 6
				8088AC 38          SEC                    A:149C X:00C8 Y:0008 S:0124 D:0E68 DB:86 nvmXdizc V: 10 H:250 F: 6
				8088AD ED AD 0B    SBC $0BAD     [860BAD] A:149C X:00C8 Y:0008 S:0124 D:0E68 DB:86 nvmXdizC V: 10 H:253 F: 6
				8088B0 10 0E       BPL $000E     [8088C0] A:0085 X:00C8 Y:0008 S:0124 D:0E68 DB:86 nvmXdizC V: 10 H:262 F: 6
				8088C0 4A          LSR A                  A:0085 X:00C8 Y:0008 S:0124 D:0E68 DB:86 nvmXdizC V: 10 H:266 F: 6
				8088C1 C9 7F 00    CMP #$007F             A:0042 X:00C8 Y:0008 S:0124 D:0E68 DB:86 nvmXdizC V: 10 H:269 F: 6
				8088C4 30 03       BMI $0003     [8088C9] A:0042 X:00C8 Y:0008 S:0124 D:0E68 DB:86 NvmXdizc V: 10 H:274 F: 6
				8088C9 A8          TAY                    A:0042 X:00C8 Y:0008 S:0124 D:0E68 DB:86 NvmXdizc V: 10 H:278 F: 6
				8088CA 68          PLA                    A:0042 X:00C8 Y:0042 S:0124 D:0E68 DB:86 nvmXdizc V: 10 H:281 F: 6
				8088CB 80 07       BRA $0007     [8088D4] A:0A48 X:00C8 Y:0042 S:0126 D:0E68 DB:86 nvmXdizc V: 10 H:290 F: 6
				8088D4 E2 31       SEP #$31               A:0A48 X:00C8 Y:0042 S:0126 D:0E68 DB:86 nvmXdizc V: 10 H:294 F: 6
				8088D6 AE A3 0B    LDX $0BA3     [860BA3] A:0A48 X:00C8 Y:0042 S:0126 D:0E68 DB:86 nvMXdizC V: 10 H:299 F: 6
				8088D9 9D 72 0B    STA $0B72,X   [860B7C] A:0A48 X:000A Y:0042 S:0126 D:0E68 DB:86 nvMXdizC V: 10 H:305 F: 6
				8088DC 98          TYA                    A:0A48 X:000A Y:0042 S:0126 D:0E68 DB:86 nvMXdizC V: 10 H:313 F: 6
				8088DD 9D 73 0B    STA $0B73,X   [860B7D] A:0A42 X:000A Y:0042 S:0126 D:0E68 DB:86 nvMXdizC V: 10 H:316 F: 6
				8088E0 E8          INX                    A:0A42 X:000A Y:0042 S:0126 D:0E68 DB:86 nvMXdizC V: 10 H:324 F: 6
				8088E1 E8          INX                    A:0A42 X:000B Y:0042 S:0126 D:0E68 DB:86 nvMXdizC V: 10 H:327 F: 6
				8088E2 8A          TXA                    A:0A42 X:000C Y:0042 S:0126 D:0E68 DB:86 nvMXdizC V: 10 H:329 F: 6
				8088E3 29 1E       AND #$1E               A:0A0C X:000C Y:0042 S:0126 D:0E68 DB:86 nvMXdizC V: 10 H:332 F: 6
				8088E5 8D A3 0B    STA $0BA3     [860BA3] A:0A0C X:000C Y:0042 S:0126 D:0E68 DB:86 nvMXdizC V: 10 H:335 F: 6
				8088E8 28          PLP                    A:0A0C X:000C Y:0042 S:0126 D:0E68 DB:86 nvMXdizC V: 11 H:  2 F: 6
				8088E9 7A          PLY                    A:0A0C X:000C Y:0042 S:0127 D:0E68 DB:86 nvMXdizc V: 11 H:  8 F: 6
				8088EA FA          PLX                    A:0A0C X:000C Y:0008 S:0128 D:0E68 DB:86 nvMXdizc V: 11 H: 15 F: 6
				8088EB 6B          RTL                    A:0A0C X:00C8 Y:0008 S:0129 D:0E68 DB:86 NvMXdizc V: 11 H: 21 F: 6

			83B545 4C FE B9    JMP $B9FE     [83B9FE] A:0A0C X:00C8 Y:0008 S:012C D:0E68 DB:86 NvMXdizc V: 11 H: 32 F: 6		JMP $83B9FE --> End Roll Charge

			83B9FE C2 20       REP #$20               A:0A0C X:00C8 Y:0008 S:012C D:0E68 DB:86 NvMXdizc V: 11 H: 36 F: 6
			83BA00 A9 00 01    LDA #$0100             A:0A0C X:00C8 Y:0008 S:012C D:0E68 DB:86 NvmXdizc V: 11 H: 41 F: 6		A = #$0100 (#$FF00 because E-X-Vel high byte is not positive)
			83BA03 A6 1B       LDX $1B       [000E83] A:0100 X:00C8 Y:0008 S:012C D:0E68 DB:86 nvmXdizc V: 11 H: 45 F: 6
			83BA05 10 03       BPL $0003     [83BA0A] A:0100 X:00FB Y:0008 S:012C D:0E68 DB:86 NvmXdizc V: 11 H: 52 F: 6		Branch if E-X-Vel is positive
			83BA07 A9 00 FF    LDA #$FF00             A:0100 X:00FB Y:0008 S:012C D:0E68 DB:86 NvmXdizc V: 11 H: 55 F: 6
			83BA0A 85 1A       STA $1A       [000E82] A:FF00 X:00FB Y:0008 S:012C D:0E68 DB:86 NvmXdizc V: 11 H: 59 F: 6		Store E-X-Vel
			83BA0C A9 06 05    LDA #$0506             A:FF00 X:00FB Y:0008 S:012C D:0E68 DB:86 NvmXdizc V: 11 H: 68 F: 6
			83BA0F 85 1C       STA $1C       [000E84] A:0506 X:00FB Y:0008 S:012C D:0E68 DB:86 nvmXdizc V: 11 H: 72 F: 6		E-Y-Vel = #$0506
			83BA11 E2 20       SEP #$20               A:0506 X:00FB Y:0008 S:012C D:0E68 DB:86 nvmXdizc V: 11 H: 81 F: 6
			83BA13 A9 0C       LDA #$0C               A:0506 X:00FB Y:0008 S:012C D:0E68 DB:86 nvMXdizc V: 11 H: 85 F: 6		Subaction = #$0C
			83BA15 85 03       STA $03       [000E6B] A:050C X:00FB Y:0008 S:012C D:0E68 DB:86 nvMXdizc V: 11 H: 88 F: 6
			83BA17 A9 80       LDA #$80               A:050C X:00FB Y:0008 S:012C D:0E68 DB:86 nvMXdizc V: 11 H: 95 F: 6
			83BA19 14 37       TRB $37       [000E9F] A:0580 X:00FB Y:0008 S:012C D:0E68 DB:86 NvMXdizc V: 11 H: 98 F: 6		E-$37: Reset 80 bit
			83BA1B A9 04       LDA #$04               A:0580 X:00FB Y:0008 S:012C D:0E68 DB:86 NvMXdizc V: 11 H:108 F: 6		a = A = #$04
			83BA1D 4C C8 B9    JMP $B9C8     [83B9C8] A:0504 X:00FB Y:0008 S:012C D:0E68 DB:86 nvMXdizc V: 11 H:111 F: 6		JMP $83B9C8 --> Armadillo CDSkeleton Load

			83B9C8 08          PHP                    A:0504 X:00FB Y:0008 S:012C D:0E68 DB:86 nvMXdizc V: 11 H:115 F: 6
			83B9C9 E2 30       SEP #$30               A:0504 X:00FB Y:0008 S:012B D:0E68 DB:86 nvMXdizc V: 11 H:120 F: 6
			83B9CB C9 0B       CMP #$0B               A:0504 X:00FB Y:0008 S:012B D:0E68 DB:86 nvMXdizc V: 11 H:125 F: 6
			83B9CD F0 1B       BEQ $001B     [83B9EA] A:0504 X:00FB Y:0008 S:012B D:0E68 DB:86 NvMXdizc V: 11 H:128 F: 6		Branch if A = #$0B
			83B9CF A6 33       LDX $33       [000E9B] A:0504 X:00FB Y:0008 S:012B D:0E68 DB:86 NvMXdizc V: 11 H:131 F: 6
			83B9D1 F0 03       BEQ $0003     [83B9D6] A:0504 X:0000 Y:0008 S:012B D:0E68 DB:86 nvMXdiZc V: 11 H:147 F: 6		Branch because E-$33 = #$00
			83B9D6 AA          TAX                    A:0504 X:0000 Y:0008 S:012B D:0E68 DB:86 nvMXdiZc V: 11 H:152 F: 6		X = a = #$04
			83B9D7 BD 5D C9    LDA $C95D,X   [86C961] A:0504 X:0004 Y:0008 S:012B D:0E68 DB:86 nvMXdizc V: 11 H:155 F: 6		A = [86C95D,a] = [86C961] = #$0A
			83B9DA A2 62       LDX #$62               A:050A X:0004 Y:0008 S:012B D:0E68 DB:86 nvMXdizc V: 11 H:161 F: 6		|Countpointer = #$62
			83B9DC 86 16       STX $16       [000E7E] A:050A X:0062 Y:0008 S:012B D:0E68 DB:86 nvMXdizc V: 11 H:164 F: 6		|
			83B9DE 22 07 8F 84 JSL $848F07   [848F07] A:050A X:0062 Y:0008 S:012B D:0E68 DB:86 nvMXdizc V: 11 H:170 F: 6		JSL $848F07 --> Skeleton Load (SkelPoint = #$62, A=#$09)

				848F07 08          PHP                    A:050A X:0062 Y:0008 S:0128 D:0E68 DB:86 nvMXdizc V: 11 H:184 F: 6
				848F08 8B          PHB                    A:050A X:0062 Y:0008 S:0127 D:0E68 DB:86 nvMXdizc V: 11 H:189 F: 6
				848F09 C2 30       REP #$30               A:050A X:0062 Y:0008 S:0126 D:0E68 DB:86 nvMXdizc V: 11 H:194 F: 6
				848F0B 8D 0E 00    STA $000E     [86000E] A:050A X:0062 Y:0008 S:0126 D:0E68 DB:86 nvmxdizc V: 11 H:198 F: 6
				848F0E A5 16       LDA $16       [000E7E] A:050A X:0062 Y:0008 S:0126 D:0E68 DB:86 nvmxdizc V: 11 H:207 F: 6
				848F10 29 FF 00    AND #$00FF             A:8262 X:0062 Y:0008 S:0126 D:0E68 DB:86 Nvmxdizc V: 11 H:215 F: 6
				848F13 8D 0C 00    STA $000C     [86000C] A:0062 X:0062 Y:0008 S:0126 D:0E68 DB:86 nvmxdizc V: 11 H:220 F: 6
				848F16 0A          ASL A                  A:0062 X:0062 Y:0008 S:0126 D:0E68 DB:86 nvmxdizc V: 11 H:228 F: 6
				848F17 18          CLC                    A:00C4 X:0062 Y:0008 S:0126 D:0E68 DB:86 nvmxdizc V: 11 H:231 F: 6
				848F18 6D 0C 00    ADC $000C     [86000C] A:00C4 X:0062 Y:0008 S:0126 D:0E68 DB:86 nvmxdizc V: 11 H:234 F: 6
				848F1B AA          TAX                    A:0126 X:0062 Y:0008 S:0126 D:0E68 DB:86 nvmxdizc V: 11 H:243 F: 6
				848F1C BF 00 A0 AF LDA $AFA000,X [AFA126] A:0126 X:0126 Y:0008 S:0126 D:0E68 DB:86 nvmxdizc V: 11 H:246 F: 6
				848F20 85 14       STA $14       [000E7C] A:CCB8 X:0126 Y:0008 S:0126 D:0E68 DB:86 Nvmxdizc V: 11 H:255 F: 6
				848F22 E2 20       SEP #$20               A:CCB8 X:0126 Y:0008 S:0126 D:0E68 DB:86 Nvmxdizc V: 11 H:263 F: 6
				848F24 BF 02 A0 AF LDA $AFA002,X [AFA128] A:CCB8 X:0126 Y:0008 S:0126 D:0E68 DB:86 NvMxdizc V: 11 H:268 F: 6
				848F28 48          PHA                    A:CCAF X:0126 Y:0008 S:0126 D:0E68 DB:86 NvMxdizc V: 11 H:275 F: 6
				848F29 AB          PLB                    A:CCAF X:0126 Y:0008 S:0125 D:0E68 DB:86 NvMxdizc V: 11 H:280 F: 6
				848F2A C2 20       REP #$20               A:CCAF X:0126 Y:0008 S:0126 D:0E68 DB:AF NvMxdizc V: 11 H:287 F: 6
				848F2C AD 0E 00    LDA $000E     [AF000E] A:CCAF X:0126 Y:0008 S:0126 D:0E68 DB:AF Nvmxdizc V: 11 H:291 F: 6
				848F2F 29 FF 00    AND #$00FF             A:050A X:0126 Y:0008 S:0126 D:0E68 DB:AF nvmxdizc V: 11 H:300 F: 6
				848F32 0A          ASL A                  A:000A X:0126 Y:0008 S:0126 D:0E68 DB:AF nvmxdizc V: 11 H:304 F: 6
				848F33 A8          TAY                    A:0014 X:0126 Y:0008 S:0126 D:0E68 DB:AF nvmxdizc V: 11 H:307 F: 6
				848F34 B1 14       LDA ($14),Y   [AFCCCC] A:0014 X:0126 Y:0014 S:0126 D:0E68 DB:AF nvmxdizc V: 11 H:310 F: 6
				848F36 65 14       ADC $14       [000E7C] A:00AB X:0126 Y:0014 S:0126 D:0E68 DB:AF nvmxdizc V: 11 H:323 F: 6
				848F38 85 14       STA $14       [000E7C] A:CD63 X:0126 Y:0014 S:0126 D:0E68 DB:AF Nvmxdizc V: 11 H:331 F: 6
				848F3A E2 30       SEP #$30               A:CD63 X:0126 Y:0014 S:0126 D:0E68 DB:AF Nvmxdizc V: 11 H:339 F: 6
				848F3C B2 14       LDA ($14)     [AFCD63] A:CD63 X:0026 Y:0014 S:0126 D:0E68 DB:AF NvMXdizc V: 12 H:  4 F: 6	Skeleton start: [AFCD63]
				848F3E 85 13       STA $13       [000E7B] A:CD10 X:0026 Y:0014 S:0126 D:0E68 DB:AF nvMXdizc V: 12 H: 14 F: 6
				848F40 A0 01       LDY #$01               A:CD10 X:0026 Y:0014 S:0126 D:0E68 DB:AF nvMXdizc V: 12 H: 20 F: 6
				848F42 B1 14       LDA ($14),Y   [AFCD64] A:CD10 X:0026 Y:0001 S:0126 D:0E68 DB:AF nvMXdizc V: 12 H: 23 F: 6
				848F44 85 0F       STA $0F       [000E77] A:CD00 X:0026 Y:0001 S:0126 D:0E68 DB:AF nvMXdiZc V: 12 H: 33 F: 6
				848F46 C8          INY                    A:CD00 X:0026 Y:0001 S:0126 D:0E68 DB:AF nvMXdiZc V: 12 H: 40 F: 6
				848F47 B1 14       LDA ($14),Y   [AFCD65] A:CD00 X:0026 Y:0002 S:0126 D:0E68 DB:AF nvMXdizc V: 12 H: 43 F: 6
				848F49 85 17       STA $17       [000E7F] A:CD12 X:0026 Y:0002 S:0126 D:0E68 DB:AF nvMXdizc V: 12 H: 53 F: 6
				848F4B A9 80       LDA #$80               A:CD12 X:0026 Y:0002 S:0126 D:0E68 DB:AF nvMXdizc V: 12 H: 59 F: 6
				848F4D 04 17       TSB $17       [000E7F] A:CD80 X:0026 Y:0002 S:0126 D:0E68 DB:AF NvMXdizc V: 12 H: 62 F: 6
				848F4F AB          PLB                    A:CD80 X:0026 Y:0002 S:0126 D:0E68 DB:AF NvMXdiZc V: 12 H: 72 F: 6
				848F50 28          PLP                    A:CD80 X:0026 Y:0002 S:0127 D:0E68 DB:86 NvMXdizc V: 12 H: 79 F: 6
				848F51 6B          RTL                    A:CD80 X:0026 Y:0002 S:0128 D:0E68 DB:86 nvMXdizc V: 12 H: 85 F: 6

			83B9E2 A9 01       LDA #$01               A:CD80 X:0026 Y:0002 S:012B D:0E68 DB:86 nvMXdizc V: 12 H: 96 F: 6		E-Status: Set bit 01
			83B9E4 04 11       TSB $11       [000E79] A:CD01 X:0026 Y:0002 S:012B D:0E68 DB:86 nvMXdizc V: 12 H: 99 F: 6
			83B9E6 64 18       STZ $18       [000E80] A:CD01 X:0026 Y:0002 S:012B D:0E68 DB:86 nvMXdiZc V: 12 H:109 F: 6		E-$18 = #$00
			83B9E8 28          PLP                    A:CD01 X:0026 Y:0002 S:012B D:0E68 DB:86 nvMXdiZc V: 12 H:115 F: 6
			83B9E9 60          RTS                    A:CD01 X:0026 Y:0002 S:012C D:0E68 DB:86 nvMXdizc V: 12 H:122 F: 6		Return

		83B2ED A5 27       LDA $27       [000E8F] A:CD01 X:0026 Y:0002 S:012E D:0E68 DB:86 nvMXdizc V: 12 H:132 F: 6
