80D4F6 20 30 D5    JSR $D530     [80D530] A:0E01 X:0000 Y:0046 S:0133 D:0E68 DB:86 nvMXdizC V:247 H:205 F:32

	80D530 C2 20       REP #$20               A:0E01 X:0000 Y:0046 S:0131 D:0E68 DB:86 nvMXdizC V:247 H:215 F:32
	80D532 A5 05       LDA $05       [000E6D] A:0E01 X:0000 Y:0046 S:0131 D:0E68 DB:86 nvmXdizC V:247 H:220 F:32
	80D534 85 22       STA $22       [000E8A] A:14A0 X:0000 Y:0046 S:0131 D:0E68 DB:86 nvmXdizC V:247 H:228 F:32
	80D536 A5 08       LDA $08       [000E70] A:14A0 X:0000 Y:0046 S:0131 D:0E68 DB:86 nvmXdizC V:247 H:237 F:32
	80D538 85 24       STA $24       [000E8C] A:0A9C X:0000 Y:0046 S:0131 D:0E68 DB:86 nvmXdizC V:247 H:245 F:32
	80D53A E2 20       SEP #$20               A:0A9C X:0000 Y:0046 S:0131 D:0E68 DB:86 nvmXdizC V:247 H:254 F:32
	80D53C A9 80       LDA #$80               A:0A9C X:0000 Y:0046 S:0131 D:0E68 DB:86 nvMXdizC V:247 H:258 F:32
	80D53E 14 0E       TRB $0E       [000E76] A:0A80 X:0000 Y:0046 S:0131 D:0E68 DB:86 NvMXdizC V:247 H:261 F:32
	80D540 A5 0A       LDA $0A       [000E72] A:0A80 X:0000 Y:0046 S:0131 D:0E68 DB:86 NvMXdizC V:247 H:271 F:32
	80D542 0A          ASL A                  A:0A14 X:0000 Y:0046 S:0131 D:0E68 DB:86 nvMXdizC V:247 H:278 F:32
	80D543 AA          TAX                    A:0A28 X:0000 Y:0046 S:0131 D:0E68 DB:86 nvMXdizc V:247 H:281 F:32
	80D544 7C DD F8    JMP ($F8DD,X) [80F905] A:0A28 X:0028 Y:0046 S:0131 D:0E68 DB:86 nvMXdizc V:247 H:284 F:32

	80FA15 22 44 B1 83 JSL $83B144   [83B144] A:0A28 X:0028 Y:0046 S:0131 D:0E68 DB:86 nvMXdizc V:247 H:293 F:32

		83B144 A6 01       LDX $01       [000E69] A:0A28 X:0028 Y:0046 S:012E D:0E68 DB:86 nvMXdizc V:247 H:306 F:32
		83B146 7C 49 B1    JMP ($B149,X) [83B14D] A:0A28 X:0004 Y:0046 S:012E D:0E68 DB:86 nvMXdizc V:247 H:313 F:32

		83B2E8 A6 02       LDX $02       [000E6A] A:0A28 X:0004 Y:0046 S:012E D:0E68 DB:86 nvMXdizc V:247 H:322 F:32
		83B2EA FC DA B3    JSR ($B3DA,X) [83B3DA] A:0A28 X:0000 Y:0046 S:012E D:0E68 DB:86 nvMXdiZc V:247 H:327 F:32

			83B3E4 A6 03       LDX $03       [000E6B] A:0A28 X:0000 Y:0046 S:012C D:0E68 DB:86 nvMXdiZc V:248 H:  0 F:32
			83B3E6 7C E9 B3    JMP ($B3E9,X) [83B3F3] A:0A28 X:000A Y:0046 S:012C D:0E68 DB:86 nvMXdizc V:248 H:  7 F:32

			83B4FE A9 40       LDA #$40               A:0A28 X:000A Y:0046 S:012C D:0E68 DB:86 nvMXdizc V:248 H: 16 F:32		|Update Facing based on E-X-Vel
			83B500 14 11       TRB $11       [000E79] A:0A40 X:000A Y:0046 S:012C D:0E68 DB:86 nvMXdizc V:248 H: 19 F:32		|
			83B502 A5 1B       LDA $1B       [000E83] A:0A40 X:000A Y:0046 S:012C D:0E68 DB:86 nvMXdiZc V:248 H: 29 F:32		|
			83B504 29 80       AND #$80               A:0AFB X:000A Y:0046 S:012C D:0E68 DB:86 NvMXdizc V:248 H: 35 F:32		|
			83B506 4A          LSR A                  A:0A80 X:000A Y:0046 S:012C D:0E68 DB:86 NvMXdizc V:248 H: 38 F:32		|
			83B507 49 40       EOR #$40               A:0A40 X:000A Y:0046 S:012C D:0E68 DB:86 nvMXdizc V:248 H: 41 F:32		|
			83B509 04 11       TSB $11       [000E79] A:0A00 X:000A Y:0046 S:012C D:0E68 DB:86 nvMXdiZc V:248 H: 44 F:32		|
			83B50B 22 0A 82 82 JSL $82820A   [82820A] A:0A00 X:000A Y:0046 S:012C D:0E68 DB:86 nvMXdiZc V:248 H: 54 F:32		JSL $82820A --> Update X-Pos, Y-Pos

				82820A 08          PHP                    A:0A00 X:000A Y:0046 S:0129 D:0E68 DB:86 nvMXdiZc V:248 H: 68 F:32
				82820B C2 21       REP #$21               A:0A00 X:000A Y:0046 S:0128 D:0E68 DB:86 nvMXdiZc V:248 H: 73 F:32
				82820D A5 04       LDA $04       [000E6C] A:0A00 X:000A Y:0046 S:0128 D:0E68 DB:86 nvmXdiZc V:248 H: 77 F:32
				82820F 65 1A       ADC $1A       [000E82] A:A0D4 X:000A Y:0046 S:0128 D:0E68 DB:86 NvmXdizc V:248 H: 86 F:32
				828211 85 04       STA $04       [000E6C] A:9C99 X:000A Y:0046 S:0128 D:0E68 DB:86 NvmXdizC V:248 H: 94 F:32
				828213 E2 20       SEP #$20               A:9C99 X:000A Y:0046 S:0128 D:0E68 DB:86 NvmXdizC V:248 H:103 F:32
				828215 A9 00       LDA #$00               A:9C99 X:000A Y:0046 S:0128 D:0E68 DB:86 NvMXdizC V:248 H:107 F:32
				828217 24 1B       BIT $1B       [000E83] A:9C00 X:000A Y:0046 S:0128 D:0E68 DB:86 nvMXdiZC V:248 H:110 F:32
				828219 10 01       BPL $0001     [82821C] A:9C00 X:000A Y:0046 S:0128 D:0E68 DB:86 NVMXdiZC V:248 H:117 F:32
				82821B 3A          DEC                    A:9C00 X:000A Y:0046 S:0128 D:0E68 DB:86 NVMXdiZC V:248 H:120 F:32
				82821C 65 06       ADC $06       [000E6E] A:9CFF X:000A Y:0046 S:0128 D:0E68 DB:86 NVMXdizC V:248 H:123 F:32
				82821E 85 06       STA $06       [000E6E] A:9C14 X:000A Y:0046 S:0128 D:0E68 DB:86 nvMXdizC V:248 H:129 F:32
				828220 C2 20       REP #$20               A:9C14 X:000A Y:0046 S:0128 D:0E68 DB:86 nvMXdizC V:248 H:146 F:32
				828222 38          SEC                    A:9C14 X:000A Y:0046 S:0128 D:0E68 DB:86 nvmXdizC V:248 H:150 F:32
				828223 A5 07       LDA $07       [000E6F] A:9C14 X:000A Y:0046 S:0128 D:0E68 DB:86 nvmXdizC V:248 H:153 F:32
				828225 E5 1C       SBC $1C       [000E84] A:9C34 X:000A Y:0046 S:0128 D:0E68 DB:86 NvmXdizC V:248 H:162 F:32
				828227 85 07       STA $07       [000E6F] A:A06F X:000A Y:0046 S:0128 D:0E68 DB:86 NvmXdizc V:248 H:170 F:32
				828229 E2 20       SEP #$20               A:A06F X:000A Y:0046 S:0128 D:0E68 DB:86 NvmXdizc V:248 H:179 F:32
				82822B 9C 00 00    STZ $0000     [860000] A:A06F X:000A Y:0046 S:0128 D:0E68 DB:86 NvMXdizc V:248 H:183 F:32
				82822E 24 1D       BIT $1D       [000E85] A:A06F X:000A Y:0046 S:0128 D:0E68 DB:86 NvMXdizc V:248 H:190 F:32
				828230 10 03       BPL $0003     [828235] A:A06F X:000A Y:0046 S:0128 D:0E68 DB:86 NVMXdizc V:248 H:196 F:32
				828232 CE 00 00    DEC $0000     [860000] A:A06F X:000A Y:0046 S:0128 D:0E68 DB:86 NVMXdizc V:248 H:199 F:32
				828235 A5 09       LDA $09       [000E71] A:A06F X:000A Y:0046 S:0128 D:0E68 DB:86 NVMXdizc V:248 H:209 F:32
				828237 ED 00 00    SBC $0000     [860000] A:A00A X:000A Y:0046 S:0128 D:0E68 DB:86 nVMXdizc V:248 H:216 F:32
				82823A 85 09       STA $09       [000E71] A:A00A X:000A Y:0046 S:0128 D:0E68 DB:86 nvMXdizc V:248 H:222 F:32
				82823C 28          PLP                    A:A00A X:000A Y:0046 S:0128 D:0E68 DB:86 nvMXdizc V:248 H:229 F:32
				82823D 6B          RTL                    A:A00A X:000A Y:0046 S:0129 D:0E68 DB:86 nvMXdiZc V:248 H:235 F:32

			83B50F 22 EA 8E 84 JSL $848EEA   [848EEA] A:A00A X:000A Y:0046 S:012C D:0E68 DB:86 nvMXdiZc V:248 H:246 F:32		JSL $848EEA --> Decrease CDSkel, Continue Skeleton

				848EEA 08          PHP                    A:A00A X:000A Y:0046 S:0129 D:0E68 DB:86 nvMXdiZc V:248 H:259 F:32
				848EEB 8B          PHB                    A:A00A X:000A Y:0046 S:0128 D:0E68 DB:86 nvMXdiZc V:248 H:264 F:32
				848EEC E2 30       SEP #$30               A:A00A X:000A Y:0046 S:0127 D:0E68 DB:86 nvMXdiZc V:248 H:269 F:32
				848EEE C6 13       DEC $13       [000E7B] A:A00A X:000A Y:0046 S:0127 D:0E68 DB:86 nvMXdiZc V:248 H:274 F:32
				848EF0 D0 5D       BNE $005D     [848F4F] A:A00A X:000A Y:0046 S:0127 D:0E68 DB:86 nvMXdiZc V:248 H:284 F:32
				848EF2 A9 AF       LDA #$AF               A:A00A X:000A Y:0046 S:0127 D:0E68 DB:86 nvMXdiZc V:248 H:287 F:32
				848EF4 48          PHA                    A:A0AF X:000A Y:0046 S:0127 D:0E68 DB:86 NvMXdizc V:248 H:290 F:32
				848EF5 AB          PLB                    A:A0AF X:000A Y:0046 S:0126 D:0E68 DB:86 NvMXdizc V:248 H:295 F:32
				848EF6 C2 21       REP #$21               A:A0AF X:000A Y:0046 S:0127 D:0E68 DB:AF NvMXdizc V:248 H:301 F:32
				848EF8 A5 14       LDA $14       [000E7C] A:A0AF X:000A Y:0046 S:0127 D:0E68 DB:AF NvmXdizc V:248 H:306 F:32
				848EFA 69 03 00    ADC #$0003             A:CE27 X:000A Y:0046 S:0127 D:0E68 DB:AF NvmXdizc V:248 H:314 F:32
				848EFD A4 0F       LDY $0F       [000E77] A:CE2A X:000A Y:0046 S:0127 D:0E68 DB:AF NvmXdizc V:248 H:319 F:32
				848EFF 10 37       BPL $0037     [848F38] A:CE2A X:000A Y:0000 S:0127 D:0E68 DB:AF nvmXdiZc V:248 H:325 F:32
				848F38 85 14       STA $14       [000E7C] A:CE2A X:000A Y:0000 S:0127 D:0E68 DB:AF nvmXdiZc V:248 H:329 F:32
				848F3A E2 30       SEP #$30               A:CE2A X:000A Y:0000 S:0127 D:0E68 DB:AF nvmXdiZc V:248 H:337 F:32
				848F3C B2 14       LDA ($14)     [AFCE2A] A:CE2A X:000A Y:0000 S:0127 D:0E68 DB:AF nvMXdiZc V:249 H:  2 F:32
				848F3E 85 13       STA $13       [000E7B] A:CE01 X:000A Y:0000 S:0127 D:0E68 DB:AF nvMXdizc V:249 H: 12 F:32
				848F40 A0 01       LDY #$01               A:CE01 X:000A Y:0000 S:0127 D:0E68 DB:AF nvMXdizc V:249 H: 18 F:32
				848F42 B1 14       LDA ($14),Y   [AFCE2B] A:CE01 X:000A Y:0001 S:0127 D:0E68 DB:AF nvMXdizc V:249 H: 21 F:32
				848F44 85 0F       STA $0F       [000E77] A:CE80 X:000A Y:0001 S:0127 D:0E68 DB:AF NvMXdizc V:249 H: 31 F:32
				848F46 C8          INY                    A:CE80 X:000A Y:0001 S:0127 D:0E68 DB:AF NvMXdizc V:249 H: 38 F:32
				848F47 B1 14       LDA ($14),Y   [AFCE2C] A:CE80 X:000A Y:0002 S:0127 D:0E68 DB:AF nvMXdizc V:249 H: 41 F:32
				848F49 85 17       STA $17       [000E7F] A:CE03 X:000A Y:0002 S:0127 D:0E68 DB:AF nvMXdizc V:249 H: 51 F:32
				848F4B A9 80       LDA #$80               A:CE03 X:000A Y:0002 S:0127 D:0E68 DB:AF nvMXdizc V:249 H: 57 F:32
				848F4D 04 17       TSB $17       [000E7F] A:CE80 X:000A Y:0002 S:0127 D:0E68 DB:AF NvMXdizc V:249 H: 60 F:32
				848F4F AB          PLB                    A:CE80 X:000A Y:0002 S:0127 D:0E68 DB:AF NvMXdiZc V:249 H: 70 F:32
				848F50 28          PLP                    A:CE80 X:000A Y:0002 S:0128 D:0E68 DB:86 NvMXdizc V:249 H: 77 F:32
				848F51 6B          RTL                    A:CE80 X:000A Y:0002 S:0129 D:0E68 DB:86 nvMXdiZc V:249 H: 83 F:32

			83B513 22 BE 91 84 JSL $8491BE   [8491BE] A:CE80 X:000A Y:0002 S:012C D:0E68 DB:86 nvMXdiZc V:249 H: 94 F:32		JSL $8491BE --> Check for colissions and adjust position

				8491BE 08          PHP                    A:CE80 X:000A Y:0002 S:0129 D:0E68 DB:86 nvMXdiZc V:249 H:107 F:32
				8491BF 0B          PHD                    A:CE80 X:000A Y:0002 S:0128 D:0E68 DB:86 nvMXdiZc V:249 H:112 F:32
				8491C0 C2 30       REP #$30               A:CE80 X:000A Y:0002 S:0126 D:0E68 DB:86 nvMXdiZc V:249 H:119 F:32
				8491C2 A5 20       LDA $20       [000E88] A:CE80 X:000A Y:0002 S:0126 D:0E68 DB:86 nvmxdiZc V:249 H:124 F:32
				8491C4 F0 15       BEQ $0015     [8491DB] A:C945 X:000A Y:0002 S:0126 D:0E68 DB:86 Nvmxdizc V:249 H:132 F:32
				8491C6 7B          TDC                    A:C945 X:000A Y:0002 S:0126 D:0E68 DB:86 Nvmxdizc V:249 H:145 F:32
				8491C7 AA          TAX                    A:0E68 X:000A Y:0002 S:0126 D:0E68 DB:86 nvmxdizc V:249 H:148 F:32
				8491C8 A9 00 00    LDA #$0000             A:0E68 X:0E68 Y:0002 S:0126 D:0E68 DB:86 nvmxdizc V:249 H:151 F:32
				8491CB 5B          TCD                    A:0000 X:0E68 Y:0002 S:0126 D:0E68 DB:86 nvmxdiZc V:249 H:156 F:32
				8491CC 64 14       STZ $14       [000014] A:0000 X:0E68 Y:0002 S:0126 D:0000 DB:86 nvmxdiZc V:249 H:159 F:32
				8491CE B5 2B       LDA $2B,X     [000E93] A:0000 X:0E68 Y:0002 S:0126 D:0000 DB:86 nvmxdiZc V:249 H:166 F:32
				8491D0 29 00 FF    AND #$FF00             A:0000 X:0E68 Y:0002 S:0126 D:0000 DB:86 nvmxdiZc V:249 H:174 F:32
				8491D3 95 2B       STA $2B,X     [000E93] A:0000 X:0E68 Y:0002 S:0126 D:0000 DB:86 nvmxdiZc V:249 H:179 F:32
				8491D5 20 AC 92    JSR $92AC     [8492AC] A:0000 X:0E68 Y:0002 S:0126 D:0000 DB:86 nvmxdiZc V:249 H:187 F:32

				8492AC C2 30       REP #$30               A:0000 X:0E68 Y:0002 S:0124 D:0000 DB:86 nvmxdiZc V:249 H:197 F:32
				8492AE B5 05       LDA $05,X     [000E6D] A:0000 X:0E68 Y:0002 S:0124 D:0000 DB:86 nvmxdiZc V:249 H:202 F:32
				8492B0 38          SEC                    A:149C X:0E68 Y:0002 S:0124 D:0000 DB:86 nvmxdizc V:249 H:210 F:32
				8492B1 F5 22       SBC $22,X     [000E8A] A:149C X:0E68 Y:0002 S:0124 D:0000 DB:86 nvmxdizC V:249 H:213 F:32
				8492B3 85 00       STA $00       [000000] A:FFFC X:0E68 Y:0002 S:0124 D:0000 DB:86 Nvmxdizc V:249 H:222 F:32
				8492B5 E2 20       SEP #$20               A:FFFC X:0E68 Y:0002 S:0124 D:0000 DB:86 Nvmxdizc V:249 H:229 F:32
				8492B7 F0 4C       BEQ $004C     [849305] A:FFFC X:0E68 Y:0002 S:0124 D:0000 DB:86 NvMxdizc V:249 H:233 F:32
				8492B9 B4 20       LDY $20,X     [000E88] A:FFFC X:0E68 Y:0002 S:0124 D:0000 DB:86 NvMxdizc V:249 H:236 F:32
				8492BB B9 05 00    LDA $0005,Y   [86C94A] A:FFFC X:0E68 Y:C945 S:0124 D:0000 DB:86 NvMxdizc V:249 H:245 F:32
				8492BE 34 11       BIT $11,X     [000E79] A:FF00 X:0E68 Y:C945 S:0124 D:0000 DB:86 nvMxdiZc V:249 H:252 F:32
				8492C0 50 03       BVC $0003     [8492C5] A:FF00 X:0E68 Y:C945 S:0124 D:0000 DB:86 nvMxdiZc V:249 H:259 F:32
				8492C5 24 00       BIT $00       [000000] A:FF00 X:0E68 Y:C945 S:0124 D:0000 DB:86 nvMxdiZc V:249 H:263 F:32
				8492C7 10 06       BPL $0006     [8492CF] A:FF00 X:0E68 Y:C945 S:0124 D:0000 DB:86 NVMxdiZc V:249 H:268 F:32
				8492C9 38          SEC                    A:FF00 X:0E68 Y:C945 S:0124 D:0000 DB:86 NVMxdiZc V:249 H:271 F:32
				8492CA F9 07 00    SBC $0007,Y   [86C94C] A:FF00 X:0E68 Y:C945 S:0124 D:0000 DB:86 NVMxdiZC V:249 H:274 F:32
				8492CD 80 04       BRA $0004     [8492D3] A:FFF1 X:0E68 Y:C945 S:0124 D:0000 DB:86 NvMxdizc V:249 H:282 F:32
				8492D3 95 29       STA $29,X     [000E91] A:FFF1 X:0E68 Y:C945 S:0124 D:0000 DB:86 NvMxdizc V:249 H:286 F:32
				8492D5 B9 06 00    LDA $0006,Y   [86C94B] A:FFF1 X:0E68 Y:C945 S:0124 D:0000 DB:86 NvMxdizc V:249 H:293 F:32
				8492D8 95 2A       STA $2A,X     [000E92] A:FF00 X:0E68 Y:C945 S:0124 D:0000 DB:86 nvMxdiZc V:249 H:300 F:32
				8492DA 20 15 93    JSR $9315     [849315] A:FF00 X:0E68 Y:C945 S:0124 D:0000 DB:86 nvMxdiZc V:249 H:307 F:32

				849315 20 B3 90    JSR $90B3     [8490B3] A:FF00 X:0E68 Y:C945 S:0122 D:0000 DB:86 nvMxdiZc V:249 H:317 F:32

				8490B3 0B          PHD                    A:FF00 X:0E68 Y:C945 S:0120 D:0000 DB:86 nvMxdiZc V:249 H:326 F:32
				8490B4 DA          PHX                    A:FF00 X:0E68 Y:C945 S:011E D:0000 DB:86 nvMxdiZc V:249 H:333 F:32
				8490B5 08          PHP                    A:FF00 X:0E68 Y:C945 S:011C D:0000 DB:86 nvMxdiZc V:250 H:  0 F:32
				8490B6 E2 20       SEP #$20               A:FF00 X:0E68 Y:C945 S:011B D:0000 DB:86 nvMxdiZc V:250 H:  5 F:32
				8490B8 C2 10       REP #$10               A:FF00 X:0E68 Y:C945 S:011B D:0000 DB:86 nvMxdiZc V:250 H:  9 F:32
				8490BA 64 01       STZ $01       [000001] A:FF00 X:0E68 Y:C945 S:011B D:0000 DB:86 nvMxdiZc V:250 H: 14 F:32
				8490BC B5 29       LDA $29,X     [000E91] A:FF00 X:0E68 Y:C945 S:011B D:0000 DB:86 nvMxdiZc V:250 H: 19 F:32
				8490BE 10 02       BPL $0002     [8490C2] A:FFF1 X:0E68 Y:C945 S:011B D:0000 DB:86 NvMxdizc V:250 H: 25 F:32
				8490C0 C6 01       DEC $01       [000001] A:FFF1 X:0E68 Y:C945 S:011B D:0000 DB:86 NvMxdizc V:250 H: 28 F:32
				8490C2 18          CLC                    A:FFF1 X:0E68 Y:C945 S:011B D:0000 DB:86 NvMxdizc V:250 H: 37 F:32
				8490C3 75 05       ADC $05,X     [000E6D] A:FFF1 X:0E68 Y:C945 S:011B D:0000 DB:86 NvMxdizc V:250 H: 40 F:32
				8490C5 85 00       STA $00       [000000] A:FF8D X:0E68 Y:C945 S:011B D:0000 DB:86 NvMxdizC V:250 H: 46 F:32
				8490C7 B5 06       LDA $06,X     [000E6E] A:FF8D X:0E68 Y:C945 S:011B D:0000 DB:86 NvMxdizC V:250 H: 51 F:32
				8490C9 65 01       ADC $01       [000001] A:FF14 X:0E68 Y:C945 S:011B D:0000 DB:86 nvMxdizC V:250 H: 58 F:32
				8490CB 85 01       STA $01       [000001] A:FF14 X:0E68 Y:C945 S:011B D:0000 DB:86 nvMxdizC V:250 H: 63 F:32
				8490CD 64 03       STZ $03       [000003] A:FF14 X:0E68 Y:C945 S:011B D:0000 DB:86 nvMxdizC V:250 H: 68 F:32
				8490CF B5 2A       LDA $2A,X     [000E92] A:FF14 X:0E68 Y:C945 S:011B D:0000 DB:86 nvMxdizC V:250 H: 73 F:32
				8490D1 10 02       BPL $0002     [8490D5] A:FF00 X:0E68 Y:C945 S:011B D:0000 DB:86 nvMxdiZC V:250 H: 79 F:32
				8490D5 18          CLC                    A:FF00 X:0E68 Y:C945 S:011B D:0000 DB:86 nvMxdiZC V:250 H: 84 F:32
				8490D6 75 08       ADC $08,X     [000E70] A:FF00 X:0E68 Y:C945 S:011B D:0000 DB:86 nvMxdiZc V:250 H: 87 F:32
				8490D8 85 02       STA $02       [000002] A:FFA0 X:0E68 Y:C945 S:011B D:0000 DB:86 NvMxdizc V:250 H: 93 F:32
				8490DA 29 F0       AND #$F0               A:FFA0 X:0E68 Y:C945 S:011B D:0000 DB:86 NvMxdizc V:250 H: 98 F:32
				8490DC 85 0A       STA $0A       [00000A] A:FFA0 X:0E68 Y:C945 S:011B D:0000 DB:86 NvMxdizc V:250 H:101 F:32
				8490DE B5 09       LDA $09,X     [000E71] A:FFA0 X:0E68 Y:C945 S:011B D:0000 DB:86 NvMxdizc V:250 H:106 F:32
				8490E0 65 03       ADC $03       [000003] A:FF0A X:0E68 Y:C945 S:011B D:0000 DB:86 nvMxdizc V:250 H:113 F:32
				8490E2 85 03       STA $03       [000003] A:FF0A X:0E68 Y:C945 S:011B D:0000 DB:86 nvMxdizc V:250 H:118 F:32
				8490E4 85 0B       STA $0B       [00000B] A:FF0A X:0E68 Y:C945 S:011B D:0000 DB:86 nvMxdizc V:250 H:123 F:32
				8490E6 A5 00       LDA $00       [000000] A:FF0A X:0E68 Y:C945 S:011B D:0000 DB:86 nvMxdizc V:250 H:128 F:32
				8490E8 29 0F       AND #$0F               A:FF8D X:0E68 Y:C945 S:011B D:0000 DB:86 NvMxdizc V:250 H:133 F:32
				8490EA 1A          INC                    A:FF0D X:0E68 Y:C945 S:011B D:0000 DB:86 nvMxdizc V:250 H:146 F:32
				8490EB 85 0C       STA $0C       [00000C] A:FF0E X:0E68 Y:C945 S:011B D:0000 DB:86 nvMxdizc V:250 H:149 F:32
				8490ED A5 02       LDA $02       [000002] A:FF0E X:0E68 Y:C945 S:011B D:0000 DB:86 nvMxdizc V:250 H:154 F:32
				8490EF 29 0F       AND #$0F               A:FFA0 X:0E68 Y:C945 S:011B D:0000 DB:86 NvMxdizc V:250 H:159 F:32
				8490F1 1A          INC                    A:FF00 X:0E68 Y:C945 S:011B D:0000 DB:86 nvMxdiZc V:250 H:162 F:32
				8490F2 85 0E       STA $0E       [00000E] A:FF01 X:0E68 Y:C945 S:011B D:0000 DB:86 nvMxdizc V:250 H:165 F:32
				8490F4 C2 20       REP #$20               A:FF01 X:0E68 Y:C945 S:011B D:0000 DB:86 nvMxdizc V:250 H:170 F:32
				8490F6 20 6A 91    JSR $916A     [84916A] A:FF01 X:0E68 Y:C945 S:011B D:0000 DB:86 nvmxdizc V:250 H:174 F:32

				84916A A9 00 E8    LDA #$E800             A:FF01 X:0E68 Y:C945 S:0119 D:0000 DB:86 nvmxdizc V:250 H:184 F:32
				84916D 85 10       STA $10       [000010] A:E800 X:0E68 Y:C945 S:0119 D:0000 DB:86 Nvmxdizc V:250 H:189 F:32
				84916F A9 7E 00    LDA #$007E             A:E800 X:0E68 Y:C945 S:0119 D:0000 DB:86 Nvmxdizc V:250 H:196 F:32
				849172 85 12       STA $12       [000012] A:007E X:0E68 Y:C945 S:0119 D:0000 DB:86 nvmxdizc V:250 H:200 F:32
				849174 A5 02       LDA $02       [000002] A:007E X:0E68 Y:C945 S:0119 D:0000 DB:86 nvmxdizc V:250 H:207 F:32
				849176 29 F0 00    AND #$00F0             A:0AA0 X:0E68 Y:C945 S:0119 D:0000 DB:86 nvmxdizc V:250 H:214 F:32
				849179 0A          ASL A                  A:00A0 X:0E68 Y:C945 S:0119 D:0000 DB:86 nvmxdizc V:250 H:219 F:32
				84917A 85 04       STA $04       [000004] A:0140 X:0E68 Y:C945 S:0119 D:0000 DB:86 nvmxdizc V:250 H:222 F:32
				84917C A5 00       LDA $00       [000000] A:0140 X:0E68 Y:C945 S:0119 D:0000 DB:86 nvmxdizc V:250 H:229 F:32
				84917E 29 FF 00    AND #$00FF             A:148D X:0E68 Y:C945 S:0119 D:0000 DB:86 nvmxdizc V:250 H:236 F:32
				849181 4A          LSR A                  A:008D X:0E68 Y:C945 S:0119 D:0000 DB:86 nvmxdizc V:250 H:240 F:32
				849182 4A          LSR A                  A:0046 X:0E68 Y:C945 S:0119 D:0000 DB:86 nvmxdizC V:250 H:243 F:32
				849183 4A          LSR A                  A:0023 X:0E68 Y:C945 S:0119 D:0000 DB:86 nvmxdizc V:250 H:246 F:32
				849184 29 FE FF    AND #$FFFE             A:0011 X:0E68 Y:C945 S:0119 D:0000 DB:86 nvmxdizC V:250 H:249 F:32
				849187 18          CLC                    A:0010 X:0E68 Y:C945 S:0119 D:0000 DB:86 nvmxdizC V:250 H:254 F:32
				849188 65 04       ADC $04       [000004] A:0010 X:0E68 Y:C945 S:0119 D:0000 DB:86 nvmxdizc V:250 H:257 F:32
				84918A 85 06       STA $06       [000006] A:0150 X:0E68 Y:C945 S:0119 D:0000 DB:86 nvmxdizc V:250 H:264 F:32
				84918C A5 00       LDA $00       [000000] A:0150 X:0E68 Y:C945 S:0119 D:0000 DB:86 nvmxdizc V:250 H:271 F:32
				84918E EB          XBA                    A:148D X:0E68 Y:C945 S:0119 D:0000 DB:86 nvmxdizc V:250 H:278 F:32
				84918F 29 1F 00    AND #$001F             A:8D14 X:0E68 Y:C945 S:0119 D:0000 DB:86 nvmxdizc V:250 H:282 F:32
				849192 85 04       STA $04       [000004] A:0014 X:0E68 Y:C945 S:0119 D:0000 DB:86 nvmxdizc V:250 H:287 F:32
				849194 A5 02       LDA $02       [000002] A:0014 X:0E68 Y:C945 S:0119 D:0000 DB:86 nvmxdizc V:250 H:294 F:32
				849196 29 00 1F    AND #$1F00             A:0AA0 X:0E68 Y:C945 S:0119 D:0000 DB:86 nvmxdizc V:250 H:301 F:32
				849199 4A          LSR A                  A:0A00 X:0E68 Y:C945 S:0119 D:0000 DB:86 nvmxdizc V:250 H:305 F:32
				84919A 4A          LSR A                  A:0500 X:0E68 Y:C945 S:0119 D:0000 DB:86 nvmxdizc V:250 H:308 F:32
				84919B 4A          LSR A                  A:0280 X:0E68 Y:C945 S:0119 D:0000 DB:86 nvmxdizc V:250 H:311 F:32
				84919C 18          CLC                    A:0140 X:0E68 Y:C945 S:0119 D:0000 DB:86 nvmxdizc V:250 H:314 F:32
				84919D 65 04       ADC $04       [000004] A:0140 X:0E68 Y:C945 S:0119 D:0000 DB:86 nvmxdizc V:250 H:317 F:32
				84919F A8          TAY                    A:0154 X:0E68 Y:C945 S:0119 D:0000 DB:86 nvmxdizc V:250 H:324 F:32
				8491A0 B7 10       LDA [$10],Y   [7EE954] A:0154 X:0E68 Y:0154 S:0119 D:0000 DB:86 nvmxdizc V:250 H:327 F:32
				8491A2 29 FF 00    AND #$00FF             A:0038 X:0E68 Y:0154 S:0119 D:0000 DB:86 nvmxdizc V:250 H:339 F:32
				8491A5 A8          TAY                    A:0038 X:0E68 Y:0154 S:0119 D:0000 DB:86 nvmxdizc V:251 H:  4 F:32
				8491A6 EB          XBA                    A:0038 X:0E68 Y:0038 S:0119 D:0000 DB:86 nvmxdizc V:251 H:  7 F:32
				8491A7 0A          ASL A                  A:3800 X:0E68 Y:0038 S:0119 D:0000 DB:86 nvmxdiZc V:251 H: 11 F:32
				8491A8 18          CLC                    A:7000 X:0E68 Y:0038 S:0119 D:0000 DB:86 nvmxdizc V:251 H: 14 F:32
				8491A9 65 06       ADC $06       [000006] A:7000 X:0E68 Y:0038 S:0119 D:0000 DB:86 nvmxdizc V:251 H: 17 F:32
				8491AB AA          TAX                    A:7150 X:0E68 Y:0038 S:0119 D:0000 DB:86 nvmxdizc V:251 H: 24 F:32
				8491AC 60          RTS                    A:7150 X:7150 Y:0038 S:0119 D:0000 DB:86 nvmxdizc V:251 H: 27 F:32

				8490F9 BF 00 20 7E LDA $7E2000,X [7E9150] A:7150 X:7150 Y:0038 S:011B D:0000 DB:86 nvmxdizc V:251 H: 37 F:32
				8490FD A8          TAY                    A:01D2 X:7150 Y:0038 S:011B D:0000 DB:86 nvmxdizc V:251 H: 47 F:32
				8490FE AD 92 0B    LDA $0B92     [860B92] A:01D2 X:7150 Y:01D2 S:011B D:0000 DB:86 nvmxdizc V:251 H: 50 F:32
				849101 85 10       STA $10       [000010] A:DB57 X:7150 Y:01D2 S:011B D:0000 DB:86 Nvmxdizc V:251 H: 59 F:32
				849103 AD 94 0B    LDA $0B94     [860B94] A:DB57 X:7150 Y:01D2 S:011B D:0000 DB:86 Nvmxdizc V:251 H: 66 F:32
				849106 85 12       STA $12       [000012] A:B895 X:7150 Y:01D2 S:011B D:0000 DB:86 Nvmxdizc V:251 H: 74 F:32
				849108 B7 10       LDA [$10],Y   [95DD29] A:B895 X:7150 Y:01D2 S:011B D:0000 DB:86 Nvmxdizc V:251 H: 81 F:32
				84910A 29 FF 00    AND #$00FF             A:0000 X:7150 Y:01D2 S:011B D:0000 DB:86 nvmxdiZc V:251 H: 93 F:32
				84910D 28          PLP                    A:0000 X:7150 Y:01D2 S:011B D:0000 DB:86 nvmxdiZc V:251 H: 98 F:32
				84910E FA          PLX                    A:0000 X:7150 Y:01D2 S:011C D:0000 DB:86 nvMxdiZc V:251 H:104 F:32
				84910F 2B          PLD                    A:0000 X:0E68 Y:01D2 S:011E D:0000 DB:86 nvMxdizc V:251 H:113 F:32
				849110 60          RTS                    A:0000 X:0E68 Y:01D2 S:0120 D:0000 DB:86 nvMxdiZc V:251 H:121 F:32

				849318 B4 05       LDY $05,X     [000E6D] A:0000 X:0E68 Y:01D2 S:0122 D:0000 DB:86 nvMxdiZc V:251 H:131 F:32
				84931A 84 10       STY $10       [000010] A:0000 X:0E68 Y:149C S:0122 D:0000 DB:86 nvMxdizc V:251 H:150 F:32
				84931C B4 08       LDY $08,X     [000E70] A:0000 X:0E68 Y:149C S:0122 D:0000 DB:86 nvMxdizc V:251 H:157 F:32
				84931E 84 12       STY $12       [000012] A:0000 X:0E68 Y:0AA0 S:0122 D:0000 DB:86 nvMxdizc V:251 H:165 F:32
				849320 95 2D       STA $2D,X     [000E95] A:0000 X:0E68 Y:0AA0 S:0122 D:0000 DB:86 nvMxdizc V:251 H:172 F:32
				849322 86 2C       STX $2C       [00002C] A:0000 X:0E68 Y:0AA0 S:0122 D:0000 DB:86 nvMxdizc V:251 H:179 F:32
				849324 29 3F       AND #$3F               A:0000 X:0E68 Y:0AA0 S:0122 D:0000 DB:86 nvMxdizc V:251 H:186 F:32
				849326 0A          ASL A                  A:0000 X:0E68 Y:0AA0 S:0122 D:0000 DB:86 nvMxdiZc V:251 H:189 F:32
				849327 EB          XBA                    A:0000 X:0E68 Y:0AA0 S:0122 D:0000 DB:86 nvMxdiZc V:251 H:192 F:32
				849328 A9 00       LDA #$00               A:0000 X:0E68 Y:0AA0 S:0122 D:0000 DB:86 nvMxdiZc V:251 H:196 F:32
				84932A EB          XBA                    A:0000 X:0E68 Y:0AA0 S:0122 D:0000 DB:86 nvMxdiZc V:251 H:199 F:32
				84932B AA          TAX                    A:0000 X:0E68 Y:0AA0 S:0122 D:0000 DB:86 nvMxdiZc V:251 H:204 F:32
				84932C FC 5D 93    JSR ($935D,X) [84935D] A:0000 X:0000 Y:0AA0 S:0122 D:0000 DB:86 nvMxdiZc V:251 H:207 F:32

				84977A A9 00       LDA #$00               A:0000 X:0000 Y:0AA0 S:0120 D:0000 DB:86 nvMxdiZc V:251 H:220 F:32
				84977C 60          RTS                    A:0000 X:0000 Y:0AA0 S:0120 D:0000 DB:86 nvMxdiZc V:251 H:223 F:32

				84932F 08          PHP                    A:0000 X:0000 Y:0AA0 S:0122 D:0000 DB:86 nvMxdiZc V:251 H:233 F:32
				849330 A6 2C       LDX $2C       [00002C] A:0000 X:0000 Y:0AA0 S:0121 D:0000 DB:86 nvMxdiZc V:251 H:238 F:32
				849332 A9 01       LDA #$01               A:0000 X:0E68 Y:0AA0 S:0121 D:0000 DB:86 nvMxdizc V:251 H:245 F:32
				849334 34 29       BIT $29,X     [000E91] A:0001 X:0E68 Y:0AA0 S:0121 D:0000 DB:86 nvMxdizc V:251 H:248 F:32
				849336 10 02       BPL $0002     [84933A] A:0001 X:0E68 Y:0AA0 S:0121 D:0000 DB:86 NVMxdizc V:251 H:254 F:32
				849338 A9 02       LDA #$02               A:0001 X:0E68 Y:0AA0 S:0121 D:0000 DB:86 NVMxdizc V:251 H:257 F:32
				84933A 28          PLP                    A:0002 X:0E68 Y:0AA0 S:0121 D:0000 DB:86 nVMxdizc V:251 H:260 F:32
				84933B F0 0C       BEQ $000C     [849349] A:0002 X:0E68 Y:0AA0 S:0122 D:0000 DB:86 nvMxdiZc V:251 H:267 F:32
				849349 49 FF       EOR #$FF               A:0002 X:0E68 Y:0AA0 S:0122 D:0000 DB:86 nvMxdiZc V:251 H:271 F:32
				84934B 35 2B       AND $2B,X     [000E93] A:00FD X:0E68 Y:0AA0 S:0122 D:0000 DB:86 NvMxdizc V:251 H:274 F:32
				84934D 95 2B       STA $2B,X     [000E93] A:0000 X:0E68 Y:0AA0 S:0122 D:0000 DB:86 nvMxdiZc V:251 H:281 F:32
				84934F 20 08 93    JSR $9308     [849308] A:0000 X:0E68 Y:0AA0 S:0122 D:0000 DB:86 nvMxdiZc V:251 H:287 F:32

				849308 A5 14       LDA $14       [000014] A:0000 X:0E68 Y:0AA0 S:0120 D:0000 DB:86 nvMxdiZc V:251 H:297 F:32
				84930A F0 08       BEQ $0008     [849314] A:0000 X:0E68 Y:0AA0 S:0120 D:0000 DB:86 nvMxdiZc V:251 H:302 F:32
				849314 60          RTS                    A:0000 X:0E68 Y:0AA0 S:0120 D:0000 DB:86 nvMxdiZc V:251 H:307 F:32

				849352 A9 00       LDA #$00               A:0000 X:0E68 Y:0AA0 S:0122 D:0000 DB:86 nvMxdiZc V:251 H:317 F:32
				849354 60          RTS                    A:0000 X:0E68 Y:0AA0 S:0122 D:0000 DB:86 nvMxdiZc V:251 H:320 F:32

				8492DD D0 26       BNE $0026     [849305] A:0000 X:0E68 Y:0AA0 S:0124 D:0000 DB:86 nvMxdiZc V:251 H:329 F:32
				8492DF B4 20       LDY $20,X     [000E88] A:0000 X:0E68 Y:0AA0 S:0124 D:0000 DB:86 nvMxdiZc V:251 H:332 F:32
				8492E1 B9 06 00    LDA $0006,Y   [86C94B] A:0000 X:0E68 Y:C945 S:0124 D:0000 DB:86 NvMxdizc V:252 H:  0 F:32
				8492E4 38          SEC                    A:0000 X:0E68 Y:C945 S:0124 D:0000 DB:86 nvMxdiZc V:252 H:  8 F:32
				8492E5 F9 08 00    SBC $0008,Y   [86C94D] A:0000 X:0E68 Y:C945 S:0124 D:0000 DB:86 nvMxdiZC V:252 H: 11 F:32
				8492E8 18          CLC                    A:00F3 X:0E68 Y:C945 S:0124 D:0000 DB:86 NvMxdizc V:252 H: 18 F:32
				8492E9 79 09 00    ADC $0009,Y   [86C94E] A:00F3 X:0E68 Y:C945 S:0124 D:0000 DB:86 NvMxdizc V:252 H: 21 F:32
				8492EC 95 2A       STA $2A,X     [000E92] A:00F8 X:0E68 Y:C945 S:0124 D:0000 DB:86 NvMxdizc V:252 H: 29 F:32
				8492EE 20 15 93    JSR $9315     [849315] A:00F8 X:0E68 Y:C945 S:0124 D:0000 DB:86 NvMxdizc V:252 H: 35 F:32

				849315 20 B3 90    JSR $90B3     [8490B3] A:00F8 X:0E68 Y:C945 S:0122 D:0000 DB:86 NvMxdizc V:252 H: 45 F:32

				8490B3 0B          PHD                    A:00F8 X:0E68 Y:C945 S:0120 D:0000 DB:86 NvMxdizc V:252 H: 55 F:32
				8490B4 DA          PHX                    A:00F8 X:0E68 Y:C945 S:011E D:0000 DB:86 NvMxdizc V:252 H: 62 F:32
				8490B5 08          PHP                    A:00F8 X:0E68 Y:C945 S:011C D:0000 DB:86 NvMxdizc V:252 H: 69 F:32
				8490B6 E2 20       SEP #$20               A:00F8 X:0E68 Y:C945 S:011B D:0000 DB:86 NvMxdizc V:252 H: 74 F:32
				8490B8 C2 10       REP #$10               A:00F8 X:0E68 Y:C945 S:011B D:0000 DB:86 NvMxdizc V:252 H: 79 F:32
				8490BA 64 01       STZ $01       [000001] A:00F8 X:0E68 Y:C945 S:011B D:0000 DB:86 NvMxdizc V:252 H: 83 F:32
				8490BC B5 29       LDA $29,X     [000E91] A:00F8 X:0E68 Y:C945 S:011B D:0000 DB:86 NvMxdizc V:252 H: 88 F:32
				8490BE 10 02       BPL $0002     [8490C2] A:00F1 X:0E68 Y:C945 S:011B D:0000 DB:86 NvMxdizc V:252 H: 95 F:32
				8490C0 C6 01       DEC $01       [000001] A:00F1 X:0E68 Y:C945 S:011B D:0000 DB:86 NvMxdizc V:252 H: 98 F:32
				8490C2 18          CLC                    A:00F1 X:0E68 Y:C945 S:011B D:0000 DB:86 NvMxdizc V:252 H:106 F:32
				8490C3 75 05       ADC $05,X     [000E6D] A:00F1 X:0E68 Y:C945 S:011B D:0000 DB:86 NvMxdizc V:252 H:109 F:32
				8490C5 85 00       STA $00       [000000] A:008D X:0E68 Y:C945 S:011B D:0000 DB:86 NvMxdizC V:252 H:116 F:32
				8490C7 B5 06       LDA $06,X     [000E6E] A:008D X:0E68 Y:C945 S:011B D:0000 DB:86 NvMxdizC V:252 H:121 F:32
				8490C9 65 01       ADC $01       [000001] A:0014 X:0E68 Y:C945 S:011B D:0000 DB:86 nvMxdizC V:252 H:127 F:32
				8490CB 85 01       STA $01       [000001] A:0014 X:0E68 Y:C945 S:011B D:0000 DB:86 nvMxdizC V:252 H:132 F:32
				8490CD 64 03       STZ $03       [000003] A:0014 X:0E68 Y:C945 S:011B D:0000 DB:86 nvMxdizC V:252 H:147 F:32
				8490CF B5 2A       LDA $2A,X     [000E92] A:0014 X:0E68 Y:C945 S:011B D:0000 DB:86 nvMxdizC V:252 H:152 F:32
				8490D1 10 02       BPL $0002     [8490D5] A:00F8 X:0E68 Y:C945 S:011B D:0000 DB:86 NvMxdizC V:252 H:159 F:32
				8490D3 C6 03       DEC $03       [000003] A:00F8 X:0E68 Y:C945 S:011B D:0000 DB:86 NvMxdizC V:252 H:162 F:32
				8490D5 18          CLC                    A:00F8 X:0E68 Y:C945 S:011B D:0000 DB:86 NvMxdizC V:252 H:170 F:32
				8490D6 75 08       ADC $08,X     [000E70] A:00F8 X:0E68 Y:C945 S:011B D:0000 DB:86 NvMxdizc V:252 H:173 F:32
				8490D8 85 02       STA $02       [000002] A:0098 X:0E68 Y:C945 S:011B D:0000 DB:86 NvMxdizC V:252 H:180 F:32
				8490DA 29 F0       AND #$F0               A:0098 X:0E68 Y:C945 S:011B D:0000 DB:86 NvMxdizC V:252 H:185 F:32
				8490DC 85 0A       STA $0A       [00000A] A:0090 X:0E68 Y:C945 S:011B D:0000 DB:86 NvMxdizC V:252 H:188 F:32
				8490DE B5 09       LDA $09,X     [000E71] A:0090 X:0E68 Y:C945 S:011B D:0000 DB:86 NvMxdizC V:252 H:193 F:32
				8490E0 65 03       ADC $03       [000003] A:000A X:0E68 Y:C945 S:011B D:0000 DB:86 nvMxdizC V:252 H:199 F:32
				8490E2 85 03       STA $03       [000003] A:000A X:0E68 Y:C945 S:011B D:0000 DB:86 nvMxdizC V:252 H:204 F:32
				8490E4 85 0B       STA $0B       [00000B] A:000A X:0E68 Y:C945 S:011B D:0000 DB:86 nvMxdizC V:252 H:209 F:32
				8490E6 A5 00       LDA $00       [000000] A:000A X:0E68 Y:C945 S:011B D:0000 DB:86 nvMxdizC V:252 H:214 F:32
				8490E8 29 0F       AND #$0F               A:008D X:0E68 Y:C945 S:011B D:0000 DB:86 NvMxdizC V:252 H:219 F:32
				8490EA 1A          INC                    A:000D X:0E68 Y:C945 S:011B D:0000 DB:86 nvMxdizC V:252 H:222 F:32
				8490EB 85 0C       STA $0C       [00000C] A:000E X:0E68 Y:C945 S:011B D:0000 DB:86 nvMxdizC V:252 H:225 F:32
				8490ED A5 02       LDA $02       [000002] A:000E X:0E68 Y:C945 S:011B D:0000 DB:86 nvMxdizC V:252 H:230 F:32
				8490EF 29 0F       AND #$0F               A:0098 X:0E68 Y:C945 S:011B D:0000 DB:86 NvMxdizC V:252 H:235 F:32
				8490F1 1A          INC                    A:0008 X:0E68 Y:C945 S:011B D:0000 DB:86 nvMxdizC V:252 H:238 F:32
				8490F2 85 0E       STA $0E       [00000E] A:0009 X:0E68 Y:C945 S:011B D:0000 DB:86 nvMxdizC V:252 H:241 F:32
				8490F4 C2 20       REP #$20               A:0009 X:0E68 Y:C945 S:011B D:0000 DB:86 nvMxdizC V:252 H:246 F:32
				8490F6 20 6A 91    JSR $916A     [84916A] A:0009 X:0E68 Y:C945 S:011B D:0000 DB:86 nvmxdizC V:252 H:251 F:32

				84916A A9 00 E8    LDA #$E800             A:0009 X:0E68 Y:C945 S:0119 D:0000 DB:86 nvmxdizC V:252 H:261 F:32
				84916D 85 10       STA $10       [000010] A:E800 X:0E68 Y:C945 S:0119 D:0000 DB:86 NvmxdizC V:252 H:265 F:32
				84916F A9 7E 00    LDA #$007E             A:E800 X:0E68 Y:C945 S:0119 D:0000 DB:86 NvmxdizC V:252 H:272 F:32
				849172 85 12       STA $12       [000012] A:007E X:0E68 Y:C945 S:0119 D:0000 DB:86 nvmxdizC V:252 H:277 F:32
				849174 A5 02       LDA $02       [000002] A:007E X:0E68 Y:C945 S:0119 D:0000 DB:86 nvmxdizC V:252 H:284 F:32
				849176 29 F0 00    AND #$00F0             A:0A98 X:0E68 Y:C945 S:0119 D:0000 DB:86 nvmxdizC V:252 H:291 F:32
				849179 0A          ASL A                  A:0090 X:0E68 Y:C945 S:0119 D:0000 DB:86 nvmxdizC V:252 H:295 F:32
				84917A 85 04       STA $04       [000004] A:0120 X:0E68 Y:C945 S:0119 D:0000 DB:86 nvmxdizc V:252 H:298 F:32
				84917C A5 00       LDA $00       [000000] A:0120 X:0E68 Y:C945 S:0119 D:0000 DB:86 nvmxdizc V:252 H:305 F:32
				84917E 29 FF 00    AND #$00FF             A:148D X:0E68 Y:C945 S:0119 D:0000 DB:86 nvmxdizc V:252 H:312 F:32
				849181 4A          LSR A                  A:008D X:0E68 Y:C945 S:0119 D:0000 DB:86 nvmxdizc V:252 H:317 F:32
				849182 4A          LSR A                  A:0046 X:0E68 Y:C945 S:0119 D:0000 DB:86 nvmxdizC V:252 H:320 F:32
				849183 4A          LSR A                  A:0023 X:0E68 Y:C945 S:0119 D:0000 DB:86 nvmxdizc V:252 H:323 F:32
				849184 29 FE FF    AND #$FFFE             A:0011 X:0E68 Y:C945 S:0119 D:0000 DB:86 nvmxdizC V:252 H:325 F:32
				849187 18          CLC                    A:0010 X:0E68 Y:C945 S:0119 D:0000 DB:86 nvmxdizC V:252 H:329 F:32
				849188 65 04       ADC $04       [000004] A:0010 X:0E68 Y:C945 S:0119 D:0000 DB:86 nvmxdizc V:252 H:332 F:32
				84918A 85 06       STA $06       [000006] A:0130 X:0E68 Y:C945 S:0119 D:0000 DB:86 nvmxdizc V:252 H:339 F:32
				84918C A5 00       LDA $00       [000000] A:0130 X:0E68 Y:C945 S:0119 D:0000 DB:86 nvmxdizc V:253 H:  6 F:32
				84918E EB          XBA                    A:148D X:0E68 Y:C945 S:0119 D:0000 DB:86 nvmxdizc V:253 H: 13 F:32
				84918F 29 1F 00    AND #$001F             A:8D14 X:0E68 Y:C945 S:0119 D:0000 DB:86 nvmxdizc V:253 H: 18 F:32
				849192 85 04       STA $04       [000004] A:0014 X:0E68 Y:C945 S:0119 D:0000 DB:86 nvmxdizc V:253 H: 22 F:32
				849194 A5 02       LDA $02       [000002] A:0014 X:0E68 Y:C945 S:0119 D:0000 DB:86 nvmxdizc V:253 H: 29 F:32
				849196 29 00 1F    AND #$1F00             A:0A98 X:0E68 Y:C945 S:0119 D:0000 DB:86 nvmxdizc V:253 H: 36 F:32
				849199 4A          LSR A                  A:0A00 X:0E68 Y:C945 S:0119 D:0000 DB:86 nvmxdizc V:253 H: 41 F:32
				84919A 4A          LSR A                  A:0500 X:0E68 Y:C945 S:0119 D:0000 DB:86 nvmxdizc V:253 H: 44 F:32
				84919B 4A          LSR A                  A:0280 X:0E68 Y:C945 S:0119 D:0000 DB:86 nvmxdizc V:253 H: 47 F:32
				84919C 18          CLC                    A:0140 X:0E68 Y:C945 S:0119 D:0000 DB:86 nvmxdizc V:253 H: 50 F:32
				84919D 65 04       ADC $04       [000004] A:0140 X:0E68 Y:C945 S:0119 D:0000 DB:86 nvmxdizc V:253 H: 53 F:32
				84919F A8          TAY                    A:0154 X:0E68 Y:C945 S:0119 D:0000 DB:86 nvmxdizc V:253 H: 60 F:32
				8491A0 B7 10       LDA [$10],Y   [7EE954] A:0154 X:0E68 Y:0154 S:0119 D:0000 DB:86 nvmxdizc V:253 H: 63 F:32
				8491A2 29 FF 00    AND #$00FF             A:0038 X:0E68 Y:0154 S:0119 D:0000 DB:86 nvmxdizc V:253 H: 76 F:32
				8491A5 A8          TAY                    A:0038 X:0E68 Y:0154 S:0119 D:0000 DB:86 nvmxdizc V:253 H: 80 F:32
				8491A6 EB          XBA                    A:0038 X:0E68 Y:0038 S:0119 D:0000 DB:86 nvmxdizc V:253 H: 83 F:32
				8491A7 0A          ASL A                  A:3800 X:0E68 Y:0038 S:0119 D:0000 DB:86 nvmxdiZc V:253 H: 88 F:32
				8491A8 18          CLC                    A:7000 X:0E68 Y:0038 S:0119 D:0000 DB:86 nvmxdizc V:253 H: 91 F:32
				8491A9 65 06       ADC $06       [000006] A:7000 X:0E68 Y:0038 S:0119 D:0000 DB:86 nvmxdizc V:253 H: 94 F:32
				8491AB AA          TAX                    A:7130 X:0E68 Y:0038 S:0119 D:0000 DB:86 nvmxdizc V:253 H:101 F:32
				8491AC 60          RTS                    A:7130 X:7130 Y:0038 S:0119 D:0000 DB:86 nvmxdizc V:253 H:104 F:32

				8490F9 BF 00 20 7E LDA $7E2000,X [7E9130] A:7130 X:7130 Y:0038 S:011B D:0000 DB:86 nvmxdizc V:253 H:114 F:32
				8490FD A8          TAY                    A:0241 X:7130 Y:0038 S:011B D:0000 DB:86 nvmxdizc V:253 H:124 F:32
				8490FE AD 92 0B    LDA $0B92     [860B92] A:0241 X:7130 Y:0241 S:011B D:0000 DB:86 nvmxdizc V:253 H:127 F:32
				849101 85 10       STA $10       [000010] A:DB57 X:7130 Y:0241 S:011B D:0000 DB:86 Nvmxdizc V:253 H:145 F:32
				849103 AD 94 0B    LDA $0B94     [860B94] A:DB57 X:7130 Y:0241 S:011B D:0000 DB:86 Nvmxdizc V:253 H:152 F:32
				849106 85 12       STA $12       [000012] A:B895 X:7130 Y:0241 S:011B D:0000 DB:86 Nvmxdizc V:253 H:161 F:32
				849108 B7 10       LDA [$10],Y   [95DD98] A:B895 X:7130 Y:0241 S:011B D:0000 DB:86 Nvmxdizc V:253 H:168 F:32
				84910A 29 FF 00    AND #$00FF             A:0000 X:7130 Y:0241 S:011B D:0000 DB:86 nvmxdiZc V:253 H:180 F:32
				84910D 28          PLP                    A:0000 X:7130 Y:0241 S:011B D:0000 DB:86 nvmxdiZc V:253 H:184 F:32
				84910E FA          PLX                    A:0000 X:7130 Y:0241 S:011C D:0000 DB:86 NvMxdizc V:253 H:191 F:32
				84910F 2B          PLD                    A:0000 X:0E68 Y:0241 S:011E D:0000 DB:86 nvMxdizc V:253 H:199 F:32
				849110 60          RTS                    A:0000 X:0E68 Y:0241 S:0120 D:0000 DB:86 nvMxdiZc V:253 H:208 F:32

				849318 B4 05       LDY $05,X     [000E6D] A:0000 X:0E68 Y:0241 S:0122 D:0000 DB:86 nvMxdiZc V:253 H:218 F:32
				84931A 84 10       STY $10       [000010] A:0000 X:0E68 Y:149C S:0122 D:0000 DB:86 nvMxdizc V:253 H:226 F:32
				84931C B4 08       LDY $08,X     [000E70] A:0000 X:0E68 Y:149C S:0122 D:0000 DB:86 nvMxdizc V:253 H:233 F:32
				84931E 84 12       STY $12       [000012] A:0000 X:0E68 Y:0AA0 S:0122 D:0000 DB:86 nvMxdizc V:253 H:242 F:32
				849320 95 2D       STA $2D,X     [000E95] A:0000 X:0E68 Y:0AA0 S:0122 D:0000 DB:86 nvMxdizc V:253 H:249 F:32
				849322 86 2C       STX $2C       [00002C] A:0000 X:0E68 Y:0AA0 S:0122 D:0000 DB:86 nvMxdizc V:253 H:255 F:32
				849324 29 3F       AND #$3F               A:0000 X:0E68 Y:0AA0 S:0122 D:0000 DB:86 nvMxdizc V:253 H:262 F:32
				849326 0A          ASL A                  A:0000 X:0E68 Y:0AA0 S:0122 D:0000 DB:86 nvMxdiZc V:253 H:265 F:32
				849327 EB          XBA                    A:0000 X:0E68 Y:0AA0 S:0122 D:0000 DB:86 nvMxdiZc V:253 H:268 F:32
				849328 A9 00       LDA #$00               A:0000 X:0E68 Y:0AA0 S:0122 D:0000 DB:86 nvMxdiZc V:253 H:273 F:32
				84932A EB          XBA                    A:0000 X:0E68 Y:0AA0 S:0122 D:0000 DB:86 nvMxdiZc V:253 H:276 F:32
				84932B AA          TAX                    A:0000 X:0E68 Y:0AA0 S:0122 D:0000 DB:86 nvMxdiZc V:253 H:280 F:32
				84932C FC 5D 93    JSR ($935D,X) [84935D] A:0000 X:0000 Y:0AA0 S:0122 D:0000 DB:86 nvMxdiZc V:253 H:283 F:32

				84977A A9 00       LDA #$00               A:0000 X:0000 Y:0AA0 S:0120 D:0000 DB:86 nvMxdiZc V:253 H:296 F:32
				84977C 60          RTS                    A:0000 X:0000 Y:0AA0 S:0120 D:0000 DB:86 nvMxdiZc V:253 H:299 F:32

				84932F 08          PHP                    A:0000 X:0000 Y:0AA0 S:0122 D:0000 DB:86 nvMxdiZc V:253 H:309 F:32
				849330 A6 2C       LDX $2C       [00002C] A:0000 X:0000 Y:0AA0 S:0121 D:0000 DB:86 nvMxdiZc V:253 H:314 F:32
				849332 A9 01       LDA #$01               A:0000 X:0E68 Y:0AA0 S:0121 D:0000 DB:86 nvMxdizc V:253 H:321 F:32
				849334 34 29       BIT $29,X     [000E91] A:0001 X:0E68 Y:0AA0 S:0121 D:0000 DB:86 nvMxdizc V:253 H:324 F:32
				849336 10 02       BPL $0002     [84933A] A:0001 X:0E68 Y:0AA0 S:0121 D:0000 DB:86 NVMxdizc V:253 H:330 F:32
				849338 A9 02       LDA #$02               A:0001 X:0E68 Y:0AA0 S:0121 D:0000 DB:86 NVMxdizc V:253 H:333 F:32
				84933A 28          PLP                    A:0002 X:0E68 Y:0AA0 S:0121 D:0000 DB:86 nVMxdizc V:253 H:336 F:32
				84933B F0 0C       BEQ $000C     [849349] A:0002 X:0E68 Y:0AA0 S:0122 D:0000 DB:86 nvMxdiZc V:254 H:  2 F:32
				849349 49 FF       EOR #$FF               A:0002 X:0E68 Y:0AA0 S:0122 D:0000 DB:86 nvMxdiZc V:254 H:  7 F:32
				84934B 35 2B       AND $2B,X     [000E93] A:00FD X:0E68 Y:0AA0 S:0122 D:0000 DB:86 NvMxdizc V:254 H: 10 F:32
				84934D 95 2B       STA $2B,X     [000E93] A:0000 X:0E68 Y:0AA0 S:0122 D:0000 DB:86 nvMxdiZc V:254 H: 16 F:32
				84934F 20 08 93    JSR $9308     [849308] A:0000 X:0E68 Y:0AA0 S:0122 D:0000 DB:86 nvMxdiZc V:254 H: 23 F:32

				849308 A5 14       LDA $14       [000014] A:0000 X:0E68 Y:0AA0 S:0120 D:0000 DB:86 nvMxdiZc V:254 H: 33 F:32
				84930A F0 08       BEQ $0008     [849314] A:0000 X:0E68 Y:0AA0 S:0120 D:0000 DB:86 nvMxdiZc V:254 H: 38 F:32
				849314 60          RTS                    A:0000 X:0E68 Y:0AA0 S:0120 D:0000 DB:86 nvMxdiZc V:254 H: 42 F:32

				849352 A9 00       LDA #$00               A:0000 X:0E68 Y:0AA0 S:0122 D:0000 DB:86 nvMxdiZc V:254 H: 52 F:32
				849354 60          RTS                    A:0000 X:0E68 Y:0AA0 S:0122 D:0000 DB:86 nvMxdiZc V:254 H: 55 F:32

				8492F1 D0 12       BNE $0012     [849305] A:0000 X:0E68 Y:0AA0 S:0124 D:0000 DB:86 nvMxdiZc V:254 H: 65 F:32
				8492F3 B4 20       LDY $20,X     [000E88] A:0000 X:0E68 Y:0AA0 S:0124 D:0000 DB:86 nvMxdiZc V:254 H: 68 F:32
				8492F5 B9 06 00    LDA $0006,Y   [86C94B] A:0000 X:0E68 Y:C945 S:0124 D:0000 DB:86 NvMxdizc V:254 H: 77 F:32
				8492F8 18          CLC                    A:0000 X:0E68 Y:C945 S:0124 D:0000 DB:86 nvMxdiZc V:254 H: 84 F:32
				8492F9 79 08 00    ADC $0008,Y   [86C94D] A:0000 X:0E68 Y:C945 S:0124 D:0000 DB:86 nvMxdiZc V:254 H: 87 F:32
				8492FC 38          SEC                    A:000D X:0E68 Y:C945 S:0124 D:0000 DB:86 nvMxdizc V:254 H: 95 F:32
				8492FD F9 09 00    SBC $0009,Y   [86C94E] A:000D X:0E68 Y:C945 S:0124 D:0000 DB:86 nvMxdizC V:254 H: 98 F:32
				849300 95 2A       STA $2A,X     [000E92] A:0008 X:0E68 Y:C945 S:0124 D:0000 DB:86 nvMxdizC V:254 H:105 F:32
				849302 20 15 93    JSR $9315     [849315] A:0008 X:0E68 Y:C945 S:0124 D:0000 DB:86 nvMxdizC V:254 H:112 F:32

				849315 20 B3 90    JSR $90B3     [8490B3] A:0008 X:0E68 Y:C945 S:0122 D:0000 DB:86 nvMxdizC V:254 H:122 F:32

				8490B3 0B          PHD                    A:0008 X:0E68 Y:C945 S:0120 D:0000 DB:86 nvMxdizC V:254 H:132 F:32
				8490B4 DA          PHX                    A:0008 X:0E68 Y:C945 S:011E D:0000 DB:86 nvMxdizC V:254 H:149 F:32
				8490B5 08          PHP                    A:0008 X:0E68 Y:C945 S:011C D:0000 DB:86 nvMxdizC V:254 H:156 F:32
				8490B6 E2 20       SEP #$20               A:0008 X:0E68 Y:C945 S:011B D:0000 DB:86 nvMxdizC V:254 H:161 F:32
				8490B8 C2 10       REP #$10               A:0008 X:0E68 Y:C945 S:011B D:0000 DB:86 nvMxdizC V:254 H:165 F:32
				8490BA 64 01       STZ $01       [000001] A:0008 X:0E68 Y:C945 S:011B D:0000 DB:86 nvMxdizC V:254 H:170 F:32
				8490BC B5 29       LDA $29,X     [000E91] A:0008 X:0E68 Y:C945 S:011B D:0000 DB:86 nvMxdizC V:254 H:175 F:32
				8490BE 10 02       BPL $0002     [8490C2] A:00F1 X:0E68 Y:C945 S:011B D:0000 DB:86 NvMxdizC V:254 H:181 F:32
				8490C0 C6 01       DEC $01       [000001] A:00F1 X:0E68 Y:C945 S:011B D:0000 DB:86 NvMxdizC V:254 H:184 F:32
				8490C2 18          CLC                    A:00F1 X:0E68 Y:C945 S:011B D:0000 DB:86 NvMxdizC V:254 H:193 F:32
				8490C3 75 05       ADC $05,X     [000E6D] A:00F1 X:0E68 Y:C945 S:011B D:0000 DB:86 NvMxdizc V:254 H:196 F:32
				8490C5 85 00       STA $00       [000000] A:008D X:0E68 Y:C945 S:011B D:0000 DB:86 NvMxdizC V:254 H:202 F:32
				8490C7 B5 06       LDA $06,X     [000E6E] A:008D X:0E68 Y:C945 S:011B D:0000 DB:86 NvMxdizC V:254 H:207 F:32
				8490C9 65 01       ADC $01       [000001] A:0014 X:0E68 Y:C945 S:011B D:0000 DB:86 nvMxdizC V:254 H:214 F:32
				8490CB 85 01       STA $01       [000001] A:0014 X:0E68 Y:C945 S:011B D:0000 DB:86 nvMxdizC V:254 H:219 F:32
				8490CD 64 03       STZ $03       [000003] A:0014 X:0E68 Y:C945 S:011B D:0000 DB:86 nvMxdizC V:254 H:224 F:32
				8490CF B5 2A       LDA $2A,X     [000E92] A:0014 X:0E68 Y:C945 S:011B D:0000 DB:86 nvMxdizC V:254 H:229 F:32
				8490D1 10 02       BPL $0002     [8490D5] A:0008 X:0E68 Y:C945 S:011B D:0000 DB:86 nvMxdizC V:254 H:235 F:32
				8490D5 18          CLC                    A:0008 X:0E68 Y:C945 S:011B D:0000 DB:86 nvMxdizC V:254 H:240 F:32
				8490D6 75 08       ADC $08,X     [000E70] A:0008 X:0E68 Y:C945 S:011B D:0000 DB:86 nvMxdizc V:254 H:243 F:32
				8490D8 85 02       STA $02       [000002] A:00A8 X:0E68 Y:C945 S:011B D:0000 DB:86 NvMxdizc V:254 H:249 F:32
				8490DA 29 F0       AND #$F0               A:00A8 X:0E68 Y:C945 S:011B D:0000 DB:86 NvMxdizc V:254 H:254 F:32
				8490DC 85 0A       STA $0A       [00000A] A:00A0 X:0E68 Y:C945 S:011B D:0000 DB:86 NvMxdizc V:254 H:257 F:32
				8490DE B5 09       LDA $09,X     [000E71] A:00A0 X:0E68 Y:C945 S:011B D:0000 DB:86 NvMxdizc V:254 H:262 F:32
				8490E0 65 03       ADC $03       [000003] A:000A X:0E68 Y:C945 S:011B D:0000 DB:86 nvMxdizc V:254 H:269 F:32
				8490E2 85 03       STA $03       [000003] A:000A X:0E68 Y:C945 S:011B D:0000 DB:86 nvMxdizc V:254 H:274 F:32
				8490E4 85 0B       STA $0B       [00000B] A:000A X:0E68 Y:C945 S:011B D:0000 DB:86 nvMxdizc V:254 H:279 F:32
				8490E6 A5 00       LDA $00       [000000] A:000A X:0E68 Y:C945 S:011B D:0000 DB:86 nvMxdizc V:254 H:284 F:32
				8490E8 29 0F       AND #$0F               A:008D X:0E68 Y:C945 S:011B D:0000 DB:86 NvMxdizc V:254 H:289 F:32
				8490EA 1A          INC                    A:000D X:0E68 Y:C945 S:011B D:0000 DB:86 nvMxdizc V:254 H:292 F:32
				8490EB 85 0C       STA $0C       [00000C] A:000E X:0E68 Y:C945 S:011B D:0000 DB:86 nvMxdizc V:254 H:295 F:32
				8490ED A5 02       LDA $02       [000002] A:000E X:0E68 Y:C945 S:011B D:0000 DB:86 nvMxdizc V:254 H:300 F:32
				8490EF 29 0F       AND #$0F               A:00A8 X:0E68 Y:C945 S:011B D:0000 DB:86 NvMxdizc V:254 H:305 F:32
				8490F1 1A          INC                    A:0008 X:0E68 Y:C945 S:011B D:0000 DB:86 nvMxdizc V:254 H:308 F:32
				8490F2 85 0E       STA $0E       [00000E] A:0009 X:0E68 Y:C945 S:011B D:0000 DB:86 nvMxdizc V:254 H:311 F:32
				8490F4 C2 20       REP #$20               A:0009 X:0E68 Y:C945 S:011B D:0000 DB:86 nvMxdizc V:254 H:316 F:32
				8490F6 20 6A 91    JSR $916A     [84916A] A:0009 X:0E68 Y:C945 S:011B D:0000 DB:86 nvmxdizc V:254 H:320 F:32

				84916A A9 00 E8    LDA #$E800             A:0009 X:0E68 Y:C945 S:0119 D:0000 DB:86 nvmxdizc V:254 H:329 F:32
				84916D 85 10       STA $10       [000010] A:E800 X:0E68 Y:C945 S:0119 D:0000 DB:86 Nvmxdizc V:254 H:334 F:32
				84916F A9 7E 00    LDA #$007E             A:E800 X:0E68 Y:C945 S:0119 D:0000 DB:86 Nvmxdizc V:255 H:  1 F:32
				849172 85 12       STA $12       [000012] A:007E X:0E68 Y:C945 S:0119 D:0000 DB:86 nvmxdizc V:255 H:  5 F:32
				849174 A5 02       LDA $02       [000002] A:007E X:0E68 Y:C945 S:0119 D:0000 DB:86 nvmxdizc V:255 H: 12 F:32
				849176 29 F0 00    AND #$00F0             A:0AA8 X:0E68 Y:C945 S:0119 D:0000 DB:86 nvmxdizc V:255 H: 19 F:32
				849179 0A          ASL A                  A:00A0 X:0E68 Y:C945 S:0119 D:0000 DB:86 nvmxdizc V:255 H: 24 F:32
				84917A 85 04       STA $04       [000004] A:0140 X:0E68 Y:C945 S:0119 D:0000 DB:86 nvmxdizc V:255 H: 27 F:32
				84917C A5 00       LDA $00       [000000] A:0140 X:0E68 Y:C945 S:0119 D:0000 DB:86 nvmxdizc V:255 H: 34 F:32
				84917E 29 FF 00    AND #$00FF             A:148D X:0E68 Y:C945 S:0119 D:0000 DB:86 nvmxdizc V:255 H: 41 F:32
				849181 4A          LSR A                  A:008D X:0E68 Y:C945 S:0119 D:0000 DB:86 nvmxdizc V:255 H: 45 F:32
				849182 4A          LSR A                  A:0046 X:0E68 Y:C945 S:0119 D:0000 DB:86 nvmxdizC V:255 H: 48 F:32
				849183 4A          LSR A                  A:0023 X:0E68 Y:C945 S:0119 D:0000 DB:86 nvmxdizc V:255 H: 51 F:32
				849184 29 FE FF    AND #$FFFE             A:0011 X:0E68 Y:C945 S:0119 D:0000 DB:86 nvmxdizC V:255 H: 54 F:32
				849187 18          CLC                    A:0010 X:0E68 Y:C945 S:0119 D:0000 DB:86 nvmxdizC V:255 H: 59 F:32
				849188 65 04       ADC $04       [000004] A:0010 X:0E68 Y:C945 S:0119 D:0000 DB:86 nvmxdizc V:255 H: 62 F:32
				84918A 85 06       STA $06       [000006] A:0150 X:0E68 Y:C945 S:0119 D:0000 DB:86 nvmxdizc V:255 H: 69 F:32
				84918C A5 00       LDA $00       [000000] A:0150 X:0E68 Y:C945 S:0119 D:0000 DB:86 nvmxdizc V:255 H: 76 F:32
				84918E EB          XBA                    A:148D X:0E68 Y:C945 S:0119 D:0000 DB:86 nvmxdizc V:255 H: 83 F:32
				84918F 29 1F 00    AND #$001F             A:8D14 X:0E68 Y:C945 S:0119 D:0000 DB:86 nvmxdizc V:255 H: 87 F:32
				849192 85 04       STA $04       [000004] A:0014 X:0E68 Y:C945 S:0119 D:0000 DB:86 nvmxdizc V:255 H: 92 F:32
				849194 A5 02       LDA $02       [000002] A:0014 X:0E68 Y:C945 S:0119 D:0000 DB:86 nvmxdizc V:255 H: 99 F:32
				849196 29 00 1F    AND #$1F00             A:0AA8 X:0E68 Y:C945 S:0119 D:0000 DB:86 nvmxdizc V:255 H:106 F:32
				849199 4A          LSR A                  A:0A00 X:0E68 Y:C945 S:0119 D:0000 DB:86 nvmxdizc V:255 H:110 F:32
				84919A 4A          LSR A                  A:0500 X:0E68 Y:C945 S:0119 D:0000 DB:86 nvmxdizc V:255 H:113 F:32
				84919B 4A          LSR A                  A:0280 X:0E68 Y:C945 S:0119 D:0000 DB:86 nvmxdizc V:255 H:116 F:32
				84919C 18          CLC                    A:0140 X:0E68 Y:C945 S:0119 D:0000 DB:86 nvmxdizc V:255 H:119 F:32
				84919D 65 04       ADC $04       [000004] A:0140 X:0E68 Y:C945 S:0119 D:0000 DB:86 nvmxdizc V:255 H:122 F:32
				84919F A8          TAY                    A:0154 X:0E68 Y:C945 S:0119 D:0000 DB:86 nvmxdizc V:255 H:129 F:32
				8491A0 B7 10       LDA [$10],Y   [7EE954] A:0154 X:0E68 Y:0154 S:0119 D:0000 DB:86 nvmxdizc V:255 H:132 F:32
				8491A2 29 FF 00    AND #$00FF             A:0038 X:0E68 Y:0154 S:0119 D:0000 DB:86 nvmxdizc V:255 H:155 F:32
				8491A5 A8          TAY                    A:0038 X:0E68 Y:0154 S:0119 D:0000 DB:86 nvmxdizc V:255 H:160 F:32
				8491A6 EB          XBA                    A:0038 X:0E68 Y:0038 S:0119 D:0000 DB:86 nvmxdizc V:255 H:163 F:32
				8491A7 0A          ASL A                  A:3800 X:0E68 Y:0038 S:0119 D:0000 DB:86 nvmxdiZc V:255 H:167 F:32
				8491A8 18          CLC                    A:7000 X:0E68 Y:0038 S:0119 D:0000 DB:86 nvmxdizc V:255 H:170 F:32
				8491A9 65 06       ADC $06       [000006] A:7000 X:0E68 Y:0038 S:0119 D:0000 DB:86 nvmxdizc V:255 H:173 F:32
				8491AB AA          TAX                    A:7150 X:0E68 Y:0038 S:0119 D:0000 DB:86 nvmxdizc V:255 H:180 F:32
				8491AC 60          RTS                    A:7150 X:7150 Y:0038 S:0119 D:0000 DB:86 nvmxdizc V:255 H:183 F:32

				8490F9 BF 00 20 7E LDA $7E2000,X [7E9150] A:7150 X:7150 Y:0038 S:011B D:0000 DB:86 nvmxdizc V:255 H:193 F:32
				8490FD A8          TAY                    A:01D2 X:7150 Y:0038 S:011B D:0000 DB:86 nvmxdizc V:255 H:203 F:32
				8490FE AD 92 0B    LDA $0B92     [860B92] A:01D2 X:7150 Y:01D2 S:011B D:0000 DB:86 nvmxdizc V:255 H:206 F:32
				849101 85 10       STA $10       [000010] A:DB57 X:7150 Y:01D2 S:011B D:0000 DB:86 Nvmxdizc V:255 H:215 F:32
				849103 AD 94 0B    LDA $0B94     [860B94] A:DB57 X:7150 Y:01D2 S:011B D:0000 DB:86 Nvmxdizc V:255 H:222 F:32
				849106 85 12       STA $12       [000012] A:B895 X:7150 Y:01D2 S:011B D:0000 DB:86 Nvmxdizc V:255 H:230 F:32
				849108 B7 10       LDA [$10],Y   [95DD29] A:B895 X:7150 Y:01D2 S:011B D:0000 DB:86 Nvmxdizc V:255 H:237 F:32
				84910A 29 FF 00    AND #$00FF             A:0000 X:7150 Y:01D2 S:011B D:0000 DB:86 nvmxdiZc V:255 H:249 F:32
				84910D 28          PLP                    A:0000 X:7150 Y:01D2 S:011B D:0000 DB:86 nvmxdiZc V:255 H:254 F:32
				84910E FA          PLX                    A:0000 X:7150 Y:01D2 S:011C D:0000 DB:86 nvMxdizC V:255 H:260 F:32
				84910F 2B          PLD                    A:0000 X:0E68 Y:01D2 S:011E D:0000 DB:86 nvMxdizC V:255 H:269 F:32
				849110 60          RTS                    A:0000 X:0E68 Y:01D2 S:0120 D:0000 DB:86 nvMxdiZC V:255 H:277 F:32

				849318 B4 05       LDY $05,X     [000E6D] A:0000 X:0E68 Y:01D2 S:0122 D:0000 DB:86 nvMxdiZC V:255 H:287 F:32
				84931A 84 10       STY $10       [000010] A:0000 X:0E68 Y:149C S:0122 D:0000 DB:86 nvMxdizC V:255 H:296 F:32
				84931C B4 08       LDY $08,X     [000E70] A:0000 X:0E68 Y:149C S:0122 D:0000 DB:86 nvMxdizC V:255 H:303 F:32
				84931E 84 12       STY $12       [000012] A:0000 X:0E68 Y:0AA0 S:0122 D:0000 DB:86 nvMxdizC V:255 H:311 F:32
				849320 95 2D       STA $2D,X     [000E95] A:0000 X:0E68 Y:0AA0 S:0122 D:0000 DB:86 nvMxdizC V:255 H:318 F:32
				849322 86 2C       STX $2C       [00002C] A:0000 X:0E68 Y:0AA0 S:0122 D:0000 DB:86 nvMxdizC V:255 H:324 F:32
				849324 29 3F       AND #$3F               A:0000 X:0E68 Y:0AA0 S:0122 D:0000 DB:86 nvMxdizC V:255 H:331 F:32
				849326 0A          ASL A                  A:0000 X:0E68 Y:0AA0 S:0122 D:0000 DB:86 nvMxdiZC V:255 H:334 F:32
				849327 EB          XBA                    A:0000 X:0E68 Y:0AA0 S:0122 D:0000 DB:86 nvMxdiZc V:255 H:337 F:32
				849328 A9 00       LDA #$00               A:0000 X:0E68 Y:0AA0 S:0122 D:0000 DB:86 nvMxdiZc V:256 H:  1 F:32
				84932A EB          XBA                    A:0000 X:0E68 Y:0AA0 S:0122 D:0000 DB:86 nvMxdiZc V:256 H:  4 F:32
				84932B AA          TAX                    A:0000 X:0E68 Y:0AA0 S:0122 D:0000 DB:86 nvMxdiZc V:256 H:  9 F:32
				84932C FC 5D 93    JSR ($935D,X) [84935D] A:0000 X:0000 Y:0AA0 S:0122 D:0000 DB:86 nvMxdiZc V:256 H: 12 F:32

				84977A A9 00       LDA #$00               A:0000 X:0000 Y:0AA0 S:0120 D:0000 DB:86 nvMxdiZc V:256 H: 25 F:32
				84977C 60          RTS                    A:0000 X:0000 Y:0AA0 S:0120 D:0000 DB:86 nvMxdiZc V:256 H: 28 F:32

				84932F 08          PHP                    A:0000 X:0000 Y:0AA0 S:0122 D:0000 DB:86 nvMxdiZc V:256 H: 38 F:32
				849330 A6 2C       LDX $2C       [00002C] A:0000 X:0000 Y:0AA0 S:0121 D:0000 DB:86 nvMxdiZc V:256 H: 43 F:32
				849332 A9 01       LDA #$01               A:0000 X:0E68 Y:0AA0 S:0121 D:0000 DB:86 nvMxdizc V:256 H: 50 F:32
				849334 34 29       BIT $29,X     [000E91] A:0001 X:0E68 Y:0AA0 S:0121 D:0000 DB:86 nvMxdizc V:256 H: 53 F:32
				849336 10 02       BPL $0002     [84933A] A:0001 X:0E68 Y:0AA0 S:0121 D:0000 DB:86 NVMxdizc V:256 H: 59 F:32
				849338 A9 02       LDA #$02               A:0001 X:0E68 Y:0AA0 S:0121 D:0000 DB:86 NVMxdizc V:256 H: 62 F:32
				84933A 28          PLP                    A:0002 X:0E68 Y:0AA0 S:0121 D:0000 DB:86 nVMxdizc V:256 H: 65 F:32
				84933B F0 0C       BEQ $000C     [849349] A:0002 X:0E68 Y:0AA0 S:0122 D:0000 DB:86 nvMxdiZc V:256 H: 72 F:32
				849349 49 FF       EOR #$FF               A:0002 X:0E68 Y:0AA0 S:0122 D:0000 DB:86 nvMxdiZc V:256 H: 76 F:32
				84934B 35 2B       AND $2B,X     [000E93] A:00FD X:0E68 Y:0AA0 S:0122 D:0000 DB:86 NvMxdizc V:256 H: 79 F:32
				84934D 95 2B       STA $2B,X     [000E93] A:0000 X:0E68 Y:0AA0 S:0122 D:0000 DB:86 nvMxdiZc V:256 H: 86 F:32
				84934F 20 08 93    JSR $9308     [849308] A:0000 X:0E68 Y:0AA0 S:0122 D:0000 DB:86 nvMxdiZc V:256 H: 92 F:32

				849308 A5 14       LDA $14       [000014] A:0000 X:0E68 Y:0AA0 S:0120 D:0000 DB:86 nvMxdiZc V:256 H:102 F:32
				84930A F0 08       BEQ $0008     [849314] A:0000 X:0E68 Y:0AA0 S:0120 D:0000 DB:86 nvMxdiZc V:256 H:107 F:32
				849314 60          RTS                    A:0000 X:0E68 Y:0AA0 S:0120 D:0000 DB:86 nvMxdiZc V:256 H:112 F:32

				849352 A9 00       LDA #$00               A:0000 X:0E68 Y:0AA0 S:0122 D:0000 DB:86 nvMxdiZc V:256 H:122 F:32
				849354 60          RTS                    A:0000 X:0E68 Y:0AA0 S:0122 D:0000 DB:86 nvMxdiZc V:256 H:125 F:32

				849305 C2 30       REP #$30               A:0000 X:0E68 Y:0AA0 S:0124 D:0000 DB:86 nvMxdiZc V:256 H:145 F:32
				849307 60          RTS                    A:0000 X:0E68 Y:0AA0 S:0124 D:0000 DB:86 nvmxdiZc V:256 H:149 F:32

				8491D8 20 ED 91    JSR $91ED     [8491ED] A:0000 X:0E68 Y:0AA0 S:0126 D:0000 DB:86 nvmxdiZc V:256 H:159 F:32

				8491ED B5 08       LDA $08,X     [000E70] A:0000 X:0E68 Y:0AA0 S:0124 D:0000 DB:86 nvmxdiZc V:256 H:169 F:32
				8491EF D5 24       CMP $24,X     [000E8C] A:0AA0 X:0E68 Y:0AA0 S:0124 D:0000 DB:86 nvmxdizc V:256 H:178 F:32
				8491F1 F0 F2       BEQ $00F2     [8491E5] A:0AA0 X:0E68 Y:0AA0 S:0124 D:0000 DB:86 nvmxdizC V:256 H:186 F:32
				8491F3 10 4D       BPL $004D     [849242] A:0AA0 X:0E68 Y:0AA0 S:0124 D:0000 DB:86 nvmxdizC V:256 H:189 F:32
				849242 E2 20       SEP #$20               A:0AA0 X:0E68 Y:0AA0 S:0124 D:0000 DB:86 nvmxdizC V:256 H:194 F:32
				849244 A0 04 00    LDY #$0004             A:0AA0 X:0E68 Y:0AA0 S:0124 D:0000 DB:86 nvMxdizC V:256 H:198 F:32
				849247 AD 1C 1F    LDA $1F1C     [861F1C] A:0AA0 X:0E68 Y:0004 S:0124 D:0000 DB:86 nvMxdizC V:256 H:203 F:32
				84924A F0 03       BEQ $0003     [84924F] A:0A00 X:0E68 Y:0004 S:0124 D:0000 DB:86 nvMxdiZC V:256 H:209 F:32
				84924F B5 2F       LDA $2F,X     [000E97] A:0A00 X:0E68 Y:0004 S:0124 D:0000 DB:86 nvMxdiZC V:256 H:214 F:32
				849251 F0 03       BEQ $0003     [849256] A:0A00 X:0E68 Y:0004 S:0124 D:0000 DB:86 nvMxdiZC V:256 H:220 F:32
				849256 98          TYA                    A:0A00 X:0E68 Y:0004 S:0124 D:0000 DB:86 nvMxdiZC V:256 H:225 F:32
				849257 09 80       ORA #$80               A:0A04 X:0E68 Y:0004 S:0124 D:0000 DB:86 nvMxdizC V:256 H:228 F:32
				849259 85 08       STA $08       [000008] A:0A84 X:0E68 Y:0004 S:0124 D:0000 DB:86 NvMxdizC V:256 H:231 F:32
				84925B B4 20       LDY $20,X     [000E88] A:0A84 X:0E68 Y:0004 S:0124 D:0000 DB:86 NvMxdizC V:256 H:236 F:32
				84925D B9 06 00    LDA $0006,Y   [86C94B] A:0A84 X:0E68 Y:C945 S:0124 D:0000 DB:86 NvMxdizC V:256 H:244 F:32
				849260 18          CLC                    A:0A00 X:0E68 Y:C945 S:0124 D:0000 DB:86 nvMxdiZC V:256 H:252 F:32
				849261 79 08 00    ADC $0008,Y   [86C94D] A:0A00 X:0E68 Y:C945 S:0124 D:0000 DB:86 nvMxdiZc V:256 H:255 F:32
				849264 95 2A       STA $2A,X     [000E92] A:0A0D X:0E68 Y:C945 S:0124 D:0000 DB:86 nvMxdizc V:256 H:262 F:32
				849266 B9 05 00    LDA $0005,Y   [86C94A] A:0A0D X:0E68 Y:C945 S:0124 D:0000 DB:86 nvMxdizc V:256 H:269 F:32
				849269 34 11       BIT $11,X     [000E79] A:0A00 X:0E68 Y:C945 S:0124 D:0000 DB:86 nvMxdiZc V:256 H:276 F:32
				84926B 50 03       BVC $0003     [849270] A:0A00 X:0E68 Y:C945 S:0124 D:0000 DB:86 nvMxdiZc V:256 H:283 F:32
				849270 95 29       STA $29,X     [000E91] A:0A00 X:0E68 Y:C945 S:0124 D:0000 DB:86 nvMxdiZc V:256 H:287 F:32
				849272 20 C4 95    JSR $95C4     [8495C4] A:0A00 X:0E68 Y:C945 S:0124 D:0000 DB:86 nvMxdiZc V:256 H:294 F:32

				8495C4 B5 2A       LDA $2A,X     [000E92] A:0A00 X:0E68 Y:C945 S:0122 D:0000 DB:86 nvMxdiZc V:256 H:304 F:32
				8495C6 48          PHA                    A:0A0D X:0E68 Y:C945 S:0122 D:0000 DB:86 nvMxdizc V:256 H:310 F:32
				8495C7 A5 08       LDA $08       [000008] A:0A0D X:0E68 Y:C945 S:0121 D:0000 DB:86 nvMxdizc V:256 H:315 F:32
				8495C9 29 7F       AND #$7F               A:0A84 X:0E68 Y:C945 S:0121 D:0000 DB:86 NvMxdizc V:256 H:320 F:32
				8495CB 18          CLC                    A:0A04 X:0E68 Y:C945 S:0121 D:0000 DB:86 nvMxdizc V:256 H:323 F:32
				8495CC 75 2A       ADC $2A,X     [000E92] A:0A04 X:0E68 Y:C945 S:0121 D:0000 DB:86 nvMxdizc V:256 H:326 F:32
				8495CE 95 2A       STA $2A,X     [000E92] A:0A11 X:0E68 Y:C945 S:0121 D:0000 DB:86 nvMxdizc V:256 H:332 F:32
				8495D0 20 B3 90    JSR $90B3     [8490B3] A:0A11 X:0E68 Y:C945 S:0121 D:0000 DB:86 nvMxdizc V:256 H:338 F:32

				8490B3 0B          PHD                    A:0A11 X:0E68 Y:C945 S:011F D:0000 DB:86 nvMxdizc V:257 H:  8 F:32
				8490B4 DA          PHX                    A:0A11 X:0E68 Y:C945 S:011D D:0000 DB:86 nvMxdizc V:257 H: 15 F:32
				8490B5 08          PHP                    A:0A11 X:0E68 Y:C945 S:011B D:0000 DB:86 nvMxdizc V:257 H: 22 F:32
				8490B6 E2 20       SEP #$20               A:0A11 X:0E68 Y:C945 S:011A D:0000 DB:86 nvMxdizc V:257 H: 27 F:32
				8490B8 C2 10       REP #$10               A:0A11 X:0E68 Y:C945 S:011A D:0000 DB:86 nvMxdizc V:257 H: 32 F:32
				8490BA 64 01       STZ $01       [000001] A:0A11 X:0E68 Y:C945 S:011A D:0000 DB:86 nvMxdizc V:257 H: 36 F:32
				8490BC B5 29       LDA $29,X     [000E91] A:0A11 X:0E68 Y:C945 S:011A D:0000 DB:86 nvMxdizc V:257 H: 41 F:32
				8490BE 10 02       BPL $0002     [8490C2] A:0A00 X:0E68 Y:C945 S:011A D:0000 DB:86 nvMxdiZc V:257 H: 48 F:32
				8490C2 18          CLC                    A:0A00 X:0E68 Y:C945 S:011A D:0000 DB:86 nvMxdiZc V:257 H: 52 F:32
				8490C3 75 05       ADC $05,X     [000E6D] A:0A00 X:0E68 Y:C945 S:011A D:0000 DB:86 nvMxdiZc V:257 H: 55 F:32
				8490C5 85 00       STA $00       [000000] A:0A9C X:0E68 Y:C945 S:011A D:0000 DB:86 NvMxdizc V:257 H: 62 F:32
				8490C7 B5 06       LDA $06,X     [000E6E] A:0A9C X:0E68 Y:C945 S:011A D:0000 DB:86 NvMxdizc V:257 H: 67 F:32
				8490C9 65 01       ADC $01       [000001] A:0A14 X:0E68 Y:C945 S:011A D:0000 DB:86 nvMxdizc V:257 H: 73 F:32
				8490CB 85 01       STA $01       [000001] A:0A14 X:0E68 Y:C945 S:011A D:0000 DB:86 nvMxdizc V:257 H: 78 F:32
				8490CD 64 03       STZ $03       [000003] A:0A14 X:0E68 Y:C945 S:011A D:0000 DB:86 nvMxdizc V:257 H: 83 F:32
				8490CF B5 2A       LDA $2A,X     [000E92] A:0A14 X:0E68 Y:C945 S:011A D:0000 DB:86 nvMxdizc V:257 H: 88 F:32
				8490D1 10 02       BPL $0002     [8490D5] A:0A11 X:0E68 Y:C945 S:011A D:0000 DB:86 nvMxdizc V:257 H: 95 F:32
				8490D5 18          CLC                    A:0A11 X:0E68 Y:C945 S:011A D:0000 DB:86 nvMxdizc V:257 H: 99 F:32
				8490D6 75 08       ADC $08,X     [000E70] A:0A11 X:0E68 Y:C945 S:011A D:0000 DB:86 nvMxdizc V:257 H:102 F:32
				8490D8 85 02       STA $02       [000002] A:0AB1 X:0E68 Y:C945 S:011A D:0000 DB:86 NvMxdizc V:257 H:109 F:32
				8490DA 29 F0       AND #$F0               A:0AB1 X:0E68 Y:C945 S:011A D:0000 DB:86 NvMxdizc V:257 H:114 F:32
				8490DC 85 0A       STA $0A       [00000A] A:0AB0 X:0E68 Y:C945 S:011A D:0000 DB:86 NvMxdizc V:257 H:117 F:32
				8490DE B5 09       LDA $09,X     [000E71] A:0AB0 X:0E68 Y:C945 S:011A D:0000 DB:86 NvMxdizc V:257 H:122 F:32
				8490E0 65 03       ADC $03       [000003] A:0A0A X:0E68 Y:C945 S:011A D:0000 DB:86 nvMxdizc V:257 H:128 F:32
				8490E2 85 03       STA $03       [000003] A:0A0A X:0E68 Y:C945 S:011A D:0000 DB:86 nvMxdizc V:257 H:143 F:32
				8490E4 85 0B       STA $0B       [00000B] A:0A0A X:0E68 Y:C945 S:011A D:0000 DB:86 nvMxdizc V:257 H:148 F:32
				8490E6 A5 00       LDA $00       [000000] A:0A0A X:0E68 Y:C945 S:011A D:0000 DB:86 nvMxdizc V:257 H:153 F:32
				8490E8 29 0F       AND #$0F               A:0A9C X:0E68 Y:C945 S:011A D:0000 DB:86 NvMxdizc V:257 H:158 F:32
				8490EA 1A          INC                    A:0A0C X:0E68 Y:C945 S:011A D:0000 DB:86 nvMxdizc V:257 H:161 F:32
				8490EB 85 0C       STA $0C       [00000C] A:0A0D X:0E68 Y:C945 S:011A D:0000 DB:86 nvMxdizc V:257 H:164 F:32
				8490ED A5 02       LDA $02       [000002] A:0A0D X:0E68 Y:C945 S:011A D:0000 DB:86 nvMxdizc V:257 H:169 F:32
				8490EF 29 0F       AND #$0F               A:0AB1 X:0E68 Y:C945 S:011A D:0000 DB:86 NvMxdizc V:257 H:174 F:32
				8490F1 1A          INC                    A:0A01 X:0E68 Y:C945 S:011A D:0000 DB:86 nvMxdizc V:257 H:177 F:32
				8490F2 85 0E       STA $0E       [00000E] A:0A02 X:0E68 Y:C945 S:011A D:0000 DB:86 nvMxdizc V:257 H:180 F:32
				8490F4 C2 20       REP #$20               A:0A02 X:0E68 Y:C945 S:011A D:0000 DB:86 nvMxdizc V:257 H:185 F:32
				8490F6 20 6A 91    JSR $916A     [84916A] A:0A02 X:0E68 Y:C945 S:011A D:0000 DB:86 nvmxdizc V:257 H:190 F:32

				84916A A9 00 E8    LDA #$E800             A:0A02 X:0E68 Y:C945 S:0118 D:0000 DB:86 nvmxdizc V:257 H:200 F:32
				84916D 85 10       STA $10       [000010] A:E800 X:0E68 Y:C945 S:0118 D:0000 DB:86 Nvmxdizc V:257 H:204 F:32
				84916F A9 7E 00    LDA #$007E             A:E800 X:0E68 Y:C945 S:0118 D:0000 DB:86 Nvmxdizc V:257 H:211 F:32
				849172 85 12       STA $12       [000012] A:007E X:0E68 Y:C945 S:0118 D:0000 DB:86 nvmxdizc V:257 H:216 F:32
				849174 A5 02       LDA $02       [000002] A:007E X:0E68 Y:C945 S:0118 D:0000 DB:86 nvmxdizc V:257 H:223 F:32
				849176 29 F0 00    AND #$00F0             A:0AB1 X:0E68 Y:C945 S:0118 D:0000 DB:86 nvmxdizc V:257 H:230 F:32
				849179 0A          ASL A                  A:00B0 X:0E68 Y:C945 S:0118 D:0000 DB:86 nvmxdizc V:257 H:234 F:32
				84917A 85 04       STA $04       [000004] A:0160 X:0E68 Y:C945 S:0118 D:0000 DB:86 nvmxdizc V:257 H:237 F:32
				84917C A5 00       LDA $00       [000000] A:0160 X:0E68 Y:C945 S:0118 D:0000 DB:86 nvmxdizc V:257 H:244 F:32
				84917E 29 FF 00    AND #$00FF             A:149C X:0E68 Y:C945 S:0118 D:0000 DB:86 nvmxdizc V:257 H:251 F:32
				849181 4A          LSR A                  A:009C X:0E68 Y:C945 S:0118 D:0000 DB:86 nvmxdizc V:257 H:256 F:32
				849182 4A          LSR A                  A:004E X:0E68 Y:C945 S:0118 D:0000 DB:86 nvmxdizc V:257 H:259 F:32
				849183 4A          LSR A                  A:0027 X:0E68 Y:C945 S:0118 D:0000 DB:86 nvmxdizc V:257 H:262 F:32
				849184 29 FE FF    AND #$FFFE             A:0013 X:0E68 Y:C945 S:0118 D:0000 DB:86 nvmxdizC V:257 H:265 F:32
				849187 18          CLC                    A:0012 X:0E68 Y:C945 S:0118 D:0000 DB:86 nvmxdizC V:257 H:269 F:32
				849188 65 04       ADC $04       [000004] A:0012 X:0E68 Y:C945 S:0118 D:0000 DB:86 nvmxdizc V:257 H:272 F:32
				84918A 85 06       STA $06       [000006] A:0172 X:0E68 Y:C945 S:0118 D:0000 DB:86 nvmxdizc V:257 H:279 F:32
				84918C A5 00       LDA $00       [000000] A:0172 X:0E68 Y:C945 S:0118 D:0000 DB:86 nvmxdizc V:257 H:286 F:32
				84918E EB          XBA                    A:149C X:0E68 Y:C945 S:0118 D:0000 DB:86 nvmxdizc V:257 H:293 F:32
				84918F 29 1F 00    AND #$001F             A:9C14 X:0E68 Y:C945 S:0118 D:0000 DB:86 nvmxdizc V:257 H:298 F:32
				849192 85 04       STA $04       [000004] A:0014 X:0E68 Y:C945 S:0118 D:0000 DB:86 nvmxdizc V:257 H:302 F:32
				849194 A5 02       LDA $02       [000002] A:0014 X:0E68 Y:C945 S:0118 D:0000 DB:86 nvmxdizc V:257 H:309 F:32
				849196 29 00 1F    AND #$1F00             A:0AB1 X:0E68 Y:C945 S:0118 D:0000 DB:86 nvmxdizc V:257 H:316 F:32
				849199 4A          LSR A                  A:0A00 X:0E68 Y:C945 S:0118 D:0000 DB:86 nvmxdizc V:257 H:321 F:32
				84919A 4A          LSR A                  A:0500 X:0E68 Y:C945 S:0118 D:0000 DB:86 nvmxdizc V:257 H:323 F:32
				84919B 4A          LSR A                  A:0280 X:0E68 Y:C945 S:0118 D:0000 DB:86 nvmxdizc V:257 H:326 F:32
				84919C 18          CLC                    A:0140 X:0E68 Y:C945 S:0118 D:0000 DB:86 nvmxdizc V:257 H:329 F:32
				84919D 65 04       ADC $04       [000004] A:0140 X:0E68 Y:C945 S:0118 D:0000 DB:86 nvmxdizc V:257 H:332 F:32
				84919F A8          TAY                    A:0154 X:0E68 Y:C945 S:0118 D:0000 DB:86 nvmxdizc V:257 H:339 F:32
				8491A0 B7 10       LDA [$10],Y   [7EE954] A:0154 X:0E68 Y:0154 S:0118 D:0000 DB:86 nvmxdizc V:258 H:  2 F:32
				8491A2 29 FF 00    AND #$00FF             A:0038 X:0E68 Y:0154 S:0118 D:0000 DB:86 nvmxdizc V:258 H: 15 F:32
				8491A5 A8          TAY                    A:0038 X:0E68 Y:0154 S:0118 D:0000 DB:86 nvmxdizc V:258 H: 19 F:32
				8491A6 EB          XBA                    A:0038 X:0E68 Y:0038 S:0118 D:0000 DB:86 nvmxdizc V:258 H: 22 F:32
				8491A7 0A          ASL A                  A:3800 X:0E68 Y:0038 S:0118 D:0000 DB:86 nvmxdiZc V:258 H: 27 F:32
				8491A8 18          CLC                    A:7000 X:0E68 Y:0038 S:0118 D:0000 DB:86 nvmxdizc V:258 H: 30 F:32
				8491A9 65 06       ADC $06       [000006] A:7000 X:0E68 Y:0038 S:0118 D:0000 DB:86 nvmxdizc V:258 H: 33 F:32
				8491AB AA          TAX                    A:7172 X:0E68 Y:0038 S:0118 D:0000 DB:86 nvmxdizc V:258 H: 40 F:32
				8491AC 60          RTS                    A:7172 X:7172 Y:0038 S:0118 D:0000 DB:86 nvmxdizc V:258 H: 43 F:32

				8490F9 BF 00 20 7E LDA $7E2000,X [7E9172] A:7172 X:7172 Y:0038 S:011A D:0000 DB:86 nvmxdizc V:258 H: 53 F:32
				8490FD A8          TAY                    A:0131 X:7172 Y:0038 S:011A D:0000 DB:86 nvmxdizc V:258 H: 63 F:32
				8490FE AD 92 0B    LDA $0B92     [860B92] A:0131 X:7172 Y:0131 S:011A D:0000 DB:86 nvmxdizc V:258 H: 66 F:32
				849101 85 10       STA $10       [000010] A:DB57 X:7172 Y:0131 S:011A D:0000 DB:86 Nvmxdizc V:258 H: 74 F:32
				849103 AD 94 0B    LDA $0B94     [860B94] A:DB57 X:7172 Y:0131 S:011A D:0000 DB:86 Nvmxdizc V:258 H: 81 F:32
				849106 85 12       STA $12       [000012] A:B895 X:7172 Y:0131 S:011A D:0000 DB:86 Nvmxdizc V:258 H: 90 F:32
				849108 B7 10       LDA [$10],Y   [95DC88] A:B895 X:7172 Y:0131 S:011A D:0000 DB:86 Nvmxdizc V:258 H: 97 F:32
				84910A 29 FF 00    AND #$00FF             A:3B3B X:7172 Y:0131 S:011A D:0000 DB:86 nvmxdizc V:258 H:109 F:32
				84910D 28          PLP                    A:003B X:7172 Y:0131 S:011A D:0000 DB:86 nvmxdizc V:258 H:113 F:32
				84910E FA          PLX                    A:003B X:7172 Y:0131 S:011B D:0000 DB:86 nvMxdizc V:258 H:120 F:32
				84910F 2B          PLD                    A:003B X:0E68 Y:0131 S:011D D:0000 DB:86 nvMxdizc V:258 H:128 F:32
				849110 60          RTS                    A:003B X:0E68 Y:0131 S:011F D:0000 DB:86 nvMxdiZc V:258 H:147 F:32

				8495D3 95 2E       STA $2E,X     [000E96] A:003B X:0E68 Y:0131 S:0121 D:0000 DB:86 nvMxdiZc V:258 H:157 F:32
				8495D5 85 18       STA $18       [000018] A:003B X:0E68 Y:0131 S:0121 D:0000 DB:86 nvMxdiZc V:258 H:163 F:32
				8495D7 29 3F       AND #$3F               A:003B X:0E68 Y:0131 S:0121 D:0000 DB:86 nvMxdiZc V:258 H:168 F:32
				8495D9 0A          ASL A                  A:003B X:0E68 Y:0131 S:0121 D:0000 DB:86 nvMxdizc V:258 H:171 F:32
				8495DA EB          XBA                    A:0076 X:0E68 Y:0131 S:0121 D:0000 DB:86 nvMxdizc V:258 H:174 F:32
				8495DB A9 00       LDA #$00               A:7600 X:0E68 Y:0131 S:0121 D:0000 DB:86 nvMxdiZc V:258 H:179 F:32
				8495DD EB          XBA                    A:7600 X:0E68 Y:0131 S:0121 D:0000 DB:86 nvMxdiZc V:258 H:182 F:32
				8495DE A8          TAY                    A:0076 X:0E68 Y:0131 S:0121 D:0000 DB:86 nvMxdizc V:258 H:186 F:32
				8495DF 84 28       STY $28       [000028] A:0076 X:0E68 Y:0076 S:0121 D:0000 DB:86 nvMxdizc V:258 H:189 F:32
				8495E1 86 2C       STX $2C       [00002C] A:0076 X:0E68 Y:0076 S:0121 D:0000 DB:86 nvMxdizc V:258 H:196 F:32
				8495E3 68          PLA                    A:0076 X:0E68 Y:0076 S:0121 D:0000 DB:86 nvMxdizc V:258 H:203 F:32
				8495E4 95 2A       STA $2A,X     [000E92] A:000D X:0E68 Y:0076 S:0122 D:0000 DB:86 nvMxdizc V:258 H:210 F:32
				8495E6 A6 2C       LDX $2C       [00002C] A:000D X:0E68 Y:0076 S:0122 D:0000 DB:86 nvMxdizc V:258 H:216 F:32
				8495E8 A9 FB       LDA #$FB               A:000D X:0E68 Y:0076 S:0122 D:0000 DB:86 nvMxdizc V:258 H:223 F:32
				8495EA 35 2B       AND $2B,X     [000E93] A:00FB X:0E68 Y:0076 S:0122 D:0000 DB:86 NvMxdizc V:258 H:226 F:32
				8495EC 95 2B       STA $2B,X     [000E93] A:0000 X:0E68 Y:0076 S:0122 D:0000 DB:86 nvMxdiZc V:258 H:233 F:32
				8495EE 64 01       STZ $01       [000001] A:0000 X:0E68 Y:0076 S:0122 D:0000 DB:86 nvMxdiZc V:258 H:239 F:32
				8495F0 B5 2A       LDA $2A,X     [000E92] A:0000 X:0E68 Y:0076 S:0122 D:0000 DB:86 nvMxdiZc V:258 H:244 F:32
				8495F2 85 02       STA $02       [000002] A:000D X:0E68 Y:0076 S:0122 D:0000 DB:86 nvMxdizc V:258 H:251 F:32
				8495F4 64 03       STZ $03       [000003] A:000D X:0E68 Y:0076 S:0122 D:0000 DB:86 nvMxdizc V:258 H:256 F:32
				8495F6 B4 05       LDY $05,X     [000E6D] A:000D X:0E68 Y:0076 S:0122 D:0000 DB:86 nvMxdizc V:258 H:261 F:32
				8495F8 84 10       STY $10       [000010] A:000D X:0E68 Y:149C S:0122 D:0000 DB:86 nvMxdizc V:258 H:269 F:32
				8495FA B4 08       LDY $08,X     [000E70] A:000D X:0E68 Y:149C S:0122 D:0000 DB:86 nvMxdizc V:258 H:276 F:32
				8495FC 84 12       STY $12       [000012] A:000D X:0E68 Y:0AA0 S:0122 D:0000 DB:86 nvMxdizc V:258 H:285 F:32
				8495FE A6 28       LDX $28       [000028] A:000D X:0E68 Y:0AA0 S:0122 D:0000 DB:86 nvMxdizc V:258 H:292 F:32
				849600 FC 1C 96    JSR ($961C,X) [849692] A:000D X:0076 Y:0AA0 S:0122 D:0000 DB:86 nvMxdizc V:258 H:299 F:32

				8496B5 A6 2C       LDX $2C       [00002C] A:000D X:0076 Y:0AA0 S:0120 D:0000 DB:86 nvMxdizc V:258 H:312 F:32
				8496B7 A5 0E       LDA $0E       [00000E] A:000D X:0E68 Y:0AA0 S:0120 D:0000 DB:86 nvMxdizc V:258 H:319 F:32
				8496B9 85 00       STA $00       [000000] A:0002 X:0E68 Y:0AA0 S:0120 D:0000 DB:86 nvMxdizc V:258 H:323 F:32
				8496BB 64 01       STZ $01       [000001] A:0002 X:0E68 Y:0AA0 S:0120 D:0000 DB:86 nvMxdizc V:258 H:328 F:32
				8496BD C2 20       REP #$20               A:0002 X:0E68 Y:0AA0 S:0120 D:0000 DB:86 nvMxdizc V:258 H:333 F:32
				8496BF A5 08       LDA $08       [000008] A:0002 X:0E68 Y:0AA0 S:0120 D:0000 DB:86 nvmxdizc V:258 H:337 F:32
				8496C1 29 7F 00    AND #$007F             A:FF84 X:0E68 Y:0AA0 S:0120 D:0000 DB:86 Nvmxdizc V:259 H:  4 F:32
				8496C4 18          CLC                    A:0004 X:0E68 Y:0AA0 S:0120 D:0000 DB:86 nvmxdizc V:259 H:  9 F:32
				8496C5 75 08       ADC $08,X     [000E70] A:0004 X:0E68 Y:0AA0 S:0120 D:0000 DB:86 nvmxdizc V:259 H: 12 F:32
				8496C7 38          SEC                    A:0AA4 X:0E68 Y:0AA0 S:0120 D:0000 DB:86 nvmxdizc V:259 H: 20 F:32
				8496C8 E5 00       SBC $00       [000000] A:0AA4 X:0E68 Y:0AA0 S:0120 D:0000 DB:86 nvmxdizC V:259 H: 23 F:32
				8496CA 95 08       STA $08,X     [000E70] A:0AA2 X:0E68 Y:0AA0 S:0120 D:0000 DB:86 nvmxdizC V:259 H: 30 F:32
				8496CC E2 20       SEP #$20               A:0AA2 X:0E68 Y:0AA0 S:0120 D:0000 DB:86 nvmxdizC V:259 H: 39 F:32
				8496CE 74 2F       STZ $2F,X     [000E97] A:0AA2 X:0E68 Y:0AA0 S:0120 D:0000 DB:86 nvMxdizC V:259 H: 43 F:32
				8496D0 A9 01       LDA #$01               A:0AA2 X:0E68 Y:0AA0 S:0120 D:0000 DB:86 nvMxdizC V:259 H: 50 F:32
				8496D2 60          RTS                    A:0A01 X:0E68 Y:0AA0 S:0120 D:0000 DB:86 nvMxdizC V:259 H: 53 F:32

				849603 F0 11       BEQ $0011     [849616] A:0A01 X:0E68 Y:0AA0 S:0122 D:0000 DB:86 nvMxdizC V:259 H: 63 F:32
				849605 A6 2C       LDX $2C       [00002C] A:0A01 X:0E68 Y:0AA0 S:0122 D:0000 DB:86 nvMxdizC V:259 H: 66 F:32
				849607 A9 04       LDA #$04               A:0A01 X:0E68 Y:0AA0 S:0122 D:0000 DB:86 nvMxdizC V:259 H: 73 F:32
				849609 15 2B       ORA $2B,X     [000E93] A:0A04 X:0E68 Y:0AA0 S:0122 D:0000 DB:86 nvMxdizC V:259 H: 76 F:32
				84960B 95 2B       STA $2B,X     [000E93] A:0A04 X:0E68 Y:0AA0 S:0122 D:0000 DB:86 nvMxdizC V:259 H: 82 F:32
				84960D 20 4C 99    JSR $994C     [84994C] A:0A04 X:0E68 Y:0AA0 S:0122 D:0000 DB:86 nvMxdizC V:259 H: 89 F:32

				84994C AD 1C 1F    LDA $1F1C     [861F1C] A:0A04 X:0E68 Y:0AA0 S:0120 D:0000 DB:86 nvMxdizC V:259 H: 99 F:32
				84994F 10 06       BPL $0006     [849957] A:0A00 X:0E68 Y:0AA0 S:0120 D:0000 DB:86 nvMxdiZC V:259 H:105 F:32
				849957 60          RTS                    A:0A00 X:0E68 Y:0AA0 S:0120 D:0000 DB:86 nvMxdiZC V:259 H:110 F:32

				849610 20 08 93    JSR $9308     [849308] A:0A00 X:0E68 Y:0AA0 S:0122 D:0000 DB:86 nvMxdiZC V:259 H:120 F:32

				849308 A5 14       LDA $14       [000014] A:0A00 X:0E68 Y:0AA0 S:0120 D:0000 DB:86 nvMxdiZC V:259 H:130 F:32
				84930A F0 08       BEQ $0008     [849314] A:0A00 X:0E68 Y:0AA0 S:0120 D:0000 DB:86 nvMxdiZC V:259 H:145 F:32
				849314 60          RTS                    A:0A00 X:0E68 Y:0AA0 S:0120 D:0000 DB:86 nvMxdiZC V:259 H:149 F:32

				849613 A9 01       LDA #$01               A:0A00 X:0E68 Y:0AA0 S:0122 D:0000 DB:86 nvMxdiZC V:259 H:159 F:32
				849615 60          RTS                    A:0A01 X:0E68 Y:0AA0 S:0122 D:0000 DB:86 nvMxdizC V:259 H:162 F:32

				849275 D0 32       BNE $0032     [8492A9] A:0A01 X:0E68 Y:0AA0 S:0124 D:0000 DB:86 nvMxdizC V:259 H:172 F:32
				8492A9 C2 30       REP #$30               A:0A01 X:0E68 Y:0AA0 S:0124 D:0000 DB:86 nvMxdizC V:259 H:177 F:32
				8492AB 60          RTS                    A:0A01 X:0E68 Y:0AA0 S:0124 D:0000 DB:86 nvmxdizC V:259 H:181 F:32

				8491DB 2B          PLD                    A:0A01 X:0E68 Y:0AA0 S:0126 D:0000 DB:86 nvmxdizC V:259 H:191 F:32
				8491DC 28          PLP                    A:0A01 X:0E68 Y:0AA0 S:0128 D:0E68 DB:86 nvmxdizC V:259 H:200 F:32
				8491DD 6B          RTL                    A:0A01 X:0068 Y:00A0 S:0129 D:0E68 DB:86 nvMXdiZc V:259 H:206 F:32

			83B517 A5 2B       LDA $2B       [000E93] A:0A01 X:0068 Y:00A0 S:012C D:0E68 DB:86 nvMXdiZc V:259 H:217 F:32
			83B519 D0 01       BNE $0001     [83B51C] A:0A04 X:0068 Y:00A0 S:012C D:0E68 DB:86 nvMXdizc V:259 H:223 F:32		Branch because E-Contact <> #$00
			83B51C 89 04       BIT #$04               A:0A04 X:0068 Y:00A0 S:012C D:0E68 DB:86 nvMXdizc V:259 H:228 F:32
			83B51E F0 28       BEQ $0028     [83B548] A:0A04 X:0068 Y:00A0 S:012C D:0E68 DB:86 nvMXdizc V:259 H:231 F:32		Branch if E-Contact bit #$04 (If contact is not Down)
			83B520 22 86 90 84 JSL $849086   [849086] A:0A04 X:0068 Y:00A0 S:012C D:0E68 DB:86 nvMXdizc V:259 H:234 F:32		JSL $849086 --> Load A (2B) with RNG value

				849086 08          PHP                    A:0A04 X:0068 Y:00A0 S:0129 D:0E68 DB:86 nvMXdizc V:259 H:247 F:32
				849087 C2 20       REP #$20               A:0A04 X:0068 Y:00A0 S:0128 D:0E68 DB:86 nvMXdizc V:259 H:252 F:32
				849089 AD A6 0B    LDA $0BA6     [860BA6] A:0A04 X:0068 Y:00A0 S:0128 D:0E68 DB:86 nvmXdizc V:259 H:257 F:32
				84908C 0A          ASL A                  A:FD42 X:0068 Y:00A0 S:0128 D:0E68 DB:86 NvmXdizc V:259 H:265 F:32
				84908D 18          CLC                    A:FA84 X:0068 Y:00A0 S:0128 D:0E68 DB:86 NvmXdizC V:259 H:268 F:32
				84908E 6D A6 0B    ADC $0BA6     [860BA6] A:FA84 X:0068 Y:00A0 S:0128 D:0E68 DB:86 NvmXdizc V:259 H:271 F:32
				849091 EB          XBA                    A:F7C6 X:0068 Y:00A0 S:0128 D:0E68 DB:86 NvmXdizC V:259 H:280 F:32
				849092 E2 20       SEP #$20               A:C6F7 X:0068 Y:00A0 S:0128 D:0E68 DB:86 NvmXdizC V:259 H:284 F:32
				849094 8D A7 0B    STA $0BA7     [860BA7] A:C6F7 X:0068 Y:00A0 S:0128 D:0E68 DB:86 NvMXdizC V:259 H:289 F:32
				849097 18          CLC                    A:C6F7 X:0068 Y:00A0 S:0128 D:0E68 DB:86 NvMXdizC V:259 H:295 F:32
				849098 6D A6 0B    ADC $0BA6     [860BA6] A:C6F7 X:0068 Y:00A0 S:0128 D:0E68 DB:86 NvMXdizc V:259 H:298 F:32
				84909B 8D A6 0B    STA $0BA6     [860BA6] A:C639 X:0068 Y:00A0 S:0128 D:0E68 DB:86 nvMXdizC V:259 H:305 F:32
				84909E 28          PLP                    A:C639 X:0068 Y:00A0 S:0128 D:0E68 DB:86 nvMXdizC V:259 H:311 F:32
				84909F 6B          RTL                    A:C639 X:0068 Y:00A0 S:0129 D:0E68 DB:86 nvMXdizc V:259 H:318 F:32

			83B524 29 0F       AND #$0F               A:C639 X:0068 Y:00A0 S:012C D:0E68 DB:86 nvMXdizc V:259 H:327 F:32
			83B526 C9 06       CMP #$06               A:C609 X:0068 Y:00A0 S:012C D:0E68 DB:86 nvMXdizc V:259 H:330 F:32
			83B528 B0 1E       BCS $001E     [83B548] A:C609 X:0068 Y:00A0 S:012C D:0E68 DB:86 nvMXdizC V:259 H:333 F:32		Branch because RNG(00,0F) >= #$06
			83B548 A9 48       LDA #$48               A:C609 X:0068 Y:00A0 S:012C D:0E68 DB:86 nvMXdizC V:259 H:338 F:32
			83B54A 22 A2 88 80 JSL $8088A2   [8088A2] A:C648 X:0068 Y:00A0 S:012C D:0E68 DB:86 nvMXdizC V:260 H:  1 F:32		JSL $8088A2 --> Play Sound Effect (A = Sound Effect ID)

				8088A2 DA          PHX                    A:C648 X:0068 Y:00A0 S:0129 D:0E68 DB:86 nvMXdizC V:260 H: 14 F:32
				8088A3 5A          PHY                    A:C648 X:0068 Y:00A0 S:0128 D:0E68 DB:86 nvMXdizC V:260 H: 19 F:32
				8088A4 08          PHP                    A:C648 X:0068 Y:00A0 S:0127 D:0E68 DB:86 nvMXdizC V:260 H: 24 F:32
				8088A5 C2 20       REP #$20               A:C648 X:0068 Y:00A0 S:0126 D:0E68 DB:86 nvMXdizC V:260 H: 29 F:32
				8088A7 E2 10       SEP #$10               A:C648 X:0068 Y:00A0 S:0126 D:0E68 DB:86 nvmXdizC V:260 H: 34 F:32
				8088A9 48          PHA                    A:C648 X:0068 Y:00A0 S:0126 D:0E68 DB:86 nvmXdizC V:260 H: 38 F:32
				8088AA A5 05       LDA $05       [000E6D] A:C648 X:0068 Y:00A0 S:0124 D:0E68 DB:86 nvmXdizC V:260 H: 45 F:32
				8088AC 38          SEC                    A:149C X:0068 Y:00A0 S:0124 D:0E68 DB:86 nvmXdizC V:260 H: 54 F:32
				8088AD ED AD 0B    SBC $0BAD     [860BAD] A:149C X:0068 Y:00A0 S:0124 D:0E68 DB:86 nvmXdizC V:260 H: 57 F:32
				8088B0 10 0E       BPL $000E     [8088C0] A:0085 X:0068 Y:00A0 S:0124 D:0E68 DB:86 nvmXdizC V:260 H: 65 F:32
				8088C0 4A          LSR A                  A:0085 X:0068 Y:00A0 S:0124 D:0E68 DB:86 nvmXdizC V:260 H: 70 F:32
				8088C1 C9 7F 00    CMP #$007F             A:0042 X:0068 Y:00A0 S:0124 D:0E68 DB:86 nvmXdizC V:260 H: 73 F:32
				8088C4 30 03       BMI $0003     [8088C9] A:0042 X:0068 Y:00A0 S:0124 D:0E68 DB:86 NvmXdizc V:260 H: 77 F:32
				8088C9 A8          TAY                    A:0042 X:0068 Y:00A0 S:0124 D:0E68 DB:86 NvmXdizc V:260 H: 82 F:32
				8088CA 68          PLA                    A:0042 X:0068 Y:0042 S:0124 D:0E68 DB:86 nvmXdizc V:260 H: 85 F:32
				8088CB 80 07       BRA $0007     [8088D4] A:C648 X:0068 Y:0042 S:0126 D:0E68 DB:86 NvmXdizc V:260 H: 93 F:32
				8088D4 E2 31       SEP #$31               A:C648 X:0068 Y:0042 S:0126 D:0E68 DB:86 NvmXdizc V:260 H: 98 F:32
				8088D6 AE A3 0B    LDX $0BA3     [860BA3] A:C648 X:0068 Y:0042 S:0126 D:0E68 DB:86 NvMXdizC V:260 H:102 F:32
				8088D9 9D 72 0B    STA $0B72,X   [860B7E] A:C648 X:000C Y:0042 S:0126 D:0E68 DB:86 nvMXdizC V:260 H:109 F:32
				8088DC 98          TYA                    A:C648 X:000C Y:0042 S:0126 D:0E68 DB:86 nvMXdizC V:260 H:117 F:32
				8088DD 9D 73 0B    STA $0B73,X   [860B7F] A:C642 X:000C Y:0042 S:0126 D:0E68 DB:86 nvMXdizC V:260 H:120 F:32
				8088E0 E8          INX                    A:C642 X:000C Y:0042 S:0126 D:0E68 DB:86 nvMXdizC V:260 H:128 F:32
				8088E1 E8          INX                    A:C642 X:000D Y:0042 S:0126 D:0E68 DB:86 nvMXdizC V:260 H:131 F:32
				8088E2 8A          TXA                    A:C642 X:000E Y:0042 S:0126 D:0E68 DB:86 nvMXdizC V:260 H:134 F:32
				8088E3 29 1E       AND #$1E               A:C60E X:000E Y:0042 S:0126 D:0E68 DB:86 nvMXdizC V:260 H:147 F:32
				8088E5 8D A3 0B    STA $0BA3     [860BA3] A:C60E X:000E Y:0042 S:0126 D:0E68 DB:86 nvMXdizC V:260 H:150 F:32
				8088E8 28          PLP                    A:C60E X:000E Y:0042 S:0126 D:0E68 DB:86 nvMXdizC V:260 H:156 F:32
				8088E9 7A          PLY                    A:C60E X:000E Y:0042 S:0127 D:0E68 DB:86 nvMXdizC V:260 H:163 F:32
				8088EA FA          PLX                    A:C60E X:000E Y:00A0 S:0128 D:0E68 DB:86 NvMXdizC V:260 H:169 F:32
				8088EB 6B          RTL                    A:C60E X:0068 Y:00A0 S:0129 D:0E68 DB:86 nvMXdizC V:260 H:176 F:32

			83B54E A5 2B       LDA $2B       [000E93] A:C60E X:0068 Y:00A0 S:012C D:0E68 DB:86 nvMXdizC V:260 H:186 F:32
			83B550 89 0C       BIT #$0C               A:C604 X:0068 Y:00A0 S:012C D:0E68 DB:86 nvMXdizC V:260 H:193 F:32
			83B552 C2 20       REP #$20               A:C604 X:0068 Y:00A0 S:012C D:0E68 DB:86 nvMXdizC V:260 H:196 F:32
			83B554 F0 2B       BEQ $002B     [83B581] A:C604 X:0068 Y:00A0 S:012C D:0E68 DB:86 nvmXdizC V:260 H:200 F:32		Branch if E-Contact bit 0C (Up-Down) = #$00 (If Contact is Horizontal)
			83B556 4A          LSR A                  A:C604 X:0068 Y:00A0 S:012C D:0E68 DB:86 nvmXdizC V:260 H:203 F:32
			83B557 4A          LSR A                  A:6302 X:0068 Y:00A0 S:012C D:0E68 DB:86 nvmXdizc V:260 H:206 F:32
			83B558 4A          LSR A                  A:3181 X:0068 Y:00A0 S:012C D:0E68 DB:86 nvmXdizc V:260 H:209 F:32
			83B559 A9 10 00    LDA #$0010             A:18C0 X:0068 Y:00A0 S:012C D:0E68 DB:86 nvmXdizC V:260 H:212 F:32
			83B55C B0 03       BCS $0003     [83B561] A:0010 X:0068 Y:00A0 S:012C D:0E68 DB:86 nvmXdizC V:260 H:217 F:32
			83B561 18          CLC                    A:0010 X:0068 Y:00A0 S:012C D:0E68 DB:86 nvmXdizC V:260 H:221 F:32
			83B562 65 08       ADC $08       [000E70] A:0010 X:0068 Y:00A0 S:012C D:0E68 DB:86 nvmXdizc V:260 H:224 F:32
			83B564 8D 02 00    STA $0002     [860002] A:0AB2 X:0068 Y:00A0 S:012C D:0E68 DB:86 nvmXdizc V:260 H:233 F:32		$0002 = E-Y-Pos + #$0010 (#$FFF0 if Contact is up)
			83B567 A5 05       LDA $05       [000E6D] A:0AB2 X:0068 Y:00A0 S:012C D:0E68 DB:86 nvmXdizc V:260 H:241 F:32
			83B569 8D 00 00    STA $0000     [860000] A:149C X:0068 Y:00A0 S:012C D:0E68 DB:86 nvmXdizc V:260 H:250 F:32		$0000 = E-X-Pos
			83B56C 20 38 BB    JSR $BB38     [83BB38] A:149C X:0068 Y:00A0 S:012C D:0E68 DB:86 nvmXdizc V:260 H:258 F:32		JSR $83BB38 --> Spawn Debris

				83BB38 08          PHP                    A:149C X:0068 Y:00A0 S:012A D:0E68 DB:86 nvmXdizc V:260 H:268 F:32
				83BB39 E2 30       SEP #$30               A:149C X:0068 Y:00A0 S:0129 D:0E68 DB:86 nvmXdizc V:260 H:273 F:32
				83BB3B A9 03       LDA #$03               A:149C X:0068 Y:00A0 S:0129 D:0E68 DB:86 nvMXdizc V:260 H:278 F:32
				83BB3D 85 3D       STA $3D       [000EA5] A:1403 X:0068 Y:00A0 S:0129 D:0E68 DB:86 nvMXdizc V:260 H:281 F:32
				83BB3F 22 86 90 84 JSL $849086   [849086] A:1403 X:0068 Y:00A0 S:0129 D:0E68 DB:86 nvMXdizc V:260 H:287 F:32

				849086 08          PHP                    A:1403 X:0068 Y:00A0 S:0126 D:0E68 DB:86 nvMXdizc V:260 H:301 F:32
				849087 C2 20       REP #$20               A:1403 X:0068 Y:00A0 S:0125 D:0E68 DB:86 nvMXdizc V:260 H:306 F:32
				849089 AD A6 0B    LDA $0BA6     [860BA6] A:1403 X:0068 Y:00A0 S:0125 D:0E68 DB:86 nvmXdizc V:260 H:310 F:32
				84908C 0A          ASL A                  A:F739 X:0068 Y:00A0 S:0125 D:0E68 DB:86 NvmXdizc V:260 H:319 F:32
				84908D 18          CLC                    A:EE72 X:0068 Y:00A0 S:0125 D:0E68 DB:86 NvmXdizC V:260 H:322 F:32
				84908E 6D A6 0B    ADC $0BA6     [860BA6] A:EE72 X:0068 Y:00A0 S:0125 D:0E68 DB:86 NvmXdizc V:260 H:324 F:32
				849091 EB          XBA                    A:E5AB X:0068 Y:00A0 S:0125 D:0E68 DB:86 NvmXdizC V:260 H:332 F:32
				849092 E2 20       SEP #$20               A:ABE5 X:0068 Y:00A0 S:0125 D:0E68 DB:86 NvmXdizC V:260 H:337 F:32
				849094 8D A7 0B    STA $0BA7     [860BA7] A:ABE5 X:0068 Y:00A0 S:0125 D:0E68 DB:86 NvMXdizC V:261 H:  1 F:32
				849097 18          CLC                    A:ABE5 X:0068 Y:00A0 S:0125 D:0E68 DB:86 NvMXdizC V:261 H:  8 F:32
				849098 6D A6 0B    ADC $0BA6     [860BA6] A:ABE5 X:0068 Y:00A0 S:0125 D:0E68 DB:86 NvMXdizc V:261 H: 11 F:32
				84909B 8D A6 0B    STA $0BA6     [860BA6] A:AB1E X:0068 Y:00A0 S:0125 D:0E68 DB:86 nvMXdizC V:261 H: 17 F:32
				84909E 28          PLP                    A:AB1E X:0068 Y:00A0 S:0125 D:0E68 DB:86 nvMXdizC V:261 H: 24 F:32
				84909F 6B          RTL                    A:AB1E X:0068 Y:00A0 S:0126 D:0E68 DB:86 nvMXdizc V:261 H: 30 F:32

				83BB43 29 0F       AND #$0F               A:AB1E X:0068 Y:00A0 S:0129 D:0E68 DB:86 nvMXdizc V:261 H: 41 F:32
				83BB45 8D 04 00    STA $0004     [860004] A:AB0E X:0068 Y:00A0 S:0129 D:0E68 DB:86 nvMXdizc V:261 H: 44 F:32
				83BB48 22 D3 82 82 JSL $8282D3   [8282D3] A:AB0E X:0068 Y:00A0 S:0129 D:0E68 DB:86 nvMXdizc V:261 H: 50 F:32

				8282D3 C2 30       REP #$30               A:AB0E X:0068 Y:00A0 S:0126 D:0E68 DB:86 nvMXdizc V:261 H: 64 F:32
				8282D5 A2 28 19    LDX #$1928             A:AB0E X:0068 Y:00A0 S:0126 D:0E68 DB:86 nvmxdizc V:261 H: 68 F:32
				8282D8 BD 00 00    LDA $0000,X   [861928] A:AB0E X:1928 Y:00A0 S:0126 D:0E68 DB:86 nvmxdizc V:261 H: 73 F:32
				8282DB F0 5E       BEQ $005E     [82833B] A:0101 X:1928 Y:00A0 S:0126 D:0E68 DB:86 nvmxdizc V:261 H: 83 F:32
				8282DD 8A          TXA                    A:0101 X:1928 Y:00A0 S:0126 D:0E68 DB:86 nvmxdizc V:261 H: 86 F:32
				8282DE 18          CLC                    A:1928 X:1928 Y:00A0 S:0126 D:0E68 DB:86 nvmxdizc V:261 H: 89 F:32
				8282DF 69 20 00    ADC #$0020             A:1928 X:1928 Y:00A0 S:0126 D:0E68 DB:86 nvmxdizc V:261 H: 92 F:32
				8282E2 AA          TAX                    A:1948 X:1928 Y:00A0 S:0126 D:0E68 DB:86 nvmxdizc V:261 H: 96 F:32
				8282E3 E0 08 1D    CPX #$1D08             A:1948 X:1948 Y:00A0 S:0126 D:0E68 DB:86 nvmxdizc V:261 H: 99 F:32
				8282E6 90 F0       BCC $00F0     [8282D8] A:1948 X:1948 Y:00A0 S:0126 D:0E68 DB:86 Nvmxdizc V:261 H:104 F:32
				8282D8 BD 00 00    LDA $0000,X   [861948] A:1948 X:1948 Y:00A0 S:0126 D:0E68 DB:86 Nvmxdizc V:261 H:108 F:32
				8282DB F0 5E       BEQ $005E     [82833B] A:0101 X:1948 Y:00A0 S:0126 D:0E68 DB:86 nvmxdizc V:261 H:118 F:32
				8282DD 8A          TXA                    A:0101 X:1948 Y:00A0 S:0126 D:0E68 DB:86 nvmxdizc V:261 H:121 F:32
				8282DE 18          CLC                    A:1948 X:1948 Y:00A0 S:0126 D:0E68 DB:86 nvmxdizc V:261 H:124 F:32
				8282DF 69 20 00    ADC #$0020             A:1948 X:1948 Y:00A0 S:0126 D:0E68 DB:86 nvmxdizc V:261 H:127 F:32
				8282E2 AA          TAX                    A:1968 X:1948 Y:00A0 S:0126 D:0E68 DB:86 nvmxdizc V:261 H:132 F:32
				8282E3 E0 08 1D    CPX #$1D08             A:1968 X:1968 Y:00A0 S:0126 D:0E68 DB:86 nvmxdizc V:261 H:145 F:32
				8282E6 90 F0       BCC $00F0     [8282D8] A:1968 X:1968 Y:00A0 S:0126 D:0E68 DB:86 Nvmxdizc V:261 H:149 F:32
				8282D8 BD 00 00    LDA $0000,X   [861968] A:1968 X:1968 Y:00A0 S:0126 D:0E68 DB:86 Nvmxdizc V:261 H:154 F:32
				8282DB F0 5E       BEQ $005E     [82833B] A:0000 X:1968 Y:00A0 S:0126 D:0E68 DB:86 nvmxdiZc V:261 H:164 F:32
				82833B E2 22       SEP #$22               A:0000 X:1968 Y:00A0 S:0126 D:0E68 DB:86 nvmxdiZc V:261 H:168 F:32
				82833D 6B          RTL                    A:0000 X:1968 Y:00A0 S:0126 D:0E68 DB:86 nvMxdiZc V:261 H:173 F:32

				83BB4C F0 02       BEQ $0002     [83BB50] A:0000 X:1968 Y:00A0 S:0129 D:0E68 DB:86 nvMxdiZc V:261 H:183 F:32
				83BB50 FE 00 00    INC $0000,X   [861968] A:0000 X:1968 Y:00A0 S:0129 D:0E68 DB:86 nvMxdiZc V:261 H:188 F:32
				83BB53 A9 2B       LDA #$2B               A:0000 X:1968 Y:00A0 S:0129 D:0E68 DB:86 nvMxdizc V:261 H:199 F:32
				83BB55 9D 0A 00    STA $000A,X   [861972] A:002B X:1968 Y:00A0 S:0129 D:0E68 DB:86 nvMxdizc V:261 H:202 F:32
				83BB58 A9 00       LDA #$00               A:002B X:1968 Y:00A0 S:0129 D:0E68 DB:86 nvMxdizc V:261 H:210 F:32
				83BB5A EB          XBA                    A:0000 X:1968 Y:00A0 S:0129 D:0E68 DB:86 nvMxdiZc V:261 H:213 F:32
				83BB5B AD 04 00    LDA $0004     [860004] A:0000 X:1968 Y:00A0 S:0129 D:0E68 DB:86 nvMxdiZc V:261 H:218 F:32
				83BB5E 18          CLC                    A:000E X:1968 Y:00A0 S:0129 D:0E68 DB:86 nvMxdizc V:261 H:224 F:32
				83BB5F 65 3D       ADC $3D       [000EA5] A:000E X:1968 Y:00A0 S:0129 D:0E68 DB:86 nvMxdizc V:261 H:227 F:32
				83BB61 A8          TAY                    A:0011 X:1968 Y:00A0 S:0129 D:0E68 DB:86 nvMxdizc V:261 H:234 F:32
				83BB62 B9 D8 C9    LDA $C9D8,Y   [86C9E9] A:0011 X:1968 Y:0011 S:0129 D:0E68 DB:86 nvMxdizc V:261 H:237 F:32
				83BB65 9D 0B 00    STA $000B,X   [861973] A:0029 X:1968 Y:0011 S:0129 D:0E68 DB:86 nvMxdizc V:261 H:244 F:32
				83BB68 C2 20       REP #$20               A:0029 X:1968 Y:0011 S:0129 D:0E68 DB:86 nvMxdizc V:261 H:252 F:32
				83BB6A 9E 0C 00    STZ $000C,X   [861974] A:0029 X:1968 Y:0011 S:0129 D:0E68 DB:86 nvmxdizc V:261 H:257 F:32
				83BB6D 22 86 90 84 JSL $849086   [849086] A:0029 X:1968 Y:0011 S:0129 D:0E68 DB:86 nvmxdizc V:261 H:267 F:32

				849086 08          PHP                    A:0029 X:1968 Y:0011 S:0126 D:0E68 DB:86 nvmxdizc V:261 H:280 F:32
				849087 C2 20       REP #$20               A:0029 X:1968 Y:0011 S:0125 D:0E68 DB:86 nvmxdizc V:261 H:285 F:32
				849089 AD A6 0B    LDA $0BA6     [860BA6] A:0029 X:1968 Y:0011 S:0125 D:0E68 DB:86 nvmxdizc V:261 H:290 F:32
				84908C 0A          ASL A                  A:E51E X:1968 Y:0011 S:0125 D:0E68 DB:86 Nvmxdizc V:261 H:298 F:32
				84908D 18          CLC                    A:CA3C X:1968 Y:0011 S:0125 D:0E68 DB:86 NvmxdizC V:261 H:301 F:32
				84908E 6D A6 0B    ADC $0BA6     [860BA6] A:CA3C X:1968 Y:0011 S:0125 D:0E68 DB:86 Nvmxdizc V:261 H:304 F:32
				849091 EB          XBA                    A:AF5A X:1968 Y:0011 S:0125 D:0E68 DB:86 NvmxdizC V:261 H:313 F:32
				849092 E2 20       SEP #$20               A:5AAF X:1968 Y:0011 S:0125 D:0E68 DB:86 NvmxdizC V:261 H:317 F:32
				849094 8D A7 0B    STA $0BA7     [860BA7] A:5AAF X:1968 Y:0011 S:0125 D:0E68 DB:86 NvMxdizC V:261 H:322 F:32
				849097 18          CLC                    A:5AAF X:1968 Y:0011 S:0125 D:0E68 DB:86 NvMxdizC V:261 H:327 F:32
				849098 6D A6 0B    ADC $0BA6     [860BA6] A:5AAF X:1968 Y:0011 S:0125 D:0E68 DB:86 NvMxdizc V:261 H:330 F:32
				84909B 8D A6 0B    STA $0BA6     [860BA6] A:5ACD X:1968 Y:0011 S:0125 D:0E68 DB:86 NvMxdizc V:261 H:337 F:32
				84909E 28          PLP                    A:5ACD X:1968 Y:0011 S:0125 D:0E68 DB:86 NvMxdizc V:  0 H:  3 F:33
				84909F 6B          RTL                    A:5ACD X:1968 Y:0011 S:0126 D:0E68 DB:86 nvmxdizc V:  0 H: 10 F:33

				83BB71 29 0F 00    AND #$000F             A:5ACD X:1968 Y:0011 S:0129 D:0E68 DB:86 nvmxdizc V:  0 H: 20 F:33
				83BB74 0A          ASL A                  A:000D X:1968 Y:0011 S:0129 D:0E68 DB:86 nvmxdizc V:  0 H: 25 F:33
				83BB75 A8          TAY                    A:001A X:1968 Y:0011 S:0129 D:0E68 DB:86 nvmxdizc V:  0 H: 28 F:33
				83BB76 A5 3D       LDA $3D       [000EA5] A:001A X:1968 Y:001A S:0129 D:0E68 DB:86 nvmxdizc V:  0 H: 31 F:33
				83BB78 4A          LSR A                  A:0003 X:1968 Y:001A S:0129 D:0E68 DB:86 nvmxdizc V:  0 H: 39 F:33
				83BB79 B9 EB C9    LDA $C9EB,Y   [86CA05] A:0001 X:1968 Y:001A S:0129 D:0E68 DB:86 nvmxdizC V:  0 H: 42 F:33
				83BB7C 90 04       BCC $0004     [83BB82] A:0134 X:1968 Y:001A S:0129 D:0E68 DB:86 nvmxdizC V:  0 H: 51 F:33
				83BB7E 49 FF FF    EOR #$FFFF             A:0134 X:1968 Y:001A S:0129 D:0E68 DB:86 nvmxdizC V:  0 H: 54 F:33
				83BB81 1A          INC                    A:FECB X:1968 Y:001A S:0129 D:0E68 DB:86 NvmxdizC V:  0 H: 59 F:33
				83BB82 9D 1A 00    STA $001A,X   [861982] A:FECC X:1968 Y:001A S:0129 D:0E68 DB:86 NvmxdizC V:  0 H: 62 F:33
				83BB85 22 86 90 84 JSL $849086   [849086] A:FECC X:1968 Y:001A S:0129 D:0E68 DB:86 NvmxdizC V:  0 H: 72 F:33

				849086 08          PHP                    A:FECC X:1968 Y:001A S:0126 D:0E68 DB:86 NvmxdizC V:  0 H: 85 F:33
				849087 C2 20       REP #$20               A:FECC X:1968 Y:001A S:0125 D:0E68 DB:86 NvmxdizC V:  0 H: 90 F:33
				849089 AD A6 0B    LDA $0BA6     [860BA6] A:FECC X:1968 Y:001A S:0125 D:0E68 DB:86 NvmxdizC V:  0 H: 95 F:33
				84908C 0A          ASL A                  A:AFCD X:1968 Y:001A S:0125 D:0E68 DB:86 NvmxdizC V:  0 H:103 F:33
				84908D 18          CLC                    A:5F9A X:1968 Y:001A S:0125 D:0E68 DB:86 nvmxdizC V:  0 H:106 F:33
				84908E 6D A6 0B    ADC $0BA6     [860BA6] A:5F9A X:1968 Y:001A S:0125 D:0E68 DB:86 nvmxdizc V:  0 H:109 F:33
				849091 EB          XBA                    A:0F67 X:1968 Y:001A S:0125 D:0E68 DB:86 nvmxdizC V:  0 H:118 F:33
				849092 E2 20       SEP #$20               A:670F X:1968 Y:001A S:0125 D:0E68 DB:86 nvmxdizC V:  0 H:122 F:33
				849094 8D A7 0B    STA $0BA7     [860BA7] A:670F X:1968 Y:001A S:0125 D:0E68 DB:86 nvMxdizC V:  0 H:127 F:33
				849097 18          CLC                    A:670F X:1968 Y:001A S:0125 D:0E68 DB:86 nvMxdizC V:  0 H:133 F:33
				849098 6D A6 0B    ADC $0BA6     [860BA6] A:670F X:1968 Y:001A S:0125 D:0E68 DB:86 nvMxdizc V:  0 H:146 F:33
				84909B 8D A6 0B    STA $0BA6     [860BA6] A:67DC X:1968 Y:001A S:0125 D:0E68 DB:86 NvMxdizc V:  0 H:153 F:33
				84909E 28          PLP                    A:67DC X:1968 Y:001A S:0125 D:0E68 DB:86 NvMxdizc V:  0 H:159 F:33
				84909F 6B          RTL                    A:67DC X:1968 Y:001A S:0126 D:0E68 DB:86 NvmxdizC V:  0 H:166 F:33

				83BB89 29 0F 00    AND #$000F             A:67DC X:1968 Y:001A S:0129 D:0E68 DB:86 NvmxdizC V:  0 H:176 F:33
				83BB8C 0A          ASL A                  A:000C X:1968 Y:001A S:0129 D:0E68 DB:86 nvmxdizC V:  0 H:181 F:33
				83BB8D A8          TAY                    A:0018 X:1968 Y:001A S:0129 D:0E68 DB:86 nvmxdizc V:  0 H:184 F:33
				83BB8E B9 0B CA    LDA $CA0B,Y   [86CA23] A:0018 X:1968 Y:0018 S:0129 D:0E68 DB:86 nvmxdizc V:  0 H:187 F:33
				83BB91 9D 1C 00    STA $001C,X   [861984] A:02EF X:1968 Y:0018 S:0129 D:0E68 DB:86 nvmxdizc V:  0 H:196 F:33
				83BB94 AD 00 00    LDA $0000     [860000] A:02EF X:1968 Y:0018 S:0129 D:0E68 DB:86 nvmxdizc V:  0 H:206 F:33
				83BB97 9D 05 00    STA $0005,X   [86196D] A:149C X:1968 Y:0018 S:0129 D:0E68 DB:86 nvmxdizc V:  0 H:214 F:33
				83BB9A AD 02 00    LDA $0002     [860002] A:149C X:1968 Y:0018 S:0129 D:0E68 DB:86 nvmxdizc V:  0 H:224 F:33
				83BB9D 9D 08 00    STA $0008,X   [861970] A:0AB2 X:1968 Y:0018 S:0129 D:0E68 DB:86 nvmxdizc V:  0 H:233 F:33
				83BBA0 E2 20       SEP #$20               A:0AB2 X:1968 Y:0018 S:0129 D:0E68 DB:86 nvmxdizc V:  0 H:243 F:33
				83BBA2 A9 40       LDA #$40               A:0AB2 X:1968 Y:0018 S:0129 D:0E68 DB:86 nvMxdizc V:  0 H:247 F:33
				83BBA4 9D 1E 00    STA $001E,X   [861986] A:0A40 X:1968 Y:0018 S:0129 D:0E68 DB:86 nvMxdizc V:  0 H:250 F:33
				83BBA7 9E 1F 00    STZ $001F,X   [861987] A:0A40 X:1968 Y:0018 S:0129 D:0E68 DB:86 nvMxdizc V:  0 H:258 F:33
				83BBAA C6 3D       DEC $3D       [000EA5] A:0A40 X:1968 Y:0018 S:0129 D:0E68 DB:86 nvMxdizc V:  0 H:266 F:33
				83BBAC 10 9A       BPL $009A     [83BB48] A:0A40 X:1968 Y:0018 S:0129 D:0E68 DB:86 nvMxdizc V:  0 H:276 F:33
				83BB48 22 D3 82 82 JSL $8282D3   [8282D3] A:0A40 X:1968 Y:0018 S:0129 D:0E68 DB:86 nvMxdizc V:  0 H:281 F:33

				8282D3 C2 30       REP #$30               A:0A40 X:1968 Y:0018 S:0126 D:0E68 DB:86 nvMxdizc V:  0 H:294 F:33
				8282D5 A2 28 19    LDX #$1928             A:0A40 X:1968 Y:0018 S:0126 D:0E68 DB:86 nvmxdizc V:  0 H:299 F:33
				8282D8 BD 00 00    LDA $0000,X   [861928] A:0A40 X:1928 Y:0018 S:0126 D:0E68 DB:86 nvmxdizc V:  0 H:303 F:33
				8282DB F0 5E       BEQ $005E     [82833B] A:0101 X:1928 Y:0018 S:0126 D:0E68 DB:86 nvmxdizc V:  0 H:313 F:33
				8282DD 8A          TXA                    A:0101 X:1928 Y:0018 S:0126 D:0E68 DB:86 nvmxdizc V:  0 H:316 F:33
				8282DE 18          CLC                    A:1928 X:1928 Y:0018 S:0126 D:0E68 DB:86 nvmxdizc V:  0 H:319 F:33
				8282DF 69 20 00    ADC #$0020             A:1928 X:1928 Y:0018 S:0126 D:0E68 DB:86 nvmxdizc V:  0 H:322 F:33
				8282E2 AA          TAX                    A:1948 X:1928 Y:0018 S:0126 D:0E68 DB:86 nvmxdizc V:  0 H:326 F:33
				8282E3 E0 08 1D    CPX #$1D08             A:1948 X:1948 Y:0018 S:0126 D:0E68 DB:86 nvmxdizc V:  0 H:329 F:33
				8282E6 90 F0       BCC $00F0     [8282D8] A:1948 X:1948 Y:0018 S:0126 D:0E68 DB:86 Nvmxdizc V:  0 H:333 F:33
				8282D8 BD 00 00    LDA $0000,X   [861948] A:1948 X:1948 Y:0018 S:0126 D:0E68 DB:86 Nvmxdizc V:  0 H:338 F:33
				8282DB F0 5E       BEQ $005E     [82833B] A:0101 X:1948 Y:0018 S:0126 D:0E68 DB:86 nvmxdizc V:  1 H:  8 F:33
				8282DD 8A          TXA                    A:0101 X:1948 Y:0018 S:0126 D:0E68 DB:86 nvmxdizc V:  1 H: 11 F:33
				8282DE 18          CLC                    A:1948 X:1948 Y:0018 S:0126 D:0E68 DB:86 nvmxdizc V:  1 H: 14 F:33
				8282DF 69 20 00    ADC #$0020             A:1948 X:1948 Y:0018 S:0126 D:0E68 DB:86 nvmxdizc V:  1 H: 17 F:33
				8282E2 AA          TAX                    A:1968 X:1948 Y:0018 S:0126 D:0E68 DB:86 nvmxdizc V:  1 H: 21 F:33
				8282E3 E0 08 1D    CPX #$1D08             A:1968 X:1968 Y:0018 S:0126 D:0E68 DB:86 nvmxdizc V:  1 H: 24 F:33
				8282E6 90 F0       BCC $00F0     [8282D8] A:1968 X:1968 Y:0018 S:0126 D:0E68 DB:86 Nvmxdizc V:  1 H: 29 F:33
				8282D8 BD 00 00    LDA $0000,X   [861968] A:1968 X:1968 Y:0018 S:0126 D:0E68 DB:86 Nvmxdizc V:  1 H: 33 F:33
				8282DB F0 5E       BEQ $005E     [82833B] A:0001 X:1968 Y:0018 S:0126 D:0E68 DB:86 nvmxdizc V:  1 H: 43 F:33
				8282DD 8A          TXA                    A:0001 X:1968 Y:0018 S:0126 D:0E68 DB:86 nvmxdizc V:  1 H: 46 F:33
				8282DE 18          CLC                    A:1968 X:1968 Y:0018 S:0126 D:0E68 DB:86 nvmxdizc V:  1 H: 49 F:33
				8282DF 69 20 00    ADC #$0020             A:1968 X:1968 Y:0018 S:0126 D:0E68 DB:86 nvmxdizc V:  1 H: 52 F:33
				8282E2 AA          TAX                    A:1988 X:1968 Y:0018 S:0126 D:0E68 DB:86 nvmxdizc V:  1 H: 57 F:33
				8282E3 E0 08 1D    CPX #$1D08             A:1988 X:1988 Y:0018 S:0126 D:0E68 DB:86 nvmxdizc V:  1 H: 60 F:33
				8282E6 90 F0       BCC $00F0     [8282D8] A:1988 X:1988 Y:0018 S:0126 D:0E68 DB:86 Nvmxdizc V:  1 H: 64 F:33
				8282D8 BD 00 00    LDA $0000,X   [861988] A:1988 X:1988 Y:0018 S:0126 D:0E68 DB:86 Nvmxdizc V:  1 H: 69 F:33
				8282DB F0 5E       BEQ $005E     [82833B] A:0000 X:1988 Y:0018 S:0126 D:0E68 DB:86 nvmxdiZc V:  1 H: 79 F:33
				82833B E2 22       SEP #$22               A:0000 X:1988 Y:0018 S:0126 D:0E68 DB:86 nvmxdiZc V:  1 H: 83 F:33
				82833D 6B          RTL                    A:0000 X:1988 Y:0018 S:0126 D:0E68 DB:86 nvMxdiZc V:  1 H: 88 F:33

				83BB4C F0 02       BEQ $0002     [83BB50] A:0000 X:1988 Y:0018 S:0129 D:0E68 DB:86 nvMxdiZc V:  1 H: 98 F:33
				83BB50 FE 00 00    INC $0000,X   [861988] A:0000 X:1988 Y:0018 S:0129 D:0E68 DB:86 nvMxdiZc V:  1 H:103 F:33
				83BB53 A9 2B       LDA #$2B               A:0000 X:1988 Y:0018 S:0129 D:0E68 DB:86 nvMxdizc V:  1 H:114 F:33
				83BB55 9D 0A 00    STA $000A,X   [861992] A:002B X:1988 Y:0018 S:0129 D:0E68 DB:86 nvMxdizc V:  1 H:117 F:33
				83BB58 A9 00       LDA #$00               A:002B X:1988 Y:0018 S:0129 D:0E68 DB:86 nvMxdizc V:  1 H:125 F:33
				83BB5A EB          XBA                    A:0000 X:1988 Y:0018 S:0129 D:0E68 DB:86 nvMxdiZc V:  1 H:128 F:33
				83BB5B AD 04 00    LDA $0004     [860004] A:0000 X:1988 Y:0018 S:0129 D:0E68 DB:86 nvMxdiZc V:  1 H:133 F:33
				83BB5E 18          CLC                    A:000E X:1988 Y:0018 S:0129 D:0E68 DB:86 nvMxdizc V:  1 H:149 F:33
				83BB5F 65 3D       ADC $3D       [000EA5] A:000E X:1988 Y:0018 S:0129 D:0E68 DB:86 nvMxdizc V:  1 H:152 F:33
				83BB61 A8          TAY                    A:0010 X:1988 Y:0018 S:0129 D:0E68 DB:86 nvMxdizc V:  1 H:159 F:33
				83BB62 B9 D8 C9    LDA $C9D8,Y   [86C9E8] A:0010 X:1988 Y:0010 S:0129 D:0E68 DB:86 nvMxdizc V:  1 H:162 F:33
				83BB65 9D 0B 00    STA $000B,X   [861993] A:0028 X:1988 Y:0010 S:0129 D:0E68 DB:86 nvMxdizc V:  1 H:169 F:33
				83BB68 C2 20       REP #$20               A:0028 X:1988 Y:0010 S:0129 D:0E68 DB:86 nvMxdizc V:  1 H:177 F:33
				83BB6A 9E 0C 00    STZ $000C,X   [861994] A:0028 X:1988 Y:0010 S:0129 D:0E68 DB:86 nvmxdizc V:  1 H:182 F:33
				83BB6D 22 86 90 84 JSL $849086   [849086] A:0028 X:1988 Y:0010 S:0129 D:0E68 DB:86 nvmxdizc V:  1 H:192 F:33

				849086 08          PHP                    A:0028 X:1988 Y:0010 S:0126 D:0E68 DB:86 nvmxdizc V:  1 H:205 F:33
				849087 C2 20       REP #$20               A:0028 X:1988 Y:0010 S:0125 D:0E68 DB:86 nvmxdizc V:  1 H:210 F:33
				849089 AD A6 0B    LDA $0BA6     [860BA6] A:0028 X:1988 Y:0010 S:0125 D:0E68 DB:86 nvmxdizc V:  1 H:215 F:33
				84908C 0A          ASL A                  A:0FDC X:1988 Y:0010 S:0125 D:0E68 DB:86 nvmxdizc V:  1 H:223 F:33
				84908D 18          CLC                    A:1FB8 X:1988 Y:0010 S:0125 D:0E68 DB:86 nvmxdizc V:  1 H:226 F:33
				84908E 6D A6 0B    ADC $0BA6     [860BA6] A:1FB8 X:1988 Y:0010 S:0125 D:0E68 DB:86 nvmxdizc V:  1 H:229 F:33
				849091 EB          XBA                    A:2F94 X:1988 Y:0010 S:0125 D:0E68 DB:86 nvmxdizc V:  1 H:238 F:33
				849092 E2 20       SEP #$20               A:942F X:1988 Y:0010 S:0125 D:0E68 DB:86 nvmxdizc V:  1 H:242 F:33
				849094 8D A7 0B    STA $0BA7     [860BA7] A:942F X:1988 Y:0010 S:0125 D:0E68 DB:86 nvMxdizc V:  1 H:247 F:33
				849097 18          CLC                    A:942F X:1988 Y:0010 S:0125 D:0E68 DB:86 nvMxdizc V:  1 H:253 F:33
				849098 6D A6 0B    ADC $0BA6     [860BA6] A:942F X:1988 Y:0010 S:0125 D:0E68 DB:86 nvMxdizc V:  1 H:256 F:33
				84909B 8D A6 0B    STA $0BA6     [860BA6] A:940B X:1988 Y:0010 S:0125 D:0E68 DB:86 nvMxdizC V:  1 H:263 F:33
				84909E 28          PLP                    A:940B X:1988 Y:0010 S:0125 D:0E68 DB:86 nvMxdizC V:  1 H:269 F:33
				84909F 6B          RTL                    A:940B X:1988 Y:0010 S:0126 D:0E68 DB:86 nvmxdizc V:  1 H:276 F:33

				83BB71 29 0F 00    AND #$000F             A:940B X:1988 Y:0010 S:0129 D:0E68 DB:86 nvmxdizc V:  1 H:286 F:33
				83BB74 0A          ASL A                  A:000B X:1988 Y:0010 S:0129 D:0E68 DB:86 nvmxdizc V:  1 H:291 F:33
				83BB75 A8          TAY                    A:0016 X:1988 Y:0010 S:0129 D:0E68 DB:86 nvmxdizc V:  1 H:294 F:33
				83BB76 A5 3D       LDA $3D       [000EA5] A:0016 X:1988 Y:0016 S:0129 D:0E68 DB:86 nvmxdizc V:  1 H:297 F:33
				83BB78 4A          LSR A                  A:0002 X:1988 Y:0016 S:0129 D:0E68 DB:86 nvmxdizc V:  1 H:305 F:33
				83BB79 B9 EB C9    LDA $C9EB,Y   [86CA01] A:0001 X:1988 Y:0016 S:0129 D:0E68 DB:86 nvmxdizc V:  1 H:308 F:33
				83BB7C 90 04       BCC $0004     [83BB82] A:0162 X:1988 Y:0016 S:0129 D:0E68 DB:86 nvmxdizc V:  1 H:317 F:33
				83BB82 9D 1A 00    STA $001A,X   [8619A2] A:0162 X:1988 Y:0016 S:0129 D:0E68 DB:86 nvmxdizc V:  1 H:322 F:33
				83BB85 22 86 90 84 JSL $849086   [849086] A:0162 X:1988 Y:0016 S:0129 D:0E68 DB:86 nvmxdizc V:  1 H:331 F:33

				849086 08          PHP                    A:0162 X:1988 Y:0016 S:0126 D:0E68 DB:86 nvmxdizc V:  2 H:  4 F:33
				849087 C2 20       REP #$20               A:0162 X:1988 Y:0016 S:0125 D:0E68 DB:86 nvmxdizc V:  2 H:  9 F:33
				849089 AD A6 0B    LDA $0BA6     [860BA6] A:0162 X:1988 Y:0016 S:0125 D:0E68 DB:86 nvmxdizc V:  2 H: 14 F:33
				84908C 0A          ASL A                  A:2F0B X:1988 Y:0016 S:0125 D:0E68 DB:86 nvmxdizc V:  2 H: 22 F:33
				84908D 18          CLC                    A:5E16 X:1988 Y:0016 S:0125 D:0E68 DB:86 nvmxdizc V:  2 H: 25 F:33
				84908E 6D A6 0B    ADC $0BA6     [860BA6] A:5E16 X:1988 Y:0016 S:0125 D:0E68 DB:86 nvmxdizc V:  2 H: 28 F:33
				849091 EB          XBA                    A:8D21 X:1988 Y:0016 S:0125 D:0E68 DB:86 NVmxdizc V:  2 H: 37 F:33
				849092 E2 20       SEP #$20               A:218D X:1988 Y:0016 S:0125 D:0E68 DB:86 NVmxdizc V:  2 H: 41 F:33
				849094 8D A7 0B    STA $0BA7     [860BA7] A:218D X:1988 Y:0016 S:0125 D:0E68 DB:86 NVMxdizc V:  2 H: 46 F:33
				849097 18          CLC                    A:218D X:1988 Y:0016 S:0125 D:0E68 DB:86 NVMxdizc V:  2 H: 52 F:33
				849098 6D A6 0B    ADC $0BA6     [860BA6] A:218D X:1988 Y:0016 S:0125 D:0E68 DB:86 NVMxdizc V:  2 H: 55 F:33
				84909B 8D A6 0B    STA $0BA6     [860BA6] A:2198 X:1988 Y:0016 S:0125 D:0E68 DB:86 NvMxdizc V:  2 H: 62 F:33
				84909E 28          PLP                    A:2198 X:1988 Y:0016 S:0125 D:0E68 DB:86 NvMxdizc V:  2 H: 68 F:33
				84909F 6B          RTL                    A:2198 X:1988 Y:0016 S:0126 D:0E68 DB:86 nvmxdizc V:  2 H: 75 F:33

				83BB89 29 0F 00    AND #$000F             A:2198 X:1988 Y:0016 S:0129 D:0E68 DB:86 nvmxdizc V:  2 H: 85 F:33
				83BB8C 0A          ASL A                  A:0008 X:1988 Y:0016 S:0129 D:0E68 DB:86 nvmxdizc V:  2 H: 90 F:33
				83BB8D A8          TAY                    A:0010 X:1988 Y:0016 S:0129 D:0E68 DB:86 nvmxdizc V:  2 H: 93 F:33
				83BB8E B9 0B CA    LDA $CA0B,Y   [86CA1B] A:0010 X:1988 Y:0010 S:0129 D:0E68 DB:86 nvmxdizc V:  2 H: 96 F:33
				83BB91 9D 1C 00    STA $001C,X   [8619A4] A:0376 X:1988 Y:0010 S:0129 D:0E68 DB:86 nvmxdizc V:  2 H:105 F:33
				83BB94 AD 00 00    LDA $0000     [860000] A:0376 X:1988 Y:0010 S:0129 D:0E68 DB:86 nvmxdizc V:  2 H:115 F:33
				83BB97 9D 05 00    STA $0005,X   [86198D] A:149C X:1988 Y:0010 S:0129 D:0E68 DB:86 nvmxdizc V:  2 H:123 F:33
				83BB9A AD 02 00    LDA $0002     [860002] A:149C X:1988 Y:0010 S:0129 D:0E68 DB:86 nvmxdizc V:  2 H:133 F:33
				83BB9D 9D 08 00    STA $0008,X   [861990] A:0AB2 X:1988 Y:0010 S:0129 D:0E68 DB:86 nvmxdizc V:  2 H:152 F:33
				83BBA0 E2 20       SEP #$20               A:0AB2 X:1988 Y:0010 S:0129 D:0E68 DB:86 nvmxdizc V:  2 H:162 F:33
				83BBA2 A9 40       LDA #$40               A:0AB2 X:1988 Y:0010 S:0129 D:0E68 DB:86 nvMxdizc V:  2 H:166 F:33
				83BBA4 9D 1E 00    STA $001E,X   [8619A6] A:0A40 X:1988 Y:0010 S:0129 D:0E68 DB:86 nvMxdizc V:  2 H:169 F:33
				83BBA7 9E 1F 00    STZ $001F,X   [8619A7] A:0A40 X:1988 Y:0010 S:0129 D:0E68 DB:86 nvMxdizc V:  2 H:177 F:33
				83BBAA C6 3D       DEC $3D       [000EA5] A:0A40 X:1988 Y:0010 S:0129 D:0E68 DB:86 nvMxdizc V:  2 H:185 F:33
				83BBAC 10 9A       BPL $009A     [83BB48] A:0A40 X:1988 Y:0010 S:0129 D:0E68 DB:86 nvMxdizc V:  2 H:195 F:33
				83BB48 22 D3 82 82 JSL $8282D3   [8282D3] A:0A40 X:1988 Y:0010 S:0129 D:0E68 DB:86 nvMxdizc V:  2 H:200 F:33

				8282D3 C2 30       REP #$30               A:0A40 X:1988 Y:0010 S:0126 D:0E68 DB:86 nvMxdizc V:  2 H:213 F:33
				8282D5 A2 28 19    LDX #$1928             A:0A40 X:1988 Y:0010 S:0126 D:0E68 DB:86 nvmxdizc V:  2 H:218 F:33
				8282D8 BD 00 00    LDA $0000,X   [861928] A:0A40 X:1928 Y:0010 S:0126 D:0E68 DB:86 nvmxdizc V:  2 H:222 F:33
				8282DB F0 5E       BEQ $005E     [82833B] A:0101 X:1928 Y:0010 S:0126 D:0E68 DB:86 nvmxdizc V:  2 H:232 F:33
				8282DD 8A          TXA                    A:0101 X:1928 Y:0010 S:0126 D:0E68 DB:86 nvmxdizc V:  2 H:235 F:33
				8282DE 18          CLC                    A:1928 X:1928 Y:0010 S:0126 D:0E68 DB:86 nvmxdizc V:  2 H:238 F:33
				8282DF 69 20 00    ADC #$0020             A:1928 X:1928 Y:0010 S:0126 D:0E68 DB:86 nvmxdizc V:  2 H:241 F:33
				8282E2 AA          TAX                    A:1948 X:1928 Y:0010 S:0126 D:0E68 DB:86 nvmxdizc V:  2 H:246 F:33
				8282E3 E0 08 1D    CPX #$1D08             A:1948 X:1948 Y:0010 S:0126 D:0E68 DB:86 nvmxdizc V:  2 H:249 F:33
				8282E6 90 F0       BCC $00F0     [8282D8] A:1948 X:1948 Y:0010 S:0126 D:0E68 DB:86 Nvmxdizc V:  2 H:253 F:33
				8282D8 BD 00 00    LDA $0000,X   [861948] A:1948 X:1948 Y:0010 S:0126 D:0E68 DB:86 Nvmxdizc V:  2 H:258 F:33
				8282DB F0 5E       BEQ $005E     [82833B] A:0101 X:1948 Y:0010 S:0126 D:0E68 DB:86 nvmxdizc V:  2 H:268 F:33
				8282DD 8A          TXA                    A:0101 X:1948 Y:0010 S:0126 D:0E68 DB:86 nvmxdizc V:  2 H:271 F:33
				8282DE 18          CLC                    A:1948 X:1948 Y:0010 S:0126 D:0E68 DB:86 nvmxdizc V:  2 H:274 F:33
				8282DF 69 20 00    ADC #$0020             A:1948 X:1948 Y:0010 S:0126 D:0E68 DB:86 nvmxdizc V:  2 H:277 F:33
				8282E2 AA          TAX                    A:1968 X:1948 Y:0010 S:0126 D:0E68 DB:86 nvmxdizc V:  2 H:281 F:33
				8282E3 E0 08 1D    CPX #$1D08             A:1968 X:1968 Y:0010 S:0126 D:0E68 DB:86 nvmxdizc V:  2 H:284 F:33
				8282E6 90 F0       BCC $00F0     [8282D8] A:1968 X:1968 Y:0010 S:0126 D:0E68 DB:86 Nvmxdizc V:  2 H:289 F:33
				8282D8 BD 00 00    LDA $0000,X   [861968] A:1968 X:1968 Y:0010 S:0126 D:0E68 DB:86 Nvmxdizc V:  2 H:293 F:33
				8282DB F0 5E       BEQ $005E     [82833B] A:0001 X:1968 Y:0010 S:0126 D:0E68 DB:86 nvmxdizc V:  2 H:303 F:33
				8282DD 8A          TXA                    A:0001 X:1968 Y:0010 S:0126 D:0E68 DB:86 nvmxdizc V:  2 H:306 F:33
				8282DE 18          CLC                    A:1968 X:1968 Y:0010 S:0126 D:0E68 DB:86 nvmxdizc V:  2 H:309 F:33
				8282DF 69 20 00    ADC #$0020             A:1968 X:1968 Y:0010 S:0126 D:0E68 DB:86 nvmxdizc V:  2 H:312 F:33
				8282E2 AA          TAX                    A:1988 X:1968 Y:0010 S:0126 D:0E68 DB:86 nvmxdizc V:  2 H:317 F:33
				8282E3 E0 08 1D    CPX #$1D08             A:1988 X:1988 Y:0010 S:0126 D:0E68 DB:86 nvmxdizc V:  2 H:320 F:33
				8282E6 90 F0       BCC $00F0     [8282D8] A:1988 X:1988 Y:0010 S:0126 D:0E68 DB:86 Nvmxdizc V:  2 H:324 F:33
				8282D8 BD 00 00    LDA $0000,X   [861988] A:1988 X:1988 Y:0010 S:0126 D:0E68 DB:86 Nvmxdizc V:  2 H:328 F:33
				8282DB F0 5E       BEQ $005E     [82833B] A:0001 X:1988 Y:0010 S:0126 D:0E68 DB:86 nvmxdizc V:  2 H:338 F:33
				8282DD 8A          TXA                    A:0001 X:1988 Y:0010 S:0126 D:0E68 DB:86 nvmxdizc V:  3 H:  1 F:33
				8282DE 18          CLC                    A:1988 X:1988 Y:0010 S:0126 D:0E68 DB:86 nvmxdizc V:  3 H:  4 F:33
				8282DF 69 20 00    ADC #$0020             A:1988 X:1988 Y:0010 S:0126 D:0E68 DB:86 nvmxdizc V:  3 H:  7 F:33
				8282E2 AA          TAX                    A:19A8 X:1988 Y:0010 S:0126 D:0E68 DB:86 nvmxdizc V:  3 H: 11 F:33
				8282E3 E0 08 1D    CPX #$1D08             A:19A8 X:19A8 Y:0010 S:0126 D:0E68 DB:86 nvmxdizc V:  3 H: 14 F:33
				8282E6 90 F0       BCC $00F0     [8282D8] A:19A8 X:19A8 Y:0010 S:0126 D:0E68 DB:86 Nvmxdizc V:  3 H: 19 F:33
				8282D8 BD 00 00    LDA $0000,X   [8619A8] A:19A8 X:19A8 Y:0010 S:0126 D:0E68 DB:86 Nvmxdizc V:  3 H: 23 F:33
				8282DB F0 5E       BEQ $005E     [82833B] A:0101 X:19A8 Y:0010 S:0126 D:0E68 DB:86 nvmxdizc V:  3 H: 33 F:33
				8282DD 8A          TXA                    A:0101 X:19A8 Y:0010 S:0126 D:0E68 DB:86 nvmxdizc V:  3 H: 36 F:33
				8282DE 18          CLC                    A:19A8 X:19A8 Y:0010 S:0126 D:0E68 DB:86 nvmxdizc V:  3 H: 39 F:33
				8282DF 69 20 00    ADC #$0020             A:19A8 X:19A8 Y:0010 S:0126 D:0E68 DB:86 nvmxdizc V:  3 H: 42 F:33
				8282E2 AA          TAX                    A:19C8 X:19A8 Y:0010 S:0126 D:0E68 DB:86 nvmxdizc V:  3 H: 47 F:33
				8282E3 E0 08 1D    CPX #$1D08             A:19C8 X:19C8 Y:0010 S:0126 D:0E68 DB:86 nvmxdizc V:  3 H: 50 F:33
				8282E6 90 F0       BCC $00F0     [8282D8] A:19C8 X:19C8 Y:0010 S:0126 D:0E68 DB:86 Nvmxdizc V:  3 H: 54 F:33
				8282D8 BD 00 00    LDA $0000,X   [8619C8] A:19C8 X:19C8 Y:0010 S:0126 D:0E68 DB:86 Nvmxdizc V:  3 H: 59 F:33
				8282DB F0 5E       BEQ $005E     [82833B] A:0101 X:19C8 Y:0010 S:0126 D:0E68 DB:86 nvmxdizc V:  3 H: 69 F:33
				8282DD 8A          TXA                    A:0101 X:19C8 Y:0010 S:0126 D:0E68 DB:86 nvmxdizc V:  3 H: 72 F:33
				8282DE 18          CLC                    A:19C8 X:19C8 Y:0010 S:0126 D:0E68 DB:86 nvmxdizc V:  3 H: 75 F:33
				8282DF 69 20 00    ADC #$0020             A:19C8 X:19C8 Y:0010 S:0126 D:0E68 DB:86 nvmxdizc V:  3 H: 78 F:33
				8282E2 AA          TAX                    A:19E8 X:19C8 Y:0010 S:0126 D:0E68 DB:86 nvmxdizc V:  3 H: 82 F:33
				8282E3 E0 08 1D    CPX #$1D08             A:19E8 X:19E8 Y:0010 S:0126 D:0E68 DB:86 nvmxdizc V:  3 H: 85 F:33
				8282E6 90 F0       BCC $00F0     [8282D8] A:19E8 X:19E8 Y:0010 S:0126 D:0E68 DB:86 Nvmxdizc V:  3 H: 90 F:33
				8282D8 BD 00 00    LDA $0000,X   [8619E8] A:19E8 X:19E8 Y:0010 S:0126 D:0E68 DB:86 Nvmxdizc V:  3 H: 94 F:33
				8282DB F0 5E       BEQ $005E     [82833B] A:0101 X:19E8 Y:0010 S:0126 D:0E68 DB:86 nvmxdizc V:  3 H:104 F:33
				8282DD 8A          TXA                    A:0101 X:19E8 Y:0010 S:0126 D:0E68 DB:86 nvmxdizc V:  3 H:107 F:33
				8282DE 18          CLC                    A:19E8 X:19E8 Y:0010 S:0126 D:0E68 DB:86 nvmxdizc V:  3 H:110 F:33
				8282DF 69 20 00    ADC #$0020             A:19E8 X:19E8 Y:0010 S:0126 D:0E68 DB:86 nvmxdizc V:  3 H:113 F:33
				8282E2 AA          TAX                    A:1A08 X:19E8 Y:0010 S:0126 D:0E68 DB:86 nvmxdizc V:  3 H:118 F:33
				8282E3 E0 08 1D    CPX #$1D08             A:1A08 X:1A08 Y:0010 S:0126 D:0E68 DB:86 nvmxdizc V:  3 H:121 F:33
				8282E6 90 F0       BCC $00F0     [8282D8] A:1A08 X:1A08 Y:0010 S:0126 D:0E68 DB:86 Nvmxdizc V:  3 H:125 F:33
				8282D8 BD 00 00    LDA $0000,X   [861A08] A:1A08 X:1A08 Y:0010 S:0126 D:0E68 DB:86 Nvmxdizc V:  3 H:130 F:33
				8282DB F0 5E       BEQ $005E     [82833B] A:0101 X:1A08 Y:0010 S:0126 D:0E68 DB:86 nvmxdizc V:  3 H:150 F:33
				8282DD 8A          TXA                    A:0101 X:1A08 Y:0010 S:0126 D:0E68 DB:86 nvmxdizc V:  3 H:153 F:33
				8282DE 18          CLC                    A:1A08 X:1A08 Y:0010 S:0126 D:0E68 DB:86 nvmxdizc V:  3 H:156 F:33
				8282DF 69 20 00    ADC #$0020             A:1A08 X:1A08 Y:0010 S:0126 D:0E68 DB:86 nvmxdizc V:  3 H:159 F:33
				8282E2 AA          TAX                    A:1A28 X:1A08 Y:0010 S:0126 D:0E68 DB:86 nvmxdizc V:  3 H:163 F:33
				8282E3 E0 08 1D    CPX #$1D08             A:1A28 X:1A28 Y:0010 S:0126 D:0E68 DB:86 nvmxdizc V:  3 H:166 F:33
				8282E6 90 F0       BCC $00F0     [8282D8] A:1A28 X:1A28 Y:0010 S:0126 D:0E68 DB:86 Nvmxdizc V:  3 H:171 F:33
				8282D8 BD 00 00    LDA $0000,X   [861A28] A:1A28 X:1A28 Y:0010 S:0126 D:0E68 DB:86 Nvmxdizc V:  3 H:175 F:33
				8282DB F0 5E       BEQ $005E     [82833B] A:0000 X:1A28 Y:0010 S:0126 D:0E68 DB:86 nvmxdiZc V:  3 H:185 F:33
				82833B E2 22       SEP #$22               A:0000 X:1A28 Y:0010 S:0126 D:0E68 DB:86 nvmxdiZc V:  3 H:190 F:33
				82833D 6B          RTL                    A:0000 X:1A28 Y:0010 S:0126 D:0E68 DB:86 nvMxdiZc V:  3 H:194 F:33

				83BB4C F0 02       BEQ $0002     [83BB50] A:0000 X:1A28 Y:0010 S:0129 D:0E68 DB:86 nvMxdiZc V:  3 H:205 F:33
				83BB50 FE 00 00    INC $0000,X   [861A28] A:0000 X:1A28 Y:0010 S:0129 D:0E68 DB:86 nvMxdiZc V:  3 H:209 F:33
				83BB53 A9 2B       LDA #$2B               A:0000 X:1A28 Y:0010 S:0129 D:0E68 DB:86 nvMxdizc V:  3 H:221 F:33
				83BB55 9D 0A 00    STA $000A,X   [861A32] A:002B X:1A28 Y:0010 S:0129 D:0E68 DB:86 nvMxdizc V:  3 H:224 F:33
				83BB58 A9 00       LDA #$00               A:002B X:1A28 Y:0010 S:0129 D:0E68 DB:86 nvMxdizc V:  3 H:232 F:33
				83BB5A EB          XBA                    A:0000 X:1A28 Y:0010 S:0129 D:0E68 DB:86 nvMxdiZc V:  3 H:235 F:33
				83BB5B AD 04 00    LDA $0004     [860004] A:0000 X:1A28 Y:0010 S:0129 D:0E68 DB:86 nvMxdiZc V:  3 H:239 F:33
				83BB5E 18          CLC                    A:000E X:1A28 Y:0010 S:0129 D:0E68 DB:86 nvMxdizc V:  3 H:246 F:33
				83BB5F 65 3D       ADC $3D       [000EA5] A:000E X:1A28 Y:0010 S:0129 D:0E68 DB:86 nvMxdizc V:  3 H:249 F:33
				83BB61 A8          TAY                    A:000F X:1A28 Y:0010 S:0129 D:0E68 DB:86 nvMxdizc V:  3 H:255 F:33
				83BB62 B9 D8 C9    LDA $C9D8,Y   [86C9E7] A:000F X:1A28 Y:000F S:0129 D:0E68 DB:86 nvMxdizc V:  3 H:258 F:33
				83BB65 9D 0B 00    STA $000B,X   [861A33] A:0027 X:1A28 Y:000F S:0129 D:0E68 DB:86 nvMxdizc V:  3 H:266 F:33
				83BB68 C2 20       REP #$20               A:0027 X:1A28 Y:000F S:0129 D:0E68 DB:86 nvMxdizc V:  3 H:274 F:33
				83BB6A 9E 0C 00    STZ $000C,X   [861A34] A:0027 X:1A28 Y:000F S:0129 D:0E68 DB:86 nvmxdizc V:  3 H:278 F:33
				83BB6D 22 86 90 84 JSL $849086   [849086] A:0027 X:1A28 Y:000F S:0129 D:0E68 DB:86 nvmxdizc V:  3 H:288 F:33

				849086 08          PHP                    A:0027 X:1A28 Y:000F S:0126 D:0E68 DB:86 nvmxdizc V:  3 H:302 F:33
				849087 C2 20       REP #$20               A:0027 X:1A28 Y:000F S:0125 D:0E68 DB:86 nvmxdizc V:  3 H:307 F:33
				849089 AD A6 0B    LDA $0BA6     [860BA6] A:0027 X:1A28 Y:000F S:0125 D:0E68 DB:86 nvmxdizc V:  3 H:311 F:33
				84908C 0A          ASL A                  A:8D98 X:1A28 Y:000F S:0125 D:0E68 DB:86 Nvmxdizc V:  3 H:320 F:33
				84908D 18          CLC                    A:1B30 X:1A28 Y:000F S:0125 D:0E68 DB:86 nvmxdizC V:  3 H:323 F:33
				84908E 6D A6 0B    ADC $0BA6     [860BA6] A:1B30 X:1A28 Y:000F S:0125 D:0E68 DB:86 nvmxdizc V:  3 H:325 F:33
				849091 EB          XBA                    A:A8C8 X:1A28 Y:000F S:0125 D:0E68 DB:86 Nvmxdizc V:  3 H:333 F:33
				849092 E2 20       SEP #$20               A:C8A8 X:1A28 Y:000F S:0125 D:0E68 DB:86 Nvmxdizc V:  3 H:338 F:33
				849094 8D A7 0B    STA $0BA7     [860BA7] A:C8A8 X:1A28 Y:000F S:0125 D:0E68 DB:86 NvMxdizc V:  4 H:  2 F:33
				849097 18          CLC                    A:C8A8 X:1A28 Y:000F S:0125 D:0E68 DB:86 NvMxdizc V:  4 H:  9 F:33
				849098 6D A6 0B    ADC $0BA6     [860BA6] A:C8A8 X:1A28 Y:000F S:0125 D:0E68 DB:86 NvMxdizc V:  4 H: 12 F:33
				84909B 8D A6 0B    STA $0BA6     [860BA6] A:C840 X:1A28 Y:000F S:0125 D:0E68 DB:86 nVMxdizC V:  4 H: 18 F:33
				84909E 28          PLP                    A:C840 X:1A28 Y:000F S:0125 D:0E68 DB:86 nVMxdizC V:  4 H: 25 F:33
				84909F 6B          RTL                    A:C840 X:1A28 Y:000F S:0126 D:0E68 DB:86 nvmxdizc V:  4 H: 31 F:33

				83BB71 29 0F 00    AND #$000F             A:C840 X:1A28 Y:000F S:0129 D:0E68 DB:86 nvmxdizc V:  4 H: 42 F:33
				83BB74 0A          ASL A                  A:0000 X:1A28 Y:000F S:0129 D:0E68 DB:86 nvmxdiZc V:  4 H: 46 F:33
				83BB75 A8          TAY                    A:0000 X:1A28 Y:000F S:0129 D:0E68 DB:86 nvmxdiZc V:  4 H: 49 F:33
				83BB76 A5 3D       LDA $3D       [000EA5] A:0000 X:1A28 Y:0000 S:0129 D:0E68 DB:86 nvmxdiZc V:  4 H: 52 F:33
				83BB78 4A          LSR A                  A:0001 X:1A28 Y:0000 S:0129 D:0E68 DB:86 nvmxdizc V:  4 H: 61 F:33
				83BB79 B9 EB C9    LDA $C9EB,Y   [86C9EB] A:0000 X:1A28 Y:0000 S:0129 D:0E68 DB:86 nvmxdiZC V:  4 H: 64 F:33
				83BB7C 90 04       BCC $0004     [83BB82] A:0130 X:1A28 Y:0000 S:0129 D:0E68 DB:86 nvmxdizC V:  4 H: 73 F:33
				83BB7E 49 FF FF    EOR #$FFFF             A:0130 X:1A28 Y:0000 S:0129 D:0E68 DB:86 nvmxdizC V:  4 H: 76 F:33
				83BB81 1A          INC                    A:FECF X:1A28 Y:0000 S:0129 D:0E68 DB:86 NvmxdizC V:  4 H: 80 F:33
				83BB82 9D 1A 00    STA $001A,X   [861A42] A:FED0 X:1A28 Y:0000 S:0129 D:0E68 DB:86 NvmxdizC V:  4 H: 83 F:33
				83BB85 22 86 90 84 JSL $849086   [849086] A:FED0 X:1A28 Y:0000 S:0129 D:0E68 DB:86 NvmxdizC V:  4 H: 93 F:33

				849086 08          PHP                    A:FED0 X:1A28 Y:0000 S:0126 D:0E68 DB:86 NvmxdizC V:  4 H:107 F:33
				849087 C2 20       REP #$20               A:FED0 X:1A28 Y:0000 S:0125 D:0E68 DB:86 NvmxdizC V:  4 H:112 F:33
				849089 AD A6 0B    LDA $0BA6     [860BA6] A:FED0 X:1A28 Y:0000 S:0125 D:0E68 DB:86 NvmxdizC V:  4 H:116 F:33
				84908C 0A          ASL A                  A:A840 X:1A28 Y:0000 S:0125 D:0E68 DB:86 NvmxdizC V:  4 H:125 F:33
				84908D 18          CLC                    A:5080 X:1A28 Y:0000 S:0125 D:0E68 DB:86 nvmxdizC V:  4 H:128 F:33
				84908E 6D A6 0B    ADC $0BA6     [860BA6] A:5080 X:1A28 Y:0000 S:0125 D:0E68 DB:86 nvmxdizc V:  4 H:131 F:33
				849091 EB          XBA                    A:F8C0 X:1A28 Y:0000 S:0125 D:0E68 DB:86 Nvmxdizc V:  4 H:149 F:33
				849092 E2 20       SEP #$20               A:C0F8 X:1A28 Y:0000 S:0125 D:0E68 DB:86 Nvmxdizc V:  4 H:154 F:33
				849094 8D A7 0B    STA $0BA7     [860BA7] A:C0F8 X:1A28 Y:0000 S:0125 D:0E68 DB:86 NvMxdizc V:  4 H:158 F:33
				849097 18          CLC                    A:C0F8 X:1A28 Y:0000 S:0125 D:0E68 DB:86 NvMxdizc V:  4 H:165 F:33
				849098 6D A6 0B    ADC $0BA6     [860BA6] A:C0F8 X:1A28 Y:0000 S:0125 D:0E68 DB:86 NvMxdizc V:  4 H:168 F:33
				84909B 8D A6 0B    STA $0BA6     [860BA6] A:C038 X:1A28 Y:0000 S:0125 D:0E68 DB:86 nvMxdizC V:  4 H:174 F:33
				84909E 28          PLP                    A:C038 X:1A28 Y:0000 S:0125 D:0E68 DB:86 nvMxdizC V:  4 H:181 F:33
				84909F 6B          RTL                    A:C038 X:1A28 Y:0000 S:0126 D:0E68 DB:86 NvmxdizC V:  4 H:187 F:33

				83BB89 29 0F 00    AND #$000F             A:C038 X:1A28 Y:0000 S:0129 D:0E68 DB:86 NvmxdizC V:  4 H:198 F:33
				83BB8C 0A          ASL A                  A:0008 X:1A28 Y:0000 S:0129 D:0E68 DB:86 nvmxdizC V:  4 H:202 F:33
				83BB8D A8          TAY                    A:0010 X:1A28 Y:0000 S:0129 D:0E68 DB:86 nvmxdizc V:  4 H:205 F:33
				83BB8E B9 0B CA    LDA $CA0B,Y   [86CA1B] A:0010 X:1A28 Y:0010 S:0129 D:0E68 DB:86 nvmxdizc V:  4 H:208 F:33
				83BB91 9D 1C 00    STA $001C,X   [861A44] A:0376 X:1A28 Y:0010 S:0129 D:0E68 DB:86 nvmxdizc V:  4 H:217 F:33
				83BB94 AD 00 00    LDA $0000     [860000] A:0376 X:1A28 Y:0010 S:0129 D:0E68 DB:86 nvmxdizc V:  4 H:227 F:33
				83BB97 9D 05 00    STA $0005,X   [861A2D] A:149C X:1A28 Y:0010 S:0129 D:0E68 DB:86 nvmxdizc V:  4 H:236 F:33
				83BB9A AD 02 00    LDA $0002     [860002] A:149C X:1A28 Y:0010 S:0129 D:0E68 DB:86 nvmxdizc V:  4 H:246 F:33
				83BB9D 9D 08 00    STA $0008,X   [861A30] A:0AB2 X:1A28 Y:0010 S:0129 D:0E68 DB:86 nvmxdizc V:  4 H:254 F:33
				83BBA0 E2 20       SEP #$20               A:0AB2 X:1A28 Y:0010 S:0129 D:0E68 DB:86 nvmxdizc V:  4 H:264 F:33
				83BBA2 A9 40       LDA #$40               A:0AB2 X:1A28 Y:0010 S:0129 D:0E68 DB:86 nvMxdizc V:  4 H:269 F:33
				83BBA4 9D 1E 00    STA $001E,X   [861A46] A:0A40 X:1A28 Y:0010 S:0129 D:0E68 DB:86 nvMxdizc V:  4 H:272 F:33
				83BBA7 9E 1F 00    STZ $001F,X   [861A47] A:0A40 X:1A28 Y:0010 S:0129 D:0E68 DB:86 nvMxdizc V:  4 H:280 F:33
				83BBAA C6 3D       DEC $3D       [000EA5] A:0A40 X:1A28 Y:0010 S:0129 D:0E68 DB:86 nvMxdizc V:  4 H:288 F:33
				83BBAC 10 9A       BPL $009A     [83BB48] A:0A40 X:1A28 Y:0010 S:0129 D:0E68 DB:86 nvMxdiZc V:  4 H:298 F:33
				83BB48 22 D3 82 82 JSL $8282D3   [8282D3] A:0A40 X:1A28 Y:0010 S:0129 D:0E68 DB:86 nvMxdiZc V:  4 H:302 F:33

				8282D3 C2 30       REP #$30               A:0A40 X:1A28 Y:0010 S:0126 D:0E68 DB:86 nvMxdiZc V:  4 H:316 F:33
				8282D5 A2 28 19    LDX #$1928             A:0A40 X:1A28 Y:0010 S:0126 D:0E68 DB:86 nvmxdiZc V:  4 H:320 F:33
				8282D8 BD 00 00    LDA $0000,X   [861928] A:0A40 X:1928 Y:0010 S:0126 D:0E68 DB:86 nvmxdizc V:  4 H:324 F:33
				8282DB F0 5E       BEQ $005E     [82833B] A:0101 X:1928 Y:0010 S:0126 D:0E68 DB:86 nvmxdizc V:  4 H:334 F:33
				8282DD 8A          TXA                    A:0101 X:1928 Y:0010 S:0126 D:0E68 DB:86 nvmxdizc V:  4 H:337 F:33
				8282DE 18          CLC                    A:1928 X:1928 Y:0010 S:0126 D:0E68 DB:86 nvmxdizc V:  5 H:  0 F:33
				8282DF 69 20 00    ADC #$0020             A:1928 X:1928 Y:0010 S:0126 D:0E68 DB:86 nvmxdizc V:  5 H:  3 F:33
				8282E2 AA          TAX                    A:1948 X:1928 Y:0010 S:0126 D:0E68 DB:86 nvmxdizc V:  5 H:  7 F:33
				8282E3 E0 08 1D    CPX #$1D08             A:1948 X:1948 Y:0010 S:0126 D:0E68 DB:86 nvmxdizc V:  5 H: 10 F:33
				8282E6 90 F0       BCC $00F0     [8282D8] A:1948 X:1948 Y:0010 S:0126 D:0E68 DB:86 Nvmxdizc V:  5 H: 15 F:33
				8282D8 BD 00 00    LDA $0000,X   [861948] A:1948 X:1948 Y:0010 S:0126 D:0E68 DB:86 Nvmxdizc V:  5 H: 19 F:33
				8282DB F0 5E       BEQ $005E     [82833B] A:0101 X:1948 Y:0010 S:0126 D:0E68 DB:86 nvmxdizc V:  5 H: 29 F:33
				8282DD 8A          TXA                    A:0101 X:1948 Y:0010 S:0126 D:0E68 DB:86 nvmxdizc V:  5 H: 32 F:33
				8282DE 18          CLC                    A:1948 X:1948 Y:0010 S:0126 D:0E68 DB:86 nvmxdizc V:  5 H: 35 F:33
				8282DF 69 20 00    ADC #$0020             A:1948 X:1948 Y:0010 S:0126 D:0E68 DB:86 nvmxdizc V:  5 H: 38 F:33
				8282E2 AA          TAX                    A:1968 X:1948 Y:0010 S:0126 D:0E68 DB:86 nvmxdizc V:  5 H: 43 F:33
				8282E3 E0 08 1D    CPX #$1D08             A:1968 X:1968 Y:0010 S:0126 D:0E68 DB:86 nvmxdizc V:  5 H: 46 F:33
				8282E6 90 F0       BCC $00F0     [8282D8] A:1968 X:1968 Y:0010 S:0126 D:0E68 DB:86 Nvmxdizc V:  5 H: 50 F:33
				8282D8 BD 00 00    LDA $0000,X   [861968] A:1968 X:1968 Y:0010 S:0126 D:0E68 DB:86 Nvmxdizc V:  5 H: 55 F:33
				8282DB F0 5E       BEQ $005E     [82833B] A:0001 X:1968 Y:0010 S:0126 D:0E68 DB:86 nvmxdizc V:  5 H: 65 F:33
				8282DD 8A          TXA                    A:0001 X:1968 Y:0010 S:0126 D:0E68 DB:86 nvmxdizc V:  5 H: 68 F:33
				8282DE 18          CLC                    A:1968 X:1968 Y:0010 S:0126 D:0E68 DB:86 nvmxdizc V:  5 H: 71 F:33
				8282DF 69 20 00    ADC #$0020             A:1968 X:1968 Y:0010 S:0126 D:0E68 DB:86 nvmxdizc V:  5 H: 74 F:33
				8282E2 AA          TAX                    A:1988 X:1968 Y:0010 S:0126 D:0E68 DB:86 nvmxdizc V:  5 H: 78 F:33
				8282E3 E0 08 1D    CPX #$1D08             A:1988 X:1988 Y:0010 S:0126 D:0E68 DB:86 nvmxdizc V:  5 H: 81 F:33
				8282E6 90 F0       BCC $00F0     [8282D8] A:1988 X:1988 Y:0010 S:0126 D:0E68 DB:86 Nvmxdizc V:  5 H: 86 F:33
				8282D8 BD 00 00    LDA $0000,X   [861988] A:1988 X:1988 Y:0010 S:0126 D:0E68 DB:86 Nvmxdizc V:  5 H: 90 F:33
				8282DB F0 5E       BEQ $005E     [82833B] A:0001 X:1988 Y:0010 S:0126 D:0E68 DB:86 nvmxdizc V:  5 H:100 F:33
				8282DD 8A          TXA                    A:0001 X:1988 Y:0010 S:0126 D:0E68 DB:86 nvmxdizc V:  5 H:103 F:33
				8282DE 18          CLC                    A:1988 X:1988 Y:0010 S:0126 D:0E68 DB:86 nvmxdizc V:  5 H:106 F:33
				8282DF 69 20 00    ADC #$0020             A:1988 X:1988 Y:0010 S:0126 D:0E68 DB:86 nvmxdizc V:  5 H:109 F:33
				8282E2 AA          TAX                    A:19A8 X:1988 Y:0010 S:0126 D:0E68 DB:86 nvmxdizc V:  5 H:114 F:33
				8282E3 E0 08 1D    CPX #$1D08             A:19A8 X:19A8 Y:0010 S:0126 D:0E68 DB:86 nvmxdizc V:  5 H:117 F:33
				8282E6 90 F0       BCC $00F0     [8282D8] A:19A8 X:19A8 Y:0010 S:0126 D:0E68 DB:86 Nvmxdizc V:  5 H:121 F:33
				8282D8 BD 00 00    LDA $0000,X   [8619A8] A:19A8 X:19A8 Y:0010 S:0126 D:0E68 DB:86 Nvmxdizc V:  5 H:126 F:33
				8282DB F0 5E       BEQ $005E     [82833B] A:0101 X:19A8 Y:0010 S:0126 D:0E68 DB:86 nvmxdizc V:  5 H:146 F:33
				8282DD 8A          TXA                    A:0101 X:19A8 Y:0010 S:0126 D:0E68 DB:86 nvmxdizc V:  5 H:149 F:33
				8282DE 18          CLC                    A:19A8 X:19A8 Y:0010 S:0126 D:0E68 DB:86 nvmxdizc V:  5 H:152 F:33
				8282DF 69 20 00    ADC #$0020             A:19A8 X:19A8 Y:0010 S:0126 D:0E68 DB:86 nvmxdizc V:  5 H:155 F:33
				8282E2 AA          TAX                    A:19C8 X:19A8 Y:0010 S:0126 D:0E68 DB:86 nvmxdizc V:  5 H:159 F:33
				8282E3 E0 08 1D    CPX #$1D08             A:19C8 X:19C8 Y:0010 S:0126 D:0E68 DB:86 nvmxdizc V:  5 H:162 F:33
				8282E6 90 F0       BCC $00F0     [8282D8] A:19C8 X:19C8 Y:0010 S:0126 D:0E68 DB:86 Nvmxdizc V:  5 H:167 F:33
				8282D8 BD 00 00    LDA $0000,X   [8619C8] A:19C8 X:19C8 Y:0010 S:0126 D:0E68 DB:86 Nvmxdizc V:  5 H:171 F:33
				8282DB F0 5E       BEQ $005E     [82833B] A:0101 X:19C8 Y:0010 S:0126 D:0E68 DB:86 nvmxdizc V:  5 H:181 F:33
				8282DD 8A          TXA                    A:0101 X:19C8 Y:0010 S:0126 D:0E68 DB:86 nvmxdizc V:  5 H:184 F:33
				8282DE 18          CLC                    A:19C8 X:19C8 Y:0010 S:0126 D:0E68 DB:86 nvmxdizc V:  5 H:187 F:33
				8282DF 69 20 00    ADC #$0020             A:19C8 X:19C8 Y:0010 S:0126 D:0E68 DB:86 nvmxdizc V:  5 H:190 F:33
				8282E2 AA          TAX                    A:19E8 X:19C8 Y:0010 S:0126 D:0E68 DB:86 nvmxdizc V:  5 H:195 F:33
				8282E3 E0 08 1D    CPX #$1D08             A:19E8 X:19E8 Y:0010 S:0126 D:0E68 DB:86 nvmxdizc V:  5 H:198 F:33
				8282E6 90 F0       BCC $00F0     [8282D8] A:19E8 X:19E8 Y:0010 S:0126 D:0E68 DB:86 Nvmxdizc V:  5 H:202 F:33
				8282D8 BD 00 00    LDA $0000,X   [8619E8] A:19E8 X:19E8 Y:0010 S:0126 D:0E68 DB:86 Nvmxdizc V:  5 H:207 F:33
				8282DB F0 5E       BEQ $005E     [82833B] A:0101 X:19E8 Y:0010 S:0126 D:0E68 DB:86 nvmxdizc V:  5 H:217 F:33
				8282DD 8A          TXA                    A:0101 X:19E8 Y:0010 S:0126 D:0E68 DB:86 nvmxdizc V:  5 H:220 F:33
				8282DE 18          CLC                    A:19E8 X:19E8 Y:0010 S:0126 D:0E68 DB:86 nvmxdizc V:  5 H:223 F:33
				8282DF 69 20 00    ADC #$0020             A:19E8 X:19E8 Y:0010 S:0126 D:0E68 DB:86 nvmxdizc V:  5 H:226 F:33
				8282E2 AA          TAX                    A:1A08 X:19E8 Y:0010 S:0126 D:0E68 DB:86 nvmxdizc V:  5 H:230 F:33
				8282E3 E0 08 1D    CPX #$1D08             A:1A08 X:1A08 Y:0010 S:0126 D:0E68 DB:86 nvmxdizc V:  5 H:233 F:33
				8282E6 90 F0       BCC $00F0     [8282D8] A:1A08 X:1A08 Y:0010 S:0126 D:0E68 DB:86 Nvmxdizc V:  5 H:238 F:33
				8282D8 BD 00 00    LDA $0000,X   [861A08] A:1A08 X:1A08 Y:0010 S:0126 D:0E68 DB:86 Nvmxdizc V:  5 H:242 F:33
				8282DB F0 5E       BEQ $005E     [82833B] A:0101 X:1A08 Y:0010 S:0126 D:0E68 DB:86 nvmxdizc V:  5 H:252 F:33
				8282DD 8A          TXA                    A:0101 X:1A08 Y:0010 S:0126 D:0E68 DB:86 nvmxdizc V:  5 H:255 F:33
				8282DE 18          CLC                    A:1A08 X:1A08 Y:0010 S:0126 D:0E68 DB:86 nvmxdizc V:  5 H:258 F:33
				8282DF 69 20 00    ADC #$0020             A:1A08 X:1A08 Y:0010 S:0126 D:0E68 DB:86 nvmxdizc V:  5 H:261 F:33
				8282E2 AA          TAX                    A:1A28 X:1A08 Y:0010 S:0126 D:0E68 DB:86 nvmxdizc V:  5 H:266 F:33
				8282E3 E0 08 1D    CPX #$1D08             A:1A28 X:1A28 Y:0010 S:0126 D:0E68 DB:86 nvmxdizc V:  5 H:269 F:33
				8282E6 90 F0       BCC $00F0     [8282D8] A:1A28 X:1A28 Y:0010 S:0126 D:0E68 DB:86 Nvmxdizc V:  5 H:273 F:33
				8282D8 BD 00 00    LDA $0000,X   [861A28] A:1A28 X:1A28 Y:0010 S:0126 D:0E68 DB:86 Nvmxdizc V:  5 H:278 F:33
				8282DB F0 5E       BEQ $005E     [82833B] A:0001 X:1A28 Y:0010 S:0126 D:0E68 DB:86 nvmxdizc V:  5 H:288 F:33
				8282DD 8A          TXA                    A:0001 X:1A28 Y:0010 S:0126 D:0E68 DB:86 nvmxdizc V:  5 H:291 F:33
				8282DE 18          CLC                    A:1A28 X:1A28 Y:0010 S:0126 D:0E68 DB:86 nvmxdizc V:  5 H:294 F:33
				8282DF 69 20 00    ADC #$0020             A:1A28 X:1A28 Y:0010 S:0126 D:0E68 DB:86 nvmxdizc V:  5 H:297 F:33
				8282E2 AA          TAX                    A:1A48 X:1A28 Y:0010 S:0126 D:0E68 DB:86 nvmxdizc V:  5 H:301 F:33
				8282E3 E0 08 1D    CPX #$1D08             A:1A48 X:1A48 Y:0010 S:0126 D:0E68 DB:86 nvmxdizc V:  5 H:304 F:33
				8282E6 90 F0       BCC $00F0     [8282D8] A:1A48 X:1A48 Y:0010 S:0126 D:0E68 DB:86 Nvmxdizc V:  5 H:309 F:33
				8282D8 BD 00 00    LDA $0000,X   [861A48] A:1A48 X:1A48 Y:0010 S:0126 D:0E68 DB:86 Nvmxdizc V:  5 H:313 F:33
				8282DB F0 5E       BEQ $005E     [82833B] A:0101 X:1A48 Y:0010 S:0126 D:0E68 DB:86 nvmxdizc V:  5 H:323 F:33
				8282DD 8A          TXA                    A:0101 X:1A48 Y:0010 S:0126 D:0E68 DB:86 nvmxdizc V:  5 H:326 F:33
				8282DE 18          CLC                    A:1A48 X:1A48 Y:0010 S:0126 D:0E68 DB:86 nvmxdizc V:  5 H:328 F:33
				8282DF 69 20 00    ADC #$0020             A:1A48 X:1A48 Y:0010 S:0126 D:0E68 DB:86 nvmxdizc V:  5 H:331 F:33
				8282E2 AA          TAX                    A:1A68 X:1A48 Y:0010 S:0126 D:0E68 DB:86 nvmxdizc V:  5 H:336 F:33
				8282E3 E0 08 1D    CPX #$1D08             A:1A68 X:1A68 Y:0010 S:0126 D:0E68 DB:86 nvmxdizc V:  5 H:339 F:33
				8282E6 90 F0       BCC $00F0     [8282D8] A:1A68 X:1A68 Y:0010 S:0126 D:0E68 DB:86 Nvmxdizc V:  6 H:  3 F:33
				8282D8 BD 00 00    LDA $0000,X   [861A68] A:1A68 X:1A68 Y:0010 S:0126 D:0E68 DB:86 Nvmxdizc V:  6 H:  8 F:33
				8282DB F0 5E       BEQ $005E     [82833B] A:0101 X:1A68 Y:0010 S:0126 D:0E68 DB:86 nvmxdizc V:  6 H: 18 F:33
				8282DD 8A          TXA                    A:0101 X:1A68 Y:0010 S:0126 D:0E68 DB:86 nvmxdizc V:  6 H: 21 F:33
				8282DE 18          CLC                    A:1A68 X:1A68 Y:0010 S:0126 D:0E68 DB:86 nvmxdizc V:  6 H: 24 F:33
				8282DF 69 20 00    ADC #$0020             A:1A68 X:1A68 Y:0010 S:0126 D:0E68 DB:86 nvmxdizc V:  6 H: 27 F:33
				8282E2 AA          TAX                    A:1A88 X:1A68 Y:0010 S:0126 D:0E68 DB:86 nvmxdizc V:  6 H: 31 F:33
				8282E3 E0 08 1D    CPX #$1D08             A:1A88 X:1A88 Y:0010 S:0126 D:0E68 DB:86 nvmxdizc V:  6 H: 34 F:33
				8282E6 90 F0       BCC $00F0     [8282D8] A:1A88 X:1A88 Y:0010 S:0126 D:0E68 DB:86 Nvmxdizc V:  6 H: 39 F:33
				8282D8 BD 00 00    LDA $0000,X   [861A88] A:1A88 X:1A88 Y:0010 S:0126 D:0E68 DB:86 Nvmxdizc V:  6 H: 43 F:33
				8282DB F0 5E       BEQ $005E     [82833B] A:0101 X:1A88 Y:0010 S:0126 D:0E68 DB:86 nvmxdizc V:  6 H: 53 F:33
				8282DD 8A          TXA                    A:0101 X:1A88 Y:0010 S:0126 D:0E68 DB:86 nvmxdizc V:  6 H: 56 F:33
				8282DE 18          CLC                    A:1A88 X:1A88 Y:0010 S:0126 D:0E68 DB:86 nvmxdizc V:  6 H: 59 F:33
				8282DF 69 20 00    ADC #$0020             A:1A88 X:1A88 Y:0010 S:0126 D:0E68 DB:86 nvmxdizc V:  6 H: 62 F:33
				8282E2 AA          TAX                    A:1AA8 X:1A88 Y:0010 S:0126 D:0E68 DB:86 nvmxdizc V:  6 H: 67 F:33
				8282E3 E0 08 1D    CPX #$1D08             A:1AA8 X:1AA8 Y:0010 S:0126 D:0E68 DB:86 nvmxdizc V:  6 H: 70 F:33
				8282E6 90 F0       BCC $00F0     [8282D8] A:1AA8 X:1AA8 Y:0010 S:0126 D:0E68 DB:86 Nvmxdizc V:  6 H: 74 F:33
				8282D8 BD 00 00    LDA $0000,X   [861AA8] A:1AA8 X:1AA8 Y:0010 S:0126 D:0E68 DB:86 Nvmxdizc V:  6 H: 79 F:33
				8282DB F0 5E       BEQ $005E     [82833B] A:0000 X:1AA8 Y:0010 S:0126 D:0E68 DB:86 nvmxdiZc V:  6 H: 89 F:33
				82833B E2 22       SEP #$22               A:0000 X:1AA8 Y:0010 S:0126 D:0E68 DB:86 nvmxdiZc V:  6 H: 93 F:33
				82833D 6B          RTL                    A:0000 X:1AA8 Y:0010 S:0126 D:0E68 DB:86 nvMxdiZc V:  6 H: 98 F:33

				83BB4C F0 02       BEQ $0002     [83BB50] A:0000 X:1AA8 Y:0010 S:0129 D:0E68 DB:86 nvMxdiZc V:  6 H:108 F:33
				83BB50 FE 00 00    INC $0000,X   [861AA8] A:0000 X:1AA8 Y:0010 S:0129 D:0E68 DB:86 nvMxdiZc V:  6 H:113 F:33
				83BB53 A9 2B       LDA #$2B               A:0000 X:1AA8 Y:0010 S:0129 D:0E68 DB:86 nvMxdizc V:  6 H:124 F:33
				83BB55 9D 0A 00    STA $000A,X   [861AB2] A:002B X:1AA8 Y:0010 S:0129 D:0E68 DB:86 nvMxdizc V:  6 H:127 F:33
				83BB58 A9 00       LDA #$00               A:002B X:1AA8 Y:0010 S:0129 D:0E68 DB:86 nvMxdizc V:  6 H:145 F:33
				83BB5A EB          XBA                    A:0000 X:1AA8 Y:0010 S:0129 D:0E68 DB:86 nvMxdiZc V:  6 H:148 F:33
				83BB5B AD 04 00    LDA $0004     [860004] A:0000 X:1AA8 Y:0010 S:0129 D:0E68 DB:86 nvMxdiZc V:  6 H:153 F:33
				83BB5E 18          CLC                    A:000E X:1AA8 Y:0010 S:0129 D:0E68 DB:86 nvMxdizc V:  6 H:159 F:33
				83BB5F 65 3D       ADC $3D       [000EA5] A:000E X:1AA8 Y:0010 S:0129 D:0E68 DB:86 nvMxdizc V:  6 H:162 F:33
				83BB61 A8          TAY                    A:000E X:1AA8 Y:0010 S:0129 D:0E68 DB:86 nvMxdizc V:  6 H:169 F:33
				83BB62 B9 D8 C9    LDA $C9D8,Y   [86C9E6] A:000E X:1AA8 Y:000E S:0129 D:0E68 DB:86 nvMxdizc V:  6 H:172 F:33
				83BB65 9D 0B 00    STA $000B,X   [861AB3] A:0026 X:1AA8 Y:000E S:0129 D:0E68 DB:86 nvMxdizc V:  6 H:179 F:33
				83BB68 C2 20       REP #$20               A:0026 X:1AA8 Y:000E S:0129 D:0E68 DB:86 nvMxdizc V:  6 H:187 F:33
				83BB6A 9E 0C 00    STZ $000C,X   [861AB4] A:0026 X:1AA8 Y:000E S:0129 D:0E68 DB:86 nvmxdizc V:  6 H:192 F:33
				83BB6D 22 86 90 84 JSL $849086   [849086] A:0026 X:1AA8 Y:000E S:0129 D:0E68 DB:86 nvmxdizc V:  6 H:202 F:33

				849086 08          PHP                    A:0026 X:1AA8 Y:000E S:0126 D:0E68 DB:86 nvmxdizc V:  6 H:215 F:33
				849087 C2 20       REP #$20               A:0026 X:1AA8 Y:000E S:0125 D:0E68 DB:86 nvmxdizc V:  6 H:220 F:33
				849089 AD A6 0B    LDA $0BA6     [860BA6] A:0026 X:1AA8 Y:000E S:0125 D:0E68 DB:86 nvmxdizc V:  6 H:225 F:33
				84908C 0A          ASL A                  A:F838 X:1AA8 Y:000E S:0125 D:0E68 DB:86 Nvmxdizc V:  6 H:233 F:33
				84908D 18          CLC                    A:F070 X:1AA8 Y:000E S:0125 D:0E68 DB:86 NvmxdizC V:  6 H:236 F:33
				84908E 6D A6 0B    ADC $0BA6     [860BA6] A:F070 X:1AA8 Y:000E S:0125 D:0E68 DB:86 Nvmxdizc V:  6 H:239 F:33
				849091 EB          XBA                    A:E8A8 X:1AA8 Y:000E S:0125 D:0E68 DB:86 NvmxdizC V:  6 H:248 F:33
				849092 E2 20       SEP #$20               A:A8E8 X:1AA8 Y:000E S:0125 D:0E68 DB:86 NvmxdizC V:  6 H:252 F:33
				849094 8D A7 0B    STA $0BA7     [860BA7] A:A8E8 X:1AA8 Y:000E S:0125 D:0E68 DB:86 NvMxdizC V:  6 H:257 F:33
				849097 18          CLC                    A:A8E8 X:1AA8 Y:000E S:0125 D:0E68 DB:86 NvMxdizC V:  6 H:263 F:33
				849098 6D A6 0B    ADC $0BA6     [860BA6] A:A8E8 X:1AA8 Y:000E S:0125 D:0E68 DB:86 NvMxdizc V:  6 H:266 F:33
				84909B 8D A6 0B    STA $0BA6     [860BA6] A:A820 X:1AA8 Y:000E S:0125 D:0E68 DB:86 nvMxdizC V:  6 H:273 F:33
				84909E 28          PLP                    A:A820 X:1AA8 Y:000E S:0125 D:0E68 DB:86 nvMxdizC V:  6 H:279 F:33
				84909F 6B          RTL                    A:A820 X:1AA8 Y:000E S:0126 D:0E68 DB:86 nvmxdizc V:  6 H:286 F:33

				83BB71 29 0F 00    AND #$000F             A:A820 X:1AA8 Y:000E S:0129 D:0E68 DB:86 nvmxdizc V:  6 H:296 F:33
				83BB74 0A          ASL A                  A:0000 X:1AA8 Y:000E S:0129 D:0E68 DB:86 nvmxdiZc V:  6 H:301 F:33
				83BB75 A8          TAY                    A:0000 X:1AA8 Y:000E S:0129 D:0E68 DB:86 nvmxdiZc V:  6 H:304 F:33
				83BB76 A5 3D       LDA $3D       [000EA5] A:0000 X:1AA8 Y:0000 S:0129 D:0E68 DB:86 nvmxdiZc V:  6 H:307 F:33
				83BB78 4A          LSR A                  A:0000 X:1AA8 Y:0000 S:0129 D:0E68 DB:86 nvmxdiZc V:  6 H:315 F:33
				83BB79 B9 EB C9    LDA $C9EB,Y   [86C9EB] A:0000 X:1AA8 Y:0000 S:0129 D:0E68 DB:86 nvmxdiZc V:  6 H:318 F:33
				83BB7C 90 04       BCC $0004     [83BB82] A:0130 X:1AA8 Y:0000 S:0129 D:0E68 DB:86 nvmxdizc V:  6 H:327 F:33
				83BB82 9D 1A 00    STA $001A,X   [861AC2] A:0130 X:1AA8 Y:0000 S:0129 D:0E68 DB:86 nvmxdizc V:  6 H:331 F:33
				83BB85 22 86 90 84 JSL $849086   [849086] A:0130 X:1AA8 Y:0000 S:0129 D:0E68 DB:86 nvmxdizc V:  7 H:  1 F:33

				849086 08          PHP                    A:0130 X:1AA8 Y:0000 S:0126 D:0E68 DB:86 nvmxdizc V:  7 H: 14 F:33
				849087 C2 20       REP #$20               A:0130 X:1AA8 Y:0000 S:0125 D:0E68 DB:86 nvmxdizc V:  7 H: 19 F:33
				849089 AD A6 0B    LDA $0BA6     [860BA6] A:0130 X:1AA8 Y:0000 S:0125 D:0E68 DB:86 nvmxdizc V:  7 H: 24 F:33
				84908C 0A          ASL A                  A:E820 X:1AA8 Y:0000 S:0125 D:0E68 DB:86 Nvmxdizc V:  7 H: 32 F:33
				84908D 18          CLC                    A:D040 X:1AA8 Y:0000 S:0125 D:0E68 DB:86 NvmxdizC V:  7 H: 35 F:33
				84908E 6D A6 0B    ADC $0BA6     [860BA6] A:D040 X:1AA8 Y:0000 S:0125 D:0E68 DB:86 Nvmxdizc V:  7 H: 38 F:33
				849091 EB          XBA                    A:B860 X:1AA8 Y:0000 S:0125 D:0E68 DB:86 NvmxdizC V:  7 H: 47 F:33
				849092 E2 20       SEP #$20               A:60B8 X:1AA8 Y:0000 S:0125 D:0E68 DB:86 NvmxdizC V:  7 H: 51 F:33
				849094 8D A7 0B    STA $0BA7     [860BA7] A:60B8 X:1AA8 Y:0000 S:0125 D:0E68 DB:86 NvMxdizC V:  7 H: 56 F:33
				849097 18          CLC                    A:60B8 X:1AA8 Y:0000 S:0125 D:0E68 DB:86 NvMxdizC V:  7 H: 62 F:33
				849098 6D A6 0B    ADC $0BA6     [860BA6] A:60B8 X:1AA8 Y:0000 S:0125 D:0E68 DB:86 NvMxdizc V:  7 H: 65 F:33
				84909B 8D A6 0B    STA $0BA6     [860BA6] A:60D8 X:1AA8 Y:0000 S:0125 D:0E68 DB:86 NvMxdizc V:  7 H: 72 F:33
				84909E 28          PLP                    A:60D8 X:1AA8 Y:0000 S:0125 D:0E68 DB:86 NvMxdizc V:  7 H: 78 F:33
				84909F 6B          RTL                    A:60D8 X:1AA8 Y:0000 S:0126 D:0E68 DB:86 nvmxdizc V:  7 H: 85 F:33

				83BB89 29 0F 00    AND #$000F             A:60D8 X:1AA8 Y:0000 S:0129 D:0E68 DB:86 nvmxdizc V:  7 H: 95 F:33
				83BB8C 0A          ASL A                  A:0008 X:1AA8 Y:0000 S:0129 D:0E68 DB:86 nvmxdizc V:  7 H:100 F:33
				83BB8D A8          TAY                    A:0010 X:1AA8 Y:0000 S:0129 D:0E68 DB:86 nvmxdizc V:  7 H:103 F:33
				83BB8E B9 0B CA    LDA $CA0B,Y   [86CA1B] A:0010 X:1AA8 Y:0010 S:0129 D:0E68 DB:86 nvmxdizc V:  7 H:106 F:33
				83BB91 9D 1C 00    STA $001C,X   [861AC4] A:0376 X:1AA8 Y:0010 S:0129 D:0E68 DB:86 nvmxdizc V:  7 H:115 F:33
				83BB94 AD 00 00    LDA $0000     [860000] A:0376 X:1AA8 Y:0010 S:0129 D:0E68 DB:86 nvmxdizc V:  7 H:125 F:33
				83BB97 9D 05 00    STA $0005,X   [861AAD] A:149C X:1AA8 Y:0010 S:0129 D:0E68 DB:86 nvmxdizc V:  7 H:143 F:33
				83BB9A AD 02 00    LDA $0002     [860002] A:149C X:1AA8 Y:0010 S:0129 D:0E68 DB:86 nvmxdizc V:  7 H:153 F:33
				83BB9D 9D 08 00    STA $0008,X   [861AB0] A:0AB2 X:1AA8 Y:0010 S:0129 D:0E68 DB:86 nvmxdizc V:  7 H:162 F:33
				83BBA0 E2 20       SEP #$20               A:0AB2 X:1AA8 Y:0010 S:0129 D:0E68 DB:86 nvmxdizc V:  7 H:172 F:33
				83BBA2 A9 40       LDA #$40               A:0AB2 X:1AA8 Y:0010 S:0129 D:0E68 DB:86 nvMxdizc V:  7 H:176 F:33
				83BBA4 9D 1E 00    STA $001E,X   [861AC6] A:0A40 X:1AA8 Y:0010 S:0129 D:0E68 DB:86 nvMxdizc V:  7 H:179 F:33
				83BBA7 9E 1F 00    STZ $001F,X   [861AC7] A:0A40 X:1AA8 Y:0010 S:0129 D:0E68 DB:86 nvMxdizc V:  7 H:187 F:33
				83BBAA C6 3D       DEC $3D       [000EA5] A:0A40 X:1AA8 Y:0010 S:0129 D:0E68 DB:86 nvMxdizc V:  7 H:195 F:33
				83BBAC 10 9A       BPL $009A     [83BB48] A:0A40 X:1AA8 Y:0010 S:0129 D:0E68 DB:86 NvMxdizc V:  7 H:205 F:33
				83BBAE 22 D3 82 82 JSL $8282D3   [8282D3] A:0A40 X:1AA8 Y:0010 S:0129 D:0E68 DB:86 NvMxdizc V:  7 H:208 F:33

				8282D3 C2 30       REP #$30               A:0A40 X:1AA8 Y:0010 S:0126 D:0E68 DB:86 NvMxdizc V:  7 H:222 F:33
				8282D5 A2 28 19    LDX #$1928             A:0A40 X:1AA8 Y:0010 S:0126 D:0E68 DB:86 Nvmxdizc V:  7 H:226 F:33
				8282D8 BD 00 00    LDA $0000,X   [861928] A:0A40 X:1928 Y:0010 S:0126 D:0E68 DB:86 nvmxdizc V:  7 H:231 F:33
				8282DB F0 5E       BEQ $005E     [82833B] A:0101 X:1928 Y:0010 S:0126 D:0E68 DB:86 nvmxdizc V:  7 H:241 F:33
				8282DD 8A          TXA                    A:0101 X:1928 Y:0010 S:0126 D:0E68 DB:86 nvmxdizc V:  7 H:244 F:33
				8282DE 18          CLC                    A:1928 X:1928 Y:0010 S:0126 D:0E68 DB:86 nvmxdizc V:  7 H:247 F:33
				8282DF 69 20 00    ADC #$0020             A:1928 X:1928 Y:0010 S:0126 D:0E68 DB:86 nvmxdizc V:  7 H:250 F:33
				8282E2 AA          TAX                    A:1948 X:1928 Y:0010 S:0126 D:0E68 DB:86 nvmxdizc V:  7 H:254 F:33
				8282E3 E0 08 1D    CPX #$1D08             A:1948 X:1948 Y:0010 S:0126 D:0E68 DB:86 nvmxdizc V:  7 H:257 F:33
				8282E6 90 F0       BCC $00F0     [8282D8] A:1948 X:1948 Y:0010 S:0126 D:0E68 DB:86 Nvmxdizc V:  7 H:262 F:33
				8282D8 BD 00 00    LDA $0000,X   [861948] A:1948 X:1948 Y:0010 S:0126 D:0E68 DB:86 Nvmxdizc V:  7 H:266 F:33
				8282DB F0 5E       BEQ $005E     [82833B] A:0101 X:1948 Y:0010 S:0126 D:0E68 DB:86 nvmxdizc V:  7 H:276 F:33
				8282DD 8A          TXA                    A:0101 X:1948 Y:0010 S:0126 D:0E68 DB:86 nvmxdizc V:  7 H:279 F:33
				8282DE 18          CLC                    A:1948 X:1948 Y:0010 S:0126 D:0E68 DB:86 nvmxdizc V:  7 H:282 F:33
				8282DF 69 20 00    ADC #$0020             A:1948 X:1948 Y:0010 S:0126 D:0E68 DB:86 nvmxdizc V:  7 H:285 F:33
				8282E2 AA          TAX                    A:1968 X:1948 Y:0010 S:0126 D:0E68 DB:86 nvmxdizc V:  7 H:290 F:33
				8282E3 E0 08 1D    CPX #$1D08             A:1968 X:1968 Y:0010 S:0126 D:0E68 DB:86 nvmxdizc V:  7 H:293 F:33
				8282E6 90 F0       BCC $00F0     [8282D8] A:1968 X:1968 Y:0010 S:0126 D:0E68 DB:86 Nvmxdizc V:  7 H:297 F:33
				8282D8 BD 00 00    LDA $0000,X   [861968] A:1968 X:1968 Y:0010 S:0126 D:0E68 DB:86 Nvmxdizc V:  7 H:302 F:33
				8282DB F0 5E       BEQ $005E     [82833B] A:0001 X:1968 Y:0010 S:0126 D:0E68 DB:86 nvmxdizc V:  7 H:312 F:33
				8282DD 8A          TXA                    A:0001 X:1968 Y:0010 S:0126 D:0E68 DB:86 nvmxdizc V:  7 H:315 F:33
				8282DE 18          CLC                    A:1968 X:1968 Y:0010 S:0126 D:0E68 DB:86 nvmxdizc V:  7 H:318 F:33
				8282DF 69 20 00    ADC #$0020             A:1968 X:1968 Y:0010 S:0126 D:0E68 DB:86 nvmxdizc V:  7 H:321 F:33
				8282E2 AA          TAX                    A:1988 X:1968 Y:0010 S:0126 D:0E68 DB:86 nvmxdizc V:  7 H:325 F:33
				8282E3 E0 08 1D    CPX #$1D08             A:1988 X:1988 Y:0010 S:0126 D:0E68 DB:86 nvmxdizc V:  7 H:327 F:33
				8282E6 90 F0       BCC $00F0     [8282D8] A:1988 X:1988 Y:0010 S:0126 D:0E68 DB:86 Nvmxdizc V:  7 H:332 F:33
				8282D8 BD 00 00    LDA $0000,X   [861988] A:1988 X:1988 Y:0010 S:0126 D:0E68 DB:86 Nvmxdizc V:  7 H:336 F:33
				8282DB F0 5E       BEQ $005E     [82833B] A:0001 X:1988 Y:0010 S:0126 D:0E68 DB:86 nvmxdizc V:  8 H:  6 F:33
				8282DD 8A          TXA                    A:0001 X:1988 Y:0010 S:0126 D:0E68 DB:86 nvmxdizc V:  8 H:  9 F:33
				8282DE 18          CLC                    A:1988 X:1988 Y:0010 S:0126 D:0E68 DB:86 nvmxdizc V:  8 H: 12 F:33
				8282DF 69 20 00    ADC #$0020             A:1988 X:1988 Y:0010 S:0126 D:0E68 DB:86 nvmxdizc V:  8 H: 15 F:33
				8282E2 AA          TAX                    A:19A8 X:1988 Y:0010 S:0126 D:0E68 DB:86 nvmxdizc V:  8 H: 20 F:33
				8282E3 E0 08 1D    CPX #$1D08             A:19A8 X:19A8 Y:0010 S:0126 D:0E68 DB:86 nvmxdizc V:  8 H: 23 F:33
				8282E6 90 F0       BCC $00F0     [8282D8] A:19A8 X:19A8 Y:0010 S:0126 D:0E68 DB:86 Nvmxdizc V:  8 H: 27 F:33
				8282D8 BD 00 00    LDA $0000,X   [8619A8] A:19A8 X:19A8 Y:0010 S:0126 D:0E68 DB:86 Nvmxdizc V:  8 H: 32 F:33
				8282DB F0 5E       BEQ $005E     [82833B] A:0101 X:19A8 Y:0010 S:0126 D:0E68 DB:86 nvmxdizc V:  8 H: 42 F:33
				8282DD 8A          TXA                    A:0101 X:19A8 Y:0010 S:0126 D:0E68 DB:86 nvmxdizc V:  8 H: 45 F:33
				8282DE 18          CLC                    A:19A8 X:19A8 Y:0010 S:0126 D:0E68 DB:86 nvmxdizc V:  8 H: 48 F:33
				8282DF 69 20 00    ADC #$0020             A:19A8 X:19A8 Y:0010 S:0126 D:0E68 DB:86 nvmxdizc V:  8 H: 51 F:33
				8282E2 AA          TAX                    A:19C8 X:19A8 Y:0010 S:0126 D:0E68 DB:86 nvmxdizc V:  8 H: 55 F:33
				8282E3 E0 08 1D    CPX #$1D08             A:19C8 X:19C8 Y:0010 S:0126 D:0E68 DB:86 nvmxdizc V:  8 H: 58 F:33
				8282E6 90 F0       BCC $00F0     [8282D8] A:19C8 X:19C8 Y:0010 S:0126 D:0E68 DB:86 Nvmxdizc V:  8 H: 63 F:33
				8282D8 BD 00 00    LDA $0000,X   [8619C8] A:19C8 X:19C8 Y:0010 S:0126 D:0E68 DB:86 Nvmxdizc V:  8 H: 67 F:33
				8282DB F0 5E       BEQ $005E     [82833B] A:0101 X:19C8 Y:0010 S:0126 D:0E68 DB:86 nvmxdizc V:  8 H: 77 F:33
				8282DD 8A          TXA                    A:0101 X:19C8 Y:0010 S:0126 D:0E68 DB:86 nvmxdizc V:  8 H: 80 F:33
				8282DE 18          CLC                    A:19C8 X:19C8 Y:0010 S:0126 D:0E68 DB:86 nvmxdizc V:  8 H: 83 F:33
				8282DF 69 20 00    ADC #$0020             A:19C8 X:19C8 Y:0010 S:0126 D:0E68 DB:86 nvmxdizc V:  8 H: 86 F:33
				8282E2 AA          TAX                    A:19E8 X:19C8 Y:0010 S:0126 D:0E68 DB:86 nvmxdizc V:  8 H: 91 F:33
				8282E3 E0 08 1D    CPX #$1D08             A:19E8 X:19E8 Y:0010 S:0126 D:0E68 DB:86 nvmxdizc V:  8 H: 94 F:33
				8282E6 90 F0       BCC $00F0     [8282D8] A:19E8 X:19E8 Y:0010 S:0126 D:0E68 DB:86 Nvmxdizc V:  8 H: 98 F:33
				8282D8 BD 00 00    LDA $0000,X   [8619E8] A:19E8 X:19E8 Y:0010 S:0126 D:0E68 DB:86 Nvmxdizc V:  8 H:103 F:33
				8282DB F0 5E       BEQ $005E     [82833B] A:0101 X:19E8 Y:0010 S:0126 D:0E68 DB:86 nvmxdizc V:  8 H:113 F:33
				8282DD 8A          TXA                    A:0101 X:19E8 Y:0010 S:0126 D:0E68 DB:86 nvmxdizc V:  8 H:116 F:33
				8282DE 18          CLC                    A:19E8 X:19E8 Y:0010 S:0126 D:0E68 DB:86 nvmxdizc V:  8 H:119 F:33
				8282DF 69 20 00    ADC #$0020             A:19E8 X:19E8 Y:0010 S:0126 D:0E68 DB:86 nvmxdizc V:  8 H:122 F:33
				8282E2 AA          TAX                    A:1A08 X:19E8 Y:0010 S:0126 D:0E68 DB:86 nvmxdizc V:  8 H:126 F:33
				8282E3 E0 08 1D    CPX #$1D08             A:1A08 X:1A08 Y:0010 S:0126 D:0E68 DB:86 nvmxdizc V:  8 H:129 F:33
				8282E6 90 F0       BCC $00F0     [8282D8] A:1A08 X:1A08 Y:0010 S:0126 D:0E68 DB:86 Nvmxdizc V:  8 H:134 F:33
				8282D8 BD 00 00    LDA $0000,X   [861A08] A:1A08 X:1A08 Y:0010 S:0126 D:0E68 DB:86 Nvmxdizc V:  8 H:148 F:33
				8282DB F0 5E       BEQ $005E     [82833B] A:0101 X:1A08 Y:0010 S:0126 D:0E68 DB:86 nvmxdizc V:  8 H:158 F:33
				8282DD 8A          TXA                    A:0101 X:1A08 Y:0010 S:0126 D:0E68 DB:86 nvmxdizc V:  8 H:161 F:33
				8282DE 18          CLC                    A:1A08 X:1A08 Y:0010 S:0126 D:0E68 DB:86 nvmxdizc V:  8 H:164 F:33
				8282DF 69 20 00    ADC #$0020             A:1A08 X:1A08 Y:0010 S:0126 D:0E68 DB:86 nvmxdizc V:  8 H:167 F:33
				8282E2 AA          TAX                    A:1A28 X:1A08 Y:0010 S:0126 D:0E68 DB:86 nvmxdizc V:  8 H:172 F:33
				8282E3 E0 08 1D    CPX #$1D08             A:1A28 X:1A28 Y:0010 S:0126 D:0E68 DB:86 nvmxdizc V:  8 H:175 F:33
				8282E6 90 F0       BCC $00F0     [8282D8] A:1A28 X:1A28 Y:0010 S:0126 D:0E68 DB:86 Nvmxdizc V:  8 H:179 F:33
				8282D8 BD 00 00    LDA $0000,X   [861A28] A:1A28 X:1A28 Y:0010 S:0126 D:0E68 DB:86 Nvmxdizc V:  8 H:184 F:33
				8282DB F0 5E       BEQ $005E     [82833B] A:0001 X:1A28 Y:0010 S:0126 D:0E68 DB:86 nvmxdizc V:  8 H:194 F:33
				8282DD 8A          TXA                    A:0001 X:1A28 Y:0010 S:0126 D:0E68 DB:86 nvmxdizc V:  8 H:197 F:33
				8282DE 18          CLC                    A:1A28 X:1A28 Y:0010 S:0126 D:0E68 DB:86 nvmxdizc V:  8 H:200 F:33
				8282DF 69 20 00    ADC #$0020             A:1A28 X:1A28 Y:0010 S:0126 D:0E68 DB:86 nvmxdizc V:  8 H:203 F:33
				8282E2 AA          TAX                    A:1A48 X:1A28 Y:0010 S:0126 D:0E68 DB:86 nvmxdizc V:  8 H:207 F:33
				8282E3 E0 08 1D    CPX #$1D08             A:1A48 X:1A48 Y:0010 S:0126 D:0E68 DB:86 nvmxdizc V:  8 H:210 F:33
				8282E6 90 F0       BCC $00F0     [8282D8] A:1A48 X:1A48 Y:0010 S:0126 D:0E68 DB:86 Nvmxdizc V:  8 H:215 F:33
				8282D8 BD 00 00    LDA $0000,X   [861A48] A:1A48 X:1A48 Y:0010 S:0126 D:0E68 DB:86 Nvmxdizc V:  8 H:219 F:33
				8282DB F0 5E       BEQ $005E     [82833B] A:0101 X:1A48 Y:0010 S:0126 D:0E68 DB:86 nvmxdizc V:  8 H:229 F:33
				8282DD 8A          TXA                    A:0101 X:1A48 Y:0010 S:0126 D:0E68 DB:86 nvmxdizc V:  8 H:232 F:33
				8282DE 18          CLC                    A:1A48 X:1A48 Y:0010 S:0126 D:0E68 DB:86 nvmxdizc V:  8 H:235 F:33
				8282DF 69 20 00    ADC #$0020             A:1A48 X:1A48 Y:0010 S:0126 D:0E68 DB:86 nvmxdizc V:  8 H:238 F:33
				8282E2 AA          TAX                    A:1A68 X:1A48 Y:0010 S:0126 D:0E68 DB:86 nvmxdizc V:  8 H:243 F:33
				8282E3 E0 08 1D    CPX #$1D08             A:1A68 X:1A68 Y:0010 S:0126 D:0E68 DB:86 nvmxdizc V:  8 H:246 F:33
				8282E6 90 F0       BCC $00F0     [8282D8] A:1A68 X:1A68 Y:0010 S:0126 D:0E68 DB:86 Nvmxdizc V:  8 H:250 F:33
				8282D8 BD 00 00    LDA $0000,X   [861A68] A:1A68 X:1A68 Y:0010 S:0126 D:0E68 DB:86 Nvmxdizc V:  8 H:255 F:33
				8282DB F0 5E       BEQ $005E     [82833B] A:0101 X:1A68 Y:0010 S:0126 D:0E68 DB:86 nvmxdizc V:  8 H:265 F:33
				8282DD 8A          TXA                    A:0101 X:1A68 Y:0010 S:0126 D:0E68 DB:86 nvmxdizc V:  8 H:268 F:33
				8282DE 18          CLC                    A:1A68 X:1A68 Y:0010 S:0126 D:0E68 DB:86 nvmxdizc V:  8 H:271 F:33
				8282DF 69 20 00    ADC #$0020             A:1A68 X:1A68 Y:0010 S:0126 D:0E68 DB:86 nvmxdizc V:  8 H:274 F:33
				8282E2 AA          TAX                    A:1A88 X:1A68 Y:0010 S:0126 D:0E68 DB:86 nvmxdizc V:  8 H:278 F:33
				8282E3 E0 08 1D    CPX #$1D08             A:1A88 X:1A88 Y:0010 S:0126 D:0E68 DB:86 nvmxdizc V:  8 H:281 F:33
				8282E6 90 F0       BCC $00F0     [8282D8] A:1A88 X:1A88 Y:0010 S:0126 D:0E68 DB:86 Nvmxdizc V:  8 H:286 F:33
				8282D8 BD 00 00    LDA $0000,X   [861A88] A:1A88 X:1A88 Y:0010 S:0126 D:0E68 DB:86 Nvmxdizc V:  8 H:290 F:33
				8282DB F0 5E       BEQ $005E     [82833B] A:0101 X:1A88 Y:0010 S:0126 D:0E68 DB:86 nvmxdizc V:  8 H:300 F:33
				8282DD 8A          TXA                    A:0101 X:1A88 Y:0010 S:0126 D:0E68 DB:86 nvmxdizc V:  8 H:303 F:33
				8282DE 18          CLC                    A:1A88 X:1A88 Y:0010 S:0126 D:0E68 DB:86 nvmxdizc V:  8 H:306 F:33
				8282DF 69 20 00    ADC #$0020             A:1A88 X:1A88 Y:0010 S:0126 D:0E68 DB:86 nvmxdizc V:  8 H:309 F:33
				8282E2 AA          TAX                    A:1AA8 X:1A88 Y:0010 S:0126 D:0E68 DB:86 nvmxdizc V:  8 H:314 F:33
				8282E3 E0 08 1D    CPX #$1D08             A:1AA8 X:1AA8 Y:0010 S:0126 D:0E68 DB:86 nvmxdizc V:  8 H:317 F:33
				8282E6 90 F0       BCC $00F0     [8282D8] A:1AA8 X:1AA8 Y:0010 S:0126 D:0E68 DB:86 Nvmxdizc V:  8 H:321 F:33
				8282D8 BD 00 00    LDA $0000,X   [861AA8] A:1AA8 X:1AA8 Y:0010 S:0126 D:0E68 DB:86 Nvmxdizc V:  8 H:325 F:33
				8282DB F0 5E       BEQ $005E     [82833B] A:0001 X:1AA8 Y:0010 S:0126 D:0E68 DB:86 nvmxdizc V:  8 H:335 F:33
				8282DD 8A          TXA                    A:0001 X:1AA8 Y:0010 S:0126 D:0E68 DB:86 nvmxdizc V:  8 H:338 F:33
				8282DE 18          CLC                    A:1AA8 X:1AA8 Y:0010 S:0126 D:0E68 DB:86 nvmxdizc V:  9 H:  1 F:33
				8282DF 69 20 00    ADC #$0020             A:1AA8 X:1AA8 Y:0010 S:0126 D:0E68 DB:86 nvmxdizc V:  9 H:  4 F:33
				8282E2 AA          TAX                    A:1AC8 X:1AA8 Y:0010 S:0126 D:0E68 DB:86 nvmxdizc V:  9 H:  8 F:33
				8282E3 E0 08 1D    CPX #$1D08             A:1AC8 X:1AC8 Y:0010 S:0126 D:0E68 DB:86 nvmxdizc V:  9 H: 11 F:33
				8282E6 90 F0       BCC $00F0     [8282D8] A:1AC8 X:1AC8 Y:0010 S:0126 D:0E68 DB:86 Nvmxdizc V:  9 H: 16 F:33
				8282D8 BD 00 00    LDA $0000,X   [861AC8] A:1AC8 X:1AC8 Y:0010 S:0126 D:0E68 DB:86 Nvmxdizc V:  9 H: 20 F:33
				8282DB F0 5E       BEQ $005E     [82833B] A:0000 X:1AC8 Y:0010 S:0126 D:0E68 DB:86 nvmxdiZc V:  9 H: 30 F:33
				82833B E2 22       SEP #$22               A:0000 X:1AC8 Y:0010 S:0126 D:0E68 DB:86 nvmxdiZc V:  9 H: 35 F:33
				82833D 6B          RTL                    A:0000 X:1AC8 Y:0010 S:0126 D:0E68 DB:86 nvMxdiZc V:  9 H: 39 F:33

				83BBB2 D0 1C       BNE $001C     [83BBD0] A:0000 X:1AC8 Y:0010 S:0129 D:0E68 DB:86 nvMxdiZc V:  9 H: 50 F:33
				83BBB4 FE 00 00    INC $0000,X   [861AC8] A:0000 X:1AC8 Y:0010 S:0129 D:0E68 DB:86 nvMxdiZc V:  9 H: 53 F:33
				83BBB7 A9 22       LDA #$22               A:0000 X:1AC8 Y:0010 S:0129 D:0E68 DB:86 nvMxdizc V:  9 H: 64 F:33
				83BBB9 9D 0A 00    STA $000A,X   [861AD2] A:0022 X:1AC8 Y:0010 S:0129 D:0E68 DB:86 nvMxdizc V:  9 H: 67 F:33
				83BBBC 9E 0B 00    STZ $000B,X   [861AD3] A:0022 X:1AC8 Y:0010 S:0129 D:0E68 DB:86 nvMxdizc V:  9 H: 75 F:33
				83BBBF 9E 11 00    STZ $0011,X   [861AD9] A:0022 X:1AC8 Y:0010 S:0129 D:0E68 DB:86 nvMxdizc V:  9 H: 83 F:33
				83BBC2 C2 20       REP #$20               A:0022 X:1AC8 Y:0010 S:0129 D:0E68 DB:86 nvMxdizc V:  9 H: 91 F:33
				83BBC4 AD 00 00    LDA $0000     [860000] A:0022 X:1AC8 Y:0010 S:0129 D:0E68 DB:86 nvmxdizc V:  9 H: 96 F:33
				83BBC7 9D 05 00    STA $0005,X   [861ACD] A:149C X:1AC8 Y:0010 S:0129 D:0E68 DB:86 nvmxdizc V:  9 H:104 F:33
				83BBCA AD 02 00    LDA $0002     [860002] A:149C X:1AC8 Y:0010 S:0129 D:0E68 DB:86 nvmxdizc V:  9 H:114 F:33
				83BBCD 9D 08 00    STA $0008,X   [861AD0] A:0AB2 X:1AC8 Y:0010 S:0129 D:0E68 DB:86 nvmxdizc V:  9 H:123 F:33
				83BBD0 28          PLP                    A:0AB2 X:1AC8 Y:0010 S:0129 D:0E68 DB:86 nvmxdizc V:  9 H:133 F:33
				83BBD1 60          RTS                    A:0AB2 X:00C8 Y:0010 S:012A D:0E68 DB:86 nvmXdizc V:  9 H:149 F:33

			83B56F A5 1C       LDA $1C       [000E84] A:0AB2 X:00C8 Y:0010 S:012C D:0E68 DB:86 nvmXdizc V:  9 H:159 F:33		|Invert E-Y-Vel
			83B571 49 FF FF    EOR #$FFFF             A:FBC5 X:00C8 Y:0010 S:012C D:0E68 DB:86 NvmXdizc V:  9 H:168 F:33		|
			83B574 1A          INC                    A:043A X:00C8 Y:0010 S:012C D:0E68 DB:86 nvmXdizc V:  9 H:172 F:33		|
			83B575 85 1C       STA $1C       [000E84] A:043B X:00C8 Y:0010 S:012C D:0E68 DB:86 nvmXdizc V:  9 H:175 F:33		|
			83B577 E2 20       SEP #$20               A:043B X:00C8 Y:0010 S:012C D:0E68 DB:86 nvmXdizc V:  9 H:184 F:33
			83B579 A9 08       LDA #$08               A:043B X:00C8 Y:0010 S:012C D:0E68 DB:86 nvMXdizc V:  9 H:188 F:33
			83B57B 22 38 A3 84 JSL $84A338   [84A338] A:0408 X:00C8 Y:0010 S:012C D:0E68 DB:86 nvMXdizc V:  9 H:191 F:33		JSL $84A338 --> Set Effect: Shake Screen Vertical. A = Duration of shake.

				84A338 08          PHP                    A:0408 X:00C8 Y:0010 S:0129 D:0E68 DB:86 nvMXdizc V:  9 H:205 F:33
				84A339 E2 30       SEP #$30               A:0408 X:00C8 Y:0010 S:0128 D:0E68 DB:86 nvMXdizc V:  9 H:210 F:33
				84A33B A2 03       LDX #$03               A:0408 X:00C8 Y:0010 S:0128 D:0E68 DB:86 nvMXdizc V:  9 H:214 F:33
				84A33D A0 01       LDY #$01               A:0408 X:0003 Y:0010 S:0128 D:0E68 DB:86 nvMXdizc V:  9 H:217 F:33
				84A33F 80 03       BRA $0003     [84A344] A:0408 X:0003 Y:0001 S:0128 D:0E68 DB:86 nvMXdizc V:  9 H:220 F:33
				84A344 8D 7A 1E    STA $1E7A     [861E7A] A:0408 X:0003 Y:0001 S:0128 D:0E68 DB:86 nvMXdizc V:  9 H:225 F:33
				84A347 8E 83 1E    STX $1E83     [861E83] A:0408 X:0003 Y:0001 S:0128 D:0E68 DB:86 nvMXdizc V:  9 H:231 F:33
				84A34A 8C 7F 1E    STY $1E7F     [861E7F] A:0408 X:0003 Y:0001 S:0128 D:0E68 DB:86 nvMXdizc V:  9 H:238 F:33
				84A34D 8C 81 1E    STY $1E81     [861E81] A:0408 X:0003 Y:0001 S:0128 D:0E68 DB:86 nvMXdizc V:  9 H:244 F:33
				84A350 9C 85 1E    STZ $1E85     [861E85] A:0408 X:0003 Y:0001 S:0128 D:0E68 DB:86 nvMXdizc V:  9 H:251 F:33
				84A353 A9 02       LDA #$02               A:0408 X:0003 Y:0001 S:0128 D:0E68 DB:86 nvMXdizc V:  9 H:257 F:33
				84A355 0C 78 1E    TSB $1E78     [861E78] A:0402 X:0003 Y:0001 S:0128 D:0E68 DB:86 nvMXdizc V:  9 H:260 F:33
				84A358 28          PLP                    A:0402 X:0003 Y:0001 S:0128 D:0E68 DB:86 nvMXdiZc V:  9 H:270 F:33
				84A359 6B          RTL                    A:0402 X:0003 Y:0001 S:0129 D:0E68 DB:86 nvMXdizc V:  9 H:277 F:33

			83B57F 80 27       BRA $0027     [83B5A8] A:0402 X:0003 Y:0001 S:012C D:0E68 DB:86 nvMXdizc V:  9 H:287 F:33
			83B5A8 60          RTS                    A:0402 X:0003 Y:0001 S:012C D:0E68 DB:86 nvMXdizc V:  9 H:292 F:33

		83B2ED A5 27       LDA $27       [000E8F] A:0402 X:0003 Y:0001 S:012E D:0E68 DB:86 nvMXdizc V:  9 H:302 F:33
