80D4F6 20 30 D5    JSR $D530     [80D530] A:0E01 X:0000 Y:0046 S:0133 D:0E68 DB:86 nvMXdizC V:248 H: 50 F: 4

	80D530 C2 20       REP #$20               A:0E01 X:0000 Y:0046 S:0131 D:0E68 DB:86 nvMXdizC V:248 H: 60 F: 4
	80D532 A5 05       LDA $05       [000E6D] A:0E01 X:0000 Y:0046 S:0131 D:0E68 DB:86 nvmXdizC V:248 H: 65 F: 4
	80D534 85 22       STA $22       [000E8A] A:141F X:0000 Y:0046 S:0131 D:0E68 DB:86 nvmXdizC V:248 H: 73 F: 4
	80D536 A5 08       LDA $08       [000E70] A:141F X:0000 Y:0046 S:0131 D:0E68 DB:86 nvmXdizC V:248 H: 82 F: 4
	80D538 85 24       STA $24       [000E8C] A:0A9D X:0000 Y:0046 S:0131 D:0E68 DB:86 nvmXdizC V:248 H: 90 F: 4
	80D53A E2 20       SEP #$20               A:0A9D X:0000 Y:0046 S:0131 D:0E68 DB:86 nvmXdizC V:248 H: 99 F: 4
	80D53C A9 80       LDA #$80               A:0A9D X:0000 Y:0046 S:0131 D:0E68 DB:86 nvMXdizC V:248 H:103 F: 4
	80D53E 14 0E       TRB $0E       [000E76] A:0A80 X:0000 Y:0046 S:0131 D:0E68 DB:86 NvMXdizC V:248 H:106 F: 4
	80D540 A5 0A       LDA $0A       [000E72] A:0A80 X:0000 Y:0046 S:0131 D:0E68 DB:86 NvMXdizC V:248 H:116 F: 4
	80D542 0A          ASL A                  A:0A14 X:0000 Y:0046 S:0131 D:0E68 DB:86 nvMXdizC V:248 H:123 F: 4
	80D543 AA          TAX                    A:0A28 X:0000 Y:0046 S:0131 D:0E68 DB:86 nvMXdizc V:248 H:126 F: 4
	80D544 7C DD F8    JMP ($F8DD,X) [80F905] A:0A28 X:0028 Y:0046 S:0131 D:0E68 DB:86 nvMXdizc V:248 H:129 F: 4

	80FA15 22 44 B1 83 JSL $83B144   [83B144] A:0A28 X:0028 Y:0046 S:0131 D:0E68 DB:86 nvMXdizc V:248 H:148 F: 4

		83B144 A6 01       LDX $01       [000E69] A:0A28 X:0028 Y:0046 S:012E D:0E68 DB:86 nvMXdizc V:248 H:161 F: 4
		83B146 7C 49 B1    JMP ($B149,X) [83B14D] A:0A28 X:0004 Y:0046 S:012E D:0E68 DB:86 nvMXdizc V:248 H:168 F: 4

		83B2E8 A6 02       LDX $02       [000E6A] A:0A28 X:0004 Y:0046 S:012E D:0E68 DB:86 nvMXdizc V:248 H:177 F: 4
		83B2EA FC DA B3    JSR ($B3DA,X) [83B3DA] A:0A28 X:0000 Y:0046 S:012E D:0E68 DB:86 nvMXdiZc V:248 H:183 F: 4

			83B3E4 A6 03       LDX $03       [000E6B] A:0A28 X:0000 Y:0046 S:012C D:0E68 DB:86 nvMXdiZc V:248 H:196 F: 4
			83B3E6 7C E9 B3    JMP ($B3E9,X) [83B3F3] A:0A28 X:000A Y:0046 S:012C D:0E68 DB:86 nvMXdizc V:248 H:203 F: 4

			83B4FE A9 40       LDA #$40               A:0A28 X:000A Y:0046 S:012C D:0E68 DB:86 nvMXdizc V:248 H:212 F: 4		|Update Facing based on E-X-Vel
			83B500 14 11       TRB $11       [000E79] A:0A40 X:000A Y:0046 S:012C D:0E68 DB:86 nvMXdizc V:248 H:215 F: 4		|
			83B502 A5 1B       LDA $1B       [000E83] A:0A40 X:000A Y:0046 S:012C D:0E68 DB:86 nvMXdiZc V:248 H:225 F: 4		|
			83B504 29 80       AND #$80               A:0A04 X:000A Y:0046 S:012C D:0E68 DB:86 nvMXdizc V:248 H:231 F: 4		|
			83B506 4A          LSR A                  A:0A00 X:000A Y:0046 S:012C D:0E68 DB:86 nvMXdiZc V:248 H:234 F: 4		|
			83B507 49 40       EOR #$40               A:0A00 X:000A Y:0046 S:012C D:0E68 DB:86 nvMXdiZc V:248 H:237 F: 4		|
			83B509 04 11       TSB $11       [000E79] A:0A40 X:000A Y:0046 S:012C D:0E68 DB:86 nvMXdizc V:248 H:240 F: 4		|
			83B50B 22 0A 82 82 JSL $82820A   [82820A] A:0A40 X:000A Y:0046 S:012C D:0E68 DB:86 nvMXdiZc V:248 H:250 F: 4		JSL $82820A --> Update X-Pos, Y-Pos

				82820A 08          PHP                    A:0A40 X:000A Y:0046 S:0129 D:0E68 DB:86 nvMXdiZc V:248 H:264 F: 4
				82820B C2 21       REP #$21               A:0A40 X:000A Y:0046 S:0128 D:0E68 DB:86 nvMXdiZc V:248 H:269 F: 4
				82820D A5 04       LDA $04       [000E6C] A:0A40 X:000A Y:0046 S:0128 D:0E68 DB:86 nvmXdiZc V:248 H:273 F: 4
				82820F 65 1A       ADC $1A       [000E82] A:1F00 X:000A Y:0046 S:0128 D:0E68 DB:86 nvmXdizc V:248 H:282 F: 4
				828211 85 04       STA $04       [000E6C] A:233B X:000A Y:0046 S:0128 D:0E68 DB:86 nvmXdizc V:248 H:290 F: 4
				828213 E2 20       SEP #$20               A:233B X:000A Y:0046 S:0128 D:0E68 DB:86 nvmXdizc V:248 H:299 F: 4
				828215 A9 00       LDA #$00               A:233B X:000A Y:0046 S:0128 D:0E68 DB:86 nvMXdizc V:248 H:303 F: 4
				828217 24 1B       BIT $1B       [000E83] A:2300 X:000A Y:0046 S:0128 D:0E68 DB:86 nvMXdiZc V:248 H:306 F: 4
				828219 10 01       BPL $0001     [82821C] A:2300 X:000A Y:0046 S:0128 D:0E68 DB:86 nvMXdiZc V:248 H:313 F: 4
				82821C 65 06       ADC $06       [000E6E] A:2300 X:000A Y:0046 S:0128 D:0E68 DB:86 nvMXdiZc V:248 H:317 F: 4
				82821E 85 06       STA $06       [000E6E] A:2314 X:000A Y:0046 S:0128 D:0E68 DB:86 nvMXdizc V:248 H:323 F: 4
				828220 C2 20       REP #$20               A:2314 X:000A Y:0046 S:0128 D:0E68 DB:86 nvMXdizc V:248 H:329 F: 4
				828222 38          SEC                    A:2314 X:000A Y:0046 S:0128 D:0E68 DB:86 nvmXdizc V:248 H:334 F: 4
				828223 A5 07       LDA $07       [000E6F] A:2314 X:000A Y:0046 S:0128 D:0E68 DB:86 nvmXdizC V:248 H:337 F: 4
				828225 E5 1C       SBC $1C       [000E84] A:9D84 X:000A Y:0046 S:0128 D:0E68 DB:86 NvmXdizC V:249 H:  5 F: 4
				828227 85 07       STA $07       [000E6F] A:9949 X:000A Y:0046 S:0128 D:0E68 DB:86 NvmXdizC V:249 H: 14 F: 4
				828229 E2 20       SEP #$20               A:9949 X:000A Y:0046 S:0128 D:0E68 DB:86 NvmXdizC V:249 H: 22 F: 4
				82822B 9C 00 00    STZ $0000     [860000] A:9949 X:000A Y:0046 S:0128 D:0E68 DB:86 NvMXdizC V:249 H: 27 F: 4
				82822E 24 1D       BIT $1D       [000E85] A:9949 X:000A Y:0046 S:0128 D:0E68 DB:86 NvMXdizC V:249 H: 33 F: 4
				828230 10 03       BPL $0003     [828235] A:9949 X:000A Y:0046 S:0128 D:0E68 DB:86 nvMXdiZC V:249 H: 40 F: 4
				828235 A5 09       LDA $09       [000E71] A:9949 X:000A Y:0046 S:0128 D:0E68 DB:86 nvMXdiZC V:249 H: 44 F: 4
				828237 ED 00 00    SBC $0000     [860000] A:990A X:000A Y:0046 S:0128 D:0E68 DB:86 nvMXdizC V:249 H: 51 F: 4
				82823A 85 09       STA $09       [000E71] A:990A X:000A Y:0046 S:0128 D:0E68 DB:86 nvMXdizC V:249 H: 57 F: 4
				82823C 28          PLP                    A:990A X:000A Y:0046 S:0128 D:0E68 DB:86 nvMXdizC V:249 H: 64 F: 4
				82823D 6B          RTL                    A:990A X:000A Y:0046 S:0129 D:0E68 DB:86 nvMXdiZc V:249 H: 70 F: 4

			83B50F 22 EA 8E 84 JSL $848EEA   [848EEA] A:990A X:000A Y:0046 S:012C D:0E68 DB:86 nvMXdiZc V:249 H: 81 F: 4		JSL $848EEA --> Decrease CDSkel, Continue Skeleton

				848EEA 08          PHP                    A:990A X:000A Y:0046 S:0129 D:0E68 DB:86 nvMXdiZc V:249 H: 94 F: 4
				848EEB 8B          PHB                    A:990A X:000A Y:0046 S:0128 D:0E68 DB:86 nvMXdiZc V:249 H: 99 F: 4
				848EEC E2 30       SEP #$30               A:990A X:000A Y:0046 S:0127 D:0E68 DB:86 nvMXdiZc V:249 H:104 F: 4
				848EEE C6 13       DEC $13       [000E7B] A:990A X:000A Y:0046 S:0127 D:0E68 DB:86 nvMXdiZc V:249 H:109 F: 4
				848EF0 D0 5D       BNE $005D     [848F4F] A:990A X:000A Y:0046 S:0127 D:0E68 DB:86 nvMXdiZc V:249 H:119 F: 4
				848EF2 A9 AF       LDA #$AF               A:990A X:000A Y:0046 S:0127 D:0E68 DB:86 nvMXdiZc V:249 H:122 F: 4
				848EF4 48          PHA                    A:99AF X:000A Y:0046 S:0127 D:0E68 DB:86 NvMXdizc V:249 H:125 F: 4
				848EF5 AB          PLB                    A:99AF X:000A Y:0046 S:0126 D:0E68 DB:86 NvMXdizc V:249 H:130 F: 4
				848EF6 C2 21       REP #$21               A:99AF X:000A Y:0046 S:0127 D:0E68 DB:AF NvMXdizc V:249 H:146 F: 4
				848EF8 A5 14       LDA $14       [000E7C] A:99AF X:000A Y:0046 S:0127 D:0E68 DB:AF NvmXdizc V:249 H:151 F: 4
				848EFA 69 03 00    ADC #$0003             A:CE21 X:000A Y:0046 S:0127 D:0E68 DB:AF NvmXdizc V:249 H:159 F: 4
				848EFD A4 0F       LDY $0F       [000E77] A:CE24 X:000A Y:0046 S:0127 D:0E68 DB:AF NvmXdizc V:249 H:164 F: 4
				848EFF 10 37       BPL $0037     [848F38] A:CE24 X:000A Y:0000 S:0127 D:0E68 DB:AF nvmXdiZc V:249 H:170 F: 4
				848F38 85 14       STA $14       [000E7C] A:CE24 X:000A Y:0000 S:0127 D:0E68 DB:AF nvmXdiZc V:249 H:175 F: 4
				848F3A E2 30       SEP #$30               A:CE24 X:000A Y:0000 S:0127 D:0E68 DB:AF nvmXdiZc V:249 H:183 F: 4
				848F3C B2 14       LDA ($14)     [AFCE24] A:CE24 X:000A Y:0000 S:0127 D:0E68 DB:AF nvMXdiZc V:249 H:188 F: 4
				848F3E 85 13       STA $13       [000E7B] A:CE01 X:000A Y:0000 S:0127 D:0E68 DB:AF nvMXdizc V:249 H:198 F: 4
				848F40 A0 01       LDY #$01               A:CE01 X:000A Y:0000 S:0127 D:0E68 DB:AF nvMXdizc V:249 H:204 F: 4
				848F42 B1 14       LDA ($14),Y   [AFCE25] A:CE01 X:000A Y:0001 S:0127 D:0E68 DB:AF nvMXdizc V:249 H:207 F: 4
				848F44 85 0F       STA $0F       [000E77] A:CE00 X:000A Y:0001 S:0127 D:0E68 DB:AF nvMXdiZc V:249 H:217 F: 4
				848F46 C8          INY                    A:CE00 X:000A Y:0001 S:0127 D:0E68 DB:AF nvMXdiZc V:249 H:224 F: 4
				848F47 B1 14       LDA ($14),Y   [AFCE26] A:CE00 X:000A Y:0002 S:0127 D:0E68 DB:AF nvMXdizc V:249 H:227 F: 4
				848F49 85 17       STA $17       [000E7F] A:CE01 X:000A Y:0002 S:0127 D:0E68 DB:AF nvMXdizc V:249 H:237 F: 4
				848F4B A9 80       LDA #$80               A:CE01 X:000A Y:0002 S:0127 D:0E68 DB:AF nvMXdizc V:249 H:243 F: 4
				848F4D 04 17       TSB $17       [000E7F] A:CE80 X:000A Y:0002 S:0127 D:0E68 DB:AF NvMXdizc V:249 H:246 F: 4
				848F4F AB          PLB                    A:CE80 X:000A Y:0002 S:0127 D:0E68 DB:AF NvMXdiZc V:249 H:256 F: 4
				848F50 28          PLP                    A:CE80 X:000A Y:0002 S:0128 D:0E68 DB:86 NvMXdizc V:249 H:263 F: 4
				848F51 6B          RTL                    A:CE80 X:000A Y:0002 S:0129 D:0E68 DB:86 nvMXdiZc V:249 H:269 F: 4

			83B513 22 BE 91 84 JSL $8491BE   [8491BE] A:CE80 X:000A Y:0002 S:012C D:0E68 DB:86 nvMXdiZc V:249 H:280 F: 4		JSL $8491BE --> Check for colissions and adjust position

				8491BE 08          PHP                    A:CE80 X:000A Y:0002 S:0129 D:0E68 DB:86 nvMXdiZc V:249 H:293 F: 4
				8491BF 0B          PHD                    A:CE80 X:000A Y:0002 S:0128 D:0E68 DB:86 nvMXdiZc V:249 H:298 F: 4
				8491C0 C2 30       REP #$30               A:CE80 X:000A Y:0002 S:0126 D:0E68 DB:86 nvMXdiZc V:249 H:305 F: 4
				8491C2 A5 20       LDA $20       [000E88] A:CE80 X:000A Y:0002 S:0126 D:0E68 DB:86 nvmxdiZc V:249 H:310 F: 4
				8491C4 F0 15       BEQ $0015     [8491DB] A:C945 X:000A Y:0002 S:0126 D:0E68 DB:86 Nvmxdizc V:249 H:318 F: 4
				8491C6 7B          TDC                    A:C945 X:000A Y:0002 S:0126 D:0E68 DB:86 Nvmxdizc V:249 H:321 F: 4
				8491C7 AA          TAX                    A:0E68 X:000A Y:0002 S:0126 D:0E68 DB:86 nvmxdizc V:249 H:324 F: 4
				8491C8 A9 00 00    LDA #$0000             A:0E68 X:0E68 Y:0002 S:0126 D:0E68 DB:86 nvmxdizc V:249 H:327 F: 4
				8491CB 5B          TCD                    A:0000 X:0E68 Y:0002 S:0126 D:0E68 DB:86 nvmxdiZc V:249 H:331 F: 4
				8491CC 64 14       STZ $14       [000014] A:0000 X:0E68 Y:0002 S:0126 D:0000 DB:86 nvmxdiZc V:249 H:334 F: 4
				8491CE B5 2B       LDA $2B,X     [000E93] A:0000 X:0E68 Y:0002 S:0126 D:0000 DB:86 nvmxdiZc V:250 H:  1 F: 4
				8491D0 29 00 FF    AND #$FF00             A:0002 X:0E68 Y:0002 S:0126 D:0000 DB:86 nvmxdizc V:250 H:  9 F: 4
				8491D3 95 2B       STA $2B,X     [000E93] A:0000 X:0E68 Y:0002 S:0126 D:0000 DB:86 nvmxdiZc V:250 H: 14 F: 4
				8491D5 20 AC 92    JSR $92AC     [8492AC] A:0000 X:0E68 Y:0002 S:0126 D:0000 DB:86 nvmxdiZc V:250 H: 22 F: 4

				8492AC C2 30       REP #$30               A:0000 X:0E68 Y:0002 S:0124 D:0000 DB:86 nvmxdiZc V:250 H: 32 F: 4
				8492AE B5 05       LDA $05,X     [000E6D] A:0000 X:0E68 Y:0002 S:0124 D:0000 DB:86 nvmxdiZc V:250 H: 37 F: 4
				8492B0 38          SEC                    A:1423 X:0E68 Y:0002 S:0124 D:0000 DB:86 nvmxdizc V:250 H: 45 F: 4
				8492B1 F5 22       SBC $22,X     [000E8A] A:1423 X:0E68 Y:0002 S:0124 D:0000 DB:86 nvmxdizC V:250 H: 48 F: 4
				8492B3 85 00       STA $00       [000000] A:0004 X:0E68 Y:0002 S:0124 D:0000 DB:86 nvmxdizC V:250 H: 57 F: 4
				8492B5 E2 20       SEP #$20               A:0004 X:0E68 Y:0002 S:0124 D:0000 DB:86 nvmxdizC V:250 H: 64 F: 4
				8492B7 F0 4C       BEQ $004C     [849305] A:0004 X:0E68 Y:0002 S:0124 D:0000 DB:86 nvMxdizC V:250 H: 68 F: 4
				8492B9 B4 20       LDY $20,X     [000E88] A:0004 X:0E68 Y:0002 S:0124 D:0000 DB:86 nvMxdizC V:250 H: 71 F: 4
				8492BB B9 05 00    LDA $0005,Y   [86C94A] A:0004 X:0E68 Y:C945 S:0124 D:0000 DB:86 NvMxdizC V:250 H: 80 F: 4
				8492BE 34 11       BIT $11,X     [000E79] A:0000 X:0E68 Y:C945 S:0124 D:0000 DB:86 nvMxdiZC V:250 H: 87 F: 4
				8492C0 50 03       BVC $0003     [8492C5] A:0000 X:0E68 Y:C945 S:0124 D:0000 DB:86 nVMxdiZC V:250 H: 94 F: 4
				8492C2 49 FF       EOR #$FF               A:0000 X:0E68 Y:C945 S:0124 D:0000 DB:86 nVMxdiZC V:250 H: 97 F: 4
				8492C4 1A          INC                    A:00FF X:0E68 Y:C945 S:0124 D:0000 DB:86 NVMxdizC V:250 H:100 F: 4
				8492C5 24 00       BIT $00       [000000] A:0000 X:0E68 Y:C945 S:0124 D:0000 DB:86 nVMxdiZC V:250 H:103 F: 4
				8492C7 10 06       BPL $0006     [8492CF] A:0000 X:0E68 Y:C945 S:0124 D:0000 DB:86 nvMxdiZC V:250 H:108 F: 4
				8492CF 18          CLC                    A:0000 X:0E68 Y:C945 S:0124 D:0000 DB:86 nvMxdiZC V:250 H:112 F: 4
				8492D0 79 07 00    ADC $0007,Y   [86C94C] A:0000 X:0E68 Y:C945 S:0124 D:0000 DB:86 nvMxdiZc V:250 H:115 F: 4
				8492D3 95 29       STA $29,X     [000E91] A:000F X:0E68 Y:C945 S:0124 D:0000 DB:86 nvMxdizc V:250 H:123 F: 4
				8492D5 B9 06 00    LDA $0006,Y   [86C94B] A:000F X:0E68 Y:C945 S:0124 D:0000 DB:86 nvMxdizc V:250 H:129 F: 4
				8492D8 95 2A       STA $2A,X     [000E92] A:0000 X:0E68 Y:C945 S:0124 D:0000 DB:86 nvMxdiZc V:250 H:147 F: 4
				8492DA 20 15 93    JSR $9315     [849315] A:0000 X:0E68 Y:C945 S:0124 D:0000 DB:86 nvMxdiZc V:250 H:153 F: 4

				849315 20 B3 90    JSR $90B3     [8490B3] A:0000 X:0E68 Y:C945 S:0122 D:0000 DB:86 nvMxdiZc V:250 H:163 F: 4

				8490B3 0B          PHD                    A:0000 X:0E68 Y:C945 S:0120 D:0000 DB:86 nvMxdiZc V:250 H:173 F: 4
				8490B4 DA          PHX                    A:0000 X:0E68 Y:C945 S:011E D:0000 DB:86 nvMxdiZc V:250 H:180 F: 4
				8490B5 08          PHP                    A:0000 X:0E68 Y:C945 S:011C D:0000 DB:86 nvMxdiZc V:250 H:187 F: 4
				8490B6 E2 20       SEP #$20               A:0000 X:0E68 Y:C945 S:011B D:0000 DB:86 nvMxdiZc V:250 H:192 F: 4
				8490B8 C2 10       REP #$10               A:0000 X:0E68 Y:C945 S:011B D:0000 DB:86 nvMxdiZc V:250 H:197 F: 4
				8490BA 64 01       STZ $01       [000001] A:0000 X:0E68 Y:C945 S:011B D:0000 DB:86 nvMxdiZc V:250 H:201 F: 4
				8490BC B5 29       LDA $29,X     [000E91] A:0000 X:0E68 Y:C945 S:011B D:0000 DB:86 nvMxdiZc V:250 H:206 F: 4
				8490BE 10 02       BPL $0002     [8490C2] A:000F X:0E68 Y:C945 S:011B D:0000 DB:86 nvMxdizc V:250 H:213 F: 4
				8490C2 18          CLC                    A:000F X:0E68 Y:C945 S:011B D:0000 DB:86 nvMxdizc V:250 H:217 F: 4
				8490C3 75 05       ADC $05,X     [000E6D] A:000F X:0E68 Y:C945 S:011B D:0000 DB:86 nvMxdizc V:250 H:220 F: 4
				8490C5 85 00       STA $00       [000000] A:0032 X:0E68 Y:C945 S:011B D:0000 DB:86 nvMxdizc V:250 H:227 F: 4
				8490C7 B5 06       LDA $06,X     [000E6E] A:0032 X:0E68 Y:C945 S:011B D:0000 DB:86 nvMxdizc V:250 H:232 F: 4
				8490C9 65 01       ADC $01       [000001] A:0014 X:0E68 Y:C945 S:011B D:0000 DB:86 nvMxdizc V:250 H:238 F: 4
				8490CB 85 01       STA $01       [000001] A:0014 X:0E68 Y:C945 S:011B D:0000 DB:86 nvMxdizc V:250 H:243 F: 4
				8490CD 64 03       STZ $03       [000003] A:0014 X:0E68 Y:C945 S:011B D:0000 DB:86 nvMxdizc V:250 H:248 F: 4
				8490CF B5 2A       LDA $2A,X     [000E92] A:0014 X:0E68 Y:C945 S:011B D:0000 DB:86 nvMxdizc V:250 H:253 F: 4
				8490D1 10 02       BPL $0002     [8490D5] A:0000 X:0E68 Y:C945 S:011B D:0000 DB:86 nvMxdiZc V:250 H:260 F: 4
				8490D5 18          CLC                    A:0000 X:0E68 Y:C945 S:011B D:0000 DB:86 nvMxdiZc V:250 H:264 F: 4
				8490D6 75 08       ADC $08,X     [000E70] A:0000 X:0E68 Y:C945 S:011B D:0000 DB:86 nvMxdiZc V:250 H:267 F: 4
				8490D8 85 02       STA $02       [000002] A:0099 X:0E68 Y:C945 S:011B D:0000 DB:86 NvMxdizc V:250 H:274 F: 4
				8490DA 29 F0       AND #$F0               A:0099 X:0E68 Y:C945 S:011B D:0000 DB:86 NvMxdizc V:250 H:279 F: 4
				8490DC 85 0A       STA $0A       [00000A] A:0090 X:0E68 Y:C945 S:011B D:0000 DB:86 NvMxdizc V:250 H:282 F: 4
				8490DE B5 09       LDA $09,X     [000E71] A:0090 X:0E68 Y:C945 S:011B D:0000 DB:86 NvMxdizc V:250 H:287 F: 4
				8490E0 65 03       ADC $03       [000003] A:000A X:0E68 Y:C945 S:011B D:0000 DB:86 nvMxdizc V:250 H:293 F: 4
				8490E2 85 03       STA $03       [000003] A:000A X:0E68 Y:C945 S:011B D:0000 DB:86 nvMxdizc V:250 H:298 F: 4
				8490E4 85 0B       STA $0B       [00000B] A:000A X:0E68 Y:C945 S:011B D:0000 DB:86 nvMxdizc V:250 H:303 F: 4
				8490E6 A5 00       LDA $00       [000000] A:000A X:0E68 Y:C945 S:011B D:0000 DB:86 nvMxdizc V:250 H:308 F: 4
				8490E8 29 0F       AND #$0F               A:0032 X:0E68 Y:C945 S:011B D:0000 DB:86 nvMxdizc V:250 H:313 F: 4
				8490EA 1A          INC                    A:0002 X:0E68 Y:C945 S:011B D:0000 DB:86 nvMxdizc V:250 H:316 F: 4
				8490EB 85 0C       STA $0C       [00000C] A:0003 X:0E68 Y:C945 S:011B D:0000 DB:86 nvMxdizc V:250 H:319 F: 4
				8490ED A5 02       LDA $02       [000002] A:0003 X:0E68 Y:C945 S:011B D:0000 DB:86 nvMxdizc V:250 H:324 F: 4
				8490EF 29 0F       AND #$0F               A:0099 X:0E68 Y:C945 S:011B D:0000 DB:86 NvMxdizc V:250 H:328 F: 4
				8490F1 1A          INC                    A:0009 X:0E68 Y:C945 S:011B D:0000 DB:86 nvMxdizc V:250 H:331 F: 4
				8490F2 85 0E       STA $0E       [00000E] A:000A X:0E68 Y:C945 S:011B D:0000 DB:86 nvMxdizc V:250 H:334 F: 4
				8490F4 C2 20       REP #$20               A:000A X:0E68 Y:C945 S:011B D:0000 DB:86 nvMxdizc V:250 H:339 F: 4
				8490F6 20 6A 91    JSR $916A     [84916A] A:000A X:0E68 Y:C945 S:011B D:0000 DB:86 nvmxdizc V:251 H:  4 F: 4

				84916A A9 00 E8    LDA #$E800             A:000A X:0E68 Y:C945 S:0119 D:0000 DB:86 nvmxdizc V:251 H: 14 F: 4
				84916D 85 10       STA $10       [000010] A:E800 X:0E68 Y:C945 S:0119 D:0000 DB:86 Nvmxdizc V:251 H: 18 F: 4
				84916F A9 7E 00    LDA #$007E             A:E800 X:0E68 Y:C945 S:0119 D:0000 DB:86 Nvmxdizc V:251 H: 25 F: 4
				849172 85 12       STA $12       [000012] A:007E X:0E68 Y:C945 S:0119 D:0000 DB:86 nvmxdizc V:251 H: 30 F: 4
				849174 A5 02       LDA $02       [000002] A:007E X:0E68 Y:C945 S:0119 D:0000 DB:86 nvmxdizc V:251 H: 37 F: 4
				849176 29 F0 00    AND #$00F0             A:0A99 X:0E68 Y:C945 S:0119 D:0000 DB:86 nvmxdizc V:251 H: 44 F: 4
				849179 0A          ASL A                  A:0090 X:0E68 Y:C945 S:0119 D:0000 DB:86 nvmxdizc V:251 H: 48 F: 4
				84917A 85 04       STA $04       [000004] A:0120 X:0E68 Y:C945 S:0119 D:0000 DB:86 nvmxdizc V:251 H: 51 F: 4
				84917C A5 00       LDA $00       [000000] A:0120 X:0E68 Y:C945 S:0119 D:0000 DB:86 nvmxdizc V:251 H: 58 F: 4
				84917E 29 FF 00    AND #$00FF             A:1432 X:0E68 Y:C945 S:0119 D:0000 DB:86 nvmxdizc V:251 H: 65 F: 4
				849181 4A          LSR A                  A:0032 X:0E68 Y:C945 S:0119 D:0000 DB:86 nvmxdizc V:251 H: 70 F: 4
				849182 4A          LSR A                  A:0019 X:0E68 Y:C945 S:0119 D:0000 DB:86 nvmxdizc V:251 H: 73 F: 4
				849183 4A          LSR A                  A:000C X:0E68 Y:C945 S:0119 D:0000 DB:86 nvmxdizC V:251 H: 76 F: 4
				849184 29 FE FF    AND #$FFFE             A:0006 X:0E68 Y:C945 S:0119 D:0000 DB:86 nvmxdizc V:251 H: 79 F: 4
				849187 18          CLC                    A:0006 X:0E68 Y:C945 S:0119 D:0000 DB:86 nvmxdizc V:251 H: 83 F: 4
				849188 65 04       ADC $04       [000004] A:0006 X:0E68 Y:C945 S:0119 D:0000 DB:86 nvmxdizc V:251 H: 86 F: 4
				84918A 85 06       STA $06       [000006] A:0126 X:0E68 Y:C945 S:0119 D:0000 DB:86 nvmxdizc V:251 H: 93 F: 4
				84918C A5 00       LDA $00       [000000] A:0126 X:0E68 Y:C945 S:0119 D:0000 DB:86 nvmxdizc V:251 H:100 F: 4
				84918E EB          XBA                    A:1432 X:0E68 Y:C945 S:0119 D:0000 DB:86 nvmxdizc V:251 H:107 F: 4
				84918F 29 1F 00    AND #$001F             A:3214 X:0E68 Y:C945 S:0119 D:0000 DB:86 nvmxdizc V:251 H:112 F: 4
				849192 85 04       STA $04       [000004] A:0014 X:0E68 Y:C945 S:0119 D:0000 DB:86 nvmxdizc V:251 H:116 F: 4
				849194 A5 02       LDA $02       [000002] A:0014 X:0E68 Y:C945 S:0119 D:0000 DB:86 nvmxdizc V:251 H:123 F: 4
				849196 29 00 1F    AND #$1F00             A:0A99 X:0E68 Y:C945 S:0119 D:0000 DB:86 nvmxdizc V:251 H:130 F: 4
				849199 4A          LSR A                  A:0A00 X:0E68 Y:C945 S:0119 D:0000 DB:86 nvmxdizc V:251 H:145 F: 4
				84919A 4A          LSR A                  A:0500 X:0E68 Y:C945 S:0119 D:0000 DB:86 nvmxdizc V:251 H:148 F: 4
				84919B 4A          LSR A                  A:0280 X:0E68 Y:C945 S:0119 D:0000 DB:86 nvmxdizc V:251 H:151 F: 4
				84919C 18          CLC                    A:0140 X:0E68 Y:C945 S:0119 D:0000 DB:86 nvmxdizc V:251 H:154 F: 4
				84919D 65 04       ADC $04       [000004] A:0140 X:0E68 Y:C945 S:0119 D:0000 DB:86 nvmxdizc V:251 H:157 F: 4
				84919F A8          TAY                    A:0154 X:0E68 Y:C945 S:0119 D:0000 DB:86 nvmxdizc V:251 H:164 F: 4
				8491A0 B7 10       LDA [$10],Y   [7EE954] A:0154 X:0E68 Y:0154 S:0119 D:0000 DB:86 nvmxdizc V:251 H:167 F: 4
				8491A2 29 FF 00    AND #$00FF             A:0038 X:0E68 Y:0154 S:0119 D:0000 DB:86 nvmxdizc V:251 H:180 F: 4
				8491A5 A8          TAY                    A:0038 X:0E68 Y:0154 S:0119 D:0000 DB:86 nvmxdizc V:251 H:184 F: 4
				8491A6 EB          XBA                    A:0038 X:0E68 Y:0038 S:0119 D:0000 DB:86 nvmxdizc V:251 H:187 F: 4
				8491A7 0A          ASL A                  A:3800 X:0E68 Y:0038 S:0119 D:0000 DB:86 nvmxdiZc V:251 H:192 F: 4
				8491A8 18          CLC                    A:7000 X:0E68 Y:0038 S:0119 D:0000 DB:86 nvmxdizc V:251 H:195 F: 4
				8491A9 65 06       ADC $06       [000006] A:7000 X:0E68 Y:0038 S:0119 D:0000 DB:86 nvmxdizc V:251 H:198 F: 4
				8491AB AA          TAX                    A:7126 X:0E68 Y:0038 S:0119 D:0000 DB:86 nvmxdizc V:251 H:205 F: 4
				8491AC 60          RTS                    A:7126 X:7126 Y:0038 S:0119 D:0000 DB:86 nvmxdizc V:251 H:208 F: 4

				8490F9 BF 00 20 7E LDA $7E2000,X [7E9126] A:7126 X:7126 Y:0038 S:011B D:0000 DB:86 nvmxdizc V:251 H:218 F: 4
				8490FD A8          TAY                    A:023F X:7126 Y:0038 S:011B D:0000 DB:86 nvmxdizc V:251 H:228 F: 4
				8490FE AD 92 0B    LDA $0B92     [860B92] A:023F X:7126 Y:023F S:011B D:0000 DB:86 nvmxdizc V:251 H:231 F: 4
				849101 85 10       STA $10       [000010] A:DB57 X:7126 Y:023F S:011B D:0000 DB:86 Nvmxdizc V:251 H:239 F: 4
				849103 AD 94 0B    LDA $0B94     [860B94] A:DB57 X:7126 Y:023F S:011B D:0000 DB:86 Nvmxdizc V:251 H:246 F: 4
				849106 85 12       STA $12       [000012] A:B895 X:7126 Y:023F S:011B D:0000 DB:86 Nvmxdizc V:251 H:255 F: 4
				849108 B7 10       LDA [$10],Y   [95DD96] A:B895 X:7126 Y:023F S:011B D:0000 DB:86 Nvmxdizc V:251 H:262 F: 4
				84910A 29 FF 00    AND #$00FF             A:0000 X:7126 Y:023F S:011B D:0000 DB:86 nvmxdiZc V:251 H:274 F: 4
				84910D 28          PLP                    A:0000 X:7126 Y:023F S:011B D:0000 DB:86 nvmxdiZc V:251 H:278 F: 4
				84910E FA          PLX                    A:0000 X:7126 Y:023F S:011C D:0000 DB:86 nvMxdiZc V:251 H:285 F: 4
				84910F 2B          PLD                    A:0000 X:0E68 Y:023F S:011E D:0000 DB:86 nvMxdizc V:251 H:293 F: 4
				849110 60          RTS                    A:0000 X:0E68 Y:023F S:0120 D:0000 DB:86 nvMxdiZc V:251 H:302 F: 4

				849318 B4 05       LDY $05,X     [000E6D] A:0000 X:0E68 Y:023F S:0122 D:0000 DB:86 nvMxdiZc V:251 H:312 F: 4
				84931A 84 10       STY $10       [000010] A:0000 X:0E68 Y:1423 S:0122 D:0000 DB:86 nvMxdizc V:251 H:320 F: 4
				84931C B4 08       LDY $08,X     [000E70] A:0000 X:0E68 Y:1423 S:0122 D:0000 DB:86 nvMxdizc V:251 H:327 F: 4
				84931E 84 12       STY $12       [000012] A:0000 X:0E68 Y:0A99 S:0122 D:0000 DB:86 nvMxdizc V:251 H:335 F: 4
				849320 95 2D       STA $2D,X     [000E95] A:0000 X:0E68 Y:0A99 S:0122 D:0000 DB:86 nvMxdizc V:252 H:  2 F: 4
				849322 86 2C       STX $2C       [00002C] A:0000 X:0E68 Y:0A99 S:0122 D:0000 DB:86 nvMxdizc V:252 H:  8 F: 4
				849324 29 3F       AND #$3F               A:0000 X:0E68 Y:0A99 S:0122 D:0000 DB:86 nvMxdizc V:252 H: 15 F: 4
				849326 0A          ASL A                  A:0000 X:0E68 Y:0A99 S:0122 D:0000 DB:86 nvMxdiZc V:252 H: 18 F: 4
				849327 EB          XBA                    A:0000 X:0E68 Y:0A99 S:0122 D:0000 DB:86 nvMxdiZc V:252 H: 21 F: 4
				849328 A9 00       LDA #$00               A:0000 X:0E68 Y:0A99 S:0122 D:0000 DB:86 nvMxdiZc V:252 H: 26 F: 4
				84932A EB          XBA                    A:0000 X:0E68 Y:0A99 S:0122 D:0000 DB:86 nvMxdiZc V:252 H: 29 F: 4
				84932B AA          TAX                    A:0000 X:0E68 Y:0A99 S:0122 D:0000 DB:86 nvMxdiZc V:252 H: 33 F: 4
				84932C FC 5D 93    JSR ($935D,X) [84935D] A:0000 X:0000 Y:0A99 S:0122 D:0000 DB:86 nvMxdiZc V:252 H: 36 F: 4

				84977A A9 00       LDA #$00               A:0000 X:0000 Y:0A99 S:0120 D:0000 DB:86 nvMxdiZc V:252 H: 49 F: 4
				84977C 60          RTS                    A:0000 X:0000 Y:0A99 S:0120 D:0000 DB:86 nvMxdiZc V:252 H: 52 F: 4

				84932F 08          PHP                    A:0000 X:0000 Y:0A99 S:0122 D:0000 DB:86 nvMxdiZc V:252 H: 62 F: 4
				849330 A6 2C       LDX $2C       [00002C] A:0000 X:0000 Y:0A99 S:0121 D:0000 DB:86 nvMxdiZc V:252 H: 67 F: 4
				849332 A9 01       LDA #$01               A:0000 X:0E68 Y:0A99 S:0121 D:0000 DB:86 nvMxdizc V:252 H: 74 F: 4
				849334 34 29       BIT $29,X     [000E91] A:0001 X:0E68 Y:0A99 S:0121 D:0000 DB:86 nvMxdizc V:252 H: 77 F: 4
				849336 10 02       BPL $0002     [84933A] A:0001 X:0E68 Y:0A99 S:0121 D:0000 DB:86 nvMxdizc V:252 H: 84 F: 4
				84933A 28          PLP                    A:0001 X:0E68 Y:0A99 S:0121 D:0000 DB:86 nvMxdizc V:252 H: 88 F: 4
				84933B F0 0C       BEQ $000C     [849349] A:0001 X:0E68 Y:0A99 S:0122 D:0000 DB:86 nvMxdiZc V:252 H: 95 F: 4
				849349 49 FF       EOR #$FF               A:0001 X:0E68 Y:0A99 S:0122 D:0000 DB:86 nvMxdiZc V:252 H: 99 F: 4
				84934B 35 2B       AND $2B,X     [000E93] A:00FE X:0E68 Y:0A99 S:0122 D:0000 DB:86 NvMxdizc V:252 H:102 F: 4
				84934D 95 2B       STA $2B,X     [000E93] A:0000 X:0E68 Y:0A99 S:0122 D:0000 DB:86 nvMxdiZc V:252 H:109 F: 4
				84934F 20 08 93    JSR $9308     [849308] A:0000 X:0E68 Y:0A99 S:0122 D:0000 DB:86 nvMxdiZc V:252 H:115 F: 4

				849308 A5 14       LDA $14       [000014] A:0000 X:0E68 Y:0A99 S:0120 D:0000 DB:86 nvMxdiZc V:252 H:125 F: 4
				84930A F0 08       BEQ $0008     [849314] A:0000 X:0E68 Y:0A99 S:0120 D:0000 DB:86 nvMxdiZc V:252 H:130 F: 4
				849314 60          RTS                    A:0000 X:0E68 Y:0A99 S:0120 D:0000 DB:86 nvMxdiZc V:252 H:145 F: 4

				849352 A9 00       LDA #$00               A:0000 X:0E68 Y:0A99 S:0122 D:0000 DB:86 nvMxdiZc V:252 H:155 F: 4
				849354 60          RTS                    A:0000 X:0E68 Y:0A99 S:0122 D:0000 DB:86 nvMxdiZc V:252 H:158 F: 4

				8492DD D0 26       BNE $0026     [849305] A:0000 X:0E68 Y:0A99 S:0124 D:0000 DB:86 nvMxdiZc V:252 H:168 F: 4
				8492DF B4 20       LDY $20,X     [000E88] A:0000 X:0E68 Y:0A99 S:0124 D:0000 DB:86 nvMxdiZc V:252 H:171 F: 4
				8492E1 B9 06 00    LDA $0006,Y   [86C94B] A:0000 X:0E68 Y:C945 S:0124 D:0000 DB:86 NvMxdizc V:252 H:179 F: 4
				8492E4 38          SEC                    A:0000 X:0E68 Y:C945 S:0124 D:0000 DB:86 nvMxdiZc V:252 H:187 F: 4
				8492E5 F9 08 00    SBC $0008,Y   [86C94D] A:0000 X:0E68 Y:C945 S:0124 D:0000 DB:86 nvMxdiZC V:252 H:190 F: 4
				8492E8 18          CLC                    A:00F3 X:0E68 Y:C945 S:0124 D:0000 DB:86 NvMxdizc V:252 H:197 F: 4
				8492E9 79 09 00    ADC $0009,Y   [86C94E] A:00F3 X:0E68 Y:C945 S:0124 D:0000 DB:86 NvMxdizc V:252 H:200 F: 4
				8492EC 95 2A       STA $2A,X     [000E92] A:00F8 X:0E68 Y:C945 S:0124 D:0000 DB:86 NvMxdizc V:252 H:208 F: 4
				8492EE 20 15 93    JSR $9315     [849315] A:00F8 X:0E68 Y:C945 S:0124 D:0000 DB:86 NvMxdizc V:252 H:214 F: 4

				849315 20 B3 90    JSR $90B3     [8490B3] A:00F8 X:0E68 Y:C945 S:0122 D:0000 DB:86 NvMxdizc V:252 H:224 F: 4

				8490B3 0B          PHD                    A:00F8 X:0E68 Y:C945 S:0120 D:0000 DB:86 NvMxdizc V:252 H:234 F: 4
				8490B4 DA          PHX                    A:00F8 X:0E68 Y:C945 S:011E D:0000 DB:86 NvMxdizc V:252 H:241 F: 4
				8490B5 08          PHP                    A:00F8 X:0E68 Y:C945 S:011C D:0000 DB:86 NvMxdizc V:252 H:248 F: 4
				8490B6 E2 20       SEP #$20               A:00F8 X:0E68 Y:C945 S:011B D:0000 DB:86 NvMxdizc V:252 H:253 F: 4
				8490B8 C2 10       REP #$10               A:00F8 X:0E68 Y:C945 S:011B D:0000 DB:86 NvMxdizc V:252 H:258 F: 4
				8490BA 64 01       STZ $01       [000001] A:00F8 X:0E68 Y:C945 S:011B D:0000 DB:86 NvMxdizc V:252 H:262 F: 4
				8490BC B5 29       LDA $29,X     [000E91] A:00F8 X:0E68 Y:C945 S:011B D:0000 DB:86 NvMxdizc V:252 H:267 F: 4
				8490BE 10 02       BPL $0002     [8490C2] A:000F X:0E68 Y:C945 S:011B D:0000 DB:86 nvMxdizc V:252 H:274 F: 4
				8490C2 18          CLC                    A:000F X:0E68 Y:C945 S:011B D:0000 DB:86 nvMxdizc V:252 H:278 F: 4
				8490C3 75 05       ADC $05,X     [000E6D] A:000F X:0E68 Y:C945 S:011B D:0000 DB:86 nvMxdizc V:252 H:281 F: 4
				8490C5 85 00       STA $00       [000000] A:0032 X:0E68 Y:C945 S:011B D:0000 DB:86 nvMxdizc V:252 H:288 F: 4
				8490C7 B5 06       LDA $06,X     [000E6E] A:0032 X:0E68 Y:C945 S:011B D:0000 DB:86 nvMxdizc V:252 H:293 F: 4
				8490C9 65 01       ADC $01       [000001] A:0014 X:0E68 Y:C945 S:011B D:0000 DB:86 nvMxdizc V:252 H:299 F: 4
				8490CB 85 01       STA $01       [000001] A:0014 X:0E68 Y:C945 S:011B D:0000 DB:86 nvMxdizc V:252 H:304 F: 4
				8490CD 64 03       STZ $03       [000003] A:0014 X:0E68 Y:C945 S:011B D:0000 DB:86 nvMxdizc V:252 H:309 F: 4
				8490CF B5 2A       LDA $2A,X     [000E92] A:0014 X:0E68 Y:C945 S:011B D:0000 DB:86 nvMxdizc V:252 H:314 F: 4
				8490D1 10 02       BPL $0002     [8490D5] A:00F8 X:0E68 Y:C945 S:011B D:0000 DB:86 NvMxdizc V:252 H:321 F: 4
				8490D3 C6 03       DEC $03       [000003] A:00F8 X:0E68 Y:C945 S:011B D:0000 DB:86 NvMxdizc V:252 H:323 F: 4
				8490D5 18          CLC                    A:00F8 X:0E68 Y:C945 S:011B D:0000 DB:86 NvMxdizc V:252 H:331 F: 4
				8490D6 75 08       ADC $08,X     [000E70] A:00F8 X:0E68 Y:C945 S:011B D:0000 DB:86 NvMxdizc V:252 H:334 F: 4
				8490D8 85 02       STA $02       [000002] A:0091 X:0E68 Y:C945 S:011B D:0000 DB:86 NvMxdizC V:253 H:  1 F: 4
				8490DA 29 F0       AND #$F0               A:0091 X:0E68 Y:C945 S:011B D:0000 DB:86 NvMxdizC V:253 H:  6 F: 4
				8490DC 85 0A       STA $0A       [00000A] A:0090 X:0E68 Y:C945 S:011B D:0000 DB:86 NvMxdizC V:253 H:  9 F: 4
				8490DE B5 09       LDA $09,X     [000E71] A:0090 X:0E68 Y:C945 S:011B D:0000 DB:86 NvMxdizC V:253 H: 14 F: 4
				8490E0 65 03       ADC $03       [000003] A:000A X:0E68 Y:C945 S:011B D:0000 DB:86 nvMxdizC V:253 H: 20 F: 4
				8490E2 85 03       STA $03       [000003] A:000A X:0E68 Y:C945 S:011B D:0000 DB:86 nvMxdizC V:253 H: 25 F: 4
				8490E4 85 0B       STA $0B       [00000B] A:000A X:0E68 Y:C945 S:011B D:0000 DB:86 nvMxdizC V:253 H: 30 F: 4
				8490E6 A5 00       LDA $00       [000000] A:000A X:0E68 Y:C945 S:011B D:0000 DB:86 nvMxdizC V:253 H: 35 F: 4
				8490E8 29 0F       AND #$0F               A:0032 X:0E68 Y:C945 S:011B D:0000 DB:86 nvMxdizC V:253 H: 40 F: 4
				8490EA 1A          INC                    A:0002 X:0E68 Y:C945 S:011B D:0000 DB:86 nvMxdizC V:253 H: 43 F: 4
				8490EB 85 0C       STA $0C       [00000C] A:0003 X:0E68 Y:C945 S:011B D:0000 DB:86 nvMxdizC V:253 H: 46 F: 4
				8490ED A5 02       LDA $02       [000002] A:0003 X:0E68 Y:C945 S:011B D:0000 DB:86 nvMxdizC V:253 H: 51 F: 4
				8490EF 29 0F       AND #$0F               A:0091 X:0E68 Y:C945 S:011B D:0000 DB:86 NvMxdizC V:253 H: 56 F: 4
				8490F1 1A          INC                    A:0001 X:0E68 Y:C945 S:011B D:0000 DB:86 nvMxdizC V:253 H: 59 F: 4
				8490F2 85 0E       STA $0E       [00000E] A:0002 X:0E68 Y:C945 S:011B D:0000 DB:86 nvMxdizC V:253 H: 62 F: 4
				8490F4 C2 20       REP #$20               A:0002 X:0E68 Y:C945 S:011B D:0000 DB:86 nvMxdizC V:253 H: 67 F: 4
				8490F6 20 6A 91    JSR $916A     [84916A] A:0002 X:0E68 Y:C945 S:011B D:0000 DB:86 nvmxdizC V:253 H: 72 F: 4

				84916A A9 00 E8    LDA #$E800             A:0002 X:0E68 Y:C945 S:0119 D:0000 DB:86 nvmxdizC V:253 H: 82 F: 4
				84916D 85 10       STA $10       [000010] A:E800 X:0E68 Y:C945 S:0119 D:0000 DB:86 NvmxdizC V:253 H: 86 F: 4
				84916F A9 7E 00    LDA #$007E             A:E800 X:0E68 Y:C945 S:0119 D:0000 DB:86 NvmxdizC V:253 H: 93 F: 4
				849172 85 12       STA $12       [000012] A:007E X:0E68 Y:C945 S:0119 D:0000 DB:86 nvmxdizC V:253 H: 98 F: 4
				849174 A5 02       LDA $02       [000002] A:007E X:0E68 Y:C945 S:0119 D:0000 DB:86 nvmxdizC V:253 H:105 F: 4
				849176 29 F0 00    AND #$00F0             A:0A91 X:0E68 Y:C945 S:0119 D:0000 DB:86 nvmxdizC V:253 H:112 F: 4
				849179 0A          ASL A                  A:0090 X:0E68 Y:C945 S:0119 D:0000 DB:86 nvmxdizC V:253 H:116 F: 4
				84917A 85 04       STA $04       [000004] A:0120 X:0E68 Y:C945 S:0119 D:0000 DB:86 nvmxdizc V:253 H:119 F: 4
				84917C A5 00       LDA $00       [000000] A:0120 X:0E68 Y:C945 S:0119 D:0000 DB:86 nvmxdizc V:253 H:126 F: 4
				84917E 29 FF 00    AND #$00FF             A:1432 X:0E68 Y:C945 S:0119 D:0000 DB:86 nvmxdizc V:253 H:143 F: 4
				849181 4A          LSR A                  A:0032 X:0E68 Y:C945 S:0119 D:0000 DB:86 nvmxdizc V:253 H:148 F: 4
				849182 4A          LSR A                  A:0019 X:0E68 Y:C945 S:0119 D:0000 DB:86 nvmxdizc V:253 H:151 F: 4
				849183 4A          LSR A                  A:000C X:0E68 Y:C945 S:0119 D:0000 DB:86 nvmxdizC V:253 H:154 F: 4
				849184 29 FE FF    AND #$FFFE             A:0006 X:0E68 Y:C945 S:0119 D:0000 DB:86 nvmxdizc V:253 H:157 F: 4
				849187 18          CLC                    A:0006 X:0E68 Y:C945 S:0119 D:0000 DB:86 nvmxdizc V:253 H:161 F: 4
				849188 65 04       ADC $04       [000004] A:0006 X:0E68 Y:C945 S:0119 D:0000 DB:86 nvmxdizc V:253 H:164 F: 4
				84918A 85 06       STA $06       [000006] A:0126 X:0E68 Y:C945 S:0119 D:0000 DB:86 nvmxdizc V:253 H:171 F: 4
				84918C A5 00       LDA $00       [000000] A:0126 X:0E68 Y:C945 S:0119 D:0000 DB:86 nvmxdizc V:253 H:178 F: 4
				84918E EB          XBA                    A:1432 X:0E68 Y:C945 S:0119 D:0000 DB:86 nvmxdizc V:253 H:185 F: 4
				84918F 29 1F 00    AND #$001F             A:3214 X:0E68 Y:C945 S:0119 D:0000 DB:86 nvmxdizc V:253 H:190 F: 4
				849192 85 04       STA $04       [000004] A:0014 X:0E68 Y:C945 S:0119 D:0000 DB:86 nvmxdizc V:253 H:194 F: 4
				849194 A5 02       LDA $02       [000002] A:0014 X:0E68 Y:C945 S:0119 D:0000 DB:86 nvmxdizc V:253 H:201 F: 4
				849196 29 00 1F    AND #$1F00             A:0A91 X:0E68 Y:C945 S:0119 D:0000 DB:86 nvmxdizc V:253 H:208 F: 4
				849199 4A          LSR A                  A:0A00 X:0E68 Y:C945 S:0119 D:0000 DB:86 nvmxdizc V:253 H:213 F: 4
				84919A 4A          LSR A                  A:0500 X:0E68 Y:C945 S:0119 D:0000 DB:86 nvmxdizc V:253 H:216 F: 4
				84919B 4A          LSR A                  A:0280 X:0E68 Y:C945 S:0119 D:0000 DB:86 nvmxdizc V:253 H:219 F: 4
				84919C 18          CLC                    A:0140 X:0E68 Y:C945 S:0119 D:0000 DB:86 nvmxdizc V:253 H:222 F: 4
				84919D 65 04       ADC $04       [000004] A:0140 X:0E68 Y:C945 S:0119 D:0000 DB:86 nvmxdizc V:253 H:225 F: 4
				84919F A8          TAY                    A:0154 X:0E68 Y:C945 S:0119 D:0000 DB:86 nvmxdizc V:253 H:232 F: 4
				8491A0 B7 10       LDA [$10],Y   [7EE954] A:0154 X:0E68 Y:0154 S:0119 D:0000 DB:86 nvmxdizc V:253 H:235 F: 4
				8491A2 29 FF 00    AND #$00FF             A:0038 X:0E68 Y:0154 S:0119 D:0000 DB:86 nvmxdizc V:253 H:248 F: 4
				8491A5 A8          TAY                    A:0038 X:0E68 Y:0154 S:0119 D:0000 DB:86 nvmxdizc V:253 H:252 F: 4
				8491A6 EB          XBA                    A:0038 X:0E68 Y:0038 S:0119 D:0000 DB:86 nvmxdizc V:253 H:255 F: 4
				8491A7 0A          ASL A                  A:3800 X:0E68 Y:0038 S:0119 D:0000 DB:86 nvmxdiZc V:253 H:260 F: 4
				8491A8 18          CLC                    A:7000 X:0E68 Y:0038 S:0119 D:0000 DB:86 nvmxdizc V:253 H:263 F: 4
				8491A9 65 06       ADC $06       [000006] A:7000 X:0E68 Y:0038 S:0119 D:0000 DB:86 nvmxdizc V:253 H:266 F: 4
				8491AB AA          TAX                    A:7126 X:0E68 Y:0038 S:0119 D:0000 DB:86 nvmxdizc V:253 H:273 F: 4
				8491AC 60          RTS                    A:7126 X:7126 Y:0038 S:0119 D:0000 DB:86 nvmxdizc V:253 H:276 F: 4

				8490F9 BF 00 20 7E LDA $7E2000,X [7E9126] A:7126 X:7126 Y:0038 S:011B D:0000 DB:86 nvmxdizc V:253 H:286 F: 4
				8490FD A8          TAY                    A:023F X:7126 Y:0038 S:011B D:0000 DB:86 nvmxdizc V:253 H:296 F: 4
				8490FE AD 92 0B    LDA $0B92     [860B92] A:023F X:7126 Y:023F S:011B D:0000 DB:86 nvmxdizc V:253 H:299 F: 4
				849101 85 10       STA $10       [000010] A:DB57 X:7126 Y:023F S:011B D:0000 DB:86 Nvmxdizc V:253 H:307 F: 4
				849103 AD 94 0B    LDA $0B94     [860B94] A:DB57 X:7126 Y:023F S:011B D:0000 DB:86 Nvmxdizc V:253 H:314 F: 4
				849106 85 12       STA $12       [000012] A:B895 X:7126 Y:023F S:011B D:0000 DB:86 Nvmxdizc V:253 H:323 F: 4
				849108 B7 10       LDA [$10],Y   [95DD96] A:B895 X:7126 Y:023F S:011B D:0000 DB:86 Nvmxdizc V:253 H:329 F: 4
				84910A 29 FF 00    AND #$00FF             A:0000 X:7126 Y:023F S:011B D:0000 DB:86 nvmxdiZc V:254 H:  1 F: 4
				84910D 28          PLP                    A:0000 X:7126 Y:023F S:011B D:0000 DB:86 nvmxdiZc V:254 H:  5 F: 4
				84910E FA          PLX                    A:0000 X:7126 Y:023F S:011C D:0000 DB:86 NvMxdizc V:254 H: 12 F: 4
				84910F 2B          PLD                    A:0000 X:0E68 Y:023F S:011E D:0000 DB:86 nvMxdizc V:254 H: 20 F: 4
				849110 60          RTS                    A:0000 X:0E68 Y:023F S:0120 D:0000 DB:86 nvMxdiZc V:254 H: 29 F: 4

				849318 B4 05       LDY $05,X     [000E6D] A:0000 X:0E68 Y:023F S:0122 D:0000 DB:86 nvMxdiZc V:254 H: 39 F: 4
				84931A 84 10       STY $10       [000010] A:0000 X:0E68 Y:1423 S:0122 D:0000 DB:86 nvMxdizc V:254 H: 47 F: 4
				84931C B4 08       LDY $08,X     [000E70] A:0000 X:0E68 Y:1423 S:0122 D:0000 DB:86 nvMxdizc V:254 H: 54 F: 4
				84931E 84 12       STY $12       [000012] A:0000 X:0E68 Y:0A99 S:0122 D:0000 DB:86 nvMxdizc V:254 H: 63 F: 4
				849320 95 2D       STA $2D,X     [000E95] A:0000 X:0E68 Y:0A99 S:0122 D:0000 DB:86 nvMxdizc V:254 H: 70 F: 4
				849322 86 2C       STX $2C       [00002C] A:0000 X:0E68 Y:0A99 S:0122 D:0000 DB:86 nvMxdizc V:254 H: 76 F: 4
				849324 29 3F       AND #$3F               A:0000 X:0E68 Y:0A99 S:0122 D:0000 DB:86 nvMxdizc V:254 H: 83 F: 4
				849326 0A          ASL A                  A:0000 X:0E68 Y:0A99 S:0122 D:0000 DB:86 nvMxdiZc V:254 H: 86 F: 4
				849327 EB          XBA                    A:0000 X:0E68 Y:0A99 S:0122 D:0000 DB:86 nvMxdiZc V:254 H: 89 F: 4
				849328 A9 00       LDA #$00               A:0000 X:0E68 Y:0A99 S:0122 D:0000 DB:86 nvMxdiZc V:254 H: 94 F: 4
				84932A EB          XBA                    A:0000 X:0E68 Y:0A99 S:0122 D:0000 DB:86 nvMxdiZc V:254 H: 97 F: 4
				84932B AA          TAX                    A:0000 X:0E68 Y:0A99 S:0122 D:0000 DB:86 nvMxdiZc V:254 H:101 F: 4
				84932C FC 5D 93    JSR ($935D,X) [84935D] A:0000 X:0000 Y:0A99 S:0122 D:0000 DB:86 nvMxdiZc V:254 H:104 F: 4

				84977A A9 00       LDA #$00               A:0000 X:0000 Y:0A99 S:0120 D:0000 DB:86 nvMxdiZc V:254 H:117 F: 4
				84977C 60          RTS                    A:0000 X:0000 Y:0A99 S:0120 D:0000 DB:86 nvMxdiZc V:254 H:120 F: 4

				84932F 08          PHP                    A:0000 X:0000 Y:0A99 S:0122 D:0000 DB:86 nvMxdiZc V:254 H:130 F: 4
				849330 A6 2C       LDX $2C       [00002C] A:0000 X:0000 Y:0A99 S:0121 D:0000 DB:86 nvMxdiZc V:254 H:145 F: 4
				849332 A9 01       LDA #$01               A:0000 X:0E68 Y:0A99 S:0121 D:0000 DB:86 nvMxdizc V:254 H:152 F: 4
				849334 34 29       BIT $29,X     [000E91] A:0001 X:0E68 Y:0A99 S:0121 D:0000 DB:86 nvMxdizc V:254 H:155 F: 4
				849336 10 02       BPL $0002     [84933A] A:0001 X:0E68 Y:0A99 S:0121 D:0000 DB:86 nvMxdizc V:254 H:162 F: 4
				84933A 28          PLP                    A:0001 X:0E68 Y:0A99 S:0121 D:0000 DB:86 nvMxdizc V:254 H:166 F: 4
				84933B F0 0C       BEQ $000C     [849349] A:0001 X:0E68 Y:0A99 S:0122 D:0000 DB:86 nvMxdiZc V:254 H:173 F: 4
				849349 49 FF       EOR #$FF               A:0001 X:0E68 Y:0A99 S:0122 D:0000 DB:86 nvMxdiZc V:254 H:177 F: 4
				84934B 35 2B       AND $2B,X     [000E93] A:00FE X:0E68 Y:0A99 S:0122 D:0000 DB:86 NvMxdizc V:254 H:180 F: 4
				84934D 95 2B       STA $2B,X     [000E93] A:0000 X:0E68 Y:0A99 S:0122 D:0000 DB:86 nvMxdiZc V:254 H:187 F: 4
				84934F 20 08 93    JSR $9308     [849308] A:0000 X:0E68 Y:0A99 S:0122 D:0000 DB:86 nvMxdiZc V:254 H:193 F: 4

				849308 A5 14       LDA $14       [000014] A:0000 X:0E68 Y:0A99 S:0120 D:0000 DB:86 nvMxdiZc V:254 H:203 F: 4
				84930A F0 08       BEQ $0008     [849314] A:0000 X:0E68 Y:0A99 S:0120 D:0000 DB:86 nvMxdiZc V:254 H:208 F: 4
				849314 60          RTS                    A:0000 X:0E68 Y:0A99 S:0120 D:0000 DB:86 nvMxdiZc V:254 H:213 F: 4

				849352 A9 00       LDA #$00               A:0000 X:0E68 Y:0A99 S:0122 D:0000 DB:86 nvMxdiZc V:254 H:223 F: 4
				849354 60          RTS                    A:0000 X:0E68 Y:0A99 S:0122 D:0000 DB:86 nvMxdiZc V:254 H:226 F: 4

				8492F1 D0 12       BNE $0012     [849305] A:0000 X:0E68 Y:0A99 S:0124 D:0000 DB:86 nvMxdiZc V:254 H:236 F: 4
				8492F3 B4 20       LDY $20,X     [000E88] A:0000 X:0E68 Y:0A99 S:0124 D:0000 DB:86 nvMxdiZc V:254 H:239 F: 4
				8492F5 B9 06 00    LDA $0006,Y   [86C94B] A:0000 X:0E68 Y:C945 S:0124 D:0000 DB:86 NvMxdizc V:254 H:247 F: 4
				8492F8 18          CLC                    A:0000 X:0E68 Y:C945 S:0124 D:0000 DB:86 nvMxdiZc V:254 H:255 F: 4
				8492F9 79 08 00    ADC $0008,Y   [86C94D] A:0000 X:0E68 Y:C945 S:0124 D:0000 DB:86 nvMxdiZc V:254 H:258 F: 4
				8492FC 38          SEC                    A:000D X:0E68 Y:C945 S:0124 D:0000 DB:86 nvMxdizc V:254 H:265 F: 4
				8492FD F9 09 00    SBC $0009,Y   [86C94E] A:000D X:0E68 Y:C945 S:0124 D:0000 DB:86 nvMxdizC V:254 H:268 F: 4
				849300 95 2A       STA $2A,X     [000E92] A:0008 X:0E68 Y:C945 S:0124 D:0000 DB:86 nvMxdizC V:254 H:276 F: 4
				849302 20 15 93    JSR $9315     [849315] A:0008 X:0E68 Y:C945 S:0124 D:0000 DB:86 nvMxdizC V:254 H:282 F: 4

				849315 20 B3 90    JSR $90B3     [8490B3] A:0008 X:0E68 Y:C945 S:0122 D:0000 DB:86 nvMxdizC V:254 H:292 F: 4

				8490B3 0B          PHD                    A:0008 X:0E68 Y:C945 S:0120 D:0000 DB:86 nvMxdizC V:254 H:302 F: 4
				8490B4 DA          PHX                    A:0008 X:0E68 Y:C945 S:011E D:0000 DB:86 nvMxdizC V:254 H:309 F: 4
				8490B5 08          PHP                    A:0008 X:0E68 Y:C945 S:011C D:0000 DB:86 nvMxdizC V:254 H:316 F: 4
				8490B6 E2 20       SEP #$20               A:0008 X:0E68 Y:C945 S:011B D:0000 DB:86 nvMxdizC V:254 H:321 F: 4
				8490B8 C2 10       REP #$10               A:0008 X:0E68 Y:C945 S:011B D:0000 DB:86 nvMxdizC V:254 H:325 F: 4
				8490BA 64 01       STZ $01       [000001] A:0008 X:0E68 Y:C945 S:011B D:0000 DB:86 nvMxdizC V:254 H:329 F: 4
				8490BC B5 29       LDA $29,X     [000E91] A:0008 X:0E68 Y:C945 S:011B D:0000 DB:86 nvMxdizC V:254 H:334 F: 4
				8490BE 10 02       BPL $0002     [8490C2] A:000F X:0E68 Y:C945 S:011B D:0000 DB:86 nvMxdizC V:255 H:  1 F: 4
				8490C2 18          CLC                    A:000F X:0E68 Y:C945 S:011B D:0000 DB:86 nvMxdizC V:255 H:  5 F: 4
				8490C3 75 05       ADC $05,X     [000E6D] A:000F X:0E68 Y:C945 S:011B D:0000 DB:86 nvMxdizc V:255 H:  8 F: 4
				8490C5 85 00       STA $00       [000000] A:0032 X:0E68 Y:C945 S:011B D:0000 DB:86 nvMxdizc V:255 H: 15 F: 4
				8490C7 B5 06       LDA $06,X     [000E6E] A:0032 X:0E68 Y:C945 S:011B D:0000 DB:86 nvMxdizc V:255 H: 20 F: 4
				8490C9 65 01       ADC $01       [000001] A:0014 X:0E68 Y:C945 S:011B D:0000 DB:86 nvMxdizc V:255 H: 26 F: 4
				8490CB 85 01       STA $01       [000001] A:0014 X:0E68 Y:C945 S:011B D:0000 DB:86 nvMxdizc V:255 H: 31 F: 4
				8490CD 64 03       STZ $03       [000003] A:0014 X:0E68 Y:C945 S:011B D:0000 DB:86 nvMxdizc V:255 H: 36 F: 4
				8490CF B5 2A       LDA $2A,X     [000E92] A:0014 X:0E68 Y:C945 S:011B D:0000 DB:86 nvMxdizc V:255 H: 41 F: 4
				8490D1 10 02       BPL $0002     [8490D5] A:0008 X:0E68 Y:C945 S:011B D:0000 DB:86 nvMxdizc V:255 H: 48 F: 4
				8490D5 18          CLC                    A:0008 X:0E68 Y:C945 S:011B D:0000 DB:86 nvMxdizc V:255 H: 52 F: 4
				8490D6 75 08       ADC $08,X     [000E70] A:0008 X:0E68 Y:C945 S:011B D:0000 DB:86 nvMxdizc V:255 H: 55 F: 4
				8490D8 85 02       STA $02       [000002] A:00A1 X:0E68 Y:C945 S:011B D:0000 DB:86 NvMxdizc V:255 H: 62 F: 4
				8490DA 29 F0       AND #$F0               A:00A1 X:0E68 Y:C945 S:011B D:0000 DB:86 NvMxdizc V:255 H: 67 F: 4
				8490DC 85 0A       STA $0A       [00000A] A:00A0 X:0E68 Y:C945 S:011B D:0000 DB:86 NvMxdizc V:255 H: 70 F: 4
				8490DE B5 09       LDA $09,X     [000E71] A:00A0 X:0E68 Y:C945 S:011B D:0000 DB:86 NvMxdizc V:255 H: 75 F: 4
				8490E0 65 03       ADC $03       [000003] A:000A X:0E68 Y:C945 S:011B D:0000 DB:86 nvMxdizc V:255 H: 81 F: 4
				8490E2 85 03       STA $03       [000003] A:000A X:0E68 Y:C945 S:011B D:0000 DB:86 nvMxdizc V:255 H: 86 F: 4
				8490E4 85 0B       STA $0B       [00000B] A:000A X:0E68 Y:C945 S:011B D:0000 DB:86 nvMxdizc V:255 H: 91 F: 4
				8490E6 A5 00       LDA $00       [000000] A:000A X:0E68 Y:C945 S:011B D:0000 DB:86 nvMxdizc V:255 H: 96 F: 4
				8490E8 29 0F       AND #$0F               A:0032 X:0E68 Y:C945 S:011B D:0000 DB:86 nvMxdizc V:255 H:101 F: 4
				8490EA 1A          INC                    A:0002 X:0E68 Y:C945 S:011B D:0000 DB:86 nvMxdizc V:255 H:104 F: 4
				8490EB 85 0C       STA $0C       [00000C] A:0003 X:0E68 Y:C945 S:011B D:0000 DB:86 nvMxdizc V:255 H:107 F: 4
				8490ED A5 02       LDA $02       [000002] A:0003 X:0E68 Y:C945 S:011B D:0000 DB:86 nvMxdizc V:255 H:112 F: 4
				8490EF 29 0F       AND #$0F               A:00A1 X:0E68 Y:C945 S:011B D:0000 DB:86 NvMxdizc V:255 H:117 F: 4
				8490F1 1A          INC                    A:0001 X:0E68 Y:C945 S:011B D:0000 DB:86 nvMxdizc V:255 H:120 F: 4
				8490F2 85 0E       STA $0E       [00000E] A:0002 X:0E68 Y:C945 S:011B D:0000 DB:86 nvMxdizc V:255 H:123 F: 4
				8490F4 C2 20       REP #$20               A:0002 X:0E68 Y:C945 S:011B D:0000 DB:86 nvMxdizc V:255 H:128 F: 4
				8490F6 20 6A 91    JSR $916A     [84916A] A:0002 X:0E68 Y:C945 S:011B D:0000 DB:86 nvmxdizc V:255 H:133 F: 4

				84916A A9 00 E8    LDA #$E800             A:0002 X:0E68 Y:C945 S:0119 D:0000 DB:86 nvmxdizc V:255 H:153 F: 4
				84916D 85 10       STA $10       [000010] A:E800 X:0E68 Y:C945 S:0119 D:0000 DB:86 Nvmxdizc V:255 H:157 F: 4
				84916F A9 7E 00    LDA #$007E             A:E800 X:0E68 Y:C945 S:0119 D:0000 DB:86 Nvmxdizc V:255 H:164 F: 4
				849172 85 12       STA $12       [000012] A:007E X:0E68 Y:C945 S:0119 D:0000 DB:86 nvmxdizc V:255 H:169 F: 4
				849174 A5 02       LDA $02       [000002] A:007E X:0E68 Y:C945 S:0119 D:0000 DB:86 nvmxdizc V:255 H:176 F: 4
				849176 29 F0 00    AND #$00F0             A:0AA1 X:0E68 Y:C945 S:0119 D:0000 DB:86 nvmxdizc V:255 H:183 F: 4
				849179 0A          ASL A                  A:00A0 X:0E68 Y:C945 S:0119 D:0000 DB:86 nvmxdizc V:255 H:187 F: 4
				84917A 85 04       STA $04       [000004] A:0140 X:0E68 Y:C945 S:0119 D:0000 DB:86 nvmxdizc V:255 H:190 F: 4
				84917C A5 00       LDA $00       [000000] A:0140 X:0E68 Y:C945 S:0119 D:0000 DB:86 nvmxdizc V:255 H:197 F: 4
				84917E 29 FF 00    AND #$00FF             A:1432 X:0E68 Y:C945 S:0119 D:0000 DB:86 nvmxdizc V:255 H:204 F: 4
				849181 4A          LSR A                  A:0032 X:0E68 Y:C945 S:0119 D:0000 DB:86 nvmxdizc V:255 H:209 F: 4
				849182 4A          LSR A                  A:0019 X:0E68 Y:C945 S:0119 D:0000 DB:86 nvmxdizc V:255 H:212 F: 4
				849183 4A          LSR A                  A:000C X:0E68 Y:C945 S:0119 D:0000 DB:86 nvmxdizC V:255 H:215 F: 4
				849184 29 FE FF    AND #$FFFE             A:0006 X:0E68 Y:C945 S:0119 D:0000 DB:86 nvmxdizc V:255 H:218 F: 4
				849187 18          CLC                    A:0006 X:0E68 Y:C945 S:0119 D:0000 DB:86 nvmxdizc V:255 H:222 F: 4
				849188 65 04       ADC $04       [000004] A:0006 X:0E68 Y:C945 S:0119 D:0000 DB:86 nvmxdizc V:255 H:225 F: 4
				84918A 85 06       STA $06       [000006] A:0146 X:0E68 Y:C945 S:0119 D:0000 DB:86 nvmxdizc V:255 H:232 F: 4
				84918C A5 00       LDA $00       [000000] A:0146 X:0E68 Y:C945 S:0119 D:0000 DB:86 nvmxdizc V:255 H:239 F: 4
				84918E EB          XBA                    A:1432 X:0E68 Y:C945 S:0119 D:0000 DB:86 nvmxdizc V:255 H:246 F: 4
				84918F 29 1F 00    AND #$001F             A:3214 X:0E68 Y:C945 S:0119 D:0000 DB:86 nvmxdizc V:255 H:251 F: 4
				849192 85 04       STA $04       [000004] A:0014 X:0E68 Y:C945 S:0119 D:0000 DB:86 nvmxdizc V:255 H:255 F: 4
				849194 A5 02       LDA $02       [000002] A:0014 X:0E68 Y:C945 S:0119 D:0000 DB:86 nvmxdizc V:255 H:262 F: 4
				849196 29 00 1F    AND #$1F00             A:0AA1 X:0E68 Y:C945 S:0119 D:0000 DB:86 nvmxdizc V:255 H:269 F: 4
				849199 4A          LSR A                  A:0A00 X:0E68 Y:C945 S:0119 D:0000 DB:86 nvmxdizc V:255 H:274 F: 4
				84919A 4A          LSR A                  A:0500 X:0E68 Y:C945 S:0119 D:0000 DB:86 nvmxdizc V:255 H:277 F: 4
				84919B 4A          LSR A                  A:0280 X:0E68 Y:C945 S:0119 D:0000 DB:86 nvmxdizc V:255 H:280 F: 4
				84919C 18          CLC                    A:0140 X:0E68 Y:C945 S:0119 D:0000 DB:86 nvmxdizc V:255 H:283 F: 4
				84919D 65 04       ADC $04       [000004] A:0140 X:0E68 Y:C945 S:0119 D:0000 DB:86 nvmxdizc V:255 H:286 F: 4
				84919F A8          TAY                    A:0154 X:0E68 Y:C945 S:0119 D:0000 DB:86 nvmxdizc V:255 H:293 F: 4
				8491A0 B7 10       LDA [$10],Y   [7EE954] A:0154 X:0E68 Y:0154 S:0119 D:0000 DB:86 nvmxdizc V:255 H:296 F: 4
				8491A2 29 FF 00    AND #$00FF             A:0038 X:0E68 Y:0154 S:0119 D:0000 DB:86 nvmxdizc V:255 H:309 F: 4
				8491A5 A8          TAY                    A:0038 X:0E68 Y:0154 S:0119 D:0000 DB:86 nvmxdizc V:255 H:313 F: 4
				8491A6 EB          XBA                    A:0038 X:0E68 Y:0038 S:0119 D:0000 DB:86 nvmxdizc V:255 H:316 F: 4
				8491A7 0A          ASL A                  A:3800 X:0E68 Y:0038 S:0119 D:0000 DB:86 nvmxdiZc V:255 H:321 F: 4
				8491A8 18          CLC                    A:7000 X:0E68 Y:0038 S:0119 D:0000 DB:86 nvmxdizc V:255 H:323 F: 4
				8491A9 65 06       ADC $06       [000006] A:7000 X:0E68 Y:0038 S:0119 D:0000 DB:86 nvmxdizc V:255 H:326 F: 4
				8491AB AA          TAX                    A:7146 X:0E68 Y:0038 S:0119 D:0000 DB:86 nvmxdizc V:255 H:333 F: 4
				8491AC 60          RTS                    A:7146 X:7146 Y:0038 S:0119 D:0000 DB:86 nvmxdizc V:255 H:336 F: 4

				8490F9 BF 00 20 7E LDA $7E2000,X [7E9146] A:7146 X:7146 Y:0038 S:011B D:0000 DB:86 nvmxdizc V:256 H:  6 F: 4
				8490FD A8          TAY                    A:01D3 X:7146 Y:0038 S:011B D:0000 DB:86 nvmxdizc V:256 H: 16 F: 4
				8490FE AD 92 0B    LDA $0B92     [860B92] A:01D3 X:7146 Y:01D3 S:011B D:0000 DB:86 nvmxdizc V:256 H: 19 F: 4
				849101 85 10       STA $10       [000010] A:DB57 X:7146 Y:01D3 S:011B D:0000 DB:86 Nvmxdizc V:256 H: 27 F: 4
				849103 AD 94 0B    LDA $0B94     [860B94] A:DB57 X:7146 Y:01D3 S:011B D:0000 DB:86 Nvmxdizc V:256 H: 34 F: 4
				849106 85 12       STA $12       [000012] A:B895 X:7146 Y:01D3 S:011B D:0000 DB:86 Nvmxdizc V:256 H: 43 F: 4
				849108 B7 10       LDA [$10],Y   [95DD2A] A:B895 X:7146 Y:01D3 S:011B D:0000 DB:86 Nvmxdizc V:256 H: 50 F: 4
				84910A 29 FF 00    AND #$00FF             A:0000 X:7146 Y:01D3 S:011B D:0000 DB:86 nvmxdiZc V:256 H: 62 F: 4
				84910D 28          PLP                    A:0000 X:7146 Y:01D3 S:011B D:0000 DB:86 nvmxdiZc V:256 H: 66 F: 4
				84910E FA          PLX                    A:0000 X:7146 Y:01D3 S:011C D:0000 DB:86 nvMxdizC V:256 H: 73 F: 4
				84910F 2B          PLD                    A:0000 X:0E68 Y:01D3 S:011E D:0000 DB:86 nvMxdizC V:256 H: 81 F: 4
				849110 60          RTS                    A:0000 X:0E68 Y:01D3 S:0120 D:0000 DB:86 nvMxdiZC V:256 H: 90 F: 4

				849318 B4 05       LDY $05,X     [000E6D] A:0000 X:0E68 Y:01D3 S:0122 D:0000 DB:86 nvMxdiZC V:256 H:100 F: 4
				84931A 84 10       STY $10       [000010] A:0000 X:0E68 Y:1423 S:0122 D:0000 DB:86 nvMxdizC V:256 H:108 F: 4
				84931C B4 08       LDY $08,X     [000E70] A:0000 X:0E68 Y:1423 S:0122 D:0000 DB:86 nvMxdizC V:256 H:115 F: 4
				84931E 84 12       STY $12       [000012] A:0000 X:0E68 Y:0A99 S:0122 D:0000 DB:86 nvMxdizC V:256 H:124 F: 4
				849320 95 2D       STA $2D,X     [000E95] A:0000 X:0E68 Y:0A99 S:0122 D:0000 DB:86 nvMxdizC V:256 H:131 F: 4
				849322 86 2C       STX $2C       [00002C] A:0000 X:0E68 Y:0A99 S:0122 D:0000 DB:86 nvMxdizC V:256 H:147 F: 4
				849324 29 3F       AND #$3F               A:0000 X:0E68 Y:0A99 S:0122 D:0000 DB:86 nvMxdizC V:256 H:154 F: 4
				849326 0A          ASL A                  A:0000 X:0E68 Y:0A99 S:0122 D:0000 DB:86 nvMxdiZC V:256 H:157 F: 4
				849327 EB          XBA                    A:0000 X:0E68 Y:0A99 S:0122 D:0000 DB:86 nvMxdiZc V:256 H:160 F: 4
				849328 A9 00       LDA #$00               A:0000 X:0E68 Y:0A99 S:0122 D:0000 DB:86 nvMxdiZc V:256 H:165 F: 4
				84932A EB          XBA                    A:0000 X:0E68 Y:0A99 S:0122 D:0000 DB:86 nvMxdiZc V:256 H:168 F: 4
				84932B AA          TAX                    A:0000 X:0E68 Y:0A99 S:0122 D:0000 DB:86 nvMxdiZc V:256 H:172 F: 4
				84932C FC 5D 93    JSR ($935D,X) [84935D] A:0000 X:0000 Y:0A99 S:0122 D:0000 DB:86 nvMxdiZc V:256 H:175 F: 4

				84977A A9 00       LDA #$00               A:0000 X:0000 Y:0A99 S:0120 D:0000 DB:86 nvMxdiZc V:256 H:188 F: 4
				84977C 60          RTS                    A:0000 X:0000 Y:0A99 S:0120 D:0000 DB:86 nvMxdiZc V:256 H:191 F: 4

				84932F 08          PHP                    A:0000 X:0000 Y:0A99 S:0122 D:0000 DB:86 nvMxdiZc V:256 H:201 F: 4
				849330 A6 2C       LDX $2C       [00002C] A:0000 X:0000 Y:0A99 S:0121 D:0000 DB:86 nvMxdiZc V:256 H:206 F: 4
				849332 A9 01       LDA #$01               A:0000 X:0E68 Y:0A99 S:0121 D:0000 DB:86 nvMxdizc V:256 H:213 F: 4
				849334 34 29       BIT $29,X     [000E91] A:0001 X:0E68 Y:0A99 S:0121 D:0000 DB:86 nvMxdizc V:256 H:216 F: 4
				849336 10 02       BPL $0002     [84933A] A:0001 X:0E68 Y:0A99 S:0121 D:0000 DB:86 nvMxdizc V:256 H:223 F: 4
				84933A 28          PLP                    A:0001 X:0E68 Y:0A99 S:0121 D:0000 DB:86 nvMxdizc V:256 H:227 F: 4
				84933B F0 0C       BEQ $000C     [849349] A:0001 X:0E68 Y:0A99 S:0122 D:0000 DB:86 nvMxdiZc V:256 H:234 F: 4
				849349 49 FF       EOR #$FF               A:0001 X:0E68 Y:0A99 S:0122 D:0000 DB:86 nvMxdiZc V:256 H:238 F: 4
				84934B 35 2B       AND $2B,X     [000E93] A:00FE X:0E68 Y:0A99 S:0122 D:0000 DB:86 NvMxdizc V:256 H:241 F: 4
				84934D 95 2B       STA $2B,X     [000E93] A:0000 X:0E68 Y:0A99 S:0122 D:0000 DB:86 nvMxdiZc V:256 H:248 F: 4
				84934F 20 08 93    JSR $9308     [849308] A:0000 X:0E68 Y:0A99 S:0122 D:0000 DB:86 nvMxdiZc V:256 H:254 F: 4

				849308 A5 14       LDA $14       [000014] A:0000 X:0E68 Y:0A99 S:0120 D:0000 DB:86 nvMxdiZc V:256 H:264 F: 4
				84930A F0 08       BEQ $0008     [849314] A:0000 X:0E68 Y:0A99 S:0120 D:0000 DB:86 nvMxdiZc V:256 H:269 F: 4
				849314 60          RTS                    A:0000 X:0E68 Y:0A99 S:0120 D:0000 DB:86 nvMxdiZc V:256 H:274 F: 4

				849352 A9 00       LDA #$00               A:0000 X:0E68 Y:0A99 S:0122 D:0000 DB:86 nvMxdiZc V:256 H:284 F: 4
				849354 60          RTS                    A:0000 X:0E68 Y:0A99 S:0122 D:0000 DB:86 nvMxdiZc V:256 H:287 F: 4

				849305 C2 30       REP #$30               A:0000 X:0E68 Y:0A99 S:0124 D:0000 DB:86 nvMxdiZc V:256 H:297 F: 4
				849307 60          RTS                    A:0000 X:0E68 Y:0A99 S:0124 D:0000 DB:86 nvmxdiZc V:256 H:301 F: 4

				8491D8 20 ED 91    JSR $91ED     [8491ED] A:0000 X:0E68 Y:0A99 S:0126 D:0000 DB:86 nvmxdiZc V:256 H:311 F: 4

				8491ED B5 08       LDA $08,X     [000E70] A:0000 X:0E68 Y:0A99 S:0124 D:0000 DB:86 nvmxdiZc V:256 H:321 F: 4
				8491EF D5 24       CMP $24,X     [000E8C] A:0A99 X:0E68 Y:0A99 S:0124 D:0000 DB:86 nvmxdizc V:256 H:329 F: 4
				8491F1 F0 F2       BEQ $00F2     [8491E5] A:0A99 X:0E68 Y:0A99 S:0124 D:0000 DB:86 Nvmxdizc V:256 H:337 F: 4
				8491F3 10 4D       BPL $004D     [849242] A:0A99 X:0E68 Y:0A99 S:0124 D:0000 DB:86 Nvmxdizc V:257 H:  0 F: 4
				8491F5 E2 20       SEP #$20               A:0A99 X:0E68 Y:0A99 S:0124 D:0000 DB:86 Nvmxdizc V:257 H:  3 F: 4
				8491F7 B4 20       LDY $20,X     [000E88] A:0A99 X:0E68 Y:0A99 S:0124 D:0000 DB:86 NvMxdizc V:257 H:  8 F: 4
				8491F9 B9 06 00    LDA $0006,Y   [86C94B] A:0A99 X:0E68 Y:C945 S:0124 D:0000 DB:86 NvMxdizc V:257 H: 16 F: 4
				8491FC 38          SEC                    A:0A00 X:0E68 Y:C945 S:0124 D:0000 DB:86 nvMxdiZc V:257 H: 24 F: 4
				8491FD F9 08 00    SBC $0008,Y   [86C94D] A:0A00 X:0E68 Y:C945 S:0124 D:0000 DB:86 nvMxdiZC V:257 H: 27 F: 4
				849200 95 2A       STA $2A,X     [000E92] A:0AF3 X:0E68 Y:C945 S:0124 D:0000 DB:86 NvMxdizc V:257 H: 34 F: 4
				849202 B9 05 00    LDA $0005,Y   [86C94A] A:0AF3 X:0E68 Y:C945 S:0124 D:0000 DB:86 NvMxdizc V:257 H: 41 F: 4
				849205 34 11       BIT $11,X     [000E79] A:0A00 X:0E68 Y:C945 S:0124 D:0000 DB:86 nvMxdiZc V:257 H: 48 F: 4
				849207 50 03       BVC $0003     [84920C] A:0A00 X:0E68 Y:C945 S:0124 D:0000 DB:86 nVMxdiZc V:257 H: 55 F: 4
				849209 49 FF       EOR #$FF               A:0A00 X:0E68 Y:C945 S:0124 D:0000 DB:86 nVMxdiZc V:257 H: 58 F: 4
				84920B 1A          INC                    A:0AFF X:0E68 Y:C945 S:0124 D:0000 DB:86 NVMxdizc V:257 H: 61 F: 4
				84920C 95 29       STA $29,X     [000E91] A:0A00 X:0E68 Y:C945 S:0124 D:0000 DB:86 nVMxdiZc V:257 H: 64 F: 4
				84920E 20 73 94    JSR $9473     [849473] A:0A00 X:0E68 Y:C945 S:0124 D:0000 DB:86 nVMxdiZc V:257 H: 70 F: 4

				849473 A9 F7       LDA #$F7               A:0A00 X:0E68 Y:C945 S:0122 D:0000 DB:86 nVMxdiZc V:257 H: 80 F: 4
				849475 35 2B       AND $2B,X     [000E93] A:0AF7 X:0E68 Y:C945 S:0122 D:0000 DB:86 NVMxdizc V:257 H: 83 F: 4
				849477 95 2B       STA $2B,X     [000E93] A:0A00 X:0E68 Y:C945 S:0122 D:0000 DB:86 nVMxdiZc V:257 H: 90 F: 4
				849479 20 B3 90    JSR $90B3     [8490B3] A:0A00 X:0E68 Y:C945 S:0122 D:0000 DB:86 nVMxdiZc V:257 H: 96 F: 4

				8490B3 0B          PHD                    A:0A00 X:0E68 Y:C945 S:0120 D:0000 DB:86 nVMxdiZc V:257 H:106 F: 4
				8490B4 DA          PHX                    A:0A00 X:0E68 Y:C945 S:011E D:0000 DB:86 nVMxdiZc V:257 H:113 F: 4
				8490B5 08          PHP                    A:0A00 X:0E68 Y:C945 S:011C D:0000 DB:86 nVMxdiZc V:257 H:120 F: 4
				8490B6 E2 20       SEP #$20               A:0A00 X:0E68 Y:C945 S:011B D:0000 DB:86 nVMxdiZc V:257 H:125 F: 4
				8490B8 C2 10       REP #$10               A:0A00 X:0E68 Y:C945 S:011B D:0000 DB:86 nVMxdiZc V:257 H:130 F: 4
				8490BA 64 01       STZ $01       [000001] A:0A00 X:0E68 Y:C945 S:011B D:0000 DB:86 nVMxdiZc V:257 H:144 F: 4
				8490BC B5 29       LDA $29,X     [000E91] A:0A00 X:0E68 Y:C945 S:011B D:0000 DB:86 nVMxdiZc V:257 H:149 F: 4
				8490BE 10 02       BPL $0002     [8490C2] A:0A00 X:0E68 Y:C945 S:011B D:0000 DB:86 nVMxdiZc V:257 H:156 F: 4
				8490C2 18          CLC                    A:0A00 X:0E68 Y:C945 S:011B D:0000 DB:86 nVMxdiZc V:257 H:160 F: 4
				8490C3 75 05       ADC $05,X     [000E6D] A:0A00 X:0E68 Y:C945 S:011B D:0000 DB:86 nVMxdiZc V:257 H:163 F: 4
				8490C5 85 00       STA $00       [000000] A:0A23 X:0E68 Y:C945 S:011B D:0000 DB:86 nvMxdizc V:257 H:170 F: 4
				8490C7 B5 06       LDA $06,X     [000E6E] A:0A23 X:0E68 Y:C945 S:011B D:0000 DB:86 nvMxdizc V:257 H:175 F: 4
				8490C9 65 01       ADC $01       [000001] A:0A14 X:0E68 Y:C945 S:011B D:0000 DB:86 nvMxdizc V:257 H:181 F: 4
				8490CB 85 01       STA $01       [000001] A:0A14 X:0E68 Y:C945 S:011B D:0000 DB:86 nvMxdizc V:257 H:186 F: 4
				8490CD 64 03       STZ $03       [000003] A:0A14 X:0E68 Y:C945 S:011B D:0000 DB:86 nvMxdizc V:257 H:191 F: 4
				8490CF B5 2A       LDA $2A,X     [000E92] A:0A14 X:0E68 Y:C945 S:011B D:0000 DB:86 nvMxdizc V:257 H:196 F: 4
				8490D1 10 02       BPL $0002     [8490D5] A:0AF3 X:0E68 Y:C945 S:011B D:0000 DB:86 NvMxdizc V:257 H:203 F: 4
				8490D3 C6 03       DEC $03       [000003] A:0AF3 X:0E68 Y:C945 S:011B D:0000 DB:86 NvMxdizc V:257 H:206 F: 4
				8490D5 18          CLC                    A:0AF3 X:0E68 Y:C945 S:011B D:0000 DB:86 NvMxdizc V:257 H:214 F: 4
				8490D6 75 08       ADC $08,X     [000E70] A:0AF3 X:0E68 Y:C945 S:011B D:0000 DB:86 NvMxdizc V:257 H:217 F: 4
				8490D8 85 02       STA $02       [000002] A:0A8C X:0E68 Y:C945 S:011B D:0000 DB:86 NvMxdizC V:257 H:224 F: 4
				8490DA 29 F0       AND #$F0               A:0A8C X:0E68 Y:C945 S:011B D:0000 DB:86 NvMxdizC V:257 H:229 F: 4
				8490DC 85 0A       STA $0A       [00000A] A:0A80 X:0E68 Y:C945 S:011B D:0000 DB:86 NvMxdizC V:257 H:232 F: 4
				8490DE B5 09       LDA $09,X     [000E71] A:0A80 X:0E68 Y:C945 S:011B D:0000 DB:86 NvMxdizC V:257 H:237 F: 4
				8490E0 65 03       ADC $03       [000003] A:0A0A X:0E68 Y:C945 S:011B D:0000 DB:86 nvMxdizC V:257 H:243 F: 4
				8490E2 85 03       STA $03       [000003] A:0A0A X:0E68 Y:C945 S:011B D:0000 DB:86 nvMxdizC V:257 H:248 F: 4
				8490E4 85 0B       STA $0B       [00000B] A:0A0A X:0E68 Y:C945 S:011B D:0000 DB:86 nvMxdizC V:257 H:253 F: 4
				8490E6 A5 00       LDA $00       [000000] A:0A0A X:0E68 Y:C945 S:011B D:0000 DB:86 nvMxdizC V:257 H:258 F: 4
				8490E8 29 0F       AND #$0F               A:0A23 X:0E68 Y:C945 S:011B D:0000 DB:86 nvMxdizC V:257 H:263 F: 4
				8490EA 1A          INC                    A:0A03 X:0E68 Y:C945 S:011B D:0000 DB:86 nvMxdizC V:257 H:266 F: 4
				8490EB 85 0C       STA $0C       [00000C] A:0A04 X:0E68 Y:C945 S:011B D:0000 DB:86 nvMxdizC V:257 H:269 F: 4
				8490ED A5 02       LDA $02       [000002] A:0A04 X:0E68 Y:C945 S:011B D:0000 DB:86 nvMxdizC V:257 H:274 F: 4
				8490EF 29 0F       AND #$0F               A:0A8C X:0E68 Y:C945 S:011B D:0000 DB:86 NvMxdizC V:257 H:279 F: 4
				8490F1 1A          INC                    A:0A0C X:0E68 Y:C945 S:011B D:0000 DB:86 nvMxdizC V:257 H:282 F: 4
				8490F2 85 0E       STA $0E       [00000E] A:0A0D X:0E68 Y:C945 S:011B D:0000 DB:86 nvMxdizC V:257 H:285 F: 4
				8490F4 C2 20       REP #$20               A:0A0D X:0E68 Y:C945 S:011B D:0000 DB:86 nvMxdizC V:257 H:290 F: 4
				8490F6 20 6A 91    JSR $916A     [84916A] A:0A0D X:0E68 Y:C945 S:011B D:0000 DB:86 nvmxdizC V:257 H:295 F: 4

				84916A A9 00 E8    LDA #$E800             A:0A0D X:0E68 Y:C945 S:0119 D:0000 DB:86 nvmxdizC V:257 H:305 F: 4
				84916D 85 10       STA $10       [000010] A:E800 X:0E68 Y:C945 S:0119 D:0000 DB:86 NvmxdizC V:257 H:309 F: 4
				84916F A9 7E 00    LDA #$007E             A:E800 X:0E68 Y:C945 S:0119 D:0000 DB:86 NvmxdizC V:257 H:316 F: 4
				849172 85 12       STA $12       [000012] A:007E X:0E68 Y:C945 S:0119 D:0000 DB:86 nvmxdizC V:257 H:321 F: 4
				849174 A5 02       LDA $02       [000002] A:007E X:0E68 Y:C945 S:0119 D:0000 DB:86 nvmxdizC V:257 H:327 F: 4
				849176 29 F0 00    AND #$00F0             A:0A8C X:0E68 Y:C945 S:0119 D:0000 DB:86 nvmxdizC V:257 H:334 F: 4
				849179 0A          ASL A                  A:0080 X:0E68 Y:C945 S:0119 D:0000 DB:86 nvmxdizC V:257 H:338 F: 4
				84917A 85 04       STA $04       [000004] A:0100 X:0E68 Y:C945 S:0119 D:0000 DB:86 nvmxdizc V:258 H:  1 F: 4
				84917C A5 00       LDA $00       [000000] A:0100 X:0E68 Y:C945 S:0119 D:0000 DB:86 nvmxdizc V:258 H:  8 F: 4
				84917E 29 FF 00    AND #$00FF             A:1423 X:0E68 Y:C945 S:0119 D:0000 DB:86 nvmxdizc V:258 H: 15 F: 4
				849181 4A          LSR A                  A:0023 X:0E68 Y:C945 S:0119 D:0000 DB:86 nvmxdizc V:258 H: 20 F: 4
				849182 4A          LSR A                  A:0011 X:0E68 Y:C945 S:0119 D:0000 DB:86 nvmxdizC V:258 H: 23 F: 4
				849183 4A          LSR A                  A:0008 X:0E68 Y:C945 S:0119 D:0000 DB:86 nvmxdizC V:258 H: 26 F: 4
				849184 29 FE FF    AND #$FFFE             A:0004 X:0E68 Y:C945 S:0119 D:0000 DB:86 nvmxdizc V:258 H: 29 F: 4
				849187 18          CLC                    A:0004 X:0E68 Y:C945 S:0119 D:0000 DB:86 nvmxdizc V:258 H: 33 F: 4
				849188 65 04       ADC $04       [000004] A:0004 X:0E68 Y:C945 S:0119 D:0000 DB:86 nvmxdizc V:258 H: 36 F: 4
				84918A 85 06       STA $06       [000006] A:0104 X:0E68 Y:C945 S:0119 D:0000 DB:86 nvmxdizc V:258 H: 43 F: 4
				84918C A5 00       LDA $00       [000000] A:0104 X:0E68 Y:C945 S:0119 D:0000 DB:86 nvmxdizc V:258 H: 50 F: 4
				84918E EB          XBA                    A:1423 X:0E68 Y:C945 S:0119 D:0000 DB:86 nvmxdizc V:258 H: 57 F: 4
				84918F 29 1F 00    AND #$001F             A:2314 X:0E68 Y:C945 S:0119 D:0000 DB:86 nvmxdizc V:258 H: 62 F: 4
				849192 85 04       STA $04       [000004] A:0014 X:0E68 Y:C945 S:0119 D:0000 DB:86 nvmxdizc V:258 H: 66 F: 4
				849194 A5 02       LDA $02       [000002] A:0014 X:0E68 Y:C945 S:0119 D:0000 DB:86 nvmxdizc V:258 H: 73 F: 4
				849196 29 00 1F    AND #$1F00             A:0A8C X:0E68 Y:C945 S:0119 D:0000 DB:86 nvmxdizc V:258 H: 80 F: 4
				849199 4A          LSR A                  A:0A00 X:0E68 Y:C945 S:0119 D:0000 DB:86 nvmxdizc V:258 H: 85 F: 4
				84919A 4A          LSR A                  A:0500 X:0E68 Y:C945 S:0119 D:0000 DB:86 nvmxdizc V:258 H: 88 F: 4
				84919B 4A          LSR A                  A:0280 X:0E68 Y:C945 S:0119 D:0000 DB:86 nvmxdizc V:258 H: 91 F: 4
				84919C 18          CLC                    A:0140 X:0E68 Y:C945 S:0119 D:0000 DB:86 nvmxdizc V:258 H: 94 F: 4
				84919D 65 04       ADC $04       [000004] A:0140 X:0E68 Y:C945 S:0119 D:0000 DB:86 nvmxdizc V:258 H: 97 F: 4
				84919F A8          TAY                    A:0154 X:0E68 Y:C945 S:0119 D:0000 DB:86 nvmxdizc V:258 H:104 F: 4
				8491A0 B7 10       LDA [$10],Y   [7EE954] A:0154 X:0E68 Y:0154 S:0119 D:0000 DB:86 nvmxdizc V:258 H:107 F: 4
				8491A2 29 FF 00    AND #$00FF             A:0038 X:0E68 Y:0154 S:0119 D:0000 DB:86 nvmxdizc V:258 H:120 F: 4
				8491A5 A8          TAY                    A:0038 X:0E68 Y:0154 S:0119 D:0000 DB:86 nvmxdizc V:258 H:124 F: 4
				8491A6 EB          XBA                    A:0038 X:0E68 Y:0038 S:0119 D:0000 DB:86 nvmxdizc V:258 H:127 F: 4
				8491A7 0A          ASL A                  A:3800 X:0E68 Y:0038 S:0119 D:0000 DB:86 nvmxdiZc V:258 H:132 F: 4
				8491A8 18          CLC                    A:7000 X:0E68 Y:0038 S:0119 D:0000 DB:86 nvmxdizc V:258 H:145 F: 4
				8491A9 65 06       ADC $06       [000006] A:7000 X:0E68 Y:0038 S:0119 D:0000 DB:86 nvmxdizc V:258 H:148 F: 4
				8491AB AA          TAX                    A:7104 X:0E68 Y:0038 S:0119 D:0000 DB:86 nvmxdizc V:258 H:155 F: 4
				8491AC 60          RTS                    A:7104 X:7104 Y:0038 S:0119 D:0000 DB:86 nvmxdizc V:258 H:158 F: 4

				8490F9 BF 00 20 7E LDA $7E2000,X [7E9104] A:7104 X:7104 Y:0038 S:011B D:0000 DB:86 nvmxdizc V:258 H:168 F: 4
				8490FD A8          TAY                    A:0232 X:7104 Y:0038 S:011B D:0000 DB:86 nvmxdizc V:258 H:178 F: 4
				8490FE AD 92 0B    LDA $0B92     [860B92] A:0232 X:7104 Y:0232 S:011B D:0000 DB:86 nvmxdizc V:258 H:181 F: 4
				849101 85 10       STA $10       [000010] A:DB57 X:7104 Y:0232 S:011B D:0000 DB:86 Nvmxdizc V:258 H:189 F: 4
				849103 AD 94 0B    LDA $0B94     [860B94] A:DB57 X:7104 Y:0232 S:011B D:0000 DB:86 Nvmxdizc V:258 H:196 F: 4
				849106 85 12       STA $12       [000012] A:B895 X:7104 Y:0232 S:011B D:0000 DB:86 Nvmxdizc V:258 H:205 F: 4
				849108 B7 10       LDA [$10],Y   [95DD89] A:B895 X:7104 Y:0232 S:011B D:0000 DB:86 Nvmxdizc V:258 H:212 F: 4
				84910A 29 FF 00    AND #$00FF             A:0000 X:7104 Y:0232 S:011B D:0000 DB:86 nvmxdiZc V:258 H:224 F: 4
				84910D 28          PLP                    A:0000 X:7104 Y:0232 S:011B D:0000 DB:86 nvmxdiZc V:258 H:228 F: 4
				84910E FA          PLX                    A:0000 X:7104 Y:0232 S:011C D:0000 DB:86 nVMxdiZc V:258 H:235 F: 4
				84910F 2B          PLD                    A:0000 X:0E68 Y:0232 S:011E D:0000 DB:86 nVMxdizc V:258 H:243 F: 4
				849110 60          RTS                    A:0000 X:0E68 Y:0232 S:0120 D:0000 DB:86 nVMxdiZc V:258 H:252 F: 4

				84947C B4 05       LDY $05,X     [000E6D] A:0000 X:0E68 Y:0232 S:0122 D:0000 DB:86 nVMxdiZc V:258 H:262 F: 4
				84947E 84 10       STY $10       [000010] A:0000 X:0E68 Y:1423 S:0122 D:0000 DB:86 nVMxdizc V:258 H:270 F: 4
				849480 B4 08       LDY $08,X     [000E70] A:0000 X:0E68 Y:1423 S:0122 D:0000 DB:86 nVMxdizc V:258 H:277 F: 4
				849482 84 12       STY $12       [000012] A:0000 X:0E68 Y:0A99 S:0122 D:0000 DB:86 nVMxdizc V:258 H:286 F: 4
				849484 95 2E       STA $2E,X     [000E96] A:0000 X:0E68 Y:0A99 S:0122 D:0000 DB:86 nVMxdizc V:258 H:293 F: 4
				849486 86 2C       STX $2C       [00002C] A:0000 X:0E68 Y:0A99 S:0122 D:0000 DB:86 nVMxdizc V:258 H:299 F: 4
				849488 29 3F       AND #$3F               A:0000 X:0E68 Y:0A99 S:0122 D:0000 DB:86 nVMxdizc V:258 H:306 F: 4
				84948A 0A          ASL A                  A:0000 X:0E68 Y:0A99 S:0122 D:0000 DB:86 nVMxdiZc V:258 H:309 F: 4
				84948B EB          XBA                    A:0000 X:0E68 Y:0A99 S:0122 D:0000 DB:86 nVMxdiZc V:258 H:312 F: 4
				84948C A9 00       LDA #$00               A:0000 X:0E68 Y:0A99 S:0122 D:0000 DB:86 nVMxdiZc V:258 H:317 F: 4
				84948E EB          XBA                    A:0000 X:0E68 Y:0A99 S:0122 D:0000 DB:86 nVMxdiZc V:258 H:320 F: 4
				84948F AA          TAX                    A:0000 X:0E68 Y:0A99 S:0122 D:0000 DB:86 nVMxdiZc V:258 H:324 F: 4
				849490 FC A9 94    JSR ($94A9,X) [8494A9] A:0000 X:0000 Y:0A99 S:0122 D:0000 DB:86 nVMxdiZc V:258 H:327 F: 4

				849529 AD 1C 1F    LDA $1F1C     [861F1C] A:0000 X:0000 Y:0A99 S:0120 D:0000 DB:86 nVMxdiZc V:258 H:339 F: 4
				84952C F0 11       BEQ $0011     [84953F] A:0000 X:0000 Y:0A99 S:0120 D:0000 DB:86 nVMxdiZc V:259 H:  6 F: 4
				84953F A9 00       LDA #$00               A:0000 X:0000 Y:0A99 S:0120 D:0000 DB:86 nVMxdiZc V:259 H: 10 F: 4
				849541 60          RTS                    A:0000 X:0000 Y:0A99 S:0120 D:0000 DB:86 nVMxdiZc V:259 H: 13 F: 4

				849493 F0 0E       BEQ $000E     [8494A3] A:0000 X:0000 Y:0A99 S:0122 D:0000 DB:86 nVMxdiZc V:259 H: 23 F: 4
				8494A3 A6 2C       LDX $2C       [00002C] A:0000 X:0000 Y:0A99 S:0122 D:0000 DB:86 nVMxdiZc V:259 H: 28 F: 4
				8494A5 20 08 93    JSR $9308     [849308] A:0000 X:0E68 Y:0A99 S:0122 D:0000 DB:86 nVMxdizc V:259 H: 35 F: 4

				849308 A5 14       LDA $14       [000014] A:0000 X:0E68 Y:0A99 S:0120 D:0000 DB:86 nVMxdizc V:259 H: 45 F: 4
				84930A F0 08       BEQ $0008     [849314] A:0000 X:0E68 Y:0A99 S:0120 D:0000 DB:86 nVMxdiZc V:259 H: 50 F: 4
				849314 60          RTS                    A:0000 X:0E68 Y:0A99 S:0120 D:0000 DB:86 nVMxdiZc V:259 H: 54 F: 4

				8494A8 60          RTS                    A:0000 X:0E68 Y:0A99 S:0122 D:0000 DB:86 nVMxdiZc V:259 H: 64 F: 4

				849211 D0 2C       BNE $002C     [84923F] A:0000 X:0E68 Y:0A99 S:0124 D:0000 DB:86 nVMxdiZc V:259 H: 74 F: 4
				849213 B4 20       LDY $20,X     [000E88] A:0000 X:0E68 Y:0A99 S:0124 D:0000 DB:86 nVMxdiZc V:259 H: 77 F: 4
				849215 B9 05 00    LDA $0005,Y   [86C94A] A:0000 X:0E68 Y:C945 S:0124 D:0000 DB:86 NVMxdizc V:259 H: 86 F: 4
				849218 34 11       BIT $11,X     [000E79] A:0000 X:0E68 Y:C945 S:0124 D:0000 DB:86 nVMxdiZc V:259 H: 93 F: 4
				84921A 50 03       BVC $0003     [84921F] A:0000 X:0E68 Y:C945 S:0124 D:0000 DB:86 nVMxdiZc V:259 H:100 F: 4
				84921C 49 FF       EOR #$FF               A:0000 X:0E68 Y:C945 S:0124 D:0000 DB:86 nVMxdiZc V:259 H:103 F: 4
				84921E 1A          INC                    A:00FF X:0E68 Y:C945 S:0124 D:0000 DB:86 NVMxdizc V:259 H:106 F: 4
				84921F 38          SEC                    A:0000 X:0E68 Y:C945 S:0124 D:0000 DB:86 nVMxdiZc V:259 H:109 F: 4
				849220 F9 07 00    SBC $0007,Y   [86C94C] A:0000 X:0E68 Y:C945 S:0124 D:0000 DB:86 nVMxdiZC V:259 H:112 F: 4
				849223 95 29       STA $29,X     [000E91] A:00F1 X:0E68 Y:C945 S:0124 D:0000 DB:86 NvMxdizc V:259 H:119 F: 4
				849225 20 73 94    JSR $9473     [849473] A:00F1 X:0E68 Y:C945 S:0124 D:0000 DB:86 NvMxdizc V:259 H:126 F: 4

				849473 A9 F7       LDA #$F7               A:00F1 X:0E68 Y:C945 S:0122 D:0000 DB:86 NvMxdizc V:259 H:146 F: 4
				849475 35 2B       AND $2B,X     [000E93] A:00F7 X:0E68 Y:C945 S:0122 D:0000 DB:86 NvMxdizc V:259 H:149 F: 4
				849477 95 2B       STA $2B,X     [000E93] A:0000 X:0E68 Y:C945 S:0122 D:0000 DB:86 nvMxdiZc V:259 H:155 F: 4
				849479 20 B3 90    JSR $90B3     [8490B3] A:0000 X:0E68 Y:C945 S:0122 D:0000 DB:86 nvMxdiZc V:259 H:162 F: 4

				8490B3 0B          PHD                    A:0000 X:0E68 Y:C945 S:0120 D:0000 DB:86 nvMxdiZc V:259 H:172 F: 4
				8490B4 DA          PHX                    A:0000 X:0E68 Y:C945 S:011E D:0000 DB:86 nvMxdiZc V:259 H:179 F: 4
				8490B5 08          PHP                    A:0000 X:0E68 Y:C945 S:011C D:0000 DB:86 nvMxdiZc V:259 H:186 F: 4
				8490B6 E2 20       SEP #$20               A:0000 X:0E68 Y:C945 S:011B D:0000 DB:86 nvMxdiZc V:259 H:191 F: 4
				8490B8 C2 10       REP #$10               A:0000 X:0E68 Y:C945 S:011B D:0000 DB:86 nvMxdiZc V:259 H:195 F: 4
				8490BA 64 01       STZ $01       [000001] A:0000 X:0E68 Y:C945 S:011B D:0000 DB:86 nvMxdiZc V:259 H:200 F: 4
				8490BC B5 29       LDA $29,X     [000E91] A:0000 X:0E68 Y:C945 S:011B D:0000 DB:86 nvMxdiZc V:259 H:205 F: 4
				8490BE 10 02       BPL $0002     [8490C2] A:00F1 X:0E68 Y:C945 S:011B D:0000 DB:86 NvMxdizc V:259 H:211 F: 4
				8490C0 C6 01       DEC $01       [000001] A:00F1 X:0E68 Y:C945 S:011B D:0000 DB:86 NvMxdizc V:259 H:214 F: 4
				8490C2 18          CLC                    A:00F1 X:0E68 Y:C945 S:011B D:0000 DB:86 NvMxdizc V:259 H:223 F: 4
				8490C3 75 05       ADC $05,X     [000E6D] A:00F1 X:0E68 Y:C945 S:011B D:0000 DB:86 NvMxdizc V:259 H:226 F: 4
				8490C5 85 00       STA $00       [000000] A:0014 X:0E68 Y:C945 S:011B D:0000 DB:86 nvMxdizC V:259 H:232 F: 4
				8490C7 B5 06       LDA $06,X     [000E6E] A:0014 X:0E68 Y:C945 S:011B D:0000 DB:86 nvMxdizC V:259 H:237 F: 4
				8490C9 65 01       ADC $01       [000001] A:0014 X:0E68 Y:C945 S:011B D:0000 DB:86 nvMxdizC V:259 H:244 F: 4
				8490CB 85 01       STA $01       [000001] A:0014 X:0E68 Y:C945 S:011B D:0000 DB:86 nvMxdizC V:259 H:249 F: 4
				8490CD 64 03       STZ $03       [000003] A:0014 X:0E68 Y:C945 S:011B D:0000 DB:86 nvMxdizC V:259 H:254 F: 4
				8490CF B5 2A       LDA $2A,X     [000E92] A:0014 X:0E68 Y:C945 S:011B D:0000 DB:86 nvMxdizC V:259 H:259 F: 4
				8490D1 10 02       BPL $0002     [8490D5] A:00F3 X:0E68 Y:C945 S:011B D:0000 DB:86 NvMxdizC V:259 H:265 F: 4
				8490D3 C6 03       DEC $03       [000003] A:00F3 X:0E68 Y:C945 S:011B D:0000 DB:86 NvMxdizC V:259 H:268 F: 4
				8490D5 18          CLC                    A:00F3 X:0E68 Y:C945 S:011B D:0000 DB:86 NvMxdizC V:259 H:277 F: 4
				8490D6 75 08       ADC $08,X     [000E70] A:00F3 X:0E68 Y:C945 S:011B D:0000 DB:86 NvMxdizc V:259 H:280 F: 4
				8490D8 85 02       STA $02       [000002] A:008C X:0E68 Y:C945 S:011B D:0000 DB:86 NvMxdizC V:259 H:286 F: 4
				8490DA 29 F0       AND #$F0               A:008C X:0E68 Y:C945 S:011B D:0000 DB:86 NvMxdizC V:259 H:291 F: 4
				8490DC 85 0A       STA $0A       [00000A] A:0080 X:0E68 Y:C945 S:011B D:0000 DB:86 NvMxdizC V:259 H:294 F: 4
				8490DE B5 09       LDA $09,X     [000E71] A:0080 X:0E68 Y:C945 S:011B D:0000 DB:86 NvMxdizC V:259 H:299 F: 4
				8490E0 65 03       ADC $03       [000003] A:000A X:0E68 Y:C945 S:011B D:0000 DB:86 nvMxdizC V:259 H:306 F: 4
				8490E2 85 03       STA $03       [000003] A:000A X:0E68 Y:C945 S:011B D:0000 DB:86 nvMxdizC V:259 H:311 F: 4
				8490E4 85 0B       STA $0B       [00000B] A:000A X:0E68 Y:C945 S:011B D:0000 DB:86 nvMxdizC V:259 H:316 F: 4
				8490E6 A5 00       LDA $00       [000000] A:000A X:0E68 Y:C945 S:011B D:0000 DB:86 nvMxdizC V:259 H:321 F: 4
				8490E8 29 0F       AND #$0F               A:0014 X:0E68 Y:C945 S:011B D:0000 DB:86 nvMxdizC V:259 H:325 F: 4
				8490EA 1A          INC                    A:0004 X:0E68 Y:C945 S:011B D:0000 DB:86 nvMxdizC V:259 H:328 F: 4
				8490EB 85 0C       STA $0C       [00000C] A:0005 X:0E68 Y:C945 S:011B D:0000 DB:86 nvMxdizC V:259 H:331 F: 4
				8490ED A5 02       LDA $02       [000002] A:0005 X:0E68 Y:C945 S:011B D:0000 DB:86 nvMxdizC V:259 H:336 F: 4
				8490EF 29 0F       AND #$0F               A:008C X:0E68 Y:C945 S:011B D:0000 DB:86 NvMxdizC V:260 H:  1 F: 4
				8490F1 1A          INC                    A:000C X:0E68 Y:C945 S:011B D:0000 DB:86 nvMxdizC V:260 H:  4 F: 4
				8490F2 85 0E       STA $0E       [00000E] A:000D X:0E68 Y:C945 S:011B D:0000 DB:86 nvMxdizC V:260 H:  7 F: 4
				8490F4 C2 20       REP #$20               A:000D X:0E68 Y:C945 S:011B D:0000 DB:86 nvMxdizC V:260 H: 12 F: 4
				8490F6 20 6A 91    JSR $916A     [84916A] A:000D X:0E68 Y:C945 S:011B D:0000 DB:86 nvmxdizC V:260 H: 16 F: 4

				84916A A9 00 E8    LDA #$E800             A:000D X:0E68 Y:C945 S:0119 D:0000 DB:86 nvmxdizC V:260 H: 26 F: 4
				84916D 85 10       STA $10       [000010] A:E800 X:0E68 Y:C945 S:0119 D:0000 DB:86 NvmxdizC V:260 H: 31 F: 4
				84916F A9 7E 00    LDA #$007E             A:E800 X:0E68 Y:C945 S:0119 D:0000 DB:86 NvmxdizC V:260 H: 38 F: 4
				849172 85 12       STA $12       [000012] A:007E X:0E68 Y:C945 S:0119 D:0000 DB:86 nvmxdizC V:260 H: 42 F: 4
				849174 A5 02       LDA $02       [000002] A:007E X:0E68 Y:C945 S:0119 D:0000 DB:86 nvmxdizC V:260 H: 49 F: 4
				849176 29 F0 00    AND #$00F0             A:0A8C X:0E68 Y:C945 S:0119 D:0000 DB:86 nvmxdizC V:260 H: 56 F: 4
				849179 0A          ASL A                  A:0080 X:0E68 Y:C945 S:0119 D:0000 DB:86 nvmxdizC V:260 H: 61 F: 4
				84917A 85 04       STA $04       [000004] A:0100 X:0E68 Y:C945 S:0119 D:0000 DB:86 nvmxdizc V:260 H: 64 F: 4
				84917C A5 00       LDA $00       [000000] A:0100 X:0E68 Y:C945 S:0119 D:0000 DB:86 nvmxdizc V:260 H: 71 F: 4
				84917E 29 FF 00    AND #$00FF             A:1414 X:0E68 Y:C945 S:0119 D:0000 DB:86 nvmxdizc V:260 H: 78 F: 4
				849181 4A          LSR A                  A:0014 X:0E68 Y:C945 S:0119 D:0000 DB:86 nvmxdizc V:260 H: 82 F: 4
				849182 4A          LSR A                  A:000A X:0E68 Y:C945 S:0119 D:0000 DB:86 nvmxdizc V:260 H: 85 F: 4
				849183 4A          LSR A                  A:0005 X:0E68 Y:C945 S:0119 D:0000 DB:86 nvmxdizc V:260 H: 88 F: 4
				849184 29 FE FF    AND #$FFFE             A:0002 X:0E68 Y:C945 S:0119 D:0000 DB:86 nvmxdizC V:260 H: 91 F: 4
				849187 18          CLC                    A:0002 X:0E68 Y:C945 S:0119 D:0000 DB:86 nvmxdizC V:260 H: 96 F: 4
				849188 65 04       ADC $04       [000004] A:0002 X:0E68 Y:C945 S:0119 D:0000 DB:86 nvmxdizc V:260 H: 99 F: 4
				84918A 85 06       STA $06       [000006] A:0102 X:0E68 Y:C945 S:0119 D:0000 DB:86 nvmxdizc V:260 H:106 F: 4
				84918C A5 00       LDA $00       [000000] A:0102 X:0E68 Y:C945 S:0119 D:0000 DB:86 nvmxdizc V:260 H:113 F: 4
				84918E EB          XBA                    A:1414 X:0E68 Y:C945 S:0119 D:0000 DB:86 nvmxdizc V:260 H:120 F: 4
				84918F 29 1F 00    AND #$001F             A:1414 X:0E68 Y:C945 S:0119 D:0000 DB:86 nvmxdizc V:260 H:124 F: 4
				849192 85 04       STA $04       [000004] A:0014 X:0E68 Y:C945 S:0119 D:0000 DB:86 nvmxdizc V:260 H:129 F: 4
				849194 A5 02       LDA $02       [000002] A:0014 X:0E68 Y:C945 S:0119 D:0000 DB:86 nvmxdizc V:260 H:146 F: 4
				849196 29 00 1F    AND #$1F00             A:0A8C X:0E68 Y:C945 S:0119 D:0000 DB:86 nvmxdizc V:260 H:153 F: 4
				849199 4A          LSR A                  A:0A00 X:0E68 Y:C945 S:0119 D:0000 DB:86 nvmxdizc V:260 H:157 F: 4
				84919A 4A          LSR A                  A:0500 X:0E68 Y:C945 S:0119 D:0000 DB:86 nvmxdizc V:260 H:160 F: 4
				84919B 4A          LSR A                  A:0280 X:0E68 Y:C945 S:0119 D:0000 DB:86 nvmxdizc V:260 H:163 F: 4
				84919C 18          CLC                    A:0140 X:0E68 Y:C945 S:0119 D:0000 DB:86 nvmxdizc V:260 H:166 F: 4
				84919D 65 04       ADC $04       [000004] A:0140 X:0E68 Y:C945 S:0119 D:0000 DB:86 nvmxdizc V:260 H:169 F: 4
				84919F A8          TAY                    A:0154 X:0E68 Y:C945 S:0119 D:0000 DB:86 nvmxdizc V:260 H:176 F: 4
				8491A0 B7 10       LDA [$10],Y   [7EE954] A:0154 X:0E68 Y:0154 S:0119 D:0000 DB:86 nvmxdizc V:260 H:179 F: 4
				8491A2 29 FF 00    AND #$00FF             A:0038 X:0E68 Y:0154 S:0119 D:0000 DB:86 nvmxdizc V:260 H:192 F: 4
				8491A5 A8          TAY                    A:0038 X:0E68 Y:0154 S:0119 D:0000 DB:86 nvmxdizc V:260 H:197 F: 4
				8491A6 EB          XBA                    A:0038 X:0E68 Y:0038 S:0119 D:0000 DB:86 nvmxdizc V:260 H:200 F: 4
				8491A7 0A          ASL A                  A:3800 X:0E68 Y:0038 S:0119 D:0000 DB:86 nvmxdiZc V:260 H:204 F: 4
				8491A8 18          CLC                    A:7000 X:0E68 Y:0038 S:0119 D:0000 DB:86 nvmxdizc V:260 H:207 F: 4
				8491A9 65 06       ADC $06       [000006] A:7000 X:0E68 Y:0038 S:0119 D:0000 DB:86 nvmxdizc V:260 H:210 F: 4
				8491AB AA          TAX                    A:7102 X:0E68 Y:0038 S:0119 D:0000 DB:86 nvmxdizc V:260 H:217 F: 4
				8491AC 60          RTS                    A:7102 X:7102 Y:0038 S:0119 D:0000 DB:86 nvmxdizc V:260 H:220 F: 4

				8490F9 BF 00 20 7E LDA $7E2000,X [7E9102] A:7102 X:7102 Y:0038 S:011B D:0000 DB:86 nvmxdizc V:260 H:230 F: 4
				8490FD A8          TAY                    A:01E5 X:7102 Y:0038 S:011B D:0000 DB:86 nvmxdizc V:260 H:240 F: 4
				8490FE AD 92 0B    LDA $0B92     [860B92] A:01E5 X:7102 Y:01E5 S:011B D:0000 DB:86 nvmxdizc V:260 H:243 F: 4
				849101 85 10       STA $10       [000010] A:DB57 X:7102 Y:01E5 S:011B D:0000 DB:86 Nvmxdizc V:260 H:252 F: 4
				849103 AD 94 0B    LDA $0B94     [860B94] A:DB57 X:7102 Y:01E5 S:011B D:0000 DB:86 Nvmxdizc V:260 H:259 F: 4
				849106 85 12       STA $12       [000012] A:B895 X:7102 Y:01E5 S:011B D:0000 DB:86 Nvmxdizc V:260 H:267 F: 4
				849108 B7 10       LDA [$10],Y   [95DD3C] A:B895 X:7102 Y:01E5 S:011B D:0000 DB:86 Nvmxdizc V:260 H:274 F: 4
				84910A 29 FF 00    AND #$00FF             A:0000 X:7102 Y:01E5 S:011B D:0000 DB:86 nvmxdiZc V:260 H:286 F: 4
				84910D 28          PLP                    A:0000 X:7102 Y:01E5 S:011B D:0000 DB:86 nvmxdiZc V:260 H:291 F: 4
				84910E FA          PLX                    A:0000 X:7102 Y:01E5 S:011C D:0000 DB:86 nvMxdiZc V:260 H:297 F: 4
				84910F 2B          PLD                    A:0000 X:0E68 Y:01E5 S:011E D:0000 DB:86 nvMxdizc V:260 H:306 F: 4
				849110 60          RTS                    A:0000 X:0E68 Y:01E5 S:0120 D:0000 DB:86 nvMxdiZc V:260 H:314 F: 4

				84947C B4 05       LDY $05,X     [000E6D] A:0000 X:0E68 Y:01E5 S:0122 D:0000 DB:86 nvMxdiZc V:260 H:324 F: 4
				84947E 84 10       STY $10       [000010] A:0000 X:0E68 Y:1423 S:0122 D:0000 DB:86 nvMxdizc V:260 H:332 F: 4
				849480 B4 08       LDY $08,X     [000E70] A:0000 X:0E68 Y:1423 S:0122 D:0000 DB:86 nvMxdizc V:260 H:339 F: 4
				849482 84 12       STY $12       [000012] A:0000 X:0E68 Y:0A99 S:0122 D:0000 DB:86 nvMxdizc V:261 H:  7 F: 4
				849484 95 2E       STA $2E,X     [000E96] A:0000 X:0E68 Y:0A99 S:0122 D:0000 DB:86 nvMxdizc V:261 H: 14 F: 4
				849486 86 2C       STX $2C       [00002C] A:0000 X:0E68 Y:0A99 S:0122 D:0000 DB:86 nvMxdizc V:261 H: 21 F: 4
				849488 29 3F       AND #$3F               A:0000 X:0E68 Y:0A99 S:0122 D:0000 DB:86 nvMxdizc V:261 H: 28 F: 4
				84948A 0A          ASL A                  A:0000 X:0E68 Y:0A99 S:0122 D:0000 DB:86 nvMxdiZc V:261 H: 31 F: 4
				84948B EB          XBA                    A:0000 X:0E68 Y:0A99 S:0122 D:0000 DB:86 nvMxdiZc V:261 H: 34 F: 4
				84948C A9 00       LDA #$00               A:0000 X:0E68 Y:0A99 S:0122 D:0000 DB:86 nvMxdiZc V:261 H: 38 F: 4
				84948E EB          XBA                    A:0000 X:0E68 Y:0A99 S:0122 D:0000 DB:86 nvMxdiZc V:261 H: 41 F: 4
				84948F AA          TAX                    A:0000 X:0E68 Y:0A99 S:0122 D:0000 DB:86 nvMxdiZc V:261 H: 46 F: 4
				849490 FC A9 94    JSR ($94A9,X) [8494A9] A:0000 X:0000 Y:0A99 S:0122 D:0000 DB:86 nvMxdiZc V:261 H: 49 F: 4

				849529 AD 1C 1F    LDA $1F1C     [861F1C] A:0000 X:0000 Y:0A99 S:0120 D:0000 DB:86 nvMxdiZc V:261 H: 62 F: 4
				84952C F0 11       BEQ $0011     [84953F] A:0000 X:0000 Y:0A99 S:0120 D:0000 DB:86 nvMxdiZc V:261 H: 68 F: 4
				84953F A9 00       LDA #$00               A:0000 X:0000 Y:0A99 S:0120 D:0000 DB:86 nvMxdiZc V:261 H: 73 F: 4
				849541 60          RTS                    A:0000 X:0000 Y:0A99 S:0120 D:0000 DB:86 nvMxdiZc V:261 H: 76 F: 4

				849493 F0 0E       BEQ $000E     [8494A3] A:0000 X:0000 Y:0A99 S:0122 D:0000 DB:86 nvMxdiZc V:261 H: 86 F: 4
				8494A3 A6 2C       LDX $2C       [00002C] A:0000 X:0000 Y:0A99 S:0122 D:0000 DB:86 nvMxdiZc V:261 H: 90 F: 4
				8494A5 20 08 93    JSR $9308     [849308] A:0000 X:0E68 Y:0A99 S:0122 D:0000 DB:86 nvMxdizc V:261 H: 97 F: 4

				849308 A5 14       LDA $14       [000014] A:0000 X:0E68 Y:0A99 S:0120 D:0000 DB:86 nvMxdizc V:261 H:107 F: 4
				84930A F0 08       BEQ $0008     [849314] A:0000 X:0E68 Y:0A99 S:0120 D:0000 DB:86 nvMxdiZc V:261 H:112 F: 4
				849314 60          RTS                    A:0000 X:0E68 Y:0A99 S:0120 D:0000 DB:86 nvMxdiZc V:261 H:117 F: 4

				8494A8 60          RTS                    A:0000 X:0E68 Y:0A99 S:0122 D:0000 DB:86 nvMxdiZc V:261 H:127 F: 4

				849228 D0 15       BNE $0015     [84923F] A:0000 X:0E68 Y:0A99 S:0124 D:0000 DB:86 nvMxdiZc V:261 H:147 F: 4
				84922A B4 20       LDY $20,X     [000E88] A:0000 X:0E68 Y:0A99 S:0124 D:0000 DB:86 nvMxdiZc V:261 H:150 F: 4
				84922C B9 05 00    LDA $0005,Y   [86C94A] A:0000 X:0E68 Y:C945 S:0124 D:0000 DB:86 NvMxdizc V:261 H:158 F: 4
				84922F 34 11       BIT $11,X     [000E79] A:0000 X:0E68 Y:C945 S:0124 D:0000 DB:86 nvMxdiZc V:261 H:166 F: 4
				849231 50 03       BVC $0003     [849236] A:0000 X:0E68 Y:C945 S:0124 D:0000 DB:86 nVMxdiZc V:261 H:172 F: 4
				849233 49 FF       EOR #$FF               A:0000 X:0E68 Y:C945 S:0124 D:0000 DB:86 nVMxdiZc V:261 H:175 F: 4
				849235 1A          INC                    A:00FF X:0E68 Y:C945 S:0124 D:0000 DB:86 NVMxdizc V:261 H:178 F: 4
				849236 18          CLC                    A:0000 X:0E68 Y:C945 S:0124 D:0000 DB:86 nVMxdiZc V:261 H:181 F: 4
				849237 79 07 00    ADC $0007,Y   [86C94C] A:0000 X:0E68 Y:C945 S:0124 D:0000 DB:86 nVMxdiZc V:261 H:184 F: 4
				84923A 95 29       STA $29,X     [000E91] A:000F X:0E68 Y:C945 S:0124 D:0000 DB:86 nvMxdizc V:261 H:192 F: 4
				84923C 20 73 94    JSR $9473     [849473] A:000F X:0E68 Y:C945 S:0124 D:0000 DB:86 nvMxdizc V:261 H:198 F: 4

				849473 A9 F7       LDA #$F7               A:000F X:0E68 Y:C945 S:0122 D:0000 DB:86 nvMxdizc V:261 H:208 F: 4
				849475 35 2B       AND $2B,X     [000E93] A:00F7 X:0E68 Y:C945 S:0122 D:0000 DB:86 NvMxdizc V:261 H:211 F: 4
				849477 95 2B       STA $2B,X     [000E93] A:0000 X:0E68 Y:C945 S:0122 D:0000 DB:86 nvMxdiZc V:261 H:218 F: 4
				849479 20 B3 90    JSR $90B3     [8490B3] A:0000 X:0E68 Y:C945 S:0122 D:0000 DB:86 nvMxdiZc V:261 H:224 F: 4

				8490B3 0B          PHD                    A:0000 X:0E68 Y:C945 S:0120 D:0000 DB:86 nvMxdiZc V:261 H:234 F: 4
				8490B4 DA          PHX                    A:0000 X:0E68 Y:C945 S:011E D:0000 DB:86 nvMxdiZc V:261 H:241 F: 4
				8490B5 08          PHP                    A:0000 X:0E68 Y:C945 S:011C D:0000 DB:86 nvMxdiZc V:261 H:248 F: 4
				8490B6 E2 20       SEP #$20               A:0000 X:0E68 Y:C945 S:011B D:0000 DB:86 nvMxdiZc V:261 H:253 F: 4
				8490B8 C2 10       REP #$10               A:0000 X:0E68 Y:C945 S:011B D:0000 DB:86 nvMxdiZc V:261 H:258 F: 4
				8490BA 64 01       STZ $01       [000001] A:0000 X:0E68 Y:C945 S:011B D:0000 DB:86 nvMxdiZc V:261 H:262 F: 4
				8490BC B5 29       LDA $29,X     [000E91] A:0000 X:0E68 Y:C945 S:011B D:0000 DB:86 nvMxdiZc V:261 H:267 F: 4
				8490BE 10 02       BPL $0002     [8490C2] A:000F X:0E68 Y:C945 S:011B D:0000 DB:86 nvMxdizc V:261 H:274 F: 4
				8490C2 18          CLC                    A:000F X:0E68 Y:C945 S:011B D:0000 DB:86 nvMxdizc V:261 H:278 F: 4
				8490C3 75 05       ADC $05,X     [000E6D] A:000F X:0E68 Y:C945 S:011B D:0000 DB:86 nvMxdizc V:261 H:281 F: 4
				8490C5 85 00       STA $00       [000000] A:0032 X:0E68 Y:C945 S:011B D:0000 DB:86 nvMxdizc V:261 H:288 F: 4
				8490C7 B5 06       LDA $06,X     [000E6E] A:0032 X:0E68 Y:C945 S:011B D:0000 DB:86 nvMxdizc V:261 H:293 F: 4
				8490C9 65 01       ADC $01       [000001] A:0014 X:0E68 Y:C945 S:011B D:0000 DB:86 nvMxdizc V:261 H:299 F: 4
				8490CB 85 01       STA $01       [000001] A:0014 X:0E68 Y:C945 S:011B D:0000 DB:86 nvMxdizc V:261 H:304 F: 4
				8490CD 64 03       STZ $03       [000003] A:0014 X:0E68 Y:C945 S:011B D:0000 DB:86 nvMxdizc V:261 H:309 F: 4
				8490CF B5 2A       LDA $2A,X     [000E92] A:0014 X:0E68 Y:C945 S:011B D:0000 DB:86 nvMxdizc V:261 H:314 F: 4
				8490D1 10 02       BPL $0002     [8490D5] A:00F3 X:0E68 Y:C945 S:011B D:0000 DB:86 NvMxdizc V:261 H:321 F: 4
				8490D3 C6 03       DEC $03       [000003] A:00F3 X:0E68 Y:C945 S:011B D:0000 DB:86 NvMxdizc V:261 H:323 F: 4
				8490D5 18          CLC                    A:00F3 X:0E68 Y:C945 S:011B D:0000 DB:86 NvMxdizc V:261 H:331 F: 4
				8490D6 75 08       ADC $08,X     [000E70] A:00F3 X:0E68 Y:C945 S:011B D:0000 DB:86 NvMxdizc V:261 H:334 F: 4
				8490D8 85 02       STA $02       [000002] A:008C X:0E68 Y:C945 S:011B D:0000 DB:86 NvMxdizC V:  0 H:  1 F: 5
				8490DA 29 F0       AND #$F0               A:008C X:0E68 Y:C945 S:011B D:0000 DB:86 NvMxdizC V:  0 H:  6 F: 5
				8490DC 85 0A       STA $0A       [00000A] A:0080 X:0E68 Y:C945 S:011B D:0000 DB:86 NvMxdizC V:  0 H:  9 F: 5
				8490DE B5 09       LDA $09,X     [000E71] A:0080 X:0E68 Y:C945 S:011B D:0000 DB:86 NvMxdizC V:  0 H: 14 F: 5
				8490E0 65 03       ADC $03       [000003] A:000A X:0E68 Y:C945 S:011B D:0000 DB:86 nvMxdizC V:  0 H: 20 F: 5
				8490E2 85 03       STA $03       [000003] A:000A X:0E68 Y:C945 S:011B D:0000 DB:86 nvMxdizC V:  0 H: 25 F: 5
				8490E4 85 0B       STA $0B       [00000B] A:000A X:0E68 Y:C945 S:011B D:0000 DB:86 nvMxdizC V:  0 H: 30 F: 5
				8490E6 A5 00       LDA $00       [000000] A:000A X:0E68 Y:C945 S:011B D:0000 DB:86 nvMxdizC V:  0 H: 35 F: 5
				8490E8 29 0F       AND #$0F               A:0032 X:0E68 Y:C945 S:011B D:0000 DB:86 nvMxdizC V:  0 H: 40 F: 5
				8490EA 1A          INC                    A:0002 X:0E68 Y:C945 S:011B D:0000 DB:86 nvMxdizC V:  0 H: 43 F: 5
				8490EB 85 0C       STA $0C       [00000C] A:0003 X:0E68 Y:C945 S:011B D:0000 DB:86 nvMxdizC V:  0 H: 46 F: 5
				8490ED A5 02       LDA $02       [000002] A:0003 X:0E68 Y:C945 S:011B D:0000 DB:86 nvMxdizC V:  0 H: 51 F: 5
				8490EF 29 0F       AND #$0F               A:008C X:0E68 Y:C945 S:011B D:0000 DB:86 NvMxdizC V:  0 H: 56 F: 5
				8490F1 1A          INC                    A:000C X:0E68 Y:C945 S:011B D:0000 DB:86 nvMxdizC V:  0 H: 59 F: 5
				8490F2 85 0E       STA $0E       [00000E] A:000D X:0E68 Y:C945 S:011B D:0000 DB:86 nvMxdizC V:  0 H: 62 F: 5
				8490F4 C2 20       REP #$20               A:000D X:0E68 Y:C945 S:011B D:0000 DB:86 nvMxdizC V:  0 H: 67 F: 5
				8490F6 20 6A 91    JSR $916A     [84916A] A:000D X:0E68 Y:C945 S:011B D:0000 DB:86 nvmxdizC V:  0 H: 72 F: 5

				84916A A9 00 E8    LDA #$E800             A:000D X:0E68 Y:C945 S:0119 D:0000 DB:86 nvmxdizC V:  0 H: 82 F: 5
				84916D 85 10       STA $10       [000010] A:E800 X:0E68 Y:C945 S:0119 D:0000 DB:86 NvmxdizC V:  0 H: 86 F: 5
				84916F A9 7E 00    LDA #$007E             A:E800 X:0E68 Y:C945 S:0119 D:0000 DB:86 NvmxdizC V:  0 H: 93 F: 5
				849172 85 12       STA $12       [000012] A:007E X:0E68 Y:C945 S:0119 D:0000 DB:86 nvmxdizC V:  0 H: 98 F: 5
				849174 A5 02       LDA $02       [000002] A:007E X:0E68 Y:C945 S:0119 D:0000 DB:86 nvmxdizC V:  0 H:105 F: 5
				849176 29 F0 00    AND #$00F0             A:0A8C X:0E68 Y:C945 S:0119 D:0000 DB:86 nvmxdizC V:  0 H:112 F: 5
				849179 0A          ASL A                  A:0080 X:0E68 Y:C945 S:0119 D:0000 DB:86 nvmxdizC V:  0 H:116 F: 5
				84917A 85 04       STA $04       [000004] A:0100 X:0E68 Y:C945 S:0119 D:0000 DB:86 nvmxdizc V:  0 H:119 F: 5
				84917C A5 00       LDA $00       [000000] A:0100 X:0E68 Y:C945 S:0119 D:0000 DB:86 nvmxdizc V:  0 H:126 F: 5
				84917E 29 FF 00    AND #$00FF             A:1432 X:0E68 Y:C945 S:0119 D:0000 DB:86 nvmxdizc V:  0 H:133 F: 5
				849181 4A          LSR A                  A:0032 X:0E68 Y:C945 S:0119 D:0000 DB:86 nvmxdizc V:  0 H:148 F: 5
				849182 4A          LSR A                  A:0019 X:0E68 Y:C945 S:0119 D:0000 DB:86 nvmxdizc V:  0 H:151 F: 5
				849183 4A          LSR A                  A:000C X:0E68 Y:C945 S:0119 D:0000 DB:86 nvmxdizC V:  0 H:154 F: 5
				849184 29 FE FF    AND #$FFFE             A:0006 X:0E68 Y:C945 S:0119 D:0000 DB:86 nvmxdizc V:  0 H:157 F: 5
				849187 18          CLC                    A:0006 X:0E68 Y:C945 S:0119 D:0000 DB:86 nvmxdizc V:  0 H:161 F: 5
				849188 65 04       ADC $04       [000004] A:0006 X:0E68 Y:C945 S:0119 D:0000 DB:86 nvmxdizc V:  0 H:164 F: 5
				84918A 85 06       STA $06       [000006] A:0106 X:0E68 Y:C945 S:0119 D:0000 DB:86 nvmxdizc V:  0 H:171 F: 5
				84918C A5 00       LDA $00       [000000] A:0106 X:0E68 Y:C945 S:0119 D:0000 DB:86 nvmxdizc V:  0 H:178 F: 5
				84918E EB          XBA                    A:1432 X:0E68 Y:C945 S:0119 D:0000 DB:86 nvmxdizc V:  0 H:185 F: 5
				84918F 29 1F 00    AND #$001F             A:3214 X:0E68 Y:C945 S:0119 D:0000 DB:86 nvmxdizc V:  0 H:190 F: 5
				849192 85 04       STA $04       [000004] A:0014 X:0E68 Y:C945 S:0119 D:0000 DB:86 nvmxdizc V:  0 H:194 F: 5
				849194 A5 02       LDA $02       [000002] A:0014 X:0E68 Y:C945 S:0119 D:0000 DB:86 nvmxdizc V:  0 H:201 F: 5
				849196 29 00 1F    AND #$1F00             A:0A8C X:0E68 Y:C945 S:0119 D:0000 DB:86 nvmxdizc V:  0 H:208 F: 5
				849199 4A          LSR A                  A:0A00 X:0E68 Y:C945 S:0119 D:0000 DB:86 nvmxdizc V:  0 H:213 F: 5
				84919A 4A          LSR A                  A:0500 X:0E68 Y:C945 S:0119 D:0000 DB:86 nvmxdizc V:  0 H:216 F: 5
				84919B 4A          LSR A                  A:0280 X:0E68 Y:C945 S:0119 D:0000 DB:86 nvmxdizc V:  0 H:219 F: 5
				84919C 18          CLC                    A:0140 X:0E68 Y:C945 S:0119 D:0000 DB:86 nvmxdizc V:  0 H:222 F: 5
				84919D 65 04       ADC $04       [000004] A:0140 X:0E68 Y:C945 S:0119 D:0000 DB:86 nvmxdizc V:  0 H:225 F: 5
				84919F A8          TAY                    A:0154 X:0E68 Y:C945 S:0119 D:0000 DB:86 nvmxdizc V:  0 H:232 F: 5
				8491A0 B7 10       LDA [$10],Y   [7EE954] A:0154 X:0E68 Y:0154 S:0119 D:0000 DB:86 nvmxdizc V:  0 H:235 F: 5
				8491A2 29 FF 00    AND #$00FF             A:0038 X:0E68 Y:0154 S:0119 D:0000 DB:86 nvmxdizc V:  0 H:248 F: 5
				8491A5 A8          TAY                    A:0038 X:0E68 Y:0154 S:0119 D:0000 DB:86 nvmxdizc V:  0 H:252 F: 5
				8491A6 EB          XBA                    A:0038 X:0E68 Y:0038 S:0119 D:0000 DB:86 nvmxdizc V:  0 H:255 F: 5
				8491A7 0A          ASL A                  A:3800 X:0E68 Y:0038 S:0119 D:0000 DB:86 nvmxdiZc V:  0 H:260 F: 5
				8491A8 18          CLC                    A:7000 X:0E68 Y:0038 S:0119 D:0000 DB:86 nvmxdizc V:  0 H:263 F: 5
				8491A9 65 06       ADC $06       [000006] A:7000 X:0E68 Y:0038 S:0119 D:0000 DB:86 nvmxdizc V:  0 H:266 F: 5
				8491AB AA          TAX                    A:7106 X:0E68 Y:0038 S:0119 D:0000 DB:86 nvmxdizc V:  0 H:273 F: 5
				8491AC 60          RTS                    A:7106 X:7106 Y:0038 S:0119 D:0000 DB:86 nvmxdizc V:  0 H:276 F: 5

				8490F9 BF 00 20 7E LDA $7E2000,X [7E9106] A:7106 X:7106 Y:0038 S:011B D:0000 DB:86 nvmxdizc V:  0 H:286 F: 5
				8490FD A8          TAY                    A:0233 X:7106 Y:0038 S:011B D:0000 DB:86 nvmxdizc V:  0 H:296 F: 5
				8490FE AD 92 0B    LDA $0B92     [860B92] A:0233 X:7106 Y:0233 S:011B D:0000 DB:86 nvmxdizc V:  0 H:299 F: 5
				849101 85 10       STA $10       [000010] A:DB57 X:7106 Y:0233 S:011B D:0000 DB:86 Nvmxdizc V:  0 H:307 F: 5
				849103 AD 94 0B    LDA $0B94     [860B94] A:DB57 X:7106 Y:0233 S:011B D:0000 DB:86 Nvmxdizc V:  0 H:314 F: 5
				849106 85 12       STA $12       [000012] A:B895 X:7106 Y:0233 S:011B D:0000 DB:86 Nvmxdizc V:  0 H:323 F: 5
				849108 B7 10       LDA [$10],Y   [95DD8A] A:B895 X:7106 Y:0233 S:011B D:0000 DB:86 Nvmxdizc V:  0 H:329 F: 5
				84910A 29 FF 00    AND #$00FF             A:0000 X:7106 Y:0233 S:011B D:0000 DB:86 nvmxdiZc V:  1 H:  1 F: 5
				84910D 28          PLP                    A:0000 X:7106 Y:0233 S:011B D:0000 DB:86 nvmxdiZc V:  1 H:  5 F: 5
				84910E FA          PLX                    A:0000 X:7106 Y:0233 S:011C D:0000 DB:86 nvMxdiZc V:  1 H: 12 F: 5
				84910F 2B          PLD                    A:0000 X:0E68 Y:0233 S:011E D:0000 DB:86 nvMxdizc V:  1 H: 20 F: 5
				849110 60          RTS                    A:0000 X:0E68 Y:0233 S:0120 D:0000 DB:86 nvMxdiZc V:  1 H: 29 F: 5

				84947C B4 05       LDY $05,X     [000E6D] A:0000 X:0E68 Y:0233 S:0122 D:0000 DB:86 nvMxdiZc V:  1 H: 39 F: 5
				84947E 84 10       STY $10       [000010] A:0000 X:0E68 Y:1423 S:0122 D:0000 DB:86 nvMxdizc V:  1 H: 47 F: 5
				849480 B4 08       LDY $08,X     [000E70] A:0000 X:0E68 Y:1423 S:0122 D:0000 DB:86 nvMxdizc V:  1 H: 54 F: 5
				849482 84 12       STY $12       [000012] A:0000 X:0E68 Y:0A99 S:0122 D:0000 DB:86 nvMxdizc V:  1 H: 63 F: 5
				849484 95 2E       STA $2E,X     [000E96] A:0000 X:0E68 Y:0A99 S:0122 D:0000 DB:86 nvMxdizc V:  1 H: 70 F: 5
				849486 86 2C       STX $2C       [00002C] A:0000 X:0E68 Y:0A99 S:0122 D:0000 DB:86 nvMxdizc V:  1 H: 76 F: 5
				849488 29 3F       AND #$3F               A:0000 X:0E68 Y:0A99 S:0122 D:0000 DB:86 nvMxdizc V:  1 H: 83 F: 5
				84948A 0A          ASL A                  A:0000 X:0E68 Y:0A99 S:0122 D:0000 DB:86 nvMxdiZc V:  1 H: 86 F: 5
				84948B EB          XBA                    A:0000 X:0E68 Y:0A99 S:0122 D:0000 DB:86 nvMxdiZc V:  1 H: 89 F: 5
				84948C A9 00       LDA #$00               A:0000 X:0E68 Y:0A99 S:0122 D:0000 DB:86 nvMxdiZc V:  1 H: 94 F: 5
				84948E EB          XBA                    A:0000 X:0E68 Y:0A99 S:0122 D:0000 DB:86 nvMxdiZc V:  1 H: 97 F: 5
				84948F AA          TAX                    A:0000 X:0E68 Y:0A99 S:0122 D:0000 DB:86 nvMxdiZc V:  1 H:101 F: 5
				849490 FC A9 94    JSR ($94A9,X) [8494A9] A:0000 X:0000 Y:0A99 S:0122 D:0000 DB:86 nvMxdiZc V:  1 H:104 F: 5

				849529 AD 1C 1F    LDA $1F1C     [861F1C] A:0000 X:0000 Y:0A99 S:0120 D:0000 DB:86 nvMxdiZc V:  1 H:117 F: 5
				84952C F0 11       BEQ $0011     [84953F] A:0000 X:0000 Y:0A99 S:0120 D:0000 DB:86 nvMxdiZc V:  1 H:124 F: 5
				84953F A9 00       LDA #$00               A:0000 X:0000 Y:0A99 S:0120 D:0000 DB:86 nvMxdiZc V:  1 H:128 F: 5
				849541 60          RTS                    A:0000 X:0000 Y:0A99 S:0120 D:0000 DB:86 nvMxdiZc V:  1 H:131 F: 5

				849493 F0 0E       BEQ $000E     [8494A3] A:0000 X:0000 Y:0A99 S:0122 D:0000 DB:86 nvMxdiZc V:  1 H:151 F: 5
				8494A3 A6 2C       LDX $2C       [00002C] A:0000 X:0000 Y:0A99 S:0122 D:0000 DB:86 nvMxdiZc V:  1 H:156 F: 5
				8494A5 20 08 93    JSR $9308     [849308] A:0000 X:0E68 Y:0A99 S:0122 D:0000 DB:86 nvMxdizc V:  1 H:163 F: 5

				849308 A5 14       LDA $14       [000014] A:0000 X:0E68 Y:0A99 S:0120 D:0000 DB:86 nvMxdizc V:  1 H:173 F: 5
				84930A F0 08       BEQ $0008     [849314] A:0000 X:0E68 Y:0A99 S:0120 D:0000 DB:86 nvMxdiZc V:  1 H:178 F: 5
				849314 60          RTS                    A:0000 X:0E68 Y:0A99 S:0120 D:0000 DB:86 nvMxdiZc V:  1 H:182 F: 5

				8494A8 60          RTS                    A:0000 X:0E68 Y:0A99 S:0122 D:0000 DB:86 nvMxdiZc V:  1 H:192 F: 5

				84923F C2 30       REP #$30               A:0000 X:0E68 Y:0A99 S:0124 D:0000 DB:86 nvMxdiZc V:  1 H:202 F: 5
				849241 60          RTS                    A:0000 X:0E68 Y:0A99 S:0124 D:0000 DB:86 nvmxdiZc V:  1 H:207 F: 5

				8491DB 2B          PLD                    A:0000 X:0E68 Y:0A99 S:0126 D:0000 DB:86 nvmxdiZc V:  1 H:217 F: 5
				8491DC 28          PLP                    A:0000 X:0E68 Y:0A99 S:0128 D:0E68 DB:86 nvmxdizc V:  1 H:225 F: 5
				8491DD 6B          RTL                    A:0000 X:0068 Y:0099 S:0129 D:0E68 DB:86 nvMXdiZc V:  1 H:232 F: 5

			83B517 A5 2B       LDA $2B       [000E93] A:0000 X:0068 Y:0099 S:012C D:0E68 DB:86 nvMXdiZc V:  1 H:242 F: 5
			83B519 D0 01       BNE $0001     [83B51C] A:0000 X:0068 Y:0099 S:012C D:0E68 DB:86 nvMXdiZc V:  1 H:249 F: 5		Branch if E-Contact <> #$00
			83B51B 60          RTS                    A:0000 X:0068 Y:0099 S:012C D:0E68 DB:86 nvMXdiZc V:  1 H:252 F: 5		Return

		83B2ED A5 27       LDA $27       [000E8F] A:0000 X:0068 Y:0099 S:012E D:0E68 DB:86 nvMXdiZc V:  1 H:262 F: 5
