80D4F6 20 30 D5    JSR $D530     [80D530] A:0E01 X:0000 Y:0046 S:0133 D:0E68 DB:86 nvMXdizC V:247 H:166 F:44

	80D530 C2 20       REP #$20               A:0E01 X:0000 Y:0046 S:0131 D:0E68 DB:86 nvMXdizC V:247 H:176 F:44
	80D532 A5 05       LDA $05       [000E6D] A:0E01 X:0000 Y:0046 S:0131 D:0E68 DB:86 nvmXdizC V:247 H:181 F:44
	80D534 85 22       STA $22       [000E8A] A:1476 X:0000 Y:0046 S:0131 D:0E68 DB:86 nvmXdizC V:247 H:189 F:44
	80D536 A5 08       LDA $08       [000E70] A:1476 X:0000 Y:0046 S:0131 D:0E68 DB:86 nvmXdizC V:247 H:198 F:44
	80D538 85 24       STA $24       [000E8C] A:0A9D X:0000 Y:0046 S:0131 D:0E68 DB:86 nvmXdizC V:247 H:206 F:44
	80D53A E2 20       SEP #$20               A:0A9D X:0000 Y:0046 S:0131 D:0E68 DB:86 nvmXdizC V:247 H:215 F:44
	80D53C A9 80       LDA #$80               A:0A9D X:0000 Y:0046 S:0131 D:0E68 DB:86 nvMXdizC V:247 H:219 F:44
	80D53E 14 0E       TRB $0E       [000E76] A:0A80 X:0000 Y:0046 S:0131 D:0E68 DB:86 NvMXdizC V:247 H:222 F:44
	80D540 A5 0A       LDA $0A       [000E72] A:0A80 X:0000 Y:0046 S:0131 D:0E68 DB:86 NvMXdizC V:247 H:232 F:44
	80D542 0A          ASL A                  A:0A14 X:0000 Y:0046 S:0131 D:0E68 DB:86 nvMXdizC V:247 H:239 F:44
	80D543 AA          TAX                    A:0A28 X:0000 Y:0046 S:0131 D:0E68 DB:86 nvMXdizc V:247 H:242 F:44
	80D544 7C DD F8    JMP ($F8DD,X) [80F905] A:0A28 X:0028 Y:0046 S:0131 D:0E68 DB:86 nvMXdizc V:247 H:245 F:44

	80FA15 22 44 B1 83 JSL $83B144   [83B144] A:0A28 X:0028 Y:0046 S:0131 D:0E68 DB:86 nvMXdizc V:247 H:254 F:44

		83B144 A6 01       LDX $01       [000E69] A:0A28 X:0028 Y:0046 S:012E D:0E68 DB:86 nvMXdizc V:247 H:267 F:44
		83B146 7C 49 B1    JMP ($B149,X) [83B14D] A:0A28 X:0004 Y:0046 S:012E D:0E68 DB:86 nvMXdizc V:247 H:274 F:44

		83B2E8 A6 02       LDX $02       [000E6A] A:0A28 X:0004 Y:0046 S:012E D:0E68 DB:86 nvMXdizc V:247 H:283 F:44
		83B2EA FC DA B3    JSR ($B3DA,X) [83B3DA] A:0A28 X:0000 Y:0046 S:012E D:0E68 DB:86 nvMXdiZc V:247 H:289 F:44

			83B3E4 A6 03       LDX $03       [000E6B] A:0A28 X:0000 Y:0046 S:012C D:0E68 DB:86 nvMXdiZc V:247 H:302 F:44
			83B3E6 7C E9 B3    JMP ($B3E9,X) [83B3F7] A:0A28 X:000E Y:0046 S:012C D:0E68 DB:86 nvMXdizc V:247 H:309 F:44

			83B5E2 22 BE 91 84 JSL $8491BE   [8491BE] A:0A28 X:000E Y:0046 S:012C D:0E68 DB:86 nvMXdizc V:247 H:318 F:44	JSL $8491BE --> Check for colissions and adjust position

				8491BE 08          PHP                    A:0A28 X:000E Y:0046 S:0129 D:0E68 DB:86 nvMXdizc V:247 H:330 F:44
				8491BF 0B          PHD                    A:0A28 X:000E Y:0046 S:0128 D:0E68 DB:86 nvMXdizc V:247 H:335 F:44
				8491C0 C2 30       REP #$30               A:0A28 X:000E Y:0046 S:0126 D:0E68 DB:86 nvMXdizc V:248 H:  2 F:44
				8491C2 A5 20       LDA $20       [000E88] A:0A28 X:000E Y:0046 S:0126 D:0E68 DB:86 nvmxdizc V:248 H:  7 F:44
				8491C4 F0 15       BEQ $0015     [8491DB] A:C94F X:000E Y:0046 S:0126 D:0E68 DB:86 Nvmxdizc V:248 H: 15 F:44
				8491C6 7B          TDC                    A:C94F X:000E Y:0046 S:0126 D:0E68 DB:86 Nvmxdizc V:248 H: 18 F:44
				8491C7 AA          TAX                    A:0E68 X:000E Y:0046 S:0126 D:0E68 DB:86 nvmxdizc V:248 H: 21 F:44
				8491C8 A9 00 00    LDA #$0000             A:0E68 X:0E68 Y:0046 S:0126 D:0E68 DB:86 nvmxdizc V:248 H: 24 F:44
				8491CB 5B          TCD                    A:0000 X:0E68 Y:0046 S:0126 D:0E68 DB:86 nvmxdiZc V:248 H: 29 F:44
				8491CC 64 14       STZ $14       [000014] A:0000 X:0E68 Y:0046 S:0126 D:0000 DB:86 nvmxdiZc V:248 H: 32 F:44
				8491CE B5 2B       LDA $2B,X     [000E93] A:0000 X:0E68 Y:0046 S:0126 D:0000 DB:86 nvmxdiZc V:248 H: 39 F:44
				8491D0 29 00 FF    AND #$FF00             A:0000 X:0E68 Y:0046 S:0126 D:0000 DB:86 nvmxdiZc V:248 H: 47 F:44
				8491D3 95 2B       STA $2B,X     [000E93] A:0000 X:0E68 Y:0046 S:0126 D:0000 DB:86 nvmxdiZc V:248 H: 52 F:44
				8491D5 20 AC 92    JSR $92AC     [8492AC] A:0000 X:0E68 Y:0046 S:0126 D:0000 DB:86 nvmxdiZc V:248 H: 60 F:44

				8492AC C2 30       REP #$30               A:0000 X:0E68 Y:0046 S:0124 D:0000 DB:86 nvmxdiZc V:248 H: 70 F:44
				8492AE B5 05       LDA $05,X     [000E6D] A:0000 X:0E68 Y:0046 S:0124 D:0000 DB:86 nvmxdiZc V:248 H: 75 F:44
				8492B0 38          SEC                    A:1476 X:0E68 Y:0046 S:0124 D:0000 DB:86 nvmxdizc V:248 H: 83 F:44
				8492B1 F5 22       SBC $22,X     [000E8A] A:1476 X:0E68 Y:0046 S:0124 D:0000 DB:86 nvmxdizC V:248 H: 86 F:44
				8492B3 85 00       STA $00       [000000] A:0000 X:0E68 Y:0046 S:0124 D:0000 DB:86 nvmxdiZC V:248 H: 95 F:44
				8492B5 E2 20       SEP #$20               A:0000 X:0E68 Y:0046 S:0124 D:0000 DB:86 nvmxdiZC V:248 H:102 F:44
				8492B7 F0 4C       BEQ $004C     [849305] A:0000 X:0E68 Y:0046 S:0124 D:0000 DB:86 nvMxdiZC V:248 H:106 F:44
				849305 C2 30       REP #$30               A:0000 X:0E68 Y:0046 S:0124 D:0000 DB:86 nvMxdiZC V:248 H:111 F:44
				849307 60          RTS                    A:0000 X:0E68 Y:0046 S:0124 D:0000 DB:86 nvmxdiZC V:248 H:115 F:44

				8491D8 20 ED 91    JSR $91ED     [8491ED] A:0000 X:0E68 Y:0046 S:0126 D:0000 DB:86 nvmxdiZC V:248 H:125 F:44

				8491ED B5 08       LDA $08,X     [000E70] A:0000 X:0E68 Y:0046 S:0124 D:0000 DB:86 nvmxdiZC V:248 H:145 F:44
				8491EF D5 24       CMP $24,X     [000E8C] A:0A9D X:0E68 Y:0046 S:0124 D:0000 DB:86 nvmxdizC V:248 H:154 F:44
				8491F1 F0 F2       BEQ $00F2     [8491E5] A:0A9D X:0E68 Y:0046 S:0124 D:0000 DB:86 nvmxdiZC V:248 H:162 F:44
				8491E5 B5 1C       LDA $1C,X     [000E84] A:0A9D X:0E68 Y:0046 S:0124 D:0000 DB:86 nvmxdiZC V:248 H:167 F:44
				8491E7 F0 F5       BEQ $00F5     [8491DE] A:FB86 X:0E68 Y:0046 S:0124 D:0000 DB:86 NvmxdizC V:248 H:175 F:44
				8491E9 10 0A       BPL $000A     [8491F5] A:FB86 X:0E68 Y:0046 S:0124 D:0000 DB:86 NvmxdizC V:248 H:178 F:44
				8491EB 80 55       BRA $0055     [849242] A:FB86 X:0E68 Y:0046 S:0124 D:0000 DB:86 NvmxdizC V:248 H:181 F:44
				849242 E2 20       SEP #$20               A:FB86 X:0E68 Y:0046 S:0124 D:0000 DB:86 NvmxdizC V:248 H:186 F:44
				849244 A0 04 00    LDY #$0004             A:FB86 X:0E68 Y:0046 S:0124 D:0000 DB:86 NvMxdizC V:248 H:190 F:44
				849247 AD 1C 1F    LDA $1F1C     [861F1C] A:FB86 X:0E68 Y:0004 S:0124 D:0000 DB:86 nvMxdizC V:248 H:195 F:44
				84924A F0 03       BEQ $0003     [84924F] A:FB00 X:0E68 Y:0004 S:0124 D:0000 DB:86 nvMxdiZC V:248 H:201 F:44
				84924F B5 2F       LDA $2F,X     [000E97] A:FB00 X:0E68 Y:0004 S:0124 D:0000 DB:86 nvMxdiZC V:248 H:206 F:44
				849251 F0 03       BEQ $0003     [849256] A:FB00 X:0E68 Y:0004 S:0124 D:0000 DB:86 nvMxdiZC V:248 H:212 F:44
				849256 98          TYA                    A:FB00 X:0E68 Y:0004 S:0124 D:0000 DB:86 nvMxdiZC V:248 H:217 F:44
				849257 09 80       ORA #$80               A:FB04 X:0E68 Y:0004 S:0124 D:0000 DB:86 nvMxdizC V:248 H:220 F:44
				849259 85 08       STA $08       [000008] A:FB84 X:0E68 Y:0004 S:0124 D:0000 DB:86 NvMxdizC V:248 H:223 F:44
				84925B B4 20       LDY $20,X     [000E88] A:FB84 X:0E68 Y:0004 S:0124 D:0000 DB:86 NvMxdizC V:248 H:228 F:44
				84925D B9 06 00    LDA $0006,Y   [86C955] A:FB84 X:0E68 Y:C94F S:0124 D:0000 DB:86 NvMxdizC V:248 H:236 F:44
				849260 18          CLC                    A:FBFF X:0E68 Y:C94F S:0124 D:0000 DB:86 NvMxdizC V:248 H:244 F:44
				849261 79 08 00    ADC $0008,Y   [86C957] A:FBFF X:0E68 Y:C94F S:0124 D:0000 DB:86 NvMxdizc V:248 H:247 F:44
				849264 95 2A       STA $2A,X     [000E92] A:FB12 X:0E68 Y:C94F S:0124 D:0000 DB:86 nvMxdizC V:248 H:254 F:44
				849266 B9 05 00    LDA $0005,Y   [86C954] A:FB12 X:0E68 Y:C94F S:0124 D:0000 DB:86 nvMxdizC V:248 H:261 F:44
				849269 34 11       BIT $11,X     [000E79] A:FB00 X:0E68 Y:C94F S:0124 D:0000 DB:86 nvMxdiZC V:248 H:268 F:44
				84926B 50 03       BVC $0003     [849270] A:FB00 X:0E68 Y:C94F S:0124 D:0000 DB:86 nvMxdiZC V:248 H:275 F:44
				849270 95 29       STA $29,X     [000E91] A:FB00 X:0E68 Y:C94F S:0124 D:0000 DB:86 nvMxdiZC V:248 H:279 F:44
				849272 20 C4 95    JSR $95C4     [8495C4] A:FB00 X:0E68 Y:C94F S:0124 D:0000 DB:86 nvMxdiZC V:248 H:286 F:44

				8495C4 B5 2A       LDA $2A,X     [000E92] A:FB00 X:0E68 Y:C94F S:0122 D:0000 DB:86 nvMxdiZC V:248 H:296 F:44
				8495C6 48          PHA                    A:FB12 X:0E68 Y:C94F S:0122 D:0000 DB:86 nvMxdizC V:248 H:302 F:44
				8495C7 A5 08       LDA $08       [000008] A:FB12 X:0E68 Y:C94F S:0121 D:0000 DB:86 nvMxdizC V:248 H:307 F:44
				8495C9 29 7F       AND #$7F               A:FB84 X:0E68 Y:C94F S:0121 D:0000 DB:86 NvMxdizC V:248 H:312 F:44
				8495CB 18          CLC                    A:FB04 X:0E68 Y:C94F S:0121 D:0000 DB:86 nvMxdizC V:248 H:315 F:44
				8495CC 75 2A       ADC $2A,X     [000E92] A:FB04 X:0E68 Y:C94F S:0121 D:0000 DB:86 nvMxdizc V:248 H:318 F:44
				8495CE 95 2A       STA $2A,X     [000E92] A:FB16 X:0E68 Y:C94F S:0121 D:0000 DB:86 nvMxdizc V:248 H:324 F:44
				8495D0 20 B3 90    JSR $90B3     [8490B3] A:FB16 X:0E68 Y:C94F S:0121 D:0000 DB:86 nvMxdizc V:248 H:330 F:44

				8490B3 0B          PHD                    A:FB16 X:0E68 Y:C94F S:011F D:0000 DB:86 nvMxdizc V:249 H:  0 F:44
				8490B4 DA          PHX                    A:FB16 X:0E68 Y:C94F S:011D D:0000 DB:86 nvMxdizc V:249 H:  7 F:44
				8490B5 08          PHP                    A:FB16 X:0E68 Y:C94F S:011B D:0000 DB:86 nvMxdizc V:249 H: 14 F:44
				8490B6 E2 20       SEP #$20               A:FB16 X:0E68 Y:C94F S:011A D:0000 DB:86 nvMxdizc V:249 H: 19 F:44
				8490B8 C2 10       REP #$10               A:FB16 X:0E68 Y:C94F S:011A D:0000 DB:86 nvMxdizc V:249 H: 24 F:44
				8490BA 64 01       STZ $01       [000001] A:FB16 X:0E68 Y:C94F S:011A D:0000 DB:86 nvMxdizc V:249 H: 28 F:44
				8490BC B5 29       LDA $29,X     [000E91] A:FB16 X:0E68 Y:C94F S:011A D:0000 DB:86 nvMxdizc V:249 H: 33 F:44
				8490BE 10 02       BPL $0002     [8490C2] A:FB00 X:0E68 Y:C94F S:011A D:0000 DB:86 nvMxdiZc V:249 H: 40 F:44
				8490C2 18          CLC                    A:FB00 X:0E68 Y:C94F S:011A D:0000 DB:86 nvMxdiZc V:249 H: 44 F:44
				8490C3 75 05       ADC $05,X     [000E6D] A:FB00 X:0E68 Y:C94F S:011A D:0000 DB:86 nvMxdiZc V:249 H: 47 F:44
				8490C5 85 00       STA $00       [000000] A:FB76 X:0E68 Y:C94F S:011A D:0000 DB:86 nvMxdizc V:249 H: 54 F:44
				8490C7 B5 06       LDA $06,X     [000E6E] A:FB76 X:0E68 Y:C94F S:011A D:0000 DB:86 nvMxdizc V:249 H: 59 F:44
				8490C9 65 01       ADC $01       [000001] A:FB14 X:0E68 Y:C94F S:011A D:0000 DB:86 nvMxdizc V:249 H: 65 F:44
				8490CB 85 01       STA $01       [000001] A:FB14 X:0E68 Y:C94F S:011A D:0000 DB:86 nvMxdizc V:249 H: 70 F:44
				8490CD 64 03       STZ $03       [000003] A:FB14 X:0E68 Y:C94F S:011A D:0000 DB:86 nvMxdizc V:249 H: 75 F:44
				8490CF B5 2A       LDA $2A,X     [000E92] A:FB14 X:0E68 Y:C94F S:011A D:0000 DB:86 nvMxdizc V:249 H: 80 F:44
				8490D1 10 02       BPL $0002     [8490D5] A:FB16 X:0E68 Y:C94F S:011A D:0000 DB:86 nvMxdizc V:249 H: 87 F:44
				8490D5 18          CLC                    A:FB16 X:0E68 Y:C94F S:011A D:0000 DB:86 nvMxdizc V:249 H: 91 F:44
				8490D6 75 08       ADC $08,X     [000E70] A:FB16 X:0E68 Y:C94F S:011A D:0000 DB:86 nvMxdizc V:249 H: 94 F:44
				8490D8 85 02       STA $02       [000002] A:FBB3 X:0E68 Y:C94F S:011A D:0000 DB:86 NvMxdizc V:249 H:101 F:44
				8490DA 29 F0       AND #$F0               A:FBB3 X:0E68 Y:C94F S:011A D:0000 DB:86 NvMxdizc V:249 H:106 F:44
				8490DC 85 0A       STA $0A       [00000A] A:FBB0 X:0E68 Y:C94F S:011A D:0000 DB:86 NvMxdizc V:249 H:109 F:44
				8490DE B5 09       LDA $09,X     [000E71] A:FBB0 X:0E68 Y:C94F S:011A D:0000 DB:86 NvMxdizc V:249 H:114 F:44
				8490E0 65 03       ADC $03       [000003] A:FB0A X:0E68 Y:C94F S:011A D:0000 DB:86 nvMxdizc V:249 H:120 F:44
				8490E2 85 03       STA $03       [000003] A:FB0A X:0E68 Y:C94F S:011A D:0000 DB:86 nvMxdizc V:249 H:125 F:44
				8490E4 85 0B       STA $0B       [00000B] A:FB0A X:0E68 Y:C94F S:011A D:0000 DB:86 nvMxdizc V:249 H:130 F:44
				8490E6 A5 00       LDA $00       [000000] A:FB0A X:0E68 Y:C94F S:011A D:0000 DB:86 nvMxdizc V:249 H:145 F:44
				8490E8 29 0F       AND #$0F               A:FB76 X:0E68 Y:C94F S:011A D:0000 DB:86 nvMxdizc V:249 H:150 F:44
				8490EA 1A          INC                    A:FB06 X:0E68 Y:C94F S:011A D:0000 DB:86 nvMxdizc V:249 H:153 F:44
				8490EB 85 0C       STA $0C       [00000C] A:FB07 X:0E68 Y:C94F S:011A D:0000 DB:86 nvMxdizc V:249 H:156 F:44
				8490ED A5 02       LDA $02       [000002] A:FB07 X:0E68 Y:C94F S:011A D:0000 DB:86 nvMxdizc V:249 H:161 F:44
				8490EF 29 0F       AND #$0F               A:FBB3 X:0E68 Y:C94F S:011A D:0000 DB:86 NvMxdizc V:249 H:166 F:44
				8490F1 1A          INC                    A:FB03 X:0E68 Y:C94F S:011A D:0000 DB:86 nvMxdizc V:249 H:169 F:44
				8490F2 85 0E       STA $0E       [00000E] A:FB04 X:0E68 Y:C94F S:011A D:0000 DB:86 nvMxdizc V:249 H:172 F:44
				8490F4 C2 20       REP #$20               A:FB04 X:0E68 Y:C94F S:011A D:0000 DB:86 nvMxdizc V:249 H:177 F:44
				8490F6 20 6A 91    JSR $916A     [84916A] A:FB04 X:0E68 Y:C94F S:011A D:0000 DB:86 nvmxdizc V:249 H:182 F:44

				84916A A9 00 E8    LDA #$E800             A:FB04 X:0E68 Y:C94F S:0118 D:0000 DB:86 nvmxdizc V:249 H:192 F:44
				84916D 85 10       STA $10       [000010] A:E800 X:0E68 Y:C94F S:0118 D:0000 DB:86 Nvmxdizc V:249 H:196 F:44
				84916F A9 7E 00    LDA #$007E             A:E800 X:0E68 Y:C94F S:0118 D:0000 DB:86 Nvmxdizc V:249 H:203 F:44
				849172 85 12       STA $12       [000012] A:007E X:0E68 Y:C94F S:0118 D:0000 DB:86 nvmxdizc V:249 H:208 F:44
				849174 A5 02       LDA $02       [000002] A:007E X:0E68 Y:C94F S:0118 D:0000 DB:86 nvmxdizc V:249 H:215 F:44
				849176 29 F0 00    AND #$00F0             A:0AB3 X:0E68 Y:C94F S:0118 D:0000 DB:86 nvmxdizc V:249 H:222 F:44
				849179 0A          ASL A                  A:00B0 X:0E68 Y:C94F S:0118 D:0000 DB:86 nvmxdizc V:249 H:226 F:44
				84917A 85 04       STA $04       [000004] A:0160 X:0E68 Y:C94F S:0118 D:0000 DB:86 nvmxdizc V:249 H:229 F:44
				84917C A5 00       LDA $00       [000000] A:0160 X:0E68 Y:C94F S:0118 D:0000 DB:86 nvmxdizc V:249 H:236 F:44
				84917E 29 FF 00    AND #$00FF             A:1476 X:0E68 Y:C94F S:0118 D:0000 DB:86 nvmxdizc V:249 H:243 F:44
				849181 4A          LSR A                  A:0076 X:0E68 Y:C94F S:0118 D:0000 DB:86 nvmxdizc V:249 H:248 F:44
				849182 4A          LSR A                  A:003B X:0E68 Y:C94F S:0118 D:0000 DB:86 nvmxdizc V:249 H:251 F:44
				849183 4A          LSR A                  A:001D X:0E68 Y:C94F S:0118 D:0000 DB:86 nvmxdizC V:249 H:254 F:44
				849184 29 FE FF    AND #$FFFE             A:000E X:0E68 Y:C94F S:0118 D:0000 DB:86 nvmxdizC V:249 H:257 F:44
				849187 18          CLC                    A:000E X:0E68 Y:C94F S:0118 D:0000 DB:86 nvmxdizC V:249 H:261 F:44
				849188 65 04       ADC $04       [000004] A:000E X:0E68 Y:C94F S:0118 D:0000 DB:86 nvmxdizc V:249 H:264 F:44
				84918A 85 06       STA $06       [000006] A:016E X:0E68 Y:C94F S:0118 D:0000 DB:86 nvmxdizc V:249 H:271 F:44
				84918C A5 00       LDA $00       [000000] A:016E X:0E68 Y:C94F S:0118 D:0000 DB:86 nvmxdizc V:249 H:278 F:44
				84918E EB          XBA                    A:1476 X:0E68 Y:C94F S:0118 D:0000 DB:86 nvmxdizc V:249 H:285 F:44
				84918F 29 1F 00    AND #$001F             A:7614 X:0E68 Y:C94F S:0118 D:0000 DB:86 nvmxdizc V:249 H:290 F:44
				849192 85 04       STA $04       [000004] A:0014 X:0E68 Y:C94F S:0118 D:0000 DB:86 nvmxdizc V:249 H:294 F:44
				849194 A5 02       LDA $02       [000002] A:0014 X:0E68 Y:C94F S:0118 D:0000 DB:86 nvmxdizc V:249 H:301 F:44
				849196 29 00 1F    AND #$1F00             A:0AB3 X:0E68 Y:C94F S:0118 D:0000 DB:86 nvmxdizc V:249 H:308 F:44
				849199 4A          LSR A                  A:0A00 X:0E68 Y:C94F S:0118 D:0000 DB:86 nvmxdizc V:249 H:313 F:44
				84919A 4A          LSR A                  A:0500 X:0E68 Y:C94F S:0118 D:0000 DB:86 nvmxdizc V:249 H:316 F:44
				84919B 4A          LSR A                  A:0280 X:0E68 Y:C94F S:0118 D:0000 DB:86 nvmxdizc V:249 H:319 F:44
				84919C 18          CLC                    A:0140 X:0E68 Y:C94F S:0118 D:0000 DB:86 nvmxdizc V:249 H:322 F:44
				84919D 65 04       ADC $04       [000004] A:0140 X:0E68 Y:C94F S:0118 D:0000 DB:86 nvmxdizc V:249 H:324 F:44
				84919F A8          TAY                    A:0154 X:0E68 Y:C94F S:0118 D:0000 DB:86 nvmxdizc V:249 H:331 F:44
				8491A0 B7 10       LDA [$10],Y   [7EE954] A:0154 X:0E68 Y:0154 S:0118 D:0000 DB:86 nvmxdizc V:249 H:334 F:44
				8491A2 29 FF 00    AND #$00FF             A:0038 X:0E68 Y:0154 S:0118 D:0000 DB:86 nvmxdizc V:250 H:  7 F:44
				8491A5 A8          TAY                    A:0038 X:0E68 Y:0154 S:0118 D:0000 DB:86 nvmxdizc V:250 H: 11 F:44
				8491A6 EB          XBA                    A:0038 X:0E68 Y:0038 S:0118 D:0000 DB:86 nvmxdizc V:250 H: 14 F:44
				8491A7 0A          ASL A                  A:3800 X:0E68 Y:0038 S:0118 D:0000 DB:86 nvmxdiZc V:250 H: 19 F:44
				8491A8 18          CLC                    A:7000 X:0E68 Y:0038 S:0118 D:0000 DB:86 nvmxdizc V:250 H: 22 F:44
				8491A9 65 06       ADC $06       [000006] A:7000 X:0E68 Y:0038 S:0118 D:0000 DB:86 nvmxdizc V:250 H: 25 F:44
				8491AB AA          TAX                    A:716E X:0E68 Y:0038 S:0118 D:0000 DB:86 nvmxdizc V:250 H: 32 F:44
				8491AC 60          RTS                    A:716E X:716E Y:0038 S:0118 D:0000 DB:86 nvmxdizc V:250 H: 35 F:44

				8490F9 BF 00 20 7E LDA $7E2000,X [7E916E] A:716E X:716E Y:0038 S:011A D:0000 DB:86 nvmxdizc V:250 H: 45 F:44
				8490FD A8          TAY                    A:0133 X:716E Y:0038 S:011A D:0000 DB:86 nvmxdizc V:250 H: 55 F:44
				8490FE AD 92 0B    LDA $0B92     [860B92] A:0133 X:716E Y:0133 S:011A D:0000 DB:86 nvmxdizc V:250 H: 58 F:44
				849101 85 10       STA $10       [000010] A:DB57 X:716E Y:0133 S:011A D:0000 DB:86 Nvmxdizc V:250 H: 66 F:44
				849103 AD 94 0B    LDA $0B94     [860B94] A:DB57 X:716E Y:0133 S:011A D:0000 DB:86 Nvmxdizc V:250 H: 73 F:44
				849106 85 12       STA $12       [000012] A:B895 X:716E Y:0133 S:011A D:0000 DB:86 Nvmxdizc V:250 H: 82 F:44
				849108 B7 10       LDA [$10],Y   [95DC8A] A:B895 X:716E Y:0133 S:011A D:0000 DB:86 Nvmxdizc V:250 H: 89 F:44
				84910A 29 FF 00    AND #$00FF             A:3B3B X:716E Y:0133 S:011A D:0000 DB:86 nvmxdizc V:250 H:101 F:44
				84910D 28          PLP                    A:003B X:716E Y:0133 S:011A D:0000 DB:86 nvmxdizc V:250 H:105 F:44
				84910E FA          PLX                    A:003B X:716E Y:0133 S:011B D:0000 DB:86 nvMxdizc V:250 H:112 F:44
				84910F 2B          PLD                    A:003B X:0E68 Y:0133 S:011D D:0000 DB:86 nvMxdizc V:250 H:120 F:44
				849110 60          RTS                    A:003B X:0E68 Y:0133 S:011F D:0000 DB:86 nvMxdiZc V:250 H:129 F:44

				8495D3 95 2E       STA $2E,X     [000E96] A:003B X:0E68 Y:0133 S:0121 D:0000 DB:86 nvMxdiZc V:250 H:149 F:44
				8495D5 85 18       STA $18       [000018] A:003B X:0E68 Y:0133 S:0121 D:0000 DB:86 nvMxdiZc V:250 H:155 F:44
				8495D7 29 3F       AND #$3F               A:003B X:0E68 Y:0133 S:0121 D:0000 DB:86 nvMxdiZc V:250 H:160 F:44
				8495D9 0A          ASL A                  A:003B X:0E68 Y:0133 S:0121 D:0000 DB:86 nvMxdizc V:250 H:163 F:44
				8495DA EB          XBA                    A:0076 X:0E68 Y:0133 S:0121 D:0000 DB:86 nvMxdizc V:250 H:166 F:44
				8495DB A9 00       LDA #$00               A:7600 X:0E68 Y:0133 S:0121 D:0000 DB:86 nvMxdiZc V:250 H:171 F:44
				8495DD EB          XBA                    A:7600 X:0E68 Y:0133 S:0121 D:0000 DB:86 nvMxdiZc V:250 H:174 F:44
				8495DE A8          TAY                    A:0076 X:0E68 Y:0133 S:0121 D:0000 DB:86 nvMxdizc V:250 H:178 F:44
				8495DF 84 28       STY $28       [000028] A:0076 X:0E68 Y:0076 S:0121 D:0000 DB:86 nvMxdizc V:250 H:181 F:44
				8495E1 86 2C       STX $2C       [00002C] A:0076 X:0E68 Y:0076 S:0121 D:0000 DB:86 nvMxdizc V:250 H:188 F:44
				8495E3 68          PLA                    A:0076 X:0E68 Y:0076 S:0121 D:0000 DB:86 nvMxdizc V:250 H:195 F:44
				8495E4 95 2A       STA $2A,X     [000E92] A:0012 X:0E68 Y:0076 S:0122 D:0000 DB:86 nvMxdizc V:250 H:202 F:44
				8495E6 A6 2C       LDX $2C       [00002C] A:0012 X:0E68 Y:0076 S:0122 D:0000 DB:86 nvMxdizc V:250 H:208 F:44
				8495E8 A9 FB       LDA #$FB               A:0012 X:0E68 Y:0076 S:0122 D:0000 DB:86 nvMxdizc V:250 H:215 F:44
				8495EA 35 2B       AND $2B,X     [000E93] A:00FB X:0E68 Y:0076 S:0122 D:0000 DB:86 NvMxdizc V:250 H:218 F:44
				8495EC 95 2B       STA $2B,X     [000E93] A:0000 X:0E68 Y:0076 S:0122 D:0000 DB:86 nvMxdiZc V:250 H:225 F:44
				8495EE 64 01       STZ $01       [000001] A:0000 X:0E68 Y:0076 S:0122 D:0000 DB:86 nvMxdiZc V:250 H:231 F:44
				8495F0 B5 2A       LDA $2A,X     [000E92] A:0000 X:0E68 Y:0076 S:0122 D:0000 DB:86 nvMxdiZc V:250 H:236 F:44
				8495F2 85 02       STA $02       [000002] A:0012 X:0E68 Y:0076 S:0122 D:0000 DB:86 nvMxdizc V:250 H:243 F:44
				8495F4 64 03       STZ $03       [000003] A:0012 X:0E68 Y:0076 S:0122 D:0000 DB:86 nvMxdizc V:250 H:248 F:44
				8495F6 B4 05       LDY $05,X     [000E6D] A:0012 X:0E68 Y:0076 S:0122 D:0000 DB:86 nvMxdizc V:250 H:253 F:44
				8495F8 84 10       STY $10       [000010] A:0012 X:0E68 Y:1476 S:0122 D:0000 DB:86 nvMxdizc V:250 H:261 F:44
				8495FA B4 08       LDY $08,X     [000E70] A:0012 X:0E68 Y:1476 S:0122 D:0000 DB:86 nvMxdizc V:250 H:268 F:44
				8495FC 84 12       STY $12       [000012] A:0012 X:0E68 Y:0A9D S:0122 D:0000 DB:86 nvMxdizc V:250 H:277 F:44
				8495FE A6 28       LDX $28       [000028] A:0012 X:0E68 Y:0A9D S:0122 D:0000 DB:86 nvMxdizc V:250 H:284 F:44
				849600 FC 1C 96    JSR ($961C,X) [849692] A:0012 X:0076 Y:0A9D S:0122 D:0000 DB:86 nvMxdizc V:250 H:291 F:44

				8496B5 A6 2C       LDX $2C       [00002C] A:0012 X:0076 Y:0A9D S:0120 D:0000 DB:86 nvMxdizc V:250 H:304 F:44
				8496B7 A5 0E       LDA $0E       [00000E] A:0012 X:0E68 Y:0A9D S:0120 D:0000 DB:86 nvMxdizc V:250 H:311 F:44
				8496B9 85 00       STA $00       [000000] A:0004 X:0E68 Y:0A9D S:0120 D:0000 DB:86 nvMxdizc V:250 H:316 F:44
				8496BB 64 01       STZ $01       [000001] A:0004 X:0E68 Y:0A9D S:0120 D:0000 DB:86 nvMxdizc V:250 H:321 F:44
				8496BD C2 20       REP #$20               A:0004 X:0E68 Y:0A9D S:0120 D:0000 DB:86 nvMxdizc V:250 H:325 F:44
				8496BF A5 08       LDA $08       [000008] A:0004 X:0E68 Y:0A9D S:0120 D:0000 DB:86 nvmxdizc V:250 H:329 F:44
				8496C1 29 7F 00    AND #$007F             A:FF84 X:0E68 Y:0A9D S:0120 D:0000 DB:86 Nvmxdizc V:250 H:336 F:44
				8496C4 18          CLC                    A:0004 X:0E68 Y:0A9D S:0120 D:0000 DB:86 nvmxdizc V:251 H:  1 F:44
				8496C5 75 08       ADC $08,X     [000E70] A:0004 X:0E68 Y:0A9D S:0120 D:0000 DB:86 nvmxdizc V:251 H:  4 F:44
				8496C7 38          SEC                    A:0AA1 X:0E68 Y:0A9D S:0120 D:0000 DB:86 nvmxdizc V:251 H: 12 F:44
				8496C8 E5 00       SBC $00       [000000] A:0AA1 X:0E68 Y:0A9D S:0120 D:0000 DB:86 nvmxdizC V:251 H: 15 F:44
				8496CA 95 08       STA $08,X     [000E70] A:0A9D X:0E68 Y:0A9D S:0120 D:0000 DB:86 nvmxdizC V:251 H: 22 F:44
				8496CC E2 20       SEP #$20               A:0A9D X:0E68 Y:0A9D S:0120 D:0000 DB:86 nvmxdizC V:251 H: 31 F:44
				8496CE 74 2F       STZ $2F,X     [000E97] A:0A9D X:0E68 Y:0A9D S:0120 D:0000 DB:86 nvMxdizC V:251 H: 35 F:44
				8496D0 A9 01       LDA #$01               A:0A9D X:0E68 Y:0A9D S:0120 D:0000 DB:86 nvMxdizC V:251 H: 42 F:44
				8496D2 60          RTS                    A:0A01 X:0E68 Y:0A9D S:0120 D:0000 DB:86 nvMxdizC V:251 H: 45 F:44

				849603 F0 11       BEQ $0011     [849616] A:0A01 X:0E68 Y:0A9D S:0122 D:0000 DB:86 nvMxdizC V:251 H: 55 F:44
				849605 A6 2C       LDX $2C       [00002C] A:0A01 X:0E68 Y:0A9D S:0122 D:0000 DB:86 nvMxdizC V:251 H: 58 F:44
				849607 A9 04       LDA #$04               A:0A01 X:0E68 Y:0A9D S:0122 D:0000 DB:86 nvMxdizC V:251 H: 65 F:44
				849609 15 2B       ORA $2B,X     [000E93] A:0A04 X:0E68 Y:0A9D S:0122 D:0000 DB:86 nvMxdizC V:251 H: 68 F:44
				84960B 95 2B       STA $2B,X     [000E93] A:0A04 X:0E68 Y:0A9D S:0122 D:0000 DB:86 nvMxdizC V:251 H: 74 F:44
				84960D 20 4C 99    JSR $994C     [84994C] A:0A04 X:0E68 Y:0A9D S:0122 D:0000 DB:86 nvMxdizC V:251 H: 81 F:44

				84994C AD 1C 1F    LDA $1F1C     [861F1C] A:0A04 X:0E68 Y:0A9D S:0120 D:0000 DB:86 nvMxdizC V:251 H: 91 F:44
				84994F 10 06       BPL $0006     [849957] A:0A00 X:0E68 Y:0A9D S:0120 D:0000 DB:86 nvMxdiZC V:251 H: 97 F:44
				849957 60          RTS                    A:0A00 X:0E68 Y:0A9D S:0120 D:0000 DB:86 nvMxdiZC V:251 H:102 F:44

				849610 20 08 93    JSR $9308     [849308] A:0A00 X:0E68 Y:0A9D S:0122 D:0000 DB:86 nvMxdiZC V:251 H:112 F:44

				849308 A5 14       LDA $14       [000014] A:0A00 X:0E68 Y:0A9D S:0120 D:0000 DB:86 nvMxdiZC V:251 H:122 F:44
				84930A F0 08       BEQ $0008     [849314] A:0A00 X:0E68 Y:0A9D S:0120 D:0000 DB:86 nvMxdiZC V:251 H:127 F:44
				849314 60          RTS                    A:0A00 X:0E68 Y:0A9D S:0120 D:0000 DB:86 nvMxdiZC V:251 H:131 F:44

				849613 A9 01       LDA #$01               A:0A00 X:0E68 Y:0A9D S:0122 D:0000 DB:86 nvMxdiZC V:251 H:151 F:44
				849615 60          RTS                    A:0A01 X:0E68 Y:0A9D S:0122 D:0000 DB:86 nvMxdizC V:251 H:154 F:44

				849275 D0 32       BNE $0032     [8492A9] A:0A01 X:0E68 Y:0A9D S:0124 D:0000 DB:86 nvMxdizC V:251 H:164 F:44
				8492A9 C2 30       REP #$30               A:0A01 X:0E68 Y:0A9D S:0124 D:0000 DB:86 nvMxdizC V:251 H:169 F:44
				8492AB 60          RTS                    A:0A01 X:0E68 Y:0A9D S:0124 D:0000 DB:86 nvmxdizC V:251 H:173 F:44

				8491DB 2B          PLD                    A:0A01 X:0E68 Y:0A9D S:0126 D:0000 DB:86 nvmxdizC V:251 H:183 F:44
				8491DC 28          PLP                    A:0A01 X:0E68 Y:0A9D S:0128 D:0E68 DB:86 nvmxdizC V:251 H:192 F:44
				8491DD 6B          RTL                    A:0A01 X:0068 Y:009D S:0129 D:0E68 DB:86 nvMXdizc V:251 H:198 F:44

			83B5E6 22 EA 8E 84 JSL $848EEA   [848EEA] A:0A01 X:0068 Y:009D S:012C D:0E68 DB:86 nvMXdizc V:251 H:209 F:44	JSL $848EEA --> Decrease CDSkel, Continue Skeleton

				848EEA 08          PHP                    A:0A01 X:0068 Y:009D S:0129 D:0E68 DB:86 nvMXdizc V:251 H:222 F:44
				848EEB 8B          PHB                    A:0A01 X:0068 Y:009D S:0128 D:0E68 DB:86 nvMXdizc V:251 H:227 F:44
				848EEC E2 30       SEP #$30               A:0A01 X:0068 Y:009D S:0127 D:0E68 DB:86 nvMXdizc V:251 H:232 F:44
				848EEE C6 13       DEC $13       [000E7B] A:0A01 X:0068 Y:009D S:0127 D:0E68 DB:86 nvMXdizc V:251 H:237 F:44
				848EF0 D0 5D       BNE $005D     [848F4F] A:0A01 X:0068 Y:009D S:0127 D:0E68 DB:86 nvMXdiZc V:251 H:247 F:44
				848EF2 A9 AF       LDA #$AF               A:0A01 X:0068 Y:009D S:0127 D:0E68 DB:86 nvMXdiZc V:251 H:250 F:44
				848EF4 48          PHA                    A:0AAF X:0068 Y:009D S:0127 D:0E68 DB:86 NvMXdizc V:251 H:253 F:44
				848EF5 AB          PLB                    A:0AAF X:0068 Y:009D S:0126 D:0E68 DB:86 NvMXdizc V:251 H:258 F:44
				848EF6 C2 21       REP #$21               A:0AAF X:0068 Y:009D S:0127 D:0E68 DB:AF NvMXdizc V:251 H:264 F:44
				848EF8 A5 14       LDA $14       [000E7C] A:0AAF X:0068 Y:009D S:0127 D:0E68 DB:AF NvmXdizc V:251 H:269 F:44
				848EFA 69 03 00    ADC #$0003             A:CD71 X:0068 Y:009D S:0127 D:0E68 DB:AF NvmXdizc V:251 H:277 F:44
				848EFD A4 0F       LDY $0F       [000E77] A:CD74 X:0068 Y:009D S:0127 D:0E68 DB:AF NvmXdizc V:251 H:282 F:44
				848EFF 10 37       BPL $0037     [848F38] A:CD74 X:0068 Y:0000 S:0127 D:0E68 DB:AF nvmXdiZc V:251 H:288 F:44
				848F38 85 14       STA $14       [000E7C] A:CD74 X:0068 Y:0000 S:0127 D:0E68 DB:AF nvmXdiZc V:251 H:293 F:44
				848F3A E2 30       SEP #$30               A:CD74 X:0068 Y:0000 S:0127 D:0E68 DB:AF nvmXdiZc V:251 H:301 F:44
				848F3C B2 14       LDA ($14)     [AFCD74] A:CD74 X:0068 Y:0000 S:0127 D:0E68 DB:AF nvMXdiZc V:251 H:306 F:44
				848F3E 85 13       STA $13       [000E7B] A:CD04 X:0068 Y:0000 S:0127 D:0E68 DB:AF nvMXdizc V:251 H:316 F:44
				848F40 A0 01       LDY #$01               A:CD04 X:0068 Y:0000 S:0127 D:0E68 DB:AF nvMXdizc V:251 H:322 F:44
				848F42 B1 14       LDA ($14),Y   [AFCD75] A:CD04 X:0068 Y:0001 S:0127 D:0E68 DB:AF nvMXdizc V:251 H:325 F:44
				848F44 85 0F       STA $0F       [000E77] A:CD00 X:0068 Y:0001 S:0127 D:0E68 DB:AF nvMXdiZc V:251 H:334 F:44
				848F46 C8          INY                    A:CD00 X:0068 Y:0001 S:0127 D:0E68 DB:AF nvMXdiZc V:252 H:  1 F:44
				848F47 B1 14       LDA ($14),Y   [AFCD76] A:CD00 X:0068 Y:0002 S:0127 D:0E68 DB:AF nvMXdizc V:252 H:  4 F:44
				848F49 85 17       STA $17       [000E7F] A:CD0B X:0068 Y:0002 S:0127 D:0E68 DB:AF nvMXdizc V:252 H: 14 F:44
				848F4B A9 80       LDA #$80               A:CD0B X:0068 Y:0002 S:0127 D:0E68 DB:AF nvMXdizc V:252 H: 20 F:44
				848F4D 04 17       TSB $17       [000E7F] A:CD80 X:0068 Y:0002 S:0127 D:0E68 DB:AF NvMXdizc V:252 H: 23 F:44
				848F4F AB          PLB                    A:CD80 X:0068 Y:0002 S:0127 D:0E68 DB:AF NvMXdiZc V:252 H: 33 F:44
				848F50 28          PLP                    A:CD80 X:0068 Y:0002 S:0128 D:0E68 DB:86 NvMXdizc V:252 H: 40 F:44
				848F51 6B          RTL                    A:CD80 X:0068 Y:0002 S:0129 D:0E68 DB:86 nvMXdizc V:252 H: 46 F:44

			83B5EA A5 0F       LDA $0F       [000E77] A:CD80 X:0068 Y:0002 S:012C D:0E68 DB:86 nvMXdizc V:252 H: 57 F:44
			83B5EC 10 06       BPL $0006     [83B5F4] A:CD00 X:0068 Y:0002 S:012C D:0E68 DB:86 nvMXdiZc V:252 H: 63 F:44	Branch because SkelAction is positive
			83B5F4 60          RTS                    A:CD00 X:0068 Y:0002 S:012C D:0E68 DB:86 nvMXdiZc V:252 H: 68 F:44	Return

		83B2ED A5 27       LDA $27       [000E8F] A:CD00 X:0068 Y:0002 S:012E D:0E68 DB:86 nvMXdiZc V:252 H: 78 F:44
