80D4F6 20 30 D5    JSR $D530     [80D530] A:0E01 X:0000 Y:0046 S:0133 D:0E68 DB:86 nvMXdizC V:247 H:211 F:15

	80D530 C2 20       REP #$20               A:0E01 X:0000 Y:0046 S:0131 D:0E68 DB:86 nvMXdizC V:247 H:221 F:15
	80D532 A5 05       LDA $05       [000E6D] A:0E01 X:0000 Y:0046 S:0131 D:0E68 DB:86 nvmXdizC V:247 H:225 F:15
	80D534 85 22       STA $22       [000E8A] A:14DE X:0000 Y:0046 S:0131 D:0E68 DB:86 nvmXdizC V:247 H:234 F:15
	80D536 A5 08       LDA $08       [000E70] A:14DE X:0000 Y:0046 S:0131 D:0E68 DB:86 nvmXdizC V:247 H:242 F:15
	80D538 85 24       STA $24       [000E8C] A:0A59 X:0000 Y:0046 S:0131 D:0E68 DB:86 nvmXdizC V:247 H:251 F:15
	80D53A E2 20       SEP #$20               A:0A59 X:0000 Y:0046 S:0131 D:0E68 DB:86 nvmXdizC V:247 H:259 F:15
	80D53C A9 80       LDA #$80               A:0A59 X:0000 Y:0046 S:0131 D:0E68 DB:86 nvMXdizC V:247 H:264 F:15
	80D53E 14 0E       TRB $0E       [000E76] A:0A80 X:0000 Y:0046 S:0131 D:0E68 DB:86 NvMXdizC V:247 H:267 F:15
	80D540 A5 0A       LDA $0A       [000E72] A:0A80 X:0000 Y:0046 S:0131 D:0E68 DB:86 NvMXdizC V:247 H:277 F:15
	80D542 0A          ASL A                  A:0A14 X:0000 Y:0046 S:0131 D:0E68 DB:86 nvMXdizC V:247 H:283 F:15
	80D543 AA          TAX                    A:0A28 X:0000 Y:0046 S:0131 D:0E68 DB:86 nvMXdizc V:247 H:286 F:15
	80D544 7C DD F8    JMP ($F8DD,X) [80F905] A:0A28 X:0028 Y:0046 S:0131 D:0E68 DB:86 nvMXdizc V:247 H:289 F:15

	80FA15 22 44 B1 83 JSL $83B144   [83B144] A:0A28 X:0028 Y:0046 S:0131 D:0E68 DB:86 nvMXdizc V:247 H:298 F:15

		83B144 A6 01       LDX $01       [000E69] A:0A28 X:0028 Y:0046 S:012E D:0E68 DB:86 nvMXdizc V:247 H:312 F:15
		83B146 7C 49 B1    JMP ($B149,X) [83B14D] A:0A28 X:0004 Y:0046 S:012E D:0E68 DB:86 nvMXdizc V:247 H:318 F:15

		83B2E8 A6 02       LDX $02       [000E6A] A:0A28 X:0004 Y:0046 S:012E D:0E68 DB:86 nvMXdizc V:247 H:327 F:15
		83B2EA FC DA B3    JSR ($B3DA,X) [83B3DA] A:0A28 X:0000 Y:0046 S:012E D:0E68 DB:86 nvMXdiZc V:247 H:333 F:15

			83B3E4 A6 03       LDX $03       [000E6B] A:0A28 X:0000 Y:0046 S:012C D:0E68 DB:86 nvMXdiZc V:248 H:  6 F:15
			83B3E6 7C E9 B3    JMP ($B3E9,X) [83B3F3] A:0A28 X:000A Y:0046 S:012C D:0E68 DB:86 nvMXdizc V:248 H: 12 F:15

			83B4FE A9 40       LDA #$40               A:0A28 X:000A Y:0046 S:012C D:0E68 DB:86 nvMXdizc V:248 H: 21 F:15		|Update Facing based on E-X-Vel
			83B500 14 11       TRB $11       [000E79] A:0A40 X:000A Y:0046 S:012C D:0E68 DB:86 nvMXdizc V:248 H: 24 F:15		|
			83B502 A5 1B       LDA $1B       [000E83] A:0A40 X:000A Y:0046 S:012C D:0E68 DB:86 nvMXdizc V:248 H: 34 F:15		|
			83B504 29 80       AND #$80               A:0A04 X:000A Y:0046 S:012C D:0E68 DB:86 nvMXdizc V:248 H: 41 F:15		|
			83B506 4A          LSR A                  A:0A00 X:000A Y:0046 S:012C D:0E68 DB:86 nvMXdiZc V:248 H: 44 F:15		|
			83B507 49 40       EOR #$40               A:0A00 X:000A Y:0046 S:012C D:0E68 DB:86 nvMXdiZc V:248 H: 47 F:15		|
			83B509 04 11       TSB $11       [000E79] A:0A40 X:000A Y:0046 S:012C D:0E68 DB:86 nvMXdizc V:248 H: 50 F:15		|
			83B50B 22 0A 82 82 JSL $82820A   [82820A] A:0A40 X:000A Y:0046 S:012C D:0E68 DB:86 nvMXdiZc V:248 H: 60 F:15		JSL $82820A --> Update X-Pos, Y-Pos

				82820A 08          PHP                    A:0A40 X:000A Y:0046 S:0129 D:0E68 DB:86 nvMXdiZc V:248 H: 73 F:15
				82820B C2 21       REP #$21               A:0A40 X:000A Y:0046 S:0128 D:0E68 DB:86 nvMXdiZc V:248 H: 78 F:15
				82820D A5 04       LDA $04       [000E6C] A:0A40 X:000A Y:0046 S:0128 D:0E68 DB:86 nvmXdiZc V:248 H: 83 F:15
				82820F 65 1A       ADC $1A       [000E82] A:DE24 X:000A Y:0046 S:0128 D:0E68 DB:86 NvmXdizc V:248 H: 91 F:15
				828211 85 04       STA $04       [000E6C] A:E25F X:000A Y:0046 S:0128 D:0E68 DB:86 NvmXdizc V:248 H:100 F:15
				828213 E2 20       SEP #$20               A:E25F X:000A Y:0046 S:0128 D:0E68 DB:86 NvmXdizc V:248 H:108 F:15
				828215 A9 00       LDA #$00               A:E25F X:000A Y:0046 S:0128 D:0E68 DB:86 NvMXdizc V:248 H:113 F:15
				828217 24 1B       BIT $1B       [000E83] A:E200 X:000A Y:0046 S:0128 D:0E68 DB:86 nvMXdiZc V:248 H:116 F:15
				828219 10 01       BPL $0001     [82821C] A:E200 X:000A Y:0046 S:0128 D:0E68 DB:86 nvMXdiZc V:248 H:122 F:15
				82821C 65 06       ADC $06       [000E6E] A:E200 X:000A Y:0046 S:0128 D:0E68 DB:86 nvMXdiZc V:248 H:127 F:15
				82821E 85 06       STA $06       [000E6E] A:E214 X:000A Y:0046 S:0128 D:0E68 DB:86 nvMXdizc V:248 H:133 F:15
				828220 C2 20       REP #$20               A:E214 X:000A Y:0046 S:0128 D:0E68 DB:86 nvMXdizc V:248 H:150 F:15
				828222 38          SEC                    A:E214 X:000A Y:0046 S:0128 D:0E68 DB:86 nvmXdizc V:248 H:154 F:15
				828223 A5 07       LDA $07       [000E6F] A:E214 X:000A Y:0046 S:0128 D:0E68 DB:86 nvmXdizC V:248 H:157 F:15
				828225 E5 1C       SBC $1C       [000E84] A:590A X:000A Y:0046 S:0128 D:0E68 DB:86 nvmXdizC V:248 H:166 F:15
				828227 85 07       STA $07       [000E6F] A:5D45 X:000A Y:0046 S:0128 D:0E68 DB:86 nvmXdizc V:248 H:174 F:15
				828229 E2 20       SEP #$20               A:5D45 X:000A Y:0046 S:0128 D:0E68 DB:86 nvmXdizc V:248 H:183 F:15
				82822B 9C 00 00    STZ $0000     [860000] A:5D45 X:000A Y:0046 S:0128 D:0E68 DB:86 nvMXdizc V:248 H:187 F:15
				82822E 24 1D       BIT $1D       [000E85] A:5D45 X:000A Y:0046 S:0128 D:0E68 DB:86 nvMXdizc V:248 H:194 F:15
				828230 10 03       BPL $0003     [828235] A:5D45 X:000A Y:0046 S:0128 D:0E68 DB:86 NVMXdizc V:248 H:200 F:15
				828232 CE 00 00    DEC $0000     [860000] A:5D45 X:000A Y:0046 S:0128 D:0E68 DB:86 NVMXdizc V:248 H:203 F:15
				828235 A5 09       LDA $09       [000E71] A:5D45 X:000A Y:0046 S:0128 D:0E68 DB:86 NVMXdizc V:248 H:213 F:15
				828237 ED 00 00    SBC $0000     [860000] A:5D0A X:000A Y:0046 S:0128 D:0E68 DB:86 nVMXdizc V:248 H:220 F:15
				82823A 85 09       STA $09       [000E71] A:5D0A X:000A Y:0046 S:0128 D:0E68 DB:86 nvMXdizc V:248 H:226 F:15
				82823C 28          PLP                    A:5D0A X:000A Y:0046 S:0128 D:0E68 DB:86 nvMXdizc V:248 H:233 F:15
				82823D 6B          RTL                    A:5D0A X:000A Y:0046 S:0129 D:0E68 DB:86 nvMXdiZc V:248 H:239 F:15

			83B50F 22 EA 8E 84 JSL $848EEA   [848EEA] A:5D0A X:000A Y:0046 S:012C D:0E68 DB:86 nvMXdiZc V:248 H:250 F:15		JSL $848EEA --> Decrease CDSkel, Continue Skeleton

				848EEA 08          PHP                    A:5D0A X:000A Y:0046 S:0129 D:0E68 DB:86 nvMXdiZc V:248 H:263 F:15
				848EEB 8B          PHB                    A:5D0A X:000A Y:0046 S:0128 D:0E68 DB:86 nvMXdiZc V:248 H:268 F:15
				848EEC E2 30       SEP #$30               A:5D0A X:000A Y:0046 S:0127 D:0E68 DB:86 nvMXdiZc V:248 H:273 F:15
				848EEE C6 13       DEC $13       [000E7B] A:5D0A X:000A Y:0046 S:0127 D:0E68 DB:86 nvMXdiZc V:248 H:278 F:15
				848EF0 D0 5D       BNE $005D     [848F4F] A:5D0A X:000A Y:0046 S:0127 D:0E68 DB:86 nvMXdiZc V:248 H:288 F:15
				848EF2 A9 AF       LDA #$AF               A:5D0A X:000A Y:0046 S:0127 D:0E68 DB:86 nvMXdiZc V:248 H:291 F:15
				848EF4 48          PHA                    A:5DAF X:000A Y:0046 S:0127 D:0E68 DB:86 NvMXdizc V:248 H:294 F:15
				848EF5 AB          PLB                    A:5DAF X:000A Y:0046 S:0126 D:0E68 DB:86 NvMXdizc V:248 H:299 F:15
				848EF6 C2 21       REP #$21               A:5DAF X:000A Y:0046 S:0127 D:0E68 DB:AF NvMXdizc V:248 H:305 F:15
				848EF8 A5 14       LDA $14       [000E7C] A:5DAF X:000A Y:0046 S:0127 D:0E68 DB:AF NvmXdizc V:248 H:310 F:15
				848EFA 69 03 00    ADC #$0003             A:CE27 X:000A Y:0046 S:0127 D:0E68 DB:AF NvmXdizc V:248 H:318 F:15
				848EFD A4 0F       LDY $0F       [000E77] A:CE2A X:000A Y:0046 S:0127 D:0E68 DB:AF NvmXdizc V:248 H:323 F:15
				848EFF 10 37       BPL $0037     [848F38] A:CE2A X:000A Y:0000 S:0127 D:0E68 DB:AF nvmXdiZc V:248 H:328 F:15
				848F38 85 14       STA $14       [000E7C] A:CE2A X:000A Y:0000 S:0127 D:0E68 DB:AF nvmXdiZc V:248 H:333 F:15
				848F3A E2 30       SEP #$30               A:CE2A X:000A Y:0000 S:0127 D:0E68 DB:AF nvmXdiZc V:249 H:  1 F:15
				848F3C B2 14       LDA ($14)     [AFCE2A] A:CE2A X:000A Y:0000 S:0127 D:0E68 DB:AF nvMXdiZc V:249 H:  6 F:15
				848F3E 85 13       STA $13       [000E7B] A:CE01 X:000A Y:0000 S:0127 D:0E68 DB:AF nvMXdizc V:249 H: 16 F:15
				848F40 A0 01       LDY #$01               A:CE01 X:000A Y:0000 S:0127 D:0E68 DB:AF nvMXdizc V:249 H: 22 F:15
				848F42 B1 14       LDA ($14),Y   [AFCE2B] A:CE01 X:000A Y:0001 S:0127 D:0E68 DB:AF nvMXdizc V:249 H: 25 F:15
				848F44 85 0F       STA $0F       [000E77] A:CE80 X:000A Y:0001 S:0127 D:0E68 DB:AF NvMXdizc V:249 H: 35 F:15
				848F46 C8          INY                    A:CE80 X:000A Y:0001 S:0127 D:0E68 DB:AF NvMXdizc V:249 H: 42 F:15
				848F47 B1 14       LDA ($14),Y   [AFCE2C] A:CE80 X:000A Y:0002 S:0127 D:0E68 DB:AF nvMXdizc V:249 H: 45 F:15
				848F49 85 17       STA $17       [000E7F] A:CE03 X:000A Y:0002 S:0127 D:0E68 DB:AF nvMXdizc V:249 H: 55 F:15
				848F4B A9 80       LDA #$80               A:CE03 X:000A Y:0002 S:0127 D:0E68 DB:AF nvMXdizc V:249 H: 61 F:15
				848F4D 04 17       TSB $17       [000E7F] A:CE80 X:000A Y:0002 S:0127 D:0E68 DB:AF NvMXdizc V:249 H: 64 F:15
				848F4F AB          PLB                    A:CE80 X:000A Y:0002 S:0127 D:0E68 DB:AF NvMXdiZc V:249 H: 74 F:15
				848F50 28          PLP                    A:CE80 X:000A Y:0002 S:0128 D:0E68 DB:86 NvMXdizc V:249 H: 81 F:15
				848F51 6B          RTL                    A:CE80 X:000A Y:0002 S:0129 D:0E68 DB:86 nvMXdiZc V:249 H: 87 F:15

			83B513 22 BE 91 84 JSL $8491BE   [8491BE] A:CE80 X:000A Y:0002 S:012C D:0E68 DB:86 nvMXdiZc V:249 H: 98 F:15		JSL $8491BE --> Check for colissions and adjust position

				8491BE 08          PHP                    A:CE80 X:000A Y:0002 S:0129 D:0E68 DB:86 nvMXdiZc V:249 H:111 F:15
				8491BF 0B          PHD                    A:CE80 X:000A Y:0002 S:0128 D:0E68 DB:86 nvMXdiZc V:249 H:116 F:15
				8491C0 C2 30       REP #$30               A:CE80 X:000A Y:0002 S:0126 D:0E68 DB:86 nvMXdiZc V:249 H:123 F:15
				8491C2 A5 20       LDA $20       [000E88] A:CE80 X:000A Y:0002 S:0126 D:0E68 DB:86 nvmxdiZc V:249 H:128 F:15
				8491C4 F0 15       BEQ $0015     [8491DB] A:C945 X:000A Y:0002 S:0126 D:0E68 DB:86 Nvmxdizc V:249 H:146 F:15
				8491C6 7B          TDC                    A:C945 X:000A Y:0002 S:0126 D:0E68 DB:86 Nvmxdizc V:249 H:149 F:15
				8491C7 AA          TAX                    A:0E68 X:000A Y:0002 S:0126 D:0E68 DB:86 nvmxdizc V:249 H:152 F:15
				8491C8 A9 00 00    LDA #$0000             A:0E68 X:0E68 Y:0002 S:0126 D:0E68 DB:86 nvmxdizc V:249 H:155 F:15
				8491CB 5B          TCD                    A:0000 X:0E68 Y:0002 S:0126 D:0E68 DB:86 nvmxdiZc V:249 H:160 F:15
				8491CC 64 14       STZ $14       [000014] A:0000 X:0E68 Y:0002 S:0126 D:0000 DB:86 nvmxdiZc V:249 H:163 F:15
				8491CE B5 2B       LDA $2B,X     [000E93] A:0000 X:0E68 Y:0002 S:0126 D:0000 DB:86 nvmxdiZc V:249 H:170 F:15
				8491D0 29 00 FF    AND #$FF00             A:0000 X:0E68 Y:0002 S:0126 D:0000 DB:86 nvmxdiZc V:249 H:178 F:15
				8491D3 95 2B       STA $2B,X     [000E93] A:0000 X:0E68 Y:0002 S:0126 D:0000 DB:86 nvmxdiZc V:249 H:183 F:15
				8491D5 20 AC 92    JSR $92AC     [8492AC] A:0000 X:0E68 Y:0002 S:0126 D:0000 DB:86 nvmxdiZc V:249 H:191 F:15

				8492AC C2 30       REP #$30               A:0000 X:0E68 Y:0002 S:0124 D:0000 DB:86 nvmxdiZc V:249 H:201 F:15
				8492AE B5 05       LDA $05,X     [000E6D] A:0000 X:0E68 Y:0002 S:0124 D:0000 DB:86 nvmxdiZc V:249 H:206 F:15
				8492B0 38          SEC                    A:14E2 X:0E68 Y:0002 S:0124 D:0000 DB:86 nvmxdizc V:249 H:214 F:15
				8492B1 F5 22       SBC $22,X     [000E8A] A:14E2 X:0E68 Y:0002 S:0124 D:0000 DB:86 nvmxdizC V:249 H:217 F:15
				8492B3 85 00       STA $00       [000000] A:0004 X:0E68 Y:0002 S:0124 D:0000 DB:86 nvmxdizC V:249 H:226 F:15
				8492B5 E2 20       SEP #$20               A:0004 X:0E68 Y:0002 S:0124 D:0000 DB:86 nvmxdizC V:249 H:233 F:15
				8492B7 F0 4C       BEQ $004C     [849305] A:0004 X:0E68 Y:0002 S:0124 D:0000 DB:86 nvMxdizC V:249 H:237 F:15
				8492B9 B4 20       LDY $20,X     [000E88] A:0004 X:0E68 Y:0002 S:0124 D:0000 DB:86 nvMxdizC V:249 H:240 F:15
				8492BB B9 05 00    LDA $0005,Y   [86C94A] A:0004 X:0E68 Y:C945 S:0124 D:0000 DB:86 NvMxdizC V:249 H:249 F:15
				8492BE 34 11       BIT $11,X     [000E79] A:0000 X:0E68 Y:C945 S:0124 D:0000 DB:86 nvMxdiZC V:249 H:256 F:15
				8492C0 50 03       BVC $0003     [8492C5] A:0000 X:0E68 Y:C945 S:0124 D:0000 DB:86 nVMxdiZC V:249 H:263 F:15
				8492C2 49 FF       EOR #$FF               A:0000 X:0E68 Y:C945 S:0124 D:0000 DB:86 nVMxdiZC V:249 H:266 F:15
				8492C4 1A          INC                    A:00FF X:0E68 Y:C945 S:0124 D:0000 DB:86 NVMxdizC V:249 H:269 F:15
				8492C5 24 00       BIT $00       [000000] A:0000 X:0E68 Y:C945 S:0124 D:0000 DB:86 nVMxdiZC V:249 H:272 F:15
				8492C7 10 06       BPL $0006     [8492CF] A:0000 X:0E68 Y:C945 S:0124 D:0000 DB:86 nvMxdiZC V:249 H:277 F:15
				8492CF 18          CLC                    A:0000 X:0E68 Y:C945 S:0124 D:0000 DB:86 nvMxdiZC V:249 H:281 F:15
				8492D0 79 07 00    ADC $0007,Y   [86C94C] A:0000 X:0E68 Y:C945 S:0124 D:0000 DB:86 nvMxdiZc V:249 H:284 F:15
				8492D3 95 29       STA $29,X     [000E91] A:000F X:0E68 Y:C945 S:0124 D:0000 DB:86 nvMxdizc V:249 H:292 F:15
				8492D5 B9 06 00    LDA $0006,Y   [86C94B] A:000F X:0E68 Y:C945 S:0124 D:0000 DB:86 nvMxdizc V:249 H:298 F:15
				8492D8 95 2A       STA $2A,X     [000E92] A:0000 X:0E68 Y:C945 S:0124 D:0000 DB:86 nvMxdiZc V:249 H:306 F:15
				8492DA 20 15 93    JSR $9315     [849315] A:0000 X:0E68 Y:C945 S:0124 D:0000 DB:86 nvMxdiZc V:249 H:312 F:15

				849315 20 B3 90    JSR $90B3     [8490B3] A:0000 X:0E68 Y:C945 S:0122 D:0000 DB:86 nvMxdiZc V:249 H:322 F:15

				8490B3 0B          PHD                    A:0000 X:0E68 Y:C945 S:0120 D:0000 DB:86 nvMxdiZc V:249 H:331 F:15
				8490B4 DA          PHX                    A:0000 X:0E68 Y:C945 S:011E D:0000 DB:86 nvMxdiZc V:249 H:338 F:15
				8490B5 08          PHP                    A:0000 X:0E68 Y:C945 S:011C D:0000 DB:86 nvMxdiZc V:250 H:  5 F:15
				8490B6 E2 20       SEP #$20               A:0000 X:0E68 Y:C945 S:011B D:0000 DB:86 nvMxdiZc V:250 H: 10 F:15
				8490B8 C2 10       REP #$10               A:0000 X:0E68 Y:C945 S:011B D:0000 DB:86 nvMxdiZc V:250 H: 15 F:15
				8490BA 64 01       STZ $01       [000001] A:0000 X:0E68 Y:C945 S:011B D:0000 DB:86 nvMxdiZc V:250 H: 19 F:15
				8490BC B5 29       LDA $29,X     [000E91] A:0000 X:0E68 Y:C945 S:011B D:0000 DB:86 nvMxdiZc V:250 H: 24 F:15
				8490BE 10 02       BPL $0002     [8490C2] A:000F X:0E68 Y:C945 S:011B D:0000 DB:86 nvMxdizc V:250 H: 31 F:15
				8490C2 18          CLC                    A:000F X:0E68 Y:C945 S:011B D:0000 DB:86 nvMxdizc V:250 H: 35 F:15
				8490C3 75 05       ADC $05,X     [000E6D] A:000F X:0E68 Y:C945 S:011B D:0000 DB:86 nvMxdizc V:250 H: 38 F:15
				8490C5 85 00       STA $00       [000000] A:00F1 X:0E68 Y:C945 S:011B D:0000 DB:86 NvMxdizc V:250 H: 45 F:15
				8490C7 B5 06       LDA $06,X     [000E6E] A:00F1 X:0E68 Y:C945 S:011B D:0000 DB:86 NvMxdizc V:250 H: 50 F:15
				8490C9 65 01       ADC $01       [000001] A:0014 X:0E68 Y:C945 S:011B D:0000 DB:86 nvMxdizc V:250 H: 56 F:15
				8490CB 85 01       STA $01       [000001] A:0014 X:0E68 Y:C945 S:011B D:0000 DB:86 nvMxdizc V:250 H: 61 F:15
				8490CD 64 03       STZ $03       [000003] A:0014 X:0E68 Y:C945 S:011B D:0000 DB:86 nvMxdizc V:250 H: 66 F:15
				8490CF B5 2A       LDA $2A,X     [000E92] A:0014 X:0E68 Y:C945 S:011B D:0000 DB:86 nvMxdizc V:250 H: 71 F:15
				8490D1 10 02       BPL $0002     [8490D5] A:0000 X:0E68 Y:C945 S:011B D:0000 DB:86 nvMxdiZc V:250 H: 78 F:15
				8490D5 18          CLC                    A:0000 X:0E68 Y:C945 S:011B D:0000 DB:86 nvMxdiZc V:250 H: 82 F:15
				8490D6 75 08       ADC $08,X     [000E70] A:0000 X:0E68 Y:C945 S:011B D:0000 DB:86 nvMxdiZc V:250 H: 85 F:15
				8490D8 85 02       STA $02       [000002] A:005D X:0E68 Y:C945 S:011B D:0000 DB:86 nvMxdizc V:250 H: 92 F:15
				8490DA 29 F0       AND #$F0               A:005D X:0E68 Y:C945 S:011B D:0000 DB:86 nvMxdizc V:250 H: 97 F:15
				8490DC 85 0A       STA $0A       [00000A] A:0050 X:0E68 Y:C945 S:011B D:0000 DB:86 nvMxdizc V:250 H:100 F:15
				8490DE B5 09       LDA $09,X     [000E71] A:0050 X:0E68 Y:C945 S:011B D:0000 DB:86 nvMxdizc V:250 H:105 F:15
				8490E0 65 03       ADC $03       [000003] A:000A X:0E68 Y:C945 S:011B D:0000 DB:86 nvMxdizc V:250 H:111 F:15
				8490E2 85 03       STA $03       [000003] A:000A X:0E68 Y:C945 S:011B D:0000 DB:86 nvMxdizc V:250 H:116 F:15
				8490E4 85 0B       STA $0B       [00000B] A:000A X:0E68 Y:C945 S:011B D:0000 DB:86 nvMxdizc V:250 H:121 F:15
				8490E6 A5 00       LDA $00       [000000] A:000A X:0E68 Y:C945 S:011B D:0000 DB:86 nvMxdizc V:250 H:126 F:15
				8490E8 29 0F       AND #$0F               A:00F1 X:0E68 Y:C945 S:011B D:0000 DB:86 NvMxdizc V:250 H:131 F:15
				8490EA 1A          INC                    A:0001 X:0E68 Y:C945 S:011B D:0000 DB:86 nvMxdizc V:250 H:144 F:15
				8490EB 85 0C       STA $0C       [00000C] A:0002 X:0E68 Y:C945 S:011B D:0000 DB:86 nvMxdizc V:250 H:147 F:15
				8490ED A5 02       LDA $02       [000002] A:0002 X:0E68 Y:C945 S:011B D:0000 DB:86 nvMxdizc V:250 H:152 F:15
				8490EF 29 0F       AND #$0F               A:005D X:0E68 Y:C945 S:011B D:0000 DB:86 nvMxdizc V:250 H:157 F:15
				8490F1 1A          INC                    A:000D X:0E68 Y:C945 S:011B D:0000 DB:86 nvMxdizc V:250 H:160 F:15
				8490F2 85 0E       STA $0E       [00000E] A:000E X:0E68 Y:C945 S:011B D:0000 DB:86 nvMxdizc V:250 H:163 F:15
				8490F4 C2 20       REP #$20               A:000E X:0E68 Y:C945 S:011B D:0000 DB:86 nvMxdizc V:250 H:168 F:15
				8490F6 20 6A 91    JSR $916A     [84916A] A:000E X:0E68 Y:C945 S:011B D:0000 DB:86 nvmxdizc V:250 H:173 F:15

				84916A A9 00 E8    LDA #$E800             A:000E X:0E68 Y:C945 S:0119 D:0000 DB:86 nvmxdizc V:250 H:183 F:15
				84916D 85 10       STA $10       [000010] A:E800 X:0E68 Y:C945 S:0119 D:0000 DB:86 Nvmxdizc V:250 H:187 F:15
				84916F A9 7E 00    LDA #$007E             A:E800 X:0E68 Y:C945 S:0119 D:0000 DB:86 Nvmxdizc V:250 H:194 F:15
				849172 85 12       STA $12       [000012] A:007E X:0E68 Y:C945 S:0119 D:0000 DB:86 nvmxdizc V:250 H:199 F:15
				849174 A5 02       LDA $02       [000002] A:007E X:0E68 Y:C945 S:0119 D:0000 DB:86 nvmxdizc V:250 H:206 F:15
				849176 29 F0 00    AND #$00F0             A:0A5D X:0E68 Y:C945 S:0119 D:0000 DB:86 nvmxdizc V:250 H:213 F:15
				849179 0A          ASL A                  A:0050 X:0E68 Y:C945 S:0119 D:0000 DB:86 nvmxdizc V:250 H:217 F:15
				84917A 85 04       STA $04       [000004] A:00A0 X:0E68 Y:C945 S:0119 D:0000 DB:86 nvmxdizc V:250 H:220 F:15
				84917C A5 00       LDA $00       [000000] A:00A0 X:0E68 Y:C945 S:0119 D:0000 DB:86 nvmxdizc V:250 H:227 F:15
				84917E 29 FF 00    AND #$00FF             A:14F1 X:0E68 Y:C945 S:0119 D:0000 DB:86 nvmxdizc V:250 H:234 F:15
				849181 4A          LSR A                  A:00F1 X:0E68 Y:C945 S:0119 D:0000 DB:86 nvmxdizc V:250 H:239 F:15
				849182 4A          LSR A                  A:0078 X:0E68 Y:C945 S:0119 D:0000 DB:86 nvmxdizC V:250 H:242 F:15
				849183 4A          LSR A                  A:003C X:0E68 Y:C945 S:0119 D:0000 DB:86 nvmxdizc V:250 H:245 F:15
				849184 29 FE FF    AND #$FFFE             A:001E X:0E68 Y:C945 S:0119 D:0000 DB:86 nvmxdizc V:250 H:248 F:15
				849187 18          CLC                    A:001E X:0E68 Y:C945 S:0119 D:0000 DB:86 nvmxdizc V:250 H:252 F:15
				849188 65 04       ADC $04       [000004] A:001E X:0E68 Y:C945 S:0119 D:0000 DB:86 nvmxdizc V:250 H:255 F:15
				84918A 85 06       STA $06       [000006] A:00BE X:0E68 Y:C945 S:0119 D:0000 DB:86 nvmxdizc V:250 H:262 F:15
				84918C A5 00       LDA $00       [000000] A:00BE X:0E68 Y:C945 S:0119 D:0000 DB:86 nvmxdizc V:250 H:269 F:15
				84918E EB          XBA                    A:14F1 X:0E68 Y:C945 S:0119 D:0000 DB:86 nvmxdizc V:250 H:276 F:15
				84918F 29 1F 00    AND #$001F             A:F114 X:0E68 Y:C945 S:0119 D:0000 DB:86 nvmxdizc V:250 H:281 F:15
				849192 85 04       STA $04       [000004] A:0014 X:0E68 Y:C945 S:0119 D:0000 DB:86 nvmxdizc V:250 H:285 F:15
				849194 A5 02       LDA $02       [000002] A:0014 X:0E68 Y:C945 S:0119 D:0000 DB:86 nvmxdizc V:250 H:292 F:15
				849196 29 00 1F    AND #$1F00             A:0A5D X:0E68 Y:C945 S:0119 D:0000 DB:86 nvmxdizc V:250 H:299 F:15
				849199 4A          LSR A                  A:0A00 X:0E68 Y:C945 S:0119 D:0000 DB:86 nvmxdizc V:250 H:304 F:15
				84919A 4A          LSR A                  A:0500 X:0E68 Y:C945 S:0119 D:0000 DB:86 nvmxdizc V:250 H:307 F:15
				84919B 4A          LSR A                  A:0280 X:0E68 Y:C945 S:0119 D:0000 DB:86 nvmxdizc V:250 H:310 F:15
				84919C 18          CLC                    A:0140 X:0E68 Y:C945 S:0119 D:0000 DB:86 nvmxdizc V:250 H:313 F:15
				84919D 65 04       ADC $04       [000004] A:0140 X:0E68 Y:C945 S:0119 D:0000 DB:86 nvmxdizc V:250 H:316 F:15
				84919F A8          TAY                    A:0154 X:0E68 Y:C945 S:0119 D:0000 DB:86 nvmxdizc V:250 H:323 F:15
				8491A0 B7 10       LDA [$10],Y   [7EE954] A:0154 X:0E68 Y:0154 S:0119 D:0000 DB:86 nvmxdizc V:250 H:325 F:15
				8491A2 29 FF 00    AND #$00FF             A:0038 X:0E68 Y:0154 S:0119 D:0000 DB:86 nvmxdizc V:250 H:338 F:15
				8491A5 A8          TAY                    A:0038 X:0E68 Y:0154 S:0119 D:0000 DB:86 nvmxdizc V:251 H:  2 F:15
				8491A6 EB          XBA                    A:0038 X:0E68 Y:0038 S:0119 D:0000 DB:86 nvmxdizc V:251 H:  5 F:15
				8491A7 0A          ASL A                  A:3800 X:0E68 Y:0038 S:0119 D:0000 DB:86 nvmxdiZc V:251 H: 10 F:15
				8491A8 18          CLC                    A:7000 X:0E68 Y:0038 S:0119 D:0000 DB:86 nvmxdizc V:251 H: 13 F:15
				8491A9 65 06       ADC $06       [000006] A:7000 X:0E68 Y:0038 S:0119 D:0000 DB:86 nvmxdizc V:251 H: 16 F:15
				8491AB AA          TAX                    A:70BE X:0E68 Y:0038 S:0119 D:0000 DB:86 nvmxdizc V:251 H: 23 F:15
				8491AC 60          RTS                    A:70BE X:70BE Y:0038 S:0119 D:0000 DB:86 nvmxdizc V:251 H: 26 F:15

				8490F9 BF 00 20 7E LDA $7E2000,X [7E90BE] A:70BE X:70BE Y:0038 S:011B D:0000 DB:86 nvmxdizc V:251 H: 36 F:15
				8490FD A8          TAY                    A:011A X:70BE Y:0038 S:011B D:0000 DB:86 nvmxdizc V:251 H: 46 F:15
				8490FE AD 92 0B    LDA $0B92     [860B92] A:011A X:70BE Y:011A S:011B D:0000 DB:86 nvmxdizc V:251 H: 49 F:15
				849101 85 10       STA $10       [000010] A:DB57 X:70BE Y:011A S:011B D:0000 DB:86 Nvmxdizc V:251 H: 57 F:15
				849103 AD 94 0B    LDA $0B94     [860B94] A:DB57 X:70BE Y:011A S:011B D:0000 DB:86 Nvmxdizc V:251 H: 64 F:15
				849106 85 12       STA $12       [000012] A:B895 X:70BE Y:011A S:011B D:0000 DB:86 Nvmxdizc V:251 H: 73 F:15
				849108 B7 10       LDA [$10],Y   [95DC71] A:B895 X:70BE Y:011A S:011B D:0000 DB:86 Nvmxdizc V:251 H: 80 F:15
				84910A 29 FF 00    AND #$00FF             A:003B X:70BE Y:011A S:011B D:0000 DB:86 nvmxdizc V:251 H: 92 F:15
				84910D 28          PLP                    A:003B X:70BE Y:011A S:011B D:0000 DB:86 nvmxdizc V:251 H: 96 F:15
				84910E FA          PLX                    A:003B X:70BE Y:011A S:011C D:0000 DB:86 nvMxdiZc V:251 H:103 F:15
				84910F 2B          PLD                    A:003B X:0E68 Y:011A S:011E D:0000 DB:86 nvMxdizc V:251 H:111 F:15
				849110 60          RTS                    A:003B X:0E68 Y:011A S:0120 D:0000 DB:86 nvMxdiZc V:251 H:120 F:15

				849318 B4 05       LDY $05,X     [000E6D] A:003B X:0E68 Y:011A S:0122 D:0000 DB:86 nvMxdiZc V:251 H:130 F:15
				84931A 84 10       STY $10       [000010] A:003B X:0E68 Y:14E2 S:0122 D:0000 DB:86 nvMxdizc V:251 H:148 F:15
				84931C B4 08       LDY $08,X     [000E70] A:003B X:0E68 Y:14E2 S:0122 D:0000 DB:86 nvMxdizc V:251 H:155 F:15
				84931E 84 12       STY $12       [000012] A:003B X:0E68 Y:0A5D S:0122 D:0000 DB:86 nvMxdizc V:251 H:164 F:15
				849320 95 2D       STA $2D,X     [000E95] A:003B X:0E68 Y:0A5D S:0122 D:0000 DB:86 nvMxdizc V:251 H:171 F:15
				849322 86 2C       STX $2C       [00002C] A:003B X:0E68 Y:0A5D S:0122 D:0000 DB:86 nvMxdizc V:251 H:177 F:15
				849324 29 3F       AND #$3F               A:003B X:0E68 Y:0A5D S:0122 D:0000 DB:86 nvMxdizc V:251 H:184 F:15
				849326 0A          ASL A                  A:003B X:0E68 Y:0A5D S:0122 D:0000 DB:86 nvMxdizc V:251 H:187 F:15
				849327 EB          XBA                    A:0076 X:0E68 Y:0A5D S:0122 D:0000 DB:86 nvMxdizc V:251 H:190 F:15
				849328 A9 00       LDA #$00               A:7600 X:0E68 Y:0A5D S:0122 D:0000 DB:86 nvMxdiZc V:251 H:195 F:15
				84932A EB          XBA                    A:7600 X:0E68 Y:0A5D S:0122 D:0000 DB:86 nvMxdiZc V:251 H:198 F:15
				84932B AA          TAX                    A:0076 X:0E68 Y:0A5D S:0122 D:0000 DB:86 nvMxdizc V:251 H:202 F:15
				84932C FC 5D 93    JSR ($935D,X) [8493D3] A:0076 X:0076 Y:0A5D S:0122 D:0000 DB:86 nvMxdizc V:251 H:205 F:15

				8493DD A6 2C       LDX $2C       [00002C] A:0076 X:0076 Y:0A5D S:0120 D:0000 DB:86 nvMxdizc V:251 H:218 F:15
				8493DF 64 01       STZ $01       [000001] A:0076 X:0E68 Y:0A5D S:0120 D:0000 DB:86 nvMxdizc V:251 H:225 F:15
				8493E1 A9 11       LDA #$11               A:0076 X:0E68 Y:0A5D S:0120 D:0000 DB:86 nvMxdizc V:251 H:230 F:15
				8493E3 38          SEC                    A:0011 X:0E68 Y:0A5D S:0120 D:0000 DB:86 nvMxdizc V:251 H:233 F:15
				8493E4 E5 0C       SBC $0C       [00000C] A:0011 X:0E68 Y:0A5D S:0120 D:0000 DB:86 nvMxdizC V:251 H:236 F:15
				8493E6 34 29       BIT $29,X     [000E91] A:000F X:0E68 Y:0A5D S:0120 D:0000 DB:86 nvMxdizC V:251 H:241 F:15
				8493E8 30 07       BMI $0007     [8493F1] A:000F X:0E68 Y:0A5D S:0120 D:0000 DB:86 nvMxdizC V:251 H:248 F:15
				8493EA C6 01       DEC $01       [000001] A:000F X:0E68 Y:0A5D S:0120 D:0000 DB:86 nvMxdizC V:251 H:251 F:15
				8493EC A5 0C       LDA $0C       [00000C] A:000F X:0E68 Y:0A5D S:0120 D:0000 DB:86 NvMxdizC V:251 H:259 F:15
				8493EE 49 FF       EOR #$FF               A:0002 X:0E68 Y:0A5D S:0120 D:0000 DB:86 nvMxdizC V:251 H:264 F:15
				8493F0 1A          INC                    A:00FD X:0E68 Y:0A5D S:0120 D:0000 DB:86 NvMxdizC V:251 H:267 F:15
				8493F1 18          CLC                    A:00FE X:0E68 Y:0A5D S:0120 D:0000 DB:86 NvMxdizC V:251 H:270 F:15
				8493F2 75 05       ADC $05,X     [000E6D] A:00FE X:0E68 Y:0A5D S:0120 D:0000 DB:86 NvMxdizc V:251 H:273 F:15
				8493F4 95 05       STA $05,X     [000E6D] A:00E0 X:0E68 Y:0A5D S:0120 D:0000 DB:86 NvMxdizC V:251 H:280 F:15
				8493F6 B5 06       LDA $06,X     [000E6E] A:00E0 X:0E68 Y:0A5D S:0120 D:0000 DB:86 NvMxdizC V:251 H:286 F:15
				8493F8 65 01       ADC $01       [000001] A:0014 X:0E68 Y:0A5D S:0120 D:0000 DB:86 nvMxdizC V:251 H:293 F:15
				8493FA 95 06       STA $06,X     [000E6E] A:0014 X:0E68 Y:0A5D S:0120 D:0000 DB:86 nvMxdizC V:251 H:298 F:15
				8493FC A9 01       LDA #$01               A:0014 X:0E68 Y:0A5D S:0120 D:0000 DB:86 nvMxdizC V:251 H:304 F:15
				8493FE 60          RTS                    A:0001 X:0E68 Y:0A5D S:0120 D:0000 DB:86 nvMxdizC V:251 H:307 F:15

				84932F 08          PHP                    A:0001 X:0E68 Y:0A5D S:0122 D:0000 DB:86 nvMxdizC V:251 H:317 F:15
				849330 A6 2C       LDX $2C       [00002C] A:0001 X:0E68 Y:0A5D S:0121 D:0000 DB:86 nvMxdizC V:251 H:322 F:15
				849332 A9 01       LDA #$01               A:0001 X:0E68 Y:0A5D S:0121 D:0000 DB:86 nvMxdizC V:251 H:328 F:15
				849334 34 29       BIT $29,X     [000E91] A:0001 X:0E68 Y:0A5D S:0121 D:0000 DB:86 nvMxdizC V:251 H:331 F:15
				849336 10 02       BPL $0002     [84933A] A:0001 X:0E68 Y:0A5D S:0121 D:0000 DB:86 nvMxdizC V:251 H:338 F:15
				84933A 28          PLP                    A:0001 X:0E68 Y:0A5D S:0121 D:0000 DB:86 nvMxdizC V:252 H:  2 F:15
				84933B F0 0C       BEQ $000C     [849349] A:0001 X:0E68 Y:0A5D S:0122 D:0000 DB:86 nvMxdizC V:252 H:  9 F:15
				84933D 30 16       BMI $0016     [849355] A:0001 X:0E68 Y:0A5D S:0122 D:0000 DB:86 nvMxdizC V:252 H: 12 F:15
				84933F 15 2B       ORA $2B,X     [000E93] A:0001 X:0E68 Y:0A5D S:0122 D:0000 DB:86 nvMxdizC V:252 H: 15 F:15
				849341 95 2B       STA $2B,X     [000E93] A:0001 X:0E68 Y:0A5D S:0122 D:0000 DB:86 nvMxdizC V:252 H: 21 F:15
				849343 20 08 93    JSR $9308     [849308] A:0001 X:0E68 Y:0A5D S:0122 D:0000 DB:86 nvMxdizC V:252 H: 28 F:15

				849308 A5 14       LDA $14       [000014] A:0001 X:0E68 Y:0A5D S:0120 D:0000 DB:86 nvMxdizC V:252 H: 38 F:15
				84930A F0 08       BEQ $0008     [849314] A:0000 X:0E68 Y:0A5D S:0120 D:0000 DB:86 nvMxdiZC V:252 H: 43 F:15
				849314 60          RTS                    A:0000 X:0E68 Y:0A5D S:0120 D:0000 DB:86 nvMxdiZC V:252 H: 47 F:15

				849346 A9 01       LDA #$01               A:0000 X:0E68 Y:0A5D S:0122 D:0000 DB:86 nvMxdiZC V:252 H: 57 F:15
				849348 60          RTS                    A:0001 X:0E68 Y:0A5D S:0122 D:0000 DB:86 nvMxdizC V:252 H: 60 F:15

				8492DD D0 26       BNE $0026     [849305] A:0001 X:0E68 Y:0A5D S:0124 D:0000 DB:86 nvMxdizC V:252 H: 70 F:15
				849305 C2 30       REP #$30               A:0001 X:0E68 Y:0A5D S:0124 D:0000 DB:86 nvMxdizC V:252 H: 75 F:15
				849307 60          RTS                    A:0001 X:0E68 Y:0A5D S:0124 D:0000 DB:86 nvmxdizC V:252 H: 79 F:15

				8491D8 20 ED 91    JSR $91ED     [8491ED] A:0001 X:0E68 Y:0A5D S:0126 D:0000 DB:86 nvmxdizC V:252 H: 89 F:15

				8491ED B5 08       LDA $08,X     [000E70] A:0001 X:0E68 Y:0A5D S:0124 D:0000 DB:86 nvmxdizC V:252 H: 99 F:15
				8491EF D5 24       CMP $24,X     [000E8C] A:0A5D X:0E68 Y:0A5D S:0124 D:0000 DB:86 nvmxdizC V:252 H:108 F:15
				8491F1 F0 F2       BEQ $00F2     [8491E5] A:0A5D X:0E68 Y:0A5D S:0124 D:0000 DB:86 nvmxdizC V:252 H:116 F:15
				8491F3 10 4D       BPL $004D     [849242] A:0A5D X:0E68 Y:0A5D S:0124 D:0000 DB:86 nvmxdizC V:252 H:119 F:15
				849242 E2 20       SEP #$20               A:0A5D X:0E68 Y:0A5D S:0124 D:0000 DB:86 nvmxdizC V:252 H:124 F:15
				849244 A0 04 00    LDY #$0004             A:0A5D X:0E68 Y:0A5D S:0124 D:0000 DB:86 nvMxdizC V:252 H:128 F:15
				849247 AD 1C 1F    LDA $1F1C     [861F1C] A:0A5D X:0E68 Y:0004 S:0124 D:0000 DB:86 nvMxdizC V:252 H:133 F:15
				84924A F0 03       BEQ $0003     [84924F] A:0A00 X:0E68 Y:0004 S:0124 D:0000 DB:86 nvMxdiZC V:252 H:149 F:15
				84924F B5 2F       LDA $2F,X     [000E97] A:0A00 X:0E68 Y:0004 S:0124 D:0000 DB:86 nvMxdiZC V:252 H:154 F:15
				849251 F0 03       BEQ $0003     [849256] A:0A00 X:0E68 Y:0004 S:0124 D:0000 DB:86 nvMxdiZC V:252 H:160 F:15
				849256 98          TYA                    A:0A00 X:0E68 Y:0004 S:0124 D:0000 DB:86 nvMxdiZC V:252 H:165 F:15
				849257 09 80       ORA #$80               A:0A04 X:0E68 Y:0004 S:0124 D:0000 DB:86 nvMxdizC V:252 H:168 F:15
				849259 85 08       STA $08       [000008] A:0A84 X:0E68 Y:0004 S:0124 D:0000 DB:86 NvMxdizC V:252 H:171 F:15
				84925B B4 20       LDY $20,X     [000E88] A:0A84 X:0E68 Y:0004 S:0124 D:0000 DB:86 NvMxdizC V:252 H:176 F:15
				84925D B9 06 00    LDA $0006,Y   [86C94B] A:0A84 X:0E68 Y:C945 S:0124 D:0000 DB:86 NvMxdizC V:252 H:184 F:15
				849260 18          CLC                    A:0A00 X:0E68 Y:C945 S:0124 D:0000 DB:86 nvMxdiZC V:252 H:192 F:15
				849261 79 08 00    ADC $0008,Y   [86C94D] A:0A00 X:0E68 Y:C945 S:0124 D:0000 DB:86 nvMxdiZc V:252 H:195 F:15
				849264 95 2A       STA $2A,X     [000E92] A:0A0D X:0E68 Y:C945 S:0124 D:0000 DB:86 nvMxdizc V:252 H:202 F:15
				849266 B9 05 00    LDA $0005,Y   [86C94A] A:0A0D X:0E68 Y:C945 S:0124 D:0000 DB:86 nvMxdizc V:252 H:209 F:15
				849269 34 11       BIT $11,X     [000E79] A:0A00 X:0E68 Y:C945 S:0124 D:0000 DB:86 nvMxdiZc V:252 H:216 F:15
				84926B 50 03       BVC $0003     [849270] A:0A00 X:0E68 Y:C945 S:0124 D:0000 DB:86 nVMxdiZc V:252 H:223 F:15
				84926D 49 FF       EOR #$FF               A:0A00 X:0E68 Y:C945 S:0124 D:0000 DB:86 nVMxdiZc V:252 H:226 F:15
				84926F 1A          INC                    A:0AFF X:0E68 Y:C945 S:0124 D:0000 DB:86 NVMxdizc V:252 H:229 F:15
				849270 95 29       STA $29,X     [000E91] A:0A00 X:0E68 Y:C945 S:0124 D:0000 DB:86 nVMxdiZc V:252 H:232 F:15
				849272 20 C4 95    JSR $95C4     [8495C4] A:0A00 X:0E68 Y:C945 S:0124 D:0000 DB:86 nVMxdiZc V:252 H:238 F:15

				8495C4 B5 2A       LDA $2A,X     [000E92] A:0A00 X:0E68 Y:C945 S:0122 D:0000 DB:86 nVMxdiZc V:252 H:248 F:15
				8495C6 48          PHA                    A:0A0D X:0E68 Y:C945 S:0122 D:0000 DB:86 nVMxdizc V:252 H:255 F:15
				8495C7 A5 08       LDA $08       [000008] A:0A0D X:0E68 Y:C945 S:0121 D:0000 DB:86 nVMxdizc V:252 H:260 F:15
				8495C9 29 7F       AND #$7F               A:0A84 X:0E68 Y:C945 S:0121 D:0000 DB:86 NVMxdizc V:252 H:265 F:15
				8495CB 18          CLC                    A:0A04 X:0E68 Y:C945 S:0121 D:0000 DB:86 nVMxdizc V:252 H:268 F:15
				8495CC 75 2A       ADC $2A,X     [000E92] A:0A04 X:0E68 Y:C945 S:0121 D:0000 DB:86 nVMxdizc V:252 H:271 F:15
				8495CE 95 2A       STA $2A,X     [000E92] A:0A11 X:0E68 Y:C945 S:0121 D:0000 DB:86 nvMxdizc V:252 H:277 F:15
				8495D0 20 B3 90    JSR $90B3     [8490B3] A:0A11 X:0E68 Y:C945 S:0121 D:0000 DB:86 nvMxdizc V:252 H:284 F:15

				8490B3 0B          PHD                    A:0A11 X:0E68 Y:C945 S:011F D:0000 DB:86 nvMxdizc V:252 H:294 F:15
				8490B4 DA          PHX                    A:0A11 X:0E68 Y:C945 S:011D D:0000 DB:86 nvMxdizc V:252 H:301 F:15
				8490B5 08          PHP                    A:0A11 X:0E68 Y:C945 S:011B D:0000 DB:86 nvMxdizc V:252 H:308 F:15
				8490B6 E2 20       SEP #$20               A:0A11 X:0E68 Y:C945 S:011A D:0000 DB:86 nvMxdizc V:252 H:313 F:15
				8490B8 C2 10       REP #$10               A:0A11 X:0E68 Y:C945 S:011A D:0000 DB:86 nvMxdizc V:252 H:317 F:15
				8490BA 64 01       STZ $01       [000001] A:0A11 X:0E68 Y:C945 S:011A D:0000 DB:86 nvMxdizc V:252 H:322 F:15
				8490BC B5 29       LDA $29,X     [000E91] A:0A11 X:0E68 Y:C945 S:011A D:0000 DB:86 nvMxdizc V:252 H:326 F:15
				8490BE 10 02       BPL $0002     [8490C2] A:0A00 X:0E68 Y:C945 S:011A D:0000 DB:86 nvMxdiZc V:252 H:332 F:15
				8490C2 18          CLC                    A:0A00 X:0E68 Y:C945 S:011A D:0000 DB:86 nvMxdiZc V:252 H:337 F:15
				8490C3 75 05       ADC $05,X     [000E6D] A:0A00 X:0E68 Y:C945 S:011A D:0000 DB:86 nvMxdiZc V:253 H:  0 F:15
				8490C5 85 00       STA $00       [000000] A:0AE0 X:0E68 Y:C945 S:011A D:0000 DB:86 NvMxdizc V:253 H:  6 F:15
				8490C7 B5 06       LDA $06,X     [000E6E] A:0AE0 X:0E68 Y:C945 S:011A D:0000 DB:86 NvMxdizc V:253 H: 11 F:15
				8490C9 65 01       ADC $01       [000001] A:0A14 X:0E68 Y:C945 S:011A D:0000 DB:86 nvMxdizc V:253 H: 18 F:15
				8490CB 85 01       STA $01       [000001] A:0A14 X:0E68 Y:C945 S:011A D:0000 DB:86 nvMxdizc V:253 H: 23 F:15
				8490CD 64 03       STZ $03       [000003] A:0A14 X:0E68 Y:C945 S:011A D:0000 DB:86 nvMxdizc V:253 H: 28 F:15
				8490CF B5 2A       LDA $2A,X     [000E92] A:0A14 X:0E68 Y:C945 S:011A D:0000 DB:86 nvMxdizc V:253 H: 33 F:15
				8490D1 10 02       BPL $0002     [8490D5] A:0A11 X:0E68 Y:C945 S:011A D:0000 DB:86 nvMxdizc V:253 H: 39 F:15
				8490D5 18          CLC                    A:0A11 X:0E68 Y:C945 S:011A D:0000 DB:86 nvMxdizc V:253 H: 44 F:15
				8490D6 75 08       ADC $08,X     [000E70] A:0A11 X:0E68 Y:C945 S:011A D:0000 DB:86 nvMxdizc V:253 H: 47 F:15
				8490D8 85 02       STA $02       [000002] A:0A6E X:0E68 Y:C945 S:011A D:0000 DB:86 nvMxdizc V:253 H: 53 F:15
				8490DA 29 F0       AND #$F0               A:0A6E X:0E68 Y:C945 S:011A D:0000 DB:86 nvMxdizc V:253 H: 58 F:15
				8490DC 85 0A       STA $0A       [00000A] A:0A60 X:0E68 Y:C945 S:011A D:0000 DB:86 nvMxdizc V:253 H: 61 F:15
				8490DE B5 09       LDA $09,X     [000E71] A:0A60 X:0E68 Y:C945 S:011A D:0000 DB:86 nvMxdizc V:253 H: 66 F:15
				8490E0 65 03       ADC $03       [000003] A:0A0A X:0E68 Y:C945 S:011A D:0000 DB:86 nvMxdizc V:253 H: 73 F:15
				8490E2 85 03       STA $03       [000003] A:0A0A X:0E68 Y:C945 S:011A D:0000 DB:86 nvMxdizc V:253 H: 78 F:15
				8490E4 85 0B       STA $0B       [00000B] A:0A0A X:0E68 Y:C945 S:011A D:0000 DB:86 nvMxdizc V:253 H: 83 F:15
				8490E6 A5 00       LDA $00       [000000] A:0A0A X:0E68 Y:C945 S:011A D:0000 DB:86 nvMxdizc V:253 H: 88 F:15
				8490E8 29 0F       AND #$0F               A:0AE0 X:0E68 Y:C945 S:011A D:0000 DB:86 NvMxdizc V:253 H: 93 F:15
				8490EA 1A          INC                    A:0A00 X:0E68 Y:C945 S:011A D:0000 DB:86 nvMxdiZc V:253 H: 96 F:15
				8490EB 85 0C       STA $0C       [00000C] A:0A01 X:0E68 Y:C945 S:011A D:0000 DB:86 nvMxdizc V:253 H: 99 F:15
				8490ED A5 02       LDA $02       [000002] A:0A01 X:0E68 Y:C945 S:011A D:0000 DB:86 nvMxdizc V:253 H:104 F:15
				8490EF 29 0F       AND #$0F               A:0A6E X:0E68 Y:C945 S:011A D:0000 DB:86 nvMxdizc V:253 H:109 F:15
				8490F1 1A          INC                    A:0A0E X:0E68 Y:C945 S:011A D:0000 DB:86 nvMxdizc V:253 H:112 F:15
				8490F2 85 0E       STA $0E       [00000E] A:0A0F X:0E68 Y:C945 S:011A D:0000 DB:86 nvMxdizc V:253 H:115 F:15
				8490F4 C2 20       REP #$20               A:0A0F X:0E68 Y:C945 S:011A D:0000 DB:86 nvMxdizc V:253 H:120 F:15
				8490F6 20 6A 91    JSR $916A     [84916A] A:0A0F X:0E68 Y:C945 S:011A D:0000 DB:86 nvmxdizc V:253 H:124 F:15

				84916A A9 00 E8    LDA #$E800             A:0A0F X:0E68 Y:C945 S:0118 D:0000 DB:86 nvmxdizc V:253 H:144 F:15
				84916D 85 10       STA $10       [000010] A:E800 X:0E68 Y:C945 S:0118 D:0000 DB:86 Nvmxdizc V:253 H:149 F:15
				84916F A9 7E 00    LDA #$007E             A:E800 X:0E68 Y:C945 S:0118 D:0000 DB:86 Nvmxdizc V:253 H:156 F:15
				849172 85 12       STA $12       [000012] A:007E X:0E68 Y:C945 S:0118 D:0000 DB:86 nvmxdizc V:253 H:160 F:15
				849174 A5 02       LDA $02       [000002] A:007E X:0E68 Y:C945 S:0118 D:0000 DB:86 nvmxdizc V:253 H:167 F:15
				849176 29 F0 00    AND #$00F0             A:0A6E X:0E68 Y:C945 S:0118 D:0000 DB:86 nvmxdizc V:253 H:174 F:15
				849179 0A          ASL A                  A:0060 X:0E68 Y:C945 S:0118 D:0000 DB:86 nvmxdizc V:253 H:179 F:15
				84917A 85 04       STA $04       [000004] A:00C0 X:0E68 Y:C945 S:0118 D:0000 DB:86 nvmxdizc V:253 H:182 F:15
				84917C A5 00       LDA $00       [000000] A:00C0 X:0E68 Y:C945 S:0118 D:0000 DB:86 nvmxdizc V:253 H:189 F:15
				84917E 29 FF 00    AND #$00FF             A:14E0 X:0E68 Y:C945 S:0118 D:0000 DB:86 nvmxdizc V:253 H:196 F:15
				849181 4A          LSR A                  A:00E0 X:0E68 Y:C945 S:0118 D:0000 DB:86 nvmxdizc V:253 H:200 F:15
				849182 4A          LSR A                  A:0070 X:0E68 Y:C945 S:0118 D:0000 DB:86 nvmxdizc V:253 H:203 F:15
				849183 4A          LSR A                  A:0038 X:0E68 Y:C945 S:0118 D:0000 DB:86 nvmxdizc V:253 H:206 F:15
				849184 29 FE FF    AND #$FFFE             A:001C X:0E68 Y:C945 S:0118 D:0000 DB:86 nvmxdizc V:253 H:209 F:15
				849187 18          CLC                    A:001C X:0E68 Y:C945 S:0118 D:0000 DB:86 nvmxdizc V:253 H:214 F:15
				849188 65 04       ADC $04       [000004] A:001C X:0E68 Y:C945 S:0118 D:0000 DB:86 nvmxdizc V:253 H:217 F:15
				84918A 85 06       STA $06       [000006] A:00DC X:0E68 Y:C945 S:0118 D:0000 DB:86 nvmxdizc V:253 H:224 F:15
				84918C A5 00       LDA $00       [000000] A:00DC X:0E68 Y:C945 S:0118 D:0000 DB:86 nvmxdizc V:253 H:231 F:15
				84918E EB          XBA                    A:14E0 X:0E68 Y:C945 S:0118 D:0000 DB:86 nvmxdizc V:253 H:238 F:15
				84918F 29 1F 00    AND #$001F             A:E014 X:0E68 Y:C945 S:0118 D:0000 DB:86 nvmxdizc V:253 H:242 F:15
				849192 85 04       STA $04       [000004] A:0014 X:0E68 Y:C945 S:0118 D:0000 DB:86 nvmxdizc V:253 H:247 F:15
				849194 A5 02       LDA $02       [000002] A:0014 X:0E68 Y:C945 S:0118 D:0000 DB:86 nvmxdizc V:253 H:254 F:15
				849196 29 00 1F    AND #$1F00             A:0A6E X:0E68 Y:C945 S:0118 D:0000 DB:86 nvmxdizc V:253 H:261 F:15
				849199 4A          LSR A                  A:0A00 X:0E68 Y:C945 S:0118 D:0000 DB:86 nvmxdizc V:253 H:265 F:15
				84919A 4A          LSR A                  A:0500 X:0E68 Y:C945 S:0118 D:0000 DB:86 nvmxdizc V:253 H:268 F:15
				84919B 4A          LSR A                  A:0280 X:0E68 Y:C945 S:0118 D:0000 DB:86 nvmxdizc V:253 H:271 F:15
				84919C 18          CLC                    A:0140 X:0E68 Y:C945 S:0118 D:0000 DB:86 nvmxdizc V:253 H:274 F:15
				84919D 65 04       ADC $04       [000004] A:0140 X:0E68 Y:C945 S:0118 D:0000 DB:86 nvmxdizc V:253 H:277 F:15
				84919F A8          TAY                    A:0154 X:0E68 Y:C945 S:0118 D:0000 DB:86 nvmxdizc V:253 H:284 F:15
				8491A0 B7 10       LDA [$10],Y   [7EE954] A:0154 X:0E68 Y:0154 S:0118 D:0000 DB:86 nvmxdizc V:253 H:287 F:15
				8491A2 29 FF 00    AND #$00FF             A:0038 X:0E68 Y:0154 S:0118 D:0000 DB:86 nvmxdizc V:253 H:300 F:15
				8491A5 A8          TAY                    A:0038 X:0E68 Y:0154 S:0118 D:0000 DB:86 nvmxdizc V:253 H:305 F:15
				8491A6 EB          XBA                    A:0038 X:0E68 Y:0038 S:0118 D:0000 DB:86 nvmxdizc V:253 H:308 F:15
				8491A7 0A          ASL A                  A:3800 X:0E68 Y:0038 S:0118 D:0000 DB:86 nvmxdiZc V:253 H:312 F:15
				8491A8 18          CLC                    A:7000 X:0E68 Y:0038 S:0118 D:0000 DB:86 nvmxdizc V:253 H:315 F:15
				8491A9 65 06       ADC $06       [000006] A:7000 X:0E68 Y:0038 S:0118 D:0000 DB:86 nvmxdizc V:253 H:318 F:15
				8491AB AA          TAX                    A:70DC X:0E68 Y:0038 S:0118 D:0000 DB:86 nvmxdizc V:253 H:325 F:15
				8491AC 60          RTS                    A:70DC X:70DC Y:0038 S:0118 D:0000 DB:86 nvmxdizc V:253 H:327 F:15

				8490F9 BF 00 20 7E LDA $7E2000,X [7E90DC] A:70DC X:70DC Y:0038 S:011A D:0000 DB:86 nvmxdizc V:253 H:337 F:15
				8490FD A8          TAY                    A:0225 X:70DC Y:0038 S:011A D:0000 DB:86 nvmxdizc V:254 H:  7 F:15
				8490FE AD 92 0B    LDA $0B92     [860B92] A:0225 X:70DC Y:0225 S:011A D:0000 DB:86 nvmxdizc V:254 H: 10 F:15
				849101 85 10       STA $10       [000010] A:DB57 X:70DC Y:0225 S:011A D:0000 DB:86 Nvmxdizc V:254 H: 19 F:15
				849103 AD 94 0B    LDA $0B94     [860B94] A:DB57 X:70DC Y:0225 S:011A D:0000 DB:86 Nvmxdizc V:254 H: 26 F:15
				849106 85 12       STA $12       [000012] A:B895 X:70DC Y:0225 S:011A D:0000 DB:86 Nvmxdizc V:254 H: 34 F:15
				849108 B7 10       LDA [$10],Y   [95DD7C] A:B895 X:70DC Y:0225 S:011A D:0000 DB:86 Nvmxdizc V:254 H: 41 F:15
				84910A 29 FF 00    AND #$00FF             A:0000 X:70DC Y:0225 S:011A D:0000 DB:86 nvmxdiZc V:254 H: 53 F:15
				84910D 28          PLP                    A:0000 X:70DC Y:0225 S:011A D:0000 DB:86 nvmxdiZc V:254 H: 58 F:15
				84910E FA          PLX                    A:0000 X:70DC Y:0225 S:011B D:0000 DB:86 nvMxdizc V:254 H: 64 F:15
				84910F 2B          PLD                    A:0000 X:0E68 Y:0225 S:011D D:0000 DB:86 nvMxdizc V:254 H: 73 F:15
				849110 60          RTS                    A:0000 X:0E68 Y:0225 S:011F D:0000 DB:86 nvMxdiZc V:254 H: 81 F:15

				8495D3 95 2E       STA $2E,X     [000E96] A:0000 X:0E68 Y:0225 S:0121 D:0000 DB:86 nvMxdiZc V:254 H: 91 F:15
				8495D5 85 18       STA $18       [000018] A:0000 X:0E68 Y:0225 S:0121 D:0000 DB:86 nvMxdiZc V:254 H: 98 F:15
				8495D7 29 3F       AND #$3F               A:0000 X:0E68 Y:0225 S:0121 D:0000 DB:86 nvMxdiZc V:254 H:103 F:15
				8495D9 0A          ASL A                  A:0000 X:0E68 Y:0225 S:0121 D:0000 DB:86 nvMxdiZc V:254 H:106 F:15
				8495DA EB          XBA                    A:0000 X:0E68 Y:0225 S:0121 D:0000 DB:86 nvMxdiZc V:254 H:109 F:15
				8495DB A9 00       LDA #$00               A:0000 X:0E68 Y:0225 S:0121 D:0000 DB:86 nvMxdiZc V:254 H:113 F:15
				8495DD EB          XBA                    A:0000 X:0E68 Y:0225 S:0121 D:0000 DB:86 nvMxdiZc V:254 H:116 F:15
				8495DE A8          TAY                    A:0000 X:0E68 Y:0225 S:0121 D:0000 DB:86 nvMxdiZc V:254 H:121 F:15
				8495DF 84 28       STY $28       [000028] A:0000 X:0E68 Y:0000 S:0121 D:0000 DB:86 nvMxdiZc V:254 H:124 F:15
				8495E1 86 2C       STX $2C       [00002C] A:0000 X:0E68 Y:0000 S:0121 D:0000 DB:86 nvMxdiZc V:254 H:131 F:15
				8495E3 68          PLA                    A:0000 X:0E68 Y:0000 S:0121 D:0000 DB:86 nvMxdiZc V:254 H:148 F:15
				8495E4 95 2A       STA $2A,X     [000E92] A:000D X:0E68 Y:0000 S:0122 D:0000 DB:86 nvMxdizc V:254 H:154 F:15
				8495E6 A6 2C       LDX $2C       [00002C] A:000D X:0E68 Y:0000 S:0122 D:0000 DB:86 nvMxdizc V:254 H:161 F:15
				8495E8 A9 FB       LDA #$FB               A:000D X:0E68 Y:0000 S:0122 D:0000 DB:86 nvMxdizc V:254 H:168 F:15
				8495EA 35 2B       AND $2B,X     [000E93] A:00FB X:0E68 Y:0000 S:0122 D:0000 DB:86 NvMxdizc V:254 H:171 F:15
				8495EC 95 2B       STA $2B,X     [000E93] A:0001 X:0E68 Y:0000 S:0122 D:0000 DB:86 nvMxdizc V:254 H:177 F:15
				8495EE 64 01       STZ $01       [000001] A:0001 X:0E68 Y:0000 S:0122 D:0000 DB:86 nvMxdizc V:254 H:184 F:15
				8495F0 B5 2A       LDA $2A,X     [000E92] A:0001 X:0E68 Y:0000 S:0122 D:0000 DB:86 nvMxdizc V:254 H:189 F:15
				8495F2 85 02       STA $02       [000002] A:000D X:0E68 Y:0000 S:0122 D:0000 DB:86 nvMxdizc V:254 H:195 F:15
				8495F4 64 03       STZ $03       [000003] A:000D X:0E68 Y:0000 S:0122 D:0000 DB:86 nvMxdizc V:254 H:200 F:15
				8495F6 B4 05       LDY $05,X     [000E6D] A:000D X:0E68 Y:0000 S:0122 D:0000 DB:86 nvMxdizc V:254 H:205 F:15
				8495F8 84 10       STY $10       [000010] A:000D X:0E68 Y:14E0 S:0122 D:0000 DB:86 nvMxdizc V:254 H:214 F:15
				8495FA B4 08       LDY $08,X     [000E70] A:000D X:0E68 Y:14E0 S:0122 D:0000 DB:86 nvMxdizc V:254 H:221 F:15
				8495FC 84 12       STY $12       [000012] A:000D X:0E68 Y:0A5D S:0122 D:0000 DB:86 nvMxdizc V:254 H:229 F:15
				8495FE A6 28       LDX $28       [000028] A:000D X:0E68 Y:0A5D S:0122 D:0000 DB:86 nvMxdizc V:254 H:236 F:15
				849600 FC 1C 96    JSR ($961C,X) [84961C] A:000D X:0000 Y:0A5D S:0122 D:0000 DB:86 nvMxdiZc V:254 H:243 F:15

				84969C AD 1C 1F    LDA $1F1C     [861F1C] A:000D X:0000 Y:0A5D S:0120 D:0000 DB:86 nvMxdiZc V:254 H:256 F:15
				84969F F0 11       BEQ $0011     [8496B2] A:0000 X:0000 Y:0A5D S:0120 D:0000 DB:86 nvMxdiZc V:254 H:263 F:15
				8496B2 A9 00       LDA #$00               A:0000 X:0000 Y:0A5D S:0120 D:0000 DB:86 nvMxdiZc V:254 H:267 F:15
				8496B4 60          RTS                    A:0000 X:0000 Y:0A5D S:0120 D:0000 DB:86 nvMxdiZc V:254 H:270 F:15

				849603 F0 11       BEQ $0011     [849616] A:0000 X:0000 Y:0A5D S:0122 D:0000 DB:86 nvMxdiZc V:254 H:280 F:15
				849616 A6 2C       LDX $2C       [00002C] A:0000 X:0000 Y:0A5D S:0122 D:0000 DB:86 nvMxdiZc V:254 H:285 F:15
				849618 20 08 93    JSR $9308     [849308] A:0000 X:0E68 Y:0A5D S:0122 D:0000 DB:86 nvMxdizc V:254 H:292 F:15

				849308 A5 14       LDA $14       [000014] A:0000 X:0E68 Y:0A5D S:0120 D:0000 DB:86 nvMxdizc V:254 H:302 F:15
				84930A F0 08       BEQ $0008     [849314] A:0000 X:0E68 Y:0A5D S:0120 D:0000 DB:86 nvMxdiZc V:254 H:307 F:15
				849314 60          RTS                    A:0000 X:0E68 Y:0A5D S:0120 D:0000 DB:86 nvMxdiZc V:254 H:311 F:15

				84961B 60          RTS                    A:0000 X:0E68 Y:0A5D S:0122 D:0000 DB:86 nvMxdiZc V:254 H:321 F:15

				849275 D0 32       BNE $0032     [8492A9] A:0000 X:0E68 Y:0A5D S:0124 D:0000 DB:86 nvMxdiZc V:254 H:330 F:15
				849277 A5 08       LDA $08       [000008] A:0000 X:0E68 Y:0A5D S:0124 D:0000 DB:86 nvMxdiZc V:254 H:333 F:15
				849279 29 7F       AND #$7F               A:0084 X:0E68 Y:0A5D S:0124 D:0000 DB:86 NvMxdizc V:254 H:338 F:15
				84927B 85 08       STA $08       [000008] A:0004 X:0E68 Y:0A5D S:0124 D:0000 DB:86 nvMxdizc V:255 H:  1 F:15
				84927D B4 20       LDY $20,X     [000E88] A:0004 X:0E68 Y:0A5D S:0124 D:0000 DB:86 nvMxdizc V:255 H:  6 F:15
				84927F B9 05 00    LDA $0005,Y   [86C94A] A:0004 X:0E68 Y:C945 S:0124 D:0000 DB:86 NvMxdizc V:255 H: 15 F:15
				849282 34 11       BIT $11,X     [000E79] A:0000 X:0E68 Y:C945 S:0124 D:0000 DB:86 nvMxdiZc V:255 H: 22 F:15
				849284 50 03       BVC $0003     [849289] A:0000 X:0E68 Y:C945 S:0124 D:0000 DB:86 nVMxdiZc V:255 H: 29 F:15
				849286 49 FF       EOR #$FF               A:0000 X:0E68 Y:C945 S:0124 D:0000 DB:86 nVMxdiZc V:255 H: 32 F:15
				849288 1A          INC                    A:00FF X:0E68 Y:C945 S:0124 D:0000 DB:86 NVMxdizc V:255 H: 35 F:15
				849289 38          SEC                    A:0000 X:0E68 Y:C945 S:0124 D:0000 DB:86 nVMxdiZc V:255 H: 38 F:15
				84928A F9 07 00    SBC $0007,Y   [86C94C] A:0000 X:0E68 Y:C945 S:0124 D:0000 DB:86 nVMxdiZC V:255 H: 41 F:15
				84928D 95 29       STA $29,X     [000E91] A:00F1 X:0E68 Y:C945 S:0124 D:0000 DB:86 NvMxdizc V:255 H: 48 F:15
				84928F 20 C4 95    JSR $95C4     [8495C4] A:00F1 X:0E68 Y:C945 S:0124 D:0000 DB:86 NvMxdizc V:255 H: 55 F:15

				8495C4 B5 2A       LDA $2A,X     [000E92] A:00F1 X:0E68 Y:C945 S:0122 D:0000 DB:86 NvMxdizc V:255 H: 65 F:15
				8495C6 48          PHA                    A:000D X:0E68 Y:C945 S:0122 D:0000 DB:86 nvMxdizc V:255 H: 71 F:15
				8495C7 A5 08       LDA $08       [000008] A:000D X:0E68 Y:C945 S:0121 D:0000 DB:86 nvMxdizc V:255 H: 76 F:15
				8495C9 29 7F       AND #$7F               A:0004 X:0E68 Y:C945 S:0121 D:0000 DB:86 nvMxdizc V:255 H: 81 F:15
				8495CB 18          CLC                    A:0004 X:0E68 Y:C945 S:0121 D:0000 DB:86 nvMxdizc V:255 H: 84 F:15
				8495CC 75 2A       ADC $2A,X     [000E92] A:0004 X:0E68 Y:C945 S:0121 D:0000 DB:86 nvMxdizc V:255 H: 87 F:15
				8495CE 95 2A       STA $2A,X     [000E92] A:0011 X:0E68 Y:C945 S:0121 D:0000 DB:86 nvMxdizc V:255 H: 94 F:15
				8495D0 20 B3 90    JSR $90B3     [8490B3] A:0011 X:0E68 Y:C945 S:0121 D:0000 DB:86 nvMxdizc V:255 H:100 F:15

				8490B3 0B          PHD                    A:0011 X:0E68 Y:C945 S:011F D:0000 DB:86 nvMxdizc V:255 H:110 F:15
				8490B4 DA          PHX                    A:0011 X:0E68 Y:C945 S:011D D:0000 DB:86 nvMxdizc V:255 H:117 F:15
				8490B5 08          PHP                    A:0011 X:0E68 Y:C945 S:011B D:0000 DB:86 nvMxdizc V:255 H:124 F:15
				8490B6 E2 20       SEP #$20               A:0011 X:0E68 Y:C945 S:011A D:0000 DB:86 nvMxdizc V:255 H:129 F:15
				8490B8 C2 10       REP #$10               A:0011 X:0E68 Y:C945 S:011A D:0000 DB:86 nvMxdizc V:255 H:144 F:15
				8490BA 64 01       STZ $01       [000001] A:0011 X:0E68 Y:C945 S:011A D:0000 DB:86 nvMxdizc V:255 H:148 F:15
				8490BC B5 29       LDA $29,X     [000E91] A:0011 X:0E68 Y:C945 S:011A D:0000 DB:86 nvMxdizc V:255 H:153 F:15
				8490BE 10 02       BPL $0002     [8490C2] A:00F1 X:0E68 Y:C945 S:011A D:0000 DB:86 NvMxdizc V:255 H:160 F:15
				8490C0 C6 01       DEC $01       [000001] A:00F1 X:0E68 Y:C945 S:011A D:0000 DB:86 NvMxdizc V:255 H:163 F:15
				8490C2 18          CLC                    A:00F1 X:0E68 Y:C945 S:011A D:0000 DB:86 NvMxdizc V:255 H:171 F:15
				8490C3 75 05       ADC $05,X     [000E6D] A:00F1 X:0E68 Y:C945 S:011A D:0000 DB:86 NvMxdizc V:255 H:174 F:15
				8490C5 85 00       STA $00       [000000] A:00D1 X:0E68 Y:C945 S:011A D:0000 DB:86 NvMxdizC V:255 H:181 F:15
				8490C7 B5 06       LDA $06,X     [000E6E] A:00D1 X:0E68 Y:C945 S:011A D:0000 DB:86 NvMxdizC V:255 H:186 F:15
				8490C9 65 01       ADC $01       [000001] A:0014 X:0E68 Y:C945 S:011A D:0000 DB:86 nvMxdizC V:255 H:192 F:15
				8490CB 85 01       STA $01       [000001] A:0014 X:0E68 Y:C945 S:011A D:0000 DB:86 nvMxdizC V:255 H:197 F:15
				8490CD 64 03       STZ $03       [000003] A:0014 X:0E68 Y:C945 S:011A D:0000 DB:86 nvMxdizC V:255 H:202 F:15
				8490CF B5 2A       LDA $2A,X     [000E92] A:0014 X:0E68 Y:C945 S:011A D:0000 DB:86 nvMxdizC V:255 H:207 F:15
				8490D1 10 02       BPL $0002     [8490D5] A:0011 X:0E68 Y:C945 S:011A D:0000 DB:86 nvMxdizC V:255 H:214 F:15
				8490D5 18          CLC                    A:0011 X:0E68 Y:C945 S:011A D:0000 DB:86 nvMxdizC V:255 H:218 F:15
				8490D6 75 08       ADC $08,X     [000E70] A:0011 X:0E68 Y:C945 S:011A D:0000 DB:86 nvMxdizc V:255 H:221 F:15
				8490D8 85 02       STA $02       [000002] A:006E X:0E68 Y:C945 S:011A D:0000 DB:86 nvMxdizc V:255 H:228 F:15
				8490DA 29 F0       AND #$F0               A:006E X:0E68 Y:C945 S:011A D:0000 DB:86 nvMxdizc V:255 H:233 F:15
				8490DC 85 0A       STA $0A       [00000A] A:0060 X:0E68 Y:C945 S:011A D:0000 DB:86 nvMxdizc V:255 H:236 F:15
				8490DE B5 09       LDA $09,X     [000E71] A:0060 X:0E68 Y:C945 S:011A D:0000 DB:86 nvMxdizc V:255 H:241 F:15
				8490E0 65 03       ADC $03       [000003] A:000A X:0E68 Y:C945 S:011A D:0000 DB:86 nvMxdizc V:255 H:247 F:15
				8490E2 85 03       STA $03       [000003] A:000A X:0E68 Y:C945 S:011A D:0000 DB:86 nvMxdizc V:255 H:252 F:15
				8490E4 85 0B       STA $0B       [00000B] A:000A X:0E68 Y:C945 S:011A D:0000 DB:86 nvMxdizc V:255 H:257 F:15
				8490E6 A5 00       LDA $00       [000000] A:000A X:0E68 Y:C945 S:011A D:0000 DB:86 nvMxdizc V:255 H:262 F:15
				8490E8 29 0F       AND #$0F               A:00D1 X:0E68 Y:C945 S:011A D:0000 DB:86 NvMxdizc V:255 H:267 F:15
				8490EA 1A          INC                    A:0001 X:0E68 Y:C945 S:011A D:0000 DB:86 nvMxdizc V:255 H:270 F:15
				8490EB 85 0C       STA $0C       [00000C] A:0002 X:0E68 Y:C945 S:011A D:0000 DB:86 nvMxdizc V:255 H:273 F:15
				8490ED A5 02       LDA $02       [000002] A:0002 X:0E68 Y:C945 S:011A D:0000 DB:86 nvMxdizc V:255 H:278 F:15
				8490EF 29 0F       AND #$0F               A:006E X:0E68 Y:C945 S:011A D:0000 DB:86 nvMxdizc V:255 H:283 F:15
				8490F1 1A          INC                    A:000E X:0E68 Y:C945 S:011A D:0000 DB:86 nvMxdizc V:255 H:286 F:15
				8490F2 85 0E       STA $0E       [00000E] A:000F X:0E68 Y:C945 S:011A D:0000 DB:86 nvMxdizc V:255 H:289 F:15
				8490F4 C2 20       REP #$20               A:000F X:0E68 Y:C945 S:011A D:0000 DB:86 nvMxdizc V:255 H:294 F:15
				8490F6 20 6A 91    JSR $916A     [84916A] A:000F X:0E68 Y:C945 S:011A D:0000 DB:86 nvmxdizc V:255 H:299 F:15

				84916A A9 00 E8    LDA #$E800             A:000F X:0E68 Y:C945 S:0118 D:0000 DB:86 nvmxdizc V:255 H:309 F:15
				84916D 85 10       STA $10       [000010] A:E800 X:0E68 Y:C945 S:0118 D:0000 DB:86 Nvmxdizc V:255 H:313 F:15
				84916F A9 7E 00    LDA #$007E             A:E800 X:0E68 Y:C945 S:0118 D:0000 DB:86 Nvmxdizc V:255 H:320 F:15
				849172 85 12       STA $12       [000012] A:007E X:0E68 Y:C945 S:0118 D:0000 DB:86 nvmxdizc V:255 H:324 F:15
				849174 A5 02       LDA $02       [000002] A:007E X:0E68 Y:C945 S:0118 D:0000 DB:86 nvmxdizc V:255 H:331 F:15
				849176 29 F0 00    AND #$00F0             A:0A6E X:0E68 Y:C945 S:0118 D:0000 DB:86 nvmxdizc V:255 H:338 F:15
				849179 0A          ASL A                  A:0060 X:0E68 Y:C945 S:0118 D:0000 DB:86 nvmxdizc V:256 H:  2 F:15
				84917A 85 04       STA $04       [000004] A:00C0 X:0E68 Y:C945 S:0118 D:0000 DB:86 nvmxdizc V:256 H:  5 F:15
				84917C A5 00       LDA $00       [000000] A:00C0 X:0E68 Y:C945 S:0118 D:0000 DB:86 nvmxdizc V:256 H: 12 F:15
				84917E 29 FF 00    AND #$00FF             A:14D1 X:0E68 Y:C945 S:0118 D:0000 DB:86 nvmxdizc V:256 H: 19 F:15
				849181 4A          LSR A                  A:00D1 X:0E68 Y:C945 S:0118 D:0000 DB:86 nvmxdizc V:256 H: 24 F:15
				849182 4A          LSR A                  A:0068 X:0E68 Y:C945 S:0118 D:0000 DB:86 nvmxdizC V:256 H: 27 F:15
				849183 4A          LSR A                  A:0034 X:0E68 Y:C945 S:0118 D:0000 DB:86 nvmxdizc V:256 H: 30 F:15
				849184 29 FE FF    AND #$FFFE             A:001A X:0E68 Y:C945 S:0118 D:0000 DB:86 nvmxdizc V:256 H: 33 F:15
				849187 18          CLC                    A:001A X:0E68 Y:C945 S:0118 D:0000 DB:86 nvmxdizc V:256 H: 37 F:15
				849188 65 04       ADC $04       [000004] A:001A X:0E68 Y:C945 S:0118 D:0000 DB:86 nvmxdizc V:256 H: 40 F:15
				84918A 85 06       STA $06       [000006] A:00DA X:0E68 Y:C945 S:0118 D:0000 DB:86 nvmxdizc V:256 H: 47 F:15
				84918C A5 00       LDA $00       [000000] A:00DA X:0E68 Y:C945 S:0118 D:0000 DB:86 nvmxdizc V:256 H: 54 F:15
				84918E EB          XBA                    A:14D1 X:0E68 Y:C945 S:0118 D:0000 DB:86 nvmxdizc V:256 H: 61 F:15
				84918F 29 1F 00    AND #$001F             A:D114 X:0E68 Y:C945 S:0118 D:0000 DB:86 nvmxdizc V:256 H: 66 F:15
				849192 85 04       STA $04       [000004] A:0014 X:0E68 Y:C945 S:0118 D:0000 DB:86 nvmxdizc V:256 H: 70 F:15
				849194 A5 02       LDA $02       [000002] A:0014 X:0E68 Y:C945 S:0118 D:0000 DB:86 nvmxdizc V:256 H: 77 F:15
				849196 29 00 1F    AND #$1F00             A:0A6E X:0E68 Y:C945 S:0118 D:0000 DB:86 nvmxdizc V:256 H: 84 F:15
				849199 4A          LSR A                  A:0A00 X:0E68 Y:C945 S:0118 D:0000 DB:86 nvmxdizc V:256 H: 89 F:15
				84919A 4A          LSR A                  A:0500 X:0E68 Y:C945 S:0118 D:0000 DB:86 nvmxdizc V:256 H: 92 F:15
				84919B 4A          LSR A                  A:0280 X:0E68 Y:C945 S:0118 D:0000 DB:86 nvmxdizc V:256 H: 95 F:15
				84919C 18          CLC                    A:0140 X:0E68 Y:C945 S:0118 D:0000 DB:86 nvmxdizc V:256 H: 98 F:15
				84919D 65 04       ADC $04       [000004] A:0140 X:0E68 Y:C945 S:0118 D:0000 DB:86 nvmxdizc V:256 H:101 F:15
				84919F A8          TAY                    A:0154 X:0E68 Y:C945 S:0118 D:0000 DB:86 nvmxdizc V:256 H:108 F:15
				8491A0 B7 10       LDA [$10],Y   [7EE954] A:0154 X:0E68 Y:0154 S:0118 D:0000 DB:86 nvmxdizc V:256 H:111 F:15
				8491A2 29 FF 00    AND #$00FF             A:0038 X:0E68 Y:0154 S:0118 D:0000 DB:86 nvmxdizc V:256 H:124 F:15
				8491A5 A8          TAY                    A:0038 X:0E68 Y:0154 S:0118 D:0000 DB:86 nvmxdizc V:256 H:128 F:15
				8491A6 EB          XBA                    A:0038 X:0E68 Y:0038 S:0118 D:0000 DB:86 nvmxdizc V:256 H:131 F:15
				8491A7 0A          ASL A                  A:3800 X:0E68 Y:0038 S:0118 D:0000 DB:86 nvmxdiZc V:256 H:146 F:15
				8491A8 18          CLC                    A:7000 X:0E68 Y:0038 S:0118 D:0000 DB:86 nvmxdizc V:256 H:149 F:15
				8491A9 65 06       ADC $06       [000006] A:7000 X:0E68 Y:0038 S:0118 D:0000 DB:86 nvmxdizc V:256 H:152 F:15
				8491AB AA          TAX                    A:70DA X:0E68 Y:0038 S:0118 D:0000 DB:86 nvmxdizc V:256 H:159 F:15
				8491AC 60          RTS                    A:70DA X:70DA Y:0038 S:0118 D:0000 DB:86 nvmxdizc V:256 H:162 F:15

				8490F9 BF 00 20 7E LDA $7E2000,X [7E90DA] A:70DA X:70DA Y:0038 S:011A D:0000 DB:86 nvmxdizc V:256 H:172 F:15
				8490FD A8          TAY                    A:01EC X:70DA Y:0038 S:011A D:0000 DB:86 nvmxdizc V:256 H:182 F:15
				8490FE AD 92 0B    LDA $0B92     [860B92] A:01EC X:70DA Y:01EC S:011A D:0000 DB:86 nvmxdizc V:256 H:185 F:15
				849101 85 10       STA $10       [000010] A:DB57 X:70DA Y:01EC S:011A D:0000 DB:86 Nvmxdizc V:256 H:193 F:15
				849103 AD 94 0B    LDA $0B94     [860B94] A:DB57 X:70DA Y:01EC S:011A D:0000 DB:86 Nvmxdizc V:256 H:200 F:15
				849106 85 12       STA $12       [000012] A:B895 X:70DA Y:01EC S:011A D:0000 DB:86 Nvmxdizc V:256 H:209 F:15
				849108 B7 10       LDA [$10],Y   [95DD43] A:B895 X:70DA Y:01EC S:011A D:0000 DB:86 Nvmxdizc V:256 H:216 F:15
				84910A 29 FF 00    AND #$00FF             A:0000 X:70DA Y:01EC S:011A D:0000 DB:86 nvmxdiZc V:256 H:228 F:15
				84910D 28          PLP                    A:0000 X:70DA Y:01EC S:011A D:0000 DB:86 nvmxdiZc V:256 H:232 F:15
				84910E FA          PLX                    A:0000 X:70DA Y:01EC S:011B D:0000 DB:86 nvMxdizc V:256 H:239 F:15
				84910F 2B          PLD                    A:0000 X:0E68 Y:01EC S:011D D:0000 DB:86 nvMxdizc V:256 H:247 F:15
				849110 60          RTS                    A:0000 X:0E68 Y:01EC S:011F D:0000 DB:86 nvMxdiZc V:256 H:256 F:15

				8495D3 95 2E       STA $2E,X     [000E96] A:0000 X:0E68 Y:01EC S:0121 D:0000 DB:86 nvMxdiZc V:256 H:266 F:15
				8495D5 85 18       STA $18       [000018] A:0000 X:0E68 Y:01EC S:0121 D:0000 DB:86 nvMxdiZc V:256 H:272 F:15
				8495D7 29 3F       AND #$3F               A:0000 X:0E68 Y:01EC S:0121 D:0000 DB:86 nvMxdiZc V:256 H:277 F:15
				8495D9 0A          ASL A                  A:0000 X:0E68 Y:01EC S:0121 D:0000 DB:86 nvMxdiZc V:256 H:280 F:15
				8495DA EB          XBA                    A:0000 X:0E68 Y:01EC S:0121 D:0000 DB:86 nvMxdiZc V:256 H:283 F:15
				8495DB A9 00       LDA #$00               A:0000 X:0E68 Y:01EC S:0121 D:0000 DB:86 nvMxdiZc V:256 H:288 F:15
				8495DD EB          XBA                    A:0000 X:0E68 Y:01EC S:0121 D:0000 DB:86 nvMxdiZc V:256 H:291 F:15
				8495DE A8          TAY                    A:0000 X:0E68 Y:01EC S:0121 D:0000 DB:86 nvMxdiZc V:256 H:295 F:15
				8495DF 84 28       STY $28       [000028] A:0000 X:0E68 Y:0000 S:0121 D:0000 DB:86 nvMxdiZc V:256 H:298 F:15
				8495E1 86 2C       STX $2C       [00002C] A:0000 X:0E68 Y:0000 S:0121 D:0000 DB:86 nvMxdiZc V:256 H:305 F:15
				8495E3 68          PLA                    A:0000 X:0E68 Y:0000 S:0121 D:0000 DB:86 nvMxdiZc V:256 H:312 F:15
				8495E4 95 2A       STA $2A,X     [000E92] A:000D X:0E68 Y:0000 S:0122 D:0000 DB:86 nvMxdizc V:256 H:319 F:15
				8495E6 A6 2C       LDX $2C       [00002C] A:000D X:0E68 Y:0000 S:0122 D:0000 DB:86 nvMxdizc V:256 H:325 F:15
				8495E8 A9 FB       LDA #$FB               A:000D X:0E68 Y:0000 S:0122 D:0000 DB:86 nvMxdizc V:256 H:331 F:15
				8495EA 35 2B       AND $2B,X     [000E93] A:00FB X:0E68 Y:0000 S:0122 D:0000 DB:86 NvMxdizc V:256 H:334 F:15
				8495EC 95 2B       STA $2B,X     [000E93] A:0001 X:0E68 Y:0000 S:0122 D:0000 DB:86 nvMxdizc V:257 H:  1 F:15
				8495EE 64 01       STZ $01       [000001] A:0001 X:0E68 Y:0000 S:0122 D:0000 DB:86 nvMxdizc V:257 H:  7 F:15
				8495F0 B5 2A       LDA $2A,X     [000E92] A:0001 X:0E68 Y:0000 S:0122 D:0000 DB:86 nvMxdizc V:257 H: 12 F:15
				8495F2 85 02       STA $02       [000002] A:000D X:0E68 Y:0000 S:0122 D:0000 DB:86 nvMxdizc V:257 H: 19 F:15
				8495F4 64 03       STZ $03       [000003] A:000D X:0E68 Y:0000 S:0122 D:0000 DB:86 nvMxdizc V:257 H: 24 F:15
				8495F6 B4 05       LDY $05,X     [000E6D] A:000D X:0E68 Y:0000 S:0122 D:0000 DB:86 nvMxdizc V:257 H: 29 F:15
				8495F8 84 10       STY $10       [000010] A:000D X:0E68 Y:14E0 S:0122 D:0000 DB:86 nvMxdizc V:257 H: 37 F:15
				8495FA B4 08       LDY $08,X     [000E70] A:000D X:0E68 Y:14E0 S:0122 D:0000 DB:86 nvMxdizc V:257 H: 44 F:15
				8495FC 84 12       STY $12       [000012] A:000D X:0E68 Y:0A5D S:0122 D:0000 DB:86 nvMxdizc V:257 H: 53 F:15
				8495FE A6 28       LDX $28       [000028] A:000D X:0E68 Y:0A5D S:0122 D:0000 DB:86 nvMxdizc V:257 H: 60 F:15
				849600 FC 1C 96    JSR ($961C,X) [84961C] A:000D X:0000 Y:0A5D S:0122 D:0000 DB:86 nvMxdiZc V:257 H: 67 F:15

				84969C AD 1C 1F    LDA $1F1C     [861F1C] A:000D X:0000 Y:0A5D S:0120 D:0000 DB:86 nvMxdiZc V:257 H: 80 F:15
				84969F F0 11       BEQ $0011     [8496B2] A:0000 X:0000 Y:0A5D S:0120 D:0000 DB:86 nvMxdiZc V:257 H: 86 F:15
				8496B2 A9 00       LDA #$00               A:0000 X:0000 Y:0A5D S:0120 D:0000 DB:86 nvMxdiZc V:257 H: 91 F:15
				8496B4 60          RTS                    A:0000 X:0000 Y:0A5D S:0120 D:0000 DB:86 nvMxdiZc V:257 H: 94 F:15

				849603 F0 11       BEQ $0011     [849616] A:0000 X:0000 Y:0A5D S:0122 D:0000 DB:86 nvMxdiZc V:257 H:104 F:15
				849616 A6 2C       LDX $2C       [00002C] A:0000 X:0000 Y:0A5D S:0122 D:0000 DB:86 nvMxdiZc V:257 H:108 F:15
				849618 20 08 93    JSR $9308     [849308] A:0000 X:0E68 Y:0A5D S:0122 D:0000 DB:86 nvMxdizc V:257 H:115 F:15

				849308 A5 14       LDA $14       [000014] A:0000 X:0E68 Y:0A5D S:0120 D:0000 DB:86 nvMxdizc V:257 H:125 F:15
				84930A F0 08       BEQ $0008     [849314] A:0000 X:0E68 Y:0A5D S:0120 D:0000 DB:86 nvMxdiZc V:257 H:130 F:15
				849314 60          RTS                    A:0000 X:0E68 Y:0A5D S:0120 D:0000 DB:86 nvMxdiZc V:257 H:145 F:15

				84961B 60          RTS                    A:0000 X:0E68 Y:0A5D S:0122 D:0000 DB:86 nvMxdiZc V:257 H:155 F:15

				849292 D0 15       BNE $0015     [8492A9] A:0000 X:0E68 Y:0A5D S:0124 D:0000 DB:86 nvMxdiZc V:257 H:165 F:15
				849294 B4 20       LDY $20,X     [000E88] A:0000 X:0E68 Y:0A5D S:0124 D:0000 DB:86 nvMxdiZc V:257 H:168 F:15
				849296 B9 05 00    LDA $0005,Y   [86C94A] A:0000 X:0E68 Y:C945 S:0124 D:0000 DB:86 NvMxdizc V:257 H:176 F:15
				849299 34 11       BIT $11,X     [000E79] A:0000 X:0E68 Y:C945 S:0124 D:0000 DB:86 nvMxdiZc V:257 H:184 F:15
				84929B 50 03       BVC $0003     [8492A0] A:0000 X:0E68 Y:C945 S:0124 D:0000 DB:86 nVMxdiZc V:257 H:190 F:15
				84929D 49 FF       EOR #$FF               A:0000 X:0E68 Y:C945 S:0124 D:0000 DB:86 nVMxdiZc V:257 H:193 F:15
				84929F 1A          INC                    A:00FF X:0E68 Y:C945 S:0124 D:0000 DB:86 NVMxdizc V:257 H:196 F:15
				8492A0 18          CLC                    A:0000 X:0E68 Y:C945 S:0124 D:0000 DB:86 nVMxdiZc V:257 H:199 F:15
				8492A1 79 07 00    ADC $0007,Y   [86C94C] A:0000 X:0E68 Y:C945 S:0124 D:0000 DB:86 nVMxdiZc V:257 H:202 F:15
				8492A4 95 29       STA $29,X     [000E91] A:000F X:0E68 Y:C945 S:0124 D:0000 DB:86 nvMxdizc V:257 H:210 F:15
				8492A6 20 C4 95    JSR $95C4     [8495C4] A:000F X:0E68 Y:C945 S:0124 D:0000 DB:86 nvMxdizc V:257 H:216 F:15

				8495C4 B5 2A       LDA $2A,X     [000E92] A:000F X:0E68 Y:C945 S:0122 D:0000 DB:86 nvMxdizc V:257 H:226 F:15
				8495C6 48          PHA                    A:000D X:0E68 Y:C945 S:0122 D:0000 DB:86 nvMxdizc V:257 H:233 F:15
				8495C7 A5 08       LDA $08       [000008] A:000D X:0E68 Y:C945 S:0121 D:0000 DB:86 nvMxdizc V:257 H:238 F:15
				8495C9 29 7F       AND #$7F               A:0004 X:0E68 Y:C945 S:0121 D:0000 DB:86 nvMxdizc V:257 H:243 F:15
				8495CB 18          CLC                    A:0004 X:0E68 Y:C945 S:0121 D:0000 DB:86 nvMxdizc V:257 H:246 F:15
				8495CC 75 2A       ADC $2A,X     [000E92] A:0004 X:0E68 Y:C945 S:0121 D:0000 DB:86 nvMxdizc V:257 H:249 F:15
				8495CE 95 2A       STA $2A,X     [000E92] A:0011 X:0E68 Y:C945 S:0121 D:0000 DB:86 nvMxdizc V:257 H:255 F:15
				8495D0 20 B3 90    JSR $90B3     [8490B3] A:0011 X:0E68 Y:C945 S:0121 D:0000 DB:86 nvMxdizc V:257 H:262 F:15

				8490B3 0B          PHD                    A:0011 X:0E68 Y:C945 S:011F D:0000 DB:86 nvMxdizc V:257 H:272 F:15
				8490B4 DA          PHX                    A:0011 X:0E68 Y:C945 S:011D D:0000 DB:86 nvMxdizc V:257 H:279 F:15
				8490B5 08          PHP                    A:0011 X:0E68 Y:C945 S:011B D:0000 DB:86 nvMxdizc V:257 H:286 F:15
				8490B6 E2 20       SEP #$20               A:0011 X:0E68 Y:C945 S:011A D:0000 DB:86 nvMxdizc V:257 H:291 F:15
				8490B8 C2 10       REP #$10               A:0011 X:0E68 Y:C945 S:011A D:0000 DB:86 nvMxdizc V:257 H:295 F:15
				8490BA 64 01       STZ $01       [000001] A:0011 X:0E68 Y:C945 S:011A D:0000 DB:86 nvMxdizc V:257 H:300 F:15
				8490BC B5 29       LDA $29,X     [000E91] A:0011 X:0E68 Y:C945 S:011A D:0000 DB:86 nvMxdizc V:257 H:305 F:15
				8490BE 10 02       BPL $0002     [8490C2] A:000F X:0E68 Y:C945 S:011A D:0000 DB:86 nvMxdizc V:257 H:311 F:15
				8490C2 18          CLC                    A:000F X:0E68 Y:C945 S:011A D:0000 DB:86 nvMxdizc V:257 H:316 F:15
				8490C3 75 05       ADC $05,X     [000E6D] A:000F X:0E68 Y:C945 S:011A D:0000 DB:86 nvMxdizc V:257 H:319 F:15
				8490C5 85 00       STA $00       [000000] A:00EF X:0E68 Y:C945 S:011A D:0000 DB:86 NvMxdizc V:257 H:325 F:15
				8490C7 B5 06       LDA $06,X     [000E6E] A:00EF X:0E68 Y:C945 S:011A D:0000 DB:86 NvMxdizc V:257 H:329 F:15
				8490C9 65 01       ADC $01       [000001] A:0014 X:0E68 Y:C945 S:011A D:0000 DB:86 nvMxdizc V:257 H:336 F:15
				8490CB 85 01       STA $01       [000001] A:0014 X:0E68 Y:C945 S:011A D:0000 DB:86 nvMxdizc V:258 H:  1 F:15
				8490CD 64 03       STZ $03       [000003] A:0014 X:0E68 Y:C945 S:011A D:0000 DB:86 nvMxdizc V:258 H:  6 F:15
				8490CF B5 2A       LDA $2A,X     [000E92] A:0014 X:0E68 Y:C945 S:011A D:0000 DB:86 nvMxdizc V:258 H: 11 F:15
				8490D1 10 02       BPL $0002     [8490D5] A:0011 X:0E68 Y:C945 S:011A D:0000 DB:86 nvMxdizc V:258 H: 17 F:15
				8490D5 18          CLC                    A:0011 X:0E68 Y:C945 S:011A D:0000 DB:86 nvMxdizc V:258 H: 22 F:15
				8490D6 75 08       ADC $08,X     [000E70] A:0011 X:0E68 Y:C945 S:011A D:0000 DB:86 nvMxdizc V:258 H: 25 F:15
				8490D8 85 02       STA $02       [000002] A:006E X:0E68 Y:C945 S:011A D:0000 DB:86 nvMxdizc V:258 H: 31 F:15
				8490DA 29 F0       AND #$F0               A:006E X:0E68 Y:C945 S:011A D:0000 DB:86 nvMxdizc V:258 H: 36 F:15
				8490DC 85 0A       STA $0A       [00000A] A:0060 X:0E68 Y:C945 S:011A D:0000 DB:86 nvMxdizc V:258 H: 39 F:15
				8490DE B5 09       LDA $09,X     [000E71] A:0060 X:0E68 Y:C945 S:011A D:0000 DB:86 nvMxdizc V:258 H: 44 F:15
				8490E0 65 03       ADC $03       [000003] A:000A X:0E68 Y:C945 S:011A D:0000 DB:86 nvMxdizc V:258 H: 51 F:15
				8490E2 85 03       STA $03       [000003] A:000A X:0E68 Y:C945 S:011A D:0000 DB:86 nvMxdizc V:258 H: 56 F:15
				8490E4 85 0B       STA $0B       [00000B] A:000A X:0E68 Y:C945 S:011A D:0000 DB:86 nvMxdizc V:258 H: 61 F:15
				8490E6 A5 00       LDA $00       [000000] A:000A X:0E68 Y:C945 S:011A D:0000 DB:86 nvMxdizc V:258 H: 66 F:15
				8490E8 29 0F       AND #$0F               A:00EF X:0E68 Y:C945 S:011A D:0000 DB:86 NvMxdizc V:258 H: 71 F:15
				8490EA 1A          INC                    A:000F X:0E68 Y:C945 S:011A D:0000 DB:86 nvMxdizc V:258 H: 74 F:15
				8490EB 85 0C       STA $0C       [00000C] A:0010 X:0E68 Y:C945 S:011A D:0000 DB:86 nvMxdizc V:258 H: 77 F:15
				8490ED A5 02       LDA $02       [000002] A:0010 X:0E68 Y:C945 S:011A D:0000 DB:86 nvMxdizc V:258 H: 82 F:15
				8490EF 29 0F       AND #$0F               A:006E X:0E68 Y:C945 S:011A D:0000 DB:86 nvMxdizc V:258 H: 87 F:15
				8490F1 1A          INC                    A:000E X:0E68 Y:C945 S:011A D:0000 DB:86 nvMxdizc V:258 H: 90 F:15
				8490F2 85 0E       STA $0E       [00000E] A:000F X:0E68 Y:C945 S:011A D:0000 DB:86 nvMxdizc V:258 H: 93 F:15
				8490F4 C2 20       REP #$20               A:000F X:0E68 Y:C945 S:011A D:0000 DB:86 nvMxdizc V:258 H: 98 F:15
				8490F6 20 6A 91    JSR $916A     [84916A] A:000F X:0E68 Y:C945 S:011A D:0000 DB:86 nvmxdizc V:258 H:102 F:15

				84916A A9 00 E8    LDA #$E800             A:000F X:0E68 Y:C945 S:0118 D:0000 DB:86 nvmxdizc V:258 H:112 F:15
				84916D 85 10       STA $10       [000010] A:E800 X:0E68 Y:C945 S:0118 D:0000 DB:86 Nvmxdizc V:258 H:117 F:15
				84916F A9 7E 00    LDA #$007E             A:E800 X:0E68 Y:C945 S:0118 D:0000 DB:86 Nvmxdizc V:258 H:124 F:15
				849172 85 12       STA $12       [000012] A:007E X:0E68 Y:C945 S:0118 D:0000 DB:86 nvmxdizc V:258 H:128 F:15
				849174 A5 02       LDA $02       [000002] A:007E X:0E68 Y:C945 S:0118 D:0000 DB:86 nvmxdizc V:258 H:145 F:15
				849176 29 F0 00    AND #$00F0             A:0A6E X:0E68 Y:C945 S:0118 D:0000 DB:86 nvmxdizc V:258 H:152 F:15
				849179 0A          ASL A                  A:0060 X:0E68 Y:C945 S:0118 D:0000 DB:86 nvmxdizc V:258 H:157 F:15
				84917A 85 04       STA $04       [000004] A:00C0 X:0E68 Y:C945 S:0118 D:0000 DB:86 nvmxdizc V:258 H:160 F:15
				84917C A5 00       LDA $00       [000000] A:00C0 X:0E68 Y:C945 S:0118 D:0000 DB:86 nvmxdizc V:258 H:167 F:15
				84917E 29 FF 00    AND #$00FF             A:14EF X:0E68 Y:C945 S:0118 D:0000 DB:86 nvmxdizc V:258 H:174 F:15
				849181 4A          LSR A                  A:00EF X:0E68 Y:C945 S:0118 D:0000 DB:86 nvmxdizc V:258 H:178 F:15
				849182 4A          LSR A                  A:0077 X:0E68 Y:C945 S:0118 D:0000 DB:86 nvmxdizC V:258 H:181 F:15
				849183 4A          LSR A                  A:003B X:0E68 Y:C945 S:0118 D:0000 DB:86 nvmxdizC V:258 H:184 F:15
				849184 29 FE FF    AND #$FFFE             A:001D X:0E68 Y:C945 S:0118 D:0000 DB:86 nvmxdizC V:258 H:187 F:15
				849187 18          CLC                    A:001C X:0E68 Y:C945 S:0118 D:0000 DB:86 nvmxdizC V:258 H:192 F:15
				849188 65 04       ADC $04       [000004] A:001C X:0E68 Y:C945 S:0118 D:0000 DB:86 nvmxdizc V:258 H:195 F:15
				84918A 85 06       STA $06       [000006] A:00DC X:0E68 Y:C945 S:0118 D:0000 DB:86 nvmxdizc V:258 H:202 F:15
				84918C A5 00       LDA $00       [000000] A:00DC X:0E68 Y:C945 S:0118 D:0000 DB:86 nvmxdizc V:258 H:209 F:15
				84918E EB          XBA                    A:14EF X:0E68 Y:C945 S:0118 D:0000 DB:86 nvmxdizc V:258 H:216 F:15
				84918F 29 1F 00    AND #$001F             A:EF14 X:0E68 Y:C945 S:0118 D:0000 DB:86 nvmxdizc V:258 H:220 F:15
				849192 85 04       STA $04       [000004] A:0014 X:0E68 Y:C945 S:0118 D:0000 DB:86 nvmxdizc V:258 H:225 F:15
				849194 A5 02       LDA $02       [000002] A:0014 X:0E68 Y:C945 S:0118 D:0000 DB:86 nvmxdizc V:258 H:232 F:15
				849196 29 00 1F    AND #$1F00             A:0A6E X:0E68 Y:C945 S:0118 D:0000 DB:86 nvmxdizc V:258 H:239 F:15
				849199 4A          LSR A                  A:0A00 X:0E68 Y:C945 S:0118 D:0000 DB:86 nvmxdizc V:258 H:243 F:15
				84919A 4A          LSR A                  A:0500 X:0E68 Y:C945 S:0118 D:0000 DB:86 nvmxdizc V:258 H:246 F:15
				84919B 4A          LSR A                  A:0280 X:0E68 Y:C945 S:0118 D:0000 DB:86 nvmxdizc V:258 H:249 F:15
				84919C 18          CLC                    A:0140 X:0E68 Y:C945 S:0118 D:0000 DB:86 nvmxdizc V:258 H:252 F:15
				84919D 65 04       ADC $04       [000004] A:0140 X:0E68 Y:C945 S:0118 D:0000 DB:86 nvmxdizc V:258 H:255 F:15
				84919F A8          TAY                    A:0154 X:0E68 Y:C945 S:0118 D:0000 DB:86 nvmxdizc V:258 H:262 F:15
				8491A0 B7 10       LDA [$10],Y   [7EE954] A:0154 X:0E68 Y:0154 S:0118 D:0000 DB:86 nvmxdizc V:258 H:265 F:15
				8491A2 29 FF 00    AND #$00FF             A:0038 X:0E68 Y:0154 S:0118 D:0000 DB:86 nvmxdizc V:258 H:278 F:15
				8491A5 A8          TAY                    A:0038 X:0E68 Y:0154 S:0118 D:0000 DB:86 nvmxdizc V:258 H:283 F:15
				8491A6 EB          XBA                    A:0038 X:0E68 Y:0038 S:0118 D:0000 DB:86 nvmxdizc V:258 H:286 F:15
				8491A7 0A          ASL A                  A:3800 X:0E68 Y:0038 S:0118 D:0000 DB:86 nvmxdiZc V:258 H:290 F:15
				8491A8 18          CLC                    A:7000 X:0E68 Y:0038 S:0118 D:0000 DB:86 nvmxdizc V:258 H:293 F:15
				8491A9 65 06       ADC $06       [000006] A:7000 X:0E68 Y:0038 S:0118 D:0000 DB:86 nvmxdizc V:258 H:296 F:15
				8491AB AA          TAX                    A:70DC X:0E68 Y:0038 S:0118 D:0000 DB:86 nvmxdizc V:258 H:303 F:15
				8491AC 60          RTS                    A:70DC X:70DC Y:0038 S:0118 D:0000 DB:86 nvmxdizc V:258 H:306 F:15

				8490F9 BF 00 20 7E LDA $7E2000,X [7E90DC] A:70DC X:70DC Y:0038 S:011A D:0000 DB:86 nvmxdizc V:258 H:316 F:15
				8490FD A8          TAY                    A:0225 X:70DC Y:0038 S:011A D:0000 DB:86 nvmxdizc V:258 H:326 F:15
				8490FE AD 92 0B    LDA $0B92     [860B92] A:0225 X:70DC Y:0225 S:011A D:0000 DB:86 nvmxdizc V:258 H:328 F:15
				849101 85 10       STA $10       [000010] A:DB57 X:70DC Y:0225 S:011A D:0000 DB:86 Nvmxdizc V:258 H:337 F:15
				849103 AD 94 0B    LDA $0B94     [860B94] A:DB57 X:70DC Y:0225 S:011A D:0000 DB:86 Nvmxdizc V:259 H:  4 F:15
				849106 85 12       STA $12       [000012] A:B895 X:70DC Y:0225 S:011A D:0000 DB:86 Nvmxdizc V:259 H: 12 F:15
				849108 B7 10       LDA [$10],Y   [95DD7C] A:B895 X:70DC Y:0225 S:011A D:0000 DB:86 Nvmxdizc V:259 H: 19 F:15
				84910A 29 FF 00    AND #$00FF             A:0000 X:70DC Y:0225 S:011A D:0000 DB:86 nvmxdiZc V:259 H: 31 F:15
				84910D 28          PLP                    A:0000 X:70DC Y:0225 S:011A D:0000 DB:86 nvmxdiZc V:259 H: 36 F:15
				84910E FA          PLX                    A:0000 X:70DC Y:0225 S:011B D:0000 DB:86 nvMxdizc V:259 H: 42 F:15
				84910F 2B          PLD                    A:0000 X:0E68 Y:0225 S:011D D:0000 DB:86 nvMxdizc V:259 H: 51 F:15
				849110 60          RTS                    A:0000 X:0E68 Y:0225 S:011F D:0000 DB:86 nvMxdiZc V:259 H: 59 F:15

				8495D3 95 2E       STA $2E,X     [000E96] A:0000 X:0E68 Y:0225 S:0121 D:0000 DB:86 nvMxdiZc V:259 H: 69 F:15
				8495D5 85 18       STA $18       [000018] A:0000 X:0E68 Y:0225 S:0121 D:0000 DB:86 nvMxdiZc V:259 H: 76 F:15
				8495D7 29 3F       AND #$3F               A:0000 X:0E68 Y:0225 S:0121 D:0000 DB:86 nvMxdiZc V:259 H: 81 F:15
				8495D9 0A          ASL A                  A:0000 X:0E68 Y:0225 S:0121 D:0000 DB:86 nvMxdiZc V:259 H: 84 F:15
				8495DA EB          XBA                    A:0000 X:0E68 Y:0225 S:0121 D:0000 DB:86 nvMxdiZc V:259 H: 87 F:15
				8495DB A9 00       LDA #$00               A:0000 X:0E68 Y:0225 S:0121 D:0000 DB:86 nvMxdiZc V:259 H: 91 F:15
				8495DD EB          XBA                    A:0000 X:0E68 Y:0225 S:0121 D:0000 DB:86 nvMxdiZc V:259 H: 94 F:15
				8495DE A8          TAY                    A:0000 X:0E68 Y:0225 S:0121 D:0000 DB:86 nvMxdiZc V:259 H: 99 F:15
				8495DF 84 28       STY $28       [000028] A:0000 X:0E68 Y:0000 S:0121 D:0000 DB:86 nvMxdiZc V:259 H:102 F:15
				8495E1 86 2C       STX $2C       [00002C] A:0000 X:0E68 Y:0000 S:0121 D:0000 DB:86 nvMxdiZc V:259 H:109 F:15
				8495E3 68          PLA                    A:0000 X:0E68 Y:0000 S:0121 D:0000 DB:86 nvMxdiZc V:259 H:116 F:15
				8495E4 95 2A       STA $2A,X     [000E92] A:000D X:0E68 Y:0000 S:0122 D:0000 DB:86 nvMxdizc V:259 H:122 F:15
				8495E6 A6 2C       LDX $2C       [00002C] A:000D X:0E68 Y:0000 S:0122 D:0000 DB:86 nvMxdizc V:259 H:129 F:15
				8495E8 A9 FB       LDA #$FB               A:000D X:0E68 Y:0000 S:0122 D:0000 DB:86 nvMxdizc V:259 H:146 F:15
				8495EA 35 2B       AND $2B,X     [000E93] A:00FB X:0E68 Y:0000 S:0122 D:0000 DB:86 NvMxdizc V:259 H:149 F:15
				8495EC 95 2B       STA $2B,X     [000E93] A:0001 X:0E68 Y:0000 S:0122 D:0000 DB:86 nvMxdizc V:259 H:155 F:15
				8495EE 64 01       STZ $01       [000001] A:0001 X:0E68 Y:0000 S:0122 D:0000 DB:86 nvMxdizc V:259 H:162 F:15
				8495F0 B5 2A       LDA $2A,X     [000E92] A:0001 X:0E68 Y:0000 S:0122 D:0000 DB:86 nvMxdizc V:259 H:167 F:15
				8495F2 85 02       STA $02       [000002] A:000D X:0E68 Y:0000 S:0122 D:0000 DB:86 nvMxdizc V:259 H:173 F:15
				8495F4 64 03       STZ $03       [000003] A:000D X:0E68 Y:0000 S:0122 D:0000 DB:86 nvMxdizc V:259 H:178 F:15
				8495F6 B4 05       LDY $05,X     [000E6D] A:000D X:0E68 Y:0000 S:0122 D:0000 DB:86 nvMxdizc V:259 H:183 F:15
				8495F8 84 10       STY $10       [000010] A:000D X:0E68 Y:14E0 S:0122 D:0000 DB:86 nvMxdizc V:259 H:192 F:15
				8495FA B4 08       LDY $08,X     [000E70] A:000D X:0E68 Y:14E0 S:0122 D:0000 DB:86 nvMxdizc V:259 H:199 F:15
				8495FC 84 12       STY $12       [000012] A:000D X:0E68 Y:0A5D S:0122 D:0000 DB:86 nvMxdizc V:259 H:207 F:15
				8495FE A6 28       LDX $28       [000028] A:000D X:0E68 Y:0A5D S:0122 D:0000 DB:86 nvMxdizc V:259 H:214 F:15
				849600 FC 1C 96    JSR ($961C,X) [84961C] A:000D X:0000 Y:0A5D S:0122 D:0000 DB:86 nvMxdiZc V:259 H:221 F:15

				84969C AD 1C 1F    LDA $1F1C     [861F1C] A:000D X:0000 Y:0A5D S:0120 D:0000 DB:86 nvMxdiZc V:259 H:234 F:15
				84969F F0 11       BEQ $0011     [8496B2] A:0000 X:0000 Y:0A5D S:0120 D:0000 DB:86 nvMxdiZc V:259 H:241 F:15
				8496B2 A9 00       LDA #$00               A:0000 X:0000 Y:0A5D S:0120 D:0000 DB:86 nvMxdiZc V:259 H:245 F:15
				8496B4 60          RTS                    A:0000 X:0000 Y:0A5D S:0120 D:0000 DB:86 nvMxdiZc V:259 H:248 F:15

				849603 F0 11       BEQ $0011     [849616] A:0000 X:0000 Y:0A5D S:0122 D:0000 DB:86 nvMxdiZc V:259 H:258 F:15
				849616 A6 2C       LDX $2C       [00002C] A:0000 X:0000 Y:0A5D S:0122 D:0000 DB:86 nvMxdiZc V:259 H:263 F:15
				849618 20 08 93    JSR $9308     [849308] A:0000 X:0E68 Y:0A5D S:0122 D:0000 DB:86 nvMxdizc V:259 H:270 F:15

				849308 A5 14       LDA $14       [000014] A:0000 X:0E68 Y:0A5D S:0120 D:0000 DB:86 nvMxdizc V:259 H:280 F:15
				84930A F0 08       BEQ $0008     [849314] A:0000 X:0E68 Y:0A5D S:0120 D:0000 DB:86 nvMxdiZc V:259 H:285 F:15
				849314 60          RTS                    A:0000 X:0E68 Y:0A5D S:0120 D:0000 DB:86 nvMxdiZc V:259 H:289 F:15

				84961B 60          RTS                    A:0000 X:0E68 Y:0A5D S:0122 D:0000 DB:86 nvMxdiZc V:259 H:299 F:15

				8492A9 C2 30       REP #$30               A:0000 X:0E68 Y:0A5D S:0124 D:0000 DB:86 nvMxdiZc V:259 H:309 F:15
				8492AB 60          RTS                    A:0000 X:0E68 Y:0A5D S:0124 D:0000 DB:86 nvmxdiZc V:259 H:314 F:15

				8491DB 2B          PLD                    A:0000 X:0E68 Y:0A5D S:0126 D:0000 DB:86 nvmxdiZc V:259 H:323 F:15
				8491DC 28          PLP                    A:0000 X:0E68 Y:0A5D S:0128 D:0E68 DB:86 nvmxdizc V:259 H:331 F:15
				8491DD 6B          RTL                    A:0000 X:0068 Y:005D S:0129 D:0E68 DB:86 nvMXdiZc V:259 H:338 F:15

			83B517 A5 2B       LDA $2B       [000E93] A:0000 X:0068 Y:005D S:012C D:0E68 DB:86 nvMXdiZc V:260 H:  8 F:15
			83B519 D0 01       BNE $0001     [83B51C] A:0001 X:0068 Y:005D S:012C D:0E68 DB:86 nvMXdizc V:260 H: 15 F:15		Branch because E-Contact <> #$00
			83B51C 89 04       BIT #$04               A:0001 X:0068 Y:005D S:012C D:0E68 DB:86 nvMXdizc V:260 H: 19 F:15
			83B51E F0 28       BEQ $0028     [83B548] A:0001 X:0068 Y:005D S:012C D:0E68 DB:86 nvMXdiZc V:260 H: 22 F:15		Branch because E-Contact bit #$04 is not set (Contact is not Down)
			83B548 A9 48       LDA #$48               A:0001 X:0068 Y:005D S:012C D:0E68 DB:86 nvMXdiZc V:260 H: 27 F:15
			83B54A 22 A2 88 80 JSL $8088A2   [8088A2] A:0048 X:0068 Y:005D S:012C D:0E68 DB:86 nvMXdizc V:260 H: 30 F:15		JSL $8088A2 --> Play Sound Effect (A = Sound Effect ID)

				8088A2 DA          PHX                    A:0048 X:0068 Y:005D S:0129 D:0E68 DB:86 nvMXdizc V:260 H: 43 F:15
				8088A3 5A          PHY                    A:0048 X:0068 Y:005D S:0128 D:0E68 DB:86 nvMXdizc V:260 H: 48 F:15
				8088A4 08          PHP                    A:0048 X:0068 Y:005D S:0127 D:0E68 DB:86 nvMXdizc V:260 H: 53 F:15
				8088A5 C2 20       REP #$20               A:0048 X:0068 Y:005D S:0126 D:0E68 DB:86 nvMXdizc V:260 H: 58 F:15
				8088A7 E2 10       SEP #$10               A:0048 X:0068 Y:005D S:0126 D:0E68 DB:86 nvmXdizc V:260 H: 63 F:15
				8088A9 48          PHA                    A:0048 X:0068 Y:005D S:0126 D:0E68 DB:86 nvmXdizc V:260 H: 67 F:15
				8088AA A5 05       LDA $05       [000E6D] A:0048 X:0068 Y:005D S:0124 D:0E68 DB:86 nvmXdizc V:260 H: 74 F:15
				8088AC 38          SEC                    A:14E0 X:0068 Y:005D S:0124 D:0E68 DB:86 nvmXdizc V:260 H: 83 F:15
				8088AD ED AD 0B    SBC $0BAD     [860BAD] A:14E0 X:0068 Y:005D S:0124 D:0E68 DB:86 nvmXdizC V:260 H: 86 F:15
				8088B0 10 0E       BPL $000E     [8088C0] A:00C9 X:0068 Y:005D S:0124 D:0E68 DB:86 nvmXdizC V:260 H: 94 F:15
				8088C0 4A          LSR A                  A:00C9 X:0068 Y:005D S:0124 D:0E68 DB:86 nvmXdizC V:260 H: 99 F:15
				8088C1 C9 7F 00    CMP #$007F             A:0064 X:0068 Y:005D S:0124 D:0E68 DB:86 nvmXdizC V:260 H:102 F:15
				8088C4 30 03       BMI $0003     [8088C9] A:0064 X:0068 Y:005D S:0124 D:0E68 DB:86 NvmXdizc V:260 H:106 F:15
				8088C9 A8          TAY                    A:0064 X:0068 Y:005D S:0124 D:0E68 DB:86 NvmXdizc V:260 H:111 F:15
				8088CA 68          PLA                    A:0064 X:0068 Y:0064 S:0124 D:0E68 DB:86 nvmXdizc V:260 H:114 F:15
				8088CB 80 07       BRA $0007     [8088D4] A:0048 X:0068 Y:0064 S:0126 D:0E68 DB:86 nvmXdizc V:260 H:122 F:15
				8088D4 E2 31       SEP #$31               A:0048 X:0068 Y:0064 S:0126 D:0E68 DB:86 nvmXdizc V:260 H:127 F:15
				8088D6 AE A3 0B    LDX $0BA3     [860BA3] A:0048 X:0068 Y:0064 S:0126 D:0E68 DB:86 nvMXdizC V:260 H:131 F:15
				8088D9 9D 72 0B    STA $0B72,X   [860B8A] A:0048 X:0018 Y:0064 S:0126 D:0E68 DB:86 nvMXdizC V:260 H:148 F:15
				8088DC 98          TYA                    A:0048 X:0018 Y:0064 S:0126 D:0E68 DB:86 nvMXdizC V:260 H:156 F:15
				8088DD 9D 73 0B    STA $0B73,X   [860B8B] A:0064 X:0018 Y:0064 S:0126 D:0E68 DB:86 nvMXdizC V:260 H:159 F:15
				8088E0 E8          INX                    A:0064 X:0018 Y:0064 S:0126 D:0E68 DB:86 nvMXdizC V:260 H:167 F:15
				8088E1 E8          INX                    A:0064 X:0019 Y:0064 S:0126 D:0E68 DB:86 nvMXdizC V:260 H:170 F:15
				8088E2 8A          TXA                    A:0064 X:001A Y:0064 S:0126 D:0E68 DB:86 nvMXdizC V:260 H:173 F:15
				8088E3 29 1E       AND #$1E               A:001A X:001A Y:0064 S:0126 D:0E68 DB:86 nvMXdizC V:260 H:176 F:15
				8088E5 8D A3 0B    STA $0BA3     [860BA3] A:001A X:001A Y:0064 S:0126 D:0E68 DB:86 nvMXdizC V:260 H:179 F:15
				8088E8 28          PLP                    A:001A X:001A Y:0064 S:0126 D:0E68 DB:86 nvMXdizC V:260 H:185 F:15
				8088E9 7A          PLY                    A:001A X:001A Y:0064 S:0127 D:0E68 DB:86 nvMXdizc V:260 H:192 F:15
				8088EA FA          PLX                    A:001A X:001A Y:005D S:0128 D:0E68 DB:86 nvMXdizc V:260 H:198 F:15
				8088EB 6B          RTL                    A:001A X:0068 Y:005D S:0129 D:0E68 DB:86 nvMXdizc V:260 H:205 F:15

			83B54E A5 2B       LDA $2B       [000E93] A:001A X:0068 Y:005D S:012C D:0E68 DB:86 nvMXdizc V:260 H:215 F:15
			83B550 89 0C       BIT #$0C               A:0001 X:0068 Y:005D S:012C D:0E68 DB:86 nvMXdizc V:260 H:222 F:15
			83B552 C2 20       REP #$20               A:0001 X:0068 Y:005D S:012C D:0E68 DB:86 nvMXdiZc V:260 H:225 F:15
			83B554 F0 2B       BEQ $002B     [83B581] A:0001 X:0068 Y:005D S:012C D:0E68 DB:86 nvmXdiZc V:260 H:229 F:15		Branch because E-Contact bits #$0C are not set (Contact is Horitonzal)
			83B581 4A          LSR A                  A:0001 X:0068 Y:005D S:012C D:0E68 DB:86 nvmXdiZc V:260 H:234 F:15
			83B582 A9 10 00    LDA #$0010             A:0000 X:0068 Y:005D S:012C D:0E68 DB:86 nvmXdiZC V:260 H:237 F:15		
			83B585 B0 03       BCS $0003     [83B58A] A:0010 X:0068 Y:005D S:012C D:0E68 DB:86 nvmXdizC V:260 H:241 F:15
			83B58A 18          CLC                    A:0010 X:0068 Y:005D S:012C D:0E68 DB:86 nvmXdizC V:260 H:246 F:15
			83B58B 65 05       ADC $05       [000E6D] A:0010 X:0068 Y:005D S:012C D:0E68 DB:86 nvmXdizc V:260 H:249 F:15
			83B58D 8D 00 00    STA $0000     [860000] A:14F0 X:0068 Y:005D S:012C D:0E68 DB:86 nvmXdizc V:260 H:257 F:15		$0000 = E-X-Pos + #$0010 (#$FFF0 if E-Contact = #$02 Left) 
			83B590 A5 08       LDA $08       [000E70] A:14F0 X:0068 Y:005D S:012C D:0E68 DB:86 nvmXdizc V:260 H:266 F:15
			83B592 8D 02 00    STA $0002     [860002] A:0A5D X:0068 Y:005D S:012C D:0E68 DB:86 nvmXdizc V:260 H:274 F:15		$0002 = E-Y-Pos
			83B595 20 38 BB    JSR $BB38     [83BB38] A:0A5D X:0068 Y:005D S:012C D:0E68 DB:86 nvmXdizc V:260 H:283 F:15		JSR $83BB38 --> Spawn Debris

				83BB38 08          PHP                    A:0A5D X:0068 Y:005D S:012A D:0E68 DB:86 nvmXdizc V:260 H:293 F:15
				83BB39 E2 30       SEP #$30               A:0A5D X:0068 Y:005D S:0129 D:0E68 DB:86 nvmXdizc V:260 H:298 F:15
				83BB3B A9 03       LDA #$03               A:0A5D X:0068 Y:005D S:0129 D:0E68 DB:86 nvMXdizc V:260 H:302 F:15
				83BB3D 85 3D       STA $3D       [000EA5] A:0A03 X:0068 Y:005D S:0129 D:0E68 DB:86 nvMXdizc V:260 H:305 F:15
				83BB3F 22 86 90 84 JSL $849086   [849086] A:0A03 X:0068 Y:005D S:0129 D:0E68 DB:86 nvMXdizc V:260 H:312 F:15

				849086 08          PHP                    A:0A03 X:0068 Y:005D S:0126 D:0E68 DB:86 nvMXdizc V:260 H:325 F:15
				849087 C2 20       REP #$20               A:0A03 X:0068 Y:005D S:0125 D:0E68 DB:86 nvMXdizc V:260 H:329 F:15
				849089 AD A6 0B    LDA $0BA6     [860BA6] A:0A03 X:0068 Y:005D S:0125 D:0E68 DB:86 nvmXdizc V:260 H:334 F:15
				84908C 0A          ASL A                  A:E860 X:0068 Y:005D S:0125 D:0E68 DB:86 NvmXdizc V:261 H:  2 F:15
				84908D 18          CLC                    A:D0C0 X:0068 Y:005D S:0125 D:0E68 DB:86 NvmXdizC V:261 H:  5 F:15
				84908E 6D A6 0B    ADC $0BA6     [860BA6] A:D0C0 X:0068 Y:005D S:0125 D:0E68 DB:86 NvmXdizc V:261 H:  8 F:15
				849091 EB          XBA                    A:B920 X:0068 Y:005D S:0125 D:0E68 DB:86 NvmXdizC V:261 H: 17 F:15
				849092 E2 20       SEP #$20               A:20B9 X:0068 Y:005D S:0125 D:0E68 DB:86 NvmXdizC V:261 H: 21 F:15
				849094 8D A7 0B    STA $0BA7     [860BA7] A:20B9 X:0068 Y:005D S:0125 D:0E68 DB:86 NvMXdizC V:261 H: 26 F:15
				849097 18          CLC                    A:20B9 X:0068 Y:005D S:0125 D:0E68 DB:86 NvMXdizC V:261 H: 32 F:15
				849098 6D A6 0B    ADC $0BA6     [860BA6] A:20B9 X:0068 Y:005D S:0125 D:0E68 DB:86 NvMXdizc V:261 H: 35 F:15
				84909B 8D A6 0B    STA $0BA6     [860BA6] A:2019 X:0068 Y:005D S:0125 D:0E68 DB:86 nvMXdizC V:261 H: 42 F:15
				84909E 28          PLP                    A:2019 X:0068 Y:005D S:0125 D:0E68 DB:86 nvMXdizC V:261 H: 48 F:15
				84909F 6B          RTL                    A:2019 X:0068 Y:005D S:0126 D:0E68 DB:86 nvMXdizc V:261 H: 55 F:15

				83BB43 29 0F       AND #$0F               A:2019 X:0068 Y:005D S:0129 D:0E68 DB:86 nvMXdizc V:261 H: 65 F:15
				83BB45 8D 04 00    STA $0004     [860004] A:2009 X:0068 Y:005D S:0129 D:0E68 DB:86 nvMXdizc V:261 H: 68 F:15
				83BB48 22 D3 82 82 JSL $8282D3   [8282D3] A:2009 X:0068 Y:005D S:0129 D:0E68 DB:86 nvMXdizc V:261 H: 75 F:15

				8282D3 C2 30       REP #$30               A:2009 X:0068 Y:005D S:0126 D:0E68 DB:86 nvMXdizc V:261 H: 88 F:15
				8282D5 A2 28 19    LDX #$1928             A:2009 X:0068 Y:005D S:0126 D:0E68 DB:86 nvmxdizc V:261 H: 93 F:15
				8282D8 BD 00 00    LDA $0000,X   [861928] A:2009 X:1928 Y:005D S:0126 D:0E68 DB:86 nvmxdizc V:261 H: 97 F:15
				8282DB F0 5E       BEQ $005E     [82833B] A:0101 X:1928 Y:005D S:0126 D:0E68 DB:86 nvmxdizc V:261 H:107 F:15
				8282DD 8A          TXA                    A:0101 X:1928 Y:005D S:0126 D:0E68 DB:86 nvmxdizc V:261 H:110 F:15
				8282DE 18          CLC                    A:1928 X:1928 Y:005D S:0126 D:0E68 DB:86 nvmxdizc V:261 H:113 F:15
				8282DF 69 20 00    ADC #$0020             A:1928 X:1928 Y:005D S:0126 D:0E68 DB:86 nvmxdizc V:261 H:116 F:15
				8282E2 AA          TAX                    A:1948 X:1928 Y:005D S:0126 D:0E68 DB:86 nvmxdizc V:261 H:121 F:15
				8282E3 E0 08 1D    CPX #$1D08             A:1948 X:1948 Y:005D S:0126 D:0E68 DB:86 nvmxdizc V:261 H:124 F:15
				8282E6 90 F0       BCC $00F0     [8282D8] A:1948 X:1948 Y:005D S:0126 D:0E68 DB:86 Nvmxdizc V:261 H:128 F:15
				8282D8 BD 00 00    LDA $0000,X   [861948] A:1948 X:1948 Y:005D S:0126 D:0E68 DB:86 Nvmxdizc V:261 H:133 F:15
				8282DB F0 5E       BEQ $005E     [82833B] A:0000 X:1948 Y:005D S:0126 D:0E68 DB:86 nvmxdiZc V:261 H:153 F:15
				82833B E2 22       SEP #$22               A:0000 X:1948 Y:005D S:0126 D:0E68 DB:86 nvmxdiZc V:261 H:157 F:15
				82833D 6B          RTL                    A:0000 X:1948 Y:005D S:0126 D:0E68 DB:86 nvMxdiZc V:261 H:162 F:15

				83BB4C F0 02       BEQ $0002     [83BB50] A:0000 X:1948 Y:005D S:0129 D:0E68 DB:86 nvMxdiZc V:261 H:172 F:15
				83BB50 FE 00 00    INC $0000,X   [861948] A:0000 X:1948 Y:005D S:0129 D:0E68 DB:86 nvMxdiZc V:261 H:177 F:15
				83BB53 A9 2B       LDA #$2B               A:0000 X:1948 Y:005D S:0129 D:0E68 DB:86 nvMxdizc V:261 H:188 F:15
				83BB55 9D 0A 00    STA $000A,X   [861952] A:002B X:1948 Y:005D S:0129 D:0E68 DB:86 nvMxdizc V:261 H:191 F:15
				83BB58 A9 00       LDA #$00               A:002B X:1948 Y:005D S:0129 D:0E68 DB:86 nvMxdizc V:261 H:199 F:15
				83BB5A EB          XBA                    A:0000 X:1948 Y:005D S:0129 D:0E68 DB:86 nvMxdiZc V:261 H:202 F:15
				83BB5B AD 04 00    LDA $0004     [860004] A:0000 X:1948 Y:005D S:0129 D:0E68 DB:86 nvMxdiZc V:261 H:207 F:15
				83BB5E 18          CLC                    A:0009 X:1948 Y:005D S:0129 D:0E68 DB:86 nvMxdizc V:261 H:213 F:15
				83BB5F 65 3D       ADC $3D       [000EA5] A:0009 X:1948 Y:005D S:0129 D:0E68 DB:86 nvMxdizc V:261 H:216 F:15
				83BB61 A8          TAY                    A:000C X:1948 Y:005D S:0129 D:0E68 DB:86 nvMxdizc V:261 H:223 F:15
				83BB62 B9 D8 C9    LDA $C9D8,Y   [86C9E4] A:000C X:1948 Y:000C S:0129 D:0E68 DB:86 nvMxdizc V:261 H:226 F:15
				83BB65 9D 0B 00    STA $000B,X   [861953] A:0024 X:1948 Y:000C S:0129 D:0E68 DB:86 nvMxdizc V:261 H:233 F:15
				83BB68 C2 20       REP #$20               A:0024 X:1948 Y:000C S:0129 D:0E68 DB:86 nvMxdizc V:261 H:241 F:15
				83BB6A 9E 0C 00    STZ $000C,X   [861954] A:0024 X:1948 Y:000C S:0129 D:0E68 DB:86 nvmxdizc V:261 H:246 F:15
				83BB6D 22 86 90 84 JSL $849086   [849086] A:0024 X:1948 Y:000C S:0129 D:0E68 DB:86 nvmxdizc V:261 H:256 F:15

				849086 08          PHP                    A:0024 X:1948 Y:000C S:0126 D:0E68 DB:86 nvmxdizc V:261 H:269 F:15
				849087 C2 20       REP #$20               A:0024 X:1948 Y:000C S:0125 D:0E68 DB:86 nvmxdizc V:261 H:274 F:15
				849089 AD A6 0B    LDA $0BA6     [860BA6] A:0024 X:1948 Y:000C S:0125 D:0E68 DB:86 nvmxdizc V:261 H:279 F:15
				84908C 0A          ASL A                  A:B919 X:1948 Y:000C S:0125 D:0E68 DB:86 Nvmxdizc V:261 H:287 F:15
				84908D 18          CLC                    A:7232 X:1948 Y:000C S:0125 D:0E68 DB:86 nvmxdizC V:261 H:290 F:15
				84908E 6D A6 0B    ADC $0BA6     [860BA6] A:7232 X:1948 Y:000C S:0125 D:0E68 DB:86 nvmxdizc V:261 H:293 F:15
				849091 EB          XBA                    A:2B4B X:1948 Y:000C S:0125 D:0E68 DB:86 nvmxdizC V:261 H:302 F:15
				849092 E2 20       SEP #$20               A:4B2B X:1948 Y:000C S:0125 D:0E68 DB:86 nvmxdizC V:261 H:306 F:15
				849094 8D A7 0B    STA $0BA7     [860BA7] A:4B2B X:1948 Y:000C S:0125 D:0E68 DB:86 nvMxdizC V:261 H:311 F:15
				849097 18          CLC                    A:4B2B X:1948 Y:000C S:0125 D:0E68 DB:86 nvMxdizC V:261 H:317 F:15
				849098 6D A6 0B    ADC $0BA6     [860BA6] A:4B2B X:1948 Y:000C S:0125 D:0E68 DB:86 nvMxdizc V:261 H:320 F:15
				84909B 8D A6 0B    STA $0BA6     [860BA6] A:4B44 X:1948 Y:000C S:0125 D:0E68 DB:86 nvMxdizc V:261 H:326 F:15
				84909E 28          PLP                    A:4B44 X:1948 Y:000C S:0125 D:0E68 DB:86 nvMxdizc V:261 H:332 F:15
				84909F 6B          RTL                    A:4B44 X:1948 Y:000C S:0126 D:0E68 DB:86 nvmxdizc V:261 H:339 F:15

				83BB71 29 0F 00    AND #$000F             A:4B44 X:1948 Y:000C S:0129 D:0E68 DB:86 nvmxdizc V:  0 H:  9 F:16
				83BB74 0A          ASL A                  A:0004 X:1948 Y:000C S:0129 D:0E68 DB:86 nvmxdizc V:  0 H: 14 F:16
				83BB75 A8          TAY                    A:0008 X:1948 Y:000C S:0129 D:0E68 DB:86 nvmxdizc V:  0 H: 17 F:16
				83BB76 A5 3D       LDA $3D       [000EA5] A:0008 X:1948 Y:0008 S:0129 D:0E68 DB:86 nvmxdizc V:  0 H: 20 F:16
				83BB78 4A          LSR A                  A:0003 X:1948 Y:0008 S:0129 D:0E68 DB:86 nvmxdizc V:  0 H: 28 F:16
				83BB79 B9 EB C9    LDA $C9EB,Y   [86C9F3] A:0001 X:1948 Y:0008 S:0129 D:0E68 DB:86 nvmxdizC V:  0 H: 31 F:16
				83BB7C 90 04       BCC $0004     [83BB82] A:021F X:1948 Y:0008 S:0129 D:0E68 DB:86 nvmxdizC V:  0 H: 40 F:16
				83BB7E 49 FF FF    EOR #$FFFF             A:021F X:1948 Y:0008 S:0129 D:0E68 DB:86 nvmxdizC V:  0 H: 43 F:16
				83BB81 1A          INC                    A:FDE0 X:1948 Y:0008 S:0129 D:0E68 DB:86 NvmxdizC V:  0 H: 48 F:16
				83BB82 9D 1A 00    STA $001A,X   [861962] A:FDE1 X:1948 Y:0008 S:0129 D:0E68 DB:86 NvmxdizC V:  0 H: 51 F:16
				83BB85 22 86 90 84 JSL $849086   [849086] A:FDE1 X:1948 Y:0008 S:0129 D:0E68 DB:86 NvmxdizC V:  0 H: 61 F:16

				849086 08          PHP                    A:FDE1 X:1948 Y:0008 S:0126 D:0E68 DB:86 NvmxdizC V:  0 H: 74 F:16
				849087 C2 20       REP #$20               A:FDE1 X:1948 Y:0008 S:0125 D:0E68 DB:86 NvmxdizC V:  0 H: 79 F:16
				849089 AD A6 0B    LDA $0BA6     [860BA6] A:FDE1 X:1948 Y:0008 S:0125 D:0E68 DB:86 NvmxdizC V:  0 H: 84 F:16
				84908C 0A          ASL A                  A:2B44 X:1948 Y:0008 S:0125 D:0E68 DB:86 nvmxdizC V:  0 H: 92 F:16
				84908D 18          CLC                    A:5688 X:1948 Y:0008 S:0125 D:0E68 DB:86 nvmxdizc V:  0 H: 95 F:16
				84908E 6D A6 0B    ADC $0BA6     [860BA6] A:5688 X:1948 Y:0008 S:0125 D:0E68 DB:86 nvmxdizc V:  0 H: 98 F:16
				849091 EB          XBA                    A:81CC X:1948 Y:0008 S:0125 D:0E68 DB:86 NVmxdizc V:  0 H:107 F:16
				849092 E2 20       SEP #$20               A:CC81 X:1948 Y:0008 S:0125 D:0E68 DB:86 NVmxdizc V:  0 H:111 F:16
				849094 8D A7 0B    STA $0BA7     [860BA7] A:CC81 X:1948 Y:0008 S:0125 D:0E68 DB:86 NVMxdizc V:  0 H:116 F:16
				849097 18          CLC                    A:CC81 X:1948 Y:0008 S:0125 D:0E68 DB:86 NVMxdizc V:  0 H:122 F:16
				849098 6D A6 0B    ADC $0BA6     [860BA6] A:CC81 X:1948 Y:0008 S:0125 D:0E68 DB:86 NVMxdizc V:  0 H:125 F:16
				84909B 8D A6 0B    STA $0BA6     [860BA6] A:CCC5 X:1948 Y:0008 S:0125 D:0E68 DB:86 NvMxdizc V:  0 H:132 F:16
				84909E 28          PLP                    A:CCC5 X:1948 Y:0008 S:0125 D:0E68 DB:86 NvMxdizc V:  0 H:148 F:16
				84909F 6B          RTL                    A:CCC5 X:1948 Y:0008 S:0126 D:0E68 DB:86 NvmxdizC V:  0 H:155 F:16

				83BB89 29 0F 00    AND #$000F             A:CCC5 X:1948 Y:0008 S:0129 D:0E68 DB:86 NvmxdizC V:  0 H:165 F:16
				83BB8C 0A          ASL A                  A:0005 X:1948 Y:0008 S:0129 D:0E68 DB:86 nvmxdizC V:  0 H:170 F:16
				83BB8D A8          TAY                    A:000A X:1948 Y:0008 S:0129 D:0E68 DB:86 nvmxdizc V:  0 H:173 F:16
				83BB8E B9 0B CA    LDA $CA0B,Y   [86CA15] A:000A X:1948 Y:000A S:0129 D:0E68 DB:86 nvmxdizc V:  0 H:176 F:16
				83BB91 9D 1C 00    STA $001C,X   [861964] A:039E X:1948 Y:000A S:0129 D:0E68 DB:86 nvmxdizc V:  0 H:185 F:16
				83BB94 AD 00 00    LDA $0000     [860000] A:039E X:1948 Y:000A S:0129 D:0E68 DB:86 nvmxdizc V:  0 H:195 F:16
				83BB97 9D 05 00    STA $0005,X   [86194D] A:14F0 X:1948 Y:000A S:0129 D:0E68 DB:86 nvmxdizc V:  0 H:203 F:16
				83BB9A AD 02 00    LDA $0002     [860002] A:14F0 X:1948 Y:000A S:0129 D:0E68 DB:86 nvmxdizc V:  0 H:213 F:16
				83BB9D 9D 08 00    STA $0008,X   [861950] A:0A5D X:1948 Y:000A S:0129 D:0E68 DB:86 nvmxdizc V:  0 H:222 F:16
				83BBA0 E2 20       SEP #$20               A:0A5D X:1948 Y:000A S:0129 D:0E68 DB:86 nvmxdizc V:  0 H:232 F:16
				83BBA2 A9 40       LDA #$40               A:0A5D X:1948 Y:000A S:0129 D:0E68 DB:86 nvMxdizc V:  0 H:236 F:16
				83BBA4 9D 1E 00    STA $001E,X   [861966] A:0A40 X:1948 Y:000A S:0129 D:0E68 DB:86 nvMxdizc V:  0 H:239 F:16
				83BBA7 9E 1F 00    STZ $001F,X   [861967] A:0A40 X:1948 Y:000A S:0129 D:0E68 DB:86 nvMxdizc V:  0 H:247 F:16
				83BBAA C6 3D       DEC $3D       [000EA5] A:0A40 X:1948 Y:000A S:0129 D:0E68 DB:86 nvMxdizc V:  0 H:255 F:16
				83BBAC 10 9A       BPL $009A     [83BB48] A:0A40 X:1948 Y:000A S:0129 D:0E68 DB:86 nvMxdizc V:  0 H:265 F:16
				83BB48 22 D3 82 82 JSL $8282D3   [8282D3] A:0A40 X:1948 Y:000A S:0129 D:0E68 DB:86 nvMxdizc V:  0 H:270 F:16

				8282D3 C2 30       REP #$30               A:0A40 X:1948 Y:000A S:0126 D:0E68 DB:86 nvMxdizc V:  0 H:283 F:16
				8282D5 A2 28 19    LDX #$1928             A:0A40 X:1948 Y:000A S:0126 D:0E68 DB:86 nvmxdizc V:  0 H:288 F:16
				8282D8 BD 00 00    LDA $0000,X   [861928] A:0A40 X:1928 Y:000A S:0126 D:0E68 DB:86 nvmxdizc V:  0 H:292 F:16
				8282DB F0 5E       BEQ $005E     [82833B] A:0101 X:1928 Y:000A S:0126 D:0E68 DB:86 nvmxdizc V:  0 H:302 F:16
				8282DD 8A          TXA                    A:0101 X:1928 Y:000A S:0126 D:0E68 DB:86 nvmxdizc V:  0 H:305 F:16
				8282DE 18          CLC                    A:1928 X:1928 Y:000A S:0126 D:0E68 DB:86 nvmxdizc V:  0 H:308 F:16
				8282DF 69 20 00    ADC #$0020             A:1928 X:1928 Y:000A S:0126 D:0E68 DB:86 nvmxdizc V:  0 H:311 F:16
				8282E2 AA          TAX                    A:1948 X:1928 Y:000A S:0126 D:0E68 DB:86 nvmxdizc V:  0 H:316 F:16
				8282E3 E0 08 1D    CPX #$1D08             A:1948 X:1948 Y:000A S:0126 D:0E68 DB:86 nvmxdizc V:  0 H:319 F:16
				8282E6 90 F0       BCC $00F0     [8282D8] A:1948 X:1948 Y:000A S:0126 D:0E68 DB:86 Nvmxdizc V:  0 H:323 F:16
				8282D8 BD 00 00    LDA $0000,X   [861948] A:1948 X:1948 Y:000A S:0126 D:0E68 DB:86 Nvmxdizc V:  0 H:327 F:16
				8282DB F0 5E       BEQ $005E     [82833B] A:0001 X:1948 Y:000A S:0126 D:0E68 DB:86 nvmxdizc V:  0 H:337 F:16
				8282DD 8A          TXA                    A:0001 X:1948 Y:000A S:0126 D:0E68 DB:86 nvmxdizc V:  1 H:  0 F:16
				8282DE 18          CLC                    A:1948 X:1948 Y:000A S:0126 D:0E68 DB:86 nvmxdizc V:  1 H:  3 F:16
				8282DF 69 20 00    ADC #$0020             A:1948 X:1948 Y:000A S:0126 D:0E68 DB:86 nvmxdizc V:  1 H:  6 F:16
				8282E2 AA          TAX                    A:1968 X:1948 Y:000A S:0126 D:0E68 DB:86 nvmxdizc V:  1 H: 10 F:16
				8282E3 E0 08 1D    CPX #$1D08             A:1968 X:1968 Y:000A S:0126 D:0E68 DB:86 nvmxdizc V:  1 H: 13 F:16
				8282E6 90 F0       BCC $00F0     [8282D8] A:1968 X:1968 Y:000A S:0126 D:0E68 DB:86 Nvmxdizc V:  1 H: 18 F:16
				8282D8 BD 00 00    LDA $0000,X   [861968] A:1968 X:1968 Y:000A S:0126 D:0E68 DB:86 Nvmxdizc V:  1 H: 22 F:16
				8282DB F0 5E       BEQ $005E     [82833B] A:0000 X:1968 Y:000A S:0126 D:0E68 DB:86 nvmxdiZc V:  1 H: 32 F:16
				82833B E2 22       SEP #$22               A:0000 X:1968 Y:000A S:0126 D:0E68 DB:86 nvmxdiZc V:  1 H: 37 F:16
				82833D 6B          RTL                    A:0000 X:1968 Y:000A S:0126 D:0E68 DB:86 nvMxdiZc V:  1 H: 41 F:16

				83BB4C F0 02       BEQ $0002     [83BB50] A:0000 X:1968 Y:000A S:0129 D:0E68 DB:86 nvMxdiZc V:  1 H: 52 F:16
				83BB50 FE 00 00    INC $0000,X   [861968] A:0000 X:1968 Y:000A S:0129 D:0E68 DB:86 nvMxdiZc V:  1 H: 56 F:16
				83BB53 A9 2B       LDA #$2B               A:0000 X:1968 Y:000A S:0129 D:0E68 DB:86 nvMxdizc V:  1 H: 68 F:16
				83BB55 9D 0A 00    STA $000A,X   [861972] A:002B X:1968 Y:000A S:0129 D:0E68 DB:86 nvMxdizc V:  1 H: 71 F:16
				83BB58 A9 00       LDA #$00               A:002B X:1968 Y:000A S:0129 D:0E68 DB:86 nvMxdizc V:  1 H: 79 F:16
				83BB5A EB          XBA                    A:0000 X:1968 Y:000A S:0129 D:0E68 DB:86 nvMxdiZc V:  1 H: 82 F:16
				83BB5B AD 04 00    LDA $0004     [860004] A:0000 X:1968 Y:000A S:0129 D:0E68 DB:86 nvMxdiZc V:  1 H: 86 F:16
				83BB5E 18          CLC                    A:0009 X:1968 Y:000A S:0129 D:0E68 DB:86 nvMxdizc V:  1 H: 93 F:16
				83BB5F 65 3D       ADC $3D       [000EA5] A:0009 X:1968 Y:000A S:0129 D:0E68 DB:86 nvMxdizc V:  1 H: 96 F:16
				83BB61 A8          TAY                    A:000B X:1968 Y:000A S:0129 D:0E68 DB:86 nvMxdizc V:  1 H:102 F:16
				83BB62 B9 D8 C9    LDA $C9D8,Y   [86C9E3] A:000B X:1968 Y:000B S:0129 D:0E68 DB:86 nvMxdizc V:  1 H:105 F:16
				83BB65 9D 0B 00    STA $000B,X   [861973] A:0029 X:1968 Y:000B S:0129 D:0E68 DB:86 nvMxdizc V:  1 H:113 F:16
				83BB68 C2 20       REP #$20               A:0029 X:1968 Y:000B S:0129 D:0E68 DB:86 nvMxdizc V:  1 H:121 F:16
				83BB6A 9E 0C 00    STZ $000C,X   [861974] A:0029 X:1968 Y:000B S:0129 D:0E68 DB:86 nvmxdizc V:  1 H:125 F:16
				83BB6D 22 86 90 84 JSL $849086   [849086] A:0029 X:1968 Y:000B S:0129 D:0E68 DB:86 nvmxdizc V:  1 H:145 F:16

				849086 08          PHP                    A:0029 X:1968 Y:000B S:0126 D:0E68 DB:86 nvmxdizc V:  1 H:159 F:16
				849087 C2 20       REP #$20               A:0029 X:1968 Y:000B S:0125 D:0E68 DB:86 nvmxdizc V:  1 H:164 F:16
				849089 AD A6 0B    LDA $0BA6     [860BA6] A:0029 X:1968 Y:000B S:0125 D:0E68 DB:86 nvmxdizc V:  1 H:168 F:16
				84908C 0A          ASL A                  A:81C5 X:1968 Y:000B S:0125 D:0E68 DB:86 Nvmxdizc V:  1 H:177 F:16
				84908D 18          CLC                    A:038A X:1968 Y:000B S:0125 D:0E68 DB:86 nvmxdizC V:  1 H:180 F:16
				84908E 6D A6 0B    ADC $0BA6     [860BA6] A:038A X:1968 Y:000B S:0125 D:0E68 DB:86 nvmxdizc V:  1 H:183 F:16
				849091 EB          XBA                    A:854F X:1968 Y:000B S:0125 D:0E68 DB:86 Nvmxdizc V:  1 H:191 F:16
				849092 E2 20       SEP #$20               A:4F85 X:1968 Y:000B S:0125 D:0E68 DB:86 Nvmxdizc V:  1 H:196 F:16
				849094 8D A7 0B    STA $0BA7     [860BA7] A:4F85 X:1968 Y:000B S:0125 D:0E68 DB:86 NvMxdizc V:  1 H:200 F:16
				849097 18          CLC                    A:4F85 X:1968 Y:000B S:0125 D:0E68 DB:86 NvMxdizc V:  1 H:207 F:16
				849098 6D A6 0B    ADC $0BA6     [860BA6] A:4F85 X:1968 Y:000B S:0125 D:0E68 DB:86 NvMxdizc V:  1 H:210 F:16
				84909B 8D A6 0B    STA $0BA6     [860BA6] A:4F4A X:1968 Y:000B S:0125 D:0E68 DB:86 nVMxdizC V:  1 H:216 F:16
				84909E 28          PLP                    A:4F4A X:1968 Y:000B S:0125 D:0E68 DB:86 nVMxdizC V:  1 H:223 F:16
				84909F 6B          RTL                    A:4F4A X:1968 Y:000B S:0126 D:0E68 DB:86 nvmxdizc V:  1 H:229 F:16

				83BB71 29 0F 00    AND #$000F             A:4F4A X:1968 Y:000B S:0129 D:0E68 DB:86 nvmxdizc V:  1 H:240 F:16
				83BB74 0A          ASL A                  A:000A X:1968 Y:000B S:0129 D:0E68 DB:86 nvmxdizc V:  1 H:244 F:16
				83BB75 A8          TAY                    A:0014 X:1968 Y:000B S:0129 D:0E68 DB:86 nvmxdizc V:  1 H:247 F:16
				83BB76 A5 3D       LDA $3D       [000EA5] A:0014 X:1968 Y:0014 S:0129 D:0E68 DB:86 nvmxdizc V:  1 H:250 F:16
				83BB78 4A          LSR A                  A:0002 X:1968 Y:0014 S:0129 D:0E68 DB:86 nvmxdizc V:  1 H:259 F:16
				83BB79 B9 EB C9    LDA $C9EB,Y   [86C9FF] A:0001 X:1968 Y:0014 S:0129 D:0E68 DB:86 nvmxdizc V:  1 H:262 F:16
				83BB7C 90 04       BCC $0004     [83BB82] A:018C X:1968 Y:0014 S:0129 D:0E68 DB:86 nvmxdizc V:  1 H:271 F:16
				83BB82 9D 1A 00    STA $001A,X   [861982] A:018C X:1968 Y:0014 S:0129 D:0E68 DB:86 nvmxdizc V:  1 H:275 F:16
				83BB85 22 86 90 84 JSL $849086   [849086] A:018C X:1968 Y:0014 S:0129 D:0E68 DB:86 nvmxdizc V:  1 H:285 F:16

				849086 08          PHP                    A:018C X:1968 Y:0014 S:0126 D:0E68 DB:86 nvmxdizc V:  1 H:299 F:16
				849087 C2 20       REP #$20               A:018C X:1968 Y:0014 S:0125 D:0E68 DB:86 nvmxdizc V:  1 H:304 F:16
				849089 AD A6 0B    LDA $0BA6     [860BA6] A:018C X:1968 Y:0014 S:0125 D:0E68 DB:86 nvmxdizc V:  1 H:308 F:16
				84908C 0A          ASL A                  A:854A X:1968 Y:0014 S:0125 D:0E68 DB:86 Nvmxdizc V:  1 H:317 F:16
				84908D 18          CLC                    A:0A94 X:1968 Y:0014 S:0125 D:0E68 DB:86 nvmxdizC V:  1 H:320 F:16
				84908E 6D A6 0B    ADC $0BA6     [860BA6] A:0A94 X:1968 Y:0014 S:0125 D:0E68 DB:86 nvmxdizc V:  1 H:323 F:16
				849091 EB          XBA                    A:8FDE X:1968 Y:0014 S:0125 D:0E68 DB:86 Nvmxdizc V:  1 H:330 F:16
				849092 E2 20       SEP #$20               A:DE8F X:1968 Y:0014 S:0125 D:0E68 DB:86 Nvmxdizc V:  1 H:335 F:16
				849094 8D A7 0B    STA $0BA7     [860BA7] A:DE8F X:1968 Y:0014 S:0125 D:0E68 DB:86 NvMxdizc V:  1 H:339 F:16
				849097 18          CLC                    A:DE8F X:1968 Y:0014 S:0125 D:0E68 DB:86 NvMxdizc V:  2 H:  6 F:16
				849098 6D A6 0B    ADC $0BA6     [860BA6] A:DE8F X:1968 Y:0014 S:0125 D:0E68 DB:86 NvMxdizc V:  2 H:  9 F:16
				84909B 8D A6 0B    STA $0BA6     [860BA6] A:DED9 X:1968 Y:0014 S:0125 D:0E68 DB:86 NvMxdizc V:  2 H: 15 F:16
				84909E 28          PLP                    A:DED9 X:1968 Y:0014 S:0125 D:0E68 DB:86 NvMxdizc V:  2 H: 22 F:16
				84909F 6B          RTL                    A:DED9 X:1968 Y:0014 S:0126 D:0E68 DB:86 nvmxdizc V:  2 H: 28 F:16

				83BB89 29 0F 00    AND #$000F             A:DED9 X:1968 Y:0014 S:0129 D:0E68 DB:86 nvmxdizc V:  2 H: 39 F:16
				83BB8C 0A          ASL A                  A:0009 X:1968 Y:0014 S:0129 D:0E68 DB:86 nvmxdizc V:  2 H: 43 F:16
				83BB8D A8          TAY                    A:0012 X:1968 Y:0014 S:0129 D:0E68 DB:86 nvmxdizc V:  2 H: 46 F:16
				83BB8E B9 0B CA    LDA $CA0B,Y   [86CA1D] A:0012 X:1968 Y:0012 S:0129 D:0E68 DB:86 nvmxdizc V:  2 H: 49 F:16
				83BB91 9D 1C 00    STA $001C,X   [861984] A:035E X:1968 Y:0012 S:0129 D:0E68 DB:86 nvmxdizc V:  2 H: 58 F:16
				83BB94 AD 00 00    LDA $0000     [860000] A:035E X:1968 Y:0012 S:0129 D:0E68 DB:86 nvmxdizc V:  2 H: 68 F:16
				83BB97 9D 05 00    STA $0005,X   [86196D] A:14F0 X:1968 Y:0012 S:0129 D:0E68 DB:86 nvmxdizc V:  2 H: 77 F:16
				83BB9A AD 02 00    LDA $0002     [860002] A:14F0 X:1968 Y:0012 S:0129 D:0E68 DB:86 nvmxdizc V:  2 H: 87 F:16
				83BB9D 9D 08 00    STA $0008,X   [861970] A:0A5D X:1968 Y:0012 S:0129 D:0E68 DB:86 nvmxdizc V:  2 H: 95 F:16
				83BBA0 E2 20       SEP #$20               A:0A5D X:1968 Y:0012 S:0129 D:0E68 DB:86 nvmxdizc V:  2 H:105 F:16
				83BBA2 A9 40       LDA #$40               A:0A5D X:1968 Y:0012 S:0129 D:0E68 DB:86 nvMxdizc V:  2 H:110 F:16
				83BBA4 9D 1E 00    STA $001E,X   [861986] A:0A40 X:1968 Y:0012 S:0129 D:0E68 DB:86 nvMxdizc V:  2 H:113 F:16
				83BBA7 9E 1F 00    STZ $001F,X   [861987] A:0A40 X:1968 Y:0012 S:0129 D:0E68 DB:86 nvMxdizc V:  2 H:121 F:16
				83BBAA C6 3D       DEC $3D       [000EA5] A:0A40 X:1968 Y:0012 S:0129 D:0E68 DB:86 nvMxdizc V:  2 H:129 F:16
				83BBAC 10 9A       BPL $009A     [83BB48] A:0A40 X:1968 Y:0012 S:0129 D:0E68 DB:86 nvMxdizc V:  2 H:149 F:16
				83BB48 22 D3 82 82 JSL $8282D3   [8282D3] A:0A40 X:1968 Y:0012 S:0129 D:0E68 DB:86 nvMxdizc V:  2 H:153 F:16

				8282D3 C2 30       REP #$30               A:0A40 X:1968 Y:0012 S:0126 D:0E68 DB:86 nvMxdizc V:  2 H:167 F:16
				8282D5 A2 28 19    LDX #$1928             A:0A40 X:1968 Y:0012 S:0126 D:0E68 DB:86 nvmxdizc V:  2 H:171 F:16
				8282D8 BD 00 00    LDA $0000,X   [861928] A:0A40 X:1928 Y:0012 S:0126 D:0E68 DB:86 nvmxdizc V:  2 H:176 F:16
				8282DB F0 5E       BEQ $005E     [82833B] A:0101 X:1928 Y:0012 S:0126 D:0E68 DB:86 nvmxdizc V:  2 H:186 F:16
				8282DD 8A          TXA                    A:0101 X:1928 Y:0012 S:0126 D:0E68 DB:86 nvmxdizc V:  2 H:189 F:16
				8282DE 18          CLC                    A:1928 X:1928 Y:0012 S:0126 D:0E68 DB:86 nvmxdizc V:  2 H:192 F:16
				8282DF 69 20 00    ADC #$0020             A:1928 X:1928 Y:0012 S:0126 D:0E68 DB:86 nvmxdizc V:  2 H:195 F:16
				8282E2 AA          TAX                    A:1948 X:1928 Y:0012 S:0126 D:0E68 DB:86 nvmxdizc V:  2 H:199 F:16
				8282E3 E0 08 1D    CPX #$1D08             A:1948 X:1948 Y:0012 S:0126 D:0E68 DB:86 nvmxdizc V:  2 H:202 F:16
				8282E6 90 F0       BCC $00F0     [8282D8] A:1948 X:1948 Y:0012 S:0126 D:0E68 DB:86 Nvmxdizc V:  2 H:207 F:16
				8282D8 BD 00 00    LDA $0000,X   [861948] A:1948 X:1948 Y:0012 S:0126 D:0E68 DB:86 Nvmxdizc V:  2 H:211 F:16
				8282DB F0 5E       BEQ $005E     [82833B] A:0001 X:1948 Y:0012 S:0126 D:0E68 DB:86 nvmxdizc V:  2 H:221 F:16
				8282DD 8A          TXA                    A:0001 X:1948 Y:0012 S:0126 D:0E68 DB:86 nvmxdizc V:  2 H:224 F:16
				8282DE 18          CLC                    A:1948 X:1948 Y:0012 S:0126 D:0E68 DB:86 nvmxdizc V:  2 H:227 F:16
				8282DF 69 20 00    ADC #$0020             A:1948 X:1948 Y:0012 S:0126 D:0E68 DB:86 nvmxdizc V:  2 H:230 F:16
				8282E2 AA          TAX                    A:1968 X:1948 Y:0012 S:0126 D:0E68 DB:86 nvmxdizc V:  2 H:235 F:16
				8282E3 E0 08 1D    CPX #$1D08             A:1968 X:1968 Y:0012 S:0126 D:0E68 DB:86 nvmxdizc V:  2 H:238 F:16
				8282E6 90 F0       BCC $00F0     [8282D8] A:1968 X:1968 Y:0012 S:0126 D:0E68 DB:86 Nvmxdizc V:  2 H:242 F:16
				8282D8 BD 00 00    LDA $0000,X   [861968] A:1968 X:1968 Y:0012 S:0126 D:0E68 DB:86 Nvmxdizc V:  2 H:247 F:16
				8282DB F0 5E       BEQ $005E     [82833B] A:0001 X:1968 Y:0012 S:0126 D:0E68 DB:86 nvmxdizc V:  2 H:257 F:16
				8282DD 8A          TXA                    A:0001 X:1968 Y:0012 S:0126 D:0E68 DB:86 nvmxdizc V:  2 H:260 F:16
				8282DE 18          CLC                    A:1968 X:1968 Y:0012 S:0126 D:0E68 DB:86 nvmxdizc V:  2 H:263 F:16
				8282DF 69 20 00    ADC #$0020             A:1968 X:1968 Y:0012 S:0126 D:0E68 DB:86 nvmxdizc V:  2 H:266 F:16
				8282E2 AA          TAX                    A:1988 X:1968 Y:0012 S:0126 D:0E68 DB:86 nvmxdizc V:  2 H:270 F:16
				8282E3 E0 08 1D    CPX #$1D08             A:1988 X:1988 Y:0012 S:0126 D:0E68 DB:86 nvmxdizc V:  2 H:273 F:16
				8282E6 90 F0       BCC $00F0     [8282D8] A:1988 X:1988 Y:0012 S:0126 D:0E68 DB:86 Nvmxdizc V:  2 H:278 F:16
				8282D8 BD 00 00    LDA $0000,X   [861988] A:1988 X:1988 Y:0012 S:0126 D:0E68 DB:86 Nvmxdizc V:  2 H:282 F:16
				8282DB F0 5E       BEQ $005E     [82833B] A:0000 X:1988 Y:0012 S:0126 D:0E68 DB:86 nvmxdiZc V:  2 H:292 F:16
				82833B E2 22       SEP #$22               A:0000 X:1988 Y:0012 S:0126 D:0E68 DB:86 nvmxdiZc V:  2 H:297 F:16
				82833D 6B          RTL                    A:0000 X:1988 Y:0012 S:0126 D:0E68 DB:86 nvMxdiZc V:  2 H:301 F:16

				83BB4C F0 02       BEQ $0002     [83BB50] A:0000 X:1988 Y:0012 S:0129 D:0E68 DB:86 nvMxdiZc V:  2 H:312 F:16
				83BB50 FE 00 00    INC $0000,X   [861988] A:0000 X:1988 Y:0012 S:0129 D:0E68 DB:86 nvMxdiZc V:  2 H:316 F:16
				83BB53 A9 2B       LDA #$2B               A:0000 X:1988 Y:0012 S:0129 D:0E68 DB:86 nvMxdizc V:  2 H:327 F:16
				83BB55 9D 0A 00    STA $000A,X   [861992] A:002B X:1988 Y:0012 S:0129 D:0E68 DB:86 nvMxdizc V:  2 H:330 F:16
				83BB58 A9 00       LDA #$00               A:002B X:1988 Y:0012 S:0129 D:0E68 DB:86 nvMxdizc V:  2 H:338 F:16
				83BB5A EB          XBA                    A:0000 X:1988 Y:0012 S:0129 D:0E68 DB:86 nvMxdiZc V:  3 H:  1 F:16
				83BB5B AD 04 00    LDA $0004     [860004] A:0000 X:1988 Y:0012 S:0129 D:0E68 DB:86 nvMxdiZc V:  3 H:  5 F:16
				83BB5E 18          CLC                    A:0009 X:1988 Y:0012 S:0129 D:0E68 DB:86 nvMxdizc V:  3 H: 12 F:16
				83BB5F 65 3D       ADC $3D       [000EA5] A:0009 X:1988 Y:0012 S:0129 D:0E68 DB:86 nvMxdizc V:  3 H: 15 F:16
				83BB61 A8          TAY                    A:000A X:1988 Y:0012 S:0129 D:0E68 DB:86 nvMxdizc V:  3 H: 21 F:16
				83BB62 B9 D8 C9    LDA $C9D8,Y   [86C9E2] A:000A X:1988 Y:000A S:0129 D:0E68 DB:86 nvMxdizc V:  3 H: 24 F:16
				83BB65 9D 0B 00    STA $000B,X   [861993] A:0028 X:1988 Y:000A S:0129 D:0E68 DB:86 nvMxdizc V:  3 H: 32 F:16
				83BB68 C2 20       REP #$20               A:0028 X:1988 Y:000A S:0129 D:0E68 DB:86 nvMxdizc V:  3 H: 40 F:16
				83BB6A 9E 0C 00    STZ $000C,X   [861994] A:0028 X:1988 Y:000A S:0129 D:0E68 DB:86 nvmxdizc V:  3 H: 44 F:16
				83BB6D 22 86 90 84 JSL $849086   [849086] A:0028 X:1988 Y:000A S:0129 D:0E68 DB:86 nvmxdizc V:  3 H: 54 F:16

				849086 08          PHP                    A:0028 X:1988 Y:000A S:0126 D:0E68 DB:86 nvmxdizc V:  3 H: 68 F:16
				849087 C2 20       REP #$20               A:0028 X:1988 Y:000A S:0125 D:0E68 DB:86 nvmxdizc V:  3 H: 73 F:16
				849089 AD A6 0B    LDA $0BA6     [860BA6] A:0028 X:1988 Y:000A S:0125 D:0E68 DB:86 nvmxdizc V:  3 H: 77 F:16
				84908C 0A          ASL A                  A:8FD9 X:1988 Y:000A S:0125 D:0E68 DB:86 Nvmxdizc V:  3 H: 86 F:16
				84908D 18          CLC                    A:1FB2 X:1988 Y:000A S:0125 D:0E68 DB:86 nvmxdizC V:  3 H: 89 F:16
				84908E 6D A6 0B    ADC $0BA6     [860BA6] A:1FB2 X:1988 Y:000A S:0125 D:0E68 DB:86 nvmxdizc V:  3 H: 92 F:16
				849091 EB          XBA                    A:AF8B X:1988 Y:000A S:0125 D:0E68 DB:86 Nvmxdizc V:  3 H:100 F:16
				849092 E2 20       SEP #$20               A:8BAF X:1988 Y:000A S:0125 D:0E68 DB:86 Nvmxdizc V:  3 H:105 F:16
				849094 8D A7 0B    STA $0BA7     [860BA7] A:8BAF X:1988 Y:000A S:0125 D:0E68 DB:86 NvMxdizc V:  3 H:109 F:16
				849097 18          CLC                    A:8BAF X:1988 Y:000A S:0125 D:0E68 DB:86 NvMxdizc V:  3 H:116 F:16
				849098 6D A6 0B    ADC $0BA6     [860BA6] A:8BAF X:1988 Y:000A S:0125 D:0E68 DB:86 NvMxdizc V:  3 H:119 F:16
				84909B 8D A6 0B    STA $0BA6     [860BA6] A:8B88 X:1988 Y:000A S:0125 D:0E68 DB:86 NvMxdizC V:  3 H:125 F:16
				84909E 28          PLP                    A:8B88 X:1988 Y:000A S:0125 D:0E68 DB:86 NvMxdizC V:  3 H:132 F:16
				84909F 6B          RTL                    A:8B88 X:1988 Y:000A S:0126 D:0E68 DB:86 nvmxdizc V:  3 H:148 F:16

				83BB71 29 0F 00    AND #$000F             A:8B88 X:1988 Y:000A S:0129 D:0E68 DB:86 nvmxdizc V:  3 H:159 F:16
				83BB74 0A          ASL A                  A:0008 X:1988 Y:000A S:0129 D:0E68 DB:86 nvmxdizc V:  3 H:163 F:16
				83BB75 A8          TAY                    A:0010 X:1988 Y:000A S:0129 D:0E68 DB:86 nvmxdizc V:  3 H:166 F:16
				83BB76 A5 3D       LDA $3D       [000EA5] A:0010 X:1988 Y:0010 S:0129 D:0E68 DB:86 nvmxdizc V:  3 H:169 F:16
				83BB78 4A          LSR A                  A:0001 X:1988 Y:0010 S:0129 D:0E68 DB:86 nvmxdizc V:  3 H:178 F:16
				83BB79 B9 EB C9    LDA $C9EB,Y   [86C9FB] A:0000 X:1988 Y:0010 S:0129 D:0E68 DB:86 nvmxdiZC V:  3 H:181 F:16
				83BB7C 90 04       BCC $0004     [83BB82] A:00D7 X:1988 Y:0010 S:0129 D:0E68 DB:86 nvmxdizC V:  3 H:190 F:16
				83BB7E 49 FF FF    EOR #$FFFF             A:00D7 X:1988 Y:0010 S:0129 D:0E68 DB:86 nvmxdizC V:  3 H:193 F:16
				83BB81 1A          INC                    A:FF28 X:1988 Y:0010 S:0129 D:0E68 DB:86 NvmxdizC V:  3 H:197 F:16
				83BB82 9D 1A 00    STA $001A,X   [8619A2] A:FF29 X:1988 Y:0010 S:0129 D:0E68 DB:86 NvmxdizC V:  3 H:200 F:16
				83BB85 22 86 90 84 JSL $849086   [849086] A:FF29 X:1988 Y:0010 S:0129 D:0E68 DB:86 NvmxdizC V:  3 H:210 F:16

				849086 08          PHP                    A:FF29 X:1988 Y:0010 S:0126 D:0E68 DB:86 NvmxdizC V:  3 H:224 F:16
				849087 C2 20       REP #$20               A:FF29 X:1988 Y:0010 S:0125 D:0E68 DB:86 NvmxdizC V:  3 H:229 F:16
				849089 AD A6 0B    LDA $0BA6     [860BA6] A:FF29 X:1988 Y:0010 S:0125 D:0E68 DB:86 NvmxdizC V:  3 H:233 F:16
				84908C 0A          ASL A                  A:AF88 X:1988 Y:0010 S:0125 D:0E68 DB:86 NvmxdizC V:  3 H:242 F:16
				84908D 18          CLC                    A:5F10 X:1988 Y:0010 S:0125 D:0E68 DB:86 nvmxdizC V:  3 H:245 F:16
				84908E 6D A6 0B    ADC $0BA6     [860BA6] A:5F10 X:1988 Y:0010 S:0125 D:0E68 DB:86 nvmxdizc V:  3 H:248 F:16
				849091 EB          XBA                    A:0E98 X:1988 Y:0010 S:0125 D:0E68 DB:86 nvmxdizC V:  3 H:256 F:16
				849092 E2 20       SEP #$20               A:980E X:1988 Y:0010 S:0125 D:0E68 DB:86 nvmxdizC V:  3 H:261 F:16
				849094 8D A7 0B    STA $0BA7     [860BA7] A:980E X:1988 Y:0010 S:0125 D:0E68 DB:86 nvMxdizC V:  3 H:265 F:16
				849097 18          CLC                    A:980E X:1988 Y:0010 S:0125 D:0E68 DB:86 nvMxdizC V:  3 H:272 F:16
				849098 6D A6 0B    ADC $0BA6     [860BA6] A:980E X:1988 Y:0010 S:0125 D:0E68 DB:86 nvMxdizc V:  3 H:275 F:16
				84909B 8D A6 0B    STA $0BA6     [860BA6] A:9896 X:1988 Y:0010 S:0125 D:0E68 DB:86 NvMxdizc V:  3 H:281 F:16
				84909E 28          PLP                    A:9896 X:1988 Y:0010 S:0125 D:0E68 DB:86 NvMxdizc V:  3 H:288 F:16
				84909F 6B          RTL                    A:9896 X:1988 Y:0010 S:0126 D:0E68 DB:86 NvmxdizC V:  3 H:294 F:16

				83BB89 29 0F 00    AND #$000F             A:9896 X:1988 Y:0010 S:0129 D:0E68 DB:86 NvmxdizC V:  3 H:305 F:16
				83BB8C 0A          ASL A                  A:0006 X:1988 Y:0010 S:0129 D:0E68 DB:86 nvmxdizC V:  3 H:309 F:16
				83BB8D A8          TAY                    A:000C X:1988 Y:0010 S:0129 D:0E68 DB:86 nvmxdizc V:  3 H:312 F:16
				83BB8E B9 0B CA    LDA $CA0B,Y   [86CA17] A:000C X:1988 Y:000C S:0129 D:0E68 DB:86 nvmxdizc V:  3 H:315 F:16
				83BB91 9D 1C 00    STA $001C,X   [8619A4] A:0400 X:1988 Y:000C S:0129 D:0E68 DB:86 nvmxdizc V:  3 H:324 F:16
				83BB94 AD 00 00    LDA $0000     [860000] A:0400 X:1988 Y:000C S:0129 D:0E68 DB:86 nvmxdizc V:  3 H:333 F:16
				83BB97 9D 05 00    STA $0005,X   [86198D] A:14F0 X:1988 Y:000C S:0129 D:0E68 DB:86 nvmxdizc V:  4 H:  2 F:16
				83BB9A AD 02 00    LDA $0002     [860002] A:14F0 X:1988 Y:000C S:0129 D:0E68 DB:86 nvmxdizc V:  4 H: 12 F:16
				83BB9D 9D 08 00    STA $0008,X   [861990] A:0A5D X:1988 Y:000C S:0129 D:0E68 DB:86 nvmxdizc V:  4 H: 20 F:16
				83BBA0 E2 20       SEP #$20               A:0A5D X:1988 Y:000C S:0129 D:0E68 DB:86 nvmxdizc V:  4 H: 30 F:16
				83BBA2 A9 40       LDA #$40               A:0A5D X:1988 Y:000C S:0129 D:0E68 DB:86 nvMxdizc V:  4 H: 35 F:16
				83BBA4 9D 1E 00    STA $001E,X   [8619A6] A:0A40 X:1988 Y:000C S:0129 D:0E68 DB:86 nvMxdizc V:  4 H: 38 F:16
				83BBA7 9E 1F 00    STZ $001F,X   [8619A7] A:0A40 X:1988 Y:000C S:0129 D:0E68 DB:86 nvMxdizc V:  4 H: 46 F:16
				83BBAA C6 3D       DEC $3D       [000EA5] A:0A40 X:1988 Y:000C S:0129 D:0E68 DB:86 nvMxdizc V:  4 H: 54 F:16
				83BBAC 10 9A       BPL $009A     [83BB48] A:0A40 X:1988 Y:000C S:0129 D:0E68 DB:86 nvMxdiZc V:  4 H: 64 F:16
				83BB48 22 D3 82 82 JSL $8282D3   [8282D3] A:0A40 X:1988 Y:000C S:0129 D:0E68 DB:86 nvMxdiZc V:  4 H: 68 F:16

				8282D3 C2 30       REP #$30               A:0A40 X:1988 Y:000C S:0126 D:0E68 DB:86 nvMxdiZc V:  4 H: 82 F:16
				8282D5 A2 28 19    LDX #$1928             A:0A40 X:1988 Y:000C S:0126 D:0E68 DB:86 nvmxdiZc V:  4 H: 86 F:16
				8282D8 BD 00 00    LDA $0000,X   [861928] A:0A40 X:1928 Y:000C S:0126 D:0E68 DB:86 nvmxdizc V:  4 H: 91 F:16
				8282DB F0 5E       BEQ $005E     [82833B] A:0101 X:1928 Y:000C S:0126 D:0E68 DB:86 nvmxdizc V:  4 H:101 F:16
				8282DD 8A          TXA                    A:0101 X:1928 Y:000C S:0126 D:0E68 DB:86 nvmxdizc V:  4 H:104 F:16
				8282DE 18          CLC                    A:1928 X:1928 Y:000C S:0126 D:0E68 DB:86 nvmxdizc V:  4 H:107 F:16
				8282DF 69 20 00    ADC #$0020             A:1928 X:1928 Y:000C S:0126 D:0E68 DB:86 nvmxdizc V:  4 H:110 F:16
				8282E2 AA          TAX                    A:1948 X:1928 Y:000C S:0126 D:0E68 DB:86 nvmxdizc V:  4 H:114 F:16
				8282E3 E0 08 1D    CPX #$1D08             A:1948 X:1948 Y:000C S:0126 D:0E68 DB:86 nvmxdizc V:  4 H:117 F:16
				8282E6 90 F0       BCC $00F0     [8282D8] A:1948 X:1948 Y:000C S:0126 D:0E68 DB:86 Nvmxdizc V:  4 H:122 F:16
				8282D8 BD 00 00    LDA $0000,X   [861948] A:1948 X:1948 Y:000C S:0126 D:0E68 DB:86 Nvmxdizc V:  4 H:126 F:16
				8282DB F0 5E       BEQ $005E     [82833B] A:0001 X:1948 Y:000C S:0126 D:0E68 DB:86 nvmxdizc V:  4 H:146 F:16
				8282DD 8A          TXA                    A:0001 X:1948 Y:000C S:0126 D:0E68 DB:86 nvmxdizc V:  4 H:149 F:16
				8282DE 18          CLC                    A:1948 X:1948 Y:000C S:0126 D:0E68 DB:86 nvmxdizc V:  4 H:152 F:16
				8282DF 69 20 00    ADC #$0020             A:1948 X:1948 Y:000C S:0126 D:0E68 DB:86 nvmxdizc V:  4 H:155 F:16
				8282E2 AA          TAX                    A:1968 X:1948 Y:000C S:0126 D:0E68 DB:86 nvmxdizc V:  4 H:160 F:16
				8282E3 E0 08 1D    CPX #$1D08             A:1968 X:1968 Y:000C S:0126 D:0E68 DB:86 nvmxdizc V:  4 H:163 F:16
				8282E6 90 F0       BCC $00F0     [8282D8] A:1968 X:1968 Y:000C S:0126 D:0E68 DB:86 Nvmxdizc V:  4 H:167 F:16
				8282D8 BD 00 00    LDA $0000,X   [861968] A:1968 X:1968 Y:000C S:0126 D:0E68 DB:86 Nvmxdizc V:  4 H:172 F:16
				8282DB F0 5E       BEQ $005E     [82833B] A:0001 X:1968 Y:000C S:0126 D:0E68 DB:86 nvmxdizc V:  4 H:182 F:16
				8282DD 8A          TXA                    A:0001 X:1968 Y:000C S:0126 D:0E68 DB:86 nvmxdizc V:  4 H:185 F:16
				8282DE 18          CLC                    A:1968 X:1968 Y:000C S:0126 D:0E68 DB:86 nvmxdizc V:  4 H:188 F:16
				8282DF 69 20 00    ADC #$0020             A:1968 X:1968 Y:000C S:0126 D:0E68 DB:86 nvmxdizc V:  4 H:191 F:16
				8282E2 AA          TAX                    A:1988 X:1968 Y:000C S:0126 D:0E68 DB:86 nvmxdizc V:  4 H:195 F:16
				8282E3 E0 08 1D    CPX #$1D08             A:1988 X:1988 Y:000C S:0126 D:0E68 DB:86 nvmxdizc V:  4 H:198 F:16
				8282E6 90 F0       BCC $00F0     [8282D8] A:1988 X:1988 Y:000C S:0126 D:0E68 DB:86 Nvmxdizc V:  4 H:203 F:16
				8282D8 BD 00 00    LDA $0000,X   [861988] A:1988 X:1988 Y:000C S:0126 D:0E68 DB:86 Nvmxdizc V:  4 H:207 F:16
				8282DB F0 5E       BEQ $005E     [82833B] A:0001 X:1988 Y:000C S:0126 D:0E68 DB:86 nvmxdizc V:  4 H:217 F:16
				8282DD 8A          TXA                    A:0001 X:1988 Y:000C S:0126 D:0E68 DB:86 nvmxdizc V:  4 H:220 F:16
				8282DE 18          CLC                    A:1988 X:1988 Y:000C S:0126 D:0E68 DB:86 nvmxdizc V:  4 H:223 F:16
				8282DF 69 20 00    ADC #$0020             A:1988 X:1988 Y:000C S:0126 D:0E68 DB:86 nvmxdizc V:  4 H:226 F:16
				8282E2 AA          TAX                    A:19A8 X:1988 Y:000C S:0126 D:0E68 DB:86 nvmxdizc V:  4 H:231 F:16
				8282E3 E0 08 1D    CPX #$1D08             A:19A8 X:19A8 Y:000C S:0126 D:0E68 DB:86 nvmxdizc V:  4 H:234 F:16
				8282E6 90 F0       BCC $00F0     [8282D8] A:19A8 X:19A8 Y:000C S:0126 D:0E68 DB:86 Nvmxdizc V:  4 H:238 F:16
				8282D8 BD 00 00    LDA $0000,X   [8619A8] A:19A8 X:19A8 Y:000C S:0126 D:0E68 DB:86 Nvmxdizc V:  4 H:243 F:16
				8282DB F0 5E       BEQ $005E     [82833B] A:0101 X:19A8 Y:000C S:0126 D:0E68 DB:86 nvmxdizc V:  4 H:253 F:16
				8282DD 8A          TXA                    A:0101 X:19A8 Y:000C S:0126 D:0E68 DB:86 nvmxdizc V:  4 H:256 F:16
				8282DE 18          CLC                    A:19A8 X:19A8 Y:000C S:0126 D:0E68 DB:86 nvmxdizc V:  4 H:259 F:16
				8282DF 69 20 00    ADC #$0020             A:19A8 X:19A8 Y:000C S:0126 D:0E68 DB:86 nvmxdizc V:  4 H:262 F:16
				8282E2 AA          TAX                    A:19C8 X:19A8 Y:000C S:0126 D:0E68 DB:86 nvmxdizc V:  4 H:266 F:16
				8282E3 E0 08 1D    CPX #$1D08             A:19C8 X:19C8 Y:000C S:0126 D:0E68 DB:86 nvmxdizc V:  4 H:269 F:16
				8282E6 90 F0       BCC $00F0     [8282D8] A:19C8 X:19C8 Y:000C S:0126 D:0E68 DB:86 Nvmxdizc V:  4 H:274 F:16
				8282D8 BD 00 00    LDA $0000,X   [8619C8] A:19C8 X:19C8 Y:000C S:0126 D:0E68 DB:86 Nvmxdizc V:  4 H:278 F:16
				8282DB F0 5E       BEQ $005E     [82833B] A:0101 X:19C8 Y:000C S:0126 D:0E68 DB:86 nvmxdizc V:  4 H:288 F:16
				8282DD 8A          TXA                    A:0101 X:19C8 Y:000C S:0126 D:0E68 DB:86 nvmxdizc V:  4 H:291 F:16
				8282DE 18          CLC                    A:19C8 X:19C8 Y:000C S:0126 D:0E68 DB:86 nvmxdizc V:  4 H:294 F:16
				8282DF 69 20 00    ADC #$0020             A:19C8 X:19C8 Y:000C S:0126 D:0E68 DB:86 nvmxdizc V:  4 H:297 F:16
				8282E2 AA          TAX                    A:19E8 X:19C8 Y:000C S:0126 D:0E68 DB:86 nvmxdizc V:  4 H:302 F:16
				8282E3 E0 08 1D    CPX #$1D08             A:19E8 X:19E8 Y:000C S:0126 D:0E68 DB:86 nvmxdizc V:  4 H:305 F:16
				8282E6 90 F0       BCC $00F0     [8282D8] A:19E8 X:19E8 Y:000C S:0126 D:0E68 DB:86 Nvmxdizc V:  4 H:309 F:16
				8282D8 BD 00 00    LDA $0000,X   [8619E8] A:19E8 X:19E8 Y:000C S:0126 D:0E68 DB:86 Nvmxdizc V:  4 H:314 F:16
				8282DB F0 5E       BEQ $005E     [82833B] A:0101 X:19E8 Y:000C S:0126 D:0E68 DB:86 nvmxdizc V:  4 H:323 F:16
				8282DD 8A          TXA                    A:0101 X:19E8 Y:000C S:0126 D:0E68 DB:86 nvmxdizc V:  4 H:326 F:16
				8282DE 18          CLC                    A:19E8 X:19E8 Y:000C S:0126 D:0E68 DB:86 nvmxdizc V:  4 H:329 F:16
				8282DF 69 20 00    ADC #$0020             A:19E8 X:19E8 Y:000C S:0126 D:0E68 DB:86 nvmxdizc V:  4 H:332 F:16
				8282E2 AA          TAX                    A:1A08 X:19E8 Y:000C S:0126 D:0E68 DB:86 nvmxdizc V:  4 H:336 F:16
				8282E3 E0 08 1D    CPX #$1D08             A:1A08 X:1A08 Y:000C S:0126 D:0E68 DB:86 nvmxdizc V:  4 H:339 F:16
				8282E6 90 F0       BCC $00F0     [8282D8] A:1A08 X:1A08 Y:000C S:0126 D:0E68 DB:86 Nvmxdizc V:  5 H:  4 F:16
				8282D8 BD 00 00    LDA $0000,X   [861A08] A:1A08 X:1A08 Y:000C S:0126 D:0E68 DB:86 Nvmxdizc V:  5 H:  8 F:16
				8282DB F0 5E       BEQ $005E     [82833B] A:0101 X:1A08 Y:000C S:0126 D:0E68 DB:86 nvmxdizc V:  5 H: 18 F:16
				8282DD 8A          TXA                    A:0101 X:1A08 Y:000C S:0126 D:0E68 DB:86 nvmxdizc V:  5 H: 21 F:16
				8282DE 18          CLC                    A:1A08 X:1A08 Y:000C S:0126 D:0E68 DB:86 nvmxdizc V:  5 H: 24 F:16
				8282DF 69 20 00    ADC #$0020             A:1A08 X:1A08 Y:000C S:0126 D:0E68 DB:86 nvmxdizc V:  5 H: 27 F:16
				8282E2 AA          TAX                    A:1A28 X:1A08 Y:000C S:0126 D:0E68 DB:86 nvmxdizc V:  5 H: 32 F:16
				8282E3 E0 08 1D    CPX #$1D08             A:1A28 X:1A28 Y:000C S:0126 D:0E68 DB:86 nvmxdizc V:  5 H: 35 F:16
				8282E6 90 F0       BCC $00F0     [8282D8] A:1A28 X:1A28 Y:000C S:0126 D:0E68 DB:86 Nvmxdizc V:  5 H: 39 F:16
				8282D8 BD 00 00    LDA $0000,X   [861A28] A:1A28 X:1A28 Y:000C S:0126 D:0E68 DB:86 Nvmxdizc V:  5 H: 44 F:16
				8282DB F0 5E       BEQ $005E     [82833B] A:0101 X:1A28 Y:000C S:0126 D:0E68 DB:86 nvmxdizc V:  5 H: 54 F:16
				8282DD 8A          TXA                    A:0101 X:1A28 Y:000C S:0126 D:0E68 DB:86 nvmxdizc V:  5 H: 57 F:16
				8282DE 18          CLC                    A:1A28 X:1A28 Y:000C S:0126 D:0E68 DB:86 nvmxdizc V:  5 H: 60 F:16
				8282DF 69 20 00    ADC #$0020             A:1A28 X:1A28 Y:000C S:0126 D:0E68 DB:86 nvmxdizc V:  5 H: 63 F:16
				8282E2 AA          TAX                    A:1A48 X:1A28 Y:000C S:0126 D:0E68 DB:86 nvmxdizc V:  5 H: 67 F:16
				8282E3 E0 08 1D    CPX #$1D08             A:1A48 X:1A48 Y:000C S:0126 D:0E68 DB:86 nvmxdizc V:  5 H: 70 F:16
				8282E6 90 F0       BCC $00F0     [8282D8] A:1A48 X:1A48 Y:000C S:0126 D:0E68 DB:86 Nvmxdizc V:  5 H: 75 F:16
				8282D8 BD 00 00    LDA $0000,X   [861A48] A:1A48 X:1A48 Y:000C S:0126 D:0E68 DB:86 Nvmxdizc V:  5 H: 79 F:16
				8282DB F0 5E       BEQ $005E     [82833B] A:0000 X:1A48 Y:000C S:0126 D:0E68 DB:86 nvmxdiZc V:  5 H: 89 F:16
				82833B E2 22       SEP #$22               A:0000 X:1A48 Y:000C S:0126 D:0E68 DB:86 nvmxdiZc V:  5 H: 94 F:16
				82833D 6B          RTL                    A:0000 X:1A48 Y:000C S:0126 D:0E68 DB:86 nvMxdiZc V:  5 H: 98 F:16

				83BB4C F0 02       BEQ $0002     [83BB50] A:0000 X:1A48 Y:000C S:0129 D:0E68 DB:86 nvMxdiZc V:  5 H:109 F:16
				83BB50 FE 00 00    INC $0000,X   [861A48] A:0000 X:1A48 Y:000C S:0129 D:0E68 DB:86 nvMxdiZc V:  5 H:113 F:16
				83BB53 A9 2B       LDA #$2B               A:0000 X:1A48 Y:000C S:0129 D:0E68 DB:86 nvMxdizc V:  5 H:125 F:16
				83BB55 9D 0A 00    STA $000A,X   [861A52] A:002B X:1A48 Y:000C S:0129 D:0E68 DB:86 nvMxdizc V:  5 H:128 F:16
				83BB58 A9 00       LDA #$00               A:002B X:1A48 Y:000C S:0129 D:0E68 DB:86 nvMxdizc V:  5 H:146 F:16
				83BB5A EB          XBA                    A:0000 X:1A48 Y:000C S:0129 D:0E68 DB:86 nvMxdiZc V:  5 H:149 F:16
				83BB5B AD 04 00    LDA $0004     [860004] A:0000 X:1A48 Y:000C S:0129 D:0E68 DB:86 nvMxdiZc V:  5 H:153 F:16
				83BB5E 18          CLC                    A:0009 X:1A48 Y:000C S:0129 D:0E68 DB:86 nvMxdizc V:  5 H:160 F:16
				83BB5F 65 3D       ADC $3D       [000EA5] A:0009 X:1A48 Y:000C S:0129 D:0E68 DB:86 nvMxdizc V:  5 H:163 F:16
				83BB61 A8          TAY                    A:0009 X:1A48 Y:000C S:0129 D:0E68 DB:86 nvMxdizc V:  5 H:169 F:16
				83BB62 B9 D8 C9    LDA $C9D8,Y   [86C9E1] A:0009 X:1A48 Y:0009 S:0129 D:0E68 DB:86 nvMxdizc V:  5 H:172 F:16
				83BB65 9D 0B 00    STA $000B,X   [861A53] A:0027 X:1A48 Y:0009 S:0129 D:0E68 DB:86 nvMxdizc V:  5 H:180 F:16
				83BB68 C2 20       REP #$20               A:0027 X:1A48 Y:0009 S:0129 D:0E68 DB:86 nvMxdizc V:  5 H:188 F:16
				83BB6A 9E 0C 00    STZ $000C,X   [861A54] A:0027 X:1A48 Y:0009 S:0129 D:0E68 DB:86 nvmxdizc V:  5 H:192 F:16
				83BB6D 22 86 90 84 JSL $849086   [849086] A:0027 X:1A48 Y:0009 S:0129 D:0E68 DB:86 nvmxdizc V:  5 H:202 F:16

				849086 08          PHP                    A:0027 X:1A48 Y:0009 S:0126 D:0E68 DB:86 nvmxdizc V:  5 H:216 F:16
				849087 C2 20       REP #$20               A:0027 X:1A48 Y:0009 S:0125 D:0E68 DB:86 nvmxdizc V:  5 H:221 F:16
				849089 AD A6 0B    LDA $0BA6     [860BA6] A:0027 X:1A48 Y:0009 S:0125 D:0E68 DB:86 nvmxdizc V:  5 H:225 F:16
				84908C 0A          ASL A                  A:0E96 X:1A48 Y:0009 S:0125 D:0E68 DB:86 nvmxdizc V:  5 H:234 F:16
				84908D 18          CLC                    A:1D2C X:1A48 Y:0009 S:0125 D:0E68 DB:86 nvmxdizc V:  5 H:237 F:16
				84908E 6D A6 0B    ADC $0BA6     [860BA6] A:1D2C X:1A48 Y:0009 S:0125 D:0E68 DB:86 nvmxdizc V:  5 H:240 F:16
				849091 EB          XBA                    A:2BC2 X:1A48 Y:0009 S:0125 D:0E68 DB:86 nvmxdizc V:  5 H:248 F:16
				849092 E2 20       SEP #$20               A:C22B X:1A48 Y:0009 S:0125 D:0E68 DB:86 nvmxdizc V:  5 H:253 F:16
				849094 8D A7 0B    STA $0BA7     [860BA7] A:C22B X:1A48 Y:0009 S:0125 D:0E68 DB:86 nvMxdizc V:  5 H:257 F:16
				849097 18          CLC                    A:C22B X:1A48 Y:0009 S:0125 D:0E68 DB:86 nvMxdizc V:  5 H:264 F:16
				849098 6D A6 0B    ADC $0BA6     [860BA6] A:C22B X:1A48 Y:0009 S:0125 D:0E68 DB:86 nvMxdizc V:  5 H:267 F:16
				84909B 8D A6 0B    STA $0BA6     [860BA6] A:C2C1 X:1A48 Y:0009 S:0125 D:0E68 DB:86 NvMxdizc V:  5 H:273 F:16
				84909E 28          PLP                    A:C2C1 X:1A48 Y:0009 S:0125 D:0E68 DB:86 NvMxdizc V:  5 H:280 F:16
				84909F 6B          RTL                    A:C2C1 X:1A48 Y:0009 S:0126 D:0E68 DB:86 nvmxdizc V:  5 H:286 F:16

				83BB71 29 0F 00    AND #$000F             A:C2C1 X:1A48 Y:0009 S:0129 D:0E68 DB:86 nvmxdizc V:  5 H:297 F:16
				83BB74 0A          ASL A                  A:0001 X:1A48 Y:0009 S:0129 D:0E68 DB:86 nvmxdizc V:  5 H:301 F:16
				83BB75 A8          TAY                    A:0002 X:1A48 Y:0009 S:0129 D:0E68 DB:86 nvmxdizc V:  5 H:304 F:16
				83BB76 A5 3D       LDA $3D       [000EA5] A:0002 X:1A48 Y:0002 S:0129 D:0E68 DB:86 nvmxdizc V:  5 H:307 F:16
				83BB78 4A          LSR A                  A:0000 X:1A48 Y:0002 S:0129 D:0E68 DB:86 nvmxdiZc V:  5 H:316 F:16
				83BB79 B9 EB C9    LDA $C9EB,Y   [86C9ED] A:0000 X:1A48 Y:0002 S:0129 D:0E68 DB:86 nvmxdiZc V:  5 H:319 F:16
				83BB7C 90 04       BCC $0004     [83BB82] A:024E X:1A48 Y:0002 S:0129 D:0E68 DB:86 nvmxdizc V:  5 H:327 F:16
				83BB82 9D 1A 00    STA $001A,X   [861A62] A:024E X:1A48 Y:0002 S:0129 D:0E68 DB:86 nvmxdizc V:  5 H:331 F:16
				83BB85 22 86 90 84 JSL $849086   [849086] A:024E X:1A48 Y:0002 S:0129 D:0E68 DB:86 nvmxdizc V:  6 H:  1 F:16

				849086 08          PHP                    A:024E X:1A48 Y:0002 S:0126 D:0E68 DB:86 nvmxdizc V:  6 H: 15 F:16
				849087 C2 20       REP #$20               A:024E X:1A48 Y:0002 S:0125 D:0E68 DB:86 nvmxdizc V:  6 H: 20 F:16
				849089 AD A6 0B    LDA $0BA6     [860BA6] A:024E X:1A48 Y:0002 S:0125 D:0E68 DB:86 nvmxdizc V:  6 H: 24 F:16
				84908C 0A          ASL A                  A:2BC1 X:1A48 Y:0002 S:0125 D:0E68 DB:86 nvmxdizc V:  6 H: 33 F:16
				84908D 18          CLC                    A:5782 X:1A48 Y:0002 S:0125 D:0E68 DB:86 nvmxdizc V:  6 H: 36 F:16
				84908E 6D A6 0B    ADC $0BA6     [860BA6] A:5782 X:1A48 Y:0002 S:0125 D:0E68 DB:86 nvmxdizc V:  6 H: 39 F:16
				849091 EB          XBA                    A:8343 X:1A48 Y:0002 S:0125 D:0E68 DB:86 NVmxdizc V:  6 H: 47 F:16
				849092 E2 20       SEP #$20               A:4383 X:1A48 Y:0002 S:0125 D:0E68 DB:86 NVmxdizc V:  6 H: 52 F:16
				849094 8D A7 0B    STA $0BA7     [860BA7] A:4383 X:1A48 Y:0002 S:0125 D:0E68 DB:86 NVMxdizc V:  6 H: 56 F:16
				849097 18          CLC                    A:4383 X:1A48 Y:0002 S:0125 D:0E68 DB:86 NVMxdizc V:  6 H: 63 F:16
				849098 6D A6 0B    ADC $0BA6     [860BA6] A:4383 X:1A48 Y:0002 S:0125 D:0E68 DB:86 NVMxdizc V:  6 H: 66 F:16
				84909B 8D A6 0B    STA $0BA6     [860BA6] A:4344 X:1A48 Y:0002 S:0125 D:0E68 DB:86 nVMxdizC V:  6 H: 72 F:16
				84909E 28          PLP                    A:4344 X:1A48 Y:0002 S:0125 D:0E68 DB:86 nVMxdizC V:  6 H: 79 F:16
				84909F 6B          RTL                    A:4344 X:1A48 Y:0002 S:0126 D:0E68 DB:86 nvmxdizc V:  6 H: 85 F:16

				83BB89 29 0F 00    AND #$000F             A:4344 X:1A48 Y:0002 S:0129 D:0E68 DB:86 nvmxdizc V:  6 H: 96 F:16
				83BB8C 0A          ASL A                  A:0004 X:1A48 Y:0002 S:0129 D:0E68 DB:86 nvmxdizc V:  6 H:100 F:16
				83BB8D A8          TAY                    A:0008 X:1A48 Y:0002 S:0129 D:0E68 DB:86 nvmxdizc V:  6 H:103 F:16
				83BB8E B9 0B CA    LDA $CA0B,Y   [86CA13] A:0008 X:1A48 Y:0008 S:0129 D:0E68 DB:86 nvmxdizc V:  6 H:106 F:16
				83BB91 9D 1C 00    STA $001C,X   [861A64] A:0476 X:1A48 Y:0008 S:0129 D:0E68 DB:86 nvmxdizc V:  6 H:115 F:16
				83BB94 AD 00 00    LDA $0000     [860000] A:0476 X:1A48 Y:0008 S:0129 D:0E68 DB:86 nvmxdizc V:  6 H:125 F:16
				83BB97 9D 05 00    STA $0005,X   [861A4D] A:14F0 X:1A48 Y:0008 S:0129 D:0E68 DB:86 nvmxdizc V:  6 H:134 F:16
				83BB9A AD 02 00    LDA $0002     [860002] A:14F0 X:1A48 Y:0008 S:0129 D:0E68 DB:86 nvmxdizc V:  6 H:154 F:16
				83BB9D 9D 08 00    STA $0008,X   [861A50] A:0A5D X:1A48 Y:0008 S:0129 D:0E68 DB:86 nvmxdizc V:  6 H:162 F:16
				83BBA0 E2 20       SEP #$20               A:0A5D X:1A48 Y:0008 S:0129 D:0E68 DB:86 nvmxdizc V:  6 H:172 F:16
				83BBA2 A9 40       LDA #$40               A:0A5D X:1A48 Y:0008 S:0129 D:0E68 DB:86 nvMxdizc V:  6 H:177 F:16
				83BBA4 9D 1E 00    STA $001E,X   [861A66] A:0A40 X:1A48 Y:0008 S:0129 D:0E68 DB:86 nvMxdizc V:  6 H:180 F:16
				83BBA7 9E 1F 00    STZ $001F,X   [861A67] A:0A40 X:1A48 Y:0008 S:0129 D:0E68 DB:86 nvMxdizc V:  6 H:188 F:16
				83BBAA C6 3D       DEC $3D       [000EA5] A:0A40 X:1A48 Y:0008 S:0129 D:0E68 DB:86 nvMxdizc V:  6 H:196 F:16
				83BBAC 10 9A       BPL $009A     [83BB48] A:0A40 X:1A48 Y:0008 S:0129 D:0E68 DB:86 NvMxdizc V:  6 H:206 F:16
				83BBAE 22 D3 82 82 JSL $8282D3   [8282D3] A:0A40 X:1A48 Y:0008 S:0129 D:0E68 DB:86 NvMxdizc V:  6 H:209 F:16

				8282D3 C2 30       REP #$30               A:0A40 X:1A48 Y:0008 S:0126 D:0E68 DB:86 NvMxdizc V:  6 H:222 F:16
				8282D5 A2 28 19    LDX #$1928             A:0A40 X:1A48 Y:0008 S:0126 D:0E68 DB:86 Nvmxdizc V:  6 H:227 F:16
				8282D8 BD 00 00    LDA $0000,X   [861928] A:0A40 X:1928 Y:0008 S:0126 D:0E68 DB:86 nvmxdizc V:  6 H:231 F:16
				8282DB F0 5E       BEQ $005E     [82833B] A:0101 X:1928 Y:0008 S:0126 D:0E68 DB:86 nvmxdizc V:  6 H:241 F:16
				8282DD 8A          TXA                    A:0101 X:1928 Y:0008 S:0126 D:0E68 DB:86 nvmxdizc V:  6 H:244 F:16
				8282DE 18          CLC                    A:1928 X:1928 Y:0008 S:0126 D:0E68 DB:86 nvmxdizc V:  6 H:247 F:16
				8282DF 69 20 00    ADC #$0020             A:1928 X:1928 Y:0008 S:0126 D:0E68 DB:86 nvmxdizc V:  6 H:250 F:16
				8282E2 AA          TAX                    A:1948 X:1928 Y:0008 S:0126 D:0E68 DB:86 nvmxdizc V:  6 H:255 F:16
				8282E3 E0 08 1D    CPX #$1D08             A:1948 X:1948 Y:0008 S:0126 D:0E68 DB:86 nvmxdizc V:  6 H:258 F:16
				8282E6 90 F0       BCC $00F0     [8282D8] A:1948 X:1948 Y:0008 S:0126 D:0E68 DB:86 Nvmxdizc V:  6 H:262 F:16
				8282D8 BD 00 00    LDA $0000,X   [861948] A:1948 X:1948 Y:0008 S:0126 D:0E68 DB:86 Nvmxdizc V:  6 H:267 F:16
				8282DB F0 5E       BEQ $005E     [82833B] A:0001 X:1948 Y:0008 S:0126 D:0E68 DB:86 nvmxdizc V:  6 H:277 F:16
				8282DD 8A          TXA                    A:0001 X:1948 Y:0008 S:0126 D:0E68 DB:86 nvmxdizc V:  6 H:280 F:16
				8282DE 18          CLC                    A:1948 X:1948 Y:0008 S:0126 D:0E68 DB:86 nvmxdizc V:  6 H:283 F:16
				8282DF 69 20 00    ADC #$0020             A:1948 X:1948 Y:0008 S:0126 D:0E68 DB:86 nvmxdizc V:  6 H:286 F:16
				8282E2 AA          TAX                    A:1968 X:1948 Y:0008 S:0126 D:0E68 DB:86 nvmxdizc V:  6 H:290 F:16
				8282E3 E0 08 1D    CPX #$1D08             A:1968 X:1968 Y:0008 S:0126 D:0E68 DB:86 nvmxdizc V:  6 H:293 F:16
				8282E6 90 F0       BCC $00F0     [8282D8] A:1968 X:1968 Y:0008 S:0126 D:0E68 DB:86 Nvmxdizc V:  6 H:298 F:16
				8282D8 BD 00 00    LDA $0000,X   [861968] A:1968 X:1968 Y:0008 S:0126 D:0E68 DB:86 Nvmxdizc V:  6 H:302 F:16
				8282DB F0 5E       BEQ $005E     [82833B] A:0001 X:1968 Y:0008 S:0126 D:0E68 DB:86 nvmxdizc V:  6 H:312 F:16
				8282DD 8A          TXA                    A:0001 X:1968 Y:0008 S:0126 D:0E68 DB:86 nvmxdizc V:  6 H:315 F:16
				8282DE 18          CLC                    A:1968 X:1968 Y:0008 S:0126 D:0E68 DB:86 nvmxdizc V:  6 H:318 F:16
				8282DF 69 20 00    ADC #$0020             A:1968 X:1968 Y:0008 S:0126 D:0E68 DB:86 nvmxdizc V:  6 H:321 F:16
				8282E2 AA          TAX                    A:1988 X:1968 Y:0008 S:0126 D:0E68 DB:86 nvmxdizc V:  6 H:325 F:16
				8282E3 E0 08 1D    CPX #$1D08             A:1988 X:1988 Y:0008 S:0126 D:0E68 DB:86 nvmxdizc V:  6 H:328 F:16
				8282E6 90 F0       BCC $00F0     [8282D8] A:1988 X:1988 Y:0008 S:0126 D:0E68 DB:86 Nvmxdizc V:  6 H:332 F:16
				8282D8 BD 00 00    LDA $0000,X   [861988] A:1988 X:1988 Y:0008 S:0126 D:0E68 DB:86 Nvmxdizc V:  6 H:337 F:16
				8282DB F0 5E       BEQ $005E     [82833B] A:0001 X:1988 Y:0008 S:0126 D:0E68 DB:86 nvmxdizc V:  7 H:  7 F:16
				8282DD 8A          TXA                    A:0001 X:1988 Y:0008 S:0126 D:0E68 DB:86 nvmxdizc V:  7 H: 10 F:16
				8282DE 18          CLC                    A:1988 X:1988 Y:0008 S:0126 D:0E68 DB:86 nvmxdizc V:  7 H: 13 F:16
				8282DF 69 20 00    ADC #$0020             A:1988 X:1988 Y:0008 S:0126 D:0E68 DB:86 nvmxdizc V:  7 H: 16 F:16
				8282E2 AA          TAX                    A:19A8 X:1988 Y:0008 S:0126 D:0E68 DB:86 nvmxdizc V:  7 H: 20 F:16
				8282E3 E0 08 1D    CPX #$1D08             A:19A8 X:19A8 Y:0008 S:0126 D:0E68 DB:86 nvmxdizc V:  7 H: 23 F:16
				8282E6 90 F0       BCC $00F0     [8282D8] A:19A8 X:19A8 Y:0008 S:0126 D:0E68 DB:86 Nvmxdizc V:  7 H: 28 F:16
				8282D8 BD 00 00    LDA $0000,X   [8619A8] A:19A8 X:19A8 Y:0008 S:0126 D:0E68 DB:86 Nvmxdizc V:  7 H: 32 F:16
				8282DB F0 5E       BEQ $005E     [82833B] A:0101 X:19A8 Y:0008 S:0126 D:0E68 DB:86 nvmxdizc V:  7 H: 42 F:16
				8282DD 8A          TXA                    A:0101 X:19A8 Y:0008 S:0126 D:0E68 DB:86 nvmxdizc V:  7 H: 45 F:16
				8282DE 18          CLC                    A:19A8 X:19A8 Y:0008 S:0126 D:0E68 DB:86 nvmxdizc V:  7 H: 48 F:16
				8282DF 69 20 00    ADC #$0020             A:19A8 X:19A8 Y:0008 S:0126 D:0E68 DB:86 nvmxdizc V:  7 H: 51 F:16
				8282E2 AA          TAX                    A:19C8 X:19A8 Y:0008 S:0126 D:0E68 DB:86 nvmxdizc V:  7 H: 56 F:16
				8282E3 E0 08 1D    CPX #$1D08             A:19C8 X:19C8 Y:0008 S:0126 D:0E68 DB:86 nvmxdizc V:  7 H: 59 F:16
				8282E6 90 F0       BCC $00F0     [8282D8] A:19C8 X:19C8 Y:0008 S:0126 D:0E68 DB:86 Nvmxdizc V:  7 H: 63 F:16
				8282D8 BD 00 00    LDA $0000,X   [8619C8] A:19C8 X:19C8 Y:0008 S:0126 D:0E68 DB:86 Nvmxdizc V:  7 H: 68 F:16
				8282DB F0 5E       BEQ $005E     [82833B] A:0101 X:19C8 Y:0008 S:0126 D:0E68 DB:86 nvmxdizc V:  7 H: 78 F:16
				8282DD 8A          TXA                    A:0101 X:19C8 Y:0008 S:0126 D:0E68 DB:86 nvmxdizc V:  7 H: 81 F:16
				8282DE 18          CLC                    A:19C8 X:19C8 Y:0008 S:0126 D:0E68 DB:86 nvmxdizc V:  7 H: 84 F:16
				8282DF 69 20 00    ADC #$0020             A:19C8 X:19C8 Y:0008 S:0126 D:0E68 DB:86 nvmxdizc V:  7 H: 87 F:16
				8282E2 AA          TAX                    A:19E8 X:19C8 Y:0008 S:0126 D:0E68 DB:86 nvmxdizc V:  7 H: 91 F:16
				8282E3 E0 08 1D    CPX #$1D08             A:19E8 X:19E8 Y:0008 S:0126 D:0E68 DB:86 nvmxdizc V:  7 H: 94 F:16
				8282E6 90 F0       BCC $00F0     [8282D8] A:19E8 X:19E8 Y:0008 S:0126 D:0E68 DB:86 Nvmxdizc V:  7 H: 99 F:16
				8282D8 BD 00 00    LDA $0000,X   [8619E8] A:19E8 X:19E8 Y:0008 S:0126 D:0E68 DB:86 Nvmxdizc V:  7 H:103 F:16
				8282DB F0 5E       BEQ $005E     [82833B] A:0101 X:19E8 Y:0008 S:0126 D:0E68 DB:86 nvmxdizc V:  7 H:113 F:16
				8282DD 8A          TXA                    A:0101 X:19E8 Y:0008 S:0126 D:0E68 DB:86 nvmxdizc V:  7 H:116 F:16
				8282DE 18          CLC                    A:19E8 X:19E8 Y:0008 S:0126 D:0E68 DB:86 nvmxdizc V:  7 H:119 F:16
				8282DF 69 20 00    ADC #$0020             A:19E8 X:19E8 Y:0008 S:0126 D:0E68 DB:86 nvmxdizc V:  7 H:122 F:16
				8282E2 AA          TAX                    A:1A08 X:19E8 Y:0008 S:0126 D:0E68 DB:86 nvmxdizc V:  7 H:127 F:16
				8282E3 E0 08 1D    CPX #$1D08             A:1A08 X:1A08 Y:0008 S:0126 D:0E68 DB:86 nvmxdizc V:  7 H:130 F:16
				8282E6 90 F0       BCC $00F0     [8282D8] A:1A08 X:1A08 Y:0008 S:0126 D:0E68 DB:86 Nvmxdizc V:  7 H:144 F:16
				8282D8 BD 00 00    LDA $0000,X   [861A08] A:1A08 X:1A08 Y:0008 S:0126 D:0E68 DB:86 Nvmxdizc V:  7 H:149 F:16
				8282DB F0 5E       BEQ $005E     [82833B] A:0101 X:1A08 Y:0008 S:0126 D:0E68 DB:86 nvmxdizc V:  7 H:159 F:16
				8282DD 8A          TXA                    A:0101 X:1A08 Y:0008 S:0126 D:0E68 DB:86 nvmxdizc V:  7 H:162 F:16
				8282DE 18          CLC                    A:1A08 X:1A08 Y:0008 S:0126 D:0E68 DB:86 nvmxdizc V:  7 H:165 F:16
				8282DF 69 20 00    ADC #$0020             A:1A08 X:1A08 Y:0008 S:0126 D:0E68 DB:86 nvmxdizc V:  7 H:168 F:16
				8282E2 AA          TAX                    A:1A28 X:1A08 Y:0008 S:0126 D:0E68 DB:86 nvmxdizc V:  7 H:172 F:16
				8282E3 E0 08 1D    CPX #$1D08             A:1A28 X:1A28 Y:0008 S:0126 D:0E68 DB:86 nvmxdizc V:  7 H:175 F:16
				8282E6 90 F0       BCC $00F0     [8282D8] A:1A28 X:1A28 Y:0008 S:0126 D:0E68 DB:86 Nvmxdizc V:  7 H:180 F:16
				8282D8 BD 00 00    LDA $0000,X   [861A28] A:1A28 X:1A28 Y:0008 S:0126 D:0E68 DB:86 Nvmxdizc V:  7 H:184 F:16
				8282DB F0 5E       BEQ $005E     [82833B] A:0101 X:1A28 Y:0008 S:0126 D:0E68 DB:86 nvmxdizc V:  7 H:194 F:16
				8282DD 8A          TXA                    A:0101 X:1A28 Y:0008 S:0126 D:0E68 DB:86 nvmxdizc V:  7 H:197 F:16
				8282DE 18          CLC                    A:1A28 X:1A28 Y:0008 S:0126 D:0E68 DB:86 nvmxdizc V:  7 H:200 F:16
				8282DF 69 20 00    ADC #$0020             A:1A28 X:1A28 Y:0008 S:0126 D:0E68 DB:86 nvmxdizc V:  7 H:203 F:16
				8282E2 AA          TAX                    A:1A48 X:1A28 Y:0008 S:0126 D:0E68 DB:86 nvmxdizc V:  7 H:208 F:16
				8282E3 E0 08 1D    CPX #$1D08             A:1A48 X:1A48 Y:0008 S:0126 D:0E68 DB:86 nvmxdizc V:  7 H:211 F:16
				8282E6 90 F0       BCC $00F0     [8282D8] A:1A48 X:1A48 Y:0008 S:0126 D:0E68 DB:86 Nvmxdizc V:  7 H:215 F:16
				8282D8 BD 00 00    LDA $0000,X   [861A48] A:1A48 X:1A48 Y:0008 S:0126 D:0E68 DB:86 Nvmxdizc V:  7 H:220 F:16
				8282DB F0 5E       BEQ $005E     [82833B] A:0001 X:1A48 Y:0008 S:0126 D:0E68 DB:86 nvmxdizc V:  7 H:230 F:16
				8282DD 8A          TXA                    A:0001 X:1A48 Y:0008 S:0126 D:0E68 DB:86 nvmxdizc V:  7 H:233 F:16
				8282DE 18          CLC                    A:1A48 X:1A48 Y:0008 S:0126 D:0E68 DB:86 nvmxdizc V:  7 H:236 F:16
				8282DF 69 20 00    ADC #$0020             A:1A48 X:1A48 Y:0008 S:0126 D:0E68 DB:86 nvmxdizc V:  7 H:239 F:16
				8282E2 AA          TAX                    A:1A68 X:1A48 Y:0008 S:0126 D:0E68 DB:86 nvmxdizc V:  7 H:243 F:16
				8282E3 E0 08 1D    CPX #$1D08             A:1A68 X:1A68 Y:0008 S:0126 D:0E68 DB:86 nvmxdizc V:  7 H:246 F:16
				8282E6 90 F0       BCC $00F0     [8282D8] A:1A68 X:1A68 Y:0008 S:0126 D:0E68 DB:86 Nvmxdizc V:  7 H:251 F:16
				8282D8 BD 00 00    LDA $0000,X   [861A68] A:1A68 X:1A68 Y:0008 S:0126 D:0E68 DB:86 Nvmxdizc V:  7 H:255 F:16
				8282DB F0 5E       BEQ $005E     [82833B] A:0000 X:1A68 Y:0008 S:0126 D:0E68 DB:86 nvmxdiZc V:  7 H:265 F:16
				82833B E2 22       SEP #$22               A:0000 X:1A68 Y:0008 S:0126 D:0E68 DB:86 nvmxdiZc V:  7 H:270 F:16
				82833D 6B          RTL                    A:0000 X:1A68 Y:0008 S:0126 D:0E68 DB:86 nvMxdiZc V:  7 H:274 F:16

				83BBB2 D0 1C       BNE $001C     [83BBD0] A:0000 X:1A68 Y:0008 S:0129 D:0E68 DB:86 nvMxdiZc V:  7 H:285 F:16
				83BBB4 FE 00 00    INC $0000,X   [861A68] A:0000 X:1A68 Y:0008 S:0129 D:0E68 DB:86 nvMxdiZc V:  7 H:288 F:16
				83BBB7 A9 22       LDA #$22               A:0000 X:1A68 Y:0008 S:0129 D:0E68 DB:86 nvMxdizc V:  7 H:299 F:16
				83BBB9 9D 0A 00    STA $000A,X   [861A72] A:0022 X:1A68 Y:0008 S:0129 D:0E68 DB:86 nvMxdizc V:  7 H:302 F:16
				83BBBC 9E 0B 00    STZ $000B,X   [861A73] A:0022 X:1A68 Y:0008 S:0129 D:0E68 DB:86 nvMxdizc V:  7 H:310 F:16
				83BBBF 9E 11 00    STZ $0011,X   [861A79] A:0022 X:1A68 Y:0008 S:0129 D:0E68 DB:86 nvMxdizc V:  7 H:318 F:16
				83BBC2 C2 20       REP #$20               A:0022 X:1A68 Y:0008 S:0129 D:0E68 DB:86 nvMxdizc V:  7 H:326 F:16
				83BBC4 AD 00 00    LDA $0000     [860000] A:0022 X:1A68 Y:0008 S:0129 D:0E68 DB:86 nvmxdizc V:  7 H:330 F:16
				83BBC7 9D 05 00    STA $0005,X   [861A6D] A:14F0 X:1A68 Y:0008 S:0129 D:0E68 DB:86 nvmxdizc V:  7 H:338 F:16
				83BBCA AD 02 00    LDA $0002     [860002] A:14F0 X:1A68 Y:0008 S:0129 D:0E68 DB:86 nvmxdizc V:  8 H:  8 F:16
				83BBCD 9D 08 00    STA $0008,X   [861A70] A:0A5D X:1A68 Y:0008 S:0129 D:0E68 DB:86 nvmxdizc V:  8 H: 17 F:16
				83BBD0 28          PLP                    A:0A5D X:1A68 Y:0008 S:0129 D:0E68 DB:86 nvmxdizc V:  8 H: 27 F:16
				83BBD1 60          RTS                    A:0A5D X:0068 Y:0008 S:012A D:0E68 DB:86 nvmXdizc V:  8 H: 33 F:16

			83B598 A5 1A       LDA $1A       [000E82] A:0A5D X:0068 Y:0008 S:012C D:0E68 DB:86 nvmXdizc V:  8 H: 43 F:16		|Invert E-X-Vel
			83B59A 49 FF FF    EOR #$FFFF             A:043B X:0068 Y:0008 S:012C D:0E68 DB:86 nvmXdizc V:  8 H: 52 F:16		|
			83B59D 1A          INC                    A:FBC4 X:0068 Y:0008 S:012C D:0E68 DB:86 NvmXdizc V:  8 H: 56 F:16		|
			83B59E 85 1A       STA $1A       [000E82] A:FBC5 X:0068 Y:0008 S:012C D:0E68 DB:86 NvmXdizc V:  8 H: 59 F:16		|
			83B5A0 E2 20       SEP #$20               A:FBC5 X:0068 Y:0008 S:012C D:0E68 DB:86 NvmXdizc V:  8 H: 68 F:16
			83B5A2 A9 08       LDA #$08               A:FBC5 X:0068 Y:0008 S:012C D:0E68 DB:86 NvMXdizc V:  8 H: 72 F:16
			83B5A4 22 16 A3 84 JSL $84A316   [84A316] A:FB08 X:0068 Y:0008 S:012C D:0E68 DB:86 nvMXdizc V:  8 H: 75 F:16		JSL $84A316 --> Set Effect: Shake Screen Horizontal. A = Duration of shake.

				84A316 08          PHP                    A:FB08 X:0068 Y:0008 S:0129 D:0E68 DB:86 nvMXdizc V:  8 H: 89 F:16
				84A317 E2 30       SEP #$30               A:FB08 X:0068 Y:0008 S:0128 D:0E68 DB:86 nvMXdizc V:  8 H: 94 F:16
				84A319 A2 03       LDX #$03               A:FB08 X:0068 Y:0008 S:0128 D:0E68 DB:86 nvMXdizc V:  8 H: 98 F:16
				84A31B A0 01       LDY #$01               A:FB08 X:0003 Y:0008 S:0128 D:0E68 DB:86 nvMXdizc V:  8 H:101 F:16
				84A31D 80 03       BRA $0003     [84A322] A:FB08 X:0003 Y:0001 S:0128 D:0E68 DB:86 nvMXdizc V:  8 H:104 F:16
				84A322 8D 79 1E    STA $1E79     [861E79] A:FB08 X:0003 Y:0001 S:0128 D:0E68 DB:86 nvMXdizc V:  8 H:109 F:16
				84A325 8E 82 1E    STX $1E82     [861E82] A:FB08 X:0003 Y:0001 S:0128 D:0E68 DB:86 nvMXdizc V:  8 H:115 F:16
				84A328 8C 7E 1E    STY $1E7E     [861E7E] A:FB08 X:0003 Y:0001 S:0128 D:0E68 DB:86 nvMXdizc V:  8 H:122 F:16
				84A32B 8C 80 1E    STY $1E80     [861E80] A:FB08 X:0003 Y:0001 S:0128 D:0E68 DB:86 nvMXdizc V:  8 H:128 F:16
				84A32E 9C 84 1E    STZ $1E84     [861E84] A:FB08 X:0003 Y:0001 S:0128 D:0E68 DB:86 nvMXdizc V:  8 H:145 F:16
				84A331 A9 01       LDA #$01               A:FB08 X:0003 Y:0001 S:0128 D:0E68 DB:86 nvMXdizc V:  8 H:151 F:16
				84A333 0C 78 1E    TSB $1E78     [861E78] A:FB01 X:0003 Y:0001 S:0128 D:0E68 DB:86 nvMXdizc V:  8 H:154 F:16
				84A336 28          PLP                    A:FB01 X:0003 Y:0001 S:0128 D:0E68 DB:86 nvMXdiZc V:  8 H:164 F:16
				84A337 6B          RTL                    A:FB01 X:0003 Y:0001 S:0129 D:0E68 DB:86 nvMXdizc V:  8 H:171 F:16

			83B5A8 60          RTS                    A:FB01 X:0003 Y:0001 S:012C D:0E68 DB:86 nvMXdizc V:  8 H:181 F:16

83B2ED A5 27       LDA $27       [000E8F] A:FB01 X:0003 Y:0001 S:012E D:0E68 DB:86 nvMXdizc V:  8 H:191 F:16
