80D4F6 20 30 D5    JSR $D530     [80D530] A:0E01 X:0000 Y:0046 S:0133 D:0E68 DB:86 nvMXdizC V:254 H:162 F:55

	80D530 C2 20       REP #$20               A:0E01 X:0000 Y:0046 S:0131 D:0E68 DB:86 nvMXdizC V:254 H:172 F:55
	80D532 A5 05       LDA $05       [000E6D] A:0E01 X:0000 Y:0046 S:0131 D:0E68 DB:86 nvmXdizC V:254 H:177 F:55
	80D534 85 22       STA $22       [000E8A] A:14D0 X:0000 Y:0046 S:0131 D:0E68 DB:86 nvmXdizC V:254 H:185 F:55
	80D536 A5 08       LDA $08       [000E70] A:14D0 X:0000 Y:0046 S:0131 D:0E68 DB:86 nvmXdizC V:254 H:194 F:55
	80D538 85 24       STA $24       [000E8C] A:0A9D X:0000 Y:0046 S:0131 D:0E68 DB:86 nvmXdizC V:254 H:202 F:55
	80D53A E2 20       SEP #$20               A:0A9D X:0000 Y:0046 S:0131 D:0E68 DB:86 nvmXdizC V:254 H:211 F:55
	80D53C A9 80       LDA #$80               A:0A9D X:0000 Y:0046 S:0131 D:0E68 DB:86 nvMXdizC V:254 H:215 F:55
	80D53E 14 0E       TRB $0E       [000E76] A:0A80 X:0000 Y:0046 S:0131 D:0E68 DB:86 NvMXdizC V:254 H:218 F:55
	80D540 A5 0A       LDA $0A       [000E72] A:0A80 X:0000 Y:0046 S:0131 D:0E68 DB:86 NvMXdizC V:254 H:228 F:55
	80D542 0A          ASL A                  A:0A14 X:0000 Y:0046 S:0131 D:0E68 DB:86 nvMXdizC V:254 H:235 F:55
	80D543 AA          TAX                    A:0A28 X:0000 Y:0046 S:0131 D:0E68 DB:86 nvMXdizc V:254 H:238 F:55
	80D544 7C DD F8    JMP ($F8DD,X) [80F905] A:0A28 X:0028 Y:0046 S:0131 D:0E68 DB:86 nvMXdizc V:254 H:241 F:55

	80FA15 22 44 B1 83 JSL $83B144   [83B144] A:0A28 X:0028 Y:0046 S:0131 D:0E68 DB:86 nvMXdizc V:254 H:250 F:55

		83B144 A6 01       LDX $01       [000E69] A:0A28 X:0028 Y:0046 S:012E D:0E68 DB:86 nvMXdizc V:254 H:263 F:55
		83B146 7C 49 B1    JMP ($B149,X) [83B14D] A:0A28 X:0004 Y:0046 S:012E D:0E68 DB:86 nvMXdizc V:254 H:270 F:55

		83B2E8 A6 02       LDX $02       [000E6A] A:0A28 X:0004 Y:0046 S:012E D:0E68 DB:86 nvMXdizc V:254 H:279 F:55
		83B2EA FC DA B3    JSR ($B3DA,X) [83B3DA] A:0A28 X:0000 Y:0046 S:012E D:0E68 DB:86 nvMXdiZc V:254 H:285 F:55

			83B3E4 A6 03       LDX $03       [000E6B] A:0A28 X:0000 Y:0046 S:012C D:0E68 DB:86 nvMXdiZc V:254 H:298 F:55
			83B3E6 7C E9 B3    JMP ($B3E9,X) [83B3EB] A:0A28 X:0002 Y:0046 S:012C D:0E68 DB:86 nvMXdizc V:254 H:305 F:55

			83B416 22 A5 AC 84 JSL $84ACA5   [84ACA5] A:0A28 X:0002 Y:0046 S:012C D:0E68 DB:86 nvMXdizc V:254 H:314 F:55	JSL $84ACA5 --> Update Facing (40 bit)

				84ACA5 08          PHP                    A:0A28 X:0002 Y:0046 S:0129 D:0E68 DB:86 nvMXdizc V:254 H:327 F:55
				84ACA6 E2 20       SEP #$20               A:0A28 X:0002 Y:0046 S:0128 D:0E68 DB:86 nvMXdizc V:254 H:331 F:55
				84ACA8 A9 40       LDA #$40               A:0A28 X:0002 Y:0046 S:0128 D:0E68 DB:86 nvMXdizc V:254 H:336 F:55
				84ACAA 14 11       TRB $11       [000E79] A:0A40 X:0002 Y:0046 S:0128 D:0E68 DB:86 nvMXdizc V:254 H:339 F:55
				84ACAC C2 20       REP #$20               A:0A40 X:0002 Y:0046 S:0128 D:0E68 DB:86 nvMXdiZc V:255 H:  9 F:55
				84ACAE AD AD 0B    LDA $0BAD     [860BAD] A:0A40 X:0002 Y:0046 S:0128 D:0E68 DB:86 nvmXdiZc V:255 H: 13 F:55
				84ACB1 38          SEC                    A:141A X:0002 Y:0046 S:0128 D:0E68 DB:86 nvmXdizc V:255 H: 22 F:55
				84ACB2 E5 05       SBC $05       [000E6D] A:141A X:0002 Y:0046 S:0128 D:0E68 DB:86 nvmXdizC V:255 H: 25 F:55
				84ACB4 E2 20       SEP #$20               A:FF4A X:0002 Y:0046 S:0128 D:0E68 DB:86 NvmXdizc V:255 H: 33 F:55
				84ACB6 A9 00       LDA #$00               A:FF4A X:0002 Y:0046 S:0128 D:0E68 DB:86 NvMXdizc V:255 H: 38 F:55
				84ACB8 6A          ROR A                  A:FF00 X:0002 Y:0046 S:0128 D:0E68 DB:86 nvMXdiZc V:255 H: 41 F:55
				84ACB9 4A          LSR A                  A:FF00 X:0002 Y:0046 S:0128 D:0E68 DB:86 nvMXdiZc V:255 H: 44 F:55
				84ACBA 04 11       TSB $11       [000E79] A:FF00 X:0002 Y:0046 S:0128 D:0E68 DB:86 nvMXdiZc V:255 H: 47 F:55
				84ACBC 28          PLP                    A:FF00 X:0002 Y:0046 S:0128 D:0E68 DB:86 nvMXdiZc V:255 H: 57 F:55
				84ACBD 6B          RTL                    A:FF00 X:0002 Y:0046 S:0129 D:0E68 DB:86 nvMXdizc V:255 H: 63 F:55

			83B41A 22 E8 81 82 JSL $8281E8   [8281E8] A:FF00 X:0002 Y:0046 S:012C D:0E68 DB:86 nvMXdizc V:255 H: 74 F:55	JSL $8281E8 --> Update X-Pos, Y-Pos, Y-Vel

				8281E8 08          PHP                    A:FF00 X:0002 Y:0046 S:0129 D:0E68 DB:86 nvMXdizc V:255 H: 87 F:55
				8281E9 C2 20       REP #$20               A:FF00 X:0002 Y:0046 S:0128 D:0E68 DB:86 nvMXdizc V:255 H: 92 F:55
				8281EB 38          SEC                    A:FF00 X:0002 Y:0046 S:0128 D:0E68 DB:86 nvmXdizc V:255 H: 97 F:55
				8281EC A5 1E       LDA $1E       [000E86] A:FF00 X:0002 Y:0046 S:0128 D:0E68 DB:86 nvmXdizC V:255 H:100 F:55
				8281EE 29 FF 00    AND #$00FF             A:0040 X:0002 Y:0046 S:0128 D:0E68 DB:86 nvmXdizC V:255 H:108 F:55
				8281F1 E5 1C       SBC $1C       [000E84] A:0040 X:0002 Y:0046 S:0128 D:0E68 DB:86 nvmXdizC V:255 H:113 F:55
				8281F3 49 FF FF    EOR #$FFFF             A:FB3A X:0002 Y:0046 S:0128 D:0E68 DB:86 NvmXdizc V:255 H:121 F:55
				8281F6 1A          INC                    A:04C5 X:0002 Y:0046 S:0128 D:0E68 DB:86 nvmXdizc V:255 H:126 F:55
				8281F7 85 1C       STA $1C       [000E84] A:04C6 X:0002 Y:0046 S:0128 D:0E68 DB:86 nvmXdizc V:255 H:129 F:55
				8281F9 80 10       BRA $0010     [82820B] A:04C6 X:0002 Y:0046 S:0128 D:0E68 DB:86 nvmXdizc V:255 H:147 F:55
				82820B C2 21       REP #$21               A:04C6 X:0002 Y:0046 S:0128 D:0E68 DB:86 nvmXdizc V:255 H:152 F:55
				82820D A5 04       LDA $04       [000E6C] A:04C6 X:0002 Y:0046 S:0128 D:0E68 DB:86 nvmXdizc V:255 H:156 F:55
				82820F 65 1A       ADC $1A       [000E82] A:D000 X:0002 Y:0046 S:0128 D:0E68 DB:86 NvmXdizc V:255 H:165 F:55
				828211 85 04       STA $04       [000E6C] A:D000 X:0002 Y:0046 S:0128 D:0E68 DB:86 NvmXdizc V:255 H:173 F:55
				828213 E2 20       SEP #$20               A:D000 X:0002 Y:0046 S:0128 D:0E68 DB:86 NvmXdizc V:255 H:182 F:55
				828215 A9 00       LDA #$00               A:D000 X:0002 Y:0046 S:0128 D:0E68 DB:86 NvMXdizc V:255 H:186 F:55
				828217 24 1B       BIT $1B       [000E83] A:D000 X:0002 Y:0046 S:0128 D:0E68 DB:86 nvMXdiZc V:255 H:189 F:55
				828219 10 01       BPL $0001     [82821C] A:D000 X:0002 Y:0046 S:0128 D:0E68 DB:86 nvMXdiZc V:255 H:196 F:55
				82821C 65 06       ADC $06       [000E6E] A:D000 X:0002 Y:0046 S:0128 D:0E68 DB:86 nvMXdiZc V:255 H:200 F:55
				82821E 85 06       STA $06       [000E6E] A:D014 X:0002 Y:0046 S:0128 D:0E68 DB:86 nvMXdizc V:255 H:207 F:55
				828220 C2 20       REP #$20               A:D014 X:0002 Y:0046 S:0128 D:0E68 DB:86 nvMXdizc V:255 H:213 F:55
				828222 38          SEC                    A:D014 X:0002 Y:0046 S:0128 D:0E68 DB:86 nvmXdizc V:255 H:218 F:55
				828223 A5 07       LDA $07       [000E6F] A:D014 X:0002 Y:0046 S:0128 D:0E68 DB:86 nvmXdizC V:255 H:221 F:55
				828225 E5 1C       SBC $1C       [000E84] A:9D80 X:0002 Y:0046 S:0128 D:0E68 DB:86 NvmXdizC V:255 H:229 F:55
				828227 85 07       STA $07       [000E6F] A:98BA X:0002 Y:0046 S:0128 D:0E68 DB:86 NvmXdizC V:255 H:238 F:55
				828229 E2 20       SEP #$20               A:98BA X:0002 Y:0046 S:0128 D:0E68 DB:86 NvmXdizC V:255 H:246 F:55
				82822B 9C 00 00    STZ $0000     [860000] A:98BA X:0002 Y:0046 S:0128 D:0E68 DB:86 NvMXdizC V:255 H:251 F:55
				82822E 24 1D       BIT $1D       [000E85] A:98BA X:0002 Y:0046 S:0128 D:0E68 DB:86 NvMXdizC V:255 H:257 F:55
				828230 10 03       BPL $0003     [828235] A:98BA X:0002 Y:0046 S:0128 D:0E68 DB:86 nvMXdiZC V:255 H:264 F:55
				828235 A5 09       LDA $09       [000E71] A:98BA X:0002 Y:0046 S:0128 D:0E68 DB:86 nvMXdiZC V:255 H:268 F:55
				828237 ED 00 00    SBC $0000     [860000] A:980A X:0002 Y:0046 S:0128 D:0E68 DB:86 nvMXdizC V:255 H:275 F:55
				82823A 85 09       STA $09       [000E71] A:980A X:0002 Y:0046 S:0128 D:0E68 DB:86 nvMXdizC V:255 H:281 F:55
				82823C 28          PLP                    A:980A X:0002 Y:0046 S:0128 D:0E68 DB:86 nvMXdizC V:255 H:288 F:55
				82823D 6B          RTL                    A:980A X:0002 Y:0046 S:0129 D:0E68 DB:86 nvMXdizc V:255 H:294 F:55

			83B41E 22 EA 8E 84 JSL $848EEA   [848EEA] A:980A X:0002 Y:0046 S:012C D:0E68 DB:86 nvMXdizc V:255 H:305 F:55	JSL $848EEA --> Decrease CDSkel, Continue Skeleton

				848EEA 08          PHP                    A:980A X:0002 Y:0046 S:0129 D:0E68 DB:86 nvMXdizc V:255 H:318 F:55
				848EEB 8B          PHB                    A:980A X:0002 Y:0046 S:0128 D:0E68 DB:86 nvMXdizc V:255 H:323 F:55
				848EEC E2 30       SEP #$30               A:980A X:0002 Y:0046 S:0127 D:0E68 DB:86 nvMXdizc V:255 H:327 F:55
				848EEE C6 13       DEC $13       [000E7B] A:980A X:0002 Y:0046 S:0127 D:0E68 DB:86 nvMXdizc V:255 H:332 F:55
				848EF0 D0 5D       BNE $005D     [848F4F] A:980A X:0002 Y:0046 S:0127 D:0E68 DB:86 nvMXdizc V:256 H:  2 F:55
				848F4F AB          PLB                    A:980A X:0002 Y:0046 S:0127 D:0E68 DB:86 nvMXdizc V:256 H:  6 F:55
				848F50 28          PLP                    A:980A X:0002 Y:0046 S:0128 D:0E68 DB:86 NvMXdizc V:256 H: 13 F:55
				848F51 6B          RTL                    A:980A X:0002 Y:0046 S:0129 D:0E68 DB:86 nvMXdizc V:256 H: 19 F:55

			83B422 22 BE 91 84 JSL $8491BE   [8491BE] A:980A X:0002 Y:0046 S:012C D:0E68 DB:86 nvMXdizc V:256 H: 30 F:55	JSL $8491BE --> Check for colissions and adjust position

				8491BE 08          PHP                    A:980A X:0002 Y:0046 S:0129 D:0E68 DB:86 nvMXdizc V:256 H: 43 F:55
				8491BF 0B          PHD                    A:980A X:0002 Y:0046 S:0128 D:0E68 DB:86 nvMXdizc V:256 H: 48 F:55
				8491C0 C2 30       REP #$30               A:980A X:0002 Y:0046 S:0126 D:0E68 DB:86 nvMXdizc V:256 H: 55 F:55
				8491C2 A5 20       LDA $20       [000E88] A:980A X:0002 Y:0046 S:0126 D:0E68 DB:86 nvmxdizc V:256 H: 60 F:55
				8491C4 F0 15       BEQ $0015     [8491DB] A:C94F X:0002 Y:0046 S:0126 D:0E68 DB:86 Nvmxdizc V:256 H: 68 F:55
				8491C6 7B          TDC                    A:C94F X:0002 Y:0046 S:0126 D:0E68 DB:86 Nvmxdizc V:256 H: 71 F:55
				8491C7 AA          TAX                    A:0E68 X:0002 Y:0046 S:0126 D:0E68 DB:86 nvmxdizc V:256 H: 74 F:55
				8491C8 A9 00 00    LDA #$0000             A:0E68 X:0E68 Y:0046 S:0126 D:0E68 DB:86 nvmxdizc V:256 H: 77 F:55
				8491CB 5B          TCD                    A:0000 X:0E68 Y:0046 S:0126 D:0E68 DB:86 nvmxdiZc V:256 H: 82 F:55
				8491CC 64 14       STZ $14       [000014] A:0000 X:0E68 Y:0046 S:0126 D:0000 DB:86 nvmxdiZc V:256 H: 85 F:55
				8491CE B5 2B       LDA $2B,X     [000E93] A:0000 X:0E68 Y:0046 S:0126 D:0000 DB:86 nvmxdiZc V:256 H: 92 F:55
				8491D0 29 00 FF    AND #$FF00             A:0004 X:0E68 Y:0046 S:0126 D:0000 DB:86 nvmxdizc V:256 H:100 F:55
				8491D3 95 2B       STA $2B,X     [000E93] A:0000 X:0E68 Y:0046 S:0126 D:0000 DB:86 nvmxdiZc V:256 H:105 F:55
				8491D5 20 AC 92    JSR $92AC     [8492AC] A:0000 X:0E68 Y:0046 S:0126 D:0000 DB:86 nvmxdiZc V:256 H:113 F:55

					8492AC C2 30       REP #$30               A:0000 X:0E68 Y:0046 S:0124 D:0000 DB:86 nvmxdiZc V:256 H:123 F:55
					8492AE B5 05       LDA $05,X     [000E6D] A:0000 X:0E68 Y:0046 S:0124 D:0000 DB:86 nvmxdiZc V:256 H:128 F:55
					8492B0 38          SEC                    A:14D0 X:0E68 Y:0046 S:0124 D:0000 DB:86 nvmxdizc V:256 H:146 F:55
					8492B1 F5 22       SBC $22,X     [000E8A] A:14D0 X:0E68 Y:0046 S:0124 D:0000 DB:86 nvmxdizC V:256 H:149 F:55
					8492B3 85 00       STA $00       [000000] A:0000 X:0E68 Y:0046 S:0124 D:0000 DB:86 nvmxdiZC V:256 H:158 F:55
					8492B5 E2 20       SEP #$20               A:0000 X:0E68 Y:0046 S:0124 D:0000 DB:86 nvmxdiZC V:256 H:165 F:55
					8492B7 F0 4C       BEQ $004C     [849305] A:0000 X:0E68 Y:0046 S:0124 D:0000 DB:86 nvMxdiZC V:256 H:169 F:55
					849305 C2 30       REP #$30               A:0000 X:0E68 Y:0046 S:0124 D:0000 DB:86 nvMxdiZC V:256 H:174 F:55
					849307 60          RTS                    A:0000 X:0E68 Y:0046 S:0124 D:0000 DB:86 nvmxdiZC V:256 H:178 F:55

				8491D8 20 ED 91    JSR $91ED     [8491ED] A:0000 X:0E68 Y:0046 S:0126 D:0000 DB:86 nvmxdiZC V:256 H:188 F:55

					8491ED B5 08       LDA $08,X     [000E70] A:0000 X:0E68 Y:0046 S:0124 D:0000 DB:86 nvmxdiZC V:256 H:198 F:55
					8491EF D5 24       CMP $24,X     [000E8C] A:0A98 X:0E68 Y:0046 S:0124 D:0000 DB:86 nvmxdizC V:256 H:207 F:55
					8491F1 F0 F2       BEQ $00F2     [8491E5] A:0A98 X:0E68 Y:0046 S:0124 D:0000 DB:86 Nvmxdizc V:256 H:215 F:55
					8491F3 10 4D       BPL $004D     [849242] A:0A98 X:0E68 Y:0046 S:0124 D:0000 DB:86 Nvmxdizc V:256 H:218 F:55
					8491F5 E2 20       SEP #$20               A:0A98 X:0E68 Y:0046 S:0124 D:0000 DB:86 Nvmxdizc V:256 H:221 F:55
					8491F7 B4 20       LDY $20,X     [000E88] A:0A98 X:0E68 Y:0046 S:0124 D:0000 DB:86 NvMxdizc V:256 H:226 F:55
					8491F9 B9 06 00    LDA $0006,Y   [86C955] A:0A98 X:0E68 Y:C94F S:0124 D:0000 DB:86 NvMxdizc V:256 H:234 F:55
					8491FC 38          SEC                    A:0AFF X:0E68 Y:C94F S:0124 D:0000 DB:86 NvMxdizc V:256 H:242 F:55
					8491FD F9 08 00    SBC $0008,Y   [86C957] A:0AFF X:0E68 Y:C94F S:0124 D:0000 DB:86 NvMxdizC V:256 H:245 F:55
					849200 95 2A       STA $2A,X     [000E92] A:0AEC X:0E68 Y:C94F S:0124 D:0000 DB:86 NvMxdizC V:256 H:252 F:55
					849202 B9 05 00    LDA $0005,Y   [86C954] A:0AEC X:0E68 Y:C94F S:0124 D:0000 DB:86 NvMxdizC V:256 H:259 F:55
					849205 34 11       BIT $11,X     [000E79] A:0A00 X:0E68 Y:C94F S:0124 D:0000 DB:86 nvMxdiZC V:256 H:266 F:55
					849207 50 03       BVC $0003     [84920C] A:0A00 X:0E68 Y:C94F S:0124 D:0000 DB:86 nvMxdiZC V:256 H:273 F:55
					84920C 95 29       STA $29,X     [000E91] A:0A00 X:0E68 Y:C94F S:0124 D:0000 DB:86 nvMxdiZC V:256 H:277 F:55
					84920E 20 73 94    JSR $9473     [849473] A:0A00 X:0E68 Y:C94F S:0124 D:0000 DB:86 nvMxdiZC V:256 H:284 F:55

						849473 A9 F7       LDA #$F7               A:0A00 X:0E68 Y:C94F S:0122 D:0000 DB:86 nvMxdiZC V:256 H:294 F:55
						849475 35 2B       AND $2B,X     [000E93] A:0AF7 X:0E68 Y:C94F S:0122 D:0000 DB:86 NvMxdizC V:256 H:297 F:55
						849477 95 2B       STA $2B,X     [000E93] A:0A00 X:0E68 Y:C94F S:0122 D:0000 DB:86 nvMxdiZC V:256 H:303 F:55
						849479 20 B3 90    JSR $90B3     [8490B3] A:0A00 X:0E68 Y:C94F S:0122 D:0000 DB:86 nvMxdiZC V:256 H:310 F:55

							8490B3 0B          PHD                    A:0A00 X:0E68 Y:C94F S:0120 D:0000 DB:86 nvMxdiZC V:256 H:320 F:55
							8490B4 DA          PHX                    A:0A00 X:0E68 Y:C94F S:011E D:0000 DB:86 nvMxdiZC V:256 H:326 F:55
							8490B5 08          PHP                    A:0A00 X:0E68 Y:C94F S:011C D:0000 DB:86 nvMxdiZC V:256 H:333 F:55
							8490B6 E2 20       SEP #$20               A:0A00 X:0E68 Y:C94F S:011B D:0000 DB:86 nvMxdiZC V:256 H:338 F:55
							8490B8 C2 10       REP #$10               A:0A00 X:0E68 Y:C94F S:011B D:0000 DB:86 nvMxdiZC V:257 H:  2 F:55
							8490BA 64 01       STZ $01       [000001] A:0A00 X:0E68 Y:C94F S:011B D:0000 DB:86 nvMxdiZC V:257 H:  7 F:55
							8490BC B5 29       LDA $29,X     [000E91] A:0A00 X:0E68 Y:C94F S:011B D:0000 DB:86 nvMxdiZC V:257 H: 12 F:55
							8490BE 10 02       BPL $0002     [8490C2] A:0A00 X:0E68 Y:C94F S:011B D:0000 DB:86 nvMxdiZC V:257 H: 18 F:55
							8490C2 18          CLC                    A:0A00 X:0E68 Y:C94F S:011B D:0000 DB:86 nvMxdiZC V:257 H: 23 F:55
							8490C3 75 05       ADC $05,X     [000E6D] A:0A00 X:0E68 Y:C94F S:011B D:0000 DB:86 nvMxdiZc V:257 H: 26 F:55
							8490C5 85 00       STA $00       [000000] A:0AD0 X:0E68 Y:C94F S:011B D:0000 DB:86 NvMxdizc V:257 H: 32 F:55
							8490C7 B5 06       LDA $06,X     [000E6E] A:0AD0 X:0E68 Y:C94F S:011B D:0000 DB:86 NvMxdizc V:257 H: 37 F:55
							8490C9 65 01       ADC $01       [000001] A:0A14 X:0E68 Y:C94F S:011B D:0000 DB:86 nvMxdizc V:257 H: 44 F:55
							8490CB 85 01       STA $01       [000001] A:0A14 X:0E68 Y:C94F S:011B D:0000 DB:86 nvMxdizc V:257 H: 49 F:55
							8490CD 64 03       STZ $03       [000003] A:0A14 X:0E68 Y:C94F S:011B D:0000 DB:86 nvMxdizc V:257 H: 54 F:55
							8490CF B5 2A       LDA $2A,X     [000E92] A:0A14 X:0E68 Y:C94F S:011B D:0000 DB:86 nvMxdizc V:257 H: 59 F:55
							8490D1 10 02       BPL $0002     [8490D5] A:0AEC X:0E68 Y:C94F S:011B D:0000 DB:86 NvMxdizc V:257 H: 65 F:55
							8490D3 C6 03       DEC $03       [000003] A:0AEC X:0E68 Y:C94F S:011B D:0000 DB:86 NvMxdizc V:257 H: 68 F:55
							8490D5 18          CLC                    A:0AEC X:0E68 Y:C94F S:011B D:0000 DB:86 NvMxdizc V:257 H: 77 F:55
							8490D6 75 08       ADC $08,X     [000E70] A:0AEC X:0E68 Y:C94F S:011B D:0000 DB:86 NvMxdizc V:257 H: 80 F:55
							8490D8 85 02       STA $02       [000002] A:0A84 X:0E68 Y:C94F S:011B D:0000 DB:86 NvMxdizC V:257 H: 86 F:55
							8490DA 29 F0       AND #$F0               A:0A84 X:0E68 Y:C94F S:011B D:0000 DB:86 NvMxdizC V:257 H: 91 F:55
							8490DC 85 0A       STA $0A       [00000A] A:0A80 X:0E68 Y:C94F S:011B D:0000 DB:86 NvMxdizC V:257 H: 94 F:55
							8490DE B5 09       LDA $09,X     [000E71] A:0A80 X:0E68 Y:C94F S:011B D:0000 DB:86 NvMxdizC V:257 H: 99 F:55
							8490E0 65 03       ADC $03       [000003] A:0A0A X:0E68 Y:C94F S:011B D:0000 DB:86 nvMxdizC V:257 H:106 F:55
							8490E2 85 03       STA $03       [000003] A:0A0A X:0E68 Y:C94F S:011B D:0000 DB:86 nvMxdizC V:257 H:111 F:55
							8490E4 85 0B       STA $0B       [00000B] A:0A0A X:0E68 Y:C94F S:011B D:0000 DB:86 nvMxdizC V:257 H:116 F:55
							8490E6 A5 00       LDA $00       [000000] A:0A0A X:0E68 Y:C94F S:011B D:0000 DB:86 nvMxdizC V:257 H:121 F:55
							8490E8 29 0F       AND #$0F               A:0AD0 X:0E68 Y:C94F S:011B D:0000 DB:86 NvMxdizC V:257 H:126 F:55
							8490EA 1A          INC                    A:0A00 X:0E68 Y:C94F S:011B D:0000 DB:86 nvMxdiZC V:257 H:129 F:55
							8490EB 85 0C       STA $0C       [00000C] A:0A01 X:0E68 Y:C94F S:011B D:0000 DB:86 nvMxdizC V:257 H:132 F:55
							8490ED A5 02       LDA $02       [000002] A:0A01 X:0E68 Y:C94F S:011B D:0000 DB:86 nvMxdizC V:257 H:147 F:55
							8490EF 29 0F       AND #$0F               A:0A84 X:0E68 Y:C94F S:011B D:0000 DB:86 NvMxdizC V:257 H:152 F:55
							8490F1 1A          INC                    A:0A04 X:0E68 Y:C94F S:011B D:0000 DB:86 nvMxdizC V:257 H:155 F:55
							8490F2 85 0E       STA $0E       [00000E] A:0A05 X:0E68 Y:C94F S:011B D:0000 DB:86 nvMxdizC V:257 H:158 F:55
							8490F4 C2 20       REP #$20               A:0A05 X:0E68 Y:C94F S:011B D:0000 DB:86 nvMxdizC V:257 H:163 F:55
							8490F6 20 6A 91    JSR $916A     [84916A] A:0A05 X:0E68 Y:C94F S:011B D:0000 DB:86 nvmxdizC V:257 H:167 F:55

								84916A A9 00 E8    LDA #$E800             A:0A05 X:0E68 Y:C94F S:0119 D:0000 DB:86 nvmxdizC V:257 H:177 F:55
								84916D 85 10       STA $10       [000010] A:E800 X:0E68 Y:C94F S:0119 D:0000 DB:86 NvmxdizC V:257 H:182 F:55
								84916F A9 7E 00    LDA #$007E             A:E800 X:0E68 Y:C94F S:0119 D:0000 DB:86 NvmxdizC V:257 H:189 F:55
								849172 85 12       STA $12       [000012] A:007E X:0E68 Y:C94F S:0119 D:0000 DB:86 nvmxdizC V:257 H:193 F:55
								849174 A5 02       LDA $02       [000002] A:007E X:0E68 Y:C94F S:0119 D:0000 DB:86 nvmxdizC V:257 H:200 F:55
								849176 29 F0 00    AND #$00F0             A:0A84 X:0E68 Y:C94F S:0119 D:0000 DB:86 nvmxdizC V:257 H:207 F:55
								849179 0A          ASL A                  A:0080 X:0E68 Y:C94F S:0119 D:0000 DB:86 nvmxdizC V:257 H:212 F:55
								84917A 85 04       STA $04       [000004] A:0100 X:0E68 Y:C94F S:0119 D:0000 DB:86 nvmxdizc V:257 H:215 F:55
								84917C A5 00       LDA $00       [000000] A:0100 X:0E68 Y:C94F S:0119 D:0000 DB:86 nvmxdizc V:257 H:222 F:55
								84917E 29 FF 00    AND #$00FF             A:14D0 X:0E68 Y:C94F S:0119 D:0000 DB:86 nvmxdizc V:257 H:229 F:55
								849181 4A          LSR A                  A:00D0 X:0E68 Y:C94F S:0119 D:0000 DB:86 nvmxdizc V:257 H:233 F:55
								849182 4A          LSR A                  A:0068 X:0E68 Y:C94F S:0119 D:0000 DB:86 nvmxdizc V:257 H:236 F:55
								849183 4A          LSR A                  A:0034 X:0E68 Y:C94F S:0119 D:0000 DB:86 nvmxdizc V:257 H:239 F:55
								849184 29 FE FF    AND #$FFFE             A:001A X:0E68 Y:C94F S:0119 D:0000 DB:86 nvmxdizc V:257 H:242 F:55
								849187 18          CLC                    A:001A X:0E68 Y:C94F S:0119 D:0000 DB:86 nvmxdizc V:257 H:247 F:55
								849188 65 04       ADC $04       [000004] A:001A X:0E68 Y:C94F S:0119 D:0000 DB:86 nvmxdizc V:257 H:250 F:55
								84918A 85 06       STA $06       [000006] A:011A X:0E68 Y:C94F S:0119 D:0000 DB:86 nvmxdizc V:257 H:257 F:55
								84918C A5 00       LDA $00       [000000] A:011A X:0E68 Y:C94F S:0119 D:0000 DB:86 nvmxdizc V:257 H:264 F:55
								84918E EB          XBA                    A:14D0 X:0E68 Y:C94F S:0119 D:0000 DB:86 nvmxdizc V:257 H:271 F:55
								84918F 29 1F 00    AND #$001F             A:D014 X:0E68 Y:C94F S:0119 D:0000 DB:86 nvmxdizc V:257 H:275 F:55
								849192 85 04       STA $04       [000004] A:0014 X:0E68 Y:C94F S:0119 D:0000 DB:86 nvmxdizc V:257 H:280 F:55
								849194 A5 02       LDA $02       [000002] A:0014 X:0E68 Y:C94F S:0119 D:0000 DB:86 nvmxdizc V:257 H:287 F:55
								849196 29 00 1F    AND #$1F00             A:0A84 X:0E68 Y:C94F S:0119 D:0000 DB:86 nvmxdizc V:257 H:294 F:55
								849199 4A          LSR A                  A:0A00 X:0E68 Y:C94F S:0119 D:0000 DB:86 nvmxdizc V:257 H:298 F:55
								84919A 4A          LSR A                  A:0500 X:0E68 Y:C94F S:0119 D:0000 DB:86 nvmxdizc V:257 H:301 F:55
								84919B 4A          LSR A                  A:0280 X:0E68 Y:C94F S:0119 D:0000 DB:86 nvmxdizc V:257 H:304 F:55
								84919C 18          CLC                    A:0140 X:0E68 Y:C94F S:0119 D:0000 DB:86 nvmxdizc V:257 H:307 F:55
								84919D 65 04       ADC $04       [000004] A:0140 X:0E68 Y:C94F S:0119 D:0000 DB:86 nvmxdizc V:257 H:310 F:55
								84919F A8          TAY                    A:0154 X:0E68 Y:C94F S:0119 D:0000 DB:86 nvmxdizc V:257 H:317 F:55
								8491A0 B7 10       LDA [$10],Y   [7EE954] A:0154 X:0E68 Y:0154 S:0119 D:0000 DB:86 nvmxdizc V:257 H:320 F:55
								8491A2 29 FF 00    AND #$00FF             A:0038 X:0E68 Y:0154 S:0119 D:0000 DB:86 nvmxdizc V:257 H:332 F:55
								8491A5 A8          TAY                    A:0038 X:0E68 Y:0154 S:0119 D:0000 DB:86 nvmxdizc V:257 H:337 F:55
								8491A6 EB          XBA                    A:0038 X:0E68 Y:0038 S:0119 D:0000 DB:86 nvmxdizc V:258 H:  0 F:55
								8491A7 0A          ASL A                  A:3800 X:0E68 Y:0038 S:0119 D:0000 DB:86 nvmxdiZc V:258 H:  4 F:55
								8491A8 18          CLC                    A:7000 X:0E68 Y:0038 S:0119 D:0000 DB:86 nvmxdizc V:258 H:  7 F:55
								8491A9 65 06       ADC $06       [000006] A:7000 X:0E68 Y:0038 S:0119 D:0000 DB:86 nvmxdizc V:258 H: 10 F:55
								8491AB AA          TAX                    A:711A X:0E68 Y:0038 S:0119 D:0000 DB:86 nvmxdizc V:258 H: 17 F:55
								8491AC 60          RTS                    A:711A X:711A Y:0038 S:0119 D:0000 DB:86 nvmxdizc V:258 H: 20 F:55

							8490F9 BF 00 20 7E LDA $7E2000,X [7E911A] A:711A X:711A Y:0038 S:011B D:0000 DB:86 nvmxdizc V:258 H: 30 F:55
							8490FD A8          TAY                    A:023C X:711A Y:0038 S:011B D:0000 DB:86 nvmxdizc V:258 H: 40 F:55
							8490FE AD 92 0B    LDA $0B92     [860B92] A:023C X:711A Y:023C S:011B D:0000 DB:86 nvmxdizc V:258 H: 43 F:55
							849101 85 10       STA $10       [000010] A:DB57 X:711A Y:023C S:011B D:0000 DB:86 Nvmxdizc V:258 H: 52 F:55
							849103 AD 94 0B    LDA $0B94     [860B94] A:DB57 X:711A Y:023C S:011B D:0000 DB:86 Nvmxdizc V:258 H: 59 F:55
							849106 85 12       STA $12       [000012] A:B895 X:711A Y:023C S:011B D:0000 DB:86 Nvmxdizc V:258 H: 67 F:55
							849108 B7 10       LDA [$10],Y   [95DD93] A:B895 X:711A Y:023C S:011B D:0000 DB:86 Nvmxdizc V:258 H: 74 F:55
							84910A 29 FF 00    AND #$00FF             A:0000 X:711A Y:023C S:011B D:0000 DB:86 nvmxdiZc V:258 H: 86 F:55
							84910D 28          PLP                    A:0000 X:711A Y:023C S:011B D:0000 DB:86 nvmxdiZc V:258 H: 91 F:55
							84910E FA          PLX                    A:0000 X:711A Y:023C S:011C D:0000 DB:86 nvMxdiZC V:258 H: 97 F:55
							84910F 2B          PLD                    A:0000 X:0E68 Y:023C S:011E D:0000 DB:86 nvMxdizC V:258 H:106 F:55
							849110 60          RTS                    A:0000 X:0E68 Y:023C S:0120 D:0000 DB:86 nvMxdiZC V:258 H:114 F:55

						84947C B4 05       LDY $05,X     [000E6D] A:0000 X:0E68 Y:023C S:0122 D:0000 DB:86 nvMxdiZC V:258 H:124 F:55
						84947E 84 10       STY $10       [000010] A:0000 X:0E68 Y:14D0 S:0122 D:0000 DB:86 nvMxdizC V:258 H:133 F:55
						849480 B4 08       LDY $08,X     [000E70] A:0000 X:0E68 Y:14D0 S:0122 D:0000 DB:86 nvMxdizC V:258 H:150 F:55
						849482 84 12       STY $12       [000012] A:0000 X:0E68 Y:0A98 S:0122 D:0000 DB:86 nvMxdizC V:258 H:158 F:55
						849484 95 2E       STA $2E,X     [000E96] A:0000 X:0E68 Y:0A98 S:0122 D:0000 DB:86 nvMxdizC V:258 H:165 F:55
						849486 86 2C       STX $2C       [00002C] A:0000 X:0E68 Y:0A98 S:0122 D:0000 DB:86 nvMxdizC V:258 H:172 F:55
						849488 29 3F       AND #$3F               A:0000 X:0E68 Y:0A98 S:0122 D:0000 DB:86 nvMxdizC V:258 H:179 F:55
						84948A 0A          ASL A                  A:0000 X:0E68 Y:0A98 S:0122 D:0000 DB:86 nvMxdiZC V:258 H:182 F:55
						84948B EB          XBA                    A:0000 X:0E68 Y:0A98 S:0122 D:0000 DB:86 nvMxdiZc V:258 H:185 F:55
						84948C A9 00       LDA #$00               A:0000 X:0E68 Y:0A98 S:0122 D:0000 DB:86 nvMxdiZc V:258 H:189 F:55
						84948E EB          XBA                    A:0000 X:0E68 Y:0A98 S:0122 D:0000 DB:86 nvMxdiZc V:258 H:192 F:55
						84948F AA          TAX                    A:0000 X:0E68 Y:0A98 S:0122 D:0000 DB:86 nvMxdiZc V:258 H:197 F:55
						849490 FC A9 94    JSR ($94A9,X) [8494A9] A:0000 X:0000 Y:0A98 S:0122 D:0000 DB:86 nvMxdiZc V:258 H:200 F:55

							849529 AD 1C 1F    LDA $1F1C     [861F1C] A:0000 X:0000 Y:0A98 S:0120 D:0000 DB:86 nvMxdiZc V:258 H:213 F:55
							84952C F0 11       BEQ $0011     [84953F] A:0000 X:0000 Y:0A98 S:0120 D:0000 DB:86 nvMxdiZc V:258 H:219 F:55
							84953F A9 00       LDA #$00               A:0000 X:0000 Y:0A98 S:0120 D:0000 DB:86 nvMxdiZc V:258 H:224 F:55
							849541 60          RTS                    A:0000 X:0000 Y:0A98 S:0120 D:0000 DB:86 nvMxdiZc V:258 H:227 F:55

						849493 F0 0E       BEQ $000E     [8494A3] A:0000 X:0000 Y:0A98 S:0122 D:0000 DB:86 nvMxdiZc V:258 H:237 F:55
						8494A3 A6 2C       LDX $2C       [00002C] A:0000 X:0000 Y:0A98 S:0122 D:0000 DB:86 nvMxdiZc V:258 H:241 F:55
						8494A5 20 08 93    JSR $9308     [849308] A:0000 X:0E68 Y:0A98 S:0122 D:0000 DB:86 nvMxdizc V:258 H:248 F:55

							849308 A5 14       LDA $14       [000014] A:0000 X:0E68 Y:0A98 S:0120 D:0000 DB:86 nvMxdizc V:258 H:258 F:55
							84930A F0 08       BEQ $0008     [849314] A:0000 X:0E68 Y:0A98 S:0120 D:0000 DB:86 nvMxdiZc V:258 H:263 F:55
							849314 60          RTS                    A:0000 X:0E68 Y:0A98 S:0120 D:0000 DB:86 nvMxdiZc V:258 H:268 F:55

						8494A8 60          RTS                    A:0000 X:0E68 Y:0A98 S:0122 D:0000 DB:86 nvMxdiZc V:258 H:278 F:55

					849211 D0 2C       BNE $002C     [84923F] A:0000 X:0E68 Y:0A98 S:0124 D:0000 DB:86 nvMxdiZc V:258 H:288 F:55
					849213 B4 20       LDY $20,X     [000E88] A:0000 X:0E68 Y:0A98 S:0124 D:0000 DB:86 nvMxdiZc V:258 H:291 F:55
					849215 B9 05 00    LDA $0005,Y   [86C954] A:0000 X:0E68 Y:C94F S:0124 D:0000 DB:86 NvMxdizc V:258 H:299 F:55
					849218 34 11       BIT $11,X     [000E79] A:0000 X:0E68 Y:C94F S:0124 D:0000 DB:86 nvMxdiZc V:258 H:307 F:55
					84921A 50 03       BVC $0003     [84921F] A:0000 X:0E68 Y:C94F S:0124 D:0000 DB:86 nvMxdiZc V:258 H:313 F:55
					84921F 38          SEC                    A:0000 X:0E68 Y:C94F S:0124 D:0000 DB:86 nvMxdiZc V:258 H:318 F:55
					849220 F9 07 00    SBC $0007,Y   [86C956] A:0000 X:0E68 Y:C94F S:0124 D:0000 DB:86 nvMxdiZC V:258 H:321 F:55
					849223 95 29       STA $29,X     [000E91] A:00F0 X:0E68 Y:C94F S:0124 D:0000 DB:86 NvMxdizc V:258 H:327 F:55
					849225 20 73 94    JSR $9473     [849473] A:00F0 X:0E68 Y:C94F S:0124 D:0000 DB:86 NvMxdizc V:258 H:334 F:55

						849473 A9 F7       LDA #$F7               A:00F0 X:0E68 Y:C94F S:0122 D:0000 DB:86 NvMxdizc V:259 H:  4 F:55
						849475 35 2B       AND $2B,X     [000E93] A:00F7 X:0E68 Y:C94F S:0122 D:0000 DB:86 NvMxdizc V:259 H:  7 F:55
						849477 95 2B       STA $2B,X     [000E93] A:0000 X:0E68 Y:C94F S:0122 D:0000 DB:86 nvMxdiZc V:259 H: 13 F:55
						849479 20 B3 90    JSR $90B3     [8490B3] A:0000 X:0E68 Y:C94F S:0122 D:0000 DB:86 nvMxdiZc V:259 H: 20 F:55

							8490B3 0B          PHD                    A:0000 X:0E68 Y:C94F S:0120 D:0000 DB:86 nvMxdiZc V:259 H: 30 F:55
							8490B4 DA          PHX                    A:0000 X:0E68 Y:C94F S:011E D:0000 DB:86 nvMxdiZc V:259 H: 37 F:55
							8490B5 08          PHP                    A:0000 X:0E68 Y:C94F S:011C D:0000 DB:86 nvMxdiZc V:259 H: 44 F:55
							8490B6 E2 20       SEP #$20               A:0000 X:0E68 Y:C94F S:011B D:0000 DB:86 nvMxdiZc V:259 H: 49 F:55
							8490B8 C2 10       REP #$10               A:0000 X:0E68 Y:C94F S:011B D:0000 DB:86 nvMxdiZc V:259 H: 53 F:55
							8490BA 64 01       STZ $01       [000001] A:0000 X:0E68 Y:C94F S:011B D:0000 DB:86 nvMxdiZc V:259 H: 58 F:55
							8490BC B5 29       LDA $29,X     [000E91] A:0000 X:0E68 Y:C94F S:011B D:0000 DB:86 nvMxdiZc V:259 H: 63 F:55
							8490BE 10 02       BPL $0002     [8490C2] A:00F0 X:0E68 Y:C94F S:011B D:0000 DB:86 NvMxdizc V:259 H: 69 F:55
							8490C0 C6 01       DEC $01       [000001] A:00F0 X:0E68 Y:C94F S:011B D:0000 DB:86 NvMxdizc V:259 H: 72 F:55
							8490C2 18          CLC                    A:00F0 X:0E68 Y:C94F S:011B D:0000 DB:86 NvMxdizc V:259 H: 81 F:55
							8490C3 75 05       ADC $05,X     [000E6D] A:00F0 X:0E68 Y:C94F S:011B D:0000 DB:86 NvMxdizc V:259 H: 84 F:55
							8490C5 85 00       STA $00       [000000] A:00C0 X:0E68 Y:C94F S:011B D:0000 DB:86 NvMxdizC V:259 H: 90 F:55
							8490C7 B5 06       LDA $06,X     [000E6E] A:00C0 X:0E68 Y:C94F S:011B D:0000 DB:86 NvMxdizC V:259 H: 95 F:55
							8490C9 65 01       ADC $01       [000001] A:0014 X:0E68 Y:C94F S:011B D:0000 DB:86 nvMxdizC V:259 H:102 F:55
							8490CB 85 01       STA $01       [000001] A:0014 X:0E68 Y:C94F S:011B D:0000 DB:86 nvMxdizC V:259 H:107 F:55
							8490CD 64 03       STZ $03       [000003] A:0014 X:0E68 Y:C94F S:011B D:0000 DB:86 nvMxdizC V:259 H:112 F:55
							8490CF B5 2A       LDA $2A,X     [000E92] A:0014 X:0E68 Y:C94F S:011B D:0000 DB:86 nvMxdizC V:259 H:117 F:55
							8490D1 10 02       BPL $0002     [8490D5] A:00EC X:0E68 Y:C94F S:011B D:0000 DB:86 NvMxdizC V:259 H:123 F:55
							8490D3 C6 03       DEC $03       [000003] A:00EC X:0E68 Y:C94F S:011B D:0000 DB:86 NvMxdizC V:259 H:126 F:55
							8490D5 18          CLC                    A:00EC X:0E68 Y:C94F S:011B D:0000 DB:86 NvMxdizC V:259 H:145 F:55
							8490D6 75 08       ADC $08,X     [000E70] A:00EC X:0E68 Y:C94F S:011B D:0000 DB:86 NvMxdizc V:259 H:148 F:55
							8490D8 85 02       STA $02       [000002] A:0084 X:0E68 Y:C94F S:011B D:0000 DB:86 NvMxdizC V:259 H:154 F:55
							8490DA 29 F0       AND #$F0               A:0084 X:0E68 Y:C94F S:011B D:0000 DB:86 NvMxdizC V:259 H:159 F:55
							8490DC 85 0A       STA $0A       [00000A] A:0080 X:0E68 Y:C94F S:011B D:0000 DB:86 NvMxdizC V:259 H:162 F:55
							8490DE B5 09       LDA $09,X     [000E71] A:0080 X:0E68 Y:C94F S:011B D:0000 DB:86 NvMxdizC V:259 H:167 F:55
							8490E0 65 03       ADC $03       [000003] A:000A X:0E68 Y:C94F S:011B D:0000 DB:86 nvMxdizC V:259 H:174 F:55
							8490E2 85 03       STA $03       [000003] A:000A X:0E68 Y:C94F S:011B D:0000 DB:86 nvMxdizC V:259 H:179 F:55
							8490E4 85 0B       STA $0B       [00000B] A:000A X:0E68 Y:C94F S:011B D:0000 DB:86 nvMxdizC V:259 H:184 F:55
							8490E6 A5 00       LDA $00       [000000] A:000A X:0E68 Y:C94F S:011B D:0000 DB:86 nvMxdizC V:259 H:189 F:55
							8490E8 29 0F       AND #$0F               A:00C0 X:0E68 Y:C94F S:011B D:0000 DB:86 NvMxdizC V:259 H:194 F:55
							8490EA 1A          INC                    A:0000 X:0E68 Y:C94F S:011B D:0000 DB:86 nvMxdiZC V:259 H:197 F:55
							8490EB 85 0C       STA $0C       [00000C] A:0001 X:0E68 Y:C94F S:011B D:0000 DB:86 nvMxdizC V:259 H:200 F:55
							8490ED A5 02       LDA $02       [000002] A:0001 X:0E68 Y:C94F S:011B D:0000 DB:86 nvMxdizC V:259 H:205 F:55
							8490EF 29 0F       AND #$0F               A:0084 X:0E68 Y:C94F S:011B D:0000 DB:86 NvMxdizC V:259 H:210 F:55
							8490F1 1A          INC                    A:0004 X:0E68 Y:C94F S:011B D:0000 DB:86 nvMxdizC V:259 H:213 F:55
							8490F2 85 0E       STA $0E       [00000E] A:0005 X:0E68 Y:C94F S:011B D:0000 DB:86 nvMxdizC V:259 H:216 F:55
							8490F4 C2 20       REP #$20               A:0005 X:0E68 Y:C94F S:011B D:0000 DB:86 nvMxdizC V:259 H:221 F:55
							8490F6 20 6A 91    JSR $916A     [84916A] A:0005 X:0E68 Y:C94F S:011B D:0000 DB:86 nvmxdizC V:259 H:225 F:55

								84916A A9 00 E8    LDA #$E800             A:0005 X:0E68 Y:C94F S:0119 D:0000 DB:86 nvmxdizC V:259 H:235 F:55
								84916D 85 10       STA $10       [000010] A:E800 X:0E68 Y:C94F S:0119 D:0000 DB:86 NvmxdizC V:259 H:240 F:55
								84916F A9 7E 00    LDA #$007E             A:E800 X:0E68 Y:C94F S:0119 D:0000 DB:86 NvmxdizC V:259 H:247 F:55
								849172 85 12       STA $12       [000012] A:007E X:0E68 Y:C94F S:0119 D:0000 DB:86 nvmxdizC V:259 H:251 F:55
								849174 A5 02       LDA $02       [000002] A:007E X:0E68 Y:C94F S:0119 D:0000 DB:86 nvmxdizC V:259 H:258 F:55
								849176 29 F0 00    AND #$00F0             A:0A84 X:0E68 Y:C94F S:0119 D:0000 DB:86 nvmxdizC V:259 H:265 F:55
								849179 0A          ASL A                  A:0080 X:0E68 Y:C94F S:0119 D:0000 DB:86 nvmxdizC V:259 H:270 F:55
								84917A 85 04       STA $04       [000004] A:0100 X:0E68 Y:C94F S:0119 D:0000 DB:86 nvmxdizc V:259 H:273 F:55
								84917C A5 00       LDA $00       [000000] A:0100 X:0E68 Y:C94F S:0119 D:0000 DB:86 nvmxdizc V:259 H:280 F:55
								84917E 29 FF 00    AND #$00FF             A:14C0 X:0E68 Y:C94F S:0119 D:0000 DB:86 nvmxdizc V:259 H:287 F:55
								849181 4A          LSR A                  A:00C0 X:0E68 Y:C94F S:0119 D:0000 DB:86 nvmxdizc V:259 H:291 F:55
								849182 4A          LSR A                  A:0060 X:0E68 Y:C94F S:0119 D:0000 DB:86 nvmxdizc V:259 H:294 F:55
								849183 4A          LSR A                  A:0030 X:0E68 Y:C94F S:0119 D:0000 DB:86 nvmxdizc V:259 H:297 F:55
								849184 29 FE FF    AND #$FFFE             A:0018 X:0E68 Y:C94F S:0119 D:0000 DB:86 nvmxdizc V:259 H:300 F:55
								849187 18          CLC                    A:0018 X:0E68 Y:C94F S:0119 D:0000 DB:86 nvmxdizc V:259 H:305 F:55
								849188 65 04       ADC $04       [000004] A:0018 X:0E68 Y:C94F S:0119 D:0000 DB:86 nvmxdizc V:259 H:308 F:55
								84918A 85 06       STA $06       [000006] A:0118 X:0E68 Y:C94F S:0119 D:0000 DB:86 nvmxdizc V:259 H:315 F:55
								84918C A5 00       LDA $00       [000000] A:0118 X:0E68 Y:C94F S:0119 D:0000 DB:86 nvmxdizc V:259 H:322 F:55
								84918E EB          XBA                    A:14C0 X:0E68 Y:C94F S:0119 D:0000 DB:86 nvmxdizc V:259 H:328 F:55
								84918F 29 1F 00    AND #$001F             A:C014 X:0E68 Y:C94F S:0119 D:0000 DB:86 nvmxdizc V:259 H:332 F:55
								849192 85 04       STA $04       [000004] A:0014 X:0E68 Y:C94F S:0119 D:0000 DB:86 nvmxdizc V:259 H:337 F:55
								849194 A5 02       LDA $02       [000002] A:0014 X:0E68 Y:C94F S:0119 D:0000 DB:86 nvmxdizc V:260 H:  4 F:55
								849196 29 00 1F    AND #$1F00             A:0A84 X:0E68 Y:C94F S:0119 D:0000 DB:86 nvmxdizc V:260 H: 11 F:55
								849199 4A          LSR A                  A:0A00 X:0E68 Y:C94F S:0119 D:0000 DB:86 nvmxdizc V:260 H: 15 F:55
								84919A 4A          LSR A                  A:0500 X:0E68 Y:C94F S:0119 D:0000 DB:86 nvmxdizc V:260 H: 18 F:55
								84919B 4A          LSR A                  A:0280 X:0E68 Y:C94F S:0119 D:0000 DB:86 nvmxdizc V:260 H: 21 F:55
								84919C 18          CLC                    A:0140 X:0E68 Y:C94F S:0119 D:0000 DB:86 nvmxdizc V:260 H: 24 F:55
								84919D 65 04       ADC $04       [000004] A:0140 X:0E68 Y:C94F S:0119 D:0000 DB:86 nvmxdizc V:260 H: 27 F:55
								84919F A8          TAY                    A:0154 X:0E68 Y:C94F S:0119 D:0000 DB:86 nvmxdizc V:260 H: 34 F:55
								8491A0 B7 10       LDA [$10],Y   [7EE954] A:0154 X:0E68 Y:0154 S:0119 D:0000 DB:86 nvmxdizc V:260 H: 37 F:55
								8491A2 29 FF 00    AND #$00FF             A:0038 X:0E68 Y:0154 S:0119 D:0000 DB:86 nvmxdizc V:260 H: 50 F:55
								8491A5 A8          TAY                    A:0038 X:0E68 Y:0154 S:0119 D:0000 DB:86 nvmxdizc V:260 H: 55 F:55
								8491A6 EB          XBA                    A:0038 X:0E68 Y:0038 S:0119 D:0000 DB:86 nvmxdizc V:260 H: 58 F:55
								8491A7 0A          ASL A                  A:3800 X:0E68 Y:0038 S:0119 D:0000 DB:86 nvmxdiZc V:260 H: 62 F:55
								8491A8 18          CLC                    A:7000 X:0E68 Y:0038 S:0119 D:0000 DB:86 nvmxdizc V:260 H: 65 F:55
								8491A9 65 06       ADC $06       [000006] A:7000 X:0E68 Y:0038 S:0119 D:0000 DB:86 nvmxdizc V:260 H: 68 F:55
								8491AB AA          TAX                    A:7118 X:0E68 Y:0038 S:0119 D:0000 DB:86 nvmxdizc V:260 H: 75 F:55
								8491AC 60          RTS                    A:7118 X:7118 Y:0038 S:0119 D:0000 DB:86 nvmxdizc V:260 H: 78 F:55

							8490F9 BF 00 20 7E LDA $7E2000,X [7E9118] A:7118 X:7118 Y:0038 S:011B D:0000 DB:86 nvmxdizc V:260 H: 88 F:55
							8490FD A8          TAY                    A:023B X:7118 Y:0038 S:011B D:0000 DB:86 nvmxdizc V:260 H: 98 F:55
							8490FE AD 92 0B    LDA $0B92     [860B92] A:023B X:7118 Y:023B S:011B D:0000 DB:86 nvmxdizc V:260 H:101 F:55
							849101 85 10       STA $10       [000010] A:DB57 X:7118 Y:023B S:011B D:0000 DB:86 Nvmxdizc V:260 H:110 F:55
							849103 AD 94 0B    LDA $0B94     [860B94] A:DB57 X:7118 Y:023B S:011B D:0000 DB:86 Nvmxdizc V:260 H:117 F:55
							849106 85 12       STA $12       [000012] A:B895 X:7118 Y:023B S:011B D:0000 DB:86 Nvmxdizc V:260 H:125 F:55
							849108 B7 10       LDA [$10],Y   [95DD92] A:B895 X:7118 Y:023B S:011B D:0000 DB:86 Nvmxdizc V:260 H:132 F:55
							84910A 29 FF 00    AND #$00FF             A:0000 X:7118 Y:023B S:011B D:0000 DB:86 nvmxdiZc V:260 H:154 F:55
							84910D 28          PLP                    A:0000 X:7118 Y:023B S:011B D:0000 DB:86 nvmxdiZc V:260 H:159 F:55
							84910E FA          PLX                    A:0000 X:7118 Y:023B S:011C D:0000 DB:86 nvMxdiZc V:260 H:165 F:55
							84910F 2B          PLD                    A:0000 X:0E68 Y:023B S:011E D:0000 DB:86 nvMxdizc V:260 H:174 F:55
							849110 60          RTS                    A:0000 X:0E68 Y:023B S:0120 D:0000 DB:86 nvMxdiZc V:260 H:182 F:55

						84947C B4 05       LDY $05,X     [000E6D] A:0000 X:0E68 Y:023B S:0122 D:0000 DB:86 nvMxdiZc V:260 H:192 F:55
						84947E 84 10       STY $10       [000010] A:0000 X:0E68 Y:14D0 S:0122 D:0000 DB:86 nvMxdizc V:260 H:201 F:55
						849480 B4 08       LDY $08,X     [000E70] A:0000 X:0E68 Y:14D0 S:0122 D:0000 DB:86 nvMxdizc V:260 H:208 F:55
						849482 84 12       STY $12       [000012] A:0000 X:0E68 Y:0A98 S:0122 D:0000 DB:86 nvMxdizc V:260 H:216 F:55
						849484 95 2E       STA $2E,X     [000E96] A:0000 X:0E68 Y:0A98 S:0122 D:0000 DB:86 nvMxdizc V:260 H:223 F:55
						849486 86 2C       STX $2C       [00002C] A:0000 X:0E68 Y:0A98 S:0122 D:0000 DB:86 nvMxdizc V:260 H:230 F:55
						849488 29 3F       AND #$3F               A:0000 X:0E68 Y:0A98 S:0122 D:0000 DB:86 nvMxdizc V:260 H:237 F:55
						84948A 0A          ASL A                  A:0000 X:0E68 Y:0A98 S:0122 D:0000 DB:86 nvMxdiZc V:260 H:240 F:55
						84948B EB          XBA                    A:0000 X:0E68 Y:0A98 S:0122 D:0000 DB:86 nvMxdiZc V:260 H:243 F:55
						84948C A9 00       LDA #$00               A:0000 X:0E68 Y:0A98 S:0122 D:0000 DB:86 nvMxdiZc V:260 H:247 F:55
						84948E EB          XBA                    A:0000 X:0E68 Y:0A98 S:0122 D:0000 DB:86 nvMxdiZc V:260 H:250 F:55
						84948F AA          TAX                    A:0000 X:0E68 Y:0A98 S:0122 D:0000 DB:86 nvMxdiZc V:260 H:255 F:55
						849490 FC A9 94    JSR ($94A9,X) [8494A9] A:0000 X:0000 Y:0A98 S:0122 D:0000 DB:86 nvMxdiZc V:260 H:258 F:55

							849529 AD 1C 1F    LDA $1F1C     [861F1C] A:0000 X:0000 Y:0A98 S:0120 D:0000 DB:86 nvMxdiZc V:260 H:271 F:55
							84952C F0 11       BEQ $0011     [84953F] A:0000 X:0000 Y:0A98 S:0120 D:0000 DB:86 nvMxdiZc V:260 H:277 F:55
							84953F A9 00       LDA #$00               A:0000 X:0000 Y:0A98 S:0120 D:0000 DB:86 nvMxdiZc V:260 H:282 F:55
							849541 60          RTS                    A:0000 X:0000 Y:0A98 S:0120 D:0000 DB:86 nvMxdiZc V:260 H:285 F:55

						849493 F0 0E       BEQ $000E     [8494A3] A:0000 X:0000 Y:0A98 S:0122 D:0000 DB:86 nvMxdiZc V:260 H:295 F:55
						8494A3 A6 2C       LDX $2C       [00002C] A:0000 X:0000 Y:0A98 S:0122 D:0000 DB:86 nvMxdiZc V:260 H:299 F:55
						8494A5 20 08 93    JSR $9308     [849308] A:0000 X:0E68 Y:0A98 S:0122 D:0000 DB:86 nvMxdizc V:260 H:306 F:55

							849308 A5 14       LDA $14       [000014] A:0000 X:0E68 Y:0A98 S:0120 D:0000 DB:86 nvMxdizc V:260 H:316 F:55
							84930A F0 08       BEQ $0008     [849314] A:0000 X:0E68 Y:0A98 S:0120 D:0000 DB:86 nvMxdiZc V:260 H:321 F:55
							849314 60          RTS                    A:0000 X:0E68 Y:0A98 S:0120 D:0000 DB:86 nvMxdiZc V:260 H:325 F:55

						8494A8 60          RTS                    A:0000 X:0E68 Y:0A98 S:0122 D:0000 DB:86 nvMxdiZc V:260 H:335 F:55

					849228 D0 15       BNE $0015     [84923F] A:0000 X:0E68 Y:0A98 S:0124 D:0000 DB:86 nvMxdiZc V:261 H:  5 F:55
					84922A B4 20       LDY $20,X     [000E88] A:0000 X:0E68 Y:0A98 S:0124 D:0000 DB:86 nvMxdiZc V:261 H:  8 F:55
					84922C B9 05 00    LDA $0005,Y   [86C954] A:0000 X:0E68 Y:C94F S:0124 D:0000 DB:86 NvMxdizc V:261 H: 16 F:55
					84922F 34 11       BIT $11,X     [000E79] A:0000 X:0E68 Y:C94F S:0124 D:0000 DB:86 nvMxdiZc V:261 H: 24 F:55
					849231 50 03       BVC $0003     [849236] A:0000 X:0E68 Y:C94F S:0124 D:0000 DB:86 nvMxdiZc V:261 H: 30 F:55
					849236 18          CLC                    A:0000 X:0E68 Y:C94F S:0124 D:0000 DB:86 nvMxdiZc V:261 H: 35 F:55
					849237 79 07 00    ADC $0007,Y   [86C956] A:0000 X:0E68 Y:C94F S:0124 D:0000 DB:86 nvMxdiZc V:261 H: 38 F:55
					84923A 95 29       STA $29,X     [000E91] A:0010 X:0E68 Y:C94F S:0124 D:0000 DB:86 nvMxdizc V:261 H: 45 F:55
					84923C 20 73 94    JSR $9473     [849473] A:0010 X:0E68 Y:C94F S:0124 D:0000 DB:86 nvMxdizc V:261 H: 52 F:55

						849473 A9 F7       LDA #$F7               A:0010 X:0E68 Y:C94F S:0122 D:0000 DB:86 nvMxdizc V:261 H: 62 F:55
						849475 35 2B       AND $2B,X     [000E93] A:00F7 X:0E68 Y:C94F S:0122 D:0000 DB:86 NvMxdizc V:261 H: 65 F:55
						849477 95 2B       STA $2B,X     [000E93] A:0000 X:0E68 Y:C94F S:0122 D:0000 DB:86 nvMxdiZc V:261 H: 71 F:55
						849479 20 B3 90    JSR $90B3     [8490B3] A:0000 X:0E68 Y:C94F S:0122 D:0000 DB:86 nvMxdiZc V:261 H: 78 F:55

							8490B3 0B          PHD                    A:0000 X:0E68 Y:C94F S:0120 D:0000 DB:86 nvMxdiZc V:261 H: 88 F:55
							8490B4 DA          PHX                    A:0000 X:0E68 Y:C94F S:011E D:0000 DB:86 nvMxdiZc V:261 H: 95 F:55
							8490B5 08          PHP                    A:0000 X:0E68 Y:C94F S:011C D:0000 DB:86 nvMxdiZc V:261 H:102 F:55
							8490B6 E2 20       SEP #$20               A:0000 X:0E68 Y:C94F S:011B D:0000 DB:86 nvMxdiZc V:261 H:107 F:55
							8490B8 C2 10       REP #$10               A:0000 X:0E68 Y:C94F S:011B D:0000 DB:86 nvMxdiZc V:261 H:111 F:55
							8490BA 64 01       STZ $01       [000001] A:0000 X:0E68 Y:C94F S:011B D:0000 DB:86 nvMxdiZc V:261 H:116 F:55
							8490BC B5 29       LDA $29,X     [000E91] A:0000 X:0E68 Y:C94F S:011B D:0000 DB:86 nvMxdiZc V:261 H:121 F:55
							8490BE 10 02       BPL $0002     [8490C2] A:0010 X:0E68 Y:C94F S:011B D:0000 DB:86 nvMxdizc V:261 H:127 F:55
							8490C2 18          CLC                    A:0010 X:0E68 Y:C94F S:011B D:0000 DB:86 nvMxdizc V:261 H:132 F:55
							8490C3 75 05       ADC $05,X     [000E6D] A:0010 X:0E68 Y:C94F S:011B D:0000 DB:86 nvMxdizc V:261 H:145 F:55
							8490C5 85 00       STA $00       [000000] A:00E0 X:0E68 Y:C94F S:011B D:0000 DB:86 NvMxdizc V:261 H:151 F:55
							8490C7 B5 06       LDA $06,X     [000E6E] A:00E0 X:0E68 Y:C94F S:011B D:0000 DB:86 NvMxdizc V:261 H:156 F:55
							8490C9 65 01       ADC $01       [000001] A:0014 X:0E68 Y:C94F S:011B D:0000 DB:86 nvMxdizc V:261 H:163 F:55
							8490CB 85 01       STA $01       [000001] A:0014 X:0E68 Y:C94F S:011B D:0000 DB:86 nvMxdizc V:261 H:168 F:55
							8490CD 64 03       STZ $03       [000003] A:0014 X:0E68 Y:C94F S:011B D:0000 DB:86 nvMxdizc V:261 H:173 F:55
							8490CF B5 2A       LDA $2A,X     [000E92] A:0014 X:0E68 Y:C94F S:011B D:0000 DB:86 nvMxdizc V:261 H:178 F:55
							8490D1 10 02       BPL $0002     [8490D5] A:00EC X:0E68 Y:C94F S:011B D:0000 DB:86 NvMxdizc V:261 H:184 F:55
							8490D3 C6 03       DEC $03       [000003] A:00EC X:0E68 Y:C94F S:011B D:0000 DB:86 NvMxdizc V:261 H:187 F:55
							8490D5 18          CLC                    A:00EC X:0E68 Y:C94F S:011B D:0000 DB:86 NvMxdizc V:261 H:196 F:55
							8490D6 75 08       ADC $08,X     [000E70] A:00EC X:0E68 Y:C94F S:011B D:0000 DB:86 NvMxdizc V:261 H:199 F:55
							8490D8 85 02       STA $02       [000002] A:0084 X:0E68 Y:C94F S:011B D:0000 DB:86 NvMxdizC V:261 H:205 F:55
							8490DA 29 F0       AND #$F0               A:0084 X:0E68 Y:C94F S:011B D:0000 DB:86 NvMxdizC V:261 H:210 F:55
							8490DC 85 0A       STA $0A       [00000A] A:0080 X:0E68 Y:C94F S:011B D:0000 DB:86 NvMxdizC V:261 H:213 F:55
							8490DE B5 09       LDA $09,X     [000E71] A:0080 X:0E68 Y:C94F S:011B D:0000 DB:86 NvMxdizC V:261 H:218 F:55
							8490E0 65 03       ADC $03       [000003] A:000A X:0E68 Y:C94F S:011B D:0000 DB:86 nvMxdizC V:261 H:225 F:55
							8490E2 85 03       STA $03       [000003] A:000A X:0E68 Y:C94F S:011B D:0000 DB:86 nvMxdizC V:261 H:230 F:55
							8490E4 85 0B       STA $0B       [00000B] A:000A X:0E68 Y:C94F S:011B D:0000 DB:86 nvMxdizC V:261 H:235 F:55
							8490E6 A5 00       LDA $00       [000000] A:000A X:0E68 Y:C94F S:011B D:0000 DB:86 nvMxdizC V:261 H:240 F:55
							8490E8 29 0F       AND #$0F               A:00E0 X:0E68 Y:C94F S:011B D:0000 DB:86 NvMxdizC V:261 H:245 F:55
							8490EA 1A          INC                    A:0000 X:0E68 Y:C94F S:011B D:0000 DB:86 nvMxdiZC V:261 H:248 F:55
							8490EB 85 0C       STA $0C       [00000C] A:0001 X:0E68 Y:C94F S:011B D:0000 DB:86 nvMxdizC V:261 H:251 F:55
							8490ED A5 02       LDA $02       [000002] A:0001 X:0E68 Y:C94F S:011B D:0000 DB:86 nvMxdizC V:261 H:256 F:55
							8490EF 29 0F       AND #$0F               A:0084 X:0E68 Y:C94F S:011B D:0000 DB:86 NvMxdizC V:261 H:261 F:55
							8490F1 1A          INC                    A:0004 X:0E68 Y:C94F S:011B D:0000 DB:86 nvMxdizC V:261 H:264 F:55
							8490F2 85 0E       STA $0E       [00000E] A:0005 X:0E68 Y:C94F S:011B D:0000 DB:86 nvMxdizC V:261 H:267 F:55
							8490F4 C2 20       REP #$20               A:0005 X:0E68 Y:C94F S:011B D:0000 DB:86 nvMxdizC V:261 H:272 F:55
							8490F6 20 6A 91    JSR $916A     [84916A] A:0005 X:0E68 Y:C94F S:011B D:0000 DB:86 nvmxdizC V:261 H:276 F:55

								84916A A9 00 E8    LDA #$E800             A:0005 X:0E68 Y:C94F S:0119 D:0000 DB:86 nvmxdizC V:261 H:286 F:55
								84916D 85 10       STA $10       [000010] A:E800 X:0E68 Y:C94F S:0119 D:0000 DB:86 NvmxdizC V:261 H:291 F:55
								84916F A9 7E 00    LDA #$007E             A:E800 X:0E68 Y:C94F S:0119 D:0000 DB:86 NvmxdizC V:261 H:298 F:55
								849172 85 12       STA $12       [000012] A:007E X:0E68 Y:C94F S:0119 D:0000 DB:86 nvmxdizC V:261 H:302 F:55
								849174 A5 02       LDA $02       [000002] A:007E X:0E68 Y:C94F S:0119 D:0000 DB:86 nvmxdizC V:261 H:309 F:55
								849176 29 F0 00    AND #$00F0             A:0A84 X:0E68 Y:C94F S:0119 D:0000 DB:86 nvmxdizC V:261 H:316 F:55
								849179 0A          ASL A                  A:0080 X:0E68 Y:C94F S:0119 D:0000 DB:86 nvmxdizC V:261 H:321 F:55
								84917A 85 04       STA $04       [000004] A:0100 X:0E68 Y:C94F S:0119 D:0000 DB:86 nvmxdizc V:261 H:323 F:55
								84917C A5 00       LDA $00       [000000] A:0100 X:0E68 Y:C94F S:0119 D:0000 DB:86 nvmxdizc V:261 H:330 F:55
								84917E 29 FF 00    AND #$00FF             A:14E0 X:0E68 Y:C94F S:0119 D:0000 DB:86 nvmxdizc V:261 H:337 F:55
								849181 4A          LSR A                  A:00E0 X:0E68 Y:C94F S:0119 D:0000 DB:86 nvmxdizc V:  0 H:  1 F:56
								849182 4A          LSR A                  A:0070 X:0E68 Y:C94F S:0119 D:0000 DB:86 nvmxdizc V:  0 H:  4 F:56
								849183 4A          LSR A                  A:0038 X:0E68 Y:C94F S:0119 D:0000 DB:86 nvmxdizc V:  0 H:  7 F:56
								849184 29 FE FF    AND #$FFFE             A:001C X:0E68 Y:C94F S:0119 D:0000 DB:86 nvmxdizc V:  0 H: 10 F:56
								849187 18          CLC                    A:001C X:0E68 Y:C94F S:0119 D:0000 DB:86 nvmxdizc V:  0 H: 15 F:56
								849188 65 04       ADC $04       [000004] A:001C X:0E68 Y:C94F S:0119 D:0000 DB:86 nvmxdizc V:  0 H: 18 F:56
								84918A 85 06       STA $06       [000006] A:011C X:0E68 Y:C94F S:0119 D:0000 DB:86 nvmxdizc V:  0 H: 25 F:56
								84918C A5 00       LDA $00       [000000] A:011C X:0E68 Y:C94F S:0119 D:0000 DB:86 nvmxdizc V:  0 H: 32 F:56
								84918E EB          XBA                    A:14E0 X:0E68 Y:C94F S:0119 D:0000 DB:86 nvmxdizc V:  0 H: 39 F:56
								84918F 29 1F 00    AND #$001F             A:E014 X:0E68 Y:C94F S:0119 D:0000 DB:86 nvmxdizc V:  0 H: 43 F:56
								849192 85 04       STA $04       [000004] A:0014 X:0E68 Y:C94F S:0119 D:0000 DB:86 nvmxdizc V:  0 H: 48 F:56
								849194 A5 02       LDA $02       [000002] A:0014 X:0E68 Y:C94F S:0119 D:0000 DB:86 nvmxdizc V:  0 H: 55 F:56
								849196 29 00 1F    AND #$1F00             A:0A84 X:0E68 Y:C94F S:0119 D:0000 DB:86 nvmxdizc V:  0 H: 62 F:56
								849199 4A          LSR A                  A:0A00 X:0E68 Y:C94F S:0119 D:0000 DB:86 nvmxdizc V:  0 H: 66 F:56
								84919A 4A          LSR A                  A:0500 X:0E68 Y:C94F S:0119 D:0000 DB:86 nvmxdizc V:  0 H: 69 F:56
								84919B 4A          LSR A                  A:0280 X:0E68 Y:C94F S:0119 D:0000 DB:86 nvmxdizc V:  0 H: 72 F:56
								84919C 18          CLC                    A:0140 X:0E68 Y:C94F S:0119 D:0000 DB:86 nvmxdizc V:  0 H: 75 F:56
								84919D 65 04       ADC $04       [000004] A:0140 X:0E68 Y:C94F S:0119 D:0000 DB:86 nvmxdizc V:  0 H: 78 F:56
								84919F A8          TAY                    A:0154 X:0E68 Y:C94F S:0119 D:0000 DB:86 nvmxdizc V:  0 H: 85 F:56
								8491A0 B7 10       LDA [$10],Y   [7EE954] A:0154 X:0E68 Y:0154 S:0119 D:0000 DB:86 nvmxdizc V:  0 H: 88 F:56
								8491A2 29 FF 00    AND #$00FF             A:0038 X:0E68 Y:0154 S:0119 D:0000 DB:86 nvmxdizc V:  0 H:101 F:56
								8491A5 A8          TAY                    A:0038 X:0E68 Y:0154 S:0119 D:0000 DB:86 nvmxdizc V:  0 H:106 F:56
								8491A6 EB          XBA                    A:0038 X:0E68 Y:0038 S:0119 D:0000 DB:86 nvmxdizc V:  0 H:109 F:56
								8491A7 0A          ASL A                  A:3800 X:0E68 Y:0038 S:0119 D:0000 DB:86 nvmxdiZc V:  0 H:113 F:56
								8491A8 18          CLC                    A:7000 X:0E68 Y:0038 S:0119 D:0000 DB:86 nvmxdizc V:  0 H:116 F:56
								8491A9 65 06       ADC $06       [000006] A:7000 X:0E68 Y:0038 S:0119 D:0000 DB:86 nvmxdizc V:  0 H:119 F:56
								8491AB AA          TAX                    A:711C X:0E68 Y:0038 S:0119 D:0000 DB:86 nvmxdizc V:  0 H:126 F:56
								8491AC 60          RTS                    A:711C X:711C Y:0038 S:0119 D:0000 DB:86 nvmxdizc V:  0 H:129 F:56

							8490F9 BF 00 20 7E LDA $7E2000,X [7E911C] A:711C X:711C Y:0038 S:011B D:0000 DB:86 nvmxdizc V:  0 H:149 F:56
							8490FD A8          TAY                    A:01EC X:711C Y:0038 S:011B D:0000 DB:86 nvmxdizc V:  0 H:159 F:56
							8490FE AD 92 0B    LDA $0B92     [860B92] A:01EC X:711C Y:01EC S:011B D:0000 DB:86 nvmxdizc V:  0 H:162 F:56
							849101 85 10       STA $10       [000010] A:DB57 X:711C Y:01EC S:011B D:0000 DB:86 Nvmxdizc V:  0 H:171 F:56
							849103 AD 94 0B    LDA $0B94     [860B94] A:DB57 X:711C Y:01EC S:011B D:0000 DB:86 Nvmxdizc V:  0 H:178 F:56
							849106 85 12       STA $12       [000012] A:B895 X:711C Y:01EC S:011B D:0000 DB:86 Nvmxdizc V:  0 H:186 F:56
							849108 B7 10       LDA [$10],Y   [95DD43] A:B895 X:711C Y:01EC S:011B D:0000 DB:86 Nvmxdizc V:  0 H:193 F:56
							84910A 29 FF 00    AND #$00FF             A:0000 X:711C Y:01EC S:011B D:0000 DB:86 nvmxdiZc V:  0 H:205 F:56
							84910D 28          PLP                    A:0000 X:711C Y:01EC S:011B D:0000 DB:86 nvmxdiZc V:  0 H:210 F:56
							84910E FA          PLX                    A:0000 X:711C Y:01EC S:011C D:0000 DB:86 nvMxdiZc V:  0 H:216 F:56
							84910F 2B          PLD                    A:0000 X:0E68 Y:01EC S:011E D:0000 DB:86 nvMxdizc V:  0 H:225 F:56
							849110 60          RTS                    A:0000 X:0E68 Y:01EC S:0120 D:0000 DB:86 nvMxdiZc V:  0 H:233 F:56

						84947C B4 05       LDY $05,X     [000E6D] A:0000 X:0E68 Y:01EC S:0122 D:0000 DB:86 nvMxdiZc V:  0 H:243 F:56
						84947E 84 10       STY $10       [000010] A:0000 X:0E68 Y:14D0 S:0122 D:0000 DB:86 nvMxdizc V:  0 H:252 F:56
						849480 B4 08       LDY $08,X     [000E70] A:0000 X:0E68 Y:14D0 S:0122 D:0000 DB:86 nvMxdizc V:  0 H:259 F:56
						849482 84 12       STY $12       [000012] A:0000 X:0E68 Y:0A98 S:0122 D:0000 DB:86 nvMxdizc V:  0 H:267 F:56
						849484 95 2E       STA $2E,X     [000E96] A:0000 X:0E68 Y:0A98 S:0122 D:0000 DB:86 nvMxdizc V:  0 H:274 F:56
						849486 86 2C       STX $2C       [00002C] A:0000 X:0E68 Y:0A98 S:0122 D:0000 DB:86 nvMxdizc V:  0 H:281 F:56
						849488 29 3F       AND #$3F               A:0000 X:0E68 Y:0A98 S:0122 D:0000 DB:86 nvMxdizc V:  0 H:288 F:56
						84948A 0A          ASL A                  A:0000 X:0E68 Y:0A98 S:0122 D:0000 DB:86 nvMxdiZc V:  0 H:291 F:56
						84948B EB          XBA                    A:0000 X:0E68 Y:0A98 S:0122 D:0000 DB:86 nvMxdiZc V:  0 H:294 F:56
						84948C A9 00       LDA #$00               A:0000 X:0E68 Y:0A98 S:0122 D:0000 DB:86 nvMxdiZc V:  0 H:298 F:56
						84948E EB          XBA                    A:0000 X:0E68 Y:0A98 S:0122 D:0000 DB:86 nvMxdiZc V:  0 H:301 F:56
						84948F AA          TAX                    A:0000 X:0E68 Y:0A98 S:0122 D:0000 DB:86 nvMxdiZc V:  0 H:306 F:56
						849490 FC A9 94    JSR ($94A9,X) [8494A9] A:0000 X:0000 Y:0A98 S:0122 D:0000 DB:86 nvMxdiZc V:  0 H:309 F:56

							849529 AD 1C 1F    LDA $1F1C     [861F1C] A:0000 X:0000 Y:0A98 S:0120 D:0000 DB:86 nvMxdiZc V:  0 H:322 F:56
							84952C F0 11       BEQ $0011     [84953F] A:0000 X:0000 Y:0A98 S:0120 D:0000 DB:86 nvMxdiZc V:  0 H:327 F:56
							84953F A9 00       LDA #$00               A:0000 X:0000 Y:0A98 S:0120 D:0000 DB:86 nvMxdiZc V:  0 H:332 F:56
							849541 60          RTS                    A:0000 X:0000 Y:0A98 S:0120 D:0000 DB:86 nvMxdiZc V:  0 H:335 F:56

						849493 F0 0E       BEQ $000E     [8494A3] A:0000 X:0000 Y:0A98 S:0122 D:0000 DB:86 nvMxdiZc V:  1 H:  5 F:56
						8494A3 A6 2C       LDX $2C       [00002C] A:0000 X:0000 Y:0A98 S:0122 D:0000 DB:86 nvMxdiZc V:  1 H:  9 F:56
						8494A5 20 08 93    JSR $9308     [849308] A:0000 X:0E68 Y:0A98 S:0122 D:0000 DB:86 nvMxdizc V:  1 H: 16 F:56

							849308 A5 14       LDA $14       [000014] A:0000 X:0E68 Y:0A98 S:0120 D:0000 DB:86 nvMxdizc V:  1 H: 26 F:56
							84930A F0 08       BEQ $0008     [849314] A:0000 X:0E68 Y:0A98 S:0120 D:0000 DB:86 nvMxdiZc V:  1 H: 31 F:56
							849314 60          RTS                    A:0000 X:0E68 Y:0A98 S:0120 D:0000 DB:86 nvMxdiZc V:  1 H: 36 F:56

						8494A8 60          RTS                    A:0000 X:0E68 Y:0A98 S:0122 D:0000 DB:86 nvMxdiZc V:  1 H: 46 F:56

					84923F C2 30       REP #$30               A:0000 X:0E68 Y:0A98 S:0124 D:0000 DB:86 nvMxdiZc V:  1 H: 56 F:56
					849241 60          RTS                    A:0000 X:0E68 Y:0A98 S:0124 D:0000 DB:86 nvmxdiZc V:  1 H: 60 F:56

				8491DB 2B          PLD                    A:0000 X:0E68 Y:0A98 S:0126 D:0000 DB:86 nvmxdiZc V:  1 H: 70 F:56
				8491DC 28          PLP                    A:0000 X:0E68 Y:0A98 S:0128 D:0E68 DB:86 nvmxdizc V:  1 H: 79 F:56
				8491DD 6B          RTL                    A:0000 X:0068 Y:0098 S:0129 D:0E68 DB:86 nvMXdizc V:  1 H: 85 F:56

			83B426 A5 0F       LDA $0F       [000E77] A:0000 X:0068 Y:0098 S:012C D:0E68 DB:86 nvMXdizc V:  1 H: 96 F:56
			83B428 10 16       BPL $0016     [83B440] A:0000 X:0068 Y:0098 S:012C D:0E68 DB:86 nvMXdiZc V:  1 H:102 F:56	Branch because SkelAction is positive
			83B440 60          RTS                    A:0000 X:0068 Y:0098 S:012C D:0E68 DB:86 nvMXdiZc V:  1 H:107 F:56

		83B2ED A5 27       LDA $27       [000E8F] A:0000 X:0068 Y:0098 S:012E D:0E68 DB:86 nvMXdiZc V:  1 H:117 F:56
