80D4F6 20 30 D5    JSR $D530     [80D530] A:0E01 X:0000 Y:0046 S:0133 D:0E68 DB:86 nvMXdizC V:247 H:165 F:36

	80D530 C2 20       REP #$20               A:0E01 X:0000 Y:0046 S:0131 D:0E68 DB:86 nvMXdizC V:247 H:175 F:36
	80D532 A5 05       LDA $05       [000E6D] A:0E01 X:0000 Y:0046 S:0131 D:0E68 DB:86 nvmXdizC V:247 H:179 F:36
	80D534 85 22       STA $22       [000E8A] A:14D0 X:0000 Y:0046 S:0131 D:0E68 DB:86 nvmXdizC V:247 H:188 F:36
	80D536 A5 08       LDA $08       [000E70] A:14D0 X:0000 Y:0046 S:0131 D:0E68 DB:86 nvmXdizC V:247 H:196 F:36
	80D538 85 24       STA $24       [000E8C] A:0A9D X:0000 Y:0046 S:0131 D:0E68 DB:86 nvmXdizC V:247 H:205 F:36
	80D53A E2 20       SEP #$20               A:0A9D X:0000 Y:0046 S:0131 D:0E68 DB:86 nvmXdizC V:247 H:213 F:36
	80D53C A9 80       LDA #$80               A:0A9D X:0000 Y:0046 S:0131 D:0E68 DB:86 nvMXdizC V:247 H:218 F:36
	80D53E 14 0E       TRB $0E       [000E76] A:0A80 X:0000 Y:0046 S:0131 D:0E68 DB:86 NvMXdizC V:247 H:221 F:36
	80D540 A5 0A       LDA $0A       [000E72] A:0A80 X:0000 Y:0046 S:0131 D:0E68 DB:86 NvMXdizC V:247 H:231 F:36
	80D542 0A          ASL A                  A:0A14 X:0000 Y:0046 S:0131 D:0E68 DB:86 nvMXdizC V:247 H:237 F:36
	80D543 AA          TAX                    A:0A28 X:0000 Y:0046 S:0131 D:0E68 DB:86 nvMXdizc V:247 H:240 F:36
	80D544 7C DD F8    JMP ($F8DD,X) [80F905] A:0A28 X:0028 Y:0046 S:0131 D:0E68 DB:86 nvMXdizc V:247 H:243 F:36

	80FA15 22 44 B1 83 JSL $83B144   [83B144] A:0A28 X:0028 Y:0046 S:0131 D:0E68 DB:86 nvMXdizc V:247 H:252 F:36

		83B144 A6 01       LDX $01       [000E69] A:0A28 X:0028 Y:0046 S:012E D:0E68 DB:86 nvMXdizc V:247 H:266 F:36
		83B146 7C 49 B1    JMP ($B149,X) [83B14D] A:0A28 X:0004 Y:0046 S:012E D:0E68 DB:86 nvMXdizc V:247 H:272 F:36

		83B2E8 A6 02       LDX $02       [000E6A] A:0A28 X:0004 Y:0046 S:012E D:0E68 DB:86 nvMXdizc V:247 H:281 F:36
		83B2EA FC DA B3    JSR ($B3DA,X) [83B3DA] A:0A28 X:0000 Y:0046 S:012E D:0E68 DB:86 nvMXdiZc V:247 H:288 F:36

			83B3E4 A6 03       LDX $03       [000E6B] A:0A28 X:0000 Y:0046 S:012C D:0E68 DB:86 nvMXdiZc V:247 H:301 F:36
			83B3E6 7C E9 B3    JMP ($B3E9,X) [83B3EB] A:0A28 X:0002 Y:0046 S:012C D:0E68 DB:86 nvMXdizc V:247 H:307 F:36

			83B416 22 A5 AC 84 JSL $84ACA5   [84ACA5] A:0A28 X:0002 Y:0046 S:012C D:0E68 DB:86 nvMXdizc V:247 H:316 F:36			JSL $84ACA5 --> Update Facing (40 bit)

				84ACA5 08          PHP                    A:0A28 X:0002 Y:0046 S:0129 D:0E68 DB:86 nvMXdizc V:247 H:329 F:36
				84ACA6 E2 20       SEP #$20               A:0A28 X:0002 Y:0046 S:0128 D:0E68 DB:86 nvMXdizc V:247 H:334 F:36
				84ACA8 A9 40       LDA #$40               A:0A28 X:0002 Y:0046 S:0128 D:0E68 DB:86 nvMXdizc V:247 H:338 F:36
				84ACAA 14 11       TRB $11       [000E79] A:0A40 X:0002 Y:0046 S:0128 D:0E68 DB:86 nvMXdizc V:248 H:  1 F:36
				84ACAC C2 20       REP #$20               A:0A40 X:0002 Y:0046 S:0128 D:0E68 DB:86 nvMXdiZc V:248 H: 11 F:36
				84ACAE AD AD 0B    LDA $0BAD     [860BAD] A:0A40 X:0002 Y:0046 S:0128 D:0E68 DB:86 nvmXdiZc V:248 H: 16 F:36
				84ACB1 38          SEC                    A:141A X:0002 Y:0046 S:0128 D:0E68 DB:86 nvmXdizc V:248 H: 24 F:36
				84ACB2 E5 05       SBC $05       [000E6D] A:141A X:0002 Y:0046 S:0128 D:0E68 DB:86 nvmXdizC V:248 H: 27 F:36
				84ACB4 E2 20       SEP #$20               A:FF4A X:0002 Y:0046 S:0128 D:0E68 DB:86 NvmXdizc V:248 H: 36 F:36
				84ACB6 A9 00       LDA #$00               A:FF4A X:0002 Y:0046 S:0128 D:0E68 DB:86 NvMXdizc V:248 H: 40 F:36
				84ACB8 6A          ROR A                  A:FF00 X:0002 Y:0046 S:0128 D:0E68 DB:86 nvMXdiZc V:248 H: 43 F:36
				84ACB9 4A          LSR A                  A:FF00 X:0002 Y:0046 S:0128 D:0E68 DB:86 nvMXdiZc V:248 H: 46 F:36
				84ACBA 04 11       TSB $11       [000E79] A:FF00 X:0002 Y:0046 S:0128 D:0E68 DB:86 nvMXdiZc V:248 H: 49 F:36
				84ACBC 28          PLP                    A:FF00 X:0002 Y:0046 S:0128 D:0E68 DB:86 nvMXdiZc V:248 H: 59 F:36
				84ACBD 6B          RTL                    A:FF00 X:0002 Y:0046 S:0129 D:0E68 DB:86 nvMXdizc V:248 H: 66 F:36

			83B41A 22 E8 81 82 JSL $8281E8   [8281E8] A:FF00 X:0002 Y:0046 S:012C D:0E68 DB:86 nvMXdizc V:248 H: 76 F:36			JSL $8281E8 --> Update X-Pos, Y-Pos, Y-Vel

				8281E8 08          PHP                    A:FF00 X:0002 Y:0046 S:0129 D:0E68 DB:86 nvMXdizc V:248 H: 90 F:36
				8281E9 C2 20       REP #$20               A:FF00 X:0002 Y:0046 S:0128 D:0E68 DB:86 nvMXdizc V:248 H: 95 F:36
				8281EB 38          SEC                    A:FF00 X:0002 Y:0046 S:0128 D:0E68 DB:86 nvmXdizc V:248 H: 99 F:36
				8281EC A5 1E       LDA $1E       [000E86] A:FF00 X:0002 Y:0046 S:0128 D:0E68 DB:86 nvmXdizC V:248 H:102 F:36
				8281EE 29 FF 00    AND #$00FF             A:0040 X:0002 Y:0046 S:0128 D:0E68 DB:86 nvmXdizC V:248 H:111 F:36
				8281F1 E5 1C       SBC $1C       [000E84] A:0040 X:0002 Y:0046 S:0128 D:0E68 DB:86 nvmXdizC V:248 H:115 F:36
				8281F3 49 FF FF    EOR #$FFFF             A:057A X:0002 Y:0046 S:0128 D:0E68 DB:86 nvmXdizc V:248 H:124 F:36
				8281F6 1A          INC                    A:FA85 X:0002 Y:0046 S:0128 D:0E68 DB:86 NvmXdizc V:248 H:128 F:36
				8281F7 85 1C       STA $1C       [000E84] A:FA86 X:0002 Y:0046 S:0128 D:0E68 DB:86 NvmXdizc V:248 H:131 F:36
				8281F9 80 10       BRA $0010     [82820B] A:FA86 X:0002 Y:0046 S:0128 D:0E68 DB:86 NvmXdizc V:248 H:150 F:36
				82820B C2 21       REP #$21               A:FA86 X:0002 Y:0046 S:0128 D:0E68 DB:86 NvmXdizc V:248 H:154 F:36
				82820D A5 04       LDA $04       [000E6C] A:FA86 X:0002 Y:0046 S:0128 D:0E68 DB:86 NvmXdizc V:248 H:159 F:36
				82820F 65 1A       ADC $1A       [000E82] A:D000 X:0002 Y:0046 S:0128 D:0E68 DB:86 NvmXdizc V:248 H:167 F:36
				828211 85 04       STA $04       [000E6C] A:D000 X:0002 Y:0046 S:0128 D:0E68 DB:86 NvmXdizc V:248 H:176 F:36
				828213 E2 20       SEP #$20               A:D000 X:0002 Y:0046 S:0128 D:0E68 DB:86 NvmXdizc V:248 H:184 F:36
				828215 A9 00       LDA #$00               A:D000 X:0002 Y:0046 S:0128 D:0E68 DB:86 NvMXdizc V:248 H:189 F:36
				828217 24 1B       BIT $1B       [000E83] A:D000 X:0002 Y:0046 S:0128 D:0E68 DB:86 nvMXdiZc V:248 H:192 F:36
				828219 10 01       BPL $0001     [82821C] A:D000 X:0002 Y:0046 S:0128 D:0E68 DB:86 nvMXdiZc V:248 H:198 F:36
				82821C 65 06       ADC $06       [000E6E] A:D000 X:0002 Y:0046 S:0128 D:0E68 DB:86 nvMXdiZc V:248 H:203 F:36
				82821E 85 06       STA $06       [000E6E] A:D014 X:0002 Y:0046 S:0128 D:0E68 DB:86 nvMXdizc V:248 H:209 F:36
				828220 C2 20       REP #$20               A:D014 X:0002 Y:0046 S:0128 D:0E68 DB:86 nvMXdizc V:248 H:216 F:36
				828222 38          SEC                    A:D014 X:0002 Y:0046 S:0128 D:0E68 DB:86 nvmXdizc V:248 H:220 F:36
				828223 A5 07       LDA $07       [000E6F] A:D014 X:0002 Y:0046 S:0128 D:0E68 DB:86 nvmXdizC V:248 H:223 F:36
				828225 E5 1C       SBC $1C       [000E84] A:9DCA X:0002 Y:0046 S:0128 D:0E68 DB:86 NvmXdizC V:248 H:232 F:36
				828227 85 07       STA $07       [000E6F] A:A344 X:0002 Y:0046 S:0128 D:0E68 DB:86 NvmXdizc V:248 H:240 F:36
				828229 E2 20       SEP #$20               A:A344 X:0002 Y:0046 S:0128 D:0E68 DB:86 NvmXdizc V:248 H:249 F:36
				82822B 9C 00 00    STZ $0000     [860000] A:A344 X:0002 Y:0046 S:0128 D:0E68 DB:86 NvMXdizc V:248 H:253 F:36
				82822E 24 1D       BIT $1D       [000E85] A:A344 X:0002 Y:0046 S:0128 D:0E68 DB:86 NvMXdizc V:248 H:260 F:36
				828230 10 03       BPL $0003     [828235] A:A344 X:0002 Y:0046 S:0128 D:0E68 DB:86 NVMXdizc V:248 H:266 F:36
				828232 CE 00 00    DEC $0000     [860000] A:A344 X:0002 Y:0046 S:0128 D:0E68 DB:86 NVMXdizc V:248 H:269 F:36
				828235 A5 09       LDA $09       [000E71] A:A344 X:0002 Y:0046 S:0128 D:0E68 DB:86 NVMXdizc V:248 H:279 F:36
				828237 ED 00 00    SBC $0000     [860000] A:A30A X:0002 Y:0046 S:0128 D:0E68 DB:86 nVMXdizc V:248 H:286 F:36
				82823A 85 09       STA $09       [000E71] A:A30A X:0002 Y:0046 S:0128 D:0E68 DB:86 nvMXdizc V:248 H:292 F:36
				82823C 28          PLP                    A:A30A X:0002 Y:0046 S:0128 D:0E68 DB:86 nvMXdizc V:248 H:299 F:36
				82823D 6B          RTL                    A:A30A X:0002 Y:0046 S:0129 D:0E68 DB:86 nvMXdizc V:248 H:305 F:36

			83B41E 22 EA 8E 84 JSL $848EEA   [848EEA] A:A30A X:0002 Y:0046 S:012C D:0E68 DB:86 nvMXdizc V:248 H:316 F:36			JSL $848EEA --> Decrease CDSkel, Continue Skeleton

				848EEA 08          PHP                    A:A30A X:0002 Y:0046 S:0129 D:0E68 DB:86 nvMXdizc V:248 H:328 F:36
				848EEB 8B          PHB                    A:A30A X:0002 Y:0046 S:0128 D:0E68 DB:86 nvMXdizc V:248 H:333 F:36
				848EEC E2 30       SEP #$30               A:A30A X:0002 Y:0046 S:0127 D:0E68 DB:86 nvMXdizc V:248 H:338 F:36
				848EEE C6 13       DEC $13       [000E7B] A:A30A X:0002 Y:0046 S:0127 D:0E68 DB:86 nvMXdizc V:249 H:  3 F:36
				848EF0 D0 5D       BNE $005D     [848F4F] A:A30A X:0002 Y:0046 S:0127 D:0E68 DB:86 nvMXdiZc V:249 H: 13 F:36
				848EF2 A9 AF       LDA #$AF               A:A30A X:0002 Y:0046 S:0127 D:0E68 DB:86 nvMXdiZc V:249 H: 16 F:36
				848EF4 48          PHA                    A:A3AF X:0002 Y:0046 S:0127 D:0E68 DB:86 NvMXdizc V:249 H: 19 F:36
				848EF5 AB          PLB                    A:A3AF X:0002 Y:0046 S:0126 D:0E68 DB:86 NvMXdizc V:249 H: 24 F:36
				848EF6 C2 21       REP #$21               A:A3AF X:0002 Y:0046 S:0127 D:0E68 DB:AF NvMXdizc V:249 H: 30 F:36
				848EF8 A5 14       LDA $14       [000E7C] A:A3AF X:0002 Y:0046 S:0127 D:0E68 DB:AF NvmXdizc V:249 H: 35 F:36
				848EFA 69 03 00    ADC #$0003             A:CD5B X:0002 Y:0046 S:0127 D:0E68 DB:AF NvmXdizc V:249 H: 43 F:36
				848EFD A4 0F       LDY $0F       [000E77] A:CD5E X:0002 Y:0046 S:0127 D:0E68 DB:AF NvmXdizc V:249 H: 48 F:36
				848EFF 10 37       BPL $0037     [848F38] A:CD5E X:0002 Y:0000 S:0127 D:0E68 DB:AF nvmXdiZc V:249 H: 54 F:36
				848F38 85 14       STA $14       [000E7C] A:CD5E X:0002 Y:0000 S:0127 D:0E68 DB:AF nvmXdiZc V:249 H: 59 F:36
				848F3A E2 30       SEP #$30               A:CD5E X:0002 Y:0000 S:0127 D:0E68 DB:AF nvmXdiZc V:249 H: 67 F:36
				848F3C B2 14       LDA ($14)     [AFCD5E] A:CD5E X:0002 Y:0000 S:0127 D:0E68 DB:AF nvMXdiZc V:249 H: 72 F:36
				848F3E 85 13       STA $13       [000E7B] A:CD10 X:0002 Y:0000 S:0127 D:0E68 DB:AF nvMXdizc V:249 H: 82 F:36
				848F40 A0 01       LDY #$01               A:CD10 X:0002 Y:0000 S:0127 D:0E68 DB:AF nvMXdizc V:249 H: 88 F:36
				848F42 B1 14       LDA ($14),Y   [AFCD5F] A:CD10 X:0002 Y:0001 S:0127 D:0E68 DB:AF nvMXdizc V:249 H: 91 F:36
				848F44 85 0F       STA $0F       [000E77] A:CD80 X:0002 Y:0001 S:0127 D:0E68 DB:AF NvMXdizc V:249 H:101 F:36
				848F46 C8          INY                    A:CD80 X:0002 Y:0001 S:0127 D:0E68 DB:AF NvMXdizc V:249 H:108 F:36
				848F47 B1 14       LDA ($14),Y   [AFCD60] A:CD80 X:0002 Y:0002 S:0127 D:0E68 DB:AF nvMXdizc V:249 H:111 F:36
				848F49 85 17       STA $17       [000E7F] A:CD12 X:0002 Y:0002 S:0127 D:0E68 DB:AF nvMXdizc V:249 H:121 F:36
				848F4B A9 80       LDA #$80               A:CD12 X:0002 Y:0002 S:0127 D:0E68 DB:AF nvMXdizc V:249 H:127 F:36
				848F4D 04 17       TSB $17       [000E7F] A:CD80 X:0002 Y:0002 S:0127 D:0E68 DB:AF NvMXdizc V:249 H:130 F:36
				848F4F AB          PLB                    A:CD80 X:0002 Y:0002 S:0127 D:0E68 DB:AF NvMXdiZc V:249 H:150 F:36
				848F50 28          PLP                    A:CD80 X:0002 Y:0002 S:0128 D:0E68 DB:86 NvMXdizc V:249 H:157 F:36
				848F51 6B          RTL                    A:CD80 X:0002 Y:0002 S:0129 D:0E68 DB:86 nvMXdizc V:249 H:163 F:36

			83B422 22 BE 91 84 JSL $8491BE   [8491BE] A:CD80 X:0002 Y:0002 S:012C D:0E68 DB:86 nvMXdizc V:249 H:174 F:36			JSL $8491BE --> Check for colissions and adjust position

				8491BE 08          PHP                    A:CD80 X:0002 Y:0002 S:0129 D:0E68 DB:86 nvMXdizc V:249 H:187 F:36
				8491BF 0B          PHD                    A:CD80 X:0002 Y:0002 S:0128 D:0E68 DB:86 nvMXdizc V:249 H:192 F:36
				8491C0 C2 30       REP #$30               A:CD80 X:0002 Y:0002 S:0126 D:0E68 DB:86 nvMXdizc V:249 H:199 F:36
				8491C2 A5 20       LDA $20       [000E88] A:CD80 X:0002 Y:0002 S:0126 D:0E68 DB:86 nvmxdizc V:249 H:204 F:36
				8491C4 F0 15       BEQ $0015     [8491DB] A:C94F X:0002 Y:0002 S:0126 D:0E68 DB:86 Nvmxdizc V:249 H:212 F:36
				8491C6 7B          TDC                    A:C94F X:0002 Y:0002 S:0126 D:0E68 DB:86 Nvmxdizc V:249 H:215 F:36
				8491C7 AA          TAX                    A:0E68 X:0002 Y:0002 S:0126 D:0E68 DB:86 nvmxdizc V:249 H:218 F:36
				8491C8 A9 00 00    LDA #$0000             A:0E68 X:0E68 Y:0002 S:0126 D:0E68 DB:86 nvmxdizc V:249 H:221 F:36
				8491CB 5B          TCD                    A:0000 X:0E68 Y:0002 S:0126 D:0E68 DB:86 nvmxdiZc V:249 H:226 F:36
				8491CC 64 14       STZ $14       [000014] A:0000 X:0E68 Y:0002 S:0126 D:0000 DB:86 nvmxdiZc V:249 H:229 F:36
				8491CE B5 2B       LDA $2B,X     [000E93] A:0000 X:0E68 Y:0002 S:0126 D:0000 DB:86 nvmxdiZc V:249 H:236 F:36
				8491D0 29 00 FF    AND #$FF00             A:0004 X:0E68 Y:0002 S:0126 D:0000 DB:86 nvmxdizc V:249 H:244 F:36
				8491D3 95 2B       STA $2B,X     [000E93] A:0000 X:0E68 Y:0002 S:0126 D:0000 DB:86 nvmxdiZc V:249 H:249 F:36
				8491D5 20 AC 92    JSR $92AC     [8492AC] A:0000 X:0E68 Y:0002 S:0126 D:0000 DB:86 nvmxdiZc V:249 H:257 F:36

					8492AC C2 30       REP #$30               A:0000 X:0E68 Y:0002 S:0124 D:0000 DB:86 nvmxdiZc V:249 H:267 F:36
					8492AE B5 05       LDA $05,X     [000E6D] A:0000 X:0E68 Y:0002 S:0124 D:0000 DB:86 nvmxdiZc V:249 H:272 F:36
					8492B0 38          SEC                    A:14D0 X:0E68 Y:0002 S:0124 D:0000 DB:86 nvmxdizc V:249 H:280 F:36
					8492B1 F5 22       SBC $22,X     [000E8A] A:14D0 X:0E68 Y:0002 S:0124 D:0000 DB:86 nvmxdizC V:249 H:283 F:36
					8492B3 85 00       STA $00       [000000] A:0000 X:0E68 Y:0002 S:0124 D:0000 DB:86 nvmxdiZC V:249 H:292 F:36
					8492B5 E2 20       SEP #$20               A:0000 X:0E68 Y:0002 S:0124 D:0000 DB:86 nvmxdiZC V:249 H:299 F:36
					8492B7 F0 4C       BEQ $004C     [849305] A:0000 X:0E68 Y:0002 S:0124 D:0000 DB:86 nvMxdiZC V:249 H:303 F:36
					849305 C2 30       REP #$30               A:0000 X:0E68 Y:0002 S:0124 D:0000 DB:86 nvMxdiZC V:249 H:308 F:36
					849307 60          RTS                    A:0000 X:0E68 Y:0002 S:0124 D:0000 DB:86 nvmxdiZC V:249 H:312 F:36

				8491D8 20 ED 91    JSR $91ED     [8491ED] A:0000 X:0E68 Y:0002 S:0126 D:0000 DB:86 nvmxdiZC V:249 H:322 F:36

					8491ED B5 08       LDA $08,X     [000E70] A:0000 X:0E68 Y:0002 S:0124 D:0000 DB:86 nvmxdiZC V:249 H:331 F:36
					8491EF D5 24       CMP $24,X     [000E8C] A:0AA3 X:0E68 Y:0002 S:0124 D:0000 DB:86 nvmxdizC V:250 H:  0 F:36
					8491F1 F0 F2       BEQ $00F2     [8491E5] A:0AA3 X:0E68 Y:0002 S:0124 D:0000 DB:86 nvmxdizC V:250 H:  8 F:36
					8491F3 10 4D       BPL $004D     [849242] A:0AA3 X:0E68 Y:0002 S:0124 D:0000 DB:86 nvmxdizC V:250 H: 11 F:36
					849242 E2 20       SEP #$20               A:0AA3 X:0E68 Y:0002 S:0124 D:0000 DB:86 nvmxdizC V:250 H: 16 F:36
					849244 A0 04 00    LDY #$0004             A:0AA3 X:0E68 Y:0002 S:0124 D:0000 DB:86 nvMxdizC V:250 H: 20 F:36
					849247 AD 1C 1F    LDA $1F1C     [861F1C] A:0AA3 X:0E68 Y:0004 S:0124 D:0000 DB:86 nvMxdizC V:250 H: 25 F:36
					84924A F0 03       BEQ $0003     [84924F] A:0A00 X:0E68 Y:0004 S:0124 D:0000 DB:86 nvMxdiZC V:250 H: 31 F:36
					84924F B5 2F       LDA $2F,X     [000E97] A:0A00 X:0E68 Y:0004 S:0124 D:0000 DB:86 nvMxdiZC V:250 H: 36 F:36
					849251 F0 03       BEQ $0003     [849256] A:0A00 X:0E68 Y:0004 S:0124 D:0000 DB:86 nvMxdiZC V:250 H: 42 F:36
					849256 98          TYA                    A:0A00 X:0E68 Y:0004 S:0124 D:0000 DB:86 nvMxdiZC V:250 H: 47 F:36
					849257 09 80       ORA #$80               A:0A04 X:0E68 Y:0004 S:0124 D:0000 DB:86 nvMxdizC V:250 H: 50 F:36
					849259 85 08       STA $08       [000008] A:0A84 X:0E68 Y:0004 S:0124 D:0000 DB:86 NvMxdizC V:250 H: 53 F:36
					84925B B4 20       LDY $20,X     [000E88] A:0A84 X:0E68 Y:0004 S:0124 D:0000 DB:86 NvMxdizC V:250 H: 58 F:36
					84925D B9 06 00    LDA $0006,Y   [86C955] A:0A84 X:0E68 Y:C94F S:0124 D:0000 DB:86 NvMxdizC V:250 H: 66 F:36
					849260 18          CLC                    A:0AFF X:0E68 Y:C94F S:0124 D:0000 DB:86 NvMxdizC V:250 H: 74 F:36
					849261 79 08 00    ADC $0008,Y   [86C957] A:0AFF X:0E68 Y:C94F S:0124 D:0000 DB:86 NvMxdizc V:250 H: 77 F:36
					849264 95 2A       STA $2A,X     [000E92] A:0A12 X:0E68 Y:C94F S:0124 D:0000 DB:86 nvMxdizC V:250 H: 84 F:36
					849266 B9 05 00    LDA $0005,Y   [86C954] A:0A12 X:0E68 Y:C94F S:0124 D:0000 DB:86 nvMxdizC V:250 H: 91 F:36
					849269 34 11       BIT $11,X     [000E79] A:0A00 X:0E68 Y:C94F S:0124 D:0000 DB:86 nvMxdiZC V:250 H: 98 F:36
					84926B 50 03       BVC $0003     [849270] A:0A00 X:0E68 Y:C94F S:0124 D:0000 DB:86 nvMxdiZC V:250 H:105 F:36
					849270 95 29       STA $29,X     [000E91] A:0A00 X:0E68 Y:C94F S:0124 D:0000 DB:86 nvMxdiZC V:250 H:109 F:36
					849272 20 C4 95    JSR $95C4     [8495C4] A:0A00 X:0E68 Y:C94F S:0124 D:0000 DB:86 nvMxdiZC V:250 H:116 F:36

						8495C4 B5 2A       LDA $2A,X     [000E92] A:0A00 X:0E68 Y:C94F S:0122 D:0000 DB:86 nvMxdiZC V:250 H:126 F:36
						8495C6 48          PHA                    A:0A12 X:0E68 Y:C94F S:0122 D:0000 DB:86 nvMxdizC V:250 H:132 F:36
						8495C7 A5 08       LDA $08       [000008] A:0A12 X:0E68 Y:C94F S:0121 D:0000 DB:86 nvMxdizC V:250 H:147 F:36
						8495C9 29 7F       AND #$7F               A:0A84 X:0E68 Y:C94F S:0121 D:0000 DB:86 NvMxdizC V:250 H:152 F:36
						8495CB 18          CLC                    A:0A04 X:0E68 Y:C94F S:0121 D:0000 DB:86 nvMxdizC V:250 H:155 F:36
						8495CC 75 2A       ADC $2A,X     [000E92] A:0A04 X:0E68 Y:C94F S:0121 D:0000 DB:86 nvMxdizc V:250 H:158 F:36
						8495CE 95 2A       STA $2A,X     [000E92] A:0A16 X:0E68 Y:C94F S:0121 D:0000 DB:86 nvMxdizc V:250 H:165 F:36
						8495D0 20 B3 90    JSR $90B3     [8490B3] A:0A16 X:0E68 Y:C94F S:0121 D:0000 DB:86 nvMxdizc V:250 H:171 F:36

							8490B3 0B          PHD                    A:0A16 X:0E68 Y:C94F S:011F D:0000 DB:86 nvMxdizc V:250 H:181 F:36
							8490B4 DA          PHX                    A:0A16 X:0E68 Y:C94F S:011D D:0000 DB:86 nvMxdizc V:250 H:188 F:36
							8490B5 08          PHP                    A:0A16 X:0E68 Y:C94F S:011B D:0000 DB:86 nvMxdizc V:250 H:195 F:36
							8490B6 E2 20       SEP #$20               A:0A16 X:0E68 Y:C94F S:011A D:0000 DB:86 nvMxdizc V:250 H:200 F:36
							8490B8 C2 10       REP #$10               A:0A16 X:0E68 Y:C94F S:011A D:0000 DB:86 nvMxdizc V:250 H:205 F:36
							8490BA 64 01       STZ $01       [000001] A:0A16 X:0E68 Y:C94F S:011A D:0000 DB:86 nvMxdizc V:250 H:209 F:36
							8490BC B5 29       LDA $29,X     [000E91] A:0A16 X:0E68 Y:C94F S:011A D:0000 DB:86 nvMxdizc V:250 H:214 F:36
							8490BE 10 02       BPL $0002     [8490C2] A:0A00 X:0E68 Y:C94F S:011A D:0000 DB:86 nvMxdiZc V:250 H:221 F:36
							8490C2 18          CLC                    A:0A00 X:0E68 Y:C94F S:011A D:0000 DB:86 nvMxdiZc V:250 H:225 F:36
							8490C3 75 05       ADC $05,X     [000E6D] A:0A00 X:0E68 Y:C94F S:011A D:0000 DB:86 nvMxdiZc V:250 H:228 F:36
							8490C5 85 00       STA $00       [000000] A:0AD0 X:0E68 Y:C94F S:011A D:0000 DB:86 NvMxdizc V:250 H:235 F:36
							8490C7 B5 06       LDA $06,X     [000E6E] A:0AD0 X:0E68 Y:C94F S:011A D:0000 DB:86 NvMxdizc V:250 H:240 F:36
							8490C9 65 01       ADC $01       [000001] A:0A14 X:0E68 Y:C94F S:011A D:0000 DB:86 nvMxdizc V:250 H:246 F:36
							8490CB 85 01       STA $01       [000001] A:0A14 X:0E68 Y:C94F S:011A D:0000 DB:86 nvMxdizc V:250 H:251 F:36
							8490CD 64 03       STZ $03       [000003] A:0A14 X:0E68 Y:C94F S:011A D:0000 DB:86 nvMxdizc V:250 H:256 F:36
							8490CF B5 2A       LDA $2A,X     [000E92] A:0A14 X:0E68 Y:C94F S:011A D:0000 DB:86 nvMxdizc V:250 H:261 F:36
							8490D1 10 02       BPL $0002     [8490D5] A:0A16 X:0E68 Y:C94F S:011A D:0000 DB:86 nvMxdizc V:250 H:268 F:36
							8490D5 18          CLC                    A:0A16 X:0E68 Y:C94F S:011A D:0000 DB:86 nvMxdizc V:250 H:272 F:36
							8490D6 75 08       ADC $08,X     [000E70] A:0A16 X:0E68 Y:C94F S:011A D:0000 DB:86 nvMxdizc V:250 H:275 F:36
							8490D8 85 02       STA $02       [000002] A:0AB9 X:0E68 Y:C94F S:011A D:0000 DB:86 NvMxdizc V:250 H:282 F:36
							8490DA 29 F0       AND #$F0               A:0AB9 X:0E68 Y:C94F S:011A D:0000 DB:86 NvMxdizc V:250 H:287 F:36
							8490DC 85 0A       STA $0A       [00000A] A:0AB0 X:0E68 Y:C94F S:011A D:0000 DB:86 NvMxdizc V:250 H:290 F:36
							8490DE B5 09       LDA $09,X     [000E71] A:0AB0 X:0E68 Y:C94F S:011A D:0000 DB:86 NvMxdizc V:250 H:295 F:36
							8490E0 65 03       ADC $03       [000003] A:0A0A X:0E68 Y:C94F S:011A D:0000 DB:86 nvMxdizc V:250 H:301 F:36
							8490E2 85 03       STA $03       [000003] A:0A0A X:0E68 Y:C94F S:011A D:0000 DB:86 nvMxdizc V:250 H:306 F:36
							8490E4 85 0B       STA $0B       [00000B] A:0A0A X:0E68 Y:C94F S:011A D:0000 DB:86 nvMxdizc V:250 H:311 F:36
							8490E6 A5 00       LDA $00       [000000] A:0A0A X:0E68 Y:C94F S:011A D:0000 DB:86 nvMxdizc V:250 H:316 F:36
							8490E8 29 0F       AND #$0F               A:0AD0 X:0E68 Y:C94F S:011A D:0000 DB:86 NvMxdizc V:250 H:321 F:36
							8490EA 1A          INC                    A:0A00 X:0E68 Y:C94F S:011A D:0000 DB:86 nvMxdiZc V:250 H:324 F:36
							8490EB 85 0C       STA $0C       [00000C] A:0A01 X:0E68 Y:C94F S:011A D:0000 DB:86 nvMxdizc V:250 H:327 F:36
							8490ED A5 02       LDA $02       [000002] A:0A01 X:0E68 Y:C94F S:011A D:0000 DB:86 nvMxdizc V:250 H:331 F:36
							8490EF 29 0F       AND #$0F               A:0AB9 X:0E68 Y:C94F S:011A D:0000 DB:86 NvMxdizc V:250 H:336 F:36
							8490F1 1A          INC                    A:0A09 X:0E68 Y:C94F S:011A D:0000 DB:86 nvMxdizc V:250 H:339 F:36
							8490F2 85 0E       STA $0E       [00000E] A:0A0A X:0E68 Y:C94F S:011A D:0000 DB:86 nvMxdizc V:251 H:  2 F:36
							8490F4 C2 20       REP #$20               A:0A0A X:0E68 Y:C94F S:011A D:0000 DB:86 nvMxdizc V:251 H:  7 F:36
							8490F6 20 6A 91    JSR $916A     [84916A] A:0A0A X:0E68 Y:C94F S:011A D:0000 DB:86 nvmxdizc V:251 H: 12 F:36

								84916A A9 00 E8    LDA #$E800             A:0A0A X:0E68 Y:C94F S:0118 D:0000 DB:86 nvmxdizc V:251 H: 22 F:36
								84916D 85 10       STA $10       [000010] A:E800 X:0E68 Y:C94F S:0118 D:0000 DB:86 Nvmxdizc V:251 H: 26 F:36
								84916F A9 7E 00    LDA #$007E             A:E800 X:0E68 Y:C94F S:0118 D:0000 DB:86 Nvmxdizc V:251 H: 33 F:36
								849172 85 12       STA $12       [000012] A:007E X:0E68 Y:C94F S:0118 D:0000 DB:86 nvmxdizc V:251 H: 38 F:36
								849174 A5 02       LDA $02       [000002] A:007E X:0E68 Y:C94F S:0118 D:0000 DB:86 nvmxdizc V:251 H: 45 F:36
								849176 29 F0 00    AND #$00F0             A:0AB9 X:0E68 Y:C94F S:0118 D:0000 DB:86 nvmxdizc V:251 H: 52 F:36
								849179 0A          ASL A                  A:00B0 X:0E68 Y:C94F S:0118 D:0000 DB:86 nvmxdizc V:251 H: 56 F:36
								84917A 85 04       STA $04       [000004] A:0160 X:0E68 Y:C94F S:0118 D:0000 DB:86 nvmxdizc V:251 H: 59 F:36
								84917C A5 00       LDA $00       [000000] A:0160 X:0E68 Y:C94F S:0118 D:0000 DB:86 nvmxdizc V:251 H: 66 F:36
								84917E 29 FF 00    AND #$00FF             A:14D0 X:0E68 Y:C94F S:0118 D:0000 DB:86 nvmxdizc V:251 H: 73 F:36
								849181 4A          LSR A                  A:00D0 X:0E68 Y:C94F S:0118 D:0000 DB:86 nvmxdizc V:251 H: 78 F:36
								849182 4A          LSR A                  A:0068 X:0E68 Y:C94F S:0118 D:0000 DB:86 nvmxdizc V:251 H: 81 F:36
								849183 4A          LSR A                  A:0034 X:0E68 Y:C94F S:0118 D:0000 DB:86 nvmxdizc V:251 H: 84 F:36
								849184 29 FE FF    AND #$FFFE             A:001A X:0E68 Y:C94F S:0118 D:0000 DB:86 nvmxdizc V:251 H: 87 F:36
								849187 18          CLC                    A:001A X:0E68 Y:C94F S:0118 D:0000 DB:86 nvmxdizc V:251 H: 91 F:36
								849188 65 04       ADC $04       [000004] A:001A X:0E68 Y:C94F S:0118 D:0000 DB:86 nvmxdizc V:251 H: 94 F:36
								84918A 85 06       STA $06       [000006] A:017A X:0E68 Y:C94F S:0118 D:0000 DB:86 nvmxdizc V:251 H:101 F:36
								84918C A5 00       LDA $00       [000000] A:017A X:0E68 Y:C94F S:0118 D:0000 DB:86 nvmxdizc V:251 H:108 F:36
								84918E EB          XBA                    A:14D0 X:0E68 Y:C94F S:0118 D:0000 DB:86 nvmxdizc V:251 H:115 F:36
								84918F 29 1F 00    AND #$001F             A:D014 X:0E68 Y:C94F S:0118 D:0000 DB:86 nvmxdizc V:251 H:120 F:36
								849192 85 04       STA $04       [000004] A:0014 X:0E68 Y:C94F S:0118 D:0000 DB:86 nvmxdizc V:251 H:124 F:36
								849194 A5 02       LDA $02       [000002] A:0014 X:0E68 Y:C94F S:0118 D:0000 DB:86 nvmxdizc V:251 H:131 F:36
								849196 29 00 1F    AND #$1F00             A:0AB9 X:0E68 Y:C94F S:0118 D:0000 DB:86 nvmxdizc V:251 H:148 F:36
								849199 4A          LSR A                  A:0A00 X:0E68 Y:C94F S:0118 D:0000 DB:86 nvmxdizc V:251 H:153 F:36
								84919A 4A          LSR A                  A:0500 X:0E68 Y:C94F S:0118 D:0000 DB:86 nvmxdizc V:251 H:156 F:36
								84919B 4A          LSR A                  A:0280 X:0E68 Y:C94F S:0118 D:0000 DB:86 nvmxdizc V:251 H:159 F:36
								84919C 18          CLC                    A:0140 X:0E68 Y:C94F S:0118 D:0000 DB:86 nvmxdizc V:251 H:162 F:36
								84919D 65 04       ADC $04       [000004] A:0140 X:0E68 Y:C94F S:0118 D:0000 DB:86 nvmxdizc V:251 H:165 F:36
								84919F A8          TAY                    A:0154 X:0E68 Y:C94F S:0118 D:0000 DB:86 nvmxdizc V:251 H:172 F:36
								8491A0 B7 10       LDA [$10],Y   [7EE954] A:0154 X:0E68 Y:0154 S:0118 D:0000 DB:86 nvmxdizc V:251 H:175 F:36
								8491A2 29 FF 00    AND #$00FF             A:0038 X:0E68 Y:0154 S:0118 D:0000 DB:86 nvmxdizc V:251 H:188 F:36
								8491A5 A8          TAY                    A:0038 X:0E68 Y:0154 S:0118 D:0000 DB:86 nvmxdizc V:251 H:192 F:36
								8491A6 EB          XBA                    A:0038 X:0E68 Y:0038 S:0118 D:0000 DB:86 nvmxdizc V:251 H:195 F:36
								8491A7 0A          ASL A                  A:3800 X:0E68 Y:0038 S:0118 D:0000 DB:86 nvmxdiZc V:251 H:200 F:36
								8491A8 18          CLC                    A:7000 X:0E68 Y:0038 S:0118 D:0000 DB:86 nvmxdizc V:251 H:203 F:36
								8491A9 65 06       ADC $06       [000006] A:7000 X:0E68 Y:0038 S:0118 D:0000 DB:86 nvmxdizc V:251 H:206 F:36
								8491AB AA          TAX                    A:717A X:0E68 Y:0038 S:0118 D:0000 DB:86 nvmxdizc V:251 H:213 F:36
								8491AC 60          RTS                    A:717A X:717A Y:0038 S:0118 D:0000 DB:86 nvmxdizc V:251 H:216 F:36

							8490F9 BF 00 20 7E LDA $7E2000,X [7E917A] A:717A X:717A Y:0038 S:011A D:0000 DB:86 nvmxdizc V:251 H:226 F:36
							8490FD A8          TAY                    A:0131 X:717A Y:0038 S:011A D:0000 DB:86 nvmxdizc V:251 H:236 F:36
							8490FE AD 92 0B    LDA $0B92     [860B92] A:0131 X:717A Y:0131 S:011A D:0000 DB:86 nvmxdizc V:251 H:239 F:36
							849101 85 10       STA $10       [000010] A:DB57 X:717A Y:0131 S:011A D:0000 DB:86 Nvmxdizc V:251 H:247 F:36
							849103 AD 94 0B    LDA $0B94     [860B94] A:DB57 X:717A Y:0131 S:011A D:0000 DB:86 Nvmxdizc V:251 H:254 F:36
							849106 85 12       STA $12       [000012] A:B895 X:717A Y:0131 S:011A D:0000 DB:86 Nvmxdizc V:251 H:263 F:36
							849108 B7 10       LDA [$10],Y   [95DC88] A:B895 X:717A Y:0131 S:011A D:0000 DB:86 Nvmxdizc V:251 H:270 F:36
							84910A 29 FF 00    AND #$00FF             A:3B3B X:717A Y:0131 S:011A D:0000 DB:86 nvmxdizc V:251 H:282 F:36
							84910D 28          PLP                    A:003B X:717A Y:0131 S:011A D:0000 DB:86 nvmxdizc V:251 H:286 F:36
							84910E FA          PLX                    A:003B X:717A Y:0131 S:011B D:0000 DB:86 nvMxdizc V:251 H:293 F:36
							84910F 2B          PLD                    A:003B X:0E68 Y:0131 S:011D D:0000 DB:86 nvMxdizc V:251 H:301 F:36
							849110 60          RTS                    A:003B X:0E68 Y:0131 S:011F D:0000 DB:86 nvMxdiZc V:251 H:310 F:36

						8495D3 95 2E       STA $2E,X     [000E96] A:003B X:0E68 Y:0131 S:0121 D:0000 DB:86 nvMxdiZc V:251 H:320 F:36
						8495D5 85 18       STA $18       [000018] A:003B X:0E68 Y:0131 S:0121 D:0000 DB:86 nvMxdiZc V:251 H:326 F:36
						8495D7 29 3F       AND #$3F               A:003B X:0E68 Y:0131 S:0121 D:0000 DB:86 nvMxdiZc V:251 H:330 F:36
						8495D9 0A          ASL A                  A:003B X:0E68 Y:0131 S:0121 D:0000 DB:86 nvMxdizc V:251 H:333 F:36
						8495DA EB          XBA                    A:0076 X:0E68 Y:0131 S:0121 D:0000 DB:86 nvMxdizc V:251 H:336 F:36
						8495DB A9 00       LDA #$00               A:7600 X:0E68 Y:0131 S:0121 D:0000 DB:86 nvMxdiZc V:252 H:  1 F:36
						8495DD EB          XBA                    A:7600 X:0E68 Y:0131 S:0121 D:0000 DB:86 nvMxdiZc V:252 H:  4 F:36
						8495DE A8          TAY                    A:0076 X:0E68 Y:0131 S:0121 D:0000 DB:86 nvMxdizc V:252 H:  8 F:36
						8495DF 84 28       STY $28       [000028] A:0076 X:0E68 Y:0076 S:0121 D:0000 DB:86 nvMxdizc V:252 H: 11 F:36
						8495E1 86 2C       STX $2C       [00002C] A:0076 X:0E68 Y:0076 S:0121 D:0000 DB:86 nvMxdizc V:252 H: 18 F:36
						8495E3 68          PLA                    A:0076 X:0E68 Y:0076 S:0121 D:0000 DB:86 nvMxdizc V:252 H: 25 F:36
						8495E4 95 2A       STA $2A,X     [000E92] A:0012 X:0E68 Y:0076 S:0122 D:0000 DB:86 nvMxdizc V:252 H: 32 F:36
						8495E6 A6 2C       LDX $2C       [00002C] A:0012 X:0E68 Y:0076 S:0122 D:0000 DB:86 nvMxdizc V:252 H: 38 F:36
						8495E8 A9 FB       LDA #$FB               A:0012 X:0E68 Y:0076 S:0122 D:0000 DB:86 nvMxdizc V:252 H: 45 F:36
						8495EA 35 2B       AND $2B,X     [000E93] A:00FB X:0E68 Y:0076 S:0122 D:0000 DB:86 NvMxdizc V:252 H: 48 F:36
						8495EC 95 2B       STA $2B,X     [000E93] A:0000 X:0E68 Y:0076 S:0122 D:0000 DB:86 nvMxdiZc V:252 H: 55 F:36
						8495EE 64 01       STZ $01       [000001] A:0000 X:0E68 Y:0076 S:0122 D:0000 DB:86 nvMxdiZc V:252 H: 61 F:36
						8495F0 B5 2A       LDA $2A,X     [000E92] A:0000 X:0E68 Y:0076 S:0122 D:0000 DB:86 nvMxdiZc V:252 H: 66 F:36
						8495F2 85 02       STA $02       [000002] A:0012 X:0E68 Y:0076 S:0122 D:0000 DB:86 nvMxdizc V:252 H: 73 F:36
						8495F4 64 03       STZ $03       [000003] A:0012 X:0E68 Y:0076 S:0122 D:0000 DB:86 nvMxdizc V:252 H: 78 F:36
						8495F6 B4 05       LDY $05,X     [000E6D] A:0012 X:0E68 Y:0076 S:0122 D:0000 DB:86 nvMxdizc V:252 H: 83 F:36
						8495F8 84 10       STY $10       [000010] A:0012 X:0E68 Y:14D0 S:0122 D:0000 DB:86 nvMxdizc V:252 H: 91 F:36
						8495FA B4 08       LDY $08,X     [000E70] A:0012 X:0E68 Y:14D0 S:0122 D:0000 DB:86 nvMxdizc V:252 H: 98 F:36
						8495FC 84 12       STY $12       [000012] A:0012 X:0E68 Y:0AA3 S:0122 D:0000 DB:86 nvMxdizc V:252 H:107 F:36
						8495FE A6 28       LDX $28       [000028] A:0012 X:0E68 Y:0AA3 S:0122 D:0000 DB:86 nvMxdizc V:252 H:114 F:36
						849600 FC 1C 96    JSR ($961C,X) [849692] A:0012 X:0076 Y:0AA3 S:0122 D:0000 DB:86 nvMxdizc V:252 H:121 F:36

							8496B5 A6 2C       LDX $2C       [00002C] A:0012 X:0076 Y:0AA3 S:0120 D:0000 DB:86 nvMxdizc V:252 H:134 F:36
							8496B7 A5 0E       LDA $0E       [00000E] A:0012 X:0E68 Y:0AA3 S:0120 D:0000 DB:86 nvMxdizc V:252 H:151 F:36
							8496B9 85 00       STA $00       [000000] A:000A X:0E68 Y:0AA3 S:0120 D:0000 DB:86 nvMxdizc V:252 H:156 F:36
							8496BB 64 01       STZ $01       [000001] A:000A X:0E68 Y:0AA3 S:0120 D:0000 DB:86 nvMxdizc V:252 H:161 F:36
							8496BD C2 20       REP #$20               A:000A X:0E68 Y:0AA3 S:0120 D:0000 DB:86 nvMxdizc V:252 H:166 F:36
							8496BF A5 08       LDA $08       [000008] A:000A X:0E68 Y:0AA3 S:0120 D:0000 DB:86 nvmxdizc V:252 H:170 F:36
							8496C1 29 7F 00    AND #$007F             A:FF84 X:0E68 Y:0AA3 S:0120 D:0000 DB:86 Nvmxdizc V:252 H:177 F:36
							8496C4 18          CLC                    A:0004 X:0E68 Y:0AA3 S:0120 D:0000 DB:86 nvmxdizc V:252 H:182 F:36
							8496C5 75 08       ADC $08,X     [000E70] A:0004 X:0E68 Y:0AA3 S:0120 D:0000 DB:86 nvmxdizc V:252 H:185 F:36
							8496C7 38          SEC                    A:0AA7 X:0E68 Y:0AA3 S:0120 D:0000 DB:86 nvmxdizc V:252 H:193 F:36
							8496C8 E5 00       SBC $00       [000000] A:0AA7 X:0E68 Y:0AA3 S:0120 D:0000 DB:86 nvmxdizC V:252 H:196 F:36
							8496CA 95 08       STA $08,X     [000E70] A:0A9D X:0E68 Y:0AA3 S:0120 D:0000 DB:86 nvmxdizC V:252 H:203 F:36
							8496CC E2 20       SEP #$20               A:0A9D X:0E68 Y:0AA3 S:0120 D:0000 DB:86 nvmxdizC V:252 H:212 F:36
							8496CE 74 2F       STZ $2F,X     [000E97] A:0A9D X:0E68 Y:0AA3 S:0120 D:0000 DB:86 nvMxdizC V:252 H:216 F:36
							8496D0 A9 01       LDA #$01               A:0A9D X:0E68 Y:0AA3 S:0120 D:0000 DB:86 nvMxdizC V:252 H:223 F:36
							8496D2 60          RTS                    A:0A01 X:0E68 Y:0AA3 S:0120 D:0000 DB:86 nvMxdizC V:252 H:226 F:36

						849603 F0 11       BEQ $0011     [849616] A:0A01 X:0E68 Y:0AA3 S:0122 D:0000 DB:86 nvMxdizC V:252 H:236 F:36
						849605 A6 2C       LDX $2C       [00002C] A:0A01 X:0E68 Y:0AA3 S:0122 D:0000 DB:86 nvMxdizC V:252 H:239 F:36
						849607 A9 04       LDA #$04               A:0A01 X:0E68 Y:0AA3 S:0122 D:0000 DB:86 nvMxdizC V:252 H:246 F:36
						849609 15 2B       ORA $2B,X     [000E93] A:0A04 X:0E68 Y:0AA3 S:0122 D:0000 DB:86 nvMxdizC V:252 H:249 F:36
						84960B 95 2B       STA $2B,X     [000E93] A:0A04 X:0E68 Y:0AA3 S:0122 D:0000 DB:86 nvMxdizC V:252 H:255 F:36
						84960D 20 4C 99    JSR $994C     [84994C] A:0A04 X:0E68 Y:0AA3 S:0122 D:0000 DB:86 nvMxdizC V:252 H:262 F:36

							84994C AD 1C 1F    LDA $1F1C     [861F1C] A:0A04 X:0E68 Y:0AA3 S:0120 D:0000 DB:86 nvMxdizC V:252 H:272 F:36
							84994F 10 06       BPL $0006     [849957] A:0A00 X:0E68 Y:0AA3 S:0120 D:0000 DB:86 nvMxdiZC V:252 H:278 F:36
							849957 60          RTS                    A:0A00 X:0E68 Y:0AA3 S:0120 D:0000 DB:86 nvMxdiZC V:252 H:283 F:36

						849610 20 08 93    JSR $9308     [849308] A:0A00 X:0E68 Y:0AA3 S:0122 D:0000 DB:86 nvMxdiZC V:252 H:293 F:36

							849308 A5 14       LDA $14       [000014] A:0A00 X:0E68 Y:0AA3 S:0120 D:0000 DB:86 nvMxdiZC V:252 H:303 F:36
							84930A F0 08       BEQ $0008     [849314] A:0A00 X:0E68 Y:0AA3 S:0120 D:0000 DB:86 nvMxdiZC V:252 H:308 F:36
							849314 60          RTS                    A:0A00 X:0E68 Y:0AA3 S:0120 D:0000 DB:86 nvMxdiZC V:252 H:312 F:36

						849613 A9 01       LDA #$01               A:0A00 X:0E68 Y:0AA3 S:0122 D:0000 DB:86 nvMxdiZC V:252 H:322 F:36
						849615 60          RTS                    A:0A01 X:0E68 Y:0AA3 S:0122 D:0000 DB:86 nvMxdizC V:252 H:325 F:36

					849275 D0 32       BNE $0032     [8492A9] A:0A01 X:0E68 Y:0AA3 S:0124 D:0000 DB:86 nvMxdizC V:252 H:334 F:36
					8492A9 C2 30       REP #$30               A:0A01 X:0E68 Y:0AA3 S:0124 D:0000 DB:86 nvMxdizC V:252 H:339 F:36
					8492AB 60          RTS                    A:0A01 X:0E68 Y:0AA3 S:0124 D:0000 DB:86 nvmxdizC V:253 H:  3 F:36

				8491DB 2B          PLD                    A:0A01 X:0E68 Y:0AA3 S:0126 D:0000 DB:86 nvmxdizC V:253 H: 13 F:36
				8491DC 28          PLP                    A:0A01 X:0E68 Y:0AA3 S:0128 D:0E68 DB:86 nvmxdizC V:253 H: 22 F:36
				8491DD 6B          RTL                    A:0A01 X:0068 Y:00A3 S:0129 D:0E68 DB:86 nvMXdizc V:253 H: 28 F:36

			83B426 A5 0F       LDA $0F       [000E77] A:0A01 X:0068 Y:00A3 S:012C D:0E68 DB:86 nvMXdizc V:253 H: 39 F:36
			83B428 10 16       BPL $0016     [83B440] A:0A80 X:0068 Y:00A3 S:012C D:0E68 DB:86 NvMXdizc V:253 H: 45 F:36			Branch if SkelAction is positive
			83B42A A9 04       LDA #$04               A:0A80 X:0068 Y:00A3 S:012C D:0E68 DB:86 NvMXdizc V:253 H: 48 F:36
			83B42C 85 03       STA $03       [000E6B] A:0A04 X:0068 Y:00A3 S:012C D:0E68 DB:86 nvMXdizc V:253 H: 51 F:36			Subaction = #$04
			83B42E A9 0B       LDA #$0B               A:0A04 X:0068 Y:00A3 S:012C D:0E68 DB:86 nvMXdizc V:253 H: 58 F:36			a = A = #$0B
			83B430 20 C8 B9    JSR $B9C8     [83B9C8] A:0A0B X:0068 Y:00A3 S:012C D:0E68 DB:86 nvMXdizc V:253 H: 61 F:36			JSR $83B9C8 --> Armadillo CDSkeleton Load

				83B9C8 08          PHP                    A:0A0B X:0068 Y:00A3 S:012A D:0E68 DB:86 nvMXdizc V:253 H: 71 F:36
				83B9C9 E2 30       SEP #$30               A:0A0B X:0068 Y:00A3 S:0129 D:0E68 DB:86 nvMXdizc V:253 H: 76 F:36
				83B9CB C9 0B       CMP #$0B               A:0A0B X:0068 Y:00A3 S:0129 D:0E68 DB:86 nvMXdizc V:253 H: 80 F:36
				83B9CD F0 1B       BEQ $001B     [83B9EA] A:0A0B X:0068 Y:00A3 S:0129 D:0E68 DB:86 nvMXdiZC V:253 H: 83 F:36		Branch because A = a = #$0B
				83B9EA A2 63       LDX #$63               A:0A0B X:0068 Y:00A3 S:0129 D:0E68 DB:86 nvMXdiZC V:253 H: 88 F:36		|CountPointer = #$63
				83B9EC 86 16       STX $16       [000E7E] A:0A0B X:0063 Y:00A3 S:0129 D:0E68 DB:86 nvMXdizC V:253 H: 91 F:36		|
				83B9EE A9 00       LDA #$00               A:0A0B X:0063 Y:00A3 S:0129 D:0E68 DB:86 nvMXdizC V:253 H: 97 F:36
				83B9F0 22 07 8F 84 JSL $848F07   [848F07] A:0A00 X:0063 Y:00A3 S:0129 D:0E68 DB:86 nvMXdiZC V:253 H:100 F:36		JSL $848F07 --> Skeleton Load (SkelPoint = #$63, A=#$00)

					848F07 08          PHP                    A:0A00 X:0063 Y:00A3 S:0126 D:0E68 DB:86 nvMXdiZC V:253 H:114 F:36
					848F08 8B          PHB                    A:0A00 X:0063 Y:00A3 S:0125 D:0E68 DB:86 nvMXdiZC V:253 H:119 F:36
					848F09 C2 30       REP #$30               A:0A00 X:0063 Y:00A3 S:0124 D:0E68 DB:86 nvMXdiZC V:253 H:124 F:36
					848F0B 8D 0E 00    STA $000E     [86000E] A:0A00 X:0063 Y:00A3 S:0124 D:0E68 DB:86 nvmxdiZC V:253 H:128 F:36
					848F0E A5 16       LDA $16       [000E7E] A:0A00 X:0063 Y:00A3 S:0124 D:0E68 DB:86 nvmxdiZC V:253 H:147 F:36
					848F10 29 FF 00    AND #$00FF             A:9263 X:0063 Y:00A3 S:0124 D:0E68 DB:86 NvmxdizC V:253 H:155 F:36
					848F13 8D 0C 00    STA $000C     [86000C] A:0063 X:0063 Y:00A3 S:0124 D:0E68 DB:86 nvmxdizC V:253 H:160 F:36
					848F16 0A          ASL A                  A:0063 X:0063 Y:00A3 S:0124 D:0E68 DB:86 nvmxdizC V:253 H:168 F:36
					848F17 18          CLC                    A:00C6 X:0063 Y:00A3 S:0124 D:0E68 DB:86 nvmxdizc V:253 H:171 F:36
					848F18 6D 0C 00    ADC $000C     [86000C] A:00C6 X:0063 Y:00A3 S:0124 D:0E68 DB:86 nvmxdizc V:253 H:174 F:36
					848F1B AA          TAX                    A:0129 X:0063 Y:00A3 S:0124 D:0E68 DB:86 nvmxdizc V:253 H:183 F:36
					848F1C BF 00 A0 AF LDA $AFA000,X [AFA129] A:0129 X:0129 Y:00A3 S:0124 D:0E68 DB:86 nvmxdizc V:253 H:186 F:36
					848F20 85 14       STA $14       [000E7C] A:CE13 X:0129 Y:00A3 S:0124 D:0E68 DB:86 Nvmxdizc V:253 H:195 F:36
					848F22 E2 20       SEP #$20               A:CE13 X:0129 Y:00A3 S:0124 D:0E68 DB:86 Nvmxdizc V:253 H:203 F:36
					848F24 BF 02 A0 AF LDA $AFA002,X [AFA12B] A:CE13 X:0129 Y:00A3 S:0124 D:0E68 DB:86 NvMxdizc V:253 H:208 F:36
					848F28 48          PHA                    A:CEAF X:0129 Y:00A3 S:0124 D:0E68 DB:86 NvMxdizc V:253 H:215 F:36
					848F29 AB          PLB                    A:CEAF X:0129 Y:00A3 S:0123 D:0E68 DB:86 NvMxdizc V:253 H:220 F:36
					848F2A C2 20       REP #$20               A:CEAF X:0129 Y:00A3 S:0124 D:0E68 DB:AF NvMxdizc V:253 H:227 F:36
					848F2C AD 0E 00    LDA $000E     [AF000E] A:CEAF X:0129 Y:00A3 S:0124 D:0E68 DB:AF Nvmxdizc V:253 H:231 F:36
					848F2F 29 FF 00    AND #$00FF             A:0A00 X:0129 Y:00A3 S:0124 D:0E68 DB:AF nvmxdizc V:253 H:240 F:36
					848F32 0A          ASL A                  A:0000 X:0129 Y:00A3 S:0124 D:0E68 DB:AF nvmxdiZc V:253 H:244 F:36
					848F33 A8          TAY                    A:0000 X:0129 Y:00A3 S:0124 D:0E68 DB:AF nvmxdiZc V:253 H:247 F:36
					848F34 B1 14       LDA ($14),Y   [AFCE13] A:0000 X:0129 Y:0000 S:0124 D:0E68 DB:AF nvmxdiZc V:253 H:250 F:36
					848F36 65 14       ADC $14       [000E7C] A:000E X:0129 Y:0000 S:0124 D:0E68 DB:AF nvmxdizc V:253 H:263 F:36
					848F38 85 14       STA $14       [000E7C] A:CE21 X:0129 Y:0000 S:0124 D:0E68 DB:AF Nvmxdizc V:253 H:272 F:36
					848F3A E2 30       SEP #$30               A:CE21 X:0129 Y:0000 S:0124 D:0E68 DB:AF Nvmxdizc V:253 H:280 F:36
					848F3C B2 14       LDA ($14)     [AFCE21] A:CE21 X:0029 Y:0000 S:0124 D:0E68 DB:AF NvMXdizc V:253 H:285 F:36	Skeleton start: [AFCE21]
					848F3E 85 13       STA $13       [000E7B] A:CE01 X:0029 Y:0000 S:0124 D:0E68 DB:AF nvMXdizc V:253 H:295 F:36
					848F40 A0 01       LDY #$01               A:CE01 X:0029 Y:0000 S:0124 D:0E68 DB:AF nvMXdizc V:253 H:301 F:36
					848F42 B1 14       LDA ($14),Y   [AFCE22] A:CE01 X:0029 Y:0001 S:0124 D:0E68 DB:AF nvMXdizc V:253 H:304 F:36
					848F44 85 0F       STA $0F       [000E77] A:CE00 X:0029 Y:0001 S:0124 D:0E68 DB:AF nvMXdiZc V:253 H:314 F:36
					848F46 C8          INY                    A:CE00 X:0029 Y:0001 S:0124 D:0E68 DB:AF nvMXdiZc V:253 H:321 F:36
					848F47 B1 14       LDA ($14),Y   [AFCE23] A:CE00 X:0029 Y:0002 S:0124 D:0E68 DB:AF nvMXdizc V:253 H:323 F:36
					848F49 85 17       STA $17       [000E7F] A:CE00 X:0029 Y:0002 S:0124 D:0E68 DB:AF nvMXdiZc V:253 H:333 F:36
					848F4B A9 80       LDA #$80               A:CE00 X:0029 Y:0002 S:0124 D:0E68 DB:AF nvMXdiZc V:253 H:339 F:36
					848F4D 04 17       TSB $17       [000E7F] A:CE80 X:0029 Y:0002 S:0124 D:0E68 DB:AF NvMXdizc V:254 H:  2 F:36
					848F4F AB          PLB                    A:CE80 X:0029 Y:0002 S:0124 D:0E68 DB:AF NvMXdiZc V:254 H: 12 F:36
					848F50 28          PLP                    A:CE80 X:0029 Y:0002 S:0125 D:0E68 DB:86 NvMXdizc V:254 H: 19 F:36
					848F51 6B          RTL                    A:CE80 X:0029 Y:0002 S:0126 D:0E68 DB:86 nvMXdiZC V:254 H: 25 F:36

				83B9F4 A9 01       LDA #$01               A:CE80 X:0029 Y:0002 S:0129 D:0E68 DB:86 nvMXdiZC V:254 H: 36 F:36
				83B9F6 14 11       TRB $11       [000E79] A:CE01 X:0029 Y:0002 S:0129 D:0E68 DB:86 nvMXdizC V:254 H: 39 F:36		E-Status: Reset bit 01
				83B9F8 A9 40       LDA #$40               A:CE01 X:0029 Y:0002 S:0129 D:0E68 DB:86 nvMXdizC V:254 H: 49 F:36		E-$18 = #$40
				83B9FA 85 18       STA $18       [000E80] A:CE40 X:0029 Y:0002 S:0129 D:0E68 DB:86 nvMXdizC V:254 H: 52 F:36
				83B9FC 28          PLP                    A:CE40 X:0029 Y:0002 S:0129 D:0E68 DB:86 nvMXdizC V:254 H: 58 F:36
				83B9FD 60          RTS                    A:CE40 X:0029 Y:0002 S:012A D:0E68 DB:86 nvMXdizc V:254 H: 65 F:36		Return

			83B433 A9 80       LDA #$80               A:CE40 X:0029 Y:0002 S:012C D:0E68 DB:86 nvMXdizc V:254 H: 75 F:36			E-$37: Set bit #$80
			83B435 04 37       TSB $37       [000E9F] A:CE80 X:0029 Y:0002 S:012C D:0E68 DB:86 NvMXdizc V:254 H: 78 F:36
			83B437 C2 20       REP #$20               A:CE80 X:0029 Y:0002 S:012C D:0E68 DB:86 NvMXdiZc V:254 H: 88 F:36
			83B439 A9 45 C9    LDA #$C945             A:CE80 X:0029 Y:0002 S:012C D:0E68 DB:86 NvmXdiZc V:254 H: 92 F:36			E-HitPoint = #$C945
			83B43C 85 20       STA $20       [000E88] A:C945 X:0029 Y:0002 S:012C D:0E68 DB:86 NvmXdizc V:254 H: 97 F:36
			83B43E E2 20       SEP #$20               A:C945 X:0029 Y:0002 S:012C D:0E68 DB:86 NvmXdizc V:254 H:105 F:36
			83B440 60          RTS                    A:C945 X:0029 Y:0002 S:012C D:0E68 DB:86 NvMXdizc V:254 H:110 F:36			Return

		83B2ED A5 27       LDA $27       [000E8F] A:C945 X:0029 Y:0002 S:012E D:0E68 DB:86 NvMXdizc V:254 H:120 F:36
