80D4F6 20 30 D5    JSR $D530     [80D530] A:0E01 X:0000 Y:0046 S:0133 D:0E68 DB:86 nvMXdizC V:247 H:170 F:39

	80D530 C2 20       REP #$20               A:0E01 X:0000 Y:0046 S:0131 D:0E68 DB:86 nvMXdizC V:247 H:180 F:39
	80D532 A5 05       LDA $05       [000E6D] A:0E01 X:0000 Y:0046 S:0131 D:0E68 DB:86 nvmXdizC V:247 H:185 F:39
	80D534 85 22       STA $22       [000E8A] A:14D0 X:0000 Y:0046 S:0131 D:0E68 DB:86 nvmXdizC V:247 H:193 F:39
	80D536 A5 08       LDA $08       [000E70] A:14D0 X:0000 Y:0046 S:0131 D:0E68 DB:86 nvmXdizC V:247 H:202 F:39
	80D538 85 24       STA $24       [000E8C] A:0A9D X:0000 Y:0046 S:0131 D:0E68 DB:86 nvmXdizC V:247 H:210 F:39
	80D53A E2 20       SEP #$20               A:0A9D X:0000 Y:0046 S:0131 D:0E68 DB:86 nvmXdizC V:247 H:219 F:39
	80D53C A9 80       LDA #$80               A:0A9D X:0000 Y:0046 S:0131 D:0E68 DB:86 nvMXdizC V:247 H:223 F:39
	80D53E 14 0E       TRB $0E       [000E76] A:0A80 X:0000 Y:0046 S:0131 D:0E68 DB:86 NvMXdizC V:247 H:226 F:39
	80D540 A5 0A       LDA $0A       [000E72] A:0A80 X:0000 Y:0046 S:0131 D:0E68 DB:86 NvMXdizC V:247 H:236 F:39
	80D542 0A          ASL A                  A:0A14 X:0000 Y:0046 S:0131 D:0E68 DB:86 nvMXdizC V:247 H:243 F:39
	80D543 AA          TAX                    A:0A28 X:0000 Y:0046 S:0131 D:0E68 DB:86 nvMXdizc V:247 H:246 F:39
	80D544 7C DD F8    JMP ($F8DD,X) [80F905] A:0A28 X:0028 Y:0046 S:0131 D:0E68 DB:86 nvMXdizc V:247 H:249 F:39

	80FA15 22 44 B1 83 JSL $83B144   [83B144] A:0A28 X:0028 Y:0046 S:0131 D:0E68 DB:86 nvMXdizc V:247 H:258 F:39

		83B144 A6 01       LDX $01       [000E69] A:0A28 X:0028 Y:0046 S:012E D:0E68 DB:86 nvMXdizc V:247 H:271 F:39
		83B146 7C 49 B1    JMP ($B149,X) [83B14D] A:0A28 X:0004 Y:0046 S:012E D:0E68 DB:86 nvMXdizc V:247 H:278 F:39

		83B2E8 A6 02       LDX $02       [000E6A] A:0A28 X:0004 Y:0046 S:012E D:0E68 DB:86 nvMXdizc V:247 H:287 F:39
		83B2EA FC DA B3    JSR ($B3DA,X) [83B3DA] A:0A28 X:0000 Y:0046 S:012E D:0E68 DB:86 nvMXdiZc V:247 H:293 F:39

			83B3E4 A6 03       LDX $03       [000E6B] A:0A28 X:0000 Y:0046 S:012C D:0E68 DB:86 nvMXdiZc V:247 H:306 F:39
			83B3E6 7C E9 B3    JMP ($B3E9,X) [83B3F1] A:0A28 X:0008 Y:0046 S:012C D:0E68 DB:86 nvMXdizc V:247 H:313 F:39

			83B493 22 3E 82 82 JSL $82823E   [82823E] A:0A28 X:0008 Y:0046 S:012C D:0E68 DB:86 nvMXdizc V:247 H:322 F:39		JSL $82823E --> Update X-Pos

				82823E 08          PHP                    A:0A28 X:0008 Y:0046 S:0129 D:0E68 DB:86 nvMXdizc V:247 H:334 F:39
				82823F C2 21       REP #$21               A:0A28 X:0008 Y:0046 S:0128 D:0E68 DB:86 nvMXdizc V:247 H:339 F:39
				828241 A5 04       LDA $04       [000E6C] A:0A28 X:0008 Y:0046 S:0128 D:0E68 DB:86 nvmXdizc V:248 H:  4 F:39
				828243 65 1A       ADC $1A       [000E82] A:D000 X:0008 Y:0046 S:0128 D:0E68 DB:86 NvmXdizc V:248 H: 12 F:39
				828245 85 04       STA $04       [000E6C] A:CA00 X:0008 Y:0046 S:0128 D:0E68 DB:86 NvmXdizC V:248 H: 21 F:39
				828247 E2 20       SEP #$20               A:CA00 X:0008 Y:0046 S:0128 D:0E68 DB:86 NvmXdizC V:248 H: 29 F:39
				828249 24 1B       BIT $1B       [000E83] A:CA00 X:0008 Y:0046 S:0128 D:0E68 DB:86 NvMXdizC V:248 H: 34 F:39
				82824B 30 08       BMI $0008     [828255] A:CA00 X:0008 Y:0046 S:0128 D:0E68 DB:86 NVMXdiZC V:248 H: 40 F:39
				828255 A5 06       LDA $06       [000E6E] A:CA00 X:0008 Y:0046 S:0128 D:0E68 DB:86 NVMXdiZC V:248 H: 45 F:39
				828257 69 FF       ADC #$FF               A:CA14 X:0008 Y:0046 S:0128 D:0E68 DB:86 nVMXdizC V:248 H: 51 F:39
				828259 85 06       STA $06       [000E6E] A:CA14 X:0008 Y:0046 S:0128 D:0E68 DB:86 nvMXdizC V:248 H: 54 F:39
				82825B 28          PLP                    A:CA14 X:0008 Y:0046 S:0128 D:0E68 DB:86 nvMXdizC V:248 H: 61 F:39
				82825C 6B          RTL                    A:CA14 X:0008 Y:0046 S:0129 D:0E68 DB:86 nvMXdizc V:248 H: 67 F:39

			83B497 22 BE 91 84 JSL $8491BE   [8491BE] A:CA14 X:0008 Y:0046 S:012C D:0E68 DB:86 nvMXdizc V:248 H: 78 F:39		JSL $8491BE --> Check for colissions and adjust position

				8491BE 08          PHP                    A:CA14 X:0008 Y:0046 S:0129 D:0E68 DB:86 nvMXdizc V:248 H: 91 F:39
				8491BF 0B          PHD                    A:CA14 X:0008 Y:0046 S:0128 D:0E68 DB:86 nvMXdizc V:248 H: 96 F:39
				8491C0 C2 30       REP #$30               A:CA14 X:0008 Y:0046 S:0126 D:0E68 DB:86 nvMXdizc V:248 H:103 F:39
				8491C2 A5 20       LDA $20       [000E88] A:CA14 X:0008 Y:0046 S:0126 D:0E68 DB:86 nvmxdizc V:248 H:108 F:39
				8491C4 F0 15       BEQ $0015     [8491DB] A:C945 X:0008 Y:0046 S:0126 D:0E68 DB:86 Nvmxdizc V:248 H:116 F:39
				8491C6 7B          TDC                    A:C945 X:0008 Y:0046 S:0126 D:0E68 DB:86 Nvmxdizc V:248 H:119 F:39
				8491C7 AA          TAX                    A:0E68 X:0008 Y:0046 S:0126 D:0E68 DB:86 nvmxdizc V:248 H:122 F:39
				8491C8 A9 00 00    LDA #$0000             A:0E68 X:0E68 Y:0046 S:0126 D:0E68 DB:86 nvmxdizc V:248 H:125 F:39
				8491CB 5B          TCD                    A:0000 X:0E68 Y:0046 S:0126 D:0E68 DB:86 nvmxdiZc V:248 H:130 F:39
				8491CC 64 14       STZ $14       [000014] A:0000 X:0E68 Y:0046 S:0126 D:0000 DB:86 nvmxdiZc V:248 H:133 F:39
				8491CE B5 2B       LDA $2B,X     [000E93] A:0000 X:0E68 Y:0046 S:0126 D:0000 DB:86 nvmxdiZc V:248 H:150 F:39
				8491D0 29 00 FF    AND #$FF00             A:0004 X:0E68 Y:0046 S:0126 D:0000 DB:86 nvmxdizc V:248 H:158 F:39
				8491D3 95 2B       STA $2B,X     [000E93] A:0000 X:0E68 Y:0046 S:0126 D:0000 DB:86 nvmxdiZc V:248 H:163 F:39
				8491D5 20 AC 92    JSR $92AC     [8492AC] A:0000 X:0E68 Y:0046 S:0126 D:0000 DB:86 nvmxdiZc V:248 H:171 F:39

					8492AC C2 30       REP #$30               A:0000 X:0E68 Y:0046 S:0124 D:0000 DB:86 nvmxdiZc V:248 H:181 F:39
					8492AE B5 05       LDA $05,X     [000E6D] A:0000 X:0E68 Y:0046 S:0124 D:0000 DB:86 nvmxdiZc V:248 H:186 F:39
					8492B0 38          SEC                    A:14CA X:0E68 Y:0046 S:0124 D:0000 DB:86 nvmxdizc V:248 H:194 F:39
					8492B1 F5 22       SBC $22,X     [000E8A] A:14CA X:0E68 Y:0046 S:0124 D:0000 DB:86 nvmxdizC V:248 H:197 F:39
					8492B3 85 00       STA $00       [000000] A:FFFA X:0E68 Y:0046 S:0124 D:0000 DB:86 Nvmxdizc V:248 H:206 F:39
					8492B5 E2 20       SEP #$20               A:FFFA X:0E68 Y:0046 S:0124 D:0000 DB:86 Nvmxdizc V:248 H:213 F:39
					8492B7 F0 4C       BEQ $004C     [849305] A:FFFA X:0E68 Y:0046 S:0124 D:0000 DB:86 NvMxdizc V:248 H:217 F:39
					8492B9 B4 20       LDY $20,X     [000E88] A:FFFA X:0E68 Y:0046 S:0124 D:0000 DB:86 NvMxdizc V:248 H:220 F:39
					8492BB B9 05 00    LDA $0005,Y   [86C94A] A:FFFA X:0E68 Y:C945 S:0124 D:0000 DB:86 NvMxdizc V:248 H:229 F:39
					8492BE 34 11       BIT $11,X     [000E79] A:FF00 X:0E68 Y:C945 S:0124 D:0000 DB:86 nvMxdiZc V:248 H:236 F:39
					8492C0 50 03       BVC $0003     [8492C5] A:FF00 X:0E68 Y:C945 S:0124 D:0000 DB:86 nvMxdiZc V:248 H:243 F:39
					8492C5 24 00       BIT $00       [000000] A:FF00 X:0E68 Y:C945 S:0124 D:0000 DB:86 nvMxdiZc V:248 H:247 F:39
					8492C7 10 06       BPL $0006     [8492CF] A:FF00 X:0E68 Y:C945 S:0124 D:0000 DB:86 NVMxdiZc V:248 H:252 F:39
					8492C9 38          SEC                    A:FF00 X:0E68 Y:C945 S:0124 D:0000 DB:86 NVMxdiZc V:248 H:255 F:39
					8492CA F9 07 00    SBC $0007,Y   [86C94C] A:FF00 X:0E68 Y:C945 S:0124 D:0000 DB:86 NVMxdiZC V:248 H:258 F:39
					8492CD 80 04       BRA $0004     [8492D3] A:FFF1 X:0E68 Y:C945 S:0124 D:0000 DB:86 NvMxdizc V:248 H:266 F:39
					8492D3 95 29       STA $29,X     [000E91] A:FFF1 X:0E68 Y:C945 S:0124 D:0000 DB:86 NvMxdizc V:248 H:270 F:39
					8492D5 B9 06 00    LDA $0006,Y   [86C94B] A:FFF1 X:0E68 Y:C945 S:0124 D:0000 DB:86 NvMxdizc V:248 H:277 F:39
					8492D8 95 2A       STA $2A,X     [000E92] A:FF00 X:0E68 Y:C945 S:0124 D:0000 DB:86 nvMxdiZc V:248 H:284 F:39
					8492DA 20 15 93    JSR $9315     [849315] A:FF00 X:0E68 Y:C945 S:0124 D:0000 DB:86 nvMxdiZc V:248 H:291 F:39

						849315 20 B3 90    JSR $90B3     [8490B3] A:FF00 X:0E68 Y:C945 S:0122 D:0000 DB:86 nvMxdiZc V:248 H:301 F:39

							8490B3 0B          PHD                    A:FF00 X:0E68 Y:C945 S:0120 D:0000 DB:86 nvMxdiZc V:248 H:311 F:39
							8490B4 DA          PHX                    A:FF00 X:0E68 Y:C945 S:011E D:0000 DB:86 nvMxdiZc V:248 H:318 F:39
							8490B5 08          PHP                    A:FF00 X:0E68 Y:C945 S:011C D:0000 DB:86 nvMxdiZc V:248 H:324 F:39
							8490B6 E2 20       SEP #$20               A:FF00 X:0E68 Y:C945 S:011B D:0000 DB:86 nvMxdiZc V:248 H:329 F:39
							8490B8 C2 10       REP #$10               A:FF00 X:0E68 Y:C945 S:011B D:0000 DB:86 nvMxdiZc V:248 H:333 F:39
							8490BA 64 01       STZ $01       [000001] A:FF00 X:0E68 Y:C945 S:011B D:0000 DB:86 nvMxdiZc V:248 H:338 F:39
							8490BC B5 29       LDA $29,X     [000E91] A:FF00 X:0E68 Y:C945 S:011B D:0000 DB:86 nvMxdiZc V:249 H:  3 F:39
							8490BE 10 02       BPL $0002     [8490C2] A:FFF1 X:0E68 Y:C945 S:011B D:0000 DB:86 NvMxdizc V:249 H:  9 F:39
							8490C0 C6 01       DEC $01       [000001] A:FFF1 X:0E68 Y:C945 S:011B D:0000 DB:86 NvMxdizc V:249 H: 12 F:39
							8490C2 18          CLC                    A:FFF1 X:0E68 Y:C945 S:011B D:0000 DB:86 NvMxdizc V:249 H: 21 F:39
							8490C3 75 05       ADC $05,X     [000E6D] A:FFF1 X:0E68 Y:C945 S:011B D:0000 DB:86 NvMxdizc V:249 H: 24 F:39
							8490C5 85 00       STA $00       [000000] A:FFBB X:0E68 Y:C945 S:011B D:0000 DB:86 NvMxdizC V:249 H: 30 F:39
							8490C7 B5 06       LDA $06,X     [000E6E] A:FFBB X:0E68 Y:C945 S:011B D:0000 DB:86 NvMxdizC V:249 H: 35 F:39
							8490C9 65 01       ADC $01       [000001] A:FF14 X:0E68 Y:C945 S:011B D:0000 DB:86 nvMxdizC V:249 H: 42 F:39
							8490CB 85 01       STA $01       [000001] A:FF14 X:0E68 Y:C945 S:011B D:0000 DB:86 nvMxdizC V:249 H: 47 F:39
							8490CD 64 03       STZ $03       [000003] A:FF14 X:0E68 Y:C945 S:011B D:0000 DB:86 nvMxdizC V:249 H: 52 F:39
							8490CF B5 2A       LDA $2A,X     [000E92] A:FF14 X:0E68 Y:C945 S:011B D:0000 DB:86 nvMxdizC V:249 H: 57 F:39
							8490D1 10 02       BPL $0002     [8490D5] A:FF00 X:0E68 Y:C945 S:011B D:0000 DB:86 nvMxdiZC V:249 H: 63 F:39
							8490D5 18          CLC                    A:FF00 X:0E68 Y:C945 S:011B D:0000 DB:86 nvMxdiZC V:249 H: 68 F:39
							8490D6 75 08       ADC $08,X     [000E70] A:FF00 X:0E68 Y:C945 S:011B D:0000 DB:86 nvMxdiZc V:249 H: 71 F:39
							8490D8 85 02       STA $02       [000002] A:FF9D X:0E68 Y:C945 S:011B D:0000 DB:86 NvMxdizc V:249 H: 77 F:39
							8490DA 29 F0       AND #$F0               A:FF9D X:0E68 Y:C945 S:011B D:0000 DB:86 NvMxdizc V:249 H: 82 F:39
							8490DC 85 0A       STA $0A       [00000A] A:FF90 X:0E68 Y:C945 S:011B D:0000 DB:86 NvMxdizc V:249 H: 85 F:39
							8490DE B5 09       LDA $09,X     [000E71] A:FF90 X:0E68 Y:C945 S:011B D:0000 DB:86 NvMxdizc V:249 H: 90 F:39
							8490E0 65 03       ADC $03       [000003] A:FF0A X:0E68 Y:C945 S:011B D:0000 DB:86 nvMxdizc V:249 H: 97 F:39
							8490E2 85 03       STA $03       [000003] A:FF0A X:0E68 Y:C945 S:011B D:0000 DB:86 nvMxdizc V:249 H:102 F:39
							8490E4 85 0B       STA $0B       [00000B] A:FF0A X:0E68 Y:C945 S:011B D:0000 DB:86 nvMxdizc V:249 H:107 F:39
							8490E6 A5 00       LDA $00       [000000] A:FF0A X:0E68 Y:C945 S:011B D:0000 DB:86 nvMxdizc V:249 H:112 F:39
							8490E8 29 0F       AND #$0F               A:FFBB X:0E68 Y:C945 S:011B D:0000 DB:86 NvMxdizc V:249 H:117 F:39
							8490EA 1A          INC                    A:FF0B X:0E68 Y:C945 S:011B D:0000 DB:86 nvMxdizc V:249 H:120 F:39
							8490EB 85 0C       STA $0C       [00000C] A:FF0C X:0E68 Y:C945 S:011B D:0000 DB:86 nvMxdizc V:249 H:123 F:39
							8490ED A5 02       LDA $02       [000002] A:FF0C X:0E68 Y:C945 S:011B D:0000 DB:86 nvMxdizc V:249 H:128 F:39
							8490EF 29 0F       AND #$0F               A:FF9D X:0E68 Y:C945 S:011B D:0000 DB:86 NvMxdizc V:249 H:133 F:39
							8490F1 1A          INC                    A:FF0D X:0E68 Y:C945 S:011B D:0000 DB:86 nvMxdizc V:249 H:146 F:39
							8490F2 85 0E       STA $0E       [00000E] A:FF0E X:0E68 Y:C945 S:011B D:0000 DB:86 nvMxdizc V:249 H:149 F:39
							8490F4 C2 20       REP #$20               A:FF0E X:0E68 Y:C945 S:011B D:0000 DB:86 nvMxdizc V:249 H:154 F:39
							8490F6 20 6A 91    JSR $916A     [84916A] A:FF0E X:0E68 Y:C945 S:011B D:0000 DB:86 nvmxdizc V:249 H:158 F:39

								84916A A9 00 E8    LDA #$E800             A:FF0E X:0E68 Y:C945 S:0119 D:0000 DB:86 nvmxdizc V:249 H:168 F:39
								84916D 85 10       STA $10       [000010] A:E800 X:0E68 Y:C945 S:0119 D:0000 DB:86 Nvmxdizc V:249 H:173 F:39
								84916F A9 7E 00    LDA #$007E             A:E800 X:0E68 Y:C945 S:0119 D:0000 DB:86 Nvmxdizc V:249 H:180 F:39
								849172 85 12       STA $12       [000012] A:007E X:0E68 Y:C945 S:0119 D:0000 DB:86 nvmxdizc V:249 H:184 F:39
								849174 A5 02       LDA $02       [000002] A:007E X:0E68 Y:C945 S:0119 D:0000 DB:86 nvmxdizc V:249 H:191 F:39
								849176 29 F0 00    AND #$00F0             A:0A9D X:0E68 Y:C945 S:0119 D:0000 DB:86 nvmxdizc V:249 H:198 F:39
								849179 0A          ASL A                  A:0090 X:0E68 Y:C945 S:0119 D:0000 DB:86 nvmxdizc V:249 H:203 F:39
								84917A 85 04       STA $04       [000004] A:0120 X:0E68 Y:C945 S:0119 D:0000 DB:86 nvmxdizc V:249 H:206 F:39
								84917C A5 00       LDA $00       [000000] A:0120 X:0E68 Y:C945 S:0119 D:0000 DB:86 nvmxdizc V:249 H:213 F:39
								84917E 29 FF 00    AND #$00FF             A:14BB X:0E68 Y:C945 S:0119 D:0000 DB:86 nvmxdizc V:249 H:220 F:39
								849181 4A          LSR A                  A:00BB X:0E68 Y:C945 S:0119 D:0000 DB:86 nvmxdizc V:249 H:224 F:39
								849182 4A          LSR A                  A:005D X:0E68 Y:C945 S:0119 D:0000 DB:86 nvmxdizC V:249 H:227 F:39
								849183 4A          LSR A                  A:002E X:0E68 Y:C945 S:0119 D:0000 DB:86 nvmxdizC V:249 H:230 F:39
								849184 29 FE FF    AND #$FFFE             A:0017 X:0E68 Y:C945 S:0119 D:0000 DB:86 nvmxdizc V:249 H:233 F:39
								849187 18          CLC                    A:0016 X:0E68 Y:C945 S:0119 D:0000 DB:86 nvmxdizc V:249 H:238 F:39
								849188 65 04       ADC $04       [000004] A:0016 X:0E68 Y:C945 S:0119 D:0000 DB:86 nvmxdizc V:249 H:241 F:39
								84918A 85 06       STA $06       [000006] A:0136 X:0E68 Y:C945 S:0119 D:0000 DB:86 nvmxdizc V:249 H:248 F:39
								84918C A5 00       LDA $00       [000000] A:0136 X:0E68 Y:C945 S:0119 D:0000 DB:86 nvmxdizc V:249 H:255 F:39
								84918E EB          XBA                    A:14BB X:0E68 Y:C945 S:0119 D:0000 DB:86 nvmxdizc V:249 H:262 F:39
								84918F 29 1F 00    AND #$001F             A:BB14 X:0E68 Y:C945 S:0119 D:0000 DB:86 nvmxdizc V:249 H:266 F:39
								849192 85 04       STA $04       [000004] A:0014 X:0E68 Y:C945 S:0119 D:0000 DB:86 nvmxdizc V:249 H:271 F:39
								849194 A5 02       LDA $02       [000002] A:0014 X:0E68 Y:C945 S:0119 D:0000 DB:86 nvmxdizc V:249 H:278 F:39
								849196 29 00 1F    AND #$1F00             A:0A9D X:0E68 Y:C945 S:0119 D:0000 DB:86 nvmxdizc V:249 H:285 F:39
								849199 4A          LSR A                  A:0A00 X:0E68 Y:C945 S:0119 D:0000 DB:86 nvmxdizc V:249 H:289 F:39
								84919A 4A          LSR A                  A:0500 X:0E68 Y:C945 S:0119 D:0000 DB:86 nvmxdizc V:249 H:292 F:39
								84919B 4A          LSR A                  A:0280 X:0E68 Y:C945 S:0119 D:0000 DB:86 nvmxdizc V:249 H:295 F:39
								84919C 18          CLC                    A:0140 X:0E68 Y:C945 S:0119 D:0000 DB:86 nvmxdizc V:249 H:298 F:39
								84919D 65 04       ADC $04       [000004] A:0140 X:0E68 Y:C945 S:0119 D:0000 DB:86 nvmxdizc V:249 H:301 F:39
								84919F A8          TAY                    A:0154 X:0E68 Y:C945 S:0119 D:0000 DB:86 nvmxdizc V:249 H:308 F:39
								8491A0 B7 10       LDA [$10],Y   [7EE954] A:0154 X:0E68 Y:0154 S:0119 D:0000 DB:86 nvmxdizc V:249 H:311 F:39
								8491A2 29 FF 00    AND #$00FF             A:0038 X:0E68 Y:0154 S:0119 D:0000 DB:86 nvmxdizc V:249 H:324 F:39
								8491A5 A8          TAY                    A:0038 X:0E68 Y:0154 S:0119 D:0000 DB:86 nvmxdizc V:249 H:328 F:39
								8491A6 EB          XBA                    A:0038 X:0E68 Y:0038 S:0119 D:0000 DB:86 nvmxdizc V:249 H:331 F:39
								8491A7 0A          ASL A                  A:3800 X:0E68 Y:0038 S:0119 D:0000 DB:86 nvmxdiZc V:249 H:335 F:39
								8491A8 18          CLC                    A:7000 X:0E68 Y:0038 S:0119 D:0000 DB:86 nvmxdizc V:249 H:338 F:39
								8491A9 65 06       ADC $06       [000006] A:7000 X:0E68 Y:0038 S:0119 D:0000 DB:86 nvmxdizc V:250 H:  1 F:39
								8491AB AA          TAX                    A:7136 X:0E68 Y:0038 S:0119 D:0000 DB:86 nvmxdizc V:250 H:  8 F:39
								8491AC 60          RTS                    A:7136 X:7136 Y:0038 S:0119 D:0000 DB:86 nvmxdizc V:250 H: 11 F:39

							8490F9 BF 00 20 7E LDA $7E2000,X [7E9136] A:7136 X:7136 Y:0038 S:011B D:0000 DB:86 nvmxdizc V:250 H: 21 F:39
							8490FD A8          TAY                    A:0242 X:7136 Y:0038 S:011B D:0000 DB:86 nvmxdizc V:250 H: 31 F:39
							8490FE AD 92 0B    LDA $0B92     [860B92] A:0242 X:7136 Y:0242 S:011B D:0000 DB:86 nvmxdizc V:250 H: 34 F:39
							849101 85 10       STA $10       [000010] A:DB57 X:7136 Y:0242 S:011B D:0000 DB:86 Nvmxdizc V:250 H: 43 F:39
							849103 AD 94 0B    LDA $0B94     [860B94] A:DB57 X:7136 Y:0242 S:011B D:0000 DB:86 Nvmxdizc V:250 H: 50 F:39
							849106 85 12       STA $12       [000012] A:B895 X:7136 Y:0242 S:011B D:0000 DB:86 Nvmxdizc V:250 H: 58 F:39
							849108 B7 10       LDA [$10],Y   [95DD99] A:B895 X:7136 Y:0242 S:011B D:0000 DB:86 Nvmxdizc V:250 H: 65 F:39
							84910A 29 FF 00    AND #$00FF             A:0000 X:7136 Y:0242 S:011B D:0000 DB:86 nvmxdiZc V:250 H: 77 F:39
							84910D 28          PLP                    A:0000 X:7136 Y:0242 S:011B D:0000 DB:86 nvmxdiZc V:250 H: 82 F:39
							84910E FA          PLX                    A:0000 X:7136 Y:0242 S:011C D:0000 DB:86 nvMxdiZc V:250 H: 88 F:39
							84910F 2B          PLD                    A:0000 X:0E68 Y:0242 S:011E D:0000 DB:86 nvMxdizc V:250 H: 97 F:39
							849110 60          RTS                    A:0000 X:0E68 Y:0242 S:0120 D:0000 DB:86 nvMxdiZc V:250 H:105 F:39

						849318 B4 05       LDY $05,X     [000E6D] A:0000 X:0E68 Y:0242 S:0122 D:0000 DB:86 nvMxdiZc V:250 H:115 F:39
						84931A 84 10       STY $10       [000010] A:0000 X:0E68 Y:14CA S:0122 D:0000 DB:86 nvMxdizc V:250 H:124 F:39
						84931C B4 08       LDY $08,X     [000E70] A:0000 X:0E68 Y:14CA S:0122 D:0000 DB:86 nvMxdizc V:250 H:131 F:39
						84931E 84 12       STY $12       [000012] A:0000 X:0E68 Y:0A9D S:0122 D:0000 DB:86 nvMxdizc V:250 H:149 F:39
						849320 95 2D       STA $2D,X     [000E95] A:0000 X:0E68 Y:0A9D S:0122 D:0000 DB:86 nvMxdizc V:250 H:156 F:39
						849322 86 2C       STX $2C       [00002C] A:0000 X:0E68 Y:0A9D S:0122 D:0000 DB:86 nvMxdizc V:250 H:163 F:39
						849324 29 3F       AND #$3F               A:0000 X:0E68 Y:0A9D S:0122 D:0000 DB:86 nvMxdizc V:250 H:170 F:39
						849326 0A          ASL A                  A:0000 X:0E68 Y:0A9D S:0122 D:0000 DB:86 nvMxdiZc V:250 H:173 F:39
						849327 EB          XBA                    A:0000 X:0E68 Y:0A9D S:0122 D:0000 DB:86 nvMxdiZc V:250 H:176 F:39
						849328 A9 00       LDA #$00               A:0000 X:0E68 Y:0A9D S:0122 D:0000 DB:86 nvMxdiZc V:250 H:180 F:39
						84932A EB          XBA                    A:0000 X:0E68 Y:0A9D S:0122 D:0000 DB:86 nvMxdiZc V:250 H:183 F:39
						84932B AA          TAX                    A:0000 X:0E68 Y:0A9D S:0122 D:0000 DB:86 nvMxdiZc V:250 H:188 F:39
						84932C FC 5D 93    JSR ($935D,X) [84935D] A:0000 X:0000 Y:0A9D S:0122 D:0000 DB:86 nvMxdiZc V:250 H:191 F:39

							84977A A9 00       LDA #$00               A:0000 X:0000 Y:0A9D S:0120 D:0000 DB:86 nvMxdiZc V:250 H:204 F:39
							84977C 60          RTS                    A:0000 X:0000 Y:0A9D S:0120 D:0000 DB:86 nvMxdiZc V:250 H:207 F:39

						84932F 08          PHP                    A:0000 X:0000 Y:0A9D S:0122 D:0000 DB:86 nvMxdiZc V:250 H:217 F:39
						849330 A6 2C       LDX $2C       [00002C] A:0000 X:0000 Y:0A9D S:0121 D:0000 DB:86 nvMxdiZc V:250 H:222 F:39
						849332 A9 01       LDA #$01               A:0000 X:0E68 Y:0A9D S:0121 D:0000 DB:86 nvMxdizc V:250 H:229 F:39
						849334 34 29       BIT $29,X     [000E91] A:0001 X:0E68 Y:0A9D S:0121 D:0000 DB:86 nvMxdizc V:250 H:232 F:39
						849336 10 02       BPL $0002     [84933A] A:0001 X:0E68 Y:0A9D S:0121 D:0000 DB:86 NVMxdizc V:250 H:238 F:39
						849338 A9 02       LDA #$02               A:0001 X:0E68 Y:0A9D S:0121 D:0000 DB:86 NVMxdizc V:250 H:241 F:39
						84933A 28          PLP                    A:0002 X:0E68 Y:0A9D S:0121 D:0000 DB:86 nVMxdizc V:250 H:244 F:39
						84933B F0 0C       BEQ $000C     [849349] A:0002 X:0E68 Y:0A9D S:0122 D:0000 DB:86 nvMxdiZc V:250 H:251 F:39
						849349 49 FF       EOR #$FF               A:0002 X:0E68 Y:0A9D S:0122 D:0000 DB:86 nvMxdiZc V:250 H:255 F:39
						84934B 35 2B       AND $2B,X     [000E93] A:00FD X:0E68 Y:0A9D S:0122 D:0000 DB:86 NvMxdizc V:250 H:258 F:39
						84934D 95 2B       STA $2B,X     [000E93] A:0000 X:0E68 Y:0A9D S:0122 D:0000 DB:86 nvMxdiZc V:250 H:265 F:39
						84934F 20 08 93    JSR $9308     [849308] A:0000 X:0E68 Y:0A9D S:0122 D:0000 DB:86 nvMxdiZc V:250 H:271 F:39

							849308 A5 14       LDA $14       [000014] A:0000 X:0E68 Y:0A9D S:0120 D:0000 DB:86 nvMxdiZc V:250 H:281 F:39
							84930A F0 08       BEQ $0008     [849314] A:0000 X:0E68 Y:0A9D S:0120 D:0000 DB:86 nvMxdiZc V:250 H:286 F:39
							849314 60          RTS                    A:0000 X:0E68 Y:0A9D S:0120 D:0000 DB:86 nvMxdiZc V:250 H:291 F:39

						849352 A9 00       LDA #$00               A:0000 X:0E68 Y:0A9D S:0122 D:0000 DB:86 nvMxdiZc V:250 H:301 F:39
						849354 60          RTS                    A:0000 X:0E68 Y:0A9D S:0122 D:0000 DB:86 nvMxdiZc V:250 H:304 F:39

					8492DD D0 26       BNE $0026     [849305] A:0000 X:0E68 Y:0A9D S:0124 D:0000 DB:86 nvMxdiZc V:250 H:314 F:39
					8492DF B4 20       LDY $20,X     [000E88] A:0000 X:0E68 Y:0A9D S:0124 D:0000 DB:86 nvMxdiZc V:250 H:317 F:39
					8492E1 B9 06 00    LDA $0006,Y   [86C94B] A:0000 X:0E68 Y:C945 S:0124 D:0000 DB:86 NvMxdizc V:250 H:325 F:39
					8492E4 38          SEC                    A:0000 X:0E68 Y:C945 S:0124 D:0000 DB:86 nvMxdiZc V:250 H:332 F:39
					8492E5 F9 08 00    SBC $0008,Y   [86C94D] A:0000 X:0E68 Y:C945 S:0124 D:0000 DB:86 nvMxdiZC V:250 H:335 F:39
					8492E8 18          CLC                    A:00F3 X:0E68 Y:C945 S:0124 D:0000 DB:86 NvMxdizc V:251 H:  2 F:39
					8492E9 79 09 00    ADC $0009,Y   [86C94E] A:00F3 X:0E68 Y:C945 S:0124 D:0000 DB:86 NvMxdizc V:251 H:  5 F:39
					8492EC 95 2A       STA $2A,X     [000E92] A:00F8 X:0E68 Y:C945 S:0124 D:0000 DB:86 NvMxdizc V:251 H: 13 F:39
					8492EE 20 15 93    JSR $9315     [849315] A:00F8 X:0E68 Y:C945 S:0124 D:0000 DB:86 NvMxdizc V:251 H: 19 F:39

						849315 20 B3 90    JSR $90B3     [8490B3] A:00F8 X:0E68 Y:C945 S:0122 D:0000 DB:86 NvMxdizc V:251 H: 29 F:39

							8490B3 0B          PHD                    A:00F8 X:0E68 Y:C945 S:0120 D:0000 DB:86 NvMxdizc V:251 H: 39 F:39
							8490B4 DA          PHX                    A:00F8 X:0E68 Y:C945 S:011E D:0000 DB:86 NvMxdizc V:251 H: 46 F:39
							8490B5 08          PHP                    A:00F8 X:0E68 Y:C945 S:011C D:0000 DB:86 NvMxdizc V:251 H: 53 F:39
							8490B6 E2 20       SEP #$20               A:00F8 X:0E68 Y:C945 S:011B D:0000 DB:86 NvMxdizc V:251 H: 58 F:39
							8490B8 C2 10       REP #$10               A:00F8 X:0E68 Y:C945 S:011B D:0000 DB:86 NvMxdizc V:251 H: 63 F:39
							8490BA 64 01       STZ $01       [000001] A:00F8 X:0E68 Y:C945 S:011B D:0000 DB:86 NvMxdizc V:251 H: 67 F:39
							8490BC B5 29       LDA $29,X     [000E91] A:00F8 X:0E68 Y:C945 S:011B D:0000 DB:86 NvMxdizc V:251 H: 72 F:39
							8490BE 10 02       BPL $0002     [8490C2] A:00F1 X:0E68 Y:C945 S:011B D:0000 DB:86 NvMxdizc V:251 H: 79 F:39
							8490C0 C6 01       DEC $01       [000001] A:00F1 X:0E68 Y:C945 S:011B D:0000 DB:86 NvMxdizc V:251 H: 82 F:39
							8490C2 18          CLC                    A:00F1 X:0E68 Y:C945 S:011B D:0000 DB:86 NvMxdizc V:251 H: 90 F:39
							8490C3 75 05       ADC $05,X     [000E6D] A:00F1 X:0E68 Y:C945 S:011B D:0000 DB:86 NvMxdizc V:251 H: 93 F:39
							8490C5 85 00       STA $00       [000000] A:00BB X:0E68 Y:C945 S:011B D:0000 DB:86 NvMxdizC V:251 H:100 F:39
							8490C7 B5 06       LDA $06,X     [000E6E] A:00BB X:0E68 Y:C945 S:011B D:0000 DB:86 NvMxdizC V:251 H:105 F:39
							8490C9 65 01       ADC $01       [000001] A:0014 X:0E68 Y:C945 S:011B D:0000 DB:86 nvMxdizC V:251 H:111 F:39
							8490CB 85 01       STA $01       [000001] A:0014 X:0E68 Y:C945 S:011B D:0000 DB:86 nvMxdizC V:251 H:116 F:39
							8490CD 64 03       STZ $03       [000003] A:0014 X:0E68 Y:C945 S:011B D:0000 DB:86 nvMxdizC V:251 H:121 F:39
							8490CF B5 2A       LDA $2A,X     [000E92] A:0014 X:0E68 Y:C945 S:011B D:0000 DB:86 nvMxdizC V:251 H:126 F:39
							8490D1 10 02       BPL $0002     [8490D5] A:00F8 X:0E68 Y:C945 S:011B D:0000 DB:86 NvMxdizC V:251 H:133 F:39
							8490D3 C6 03       DEC $03       [000003] A:00F8 X:0E68 Y:C945 S:011B D:0000 DB:86 NvMxdizC V:251 H:146 F:39
							8490D5 18          CLC                    A:00F8 X:0E68 Y:C945 S:011B D:0000 DB:86 NvMxdizC V:251 H:154 F:39
							8490D6 75 08       ADC $08,X     [000E70] A:00F8 X:0E68 Y:C945 S:011B D:0000 DB:86 NvMxdizc V:251 H:157 F:39
							8490D8 85 02       STA $02       [000002] A:0095 X:0E68 Y:C945 S:011B D:0000 DB:86 NvMxdizC V:251 H:164 F:39
							8490DA 29 F0       AND #$F0               A:0095 X:0E68 Y:C945 S:011B D:0000 DB:86 NvMxdizC V:251 H:169 F:39
							8490DC 85 0A       STA $0A       [00000A] A:0090 X:0E68 Y:C945 S:011B D:0000 DB:86 NvMxdizC V:251 H:172 F:39
							8490DE B5 09       LDA $09,X     [000E71] A:0090 X:0E68 Y:C945 S:011B D:0000 DB:86 NvMxdizC V:251 H:177 F:39
							8490E0 65 03       ADC $03       [000003] A:000A X:0E68 Y:C945 S:011B D:0000 DB:86 nvMxdizC V:251 H:183 F:39
							8490E2 85 03       STA $03       [000003] A:000A X:0E68 Y:C945 S:011B D:0000 DB:86 nvMxdizC V:251 H:188 F:39
							8490E4 85 0B       STA $0B       [00000B] A:000A X:0E68 Y:C945 S:011B D:0000 DB:86 nvMxdizC V:251 H:193 F:39
							8490E6 A5 00       LDA $00       [000000] A:000A X:0E68 Y:C945 S:011B D:0000 DB:86 nvMxdizC V:251 H:198 F:39
							8490E8 29 0F       AND #$0F               A:00BB X:0E68 Y:C945 S:011B D:0000 DB:86 NvMxdizC V:251 H:203 F:39
							8490EA 1A          INC                    A:000B X:0E68 Y:C945 S:011B D:0000 DB:86 nvMxdizC V:251 H:206 F:39
							8490EB 85 0C       STA $0C       [00000C] A:000C X:0E68 Y:C945 S:011B D:0000 DB:86 nvMxdizC V:251 H:209 F:39
							8490ED A5 02       LDA $02       [000002] A:000C X:0E68 Y:C945 S:011B D:0000 DB:86 nvMxdizC V:251 H:214 F:39
							8490EF 29 0F       AND #$0F               A:0095 X:0E68 Y:C945 S:011B D:0000 DB:86 NvMxdizC V:251 H:219 F:39
							8490F1 1A          INC                    A:0005 X:0E68 Y:C945 S:011B D:0000 DB:86 nvMxdizC V:251 H:222 F:39
							8490F2 85 0E       STA $0E       [00000E] A:0006 X:0E68 Y:C945 S:011B D:0000 DB:86 nvMxdizC V:251 H:225 F:39
							8490F4 C2 20       REP #$20               A:0006 X:0E68 Y:C945 S:011B D:0000 DB:86 nvMxdizC V:251 H:230 F:39
							8490F6 20 6A 91    JSR $916A     [84916A] A:0006 X:0E68 Y:C945 S:011B D:0000 DB:86 nvmxdizC V:251 H:235 F:39

								84916A A9 00 E8    LDA #$E800             A:0006 X:0E68 Y:C945 S:0119 D:0000 DB:86 nvmxdizC V:251 H:245 F:39
								84916D 85 10       STA $10       [000010] A:E800 X:0E68 Y:C945 S:0119 D:0000 DB:86 NvmxdizC V:251 H:249 F:39
								84916F A9 7E 00    LDA #$007E             A:E800 X:0E68 Y:C945 S:0119 D:0000 DB:86 NvmxdizC V:251 H:256 F:39
								849172 85 12       STA $12       [000012] A:007E X:0E68 Y:C945 S:0119 D:0000 DB:86 nvmxdizC V:251 H:261 F:39
								849174 A5 02       LDA $02       [000002] A:007E X:0E68 Y:C945 S:0119 D:0000 DB:86 nvmxdizC V:251 H:268 F:39
								849176 29 F0 00    AND #$00F0             A:0A95 X:0E68 Y:C945 S:0119 D:0000 DB:86 nvmxdizC V:251 H:275 F:39
								849179 0A          ASL A                  A:0090 X:0E68 Y:C945 S:0119 D:0000 DB:86 nvmxdizC V:251 H:279 F:39
								84917A 85 04       STA $04       [000004] A:0120 X:0E68 Y:C945 S:0119 D:0000 DB:86 nvmxdizc V:251 H:282 F:39
								84917C A5 00       LDA $00       [000000] A:0120 X:0E68 Y:C945 S:0119 D:0000 DB:86 nvmxdizc V:251 H:289 F:39
								84917E 29 FF 00    AND #$00FF             A:14BB X:0E68 Y:C945 S:0119 D:0000 DB:86 nvmxdizc V:251 H:296 F:39
								849181 4A          LSR A                  A:00BB X:0E68 Y:C945 S:0119 D:0000 DB:86 nvmxdizc V:251 H:301 F:39
								849182 4A          LSR A                  A:005D X:0E68 Y:C945 S:0119 D:0000 DB:86 nvmxdizC V:251 H:304 F:39
								849183 4A          LSR A                  A:002E X:0E68 Y:C945 S:0119 D:0000 DB:86 nvmxdizC V:251 H:307 F:39
								849184 29 FE FF    AND #$FFFE             A:0017 X:0E68 Y:C945 S:0119 D:0000 DB:86 nvmxdizc V:251 H:310 F:39
								849187 18          CLC                    A:0016 X:0E68 Y:C945 S:0119 D:0000 DB:86 nvmxdizc V:251 H:314 F:39
								849188 65 04       ADC $04       [000004] A:0016 X:0E68 Y:C945 S:0119 D:0000 DB:86 nvmxdizc V:251 H:317 F:39
								84918A 85 06       STA $06       [000006] A:0136 X:0E68 Y:C945 S:0119 D:0000 DB:86 nvmxdizc V:251 H:324 F:39
								84918C A5 00       LDA $00       [000000] A:0136 X:0E68 Y:C945 S:0119 D:0000 DB:86 nvmxdizc V:251 H:330 F:39
								84918E EB          XBA                    A:14BB X:0E68 Y:C945 S:0119 D:0000 DB:86 nvmxdizc V:251 H:337 F:39
								84918F 29 1F 00    AND #$001F             A:BB14 X:0E68 Y:C945 S:0119 D:0000 DB:86 nvmxdizc V:252 H:  2 F:39
								849192 85 04       STA $04       [000004] A:0014 X:0E68 Y:C945 S:0119 D:0000 DB:86 nvmxdizc V:252 H:  6 F:39
								849194 A5 02       LDA $02       [000002] A:0014 X:0E68 Y:C945 S:0119 D:0000 DB:86 nvmxdizc V:252 H: 13 F:39
								849196 29 00 1F    AND #$1F00             A:0A95 X:0E68 Y:C945 S:0119 D:0000 DB:86 nvmxdizc V:252 H: 20 F:39
								849199 4A          LSR A                  A:0A00 X:0E68 Y:C945 S:0119 D:0000 DB:86 nvmxdizc V:252 H: 25 F:39
								84919A 4A          LSR A                  A:0500 X:0E68 Y:C945 S:0119 D:0000 DB:86 nvmxdizc V:252 H: 28 F:39
								84919B 4A          LSR A                  A:0280 X:0E68 Y:C945 S:0119 D:0000 DB:86 nvmxdizc V:252 H: 31 F:39
								84919C 18          CLC                    A:0140 X:0E68 Y:C945 S:0119 D:0000 DB:86 nvmxdizc V:252 H: 34 F:39
								84919D 65 04       ADC $04       [000004] A:0140 X:0E68 Y:C945 S:0119 D:0000 DB:86 nvmxdizc V:252 H: 37 F:39
								84919F A8          TAY                    A:0154 X:0E68 Y:C945 S:0119 D:0000 DB:86 nvmxdizc V:252 H: 44 F:39
								8491A0 B7 10       LDA [$10],Y   [7EE954] A:0154 X:0E68 Y:0154 S:0119 D:0000 DB:86 nvmxdizc V:252 H: 47 F:39
								8491A2 29 FF 00    AND #$00FF             A:0038 X:0E68 Y:0154 S:0119 D:0000 DB:86 nvmxdizc V:252 H: 60 F:39
								8491A5 A8          TAY                    A:0038 X:0E68 Y:0154 S:0119 D:0000 DB:86 nvmxdizc V:252 H: 64 F:39
								8491A6 EB          XBA                    A:0038 X:0E68 Y:0038 S:0119 D:0000 DB:86 nvmxdizc V:252 H: 67 F:39
								8491A7 0A          ASL A                  A:3800 X:0E68 Y:0038 S:0119 D:0000 DB:86 nvmxdiZc V:252 H: 72 F:39
								8491A8 18          CLC                    A:7000 X:0E68 Y:0038 S:0119 D:0000 DB:86 nvmxdizc V:252 H: 75 F:39
								8491A9 65 06       ADC $06       [000006] A:7000 X:0E68 Y:0038 S:0119 D:0000 DB:86 nvmxdizc V:252 H: 78 F:39
								8491AB AA          TAX                    A:7136 X:0E68 Y:0038 S:0119 D:0000 DB:86 nvmxdizc V:252 H: 85 F:39
								8491AC 60          RTS                    A:7136 X:7136 Y:0038 S:0119 D:0000 DB:86 nvmxdizc V:252 H: 88 F:39

							8490F9 BF 00 20 7E LDA $7E2000,X [7E9136] A:7136 X:7136 Y:0038 S:011B D:0000 DB:86 nvmxdizc V:252 H: 98 F:39
							8490FD A8          TAY                    A:0242 X:7136 Y:0038 S:011B D:0000 DB:86 nvmxdizc V:252 H:108 F:39
							8490FE AD 92 0B    LDA $0B92     [860B92] A:0242 X:7136 Y:0242 S:011B D:0000 DB:86 nvmxdizc V:252 H:111 F:39
							849101 85 10       STA $10       [000010] A:DB57 X:7136 Y:0242 S:011B D:0000 DB:86 Nvmxdizc V:252 H:119 F:39
							849103 AD 94 0B    LDA $0B94     [860B94] A:DB57 X:7136 Y:0242 S:011B D:0000 DB:86 Nvmxdizc V:252 H:126 F:39
							849106 85 12       STA $12       [000012] A:B895 X:7136 Y:0242 S:011B D:0000 DB:86 Nvmxdizc V:252 H:145 F:39
							849108 B7 10       LDA [$10],Y   [95DD99] A:B895 X:7136 Y:0242 S:011B D:0000 DB:86 Nvmxdizc V:252 H:152 F:39
							84910A 29 FF 00    AND #$00FF             A:0000 X:7136 Y:0242 S:011B D:0000 DB:86 nvmxdiZc V:252 H:164 F:39
							84910D 28          PLP                    A:0000 X:7136 Y:0242 S:011B D:0000 DB:86 nvmxdiZc V:252 H:168 F:39
							84910E FA          PLX                    A:0000 X:7136 Y:0242 S:011C D:0000 DB:86 NvMxdizc V:252 H:175 F:39
							84910F 2B          PLD                    A:0000 X:0E68 Y:0242 S:011E D:0000 DB:86 nvMxdizc V:252 H:183 F:39
							849110 60          RTS                    A:0000 X:0E68 Y:0242 S:0120 D:0000 DB:86 nvMxdiZc V:252 H:192 F:39

						849318 B4 05       LDY $05,X     [000E6D] A:0000 X:0E68 Y:0242 S:0122 D:0000 DB:86 nvMxdiZc V:252 H:202 F:39
						84931A 84 10       STY $10       [000010] A:0000 X:0E68 Y:14CA S:0122 D:0000 DB:86 nvMxdizc V:252 H:210 F:39
						84931C B4 08       LDY $08,X     [000E70] A:0000 X:0E68 Y:14CA S:0122 D:0000 DB:86 nvMxdizc V:252 H:217 F:39
						84931E 84 12       STY $12       [000012] A:0000 X:0E68 Y:0A9D S:0122 D:0000 DB:86 nvMxdizc V:252 H:226 F:39
						849320 95 2D       STA $2D,X     [000E95] A:0000 X:0E68 Y:0A9D S:0122 D:0000 DB:86 nvMxdizc V:252 H:233 F:39
						849322 86 2C       STX $2C       [00002C] A:0000 X:0E68 Y:0A9D S:0122 D:0000 DB:86 nvMxdizc V:252 H:239 F:39
						849324 29 3F       AND #$3F               A:0000 X:0E68 Y:0A9D S:0122 D:0000 DB:86 nvMxdizc V:252 H:246 F:39
						849326 0A          ASL A                  A:0000 X:0E68 Y:0A9D S:0122 D:0000 DB:86 nvMxdiZc V:252 H:249 F:39
						849327 EB          XBA                    A:0000 X:0E68 Y:0A9D S:0122 D:0000 DB:86 nvMxdiZc V:252 H:252 F:39
						849328 A9 00       LDA #$00               A:0000 X:0E68 Y:0A9D S:0122 D:0000 DB:86 nvMxdiZc V:252 H:257 F:39
						84932A EB          XBA                    A:0000 X:0E68 Y:0A9D S:0122 D:0000 DB:86 nvMxdiZc V:252 H:260 F:39
						84932B AA          TAX                    A:0000 X:0E68 Y:0A9D S:0122 D:0000 DB:86 nvMxdiZc V:252 H:264 F:39
						84932C FC 5D 93    JSR ($935D,X) [84935D] A:0000 X:0000 Y:0A9D S:0122 D:0000 DB:86 nvMxdiZc V:252 H:267 F:39

							84977A A9 00       LDA #$00               A:0000 X:0000 Y:0A9D S:0120 D:0000 DB:86 nvMxdiZc V:252 H:280 F:39
							84977C 60          RTS                    A:0000 X:0000 Y:0A9D S:0120 D:0000 DB:86 nvMxdiZc V:252 H:283 F:39

						84932F 08          PHP                    A:0000 X:0000 Y:0A9D S:0122 D:0000 DB:86 nvMxdiZc V:252 H:293 F:39
						849330 A6 2C       LDX $2C       [00002C] A:0000 X:0000 Y:0A9D S:0121 D:0000 DB:86 nvMxdiZc V:252 H:298 F:39
						849332 A9 01       LDA #$01               A:0000 X:0E68 Y:0A9D S:0121 D:0000 DB:86 nvMxdizc V:252 H:305 F:39
						849334 34 29       BIT $29,X     [000E91] A:0001 X:0E68 Y:0A9D S:0121 D:0000 DB:86 nvMxdizc V:252 H:308 F:39
						849336 10 02       BPL $0002     [84933A] A:0001 X:0E68 Y:0A9D S:0121 D:0000 DB:86 NVMxdizc V:252 H:315 F:39
						849338 A9 02       LDA #$02               A:0001 X:0E68 Y:0A9D S:0121 D:0000 DB:86 NVMxdizc V:252 H:318 F:39
						84933A 28          PLP                    A:0002 X:0E68 Y:0A9D S:0121 D:0000 DB:86 nVMxdizc V:252 H:321 F:39
						84933B F0 0C       BEQ $000C     [849349] A:0002 X:0E68 Y:0A9D S:0122 D:0000 DB:86 nvMxdiZc V:252 H:327 F:39
						849349 49 FF       EOR #$FF               A:0002 X:0E68 Y:0A9D S:0122 D:0000 DB:86 nvMxdiZc V:252 H:331 F:39
						84934B 35 2B       AND $2B,X     [000E93] A:00FD X:0E68 Y:0A9D S:0122 D:0000 DB:86 NvMxdizc V:252 H:334 F:39
						84934D 95 2B       STA $2B,X     [000E93] A:0000 X:0E68 Y:0A9D S:0122 D:0000 DB:86 nvMxdiZc V:253 H:  0 F:39
						84934F 20 08 93    JSR $9308     [849308] A:0000 X:0E68 Y:0A9D S:0122 D:0000 DB:86 nvMxdiZc V:253 H:  7 F:39

							849308 A5 14       LDA $14       [000014] A:0000 X:0E68 Y:0A9D S:0120 D:0000 DB:86 nvMxdiZc V:253 H: 17 F:39
							84930A F0 08       BEQ $0008     [849314] A:0000 X:0E68 Y:0A9D S:0120 D:0000 DB:86 nvMxdiZc V:253 H: 22 F:39
							849314 60          RTS                    A:0000 X:0E68 Y:0A9D S:0120 D:0000 DB:86 nvMxdiZc V:253 H: 26 F:39

						849352 A9 00       LDA #$00               A:0000 X:0E68 Y:0A9D S:0122 D:0000 DB:86 nvMxdiZc V:253 H: 36 F:39
						849354 60          RTS                    A:0000 X:0E68 Y:0A9D S:0122 D:0000 DB:86 nvMxdiZc V:253 H: 39 F:39

					8492F1 D0 12       BNE $0012     [849305] A:0000 X:0E68 Y:0A9D S:0124 D:0000 DB:86 nvMxdiZc V:253 H: 49 F:39
					8492F3 B4 20       LDY $20,X     [000E88] A:0000 X:0E68 Y:0A9D S:0124 D:0000 DB:86 nvMxdiZc V:253 H: 52 F:39
					8492F5 B9 06 00    LDA $0006,Y   [86C94B] A:0000 X:0E68 Y:C945 S:0124 D:0000 DB:86 NvMxdizc V:253 H: 61 F:39
					8492F8 18          CLC                    A:0000 X:0E68 Y:C945 S:0124 D:0000 DB:86 nvMxdiZc V:253 H: 68 F:39
					8492F9 79 08 00    ADC $0008,Y   [86C94D] A:0000 X:0E68 Y:C945 S:0124 D:0000 DB:86 nvMxdiZc V:253 H: 71 F:39
					8492FC 38          SEC                    A:000D X:0E68 Y:C945 S:0124 D:0000 DB:86 nvMxdizc V:253 H: 79 F:39
					8492FD F9 09 00    SBC $0009,Y   [86C94E] A:000D X:0E68 Y:C945 S:0124 D:0000 DB:86 nvMxdizC V:253 H: 82 F:39
					849300 95 2A       STA $2A,X     [000E92] A:0008 X:0E68 Y:C945 S:0124 D:0000 DB:86 nvMxdizC V:253 H: 89 F:39
					849302 20 15 93    JSR $9315     [849315] A:0008 X:0E68 Y:C945 S:0124 D:0000 DB:86 nvMxdizC V:253 H: 96 F:39

						849315 20 B3 90    JSR $90B3     [8490B3] A:0008 X:0E68 Y:C945 S:0122 D:0000 DB:86 nvMxdizC V:253 H:106 F:39

							8490B3 0B          PHD                    A:0008 X:0E68 Y:C945 S:0120 D:0000 DB:86 nvMxdizC V:253 H:116 F:39
							8490B4 DA          PHX                    A:0008 X:0E68 Y:C945 S:011E D:0000 DB:86 nvMxdizC V:253 H:123 F:39
							8490B5 08          PHP                    A:0008 X:0E68 Y:C945 S:011C D:0000 DB:86 nvMxdizC V:253 H:130 F:39
							8490B6 E2 20       SEP #$20               A:0008 X:0E68 Y:C945 S:011B D:0000 DB:86 nvMxdizC V:253 H:145 F:39
							8490B8 C2 10       REP #$10               A:0008 X:0E68 Y:C945 S:011B D:0000 DB:86 nvMxdizC V:253 H:149 F:39
							8490BA 64 01       STZ $01       [000001] A:0008 X:0E68 Y:C945 S:011B D:0000 DB:86 nvMxdizC V:253 H:154 F:39
							8490BC B5 29       LDA $29,X     [000E91] A:0008 X:0E68 Y:C945 S:011B D:0000 DB:86 nvMxdizC V:253 H:159 F:39
							8490BE 10 02       BPL $0002     [8490C2] A:00F1 X:0E68 Y:C945 S:011B D:0000 DB:86 NvMxdizC V:253 H:165 F:39
							8490C0 C6 01       DEC $01       [000001] A:00F1 X:0E68 Y:C945 S:011B D:0000 DB:86 NvMxdizC V:253 H:168 F:39
							8490C2 18          CLC                    A:00F1 X:0E68 Y:C945 S:011B D:0000 DB:86 NvMxdizC V:253 H:177 F:39
							8490C3 75 05       ADC $05,X     [000E6D] A:00F1 X:0E68 Y:C945 S:011B D:0000 DB:86 NvMxdizc V:253 H:180 F:39
							8490C5 85 00       STA $00       [000000] A:00BB X:0E68 Y:C945 S:011B D:0000 DB:86 NvMxdizC V:253 H:186 F:39
							8490C7 B5 06       LDA $06,X     [000E6E] A:00BB X:0E68 Y:C945 S:011B D:0000 DB:86 NvMxdizC V:253 H:191 F:39
							8490C9 65 01       ADC $01       [000001] A:0014 X:0E68 Y:C945 S:011B D:0000 DB:86 nvMxdizC V:253 H:198 F:39
							8490CB 85 01       STA $01       [000001] A:0014 X:0E68 Y:C945 S:011B D:0000 DB:86 nvMxdizC V:253 H:203 F:39
							8490CD 64 03       STZ $03       [000003] A:0014 X:0E68 Y:C945 S:011B D:0000 DB:86 nvMxdizC V:253 H:208 F:39
							8490CF B5 2A       LDA $2A,X     [000E92] A:0014 X:0E68 Y:C945 S:011B D:0000 DB:86 nvMxdizC V:253 H:213 F:39
							8490D1 10 02       BPL $0002     [8490D5] A:0008 X:0E68 Y:C945 S:011B D:0000 DB:86 nvMxdizC V:253 H:219 F:39
							8490D5 18          CLC                    A:0008 X:0E68 Y:C945 S:011B D:0000 DB:86 nvMxdizC V:253 H:224 F:39
							8490D6 75 08       ADC $08,X     [000E70] A:0008 X:0E68 Y:C945 S:011B D:0000 DB:86 nvMxdizc V:253 H:227 F:39
							8490D8 85 02       STA $02       [000002] A:00A5 X:0E68 Y:C945 S:011B D:0000 DB:86 NvMxdizc V:253 H:233 F:39
							8490DA 29 F0       AND #$F0               A:00A5 X:0E68 Y:C945 S:011B D:0000 DB:86 NvMxdizc V:253 H:238 F:39
							8490DC 85 0A       STA $0A       [00000A] A:00A0 X:0E68 Y:C945 S:011B D:0000 DB:86 NvMxdizc V:253 H:241 F:39
							8490DE B5 09       LDA $09,X     [000E71] A:00A0 X:0E68 Y:C945 S:011B D:0000 DB:86 NvMxdizc V:253 H:246 F:39
							8490E0 65 03       ADC $03       [000003] A:000A X:0E68 Y:C945 S:011B D:0000 DB:86 nvMxdizc V:253 H:253 F:39
							8490E2 85 03       STA $03       [000003] A:000A X:0E68 Y:C945 S:011B D:0000 DB:86 nvMxdizc V:253 H:258 F:39
							8490E4 85 0B       STA $0B       [00000B] A:000A X:0E68 Y:C945 S:011B D:0000 DB:86 nvMxdizc V:253 H:263 F:39
							8490E6 A5 00       LDA $00       [000000] A:000A X:0E68 Y:C945 S:011B D:0000 DB:86 nvMxdizc V:253 H:268 F:39
							8490E8 29 0F       AND #$0F               A:00BB X:0E68 Y:C945 S:011B D:0000 DB:86 NvMxdizc V:253 H:273 F:39
							8490EA 1A          INC                    A:000B X:0E68 Y:C945 S:011B D:0000 DB:86 nvMxdizc V:253 H:276 F:39
							8490EB 85 0C       STA $0C       [00000C] A:000C X:0E68 Y:C945 S:011B D:0000 DB:86 nvMxdizc V:253 H:279 F:39
							8490ED A5 02       LDA $02       [000002] A:000C X:0E68 Y:C945 S:011B D:0000 DB:86 nvMxdizc V:253 H:284 F:39
							8490EF 29 0F       AND #$0F               A:00A5 X:0E68 Y:C945 S:011B D:0000 DB:86 NvMxdizc V:253 H:289 F:39
							8490F1 1A          INC                    A:0005 X:0E68 Y:C945 S:011B D:0000 DB:86 nvMxdizc V:253 H:292 F:39
							8490F2 85 0E       STA $0E       [00000E] A:0006 X:0E68 Y:C945 S:011B D:0000 DB:86 nvMxdizc V:253 H:295 F:39
							8490F4 C2 20       REP #$20               A:0006 X:0E68 Y:C945 S:011B D:0000 DB:86 nvMxdizc V:253 H:300 F:39
							8490F6 20 6A 91    JSR $916A     [84916A] A:0006 X:0E68 Y:C945 S:011B D:0000 DB:86 nvmxdizc V:253 H:304 F:39

								84916A A9 00 E8    LDA #$E800             A:0006 X:0E68 Y:C945 S:0119 D:0000 DB:86 nvmxdizc V:253 H:314 F:39
								84916D 85 10       STA $10       [000010] A:E800 X:0E68 Y:C945 S:0119 D:0000 DB:86 Nvmxdizc V:253 H:319 F:39
								84916F A9 7E 00    LDA #$007E             A:E800 X:0E68 Y:C945 S:0119 D:0000 DB:86 Nvmxdizc V:253 H:325 F:39
								849172 85 12       STA $12       [000012] A:007E X:0E68 Y:C945 S:0119 D:0000 DB:86 nvmxdizc V:253 H:329 F:39
								849174 A5 02       LDA $02       [000002] A:007E X:0E68 Y:C945 S:0119 D:0000 DB:86 nvmxdizc V:253 H:336 F:39
								849176 29 F0 00    AND #$00F0             A:0AA5 X:0E68 Y:C945 S:0119 D:0000 DB:86 nvmxdizc V:254 H:  3 F:39
								849179 0A          ASL A                  A:00A0 X:0E68 Y:C945 S:0119 D:0000 DB:86 nvmxdizc V:254 H:  8 F:39
								84917A 85 04       STA $04       [000004] A:0140 X:0E68 Y:C945 S:0119 D:0000 DB:86 nvmxdizc V:254 H: 11 F:39
								84917C A5 00       LDA $00       [000000] A:0140 X:0E68 Y:C945 S:0119 D:0000 DB:86 nvmxdizc V:254 H: 18 F:39
								84917E 29 FF 00    AND #$00FF             A:14BB X:0E68 Y:C945 S:0119 D:0000 DB:86 nvmxdizc V:254 H: 25 F:39
								849181 4A          LSR A                  A:00BB X:0E68 Y:C945 S:0119 D:0000 DB:86 nvmxdizc V:254 H: 29 F:39
								849182 4A          LSR A                  A:005D X:0E68 Y:C945 S:0119 D:0000 DB:86 nvmxdizC V:254 H: 32 F:39
								849183 4A          LSR A                  A:002E X:0E68 Y:C945 S:0119 D:0000 DB:86 nvmxdizC V:254 H: 35 F:39
								849184 29 FE FF    AND #$FFFE             A:0017 X:0E68 Y:C945 S:0119 D:0000 DB:86 nvmxdizc V:254 H: 38 F:39
								849187 18          CLC                    A:0016 X:0E68 Y:C945 S:0119 D:0000 DB:86 nvmxdizc V:254 H: 43 F:39
								849188 65 04       ADC $04       [000004] A:0016 X:0E68 Y:C945 S:0119 D:0000 DB:86 nvmxdizc V:254 H: 46 F:39
								84918A 85 06       STA $06       [000006] A:0156 X:0E68 Y:C945 S:0119 D:0000 DB:86 nvmxdizc V:254 H: 53 F:39
								84918C A5 00       LDA $00       [000000] A:0156 X:0E68 Y:C945 S:0119 D:0000 DB:86 nvmxdizc V:254 H: 60 F:39
								84918E EB          XBA                    A:14BB X:0E68 Y:C945 S:0119 D:0000 DB:86 nvmxdizc V:254 H: 67 F:39
								84918F 29 1F 00    AND #$001F             A:BB14 X:0E68 Y:C945 S:0119 D:0000 DB:86 nvmxdizc V:254 H: 71 F:39
								849192 85 04       STA $04       [000004] A:0014 X:0E68 Y:C945 S:0119 D:0000 DB:86 nvmxdizc V:254 H: 76 F:39
								849194 A5 02       LDA $02       [000002] A:0014 X:0E68 Y:C945 S:0119 D:0000 DB:86 nvmxdizc V:254 H: 83 F:39
								849196 29 00 1F    AND #$1F00             A:0AA5 X:0E68 Y:C945 S:0119 D:0000 DB:86 nvmxdizc V:254 H: 90 F:39
								849199 4A          LSR A                  A:0A00 X:0E68 Y:C945 S:0119 D:0000 DB:86 nvmxdizc V:254 H: 94 F:39
								84919A 4A          LSR A                  A:0500 X:0E68 Y:C945 S:0119 D:0000 DB:86 nvmxdizc V:254 H: 97 F:39
								84919B 4A          LSR A                  A:0280 X:0E68 Y:C945 S:0119 D:0000 DB:86 nvmxdizc V:254 H:100 F:39
								84919C 18          CLC                    A:0140 X:0E68 Y:C945 S:0119 D:0000 DB:86 nvmxdizc V:254 H:103 F:39
								84919D 65 04       ADC $04       [000004] A:0140 X:0E68 Y:C945 S:0119 D:0000 DB:86 nvmxdizc V:254 H:106 F:39
								84919F A8          TAY                    A:0154 X:0E68 Y:C945 S:0119 D:0000 DB:86 nvmxdizc V:254 H:113 F:39
								8491A0 B7 10       LDA [$10],Y   [7EE954] A:0154 X:0E68 Y:0154 S:0119 D:0000 DB:86 nvmxdizc V:254 H:116 F:39
								8491A2 29 FF 00    AND #$00FF             A:0038 X:0E68 Y:0154 S:0119 D:0000 DB:86 nvmxdizc V:254 H:129 F:39
								8491A5 A8          TAY                    A:0038 X:0E68 Y:0154 S:0119 D:0000 DB:86 nvmxdizc V:254 H:134 F:39
								8491A6 EB          XBA                    A:0038 X:0E68 Y:0038 S:0119 D:0000 DB:86 nvmxdizc V:254 H:147 F:39
								8491A7 0A          ASL A                  A:3800 X:0E68 Y:0038 S:0119 D:0000 DB:86 nvmxdiZc V:254 H:151 F:39
								8491A8 18          CLC                    A:7000 X:0E68 Y:0038 S:0119 D:0000 DB:86 nvmxdizc V:254 H:154 F:39
								8491A9 65 06       ADC $06       [000006] A:7000 X:0E68 Y:0038 S:0119 D:0000 DB:86 nvmxdizc V:254 H:157 F:39
								8491AB AA          TAX                    A:7156 X:0E68 Y:0038 S:0119 D:0000 DB:86 nvmxdizc V:254 H:164 F:39
								8491AC 60          RTS                    A:7156 X:7156 Y:0038 S:0119 D:0000 DB:86 nvmxdizc V:254 H:167 F:39

							8490F9 BF 00 20 7E LDA $7E2000,X [7E9156] A:7156 X:7156 Y:0038 S:011B D:0000 DB:86 nvmxdizc V:254 H:177 F:39
							8490FD A8          TAY                    A:01D3 X:7156 Y:0038 S:011B D:0000 DB:86 nvmxdizc V:254 H:187 F:39
							8490FE AD 92 0B    LDA $0B92     [860B92] A:01D3 X:7156 Y:01D3 S:011B D:0000 DB:86 nvmxdizc V:254 H:190 F:39
							849101 85 10       STA $10       [000010] A:DB57 X:7156 Y:01D3 S:011B D:0000 DB:86 Nvmxdizc V:254 H:199 F:39
							849103 AD 94 0B    LDA $0B94     [860B94] A:DB57 X:7156 Y:01D3 S:011B D:0000 DB:86 Nvmxdizc V:254 H:206 F:39
							849106 85 12       STA $12       [000012] A:B895 X:7156 Y:01D3 S:011B D:0000 DB:86 Nvmxdizc V:254 H:214 F:39
							849108 B7 10       LDA [$10],Y   [95DD2A] A:B895 X:7156 Y:01D3 S:011B D:0000 DB:86 Nvmxdizc V:254 H:221 F:39
							84910A 29 FF 00    AND #$00FF             A:0000 X:7156 Y:01D3 S:011B D:0000 DB:86 nvmxdiZc V:254 H:233 F:39
							84910D 28          PLP                    A:0000 X:7156 Y:01D3 S:011B D:0000 DB:86 nvmxdiZc V:254 H:238 F:39
							84910E FA          PLX                    A:0000 X:7156 Y:01D3 S:011C D:0000 DB:86 nvMxdizC V:254 H:244 F:39
							84910F 2B          PLD                    A:0000 X:0E68 Y:01D3 S:011E D:0000 DB:86 nvMxdizC V:254 H:253 F:39
							849110 60          RTS                    A:0000 X:0E68 Y:01D3 S:0120 D:0000 DB:86 nvMxdiZC V:254 H:261 F:39

						849318 B4 05       LDY $05,X     [000E6D] A:0000 X:0E68 Y:01D3 S:0122 D:0000 DB:86 nvMxdiZC V:254 H:271 F:39
						84931A 84 10       STY $10       [000010] A:0000 X:0E68 Y:14CA S:0122 D:0000 DB:86 nvMxdizC V:254 H:280 F:39
						84931C B4 08       LDY $08,X     [000E70] A:0000 X:0E68 Y:14CA S:0122 D:0000 DB:86 nvMxdizC V:254 H:287 F:39
						84931E 84 12       STY $12       [000012] A:0000 X:0E68 Y:0A9D S:0122 D:0000 DB:86 nvMxdizC V:254 H:295 F:39
						849320 95 2D       STA $2D,X     [000E95] A:0000 X:0E68 Y:0A9D S:0122 D:0000 DB:86 nvMxdizC V:254 H:302 F:39
						849322 86 2C       STX $2C       [00002C] A:0000 X:0E68 Y:0A9D S:0122 D:0000 DB:86 nvMxdizC V:254 H:309 F:39
						849324 29 3F       AND #$3F               A:0000 X:0E68 Y:0A9D S:0122 D:0000 DB:86 nvMxdizC V:254 H:316 F:39
						849326 0A          ASL A                  A:0000 X:0E68 Y:0A9D S:0122 D:0000 DB:86 nvMxdiZC V:254 H:319 F:39
						849327 EB          XBA                    A:0000 X:0E68 Y:0A9D S:0122 D:0000 DB:86 nvMxdiZc V:254 H:322 F:39
						849328 A9 00       LDA #$00               A:0000 X:0E68 Y:0A9D S:0122 D:0000 DB:86 nvMxdiZc V:254 H:326 F:39
						84932A EB          XBA                    A:0000 X:0E68 Y:0A9D S:0122 D:0000 DB:86 nvMxdiZc V:254 H:328 F:39
						84932B AA          TAX                    A:0000 X:0E68 Y:0A9D S:0122 D:0000 DB:86 nvMxdiZc V:254 H:333 F:39
						84932C FC 5D 93    JSR ($935D,X) [84935D] A:0000 X:0000 Y:0A9D S:0122 D:0000 DB:86 nvMxdiZc V:254 H:336 F:39

							84977A A9 00       LDA #$00               A:0000 X:0000 Y:0A9D S:0120 D:0000 DB:86 nvMxdiZc V:255 H:  9 F:39
							84977C 60          RTS                    A:0000 X:0000 Y:0A9D S:0120 D:0000 DB:86 nvMxdiZc V:255 H: 12 F:39

						84932F 08          PHP                    A:0000 X:0000 Y:0A9D S:0122 D:0000 DB:86 nvMxdiZc V:255 H: 22 F:39
						849330 A6 2C       LDX $2C       [00002C] A:0000 X:0000 Y:0A9D S:0121 D:0000 DB:86 nvMxdiZc V:255 H: 27 F:39
						849332 A9 01       LDA #$01               A:0000 X:0E68 Y:0A9D S:0121 D:0000 DB:86 nvMxdizc V:255 H: 34 F:39
						849334 34 29       BIT $29,X     [000E91] A:0001 X:0E68 Y:0A9D S:0121 D:0000 DB:86 nvMxdizc V:255 H: 37 F:39
						849336 10 02       BPL $0002     [84933A] A:0001 X:0E68 Y:0A9D S:0121 D:0000 DB:86 NVMxdizc V:255 H: 43 F:39
						849338 A9 02       LDA #$02               A:0001 X:0E68 Y:0A9D S:0121 D:0000 DB:86 NVMxdizc V:255 H: 46 F:39
						84933A 28          PLP                    A:0002 X:0E68 Y:0A9D S:0121 D:0000 DB:86 nVMxdizc V:255 H: 49 F:39
						84933B F0 0C       BEQ $000C     [849349] A:0002 X:0E68 Y:0A9D S:0122 D:0000 DB:86 nvMxdiZc V:255 H: 56 F:39
						849349 49 FF       EOR #$FF               A:0002 X:0E68 Y:0A9D S:0122 D:0000 DB:86 nvMxdiZc V:255 H: 60 F:39
						84934B 35 2B       AND $2B,X     [000E93] A:00FD X:0E68 Y:0A9D S:0122 D:0000 DB:86 NvMxdizc V:255 H: 63 F:39
						84934D 95 2B       STA $2B,X     [000E93] A:0000 X:0E68 Y:0A9D S:0122 D:0000 DB:86 nvMxdiZc V:255 H: 70 F:39
						84934F 20 08 93    JSR $9308     [849308] A:0000 X:0E68 Y:0A9D S:0122 D:0000 DB:86 nvMxdiZc V:255 H: 76 F:39

							849308 A5 14       LDA $14       [000014] A:0000 X:0E68 Y:0A9D S:0120 D:0000 DB:86 nvMxdiZc V:255 H: 86 F:39
							84930A F0 08       BEQ $0008     [849314] A:0000 X:0E68 Y:0A9D S:0120 D:0000 DB:86 nvMxdiZc V:255 H: 91 F:39
							849314 60          RTS                    A:0000 X:0E68 Y:0A9D S:0120 D:0000 DB:86 nvMxdiZc V:255 H: 96 F:39

						849352 A9 00       LDA #$00               A:0000 X:0E68 Y:0A9D S:0122 D:0000 DB:86 nvMxdiZc V:255 H:106 F:39
						849354 60          RTS                    A:0000 X:0E68 Y:0A9D S:0122 D:0000 DB:86 nvMxdiZc V:255 H:109 F:39

					849305 C2 30       REP #$30               A:0000 X:0E68 Y:0A9D S:0124 D:0000 DB:86 nvMxdiZc V:255 H:119 F:39
					849307 60          RTS                    A:0000 X:0E68 Y:0A9D S:0124 D:0000 DB:86 nvmxdiZc V:255 H:123 F:39

				8491D8 20 ED 91    JSR $91ED     [8491ED] A:0000 X:0E68 Y:0A9D S:0126 D:0000 DB:86 nvmxdiZc V:255 H:143 F:39

					8491ED B5 08       LDA $08,X     [000E70] A:0000 X:0E68 Y:0A9D S:0124 D:0000 DB:86 nvmxdiZc V:255 H:153 F:39
					8491EF D5 24       CMP $24,X     [000E8C] A:0A9D X:0E68 Y:0A9D S:0124 D:0000 DB:86 nvmxdizc V:255 H:162 F:39
					8491F1 F0 F2       BEQ $00F2     [8491E5] A:0A9D X:0E68 Y:0A9D S:0124 D:0000 DB:86 nvmxdiZC V:255 H:170 F:39
					8491E5 B5 1C       LDA $1C,X     [000E84] A:0A9D X:0E68 Y:0A9D S:0124 D:0000 DB:86 nvmxdiZC V:255 H:175 F:39
					8491E7 F0 F5       BEQ $00F5     [8491DE] A:0000 X:0E68 Y:0A9D S:0124 D:0000 DB:86 nvmxdiZC V:255 H:183 F:39
					8491DE A5 14       LDA $14       [000014] A:0000 X:0E68 Y:0A9D S:0124 D:0000 DB:86 nvmxdiZC V:255 H:188 F:39
					8491E0 F0 60       BEQ $0060     [849242] A:0000 X:0E68 Y:0A9D S:0124 D:0000 DB:86 nvmxdiZC V:255 H:195 F:39
					849242 E2 20       SEP #$20               A:0000 X:0E68 Y:0A9D S:0124 D:0000 DB:86 nvmxdiZC V:255 H:199 F:39
					849244 A0 04 00    LDY #$0004             A:0000 X:0E68 Y:0A9D S:0124 D:0000 DB:86 nvMxdiZC V:255 H:204 F:39
					849247 AD 1C 1F    LDA $1F1C     [861F1C] A:0000 X:0E68 Y:0004 S:0124 D:0000 DB:86 nvMxdizC V:255 H:208 F:39
					84924A F0 03       BEQ $0003     [84924F] A:0000 X:0E68 Y:0004 S:0124 D:0000 DB:86 nvMxdiZC V:255 H:215 F:39
					84924F B5 2F       LDA $2F,X     [000E97] A:0000 X:0E68 Y:0004 S:0124 D:0000 DB:86 nvMxdiZC V:255 H:219 F:39
					849251 F0 03       BEQ $0003     [849256] A:0000 X:0E68 Y:0004 S:0124 D:0000 DB:86 nvMxdiZC V:255 H:226 F:39
					849256 98          TYA                    A:0000 X:0E68 Y:0004 S:0124 D:0000 DB:86 nvMxdiZC V:255 H:230 F:39
					849257 09 80       ORA #$80               A:0004 X:0E68 Y:0004 S:0124 D:0000 DB:86 nvMxdizC V:255 H:233 F:39
					849259 85 08       STA $08       [000008] A:0084 X:0E68 Y:0004 S:0124 D:0000 DB:86 NvMxdizC V:255 H:236 F:39
					84925B B4 20       LDY $20,X     [000E88] A:0084 X:0E68 Y:0004 S:0124 D:0000 DB:86 NvMxdizC V:255 H:241 F:39
					84925D B9 06 00    LDA $0006,Y   [86C94B] A:0084 X:0E68 Y:C945 S:0124 D:0000 DB:86 NvMxdizC V:255 H:250 F:39
					849260 18          CLC                    A:0000 X:0E68 Y:C945 S:0124 D:0000 DB:86 nvMxdiZC V:255 H:257 F:39
					849261 79 08 00    ADC $0008,Y   [86C94D] A:0000 X:0E68 Y:C945 S:0124 D:0000 DB:86 nvMxdiZc V:255 H:260 F:39
					849264 95 2A       STA $2A,X     [000E92] A:000D X:0E68 Y:C945 S:0124 D:0000 DB:86 nvMxdizc V:255 H:268 F:39
					849266 B9 05 00    LDA $0005,Y   [86C94A] A:000D X:0E68 Y:C945 S:0124 D:0000 DB:86 nvMxdizc V:255 H:274 F:39
					849269 34 11       BIT $11,X     [000E79] A:0000 X:0E68 Y:C945 S:0124 D:0000 DB:86 nvMxdiZc V:255 H:282 F:39
					84926B 50 03       BVC $0003     [849270] A:0000 X:0E68 Y:C945 S:0124 D:0000 DB:86 nvMxdiZc V:255 H:288 F:39
					849270 95 29       STA $29,X     [000E91] A:0000 X:0E68 Y:C945 S:0124 D:0000 DB:86 nvMxdiZc V:255 H:293 F:39
					849272 20 C4 95    JSR $95C4     [8495C4] A:0000 X:0E68 Y:C945 S:0124 D:0000 DB:86 nvMxdiZc V:255 H:299 F:39

						8495C4 B5 2A       LDA $2A,X     [000E92] A:0000 X:0E68 Y:C945 S:0122 D:0000 DB:86 nvMxdiZc V:255 H:309 F:39
						8495C6 48          PHA                    A:000D X:0E68 Y:C945 S:0122 D:0000 DB:86 nvMxdizc V:255 H:316 F:39
						8495C7 A5 08       LDA $08       [000008] A:000D X:0E68 Y:C945 S:0121 D:0000 DB:86 nvMxdizc V:255 H:321 F:39
						8495C9 29 7F       AND #$7F               A:0084 X:0E68 Y:C945 S:0121 D:0000 DB:86 NvMxdizc V:255 H:325 F:39
						8495CB 18          CLC                    A:0004 X:0E68 Y:C945 S:0121 D:0000 DB:86 nvMxdizc V:255 H:328 F:39
						8495CC 75 2A       ADC $2A,X     [000E92] A:0004 X:0E68 Y:C945 S:0121 D:0000 DB:86 nvMxdizc V:255 H:331 F:39
						8495CE 95 2A       STA $2A,X     [000E92] A:0011 X:0E68 Y:C945 S:0121 D:0000 DB:86 nvMxdizc V:255 H:337 F:39
						8495D0 20 B3 90    JSR $90B3     [8490B3] A:0011 X:0E68 Y:C945 S:0121 D:0000 DB:86 nvMxdizc V:256 H:  4 F:39

							8490B3 0B          PHD                    A:0011 X:0E68 Y:C945 S:011F D:0000 DB:86 nvMxdizc V:256 H: 14 F:39
							8490B4 DA          PHX                    A:0011 X:0E68 Y:C945 S:011D D:0000 DB:86 nvMxdizc V:256 H: 21 F:39
							8490B5 08          PHP                    A:0011 X:0E68 Y:C945 S:011B D:0000 DB:86 nvMxdizc V:256 H: 28 F:39
							8490B6 E2 20       SEP #$20               A:0011 X:0E68 Y:C945 S:011A D:0000 DB:86 nvMxdizc V:256 H: 33 F:39
							8490B8 C2 10       REP #$10               A:0011 X:0E68 Y:C945 S:011A D:0000 DB:86 nvMxdizc V:256 H: 37 F:39
							8490BA 64 01       STZ $01       [000001] A:0011 X:0E68 Y:C945 S:011A D:0000 DB:86 nvMxdizc V:256 H: 42 F:39
							8490BC B5 29       LDA $29,X     [000E91] A:0011 X:0E68 Y:C945 S:011A D:0000 DB:86 nvMxdizc V:256 H: 47 F:39
							8490BE 10 02       BPL $0002     [8490C2] A:0000 X:0E68 Y:C945 S:011A D:0000 DB:86 nvMxdiZc V:256 H: 53 F:39
							8490C2 18          CLC                    A:0000 X:0E68 Y:C945 S:011A D:0000 DB:86 nvMxdiZc V:256 H: 58 F:39
							8490C3 75 05       ADC $05,X     [000E6D] A:0000 X:0E68 Y:C945 S:011A D:0000 DB:86 nvMxdiZc V:256 H: 61 F:39
							8490C5 85 00       STA $00       [000000] A:00CA X:0E68 Y:C945 S:011A D:0000 DB:86 NvMxdizc V:256 H: 67 F:39
							8490C7 B5 06       LDA $06,X     [000E6E] A:00CA X:0E68 Y:C945 S:011A D:0000 DB:86 NvMxdizc V:256 H: 72 F:39
							8490C9 65 01       ADC $01       [000001] A:0014 X:0E68 Y:C945 S:011A D:0000 DB:86 nvMxdizc V:256 H: 79 F:39
							8490CB 85 01       STA $01       [000001] A:0014 X:0E68 Y:C945 S:011A D:0000 DB:86 nvMxdizc V:256 H: 84 F:39
							8490CD 64 03       STZ $03       [000003] A:0014 X:0E68 Y:C945 S:011A D:0000 DB:86 nvMxdizc V:256 H: 89 F:39
							8490CF B5 2A       LDA $2A,X     [000E92] A:0014 X:0E68 Y:C945 S:011A D:0000 DB:86 nvMxdizc V:256 H: 94 F:39
							8490D1 10 02       BPL $0002     [8490D5] A:0011 X:0E68 Y:C945 S:011A D:0000 DB:86 nvMxdizc V:256 H:100 F:39
							8490D5 18          CLC                    A:0011 X:0E68 Y:C945 S:011A D:0000 DB:86 nvMxdizc V:256 H:105 F:39
							8490D6 75 08       ADC $08,X     [000E70] A:0011 X:0E68 Y:C945 S:011A D:0000 DB:86 nvMxdizc V:256 H:108 F:39
							8490D8 85 02       STA $02       [000002] A:00AE X:0E68 Y:C945 S:011A D:0000 DB:86 NvMxdizc V:256 H:114 F:39
							8490DA 29 F0       AND #$F0               A:00AE X:0E68 Y:C945 S:011A D:0000 DB:86 NvMxdizc V:256 H:119 F:39
							8490DC 85 0A       STA $0A       [00000A] A:00A0 X:0E68 Y:C945 S:011A D:0000 DB:86 NvMxdizc V:256 H:122 F:39
							8490DE B5 09       LDA $09,X     [000E71] A:00A0 X:0E68 Y:C945 S:011A D:0000 DB:86 NvMxdizc V:256 H:127 F:39
							8490E0 65 03       ADC $03       [000003] A:000A X:0E68 Y:C945 S:011A D:0000 DB:86 nvMxdizc V:256 H:134 F:39
							8490E2 85 03       STA $03       [000003] A:000A X:0E68 Y:C945 S:011A D:0000 DB:86 nvMxdizc V:256 H:149 F:39
							8490E4 85 0B       STA $0B       [00000B] A:000A X:0E68 Y:C945 S:011A D:0000 DB:86 nvMxdizc V:256 H:154 F:39
							8490E6 A5 00       LDA $00       [000000] A:000A X:0E68 Y:C945 S:011A D:0000 DB:86 nvMxdizc V:256 H:159 F:39
							8490E8 29 0F       AND #$0F               A:00CA X:0E68 Y:C945 S:011A D:0000 DB:86 NvMxdizc V:256 H:164 F:39
							8490EA 1A          INC                    A:000A X:0E68 Y:C945 S:011A D:0000 DB:86 nvMxdizc V:256 H:167 F:39
							8490EB 85 0C       STA $0C       [00000C] A:000B X:0E68 Y:C945 S:011A D:0000 DB:86 nvMxdizc V:256 H:170 F:39
							8490ED A5 02       LDA $02       [000002] A:000B X:0E68 Y:C945 S:011A D:0000 DB:86 nvMxdizc V:256 H:175 F:39
							8490EF 29 0F       AND #$0F               A:00AE X:0E68 Y:C945 S:011A D:0000 DB:86 NvMxdizc V:256 H:180 F:39
							8490F1 1A          INC                    A:000E X:0E68 Y:C945 S:011A D:0000 DB:86 nvMxdizc V:256 H:183 F:39
							8490F2 85 0E       STA $0E       [00000E] A:000F X:0E68 Y:C945 S:011A D:0000 DB:86 nvMxdizc V:256 H:186 F:39
							8490F4 C2 20       REP #$20               A:000F X:0E68 Y:C945 S:011A D:0000 DB:86 nvMxdizc V:256 H:191 F:39
							8490F6 20 6A 91    JSR $916A     [84916A] A:000F X:0E68 Y:C945 S:011A D:0000 DB:86 nvmxdizc V:256 H:195 F:39

								84916A A9 00 E8    LDA #$E800             A:000F X:0E68 Y:C945 S:0118 D:0000 DB:86 nvmxdizc V:256 H:205 F:39
								84916D 85 10       STA $10       [000010] A:E800 X:0E68 Y:C945 S:0118 D:0000 DB:86 Nvmxdizc V:256 H:210 F:39
								84916F A9 7E 00    LDA #$007E             A:E800 X:0E68 Y:C945 S:0118 D:0000 DB:86 Nvmxdizc V:256 H:217 F:39
								849172 85 12       STA $12       [000012] A:007E X:0E68 Y:C945 S:0118 D:0000 DB:86 nvmxdizc V:256 H:221 F:39
								849174 A5 02       LDA $02       [000002] A:007E X:0E68 Y:C945 S:0118 D:0000 DB:86 nvmxdizc V:256 H:228 F:39
								849176 29 F0 00    AND #$00F0             A:0AAE X:0E68 Y:C945 S:0118 D:0000 DB:86 nvmxdizc V:256 H:235 F:39
								849179 0A          ASL A                  A:00A0 X:0E68 Y:C945 S:0118 D:0000 DB:86 nvmxdizc V:256 H:240 F:39
								84917A 85 04       STA $04       [000004] A:0140 X:0E68 Y:C945 S:0118 D:0000 DB:86 nvmxdizc V:256 H:243 F:39
								84917C A5 00       LDA $00       [000000] A:0140 X:0E68 Y:C945 S:0118 D:0000 DB:86 nvmxdizc V:256 H:250 F:39
								84917E 29 FF 00    AND #$00FF             A:14CA X:0E68 Y:C945 S:0118 D:0000 DB:86 nvmxdizc V:256 H:257 F:39
								849181 4A          LSR A                  A:00CA X:0E68 Y:C945 S:0118 D:0000 DB:86 nvmxdizc V:256 H:261 F:39
								849182 4A          LSR A                  A:0065 X:0E68 Y:C945 S:0118 D:0000 DB:86 nvmxdizc V:256 H:264 F:39
								849183 4A          LSR A                  A:0032 X:0E68 Y:C945 S:0118 D:0000 DB:86 nvmxdizC V:256 H:267 F:39
								849184 29 FE FF    AND #$FFFE             A:0019 X:0E68 Y:C945 S:0118 D:0000 DB:86 nvmxdizc V:256 H:270 F:39
								849187 18          CLC                    A:0018 X:0E68 Y:C945 S:0118 D:0000 DB:86 nvmxdizc V:256 H:275 F:39
								849188 65 04       ADC $04       [000004] A:0018 X:0E68 Y:C945 S:0118 D:0000 DB:86 nvmxdizc V:256 H:278 F:39
								84918A 85 06       STA $06       [000006] A:0158 X:0E68 Y:C945 S:0118 D:0000 DB:86 nvmxdizc V:256 H:285 F:39
								84918C A5 00       LDA $00       [000000] A:0158 X:0E68 Y:C945 S:0118 D:0000 DB:86 nvmxdizc V:256 H:292 F:39
								84918E EB          XBA                    A:14CA X:0E68 Y:C945 S:0118 D:0000 DB:86 nvmxdizc V:256 H:299 F:39
								84918F 29 1F 00    AND #$001F             A:CA14 X:0E68 Y:C945 S:0118 D:0000 DB:86 nvmxdizc V:256 H:303 F:39
								849192 85 04       STA $04       [000004] A:0014 X:0E68 Y:C945 S:0118 D:0000 DB:86 nvmxdizc V:256 H:308 F:39
								849194 A5 02       LDA $02       [000002] A:0014 X:0E68 Y:C945 S:0118 D:0000 DB:86 nvmxdizc V:256 H:315 F:39
								849196 29 00 1F    AND #$1F00             A:0AAE X:0E68 Y:C945 S:0118 D:0000 DB:86 nvmxdizc V:256 H:322 F:39
								849199 4A          LSR A                  A:0A00 X:0E68 Y:C945 S:0118 D:0000 DB:86 nvmxdizc V:256 H:326 F:39
								84919A 4A          LSR A                  A:0500 X:0E68 Y:C945 S:0118 D:0000 DB:86 nvmxdizc V:256 H:328 F:39
								84919B 4A          LSR A                  A:0280 X:0E68 Y:C945 S:0118 D:0000 DB:86 nvmxdizc V:256 H:331 F:39
								84919C 18          CLC                    A:0140 X:0E68 Y:C945 S:0118 D:0000 DB:86 nvmxdizc V:256 H:334 F:39
								84919D 65 04       ADC $04       [000004] A:0140 X:0E68 Y:C945 S:0118 D:0000 DB:86 nvmxdizc V:256 H:337 F:39
								84919F A8          TAY                    A:0154 X:0E68 Y:C945 S:0118 D:0000 DB:86 nvmxdizc V:257 H:  4 F:39
								8491A0 B7 10       LDA [$10],Y   [7EE954] A:0154 X:0E68 Y:0154 S:0118 D:0000 DB:86 nvmxdizc V:257 H:  7 F:39
								8491A2 29 FF 00    AND #$00FF             A:0038 X:0E68 Y:0154 S:0118 D:0000 DB:86 nvmxdizc V:257 H: 20 F:39
								8491A5 A8          TAY                    A:0038 X:0E68 Y:0154 S:0118 D:0000 DB:86 nvmxdizc V:257 H: 25 F:39
								8491A6 EB          XBA                    A:0038 X:0E68 Y:0038 S:0118 D:0000 DB:86 nvmxdizc V:257 H: 28 F:39
								8491A7 0A          ASL A                  A:3800 X:0E68 Y:0038 S:0118 D:0000 DB:86 nvmxdiZc V:257 H: 32 F:39
								8491A8 18          CLC                    A:7000 X:0E68 Y:0038 S:0118 D:0000 DB:86 nvmxdizc V:257 H: 35 F:39
								8491A9 65 06       ADC $06       [000006] A:7000 X:0E68 Y:0038 S:0118 D:0000 DB:86 nvmxdizc V:257 H: 38 F:39
								8491AB AA          TAX                    A:7158 X:0E68 Y:0038 S:0118 D:0000 DB:86 nvmxdizc V:257 H: 45 F:39
								8491AC 60          RTS                    A:7158 X:7158 Y:0038 S:0118 D:0000 DB:86 nvmxdizc V:257 H: 48 F:39

							8490F9 BF 00 20 7E LDA $7E2000,X [7E9158] A:7158 X:7158 Y:0038 S:011A D:0000 DB:86 nvmxdizc V:257 H: 58 F:39
							8490FD A8          TAY                    A:01D2 X:7158 Y:0038 S:011A D:0000 DB:86 nvmxdizc V:257 H: 68 F:39
							8490FE AD 92 0B    LDA $0B92     [860B92] A:01D2 X:7158 Y:01D2 S:011A D:0000 DB:86 nvmxdizc V:257 H: 71 F:39
							849101 85 10       STA $10       [000010] A:DB57 X:7158 Y:01D2 S:011A D:0000 DB:86 Nvmxdizc V:257 H: 80 F:39
							849103 AD 94 0B    LDA $0B94     [860B94] A:DB57 X:7158 Y:01D2 S:011A D:0000 DB:86 Nvmxdizc V:257 H: 87 F:39
							849106 85 12       STA $12       [000012] A:B895 X:7158 Y:01D2 S:011A D:0000 DB:86 Nvmxdizc V:257 H: 95 F:39
							849108 B7 10       LDA [$10],Y   [95DD29] A:B895 X:7158 Y:01D2 S:011A D:0000 DB:86 Nvmxdizc V:257 H:102 F:39
							84910A 29 FF 00    AND #$00FF             A:0000 X:7158 Y:01D2 S:011A D:0000 DB:86 nvmxdiZc V:257 H:114 F:39
							84910D 28          PLP                    A:0000 X:7158 Y:01D2 S:011A D:0000 DB:86 nvmxdiZc V:257 H:119 F:39
							84910E FA          PLX                    A:0000 X:7158 Y:01D2 S:011B D:0000 DB:86 nvMxdizc V:257 H:125 F:39
							84910F 2B          PLD                    A:0000 X:0E68 Y:01D2 S:011D D:0000 DB:86 nvMxdizc V:257 H:144 F:39
							849110 60          RTS                    A:0000 X:0E68 Y:01D2 S:011F D:0000 DB:86 nvMxdiZc V:257 H:152 F:39

						8495D3 95 2E       STA $2E,X     [000E96] A:0000 X:0E68 Y:01D2 S:0121 D:0000 DB:86 nvMxdiZc V:257 H:162 F:39
						8495D5 85 18       STA $18       [000018] A:0000 X:0E68 Y:01D2 S:0121 D:0000 DB:86 nvMxdiZc V:257 H:169 F:39
						8495D7 29 3F       AND #$3F               A:0000 X:0E68 Y:01D2 S:0121 D:0000 DB:86 nvMxdiZc V:257 H:174 F:39
						8495D9 0A          ASL A                  A:0000 X:0E68 Y:01D2 S:0121 D:0000 DB:86 nvMxdiZc V:257 H:177 F:39
						8495DA EB          XBA                    A:0000 X:0E68 Y:01D2 S:0121 D:0000 DB:86 nvMxdiZc V:257 H:180 F:39
						8495DB A9 00       LDA #$00               A:0000 X:0E68 Y:01D2 S:0121 D:0000 DB:86 nvMxdiZc V:257 H:184 F:39
						8495DD EB          XBA                    A:0000 X:0E68 Y:01D2 S:0121 D:0000 DB:86 nvMxdiZc V:257 H:187 F:39
						8495DE A8          TAY                    A:0000 X:0E68 Y:01D2 S:0121 D:0000 DB:86 nvMxdiZc V:257 H:192 F:39
						8495DF 84 28       STY $28       [000028] A:0000 X:0E68 Y:0000 S:0121 D:0000 DB:86 nvMxdiZc V:257 H:195 F:39
						8495E1 86 2C       STX $2C       [00002C] A:0000 X:0E68 Y:0000 S:0121 D:0000 DB:86 nvMxdiZc V:257 H:202 F:39
						8495E3 68          PLA                    A:0000 X:0E68 Y:0000 S:0121 D:0000 DB:86 nvMxdiZc V:257 H:209 F:39
						8495E4 95 2A       STA $2A,X     [000E92] A:000D X:0E68 Y:0000 S:0122 D:0000 DB:86 nvMxdizc V:257 H:215 F:39
						8495E6 A6 2C       LDX $2C       [00002C] A:000D X:0E68 Y:0000 S:0122 D:0000 DB:86 nvMxdizc V:257 H:222 F:39
						8495E8 A9 FB       LDA #$FB               A:000D X:0E68 Y:0000 S:0122 D:0000 DB:86 nvMxdizc V:257 H:229 F:39
						8495EA 35 2B       AND $2B,X     [000E93] A:00FB X:0E68 Y:0000 S:0122 D:0000 DB:86 NvMxdizc V:257 H:232 F:39
						8495EC 95 2B       STA $2B,X     [000E93] A:0000 X:0E68 Y:0000 S:0122 D:0000 DB:86 nvMxdiZc V:257 H:238 F:39
						8495EE 64 01       STZ $01       [000001] A:0000 X:0E68 Y:0000 S:0122 D:0000 DB:86 nvMxdiZc V:257 H:245 F:39
						8495F0 B5 2A       LDA $2A,X     [000E92] A:0000 X:0E68 Y:0000 S:0122 D:0000 DB:86 nvMxdiZc V:257 H:250 F:39
						8495F2 85 02       STA $02       [000002] A:000D X:0E68 Y:0000 S:0122 D:0000 DB:86 nvMxdizc V:257 H:256 F:39
						8495F4 64 03       STZ $03       [000003] A:000D X:0E68 Y:0000 S:0122 D:0000 DB:86 nvMxdizc V:257 H:261 F:39
						8495F6 B4 05       LDY $05,X     [000E6D] A:000D X:0E68 Y:0000 S:0122 D:0000 DB:86 nvMxdizc V:257 H:266 F:39
						8495F8 84 10       STY $10       [000010] A:000D X:0E68 Y:14CA S:0122 D:0000 DB:86 nvMxdizc V:257 H:275 F:39
						8495FA B4 08       LDY $08,X     [000E70] A:000D X:0E68 Y:14CA S:0122 D:0000 DB:86 nvMxdizc V:257 H:282 F:39
						8495FC 84 12       STY $12       [000012] A:000D X:0E68 Y:0A9D S:0122 D:0000 DB:86 nvMxdizc V:257 H:290 F:39
						8495FE A6 28       LDX $28       [000028] A:000D X:0E68 Y:0A9D S:0122 D:0000 DB:86 nvMxdizc V:257 H:297 F:39
						849600 FC 1C 96    JSR ($961C,X) [84961C] A:000D X:0000 Y:0A9D S:0122 D:0000 DB:86 nvMxdiZc V:257 H:304 F:39

							84969C AD 1C 1F    LDA $1F1C     [861F1C] A:000D X:0000 Y:0A9D S:0120 D:0000 DB:86 nvMxdiZc V:257 H:317 F:39
							84969F F0 11       BEQ $0011     [8496B2] A:0000 X:0000 Y:0A9D S:0120 D:0000 DB:86 nvMxdiZc V:257 H:323 F:39
							8496B2 A9 00       LDA #$00               A:0000 X:0000 Y:0A9D S:0120 D:0000 DB:86 nvMxdiZc V:257 H:327 F:39
							8496B4 60          RTS                    A:0000 X:0000 Y:0A9D S:0120 D:0000 DB:86 nvMxdiZc V:257 H:330 F:39

						849603 F0 11       BEQ $0011     [849616] A:0000 X:0000 Y:0A9D S:0122 D:0000 DB:86 nvMxdiZc V:258 H:  0 F:39
						849616 A6 2C       LDX $2C       [00002C] A:0000 X:0000 Y:0A9D S:0122 D:0000 DB:86 nvMxdiZc V:258 H:  5 F:39
						849618 20 08 93    JSR $9308     [849308] A:0000 X:0E68 Y:0A9D S:0122 D:0000 DB:86 nvMxdizc V:258 H: 12 F:39

							849308 A5 14       LDA $14       [000014] A:0000 X:0E68 Y:0A9D S:0120 D:0000 DB:86 nvMxdizc V:258 H: 22 F:39
							84930A F0 08       BEQ $0008     [849314] A:0000 X:0E68 Y:0A9D S:0120 D:0000 DB:86 nvMxdiZc V:258 H: 27 F:39
							849314 60          RTS                    A:0000 X:0E68 Y:0A9D S:0120 D:0000 DB:86 nvMxdiZc V:258 H: 31 F:39

						84961B 60          RTS                    A:0000 X:0E68 Y:0A9D S:0122 D:0000 DB:86 nvMxdiZc V:258 H: 41 F:39

					849275 D0 32       BNE $0032     [8492A9] A:0000 X:0E68 Y:0A9D S:0124 D:0000 DB:86 nvMxdiZc V:258 H: 51 F:39
					849277 A5 08       LDA $08       [000008] A:0000 X:0E68 Y:0A9D S:0124 D:0000 DB:86 nvMxdiZc V:258 H: 54 F:39
					849279 29 7F       AND #$7F               A:0084 X:0E68 Y:0A9D S:0124 D:0000 DB:86 NvMxdizc V:258 H: 59 F:39
					84927B 85 08       STA $08       [000008] A:0004 X:0E68 Y:0A9D S:0124 D:0000 DB:86 nvMxdizc V:258 H: 62 F:39
					84927D B4 20       LDY $20,X     [000E88] A:0004 X:0E68 Y:0A9D S:0124 D:0000 DB:86 nvMxdizc V:258 H: 67 F:39
					84927F B9 05 00    LDA $0005,Y   [86C94A] A:0004 X:0E68 Y:C945 S:0124 D:0000 DB:86 NvMxdizc V:258 H: 76 F:39
					849282 34 11       BIT $11,X     [000E79] A:0000 X:0E68 Y:C945 S:0124 D:0000 DB:86 nvMxdiZc V:258 H: 83 F:39
					849284 50 03       BVC $0003     [849289] A:0000 X:0E68 Y:C945 S:0124 D:0000 DB:86 nvMxdiZc V:258 H: 90 F:39
					849289 38          SEC                    A:0000 X:0E68 Y:C945 S:0124 D:0000 DB:86 nvMxdiZc V:258 H: 94 F:39
					84928A F9 07 00    SBC $0007,Y   [86C94C] A:0000 X:0E68 Y:C945 S:0124 D:0000 DB:86 nvMxdiZC V:258 H: 97 F:39
					84928D 95 29       STA $29,X     [000E91] A:00F1 X:0E68 Y:C945 S:0124 D:0000 DB:86 NvMxdizc V:258 H:105 F:39
					84928F 20 C4 95    JSR $95C4     [8495C4] A:00F1 X:0E68 Y:C945 S:0124 D:0000 DB:86 NvMxdizc V:258 H:111 F:39

						8495C4 B5 2A       LDA $2A,X     [000E92] A:00F1 X:0E68 Y:C945 S:0122 D:0000 DB:86 NvMxdizc V:258 H:121 F:39
						8495C6 48          PHA                    A:000D X:0E68 Y:C945 S:0122 D:0000 DB:86 nvMxdizc V:258 H:128 F:39
						8495C7 A5 08       LDA $08       [000008] A:000D X:0E68 Y:C945 S:0121 D:0000 DB:86 nvMxdizc V:258 H:133 F:39
						8495C9 29 7F       AND #$7F               A:0004 X:0E68 Y:C945 S:0121 D:0000 DB:86 nvMxdizc V:258 H:148 F:39
						8495CB 18          CLC                    A:0004 X:0E68 Y:C945 S:0121 D:0000 DB:86 nvMxdizc V:258 H:151 F:39
						8495CC 75 2A       ADC $2A,X     [000E92] A:0004 X:0E68 Y:C945 S:0121 D:0000 DB:86 nvMxdizc V:258 H:154 F:39
						8495CE 95 2A       STA $2A,X     [000E92] A:0011 X:0E68 Y:C945 S:0121 D:0000 DB:86 nvMxdizc V:258 H:160 F:39
						8495D0 20 B3 90    JSR $90B3     [8490B3] A:0011 X:0E68 Y:C945 S:0121 D:0000 DB:86 nvMxdizc V:258 H:167 F:39

							8490B3 0B          PHD                    A:0011 X:0E68 Y:C945 S:011F D:0000 DB:86 nvMxdizc V:258 H:177 F:39
							8490B4 DA          PHX                    A:0011 X:0E68 Y:C945 S:011D D:0000 DB:86 nvMxdizc V:258 H:184 F:39
							8490B5 08          PHP                    A:0011 X:0E68 Y:C945 S:011B D:0000 DB:86 nvMxdizc V:258 H:191 F:39
							8490B6 E2 20       SEP #$20               A:0011 X:0E68 Y:C945 S:011A D:0000 DB:86 nvMxdizc V:258 H:196 F:39
							8490B8 C2 10       REP #$10               A:0011 X:0E68 Y:C945 S:011A D:0000 DB:86 nvMxdizc V:258 H:200 F:39
							8490BA 64 01       STZ $01       [000001] A:0011 X:0E68 Y:C945 S:011A D:0000 DB:86 nvMxdizc V:258 H:205 F:39
							8490BC B5 29       LDA $29,X     [000E91] A:0011 X:0E68 Y:C945 S:011A D:0000 DB:86 nvMxdizc V:258 H:210 F:39
							8490BE 10 02       BPL $0002     [8490C2] A:00F1 X:0E68 Y:C945 S:011A D:0000 DB:86 NvMxdizc V:258 H:216 F:39
							8490C0 C6 01       DEC $01       [000001] A:00F1 X:0E68 Y:C945 S:011A D:0000 DB:86 NvMxdizc V:258 H:219 F:39
							8490C2 18          CLC                    A:00F1 X:0E68 Y:C945 S:011A D:0000 DB:86 NvMxdizc V:258 H:228 F:39
							8490C3 75 05       ADC $05,X     [000E6D] A:00F1 X:0E68 Y:C945 S:011A D:0000 DB:86 NvMxdizc V:258 H:231 F:39
							8490C5 85 00       STA $00       [000000] A:00BB X:0E68 Y:C945 S:011A D:0000 DB:86 NvMxdizC V:258 H:237 F:39
							8490C7 B5 06       LDA $06,X     [000E6E] A:00BB X:0E68 Y:C945 S:011A D:0000 DB:86 NvMxdizC V:258 H:242 F:39
							8490C9 65 01       ADC $01       [000001] A:0014 X:0E68 Y:C945 S:011A D:0000 DB:86 nvMxdizC V:258 H:249 F:39
							8490CB 85 01       STA $01       [000001] A:0014 X:0E68 Y:C945 S:011A D:0000 DB:86 nvMxdizC V:258 H:254 F:39
							8490CD 64 03       STZ $03       [000003] A:0014 X:0E68 Y:C945 S:011A D:0000 DB:86 nvMxdizC V:258 H:259 F:39
							8490CF B5 2A       LDA $2A,X     [000E92] A:0014 X:0E68 Y:C945 S:011A D:0000 DB:86 nvMxdizC V:258 H:264 F:39
							8490D1 10 02       BPL $0002     [8490D5] A:0011 X:0E68 Y:C945 S:011A D:0000 DB:86 nvMxdizC V:258 H:270 F:39
							8490D5 18          CLC                    A:0011 X:0E68 Y:C945 S:011A D:0000 DB:86 nvMxdizC V:258 H:275 F:39
							8490D6 75 08       ADC $08,X     [000E70] A:0011 X:0E68 Y:C945 S:011A D:0000 DB:86 nvMxdizc V:258 H:278 F:39
							8490D8 85 02       STA $02       [000002] A:00AE X:0E68 Y:C945 S:011A D:0000 DB:86 NvMxdizc V:258 H:284 F:39
							8490DA 29 F0       AND #$F0               A:00AE X:0E68 Y:C945 S:011A D:0000 DB:86 NvMxdizc V:258 H:289 F:39
							8490DC 85 0A       STA $0A       [00000A] A:00A0 X:0E68 Y:C945 S:011A D:0000 DB:86 NvMxdizc V:258 H:292 F:39
							8490DE B5 09       LDA $09,X     [000E71] A:00A0 X:0E68 Y:C945 S:011A D:0000 DB:86 NvMxdizc V:258 H:297 F:39
							8490E0 65 03       ADC $03       [000003] A:000A X:0E68 Y:C945 S:011A D:0000 DB:86 nvMxdizc V:258 H:304 F:39
							8490E2 85 03       STA $03       [000003] A:000A X:0E68 Y:C945 S:011A D:0000 DB:86 nvMxdizc V:258 H:309 F:39
							8490E4 85 0B       STA $0B       [00000B] A:000A X:0E68 Y:C945 S:011A D:0000 DB:86 nvMxdizc V:258 H:314 F:39
							8490E6 A5 00       LDA $00       [000000] A:000A X:0E68 Y:C945 S:011A D:0000 DB:86 nvMxdizc V:258 H:319 F:39
							8490E8 29 0F       AND #$0F               A:00BB X:0E68 Y:C945 S:011A D:0000 DB:86 NvMxdizc V:258 H:323 F:39
							8490EA 1A          INC                    A:000B X:0E68 Y:C945 S:011A D:0000 DB:86 nvMxdizc V:258 H:326 F:39
							8490EB 85 0C       STA $0C       [00000C] A:000C X:0E68 Y:C945 S:011A D:0000 DB:86 nvMxdizc V:258 H:329 F:39
							8490ED A5 02       LDA $02       [000002] A:000C X:0E68 Y:C945 S:011A D:0000 DB:86 nvMxdizc V:258 H:334 F:39
							8490EF 29 0F       AND #$0F               A:00AE X:0E68 Y:C945 S:011A D:0000 DB:86 NvMxdizc V:258 H:339 F:39
							8490F1 1A          INC                    A:000E X:0E68 Y:C945 S:011A D:0000 DB:86 nvMxdizc V:259 H:  2 F:39
							8490F2 85 0E       STA $0E       [00000E] A:000F X:0E68 Y:C945 S:011A D:0000 DB:86 nvMxdizc V:259 H:  5 F:39
							8490F4 C2 20       REP #$20               A:000F X:0E68 Y:C945 S:011A D:0000 DB:86 nvMxdizc V:259 H: 10 F:39
							8490F6 20 6A 91    JSR $916A     [84916A] A:000F X:0E68 Y:C945 S:011A D:0000 DB:86 nvmxdizc V:259 H: 14 F:39

								84916A A9 00 E8    LDA #$E800             A:000F X:0E68 Y:C945 S:0118 D:0000 DB:86 nvmxdizc V:259 H: 24 F:39
								84916D 85 10       STA $10       [000010] A:E800 X:0E68 Y:C945 S:0118 D:0000 DB:86 Nvmxdizc V:259 H: 29 F:39
								84916F A9 7E 00    LDA #$007E             A:E800 X:0E68 Y:C945 S:0118 D:0000 DB:86 Nvmxdizc V:259 H: 36 F:39
								849172 85 12       STA $12       [000012] A:007E X:0E68 Y:C945 S:0118 D:0000 DB:86 nvmxdizc V:259 H: 40 F:39
								849174 A5 02       LDA $02       [000002] A:007E X:0E68 Y:C945 S:0118 D:0000 DB:86 nvmxdizc V:259 H: 47 F:39
								849176 29 F0 00    AND #$00F0             A:0AAE X:0E68 Y:C945 S:0118 D:0000 DB:86 nvmxdizc V:259 H: 54 F:39
								849179 0A          ASL A                  A:00A0 X:0E68 Y:C945 S:0118 D:0000 DB:86 nvmxdizc V:259 H: 59 F:39
								84917A 85 04       STA $04       [000004] A:0140 X:0E68 Y:C945 S:0118 D:0000 DB:86 nvmxdizc V:259 H: 62 F:39
								84917C A5 00       LDA $00       [000000] A:0140 X:0E68 Y:C945 S:0118 D:0000 DB:86 nvmxdizc V:259 H: 69 F:39
								84917E 29 FF 00    AND #$00FF             A:14BB X:0E68 Y:C945 S:0118 D:0000 DB:86 nvmxdizc V:259 H: 76 F:39
								849181 4A          LSR A                  A:00BB X:0E68 Y:C945 S:0118 D:0000 DB:86 nvmxdizc V:259 H: 80 F:39
								849182 4A          LSR A                  A:005D X:0E68 Y:C945 S:0118 D:0000 DB:86 nvmxdizC V:259 H: 83 F:39
								849183 4A          LSR A                  A:002E X:0E68 Y:C945 S:0118 D:0000 DB:86 nvmxdizC V:259 H: 86 F:39
								849184 29 FE FF    AND #$FFFE             A:0017 X:0E68 Y:C945 S:0118 D:0000 DB:86 nvmxdizc V:259 H: 89 F:39
								849187 18          CLC                    A:0016 X:0E68 Y:C945 S:0118 D:0000 DB:86 nvmxdizc V:259 H: 94 F:39
								849188 65 04       ADC $04       [000004] A:0016 X:0E68 Y:C945 S:0118 D:0000 DB:86 nvmxdizc V:259 H: 97 F:39
								84918A 85 06       STA $06       [000006] A:0156 X:0E68 Y:C945 S:0118 D:0000 DB:86 nvmxdizc V:259 H:104 F:39
								84918C A5 00       LDA $00       [000000] A:0156 X:0E68 Y:C945 S:0118 D:0000 DB:86 nvmxdizc V:259 H:111 F:39
								84918E EB          XBA                    A:14BB X:0E68 Y:C945 S:0118 D:0000 DB:86 nvmxdizc V:259 H:118 F:39
								84918F 29 1F 00    AND #$001F             A:BB14 X:0E68 Y:C945 S:0118 D:0000 DB:86 nvmxdizc V:259 H:122 F:39
								849192 85 04       STA $04       [000004] A:0014 X:0E68 Y:C945 S:0118 D:0000 DB:86 nvmxdizc V:259 H:127 F:39
								849194 A5 02       LDA $02       [000002] A:0014 X:0E68 Y:C945 S:0118 D:0000 DB:86 nvmxdizc V:259 H:144 F:39
								849196 29 00 1F    AND #$1F00             A:0AAE X:0E68 Y:C945 S:0118 D:0000 DB:86 nvmxdizc V:259 H:151 F:39
								849199 4A          LSR A                  A:0A00 X:0E68 Y:C945 S:0118 D:0000 DB:86 nvmxdizc V:259 H:155 F:39
								84919A 4A          LSR A                  A:0500 X:0E68 Y:C945 S:0118 D:0000 DB:86 nvmxdizc V:259 H:158 F:39
								84919B 4A          LSR A                  A:0280 X:0E68 Y:C945 S:0118 D:0000 DB:86 nvmxdizc V:259 H:161 F:39
								84919C 18          CLC                    A:0140 X:0E68 Y:C945 S:0118 D:0000 DB:86 nvmxdizc V:259 H:164 F:39
								84919D 65 04       ADC $04       [000004] A:0140 X:0E68 Y:C945 S:0118 D:0000 DB:86 nvmxdizc V:259 H:167 F:39
								84919F A8          TAY                    A:0154 X:0E68 Y:C945 S:0118 D:0000 DB:86 nvmxdizc V:259 H:174 F:39
								8491A0 B7 10       LDA [$10],Y   [7EE954] A:0154 X:0E68 Y:0154 S:0118 D:0000 DB:86 nvmxdizc V:259 H:177 F:39
								8491A2 29 FF 00    AND #$00FF             A:0038 X:0E68 Y:0154 S:0118 D:0000 DB:86 nvmxdizc V:259 H:190 F:39
								8491A5 A8          TAY                    A:0038 X:0E68 Y:0154 S:0118 D:0000 DB:86 nvmxdizc V:259 H:195 F:39
								8491A6 EB          XBA                    A:0038 X:0E68 Y:0038 S:0118 D:0000 DB:86 nvmxdizc V:259 H:198 F:39
								8491A7 0A          ASL A                  A:3800 X:0E68 Y:0038 S:0118 D:0000 DB:86 nvmxdiZc V:259 H:202 F:39
								8491A8 18          CLC                    A:7000 X:0E68 Y:0038 S:0118 D:0000 DB:86 nvmxdizc V:259 H:205 F:39
								8491A9 65 06       ADC $06       [000006] A:7000 X:0E68 Y:0038 S:0118 D:0000 DB:86 nvmxdizc V:259 H:208 F:39
								8491AB AA          TAX                    A:7156 X:0E68 Y:0038 S:0118 D:0000 DB:86 nvmxdizc V:259 H:215 F:39
								8491AC 60          RTS                    A:7156 X:7156 Y:0038 S:0118 D:0000 DB:86 nvmxdizc V:259 H:218 F:39

							8490F9 BF 00 20 7E LDA $7E2000,X [7E9156] A:7156 X:7156 Y:0038 S:011A D:0000 DB:86 nvmxdizc V:259 H:228 F:39
							8490FD A8          TAY                    A:01D3 X:7156 Y:0038 S:011A D:0000 DB:86 nvmxdizc V:259 H:238 F:39
							8490FE AD 92 0B    LDA $0B92     [860B92] A:01D3 X:7156 Y:01D3 S:011A D:0000 DB:86 nvmxdizc V:259 H:241 F:39
							849101 85 10       STA $10       [000010] A:DB57 X:7156 Y:01D3 S:011A D:0000 DB:86 Nvmxdizc V:259 H:250 F:39
							849103 AD 94 0B    LDA $0B94     [860B94] A:DB57 X:7156 Y:01D3 S:011A D:0000 DB:86 Nvmxdizc V:259 H:257 F:39
							849106 85 12       STA $12       [000012] A:B895 X:7156 Y:01D3 S:011A D:0000 DB:86 Nvmxdizc V:259 H:265 F:39
							849108 B7 10       LDA [$10],Y   [95DD2A] A:B895 X:7156 Y:01D3 S:011A D:0000 DB:86 Nvmxdizc V:259 H:272 F:39
							84910A 29 FF 00    AND #$00FF             A:0000 X:7156 Y:01D3 S:011A D:0000 DB:86 nvmxdiZc V:259 H:284 F:39
							84910D 28          PLP                    A:0000 X:7156 Y:01D3 S:011A D:0000 DB:86 nvmxdiZc V:259 H:289 F:39
							84910E FA          PLX                    A:0000 X:7156 Y:01D3 S:011B D:0000 DB:86 nvMxdizc V:259 H:295 F:39
							84910F 2B          PLD                    A:0000 X:0E68 Y:01D3 S:011D D:0000 DB:86 nvMxdizc V:259 H:304 F:39
							849110 60          RTS                    A:0000 X:0E68 Y:01D3 S:011F D:0000 DB:86 nvMxdiZc V:259 H:312 F:39

						8495D3 95 2E       STA $2E,X     [000E96] A:0000 X:0E68 Y:01D3 S:0121 D:0000 DB:86 nvMxdiZc V:259 H:322 F:39
						8495D5 85 18       STA $18       [000018] A:0000 X:0E68 Y:01D3 S:0121 D:0000 DB:86 nvMxdiZc V:259 H:328 F:39
						8495D7 29 3F       AND #$3F               A:0000 X:0E68 Y:01D3 S:0121 D:0000 DB:86 nvMxdiZc V:259 H:333 F:39
						8495D9 0A          ASL A                  A:0000 X:0E68 Y:01D3 S:0121 D:0000 DB:86 nvMxdiZc V:259 H:336 F:39
						8495DA EB          XBA                    A:0000 X:0E68 Y:01D3 S:0121 D:0000 DB:86 nvMxdiZc V:259 H:339 F:39
						8495DB A9 00       LDA #$00               A:0000 X:0E68 Y:01D3 S:0121 D:0000 DB:86 nvMxdiZc V:260 H:  3 F:39
						8495DD EB          XBA                    A:0000 X:0E68 Y:01D3 S:0121 D:0000 DB:86 nvMxdiZc V:260 H:  6 F:39
						8495DE A8          TAY                    A:0000 X:0E68 Y:01D3 S:0121 D:0000 DB:86 nvMxdiZc V:260 H: 11 F:39
						8495DF 84 28       STY $28       [000028] A:0000 X:0E68 Y:0000 S:0121 D:0000 DB:86 nvMxdiZc V:260 H: 14 F:39
						8495E1 86 2C       STX $2C       [00002C] A:0000 X:0E68 Y:0000 S:0121 D:0000 DB:86 nvMxdiZc V:260 H: 21 F:39
						8495E3 68          PLA                    A:0000 X:0E68 Y:0000 S:0121 D:0000 DB:86 nvMxdiZc V:260 H: 28 F:39
						8495E4 95 2A       STA $2A,X     [000E92] A:000D X:0E68 Y:0000 S:0122 D:0000 DB:86 nvMxdizc V:260 H: 34 F:39
						8495E6 A6 2C       LDX $2C       [00002C] A:000D X:0E68 Y:0000 S:0122 D:0000 DB:86 nvMxdizc V:260 H: 41 F:39
						8495E8 A9 FB       LDA #$FB               A:000D X:0E68 Y:0000 S:0122 D:0000 DB:86 nvMxdizc V:260 H: 48 F:39
						8495EA 35 2B       AND $2B,X     [000E93] A:00FB X:0E68 Y:0000 S:0122 D:0000 DB:86 NvMxdizc V:260 H: 51 F:39
						8495EC 95 2B       STA $2B,X     [000E93] A:0000 X:0E68 Y:0000 S:0122 D:0000 DB:86 nvMxdiZc V:260 H: 57 F:39
						8495EE 64 01       STZ $01       [000001] A:0000 X:0E68 Y:0000 S:0122 D:0000 DB:86 nvMxdiZc V:260 H: 64 F:39
						8495F0 B5 2A       LDA $2A,X     [000E92] A:0000 X:0E68 Y:0000 S:0122 D:0000 DB:86 nvMxdiZc V:260 H: 69 F:39
						8495F2 85 02       STA $02       [000002] A:000D X:0E68 Y:0000 S:0122 D:0000 DB:86 nvMxdizc V:260 H: 75 F:39
						8495F4 64 03       STZ $03       [000003] A:000D X:0E68 Y:0000 S:0122 D:0000 DB:86 nvMxdizc V:260 H: 80 F:39
						8495F6 B4 05       LDY $05,X     [000E6D] A:000D X:0E68 Y:0000 S:0122 D:0000 DB:86 nvMxdizc V:260 H: 85 F:39
						8495F8 84 10       STY $10       [000010] A:000D X:0E68 Y:14CA S:0122 D:0000 DB:86 nvMxdizc V:260 H: 94 F:39
						8495FA B4 08       LDY $08,X     [000E70] A:000D X:0E68 Y:14CA S:0122 D:0000 DB:86 nvMxdizc V:260 H:101 F:39
						8495FC 84 12       STY $12       [000012] A:000D X:0E68 Y:0A9D S:0122 D:0000 DB:86 nvMxdizc V:260 H:109 F:39
						8495FE A6 28       LDX $28       [000028] A:000D X:0E68 Y:0A9D S:0122 D:0000 DB:86 nvMxdizc V:260 H:116 F:39
						849600 FC 1C 96    JSR ($961C,X) [84961C] A:000D X:0000 Y:0A9D S:0122 D:0000 DB:86 nvMxdiZc V:260 H:123 F:39

							84969C AD 1C 1F    LDA $1F1C     [861F1C] A:000D X:0000 Y:0A9D S:0120 D:0000 DB:86 nvMxdiZc V:260 H:146 F:39
							84969F F0 11       BEQ $0011     [8496B2] A:0000 X:0000 Y:0A9D S:0120 D:0000 DB:86 nvMxdiZc V:260 H:153 F:39
							8496B2 A9 00       LDA #$00               A:0000 X:0000 Y:0A9D S:0120 D:0000 DB:86 nvMxdiZc V:260 H:157 F:39
							8496B4 60          RTS                    A:0000 X:0000 Y:0A9D S:0120 D:0000 DB:86 nvMxdiZc V:260 H:160 F:39

						849603 F0 11       BEQ $0011     [849616] A:0000 X:0000 Y:0A9D S:0122 D:0000 DB:86 nvMxdiZc V:260 H:170 F:39
						849616 A6 2C       LDX $2C       [00002C] A:0000 X:0000 Y:0A9D S:0122 D:0000 DB:86 nvMxdiZc V:260 H:175 F:39
						849618 20 08 93    JSR $9308     [849308] A:0000 X:0E68 Y:0A9D S:0122 D:0000 DB:86 nvMxdizc V:260 H:182 F:39

							849308 A5 14       LDA $14       [000014] A:0000 X:0E68 Y:0A9D S:0120 D:0000 DB:86 nvMxdizc V:260 H:192 F:39
							84930A F0 08       BEQ $0008     [849314] A:0000 X:0E68 Y:0A9D S:0120 D:0000 DB:86 nvMxdiZc V:260 H:197 F:39
							849314 60          RTS                    A:0000 X:0E68 Y:0A9D S:0120 D:0000 DB:86 nvMxdiZc V:260 H:201 F:39

						84961B 60          RTS                    A:0000 X:0E68 Y:0A9D S:0122 D:0000 DB:86 nvMxdiZc V:260 H:211 F:39

					849292 D0 15       BNE $0015     [8492A9] A:0000 X:0E68 Y:0A9D S:0124 D:0000 DB:86 nvMxdiZc V:260 H:221 F:39
					849294 B4 20       LDY $20,X     [000E88] A:0000 X:0E68 Y:0A9D S:0124 D:0000 DB:86 nvMxdiZc V:260 H:224 F:39
					849296 B9 05 00    LDA $0005,Y   [86C94A] A:0000 X:0E68 Y:C945 S:0124 D:0000 DB:86 NvMxdizc V:260 H:233 F:39
					849299 34 11       BIT $11,X     [000E79] A:0000 X:0E68 Y:C945 S:0124 D:0000 DB:86 nvMxdiZc V:260 H:240 F:39
					84929B 50 03       BVC $0003     [8492A0] A:0000 X:0E68 Y:C945 S:0124 D:0000 DB:86 nvMxdiZc V:260 H:247 F:39
					8492A0 18          CLC                    A:0000 X:0E68 Y:C945 S:0124 D:0000 DB:86 nvMxdiZc V:260 H:251 F:39
					8492A1 79 07 00    ADC $0007,Y   [86C94C] A:0000 X:0E68 Y:C945 S:0124 D:0000 DB:86 nvMxdiZc V:260 H:254 F:39
					8492A4 95 29       STA $29,X     [000E91] A:000F X:0E68 Y:C945 S:0124 D:0000 DB:86 nvMxdizc V:260 H:262 F:39
					8492A6 20 C4 95    JSR $95C4     [8495C4] A:000F X:0E68 Y:C945 S:0124 D:0000 DB:86 nvMxdizc V:260 H:268 F:39

						8495C4 B5 2A       LDA $2A,X     [000E92] A:000F X:0E68 Y:C945 S:0122 D:0000 DB:86 nvMxdizc V:260 H:278 F:39
						8495C6 48          PHA                    A:000D X:0E68 Y:C945 S:0122 D:0000 DB:86 nvMxdizc V:260 H:285 F:39
						8495C7 A5 08       LDA $08       [000008] A:000D X:0E68 Y:C945 S:0121 D:0000 DB:86 nvMxdizc V:260 H:290 F:39
						8495C9 29 7F       AND #$7F               A:0004 X:0E68 Y:C945 S:0121 D:0000 DB:86 nvMxdizc V:260 H:295 F:39
						8495CB 18          CLC                    A:0004 X:0E68 Y:C945 S:0121 D:0000 DB:86 nvMxdizc V:260 H:298 F:39
						8495CC 75 2A       ADC $2A,X     [000E92] A:0004 X:0E68 Y:C945 S:0121 D:0000 DB:86 nvMxdizc V:260 H:301 F:39
						8495CE 95 2A       STA $2A,X     [000E92] A:0011 X:0E68 Y:C945 S:0121 D:0000 DB:86 nvMxdizc V:260 H:307 F:39
						8495D0 20 B3 90    JSR $90B3     [8490B3] A:0011 X:0E68 Y:C945 S:0121 D:0000 DB:86 nvMxdizc V:260 H:314 F:39

							8490B3 0B          PHD                    A:0011 X:0E68 Y:C945 S:011F D:0000 DB:86 nvMxdizc V:260 H:323 F:39
							8490B4 DA          PHX                    A:0011 X:0E68 Y:C945 S:011D D:0000 DB:86 nvMxdizc V:260 H:330 F:39
							8490B5 08          PHP                    A:0011 X:0E68 Y:C945 S:011B D:0000 DB:86 nvMxdizc V:260 H:337 F:39
							8490B6 E2 20       SEP #$20               A:0011 X:0E68 Y:C945 S:011A D:0000 DB:86 nvMxdizc V:261 H:  2 F:39
							8490B8 C2 10       REP #$10               A:0011 X:0E68 Y:C945 S:011A D:0000 DB:86 nvMxdizc V:261 H:  6 F:39
							8490BA 64 01       STZ $01       [000001] A:0011 X:0E68 Y:C945 S:011A D:0000 DB:86 nvMxdizc V:261 H: 11 F:39
							8490BC B5 29       LDA $29,X     [000E91] A:0011 X:0E68 Y:C945 S:011A D:0000 DB:86 nvMxdizc V:261 H: 16 F:39
							8490BE 10 02       BPL $0002     [8490C2] A:000F X:0E68 Y:C945 S:011A D:0000 DB:86 nvMxdizc V:261 H: 22 F:39
							8490C2 18          CLC                    A:000F X:0E68 Y:C945 S:011A D:0000 DB:86 nvMxdizc V:261 H: 27 F:39
							8490C3 75 05       ADC $05,X     [000E6D] A:000F X:0E68 Y:C945 S:011A D:0000 DB:86 nvMxdizc V:261 H: 30 F:39
							8490C5 85 00       STA $00       [000000] A:00D9 X:0E68 Y:C945 S:011A D:0000 DB:86 NvMxdizc V:261 H: 36 F:39
							8490C7 B5 06       LDA $06,X     [000E6E] A:00D9 X:0E68 Y:C945 S:011A D:0000 DB:86 NvMxdizc V:261 H: 41 F:39
							8490C9 65 01       ADC $01       [000001] A:0014 X:0E68 Y:C945 S:011A D:0000 DB:86 nvMxdizc V:261 H: 48 F:39
							8490CB 85 01       STA $01       [000001] A:0014 X:0E68 Y:C945 S:011A D:0000 DB:86 nvMxdizc V:261 H: 53 F:39
							8490CD 64 03       STZ $03       [000003] A:0014 X:0E68 Y:C945 S:011A D:0000 DB:86 nvMxdizc V:261 H: 58 F:39
							8490CF B5 2A       LDA $2A,X     [000E92] A:0014 X:0E68 Y:C945 S:011A D:0000 DB:86 nvMxdizc V:261 H: 63 F:39
							8490D1 10 02       BPL $0002     [8490D5] A:0011 X:0E68 Y:C945 S:011A D:0000 DB:86 nvMxdizc V:261 H: 69 F:39
							8490D5 18          CLC                    A:0011 X:0E68 Y:C945 S:011A D:0000 DB:86 nvMxdizc V:261 H: 74 F:39
							8490D6 75 08       ADC $08,X     [000E70] A:0011 X:0E68 Y:C945 S:011A D:0000 DB:86 nvMxdizc V:261 H: 77 F:39
							8490D8 85 02       STA $02       [000002] A:00AE X:0E68 Y:C945 S:011A D:0000 DB:86 NvMxdizc V:261 H: 83 F:39
							8490DA 29 F0       AND #$F0               A:00AE X:0E68 Y:C945 S:011A D:0000 DB:86 NvMxdizc V:261 H: 88 F:39
							8490DC 85 0A       STA $0A       [00000A] A:00A0 X:0E68 Y:C945 S:011A D:0000 DB:86 NvMxdizc V:261 H: 91 F:39
							8490DE B5 09       LDA $09,X     [000E71] A:00A0 X:0E68 Y:C945 S:011A D:0000 DB:86 NvMxdizc V:261 H: 96 F:39
							8490E0 65 03       ADC $03       [000003] A:000A X:0E68 Y:C945 S:011A D:0000 DB:86 nvMxdizc V:261 H:103 F:39
							8490E2 85 03       STA $03       [000003] A:000A X:0E68 Y:C945 S:011A D:0000 DB:86 nvMxdizc V:261 H:108 F:39
							8490E4 85 0B       STA $0B       [00000B] A:000A X:0E68 Y:C945 S:011A D:0000 DB:86 nvMxdizc V:261 H:113 F:39
							8490E6 A5 00       LDA $00       [000000] A:000A X:0E68 Y:C945 S:011A D:0000 DB:86 nvMxdizc V:261 H:118 F:39
							8490E8 29 0F       AND #$0F               A:00D9 X:0E68 Y:C945 S:011A D:0000 DB:86 NvMxdizc V:261 H:123 F:39
							8490EA 1A          INC                    A:0009 X:0E68 Y:C945 S:011A D:0000 DB:86 nvMxdizc V:261 H:126 F:39
							8490EB 85 0C       STA $0C       [00000C] A:000A X:0E68 Y:C945 S:011A D:0000 DB:86 nvMxdizc V:261 H:129 F:39
							8490ED A5 02       LDA $02       [000002] A:000A X:0E68 Y:C945 S:011A D:0000 DB:86 nvMxdizc V:261 H:144 F:39
							8490EF 29 0F       AND #$0F               A:00AE X:0E68 Y:C945 S:011A D:0000 DB:86 NvMxdizc V:261 H:149 F:39
							8490F1 1A          INC                    A:000E X:0E68 Y:C945 S:011A D:0000 DB:86 nvMxdizc V:261 H:152 F:39
							8490F2 85 0E       STA $0E       [00000E] A:000F X:0E68 Y:C945 S:011A D:0000 DB:86 nvMxdizc V:261 H:155 F:39
							8490F4 C2 20       REP #$20               A:000F X:0E68 Y:C945 S:011A D:0000 DB:86 nvMxdizc V:261 H:160 F:39
							8490F6 20 6A 91    JSR $916A     [84916A] A:000F X:0E68 Y:C945 S:011A D:0000 DB:86 nvmxdizc V:261 H:164 F:39

								84916A A9 00 E8    LDA #$E800             A:000F X:0E68 Y:C945 S:0118 D:0000 DB:86 nvmxdizc V:261 H:174 F:39
								84916D 85 10       STA $10       [000010] A:E800 X:0E68 Y:C945 S:0118 D:0000 DB:86 Nvmxdizc V:261 H:179 F:39
								84916F A9 7E 00    LDA #$007E             A:E800 X:0E68 Y:C945 S:0118 D:0000 DB:86 Nvmxdizc V:261 H:186 F:39
								849172 85 12       STA $12       [000012] A:007E X:0E68 Y:C945 S:0118 D:0000 DB:86 nvmxdizc V:261 H:190 F:39
								849174 A5 02       LDA $02       [000002] A:007E X:0E68 Y:C945 S:0118 D:0000 DB:86 nvmxdizc V:261 H:197 F:39
								849176 29 F0 00    AND #$00F0             A:0AAE X:0E68 Y:C945 S:0118 D:0000 DB:86 nvmxdizc V:261 H:204 F:39
								849179 0A          ASL A                  A:00A0 X:0E68 Y:C945 S:0118 D:0000 DB:86 nvmxdizc V:261 H:209 F:39
								84917A 85 04       STA $04       [000004] A:0140 X:0E68 Y:C945 S:0118 D:0000 DB:86 nvmxdizc V:261 H:212 F:39
								84917C A5 00       LDA $00       [000000] A:0140 X:0E68 Y:C945 S:0118 D:0000 DB:86 nvmxdizc V:261 H:219 F:39
								84917E 29 FF 00    AND #$00FF             A:14D9 X:0E68 Y:C945 S:0118 D:0000 DB:86 nvmxdizc V:261 H:226 F:39
								849181 4A          LSR A                  A:00D9 X:0E68 Y:C945 S:0118 D:0000 DB:86 nvmxdizc V:261 H:230 F:39
								849182 4A          LSR A                  A:006C X:0E68 Y:C945 S:0118 D:0000 DB:86 nvmxdizC V:261 H:233 F:39
								849183 4A          LSR A                  A:0036 X:0E68 Y:C945 S:0118 D:0000 DB:86 nvmxdizc V:261 H:236 F:39
								849184 29 FE FF    AND #$FFFE             A:001B X:0E68 Y:C945 S:0118 D:0000 DB:86 nvmxdizc V:261 H:239 F:39
								849187 18          CLC                    A:001A X:0E68 Y:C945 S:0118 D:0000 DB:86 nvmxdizc V:261 H:244 F:39
								849188 65 04       ADC $04       [000004] A:001A X:0E68 Y:C945 S:0118 D:0000 DB:86 nvmxdizc V:261 H:247 F:39
								84918A 85 06       STA $06       [000006] A:015A X:0E68 Y:C945 S:0118 D:0000 DB:86 nvmxdizc V:261 H:254 F:39
								84918C A5 00       LDA $00       [000000] A:015A X:0E68 Y:C945 S:0118 D:0000 DB:86 nvmxdizc V:261 H:261 F:39
								84918E EB          XBA                    A:14D9 X:0E68 Y:C945 S:0118 D:0000 DB:86 nvmxdizc V:261 H:268 F:39
								84918F 29 1F 00    AND #$001F             A:D914 X:0E68 Y:C945 S:0118 D:0000 DB:86 nvmxdizc V:261 H:272 F:39
								849192 85 04       STA $04       [000004] A:0014 X:0E68 Y:C945 S:0118 D:0000 DB:86 nvmxdizc V:261 H:277 F:39
								849194 A5 02       LDA $02       [000002] A:0014 X:0E68 Y:C945 S:0118 D:0000 DB:86 nvmxdizc V:261 H:284 F:39
								849196 29 00 1F    AND #$1F00             A:0AAE X:0E68 Y:C945 S:0118 D:0000 DB:86 nvmxdizc V:261 H:291 F:39
								849199 4A          LSR A                  A:0A00 X:0E68 Y:C945 S:0118 D:0000 DB:86 nvmxdizc V:261 H:295 F:39
								84919A 4A          LSR A                  A:0500 X:0E68 Y:C945 S:0118 D:0000 DB:86 nvmxdizc V:261 H:298 F:39
								84919B 4A          LSR A                  A:0280 X:0E68 Y:C945 S:0118 D:0000 DB:86 nvmxdizc V:261 H:301 F:39
								84919C 18          CLC                    A:0140 X:0E68 Y:C945 S:0118 D:0000 DB:86 nvmxdizc V:261 H:304 F:39
								84919D 65 04       ADC $04       [000004] A:0140 X:0E68 Y:C945 S:0118 D:0000 DB:86 nvmxdizc V:261 H:307 F:39
								84919F A8          TAY                    A:0154 X:0E68 Y:C945 S:0118 D:0000 DB:86 nvmxdizc V:261 H:314 F:39
								8491A0 B7 10       LDA [$10],Y   [7EE954] A:0154 X:0E68 Y:0154 S:0118 D:0000 DB:86 nvmxdizc V:261 H:317 F:39
								8491A2 29 FF 00    AND #$00FF             A:0038 X:0E68 Y:0154 S:0118 D:0000 DB:86 nvmxdizc V:261 H:329 F:39
								8491A5 A8          TAY                    A:0038 X:0E68 Y:0154 S:0118 D:0000 DB:86 nvmxdizc V:261 H:334 F:39
								8491A6 EB          XBA                    A:0038 X:0E68 Y:0038 S:0118 D:0000 DB:86 nvmxdizc V:261 H:337 F:39
								8491A7 0A          ASL A                  A:3800 X:0E68 Y:0038 S:0118 D:0000 DB:86 nvmxdiZc V:  0 H:  1 F:40
								8491A8 18          CLC                    A:7000 X:0E68 Y:0038 S:0118 D:0000 DB:86 nvmxdizc V:  0 H:  4 F:40
								8491A9 65 06       ADC $06       [000006] A:7000 X:0E68 Y:0038 S:0118 D:0000 DB:86 nvmxdizc V:  0 H:  7 F:40
								8491AB AA          TAX                    A:715A X:0E68 Y:0038 S:0118 D:0000 DB:86 nvmxdizc V:  0 H: 14 F:40
								8491AC 60          RTS                    A:715A X:715A Y:0038 S:0118 D:0000 DB:86 nvmxdizc V:  0 H: 17 F:40

							8490F9 BF 00 20 7E LDA $7E2000,X [7E915A] A:715A X:715A Y:0038 S:011A D:0000 DB:86 nvmxdizc V:  0 H: 27 F:40
							8490FD A8          TAY                    A:01D3 X:715A Y:0038 S:011A D:0000 DB:86 nvmxdizc V:  0 H: 37 F:40
							8490FE AD 92 0B    LDA $0B92     [860B92] A:01D3 X:715A Y:01D3 S:011A D:0000 DB:86 nvmxdizc V:  0 H: 40 F:40
							849101 85 10       STA $10       [000010] A:DB57 X:715A Y:01D3 S:011A D:0000 DB:86 Nvmxdizc V:  0 H: 49 F:40
							849103 AD 94 0B    LDA $0B94     [860B94] A:DB57 X:715A Y:01D3 S:011A D:0000 DB:86 Nvmxdizc V:  0 H: 56 F:40
							849106 85 12       STA $12       [000012] A:B895 X:715A Y:01D3 S:011A D:0000 DB:86 Nvmxdizc V:  0 H: 64 F:40
							849108 B7 10       LDA [$10],Y   [95DD2A] A:B895 X:715A Y:01D3 S:011A D:0000 DB:86 Nvmxdizc V:  0 H: 71 F:40
							84910A 29 FF 00    AND #$00FF             A:0000 X:715A Y:01D3 S:011A D:0000 DB:86 nvmxdiZc V:  0 H: 83 F:40
							84910D 28          PLP                    A:0000 X:715A Y:01D3 S:011A D:0000 DB:86 nvmxdiZc V:  0 H: 88 F:40
							84910E FA          PLX                    A:0000 X:715A Y:01D3 S:011B D:0000 DB:86 nvMxdizc V:  0 H: 94 F:40
							84910F 2B          PLD                    A:0000 X:0E68 Y:01D3 S:011D D:0000 DB:86 nvMxdizc V:  0 H:103 F:40
							849110 60          RTS                    A:0000 X:0E68 Y:01D3 S:011F D:0000 DB:86 nvMxdiZc V:  0 H:111 F:40

						8495D3 95 2E       STA $2E,X     [000E96] A:0000 X:0E68 Y:01D3 S:0121 D:0000 DB:86 nvMxdiZc V:  0 H:121 F:40
						8495D5 85 18       STA $18       [000018] A:0000 X:0E68 Y:01D3 S:0121 D:0000 DB:86 nvMxdiZc V:  0 H:128 F:40
						8495D7 29 3F       AND #$3F               A:0000 X:0E68 Y:01D3 S:0121 D:0000 DB:86 nvMxdiZc V:  0 H:133 F:40
						8495D9 0A          ASL A                  A:0000 X:0E68 Y:01D3 S:0121 D:0000 DB:86 nvMxdiZc V:  0 H:146 F:40
						8495DA EB          XBA                    A:0000 X:0E68 Y:01D3 S:0121 D:0000 DB:86 nvMxdiZc V:  0 H:149 F:40
						8495DB A9 00       LDA #$00               A:0000 X:0E68 Y:01D3 S:0121 D:0000 DB:86 nvMxdiZc V:  0 H:153 F:40
						8495DD EB          XBA                    A:0000 X:0E68 Y:01D3 S:0121 D:0000 DB:86 nvMxdiZc V:  0 H:156 F:40
						8495DE A8          TAY                    A:0000 X:0E68 Y:01D3 S:0121 D:0000 DB:86 nvMxdiZc V:  0 H:161 F:40
						8495DF 84 28       STY $28       [000028] A:0000 X:0E68 Y:0000 S:0121 D:0000 DB:86 nvMxdiZc V:  0 H:164 F:40
						8495E1 86 2C       STX $2C       [00002C] A:0000 X:0E68 Y:0000 S:0121 D:0000 DB:86 nvMxdiZc V:  0 H:171 F:40
						8495E3 68          PLA                    A:0000 X:0E68 Y:0000 S:0121 D:0000 DB:86 nvMxdiZc V:  0 H:178 F:40
						8495E4 95 2A       STA $2A,X     [000E92] A:000D X:0E68 Y:0000 S:0122 D:0000 DB:86 nvMxdizc V:  0 H:184 F:40
						8495E6 A6 2C       LDX $2C       [00002C] A:000D X:0E68 Y:0000 S:0122 D:0000 DB:86 nvMxdizc V:  0 H:191 F:40
						8495E8 A9 FB       LDA #$FB               A:000D X:0E68 Y:0000 S:0122 D:0000 DB:86 nvMxdizc V:  0 H:198 F:40
						8495EA 35 2B       AND $2B,X     [000E93] A:00FB X:0E68 Y:0000 S:0122 D:0000 DB:86 NvMxdizc V:  0 H:201 F:40
						8495EC 95 2B       STA $2B,X     [000E93] A:0000 X:0E68 Y:0000 S:0122 D:0000 DB:86 nvMxdiZc V:  0 H:207 F:40
						8495EE 64 01       STZ $01       [000001] A:0000 X:0E68 Y:0000 S:0122 D:0000 DB:86 nvMxdiZc V:  0 H:214 F:40
						8495F0 B5 2A       LDA $2A,X     [000E92] A:0000 X:0E68 Y:0000 S:0122 D:0000 DB:86 nvMxdiZc V:  0 H:219 F:40
						8495F2 85 02       STA $02       [000002] A:000D X:0E68 Y:0000 S:0122 D:0000 DB:86 nvMxdizc V:  0 H:225 F:40
						8495F4 64 03       STZ $03       [000003] A:000D X:0E68 Y:0000 S:0122 D:0000 DB:86 nvMxdizc V:  0 H:230 F:40
						8495F6 B4 05       LDY $05,X     [000E6D] A:000D X:0E68 Y:0000 S:0122 D:0000 DB:86 nvMxdizc V:  0 H:235 F:40
						8495F8 84 10       STY $10       [000010] A:000D X:0E68 Y:14CA S:0122 D:0000 DB:86 nvMxdizc V:  0 H:244 F:40
						8495FA B4 08       LDY $08,X     [000E70] A:000D X:0E68 Y:14CA S:0122 D:0000 DB:86 nvMxdizc V:  0 H:251 F:40
						8495FC 84 12       STY $12       [000012] A:000D X:0E68 Y:0A9D S:0122 D:0000 DB:86 nvMxdizc V:  0 H:259 F:40
						8495FE A6 28       LDX $28       [000028] A:000D X:0E68 Y:0A9D S:0122 D:0000 DB:86 nvMxdizc V:  0 H:266 F:40
						849600 FC 1C 96    JSR ($961C,X) [84961C] A:000D X:0000 Y:0A9D S:0122 D:0000 DB:86 nvMxdiZc V:  0 H:273 F:40

							84969C AD 1C 1F    LDA $1F1C     [861F1C] A:000D X:0000 Y:0A9D S:0120 D:0000 DB:86 nvMxdiZc V:  0 H:286 F:40
							84969F F0 11       BEQ $0011     [8496B2] A:0000 X:0000 Y:0A9D S:0120 D:0000 DB:86 nvMxdiZc V:  0 H:293 F:40
							8496B2 A9 00       LDA #$00               A:0000 X:0000 Y:0A9D S:0120 D:0000 DB:86 nvMxdiZc V:  0 H:297 F:40
							8496B4 60          RTS                    A:0000 X:0000 Y:0A9D S:0120 D:0000 DB:86 nvMxdiZc V:  0 H:300 F:40

						849603 F0 11       BEQ $0011     [849616] A:0000 X:0000 Y:0A9D S:0122 D:0000 DB:86 nvMxdiZc V:  0 H:310 F:40
						849616 A6 2C       LDX $2C       [00002C] A:0000 X:0000 Y:0A9D S:0122 D:0000 DB:86 nvMxdiZc V:  0 H:315 F:40
						849618 20 08 93    JSR $9308     [849308] A:0000 X:0E68 Y:0A9D S:0122 D:0000 DB:86 nvMxdizc V:  0 H:322 F:40

							849308 A5 14       LDA $14       [000014] A:0000 X:0E68 Y:0A9D S:0120 D:0000 DB:86 nvMxdizc V:  0 H:331 F:40
							84930A F0 08       BEQ $0008     [849314] A:0000 X:0E68 Y:0A9D S:0120 D:0000 DB:86 nvMxdiZc V:  0 H:336 F:40
							849314 60          RTS                    A:0000 X:0E68 Y:0A9D S:0120 D:0000 DB:86 nvMxdiZc V:  1 H:  0 F:40

						84961B 60          RTS                    A:0000 X:0E68 Y:0A9D S:0122 D:0000 DB:86 nvMxdiZc V:  1 H: 10 F:40

					8492A9 C2 30       REP #$30               A:0000 X:0E68 Y:0A9D S:0124 D:0000 DB:86 nvMxdiZc V:  1 H: 20 F:40
					8492AB 60          RTS                    A:0000 X:0E68 Y:0A9D S:0124 D:0000 DB:86 nvmxdiZc V:  1 H: 25 F:40

				8491DB 2B          PLD                    A:0000 X:0E68 Y:0A9D S:0126 D:0000 DB:86 nvmxdiZc V:  1 H: 35 F:40
				8491DC 28          PLP                    A:0000 X:0E68 Y:0A9D S:0128 D:0E68 DB:86 nvmxdizc V:  1 H: 43 F:40
				8491DD 6B          RTL                    A:0000 X:0068 Y:009D S:0129 D:0E68 DB:86 nvMXdizc V:  1 H: 50 F:40

			83B49B 22 EA 8E 84 JSL $848EEA   [848EEA] A:0000 X:0068 Y:009D S:012C D:0E68 DB:86 nvMXdizc V:  1 H: 60 F:40		JSL $848EEA --> Decrease CDSkel, Continue Skeleton

				848EEA 08          PHP                    A:0000 X:0068 Y:009D S:0129 D:0E68 DB:86 nvMXdizc V:  1 H: 74 F:40
				848EEB 8B          PHB                    A:0000 X:0068 Y:009D S:0128 D:0E68 DB:86 nvMXdizc V:  1 H: 79 F:40
				848EEC E2 30       SEP #$30               A:0000 X:0068 Y:009D S:0127 D:0E68 DB:86 nvMXdizc V:  1 H: 84 F:40
				848EEE C6 13       DEC $13       [000E7B] A:0000 X:0068 Y:009D S:0127 D:0E68 DB:86 nvMXdizc V:  1 H: 88 F:40
				848EF0 D0 5D       BNE $005D     [848F4F] A:0000 X:0068 Y:009D S:0127 D:0E68 DB:86 nvMXdiZc V:  1 H: 98 F:40
				848EF2 A9 AF       LDA #$AF               A:0000 X:0068 Y:009D S:0127 D:0E68 DB:86 nvMXdiZc V:  1 H:101 F:40
				848EF4 48          PHA                    A:00AF X:0068 Y:009D S:0127 D:0E68 DB:86 NvMXdizc V:  1 H:104 F:40
				848EF5 AB          PLB                    A:00AF X:0068 Y:009D S:0126 D:0E68 DB:86 NvMXdizc V:  1 H:109 F:40
				848EF6 C2 21       REP #$21               A:00AF X:0068 Y:009D S:0127 D:0E68 DB:AF NvMXdizc V:  1 H:116 F:40
				848EF8 A5 14       LDA $14       [000E7C] A:00AF X:0068 Y:009D S:0127 D:0E68 DB:AF NvmXdizc V:  1 H:120 F:40
				848EFA 69 03 00    ADC #$0003             A:CE27 X:0068 Y:009D S:0127 D:0E68 DB:AF NvmXdizc V:  1 H:129 F:40
				848EFD A4 0F       LDY $0F       [000E77] A:CE2A X:0068 Y:009D S:0127 D:0E68 DB:AF NvmXdizc V:  1 H:143 F:40
				848EFF 10 37       BPL $0037     [848F38] A:CE2A X:0068 Y:0000 S:0127 D:0E68 DB:AF nvmXdiZc V:  1 H:150 F:40
				848F38 85 14       STA $14       [000E7C] A:CE2A X:0068 Y:0000 S:0127 D:0E68 DB:AF nvmXdiZc V:  1 H:154 F:40
				848F3A E2 30       SEP #$30               A:CE2A X:0068 Y:0000 S:0127 D:0E68 DB:AF nvmXdiZc V:  1 H:163 F:40
				848F3C B2 14       LDA ($14)     [AFCE2A] A:CE2A X:0068 Y:0000 S:0127 D:0E68 DB:AF nvMXdiZc V:  1 H:167 F:40
				848F3E 85 13       STA $13       [000E7B] A:CE01 X:0068 Y:0000 S:0127 D:0E68 DB:AF nvMXdizc V:  1 H:177 F:40
				848F40 A0 01       LDY #$01               A:CE01 X:0068 Y:0000 S:0127 D:0E68 DB:AF nvMXdizc V:  1 H:184 F:40
				848F42 B1 14       LDA ($14),Y   [AFCE2B] A:CE01 X:0068 Y:0001 S:0127 D:0E68 DB:AF nvMXdizc V:  1 H:187 F:40
				848F44 85 0F       STA $0F       [000E77] A:CE80 X:0068 Y:0001 S:0127 D:0E68 DB:AF NvMXdizc V:  1 H:197 F:40
				848F46 C8          INY                    A:CE80 X:0068 Y:0001 S:0127 D:0E68 DB:AF NvMXdizc V:  1 H:203 F:40
				848F47 B1 14       LDA ($14),Y   [AFCE2C] A:CE80 X:0068 Y:0002 S:0127 D:0E68 DB:AF nvMXdizc V:  1 H:206 F:40
				848F49 85 17       STA $17       [000E7F] A:CE03 X:0068 Y:0002 S:0127 D:0E68 DB:AF nvMXdizc V:  1 H:216 F:40
				848F4B A9 80       LDA #$80               A:CE03 X:0068 Y:0002 S:0127 D:0E68 DB:AF nvMXdizc V:  1 H:223 F:40
				848F4D 04 17       TSB $17       [000E7F] A:CE80 X:0068 Y:0002 S:0127 D:0E68 DB:AF NvMXdizc V:  1 H:226 F:40
				848F4F AB          PLB                    A:CE80 X:0068 Y:0002 S:0127 D:0E68 DB:AF NvMXdiZc V:  1 H:236 F:40
				848F50 28          PLP                    A:CE80 X:0068 Y:0002 S:0128 D:0E68 DB:86 NvMXdizc V:  1 H:242 F:40
				848F51 6B          RTL                    A:CE80 X:0068 Y:0002 S:0129 D:0E68 DB:86 nvMXdizc V:  1 H:249 F:40

			83B49F A5 2B       LDA $2B       [000E93] A:CE80 X:0068 Y:0002 S:012C D:0E68 DB:86 nvMXdizc V:  1 H:259 F:40
			83B4A1 29 03       AND #$03               A:CE00 X:0068 Y:0002 S:012C D:0E68 DB:86 nvMXdiZc V:  1 H:266 F:40
			83B4A3 F0 58       BEQ $0058     [83B4FD] A:CE00 X:0068 Y:0002 S:012C D:0E68 DB:86 nvMXdiZc V:  1 H:269 F:40		Branch because Contact AND 03
			83B4FD 60          RTS                    A:CE00 X:0068 Y:0002 S:012C D:0E68 DB:86 nvMXdiZc V:  1 H:273 F:40		Return

		83B2ED A5 27       LDA $27       [000E8F] A:CE00 X:0068 Y:0002 S:012E D:0E68 DB:86 nvMXdiZc V:  1 H:283 F:40
