80D4F6 20 30 D5    JSR $D530     [80D530] A:0E01 X:0000 Y:0046 S:0133 D:0E68 DB:86 nvMXdizC V:247 H:165 F:38

	80D530 C2 20       REP #$20               A:0E01 X:0000 Y:0046 S:0131 D:0E68 DB:86 nvMXdizC V:247 H:175 F:38
	80D532 A5 05       LDA $05       [000E6D] A:0E01 X:0000 Y:0046 S:0131 D:0E68 DB:86 nvmXdizC V:247 H:180 F:38
	80D534 85 22       STA $22       [000E8A] A:14D0 X:0000 Y:0046 S:0131 D:0E68 DB:86 nvmXdizC V:247 H:188 F:38
	80D536 A5 08       LDA $08       [000E70] A:14D0 X:0000 Y:0046 S:0131 D:0E68 DB:86 nvmXdizC V:247 H:197 F:38
	80D538 85 24       STA $24       [000E8C] A:0AA2 X:0000 Y:0046 S:0131 D:0E68 DB:86 nvmXdizC V:247 H:205 F:38
	80D53A E2 20       SEP #$20               A:0AA2 X:0000 Y:0046 S:0131 D:0E68 DB:86 nvmXdizC V:247 H:214 F:38
	80D53C A9 80       LDA #$80               A:0AA2 X:0000 Y:0046 S:0131 D:0E68 DB:86 nvMXdizC V:247 H:218 F:38
	80D53E 14 0E       TRB $0E       [000E76] A:0A80 X:0000 Y:0046 S:0131 D:0E68 DB:86 NvMXdizC V:247 H:221 F:38
	80D540 A5 0A       LDA $0A       [000E72] A:0A80 X:0000 Y:0046 S:0131 D:0E68 DB:86 NvMXdizC V:247 H:231 F:38
	80D542 0A          ASL A                  A:0A14 X:0000 Y:0046 S:0131 D:0E68 DB:86 nvMXdizC V:247 H:238 F:38
	80D543 AA          TAX                    A:0A28 X:0000 Y:0046 S:0131 D:0E68 DB:86 nvMXdizc V:247 H:241 F:38
	80D544 7C DD F8    JMP ($F8DD,X) [80F905] A:0A28 X:0028 Y:0046 S:0131 D:0E68 DB:86 nvMXdizc V:247 H:244 F:38

	80FA15 22 44 B1 83 JSL $83B144   [83B144] A:0A28 X:0028 Y:0046 S:0131 D:0E68 DB:86 nvMXdizc V:247 H:253 F:38

		83B144 A6 01       LDX $01       [000E69] A:0A28 X:0028 Y:0046 S:012E D:0E68 DB:86 nvMXdizc V:247 H:266 F:38
		83B146 7C 49 B1    JMP ($B149,X) [83B14D] A:0A28 X:0004 Y:0046 S:012E D:0E68 DB:86 nvMXdizc V:247 H:273 F:38

		83B2E8 A6 02       LDX $02       [000E6A] A:0A28 X:0004 Y:0046 S:012E D:0E68 DB:86 nvMXdizc V:247 H:282 F:38
		83B2EA FC DA B3    JSR ($B3DA,X) [83B3DA] A:0A28 X:0000 Y:0046 S:012E D:0E68 DB:86 nvMXdiZc V:247 H:288 F:38

			83B3E4 A6 03       LDX $03       [000E6B] A:0A28 X:0000 Y:0046 S:012C D:0E68 DB:86 nvMXdiZc V:247 H:301 F:38
			83B3E6 7C E9 B3    JMP ($B3E9,X) [83B3EF] A:0A28 X:0006 Y:0046 S:012C D:0E68 DB:86 nvMXdizc V:247 H:308 F:38

			83B468 22 A5 AC 84 JSL $84ACA5   [84ACA5] A:0A28 X:0006 Y:0046 S:012C D:0E68 DB:86 nvMXdizc V:247 H:317 F:38		JSL $84ACA5 --> Update Facing (40 bit)

				84ACA5 08          PHP                    A:0A28 X:0006 Y:0046 S:0129 D:0E68 DB:86 nvMXdizc V:247 H:329 F:38
				84ACA6 E2 20       SEP #$20               A:0A28 X:0006 Y:0046 S:0128 D:0E68 DB:86 nvMXdizc V:247 H:334 F:38
				84ACA8 A9 40       LDA #$40               A:0A28 X:0006 Y:0046 S:0128 D:0E68 DB:86 nvMXdizc V:247 H:339 F:38
				84ACAA 14 11       TRB $11       [000E79] A:0A40 X:0006 Y:0046 S:0128 D:0E68 DB:86 nvMXdizc V:248 H:  2 F:38
				84ACAC C2 20       REP #$20               A:0A40 X:0006 Y:0046 S:0128 D:0E68 DB:86 nvMXdiZc V:248 H: 12 F:38
				84ACAE AD AD 0B    LDA $0BAD     [860BAD] A:0A40 X:0006 Y:0046 S:0128 D:0E68 DB:86 nvmXdiZc V:248 H: 16 F:38
				84ACB1 38          SEC                    A:141A X:0006 Y:0046 S:0128 D:0E68 DB:86 nvmXdizc V:248 H: 25 F:38
				84ACB2 E5 05       SBC $05       [000E6D] A:141A X:0006 Y:0046 S:0128 D:0E68 DB:86 nvmXdizC V:248 H: 28 F:38
				84ACB4 E2 20       SEP #$20               A:FF4A X:0006 Y:0046 S:0128 D:0E68 DB:86 NvmXdizc V:248 H: 36 F:38
				84ACB6 A9 00       LDA #$00               A:FF4A X:0006 Y:0046 S:0128 D:0E68 DB:86 NvMXdizc V:248 H: 41 F:38
				84ACB8 6A          ROR A                  A:FF00 X:0006 Y:0046 S:0128 D:0E68 DB:86 nvMXdiZc V:248 H: 44 F:38
				84ACB9 4A          LSR A                  A:FF00 X:0006 Y:0046 S:0128 D:0E68 DB:86 nvMXdiZc V:248 H: 47 F:38
				84ACBA 04 11       TSB $11       [000E79] A:FF00 X:0006 Y:0046 S:0128 D:0E68 DB:86 nvMXdiZc V:248 H: 50 F:38
				84ACBC 28          PLP                    A:FF00 X:0006 Y:0046 S:0128 D:0E68 DB:86 nvMXdiZc V:248 H: 60 F:38
				84ACBD 6B          RTL                    A:FF00 X:0006 Y:0046 S:0129 D:0E68 DB:86 nvMXdizc V:248 H: 66 F:38

			83B46C 22 EA 8E 84 JSL $848EEA   [848EEA] A:FF00 X:0006 Y:0046 S:012C D:0E68 DB:86 nvMXdizc V:248 H: 77 F:38		JSL $848EEA --> Decrease CDSkel, Continue Skeleton

				848EEA 08          PHP                    A:FF00 X:0006 Y:0046 S:0129 D:0E68 DB:86 nvMXdizc V:248 H: 90 F:38
				848EEB 8B          PHB                    A:FF00 X:0006 Y:0046 S:0128 D:0E68 DB:86 nvMXdizc V:248 H: 95 F:38
				848EEC E2 30       SEP #$30               A:FF00 X:0006 Y:0046 S:0127 D:0E68 DB:86 nvMXdizc V:248 H:100 F:38
				848EEE C6 13       DEC $13       [000E7B] A:FF00 X:0006 Y:0046 S:0127 D:0E68 DB:86 nvMXdizc V:248 H:105 F:38
				848EF0 D0 5D       BNE $005D     [848F4F] A:FF00 X:0006 Y:0046 S:0127 D:0E68 DB:86 nvMXdiZc V:248 H:115 F:38
				848EF2 A9 AF       LDA #$AF               A:FF00 X:0006 Y:0046 S:0127 D:0E68 DB:86 nvMXdiZc V:248 H:118 F:38
				848EF4 48          PHA                    A:FFAF X:0006 Y:0046 S:0127 D:0E68 DB:86 NvMXdizc V:248 H:121 F:38
				848EF5 AB          PLB                    A:FFAF X:0006 Y:0046 S:0126 D:0E68 DB:86 NvMXdizc V:248 H:126 F:38
				848EF6 C2 21       REP #$21               A:FFAF X:0006 Y:0046 S:0127 D:0E68 DB:AF NvMXdizc V:248 H:132 F:38
				848EF8 A5 14       LDA $14       [000E7C] A:FFAF X:0006 Y:0046 S:0127 D:0E68 DB:AF NvmXdizc V:248 H:147 F:38
				848EFA 69 03 00    ADC #$0003             A:CE24 X:0006 Y:0046 S:0127 D:0E68 DB:AF NvmXdizc V:248 H:155 F:38
				848EFD A4 0F       LDY $0F       [000E77] A:CE27 X:0006 Y:0046 S:0127 D:0E68 DB:AF NvmXdizc V:248 H:160 F:38
				848EFF 10 37       BPL $0037     [848F38] A:CE27 X:0006 Y:0000 S:0127 D:0E68 DB:AF nvmXdiZc V:248 H:166 F:38
				848F38 85 14       STA $14       [000E7C] A:CE27 X:0006 Y:0000 S:0127 D:0E68 DB:AF nvmXdiZc V:248 H:171 F:38
				848F3A E2 30       SEP #$30               A:CE27 X:0006 Y:0000 S:0127 D:0E68 DB:AF nvmXdiZc V:248 H:179 F:38
				848F3C B2 14       LDA ($14)     [AFCE27] A:CE27 X:0006 Y:0000 S:0127 D:0E68 DB:AF nvMXdiZc V:248 H:184 F:38
				848F3E 85 13       STA $13       [000E7B] A:CE01 X:0006 Y:0000 S:0127 D:0E68 DB:AF nvMXdizc V:248 H:194 F:38
				848F40 A0 01       LDY #$01               A:CE01 X:0006 Y:0000 S:0127 D:0E68 DB:AF nvMXdizc V:248 H:200 F:38
				848F42 B1 14       LDA ($14),Y   [AFCE28] A:CE01 X:0006 Y:0001 S:0127 D:0E68 DB:AF nvMXdizc V:248 H:203 F:38
				848F44 85 0F       STA $0F       [000E77] A:CE00 X:0006 Y:0001 S:0127 D:0E68 DB:AF nvMXdiZc V:248 H:213 F:38
				848F46 C8          INY                    A:CE00 X:0006 Y:0001 S:0127 D:0E68 DB:AF nvMXdiZc V:248 H:220 F:38
				848F47 B1 14       LDA ($14),Y   [AFCE29] A:CE00 X:0006 Y:0002 S:0127 D:0E68 DB:AF nvMXdizc V:248 H:223 F:38
				848F49 85 17       STA $17       [000E7F] A:CE02 X:0006 Y:0002 S:0127 D:0E68 DB:AF nvMXdizc V:248 H:233 F:38
				848F4B A9 80       LDA #$80               A:CE02 X:0006 Y:0002 S:0127 D:0E68 DB:AF nvMXdizc V:248 H:239 F:38
				848F4D 04 17       TSB $17       [000E7F] A:CE80 X:0006 Y:0002 S:0127 D:0E68 DB:AF NvMXdizc V:248 H:242 F:38
				848F4F AB          PLB                    A:CE80 X:0006 Y:0002 S:0127 D:0E68 DB:AF NvMXdiZc V:248 H:252 F:38
				848F50 28          PLP                    A:CE80 X:0006 Y:0002 S:0128 D:0E68 DB:86 NvMXdizc V:248 H:259 F:38
				848F51 6B          RTL                    A:CE80 X:0006 Y:0002 S:0129 D:0E68 DB:86 nvMXdizc V:248 H:265 F:38

			83B470 22 E8 81 82 JSL $8281E8   [8281E8] A:CE80 X:0006 Y:0002 S:012C D:0E68 DB:86 nvMXdizc V:248 H:276 F:38		JSL $8281E8 --> Update X-Pos, Y-Pos, Y-Vel

				8281E8 08          PHP                    A:CE80 X:0006 Y:0002 S:0129 D:0E68 DB:86 nvMXdizc V:248 H:289 F:38
				8281E9 C2 20       REP #$20               A:CE80 X:0006 Y:0002 S:0128 D:0E68 DB:86 nvMXdizc V:248 H:294 F:38
				8281EB 38          SEC                    A:CE80 X:0006 Y:0002 S:0128 D:0E68 DB:86 nvmXdizc V:248 H:299 F:38
				8281EC A5 1E       LDA $1E       [000E86] A:CE80 X:0006 Y:0002 S:0128 D:0E68 DB:86 nvmXdizC V:248 H:302 F:38
				8281EE 29 FF 00    AND #$00FF             A:0040 X:0006 Y:0002 S:0128 D:0E68 DB:86 nvmXdizC V:248 H:310 F:38
				8281F1 E5 1C       SBC $1C       [000E84] A:0040 X:0006 Y:0002 S:0128 D:0E68 DB:86 nvmXdizC V:248 H:315 F:38
				8281F3 49 FF FF    EOR #$FFFF             A:FA86 X:0006 Y:0002 S:0128 D:0E68 DB:86 NvmXdizc V:248 H:323 F:38
				8281F6 1A          INC                    A:0579 X:0006 Y:0002 S:0128 D:0E68 DB:86 nvmXdizc V:248 H:327 F:38
				8281F7 85 1C       STA $1C       [000E84] A:057A X:0006 Y:0002 S:0128 D:0E68 DB:86 nvmXdizc V:248 H:330 F:38
				8281F9 80 10       BRA $0010     [82820B] A:057A X:0006 Y:0002 S:0128 D:0E68 DB:86 nvmXdizc V:248 H:338 F:38
				82820B C2 21       REP #$21               A:057A X:0006 Y:0002 S:0128 D:0E68 DB:86 nvmXdizc V:249 H:  3 F:38
				82820D A5 04       LDA $04       [000E6C] A:057A X:0006 Y:0002 S:0128 D:0E68 DB:86 nvmXdizc V:249 H:  7 F:38
				82820F 65 1A       ADC $1A       [000E82] A:D000 X:0006 Y:0002 S:0128 D:0E68 DB:86 NvmXdizc V:249 H: 16 F:38
				828211 85 04       STA $04       [000E6C] A:D000 X:0006 Y:0002 S:0128 D:0E68 DB:86 NvmXdizc V:249 H: 24 F:38
				828213 E2 20       SEP #$20               A:D000 X:0006 Y:0002 S:0128 D:0E68 DB:86 NvmXdizc V:249 H: 33 F:38
				828215 A9 00       LDA #$00               A:D000 X:0006 Y:0002 S:0128 D:0E68 DB:86 NvMXdizc V:249 H: 37 F:38
				828217 24 1B       BIT $1B       [000E83] A:D000 X:0006 Y:0002 S:0128 D:0E68 DB:86 nvMXdiZc V:249 H: 40 F:38
				828219 10 01       BPL $0001     [82821C] A:D000 X:0006 Y:0002 S:0128 D:0E68 DB:86 nvMXdiZc V:249 H: 47 F:38
				82821C 65 06       ADC $06       [000E6E] A:D000 X:0006 Y:0002 S:0128 D:0E68 DB:86 nvMXdiZc V:249 H: 51 F:38
				82821E 85 06       STA $06       [000E6E] A:D014 X:0006 Y:0002 S:0128 D:0E68 DB:86 nvMXdizc V:249 H: 58 F:38
				828220 C2 20       REP #$20               A:D014 X:0006 Y:0002 S:0128 D:0E68 DB:86 nvMXdizc V:249 H: 64 F:38
				828222 38          SEC                    A:D014 X:0006 Y:0002 S:0128 D:0E68 DB:86 nvmXdizc V:249 H: 69 F:38
				828223 A5 07       LDA $07       [000E6F] A:D014 X:0006 Y:0002 S:0128 D:0E68 DB:86 nvmXdizC V:249 H: 72 F:38
				828225 E5 1C       SBC $1C       [000E84] A:A2FE X:0006 Y:0002 S:0128 D:0E68 DB:86 NvmXdizC V:249 H: 80 F:38
				828227 85 07       STA $07       [000E6F] A:9D84 X:0006 Y:0002 S:0128 D:0E68 DB:86 NvmXdizC V:249 H: 89 F:38
				828229 E2 20       SEP #$20               A:9D84 X:0006 Y:0002 S:0128 D:0E68 DB:86 NvmXdizC V:249 H: 97 F:38
				82822B 9C 00 00    STZ $0000     [860000] A:9D84 X:0006 Y:0002 S:0128 D:0E68 DB:86 NvMXdizC V:249 H:102 F:38
				82822E 24 1D       BIT $1D       [000E85] A:9D84 X:0006 Y:0002 S:0128 D:0E68 DB:86 NvMXdizC V:249 H:108 F:38
				828230 10 03       BPL $0003     [828235] A:9D84 X:0006 Y:0002 S:0128 D:0E68 DB:86 nvMXdizC V:249 H:115 F:38
				828235 A5 09       LDA $09       [000E71] A:9D84 X:0006 Y:0002 S:0128 D:0E68 DB:86 nvMXdizC V:249 H:119 F:38
				828237 ED 00 00    SBC $0000     [860000] A:9D0A X:0006 Y:0002 S:0128 D:0E68 DB:86 nvMXdizC V:249 H:126 F:38
				82823A 85 09       STA $09       [000E71] A:9D0A X:0006 Y:0002 S:0128 D:0E68 DB:86 nvMXdizC V:249 H:132 F:38
				82823C 28          PLP                    A:9D0A X:0006 Y:0002 S:0128 D:0E68 DB:86 nvMXdizC V:249 H:149 F:38
				82823D 6B          RTL                    A:9D0A X:0006 Y:0002 S:0129 D:0E68 DB:86 nvMXdizc V:249 H:155 F:38

			83B474 A5 2B       LDA $2B       [000E93] A:9D0A X:0006 Y:0002 S:012C D:0E68 DB:86 nvMXdizc V:249 H:166 F:38
			83B476 29 04       AND #$04               A:9D04 X:0006 Y:0002 S:012C D:0E68 DB:86 nvMXdizc V:249 H:172 F:38
			83B478 F0 18       BEQ $0018     [83B492] A:9D04 X:0006 Y:0002 S:012C D:0E68 DB:86 nvMXdizc V:249 H:175 F:38		Branch (Return) if Contact 04 is set
			83B47A A9 08       LDA #$08               A:9D04 X:0006 Y:0002 S:012C D:0E68 DB:86 nvMXdizc V:249 H:178 F:38		Subaction = #$08
			83B47C 85 03       STA $03       [000E6B] A:9D08 X:0006 Y:0002 S:012C D:0E68 DB:86 nvMXdizc V:249 H:181 F:38
			83B47E A5 11       LDA $11       [000E79] A:9D08 X:0006 Y:0002 S:012C D:0E68 DB:86 nvMXdizc V:249 H:188 F:38
			83B480 0A          ASL A                  A:9D2A X:0006 Y:0002 S:012C D:0E68 DB:86 nvMXdizc V:249 H:194 F:38
			83B481 0A          ASL A                  A:9D54 X:0006 Y:0002 S:012C D:0E68 DB:86 nvMXdizc V:249 H:197 F:38
			83B482 C2 20       REP #$20               A:9DA8 X:0006 Y:0002 S:012C D:0E68 DB:86 NvMXdizc V:249 H:200 F:38
			83B484 A9 00 06    LDA #$0600             A:9DA8 X:0006 Y:0002 S:012C D:0E68 DB:86 NvmXdizc V:249 H:205 F:38		A = #$0600
			83B487 B0 03       BCS $0003     [83B48C] A:0600 X:0006 Y:0002 S:012C D:0E68 DB:86 nvmXdizc V:249 H:209 F:38		Branch if Facing = Right
			83B489 A9 00 FA    LDA #$FA00             A:0600 X:0006 Y:0002 S:012C D:0E68 DB:86 nvmXdizc V:249 H:212 F:38		A = #$FA00
			83B48C 85 1A       STA $1A       [000E82] A:FA00 X:0006 Y:0002 S:012C D:0E68 DB:86 NvmXdizc V:249 H:217 F:38		Store E-X-Vel
			83B48E 64 1C       STZ $1C       [000E84] A:FA00 X:0006 Y:0002 S:012C D:0E68 DB:86 NvmXdizc V:249 H:225 F:38		E-Y-Vel = #$0000
			83B490 E2 20       SEP #$20               A:FA00 X:0006 Y:0002 S:012C D:0E68 DB:86 NvmXdizc V:249 H:234 F:38
			83B492 60          RTS                    A:FA00 X:0006 Y:0002 S:012C D:0E68 DB:86 NvMXdizc V:249 H:238 F:38		Return

		83B2ED A5 27       LDA $27       [000E8F] A:FA00 X:0006 Y:0002 S:012E D:0E68 DB:86 NvMXdizc V:249 H:248 F:38
