80D4F6 20 30 D5    JSR $D530     [80D530] A:0E01 X:0000 Y:0046 S:0133 D:0E68 DB:86 nvMXdizC V:247 H:212 F:34

	80D530 C2 20       REP #$20               A:0E01 X:0000 Y:0046 S:0131 D:0E68 DB:86 nvMXdizC V:247 H:222 F:34
	80D532 A5 05       LDA $05       [000E6D] A:0E01 X:0000 Y:0046 S:0131 D:0E68 DB:86 nvmXdizC V:247 H:226 F:34
	80D534 85 22       STA $22       [000E8A] A:149D X:0000 Y:0046 S:0131 D:0E68 DB:86 nvmXdizC V:247 H:235 F:34
	80D536 A5 08       LDA $08       [000E70] A:149D X:0000 Y:0046 S:0131 D:0E68 DB:86 nvmXdizC V:247 H:243 F:34
	80D538 85 24       STA $24       [000E8C] A:0A1E X:0000 Y:0046 S:0131 D:0E68 DB:86 nvmXdizC V:247 H:252 F:34
	80D53A E2 20       SEP #$20               A:0A1E X:0000 Y:0046 S:0131 D:0E68 DB:86 nvmXdizC V:247 H:260 F:34
	80D53C A9 80       LDA #$80               A:0A1E X:0000 Y:0046 S:0131 D:0E68 DB:86 nvMXdizC V:247 H:265 F:34
	80D53E 14 0E       TRB $0E       [000E76] A:0A80 X:0000 Y:0046 S:0131 D:0E68 DB:86 NvMXdizC V:247 H:268 F:34
	80D540 A5 0A       LDA $0A       [000E72] A:0A80 X:0000 Y:0046 S:0131 D:0E68 DB:86 NvMXdizC V:247 H:278 F:34
	80D542 0A          ASL A                  A:0A14 X:0000 Y:0046 S:0131 D:0E68 DB:86 nvMXdizC V:247 H:284 F:34
	80D543 AA          TAX                    A:0A28 X:0000 Y:0046 S:0131 D:0E68 DB:86 nvMXdizc V:247 H:287 F:34
	80D544 7C DD F8    JMP ($F8DD,X) [80F905] A:0A28 X:0028 Y:0046 S:0131 D:0E68 DB:86 nvMXdizc V:247 H:290 F:34

	80FA15 22 44 B1 83 JSL $83B144   [83B144] A:0A28 X:0028 Y:0046 S:0131 D:0E68 DB:86 nvMXdizc V:247 H:299 F:34

		83B144 A6 01       LDX $01       [000E69] A:0A28 X:0028 Y:0046 S:012E D:0E68 DB:86 nvMXdizc V:247 H:313 F:34
		83B146 7C 49 B1    JMP ($B149,X) [83B14D] A:0A28 X:0004 Y:0046 S:012E D:0E68 DB:86 nvMXdizc V:247 H:319 F:34

		83B2E8 A6 02       LDX $02       [000E6A] A:0A28 X:0004 Y:0046 S:012E D:0E68 DB:86 nvMXdizc V:247 H:327 F:34
		83B2EA FC DA B3    JSR ($B3DA,X) [83B3DA] A:0A28 X:0000 Y:0046 S:012E D:0E68 DB:86 nvMXdiZc V:247 H:334 F:34

			83B3E4 A6 03       LDX $03       [000E6B] A:0A28 X:0000 Y:0046 S:012C D:0E68 DB:86 nvMXdiZc V:248 H:  7 F:34
			83B3E6 7C E9 B3    JMP ($B3E9,X) [83B3F3] A:0A28 X:000A Y:0046 S:012C D:0E68 DB:86 nvMXdizc V:248 H: 13 F:34

			83B4FE A9 40       LDA #$40               A:0A28 X:000A Y:0046 S:012C D:0E68 DB:86 nvMXdizc V:248 H: 22 F:34		|Update Facing based on E-X-Vel
			83B500 14 11       TRB $11       [000E79] A:0A40 X:000A Y:0046 S:012C D:0E68 DB:86 nvMXdizc V:248 H: 25 F:34		|
			83B502 A5 1B       LDA $1B       [000E83] A:0A40 X:000A Y:0046 S:012C D:0E68 DB:86 nvMXdizc V:248 H: 35 F:34		|
			83B504 29 80       AND #$80               A:0A04 X:000A Y:0046 S:012C D:0E68 DB:86 nvMXdizc V:248 H: 42 F:34		|
			83B506 4A          LSR A                  A:0A00 X:000A Y:0046 S:012C D:0E68 DB:86 nvMXdiZc V:248 H: 45 F:34		|
			83B507 49 40       EOR #$40               A:0A00 X:000A Y:0046 S:012C D:0E68 DB:86 nvMXdiZc V:248 H: 48 F:34		|
			83B509 04 11       TSB $11       [000E79] A:0A40 X:000A Y:0046 S:012C D:0E68 DB:86 nvMXdizc V:248 H: 51 F:34		|
			83B50B 22 0A 82 82 JSL $82820A   [82820A] A:0A40 X:000A Y:0046 S:012C D:0E68 DB:86 nvMXdiZc V:248 H: 61 F:34		JSL $82820A --> Update X-Pos, Y-Pos

				82820A 08          PHP                    A:0A40 X:000A Y:0046 S:0129 D:0E68 DB:86 nvMXdiZc V:248 H: 74 F:34
				82820B C2 21       REP #$21               A:0A40 X:000A Y:0046 S:0128 D:0E68 DB:86 nvMXdiZc V:248 H: 79 F:34
				82820D A5 04       LDA $04       [000E6C] A:0A40 X:000A Y:0046 S:0128 D:0E68 DB:86 nvmXdiZc V:248 H: 84 F:34
				82820F 65 1A       ADC $1A       [000E82] A:9DEA X:000A Y:0046 S:0128 D:0E68 DB:86 NvmXdizc V:248 H: 92 F:34
				828211 85 04       STA $04       [000E6C] A:A225 X:000A Y:0046 S:0128 D:0E68 DB:86 NvmXdizc V:248 H:101 F:34
				828213 E2 20       SEP #$20               A:A225 X:000A Y:0046 S:0128 D:0E68 DB:86 NvmXdizc V:248 H:109 F:34
				828215 A9 00       LDA #$00               A:A225 X:000A Y:0046 S:0128 D:0E68 DB:86 NvMXdizc V:248 H:114 F:34
				828217 24 1B       BIT $1B       [000E83] A:A200 X:000A Y:0046 S:0128 D:0E68 DB:86 nvMXdiZc V:248 H:117 F:34
				828219 10 01       BPL $0001     [82821C] A:A200 X:000A Y:0046 S:0128 D:0E68 DB:86 nvMXdiZc V:248 H:123 F:34
				82821C 65 06       ADC $06       [000E6E] A:A200 X:000A Y:0046 S:0128 D:0E68 DB:86 nvMXdiZc V:248 H:128 F:34
				82821E 85 06       STA $06       [000E6E] A:A214 X:000A Y:0046 S:0128 D:0E68 DB:86 nvMXdizc V:248 H:144 F:34
				828220 C2 20       REP #$20               A:A214 X:000A Y:0046 S:0128 D:0E68 DB:86 nvMXdizc V:248 H:151 F:34
				828222 38          SEC                    A:A214 X:000A Y:0046 S:0128 D:0E68 DB:86 nvmXdizc V:248 H:155 F:34
				828223 A5 07       LDA $07       [000E6F] A:A214 X:000A Y:0046 S:0128 D:0E68 DB:86 nvmXdizC V:248 H:158 F:34
				828225 E5 1C       SBC $1C       [000E84] A:1E9A X:000A Y:0046 S:0128 D:0E68 DB:86 nvmXdizC V:248 H:167 F:34
				828227 85 07       STA $07       [000E6F] A:1A5F X:000A Y:0046 S:0128 D:0E68 DB:86 nvmXdizC V:248 H:175 F:34
				828229 E2 20       SEP #$20               A:1A5F X:000A Y:0046 S:0128 D:0E68 DB:86 nvmXdizC V:248 H:184 F:34
				82822B 9C 00 00    STZ $0000     [860000] A:1A5F X:000A Y:0046 S:0128 D:0E68 DB:86 nvMXdizC V:248 H:188 F:34
				82822E 24 1D       BIT $1D       [000E85] A:1A5F X:000A Y:0046 S:0128 D:0E68 DB:86 nvMXdizC V:248 H:195 F:34
				828230 10 03       BPL $0003     [828235] A:1A5F X:000A Y:0046 S:0128 D:0E68 DB:86 nvMXdizC V:248 H:201 F:34
				828235 A5 09       LDA $09       [000E71] A:1A5F X:000A Y:0046 S:0128 D:0E68 DB:86 nvMXdizC V:248 H:206 F:34
				828237 ED 00 00    SBC $0000     [860000] A:1A0A X:000A Y:0046 S:0128 D:0E68 DB:86 nvMXdizC V:248 H:212 F:34
				82823A 85 09       STA $09       [000E71] A:1A0A X:000A Y:0046 S:0128 D:0E68 DB:86 nvMXdizC V:248 H:219 F:34
				82823C 28          PLP                    A:1A0A X:000A Y:0046 S:0128 D:0E68 DB:86 nvMXdizC V:248 H:225 F:34
				82823D 6B          RTL                    A:1A0A X:000A Y:0046 S:0129 D:0E68 DB:86 nvMXdiZc V:248 H:232 F:34

			83B50F 22 EA 8E 84 JSL $848EEA   [848EEA] A:1A0A X:000A Y:0046 S:012C D:0E68 DB:86 nvMXdiZc V:248 H:242 F:34		JSL $848EEA --> Decrease CDSkel, Continue Skeleton

				848EEA 08          PHP                    A:1A0A X:000A Y:0046 S:0129 D:0E68 DB:86 nvMXdiZc V:248 H:256 F:34
				848EEB 8B          PHB                    A:1A0A X:000A Y:0046 S:0128 D:0E68 DB:86 nvMXdiZc V:248 H:261 F:34
				848EEC E2 30       SEP #$30               A:1A0A X:000A Y:0046 S:0127 D:0E68 DB:86 nvMXdiZc V:248 H:266 F:34
				848EEE C6 13       DEC $13       [000E7B] A:1A0A X:000A Y:0046 S:0127 D:0E68 DB:86 nvMXdiZc V:248 H:270 F:34
				848EF0 D0 5D       BNE $005D     [848F4F] A:1A0A X:000A Y:0046 S:0127 D:0E68 DB:86 nvMXdiZc V:248 H:280 F:34
				848EF2 A9 AF       LDA #$AF               A:1A0A X:000A Y:0046 S:0127 D:0E68 DB:86 nvMXdiZc V:248 H:283 F:34
				848EF4 48          PHA                    A:1AAF X:000A Y:0046 S:0127 D:0E68 DB:86 NvMXdizc V:248 H:286 F:34
				848EF5 AB          PLB                    A:1AAF X:000A Y:0046 S:0126 D:0E68 DB:86 NvMXdizc V:248 H:291 F:34
				848EF6 C2 21       REP #$21               A:1AAF X:000A Y:0046 S:0127 D:0E68 DB:AF NvMXdizc V:248 H:298 F:34
				848EF8 A5 14       LDA $14       [000E7C] A:1AAF X:000A Y:0046 S:0127 D:0E68 DB:AF NvmXdizc V:248 H:302 F:34
				848EFA 69 03 00    ADC #$0003             A:CE27 X:000A Y:0046 S:0127 D:0E68 DB:AF NvmXdizc V:248 H:311 F:34
				848EFD A4 0F       LDY $0F       [000E77] A:CE2A X:000A Y:0046 S:0127 D:0E68 DB:AF NvmXdizc V:248 H:315 F:34
				848EFF 10 37       BPL $0037     [848F38] A:CE2A X:000A Y:0000 S:0127 D:0E68 DB:AF nvmXdiZc V:248 H:322 F:34
				848F38 85 14       STA $14       [000E7C] A:CE2A X:000A Y:0000 S:0127 D:0E68 DB:AF nvmXdiZc V:248 H:326 F:34
				848F3A E2 30       SEP #$30               A:CE2A X:000A Y:0000 S:0127 D:0E68 DB:AF nvmXdiZc V:248 H:334 F:34
				848F3C B2 14       LDA ($14)     [AFCE2A] A:CE2A X:000A Y:0000 S:0127 D:0E68 DB:AF nvMXdiZc V:248 H:338 F:34
				848F3E 85 13       STA $13       [000E7B] A:CE01 X:000A Y:0000 S:0127 D:0E68 DB:AF nvMXdizc V:249 H:  8 F:34
				848F40 A0 01       LDY #$01               A:CE01 X:000A Y:0000 S:0127 D:0E68 DB:AF nvMXdizc V:249 H: 15 F:34
				848F42 B1 14       LDA ($14),Y   [AFCE2B] A:CE01 X:000A Y:0001 S:0127 D:0E68 DB:AF nvMXdizc V:249 H: 18 F:34
				848F44 85 0F       STA $0F       [000E77] A:CE80 X:000A Y:0001 S:0127 D:0E68 DB:AF NvMXdizc V:249 H: 28 F:34
				848F46 C8          INY                    A:CE80 X:000A Y:0001 S:0127 D:0E68 DB:AF NvMXdizc V:249 H: 34 F:34
				848F47 B1 14       LDA ($14),Y   [AFCE2C] A:CE80 X:000A Y:0002 S:0127 D:0E68 DB:AF nvMXdizc V:249 H: 37 F:34
				848F49 85 17       STA $17       [000E7F] A:CE03 X:000A Y:0002 S:0127 D:0E68 DB:AF nvMXdizc V:249 H: 47 F:34
				848F4B A9 80       LDA #$80               A:CE03 X:000A Y:0002 S:0127 D:0E68 DB:AF nvMXdizc V:249 H: 54 F:34
				848F4D 04 17       TSB $17       [000E7F] A:CE80 X:000A Y:0002 S:0127 D:0E68 DB:AF NvMXdizc V:249 H: 57 F:34
				848F4F AB          PLB                    A:CE80 X:000A Y:0002 S:0127 D:0E68 DB:AF NvMXdiZc V:249 H: 67 F:34
				848F50 28          PLP                    A:CE80 X:000A Y:0002 S:0128 D:0E68 DB:86 NvMXdizc V:249 H: 73 F:34
				848F51 6B          RTL                    A:CE80 X:000A Y:0002 S:0129 D:0E68 DB:86 nvMXdiZc V:249 H: 80 F:34

			83B513 22 BE 91 84 JSL $8491BE   [8491BE] A:CE80 X:000A Y:0002 S:012C D:0E68 DB:86 nvMXdiZc V:249 H: 90 F:34		JSL $8491BE --> Check for colissions and adjust position

				8491BE 08          PHP                    A:CE80 X:000A Y:0002 S:0129 D:0E68 DB:86 nvMXdiZc V:249 H:104 F:34
				8491BF 0B          PHD                    A:CE80 X:000A Y:0002 S:0128 D:0E68 DB:86 nvMXdiZc V:249 H:109 F:34
				8491C0 C2 30       REP #$30               A:CE80 X:000A Y:0002 S:0126 D:0E68 DB:86 nvMXdiZc V:249 H:116 F:34
				8491C2 A5 20       LDA $20       [000E88] A:CE80 X:000A Y:0002 S:0126 D:0E68 DB:86 nvmxdiZc V:249 H:120 F:34
				8491C4 F0 15       BEQ $0015     [8491DB] A:C945 X:000A Y:0002 S:0126 D:0E68 DB:86 Nvmxdizc V:249 H:129 F:34
				8491C6 7B          TDC                    A:C945 X:000A Y:0002 S:0126 D:0E68 DB:86 Nvmxdizc V:249 H:132 F:34
				8491C7 AA          TAX                    A:0E68 X:000A Y:0002 S:0126 D:0E68 DB:86 nvmxdizc V:249 H:145 F:34
				8491C8 A9 00 00    LDA #$0000             A:0E68 X:0E68 Y:0002 S:0126 D:0E68 DB:86 nvmxdizc V:249 H:148 F:34
				8491CB 5B          TCD                    A:0000 X:0E68 Y:0002 S:0126 D:0E68 DB:86 nvmxdiZc V:249 H:152 F:34
				8491CC 64 14       STZ $14       [000014] A:0000 X:0E68 Y:0002 S:0126 D:0000 DB:86 nvmxdiZc V:249 H:155 F:34
				8491CE B5 2B       LDA $2B,X     [000E93] A:0000 X:0E68 Y:0002 S:0126 D:0000 DB:86 nvmxdiZc V:249 H:162 F:34
				8491D0 29 00 FF    AND #$FF00             A:0000 X:0E68 Y:0002 S:0126 D:0000 DB:86 nvmxdiZc V:249 H:171 F:34
				8491D3 95 2B       STA $2B,X     [000E93] A:0000 X:0E68 Y:0002 S:0126 D:0000 DB:86 nvmxdiZc V:249 H:175 F:34
				8491D5 20 AC 92    JSR $92AC     [8492AC] A:0000 X:0E68 Y:0002 S:0126 D:0000 DB:86 nvmxdiZc V:249 H:184 F:34

				8492AC C2 30       REP #$30               A:0000 X:0E68 Y:0002 S:0124 D:0000 DB:86 nvmxdiZc V:249 H:194 F:34
				8492AE B5 05       LDA $05,X     [000E6D] A:0000 X:0E68 Y:0002 S:0124 D:0000 DB:86 nvmxdiZc V:249 H:198 F:34
				8492B0 38          SEC                    A:14A2 X:0E68 Y:0002 S:0124 D:0000 DB:86 nvmxdizc V:249 H:207 F:34
				8492B1 F5 22       SBC $22,X     [000E8A] A:14A2 X:0E68 Y:0002 S:0124 D:0000 DB:86 nvmxdizC V:249 H:210 F:34
				8492B3 85 00       STA $00       [000000] A:0005 X:0E68 Y:0002 S:0124 D:0000 DB:86 nvmxdizC V:249 H:218 F:34
				8492B5 E2 20       SEP #$20               A:0005 X:0E68 Y:0002 S:0124 D:0000 DB:86 nvmxdizC V:249 H:225 F:34
				8492B7 F0 4C       BEQ $004C     [849305] A:0005 X:0E68 Y:0002 S:0124 D:0000 DB:86 nvMxdizC V:249 H:230 F:34
				8492B9 B4 20       LDY $20,X     [000E88] A:0005 X:0E68 Y:0002 S:0124 D:0000 DB:86 nvMxdizC V:249 H:233 F:34
				8492BB B9 05 00    LDA $0005,Y   [86C94A] A:0005 X:0E68 Y:C945 S:0124 D:0000 DB:86 NvMxdizC V:249 H:241 F:34
				8492BE 34 11       BIT $11,X     [000E79] A:0000 X:0E68 Y:C945 S:0124 D:0000 DB:86 nvMxdiZC V:249 H:249 F:34
				8492C0 50 03       BVC $0003     [8492C5] A:0000 X:0E68 Y:C945 S:0124 D:0000 DB:86 nVMxdiZC V:249 H:255 F:34
				8492C2 49 FF       EOR #$FF               A:0000 X:0E68 Y:C945 S:0124 D:0000 DB:86 nVMxdiZC V:249 H:258 F:34
				8492C4 1A          INC                    A:00FF X:0E68 Y:C945 S:0124 D:0000 DB:86 NVMxdizC V:249 H:261 F:34
				8492C5 24 00       BIT $00       [000000] A:0000 X:0E68 Y:C945 S:0124 D:0000 DB:86 nVMxdiZC V:249 H:264 F:34
				8492C7 10 06       BPL $0006     [8492CF] A:0000 X:0E68 Y:C945 S:0124 D:0000 DB:86 nvMxdiZC V:249 H:269 F:34
				8492CF 18          CLC                    A:0000 X:0E68 Y:C945 S:0124 D:0000 DB:86 nvMxdiZC V:249 H:274 F:34
				8492D0 79 07 00    ADC $0007,Y   [86C94C] A:0000 X:0E68 Y:C945 S:0124 D:0000 DB:86 nvMxdiZc V:249 H:277 F:34
				8492D3 95 29       STA $29,X     [000E91] A:000F X:0E68 Y:C945 S:0124 D:0000 DB:86 nvMxdizc V:249 H:284 F:34
				8492D5 B9 06 00    LDA $0006,Y   [86C94B] A:000F X:0E68 Y:C945 S:0124 D:0000 DB:86 nvMxdizc V:249 H:291 F:34
				8492D8 95 2A       STA $2A,X     [000E92] A:0000 X:0E68 Y:C945 S:0124 D:0000 DB:86 nvMxdiZc V:249 H:298 F:34
				8492DA 20 15 93    JSR $9315     [849315] A:0000 X:0E68 Y:C945 S:0124 D:0000 DB:86 nvMxdiZc V:249 H:305 F:34

				849315 20 B3 90    JSR $90B3     [8490B3] A:0000 X:0E68 Y:C945 S:0122 D:0000 DB:86 nvMxdiZc V:249 H:315 F:34

				8490B3 0B          PHD                    A:0000 X:0E68 Y:C945 S:0120 D:0000 DB:86 nvMxdiZc V:249 H:324 F:34
				8490B4 DA          PHX                    A:0000 X:0E68 Y:C945 S:011E D:0000 DB:86 nvMxdiZc V:249 H:331 F:34
				8490B5 08          PHP                    A:0000 X:0E68 Y:C945 S:011C D:0000 DB:86 nvMxdiZc V:249 H:338 F:34
				8490B6 E2 20       SEP #$20               A:0000 X:0E68 Y:C945 S:011B D:0000 DB:86 nvMxdiZc V:250 H:  3 F:34
				8490B8 C2 10       REP #$10               A:0000 X:0E68 Y:C945 S:011B D:0000 DB:86 nvMxdiZc V:250 H:  7 F:34
				8490BA 64 01       STZ $01       [000001] A:0000 X:0E68 Y:C945 S:011B D:0000 DB:86 nvMxdiZc V:250 H: 12 F:34
				8490BC B5 29       LDA $29,X     [000E91] A:0000 X:0E68 Y:C945 S:011B D:0000 DB:86 nvMxdiZc V:250 H: 17 F:34
				8490BE 10 02       BPL $0002     [8490C2] A:000F X:0E68 Y:C945 S:011B D:0000 DB:86 nvMxdizc V:250 H: 23 F:34
				8490C2 18          CLC                    A:000F X:0E68 Y:C945 S:011B D:0000 DB:86 nvMxdizc V:250 H: 28 F:34
				8490C3 75 05       ADC $05,X     [000E6D] A:000F X:0E68 Y:C945 S:011B D:0000 DB:86 nvMxdizc V:250 H: 31 F:34
				8490C5 85 00       STA $00       [000000] A:00B1 X:0E68 Y:C945 S:011B D:0000 DB:86 NvMxdizc V:250 H: 37 F:34
				8490C7 B5 06       LDA $06,X     [000E6E] A:00B1 X:0E68 Y:C945 S:011B D:0000 DB:86 NvMxdizc V:250 H: 42 F:34
				8490C9 65 01       ADC $01       [000001] A:0014 X:0E68 Y:C945 S:011B D:0000 DB:86 nvMxdizc V:250 H: 49 F:34
				8490CB 85 01       STA $01       [000001] A:0014 X:0E68 Y:C945 S:011B D:0000 DB:86 nvMxdizc V:250 H: 54 F:34
				8490CD 64 03       STZ $03       [000003] A:0014 X:0E68 Y:C945 S:011B D:0000 DB:86 nvMxdizc V:250 H: 59 F:34
				8490CF B5 2A       LDA $2A,X     [000E92] A:0014 X:0E68 Y:C945 S:011B D:0000 DB:86 nvMxdizc V:250 H: 64 F:34
				8490D1 10 02       BPL $0002     [8490D5] A:0000 X:0E68 Y:C945 S:011B D:0000 DB:86 nvMxdiZc V:250 H: 70 F:34
				8490D5 18          CLC                    A:0000 X:0E68 Y:C945 S:011B D:0000 DB:86 nvMxdiZc V:250 H: 75 F:34
				8490D6 75 08       ADC $08,X     [000E70] A:0000 X:0E68 Y:C945 S:011B D:0000 DB:86 nvMxdiZc V:250 H: 78 F:34
				8490D8 85 02       STA $02       [000002] A:001A X:0E68 Y:C945 S:011B D:0000 DB:86 nvMxdizc V:250 H: 84 F:34
				8490DA 29 F0       AND #$F0               A:001A X:0E68 Y:C945 S:011B D:0000 DB:86 nvMxdizc V:250 H: 89 F:34
				8490DC 85 0A       STA $0A       [00000A] A:0010 X:0E68 Y:C945 S:011B D:0000 DB:86 nvMxdizc V:250 H: 92 F:34
				8490DE B5 09       LDA $09,X     [000E71] A:0010 X:0E68 Y:C945 S:011B D:0000 DB:86 nvMxdizc V:250 H: 97 F:34
				8490E0 65 03       ADC $03       [000003] A:000A X:0E68 Y:C945 S:011B D:0000 DB:86 nvMxdizc V:250 H:104 F:34
				8490E2 85 03       STA $03       [000003] A:000A X:0E68 Y:C945 S:011B D:0000 DB:86 nvMxdizc V:250 H:109 F:34
				8490E4 85 0B       STA $0B       [00000B] A:000A X:0E68 Y:C945 S:011B D:0000 DB:86 nvMxdizc V:250 H:114 F:34
				8490E6 A5 00       LDA $00       [000000] A:000A X:0E68 Y:C945 S:011B D:0000 DB:86 nvMxdizc V:250 H:119 F:34
				8490E8 29 0F       AND #$0F               A:00B1 X:0E68 Y:C945 S:011B D:0000 DB:86 NvMxdizc V:250 H:124 F:34
				8490EA 1A          INC                    A:0001 X:0E68 Y:C945 S:011B D:0000 DB:86 nvMxdizc V:250 H:127 F:34
				8490EB 85 0C       STA $0C       [00000C] A:0002 X:0E68 Y:C945 S:011B D:0000 DB:86 nvMxdizc V:250 H:130 F:34
				8490ED A5 02       LDA $02       [000002] A:0002 X:0E68 Y:C945 S:011B D:0000 DB:86 nvMxdizc V:250 H:145 F:34
				8490EF 29 0F       AND #$0F               A:001A X:0E68 Y:C945 S:011B D:0000 DB:86 nvMxdizc V:250 H:150 F:34
				8490F1 1A          INC                    A:000A X:0E68 Y:C945 S:011B D:0000 DB:86 nvMxdizc V:250 H:153 F:34
				8490F2 85 0E       STA $0E       [00000E] A:000B X:0E68 Y:C945 S:011B D:0000 DB:86 nvMxdizc V:250 H:156 F:34
				8490F4 C2 20       REP #$20               A:000B X:0E68 Y:C945 S:011B D:0000 DB:86 nvMxdizc V:250 H:161 F:34
				8490F6 20 6A 91    JSR $916A     [84916A] A:000B X:0E68 Y:C945 S:011B D:0000 DB:86 nvmxdizc V:250 H:165 F:34

				84916A A9 00 E8    LDA #$E800             A:000B X:0E68 Y:C945 S:0119 D:0000 DB:86 nvmxdizc V:250 H:175 F:34
				84916D 85 10       STA $10       [000010] A:E800 X:0E68 Y:C945 S:0119 D:0000 DB:86 Nvmxdizc V:250 H:180 F:34
				84916F A9 7E 00    LDA #$007E             A:E800 X:0E68 Y:C945 S:0119 D:0000 DB:86 Nvmxdizc V:250 H:187 F:34
				849172 85 12       STA $12       [000012] A:007E X:0E68 Y:C945 S:0119 D:0000 DB:86 nvmxdizc V:250 H:191 F:34
				849174 A5 02       LDA $02       [000002] A:007E X:0E68 Y:C945 S:0119 D:0000 DB:86 nvmxdizc V:250 H:198 F:34
				849176 29 F0 00    AND #$00F0             A:0A1A X:0E68 Y:C945 S:0119 D:0000 DB:86 nvmxdizc V:250 H:205 F:34
				849179 0A          ASL A                  A:0010 X:0E68 Y:C945 S:0119 D:0000 DB:86 nvmxdizc V:250 H:210 F:34
				84917A 85 04       STA $04       [000004] A:0020 X:0E68 Y:C945 S:0119 D:0000 DB:86 nvmxdizc V:250 H:213 F:34
				84917C A5 00       LDA $00       [000000] A:0020 X:0E68 Y:C945 S:0119 D:0000 DB:86 nvmxdizc V:250 H:220 F:34
				84917E 29 FF 00    AND #$00FF             A:14B1 X:0E68 Y:C945 S:0119 D:0000 DB:86 nvmxdizc V:250 H:227 F:34
				849181 4A          LSR A                  A:00B1 X:0E68 Y:C945 S:0119 D:0000 DB:86 nvmxdizc V:250 H:231 F:34
				849182 4A          LSR A                  A:0058 X:0E68 Y:C945 S:0119 D:0000 DB:86 nvmxdizC V:250 H:234 F:34
				849183 4A          LSR A                  A:002C X:0E68 Y:C945 S:0119 D:0000 DB:86 nvmxdizc V:250 H:237 F:34
				849184 29 FE FF    AND #$FFFE             A:0016 X:0E68 Y:C945 S:0119 D:0000 DB:86 nvmxdizc V:250 H:240 F:34
				849187 18          CLC                    A:0016 X:0E68 Y:C945 S:0119 D:0000 DB:86 nvmxdizc V:250 H:245 F:34
				849188 65 04       ADC $04       [000004] A:0016 X:0E68 Y:C945 S:0119 D:0000 DB:86 nvmxdizc V:250 H:248 F:34
				84918A 85 06       STA $06       [000006] A:0036 X:0E68 Y:C945 S:0119 D:0000 DB:86 nvmxdizc V:250 H:255 F:34
				84918C A5 00       LDA $00       [000000] A:0036 X:0E68 Y:C945 S:0119 D:0000 DB:86 nvmxdizc V:250 H:262 F:34
				84918E EB          XBA                    A:14B1 X:0E68 Y:C945 S:0119 D:0000 DB:86 nvmxdizc V:250 H:269 F:34
				84918F 29 1F 00    AND #$001F             A:B114 X:0E68 Y:C945 S:0119 D:0000 DB:86 nvmxdizc V:250 H:273 F:34
				849192 85 04       STA $04       [000004] A:0014 X:0E68 Y:C945 S:0119 D:0000 DB:86 nvmxdizc V:250 H:278 F:34
				849194 A5 02       LDA $02       [000002] A:0014 X:0E68 Y:C945 S:0119 D:0000 DB:86 nvmxdizc V:250 H:285 F:34
				849196 29 00 1F    AND #$1F00             A:0A1A X:0E68 Y:C945 S:0119 D:0000 DB:86 nvmxdizc V:250 H:292 F:34
				849199 4A          LSR A                  A:0A00 X:0E68 Y:C945 S:0119 D:0000 DB:86 nvmxdizc V:250 H:296 F:34
				84919A 4A          LSR A                  A:0500 X:0E68 Y:C945 S:0119 D:0000 DB:86 nvmxdizc V:250 H:299 F:34
				84919B 4A          LSR A                  A:0280 X:0E68 Y:C945 S:0119 D:0000 DB:86 nvmxdizc V:250 H:302 F:34
				84919C 18          CLC                    A:0140 X:0E68 Y:C945 S:0119 D:0000 DB:86 nvmxdizc V:250 H:305 F:34
				84919D 65 04       ADC $04       [000004] A:0140 X:0E68 Y:C945 S:0119 D:0000 DB:86 nvmxdizc V:250 H:308 F:34
				84919F A8          TAY                    A:0154 X:0E68 Y:C945 S:0119 D:0000 DB:86 nvmxdizc V:250 H:315 F:34
				8491A0 B7 10       LDA [$10],Y   [7EE954] A:0154 X:0E68 Y:0154 S:0119 D:0000 DB:86 nvmxdizc V:250 H:318 F:34
				8491A2 29 FF 00    AND #$00FF             A:0038 X:0E68 Y:0154 S:0119 D:0000 DB:86 nvmxdizc V:250 H:330 F:34
				8491A5 A8          TAY                    A:0038 X:0E68 Y:0154 S:0119 D:0000 DB:86 nvmxdizc V:250 H:335 F:34
				8491A6 EB          XBA                    A:0038 X:0E68 Y:0038 S:0119 D:0000 DB:86 nvmxdizc V:250 H:338 F:34
				8491A7 0A          ASL A                  A:3800 X:0E68 Y:0038 S:0119 D:0000 DB:86 nvmxdiZc V:251 H:  2 F:34
				8491A8 18          CLC                    A:7000 X:0E68 Y:0038 S:0119 D:0000 DB:86 nvmxdizc V:251 H:  5 F:34
				8491A9 65 06       ADC $06       [000006] A:7000 X:0E68 Y:0038 S:0119 D:0000 DB:86 nvmxdizc V:251 H:  8 F:34
				8491AB AA          TAX                    A:7036 X:0E68 Y:0038 S:0119 D:0000 DB:86 nvmxdizc V:251 H: 15 F:34
				8491AC 60          RTS                    A:7036 X:7036 Y:0038 S:0119 D:0000 DB:86 nvmxdizc V:251 H: 18 F:34

				8490F9 BF 00 20 7E LDA $7E2000,X [7E9036] A:7036 X:7036 Y:0038 S:011B D:0000 DB:86 nvmxdizc V:251 H: 28 F:34
				8490FD A8          TAY                    A:01DF X:7036 Y:0038 S:011B D:0000 DB:86 nvmxdizc V:251 H: 38 F:34
				8490FE AD 92 0B    LDA $0B92     [860B92] A:01DF X:7036 Y:01DF S:011B D:0000 DB:86 nvmxdizc V:251 H: 41 F:34
				849101 85 10       STA $10       [000010] A:DB57 X:7036 Y:01DF S:011B D:0000 DB:86 Nvmxdizc V:251 H: 50 F:34
				849103 AD 94 0B    LDA $0B94     [860B94] A:DB57 X:7036 Y:01DF S:011B D:0000 DB:86 Nvmxdizc V:251 H: 57 F:34
				849106 85 12       STA $12       [000012] A:B895 X:7036 Y:01DF S:011B D:0000 DB:86 Nvmxdizc V:251 H: 65 F:34
				849108 B7 10       LDA [$10],Y   [95DD36] A:B895 X:7036 Y:01DF S:011B D:0000 DB:86 Nvmxdizc V:251 H: 72 F:34
				84910A 29 FF 00    AND #$00FF             A:3400 X:7036 Y:01DF S:011B D:0000 DB:86 nvmxdizc V:251 H: 84 F:34
				84910D 28          PLP                    A:0000 X:7036 Y:01DF S:011B D:0000 DB:86 nvmxdiZc V:251 H: 89 F:34
				84910E FA          PLX                    A:0000 X:7036 Y:01DF S:011C D:0000 DB:86 nvMxdiZc V:251 H: 95 F:34
				84910F 2B          PLD                    A:0000 X:0E68 Y:01DF S:011E D:0000 DB:86 nvMxdizc V:251 H:104 F:34
				849110 60          RTS                    A:0000 X:0E68 Y:01DF S:0120 D:0000 DB:86 nvMxdiZc V:251 H:112 F:34

				849318 B4 05       LDY $05,X     [000E6D] A:0000 X:0E68 Y:01DF S:0122 D:0000 DB:86 nvMxdiZc V:251 H:122 F:34
				84931A 84 10       STY $10       [000010] A:0000 X:0E68 Y:14A2 S:0122 D:0000 DB:86 nvMxdizc V:251 H:131 F:34
				84931C B4 08       LDY $08,X     [000E70] A:0000 X:0E68 Y:14A2 S:0122 D:0000 DB:86 nvMxdizc V:251 H:148 F:34
				84931E 84 12       STY $12       [000012] A:0000 X:0E68 Y:0A1A S:0122 D:0000 DB:86 nvMxdizc V:251 H:156 F:34
				849320 95 2D       STA $2D,X     [000E95] A:0000 X:0E68 Y:0A1A S:0122 D:0000 DB:86 nvMxdizc V:251 H:163 F:34
				849322 86 2C       STX $2C       [00002C] A:0000 X:0E68 Y:0A1A S:0122 D:0000 DB:86 nvMxdizc V:251 H:170 F:34
				849324 29 3F       AND #$3F               A:0000 X:0E68 Y:0A1A S:0122 D:0000 DB:86 nvMxdizc V:251 H:177 F:34
				849326 0A          ASL A                  A:0000 X:0E68 Y:0A1A S:0122 D:0000 DB:86 nvMxdiZc V:251 H:180 F:34
				849327 EB          XBA                    A:0000 X:0E68 Y:0A1A S:0122 D:0000 DB:86 nvMxdiZc V:251 H:183 F:34
				849328 A9 00       LDA #$00               A:0000 X:0E68 Y:0A1A S:0122 D:0000 DB:86 nvMxdiZc V:251 H:187 F:34
				84932A EB          XBA                    A:0000 X:0E68 Y:0A1A S:0122 D:0000 DB:86 nvMxdiZc V:251 H:190 F:34
				84932B AA          TAX                    A:0000 X:0E68 Y:0A1A S:0122 D:0000 DB:86 nvMxdiZc V:251 H:195 F:34
				84932C FC 5D 93    JSR ($935D,X) [84935D] A:0000 X:0000 Y:0A1A S:0122 D:0000 DB:86 nvMxdiZc V:251 H:198 F:34

				84977A A9 00       LDA #$00               A:0000 X:0000 Y:0A1A S:0120 D:0000 DB:86 nvMxdiZc V:251 H:211 F:34
				84977C 60          RTS                    A:0000 X:0000 Y:0A1A S:0120 D:0000 DB:86 nvMxdiZc V:251 H:214 F:34

				84932F 08          PHP                    A:0000 X:0000 Y:0A1A S:0122 D:0000 DB:86 nvMxdiZc V:251 H:224 F:34
				849330 A6 2C       LDX $2C       [00002C] A:0000 X:0000 Y:0A1A S:0121 D:0000 DB:86 nvMxdiZc V:251 H:229 F:34
				849332 A9 01       LDA #$01               A:0000 X:0E68 Y:0A1A S:0121 D:0000 DB:86 nvMxdizc V:251 H:236 F:34
				849334 34 29       BIT $29,X     [000E91] A:0001 X:0E68 Y:0A1A S:0121 D:0000 DB:86 nvMxdizc V:251 H:239 F:34
				849336 10 02       BPL $0002     [84933A] A:0001 X:0E68 Y:0A1A S:0121 D:0000 DB:86 nvMxdizc V:251 H:245 F:34
				84933A 28          PLP                    A:0001 X:0E68 Y:0A1A S:0121 D:0000 DB:86 nvMxdizc V:251 H:250 F:34
				84933B F0 0C       BEQ $000C     [849349] A:0001 X:0E68 Y:0A1A S:0122 D:0000 DB:86 nvMxdiZc V:251 H:256 F:34
				849349 49 FF       EOR #$FF               A:0001 X:0E68 Y:0A1A S:0122 D:0000 DB:86 nvMxdiZc V:251 H:261 F:34
				84934B 35 2B       AND $2B,X     [000E93] A:00FE X:0E68 Y:0A1A S:0122 D:0000 DB:86 NvMxdizc V:251 H:264 F:34
				84934D 95 2B       STA $2B,X     [000E93] A:0000 X:0E68 Y:0A1A S:0122 D:0000 DB:86 nvMxdiZc V:251 H:270 F:34
				84934F 20 08 93    JSR $9308     [849308] A:0000 X:0E68 Y:0A1A S:0122 D:0000 DB:86 nvMxdiZc V:251 H:277 F:34

				849308 A5 14       LDA $14       [000014] A:0000 X:0E68 Y:0A1A S:0120 D:0000 DB:86 nvMxdiZc V:251 H:287 F:34
				84930A F0 08       BEQ $0008     [849314] A:0000 X:0E68 Y:0A1A S:0120 D:0000 DB:86 nvMxdiZc V:251 H:292 F:34
				849314 60          RTS                    A:0000 X:0E68 Y:0A1A S:0120 D:0000 DB:86 nvMxdiZc V:251 H:296 F:34

				849352 A9 00       LDA #$00               A:0000 X:0E68 Y:0A1A S:0122 D:0000 DB:86 nvMxdiZc V:251 H:306 F:34
				849354 60          RTS                    A:0000 X:0E68 Y:0A1A S:0122 D:0000 DB:86 nvMxdiZc V:251 H:309 F:34

				8492DD D0 26       BNE $0026     [849305] A:0000 X:0E68 Y:0A1A S:0124 D:0000 DB:86 nvMxdiZc V:251 H:319 F:34
				8492DF B4 20       LDY $20,X     [000E88] A:0000 X:0E68 Y:0A1A S:0124 D:0000 DB:86 nvMxdiZc V:251 H:322 F:34
				8492E1 B9 06 00    LDA $0006,Y   [86C94B] A:0000 X:0E68 Y:C945 S:0124 D:0000 DB:86 NvMxdizc V:251 H:330 F:34
				8492E4 38          SEC                    A:0000 X:0E68 Y:C945 S:0124 D:0000 DB:86 nvMxdiZc V:251 H:337 F:34
				8492E5 F9 08 00    SBC $0008,Y   [86C94D] A:0000 X:0E68 Y:C945 S:0124 D:0000 DB:86 nvMxdiZC V:252 H:  0 F:34
				8492E8 18          CLC                    A:00F3 X:0E68 Y:C945 S:0124 D:0000 DB:86 NvMxdizc V:252 H:  8 F:34
				8492E9 79 09 00    ADC $0009,Y   [86C94E] A:00F3 X:0E68 Y:C945 S:0124 D:0000 DB:86 NvMxdizc V:252 H: 11 F:34
				8492EC 95 2A       STA $2A,X     [000E92] A:00F8 X:0E68 Y:C945 S:0124 D:0000 DB:86 NvMxdizc V:252 H: 18 F:34
				8492EE 20 15 93    JSR $9315     [849315] A:00F8 X:0E68 Y:C945 S:0124 D:0000 DB:86 NvMxdizc V:252 H: 25 F:34

				849315 20 B3 90    JSR $90B3     [8490B3] A:00F8 X:0E68 Y:C945 S:0122 D:0000 DB:86 NvMxdizc V:252 H: 35 F:34

				8490B3 0B          PHD                    A:00F8 X:0E68 Y:C945 S:0120 D:0000 DB:86 NvMxdizc V:252 H: 45 F:34
				8490B4 DA          PHX                    A:00F8 X:0E68 Y:C945 S:011E D:0000 DB:86 NvMxdizc V:252 H: 52 F:34
				8490B5 08          PHP                    A:00F8 X:0E68 Y:C945 S:011C D:0000 DB:86 NvMxdizc V:252 H: 59 F:34
				8490B6 E2 20       SEP #$20               A:00F8 X:0E68 Y:C945 S:011B D:0000 DB:86 NvMxdizc V:252 H: 64 F:34
				8490B8 C2 10       REP #$10               A:00F8 X:0E68 Y:C945 S:011B D:0000 DB:86 NvMxdizc V:252 H: 68 F:34
				8490BA 64 01       STZ $01       [000001] A:00F8 X:0E68 Y:C945 S:011B D:0000 DB:86 NvMxdizc V:252 H: 73 F:34
				8490BC B5 29       LDA $29,X     [000E91] A:00F8 X:0E68 Y:C945 S:011B D:0000 DB:86 NvMxdizc V:252 H: 78 F:34
				8490BE 10 02       BPL $0002     [8490C2] A:000F X:0E68 Y:C945 S:011B D:0000 DB:86 nvMxdizc V:252 H: 84 F:34
				8490C2 18          CLC                    A:000F X:0E68 Y:C945 S:011B D:0000 DB:86 nvMxdizc V:252 H: 89 F:34
				8490C3 75 05       ADC $05,X     [000E6D] A:000F X:0E68 Y:C945 S:011B D:0000 DB:86 nvMxdizc V:252 H: 92 F:34
				8490C5 85 00       STA $00       [000000] A:00B1 X:0E68 Y:C945 S:011B D:0000 DB:86 NvMxdizc V:252 H: 98 F:34
				8490C7 B5 06       LDA $06,X     [000E6E] A:00B1 X:0E68 Y:C945 S:011B D:0000 DB:86 NvMxdizc V:252 H:103 F:34
				8490C9 65 01       ADC $01       [000001] A:0014 X:0E68 Y:C945 S:011B D:0000 DB:86 nvMxdizc V:252 H:110 F:34
				8490CB 85 01       STA $01       [000001] A:0014 X:0E68 Y:C945 S:011B D:0000 DB:86 nvMxdizc V:252 H:115 F:34
				8490CD 64 03       STZ $03       [000003] A:0014 X:0E68 Y:C945 S:011B D:0000 DB:86 nvMxdizc V:252 H:120 F:34
				8490CF B5 2A       LDA $2A,X     [000E92] A:0014 X:0E68 Y:C945 S:011B D:0000 DB:86 nvMxdizc V:252 H:125 F:34
				8490D1 10 02       BPL $0002     [8490D5] A:00F8 X:0E68 Y:C945 S:011B D:0000 DB:86 NvMxdizc V:252 H:131 F:34
				8490D3 C6 03       DEC $03       [000003] A:00F8 X:0E68 Y:C945 S:011B D:0000 DB:86 NvMxdizc V:252 H:144 F:34
				8490D5 18          CLC                    A:00F8 X:0E68 Y:C945 S:011B D:0000 DB:86 NvMxdizc V:252 H:153 F:34
				8490D6 75 08       ADC $08,X     [000E70] A:00F8 X:0E68 Y:C945 S:011B D:0000 DB:86 NvMxdizc V:252 H:156 F:34
				8490D8 85 02       STA $02       [000002] A:0012 X:0E68 Y:C945 S:011B D:0000 DB:86 nvMxdizC V:252 H:162 F:34
				8490DA 29 F0       AND #$F0               A:0012 X:0E68 Y:C945 S:011B D:0000 DB:86 nvMxdizC V:252 H:167 F:34
				8490DC 85 0A       STA $0A       [00000A] A:0010 X:0E68 Y:C945 S:011B D:0000 DB:86 nvMxdizC V:252 H:170 F:34
				8490DE B5 09       LDA $09,X     [000E71] A:0010 X:0E68 Y:C945 S:011B D:0000 DB:86 nvMxdizC V:252 H:175 F:34
				8490E0 65 03       ADC $03       [000003] A:000A X:0E68 Y:C945 S:011B D:0000 DB:86 nvMxdizC V:252 H:182 F:34
				8490E2 85 03       STA $03       [000003] A:000A X:0E68 Y:C945 S:011B D:0000 DB:86 nvMxdizC V:252 H:187 F:34
				8490E4 85 0B       STA $0B       [00000B] A:000A X:0E68 Y:C945 S:011B D:0000 DB:86 nvMxdizC V:252 H:192 F:34
				8490E6 A5 00       LDA $00       [000000] A:000A X:0E68 Y:C945 S:011B D:0000 DB:86 nvMxdizC V:252 H:197 F:34
				8490E8 29 0F       AND #$0F               A:00B1 X:0E68 Y:C945 S:011B D:0000 DB:86 NvMxdizC V:252 H:202 F:34
				8490EA 1A          INC                    A:0001 X:0E68 Y:C945 S:011B D:0000 DB:86 nvMxdizC V:252 H:205 F:34
				8490EB 85 0C       STA $0C       [00000C] A:0002 X:0E68 Y:C945 S:011B D:0000 DB:86 nvMxdizC V:252 H:208 F:34
				8490ED A5 02       LDA $02       [000002] A:0002 X:0E68 Y:C945 S:011B D:0000 DB:86 nvMxdizC V:252 H:213 F:34
				8490EF 29 0F       AND #$0F               A:0012 X:0E68 Y:C945 S:011B D:0000 DB:86 nvMxdizC V:252 H:218 F:34
				8490F1 1A          INC                    A:0002 X:0E68 Y:C945 S:011B D:0000 DB:86 nvMxdizC V:252 H:221 F:34
				8490F2 85 0E       STA $0E       [00000E] A:0003 X:0E68 Y:C945 S:011B D:0000 DB:86 nvMxdizC V:252 H:224 F:34
				8490F4 C2 20       REP #$20               A:0003 X:0E68 Y:C945 S:011B D:0000 DB:86 nvMxdizC V:252 H:229 F:34
				8490F6 20 6A 91    JSR $916A     [84916A] A:0003 X:0E68 Y:C945 S:011B D:0000 DB:86 nvmxdizC V:252 H:233 F:34

				84916A A9 00 E8    LDA #$E800             A:0003 X:0E68 Y:C945 S:0119 D:0000 DB:86 nvmxdizC V:252 H:243 F:34
				84916D 85 10       STA $10       [000010] A:E800 X:0E68 Y:C945 S:0119 D:0000 DB:86 NvmxdizC V:252 H:248 F:34
				84916F A9 7E 00    LDA #$007E             A:E800 X:0E68 Y:C945 S:0119 D:0000 DB:86 NvmxdizC V:252 H:255 F:34
				849172 85 12       STA $12       [000012] A:007E X:0E68 Y:C945 S:0119 D:0000 DB:86 nvmxdizC V:252 H:259 F:34
				849174 A5 02       LDA $02       [000002] A:007E X:0E68 Y:C945 S:0119 D:0000 DB:86 nvmxdizC V:252 H:266 F:34
				849176 29 F0 00    AND #$00F0             A:0A12 X:0E68 Y:C945 S:0119 D:0000 DB:86 nvmxdizC V:252 H:273 F:34
				849179 0A          ASL A                  A:0010 X:0E68 Y:C945 S:0119 D:0000 DB:86 nvmxdizC V:252 H:278 F:34
				84917A 85 04       STA $04       [000004] A:0020 X:0E68 Y:C945 S:0119 D:0000 DB:86 nvmxdizc V:252 H:281 F:34
				84917C A5 00       LDA $00       [000000] A:0020 X:0E68 Y:C945 S:0119 D:0000 DB:86 nvmxdizc V:252 H:288 F:34
				84917E 29 FF 00    AND #$00FF             A:14B1 X:0E68 Y:C945 S:0119 D:0000 DB:86 nvmxdizc V:252 H:295 F:34
				849181 4A          LSR A                  A:00B1 X:0E68 Y:C945 S:0119 D:0000 DB:86 nvmxdizc V:252 H:299 F:34
				849182 4A          LSR A                  A:0058 X:0E68 Y:C945 S:0119 D:0000 DB:86 nvmxdizC V:252 H:302 F:34
				849183 4A          LSR A                  A:002C X:0E68 Y:C945 S:0119 D:0000 DB:86 nvmxdizc V:252 H:305 F:34
				849184 29 FE FF    AND #$FFFE             A:0016 X:0E68 Y:C945 S:0119 D:0000 DB:86 nvmxdizc V:252 H:308 F:34
				849187 18          CLC                    A:0016 X:0E68 Y:C945 S:0119 D:0000 DB:86 nvmxdizc V:252 H:313 F:34
				849188 65 04       ADC $04       [000004] A:0016 X:0E68 Y:C945 S:0119 D:0000 DB:86 nvmxdizc V:252 H:316 F:34
				84918A 85 06       STA $06       [000006] A:0036 X:0E68 Y:C945 S:0119 D:0000 DB:86 nvmxdizc V:252 H:323 F:34
				84918C A5 00       LDA $00       [000000] A:0036 X:0E68 Y:C945 S:0119 D:0000 DB:86 nvmxdizc V:252 H:329 F:34
				84918E EB          XBA                    A:14B1 X:0E68 Y:C945 S:0119 D:0000 DB:86 nvmxdizc V:252 H:336 F:34
				84918F 29 1F 00    AND #$001F             A:B114 X:0E68 Y:C945 S:0119 D:0000 DB:86 nvmxdizc V:253 H:  0 F:34
				849192 85 04       STA $04       [000004] A:0014 X:0E68 Y:C945 S:0119 D:0000 DB:86 nvmxdizc V:253 H:  5 F:34
				849194 A5 02       LDA $02       [000002] A:0014 X:0E68 Y:C945 S:0119 D:0000 DB:86 nvmxdizc V:253 H: 12 F:34
				849196 29 00 1F    AND #$1F00             A:0A12 X:0E68 Y:C945 S:0119 D:0000 DB:86 nvmxdizc V:253 H: 19 F:34
				849199 4A          LSR A                  A:0A00 X:0E68 Y:C945 S:0119 D:0000 DB:86 nvmxdizc V:253 H: 23 F:34
				84919A 4A          LSR A                  A:0500 X:0E68 Y:C945 S:0119 D:0000 DB:86 nvmxdizc V:253 H: 26 F:34
				84919B 4A          LSR A                  A:0280 X:0E68 Y:C945 S:0119 D:0000 DB:86 nvmxdizc V:253 H: 29 F:34
				84919C 18          CLC                    A:0140 X:0E68 Y:C945 S:0119 D:0000 DB:86 nvmxdizc V:253 H: 32 F:34
				84919D 65 04       ADC $04       [000004] A:0140 X:0E68 Y:C945 S:0119 D:0000 DB:86 nvmxdizc V:253 H: 35 F:34
				84919F A8          TAY                    A:0154 X:0E68 Y:C945 S:0119 D:0000 DB:86 nvmxdizc V:253 H: 42 F:34
				8491A0 B7 10       LDA [$10],Y   [7EE954] A:0154 X:0E68 Y:0154 S:0119 D:0000 DB:86 nvmxdizc V:253 H: 45 F:34
				8491A2 29 FF 00    AND #$00FF             A:0038 X:0E68 Y:0154 S:0119 D:0000 DB:86 nvmxdizc V:253 H: 58 F:34
				8491A5 A8          TAY                    A:0038 X:0E68 Y:0154 S:0119 D:0000 DB:86 nvmxdizc V:253 H: 63 F:34
				8491A6 EB          XBA                    A:0038 X:0E68 Y:0038 S:0119 D:0000 DB:86 nvmxdizc V:253 H: 66 F:34
				8491A7 0A          ASL A                  A:3800 X:0E68 Y:0038 S:0119 D:0000 DB:86 nvmxdiZc V:253 H: 70 F:34
				8491A8 18          CLC                    A:7000 X:0E68 Y:0038 S:0119 D:0000 DB:86 nvmxdizc V:253 H: 73 F:34
				8491A9 65 06       ADC $06       [000006] A:7000 X:0E68 Y:0038 S:0119 D:0000 DB:86 nvmxdizc V:253 H: 76 F:34
				8491AB AA          TAX                    A:7036 X:0E68 Y:0038 S:0119 D:0000 DB:86 nvmxdizc V:253 H: 83 F:34
				8491AC 60          RTS                    A:7036 X:7036 Y:0038 S:0119 D:0000 DB:86 nvmxdizc V:253 H: 86 F:34

				8490F9 BF 00 20 7E LDA $7E2000,X [7E9036] A:7036 X:7036 Y:0038 S:011B D:0000 DB:86 nvmxdizc V:253 H: 96 F:34
				8490FD A8          TAY                    A:01DF X:7036 Y:0038 S:011B D:0000 DB:86 nvmxdizc V:253 H:106 F:34
				8490FE AD 92 0B    LDA $0B92     [860B92] A:01DF X:7036 Y:01DF S:011B D:0000 DB:86 nvmxdizc V:253 H:109 F:34
				849101 85 10       STA $10       [000010] A:DB57 X:7036 Y:01DF S:011B D:0000 DB:86 Nvmxdizc V:253 H:118 F:34
				849103 AD 94 0B    LDA $0B94     [860B94] A:DB57 X:7036 Y:01DF S:011B D:0000 DB:86 Nvmxdizc V:253 H:125 F:34
				849106 85 12       STA $12       [000012] A:B895 X:7036 Y:01DF S:011B D:0000 DB:86 Nvmxdizc V:253 H:133 F:34
				849108 B7 10       LDA [$10],Y   [95DD36] A:B895 X:7036 Y:01DF S:011B D:0000 DB:86 Nvmxdizc V:253 H:150 F:34
				84910A 29 FF 00    AND #$00FF             A:3400 X:7036 Y:01DF S:011B D:0000 DB:86 nvmxdizc V:253 H:162 F:34
				84910D 28          PLP                    A:0000 X:7036 Y:01DF S:011B D:0000 DB:86 nvmxdiZc V:253 H:167 F:34
				84910E FA          PLX                    A:0000 X:7036 Y:01DF S:011C D:0000 DB:86 NvMxdizc V:253 H:173 F:34
				84910F 2B          PLD                    A:0000 X:0E68 Y:01DF S:011E D:0000 DB:86 nvMxdizc V:253 H:182 F:34
				849110 60          RTS                    A:0000 X:0E68 Y:01DF S:0120 D:0000 DB:86 nvMxdiZc V:253 H:190 F:34

				849318 B4 05       LDY $05,X     [000E6D] A:0000 X:0E68 Y:01DF S:0122 D:0000 DB:86 nvMxdiZc V:253 H:200 F:34
				84931A 84 10       STY $10       [000010] A:0000 X:0E68 Y:14A2 S:0122 D:0000 DB:86 nvMxdizc V:253 H:209 F:34
				84931C B4 08       LDY $08,X     [000E70] A:0000 X:0E68 Y:14A2 S:0122 D:0000 DB:86 nvMxdizc V:253 H:216 F:34
				84931E 84 12       STY $12       [000012] A:0000 X:0E68 Y:0A1A S:0122 D:0000 DB:86 nvMxdizc V:253 H:224 F:34
				849320 95 2D       STA $2D,X     [000E95] A:0000 X:0E68 Y:0A1A S:0122 D:0000 DB:86 nvMxdizc V:253 H:231 F:34
				849322 86 2C       STX $2C       [00002C] A:0000 X:0E68 Y:0A1A S:0122 D:0000 DB:86 nvMxdizc V:253 H:238 F:34
				849324 29 3F       AND #$3F               A:0000 X:0E68 Y:0A1A S:0122 D:0000 DB:86 nvMxdizc V:253 H:245 F:34
				849326 0A          ASL A                  A:0000 X:0E68 Y:0A1A S:0122 D:0000 DB:86 nvMxdiZc V:253 H:248 F:34
				849327 EB          XBA                    A:0000 X:0E68 Y:0A1A S:0122 D:0000 DB:86 nvMxdiZc V:253 H:251 F:34
				849328 A9 00       LDA #$00               A:0000 X:0E68 Y:0A1A S:0122 D:0000 DB:86 nvMxdiZc V:253 H:255 F:34
				84932A EB          XBA                    A:0000 X:0E68 Y:0A1A S:0122 D:0000 DB:86 nvMxdiZc V:253 H:258 F:34
				84932B AA          TAX                    A:0000 X:0E68 Y:0A1A S:0122 D:0000 DB:86 nvMxdiZc V:253 H:263 F:34
				84932C FC 5D 93    JSR ($935D,X) [84935D] A:0000 X:0000 Y:0A1A S:0122 D:0000 DB:86 nvMxdiZc V:253 H:266 F:34

				84977A A9 00       LDA #$00               A:0000 X:0000 Y:0A1A S:0120 D:0000 DB:86 nvMxdiZc V:253 H:279 F:34
				84977C 60          RTS                    A:0000 X:0000 Y:0A1A S:0120 D:0000 DB:86 nvMxdiZc V:253 H:282 F:34

				84932F 08          PHP                    A:0000 X:0000 Y:0A1A S:0122 D:0000 DB:86 nvMxdiZc V:253 H:292 F:34
				849330 A6 2C       LDX $2C       [00002C] A:0000 X:0000 Y:0A1A S:0121 D:0000 DB:86 nvMxdiZc V:253 H:297 F:34
				849332 A9 01       LDA #$01               A:0000 X:0E68 Y:0A1A S:0121 D:0000 DB:86 nvMxdizc V:253 H:304 F:34
				849334 34 29       BIT $29,X     [000E91] A:0001 X:0E68 Y:0A1A S:0121 D:0000 DB:86 nvMxdizc V:253 H:307 F:34
				849336 10 02       BPL $0002     [84933A] A:0001 X:0E68 Y:0A1A S:0121 D:0000 DB:86 nvMxdizc V:253 H:313 F:34
				84933A 28          PLP                    A:0001 X:0E68 Y:0A1A S:0121 D:0000 DB:86 nvMxdizc V:253 H:318 F:34
				84933B F0 0C       BEQ $000C     [849349] A:0001 X:0E68 Y:0A1A S:0122 D:0000 DB:86 nvMxdiZc V:253 H:324 F:34
				849349 49 FF       EOR #$FF               A:0001 X:0E68 Y:0A1A S:0122 D:0000 DB:86 nvMxdiZc V:253 H:328 F:34
				84934B 35 2B       AND $2B,X     [000E93] A:00FE X:0E68 Y:0A1A S:0122 D:0000 DB:86 NvMxdizc V:253 H:331 F:34
				84934D 95 2B       STA $2B,X     [000E93] A:0000 X:0E68 Y:0A1A S:0122 D:0000 DB:86 nvMxdiZc V:253 H:337 F:34
				84934F 20 08 93    JSR $9308     [849308] A:0000 X:0E68 Y:0A1A S:0122 D:0000 DB:86 nvMxdiZc V:254 H:  4 F:34

				849308 A5 14       LDA $14       [000014] A:0000 X:0E68 Y:0A1A S:0120 D:0000 DB:86 nvMxdiZc V:254 H: 14 F:34
				84930A F0 08       BEQ $0008     [849314] A:0000 X:0E68 Y:0A1A S:0120 D:0000 DB:86 nvMxdiZc V:254 H: 19 F:34
				849314 60          RTS                    A:0000 X:0E68 Y:0A1A S:0120 D:0000 DB:86 nvMxdiZc V:254 H: 23 F:34

				849352 A9 00       LDA #$00               A:0000 X:0E68 Y:0A1A S:0122 D:0000 DB:86 nvMxdiZc V:254 H: 33 F:34
				849354 60          RTS                    A:0000 X:0E68 Y:0A1A S:0122 D:0000 DB:86 nvMxdiZc V:254 H: 36 F:34

				8492F1 D0 12       BNE $0012     [849305] A:0000 X:0E68 Y:0A1A S:0124 D:0000 DB:86 nvMxdiZc V:254 H: 46 F:34
				8492F3 B4 20       LDY $20,X     [000E88] A:0000 X:0E68 Y:0A1A S:0124 D:0000 DB:86 nvMxdiZc V:254 H: 49 F:34
				8492F5 B9 06 00    LDA $0006,Y   [86C94B] A:0000 X:0E68 Y:C945 S:0124 D:0000 DB:86 NvMxdizc V:254 H: 58 F:34
				8492F8 18          CLC                    A:0000 X:0E68 Y:C945 S:0124 D:0000 DB:86 nvMxdiZc V:254 H: 65 F:34
				8492F9 79 08 00    ADC $0008,Y   [86C94D] A:0000 X:0E68 Y:C945 S:0124 D:0000 DB:86 nvMxdiZc V:254 H: 68 F:34
				8492FC 38          SEC                    A:000D X:0E68 Y:C945 S:0124 D:0000 DB:86 nvMxdizc V:254 H: 76 F:34
				8492FD F9 09 00    SBC $0009,Y   [86C94E] A:000D X:0E68 Y:C945 S:0124 D:0000 DB:86 nvMxdizC V:254 H: 79 F:34
				849300 95 2A       STA $2A,X     [000E92] A:0008 X:0E68 Y:C945 S:0124 D:0000 DB:86 nvMxdizC V:254 H: 86 F:34
				849302 20 15 93    JSR $9315     [849315] A:0008 X:0E68 Y:C945 S:0124 D:0000 DB:86 nvMxdizC V:254 H: 93 F:34

				849315 20 B3 90    JSR $90B3     [8490B3] A:0008 X:0E68 Y:C945 S:0122 D:0000 DB:86 nvMxdizC V:254 H:103 F:34

				8490B3 0B          PHD                    A:0008 X:0E68 Y:C945 S:0120 D:0000 DB:86 nvMxdizC V:254 H:113 F:34
				8490B4 DA          PHX                    A:0008 X:0E68 Y:C945 S:011E D:0000 DB:86 nvMxdizC V:254 H:120 F:34
				8490B5 08          PHP                    A:0008 X:0E68 Y:C945 S:011C D:0000 DB:86 nvMxdizC V:254 H:127 F:34
				8490B6 E2 20       SEP #$20               A:0008 X:0E68 Y:C945 S:011B D:0000 DB:86 nvMxdizC V:254 H:132 F:34
				8490B8 C2 10       REP #$10               A:0008 X:0E68 Y:C945 S:011B D:0000 DB:86 nvMxdizC V:254 H:146 F:34
				8490BA 64 01       STZ $01       [000001] A:0008 X:0E68 Y:C945 S:011B D:0000 DB:86 nvMxdizC V:254 H:151 F:34
				8490BC B5 29       LDA $29,X     [000E91] A:0008 X:0E68 Y:C945 S:011B D:0000 DB:86 nvMxdizC V:254 H:156 F:34
				8490BE 10 02       BPL $0002     [8490C2] A:000F X:0E68 Y:C945 S:011B D:0000 DB:86 nvMxdizC V:254 H:162 F:34
				8490C2 18          CLC                    A:000F X:0E68 Y:C945 S:011B D:0000 DB:86 nvMxdizC V:254 H:167 F:34
				8490C3 75 05       ADC $05,X     [000E6D] A:000F X:0E68 Y:C945 S:011B D:0000 DB:86 nvMxdizc V:254 H:170 F:34
				8490C5 85 00       STA $00       [000000] A:00B1 X:0E68 Y:C945 S:011B D:0000 DB:86 NvMxdizc V:254 H:176 F:34
				8490C7 B5 06       LDA $06,X     [000E6E] A:00B1 X:0E68 Y:C945 S:011B D:0000 DB:86 NvMxdizc V:254 H:181 F:34
				8490C9 65 01       ADC $01       [000001] A:0014 X:0E68 Y:C945 S:011B D:0000 DB:86 nvMxdizc V:254 H:188 F:34
				8490CB 85 01       STA $01       [000001] A:0014 X:0E68 Y:C945 S:011B D:0000 DB:86 nvMxdizc V:254 H:193 F:34
				8490CD 64 03       STZ $03       [000003] A:0014 X:0E68 Y:C945 S:011B D:0000 DB:86 nvMxdizc V:254 H:198 F:34
				8490CF B5 2A       LDA $2A,X     [000E92] A:0014 X:0E68 Y:C945 S:011B D:0000 DB:86 nvMxdizc V:254 H:203 F:34
				8490D1 10 02       BPL $0002     [8490D5] A:0008 X:0E68 Y:C945 S:011B D:0000 DB:86 nvMxdizc V:254 H:209 F:34
				8490D5 18          CLC                    A:0008 X:0E68 Y:C945 S:011B D:0000 DB:86 nvMxdizc V:254 H:214 F:34
				8490D6 75 08       ADC $08,X     [000E70] A:0008 X:0E68 Y:C945 S:011B D:0000 DB:86 nvMxdizc V:254 H:217 F:34
				8490D8 85 02       STA $02       [000002] A:0022 X:0E68 Y:C945 S:011B D:0000 DB:86 nvMxdizc V:254 H:223 F:34
				8490DA 29 F0       AND #$F0               A:0022 X:0E68 Y:C945 S:011B D:0000 DB:86 nvMxdizc V:254 H:228 F:34
				8490DC 85 0A       STA $0A       [00000A] A:0020 X:0E68 Y:C945 S:011B D:0000 DB:86 nvMxdizc V:254 H:231 F:34
				8490DE B5 09       LDA $09,X     [000E71] A:0020 X:0E68 Y:C945 S:011B D:0000 DB:86 nvMxdizc V:254 H:236 F:34
				8490E0 65 03       ADC $03       [000003] A:000A X:0E68 Y:C945 S:011B D:0000 DB:86 nvMxdizc V:254 H:243 F:34
				8490E2 85 03       STA $03       [000003] A:000A X:0E68 Y:C945 S:011B D:0000 DB:86 nvMxdizc V:254 H:248 F:34
				8490E4 85 0B       STA $0B       [00000B] A:000A X:0E68 Y:C945 S:011B D:0000 DB:86 nvMxdizc V:254 H:253 F:34
				8490E6 A5 00       LDA $00       [000000] A:000A X:0E68 Y:C945 S:011B D:0000 DB:86 nvMxdizc V:254 H:258 F:34
				8490E8 29 0F       AND #$0F               A:00B1 X:0E68 Y:C945 S:011B D:0000 DB:86 NvMxdizc V:254 H:263 F:34
				8490EA 1A          INC                    A:0001 X:0E68 Y:C945 S:011B D:0000 DB:86 nvMxdizc V:254 H:266 F:34
				8490EB 85 0C       STA $0C       [00000C] A:0002 X:0E68 Y:C945 S:011B D:0000 DB:86 nvMxdizc V:254 H:269 F:34
				8490ED A5 02       LDA $02       [000002] A:0002 X:0E68 Y:C945 S:011B D:0000 DB:86 nvMxdizc V:254 H:274 F:34
				8490EF 29 0F       AND #$0F               A:0022 X:0E68 Y:C945 S:011B D:0000 DB:86 nvMxdizc V:254 H:279 F:34
				8490F1 1A          INC                    A:0002 X:0E68 Y:C945 S:011B D:0000 DB:86 nvMxdizc V:254 H:282 F:34
				8490F2 85 0E       STA $0E       [00000E] A:0003 X:0E68 Y:C945 S:011B D:0000 DB:86 nvMxdizc V:254 H:285 F:34
				8490F4 C2 20       REP #$20               A:0003 X:0E68 Y:C945 S:011B D:0000 DB:86 nvMxdizc V:254 H:290 F:34
				8490F6 20 6A 91    JSR $916A     [84916A] A:0003 X:0E68 Y:C945 S:011B D:0000 DB:86 nvmxdizc V:254 H:294 F:34

				84916A A9 00 E8    LDA #$E800             A:0003 X:0E68 Y:C945 S:0119 D:0000 DB:86 nvmxdizc V:254 H:304 F:34
				84916D 85 10       STA $10       [000010] A:E800 X:0E68 Y:C945 S:0119 D:0000 DB:86 Nvmxdizc V:254 H:309 F:34
				84916F A9 7E 00    LDA #$007E             A:E800 X:0E68 Y:C945 S:0119 D:0000 DB:86 Nvmxdizc V:254 H:316 F:34
				849172 85 12       STA $12       [000012] A:007E X:0E68 Y:C945 S:0119 D:0000 DB:86 nvmxdizc V:254 H:320 F:34
				849174 A5 02       LDA $02       [000002] A:007E X:0E68 Y:C945 S:0119 D:0000 DB:86 nvmxdizc V:254 H:327 F:34
				849176 29 F0 00    AND #$00F0             A:0A22 X:0E68 Y:C945 S:0119 D:0000 DB:86 nvmxdizc V:254 H:333 F:34
				849179 0A          ASL A                  A:0020 X:0E68 Y:C945 S:0119 D:0000 DB:86 nvmxdizc V:254 H:338 F:34
				84917A 85 04       STA $04       [000004] A:0040 X:0E68 Y:C945 S:0119 D:0000 DB:86 nvmxdizc V:255 H:  1 F:34
				84917C A5 00       LDA $00       [000000] A:0040 X:0E68 Y:C945 S:0119 D:0000 DB:86 nvmxdizc V:255 H:  8 F:34
				84917E 29 FF 00    AND #$00FF             A:14B1 X:0E68 Y:C945 S:0119 D:0000 DB:86 nvmxdizc V:255 H: 15 F:34
				849181 4A          LSR A                  A:00B1 X:0E68 Y:C945 S:0119 D:0000 DB:86 nvmxdizc V:255 H: 19 F:34
				849182 4A          LSR A                  A:0058 X:0E68 Y:C945 S:0119 D:0000 DB:86 nvmxdizC V:255 H: 22 F:34
				849183 4A          LSR A                  A:002C X:0E68 Y:C945 S:0119 D:0000 DB:86 nvmxdizc V:255 H: 25 F:34
				849184 29 FE FF    AND #$FFFE             A:0016 X:0E68 Y:C945 S:0119 D:0000 DB:86 nvmxdizc V:255 H: 28 F:34
				849187 18          CLC                    A:0016 X:0E68 Y:C945 S:0119 D:0000 DB:86 nvmxdizc V:255 H: 33 F:34
				849188 65 04       ADC $04       [000004] A:0016 X:0E68 Y:C945 S:0119 D:0000 DB:86 nvmxdizc V:255 H: 36 F:34
				84918A 85 06       STA $06       [000006] A:0056 X:0E68 Y:C945 S:0119 D:0000 DB:86 nvmxdizc V:255 H: 43 F:34
				84918C A5 00       LDA $00       [000000] A:0056 X:0E68 Y:C945 S:0119 D:0000 DB:86 nvmxdizc V:255 H: 50 F:34
				84918E EB          XBA                    A:14B1 X:0E68 Y:C945 S:0119 D:0000 DB:86 nvmxdizc V:255 H: 57 F:34
				84918F 29 1F 00    AND #$001F             A:B114 X:0E68 Y:C945 S:0119 D:0000 DB:86 nvmxdizc V:255 H: 61 F:34
				849192 85 04       STA $04       [000004] A:0014 X:0E68 Y:C945 S:0119 D:0000 DB:86 nvmxdizc V:255 H: 66 F:34
				849194 A5 02       LDA $02       [000002] A:0014 X:0E68 Y:C945 S:0119 D:0000 DB:86 nvmxdizc V:255 H: 73 F:34
				849196 29 00 1F    AND #$1F00             A:0A22 X:0E68 Y:C945 S:0119 D:0000 DB:86 nvmxdizc V:255 H: 80 F:34
				849199 4A          LSR A                  A:0A00 X:0E68 Y:C945 S:0119 D:0000 DB:86 nvmxdizc V:255 H: 84 F:34
				84919A 4A          LSR A                  A:0500 X:0E68 Y:C945 S:0119 D:0000 DB:86 nvmxdizc V:255 H: 87 F:34
				84919B 4A          LSR A                  A:0280 X:0E68 Y:C945 S:0119 D:0000 DB:86 nvmxdizc V:255 H: 90 F:34
				84919C 18          CLC                    A:0140 X:0E68 Y:C945 S:0119 D:0000 DB:86 nvmxdizc V:255 H: 93 F:34
				84919D 65 04       ADC $04       [000004] A:0140 X:0E68 Y:C945 S:0119 D:0000 DB:86 nvmxdizc V:255 H: 96 F:34
				84919F A8          TAY                    A:0154 X:0E68 Y:C945 S:0119 D:0000 DB:86 nvmxdizc V:255 H:103 F:34
				8491A0 B7 10       LDA [$10],Y   [7EE954] A:0154 X:0E68 Y:0154 S:0119 D:0000 DB:86 nvmxdizc V:255 H:106 F:34
				8491A2 29 FF 00    AND #$00FF             A:0038 X:0E68 Y:0154 S:0119 D:0000 DB:86 nvmxdizc V:255 H:119 F:34
				8491A5 A8          TAY                    A:0038 X:0E68 Y:0154 S:0119 D:0000 DB:86 nvmxdizc V:255 H:124 F:34
				8491A6 EB          XBA                    A:0038 X:0E68 Y:0038 S:0119 D:0000 DB:86 nvmxdizc V:255 H:127 F:34
				8491A7 0A          ASL A                  A:3800 X:0E68 Y:0038 S:0119 D:0000 DB:86 nvmxdiZc V:255 H:131 F:34
				8491A8 18          CLC                    A:7000 X:0E68 Y:0038 S:0119 D:0000 DB:86 nvmxdizc V:255 H:144 F:34
				8491A9 65 06       ADC $06       [000006] A:7000 X:0E68 Y:0038 S:0119 D:0000 DB:86 nvmxdizc V:255 H:147 F:34
				8491AB AA          TAX                    A:7056 X:0E68 Y:0038 S:0119 D:0000 DB:86 nvmxdizc V:255 H:154 F:34
				8491AC 60          RTS                    A:7056 X:7056 Y:0038 S:0119 D:0000 DB:86 nvmxdizc V:255 H:157 F:34

				8490F9 BF 00 20 7E LDA $7E2000,X [7E9056] A:7056 X:7056 Y:0038 S:011B D:0000 DB:86 nvmxdizc V:255 H:167 F:34
				8490FD A8          TAY                    A:01EC X:7056 Y:0038 S:011B D:0000 DB:86 nvmxdizc V:255 H:177 F:34
				8490FE AD 92 0B    LDA $0B92     [860B92] A:01EC X:7056 Y:01EC S:011B D:0000 DB:86 nvmxdizc V:255 H:180 F:34
				849101 85 10       STA $10       [000010] A:DB57 X:7056 Y:01EC S:011B D:0000 DB:86 Nvmxdizc V:255 H:189 F:34
				849103 AD 94 0B    LDA $0B94     [860B94] A:DB57 X:7056 Y:01EC S:011B D:0000 DB:86 Nvmxdizc V:255 H:196 F:34
				849106 85 12       STA $12       [000012] A:B895 X:7056 Y:01EC S:011B D:0000 DB:86 Nvmxdizc V:255 H:204 F:34
				849108 B7 10       LDA [$10],Y   [95DD43] A:B895 X:7056 Y:01EC S:011B D:0000 DB:86 Nvmxdizc V:255 H:211 F:34
				84910A 29 FF 00    AND #$00FF             A:0000 X:7056 Y:01EC S:011B D:0000 DB:86 nvmxdiZc V:255 H:223 F:34
				84910D 28          PLP                    A:0000 X:7056 Y:01EC S:011B D:0000 DB:86 nvmxdiZc V:255 H:228 F:34
				84910E FA          PLX                    A:0000 X:7056 Y:01EC S:011C D:0000 DB:86 nvMxdizC V:255 H:234 F:34
				84910F 2B          PLD                    A:0000 X:0E68 Y:01EC S:011E D:0000 DB:86 nvMxdizC V:255 H:243 F:34
				849110 60          RTS                    A:0000 X:0E68 Y:01EC S:0120 D:0000 DB:86 nvMxdiZC V:255 H:251 F:34

				849318 B4 05       LDY $05,X     [000E6D] A:0000 X:0E68 Y:01EC S:0122 D:0000 DB:86 nvMxdiZC V:255 H:261 F:34
				84931A 84 10       STY $10       [000010] A:0000 X:0E68 Y:14A2 S:0122 D:0000 DB:86 nvMxdizC V:255 H:270 F:34
				84931C B4 08       LDY $08,X     [000E70] A:0000 X:0E68 Y:14A2 S:0122 D:0000 DB:86 nvMxdizC V:255 H:277 F:34
				84931E 84 12       STY $12       [000012] A:0000 X:0E68 Y:0A1A S:0122 D:0000 DB:86 nvMxdizC V:255 H:285 F:34
				849320 95 2D       STA $2D,X     [000E95] A:0000 X:0E68 Y:0A1A S:0122 D:0000 DB:86 nvMxdizC V:255 H:292 F:34
				849322 86 2C       STX $2C       [00002C] A:0000 X:0E68 Y:0A1A S:0122 D:0000 DB:86 nvMxdizC V:255 H:299 F:34
				849324 29 3F       AND #$3F               A:0000 X:0E68 Y:0A1A S:0122 D:0000 DB:86 nvMxdizC V:255 H:306 F:34
				849326 0A          ASL A                  A:0000 X:0E68 Y:0A1A S:0122 D:0000 DB:86 nvMxdiZC V:255 H:309 F:34
				849327 EB          XBA                    A:0000 X:0E68 Y:0A1A S:0122 D:0000 DB:86 nvMxdiZc V:255 H:312 F:34
				849328 A9 00       LDA #$00               A:0000 X:0E68 Y:0A1A S:0122 D:0000 DB:86 nvMxdiZc V:255 H:316 F:34
				84932A EB          XBA                    A:0000 X:0E68 Y:0A1A S:0122 D:0000 DB:86 nvMxdiZc V:255 H:319 F:34
				84932B AA          TAX                    A:0000 X:0E68 Y:0A1A S:0122 D:0000 DB:86 nvMxdiZc V:255 H:323 F:34
				84932C FC 5D 93    JSR ($935D,X) [84935D] A:0000 X:0000 Y:0A1A S:0122 D:0000 DB:86 nvMxdiZc V:255 H:326 F:34

				84977A A9 00       LDA #$00               A:0000 X:0000 Y:0A1A S:0120 D:0000 DB:86 nvMxdiZc V:255 H:339 F:34
				84977C 60          RTS                    A:0000 X:0000 Y:0A1A S:0120 D:0000 DB:86 nvMxdiZc V:256 H:  2 F:34

				84932F 08          PHP                    A:0000 X:0000 Y:0A1A S:0122 D:0000 DB:86 nvMxdiZc V:256 H: 12 F:34
				849330 A6 2C       LDX $2C       [00002C] A:0000 X:0000 Y:0A1A S:0121 D:0000 DB:86 nvMxdiZc V:256 H: 17 F:34
				849332 A9 01       LDA #$01               A:0000 X:0E68 Y:0A1A S:0121 D:0000 DB:86 nvMxdizc V:256 H: 24 F:34
				849334 34 29       BIT $29,X     [000E91] A:0001 X:0E68 Y:0A1A S:0121 D:0000 DB:86 nvMxdizc V:256 H: 27 F:34
				849336 10 02       BPL $0002     [84933A] A:0001 X:0E68 Y:0A1A S:0121 D:0000 DB:86 nvMxdizc V:256 H: 33 F:34
				84933A 28          PLP                    A:0001 X:0E68 Y:0A1A S:0121 D:0000 DB:86 nvMxdizc V:256 H: 38 F:34
				84933B F0 0C       BEQ $000C     [849349] A:0001 X:0E68 Y:0A1A S:0122 D:0000 DB:86 nvMxdiZc V:256 H: 44 F:34
				849349 49 FF       EOR #$FF               A:0001 X:0E68 Y:0A1A S:0122 D:0000 DB:86 nvMxdiZc V:256 H: 49 F:34
				84934B 35 2B       AND $2B,X     [000E93] A:00FE X:0E68 Y:0A1A S:0122 D:0000 DB:86 NvMxdizc V:256 H: 52 F:34
				84934D 95 2B       STA $2B,X     [000E93] A:0000 X:0E68 Y:0A1A S:0122 D:0000 DB:86 nvMxdiZc V:256 H: 58 F:34
				84934F 20 08 93    JSR $9308     [849308] A:0000 X:0E68 Y:0A1A S:0122 D:0000 DB:86 nvMxdiZc V:256 H: 65 F:34

				849308 A5 14       LDA $14       [000014] A:0000 X:0E68 Y:0A1A S:0120 D:0000 DB:86 nvMxdiZc V:256 H: 75 F:34
				84930A F0 08       BEQ $0008     [849314] A:0000 X:0E68 Y:0A1A S:0120 D:0000 DB:86 nvMxdiZc V:256 H: 80 F:34
				849314 60          RTS                    A:0000 X:0E68 Y:0A1A S:0120 D:0000 DB:86 nvMxdiZc V:256 H: 84 F:34

				849352 A9 00       LDA #$00               A:0000 X:0E68 Y:0A1A S:0122 D:0000 DB:86 nvMxdiZc V:256 H: 94 F:34
				849354 60          RTS                    A:0000 X:0E68 Y:0A1A S:0122 D:0000 DB:86 nvMxdiZc V:256 H: 97 F:34

				849305 C2 30       REP #$30               A:0000 X:0E68 Y:0A1A S:0124 D:0000 DB:86 nvMxdiZc V:256 H:107 F:34
				849307 60          RTS                    A:0000 X:0E68 Y:0A1A S:0124 D:0000 DB:86 nvmxdiZc V:256 H:112 F:34

				8491D8 20 ED 91    JSR $91ED     [8491ED] A:0000 X:0E68 Y:0A1A S:0126 D:0000 DB:86 nvmxdiZc V:256 H:122 F:34

				8491ED B5 08       LDA $08,X     [000E70] A:0000 X:0E68 Y:0A1A S:0124 D:0000 DB:86 nvmxdiZc V:256 H:132 F:34
				8491EF D5 24       CMP $24,X     [000E8C] A:0A1A X:0E68 Y:0A1A S:0124 D:0000 DB:86 nvmxdizc V:256 H:150 F:34
				8491F1 F0 F2       BEQ $00F2     [8491E5] A:0A1A X:0E68 Y:0A1A S:0124 D:0000 DB:86 Nvmxdizc V:256 H:159 F:34
				8491F3 10 4D       BPL $004D     [849242] A:0A1A X:0E68 Y:0A1A S:0124 D:0000 DB:86 Nvmxdizc V:256 H:162 F:34
				8491F5 E2 20       SEP #$20               A:0A1A X:0E68 Y:0A1A S:0124 D:0000 DB:86 Nvmxdizc V:256 H:165 F:34
				8491F7 B4 20       LDY $20,X     [000E88] A:0A1A X:0E68 Y:0A1A S:0124 D:0000 DB:86 NvMxdizc V:256 H:169 F:34
				8491F9 B9 06 00    LDA $0006,Y   [86C94B] A:0A1A X:0E68 Y:C945 S:0124 D:0000 DB:86 NvMxdizc V:256 H:178 F:34
				8491FC 38          SEC                    A:0A00 X:0E68 Y:C945 S:0124 D:0000 DB:86 nvMxdiZc V:256 H:185 F:34
				8491FD F9 08 00    SBC $0008,Y   [86C94D] A:0A00 X:0E68 Y:C945 S:0124 D:0000 DB:86 nvMxdiZC V:256 H:188 F:34
				849200 95 2A       STA $2A,X     [000E92] A:0AF3 X:0E68 Y:C945 S:0124 D:0000 DB:86 NvMxdizc V:256 H:196 F:34
				849202 B9 05 00    LDA $0005,Y   [86C94A] A:0AF3 X:0E68 Y:C945 S:0124 D:0000 DB:86 NvMxdizc V:256 H:202 F:34
				849205 34 11       BIT $11,X     [000E79] A:0A00 X:0E68 Y:C945 S:0124 D:0000 DB:86 nvMxdiZc V:256 H:210 F:34
				849207 50 03       BVC $0003     [84920C] A:0A00 X:0E68 Y:C945 S:0124 D:0000 DB:86 nVMxdiZc V:256 H:216 F:34
				849209 49 FF       EOR #$FF               A:0A00 X:0E68 Y:C945 S:0124 D:0000 DB:86 nVMxdiZc V:256 H:219 F:34
				84920B 1A          INC                    A:0AFF X:0E68 Y:C945 S:0124 D:0000 DB:86 NVMxdizc V:256 H:222 F:34
				84920C 95 29       STA $29,X     [000E91] A:0A00 X:0E68 Y:C945 S:0124 D:0000 DB:86 nVMxdiZc V:256 H:225 F:34
				84920E 20 73 94    JSR $9473     [849473] A:0A00 X:0E68 Y:C945 S:0124 D:0000 DB:86 nVMxdiZc V:256 H:232 F:34

				849473 A9 F7       LDA #$F7               A:0A00 X:0E68 Y:C945 S:0122 D:0000 DB:86 nVMxdiZc V:256 H:242 F:34
				849475 35 2B       AND $2B,X     [000E93] A:0AF7 X:0E68 Y:C945 S:0122 D:0000 DB:86 NVMxdizc V:256 H:245 F:34
				849477 95 2B       STA $2B,X     [000E93] A:0A00 X:0E68 Y:C945 S:0122 D:0000 DB:86 nVMxdiZc V:256 H:251 F:34
				849479 20 B3 90    JSR $90B3     [8490B3] A:0A00 X:0E68 Y:C945 S:0122 D:0000 DB:86 nVMxdiZc V:256 H:258 F:34

				8490B3 0B          PHD                    A:0A00 X:0E68 Y:C945 S:0120 D:0000 DB:86 nVMxdiZc V:256 H:268 F:34
				8490B4 DA          PHX                    A:0A00 X:0E68 Y:C945 S:011E D:0000 DB:86 nVMxdiZc V:256 H:275 F:34
				8490B5 08          PHP                    A:0A00 X:0E68 Y:C945 S:011C D:0000 DB:86 nVMxdiZc V:256 H:282 F:34
				8490B6 E2 20       SEP #$20               A:0A00 X:0E68 Y:C945 S:011B D:0000 DB:86 nVMxdiZc V:256 H:287 F:34
				8490B8 C2 10       REP #$10               A:0A00 X:0E68 Y:C945 S:011B D:0000 DB:86 nVMxdiZc V:256 H:291 F:34
				8490BA 64 01       STZ $01       [000001] A:0A00 X:0E68 Y:C945 S:011B D:0000 DB:86 nVMxdiZc V:256 H:296 F:34
				8490BC B5 29       LDA $29,X     [000E91] A:0A00 X:0E68 Y:C945 S:011B D:0000 DB:86 nVMxdiZc V:256 H:301 F:34
				8490BE 10 02       BPL $0002     [8490C2] A:0A00 X:0E68 Y:C945 S:011B D:0000 DB:86 nVMxdiZc V:256 H:307 F:34
				8490C2 18          CLC                    A:0A00 X:0E68 Y:C945 S:011B D:0000 DB:86 nVMxdiZc V:256 H:312 F:34
				8490C3 75 05       ADC $05,X     [000E6D] A:0A00 X:0E68 Y:C945 S:011B D:0000 DB:86 nVMxdiZc V:256 H:315 F:34
				8490C5 85 00       STA $00       [000000] A:0AA2 X:0E68 Y:C945 S:011B D:0000 DB:86 NvMxdizc V:256 H:321 F:34
				8490C7 B5 06       LDA $06,X     [000E6E] A:0AA2 X:0E68 Y:C945 S:011B D:0000 DB:86 NvMxdizc V:256 H:326 F:34
				8490C9 65 01       ADC $01       [000001] A:0A14 X:0E68 Y:C945 S:011B D:0000 DB:86 nvMxdizc V:256 H:332 F:34
				8490CB 85 01       STA $01       [000001] A:0A14 X:0E68 Y:C945 S:011B D:0000 DB:86 nvMxdizc V:256 H:337 F:34
				8490CD 64 03       STZ $03       [000003] A:0A14 X:0E68 Y:C945 S:011B D:0000 DB:86 nvMxdizc V:257 H:  2 F:34
				8490CF B5 2A       LDA $2A,X     [000E92] A:0A14 X:0E68 Y:C945 S:011B D:0000 DB:86 nvMxdizc V:257 H:  7 F:34
				8490D1 10 02       BPL $0002     [8490D5] A:0AF3 X:0E68 Y:C945 S:011B D:0000 DB:86 NvMxdizc V:257 H: 13 F:34
				8490D3 C6 03       DEC $03       [000003] A:0AF3 X:0E68 Y:C945 S:011B D:0000 DB:86 NvMxdizc V:257 H: 16 F:34
				8490D5 18          CLC                    A:0AF3 X:0E68 Y:C945 S:011B D:0000 DB:86 NvMxdizc V:257 H: 25 F:34
				8490D6 75 08       ADC $08,X     [000E70] A:0AF3 X:0E68 Y:C945 S:011B D:0000 DB:86 NvMxdizc V:257 H: 28 F:34
				8490D8 85 02       STA $02       [000002] A:0A0D X:0E68 Y:C945 S:011B D:0000 DB:86 nvMxdizC V:257 H: 34 F:34
				8490DA 29 F0       AND #$F0               A:0A0D X:0E68 Y:C945 S:011B D:0000 DB:86 nvMxdizC V:257 H: 39 F:34
				8490DC 85 0A       STA $0A       [00000A] A:0A00 X:0E68 Y:C945 S:011B D:0000 DB:86 nvMxdiZC V:257 H: 42 F:34
				8490DE B5 09       LDA $09,X     [000E71] A:0A00 X:0E68 Y:C945 S:011B D:0000 DB:86 nvMxdiZC V:257 H: 47 F:34
				8490E0 65 03       ADC $03       [000003] A:0A0A X:0E68 Y:C945 S:011B D:0000 DB:86 nvMxdizC V:257 H: 54 F:34
				8490E2 85 03       STA $03       [000003] A:0A0A X:0E68 Y:C945 S:011B D:0000 DB:86 nvMxdizC V:257 H: 59 F:34
				8490E4 85 0B       STA $0B       [00000B] A:0A0A X:0E68 Y:C945 S:011B D:0000 DB:86 nvMxdizC V:257 H: 64 F:34
				8490E6 A5 00       LDA $00       [000000] A:0A0A X:0E68 Y:C945 S:011B D:0000 DB:86 nvMxdizC V:257 H: 69 F:34
				8490E8 29 0F       AND #$0F               A:0AA2 X:0E68 Y:C945 S:011B D:0000 DB:86 NvMxdizC V:257 H: 74 F:34
				8490EA 1A          INC                    A:0A02 X:0E68 Y:C945 S:011B D:0000 DB:86 nvMxdizC V:257 H: 77 F:34
				8490EB 85 0C       STA $0C       [00000C] A:0A03 X:0E68 Y:C945 S:011B D:0000 DB:86 nvMxdizC V:257 H: 80 F:34
				8490ED A5 02       LDA $02       [000002] A:0A03 X:0E68 Y:C945 S:011B D:0000 DB:86 nvMxdizC V:257 H: 85 F:34
				8490EF 29 0F       AND #$0F               A:0A0D X:0E68 Y:C945 S:011B D:0000 DB:86 nvMxdizC V:257 H: 90 F:34
				8490F1 1A          INC                    A:0A0D X:0E68 Y:C945 S:011B D:0000 DB:86 nvMxdizC V:257 H: 93 F:34
				8490F2 85 0E       STA $0E       [00000E] A:0A0E X:0E68 Y:C945 S:011B D:0000 DB:86 nvMxdizC V:257 H: 96 F:34
				8490F4 C2 20       REP #$20               A:0A0E X:0E68 Y:C945 S:011B D:0000 DB:86 nvMxdizC V:257 H:101 F:34
				8490F6 20 6A 91    JSR $916A     [84916A] A:0A0E X:0E68 Y:C945 S:011B D:0000 DB:86 nvmxdizC V:257 H:105 F:34

				84916A A9 00 E8    LDA #$E800             A:0A0E X:0E68 Y:C945 S:0119 D:0000 DB:86 nvmxdizC V:257 H:115 F:34
				84916D 85 10       STA $10       [000010] A:E800 X:0E68 Y:C945 S:0119 D:0000 DB:86 NvmxdizC V:257 H:120 F:34
				84916F A9 7E 00    LDA #$007E             A:E800 X:0E68 Y:C945 S:0119 D:0000 DB:86 NvmxdizC V:257 H:127 F:34
				849172 85 12       STA $12       [000012] A:007E X:0E68 Y:C945 S:0119 D:0000 DB:86 nvmxdizC V:257 H:131 F:34
				849174 A5 02       LDA $02       [000002] A:007E X:0E68 Y:C945 S:0119 D:0000 DB:86 nvmxdizC V:257 H:148 F:34
				849176 29 F0 00    AND #$00F0             A:0A0D X:0E68 Y:C945 S:0119 D:0000 DB:86 nvmxdizC V:257 H:155 F:34
				849179 0A          ASL A                  A:0000 X:0E68 Y:C945 S:0119 D:0000 DB:86 nvmxdiZC V:257 H:160 F:34
				84917A 85 04       STA $04       [000004] A:0000 X:0E68 Y:C945 S:0119 D:0000 DB:86 nvmxdiZc V:257 H:163 F:34
				84917C A5 00       LDA $00       [000000] A:0000 X:0E68 Y:C945 S:0119 D:0000 DB:86 nvmxdiZc V:257 H:170 F:34
				84917E 29 FF 00    AND #$00FF             A:14A2 X:0E68 Y:C945 S:0119 D:0000 DB:86 nvmxdizc V:257 H:177 F:34
				849181 4A          LSR A                  A:00A2 X:0E68 Y:C945 S:0119 D:0000 DB:86 nvmxdizc V:257 H:181 F:34
				849182 4A          LSR A                  A:0051 X:0E68 Y:C945 S:0119 D:0000 DB:86 nvmxdizc V:257 H:184 F:34
				849183 4A          LSR A                  A:0028 X:0E68 Y:C945 S:0119 D:0000 DB:86 nvmxdizC V:257 H:187 F:34
				849184 29 FE FF    AND #$FFFE             A:0014 X:0E68 Y:C945 S:0119 D:0000 DB:86 nvmxdizc V:257 H:190 F:34
				849187 18          CLC                    A:0014 X:0E68 Y:C945 S:0119 D:0000 DB:86 nvmxdizc V:257 H:195 F:34
				849188 65 04       ADC $04       [000004] A:0014 X:0E68 Y:C945 S:0119 D:0000 DB:86 nvmxdizc V:257 H:198 F:34
				84918A 85 06       STA $06       [000006] A:0014 X:0E68 Y:C945 S:0119 D:0000 DB:86 nvmxdizc V:257 H:205 F:34
				84918C A5 00       LDA $00       [000000] A:0014 X:0E68 Y:C945 S:0119 D:0000 DB:86 nvmxdizc V:257 H:212 F:34
				84918E EB          XBA                    A:14A2 X:0E68 Y:C945 S:0119 D:0000 DB:86 nvmxdizc V:257 H:219 F:34
				84918F 29 1F 00    AND #$001F             A:A214 X:0E68 Y:C945 S:0119 D:0000 DB:86 nvmxdizc V:257 H:223 F:34
				849192 85 04       STA $04       [000004] A:0014 X:0E68 Y:C945 S:0119 D:0000 DB:86 nvmxdizc V:257 H:228 F:34
				849194 A5 02       LDA $02       [000002] A:0014 X:0E68 Y:C945 S:0119 D:0000 DB:86 nvmxdizc V:257 H:235 F:34
				849196 29 00 1F    AND #$1F00             A:0A0D X:0E68 Y:C945 S:0119 D:0000 DB:86 nvmxdizc V:257 H:242 F:34
				849199 4A          LSR A                  A:0A00 X:0E68 Y:C945 S:0119 D:0000 DB:86 nvmxdizc V:257 H:246 F:34
				84919A 4A          LSR A                  A:0500 X:0E68 Y:C945 S:0119 D:0000 DB:86 nvmxdizc V:257 H:249 F:34
				84919B 4A          LSR A                  A:0280 X:0E68 Y:C945 S:0119 D:0000 DB:86 nvmxdizc V:257 H:252 F:34
				84919C 18          CLC                    A:0140 X:0E68 Y:C945 S:0119 D:0000 DB:86 nvmxdizc V:257 H:255 F:34
				84919D 65 04       ADC $04       [000004] A:0140 X:0E68 Y:C945 S:0119 D:0000 DB:86 nvmxdizc V:257 H:258 F:34
				84919F A8          TAY                    A:0154 X:0E68 Y:C945 S:0119 D:0000 DB:86 nvmxdizc V:257 H:265 F:34
				8491A0 B7 10       LDA [$10],Y   [7EE954] A:0154 X:0E68 Y:0154 S:0119 D:0000 DB:86 nvmxdizc V:257 H:268 F:34
				8491A2 29 FF 00    AND #$00FF             A:0038 X:0E68 Y:0154 S:0119 D:0000 DB:86 nvmxdizc V:257 H:281 F:34
				8491A5 A8          TAY                    A:0038 X:0E68 Y:0154 S:0119 D:0000 DB:86 nvmxdizc V:257 H:286 F:34
				8491A6 EB          XBA                    A:0038 X:0E68 Y:0038 S:0119 D:0000 DB:86 nvmxdizc V:257 H:289 F:34
				8491A7 0A          ASL A                  A:3800 X:0E68 Y:0038 S:0119 D:0000 DB:86 nvmxdiZc V:257 H:293 F:34
				8491A8 18          CLC                    A:7000 X:0E68 Y:0038 S:0119 D:0000 DB:86 nvmxdizc V:257 H:296 F:34
				8491A9 65 06       ADC $06       [000006] A:7000 X:0E68 Y:0038 S:0119 D:0000 DB:86 nvmxdizc V:257 H:299 F:34
				8491AB AA          TAX                    A:7014 X:0E68 Y:0038 S:0119 D:0000 DB:86 nvmxdizc V:257 H:306 F:34
				8491AC 60          RTS                    A:7014 X:7014 Y:0038 S:0119 D:0000 DB:86 nvmxdizc V:257 H:309 F:34

				8490F9 BF 00 20 7E LDA $7E2000,X [7E9014] A:7014 X:7014 Y:0038 S:011B D:0000 DB:86 nvmxdizc V:257 H:319 F:34
				8490FD A8          TAY                    A:0125 X:7014 Y:0038 S:011B D:0000 DB:86 nvmxdizc V:257 H:328 F:34
				8490FE AD 92 0B    LDA $0B92     [860B92] A:0125 X:7014 Y:0125 S:011B D:0000 DB:86 nvmxdizc V:257 H:331 F:34
				849101 85 10       STA $10       [000010] A:DB57 X:7014 Y:0125 S:011B D:0000 DB:86 Nvmxdizc V:258 H:  0 F:34
				849103 AD 94 0B    LDA $0B94     [860B94] A:DB57 X:7014 Y:0125 S:011B D:0000 DB:86 Nvmxdizc V:258 H:  7 F:34
				849106 85 12       STA $12       [000012] A:B895 X:7014 Y:0125 S:011B D:0000 DB:86 Nvmxdizc V:258 H: 15 F:34
				849108 B7 10       LDA [$10],Y   [95DC7C] A:B895 X:7014 Y:0125 S:011B D:0000 DB:86 Nvmxdizc V:258 H: 22 F:34
				84910A 29 FF 00    AND #$00FF             A:3B3B X:7014 Y:0125 S:011B D:0000 DB:86 nvmxdizc V:258 H: 34 F:34
				84910D 28          PLP                    A:003B X:7014 Y:0125 S:011B D:0000 DB:86 nvmxdizc V:258 H: 39 F:34
				84910E FA          PLX                    A:003B X:7014 Y:0125 S:011C D:0000 DB:86 nVMxdiZc V:258 H: 45 F:34
				84910F 2B          PLD                    A:003B X:0E68 Y:0125 S:011E D:0000 DB:86 nVMxdizc V:258 H: 54 F:34
				849110 60          RTS                    A:003B X:0E68 Y:0125 S:0120 D:0000 DB:86 nVMxdiZc V:258 H: 62 F:34

				84947C B4 05       LDY $05,X     [000E6D] A:003B X:0E68 Y:0125 S:0122 D:0000 DB:86 nVMxdiZc V:258 H: 72 F:34
				84947E 84 10       STY $10       [000010] A:003B X:0E68 Y:14A2 S:0122 D:0000 DB:86 nVMxdizc V:258 H: 81 F:34
				849480 B4 08       LDY $08,X     [000E70] A:003B X:0E68 Y:14A2 S:0122 D:0000 DB:86 nVMxdizc V:258 H: 88 F:34
				849482 84 12       STY $12       [000012] A:003B X:0E68 Y:0A1A S:0122 D:0000 DB:86 nVMxdizc V:258 H: 96 F:34
				849484 95 2E       STA $2E,X     [000E96] A:003B X:0E68 Y:0A1A S:0122 D:0000 DB:86 nVMxdizc V:258 H:103 F:34
				849486 86 2C       STX $2C       [00002C] A:003B X:0E68 Y:0A1A S:0122 D:0000 DB:86 nVMxdizc V:258 H:110 F:34
				849488 29 3F       AND #$3F               A:003B X:0E68 Y:0A1A S:0122 D:0000 DB:86 nVMxdizc V:258 H:117 F:34
				84948A 0A          ASL A                  A:003B X:0E68 Y:0A1A S:0122 D:0000 DB:86 nVMxdizc V:258 H:120 F:34
				84948B EB          XBA                    A:0076 X:0E68 Y:0A1A S:0122 D:0000 DB:86 nVMxdizc V:258 H:123 F:34
				84948C A9 00       LDA #$00               A:7600 X:0E68 Y:0A1A S:0122 D:0000 DB:86 nVMxdiZc V:258 H:127 F:34
				84948E EB          XBA                    A:7600 X:0E68 Y:0A1A S:0122 D:0000 DB:86 nVMxdiZc V:258 H:130 F:34
				84948F AA          TAX                    A:0076 X:0E68 Y:0A1A S:0122 D:0000 DB:86 nVMxdizc V:258 H:145 F:34
				849490 FC A9 94    JSR ($94A9,X) [84951F] A:0076 X:0076 Y:0A1A S:0122 D:0000 DB:86 nVMxdizc V:258 H:148 F:34

				849542 A6 2C       LDX $2C       [00002C] A:0076 X:0076 Y:0A1A S:0120 D:0000 DB:86 nVMxdizc V:258 H:161 F:34
				849544 A9 11       LDA #$11               A:0076 X:0E68 Y:0A1A S:0120 D:0000 DB:86 nVMxdizc V:258 H:168 F:34
				849546 38          SEC                    A:0011 X:0E68 Y:0A1A S:0120 D:0000 DB:86 nVMxdizc V:258 H:171 F:34
				849547 E5 0E       SBC $0E       [00000E] A:0011 X:0E68 Y:0A1A S:0120 D:0000 DB:86 nVMxdizC V:258 H:174 F:34
				849549 18          CLC                    A:0003 X:0E68 Y:0A1A S:0120 D:0000 DB:86 nvMxdizC V:258 H:179 F:34
				84954A 75 08       ADC $08,X     [000E70] A:0003 X:0E68 Y:0A1A S:0120 D:0000 DB:86 nvMxdizc V:258 H:182 F:34
				84954C 95 08       STA $08,X     [000E70] A:001D X:0E68 Y:0A1A S:0120 D:0000 DB:86 nvMxdizc V:258 H:188 F:34
				84954E B5 09       LDA $09,X     [000E71] A:001D X:0E68 Y:0A1A S:0120 D:0000 DB:86 nvMxdizc V:258 H:195 F:34
				849550 69 00       ADC #$00               A:000A X:0E68 Y:0A1A S:0120 D:0000 DB:86 nvMxdizc V:258 H:201 F:34
				849552 95 09       STA $09,X     [000E71] A:000A X:0E68 Y:0A1A S:0120 D:0000 DB:86 nvMxdizc V:258 H:204 F:34
				849554 A9 01       LDA #$01               A:000A X:0E68 Y:0A1A S:0120 D:0000 DB:86 nvMxdizc V:258 H:211 F:34
				849556 60          RTS                    A:0001 X:0E68 Y:0A1A S:0120 D:0000 DB:86 nvMxdizc V:258 H:214 F:34

				849493 F0 0E       BEQ $000E     [8494A3] A:0001 X:0E68 Y:0A1A S:0122 D:0000 DB:86 nvMxdizc V:258 H:224 F:34
				849495 A6 2C       LDX $2C       [00002C] A:0001 X:0E68 Y:0A1A S:0122 D:0000 DB:86 nvMxdizc V:258 H:227 F:34
				849497 A9 08       LDA #$08               A:0001 X:0E68 Y:0A1A S:0122 D:0000 DB:86 nvMxdizc V:258 H:234 F:34
				849499 15 2B       ORA $2B,X     [000E93] A:0008 X:0E68 Y:0A1A S:0122 D:0000 DB:86 nvMxdizc V:258 H:237 F:34
				84949B 95 2B       STA $2B,X     [000E93] A:0008 X:0E68 Y:0A1A S:0122 D:0000 DB:86 nvMxdizc V:258 H:243 F:34
				84949D 20 08 93    JSR $9308     [849308] A:0008 X:0E68 Y:0A1A S:0122 D:0000 DB:86 nvMxdizc V:258 H:250 F:34

				849308 A5 14       LDA $14       [000014] A:0008 X:0E68 Y:0A1A S:0120 D:0000 DB:86 nvMxdizc V:258 H:260 F:34
				84930A F0 08       BEQ $0008     [849314] A:0000 X:0E68 Y:0A1A S:0120 D:0000 DB:86 nvMxdiZc V:258 H:265 F:34
				849314 60          RTS                    A:0000 X:0E68 Y:0A1A S:0120 D:0000 DB:86 nvMxdiZc V:258 H:269 F:34

				8494A0 A9 01       LDA #$01               A:0000 X:0E68 Y:0A1A S:0122 D:0000 DB:86 nvMxdiZc V:258 H:279 F:34
				8494A2 60          RTS                    A:0001 X:0E68 Y:0A1A S:0122 D:0000 DB:86 nvMxdizc V:258 H:282 F:34

				849211 D0 2C       BNE $002C     [84923F] A:0001 X:0E68 Y:0A1A S:0124 D:0000 DB:86 nvMxdizc V:258 H:292 F:34
				84923F C2 30       REP #$30               A:0001 X:0E68 Y:0A1A S:0124 D:0000 DB:86 nvMxdizc V:258 H:297 F:34
				849241 60          RTS                    A:0001 X:0E68 Y:0A1A S:0124 D:0000 DB:86 nvmxdizc V:258 H:301 F:34

				8491DB 2B          PLD                    A:0001 X:0E68 Y:0A1A S:0126 D:0000 DB:86 nvmxdizc V:258 H:311 F:34
				8491DC 28          PLP                    A:0001 X:0E68 Y:0A1A S:0128 D:0E68 DB:86 nvmxdizc V:258 H:320 F:34
				8491DD 6B          RTL                    A:0001 X:0068 Y:001A S:0129 D:0E68 DB:86 nvMXdiZc V:258 H:326 F:34

			83B517 A5 2B       LDA $2B       [000E93] A:0001 X:0068 Y:001A S:012C D:0E68 DB:86 nvMXdiZc V:258 H:336 F:34
			83B519 D0 01       BNE $0001     [83B51C] A:0008 X:0068 Y:001A S:012C D:0E68 DB:86 nvMXdizc V:259 H:  2 F:34		Branch because E-Contact <> #$00
			83B51C 89 04       BIT #$04               A:0008 X:0068 Y:001A S:012C D:0E68 DB:86 nvMXdizc V:259 H:  7 F:34
			83B51E F0 28       BEQ $0028     [83B548] A:0008 X:0068 Y:001A S:012C D:0E68 DB:86 nvMXdiZc V:259 H: 10 F:34		Branch because E-Contact bit 08 (Down) is not set
			83B548 A9 48       LDA #$48               A:0008 X:0068 Y:001A S:012C D:0E68 DB:86 nvMXdiZc V:259 H: 14 F:34
			83B54A 22 A2 88 80 JSL $8088A2   [8088A2] A:0048 X:0068 Y:001A S:012C D:0E68 DB:86 nvMXdizc V:259 H: 17 F:34		JSL $8088A2 --> Play Sound Effect (A = Sound Effect ID)

				8088A2 DA          PHX                    A:0048 X:0068 Y:001A S:0129 D:0E68 DB:86 nvMXdizc V:259 H: 31 F:34
				8088A3 5A          PHY                    A:0048 X:0068 Y:001A S:0128 D:0E68 DB:86 nvMXdizc V:259 H: 36 F:34
				8088A4 08          PHP                    A:0048 X:0068 Y:001A S:0127 D:0E68 DB:86 nvMXdizc V:259 H: 41 F:34
				8088A5 C2 20       REP #$20               A:0048 X:0068 Y:001A S:0126 D:0E68 DB:86 nvMXdizc V:259 H: 46 F:34
				8088A7 E2 10       SEP #$10               A:0048 X:0068 Y:001A S:0126 D:0E68 DB:86 nvmXdizc V:259 H: 50 F:34
				8088A9 48          PHA                    A:0048 X:0068 Y:001A S:0126 D:0E68 DB:86 nvmXdizc V:259 H: 55 F:34
				8088AA A5 05       LDA $05       [000E6D] A:0048 X:0068 Y:001A S:0124 D:0E68 DB:86 nvmXdizc V:259 H: 62 F:34
				8088AC 38          SEC                    A:14A2 X:0068 Y:001A S:0124 D:0E68 DB:86 nvmXdizc V:259 H: 70 F:34
				8088AD ED AD 0B    SBC $0BAD     [860BAD] A:14A2 X:0068 Y:001A S:0124 D:0E68 DB:86 nvmXdizC V:259 H: 73 F:34
				8088B0 10 0E       BPL $000E     [8088C0] A:008B X:0068 Y:001A S:0124 D:0E68 DB:86 nvmXdizC V:259 H: 82 F:34
				8088C0 4A          LSR A                  A:008B X:0068 Y:001A S:0124 D:0E68 DB:86 nvmXdizC V:259 H: 86 F:34
				8088C1 C9 7F 00    CMP #$007F             A:0045 X:0068 Y:001A S:0124 D:0E68 DB:86 nvmXdizC V:259 H: 89 F:34
				8088C4 30 03       BMI $0003     [8088C9] A:0045 X:0068 Y:001A S:0124 D:0E68 DB:86 NvmXdizc V:259 H: 94 F:34
				8088C9 A8          TAY                    A:0045 X:0068 Y:001A S:0124 D:0E68 DB:86 NvmXdizc V:259 H: 98 F:34
				8088CA 68          PLA                    A:0045 X:0068 Y:0045 S:0124 D:0E68 DB:86 nvmXdizc V:259 H:101 F:34
				8088CB 80 07       BRA $0007     [8088D4] A:0048 X:0068 Y:0045 S:0126 D:0E68 DB:86 nvmXdizc V:259 H:110 F:34
				8088D4 E2 31       SEP #$31               A:0048 X:0068 Y:0045 S:0126 D:0E68 DB:86 nvmXdizc V:259 H:114 F:34
				8088D6 AE A3 0B    LDX $0BA3     [860BA3] A:0048 X:0068 Y:0045 S:0126 D:0E68 DB:86 nvMXdizC V:259 H:119 F:34
				8088D9 9D 72 0B    STA $0B72,X   [860B78] A:0048 X:0006 Y:0045 S:0126 D:0E68 DB:86 nvMXdizC V:259 H:125 F:34
				8088DC 98          TYA                    A:0048 X:0006 Y:0045 S:0126 D:0E68 DB:86 nvMXdizC V:259 H:133 F:34
				8088DD 9D 73 0B    STA $0B73,X   [860B79] A:0045 X:0006 Y:0045 S:0126 D:0E68 DB:86 nvMXdizC V:259 H:146 F:34
				8088E0 E8          INX                    A:0045 X:0006 Y:0045 S:0126 D:0E68 DB:86 nvMXdizC V:259 H:154 F:34
				8088E1 E8          INX                    A:0045 X:0007 Y:0045 S:0126 D:0E68 DB:86 nvMXdizC V:259 H:157 F:34
				8088E2 8A          TXA                    A:0045 X:0008 Y:0045 S:0126 D:0E68 DB:86 nvMXdizC V:259 H:160 F:34
				8088E3 29 1E       AND #$1E               A:0008 X:0008 Y:0045 S:0126 D:0E68 DB:86 nvMXdizC V:259 H:163 F:34
				8088E5 8D A3 0B    STA $0BA3     [860BA3] A:0008 X:0008 Y:0045 S:0126 D:0E68 DB:86 nvMXdizC V:259 H:166 F:34
				8088E8 28          PLP                    A:0008 X:0008 Y:0045 S:0126 D:0E68 DB:86 nvMXdizC V:259 H:173 F:34
				8088E9 7A          PLY                    A:0008 X:0008 Y:0045 S:0127 D:0E68 DB:86 nvMXdizc V:259 H:179 F:34
				8088EA FA          PLX                    A:0008 X:0008 Y:001A S:0128 D:0E68 DB:86 nvMXdizc V:259 H:186 F:34
				8088EB 6B          RTL                    A:0008 X:0068 Y:001A S:0129 D:0E68 DB:86 nvMXdizc V:259 H:192 F:34

			83B54E A5 2B       LDA $2B       [000E93] A:0008 X:0068 Y:001A S:012C D:0E68 DB:86 nvMXdizc V:259 H:203 F:34
			83B550 89 0C       BIT #$0C               A:0008 X:0068 Y:001A S:012C D:0E68 DB:86 nvMXdizc V:259 H:209 F:34
			83B552 C2 20       REP #$20               A:0008 X:0068 Y:001A S:012C D:0E68 DB:86 nvMXdizc V:259 H:212 F:34
			83B554 F0 2B       BEQ $002B     [83B581] A:0008 X:0068 Y:001A S:012C D:0E68 DB:86 nvmXdizc V:259 H:217 F:34		Branch if E-Contact bit 0C (Up-Down) = #$00 (If Contact is Horizontal)
			83B556 4A          LSR A                  A:0008 X:0068 Y:001A S:012C D:0E68 DB:86 nvmXdizc V:259 H:220 F:34		|A/8
			83B557 4A          LSR A                  A:0004 X:0068 Y:001A S:012C D:0E68 DB:86 nvmXdizc V:259 H:223 F:34		|
			83B558 4A          LSR A                  A:0002 X:0068 Y:001A S:012C D:0E68 DB:86 nvmXdizc V:259 H:226 F:34		|
			83B559 A9 10 00    LDA #$0010             A:0001 X:0068 Y:001A S:012C D:0E68 DB:86 nvmXdizc V:259 H:229 F:34		A = #$0010
			83B55C B0 03       BCS $0003     [83B561] A:0010 X:0068 Y:001A S:012C D:0E68 DB:86 nvmXdizc V:259 H:233 F:34		Branch because contact is up (A/8 = 01)
			83B55E A9 F0 FF    LDA #$FFF0             A:0010 X:0068 Y:001A S:012C D:0E68 DB:86 nvmXdizc V:259 H:236 F:34		A = #$FFF0
			83B561 18          CLC                    A:FFF0 X:0068 Y:001A S:012C D:0E68 DB:86 NvmXdizc V:259 H:241 F:34
			83B562 65 08       ADC $08       [000E70] A:FFF0 X:0068 Y:001A S:012C D:0E68 DB:86 NvmXdizc V:259 H:244 F:34		Add E-Y-Pos
			83B564 8D 02 00    STA $0002     [860002] A:0A0D X:0068 Y:001A S:012C D:0E68 DB:86 nvmXdizC V:259 H:252 F:34		$0002 = E-Y-Pos + #$0010 (#$FFF0 if Contact is up)
			83B567 A5 05       LDA $05       [000E6D] A:0A0D X:0068 Y:001A S:012C D:0E68 DB:86 nvmXdizC V:259 H:261 F:34
			83B569 8D 00 00    STA $0000     [860000] A:14A2 X:0068 Y:001A S:012C D:0E68 DB:86 nvmXdizC V:259 H:269 F:34		$0000 = E-X-Pos
			83B56C 20 38 BB    JSR $BB38     [83BB38] A:14A2 X:0068 Y:001A S:012C D:0E68 DB:86 nvmXdizC V:259 H:278 F:34		JSR $83BB38 --> Spawn Debris

				83BB38 08          PHP                    A:14A2 X:0068 Y:001A S:012A D:0E68 DB:86 nvmXdizC V:259 H:288 F:34
				83BB39 E2 30       SEP #$30               A:14A2 X:0068 Y:001A S:0129 D:0E68 DB:86 nvmXdizC V:259 H:293 F:34
				83BB3B A9 03       LDA #$03               A:14A2 X:0068 Y:001A S:0129 D:0E68 DB:86 nvMXdizC V:259 H:297 F:34
				83BB3D 85 3D       STA $3D       [000EA5] A:1403 X:0068 Y:001A S:0129 D:0E68 DB:86 nvMXdizC V:259 H:300 F:34	E-$3D = #$03
				83BB3F 22 86 90 84 JSL $849086   [849086] A:1403 X:0068 Y:001A S:0129 D:0E68 DB:86 nvMXdizC V:259 H:307 F:34	JSL $849086 --> Load A (2B) with RNG value

					849086 08          PHP                    A:1403 X:0068 Y:001A S:0126 D:0E68 DB:86 nvMXdizC V:259 H:320 F:34
					849087 C2 20       REP #$20               A:1403 X:0068 Y:001A S:0125 D:0E68 DB:86 nvMXdizC V:259 H:325 F:34
					849089 AD A6 0B    LDA $0BA6     [860BA6] A:1403 X:0068 Y:001A S:0125 D:0E68 DB:86 nvmXdizC V:259 H:329 F:34
					84908C 0A          ASL A                  A:B716 X:0068 Y:001A S:0125 D:0E68 DB:86 NvmXdizC V:259 H:337 F:34
					84908D 18          CLC                    A:6E2C X:0068 Y:001A S:0125 D:0E68 DB:86 nvmXdizC V:260 H:  0 F:34
					84908E 6D A6 0B    ADC $0BA6     [860BA6] A:6E2C X:0068 Y:001A S:0125 D:0E68 DB:86 nvmXdizc V:260 H:  3 F:34
					849091 EB          XBA                    A:2542 X:0068 Y:001A S:0125 D:0E68 DB:86 nvmXdizC V:260 H: 12 F:34
					849092 E2 20       SEP #$20               A:4225 X:0068 Y:001A S:0125 D:0E68 DB:86 nvmXdizC V:260 H: 16 F:34
					849094 8D A7 0B    STA $0BA7     [860BA7] A:4225 X:0068 Y:001A S:0125 D:0E68 DB:86 nvMXdizC V:260 H: 21 F:34
					849097 18          CLC                    A:4225 X:0068 Y:001A S:0125 D:0E68 DB:86 nvMXdizC V:260 H: 27 F:34
					849098 6D A6 0B    ADC $0BA6     [860BA6] A:4225 X:0068 Y:001A S:0125 D:0E68 DB:86 nvMXdizc V:260 H: 30 F:34
					84909B 8D A6 0B    STA $0BA6     [860BA6] A:423B X:0068 Y:001A S:0125 D:0E68 DB:86 nvMXdizc V:260 H: 37 F:34
					84909E 28          PLP                    A:423B X:0068 Y:001A S:0125 D:0E68 DB:86 nvMXdizc V:260 H: 43 F:34
					84909F 6B          RTL                    A:423B X:0068 Y:001A S:0126 D:0E68 DB:86 nvMXdizC V:260 H: 50 F:34

				83BB43 29 0F       AND #$0F               A:423B X:0068 Y:001A S:0129 D:0E68 DB:86 nvMXdizC V:260 H: 60 F:34
				83BB45 8D 04 00    STA $0004     [860004] A:420B X:0068 Y:001A S:0129 D:0E68 DB:86 nvMXdizC V:260 H: 63 F:34	$0004 = RNG(00,0F)
				83BB48 22 D3 82 82 JSL $8282D3   [8282D3] A:420B X:0068 Y:001A S:0129 D:0E68 DB:86 nvMXdizC V:260 H: 70 F:34	JSL $8282D3 --> X = First empty OtherData

					8282D3 C2 30       REP #$30               A:420B X:0068 Y:001A S:0126 D:0E68 DB:86 nvMXdizC V:260 H: 83 F:34
					8282D5 A2 28 19    LDX #$1928             A:420B X:0068 Y:001A S:0126 D:0E68 DB:86 nvmxdizC V:260 H: 88 F:34
					8282D8 BD 00 00    LDA $0000,X   [861928] A:420B X:1928 Y:001A S:0126 D:0E68 DB:86 nvmxdizC V:260 H: 92 F:34
					8282DB F0 5E       BEQ $005E     [82833B] A:0101 X:1928 Y:001A S:0126 D:0E68 DB:86 nvmxdizC V:260 H:102 F:34
					8282DD 8A          TXA                    A:0101 X:1928 Y:001A S:0126 D:0E68 DB:86 nvmxdizC V:260 H:105 F:34
					8282DE 18          CLC                    A:1928 X:1928 Y:001A S:0126 D:0E68 DB:86 nvmxdizC V:260 H:108 F:34
					8282DF 69 20 00    ADC #$0020             A:1928 X:1928 Y:001A S:0126 D:0E68 DB:86 nvmxdizc V:260 H:111 F:34
					8282E2 AA          TAX                    A:1948 X:1928 Y:001A S:0126 D:0E68 DB:86 nvmxdizc V:260 H:116 F:34
					8282E3 E0 08 1D    CPX #$1D08             A:1948 X:1948 Y:001A S:0126 D:0E68 DB:86 nvmxdizc V:260 H:119 F:34
					8282E6 90 F0       BCC $00F0     [8282D8] A:1948 X:1948 Y:001A S:0126 D:0E68 DB:86 Nvmxdizc V:260 H:123 F:34
					8282D8 BD 00 00    LDA $0000,X   [861948] A:1948 X:1948 Y:001A S:0126 D:0E68 DB:86 Nvmxdizc V:260 H:128 F:34
					8282DB F0 5E       BEQ $005E     [82833B] A:0101 X:1948 Y:001A S:0126 D:0E68 DB:86 nvmxdizc V:260 H:148 F:34
					8282DD 8A          TXA                    A:0101 X:1948 Y:001A S:0126 D:0E68 DB:86 nvmxdizc V:260 H:151 F:34
					8282DE 18          CLC                    A:1948 X:1948 Y:001A S:0126 D:0E68 DB:86 nvmxdizc V:260 H:154 F:34
					8282DF 69 20 00    ADC #$0020             A:1948 X:1948 Y:001A S:0126 D:0E68 DB:86 nvmxdizc V:260 H:157 F:34
					8282E2 AA          TAX                    A:1968 X:1948 Y:001A S:0126 D:0E68 DB:86 nvmxdizc V:260 H:161 F:34
					8282E3 E0 08 1D    CPX #$1D08             A:1968 X:1968 Y:001A S:0126 D:0E68 DB:86 nvmxdizc V:260 H:164 F:34
					8282E6 90 F0       BCC $00F0     [8282D8] A:1968 X:1968 Y:001A S:0126 D:0E68 DB:86 Nvmxdizc V:260 H:169 F:34
					8282D8 BD 00 00    LDA $0000,X   [861968] A:1968 X:1968 Y:001A S:0126 D:0E68 DB:86 Nvmxdizc V:260 H:173 F:34
					8282DB F0 5E       BEQ $005E     [82833B] A:0101 X:1968 Y:001A S:0126 D:0E68 DB:86 nvmxdizc V:260 H:183 F:34
					8282DD 8A          TXA                    A:0101 X:1968 Y:001A S:0126 D:0E68 DB:86 nvmxdizc V:260 H:186 F:34
					8282DE 18          CLC                    A:1968 X:1968 Y:001A S:0126 D:0E68 DB:86 nvmxdizc V:260 H:189 F:34
					8282DF 69 20 00    ADC #$0020             A:1968 X:1968 Y:001A S:0126 D:0E68 DB:86 nvmxdizc V:260 H:192 F:34
					8282E2 AA          TAX                    A:1988 X:1968 Y:001A S:0126 D:0E68 DB:86 nvmxdizc V:260 H:197 F:34
					8282E3 E0 08 1D    CPX #$1D08             A:1988 X:1988 Y:001A S:0126 D:0E68 DB:86 nvmxdizc V:260 H:200 F:34
					8282E6 90 F0       BCC $00F0     [8282D8] A:1988 X:1988 Y:001A S:0126 D:0E68 DB:86 Nvmxdizc V:260 H:204 F:34
					8282D8 BD 00 00    LDA $0000,X   [861988] A:1988 X:1988 Y:001A S:0126 D:0E68 DB:86 Nvmxdizc V:260 H:209 F:34
					8282DB F0 5E       BEQ $005E     [82833B] A:0101 X:1988 Y:001A S:0126 D:0E68 DB:86 nvmxdizc V:260 H:219 F:34
					8282DD 8A          TXA                    A:0101 X:1988 Y:001A S:0126 D:0E68 DB:86 nvmxdizc V:260 H:222 F:34
					8282DE 18          CLC                    A:1988 X:1988 Y:001A S:0126 D:0E68 DB:86 nvmxdizc V:260 H:225 F:34
					8282DF 69 20 00    ADC #$0020             A:1988 X:1988 Y:001A S:0126 D:0E68 DB:86 nvmxdizc V:260 H:228 F:34
					8282E2 AA          TAX                    A:19A8 X:1988 Y:001A S:0126 D:0E68 DB:86 nvmxdizc V:260 H:232 F:34
					8282E3 E0 08 1D    CPX #$1D08             A:19A8 X:19A8 Y:001A S:0126 D:0E68 DB:86 nvmxdizc V:260 H:235 F:34
					8282E6 90 F0       BCC $00F0     [8282D8] A:19A8 X:19A8 Y:001A S:0126 D:0E68 DB:86 Nvmxdizc V:260 H:240 F:34
					8282D8 BD 00 00    LDA $0000,X   [8619A8] A:19A8 X:19A8 Y:001A S:0126 D:0E68 DB:86 Nvmxdizc V:260 H:244 F:34
					8282DB F0 5E       BEQ $005E     [82833B] A:0000 X:19A8 Y:001A S:0126 D:0E68 DB:86 nvmxdiZc V:260 H:254 F:34
					82833B E2 22       SEP #$22               A:0000 X:19A8 Y:001A S:0126 D:0E68 DB:86 nvmxdiZc V:260 H:259 F:34
					82833D 6B          RTL                    A:0000 X:19A8 Y:001A S:0126 D:0E68 DB:86 nvMxdiZc V:260 H:263 F:34

				83BB4C F0 02       BEQ $0002     [83BB50] A:0000 X:19A8 Y:001A S:0129 D:0E68 DB:86 nvMxdiZc V:260 H:274 F:34
				83BB50 FE 00 00    INC $0000,X   [8619A8] A:0000 X:19A8 Y:001A S:0129 D:0E68 DB:86 nvMxdiZc V:260 H:278 F:34
				83BB53 A9 2B       LDA #$2B               A:0000 X:19A8 Y:001A S:0129 D:0E68 DB:86 nvMxdizc V:260 H:290 F:34
				83BB55 9D 0A 00    STA $000A,X   [8619B2] A:002B X:19A8 Y:001A S:0129 D:0E68 DB:86 nvMxdizc V:260 H:293 F:34
				83BB58 A9 00       LDA #$00               A:002B X:19A8 Y:001A S:0129 D:0E68 DB:86 nvMxdizc V:260 H:301 F:34
				83BB5A EB          XBA                    A:0000 X:19A8 Y:001A S:0129 D:0E68 DB:86 nvMxdiZc V:260 H:304 F:34
				83BB5B AD 04 00    LDA $0004     [860004] A:0000 X:19A8 Y:001A S:0129 D:0E68 DB:86 nvMxdiZc V:260 H:308 F:34
				83BB5E 18          CLC                    A:000B X:19A8 Y:001A S:0129 D:0E68 DB:86 nvMxdizc V:260 H:315 F:34
				83BB5F 65 3D       ADC $3D       [000EA5] A:000B X:19A8 Y:001A S:0129 D:0E68 DB:86 nvMxdizc V:260 H:318 F:34
				83BB61 A8          TAY                    A:000E X:19A8 Y:001A S:0129 D:0E68 DB:86 nvMxdizc V:260 H:324 F:34
				83BB62 B9 D8 C9    LDA $C9D8,Y   [86C9E6] A:000E X:19A8 Y:000E S:0129 D:0E68 DB:86 nvMxdizc V:260 H:327 F:34
				83BB65 9D 0B 00    STA $000B,X   [8619B3] A:0026 X:19A8 Y:000E S:0129 D:0E68 DB:86 nvMxdizc V:260 H:334 F:34
				83BB68 C2 20       REP #$20               A:0026 X:19A8 Y:000E S:0129 D:0E68 DB:86 nvMxdizc V:261 H:  2 F:34
				83BB6A 9E 0C 00    STZ $000C,X   [8619B4] A:0026 X:19A8 Y:000E S:0129 D:0E68 DB:86 nvmxdizc V:261 H:  6 F:34
				83BB6D 22 86 90 84 JSL $849086   [849086] A:0026 X:19A8 Y:000E S:0129 D:0E68 DB:86 nvmxdizc V:261 H: 16 F:34

					849086 08          PHP                    A:0026 X:19A8 Y:000E S:0126 D:0E68 DB:86 nvmxdizc V:261 H: 30 F:34
					849087 C2 20       REP #$20               A:0026 X:19A8 Y:000E S:0125 D:0E68 DB:86 nvmxdizc V:261 H: 35 F:34
					849089 AD A6 0B    LDA $0BA6     [860BA6] A:0026 X:19A8 Y:000E S:0125 D:0E68 DB:86 nvmxdizc V:261 H: 39 F:34
					84908C 0A          ASL A                  A:253B X:19A8 Y:000E S:0125 D:0E68 DB:86 nvmxdizc V:261 H: 48 F:34
					84908D 18          CLC                    A:4A76 X:19A8 Y:000E S:0125 D:0E68 DB:86 nvmxdizc V:261 H: 51 F:34
					84908E 6D A6 0B    ADC $0BA6     [860BA6] A:4A76 X:19A8 Y:000E S:0125 D:0E68 DB:86 nvmxdizc V:261 H: 54 F:34
					849091 EB          XBA                    A:6FB1 X:19A8 Y:000E S:0125 D:0E68 DB:86 nvmxdizc V:261 H: 62 F:34
					849092 E2 20       SEP #$20               A:B16F X:19A8 Y:000E S:0125 D:0E68 DB:86 nvmxdizc V:261 H: 67 F:34
					849094 8D A7 0B    STA $0BA7     [860BA7] A:B16F X:19A8 Y:000E S:0125 D:0E68 DB:86 nvMxdizc V:261 H: 71 F:34
					849097 18          CLC                    A:B16F X:19A8 Y:000E S:0125 D:0E68 DB:86 nvMxdizc V:261 H: 78 F:34
					849098 6D A6 0B    ADC $0BA6     [860BA6] A:B16F X:19A8 Y:000E S:0125 D:0E68 DB:86 nvMxdizc V:261 H: 81 F:34
					84909B 8D A6 0B    STA $0BA6     [860BA6] A:B1AA X:19A8 Y:000E S:0125 D:0E68 DB:86 NVMxdizc V:261 H: 87 F:34
					84909E 28          PLP                    A:B1AA X:19A8 Y:000E S:0125 D:0E68 DB:86 NVMxdizc V:261 H: 94 F:34
					84909F 6B          RTL                    A:B1AA X:19A8 Y:000E S:0126 D:0E68 DB:86 nvmxdizc V:261 H:100 F:34

				83BB71 29 0F 00    AND #$000F             A:B1AA X:19A8 Y:000E S:0129 D:0E68 DB:86 nvmxdizc V:261 H:111 F:34
				83BB74 0A          ASL A                  A:000A X:19A8 Y:000E S:0129 D:0E68 DB:86 nvmxdizc V:261 H:115 F:34
				83BB75 A8          TAY                    A:0014 X:19A8 Y:000E S:0129 D:0E68 DB:86 nvmxdizc V:261 H:118 F:34
				83BB76 A5 3D       LDA $3D       [000EA5] A:0014 X:19A8 Y:0014 S:0129 D:0E68 DB:86 nvmxdizc V:261 H:121 F:34
				83BB78 4A          LSR A                  A:0003 X:19A8 Y:0014 S:0129 D:0E68 DB:86 nvmxdizc V:261 H:130 F:34
				83BB79 B9 EB C9    LDA $C9EB,Y   [86C9FF] A:0001 X:19A8 Y:0014 S:0129 D:0E68 DB:86 nvmxdizC V:261 H:133 F:34
				83BB7C 90 04       BCC $0004     [83BB82] A:018C X:19A8 Y:0014 S:0129 D:0E68 DB:86 nvmxdizC V:261 H:152 F:34
				83BB7E 49 FF FF    EOR #$FFFF             A:018C X:19A8 Y:0014 S:0129 D:0E68 DB:86 nvmxdizC V:261 H:155 F:34
				83BB81 1A          INC                    A:FE73 X:19A8 Y:0014 S:0129 D:0E68 DB:86 NvmxdizC V:261 H:159 F:34
				83BB82 9D 1A 00    STA $001A,X   [8619C2] A:FE74 X:19A8 Y:0014 S:0129 D:0E68 DB:86 NvmxdizC V:261 H:162 F:34
				83BB85 22 86 90 84 JSL $849086   [849086] A:FE74 X:19A8 Y:0014 S:0129 D:0E68 DB:86 NvmxdizC V:261 H:172 F:34

					849086 08          PHP                    A:FE74 X:19A8 Y:0014 S:0126 D:0E68 DB:86 NvmxdizC V:261 H:186 F:34
					849087 C2 20       REP #$20               A:FE74 X:19A8 Y:0014 S:0125 D:0E68 DB:86 NvmxdizC V:261 H:191 F:34
					849089 AD A6 0B    LDA $0BA6     [860BA6] A:FE74 X:19A8 Y:0014 S:0125 D:0E68 DB:86 NvmxdizC V:261 H:195 F:34
					84908C 0A          ASL A                  A:6FAA X:19A8 Y:0014 S:0125 D:0E68 DB:86 nvmxdizC V:261 H:204 F:34
					84908D 18          CLC                    A:DF54 X:19A8 Y:0014 S:0125 D:0E68 DB:86 Nvmxdizc V:261 H:207 F:34
					84908E 6D A6 0B    ADC $0BA6     [860BA6] A:DF54 X:19A8 Y:0014 S:0125 D:0E68 DB:86 Nvmxdizc V:261 H:210 F:34
					849091 EB          XBA                    A:4EFE X:19A8 Y:0014 S:0125 D:0E68 DB:86 nvmxdizC V:261 H:218 F:34
					849092 E2 20       SEP #$20               A:FE4E X:19A8 Y:0014 S:0125 D:0E68 DB:86 nvmxdizC V:261 H:223 F:34
					849094 8D A7 0B    STA $0BA7     [860BA7] A:FE4E X:19A8 Y:0014 S:0125 D:0E68 DB:86 nvMxdizC V:261 H:227 F:34
					849097 18          CLC                    A:FE4E X:19A8 Y:0014 S:0125 D:0E68 DB:86 nvMxdizC V:261 H:234 F:34
					849098 6D A6 0B    ADC $0BA6     [860BA6] A:FE4E X:19A8 Y:0014 S:0125 D:0E68 DB:86 nvMxdizc V:261 H:237 F:34
					84909B 8D A6 0B    STA $0BA6     [860BA6] A:FEF8 X:19A8 Y:0014 S:0125 D:0E68 DB:86 NvMxdizc V:261 H:243 F:34
					84909E 28          PLP                    A:FEF8 X:19A8 Y:0014 S:0125 D:0E68 DB:86 NvMxdizc V:261 H:250 F:34
					84909F 6B          RTL                    A:FEF8 X:19A8 Y:0014 S:0126 D:0E68 DB:86 NvmxdizC V:261 H:256 F:34

				83BB89 29 0F 00    AND #$000F             A:FEF8 X:19A8 Y:0014 S:0129 D:0E68 DB:86 NvmxdizC V:261 H:267 F:34
				83BB8C 0A          ASL A                  A:0008 X:19A8 Y:0014 S:0129 D:0E68 DB:86 nvmxdizC V:261 H:271 F:34
				83BB8D A8          TAY                    A:0010 X:19A8 Y:0014 S:0129 D:0E68 DB:86 nvmxdizc V:261 H:274 F:34
				83BB8E B9 0B CA    LDA $CA0B,Y   [86CA1B] A:0010 X:19A8 Y:0010 S:0129 D:0E68 DB:86 nvmxdizc V:261 H:277 F:34
				83BB91 9D 1C 00    STA $001C,X   [8619C4] A:0376 X:19A8 Y:0010 S:0129 D:0E68 DB:86 nvmxdizc V:261 H:286 F:34
				83BB94 AD 00 00    LDA $0000     [860000] A:0376 X:19A8 Y:0010 S:0129 D:0E68 DB:86 nvmxdizc V:261 H:296 F:34
				83BB97 9D 05 00    STA $0005,X   [8619AD] A:14A2 X:19A8 Y:0010 S:0129 D:0E68 DB:86 nvmxdizc V:261 H:305 F:34
				83BB9A AD 02 00    LDA $0002     [860002] A:14A2 X:19A8 Y:0010 S:0129 D:0E68 DB:86 nvmxdizc V:261 H:315 F:34
				83BB9D 9D 08 00    STA $0008,X   [8619B0] A:0A0D X:19A8 Y:0010 S:0129 D:0E68 DB:86 nvmxdizc V:261 H:323 F:34
				83BBA0 E2 20       SEP #$20               A:0A0D X:19A8 Y:0010 S:0129 D:0E68 DB:86 nvmxdizc V:261 H:332 F:34
				83BBA2 A9 40       LDA #$40               A:0A0D X:19A8 Y:0010 S:0129 D:0E68 DB:86 nvMxdizc V:261 H:337 F:34
				83BBA4 9D 1E 00    STA $001E,X   [8619C6] A:0A40 X:19A8 Y:0010 S:0129 D:0E68 DB:86 nvMxdizc V:  0 H:  0 F:35
				83BBA7 9E 1F 00    STZ $001F,X   [8619C7] A:0A40 X:19A8 Y:0010 S:0129 D:0E68 DB:86 nvMxdizc V:  0 H:  8 F:35
				83BBAA C6 3D       DEC $3D       [000EA5] A:0A40 X:19A8 Y:0010 S:0129 D:0E68 DB:86 nvMxdizc V:  0 H: 16 F:35
				83BBAC 10 9A       BPL $009A     [83BB48] A:0A40 X:19A8 Y:0010 S:0129 D:0E68 DB:86 nvMxdizc V:  0 H: 26 F:35
				83BB48 22 D3 82 82 JSL $8282D3   [8282D3] A:0A40 X:19A8 Y:0010 S:0129 D:0E68 DB:86 nvMxdizc V:  0 H: 30 F:35

					8282D3 C2 30       REP #$30               A:0A40 X:19A8 Y:0010 S:0126 D:0E68 DB:86 nvMxdizc V:  0 H: 44 F:35
					8282D5 A2 28 19    LDX #$1928             A:0A40 X:19A8 Y:0010 S:0126 D:0E68 DB:86 nvmxdizc V:  0 H: 48 F:35
					8282D8 BD 00 00    LDA $0000,X   [861928] A:0A40 X:1928 Y:0010 S:0126 D:0E68 DB:86 nvmxdizc V:  0 H: 53 F:35
					8282DB F0 5E       BEQ $005E     [82833B] A:0101 X:1928 Y:0010 S:0126 D:0E68 DB:86 nvmxdizc V:  0 H: 63 F:35
					8282DD 8A          TXA                    A:0101 X:1928 Y:0010 S:0126 D:0E68 DB:86 nvmxdizc V:  0 H: 66 F:35
					8282DE 18          CLC                    A:1928 X:1928 Y:0010 S:0126 D:0E68 DB:86 nvmxdizc V:  0 H: 69 F:35
					8282DF 69 20 00    ADC #$0020             A:1928 X:1928 Y:0010 S:0126 D:0E68 DB:86 nvmxdizc V:  0 H: 72 F:35
					8282E2 AA          TAX                    A:1948 X:1928 Y:0010 S:0126 D:0E68 DB:86 nvmxdizc V:  0 H: 76 F:35
					8282E3 E0 08 1D    CPX #$1D08             A:1948 X:1948 Y:0010 S:0126 D:0E68 DB:86 nvmxdizc V:  0 H: 79 F:35
					8282E6 90 F0       BCC $00F0     [8282D8] A:1948 X:1948 Y:0010 S:0126 D:0E68 DB:86 Nvmxdizc V:  0 H: 84 F:35
					8282D8 BD 00 00    LDA $0000,X   [861948] A:1948 X:1948 Y:0010 S:0126 D:0E68 DB:86 Nvmxdizc V:  0 H: 88 F:35
					8282DB F0 5E       BEQ $005E     [82833B] A:0101 X:1948 Y:0010 S:0126 D:0E68 DB:86 nvmxdizc V:  0 H: 98 F:35
					8282DD 8A          TXA                    A:0101 X:1948 Y:0010 S:0126 D:0E68 DB:86 nvmxdizc V:  0 H:101 F:35
					8282DE 18          CLC                    A:1948 X:1948 Y:0010 S:0126 D:0E68 DB:86 nvmxdizc V:  0 H:104 F:35
					8282DF 69 20 00    ADC #$0020             A:1948 X:1948 Y:0010 S:0126 D:0E68 DB:86 nvmxdizc V:  0 H:107 F:35
					8282E2 AA          TAX                    A:1968 X:1948 Y:0010 S:0126 D:0E68 DB:86 nvmxdizc V:  0 H:112 F:35
					8282E3 E0 08 1D    CPX #$1D08             A:1968 X:1968 Y:0010 S:0126 D:0E68 DB:86 nvmxdizc V:  0 H:115 F:35
					8282E6 90 F0       BCC $00F0     [8282D8] A:1968 X:1968 Y:0010 S:0126 D:0E68 DB:86 Nvmxdizc V:  0 H:119 F:35
					8282D8 BD 00 00    LDA $0000,X   [861968] A:1968 X:1968 Y:0010 S:0126 D:0E68 DB:86 Nvmxdizc V:  0 H:124 F:35
					8282DB F0 5E       BEQ $005E     [82833B] A:0101 X:1968 Y:0010 S:0126 D:0E68 DB:86 nvmxdizc V:  0 H:144 F:35
					8282DD 8A          TXA                    A:0101 X:1968 Y:0010 S:0126 D:0E68 DB:86 nvmxdizc V:  0 H:147 F:35
					8282DE 18          CLC                    A:1968 X:1968 Y:0010 S:0126 D:0E68 DB:86 nvmxdizc V:  0 H:150 F:35
					8282DF 69 20 00    ADC #$0020             A:1968 X:1968 Y:0010 S:0126 D:0E68 DB:86 nvmxdizc V:  0 H:153 F:35
					8282E2 AA          TAX                    A:1988 X:1968 Y:0010 S:0126 D:0E68 DB:86 nvmxdizc V:  0 H:157 F:35
					8282E3 E0 08 1D    CPX #$1D08             A:1988 X:1988 Y:0010 S:0126 D:0E68 DB:86 nvmxdizc V:  0 H:160 F:35
					8282E6 90 F0       BCC $00F0     [8282D8] A:1988 X:1988 Y:0010 S:0126 D:0E68 DB:86 Nvmxdizc V:  0 H:165 F:35
					8282D8 BD 00 00    LDA $0000,X   [861988] A:1988 X:1988 Y:0010 S:0126 D:0E68 DB:86 Nvmxdizc V:  0 H:169 F:35
					8282DB F0 5E       BEQ $005E     [82833B] A:0101 X:1988 Y:0010 S:0126 D:0E68 DB:86 nvmxdizc V:  0 H:179 F:35
					8282DD 8A          TXA                    A:0101 X:1988 Y:0010 S:0126 D:0E68 DB:86 nvmxdizc V:  0 H:182 F:35
					8282DE 18          CLC                    A:1988 X:1988 Y:0010 S:0126 D:0E68 DB:86 nvmxdizc V:  0 H:185 F:35
					8282DF 69 20 00    ADC #$0020             A:1988 X:1988 Y:0010 S:0126 D:0E68 DB:86 nvmxdizc V:  0 H:188 F:35
					8282E2 AA          TAX                    A:19A8 X:1988 Y:0010 S:0126 D:0E68 DB:86 nvmxdizc V:  0 H:193 F:35
					8282E3 E0 08 1D    CPX #$1D08             A:19A8 X:19A8 Y:0010 S:0126 D:0E68 DB:86 nvmxdizc V:  0 H:196 F:35
					8282E6 90 F0       BCC $00F0     [8282D8] A:19A8 X:19A8 Y:0010 S:0126 D:0E68 DB:86 Nvmxdizc V:  0 H:200 F:35
					8282D8 BD 00 00    LDA $0000,X   [8619A8] A:19A8 X:19A8 Y:0010 S:0126 D:0E68 DB:86 Nvmxdizc V:  0 H:205 F:35
					8282DB F0 5E       BEQ $005E     [82833B] A:0001 X:19A8 Y:0010 S:0126 D:0E68 DB:86 nvmxdizc V:  0 H:215 F:35
					8282DD 8A          TXA                    A:0001 X:19A8 Y:0010 S:0126 D:0E68 DB:86 nvmxdizc V:  0 H:218 F:35
					8282DE 18          CLC                    A:19A8 X:19A8 Y:0010 S:0126 D:0E68 DB:86 nvmxdizc V:  0 H:221 F:35
					8282DF 69 20 00    ADC #$0020             A:19A8 X:19A8 Y:0010 S:0126 D:0E68 DB:86 nvmxdizc V:  0 H:224 F:35
					8282E2 AA          TAX                    A:19C8 X:19A8 Y:0010 S:0126 D:0E68 DB:86 nvmxdizc V:  0 H:228 F:35
					8282E3 E0 08 1D    CPX #$1D08             A:19C8 X:19C8 Y:0010 S:0126 D:0E68 DB:86 nvmxdizc V:  0 H:231 F:35
					8282E6 90 F0       BCC $00F0     [8282D8] A:19C8 X:19C8 Y:0010 S:0126 D:0E68 DB:86 Nvmxdizc V:  0 H:236 F:35
					8282D8 BD 00 00    LDA $0000,X   [8619C8] A:19C8 X:19C8 Y:0010 S:0126 D:0E68 DB:86 Nvmxdizc V:  0 H:240 F:35
					8282DB F0 5E       BEQ $005E     [82833B] A:0000 X:19C8 Y:0010 S:0126 D:0E68 DB:86 nvmxdiZc V:  0 H:250 F:35
					82833B E2 22       SEP #$22               A:0000 X:19C8 Y:0010 S:0126 D:0E68 DB:86 nvmxdiZc V:  0 H:255 F:35
					82833D 6B          RTL                    A:0000 X:19C8 Y:0010 S:0126 D:0E68 DB:86 nvMxdiZc V:  0 H:259 F:35

				83BB4C F0 02       BEQ $0002     [83BB50] A:0000 X:19C8 Y:0010 S:0129 D:0E68 DB:86 nvMxdiZc V:  0 H:270 F:35
				83BB50 FE 00 00    INC $0000,X   [8619C8] A:0000 X:19C8 Y:0010 S:0129 D:0E68 DB:86 nvMxdiZc V:  0 H:274 F:35
				83BB53 A9 2B       LDA #$2B               A:0000 X:19C8 Y:0010 S:0129 D:0E68 DB:86 nvMxdizc V:  0 H:286 F:35
				83BB55 9D 0A 00    STA $000A,X   [8619D2] A:002B X:19C8 Y:0010 S:0129 D:0E68 DB:86 nvMxdizc V:  0 H:289 F:35
				83BB58 A9 00       LDA #$00               A:002B X:19C8 Y:0010 S:0129 D:0E68 DB:86 nvMxdizc V:  0 H:297 F:35
				83BB5A EB          XBA                    A:0000 X:19C8 Y:0010 S:0129 D:0E68 DB:86 nvMxdiZc V:  0 H:300 F:35
				83BB5B AD 04 00    LDA $0004     [860004] A:0000 X:19C8 Y:0010 S:0129 D:0E68 DB:86 nvMxdiZc V:  0 H:304 F:35
				83BB5E 18          CLC                    A:000B X:19C8 Y:0010 S:0129 D:0E68 DB:86 nvMxdizc V:  0 H:311 F:35
				83BB5F 65 3D       ADC $3D       [000EA5] A:000B X:19C8 Y:0010 S:0129 D:0E68 DB:86 nvMxdizc V:  0 H:314 F:35
				83BB61 A8          TAY                    A:000D X:19C8 Y:0010 S:0129 D:0E68 DB:86 nvMxdizc V:  0 H:320 F:35
				83BB62 B9 D8 C9    LDA $C9D8,Y   [86C9E5] A:000D X:19C8 Y:000D S:0129 D:0E68 DB:86 nvMxdizc V:  0 H:323 F:35
				83BB65 9D 0B 00    STA $000B,X   [8619D3] A:0025 X:19C8 Y:000D S:0129 D:0E68 DB:86 nvMxdizc V:  0 H:330 F:35
				83BB68 C2 20       REP #$20               A:0025 X:19C8 Y:000D S:0129 D:0E68 DB:86 nvMxdizc V:  0 H:338 F:35
				83BB6A 9E 0C 00    STZ $000C,X   [8619D4] A:0025 X:19C8 Y:000D S:0129 D:0E68 DB:86 nvmxdizc V:  1 H:  2 F:35
				83BB6D 22 86 90 84 JSL $849086   [849086] A:0025 X:19C8 Y:000D S:0129 D:0E68 DB:86 nvmxdizc V:  1 H: 12 F:35

					849086 08          PHP                    A:0025 X:19C8 Y:000D S:0126 D:0E68 DB:86 nvmxdizc V:  1 H: 26 F:35
					849087 C2 20       REP #$20               A:0025 X:19C8 Y:000D S:0125 D:0E68 DB:86 nvmxdizc V:  1 H: 31 F:35
					849089 AD A6 0B    LDA $0BA6     [860BA6] A:0025 X:19C8 Y:000D S:0125 D:0E68 DB:86 nvmxdizc V:  1 H: 35 F:35
					84908C 0A          ASL A                  A:4EF8 X:19C8 Y:000D S:0125 D:0E68 DB:86 nvmxdizc V:  1 H: 44 F:35
					84908D 18          CLC                    A:9DF0 X:19C8 Y:000D S:0125 D:0E68 DB:86 Nvmxdizc V:  1 H: 47 F:35
					84908E 6D A6 0B    ADC $0BA6     [860BA6] A:9DF0 X:19C8 Y:000D S:0125 D:0E68 DB:86 Nvmxdizc V:  1 H: 50 F:35
					849091 EB          XBA                    A:ECE8 X:19C8 Y:000D S:0125 D:0E68 DB:86 Nvmxdizc V:  1 H: 58 F:35
					849092 E2 20       SEP #$20               A:E8EC X:19C8 Y:000D S:0125 D:0E68 DB:86 Nvmxdizc V:  1 H: 63 F:35
					849094 8D A7 0B    STA $0BA7     [860BA7] A:E8EC X:19C8 Y:000D S:0125 D:0E68 DB:86 NvMxdizc V:  1 H: 67 F:35
					849097 18          CLC                    A:E8EC X:19C8 Y:000D S:0125 D:0E68 DB:86 NvMxdizc V:  1 H: 74 F:35
					849098 6D A6 0B    ADC $0BA6     [860BA6] A:E8EC X:19C8 Y:000D S:0125 D:0E68 DB:86 NvMxdizc V:  1 H: 77 F:35
					84909B 8D A6 0B    STA $0BA6     [860BA6] A:E8E4 X:19C8 Y:000D S:0125 D:0E68 DB:86 NvMxdizC V:  1 H: 83 F:35
					84909E 28          PLP                    A:E8E4 X:19C8 Y:000D S:0125 D:0E68 DB:86 NvMxdizC V:  1 H: 90 F:35
					84909F 6B          RTL                    A:E8E4 X:19C8 Y:000D S:0126 D:0E68 DB:86 nvmxdizc V:  1 H: 96 F:35

				83BB71 29 0F 00    AND #$000F             A:E8E4 X:19C8 Y:000D S:0129 D:0E68 DB:86 nvmxdizc V:  1 H:107 F:35
				83BB74 0A          ASL A                  A:0004 X:19C8 Y:000D S:0129 D:0E68 DB:86 nvmxdizc V:  1 H:111 F:35
				83BB75 A8          TAY                    A:0008 X:19C8 Y:000D S:0129 D:0E68 DB:86 nvmxdizc V:  1 H:114 F:35
				83BB76 A5 3D       LDA $3D       [000EA5] A:0008 X:19C8 Y:0008 S:0129 D:0E68 DB:86 nvmxdizc V:  1 H:117 F:35
				83BB78 4A          LSR A                  A:0002 X:19C8 Y:0008 S:0129 D:0E68 DB:86 nvmxdizc V:  1 H:126 F:35
				83BB79 B9 EB C9    LDA $C9EB,Y   [86C9F3] A:0001 X:19C8 Y:0008 S:0129 D:0E68 DB:86 nvmxdizc V:  1 H:129 F:35
				83BB7C 90 04       BCC $0004     [83BB82] A:021F X:19C8 Y:0008 S:0129 D:0E68 DB:86 nvmxdizc V:  1 H:148 F:35
				83BB82 9D 1A 00    STA $001A,X   [8619E2] A:021F X:19C8 Y:0008 S:0129 D:0E68 DB:86 nvmxdizc V:  1 H:152 F:35
				83BB85 22 86 90 84 JSL $849086   [849086] A:021F X:19C8 Y:0008 S:0129 D:0E68 DB:86 nvmxdizc V:  1 H:162 F:35

					849086 08          PHP                    A:021F X:19C8 Y:0008 S:0126 D:0E68 DB:86 nvmxdizc V:  1 H:176 F:35
					849087 C2 20       REP #$20               A:021F X:19C8 Y:0008 S:0125 D:0E68 DB:86 nvmxdizc V:  1 H:181 F:35
					849089 AD A6 0B    LDA $0BA6     [860BA6] A:021F X:19C8 Y:0008 S:0125 D:0E68 DB:86 nvmxdizc V:  1 H:185 F:35
					84908C 0A          ASL A                  A:ECE4 X:19C8 Y:0008 S:0125 D:0E68 DB:86 Nvmxdizc V:  1 H:194 F:35
					84908D 18          CLC                    A:D9C8 X:19C8 Y:0008 S:0125 D:0E68 DB:86 NvmxdizC V:  1 H:197 F:35
					84908E 6D A6 0B    ADC $0BA6     [860BA6] A:D9C8 X:19C8 Y:0008 S:0125 D:0E68 DB:86 Nvmxdizc V:  1 H:200 F:35
					849091 EB          XBA                    A:C6AC X:19C8 Y:0008 S:0125 D:0E68 DB:86 NvmxdizC V:  1 H:208 F:35
					849092 E2 20       SEP #$20               A:ACC6 X:19C8 Y:0008 S:0125 D:0E68 DB:86 NvmxdizC V:  1 H:213 F:35
					849094 8D A7 0B    STA $0BA7     [860BA7] A:ACC6 X:19C8 Y:0008 S:0125 D:0E68 DB:86 NvMxdizC V:  1 H:217 F:35
					849097 18          CLC                    A:ACC6 X:19C8 Y:0008 S:0125 D:0E68 DB:86 NvMxdizC V:  1 H:224 F:35
					849098 6D A6 0B    ADC $0BA6     [860BA6] A:ACC6 X:19C8 Y:0008 S:0125 D:0E68 DB:86 NvMxdizc V:  1 H:227 F:35
					84909B 8D A6 0B    STA $0BA6     [860BA6] A:ACAA X:19C8 Y:0008 S:0125 D:0E68 DB:86 NvMxdizC V:  1 H:233 F:35
					84909E 28          PLP                    A:ACAA X:19C8 Y:0008 S:0125 D:0E68 DB:86 NvMxdizC V:  1 H:240 F:35
					84909F 6B          RTL                    A:ACAA X:19C8 Y:0008 S:0126 D:0E68 DB:86 nvmxdizc V:  1 H:246 F:35

				83BB89 29 0F 00    AND #$000F             A:ACAA X:19C8 Y:0008 S:0129 D:0E68 DB:86 nvmxdizc V:  1 H:257 F:35
				83BB8C 0A          ASL A                  A:000A X:19C8 Y:0008 S:0129 D:0E68 DB:86 nvmxdizc V:  1 H:261 F:35
				83BB8D A8          TAY                    A:0014 X:19C8 Y:0008 S:0129 D:0E68 DB:86 nvmxdizc V:  1 H:264 F:35
				83BB8E B9 0B CA    LDA $CA0B,Y   [86CA1F] A:0014 X:19C8 Y:0014 S:0129 D:0E68 DB:86 nvmxdizc V:  1 H:267 F:35
				83BB91 9D 1C 00    STA $001C,X   [8619E4] A:01EE X:19C8 Y:0014 S:0129 D:0E68 DB:86 nvmxdizc V:  1 H:276 F:35
				83BB94 AD 00 00    LDA $0000     [860000] A:01EE X:19C8 Y:0014 S:0129 D:0E68 DB:86 nvmxdizc V:  1 H:286 F:35
				83BB97 9D 05 00    STA $0005,X   [8619CD] A:14A2 X:19C8 Y:0014 S:0129 D:0E68 DB:86 nvmxdizc V:  1 H:295 F:35
				83BB9A AD 02 00    LDA $0002     [860002] A:14A2 X:19C8 Y:0014 S:0129 D:0E68 DB:86 nvmxdizc V:  1 H:305 F:35
				83BB9D 9D 08 00    STA $0008,X   [8619D0] A:0A0D X:19C8 Y:0014 S:0129 D:0E68 DB:86 nvmxdizc V:  1 H:313 F:35
				83BBA0 E2 20       SEP #$20               A:0A0D X:19C8 Y:0014 S:0129 D:0E68 DB:86 nvmxdizc V:  1 H:323 F:35
				83BBA2 A9 40       LDA #$40               A:0A0D X:19C8 Y:0014 S:0129 D:0E68 DB:86 nvMxdizc V:  1 H:327 F:35
				83BBA4 9D 1E 00    STA $001E,X   [8619E6] A:0A40 X:19C8 Y:0014 S:0129 D:0E68 DB:86 nvMxdizc V:  1 H:330 F:35
				83BBA7 9E 1F 00    STZ $001F,X   [8619E7] A:0A40 X:19C8 Y:0014 S:0129 D:0E68 DB:86 nvMxdizc V:  1 H:338 F:35
				83BBAA C6 3D       DEC $3D       [000EA5] A:0A40 X:19C8 Y:0014 S:0129 D:0E68 DB:86 nvMxdizc V:  2 H:  6 F:35
				83BBAC 10 9A       BPL $009A     [83BB48] A:0A40 X:19C8 Y:0014 S:0129 D:0E68 DB:86 nvMxdizc V:  2 H: 16 F:35
				83BB48 22 D3 82 82 JSL $8282D3   [8282D3] A:0A40 X:19C8 Y:0014 S:0129 D:0E68 DB:86 nvMxdizc V:  2 H: 20 F:35

					8282D3 C2 30       REP #$30               A:0A40 X:19C8 Y:0014 S:0126 D:0E68 DB:86 nvMxdizc V:  2 H: 34 F:35
					8282D5 A2 28 19    LDX #$1928             A:0A40 X:19C8 Y:0014 S:0126 D:0E68 DB:86 nvmxdizc V:  2 H: 38 F:35
					8282D8 BD 00 00    LDA $0000,X   [861928] A:0A40 X:1928 Y:0014 S:0126 D:0E68 DB:86 nvmxdizc V:  2 H: 43 F:35
					8282DB F0 5E       BEQ $005E     [82833B] A:0101 X:1928 Y:0014 S:0126 D:0E68 DB:86 nvmxdizc V:  2 H: 53 F:35
					8282DD 8A          TXA                    A:0101 X:1928 Y:0014 S:0126 D:0E68 DB:86 nvmxdizc V:  2 H: 56 F:35
					8282DE 18          CLC                    A:1928 X:1928 Y:0014 S:0126 D:0E68 DB:86 nvmxdizc V:  2 H: 59 F:35
					8282DF 69 20 00    ADC #$0020             A:1928 X:1928 Y:0014 S:0126 D:0E68 DB:86 nvmxdizc V:  2 H: 62 F:35
					8282E2 AA          TAX                    A:1948 X:1928 Y:0014 S:0126 D:0E68 DB:86 nvmxdizc V:  2 H: 66 F:35
					8282E3 E0 08 1D    CPX #$1D08             A:1948 X:1948 Y:0014 S:0126 D:0E68 DB:86 nvmxdizc V:  2 H: 69 F:35
					8282E6 90 F0       BCC $00F0     [8282D8] A:1948 X:1948 Y:0014 S:0126 D:0E68 DB:86 Nvmxdizc V:  2 H: 74 F:35
					8282D8 BD 00 00    LDA $0000,X   [861948] A:1948 X:1948 Y:0014 S:0126 D:0E68 DB:86 Nvmxdizc V:  2 H: 78 F:35
					8282DB F0 5E       BEQ $005E     [82833B] A:0101 X:1948 Y:0014 S:0126 D:0E68 DB:86 nvmxdizc V:  2 H: 88 F:35
					8282DD 8A          TXA                    A:0101 X:1948 Y:0014 S:0126 D:0E68 DB:86 nvmxdizc V:  2 H: 91 F:35
					8282DE 18          CLC                    A:1948 X:1948 Y:0014 S:0126 D:0E68 DB:86 nvmxdizc V:  2 H: 94 F:35
					8282DF 69 20 00    ADC #$0020             A:1948 X:1948 Y:0014 S:0126 D:0E68 DB:86 nvmxdizc V:  2 H: 97 F:35
					8282E2 AA          TAX                    A:1968 X:1948 Y:0014 S:0126 D:0E68 DB:86 nvmxdizc V:  2 H:102 F:35
					8282E3 E0 08 1D    CPX #$1D08             A:1968 X:1968 Y:0014 S:0126 D:0E68 DB:86 nvmxdizc V:  2 H:105 F:35
					8282E6 90 F0       BCC $00F0     [8282D8] A:1968 X:1968 Y:0014 S:0126 D:0E68 DB:86 Nvmxdizc V:  2 H:109 F:35
					8282D8 BD 00 00    LDA $0000,X   [861968] A:1968 X:1968 Y:0014 S:0126 D:0E68 DB:86 Nvmxdizc V:  2 H:114 F:35
					8282DB F0 5E       BEQ $005E     [82833B] A:0101 X:1968 Y:0014 S:0126 D:0E68 DB:86 nvmxdizc V:  2 H:124 F:35
					8282DD 8A          TXA                    A:0101 X:1968 Y:0014 S:0126 D:0E68 DB:86 nvmxdizc V:  2 H:127 F:35
					8282DE 18          CLC                    A:1968 X:1968 Y:0014 S:0126 D:0E68 DB:86 nvmxdizc V:  2 H:130 F:35
					8282DF 69 20 00    ADC #$0020             A:1968 X:1968 Y:0014 S:0126 D:0E68 DB:86 nvmxdizc V:  2 H:133 F:35
					8282E2 AA          TAX                    A:1988 X:1968 Y:0014 S:0126 D:0E68 DB:86 nvmxdizc V:  2 H:147 F:35
					8282E3 E0 08 1D    CPX #$1D08             A:1988 X:1988 Y:0014 S:0126 D:0E68 DB:86 nvmxdizc V:  2 H:150 F:35
					8282E6 90 F0       BCC $00F0     [8282D8] A:1988 X:1988 Y:0014 S:0126 D:0E68 DB:86 Nvmxdizc V:  2 H:155 F:35
					8282D8 BD 00 00    LDA $0000,X   [861988] A:1988 X:1988 Y:0014 S:0126 D:0E68 DB:86 Nvmxdizc V:  2 H:159 F:35
					8282DB F0 5E       BEQ $005E     [82833B] A:0101 X:1988 Y:0014 S:0126 D:0E68 DB:86 nvmxdizc V:  2 H:169 F:35
					8282DD 8A          TXA                    A:0101 X:1988 Y:0014 S:0126 D:0E68 DB:86 nvmxdizc V:  2 H:172 F:35
					8282DE 18          CLC                    A:1988 X:1988 Y:0014 S:0126 D:0E68 DB:86 nvmxdizc V:  2 H:175 F:35
					8282DF 69 20 00    ADC #$0020             A:1988 X:1988 Y:0014 S:0126 D:0E68 DB:86 nvmxdizc V:  2 H:178 F:35
					8282E2 AA          TAX                    A:19A8 X:1988 Y:0014 S:0126 D:0E68 DB:86 nvmxdizc V:  2 H:183 F:35
					8282E3 E0 08 1D    CPX #$1D08             A:19A8 X:19A8 Y:0014 S:0126 D:0E68 DB:86 nvmxdizc V:  2 H:186 F:35
					8282E6 90 F0       BCC $00F0     [8282D8] A:19A8 X:19A8 Y:0014 S:0126 D:0E68 DB:86 Nvmxdizc V:  2 H:190 F:35
					8282D8 BD 00 00    LDA $0000,X   [8619A8] A:19A8 X:19A8 Y:0014 S:0126 D:0E68 DB:86 Nvmxdizc V:  2 H:195 F:35
					8282DB F0 5E       BEQ $005E     [82833B] A:0001 X:19A8 Y:0014 S:0126 D:0E68 DB:86 nvmxdizc V:  2 H:205 F:35
					8282DD 8A          TXA                    A:0001 X:19A8 Y:0014 S:0126 D:0E68 DB:86 nvmxdizc V:  2 H:208 F:35
					8282DE 18          CLC                    A:19A8 X:19A8 Y:0014 S:0126 D:0E68 DB:86 nvmxdizc V:  2 H:211 F:35
					8282DF 69 20 00    ADC #$0020             A:19A8 X:19A8 Y:0014 S:0126 D:0E68 DB:86 nvmxdizc V:  2 H:214 F:35
					8282E2 AA          TAX                    A:19C8 X:19A8 Y:0014 S:0126 D:0E68 DB:86 nvmxdizc V:  2 H:218 F:35
					8282E3 E0 08 1D    CPX #$1D08             A:19C8 X:19C8 Y:0014 S:0126 D:0E68 DB:86 nvmxdizc V:  2 H:221 F:35
					8282E6 90 F0       BCC $00F0     [8282D8] A:19C8 X:19C8 Y:0014 S:0126 D:0E68 DB:86 Nvmxdizc V:  2 H:226 F:35
					8282D8 BD 00 00    LDA $0000,X   [8619C8] A:19C8 X:19C8 Y:0014 S:0126 D:0E68 DB:86 Nvmxdizc V:  2 H:230 F:35
					8282DB F0 5E       BEQ $005E     [82833B] A:0001 X:19C8 Y:0014 S:0126 D:0E68 DB:86 nvmxdizc V:  2 H:240 F:35
					8282DD 8A          TXA                    A:0001 X:19C8 Y:0014 S:0126 D:0E68 DB:86 nvmxdizc V:  2 H:243 F:35
					8282DE 18          CLC                    A:19C8 X:19C8 Y:0014 S:0126 D:0E68 DB:86 nvmxdizc V:  2 H:246 F:35
					8282DF 69 20 00    ADC #$0020             A:19C8 X:19C8 Y:0014 S:0126 D:0E68 DB:86 nvmxdizc V:  2 H:249 F:35
					8282E2 AA          TAX                    A:19E8 X:19C8 Y:0014 S:0126 D:0E68 DB:86 nvmxdizc V:  2 H:254 F:35
					8282E3 E0 08 1D    CPX #$1D08             A:19E8 X:19E8 Y:0014 S:0126 D:0E68 DB:86 nvmxdizc V:  2 H:257 F:35
					8282E6 90 F0       BCC $00F0     [8282D8] A:19E8 X:19E8 Y:0014 S:0126 D:0E68 DB:86 Nvmxdizc V:  2 H:261 F:35
					8282D8 BD 00 00    LDA $0000,X   [8619E8] A:19E8 X:19E8 Y:0014 S:0126 D:0E68 DB:86 Nvmxdizc V:  2 H:266 F:35
					8282DB F0 5E       BEQ $005E     [82833B] A:0000 X:19E8 Y:0014 S:0126 D:0E68 DB:86 nvmxdiZc V:  2 H:276 F:35
					82833B E2 22       SEP #$22               A:0000 X:19E8 Y:0014 S:0126 D:0E68 DB:86 nvmxdiZc V:  2 H:280 F:35
					82833D 6B          RTL                    A:0000 X:19E8 Y:0014 S:0126 D:0E68 DB:86 nvMxdiZc V:  2 H:285 F:35

				83BB4C F0 02       BEQ $0002     [83BB50] A:0000 X:19E8 Y:0014 S:0129 D:0E68 DB:86 nvMxdiZc V:  2 H:295 F:35
				83BB50 FE 00 00    INC $0000,X   [8619E8] A:0000 X:19E8 Y:0014 S:0129 D:0E68 DB:86 nvMxdiZc V:  2 H:300 F:35
				83BB53 A9 2B       LDA #$2B               A:0000 X:19E8 Y:0014 S:0129 D:0E68 DB:86 nvMxdizc V:  2 H:311 F:35
				83BB55 9D 0A 00    STA $000A,X   [8619F2] A:002B X:19E8 Y:0014 S:0129 D:0E68 DB:86 nvMxdizc V:  2 H:314 F:35
				83BB58 A9 00       LDA #$00               A:002B X:19E8 Y:0014 S:0129 D:0E68 DB:86 nvMxdizc V:  2 H:322 F:35
				83BB5A EB          XBA                    A:0000 X:19E8 Y:0014 S:0129 D:0E68 DB:86 nvMxdiZc V:  2 H:325 F:35
				83BB5B AD 04 00    LDA $0004     [860004] A:0000 X:19E8 Y:0014 S:0129 D:0E68 DB:86 nvMxdiZc V:  2 H:329 F:35
				83BB5E 18          CLC                    A:000B X:19E8 Y:0014 S:0129 D:0E68 DB:86 nvMxdizc V:  2 H:335 F:35
				83BB5F 65 3D       ADC $3D       [000EA5] A:000B X:19E8 Y:0014 S:0129 D:0E68 DB:86 nvMxdizc V:  2 H:338 F:35
				83BB61 A8          TAY                    A:000C X:19E8 Y:0014 S:0129 D:0E68 DB:86 nvMxdizc V:  3 H:  5 F:35
				83BB62 B9 D8 C9    LDA $C9D8,Y   [86C9E4] A:000C X:19E8 Y:000C S:0129 D:0E68 DB:86 nvMxdizc V:  3 H:  8 F:35
				83BB65 9D 0B 00    STA $000B,X   [8619F3] A:0024 X:19E8 Y:000C S:0129 D:0E68 DB:86 nvMxdizc V:  3 H: 15 F:35
				83BB68 C2 20       REP #$20               A:0024 X:19E8 Y:000C S:0129 D:0E68 DB:86 nvMxdizc V:  3 H: 23 F:35
				83BB6A 9E 0C 00    STZ $000C,X   [8619F4] A:0024 X:19E8 Y:000C S:0129 D:0E68 DB:86 nvmxdizc V:  3 H: 28 F:35
				83BB6D 22 86 90 84 JSL $849086   [849086] A:0024 X:19E8 Y:000C S:0129 D:0E68 DB:86 nvmxdizc V:  3 H: 38 F:35

					849086 08          PHP                    A:0024 X:19E8 Y:000C S:0126 D:0E68 DB:86 nvmxdizc V:  3 H: 51 F:35
					849087 C2 20       REP #$20               A:0024 X:19E8 Y:000C S:0125 D:0E68 DB:86 nvmxdizc V:  3 H: 56 F:35
					849089 AD A6 0B    LDA $0BA6     [860BA6] A:0024 X:19E8 Y:000C S:0125 D:0E68 DB:86 nvmxdizc V:  3 H: 61 F:35
					84908C 0A          ASL A                  A:C6AA X:19E8 Y:000C S:0125 D:0E68 DB:86 Nvmxdizc V:  3 H: 69 F:35
					84908D 18          CLC                    A:8D54 X:19E8 Y:000C S:0125 D:0E68 DB:86 NvmxdizC V:  3 H: 72 F:35
					84908E 6D A6 0B    ADC $0BA6     [860BA6] A:8D54 X:19E8 Y:000C S:0125 D:0E68 DB:86 Nvmxdizc V:  3 H: 75 F:35
					849091 EB          XBA                    A:53FE X:19E8 Y:000C S:0125 D:0E68 DB:86 nVmxdizC V:  3 H: 84 F:35
					849092 E2 20       SEP #$20               A:FE53 X:19E8 Y:000C S:0125 D:0E68 DB:86 nVmxdizC V:  3 H: 88 F:35
					849094 8D A7 0B    STA $0BA7     [860BA7] A:FE53 X:19E8 Y:000C S:0125 D:0E68 DB:86 nVMxdizC V:  3 H: 93 F:35
					849097 18          CLC                    A:FE53 X:19E8 Y:000C S:0125 D:0E68 DB:86 nVMxdizC V:  3 H: 99 F:35
					849098 6D A6 0B    ADC $0BA6     [860BA6] A:FE53 X:19E8 Y:000C S:0125 D:0E68 DB:86 nVMxdizc V:  3 H:102 F:35
					84909B 8D A6 0B    STA $0BA6     [860BA6] A:FEFD X:19E8 Y:000C S:0125 D:0E68 DB:86 NvMxdizc V:  3 H:109 F:35
					84909E 28          PLP                    A:FEFD X:19E8 Y:000C S:0125 D:0E68 DB:86 NvMxdizc V:  3 H:115 F:35
					84909F 6B          RTL                    A:FEFD X:19E8 Y:000C S:0126 D:0E68 DB:86 nvmxdizc V:  3 H:122 F:35

				83BB71 29 0F 00    AND #$000F             A:FEFD X:19E8 Y:000C S:0129 D:0E68 DB:86 nvmxdizc V:  3 H:132 F:35
				83BB74 0A          ASL A                  A:000D X:19E8 Y:000C S:0129 D:0E68 DB:86 nvmxdizc V:  3 H:147 F:35
				83BB75 A8          TAY                    A:001A X:19E8 Y:000C S:0129 D:0E68 DB:86 nvmxdizc V:  3 H:150 F:35
				83BB76 A5 3D       LDA $3D       [000EA5] A:001A X:19E8 Y:001A S:0129 D:0E68 DB:86 nvmxdizc V:  3 H:153 F:35
				83BB78 4A          LSR A                  A:0001 X:19E8 Y:001A S:0129 D:0E68 DB:86 nvmxdizc V:  3 H:161 F:35
				83BB79 B9 EB C9    LDA $C9EB,Y   [86CA05] A:0000 X:19E8 Y:001A S:0129 D:0E68 DB:86 nvmxdiZC V:  3 H:164 F:35
				83BB7C 90 04       BCC $0004     [83BB82] A:0134 X:19E8 Y:001A S:0129 D:0E68 DB:86 nvmxdizC V:  3 H:173 F:35
				83BB7E 49 FF FF    EOR #$FFFF             A:0134 X:19E8 Y:001A S:0129 D:0E68 DB:86 nvmxdizC V:  3 H:176 F:35
				83BB81 1A          INC                    A:FECB X:19E8 Y:001A S:0129 D:0E68 DB:86 NvmxdizC V:  3 H:181 F:35
				83BB82 9D 1A 00    STA $001A,X   [861A02] A:FECC X:19E8 Y:001A S:0129 D:0E68 DB:86 NvmxdizC V:  3 H:184 F:35
				83BB85 22 86 90 84 JSL $849086   [849086] A:FECC X:19E8 Y:001A S:0129 D:0E68 DB:86 NvmxdizC V:  3 H:194 F:35

									849086 08          PHP                    A:FECC X:19E8 Y:001A S:0126 D:0E68 DB:86 NvmxdizC V:  3 H:207 F:35
									849087 C2 20       REP #$20               A:FECC X:19E8 Y:001A S:0125 D:0E68 DB:86 NvmxdizC V:  3 H:212 F:35
									849089 AD A6 0B    LDA $0BA6     [860BA6] A:FECC X:19E8 Y:001A S:0125 D:0E68 DB:86 NvmxdizC V:  3 H:217 F:35
									84908C 0A          ASL A                  A:53FD X:19E8 Y:001A S:0125 D:0E68 DB:86 nvmxdizC V:  3 H:225 F:35
									84908D 18          CLC                    A:A7FA X:19E8 Y:001A S:0125 D:0E68 DB:86 Nvmxdizc V:  3 H:228 F:35
									84908E 6D A6 0B    ADC $0BA6     [860BA6] A:A7FA X:19E8 Y:001A S:0125 D:0E68 DB:86 Nvmxdizc V:  3 H:231 F:35
									849091 EB          XBA                    A:FBF7 X:19E8 Y:001A S:0125 D:0E68 DB:86 Nvmxdizc V:  3 H:240 F:35
									849092 E2 20       SEP #$20               A:F7FB X:19E8 Y:001A S:0125 D:0E68 DB:86 Nvmxdizc V:  3 H:244 F:35
									849094 8D A7 0B    STA $0BA7     [860BA7] A:F7FB X:19E8 Y:001A S:0125 D:0E68 DB:86 NvMxdizc V:  3 H:249 F:35
									849097 18          CLC                    A:F7FB X:19E8 Y:001A S:0125 D:0E68 DB:86 NvMxdizc V:  3 H:255 F:35
									849098 6D A6 0B    ADC $0BA6     [860BA6] A:F7FB X:19E8 Y:001A S:0125 D:0E68 DB:86 NvMxdizc V:  3 H:258 F:35
									84909B 8D A6 0B    STA $0BA6     [860BA6] A:F7F8 X:19E8 Y:001A S:0125 D:0E68 DB:86 NvMxdizC V:  3 H:265 F:35
									84909E 28          PLP                    A:F7F8 X:19E8 Y:001A S:0125 D:0E68 DB:86 NvMxdizC V:  3 H:271 F:35
									84909F 6B          RTL                    A:F7F8 X:19E8 Y:001A S:0126 D:0E68 DB:86 NvmxdizC V:  3 H:278 F:35

				83BB89 29 0F 00    AND #$000F             A:F7F8 X:19E8 Y:001A S:0129 D:0E68 DB:86 NvmxdizC V:  3 H:288 F:35
				83BB8C 0A          ASL A                  A:0008 X:19E8 Y:001A S:0129 D:0E68 DB:86 nvmxdizC V:  3 H:293 F:35
				83BB8D A8          TAY                    A:0010 X:19E8 Y:001A S:0129 D:0E68 DB:86 nvmxdizc V:  3 H:296 F:35
				83BB8E B9 0B CA    LDA $CA0B,Y   [86CA1B] A:0010 X:19E8 Y:0010 S:0129 D:0E68 DB:86 nvmxdizc V:  3 H:299 F:35
				83BB91 9D 1C 00    STA $001C,X   [861A04] A:0376 X:19E8 Y:0010 S:0129 D:0E68 DB:86 nvmxdizc V:  3 H:308 F:35
				83BB94 AD 00 00    LDA $0000     [860000] A:0376 X:19E8 Y:0010 S:0129 D:0E68 DB:86 nvmxdizc V:  3 H:318 F:35
				83BB97 9D 05 00    STA $0005,X   [8619ED] A:14A2 X:19E8 Y:0010 S:0129 D:0E68 DB:86 nvmxdizc V:  3 H:326 F:35
				83BB9A AD 02 00    LDA $0002     [860002] A:14A2 X:19E8 Y:0010 S:0129 D:0E68 DB:86 nvmxdizc V:  3 H:335 F:35
				83BB9D 9D 08 00    STA $0008,X   [8619F0] A:0A0D X:19E8 Y:0010 S:0129 D:0E68 DB:86 nvmxdizc V:  4 H:  4 F:35
				83BBA0 E2 20       SEP #$20               A:0A0D X:19E8 Y:0010 S:0129 D:0E68 DB:86 nvmxdizc V:  4 H: 14 F:35
				83BBA2 A9 40       LDA #$40               A:0A0D X:19E8 Y:0010 S:0129 D:0E68 DB:86 nvMxdizc V:  4 H: 18 F:35
				83BBA4 9D 1E 00    STA $001E,X   [861A06] A:0A40 X:19E8 Y:0010 S:0129 D:0E68 DB:86 nvMxdizc V:  4 H: 21 F:35
				83BBA7 9E 1F 00    STZ $001F,X   [861A07] A:0A40 X:19E8 Y:0010 S:0129 D:0E68 DB:86 nvMxdizc V:  4 H: 29 F:35
				83BBAA C6 3D       DEC $3D       [000EA5] A:0A40 X:19E8 Y:0010 S:0129 D:0E68 DB:86 nvMxdizc V:  4 H: 37 F:35
				83BBAC 10 9A       BPL $009A     [83BB48] A:0A40 X:19E8 Y:0010 S:0129 D:0E68 DB:86 nvMxdiZc V:  4 H: 47 F:35
				83BB48 22 D3 82 82 JSL $8282D3   [8282D3] A:0A40 X:19E8 Y:0010 S:0129 D:0E68 DB:86 nvMxdiZc V:  4 H: 52 F:35

					8282D3 C2 30       REP #$30               A:0A40 X:19E8 Y:0010 S:0126 D:0E68 DB:86 nvMxdiZc V:  4 H: 65 F:35
					8282D5 A2 28 19    LDX #$1928             A:0A40 X:19E8 Y:0010 S:0126 D:0E68 DB:86 nvmxdiZc V:  4 H: 70 F:35
					8282D8 BD 00 00    LDA $0000,X   [861928] A:0A40 X:1928 Y:0010 S:0126 D:0E68 DB:86 nvmxdizc V:  4 H: 74 F:35
					8282DB F0 5E       BEQ $005E     [82833B] A:0101 X:1928 Y:0010 S:0126 D:0E68 DB:86 nvmxdizc V:  4 H: 84 F:35
					8282DD 8A          TXA                    A:0101 X:1928 Y:0010 S:0126 D:0E68 DB:86 nvmxdizc V:  4 H: 87 F:35
					8282DE 18          CLC                    A:1928 X:1928 Y:0010 S:0126 D:0E68 DB:86 nvmxdizc V:  4 H: 90 F:35
					8282DF 69 20 00    ADC #$0020             A:1928 X:1928 Y:0010 S:0126 D:0E68 DB:86 nvmxdizc V:  4 H: 93 F:35
					8282E2 AA          TAX                    A:1948 X:1928 Y:0010 S:0126 D:0E68 DB:86 nvmxdizc V:  4 H: 98 F:35
					8282E3 E0 08 1D    CPX #$1D08             A:1948 X:1948 Y:0010 S:0126 D:0E68 DB:86 nvmxdizc V:  4 H:101 F:35
					8282E6 90 F0       BCC $00F0     [8282D8] A:1948 X:1948 Y:0010 S:0126 D:0E68 DB:86 Nvmxdizc V:  4 H:105 F:35
					8282D8 BD 00 00    LDA $0000,X   [861948] A:1948 X:1948 Y:0010 S:0126 D:0E68 DB:86 Nvmxdizc V:  4 H:110 F:35
					8282DB F0 5E       BEQ $005E     [82833B] A:0101 X:1948 Y:0010 S:0126 D:0E68 DB:86 nvmxdizc V:  4 H:120 F:35
					8282DD 8A          TXA                    A:0101 X:1948 Y:0010 S:0126 D:0E68 DB:86 nvmxdizc V:  4 H:123 F:35
					8282DE 18          CLC                    A:1948 X:1948 Y:0010 S:0126 D:0E68 DB:86 nvmxdizc V:  4 H:126 F:35
					8282DF 69 20 00    ADC #$0020             A:1948 X:1948 Y:0010 S:0126 D:0E68 DB:86 nvmxdizc V:  4 H:129 F:35
					8282E2 AA          TAX                    A:1968 X:1948 Y:0010 S:0126 D:0E68 DB:86 nvmxdizc V:  4 H:143 F:35
					8282E3 E0 08 1D    CPX #$1D08             A:1968 X:1968 Y:0010 S:0126 D:0E68 DB:86 nvmxdizc V:  4 H:146 F:35
					8282E6 90 F0       BCC $00F0     [8282D8] A:1968 X:1968 Y:0010 S:0126 D:0E68 DB:86 Nvmxdizc V:  4 H:151 F:35
					8282D8 BD 00 00    LDA $0000,X   [861968] A:1968 X:1968 Y:0010 S:0126 D:0E68 DB:86 Nvmxdizc V:  4 H:155 F:35
					8282DB F0 5E       BEQ $005E     [82833B] A:0101 X:1968 Y:0010 S:0126 D:0E68 DB:86 nvmxdizc V:  4 H:165 F:35
					8282DD 8A          TXA                    A:0101 X:1968 Y:0010 S:0126 D:0E68 DB:86 nvmxdizc V:  4 H:168 F:35
					8282DE 18          CLC                    A:1968 X:1968 Y:0010 S:0126 D:0E68 DB:86 nvmxdizc V:  4 H:171 F:35
					8282DF 69 20 00    ADC #$0020             A:1968 X:1968 Y:0010 S:0126 D:0E68 DB:86 nvmxdizc V:  4 H:174 F:35
					8282E2 AA          TAX                    A:1988 X:1968 Y:0010 S:0126 D:0E68 DB:86 nvmxdizc V:  4 H:179 F:35
					8282E3 E0 08 1D    CPX #$1D08             A:1988 X:1988 Y:0010 S:0126 D:0E68 DB:86 nvmxdizc V:  4 H:182 F:35
					8282E6 90 F0       BCC $00F0     [8282D8] A:1988 X:1988 Y:0010 S:0126 D:0E68 DB:86 Nvmxdizc V:  4 H:186 F:35
					8282D8 BD 00 00    LDA $0000,X   [861988] A:1988 X:1988 Y:0010 S:0126 D:0E68 DB:86 Nvmxdizc V:  4 H:191 F:35
					8282DB F0 5E       BEQ $005E     [82833B] A:0101 X:1988 Y:0010 S:0126 D:0E68 DB:86 nvmxdizc V:  4 H:201 F:35
					8282DD 8A          TXA                    A:0101 X:1988 Y:0010 S:0126 D:0E68 DB:86 nvmxdizc V:  4 H:204 F:35
					8282DE 18          CLC                    A:1988 X:1988 Y:0010 S:0126 D:0E68 DB:86 nvmxdizc V:  4 H:207 F:35
					8282DF 69 20 00    ADC #$0020             A:1988 X:1988 Y:0010 S:0126 D:0E68 DB:86 nvmxdizc V:  4 H:210 F:35
					8282E2 AA          TAX                    A:19A8 X:1988 Y:0010 S:0126 D:0E68 DB:86 nvmxdizc V:  4 H:214 F:35
					8282E3 E0 08 1D    CPX #$1D08             A:19A8 X:19A8 Y:0010 S:0126 D:0E68 DB:86 nvmxdizc V:  4 H:217 F:35
					8282E6 90 F0       BCC $00F0     [8282D8] A:19A8 X:19A8 Y:0010 S:0126 D:0E68 DB:86 Nvmxdizc V:  4 H:222 F:35
					8282D8 BD 00 00    LDA $0000,X   [8619A8] A:19A8 X:19A8 Y:0010 S:0126 D:0E68 DB:86 Nvmxdizc V:  4 H:226 F:35
					8282DB F0 5E       BEQ $005E     [82833B] A:0001 X:19A8 Y:0010 S:0126 D:0E68 DB:86 nvmxdizc V:  4 H:236 F:35
					8282DD 8A          TXA                    A:0001 X:19A8 Y:0010 S:0126 D:0E68 DB:86 nvmxdizc V:  4 H:239 F:35
					8282DE 18          CLC                    A:19A8 X:19A8 Y:0010 S:0126 D:0E68 DB:86 nvmxdizc V:  4 H:242 F:35
					8282DF 69 20 00    ADC #$0020             A:19A8 X:19A8 Y:0010 S:0126 D:0E68 DB:86 nvmxdizc V:  4 H:245 F:35
					8282E2 AA          TAX                    A:19C8 X:19A8 Y:0010 S:0126 D:0E68 DB:86 nvmxdizc V:  4 H:250 F:35
					8282E3 E0 08 1D    CPX #$1D08             A:19C8 X:19C8 Y:0010 S:0126 D:0E68 DB:86 nvmxdizc V:  4 H:253 F:35
					8282E6 90 F0       BCC $00F0     [8282D8] A:19C8 X:19C8 Y:0010 S:0126 D:0E68 DB:86 Nvmxdizc V:  4 H:257 F:35
					8282D8 BD 00 00    LDA $0000,X   [8619C8] A:19C8 X:19C8 Y:0010 S:0126 D:0E68 DB:86 Nvmxdizc V:  4 H:262 F:35
					8282DB F0 5E       BEQ $005E     [82833B] A:0001 X:19C8 Y:0010 S:0126 D:0E68 DB:86 nvmxdizc V:  4 H:272 F:35
					8282DD 8A          TXA                    A:0001 X:19C8 Y:0010 S:0126 D:0E68 DB:86 nvmxdizc V:  4 H:275 F:35
					8282DE 18          CLC                    A:19C8 X:19C8 Y:0010 S:0126 D:0E68 DB:86 nvmxdizc V:  4 H:278 F:35
					8282DF 69 20 00    ADC #$0020             A:19C8 X:19C8 Y:0010 S:0126 D:0E68 DB:86 nvmxdizc V:  4 H:281 F:35
					8282E2 AA          TAX                    A:19E8 X:19C8 Y:0010 S:0126 D:0E68 DB:86 nvmxdizc V:  4 H:285 F:35
					8282E3 E0 08 1D    CPX #$1D08             A:19E8 X:19E8 Y:0010 S:0126 D:0E68 DB:86 nvmxdizc V:  4 H:288 F:35
					8282E6 90 F0       BCC $00F0     [8282D8] A:19E8 X:19E8 Y:0010 S:0126 D:0E68 DB:86 Nvmxdizc V:  4 H:293 F:35
					8282D8 BD 00 00    LDA $0000,X   [8619E8] A:19E8 X:19E8 Y:0010 S:0126 D:0E68 DB:86 Nvmxdizc V:  4 H:297 F:35
					8282DB F0 5E       BEQ $005E     [82833B] A:0001 X:19E8 Y:0010 S:0126 D:0E68 DB:86 nvmxdizc V:  4 H:307 F:35
					8282DD 8A          TXA                    A:0001 X:19E8 Y:0010 S:0126 D:0E68 DB:86 nvmxdizc V:  4 H:310 F:35
					8282DE 18          CLC                    A:19E8 X:19E8 Y:0010 S:0126 D:0E68 DB:86 nvmxdizc V:  4 H:313 F:35
					8282DF 69 20 00    ADC #$0020             A:19E8 X:19E8 Y:0010 S:0126 D:0E68 DB:86 nvmxdizc V:  4 H:316 F:35
					8282E2 AA          TAX                    A:1A08 X:19E8 Y:0010 S:0126 D:0E68 DB:86 nvmxdizc V:  4 H:321 F:35
					8282E3 E0 08 1D    CPX #$1D08             A:1A08 X:1A08 Y:0010 S:0126 D:0E68 DB:86 nvmxdizc V:  4 H:323 F:35
					8282E6 90 F0       BCC $00F0     [8282D8] A:1A08 X:1A08 Y:0010 S:0126 D:0E68 DB:86 Nvmxdizc V:  4 H:327 F:35
					8282D8 BD 00 00    LDA $0000,X   [861A08] A:1A08 X:1A08 Y:0010 S:0126 D:0E68 DB:86 Nvmxdizc V:  4 H:332 F:35
					8282DB F0 5E       BEQ $005E     [82833B] A:0000 X:1A08 Y:0010 S:0126 D:0E68 DB:86 nvmxdiZc V:  5 H:  2 F:35
					82833B E2 22       SEP #$22               A:0000 X:1A08 Y:0010 S:0126 D:0E68 DB:86 nvmxdiZc V:  5 H:  6 F:35
					82833D 6B          RTL                    A:0000 X:1A08 Y:0010 S:0126 D:0E68 DB:86 nvMxdiZc V:  5 H: 11 F:35

				83BB4C F0 02       BEQ $0002     [83BB50] A:0000 X:1A08 Y:0010 S:0129 D:0E68 DB:86 nvMxdiZc V:  5 H: 21 F:35
				83BB50 FE 00 00    INC $0000,X   [861A08] A:0000 X:1A08 Y:0010 S:0129 D:0E68 DB:86 nvMxdiZc V:  5 H: 26 F:35
				83BB53 A9 2B       LDA #$2B               A:0000 X:1A08 Y:0010 S:0129 D:0E68 DB:86 nvMxdizc V:  5 H: 37 F:35
				83BB55 9D 0A 00    STA $000A,X   [861A12] A:002B X:1A08 Y:0010 S:0129 D:0E68 DB:86 nvMxdizc V:  5 H: 40 F:35
				83BB58 A9 00       LDA #$00               A:002B X:1A08 Y:0010 S:0129 D:0E68 DB:86 nvMxdizc V:  5 H: 48 F:35
				83BB5A EB          XBA                    A:0000 X:1A08 Y:0010 S:0129 D:0E68 DB:86 nvMxdiZc V:  5 H: 51 F:35
				83BB5B AD 04 00    LDA $0004     [860004] A:0000 X:1A08 Y:0010 S:0129 D:0E68 DB:86 nvMxdiZc V:  5 H: 56 F:35
				83BB5E 18          CLC                    A:000B X:1A08 Y:0010 S:0129 D:0E68 DB:86 nvMxdizc V:  5 H: 62 F:35
				83BB5F 65 3D       ADC $3D       [000EA5] A:000B X:1A08 Y:0010 S:0129 D:0E68 DB:86 nvMxdizc V:  5 H: 65 F:35
				83BB61 A8          TAY                    A:000B X:1A08 Y:0010 S:0129 D:0E68 DB:86 nvMxdizc V:  5 H: 72 F:35
				83BB62 B9 D8 C9    LDA $C9D8,Y   [86C9E3] A:000B X:1A08 Y:000B S:0129 D:0E68 DB:86 nvMxdizc V:  5 H: 75 F:35
				83BB65 9D 0B 00    STA $000B,X   [861A13] A:0029 X:1A08 Y:000B S:0129 D:0E68 DB:86 nvMxdizc V:  5 H: 82 F:35
				83BB68 C2 20       REP #$20               A:0029 X:1A08 Y:000B S:0129 D:0E68 DB:86 nvMxdizc V:  5 H: 90 F:35
				83BB6A 9E 0C 00    STZ $000C,X   [861A14] A:0029 X:1A08 Y:000B S:0129 D:0E68 DB:86 nvmxdizc V:  5 H: 95 F:35
				83BB6D 22 86 90 84 JSL $849086   [849086] A:0029 X:1A08 Y:000B S:0129 D:0E68 DB:86 nvmxdizc V:  5 H:105 F:35

					849086 08          PHP                    A:0029 X:1A08 Y:000B S:0126 D:0E68 DB:86 nvmxdizc V:  5 H:118 F:35
					849087 C2 20       REP #$20               A:0029 X:1A08 Y:000B S:0125 D:0E68 DB:86 nvmxdizc V:  5 H:123 F:35
					849089 AD A6 0B    LDA $0BA6     [860BA6] A:0029 X:1A08 Y:000B S:0125 D:0E68 DB:86 nvmxdizc V:  5 H:128 F:35
					84908C 0A          ASL A                  A:FBF8 X:1A08 Y:000B S:0125 D:0E68 DB:86 Nvmxdizc V:  5 H:146 F:35
					84908D 18          CLC                    A:F7F0 X:1A08 Y:000B S:0125 D:0E68 DB:86 NvmxdizC V:  5 H:149 F:35
					84908E 6D A6 0B    ADC $0BA6     [860BA6] A:F7F0 X:1A08 Y:000B S:0125 D:0E68 DB:86 Nvmxdizc V:  5 H:152 F:35
					849091 EB          XBA                    A:F3E8 X:1A08 Y:000B S:0125 D:0E68 DB:86 NvmxdizC V:  5 H:161 F:35
					849092 E2 20       SEP #$20               A:E8F3 X:1A08 Y:000B S:0125 D:0E68 DB:86 NvmxdizC V:  5 H:165 F:35
					849094 8D A7 0B    STA $0BA7     [860BA7] A:E8F3 X:1A08 Y:000B S:0125 D:0E68 DB:86 NvMxdizC V:  5 H:170 F:35
					849097 18          CLC                    A:E8F3 X:1A08 Y:000B S:0125 D:0E68 DB:86 NvMxdizC V:  5 H:176 F:35
					849098 6D A6 0B    ADC $0BA6     [860BA6] A:E8F3 X:1A08 Y:000B S:0125 D:0E68 DB:86 NvMxdizc V:  5 H:179 F:35
					84909B 8D A6 0B    STA $0BA6     [860BA6] A:E8EB X:1A08 Y:000B S:0125 D:0E68 DB:86 NvMxdizC V:  5 H:186 F:35
					84909E 28          PLP                    A:E8EB X:1A08 Y:000B S:0125 D:0E68 DB:86 NvMxdizC V:  5 H:192 F:35
					84909F 6B          RTL                    A:E8EB X:1A08 Y:000B S:0126 D:0E68 DB:86 nvmxdizc V:  5 H:199 F:35

				83BB71 29 0F 00    AND #$000F             A:E8EB X:1A08 Y:000B S:0129 D:0E68 DB:86 nvmxdizc V:  5 H:209 F:35
				83BB74 0A          ASL A                  A:000B X:1A08 Y:000B S:0129 D:0E68 DB:86 nvmxdizc V:  5 H:214 F:35
				83BB75 A8          TAY                    A:0016 X:1A08 Y:000B S:0129 D:0E68 DB:86 nvmxdizc V:  5 H:217 F:35
				83BB76 A5 3D       LDA $3D       [000EA5] A:0016 X:1A08 Y:0016 S:0129 D:0E68 DB:86 nvmxdizc V:  5 H:220 F:35
				83BB78 4A          LSR A                  A:0000 X:1A08 Y:0016 S:0129 D:0E68 DB:86 nvmxdiZc V:  5 H:228 F:35
				83BB79 B9 EB C9    LDA $C9EB,Y   [86CA01] A:0000 X:1A08 Y:0016 S:0129 D:0E68 DB:86 nvmxdiZc V:  5 H:231 F:35
				83BB7C 90 04       BCC $0004     [83BB82] A:0162 X:1A08 Y:0016 S:0129 D:0E68 DB:86 nvmxdizc V:  5 H:240 F:35
				83BB82 9D 1A 00    STA $001A,X   [861A22] A:0162 X:1A08 Y:0016 S:0129 D:0E68 DB:86 nvmxdizc V:  5 H:245 F:35
				83BB85 22 86 90 84 JSL $849086   [849086] A:0162 X:1A08 Y:0016 S:0129 D:0E68 DB:86 nvmxdizc V:  5 H:255 F:35

					849086 08          PHP                    A:0162 X:1A08 Y:0016 S:0126 D:0E68 DB:86 nvmxdizc V:  5 H:268 F:35
					849087 C2 20       REP #$20               A:0162 X:1A08 Y:0016 S:0125 D:0E68 DB:86 nvmxdizc V:  5 H:273 F:35
					849089 AD A6 0B    LDA $0BA6     [860BA6] A:0162 X:1A08 Y:0016 S:0125 D:0E68 DB:86 nvmxdizc V:  5 H:278 F:35
					84908C 0A          ASL A                  A:F3EB X:1A08 Y:0016 S:0125 D:0E68 DB:86 Nvmxdizc V:  5 H:286 F:35
					84908D 18          CLC                    A:E7D6 X:1A08 Y:0016 S:0125 D:0E68 DB:86 NvmxdizC V:  5 H:289 F:35
					84908E 6D A6 0B    ADC $0BA6     [860BA6] A:E7D6 X:1A08 Y:0016 S:0125 D:0E68 DB:86 Nvmxdizc V:  5 H:292 F:35
					849091 EB          XBA                    A:DBC1 X:1A08 Y:0016 S:0125 D:0E68 DB:86 NvmxdizC V:  5 H:301 F:35
					849092 E2 20       SEP #$20               A:C1DB X:1A08 Y:0016 S:0125 D:0E68 DB:86 NvmxdizC V:  5 H:305 F:35
					849094 8D A7 0B    STA $0BA7     [860BA7] A:C1DB X:1A08 Y:0016 S:0125 D:0E68 DB:86 NvMxdizC V:  5 H:310 F:35
					849097 18          CLC                    A:C1DB X:1A08 Y:0016 S:0125 D:0E68 DB:86 NvMxdizC V:  5 H:316 F:35
					849098 6D A6 0B    ADC $0BA6     [860BA6] A:C1DB X:1A08 Y:0016 S:0125 D:0E68 DB:86 NvMxdizc V:  5 H:319 F:35
					84909B 8D A6 0B    STA $0BA6     [860BA6] A:C1C6 X:1A08 Y:0016 S:0125 D:0E68 DB:86 NvMxdizC V:  5 H:325 F:35
					84909E 28          PLP                    A:C1C6 X:1A08 Y:0016 S:0125 D:0E68 DB:86 NvMxdizC V:  5 H:331 F:35
					84909F 6B          RTL                    A:C1C6 X:1A08 Y:0016 S:0126 D:0E68 DB:86 nvmxdizc V:  5 H:338 F:35

				83BB89 29 0F 00    AND #$000F             A:C1C6 X:1A08 Y:0016 S:0129 D:0E68 DB:86 nvmxdizc V:  6 H:  8 F:35
				83BB8C 0A          ASL A                  A:0006 X:1A08 Y:0016 S:0129 D:0E68 DB:86 nvmxdizc V:  6 H: 13 F:35
				83BB8D A8          TAY                    A:000C X:1A08 Y:0016 S:0129 D:0E68 DB:86 nvmxdizc V:  6 H: 16 F:35
				83BB8E B9 0B CA    LDA $CA0B,Y   [86CA17] A:000C X:1A08 Y:000C S:0129 D:0E68 DB:86 nvmxdizc V:  6 H: 19 F:35
				83BB91 9D 1C 00    STA $001C,X   [861A24] A:0400 X:1A08 Y:000C S:0129 D:0E68 DB:86 nvmxdizc V:  6 H: 28 F:35
				83BB94 AD 00 00    LDA $0000     [860000] A:0400 X:1A08 Y:000C S:0129 D:0E68 DB:86 nvmxdizc V:  6 H: 38 F:35
				83BB97 9D 05 00    STA $0005,X   [861A0D] A:14A2 X:1A08 Y:000C S:0129 D:0E68 DB:86 nvmxdizc V:  6 H: 46 F:35
				83BB9A AD 02 00    LDA $0002     [860002] A:14A2 X:1A08 Y:000C S:0129 D:0E68 DB:86 nvmxdizc V:  6 H: 56 F:35
				83BB9D 9D 08 00    STA $0008,X   [861A10] A:0A0D X:1A08 Y:000C S:0129 D:0E68 DB:86 nvmxdizc V:  6 H: 65 F:35
				83BBA0 E2 20       SEP #$20               A:0A0D X:1A08 Y:000C S:0129 D:0E68 DB:86 nvmxdizc V:  6 H: 75 F:35
				83BBA2 A9 40       LDA #$40               A:0A0D X:1A08 Y:000C S:0129 D:0E68 DB:86 nvMxdizc V:  6 H: 79 F:35
				83BBA4 9D 1E 00    STA $001E,X   [861A26] A:0A40 X:1A08 Y:000C S:0129 D:0E68 DB:86 nvMxdizc V:  6 H: 82 F:35
				83BBA7 9E 1F 00    STZ $001F,X   [861A27] A:0A40 X:1A08 Y:000C S:0129 D:0E68 DB:86 nvMxdizc V:  6 H: 90 F:35
				83BBAA C6 3D       DEC $3D       [000EA5] A:0A40 X:1A08 Y:000C S:0129 D:0E68 DB:86 nvMxdizc V:  6 H: 98 F:35
				83BBAC 10 9A       BPL $009A     [83BB48] A:0A40 X:1A08 Y:000C S:0129 D:0E68 DB:86 NvMxdizc V:  6 H:108 F:35
				83BBAE 22 D3 82 82 JSL $8282D3   [8282D3] A:0A40 X:1A08 Y:000C S:0129 D:0E68 DB:86 NvMxdizc V:  6 H:111 F:35

					8282D3 C2 30       REP #$30               A:0A40 X:1A08 Y:000C S:0126 D:0E68 DB:86 NvMxdizc V:  6 H:125 F:35
					8282D5 A2 28 19    LDX #$1928             A:0A40 X:1A08 Y:000C S:0126 D:0E68 DB:86 Nvmxdizc V:  6 H:129 F:35
					8282D8 BD 00 00    LDA $0000,X   [861928] A:0A40 X:1928 Y:000C S:0126 D:0E68 DB:86 nvmxdizc V:  6 H:144 F:35
					8282DB F0 5E       BEQ $005E     [82833B] A:0101 X:1928 Y:000C S:0126 D:0E68 DB:86 nvmxdizc V:  6 H:154 F:35
					8282DD 8A          TXA                    A:0101 X:1928 Y:000C S:0126 D:0E68 DB:86 nvmxdizc V:  6 H:157 F:35
					8282DE 18          CLC                    A:1928 X:1928 Y:000C S:0126 D:0E68 DB:86 nvmxdizc V:  6 H:160 F:35
					8282DF 69 20 00    ADC #$0020             A:1928 X:1928 Y:000C S:0126 D:0E68 DB:86 nvmxdizc V:  6 H:163 F:35
					8282E2 AA          TAX                    A:1948 X:1928 Y:000C S:0126 D:0E68 DB:86 nvmxdizc V:  6 H:167 F:35
					8282E3 E0 08 1D    CPX #$1D08             A:1948 X:1948 Y:000C S:0126 D:0E68 DB:86 nvmxdizc V:  6 H:170 F:35
					8282E6 90 F0       BCC $00F0     [8282D8] A:1948 X:1948 Y:000C S:0126 D:0E68 DB:86 Nvmxdizc V:  6 H:175 F:35
					8282D8 BD 00 00    LDA $0000,X   [861948] A:1948 X:1948 Y:000C S:0126 D:0E68 DB:86 Nvmxdizc V:  6 H:179 F:35
					8282DB F0 5E       BEQ $005E     [82833B] A:0101 X:1948 Y:000C S:0126 D:0E68 DB:86 nvmxdizc V:  6 H:189 F:35
					8282DD 8A          TXA                    A:0101 X:1948 Y:000C S:0126 D:0E68 DB:86 nvmxdizc V:  6 H:192 F:35
					8282DE 18          CLC                    A:1948 X:1948 Y:000C S:0126 D:0E68 DB:86 nvmxdizc V:  6 H:195 F:35
					8282DF 69 20 00    ADC #$0020             A:1948 X:1948 Y:000C S:0126 D:0E68 DB:86 nvmxdizc V:  6 H:198 F:35
					8282E2 AA          TAX                    A:1968 X:1948 Y:000C S:0126 D:0E68 DB:86 nvmxdizc V:  6 H:203 F:35
					8282E3 E0 08 1D    CPX #$1D08             A:1968 X:1968 Y:000C S:0126 D:0E68 DB:86 nvmxdizc V:  6 H:206 F:35
					8282E6 90 F0       BCC $00F0     [8282D8] A:1968 X:1968 Y:000C S:0126 D:0E68 DB:86 Nvmxdizc V:  6 H:210 F:35
					8282D8 BD 00 00    LDA $0000,X   [861968] A:1968 X:1968 Y:000C S:0126 D:0E68 DB:86 Nvmxdizc V:  6 H:215 F:35
					8282DB F0 5E       BEQ $005E     [82833B] A:0101 X:1968 Y:000C S:0126 D:0E68 DB:86 nvmxdizc V:  6 H:225 F:35
					8282DD 8A          TXA                    A:0101 X:1968 Y:000C S:0126 D:0E68 DB:86 nvmxdizc V:  6 H:228 F:35
					8282DE 18          CLC                    A:1968 X:1968 Y:000C S:0126 D:0E68 DB:86 nvmxdizc V:  6 H:231 F:35
					8282DF 69 20 00    ADC #$0020             A:1968 X:1968 Y:000C S:0126 D:0E68 DB:86 nvmxdizc V:  6 H:234 F:35
					8282E2 AA          TAX                    A:1988 X:1968 Y:000C S:0126 D:0E68 DB:86 nvmxdizc V:  6 H:238 F:35
					8282E3 E0 08 1D    CPX #$1D08             A:1988 X:1988 Y:000C S:0126 D:0E68 DB:86 nvmxdizc V:  6 H:241 F:35
					8282E6 90 F0       BCC $00F0     [8282D8] A:1988 X:1988 Y:000C S:0126 D:0E68 DB:86 Nvmxdizc V:  6 H:246 F:35
					8282D8 BD 00 00    LDA $0000,X   [861988] A:1988 X:1988 Y:000C S:0126 D:0E68 DB:86 Nvmxdizc V:  6 H:250 F:35
					8282DB F0 5E       BEQ $005E     [82833B] A:0101 X:1988 Y:000C S:0126 D:0E68 DB:86 nvmxdizc V:  6 H:260 F:35
					8282DD 8A          TXA                    A:0101 X:1988 Y:000C S:0126 D:0E68 DB:86 nvmxdizc V:  6 H:263 F:35
					8282DE 18          CLC                    A:1988 X:1988 Y:000C S:0126 D:0E68 DB:86 nvmxdizc V:  6 H:266 F:35
					8282DF 69 20 00    ADC #$0020             A:1988 X:1988 Y:000C S:0126 D:0E68 DB:86 nvmxdizc V:  6 H:269 F:35
					8282E2 AA          TAX                    A:19A8 X:1988 Y:000C S:0126 D:0E68 DB:86 nvmxdizc V:  6 H:274 F:35
					8282E3 E0 08 1D    CPX #$1D08             A:19A8 X:19A8 Y:000C S:0126 D:0E68 DB:86 nvmxdizc V:  6 H:277 F:35
					8282E6 90 F0       BCC $00F0     [8282D8] A:19A8 X:19A8 Y:000C S:0126 D:0E68 DB:86 Nvmxdizc V:  6 H:281 F:35
					8282D8 BD 00 00    LDA $0000,X   [8619A8] A:19A8 X:19A8 Y:000C S:0126 D:0E68 DB:86 Nvmxdizc V:  6 H:286 F:35
					8282DB F0 5E       BEQ $005E     [82833B] A:0001 X:19A8 Y:000C S:0126 D:0E68 DB:86 nvmxdizc V:  6 H:296 F:35
					8282DD 8A          TXA                    A:0001 X:19A8 Y:000C S:0126 D:0E68 DB:86 nvmxdizc V:  6 H:299 F:35
					8282DE 18          CLC                    A:19A8 X:19A8 Y:000C S:0126 D:0E68 DB:86 nvmxdizc V:  6 H:302 F:35
					8282DF 69 20 00    ADC #$0020             A:19A8 X:19A8 Y:000C S:0126 D:0E68 DB:86 nvmxdizc V:  6 H:305 F:35
					8282E2 AA          TAX                    A:19C8 X:19A8 Y:000C S:0126 D:0E68 DB:86 nvmxdizc V:  6 H:309 F:35
					8282E3 E0 08 1D    CPX #$1D08             A:19C8 X:19C8 Y:000C S:0126 D:0E68 DB:86 nvmxdizc V:  6 H:312 F:35
					8282E6 90 F0       BCC $00F0     [8282D8] A:19C8 X:19C8 Y:000C S:0126 D:0E68 DB:86 Nvmxdizc V:  6 H:317 F:35
					8282D8 BD 00 00    LDA $0000,X   [8619C8] A:19C8 X:19C8 Y:000C S:0126 D:0E68 DB:86 Nvmxdizc V:  6 H:321 F:35
					8282DB F0 5E       BEQ $005E     [82833B] A:0001 X:19C8 Y:000C S:0126 D:0E68 DB:86 nvmxdizc V:  6 H:330 F:35
					8282DD 8A          TXA                    A:0001 X:19C8 Y:000C S:0126 D:0E68 DB:86 nvmxdizc V:  6 H:333 F:35
					8282DE 18          CLC                    A:19C8 X:19C8 Y:000C S:0126 D:0E68 DB:86 nvmxdizc V:  6 H:336 F:35
					8282DF 69 20 00    ADC #$0020             A:19C8 X:19C8 Y:000C S:0126 D:0E68 DB:86 nvmxdizc V:  6 H:339 F:35
					8282E2 AA          TAX                    A:19E8 X:19C8 Y:000C S:0126 D:0E68 DB:86 nvmxdizc V:  7 H:  4 F:35
					8282E3 E0 08 1D    CPX #$1D08             A:19E8 X:19E8 Y:000C S:0126 D:0E68 DB:86 nvmxdizc V:  7 H:  7 F:35
					8282E6 90 F0       BCC $00F0     [8282D8] A:19E8 X:19E8 Y:000C S:0126 D:0E68 DB:86 Nvmxdizc V:  7 H: 11 F:35
					8282D8 BD 00 00    LDA $0000,X   [8619E8] A:19E8 X:19E8 Y:000C S:0126 D:0E68 DB:86 Nvmxdizc V:  7 H: 16 F:35
					8282DB F0 5E       BEQ $005E     [82833B] A:0001 X:19E8 Y:000C S:0126 D:0E68 DB:86 nvmxdizc V:  7 H: 26 F:35
					8282DD 8A          TXA                    A:0001 X:19E8 Y:000C S:0126 D:0E68 DB:86 nvmxdizc V:  7 H: 29 F:35
					8282DE 18          CLC                    A:19E8 X:19E8 Y:000C S:0126 D:0E68 DB:86 nvmxdizc V:  7 H: 32 F:35
					8282DF 69 20 00    ADC #$0020             A:19E8 X:19E8 Y:000C S:0126 D:0E68 DB:86 nvmxdizc V:  7 H: 35 F:35
					8282E2 AA          TAX                    A:1A08 X:19E8 Y:000C S:0126 D:0E68 DB:86 nvmxdizc V:  7 H: 39 F:35
					8282E3 E0 08 1D    CPX #$1D08             A:1A08 X:1A08 Y:000C S:0126 D:0E68 DB:86 nvmxdizc V:  7 H: 42 F:35
					8282E6 90 F0       BCC $00F0     [8282D8] A:1A08 X:1A08 Y:000C S:0126 D:0E68 DB:86 Nvmxdizc V:  7 H: 47 F:35
					8282D8 BD 00 00    LDA $0000,X   [861A08] A:1A08 X:1A08 Y:000C S:0126 D:0E68 DB:86 Nvmxdizc V:  7 H: 51 F:35
					8282DB F0 5E       BEQ $005E     [82833B] A:0001 X:1A08 Y:000C S:0126 D:0E68 DB:86 nvmxdizc V:  7 H: 61 F:35
					8282DD 8A          TXA                    A:0001 X:1A08 Y:000C S:0126 D:0E68 DB:86 nvmxdizc V:  7 H: 64 F:35
					8282DE 18          CLC                    A:1A08 X:1A08 Y:000C S:0126 D:0E68 DB:86 nvmxdizc V:  7 H: 67 F:35
					8282DF 69 20 00    ADC #$0020             A:1A08 X:1A08 Y:000C S:0126 D:0E68 DB:86 nvmxdizc V:  7 H: 70 F:35
					8282E2 AA          TAX                    A:1A28 X:1A08 Y:000C S:0126 D:0E68 DB:86 nvmxdizc V:  7 H: 75 F:35
					8282E3 E0 08 1D    CPX #$1D08             A:1A28 X:1A28 Y:000C S:0126 D:0E68 DB:86 nvmxdizc V:  7 H: 78 F:35
					8282E6 90 F0       BCC $00F0     [8282D8] A:1A28 X:1A28 Y:000C S:0126 D:0E68 DB:86 Nvmxdizc V:  7 H: 82 F:35
					8282D8 BD 00 00    LDA $0000,X   [861A28] A:1A28 X:1A28 Y:000C S:0126 D:0E68 DB:86 Nvmxdizc V:  7 H: 87 F:35
					8282DB F0 5E       BEQ $005E     [82833B] A:0000 X:1A28 Y:000C S:0126 D:0E68 DB:86 nvmxdiZc V:  7 H: 97 F:35
					82833B E2 22       SEP #$22               A:0000 X:1A28 Y:000C S:0126 D:0E68 DB:86 nvmxdiZc V:  7 H:101 F:35
					82833D 6B          RTL                    A:0000 X:1A28 Y:000C S:0126 D:0E68 DB:86 nvMxdiZc V:  7 H:106 F:35

				83BBB2 D0 1C       BNE $001C     [83BBD0] A:0000 X:1A28 Y:000C S:0129 D:0E68 DB:86 nvMxdiZc V:  7 H:116 F:35
				83BBB4 FE 00 00    INC $0000,X   [861A28] A:0000 X:1A28 Y:000C S:0129 D:0E68 DB:86 nvMxdiZc V:  7 H:119 F:35
				83BBB7 A9 22       LDA #$22               A:0000 X:1A28 Y:000C S:0129 D:0E68 DB:86 nvMxdizc V:  7 H:131 F:35
				83BBB9 9D 0A 00    STA $000A,X   [861A32] A:0022 X:1A28 Y:000C S:0129 D:0E68 DB:86 nvMxdizc V:  7 H:134 F:35
				83BBBC 9E 0B 00    STZ $000B,X   [861A33] A:0022 X:1A28 Y:000C S:0129 D:0E68 DB:86 nvMxdizc V:  7 H:152 F:35
				83BBBF 9E 11 00    STZ $0011,X   [861A39] A:0022 X:1A28 Y:000C S:0129 D:0E68 DB:86 nvMxdizc V:  7 H:160 F:35
				83BBC2 C2 20       REP #$20               A:0022 X:1A28 Y:000C S:0129 D:0E68 DB:86 nvMxdizc V:  7 H:168 F:35
				83BBC4 AD 00 00    LDA $0000     [860000] A:0022 X:1A28 Y:000C S:0129 D:0E68 DB:86 nvmxdizc V:  7 H:172 F:35
				83BBC7 9D 05 00    STA $0005,X   [861A2D] A:14A2 X:1A28 Y:000C S:0129 D:0E68 DB:86 nvmxdizc V:  7 H:181 F:35
				83BBCA AD 02 00    LDA $0002     [860002] A:14A2 X:1A28 Y:000C S:0129 D:0E68 DB:86 nvmxdizc V:  7 H:191 F:35
				83BBCD 9D 08 00    STA $0008,X   [861A30] A:0A0D X:1A28 Y:000C S:0129 D:0E68 DB:86 nvmxdizc V:  7 H:199 F:35
				83BBD0 28          PLP                    A:0A0D X:1A28 Y:000C S:0129 D:0E68 DB:86 nvmxdizc V:  7 H:209 F:35
				83BBD1 60          RTS                    A:0A0D X:0028 Y:000C S:012A D:0E68 DB:86 nvmXdizC V:  7 H:216 F:35

			83B56F A5 1C       LDA $1C       [000E84] A:0A0D X:0028 Y:000C S:012C D:0E68 DB:86 nvmXdizC V:  7 H:226 F:35		|Invert E-Y-Vel
			83B571 49 FF FF    EOR #$FFFF             A:043B X:0028 Y:000C S:012C D:0E68 DB:86 nvmXdizC V:  7 H:234 F:35		|
			83B574 1A          INC                    A:FBC4 X:0028 Y:000C S:012C D:0E68 DB:86 NvmXdizC V:  7 H:239 F:35		|
			83B575 85 1C       STA $1C       [000E84] A:FBC5 X:0028 Y:000C S:012C D:0E68 DB:86 NvmXdizC V:  7 H:242 F:35		|
			83B577 E2 20       SEP #$20               A:FBC5 X:0028 Y:000C S:012C D:0E68 DB:86 NvmXdizC V:  7 H:250 F:35
			83B579 A9 08       LDA #$08               A:FBC5 X:0028 Y:000C S:012C D:0E68 DB:86 NvMXdizC V:  7 H:255 F:35
			83B57B 22 38 A3 84 JSL $84A338   [84A338] A:FB08 X:0028 Y:000C S:012C D:0E68 DB:86 nvMXdizC V:  7 H:258 F:35		JSL $84A338 --> Set Effect: Shake Screen Vertical. A = Duration of shake.

				84A338 08          PHP                    A:FB08 X:0028 Y:000C S:0129 D:0E68 DB:86 nvMXdizC V:  7 H:271 F:35
				84A339 E2 30       SEP #$30               A:FB08 X:0028 Y:000C S:0128 D:0E68 DB:86 nvMXdizC V:  7 H:276 F:35
				84A33B A2 03       LDX #$03               A:FB08 X:0028 Y:000C S:0128 D:0E68 DB:86 nvMXdizC V:  7 H:281 F:35
				84A33D A0 01       LDY #$01               A:FB08 X:0003 Y:000C S:0128 D:0E68 DB:86 nvMXdizC V:  7 H:284 F:35
				84A33F 80 03       BRA $0003     [84A344] A:FB08 X:0003 Y:0001 S:0128 D:0E68 DB:86 nvMXdizC V:  7 H:287 F:35
				84A344 8D 7A 1E    STA $1E7A     [861E7A] A:FB08 X:0003 Y:0001 S:0128 D:0E68 DB:86 nvMXdizC V:  7 H:291 F:35
				84A347 8E 83 1E    STX $1E83     [861E83] A:FB08 X:0003 Y:0001 S:0128 D:0E68 DB:86 nvMXdizC V:  7 H:298 F:35
				84A34A 8C 7F 1E    STY $1E7F     [861E7F] A:FB08 X:0003 Y:0001 S:0128 D:0E68 DB:86 nvMXdizC V:  7 H:304 F:35
				84A34D 8C 81 1E    STY $1E81     [861E81] A:FB08 X:0003 Y:0001 S:0128 D:0E68 DB:86 nvMXdizC V:  7 H:311 F:35
				84A350 9C 85 1E    STZ $1E85     [861E85] A:FB08 X:0003 Y:0001 S:0128 D:0E68 DB:86 nvMXdizC V:  7 H:317 F:35
				84A353 A9 02       LDA #$02               A:FB08 X:0003 Y:0001 S:0128 D:0E68 DB:86 nvMXdizC V:  7 H:323 F:35
				84A355 0C 78 1E    TSB $1E78     [861E78] A:FB02 X:0003 Y:0001 S:0128 D:0E68 DB:86 nvMXdizC V:  7 H:326 F:35
				84A358 28          PLP                    A:FB02 X:0003 Y:0001 S:0128 D:0E68 DB:86 nvMXdiZC V:  7 H:336 F:35
				84A359 6B          RTL                    A:FB02 X:0003 Y:0001 S:0129 D:0E68 DB:86 nvMXdizC V:  8 H:  2 F:35

			83B57F 80 27       BRA $0027     [83B5A8] A:FB02 X:0003 Y:0001 S:012C D:0E68 DB:86 nvMXdizC V:  8 H: 13 F:35
			83B5A8 60          RTS                    A:FB02 X:0003 Y:0001 S:012C D:0E68 DB:86 nvMXdizC V:  8 H: 17 F:35		Return

		83B2ED A5 27       LDA $27       [000E8F] A:FB02 X:0003 Y:0001 S:012E D:0E68 DB:86 nvMXdizC V:  8 H: 27 F:35
