80D4F6 20 30 D5    JSR $D530     [80D530] A:0E01 X:0000 Y:0027 S:0133 D:0E68 DB:86 nvMXdizC V:255 H:195 F:16

	80D530 C2 20       REP #$20               A:0E01 X:0000 Y:0027 S:0131 D:0E68 DB:86 nvMXdizC V:255 H:205 F:16
	80D532 A5 05       LDA $05       [000E6D] A:0E01 X:0000 Y:0027 S:0131 D:0E68 DB:86 nvmXdizC V:255 H:210 F:16
	80D534 85 22       STA $22       [000E8A] A:1ED0 X:0000 Y:0027 S:0131 D:0E68 DB:86 nvmXdizC V:255 H:218 F:16
	80D536 A5 08       LDA $08       [000E70] A:1ED0 X:0000 Y:0027 S:0131 D:0E68 DB:86 nvmXdizC V:255 H:227 F:16
	80D538 85 24       STA $24       [000E8C] A:01AC X:0000 Y:0027 S:0131 D:0E68 DB:86 nvmXdizC V:255 H:235 F:16
	80D53A E2 20       SEP #$20               A:01AC X:0000 Y:0027 S:0131 D:0E68 DB:86 nvmXdizC V:255 H:244 F:16
	80D53C A9 80       LDA #$80               A:01AC X:0000 Y:0027 S:0131 D:0E68 DB:86 nvMXdizC V:255 H:248 F:16
	80D53E 14 0E       TRB $0E       [000E76] A:0180 X:0000 Y:0027 S:0131 D:0E68 DB:86 NvMXdizC V:255 H:251 F:16
	80D540 A5 0A       LDA $0A       [000E72] A:0180 X:0000 Y:0027 S:0131 D:0E68 DB:86 NvMXdizC V:255 H:261 F:16
	80D542 0A          ASL A                  A:0102 X:0000 Y:0027 S:0131 D:0E68 DB:86 nvMXdizC V:255 H:268 F:16
	80D543 AA          TAX                    A:0104 X:0000 Y:0027 S:0131 D:0E68 DB:86 nvMXdizc V:255 H:271 F:16
	80D544 7C DD F8    JMP ($F8DD,X) [80F8E1] A:0104 X:0004 Y:0027 S:0131 D:0E68 DB:86 nvMXdizc V:255 H:274 F:16

	80F9BB 22 16 B5 81 JSL $81B516   [81B516] A:0104 X:0004 Y:0027 S:0131 D:0E68 DB:86 nvMXdizc V:255 H:283 F:16

		81B516 A6 01       LDX $01       [000E69] A:0104 X:0004 Y:0027 S:012E D:0E68 DB:86 nvMXdizc V:255 H:296 F:16
		81B518 7C 1B B5    JMP ($B51B,X) [81B51F] A:0104 X:0004 Y:0027 S:012E D:0E68 DB:86 nvMXdizc V:255 H:303 F:16

		81B629 A5 33       LDA $33       [000E9B] A:0104 X:0004 Y:0027 S:012E D:0E68 DB:86 nvMXdizc V:255 H:312 F:16
		81B62B 04 11       TSB $11       [000E79] A:0108 X:0004 Y:0027 S:012E D:0E68 DB:86 nvMXdizc V:255 H:318 F:16
		81B62D C2 20       REP #$20               A:0108 X:0004 Y:0027 S:012E D:0E68 DB:86 nvMXdizc V:255 H:327 F:16
		81B62F A9 2D C4    LDA #$C42D             A:0108 X:0004 Y:0027 S:012E D:0E68 DB:86 nvmXdizc V:255 H:332 F:16
		81B632 85 20       STA $20       [000E88] A:C42D X:0004 Y:0027 S:012E D:0E68 DB:86 NvmXdizc V:255 H:336 F:16
		81B634 E2 20       SEP #$20               A:C42D X:0004 Y:0027 S:012E D:0E68 DB:86 NvmXdizc V:256 H:  5 F:16
		81B636 A6 02       LDX $02       [000E6A] A:C42D X:0004 Y:0027 S:012E D:0E68 DB:86 NvMXdizc V:256 H:  9 F:16
		81B638 FC F3 B6    JSR ($B6F3,X) [81B6F3] A:C42D X:0000 Y:0027 S:012E D:0E68 DB:86 nvMXdiZc V:256 H: 16 F:16

			81B6FF A6 03       LDX $03       [000E6B] A:C42D X:0000 Y:0027 S:012C D:0E68 DB:86 nvMXdiZc V:256 H: 29 F:16
			81B701 7C 04 B7    JMP ($B704,X) [81B706] A:C42D X:0002 Y:0027 S:012C D:0E68 DB:86 nvMXdizc V:256 H: 35 F:16

			81B721 22 EA 8E 84 JSL $848EEA   [848EEA] A:C42D X:0002 Y:0027 S:012C D:0E68 DB:86 nvMXdizc V:256 H: 44 F:16				JSL $848EEA --> Decrease CDSkel, Continue Skeleton

				848EEA 08          PHP                    A:C42D X:0002 Y:0027 S:0129 D:0E68 DB:86 nvMXdizc V:256 H: 58 F:16
				848EEB 8B          PHB                    A:C42D X:0002 Y:0027 S:0128 D:0E68 DB:86 nvMXdizc V:256 H: 63 F:16
				848EEC E2 30       SEP #$30               A:C42D X:0002 Y:0027 S:0127 D:0E68 DB:86 nvMXdizc V:256 H: 68 F:16
				848EEE C6 13       DEC $13       [000E7B] A:C42D X:0002 Y:0027 S:0127 D:0E68 DB:86 nvMXdizc V:256 H: 72 F:16
				848EF0 D0 5D       BNE $005D     [848F4F] A:C42D X:0002 Y:0027 S:0127 D:0E68 DB:86 nvMXdizc V:256 H: 82 F:16
				848F4F AB          PLB                    A:C42D X:0002 Y:0027 S:0127 D:0E68 DB:86 nvMXdizc V:256 H: 87 F:16
				848F50 28          PLP                    A:C42D X:0002 Y:0027 S:0128 D:0E68 DB:86 NvMXdizc V:256 H: 93 F:16
				848F51 6B          RTL                    A:C42D X:0002 Y:0027 S:0129 D:0E68 DB:86 nvMXdizc V:256 H:100 F:16

			81B725 A5 17       LDA $17       [000E7F] A:C42D X:0002 Y:0027 S:012C D:0E68 DB:86 nvMXdizc V:256 H:110 F:16				Load Sprite	
			81B727 10 42       BPL $0042     [81B76B] A:C480 X:0002 Y:0027 S:012C D:0E68 DB:86 NvMXdizc V:256 H:117 F:16				Branch if Sprite is positive
			81B729 29 7F       AND #$7F               A:C480 X:0002 Y:0027 S:012C D:0E68 DB:86 NvMXdizc V:256 H:120 F:16				AND #$7F
			81B72B 85 17       STA $17       [000E7F] A:C400 X:0002 Y:0027 S:012C D:0E68 DB:86 nvMXdiZc V:256 H:123 F:16				Store Sprite
			81B72D A5 0F       LDA $0F       [000E77] A:C400 X:0002 Y:0027 S:012C D:0E68 DB:86 nvMXdiZc V:256 H:129 F:16				|Branch because SkelAction AND #$7F = #$00
			81B72F 29 7F       AND #$7F               A:C400 X:0002 Y:0027 S:012C D:0E68 DB:86 nvMXdiZc V:256 H:146 F:16				|
			81B731 F0 38       BEQ $0038     [81B76B] A:C400 X:0002 Y:0027 S:012C D:0E68 DB:86 nvMXdiZc V:256 H:149 F:16				|
			81B76B A5 0F       LDA $0F       [000E77] A:C400 X:0002 Y:0027 S:012C D:0E68 DB:86 nvMXdiZc V:256 H:153 F:16				|Branch because SkelAction is positive
			81B76D 10 16       BPL $0016     [81B785] A:C400 X:0002 Y:0027 S:012C D:0E68 DB:86 nvMXdiZc V:256 H:160 F:16				|
			81B785 60          RTS                    A:C400 X:0002 Y:0027 S:012C D:0E68 DB:86 nvMXdiZc V:256 H:164 F:16				Return

		81B63B A9 09       LDA #$09               A:C400 X:0002 Y:0027 S:012E D:0E68 DB:86 nvMXdiZc V:256 H:174 F:16					Normal routine after Subaction				
