80D4F6 20 30 D5    JSR $D530     [80D530] A:0E01 X:0000 Y:0027 S:0133 D:0E68 DB:86 nvMXdizC V:248 H:198 F:35

	80D530 C2 20       REP #$20               A:0E01 X:0000 Y:0027 S:0131 D:0E68 DB:86 nvMXdizC V:248 H:208 F:35
	80D532 A5 05       LDA $05       [000E6D] A:0E01 X:0000 Y:0027 S:0131 D:0E68 DB:86 nvmXdizC V:248 H:213 F:35
	80D534 85 22       STA $22       [000E8A] A:1ED0 X:0000 Y:0027 S:0131 D:0E68 DB:86 nvmXdizC V:248 H:221 F:35
	80D536 A5 08       LDA $08       [000E70] A:1ED0 X:0000 Y:0027 S:0131 D:0E68 DB:86 nvmXdizC V:248 H:230 F:35
	80D538 85 24       STA $24       [000E8C] A:01AC X:0000 Y:0027 S:0131 D:0E68 DB:86 nvmXdizC V:248 H:238 F:35
	80D53A E2 20       SEP #$20               A:01AC X:0000 Y:0027 S:0131 D:0E68 DB:86 nvmXdizC V:248 H:247 F:35
	80D53C A9 80       LDA #$80               A:01AC X:0000 Y:0027 S:0131 D:0E68 DB:86 nvMXdizC V:248 H:251 F:35
	80D53E 14 0E       TRB $0E       [000E76] A:0180 X:0000 Y:0027 S:0131 D:0E68 DB:86 NvMXdizC V:248 H:254 F:35
	80D540 A5 0A       LDA $0A       [000E72] A:0180 X:0000 Y:0027 S:0131 D:0E68 DB:86 NvMXdizC V:248 H:264 F:35
	80D542 0A          ASL A                  A:0102 X:0000 Y:0027 S:0131 D:0E68 DB:86 nvMXdizC V:248 H:271 F:35
	80D543 AA          TAX                    A:0104 X:0000 Y:0027 S:0131 D:0E68 DB:86 nvMXdizc V:248 H:274 F:35
	80D544 7C DD F8    JMP ($F8DD,X) [80F8E1] A:0104 X:0004 Y:0027 S:0131 D:0E68 DB:86 nvMXdizc V:248 H:277 F:35

	80F9BB 22 16 B5 81 JSL $81B516   [81B516] A:0104 X:0004 Y:0027 S:0131 D:0E68 DB:86 nvMXdizc V:248 H:286 F:35

		81B516 A6 01       LDX $01       [000E69] A:0104 X:0004 Y:0027 S:012E D:0E68 DB:86 nvMXdizc V:248 H:299 F:35
		81B518 7C 1B B5    JMP ($B51B,X) [81B51F] A:0104 X:0004 Y:0027 S:012E D:0E68 DB:86 nvMXdizc V:248 H:306 F:35

		81B629 A5 33       LDA $33       [000E9B] A:0104 X:0004 Y:0027 S:012E D:0E68 DB:86 nvMXdizc V:248 H:315 F:35
		81B62B 04 11       TSB $11       [000E79] A:0108 X:0004 Y:0027 S:012E D:0E68 DB:86 nvMXdizc V:248 H:321 F:35
		81B62D C2 20       REP #$20               A:0108 X:0004 Y:0027 S:012E D:0E68 DB:86 nvMXdizc V:248 H:330 F:35
		81B62F A9 2D C4    LDA #$C42D             A:0108 X:0004 Y:0027 S:012E D:0E68 DB:86 nvmXdizc V:248 H:335 F:35
		81B632 85 20       STA $20       [000E88] A:C42D X:0004 Y:0027 S:012E D:0E68 DB:86 NvmXdizc V:248 H:339 F:35
		81B634 E2 20       SEP #$20               A:C42D X:0004 Y:0027 S:012E D:0E68 DB:86 NvmXdizc V:249 H:  8 F:35
		81B636 A6 02       LDX $02       [000E6A] A:C42D X:0004 Y:0027 S:012E D:0E68 DB:86 NvMXdizc V:249 H: 12 F:35
		81B638 FC F3 B6    JSR ($B6F3,X) [81B6F3] A:C42D X:0000 Y:0027 S:012E D:0E68 DB:86 nvMXdiZc V:249 H: 19 F:35

			81B6FF A6 03       LDX $03       [000E6B] A:C42D X:0000 Y:0027 S:012C D:0E68 DB:86 nvMXdiZc V:249 H: 32 F:35
			81B701 7C 04 B7    JMP ($B704,X) [81B706] A:C42D X:0002 Y:0027 S:012C D:0E68 DB:86 nvMXdizc V:249 H: 38 F:35

			81B721 22 EA 8E 84 JSL $848EEA   [848EEA] A:C42D X:0002 Y:0027 S:012C D:0E68 DB:86 nvMXdizc V:249 H: 47 F:35JSL 			JSL $848EEA --> Decrease CDSkel, Continue Skeleton -> 00,02 continues from skeleton loaded in 00,00

				848EEA 08          PHP                    A:C42D X:0002 Y:0027 S:0129 D:0E68 DB:86 nvMXdizc V:249 H: 61 F:35			Push Processor Flags
				848EEB 8B          PHB                    A:C42D X:0002 Y:0027 S:0128 D:0E68 DB:86 nvMXdizc V:249 H: 66 F:35			Push DB
				848EEC E2 30       SEP #$30               A:C42D X:0002 Y:0027 S:0127 D:0E68 DB:86 nvMXdizc V:249 H: 71 F:35			A:1B,X:1B
				848EEE C6 13       DEC $13       [000E7B] A:C42D X:0002 Y:0027 S:0127 D:0E68 DB:86 nvMXdizc V:249 H: 75 F:35			Decrease Countdown
				848EF0 D0 5D       BNE $005D     [848F4F] A:C42D X:0002 Y:0027 S:0127 D:0E68 DB:86 nvMXdiZc V:249 H: 85 F:35			Branch if Countdown <> #$00
				848EF2 A9 AF       LDA #$AF               A:C42D X:0002 Y:0027 S:0127 D:0E68 DB:86 nvMXdiZc V:249 H: 88 F:35			|DB = #$AF
				848EF4 48          PHA                    A:C4AF X:0002 Y:0027 S:0127 D:0E68 DB:86 NvMXdizc V:249 H: 91 F:35			|
				848EF5 AB          PLB                    A:C4AF X:0002 Y:0027 S:0126 D:0E68 DB:86 NvMXdizc V:249 H: 96 F:35			|
				848EF6 C2 21       REP #$21               A:C4AF X:0002 Y:0027 S:0127 D:0E68 DB:AF NvMXdizc V:249 H:103 F:35			A:2B,X:1B
				848EF8 A5 14       LDA $14       [000E7C] A:C4AF X:0002 Y:0027 S:0127 D:0E68 DB:AF NvmXdizc V:249 H:107 F:35			
				848EFA 69 03 00    ADC #$0003             A:D031 X:0002 Y:0027 S:0127 D:0E68 DB:AF NvmXdizc V:249 H:116 F:35			
				848EFD A4 0F       LDY $0F       [000E77] A:D034 X:0002 Y:0027 S:0127 D:0E68 DB:AF NvmXdizc V:249 H:120 F:35			Y = CDSkel
				848EFF 10 37       BPL $0037     [848F38] A:D034 X:0002 Y:0000 S:0127 D:0E68 DB:AF nvmXdiZc V:249 H:127 F:35			Branch because SkelAction is positive
				848F38 85 14       STA $14       [000E7C] A:D034 X:0002 Y:0000 S:0127 D:0E68 DB:AF nvmXdiZc V:249 H:131 F:35			CDPointer = CDPointer + #$03
				848F3A E2 30       SEP #$30               A:D034 X:0002 Y:0000 S:0127 D:0E68 DB:AF nvmXdiZc V:249 H:150 F:35			A:1B,X:1B
				848F3C B2 14       LDA ($14)     [AFD034] A:D034 X:0002 Y:0000 S:0127 D:0E68 DB:AF nvMXdiZc V:249 H:154 F:35			|Countdown = ($14)
				848F3E 85 13       STA $13       [000E7B] A:D005 X:0002 Y:0000 S:0127 D:0E68 DB:AF nvMXdizc V:249 H:164 F:35			|
				848F40 A0 01       LDY #$01               A:D005 X:0002 Y:0000 S:0127 D:0E68 DB:AF nvMXdizc V:249 H:171 F:35			|
				848F42 B1 14       LDA ($14),Y   [AFD035] A:D005 X:0002 Y:0001 S:0127 D:0E68 DB:AF nvMXdizc V:249 H:174 F:35			|SkelAction = ($14),1
				848F44 85 0F       STA $0F       [000E77] A:D001 X:0002 Y:0001 S:0127 D:0E68 DB:AF nvMXdizc V:249 H:184 F:35			|
				848F46 C8          INY                    A:D001 X:0002 Y:0001 S:0127 D:0E68 DB:AF nvMXdizc V:249 H:190 F:35			|
				848F47 B1 14       LDA ($14),Y   [AFD036] A:D001 X:0002 Y:0002 S:0127 D:0E68 DB:AF nvMXdizc V:249 H:193 F:35			|Sprite = ($14),2
				848F49 85 17       STA $17       [000E7F] A:D007 X:0002 Y:0002 S:0127 D:0E68 DB:AF nvMXdizc V:249 H:203 F:35			|
				848F4B A9 80       LDA #$80               A:D007 X:0002 Y:0002 S:0127 D:0E68 DB:AF nvMXdizc V:249 H:210 F:35			|Set bit #$80 to Sprite
				848F4D 04 17       TSB $17       [000E7F] A:D080 X:0002 Y:0002 S:0127 D:0E68 DB:AF NvMXdizc V:249 H:213 F:35			|
				848F4F AB          PLB                    A:D080 X:0002 Y:0002 S:0127 D:0E68 DB:AF NvMXdiZc V:249 H:223 F:35			Pull DB
				848F50 28          PLP                    A:D080 X:0002 Y:0002 S:0128 D:0E68 DB:86 NvMXdizc V:249 H:229 F:35			Pull Processor Flags
				848F51 6B          RTL                    A:D080 X:0002 Y:0002 S:0129 D:0E68 DB:86 nvMXdizc V:249 H:236 F:35			Return

			81B725 A5 17       LDA $17       [000E7F] A:D080 X:0002 Y:0002 S:012C D:0E68 DB:86 nvMXdizc V:249 H:246 F:35				Load Sprite
			81B727 10 42       BPL $0042     [81B76B] A:D087 X:0002 Y:0002 S:012C D:0E68 DB:86 NvMXdizc V:249 H:253 F:35				Branch if Sprite is positive
			81B729 29 7F       AND #$7F               A:D087 X:0002 Y:0002 S:012C D:0E68 DB:86 NvMXdizc V:249 H:256 F:35				AND #$7F
			81B72B 85 17       STA $17       [000E7F] A:D007 X:0002 Y:0002 S:012C D:0E68 DB:86 nvMXdizc V:249 H:259 F:35				Store Sprite
			81B72D A5 0F       LDA $0F       [000E77] A:D007 X:0002 Y:0002 S:012C D:0E68 DB:86 nvMXdizc V:249 H:265 F:35				|Branch if SkelAction AND #$7F = #$00
			81B72F 29 7F       AND #$7F               A:D001 X:0002 Y:0002 S:012C D:0E68 DB:86 nvMXdizc V:249 H:272 F:35				|
			81B731 F0 38       BEQ $0038     [81B76B] A:D001 X:0002 Y:0002 S:012C D:0E68 DB:86 nvMXdizc V:249 H:275 F:35				|
			81B733 22 58 83 82 JSL $828358   [828358] A:D001 X:0002 Y:0002 S:012C D:0E68 DB:86 nvMXdizc V:249 H:278 F:35				JSL $828358 --> Loads X with first empty EnemyShot,Z=1

				828358 C2 30       REP #$30               A:D001 X:0002 Y:0002 S:0129 D:0E68 DB:86 nvMXdizc V:249 H:291 F:35			|Loads X with first empty EnemyShot
				82835A A2 28 14    LDX #$1428             A:D001 X:0002 Y:0002 S:0129 D:0E68 DB:86 nvmxdizc V:249 H:296 F:35			|
				82835D BD 00 00    LDA $0000,X   [861428] A:D001 X:1428 Y:0002 S:0129 D:0E68 DB:86 nvmxdizc V:249 H:300 F:35			|
				828360 F0 D9       BEQ $00D9     [82833B] A:0000 X:1428 Y:0002 S:0129 D:0E68 DB:86 nvmxdiZc V:249 H:310 F:35			|
				82833B E2 22       SEP #$22               A:0000 X:1428 Y:0002 S:0129 D:0E68 DB:86 nvmxdiZc V:249 H:315 F:35			A:1B,Z=1
				82833D 6B          RTL                    A:0000 X:1428 Y:0002 S:0129 D:0E68 DB:86 nvMxdiZc V:249 H:319 F:35			Return

			81B737 D0 2E       BNE $002E     [81B767] A:0000 X:1428 Y:0002 S:012C D:0E68 DB:86 nvMxdiZc V:249 H:329 F:35				Branch if Z=0 (No EnemyShot Empty)
			81B739 FE 00 00    INC $0000,X   [861428] A:0000 X:1428 Y:0002 S:012C D:0E68 DB:86 nvMxdiZc V:249 H:332 F:35				ES-Exist = #$01
			81B73C A9 06       LDA #$06               A:0000 X:1428 Y:0002 S:012C D:0E68 DB:86 nvMxdizc V:250 H:  3 F:35				
			81B73E 9D 0A 00    STA $000A,X   [861432] A:0006 X:1428 Y:0002 S:012C D:0E68 DB:86 nvMxdizc V:250 H:  6 F:35				ES-ID = #$06
			81B741 A5 11       LDA $11       [000E79] A:0006 X:1428 Y:0002 S:012C D:0E68 DB:86 nvMxdizc V:250 H: 14 F:35				|ES-Facing = E-Facing
			81B743 29 40       AND #$40               A:0029 X:1428 Y:0002 S:012C D:0E68 DB:86 nvMxdizc V:250 H: 21 F:35				| 
			81B745 9D 11 00    STA $0011,X   [861439] A:0000 X:1428 Y:0002 S:012C D:0E68 DB:86 nvMxdiZc V:250 H: 24 F:35				|
			81B748 0A          ASL A                  A:0000 X:1428 Y:0002 S:012C D:0E68 DB:86 nvMxdiZc V:250 H: 32 F:35				
			81B749 0A          ASL A                  A:0000 X:1428 Y:0002 S:012C D:0E68 DB:86 nvMxdiZc V:250 H: 35 F:35				
			81B74A C2 20       REP #$20               A:0000 X:1428 Y:0002 S:012C D:0E68 DB:86 nvMxdiZc V:250 H: 38 F:35				
			81B74C A9 1A 00    LDA #$001A             A:0000 X:1428 Y:0002 S:012C D:0E68 DB:86 nvmxdiZc V:250 H: 42 F:35				
			81B74F B0 03       BCS $0003     [81B754] A:001A X:1428 Y:0002 S:012C D:0E68 DB:86 nvmxdizc V:250 H: 47 F:35				
			81B751 A9 E6 FF    LDA #$FFE6             A:001A X:1428 Y:0002 S:012C D:0E68 DB:86 nvmxdizc V:250 H: 50 F:35				|ES-X-Pos = E-X-Pos + #$FFE6 (#$0014 if Facing = Left)
			81B754 18          CLC                    A:FFE6 X:1428 Y:0002 S:012C D:0E68 DB:86 Nvmxdizc V:250 H: 54 F:35				|
			81B755 65 05       ADC $05       [000E6D] A:FFE6 X:1428 Y:0002 S:012C D:0E68 DB:86 Nvmxdizc V:250 H: 57 F:35				|
			81B757 9D 05 00    STA $0005,X   [86142D] A:1EB6 X:1428 Y:0002 S:012C D:0E68 DB:86 nvmxdizC V:250 H: 66 F:35				|
			81B75A A5 08       LDA $08       [000E70] A:1EB6 X:1428 Y:0002 S:012C D:0E68 DB:86 nvmxdizC V:250 H: 76 F:35				|ES-Y-Pos = E-Y-Pos - #$0002
			81B75C 38          SEC                    A:01AC X:1428 Y:0002 S:012C D:0E68 DB:86 nvmxdizC V:250 H: 84 F:35				|
			81B75D E9 02 00    SBC #$0002             A:01AC X:1428 Y:0002 S:012C D:0E68 DB:86 nvmxdizC V:250 H: 87 F:35				|
			81B760 9D 08 00    STA $0008,X   [861430] A:01AA X:1428 Y:0002 S:012C D:0E68 DB:86 nvmxdizC V:250 H: 92 F:35				|
			81B763 7B          TDC                    A:01AA X:1428 Y:0002 S:012C D:0E68 DB:86 nvmxdizC V:250 H:102 F:35				A = D
			81B764 9D 0C 00    STA $000C,X   [861434] A:0E68 X:1428 Y:0002 S:012C D:0E68 DB:86 nvmxdizC V:250 H:105 F:35				ES-Parent = EnemyData
			81B767 E2 30       SEP #$30               A:0E68 X:1428 Y:0002 S:012C D:0E68 DB:86 nvmxdizC V:250 H:115 F:35				A:1B,X:1B
			81B769 C6 36       DEC $36       [000E9E] A:0E68 X:0028 Y:0002 S:012C D:0E68 DB:86 nvMXdizC V:250 H:119 F:35				Decrease Shots
			81B76B A5 0F       LDA $0F       [000E77] A:0E68 X:0028 Y:0002 S:012C D:0E68 DB:86 nvMXdizC V:250 H:129 F:35				|Branch because SkelAction is positive
			81B76D 10 16       BPL $0016     [81B785] A:0E01 X:0028 Y:0002 S:012C D:0E68 DB:86 nvMXdizC V:250 H:146 F:35				|
			81B785 60          RTS                    A:0E01 X:0028 Y:0002 S:012C D:0E68 DB:86 nvMXdizC V:250 H:150 F:35				Return

		81B63B A9 09       LDA #$09               A:0E01 X:0028 Y:0002 S:012E D:0E68 DB:86 nvMXdizC V:250 H:160 F:35					|Normal routine after Subaction
