80D4F6 20 30 D5    JSR $D530     [80D530] A:0E01 X:0000 Y:0002 S:0133 D:0E68 DB:86 nvMXdizC V:251 H:109 F:36

	80D530 C2 20       REP #$20               A:0E01 X:0000 Y:0002 S:0131 D:0E68 DB:86 nvMXdizC V:251 H:119 F:36
	80D532 A5 05       LDA $05       [000E6D] A:0E01 X:0000 Y:0002 S:0131 D:0E68 DB:86 nvmXdizC V:251 H:123 F:36
	80D534 85 22       STA $22       [000E8A] A:1489 X:0000 Y:0002 S:0131 D:0E68 DB:86 nvmXdizC V:251 H:132 F:36
	80D536 A5 08       LDA $08       [000E70] A:1489 X:0000 Y:0002 S:0131 D:0E68 DB:86 nvmXdizC V:251 H:150 F:36
	80D538 85 24       STA $24       [000E8C] A:0A9D X:0000 Y:0002 S:0131 D:0E68 DB:86 nvmXdizC V:251 H:159 F:36
	80D53A E2 20       SEP #$20               A:0A9D X:0000 Y:0002 S:0131 D:0E68 DB:86 nvmXdizC V:251 H:167 F:36
	80D53C A9 80       LDA #$80               A:0A9D X:0000 Y:0002 S:0131 D:0E68 DB:86 nvMXdizC V:251 H:172 F:36
	80D53E 14 0E       TRB $0E       [000E76] A:0A80 X:0000 Y:0002 S:0131 D:0E68 DB:86 NvMXdizC V:251 H:175 F:36
	80D540 A5 0A       LDA $0A       [000E72] A:0A80 X:0000 Y:0002 S:0131 D:0E68 DB:86 NvMXdizC V:251 H:185 F:36
	80D542 0A          ASL A                  A:0A14 X:0000 Y:0002 S:0131 D:0E68 DB:86 nvMXdizC V:251 H:191 F:36
	80D543 AA          TAX                    A:0A28 X:0000 Y:0002 S:0131 D:0E68 DB:86 nvMXdizc V:251 H:194 F:36
	80D544 7C DD F8    JMP ($F8DD,X) [80F905] A:0A28 X:0028 Y:0002 S:0131 D:0E68 DB:86 nvMXdizc V:251 H:197 F:36

	80FA15 22 44 B1 83 JSL $83B144   [83B144] A:0A28 X:0028 Y:0002 S:0131 D:0E68 DB:86 nvMXdizc V:251 H:206 F:36

		83B144 A6 01       LDX $01       [000E69] A:0A28 X:0028 Y:0002 S:012E D:0E68 DB:86 nvMXdizc V:251 H:220 F:36
		83B146 7C 49 B1    JMP ($B149,X) [83B14D] A:0A28 X:0004 Y:0002 S:012E D:0E68 DB:86 nvMXdizc V:251 H:226 F:36

		83B2E8 A6 02       LDX $02       [000E6A] A:0A28 X:0004 Y:0002 S:012E D:0E68 DB:86 nvMXdizc V:251 H:235 F:36
		83B2EA FC DA B3    JSR ($B3DA,X) [83B3DC] A:0A28 X:0002 Y:0002 S:012E D:0E68 DB:86 nvMXdizc V:251 H:242 F:36

			83B69D A6 03       LDX $03       [000E6B] A:0A28 X:0002 Y:0002 S:012C D:0E68 DB:86 nvMXdizc V:251 H:255 F:36
			83B69F 7C A2 B6    JMP ($B6A2,X) [83B6A4] A:0A28 X:0002 Y:0002 S:012C D:0E68 DB:86 nvMXdizc V:251 H:261 F:36

			83B6BE 22 EA 8E 84 JSL $848EEA   [848EEA] A:0A28 X:0002 Y:0002 S:012C D:0E68 DB:86 nvMXdizc V:251 H:270 F:36		JSL $848EEA --> Decrease CDSkel, Continue Skeleton

				848EEA 08          PHP                    A:0A28 X:0002 Y:0002 S:0129 D:0E68 DB:86 nvMXdizc V:251 H:284 F:36
				848EEB 8B          PHB                    A:0A28 X:0002 Y:0002 S:0128 D:0E68 DB:86 nvMXdizc V:251 H:289 F:36
				848EEC E2 30       SEP #$30               A:0A28 X:0002 Y:0002 S:0127 D:0E68 DB:86 nvMXdizc V:251 H:294 F:36
				848EEE C6 13       DEC $13       [000E7B] A:0A28 X:0002 Y:0002 S:0127 D:0E68 DB:86 nvMXdizc V:251 H:298 F:36
				848EF0 D0 5D       BNE $005D     [848F4F] A:0A28 X:0002 Y:0002 S:0127 D:0E68 DB:86 nvMXdiZc V:251 H:308 F:36
				848EF2 A9 AF       LDA #$AF               A:0A28 X:0002 Y:0002 S:0127 D:0E68 DB:86 nvMXdiZc V:251 H:311 F:36
				848EF4 48          PHA                    A:0AAF X:0002 Y:0002 S:0127 D:0E68 DB:86 NvMXdizc V:251 H:314 F:36
				848EF5 AB          PLB                    A:0AAF X:0002 Y:0002 S:0126 D:0E68 DB:86 NvMXdizc V:251 H:319 F:36
				848EF6 C2 21       REP #$21               A:0AAF X:0002 Y:0002 S:0127 D:0E68 DB:AF NvMXdizc V:251 H:325 F:36
				848EF8 A5 14       LDA $14       [000E7C] A:0AAF X:0002 Y:0002 S:0127 D:0E68 DB:AF NvmXdizc V:251 H:329 F:36
				848EFA 69 03 00    ADC #$0003             A:CD85 X:0002 Y:0002 S:0127 D:0E68 DB:AF NvmXdizc V:251 H:338 F:36
				848EFD A4 0F       LDY $0F       [000E77] A:CD88 X:0002 Y:0002 S:0127 D:0E68 DB:AF NvmXdizc V:252 H:  2 F:36
				848EFF 10 37       BPL $0037     [848F38] A:CD88 X:0002 Y:0001 S:0127 D:0E68 DB:AF nvmXdizc V:252 H:  9 F:36
				848F38 85 14       STA $14       [000E7C] A:CD88 X:0002 Y:0001 S:0127 D:0E68 DB:AF nvmXdizc V:252 H: 13 F:36
				848F3A E2 30       SEP #$30               A:CD88 X:0002 Y:0001 S:0127 D:0E68 DB:AF nvmXdizc V:252 H: 22 F:36
				848F3C B2 14       LDA ($14)     [AFCD88] A:CD88 X:0002 Y:0001 S:0127 D:0E68 DB:AF nvMXdizc V:252 H: 26 F:36
				848F3E 85 13       STA $13       [000E7B] A:CD0C X:0002 Y:0001 S:0127 D:0E68 DB:AF nvMXdizc V:252 H: 36 F:36
				848F40 A0 01       LDY #$01               A:CD0C X:0002 Y:0001 S:0127 D:0E68 DB:AF nvMXdizc V:252 H: 43 F:36
				848F42 B1 14       LDA ($14),Y   [AFCD89] A:CD0C X:0002 Y:0001 S:0127 D:0E68 DB:AF nvMXdizc V:252 H: 46 F:36
				848F44 85 0F       STA $0F       [000E77] A:CD80 X:0002 Y:0001 S:0127 D:0E68 DB:AF NvMXdizc V:252 H: 56 F:36
				848F46 C8          INY                    A:CD80 X:0002 Y:0001 S:0127 D:0E68 DB:AF NvMXdizc V:252 H: 62 F:36
				848F47 B1 14       LDA ($14),Y   [AFCD8A] A:CD80 X:0002 Y:0002 S:0127 D:0E68 DB:AF nvMXdizc V:252 H: 65 F:36
				848F49 85 17       STA $17       [000E7F] A:CD13 X:0002 Y:0002 S:0127 D:0E68 DB:AF nvMXdizc V:252 H: 75 F:36
				848F4B A9 80       LDA #$80               A:CD13 X:0002 Y:0002 S:0127 D:0E68 DB:AF nvMXdizc V:252 H: 82 F:36
				848F4D 04 17       TSB $17       [000E7F] A:CD80 X:0002 Y:0002 S:0127 D:0E68 DB:AF NvMXdizc V:252 H: 85 F:36
				848F4F AB          PLB                    A:CD80 X:0002 Y:0002 S:0127 D:0E68 DB:AF NvMXdiZc V:252 H: 95 F:36
				848F50 28          PLP                    A:CD80 X:0002 Y:0002 S:0128 D:0E68 DB:86 NvMXdizc V:252 H:101 F:36
				848F51 6B          RTL                    A:CD80 X:0002 Y:0002 S:0129 D:0E68 DB:86 nvMXdizc V:252 H:108 F:36

			83B6C2 A5 17       LDA $17       [000E7F] A:CD80 X:0002 Y:0002 S:012C D:0E68 DB:86 nvMXdizc V:252 H:118 F:36
			83B6C4 10 7B       BPL $007B     [83B741] A:CD93 X:0002 Y:0002 S:012C D:0E68 DB:86 NvMXdizc V:252 H:125 F:36
			83B6C6 29 7F       AND #$7F               A:CD93 X:0002 Y:0002 S:012C D:0E68 DB:86 NvMXdizc V:252 H:128 F:36
			83B6C8 85 17       STA $17       [000E7F] A:CD13 X:0002 Y:0002 S:012C D:0E68 DB:86 nvMXdizc V:252 H:131 F:36
			83B6CA A5 0F       LDA $0F       [000E77] A:CD13 X:0002 Y:0002 S:012C D:0E68 DB:86 nvMXdizc V:252 H:147 F:36
			83B6CC 30 65       BMI $0065     [83B733] A:CD80 X:0002 Y:0002 S:012C D:0E68 DB:86 NvMXdizc V:252 H:154 F:36
			83B733 22 A5 AC 84 JSL $84ACA5   [84ACA5] A:CD80 X:0002 Y:0002 S:012C D:0E68 DB:86 NvMXdizc V:252 H:158 F:36

				84ACA5 08          PHP                    A:CD80 X:0002 Y:0002 S:0129 D:0E68 DB:86 NvMXdizc V:252 H:172 F:36
				84ACA6 E2 20       SEP #$20               A:CD80 X:0002 Y:0002 S:0128 D:0E68 DB:86 NvMXdizc V:252 H:177 F:36
				84ACA8 A9 40       LDA #$40               A:CD80 X:0002 Y:0002 S:0128 D:0E68 DB:86 NvMXdizc V:252 H:181 F:36
				84ACAA 14 11       TRB $11       [000E79] A:CD40 X:0002 Y:0002 S:0128 D:0E68 DB:86 nvMXdizc V:252 H:184 F:36
				84ACAC C2 20       REP #$20               A:CD40 X:0002 Y:0002 S:0128 D:0E68 DB:86 nvMXdiZc V:252 H:194 F:36
				84ACAE AD AD 0B    LDA $0BAD     [860BAD] A:CD40 X:0002 Y:0002 S:0128 D:0E68 DB:86 nvmXdiZc V:252 H:199 F:36
				84ACB1 38          SEC                    A:1423 X:0002 Y:0002 S:0128 D:0E68 DB:86 nvmXdizc V:252 H:207 F:36
				84ACB2 E5 05       SBC $05       [000E6D] A:1423 X:0002 Y:0002 S:0128 D:0E68 DB:86 nvmXdizC V:252 H:210 F:36
				84ACB4 E2 20       SEP #$20               A:FF9A X:0002 Y:0002 S:0128 D:0E68 DB:86 NvmXdizc V:252 H:219 F:36
				84ACB6 A9 00       LDA #$00               A:FF9A X:0002 Y:0002 S:0128 D:0E68 DB:86 NvMXdizc V:252 H:223 F:36
				84ACB8 6A          ROR A                  A:FF00 X:0002 Y:0002 S:0128 D:0E68 DB:86 nvMXdiZc V:252 H:226 F:36
				84ACB9 4A          LSR A                  A:FF00 X:0002 Y:0002 S:0128 D:0E68 DB:86 nvMXdiZc V:252 H:229 F:36
				84ACBA 04 11       TSB $11       [000E79] A:FF00 X:0002 Y:0002 S:0128 D:0E68 DB:86 nvMXdiZc V:252 H:232 F:36
				84ACBC 28          PLP                    A:FF00 X:0002 Y:0002 S:0128 D:0E68 DB:86 nvMXdiZc V:252 H:242 F:36
				84ACBD 6B          RTL                    A:FF00 X:0002 Y:0002 S:0129 D:0E68 DB:86 NvMXdizc V:252 H:249 F:36

			83B737 A5 36       LDA $36       [000E9E] A:FF00 X:0002 Y:0002 S:012C D:0E68 DB:86 NvMXdizc V:252 H:259 F:36
			83B739 D0 06       BNE $0006     [83B741] A:FF02 X:0002 Y:0002 S:012C D:0E68 DB:86 nvMXdizc V:252 H:266 F:36
			83B741 20 20 BA    JSR $BA20     [83BA20] A:FF02 X:0002 Y:0002 S:012C D:0E68 DB:86 nvMXdizc V:252 H:270 F:36

				83BA20 A5 33       LDA $33       [000E9B] A:FF02 X:0002 Y:0002 S:012A D:0E68 DB:86 nvMXdizc V:252 H:280 F:36
				83BA22 F0 03       BEQ $0003     [83BA27] A:FF00 X:0002 Y:0002 S:012A D:0E68 DB:86 nvMXdiZc V:252 H:287 F:36
				83BA27 C2 10       REP #$10               A:FF00 X:0002 Y:0002 S:012A D:0E68 DB:86 nvMXdiZc V:252 H:291 F:36
				83BA29 A2 28 12    LDX #$1228             A:FF00 X:0002 Y:0002 S:012A D:0E68 DB:86 nvMxdiZc V:252 H:296 F:36
				83BA2C E2 20       SEP #$20               A:FF00 X:1228 Y:0002 S:012A D:0E68 DB:86 nvMxdizc V:252 H:300 F:36
				83BA2E BD 00 00    LDA $0000,X   [861228] A:FF00 X:1228 Y:0002 S:012A D:0E68 DB:86 nvMxdizc V:252 H:305 F:36
				83BA31 F0 54       BEQ $0054     [83BA87] A:FF00 X:1228 Y:0002 S:012A D:0E68 DB:86 nvMxdiZc V:252 H:313 F:36
				83BA87 C2 20       REP #$20               A:FF00 X:1228 Y:0002 S:012A D:0E68 DB:86 nvMxdiZc V:252 H:317 F:36
				83BA89 8A          TXA                    A:FF00 X:1228 Y:0002 S:012A D:0E68 DB:86 nvmxdiZc V:252 H:322 F:36
				83BA8A 18          CLC                    A:1228 X:1228 Y:0002 S:012A D:0E68 DB:86 nvmxdizc V:252 H:324 F:36
				83BA8B 69 40 00    ADC #$0040             A:1228 X:1228 Y:0002 S:012A D:0E68 DB:86 nvmxdizc V:252 H:327 F:36
				83BA8E AA          TAX                    A:1268 X:1228 Y:0002 S:012A D:0E68 DB:86 nvmxdizc V:252 H:331 F:36
				83BA8F C9 28 14    CMP #$1428             A:1268 X:1268 Y:0002 S:012A D:0E68 DB:86 nvmxdizc V:252 H:334 F:36
				83BA92 90 98       BCC $0098     [83BA2C] A:1268 X:1268 Y:0002 S:012A D:0E68 DB:86 Nvmxdizc V:252 H:339 F:36
				83BA2C E2 20       SEP #$20               A:1268 X:1268 Y:0002 S:012A D:0E68 DB:86 Nvmxdizc V:253 H:  3 F:36
				83BA2E BD 00 00    LDA $0000,X   [861268] A:1268 X:1268 Y:0002 S:012A D:0E68 DB:86 NvMxdizc V:253 H:  8 F:36
				83BA31 F0 54       BEQ $0054     [83BA87] A:1200 X:1268 Y:0002 S:012A D:0E68 DB:86 nvMxdiZc V:253 H: 16 F:36
				83BA87 C2 20       REP #$20               A:1200 X:1268 Y:0002 S:012A D:0E68 DB:86 nvMxdiZc V:253 H: 20 F:36
				83BA89 8A          TXA                    A:1200 X:1268 Y:0002 S:012A D:0E68 DB:86 nvmxdiZc V:253 H: 25 F:36
				83BA8A 18          CLC                    A:1268 X:1268 Y:0002 S:012A D:0E68 DB:86 nvmxdizc V:253 H: 28 F:36
				83BA8B 69 40 00    ADC #$0040             A:1268 X:1268 Y:0002 S:012A D:0E68 DB:86 nvmxdizc V:253 H: 31 F:36
				83BA8E AA          TAX                    A:12A8 X:1268 Y:0002 S:012A D:0E68 DB:86 nvmxdizc V:253 H: 35 F:36
				83BA8F C9 28 14    CMP #$1428             A:12A8 X:12A8 Y:0002 S:012A D:0E68 DB:86 nvmxdizc V:253 H: 38 F:36
				83BA92 90 98       BCC $0098     [83BA2C] A:12A8 X:12A8 Y:0002 S:012A D:0E68 DB:86 Nvmxdizc V:253 H: 43 F:36
				83BA2C E2 20       SEP #$20               A:12A8 X:12A8 Y:0002 S:012A D:0E68 DB:86 Nvmxdizc V:253 H: 47 F:36
				83BA2E BD 00 00    LDA $0000,X   [8612A8] A:12A8 X:12A8 Y:0002 S:012A D:0E68 DB:86 NvMxdizc V:253 H: 52 F:36
				83BA31 F0 54       BEQ $0054     [83BA87] A:1200 X:12A8 Y:0002 S:012A D:0E68 DB:86 nvMxdiZc V:253 H: 60 F:36
				83BA87 C2 20       REP #$20               A:1200 X:12A8 Y:0002 S:012A D:0E68 DB:86 nvMxdiZc V:253 H: 64 F:36
				83BA89 8A          TXA                    A:1200 X:12A8 Y:0002 S:012A D:0E68 DB:86 nvmxdiZc V:253 H: 69 F:36
				83BA8A 18          CLC                    A:12A8 X:12A8 Y:0002 S:012A D:0E68 DB:86 nvmxdizc V:253 H: 72 F:36
				83BA8B 69 40 00    ADC #$0040             A:12A8 X:12A8 Y:0002 S:012A D:0E68 DB:86 nvmxdizc V:253 H: 75 F:36
				83BA8E AA          TAX                    A:12E8 X:12A8 Y:0002 S:012A D:0E68 DB:86 nvmxdizc V:253 H: 79 F:36
				83BA8F C9 28 14    CMP #$1428             A:12E8 X:12E8 Y:0002 S:012A D:0E68 DB:86 nvmxdizc V:253 H: 82 F:36
				83BA92 90 98       BCC $0098     [83BA2C] A:12E8 X:12E8 Y:0002 S:012A D:0E68 DB:86 Nvmxdizc V:253 H: 87 F:36
				83BA2C E2 20       SEP #$20               A:12E8 X:12E8 Y:0002 S:012A D:0E68 DB:86 Nvmxdizc V:253 H: 91 F:36
				83BA2E BD 00 00    LDA $0000,X   [8612E8] A:12E8 X:12E8 Y:0002 S:012A D:0E68 DB:86 NvMxdizc V:253 H: 96 F:36
				83BA31 F0 54       BEQ $0054     [83BA87] A:1200 X:12E8 Y:0002 S:012A D:0E68 DB:86 nvMxdiZc V:253 H:104 F:36
				83BA87 C2 20       REP #$20               A:1200 X:12E8 Y:0002 S:012A D:0E68 DB:86 nvMxdiZc V:253 H:108 F:36
				83BA89 8A          TXA                    A:1200 X:12E8 Y:0002 S:012A D:0E68 DB:86 nvmxdiZc V:253 H:113 F:36
				83BA8A 18          CLC                    A:12E8 X:12E8 Y:0002 S:012A D:0E68 DB:86 nvmxdizc V:253 H:116 F:36
				83BA8B 69 40 00    ADC #$0040             A:12E8 X:12E8 Y:0002 S:012A D:0E68 DB:86 nvmxdizc V:253 H:119 F:36
				83BA8E AA          TAX                    A:1328 X:12E8 Y:0002 S:012A D:0E68 DB:86 nvmxdizc V:253 H:123 F:36
				83BA8F C9 28 14    CMP #$1428             A:1328 X:1328 Y:0002 S:012A D:0E68 DB:86 nvmxdizc V:253 H:126 F:36
				83BA92 90 98       BCC $0098     [83BA2C] A:1328 X:1328 Y:0002 S:012A D:0E68 DB:86 Nvmxdizc V:253 H:131 F:36
				83BA2C E2 20       SEP #$20               A:1328 X:1328 Y:0002 S:012A D:0E68 DB:86 Nvmxdizc V:253 H:145 F:36
				83BA2E BD 00 00    LDA $0000,X   [861328] A:1328 X:1328 Y:0002 S:012A D:0E68 DB:86 NvMxdizc V:253 H:150 F:36
				83BA31 F0 54       BEQ $0054     [83BA87] A:1300 X:1328 Y:0002 S:012A D:0E68 DB:86 nvMxdiZc V:253 H:158 F:36
				83BA87 C2 20       REP #$20               A:1300 X:1328 Y:0002 S:012A D:0E68 DB:86 nvMxdiZc V:253 H:162 F:36
				83BA89 8A          TXA                    A:1300 X:1328 Y:0002 S:012A D:0E68 DB:86 nvmxdiZc V:253 H:167 F:36
				83BA8A 18          CLC                    A:1328 X:1328 Y:0002 S:012A D:0E68 DB:86 nvmxdizc V:253 H:170 F:36
				83BA8B 69 40 00    ADC #$0040             A:1328 X:1328 Y:0002 S:012A D:0E68 DB:86 nvmxdizc V:253 H:173 F:36
				83BA8E AA          TAX                    A:1368 X:1328 Y:0002 S:012A D:0E68 DB:86 nvmxdizc V:253 H:177 F:36
				83BA8F C9 28 14    CMP #$1428             A:1368 X:1368 Y:0002 S:012A D:0E68 DB:86 nvmxdizc V:253 H:180 F:36
				83BA92 90 98       BCC $0098     [83BA2C] A:1368 X:1368 Y:0002 S:012A D:0E68 DB:86 Nvmxdizc V:253 H:185 F:36
				83BA2C E2 20       SEP #$20               A:1368 X:1368 Y:0002 S:012A D:0E68 DB:86 Nvmxdizc V:253 H:189 F:36
				83BA2E BD 00 00    LDA $0000,X   [861368] A:1368 X:1368 Y:0002 S:012A D:0E68 DB:86 NvMxdizc V:253 H:194 F:36
				83BA31 F0 54       BEQ $0054     [83BA87] A:1300 X:1368 Y:0002 S:012A D:0E68 DB:86 nvMxdiZc V:253 H:202 F:36
				83BA87 C2 20       REP #$20               A:1300 X:1368 Y:0002 S:012A D:0E68 DB:86 nvMxdiZc V:253 H:206 F:36
				83BA89 8A          TXA                    A:1300 X:1368 Y:0002 S:012A D:0E68 DB:86 nvmxdiZc V:253 H:211 F:36
				83BA8A 18          CLC                    A:1368 X:1368 Y:0002 S:012A D:0E68 DB:86 nvmxdizc V:253 H:214 F:36
				83BA8B 69 40 00    ADC #$0040             A:1368 X:1368 Y:0002 S:012A D:0E68 DB:86 nvmxdizc V:253 H:217 F:36
				83BA8E AA          TAX                    A:13A8 X:1368 Y:0002 S:012A D:0E68 DB:86 nvmxdizc V:253 H:221 F:36
				83BA8F C9 28 14    CMP #$1428             A:13A8 X:13A8 Y:0002 S:012A D:0E68 DB:86 nvmxdizc V:253 H:224 F:36
				83BA92 90 98       BCC $0098     [83BA2C] A:13A8 X:13A8 Y:0002 S:012A D:0E68 DB:86 Nvmxdizc V:253 H:229 F:36
				83BA2C E2 20       SEP #$20               A:13A8 X:13A8 Y:0002 S:012A D:0E68 DB:86 Nvmxdizc V:253 H:233 F:36
				83BA2E BD 00 00    LDA $0000,X   [8613A8] A:13A8 X:13A8 Y:0002 S:012A D:0E68 DB:86 NvMxdizc V:253 H:238 F:36
				83BA31 F0 54       BEQ $0054     [83BA87] A:1300 X:13A8 Y:0002 S:012A D:0E68 DB:86 nvMxdiZc V:253 H:246 F:36
				83BA87 C2 20       REP #$20               A:1300 X:13A8 Y:0002 S:012A D:0E68 DB:86 nvMxdiZc V:253 H:250 F:36
				83BA89 8A          TXA                    A:1300 X:13A8 Y:0002 S:012A D:0E68 DB:86 nvmxdiZc V:253 H:255 F:36
				83BA8A 18          CLC                    A:13A8 X:13A8 Y:0002 S:012A D:0E68 DB:86 nvmxdizc V:253 H:258 F:36
				83BA8B 69 40 00    ADC #$0040             A:13A8 X:13A8 Y:0002 S:012A D:0E68 DB:86 nvmxdizc V:253 H:261 F:36
				83BA8E AA          TAX                    A:13E8 X:13A8 Y:0002 S:012A D:0E68 DB:86 nvmxdizc V:253 H:265 F:36
				83BA8F C9 28 14    CMP #$1428             A:13E8 X:13E8 Y:0002 S:012A D:0E68 DB:86 nvmxdizc V:253 H:268 F:36
				83BA92 90 98       BCC $0098     [83BA2C] A:13E8 X:13E8 Y:0002 S:012A D:0E68 DB:86 Nvmxdizc V:253 H:273 F:36
				83BA2C E2 20       SEP #$20               A:13E8 X:13E8 Y:0002 S:012A D:0E68 DB:86 Nvmxdizc V:253 H:277 F:36
				83BA2E BD 00 00    LDA $0000,X   [8613E8] A:13E8 X:13E8 Y:0002 S:012A D:0E68 DB:86 NvMxdizc V:253 H:282 F:36
				83BA31 F0 54       BEQ $0054     [83BA87] A:1300 X:13E8 Y:0002 S:012A D:0E68 DB:86 nvMxdiZc V:253 H:290 F:36
				83BA87 C2 20       REP #$20               A:1300 X:13E8 Y:0002 S:012A D:0E68 DB:86 nvMxdiZc V:253 H:294 F:36
				83BA89 8A          TXA                    A:1300 X:13E8 Y:0002 S:012A D:0E68 DB:86 nvmxdiZc V:253 H:299 F:36
				83BA8A 18          CLC                    A:13E8 X:13E8 Y:0002 S:012A D:0E68 DB:86 nvmxdizc V:253 H:302 F:36
				83BA8B 69 40 00    ADC #$0040             A:13E8 X:13E8 Y:0002 S:012A D:0E68 DB:86 nvmxdizc V:253 H:305 F:36
				83BA8E AA          TAX                    A:1428 X:13E8 Y:0002 S:012A D:0E68 DB:86 nvmxdizc V:253 H:309 F:36
				83BA8F C9 28 14    CMP #$1428             A:1428 X:1428 Y:0002 S:012A D:0E68 DB:86 nvmxdizc V:253 H:312 F:36
				83BA92 90 98       BCC $0098     [83BA2C] A:1428 X:1428 Y:0002 S:012A D:0E68 DB:86 nvmxdiZC V:253 H:317 F:36
				83BA94 E2 30       SEP #$30               A:1428 X:1428 Y:0002 S:012A D:0E68 DB:86 nvmxdiZC V:253 H:320 F:36
				83BA96 A9 00       LDA #$00               A:1428 X:0028 Y:0002 S:012A D:0E68 DB:86 nvMXdiZC V:253 H:324 F:36
				83BA98 60          RTS                    A:1400 X:0028 Y:0002 S:012A D:0E68 DB:86 nvMXdiZC V:253 H:327 F:36

			83B744 F0 15       BEQ $0015     [83B75B] A:1400 X:0028 Y:0002 S:012C D:0E68 DB:86 nvMXdiZC V:253 H:336 F:36
			83B75B 60          RTS                    A:1400 X:0028 Y:0002 S:012C D:0E68 DB:86 nvMXdiZC V:254 H:  1 F:36

		83B2ED A5 27       LDA $27       [000E8F] A:1400 X:0028 Y:0002 S:012E D:0E68 DB:86 nvMXdiZC V:254 H: 11 F:36
