80D4F6 20 30 D5    JSR $D530     [80D530] A:0E01 X:0000 Y:0002 S:0133 D:0E68 DB:86 nvMXdizC V:254 H:107 F:57

	80D530 C2 20       REP #$20               A:0E01 X:0000 Y:0002 S:0131 D:0E68 DB:86 nvMXdizC V:254 H:117 F:57
	80D532 A5 05       LDA $05       [000E6D] A:0E01 X:0000 Y:0002 S:0131 D:0E68 DB:86 nvmXdizC V:254 H:121 F:57
	80D534 85 22       STA $22       [000E8A] A:14D0 X:0000 Y:0002 S:0131 D:0E68 DB:86 nvmXdizC V:254 H:130 F:57
	80D536 A5 08       LDA $08       [000E70] A:14D0 X:0000 Y:0002 S:0131 D:0E68 DB:86 nvmXdizC V:254 H:148 F:57
	80D538 85 24       STA $24       [000E8C] A:0A9D X:0000 Y:0002 S:0131 D:0E68 DB:86 nvmXdizC V:254 H:157 F:57
	80D53A E2 20       SEP #$20               A:0A9D X:0000 Y:0002 S:0131 D:0E68 DB:86 nvmXdizC V:254 H:165 F:57
	80D53C A9 80       LDA #$80               A:0A9D X:0000 Y:0002 S:0131 D:0E68 DB:86 nvMXdizC V:254 H:170 F:57
	80D53E 14 0E       TRB $0E       [000E76] A:0A80 X:0000 Y:0002 S:0131 D:0E68 DB:86 NvMXdizC V:254 H:173 F:57
	80D540 A5 0A       LDA $0A       [000E72] A:0A80 X:0000 Y:0002 S:0131 D:0E68 DB:86 NvMXdizC V:254 H:183 F:57
	80D542 0A          ASL A                  A:0A14 X:0000 Y:0002 S:0131 D:0E68 DB:86 nvMXdizC V:254 H:189 F:57
	80D543 AA          TAX                    A:0A28 X:0000 Y:0002 S:0131 D:0E68 DB:86 nvMXdizc V:254 H:192 F:57
	80D544 7C DD F8    JMP ($F8DD,X) [80F905] A:0A28 X:0028 Y:0002 S:0131 D:0E68 DB:86 nvMXdizc V:254 H:195 F:57

	80FA15 22 44 B1 83 JSL $83B144   [83B144] A:0A28 X:0028 Y:0002 S:0131 D:0E68 DB:86 nvMXdizc V:254 H:204 F:57

		83B144 A6 01       LDX $01       [000E69] A:0A28 X:0028 Y:0002 S:012E D:0E68 DB:86 nvMXdizc V:254 H:218 F:57
		83B146 7C 49 B1    JMP ($B149,X) [83B14D] A:0A28 X:0004 Y:0002 S:012E D:0E68 DB:86 nvMXdizc V:254 H:224 F:57

		83B2E8 A6 02       LDX $02       [000E6A] A:0A28 X:0004 Y:0002 S:012E D:0E68 DB:86 nvMXdizc V:254 H:233 F:57
		83B2EA FC DA B3    JSR ($B3DA,X) [83B3DC] A:0A28 X:0002 Y:0002 S:012E D:0E68 DB:86 nvMXdizc V:254 H:240 F:57

			83B69D A6 03       LDX $03       [000E6B] A:0A28 X:0002 Y:0002 S:012C D:0E68 DB:86 nvMXdizc V:254 H:253 F:57
			83B69F 7C A2 B6    JMP ($B6A2,X) [83B6A6] A:0A28 X:0004 Y:0002 S:012C D:0E68 DB:86 nvMXdizc V:254 H:259 F:57

			83B75C 22 A5 AC 84 JSL $84ACA5   [84ACA5] A:0A28 X:0004 Y:0002 S:012C D:0E68 DB:86 nvMXdizc V:254 H:268 F:57	JSL $84ACA5 --> Update Facing (40 bit)

				84ACA5 08          PHP                    A:0A28 X:0004 Y:0002 S:0129 D:0E68 DB:86 nvMXdizc V:254 H:282 F:57
				84ACA6 E2 20       SEP #$20               A:0A28 X:0004 Y:0002 S:0128 D:0E68 DB:86 nvMXdizc V:254 H:287 F:57
				84ACA8 A9 40       LDA #$40               A:0A28 X:0004 Y:0002 S:0128 D:0E68 DB:86 nvMXdizc V:254 H:291 F:57
				84ACAA 14 11       TRB $11       [000E79] A:0A40 X:0004 Y:0002 S:0128 D:0E68 DB:86 nvMXdizc V:254 H:294 F:57
				84ACAC C2 20       REP #$20               A:0A40 X:0004 Y:0002 S:0128 D:0E68 DB:86 nvMXdiZc V:254 H:304 F:57
				84ACAE AD AD 0B    LDA $0BAD     [860BAD] A:0A40 X:0004 Y:0002 S:0128 D:0E68 DB:86 nvmXdiZc V:254 H:309 F:57
				84ACB1 38          SEC                    A:1417 X:0004 Y:0002 S:0128 D:0E68 DB:86 nvmXdizc V:254 H:317 F:57
				84ACB2 E5 05       SBC $05       [000E6D] A:1417 X:0004 Y:0002 S:0128 D:0E68 DB:86 nvmXdizC V:254 H:320 F:57
				84ACB4 E2 20       SEP #$20               A:FF47 X:0004 Y:0002 S:0128 D:0E68 DB:86 NvmXdizc V:254 H:328 F:57
				84ACB6 A9 00       LDA #$00               A:FF47 X:0004 Y:0002 S:0128 D:0E68 DB:86 NvMXdizc V:254 H:332 F:57
				84ACB8 6A          ROR A                  A:FF00 X:0004 Y:0002 S:0128 D:0E68 DB:86 nvMXdiZc V:254 H:335 F:57
				84ACB9 4A          LSR A                  A:FF00 X:0004 Y:0002 S:0128 D:0E68 DB:86 nvMXdiZc V:254 H:338 F:57
				84ACBA 04 11       TSB $11       [000E79] A:FF00 X:0004 Y:0002 S:0128 D:0E68 DB:86 nvMXdiZc V:255 H:  1 F:57
				84ACBC 28          PLP                    A:FF00 X:0004 Y:0002 S:0128 D:0E68 DB:86 nvMXdiZc V:255 H: 11 F:57
				84ACBD 6B          RTL                    A:FF00 X:0004 Y:0002 S:0129 D:0E68 DB:86 nvMXdizc V:255 H: 18 F:57

			83B760 20 AA BA    JSR $BAAA     [83BAAA] A:FF00 X:0004 Y:0002 S:012C D:0E68 DB:86 nvMXdizc V:255 H: 28 F:57	JSR $83BAAA --> Decrease E-CDKnockback, Knocks Enemy back 02 pixels if Enemy is hit

				83BAAA A5 3C       LDA $3C       [000EA4] A:FF00 X:0004 Y:0002 S:012A D:0E68 DB:86 nvMXdizc V:255 H: 38 F:57
				83BAAC F0 1B       BEQ $001B     [83BAC9] A:FF00 X:0004 Y:0002 S:012A D:0E68 DB:86 nvMXdiZc V:255 H: 45 F:57
				83BAC9 60          RTS                    A:FF00 X:0004 Y:0002 S:012A D:0E68 DB:86 nvMXdiZc V:255 H: 49 F:57

			83B763 C6 3B       DEC $3B       [000EA3] A:FF00 X:0004 Y:0002 S:012C D:0E68 DB:86 nvMXdiZc V:255 H: 59 F:57	Decrease CDGuard
			83B765 D0 1C       BNE $001C     [83B783] A:FF00 X:0004 Y:0002 S:012C D:0E68 DB:86 nvMXdizc V:255 H: 69 F:57	Branch because CDGuard <> #$00
			83B783 60          RTS                    A:FF00 X:0004 Y:0002 S:012C D:0E68 DB:86 nvMXdizc V:255 H: 74 F:57	Return

		83B2ED A5 27       LDA $27       [000E8F] A:FF00 X:0004 Y:0002 S:012E D:0E68 DB:86 nvMXdizc V:255 H: 84 F:57
