80D4F6 20 30 D5    JSR $D530     [80D530] A:0E01 X:0000 Y:00D2 S:0133 D:0E68 DB:86 nvMXdizC V:247 H:166 F: 8

	80D530 C2 20       REP #$20               A:0E01 X:0000 Y:00D2 S:0131 D:0E68 DB:86 nvMXdizC V:247 H:176 F: 8
	80D532 A5 05       LDA $05       [000E6D] A:0E01 X:0000 Y:00D2 S:0131 D:0E68 DB:86 nvmXdizC V:247 H:181 F: 8
	80D534 85 22       STA $22       [000E8A] A:1489 X:0000 Y:00D2 S:0131 D:0E68 DB:86 nvmXdizC V:247 H:189 F: 8
	80D536 A5 08       LDA $08       [000E70] A:1489 X:0000 Y:00D2 S:0131 D:0E68 DB:86 nvmXdizC V:247 H:198 F: 8
	80D538 85 24       STA $24       [000E8C] A:0A9D X:0000 Y:00D2 S:0131 D:0E68 DB:86 nvmXdizC V:247 H:206 F: 8
	80D53A E2 20       SEP #$20               A:0A9D X:0000 Y:00D2 S:0131 D:0E68 DB:86 nvmXdizC V:247 H:215 F: 8
	80D53C A9 80       LDA #$80               A:0A9D X:0000 Y:00D2 S:0131 D:0E68 DB:86 nvMXdizC V:247 H:219 F: 8
	80D53E 14 0E       TRB $0E       [000E76] A:0A80 X:0000 Y:00D2 S:0131 D:0E68 DB:86 NvMXdizC V:247 H:222 F: 8
	80D540 A5 0A       LDA $0A       [000E72] A:0A80 X:0000 Y:00D2 S:0131 D:0E68 DB:86 NvMXdizC V:247 H:232 F: 8
	80D542 0A          ASL A                  A:0A14 X:0000 Y:00D2 S:0131 D:0E68 DB:86 nvMXdizC V:247 H:239 F: 8
	80D543 AA          TAX                    A:0A28 X:0000 Y:00D2 S:0131 D:0E68 DB:86 nvMXdizc V:247 H:242 F: 8
	80D544 7C DD F8    JMP ($F8DD,X) [80F905] A:0A28 X:0028 Y:00D2 S:0131 D:0E68 DB:86 nvMXdizc V:247 H:245 F: 8

	80FA15 22 44 B1 83 JSL $83B144   [83B144] A:0A28 X:0028 Y:00D2 S:0131 D:0E68 DB:86 nvMXdizc V:247 H:254 F: 8

		83B144 A6 01       LDX $01       [000E69] A:0A28 X:0028 Y:00D2 S:012E D:0E68 DB:86 nvMXdizc V:247 H:267 F: 8
		83B146 7C 49 B1    JMP ($B149,X) [83B14D] A:0A28 X:0004 Y:00D2 S:012E D:0E68 DB:86 nvMXdizc V:247 H:274 F: 8

		83B2E8 A6 02       LDX $02       [000E6A] A:0A28 X:0004 Y:00D2 S:012E D:0E68 DB:86 nvMXdizc V:247 H:283 F: 8
		83B2EA FC DA B3    JSR ($B3DA,X) [83B3DC] A:0A28 X:0002 Y:00D2 S:012E D:0E68 DB:86 nvMXdizc V:247 H:289 F: 8

			83B69D A6 03       LDX $03       [000E6B] A:0A28 X:0002 Y:00D2 S:012C D:0E68 DB:86 nvMXdizc V:247 H:302 F: 8
			83B69F 7C A2 B6    JMP ($B6A2,X) [83B6A2] A:0A28 X:0000 Y:00D2 S:012C D:0E68 DB:86 nvMXdiZc V:247 H:309 F: 8

			83B6A8 A9 02       LDA #$02               A:0A28 X:0000 Y:00D2 S:012C D:0E68 DB:86 nvMXdiZc V:247 H:318 F: 8
			83B6AA 85 03       STA $03       [000E6B] A:0A02 X:0000 Y:00D2 S:012C D:0E68 DB:86 nvMXdizc V:247 H:321 F: 8		Subaction = #$02
			83B6AC 22 86 90 84 JSL $849086   [849086] A:0A02 X:0000 Y:00D2 S:012C D:0E68 DB:86 nvMXdizc V:247 H:327 F: 8		JSL $849086 --> Load A (2B) with RNG value

				849086 08          PHP                    A:0A02 X:0000 Y:00D2 S:0129 D:0E68 DB:86 nvMXdizc V:248 H:  0 F: 8
				849087 C2 20       REP #$20               A:0A02 X:0000 Y:00D2 S:0128 D:0E68 DB:86 nvMXdizc V:248 H:  5 F: 8
				849089 AD A6 0B    LDA $0BA6     [860BA6] A:0A02 X:0000 Y:00D2 S:0128 D:0E68 DB:86 nvmXdizc V:248 H:  9 F: 8
				84908C 0A          ASL A                  A:8ACB X:0000 Y:00D2 S:0128 D:0E68 DB:86 NvmXdizc V:248 H: 18 F: 8
				84908D 18          CLC                    A:1596 X:0000 Y:00D2 S:0128 D:0E68 DB:86 nvmXdizC V:248 H: 21 F: 8
				84908E 6D A6 0B    ADC $0BA6     [860BA6] A:1596 X:0000 Y:00D2 S:0128 D:0E68 DB:86 nvmXdizc V:248 H: 24 F: 8
				849091 EB          XBA                    A:A061 X:0000 Y:00D2 S:0128 D:0E68 DB:86 NvmXdizc V:248 H: 32 F: 8
				849092 E2 20       SEP #$20               A:61A0 X:0000 Y:00D2 S:0128 D:0E68 DB:86 NvmXdizc V:248 H: 37 F: 8
				849094 8D A7 0B    STA $0BA7     [860BA7] A:61A0 X:0000 Y:00D2 S:0128 D:0E68 DB:86 NvMXdizc V:248 H: 41 F: 8
				849097 18          CLC                    A:61A0 X:0000 Y:00D2 S:0128 D:0E68 DB:86 NvMXdizc V:248 H: 48 F: 8
				849098 6D A6 0B    ADC $0BA6     [860BA6] A:61A0 X:0000 Y:00D2 S:0128 D:0E68 DB:86 NvMXdizc V:248 H: 51 F: 8
				84909B 8D A6 0B    STA $0BA6     [860BA6] A:616B X:0000 Y:00D2 S:0128 D:0E68 DB:86 nVMXdizC V:248 H: 57 F: 8
				84909E 28          PLP                    A:616B X:0000 Y:00D2 S:0128 D:0E68 DB:86 nVMXdizC V:248 H: 64 F: 8
				84909F 6B          RTL                    A:616B X:0000 Y:00D2 S:0129 D:0E68 DB:86 nvMXdizc V:248 H: 70 F: 8

			83B6B0 29 0F       AND #$0F               A:616B X:0000 Y:00D2 S:012C D:0E68 DB:86 nvMXdizc V:248 H: 81 F: 8
			83B6B2 AA          TAX                    A:610B X:0000 Y:00D2 S:012C D:0E68 DB:86 nvMXdizc V:248 H: 84 F: 8
			83B6B3 BD 70 C9    LDA $C970,X   [86C97B] A:610B X:000B Y:00D2 S:012C D:0E68 DB:86 nvMXdizc V:248 H: 87 F: 8
			83B6B6 85 36       STA $36       [000E9E] A:6103 X:000B Y:00D2 S:012C D:0E68 DB:86 nvMXdizc V:248 H: 93 F: 8		E-Shots --> [$86C970,RNG(00,0F)] = [$86C97B] = #$03
			83B6B8 A9 06       LDA #$06               A:6103 X:000B Y:00D2 S:012C D:0E68 DB:86 nvMXdizc V:248 H: 99 F: 8		A = a = #$06
			83B6BA 20 C8 B9    JSR $B9C8     [83B9C8] A:6106 X:000B Y:00D2 S:012C D:0E68 DB:86 nvMXdizc V:248 H:102 F: 8		JSR $83B9C8 --> Armadillo CDSkeleton Load

				83B9C8 08          PHP                    A:6106 X:000B Y:00D2 S:012A D:0E68 DB:86 nvMXdizc V:248 H:112 F: 8
				83B9C9 E2 30       SEP #$30               A:6106 X:000B Y:00D2 S:0129 D:0E68 DB:86 nvMXdizc V:248 H:117 F: 8
				83B9CB C9 0B       CMP #$0B               A:6106 X:000B Y:00D2 S:0129 D:0E68 DB:86 nvMXdizc V:248 H:122 F: 8
				83B9CD F0 1B       BEQ $001B     [83B9EA] A:6106 X:000B Y:00D2 S:0129 D:0E68 DB:86 NvMXdizc V:248 H:125 F: 8	Branch if a = #$0B
				83B9CF A6 33       LDX $33       [000E9B] A:6106 X:000B Y:00D2 S:0129 D:0E68 DB:86 NvMXdizc V:248 H:128 F: 8
				83B9D1 F0 03       BEQ $0003     [83B9D6] A:6106 X:0000 Y:00D2 S:0129 D:0E68 DB:86 nvMXdiZc V:248 H:144 F: 8	Branch because E-$33 = #$00
				83B9D6 AA          TAX                    A:6106 X:0000 Y:00D2 S:0129 D:0E68 DB:86 nvMXdiZc V:248 H:149 F: 8
				83B9D7 BD 5D C9    LDA $C95D,X   [86C963] A:6106 X:0006 Y:00D2 S:0129 D:0E68 DB:86 nvMXdizc V:248 H:152 F: 8	A = [$86C95D,a] = [86C963] = #$0C
				83B9DA A2 62       LDX #$62               A:610C X:0006 Y:00D2 S:0129 D:0E68 DB:86 nvMXdizc V:248 H:158 F: 8	|CountPoint = #$62
				83B9DC 86 16       STX $16       [000E7E] A:610C X:0062 Y:00D2 S:0129 D:0E68 DB:86 nvMXdizc V:248 H:161 F: 8	|
				83B9DE 22 07 8F 84 JSL $848F07   [848F07] A:610C X:0062 Y:00D2 S:0129 D:0E68 DB:86 nvMXdizc V:248 H:167 F: 8	JSL $848F07 --> Skeleton Load (SkelPoint = #$62, A=#$0C)

					848F07 08          PHP                    A:610C X:0062 Y:00D2 S:0126 D:0E68 DB:86 nvMXdizc V:248 H:181 F: 8
					848F08 8B          PHB                    A:610C X:0062 Y:00D2 S:0125 D:0E68 DB:86 nvMXdizc V:248 H:186 F: 8
					848F09 C2 30       REP #$30               A:610C X:0062 Y:00D2 S:0124 D:0E68 DB:86 nvMXdizc V:248 H:191 F: 8
					848F0B 8D 0E 00    STA $000E     [86000E] A:610C X:0062 Y:00D2 S:0124 D:0E68 DB:86 nvmxdizc V:248 H:195 F: 8
					848F0E A5 16       LDA $16       [000E7E] A:610C X:0062 Y:00D2 S:0124 D:0E68 DB:86 nvmxdizc V:248 H:204 F: 8
					848F10 29 FF 00    AND #$00FF             A:8B62 X:0062 Y:00D2 S:0124 D:0E68 DB:86 Nvmxdizc V:248 H:212 F: 8
					848F13 8D 0C 00    STA $000C     [86000C] A:0062 X:0062 Y:00D2 S:0124 D:0E68 DB:86 nvmxdizc V:248 H:217 F: 8
					848F16 0A          ASL A                  A:0062 X:0062 Y:00D2 S:0124 D:0E68 DB:86 nvmxdizc V:248 H:225 F: 8
					848F17 18          CLC                    A:00C4 X:0062 Y:00D2 S:0124 D:0E68 DB:86 nvmxdizc V:248 H:228 F: 8
					848F18 6D 0C 00    ADC $000C     [86000C] A:00C4 X:0062 Y:00D2 S:0124 D:0E68 DB:86 nvmxdizc V:248 H:231 F: 8
					848F1B AA          TAX                    A:0126 X:0062 Y:00D2 S:0124 D:0E68 DB:86 nvmxdizc V:248 H:240 F: 8
					848F1C BF 00 A0 AF LDA $AFA000,X [AFA126] A:0126 X:0126 Y:00D2 S:0124 D:0E68 DB:86 nvmxdizc V:248 H:243 F: 8
					848F20 85 14       STA $14       [000E7C] A:CCB8 X:0126 Y:00D2 S:0124 D:0E68 DB:86 Nvmxdizc V:248 H:252 F: 8
					848F22 E2 20       SEP #$20               A:CCB8 X:0126 Y:00D2 S:0124 D:0E68 DB:86 Nvmxdizc V:248 H:260 F: 8
					848F24 BF 02 A0 AF LDA $AFA002,X [AFA128] A:CCB8 X:0126 Y:00D2 S:0124 D:0E68 DB:86 NvMxdizc V:248 H:265 F: 8
					848F28 48          PHA                    A:CCAF X:0126 Y:00D2 S:0124 D:0E68 DB:86 NvMxdizc V:248 H:272 F: 8
					848F29 AB          PLB                    A:CCAF X:0126 Y:00D2 S:0123 D:0E68 DB:86 NvMxdizc V:248 H:277 F: 8
					848F2A C2 20       REP #$20               A:CCAF X:0126 Y:00D2 S:0124 D:0E68 DB:AF NvMxdizc V:248 H:284 F: 8
					848F2C AD 0E 00    LDA $000E     [AF000E] A:CCAF X:0126 Y:00D2 S:0124 D:0E68 DB:AF Nvmxdizc V:248 H:288 F: 8
					848F2F 29 FF 00    AND #$00FF             A:610C X:0126 Y:00D2 S:0124 D:0E68 DB:AF nvmxdizc V:248 H:297 F: 8
					848F32 0A          ASL A                  A:000C X:0126 Y:00D2 S:0124 D:0E68 DB:AF nvmxdizc V:248 H:301 F: 8
					848F33 A8          TAY                    A:0018 X:0126 Y:00D2 S:0124 D:0E68 DB:AF nvmxdizc V:248 H:304 F: 8
					848F34 B1 14       LDA ($14),Y   [AFCCD0] A:0018 X:0126 Y:0018 S:0124 D:0E68 DB:AF nvmxdizc V:248 H:307 F: 8
					848F36 65 14       ADC $14       [000E7C] A:00CA X:0126 Y:0018 S:0124 D:0E68 DB:AF nvmxdizc V:248 H:320 F: 8
					848F38 85 14       STA $14       [000E7C] A:CD82 X:0126 Y:0018 S:0124 D:0E68 DB:AF Nvmxdizc V:248 H:328 F: 8
					848F3A E2 30       SEP #$30               A:CD82 X:0126 Y:0018 S:0124 D:0E68 DB:AF Nvmxdizc V:248 H:336 F: 8
					848F3C B2 14       LDA ($14)     [AFCD82] A:CD82 X:0026 Y:0018 S:0124 D:0E68 DB:AF NvMXdizc V:249 H:  1 F: 8	Skeleton Start: [AFCD82]
					848F3E 85 13       STA $13       [000E7B] A:CD18 X:0026 Y:0018 S:0124 D:0E68 DB:AF nvMXdizc V:249 H: 11 F: 8
					848F40 A0 01       LDY #$01               A:CD18 X:0026 Y:0018 S:0124 D:0E68 DB:AF nvMXdizc V:249 H: 17 F: 8
					848F42 B1 14       LDA ($14),Y   [AFCD83] A:CD18 X:0026 Y:0001 S:0124 D:0E68 DB:AF nvMXdizc V:249 H: 20 F: 8
					848F44 85 0F       STA $0F       [000E77] A:CD00 X:0026 Y:0001 S:0124 D:0E68 DB:AF nvMXdiZc V:249 H: 30 F: 8
					848F46 C8          INY                    A:CD00 X:0026 Y:0001 S:0124 D:0E68 DB:AF nvMXdiZc V:249 H: 37 F: 8
					848F47 B1 14       LDA ($14),Y   [AFCD84] A:CD00 X:0026 Y:0002 S:0124 D:0E68 DB:AF nvMXdizc V:249 H: 40 F: 8
					848F49 85 17       STA $17       [000E7F] A:CD13 X:0026 Y:0002 S:0124 D:0E68 DB:AF nvMXdizc V:249 H: 50 F: 8
					848F4B A9 80       LDA #$80               A:CD13 X:0026 Y:0002 S:0124 D:0E68 DB:AF nvMXdizc V:249 H: 56 F: 8
					848F4D 04 17       TSB $17       [000E7F] A:CD80 X:0026 Y:0002 S:0124 D:0E68 DB:AF NvMXdizc V:249 H: 59 F: 8
					848F4F AB          PLB                    A:CD80 X:0026 Y:0002 S:0124 D:0E68 DB:AF NvMXdiZc V:249 H: 69 F: 8
					848F50 28          PLP                    A:CD80 X:0026 Y:0002 S:0125 D:0E68 DB:86 NvMXdizc V:249 H: 76 F: 8
					848F51 6B          RTL                    A:CD80 X:0026 Y:0002 S:0126 D:0E68 DB:86 nvMXdizc V:249 H: 82 F: 8

				83B9E2 A9 01       LDA #$01               A:CD80 X:0026 Y:0002 S:0129 D:0E68 DB:86 nvMXdizc V:249 H: 93 F: 8
				83B9E4 04 11       TSB $11       [000E79] A:CD01 X:0026 Y:0002 S:0129 D:0E68 DB:86 nvMXdizc V:249 H: 96 F: 8	E-Status: Set bit 01
				83B9E6 64 18       STZ $18       [000E80] A:CD01 X:0026 Y:0002 S:0129 D:0E68 DB:86 nvMXdizc V:249 H:106 F: 8	E-$18 = #$00
				83B9E8 28          PLP                    A:CD01 X:0026 Y:0002 S:0129 D:0E68 DB:86 nvMXdizc V:249 H:112 F: 8
				83B9E9 60          RTS                    A:CD01 X:0026 Y:0002 S:012A D:0E68 DB:86 nvMXdizc V:249 H:119 F: 8	Return

			83B6BD 60          RTS                    A:CD01 X:0026 Y:0002 S:012C D:0E68 DB:86 nvMXdizc V:249 H:129 F: 8		Return

		83B2ED A5 27       LDA $27       [000E8F] A:CD01 X:0026 Y:0002 S:012E D:0E68 DB:86 nvMXdizc V:249 H:149 F: 8
