80D4F6 20 30 D5    JSR $D530     [80D530] A:0E01 X:0000 Y:00D2 S:0133 D:0E68 DB:86 nvMXdizC V:247 H:163 F:32

	80D530 C2 20       REP #$20               A:0E01 X:0000 Y:00D2 S:0131 D:0E68 DB:86 nvMXdizC V:247 H:173 F:32
	80D532 A5 05       LDA $05       [000E6D] A:0E01 X:0000 Y:00D2 S:0131 D:0E68 DB:86 nvmXdizC V:247 H:177 F:32
	80D534 85 22       STA $22       [000E8A] A:1489 X:0000 Y:00D2 S:0131 D:0E68 DB:86 nvmXdizC V:247 H:186 F:32
	80D536 A5 08       LDA $08       [000E70] A:1489 X:0000 Y:00D2 S:0131 D:0E68 DB:86 nvmXdizC V:247 H:194 F:32
	80D538 85 24       STA $24       [000E8C] A:0A9D X:0000 Y:00D2 S:0131 D:0E68 DB:86 nvmXdizC V:247 H:203 F:32
	80D53A E2 20       SEP #$20               A:0A9D X:0000 Y:00D2 S:0131 D:0E68 DB:86 nvmXdizC V:247 H:211 F:32
	80D53C A9 80       LDA #$80               A:0A9D X:0000 Y:00D2 S:0131 D:0E68 DB:86 nvMXdizC V:247 H:216 F:32
	80D53E 14 0E       TRB $0E       [000E76] A:0A80 X:0000 Y:00D2 S:0131 D:0E68 DB:86 NvMXdizC V:247 H:219 F:32
	80D540 A5 0A       LDA $0A       [000E72] A:0A80 X:0000 Y:00D2 S:0131 D:0E68 DB:86 NvMXdizC V:247 H:229 F:32
	80D542 0A          ASL A                  A:0A14 X:0000 Y:00D2 S:0131 D:0E68 DB:86 nvMXdizC V:247 H:235 F:32
	80D543 AA          TAX                    A:0A28 X:0000 Y:00D2 S:0131 D:0E68 DB:86 nvMXdizc V:247 H:238 F:32
	80D544 7C DD F8    JMP ($F8DD,X) [80F905] A:0A28 X:0028 Y:00D2 S:0131 D:0E68 DB:86 nvMXdizc V:247 H:241 F:32

	80FA15 22 44 B1 83 JSL $83B144   [83B144] A:0A28 X:0028 Y:00D2 S:0131 D:0E68 DB:86 nvMXdizc V:247 H:250 F:32

		83B144 A6 01       LDX $01       [000E69] A:0A28 X:0028 Y:00D2 S:012E D:0E68 DB:86 nvMXdizc V:247 H:264 F:32
		83B146 7C 49 B1    JMP ($B149,X) [83B14D] A:0A28 X:0004 Y:00D2 S:012E D:0E68 DB:86 nvMXdizc V:247 H:270 F:32

		83B2E8 A6 02       LDX $02       [000E6A] A:0A28 X:0004 Y:00D2 S:012E D:0E68 DB:86 nvMXdizc V:247 H:279 F:32
		83B2EA FC DA B3    JSR ($B3DA,X) [83B3DC] A:0A28 X:0002 Y:00D2 S:012E D:0E68 DB:86 nvMXdizc V:247 H:286 F:32

			83B69D A6 03       LDX $03       [000E6B] A:0A28 X:0002 Y:00D2 S:012C D:0E68 DB:86 nvMXdizc V:247 H:299 F:32
			83B69F 7C A2 B6    JMP ($B6A2,X) [83B6A4] A:0A28 X:0002 Y:00D2 S:012C D:0E68 DB:86 nvMXdizc V:247 H:305 F:32

			83B6BE 22 EA 8E 84 JSL $848EEA   [848EEA] A:0A28 X:0002 Y:00D2 S:012C D:0E68 DB:86 nvMXdizc V:247 H:314 F:32		JSL $848EEA --> Decrease CDSkel, Continue Skeleton

				848EEA 08          PHP                    A:0A28 X:0002 Y:00D2 S:0129 D:0E68 DB:86 nvMXdizc V:247 H:327 F:32
				848EEB 8B          PHB                    A:0A28 X:0002 Y:00D2 S:0128 D:0E68 DB:86 nvMXdizc V:247 H:332 F:32
				848EEC E2 30       SEP #$30               A:0A28 X:0002 Y:00D2 S:0127 D:0E68 DB:86 nvMXdizc V:247 H:337 F:32
				848EEE C6 13       DEC $13       [000E7B] A:0A28 X:0002 Y:00D2 S:0127 D:0E68 DB:86 nvMXdizc V:248 H:  1 F:32
				848EF0 D0 5D       BNE $005D     [848F4F] A:0A28 X:0002 Y:00D2 S:0127 D:0E68 DB:86 nvMXdiZc V:248 H: 11 F:32
				848EF2 A9 AF       LDA #$AF               A:0A28 X:0002 Y:00D2 S:0127 D:0E68 DB:86 nvMXdiZc V:248 H: 14 F:32
				848EF4 48          PHA                    A:0AAF X:0002 Y:00D2 S:0127 D:0E68 DB:86 NvMXdizc V:248 H: 17 F:32
				848EF5 AB          PLB                    A:0AAF X:0002 Y:00D2 S:0126 D:0E68 DB:86 NvMXdizc V:248 H: 22 F:32
				848EF6 C2 21       REP #$21               A:0AAF X:0002 Y:00D2 S:0127 D:0E68 DB:AF NvMXdizc V:248 H: 29 F:32
				848EF8 A5 14       LDA $14       [000E7C] A:0AAF X:0002 Y:00D2 S:0127 D:0E68 DB:AF NvmXdizc V:248 H: 33 F:32
				848EFA 69 03 00    ADC #$0003             A:CD82 X:0002 Y:00D2 S:0127 D:0E68 DB:AF NvmXdizc V:248 H: 42 F:32
				848EFD A4 0F       LDY $0F       [000E77] A:CD85 X:0002 Y:00D2 S:0127 D:0E68 DB:AF NvmXdizc V:248 H: 46 F:32
				848EFF 10 37       BPL $0037     [848F38] A:CD85 X:0002 Y:0000 S:0127 D:0E68 DB:AF nvmXdiZc V:248 H: 53 F:32
				848F38 85 14       STA $14       [000E7C] A:CD85 X:0002 Y:0000 S:0127 D:0E68 DB:AF nvmXdiZc V:248 H: 57 F:32
				848F3A E2 30       SEP #$30               A:CD85 X:0002 Y:0000 S:0127 D:0E68 DB:AF nvmXdiZc V:248 H: 66 F:32
				848F3C B2 14       LDA ($14)     [AFCD85] A:CD85 X:0002 Y:0000 S:0127 D:0E68 DB:AF nvMXdiZc V:248 H: 70 F:32
				848F3E 85 13       STA $13       [000E7B] A:CD04 X:0002 Y:0000 S:0127 D:0E68 DB:AF nvMXdizc V:248 H: 80 F:32
				848F40 A0 01       LDY #$01               A:CD04 X:0002 Y:0000 S:0127 D:0E68 DB:AF nvMXdizc V:248 H: 87 F:32
				848F42 B1 14       LDA ($14),Y   [AFCD86] A:CD04 X:0002 Y:0001 S:0127 D:0E68 DB:AF nvMXdizc V:248 H: 90 F:32
				848F44 85 0F       STA $0F       [000E77] A:CD01 X:0002 Y:0001 S:0127 D:0E68 DB:AF nvMXdizc V:248 H:100 F:32
				848F46 C8          INY                    A:CD01 X:0002 Y:0001 S:0127 D:0E68 DB:AF nvMXdizc V:248 H:106 F:32
				848F47 B1 14       LDA ($14),Y   [AFCD87] A:CD01 X:0002 Y:0002 S:0127 D:0E68 DB:AF nvMXdizc V:248 H:109 F:32
				848F49 85 17       STA $17       [000E7F] A:CD14 X:0002 Y:0002 S:0127 D:0E68 DB:AF nvMXdizc V:248 H:119 F:32
				848F4B A9 80       LDA #$80               A:CD14 X:0002 Y:0002 S:0127 D:0E68 DB:AF nvMXdizc V:248 H:126 F:32
				848F4D 04 17       TSB $17       [000E7F] A:CD80 X:0002 Y:0002 S:0127 D:0E68 DB:AF NvMXdizc V:248 H:129 F:32
				848F4F AB          PLB                    A:CD80 X:0002 Y:0002 S:0127 D:0E68 DB:AF NvMXdiZc V:248 H:149 F:32
				848F50 28          PLP                    A:CD80 X:0002 Y:0002 S:0128 D:0E68 DB:86 NvMXdizc V:248 H:155 F:32
				848F51 6B          RTL                    A:CD80 X:0002 Y:0002 S:0129 D:0E68 DB:86 nvMXdizc V:248 H:162 F:32

			83B6C2 A5 17       LDA $17       [000E7F] A:CD80 X:0002 Y:0002 S:012C D:0E68 DB:86 nvMXdizc V:248 H:172 F:32
			83B6C4 10 7B       BPL $007B     [83B741] A:CD94 X:0002 Y:0002 S:012C D:0E68 DB:86 NvMXdizc V:248 H:179 F:32
			83B6C6 29 7F       AND #$7F               A:CD94 X:0002 Y:0002 S:012C D:0E68 DB:86 NvMXdizc V:248 H:182 F:32
			83B6C8 85 17       STA $17       [000E7F] A:CD14 X:0002 Y:0002 S:012C D:0E68 DB:86 nvMXdizc V:248 H:185 F:32
			83B6CA A5 0F       LDA $0F       [000E77] A:CD14 X:0002 Y:0002 S:012C D:0E68 DB:86 nvMXdizc V:248 H:191 F:32
			83B6CC 30 65       BMI $0065     [83B733] A:CD01 X:0002 Y:0002 S:012C D:0E68 DB:86 nvMXdizc V:248 H:198 F:32		Branch if SkelAction is negative
			83B6CE F0 71       BEQ $0071     [83B741] A:CD01 X:0002 Y:0002 S:012C D:0E68 DB:86 nvMXdizc V:248 H:201 F:32		Branch if SkelAction = #$$00
			83B6D0 C6 36       DEC $36       [000E9E] A:CD01 X:0002 Y:0002 S:012C D:0E68 DB:86 nvMXdizc V:248 H:204 F:32		Decrease E-Shots
			83B6D2 22 58 83 82 JSL $828358   [828358] A:CD01 X:0002 Y:0002 S:012C D:0E68 DB:86 nvMXdizc V:248 H:214 F:32		JSL $828358 --> X = First empty EnemyShot,Z=1

							828358 C2 30       REP #$30               A:CD01 X:0002 Y:0002 S:0129 D:0E68 DB:86 nvMXdizc V:248 H:227 F:32
							82835A A2 28 14    LDX #$1428             A:CD01 X:0002 Y:0002 S:0129 D:0E68 DB:86 nvmxdizc V:248 H:232 F:32
							82835D BD 00 00    LDA $0000,X   [861428] A:CD01 X:1428 Y:0002 S:0129 D:0E68 DB:86 nvmxdizc V:248 H:236 F:32
							828360 F0 D9       BEQ $00D9     [82833B] A:0000 X:1428 Y:0002 S:0129 D:0E68 DB:86 nvmxdiZc V:248 H:246 F:32
							82833B E2 22       SEP #$22               A:0000 X:1428 Y:0002 S:0129 D:0E68 DB:86 nvmxdiZc V:248 H:251 F:32
							82833D 6B          RTL                    A:0000 X:1428 Y:0002 S:0129 D:0E68 DB:86 nvMxdiZc V:248 H:255 F:32

			83B6D6 D0 51       BNE $0051     [83B729] A:0000 X:1428 Y:0002 S:012C D:0E68 DB:86 nvMxdiZc V:248 H:266 F:32		Branch if there's no empty EnemyShot
			83B6D8 FE 00 00    INC $0000,X   [861428] A:0000 X:1428 Y:0002 S:012C D:0E68 DB:86 nvMxdiZc V:248 H:269 F:32		ES-Exist = #$01
			83B6DB A9 04       LDA #$04               A:0000 X:1428 Y:0002 S:012C D:0E68 DB:86 nvMxdizc V:248 H:280 F:32
			83B6DD 9D 0A 00    STA $000A,X   [861432] A:0004 X:1428 Y:0002 S:012C D:0E68 DB:86 nvMxdizc V:248 H:283 F:32		ES-ID = #$04
			83B6E0 9E 0B 00    STZ $000B,X   [861433] A:0004 X:1428 Y:0002 S:012C D:0E68 DB:86 nvMxdizc V:248 H:291 F:32		ES-SubID = #$00
			83B6E3 A5 11       LDA $11       [000E79] A:0004 X:1428 Y:0002 S:012C D:0E68 DB:86 nvMxdizc V:248 H:299 F:32
			83B6E5 29 40       AND #$40               A:002B X:1428 Y:0002 S:012C D:0E68 DB:86 nvMxdizc V:248 H:306 F:32
			83B6E7 9D 11 00    STA $0011,X   [861439] A:0000 X:1428 Y:0002 S:012C D:0E68 DB:86 nvMxdiZc V:248 H:309 F:32		ES-Facing = E-Facing
			83B6EA 0A          ASL A                  A:0000 X:1428 Y:0002 S:012C D:0E68 DB:86 nvMxdiZc V:248 H:317 F:32
			83B6EB 0A          ASL A                  A:0000 X:1428 Y:0002 S:012C D:0E68 DB:86 nvMxdiZc V:248 H:320 F:32
			83B6EC C2 20       REP #$20               A:0000 X:1428 Y:0002 S:012C D:0E68 DB:86 nvMxdiZc V:248 H:323 F:32
			83B6EE A9 0F 00    LDA #$000F             A:0000 X:1428 Y:0002 S:012C D:0E68 DB:86 nvmxdiZc V:248 H:327 F:32
			83B6F1 B0 03       BCS $0003     [83B6F6] A:000F X:1428 Y:0002 S:012C D:0E68 DB:86 nvmxdizc V:248 H:331 F:32
			83B6F3 A9 F1 FF    LDA #$FFF1             A:000F X:1428 Y:0002 S:012C D:0E68 DB:86 nvmxdizc V:248 H:334 F:32
			83B6F6 18          CLC                    A:FFF1 X:1428 Y:0002 S:012C D:0E68 DB:86 Nvmxdizc V:248 H:338 F:32
			83B6F7 65 05       ADC $05       [000E6D] A:FFF1 X:1428 Y:0002 S:012C D:0E68 DB:86 Nvmxdizc V:249 H:  1 F:32
			83B6F9 9D 05 00    STA $0005,X   [86142D] A:147A X:1428 Y:0002 S:012C D:0E68 DB:86 nvmxdizC V:249 H: 10 F:32		ES-X-Pos = E-X-Pos + #$000F (#$FFF1 if Facing = Left)
			83B6FC A5 08       LDA $08       [000E70] A:147A X:1428 Y:0002 S:012C D:0E68 DB:86 nvmxdizC V:249 H: 20 F:32
			83B6FE 38          SEC                    A:0A9D X:1428 Y:0002 S:012C D:0E68 DB:86 nvmxdizC V:249 H: 28 F:32
			83B6FF E9 0E 00    SBC #$000E             A:0A9D X:1428 Y:0002 S:012C D:0E68 DB:86 nvmxdizC V:249 H: 31 F:32
			83B702 9D 08 00    STA $0008,X   [861430] A:0A8F X:1428 Y:0002 S:012C D:0E68 DB:86 nvmxdizC V:249 H: 36 F:32		ES-Y-Pos = E-Y-Pos - #$000E
			83B705 22 D3 82 82 JSL $8282D3   [8282D3] A:0A8F X:1428 Y:0002 S:012C D:0E68 DB:86 nvmxdizC V:249 H: 46 F:32		JSL #$8282D3 --> X = First empty OtherData

				8282D3 C2 30       REP #$30               A:0A8F X:1428 Y:0002 S:0129 D:0E68 DB:86 nvmxdizC V:249 H: 59 F:32
				8282D5 A2 28 19    LDX #$1928             A:0A8F X:1428 Y:0002 S:0129 D:0E68 DB:86 nvmxdizC V:249 H: 64 F:32
				8282D8 BD 00 00    LDA $0000,X   [861928] A:0A8F X:1928 Y:0002 S:0129 D:0E68 DB:86 nvmxdizC V:249 H: 68 F:32
				8282DB F0 5E       BEQ $005E     [82833B] A:0000 X:1928 Y:0002 S:0129 D:0E68 DB:86 nvmxdiZC V:249 H: 78 F:32
				82833B E2 22       SEP #$22               A:0000 X:1928 Y:0002 S:0129 D:0E68 DB:86 nvmxdiZC V:249 H: 83 F:32
				82833D 6B          RTL                    A:0000 X:1928 Y:0002 S:0129 D:0E68 DB:86 nvMxdiZC V:249 H: 87 F:32

			83B709 D0 1E       BNE $001E     [83B729] A:0000 X:1928 Y:0002 S:012C D:0E68 DB:86 nvMxdiZC V:249 H: 98 F:32
			83B70B FE 00 00    INC $0000,X   [861928] A:0000 X:1928 Y:0002 S:012C D:0E68 DB:86 nvMxdiZC V:249 H:101 F:32		O-Exist = #$01
			83B70E A9 10       LDA #$10               A:0000 X:1928 Y:0002 S:012C D:0E68 DB:86 nvMxdizC V:249 H:112 F:32
			83B710 9D 0A 00    STA $000A,X   [861932] A:0010 X:1928 Y:0002 S:012C D:0E68 DB:86 nvMxdizC V:249 H:115 F:32		O-ID = #$10
			83B713 A9 0F       LDA #$0F               A:0010 X:1928 Y:0002 S:012C D:0E68 DB:86 nvMxdizC V:249 H:123 F:32
			83B715 9D 0B 00    STA $000B,X   [861933] A:000F X:1928 Y:0002 S:012C D:0E68 DB:86 nvMxdizC V:249 H:126 F:32		O-SubID = #$0F
			83B718 A5 11       LDA $11       [000E79] A:000F X:1928 Y:0002 S:012C D:0E68 DB:86 nvMxdizC V:249 H:144 F:32
			83B71A 9D 11 00    STA $0011,X   [861939] A:002B X:1928 Y:0002 S:012C D:0E68 DB:86 nvMxdizC V:249 H:151 F:32		O-Facing = E-Facing
			83B71D C2 20       REP #$20               A:002B X:1928 Y:0002 S:012C D:0E68 DB:86 nvMxdizC V:249 H:159 F:32
			83B71F A5 05       LDA $05       [000E6D] A:002B X:1928 Y:0002 S:012C D:0E68 DB:86 nvmxdizC V:249 H:163 F:32
			83B721 9D 05 00    STA $0005,X   [86192D] A:1489 X:1928 Y:0002 S:012C D:0E68 DB:86 nvmxdizC V:249 H:172 F:32		O-X-Pos = E-X-Pos
			83B724 A5 08       LDA $08       [000E70] A:1489 X:1928 Y:0002 S:012C D:0E68 DB:86 nvmxdizC V:249 H:182 F:32
			83B726 9D 08 00    STA $0008,X   [861930] A:0A9D X:1928 Y:0002 S:012C D:0E68 DB:86 nvmxdizC V:249 H:190 F:32		O-Y-Pos = E-Y-Pos
			83B729 E2 30       SEP #$30               A:0A9D X:1928 Y:0002 S:012C D:0E68 DB:86 nvmxdizC V:249 H:200 F:32
			83B72B A9 33       LDA #$33               A:0A9D X:0028 Y:0002 S:012C D:0E68 DB:86 nvMXdizC V:249 H:205 F:32
			83B72D 22 A2 88 80 JSL $8088A2   [8088A2] A:0A33 X:0028 Y:0002 S:012C D:0E68 DB:86 nvMXdizC V:249 H:208 F:32		JSL $8088A2 --> Play Sound Effect (A = Sound Effect ID)

				8088A2 DA          PHX                    A:0A33 X:0028 Y:0002 S:0129 D:0E68 DB:86 nvMXdizC V:249 H:221 F:32
				8088A3 5A          PHY                    A:0A33 X:0028 Y:0002 S:0128 D:0E68 DB:86 nvMXdizC V:249 H:226 F:32
				8088A4 08          PHP                    A:0A33 X:0028 Y:0002 S:0127 D:0E68 DB:86 nvMXdizC V:249 H:231 F:32
				8088A5 C2 20       REP #$20               A:0A33 X:0028 Y:0002 S:0126 D:0E68 DB:86 nvMXdizC V:249 H:236 F:32
				8088A7 E2 10       SEP #$10               A:0A33 X:0028 Y:0002 S:0126 D:0E68 DB:86 nvmXdizC V:249 H:241 F:32
				8088A9 48          PHA                    A:0A33 X:0028 Y:0002 S:0126 D:0E68 DB:86 nvmXdizC V:249 H:245 F:32
				8088AA A5 05       LDA $05       [000E6D] A:0A33 X:0028 Y:0002 S:0124 D:0E68 DB:86 nvmXdizC V:249 H:252 F:32
				8088AC 38          SEC                    A:1489 X:0028 Y:0002 S:0124 D:0E68 DB:86 nvmXdizC V:249 H:261 F:32
				8088AD ED AD 0B    SBC $0BAD     [860BAD] A:1489 X:0028 Y:0002 S:0124 D:0E68 DB:86 nvmXdizC V:249 H:264 F:32
				8088B0 10 0E       BPL $000E     [8088C0] A:0066 X:0028 Y:0002 S:0124 D:0E68 DB:86 nvmXdizC V:249 H:272 F:32
				8088C0 4A          LSR A                  A:0066 X:0028 Y:0002 S:0124 D:0E68 DB:86 nvmXdizC V:249 H:277 F:32
				8088C1 C9 7F 00    CMP #$007F             A:0033 X:0028 Y:0002 S:0124 D:0E68 DB:86 nvmXdizc V:249 H:280 F:32
				8088C4 30 03       BMI $0003     [8088C9] A:0033 X:0028 Y:0002 S:0124 D:0E68 DB:86 NvmXdizc V:249 H:284 F:32
				8088C9 A8          TAY                    A:0033 X:0028 Y:0002 S:0124 D:0E68 DB:86 NvmXdizc V:249 H:289 F:32
				8088CA 68          PLA                    A:0033 X:0028 Y:0033 S:0124 D:0E68 DB:86 nvmXdizc V:249 H:292 F:32
				8088CB 80 07       BRA $0007     [8088D4] A:0A33 X:0028 Y:0033 S:0126 D:0E68 DB:86 nvmXdizc V:249 H:300 F:32
				8088D4 E2 31       SEP #$31               A:0A33 X:0028 Y:0033 S:0126 D:0E68 DB:86 nvmXdizc V:249 H:305 F:32
				8088D6 AE A3 0B    LDX $0BA3     [860BA3] A:0A33 X:0028 Y:0033 S:0126 D:0E68 DB:86 nvMXdizC V:249 H:309 F:32
				8088D9 9D 72 0B    STA $0B72,X   [860B8A] A:0A33 X:0018 Y:0033 S:0126 D:0E68 DB:86 nvMXdizC V:249 H:316 F:32
				8088DC 98          TYA                    A:0A33 X:0018 Y:0033 S:0126 D:0E68 DB:86 nvMXdizC V:249 H:323 F:32
				8088DD 9D 73 0B    STA $0B73,X   [860B8B] A:0A33 X:0018 Y:0033 S:0126 D:0E68 DB:86 nvMXdizC V:249 H:326 F:32
				8088E0 E8          INX                    A:0A33 X:0018 Y:0033 S:0126 D:0E68 DB:86 nvMXdizC V:249 H:334 F:32
				8088E1 E8          INX                    A:0A33 X:0019 Y:0033 S:0126 D:0E68 DB:86 nvMXdizC V:249 H:337 F:32
				8088E2 8A          TXA                    A:0A33 X:001A Y:0033 S:0126 D:0E68 DB:86 nvMXdizC V:250 H:  0 F:32
				8088E3 29 1E       AND #$1E               A:0A1A X:001A Y:0033 S:0126 D:0E68 DB:86 nvMXdizC V:250 H:  3 F:32
				8088E5 8D A3 0B    STA $0BA3     [860BA3] A:0A1A X:001A Y:0033 S:0126 D:0E68 DB:86 nvMXdizC V:250 H:  6 F:32
				8088E8 28          PLP                    A:0A1A X:001A Y:0033 S:0126 D:0E68 DB:86 nvMXdizC V:250 H: 12 F:32
				8088E9 7A          PLY                    A:0A1A X:001A Y:0033 S:0127 D:0E68 DB:86 nvMXdizC V:250 H: 19 F:32
				8088EA FA          PLX                    A:0A1A X:001A Y:0002 S:0128 D:0E68 DB:86 nvMXdizC V:250 H: 25 F:32
				8088EB 6B          RTL                    A:0A1A X:0028 Y:0002 S:0129 D:0E68 DB:86 nvMXdizC V:250 H: 32 F:32

			83B731 80 0E       BRA $000E     [83B741] A:0A1A X:0028 Y:0002 S:012C D:0E68 DB:86 nvMXdizC V:250 H: 42 F:32
			83B741 20 20 BA    JSR $BA20     [83BA20] A:0A1A X:0028 Y:0002 S:012C D:0E68 DB:86 nvMXdizC V:250 H: 47 F:32		JSR $83BA20 --> X = First empty MMXShotData,Z=1

				83BA20 A5 33       LDA $33       [000E9B] A:0A1A X:0028 Y:0002 S:012A D:0E68 DB:86 nvMXdizC V:250 H: 57 F:32
				83BA22 F0 03       BEQ $0003     [83BA27] A:0A00 X:0028 Y:0002 S:012A D:0E68 DB:86 nvMXdiZC V:250 H: 63 F:32
				83BA27 C2 10       REP #$10               A:0A00 X:0028 Y:0002 S:012A D:0E68 DB:86 nvMXdiZC V:250 H: 68 F:32
				83BA29 A2 28 12    LDX #$1228             A:0A00 X:0028 Y:0002 S:012A D:0E68 DB:86 nvMxdiZC V:250 H: 72 F:32
				83BA2C E2 20       SEP #$20               A:0A00 X:1228 Y:0002 S:012A D:0E68 DB:86 nvMxdizC V:250 H: 77 F:32
				83BA2E BD 00 00    LDA $0000,X   [861228] A:0A00 X:1228 Y:0002 S:012A D:0E68 DB:86 nvMxdizC V:250 H: 81 F:32
				83BA31 F0 54       BEQ $0054     [83BA87] A:0A00 X:1228 Y:0002 S:012A D:0E68 DB:86 nvMxdiZC V:250 H: 89 F:32
				83BA87 C2 20       REP #$20               A:0A00 X:1228 Y:0002 S:012A D:0E68 DB:86 nvMxdiZC V:250 H: 94 F:32
				83BA89 8A          TXA                    A:0A00 X:1228 Y:0002 S:012A D:0E68 DB:86 nvmxdiZC V:250 H: 98 F:32
				83BA8A 18          CLC                    A:1228 X:1228 Y:0002 S:012A D:0E68 DB:86 nvmxdizC V:250 H:101 F:32
				83BA8B 69 40 00    ADC #$0040             A:1228 X:1228 Y:0002 S:012A D:0E68 DB:86 nvmxdizc V:250 H:104 F:32
				83BA8E AA          TAX                    A:1268 X:1228 Y:0002 S:012A D:0E68 DB:86 nvmxdizc V:250 H:109 F:32
				83BA8F C9 28 14    CMP #$1428             A:1268 X:1268 Y:0002 S:012A D:0E68 DB:86 nvmxdizc V:250 H:112 F:32
				83BA92 90 98       BCC $0098     [83BA2C] A:1268 X:1268 Y:0002 S:012A D:0E68 DB:86 Nvmxdizc V:250 H:116 F:32
				83BA2C E2 20       SEP #$20               A:1268 X:1268 Y:0002 S:012A D:0E68 DB:86 Nvmxdizc V:250 H:121 F:32
				83BA2E BD 00 00    LDA $0000,X   [861268] A:1268 X:1268 Y:0002 S:012A D:0E68 DB:86 NvMxdizc V:250 H:125 F:32
				83BA31 F0 54       BEQ $0054     [83BA87] A:1200 X:1268 Y:0002 S:012A D:0E68 DB:86 nvMxdiZc V:250 H:133 F:32
				83BA87 C2 20       REP #$20               A:1200 X:1268 Y:0002 S:012A D:0E68 DB:86 nvMxdiZc V:250 H:148 F:32
				83BA89 8A          TXA                    A:1200 X:1268 Y:0002 S:012A D:0E68 DB:86 nvmxdiZc V:250 H:152 F:32
				83BA8A 18          CLC                    A:1268 X:1268 Y:0002 S:012A D:0E68 DB:86 nvmxdizc V:250 H:155 F:32
				83BA8B 69 40 00    ADC #$0040             A:1268 X:1268 Y:0002 S:012A D:0E68 DB:86 nvmxdizc V:250 H:158 F:32
				83BA8E AA          TAX                    A:12A8 X:1268 Y:0002 S:012A D:0E68 DB:86 nvmxdizc V:250 H:163 F:32
				83BA8F C9 28 14    CMP #$1428             A:12A8 X:12A8 Y:0002 S:012A D:0E68 DB:86 nvmxdizc V:250 H:166 F:32
				83BA92 90 98       BCC $0098     [83BA2C] A:12A8 X:12A8 Y:0002 S:012A D:0E68 DB:86 Nvmxdizc V:250 H:170 F:32
				83BA2C E2 20       SEP #$20               A:12A8 X:12A8 Y:0002 S:012A D:0E68 DB:86 Nvmxdizc V:250 H:175 F:32
				83BA2E BD 00 00    LDA $0000,X   [8612A8] A:12A8 X:12A8 Y:0002 S:012A D:0E68 DB:86 NvMxdizc V:250 H:179 F:32
				83BA31 F0 54       BEQ $0054     [83BA87] A:1200 X:12A8 Y:0002 S:012A D:0E68 DB:86 nvMxdiZc V:250 H:187 F:32
				83BA87 C2 20       REP #$20               A:1200 X:12A8 Y:0002 S:012A D:0E68 DB:86 nvMxdiZc V:250 H:192 F:32
				83BA89 8A          TXA                    A:1200 X:12A8 Y:0002 S:012A D:0E68 DB:86 nvmxdiZc V:250 H:196 F:32
				83BA8A 18          CLC                    A:12A8 X:12A8 Y:0002 S:012A D:0E68 DB:86 nvmxdizc V:250 H:199 F:32
				83BA8B 69 40 00    ADC #$0040             A:12A8 X:12A8 Y:0002 S:012A D:0E68 DB:86 nvmxdizc V:250 H:202 F:32
				83BA8E AA          TAX                    A:12E8 X:12A8 Y:0002 S:012A D:0E68 DB:86 nvmxdizc V:250 H:207 F:32
				83BA8F C9 28 14    CMP #$1428             A:12E8 X:12E8 Y:0002 S:012A D:0E68 DB:86 nvmxdizc V:250 H:210 F:32
				83BA92 90 98       BCC $0098     [83BA2C] A:12E8 X:12E8 Y:0002 S:012A D:0E68 DB:86 Nvmxdizc V:250 H:214 F:32
				83BA2C E2 20       SEP #$20               A:12E8 X:12E8 Y:0002 S:012A D:0E68 DB:86 Nvmxdizc V:250 H:219 F:32
				83BA2E BD 00 00    LDA $0000,X   [8612E8] A:12E8 X:12E8 Y:0002 S:012A D:0E68 DB:86 NvMxdizc V:250 H:223 F:32
				83BA31 F0 54       BEQ $0054     [83BA87] A:1200 X:12E8 Y:0002 S:012A D:0E68 DB:86 nvMxdiZc V:250 H:231 F:32
				83BA87 C2 20       REP #$20               A:1200 X:12E8 Y:0002 S:012A D:0E68 DB:86 nvMxdiZc V:250 H:236 F:32
				83BA89 8A          TXA                    A:1200 X:12E8 Y:0002 S:012A D:0E68 DB:86 nvmxdiZc V:250 H:240 F:32
				83BA8A 18          CLC                    A:12E8 X:12E8 Y:0002 S:012A D:0E68 DB:86 nvmxdizc V:250 H:243 F:32
				83BA8B 69 40 00    ADC #$0040             A:12E8 X:12E8 Y:0002 S:012A D:0E68 DB:86 nvmxdizc V:250 H:246 F:32
				83BA8E AA          TAX                    A:1328 X:12E8 Y:0002 S:012A D:0E68 DB:86 nvmxdizc V:250 H:251 F:32
				83BA8F C9 28 14    CMP #$1428             A:1328 X:1328 Y:0002 S:012A D:0E68 DB:86 nvmxdizc V:250 H:254 F:32
				83BA92 90 98       BCC $0098     [83BA2C] A:1328 X:1328 Y:0002 S:012A D:0E68 DB:86 Nvmxdizc V:250 H:258 F:32
				83BA2C E2 20       SEP #$20               A:1328 X:1328 Y:0002 S:012A D:0E68 DB:86 Nvmxdizc V:250 H:263 F:32
				83BA2E BD 00 00    LDA $0000,X   [861328] A:1328 X:1328 Y:0002 S:012A D:0E68 DB:86 NvMxdizc V:250 H:267 F:32
				83BA31 F0 54       BEQ $0054     [83BA87] A:1300 X:1328 Y:0002 S:012A D:0E68 DB:86 nvMxdiZc V:250 H:275 F:32
				83BA87 C2 20       REP #$20               A:1300 X:1328 Y:0002 S:012A D:0E68 DB:86 nvMxdiZc V:250 H:280 F:32
				83BA89 8A          TXA                    A:1300 X:1328 Y:0002 S:012A D:0E68 DB:86 nvmxdiZc V:250 H:284 F:32
				83BA8A 18          CLC                    A:1328 X:1328 Y:0002 S:012A D:0E68 DB:86 nvmxdizc V:250 H:287 F:32
				83BA8B 69 40 00    ADC #$0040             A:1328 X:1328 Y:0002 S:012A D:0E68 DB:86 nvmxdizc V:250 H:290 F:32
				83BA8E AA          TAX                    A:1368 X:1328 Y:0002 S:012A D:0E68 DB:86 nvmxdizc V:250 H:295 F:32
				83BA8F C9 28 14    CMP #$1428             A:1368 X:1368 Y:0002 S:012A D:0E68 DB:86 nvmxdizc V:250 H:298 F:32
				83BA92 90 98       BCC $0098     [83BA2C] A:1368 X:1368 Y:0002 S:012A D:0E68 DB:86 Nvmxdizc V:250 H:302 F:32
				83BA2C E2 20       SEP #$20               A:1368 X:1368 Y:0002 S:012A D:0E68 DB:86 Nvmxdizc V:250 H:307 F:32
				83BA2E BD 00 00    LDA $0000,X   [861368] A:1368 X:1368 Y:0002 S:012A D:0E68 DB:86 NvMxdizc V:250 H:311 F:32
				83BA31 F0 54       BEQ $0054     [83BA87] A:1300 X:1368 Y:0002 S:012A D:0E68 DB:86 nvMxdiZc V:250 H:319 F:32
				83BA87 C2 20       REP #$20               A:1300 X:1368 Y:0002 S:012A D:0E68 DB:86 nvMxdiZc V:250 H:323 F:32
				83BA89 8A          TXA                    A:1300 X:1368 Y:0002 S:012A D:0E68 DB:86 nvmxdiZc V:250 H:327 F:32
				83BA8A 18          CLC                    A:1368 X:1368 Y:0002 S:012A D:0E68 DB:86 nvmxdizc V:250 H:330 F:32
				83BA8B 69 40 00    ADC #$0040             A:1368 X:1368 Y:0002 S:012A D:0E68 DB:86 nvmxdizc V:250 H:333 F:32
				83BA8E AA          TAX                    A:13A8 X:1368 Y:0002 S:012A D:0E68 DB:86 nvmxdizc V:250 H:338 F:32
				83BA8F C9 28 14    CMP #$1428             A:13A8 X:13A8 Y:0002 S:012A D:0E68 DB:86 nvmxdizc V:251 H:  1 F:32
				83BA92 90 98       BCC $0098     [83BA2C] A:13A8 X:13A8 Y:0002 S:012A D:0E68 DB:86 Nvmxdizc V:251 H:  5 F:32
				83BA2C E2 20       SEP #$20               A:13A8 X:13A8 Y:0002 S:012A D:0E68 DB:86 Nvmxdizc V:251 H: 10 F:32
				83BA2E BD 00 00    LDA $0000,X   [8613A8] A:13A8 X:13A8 Y:0002 S:012A D:0E68 DB:86 NvMxdizc V:251 H: 14 F:32
				83BA31 F0 54       BEQ $0054     [83BA87] A:1300 X:13A8 Y:0002 S:012A D:0E68 DB:86 nvMxdiZc V:251 H: 22 F:32
				83BA87 C2 20       REP #$20               A:1300 X:13A8 Y:0002 S:012A D:0E68 DB:86 nvMxdiZc V:251 H: 27 F:32
				83BA89 8A          TXA                    A:1300 X:13A8 Y:0002 S:012A D:0E68 DB:86 nvmxdiZc V:251 H: 31 F:32
				83BA8A 18          CLC                    A:13A8 X:13A8 Y:0002 S:012A D:0E68 DB:86 nvmxdizc V:251 H: 34 F:32
				83BA8B 69 40 00    ADC #$0040             A:13A8 X:13A8 Y:0002 S:012A D:0E68 DB:86 nvmxdizc V:251 H: 37 F:32
				83BA8E AA          TAX                    A:13E8 X:13A8 Y:0002 S:012A D:0E68 DB:86 nvmxdizc V:251 H: 42 F:32
				83BA8F C9 28 14    CMP #$1428             A:13E8 X:13E8 Y:0002 S:012A D:0E68 DB:86 nvmxdizc V:251 H: 45 F:32
				83BA92 90 98       BCC $0098     [83BA2C] A:13E8 X:13E8 Y:0002 S:012A D:0E68 DB:86 Nvmxdizc V:251 H: 49 F:32
				83BA2C E2 20       SEP #$20               A:13E8 X:13E8 Y:0002 S:012A D:0E68 DB:86 Nvmxdizc V:251 H: 54 F:32
				83BA2E BD 00 00    LDA $0000,X   [8613E8] A:13E8 X:13E8 Y:0002 S:012A D:0E68 DB:86 NvMxdizc V:251 H: 58 F:32
				83BA31 F0 54       BEQ $0054     [83BA87] A:1300 X:13E8 Y:0002 S:012A D:0E68 DB:86 nvMxdiZc V:251 H: 66 F:32
				83BA87 C2 20       REP #$20               A:1300 X:13E8 Y:0002 S:012A D:0E68 DB:86 nvMxdiZc V:251 H: 71 F:32
				83BA89 8A          TXA                    A:1300 X:13E8 Y:0002 S:012A D:0E68 DB:86 nvmxdiZc V:251 H: 75 F:32
				83BA8A 18          CLC                    A:13E8 X:13E8 Y:0002 S:012A D:0E68 DB:86 nvmxdizc V:251 H: 78 F:32
				83BA8B 69 40 00    ADC #$0040             A:13E8 X:13E8 Y:0002 S:012A D:0E68 DB:86 nvmxdizc V:251 H: 81 F:32
				83BA8E AA          TAX                    A:1428 X:13E8 Y:0002 S:012A D:0E68 DB:86 nvmxdizc V:251 H: 86 F:32
				83BA8F C9 28 14    CMP #$1428             A:1428 X:1428 Y:0002 S:012A D:0E68 DB:86 nvmxdizc V:251 H: 89 F:32
				83BA92 90 98       BCC $0098     [83BA2C] A:1428 X:1428 Y:0002 S:012A D:0E68 DB:86 nvmxdiZC V:251 H: 93 F:32
				83BA94 E2 30       SEP #$30               A:1428 X:1428 Y:0002 S:012A D:0E68 DB:86 nvmxdiZC V:251 H: 96 F:32
				83BA96 A9 00       LDA #$00               A:1428 X:0028 Y:0002 S:012A D:0E68 DB:86 nvMXdiZC V:251 H:101 F:32
				83BA98 60          RTS                    A:1400 X:0028 Y:0002 S:012A D:0E68 DB:86 nvMXdiZC V:251 H:104 F:32

			83B744 F0 15       BEQ $0015     [83B75B] A:1400 X:0028 Y:0002 S:012C D:0E68 DB:86 nvMXdiZC V:251 H:114 F:32		Branch because A = #$00 --> No MMXShotData exists
			83B75B 60          RTS                    A:1400 X:0028 Y:0002 S:012C D:0E68 DB:86 nvMXdiZC V:251 H:118 F:32		Return

		83B2ED A5 27       LDA $27       [000E8F] A:1400 X:0028 Y:0002 S:012E D:0E68 DB:86 nvMXdiZC V:251 H:128 F:32
