80D4F6 20 30 D5    JSR $D530     [80D530] A:0E01 X:0000 Y:0046 S:0133 D:0E68 DB:86 nvMXdizC V:247 H:167 F:52

	80D530 C2 20       REP #$20               A:0E01 X:0000 Y:0046 S:0131 D:0E68 DB:86 nvMXdizC V:247 H:177 F:52
	80D532 A5 05       LDA $05       [000E6D] A:0E01 X:0000 Y:0046 S:0131 D:0E68 DB:86 nvmXdizC V:247 H:181 F:52
	80D534 85 22       STA $22       [000E8A] A:14D2 X:0000 Y:0046 S:0131 D:0E68 DB:86 nvmXdizC V:247 H:190 F:52
	80D536 A5 08       LDA $08       [000E70] A:14D2 X:0000 Y:0046 S:0131 D:0E68 DB:86 nvmXdizC V:247 H:198 F:52
	80D538 85 24       STA $24       [000E8C] A:0A9D X:0000 Y:0046 S:0131 D:0E68 DB:86 nvmXdizC V:247 H:207 F:52
	80D53A E2 20       SEP #$20               A:0A9D X:0000 Y:0046 S:0131 D:0E68 DB:86 nvmXdizC V:247 H:215 F:52
	80D53C A9 80       LDA #$80               A:0A9D X:0000 Y:0046 S:0131 D:0E68 DB:86 nvMXdizC V:247 H:220 F:52
	80D53E 14 0E       TRB $0E       [000E76] A:0A80 X:0000 Y:0046 S:0131 D:0E68 DB:86 NvMXdizC V:247 H:223 F:52
	80D540 A5 0A       LDA $0A       [000E72] A:0A80 X:0000 Y:0046 S:0131 D:0E68 DB:86 NvMXdizC V:247 H:233 F:52
	80D542 0A          ASL A                  A:0A14 X:0000 Y:0046 S:0131 D:0E68 DB:86 nvMXdizC V:247 H:239 F:52
	80D543 AA          TAX                    A:0A28 X:0000 Y:0046 S:0131 D:0E68 DB:86 nvMXdizc V:247 H:242 F:52
	80D544 7C DD F8    JMP ($F8DD,X) [80F905] A:0A28 X:0028 Y:0046 S:0131 D:0E68 DB:86 nvMXdizc V:247 H:245 F:52

	80FA15 22 44 B1 83 JSL $83B144   [83B144] A:0A28 X:0028 Y:0046 S:0131 D:0E68 DB:86 nvMXdizc V:247 H:254 F:52

		83B144 A6 01       LDX $01       [000E69] A:0A28 X:0028 Y:0046 S:012E D:0E68 DB:86 nvMXdizc V:247 H:268 F:52
		83B146 7C 49 B1    JMP ($B149,X) [83B14D] A:0A28 X:0004 Y:0046 S:012E D:0E68 DB:86 nvMXdizc V:247 H:274 F:52

		83B2E8 A6 02       LDX $02       [000E6A] A:0A28 X:0004 Y:0046 S:012E D:0E68 DB:86 nvMXdizc V:247 H:283 F:52
		83B2EA FC DA B3    JSR ($B3DA,X) [83B3DC] A:0A28 X:0002 Y:0046 S:012E D:0E68 DB:86 nvMXdizc V:247 H:290 F:52

			83B69D A6 03       LDX $03       [000E6B] A:0A28 X:0002 Y:0046 S:012C D:0E68 DB:86 nvMXdizc V:247 H:303 F:52
			83B69F 7C A2 B6    JMP ($B6A2,X) [83B6A6] A:0A28 X:0004 Y:0046 S:012C D:0E68 DB:86 nvMXdizc V:247 H:309 F:52

			83B75C 22 A5 AC 84 JSL $84ACA5   [84ACA5] A:0A28 X:0004 Y:0046 S:012C D:0E68 DB:86 nvMXdizc V:247 H:318 F:52		JSL $84ACA5 --> Update Facing (40 bit)

				84ACA5 08          PHP                    A:0A28 X:0004 Y:0046 S:0129 D:0E68 DB:86 nvMXdizc V:247 H:331 F:52
				84ACA6 E2 20       SEP #$20               A:0A28 X:0004 Y:0046 S:0128 D:0E68 DB:86 nvMXdizc V:247 H:336 F:52
				84ACA8 A9 40       LDA #$40               A:0A28 X:0004 Y:0046 S:0128 D:0E68 DB:86 nvMXdizc V:248 H:  0 F:52
				84ACAA 14 11       TRB $11       [000E79] A:0A40 X:0004 Y:0046 S:0128 D:0E68 DB:86 nvMXdizc V:248 H:  3 F:52
				84ACAC C2 20       REP #$20               A:0A40 X:0004 Y:0046 S:0128 D:0E68 DB:86 nvMXdiZc V:248 H: 13 F:52
				84ACAE AD AD 0B    LDA $0BAD     [860BAD] A:0A40 X:0004 Y:0046 S:0128 D:0E68 DB:86 nvmXdiZc V:248 H: 18 F:52
				84ACB1 38          SEC                    A:1417 X:0004 Y:0046 S:0128 D:0E68 DB:86 nvmXdizc V:248 H: 26 F:52
				84ACB2 E5 05       SBC $05       [000E6D] A:1417 X:0004 Y:0046 S:0128 D:0E68 DB:86 nvmXdizC V:248 H: 29 F:52
				84ACB4 E2 20       SEP #$20               A:FF45 X:0004 Y:0046 S:0128 D:0E68 DB:86 NvmXdizc V:248 H: 38 F:52
				84ACB6 A9 00       LDA #$00               A:FF45 X:0004 Y:0046 S:0128 D:0E68 DB:86 NvMXdizc V:248 H: 42 F:52
				84ACB8 6A          ROR A                  A:FF00 X:0004 Y:0046 S:0128 D:0E68 DB:86 nvMXdiZc V:248 H: 45 F:52
				84ACB9 4A          LSR A                  A:FF00 X:0004 Y:0046 S:0128 D:0E68 DB:86 nvMXdiZc V:248 H: 48 F:52
				84ACBA 04 11       TSB $11       [000E79] A:FF00 X:0004 Y:0046 S:0128 D:0E68 DB:86 nvMXdiZc V:248 H: 51 F:52
				84ACBC 28          PLP                    A:FF00 X:0004 Y:0046 S:0128 D:0E68 DB:86 nvMXdiZc V:248 H: 61 F:52
				84ACBD 6B          RTL                    A:FF00 X:0004 Y:0046 S:0129 D:0E68 DB:86 nvMXdizc V:248 H: 68 F:52

			83B760 20 AA BA    JSR $BAAA     [83BAAA] A:FF00 X:0004 Y:0046 S:012C D:0E68 DB:86 nvMXdizc V:248 H: 78 F:52		JSR $83BAAA --> Decrease E-CDKnockback, Knocks Enemy back 02 pixels if Enemy is hit

				83BAAA A5 3C       LDA $3C       [000EA4] A:FF00 X:0004 Y:0046 S:012A D:0E68 DB:86 nvMXdizc V:248 H: 88 F:52
				83BAAC F0 1B       BEQ $001B     [83BAC9] A:FF00 X:0004 Y:0046 S:012A D:0E68 DB:86 nvMXdiZc V:248 H: 95 F:52
				83BAC9 60          RTS                    A:FF00 X:0004 Y:0046 S:012A D:0E68 DB:86 nvMXdiZc V:248 H: 99 F:52

			83B763 C6 3B       DEC $3B       [000EA3] A:FF00 X:0004 Y:0046 S:012C D:0E68 DB:86 nvMXdiZc V:248 H:109 F:52		Decrease CDGuard
			83B765 D0 1C       BNE $001C     [83B783] A:FF00 X:0004 Y:0046 S:012C D:0E68 DB:86 nvMXdiZc V:248 H:119 F:52		Branch if CDGuard <> #$00
			83B767 A9 01       LDA #$01               A:FF00 X:0004 Y:0046 S:012C D:0E68 DB:86 nvMXdiZc V:248 H:122 F:52		
			83B769 14 37       TRB $37       [000E9F] A:FF01 X:0004 Y:0046 S:012C D:0E68 DB:86 nvMXdizc V:248 H:125 F:52		E-GuardBit = Reset bit 01
			83B76B A5 36       LDA $36       [000E9E] A:FF01 X:0004 Y:0046 S:012C D:0E68 DB:86 nvMXdizc V:248 H:145 F:52
			83B76D D0 0B       BNE $000B     [83B77A] A:FF03 X:0004 Y:0046 S:012C D:0E68 DB:86 nvMXdizc V:248 H:152 F:52		Branch because E-Shots <> #$00
			83B77A A9 02       LDA #$02               A:FF03 X:0004 Y:0046 S:012C D:0E68 DB:86 nvMXdizc V:248 H:156 F:52
			83B77C 85 03       STA $03       [000E6B] A:FF02 X:0004 Y:0046 S:012C D:0E68 DB:86 nvMXdizc V:248 H:159 F:52		Subaction = #$02
			83B77E A9 06       LDA #$06               A:FF02 X:0004 Y:0046 S:012C D:0E68 DB:86 nvMXdizc V:248 H:166 F:52
			83B780 20 C8 B9    JSR $B9C8     [83B9C8] A:FF06 X:0004 Y:0046 S:012C D:0E68 DB:86 nvMXdizc V:248 H:169 F:52		JSR $83B9C8 --> Armored Armadillo CDSkeleton Load

				83B9C8 08          PHP                    A:FF06 X:0004 Y:0046 S:012A D:0E68 DB:86 nvMXdizc V:248 H:179 F:52
				83B9C9 E2 30       SEP #$30               A:FF06 X:0004 Y:0046 S:0129 D:0E68 DB:86 nvMXdizc V:248 H:184 F:52
				83B9CB C9 0B       CMP #$0B               A:FF06 X:0004 Y:0046 S:0129 D:0E68 DB:86 nvMXdizc V:248 H:188 F:52
				83B9CD F0 1B       BEQ $001B     [83B9EA] A:FF06 X:0004 Y:0046 S:0129 D:0E68 DB:86 NvMXdizc V:248 H:191 F:52
				83B9CF A6 33       LDX $33       [000E9B] A:FF06 X:0004 Y:0046 S:0129 D:0E68 DB:86 NvMXdizc V:248 H:194 F:52
				83B9D1 F0 03       BEQ $0003     [83B9D6] A:FF06 X:0000 Y:0046 S:0129 D:0E68 DB:86 nvMXdiZc V:248 H:201 F:52
				83B9D6 AA          TAX                    A:FF06 X:0000 Y:0046 S:0129 D:0E68 DB:86 nvMXdiZc V:248 H:205 F:52
				83B9D7 BD 5D C9    LDA $C95D,X   [86C963] A:FF06 X:0006 Y:0046 S:0129 D:0E68 DB:86 nvMXdizc V:248 H:208 F:52
				83B9DA A2 62       LDX #$62               A:FF0C X:0006 Y:0046 S:0129 D:0E68 DB:86 nvMXdizc V:248 H:214 F:52
				83B9DC 86 16       STX $16       [000E7E] A:FF0C X:0062 Y:0046 S:0129 D:0E68 DB:86 nvMXdizc V:248 H:217 F:52
				83B9DE 22 07 8F 84 JSL $848F07   [848F07] A:FF0C X:0062 Y:0046 S:0129 D:0E68 DB:86 nvMXdizc V:248 H:224 F:52

					848F07 08          PHP                    A:FF0C X:0062 Y:0046 S:0126 D:0E68 DB:86 nvMXdizc V:248 H:237 F:52
					848F08 8B          PHB                    A:FF0C X:0062 Y:0046 S:0125 D:0E68 DB:86 nvMXdizc V:248 H:242 F:52
					848F09 C2 30       REP #$30               A:FF0C X:0062 Y:0046 S:0124 D:0E68 DB:86 nvMXdizc V:248 H:247 F:52
					848F0B 8D 0E 00    STA $000E     [86000E] A:FF0C X:0062 Y:0046 S:0124 D:0E68 DB:86 nvmxdizc V:248 H:252 F:52
					848F0E A5 16       LDA $16       [000E7E] A:FF0C X:0062 Y:0046 S:0124 D:0E68 DB:86 nvmxdizc V:248 H:260 F:52
					848F10 29 FF 00    AND #$00FF             A:9762 X:0062 Y:0046 S:0124 D:0E68 DB:86 Nvmxdizc V:248 H:269 F:52
					848F13 8D 0C 00    STA $000C     [86000C] A:0062 X:0062 Y:0046 S:0124 D:0E68 DB:86 nvmxdizc V:248 H:273 F:52
					848F16 0A          ASL A                  A:0062 X:0062 Y:0046 S:0124 D:0E68 DB:86 nvmxdizc V:248 H:282 F:52
					848F17 18          CLC                    A:00C4 X:0062 Y:0046 S:0124 D:0E68 DB:86 nvmxdizc V:248 H:285 F:52
					848F18 6D 0C 00    ADC $000C     [86000C] A:00C4 X:0062 Y:0046 S:0124 D:0E68 DB:86 nvmxdizc V:248 H:288 F:52
					848F1B AA          TAX                    A:0126 X:0062 Y:0046 S:0124 D:0E68 DB:86 nvmxdizc V:248 H:296 F:52
					848F1C BF 00 A0 AF LDA $AFA000,X [AFA126] A:0126 X:0126 Y:0046 S:0124 D:0E68 DB:86 nvmxdizc V:248 H:299 F:52
					848F20 85 14       STA $14       [000E7C] A:CCB8 X:0126 Y:0046 S:0124 D:0E68 DB:86 Nvmxdizc V:248 H:308 F:52
					848F22 E2 20       SEP #$20               A:CCB8 X:0126 Y:0046 S:0124 D:0E68 DB:86 Nvmxdizc V:248 H:317 F:52
					848F24 BF 02 A0 AF LDA $AFA002,X [AFA128] A:CCB8 X:0126 Y:0046 S:0124 D:0E68 DB:86 NvMxdizc V:248 H:321 F:52
					848F28 48          PHA                    A:CCAF X:0126 Y:0046 S:0124 D:0E68 DB:86 NvMxdizc V:248 H:328 F:52
					848F29 AB          PLB                    A:CCAF X:0126 Y:0046 S:0123 D:0E68 DB:86 NvMxdizc V:248 H:333 F:52
					848F2A C2 20       REP #$20               A:CCAF X:0126 Y:0046 S:0124 D:0E68 DB:AF NvMxdizc V:248 H:339 F:52
					848F2C AD 0E 00    LDA $000E     [AF000E] A:CCAF X:0126 Y:0046 S:0124 D:0E68 DB:AF Nvmxdizc V:249 H:  4 F:52
					848F2F 29 FF 00    AND #$00FF             A:FF0C X:0126 Y:0046 S:0124 D:0E68 DB:AF Nvmxdizc V:249 H: 12 F:52
					848F32 0A          ASL A                  A:000C X:0126 Y:0046 S:0124 D:0E68 DB:AF nvmxdizc V:249 H: 17 F:52
					848F33 A8          TAY                    A:0018 X:0126 Y:0046 S:0124 D:0E68 DB:AF nvmxdizc V:249 H: 20 F:52
					848F34 B1 14       LDA ($14),Y   [AFCCD0] A:0018 X:0126 Y:0018 S:0124 D:0E68 DB:AF nvmxdizc V:249 H: 23 F:52
					848F36 65 14       ADC $14       [000E7C] A:00CA X:0126 Y:0018 S:0124 D:0E68 DB:AF nvmxdizc V:249 H: 36 F:52
					848F38 85 14       STA $14       [000E7C] A:CD82 X:0126 Y:0018 S:0124 D:0E68 DB:AF Nvmxdizc V:249 H: 44 F:52
					848F3A E2 30       SEP #$30               A:CD82 X:0126 Y:0018 S:0124 D:0E68 DB:AF Nvmxdizc V:249 H: 53 F:52
					848F3C B2 14       LDA ($14)     [AFCD82] A:CD82 X:0026 Y:0018 S:0124 D:0E68 DB:AF NvMXdizc V:249 H: 57 F:52	Skeleton start: [AFCD82]
					848F3E 85 13       STA $13       [000E7B] A:CD18 X:0026 Y:0018 S:0124 D:0E68 DB:AF nvMXdizc V:249 H: 67 F:52
					848F40 A0 01       LDY #$01               A:CD18 X:0026 Y:0018 S:0124 D:0E68 DB:AF nvMXdizc V:249 H: 74 F:52
					848F42 B1 14       LDA ($14),Y   [AFCD83] A:CD18 X:0026 Y:0001 S:0124 D:0E68 DB:AF nvMXdizc V:249 H: 77 F:52
					848F44 85 0F       STA $0F       [000E77] A:CD00 X:0026 Y:0001 S:0124 D:0E68 DB:AF nvMXdiZc V:249 H: 87 F:52
					848F46 C8          INY                    A:CD00 X:0026 Y:0001 S:0124 D:0E68 DB:AF nvMXdiZc V:249 H: 93 F:52
					848F47 B1 14       LDA ($14),Y   [AFCD84] A:CD00 X:0026 Y:0002 S:0124 D:0E68 DB:AF nvMXdizc V:249 H: 96 F:52
					848F49 85 17       STA $17       [000E7F] A:CD13 X:0026 Y:0002 S:0124 D:0E68 DB:AF nvMXdizc V:249 H:106 F:52
					848F4B A9 80       LDA #$80               A:CD13 X:0026 Y:0002 S:0124 D:0E68 DB:AF nvMXdizc V:249 H:113 F:52
					848F4D 04 17       TSB $17       [000E7F] A:CD80 X:0026 Y:0002 S:0124 D:0E68 DB:AF NvMXdizc V:249 H:116 F:52
					848F4F AB          PLB                    A:CD80 X:0026 Y:0002 S:0124 D:0E68 DB:AF NvMXdiZc V:249 H:126 F:52
					848F50 28          PLP                    A:CD80 X:0026 Y:0002 S:0125 D:0E68 DB:86 NvMXdizc V:249 H:132 F:52
					848F51 6B          RTL                    A:CD80 X:0026 Y:0002 S:0126 D:0E68 DB:86 nvMXdizc V:249 H:149 F:52

				83B9E2 A9 01       LDA #$01               A:CD80 X:0026 Y:0002 S:0129 D:0E68 DB:86 nvMXdizc V:249 H:159 F:52
				83B9E4 04 11       TSB $11       [000E79] A:CD01 X:0026 Y:0002 S:0129 D:0E68 DB:86 nvMXdizc V:249 H:162 F:52
				83B9E6 64 18       STZ $18       [000E80] A:CD01 X:0026 Y:0002 S:0129 D:0E68 DB:86 nvMXdizc V:249 H:172 F:52
				83B9E8 28          PLP                    A:CD01 X:0026 Y:0002 S:0129 D:0E68 DB:86 nvMXdizc V:249 H:179 F:52
				83B9E9 60          RTS                    A:CD01 X:0026 Y:0002 S:012A D:0E68 DB:86 nvMXdizc V:249 H:185 F:52

			83B783 60          RTS                    A:CD01 X:0026 Y:0002 S:012C D:0E68 DB:86 nvMXdizc V:249 H:195 F:52		Return

		83B2ED A5 27       LDA $27       [000E8F] A:CD01 X:0026 Y:0002 S:012E D:0E68 DB:86 nvMXdizc V:249 H:205 F:52
