80D4F6 20 30 D5    JSR $D530     [80D530] A:0E01 X:0000 Y:0002 S:0133 D:0E68 DB:86 nvMXdizC V:250 H:300 F:33

	80D530 C2 20       REP #$20               A:0E01 X:0000 Y:0002 S:0131 D:0E68 DB:86 nvMXdizC V:250 H:310 F:33
	80D532 A5 05       LDA $05       [000E6D] A:0E01 X:0000 Y:0002 S:0131 D:0E68 DB:86 nvmXdizC V:250 H:315 F:33
	80D534 85 22       STA $22       [000E8A] A:1489 X:0000 Y:0002 S:0131 D:0E68 DB:86 nvmXdizC V:250 H:323 F:33
	80D536 A5 08       LDA $08       [000E70] A:1489 X:0000 Y:0002 S:0131 D:0E68 DB:86 nvmXdizC V:250 H:331 F:33
	80D538 85 24       STA $24       [000E8C] A:0A9D X:0000 Y:0002 S:0131 D:0E68 DB:86 nvmXdizC V:250 H:339 F:33
	80D53A E2 20       SEP #$20               A:0A9D X:0000 Y:0002 S:0131 D:0E68 DB:86 nvmXdizC V:251 H:  8 F:33
	80D53C A9 80       LDA #$80               A:0A9D X:0000 Y:0002 S:0131 D:0E68 DB:86 nvMXdizC V:251 H: 12 F:33
	80D53E 14 0E       TRB $0E       [000E76] A:0A80 X:0000 Y:0002 S:0131 D:0E68 DB:86 NvMXdizC V:251 H: 15 F:33
	80D540 A5 0A       LDA $0A       [000E72] A:0A80 X:0000 Y:0002 S:0131 D:0E68 DB:86 NvMXdizC V:251 H: 25 F:33
	80D542 0A          ASL A                  A:0A14 X:0000 Y:0002 S:0131 D:0E68 DB:86 nvMXdizC V:251 H: 32 F:33
	80D543 AA          TAX                    A:0A28 X:0000 Y:0002 S:0131 D:0E68 DB:86 nvMXdizc V:251 H: 35 F:33
	80D544 7C DD F8    JMP ($F8DD,X) [80F905] A:0A28 X:0028 Y:0002 S:0131 D:0E68 DB:86 nvMXdizc V:251 H: 38 F:33

	80FA15 22 44 B1 83 JSL $83B144   [83B144] A:0A28 X:0028 Y:0002 S:0131 D:0E68 DB:86 nvMXdizc V:251 H: 47 F:33

		83B144 A6 01       LDX $01       [000E69] A:0A28 X:0028 Y:0002 S:012E D:0E68 DB:86 nvMXdizc V:251 H: 60 F:33
		83B146 7C 49 B1    JMP ($B149,X) [83B14D] A:0A28 X:0004 Y:0002 S:012E D:0E68 DB:86 nvMXdizc V:251 H: 67 F:33

		83B2E8 A6 02       LDX $02       [000E6A] A:0A28 X:0004 Y:0002 S:012E D:0E68 DB:86 nvMXdizc V:251 H: 76 F:33
		83B2EA FC DA B3    JSR ($B3DA,X) [83B3DC] A:0A28 X:0002 Y:0002 S:012E D:0E68 DB:86 nvMXdizc V:251 H: 82 F:33

			83B69D A6 03       LDX $03       [000E6B] A:0A28 X:0002 Y:0002 S:012C D:0E68 DB:86 nvMXdizc V:251 H: 95 F:33
			83B69F 7C A2 B6    JMP ($B6A2,X) [83B6A4] A:0A28 X:0002 Y:0002 S:012C D:0E68 DB:86 nvMXdizc V:251 H:102 F:33

			83B6BE 22 EA 8E 84 JSL $848EEA   [848EEA] A:0A28 X:0002 Y:0002 S:012C D:0E68 DB:86 nvMXdizc V:251 H:111 F:33

				848EEA 08          PHP                    A:0A28 X:0002 Y:0002 S:0129 D:0E68 DB:86 nvMXdizc V:251 H:124 F:33
				848EEB 8B          PHB                    A:0A28 X:0002 Y:0002 S:0128 D:0E68 DB:86 nvMXdizc V:251 H:129 F:33
				848EEC E2 30       SEP #$30               A:0A28 X:0002 Y:0002 S:0127 D:0E68 DB:86 nvMXdizc V:251 H:144 F:33
				848EEE C6 13       DEC $13       [000E7B] A:0A28 X:0002 Y:0002 S:0127 D:0E68 DB:86 nvMXdizc V:251 H:149 F:33
				848EF0 D0 5D       BNE $005D     [848F4F] A:0A28 X:0002 Y:0002 S:0127 D:0E68 DB:86 nvMXdizc V:251 H:159 F:33
				848F4F AB          PLB                    A:0A28 X:0002 Y:0002 S:0127 D:0E68 DB:86 nvMXdizc V:251 H:163 F:33
				848F50 28          PLP                    A:0A28 X:0002 Y:0002 S:0128 D:0E68 DB:86 NvMXdizc V:251 H:170 F:33
				848F51 6B          RTL                    A:0A28 X:0002 Y:0002 S:0129 D:0E68 DB:86 nvMXdizc V:251 H:176 F:33

			83B6C2 A5 17       LDA $17       [000E7F] A:0A28 X:0002 Y:0002 S:012C D:0E68 DB:86 nvMXdizc V:251 H:187 F:33
			83B6C4 10 7B       BPL $007B     [83B741] A:0A14 X:0002 Y:0002 S:012C D:0E68 DB:86 nvMXdizc V:251 H:193 F:33
			83B741 20 20 BA    JSR $BA20     [83BA20] A:0A14 X:0002 Y:0002 S:012C D:0E68 DB:86 nvMXdizc V:251 H:198 F:33

				83BA20 A5 33       LDA $33       [000E9B] A:0A14 X:0002 Y:0002 S:012A D:0E68 DB:86 nvMXdizc V:251 H:208 F:33
				83BA22 F0 03       BEQ $0003     [83BA27] A:0A00 X:0002 Y:0002 S:012A D:0E68 DB:86 nvMXdiZc V:251 H:214 F:33
				83BA27 C2 10       REP #$10               A:0A00 X:0002 Y:0002 S:012A D:0E68 DB:86 nvMXdiZc V:251 H:219 F:33
				83BA29 A2 28 12    LDX #$1228             A:0A00 X:0002 Y:0002 S:012A D:0E68 DB:86 nvMxdiZc V:251 H:223 F:33
				83BA2C E2 20       SEP #$20               A:0A00 X:1228 Y:0002 S:012A D:0E68 DB:86 nvMxdizc V:251 H:228 F:33
				83BA2E BD 00 00    LDA $0000,X   [861228] A:0A00 X:1228 Y:0002 S:012A D:0E68 DB:86 nvMxdizc V:251 H:232 F:33
				83BA31 F0 54       BEQ $0054     [83BA87] A:0A00 X:1228 Y:0002 S:012A D:0E68 DB:86 nvMxdiZc V:251 H:240 F:33
				83BA87 C2 20       REP #$20               A:0A00 X:1228 Y:0002 S:012A D:0E68 DB:86 nvMxdiZc V:251 H:245 F:33
				83BA89 8A          TXA                    A:0A00 X:1228 Y:0002 S:012A D:0E68 DB:86 nvmxdiZc V:251 H:249 F:33
				83BA8A 18          CLC                    A:1228 X:1228 Y:0002 S:012A D:0E68 DB:86 nvmxdizc V:251 H:252 F:33
				83BA8B 69 40 00    ADC #$0040             A:1228 X:1228 Y:0002 S:012A D:0E68 DB:86 nvmxdizc V:251 H:255 F:33
				83BA8E AA          TAX                    A:1268 X:1228 Y:0002 S:012A D:0E68 DB:86 nvmxdizc V:251 H:260 F:33
				83BA8F C9 28 14    CMP #$1428             A:1268 X:1268 Y:0002 S:012A D:0E68 DB:86 nvmxdizc V:251 H:263 F:33
				83BA92 90 98       BCC $0098     [83BA2C] A:1268 X:1268 Y:0002 S:012A D:0E68 DB:86 Nvmxdizc V:251 H:267 F:33
				83BA2C E2 20       SEP #$20               A:1268 X:1268 Y:0002 S:012A D:0E68 DB:86 Nvmxdizc V:251 H:272 F:33
				83BA2E BD 00 00    LDA $0000,X   [861268] A:1268 X:1268 Y:0002 S:012A D:0E68 DB:86 NvMxdizc V:251 H:276 F:33
				83BA31 F0 54       BEQ $0054     [83BA87] A:1200 X:1268 Y:0002 S:012A D:0E68 DB:86 nvMxdiZc V:251 H:284 F:33
				83BA87 C2 20       REP #$20               A:1200 X:1268 Y:0002 S:012A D:0E68 DB:86 nvMxdiZc V:251 H:289 F:33
				83BA89 8A          TXA                    A:1200 X:1268 Y:0002 S:012A D:0E68 DB:86 nvmxdiZc V:251 H:293 F:33
				83BA8A 18          CLC                    A:1268 X:1268 Y:0002 S:012A D:0E68 DB:86 nvmxdizc V:251 H:296 F:33
				83BA8B 69 40 00    ADC #$0040             A:1268 X:1268 Y:0002 S:012A D:0E68 DB:86 nvmxdizc V:251 H:299 F:33
				83BA8E AA          TAX                    A:12A8 X:1268 Y:0002 S:012A D:0E68 DB:86 nvmxdizc V:251 H:304 F:33
				83BA8F C9 28 14    CMP #$1428             A:12A8 X:12A8 Y:0002 S:012A D:0E68 DB:86 nvmxdizc V:251 H:307 F:33
				83BA92 90 98       BCC $0098     [83BA2C] A:12A8 X:12A8 Y:0002 S:012A D:0E68 DB:86 Nvmxdizc V:251 H:311 F:33
				83BA2C E2 20       SEP #$20               A:12A8 X:12A8 Y:0002 S:012A D:0E68 DB:86 Nvmxdizc V:251 H:316 F:33
				83BA2E BD 00 00    LDA $0000,X   [8612A8] A:12A8 X:12A8 Y:0002 S:012A D:0E68 DB:86 NvMxdizc V:251 H:320 F:33
				83BA31 F0 54       BEQ $0054     [83BA87] A:1200 X:12A8 Y:0002 S:012A D:0E68 DB:86 nvMxdiZc V:251 H:327 F:33
				83BA87 C2 20       REP #$20               A:1200 X:12A8 Y:0002 S:012A D:0E68 DB:86 nvMxdiZc V:251 H:332 F:33
				83BA89 8A          TXA                    A:1200 X:12A8 Y:0002 S:012A D:0E68 DB:86 nvmxdiZc V:251 H:336 F:33
				83BA8A 18          CLC                    A:12A8 X:12A8 Y:0002 S:012A D:0E68 DB:86 nvmxdizc V:251 H:339 F:33
				83BA8B 69 40 00    ADC #$0040             A:12A8 X:12A8 Y:0002 S:012A D:0E68 DB:86 nvmxdizc V:252 H:  2 F:33
				83BA8E AA          TAX                    A:12E8 X:12A8 Y:0002 S:012A D:0E68 DB:86 nvmxdizc V:252 H:  7 F:33
				83BA8F C9 28 14    CMP #$1428             A:12E8 X:12E8 Y:0002 S:012A D:0E68 DB:86 nvmxdizc V:252 H: 10 F:33
				83BA92 90 98       BCC $0098     [83BA2C] A:12E8 X:12E8 Y:0002 S:012A D:0E68 DB:86 Nvmxdizc V:252 H: 14 F:33
				83BA2C E2 20       SEP #$20               A:12E8 X:12E8 Y:0002 S:012A D:0E68 DB:86 Nvmxdizc V:252 H: 19 F:33
				83BA2E BD 00 00    LDA $0000,X   [8612E8] A:12E8 X:12E8 Y:0002 S:012A D:0E68 DB:86 NvMxdizc V:252 H: 23 F:33
				83BA31 F0 54       BEQ $0054     [83BA87] A:1200 X:12E8 Y:0002 S:012A D:0E68 DB:86 nvMxdiZc V:252 H: 31 F:33
				83BA87 C2 20       REP #$20               A:1200 X:12E8 Y:0002 S:012A D:0E68 DB:86 nvMxdiZc V:252 H: 36 F:33
				83BA89 8A          TXA                    A:1200 X:12E8 Y:0002 S:012A D:0E68 DB:86 nvmxdiZc V:252 H: 40 F:33
				83BA8A 18          CLC                    A:12E8 X:12E8 Y:0002 S:012A D:0E68 DB:86 nvmxdizc V:252 H: 43 F:33
				83BA8B 69 40 00    ADC #$0040             A:12E8 X:12E8 Y:0002 S:012A D:0E68 DB:86 nvmxdizc V:252 H: 46 F:33
				83BA8E AA          TAX                    A:1328 X:12E8 Y:0002 S:012A D:0E68 DB:86 nvmxdizc V:252 H: 51 F:33
				83BA8F C9 28 14    CMP #$1428             A:1328 X:1328 Y:0002 S:012A D:0E68 DB:86 nvmxdizc V:252 H: 54 F:33
				83BA92 90 98       BCC $0098     [83BA2C] A:1328 X:1328 Y:0002 S:012A D:0E68 DB:86 Nvmxdizc V:252 H: 58 F:33
				83BA2C E2 20       SEP #$20               A:1328 X:1328 Y:0002 S:012A D:0E68 DB:86 Nvmxdizc V:252 H: 63 F:33
				83BA2E BD 00 00    LDA $0000,X   [861328] A:1328 X:1328 Y:0002 S:012A D:0E68 DB:86 NvMxdizc V:252 H: 67 F:33
				83BA31 F0 54       BEQ $0054     [83BA87] A:1300 X:1328 Y:0002 S:012A D:0E68 DB:86 nvMxdiZc V:252 H: 75 F:33
				83BA87 C2 20       REP #$20               A:1300 X:1328 Y:0002 S:012A D:0E68 DB:86 nvMxdiZc V:252 H: 80 F:33
				83BA89 8A          TXA                    A:1300 X:1328 Y:0002 S:012A D:0E68 DB:86 nvmxdiZc V:252 H: 84 F:33
				83BA8A 18          CLC                    A:1328 X:1328 Y:0002 S:012A D:0E68 DB:86 nvmxdizc V:252 H: 87 F:33
				83BA8B 69 40 00    ADC #$0040             A:1328 X:1328 Y:0002 S:012A D:0E68 DB:86 nvmxdizc V:252 H: 90 F:33
				83BA8E AA          TAX                    A:1368 X:1328 Y:0002 S:012A D:0E68 DB:86 nvmxdizc V:252 H: 95 F:33
				83BA8F C9 28 14    CMP #$1428             A:1368 X:1368 Y:0002 S:012A D:0E68 DB:86 nvmxdizc V:252 H: 98 F:33
				83BA92 90 98       BCC $0098     [83BA2C] A:1368 X:1368 Y:0002 S:012A D:0E68 DB:86 Nvmxdizc V:252 H:102 F:33
				83BA2C E2 20       SEP #$20               A:1368 X:1368 Y:0002 S:012A D:0E68 DB:86 Nvmxdizc V:252 H:107 F:33
				83BA2E BD 00 00    LDA $0000,X   [861368] A:1368 X:1368 Y:0002 S:012A D:0E68 DB:86 NvMxdizc V:252 H:111 F:33
				83BA31 F0 54       BEQ $0054     [83BA87] A:1300 X:1368 Y:0002 S:012A D:0E68 DB:86 nvMxdiZc V:252 H:119 F:33
				83BA87 C2 20       REP #$20               A:1300 X:1368 Y:0002 S:012A D:0E68 DB:86 nvMxdiZc V:252 H:124 F:33
				83BA89 8A          TXA                    A:1300 X:1368 Y:0002 S:012A D:0E68 DB:86 nvmxdiZc V:252 H:128 F:33
				83BA8A 18          CLC                    A:1368 X:1368 Y:0002 S:012A D:0E68 DB:86 nvmxdizc V:252 H:131 F:33
				83BA8B 69 40 00    ADC #$0040             A:1368 X:1368 Y:0002 S:012A D:0E68 DB:86 nvmxdizc V:252 H:144 F:33
				83BA8E AA          TAX                    A:13A8 X:1368 Y:0002 S:012A D:0E68 DB:86 nvmxdizc V:252 H:149 F:33
				83BA8F C9 28 14    CMP #$1428             A:13A8 X:13A8 Y:0002 S:012A D:0E68 DB:86 nvmxdizc V:252 H:152 F:33
				83BA92 90 98       BCC $0098     [83BA2C] A:13A8 X:13A8 Y:0002 S:012A D:0E68 DB:86 Nvmxdizc V:252 H:156 F:33
				83BA2C E2 20       SEP #$20               A:13A8 X:13A8 Y:0002 S:012A D:0E68 DB:86 Nvmxdizc V:252 H:161 F:33
				83BA2E BD 00 00    LDA $0000,X   [8613A8] A:13A8 X:13A8 Y:0002 S:012A D:0E68 DB:86 NvMxdizc V:252 H:165 F:33
				83BA31 F0 54       BEQ $0054     [83BA87] A:1300 X:13A8 Y:0002 S:012A D:0E68 DB:86 nvMxdiZc V:252 H:173 F:33
				83BA87 C2 20       REP #$20               A:1300 X:13A8 Y:0002 S:012A D:0E68 DB:86 nvMxdiZc V:252 H:178 F:33
				83BA89 8A          TXA                    A:1300 X:13A8 Y:0002 S:012A D:0E68 DB:86 nvmxdiZc V:252 H:182 F:33
				83BA8A 18          CLC                    A:13A8 X:13A8 Y:0002 S:012A D:0E68 DB:86 nvmxdizc V:252 H:185 F:33
				83BA8B 69 40 00    ADC #$0040             A:13A8 X:13A8 Y:0002 S:012A D:0E68 DB:86 nvmxdizc V:252 H:188 F:33
				83BA8E AA          TAX                    A:13E8 X:13A8 Y:0002 S:012A D:0E68 DB:86 nvmxdizc V:252 H:193 F:33
				83BA8F C9 28 14    CMP #$1428             A:13E8 X:13E8 Y:0002 S:012A D:0E68 DB:86 nvmxdizc V:252 H:196 F:33
				83BA92 90 98       BCC $0098     [83BA2C] A:13E8 X:13E8 Y:0002 S:012A D:0E68 DB:86 Nvmxdizc V:252 H:200 F:33
				83BA2C E2 20       SEP #$20               A:13E8 X:13E8 Y:0002 S:012A D:0E68 DB:86 Nvmxdizc V:252 H:205 F:33
				83BA2E BD 00 00    LDA $0000,X   [8613E8] A:13E8 X:13E8 Y:0002 S:012A D:0E68 DB:86 NvMxdizc V:252 H:209 F:33
				83BA31 F0 54       BEQ $0054     [83BA87] A:1300 X:13E8 Y:0002 S:012A D:0E68 DB:86 nvMxdiZc V:252 H:217 F:33
				83BA87 C2 20       REP #$20               A:1300 X:13E8 Y:0002 S:012A D:0E68 DB:86 nvMxdiZc V:252 H:222 F:33
				83BA89 8A          TXA                    A:1300 X:13E8 Y:0002 S:012A D:0E68 DB:86 nvmxdiZc V:252 H:226 F:33
				83BA8A 18          CLC                    A:13E8 X:13E8 Y:0002 S:012A D:0E68 DB:86 nvmxdizc V:252 H:229 F:33
				83BA8B 69 40 00    ADC #$0040             A:13E8 X:13E8 Y:0002 S:012A D:0E68 DB:86 nvmxdizc V:252 H:232 F:33
				83BA8E AA          TAX                    A:1428 X:13E8 Y:0002 S:012A D:0E68 DB:86 nvmxdizc V:252 H:237 F:33
				83BA8F C9 28 14    CMP #$1428             A:1428 X:1428 Y:0002 S:012A D:0E68 DB:86 nvmxdizc V:252 H:240 F:33
				83BA92 90 98       BCC $0098     [83BA2C] A:1428 X:1428 Y:0002 S:012A D:0E68 DB:86 nvmxdiZC V:252 H:244 F:33
				83BA94 E2 30       SEP #$30               A:1428 X:1428 Y:0002 S:012A D:0E68 DB:86 nvmxdiZC V:252 H:247 F:33
				83BA96 A9 00       LDA #$00               A:1428 X:0028 Y:0002 S:012A D:0E68 DB:86 nvMXdiZC V:252 H:252 F:33
				83BA98 60          RTS                    A:1400 X:0028 Y:0002 S:012A D:0E68 DB:86 nvMXdiZC V:252 H:255 F:33

			83B744 F0 15       BEQ $0015     [83B75B] A:1400 X:0028 Y:0002 S:012C D:0E68 DB:86 nvMXdiZC V:252 H:265 F:33
			83B75B 60          RTS                    A:1400 X:0028 Y:0002 S:012C D:0E68 DB:86 nvMXdiZC V:252 H:269 F:33

		83B2ED A5 27       LDA $27       [000E8F] A:1400 X:0028 Y:0002 S:012E D:0E68 DB:86 nvMXdiZC V:252 H:279 F:33
