80D4F6 20 30 D5    JSR $D530     [80D530] A:0E01 X:0000 Y:0002 S:0133 D:0E68 DB:86 nvMXdizC V:254 H:232 F:56

	80D530 C2 20       REP #$20               A:0E01 X:0000 Y:0002 S:0131 D:0E68 DB:86 nvMXdizC V:254 H:242 F:56
	80D532 A5 05       LDA $05       [000E6D] A:0E01 X:0000 Y:0002 S:0131 D:0E68 DB:86 nvmXdizC V:254 H:247 F:56
	80D534 85 22       STA $22       [000E8A] A:14D0 X:0000 Y:0002 S:0131 D:0E68 DB:86 nvmXdizC V:254 H:255 F:56
	80D536 A5 08       LDA $08       [000E70] A:14D0 X:0000 Y:0002 S:0131 D:0E68 DB:86 nvmXdizC V:254 H:264 F:56
	80D538 85 24       STA $24       [000E8C] A:0A9D X:0000 Y:0002 S:0131 D:0E68 DB:86 nvmXdizC V:254 H:272 F:56
	80D53A E2 20       SEP #$20               A:0A9D X:0000 Y:0002 S:0131 D:0E68 DB:86 nvmXdizC V:254 H:281 F:56
	80D53C A9 80       LDA #$80               A:0A9D X:0000 Y:0002 S:0131 D:0E68 DB:86 nvMXdizC V:254 H:285 F:56
	80D53E 14 0E       TRB $0E       [000E76] A:0A80 X:0000 Y:0002 S:0131 D:0E68 DB:86 NvMXdizC V:254 H:288 F:56
	80D540 A5 0A       LDA $0A       [000E72] A:0A80 X:0000 Y:0002 S:0131 D:0E68 DB:86 NvMXdizC V:254 H:298 F:56
	80D542 0A          ASL A                  A:0A14 X:0000 Y:0002 S:0131 D:0E68 DB:86 nvMXdizC V:254 H:305 F:56
	80D543 AA          TAX                    A:0A28 X:0000 Y:0002 S:0131 D:0E68 DB:86 nvMXdizc V:254 H:308 F:56
	80D544 7C DD F8    JMP ($F8DD,X) [80F905] A:0A28 X:0028 Y:0002 S:0131 D:0E68 DB:86 nvMXdizc V:254 H:311 F:56

	80FA15 22 44 B1 83 JSL $83B144   [83B144] A:0A28 X:0028 Y:0002 S:0131 D:0E68 DB:86 nvMXdizc V:254 H:320 F:56

		83B144 A6 01       LDX $01       [000E69] A:0A28 X:0028 Y:0002 S:012E D:0E68 DB:86 nvMXdizc V:254 H:332 F:56
		83B146 7C 49 B1    JMP ($B149,X) [83B14D] A:0A28 X:0004 Y:0002 S:012E D:0E68 DB:86 nvMXdizc V:254 H:339 F:56

		83B2E8 A6 02       LDX $02       [000E6A] A:0A28 X:0004 Y:0002 S:012E D:0E68 DB:86 nvMXdizc V:255 H:  8 F:56
		83B2EA FC DA B3    JSR ($B3DA,X) [83B3DC] A:0A28 X:0002 Y:0002 S:012E D:0E68 DB:86 nvMXdizc V:255 H: 14 F:56

			83B69D A6 03       LDX $03       [000E6B] A:0A28 X:0002 Y:0002 S:012C D:0E68 DB:86 nvMXdizc V:255 H: 27 F:56
			83B69F 7C A2 B6    JMP ($B6A2,X) [83B6A4] A:0A28 X:0002 Y:0002 S:012C D:0E68 DB:86 nvMXdizc V:255 H: 34 F:56

			83B6BE 22 EA 8E 84 JSL $848EEA   [848EEA] A:0A28 X:0002 Y:0002 S:012C D:0E68 DB:86 nvMXdizc V:255 H: 43 F:56			JSL $848EEA --> Decrease CDSkel, Continue Skeleton

				848EEA 08          PHP                    A:0A28 X:0002 Y:0002 S:0129 D:0E68 DB:86 nvMXdizc V:255 H: 56 F:56
				848EEB 8B          PHB                    A:0A28 X:0002 Y:0002 S:0128 D:0E68 DB:86 nvMXdizc V:255 H: 61 F:56
				848EEC E2 30       SEP #$30               A:0A28 X:0002 Y:0002 S:0127 D:0E68 DB:86 nvMXdizc V:255 H: 66 F:56
				848EEE C6 13       DEC $13       [000E7B] A:0A28 X:0002 Y:0002 S:0127 D:0E68 DB:86 nvMXdizc V:255 H: 71 F:56
				848EF0 D0 5D       BNE $005D     [848F4F] A:0A28 X:0002 Y:0002 S:0127 D:0E68 DB:86 nvMXdizc V:255 H: 81 F:56
				848F4F AB          PLB                    A:0A28 X:0002 Y:0002 S:0127 D:0E68 DB:86 nvMXdizc V:255 H: 85 F:56
				848F50 28          PLP                    A:0A28 X:0002 Y:0002 S:0128 D:0E68 DB:86 NvMXdizc V:255 H: 92 F:56
				848F51 6B          RTL                    A:0A28 X:0002 Y:0002 S:0129 D:0E68 DB:86 nvMXdizc V:255 H: 98 F:56

			83B6C2 A5 17       LDA $17       [000E7F] A:0A28 X:0002 Y:0002 S:012C D:0E68 DB:86 nvMXdizc V:255 H:109 F:56
			83B6C4 10 7B       BPL $007B     [83B741] A:0A13 X:0002 Y:0002 S:012C D:0E68 DB:86 nvMXdizc V:255 H:115 F:56			Branch because E-$17 is positive --> No SkelAction change
			83B741 20 20 BA    JSR $BA20     [83BA20] A:0A13 X:0002 Y:0002 S:012C D:0E68 DB:86 nvMXdizc V:255 H:120 F:56			JSR $83BA20 --> If MMXShotData doesn't exist, Z=1, Else Z=0

				83BA20 A5 33       LDA $33       [000E9B] A:0A13 X:0002 Y:0002 S:012A D:0E68 DB:86 nvMXdizc V:255 H:130 F:56
				83BA22 F0 03       BEQ $0003     [83BA27] A:0A00 X:0002 Y:0002 S:012A D:0E68 DB:86 nvMXdiZc V:255 H:146 F:56
				83BA27 C2 10       REP #$10               A:0A00 X:0002 Y:0002 S:012A D:0E68 DB:86 nvMXdiZc V:255 H:151 F:56
				83BA29 A2 28 12    LDX #$1228             A:0A00 X:0002 Y:0002 S:012A D:0E68 DB:86 nvMxdiZc V:255 H:155 F:56
				83BA2C E2 20       SEP #$20               A:0A00 X:1228 Y:0002 S:012A D:0E68 DB:86 nvMxdizc V:255 H:160 F:56
				83BA2E BD 00 00    LDA $0000,X   [861228] A:0A00 X:1228 Y:0002 S:012A D:0E68 DB:86 nvMxdizc V:255 H:164 F:56
				83BA31 F0 54       BEQ $0054     [83BA87] A:0A01 X:1228 Y:0002 S:012A D:0E68 DB:86 nvMxdizc V:255 H:172 F:56
				83BA33 BD 30 00    LDA $0030,X   [861258] A:0A01 X:1228 Y:0002 S:012A D:0E68 DB:86 nvMxdizc V:255 H:175 F:56
				83BA36 D0 4F       BNE $004F     [83BA87] A:0A00 X:1228 Y:0002 S:012A D:0E68 DB:86 nvMxdiZc V:255 H:183 F:56
				83BA38 BD 2C 00    LDA $002C,X   [861254] A:0A00 X:1228 Y:0002 S:012A D:0E68 DB:86 nvMxdiZc V:255 H:186 F:56
				83BA3B D0 4A       BNE $004A     [83BA87] A:0A00 X:1228 Y:0002 S:012A D:0E68 DB:86 nvMxdiZc V:255 H:194 F:56
				83BA3D C2 20       REP #$20               A:0A00 X:1228 Y:0002 S:012A D:0E68 DB:86 nvMxdiZc V:255 H:197 F:56
				83BA3F BD 20 00    LDA $0020,X   [861248] A:0A00 X:1228 Y:0002 S:012A D:0E68 DB:86 nvmxdiZc V:255 H:202 F:56
				83BA42 A8          TAY                    A:BF34 X:1228 Y:0002 S:012A D:0E68 DB:86 Nvmxdizc V:255 H:212 F:56
				83BA43 B9 00 00    LDA $0000,Y   [86BF34] A:BF34 X:1228 Y:BF34 S:012A D:0E68 DB:86 Nvmxdizc V:255 H:215 F:56
				83BA46 29 FF 00    AND #$00FF             A:0000 X:1228 Y:BF34 S:012A D:0E68 DB:86 nvmxdiZc V:255 H:224 F:56
				83BA49 89 80 00    BIT #$0080             A:0000 X:1228 Y:BF34 S:012A D:0E68 DB:86 nvmxdiZc V:255 H:228 F:56
				83BA4C F0 03       BEQ $0003     [83BA51] A:0000 X:1228 Y:BF34 S:012A D:0E68 DB:86 nvmxdiZc V:255 H:233 F:56
				83BA51 48          PHA                    A:0000 X:1228 Y:BF34 S:012A D:0E68 DB:86 nvmxdiZc V:255 H:237 F:56
				83BA52 BD 11 00    LDA $0011,X   [861239] A:0000 X:1228 Y:BF34 S:0128 D:0E68 DB:86 nvmxdiZc V:255 H:244 F:56
				83BA55 EB          XBA                    A:0066 X:1228 Y:BF34 S:0128 D:0E68 DB:86 nvmxdizc V:255 H:254 F:56
				83BA56 0A          ASL A                  A:6600 X:1228 Y:BF34 S:0128 D:0E68 DB:86 nvmxdiZc V:255 H:259 F:56
				83BA57 0A          ASL A                  A:CC00 X:1228 Y:BF34 S:0128 D:0E68 DB:86 Nvmxdizc V:255 H:262 F:56
				83BA58 68          PLA                    A:9800 X:1228 Y:BF34 S:0128 D:0E68 DB:86 NvmxdizC V:255 H:265 F:56
				83BA59 90 04       BCC $0004     [83BA5F] A:0000 X:1228 Y:BF34 S:012A D:0E68 DB:86 nvmxdiZC V:255 H:273 F:56
				83BA5B 49 FF FF    EOR #$FFFF             A:0000 X:1228 Y:BF34 S:012A D:0E68 DB:86 nvmxdiZC V:255 H:276 F:56
				83BA5E 1A          INC                    A:FFFF X:1228 Y:BF34 S:012A D:0E68 DB:86 NvmxdizC V:255 H:281 F:56
				83BA5F 18          CLC                    A:0000 X:1228 Y:BF34 S:012A D:0E68 DB:86 nvmxdiZC V:255 H:284 F:56
				83BA60 7D 05 00    ADC $0005,X   [86122D] A:0000 X:1228 Y:BF34 S:012A D:0E68 DB:86 nvmxdiZc V:255 H:287 F:56
				83BA63 38          SEC                    A:1481 X:1228 Y:BF34 S:012A D:0E68 DB:86 nvmxdizc V:255 H:297 F:56
				83BA64 E5 05       SBC $05       [000E6D] A:1481 X:1228 Y:BF34 S:012A D:0E68 DB:86 nvmxdizC V:255 H:300 F:56
				83BA66 B0 04       BCS $0004     [83BA6C] A:FFB1 X:1228 Y:BF34 S:012A D:0E68 DB:86 Nvmxdizc V:255 H:308 F:56
				83BA68 49 FF FF    EOR #$FFFF             A:FFB1 X:1228 Y:BF34 S:012A D:0E68 DB:86 Nvmxdizc V:255 H:311 F:56
				83BA6B 1A          INC                    A:004E X:1228 Y:BF34 S:012A D:0E68 DB:86 nvmxdizc V:255 H:316 F:56
				83BA6C C9 50 00    CMP #$0050             A:004F X:1228 Y:BF34 S:012A D:0E68 DB:86 nvmxdizc V:255 H:319 F:56
				83BA6F B0 16       BCS $0016     [83BA87] A:004F X:1228 Y:BF34 S:012A D:0E68 DB:86 Nvmxdizc V:255 H:323 F:56
				83BA71 A5 08       LDA $08       [000E70] A:004F X:1228 Y:BF34 S:012A D:0E68 DB:86 Nvmxdizc V:255 H:326 F:56
				83BA73 38          SEC                    A:0A9D X:1228 Y:BF34 S:012A D:0E68 DB:86 nvmxdizc V:255 H:334 F:56
				83BA74 FD 08 00    SBC $0008,X   [861230] A:0A9D X:1228 Y:BF34 S:012A D:0E68 DB:86 nvmxdizC V:255 H:337 F:56
				83BA77 B0 04       BCS $0004     [83BA7D] A:0001 X:1228 Y:BF34 S:012A D:0E68 DB:86 nvmxdizC V:256 H:  7 F:56
				83BA7D C9 24 00    CMP #$0024             A:0001 X:1228 Y:BF34 S:012A D:0E68 DB:86 nvmxdizC V:256 H: 11 F:56
				83BA80 B0 05       BCS $0005     [83BA87] A:0001 X:1228 Y:BF34 S:012A D:0E68 DB:86 Nvmxdizc V:256 H: 16 F:56
				83BA82 FE 2C 00    INC $002C,X   [861254] A:0001 X:1228 Y:BF34 S:012A D:0E68 DB:86 Nvmxdizc V:256 H: 19 F:56
				83BA85 80 12       BRA $0012     [83BA99] A:0001 X:1228 Y:BF34 S:012A D:0E68 DB:86 nvmxdizc V:256 H: 34 F:56
				83BA99 E2 30       SEP #$30               A:0001 X:1228 Y:BF34 S:012A D:0E68 DB:86 nvmxdizc V:256 H: 39 F:56
				83BA9B 22 86 90 84 JSL $849086   [849086] A:0001 X:0028 Y:0034 S:012A D:0E68 DB:86 nvMXdizc V:256 H: 43 F:56

					849086 08          PHP                    A:0001 X:0028 Y:0034 S:0127 D:0E68 DB:86 nvMXdizc V:256 H: 57 F:56
					849087 C2 20       REP #$20               A:0001 X:0028 Y:0034 S:0126 D:0E68 DB:86 nvMXdizc V:256 H: 62 F:56
					849089 AD A6 0B    LDA $0BA6     [860BA6] A:0001 X:0028 Y:0034 S:0126 D:0E68 DB:86 nvmXdizc V:256 H: 66 F:56
					84908C 0A          ASL A                  A:2D03 X:0028 Y:0034 S:0126 D:0E68 DB:86 nvmXdizc V:256 H: 75 F:56
					84908D 18          CLC                    A:5A06 X:0028 Y:0034 S:0126 D:0E68 DB:86 nvmXdizc V:256 H: 78 F:56
					84908E 6D A6 0B    ADC $0BA6     [860BA6] A:5A06 X:0028 Y:0034 S:0126 D:0E68 DB:86 nvmXdizc V:256 H: 81 F:56
					849091 EB          XBA                    A:8709 X:0028 Y:0034 S:0126 D:0E68 DB:86 NVmXdizc V:256 H: 89 F:56
					849092 E2 20       SEP #$20               A:0987 X:0028 Y:0034 S:0126 D:0E68 DB:86 NVmXdizc V:256 H: 94 F:56
					849094 8D A7 0B    STA $0BA7     [860BA7] A:0987 X:0028 Y:0034 S:0126 D:0E68 DB:86 NVMXdizc V:256 H: 98 F:56
					849097 18          CLC                    A:0987 X:0028 Y:0034 S:0126 D:0E68 DB:86 NVMXdizc V:256 H:105 F:56
					849098 6D A6 0B    ADC $0BA6     [860BA6] A:0987 X:0028 Y:0034 S:0126 D:0E68 DB:86 NVMXdizc V:256 H:108 F:56
					84909B 8D A6 0B    STA $0BA6     [860BA6] A:098A X:0028 Y:0034 S:0126 D:0E68 DB:86 NvMXdizc V:256 H:114 F:56
					84909E 28          PLP                    A:098A X:0028 Y:0034 S:0126 D:0E68 DB:86 NvMXdizc V:256 H:121 F:56
					84909F 6B          RTL                    A:098A X:0028 Y:0034 S:0127 D:0E68 DB:86 nvMXdizc V:256 H:127 F:56

				83BA9F 29 0F       AND #$0F               A:098A X:0028 Y:0034 S:012A D:0E68 DB:86 nvMXdizc V:256 H:148 F:56
				83BAA1 C9 04       CMP #$04               A:090A X:0028 Y:0034 S:012A D:0E68 DB:86 nvMXdizc V:256 H:151 F:56
				83BAA3 90 EF       BCC $00EF     [83BA94] A:090A X:0028 Y:0034 S:012A D:0E68 DB:86 nvMXdizC V:256 H:154 F:56
				83BAA5 64 3C       STZ $3C       [000EA4] A:090A X:0028 Y:0034 S:012A D:0E68 DB:86 nvMXdizC V:256 H:157 F:56
				83BAA7 A9 01       LDA #$01               A:090A X:0028 Y:0034 S:012A D:0E68 DB:86 nvMXdizC V:256 H:163 F:56
				83BAA9 60          RTS                    A:0901 X:0028 Y:0034 S:012A D:0E68 DB:86 nvMXdizC V:256 H:166 F:56

			83B744 F0 15       BEQ $0015     [83B75B] A:0901 X:0028 Y:0034 S:012C D:0E68 DB:86 nvMXdizC V:256 H:176 F:56			Branch if Z=1 (MMXShotData doesn't exist)
			83B746 A9 02       LDA #$02               A:0901 X:0028 Y:0034 S:012C D:0E68 DB:86 nvMXdizC V:256 H:179 F:56
			83B748 85 02       STA $02       [000E6A] A:0902 X:0028 Y:0034 S:012C D:0E68 DB:86 nvMXdizC V:256 H:182 F:56			Action = #$02
			83B74A A9 04       LDA #$04               A:0902 X:0028 Y:0034 S:012C D:0E68 DB:86 nvMXdizC V:256 H:189 F:56
			83B74C 85 03       STA $03       [000E6B] A:0904 X:0028 Y:0034 S:012C D:0E68 DB:86 nvMXdizC V:256 H:192 F:56			Subaction = #$04
			83B74E A9 01       LDA #$01               A:0904 X:0028 Y:0034 S:012C D:0E68 DB:86 nvMXdizC V:256 H:198 F:56
			83B750 04 37       TSB $37       [000E9F] A:0901 X:0028 Y:0034 S:012C D:0E68 DB:86 nvMXdizC V:256 H:201 F:56			E-GuardBit = Set bit 01
			83B752 A9 09       LDA #$09               A:0901 X:0028 Y:0034 S:012C D:0E68 DB:86 nvMXdiZC V:256 H:211 F:56			A = a = #$09
			83B754 20 C8 B9    JSR $B9C8     [83B9C8] A:0909 X:0028 Y:0034 S:012C D:0E68 DB:86 nvMXdizC V:256 H:214 F:56			JSR $83B9C8 --> Armored Armadillo CDSkeleton Load

				83B9C8 08          PHP                    A:0909 X:0028 Y:0034 S:012A D:0E68 DB:86 nvMXdizC V:256 H:224 F:56
				83B9C9 E2 30       SEP #$30               A:0909 X:0028 Y:0034 S:0129 D:0E68 DB:86 nvMXdizC V:256 H:229 F:56
				83B9CB C9 0B       CMP #$0B               A:0909 X:0028 Y:0034 S:0129 D:0E68 DB:86 nvMXdizC V:256 H:234 F:56
				83B9CD F0 1B       BEQ $001B     [83B9EA] A:0909 X:0028 Y:0034 S:0129 D:0E68 DB:86 NvMXdizc V:256 H:237 F:56		Branch if a = #$0B
				83B9CF A6 33       LDX $33       [000E9B] A:0909 X:0028 Y:0034 S:0129 D:0E68 DB:86 NvMXdizc V:256 H:240 F:56
				83B9D1 F0 03       BEQ $0003     [83B9D6] A:0909 X:0000 Y:0034 S:0129 D:0E68 DB:86 nvMXdiZc V:256 H:246 F:56		Branch because E-$33 = #$00
				83B9D6 AA          TAX                    A:0909 X:0000 Y:0034 S:0129 D:0E68 DB:86 nvMXdiZc V:256 H:251 F:56
				83B9D7 BD 5D C9    LDA $C95D,X   [86C966] A:0909 X:0009 Y:0034 S:0129 D:0E68 DB:86 nvMXdizc V:256 H:254 F:56		A = [$86C95D,a] = [$86C966] = #$0F
				83B9DA A2 62       LDX #$62               A:090F X:0009 Y:0034 S:0129 D:0E68 DB:86 nvMXdizc V:256 H:260 F:56		|CountPoint = #$62
				83B9DC 86 16       STX $16       [000E7E] A:090F X:0062 Y:0034 S:0129 D:0E68 DB:86 nvMXdizc V:256 H:263 F:56		|
				83B9DE 22 07 8F 84 JSL $848F07   [848F07] A:090F X:0062 Y:0034 S:0129 D:0E68 DB:86 nvMXdizc V:256 H:269 F:56		JSL $848F07 --> Skeleton Load (SkelPoint = #$62, A=#$0C)

					848F07 08          PHP                    A:090F X:0062 Y:0034 S:0126 D:0E68 DB:86 nvMXdizc V:256 H:283 F:56
					848F08 8B          PHB                    A:090F X:0062 Y:0034 S:0125 D:0E68 DB:86 nvMXdizc V:256 H:288 F:56
					848F09 C2 30       REP #$30               A:090F X:0062 Y:0034 S:0124 D:0E68 DB:86 nvMXdizc V:256 H:293 F:56
					848F0B 8D 0E 00    STA $000E     [86000E] A:090F X:0062 Y:0034 S:0124 D:0E68 DB:86 nvmxdizc V:256 H:297 F:56
					848F0E A5 16       LDA $16       [000E7E] A:090F X:0062 Y:0034 S:0124 D:0E68 DB:86 nvmxdizc V:256 H:306 F:56
					848F10 29 FF 00    AND #$00FF             A:1362 X:0062 Y:0034 S:0124 D:0E68 DB:86 nvmxdizc V:256 H:314 F:56
					848F13 8D 0C 00    STA $000C     [86000C] A:0062 X:0062 Y:0034 S:0124 D:0E68 DB:86 nvmxdizc V:256 H:319 F:56
					848F16 0A          ASL A                  A:0062 X:0062 Y:0034 S:0124 D:0E68 DB:86 nvmxdizc V:256 H:327 F:56
					848F17 18          CLC                    A:00C4 X:0062 Y:0034 S:0124 D:0E68 DB:86 nvmxdizc V:256 H:329 F:56
					848F18 6D 0C 00    ADC $000C     [86000C] A:00C4 X:0062 Y:0034 S:0124 D:0E68 DB:86 nvmxdizc V:256 H:332 F:56
					848F1B AA          TAX                    A:0126 X:0062 Y:0034 S:0124 D:0E68 DB:86 nvmxdizc V:257 H:  1 F:56
					848F1C BF 00 A0 AF LDA $AFA000,X [AFA126] A:0126 X:0126 Y:0034 S:0124 D:0E68 DB:86 nvmxdizc V:257 H:  4 F:56
					848F20 85 14       STA $14       [000E7C] A:CCB8 X:0126 Y:0034 S:0124 D:0E68 DB:86 Nvmxdizc V:257 H: 13 F:56
					848F22 E2 20       SEP #$20               A:CCB8 X:0126 Y:0034 S:0124 D:0E68 DB:86 Nvmxdizc V:257 H: 21 F:56
					848F24 BF 02 A0 AF LDA $AFA002,X [AFA128] A:CCB8 X:0126 Y:0034 S:0124 D:0E68 DB:86 NvMxdizc V:257 H: 26 F:56
					848F28 48          PHA                    A:CCAF X:0126 Y:0034 S:0124 D:0E68 DB:86 NvMxdizc V:257 H: 33 F:56
					848F29 AB          PLB                    A:CCAF X:0126 Y:0034 S:0123 D:0E68 DB:86 NvMxdizc V:257 H: 38 F:56
					848F2A C2 20       REP #$20               A:CCAF X:0126 Y:0034 S:0124 D:0E68 DB:AF NvMxdizc V:257 H: 45 F:56
					848F2C AD 0E 00    LDA $000E     [AF000E] A:CCAF X:0126 Y:0034 S:0124 D:0E68 DB:AF Nvmxdizc V:257 H: 49 F:56
					848F2F 29 FF 00    AND #$00FF             A:090F X:0126 Y:0034 S:0124 D:0E68 DB:AF nvmxdizc V:257 H: 58 F:56
					848F32 0A          ASL A                  A:000F X:0126 Y:0034 S:0124 D:0E68 DB:AF nvmxdizc V:257 H: 62 F:56
					848F33 A8          TAY                    A:001E X:0126 Y:0034 S:0124 D:0E68 DB:AF nvmxdizc V:257 H: 65 F:56
					848F34 B1 14       LDA ($14),Y   [AFCCD6] A:001E X:0126 Y:001E S:0124 D:0E68 DB:AF nvmxdizc V:257 H: 68 F:56
					848F36 65 14       ADC $14       [000E7C] A:0127 X:0126 Y:001E S:0124 D:0E68 DB:AF nvmxdizc V:257 H: 81 F:56
					848F38 85 14       STA $14       [000E7C] A:CDDF X:0126 Y:001E S:0124 D:0E68 DB:AF Nvmxdizc V:257 H: 90 F:56
					848F3A E2 30       SEP #$30               A:CDDF X:0126 Y:001E S:0124 D:0E68 DB:AF Nvmxdizc V:257 H: 98 F:56
					848F3C B2 14       LDA ($14)     [AFCDDF] A:CDDF X:0026 Y:001E S:0124 D:0E68 DB:AF NvMXdizc V:257 H:103 F:56	Skeleton start: [AFCDDF]
					848F3E 85 13       STA $13       [000E7B] A:CD10 X:0026 Y:001E S:0124 D:0E68 DB:AF nvMXdizc V:257 H:113 F:56
					848F40 A0 01       LDY #$01               A:CD10 X:0026 Y:001E S:0124 D:0E68 DB:AF nvMXdizc V:257 H:119 F:56
					848F42 B1 14       LDA ($14),Y   [AFCDE0] A:CD10 X:0026 Y:0001 S:0124 D:0E68 DB:AF nvMXdizc V:257 H:122 F:56
					848F44 85 0F       STA $0F       [000E77] A:CD80 X:0026 Y:0001 S:0124 D:0E68 DB:AF NvMXdizc V:257 H:132 F:56
					848F46 C8          INY                    A:CD80 X:0026 Y:0001 S:0124 D:0E68 DB:AF NvMXdizc V:257 H:149 F:56
					848F47 B1 14       LDA ($14),Y   [AFCDE1] A:CD80 X:0026 Y:0002 S:0124 D:0E68 DB:AF nvMXdizc V:257 H:152 F:56
					848F49 85 17       STA $17       [000E7F] A:CD17 X:0026 Y:0002 S:0124 D:0E68 DB:AF nvMXdizc V:257 H:162 F:56
					848F4B A9 80       LDA #$80               A:CD17 X:0026 Y:0002 S:0124 D:0E68 DB:AF nvMXdizc V:257 H:168 F:56
					848F4D 04 17       TSB $17       [000E7F] A:CD80 X:0026 Y:0002 S:0124 D:0E68 DB:AF NvMXdizc V:257 H:171 F:56
					848F4F AB          PLB                    A:CD80 X:0026 Y:0002 S:0124 D:0E68 DB:AF NvMXdiZc V:257 H:181 F:56
					848F50 28          PLP                    A:CD80 X:0026 Y:0002 S:0125 D:0E68 DB:86 NvMXdizc V:257 H:188 F:56
					848F51 6B          RTL                    A:CD80 X:0026 Y:0002 S:0126 D:0E68 DB:86 nvMXdizc V:257 H:194 F:56

				83B9E2 A9 01       LDA #$01               A:CD80 X:0026 Y:0002 S:0129 D:0E68 DB:86 nvMXdizc V:257 H:205 F:56
				83B9E4 04 11       TSB $11       [000E79] A:CD01 X:0026 Y:0002 S:0129 D:0E68 DB:86 nvMXdizc V:257 H:208 F:56		E-Status = Set bit 01
				83B9E6 64 18       STZ $18       [000E80] A:CD01 X:0026 Y:0002 S:0129 D:0E68 DB:86 nvMXdizc V:257 H:218 F:56		E-$18 = #$00
				83B9E8 28          PLP                    A:CD01 X:0026 Y:0002 S:0129 D:0E68 DB:86 nvMXdizc V:257 H:224 F:56
				83B9E9 60          RTS                    A:CD01 X:0026 Y:0002 S:012A D:0E68 DB:86 nvMXdizC V:257 H:231 F:56

			83B757 A9 1E       LDA #$1E               A:CD01 X:0026 Y:0002 S:012C D:0E68 DB:86 nvMXdizC V:257 H:241 F:56
			83B759 85 3B       STA $3B       [000EA3] A:CD1E X:0026 Y:0002 S:012C D:0E68 DB:86 nvMXdizC V:257 H:244 F:56			CDGuard = #$1E
			83B75B 60          RTS                    A:CD1E X:0026 Y:0002 S:012C D:0E68 DB:86 nvMXdizC V:257 H:250 F:56

		83B2ED A5 27       LDA $27       [000E8F] A:CD1E X:0026 Y:0002 S:012E D:0E68 DB:86 nvMXdizC V:257 H:260 F:56
