80D4F6 20 30 D5    JSR $D530     [80D530] A:0E01 X:0000 Y:00D2 S:0133 D:0E68 DB:86 nvMXdizC V:247 H:172 F: 9

	80D530 C2 20       REP #$20               A:0E01 X:0000 Y:00D2 S:0131 D:0E68 DB:86 nvMXdizC V:247 H:182 F: 9
	80D532 A5 05       LDA $05       [000E6D] A:0E01 X:0000 Y:00D2 S:0131 D:0E68 DB:86 nvmXdizC V:247 H:186 F: 9
	80D534 85 22       STA $22       [000E8A] A:1489 X:0000 Y:00D2 S:0131 D:0E68 DB:86 nvmXdizC V:247 H:195 F: 9
	80D536 A5 08       LDA $08       [000E70] A:1489 X:0000 Y:00D2 S:0131 D:0E68 DB:86 nvmXdizC V:247 H:203 F: 9
	80D538 85 24       STA $24       [000E8C] A:0A9D X:0000 Y:00D2 S:0131 D:0E68 DB:86 nvmXdizC V:247 H:212 F: 9
	80D53A E2 20       SEP #$20               A:0A9D X:0000 Y:00D2 S:0131 D:0E68 DB:86 nvmXdizC V:247 H:220 F: 9
	80D53C A9 80       LDA #$80               A:0A9D X:0000 Y:00D2 S:0131 D:0E68 DB:86 nvMXdizC V:247 H:225 F: 9
	80D53E 14 0E       TRB $0E       [000E76] A:0A80 X:0000 Y:00D2 S:0131 D:0E68 DB:86 NvMXdizC V:247 H:228 F: 9
	80D540 A5 0A       LDA $0A       [000E72] A:0A80 X:0000 Y:00D2 S:0131 D:0E68 DB:86 NvMXdizC V:247 H:238 F: 9
	80D542 0A          ASL A                  A:0A14 X:0000 Y:00D2 S:0131 D:0E68 DB:86 nvMXdizC V:247 H:244 F: 9
	80D543 AA          TAX                    A:0A28 X:0000 Y:00D2 S:0131 D:0E68 DB:86 nvMXdizc V:247 H:247 F: 9
	80D544 7C DD F8    JMP ($F8DD,X) [80F905] A:0A28 X:0028 Y:00D2 S:0131 D:0E68 DB:86 nvMXdizc V:247 H:250 F: 9

	80FA15 22 44 B1 83 JSL $83B144   [83B144] A:0A28 X:0028 Y:00D2 S:0131 D:0E68 DB:86 nvMXdizc V:247 H:259 F: 9

		83B144 A6 01       LDX $01       [000E69] A:0A28 X:0028 Y:00D2 S:012E D:0E68 DB:86 nvMXdizc V:247 H:273 F: 9
		83B146 7C 49 B1    JMP ($B149,X) [83B14D] A:0A28 X:0004 Y:00D2 S:012E D:0E68 DB:86 nvMXdizc V:247 H:279 F: 9

		83B2E8 A6 02       LDX $02       [000E6A] A:0A28 X:0004 Y:00D2 S:012E D:0E68 DB:86 nvMXdizc V:247 H:288 F: 9
		83B2EA FC DA B3    JSR ($B3DA,X) [83B3DC] A:0A28 X:0002 Y:00D2 S:012E D:0E68 DB:86 nvMXdizc V:247 H:295 F: 9

			83B69D A6 03       LDX $03       [000E6B] A:0A28 X:0002 Y:00D2 S:012C D:0E68 DB:86 nvMXdizc V:247 H:308 F: 9
			83B69F 7C A2 B6    JMP ($B6A2,X) [83B6A4] A:0A28 X:0002 Y:00D2 S:012C D:0E68 DB:86 nvMXdizc V:247 H:314 F: 9

			83B6BE 22 EA 8E 84 JSL $848EEA   [848EEA] A:0A28 X:0002 Y:00D2 S:012C D:0E68 DB:86 nvMXdizc V:247 H:323 F: 9		JSL $848EEA --> Decrease CDSkel, Continue Skeleton

				848EEA 08          PHP                    A:0A28 X:0002 Y:00D2 S:0129 D:0E68 DB:86 nvMXdizc V:247 H:336 F: 9
				848EEB 8B          PHB                    A:0A28 X:0002 Y:00D2 S:0128 D:0E68 DB:86 nvMXdizc V:248 H:  1 F: 9
				848EEC E2 30       SEP #$30               A:0A28 X:0002 Y:00D2 S:0127 D:0E68 DB:86 nvMXdizc V:248 H:  6 F: 9
				848EEE C6 13       DEC $13       [000E7B] A:0A28 X:0002 Y:00D2 S:0127 D:0E68 DB:86 nvMXdizc V:248 H: 10 F: 9
				848EF0 D0 5D       BNE $005D     [848F4F] A:0A28 X:0002 Y:00D2 S:0127 D:0E68 DB:86 nvMXdizc V:248 H: 20 F: 9
				848F4F AB          PLB                    A:0A28 X:0002 Y:00D2 S:0127 D:0E68 DB:86 nvMXdizc V:248 H: 25 F: 9
				848F50 28          PLP                    A:0A28 X:0002 Y:00D2 S:0128 D:0E68 DB:86 NvMXdizc V:248 H: 31 F: 9
				848F51 6B          RTL                    A:0A28 X:0002 Y:00D2 S:0129 D:0E68 DB:86 nvMXdizc V:248 H: 38 F: 9

			83B6C2 A5 17       LDA $17       [000E7F] A:0A28 X:0002 Y:00D2 S:012C D:0E68 DB:86 nvMXdizc V:248 H: 48 F: 9
			83B6C4 10 7B       BPL $007B     [83B741] A:0A93 X:0002 Y:00D2 S:012C D:0E68 DB:86 NvMXdizc V:248 H: 55 F: 9
			83B6C6 29 7F       AND #$7F               A:0A93 X:0002 Y:00D2 S:012C D:0E68 DB:86 NvMXdizc V:248 H: 58 F: 9
			83B6C8 85 17       STA $17       [000E7F] A:0A13 X:0002 Y:00D2 S:012C D:0E68 DB:86 nvMXdizc V:248 H: 61 F: 9
			83B6CA A5 0F       LDA $0F       [000E77] A:0A13 X:0002 Y:00D2 S:012C D:0E68 DB:86 nvMXdizc V:248 H: 67 F: 9
			83B6CC 30 65       BMI $0065     [83B733] A:0A00 X:0002 Y:00D2 S:012C D:0E68 DB:86 nvMXdiZc V:248 H: 74 F: 9		Branch if SkelAction is negative
			83B6CE F0 71       BEQ $0071     [83B741] A:0A00 X:0002 Y:00D2 S:012C D:0E68 DB:86 nvMXdiZc V:248 H: 77 F: 9		Branch because SkelAction = #$00
			83B741 20 20 BA    JSR $BA20     [83BA20] A:0A00 X:0002 Y:00D2 S:012C D:0E68 DB:86 nvMXdiZc V:248 H: 81 F: 9		JSR $83BA20 --> X = First empty MMXShotData,Z=1

				83BA20 A5 33       LDA $33       [000E9B] A:0A00 X:0002 Y:00D2 S:012A D:0E68 DB:86 nvMXdiZc V:248 H: 91 F: 9
				83BA22 F0 03       BEQ $0003     [83BA27] A:0A00 X:0002 Y:00D2 S:012A D:0E68 DB:86 nvMXdiZc V:248 H: 98 F: 9
				83BA27 C2 10       REP #$10               A:0A00 X:0002 Y:00D2 S:012A D:0E68 DB:86 nvMXdiZc V:248 H:102 F: 9
				83BA29 A2 28 12    LDX #$1228             A:0A00 X:0002 Y:00D2 S:012A D:0E68 DB:86 nvMxdiZc V:248 H:107 F: 9
				83BA2C E2 20       SEP #$20               A:0A00 X:1228 Y:00D2 S:012A D:0E68 DB:86 nvMxdizc V:248 H:111 F: 9
				83BA2E BD 00 00    LDA $0000,X   [861228] A:0A00 X:1228 Y:00D2 S:012A D:0E68 DB:86 nvMxdizc V:248 H:116 F: 9
				83BA31 F0 54       BEQ $0054     [83BA87] A:0A00 X:1228 Y:00D2 S:012A D:0E68 DB:86 nvMxdiZc V:248 H:124 F: 9
				83BA87 C2 20       REP #$20               A:0A00 X:1228 Y:00D2 S:012A D:0E68 DB:86 nvMxdiZc V:248 H:128 F: 9
				83BA89 8A          TXA                    A:0A00 X:1228 Y:00D2 S:012A D:0E68 DB:86 nvmxdiZc V:248 H:133 F: 9
				83BA8A 18          CLC                    A:1228 X:1228 Y:00D2 S:012A D:0E68 DB:86 nvmxdizc V:248 H:146 F: 9
				83BA8B 69 40 00    ADC #$0040             A:1228 X:1228 Y:00D2 S:012A D:0E68 DB:86 nvmxdizc V:248 H:149 F: 9
				83BA8E AA          TAX                    A:1268 X:1228 Y:00D2 S:012A D:0E68 DB:86 nvmxdizc V:248 H:153 F: 9
				83BA8F C9 28 14    CMP #$1428             A:1268 X:1268 Y:00D2 S:012A D:0E68 DB:86 nvmxdizc V:248 H:156 F: 9
				83BA92 90 98       BCC $0098     [83BA2C] A:1268 X:1268 Y:00D2 S:012A D:0E68 DB:86 Nvmxdizc V:248 H:161 F: 9
				83BA2C E2 20       SEP #$20               A:1268 X:1268 Y:00D2 S:012A D:0E68 DB:86 Nvmxdizc V:248 H:165 F: 9
				83BA2E BD 00 00    LDA $0000,X   [861268] A:1268 X:1268 Y:00D2 S:012A D:0E68 DB:86 NvMxdizc V:248 H:170 F: 9
				83BA31 F0 54       BEQ $0054     [83BA87] A:1200 X:1268 Y:00D2 S:012A D:0E68 DB:86 nvMxdiZc V:248 H:178 F: 9
				83BA87 C2 20       REP #$20               A:1200 X:1268 Y:00D2 S:012A D:0E68 DB:86 nvMxdiZc V:248 H:182 F: 9
				83BA89 8A          TXA                    A:1200 X:1268 Y:00D2 S:012A D:0E68 DB:86 nvmxdiZc V:248 H:187 F: 9
				83BA8A 18          CLC                    A:1268 X:1268 Y:00D2 S:012A D:0E68 DB:86 nvmxdizc V:248 H:190 F: 9
				83BA8B 69 40 00    ADC #$0040             A:1268 X:1268 Y:00D2 S:012A D:0E68 DB:86 nvmxdizc V:248 H:193 F: 9
				83BA8E AA          TAX                    A:12A8 X:1268 Y:00D2 S:012A D:0E68 DB:86 nvmxdizc V:248 H:197 F: 9
				83BA8F C9 28 14    CMP #$1428             A:12A8 X:12A8 Y:00D2 S:012A D:0E68 DB:86 nvmxdizc V:248 H:200 F: 9
				83BA92 90 98       BCC $0098     [83BA2C] A:12A8 X:12A8 Y:00D2 S:012A D:0E68 DB:86 Nvmxdizc V:248 H:205 F: 9
				83BA2C E2 20       SEP #$20               A:12A8 X:12A8 Y:00D2 S:012A D:0E68 DB:86 Nvmxdizc V:248 H:209 F: 9
				83BA2E BD 00 00    LDA $0000,X   [8612A8] A:12A8 X:12A8 Y:00D2 S:012A D:0E68 DB:86 NvMxdizc V:248 H:214 F: 9
				83BA31 F0 54       BEQ $0054     [83BA87] A:1200 X:12A8 Y:00D2 S:012A D:0E68 DB:86 nvMxdiZc V:248 H:222 F: 9
				83BA87 C2 20       REP #$20               A:1200 X:12A8 Y:00D2 S:012A D:0E68 DB:86 nvMxdiZc V:248 H:226 F: 9
				83BA89 8A          TXA                    A:1200 X:12A8 Y:00D2 S:012A D:0E68 DB:86 nvmxdiZc V:248 H:231 F: 9
				83BA8A 18          CLC                    A:12A8 X:12A8 Y:00D2 S:012A D:0E68 DB:86 nvmxdizc V:248 H:234 F: 9
				83BA8B 69 40 00    ADC #$0040             A:12A8 X:12A8 Y:00D2 S:012A D:0E68 DB:86 nvmxdizc V:248 H:237 F: 9
				83BA8E AA          TAX                    A:12E8 X:12A8 Y:00D2 S:012A D:0E68 DB:86 nvmxdizc V:248 H:241 F: 9
				83BA8F C9 28 14    CMP #$1428             A:12E8 X:12E8 Y:00D2 S:012A D:0E68 DB:86 nvmxdizc V:248 H:244 F: 9
				83BA92 90 98       BCC $0098     [83BA2C] A:12E8 X:12E8 Y:00D2 S:012A D:0E68 DB:86 Nvmxdizc V:248 H:249 F: 9
				83BA2C E2 20       SEP #$20               A:12E8 X:12E8 Y:00D2 S:012A D:0E68 DB:86 Nvmxdizc V:248 H:253 F: 9
				83BA2E BD 00 00    LDA $0000,X   [8612E8] A:12E8 X:12E8 Y:00D2 S:012A D:0E68 DB:86 NvMxdizc V:248 H:258 F: 9
				83BA31 F0 54       BEQ $0054     [83BA87] A:1200 X:12E8 Y:00D2 S:012A D:0E68 DB:86 nvMxdiZc V:248 H:266 F: 9
				83BA87 C2 20       REP #$20               A:1200 X:12E8 Y:00D2 S:012A D:0E68 DB:86 nvMxdiZc V:248 H:270 F: 9
				83BA89 8A          TXA                    A:1200 X:12E8 Y:00D2 S:012A D:0E68 DB:86 nvmxdiZc V:248 H:275 F: 9
				83BA8A 18          CLC                    A:12E8 X:12E8 Y:00D2 S:012A D:0E68 DB:86 nvmxdizc V:248 H:278 F: 9
				83BA8B 69 40 00    ADC #$0040             A:12E8 X:12E8 Y:00D2 S:012A D:0E68 DB:86 nvmxdizc V:248 H:281 F: 9
				83BA8E AA          TAX                    A:1328 X:12E8 Y:00D2 S:012A D:0E68 DB:86 nvmxdizc V:248 H:285 F: 9
				83BA8F C9 28 14    CMP #$1428             A:1328 X:1328 Y:00D2 S:012A D:0E68 DB:86 nvmxdizc V:248 H:288 F: 9
				83BA92 90 98       BCC $0098     [83BA2C] A:1328 X:1328 Y:00D2 S:012A D:0E68 DB:86 Nvmxdizc V:248 H:293 F: 9
				83BA2C E2 20       SEP #$20               A:1328 X:1328 Y:00D2 S:012A D:0E68 DB:86 Nvmxdizc V:248 H:297 F: 9
				83BA2E BD 00 00    LDA $0000,X   [861328] A:1328 X:1328 Y:00D2 S:012A D:0E68 DB:86 NvMxdizc V:248 H:302 F: 9
				83BA31 F0 54       BEQ $0054     [83BA87] A:1300 X:1328 Y:00D2 S:012A D:0E68 DB:86 nvMxdiZc V:248 H:310 F: 9
				83BA87 C2 20       REP #$20               A:1300 X:1328 Y:00D2 S:012A D:0E68 DB:86 nvMxdiZc V:248 H:314 F: 9
				83BA89 8A          TXA                    A:1300 X:1328 Y:00D2 S:012A D:0E68 DB:86 nvmxdiZc V:248 H:319 F: 9
				83BA8A 18          CLC                    A:1328 X:1328 Y:00D2 S:012A D:0E68 DB:86 nvmxdizc V:248 H:322 F: 9
				83BA8B 69 40 00    ADC #$0040             A:1328 X:1328 Y:00D2 S:012A D:0E68 DB:86 nvmxdizc V:248 H:324 F: 9
				83BA8E AA          TAX                    A:1368 X:1328 Y:00D2 S:012A D:0E68 DB:86 nvmxdizc V:248 H:328 F: 9
				83BA8F C9 28 14    CMP #$1428             A:1368 X:1368 Y:00D2 S:012A D:0E68 DB:86 nvmxdizc V:248 H:331 F: 9
				83BA92 90 98       BCC $0098     [83BA2C] A:1368 X:1368 Y:00D2 S:012A D:0E68 DB:86 Nvmxdizc V:248 H:336 F: 9
				83BA2C E2 20       SEP #$20               A:1368 X:1368 Y:00D2 S:012A D:0E68 DB:86 Nvmxdizc V:249 H:  0 F: 9
				83BA2E BD 00 00    LDA $0000,X   [861368] A:1368 X:1368 Y:00D2 S:012A D:0E68 DB:86 NvMxdizc V:249 H:  5 F: 9
				83BA31 F0 54       BEQ $0054     [83BA87] A:1300 X:1368 Y:00D2 S:012A D:0E68 DB:86 nvMxdiZc V:249 H: 13 F: 9
				83BA87 C2 20       REP #$20               A:1300 X:1368 Y:00D2 S:012A D:0E68 DB:86 nvMxdiZc V:249 H: 17 F: 9
				83BA89 8A          TXA                    A:1300 X:1368 Y:00D2 S:012A D:0E68 DB:86 nvmxdiZc V:249 H: 22 F: 9
				83BA8A 18          CLC                    A:1368 X:1368 Y:00D2 S:012A D:0E68 DB:86 nvmxdizc V:249 H: 25 F: 9
				83BA8B 69 40 00    ADC #$0040             A:1368 X:1368 Y:00D2 S:012A D:0E68 DB:86 nvmxdizc V:249 H: 28 F: 9
				83BA8E AA          TAX                    A:13A8 X:1368 Y:00D2 S:012A D:0E68 DB:86 nvmxdizc V:249 H: 32 F: 9
				83BA8F C9 28 14    CMP #$1428             A:13A8 X:13A8 Y:00D2 S:012A D:0E68 DB:86 nvmxdizc V:249 H: 35 F: 9
				83BA92 90 98       BCC $0098     [83BA2C] A:13A8 X:13A8 Y:00D2 S:012A D:0E68 DB:86 Nvmxdizc V:249 H: 40 F: 9
				83BA2C E2 20       SEP #$20               A:13A8 X:13A8 Y:00D2 S:012A D:0E68 DB:86 Nvmxdizc V:249 H: 44 F: 9
				83BA2E BD 00 00    LDA $0000,X   [8613A8] A:13A8 X:13A8 Y:00D2 S:012A D:0E68 DB:86 NvMxdizc V:249 H: 49 F: 9
				83BA31 F0 54       BEQ $0054     [83BA87] A:1300 X:13A8 Y:00D2 S:012A D:0E68 DB:86 nvMxdiZc V:249 H: 57 F: 9
				83BA87 C2 20       REP #$20               A:1300 X:13A8 Y:00D2 S:012A D:0E68 DB:86 nvMxdiZc V:249 H: 61 F: 9
				83BA89 8A          TXA                    A:1300 X:13A8 Y:00D2 S:012A D:0E68 DB:86 nvmxdiZc V:249 H: 66 F: 9
				83BA8A 18          CLC                    A:13A8 X:13A8 Y:00D2 S:012A D:0E68 DB:86 nvmxdizc V:249 H: 69 F: 9
				83BA8B 69 40 00    ADC #$0040             A:13A8 X:13A8 Y:00D2 S:012A D:0E68 DB:86 nvmxdizc V:249 H: 72 F: 9
				83BA8E AA          TAX                    A:13E8 X:13A8 Y:00D2 S:012A D:0E68 DB:86 nvmxdizc V:249 H: 76 F: 9
				83BA8F C9 28 14    CMP #$1428             A:13E8 X:13E8 Y:00D2 S:012A D:0E68 DB:86 nvmxdizc V:249 H: 79 F: 9
				83BA92 90 98       BCC $0098     [83BA2C] A:13E8 X:13E8 Y:00D2 S:012A D:0E68 DB:86 Nvmxdizc V:249 H: 84 F: 9
				83BA2C E2 20       SEP #$20               A:13E8 X:13E8 Y:00D2 S:012A D:0E68 DB:86 Nvmxdizc V:249 H: 88 F: 9
				83BA2E BD 00 00    LDA $0000,X   [8613E8] A:13E8 X:13E8 Y:00D2 S:012A D:0E68 DB:86 NvMxdizc V:249 H: 93 F: 9
				83BA31 F0 54       BEQ $0054     [83BA87] A:1300 X:13E8 Y:00D2 S:012A D:0E68 DB:86 nvMxdiZc V:249 H:101 F: 9
				83BA87 C2 20       REP #$20               A:1300 X:13E8 Y:00D2 S:012A D:0E68 DB:86 nvMxdiZc V:249 H:105 F: 9
				83BA89 8A          TXA                    A:1300 X:13E8 Y:00D2 S:012A D:0E68 DB:86 nvmxdiZc V:249 H:110 F: 9
				83BA8A 18          CLC                    A:13E8 X:13E8 Y:00D2 S:012A D:0E68 DB:86 nvmxdizc V:249 H:113 F: 9
				83BA8B 69 40 00    ADC #$0040             A:13E8 X:13E8 Y:00D2 S:012A D:0E68 DB:86 nvmxdizc V:249 H:116 F: 9
				83BA8E AA          TAX                    A:1428 X:13E8 Y:00D2 S:012A D:0E68 DB:86 nvmxdizc V:249 H:120 F: 9
				83BA8F C9 28 14    CMP #$1428             A:1428 X:1428 Y:00D2 S:012A D:0E68 DB:86 nvmxdizc V:249 H:123 F: 9
				83BA92 90 98       BCC $0098     [83BA2C] A:1428 X:1428 Y:00D2 S:012A D:0E68 DB:86 nvmxdiZC V:249 H:128 F: 9
				83BA94 E2 30       SEP #$30               A:1428 X:1428 Y:00D2 S:012A D:0E68 DB:86 nvmxdiZC V:249 H:131 F: 9
				83BA96 A9 00       LDA #$00               A:1428 X:0028 Y:00D2 S:012A D:0E68 DB:86 nvMXdiZC V:249 H:145 F: 9
				83BA98 60          RTS                    A:1400 X:0028 Y:00D2 S:012A D:0E68 DB:86 nvMXdiZC V:249 H:148 F: 9

			83B744 F0 15       BEQ $0015     [83B75B] A:1400 X:0028 Y:00D2 S:012C D:0E68 DB:86 nvMXdiZC V:249 H:158 F: 9		Branch because A = #$00 --> No MMXShotData exists
			83B75B 60          RTS                    A:1400 X:0028 Y:00D2 S:012C D:0E68 DB:86 nvMXdiZC V:249 H:163 F: 9		Return

		83B2ED A5 27       LDA $27       [000E8F] A:1400 X:0028 Y:00D2 S:012E D:0E68 DB:86 nvMXdiZC V:249 H:173 F: 9
