80D4F6 20 30 D5    JSR $D530     [80D530] A:0E01 X:0000 Y:008F S:0133 D:0E68 DB:86 nvMXdizC V:247 H:300 F: 0

	80D530 C2 20       REP #$20               A:0E01 X:0000 Y:008F S:0131 D:0E68 DB:86 nvMXdizC V:247 H:310 F: 0
	80D532 A5 05       LDA $05       [000E6D] A:0E01 X:0000 Y:008F S:0131 D:0E68 DB:86 nvmXdizC V:247 H:315 F: 0
	80D534 85 22       STA $22       [000E8A] A:079F X:0000 Y:008F S:0131 D:0E68 DB:86 nvmXdizC V:247 H:323 F: 0
	80D536 A5 08       LDA $08       [000E70] A:079F X:0000 Y:008F S:0131 D:0E68 DB:86 nvmXdizC V:247 H:331 F: 0
	80D538 85 24       STA $24       [000E8C] A:00A8 X:0000 Y:008F S:0131 D:0E68 DB:86 nvmXdizC V:247 H:339 F: 0
	80D53A E2 20       SEP #$20               A:00A8 X:0000 Y:008F S:0131 D:0E68 DB:86 nvmXdizC V:248 H:  8 F: 0
	80D53C A9 80       LDA #$80               A:00A8 X:0000 Y:008F S:0131 D:0E68 DB:86 nvMXdizC V:248 H: 12 F: 0
	80D53E 14 0E       TRB $0E       [000E76] A:0080 X:0000 Y:008F S:0131 D:0E68 DB:86 NvMXdizC V:248 H: 15 F: 0
	80D540 A5 0A       LDA $0A       [000E72] A:0080 X:0000 Y:008F S:0131 D:0E68 DB:86 NvMXdizC V:248 H: 25 F: 0
	80D542 0A          ASL A                  A:0005 X:0000 Y:008F S:0131 D:0E68 DB:86 nvMXdizC V:248 H: 32 F: 0
	80D543 AA          TAX                    A:000A X:0000 Y:008F S:0131 D:0E68 DB:86 nvMXdizc V:248 H: 35 F: 0
	80D544 7C DD F8    JMP ($F8DD,X) [80F8E7] A:000A X:000A Y:008F S:0131 D:0E68 DB:86 nvMXdizc V:248 H: 38 F: 0

	80F9CA 22 7E 8A 87 JSL $878A7E   [878A7E] A:000A X:000A Y:008F S:0131 D:0E68 DB:86 nvMXdizc V:248 H: 47 F: 0

		878A7E A6 01       LDX $01       [000E69] A:000A X:000A Y:008F S:012E D:0E68 DB:86 nvMXdizc V:248 H: 60 F: 0
		878A80 7C 83 8A    JMP ($8A83,X) [878A87] A:000A X:0004 Y:008F S:012E D:0E68 DB:86 nvMXdizc V:248 H: 67 F: 0

		878C1A A5 33       LDA $33       [000E9B] A:000A X:0004 Y:008F S:012E D:0E68 DB:86 nvMXdizc V:248 H: 76 F: 0
		878C1C 04 11       TSB $11       [000E79] A:0008 X:0004 Y:008F S:012E D:0E68 DB:86 nvMXdizc V:248 H: 82 F: 0
		878C1E A6 02       LDX $02       [000E6A] A:0008 X:0004 Y:008F S:012E D:0E68 DB:86 nvMXdizc V:248 H: 92 F: 0
		878C20 FC F2 8C    JSR ($8CF2,X) [878CF6] A:0008 X:0004 Y:008F S:012E D:0E68 DB:86 nvMXdizc V:248 H: 99 F: 0

			878E5A A6 03       LDX $03       [000E6B] A:0008 X:0004 Y:008F S:012C D:0E68 DB:86 nvMXdizc V:248 H:112 F: 0
			878E5C 7C 5F 8E    JMP ($8E5F,X) [878E61] A:0008 X:0002 Y:008F S:012C D:0E68 DB:86 nvMXdizc V:248 H:118 F: 0

			878E8F A5 0F       LDA $0F       [000E77] A:0008 X:0002 Y:008F S:012C D:0E68 DB:86 nvMXdizc V:248 H:127 F: 0
			878E91 10 0D       BPL $000D     [878EA0] A:0000 X:0002 Y:008F S:012C D:0E68 DB:86 nvMXdiZc V:248 H:134 F: 0	Branch because E-SkelAction is positive
			878EA0 22 EA 8E 84 JSL $848EEA   [848EEA] A:0000 X:0002 Y:008F S:012C D:0E68 DB:86 nvMXdiZc V:248 H:148 F: 0	JSL $848EEA --> Decrease CDSkel, Continue Skeleton

				848EEA 08          PHP                    A:0000 X:0002 Y:008F S:0129 D:0E68 DB:86 nvMXdiZc V:248 H:162 F: 0
				848EEB 8B          PHB                    A:0000 X:0002 Y:008F S:0128 D:0E68 DB:86 nvMXdiZc V:248 H:167 F: 0
				848EEC E2 30       SEP #$30               A:0000 X:0002 Y:008F S:0127 D:0E68 DB:86 nvMXdiZc V:248 H:172 F: 0
				848EEE C6 13       DEC $13       [000E7B] A:0000 X:0002 Y:008F S:0127 D:0E68 DB:86 nvMXdiZc V:248 H:176 F: 0
				848EF0 D0 5D       BNE $005D     [848F4F] A:0000 X:0002 Y:008F S:0127 D:0E68 DB:86 nvMXdizc V:248 H:186 F: 0
				848F4F AB          PLB                    A:0000 X:0002 Y:008F S:0127 D:0E68 DB:86 nvMXdizc V:248 H:191 F: 0
				848F50 28          PLP                    A:0000 X:0002 Y:008F S:0128 D:0E68 DB:86 NvMXdizc V:248 H:197 F: 0
				848F51 6B          RTL                    A:0000 X:0002 Y:008F S:0129 D:0E68 DB:86 nvMXdiZc V:248 H:204 F: 0

			878EA4 A5 0F       LDA $0F       [000E77] A:0000 X:0002 Y:008F S:012C D:0E68 DB:86 nvMXdiZc V:248 H:214 F: 0
			878EA6 10 08       BPL $0008     [878EB0] A:0000 X:0002 Y:008F S:012C D:0E68 DB:86 nvMXdiZc V:248 H:221 F: 0	Branch because SkelAction is positive
			878EB0 60          RTS                    A:0000 X:0002 Y:008F S:012C D:0E68 DB:86 nvMXdiZc V:248 H:225 F: 0	Return

		878C23 A5 37       LDA $37       [000E9F] A:0000 X:0002 Y:008F S:012E D:0E68 DB:86 nvMXdiZc V:248 H:235 F: 0
