80D4F6 20 30 D5    JSR $D530     [80D530] A:0E01 X:0000 Y:0095 S:0133 D:0E68 DB:86 nvMXdizC V:247 H:245 F:17

	80D530 C2 20       REP #$20               A:0E01 X:0000 Y:0095 S:0131 D:0E68 DB:86 nvMXdizC V:247 H:255 F:17
	80D532 A5 05       LDA $05       [000E6D] A:0E01 X:0000 Y:0095 S:0131 D:0E68 DB:86 nvmXdizC V:247 H:260 F:17
	80D534 85 22       STA $22       [000E8A] A:078C X:0000 Y:0095 S:0131 D:0E68 DB:86 nvmXdizC V:247 H:268 F:17
	80D536 A5 08       LDA $08       [000E70] A:078C X:0000 Y:0095 S:0131 D:0E68 DB:86 nvmXdizC V:247 H:277 F:17
	80D538 85 24       STA $24       [000E8C] A:00A8 X:0000 Y:0095 S:0131 D:0E68 DB:86 nvmXdizC V:247 H:285 F:17
	80D53A E2 20       SEP #$20               A:00A8 X:0000 Y:0095 S:0131 D:0E68 DB:86 nvmXdizC V:247 H:294 F:17
	80D53C A9 80       LDA #$80               A:00A8 X:0000 Y:0095 S:0131 D:0E68 DB:86 nvMXdizC V:247 H:298 F:17
	80D53E 14 0E       TRB $0E       [000E76] A:0080 X:0000 Y:0095 S:0131 D:0E68 DB:86 NvMXdizC V:247 H:301 F:17
	80D540 A5 0A       LDA $0A       [000E72] A:0080 X:0000 Y:0095 S:0131 D:0E68 DB:86 NvMXdiZC V:247 H:311 F:17
	80D542 0A          ASL A                  A:0005 X:0000 Y:0095 S:0131 D:0E68 DB:86 nvMXdizC V:247 H:318 F:17
	80D543 AA          TAX                    A:000A X:0000 Y:0095 S:0131 D:0E68 DB:86 nvMXdizc V:247 H:321 F:17
	80D544 7C DD F8    JMP ($F8DD,X) [80F8E7] A:000A X:000A Y:0095 S:0131 D:0E68 DB:86 nvMXdizc V:247 H:323 F:17

	80F9CA 22 7E 8A 87 JSL $878A7E   [878A7E] A:000A X:000A Y:0095 S:0131 D:0E68 DB:86 nvMXdizc V:247 H:332 F:17

		878A7E A6 01       LDX $01       [000E69] A:000A X:000A Y:0095 S:012E D:0E68 DB:86 nvMXdizc V:248 H:  5 F:17
		878A80 7C 83 8A    JMP ($8A83,X) [878A87] A:000A X:0004 Y:0095 S:012E D:0E68 DB:86 nvMXdizc V:248 H: 12 F:17

		878C1A A5 33       LDA $33       [000E9B] A:000A X:0004 Y:0095 S:012E D:0E68 DB:86 nvMXdizc V:248 H: 21 F:17
		878C1C 04 11       TSB $11       [000E79] A:0008 X:0004 Y:0095 S:012E D:0E68 DB:86 nvMXdizc V:248 H: 27 F:17
		878C1E A6 02       LDX $02       [000E6A] A:0008 X:0004 Y:0095 S:012E D:0E68 DB:86 nvMXdizc V:248 H: 37 F:17
		878C20 FC F2 8C    JSR ($8CF2,X) [878CF6] A:0008 X:0004 Y:0095 S:012E D:0E68 DB:86 nvMXdizc V:248 H: 44 F:17

			878E5A A6 03       LDX $03       [000E6B] A:0008 X:0004 Y:0095 S:012C D:0E68 DB:86 nvMXdizc V:248 H: 57 F:17
			878E5C 7C 5F 8E    JMP ($8E5F,X) [878E65] A:0008 X:0006 Y:0095 S:012C D:0E68 DB:86 nvMXdizc V:248 H: 63 F:17

			878EEC 22 A5 AC 84 JSL $84ACA5   [84ACA5] A:0008 X:0006 Y:0095 S:012C D:0E68 DB:86 nvMXdizc V:248 H: 72 F:17	JSL $84ACA5 --> Update Facing (40 bit)

				84ACA5 08          PHP                    A:0008 X:0006 Y:0095 S:0129 D:0E68 DB:86 nvMXdizc V:248 H: 86 F:17
				84ACA6 E2 20       SEP #$20               A:0008 X:0006 Y:0095 S:0128 D:0E68 DB:86 nvMXdizc V:248 H: 91 F:17
				84ACA8 A9 40       LDA #$40               A:0008 X:0006 Y:0095 S:0128 D:0E68 DB:86 nvMXdizc V:248 H: 95 F:17
				84ACAA 14 11       TRB $11       [000E79] A:0040 X:0006 Y:0095 S:0128 D:0E68 DB:86 nvMXdizc V:248 H: 98 F:17
				84ACAC C2 20       REP #$20               A:0040 X:0006 Y:0095 S:0128 D:0E68 DB:86 nvMXdiZc V:248 H:108 F:17
				84ACAE AD AD 0B    LDA $0BAD     [860BAD] A:0040 X:0006 Y:0095 S:0128 D:0E68 DB:86 nvmXdiZc V:248 H:113 F:17
				84ACB1 38          SEC                    A:075C X:0006 Y:0095 S:0128 D:0E68 DB:86 nvmXdizc V:248 H:121 F:17
				84ACB2 E5 05       SBC $05       [000E6D] A:075C X:0006 Y:0095 S:0128 D:0E68 DB:86 nvmXdizC V:248 H:124 F:17
				84ACB4 E2 20       SEP #$20               A:FFD0 X:0006 Y:0095 S:0128 D:0E68 DB:86 NvmXdizc V:248 H:133 F:17
				84ACB6 A9 00       LDA #$00               A:FFD0 X:0006 Y:0095 S:0128 D:0E68 DB:86 NvMXdizc V:248 H:147 F:17
				84ACB8 6A          ROR A                  A:FF00 X:0006 Y:0095 S:0128 D:0E68 DB:86 nvMXdiZc V:248 H:150 F:17
				84ACB9 4A          LSR A                  A:FF00 X:0006 Y:0095 S:0128 D:0E68 DB:86 nvMXdiZc V:248 H:153 F:17
				84ACBA 04 11       TSB $11       [000E79] A:FF00 X:0006 Y:0095 S:0128 D:0E68 DB:86 nvMXdiZc V:248 H:156 F:17
				84ACBC 28          PLP                    A:FF00 X:0006 Y:0095 S:0128 D:0E68 DB:86 nvMXdiZc V:248 H:166 F:17
				84ACBD 6B          RTL                    A:FF00 X:0006 Y:0095 S:0129 D:0E68 DB:86 nvMXdizc V:248 H:173 F:17

			878EF0 A5 39       LDA $39       [000EA1] A:FF00 X:0006 Y:0095 S:012C D:0E68 DB:86 nvMXdizc V:248 H:183 F:17
			878EF2 D0 10       BNE $0010     [878F04] A:FF13 X:0006 Y:0095 S:012C D:0E68 DB:86 nvMXdizc V:248 H:190 F:17	Branch because E-CDTeleport <> #$00
			878F04 60          RTS                    A:FF13 X:0006 Y:0095 S:012C D:0E68 DB:86 nvMXdizc V:248 H:194 F:17	Return

		878C23 A5 37       LDA $37       [000E9F] A:FF13 X:0006 Y:0095 S:012E D:0E68 DB:86 nvMXdizc V:248 H:204 F:17
		878C25 F0 12       BEQ $0012     [878C39] A:FF00 X:0006 Y:0095 S:012E D:0E68 DB:86 nvMXdiZc V:248 H:211 F:17
		878C39 A9 0D       LDA #$0D               A:FF00 X:0006 Y:0095 S:012E D:0E68 DB:86 nvMXdiZc V:248 H:215 F:17
		878C3B A6 3D       LDX $3D       [000EA5] A:FF0D X:0006 Y:0095 S:012E D:0E68 DB:86 nvMXdizc V:248 H:218 F:17
		878C3D F0 02       BEQ $0002     [878C41] A:FF0D X:0000 Y:0095 S:012E D:0E68 DB:86 nvMXdiZc V:248 H:225 F:17
		878C41 85 28       STA $28       [000E90] A:FF0D X:0000 Y:0095 S:012E D:0E68 DB:86 nvMXdiZc V:248 H:229 F:17
		878C43 AD DB 0B    LDA $0BDB     [860BDB] A:FF0D X:0000 Y:0095 S:012E D:0E68 DB:86 nvMXdiZc V:248 H:236 F:17
		878C46 C9 02       CMP #$02               A:FF00 X:0000 Y:0095 S:012E D:0E68 DB:86 nvMXdiZc V:248 H:242 F:17
		878C48 F0 04       BEQ $0004     [878C4E] A:FF00 X:0000 Y:0095 S:012E D:0E68 DB:86 NvMXdizc V:248 H:245 F:17
		878C4A A5 38       LDA $38       [000EA0] A:FF00 X:0000 Y:0095 S:012E D:0E68 DB:86 NvMXdizc V:248 H:248 F:17
		878C4C D0 4D       BNE $004D     [878C9B] A:FF01 X:0000 Y:0095 S:012E D:0E68 DB:86 nvMXdizc V:248 H:255 F:17
		878C9B A5 3D       LDA $3D       [000EA5] A:FF01 X:0000 Y:0095 S:012E D:0E68 DB:86 nvMXdizc V:248 H:259 F:17
		878C9D F0 0B       BEQ $000B     [878CAA] A:FF00 X:0000 Y:0095 S:012E D:0E68 DB:86 nvMXdiZc V:248 H:266 F:17
		878CAA A5 27       LDA $27       [000E8F] A:FF00 X:0000 Y:0095 S:012E D:0E68 DB:86 nvMXdiZc V:248 H:270 F:17
		878CAC 29 7F       AND #$7F               A:FF20 X:0000 Y:0095 S:012E D:0E68 DB:86 nvMXdizc V:248 H:277 F:17
		878CAE D0 19       BNE $0019     [878CC9] A:FF20 X:0000 Y:0095 S:012E D:0E68 DB:86 nvMXdizc V:248 H:280 F:17
		878CC9 A5 38       LDA $38       [000EA0] A:FF20 X:0000 Y:0095 S:012E D:0E68 DB:86 nvMXdizc V:248 H:284 F:17
		878CCB D0 13       BNE $0013     [878CE0] A:FF01 X:0000 Y:0095 S:012E D:0E68 DB:86 nvMXdizc V:248 H:291 F:17
		878CE0 20 70 91    JSR $9170     [879170] A:FF01 X:0000 Y:0095 S:012E D:0E68 DB:86 nvMXdizc V:248 H:295 F:17

			879170 A5 3C       LDA $3C       [000EA4] A:FF01 X:0000 Y:0095 S:012C D:0E68 DB:86 nvMXdizc V:248 H:305 F:17
			879172 10 32       BPL $0032     [8791A6] A:FF00 X:0000 Y:0095 S:012C D:0E68 DB:86 nvMXdiZc V:248 H:312 F:17
			8791A6 60          RTS                    A:FF00 X:0000 Y:0095 S:012C D:0E68 DB:86 nvMXdiZc V:248 H:316 F:17

		878CE3 A5 39       LDA $39       [000EA1] A:FF00 X:0000 Y:0095 S:012E D:0E68 DB:86 nvMXdiZc V:248 H:326 F:17
		878CE5 F0 07       BEQ $0007     [878CEE] A:FF13 X:0000 Y:0095 S:012E D:0E68 DB:86 nvMXdizc V:248 H:332 F:17
		878CE7 3A          DEC                    A:FF13 X:0000 Y:0095 S:012E D:0E68 DB:86 nvMXdizc V:248 H:335 F:17
		878CE8 85 39       STA $39       [000EA1] A:FF12 X:0000 Y:0095 S:012E D:0E68 DB:86 nvMXdizc V:248 H:338 F:17
		878CEA 4A          LSR A                  A:FF12 X:0000 Y:0095 S:012E D:0E68 DB:86 nvMXdizc V:249 H:  4 F:17
		878CEB 90 01       BCC $0001     [878CEE] A:FF09 X:0000 Y:0095 S:012E D:0E68 DB:86 nvMXdizc V:249 H:  7 F:17
		878CEE 5C B4 80 82 JML $8280B4   [8280B4] A:FF09 X:0000 Y:0095 S:012E D:0E68 DB:86 nvMXdizc V:249 H: 12 F:17

		8280B4 C2 20       REP #$20               A:FF09 X:0000 Y:0095 S:012E D:0E68 DB:86 nvMXdizc V:249 H: 18 F:17
		8280B6 38          SEC                    A:FF09 X:0000 Y:0095 S:012E D:0E68 DB:86 nvmXdizc V:249 H: 22 F:17
		8280B7 A5 05       LDA $05       [000E6D] A:FF09 X:0000 Y:0095 S:012E D:0E68 DB:86 nvmXdizC V:249 H: 25 F:17
		8280B9 ED 4D 1E    SBC $1E4D     [861E4D] A:078C X:0000 Y:0095 S:012E D:0E68 DB:86 nvmXdizC V:249 H: 34 F:17
		8280BC 18          CLC                    A:008C X:0000 Y:0095 S:012E D:0E68 DB:86 nvmXdizC V:249 H: 42 F:17
		8280BD 69 20 00    ADC #$0020             A:008C X:0000 Y:0095 S:012E D:0E68 DB:86 nvmXdizc V:249 H: 45 F:17
		8280C0 C9 40 01    CMP #$0140             A:00AC X:0000 Y:0095 S:012E D:0E68 DB:86 nvmXdizc V:249 H: 50 F:17
		8280C3 B0 0F       BCS $000F     [8280D4] A:00AC X:0000 Y:0095 S:012E D:0E68 DB:86 NvmXdizc V:249 H: 54 F:17
		8280C5 38          SEC                    A:00AC X:0000 Y:0095 S:012E D:0E68 DB:86 NvmXdizc V:249 H: 57 F:17
		8280C6 A5 08       LDA $08       [000E70] A:00AC X:0000 Y:0095 S:012E D:0E68 DB:86 NvmXdizC V:249 H: 60 F:17
		8280C8 ED 50 1E    SBC $1E50     [861E50] A:00A8 X:0000 Y:0095 S:012E D:0E68 DB:86 nvmXdizC V:249 H: 69 F:17
		8280CB 18          CLC                    A:00A8 X:0000 Y:0095 S:012E D:0E68 DB:86 nvmXdizC V:249 H: 77 F:17
		8280CC 69 10 00    ADC #$0010             A:00A8 X:0000 Y:0095 S:012E D:0E68 DB:86 nvmXdizc V:249 H: 80 F:17
		8280CF C9 00 01    CMP #$0100             A:00B8 X:0000 Y:0095 S:012E D:0E68 DB:86 nvmXdizc V:249 H: 85 F:17
		8280D2 90 05       BCC $0005     [8280D9] A:00B8 X:0000 Y:0095 S:012E D:0E68 DB:86 NvmXdizc V:249 H: 89 F:17
		8280D9 E2 20       SEP #$20               A:00B8 X:0000 Y:0095 S:012E D:0E68 DB:86 NvmXdizc V:249 H: 94 F:17
		8280DB A9 81       LDA #$81               A:00B8 X:0000 Y:0095 S:012E D:0E68 DB:86 NvMXdizc V:249 H: 98 F:17
		8280DD 85 0E       STA $0E       [000E76] A:0081 X:0000 Y:0095 S:012E D:0E68 DB:86 NvMXdizc V:249 H:101 F:17
		8280DF E2 30       SEP #$30               A:0081 X:0000 Y:0095 S:012E D:0E68 DB:86 NvMXdizc V:249 H:108 F:17
		8280E1 A6 12       LDX $12       [000E7A] A:0081 X:0000 Y:0095 S:012E D:0E68 DB:86 NvMXdizc V:249 H:112 F:17
		8280E3 10 02       BPL $0002     [8280E7] A:0081 X:0002 Y:0095 S:012E D:0E68 DB:86 nvMXdizc V:249 H:119 F:17
		8280E7 7C EA 80    JMP ($80EA,X) [8280EC] A:0081 X:0002 Y:0095 S:012E D:0E68 DB:86 nvMXdizc V:249 H:123 F:17

		828120 AD E9 00    LDA $00E9     [8600E9] A:0081 X:0002 Y:0095 S:012E D:0E68 DB:86 nvMXdizc V:249 H:132 F:17
		828123 C9 20       CMP #$20               A:0000 X:0002 Y:0095 S:012E D:0E68 DB:86 nvMXdiZc V:249 H:149 F:17
		828125 B0 0D       BCS $000D     [828134] A:0000 X:0002 Y:0095 S:012E D:0E68 DB:86 NvMXdizc V:249 H:152 F:17
		828127 0A          ASL A                  A:0000 X:0002 Y:0095 S:012E D:0E68 DB:86 NvMXdizc V:249 H:155 F:17
		828128 AA          TAX                    A:0000 X:0002 Y:0095 S:012E D:0E68 DB:86 nvMXdiZc V:249 H:158 F:17
		828129 C2 20       REP #$20               A:0000 X:0000 Y:0095 S:012E D:0E68 DB:86 nvMXdiZc V:249 H:161 F:17
		82812B 7B          TDC                    A:0000 X:0000 Y:0095 S:012E D:0E68 DB:86 nvmXdiZc V:249 H:165 F:17
		82812C 9D A0 09    STA $09A0,X   [8609A0] A:0E68 X:0000 Y:0095 S:012E D:0E68 DB:86 nvmXdizc V:249 H:168 F:17
		82812F E2 20       SEP #$20               A:0E68 X:0000 Y:0095 S:012E D:0E68 DB:86 nvmXdizc V:249 H:178 F:17
		828131 EE E9 00    INC $00E9     [8600E9] A:0E68 X:0000 Y:0095 S:012E D:0E68 DB:86 nvMXdizc V:249 H:183 F:17
		828134 6B          RTL                    A:0E68 X:0000 Y:0095 S:012E D:0E68 DB:86 nvMXdizc V:249 H:193 F:17

	80F9CE 60          RTS                    A:0E68 X:0000 Y:0095 S:0131 D:0E68 DB:86 nvMXdizc V:249 H:203 F:17

80D4F9 C2 21       REP #$21               A:0E68 X:0000 Y:0095 S:0133 D:0E68 DB:86 nvMXdizc V:249 H:213 F:17
