80D4F6 20 30 D5    JSR $D530     [80D530] A:0E01 X:0000 Y:0095 S:0133 D:0E68 DB:86 nvMXdizC V:247 H:168 F:44

	80D530 C2 20       REP #$20               A:0E01 X:0000 Y:0095 S:0131 D:0E68 DB:86 nvMXdizC V:247 H:178 F:44
	80D532 A5 05       LDA $05       [000E6D] A:0E01 X:0000 Y:0095 S:0131 D:0E68 DB:86 nvmXdizC V:247 H:183 F:44
	80D534 85 22       STA $22       [000E8A] A:078C X:0000 Y:0095 S:0131 D:0E68 DB:86 nvmXdizC V:247 H:191 F:44
	80D536 A5 08       LDA $08       [000E70] A:078C X:0000 Y:0095 S:0131 D:0E68 DB:86 nvmXdizC V:247 H:200 F:44
	80D538 85 24       STA $24       [000E8C] A:00A8 X:0000 Y:0095 S:0131 D:0E68 DB:86 nvmXdizC V:247 H:208 F:44
	80D53A E2 20       SEP #$20               A:00A8 X:0000 Y:0095 S:0131 D:0E68 DB:86 nvmXdizC V:247 H:217 F:44
	80D53C A9 80       LDA #$80               A:00A8 X:0000 Y:0095 S:0131 D:0E68 DB:86 nvMXdizC V:247 H:221 F:44
	80D53E 14 0E       TRB $0E       [000E76] A:0080 X:0000 Y:0095 S:0131 D:0E68 DB:86 NvMXdizC V:247 H:224 F:44
	80D540 A5 0A       LDA $0A       [000E72] A:0080 X:0000 Y:0095 S:0131 D:0E68 DB:86 NvMXdizC V:247 H:234 F:44
	80D542 0A          ASL A                  A:0005 X:0000 Y:0095 S:0131 D:0E68 DB:86 nvMXdizC V:247 H:241 F:44
	80D543 AA          TAX                    A:000A X:0000 Y:0095 S:0131 D:0E68 DB:86 nvMXdizc V:247 H:244 F:44
	80D544 7C DD F8    JMP ($F8DD,X) [80F8E7] A:000A X:000A Y:0095 S:0131 D:0E68 DB:86 nvMXdizc V:247 H:247 F:44

	80F9CA 22 7E 8A 87 JSL $878A7E   [878A7E] A:000A X:000A Y:0095 S:0131 D:0E68 DB:86 nvMXdizc V:247 H:256 F:44

		878A7E A6 01       LDX $01       [000E69] A:000A X:000A Y:0095 S:012E D:0E68 DB:86 nvMXdizc V:247 H:269 F:44
		878A80 7C 83 8A    JMP ($8A83,X) [878A87] A:000A X:0004 Y:0095 S:012E D:0E68 DB:86 nvMXdizc V:247 H:276 F:44

		878C1A A5 33       LDA $33       [000E9B] A:000A X:0004 Y:0095 S:012E D:0E68 DB:86 nvMXdizc V:247 H:285 F:44
		878C1C 04 11       TSB $11       [000E79] A:0008 X:0004 Y:0095 S:012E D:0E68 DB:86 nvMXdizc V:247 H:291 F:44
		878C1E A6 02       LDX $02       [000E6A] A:0008 X:0004 Y:0095 S:012E D:0E68 DB:86 nvMXdizc V:247 H:301 F:44
		878C20 FC F2 8C    JSR ($8CF2,X) [878CF6] A:0008 X:0004 Y:0095 S:012E D:0E68 DB:86 nvMXdizc V:247 H:308 F:44

			878E5A A6 03       LDX $03       [000E6B] A:0008 X:0004 Y:0095 S:012C D:0E68 DB:86 nvMXdizc V:247 H:321 F:44
			878E5C 7C 5F 8E    JMP ($8E5F,X) [878E67] A:0008 X:0008 Y:0095 S:012C D:0E68 DB:86 nvMXdizc V:247 H:327 F:44

			878F05 22 A5 AC 84 JSL $84ACA5   [84ACA5] A:0008 X:0008 Y:0095 S:012C D:0E68 DB:86 nvMXdizc V:247 H:335 F:44		JSL $84ACA5 --> Update Facing (40 bit)

				84ACA5 08          PHP                    A:0008 X:0008 Y:0095 S:0129 D:0E68 DB:86 nvMXdizc V:248 H:  9 F:44
				84ACA6 E2 20       SEP #$20               A:0008 X:0008 Y:0095 S:0128 D:0E68 DB:86 nvMXdizc V:248 H: 14 F:44
				84ACA8 A9 40       LDA #$40               A:0008 X:0008 Y:0095 S:0128 D:0E68 DB:86 nvMXdizc V:248 H: 18 F:44
				84ACAA 14 11       TRB $11       [000E79] A:0040 X:0008 Y:0095 S:0128 D:0E68 DB:86 nvMXdizc V:248 H: 21 F:44
				84ACAC C2 20       REP #$20               A:0040 X:0008 Y:0095 S:0128 D:0E68 DB:86 nvMXdiZc V:248 H: 31 F:44
				84ACAE AD AD 0B    LDA $0BAD     [860BAD] A:0040 X:0008 Y:0095 S:0128 D:0E68 DB:86 nvmXdiZc V:248 H: 36 F:44
				84ACB1 38          SEC                    A:075C X:0008 Y:0095 S:0128 D:0E68 DB:86 nvmXdizc V:248 H: 44 F:44
				84ACB2 E5 05       SBC $05       [000E6D] A:075C X:0008 Y:0095 S:0128 D:0E68 DB:86 nvmXdizC V:248 H: 47 F:44
				84ACB4 E2 20       SEP #$20               A:FFD0 X:0008 Y:0095 S:0128 D:0E68 DB:86 NvmXdizc V:248 H: 56 F:44
				84ACB6 A9 00       LDA #$00               A:FFD0 X:0008 Y:0095 S:0128 D:0E68 DB:86 NvMXdizc V:248 H: 60 F:44
				84ACB8 6A          ROR A                  A:FF00 X:0008 Y:0095 S:0128 D:0E68 DB:86 nvMXdiZc V:248 H: 63 F:44
				84ACB9 4A          LSR A                  A:FF00 X:0008 Y:0095 S:0128 D:0E68 DB:86 nvMXdiZc V:248 H: 66 F:44
				84ACBA 04 11       TSB $11       [000E79] A:FF00 X:0008 Y:0095 S:0128 D:0E68 DB:86 nvMXdiZc V:248 H: 69 F:44
				84ACBC 28          PLP                    A:FF00 X:0008 Y:0095 S:0128 D:0E68 DB:86 nvMXdiZc V:248 H: 79 F:44
				84ACBD 6B          RTL                    A:FF00 X:0008 Y:0095 S:0129 D:0E68 DB:86 nvMXdizc V:248 H: 86 F:44

			878F09 22 EA 8E 84 JSL $848EEA   [848EEA] A:FF00 X:0008 Y:0095 S:012C D:0E68 DB:86 nvMXdizc V:248 H: 96 F:44		JSL $848EEA --> Decrease CDSkel, Continue Skeleton

				848EEA 08          PHP                    A:FF00 X:0008 Y:0095 S:0129 D:0E68 DB:86 nvMXdizc V:248 H:110 F:44
				848EEB 8B          PHB                    A:FF00 X:0008 Y:0095 S:0128 D:0E68 DB:86 nvMXdizc V:248 H:115 F:44
				848EEC E2 30       SEP #$30               A:FF00 X:0008 Y:0095 S:0127 D:0E68 DB:86 nvMXdizc V:248 H:120 F:44
				848EEE C6 13       DEC $13       [000E7B] A:FF00 X:0008 Y:0095 S:0127 D:0E68 DB:86 nvMXdizc V:248 H:124 F:44
				848EF0 D0 5D       BNE $005D     [848F4F] A:FF00 X:0008 Y:0095 S:0127 D:0E68 DB:86 nvMXdizc V:248 H:144 F:44
				848F4F AB          PLB                    A:FF00 X:0008 Y:0095 S:0127 D:0E68 DB:86 nvMXdizc V:248 H:149 F:44
				848F50 28          PLP                    A:FF00 X:0008 Y:0095 S:0128 D:0E68 DB:86 NvMXdizc V:248 H:155 F:44
				848F51 6B          RTL                    A:FF00 X:0008 Y:0095 S:0129 D:0E68 DB:86 nvMXdizc V:248 H:162 F:44

			878F0D C6 34       DEC $34       [000E9C] A:FF00 X:0008 Y:0095 S:012C D:0E68 DB:86 nvMXdizc V:248 H:172 F:44		Decrease E-CD2 = #$00
			878F0F D0 31       BNE $0031     [878F42] A:FF00 X:0008 Y:0095 S:012C D:0E68 DB:86 nvMXdiZc V:248 H:182 F:44		Branch if E-CD2 <> #$00
			878F11 A5 32       LDA $32       [000E9A] A:FF00 X:0008 Y:0095 S:012C D:0E68 DB:86 nvMXdiZc V:248 H:185 F:44
			878F13 F0 05       BEQ $0005     [878F1A] A:FF00 X:0008 Y:0095 S:012C D:0E68 DB:86 nvMXdiZc V:248 H:192 F:44		Branch because E-TeleLeft = #$00
			878F1A 22 86 90 84 JSL $849086   [849086] A:FF00 X:0008 Y:0095 S:012C D:0E68 DB:86 nvMXdiZc V:248 H:196 F:44		JSL $849086 --> Load A (2B) with RNG value

				849086 08          PHP                    A:FF00 X:0008 Y:0095 S:0129 D:0E68 DB:86 nvMXdiZc V:248 H:210 F:44
				849087 C2 20       REP #$20               A:FF00 X:0008 Y:0095 S:0128 D:0E68 DB:86 nvMXdiZc V:248 H:215 F:44
				849089 AD A6 0B    LDA $0BA6     [860BA6] A:FF00 X:0008 Y:0095 S:0128 D:0E68 DB:86 nvmXdiZc V:248 H:219 F:44
				84908C 0A          ASL A                  A:5469 X:0008 Y:0095 S:0128 D:0E68 DB:86 nvmXdizc V:248 H:228 F:44
				84908D 18          CLC                    A:A8D2 X:0008 Y:0095 S:0128 D:0E68 DB:86 NvmXdizc V:248 H:231 F:44
				84908E 6D A6 0B    ADC $0BA6     [860BA6] A:A8D2 X:0008 Y:0095 S:0128 D:0E68 DB:86 NvmXdizc V:248 H:234 F:44
				849091 EB          XBA                    A:FD3B X:0008 Y:0095 S:0128 D:0E68 DB:86 NvmXdizc V:248 H:242 F:44
				849092 E2 20       SEP #$20               A:3BFD X:0008 Y:0095 S:0128 D:0E68 DB:86 NvmXdizc V:248 H:247 F:44
				849094 8D A7 0B    STA $0BA7     [860BA7] A:3BFD X:0008 Y:0095 S:0128 D:0E68 DB:86 NvMXdizc V:248 H:251 F:44
				849097 18          CLC                    A:3BFD X:0008 Y:0095 S:0128 D:0E68 DB:86 NvMXdizc V:248 H:258 F:44
				849098 6D A6 0B    ADC $0BA6     [860BA6] A:3BFD X:0008 Y:0095 S:0128 D:0E68 DB:86 NvMXdizc V:248 H:261 F:44
				84909B 8D A6 0B    STA $0BA6     [860BA6] A:3B66 X:0008 Y:0095 S:0128 D:0E68 DB:86 nvMXdizC V:248 H:267 F:44
				84909E 28          PLP                    A:3B66 X:0008 Y:0095 S:0128 D:0E68 DB:86 nvMXdizC V:248 H:274 F:44
				84909F 6B          RTL                    A:3B66 X:0008 Y:0095 S:0129 D:0E68 DB:86 nvMXdiZc V:248 H:280 F:44

			878F1E 29 0F       AND #$0F               A:3B66 X:0008 Y:0095 S:012C D:0E68 DB:86 nvMXdiZc V:248 H:291 F:44
			878F20 AA          TAX                    A:3B06 X:0008 Y:0095 S:012C D:0E68 DB:86 nvMXdizc V:248 H:294 F:44		X = RNG(00,0F)
			878F21 C2 20       REP #$20               A:3B06 X:0006 Y:0095 S:012C D:0E68 DB:86 nvMXdizc V:248 H:297 F:44
			878F23 AD AD 0B    LDA $0BAD     [860BAD] A:3B06 X:0006 Y:0095 S:012C D:0E68 DB:86 nvmXdizc V:248 H:301 F:44		|Branch because |X-Distance| < #$0080
			878F26 38          SEC                    A:075C X:0006 Y:0095 S:012C D:0E68 DB:86 nvmXdizc V:248 H:310 F:44		|
			878F27 E5 05       SBC $05       [000E6D] A:075C X:0006 Y:0095 S:012C D:0E68 DB:86 nvmXdizC V:248 H:313 F:44		|
			878F29 B0 04       BCS $0004     [878F2F] A:FFD0 X:0006 Y:0095 S:012C D:0E68 DB:86 NvmXdizc V:248 H:321 F:44		|
			878F2B 49 FF FF    EOR #$FFFF             A:FFD0 X:0006 Y:0095 S:012C D:0E68 DB:86 NvmXdizc V:248 H:324 F:44		|
			878F2E 1A          INC                    A:002F X:0006 Y:0095 S:012C D:0E68 DB:86 nvmXdizc V:248 H:328 F:44		|
			878F2F C9 80 00    CMP #$0080             A:0030 X:0006 Y:0095 S:012C D:0E68 DB:86 nvmXdizc V:248 H:331 F:44		|
			878F32 E2 20       SEP #$20               A:0030 X:0006 Y:0095 S:012C D:0E68 DB:86 NvmXdizc V:248 H:335 F:44		|
			878F34 90 05       BCC $0005     [878F3B] A:0030 X:0006 Y:0095 S:012C D:0E68 DB:86 NvMXdizc V:249 H:  0 F:44		|
			878F3B BD D3 C5    LDA $C5D3,X   [86C5D9] A:0030 X:0006 Y:0095 S:012C D:0E68 DB:86 NvMXdizc V:249 H:  4 F:44		
			878F3E 85 02       STA $02       [000E6A] A:0004 X:0006 Y:0095 S:012C D:0E68 DB:86 nvMXdizc V:249 H: 10 F:44		Subaction = [$86C5D3,X] = [$86C5D9] = #$04
			878F40 64 03       STZ $03       [000E6B] A:0004 X:0006 Y:0095 S:012C D:0E68 DB:86 nvMXdizc V:249 H: 17 F:44		Subaction = #$00
			878F42 20 13 91    JSR $9113     [879113] A:0004 X:0006 Y:0095 S:012C D:0E68 DB:86 nvMXdizc V:249 H: 23 F:44

				879113 A9 20       LDA #$20               A:0004 X:0006 Y:0095 S:012A D:0E68 DB:86 nvMXdizc V:249 H: 33 F:44
				879115 8D 00 00    STA $0000     [860000] A:0020 X:0006 Y:0095 S:012A D:0E68 DB:86 nvMXdizc V:249 H: 36 F:44
				879118 9C 01 00    STZ $0001     [860001] A:0020 X:0006 Y:0095 S:012A D:0E68 DB:86 nvMXdizc V:249 H: 43 F:44
				87911B 20 31 91    JSR $9131     [879131] A:0020 X:0006 Y:0095 S:012A D:0E68 DB:86 nvMXdizc V:249 H: 49 F:44	JSR $879131 --> If (E-BoomOut ORA E-GrabMMX ORA StageEndAction ORA BossBeatInv) = #$00, If |X-Distance| < $0000 Then [Document], Else A = #$00 

					879131 A5 35       LDA $35       [000E9D] A:0020 X:0006 Y:0095 S:0128 D:0E68 DB:86 nvMXdizc V:249 H: 59 F:44
					879133 05 3C       ORA $3C       [000EA4] A:0000 X:0006 Y:0095 S:0128 D:0E68 DB:86 nvMXdiZc V:249 H: 66 F:44
					879135 0D 32 0C    ORA $0C32     [860C32] A:0000 X:0006 Y:0095 S:0128 D:0E68 DB:86 nvMXdiZc V:249 H: 72 F:44
					879138 0D 0C 1F    ORA $1F0C     [861F0C] A:0000 X:0006 Y:0095 S:0128 D:0E68 DB:86 nvMXdiZc V:249 H: 79 F:44
					87913B D0 30       BNE $0030     [87916D] A:0000 X:0006 Y:0095 S:0128 D:0E68 DB:86 nvMXdiZc V:249 H: 85 F:44
					87913D C2 20       REP #$20               A:0000 X:0006 Y:0095 S:0128 D:0E68 DB:86 nvMXdiZc V:249 H: 88 F:44
					87913F AD AD 0B    LDA $0BAD     [860BAD] A:0000 X:0006 Y:0095 S:0128 D:0E68 DB:86 nvmXdiZc V:249 H: 93 F:44
					879142 38          SEC                    A:075C X:0006 Y:0095 S:0128 D:0E68 DB:86 nvmXdizc V:249 H:101 F:44
					879143 E5 05       SBC $05       [000E6D] A:075C X:0006 Y:0095 S:0128 D:0E68 DB:86 nvmXdizC V:249 H:104 F:44
					879145 B0 13       BCS $0013     [87915A] A:FFD0 X:0006 Y:0095 S:0128 D:0E68 DB:86 NvmXdizc V:249 H:113 F:44
					879147 49 FF FF    EOR #$FFFF             A:FFD0 X:0006 Y:0095 S:0128 D:0E68 DB:86 NvmXdizc V:249 H:116 F:44
					87914A 1A          INC                    A:002F X:0006 Y:0095 S:0128 D:0E68 DB:86 nvmXdizc V:249 H:120 F:44
					87914B CD 00 00    CMP $0000     [860000] A:0030 X:0006 Y:0095 S:0128 D:0E68 DB:86 nvmXdizc V:249 H:123 F:44
					87914E E2 20       SEP #$20               A:0030 X:0006 Y:0095 S:0128 D:0E68 DB:86 nvmXdizC V:249 H:132 F:44
					879150 B0 1B       BCS $001B     [87916D] A:0030 X:0006 Y:0095 S:0128 D:0E68 DB:86 nvMXdizC V:249 H:146 F:44
					87916D A9 00       LDA #$00               A:0030 X:0006 Y:0095 S:0128 D:0E68 DB:86 nvMXdizC V:249 H:151 F:44
					87916F 60          RTS                    A:0000 X:0006 Y:0095 S:0128 D:0E68 DB:86 nvMXdiZC V:249 H:154 F:44

				87911E F0 08       BEQ $0008     [879128] A:0000 X:0006 Y:0095 S:012A D:0E68 DB:86 nvMXdiZC V:249 H:164 F:44	Branch because A = #$00
				879128 60          RTS                    A:0000 X:0006 Y:0095 S:012A D:0E68 DB:86 nvMXdiZC V:249 H:168 F:44	Return

			878F45 60          RTS                    A:0000 X:0006 Y:0095 S:012C D:0E68 DB:86 nvMXdiZC V:249 H:178 F:44

		878C23 A5 37       LDA $37       [000E9F] A:0000 X:0006 Y:0095 S:012E D:0E68 DB:86 nvMXdiZC V:249 H:188 F:44
