80D4F6 20 30 D5    JSR $D530     [80D530] A:0E01 X:0000 Y:009B S:0133 D:0E68 DB:86 nvMXdizC V:247 H:163 F:19

	80D530 C2 20       REP #$20               A:0E01 X:0000 Y:009B S:0131 D:0E68 DB:86 nvMXdizC V:247 H:173 F:19
	80D532 A5 05       LDA $05       [000E6D] A:0E01 X:0000 Y:009B S:0131 D:0E68 DB:86 nvmXdizC V:247 H:178 F:19
	80D534 85 22       STA $22       [000E8A] A:07AD X:0000 Y:009B S:0131 D:0E68 DB:86 nvmXdizC V:247 H:186 F:19
	80D536 A5 08       LDA $08       [000E70] A:07AD X:0000 Y:009B S:0131 D:0E68 DB:86 nvmXdizC V:247 H:195 F:19
	80D538 85 24       STA $24       [000E8C] A:00A8 X:0000 Y:009B S:0131 D:0E68 DB:86 nvmXdizC V:247 H:203 F:19
	80D53A E2 20       SEP #$20               A:00A8 X:0000 Y:009B S:0131 D:0E68 DB:86 nvmXdizC V:247 H:212 F:19
	80D53C A9 80       LDA #$80               A:00A8 X:0000 Y:009B S:0131 D:0E68 DB:86 nvMXdizC V:247 H:216 F:19
	80D53E 14 0E       TRB $0E       [000E76] A:0080 X:0000 Y:009B S:0131 D:0E68 DB:86 NvMXdizC V:247 H:219 F:19
	80D540 A5 0A       LDA $0A       [000E72] A:0080 X:0000 Y:009B S:0131 D:0E68 DB:86 NvMXdizC V:247 H:229 F:19
	80D542 0A          ASL A                  A:0005 X:0000 Y:009B S:0131 D:0E68 DB:86 nvMXdizC V:247 H:236 F:19
	80D543 AA          TAX                    A:000A X:0000 Y:009B S:0131 D:0E68 DB:86 nvMXdizc V:247 H:239 F:19
	80D544 7C DD F8    JMP ($F8DD,X) [80F8E7] A:000A X:000A Y:009B S:0131 D:0E68 DB:86 nvMXdizc V:247 H:242 F:19

	80F9CA 22 7E 8A 87 JSL $878A7E   [878A7E] A:000A X:000A Y:009B S:0131 D:0E68 DB:86 nvMXdizc V:247 H:251 F:19

		878A7E A6 01       LDX $01       [000E69] A:000A X:000A Y:009B S:012E D:0E68 DB:86 nvMXdizc V:247 H:264 F:19
		878A80 7C 83 8A    JMP ($8A83,X) [878A87] A:000A X:0004 Y:009B S:012E D:0E68 DB:86 nvMXdizc V:247 H:271 F:19

		878C1A A5 33       LDA $33       [000E9B] A:000A X:0004 Y:009B S:012E D:0E68 DB:86 nvMXdizc V:247 H:280 F:19
		878C1C 04 11       TSB $11       [000E79] A:0008 X:0004 Y:009B S:012E D:0E68 DB:86 nvMXdizc V:247 H:286 F:19
		878C1E A6 02       LDX $02       [000E6A] A:0008 X:0004 Y:009B S:012E D:0E68 DB:86 nvMXdizc V:247 H:296 F:19
		878C20 FC F2 8C    JSR ($8CF2,X) [878CF6] A:0008 X:0004 Y:009B S:012E D:0E68 DB:86 nvMXdizc V:247 H:303 F:19

			878E5A A6 03       LDX $03       [000E6B] A:0008 X:0004 Y:009B S:012C D:0E68 DB:86 nvMXdizc V:247 H:316 F:19
			878E5C 7C 5F 8E    JMP ($8E5F,X) [878E67] A:0008 X:0008 Y:009B S:012C D:0E68 DB:86 nvMXdizc V:247 H:322 F:19

			878F05 22 A5 AC 84 JSL $84ACA5   [84ACA5] A:0008 X:0008 Y:009B S:012C D:0E68 DB:86 nvMXdizc V:247 H:330 F:19		JSL $84ACA5 --> Update Facing (40 bit)

				84ACA5 08          PHP                    A:0008 X:0008 Y:009B S:0129 D:0E68 DB:86 nvMXdizc V:248 H:  4 F:19
				84ACA6 E2 20       SEP #$20               A:0008 X:0008 Y:009B S:0128 D:0E68 DB:86 nvMXdizc V:248 H:  9 F:19
				84ACA8 A9 40       LDA #$40               A:0008 X:0008 Y:009B S:0128 D:0E68 DB:86 nvMXdizc V:248 H: 13 F:19
				84ACAA 14 11       TRB $11       [000E79] A:0040 X:0008 Y:009B S:0128 D:0E68 DB:86 nvMXdizc V:248 H: 16 F:19
				84ACAC C2 20       REP #$20               A:0040 X:0008 Y:009B S:0128 D:0E68 DB:86 nvMXdizc V:248 H: 26 F:19
				84ACAE AD AD 0B    LDA $0BAD     [860BAD] A:0040 X:0008 Y:009B S:0128 D:0E68 DB:86 nvmXdizc V:248 H: 31 F:19
				84ACB1 38          SEC                    A:07DD X:0008 Y:009B S:0128 D:0E68 DB:86 nvmXdizc V:248 H: 39 F:19
				84ACB2 E5 05       SBC $05       [000E6D] A:07DD X:0008 Y:009B S:0128 D:0E68 DB:86 nvmXdizC V:248 H: 42 F:19
				84ACB4 E2 20       SEP #$20               A:0030 X:0008 Y:009B S:0128 D:0E68 DB:86 nvmXdizC V:248 H: 51 F:19
				84ACB6 A9 00       LDA #$00               A:0030 X:0008 Y:009B S:0128 D:0E68 DB:86 nvMXdizC V:248 H: 55 F:19
				84ACB8 6A          ROR A                  A:0000 X:0008 Y:009B S:0128 D:0E68 DB:86 nvMXdiZC V:248 H: 58 F:19
				84ACB9 4A          LSR A                  A:0080 X:0008 Y:009B S:0128 D:0E68 DB:86 NvMXdizc V:248 H: 61 F:19
				84ACBA 04 11       TSB $11       [000E79] A:0040 X:0008 Y:009B S:0128 D:0E68 DB:86 nvMXdizc V:248 H: 64 F:19
				84ACBC 28          PLP                    A:0040 X:0008 Y:009B S:0128 D:0E68 DB:86 nvMXdiZc V:248 H: 74 F:19
				84ACBD 6B          RTL                    A:0040 X:0008 Y:009B S:0129 D:0E68 DB:86 nvMXdizc V:248 H: 81 F:19

			878F09 22 EA 8E 84 JSL $848EEA   [848EEA] A:0040 X:0008 Y:009B S:012C D:0E68 DB:86 nvMXdizc V:248 H: 91 F:19		JSL $848EEA --> Decrease CDSkel, Continue Skeleton

				848EEA 08          PHP                    A:0040 X:0008 Y:009B S:0129 D:0E68 DB:86 nvMXdizc V:248 H:105 F:19
				848EEB 8B          PHB                    A:0040 X:0008 Y:009B S:0128 D:0E68 DB:86 nvMXdizc V:248 H:110 F:19
				848EEC E2 30       SEP #$30               A:0040 X:0008 Y:009B S:0127 D:0E68 DB:86 nvMXdizc V:248 H:115 F:19
				848EEE C6 13       DEC $13       [000E7B] A:0040 X:0008 Y:009B S:0127 D:0E68 DB:86 nvMXdizc V:248 H:119 F:19
				848EF0 D0 5D       BNE $005D     [848F4F] A:0040 X:0008 Y:009B S:0127 D:0E68 DB:86 nvMXdizc V:248 H:129 F:19
				848F4F AB          PLB                    A:0040 X:0008 Y:009B S:0127 D:0E68 DB:86 nvMXdizc V:248 H:134 F:19
				848F50 28          PLP                    A:0040 X:0008 Y:009B S:0128 D:0E68 DB:86 NvMXdizc V:248 H:150 F:19
				848F51 6B          RTL                    A:0040 X:0008 Y:009B S:0129 D:0E68 DB:86 nvMXdizc V:248 H:157 F:19

			878F0D C6 34       DEC $34       [000E9C] A:0040 X:0008 Y:009B S:012C D:0E68 DB:86 nvMXdizc V:248 H:167 F:19		Decrease E-CD2 = #$00
			878F0F D0 31       BNE $0031     [878F42] A:0040 X:0008 Y:009B S:012C D:0E68 DB:86 nvMXdiZc V:248 H:177 F:19		Branch if E-CD2 <> #$00
			878F11 A5 32       LDA $32       [000E9A] A:0040 X:0008 Y:009B S:012C D:0E68 DB:86 nvMXdiZc V:248 H:180 F:19
			878F13 F0 05       BEQ $0005     [878F1A] A:000A X:0008 Y:009B S:012C D:0E68 DB:86 nvMXdizc V:248 H:187 F:19		Branch if E-TeleLeft = #$00
			878F15 C6 32       DEC $32       [000E9A] A:000A X:0008 Y:009B S:012C D:0E68 DB:86 nvMXdizc V:248 H:190 F:19		Decrease E-TeleLeft
			878F17 64 03       STZ $03       [000E6B] A:000A X:0008 Y:009B S:012C D:0E68 DB:86 nvMXdizc V:248 H:200 F:19		Subaction = #$00
			878F19 60          RTS                    A:000A X:0008 Y:009B S:012C D:0E68 DB:86 nvMXdizc V:248 H:206 F:19		Return

		878C23 A5 37       LDA $37       [000E9F] A:000A X:0008 Y:009B S:012E D:0E68 DB:86 nvMXdizc V:248 H:216 F:19
		878C25 F0 12       BEQ $0012     [878C39] A:0000 X:0008 Y:009B S:012E D:0E68 DB:86 nvMXdiZc V:248 H:223 F:19
		878C39 A9 0D       LDA #$0D               A:0000 X:0008 Y:009B S:012E D:0E68 DB:86 nvMXdiZc V:248 H:227 F:19
		878C3B A6 3D       LDX $3D       [000EA5] A:000D X:0008 Y:009B S:012E D:0E68 DB:86 nvMXdizc V:248 H:230 F:19
		878C3D F0 02       BEQ $0002     [878C41] A:000D X:0000 Y:009B S:012E D:0E68 DB:86 nvMXdiZc V:248 H:237 F:19
		878C41 85 28       STA $28       [000E90] A:000D X:0000 Y:009B S:012E D:0E68 DB:86 nvMXdiZc V:248 H:241 F:19
		878C43 AD DB 0B    LDA $0BDB     [860BDB] A:000D X:0000 Y:009B S:012E D:0E68 DB:86 nvMXdiZc V:248 H:248 F:19
		878C46 C9 02       CMP #$02               A:0000 X:0000 Y:009B S:012E D:0E68 DB:86 nvMXdiZc V:248 H:254 F:19
		878C48 F0 04       BEQ $0004     [878C4E] A:0000 X:0000 Y:009B S:012E D:0E68 DB:86 NvMXdizc V:248 H:257 F:19
		878C4A A5 38       LDA $38       [000EA0] A:0000 X:0000 Y:009B S:012E D:0E68 DB:86 NvMXdizc V:248 H:260 F:19
		878C4C D0 4D       BNE $004D     [878C9B] A:0000 X:0000 Y:009B S:012E D:0E68 DB:86 nvMXdiZc V:248 H:267 F:19
		878C4E 22 43 9B 84 JSL $849B43   [849B43] A:0000 X:0000 Y:009B S:012E D:0E68 DB:86 nvMXdiZc V:248 H:270 F:19

			849B43 C2 10       REP #$10               A:0000 X:0000 Y:009B S:012B D:0E68 DB:86 nvMXdiZc V:248 H:283 F:19
			849B45 A5 27       LDA $27       [000E8F] A:0000 X:0000 Y:009B S:012B D:0E68 DB:86 nvMxdiZc V:248 H:288 F:19
			849B47 29 7F       AND #$7F               A:0009 X:0000 Y:009B S:012B D:0E68 DB:86 nvMxdizc V:248 H:294 F:19
			849B49 85 27       STA $27       [000E8F] A:0009 X:0000 Y:009B S:012B D:0E68 DB:86 nvMxdizc V:248 H:297 F:19
			849B4B F0 2C       BEQ $002C     [849B79] A:0009 X:0000 Y:009B S:012B D:0E68 DB:86 nvMxdizc V:248 H:304 F:19
			849B4D A5 30       LDA $30       [000E98] A:0009 X:0000 Y:009B S:012B D:0E68 DB:86 nvMxdizc V:248 H:307 F:19
			849B4F D0 28       BNE $0028     [849B79] A:0000 X:0000 Y:009B S:012B D:0E68 DB:86 nvMxdiZc V:248 H:313 F:19
			849B51 A5 0E       LDA $0E       [000E76] A:0000 X:0000 Y:009B S:012B D:0E68 DB:86 nvMxdiZc V:248 H:316 F:19
			849B53 F0 24       BEQ $0024     [849B79] A:0001 X:0000 Y:009B S:012B D:0E68 DB:86 nvMxdizc V:248 H:323 F:19
			849B55 A2 28 12    LDX #$1228             A:0001 X:0000 Y:009B S:012B D:0E68 DB:86 nvMxdizc V:248 H:325 F:19
			849B58 E2 20       SEP #$20               A:0001 X:1228 Y:009B S:012B D:0E68 DB:86 nvMxdizc V:248 H:329 F:19
			849B5A BD 00 00    LDA $0000,X   [861228] A:0001 X:1228 Y:009B S:012B D:0E68 DB:86 nvMxdizc V:248 H:334 F:19
			849B5D F0 0E       BEQ $000E     [849B6D] A:0000 X:1228 Y:009B S:012B D:0E68 DB:86 nvMxdiZc V:249 H:  2 F:19
			849B6D C2 21       REP #$21               A:0000 X:1228 Y:009B S:012B D:0E68 DB:86 nvMxdiZc V:249 H:  6 F:19
			849B6F 8A          TXA                    A:0000 X:1228 Y:009B S:012B D:0E68 DB:86 nvmxdiZc V:249 H: 11 F:19
			849B70 69 40 00    ADC #$0040             A:1228 X:1228 Y:009B S:012B D:0E68 DB:86 nvmxdizc V:249 H: 14 F:19
			849B73 AA          TAX                    A:1268 X:1228 Y:009B S:012B D:0E68 DB:86 nvmxdizc V:249 H: 18 F:19
			849B74 C9 28 14    CMP #$1428             A:1268 X:1268 Y:009B S:012B D:0E68 DB:86 nvmxdizc V:249 H: 21 F:19
			849B77 90 DF       BCC $00DF     [849B58] A:1268 X:1268 Y:009B S:012B D:0E68 DB:86 Nvmxdizc V:249 H: 26 F:19
			849B58 E2 20       SEP #$20               A:1268 X:1268 Y:009B S:012B D:0E68 DB:86 Nvmxdizc V:249 H: 30 F:19
			849B5A BD 00 00    LDA $0000,X   [861268] A:1268 X:1268 Y:009B S:012B D:0E68 DB:86 NvMxdizc V:249 H: 35 F:19
			849B5D F0 0E       BEQ $000E     [849B6D] A:1200 X:1268 Y:009B S:012B D:0E68 DB:86 nvMxdiZc V:249 H: 43 F:19
			849B6D C2 21       REP #$21               A:1200 X:1268 Y:009B S:012B D:0E68 DB:86 nvMxdiZc V:249 H: 47 F:19
			849B6F 8A          TXA                    A:1200 X:1268 Y:009B S:012B D:0E68 DB:86 nvmxdiZc V:249 H: 52 F:19
			849B70 69 40 00    ADC #$0040             A:1268 X:1268 Y:009B S:012B D:0E68 DB:86 nvmxdizc V:249 H: 55 F:19
			849B73 AA          TAX                    A:12A8 X:1268 Y:009B S:012B D:0E68 DB:86 nvmxdizc V:249 H: 59 F:19
			849B74 C9 28 14    CMP #$1428             A:12A8 X:12A8 Y:009B S:012B D:0E68 DB:86 nvmxdizc V:249 H: 62 F:19
			849B77 90 DF       BCC $00DF     [849B58] A:12A8 X:12A8 Y:009B S:012B D:0E68 DB:86 Nvmxdizc V:249 H: 67 F:19
			849B58 E2 20       SEP #$20               A:12A8 X:12A8 Y:009B S:012B D:0E68 DB:86 Nvmxdizc V:249 H: 71 F:19
			849B5A BD 00 00    LDA $0000,X   [8612A8] A:12A8 X:12A8 Y:009B S:012B D:0E68 DB:86 NvMxdizc V:249 H: 76 F:19
			849B5D F0 0E       BEQ $000E     [849B6D] A:1200 X:12A8 Y:009B S:012B D:0E68 DB:86 nvMxdiZc V:249 H: 84 F:19
			849B6D C2 21       REP #$21               A:1200 X:12A8 Y:009B S:012B D:0E68 DB:86 nvMxdiZc V:249 H: 88 F:19
			849B6F 8A          TXA                    A:1200 X:12A8 Y:009B S:012B D:0E68 DB:86 nvmxdiZc V:249 H: 93 F:19
			849B70 69 40 00    ADC #$0040             A:12A8 X:12A8 Y:009B S:012B D:0E68 DB:86 nvmxdizc V:249 H: 96 F:19
			849B73 AA          TAX                    A:12E8 X:12A8 Y:009B S:012B D:0E68 DB:86 nvmxdizc V:249 H:100 F:19
			849B74 C9 28 14    CMP #$1428             A:12E8 X:12E8 Y:009B S:012B D:0E68 DB:86 nvmxdizc V:249 H:103 F:19
			849B77 90 DF       BCC $00DF     [849B58] A:12E8 X:12E8 Y:009B S:012B D:0E68 DB:86 Nvmxdizc V:249 H:108 F:19
			849B58 E2 20       SEP #$20               A:12E8 X:12E8 Y:009B S:012B D:0E68 DB:86 Nvmxdizc V:249 H:112 F:19
			849B5A BD 00 00    LDA $0000,X   [8612E8] A:12E8 X:12E8 Y:009B S:012B D:0E68 DB:86 NvMxdizc V:249 H:117 F:19
			849B5D F0 0E       BEQ $000E     [849B6D] A:1200 X:12E8 Y:009B S:012B D:0E68 DB:86 nvMxdiZc V:249 H:125 F:19
			849B6D C2 21       REP #$21               A:1200 X:12E8 Y:009B S:012B D:0E68 DB:86 nvMxdiZc V:249 H:129 F:19
			849B6F 8A          TXA                    A:1200 X:12E8 Y:009B S:012B D:0E68 DB:86 nvmxdiZc V:249 H:144 F:19
			849B70 69 40 00    ADC #$0040             A:12E8 X:12E8 Y:009B S:012B D:0E68 DB:86 nvmxdizc V:249 H:147 F:19
			849B73 AA          TAX                    A:1328 X:12E8 Y:009B S:012B D:0E68 DB:86 nvmxdizc V:249 H:151 F:19
			849B74 C9 28 14    CMP #$1428             A:1328 X:1328 Y:009B S:012B D:0E68 DB:86 nvmxdizc V:249 H:154 F:19
			849B77 90 DF       BCC $00DF     [849B58] A:1328 X:1328 Y:009B S:012B D:0E68 DB:86 Nvmxdizc V:249 H:159 F:19
			849B58 E2 20       SEP #$20               A:1328 X:1328 Y:009B S:012B D:0E68 DB:86 Nvmxdizc V:249 H:163 F:19
			849B5A BD 00 00    LDA $0000,X   [861328] A:1328 X:1328 Y:009B S:012B D:0E68 DB:86 NvMxdizc V:249 H:168 F:19
			849B5D F0 0E       BEQ $000E     [849B6D] A:1300 X:1328 Y:009B S:012B D:0E68 DB:86 nvMxdiZc V:249 H:176 F:19
			849B6D C2 21       REP #$21               A:1300 X:1328 Y:009B S:012B D:0E68 DB:86 nvMxdiZc V:249 H:180 F:19
			849B6F 8A          TXA                    A:1300 X:1328 Y:009B S:012B D:0E68 DB:86 nvmxdiZc V:249 H:185 F:19
			849B70 69 40 00    ADC #$0040             A:1328 X:1328 Y:009B S:012B D:0E68 DB:86 nvmxdizc V:249 H:188 F:19
			849B73 AA          TAX                    A:1368 X:1328 Y:009B S:012B D:0E68 DB:86 nvmxdizc V:249 H:192 F:19
			849B74 C9 28 14    CMP #$1428             A:1368 X:1368 Y:009B S:012B D:0E68 DB:86 nvmxdizc V:249 H:195 F:19
			849B77 90 DF       BCC $00DF     [849B58] A:1368 X:1368 Y:009B S:012B D:0E68 DB:86 Nvmxdizc V:249 H:200 F:19
			849B58 E2 20       SEP #$20               A:1368 X:1368 Y:009B S:012B D:0E68 DB:86 Nvmxdizc V:249 H:204 F:19
			849B5A BD 00 00    LDA $0000,X   [861368] A:1368 X:1368 Y:009B S:012B D:0E68 DB:86 NvMxdizc V:249 H:209 F:19
			849B5D F0 0E       BEQ $000E     [849B6D] A:1300 X:1368 Y:009B S:012B D:0E68 DB:86 nvMxdiZc V:249 H:217 F:19
			849B6D C2 21       REP #$21               A:1300 X:1368 Y:009B S:012B D:0E68 DB:86 nvMxdiZc V:249 H:221 F:19
			849B6F 8A          TXA                    A:1300 X:1368 Y:009B S:012B D:0E68 DB:86 nvmxdiZc V:249 H:226 F:19
			849B70 69 40 00    ADC #$0040             A:1368 X:1368 Y:009B S:012B D:0E68 DB:86 nvmxdizc V:249 H:229 F:19
			849B73 AA          TAX                    A:13A8 X:1368 Y:009B S:012B D:0E68 DB:86 nvmxdizc V:249 H:233 F:19
			849B74 C9 28 14    CMP #$1428             A:13A8 X:13A8 Y:009B S:012B D:0E68 DB:86 nvmxdizc V:249 H:236 F:19
			849B77 90 DF       BCC $00DF     [849B58] A:13A8 X:13A8 Y:009B S:012B D:0E68 DB:86 Nvmxdizc V:249 H:241 F:19
			849B58 E2 20       SEP #$20               A:13A8 X:13A8 Y:009B S:012B D:0E68 DB:86 Nvmxdizc V:249 H:245 F:19
			849B5A BD 00 00    LDA $0000,X   [8613A8] A:13A8 X:13A8 Y:009B S:012B D:0E68 DB:86 NvMxdizc V:249 H:250 F:19
			849B5D F0 0E       BEQ $000E     [849B6D] A:1300 X:13A8 Y:009B S:012B D:0E68 DB:86 nvMxdiZc V:249 H:258 F:19
			849B6D C2 21       REP #$21               A:1300 X:13A8 Y:009B S:012B D:0E68 DB:86 nvMxdiZc V:249 H:262 F:19
			849B6F 8A          TXA                    A:1300 X:13A8 Y:009B S:012B D:0E68 DB:86 nvmxdiZc V:249 H:267 F:19
			849B70 69 40 00    ADC #$0040             A:13A8 X:13A8 Y:009B S:012B D:0E68 DB:86 nvmxdizc V:249 H:270 F:19
			849B73 AA          TAX                    A:13E8 X:13A8 Y:009B S:012B D:0E68 DB:86 nvmxdizc V:249 H:274 F:19
			849B74 C9 28 14    CMP #$1428             A:13E8 X:13E8 Y:009B S:012B D:0E68 DB:86 nvmxdizc V:249 H:277 F:19
			849B77 90 DF       BCC $00DF     [849B58] A:13E8 X:13E8 Y:009B S:012B D:0E68 DB:86 Nvmxdizc V:249 H:282 F:19
			849B58 E2 20       SEP #$20               A:13E8 X:13E8 Y:009B S:012B D:0E68 DB:86 Nvmxdizc V:249 H:286 F:19
			849B5A BD 00 00    LDA $0000,X   [8613E8] A:13E8 X:13E8 Y:009B S:012B D:0E68 DB:86 NvMxdizc V:249 H:291 F:19
			849B5D F0 0E       BEQ $000E     [849B6D] A:1300 X:13E8 Y:009B S:012B D:0E68 DB:86 nvMxdiZc V:249 H:299 F:19
			849B6D C2 21       REP #$21               A:1300 X:13E8 Y:009B S:012B D:0E68 DB:86 nvMxdiZc V:249 H:303 F:19
			849B6F 8A          TXA                    A:1300 X:13E8 Y:009B S:012B D:0E68 DB:86 nvmxdiZc V:249 H:308 F:19
			849B70 69 40 00    ADC #$0040             A:13E8 X:13E8 Y:009B S:012B D:0E68 DB:86 nvmxdizc V:249 H:311 F:19
			849B73 AA          TAX                    A:1428 X:13E8 Y:009B S:012B D:0E68 DB:86 nvmxdizc V:249 H:315 F:19
			849B74 C9 28 14    CMP #$1428             A:1428 X:1428 Y:009B S:012B D:0E68 DB:86 nvmxdizc V:249 H:318 F:19
			849B77 90 DF       BCC $00DF     [849B58] A:1428 X:1428 Y:009B S:012B D:0E68 DB:86 nvmxdiZC V:249 H:323 F:19
			849B79 E2 30       SEP #$30               A:1428 X:1428 Y:009B S:012B D:0E68 DB:86 nvmxdiZC V:249 H:325 F:19
			849B7B A9 00       LDA #$00               A:1428 X:0028 Y:009B S:012B D:0E68 DB:86 nvMXdiZC V:249 H:329 F:19
			849B7D 6B          RTL                    A:1400 X:0028 Y:009B S:012B D:0E68 DB:86 nvMXdiZC V:249 H:332 F:19

		878C52 F0 47       BEQ $0047     [878C9B] A:1400 X:0028 Y:009B S:012E D:0E68 DB:86 nvMXdiZC V:250 H:  3 F:19
		878C9B A5 3D       LDA $3D       [000EA5] A:1400 X:0028 Y:009B S:012E D:0E68 DB:86 nvMXdiZC V:250 H:  7 F:19
		878C9D F0 0B       BEQ $000B     [878CAA] A:1400 X:0028 Y:009B S:012E D:0E68 DB:86 nvMXdiZC V:250 H: 14 F:19
		878CAA A5 27       LDA $27       [000E8F] A:1400 X:0028 Y:009B S:012E D:0E68 DB:86 nvMXdiZC V:250 H: 18 F:19
		878CAC 29 7F       AND #$7F               A:1409 X:0028 Y:009B S:012E D:0E68 DB:86 nvMXdizC V:250 H: 25 F:19
		878CAE D0 19       BNE $0019     [878CC9] A:1409 X:0028 Y:009B S:012E D:0E68 DB:86 nvMXdizC V:250 H: 28 F:19
		878CC9 A5 38       LDA $38       [000EA0] A:1409 X:0028 Y:009B S:012E D:0E68 DB:86 nvMXdizC V:250 H: 32 F:19
		878CCB D0 13       BNE $0013     [878CE0] A:1400 X:0028 Y:009B S:012E D:0E68 DB:86 nvMXdiZC V:250 H: 39 F:19
		878CCD A5 39       LDA $39       [000EA1] A:1400 X:0028 Y:009B S:012E D:0E68 DB:86 nvMXdiZC V:250 H: 42 F:19
		878CCF D0 0F       BNE $000F     [878CE0] A:1400 X:0028 Y:009B S:012E D:0E68 DB:86 nvMXdiZC V:250 H: 48 F:19
		878CD1 22 03 9B 84 JSL $849B03   [849B03] A:1400 X:0028 Y:009B S:012E D:0E68 DB:86 nvMXdiZC V:250 H: 51 F:19

			849B03 C2 10       REP #$10               A:1400 X:0028 Y:009B S:012B D:0E68 DB:86 nvMXdiZC V:250 H: 65 F:19
			849B05 A5 27       LDA $27       [000E8F] A:1400 X:0028 Y:009B S:012B D:0E68 DB:86 nvMxdiZC V:250 H: 69 F:19
			849B07 F0 70       BEQ $0070     [849B79] A:1409 X:0028 Y:009B S:012B D:0E68 DB:86 nvMxdizC V:250 H: 76 F:19
			849B09 A5 0E       LDA $0E       [000E76] A:1409 X:0028 Y:009B S:012B D:0E68 DB:86 nvMxdizC V:250 H: 79 F:19
			849B0B F0 31       BEQ $0031     [849B3E] A:1401 X:0028 Y:009B S:012B D:0E68 DB:86 nvMxdizC V:250 H: 85 F:19
			849B0D AD 0C 1F    LDA $1F0C     [861F0C] A:1401 X:0028 Y:009B S:012B D:0E68 DB:86 nvMxdizC V:250 H: 88 F:19
			849B10 D0 2C       BNE $002C     [849B3E] A:1400 X:0028 Y:009B S:012B D:0E68 DB:86 nvMxdiZC V:250 H: 95 F:19
			849B12 AD 32 0C    LDA $0C32     [860C32] A:1400 X:0028 Y:009B S:012B D:0E68 DB:86 nvMxdiZC V:250 H: 98 F:19
			849B15 D0 11       BNE $0011     [849B28] A:1400 X:0028 Y:009B S:012B D:0E68 DB:86 nvMxdiZC V:250 H:104 F:19
			849B17 AD 30 0C    LDA $0C30     [860C30] A:1400 X:0028 Y:009B S:012B D:0E68 DB:86 nvMxdiZC V:250 H:107 F:19
			849B1A D0 0C       BNE $000C     [849B28] A:1400 X:0028 Y:009B S:012B D:0E68 DB:86 nvMxdiZC V:250 H:114 F:19
			849B1C A2 A8 0B    LDX #$0BA8             A:1400 X:0028 Y:009B S:012B D:0E68 DB:86 nvMxdiZC V:250 H:117 F:19
			849B1F 22 0E 9C 84 JSL $849C0E   [849C0E] A:1400 X:0BA8 Y:009B S:012B D:0E68 DB:86 nvMxdizC V:250 H:121 F:19

				849C0E 5A          PHY                    A:1400 X:0BA8 Y:009B S:0128 D:0E68 DB:86 nvMxdizC V:250 H:145 F:19
				849C0F A4 20       LDY $20       [000E88] A:1400 X:0BA8 Y:009B S:0126 D:0E68 DB:86 nvMxdizC V:250 H:152 F:19
				849C11 D0 03       BNE $0003     [849C16] A:1400 X:0BA8 Y:C58D S:0126 D:0E68 DB:86 NvMxdizC V:250 H:160 F:19
				849C16 BC 20 00    LDY $0020,X   [860BC8] A:1400 X:0BA8 Y:C58D S:0126 D:0E68 DB:86 NvMxdizC V:250 H:165 F:19
				849C19 D0 03       BNE $0003     [849C1E] A:1400 X:0BA8 Y:A552 S:0126 D:0E68 DB:86 NvMxdizC V:250 H:175 F:19
				849C1E C2 20       REP #$20               A:1400 X:0BA8 Y:A552 S:0126 D:0E68 DB:86 NvMxdizC V:250 H:179 F:19
				849C20 DA          PHX                    A:1400 X:0BA8 Y:A552 S:0126 D:0E68 DB:86 NvmxdizC V:250 H:184 F:19
				849C21 BD 05 00    LDA $0005,X   [860BAD] A:1400 X:0BA8 Y:A552 S:0124 D:0E68 DB:86 NvmxdizC V:250 H:191 F:19
				849C24 8D 04 00    STA $0004     [860004] A:07DD X:0BA8 Y:A552 S:0124 D:0E68 DB:86 nvmxdizC V:250 H:201 F:19
				849C27 BD 08 00    LDA $0008,X   [860BB0] A:07DD X:0BA8 Y:A552 S:0124 D:0E68 DB:86 nvmxdizC V:250 H:209 F:19
				849C2A 8D 06 00    STA $0006     [860006] A:00AF X:0BA8 Y:A552 S:0124 D:0E68 DB:86 nvmxdizC V:250 H:219 F:19
				849C2D A5 05       LDA $05       [000E6D] A:00AF X:0BA8 Y:A552 S:0124 D:0E68 DB:86 nvmxdizC V:250 H:228 F:19
				849C2F 8D 0C 00    STA $000C     [86000C] A:07AD X:0BA8 Y:A552 S:0124 D:0E68 DB:86 nvmxdizC V:250 H:236 F:19
				849C32 A5 08       LDA $08       [000E70] A:07AD X:0BA8 Y:A552 S:0124 D:0E68 DB:86 nvmxdizC V:250 H:245 F:19
				849C34 8D 0E 00    STA $000E     [86000E] A:00A8 X:0BA8 Y:A552 S:0124 D:0E68 DB:86 nvmxdizC V:250 H:253 F:19
				849C37 E2 20       SEP #$20               A:00A8 X:0BA8 Y:A552 S:0124 D:0E68 DB:86 nvmxdizC V:250 H:262 F:19
				849C39 BD 11 00    LDA $0011,X   [860BB9] A:00A8 X:0BA8 Y:A552 S:0124 D:0E68 DB:86 nvMxdizC V:250 H:266 F:19
				849C3C 8D 08 00    STA $0008     [860008] A:0022 X:0BA8 Y:A552 S:0124 D:0E68 DB:86 nvMxdizC V:250 H:274 F:19
				849C3F A5 11       LDA $11       [000E79] A:0022 X:0BA8 Y:A552 S:0124 D:0E68 DB:86 nvMxdizC V:250 H:281 F:19
				849C41 8D 09 00    STA $0009     [860009] A:0069 X:0BA8 Y:A552 S:0124 D:0E68 DB:86 nvMxdizC V:250 H:287 F:19
				849C44 BC 20 00    LDY $0020,X   [860BC8] A:0069 X:0BA8 Y:A552 S:0124 D:0E68 DB:86 nvMxdizC V:250 H:294 F:19
				849C47 A6 20       LDX $20       [000E88] A:0069 X:0BA8 Y:A552 S:0124 D:0E68 DB:86 NvMxdizC V:250 H:304 F:19
				849C49 0B          PHD                    A:0069 X:C58D Y:A552 S:0124 D:0E68 DB:86 NvMxdizC V:250 H:312 F:19
				849C4A F4 00 00    PEA $0000              A:0069 X:C58D Y:A552 S:0122 D:0E68 DB:86 NvMxdizC V:250 H:319 F:19
				849C4D 2B          PLD                    A:0069 X:C58D Y:A552 S:0120 D:0E68 DB:86 NvMxdizC V:250 H:327 F:19
				849C4E BD 02 00    LDA $0002,X   [86C58F] A:0069 X:C58D Y:A552 S:0122 D:0000 DB:86 nvMxdiZC V:250 H:335 F:19
				849C51 18          CLC                    A:000A X:C58D Y:A552 S:0122 D:0000 DB:86 nvMxdizC V:251 H:  3 F:19
				849C52 79 02 00    ADC $0002,Y   [86A554] A:000A X:C58D Y:A552 S:0122 D:0000 DB:86 nvMxdizc V:251 H:  6 F:19
				849C55 85 00       STA $00       [000000] A:0010 X:C58D Y:A552 S:0122 D:0000 DB:86 nvMxdizc V:251 H: 13 F:19
				849C57 64 01       STZ $01       [000001] A:0010 X:C58D Y:A552 S:0122 D:0000 DB:86 nvMxdizc V:251 H: 18 F:19
				849C59 BD 03 00    LDA $0003,X   [86C590] A:0010 X:C58D Y:A552 S:0122 D:0000 DB:86 nvMxdizc V:251 H: 23 F:19
				849C5C 18          CLC                    A:0012 X:C58D Y:A552 S:0122 D:0000 DB:86 nvMxdizc V:251 H: 31 F:19
				849C5D 79 03 00    ADC $0003,Y   [86A555] A:0012 X:C58D Y:A552 S:0122 D:0000 DB:86 nvMxdizc V:251 H: 34 F:19
				849C60 85 02       STA $02       [000002] A:0020 X:C58D Y:A552 S:0122 D:0000 DB:86 nvMxdizc V:251 H: 41 F:19
				849C62 64 03       STZ $03       [000003] A:0020 X:C58D Y:A552 S:0122 D:0000 DB:86 nvMxdizc V:251 H: 46 F:19
				849C64 C2 21       REP #$21               A:0020 X:C58D Y:A552 S:0122 D:0000 DB:86 nvMxdizc V:251 H: 51 F:19
				849C66 B9 00 00    LDA $0000,Y   [86A552] A:0020 X:C58D Y:A552 S:0122 D:0000 DB:86 nvmxdizc V:251 H: 56 F:19
				849C69 29 FF 00    AND #$00FF             A:FF00 X:C58D Y:A552 S:0122 D:0000 DB:86 Nvmxdizc V:251 H: 65 F:19
				849C6C 89 80 00    BIT #$0080             A:0000 X:C58D Y:A552 S:0122 D:0000 DB:86 nvmxdiZc V:251 H: 69 F:19
				849C6F F0 03       BEQ $0003     [849C74] A:0000 X:C58D Y:A552 S:0122 D:0000 DB:86 nvmxdiZc V:251 H: 74 F:19
				849C74 24 07       BIT $07       [000007] A:0000 X:C58D Y:A552 S:0122 D:0000 DB:86 nvmxdiZc V:251 H: 78 F:19
				849C76 50 04       BVC $0004     [849C7C] A:0000 X:C58D Y:A552 S:0122 D:0000 DB:86 nvmxdiZc V:251 H: 85 F:19
				849C7C 85 0A       STA $0A       [00000A] A:0000 X:C58D Y:A552 S:0122 D:0000 DB:86 nvmxdiZc V:251 H: 90 F:19
				849C7E 64 10       STZ $10       [000010] A:0000 X:C58D Y:A552 S:0122 D:0000 DB:86 nvmxdiZc V:251 H: 97 F:19
				849C80 BD 00 00    LDA $0000,X   [86C58D] A:0000 X:C58D Y:A552 S:0122 D:0000 DB:86 nvmxdiZc V:251 H:104 F:19
				849C83 29 FF 00    AND #$00FF             A:0400 X:C58D Y:A552 S:0122 D:0000 DB:86 nvmxdizc V:251 H:113 F:19
				849C86 89 80 00    BIT #$0080             A:0000 X:C58D Y:A552 S:0122 D:0000 DB:86 nvmxdiZc V:251 H:117 F:19
				849C89 F0 03       BEQ $0003     [849C8E] A:0000 X:C58D Y:A552 S:0122 D:0000 DB:86 nvmxdiZc V:251 H:122 F:19
				849C8E 24 08       BIT $08       [000008] A:0000 X:C58D Y:A552 S:0122 D:0000 DB:86 nvmxdiZc V:251 H:126 F:19
				849C90 50 04       BVC $0004     [849C96] A:0000 X:C58D Y:A552 S:0122 D:0000 DB:86 nVmxdiZc V:251 H:143 F:19
				849C92 49 FF FF    EOR #$FFFF             A:0000 X:C58D Y:A552 S:0122 D:0000 DB:86 nVmxdiZc V:251 H:146 F:19
				849C95 1A          INC                    A:FFFF X:C58D Y:A552 S:0122 D:0000 DB:86 NVmxdizc V:251 H:151 F:19
				849C96 65 0C       ADC $0C       [00000C] A:0000 X:C58D Y:A552 S:0122 D:0000 DB:86 nVmxdiZc V:251 H:154 F:19
				849C98 38          SEC                    A:07AD X:C58D Y:A552 S:0122 D:0000 DB:86 nvmxdizc V:251 H:161 F:19
				849C99 E5 04       SBC $04       [000004] A:07AD X:C58D Y:A552 S:0122 D:0000 DB:86 nvmxdizC V:251 H:164 F:19
				849C9B 38          SEC                    A:FFD0 X:C58D Y:A552 S:0122 D:0000 DB:86 Nvmxdizc V:251 H:171 F:19
				849C9C E5 0A       SBC $0A       [00000A] A:FFD0 X:C58D Y:A552 S:0122 D:0000 DB:86 NvmxdizC V:251 H:174 F:19
				849C9E 10 06       BPL $0006     [849CA6] A:FFD0 X:C58D Y:A552 S:0122 D:0000 DB:86 NvmxdizC V:251 H:181 F:19
				849CA0 C6 10       DEC $10       [000010] A:FFD0 X:C58D Y:A552 S:0122 D:0000 DB:86 NvmxdizC V:251 H:184 F:19
				849CA2 49 FF FF    EOR #$FFFF             A:FFD0 X:C58D Y:A552 S:0122 D:0000 DB:86 NvmxdizC V:251 H:196 F:19
				849CA5 1A          INC                    A:002F X:C58D Y:A552 S:0122 D:0000 DB:86 nvmxdizC V:251 H:201 F:19
				849CA6 85 04       STA $04       [000004] A:0030 X:C58D Y:A552 S:0122 D:0000 DB:86 nvmxdizC V:251 H:204 F:19
				849CA8 A5 00       LDA $00       [000000] A:0030 X:C58D Y:A552 S:0122 D:0000 DB:86 nvmxdizC V:251 H:211 F:19
				849CAA 38          SEC                    A:0010 X:C58D Y:A552 S:0122 D:0000 DB:86 nvmxdizC V:251 H:218 F:19
				849CAB E5 04       SBC $04       [000004] A:0010 X:C58D Y:A552 S:0122 D:0000 DB:86 nvmxdizC V:251 H:221 F:19
				849CAD 1A          INC                    A:FFE0 X:C58D Y:A552 S:0122 D:0000 DB:86 Nvmxdizc V:251 H:228 F:19
				849CAE 85 04       STA $04       [000004] A:FFE1 X:C58D Y:A552 S:0122 D:0000 DB:86 Nvmxdizc V:251 H:231 F:19
				849CB0 24 0F       BIT $0F       [00000F] A:FFE1 X:C58D Y:A552 S:0122 D:0000 DB:86 Nvmxdizc V:251 H:238 F:19
				849CB2 30 04       BMI $0004     [849CB8] A:FFE1 X:C58D Y:A552 S:0122 D:0000 DB:86 NVmxdizc V:251 H:245 F:19
				849CB8 85 00       STA $00       [000000] A:FFE1 X:C58D Y:A552 S:0122 D:0000 DB:86 NVmxdizc V:251 H:249 F:19
				849CBA 90 45       BCC $0045     [849D01] A:FFE1 X:C58D Y:A552 S:0122 D:0000 DB:86 NVmxdizc V:251 H:256 F:19
				849D01 E2 20       SEP #$20               A:FFE1 X:C58D Y:A552 S:0122 D:0000 DB:86 NVmxdizc V:251 H:261 F:19
				849D03 2B          PLD                    A:FFE1 X:C58D Y:A552 S:0122 D:0000 DB:86 NVMxdizc V:251 H:265 F:19
				849D04 FA          PLX                    A:FFE1 X:C58D Y:A552 S:0124 D:0E68 DB:86 nVMxdizc V:251 H:274 F:19
				849D05 7A          PLY                    A:FFE1 X:0BA8 Y:A552 S:0126 D:0E68 DB:86 nVMxdizc V:251 H:282 F:19
				849D06 6B          RTL                    A:FFE1 X:0BA8 Y:009B S:0128 D:0E68 DB:86 nVMxdizc V:251 H:291 F:19

			849B23 90 19       BCC $0019     [849B3E] A:FFE1 X:0BA8 Y:009B S:012B D:0E68 DB:86 nVMxdizc V:251 H:301 F:19
			849B3E E2 10       SEP #$10               A:FFE1 X:0BA8 Y:009B S:012B D:0E68 DB:86 nVMxdizc V:251 H:306 F:19
			849B40 A9 00       LDA #$00               A:FFE1 X:00A8 Y:009B S:012B D:0E68 DB:86 nVMXdizc V:251 H:310 F:19
			849B42 6B          RTL                    A:FF00 X:00A8 Y:009B S:012B D:0E68 DB:86 nVMXdiZc V:251 H:313 F:19

		878CD5 AD CF 0B    LDA $0BCF     [860BCF] A:FF00 X:00A8 Y:009B S:012E D:0E68 DB:86 nVMXdiZc V:251 H:323 F:19
		878CD8 29 7F       AND #$7F               A:FF20 X:00A8 Y:009B S:012E D:0E68 DB:86 nVMXdizc V:251 H:329 F:19
		878CDA D0 04       BNE $0004     [878CE0] A:FF20 X:00A8 Y:009B S:012E D:0E68 DB:86 nVMXdizc V:251 H:332 F:19
		878CE0 20 70 91    JSR $9170     [879170] A:FF20 X:00A8 Y:009B S:012E D:0E68 DB:86 nVMXdizc V:251 H:337 F:19

			879170 A5 3C       LDA $3C       [000EA4] A:FF20 X:00A8 Y:009B S:012C D:0E68 DB:86 nVMXdizc V:252 H:  7 F:19
			879172 10 32       BPL $0032     [8791A6] A:FF00 X:00A8 Y:009B S:012C D:0E68 DB:86 nVMXdiZc V:252 H: 13 F:19
			8791A6 60          RTS                    A:FF00 X:00A8 Y:009B S:012C D:0E68 DB:86 nVMXdiZc V:252 H: 18 F:19

		878CE3 A5 39       LDA $39       [000EA1] A:FF00 X:00A8 Y:009B S:012E D:0E68 DB:86 nVMXdiZc V:252 H: 28 F:19
		878CE5 F0 07       BEQ $0007     [878CEE] A:FF00 X:00A8 Y:009B S:012E D:0E68 DB:86 nVMXdiZc V:252 H: 34 F:19
		878CEE 5C B4 80 82 JML $8280B4   [8280B4] A:FF00 X:00A8 Y:009B S:012E D:0E68 DB:86 nVMXdiZc V:252 H: 39 F:19

		8280B4 C2 20       REP #$20               A:FF00 X:00A8 Y:009B S:012E D:0E68 DB:86 nVMXdiZc V:252 H: 45 F:19
		8280B6 38          SEC                    A:FF00 X:00A8 Y:009B S:012E D:0E68 DB:86 nVmXdiZc V:252 H: 49 F:19
		8280B7 A5 05       LDA $05       [000E6D] A:FF00 X:00A8 Y:009B S:012E D:0E68 DB:86 nVmXdiZC V:252 H: 52 F:19
		8280B9 ED 4D 1E    SBC $1E4D     [861E4D] A:07AD X:00A8 Y:009B S:012E D:0E68 DB:86 nVmXdizC V:252 H: 61 F:19
		8280BC 18          CLC                    A:00AD X:00A8 Y:009B S:012E D:0E68 DB:86 nvmXdizC V:252 H: 69 F:19
		8280BD 69 20 00    ADC #$0020             A:00AD X:00A8 Y:009B S:012E D:0E68 DB:86 nvmXdizc V:252 H: 72 F:19
		8280C0 C9 40 01    CMP #$0140             A:00CD X:00A8 Y:009B S:012E D:0E68 DB:86 nvmXdizc V:252 H: 77 F:19
		8280C3 B0 0F       BCS $000F     [8280D4] A:00CD X:00A8 Y:009B S:012E D:0E68 DB:86 NvmXdizc V:252 H: 81 F:19
		8280C5 38          SEC                    A:00CD X:00A8 Y:009B S:012E D:0E68 DB:86 NvmXdizc V:252 H: 84 F:19
		8280C6 A5 08       LDA $08       [000E70] A:00CD X:00A8 Y:009B S:012E D:0E68 DB:86 NvmXdizC V:252 H: 87 F:19
		8280C8 ED 50 1E    SBC $1E50     [861E50] A:00A8 X:00A8 Y:009B S:012E D:0E68 DB:86 nvmXdizC V:252 H: 96 F:19
		8280CB 18          CLC                    A:00A8 X:00A8 Y:009B S:012E D:0E68 DB:86 nvmXdizC V:252 H:104 F:19
		8280CC 69 10 00    ADC #$0010             A:00A8 X:00A8 Y:009B S:012E D:0E68 DB:86 nvmXdizc V:252 H:107 F:19
		8280CF C9 00 01    CMP #$0100             A:00B8 X:00A8 Y:009B S:012E D:0E68 DB:86 nvmXdizc V:252 H:112 F:19
		8280D2 90 05       BCC $0005     [8280D9] A:00B8 X:00A8 Y:009B S:012E D:0E68 DB:86 NvmXdizc V:252 H:116 F:19
		8280D9 E2 20       SEP #$20               A:00B8 X:00A8 Y:009B S:012E D:0E68 DB:86 NvmXdizc V:252 H:121 F:19
		8280DB A9 81       LDA #$81               A:00B8 X:00A8 Y:009B S:012E D:0E68 DB:86 NvMXdizc V:252 H:125 F:19
		8280DD 85 0E       STA $0E       [000E76] A:0081 X:00A8 Y:009B S:012E D:0E68 DB:86 NvMXdizc V:252 H:128 F:19
		8280DF E2 30       SEP #$30               A:0081 X:00A8 Y:009B S:012E D:0E68 DB:86 NvMXdizc V:252 H:145 F:19
		8280E1 A6 12       LDX $12       [000E7A] A:0081 X:00A8 Y:009B S:012E D:0E68 DB:86 NvMXdizc V:252 H:149 F:19
		8280E3 10 02       BPL $0002     [8280E7] A:0081 X:0002 Y:009B S:012E D:0E68 DB:86 nvMXdizc V:252 H:156 F:19
		8280E7 7C EA 80    JMP ($80EA,X) [8280EC] A:0081 X:0002 Y:009B S:012E D:0E68 DB:86 nvMXdizc V:252 H:160 F:19

		828120 AD E9 00    LDA $00E9     [8600E9] A:0081 X:0002 Y:009B S:012E D:0E68 DB:86 nvMXdizc V:252 H:169 F:19
		828123 C9 20       CMP #$20               A:0000 X:0002 Y:009B S:012E D:0E68 DB:86 nvMXdiZc V:252 H:176 F:19
		828125 B0 0D       BCS $000D     [828134] A:0000 X:0002 Y:009B S:012E D:0E68 DB:86 NvMXdizc V:252 H:179 F:19
		828127 0A          ASL A                  A:0000 X:0002 Y:009B S:012E D:0E68 DB:86 NvMXdizc V:252 H:182 F:19
		828128 AA          TAX                    A:0000 X:0002 Y:009B S:012E D:0E68 DB:86 nvMXdiZc V:252 H:185 F:19
		828129 C2 20       REP #$20               A:0000 X:0000 Y:009B S:012E D:0E68 DB:86 nvMXdiZc V:252 H:188 F:19
		82812B 7B          TDC                    A:0000 X:0000 Y:009B S:012E D:0E68 DB:86 nvmXdiZc V:252 H:192 F:19
		82812C 9D A0 09    STA $09A0,X   [8609A0] A:0E68 X:0000 Y:009B S:012E D:0E68 DB:86 nvmXdizc V:252 H:195 F:19
		82812F E2 20       SEP #$20               A:0E68 X:0000 Y:009B S:012E D:0E68 DB:86 nvmXdizc V:252 H:205 F:19
		828131 EE E9 00    INC $00E9     [8600E9] A:0E68 X:0000 Y:009B S:012E D:0E68 DB:86 nvMXdizc V:252 H:210 F:19
		828134 6B          RTL                    A:0E68 X:0000 Y:009B S:012E D:0E68 DB:86 nvMXdizc V:252 H:220 F:19

	80F9CE 60          RTS                    A:0E68 X:0000 Y:009B S:0131 D:0E68 DB:86 nvMXdizc V:252 H:230 F:19

80D4F9 C2 21       REP #$21               A:0E68 X:0000 Y:009B S:0133 D:0E68 DB:86 nvMXdizc V:252 H:240 F:19
