80D4F6 20 30 D5    JSR $D530     [80D530] A:0E01 X:0000 Y:0095 S:0133 D:0E68 DB:86 nvMXdizC V:247 H:165 F:37

	80D530 C2 20       REP #$20               A:0E01 X:0000 Y:0095 S:0131 D:0E68 DB:86 nvMXdizC V:247 H:175 F:37
	80D532 A5 05       LDA $05       [000E6D] A:0E01 X:0000 Y:0095 S:0131 D:0E68 DB:86 nvmXdizC V:247 H:179 F:37
	80D534 85 22       STA $22       [000E8A] A:078C X:0000 Y:0095 S:0131 D:0E68 DB:86 nvmXdizC V:247 H:188 F:37
	80D536 A5 08       LDA $08       [000E70] A:078C X:0000 Y:0095 S:0131 D:0E68 DB:86 nvmXdizC V:247 H:196 F:37
	80D538 85 24       STA $24       [000E8C] A:00A8 X:0000 Y:0095 S:0131 D:0E68 DB:86 nvmXdizC V:247 H:205 F:37
	80D53A E2 20       SEP #$20               A:00A8 X:0000 Y:0095 S:0131 D:0E68 DB:86 nvmXdizC V:247 H:213 F:37
	80D53C A9 80       LDA #$80               A:00A8 X:0000 Y:0095 S:0131 D:0E68 DB:86 nvMXdizC V:247 H:218 F:37
	80D53E 14 0E       TRB $0E       [000E76] A:0080 X:0000 Y:0095 S:0131 D:0E68 DB:86 NvMXdizC V:247 H:221 F:37
	80D540 A5 0A       LDA $0A       [000E72] A:0080 X:0000 Y:0095 S:0131 D:0E68 DB:86 NvMXdizC V:247 H:231 F:37
	80D542 0A          ASL A                  A:0005 X:0000 Y:0095 S:0131 D:0E68 DB:86 nvMXdizC V:247 H:237 F:37
	80D543 AA          TAX                    A:000A X:0000 Y:0095 S:0131 D:0E68 DB:86 nvMXdizc V:247 H:240 F:37
	80D544 7C DD F8    JMP ($F8DD,X) [80F8E7] A:000A X:000A Y:0095 S:0131 D:0E68 DB:86 nvMXdizc V:247 H:243 F:37

	80F9CA 22 7E 8A 87 JSL $878A7E   [878A7E] A:000A X:000A Y:0095 S:0131 D:0E68 DB:86 nvMXdizc V:247 H:252 F:37

		878A7E A6 01       LDX $01       [000E69] A:000A X:000A Y:0095 S:012E D:0E68 DB:86 nvMXdizc V:247 H:266 F:37
		878A80 7C 83 8A    JMP ($8A83,X) [878A87] A:000A X:0004 Y:0095 S:012E D:0E68 DB:86 nvMXdizc V:247 H:272 F:37

		878C1A A5 33       LDA $33       [000E9B] A:000A X:0004 Y:0095 S:012E D:0E68 DB:86 nvMXdizc V:247 H:281 F:37
		878C1C 04 11       TSB $11       [000E79] A:0008 X:0004 Y:0095 S:012E D:0E68 DB:86 nvMXdizc V:247 H:288 F:37
		878C1E A6 02       LDX $02       [000E6A] A:0008 X:0004 Y:0095 S:012E D:0E68 DB:86 nvMXdizc V:247 H:298 F:37
		878C20 FC F2 8C    JSR ($8CF2,X) [878CF6] A:0008 X:0004 Y:0095 S:012E D:0E68 DB:86 nvMXdizc V:247 H:304 F:37

			878E5A A6 03       LDX $03       [000E6B] A:0008 X:0004 Y:0095 S:012C D:0E68 DB:86 nvMXdizc V:247 H:317 F:37
			878E5C 7C 5F 8E    JMP ($8E5F,X) [878E67] A:0008 X:0008 Y:0095 S:012C D:0E68 DB:86 nvMXdizc V:247 H:323 F:37

			878F05 22 A5 AC 84 JSL $84ACA5   [84ACA5] A:0008 X:0008 Y:0095 S:012C D:0E68 DB:86 nvMXdizc V:247 H:332 F:37		JSL $84ACA5 --> Update Facing (40 bit)

				84ACA5 08          PHP                    A:0008 X:0008 Y:0095 S:0129 D:0E68 DB:86 nvMXdizc V:248 H:  5 F:37
				84ACA6 E2 20       SEP #$20               A:0008 X:0008 Y:0095 S:0128 D:0E68 DB:86 nvMXdizc V:248 H: 10 F:37
				84ACA8 A9 40       LDA #$40               A:0008 X:0008 Y:0095 S:0128 D:0E68 DB:86 nvMXdizc V:248 H: 15 F:37
				84ACAA 14 11       TRB $11       [000E79] A:0040 X:0008 Y:0095 S:0128 D:0E68 DB:86 nvMXdizc V:248 H: 18 F:37
				84ACAC C2 20       REP #$20               A:0040 X:0008 Y:0095 S:0128 D:0E68 DB:86 nvMXdiZc V:248 H: 28 F:37
				84ACAE AD AD 0B    LDA $0BAD     [860BAD] A:0040 X:0008 Y:0095 S:0128 D:0E68 DB:86 nvmXdiZc V:248 H: 32 F:37
				84ACB1 38          SEC                    A:075C X:0008 Y:0095 S:0128 D:0E68 DB:86 nvmXdizc V:248 H: 41 F:37
				84ACB2 E5 05       SBC $05       [000E6D] A:075C X:0008 Y:0095 S:0128 D:0E68 DB:86 nvmXdizC V:248 H: 44 F:37
				84ACB4 E2 20       SEP #$20               A:FFD0 X:0008 Y:0095 S:0128 D:0E68 DB:86 NvmXdizc V:248 H: 52 F:37
				84ACB6 A9 00       LDA #$00               A:FFD0 X:0008 Y:0095 S:0128 D:0E68 DB:86 NvMXdizc V:248 H: 57 F:37
				84ACB8 6A          ROR A                  A:FF00 X:0008 Y:0095 S:0128 D:0E68 DB:86 nvMXdiZc V:248 H: 60 F:37
				84ACB9 4A          LSR A                  A:FF00 X:0008 Y:0095 S:0128 D:0E68 DB:86 nvMXdiZc V:248 H: 63 F:37
				84ACBA 04 11       TSB $11       [000E79] A:FF00 X:0008 Y:0095 S:0128 D:0E68 DB:86 nvMXdiZc V:248 H: 66 F:37
				84ACBC 28          PLP                    A:FF00 X:0008 Y:0095 S:0128 D:0E68 DB:86 nvMXdiZc V:248 H: 76 F:37
				84ACBD 6B          RTL                    A:FF00 X:0008 Y:0095 S:0129 D:0E68 DB:86 nvMXdizc V:248 H: 82 F:37

			878F09 22 EA 8E 84 JSL $848EEA   [848EEA] A:FF00 X:0008 Y:0095 S:012C D:0E68 DB:86 nvMXdizc V:248 H: 93 F:37		JSL $848EEA --> Decrease CDSkel, Continue Skeleton

				848EEA 08          PHP                    A:FF00 X:0008 Y:0095 S:0129 D:0E68 DB:86 nvMXdizc V:248 H:106 F:37
				848EEB 8B          PHB                    A:FF00 X:0008 Y:0095 S:0128 D:0E68 DB:86 nvMXdizc V:248 H:111 F:37
				848EEC E2 30       SEP #$30               A:FF00 X:0008 Y:0095 S:0127 D:0E68 DB:86 nvMXdizc V:248 H:116 F:37
				848EEE C6 13       DEC $13       [000E7B] A:FF00 X:0008 Y:0095 S:0127 D:0E68 DB:86 nvMXdizc V:248 H:121 F:37
				848EF0 D0 5D       BNE $005D     [848F4F] A:FF00 X:0008 Y:0095 S:0127 D:0E68 DB:86 nvMXdizc V:248 H:131 F:37
				848F4F AB          PLB                    A:FF00 X:0008 Y:0095 S:0127 D:0E68 DB:86 nvMXdizc V:248 H:145 F:37
				848F50 28          PLP                    A:FF00 X:0008 Y:0095 S:0128 D:0E68 DB:86 NvMXdizc V:248 H:152 F:37
				848F51 6B          RTL                    A:FF00 X:0008 Y:0095 S:0129 D:0E68 DB:86 nvMXdizc V:248 H:158 F:37

			878F0D C6 34       DEC $34       [000E9C] A:FF00 X:0008 Y:0095 S:012C D:0E68 DB:86 nvMXdizc V:248 H:169 F:37		Decrease E-CD2 = #$07
			878F0F D0 31       BNE $0031     [878F42] A:FF00 X:0008 Y:0095 S:012C D:0E68 DB:86 nvMXdizc V:248 H:179 F:37		Branch because E-CD2 <> #$00
			878F42 20 13 91    JSR $9113     [879113] A:FF00 X:0008 Y:0095 S:012C D:0E68 DB:86 nvMXdizc V:248 H:183 F:37

				879113 A9 20       LDA #$20               A:FF00 X:0008 Y:0095 S:012A D:0E68 DB:86 nvMXdizc V:248 H:193 F:37
				879115 8D 00 00    STA $0000     [860000] A:FF20 X:0008 Y:0095 S:012A D:0E68 DB:86 nvMXdizc V:248 H:196 F:37
				879118 9C 01 00    STZ $0001     [860001] A:FF20 X:0008 Y:0095 S:012A D:0E68 DB:86 nvMXdizc V:248 H:203 F:37
				87911B 20 31 91    JSR $9131     [879131] A:FF20 X:0008 Y:0095 S:012A D:0E68 DB:86 nvMXdizc V:248 H:209 F:37	JSR $879131 --> If (E-BoomOut ORA E-GrabMMX ORA StageEndAction ORA BossBeatInv) = #$00, If |X-Distance| < $0000 Then [Document], Else A = #$00

					879131 A5 35       LDA $35       [000E9D] A:FF20 X:0008 Y:0095 S:0128 D:0E68 DB:86 nvMXdizc V:248 H:219 F:37
					879133 05 3C       ORA $3C       [000EA4] A:FF00 X:0008 Y:0095 S:0128 D:0E68 DB:86 nvMXdiZc V:248 H:226 F:37
					879135 0D 32 0C    ORA $0C32     [860C32] A:FF00 X:0008 Y:0095 S:0128 D:0E68 DB:86 nvMXdiZc V:248 H:232 F:37
					879138 0D 0C 1F    ORA $1F0C     [861F0C] A:FF00 X:0008 Y:0095 S:0128 D:0E68 DB:86 nvMXdiZc V:248 H:239 F:37
					87913B D0 30       BNE $0030     [87916D] A:FF00 X:0008 Y:0095 S:0128 D:0E68 DB:86 nvMXdiZc V:248 H:245 F:37
					87913D C2 20       REP #$20               A:FF00 X:0008 Y:0095 S:0128 D:0E68 DB:86 nvMXdiZc V:248 H:248 F:37
					87913F AD AD 0B    LDA $0BAD     [860BAD] A:FF00 X:0008 Y:0095 S:0128 D:0E68 DB:86 nvmXdiZc V:248 H:253 F:37
					879142 38          SEC                    A:075C X:0008 Y:0095 S:0128 D:0E68 DB:86 nvmXdizc V:248 H:261 F:37
					879143 E5 05       SBC $05       [000E6D] A:075C X:0008 Y:0095 S:0128 D:0E68 DB:86 nvmXdizC V:248 H:264 F:37
					879145 B0 13       BCS $0013     [87915A] A:FFD0 X:0008 Y:0095 S:0128 D:0E68 DB:86 NvmXdizc V:248 H:273 F:37
					879147 49 FF FF    EOR #$FFFF             A:FFD0 X:0008 Y:0095 S:0128 D:0E68 DB:86 NvmXdizc V:248 H:276 F:37
					87914A 1A          INC                    A:002F X:0008 Y:0095 S:0128 D:0E68 DB:86 nvmXdizc V:248 H:280 F:37
					87914B CD 00 00    CMP $0000     [860000] A:0030 X:0008 Y:0095 S:0128 D:0E68 DB:86 nvmXdizc V:248 H:283 F:37
					87914E E2 20       SEP #$20               A:0030 X:0008 Y:0095 S:0128 D:0E68 DB:86 nvmXdizC V:248 H:292 F:37
					879150 B0 1B       BCS $001B     [87916D] A:0030 X:0008 Y:0095 S:0128 D:0E68 DB:86 nvMXdizC V:248 H:296 F:37
					87916D A9 00       LDA #$00               A:0030 X:0008 Y:0095 S:0128 D:0E68 DB:86 nvMXdizC V:248 H:301 F:37
					87916F 60          RTS                    A:0000 X:0008 Y:0095 S:0128 D:0E68 DB:86 nvMXdiZC V:248 H:304 F:37

				87911E F0 08       BEQ $0008     [879128] A:0000 X:0008 Y:0095 S:012A D:0E68 DB:86 nvMXdiZC V:248 H:314 F:37	Branch because A = #$00
				879128 60          RTS                    A:0000 X:0008 Y:0095 S:012A D:0E68 DB:86 nvMXdiZC V:248 H:318 F:37	Return

			878F45 60          RTS                    A:0000 X:0008 Y:0095 S:012C D:0E68 DB:86 nvMXdiZC V:248 H:327 F:37

		878C23 A5 37       LDA $37       [000E9F] A:0000 X:0008 Y:0095 S:012E D:0E68 DB:86 nvMXdiZC V:248 H:337 F:37
