80D4F6 20 30 D5    JSR $D530     [80D530] A:0E01 X:0000 Y:0097 S:0133 D:0E68 DB:86 nvMXdizC V:247 H:217 F:48

	80D530 C2 20       REP #$20               A:0E01 X:0000 Y:0097 S:0131 D:0E68 DB:86 nvMXdizC V:247 H:227 F:48
	80D532 A5 05       LDA $05       [000E6D] A:0E01 X:0000 Y:0097 S:0131 D:0E68 DB:86 nvmXdizC V:247 H:231 F:48
	80D534 85 22       STA $22       [000E8A] A:075C X:0000 Y:0097 S:0131 D:0E68 DB:86 nvmXdizC V:247 H:240 F:48
	80D536 A5 08       LDA $08       [000E70] A:075C X:0000 Y:0097 S:0131 D:0E68 DB:86 nvmXdizC V:247 H:248 F:48
	80D538 85 24       STA $24       [000E8C] A:00A8 X:0000 Y:0097 S:0131 D:0E68 DB:86 nvmXdizC V:247 H:257 F:48
	80D53A E2 20       SEP #$20               A:00A8 X:0000 Y:0097 S:0131 D:0E68 DB:86 nvmXdizC V:247 H:265 F:48
	80D53C A9 80       LDA #$80               A:00A8 X:0000 Y:0097 S:0131 D:0E68 DB:86 nvMXdizC V:247 H:270 F:48
	80D53E 14 0E       TRB $0E       [000E76] A:0080 X:0000 Y:0097 S:0131 D:0E68 DB:86 NvMXdizC V:247 H:273 F:48
	80D540 A5 0A       LDA $0A       [000E72] A:0080 X:0000 Y:0097 S:0131 D:0E68 DB:86 NvMXdiZC V:247 H:283 F:48
	80D542 0A          ASL A                  A:0005 X:0000 Y:0097 S:0131 D:0E68 DB:86 nvMXdizC V:247 H:289 F:48
	80D543 AA          TAX                    A:000A X:0000 Y:0097 S:0131 D:0E68 DB:86 nvMXdizc V:247 H:292 F:48
	80D544 7C DD F8    JMP ($F8DD,X) [80F8E7] A:000A X:000A Y:0097 S:0131 D:0E68 DB:86 nvMXdizc V:247 H:295 F:48

	80F9CA 22 7E 8A 87 JSL $878A7E   [878A7E] A:000A X:000A Y:0097 S:0131 D:0E68 DB:86 nvMXdizc V:247 H:304 F:48

		878A7E A6 01       LDX $01       [000E69] A:000A X:000A Y:0097 S:012E D:0E68 DB:86 nvMXdizc V:247 H:318 F:48
		878A80 7C 83 8A    JMP ($8A83,X) [878A87] A:000A X:0004 Y:0097 S:012E D:0E68 DB:86 nvMXdizc V:247 H:324 F:48

		878C1A A5 33       LDA $33       [000E9B] A:000A X:0004 Y:0097 S:012E D:0E68 DB:86 nvMXdizc V:247 H:332 F:48
		878C1C 04 11       TSB $11       [000E79] A:0008 X:0004 Y:0097 S:012E D:0E68 DB:86 nvMXdizc V:247 H:339 F:48
		878C1E A6 02       LDX $02       [000E6A] A:0008 X:0004 Y:0097 S:012E D:0E68 DB:86 nvMXdizc V:248 H:  9 F:48
		878C20 FC F2 8C    JSR ($8CF2,X) [878CF6] A:0008 X:0004 Y:0097 S:012E D:0E68 DB:86 nvMXdizc V:248 H: 15 F:48

			878E5A A6 03       LDX $03       [000E6B] A:0008 X:0004 Y:0097 S:012C D:0E68 DB:86 nvMXdizc V:248 H: 28 F:48
			878E5C 7C 5F 8E    JMP ($8E5F,X) [878E61] A:0008 X:0002 Y:0097 S:012C D:0E68 DB:86 nvMXdizc V:248 H: 35 F:48

			878E8F A5 0F       LDA $0F       [000E77] A:0008 X:0002 Y:0097 S:012C D:0E68 DB:86 nvMXdizc V:248 H: 44 F:48
			878E91 10 0D       BPL $000D     [878EA0] A:0080 X:0002 Y:0097 S:012C D:0E68 DB:86 NvMXdizc V:248 H: 50 F:48	Branch if SkelAction is positive
			878E93 A5 39       LDA $39       [000EA1] A:0080 X:0002 Y:0097 S:012C D:0E68 DB:86 NvMXdizc V:248 H: 53 F:48
			878E95 D0 08       BNE $0008     [878E9F] A:0013 X:0002 Y:0097 S:012C D:0E68 DB:86 nvMXdizc V:248 H: 60 F:48	Branch because E-CDTeleport <> #$00
			878E9F 60          RTS                    A:0013 X:0002 Y:0097 S:012C D:0E68 DB:86 nvMXdizc V:248 H: 64 F:48	Return

		878C23 A5 37       LDA $37       [000E9F] A:0013 X:0002 Y:0097 S:012E D:0E68 DB:86 nvMXdizc V:248 H: 74 F:48
		878C25 F0 12       BEQ $0012     [878C39] A:0000 X:0002 Y:0097 S:012E D:0E68 DB:86 nvMXdiZc V:248 H: 81 F:48		Branch because E-GrabBoom = #$00
		878C39 A9 0D       LDA #$0D               A:0000 X:0002 Y:0097 S:012E D:0E68 DB:86 nvMXdiZc V:248 H: 85 F:48
		878C3B A6 3D       LDX $3D       [000EA5] A:000D X:0002 Y:0097 S:012E D:0E68 DB:86 nvMXdizc V:248 H: 88 F:48
		878C3D F0 02       BEQ $0002     [878C41] A:000D X:0000 Y:0097 S:012E D:0E68 DB:86 nvMXdiZc V:248 H: 95 F:48		Branch because E-$3D = #$00
		878C41 85 28       STA $28       [000E90] A:000D X:0000 Y:0097 S:012E D:0E68 DB:86 nvMXdiZc V:248 H: 99 F:48		E-DamageState = #$0D (Normal)
		878C43 AD DB 0B    LDA $0BDB     [860BDB] A:000D X:0000 Y:0097 S:012E D:0E68 DB:86 nvMXdiZc V:248 H:106 F:48
		878C46 C9 02       CMP #$02               A:0000 X:0000 Y:0097 S:012E D:0E68 DB:86 nvMXdiZc V:248 H:112 F:48
		878C48 F0 04       BEQ $0004     [878C4E] A:0000 X:0000 Y:0097 S:012E D:0E68 DB:86 NvMXdizc V:248 H:115 F:48		Branch if CurrentWeapon = #$02 (Homing Torpedo)
		878C4A A5 38       LDA $38       [000EA0] A:0000 X:0000 Y:0097 S:012E D:0E68 DB:86 NvMXdizc V:248 H:118 F:48
		878C4C D0 4D       BNE $004D     [878C9B] A:0001 X:0000 Y:0097 S:012E D:0E68 DB:86 nvMXdizc V:248 H:125 F:48		Branch (Skip "if hit" check) because E-Teleporting <> #$00
		878C9B A5 3D       LDA $3D       [000EA5] A:0001 X:0000 Y:0097 S:012E D:0E68 DB:86 nvMXdizc V:248 H:129 F:48
		878C9D F0 0B       BEQ $000B     [878CAA] A:0000 X:0000 Y:0097 S:012E D:0E68 DB:86 nvMXdiZc V:248 H:146 F:48		Branch because E-$3D = #400
		878CAA A5 27       LDA $27       [000E8F] A:0000 X:0000 Y:0097 S:012E D:0E68 DB:86 nvMXdiZc V:248 H:150 F:48
		878CAC 29 7F       AND #$7F               A:0020 X:0000 Y:0097 S:012E D:0E68 DB:86 nvMXdizc V:248 H:157 F:48
		878CAE D0 19       BNE $0019     [878CC9] A:0020 X:0000 Y:0097 S:012E D:0E68 DB:86 nvMXdizc V:248 H:160 F:48		Branch because E-HP AND #$7F <> #$00
		878CC9 A5 38       LDA $38       [000EA0] A:0020 X:0000 Y:0097 S:012E D:0E68 DB:86 nvMXdizc V:248 H:164 F:48
		878CCB D0 13       BNE $0013     [878CE0] A:0001 X:0000 Y:0097 S:012E D:0E68 DB:86 nvMXdizc V:248 H:171 F:48		Branch because E-Teleporting <> #$00
		878CE0 20 70 91    JSR $9170     [879170] A:0001 X:0000 Y:0097 S:012E D:0E68 DB:86 nvMXdizc V:248 H:175 F:48

			879170 A5 3C       LDA $3C       [000EA4] A:0001 X:0000 Y:0097 S:012C D:0E68 DB:86 nvMXdizc V:248 H:185 F:48
			879172 10 32       BPL $0032     [8791A6] A:0000 X:0000 Y:0097 S:012C D:0E68 DB:86 nvMXdiZc V:248 H:192 F:48	Branch because GrabMMX is positive
			8791A6 60          RTS                    A:0000 X:0000 Y:0097 S:012C D:0E68 DB:86 nvMXdiZc V:248 H:196 F:48

		878CE3 A5 39       LDA $39       [000EA1] A:0000 X:0000 Y:0097 S:012E D:0E68 DB:86 nvMXdiZc V:248 H:206 F:48
		878CE5 F0 07       BEQ $0007     [878CEE] A:0013 X:0000 Y:0097 S:012E D:0E68 DB:86 nvMXdizc V:248 H:213 F:48		Branch if E-CDTeleport = #$00
		878CE7 3A          DEC                    A:0013 X:0000 Y:0097 S:012E D:0E68 DB:86 nvMXdizc V:248 H:216 F:48
		878CE8 85 39       STA $39       [000EA1] A:0012 X:0000 Y:0097 S:012E D:0E68 DB:86 nvMXdizc V:248 H:219 F:48		Decrease E-CDTeleport
		878CEA 4A          LSR A                  A:0012 X:0000 Y:0097 S:012E D:0E68 DB:86 nvMXdizc V:248 H:225 F:48
		878CEB 90 01       BCC $0001     [878CEE] A:0009 X:0000 Y:0097 S:012E D:0E68 DB:86 nvMXdizc V:248 H:228 F:48		Branch (Skip) if E-CDTeleport is even
		878CEE 5C B4 80 82 JML $8280B4   [8280B4] A:0009 X:0000 Y:0097 S:012E D:0E68 DB:86 nvMXdizc V:248 H:233 F:48		JML $8280B4 --> Display enemy?
		
		8280B4 C2 20       REP #$20               A:0009 X:0000 Y:0097 S:012E D:0E68 DB:86 nvMXdizc V:248 H:239 F:48
		8280B6 38          SEC                    A:0009 X:0000 Y:0097 S:012E D:0E68 DB:86 nvmXdizc V:248 H:243 F:48
		8280B7 A5 05       LDA $05       [000E6D] A:0009 X:0000 Y:0097 S:012E D:0E68 DB:86 nvmXdizC V:248 H:246 F:48
		8280B9 ED 4D 1E    SBC $1E4D     [861E4D] A:075C X:0000 Y:0097 S:012E D:0E68 DB:86 nvmXdizC V:248 H:255 F:48
		8280BC 18          CLC                    A:005C X:0000 Y:0097 S:012E D:0E68 DB:86 nvmXdizC V:248 H:263 F:48
		8280BD 69 20 00    ADC #$0020             A:005C X:0000 Y:0097 S:012E D:0E68 DB:86 nvmXdizc V:248 H:266 F:48
		8280C0 C9 40 01    CMP #$0140             A:007C X:0000 Y:0097 S:012E D:0E68 DB:86 nvmXdizc V:248 H:271 F:48
		8280C3 B0 0F       BCS $000F     [8280D4] A:007C X:0000 Y:0097 S:012E D:0E68 DB:86 NvmXdizc V:248 H:275 F:48
		8280C5 38          SEC                    A:007C X:0000 Y:0097 S:012E D:0E68 DB:86 NvmXdizc V:248 H:278 F:48
		8280C6 A5 08       LDA $08       [000E70] A:007C X:0000 Y:0097 S:012E D:0E68 DB:86 NvmXdizC V:248 H:281 F:48
		8280C8 ED 50 1E    SBC $1E50     [861E50] A:00A8 X:0000 Y:0097 S:012E D:0E68 DB:86 nvmXdizC V:248 H:290 F:48
		8280CB 18          CLC                    A:00A8 X:0000 Y:0097 S:012E D:0E68 DB:86 nvmXdizC V:248 H:298 F:48
		8280CC 69 10 00    ADC #$0010             A:00A8 X:0000 Y:0097 S:012E D:0E68 DB:86 nvmXdizc V:248 H:301 F:48
		8280CF C9 00 01    CMP #$0100             A:00B8 X:0000 Y:0097 S:012E D:0E68 DB:86 nvmXdizc V:248 H:306 F:48
		8280D2 90 05       BCC $0005     [8280D9] A:00B8 X:0000 Y:0097 S:012E D:0E68 DB:86 NvmXdizc V:248 H:310 F:48
		8280D9 E2 20       SEP #$20               A:00B8 X:0000 Y:0097 S:012E D:0E68 DB:86 NvmXdizc V:248 H:315 F:48
		8280DB A9 81       LDA #$81               A:00B8 X:0000 Y:0097 S:012E D:0E68 DB:86 NvMXdizc V:248 H:319 F:48
		8280DD 85 0E       STA $0E       [000E76] A:0081 X:0000 Y:0097 S:012E D:0E68 DB:86 NvMXdizc V:248 H:322 F:48
		8280DF E2 30       SEP #$30               A:0081 X:0000 Y:0097 S:012E D:0E68 DB:86 NvMXdizc V:248 H:328 F:48
		8280E1 A6 12       LDX $12       [000E7A] A:0081 X:0000 Y:0097 S:012E D:0E68 DB:86 NvMXdizc V:248 H:332 F:48
		8280E3 10 02       BPL $0002     [8280E7] A:0081 X:0002 Y:0097 S:012E D:0E68 DB:86 nvMXdizc V:248 H:339 F:48
		8280E7 7C EA 80    JMP ($80EA,X) [8280EC] A:0081 X:0002 Y:0097 S:012E D:0E68 DB:86 nvMXdizc V:249 H:  3 F:48

		828120 AD E9 00    LDA $00E9     [8600E9] A:0081 X:0002 Y:0097 S:012E D:0E68 DB:86 nvMXdizc V:249 H: 12 F:48
		828123 C9 20       CMP #$20               A:0000 X:0002 Y:0097 S:012E D:0E68 DB:86 nvMXdiZc V:249 H: 19 F:48
		828125 B0 0D       BCS $000D     [828134] A:0000 X:0002 Y:0097 S:012E D:0E68 DB:86 NvMXdizc V:249 H: 22 F:48
		828127 0A          ASL A                  A:0000 X:0002 Y:0097 S:012E D:0E68 DB:86 NvMXdizc V:249 H: 25 F:48
		828128 AA          TAX                    A:0000 X:0002 Y:0097 S:012E D:0E68 DB:86 nvMXdiZc V:249 H: 28 F:48
		828129 C2 20       REP #$20               A:0000 X:0000 Y:0097 S:012E D:0E68 DB:86 nvMXdiZc V:249 H: 31 F:48
		82812B 7B          TDC                    A:0000 X:0000 Y:0097 S:012E D:0E68 DB:86 nvmXdiZc V:249 H: 35 F:48
		82812C 9D A0 09    STA $09A0,X   [8609A0] A:0E68 X:0000 Y:0097 S:012E D:0E68 DB:86 nvmXdizc V:249 H: 38 F:48
		82812F E2 20       SEP #$20               A:0E68 X:0000 Y:0097 S:012E D:0E68 DB:86 nvmXdizc V:249 H: 48 F:48
		828131 EE E9 00    INC $00E9     [8600E9] A:0E68 X:0000 Y:0097 S:012E D:0E68 DB:86 nvMXdizc V:249 H: 53 F:48
		828134 6B          RTL                    A:0E68 X:0000 Y:0097 S:012E D:0E68 DB:86 nvMXdizc V:249 H: 63 F:48

	80F9CE 60          RTS                    A:0E68 X:0000 Y:0097 S:0131 D:0E68 DB:86 nvMXdizc V:249 H: 73 F:48

80D4F9 C2 21       REP #$21               A:0E68 X:0000 Y:0097 S:0133 D:0E68 DB:86 nvMXdizc V:249 H: 83 F:48
