80D4F6 20 30 D5    JSR $D530     [80D530] A:0E01 X:0000 Y:0095 S:0133 D:0E68 DB:86 nvMXdizC V:247 H:167 F:36

	80D530 C2 20       REP #$20               A:0E01 X:0000 Y:0095 S:0131 D:0E68 DB:86 nvMXdizC V:247 H:177 F:36
	80D532 A5 05       LDA $05       [000E6D] A:0E01 X:0000 Y:0095 S:0131 D:0E68 DB:86 nvmXdizC V:247 H:182 F:36
	80D534 85 22       STA $22       [000E8A] A:078C X:0000 Y:0095 S:0131 D:0E68 DB:86 nvmXdizC V:247 H:190 F:36
	80D536 A5 08       LDA $08       [000E70] A:078C X:0000 Y:0095 S:0131 D:0E68 DB:86 nvmXdizC V:247 H:199 F:36
	80D538 85 24       STA $24       [000E8C] A:00A8 X:0000 Y:0095 S:0131 D:0E68 DB:86 nvmXdizC V:247 H:207 F:36
	80D53A E2 20       SEP #$20               A:00A8 X:0000 Y:0095 S:0131 D:0E68 DB:86 nvmXdizC V:247 H:216 F:36
	80D53C A9 80       LDA #$80               A:00A8 X:0000 Y:0095 S:0131 D:0E68 DB:86 nvMXdizC V:247 H:220 F:36
	80D53E 14 0E       TRB $0E       [000E76] A:0080 X:0000 Y:0095 S:0131 D:0E68 DB:86 NvMXdizC V:247 H:223 F:36
	80D540 A5 0A       LDA $0A       [000E72] A:0080 X:0000 Y:0095 S:0131 D:0E68 DB:86 NvMXdizC V:247 H:233 F:36
	80D542 0A          ASL A                  A:0005 X:0000 Y:0095 S:0131 D:0E68 DB:86 nvMXdizC V:247 H:240 F:36
	80D543 AA          TAX                    A:000A X:0000 Y:0095 S:0131 D:0E68 DB:86 nvMXdizc V:247 H:243 F:36
	80D544 7C DD F8    JMP ($F8DD,X) [80F8E7] A:000A X:000A Y:0095 S:0131 D:0E68 DB:86 nvMXdizc V:247 H:246 F:36

	80F9CA 22 7E 8A 87 JSL $878A7E   [878A7E] A:000A X:000A Y:0095 S:0131 D:0E68 DB:86 nvMXdizc V:247 H:255 F:36

		878A7E A6 01       LDX $01       [000E69] A:000A X:000A Y:0095 S:012E D:0E68 DB:86 nvMXdizc V:247 H:268 F:36
		878A80 7C 83 8A    JMP ($8A83,X) [878A87] A:000A X:0004 Y:0095 S:012E D:0E68 DB:86 nvMXdizc V:247 H:275 F:36

		878C1A A5 33       LDA $33       [000E9B] A:000A X:0004 Y:0095 S:012E D:0E68 DB:86 nvMXdizc V:247 H:284 F:36
		878C1C 04 11       TSB $11       [000E79] A:0008 X:0004 Y:0095 S:012E D:0E68 DB:86 nvMXdizc V:247 H:290 F:36
		878C1E A6 02       LDX $02       [000E6A] A:0008 X:0004 Y:0095 S:012E D:0E68 DB:86 nvMXdizc V:247 H:300 F:36
		878C20 FC F2 8C    JSR ($8CF2,X) [878CF6] A:0008 X:0004 Y:0095 S:012E D:0E68 DB:86 nvMXdizc V:247 H:307 F:36

			878E5A A6 03       LDX $03       [000E6B] A:0008 X:0004 Y:0095 S:012C D:0E68 DB:86 nvMXdizc V:247 H:320 F:36
			878E5C 7C 5F 8E    JMP ($8E5F,X) [878E65] A:0008 X:0006 Y:0095 S:012C D:0E68 DB:86 nvMXdizc V:247 H:326 F:36

			878EEC 22 A5 AC 84 JSL $84ACA5   [84ACA5] A:0008 X:0006 Y:0095 S:012C D:0E68 DB:86 nvMXdizc V:247 H:334 F:36	JSL $84ACA5 --> Update Facing (40 bit)

				84ACA5 08          PHP                    A:0008 X:0006 Y:0095 S:0129 D:0E68 DB:86 nvMXdizc V:248 H:  8 F:36
				84ACA6 E2 20       SEP #$20               A:0008 X:0006 Y:0095 S:0128 D:0E68 DB:86 nvMXdizc V:248 H: 13 F:36
				84ACA8 A9 40       LDA #$40               A:0008 X:0006 Y:0095 S:0128 D:0E68 DB:86 nvMXdizc V:248 H: 17 F:36
				84ACAA 14 11       TRB $11       [000E79] A:0040 X:0006 Y:0095 S:0128 D:0E68 DB:86 nvMXdizc V:248 H: 20 F:36
				84ACAC C2 20       REP #$20               A:0040 X:0006 Y:0095 S:0128 D:0E68 DB:86 nvMXdiZc V:248 H: 30 F:36
				84ACAE AD AD 0B    LDA $0BAD     [860BAD] A:0040 X:0006 Y:0095 S:0128 D:0E68 DB:86 nvmXdiZc V:248 H: 35 F:36
				84ACB1 38          SEC                    A:075C X:0006 Y:0095 S:0128 D:0E68 DB:86 nvmXdizc V:248 H: 43 F:36
				84ACB2 E5 05       SBC $05       [000E6D] A:075C X:0006 Y:0095 S:0128 D:0E68 DB:86 nvmXdizC V:248 H: 46 F:36
				84ACB4 E2 20       SEP #$20               A:FFD0 X:0006 Y:0095 S:0128 D:0E68 DB:86 NvmXdizc V:248 H: 55 F:36
				84ACB6 A9 00       LDA #$00               A:FFD0 X:0006 Y:0095 S:0128 D:0E68 DB:86 NvMXdizc V:248 H: 59 F:36
				84ACB8 6A          ROR A                  A:FF00 X:0006 Y:0095 S:0128 D:0E68 DB:86 nvMXdiZc V:248 H: 62 F:36
				84ACB9 4A          LSR A                  A:FF00 X:0006 Y:0095 S:0128 D:0E68 DB:86 nvMXdiZc V:248 H: 65 F:36
				84ACBA 04 11       TSB $11       [000E79] A:FF00 X:0006 Y:0095 S:0128 D:0E68 DB:86 nvMXdiZc V:248 H: 68 F:36
				84ACBC 28          PLP                    A:FF00 X:0006 Y:0095 S:0128 D:0E68 DB:86 nvMXdiZc V:248 H: 78 F:36
				84ACBD 6B          RTL                    A:FF00 X:0006 Y:0095 S:0129 D:0E68 DB:86 nvMXdizc V:248 H: 85 F:36

			878EF0 A5 39       LDA $39       [000EA1] A:FF00 X:0006 Y:0095 S:012C D:0E68 DB:86 nvMXdizc V:248 H: 95 F:36
			878EF2 D0 10       BNE $0010     [878F04] A:FF00 X:0006 Y:0095 S:012C D:0E68 DB:86 nvMXdiZc V:248 H:102 F:36	Branch if E-CDTeleport <> #$00
			878EF4 A9 00       LDA #$00               A:FF00 X:0006 Y:0095 S:012C D:0E68 DB:86 nvMXdiZc V:248 H:105 F:36
			878EF6 22 07 8F 84 JSL $848F07   [848F07] A:FF00 X:0006 Y:0095 S:012C D:0E68 DB:86 nvMXdiZc V:248 H:108 F:36	JSL $848F07 --> Skeleton Load (SkelPoint = #$75, A=14)

				848F07 08          PHP                    A:FF00 X:0006 Y:0095 S:0129 D:0E68 DB:86 nvMXdiZc V:248 H:121 F:36
				848F08 8B          PHB                    A:FF00 X:0006 Y:0095 S:0128 D:0E68 DB:86 nvMXdiZc V:248 H:126 F:36
				848F09 C2 30       REP #$30               A:FF00 X:0006 Y:0095 S:0127 D:0E68 DB:86 nvMXdiZc V:248 H:131 F:36
				848F0B 8D 0E 00    STA $000E     [86000E] A:FF00 X:0006 Y:0095 S:0127 D:0E68 DB:86 nvmxdiZc V:248 H:146 F:36
				848F0E A5 16       LDA $16       [000E7E] A:FF00 X:0006 Y:0095 S:0127 D:0E68 DB:86 nvmxdiZc V:248 H:154 F:36
				848F10 29 FF 00    AND #$00FF             A:8575 X:0006 Y:0095 S:0127 D:0E68 DB:86 Nvmxdizc V:248 H:163 F:36
				848F13 8D 0C 00    STA $000C     [86000C] A:0075 X:0006 Y:0095 S:0127 D:0E68 DB:86 nvmxdizc V:248 H:167 F:36
				848F16 0A          ASL A                  A:0075 X:0006 Y:0095 S:0127 D:0E68 DB:86 nvmxdizc V:248 H:176 F:36
				848F17 18          CLC                    A:00EA X:0006 Y:0095 S:0127 D:0E68 DB:86 nvmxdizc V:248 H:179 F:36
				848F18 6D 0C 00    ADC $000C     [86000C] A:00EA X:0006 Y:0095 S:0127 D:0E68 DB:86 nvmxdizc V:248 H:182 F:36
				848F1B AA          TAX                    A:015F X:0006 Y:0095 S:0127 D:0E68 DB:86 nvmxdizc V:248 H:190 F:36
				848F1C BF 00 A0 AF LDA $AFA000,X [AFA15F] A:015F X:015F Y:0095 S:0127 D:0E68 DB:86 nvmxdizc V:248 H:193 F:36
				848F20 85 14       STA $14       [000E7C] A:D367 X:015F Y:0095 S:0127 D:0E68 DB:86 Nvmxdizc V:248 H:202 F:36
				848F22 E2 20       SEP #$20               A:D367 X:015F Y:0095 S:0127 D:0E68 DB:86 Nvmxdizc V:248 H:211 F:36
				848F24 BF 02 A0 AF LDA $AFA002,X [AFA161] A:D367 X:015F Y:0095 S:0127 D:0E68 DB:86 NvMxdizc V:248 H:215 F:36
				848F28 48          PHA                    A:D3AF X:015F Y:0095 S:0127 D:0E68 DB:86 NvMxdizc V:248 H:223 F:36
				848F29 AB          PLB                    A:D3AF X:015F Y:0095 S:0126 D:0E68 DB:86 NvMxdizc V:248 H:228 F:36
				848F2A C2 20       REP #$20               A:D3AF X:015F Y:0095 S:0127 D:0E68 DB:AF NvMxdizc V:248 H:234 F:36
				848F2C AD 0E 00    LDA $000E     [AF000E] A:D3AF X:015F Y:0095 S:0127 D:0E68 DB:AF Nvmxdizc V:248 H:239 F:36
				848F2F 29 FF 00    AND #$00FF             A:FF00 X:015F Y:0095 S:0127 D:0E68 DB:AF Nvmxdizc V:248 H:247 F:36
				848F32 0A          ASL A                  A:0000 X:015F Y:0095 S:0127 D:0E68 DB:AF nvmxdiZc V:248 H:252 F:36
				848F33 A8          TAY                    A:0000 X:015F Y:0095 S:0127 D:0E68 DB:AF nvmxdiZc V:248 H:255 F:36
				848F34 B1 14       LDA ($14),Y   [AFD367] A:0000 X:015F Y:0000 S:0127 D:0E68 DB:AF nvmxdiZc V:248 H:258 F:36
				848F36 65 14       ADC $14       [000E7C] A:003A X:015F Y:0000 S:0127 D:0E68 DB:AF nvmxdizc V:248 H:271 F:36
				848F38 85 14       STA $14       [000E7C] A:D3A1 X:015F Y:0000 S:0127 D:0E68 DB:AF Nvmxdizc V:248 H:279 F:36
				848F3A E2 30       SEP #$30               A:D3A1 X:015F Y:0000 S:0127 D:0E68 DB:AF Nvmxdizc V:248 H:288 F:36
				848F3C B2 14       LDA ($14)     [AFD3A1] A:D3A1 X:005F Y:0000 S:0127 D:0E68 DB:AF NvMXdizc V:248 H:292 F:36	Skeleton start: [AFD3A1]
				848F3E 85 13       STA $13       [000E7B] A:D30B X:005F Y:0000 S:0127 D:0E68 DB:AF nvMXdizc V:248 H:302 F:36
				848F40 A0 01       LDY #$01               A:D30B X:005F Y:0000 S:0127 D:0E68 DB:AF nvMXdizc V:248 H:309 F:36
				848F42 B1 14       LDA ($14),Y   [AFD3A2] A:D30B X:005F Y:0001 S:0127 D:0E68 DB:AF nvMXdizc V:248 H:312 F:36
				848F44 85 0F       STA $0F       [000E77] A:D300 X:005F Y:0001 S:0127 D:0E68 DB:AF nvMXdiZc V:248 H:322 F:36
				848F46 C8          INY                    A:D300 X:005F Y:0001 S:0127 D:0E68 DB:AF nvMXdiZc V:248 H:327 F:36
				848F47 B1 14       LDA ($14),Y   [AFD3A3] A:D300 X:005F Y:0002 S:0127 D:0E68 DB:AF nvMXdizc V:248 H:330 F:36
				848F49 85 17       STA $17       [000E7F] A:D300 X:005F Y:0002 S:0127 D:0E68 DB:AF nvMXdiZc V:249 H:  0 F:36
				848F4B A9 80       LDA #$80               A:D300 X:005F Y:0002 S:0127 D:0E68 DB:AF nvMXdiZc V:249 H:  7 F:36
				848F4D 04 17       TSB $17       [000E7F] A:D380 X:005F Y:0002 S:0127 D:0E68 DB:AF NvMXdizc V:249 H: 10 F:36
				848F4F AB          PLB                    A:D380 X:005F Y:0002 S:0127 D:0E68 DB:AF NvMXdiZc V:249 H: 20 F:36
				848F50 28          PLP                    A:D380 X:005F Y:0002 S:0128 D:0E68 DB:86 NvMXdizc V:249 H: 26 F:36
				848F51 6B          RTL                    A:D380 X:005F Y:0002 S:0129 D:0E68 DB:86 nvMXdiZc V:249 H: 33 F:36

			878EFA A9 08       LDA #$08               A:D380 X:005F Y:0002 S:012C D:0E68 DB:86 nvMXdiZc V:249 H: 43 F:36
			878EFC 85 03       STA $03       [000E6B] A:D308 X:005F Y:0002 S:012C D:0E68 DB:86 nvMXdizc V:249 H: 46 F:36	Subaction = #$08
			878EFE A9 08       LDA #$08               A:D308 X:005F Y:0002 S:012C D:0E68 DB:86 nvMXdizc V:249 H: 53 F:36
			878F00 85 34       STA $34       [000E9C] A:D308 X:005F Y:0002 S:012C D:0E68 DB:86 nvMXdizc V:249 H: 56 F:36	E-CD2 = #$08
			878F02 64 38       STZ $38       [000EA0] A:D308 X:005F Y:0002 S:012C D:0E68 DB:86 nvMXdizc V:249 H: 62 F:36	E-Teleporting = #$00
			878F04 60          RTS                    A:D308 X:005F Y:0002 S:012C D:0E68 DB:86 nvMXdizc V:249 H: 69 F:36

		878C23 A5 37       LDA $37       [000E9F] A:D308 X:005F Y:0002 S:012E D:0E68 DB:86 nvMXdizc V:249 H: 79 F:36
		878C25 F0 12       BEQ $0012     [878C39] A:D300 X:005F Y:0002 S:012E D:0E68 DB:86 nvMXdiZc V:249 H: 85 F:36
		878C39 A9 0D       LDA #$0D               A:D300 X:005F Y:0002 S:012E D:0E68 DB:86 nvMXdiZc V:249 H: 90 F:36
		878C3B A6 3D       LDX $3D       [000EA5] A:D30D X:005F Y:0002 S:012E D:0E68 DB:86 nvMXdizc V:249 H: 93 F:36
		878C3D F0 02       BEQ $0002     [878C41] A:D30D X:0000 Y:0002 S:012E D:0E68 DB:86 nvMXdiZc V:249 H: 99 F:36
		878C41 85 28       STA $28       [000E90] A:D30D X:0000 Y:0002 S:012E D:0E68 DB:86 nvMXdiZc V:249 H:104 F:36
		878C43 AD DB 0B    LDA $0BDB     [860BDB] A:D30D X:0000 Y:0002 S:012E D:0E68 DB:86 nvMXdiZc V:249 H:110 F:36
		878C46 C9 02       CMP #$02               A:D300 X:0000 Y:0002 S:012E D:0E68 DB:86 nvMXdiZc V:249 H:117 F:36
		878C48 F0 04       BEQ $0004     [878C4E] A:D300 X:0000 Y:0002 S:012E D:0E68 DB:86 NvMXdizc V:249 H:120 F:36
		878C4A A5 38       LDA $38       [000EA0] A:D300 X:0000 Y:0002 S:012E D:0E68 DB:86 NvMXdizc V:249 H:123 F:36
		878C4C D0 4D       BNE $004D     [878C9B] A:D300 X:0000 Y:0002 S:012E D:0E68 DB:86 nvMXdiZc V:249 H:129 F:36
		878C4E 22 43 9B 84 JSL $849B43   [849B43] A:D300 X:0000 Y:0002 S:012E D:0E68 DB:86 nvMXdiZc V:249 H:132 F:36

			849B43 C2 10       REP #$10               A:D300 X:0000 Y:0002 S:012B D:0E68 DB:86 nvMXdiZc V:249 H:156 F:36
			849B45 A5 27       LDA $27       [000E8F] A:D300 X:0000 Y:0002 S:012B D:0E68 DB:86 nvMxdiZc V:249 H:160 F:36
			849B47 29 7F       AND #$7F               A:D320 X:0000 Y:0002 S:012B D:0E68 DB:86 nvMxdizc V:249 H:167 F:36
			849B49 85 27       STA $27       [000E8F] A:D320 X:0000 Y:0002 S:012B D:0E68 DB:86 nvMxdizc V:249 H:170 F:36
			849B4B F0 2C       BEQ $002C     [849B79] A:D320 X:0000 Y:0002 S:012B D:0E68 DB:86 nvMxdizc V:249 H:176 F:36
			849B4D A5 30       LDA $30       [000E98] A:D320 X:0000 Y:0002 S:012B D:0E68 DB:86 nvMxdizc V:249 H:179 F:36
			849B4F D0 28       BNE $0028     [849B79] A:D300 X:0000 Y:0002 S:012B D:0E68 DB:86 nvMxdiZc V:249 H:186 F:36
			849B51 A5 0E       LDA $0E       [000E76] A:D300 X:0000 Y:0002 S:012B D:0E68 DB:86 nvMxdiZc V:249 H:189 F:36
			849B53 F0 24       BEQ $0024     [849B79] A:D301 X:0000 Y:0002 S:012B D:0E68 DB:86 nvMxdizc V:249 H:195 F:36
			849B55 A2 28 12    LDX #$1228             A:D301 X:0000 Y:0002 S:012B D:0E68 DB:86 nvMxdizc V:249 H:198 F:36
			849B58 E2 20       SEP #$20               A:D301 X:1228 Y:0002 S:012B D:0E68 DB:86 nvMxdizc V:249 H:203 F:36
			849B5A BD 00 00    LDA $0000,X   [861228] A:D301 X:1228 Y:0002 S:012B D:0E68 DB:86 nvMxdizc V:249 H:207 F:36
			849B5D F0 0E       BEQ $000E     [849B6D] A:D300 X:1228 Y:0002 S:012B D:0E68 DB:86 nvMxdiZc V:249 H:215 F:36
			849B6D C2 21       REP #$21               A:D300 X:1228 Y:0002 S:012B D:0E68 DB:86 nvMxdiZc V:249 H:220 F:36
			849B6F 8A          TXA                    A:D300 X:1228 Y:0002 S:012B D:0E68 DB:86 nvmxdiZc V:249 H:224 F:36
			849B70 69 40 00    ADC #$0040             A:1228 X:1228 Y:0002 S:012B D:0E68 DB:86 nvmxdizc V:249 H:227 F:36
			849B73 AA          TAX                    A:1268 X:1228 Y:0002 S:012B D:0E68 DB:86 nvmxdizc V:249 H:232 F:36
			849B74 C9 28 14    CMP #$1428             A:1268 X:1268 Y:0002 S:012B D:0E68 DB:86 nvmxdizc V:249 H:235 F:36
			849B77 90 DF       BCC $00DF     [849B58] A:1268 X:1268 Y:0002 S:012B D:0E68 DB:86 Nvmxdizc V:249 H:239 F:36
			849B58 E2 20       SEP #$20               A:1268 X:1268 Y:0002 S:012B D:0E68 DB:86 Nvmxdizc V:249 H:244 F:36
			849B5A BD 00 00    LDA $0000,X   [861268] A:1268 X:1268 Y:0002 S:012B D:0E68 DB:86 NvMxdizc V:249 H:248 F:36
			849B5D F0 0E       BEQ $000E     [849B6D] A:1200 X:1268 Y:0002 S:012B D:0E68 DB:86 nvMxdiZc V:249 H:256 F:36
			849B6D C2 21       REP #$21               A:1200 X:1268 Y:0002 S:012B D:0E68 DB:86 nvMxdiZc V:249 H:261 F:36
			849B6F 8A          TXA                    A:1200 X:1268 Y:0002 S:012B D:0E68 DB:86 nvmxdiZc V:249 H:265 F:36
			849B70 69 40 00    ADC #$0040             A:1268 X:1268 Y:0002 S:012B D:0E68 DB:86 nvmxdizc V:249 H:268 F:36
			849B73 AA          TAX                    A:12A8 X:1268 Y:0002 S:012B D:0E68 DB:86 nvmxdizc V:249 H:273 F:36
			849B74 C9 28 14    CMP #$1428             A:12A8 X:12A8 Y:0002 S:012B D:0E68 DB:86 nvmxdizc V:249 H:276 F:36
			849B77 90 DF       BCC $00DF     [849B58] A:12A8 X:12A8 Y:0002 S:012B D:0E68 DB:86 Nvmxdizc V:249 H:280 F:36
			849B58 E2 20       SEP #$20               A:12A8 X:12A8 Y:0002 S:012B D:0E68 DB:86 Nvmxdizc V:249 H:285 F:36
			849B5A BD 00 00    LDA $0000,X   [8612A8] A:12A8 X:12A8 Y:0002 S:012B D:0E68 DB:86 NvMxdizc V:249 H:289 F:36
			849B5D F0 0E       BEQ $000E     [849B6D] A:1200 X:12A8 Y:0002 S:012B D:0E68 DB:86 nvMxdiZc V:249 H:297 F:36
			849B6D C2 21       REP #$21               A:1200 X:12A8 Y:0002 S:012B D:0E68 DB:86 nvMxdiZc V:249 H:302 F:36
			849B6F 8A          TXA                    A:1200 X:12A8 Y:0002 S:012B D:0E68 DB:86 nvmxdiZc V:249 H:306 F:36
			849B70 69 40 00    ADC #$0040             A:12A8 X:12A8 Y:0002 S:012B D:0E68 DB:86 nvmxdizc V:249 H:309 F:36
			849B73 AA          TAX                    A:12E8 X:12A8 Y:0002 S:012B D:0E68 DB:86 nvmxdizc V:249 H:314 F:36
			849B74 C9 28 14    CMP #$1428             A:12E8 X:12E8 Y:0002 S:012B D:0E68 DB:86 nvmxdizc V:249 H:317 F:36
			849B77 90 DF       BCC $00DF     [849B58] A:12E8 X:12E8 Y:0002 S:012B D:0E68 DB:86 Nvmxdizc V:249 H:321 F:36
			849B58 E2 20       SEP #$20               A:12E8 X:12E8 Y:0002 S:012B D:0E68 DB:86 Nvmxdizc V:249 H:325 F:36
			849B5A BD 00 00    LDA $0000,X   [8612E8] A:12E8 X:12E8 Y:0002 S:012B D:0E68 DB:86 NvMxdizc V:249 H:329 F:36
			849B5D F0 0E       BEQ $000E     [849B6D] A:1200 X:12E8 Y:0002 S:012B D:0E68 DB:86 nvMxdiZc V:249 H:337 F:36
			849B6D C2 21       REP #$21               A:1200 X:12E8 Y:0002 S:012B D:0E68 DB:86 nvMxdiZc V:250 H:  2 F:36
			849B6F 8A          TXA                    A:1200 X:12E8 Y:0002 S:012B D:0E68 DB:86 nvmxdiZc V:250 H:  6 F:36
			849B70 69 40 00    ADC #$0040             A:12E8 X:12E8 Y:0002 S:012B D:0E68 DB:86 nvmxdizc V:250 H:  9 F:36
			849B73 AA          TAX                    A:1328 X:12E8 Y:0002 S:012B D:0E68 DB:86 nvmxdizc V:250 H: 14 F:36
			849B74 C9 28 14    CMP #$1428             A:1328 X:1328 Y:0002 S:012B D:0E68 DB:86 nvmxdizc V:250 H: 17 F:36
			849B77 90 DF       BCC $00DF     [849B58] A:1328 X:1328 Y:0002 S:012B D:0E68 DB:86 Nvmxdizc V:250 H: 21 F:36
			849B58 E2 20       SEP #$20               A:1328 X:1328 Y:0002 S:012B D:0E68 DB:86 Nvmxdizc V:250 H: 26 F:36
			849B5A BD 00 00    LDA $0000,X   [861328] A:1328 X:1328 Y:0002 S:012B D:0E68 DB:86 NvMxdizc V:250 H: 30 F:36
			849B5D F0 0E       BEQ $000E     [849B6D] A:1300 X:1328 Y:0002 S:012B D:0E68 DB:86 nvMxdiZc V:250 H: 38 F:36
			849B6D C2 21       REP #$21               A:1300 X:1328 Y:0002 S:012B D:0E68 DB:86 nvMxdiZc V:250 H: 43 F:36
			849B6F 8A          TXA                    A:1300 X:1328 Y:0002 S:012B D:0E68 DB:86 nvmxdiZc V:250 H: 47 F:36
			849B70 69 40 00    ADC #$0040             A:1328 X:1328 Y:0002 S:012B D:0E68 DB:86 nvmxdizc V:250 H: 50 F:36
			849B73 AA          TAX                    A:1368 X:1328 Y:0002 S:012B D:0E68 DB:86 nvmxdizc V:250 H: 55 F:36
			849B74 C9 28 14    CMP #$1428             A:1368 X:1368 Y:0002 S:012B D:0E68 DB:86 nvmxdizc V:250 H: 58 F:36
			849B77 90 DF       BCC $00DF     [849B58] A:1368 X:1368 Y:0002 S:012B D:0E68 DB:86 Nvmxdizc V:250 H: 62 F:36
			849B58 E2 20       SEP #$20               A:1368 X:1368 Y:0002 S:012B D:0E68 DB:86 Nvmxdizc V:250 H: 67 F:36
			849B5A BD 00 00    LDA $0000,X   [861368] A:1368 X:1368 Y:0002 S:012B D:0E68 DB:86 NvMxdizc V:250 H: 71 F:36
			849B5D F0 0E       BEQ $000E     [849B6D] A:1300 X:1368 Y:0002 S:012B D:0E68 DB:86 nvMxdiZc V:250 H: 79 F:36
			849B6D C2 21       REP #$21               A:1300 X:1368 Y:0002 S:012B D:0E68 DB:86 nvMxdiZc V:250 H: 84 F:36
			849B6F 8A          TXA                    A:1300 X:1368 Y:0002 S:012B D:0E68 DB:86 nvmxdiZc V:250 H: 88 F:36
			849B70 69 40 00    ADC #$0040             A:1368 X:1368 Y:0002 S:012B D:0E68 DB:86 nvmxdizc V:250 H: 91 F:36
			849B73 AA          TAX                    A:13A8 X:1368 Y:0002 S:012B D:0E68 DB:86 nvmxdizc V:250 H: 96 F:36
			849B74 C9 28 14    CMP #$1428             A:13A8 X:13A8 Y:0002 S:012B D:0E68 DB:86 nvmxdizc V:250 H: 99 F:36
			849B77 90 DF       BCC $00DF     [849B58] A:13A8 X:13A8 Y:0002 S:012B D:0E68 DB:86 Nvmxdizc V:250 H:103 F:36
			849B58 E2 20       SEP #$20               A:13A8 X:13A8 Y:0002 S:012B D:0E68 DB:86 Nvmxdizc V:250 H:108 F:36
			849B5A BD 00 00    LDA $0000,X   [8613A8] A:13A8 X:13A8 Y:0002 S:012B D:0E68 DB:86 NvMxdizc V:250 H:112 F:36
			849B5D F0 0E       BEQ $000E     [849B6D] A:1300 X:13A8 Y:0002 S:012B D:0E68 DB:86 nvMxdiZc V:250 H:120 F:36
			849B6D C2 21       REP #$21               A:1300 X:13A8 Y:0002 S:012B D:0E68 DB:86 nvMxdiZc V:250 H:125 F:36
			849B6F 8A          TXA                    A:1300 X:13A8 Y:0002 S:012B D:0E68 DB:86 nvmxdiZc V:250 H:129 F:36
			849B70 69 40 00    ADC #$0040             A:13A8 X:13A8 Y:0002 S:012B D:0E68 DB:86 nvmxdizc V:250 H:132 F:36
			849B73 AA          TAX                    A:13E8 X:13A8 Y:0002 S:012B D:0E68 DB:86 nvmxdizc V:250 H:147 F:36
			849B74 C9 28 14    CMP #$1428             A:13E8 X:13E8 Y:0002 S:012B D:0E68 DB:86 nvmxdizc V:250 H:150 F:36
			849B77 90 DF       BCC $00DF     [849B58] A:13E8 X:13E8 Y:0002 S:012B D:0E68 DB:86 Nvmxdizc V:250 H:154 F:36
			849B58 E2 20       SEP #$20               A:13E8 X:13E8 Y:0002 S:012B D:0E68 DB:86 Nvmxdizc V:250 H:159 F:36
			849B5A BD 00 00    LDA $0000,X   [8613E8] A:13E8 X:13E8 Y:0002 S:012B D:0E68 DB:86 NvMxdizc V:250 H:163 F:36
			849B5D F0 0E       BEQ $000E     [849B6D] A:1300 X:13E8 Y:0002 S:012B D:0E68 DB:86 nvMxdiZc V:250 H:171 F:36
			849B6D C2 21       REP #$21               A:1300 X:13E8 Y:0002 S:012B D:0E68 DB:86 nvMxdiZc V:250 H:176 F:36
			849B6F 8A          TXA                    A:1300 X:13E8 Y:0002 S:012B D:0E68 DB:86 nvmxdiZc V:250 H:180 F:36
			849B70 69 40 00    ADC #$0040             A:13E8 X:13E8 Y:0002 S:012B D:0E68 DB:86 nvmxdizc V:250 H:183 F:36
			849B73 AA          TAX                    A:1428 X:13E8 Y:0002 S:012B D:0E68 DB:86 nvmxdizc V:250 H:188 F:36
			849B74 C9 28 14    CMP #$1428             A:1428 X:1428 Y:0002 S:012B D:0E68 DB:86 nvmxdizc V:250 H:191 F:36
			849B77 90 DF       BCC $00DF     [849B58] A:1428 X:1428 Y:0002 S:012B D:0E68 DB:86 nvmxdiZC V:250 H:195 F:36
			849B79 E2 30       SEP #$30               A:1428 X:1428 Y:0002 S:012B D:0E68 DB:86 nvmxdiZC V:250 H:198 F:36
			849B7B A9 00       LDA #$00               A:1428 X:0028 Y:0002 S:012B D:0E68 DB:86 nvMXdiZC V:250 H:203 F:36
			849B7D 6B          RTL                    A:1400 X:0028 Y:0002 S:012B D:0E68 DB:86 nvMXdiZC V:250 H:206 F:36

		878C52 F0 47       BEQ $0047     [878C9B] A:1400 X:0028 Y:0002 S:012E D:0E68 DB:86 nvMXdiZC V:250 H:216 F:36
		878C9B A5 3D       LDA $3D       [000EA5] A:1400 X:0028 Y:0002 S:012E D:0E68 DB:86 nvMXdiZC V:250 H:221 F:36
		878C9D F0 0B       BEQ $000B     [878CAA] A:1400 X:0028 Y:0002 S:012E D:0E68 DB:86 nvMXdiZC V:250 H:227 F:36
		878CAA A5 27       LDA $27       [000E8F] A:1400 X:0028 Y:0002 S:012E D:0E68 DB:86 nvMXdiZC V:250 H:232 F:36
		878CAC 29 7F       AND #$7F               A:1420 X:0028 Y:0002 S:012E D:0E68 DB:86 nvMXdizC V:250 H:238 F:36
		878CAE D0 19       BNE $0019     [878CC9] A:1420 X:0028 Y:0002 S:012E D:0E68 DB:86 nvMXdizC V:250 H:241 F:36
		878CC9 A5 38       LDA $38       [000EA0] A:1420 X:0028 Y:0002 S:012E D:0E68 DB:86 nvMXdizC V:250 H:246 F:36
		878CCB D0 13       BNE $0013     [878CE0] A:1400 X:0028 Y:0002 S:012E D:0E68 DB:86 nvMXdiZC V:250 H:252 F:36
		878CCD A5 39       LDA $39       [000EA1] A:1400 X:0028 Y:0002 S:012E D:0E68 DB:86 nvMXdiZC V:250 H:255 F:36
		878CCF D0 0F       BNE $000F     [878CE0] A:1400 X:0028 Y:0002 S:012E D:0E68 DB:86 nvMXdiZC V:250 H:262 F:36
		878CD1 22 03 9B 84 JSL $849B03   [849B03] A:1400 X:0028 Y:0002 S:012E D:0E68 DB:86 nvMXdiZC V:250 H:265 F:36

			849B03 C2 10       REP #$10               A:1400 X:0028 Y:0002 S:012B D:0E68 DB:86 nvMXdiZC V:250 H:278 F:36
			849B05 A5 27       LDA $27       [000E8F] A:1400 X:0028 Y:0002 S:012B D:0E68 DB:86 nvMxdiZC V:250 H:283 F:36
			849B07 F0 70       BEQ $0070     [849B79] A:1420 X:0028 Y:0002 S:012B D:0E68 DB:86 nvMxdizC V:250 H:289 F:36
			849B09 A5 0E       LDA $0E       [000E76] A:1420 X:0028 Y:0002 S:012B D:0E68 DB:86 nvMxdizC V:250 H:292 F:36
			849B0B F0 31       BEQ $0031     [849B3E] A:1401 X:0028 Y:0002 S:012B D:0E68 DB:86 nvMxdizC V:250 H:299 F:36
			849B0D AD 0C 1F    LDA $1F0C     [861F0C] A:1401 X:0028 Y:0002 S:012B D:0E68 DB:86 nvMxdizC V:250 H:302 F:36
			849B10 D0 2C       BNE $002C     [849B3E] A:1400 X:0028 Y:0002 S:012B D:0E68 DB:86 nvMxdiZC V:250 H:308 F:36
			849B12 AD 32 0C    LDA $0C32     [860C32] A:1400 X:0028 Y:0002 S:012B D:0E68 DB:86 nvMxdiZC V:250 H:311 F:36
			849B15 D0 11       BNE $0011     [849B28] A:1400 X:0028 Y:0002 S:012B D:0E68 DB:86 nvMxdiZC V:250 H:318 F:36
			849B17 AD 30 0C    LDA $0C30     [860C30] A:1400 X:0028 Y:0002 S:012B D:0E68 DB:86 nvMxdiZC V:250 H:321 F:36
			849B1A D0 0C       BNE $000C     [849B28] A:1400 X:0028 Y:0002 S:012B D:0E68 DB:86 nvMxdiZC V:250 H:327 F:36
			849B1C A2 A8 0B    LDX #$0BA8             A:1400 X:0028 Y:0002 S:012B D:0E68 DB:86 nvMxdiZC V:250 H:329 F:36
			849B1F 22 0E 9C 84 JSL $849C0E   [849C0E] A:1400 X:0BA8 Y:0002 S:012B D:0E68 DB:86 nvMxdizC V:250 H:334 F:36

				849C0E 5A          PHY                    A:1400 X:0BA8 Y:0002 S:0128 D:0E68 DB:86 nvMxdizC V:251 H:  7 F:36
				849C0F A4 20       LDY $20       [000E88] A:1400 X:0BA8 Y:0002 S:0126 D:0E68 DB:86 nvMxdizC V:251 H: 14 F:36
				849C11 D0 03       BNE $0003     [849C16] A:1400 X:0BA8 Y:C58D S:0126 D:0E68 DB:86 NvMxdizC V:251 H: 23 F:36
				849C16 BC 20 00    LDY $0020,X   [860BC8] A:1400 X:0BA8 Y:C58D S:0126 D:0E68 DB:86 NvMxdizC V:251 H: 27 F:36
				849C19 D0 03       BNE $0003     [849C1E] A:1400 X:0BA8 Y:A552 S:0126 D:0E68 DB:86 NvMxdizC V:251 H: 37 F:36
				849C1E C2 20       REP #$20               A:1400 X:0BA8 Y:A552 S:0126 D:0E68 DB:86 NvMxdizC V:251 H: 42 F:36
				849C20 DA          PHX                    A:1400 X:0BA8 Y:A552 S:0126 D:0E68 DB:86 NvmxdizC V:251 H: 46 F:36
				849C21 BD 05 00    LDA $0005,X   [860BAD] A:1400 X:0BA8 Y:A552 S:0124 D:0E68 DB:86 NvmxdizC V:251 H: 53 F:36
				849C24 8D 04 00    STA $0004     [860004] A:075C X:0BA8 Y:A552 S:0124 D:0E68 DB:86 nvmxdizC V:251 H: 63 F:36
				849C27 BD 08 00    LDA $0008,X   [860BB0] A:075C X:0BA8 Y:A552 S:0124 D:0E68 DB:86 nvmxdizC V:251 H: 72 F:36
				849C2A 8D 06 00    STA $0006     [860006] A:00AF X:0BA8 Y:A552 S:0124 D:0E68 DB:86 nvmxdizC V:251 H: 82 F:36
				849C2D A5 05       LDA $05       [000E6D] A:00AF X:0BA8 Y:A552 S:0124 D:0E68 DB:86 nvmxdizC V:251 H: 90 F:36
				849C2F 8D 0C 00    STA $000C     [86000C] A:078C X:0BA8 Y:A552 S:0124 D:0E68 DB:86 nvmxdizC V:251 H: 99 F:36
				849C32 A5 08       LDA $08       [000E70] A:078C X:0BA8 Y:A552 S:0124 D:0E68 DB:86 nvmxdizC V:251 H:107 F:36
				849C34 8D 0E 00    STA $000E     [86000E] A:00A8 X:0BA8 Y:A552 S:0124 D:0E68 DB:86 nvmxdizC V:251 H:116 F:36
				849C37 E2 20       SEP #$20               A:00A8 X:0BA8 Y:A552 S:0124 D:0E68 DB:86 nvmxdizC V:251 H:124 F:36
				849C39 BD 11 00    LDA $0011,X   [860BB9] A:00A8 X:0BA8 Y:A552 S:0124 D:0E68 DB:86 nvMxdizC V:251 H:129 F:36
				849C3C 8D 08 00    STA $0008     [860008] A:0062 X:0BA8 Y:A552 S:0124 D:0E68 DB:86 nvMxdizC V:251 H:147 F:36
				849C3F A5 11       LDA $11       [000E79] A:0062 X:0BA8 Y:A552 S:0124 D:0E68 DB:86 nvMxdizC V:251 H:153 F:36
				849C41 8D 09 00    STA $0009     [860009] A:0029 X:0BA8 Y:A552 S:0124 D:0E68 DB:86 nvMxdizC V:251 H:160 F:36
				849C44 BC 20 00    LDY $0020,X   [860BC8] A:0029 X:0BA8 Y:A552 S:0124 D:0E68 DB:86 nvMxdizC V:251 H:166 F:36
				849C47 A6 20       LDX $20       [000E88] A:0029 X:0BA8 Y:A552 S:0124 D:0E68 DB:86 NvMxdizC V:251 H:176 F:36
				849C49 0B          PHD                    A:0029 X:C58D Y:A552 S:0124 D:0E68 DB:86 NvMxdizC V:251 H:185 F:36
				849C4A F4 00 00    PEA $0000              A:0029 X:C58D Y:A552 S:0122 D:0E68 DB:86 NvMxdizC V:251 H:192 F:36
				849C4D 2B          PLD                    A:0029 X:C58D Y:A552 S:0120 D:0E68 DB:86 NvMxdizC V:251 H:200 F:36
				849C4E BD 02 00    LDA $0002,X   [86C58F] A:0029 X:C58D Y:A552 S:0122 D:0000 DB:86 nvMxdiZC V:251 H:209 F:36
				849C51 18          CLC                    A:000A X:C58D Y:A552 S:0122 D:0000 DB:86 nvMxdizC V:251 H:216 F:36
				849C52 79 02 00    ADC $0002,Y   [86A554] A:000A X:C58D Y:A552 S:0122 D:0000 DB:86 nvMxdizc V:251 H:219 F:36
				849C55 85 00       STA $00       [000000] A:0010 X:C58D Y:A552 S:0122 D:0000 DB:86 nvMxdizc V:251 H:227 F:36
				849C57 64 01       STZ $01       [000001] A:0010 X:C58D Y:A552 S:0122 D:0000 DB:86 nvMxdizc V:251 H:232 F:36
				849C59 BD 03 00    LDA $0003,X   [86C590] A:0010 X:C58D Y:A552 S:0122 D:0000 DB:86 nvMxdizc V:251 H:237 F:36
				849C5C 18          CLC                    A:0012 X:C58D Y:A552 S:0122 D:0000 DB:86 nvMxdizc V:251 H:244 F:36
				849C5D 79 03 00    ADC $0003,Y   [86A555] A:0012 X:C58D Y:A552 S:0122 D:0000 DB:86 nvMxdizc V:251 H:247 F:36
				849C60 85 02       STA $02       [000002] A:0020 X:C58D Y:A552 S:0122 D:0000 DB:86 nvMxdizc V:251 H:255 F:36
				849C62 64 03       STZ $03       [000003] A:0020 X:C58D Y:A552 S:0122 D:0000 DB:86 nvMxdizc V:251 H:260 F:36
				849C64 C2 21       REP #$21               A:0020 X:C58D Y:A552 S:0122 D:0000 DB:86 nvMxdizc V:251 H:265 F:36
				849C66 B9 00 00    LDA $0000,Y   [86A552] A:0020 X:C58D Y:A552 S:0122 D:0000 DB:86 nvmxdizc V:251 H:269 F:36
				849C69 29 FF 00    AND #$00FF             A:FF00 X:C58D Y:A552 S:0122 D:0000 DB:86 Nvmxdizc V:251 H:278 F:36
				849C6C 89 80 00    BIT #$0080             A:0000 X:C58D Y:A552 S:0122 D:0000 DB:86 nvmxdiZc V:251 H:283 F:36
				849C6F F0 03       BEQ $0003     [849C74] A:0000 X:C58D Y:A552 S:0122 D:0000 DB:86 nvmxdiZc V:251 H:287 F:36
				849C74 24 07       BIT $07       [000007] A:0000 X:C58D Y:A552 S:0122 D:0000 DB:86 nvmxdiZc V:251 H:292 F:36
				849C76 50 04       BVC $0004     [849C7C] A:0000 X:C58D Y:A552 S:0122 D:0000 DB:86 nVmxdiZc V:251 H:299 F:36
				849C78 49 FF FF    EOR #$FFFF             A:0000 X:C58D Y:A552 S:0122 D:0000 DB:86 nVmxdiZc V:251 H:302 F:36
				849C7B 1A          INC                    A:FFFF X:C58D Y:A552 S:0122 D:0000 DB:86 NVmxdizc V:251 H:306 F:36
				849C7C 85 0A       STA $0A       [00000A] A:0000 X:C58D Y:A552 S:0122 D:0000 DB:86 nVmxdiZc V:251 H:309 F:36
				849C7E 64 10       STZ $10       [000010] A:0000 X:C58D Y:A552 S:0122 D:0000 DB:86 nVmxdiZc V:251 H:316 F:36
				849C80 BD 00 00    LDA $0000,X   [86C58D] A:0000 X:C58D Y:A552 S:0122 D:0000 DB:86 nVmxdiZc V:251 H:323 F:36
				849C83 29 FF 00    AND #$00FF             A:0400 X:C58D Y:A552 S:0122 D:0000 DB:86 nVmxdizc V:251 H:331 F:36
				849C86 89 80 00    BIT #$0080             A:0000 X:C58D Y:A552 S:0122 D:0000 DB:86 nVmxdiZc V:251 H:336 F:36
				849C89 F0 03       BEQ $0003     [849C8E] A:0000 X:C58D Y:A552 S:0122 D:0000 DB:86 nVmxdiZc V:252 H:  0 F:36
				849C8E 24 08       BIT $08       [000008] A:0000 X:C58D Y:A552 S:0122 D:0000 DB:86 nVmxdiZc V:252 H:  5 F:36
				849C90 50 04       BVC $0004     [849C96] A:0000 X:C58D Y:A552 S:0122 D:0000 DB:86 nvmxdiZc V:252 H: 12 F:36
				849C96 65 0C       ADC $0C       [00000C] A:0000 X:C58D Y:A552 S:0122 D:0000 DB:86 nvmxdiZc V:252 H: 16 F:36
				849C98 38          SEC                    A:078C X:C58D Y:A552 S:0122 D:0000 DB:86 nvmxdizc V:252 H: 23 F:36
				849C99 E5 04       SBC $04       [000004] A:078C X:C58D Y:A552 S:0122 D:0000 DB:86 nvmxdizC V:252 H: 26 F:36
				849C9B 38          SEC                    A:0030 X:C58D Y:A552 S:0122 D:0000 DB:86 nvmxdizC V:252 H: 33 F:36
				849C9C E5 0A       SBC $0A       [00000A] A:0030 X:C58D Y:A552 S:0122 D:0000 DB:86 nvmxdizC V:252 H: 36 F:36
				849C9E 10 06       BPL $0006     [849CA6] A:0030 X:C58D Y:A552 S:0122 D:0000 DB:86 nvmxdizC V:252 H: 43 F:36
				849CA6 85 04       STA $04       [000004] A:0030 X:C58D Y:A552 S:0122 D:0000 DB:86 nvmxdizC V:252 H: 48 F:36
				849CA8 A5 00       LDA $00       [000000] A:0030 X:C58D Y:A552 S:0122 D:0000 DB:86 nvmxdizC V:252 H: 55 F:36
				849CAA 38          SEC                    A:0010 X:C58D Y:A552 S:0122 D:0000 DB:86 nvmxdizC V:252 H: 62 F:36
				849CAB E5 04       SBC $04       [000004] A:0010 X:C58D Y:A552 S:0122 D:0000 DB:86 nvmxdizC V:252 H: 65 F:36
				849CAD 1A          INC                    A:FFE0 X:C58D Y:A552 S:0122 D:0000 DB:86 Nvmxdizc V:252 H: 72 F:36
				849CAE 85 04       STA $04       [000004] A:FFE1 X:C58D Y:A552 S:0122 D:0000 DB:86 Nvmxdizc V:252 H: 75 F:36
				849CB0 24 0F       BIT $0F       [00000F] A:FFE1 X:C58D Y:A552 S:0122 D:0000 DB:86 Nvmxdizc V:252 H: 82 F:36
				849CB2 30 04       BMI $0004     [849CB8] A:FFE1 X:C58D Y:A552 S:0122 D:0000 DB:86 nvmxdiZc V:252 H: 89 F:36
				849CB4 49 FF FF    EOR #$FFFF             A:FFE1 X:C58D Y:A552 S:0122 D:0000 DB:86 nvmxdiZc V:252 H: 92 F:36
				849CB7 1A          INC                    A:001E X:C58D Y:A552 S:0122 D:0000 DB:86 nvmxdizc V:252 H: 96 F:36
				849CB8 85 00       STA $00       [000000] A:001F X:C58D Y:A552 S:0122 D:0000 DB:86 nvmxdizc V:252 H: 99 F:36
				849CBA 90 45       BCC $0045     [849D01] A:001F X:C58D Y:A552 S:0122 D:0000 DB:86 nvmxdizc V:252 H:106 F:36
				849D01 E2 20       SEP #$20               A:001F X:C58D Y:A552 S:0122 D:0000 DB:86 nvmxdizc V:252 H:111 F:36
				849D03 2B          PLD                    A:001F X:C58D Y:A552 S:0122 D:0000 DB:86 nvMxdizc V:252 H:115 F:36
				849D04 FA          PLX                    A:001F X:C58D Y:A552 S:0124 D:0E68 DB:86 nvMxdizc V:252 H:124 F:36
				849D05 7A          PLY                    A:001F X:0BA8 Y:A552 S:0126 D:0E68 DB:86 nvMxdizc V:252 H:132 F:36
				849D06 6B          RTL                    A:001F X:0BA8 Y:0002 S:0128 D:0E68 DB:86 nvMxdizc V:252 H:151 F:36

			849B23 90 19       BCC $0019     [849B3E] A:001F X:0BA8 Y:0002 S:012B D:0E68 DB:86 nvMxdizc V:252 H:161 F:36
			849B3E E2 10       SEP #$10               A:001F X:0BA8 Y:0002 S:012B D:0E68 DB:86 nvMxdizc V:252 H:166 F:36
			849B40 A9 00       LDA #$00               A:001F X:00A8 Y:0002 S:012B D:0E68 DB:86 nvMXdizc V:252 H:170 F:36
			849B42 6B          RTL                    A:0000 X:00A8 Y:0002 S:012B D:0E68 DB:86 nvMXdiZc V:252 H:173 F:36

		878CD5 AD CF 0B    LDA $0BCF     [860BCF] A:0000 X:00A8 Y:0002 S:012E D:0E68 DB:86 nvMXdiZc V:252 H:184 F:36
		878CD8 29 7F       AND #$7F               A:0020 X:00A8 Y:0002 S:012E D:0E68 DB:86 nvMXdizc V:252 H:190 F:36
		878CDA D0 04       BNE $0004     [878CE0] A:0020 X:00A8 Y:0002 S:012E D:0E68 DB:86 nvMXdizc V:252 H:193 F:36
		878CE0 20 70 91    JSR $9170     [879170] A:0020 X:00A8 Y:0002 S:012E D:0E68 DB:86 nvMXdizc V:252 H:198 F:36

			879170 A5 3C       LDA $3C       [000EA4] A:0020 X:00A8 Y:0002 S:012C D:0E68 DB:86 nvMXdizc V:252 H:208 F:36
			879172 10 32       BPL $0032     [8791A6] A:0000 X:00A8 Y:0002 S:012C D:0E68 DB:86 nvMXdiZc V:252 H:214 F:36
			8791A6 60          RTS                    A:0000 X:00A8 Y:0002 S:012C D:0E68 DB:86 nvMXdiZc V:252 H:219 F:36

		878CE3 A5 39       LDA $39       [000EA1] A:0000 X:00A8 Y:0002 S:012E D:0E68 DB:86 nvMXdiZc V:252 H:229 F:36
		878CE5 F0 07       BEQ $0007     [878CEE] A:0000 X:00A8 Y:0002 S:012E D:0E68 DB:86 nvMXdiZc V:252 H:235 F:36
		878CEE 5C B4 80 82 JML $8280B4   [8280B4] A:0000 X:00A8 Y:0002 S:012E D:0E68 DB:86 nvMXdiZc V:252 H:240 F:36

		8280B4 C2 20       REP #$20               A:0000 X:00A8 Y:0002 S:012E D:0E68 DB:86 nvMXdiZc V:252 H:246 F:36
		8280B6 38          SEC                    A:0000 X:00A8 Y:0002 S:012E D:0E68 DB:86 nvmXdiZc V:252 H:250 F:36
		8280B7 A5 05       LDA $05       [000E6D] A:0000 X:00A8 Y:0002 S:012E D:0E68 DB:86 nvmXdiZC V:252 H:253 F:36
		8280B9 ED 4D 1E    SBC $1E4D     [861E4D] A:078C X:00A8 Y:0002 S:012E D:0E68 DB:86 nvmXdizC V:252 H:262 F:36
		8280BC 18          CLC                    A:008C X:00A8 Y:0002 S:012E D:0E68 DB:86 nvmXdizC V:252 H:270 F:36
		8280BD 69 20 00    ADC #$0020             A:008C X:00A8 Y:0002 S:012E D:0E68 DB:86 nvmXdizc V:252 H:273 F:36
		8280C0 C9 40 01    CMP #$0140             A:00AC X:00A8 Y:0002 S:012E D:0E68 DB:86 nvmXdizc V:252 H:278 F:36
		8280C3 B0 0F       BCS $000F     [8280D4] A:00AC X:00A8 Y:0002 S:012E D:0E68 DB:86 NvmXdizc V:252 H:282 F:36
		8280C5 38          SEC                    A:00AC X:00A8 Y:0002 S:012E D:0E68 DB:86 NvmXdizc V:252 H:285 F:36
		8280C6 A5 08       LDA $08       [000E70] A:00AC X:00A8 Y:0002 S:012E D:0E68 DB:86 NvmXdizC V:252 H:288 F:36
		8280C8 ED 50 1E    SBC $1E50     [861E50] A:00A8 X:00A8 Y:0002 S:012E D:0E68 DB:86 nvmXdizC V:252 H:297 F:36
		8280CB 18          CLC                    A:00A8 X:00A8 Y:0002 S:012E D:0E68 DB:86 nvmXdizC V:252 H:305 F:36
		8280CC 69 10 00    ADC #$0010             A:00A8 X:00A8 Y:0002 S:012E D:0E68 DB:86 nvmXdizc V:252 H:308 F:36
		8280CF C9 00 01    CMP #$0100             A:00B8 X:00A8 Y:0002 S:012E D:0E68 DB:86 nvmXdizc V:252 H:313 F:36
		8280D2 90 05       BCC $0005     [8280D9] A:00B8 X:00A8 Y:0002 S:012E D:0E68 DB:86 NvmXdizc V:252 H:317 F:36
		8280D9 E2 20       SEP #$20               A:00B8 X:00A8 Y:0002 S:012E D:0E68 DB:86 NvmXdizc V:252 H:322 F:36
		8280DB A9 81       LDA #$81               A:00B8 X:00A8 Y:0002 S:012E D:0E68 DB:86 NvMXdizc V:252 H:326 F:36
		8280DD 85 0E       STA $0E       [000E76] A:0081 X:00A8 Y:0002 S:012E D:0E68 DB:86 NvMXdizc V:252 H:328 F:36
		8280DF E2 30       SEP #$30               A:0081 X:00A8 Y:0002 S:012E D:0E68 DB:86 NvMXdizc V:252 H:335 F:36
		8280E1 A6 12       LDX $12       [000E7A] A:0081 X:00A8 Y:0002 S:012E D:0E68 DB:86 NvMXdizc V:252 H:339 F:36
		8280E3 10 02       BPL $0002     [8280E7] A:0081 X:0002 Y:0002 S:012E D:0E68 DB:86 nvMXdizc V:253 H:  6 F:36
		8280E7 7C EA 80    JMP ($80EA,X) [8280EC] A:0081 X:0002 Y:0002 S:012E D:0E68 DB:86 nvMXdizc V:253 H: 10 F:36

		828120 AD E9 00    LDA $00E9     [8600E9] A:0081 X:0002 Y:0002 S:012E D:0E68 DB:86 nvMXdizc V:253 H: 19 F:36
		828123 C9 20       CMP #$20               A:0000 X:0002 Y:0002 S:012E D:0E68 DB:86 nvMXdiZc V:253 H: 26 F:36
		828125 B0 0D       BCS $000D     [828134] A:0000 X:0002 Y:0002 S:012E D:0E68 DB:86 NvMXdizc V:253 H: 29 F:36
		828127 0A          ASL A                  A:0000 X:0002 Y:0002 S:012E D:0E68 DB:86 NvMXdizc V:253 H: 32 F:36
		828128 AA          TAX                    A:0000 X:0002 Y:0002 S:012E D:0E68 DB:86 nvMXdiZc V:253 H: 35 F:36
		828129 C2 20       REP #$20               A:0000 X:0000 Y:0002 S:012E D:0E68 DB:86 nvMXdiZc V:253 H: 38 F:36
		82812B 7B          TDC                    A:0000 X:0000 Y:0002 S:012E D:0E68 DB:86 nvmXdiZc V:253 H: 42 F:36
		82812C 9D A0 09    STA $09A0,X   [8609A0] A:0E68 X:0000 Y:0002 S:012E D:0E68 DB:86 nvmXdizc V:253 H: 45 F:36
		82812F E2 20       SEP #$20               A:0E68 X:0000 Y:0002 S:012E D:0E68 DB:86 nvmXdizc V:253 H: 55 F:36
		828131 EE E9 00    INC $00E9     [8600E9] A:0E68 X:0000 Y:0002 S:012E D:0E68 DB:86 nvMXdizc V:253 H: 60 F:36
		828134 6B          RTL                    A:0E68 X:0000 Y:0002 S:012E D:0E68 DB:86 nvMXdizc V:253 H: 70 F:36

	80F9CE 60          RTS                    A:0E68 X:0000 Y:0002 S:0131 D:0E68 DB:86 nvMXdizc V:253 H: 80 F:36

80D4F9 C2 21       REP #$21               A:0E68 X:0000 Y:0002 S:0133 D:0E68 DB:86 nvMXdizc V:253 H: 90 F:36
