80D4F6 20 30 D5    JSR $D530     [80D530] A:0E01 X:0000 Y:00B9 S:0133 D:0E68 DB:86 nvMXdizC V:247 H:167 F:48

	80D530 C2 20       REP #$20               A:0E01 X:0000 Y:00B9 S:0131 D:0E68 DB:86 nvMXdizC V:247 H:177 F:48
	80D532 A5 05       LDA $05       [000E6D] A:0E01 X:0000 Y:00B9 S:0131 D:0E68 DB:86 nvmXdizC V:247 H:181 F:48
	80D534 85 22       STA $22       [000E8A] A:1DD0 X:0000 Y:00B9 S:0131 D:0E68 DB:86 nvmXdizC V:247 H:190 F:48
	80D536 A5 08       LDA $08       [000E70] A:1DD0 X:0000 Y:00B9 S:0131 D:0E68 DB:86 nvmXdizC V:247 H:198 F:48
	80D538 85 24       STA $24       [000E8C] A:03A2 X:0000 Y:00B9 S:0131 D:0E68 DB:86 nvmXdizC V:247 H:207 F:48
	80D53A E2 20       SEP #$20               A:03A2 X:0000 Y:00B9 S:0131 D:0E68 DB:86 nvmXdizC V:247 H:215 F:48
	80D53C A9 80       LDA #$80               A:03A2 X:0000 Y:00B9 S:0131 D:0E68 DB:86 nvMXdizC V:247 H:220 F:48
	80D53E 14 0E       TRB $0E       [000E76] A:0380 X:0000 Y:00B9 S:0131 D:0E68 DB:86 NvMXdizC V:247 H:223 F:48
	80D540 A5 0A       LDA $0A       [000E72] A:0380 X:0000 Y:00B9 S:0131 D:0E68 DB:86 NvMXdizC V:247 H:233 F:48
	80D542 0A          ASL A                  A:0331 X:0000 Y:00B9 S:0131 D:0E68 DB:86 nvMXdizC V:247 H:239 F:48
	80D543 AA          TAX                    A:0362 X:0000 Y:00B9 S:0131 D:0E68 DB:86 nvMXdizc V:247 H:242 F:48
	80D544 7C DD F8    JMP ($F8DD,X) [80F93F] A:0362 X:0062 Y:00B9 S:0131 D:0E68 DB:86 nvMXdizc V:247 H:245 F:48

	80FAA6 22 E1 9B 88 JSL $889BE1   [889BE1] A:0362 X:0062 Y:00B9 S:0131 D:0E68 DB:86 nvMXdizc V:247 H:254 F:48

		889BE1 A6 01       LDX $01       [000E69] A:0362 X:0062 Y:00B9 S:012E D:0E68 DB:86 nvMXdizc V:247 H:268 F:48
		889BE3 7C E6 9B    JMP ($9BE6,X) [889BEA] A:0362 X:0004 Y:00B9 S:012E D:0E68 DB:86 nvMXdizc V:247 H:274 F:48

		889D6E A9 0E       LDA #$0E               A:0362 X:0004 Y:00B9 S:012E D:0E68 DB:86 nvMXdizc V:247 H:283 F:48
		889D70 14 11       TRB $11       [000E79] A:030E X:0004 Y:00B9 S:012E D:0E68 DB:86 nvMXdizc V:247 H:286 F:48
		889D72 A5 33       LDA $33       [000E9B] A:030E X:0004 Y:00B9 S:012E D:0E68 DB:86 nvMXdizc V:247 H:296 F:48
		889D74 04 11       TSB $11       [000E79] A:0308 X:0004 Y:00B9 S:012E D:0E68 DB:86 nvMXdizc V:247 H:303 F:48
		889D76 A6 02       LDX $02       [000E6A] A:0308 X:0004 Y:00B9 S:012E D:0E68 DB:86 nvMXdiZc V:247 H:313 F:48
		889D78 FC 2C 9E    JSR ($9E2C,X) [889E2C] A:0308 X:0000 Y:00B9 S:012E D:0E68 DB:86 nvMXdiZc V:247 H:319 F:48

			889E38 A6 03       LDX $03       [000E6B] A:0308 X:0000 Y:00B9 S:012C D:0E68 DB:86 nvMXdiZc V:247 H:331 F:48
			889E3A 7C 3D 9E    JMP ($9E3D,X) [889E3F] A:0308 X:0002 Y:00B9 S:012C D:0E68 DB:86 nvMXdizc V:247 H:338 F:48

			889E72 22 EA 8E 84 JSL $848EEA   [848EEA] A:0308 X:0002 Y:00B9 S:012C D:0E68 DB:86 nvMXdizc V:248 H:  7 F:48		JSL $848EEA --> Decrease Countdown Routine 

				848EEA 08          PHP                    A:0308 X:0002 Y:00B9 S:0129 D:0E68 DB:86 nvMXdizc V:248 H: 20 F:48
				848EEB 8B          PHB                    A:0308 X:0002 Y:00B9 S:0128 D:0E68 DB:86 nvMXdizc V:248 H: 25 F:48
				848EEC E2 30       SEP #$30               A:0308 X:0002 Y:00B9 S:0127 D:0E68 DB:86 nvMXdizc V:248 H: 30 F:48
				848EEE C6 13       DEC $13       [000E7B] A:0308 X:0002 Y:00B9 S:0127 D:0E68 DB:86 nvMXdizc V:248 H: 35 F:48
				848EF0 D0 5D       BNE $005D     [848F4F] A:0308 X:0002 Y:00B9 S:0127 D:0E68 DB:86 nvMXdiZc V:248 H: 45 F:48
				848EF2 A9 AF       LDA #$AF               A:0308 X:0002 Y:00B9 S:0127 D:0E68 DB:86 nvMXdiZc V:248 H: 48 F:48
				848EF4 48          PHA                    A:03AF X:0002 Y:00B9 S:0127 D:0E68 DB:86 NvMXdizc V:248 H: 51 F:48
				848EF5 AB          PLB                    A:03AF X:0002 Y:00B9 S:0126 D:0E68 DB:86 NvMXdizc V:248 H: 56 F:48
				848EF6 C2 21       REP #$21               A:03AF X:0002 Y:00B9 S:0127 D:0E68 DB:AF NvMXdizc V:248 H: 62 F:48
				848EF8 A5 14       LDA $14       [000E7C] A:03AF X:0002 Y:00B9 S:0127 D:0E68 DB:AF NvmXdizc V:248 H: 67 F:48
				848EFA 69 03 00    ADC #$0003             A:DF84 X:0002 Y:00B9 S:0127 D:0E68 DB:AF NvmXdizc V:248 H: 75 F:48
				848EFD A4 0F       LDY $0F       [000E77] A:DF87 X:0002 Y:00B9 S:0127 D:0E68 DB:AF NvmXdizc V:248 H: 80 F:48
				848EFF 10 37       BPL $0037     [848F38] A:DF87 X:0002 Y:0000 S:0127 D:0E68 DB:AF nvmXdiZc V:248 H: 86 F:48
				848F38 85 14       STA $14       [000E7C] A:DF87 X:0002 Y:0000 S:0127 D:0E68 DB:AF nvmXdiZc V:248 H: 91 F:48
				848F3A E2 30       SEP #$30               A:DF87 X:0002 Y:0000 S:0127 D:0E68 DB:AF nvmXdiZc V:248 H: 99 F:48
				848F3C B2 14       LDA ($14)     [AFDF87] A:DF87 X:0002 Y:0000 S:0127 D:0E68 DB:AF nvMXdiZc V:248 H:104 F:48
				848F3E 85 13       STA $13       [000E7B] A:DF04 X:0002 Y:0000 S:0127 D:0E68 DB:AF nvMXdizc V:248 H:114 F:48
				848F40 A0 01       LDY #$01               A:DF04 X:0002 Y:0000 S:0127 D:0E68 DB:AF nvMXdizc V:248 H:120 F:48
				848F42 B1 14       LDA ($14),Y   [AFDF88] A:DF04 X:0002 Y:0001 S:0127 D:0E68 DB:AF nvMXdizc V:248 H:123 F:48
				848F44 85 0F       STA $0F       [000E77] A:DF01 X:0002 Y:0001 S:0127 D:0E68 DB:AF nvMXdizc V:248 H:133 F:48	CDAction = #$01
				848F46 C8          INY                    A:DF01 X:0002 Y:0001 S:0127 D:0E68 DB:AF nvMXdizc V:248 H:150 F:48
				848F47 B1 14       LDA ($14),Y   [AFDF89] A:DF01 X:0002 Y:0002 S:0127 D:0E68 DB:AF nvMXdizc V:248 H:153 F:48
				848F49 85 17       STA $17       [000E7F] A:DF14 X:0002 Y:0002 S:0127 D:0E68 DB:AF nvMXdizc V:248 H:163 F:48
				848F4B A9 80       LDA #$80               A:DF14 X:0002 Y:0002 S:0127 D:0E68 DB:AF nvMXdizc V:248 H:169 F:48
				848F4D 04 17       TSB $17       [000E7F] A:DF80 X:0002 Y:0002 S:0127 D:0E68 DB:AF NvMXdizc V:248 H:172 F:48
				848F4F AB          PLB                    A:DF80 X:0002 Y:0002 S:0127 D:0E68 DB:AF NvMXdiZc V:248 H:182 F:48
				848F50 28          PLP                    A:DF80 X:0002 Y:0002 S:0128 D:0E68 DB:86 NvMXdizc V:248 H:189 F:48
				848F51 6B          RTL                    A:DF80 X:0002 Y:0002 S:0129 D:0E68 DB:86 nvMXdizc V:248 H:195 F:48

			889E76 A5 0F       LDA $0F       [000E77] A:DF80 X:0002 Y:0002 S:012C D:0E68 DB:86 nvMXdizc V:248 H:206 F:48
			889E78 F0 7B       BEQ $007B     [889EF5] A:DF01 X:0002 Y:0002 S:012C D:0E68 DB:86 nvMXdizc V:248 H:212 F:48		Branch if CDAction = #$00
			889E7A A9 04       LDA #$04               A:DF01 X:0002 Y:0002 S:012C D:0E68 DB:86 nvMXdizc V:248 H:215 F:48		Subaction = #$04
			889E7C 85 03       STA $03       [000E6B] A:DF04 X:0002 Y:0002 S:012C D:0E68 DB:86 nvMXdizc V:248 H:218 F:48
			889E7E A9 06       LDA #$06               A:DF04 X:0002 Y:0002 S:012C D:0E68 DB:86 nvMXdizc V:248 H:225 F:48		E-Status: Set #$06 bit
			889E80 04 11       TSB $11       [000E79] A:DF06 X:0002 Y:0002 S:012C D:0E68 DB:86 nvMXdizc V:248 H:228 F:48
			889E82 A9 0A       LDA #$0A               A:DF06 X:0002 Y:0002 S:012C D:0E68 DB:86 nvMXdiZc V:248 H:238 F:48		A = #$0A
			889E84 22 38 A3 84 JSL $84A338   [84A338] A:DF0A X:0002 Y:0002 S:012C D:0E68 DB:86 nvMXdizc V:248 H:241 F:48		JSL $84A338 --> Set Effect: Shake Screen Vertical. A = Duration of shake.

				84A338 08          PHP                    A:DF0A X:0002 Y:0002 S:0129 D:0E68 DB:86 nvMXdizc V:248 H:254 F:48
				84A339 E2 30       SEP #$30               A:DF0A X:0002 Y:0002 S:0128 D:0E68 DB:86 nvMXdizc V:248 H:259 F:48
				84A33B A2 03       LDX #$03               A:DF0A X:0002 Y:0002 S:0128 D:0E68 DB:86 nvMXdizc V:248 H:264 F:48	X = Intensity
				84A33D A0 01       LDY #$01               A:DF0A X:0003 Y:0002 S:0128 D:0E68 DB:86 nvMXdizc V:248 H:267 F:48	Y = Frames between shakes
				84A33F 80 03       BRA $0003     [84A344] A:DF0A X:0003 Y:0001 S:0128 D:0E68 DB:86 nvMXdizc V:248 H:270 F:48	
				84A344 8D 7A 1E    STA $1E7A     [861E7A] A:DF0A X:0003 Y:0001 S:0128 D:0E68 DB:86 nvMXdizc V:248 H:274 F:48	
				84A347 8E 83 1E    STX $1E83     [861E83] A:DF0A X:0003 Y:0001 S:0128 D:0E68 DB:86 nvMXdizc V:248 H:281 F:48	
				84A34A 8C 7F 1E    STY $1E7F     [861E7F] A:DF0A X:0003 Y:0001 S:0128 D:0E68 DB:86 nvMXdizc V:248 H:287 F:48	
				84A34D 8C 81 1E    STY $1E81     [861E81] A:DF0A X:0003 Y:0001 S:0128 D:0E68 DB:86 nvMXdizc V:248 H:294 F:48	
				84A350 9C 85 1E    STZ $1E85     [861E85] A:DF0A X:0003 Y:0001 S:0128 D:0E68 DB:86 nvMXdizc V:248 H:300 F:48	
				84A353 A9 02       LDA #$02               A:DF0A X:0003 Y:0001 S:0128 D:0E68 DB:86 nvMXdizc V:248 H:307 F:48	
				84A355 0C 78 1E    TSB $1E78     [861E78] A:DF02 X:0003 Y:0001 S:0128 D:0E68 DB:86 nvMXdizc V:248 H:310 F:48	
				84A358 28          PLP                    A:DF02 X:0003 Y:0001 S:0128 D:0E68 DB:86 nvMXdiZc V:248 H:320 F:48
				84A359 6B          RTL                    A:DF02 X:0003 Y:0001 S:0129 D:0E68 DB:86 nvMXdizc V:248 H:326 F:48

			889E88 A5 11       LDA $11       [000E79] A:DF02 X:0003 Y:0001 S:012C D:0E68 DB:86 nvMXdizc V:248 H:336 F:48
			889E8A 0A          ASL A                  A:DF2F X:0003 Y:0001 S:012C D:0E68 DB:86 nvMXdizc V:249 H:  2 F:48
			889E8B 0A          ASL A                  A:DF5E X:0003 Y:0001 S:012C D:0E68 DB:86 nvMXdizc V:249 H:  5 F:48
			889E8C C2 20       REP #$20               A:DFBC X:0003 Y:0001 S:012C D:0E68 DB:86 NvMXdizc V:249 H:  8 F:48
			889E8E A9 1A 00    LDA #$001A             A:DFBC X:0003 Y:0001 S:012C D:0E68 DB:86 NvmXdizc V:249 H: 13 F:48		A = #$0014
			889E91 B0 03       BCS $0003     [889E96] A:001A X:0003 Y:0001 S:012C D:0E68 DB:86 nvmXdizc V:249 H: 17 F:48		Branch if Facing = Right
			889E93 A9 E6 FF    LDA #$FFE6             A:001A X:0003 Y:0001 S:012C D:0E68 DB:86 nvmXdizc V:249 H: 20 F:48		A = #$FFE6
			889E96 18          CLC                    A:FFE6 X:0003 Y:0001 S:012C D:0E68 DB:86 NvmXdizc V:249 H: 25 F:48
			889E97 65 05       ADC $05       [000E6D] A:FFE6 X:0003 Y:0001 S:012C D:0E68 DB:86 NvmXdizc V:249 H: 28 F:48		Add E-X-Pos
			889E99 8D 00 00    STA $0000     [860000] A:1DB6 X:0003 Y:0001 S:012C D:0E68 DB:86 nvmXdizC V:249 H: 36 F:48		Store $0000
			889E9C A5 08       LDA $08       [000E70] A:1DB6 X:0003 Y:0001 S:012C D:0E68 DB:86 nvmXdizC V:249 H: 45 F:48		$0002 = E-Y-Pos + #$0018
			889E9E 18          CLC                    A:03A2 X:0003 Y:0001 S:012C D:0E68 DB:86 nvmXdizC V:249 H: 53 F:48
			889E9F 69 18 00    ADC #$0018             A:03A2 X:0003 Y:0001 S:012C D:0E68 DB:86 nvmXdizc V:249 H: 56 F:48
			889EA2 8D 02 00    STA $0002     [860002] A:03BA X:0003 Y:0001 S:012C D:0E68 DB:86 nvmXdizc V:249 H: 61 F:48
			889EA5 22 58 83 82 JSL $828358   [828358] A:03BA X:0003 Y:0001 S:012C D:0E68 DB:86 nvmXdizc V:249 H: 69 F:48		JSL $828358 --> X = First empty EnemyShot,Z=1

				828358 C2 30       REP #$30               A:03BA X:0003 Y:0001 S:0129 D:0E68 DB:86 nvmXdizc V:249 H: 83 F:48
				82835A A2 28 14    LDX #$1428             A:03BA X:0003 Y:0001 S:0129 D:0E68 DB:86 nvmxdizc V:249 H: 87 F:48
				82835D BD 00 00    LDA $0000,X   [861428] A:03BA X:1428 Y:0001 S:0129 D:0E68 DB:86 nvmxdizc V:249 H: 92 F:48
				828360 F0 D9       BEQ $00D9     [82833B] A:0000 X:1428 Y:0001 S:0129 D:0E68 DB:86 nvmxdiZc V:249 H:102 F:48
				82833B E2 22       SEP #$22               A:0000 X:1428 Y:0001 S:0129 D:0E68 DB:86 nvmxdiZc V:249 H:106 F:48
				82833D 6B          RTL                    A:0000 X:1428 Y:0001 S:0129 D:0E68 DB:86 nvMxdiZc V:249 H:111 F:48

			889EA9 D0 48       BNE $0048     [889EF3] A:0000 X:1428 Y:0001 S:012C D:0E68 DB:86 nvMxdiZc V:249 H:121 F:48
			889EAB FE 00 00    INC $0000,X   [861428] A:0000 X:1428 Y:0001 S:012C D:0E68 DB:86 nvMxdiZc V:249 H:124 F:48		ES-Exist = #$01
			889EAE A9 28       LDA #$28               A:0000 X:1428 Y:0001 S:012C D:0E68 DB:86 nvMxdizc V:249 H:146 F:48		ES-ID = #$28
			889EB0 9D 0A 00    STA $000A,X   [861432] A:0028 X:1428 Y:0001 S:012C D:0E68 DB:86 nvMxdizc V:249 H:149 F:48
			889EB3 9E 0B 00    STZ $000B,X   [861433] A:0028 X:1428 Y:0001 S:012C D:0E68 DB:86 nvMxdizc V:249 H:157 F:48		ES-SubID = #$00
			889EB6 C2 20       REP #$20               A:0028 X:1428 Y:0001 S:012C D:0E68 DB:86 nvMxdizc V:249 H:165 F:48
			889EB8 AD 00 00    LDA $0000     [860000] A:0028 X:1428 Y:0001 S:012C D:0E68 DB:86 nvmxdizc V:249 H:169 F:48
			889EBB 9D 05 00    STA $0005,X   [86142D] A:1DB6 X:1428 Y:0001 S:012C D:0E68 DB:86 nvmxdizc V:249 H:178 F:48		ES-X-Pos = $0000
			889EBE AD 02 00    LDA $0002     [860002] A:1DB6 X:1428 Y:0001 S:012C D:0E68 DB:86 nvmxdizc V:249 H:188 F:48
			889EC1 9D 08 00    STA $0008,X   [861430] A:03BA X:1428 Y:0001 S:012C D:0E68 DB:86 nvmxdizc V:249 H:196 F:48		ES-Y-Pos = $0002
			889EC4 7B          TDC                    A:03BA X:1428 Y:0001 S:012C D:0E68 DB:86 nvmxdizc V:249 H:206 F:48
			889EC5 9D 0C 00    STA $000C,X   [861434] A:0E68 X:1428 Y:0001 S:012C D:0E68 DB:86 nvmxdizc V:249 H:209 F:48		ES-Parent = EnemyData
			889EC8 E2 30       SEP #$30               A:0E68 X:1428 Y:0001 S:012C D:0E68 DB:86 nvmxdizc V:249 H:219 F:48
			889ECA A9 44       LDA #$44               A:0E68 X:0028 Y:0001 S:012C D:0E68 DB:86 nvMXdizc V:249 H:224 F:48
			889ECC 22 A2 88 80 JSL $8088A2   [8088A2] A:0E44 X:0028 Y:0001 S:012C D:0E68 DB:86 nvMXdizc V:249 H:227 F:48		JSL $8088A2 --> Play Sound Effect (A = #$44)

				8088A2 DA          PHX                    A:0E44 X:0028 Y:0001 S:0129 D:0E68 DB:86 nvMXdizc V:249 H:240 F:48
				8088A3 5A          PHY                    A:0E44 X:0028 Y:0001 S:0128 D:0E68 DB:86 nvMXdizc V:249 H:245 F:48
				8088A4 08          PHP                    A:0E44 X:0028 Y:0001 S:0127 D:0E68 DB:86 nvMXdizc V:249 H:250 F:48
				8088A5 C2 20       REP #$20               A:0E44 X:0028 Y:0001 S:0126 D:0E68 DB:86 nvMXdizc V:249 H:255 F:48
				8088A7 E2 10       SEP #$10               A:0E44 X:0028 Y:0001 S:0126 D:0E68 DB:86 nvmXdizc V:249 H:260 F:48
				8088A9 48          PHA                    A:0E44 X:0028 Y:0001 S:0126 D:0E68 DB:86 nvmXdizc V:249 H:264 F:48
				8088AA A5 05       LDA $05       [000E6D] A:0E44 X:0028 Y:0001 S:0124 D:0E68 DB:86 nvmXdizc V:249 H:271 F:48
				8088AC 38          SEC                    A:1DD0 X:0028 Y:0001 S:0124 D:0E68 DB:86 nvmXdizc V:249 H:280 F:48
				8088AD ED AD 0B    SBC $0BAD     [860BAD] A:1DD0 X:0028 Y:0001 S:0124 D:0E68 DB:86 nvmXdizC V:249 H:283 F:48
				8088B0 10 0E       BPL $000E     [8088C0] A:00B5 X:0028 Y:0001 S:0124 D:0E68 DB:86 nvmXdizC V:249 H:291 F:48
				8088C0 4A          LSR A                  A:00B5 X:0028 Y:0001 S:0124 D:0E68 DB:86 nvmXdizC V:249 H:296 F:48
				8088C1 C9 7F 00    CMP #$007F             A:005A X:0028 Y:0001 S:0124 D:0E68 DB:86 nvmXdizC V:249 H:299 F:48
				8088C4 30 03       BMI $0003     [8088C9] A:005A X:0028 Y:0001 S:0124 D:0E68 DB:86 NvmXdizc V:249 H:303 F:48
				8088C9 A8          TAY                    A:005A X:0028 Y:0001 S:0124 D:0E68 DB:86 NvmXdizc V:249 H:308 F:48
				8088CA 68          PLA                    A:005A X:0028 Y:005A S:0124 D:0E68 DB:86 nvmXdizc V:249 H:311 F:48
				8088CB 80 07       BRA $0007     [8088D4] A:0E44 X:0028 Y:005A S:0126 D:0E68 DB:86 nvmXdizc V:249 H:319 F:48
				8088D4 E2 31       SEP #$31               A:0E44 X:0028 Y:005A S:0126 D:0E68 DB:86 nvmXdizc V:249 H:323 F:48
				8088D6 AE A3 0B    LDX $0BA3     [860BA3] A:0E44 X:0028 Y:005A S:0126 D:0E68 DB:86 nvMXdizC V:249 H:327 F:48
				8088D9 9D 72 0B    STA $0B72,X   [860B72] A:0E44 X:0000 Y:005A S:0126 D:0E68 DB:86 nvMXdiZC V:249 H:334 F:48
				8088DC 98          TYA                    A:0E44 X:0000 Y:005A S:0126 D:0E68 DB:86 nvMXdiZC V:250 H:  2 F:48
				8088DD 9D 73 0B    STA $0B73,X   [860B73] A:0E5A X:0000 Y:005A S:0126 D:0E68 DB:86 nvMXdizC V:250 H:  5 F:48
				8088E0 E8          INX                    A:0E5A X:0000 Y:005A S:0126 D:0E68 DB:86 nvMXdizC V:250 H: 13 F:48
				8088E1 E8          INX                    A:0E5A X:0001 Y:005A S:0126 D:0E68 DB:86 nvMXdizC V:250 H: 16 F:48
				8088E2 8A          TXA                    A:0E5A X:0002 Y:005A S:0126 D:0E68 DB:86 nvMXdizC V:250 H: 19 F:48
				8088E3 29 1E       AND #$1E               A:0E02 X:0002 Y:005A S:0126 D:0E68 DB:86 nvMXdizC V:250 H: 22 F:48
				8088E5 8D A3 0B    STA $0BA3     [860BA3] A:0E02 X:0002 Y:005A S:0126 D:0E68 DB:86 nvMXdizC V:250 H: 25 F:48
				8088E8 28          PLP                    A:0E02 X:0002 Y:005A S:0126 D:0E68 DB:86 nvMXdizC V:250 H: 31 F:48
				8088E9 7A          PLY                    A:0E02 X:0002 Y:005A S:0127 D:0E68 DB:86 nvMXdizc V:250 H: 38 F:48
				8088EA FA          PLX                    A:0E02 X:0002 Y:0001 S:0128 D:0E68 DB:86 nvMXdizc V:250 H: 44 F:48
				8088EB 6B          RTL                    A:0E02 X:0028 Y:0001 S:0129 D:0E68 DB:86 nvMXdizc V:250 H: 51 F:48

			889ED0 22 58 83 82 JSL $828358   [828358] A:0E02 X:0028 Y:0001 S:012C D:0E68 DB:86 nvMXdizc V:250 H: 61 F:48		JSL $828358 --> X = First empty EnemyShot,Z=1

				828358 C2 30       REP #$30               A:0E02 X:0028 Y:0001 S:0129 D:0E68 DB:86 nvMXdizc V:250 H: 75 F:48
				82835A A2 28 14    LDX #$1428             A:0E02 X:0028 Y:0001 S:0129 D:0E68 DB:86 nvmxdizc V:250 H: 79 F:48
				82835D BD 00 00    LDA $0000,X   [861428] A:0E02 X:1428 Y:0001 S:0129 D:0E68 DB:86 nvmxdizc V:250 H: 84 F:48
				828360 F0 D9       BEQ $00D9     [82833B] A:0001 X:1428 Y:0001 S:0129 D:0E68 DB:86 nvmxdizc V:250 H: 94 F:48
				828362 8A          TXA                    A:0001 X:1428 Y:0001 S:0129 D:0E68 DB:86 nvmxdizc V:250 H: 97 F:48
				828363 18          CLC                    A:1428 X:1428 Y:0001 S:0129 D:0E68 DB:86 nvmxdizc V:250 H:100 F:48
				828364 69 40 00    ADC #$0040             A:1428 X:1428 Y:0001 S:0129 D:0E68 DB:86 nvmxdizc V:250 H:103 F:48
				828367 AA          TAX                    A:1468 X:1428 Y:0001 S:0129 D:0E68 DB:86 nvmxdizc V:250 H:107 F:48
				828368 E0 28 16    CPX #$1628             A:1468 X:1468 Y:0001 S:0129 D:0E68 DB:86 nvmxdizc V:250 H:110 F:48
				82836B 90 F0       BCC $00F0     [82835D] A:1468 X:1468 Y:0001 S:0129 D:0E68 DB:86 Nvmxdizc V:250 H:115 F:48
				82835D BD 00 00    LDA $0000,X   [861468] A:1468 X:1468 Y:0001 S:0129 D:0E68 DB:86 Nvmxdizc V:250 H:119 F:48
				828360 F0 D9       BEQ $00D9     [82833B] A:0000 X:1468 Y:0001 S:0129 D:0E68 DB:86 nvmxdiZc V:250 H:129 F:48
				82833B E2 22       SEP #$22               A:0000 X:1468 Y:0001 S:0129 D:0E68 DB:86 nvmxdiZc V:250 H:134 F:48
				82833D 6B          RTL                    A:0000 X:1468 Y:0001 S:0129 D:0E68 DB:86 nvMxdiZc V:250 H:148 F:48

			889ED4 D0 1D       BNE $001D     [889EF3] A:0000 X:1468 Y:0001 S:012C D:0E68 DB:86 nvMxdiZc V:250 H:159 F:48
			889ED6 FE 00 00    INC $0000,X   [861468] A:0000 X:1468 Y:0001 S:012C D:0E68 DB:86 nvMxdiZc V:250 H:162 F:48		ES-Exist = #$01
			889ED9 A9 28       LDA #$28               A:0000 X:1468 Y:0001 S:012C D:0E68 DB:86 nvMxdizc V:250 H:173 F:48		ES-ID = #$28
			889EDB 9D 0A 00    STA $000A,X   [861472] A:0028 X:1468 Y:0001 S:012C D:0E68 DB:86 nvMxdizc V:250 H:176 F:48
			889EDE 9D 0B 00    STA $000B,X   [861473] A:0028 X:1468 Y:0001 S:012C D:0E68 DB:86 nvMxdizc V:250 H:184 F:48		ES-SubID = #$28
			889EE1 C2 20       REP #$20               A:0028 X:1468 Y:0001 S:012C D:0E68 DB:86 nvMxdizc V:250 H:192 F:48
			889EE3 AD 00 00    LDA $0000     [860000] A:0028 X:1468 Y:0001 S:012C D:0E68 DB:86 nvmxdizc V:250 H:197 F:48
			889EE6 9D 05 00    STA $0005,X   [86146D] A:1DB6 X:1468 Y:0001 S:012C D:0E68 DB:86 nvmxdizc V:250 H:205 F:48		ES-X-Pos = $0000
			889EE9 AD 02 00    LDA $0002     [860002] A:1DB6 X:1468 Y:0001 S:012C D:0E68 DB:86 nvmxdizc V:250 H:215 F:48
			889EEC 9D 08 00    STA $0008,X   [861470] A:03BA X:1468 Y:0001 S:012C D:0E68 DB:86 nvmxdizc V:250 H:224 F:48		ES-Y-Pos = $0002 
			889EEF 7B          TDC                    A:03BA X:1468 Y:0001 S:012C D:0E68 DB:86 nvmxdizc V:250 H:234 F:48
			889EF0 9D 0C 00    STA $000C,X   [861474] A:0E68 X:1468 Y:0001 S:012C D:0E68 DB:86 nvmxdizc V:250 H:237 F:48		ES-Parent = EnemyData
			889EF3 E2 30       SEP #$30               A:0E68 X:1468 Y:0001 S:012C D:0E68 DB:86 nvmxdizc V:250 H:247 F:48
			889EF5 60          RTS                    A:0E68 X:0068 Y:0001 S:012C D:0E68 DB:86 nvMXdizc V:250 H:251 F:48		Return

		889D7B AD CF 0B    LDA $0BCF     [860BCF] A:0E68 X:0068 Y:0001 S:012E D:0E68 DB:86 nvMXdizc V:250 H:261 F:48
