80D4F6 20 30 D5    JSR $D530     [80D530] A:0E01 X:0000 Y:0002 S:0133 D:0E68 DB:86 nvMXdizC V: 15 H: 48 F: 5

	80D530 C2 20       REP #$20               A:0E01 X:0000 Y:0002 S:0131 D:0E68 DB:86 nvMXdizC V: 15 H: 58 F: 5
	80D532 A5 05       LDA $05       [000E6D] A:0E01 X:0000 Y:0002 S:0131 D:0E68 DB:86 nvmXdizC V: 15 H: 62 F: 5
	80D534 85 22       STA $22       [000E8A] A:1DD0 X:0000 Y:0002 S:0131 D:0E68 DB:86 nvmXdizC V: 15 H: 71 F: 5
	80D536 A5 08       LDA $08       [000E70] A:1DD0 X:0000 Y:0002 S:0131 D:0E68 DB:86 nvmXdizC V: 15 H: 79 F: 5
	80D538 85 24       STA $24       [000E8C] A:03A2 X:0000 Y:0002 S:0131 D:0E68 DB:86 nvmXdizC V: 15 H: 88 F: 5
	80D53A E2 20       SEP #$20               A:03A2 X:0000 Y:0002 S:0131 D:0E68 DB:86 nvmXdizC V: 15 H: 96 F: 5
	80D53C A9 80       LDA #$80               A:03A2 X:0000 Y:0002 S:0131 D:0E68 DB:86 nvMXdizC V: 15 H:101 F: 5
	80D53E 14 0E       TRB $0E       [000E76] A:0380 X:0000 Y:0002 S:0131 D:0E68 DB:86 NvMXdizC V: 15 H:104 F: 5
	80D540 A5 0A       LDA $0A       [000E72] A:0380 X:0000 Y:0002 S:0131 D:0E68 DB:86 NvMXdizC V: 15 H:114 F: 5
	80D542 0A          ASL A                  A:0331 X:0000 Y:0002 S:0131 D:0E68 DB:86 nvMXdizC V: 15 H:120 F: 5
	80D543 AA          TAX                    A:0362 X:0000 Y:0002 S:0131 D:0E68 DB:86 nvMXdizc V: 15 H:123 F: 5
	80D544 7C DD F8    JMP ($F8DD,X) [80F93F] A:0362 X:0062 Y:0002 S:0131 D:0E68 DB:86 nvMXdizc V: 15 H:126 F: 5

	80FAA6 22 E1 9B 88 JSL $889BE1   [889BE1] A:0362 X:0062 Y:0002 S:0131 D:0E68 DB:86 nvMXdizc V: 15 H:145 F: 5

		889BE1 A6 01       LDX $01       [000E69] A:0362 X:0062 Y:0002 S:012E D:0E68 DB:86 nvMXdizc V: 15 H:159 F: 5
		889BE3 7C E6 9B    JMP ($9BE6,X) [889BEA] A:0362 X:0004 Y:0002 S:012E D:0E68 DB:86 nvMXdizc V: 15 H:165 F: 5

		889D6E A9 0E       LDA #$0E               A:0362 X:0004 Y:0002 S:012E D:0E68 DB:86 nvMXdizc V: 15 H:174 F: 5
		889D70 14 11       TRB $11       [000E79] A:030E X:0004 Y:0002 S:012E D:0E68 DB:86 nvMXdizc V: 15 H:177 F: 5
		889D72 A5 33       LDA $33       [000E9B] A:030E X:0004 Y:0002 S:012E D:0E68 DB:86 nvMXdizc V: 15 H:187 F: 5
		889D74 04 11       TSB $11       [000E79] A:0308 X:0004 Y:0002 S:012E D:0E68 DB:86 nvMXdizc V: 15 H:194 F: 5
		889D76 A6 02       LDX $02       [000E6A] A:0308 X:0004 Y:0002 S:012E D:0E68 DB:86 nvMXdiZc V: 15 H:204 F: 5
		889D78 FC 2C 9E    JSR ($9E2C,X) [889E2C] A:0308 X:0000 Y:0002 S:012E D:0E68 DB:86 nvMXdiZc V: 15 H:210 F: 5

			889E38 A6 03       LDX $03       [000E6B] A:0308 X:0000 Y:0002 S:012C D:0E68 DB:86 nvMXdiZc V: 15 H:223 F: 5
			889E3A 7C 3D 9E    JMP ($9E3D,X) [889E41] A:0308 X:0004 Y:0002 S:012C D:0E68 DB:86 nvMXdizc V: 15 H:230 F: 5

			889EF6 22 EA 8E 84 JSL $848EEA   [848EEA] A:0308 X:0004 Y:0002 S:012C D:0E68 DB:86 nvMXdizc V: 15 H:239 F: 5		JSL $848EEA --> Decrease Countdown Routine

				848EEA 08          PHP                    A:0308 X:0004 Y:0002 S:0129 D:0E68 DB:86 nvMXdizc V: 15 H:252 F: 5
				848EEB 8B          PHB                    A:0308 X:0004 Y:0002 S:0128 D:0E68 DB:86 nvMXdizc V: 15 H:257 F: 5
				848EEC E2 30       SEP #$30               A:0308 X:0004 Y:0002 S:0127 D:0E68 DB:86 nvMXdizc V: 15 H:262 F: 5
				848EEE C6 13       DEC $13       [000E7B] A:0308 X:0004 Y:0002 S:0127 D:0E68 DB:86 nvMXdizc V: 15 H:267 F: 5
				848EF0 D0 5D       BNE $005D     [848F4F] A:0308 X:0004 Y:0002 S:0127 D:0E68 DB:86 nvMXdiZc V: 15 H:277 F: 5
				848EF2 A9 AF       LDA #$AF               A:0308 X:0004 Y:0002 S:0127 D:0E68 DB:86 nvMXdiZc V: 15 H:280 F: 5
				848EF4 48          PHA                    A:03AF X:0004 Y:0002 S:0127 D:0E68 DB:86 NvMXdizc V: 15 H:283 F: 5
				848EF5 AB          PLB                    A:03AF X:0004 Y:0002 S:0126 D:0E68 DB:86 NvMXdizc V: 15 H:288 F: 5
				848EF6 C2 21       REP #$21               A:03AF X:0004 Y:0002 S:0127 D:0E68 DB:AF NvMXdizc V: 15 H:294 F: 5
				848EF8 A5 14       LDA $14       [000E7C] A:03AF X:0004 Y:0002 S:0127 D:0E68 DB:AF NvmXdizc V: 15 H:299 F: 5
				848EFA 69 03 00    ADC #$0003             A:DF8A X:0004 Y:0002 S:0127 D:0E68 DB:AF NvmXdizc V: 15 H:307 F: 5
				848EFD A4 0F       LDY $0F       [000E77] A:DF8D X:0004 Y:0002 S:0127 D:0E68 DB:AF NvmXdizc V: 15 H:312 F: 5
				848EFF 10 37       BPL $0037     [848F38] A:DF8D X:0004 Y:0000 S:0127 D:0E68 DB:AF nvmXdiZc V: 15 H:318 F: 5
				848F38 85 14       STA $14       [000E7C] A:DF8D X:0004 Y:0000 S:0127 D:0E68 DB:AF nvmXdiZc V: 15 H:323 F: 5
				848F3A E2 30       SEP #$30               A:DF8D X:0004 Y:0000 S:0127 D:0E68 DB:AF nvmXdiZc V: 15 H:330 F: 5
				848F3C B2 14       LDA ($14)     [AFDF8D] A:DF8D X:0004 Y:0000 S:0127 D:0E68 DB:AF nvMXdiZc V: 15 H:335 F: 5
				848F3E 85 13       STA $13       [000E7B] A:DF0C X:0004 Y:0000 S:0127 D:0E68 DB:AF nvMXdizc V: 16 H:  5 F: 5
				848F40 A0 01       LDY #$01               A:DF0C X:0004 Y:0000 S:0127 D:0E68 DB:AF nvMXdizc V: 16 H: 11 F: 5
				848F42 B1 14       LDA ($14),Y   [AFDF8E] A:DF0C X:0004 Y:0001 S:0127 D:0E68 DB:AF nvMXdizc V: 16 H: 14 F: 5
				848F44 85 0F       STA $0F       [000E77] A:DF80 X:0004 Y:0001 S:0127 D:0E68 DB:AF NvMXdizc V: 16 H: 24 F: 5	CDAction = #$80
				848F46 C8          INY                    A:DF80 X:0004 Y:0001 S:0127 D:0E68 DB:AF NvMXdizc V: 16 H: 31 F: 5
				848F47 B1 14       LDA ($14),Y   [AFDF8F] A:DF80 X:0004 Y:0002 S:0127 D:0E68 DB:AF nvMXdizc V: 16 H: 34 F: 5
				848F49 85 17       STA $17       [000E7F] A:DF14 X:0004 Y:0002 S:0127 D:0E68 DB:AF nvMXdizc V: 16 H: 44 F: 5
				848F4B A9 80       LDA #$80               A:DF14 X:0004 Y:0002 S:0127 D:0E68 DB:AF nvMXdizc V: 16 H: 50 F: 5
				848F4D 04 17       TSB $17       [000E7F] A:DF80 X:0004 Y:0002 S:0127 D:0E68 DB:AF NvMXdizc V: 16 H: 53 F: 5
				848F4F AB          PLB                    A:DF80 X:0004 Y:0002 S:0127 D:0E68 DB:AF NvMXdiZc V: 16 H: 63 F: 5
				848F50 28          PLP                    A:DF80 X:0004 Y:0002 S:0128 D:0E68 DB:86 NvMXdizc V: 16 H: 70 F: 5
				848F51 6B          RTL                    A:DF80 X:0004 Y:0002 S:0129 D:0E68 DB:86 nvMXdizc V: 16 H: 76 F: 5

			889EFA A5 0F       LDA $0F       [000E77] A:DF80 X:0004 Y:0002 S:012C D:0E68 DB:86 nvMXdizc V: 16 H: 87 F: 5
			889EFC F0 15       BEQ $0015     [889F13] A:DF80 X:0004 Y:0002 S:012C D:0E68 DB:86 NvMXdizc V: 16 H: 93 F: 5		Branch if CDAction = #$00
			889EFE 10 0F       BPL $000F     [889F0F] A:DF80 X:0004 Y:0002 S:012C D:0E68 DB:86 NvMXdizc V: 16 H: 96 F: 5		Branch if CDAction is positive
			889F00 A9 06       LDA #$06               A:DF80 X:0004 Y:0002 S:012C D:0E68 DB:86 NvMXdizc V: 16 H: 99 F: 5		Subaction = #$06
			889F02 85 03       STA $03       [000E6B] A:DF06 X:0004 Y:0002 S:012C D:0E68 DB:86 nvMXdizc V: 16 H:102 F: 5
			889F04 A9 00       LDA #$00               A:DF06 X:0004 Y:0002 S:012C D:0E68 DB:86 nvMXdizc V: 16 H:109 F: 5
			889F06 22 07 8F 84 JSL $848F07   [848F07] A:DF00 X:0004 Y:0002 S:012C D:0E68 DB:86 nvMXdiZc V: 16 H:112 F: 5		JSL $848F07 --> New Countdown Routine ($16, A=00)

				848F07 08          PHP                    A:DF00 X:0004 Y:0002 S:0129 D:0E68 DB:86 nvMXdiZc V: 16 H:125 F: 5
				848F08 8B          PHB                    A:DF00 X:0004 Y:0002 S:0128 D:0E68 DB:86 nvMXdiZc V: 16 H:130 F: 5
				848F09 C2 30       REP #$30               A:DF00 X:0004 Y:0002 S:0127 D:0E68 DB:86 nvMXdiZc V: 16 H:145 F: 5
				848F0B 8D 0E 00    STA $000E     [86000E] A:DF00 X:0004 Y:0002 S:0127 D:0E68 DB:86 nvmxdiZc V: 16 H:150 F: 5
				848F0E A5 16       LDA $16       [000E7E] A:DF00 X:0004 Y:0002 S:0127 D:0E68 DB:86 nvmxdiZc V: 16 H:158 F: 5
				848F10 29 FF 00    AND #$00FF             A:9491 X:0004 Y:0002 S:0127 D:0E68 DB:86 Nvmxdizc V: 16 H:167 F: 5
				848F13 8D 0C 00    STA $000C     [86000C] A:0091 X:0004 Y:0002 S:0127 D:0E68 DB:86 nvmxdizc V: 16 H:171 F: 5
				848F16 0A          ASL A                  A:0091 X:0004 Y:0002 S:0127 D:0E68 DB:86 nvmxdizc V: 16 H:180 F: 5
				848F17 18          CLC                    A:0122 X:0004 Y:0002 S:0127 D:0E68 DB:86 nvmxdizc V: 16 H:183 F: 5
				848F18 6D 0C 00    ADC $000C     [86000C] A:0122 X:0004 Y:0002 S:0127 D:0E68 DB:86 nvmxdizc V: 16 H:186 F: 5
				848F1B AA          TAX                    A:01B3 X:0004 Y:0002 S:0127 D:0E68 DB:86 nvmxdizc V: 16 H:194 F: 5
				848F1C BF 00 A0 AF LDA $AFA000,X [AFA1B3] A:01B3 X:01B3 Y:0002 S:0127 D:0E68 DB:86 nvmxdizc V: 16 H:197 F: 5
				848F20 85 14       STA $14       [000E7C] A:DE6B X:01B3 Y:0002 S:0127 D:0E68 DB:86 Nvmxdizc V: 16 H:206 F: 5
				848F22 E2 20       SEP #$20               A:DE6B X:01B3 Y:0002 S:0127 D:0E68 DB:86 Nvmxdizc V: 16 H:215 F: 5
				848F24 BF 02 A0 AF LDA $AFA002,X [AFA1B5] A:DE6B X:01B3 Y:0002 S:0127 D:0E68 DB:86 NvMxdizc V: 16 H:219 F: 5
				848F28 48          PHA                    A:DEAF X:01B3 Y:0002 S:0127 D:0E68 DB:86 NvMxdizc V: 16 H:227 F: 5
				848F29 AB          PLB                    A:DEAF X:01B3 Y:0002 S:0126 D:0E68 DB:86 NvMxdizc V: 16 H:232 F: 5
				848F2A C2 20       REP #$20               A:DEAF X:01B3 Y:0002 S:0127 D:0E68 DB:AF NvMxdizc V: 16 H:238 F: 5
				848F2C AD 0E 00    LDA $000E     [AF000E] A:DEAF X:01B3 Y:0002 S:0127 D:0E68 DB:AF Nvmxdizc V: 16 H:243 F: 5
				848F2F 29 FF 00    AND #$00FF             A:DF00 X:01B3 Y:0002 S:0127 D:0E68 DB:AF Nvmxdizc V: 16 H:251 F: 5
				848F32 0A          ASL A                  A:0000 X:01B3 Y:0002 S:0127 D:0E68 DB:AF nvmxdiZc V: 16 H:256 F: 5
				848F33 A8          TAY                    A:0000 X:01B3 Y:0002 S:0127 D:0E68 DB:AF nvmxdiZc V: 16 H:259 F: 5
				848F34 B1 14       LDA ($14),Y   [AFDE6B] A:0000 X:01B3 Y:0000 S:0127 D:0E68 DB:AF nvmxdiZc V: 16 H:262 F: 5
				848F36 65 14       ADC $14       [000E7C] A:0026 X:01B3 Y:0000 S:0127 D:0E68 DB:AF nvmxdizc V: 16 H:275 F: 5
				848F38 85 14       STA $14       [000E7C] A:DE91 X:01B3 Y:0000 S:0127 D:0E68 DB:AF Nvmxdizc V: 16 H:283 F: 5
				848F3A E2 30       SEP #$30               A:DE91 X:01B3 Y:0000 S:0127 D:0E68 DB:AF Nvmxdizc V: 16 H:292 F: 5
				848F3C B2 14       LDA ($14)     [AFDE91] A:DE91 X:00B3 Y:0000 S:0127 D:0E68 DB:AF NvMXdizc V: 16 H:296 F: 5	Skeleton start: [AFDE91]
				848F3E 85 13       STA $13       [000E7B] A:DE06 X:00B3 Y:0000 S:0127 D:0E68 DB:AF nvMXdizc V: 16 H:306 F: 5
				848F40 A0 01       LDY #$01               A:DE06 X:00B3 Y:0000 S:0127 D:0E68 DB:AF nvMXdizc V: 16 H:313 F: 5
				848F42 B1 14       LDA ($14),Y   [AFDE92] A:DE06 X:00B3 Y:0001 S:0127 D:0E68 DB:AF nvMXdizc V: 16 H:316 F: 5
				848F44 85 0F       STA $0F       [000E77] A:DE00 X:00B3 Y:0001 S:0127 D:0E68 DB:AF nvMXdiZc V: 16 H:325 F: 5
				848F46 C8          INY                    A:DE00 X:00B3 Y:0001 S:0127 D:0E68 DB:AF nvMXdiZc V: 16 H:331 F: 5
				848F47 B1 14       LDA ($14),Y   [AFDE93] A:DE00 X:00B3 Y:0002 S:0127 D:0E68 DB:AF nvMXdizc V: 16 H:334 F: 5
				848F49 85 17       STA $17       [000E7F] A:DE00 X:00B3 Y:0002 S:0127 D:0E68 DB:AF nvMXdiZc V: 17 H:  4 F: 5
				848F4B A9 80       LDA #$80               A:DE00 X:00B3 Y:0002 S:0127 D:0E68 DB:AF nvMXdiZc V: 17 H: 11 F: 5
				848F4D 04 17       TSB $17       [000E7F] A:DE80 X:00B3 Y:0002 S:0127 D:0E68 DB:AF NvMXdizc V: 17 H: 14 F: 5
				848F4F AB          PLB                    A:DE80 X:00B3 Y:0002 S:0127 D:0E68 DB:AF NvMXdiZc V: 17 H: 24 F: 5
				848F50 28          PLP                    A:DE80 X:00B3 Y:0002 S:0128 D:0E68 DB:86 NvMXdizc V: 17 H: 30 F: 5
				848F51 6B          RTL                    A:DE80 X:00B3 Y:0002 S:0129 D:0E68 DB:86 nvMXdiZc V: 17 H: 37 F: 5

			889F0A A9 20       LDA #$20               A:DE80 X:00B3 Y:0002 S:012C D:0E68 DB:86 nvMXdiZc V: 17 H: 47 F: 5		Countdown2 = #$20
			889F0C 85 34       STA $34       [000E9C] A:DE20 X:00B3 Y:0002 S:012C D:0E68 DB:86 nvMXdizc V: 17 H: 50 F: 5
			889F0E 60          RTS                    A:DE20 X:00B3 Y:0002 S:012C D:0E68 DB:86 nvMXdizc V: 17 H: 57 F: 5

		889D7B AD CF 0B    LDA $0BCF     [860BCF] A:DE20 X:00B3 Y:0002 S:012E D:0E68 DB:86 nvMXdizc V: 17 H: 67 F: 5
