80D4F6 20 30 D5    JSR $D530     [80D530] A:0E01 X:0000 Y:0008 S:0133 D:0E68 DB:86 nvMXdizC V:251 H: 18 F:38

	80D530 C2 20       REP #$20               A:0E01 X:0000 Y:0008 S:0131 D:0E68 DB:86 nvMXdizC V:251 H: 28 F:38
	80D532 A5 05       LDA $05       [000E6D] A:0E01 X:0000 Y:0008 S:0131 D:0E68 DB:86 nvmXdizC V:251 H: 32 F:38
	80D534 85 22       STA $22       [000E8A] A:1DD0 X:0000 Y:0008 S:0131 D:0E68 DB:86 nvmXdizC V:251 H: 41 F:38
	80D536 A5 08       LDA $08       [000E70] A:1DD0 X:0000 Y:0008 S:0131 D:0E68 DB:86 nvmXdizC V:251 H: 49 F:38
	80D538 85 24       STA $24       [000E8C] A:03A2 X:0000 Y:0008 S:0131 D:0E68 DB:86 nvmXdizC V:251 H: 58 F:38
	80D53A E2 20       SEP #$20               A:03A2 X:0000 Y:0008 S:0131 D:0E68 DB:86 nvmXdizC V:251 H: 66 F:38
	80D53C A9 80       LDA #$80               A:03A2 X:0000 Y:0008 S:0131 D:0E68 DB:86 nvMXdizC V:251 H: 71 F:38
	80D53E 14 0E       TRB $0E       [000E76] A:0380 X:0000 Y:0008 S:0131 D:0E68 DB:86 NvMXdizC V:251 H: 74 F:38
	80D540 A5 0A       LDA $0A       [000E72] A:0380 X:0000 Y:0008 S:0131 D:0E68 DB:86 NvMXdizC V:251 H: 84 F:38
	80D542 0A          ASL A                  A:0331 X:0000 Y:0008 S:0131 D:0E68 DB:86 nvMXdizC V:251 H: 90 F:38
	80D543 AA          TAX                    A:0362 X:0000 Y:0008 S:0131 D:0E68 DB:86 nvMXdizc V:251 H: 93 F:38
	80D544 7C DD F8    JMP ($F8DD,X) [80F93F] A:0362 X:0062 Y:0008 S:0131 D:0E68 DB:86 nvMXdizc V:251 H: 96 F:38

	80FAA6 22 E1 9B 88 JSL $889BE1   [889BE1] A:0362 X:0062 Y:0008 S:0131 D:0E68 DB:86 nvMXdizc V:251 H:105 F:38

		889BE1 A6 01       LDX $01       [000E69] A:0362 X:0062 Y:0008 S:012E D:0E68 DB:86 nvMXdizc V:251 H:119 F:38
		889BE3 7C E6 9B    JMP ($9BE6,X) [889BEA] A:0362 X:0004 Y:0008 S:012E D:0E68 DB:86 nvMXdizc V:251 H:125 F:38

		889D6E A9 0E       LDA #$0E               A:0362 X:0004 Y:0008 S:012E D:0E68 DB:86 nvMXdizc V:251 H:144 F:38
		889D70 14 11       TRB $11       [000E79] A:030E X:0004 Y:0008 S:012E D:0E68 DB:86 nvMXdizc V:251 H:147 F:38
		889D72 A5 33       LDA $33       [000E9B] A:030E X:0004 Y:0008 S:012E D:0E68 DB:86 nvMXdizc V:251 H:157 F:38
		889D74 04 11       TSB $11       [000E79] A:0308 X:0004 Y:0008 S:012E D:0E68 DB:86 nvMXdizc V:251 H:164 F:38
		889D76 A6 02       LDX $02       [000E6A] A:0308 X:0004 Y:0008 S:012E D:0E68 DB:86 nvMXdiZc V:251 H:174 F:38
		889D78 FC 2C 9E    JSR ($9E2C,X) [889E2C] A:0308 X:0000 Y:0008 S:012E D:0E68 DB:86 nvMXdiZc V:251 H:180 F:38			JSR ($889E2C,Action) = ($889E2C) = $889E38

			889E38 A6 03       LDX $03       [000E6B] A:0308 X:0000 Y:0008 S:012C D:0E68 DB:86 nvMXdiZc V:251 H:193 F:38
			889E3A 7C 3D 9E    JMP ($9E3D,X) [889E3D] A:0308 X:0000 Y:0008 S:012C D:0E68 DB:86 nvMXdiZc V:251 H:200 F:38		JMP ($889E3D,Subaction) = ($889E3D) = $889E45

			889E45 A9 02       LDA #$02               A:0308 X:0000 Y:0008 S:012C D:0E68 DB:86 nvMXdiZc V:251 H:209 F:38		Subaction = #$02
			889E47 85 03       STA $03       [000E6B] A:0302 X:0000 Y:0008 S:012C D:0E68 DB:86 nvMXdizc V:251 H:212 F:38
			889E49 A9 09       LDA #$09               A:0302 X:0000 Y:0008 S:012C D:0E68 DB:86 nvMXdizc V:251 H:218 F:38
			889E4B 22 07 8F 84 JSL $848F07   [848F07] A:0309 X:0000 Y:0008 S:012C D:0E68 DB:86 nvMXdizc V:251 H:221 F:38		JSL $848F07 --> New Countdown Routine ($16=#$91, A=#$09)

				848F07 08          PHP                    A:0309 X:0000 Y:0008 S:0129 D:0E68 DB:86 nvMXdizc V:251 H:235 F:38
				848F08 8B          PHB                    A:0309 X:0000 Y:0008 S:0128 D:0E68 DB:86 nvMXdizc V:251 H:240 F:38
				848F09 C2 30       REP #$30               A:0309 X:0000 Y:0008 S:0127 D:0E68 DB:86 nvMXdizc V:251 H:245 F:38
				848F0B 8D 0E 00    STA $000E     [86000E] A:0309 X:0000 Y:0008 S:0127 D:0E68 DB:86 nvmxdizc V:251 H:249 F:38
				848F0E A5 16       LDA $16       [000E7E] A:0309 X:0000 Y:0008 S:0127 D:0E68 DB:86 nvmxdizc V:251 H:258 F:38
				848F10 29 FF 00    AND #$00FF             A:8891 X:0000 Y:0008 S:0127 D:0E68 DB:86 Nvmxdizc V:251 H:266 F:38
				848F13 8D 0C 00    STA $000C     [86000C] A:0091 X:0000 Y:0008 S:0127 D:0E68 DB:86 nvmxdizc V:251 H:271 F:38
				848F16 0A          ASL A                  A:0091 X:0000 Y:0008 S:0127 D:0E68 DB:86 nvmxdizc V:251 H:279 F:38
				848F17 18          CLC                    A:0122 X:0000 Y:0008 S:0127 D:0E68 DB:86 nvmxdizc V:251 H:282 F:38
				848F18 6D 0C 00    ADC $000C     [86000C] A:0122 X:0000 Y:0008 S:0127 D:0E68 DB:86 nvmxdizc V:251 H:285 F:38
				848F1B AA          TAX                    A:01B3 X:0000 Y:0008 S:0127 D:0E68 DB:86 nvmxdizc V:251 H:294 F:38
				848F1C BF 00 A0 AF LDA $AFA000,X [AFA1B3] A:01B3 X:01B3 Y:0008 S:0127 D:0E68 DB:86 nvmxdizc V:251 H:297 F:38
				848F20 85 14       STA $14       [000E7C] A:DE6B X:01B3 Y:0008 S:0127 D:0E68 DB:86 Nvmxdizc V:251 H:306 F:38
				848F22 E2 20       SEP #$20               A:DE6B X:01B3 Y:0008 S:0127 D:0E68 DB:86 Nvmxdizc V:251 H:314 F:38
				848F24 BF 02 A0 AF LDA $AFA002,X [AFA1B5] A:DE6B X:01B3 Y:0008 S:0127 D:0E68 DB:86 NvMxdizc V:251 H:319 F:38
				848F28 48          PHA                    A:DEAF X:01B3 Y:0008 S:0127 D:0E68 DB:86 NvMxdizc V:251 H:326 F:38
				848F29 AB          PLB                    A:DEAF X:01B3 Y:0008 S:0126 D:0E68 DB:86 NvMxdizc V:251 H:330 F:38
				848F2A C2 20       REP #$20               A:DEAF X:01B3 Y:0008 S:0127 D:0E68 DB:AF NvMxdizc V:251 H:337 F:38
				848F2C AD 0E 00    LDA $000E     [AF000E] A:DEAF X:01B3 Y:0008 S:0127 D:0E68 DB:AF Nvmxdizc V:252 H:  1 F:38
				848F2F 29 FF 00    AND #$00FF             A:0309 X:01B3 Y:0008 S:0127 D:0E68 DB:AF nvmxdizc V:252 H: 10 F:38
				848F32 0A          ASL A                  A:0009 X:01B3 Y:0008 S:0127 D:0E68 DB:AF nvmxdizc V:252 H: 14 F:38
				848F33 A8          TAY                    A:0012 X:01B3 Y:0008 S:0127 D:0E68 DB:AF nvmxdizc V:252 H: 17 F:38
				848F34 B1 14       LDA ($14),Y   [AFDE7D] A:0012 X:01B3 Y:0012 S:0127 D:0E68 DB:AF nvmxdizc V:252 H: 20 F:38
				848F36 65 14       ADC $14       [000E7C] A:0116 X:01B3 Y:0012 S:0127 D:0E68 DB:AF nvmxdizc V:252 H: 33 F:38
				848F38 85 14       STA $14       [000E7C] A:DF81 X:01B3 Y:0012 S:0127 D:0E68 DB:AF Nvmxdizc V:252 H: 42 F:38
				848F3A E2 30       SEP #$30               A:DF81 X:01B3 Y:0012 S:0127 D:0E68 DB:AF Nvmxdizc V:252 H: 50 F:38
				848F3C B2 14       LDA ($14)     [AFDF81] A:DF81 X:00B3 Y:0012 S:0127 D:0E68 DB:AF NvMXdizc V:252 H: 55 F:38	Skeleton start: [AFDF81]
				848F3E 85 13       STA $13       [000E7B] A:DF04 X:00B3 Y:0012 S:0127 D:0E68 DB:AF nvMXdizc V:252 H: 65 F:38
				848F40 A0 01       LDY #$01               A:DF04 X:00B3 Y:0012 S:0127 D:0E68 DB:AF nvMXdizc V:252 H: 71 F:38
				848F42 B1 14       LDA ($14),Y   [AFDF82] A:DF04 X:00B3 Y:0001 S:0127 D:0E68 DB:AF nvMXdizc V:252 H: 74 F:38
				848F44 85 0F       STA $0F       [000E77] A:DF00 X:00B3 Y:0001 S:0127 D:0E68 DB:AF nvMXdiZc V:252 H: 84 F:38
				848F46 C8          INY                    A:DF00 X:00B3 Y:0001 S:0127 D:0E68 DB:AF nvMXdiZc V:252 H: 91 F:38
				848F47 B1 14       LDA ($14),Y   [AFDF83] A:DF00 X:00B3 Y:0002 S:0127 D:0E68 DB:AF nvMXdizc V:252 H: 94 F:38
				848F49 85 17       STA $17       [000E7F] A:DF00 X:00B3 Y:0002 S:0127 D:0E68 DB:AF nvMXdiZc V:252 H:104 F:38
				848F4B A9 80       LDA #$80               A:DF00 X:00B3 Y:0002 S:0127 D:0E68 DB:AF nvMXdiZc V:252 H:110 F:38
				848F4D 04 17       TSB $17       [000E7F] A:DF80 X:00B3 Y:0002 S:0127 D:0E68 DB:AF NvMXdizc V:252 H:113 F:38
				848F4F AB          PLB                    A:DF80 X:00B3 Y:0002 S:0127 D:0E68 DB:AF NvMXdiZc V:252 H:123 F:38
				848F50 28          PLP                    A:DF80 X:00B3 Y:0002 S:0128 D:0E68 DB:86 NvMXdizc V:252 H:130 F:38
				848F51 6B          RTL                    A:DF80 X:00B3 Y:0002 S:0129 D:0E68 DB:86 nvMXdizc V:252 H:146 F:38

			889E4F 22 A5 AC 84 JSL $84ACA5   [84ACA5] A:DF80 X:00B3 Y:0002 S:012C D:0E68 DB:86 nvMXdizc V:252 H:157 F:38		JSL $84ACA5 --> Update Facing (40 bit)

				84ACA5 08          PHP                    A:DF80 X:00B3 Y:0002 S:0129 D:0E68 DB:86 nvMXdizc V:252 H:170 F:38
				84ACA6 E2 20       SEP #$20               A:DF80 X:00B3 Y:0002 S:0128 D:0E68 DB:86 nvMXdizc V:252 H:175 F:38
				84ACA8 A9 40       LDA #$40               A:DF80 X:00B3 Y:0002 S:0128 D:0E68 DB:86 nvMXdizc V:252 H:180 F:38
				84ACAA 14 11       TRB $11       [000E79] A:DF40 X:00B3 Y:0002 S:0128 D:0E68 DB:86 nvMXdizc V:252 H:183 F:38
				84ACAC C2 20       REP #$20               A:DF40 X:00B3 Y:0002 S:0128 D:0E68 DB:86 nvMXdiZc V:252 H:193 F:38
				84ACAE AD AD 0B    LDA $0BAD     [860BAD] A:DF40 X:00B3 Y:0002 S:0128 D:0E68 DB:86 nvmXdiZc V:252 H:197 F:38
				84ACB1 38          SEC                    A:1D1B X:00B3 Y:0002 S:0128 D:0E68 DB:86 nvmXdizc V:252 H:206 F:38
				84ACB2 E5 05       SBC $05       [000E6D] A:1D1B X:00B3 Y:0002 S:0128 D:0E68 DB:86 nvmXdizC V:252 H:209 F:38
				84ACB4 E2 20       SEP #$20               A:FF4B X:00B3 Y:0002 S:0128 D:0E68 DB:86 NvmXdizc V:252 H:217 F:38
				84ACB6 A9 00       LDA #$00               A:FF4B X:00B3 Y:0002 S:0128 D:0E68 DB:86 NvMXdizc V:252 H:222 F:38
				84ACB8 6A          ROR A                  A:FF00 X:00B3 Y:0002 S:0128 D:0E68 DB:86 nvMXdiZc V:252 H:225 F:38
				84ACB9 4A          LSR A                  A:FF00 X:00B3 Y:0002 S:0128 D:0E68 DB:86 nvMXdiZc V:252 H:228 F:38
				84ACBA 04 11       TSB $11       [000E79] A:FF00 X:00B3 Y:0002 S:0128 D:0E68 DB:86 nvMXdiZc V:252 H:231 F:38
				84ACBC 28          PLP                    A:FF00 X:00B3 Y:0002 S:0128 D:0E68 DB:86 nvMXdiZc V:252 H:241 F:38
				84ACBD 6B          RTL                    A:FF00 X:00B3 Y:0002 S:0129 D:0E68 DB:86 nvMXdizc V:252 H:247 F:38

			889E53 A9 16       LDA #$16               A:FF00 X:00B3 Y:0002 S:012C D:0E68 DB:86 nvMXdizc V:252 H:258 F:38		
			889E55 85 2A       STA $2A       [000E92] A:FF16 X:00B3 Y:0002 S:012C D:0E68 DB:86 nvMXdizc V:252 H:261 F:38
			889E57 A5 11       LDA $11       [000E79] A:FF16 X:00B3 Y:0002 S:012C D:0E68 DB:86 nvMXdizc V:252 H:267 F:38
			889E59 0A          ASL A                  A:FF29 X:00B3 Y:0002 S:012C D:0E68 DB:86 nvMXdizc V:252 H:274 F:38
			889E5A 0A          ASL A                  A:FF52 X:00B3 Y:0002 S:012C D:0E68 DB:86 nvMXdizc V:252 H:277 F:38
			889E5B A9 16       LDA #$16               A:FFA4 X:00B3 Y:0002 S:012C D:0E68 DB:86 NvMXdizc V:252 H:280 F:38
			889E5D B0 02       BCS $0002     [889E61] A:FF16 X:00B3 Y:0002 S:012C D:0E68 DB:86 nvMXdizc V:252 H:283 F:38
			889E5F A9 EA       LDA #$EA               A:FF16 X:00B3 Y:0002 S:012C D:0E68 DB:86 nvMXdizc V:252 H:286 F:38
			889E61 85 2A       STA $2A       [000E92] A:FFEA X:00B3 Y:0002 S:012C D:0E68 DB:86 NvMXdizc V:252 H:289 F:38
			889E63 22 A0 90 84 JSL $8490A0   [8490A0] A:FFEA X:00B3 Y:0002 S:012C D:0E68 DB:86 NvMXdizc V:252 H:295 F:38		$8490A0 --> Load A = Current Colission, Y = Current Tile

				8490A0 20 A4 90    JSR $90A4     [8490A4] A:FFEA X:00B3 Y:0002 S:0129 D:0E68 DB:86 NvMXdizc V:252 H:309 F:38

					8490A4 0B          PHD                    A:FFEA X:00B3 Y:0002 S:0127 D:0E68 DB:86 NvMXdizc V:252 H:319 F:38
					8490A5 DA          PHX                    A:FFEA X:00B3 Y:0002 S:0125 D:0E68 DB:86 NvMXdizc V:252 H:325 F:38
					8490A6 08          PHP                    A:FFEA X:00B3 Y:0002 S:0124 D:0E68 DB:86 NvMXdizc V:252 H:330 F:38
					8490A7 C2 30       REP #$30               A:FFEA X:00B3 Y:0002 S:0123 D:0E68 DB:86 NvMXdizc V:252 H:335 F:38
					8490A9 7B          TDC                    A:FFEA X:00B3 Y:0002 S:0123 D:0E68 DB:86 Nvmxdizc V:252 H:339 F:38
					8490AA AA          TAX                    A:0E68 X:00B3 Y:0002 S:0123 D:0E68 DB:86 nvmxdizc V:253 H:  2 F:38
					8490AB A9 00 00    LDA #$0000             A:0E68 X:0E68 Y:0002 S:0123 D:0E68 DB:86 nvmxdizc V:253 H:  5 F:38
					8490AE 5B          TCD                    A:0000 X:0E68 Y:0002 S:0123 D:0E68 DB:86 nvmxdiZc V:253 H: 10 F:38
					8490AF E2 20       SEP #$20               A:0000 X:0E68 Y:0002 S:0123 D:0000 DB:86 nvmxdiZc V:253 H: 13 F:38
					8490B1 80 07       BRA $0007     [8490BA] A:0000 X:0E68 Y:0002 S:0123 D:0000 DB:86 nvMxdiZc V:253 H: 17 F:38
					8490BA 64 01       STZ $01       [000001] A:0000 X:0E68 Y:0002 S:0123 D:0000 DB:86 nvMxdiZc V:253 H: 22 F:38
					8490BC B5 29       LDA $29,X     [000E91] A:0000 X:0E68 Y:0002 S:0123 D:0000 DB:86 nvMxdiZc V:253 H: 27 F:38
					8490BE 10 02       BPL $0002     [8490C2] A:0000 X:0E68 Y:0002 S:0123 D:0000 DB:86 nvMxdiZc V:253 H: 33 F:38
					8490C2 18          CLC                    A:0000 X:0E68 Y:0002 S:0123 D:0000 DB:86 nvMxdiZc V:253 H: 38 F:38
					8490C3 75 05       ADC $05,X     [000E6D] A:0000 X:0E68 Y:0002 S:0123 D:0000 DB:86 nvMxdiZc V:253 H: 41 F:38
					8490C5 85 00       STA $00       [000000] A:00D0 X:0E68 Y:0002 S:0123 D:0000 DB:86 NvMxdizc V:253 H: 47 F:38
					8490C7 B5 06       LDA $06,X     [000E6E] A:00D0 X:0E68 Y:0002 S:0123 D:0000 DB:86 NvMxdizc V:253 H: 52 F:38
					8490C9 65 01       ADC $01       [000001] A:001D X:0E68 Y:0002 S:0123 D:0000 DB:86 nvMxdizc V:253 H: 59 F:38
					8490CB 85 01       STA $01       [000001] A:001D X:0E68 Y:0002 S:0123 D:0000 DB:86 nvMxdizc V:253 H: 64 F:38
					8490CD 64 03       STZ $03       [000003] A:001D X:0E68 Y:0002 S:0123 D:0000 DB:86 nvMxdizc V:253 H: 69 F:38
					8490CF B5 2A       LDA $2A,X     [000E92] A:001D X:0E68 Y:0002 S:0123 D:0000 DB:86 nvMxdizc V:253 H: 74 F:38
					8490D1 10 02       BPL $0002     [8490D5] A:00EA X:0E68 Y:0002 S:0123 D:0000 DB:86 NvMxdizc V:253 H: 80 F:38
					8490D3 C6 03       DEC $03       [000003] A:00EA X:0E68 Y:0002 S:0123 D:0000 DB:86 NvMxdizc V:253 H: 83 F:38
					8490D5 18          CLC                    A:00EA X:0E68 Y:0002 S:0123 D:0000 DB:86 NvMxdizc V:253 H: 92 F:38
					8490D6 75 08       ADC $08,X     [000E70] A:00EA X:0E68 Y:0002 S:0123 D:0000 DB:86 NvMxdizc V:253 H: 95 F:38
					8490D8 85 02       STA $02       [000002] A:008C X:0E68 Y:0002 S:0123 D:0000 DB:86 NvMxdizC V:253 H:101 F:38
					8490DA 29 F0       AND #$F0               A:008C X:0E68 Y:0002 S:0123 D:0000 DB:86 NvMxdizC V:253 H:106 F:38
					8490DC 85 0A       STA $0A       [00000A] A:0080 X:0E68 Y:0002 S:0123 D:0000 DB:86 NvMxdizC V:253 H:109 F:38
					8490DE B5 09       LDA $09,X     [000E71] A:0080 X:0E68 Y:0002 S:0123 D:0000 DB:86 NvMxdizC V:253 H:114 F:38
					8490E0 65 03       ADC $03       [000003] A:0003 X:0E68 Y:0002 S:0123 D:0000 DB:86 nvMxdizC V:253 H:121 F:38
					8490E2 85 03       STA $03       [000003] A:0003 X:0E68 Y:0002 S:0123 D:0000 DB:86 nvMxdizC V:253 H:126 F:38
					8490E4 85 0B       STA $0B       [00000B] A:0003 X:0E68 Y:0002 S:0123 D:0000 DB:86 nvMxdizC V:253 H:131 F:38
					8490E6 A5 00       LDA $00       [000000] A:0003 X:0E68 Y:0002 S:0123 D:0000 DB:86 nvMxdizC V:253 H:146 F:38
					8490E8 29 0F       AND #$0F               A:00D0 X:0E68 Y:0002 S:0123 D:0000 DB:86 NvMxdizC V:253 H:151 F:38
					8490EA 1A          INC                    A:0000 X:0E68 Y:0002 S:0123 D:0000 DB:86 nvMxdiZC V:253 H:154 F:38
					8490EB 85 0C       STA $0C       [00000C] A:0001 X:0E68 Y:0002 S:0123 D:0000 DB:86 nvMxdizC V:253 H:157 F:38
					8490ED A5 02       LDA $02       [000002] A:0001 X:0E68 Y:0002 S:0123 D:0000 DB:86 nvMxdizC V:253 H:162 F:38
					8490EF 29 0F       AND #$0F               A:008C X:0E68 Y:0002 S:0123 D:0000 DB:86 NvMxdizC V:253 H:167 F:38
					8490F1 1A          INC                    A:000C X:0E68 Y:0002 S:0123 D:0000 DB:86 nvMxdizC V:253 H:170 F:38
					8490F2 85 0E       STA $0E       [00000E] A:000D X:0E68 Y:0002 S:0123 D:0000 DB:86 nvMxdizC V:253 H:173 F:38
					8490F4 C2 20       REP #$20               A:000D X:0E68 Y:0002 S:0123 D:0000 DB:86 nvMxdizC V:253 H:178 F:38
					8490F6 20 6A 91    JSR $916A     [84916A] A:000D X:0E68 Y:0002 S:0123 D:0000 DB:86 nvmxdizC V:253 H:182 F:38

						84916A A9 00 E8    LDA #$E800             A:000D X:0E68 Y:0002 S:0121 D:0000 DB:86 nvmxdizC V:253 H:192 F:38
						84916D 85 10       STA $10       [000010] A:E800 X:0E68 Y:0002 S:0121 D:0000 DB:86 NvmxdizC V:253 H:197 F:38
						84916F A9 7E 00    LDA #$007E             A:E800 X:0E68 Y:0002 S:0121 D:0000 DB:86 NvmxdizC V:253 H:204 F:38
						849172 85 12       STA $12       [000012] A:007E X:0E68 Y:0002 S:0121 D:0000 DB:86 nvmxdizC V:253 H:208 F:38
						849174 A5 02       LDA $02       [000002] A:007E X:0E68 Y:0002 S:0121 D:0000 DB:86 nvmxdizC V:253 H:215 F:38
						849176 29 F0 00    AND #$00F0             A:038C X:0E68 Y:0002 S:0121 D:0000 DB:86 nvmxdizC V:253 H:222 F:38
						849179 0A          ASL A                  A:0080 X:0E68 Y:0002 S:0121 D:0000 DB:86 nvmxdizC V:253 H:227 F:38
						84917A 85 04       STA $04       [000004] A:0100 X:0E68 Y:0002 S:0121 D:0000 DB:86 nvmxdizc V:253 H:230 F:38
						84917C A5 00       LDA $00       [000000] A:0100 X:0E68 Y:0002 S:0121 D:0000 DB:86 nvmxdizc V:253 H:237 F:38
						84917E 29 FF 00    AND #$00FF             A:1DD0 X:0E68 Y:0002 S:0121 D:0000 DB:86 nvmxdizc V:253 H:244 F:38
						849181 4A          LSR A                  A:00D0 X:0E68 Y:0002 S:0121 D:0000 DB:86 nvmxdizc V:253 H:248 F:38
						849182 4A          LSR A                  A:0068 X:0E68 Y:0002 S:0121 D:0000 DB:86 nvmxdizc V:253 H:251 F:38
						849183 4A          LSR A                  A:0034 X:0E68 Y:0002 S:0121 D:0000 DB:86 nvmxdizc V:253 H:254 F:38
						849184 29 FE FF    AND #$FFFE             A:001A X:0E68 Y:0002 S:0121 D:0000 DB:86 nvmxdizc V:253 H:257 F:38
						849187 18          CLC                    A:001A X:0E68 Y:0002 S:0121 D:0000 DB:86 nvmxdizc V:253 H:262 F:38
						849188 65 04       ADC $04       [000004] A:001A X:0E68 Y:0002 S:0121 D:0000 DB:86 nvmxdizc V:253 H:265 F:38
						84918A 85 06       STA $06       [000006] A:011A X:0E68 Y:0002 S:0121 D:0000 DB:86 nvmxdizc V:253 H:272 F:38
						84918C A5 00       LDA $00       [000000] A:011A X:0E68 Y:0002 S:0121 D:0000 DB:86 nvmxdizc V:253 H:279 F:38
						84918E EB          XBA                    A:1DD0 X:0E68 Y:0002 S:0121 D:0000 DB:86 nvmxdizc V:253 H:286 F:38
						84918F 29 1F 00    AND #$001F             A:D01D X:0E68 Y:0002 S:0121 D:0000 DB:86 nvmxdizc V:253 H:290 F:38
						849192 85 04       STA $04       [000004] A:001D X:0E68 Y:0002 S:0121 D:0000 DB:86 nvmxdizc V:253 H:295 F:38
						849194 A5 02       LDA $02       [000002] A:001D X:0E68 Y:0002 S:0121 D:0000 DB:86 nvmxdizc V:253 H:302 F:38
						849196 29 00 1F    AND #$1F00             A:038C X:0E68 Y:0002 S:0121 D:0000 DB:86 nvmxdizc V:253 H:309 F:38
						849199 4A          LSR A                  A:0300 X:0E68 Y:0002 S:0121 D:0000 DB:86 nvmxdizc V:253 H:313 F:38
						84919A 4A          LSR A                  A:0180 X:0E68 Y:0002 S:0121 D:0000 DB:86 nvmxdizc V:253 H:316 F:38
						84919B 4A          LSR A                  A:00C0 X:0E68 Y:0002 S:0121 D:0000 DB:86 nvmxdizc V:253 H:319 F:38
						84919C 18          CLC                    A:0060 X:0E68 Y:0002 S:0121 D:0000 DB:86 nvmxdizc V:253 H:322 F:38
						84919D 65 04       ADC $04       [000004] A:0060 X:0E68 Y:0002 S:0121 D:0000 DB:86 nvmxdizc V:253 H:325 F:38
						84919F A8          TAY                    A:007D X:0E68 Y:0002 S:0121 D:0000 DB:86 nvmxdizc V:253 H:331 F:38
						8491A0 B7 10       LDA [$10],Y   [7EE87D] A:007D X:0E68 Y:007D S:0121 D:0000 DB:86 nvmxdizc V:253 H:334 F:38
						8491A2 29 FF 00    AND #$00FF             A:0024 X:0E68 Y:007D S:0121 D:0000 DB:86 nvmxdizc V:254 H:  7 F:38
						8491A5 A8          TAY                    A:0024 X:0E68 Y:007D S:0121 D:0000 DB:86 nvmxdizc V:254 H: 12 F:38
						8491A6 EB          XBA                    A:0024 X:0E68 Y:0024 S:0121 D:0000 DB:86 nvmxdizc V:254 H: 15 F:38
						8491A7 0A          ASL A                  A:2400 X:0E68 Y:0024 S:0121 D:0000 DB:86 nvmxdiZc V:254 H: 19 F:38
						8491A8 18          CLC                    A:4800 X:0E68 Y:0024 S:0121 D:0000 DB:86 nvmxdizc V:254 H: 22 F:38
						8491A9 65 06       ADC $06       [000006] A:4800 X:0E68 Y:0024 S:0121 D:0000 DB:86 nvmxdizc V:254 H: 25 F:38
						8491AB AA          TAX                    A:491A X:0E68 Y:0024 S:0121 D:0000 DB:86 nvmxdizc V:254 H: 32 F:38
						8491AC 60          RTS                    A:491A X:491A Y:0024 S:0121 D:0000 DB:86 nvmxdizc V:254 H: 35 F:38

					8490F9 BF 00 20 7E LDA $7E2000,X [7E691A] A:491A X:491A Y:0024 S:0123 D:0000 DB:86 nvmxdizc V:254 H: 45 F:38
					8490FD A8          TAY                    A:01AA X:491A Y:0024 S:0123 D:0000 DB:86 nvmxdizc V:254 H: 55 F:38
					8490FE AD 92 0B    LDA $0B92     [860B92] A:01AA X:491A Y:01AA S:0123 D:0000 DB:86 nvmxdizc V:254 H: 58 F:38
					849101 85 10       STA $10       [000010] A:EB15 X:491A Y:01AA S:0123 D:0000 DB:86 Nvmxdizc V:254 H: 67 F:38
					849103 AD 94 0B    LDA $0B94     [860B94] A:EB15 X:491A Y:01AA S:0123 D:0000 DB:86 Nvmxdizc V:254 H: 74 F:38
					849106 85 12       STA $12       [000012] A:F895 X:491A Y:01AA S:0123 D:0000 DB:86 Nvmxdizc V:254 H: 82 F:38
					849108 B7 10       LDA [$10],Y   [95ECBF] A:F895 X:491A Y:01AA S:0123 D:0000 DB:86 Nvmxdizc V:254 H: 89 F:38
					84910A 29 FF 00    AND #$00FF             A:0000 X:491A Y:01AA S:0123 D:0000 DB:86 nvmxdiZc V:254 H:101 F:38
					84910D 28          PLP                    A:0000 X:491A Y:01AA S:0123 D:0000 DB:86 nvmxdiZc V:254 H:106 F:38
					84910E FA          PLX                    A:0000 X:001A Y:00AA S:0124 D:0000 DB:86 NvMXdizc V:254 H:112 F:38
					84910F 2B          PLD                    A:0000 X:00B3 Y:00AA S:0125 D:0000 DB:86 NvMXdizc V:254 H:119 F:38
					849110 60          RTS                    A:0000 X:00B3 Y:00AA S:0127 D:0E68 DB:86 nvMXdizc V:254 H:127 F:38

				8490A3 6B          RTL                    A:0000 X:00B3 Y:00AA S:0129 D:0E68 DB:86 nvMXdizc V:254 H:147 F:38

			889E67 C9 34       CMP #$34               A:0000 X:00B3 Y:00AA S:012C D:0E68 DB:86 nvMXdizc V:254 H:158 F:38		
			889E69 90 06       BCC $0006     [889E71] A:0000 X:00B3 Y:00AA S:012C D:0E68 DB:86 NvMXdizc V:254 H:161 F:38 		Branch because current colission > #$34  
			889E71 60          RTS                    A:0000 X:00B3 Y:00AA S:012C D:0E68 DB:86 NvMXdizc V:254 H:165 F:38		Return

		889D7B AD CF 0B    LDA $0BCF     [860BCF] A:0000 X:00B3 Y:00AA S:012E D:0E68 DB:86 NvMXdizc V:254 H:175 F:38			Normal routine after action
		889D7E 29 7F       AND #$7F               A:0020 X:00B3 Y:00AA S:012E D:0E68 DB:86 nvMXdizc V:254 H:182 F:38
		889D80 D0 03       BNE $0003     [889D85] A:0020 X:00B3 Y:00AA S:012E D:0E68 DB:86 nvMXdizc V:254 H:185 F:38
		889D85 A9 0A       LDA #$0A               A:0020 X:00B3 Y:00AA S:012E D:0E68 DB:86 nvMXdizc V:254 H:189 F:38
		889D87 A6 35       LDX $35       [000E9D] A:000A X:00B3 Y:00AA S:012E D:0E68 DB:86 nvMXdizc V:254 H:192 F:38
		889D89 F0 02       BEQ $0002     [889D8D] A:000A X:0000 Y:00AA S:012E D:0E68 DB:86 nvMXdiZc V:254 H:199 F:38
		889D8D 85 28       STA $28       [000E90] A:000A X:0000 Y:00AA S:012E D:0E68 DB:86 nvMXdiZc V:254 H:203 F:38
		889D8F A5 17       LDA $17       [000E7F] A:000A X:0000 Y:00AA S:012E D:0E68 DB:86 nvMXdiZc V:254 H:210 F:38
		889D91 29 7F       AND #$7F               A:0080 X:0000 Y:00AA S:012E D:0E68 DB:86 NvMXdizc V:254 H:216 F:38
		889D93 AA          TAX                    A:0000 X:0000 Y:00AA S:012E D:0E68 DB:86 nvMXdiZc V:254 H:219 F:38
		889D94 BD 75 CF    LDA $CF75,X   [86CF75] A:0000 X:0000 Y:00AA S:012E D:0E68 DB:86 nvMXdiZc V:254 H:222 F:38
		889D97 0A          ASL A                  A:0000 X:0000 Y:00AA S:012E D:0E68 DB:86 nvMXdiZc V:254 H:228 F:38
		889D98 0A          ASL A                  A:0000 X:0000 Y:00AA S:012E D:0E68 DB:86 nvMXdiZc V:254 H:231 F:38
		889D99 C2 20       REP #$20               A:0000 X:0000 Y:00AA S:012E D:0E68 DB:86 nvMXdiZc V:254 H:234 F:38
		889D9B 29 FF 00    AND #$00FF             A:0000 X:0000 Y:00AA S:012E D:0E68 DB:86 nvmXdiZc V:254 H:239 F:38
		889D9E 69 94 CF    ADC #$CF94             A:0000 X:0000 Y:00AA S:012E D:0E68 DB:86 nvmXdiZc V:254 H:243 F:38
		889DA1 85 20       STA $20       [000E88] A:CF94 X:0000 Y:00AA S:012E D:0E68 DB:86 NvmXdizc V:254 H:248 F:38
		889DA3 E2 20       SEP #$20               A:CF94 X:0000 Y:00AA S:012E D:0E68 DB:86 NvmXdizc V:254 H:256 F:38
		889DA5 22 43 9B 84 JSL $849B43   [849B43] A:CF94 X:0000 Y:00AA S:012E D:0E68 DB:86 NvMXdizc V:254 H:261 F:38			JSL $849B43 --> Check if MMXShot exists, if there isn't return with A = #$00

			849B43 C2 10       REP #$10               A:CF94 X:0000 Y:00AA S:012B D:0E68 DB:86 NvMXdizc V:254 H:274 F:38
			849B45 A5 27       LDA $27       [000E8F] A:CF94 X:0000 Y:00AA S:012B D:0E68 DB:86 NvMxdizc V:254 H:279 F:38
			849B47 29 7F       AND #$7F               A:CF20 X:0000 Y:00AA S:012B D:0E68 DB:86 nvMxdizc V:254 H:285 F:38
			849B49 85 27       STA $27       [000E8F] A:CF20 X:0000 Y:00AA S:012B D:0E68 DB:86 nvMxdizc V:254 H:288 F:38
			849B4B F0 2C       BEQ $002C     [849B79] A:CF20 X:0000 Y:00AA S:012B D:0E68 DB:86 nvMxdizc V:254 H:295 F:38
			849B4D A5 30       LDA $30       [000E98] A:CF20 X:0000 Y:00AA S:012B D:0E68 DB:86 nvMxdizc V:254 H:298 F:38
			849B4F D0 28       BNE $0028     [849B79] A:CF00 X:0000 Y:00AA S:012B D:0E68 DB:86 nvMxdiZc V:254 H:304 F:38
			849B51 A5 0E       LDA $0E       [000E76] A:CF00 X:0000 Y:00AA S:012B D:0E68 DB:86 nvMxdiZc V:254 H:307 F:38
			849B53 F0 24       BEQ $0024     [849B79] A:CF01 X:0000 Y:00AA S:012B D:0E68 DB:86 nvMxdizc V:254 H:314 F:38
			849B55 A2 28 12    LDX #$1228             A:CF01 X:0000 Y:00AA S:012B D:0E68 DB:86 nvMxdizc V:254 H:317 F:38
			849B58 E2 20       SEP #$20               A:CF01 X:1228 Y:00AA S:012B D:0E68 DB:86 nvMxdizc V:254 H:321 F:38
			849B5A BD 00 00    LDA $0000,X   [861228] A:CF01 X:1228 Y:00AA S:012B D:0E68 DB:86 nvMxdizc V:254 H:325 F:38
			849B5D F0 0E       BEQ $000E     [849B6D] A:CF00 X:1228 Y:00AA S:012B D:0E68 DB:86 nvMxdiZc V:254 H:333 F:38
			849B6D C2 21       REP #$21               A:CF00 X:1228 Y:00AA S:012B D:0E68 DB:86 nvMxdiZc V:254 H:337 F:38
			849B6F 8A          TXA                    A:CF00 X:1228 Y:00AA S:012B D:0E68 DB:86 nvmxdiZc V:255 H:  2 F:38
			849B70 69 40 00    ADC #$0040             A:1228 X:1228 Y:00AA S:012B D:0E68 DB:86 nvmxdizc V:255 H:  5 F:38
			849B73 AA          TAX                    A:1268 X:1228 Y:00AA S:012B D:0E68 DB:86 nvmxdizc V:255 H:  9 F:38
			849B74 C9 28 14    CMP #$1428             A:1268 X:1268 Y:00AA S:012B D:0E68 DB:86 nvmxdizc V:255 H: 12 F:38
			849B77 90 DF       BCC $00DF     [849B58] A:1268 X:1268 Y:00AA S:012B D:0E68 DB:86 Nvmxdizc V:255 H: 17 F:38
			849B58 E2 20       SEP #$20               A:1268 X:1268 Y:00AA S:012B D:0E68 DB:86 Nvmxdizc V:255 H: 21 F:38
			849B5A BD 00 00    LDA $0000,X   [861268] A:1268 X:1268 Y:00AA S:012B D:0E68 DB:86 NvMxdizc V:255 H: 26 F:38
			849B5D F0 0E       BEQ $000E     [849B6D] A:1200 X:1268 Y:00AA S:012B D:0E68 DB:86 nvMxdiZc V:255 H: 34 F:38
			849B6D C2 21       REP #$21               A:1200 X:1268 Y:00AA S:012B D:0E68 DB:86 nvMxdiZc V:255 H: 38 F:38
			849B6F 8A          TXA                    A:1200 X:1268 Y:00AA S:012B D:0E68 DB:86 nvmxdiZc V:255 H: 43 F:38
			849B70 69 40 00    ADC #$0040             A:1268 X:1268 Y:00AA S:012B D:0E68 DB:86 nvmxdizc V:255 H: 46 F:38
			849B73 AA          TAX                    A:12A8 X:1268 Y:00AA S:012B D:0E68 DB:86 nvmxdizc V:255 H: 50 F:38
			849B74 C9 28 14    CMP #$1428             A:12A8 X:12A8 Y:00AA S:012B D:0E68 DB:86 nvmxdizc V:255 H: 53 F:38
			849B77 90 DF       BCC $00DF     [849B58] A:12A8 X:12A8 Y:00AA S:012B D:0E68 DB:86 Nvmxdizc V:255 H: 58 F:38
			849B58 E2 20       SEP #$20               A:12A8 X:12A8 Y:00AA S:012B D:0E68 DB:86 Nvmxdizc V:255 H: 62 F:38
			849B5A BD 00 00    LDA $0000,X   [8612A8] A:12A8 X:12A8 Y:00AA S:012B D:0E68 DB:86 NvMxdizc V:255 H: 67 F:38
			849B5D F0 0E       BEQ $000E     [849B6D] A:1200 X:12A8 Y:00AA S:012B D:0E68 DB:86 nvMxdiZc V:255 H: 75 F:38
			849B6D C2 21       REP #$21               A:1200 X:12A8 Y:00AA S:012B D:0E68 DB:86 nvMxdiZc V:255 H: 79 F:38
			849B6F 8A          TXA                    A:1200 X:12A8 Y:00AA S:012B D:0E68 DB:86 nvmxdiZc V:255 H: 84 F:38
			849B70 69 40 00    ADC #$0040             A:12A8 X:12A8 Y:00AA S:012B D:0E68 DB:86 nvmxdizc V:255 H: 87 F:38
			849B73 AA          TAX                    A:12E8 X:12A8 Y:00AA S:012B D:0E68 DB:86 nvmxdizc V:255 H: 91 F:38
			849B74 C9 28 14    CMP #$1428             A:12E8 X:12E8 Y:00AA S:012B D:0E68 DB:86 nvmxdizc V:255 H: 94 F:38
			849B77 90 DF       BCC $00DF     [849B58] A:12E8 X:12E8 Y:00AA S:012B D:0E68 DB:86 Nvmxdizc V:255 H: 99 F:38
			849B58 E2 20       SEP #$20               A:12E8 X:12E8 Y:00AA S:012B D:0E68 DB:86 Nvmxdizc V:255 H:103 F:38
			849B5A BD 00 00    LDA $0000,X   [8612E8] A:12E8 X:12E8 Y:00AA S:012B D:0E68 DB:86 NvMxdizc V:255 H:108 F:38
			849B5D F0 0E       BEQ $000E     [849B6D] A:1200 X:12E8 Y:00AA S:012B D:0E68 DB:86 nvMxdiZc V:255 H:116 F:38
			849B6D C2 21       REP #$21               A:1200 X:12E8 Y:00AA S:012B D:0E68 DB:86 nvMxdiZc V:255 H:120 F:38
			849B6F 8A          TXA                    A:1200 X:12E8 Y:00AA S:012B D:0E68 DB:86 nvmxdiZc V:255 H:125 F:38
			849B70 69 40 00    ADC #$0040             A:12E8 X:12E8 Y:00AA S:012B D:0E68 DB:86 nvmxdizc V:255 H:128 F:38
			849B73 AA          TAX                    A:1328 X:12E8 Y:00AA S:012B D:0E68 DB:86 nvmxdizc V:255 H:132 F:38
			849B74 C9 28 14    CMP #$1428             A:1328 X:1328 Y:00AA S:012B D:0E68 DB:86 nvmxdizc V:255 H:145 F:38
			849B77 90 DF       BCC $00DF     [849B58] A:1328 X:1328 Y:00AA S:012B D:0E68 DB:86 Nvmxdizc V:255 H:150 F:38
			849B58 E2 20       SEP #$20               A:1328 X:1328 Y:00AA S:012B D:0E68 DB:86 Nvmxdizc V:255 H:154 F:38
			849B5A BD 00 00    LDA $0000,X   [861328] A:1328 X:1328 Y:00AA S:012B D:0E68 DB:86 NvMxdizc V:255 H:159 F:38
			849B5D F0 0E       BEQ $000E     [849B6D] A:1300 X:1328 Y:00AA S:012B D:0E68 DB:86 nvMxdiZc V:255 H:167 F:38
			849B6D C2 21       REP #$21               A:1300 X:1328 Y:00AA S:012B D:0E68 DB:86 nvMxdiZc V:255 H:171 F:38
			849B6F 8A          TXA                    A:1300 X:1328 Y:00AA S:012B D:0E68 DB:86 nvmxdiZc V:255 H:176 F:38
			849B70 69 40 00    ADC #$0040             A:1328 X:1328 Y:00AA S:012B D:0E68 DB:86 nvmxdizc V:255 H:179 F:38
			849B73 AA          TAX                    A:1368 X:1328 Y:00AA S:012B D:0E68 DB:86 nvmxdizc V:255 H:183 F:38
			849B74 C9 28 14    CMP #$1428             A:1368 X:1368 Y:00AA S:012B D:0E68 DB:86 nvmxdizc V:255 H:186 F:38
			849B77 90 DF       BCC $00DF     [849B58] A:1368 X:1368 Y:00AA S:012B D:0E68 DB:86 Nvmxdizc V:255 H:191 F:38
			849B58 E2 20       SEP #$20               A:1368 X:1368 Y:00AA S:012B D:0E68 DB:86 Nvmxdizc V:255 H:195 F:38
			849B5A BD 00 00    LDA $0000,X   [861368] A:1368 X:1368 Y:00AA S:012B D:0E68 DB:86 NvMxdizc V:255 H:200 F:38
			849B5D F0 0E       BEQ $000E     [849B6D] A:1300 X:1368 Y:00AA S:012B D:0E68 DB:86 nvMxdiZc V:255 H:208 F:38
			849B6D C2 21       REP #$21               A:1300 X:1368 Y:00AA S:012B D:0E68 DB:86 nvMxdiZc V:255 H:212 F:38
			849B6F 8A          TXA                    A:1300 X:1368 Y:00AA S:012B D:0E68 DB:86 nvmxdiZc V:255 H:217 F:38
			849B70 69 40 00    ADC #$0040             A:1368 X:1368 Y:00AA S:012B D:0E68 DB:86 nvmxdizc V:255 H:220 F:38
			849B73 AA          TAX                    A:13A8 X:1368 Y:00AA S:012B D:0E68 DB:86 nvmxdizc V:255 H:224 F:38
			849B74 C9 28 14    CMP #$1428             A:13A8 X:13A8 Y:00AA S:012B D:0E68 DB:86 nvmxdizc V:255 H:227 F:38
			849B77 90 DF       BCC $00DF     [849B58] A:13A8 X:13A8 Y:00AA S:012B D:0E68 DB:86 Nvmxdizc V:255 H:232 F:38
			849B58 E2 20       SEP #$20               A:13A8 X:13A8 Y:00AA S:012B D:0E68 DB:86 Nvmxdizc V:255 H:236 F:38
			849B5A BD 00 00    LDA $0000,X   [8613A8] A:13A8 X:13A8 Y:00AA S:012B D:0E68 DB:86 NvMxdizc V:255 H:241 F:38
			849B5D F0 0E       BEQ $000E     [849B6D] A:1300 X:13A8 Y:00AA S:012B D:0E68 DB:86 nvMxdiZc V:255 H:249 F:38
			849B6D C2 21       REP #$21               A:1300 X:13A8 Y:00AA S:012B D:0E68 DB:86 nvMxdiZc V:255 H:253 F:38
			849B6F 8A          TXA                    A:1300 X:13A8 Y:00AA S:012B D:0E68 DB:86 nvmxdiZc V:255 H:258 F:38
			849B70 69 40 00    ADC #$0040             A:13A8 X:13A8 Y:00AA S:012B D:0E68 DB:86 nvmxdizc V:255 H:261 F:38
			849B73 AA          TAX                    A:13E8 X:13A8 Y:00AA S:012B D:0E68 DB:86 nvmxdizc V:255 H:265 F:38
			849B74 C9 28 14    CMP #$1428             A:13E8 X:13E8 Y:00AA S:012B D:0E68 DB:86 nvmxdizc V:255 H:268 F:38
			849B77 90 DF       BCC $00DF     [849B58] A:13E8 X:13E8 Y:00AA S:012B D:0E68 DB:86 Nvmxdizc V:255 H:273 F:38
			849B58 E2 20       SEP #$20               A:13E8 X:13E8 Y:00AA S:012B D:0E68 DB:86 Nvmxdizc V:255 H:277 F:38
			849B5A BD 00 00    LDA $0000,X   [8613E8] A:13E8 X:13E8 Y:00AA S:012B D:0E68 DB:86 NvMxdizc V:255 H:282 F:38
			849B5D F0 0E       BEQ $000E     [849B6D] A:1300 X:13E8 Y:00AA S:012B D:0E68 DB:86 nvMxdiZc V:255 H:290 F:38
			849B6D C2 21       REP #$21               A:1300 X:13E8 Y:00AA S:012B D:0E68 DB:86 nvMxdiZc V:255 H:294 F:38
			849B6F 8A          TXA                    A:1300 X:13E8 Y:00AA S:012B D:0E68 DB:86 nvmxdiZc V:255 H:299 F:38
			849B70 69 40 00    ADC #$0040             A:13E8 X:13E8 Y:00AA S:012B D:0E68 DB:86 nvmxdizc V:255 H:302 F:38
			849B73 AA          TAX                    A:1428 X:13E8 Y:00AA S:012B D:0E68 DB:86 nvmxdizc V:255 H:306 F:38
			849B74 C9 28 14    CMP #$1428             A:1428 X:1428 Y:00AA S:012B D:0E68 DB:86 nvmxdizc V:255 H:309 F:38
			849B77 90 DF       BCC $00DF     [849B58] A:1428 X:1428 Y:00AA S:012B D:0E68 DB:86 nvmxdiZC V:255 H:314 F:38
			849B79 E2 30       SEP #$30               A:1428 X:1428 Y:00AA S:012B D:0E68 DB:86 nvmxdiZC V:255 H:317 F:38
			849B7B A9 00       LDA #$00               A:1428 X:0028 Y:00AA S:012B D:0E68 DB:86 nvMXdiZC V:255 H:321 F:38
			849B7D 6B          RTL                    A:1400 X:0028 Y:00AA S:012B D:0E68 DB:86 nvMXdiZC V:255 H:324 F:38

		889DA9 F0 66       BEQ $0066     [889E11] A:1400 X:0028 Y:00AA S:012E D:0E68 DB:86 nvMXdiZC V:255 H:334 F:38
		889E11 A5 35       LDA $35       [000E9D] A:1400 X:0028 Y:00AA S:012E D:0E68 DB:86 nvMXdiZC V:255 H:338 F:38
		889E13 F0 0F       BEQ $000F     [889E24] A:1400 X:0028 Y:00AA S:012E D:0E68 DB:86 nvMXdiZC V:256 H:  5 F:38
		889E24 22 03 9B 84 JSL $849B03   [849B03] A:1400 X:0028 Y:00AA S:012E D:0E68 DB:86 nvMXdiZC V:256 H:  9 F:38			JSL $849B03 --> Various general checks

			849B03 C2 10       REP #$10               A:1400 X:0028 Y:00AA S:012B D:0E68 DB:86 nvMXdiZC V:256 H: 23 F:38
			849B05 A5 27       LDA $27       [000E8F] A:1400 X:0028 Y:00AA S:012B D:0E68 DB:86 nvMxdiZC V:256 H: 27 F:38
			849B07 F0 70       BEQ $0070     [849B79] A:1420 X:0028 Y:00AA S:012B D:0E68 DB:86 nvMxdizC V:256 H: 34 F:38
			849B09 A5 0E       LDA $0E       [000E76] A:1420 X:0028 Y:00AA S:012B D:0E68 DB:86 nvMxdizC V:256 H: 37 F:38
			849B0B F0 31       BEQ $0031     [849B3E] A:1401 X:0028 Y:00AA S:012B D:0E68 DB:86 nvMxdizC V:256 H: 43 F:38
			849B0D AD 0C 1F    LDA $1F0C     [861F0C] A:1401 X:0028 Y:00AA S:012B D:0E68 DB:86 nvMxdizC V:256 H: 46 F:38
			849B10 D0 2C       BNE $002C     [849B3E] A:1400 X:0028 Y:00AA S:012B D:0E68 DB:86 nvMxdiZC V:256 H: 53 F:38
			849B12 AD 32 0C    LDA $0C32     [860C32] A:1400 X:0028 Y:00AA S:012B D:0E68 DB:86 nvMxdiZC V:256 H: 56 F:38
			849B15 D0 11       BNE $0011     [849B28] A:1400 X:0028 Y:00AA S:012B D:0E68 DB:86 nvMxdiZC V:256 H: 62 F:38
			849B17 AD 30 0C    LDA $0C30     [860C30] A:1400 X:0028 Y:00AA S:012B D:0E68 DB:86 nvMxdiZC V:256 H: 65 F:38
			849B1A D0 0C       BNE $000C     [849B28] A:1400 X:0028 Y:00AA S:012B D:0E68 DB:86 nvMxdiZC V:256 H: 72 F:38
			849B1C A2 A8 0B    LDX #$0BA8             A:1400 X:0028 Y:00AA S:012B D:0E68 DB:86 nvMxdiZC V:256 H: 75 F:38
			849B1F 22 0E 9C 84 JSL $849C0E   [849C0E] A:1400 X:0BA8 Y:00AA S:012B D:0E68 DB:86 nvMxdizC V:256 H: 79 F:38

				849C0E 5A          PHY                    A:1400 X:0BA8 Y:00AA S:0128 D:0E68 DB:86 nvMxdizC V:256 H: 93 F:38
				849C0F A4 20       LDY $20       [000E88] A:1400 X:0BA8 Y:00AA S:0126 D:0E68 DB:86 nvMxdizC V:256 H:100 F:38
				849C11 D0 03       BNE $0003     [849C16] A:1400 X:0BA8 Y:CF94 S:0126 D:0E68 DB:86 NvMxdizC V:256 H:108 F:38
				849C16 BC 20 00    LDY $0020,X   [860BC8] A:1400 X:0BA8 Y:CF94 S:0126 D:0E68 DB:86 NvMxdizC V:256 H:113 F:38
				849C19 D0 03       BNE $0003     [849C1E] A:1400 X:0BA8 Y:A552 S:0126 D:0E68 DB:86 NvMxdizC V:256 H:123 F:38
				849C1E C2 20       REP #$20               A:1400 X:0BA8 Y:A552 S:0126 D:0E68 DB:86 NvMxdizC V:256 H:127 F:38
				849C20 DA          PHX                    A:1400 X:0BA8 Y:A552 S:0126 D:0E68 DB:86 NvmxdizC V:256 H:132 F:38
				849C21 BD 05 00    LDA $0005,X   [860BAD] A:1400 X:0BA8 Y:A552 S:0124 D:0E68 DB:86 NvmxdizC V:256 H:149 F:38
				849C24 8D 04 00    STA $0004     [860004] A:1D1B X:0BA8 Y:A552 S:0124 D:0E68 DB:86 nvmxdizC V:256 H:159 F:38
				849C27 BD 08 00    LDA $0008,X   [860BB0] A:1D1B X:0BA8 Y:A552 S:0124 D:0E68 DB:86 nvmxdizC V:256 H:167 F:38
				849C2A 8D 06 00    STA $0006     [860006] A:03AF X:0BA8 Y:A552 S:0124 D:0E68 DB:86 nvmxdizC V:256 H:177 F:38
				849C2D A5 05       LDA $05       [000E6D] A:03AF X:0BA8 Y:A552 S:0124 D:0E68 DB:86 nvmxdizC V:256 H:186 F:38
				849C2F 8D 0C 00    STA $000C     [86000C] A:1DD0 X:0BA8 Y:A552 S:0124 D:0E68 DB:86 nvmxdizC V:256 H:194 F:38
				849C32 A5 08       LDA $08       [000E70] A:1DD0 X:0BA8 Y:A552 S:0124 D:0E68 DB:86 nvmxdizC V:256 H:203 F:38
				849C34 8D 0E 00    STA $000E     [86000E] A:03A2 X:0BA8 Y:A552 S:0124 D:0E68 DB:86 nvmxdizC V:256 H:211 F:38
				849C37 E2 20       SEP #$20               A:03A2 X:0BA8 Y:A552 S:0124 D:0E68 DB:86 nvmxdizC V:256 H:220 F:38
				849C39 BD 11 00    LDA $0011,X   [860BB9] A:03A2 X:0BA8 Y:A552 S:0124 D:0E68 DB:86 nvMxdizC V:256 H:224 F:38
				849C3C 8D 08 00    STA $0008     [860008] A:0362 X:0BA8 Y:A552 S:0124 D:0E68 DB:86 nvMxdizC V:256 H:232 F:38
				849C3F A5 11       LDA $11       [000E79] A:0362 X:0BA8 Y:A552 S:0124 D:0E68 DB:86 nvMxdizC V:256 H:239 F:38
				849C41 8D 09 00    STA $0009     [860009] A:0329 X:0BA8 Y:A552 S:0124 D:0E68 DB:86 nvMxdizC V:256 H:245 F:38
				849C44 BC 20 00    LDY $0020,X   [860BC8] A:0329 X:0BA8 Y:A552 S:0124 D:0E68 DB:86 nvMxdizC V:256 H:252 F:38
				849C47 A6 20       LDX $20       [000E88] A:0329 X:0BA8 Y:A552 S:0124 D:0E68 DB:86 NvMxdizC V:256 H:262 F:38
				849C49 0B          PHD                    A:0329 X:CF94 Y:A552 S:0124 D:0E68 DB:86 NvMxdizC V:256 H:270 F:38
				849C4A F4 00 00    PEA $0000              A:0329 X:CF94 Y:A552 S:0122 D:0E68 DB:86 NvMxdizC V:256 H:277 F:38
				849C4D 2B          PLD                    A:0329 X:CF94 Y:A552 S:0120 D:0E68 DB:86 NvMxdizC V:256 H:286 F:38
				849C4E BD 02 00    LDA $0002,X   [86CF96] A:0329 X:CF94 Y:A552 S:0122 D:0000 DB:86 nvMxdiZC V:256 H:294 F:38
				849C51 18          CLC                    A:030F X:CF94 Y:A552 S:0122 D:0000 DB:86 nvMxdizC V:256 H:302 F:38
				849C52 79 02 00    ADC $0002,Y   [86A554] A:030F X:CF94 Y:A552 S:0122 D:0000 DB:86 nvMxdizc V:256 H:305 F:38
				849C55 85 00       STA $00       [000000] A:0315 X:CF94 Y:A552 S:0122 D:0000 DB:86 nvMxdizc V:256 H:312 F:38
				849C57 64 01       STZ $01       [000001] A:0315 X:CF94 Y:A552 S:0122 D:0000 DB:86 nvMxdizc V:256 H:317 F:38
				849C59 BD 03 00    LDA $0003,X   [86CF97] A:0315 X:CF94 Y:A552 S:0122 D:0000 DB:86 nvMxdizc V:256 H:322 F:38
				849C5C 18          CLC                    A:0317 X:CF94 Y:A552 S:0122 D:0000 DB:86 nvMxdizc V:256 H:329 F:38
				849C5D 79 03 00    ADC $0003,Y   [86A555] A:0317 X:CF94 Y:A552 S:0122 D:0000 DB:86 nvMxdizc V:256 H:332 F:38
				849C60 85 02       STA $02       [000002] A:0325 X:CF94 Y:A552 S:0122 D:0000 DB:86 nvMxdizc V:256 H:339 F:38
				849C62 64 03       STZ $03       [000003] A:0325 X:CF94 Y:A552 S:0122 D:0000 DB:86 nvMxdizc V:257 H:  4 F:38
				849C64 C2 21       REP #$21               A:0325 X:CF94 Y:A552 S:0122 D:0000 DB:86 nvMxdizc V:257 H:  9 F:38
				849C66 B9 00 00    LDA $0000,Y   [86A552] A:0325 X:CF94 Y:A552 S:0122 D:0000 DB:86 nvmxdizc V:257 H: 14 F:38
				849C69 29 FF 00    AND #$00FF             A:FF00 X:CF94 Y:A552 S:0122 D:0000 DB:86 Nvmxdizc V:257 H: 23 F:38
				849C6C 89 80 00    BIT #$0080             A:0000 X:CF94 Y:A552 S:0122 D:0000 DB:86 nvmxdiZc V:257 H: 27 F:38
				849C6F F0 03       BEQ $0003     [849C74] A:0000 X:CF94 Y:A552 S:0122 D:0000 DB:86 nvmxdiZc V:257 H: 32 F:38
				849C74 24 07       BIT $07       [000007] A:0000 X:CF94 Y:A552 S:0122 D:0000 DB:86 nvmxdiZc V:257 H: 36 F:38
				849C76 50 04       BVC $0004     [849C7C] A:0000 X:CF94 Y:A552 S:0122 D:0000 DB:86 nVmxdiZc V:257 H: 43 F:38
				849C78 49 FF FF    EOR #$FFFF             A:0000 X:CF94 Y:A552 S:0122 D:0000 DB:86 nVmxdiZc V:257 H: 46 F:38
				849C7B 1A          INC                    A:FFFF X:CF94 Y:A552 S:0122 D:0000 DB:86 NVmxdizc V:257 H: 51 F:38
				849C7C 85 0A       STA $0A       [00000A] A:0000 X:CF94 Y:A552 S:0122 D:0000 DB:86 nVmxdiZc V:257 H: 54 F:38
				849C7E 64 10       STZ $10       [000010] A:0000 X:CF94 Y:A552 S:0122 D:0000 DB:86 nVmxdiZc V:257 H: 61 F:38
				849C80 BD 00 00    LDA $0000,X   [86CF94] A:0000 X:CF94 Y:A552 S:0122 D:0000 DB:86 nVmxdiZc V:257 H: 68 F:38
				849C83 29 FF 00    AND #$00FF             A:03FD X:CF94 Y:A552 S:0122 D:0000 DB:86 nVmxdizc V:257 H: 77 F:38
				849C86 89 80 00    BIT #$0080             A:00FD X:CF94 Y:A552 S:0122 D:0000 DB:86 nVmxdizc V:257 H: 81 F:38
				849C89 F0 03       BEQ $0003     [849C8E] A:00FD X:CF94 Y:A552 S:0122 D:0000 DB:86 nVmxdizc V:257 H: 86 F:38
				849C8B 09 00 FF    ORA #$FF00             A:00FD X:CF94 Y:A552 S:0122 D:0000 DB:86 nVmxdizc V:257 H: 89 F:38
				849C8E 24 08       BIT $08       [000008] A:FFFD X:CF94 Y:A552 S:0122 D:0000 DB:86 NVmxdizc V:257 H: 93 F:38
				849C90 50 04       BVC $0004     [849C96] A:FFFD X:CF94 Y:A552 S:0122 D:0000 DB:86 nvmxdizc V:257 H:100 F:38
				849C96 65 0C       ADC $0C       [00000C] A:FFFD X:CF94 Y:A552 S:0122 D:0000 DB:86 nvmxdizc V:257 H:105 F:38
				849C98 38          SEC                    A:1DCD X:CF94 Y:A552 S:0122 D:0000 DB:86 nvmxdizC V:257 H:112 F:38
				849C99 E5 04       SBC $04       [000004] A:1DCD X:CF94 Y:A552 S:0122 D:0000 DB:86 nvmxdizC V:257 H:115 F:38
				849C9B 38          SEC                    A:00B2 X:CF94 Y:A552 S:0122 D:0000 DB:86 nvmxdizC V:257 H:122 F:38
				849C9C E5 0A       SBC $0A       [00000A] A:00B2 X:CF94 Y:A552 S:0122 D:0000 DB:86 nvmxdizC V:257 H:125 F:38
				849C9E 10 06       BPL $0006     [849CA6] A:00B2 X:CF94 Y:A552 S:0122 D:0000 DB:86 nvmxdizC V:257 H:132 F:38
				849CA6 85 04       STA $04       [000004] A:00B2 X:CF94 Y:A552 S:0122 D:0000 DB:86 nvmxdizC V:257 H:146 F:38
				849CA8 A5 00       LDA $00       [000000] A:00B2 X:CF94 Y:A552 S:0122 D:0000 DB:86 nvmxdizC V:257 H:153 F:38
				849CAA 38          SEC                    A:0015 X:CF94 Y:A552 S:0122 D:0000 DB:86 nvmxdizC V:257 H:160 F:38
				849CAB E5 04       SBC $04       [000004] A:0015 X:CF94 Y:A552 S:0122 D:0000 DB:86 nvmxdizC V:257 H:163 F:38
				849CAD 1A          INC                    A:FF63 X:CF94 Y:A552 S:0122 D:0000 DB:86 Nvmxdizc V:257 H:170 F:38
				849CAE 85 04       STA $04       [000004] A:FF64 X:CF94 Y:A552 S:0122 D:0000 DB:86 Nvmxdizc V:257 H:173 F:38
				849CB0 24 0F       BIT $0F       [00000F] A:FF64 X:CF94 Y:A552 S:0122 D:0000 DB:86 Nvmxdizc V:257 H:180 F:38
				849CB2 30 04       BMI $0004     [849CB8] A:FF64 X:CF94 Y:A552 S:0122 D:0000 DB:86 nvmxdiZc V:257 H:187 F:38
				849CB4 49 FF FF    EOR #$FFFF             A:FF64 X:CF94 Y:A552 S:0122 D:0000 DB:86 nvmxdiZc V:257 H:190 F:38
				849CB7 1A          INC                    A:009B X:CF94 Y:A552 S:0122 D:0000 DB:86 nvmxdizc V:257 H:195 F:38
				849CB8 85 00       STA $00       [000000] A:009C X:CF94 Y:A552 S:0122 D:0000 DB:86 nvmxdizc V:257 H:198 F:38
				849CBA 90 45       BCC $0045     [849D01] A:009C X:CF94 Y:A552 S:0122 D:0000 DB:86 nvmxdizc V:257 H:205 F:38
				849D01 E2 20       SEP #$20               A:009C X:CF94 Y:A552 S:0122 D:0000 DB:86 nvmxdizc V:257 H:209 F:38
				849D03 2B          PLD                    A:009C X:CF94 Y:A552 S:0122 D:0000 DB:86 nvMxdizc V:257 H:214 F:38
				849D04 FA          PLX                    A:009C X:CF94 Y:A552 S:0124 D:0E68 DB:86 nvMxdizc V:257 H:222 F:38
				849D05 7A          PLY                    A:009C X:0BA8 Y:A552 S:0126 D:0E68 DB:86 nvMxdizc V:257 H:231 F:38
				849D06 6B          RTL                    A:009C X:0BA8 Y:00AA S:0128 D:0E68 DB:86 nvMxdizc V:257 H:239 F:38

			849B23 90 19       BCC $0019     [849B3E] A:009C X:0BA8 Y:00AA S:012B D:0E68 DB:86 nvMxdizc V:257 H:250 F:38
			849B3E E2 10       SEP #$10               A:009C X:0BA8 Y:00AA S:012B D:0E68 DB:86 nvMxdizc V:257 H:254 F:38
			849B40 A9 00       LDA #$00               A:009C X:00A8 Y:00AA S:012B D:0E68 DB:86 nvMXdizc V:257 H:259 F:38
			849B42 6B          RTL                    A:0000 X:00A8 Y:00AA S:012B D:0E68 DB:86 nvMXdiZc V:257 H:262 F:38

		889E28 5C B4 80 82 JML $8280B4   [8280B4] A:0000 X:00A8 Y:00AA S:012E D:0E68 DB:86 nvMXdiZc V:257 H:272 F:38

		8280B4 C2 20       REP #$20               A:0000 X:00A8 Y:00AA S:012E D:0E68 DB:86 nvMXdiZc V:257 H:278 F:38
		8280B6 38          SEC                    A:0000 X:00A8 Y:00AA S:012E D:0E68 DB:86 nvmXdiZc V:257 H:283 F:38
		8280B7 A5 05       LDA $05       [000E6D] A:0000 X:00A8 Y:00AA S:012E D:0E68 DB:86 nvmXdiZC V:257 H:286 F:38
		8280B9 ED 4D 1E    SBC $1E4D     [861E4D] A:1DD0 X:00A8 Y:00AA S:012E D:0E68 DB:86 nvmXdizC V:257 H:294 F:38
		8280BC 18          CLC                    A:00D0 X:00A8 Y:00AA S:012E D:0E68 DB:86 nvmXdizC V:257 H:303 F:38
		8280BD 69 20 00    ADC #$0020             A:00D0 X:00A8 Y:00AA S:012E D:0E68 DB:86 nvmXdizc V:257 H:306 F:38
		8280C0 C9 40 01    CMP #$0140             A:00F0 X:00A8 Y:00AA S:012E D:0E68 DB:86 nvmXdizc V:257 H:310 F:38
		8280C3 B0 0F       BCS $000F     [8280D4] A:00F0 X:00A8 Y:00AA S:012E D:0E68 DB:86 NvmXdizc V:257 H:315 F:38
		8280C5 38          SEC                    A:00F0 X:00A8 Y:00AA S:012E D:0E68 DB:86 NvmXdizc V:257 H:318 F:38
		8280C6 A5 08       LDA $08       [000E70] A:00F0 X:00A8 Y:00AA S:012E D:0E68 DB:86 NvmXdizC V:257 H:321 F:38
		8280C8 ED 50 1E    SBC $1E50     [861E50] A:03A2 X:00A8 Y:00AA S:012E D:0E68 DB:86 nvmXdizC V:257 H:328 F:38
		8280CB 18          CLC                    A:00A2 X:00A8 Y:00AA S:012E D:0E68 DB:86 nvmXdizC V:257 H:337 F:38
		8280CC 69 10 00    ADC #$0010             A:00A2 X:00A8 Y:00AA S:012E D:0E68 DB:86 nvmXdizc V:258 H:  0 F:38
		8280CF C9 00 01    CMP #$0100             A:00B2 X:00A8 Y:00AA S:012E D:0E68 DB:86 nvmXdizc V:258 H:  4 F:38
		8280D2 90 05       BCC $0005     [8280D9] A:00B2 X:00A8 Y:00AA S:012E D:0E68 DB:86 NvmXdizc V:258 H:  9 F:38
		8280D9 E2 20       SEP #$20               A:00B2 X:00A8 Y:00AA S:012E D:0E68 DB:86 NvmXdizc V:258 H: 13 F:38
		8280DB A9 81       LDA #$81               A:00B2 X:00A8 Y:00AA S:012E D:0E68 DB:86 NvMXdizc V:258 H: 18 F:38
		8280DD 85 0E       STA $0E       [000E76] A:0081 X:00A8 Y:00AA S:012E D:0E68 DB:86 NvMXdizc V:258 H: 21 F:38
		8280DF E2 30       SEP #$30               A:0081 X:00A8 Y:00AA S:012E D:0E68 DB:86 NvMXdizc V:258 H: 27 F:38
		8280E1 A6 12       LDX $12       [000E7A] A:0081 X:00A8 Y:00AA S:012E D:0E68 DB:86 NvMXdizc V:258 H: 32 F:38
		8280E3 10 02       BPL $0002     [8280E7] A:0081 X:0004 Y:00AA S:012E D:0E68 DB:86 nvMXdizc V:258 H: 38 F:38
		8280E7 7C EA 80    JMP ($80EA,X) [8280EE] A:0081 X:0004 Y:00AA S:012E D:0E68 DB:86 nvMXdizc V:258 H: 43 F:38

		828135 AD EA 00    LDA $00EA     [8600EA] A:0081 X:0004 Y:00AA S:012E D:0E68 DB:86 nvMXdizc V:258 H: 52 F:38
		828138 C9 20       CMP #$20               A:0000 X:0004 Y:00AA S:012E D:0E68 DB:86 nvMXdiZc V:258 H: 58 F:38
		82813A B0 0D       BCS $000D     [828149] A:0000 X:0004 Y:00AA S:012E D:0E68 DB:86 NvMXdizc V:258 H: 61 F:38
		82813C 0A          ASL A                  A:0000 X:0004 Y:00AA S:012E D:0E68 DB:86 NvMXdizc V:258 H: 64 F:38
		82813D AA          TAX                    A:0000 X:0004 Y:00AA S:012E D:0E68 DB:86 nvMXdiZc V:258 H: 67 F:38
		82813E C2 20       REP #$20               A:0000 X:0000 Y:00AA S:012E D:0E68 DB:86 nvMXdiZc V:258 H: 70 F:38
		828140 7B          TDC                    A:0000 X:0000 Y:00AA S:012E D:0E68 DB:86 nvmXdiZc V:258 H: 75 F:38
		828141 9D E0 09    STA $09E0,X   [8609E0] A:0E68 X:0000 Y:00AA S:012E D:0E68 DB:86 nvmXdizc V:258 H: 78 F:38
		828144 E2 20       SEP #$20               A:0E68 X:0000 Y:00AA S:012E D:0E68 DB:86 nvmXdizc V:258 H: 88 F:38
		828146 EE EA 00    INC $00EA     [8600EA] A:0E68 X:0000 Y:00AA S:012E D:0E68 DB:86 nvMXdizc V:258 H: 92 F:38
		828149 6B          RTL                    A:0E68 X:0000 Y:00AA S:012E D:0E68 DB:86 nvMXdizc V:258 H:102 F:38

	80FAAA 60          RTS                    A:0E68 X:0000 Y:00AA S:0131 D:0E68 DB:86 nvMXdizc V:258 H:113 F:38
