80D4F6 20 30 D5    JSR $D530     [80D530] A:0E01 X:0000 Y:0002 S:0133 D:0E68 DB:86 nvMXdizC V:252 H: 67 F:49

	80D530 C2 20       REP #$20               A:0E01 X:0000 Y:0002 S:0131 D:0E68 DB:86 nvMXdizC V:252 H: 77 F:49
	80D532 A5 05       LDA $05       [000E6D] A:0E01 X:0000 Y:0002 S:0131 D:0E68 DB:86 nvmXdizC V:252 H: 82 F:49
	80D534 85 22       STA $22       [000E8A] A:1DD0 X:0000 Y:0002 S:0131 D:0E68 DB:86 nvmXdizC V:252 H: 90 F:49
	80D536 A5 08       LDA $08       [000E70] A:1DD0 X:0000 Y:0002 S:0131 D:0E68 DB:86 nvmXdizC V:252 H: 99 F:49
	80D538 85 24       STA $24       [000E8C] A:03A2 X:0000 Y:0002 S:0131 D:0E68 DB:86 nvmXdizC V:252 H:107 F:49
	80D53A E2 20       SEP #$20               A:03A2 X:0000 Y:0002 S:0131 D:0E68 DB:86 nvmXdizC V:252 H:116 F:49
	80D53C A9 80       LDA #$80               A:03A2 X:0000 Y:0002 S:0131 D:0E68 DB:86 nvMXdizC V:252 H:120 F:49
	80D53E 14 0E       TRB $0E       [000E76] A:0380 X:0000 Y:0002 S:0131 D:0E68 DB:86 NvMXdizC V:252 H:123 F:49
	80D540 A5 0A       LDA $0A       [000E72] A:0380 X:0000 Y:0002 S:0131 D:0E68 DB:86 NvMXdizC V:252 H:143 F:49
	80D542 0A          ASL A                  A:0331 X:0000 Y:0002 S:0131 D:0E68 DB:86 nvMXdizC V:252 H:150 F:49
	80D543 AA          TAX                    A:0362 X:0000 Y:0002 S:0131 D:0E68 DB:86 nvMXdizc V:252 H:153 F:49
	80D544 7C DD F8    JMP ($F8DD,X) [80F93F] A:0362 X:0062 Y:0002 S:0131 D:0E68 DB:86 nvMXdizc V:252 H:156 F:49

	80FAA6 22 E1 9B 88 JSL $889BE1   [889BE1] A:0362 X:0062 Y:0002 S:0131 D:0E68 DB:86 nvMXdizc V:252 H:165 F:49

		889BE1 A6 01       LDX $01       [000E69] A:0362 X:0062 Y:0002 S:012E D:0E68 DB:86 nvMXdizc V:252 H:178 F:49
		889BE3 7C E6 9B    JMP ($9BE6,X) [889BEA] A:0362 X:0004 Y:0002 S:012E D:0E68 DB:86 nvMXdizc V:252 H:185 F:49

		889D6E A9 0E       LDA #$0E               A:0362 X:0004 Y:0002 S:012E D:0E68 DB:86 nvMXdizc V:252 H:194 F:49
		889D70 14 11       TRB $11       [000E79] A:030E X:0004 Y:0002 S:012E D:0E68 DB:86 nvMXdizc V:252 H:197 F:49
		889D72 A5 33       LDA $33       [000E9B] A:030E X:0004 Y:0002 S:012E D:0E68 DB:86 nvMXdizc V:252 H:207 F:49
		889D74 04 11       TSB $11       [000E79] A:0308 X:0004 Y:0002 S:012E D:0E68 DB:86 nvMXdizc V:252 H:213 F:49
		889D76 A6 02       LDX $02       [000E6A] A:0308 X:0004 Y:0002 S:012E D:0E68 DB:86 nvMXdiZc V:252 H:223 F:49
		889D78 FC 2C 9E    JSR ($9E2C,X) [889E2C] A:0308 X:0000 Y:0002 S:012E D:0E68 DB:86 nvMXdiZc V:252 H:230 F:49

			889E38 A6 03       LDX $03       [000E6B] A:0308 X:0000 Y:0002 S:012C D:0E68 DB:86 nvMXdiZc V:252 H:243 F:49
			889E3A 7C 3D 9E    JMP ($9E3D,X) [889E41] A:0308 X:0004 Y:0002 S:012C D:0E68 DB:86 nvMXdizc V:252 H:249 F:49

			889EF6 22 EA 8E 84 JSL $848EEA   [848EEA] A:0308 X:0004 Y:0002 S:012C D:0E68 DB:86 nvMXdizc V:252 H:258 F:49		JSL $848EEA --> Decrease Countdown routine

				848EEA 08          PHP                    A:0308 X:0004 Y:0002 S:0129 D:0E68 DB:86 nvMXdizc V:252 H:272 F:49
				848EEB 8B          PHB                    A:0308 X:0004 Y:0002 S:0128 D:0E68 DB:86 nvMXdizc V:252 H:277 F:49
				848EEC E2 30       SEP #$30               A:0308 X:0004 Y:0002 S:0127 D:0E68 DB:86 nvMXdizc V:252 H:282 F:49
				848EEE C6 13       DEC $13       [000E7B] A:0308 X:0004 Y:0002 S:0127 D:0E68 DB:86 nvMXdizc V:252 H:286 F:49
				848EF0 D0 5D       BNE $005D     [848F4F] A:0308 X:0004 Y:0002 S:0127 D:0E68 DB:86 nvMXdizc V:252 H:296 F:49
				848F4F AB          PLB                    A:0308 X:0004 Y:0002 S:0127 D:0E68 DB:86 nvMXdizc V:252 H:301 F:49
				848F50 28          PLP                    A:0308 X:0004 Y:0002 S:0128 D:0E68 DB:86 NvMXdizc V:252 H:307 F:49
				848F51 6B          RTL                    A:0308 X:0004 Y:0002 S:0129 D:0E68 DB:86 nvMXdizc V:252 H:314 F:49

			889EFA A5 0F       LDA $0F       [000E77] A:0308 X:0004 Y:0002 S:012C D:0E68 DB:86 nvMXdizc V:252 H:324 F:49
			889EFC F0 15       BEQ $0015     [889F13] A:0301 X:0004 Y:0002 S:012C D:0E68 DB:86 nvMXdizc V:252 H:330 F:49		Branch if CDAction = #$00
			889EFE 10 0F       BPL $000F     [889F0F] A:0301 X:0004 Y:0002 S:012C D:0E68 DB:86 nvMXdizc V:252 H:333 F:49		Branch because CDAction is positive
			889F0F A9 06       LDA #$06               A:0301 X:0004 Y:0002 S:012C D:0E68 DB:86 nvMXdizc V:252 H:337 F:49
			889F11 04 11       TSB $11       [000E79] A:0306 X:0004 Y:0002 S:012C D:0E68 DB:86 nvMXdizc V:253 H:  0 F:49
			889F13 60          RTS                    A:0306 X:0004 Y:0002 S:012C D:0E68 DB:86 nvMXdiZc V:253 H: 10 F:49

		889D7B AD CF 0B    LDA $0BCF     [860BCF] A:0306 X:0004 Y:0002 S:012E D:0E68 DB:86 nvMXdiZc V:253 H: 20 F:49
