80D4F6 20 30 D5    JSR $D530     [80D530] A:0E01 X:0000 Y:0002 S:0133 D:0E68 DB:86 nvMXdizC V:256 H:177 F:15

	80D530 C2 20       REP #$20               A:0E01 X:0000 Y:0002 S:0131 D:0E68 DB:86 nvMXdizC V:256 H:187 F:15
	80D532 A5 05       LDA $05       [000E6D] A:0E01 X:0000 Y:0002 S:0131 D:0E68 DB:86 nvmXdizC V:256 H:192 F:15
	80D534 85 22       STA $22       [000E8A] A:1431 X:0000 Y:0002 S:0131 D:0E68 DB:86 nvmXdizC V:256 H:200 F:15
	80D536 A5 08       LDA $08       [000E70] A:1431 X:0000 Y:0002 S:0131 D:0E68 DB:86 nvmXdizC V:256 H:209 F:15
	80D538 85 24       STA $24       [000E8C] A:0A9D X:0000 Y:0002 S:0131 D:0E68 DB:86 nvmXdizC V:256 H:217 F:15
	80D53A E2 20       SEP #$20               A:0A9D X:0000 Y:0002 S:0131 D:0E68 DB:86 nvmXdizC V:256 H:226 F:15
	80D53C A9 80       LDA #$80               A:0A9D X:0000 Y:0002 S:0131 D:0E68 DB:86 nvMXdizC V:256 H:230 F:15
	80D53E 14 0E       TRB $0E       [000E76] A:0A80 X:0000 Y:0002 S:0131 D:0E68 DB:86 NvMXdizC V:256 H:233 F:15
	80D540 A5 0A       LDA $0A       [000E72] A:0A80 X:0000 Y:0002 S:0131 D:0E68 DB:86 NvMXdizC V:256 H:243 F:15
	80D542 0A          ASL A                  A:0A14 X:0000 Y:0002 S:0131 D:0E68 DB:86 nvMXdizC V:256 H:250 F:15
	80D543 AA          TAX                    A:0A28 X:0000 Y:0002 S:0131 D:0E68 DB:86 nvMXdizc V:256 H:253 F:15
	80D544 7C DD F8    JMP ($F8DD,X) [80F905] A:0A28 X:0028 Y:0002 S:0131 D:0E68 DB:86 nvMXdizc V:256 H:256 F:15

	80FA15 22 44 B1 83 JSL $83B144   [83B144] A:0A28 X:0028 Y:0002 S:0131 D:0E68 DB:86 nvMXdizc V:256 H:265 F:15

		83B144 A6 01       LDX $01       [000E69] A:0A28 X:0028 Y:0002 S:012E D:0E68 DB:86 nvMXdizc V:256 H:278 F:15
		83B146 7C 49 B1    JMP ($B149,X) [83B14D] A:0A28 X:0004 Y:0002 S:012E D:0E68 DB:86 nvMXdizc V:256 H:285 F:15

		83B2E8 A6 02       LDX $02       [000E6A] A:0A28 X:0004 Y:0002 S:012E D:0E68 DB:86 nvMXdizc V:256 H:294 F:15
		83B2EA FC DA B3    JSR ($B3DA,X) [83B3E0] A:0A28 X:0006 Y:0002 S:012E D:0E68 DB:86 nvMXdizc V:256 H:300 F:15

			83B784 A6 03       LDX $03       [000E6B] A:0A28 X:0006 Y:0002 S:012C D:0E68 DB:86 nvMXdizc V:256 H:313 F:15
			83B786 7C 89 B7    JMP ($B789,X) [83B789] A:0A28 X:0000 Y:0002 S:012C D:0E68 DB:86 nvMXdiZc V:256 H:320 F:15

			83B78F A9 02       LDA #$02               A:0A28 X:0000 Y:0002 S:012C D:0E68 DB:86 nvMXdiZc V:256 H:328 F:15
			83B791 85 03       STA $03       [000E6B] A:0A02 X:0000 Y:0002 S:012C D:0E68 DB:86 nvMXdizc V:256 H:331 F:15			Subaction = #$02
			83B793 A9 0A       LDA #$0A               A:0A02 X:0000 Y:0002 S:012C D:0E68 DB:86 nvMXdizc V:256 H:337 F:15			a = A = #$0A
			83B795 20 C8 B9    JSR $B9C8     [83B9C8] A:0A0A X:0000 Y:0002 S:012C D:0E68 DB:86 nvMXdizc V:257 H:  0 F:15			JSR $83B9C8 --> Armored Armadillo CDSkeleton Load

				83B9C8 08          PHP                    A:0A0A X:0000 Y:0002 S:012A D:0E68 DB:86 nvMXdizc V:257 H: 10 F:15
				83B9C9 E2 30       SEP #$30               A:0A0A X:0000 Y:0002 S:0129 D:0E68 DB:86 nvMXdizc V:257 H: 15 F:15
				83B9CB C9 0B       CMP #$0B               A:0A0A X:0000 Y:0002 S:0129 D:0E68 DB:86 nvMXdizc V:257 H: 20 F:15
				83B9CD F0 1B       BEQ $001B     [83B9EA] A:0A0A X:0000 Y:0002 S:0129 D:0E68 DB:86 NvMXdizc V:257 H: 23 F:15		Branch if a = #$0B
				83B9CF A6 33       LDX $33       [000E9B] A:0A0A X:0000 Y:0002 S:0129 D:0E68 DB:86 NvMXdizc V:257 H: 26 F:15
				83B9D1 F0 03       BEQ $0003     [83B9D6] A:0A0A X:0000 Y:0002 S:0129 D:0E68 DB:86 nvMXdiZc V:257 H: 32 F:15		Branch if E-$33 = #$00
				83B9D6 AA          TAX                    A:0A0A X:0000 Y:0002 S:0129 D:0E68 DB:86 nvMXdiZc V:257 H: 37 F:15
				83B9D7 BD 5D C9    LDA $C95D,X   [86C967] A:0A0A X:000A Y:0002 S:0129 D:0E68 DB:86 nvMXdizc V:257 H: 40 F:15		A = [$86C95D,a] = [$86C967] = #$0A
				83B9DA A2 62       LDX #$62               A:0A0E X:000A Y:0002 S:0129 D:0E68 DB:86 nvMXdizc V:257 H: 46 F:15		CountPoint = #$62
				83B9DC 86 16       STX $16       [000E7E] A:0A0E X:0062 Y:0002 S:0129 D:0E68 DB:86 nvMXdizc V:257 H: 49 F:15
				83B9DE 22 07 8F 84 JSL $848F07   [848F07] A:0A0E X:0062 Y:0002 S:0129 D:0E68 DB:86 nvMXdizc V:257 H: 55 F:15		JSL $848F07 --> Skeleton Load (SkelPoint = #$62, A=#$0A)

					848F07 08          PHP                    A:0A0E X:0062 Y:0002 S:0126 D:0E68 DB:86 nvMXdizc V:257 H: 69 F:15
					848F08 8B          PHB                    A:0A0E X:0062 Y:0002 S:0125 D:0E68 DB:86 nvMXdizc V:257 H: 74 F:15
					848F09 C2 30       REP #$30               A:0A0E X:0062 Y:0002 S:0124 D:0E68 DB:86 nvMXdizc V:257 H: 79 F:15
					848F0B 8D 0E 00    STA $000E     [86000E] A:0A0E X:0062 Y:0002 S:0124 D:0E68 DB:86 nvmxdizc V:257 H: 83 F:15
					848F0E A5 16       LDA $16       [000E7E] A:0A0E X:0062 Y:0002 S:0124 D:0E68 DB:86 nvmxdizc V:257 H: 92 F:15
					848F10 29 FF 00    AND #$00FF             A:9762 X:0062 Y:0002 S:0124 D:0E68 DB:86 Nvmxdizc V:257 H:100 F:15
					848F13 8D 0C 00    STA $000C     [86000C] A:0062 X:0062 Y:0002 S:0124 D:0E68 DB:86 nvmxdizc V:257 H:105 F:15
					848F16 0A          ASL A                  A:0062 X:0062 Y:0002 S:0124 D:0E68 DB:86 nvmxdizc V:257 H:113 F:15
					848F17 18          CLC                    A:00C4 X:0062 Y:0002 S:0124 D:0E68 DB:86 nvmxdizc V:257 H:116 F:15
					848F18 6D 0C 00    ADC $000C     [86000C] A:00C4 X:0062 Y:0002 S:0124 D:0E68 DB:86 nvmxdizc V:257 H:119 F:15
					848F1B AA          TAX                    A:0126 X:0062 Y:0002 S:0124 D:0E68 DB:86 nvmxdizc V:257 H:128 F:15
					848F1C BF 00 A0 AF LDA $AFA000,X [AFA126] A:0126 X:0126 Y:0002 S:0124 D:0E68 DB:86 nvmxdizc V:257 H:131 F:15
					848F20 85 14       STA $14       [000E7C] A:CCB8 X:0126 Y:0002 S:0124 D:0E68 DB:86 Nvmxdizc V:257 H:150 F:15
					848F22 E2 20       SEP #$20               A:CCB8 X:0126 Y:0002 S:0124 D:0E68 DB:86 Nvmxdizc V:257 H:158 F:15
					848F24 BF 02 A0 AF LDA $AFA002,X [AFA128] A:CCB8 X:0126 Y:0002 S:0124 D:0E68 DB:86 NvMxdizc V:257 H:163 F:15
					848F28 48          PHA                    A:CCAF X:0126 Y:0002 S:0124 D:0E68 DB:86 NvMxdizc V:257 H:170 F:15
					848F29 AB          PLB                    A:CCAF X:0126 Y:0002 S:0123 D:0E68 DB:86 NvMxdizc V:257 H:175 F:15
					848F2A C2 20       REP #$20               A:CCAF X:0126 Y:0002 S:0124 D:0E68 DB:AF NvMxdizc V:257 H:182 F:15
					848F2C AD 0E 00    LDA $000E     [AF000E] A:CCAF X:0126 Y:0002 S:0124 D:0E68 DB:AF Nvmxdizc V:257 H:186 F:15
					848F2F 29 FF 00    AND #$00FF             A:0A0E X:0126 Y:0002 S:0124 D:0E68 DB:AF nvmxdizc V:257 H:195 F:15
					848F32 0A          ASL A                  A:000E X:0126 Y:0002 S:0124 D:0E68 DB:AF nvmxdizc V:257 H:199 F:15
					848F33 A8          TAY                    A:001C X:0126 Y:0002 S:0124 D:0E68 DB:AF nvmxdizc V:257 H:202 F:15
					848F34 B1 14       LDA ($14),Y   [AFCCD4] A:001C X:0126 Y:001C S:0124 D:0E68 DB:AF nvmxdizc V:257 H:205 F:15
					848F36 65 14       ADC $14       [000E7C] A:00DD X:0126 Y:001C S:0124 D:0E68 DB:AF nvmxdizc V:257 H:218 F:15
					848F38 85 14       STA $14       [000E7C] A:CD95 X:0126 Y:001C S:0124 D:0E68 DB:AF Nvmxdizc V:257 H:227 F:15
					848F3A E2 30       SEP #$30               A:CD95 X:0126 Y:001C S:0124 D:0E68 DB:AF Nvmxdizc V:257 H:235 F:15
					848F3C B2 14       LDA ($14)     [AFCD95] A:CD95 X:0026 Y:001C S:0124 D:0E68 DB:AF NvMXdizc V:257 H:240 F:15	Skeleton start: [AFCD95]
					848F3E 85 13       STA $13       [000E7B] A:CD04 X:0026 Y:001C S:0124 D:0E68 DB:AF nvMXdizc V:257 H:250 F:15
					848F40 A0 01       LDY #$01               A:CD04 X:0026 Y:001C S:0124 D:0E68 DB:AF nvMXdizc V:257 H:256 F:15
					848F42 B1 14       LDA ($14),Y   [AFCD96] A:CD04 X:0026 Y:0001 S:0124 D:0E68 DB:AF nvMXdizc V:257 H:259 F:15
					848F44 85 0F       STA $0F       [000E77] A:CD03 X:0026 Y:0001 S:0124 D:0E68 DB:AF nvMXdizc V:257 H:269 F:15
					848F46 C8          INY                    A:CD03 X:0026 Y:0001 S:0124 D:0E68 DB:AF nvMXdizc V:257 H:276 F:15
					848F47 B1 14       LDA ($14),Y   [AFCD97] A:CD03 X:0026 Y:0002 S:0124 D:0E68 DB:AF nvMXdizc V:257 H:279 F:15
					848F49 85 17       STA $17       [000E7F] A:CD17 X:0026 Y:0002 S:0124 D:0E68 DB:AF nvMXdizc V:257 H:289 F:15
					848F4B A9 80       LDA #$80               A:CD17 X:0026 Y:0002 S:0124 D:0E68 DB:AF nvMXdizc V:257 H:295 F:15
					848F4D 04 17       TSB $17       [000E7F] A:CD80 X:0026 Y:0002 S:0124 D:0E68 DB:AF NvMXdizc V:257 H:298 F:15
					848F4F AB          PLB                    A:CD80 X:0026 Y:0002 S:0124 D:0E68 DB:AF NvMXdiZc V:257 H:308 F:15
					848F50 28          PLP                    A:CD80 X:0026 Y:0002 S:0125 D:0E68 DB:86 NvMXdizc V:257 H:315 F:15
					848F51 6B          RTL                    A:CD80 X:0026 Y:0002 S:0126 D:0E68 DB:86 nvMXdizc V:257 H:321 F:15

				83B9E2 A9 01       LDA #$01               A:CD80 X:0026 Y:0002 S:0129 D:0E68 DB:86 nvMXdizc V:257 H:331 F:15
				83B9E4 04 11       TSB $11       [000E79] A:CD01 X:0026 Y:0002 S:0129 D:0E68 DB:86 nvMXdizc V:257 H:334 F:15		E-Status = Set bit 01
				83B9E6 64 18       STZ $18       [000E80] A:CD01 X:0026 Y:0002 S:0129 D:0E68 DB:86 nvMXdizc V:258 H:  4 F:15		E-$18 = #$00
				83B9E8 28          PLP                    A:CD01 X:0026 Y:0002 S:0129 D:0E68 DB:86 nvMXdizc V:258 H: 10 F:15
				83B9E9 60          RTS                    A:CD01 X:0026 Y:0002 S:012A D:0E68 DB:86 nvMXdizc V:258 H: 17 F:15

			83B798 64 36       STZ $36       [000E9E] A:CD01 X:0026 Y:0002 S:012C D:0E68 DB:86 nvMXdizc V:258 H: 27 F:15			E-Shots = #$00
			83B79A A9 80       LDA #$80               A:CD01 X:0026 Y:0002 S:012C D:0E68 DB:86 nvMXdizc V:258 H: 33 F:15
			83B79C 85 37       STA $37       [000E9F] A:CD80 X:0026 Y:0002 S:012C D:0E68 DB:86 NvMXdizc V:258 H: 36 F:15			E-GuardBit = #$80
			83B79E A9 4E       LDA #$4E               A:CD80 X:0026 Y:0002 S:012C D:0E68 DB:86 NvMXdizc V:258 H: 43 F:15
			83B7A0 22 A2 88 80 JSL $8088A2   [8088A2] A:CD4E X:0026 Y:0002 S:012C D:0E68 DB:86 nvMXdizc V:258 H: 46 F:15			JSL $8088A2 --> Play Sound Effect (A = Sound Effect ID)

				8088A2 DA          PHX                    A:CD4E X:0026 Y:0002 S:0129 D:0E68 DB:86 nvMXdizc V:258 H: 59 F:15
				8088A3 5A          PHY                    A:CD4E X:0026 Y:0002 S:0128 D:0E68 DB:86 nvMXdizc V:258 H: 64 F:15
				8088A4 08          PHP                    A:CD4E X:0026 Y:0002 S:0127 D:0E68 DB:86 nvMXdizc V:258 H: 69 F:15
				8088A5 C2 20       REP #$20               A:CD4E X:0026 Y:0002 S:0126 D:0E68 DB:86 nvMXdizc V:258 H: 74 F:15
				8088A7 E2 10       SEP #$10               A:CD4E X:0026 Y:0002 S:0126 D:0E68 DB:86 nvmXdizc V:258 H: 79 F:15
				8088A9 48          PHA                    A:CD4E X:0026 Y:0002 S:0126 D:0E68 DB:86 nvmXdizc V:258 H: 83 F:15
				8088AA A5 05       LDA $05       [000E6D] A:CD4E X:0026 Y:0002 S:0124 D:0E68 DB:86 nvmXdizc V:258 H: 90 F:15
				8088AC 38          SEC                    A:1431 X:0026 Y:0002 S:0124 D:0E68 DB:86 nvmXdizc V:258 H: 99 F:15
				8088AD ED AD 0B    SBC $0BAD     [860BAD] A:1431 X:0026 Y:0002 S:0124 D:0E68 DB:86 nvmXdizC V:258 H:102 F:15
				8088B0 10 0E       BPL $000E     [8088C0] A:FF49 X:0026 Y:0002 S:0124 D:0E68 DB:86 NvmXdizc V:258 H:110 F:15
				8088B2 4A          LSR A                  A:FF49 X:0026 Y:0002 S:0124 D:0E68 DB:86 NvmXdizc V:258 H:113 F:15
				8088B3 09 00 80    ORA #$8000             A:7FA4 X:0026 Y:0002 S:0124 D:0E68 DB:86 nvmXdizC V:258 H:116 F:15
				8088B6 C9 81 FF    CMP #$FF81             A:FFA4 X:0026 Y:0002 S:0124 D:0E68 DB:86 NvmXdizC V:258 H:121 F:15
				8088B9 10 0E       BPL $000E     [8088C9] A:FFA4 X:0026 Y:0002 S:0124 D:0E68 DB:86 nvmXdizC V:258 H:125 F:15
				8088C9 A8          TAY                    A:FFA4 X:0026 Y:0002 S:0124 D:0E68 DB:86 nvmXdizC V:258 H:130 F:15
				8088CA 68          PLA                    A:FFA4 X:0026 Y:00A4 S:0124 D:0E68 DB:86 NvmXdizC V:258 H:133 F:15
				8088CB 80 07       BRA $0007     [8088D4] A:CD4E X:0026 Y:00A4 S:0126 D:0E68 DB:86 NvmXdizC V:258 H:151 F:15
				8088D4 E2 31       SEP #$31               A:CD4E X:0026 Y:00A4 S:0126 D:0E68 DB:86 NvmXdizC V:258 H:156 F:15
				8088D6 AE A3 0B    LDX $0BA3     [860BA3] A:CD4E X:0026 Y:00A4 S:0126 D:0E68 DB:86 NvMXdizC V:258 H:160 F:15
				8088D9 9D 72 0B    STA $0B72,X   [860B7C] A:CD4E X:000A Y:00A4 S:0126 D:0E68 DB:86 nvMXdizC V:258 H:167 F:15
				8088DC 98          TYA                    A:CD4E X:000A Y:00A4 S:0126 D:0E68 DB:86 nvMXdizC V:258 H:175 F:15
				8088DD 9D 73 0B    STA $0B73,X   [860B7D] A:CDA4 X:000A Y:00A4 S:0126 D:0E68 DB:86 NvMXdizC V:258 H:178 F:15
				8088E0 E8          INX                    A:CDA4 X:000A Y:00A4 S:0126 D:0E68 DB:86 NvMXdizC V:258 H:186 F:15
				8088E1 E8          INX                    A:CDA4 X:000B Y:00A4 S:0126 D:0E68 DB:86 nvMXdizC V:258 H:189 F:15
				8088E2 8A          TXA                    A:CDA4 X:000C Y:00A4 S:0126 D:0E68 DB:86 nvMXdizC V:258 H:192 F:15
				8088E3 29 1E       AND #$1E               A:CD0C X:000C Y:00A4 S:0126 D:0E68 DB:86 nvMXdizC V:258 H:195 F:15
				8088E5 8D A3 0B    STA $0BA3     [860BA3] A:CD0C X:000C Y:00A4 S:0126 D:0E68 DB:86 nvMXdizC V:258 H:198 F:15
				8088E8 28          PLP                    A:CD0C X:000C Y:00A4 S:0126 D:0E68 DB:86 nvMXdizC V:258 H:204 F:15
				8088E9 7A          PLY                    A:CD0C X:000C Y:00A4 S:0127 D:0E68 DB:86 nvMXdizc V:258 H:211 F:15
				8088EA FA          PLX                    A:CD0C X:000C Y:0002 S:0128 D:0E68 DB:86 nvMXdizc V:258 H:217 F:15
				8088EB 6B          RTL                    A:CD0C X:0026 Y:0002 S:0129 D:0E68 DB:86 nvMXdizc V:258 H:224 F:15

			83B7A4 60          RTS                    A:CD0C X:0026 Y:0002 S:012C D:0E68 DB:86 nvMXdizc V:258 H:234 F:15			Return

		83B2ED A5 27       LDA $27       [000E8F] A:CD0C X:0026 Y:0002 S:012E D:0E68 DB:86 nvMXdizc V:258 H:244 F:15
