80D4F6 20 30 D5    JSR $D530     [80D530] A:0E01 X:0000 Y:0002 S:0133 D:0E68 DB:86 nvMXdizC V:255 H:110 F:33

	80D530 C2 20       REP #$20               A:0E01 X:0000 Y:0002 S:0131 D:0E68 DB:86 nvMXdizC V:255 H:120 F:33
	80D532 A5 05       LDA $05       [000E6D] A:0E01 X:0000 Y:0002 S:0131 D:0E68 DB:86 nvmXdizC V:255 H:124 F:33
	80D534 85 22       STA $22       [000E8A] A:142D X:0000 Y:0002 S:0131 D:0E68 DB:86 nvmXdizC V:255 H:133 F:33
	80D536 A5 08       LDA $08       [000E70] A:142D X:0000 Y:0002 S:0131 D:0E68 DB:86 nvmXdizC V:255 H:151 F:33
	80D538 85 24       STA $24       [000E8C] A:0A9D X:0000 Y:0002 S:0131 D:0E68 DB:86 nvmXdizC V:255 H:160 F:33
	80D53A E2 20       SEP #$20               A:0A9D X:0000 Y:0002 S:0131 D:0E68 DB:86 nvmXdizC V:255 H:168 F:33
	80D53C A9 80       LDA #$80               A:0A9D X:0000 Y:0002 S:0131 D:0E68 DB:86 nvMXdizC V:255 H:173 F:33
	80D53E 14 0E       TRB $0E       [000E76] A:0A80 X:0000 Y:0002 S:0131 D:0E68 DB:86 NvMXdizC V:255 H:176 F:33
	80D540 A5 0A       LDA $0A       [000E72] A:0A80 X:0000 Y:0002 S:0131 D:0E68 DB:86 NvMXdizC V:255 H:186 F:33
	80D542 0A          ASL A                  A:0A14 X:0000 Y:0002 S:0131 D:0E68 DB:86 nvMXdizC V:255 H:192 F:33
	80D543 AA          TAX                    A:0A28 X:0000 Y:0002 S:0131 D:0E68 DB:86 nvMXdizc V:255 H:195 F:33
	80D544 7C DD F8    JMP ($F8DD,X) [80F905] A:0A28 X:0028 Y:0002 S:0131 D:0E68 DB:86 nvMXdizc V:255 H:198 F:33

	80FA15 22 44 B1 83 JSL $83B144   [83B144] A:0A28 X:0028 Y:0002 S:0131 D:0E68 DB:86 nvMXdizc V:255 H:207 F:33

		83B144 A6 01       LDX $01       [000E69] A:0A28 X:0028 Y:0002 S:012E D:0E68 DB:86 nvMXdizc V:255 H:221 F:33
		83B146 7C 49 B1    JMP ($B149,X) [83B14D] A:0A28 X:0004 Y:0002 S:012E D:0E68 DB:86 nvMXdizc V:255 H:227 F:33

		83B2E8 A6 02       LDX $02       [000E6A] A:0A28 X:0004 Y:0002 S:012E D:0E68 DB:86 nvMXdizc V:255 H:236 F:33
		83B2EA FC DA B3    JSR ($B3DA,X) [83B3E0] A:0A28 X:0006 Y:0002 S:012E D:0E68 DB:86 nvMXdizc V:255 H:243 F:33

			83B784 A6 03       LDX $03       [000E6B] A:0A28 X:0006 Y:0002 S:012C D:0E68 DB:86 nvMXdizc V:255 H:256 F:33
			83B786 7C 89 B7    JMP ($B789,X) [83B78D] A:0A28 X:0004 Y:0002 S:012C D:0E68 DB:86 nvMXdizc V:255 H:262 F:33

			83B816 C6 34       DEC $34       [000E9C] A:0A28 X:0004 Y:0002 S:012C D:0E68 DB:86 nvMXdizc V:255 H:271 F:33			Decrease CD2
			83B818 D0 0B       BNE $000B     [83B825] A:0A28 X:0004 Y:0002 S:012C D:0E68 DB:86 nvMXdiZc V:255 H:281 F:33			Branch if CD2 <> #$00
			83B81A A9 04       LDA #$04               A:0A28 X:0004 Y:0002 S:012C D:0E68 DB:86 nvMXdiZc V:255 H:284 F:33
			83B81C 85 02       STA $02       [000E6A] A:0A04 X:0004 Y:0002 S:012C D:0E68 DB:86 nvMXdizc V:255 H:287 F:33			Action = #$04
			83B81E 64 03       STZ $03       [000E6B] A:0A04 X:0004 Y:0002 S:012C D:0E68 DB:86 nvMXdizc V:255 H:294 F:33			Subaction = #$00
			83B820 A9 00       LDA #$00               A:0A04 X:0004 Y:0002 S:012C D:0E68 DB:86 nvMXdizc V:255 H:300 F:33			a = A = #$00
			83B822 20 C8 B9    JSR $B9C8     [83B9C8] A:0A00 X:0004 Y:0002 S:012C D:0E68 DB:86 nvMXdiZc V:255 H:303 F:33			JSR $83B9C8 --> Armored Armadillo CDSkeleton Load

				83B9C8 08          PHP                    A:0A00 X:0004 Y:0002 S:012A D:0E68 DB:86 nvMXdiZc V:255 H:313 F:33
				83B9C9 E2 30       SEP #$30               A:0A00 X:0004 Y:0002 S:0129 D:0E68 DB:86 nvMXdiZc V:255 H:318 F:33
				83B9CB C9 0B       CMP #$0B               A:0A00 X:0004 Y:0002 S:0129 D:0E68 DB:86 nvMXdiZc V:255 H:323 F:33
				83B9CD F0 1B       BEQ $001B     [83B9EA] A:0A00 X:0004 Y:0002 S:0129 D:0E68 DB:86 NvMXdizc V:255 H:325 F:33
				83B9CF A6 33       LDX $33       [000E9B] A:0A00 X:0004 Y:0002 S:0129 D:0E68 DB:86 NvMXdizc V:255 H:328 F:33
				83B9D1 F0 03       BEQ $0003     [83B9D6] A:0A00 X:0000 Y:0002 S:0129 D:0E68 DB:86 nvMXdiZc V:255 H:334 F:33
				83B9D6 AA          TAX                    A:0A00 X:0000 Y:0002 S:0129 D:0E68 DB:86 nvMXdiZc V:255 H:339 F:33
				83B9D7 BD 5D C9    LDA $C95D,X   [86C95D] A:0A00 X:0000 Y:0002 S:0129 D:0E68 DB:86 nvMXdiZc V:256 H:  2 F:33
				83B9DA A2 62       LDX #$62               A:0A07 X:0000 Y:0002 S:0129 D:0E68 DB:86 nvMXdizc V:256 H:  8 F:33
				83B9DC 86 16       STX $16       [000E7E] A:0A07 X:0062 Y:0002 S:0129 D:0E68 DB:86 nvMXdizc V:256 H: 11 F:33
				83B9DE 22 07 8F 84 JSL $848F07   [848F07] A:0A07 X:0062 Y:0002 S:0129 D:0E68 DB:86 nvMXdizc V:256 H: 17 F:33

					848F07 08          PHP                    A:0A07 X:0062 Y:0002 S:0126 D:0E68 DB:86 nvMXdizc V:256 H: 31 F:33
					848F08 8B          PHB                    A:0A07 X:0062 Y:0002 S:0125 D:0E68 DB:86 nvMXdizc V:256 H: 36 F:33
					848F09 C2 30       REP #$30               A:0A07 X:0062 Y:0002 S:0124 D:0E68 DB:86 nvMXdizc V:256 H: 41 F:33
					848F0B 8D 0E 00    STA $000E     [86000E] A:0A07 X:0062 Y:0002 S:0124 D:0E68 DB:86 nvmxdizc V:256 H: 45 F:33
					848F0E A5 16       LDA $16       [000E7E] A:0A07 X:0062 Y:0002 S:0124 D:0E68 DB:86 nvmxdizc V:256 H: 54 F:33
					848F10 29 FF 00    AND #$00FF             A:1962 X:0062 Y:0002 S:0124 D:0E68 DB:86 nvmxdizc V:256 H: 62 F:33
					848F13 8D 0C 00    STA $000C     [86000C] A:0062 X:0062 Y:0002 S:0124 D:0E68 DB:86 nvmxdizc V:256 H: 67 F:33
					848F16 0A          ASL A                  A:0062 X:0062 Y:0002 S:0124 D:0E68 DB:86 nvmxdizc V:256 H: 75 F:33
					848F17 18          CLC                    A:00C4 X:0062 Y:0002 S:0124 D:0E68 DB:86 nvmxdizc V:256 H: 78 F:33
					848F18 6D 0C 00    ADC $000C     [86000C] A:00C4 X:0062 Y:0002 S:0124 D:0E68 DB:86 nvmxdizc V:256 H: 81 F:33
					848F1B AA          TAX                    A:0126 X:0062 Y:0002 S:0124 D:0E68 DB:86 nvmxdizc V:256 H: 90 F:33
					848F1C BF 00 A0 AF LDA $AFA000,X [AFA126] A:0126 X:0126 Y:0002 S:0124 D:0E68 DB:86 nvmxdizc V:256 H: 93 F:33
					848F20 85 14       STA $14       [000E7C] A:CCB8 X:0126 Y:0002 S:0124 D:0E68 DB:86 Nvmxdizc V:256 H:102 F:33
					848F22 E2 20       SEP #$20               A:CCB8 X:0126 Y:0002 S:0124 D:0E68 DB:86 Nvmxdizc V:256 H:110 F:33
					848F24 BF 02 A0 AF LDA $AFA002,X [AFA128] A:CCB8 X:0126 Y:0002 S:0124 D:0E68 DB:86 NvMxdizc V:256 H:115 F:33
					848F28 48          PHA                    A:CCAF X:0126 Y:0002 S:0124 D:0E68 DB:86 NvMxdizc V:256 H:122 F:33
					848F29 AB          PLB                    A:CCAF X:0126 Y:0002 S:0123 D:0E68 DB:86 NvMxdizc V:256 H:127 F:33
					848F2A C2 20       REP #$20               A:CCAF X:0126 Y:0002 S:0124 D:0E68 DB:AF NvMxdizc V:256 H:144 F:33
					848F2C AD 0E 00    LDA $000E     [AF000E] A:CCAF X:0126 Y:0002 S:0124 D:0E68 DB:AF Nvmxdizc V:256 H:148 F:33
					848F2F 29 FF 00    AND #$00FF             A:0A07 X:0126 Y:0002 S:0124 D:0E68 DB:AF nvmxdizc V:256 H:157 F:33
					848F32 0A          ASL A                  A:0007 X:0126 Y:0002 S:0124 D:0E68 DB:AF nvmxdizc V:256 H:161 F:33
					848F33 A8          TAY                    A:000E X:0126 Y:0002 S:0124 D:0E68 DB:AF nvmxdizc V:256 H:164 F:33
					848F34 B1 14       LDA ($14),Y   [AFCCC6] A:000E X:0126 Y:000E S:0124 D:0E68 DB:AF nvmxdizc V:256 H:167 F:33
					848F36 65 14       ADC $14       [000E7C] A:0084 X:0126 Y:000E S:0124 D:0E68 DB:AF nvmxdizc V:256 H:180 F:33
					848F38 85 14       STA $14       [000E7C] A:CD3C X:0126 Y:000E S:0124 D:0E68 DB:AF Nvmxdizc V:256 H:189 F:33
					848F3A E2 30       SEP #$30               A:CD3C X:0126 Y:000E S:0124 D:0E68 DB:AF Nvmxdizc V:256 H:197 F:33
					848F3C B2 14       LDA ($14)     [AFCD3C] A:CD3C X:0026 Y:000E S:0124 D:0E68 DB:AF NvMXdizc V:256 H:202 F:33	Skeleton start: [AFCD3C]
					848F3E 85 13       STA $13       [000E7B] A:CD14 X:0026 Y:000E S:0124 D:0E68 DB:AF nvMXdizc V:256 H:212 F:33
					848F40 A0 01       LDY #$01               A:CD14 X:0026 Y:000E S:0124 D:0E68 DB:AF nvMXdizc V:256 H:218 F:33
					848F42 B1 14       LDA ($14),Y   [AFCD3D] A:CD14 X:0026 Y:0001 S:0124 D:0E68 DB:AF nvMXdizc V:256 H:221 F:33
					848F44 85 0F       STA $0F       [000E77] A:CD80 X:0026 Y:0001 S:0124 D:0E68 DB:AF NvMXdizc V:256 H:231 F:33
					848F46 C8          INY                    A:CD80 X:0026 Y:0001 S:0124 D:0E68 DB:AF NvMXdizc V:256 H:238 F:33
					848F47 B1 14       LDA ($14),Y   [AFCD3E] A:CD80 X:0026 Y:0002 S:0124 D:0E68 DB:AF nvMXdizc V:256 H:241 F:33
					848F49 85 17       STA $17       [000E7F] A:CD0B X:0026 Y:0002 S:0124 D:0E68 DB:AF nvMXdizc V:256 H:251 F:33
					848F4B A9 80       LDA #$80               A:CD0B X:0026 Y:0002 S:0124 D:0E68 DB:AF nvMXdizc V:256 H:257 F:33
					848F4D 04 17       TSB $17       [000E7F] A:CD80 X:0026 Y:0002 S:0124 D:0E68 DB:AF NvMXdizc V:256 H:260 F:33
					848F4F AB          PLB                    A:CD80 X:0026 Y:0002 S:0124 D:0E68 DB:AF NvMXdiZc V:256 H:270 F:33
					848F50 28          PLP                    A:CD80 X:0026 Y:0002 S:0125 D:0E68 DB:86 NvMXdizc V:256 H:277 F:33
					848F51 6B          RTL                    A:CD80 X:0026 Y:0002 S:0126 D:0E68 DB:86 nvMXdizc V:256 H:283 F:33

				83B9E2 A9 01       LDA #$01               A:CD80 X:0026 Y:0002 S:0129 D:0E68 DB:86 nvMXdizc V:256 H:294 F:33
				83B9E4 04 11       TSB $11       [000E79] A:CD01 X:0026 Y:0002 S:0129 D:0E68 DB:86 nvMXdizc V:256 H:297 F:33		E-Status: Set bit #$01
				83B9E6 64 18       STZ $18       [000E80] A:CD01 X:0026 Y:0002 S:0129 D:0E68 DB:86 nvMXdizc V:256 H:307 F:33		E-$18 = #$00
				83B9E8 28          PLP                    A:CD01 X:0026 Y:0002 S:0129 D:0E68 DB:86 nvMXdizc V:256 H:313 F:33
				83B9E9 60          RTS                    A:CD01 X:0026 Y:0002 S:012A D:0E68 DB:86 nvMXdiZc V:256 H:320 F:33

			83B825 60          RTS                    A:CD01 X:0026 Y:0002 S:012C D:0E68 DB:86 nvMXdiZc V:256 H:329 F:33

		83B2ED A5 27       LDA $27       [000E8F] A:CD01 X:0026 Y:0002 S:012E D:0E68 DB:86 nvMXdiZc V:256 H:339 F:33
