80D4F6 20 30 D5    JSR $D530     [80D530] A:0E01 X:0000 Y:0047 S:0133 D:0E68 DB:86 nvMXdizC V:254 H:274 F:16

	80D530 C2 20       REP #$20               A:0E01 X:0000 Y:0047 S:0131 D:0E68 DB:86 nvMXdizC V:254 H:284 F:16
	80D532 A5 05       LDA $05       [000E6D] A:0E01 X:0000 Y:0047 S:0131 D:0E68 DB:86 nvmXdizC V:254 H:288 F:16
	80D534 85 22       STA $22       [000E8A] A:1431 X:0000 Y:0047 S:0131 D:0E68 DB:86 nvmXdizC V:254 H:297 F:16
	80D536 A5 08       LDA $08       [000E70] A:1431 X:0000 Y:0047 S:0131 D:0E68 DB:86 nvmXdizC V:254 H:305 F:16
	80D538 85 24       STA $24       [000E8C] A:0A9D X:0000 Y:0047 S:0131 D:0E68 DB:86 nvmXdizC V:254 H:314 F:16
	80D53A E2 20       SEP #$20               A:0A9D X:0000 Y:0047 S:0131 D:0E68 DB:86 nvmXdizC V:254 H:322 F:16
	80D53C A9 80       LDA #$80               A:0A9D X:0000 Y:0047 S:0131 D:0E68 DB:86 nvMXdizC V:254 H:326 F:16
	80D53E 14 0E       TRB $0E       [000E76] A:0A80 X:0000 Y:0047 S:0131 D:0E68 DB:86 NvMXdizC V:254 H:329 F:16
	80D540 A5 0A       LDA $0A       [000E72] A:0A80 X:0000 Y:0047 S:0131 D:0E68 DB:86 NvMXdizC V:254 H:339 F:16
	80D542 0A          ASL A                  A:0A14 X:0000 Y:0047 S:0131 D:0E68 DB:86 nvMXdizC V:255 H:  5 F:16
	80D543 AA          TAX                    A:0A28 X:0000 Y:0047 S:0131 D:0E68 DB:86 nvMXdizc V:255 H:  8 F:16
	80D544 7C DD F8    JMP ($F8DD,X) [80F905] A:0A28 X:0028 Y:0047 S:0131 D:0E68 DB:86 nvMXdizc V:255 H: 11 F:16

	80FA15 22 44 B1 83 JSL $83B144   [83B144] A:0A28 X:0028 Y:0047 S:0131 D:0E68 DB:86 nvMXdizc V:255 H: 20 F:16

		83B144 A6 01       LDX $01       [000E69] A:0A28 X:0028 Y:0047 S:012E D:0E68 DB:86 nvMXdizc V:255 H: 34 F:16
		83B146 7C 49 B1    JMP ($B149,X) [83B14D] A:0A28 X:0004 Y:0047 S:012E D:0E68 DB:86 nvMXdizc V:255 H: 40 F:16

		83B2E8 A6 02       LDX $02       [000E6A] A:0A28 X:0004 Y:0047 S:012E D:0E68 DB:86 nvMXdizc V:255 H: 49 F:16
		83B2EA FC DA B3    JSR ($B3DA,X) [83B3E0] A:0A28 X:0006 Y:0047 S:012E D:0E68 DB:86 nvMXdizc V:255 H: 56 F:16

			83B784 A6 03       LDX $03       [000E6B] A:0A28 X:0006 Y:0047 S:012C D:0E68 DB:86 nvMXdizc V:255 H: 69 F:16
			83B786 7C 89 B7    JMP ($B789,X) [83B78B] A:0A28 X:0002 Y:0047 S:012C D:0E68 DB:86 nvMXdizc V:255 H: 75 F:16

			83B7A5 20 AA BA    JSR $BAAA     [83BAAA] A:0A28 X:0002 Y:0047 S:012C D:0E68 DB:86 nvMXdizc V:255 H: 84 F:16		JSR $83BAAA --> Decrease E-CDKnockback, Knocks Enemy back 02 pixels if Enemy is hit

				83BAAA A5 3C       LDA $3C       [000EA4] A:0A28 X:0002 Y:0047 S:012A D:0E68 DB:86 nvMXdizc V:255 H: 94 F:16
				83BAAC F0 1B       BEQ $001B     [83BAC9] A:0A02 X:0002 Y:0047 S:012A D:0E68 DB:86 nvMXdizc V:255 H:101 F:16
				83BAAE C6 3C       DEC $3C       [000EA4] A:0A02 X:0002 Y:0047 S:012A D:0E68 DB:86 nvMXdizc V:255 H:104 F:16
				83BAB0 A5 11       LDA $11       [000E79] A:0A02 X:0002 Y:0047 S:012A D:0E68 DB:86 nvMXdizc V:255 H:114 F:16
				83BAB2 0A          ASL A                  A:0A6B X:0002 Y:0047 S:012A D:0E68 DB:86 nvMXdizc V:255 H:120 F:16
				83BAB3 0A          ASL A                  A:0AD6 X:0002 Y:0047 S:012A D:0E68 DB:86 NvMXdizc V:255 H:123 F:16
				83BAB4 C2 20       REP #$20               A:0AAC X:0002 Y:0047 S:012A D:0E68 DB:86 NvMXdizC V:255 H:126 F:16
				83BAB6 A9 02 00    LDA #$0002             A:0AAC X:0002 Y:0047 S:012A D:0E68 DB:86 NvmXdizC V:255 H:131 F:16
				83BAB9 90 03       BCC $0003     [83BABE] A:0002 X:0002 Y:0047 S:012A D:0E68 DB:86 nvmXdizC V:255 H:145 F:16
				83BABB A9 FE FF    LDA #$FFFE             A:0002 X:0002 Y:0047 S:012A D:0E68 DB:86 nvmXdizC V:255 H:148 F:16
				83BABE 18          CLC                    A:FFFE X:0002 Y:0047 S:012A D:0E68 DB:86 NvmXdizC V:255 H:153 F:16
				83BABF 65 05       ADC $05       [000E6D] A:FFFE X:0002 Y:0047 S:012A D:0E68 DB:86 NvmXdizc V:255 H:156 F:16
				83BAC1 85 05       STA $05       [000E6D] A:142F X:0002 Y:0047 S:012A D:0E68 DB:86 nvmXdizC V:255 H:164 F:16
				83BAC3 E2 20       SEP #$20               A:142F X:0002 Y:0047 S:012A D:0E68 DB:86 nvmXdizC V:255 H:173 F:16
				83BAC5 22 BE 91 84 JSL $8491BE   [8491BE] A:142F X:0002 Y:0047 S:012A D:0E68 DB:86 nvMXdizC V:255 H:177 F:16	JSL $8491BE --> Check for colissions and adjust position

					8491BE 08          PHP                    A:142F X:0002 Y:0047 S:0127 D:0E68 DB:86 nvMXdizC V:255 H:191 F:16
					8491BF 0B          PHD                    A:142F X:0002 Y:0047 S:0126 D:0E68 DB:86 nvMXdizC V:255 H:196 F:16
					8491C0 C2 30       REP #$30               A:142F X:0002 Y:0047 S:0124 D:0E68 DB:86 nvMXdizC V:255 H:203 F:16
					8491C2 A5 20       LDA $20       [000E88] A:142F X:0002 Y:0047 S:0124 D:0E68 DB:86 nvmxdizC V:255 H:207 F:16
					8491C4 F0 15       BEQ $0015     [8491DB] A:C94F X:0002 Y:0047 S:0124 D:0E68 DB:86 NvmxdizC V:255 H:216 F:16
					8491C6 7B          TDC                    A:C94F X:0002 Y:0047 S:0124 D:0E68 DB:86 NvmxdizC V:255 H:219 F:16
					8491C7 AA          TAX                    A:0E68 X:0002 Y:0047 S:0124 D:0E68 DB:86 nvmxdizC V:255 H:222 F:16
					8491C8 A9 00 00    LDA #$0000             A:0E68 X:0E68 Y:0047 S:0124 D:0E68 DB:86 nvmxdizC V:255 H:225 F:16
					8491CB 5B          TCD                    A:0000 X:0E68 Y:0047 S:0124 D:0E68 DB:86 nvmxdiZC V:255 H:229 F:16
					8491CC 64 14       STZ $14       [000014] A:0000 X:0E68 Y:0047 S:0124 D:0000 DB:86 nvmxdiZC V:255 H:232 F:16
					8491CE B5 2B       LDA $2B,X     [000E93] A:0000 X:0E68 Y:0047 S:0124 D:0000 DB:86 nvmxdiZC V:255 H:239 F:16
					8491D0 29 00 FF    AND #$FF00             A:0004 X:0E68 Y:0047 S:0124 D:0000 DB:86 nvmxdizC V:255 H:248 F:16
					8491D3 95 2B       STA $2B,X     [000E93] A:0000 X:0E68 Y:0047 S:0124 D:0000 DB:86 nvmxdiZC V:255 H:252 F:16
					8491D5 20 AC 92    JSR $92AC     [8492AC] A:0000 X:0E68 Y:0047 S:0124 D:0000 DB:86 nvmxdiZC V:255 H:261 F:16

					8492AC C2 30       REP #$30               A:0000 X:0E68 Y:0047 S:0122 D:0000 DB:86 nvmxdiZC V:255 H:271 F:16
					8492AE B5 05       LDA $05,X     [000E6D] A:0000 X:0E68 Y:0047 S:0122 D:0000 DB:86 nvmxdiZC V:255 H:275 F:16
					8492B0 38          SEC                    A:142F X:0E68 Y:0047 S:0122 D:0000 DB:86 nvmxdizC V:255 H:284 F:16
					8492B1 F5 22       SBC $22,X     [000E8A] A:142F X:0E68 Y:0047 S:0122 D:0000 DB:86 nvmxdizC V:255 H:287 F:16
					8492B3 85 00       STA $00       [000000] A:FFFE X:0E68 Y:0047 S:0122 D:0000 DB:86 Nvmxdizc V:255 H:295 F:16
					8492B5 E2 20       SEP #$20               A:FFFE X:0E68 Y:0047 S:0122 D:0000 DB:86 Nvmxdizc V:255 H:302 F:16
					8492B7 F0 4C       BEQ $004C     [849305] A:FFFE X:0E68 Y:0047 S:0122 D:0000 DB:86 NvMxdizc V:255 H:307 F:16
					8492B9 B4 20       LDY $20,X     [000E88] A:FFFE X:0E68 Y:0047 S:0122 D:0000 DB:86 NvMxdizc V:255 H:310 F:16
					8492BB B9 05 00    LDA $0005,Y   [86C954] A:FFFE X:0E68 Y:C94F S:0122 D:0000 DB:86 NvMxdizc V:255 H:318 F:16
					8492BE 34 11       BIT $11,X     [000E79] A:FF00 X:0E68 Y:C94F S:0122 D:0000 DB:86 nvMxdiZc V:255 H:325 F:16
					8492C0 50 03       BVC $0003     [8492C5] A:FF00 X:0E68 Y:C94F S:0122 D:0000 DB:86 nVMxdiZc V:255 H:331 F:16
					8492C2 49 FF       EOR #$FF               A:FF00 X:0E68 Y:C94F S:0122 D:0000 DB:86 nVMxdiZc V:255 H:334 F:16
					8492C4 1A          INC                    A:FFFF X:0E68 Y:C94F S:0122 D:0000 DB:86 NVMxdizc V:255 H:337 F:16
					8492C5 24 00       BIT $00       [000000] A:FF00 X:0E68 Y:C94F S:0122 D:0000 DB:86 nVMxdiZc V:256 H:  0 F:16
					8492C7 10 06       BPL $0006     [8492CF] A:FF00 X:0E68 Y:C94F S:0122 D:0000 DB:86 NVMxdiZc V:256 H:  5 F:16
					8492C9 38          SEC                    A:FF00 X:0E68 Y:C94F S:0122 D:0000 DB:86 NVMxdiZc V:256 H:  8 F:16
					8492CA F9 07 00    SBC $0007,Y   [86C956] A:FF00 X:0E68 Y:C94F S:0122 D:0000 DB:86 NVMxdiZC V:256 H: 11 F:16
					8492CD 80 04       BRA $0004     [8492D3] A:FFF0 X:0E68 Y:C94F S:0122 D:0000 DB:86 NvMxdizc V:256 H: 19 F:16
					8492D3 95 29       STA $29,X     [000E91] A:FFF0 X:0E68 Y:C94F S:0122 D:0000 DB:86 NvMxdizc V:256 H: 23 F:16
					8492D5 B9 06 00    LDA $0006,Y   [86C955] A:FFF0 X:0E68 Y:C94F S:0122 D:0000 DB:86 NvMxdizc V:256 H: 30 F:16
					8492D8 95 2A       STA $2A,X     [000E92] A:FFFF X:0E68 Y:C94F S:0122 D:0000 DB:86 NvMxdizc V:256 H: 37 F:16
					8492DA 20 15 93    JSR $9315     [849315] A:FFFF X:0E68 Y:C94F S:0122 D:0000 DB:86 NvMxdizc V:256 H: 44 F:16

					849315 20 B3 90    JSR $90B3     [8490B3] A:FFFF X:0E68 Y:C94F S:0120 D:0000 DB:86 NvMxdizc V:256 H: 54 F:16

					8490B3 0B          PHD                    A:FFFF X:0E68 Y:C94F S:011E D:0000 DB:86 NvMxdizc V:256 H: 64 F:16
					8490B4 DA          PHX                    A:FFFF X:0E68 Y:C94F S:011C D:0000 DB:86 NvMxdizc V:256 H: 71 F:16
					8490B5 08          PHP                    A:FFFF X:0E68 Y:C94F S:011A D:0000 DB:86 NvMxdizc V:256 H: 78 F:16
					8490B6 E2 20       SEP #$20               A:FFFF X:0E68 Y:C94F S:0119 D:0000 DB:86 NvMxdizc V:256 H: 83 F:16
					8490B8 C2 10       REP #$10               A:FFFF X:0E68 Y:C94F S:0119 D:0000 DB:86 NvMxdizc V:256 H: 87 F:16
					8490BA 64 01       STZ $01       [000001] A:FFFF X:0E68 Y:C94F S:0119 D:0000 DB:86 NvMxdizc V:256 H: 92 F:16
					8490BC B5 29       LDA $29,X     [000E91] A:FFFF X:0E68 Y:C94F S:0119 D:0000 DB:86 NvMxdizc V:256 H: 97 F:16
					8490BE 10 02       BPL $0002     [8490C2] A:FFF0 X:0E68 Y:C94F S:0119 D:0000 DB:86 NvMxdizc V:256 H:103 F:16
					8490C0 C6 01       DEC $01       [000001] A:FFF0 X:0E68 Y:C94F S:0119 D:0000 DB:86 NvMxdizc V:256 H:106 F:16
					8490C2 18          CLC                    A:FFF0 X:0E68 Y:C94F S:0119 D:0000 DB:86 NvMxdizc V:256 H:115 F:16
					8490C3 75 05       ADC $05,X     [000E6D] A:FFF0 X:0E68 Y:C94F S:0119 D:0000 DB:86 NvMxdizc V:256 H:118 F:16
					8490C5 85 00       STA $00       [000000] A:FF1F X:0E68 Y:C94F S:0119 D:0000 DB:86 nvMxdizC V:256 H:124 F:16
					8490C7 B5 06       LDA $06,X     [000E6E] A:FF1F X:0E68 Y:C94F S:0119 D:0000 DB:86 nvMxdizC V:256 H:129 F:16
					8490C9 65 01       ADC $01       [000001] A:FF14 X:0E68 Y:C94F S:0119 D:0000 DB:86 nvMxdizC V:256 H:146 F:16
					8490CB 85 01       STA $01       [000001] A:FF14 X:0E68 Y:C94F S:0119 D:0000 DB:86 nvMxdizC V:256 H:151 F:16
					8490CD 64 03       STZ $03       [000003] A:FF14 X:0E68 Y:C94F S:0119 D:0000 DB:86 nvMxdizC V:256 H:156 F:16
					8490CF B5 2A       LDA $2A,X     [000E92] A:FF14 X:0E68 Y:C94F S:0119 D:0000 DB:86 nvMxdizC V:256 H:161 F:16
					8490D1 10 02       BPL $0002     [8490D5] A:FFFF X:0E68 Y:C94F S:0119 D:0000 DB:86 NvMxdizC V:256 H:167 F:16
					8490D3 C6 03       DEC $03       [000003] A:FFFF X:0E68 Y:C94F S:0119 D:0000 DB:86 NvMxdizC V:256 H:170 F:16
					8490D5 18          CLC                    A:FFFF X:0E68 Y:C94F S:0119 D:0000 DB:86 NvMxdizC V:256 H:179 F:16
					8490D6 75 08       ADC $08,X     [000E70] A:FFFF X:0E68 Y:C94F S:0119 D:0000 DB:86 NvMxdizc V:256 H:182 F:16
					8490D8 85 02       STA $02       [000002] A:FF9C X:0E68 Y:C94F S:0119 D:0000 DB:86 NvMxdizC V:256 H:188 F:16
					8490DA 29 F0       AND #$F0               A:FF9C X:0E68 Y:C94F S:0119 D:0000 DB:86 NvMxdizC V:256 H:193 F:16
					8490DC 85 0A       STA $0A       [00000A] A:FF90 X:0E68 Y:C94F S:0119 D:0000 DB:86 NvMxdizC V:256 H:196 F:16
					8490DE B5 09       LDA $09,X     [000E71] A:FF90 X:0E68 Y:C94F S:0119 D:0000 DB:86 NvMxdizC V:256 H:201 F:16
					8490E0 65 03       ADC $03       [000003] A:FF0A X:0E68 Y:C94F S:0119 D:0000 DB:86 nvMxdizC V:256 H:208 F:16
					8490E2 85 03       STA $03       [000003] A:FF0A X:0E68 Y:C94F S:0119 D:0000 DB:86 nvMxdizC V:256 H:213 F:16
					8490E4 85 0B       STA $0B       [00000B] A:FF0A X:0E68 Y:C94F S:0119 D:0000 DB:86 nvMxdizC V:256 H:218 F:16
					8490E6 A5 00       LDA $00       [000000] A:FF0A X:0E68 Y:C94F S:0119 D:0000 DB:86 nvMxdizC V:256 H:223 F:16
					8490E8 29 0F       AND #$0F               A:FF1F X:0E68 Y:C94F S:0119 D:0000 DB:86 nvMxdizC V:256 H:228 F:16
					8490EA 1A          INC                    A:FF0F X:0E68 Y:C94F S:0119 D:0000 DB:86 nvMxdizC V:256 H:231 F:16
					8490EB 85 0C       STA $0C       [00000C] A:FF10 X:0E68 Y:C94F S:0119 D:0000 DB:86 nvMxdizC V:256 H:234 F:16
					8490ED A5 02       LDA $02       [000002] A:FF10 X:0E68 Y:C94F S:0119 D:0000 DB:86 nvMxdizC V:256 H:239 F:16
					8490EF 29 0F       AND #$0F               A:FF9C X:0E68 Y:C94F S:0119 D:0000 DB:86 NvMxdizC V:256 H:244 F:16
					8490F1 1A          INC                    A:FF0C X:0E68 Y:C94F S:0119 D:0000 DB:86 nvMxdizC V:256 H:247 F:16
					8490F2 85 0E       STA $0E       [00000E] A:FF0D X:0E68 Y:C94F S:0119 D:0000 DB:86 nvMxdizC V:256 H:250 F:16
					8490F4 C2 20       REP #$20               A:FF0D X:0E68 Y:C94F S:0119 D:0000 DB:86 nvMxdizC V:256 H:255 F:16
					8490F6 20 6A 91    JSR $916A     [84916A] A:FF0D X:0E68 Y:C94F S:0119 D:0000 DB:86 nvmxdizC V:256 H:259 F:16

					84916A A9 00 E8    LDA #$E800             A:FF0D X:0E68 Y:C94F S:0117 D:0000 DB:86 nvmxdizC V:256 H:269 F:16
					84916D 85 10       STA $10       [000010] A:E800 X:0E68 Y:C94F S:0117 D:0000 DB:86 NvmxdizC V:256 H:274 F:16
					84916F A9 7E 00    LDA #$007E             A:E800 X:0E68 Y:C94F S:0117 D:0000 DB:86 NvmxdizC V:256 H:281 F:16
					849172 85 12       STA $12       [000012] A:007E X:0E68 Y:C94F S:0117 D:0000 DB:86 nvmxdizC V:256 H:285 F:16
					849174 A5 02       LDA $02       [000002] A:007E X:0E68 Y:C94F S:0117 D:0000 DB:86 nvmxdizC V:256 H:292 F:16
					849176 29 F0 00    AND #$00F0             A:0A9C X:0E68 Y:C94F S:0117 D:0000 DB:86 nvmxdizC V:256 H:299 F:16
					849179 0A          ASL A                  A:0090 X:0E68 Y:C94F S:0117 D:0000 DB:86 nvmxdizC V:256 H:304 F:16
					84917A 85 04       STA $04       [000004] A:0120 X:0E68 Y:C94F S:0117 D:0000 DB:86 nvmxdizc V:256 H:307 F:16
					84917C A5 00       LDA $00       [000000] A:0120 X:0E68 Y:C94F S:0117 D:0000 DB:86 nvmxdizc V:256 H:314 F:16
					84917E 29 FF 00    AND #$00FF             A:141F X:0E68 Y:C94F S:0117 D:0000 DB:86 nvmxdizc V:256 H:321 F:16
					849181 4A          LSR A                  A:001F X:0E68 Y:C94F S:0117 D:0000 DB:86 nvmxdizc V:256 H:325 F:16
					849182 4A          LSR A                  A:000F X:0E68 Y:C94F S:0117 D:0000 DB:86 nvmxdizC V:256 H:327 F:16
					849183 4A          LSR A                  A:0007 X:0E68 Y:C94F S:0117 D:0000 DB:86 nvmxdizC V:256 H:330 F:16
					849184 29 FE FF    AND #$FFFE             A:0003 X:0E68 Y:C94F S:0117 D:0000 DB:86 nvmxdizC V:256 H:333 F:16
					849187 18          CLC                    A:0002 X:0E68 Y:C94F S:0117 D:0000 DB:86 nvmxdizC V:256 H:338 F:16
					849188 65 04       ADC $04       [000004] A:0002 X:0E68 Y:C94F S:0117 D:0000 DB:86 nvmxdizc V:257 H:  1 F:16
					84918A 85 06       STA $06       [000006] A:0122 X:0E68 Y:C94F S:0117 D:0000 DB:86 nvmxdizc V:257 H:  8 F:16
					84918C A5 00       LDA $00       [000000] A:0122 X:0E68 Y:C94F S:0117 D:0000 DB:86 nvmxdizc V:257 H: 15 F:16
					84918E EB          XBA                    A:141F X:0E68 Y:C94F S:0117 D:0000 DB:86 nvmxdizc V:257 H: 22 F:16
					84918F 29 1F 00    AND #$001F             A:1F14 X:0E68 Y:C94F S:0117 D:0000 DB:86 nvmxdizc V:257 H: 26 F:16
					849192 85 04       STA $04       [000004] A:0014 X:0E68 Y:C94F S:0117 D:0000 DB:86 nvmxdizc V:257 H: 31 F:16
					849194 A5 02       LDA $02       [000002] A:0014 X:0E68 Y:C94F S:0117 D:0000 DB:86 nvmxdizc V:257 H: 38 F:16
					849196 29 00 1F    AND #$1F00             A:0A9C X:0E68 Y:C94F S:0117 D:0000 DB:86 nvmxdizc V:257 H: 45 F:16
					849199 4A          LSR A                  A:0A00 X:0E68 Y:C94F S:0117 D:0000 DB:86 nvmxdizc V:257 H: 49 F:16
					84919A 4A          LSR A                  A:0500 X:0E68 Y:C94F S:0117 D:0000 DB:86 nvmxdizc V:257 H: 52 F:16
					84919B 4A          LSR A                  A:0280 X:0E68 Y:C94F S:0117 D:0000 DB:86 nvmxdizc V:257 H: 55 F:16
					84919C 18          CLC                    A:0140 X:0E68 Y:C94F S:0117 D:0000 DB:86 nvmxdizc V:257 H: 58 F:16
					84919D 65 04       ADC $04       [000004] A:0140 X:0E68 Y:C94F S:0117 D:0000 DB:86 nvmxdizc V:257 H: 61 F:16
					84919F A8          TAY                    A:0154 X:0E68 Y:C94F S:0117 D:0000 DB:86 nvmxdizc V:257 H: 68 F:16
					8491A0 B7 10       LDA [$10],Y   [7EE954] A:0154 X:0E68 Y:0154 S:0117 D:0000 DB:86 nvmxdizc V:257 H: 71 F:16
					8491A2 29 FF 00    AND #$00FF             A:0038 X:0E68 Y:0154 S:0117 D:0000 DB:86 nvmxdizc V:257 H: 84 F:16
					8491A5 A8          TAY                    A:0038 X:0E68 Y:0154 S:0117 D:0000 DB:86 nvmxdizc V:257 H: 89 F:16
					8491A6 EB          XBA                    A:0038 X:0E68 Y:0038 S:0117 D:0000 DB:86 nvmxdizc V:257 H: 92 F:16
					8491A7 0A          ASL A                  A:3800 X:0E68 Y:0038 S:0117 D:0000 DB:86 nvmxdiZc V:257 H: 96 F:16
					8491A8 18          CLC                    A:7000 X:0E68 Y:0038 S:0117 D:0000 DB:86 nvmxdizc V:257 H: 99 F:16
					8491A9 65 06       ADC $06       [000006] A:7000 X:0E68 Y:0038 S:0117 D:0000 DB:86 nvmxdizc V:257 H:102 F:16
					8491AB AA          TAX                    A:7122 X:0E68 Y:0038 S:0117 D:0000 DB:86 nvmxdizc V:257 H:109 F:16
					8491AC 60          RTS                    A:7122 X:7122 Y:0038 S:0117 D:0000 DB:86 nvmxdizc V:257 H:112 F:16

					8490F9 BF 00 20 7E LDA $7E2000,X [7E9122] A:7122 X:7122 Y:0038 S:0119 D:0000 DB:86 nvmxdizc V:257 H:122 F:16
					8490FD A8          TAY                    A:023D X:7122 Y:0038 S:0119 D:0000 DB:86 nvmxdizc V:257 H:132 F:16
					8490FE AD 92 0B    LDA $0B92     [860B92] A:023D X:7122 Y:023D S:0119 D:0000 DB:86 nvmxdizc V:257 H:145 F:16
					849101 85 10       STA $10       [000010] A:DB57 X:7122 Y:023D S:0119 D:0000 DB:86 Nvmxdizc V:257 H:154 F:16
					849103 AD 94 0B    LDA $0B94     [860B94] A:DB57 X:7122 Y:023D S:0119 D:0000 DB:86 Nvmxdizc V:257 H:161 F:16
					849106 85 12       STA $12       [000012] A:B895 X:7122 Y:023D S:0119 D:0000 DB:86 Nvmxdizc V:257 H:169 F:16
					849108 B7 10       LDA [$10],Y   [95DD94] A:B895 X:7122 Y:023D S:0119 D:0000 DB:86 Nvmxdizc V:257 H:176 F:16
					84910A 29 FF 00    AND #$00FF             A:0000 X:7122 Y:023D S:0119 D:0000 DB:86 nvmxdiZc V:257 H:188 F:16
					84910D 28          PLP                    A:0000 X:7122 Y:023D S:0119 D:0000 DB:86 nvmxdiZc V:257 H:193 F:16
					84910E FA          PLX                    A:0000 X:7122 Y:023D S:011A D:0000 DB:86 NvMxdizc V:257 H:199 F:16
					84910F 2B          PLD                    A:0000 X:0E68 Y:023D S:011C D:0000 DB:86 nvMxdizc V:257 H:208 F:16
					849110 60          RTS                    A:0000 X:0E68 Y:023D S:011E D:0000 DB:86 nvMxdiZc V:257 H:216 F:16

					849318 B4 05       LDY $05,X     [000E6D] A:0000 X:0E68 Y:023D S:0120 D:0000 DB:86 nvMxdiZc V:257 H:226 F:16
					84931A 84 10       STY $10       [000010] A:0000 X:0E68 Y:142F S:0120 D:0000 DB:86 nvMxdizc V:257 H:235 F:16
					84931C B4 08       LDY $08,X     [000E70] A:0000 X:0E68 Y:142F S:0120 D:0000 DB:86 nvMxdizc V:257 H:242 F:16
					84931E 84 12       STY $12       [000012] A:0000 X:0E68 Y:0A9D S:0120 D:0000 DB:86 nvMxdizc V:257 H:250 F:16
					849320 95 2D       STA $2D,X     [000E95] A:0000 X:0E68 Y:0A9D S:0120 D:0000 DB:86 nvMxdizc V:257 H:257 F:16
					849322 86 2C       STX $2C       [00002C] A:0000 X:0E68 Y:0A9D S:0120 D:0000 DB:86 nvMxdizc V:257 H:264 F:16
					849324 29 3F       AND #$3F               A:0000 X:0E68 Y:0A9D S:0120 D:0000 DB:86 nvMxdizc V:257 H:271 F:16
					849326 0A          ASL A                  A:0000 X:0E68 Y:0A9D S:0120 D:0000 DB:86 nvMxdiZc V:257 H:274 F:16
					849327 EB          XBA                    A:0000 X:0E68 Y:0A9D S:0120 D:0000 DB:86 nvMxdiZc V:257 H:277 F:16
					849328 A9 00       LDA #$00               A:0000 X:0E68 Y:0A9D S:0120 D:0000 DB:86 nvMxdiZc V:257 H:281 F:16
					84932A EB          XBA                    A:0000 X:0E68 Y:0A9D S:0120 D:0000 DB:86 nvMxdiZc V:257 H:284 F:16
					84932B AA          TAX                    A:0000 X:0E68 Y:0A9D S:0120 D:0000 DB:86 nvMxdiZc V:257 H:289 F:16
					84932C FC 5D 93    JSR ($935D,X) [84935D] A:0000 X:0000 Y:0A9D S:0120 D:0000 DB:86 nvMxdiZc V:257 H:292 F:16

					84977A A9 00       LDA #$00               A:0000 X:0000 Y:0A9D S:011E D:0000 DB:86 nvMxdiZc V:257 H:305 F:16
					84977C 60          RTS                    A:0000 X:0000 Y:0A9D S:011E D:0000 DB:86 nvMxdiZc V:257 H:308 F:16

					84932F 08          PHP                    A:0000 X:0000 Y:0A9D S:0120 D:0000 DB:86 nvMxdiZc V:257 H:318 F:16
					849330 A6 2C       LDX $2C       [00002C] A:0000 X:0000 Y:0A9D S:011F D:0000 DB:86 nvMxdiZc V:257 H:323 F:16
					849332 A9 01       LDA #$01               A:0000 X:0E68 Y:0A9D S:011F D:0000 DB:86 nvMxdizc V:257 H:329 F:16
					849334 34 29       BIT $29,X     [000E91] A:0001 X:0E68 Y:0A9D S:011F D:0000 DB:86 nvMxdizc V:257 H:332 F:16
					849336 10 02       BPL $0002     [84933A] A:0001 X:0E68 Y:0A9D S:011F D:0000 DB:86 NVMxdiZc V:257 H:338 F:16
					849338 A9 02       LDA #$02               A:0001 X:0E68 Y:0A9D S:011F D:0000 DB:86 NVMxdiZc V:258 H:  1 F:16
					84933A 28          PLP                    A:0002 X:0E68 Y:0A9D S:011F D:0000 DB:86 nVMxdizc V:258 H:  4 F:16
					84933B F0 0C       BEQ $000C     [849349] A:0002 X:0E68 Y:0A9D S:0120 D:0000 DB:86 nvMxdiZc V:258 H: 11 F:16
					849349 49 FF       EOR #$FF               A:0002 X:0E68 Y:0A9D S:0120 D:0000 DB:86 nvMxdiZc V:258 H: 15 F:16
					84934B 35 2B       AND $2B,X     [000E93] A:00FD X:0E68 Y:0A9D S:0120 D:0000 DB:86 NvMxdizc V:258 H: 18 F:16
					84934D 95 2B       STA $2B,X     [000E93] A:0000 X:0E68 Y:0A9D S:0120 D:0000 DB:86 nvMxdiZc V:258 H: 25 F:16
					84934F 20 08 93    JSR $9308     [849308] A:0000 X:0E68 Y:0A9D S:0120 D:0000 DB:86 nvMxdiZc V:258 H: 31 F:16

					849308 A5 14       LDA $14       [000014] A:0000 X:0E68 Y:0A9D S:011E D:0000 DB:86 nvMxdiZc V:258 H: 41 F:16
					84930A F0 08       BEQ $0008     [849314] A:0000 X:0E68 Y:0A9D S:011E D:0000 DB:86 nvMxdiZc V:258 H: 46 F:16
					849314 60          RTS                    A:0000 X:0E68 Y:0A9D S:011E D:0000 DB:86 nvMxdiZc V:258 H: 51 F:16

					849352 A9 00       LDA #$00               A:0000 X:0E68 Y:0A9D S:0120 D:0000 DB:86 nvMxdiZc V:258 H: 61 F:16
					849354 60          RTS                    A:0000 X:0E68 Y:0A9D S:0120 D:0000 DB:86 nvMxdiZc V:258 H: 64 F:16

					8492DD D0 26       BNE $0026     [849305] A:0000 X:0E68 Y:0A9D S:0122 D:0000 DB:86 nvMxdiZc V:258 H: 74 F:16
					8492DF B4 20       LDY $20,X     [000E88] A:0000 X:0E68 Y:0A9D S:0122 D:0000 DB:86 nvMxdiZc V:258 H: 77 F:16
					8492E1 B9 06 00    LDA $0006,Y   [86C955] A:0000 X:0E68 Y:C94F S:0122 D:0000 DB:86 NvMxdizc V:258 H: 85 F:16
					8492E4 38          SEC                    A:00FF X:0E68 Y:C94F S:0122 D:0000 DB:86 NvMxdizc V:258 H: 93 F:16
					8492E5 F9 08 00    SBC $0008,Y   [86C957] A:00FF X:0E68 Y:C94F S:0122 D:0000 DB:86 NvMxdizC V:258 H: 96 F:16
					8492E8 18          CLC                    A:00EC X:0E68 Y:C94F S:0122 D:0000 DB:86 NvMxdizC V:258 H:103 F:16
					8492E9 79 09 00    ADC $0009,Y   [86C958] A:00EC X:0E68 Y:C94F S:0122 D:0000 DB:86 NvMxdizc V:258 H:106 F:16
					8492EC 95 2A       STA $2A,X     [000E92] A:00F1 X:0E68 Y:C94F S:0122 D:0000 DB:86 NvMxdizc V:258 H:114 F:16
					8492EE 20 15 93    JSR $9315     [849315] A:00F1 X:0E68 Y:C94F S:0122 D:0000 DB:86 NvMxdizc V:258 H:120 F:16

					849315 20 B3 90    JSR $90B3     [8490B3] A:00F1 X:0E68 Y:C94F S:0120 D:0000 DB:86 NvMxdizc V:258 H:130 F:16

					8490B3 0B          PHD                    A:00F1 X:0E68 Y:C94F S:011E D:0000 DB:86 NvMxdizc V:258 H:150 F:16
					8490B4 DA          PHX                    A:00F1 X:0E68 Y:C94F S:011C D:0000 DB:86 NvMxdizc V:258 H:157 F:16
					8490B5 08          PHP                    A:00F1 X:0E68 Y:C94F S:011A D:0000 DB:86 NvMxdizc V:258 H:164 F:16
					8490B6 E2 20       SEP #$20               A:00F1 X:0E68 Y:C94F S:0119 D:0000 DB:86 NvMxdizc V:258 H:169 F:16
					8490B8 C2 10       REP #$10               A:00F1 X:0E68 Y:C94F S:0119 D:0000 DB:86 NvMxdizc V:258 H:174 F:16
					8490BA 64 01       STZ $01       [000001] A:00F1 X:0E68 Y:C94F S:0119 D:0000 DB:86 NvMxdizc V:258 H:178 F:16
					8490BC B5 29       LDA $29,X     [000E91] A:00F1 X:0E68 Y:C94F S:0119 D:0000 DB:86 NvMxdizc V:258 H:183 F:16
					8490BE 10 02       BPL $0002     [8490C2] A:00F0 X:0E68 Y:C94F S:0119 D:0000 DB:86 NvMxdizc V:258 H:190 F:16
					8490C0 C6 01       DEC $01       [000001] A:00F0 X:0E68 Y:C94F S:0119 D:0000 DB:86 NvMxdizc V:258 H:193 F:16
					8490C2 18          CLC                    A:00F0 X:0E68 Y:C94F S:0119 D:0000 DB:86 NvMxdizc V:258 H:201 F:16
					8490C3 75 05       ADC $05,X     [000E6D] A:00F0 X:0E68 Y:C94F S:0119 D:0000 DB:86 NvMxdizc V:258 H:204 F:16
					8490C5 85 00       STA $00       [000000] A:001F X:0E68 Y:C94F S:0119 D:0000 DB:86 nvMxdizC V:258 H:211 F:16
					8490C7 B5 06       LDA $06,X     [000E6E] A:001F X:0E68 Y:C94F S:0119 D:0000 DB:86 nvMxdizC V:258 H:216 F:16
					8490C9 65 01       ADC $01       [000001] A:0014 X:0E68 Y:C94F S:0119 D:0000 DB:86 nvMxdizC V:258 H:222 F:16
					8490CB 85 01       STA $01       [000001] A:0014 X:0E68 Y:C94F S:0119 D:0000 DB:86 nvMxdizC V:258 H:227 F:16
					8490CD 64 03       STZ $03       [000003] A:0014 X:0E68 Y:C94F S:0119 D:0000 DB:86 nvMxdizC V:258 H:232 F:16
					8490CF B5 2A       LDA $2A,X     [000E92] A:0014 X:0E68 Y:C94F S:0119 D:0000 DB:86 nvMxdizC V:258 H:237 F:16
					8490D1 10 02       BPL $0002     [8490D5] A:00F1 X:0E68 Y:C94F S:0119 D:0000 DB:86 NvMxdizC V:258 H:244 F:16
					8490D3 C6 03       DEC $03       [000003] A:00F1 X:0E68 Y:C94F S:0119 D:0000 DB:86 NvMxdizC V:258 H:247 F:16
					8490D5 18          CLC                    A:00F1 X:0E68 Y:C94F S:0119 D:0000 DB:86 NvMxdizC V:258 H:255 F:16
					8490D6 75 08       ADC $08,X     [000E70] A:00F1 X:0E68 Y:C94F S:0119 D:0000 DB:86 NvMxdizc V:258 H:258 F:16
					8490D8 85 02       STA $02       [000002] A:008E X:0E68 Y:C94F S:0119 D:0000 DB:86 NvMxdizC V:258 H:265 F:16
					8490DA 29 F0       AND #$F0               A:008E X:0E68 Y:C94F S:0119 D:0000 DB:86 NvMxdizC V:258 H:270 F:16
					8490DC 85 0A       STA $0A       [00000A] A:0080 X:0E68 Y:C94F S:0119 D:0000 DB:86 NvMxdizC V:258 H:273 F:16
					8490DE B5 09       LDA $09,X     [000E71] A:0080 X:0E68 Y:C94F S:0119 D:0000 DB:86 NvMxdizC V:258 H:278 F:16
					8490E0 65 03       ADC $03       [000003] A:000A X:0E68 Y:C94F S:0119 D:0000 DB:86 nvMxdizC V:258 H:284 F:16
					8490E2 85 03       STA $03       [000003] A:000A X:0E68 Y:C94F S:0119 D:0000 DB:86 nvMxdizC V:258 H:289 F:16
					8490E4 85 0B       STA $0B       [00000B] A:000A X:0E68 Y:C94F S:0119 D:0000 DB:86 nvMxdizC V:258 H:294 F:16
					8490E6 A5 00       LDA $00       [000000] A:000A X:0E68 Y:C94F S:0119 D:0000 DB:86 nvMxdizC V:258 H:299 F:16
					8490E8 29 0F       AND #$0F               A:001F X:0E68 Y:C94F S:0119 D:0000 DB:86 nvMxdizC V:258 H:304 F:16
					8490EA 1A          INC                    A:000F X:0E68 Y:C94F S:0119 D:0000 DB:86 nvMxdizC V:258 H:307 F:16
					8490EB 85 0C       STA $0C       [00000C] A:0010 X:0E68 Y:C94F S:0119 D:0000 DB:86 nvMxdizC V:258 H:310 F:16
					8490ED A5 02       LDA $02       [000002] A:0010 X:0E68 Y:C94F S:0119 D:0000 DB:86 nvMxdizC V:258 H:315 F:16
					8490EF 29 0F       AND #$0F               A:008E X:0E68 Y:C94F S:0119 D:0000 DB:86 NvMxdizC V:258 H:320 F:16
					8490F1 1A          INC                    A:000E X:0E68 Y:C94F S:0119 D:0000 DB:86 nvMxdizC V:258 H:323 F:16
					8490F2 85 0E       STA $0E       [00000E] A:000F X:0E68 Y:C94F S:0119 D:0000 DB:86 nvMxdizC V:258 H:326 F:16
					8490F4 C2 20       REP #$20               A:000F X:0E68 Y:C94F S:0119 D:0000 DB:86 nvMxdizC V:258 H:330 F:16
					8490F6 20 6A 91    JSR $916A     [84916A] A:000F X:0E68 Y:C94F S:0119 D:0000 DB:86 nvmxdizC V:258 H:335 F:16

					84916A A9 00 E8    LDA #$E800             A:000F X:0E68 Y:C94F S:0117 D:0000 DB:86 nvmxdizC V:259 H:  5 F:16
					84916D 85 10       STA $10       [000010] A:E800 X:0E68 Y:C94F S:0117 D:0000 DB:86 NvmxdizC V:259 H:  9 F:16
					84916F A9 7E 00    LDA #$007E             A:E800 X:0E68 Y:C94F S:0117 D:0000 DB:86 NvmxdizC V:259 H: 16 F:16
					849172 85 12       STA $12       [000012] A:007E X:0E68 Y:C94F S:0117 D:0000 DB:86 nvmxdizC V:259 H: 21 F:16
					849174 A5 02       LDA $02       [000002] A:007E X:0E68 Y:C94F S:0117 D:0000 DB:86 nvmxdizC V:259 H: 28 F:16
					849176 29 F0 00    AND #$00F0             A:0A8E X:0E68 Y:C94F S:0117 D:0000 DB:86 nvmxdizC V:259 H: 35 F:16
					849179 0A          ASL A                  A:0080 X:0E68 Y:C94F S:0117 D:0000 DB:86 nvmxdizC V:259 H: 39 F:16
					84917A 85 04       STA $04       [000004] A:0100 X:0E68 Y:C94F S:0117 D:0000 DB:86 nvmxdizc V:259 H: 42 F:16
					84917C A5 00       LDA $00       [000000] A:0100 X:0E68 Y:C94F S:0117 D:0000 DB:86 nvmxdizc V:259 H: 49 F:16
					84917E 29 FF 00    AND #$00FF             A:141F X:0E68 Y:C94F S:0117 D:0000 DB:86 nvmxdizc V:259 H: 56 F:16
					849181 4A          LSR A                  A:001F X:0E68 Y:C94F S:0117 D:0000 DB:86 nvmxdizc V:259 H: 61 F:16
					849182 4A          LSR A                  A:000F X:0E68 Y:C94F S:0117 D:0000 DB:86 nvmxdizC V:259 H: 64 F:16
					849183 4A          LSR A                  A:0007 X:0E68 Y:C94F S:0117 D:0000 DB:86 nvmxdizC V:259 H: 67 F:16
					849184 29 FE FF    AND #$FFFE             A:0003 X:0E68 Y:C94F S:0117 D:0000 DB:86 nvmxdizC V:259 H: 70 F:16
					849187 18          CLC                    A:0002 X:0E68 Y:C94F S:0117 D:0000 DB:86 nvmxdizC V:259 H: 74 F:16
					849188 65 04       ADC $04       [000004] A:0002 X:0E68 Y:C94F S:0117 D:0000 DB:86 nvmxdizc V:259 H: 77 F:16
					84918A 85 06       STA $06       [000006] A:0102 X:0E68 Y:C94F S:0117 D:0000 DB:86 nvmxdizc V:259 H: 84 F:16
					84918C A5 00       LDA $00       [000000] A:0102 X:0E68 Y:C94F S:0117 D:0000 DB:86 nvmxdizc V:259 H: 91 F:16
					84918E EB          XBA                    A:141F X:0E68 Y:C94F S:0117 D:0000 DB:86 nvmxdizc V:259 H: 98 F:16
					84918F 29 1F 00    AND #$001F             A:1F14 X:0E68 Y:C94F S:0117 D:0000 DB:86 nvmxdizc V:259 H:103 F:16
					849192 85 04       STA $04       [000004] A:0014 X:0E68 Y:C94F S:0117 D:0000 DB:86 nvmxdizc V:259 H:107 F:16
					849194 A5 02       LDA $02       [000002] A:0014 X:0E68 Y:C94F S:0117 D:0000 DB:86 nvmxdizc V:259 H:114 F:16
					849196 29 00 1F    AND #$1F00             A:0A8E X:0E68 Y:C94F S:0117 D:0000 DB:86 nvmxdizc V:259 H:121 F:16
					849199 4A          LSR A                  A:0A00 X:0E68 Y:C94F S:0117 D:0000 DB:86 nvmxdizc V:259 H:126 F:16
					84919A 4A          LSR A                  A:0500 X:0E68 Y:C94F S:0117 D:0000 DB:86 nvmxdizc V:259 H:129 F:16
					84919B 4A          LSR A                  A:0280 X:0E68 Y:C94F S:0117 D:0000 DB:86 nvmxdizc V:259 H:132 F:16
					84919C 18          CLC                    A:0140 X:0E68 Y:C94F S:0117 D:0000 DB:86 nvmxdizc V:259 H:145 F:16
					84919D 65 04       ADC $04       [000004] A:0140 X:0E68 Y:C94F S:0117 D:0000 DB:86 nvmxdizc V:259 H:148 F:16
					84919F A8          TAY                    A:0154 X:0E68 Y:C94F S:0117 D:0000 DB:86 nvmxdizc V:259 H:155 F:16
					8491A0 B7 10       LDA [$10],Y   [7EE954] A:0154 X:0E68 Y:0154 S:0117 D:0000 DB:86 nvmxdizc V:259 H:158 F:16
					8491A2 29 FF 00    AND #$00FF             A:0038 X:0E68 Y:0154 S:0117 D:0000 DB:86 nvmxdizc V:259 H:171 F:16
					8491A5 A8          TAY                    A:0038 X:0E68 Y:0154 S:0117 D:0000 DB:86 nvmxdizc V:259 H:175 F:16
					8491A6 EB          XBA                    A:0038 X:0E68 Y:0038 S:0117 D:0000 DB:86 nvmxdizc V:259 H:178 F:16
					8491A7 0A          ASL A                  A:3800 X:0E68 Y:0038 S:0117 D:0000 DB:86 nvmxdiZc V:259 H:183 F:16
					8491A8 18          CLC                    A:7000 X:0E68 Y:0038 S:0117 D:0000 DB:86 nvmxdizc V:259 H:186 F:16
					8491A9 65 06       ADC $06       [000006] A:7000 X:0E68 Y:0038 S:0117 D:0000 DB:86 nvmxdizc V:259 H:189 F:16
					8491AB AA          TAX                    A:7102 X:0E68 Y:0038 S:0117 D:0000 DB:86 nvmxdizc V:259 H:196 F:16
					8491AC 60          RTS                    A:7102 X:7102 Y:0038 S:0117 D:0000 DB:86 nvmxdizc V:259 H:199 F:16

					8490F9 BF 00 20 7E LDA $7E2000,X [7E9102] A:7102 X:7102 Y:0038 S:0119 D:0000 DB:86 nvmxdizc V:259 H:209 F:16
					8490FD A8          TAY                    A:01E5 X:7102 Y:0038 S:0119 D:0000 DB:86 nvmxdizc V:259 H:219 F:16
					8490FE AD 92 0B    LDA $0B92     [860B92] A:01E5 X:7102 Y:01E5 S:0119 D:0000 DB:86 nvmxdizc V:259 H:222 F:16
					849101 85 10       STA $10       [000010] A:DB57 X:7102 Y:01E5 S:0119 D:0000 DB:86 Nvmxdizc V:259 H:230 F:16
					849103 AD 94 0B    LDA $0B94     [860B94] A:DB57 X:7102 Y:01E5 S:0119 D:0000 DB:86 Nvmxdizc V:259 H:237 F:16
					849106 85 12       STA $12       [000012] A:B895 X:7102 Y:01E5 S:0119 D:0000 DB:86 Nvmxdizc V:259 H:246 F:16
					849108 B7 10       LDA [$10],Y   [95DD3C] A:B895 X:7102 Y:01E5 S:0119 D:0000 DB:86 Nvmxdizc V:259 H:253 F:16
					84910A 29 FF 00    AND #$00FF             A:0000 X:7102 Y:01E5 S:0119 D:0000 DB:86 nvmxdiZc V:259 H:265 F:16
					84910D 28          PLP                    A:0000 X:7102 Y:01E5 S:0119 D:0000 DB:86 nvmxdiZc V:259 H:269 F:16
					84910E FA          PLX                    A:0000 X:7102 Y:01E5 S:011A D:0000 DB:86 NvMxdizc V:259 H:276 F:16
					84910F 2B          PLD                    A:0000 X:0E68 Y:01E5 S:011C D:0000 DB:86 nvMxdizc V:259 H:284 F:16
					849110 60          RTS                    A:0000 X:0E68 Y:01E5 S:011E D:0000 DB:86 nvMxdiZc V:259 H:293 F:16

					849318 B4 05       LDY $05,X     [000E6D] A:0000 X:0E68 Y:01E5 S:0120 D:0000 DB:86 nvMxdiZc V:259 H:303 F:16
					84931A 84 10       STY $10       [000010] A:0000 X:0E68 Y:142F S:0120 D:0000 DB:86 nvMxdizc V:259 H:311 F:16
					84931C B4 08       LDY $08,X     [000E70] A:0000 X:0E68 Y:142F S:0120 D:0000 DB:86 nvMxdizc V:259 H:318 F:16
					84931E 84 12       STY $12       [000012] A:0000 X:0E68 Y:0A9D S:0120 D:0000 DB:86 nvMxdizc V:259 H:326 F:16
					849320 95 2D       STA $2D,X     [000E95] A:0000 X:0E68 Y:0A9D S:0120 D:0000 DB:86 nvMxdizc V:259 H:333 F:16
					849322 86 2C       STX $2C       [00002C] A:0000 X:0E68 Y:0A9D S:0120 D:0000 DB:86 nvMxdizc V:259 H:339 F:16
					849324 29 3F       AND #$3F               A:0000 X:0E68 Y:0A9D S:0120 D:0000 DB:86 nvMxdizc V:260 H:  6 F:16
					849326 0A          ASL A                  A:0000 X:0E68 Y:0A9D S:0120 D:0000 DB:86 nvMxdiZc V:260 H:  9 F:16
					849327 EB          XBA                    A:0000 X:0E68 Y:0A9D S:0120 D:0000 DB:86 nvMxdiZc V:260 H: 12 F:16
					849328 A9 00       LDA #$00               A:0000 X:0E68 Y:0A9D S:0120 D:0000 DB:86 nvMxdiZc V:260 H: 17 F:16
					84932A EB          XBA                    A:0000 X:0E68 Y:0A9D S:0120 D:0000 DB:86 nvMxdiZc V:260 H: 20 F:16
					84932B AA          TAX                    A:0000 X:0E68 Y:0A9D S:0120 D:0000 DB:86 nvMxdiZc V:260 H: 24 F:16
					84932C FC 5D 93    JSR ($935D,X) [84935D] A:0000 X:0000 Y:0A9D S:0120 D:0000 DB:86 nvMxdiZc V:260 H: 27 F:16

					84977A A9 00       LDA #$00               A:0000 X:0000 Y:0A9D S:011E D:0000 DB:86 nvMxdiZc V:260 H: 40 F:16
					84977C 60          RTS                    A:0000 X:0000 Y:0A9D S:011E D:0000 DB:86 nvMxdiZc V:260 H: 43 F:16

					84932F 08          PHP                    A:0000 X:0000 Y:0A9D S:0120 D:0000 DB:86 nvMxdiZc V:260 H: 53 F:16
					849330 A6 2C       LDX $2C       [00002C] A:0000 X:0000 Y:0A9D S:011F D:0000 DB:86 nvMxdiZc V:260 H: 58 F:16
					849332 A9 01       LDA #$01               A:0000 X:0E68 Y:0A9D S:011F D:0000 DB:86 nvMxdizc V:260 H: 65 F:16
					849334 34 29       BIT $29,X     [000E91] A:0001 X:0E68 Y:0A9D S:011F D:0000 DB:86 nvMxdizc V:260 H: 68 F:16
					849336 10 02       BPL $0002     [84933A] A:0001 X:0E68 Y:0A9D S:011F D:0000 DB:86 NVMxdiZc V:260 H: 75 F:16
					849338 A9 02       LDA #$02               A:0001 X:0E68 Y:0A9D S:011F D:0000 DB:86 NVMxdiZc V:260 H: 78 F:16
					84933A 28          PLP                    A:0002 X:0E68 Y:0A9D S:011F D:0000 DB:86 nVMxdizc V:260 H: 81 F:16
					84933B F0 0C       BEQ $000C     [849349] A:0002 X:0E68 Y:0A9D S:0120 D:0000 DB:86 nvMxdiZc V:260 H: 87 F:16
					849349 49 FF       EOR #$FF               A:0002 X:0E68 Y:0A9D S:0120 D:0000 DB:86 nvMxdiZc V:260 H: 92 F:16
					84934B 35 2B       AND $2B,X     [000E93] A:00FD X:0E68 Y:0A9D S:0120 D:0000 DB:86 NvMxdizc V:260 H: 95 F:16
					84934D 95 2B       STA $2B,X     [000E93] A:0000 X:0E68 Y:0A9D S:0120 D:0000 DB:86 nvMxdiZc V:260 H:101 F:16
					84934F 20 08 93    JSR $9308     [849308] A:0000 X:0E68 Y:0A9D S:0120 D:0000 DB:86 nvMxdiZc V:260 H:108 F:16

					849308 A5 14       LDA $14       [000014] A:0000 X:0E68 Y:0A9D S:011E D:0000 DB:86 nvMxdiZc V:260 H:118 F:16
					84930A F0 08       BEQ $0008     [849314] A:0000 X:0E68 Y:0A9D S:011E D:0000 DB:86 nvMxdiZc V:260 H:123 F:16
					849314 60          RTS                    A:0000 X:0E68 Y:0A9D S:011E D:0000 DB:86 nvMxdiZc V:260 H:127 F:16

					849352 A9 00       LDA #$00               A:0000 X:0E68 Y:0A9D S:0120 D:0000 DB:86 nvMxdiZc V:260 H:147 F:16
					849354 60          RTS                    A:0000 X:0E68 Y:0A9D S:0120 D:0000 DB:86 nvMxdiZc V:260 H:150 F:16

					8492F1 D0 12       BNE $0012     [849305] A:0000 X:0E68 Y:0A9D S:0122 D:0000 DB:86 nvMxdiZc V:260 H:160 F:16
					8492F3 B4 20       LDY $20,X     [000E88] A:0000 X:0E68 Y:0A9D S:0122 D:0000 DB:86 nvMxdiZc V:260 H:163 F:16
					8492F5 B9 06 00    LDA $0006,Y   [86C955] A:0000 X:0E68 Y:C94F S:0122 D:0000 DB:86 NvMxdizc V:260 H:172 F:16
					8492F8 18          CLC                    A:00FF X:0E68 Y:C94F S:0122 D:0000 DB:86 NvMxdizc V:260 H:179 F:16
					8492F9 79 08 00    ADC $0008,Y   [86C957] A:00FF X:0E68 Y:C94F S:0122 D:0000 DB:86 NvMxdizc V:260 H:182 F:16
					8492FC 38          SEC                    A:0012 X:0E68 Y:C94F S:0122 D:0000 DB:86 nvMxdizC V:260 H:190 F:16
					8492FD F9 09 00    SBC $0009,Y   [86C958] A:0012 X:0E68 Y:C94F S:0122 D:0000 DB:86 nvMxdizC V:260 H:193 F:16
					849300 95 2A       STA $2A,X     [000E92] A:000D X:0E68 Y:C94F S:0122 D:0000 DB:86 nvMxdizC V:260 H:200 F:16
					849302 20 15 93    JSR $9315     [849315] A:000D X:0E68 Y:C94F S:0122 D:0000 DB:86 nvMxdizC V:260 H:207 F:16

					849315 20 B3 90    JSR $90B3     [8490B3] A:000D X:0E68 Y:C94F S:0120 D:0000 DB:86 nvMxdizC V:260 H:217 F:16

					8490B3 0B          PHD                    A:000D X:0E68 Y:C94F S:011E D:0000 DB:86 nvMxdizC V:260 H:227 F:16
					8490B4 DA          PHX                    A:000D X:0E68 Y:C94F S:011C D:0000 DB:86 nvMxdizC V:260 H:234 F:16
					8490B5 08          PHP                    A:000D X:0E68 Y:C94F S:011A D:0000 DB:86 nvMxdizC V:260 H:241 F:16
					8490B6 E2 20       SEP #$20               A:000D X:0E68 Y:C94F S:0119 D:0000 DB:86 nvMxdizC V:260 H:246 F:16
					8490B8 C2 10       REP #$10               A:000D X:0E68 Y:C94F S:0119 D:0000 DB:86 nvMxdizC V:260 H:250 F:16
					8490BA 64 01       STZ $01       [000001] A:000D X:0E68 Y:C94F S:0119 D:0000 DB:86 nvMxdizC V:260 H:255 F:16
					8490BC B5 29       LDA $29,X     [000E91] A:000D X:0E68 Y:C94F S:0119 D:0000 DB:86 nvMxdizC V:260 H:260 F:16
					8490BE 10 02       BPL $0002     [8490C2] A:00F0 X:0E68 Y:C94F S:0119 D:0000 DB:86 NvMxdizC V:260 H:266 F:16
					8490C0 C6 01       DEC $01       [000001] A:00F0 X:0E68 Y:C94F S:0119 D:0000 DB:86 NvMxdizC V:260 H:269 F:16
					8490C2 18          CLC                    A:00F0 X:0E68 Y:C94F S:0119 D:0000 DB:86 NvMxdizC V:260 H:278 F:16
					8490C3 75 05       ADC $05,X     [000E6D] A:00F0 X:0E68 Y:C94F S:0119 D:0000 DB:86 NvMxdizc V:260 H:281 F:16
					8490C5 85 00       STA $00       [000000] A:001F X:0E68 Y:C94F S:0119 D:0000 DB:86 nvMxdizC V:260 H:287 F:16
					8490C7 B5 06       LDA $06,X     [000E6E] A:001F X:0E68 Y:C94F S:0119 D:0000 DB:86 nvMxdizC V:260 H:292 F:16
					8490C9 65 01       ADC $01       [000001] A:0014 X:0E68 Y:C94F S:0119 D:0000 DB:86 nvMxdizC V:260 H:299 F:16
					8490CB 85 01       STA $01       [000001] A:0014 X:0E68 Y:C94F S:0119 D:0000 DB:86 nvMxdizC V:260 H:304 F:16
					8490CD 64 03       STZ $03       [000003] A:0014 X:0E68 Y:C94F S:0119 D:0000 DB:86 nvMxdizC V:260 H:309 F:16
					8490CF B5 2A       LDA $2A,X     [000E92] A:0014 X:0E68 Y:C94F S:0119 D:0000 DB:86 nvMxdizC V:260 H:314 F:16
					8490D1 10 02       BPL $0002     [8490D5] A:000D X:0E68 Y:C94F S:0119 D:0000 DB:86 nvMxdizC V:260 H:320 F:16
					8490D5 18          CLC                    A:000D X:0E68 Y:C94F S:0119 D:0000 DB:86 nvMxdizC V:260 H:324 F:16
					8490D6 75 08       ADC $08,X     [000E70] A:000D X:0E68 Y:C94F S:0119 D:0000 DB:86 nvMxdizc V:260 H:327 F:16
					8490D8 85 02       STA $02       [000002] A:00AA X:0E68 Y:C94F S:0119 D:0000 DB:86 NvMxdizc V:260 H:333 F:16
					8490DA 29 F0       AND #$F0               A:00AA X:0E68 Y:C94F S:0119 D:0000 DB:86 NvMxdizc V:260 H:338 F:16
					8490DC 85 0A       STA $0A       [00000A] A:00A0 X:0E68 Y:C94F S:0119 D:0000 DB:86 NvMxdizc V:261 H:  1 F:16
					8490DE B5 09       LDA $09,X     [000E71] A:00A0 X:0E68 Y:C94F S:0119 D:0000 DB:86 NvMxdizc V:261 H:  6 F:16
					8490E0 65 03       ADC $03       [000003] A:000A X:0E68 Y:C94F S:0119 D:0000 DB:86 nvMxdizc V:261 H: 13 F:16
					8490E2 85 03       STA $03       [000003] A:000A X:0E68 Y:C94F S:0119 D:0000 DB:86 nvMxdizc V:261 H: 18 F:16
					8490E4 85 0B       STA $0B       [00000B] A:000A X:0E68 Y:C94F S:0119 D:0000 DB:86 nvMxdizc V:261 H: 23 F:16
					8490E6 A5 00       LDA $00       [000000] A:000A X:0E68 Y:C94F S:0119 D:0000 DB:86 nvMxdizc V:261 H: 28 F:16
					8490E8 29 0F       AND #$0F               A:001F X:0E68 Y:C94F S:0119 D:0000 DB:86 nvMxdizc V:261 H: 33 F:16
					8490EA 1A          INC                    A:000F X:0E68 Y:C94F S:0119 D:0000 DB:86 nvMxdizc V:261 H: 36 F:16
					8490EB 85 0C       STA $0C       [00000C] A:0010 X:0E68 Y:C94F S:0119 D:0000 DB:86 nvMxdizc V:261 H: 39 F:16
					8490ED A5 02       LDA $02       [000002] A:0010 X:0E68 Y:C94F S:0119 D:0000 DB:86 nvMxdizc V:261 H: 44 F:16
					8490EF 29 0F       AND #$0F               A:00AA X:0E68 Y:C94F S:0119 D:0000 DB:86 NvMxdizc V:261 H: 49 F:16
					8490F1 1A          INC                    A:000A X:0E68 Y:C94F S:0119 D:0000 DB:86 nvMxdizc V:261 H: 52 F:16
					8490F2 85 0E       STA $0E       [00000E] A:000B X:0E68 Y:C94F S:0119 D:0000 DB:86 nvMxdizc V:261 H: 55 F:16
					8490F4 C2 20       REP #$20               A:000B X:0E68 Y:C94F S:0119 D:0000 DB:86 nvMxdizc V:261 H: 60 F:16
					8490F6 20 6A 91    JSR $916A     [84916A] A:000B X:0E68 Y:C94F S:0119 D:0000 DB:86 nvmxdizc V:261 H: 64 F:16

					84916A A9 00 E8    LDA #$E800             A:000B X:0E68 Y:C94F S:0117 D:0000 DB:86 nvmxdizc V:261 H: 74 F:16
					84916D 85 10       STA $10       [000010] A:E800 X:0E68 Y:C94F S:0117 D:0000 DB:86 Nvmxdizc V:261 H: 79 F:16
					84916F A9 7E 00    LDA #$007E             A:E800 X:0E68 Y:C94F S:0117 D:0000 DB:86 Nvmxdizc V:261 H: 86 F:16
					849172 85 12       STA $12       [000012] A:007E X:0E68 Y:C94F S:0117 D:0000 DB:86 nvmxdizc V:261 H: 90 F:16
					849174 A5 02       LDA $02       [000002] A:007E X:0E68 Y:C94F S:0117 D:0000 DB:86 nvmxdizc V:261 H: 97 F:16
					849176 29 F0 00    AND #$00F0             A:0AAA X:0E68 Y:C94F S:0117 D:0000 DB:86 nvmxdizc V:261 H:104 F:16
					849179 0A          ASL A                  A:00A0 X:0E68 Y:C94F S:0117 D:0000 DB:86 nvmxdizc V:261 H:109 F:16
					84917A 85 04       STA $04       [000004] A:0140 X:0E68 Y:C94F S:0117 D:0000 DB:86 nvmxdizc V:261 H:112 F:16
					84917C A5 00       LDA $00       [000000] A:0140 X:0E68 Y:C94F S:0117 D:0000 DB:86 nvmxdizc V:261 H:119 F:16
					84917E 29 FF 00    AND #$00FF             A:141F X:0E68 Y:C94F S:0117 D:0000 DB:86 nvmxdizc V:261 H:126 F:16
					849181 4A          LSR A                  A:001F X:0E68 Y:C94F S:0117 D:0000 DB:86 nvmxdizc V:261 H:130 F:16
					849182 4A          LSR A                  A:000F X:0E68 Y:C94F S:0117 D:0000 DB:86 nvmxdizC V:261 H:143 F:16
					849183 4A          LSR A                  A:0007 X:0E68 Y:C94F S:0117 D:0000 DB:86 nvmxdizC V:261 H:146 F:16
					849184 29 FE FF    AND #$FFFE             A:0003 X:0E68 Y:C94F S:0117 D:0000 DB:86 nvmxdizC V:261 H:149 F:16
					849187 18          CLC                    A:0002 X:0E68 Y:C94F S:0117 D:0000 DB:86 nvmxdizC V:261 H:154 F:16
					849188 65 04       ADC $04       [000004] A:0002 X:0E68 Y:C94F S:0117 D:0000 DB:86 nvmxdizc V:261 H:157 F:16
					84918A 85 06       STA $06       [000006] A:0142 X:0E68 Y:C94F S:0117 D:0000 DB:86 nvmxdizc V:261 H:164 F:16
					84918C A5 00       LDA $00       [000000] A:0142 X:0E68 Y:C94F S:0117 D:0000 DB:86 nvmxdizc V:261 H:171 F:16
					84918E EB          XBA                    A:141F X:0E68 Y:C94F S:0117 D:0000 DB:86 nvmxdizc V:261 H:178 F:16
					84918F 29 1F 00    AND #$001F             A:1F14 X:0E68 Y:C94F S:0117 D:0000 DB:86 nvmxdizc V:261 H:182 F:16
					849192 85 04       STA $04       [000004] A:0014 X:0E68 Y:C94F S:0117 D:0000 DB:86 nvmxdizc V:261 H:187 F:16
					849194 A5 02       LDA $02       [000002] A:0014 X:0E68 Y:C94F S:0117 D:0000 DB:86 nvmxdizc V:261 H:194 F:16
					849196 29 00 1F    AND #$1F00             A:0AAA X:0E68 Y:C94F S:0117 D:0000 DB:86 nvmxdizc V:261 H:201 F:16
					849199 4A          LSR A                  A:0A00 X:0E68 Y:C94F S:0117 D:0000 DB:86 nvmxdizc V:261 H:205 F:16
					84919A 4A          LSR A                  A:0500 X:0E68 Y:C94F S:0117 D:0000 DB:86 nvmxdizc V:261 H:208 F:16
					84919B 4A          LSR A                  A:0280 X:0E68 Y:C94F S:0117 D:0000 DB:86 nvmxdizc V:261 H:211 F:16
					84919C 18          CLC                    A:0140 X:0E68 Y:C94F S:0117 D:0000 DB:86 nvmxdizc V:261 H:214 F:16
					84919D 65 04       ADC $04       [000004] A:0140 X:0E68 Y:C94F S:0117 D:0000 DB:86 nvmxdizc V:261 H:217 F:16
					84919F A8          TAY                    A:0154 X:0E68 Y:C94F S:0117 D:0000 DB:86 nvmxdizc V:261 H:224 F:16
					8491A0 B7 10       LDA [$10],Y   [7EE954] A:0154 X:0E68 Y:0154 S:0117 D:0000 DB:86 nvmxdizc V:261 H:227 F:16
					8491A2 29 FF 00    AND #$00FF             A:0038 X:0E68 Y:0154 S:0117 D:0000 DB:86 nvmxdizc V:261 H:240 F:16
					8491A5 A8          TAY                    A:0038 X:0E68 Y:0154 S:0117 D:0000 DB:86 nvmxdizc V:261 H:245 F:16
					8491A6 EB          XBA                    A:0038 X:0E68 Y:0038 S:0117 D:0000 DB:86 nvmxdizc V:261 H:248 F:16
					8491A7 0A          ASL A                  A:3800 X:0E68 Y:0038 S:0117 D:0000 DB:86 nvmxdiZc V:261 H:252 F:16
					8491A8 18          CLC                    A:7000 X:0E68 Y:0038 S:0117 D:0000 DB:86 nvmxdizc V:261 H:255 F:16
					8491A9 65 06       ADC $06       [000006] A:7000 X:0E68 Y:0038 S:0117 D:0000 DB:86 nvmxdizc V:261 H:258 F:16
					8491AB AA          TAX                    A:7142 X:0E68 Y:0038 S:0117 D:0000 DB:86 nvmxdizc V:261 H:265 F:16
					8491AC 60          RTS                    A:7142 X:7142 Y:0038 S:0117 D:0000 DB:86 nvmxdizc V:261 H:268 F:16

					8490F9 BF 00 20 7E LDA $7E2000,X [7E9142] A:7142 X:7142 Y:0038 S:0119 D:0000 DB:86 nvmxdizc V:261 H:278 F:16
					8490FD A8          TAY                    A:0246 X:7142 Y:0038 S:0119 D:0000 DB:86 nvmxdizc V:261 H:288 F:16
					8490FE AD 92 0B    LDA $0B92     [860B92] A:0246 X:7142 Y:0246 S:0119 D:0000 DB:86 nvmxdizc V:261 H:291 F:16
					849101 85 10       STA $10       [000010] A:DB57 X:7142 Y:0246 S:0119 D:0000 DB:86 Nvmxdizc V:261 H:300 F:16
					849103 AD 94 0B    LDA $0B94     [860B94] A:DB57 X:7142 Y:0246 S:0119 D:0000 DB:86 Nvmxdizc V:261 H:307 F:16
					849106 85 12       STA $12       [000012] A:B895 X:7142 Y:0246 S:0119 D:0000 DB:86 Nvmxdizc V:261 H:315 F:16
					849108 B7 10       LDA [$10],Y   [95DD9D] A:B895 X:7142 Y:0246 S:0119 D:0000 DB:86 Nvmxdizc V:261 H:322 F:16
					84910A 29 FF 00    AND #$00FF             A:0000 X:7142 Y:0246 S:0119 D:0000 DB:86 nvmxdiZc V:261 H:333 F:16
					84910D 28          PLP                    A:0000 X:7142 Y:0246 S:0119 D:0000 DB:86 nvmxdiZc V:261 H:338 F:16
					84910E FA          PLX                    A:0000 X:7142 Y:0246 S:011A D:0000 DB:86 nvMxdizC V:  0 H:  4 F:17
					84910F 2B          PLD                    A:0000 X:0E68 Y:0246 S:011C D:0000 DB:86 nvMxdizC V:  0 H: 13 F:17
					849110 60          RTS                    A:0000 X:0E68 Y:0246 S:011E D:0000 DB:86 nvMxdiZC V:  0 H: 21 F:17

					849318 B4 05       LDY $05,X     [000E6D] A:0000 X:0E68 Y:0246 S:0120 D:0000 DB:86 nvMxdiZC V:  0 H: 31 F:17
					84931A 84 10       STY $10       [000010] A:0000 X:0E68 Y:142F S:0120 D:0000 DB:86 nvMxdizC V:  0 H: 40 F:17
					84931C B4 08       LDY $08,X     [000E70] A:0000 X:0E68 Y:142F S:0120 D:0000 DB:86 nvMxdizC V:  0 H: 47 F:17
					84931E 84 12       STY $12       [000012] A:0000 X:0E68 Y:0A9D S:0120 D:0000 DB:86 nvMxdizC V:  0 H: 55 F:17
					849320 95 2D       STA $2D,X     [000E95] A:0000 X:0E68 Y:0A9D S:0120 D:0000 DB:86 nvMxdizC V:  0 H: 62 F:17
					849322 86 2C       STX $2C       [00002C] A:0000 X:0E68 Y:0A9D S:0120 D:0000 DB:86 nvMxdizC V:  0 H: 69 F:17
					849324 29 3F       AND #$3F               A:0000 X:0E68 Y:0A9D S:0120 D:0000 DB:86 nvMxdizC V:  0 H: 76 F:17
					849326 0A          ASL A                  A:0000 X:0E68 Y:0A9D S:0120 D:0000 DB:86 nvMxdiZC V:  0 H: 79 F:17
					849327 EB          XBA                    A:0000 X:0E68 Y:0A9D S:0120 D:0000 DB:86 nvMxdiZc V:  0 H: 82 F:17
					849328 A9 00       LDA #$00               A:0000 X:0E68 Y:0A9D S:0120 D:0000 DB:86 nvMxdiZc V:  0 H: 86 F:17
					84932A EB          XBA                    A:0000 X:0E68 Y:0A9D S:0120 D:0000 DB:86 nvMxdiZc V:  0 H: 89 F:17
					84932B AA          TAX                    A:0000 X:0E68 Y:0A9D S:0120 D:0000 DB:86 nvMxdiZc V:  0 H: 94 F:17
					84932C FC 5D 93    JSR ($935D,X) [84935D] A:0000 X:0000 Y:0A9D S:0120 D:0000 DB:86 nvMxdiZc V:  0 H: 97 F:17

					84977A A9 00       LDA #$00               A:0000 X:0000 Y:0A9D S:011E D:0000 DB:86 nvMxdiZc V:  0 H:110 F:17
					84977C 60          RTS                    A:0000 X:0000 Y:0A9D S:011E D:0000 DB:86 nvMxdiZc V:  0 H:113 F:17

					84932F 08          PHP                    A:0000 X:0000 Y:0A9D S:0120 D:0000 DB:86 nvMxdiZc V:  0 H:123 F:17
					849330 A6 2C       LDX $2C       [00002C] A:0000 X:0000 Y:0A9D S:011F D:0000 DB:86 nvMxdiZc V:  0 H:128 F:17
					849332 A9 01       LDA #$01               A:0000 X:0E68 Y:0A9D S:011F D:0000 DB:86 nvMxdizc V:  0 H:145 F:17
					849334 34 29       BIT $29,X     [000E91] A:0001 X:0E68 Y:0A9D S:011F D:0000 DB:86 nvMxdizc V:  0 H:148 F:17
					849336 10 02       BPL $0002     [84933A] A:0001 X:0E68 Y:0A9D S:011F D:0000 DB:86 NVMxdiZc V:  0 H:154 F:17
					849338 A9 02       LDA #$02               A:0001 X:0E68 Y:0A9D S:011F D:0000 DB:86 NVMxdiZc V:  0 H:157 F:17
					84933A 28          PLP                    A:0002 X:0E68 Y:0A9D S:011F D:0000 DB:86 nVMxdizc V:  0 H:160 F:17
					84933B F0 0C       BEQ $000C     [849349] A:0002 X:0E68 Y:0A9D S:0120 D:0000 DB:86 nvMxdiZc V:  0 H:167 F:17
					849349 49 FF       EOR #$FF               A:0002 X:0E68 Y:0A9D S:0120 D:0000 DB:86 nvMxdiZc V:  0 H:171 F:17
					84934B 35 2B       AND $2B,X     [000E93] A:00FD X:0E68 Y:0A9D S:0120 D:0000 DB:86 NvMxdizc V:  0 H:174 F:17
					84934D 95 2B       STA $2B,X     [000E93] A:0000 X:0E68 Y:0A9D S:0120 D:0000 DB:86 nvMxdiZc V:  0 H:181 F:17
					84934F 20 08 93    JSR $9308     [849308] A:0000 X:0E68 Y:0A9D S:0120 D:0000 DB:86 nvMxdiZc V:  0 H:187 F:17

					849308 A5 14       LDA $14       [000014] A:0000 X:0E68 Y:0A9D S:011E D:0000 DB:86 nvMxdiZc V:  0 H:197 F:17
					84930A F0 08       BEQ $0008     [849314] A:0000 X:0E68 Y:0A9D S:011E D:0000 DB:86 nvMxdiZc V:  0 H:202 F:17
					849314 60          RTS                    A:0000 X:0E68 Y:0A9D S:011E D:0000 DB:86 nvMxdiZc V:  0 H:207 F:17

					849352 A9 00       LDA #$00               A:0000 X:0E68 Y:0A9D S:0120 D:0000 DB:86 nvMxdiZc V:  0 H:217 F:17
					849354 60          RTS                    A:0000 X:0E68 Y:0A9D S:0120 D:0000 DB:86 nvMxdiZc V:  0 H:220 F:17

					849305 C2 30       REP #$30               A:0000 X:0E68 Y:0A9D S:0122 D:0000 DB:86 nvMxdiZc V:  0 H:230 F:17
					849307 60          RTS                    A:0000 X:0E68 Y:0A9D S:0122 D:0000 DB:86 nvmxdiZc V:  0 H:234 F:17

					8491D8 20 ED 91    JSR $91ED     [8491ED] A:0000 X:0E68 Y:0A9D S:0124 D:0000 DB:86 nvmxdiZc V:  0 H:244 F:17

					8491ED B5 08       LDA $08,X     [000E70] A:0000 X:0E68 Y:0A9D S:0122 D:0000 DB:86 nvmxdiZc V:  0 H:254 F:17
					8491EF D5 24       CMP $24,X     [000E8C] A:0A9D X:0E68 Y:0A9D S:0122 D:0000 DB:86 nvmxdizc V:  0 H:263 F:17
					8491F1 F0 F2       BEQ $00F2     [8491E5] A:0A9D X:0E68 Y:0A9D S:0122 D:0000 DB:86 nvmxdiZC V:  0 H:271 F:17
					8491E5 B5 1C       LDA $1C,X     [000E84] A:0A9D X:0E68 Y:0A9D S:0122 D:0000 DB:86 nvmxdiZC V:  0 H:276 F:17
					8491E7 F0 F5       BEQ $00F5     [8491DE] A:FF00 X:0E68 Y:0A9D S:0122 D:0000 DB:86 NvmxdizC V:  0 H:284 F:17
					8491E9 10 0A       BPL $000A     [8491F5] A:FF00 X:0E68 Y:0A9D S:0122 D:0000 DB:86 NvmxdizC V:  0 H:287 F:17
					8491EB 80 55       BRA $0055     [849242] A:FF00 X:0E68 Y:0A9D S:0122 D:0000 DB:86 NvmxdizC V:  0 H:290 F:17
					849242 E2 20       SEP #$20               A:FF00 X:0E68 Y:0A9D S:0122 D:0000 DB:86 NvmxdizC V:  0 H:295 F:17
					849244 A0 04 00    LDY #$0004             A:FF00 X:0E68 Y:0A9D S:0122 D:0000 DB:86 NvMxdizC V:  0 H:299 F:17
					849247 AD 1C 1F    LDA $1F1C     [861F1C] A:FF00 X:0E68 Y:0004 S:0122 D:0000 DB:86 nvMxdizC V:  0 H:304 F:17
					84924A F0 03       BEQ $0003     [84924F] A:FF00 X:0E68 Y:0004 S:0122 D:0000 DB:86 nvMxdiZC V:  0 H:310 F:17
					84924F B5 2F       LDA $2F,X     [000E97] A:FF00 X:0E68 Y:0004 S:0122 D:0000 DB:86 nvMxdiZC V:  0 H:315 F:17
					849251 F0 03       BEQ $0003     [849256] A:FF00 X:0E68 Y:0004 S:0122 D:0000 DB:86 nvMxdiZC V:  0 H:321 F:17
					849256 98          TYA                    A:FF00 X:0E68 Y:0004 S:0122 D:0000 DB:86 nvMxdiZC V:  0 H:325 F:17
					849257 09 80       ORA #$80               A:FF04 X:0E68 Y:0004 S:0122 D:0000 DB:86 nvMxdizC V:  0 H:328 F:17
					849259 85 08       STA $08       [000008] A:FF84 X:0E68 Y:0004 S:0122 D:0000 DB:86 NvMxdizC V:  0 H:331 F:17
					84925B B4 20       LDY $20,X     [000E88] A:FF84 X:0E68 Y:0004 S:0122 D:0000 DB:86 NvMxdizC V:  0 H:336 F:17
					84925D B9 06 00    LDA $0006,Y   [86C955] A:FF84 X:0E68 Y:C94F S:0122 D:0000 DB:86 NvMxdizC V:  1 H:  4 F:17
					849260 18          CLC                    A:FFFF X:0E68 Y:C94F S:0122 D:0000 DB:86 NvMxdizC V:  1 H: 12 F:17
					849261 79 08 00    ADC $0008,Y   [86C957] A:FFFF X:0E68 Y:C94F S:0122 D:0000 DB:86 NvMxdizc V:  1 H: 15 F:17
					849264 95 2A       STA $2A,X     [000E92] A:FF12 X:0E68 Y:C94F S:0122 D:0000 DB:86 nvMxdizC V:  1 H: 22 F:17
					849266 B9 05 00    LDA $0005,Y   [86C954] A:FF12 X:0E68 Y:C94F S:0122 D:0000 DB:86 nvMxdizC V:  1 H: 29 F:17
					849269 34 11       BIT $11,X     [000E79] A:FF00 X:0E68 Y:C94F S:0122 D:0000 DB:86 nvMxdiZC V:  1 H: 36 F:17
					84926B 50 03       BVC $0003     [849270] A:FF00 X:0E68 Y:C94F S:0122 D:0000 DB:86 nVMxdiZC V:  1 H: 43 F:17
					84926D 49 FF       EOR #$FF               A:FF00 X:0E68 Y:C94F S:0122 D:0000 DB:86 nVMxdiZC V:  1 H: 46 F:17
					84926F 1A          INC                    A:FFFF X:0E68 Y:C94F S:0122 D:0000 DB:86 NVMxdizC V:  1 H: 49 F:17
					849270 95 29       STA $29,X     [000E91] A:FF00 X:0E68 Y:C94F S:0122 D:0000 DB:86 nVMxdiZC V:  1 H: 52 F:17
					849272 20 C4 95    JSR $95C4     [8495C4] A:FF00 X:0E68 Y:C94F S:0122 D:0000 DB:86 nVMxdiZC V:  1 H: 58 F:17

					8495C4 B5 2A       LDA $2A,X     [000E92] A:FF00 X:0E68 Y:C94F S:0120 D:0000 DB:86 nVMxdiZC V:  1 H: 68 F:17
					8495C6 48          PHA                    A:FF12 X:0E68 Y:C94F S:0120 D:0000 DB:86 nVMxdizC V:  1 H: 75 F:17
					8495C7 A5 08       LDA $08       [000008] A:FF12 X:0E68 Y:C94F S:011F D:0000 DB:86 nVMxdizC V:  1 H: 80 F:17
					8495C9 29 7F       AND #$7F               A:FF84 X:0E68 Y:C94F S:011F D:0000 DB:86 NVMxdizC V:  1 H: 85 F:17
					8495CB 18          CLC                    A:FF04 X:0E68 Y:C94F S:011F D:0000 DB:86 nVMxdizC V:  1 H: 88 F:17
					8495CC 75 2A       ADC $2A,X     [000E92] A:FF04 X:0E68 Y:C94F S:011F D:0000 DB:86 nVMxdizc V:  1 H: 91 F:17
					8495CE 95 2A       STA $2A,X     [000E92] A:FF16 X:0E68 Y:C94F S:011F D:0000 DB:86 nvMxdizc V:  1 H: 97 F:17
					8495D0 20 B3 90    JSR $90B3     [8490B3] A:FF16 X:0E68 Y:C94F S:011F D:0000 DB:86 nvMxdizc V:  1 H:104 F:17

					8490B3 0B          PHD                    A:FF16 X:0E68 Y:C94F S:011D D:0000 DB:86 nvMxdizc V:  1 H:114 F:17
					8490B4 DA          PHX                    A:FF16 X:0E68 Y:C94F S:011B D:0000 DB:86 nvMxdizc V:  1 H:121 F:17
					8490B5 08          PHP                    A:FF16 X:0E68 Y:C94F S:0119 D:0000 DB:86 nvMxdizc V:  1 H:128 F:17
					8490B6 E2 20       SEP #$20               A:FF16 X:0E68 Y:C94F S:0118 D:0000 DB:86 nvMxdizc V:  1 H:133 F:17
					8490B8 C2 10       REP #$10               A:FF16 X:0E68 Y:C94F S:0118 D:0000 DB:86 nvMxdizc V:  1 H:147 F:17
					8490BA 64 01       STZ $01       [000001] A:FF16 X:0E68 Y:C94F S:0118 D:0000 DB:86 nvMxdizc V:  1 H:152 F:17
					8490BC B5 29       LDA $29,X     [000E91] A:FF16 X:0E68 Y:C94F S:0118 D:0000 DB:86 nvMxdizc V:  1 H:157 F:17
					8490BE 10 02       BPL $0002     [8490C2] A:FF00 X:0E68 Y:C94F S:0118 D:0000 DB:86 nvMxdiZc V:  1 H:163 F:17
					8490C2 18          CLC                    A:FF00 X:0E68 Y:C94F S:0118 D:0000 DB:86 nvMxdiZc V:  1 H:168 F:17
					8490C3 75 05       ADC $05,X     [000E6D] A:FF00 X:0E68 Y:C94F S:0118 D:0000 DB:86 nvMxdiZc V:  1 H:171 F:17
					8490C5 85 00       STA $00       [000000] A:FF2F X:0E68 Y:C94F S:0118 D:0000 DB:86 nvMxdizc V:  1 H:177 F:17
					8490C7 B5 06       LDA $06,X     [000E6E] A:FF2F X:0E68 Y:C94F S:0118 D:0000 DB:86 nvMxdizc V:  1 H:182 F:17
					8490C9 65 01       ADC $01       [000001] A:FF14 X:0E68 Y:C94F S:0118 D:0000 DB:86 nvMxdizc V:  1 H:189 F:17
					8490CB 85 01       STA $01       [000001] A:FF14 X:0E68 Y:C94F S:0118 D:0000 DB:86 nvMxdizc V:  1 H:194 F:17
					8490CD 64 03       STZ $03       [000003] A:FF14 X:0E68 Y:C94F S:0118 D:0000 DB:86 nvMxdizc V:  1 H:199 F:17
					8490CF B5 2A       LDA $2A,X     [000E92] A:FF14 X:0E68 Y:C94F S:0118 D:0000 DB:86 nvMxdizc V:  1 H:204 F:17
					8490D1 10 02       BPL $0002     [8490D5] A:FF16 X:0E68 Y:C94F S:0118 D:0000 DB:86 nvMxdizc V:  1 H:210 F:17
					8490D5 18          CLC                    A:FF16 X:0E68 Y:C94F S:0118 D:0000 DB:86 nvMxdizc V:  1 H:215 F:17
					8490D6 75 08       ADC $08,X     [000E70] A:FF16 X:0E68 Y:C94F S:0118 D:0000 DB:86 nvMxdizc V:  1 H:218 F:17
					8490D8 85 02       STA $02       [000002] A:FFB3 X:0E68 Y:C94F S:0118 D:0000 DB:86 NvMxdizc V:  1 H:224 F:17
					8490DA 29 F0       AND #$F0               A:FFB3 X:0E68 Y:C94F S:0118 D:0000 DB:86 NvMxdizc V:  1 H:229 F:17
					8490DC 85 0A       STA $0A       [00000A] A:FFB0 X:0E68 Y:C94F S:0118 D:0000 DB:86 NvMxdizc V:  1 H:232 F:17
					8490DE B5 09       LDA $09,X     [000E71] A:FFB0 X:0E68 Y:C94F S:0118 D:0000 DB:86 NvMxdizc V:  1 H:237 F:17
					8490E0 65 03       ADC $03       [000003] A:FF0A X:0E68 Y:C94F S:0118 D:0000 DB:86 nvMxdizc V:  1 H:244 F:17
					8490E2 85 03       STA $03       [000003] A:FF0A X:0E68 Y:C94F S:0118 D:0000 DB:86 nvMxdizc V:  1 H:249 F:17
					8490E4 85 0B       STA $0B       [00000B] A:FF0A X:0E68 Y:C94F S:0118 D:0000 DB:86 nvMxdizc V:  1 H:254 F:17
					8490E6 A5 00       LDA $00       [000000] A:FF0A X:0E68 Y:C94F S:0118 D:0000 DB:86 nvMxdizc V:  1 H:259 F:17
					8490E8 29 0F       AND #$0F               A:FF2F X:0E68 Y:C94F S:0118 D:0000 DB:86 nvMxdizc V:  1 H:264 F:17
					8490EA 1A          INC                    A:FF0F X:0E68 Y:C94F S:0118 D:0000 DB:86 nvMxdizc V:  1 H:267 F:17
					8490EB 85 0C       STA $0C       [00000C] A:FF10 X:0E68 Y:C94F S:0118 D:0000 DB:86 nvMxdizc V:  1 H:270 F:17
					8490ED A5 02       LDA $02       [000002] A:FF10 X:0E68 Y:C94F S:0118 D:0000 DB:86 nvMxdizc V:  1 H:275 F:17
					8490EF 29 0F       AND #$0F               A:FFB3 X:0E68 Y:C94F S:0118 D:0000 DB:86 NvMxdizc V:  1 H:280 F:17
					8490F1 1A          INC                    A:FF03 X:0E68 Y:C94F S:0118 D:0000 DB:86 nvMxdizc V:  1 H:283 F:17
					8490F2 85 0E       STA $0E       [00000E] A:FF04 X:0E68 Y:C94F S:0118 D:0000 DB:86 nvMxdizc V:  1 H:286 F:17
					8490F4 C2 20       REP #$20               A:FF04 X:0E68 Y:C94F S:0118 D:0000 DB:86 nvMxdizc V:  1 H:291 F:17
					8490F6 20 6A 91    JSR $916A     [84916A] A:FF04 X:0E68 Y:C94F S:0118 D:0000 DB:86 nvmxdizc V:  1 H:295 F:17

					84916A A9 00 E8    LDA #$E800             A:FF04 X:0E68 Y:C94F S:0116 D:0000 DB:86 nvmxdizc V:  1 H:305 F:17
					84916D 85 10       STA $10       [000010] A:E800 X:0E68 Y:C94F S:0116 D:0000 DB:86 Nvmxdizc V:  1 H:310 F:17
					84916F A9 7E 00    LDA #$007E             A:E800 X:0E68 Y:C94F S:0116 D:0000 DB:86 Nvmxdizc V:  1 H:317 F:17
					849172 85 12       STA $12       [000012] A:007E X:0E68 Y:C94F S:0116 D:0000 DB:86 nvmxdizc V:  1 H:321 F:17
					849174 A5 02       LDA $02       [000002] A:007E X:0E68 Y:C94F S:0116 D:0000 DB:86 nvmxdizc V:  1 H:327 F:17
					849176 29 F0 00    AND #$00F0             A:0AB3 X:0E68 Y:C94F S:0116 D:0000 DB:86 nvmxdizc V:  1 H:334 F:17
					849179 0A          ASL A                  A:00B0 X:0E68 Y:C94F S:0116 D:0000 DB:86 nvmxdizc V:  1 H:339 F:17
					84917A 85 04       STA $04       [000004] A:0160 X:0E68 Y:C94F S:0116 D:0000 DB:86 nvmxdizc V:  2 H:  2 F:17
					84917C A5 00       LDA $00       [000000] A:0160 X:0E68 Y:C94F S:0116 D:0000 DB:86 nvmxdizc V:  2 H:  9 F:17
					84917E 29 FF 00    AND #$00FF             A:142F X:0E68 Y:C94F S:0116 D:0000 DB:86 nvmxdizc V:  2 H: 16 F:17
					849181 4A          LSR A                  A:002F X:0E68 Y:C94F S:0116 D:0000 DB:86 nvmxdizc V:  2 H: 20 F:17
					849182 4A          LSR A                  A:0017 X:0E68 Y:C94F S:0116 D:0000 DB:86 nvmxdizC V:  2 H: 23 F:17
					849183 4A          LSR A                  A:000B X:0E68 Y:C94F S:0116 D:0000 DB:86 nvmxdizC V:  2 H: 26 F:17
					849184 29 FE FF    AND #$FFFE             A:0005 X:0E68 Y:C94F S:0116 D:0000 DB:86 nvmxdizC V:  2 H: 29 F:17
					849187 18          CLC                    A:0004 X:0E68 Y:C94F S:0116 D:0000 DB:86 nvmxdizC V:  2 H: 34 F:17
					849188 65 04       ADC $04       [000004] A:0004 X:0E68 Y:C94F S:0116 D:0000 DB:86 nvmxdizc V:  2 H: 37 F:17
					84918A 85 06       STA $06       [000006] A:0164 X:0E68 Y:C94F S:0116 D:0000 DB:86 nvmxdizc V:  2 H: 44 F:17
					84918C A5 00       LDA $00       [000000] A:0164 X:0E68 Y:C94F S:0116 D:0000 DB:86 nvmxdizc V:  2 H: 51 F:17
					84918E EB          XBA                    A:142F X:0E68 Y:C94F S:0116 D:0000 DB:86 nvmxdizc V:  2 H: 58 F:17
					84918F 29 1F 00    AND #$001F             A:2F14 X:0E68 Y:C94F S:0116 D:0000 DB:86 nvmxdizc V:  2 H: 62 F:17
					849192 85 04       STA $04       [000004] A:0014 X:0E68 Y:C94F S:0116 D:0000 DB:86 nvmxdizc V:  2 H: 67 F:17
					849194 A5 02       LDA $02       [000002] A:0014 X:0E68 Y:C94F S:0116 D:0000 DB:86 nvmxdizc V:  2 H: 74 F:17
					849196 29 00 1F    AND #$1F00             A:0AB3 X:0E68 Y:C94F S:0116 D:0000 DB:86 nvmxdizc V:  2 H: 81 F:17
					849199 4A          LSR A                  A:0A00 X:0E68 Y:C94F S:0116 D:0000 DB:86 nvmxdizc V:  2 H: 85 F:17
					84919A 4A          LSR A                  A:0500 X:0E68 Y:C94F S:0116 D:0000 DB:86 nvmxdizc V:  2 H: 88 F:17
					84919B 4A          LSR A                  A:0280 X:0E68 Y:C94F S:0116 D:0000 DB:86 nvmxdizc V:  2 H: 91 F:17
					84919C 18          CLC                    A:0140 X:0E68 Y:C94F S:0116 D:0000 DB:86 nvmxdizc V:  2 H: 94 F:17
					84919D 65 04       ADC $04       [000004] A:0140 X:0E68 Y:C94F S:0116 D:0000 DB:86 nvmxdizc V:  2 H: 97 F:17
					84919F A8          TAY                    A:0154 X:0E68 Y:C94F S:0116 D:0000 DB:86 nvmxdizc V:  2 H:104 F:17
					8491A0 B7 10       LDA [$10],Y   [7EE954] A:0154 X:0E68 Y:0154 S:0116 D:0000 DB:86 nvmxdizc V:  2 H:107 F:17
					8491A2 29 FF 00    AND #$00FF             A:0038 X:0E68 Y:0154 S:0116 D:0000 DB:86 nvmxdizc V:  2 H:120 F:17
					8491A5 A8          TAY                    A:0038 X:0E68 Y:0154 S:0116 D:0000 DB:86 nvmxdizc V:  2 H:125 F:17
					8491A6 EB          XBA                    A:0038 X:0E68 Y:0038 S:0116 D:0000 DB:86 nvmxdizc V:  2 H:128 F:17
					8491A7 0A          ASL A                  A:3800 X:0E68 Y:0038 S:0116 D:0000 DB:86 nvmxdiZc V:  2 H:132 F:17
					8491A8 18          CLC                    A:7000 X:0E68 Y:0038 S:0116 D:0000 DB:86 nvmxdizc V:  2 H:145 F:17
					8491A9 65 06       ADC $06       [000006] A:7000 X:0E68 Y:0038 S:0116 D:0000 DB:86 nvmxdizc V:  2 H:148 F:17
					8491AB AA          TAX                    A:7164 X:0E68 Y:0038 S:0116 D:0000 DB:86 nvmxdizc V:  2 H:155 F:17
					8491AC 60          RTS                    A:7164 X:7164 Y:0038 S:0116 D:0000 DB:86 nvmxdizc V:  2 H:158 F:17

					8490F9 BF 00 20 7E LDA $7E2000,X [7E9164] A:7164 X:7164 Y:0038 S:0118 D:0000 DB:86 nvmxdizc V:  2 H:168 F:17
					8490FD A8          TAY                    A:0132 X:7164 Y:0038 S:0118 D:0000 DB:86 nvmxdizc V:  2 H:178 F:17
					8490FE AD 92 0B    LDA $0B92     [860B92] A:0132 X:7164 Y:0132 S:0118 D:0000 DB:86 nvmxdizc V:  2 H:181 F:17
					849101 85 10       STA $10       [000010] A:DB57 X:7164 Y:0132 S:0118 D:0000 DB:86 Nvmxdizc V:  2 H:190 F:17
					849103 AD 94 0B    LDA $0B94     [860B94] A:DB57 X:7164 Y:0132 S:0118 D:0000 DB:86 Nvmxdizc V:  2 H:197 F:17
					849106 85 12       STA $12       [000012] A:B895 X:7164 Y:0132 S:0118 D:0000 DB:86 Nvmxdizc V:  2 H:205 F:17
					849108 B7 10       LDA [$10],Y   [95DC89] A:B895 X:7164 Y:0132 S:0118 D:0000 DB:86 Nvmxdizc V:  2 H:212 F:17
					84910A 29 FF 00    AND #$00FF             A:3B3B X:7164 Y:0132 S:0118 D:0000 DB:86 nvmxdizc V:  2 H:224 F:17
					84910D 28          PLP                    A:003B X:7164 Y:0132 S:0118 D:0000 DB:86 nvmxdizc V:  2 H:229 F:17
					84910E FA          PLX                    A:003B X:7164 Y:0132 S:0119 D:0000 DB:86 nvMxdizc V:  2 H:235 F:17
					84910F 2B          PLD                    A:003B X:0E68 Y:0132 S:011B D:0000 DB:86 nvMxdizc V:  2 H:244 F:17
					849110 60          RTS                    A:003B X:0E68 Y:0132 S:011D D:0000 DB:86 nvMxdiZc V:  2 H:252 F:17

					8495D3 95 2E       STA $2E,X     [000E96] A:003B X:0E68 Y:0132 S:011F D:0000 DB:86 nvMxdiZc V:  2 H:262 F:17
					8495D5 85 18       STA $18       [000018] A:003B X:0E68 Y:0132 S:011F D:0000 DB:86 nvMxdiZc V:  2 H:269 F:17
					8495D7 29 3F       AND #$3F               A:003B X:0E68 Y:0132 S:011F D:0000 DB:86 nvMxdiZc V:  2 H:274 F:17
					8495D9 0A          ASL A                  A:003B X:0E68 Y:0132 S:011F D:0000 DB:86 nvMxdizc V:  2 H:277 F:17
					8495DA EB          XBA                    A:0076 X:0E68 Y:0132 S:011F D:0000 DB:86 nvMxdizc V:  2 H:280 F:17
					8495DB A9 00       LDA #$00               A:7600 X:0E68 Y:0132 S:011F D:0000 DB:86 nvMxdiZc V:  2 H:284 F:17
					8495DD EB          XBA                    A:7600 X:0E68 Y:0132 S:011F D:0000 DB:86 nvMxdiZc V:  2 H:287 F:17
					8495DE A8          TAY                    A:0076 X:0E68 Y:0132 S:011F D:0000 DB:86 nvMxdizc V:  2 H:292 F:17
					8495DF 84 28       STY $28       [000028] A:0076 X:0E68 Y:0076 S:011F D:0000 DB:86 nvMxdizc V:  2 H:295 F:17
					8495E1 86 2C       STX $2C       [00002C] A:0076 X:0E68 Y:0076 S:011F D:0000 DB:86 nvMxdizc V:  2 H:302 F:17
					8495E3 68          PLA                    A:0076 X:0E68 Y:0076 S:011F D:0000 DB:86 nvMxdizc V:  2 H:309 F:17
					8495E4 95 2A       STA $2A,X     [000E92] A:0012 X:0E68 Y:0076 S:0120 D:0000 DB:86 nvMxdizc V:  2 H:315 F:17
					8495E6 A6 2C       LDX $2C       [00002C] A:0012 X:0E68 Y:0076 S:0120 D:0000 DB:86 nvMxdizc V:  2 H:322 F:17
					8495E8 A9 FB       LDA #$FB               A:0012 X:0E68 Y:0076 S:0120 D:0000 DB:86 nvMxdizc V:  2 H:328 F:17
					8495EA 35 2B       AND $2B,X     [000E93] A:00FB X:0E68 Y:0076 S:0120 D:0000 DB:86 NvMxdizc V:  2 H:331 F:17
					8495EC 95 2B       STA $2B,X     [000E93] A:0000 X:0E68 Y:0076 S:0120 D:0000 DB:86 nvMxdiZc V:  2 H:337 F:17
					8495EE 64 01       STZ $01       [000001] A:0000 X:0E68 Y:0076 S:0120 D:0000 DB:86 nvMxdiZc V:  3 H:  4 F:17
					8495F0 B5 2A       LDA $2A,X     [000E92] A:0000 X:0E68 Y:0076 S:0120 D:0000 DB:86 nvMxdiZc V:  3 H:  9 F:17
					8495F2 85 02       STA $02       [000002] A:0012 X:0E68 Y:0076 S:0120 D:0000 DB:86 nvMxdizc V:  3 H: 15 F:17
					8495F4 64 03       STZ $03       [000003] A:0012 X:0E68 Y:0076 S:0120 D:0000 DB:86 nvMxdizc V:  3 H: 20 F:17
					8495F6 B4 05       LDY $05,X     [000E6D] A:0012 X:0E68 Y:0076 S:0120 D:0000 DB:86 nvMxdizc V:  3 H: 25 F:17
					8495F8 84 10       STY $10       [000010] A:0012 X:0E68 Y:142F S:0120 D:0000 DB:86 nvMxdizc V:  3 H: 34 F:17
					8495FA B4 08       LDY $08,X     [000E70] A:0012 X:0E68 Y:142F S:0120 D:0000 DB:86 nvMxdizc V:  3 H: 41 F:17
					8495FC 84 12       STY $12       [000012] A:0012 X:0E68 Y:0A9D S:0120 D:0000 DB:86 nvMxdizc V:  3 H: 49 F:17
					8495FE A6 28       LDX $28       [000028] A:0012 X:0E68 Y:0A9D S:0120 D:0000 DB:86 nvMxdizc V:  3 H: 56 F:17
					849600 FC 1C 96    JSR ($961C,X) [849692] A:0012 X:0076 Y:0A9D S:0120 D:0000 DB:86 nvMxdizc V:  3 H: 63 F:17

					8496B5 A6 2C       LDX $2C       [00002C] A:0012 X:0076 Y:0A9D S:011E D:0000 DB:86 nvMxdizc V:  3 H: 76 F:17
					8496B7 A5 0E       LDA $0E       [00000E] A:0012 X:0E68 Y:0A9D S:011E D:0000 DB:86 nvMxdizc V:  3 H: 83 F:17
					8496B9 85 00       STA $00       [000000] A:0004 X:0E68 Y:0A9D S:011E D:0000 DB:86 nvMxdizc V:  3 H: 88 F:17
					8496BB 64 01       STZ $01       [000001] A:0004 X:0E68 Y:0A9D S:011E D:0000 DB:86 nvMxdizc V:  3 H: 93 F:17
					8496BD C2 20       REP #$20               A:0004 X:0E68 Y:0A9D S:011E D:0000 DB:86 nvMxdizc V:  3 H: 98 F:17
					8496BF A5 08       LDA $08       [000008] A:0004 X:0E68 Y:0A9D S:011E D:0000 DB:86 nvmxdizc V:  3 H:103 F:17
					8496C1 29 7F 00    AND #$007F             A:FF84 X:0E68 Y:0A9D S:011E D:0000 DB:86 Nvmxdizc V:  3 H:110 F:17
					8496C4 18          CLC                    A:0004 X:0E68 Y:0A9D S:011E D:0000 DB:86 nvmxdizc V:  3 H:114 F:17
					8496C5 75 08       ADC $08,X     [000E70] A:0004 X:0E68 Y:0A9D S:011E D:0000 DB:86 nvmxdizc V:  3 H:117 F:17
					8496C7 38          SEC                    A:0AA1 X:0E68 Y:0A9D S:011E D:0000 DB:86 nvmxdizc V:  3 H:126 F:17
					8496C8 E5 00       SBC $00       [000000] A:0AA1 X:0E68 Y:0A9D S:011E D:0000 DB:86 nvmxdizC V:  3 H:129 F:17
					8496CA 95 08       STA $08,X     [000E70] A:0A9D X:0E68 Y:0A9D S:011E D:0000 DB:86 nvmxdizC V:  3 H:146 F:17
					8496CC E2 20       SEP #$20               A:0A9D X:0E68 Y:0A9D S:011E D:0000 DB:86 nvmxdizC V:  3 H:154 F:17
					8496CE 74 2F       STZ $2F,X     [000E97] A:0A9D X:0E68 Y:0A9D S:011E D:0000 DB:86 nvMxdizC V:  3 H:159 F:17
					8496D0 A9 01       LDA #$01               A:0A9D X:0E68 Y:0A9D S:011E D:0000 DB:86 nvMxdizC V:  3 H:165 F:17
					8496D2 60          RTS                    A:0A01 X:0E68 Y:0A9D S:011E D:0000 DB:86 nvMxdizC V:  3 H:168 F:17

					849603 F0 11       BEQ $0011     [849616] A:0A01 X:0E68 Y:0A9D S:0120 D:0000 DB:86 nvMxdizC V:  3 H:178 F:17
					849605 A6 2C       LDX $2C       [00002C] A:0A01 X:0E68 Y:0A9D S:0120 D:0000 DB:86 nvMxdizC V:  3 H:181 F:17
					849607 A9 04       LDA #$04               A:0A01 X:0E68 Y:0A9D S:0120 D:0000 DB:86 nvMxdizC V:  3 H:188 F:17
					849609 15 2B       ORA $2B,X     [000E93] A:0A04 X:0E68 Y:0A9D S:0120 D:0000 DB:86 nvMxdizC V:  3 H:191 F:17
					84960B 95 2B       STA $2B,X     [000E93] A:0A04 X:0E68 Y:0A9D S:0120 D:0000 DB:86 nvMxdizC V:  3 H:198 F:17
					84960D 20 4C 99    JSR $994C     [84994C] A:0A04 X:0E68 Y:0A9D S:0120 D:0000 DB:86 nvMxdizC V:  3 H:204 F:17

					84994C AD 1C 1F    LDA $1F1C     [861F1C] A:0A04 X:0E68 Y:0A9D S:011E D:0000 DB:86 nvMxdizC V:  3 H:214 F:17
					84994F 10 06       BPL $0006     [849957] A:0A00 X:0E68 Y:0A9D S:011E D:0000 DB:86 nvMxdiZC V:  3 H:221 F:17
					849957 60          RTS                    A:0A00 X:0E68 Y:0A9D S:011E D:0000 DB:86 nvMxdiZC V:  3 H:225 F:17

					849610 20 08 93    JSR $9308     [849308] A:0A00 X:0E68 Y:0A9D S:0120 D:0000 DB:86 nvMxdiZC V:  3 H:235 F:17

					849308 A5 14       LDA $14       [000014] A:0A00 X:0E68 Y:0A9D S:011E D:0000 DB:86 nvMxdiZC V:  3 H:245 F:17
					84930A F0 08       BEQ $0008     [849314] A:0A00 X:0E68 Y:0A9D S:011E D:0000 DB:86 nvMxdiZC V:  3 H:250 F:17
					849314 60          RTS                    A:0A00 X:0E68 Y:0A9D S:011E D:0000 DB:86 nvMxdiZC V:  3 H:255 F:17

					849613 A9 01       LDA #$01               A:0A00 X:0E68 Y:0A9D S:0120 D:0000 DB:86 nvMxdiZC V:  3 H:265 F:17
					849615 60          RTS                    A:0A01 X:0E68 Y:0A9D S:0120 D:0000 DB:86 nvMxdizC V:  3 H:268 F:17

					849275 D0 32       BNE $0032     [8492A9] A:0A01 X:0E68 Y:0A9D S:0122 D:0000 DB:86 nvMxdizC V:  3 H:278 F:17
					8492A9 C2 30       REP #$30               A:0A01 X:0E68 Y:0A9D S:0122 D:0000 DB:86 nvMxdizC V:  3 H:282 F:17
					8492AB 60          RTS                    A:0A01 X:0E68 Y:0A9D S:0122 D:0000 DB:86 nvmxdizC V:  3 H:287 F:17

					8491DB 2B          PLD                    A:0A01 X:0E68 Y:0A9D S:0124 D:0000 DB:86 nvmxdizC V:  3 H:297 F:17
					8491DC 28          PLP                    A:0A01 X:0E68 Y:0A9D S:0126 D:0E68 DB:86 nvmxdizC V:  3 H:305 F:17
					8491DD 6B          RTL                    A:0A01 X:0068 Y:009D S:0127 D:0E68 DB:86 nvMXdizC V:  3 H:312 F:17

				83BAC9 60          RTS                    A:0A01 X:0068 Y:009D S:012A D:0E68 DB:86 nvMXdizC V:  3 H:322 F:17

			83B7A8 22 EA 8E 84 JSL $848EEA   [848EEA] A:0A01 X:0068 Y:009D S:012C D:0E68 DB:86 nvMXdizC V:  3 H:331 F:17		JSL $848EEA --> Decrease CDSkel, Continue Skeleton

				848EEA 08          PHP                    A:0A01 X:0068 Y:009D S:0129 D:0E68 DB:86 nvMXdizC V:  4 H:  5 F:17
				848EEB 8B          PHB                    A:0A01 X:0068 Y:009D S:0128 D:0E68 DB:86 nvMXdizC V:  4 H: 10 F:17
				848EEC E2 30       SEP #$30               A:0A01 X:0068 Y:009D S:0127 D:0E68 DB:86 nvMXdizC V:  4 H: 15 F:17
				848EEE C6 13       DEC $13       [000E7B] A:0A01 X:0068 Y:009D S:0127 D:0E68 DB:86 nvMXdizC V:  4 H: 19 F:17
				848EF0 D0 5D       BNE $005D     [848F4F] A:0A01 X:0068 Y:009D S:0127 D:0E68 DB:86 nvMXdizC V:  4 H: 29 F:17
				848F4F AB          PLB                    A:0A01 X:0068 Y:009D S:0127 D:0E68 DB:86 nvMXdizC V:  4 H: 34 F:17
				848F50 28          PLP                    A:0A01 X:0068 Y:009D S:0128 D:0E68 DB:86 NvMXdizC V:  4 H: 40 F:17
				848F51 6B          RTL                    A:0A01 X:0068 Y:009D S:0129 D:0E68 DB:86 nvMXdizC V:  4 H: 47 F:17

			83B7AC A5 17       LDA $17       [000E7F] A:0A01 X:0068 Y:009D S:012C D:0E68 DB:86 nvMXdizC V:  4 H: 57 F:17
			83B7AE 10 65       BPL $0065     [83B815] A:0A97 X:0068 Y:009D S:012C D:0E68 DB:86 NvMXdizC V:  4 H: 64 F:17
			83B7B0 29 7F       AND #$7F               A:0A97 X:0068 Y:009D S:012C D:0E68 DB:86 NvMXdizC V:  4 H: 67 F:17
			83B7B2 85 17       STA $17       [000E7F] A:0A17 X:0068 Y:009D S:012C D:0E68 DB:86 nvMXdizC V:  4 H: 70 F:17
			83B7B4 A5 0F       LDA $0F       [000E77] A:0A17 X:0068 Y:009D S:012C D:0E68 DB:86 nvMXdizC V:  4 H: 76 F:17		|Y = ((SkelAction AND #$0F) + #$0090) * 2
			83B7B6 29 0F       AND #$0F               A:0A03 X:0068 Y:009D S:012C D:0E68 DB:86 nvMXdizC V:  4 H: 83 F:17		|  = (#$0003 + #$0090) * 2
			83B7B8 18          CLC                    A:0A03 X:0068 Y:009D S:012C D:0E68 DB:86 nvMXdizC V:  4 H: 86 F:17		|Y = #$0126
			83B7B9 69 90       ADC #$90               A:0A03 X:0068 Y:009D S:012C D:0E68 DB:86 nvMXdizc V:  4 H: 89 F:17		|
			83B7BB C2 30       REP #$30               A:0A93 X:0068 Y:009D S:012C D:0E68 DB:86 NvMXdizc V:  4 H: 92 F:17		|
			83B7BD 29 FF 00    AND #$00FF             A:0A93 X:0068 Y:009D S:012C D:0E68 DB:86 Nvmxdizc V:  4 H: 96 F:17		|
			83B7C0 0A          ASL A                  A:0093 X:0068 Y:009D S:012C D:0E68 DB:86 nvmxdizc V:  4 H:101 F:17		|
			83B7C1 A8          TAY                    A:0126 X:0068 Y:009D S:012C D:0E68 DB:86 nvmxdizc V:  4 H:104 F:17		|
			83B7C2 A2 50 00    LDX #$0050             A:0126 X:0068 Y:0126 S:012C D:0E68 DB:86 nvmxdizc V:  4 H:107 F:17		X = #$0050
			83B7C5 AD CF 0B    LDA $0BCF     [860BCF] A:0126 X:0050 Y:0126 S:012C D:0E68 DB:86 nvmxdizc V:  4 H:111 F:17		A = MMX-HP
			83B7C8 29 7F 00    AND #$007F             A:0020 X:0050 Y:0126 S:012C D:0E68 DB:86 nvmxdizc V:  4 H:120 F:17
			83B7CB F0 04       BEQ $0004     [83B7D1] A:0020 X:0050 Y:0126 S:012C D:0E68 DB:86 nvmxdizc V:  4 H:124 F:17		Branch (Skip JSL) if MMX-HP = #$00
			83B7CD 22 00 80 82 JSL $828000   [828000] A:0020 X:0050 Y:0126 S:012C D:0E68 DB:86 nvmxdizc V:  4 H:127 F:17		JSL $828000 --> Update LayerPalettes (x = #$0050, y = #$0126)

				828000 08          PHP                    A:0020 X:0050 Y:0126 S:0129 D:0E68 DB:86 nvmxdizc V:  4 H:151 F:17
				828001 0B          PHD                    A:0020 X:0050 Y:0126 S:0128 D:0E68 DB:86 nvmxdizc V:  4 H:156 F:17
				828002 E2 20       SEP #$20               A:0020 X:0050 Y:0126 S:0126 D:0E68 DB:86 nvmxdizc V:  4 H:163 F:17
				828004 C2 10       REP #$10               A:0020 X:0050 Y:0126 S:0126 D:0E68 DB:86 nvMxdizc V:  4 H:167 F:17
				828006 8E 02 00    STX $0002     [860002] A:0020 X:0050 Y:0126 S:0126 D:0E68 DB:86 nvMxdizc V:  4 H:172 F:17	|$0002 = x * 2 = #$A0
				828009 9C 03 00    STZ $0003     [860003] A:0020 X:0050 Y:0126 S:0126 D:0E68 DB:86 nvMxdizc V:  4 H:180 F:17	|$0003 = #$00
				82800C 0E 02 00    ASL $0002     [860002] A:0020 X:0050 Y:0126 S:0126 D:0E68 DB:86 nvMxdizc V:  4 H:187 F:17	|
				82800F 80 0C       BRA $000C     [82801D] A:0020 X:0050 Y:0126 S:0126 D:0E68 DB:86 NvMxdizc V:  4 H:197 F:17
				82801D F4 00 00    PEA $0000              A:0020 X:0050 Y:0126 S:0126 D:0E68 DB:86 NvMxdizc V:  4 H:201 F:17	|D = $0000 = #$0000
				828020 2B          PLD                    A:0020 X:0050 Y:0126 S:0124 D:0E68 DB:86 NvMxdizc V:  4 H:210 F:17	|
				828021 B9 33 81    LDA $8133,Y   [868259] A:0020 X:0050 Y:0126 S:0126 D:0000 DB:86 nvMxdiZc V:  4 H:218 F:17	$0010 = [$868133,y] = [$868259] = #$22				|($0010) = Start of Pointer table
				828024 85 10       STA $10       [000010] A:0022 X:0050 Y:0126 S:0126 D:0000 DB:86 nvMxdizc V:  4 H:226 F:17														|
				828026 B9 34 81    LDA $8134,Y   [86825A] A:0022 X:0050 Y:0126 S:0126 D:0000 DB:86 nvMxdizc V:  4 H:231 F:17	$0011 = [$868134,y] = [$86825A] = #$86				|
				828029 85 11       STA $11       [000011] A:0086 X:0050 Y:0126 S:0126 D:0000 DB:86 NvMxdizc V:  4 H:238 F:17
				82802B A9 85       LDA #$85               A:0086 X:0050 Y:0126 S:0126 D:0000 DB:86 NvMxdizc V:  4 H:243 F:17	$0016 = #$85
				82802D 85 16       STA $16       [000016] A:0085 X:0050 Y:0126 S:0126 D:0000 DB:86 NvMxdizc V:  4 H:246 F:17
				82802F 64 01       STZ $01       [000001] A:0085 X:0050 Y:0126 S:0126 D:0000 DB:86 NvMxdizc V:  4 H:251 F:17	$0001 = #$00
				828031 E2 30       SEP #$30               A:0085 X:0050 Y:0126 S:0126 D:0000 DB:86 NvMxdizc V:  4 H:256 F:17	Main routine
				828033 A0 00       LDY #$00               A:0085 X:0050 Y:0026 S:0126 D:0000 DB:86 NvMXdizc V:  4 H:261 F:17	Y = #$00
				828035 B1 10       LDA ($10),Y   [868622] A:0085 X:0050 Y:0000 S:0126 D:0000 DB:86 nvMXdiZc V:  4 H:264 F:17	A = ($0010),Y = [$868622,Y] = [$868622] = #$10		|($0010),01 = Values to write
				828037 F0 2E       BEQ $002E     [828067] A:0010 X:0050 Y:0000 S:0126 D:0000 DB:86 nvMXdizc V:  4 H:272 F:17	Branch if A = #$00									|
				828039 85 00       STA $00       [000000] A:0010 X:0050 Y:0000 S:0126 D:0000 DB:86 nvMXdizc V:  4 H:275 F:17	$0000 = A = #$10									|$0000 = Values left to write
				82803B C8          INY                    A:0010 X:0050 Y:0000 S:0126 D:0000 DB:86 nvMXdizc V:  4 H:280 F:17	Increase Y
				82803C C2 31       REP #$31               A:0010 X:0050 Y:0001 S:0126 D:0000 DB:86 nvMXdizc V:  4 H:283 F:17	A:2B,C=0
				82803E B1 10       LDA ($10),Y   [868623] A:0010 X:0050 Y:0001 S:0126 D:0000 DB:86 nvmxdizc V:  4 H:288 F:17	
				828040 85 14       STA $14       [000014] A:C300 X:0050 Y:0001 S:0126 D:0000 DB:86 Nvmxdizc V:  4 H:299 F:17	$0014 = ($10),Y = [$868622,Y] = [$868623] = #$C300	|($0014) = ($0010),01 = Start of Load table
				828042 C8          INY                    A:C300 X:0050 Y:0001 S:0126 D:0000 DB:86 Nvmxdizc V:  4 H:306 F:17	Increase Y
				828043 C8          INY                    A:C300 X:0050 Y:0002 S:0126 D:0000 DB:86 nvmxdizc V:  4 H:309 F:17	Increase Y
				828044 B1 10       LDA ($10),Y   [868625] A:C300 X:0050 Y:0003 S:0126 D:0000 DB:86 nvmxdizc V:  4 H:312 F:17	|A = ($0010),Y = [$868622,03] = [$868625] = #$0080	|$0300 + (($0010),03 * 2) + (x * 2) = Start of Write Table
				828046 29 FF 00    AND #$00FF             A:0080 X:0050 Y:0003 S:0126 D:0000 DB:86 nvmxdizc V:  4 H:323 F:17	|X = (A AND #$00FF)*2 + $0002
				828049 0A          ASL A                  A:0080 X:0050 Y:0003 S:0126 D:0000 DB:86 nvmxdizc V:  4 H:327 F:17	|  = #$0100 + #$00A0
				82804A 18          CLC                    A:0100 X:0050 Y:0003 S:0126 D:0000 DB:86 nvmxdizc V:  4 H:330 F:17	|X = #$01A0
				82804B 65 02       ADC $02       [000002] A:0100 X:0050 Y:0003 S:0126 D:0000 DB:86 nvmxdizc V:  4 H:333 F:17	|
				82804D AA          TAX                    A:01A0 X:0050 Y:0003 S:0126 D:0000 DB:86 nvmxdizc V:  5 H:  0 F:17	|
				82804E A5 10       LDA $10       [000010] A:01A0 X:01A0 Y:0003 S:0126 D:0000 DB:86 nvmxdizc V:  5 H:  3 F:17
				828050 69 04 00    ADC #$0004             A:8622 X:01A0 Y:0003 S:0126 D:0000 DB:86 Nvmxdizc V:  5 H: 10 F:17
				828053 85 10       STA $10       [000010] A:8626 X:01A0 Y:0003 S:0126 D:0000 DB:86 Nvmxdizc V:  5 H: 15 F:17	$0010 = $0010 + #$0004 = #$8626
				828055 A0 00 00    LDY #$0000             A:8626 X:01A0 Y:0003 S:0126 D:0000 DB:86 Nvmxdizc V:  5 H: 22 F:17	Y = #$00
				828058 B7 14       LDA [$14],Y   [85C300] A:8626 X:01A0 Y:0000 S:0126 D:0000 DB:86 nvmxdiZc V:  5 H: 26 F:17	|	|$0300,X: $04A0 = ($14),Y = [$85C300],Y = [$85C300] = #$31CE
				82805A 9D 00 03    STA $0300,X   [8604A0] A:31CE X:01A0 Y:0000 S:0126 D:0000 DB:86 nvmxdizc V:  5 H: 38 F:17	|	|
				82805D C8          INY                    A:31CE X:01A0 Y:0000 S:0126 D:0000 DB:86 nvmxdizc V:  5 H: 48 F:17	|	Increase Y
				82805E C8          INY                    A:31CE X:01A0 Y:0001 S:0126 D:0000 DB:86 nvmxdizc V:  5 H: 51 F:17	|	Increase Y
				82805F E8          INX                    A:31CE X:01A0 Y:0002 S:0126 D:0000 DB:86 nvmxdizc V:  5 H: 54 F:17	|	Increase X
				828060 E8          INX                    A:31CE X:01A1 Y:0002 S:0126 D:0000 DB:86 nvmxdizc V:  5 H: 57 F:17	|	Increase X
				828061 C6 00       DEC $00       [000000] A:31CE X:01A2 Y:0002 S:0126 D:0000 DB:86 nvmxdizc V:  5 H: 60 F:17	|	Decrease $0000 = #$0F
				828063 D0 F3       BNE $00F3     [828058] A:31CE X:01A2 Y:0002 S:0126 D:0000 DB:86 nvmxdizc V:  5 H: 73 F:17	Branch (Repeat) because $0000 <> #$00
				828058 B7 14       LDA [$14],Y   [85C302] A:31CE X:01A2 Y:0002 S:0126 D:0000 DB:86 nvmxdizc V:  5 H: 77 F:17	|	|$0300,X: $04A2 = ($14),Y = [$85C300],Y = [$86C302] = #$64C2
				82805A 9D 00 03    STA $0300,X   [8604A2] A:64C2 X:01A2 Y:0002 S:0126 D:0000 DB:86 nvmxdizc V:  5 H: 89 F:17	|	|
				82805D C8          INY                    A:64C2 X:01A2 Y:0002 S:0126 D:0000 DB:86 nvmxdizc V:  5 H: 99 F:17	|	Increase Y
				82805E C8          INY                    A:64C2 X:01A2 Y:0003 S:0126 D:0000 DB:86 nvmxdizc V:  5 H:102 F:17	|	Increase Y
				82805F E8          INX                    A:64C2 X:01A2 Y:0004 S:0126 D:0000 DB:86 nvmxdizc V:  5 H:105 F:17	|	Increase X
				828060 E8          INX                    A:64C2 X:01A3 Y:0004 S:0126 D:0000 DB:86 nvmxdizc V:  5 H:108 F:17	|	Increase X
				828061 C6 00       DEC $00       [000000] A:64C2 X:01A4 Y:0004 S:0126 D:0000 DB:86 nvmxdizc V:  5 H:111 F:17	|	Decrease $0000 = #$0E
				828063 D0 F3       BNE $00F3     [828058] A:64C2 X:01A4 Y:0004 S:0126 D:0000 DB:86 nvmxdizc V:  5 H:124 F:17	Branch (Repeat) because $0000 <> #$00
				828058 B7 14       LDA [$14],Y   [85C304] A:64C2 X:01A4 Y:0004 S:0126 D:0000 DB:86 nvmxdizc V:  5 H:128 F:17	|	|$0300,X: $04A4 = ($14),Y = [$85C300],Y = [$86C304] = #$71A5
				82805A 9D 00 03    STA $0300,X   [8604A4] A:71A5 X:01A4 Y:0004 S:0126 D:0000 DB:86 nvmxdizc V:  5 H:150 F:17	|	|
				82805D C8          INY                    A:71A5 X:01A4 Y:0004 S:0126 D:0000 DB:86 nvmxdizc V:  5 H:160 F:17	|	Increase Y
				82805E C8          INY                    A:71A5 X:01A4 Y:0005 S:0126 D:0000 DB:86 nvmxdizc V:  5 H:163 F:17	|	Increase Y
				82805F E8          INX                    A:71A5 X:01A4 Y:0006 S:0126 D:0000 DB:86 nvmxdizc V:  5 H:166 F:17	|	Increase X
				828060 E8          INX                    A:71A5 X:01A5 Y:0006 S:0126 D:0000 DB:86 nvmxdizc V:  5 H:169 F:17	|	Increase X
				828061 C6 00       DEC $00       [000000] A:71A5 X:01A6 Y:0006 S:0126 D:0000 DB:86 nvmxdizc V:  5 H:172 F:17	|	Decrease $0000 = #$0D
				828063 D0 F3       BNE $00F3     [828058] A:71A5 X:01A6 Y:0006 S:0126 D:0000 DB:86 nvmxdizc V:  5 H:185 F:17	Branch (Repeat) because $0000 <> #$00
				828058 B7 14       LDA [$14],Y   [85C306] A:71A5 X:01A6 Y:0006 S:0126 D:0000 DB:86 nvmxdizc V:  5 H:189 F:17	|	|$0300,X: $04A6 = ($14),Y = [$85C300],Y = [$86C306] = #$7E67
				82805A 9D 00 03    STA $0300,X   [8604A6] A:7E67 X:01A6 Y:0006 S:0126 D:0000 DB:86 nvmxdizc V:  5 H:201 F:17	|	|
				82805D C8          INY                    A:7E67 X:01A6 Y:0006 S:0126 D:0000 DB:86 nvmxdizc V:  5 H:211 F:17	|	Increase Y
				82805E C8          INY                    A:7E67 X:01A6 Y:0007 S:0126 D:0000 DB:86 nvmxdizc V:  5 H:214 F:17	|	Increase Y
				82805F E8          INX                    A:7E67 X:01A6 Y:0008 S:0126 D:0000 DB:86 nvmxdizc V:  5 H:217 F:17	|	Increase X
				828060 E8          INX                    A:7E67 X:01A7 Y:0008 S:0126 D:0000 DB:86 nvmxdizc V:  5 H:220 F:17	|	Increase X
				828061 C6 00       DEC $00       [000000] A:7E67 X:01A8 Y:0008 S:0126 D:0000 DB:86 nvmxdizc V:  5 H:223 F:17	|	Decrease $0000 = #$0C
				828063 D0 F3       BNE $00F3     [828058] A:7E67 X:01A8 Y:0008 S:0126 D:0000 DB:86 nvmxdizc V:  5 H:236 F:17	Branch (Repeat) because $0000 <> #$00
				828058 B7 14       LDA [$14],Y   [85C308] A:7E67 X:01A8 Y:0008 S:0126 D:0000 DB:86 nvmxdizc V:  5 H:240 F:17	|	|$0300,X: $04A8 = ($14),Y = [$85C300],Y = [$86C308] = #$0C4D
				82805A 9D 00 03    STA $0300,X   [8604A8] A:0C4D X:01A8 Y:0008 S:0126 D:0000 DB:86 nvmxdizc V:  5 H:252 F:17	|	|
				82805D C8          INY                    A:0C4D X:01A8 Y:0008 S:0126 D:0000 DB:86 nvmxdizc V:  5 H:262 F:17	|	Increase Y
				82805E C8          INY                    A:0C4D X:01A8 Y:0009 S:0126 D:0000 DB:86 nvmxdizc V:  5 H:265 F:17	|	Increase Y
				82805F E8          INX                    A:0C4D X:01A8 Y:000A S:0126 D:0000 DB:86 nvmxdizc V:  5 H:268 F:17	|	Increase X
				828060 E8          INX                    A:0C4D X:01A9 Y:000A S:0126 D:0000 DB:86 nvmxdizc V:  5 H:271 F:17	|	Increase X
				828061 C6 00       DEC $00       [000000] A:0C4D X:01AA Y:000A S:0126 D:0000 DB:86 nvmxdizc V:  5 H:274 F:17	|	Decrease $0000 = #$0B
				828063 D0 F3       BNE $00F3     [828058] A:0C4D X:01AA Y:000A S:0126 D:0000 DB:86 nvmxdizc V:  5 H:287 F:17	Branch (Repeat) because $0000 <> #$00
				828058 B7 14       LDA [$14],Y   [85C30A] A:0C4D X:01AA Y:000A S:0126 D:0000 DB:86 nvmxdizc V:  5 H:291 F:17	|	|$0300,X: $04AA = ($14),Y = [$85C300],Y = [$86C30A] = #$258E
				82805A 9D 00 03    STA $0300,X   [8604AA] A:258E X:01AA Y:000A S:0126 D:0000 DB:86 nvmxdizc V:  5 H:303 F:17	|	|
				82805D C8          INY                    A:258E X:01AA Y:000A S:0126 D:0000 DB:86 nvmxdizc V:  5 H:313 F:17	|	Increase Y
				82805E C8          INY                    A:258E X:01AA Y:000B S:0126 D:0000 DB:86 nvmxdizc V:  5 H:316 F:17	|	Increase Y
				82805F E8          INX                    A:258E X:01AA Y:000C S:0126 D:0000 DB:86 nvmxdizc V:  5 H:319 F:17	|	Increase X
				828060 E8          INX                    A:258E X:01AB Y:000C S:0126 D:0000 DB:86 nvmxdizc V:  5 H:322 F:17	|	Increase X
				828061 C6 00       DEC $00       [000000] A:258E X:01AC Y:000C S:0126 D:0000 DB:86 nvmxdizc V:  5 H:325 F:17	|	Decrease $0000 = #$0A
				828063 D0 F3       BNE $00F3     [828058] A:258E X:01AC Y:000C S:0126 D:0000 DB:86 nvmxdizc V:  5 H:337 F:17	Branch (Repeat) because $0000 <> #$00
				828058 B7 14       LDA [$14],Y   [85C30C] A:258E X:01AC Y:000C S:0126 D:0000 DB:86 nvmxdizc V:  6 H:  1 F:17	|	|$0300,X: $04AC = ($14),Y = [$85C300],Y = [$86C30C] = #$35F2
				82805A 9D 00 03    STA $0300,X   [8604AC] A:35F2 X:01AC Y:000C S:0126 D:0000 DB:86 nvmxdizc V:  6 H: 13 F:17	|	|
				82805D C8          INY                    A:35F2 X:01AC Y:000C S:0126 D:0000 DB:86 nvmxdizc V:  6 H: 23 F:17	|	Increase Y
				82805E C8          INY                    A:35F2 X:01AC Y:000D S:0126 D:0000 DB:86 nvmxdizc V:  6 H: 26 F:17	|	Increase Y
				82805F E8          INX                    A:35F2 X:01AC Y:000E S:0126 D:0000 DB:86 nvmxdizc V:  6 H: 29 F:17	|	Increase X
				828060 E8          INX                    A:35F2 X:01AD Y:000E S:0126 D:0000 DB:86 nvmxdizc V:  6 H: 32 F:17	|	Increase X
				828061 C6 00       DEC $00       [000000] A:35F2 X:01AE Y:000E S:0126 D:0000 DB:86 nvmxdizc V:  6 H: 35 F:17	|	Decrease $0000 = #$09
				828063 D0 F3       BNE $00F3     [828058] A:35F2 X:01AE Y:000E S:0126 D:0000 DB:86 nvmxdizc V:  6 H: 48 F:17	Branch (Repeat) because $0000 <> #$00
				828058 B7 14       LDA [$14],Y   [85C30E] A:35F2 X:01AE Y:000E S:0126 D:0000 DB:86 nvmxdizc V:  6 H: 52 F:17	|	|$0300,X: $04AE = ($14),Y = [$85C300],Y = [$86C30E] = #$3C09
				82805A 9D 00 03    STA $0300,X   [8604AE] A:3C09 X:01AE Y:000E S:0126 D:0000 DB:86 nvmxdizc V:  6 H: 64 F:17	|	|
				82805D C8          INY                    A:3C09 X:01AE Y:000E S:0126 D:0000 DB:86 nvmxdizc V:  6 H: 74 F:17	|	Increase Y
				82805E C8          INY                    A:3C09 X:01AE Y:000F S:0126 D:0000 DB:86 nvmxdizc V:  6 H: 77 F:17	|	Increase Y
				82805F E8          INX                    A:3C09 X:01AE Y:0010 S:0126 D:0000 DB:86 nvmxdizc V:  6 H: 80 F:17	|	Increase X
				828060 E8          INX                    A:3C09 X:01AF Y:0010 S:0126 D:0000 DB:86 nvmxdizc V:  6 H: 83 F:17	|	Increase X
				828061 C6 00       DEC $00       [000000] A:3C09 X:01B0 Y:0010 S:0126 D:0000 DB:86 nvmxdizc V:  6 H: 86 F:17	|	Decrease $0000 = #$08
				828063 D0 F3       BNE $00F3     [828058] A:3C09 X:01B0 Y:0010 S:0126 D:0000 DB:86 nvmxdizc V:  6 H: 99 F:17	Branch (Repeat) because $0000 <> #$00
				828058 B7 14       LDA [$14],Y   [85C310] A:3C09 X:01B0 Y:0010 S:0126 D:0000 DB:86 nvmxdizc V:  6 H:103 F:17	|	|$0300,X: $04B0 = ($14),Y = [$85C300],Y = [$86C310] = #$54D0
				82805A 9D 00 03    STA $0300,X   [8604B0] A:54D0 X:01B0 Y:0010 S:0126 D:0000 DB:86 nvmxdizc V:  6 H:115 F:17	|	|
				82805D C8          INY                    A:54D0 X:01B0 Y:0010 S:0126 D:0000 DB:86 nvmxdizc V:  6 H:125 F:17	|	Increase Y
				82805E C8          INY                    A:54D0 X:01B0 Y:0011 S:0126 D:0000 DB:86 nvmxdizc V:  6 H:128 F:17	|	Increase Y
				82805F E8          INX                    A:54D0 X:01B0 Y:0012 S:0126 D:0000 DB:86 nvmxdizc V:  6 H:131 F:17	|	Increase X
				828060 E8          INX                    A:54D0 X:01B1 Y:0012 S:0126 D:0000 DB:86 nvmxdizc V:  6 H:144 F:17	|	Increase X
				828061 C6 00       DEC $00       [000000] A:54D0 X:01B2 Y:0012 S:0126 D:0000 DB:86 nvmxdizc V:  6 H:147 F:17	|	Decrease $0000 = #$07
				828063 D0 F3       BNE $00F3     [828058] A:54D0 X:01B2 Y:0012 S:0126 D:0000 DB:86 nvmxdizc V:  6 H:160 F:17	Branch (Repeat) because $0000 <> #$00
				828058 B7 14       LDA [$14],Y   [85C312] A:54D0 X:01B2 Y:0012 S:0126 D:0000 DB:86 nvmxdizc V:  6 H:164 F:17	|	|$0300,X: $04B2 = ($14),Y = [$85C300],Y = [$86C312] = #$6152
				82805A 9D 00 03    STA $0300,X   [8604B2] A:6152 X:01B2 Y:0012 S:0126 D:0000 DB:86 nvmxdizc V:  6 H:176 F:17	|	|
				82805D C8          INY                    A:6152 X:01B2 Y:0012 S:0126 D:0000 DB:86 nvmxdizc V:  6 H:186 F:17	|	Increase Y
				82805E C8          INY                    A:6152 X:01B2 Y:0013 S:0126 D:0000 DB:86 nvmxdizc V:  6 H:189 F:17	|	Increase Y
				82805F E8          INX                    A:6152 X:01B2 Y:0014 S:0126 D:0000 DB:86 nvmxdizc V:  6 H:192 F:17	|	Increase X
				828060 E8          INX                    A:6152 X:01B3 Y:0014 S:0126 D:0000 DB:86 nvmxdizc V:  6 H:195 F:17	|	Increase X
				828061 C6 00       DEC $00       [000000] A:6152 X:01B4 Y:0014 S:0126 D:0000 DB:86 nvmxdizc V:  6 H:198 F:17	|	Decrease $0000 = #$06
				828063 D0 F3       BNE $00F3     [828058] A:6152 X:01B4 Y:0014 S:0126 D:0000 DB:86 nvmxdizc V:  6 H:211 F:17	Branch (Repeat) because $0000 <> #$00
				828058 B7 14       LDA [$14],Y   [85C314] A:6152 X:01B4 Y:0014 S:0126 D:0000 DB:86 nvmxdizc V:  6 H:215 F:17	|	|$0300,X: $04B4 = ($14),Y = [$85C300],Y = [$86C314] = #$3881
				82805A 9D 00 03    STA $0300,X   [8604B4] A:3881 X:01B4 Y:0014 S:0126 D:0000 DB:86 nvmxdizc V:  6 H:227 F:17	|	|
				82805D C8          INY                    A:3881 X:01B4 Y:0014 S:0126 D:0000 DB:86 nvmxdizc V:  6 H:237 F:17	|	Increase Y
				82805E C8          INY                    A:3881 X:01B4 Y:0015 S:0126 D:0000 DB:86 nvmxdizc V:  6 H:240 F:17	|	Increase Y
				82805F E8          INX                    A:3881 X:01B4 Y:0016 S:0126 D:0000 DB:86 nvmxdizc V:  6 H:243 F:17	|	Increase X
				828060 E8          INX                    A:3881 X:01B5 Y:0016 S:0126 D:0000 DB:86 nvmxdizc V:  6 H:246 F:17	|	Increase X
				828061 C6 00       DEC $00       [000000] A:3881 X:01B6 Y:0016 S:0126 D:0000 DB:86 nvmxdizc V:  6 H:249 F:17	|	Decrease $0000 = #$05
				828063 D0 F3       BNE $00F3     [828058] A:3881 X:01B6 Y:0016 S:0126 D:0000 DB:86 nvmxdizc V:  6 H:262 F:17	Branch (Repeat) because $0000 <> #$00
				828058 B7 14       LDA [$14],Y   [85C316] A:3881 X:01B6 Y:0016 S:0126 D:0000 DB:86 nvmxdizc V:  6 H:266 F:17	|	|$0300,X: $04B6 = ($14),Y = [$85C300],Y = [$86C316] = #$5D87
				82805A 9D 00 03    STA $0300,X   [8604B6] A:5D87 X:01B6 Y:0016 S:0126 D:0000 DB:86 nvmxdizc V:  6 H:278 F:17	|	|
				82805D C8          INY                    A:5D87 X:01B6 Y:0016 S:0126 D:0000 DB:86 nvmxdizc V:  6 H:288 F:17	|	Increase Y
				82805E C8          INY                    A:5D87 X:01B6 Y:0017 S:0126 D:0000 DB:86 nvmxdizc V:  6 H:291 F:17	|	Increase Y
				82805F E8          INX                    A:5D87 X:01B6 Y:0018 S:0126 D:0000 DB:86 nvmxdizc V:  6 H:294 F:17	|	Increase X
				828060 E8          INX                    A:5D87 X:01B7 Y:0018 S:0126 D:0000 DB:86 nvmxdizc V:  6 H:297 F:17	|	Increase X
				828061 C6 00       DEC $00       [000000] A:5D87 X:01B8 Y:0018 S:0126 D:0000 DB:86 nvmxdizc V:  6 H:300 F:17	|	Decrease $0000 = #$04
				828063 D0 F3       BNE $00F3     [828058] A:5D87 X:01B8 Y:0018 S:0126 D:0000 DB:86 nvmxdizc V:  6 H:313 F:17	Branch (Repeat) because $0000 <> #$00
				828058 B7 14       LDA [$14],Y   [85C318] A:5D87 X:01B8 Y:0018 S:0126 D:0000 DB:86 nvmxdizc V:  6 H:317 F:17	|	|$0300,X: $04B8 = ($14),Y = [$85C300],Y = [$86C318] = #$6E71
				82805A 9D 00 03    STA $0300,X   [8604B8] A:6E71 X:01B8 Y:0018 S:0126 D:0000 DB:86 nvmxdizc V:  6 H:328 F:17	|	|
				82805D C8          INY                    A:6E71 X:01B8 Y:0018 S:0126 D:0000 DB:86 nvmxdizc V:  6 H:338 F:17	|	Increase Y
				82805E C8          INY                    A:6E71 X:01B8 Y:0019 S:0126 D:0000 DB:86 nvmxdizc V:  7 H:  1 F:17	|	Increase Y
				82805F E8          INX                    A:6E71 X:01B8 Y:001A S:0126 D:0000 DB:86 nvmxdizc V:  7 H:  4 F:17	|	Increase X
				828060 E8          INX                    A:6E71 X:01B9 Y:001A S:0126 D:0000 DB:86 nvmxdizc V:  7 H:  7 F:17	|	Increase X
				828061 C6 00       DEC $00       [000000] A:6E71 X:01BA Y:001A S:0126 D:0000 DB:86 nvmxdizc V:  7 H: 10 F:17	|	Decrease $0000 = #$03
				828063 D0 F3       BNE $00F3     [828058] A:6E71 X:01BA Y:001A S:0126 D:0000 DB:86 nvmxdizc V:  7 H: 23 F:17	Branch (Repeat) because $0000 <> #$00
				828058 B7 14       LDA [$14],Y   [85C31A] A:6E71 X:01BA Y:001A S:0126 D:0000 DB:86 nvmxdizc V:  7 H: 27 F:17	|	|$0300,X: $04B4 = ($14),Y = [$85C300],Y = [$86C31A] = #$1409
				82805A 9D 00 03    STA $0300,X   [8604BA] A:1409 X:01BA Y:001A S:0126 D:0000 DB:86 nvmxdizc V:  7 H: 39 F:17	|	|
				82805D C8          INY                    A:1409 X:01BA Y:001A S:0126 D:0000 DB:86 nvmxdizc V:  7 H: 49 F:17	|	Increase Y
				82805E C8          INY                    A:1409 X:01BA Y:001B S:0126 D:0000 DB:86 nvmxdizc V:  7 H: 52 F:17	|	Increase Y
				82805F E8          INX                    A:1409 X:01BA Y:001C S:0126 D:0000 DB:86 nvmxdizc V:  7 H: 55 F:17	|	Increase X
				828060 E8          INX                    A:1409 X:01BB Y:001C S:0126 D:0000 DB:86 nvmxdizc V:  7 H: 58 F:17	|	Increase X
				828061 C6 00       DEC $00       [000000] A:1409 X:01BC Y:001C S:0126 D:0000 DB:86 nvmxdizc V:  7 H: 61 F:17	|	Decrease $0000 = #$02
				828063 D0 F3       BNE $00F3     [828058] A:1409 X:01BC Y:001C S:0126 D:0000 DB:86 nvmxdizc V:  7 H: 74 F:17	Branch (Repeat) because $0000 <> #$00
				828058 B7 14       LDA [$14],Y   [85C31C] A:1409 X:01BC Y:001C S:0126 D:0000 DB:86 nvmxdizc V:  7 H: 78 F:17	|	|$0300,X: $04BC = ($14),Y = [$85C300],Y = [$86C31C] = #$1437
				82805A 9D 00 03    STA $0300,X   [8604BC] A:1437 X:01BC Y:001C S:0126 D:0000 DB:86 nvmxdizc V:  7 H: 90 F:17	|	|
				82805D C8          INY                    A:1437 X:01BC Y:001C S:0126 D:0000 DB:86 nvmxdizc V:  7 H:100 F:17	|	Increase Y
				82805E C8          INY                    A:1437 X:01BC Y:001D S:0126 D:0000 DB:86 nvmxdizc V:  7 H:103 F:17	|	Increase Y
				82805F E8          INX                    A:1437 X:01BC Y:001E S:0126 D:0000 DB:86 nvmxdizc V:  7 H:106 F:17	|	Increase X
				828060 E8          INX                    A:1437 X:01BD Y:001E S:0126 D:0000 DB:86 nvmxdizc V:  7 H:109 F:17	|	Increase X
				828061 C6 00       DEC $00       [000000] A:1437 X:01BE Y:001E S:0126 D:0000 DB:86 nvmxdizc V:  7 H:112 F:17	|	Decrease $0000 = #$01
				828063 D0 F3       BNE $00F3     [828058] A:1437 X:01BE Y:001E S:0126 D:0000 DB:86 nvmxdizc V:  7 H:125 F:17	Branch (Repeat) because $0000 <> #$00
				828058 B7 14       LDA [$14],Y   [85C31E] A:1437 X:01BE Y:001E S:0126 D:0000 DB:86 nvmxdizc V:  7 H:129 F:17	|	|$0300,X: $04BE = ($14),Y = [$85C300],Y = [$86C31E] = #$1C00
				82805A 9D 00 03    STA $0300,X   [8604BE] A:1C00 X:01BE Y:001E S:0126 D:0000 DB:86 nvmxdizc V:  7 H:151 F:17	|	|
				82805D C8          INY                    A:1C00 X:01BE Y:001E S:0126 D:0000 DB:86 nvmxdizc V:  7 H:161 F:17	|	Increase Y
				82805E C8          INY                    A:1C00 X:01BE Y:001F S:0126 D:0000 DB:86 nvmxdizc V:  7 H:164 F:17	|	Increase Y
				82805F E8          INX                    A:1C00 X:01BE Y:0020 S:0126 D:0000 DB:86 nvmxdizc V:  7 H:167 F:17	|	Increase X
				828060 E8          INX                    A:1C00 X:01BF Y:0020 S:0126 D:0000 DB:86 nvmxdizc V:  7 H:170 F:17	|	Increase X
				828061 C6 00       DEC $00       [000000] A:1C00 X:01C0 Y:0020 S:0126 D:0000 DB:86 nvmxdizc V:  7 H:173 F:17	|	Decrease $0000 = #$00
				828063 D0 F3       BNE $00F3     [828058] A:1C00 X:01C0 Y:0020 S:0126 D:0000 DB:86 nvmxdiZc V:  7 H:186 F:17	Branch (Repeat) if $0000 <> #$00
				828065 80 CA       BRA $00CA     [828031] A:1C00 X:01C0 Y:0020 S:0126 D:0000 DB:86 nvmxdiZc V:  7 H:189 F:17	Repeat Main Routine
				828031 E2 30       SEP #$30               A:1C00 X:01C0 Y:0020 S:0126 D:0000 DB:86 nvmxdiZc V:  7 H:193 F:17
				828033 A0 00       LDY #$00               A:1C00 X:00C0 Y:0020 S:0126 D:0000 DB:86 nvMXdiZc V:  7 H:198 F:17	Y = #$00
				828035 B1 10       LDA ($10),Y   [868626] A:1C00 X:00C0 Y:0000 S:0126 D:0000 DB:86 nvMXdiZc V:  7 H:201 F:17
				828037 F0 2E       BEQ $002E     [828067] A:1C00 X:00C0 Y:0000 S:0126 D:0000 DB:86 nvMXdiZc V:  7 H:209 F:17	Branch because ($10),Y = [$868626,Y] = [$868626] = #$00
				828067 A9 01       LDA #$01               A:1C00 X:00C0 Y:0000 S:0126 D:0000 DB:86 nvMXdiZc V:  7 H:214 F:17
				828069 85 A1       STA $A1       [0000A1] A:1C01 X:00C0 Y:0000 S:0126 D:0000 DB:86 nvMXdizc V:  7 H:217 F:17	$00A1 = #$01
				82806B 2B          PLD                    A:1C01 X:00C0 Y:0000 S:0126 D:0000 DB:86 nvMXdizc V:  7 H:222 F:17
				82806C 28          PLP                    A:1C01 X:00C0 Y:0000 S:0128 D:0E68 DB:86 nvMXdizc V:  7 H:230 F:17
				82806D 6B          RTL                    A:1C01 X:00C0 Y:0000 S:0129 D:0E68 DB:86 nvmxdizc V:  7 H:237 F:17	Return

			83B7D1 E2 30       SEP #$30               A:1C01 X:00C0 Y:0000 S:012C D:0E68 DB:86 nvmxdizc V:  7 H:247 F:17
			83B7D3 A5 0F       LDA $0F       [000E77] A:1C01 X:00C0 Y:0000 S:012C D:0E68 DB:86 nvMXdizc V:  7 H:252 F:17
			83B7D5 10 3E       BPL $003E     [83B815] A:1C03 X:00C0 Y:0000 S:012C D:0E68 DB:86 nvMXdizc V:  7 H:258 F:17		Branch because SkelAction is positive
			83B815 60          RTS                    A:1C03 X:00C0 Y:0000 S:012C D:0E68 DB:86 nvMXdizc V:  7 H:263 F:17		Return

		83B2ED A5 27       LDA $27       [000E8F] A:1C03 X:00C0 Y:0000 S:012E D:0E68 DB:86 nvMXdizc V:  7 H:273 F:17
