80D4F6 20 30 D5    JSR $D530     [80D530] A:0E01 X:0000 Y:0047 S:0133 D:0E68 DB:86 nvMXdizC V:247 H:205 F: 3

	80D530 C2 20       REP #$20               A:0E01 X:0000 Y:0047 S:0131 D:0E68 DB:86 nvMXdizC V:247 H:215 F: 3
	80D532 A5 05       LDA $05       [000E6D] A:0E01 X:0000 Y:0047 S:0131 D:0E68 DB:86 nvmXdizC V:247 H:219 F: 3
	80D534 85 22       STA $22       [000E8A] A:142D X:0000 Y:0047 S:0131 D:0E68 DB:86 nvmXdizC V:247 H:228 F: 3
	80D536 A5 08       LDA $08       [000E70] A:142D X:0000 Y:0047 S:0131 D:0E68 DB:86 nvmXdizC V:247 H:236 F: 3
	80D538 85 24       STA $24       [000E8C] A:0A9D X:0000 Y:0047 S:0131 D:0E68 DB:86 nvmXdizC V:247 H:245 F: 3
	80D53A E2 20       SEP #$20               A:0A9D X:0000 Y:0047 S:0131 D:0E68 DB:86 nvmXdizC V:247 H:253 F: 3
	80D53C A9 80       LDA #$80               A:0A9D X:0000 Y:0047 S:0131 D:0E68 DB:86 nvMXdizC V:247 H:258 F: 3
	80D53E 14 0E       TRB $0E       [000E76] A:0A80 X:0000 Y:0047 S:0131 D:0E68 DB:86 NvMXdizC V:247 H:261 F: 3
	80D540 A5 0A       LDA $0A       [000E72] A:0A80 X:0000 Y:0047 S:0131 D:0E68 DB:86 NvMXdizC V:247 H:271 F: 3
	80D542 0A          ASL A                  A:0A14 X:0000 Y:0047 S:0131 D:0E68 DB:86 nvMXdizC V:247 H:277 F: 3
	80D543 AA          TAX                    A:0A28 X:0000 Y:0047 S:0131 D:0E68 DB:86 nvMXdizc V:247 H:280 F: 3
	80D544 7C DD F8    JMP ($F8DD,X) [80F905] A:0A28 X:0028 Y:0047 S:0131 D:0E68 DB:86 nvMXdizc V:247 H:283 F: 3

	80FA15 22 44 B1 83 JSL $83B144   [83B144] A:0A28 X:0028 Y:0047 S:0131 D:0E68 DB:86 nvMXdizc V:247 H:292 F: 3

		83B144 A6 01       LDX $01       [000E69] A:0A28 X:0028 Y:0047 S:012E D:0E68 DB:86 nvMXdizc V:247 H:306 F: 3
		83B146 7C 49 B1    JMP ($B149,X) [83B14D] A:0A28 X:0004 Y:0047 S:012E D:0E68 DB:86 nvMXdizc V:247 H:312 F: 3

		83B2E8 A6 02       LDX $02       [000E6A] A:0A28 X:0004 Y:0047 S:012E D:0E68 DB:86 nvMXdizc V:247 H:321 F: 3
		83B2EA FC DA B3    JSR ($B3DA,X) [83B3E0] A:0A28 X:0006 Y:0047 S:012E D:0E68 DB:86 nvMXdizc V:247 H:327 F: 3

			83B784 A6 03       LDX $03       [000E6B] A:0A28 X:0006 Y:0047 S:012C D:0E68 DB:86 nvMXdizc V:248 H:  0 F: 3
			83B786 7C 89 B7    JMP ($B789,X) [83B78B] A:0A28 X:0002 Y:0047 S:012C D:0E68 DB:86 nvMXdizc V:248 H:  6 F: 3

			83B7A5 20 AA BA    JSR $BAAA     [83BAAA] A:0A28 X:0002 Y:0047 S:012C D:0E68 DB:86 nvMXdizc V:248 H: 15 F: 3

				83BAAA A5 3C       LDA $3C       [000EA4] A:0A28 X:0002 Y:0047 S:012A D:0E68 DB:86 nvMXdizc V:248 H: 25 F: 3
				83BAAC F0 1B       BEQ $001B     [83BAC9] A:0A00 X:0002 Y:0047 S:012A D:0E68 DB:86 nvMXdiZc V:248 H: 32 F: 3
				83BAC9 60          RTS                    A:0A00 X:0002 Y:0047 S:012A D:0E68 DB:86 nvMXdiZc V:248 H: 36 F: 3

			83B7A8 22 EA 8E 84 JSL $848EEA   [848EEA] A:0A00 X:0002 Y:0047 S:012C D:0E68 DB:86 nvMXdiZc V:248 H: 46 F: 3		JSL $848EEA --> Decrease CDSkel, Continue Skeleton

				848EEA 08          PHP                    A:0A00 X:0002 Y:0047 S:0129 D:0E68 DB:86 nvMXdiZc V:248 H: 60 F: 3
				848EEB 8B          PHB                    A:0A00 X:0002 Y:0047 S:0128 D:0E68 DB:86 nvMXdiZc V:248 H: 65 F: 3
				848EEC E2 30       SEP #$30               A:0A00 X:0002 Y:0047 S:0127 D:0E68 DB:86 nvMXdiZc V:248 H: 70 F: 3
				848EEE C6 13       DEC $13       [000E7B] A:0A00 X:0002 Y:0047 S:0127 D:0E68 DB:86 nvMXdiZc V:248 H: 74 F: 3
				848EF0 D0 5D       BNE $005D     [848F4F] A:0A00 X:0002 Y:0047 S:0127 D:0E68 DB:86 nvMXdiZc V:248 H: 84 F: 3
				848EF2 A9 AF       LDA #$AF               A:0A00 X:0002 Y:0047 S:0127 D:0E68 DB:86 nvMXdiZc V:248 H: 87 F: 3
				848EF4 48          PHA                    A:0AAF X:0002 Y:0047 S:0127 D:0E68 DB:86 NvMXdizc V:248 H: 90 F: 3
				848EF5 AB          PLB                    A:0AAF X:0002 Y:0047 S:0126 D:0E68 DB:86 NvMXdizc V:248 H: 95 F: 3
				848EF6 C2 21       REP #$21               A:0AAF X:0002 Y:0047 S:0127 D:0E68 DB:AF NvMXdizc V:248 H:102 F: 3
				848EF8 A5 14       LDA $14       [000E7C] A:0AAF X:0002 Y:0047 S:0127 D:0E68 DB:AF NvmXdizc V:248 H:106 F: 3
				848EFA 69 03 00    ADC #$0003             A:CDD7 X:0002 Y:0047 S:0127 D:0E68 DB:AF NvmXdizc V:248 H:115 F: 3
				848EFD A4 0F       LDY $0F       [000E77] A:CDDA X:0002 Y:0047 S:0127 D:0E68 DB:AF NvmXdizc V:248 H:119 F: 3
				848EFF 10 37       BPL $0037     [848F38] A:CDDA X:0002 Y:0000 S:0127 D:0E68 DB:AF nvmXdiZc V:248 H:126 F: 3
				848F38 85 14       STA $14       [000E7C] A:CDDA X:0002 Y:0000 S:0127 D:0E68 DB:AF nvmXdiZc V:248 H:130 F: 3
				848F3A E2 30       SEP #$30               A:CDDA X:0002 Y:0000 S:0127 D:0E68 DB:AF nvmXdiZc V:248 H:149 F: 3
				848F3C B2 14       LDA ($14)     [AFCDDA] A:CDDA X:0002 Y:0000 S:0127 D:0E68 DB:AF nvMXdiZc V:248 H:153 F: 3
				848F3E 85 13       STA $13       [000E7B] A:CD14 X:0002 Y:0000 S:0127 D:0E68 DB:AF nvMXdizc V:248 H:163 F: 3
				848F40 A0 01       LDY #$01               A:CD14 X:0002 Y:0000 S:0127 D:0E68 DB:AF nvMXdizc V:248 H:170 F: 3
				848F42 B1 14       LDA ($14),Y   [AFCDDB] A:CD14 X:0002 Y:0001 S:0127 D:0E68 DB:AF nvMXdizc V:248 H:173 F: 3
				848F44 85 0F       STA $0F       [000E77] A:CD80 X:0002 Y:0001 S:0127 D:0E68 DB:AF NvMXdizc V:248 H:183 F: 3
				848F46 C8          INY                    A:CD80 X:0002 Y:0001 S:0127 D:0E68 DB:AF NvMXdizc V:248 H:189 F: 3
				848F47 B1 14       LDA ($14),Y   [AFCDDC] A:CD80 X:0002 Y:0002 S:0127 D:0E68 DB:AF nvMXdizc V:248 H:192 F: 3
				848F49 85 17       STA $17       [000E7F] A:CD19 X:0002 Y:0002 S:0127 D:0E68 DB:AF nvMXdizc V:248 H:202 F: 3
				848F4B A9 80       LDA #$80               A:CD19 X:0002 Y:0002 S:0127 D:0E68 DB:AF nvMXdizc V:248 H:209 F: 3
				848F4D 04 17       TSB $17       [000E7F] A:CD80 X:0002 Y:0002 S:0127 D:0E68 DB:AF NvMXdizc V:248 H:212 F: 3
				848F4F AB          PLB                    A:CD80 X:0002 Y:0002 S:0127 D:0E68 DB:AF NvMXdiZc V:248 H:222 F: 3
				848F50 28          PLP                    A:CD80 X:0002 Y:0002 S:0128 D:0E68 DB:86 NvMXdizc V:248 H:228 F: 3
				848F51 6B          RTL                    A:CD80 X:0002 Y:0002 S:0129 D:0E68 DB:86 nvMXdiZc V:248 H:235 F: 3

			83B7AC A5 17       LDA $17       [000E7F] A:CD80 X:0002 Y:0002 S:012C D:0E68 DB:86 nvMXdiZc V:248 H:245 F: 3
			83B7AE 10 65       BPL $0065     [83B815] A:CD99 X:0002 Y:0002 S:012C D:0E68 DB:86 NvMXdizc V:248 H:252 F: 3
			83B7B0 29 7F       AND #$7F               A:CD99 X:0002 Y:0002 S:012C D:0E68 DB:86 NvMXdizc V:248 H:255 F: 3
			83B7B2 85 17       STA $17       [000E7F] A:CD19 X:0002 Y:0002 S:012C D:0E68 DB:86 nvMXdizc V:248 H:258 F: 3
			83B7B4 A5 0F       LDA $0F       [000E77] A:CD19 X:0002 Y:0002 S:012C D:0E68 DB:86 nvMXdizc V:248 H:264 F: 3		|Update LayerPalettes, based on CDSkel
			83B7B6 29 0F       AND #$0F               A:CD80 X:0002 Y:0002 S:012C D:0E68 DB:86 NvMXdizc V:248 H:271 F: 3		|
			83B7B8 18          CLC                    A:CD00 X:0002 Y:0002 S:012C D:0E68 DB:86 nvMXdiZc V:248 H:274 F: 3		|
			83B7B9 69 90       ADC #$90               A:CD00 X:0002 Y:0002 S:012C D:0E68 DB:86 nvMXdiZc V:248 H:277 F: 3		|
			83B7BB C2 30       REP #$30               A:CD90 X:0002 Y:0002 S:012C D:0E68 DB:86 NvMXdizc V:248 H:280 F: 3		|
			83B7BD 29 FF 00    AND #$00FF             A:CD90 X:0002 Y:0002 S:012C D:0E68 DB:86 Nvmxdizc V:248 H:284 F: 3		|
			83B7C0 0A          ASL A                  A:0090 X:0002 Y:0002 S:012C D:0E68 DB:86 nvmxdizc V:248 H:289 F: 3		|
			83B7C1 A8          TAY                    A:0120 X:0002 Y:0002 S:012C D:0E68 DB:86 nvmxdizc V:248 H:292 F: 3		|
			83B7C2 A2 50 00    LDX #$0050             A:0120 X:0002 Y:0120 S:012C D:0E68 DB:86 nvmxdizc V:248 H:295 F: 3		|
			83B7C5 AD CF 0B    LDA $0BCF     [860BCF] A:0120 X:0050 Y:0120 S:012C D:0E68 DB:86 nvmxdizc V:248 H:299 F: 3		|
			83B7C8 29 7F 00    AND #$007F             A:0020 X:0050 Y:0120 S:012C D:0E68 DB:86 nvmxdizc V:248 H:308 F: 3		|
			83B7CB F0 04       BEQ $0004     [83B7D1] A:0020 X:0050 Y:0120 S:012C D:0E68 DB:86 nvmxdizc V:248 H:312 F: 3		|
			83B7CD 22 00 80 82 JSL $828000   [828000] A:0020 X:0050 Y:0120 S:012C D:0E68 DB:86 nvmxdizc V:248 H:315 F: 3		|JSL $828000 --> Update LayerPalettes (X,Y) [Documented in 06,02 - 01]

				828000 08          PHP                    A:0020 X:0050 Y:0120 S:0129 D:0E68 DB:86 nvmxdizc V:248 H:328 F: 3
				828001 0B          PHD                    A:0020 X:0050 Y:0120 S:0128 D:0E68 DB:86 nvmxdizc V:248 H:333 F: 3
				828002 E2 20       SEP #$20               A:0020 X:0050 Y:0120 S:0126 D:0E68 DB:86 nvmxdizc V:249 H:  0 F: 3
				828004 C2 10       REP #$10               A:0020 X:0050 Y:0120 S:0126 D:0E68 DB:86 nvMxdizc V:249 H:  4 F: 3
				828006 8E 02 00    STX $0002     [860002] A:0020 X:0050 Y:0120 S:0126 D:0E68 DB:86 nvMxdizc V:249 H:  9 F: 3
				828009 9C 03 00    STZ $0003     [860003] A:0020 X:0050 Y:0120 S:0126 D:0E68 DB:86 nvMxdizc V:249 H: 17 F: 3
				82800C 0E 02 00    ASL $0002     [860002] A:0020 X:0050 Y:0120 S:0126 D:0E68 DB:86 nvMxdizc V:249 H: 24 F: 3
				82800F 80 0C       BRA $000C     [82801D] A:0020 X:0050 Y:0120 S:0126 D:0E68 DB:86 NvMxdizc V:249 H: 34 F: 3
				82801D F4 00 00    PEA $0000              A:0020 X:0050 Y:0120 S:0126 D:0E68 DB:86 NvMxdizc V:249 H: 38 F: 3
				828020 2B          PLD                    A:0020 X:0050 Y:0120 S:0124 D:0E68 DB:86 NvMxdizc V:249 H: 47 F: 3
				828021 B9 33 81    LDA $8133,Y   [868253] A:0020 X:0050 Y:0120 S:0126 D:0000 DB:86 nvMxdiZc V:249 H: 55 F: 3
				828024 85 10       STA $10       [000010] A:0013 X:0050 Y:0120 S:0126 D:0000 DB:86 nvMxdizc V:249 H: 63 F: 3
				828026 B9 34 81    LDA $8134,Y   [868254] A:0013 X:0050 Y:0120 S:0126 D:0000 DB:86 nvMxdizc V:249 H: 68 F: 3
				828029 85 11       STA $11       [000011] A:0086 X:0050 Y:0120 S:0126 D:0000 DB:86 NvMxdizc V:249 H: 75 F: 3
				82802B A9 85       LDA #$85               A:0086 X:0050 Y:0120 S:0126 D:0000 DB:86 NvMxdizc V:249 H: 80 F: 3
				82802D 85 16       STA $16       [000016] A:0085 X:0050 Y:0120 S:0126 D:0000 DB:86 NvMxdizc V:249 H: 83 F: 3
				82802F 64 01       STZ $01       [000001] A:0085 X:0050 Y:0120 S:0126 D:0000 DB:86 NvMxdizc V:249 H: 88 F: 3
				828031 E2 30       SEP #$30               A:0085 X:0050 Y:0120 S:0126 D:0000 DB:86 NvMxdizc V:249 H: 93 F: 3
				828033 A0 00       LDY #$00               A:0085 X:0050 Y:0020 S:0126 D:0000 DB:86 NvMXdizc V:249 H: 98 F: 3
				828035 B1 10       LDA ($10),Y   [868613] A:0085 X:0050 Y:0000 S:0126 D:0000 DB:86 nvMXdiZc V:249 H:101 F: 3
				828037 F0 2E       BEQ $002E     [828067] A:0010 X:0050 Y:0000 S:0126 D:0000 DB:86 nvMXdizc V:249 H:109 F: 3
				828039 85 00       STA $00       [000000] A:0010 X:0050 Y:0000 S:0126 D:0000 DB:86 nvMXdizc V:249 H:112 F: 3
				82803B C8          INY                    A:0010 X:0050 Y:0000 S:0126 D:0000 DB:86 nvMXdizc V:249 H:117 F: 3
				82803C C2 31       REP #$31               A:0010 X:0050 Y:0001 S:0126 D:0000 DB:86 nvMXdizc V:249 H:120 F: 3
				82803E B1 10       LDA ($10),Y   [868614] A:0010 X:0050 Y:0001 S:0126 D:0000 DB:86 nvmxdizc V:249 H:125 F: 3
				828040 85 14       STA $14       [000014] A:C2A0 X:0050 Y:0001 S:0126 D:0000 DB:86 Nvmxdizc V:249 H:146 F: 3
				828042 C8          INY                    A:C2A0 X:0050 Y:0001 S:0126 D:0000 DB:86 Nvmxdizc V:249 H:153 F: 3
				828043 C8          INY                    A:C2A0 X:0050 Y:0002 S:0126 D:0000 DB:86 nvmxdizc V:249 H:156 F: 3
				828044 B1 10       LDA ($10),Y   [868616] A:C2A0 X:0050 Y:0003 S:0126 D:0000 DB:86 nvmxdizc V:249 H:159 F: 3
				828046 29 FF 00    AND #$00FF             A:0080 X:0050 Y:0003 S:0126 D:0000 DB:86 nvmxdizc V:249 H:171 F: 3
				828049 0A          ASL A                  A:0080 X:0050 Y:0003 S:0126 D:0000 DB:86 nvmxdizc V:249 H:175 F: 3
				82804A 18          CLC                    A:0100 X:0050 Y:0003 S:0126 D:0000 DB:86 nvmxdizc V:249 H:178 F: 3
				82804B 65 02       ADC $02       [000002] A:0100 X:0050 Y:0003 S:0126 D:0000 DB:86 nvmxdizc V:249 H:181 F: 3
				82804D AA          TAX                    A:01A0 X:0050 Y:0003 S:0126 D:0000 DB:86 nvmxdizc V:249 H:188 F: 3
				82804E A5 10       LDA $10       [000010] A:01A0 X:01A0 Y:0003 S:0126 D:0000 DB:86 nvmxdizc V:249 H:191 F: 3
				828050 69 04 00    ADC #$0004             A:8613 X:01A0 Y:0003 S:0126 D:0000 DB:86 Nvmxdizc V:249 H:198 F: 3
				828053 85 10       STA $10       [000010] A:8617 X:01A0 Y:0003 S:0126 D:0000 DB:86 Nvmxdizc V:249 H:203 F: 3
				828055 A0 00 00    LDY #$0000             A:8617 X:01A0 Y:0003 S:0126 D:0000 DB:86 Nvmxdizc V:249 H:210 F: 3
				828058 B7 14       LDA [$14],Y   [85C2A0] A:8617 X:01A0 Y:0000 S:0126 D:0000 DB:86 nvmxdiZc V:249 H:214 F: 3
				82805A 9D 00 03    STA $0300,X   [8604A0] A:31CE X:01A0 Y:0000 S:0126 D:0000 DB:86 nvmxdizc V:249 H:226 F: 3
				82805D C8          INY                    A:31CE X:01A0 Y:0000 S:0126 D:0000 DB:86 nvmxdizc V:249 H:236 F: 3
				82805E C8          INY                    A:31CE X:01A0 Y:0001 S:0126 D:0000 DB:86 nvmxdizc V:249 H:239 F: 3
				82805F E8          INX                    A:31CE X:01A0 Y:0002 S:0126 D:0000 DB:86 nvmxdizc V:249 H:242 F: 3
				828060 E8          INX                    A:31CE X:01A1 Y:0002 S:0126 D:0000 DB:86 nvmxdizc V:249 H:245 F: 3
				828061 C6 00       DEC $00       [000000] A:31CE X:01A2 Y:0002 S:0126 D:0000 DB:86 nvmxdizc V:249 H:248 F: 3
				828063 D0 F3       BNE $00F3     [828058] A:31CE X:01A2 Y:0002 S:0126 D:0000 DB:86 nvmxdizc V:249 H:261 F: 3
				828058 B7 14       LDA [$14],Y   [85C2A2] A:31CE X:01A2 Y:0002 S:0126 D:0000 DB:86 nvmxdizc V:249 H:265 F: 3
				82805A 9D 00 03    STA $0300,X   [8604A2] A:61CB X:01A2 Y:0002 S:0126 D:0000 DB:86 nvmxdizc V:249 H:277 F: 3
				82805D C8          INY                    A:61CB X:01A2 Y:0002 S:0126 D:0000 DB:86 nvmxdizc V:249 H:287 F: 3
				82805E C8          INY                    A:61CB X:01A2 Y:0003 S:0126 D:0000 DB:86 nvmxdizc V:249 H:290 F: 3
				82805F E8          INX                    A:61CB X:01A2 Y:0004 S:0126 D:0000 DB:86 nvmxdizc V:249 H:293 F: 3
				828060 E8          INX                    A:61CB X:01A3 Y:0004 S:0126 D:0000 DB:86 nvmxdizc V:249 H:296 F: 3
				828061 C6 00       DEC $00       [000000] A:61CB X:01A4 Y:0004 S:0126 D:0000 DB:86 nvmxdizc V:249 H:299 F: 3
				828063 D0 F3       BNE $00F3     [828058] A:61CB X:01A4 Y:0004 S:0126 D:0000 DB:86 nvmxdizc V:249 H:312 F: 3
				828058 B7 14       LDA [$14],Y   [85C2A4] A:61CB X:01A4 Y:0004 S:0126 D:0000 DB:86 nvmxdizc V:249 H:316 F: 3
				82805A 9D 00 03    STA $0300,X   [8604A4] A:6EAE X:01A4 Y:0004 S:0126 D:0000 DB:86 nvmxdizc V:249 H:327 F: 3
				82805D C8          INY                    A:6EAE X:01A4 Y:0004 S:0126 D:0000 DB:86 nvmxdizc V:249 H:337 F: 3
				82805E C8          INY                    A:6EAE X:01A4 Y:0005 S:0126 D:0000 DB:86 nvmxdizc V:250 H:  0 F: 3
				82805F E8          INX                    A:6EAE X:01A4 Y:0006 S:0126 D:0000 DB:86 nvmxdizc V:250 H:  3 F: 3
				828060 E8          INX                    A:6EAE X:01A5 Y:0006 S:0126 D:0000 DB:86 nvmxdizc V:250 H:  6 F: 3
				828061 C6 00       DEC $00       [000000] A:6EAE X:01A6 Y:0006 S:0126 D:0000 DB:86 nvmxdizc V:250 H:  9 F: 3
				828063 D0 F3       BNE $00F3     [828058] A:6EAE X:01A6 Y:0006 S:0126 D:0000 DB:86 nvmxdizc V:250 H: 22 F: 3
				828058 B7 14       LDA [$14],Y   [85C2A6] A:6EAE X:01A6 Y:0006 S:0126 D:0000 DB:86 nvmxdizc V:250 H: 26 F: 3
				82805A 9D 00 03    STA $0300,X   [8604A6] A:7B91 X:01A6 Y:0006 S:0126 D:0000 DB:86 nvmxdizc V:250 H: 38 F: 3
				82805D C8          INY                    A:7B91 X:01A6 Y:0006 S:0126 D:0000 DB:86 nvmxdizc V:250 H: 48 F: 3
				82805E C8          INY                    A:7B91 X:01A6 Y:0007 S:0126 D:0000 DB:86 nvmxdizc V:250 H: 51 F: 3
				82805F E8          INX                    A:7B91 X:01A6 Y:0008 S:0126 D:0000 DB:86 nvmxdizc V:250 H: 54 F: 3
				828060 E8          INX                    A:7B91 X:01A7 Y:0008 S:0126 D:0000 DB:86 nvmxdizc V:250 H: 57 F: 3
				828061 C6 00       DEC $00       [000000] A:7B91 X:01A8 Y:0008 S:0126 D:0000 DB:86 nvmxdizc V:250 H: 60 F: 3
				828063 D0 F3       BNE $00F3     [828058] A:7B91 X:01A8 Y:0008 S:0126 D:0000 DB:86 nvmxdizc V:250 H: 73 F: 3
				828058 B7 14       LDA [$14],Y   [85C2A8] A:7B91 X:01A8 Y:0008 S:0126 D:0000 DB:86 nvmxdizc V:250 H: 77 F: 3
				82805A 9D 00 03    STA $0300,X   [8604A8] A:1157 X:01A8 Y:0008 S:0126 D:0000 DB:86 nvmxdizc V:250 H: 89 F: 3
				82805D C8          INY                    A:1157 X:01A8 Y:0008 S:0126 D:0000 DB:86 nvmxdizc V:250 H: 99 F: 3
				82805E C8          INY                    A:1157 X:01A8 Y:0009 S:0126 D:0000 DB:86 nvmxdizc V:250 H:102 F: 3
				82805F E8          INX                    A:1157 X:01A8 Y:000A S:0126 D:0000 DB:86 nvmxdizc V:250 H:105 F: 3
				828060 E8          INX                    A:1157 X:01A9 Y:000A S:0126 D:0000 DB:86 nvmxdizc V:250 H:108 F: 3
				828061 C6 00       DEC $00       [000000] A:1157 X:01AA Y:000A S:0126 D:0000 DB:86 nvmxdizc V:250 H:111 F: 3
				828063 D0 F3       BNE $00F3     [828058] A:1157 X:01AA Y:000A S:0126 D:0000 DB:86 nvmxdizc V:250 H:124 F: 3
				828058 B7 14       LDA [$14],Y   [85C2AA] A:1157 X:01AA Y:000A S:0126 D:0000 DB:86 nvmxdizc V:250 H:128 F: 3
				82805A 9D 00 03    STA $0300,X   [8604AA] A:229E X:01AA Y:000A S:0126 D:0000 DB:86 nvmxdizc V:250 H:150 F: 3
				82805D C8          INY                    A:229E X:01AA Y:000A S:0126 D:0000 DB:86 nvmxdizc V:250 H:160 F: 3
				82805E C8          INY                    A:229E X:01AA Y:000B S:0126 D:0000 DB:86 nvmxdizc V:250 H:163 F: 3
				82805F E8          INX                    A:229E X:01AA Y:000C S:0126 D:0000 DB:86 nvmxdizc V:250 H:166 F: 3
				828060 E8          INX                    A:229E X:01AB Y:000C S:0126 D:0000 DB:86 nvmxdizc V:250 H:169 F: 3
				828061 C6 00       DEC $00       [000000] A:229E X:01AC Y:000C S:0126 D:0000 DB:86 nvmxdizc V:250 H:172 F: 3
				828063 D0 F3       BNE $00F3     [828058] A:229E X:01AC Y:000C S:0126 D:0000 DB:86 nvmxdizc V:250 H:185 F: 3
				828058 B7 14       LDA [$14],Y   [85C2AC] A:229E X:01AC Y:000C S:0126 D:0000 DB:86 nvmxdizc V:250 H:189 F: 3
				82805A 9D 00 03    STA $0300,X   [8604AC] A:47BF X:01AC Y:000C S:0126 D:0000 DB:86 nvmxdizc V:250 H:201 F: 3
				82805D C8          INY                    A:47BF X:01AC Y:000C S:0126 D:0000 DB:86 nvmxdizc V:250 H:211 F: 3
				82805E C8          INY                    A:47BF X:01AC Y:000D S:0126 D:0000 DB:86 nvmxdizc V:250 H:214 F: 3
				82805F E8          INX                    A:47BF X:01AC Y:000E S:0126 D:0000 DB:86 nvmxdizc V:250 H:217 F: 3
				828060 E8          INX                    A:47BF X:01AD Y:000E S:0126 D:0000 DB:86 nvmxdizc V:250 H:220 F: 3
				828061 C6 00       DEC $00       [000000] A:47BF X:01AE Y:000E S:0126 D:0000 DB:86 nvmxdizc V:250 H:223 F: 3
				828063 D0 F3       BNE $00F3     [828058] A:47BF X:01AE Y:000E S:0126 D:0000 DB:86 nvmxdizc V:250 H:236 F: 3
				828058 B7 14       LDA [$14],Y   [85C2AE] A:47BF X:01AE Y:000E S:0126 D:0000 DB:86 nvmxdizc V:250 H:240 F: 3
				82805A 9D 00 03    STA $0300,X   [8604AE] A:38D0 X:01AE Y:000E S:0126 D:0000 DB:86 nvmxdizc V:250 H:252 F: 3
				82805D C8          INY                    A:38D0 X:01AE Y:000E S:0126 D:0000 DB:86 nvmxdizc V:250 H:262 F: 3
				82805E C8          INY                    A:38D0 X:01AE Y:000F S:0126 D:0000 DB:86 nvmxdizc V:250 H:265 F: 3
				82805F E8          INX                    A:38D0 X:01AE Y:0010 S:0126 D:0000 DB:86 nvmxdizc V:250 H:268 F: 3
				828060 E8          INX                    A:38D0 X:01AF Y:0010 S:0126 D:0000 DB:86 nvmxdizc V:250 H:271 F: 3
				828061 C6 00       DEC $00       [000000] A:38D0 X:01B0 Y:0010 S:0126 D:0000 DB:86 nvmxdizc V:250 H:274 F: 3
				828063 D0 F3       BNE $00F3     [828058] A:38D0 X:01B0 Y:0010 S:0126 D:0000 DB:86 nvmxdizc V:250 H:287 F: 3
				828058 B7 14       LDA [$14],Y   [85C2B0] A:38D0 X:01B0 Y:0010 S:0126 D:0000 DB:86 nvmxdizc V:250 H:291 F: 3
				82805A 9D 00 03    STA $0300,X   [8604B0] A:5197 X:01B0 Y:0010 S:0126 D:0000 DB:86 nvmxdizc V:250 H:303 F: 3
				82805D C8          INY                    A:5197 X:01B0 Y:0010 S:0126 D:0000 DB:86 nvmxdizc V:250 H:313 F: 3
				82805E C8          INY                    A:5197 X:01B0 Y:0011 S:0126 D:0000 DB:86 nvmxdizc V:250 H:316 F: 3
				82805F E8          INX                    A:5197 X:01B0 Y:0012 S:0126 D:0000 DB:86 nvmxdizc V:250 H:319 F: 3
				828060 E8          INX                    A:5197 X:01B1 Y:0012 S:0126 D:0000 DB:86 nvmxdizc V:250 H:322 F: 3
				828061 C6 00       DEC $00       [000000] A:5197 X:01B2 Y:0012 S:0126 D:0000 DB:86 nvmxdizc V:250 H:325 F: 3
				828063 D0 F3       BNE $00F3     [828058] A:5197 X:01B2 Y:0012 S:0126 D:0000 DB:86 nvmxdizc V:250 H:337 F: 3
				828058 B7 14       LDA [$14],Y   [85C2B2] A:5197 X:01B2 Y:0012 S:0126 D:0000 DB:86 nvmxdizc V:251 H:  1 F: 3
				82805A 9D 00 03    STA $0300,X   [8604B2] A:665C X:01B2 Y:0012 S:0126 D:0000 DB:86 nvmxdizc V:251 H: 13 F: 3
				82805D C8          INY                    A:665C X:01B2 Y:0012 S:0126 D:0000 DB:86 nvmxdizc V:251 H: 23 F: 3
				82805E C8          INY                    A:665C X:01B2 Y:0013 S:0126 D:0000 DB:86 nvmxdizc V:251 H: 26 F: 3
				82805F E8          INX                    A:665C X:01B2 Y:0014 S:0126 D:0000 DB:86 nvmxdizc V:251 H: 29 F: 3
				828060 E8          INX                    A:665C X:01B3 Y:0014 S:0126 D:0000 DB:86 nvmxdizc V:251 H: 32 F: 3
				828061 C6 00       DEC $00       [000000] A:665C X:01B4 Y:0014 S:0126 D:0000 DB:86 nvmxdizc V:251 H: 35 F: 3
				828063 D0 F3       BNE $00F3     [828058] A:665C X:01B4 Y:0014 S:0126 D:0000 DB:86 nvmxdizc V:251 H: 48 F: 3
				828058 B7 14       LDA [$14],Y   [85C2B4] A:665C X:01B4 Y:0014 S:0126 D:0000 DB:86 nvmxdizc V:251 H: 52 F: 3
				82805A 9D 00 03    STA $0300,X   [8604B4] A:3D89 X:01B4 Y:0014 S:0126 D:0000 DB:86 nvmxdizc V:251 H: 64 F: 3
				82805D C8          INY                    A:3D89 X:01B4 Y:0014 S:0126 D:0000 DB:86 nvmxdizc V:251 H: 74 F: 3
				82805E C8          INY                    A:3D89 X:01B4 Y:0015 S:0126 D:0000 DB:86 nvmxdizc V:251 H: 77 F: 3
				82805F E8          INX                    A:3D89 X:01B4 Y:0016 S:0126 D:0000 DB:86 nvmxdizc V:251 H: 80 F: 3
				828060 E8          INX                    A:3D89 X:01B5 Y:0016 S:0126 D:0000 DB:86 nvmxdizc V:251 H: 83 F: 3
				828061 C6 00       DEC $00       [000000] A:3D89 X:01B6 Y:0016 S:0126 D:0000 DB:86 nvmxdizc V:251 H: 86 F: 3
				828063 D0 F3       BNE $00F3     [828058] A:3D89 X:01B6 Y:0016 S:0126 D:0000 DB:86 nvmxdizc V:251 H: 99 F: 3
				828058 B7 14       LDA [$14],Y   [85C2B6] A:3D89 X:01B6 Y:0016 S:0126 D:0000 DB:86 nvmxdizc V:251 H:103 F: 3
				82805A 9D 00 03    STA $0300,X   [8604B6] A:6291 X:01B6 Y:0016 S:0126 D:0000 DB:86 nvmxdizc V:251 H:115 F: 3
				82805D C8          INY                    A:6291 X:01B6 Y:0016 S:0126 D:0000 DB:86 nvmxdizc V:251 H:125 F: 3
				82805E C8          INY                    A:6291 X:01B6 Y:0017 S:0126 D:0000 DB:86 nvmxdizc V:251 H:128 F: 3
				82805F E8          INX                    A:6291 X:01B6 Y:0018 S:0126 D:0000 DB:86 nvmxdizc V:251 H:131 F: 3
				828060 E8          INX                    A:6291 X:01B7 Y:0018 S:0126 D:0000 DB:86 nvmxdizc V:251 H:144 F: 3
				828061 C6 00       DEC $00       [000000] A:6291 X:01B8 Y:0018 S:0126 D:0000 DB:86 nvmxdizc V:251 H:147 F: 3
				828063 D0 F3       BNE $00F3     [828058] A:6291 X:01B8 Y:0018 S:0126 D:0000 DB:86 nvmxdizc V:251 H:160 F: 3
				828058 B7 14       LDA [$14],Y   [85C2B8] A:6291 X:01B8 Y:0018 S:0126 D:0000 DB:86 nvmxdizc V:251 H:164 F: 3
				82805A 9D 00 03    STA $0300,X   [8604B8] A:7B7B X:01B8 Y:0018 S:0126 D:0000 DB:86 nvmxdizc V:251 H:176 F: 3
				82805D C8          INY                    A:7B7B X:01B8 Y:0018 S:0126 D:0000 DB:86 nvmxdizc V:251 H:186 F: 3
				82805E C8          INY                    A:7B7B X:01B8 Y:0019 S:0126 D:0000 DB:86 nvmxdizc V:251 H:189 F: 3
				82805F E8          INX                    A:7B7B X:01B8 Y:001A S:0126 D:0000 DB:86 nvmxdizc V:251 H:192 F: 3
				828060 E8          INX                    A:7B7B X:01B9 Y:001A S:0126 D:0000 DB:86 nvmxdizc V:251 H:195 F: 3
				828061 C6 00       DEC $00       [000000] A:7B7B X:01BA Y:001A S:0126 D:0000 DB:86 nvmxdizc V:251 H:198 F: 3
				828063 D0 F3       BNE $00F3     [828058] A:7B7B X:01BA Y:001A S:0126 D:0000 DB:86 nvmxdizc V:251 H:211 F: 3
				828058 B7 14       LDA [$14],Y   [85C2BA] A:7B7B X:01BA Y:001A S:0126 D:0000 DB:86 nvmxdizc V:251 H:215 F: 3
				82805A 9D 00 03    STA $0300,X   [8604BA] A:0470 X:01BA Y:001A S:0126 D:0000 DB:86 nvmxdizc V:251 H:227 F: 3
				82805D C8          INY                    A:0470 X:01BA Y:001A S:0126 D:0000 DB:86 nvmxdizc V:251 H:237 F: 3
				82805E C8          INY                    A:0470 X:01BA Y:001B S:0126 D:0000 DB:86 nvmxdizc V:251 H:240 F: 3
				82805F E8          INX                    A:0470 X:01BA Y:001C S:0126 D:0000 DB:86 nvmxdizc V:251 H:243 F: 3
				828060 E8          INX                    A:0470 X:01BB Y:001C S:0126 D:0000 DB:86 nvmxdizc V:251 H:246 F: 3
				828061 C6 00       DEC $00       [000000] A:0470 X:01BC Y:001C S:0126 D:0000 DB:86 nvmxdizc V:251 H:249 F: 3
				828063 D0 F3       BNE $00F3     [828058] A:0470 X:01BC Y:001C S:0126 D:0000 DB:86 nvmxdizc V:251 H:262 F: 3
				828058 B7 14       LDA [$14],Y   [85C2BC] A:0470 X:01BC Y:001C S:0126 D:0000 DB:86 nvmxdizc V:251 H:266 F: 3
				82805A 9D 00 03    STA $0300,X   [8604BC] A:04FE X:01BC Y:001C S:0126 D:0000 DB:86 nvmxdizc V:251 H:278 F: 3
				82805D C8          INY                    A:04FE X:01BC Y:001C S:0126 D:0000 DB:86 nvmxdizc V:251 H:288 F: 3
				82805E C8          INY                    A:04FE X:01BC Y:001D S:0126 D:0000 DB:86 nvmxdizc V:251 H:291 F: 3
				82805F E8          INX                    A:04FE X:01BC Y:001E S:0126 D:0000 DB:86 nvmxdizc V:251 H:294 F: 3
				828060 E8          INX                    A:04FE X:01BD Y:001E S:0126 D:0000 DB:86 nvmxdizc V:251 H:297 F: 3
				828061 C6 00       DEC $00       [000000] A:04FE X:01BE Y:001E S:0126 D:0000 DB:86 nvmxdizc V:251 H:300 F: 3
				828063 D0 F3       BNE $00F3     [828058] A:04FE X:01BE Y:001E S:0126 D:0000 DB:86 nvmxdizc V:251 H:313 F: 3
				828058 B7 14       LDA [$14],Y   [85C2BE] A:04FE X:01BE Y:001E S:0126 D:0000 DB:86 nvmxdizc V:251 H:317 F: 3
				82805A 9D 00 03    STA $0300,X   [8604BE] A:10A6 X:01BE Y:001E S:0126 D:0000 DB:86 nvmxdizc V:251 H:328 F: 3
				82805D C8          INY                    A:10A6 X:01BE Y:001E S:0126 D:0000 DB:86 nvmxdizc V:251 H:338 F: 3
				82805E C8          INY                    A:10A6 X:01BE Y:001F S:0126 D:0000 DB:86 nvmxdizc V:252 H:  1 F: 3
				82805F E8          INX                    A:10A6 X:01BE Y:0020 S:0126 D:0000 DB:86 nvmxdizc V:252 H:  4 F: 3
				828060 E8          INX                    A:10A6 X:01BF Y:0020 S:0126 D:0000 DB:86 nvmxdizc V:252 H:  7 F: 3
				828061 C6 00       DEC $00       [000000] A:10A6 X:01C0 Y:0020 S:0126 D:0000 DB:86 nvmxdizc V:252 H: 10 F: 3
				828063 D0 F3       BNE $00F3     [828058] A:10A6 X:01C0 Y:0020 S:0126 D:0000 DB:86 nvmxdiZc V:252 H: 23 F: 3
				828065 80 CA       BRA $00CA     [828031] A:10A6 X:01C0 Y:0020 S:0126 D:0000 DB:86 nvmxdiZc V:252 H: 26 F: 3
				828031 E2 30       SEP #$30               A:10A6 X:01C0 Y:0020 S:0126 D:0000 DB:86 nvmxdiZc V:252 H: 30 F: 3
				828033 A0 00       LDY #$00               A:10A6 X:00C0 Y:0020 S:0126 D:0000 DB:86 nvMXdiZc V:252 H: 35 F: 3
				828035 B1 10       LDA ($10),Y   [868617] A:10A6 X:00C0 Y:0000 S:0126 D:0000 DB:86 nvMXdiZc V:252 H: 38 F: 3
				828037 F0 2E       BEQ $002E     [828067] A:1000 X:00C0 Y:0000 S:0126 D:0000 DB:86 nvMXdiZc V:252 H: 46 F: 3
				828067 A9 01       LDA #$01               A:1000 X:00C0 Y:0000 S:0126 D:0000 DB:86 nvMXdiZc V:252 H: 51 F: 3
				828069 85 A1       STA $A1       [0000A1] A:1001 X:00C0 Y:0000 S:0126 D:0000 DB:86 nvMXdizc V:252 H: 54 F: 3
				82806B 2B          PLD                    A:1001 X:00C0 Y:0000 S:0126 D:0000 DB:86 nvMXdizc V:252 H: 59 F: 3
				82806C 28          PLP                    A:1001 X:00C0 Y:0000 S:0128 D:0E68 DB:86 nvMXdizc V:252 H: 67 F: 3
				82806D 6B          RTL                    A:1001 X:00C0 Y:0000 S:0129 D:0E68 DB:86 nvmxdizc V:252 H: 74 F: 3

			83B7D1 E2 30       SEP #$30               A:1001 X:00C0 Y:0000 S:012C D:0E68 DB:86 nvmxdizc V:252 H: 84 F: 3
			83B7D3 A5 0F       LDA $0F       [000E77] A:1001 X:00C0 Y:0000 S:012C D:0E68 DB:86 nvMXdizc V:252 H: 89 F: 3
			83B7D5 10 3E       BPL $003E     [83B815] A:1080 X:00C0 Y:0000 S:012C D:0E68 DB:86 NvMXdizc V:252 H: 95 F: 3		Branch if SkelAction is positive 
			83B7D7 A9 08       LDA #$08               A:1080 X:00C0 Y:0000 S:012C D:0E68 DB:86 NvMXdizc V:252 H: 98 F: 3
			83B7D9 85 3D       STA $3D       [000EA5] A:1008 X:00C0 Y:0000 S:012C D:0E68 DB:86 nvMXdizc V:252 H:101 F: 3		E-BeamCD = #$08
			83B7DB 22 58 83 82 JSL $828358   [828358] A:1008 X:00C0 Y:0000 S:012C D:0E68 DB:86 nvMXdizc V:252 H:108 F: 3		JSL $828358 --> X = First empty EnemyShot,Z=1

				828358 C2 30       REP #$30               A:1008 X:00C0 Y:0000 S:0129 D:0E68 DB:86 nvMXdizc V:252 H:121 F: 3
				82835A A2 28 14    LDX #$1428             A:1008 X:00C0 Y:0000 S:0129 D:0E68 DB:86 nvmxdizc V:252 H:126 F: 3
				82835D BD 00 00    LDA $0000,X   [861428] A:1008 X:1428 Y:0000 S:0129 D:0E68 DB:86 nvmxdizc V:252 H:130 F: 3
				828360 F0 D9       BEQ $00D9     [82833B] A:0000 X:1428 Y:0000 S:0129 D:0E68 DB:86 nvmxdiZc V:252 H:150 F: 3
				82833B E2 22       SEP #$22               A:0000 X:1428 Y:0000 S:0129 D:0E68 DB:86 nvmxdiZc V:252 H:155 F: 3
				82833D 6B          RTL                    A:0000 X:1428 Y:0000 S:0129 D:0E68 DB:86 nvMxdiZc V:252 H:159 F: 3

			83B7DF D0 22       BNE $0022     [83B803] A:0000 X:1428 Y:0000 S:012C D:0E68 DB:86 nvMxdiZc V:252 H:170 F: 3
			83B7E1 FE 00 00    INC $0000,X   [861428] A:0000 X:1428 Y:0000 S:012C D:0E68 DB:86 nvMxdiZc V:252 H:173 F: 3		ES-Exist = #$01
			83B7E4 A9 04       LDA #$04               A:0000 X:1428 Y:0000 S:012C D:0E68 DB:86 nvMxdizc V:252 H:184 F: 3
			83B7E6 9D 0A 00    STA $000A,X   [861432] A:0004 X:1428 Y:0000 S:012C D:0E68 DB:86 nvMxdizc V:252 H:187 F: 3		ES-ID = #$04
			83B7E9 A5 3D       LDA $3D       [000EA5] A:0004 X:1428 Y:0000 S:012C D:0E68 DB:86 nvMxdizc V:252 H:195 F: 3
			83B7EB 9D 0B 00    STA $000B,X   [861433] A:0008 X:1428 Y:0000 S:012C D:0E68 DB:86 nvMxdizc V:252 H:202 F: 3		ES-SubID = E-BeamCD = #$08
			83B7EE 9E 11 00    STZ $0011,X   [861439] A:0008 X:1428 Y:0000 S:012C D:0E68 DB:86 nvMxdizc V:252 H:210 F: 3		ES-Status = #$00
			83B7F1 C2 20       REP #$20               A:0008 X:1428 Y:0000 S:012C D:0E68 DB:86 nvMxdizc V:252 H:218 F: 3
			83B7F3 A5 05       LDA $05       [000E6D] A:0008 X:1428 Y:0000 S:012C D:0E68 DB:86 nvmxdizc V:252 H:222 F: 3		ES-X-Pos = E-X-Pos
			83B7F5 9D 05 00    STA $0005,X   [86142D] A:142D X:1428 Y:0000 S:012C D:0E68 DB:86 nvmxdizc V:252 H:231 F: 3
			83B7F8 A5 08       LDA $08       [000E70] A:142D X:1428 Y:0000 S:012C D:0E68 DB:86 nvmxdizc V:252 H:241 F: 3		ES-Y-Pos = E-Y-Pos
			83B7FA 9D 08 00    STA $0008,X   [861430] A:0A9D X:1428 Y:0000 S:012C D:0E68 DB:86 nvmxdizc V:252 H:249 F: 3
			83B7FD E2 20       SEP #$20               A:0A9D X:1428 Y:0000 S:012C D:0E68 DB:86 nvmxdizc V:252 H:259 F: 3
			83B7FF C6 3D       DEC $3D       [000EA5] A:0A9D X:1428 Y:0000 S:012C D:0E68 DB:86 nvMxdizc V:252 H:264 F: 3		Decrease E-BeamCD = #$07
			83B801 D0 D8       BNE $00D8     [83B7DB] A:0A9D X:1428 Y:0000 S:012C D:0E68 DB:86 nvMxdizc V:252 H:274 F: 3		Branch (Repeat) because E-BeamCD <> #$00
			83B7DB 22 58 83 82 JSL $828358   [828358] A:0A9D X:1428 Y:0000 S:012C D:0E68 DB:86 nvMxdizc V:252 H:278 F: 3		JSL $828358 --> X = First empty EnemyShot,Z=1

				828358 C2 30       REP #$30               A:0A9D X:1428 Y:0000 S:0129 D:0E68 DB:86 nvMxdizc V:252 H:292 F: 3
				82835A A2 28 14    LDX #$1428             A:0A9D X:1428 Y:0000 S:0129 D:0E68 DB:86 nvmxdizc V:252 H:296 F: 3
				82835D BD 00 00    LDA $0000,X   [861428] A:0A9D X:1428 Y:0000 S:0129 D:0E68 DB:86 nvmxdizc V:252 H:301 F: 3
				828360 F0 D9       BEQ $00D9     [82833B] A:0001 X:1428 Y:0000 S:0129 D:0E68 DB:86 nvmxdizc V:252 H:311 F: 3
				828362 8A          TXA                    A:0001 X:1428 Y:0000 S:0129 D:0E68 DB:86 nvmxdizc V:252 H:314 F: 3
				828363 18          CLC                    A:1428 X:1428 Y:0000 S:0129 D:0E68 DB:86 nvmxdizc V:252 H:317 F: 3
				828364 69 40 00    ADC #$0040             A:1428 X:1428 Y:0000 S:0129 D:0E68 DB:86 nvmxdizc V:252 H:320 F: 3
				828367 AA          TAX                    A:1468 X:1428 Y:0000 S:0129 D:0E68 DB:86 nvmxdizc V:252 H:324 F: 3
				828368 E0 28 16    CPX #$1628             A:1468 X:1468 Y:0000 S:0129 D:0E68 DB:86 nvmxdizc V:252 H:327 F: 3
				82836B 90 F0       BCC $00F0     [82835D] A:1468 X:1468 Y:0000 S:0129 D:0E68 DB:86 Nvmxdizc V:252 H:331 F: 3
				82835D BD 00 00    LDA $0000,X   [861468] A:1468 X:1468 Y:0000 S:0129 D:0E68 DB:86 Nvmxdizc V:252 H:335 F: 3
				828360 F0 D9       BEQ $00D9     [82833B] A:0000 X:1468 Y:0000 S:0129 D:0E68 DB:86 nvmxdiZc V:253 H:  5 F: 3
				82833B E2 22       SEP #$22               A:0000 X:1468 Y:0000 S:0129 D:0E68 DB:86 nvmxdiZc V:253 H: 10 F: 3
				82833D 6B          RTL                    A:0000 X:1468 Y:0000 S:0129 D:0E68 DB:86 nvMxdiZc V:253 H: 14 F: 3

			83B7DF D0 22       BNE $0022     [83B803] A:0000 X:1468 Y:0000 S:012C D:0E68 DB:86 nvMxdiZc V:253 H: 25 F: 3
			83B7E1 FE 00 00    INC $0000,X   [861468] A:0000 X:1468 Y:0000 S:012C D:0E68 DB:86 nvMxdiZc V:253 H: 28 F: 3
			83B7E4 A9 04       LDA #$04               A:0000 X:1468 Y:0000 S:012C D:0E68 DB:86 nvMxdizc V:253 H: 39 F: 3
			83B7E6 9D 0A 00    STA $000A,X   [861472] A:0004 X:1468 Y:0000 S:012C D:0E68 DB:86 nvMxdizc V:253 H: 42 F: 3
			83B7E9 A5 3D       LDA $3D       [000EA5] A:0004 X:1468 Y:0000 S:012C D:0E68 DB:86 nvMxdizc V:253 H: 50 F: 3
			83B7EB 9D 0B 00    STA $000B,X   [861473] A:0007 X:1468 Y:0000 S:012C D:0E68 DB:86 nvMxdizc V:253 H: 57 F: 3
			83B7EE 9E 11 00    STZ $0011,X   [861479] A:0007 X:1468 Y:0000 S:012C D:0E68 DB:86 nvMxdizc V:253 H: 65 F: 3
			83B7F1 C2 20       REP #$20               A:0007 X:1468 Y:0000 S:012C D:0E68 DB:86 nvMxdizc V:253 H: 73 F: 3
			83B7F3 A5 05       LDA $05       [000E6D] A:0007 X:1468 Y:0000 S:012C D:0E68 DB:86 nvmxdizc V:253 H: 77 F: 3
			83B7F5 9D 05 00    STA $0005,X   [86146D] A:142D X:1468 Y:0000 S:012C D:0E68 DB:86 nvmxdizc V:253 H: 86 F: 3
			83B7F8 A5 08       LDA $08       [000E70] A:142D X:1468 Y:0000 S:012C D:0E68 DB:86 nvmxdizc V:253 H: 96 F: 3
			83B7FA 9D 08 00    STA $0008,X   [861470] A:0A9D X:1468 Y:0000 S:012C D:0E68 DB:86 nvmxdizc V:253 H:104 F: 3
			83B7FD E2 20       SEP #$20               A:0A9D X:1468 Y:0000 S:012C D:0E68 DB:86 nvmxdizc V:253 H:114 F: 3
			83B7FF C6 3D       DEC $3D       [000EA5] A:0A9D X:1468 Y:0000 S:012C D:0E68 DB:86 nvMxdizc V:253 H:119 F: 3		Decrease E-BeamCD = #$06
			83B801 D0 D8       BNE $00D8     [83B7DB] A:0A9D X:1468 Y:0000 S:012C D:0E68 DB:86 nvMxdizc V:253 H:129 F: 3		Branch (Repeat) because E-BeamCD <> #$00
			83B7DB 22 58 83 82 JSL $828358   [828358] A:0A9D X:1468 Y:0000 S:012C D:0E68 DB:86 nvMxdizc V:253 H:143 F: 3		JSL $828358 --> X = First empty EnemyShot,Z=1

				828358 C2 30       REP #$30               A:0A9D X:1468 Y:0000 S:0129 D:0E68 DB:86 nvMxdizc V:253 H:157 F: 3
				82835A A2 28 14    LDX #$1428             A:0A9D X:1468 Y:0000 S:0129 D:0E68 DB:86 nvmxdizc V:253 H:161 F: 3
				82835D BD 00 00    LDA $0000,X   [861428] A:0A9D X:1428 Y:0000 S:0129 D:0E68 DB:86 nvmxdizc V:253 H:166 F: 3
				828360 F0 D9       BEQ $00D9     [82833B] A:0001 X:1428 Y:0000 S:0129 D:0E68 DB:86 nvmxdizc V:253 H:176 F: 3
				828362 8A          TXA                    A:0001 X:1428 Y:0000 S:0129 D:0E68 DB:86 nvmxdizc V:253 H:179 F: 3
				828363 18          CLC                    A:1428 X:1428 Y:0000 S:0129 D:0E68 DB:86 nvmxdizc V:253 H:182 F: 3
				828364 69 40 00    ADC #$0040             A:1428 X:1428 Y:0000 S:0129 D:0E68 DB:86 nvmxdizc V:253 H:185 F: 3
				828367 AA          TAX                    A:1468 X:1428 Y:0000 S:0129 D:0E68 DB:86 nvmxdizc V:253 H:189 F: 3
				828368 E0 28 16    CPX #$1628             A:1468 X:1468 Y:0000 S:0129 D:0E68 DB:86 nvmxdizc V:253 H:192 F: 3
				82836B 90 F0       BCC $00F0     [82835D] A:1468 X:1468 Y:0000 S:0129 D:0E68 DB:86 Nvmxdizc V:253 H:197 F: 3
				82835D BD 00 00    LDA $0000,X   [861468] A:1468 X:1468 Y:0000 S:0129 D:0E68 DB:86 Nvmxdizc V:253 H:201 F: 3
				828360 F0 D9       BEQ $00D9     [82833B] A:0001 X:1468 Y:0000 S:0129 D:0E68 DB:86 nvmxdizc V:253 H:211 F: 3
				828362 8A          TXA                    A:0001 X:1468 Y:0000 S:0129 D:0E68 DB:86 nvmxdizc V:253 H:214 F: 3
				828363 18          CLC                    A:1468 X:1468 Y:0000 S:0129 D:0E68 DB:86 nvmxdizc V:253 H:217 F: 3
				828364 69 40 00    ADC #$0040             A:1468 X:1468 Y:0000 S:0129 D:0E68 DB:86 nvmxdizc V:253 H:220 F: 3
				828367 AA          TAX                    A:14A8 X:1468 Y:0000 S:0129 D:0E68 DB:86 nvmxdizc V:253 H:225 F: 3
				828368 E0 28 16    CPX #$1628             A:14A8 X:14A8 Y:0000 S:0129 D:0E68 DB:86 nvmxdizc V:253 H:228 F: 3
				82836B 90 F0       BCC $00F0     [82835D] A:14A8 X:14A8 Y:0000 S:0129 D:0E68 DB:86 Nvmxdizc V:253 H:232 F: 3
				82835D BD 00 00    LDA $0000,X   [8614A8] A:14A8 X:14A8 Y:0000 S:0129 D:0E68 DB:86 Nvmxdizc V:253 H:237 F: 3
				828360 F0 D9       BEQ $00D9     [82833B] A:0000 X:14A8 Y:0000 S:0129 D:0E68 DB:86 nvmxdiZc V:253 H:247 F: 3
				82833B E2 22       SEP #$22               A:0000 X:14A8 Y:0000 S:0129 D:0E68 DB:86 nvmxdiZc V:253 H:251 F: 3
				82833D 6B          RTL                    A:0000 X:14A8 Y:0000 S:0129 D:0E68 DB:86 nvMxdiZc V:253 H:256 F: 3

			83B7DF D0 22       BNE $0022     [83B803] A:0000 X:14A8 Y:0000 S:012C D:0E68 DB:86 nvMxdiZc V:253 H:266 F: 3
			83B7E1 FE 00 00    INC $0000,X   [8614A8] A:0000 X:14A8 Y:0000 S:012C D:0E68 DB:86 nvMxdiZc V:253 H:269 F: 3
			83B7E4 A9 04       LDA #$04               A:0000 X:14A8 Y:0000 S:012C D:0E68 DB:86 nvMxdizc V:253 H:281 F: 3
			83B7E6 9D 0A 00    STA $000A,X   [8614B2] A:0004 X:14A8 Y:0000 S:012C D:0E68 DB:86 nvMxdizc V:253 H:284 F: 3
			83B7E9 A5 3D       LDA $3D       [000EA5] A:0004 X:14A8 Y:0000 S:012C D:0E68 DB:86 nvMxdizc V:253 H:292 F: 3
			83B7EB 9D 0B 00    STA $000B,X   [8614B3] A:0006 X:14A8 Y:0000 S:012C D:0E68 DB:86 nvMxdizc V:253 H:298 F: 3
			83B7EE 9E 11 00    STZ $0011,X   [8614B9] A:0006 X:14A8 Y:0000 S:012C D:0E68 DB:86 nvMxdizc V:253 H:306 F: 3
			83B7F1 C2 20       REP #$20               A:0006 X:14A8 Y:0000 S:012C D:0E68 DB:86 nvMxdizc V:253 H:314 F: 3
			83B7F3 A5 05       LDA $05       [000E6D] A:0006 X:14A8 Y:0000 S:012C D:0E68 DB:86 nvmxdizc V:253 H:319 F: 3
			83B7F5 9D 05 00    STA $0005,X   [8614AD] A:142D X:14A8 Y:0000 S:012C D:0E68 DB:86 nvmxdizc V:253 H:327 F: 3
			83B7F8 A5 08       LDA $08       [000E70] A:142D X:14A8 Y:0000 S:012C D:0E68 DB:86 nvmxdizc V:253 H:336 F: 3
			83B7FA 9D 08 00    STA $0008,X   [8614B0] A:0A9D X:14A8 Y:0000 S:012C D:0E68 DB:86 nvmxdizc V:254 H:  5 F: 3
			83B7FD E2 20       SEP #$20               A:0A9D X:14A8 Y:0000 S:012C D:0E68 DB:86 nvmxdizc V:254 H: 15 F: 3
			83B7FF C6 3D       DEC $3D       [000EA5] A:0A9D X:14A8 Y:0000 S:012C D:0E68 DB:86 nvMxdizc V:254 H: 19 F: 3		Decrease E-BeamCD = #$05
			83B801 D0 D8       BNE $00D8     [83B7DB] A:0A9D X:14A8 Y:0000 S:012C D:0E68 DB:86 nvMxdizc V:254 H: 29 F: 3		Branch (Repeat) because E-BeamCD <> #$00
			83B7DB 22 58 83 82 JSL $828358   [828358] A:0A9D X:14A8 Y:0000 S:012C D:0E68 DB:86 nvMxdizc V:254 H: 34 F: 3		JSL $828358 --> X = First empty EnemyShot,Z=1

				828358 C2 30       REP #$30               A:0A9D X:14A8 Y:0000 S:0129 D:0E68 DB:86 nvMxdizc V:254 H: 47 F: 3
				82835A A2 28 14    LDX #$1428             A:0A9D X:14A8 Y:0000 S:0129 D:0E68 DB:86 nvmxdizc V:254 H: 52 F: 3
				82835D BD 00 00    LDA $0000,X   [861428] A:0A9D X:1428 Y:0000 S:0129 D:0E68 DB:86 nvmxdizc V:254 H: 56 F: 3
				828360 F0 D9       BEQ $00D9     [82833B] A:0001 X:1428 Y:0000 S:0129 D:0E68 DB:86 nvmxdizc V:254 H: 66 F: 3
				828362 8A          TXA                    A:0001 X:1428 Y:0000 S:0129 D:0E68 DB:86 nvmxdizc V:254 H: 69 F: 3
				828363 18          CLC                    A:1428 X:1428 Y:0000 S:0129 D:0E68 DB:86 nvmxdizc V:254 H: 72 F: 3
				828364 69 40 00    ADC #$0040             A:1428 X:1428 Y:0000 S:0129 D:0E68 DB:86 nvmxdizc V:254 H: 75 F: 3
				828367 AA          TAX                    A:1468 X:1428 Y:0000 S:0129 D:0E68 DB:86 nvmxdizc V:254 H: 80 F: 3
				828368 E0 28 16    CPX #$1628             A:1468 X:1468 Y:0000 S:0129 D:0E68 DB:86 nvmxdizc V:254 H: 83 F: 3
				82836B 90 F0       BCC $00F0     [82835D] A:1468 X:1468 Y:0000 S:0129 D:0E68 DB:86 Nvmxdizc V:254 H: 87 F: 3
				82835D BD 00 00    LDA $0000,X   [861468] A:1468 X:1468 Y:0000 S:0129 D:0E68 DB:86 Nvmxdizc V:254 H: 92 F: 3
				828360 F0 D9       BEQ $00D9     [82833B] A:0001 X:1468 Y:0000 S:0129 D:0E68 DB:86 nvmxdizc V:254 H:102 F: 3
				828362 8A          TXA                    A:0001 X:1468 Y:0000 S:0129 D:0E68 DB:86 nvmxdizc V:254 H:105 F: 3
				828363 18          CLC                    A:1468 X:1468 Y:0000 S:0129 D:0E68 DB:86 nvmxdizc V:254 H:108 F: 3
				828364 69 40 00    ADC #$0040             A:1468 X:1468 Y:0000 S:0129 D:0E68 DB:86 nvmxdizc V:254 H:111 F: 3
				828367 AA          TAX                    A:14A8 X:1468 Y:0000 S:0129 D:0E68 DB:86 nvmxdizc V:254 H:115 F: 3
				828368 E0 28 16    CPX #$1628             A:14A8 X:14A8 Y:0000 S:0129 D:0E68 DB:86 nvmxdizc V:254 H:118 F: 3
				82836B 90 F0       BCC $00F0     [82835D] A:14A8 X:14A8 Y:0000 S:0129 D:0E68 DB:86 Nvmxdizc V:254 H:123 F: 3
				82835D BD 00 00    LDA $0000,X   [8614A8] A:14A8 X:14A8 Y:0000 S:0129 D:0E68 DB:86 Nvmxdizc V:254 H:127 F: 3
				828360 F0 D9       BEQ $00D9     [82833B] A:0001 X:14A8 Y:0000 S:0129 D:0E68 DB:86 nvmxdizc V:254 H:147 F: 3
				828362 8A          TXA                    A:0001 X:14A8 Y:0000 S:0129 D:0E68 DB:86 nvmxdizc V:254 H:150 F: 3
				828363 18          CLC                    A:14A8 X:14A8 Y:0000 S:0129 D:0E68 DB:86 nvmxdizc V:254 H:153 F: 3
				828364 69 40 00    ADC #$0040             A:14A8 X:14A8 Y:0000 S:0129 D:0E68 DB:86 nvmxdizc V:254 H:156 F: 3
				828367 AA          TAX                    A:14E8 X:14A8 Y:0000 S:0129 D:0E68 DB:86 nvmxdizc V:254 H:161 F: 3
				828368 E0 28 16    CPX #$1628             A:14E8 X:14E8 Y:0000 S:0129 D:0E68 DB:86 nvmxdizc V:254 H:164 F: 3
				82836B 90 F0       BCC $00F0     [82835D] A:14E8 X:14E8 Y:0000 S:0129 D:0E68 DB:86 Nvmxdizc V:254 H:168 F: 3
				82835D BD 00 00    LDA $0000,X   [8614E8] A:14E8 X:14E8 Y:0000 S:0129 D:0E68 DB:86 Nvmxdizc V:254 H:173 F: 3
				828360 F0 D9       BEQ $00D9     [82833B] A:0000 X:14E8 Y:0000 S:0129 D:0E68 DB:86 nvmxdiZc V:254 H:183 F: 3
				82833B E2 22       SEP #$22               A:0000 X:14E8 Y:0000 S:0129 D:0E68 DB:86 nvmxdiZc V:254 H:187 F: 3
				82833D 6B          RTL                    A:0000 X:14E8 Y:0000 S:0129 D:0E68 DB:86 nvMxdiZc V:254 H:192 F: 3

			83B7DF D0 22       BNE $0022     [83B803] A:0000 X:14E8 Y:0000 S:012C D:0E68 DB:86 nvMxdiZc V:254 H:202 F: 3
			83B7E1 FE 00 00    INC $0000,X   [8614E8] A:0000 X:14E8 Y:0000 S:012C D:0E68 DB:86 nvMxdiZc V:254 H:205 F: 3
			83B7E4 A9 04       LDA #$04               A:0000 X:14E8 Y:0000 S:012C D:0E68 DB:86 nvMxdizc V:254 H:217 F: 3
			83B7E6 9D 0A 00    STA $000A,X   [8614F2] A:0004 X:14E8 Y:0000 S:012C D:0E68 DB:86 nvMxdizc V:254 H:220 F: 3
			83B7E9 A5 3D       LDA $3D       [000EA5] A:0004 X:14E8 Y:0000 S:012C D:0E68 DB:86 nvMxdizc V:254 H:228 F: 3
			83B7EB 9D 0B 00    STA $000B,X   [8614F3] A:0005 X:14E8 Y:0000 S:012C D:0E68 DB:86 nvMxdizc V:254 H:234 F: 3
			83B7EE 9E 11 00    STZ $0011,X   [8614F9] A:0005 X:14E8 Y:0000 S:012C D:0E68 DB:86 nvMxdizc V:254 H:242 F: 3
			83B7F1 C2 20       REP #$20               A:0005 X:14E8 Y:0000 S:012C D:0E68 DB:86 nvMxdizc V:254 H:250 F: 3
			83B7F3 A5 05       LDA $05       [000E6D] A:0005 X:14E8 Y:0000 S:012C D:0E68 DB:86 nvmxdizc V:254 H:255 F: 3
			83B7F5 9D 05 00    STA $0005,X   [8614ED] A:142D X:14E8 Y:0000 S:012C D:0E68 DB:86 nvmxdizc V:254 H:263 F: 3
			83B7F8 A5 08       LDA $08       [000E70] A:142D X:14E8 Y:0000 S:012C D:0E68 DB:86 nvmxdizc V:254 H:273 F: 3
			83B7FA 9D 08 00    STA $0008,X   [8614F0] A:0A9D X:14E8 Y:0000 S:012C D:0E68 DB:86 nvmxdizc V:254 H:282 F: 3
			83B7FD E2 20       SEP #$20               A:0A9D X:14E8 Y:0000 S:012C D:0E68 DB:86 nvmxdizc V:254 H:292 F: 3
			83B7FF C6 3D       DEC $3D       [000EA5] A:0A9D X:14E8 Y:0000 S:012C D:0E68 DB:86 nvMxdizc V:254 H:296 F: 3		Decrease E-BeamCD = #$04
			83B801 D0 D8       BNE $00D8     [83B7DB] A:0A9D X:14E8 Y:0000 S:012C D:0E68 DB:86 nvMxdizc V:254 H:306 F: 3		Branch (Repeat) because E-BeamCD <> #$00
			83B7DB 22 58 83 82 JSL $828358   [828358] A:0A9D X:14E8 Y:0000 S:012C D:0E68 DB:86 nvMxdizc V:254 H:311 F: 3		JSL $828358 --> X = First empty EnemyShot,Z=1

				828358 C2 30       REP #$30               A:0A9D X:14E8 Y:0000 S:0129 D:0E68 DB:86 nvMxdizc V:254 H:324 F: 3
				82835A A2 28 14    LDX #$1428             A:0A9D X:14E8 Y:0000 S:0129 D:0E68 DB:86 nvmxdizc V:254 H:328 F: 3
				82835D BD 00 00    LDA $0000,X   [861428] A:0A9D X:1428 Y:0000 S:0129 D:0E68 DB:86 nvmxdizc V:254 H:332 F: 3
				828360 F0 D9       BEQ $00D9     [82833B] A:0001 X:1428 Y:0000 S:0129 D:0E68 DB:86 nvmxdizc V:255 H:  2 F: 3
				828362 8A          TXA                    A:0001 X:1428 Y:0000 S:0129 D:0E68 DB:86 nvmxdizc V:255 H:  5 F: 3
				828363 18          CLC                    A:1428 X:1428 Y:0000 S:0129 D:0E68 DB:86 nvmxdizc V:255 H:  8 F: 3
				828364 69 40 00    ADC #$0040             A:1428 X:1428 Y:0000 S:0129 D:0E68 DB:86 nvmxdizc V:255 H: 11 F: 3
				828367 AA          TAX                    A:1468 X:1428 Y:0000 S:0129 D:0E68 DB:86 nvmxdizc V:255 H: 16 F: 3
				828368 E0 28 16    CPX #$1628             A:1468 X:1468 Y:0000 S:0129 D:0E68 DB:86 nvmxdizc V:255 H: 19 F: 3
				82836B 90 F0       BCC $00F0     [82835D] A:1468 X:1468 Y:0000 S:0129 D:0E68 DB:86 Nvmxdizc V:255 H: 23 F: 3
				82835D BD 00 00    LDA $0000,X   [861468] A:1468 X:1468 Y:0000 S:0129 D:0E68 DB:86 Nvmxdizc V:255 H: 28 F: 3
				828360 F0 D9       BEQ $00D9     [82833B] A:0001 X:1468 Y:0000 S:0129 D:0E68 DB:86 nvmxdizc V:255 H: 38 F: 3
				828362 8A          TXA                    A:0001 X:1468 Y:0000 S:0129 D:0E68 DB:86 nvmxdizc V:255 H: 41 F: 3
				828363 18          CLC                    A:1468 X:1468 Y:0000 S:0129 D:0E68 DB:86 nvmxdizc V:255 H: 44 F: 3
				828364 69 40 00    ADC #$0040             A:1468 X:1468 Y:0000 S:0129 D:0E68 DB:86 nvmxdizc V:255 H: 47 F: 3
				828367 AA          TAX                    A:14A8 X:1468 Y:0000 S:0129 D:0E68 DB:86 nvmxdizc V:255 H: 51 F: 3
				828368 E0 28 16    CPX #$1628             A:14A8 X:14A8 Y:0000 S:0129 D:0E68 DB:86 nvmxdizc V:255 H: 54 F: 3
				82836B 90 F0       BCC $00F0     [82835D] A:14A8 X:14A8 Y:0000 S:0129 D:0E68 DB:86 Nvmxdizc V:255 H: 59 F: 3
				82835D BD 00 00    LDA $0000,X   [8614A8] A:14A8 X:14A8 Y:0000 S:0129 D:0E68 DB:86 Nvmxdizc V:255 H: 63 F: 3
				828360 F0 D9       BEQ $00D9     [82833B] A:0001 X:14A8 Y:0000 S:0129 D:0E68 DB:86 nvmxdizc V:255 H: 73 F: 3
				828362 8A          TXA                    A:0001 X:14A8 Y:0000 S:0129 D:0E68 DB:86 nvmxdizc V:255 H: 76 F: 3
				828363 18          CLC                    A:14A8 X:14A8 Y:0000 S:0129 D:0E68 DB:86 nvmxdizc V:255 H: 79 F: 3
				828364 69 40 00    ADC #$0040             A:14A8 X:14A8 Y:0000 S:0129 D:0E68 DB:86 nvmxdizc V:255 H: 82 F: 3
				828367 AA          TAX                    A:14E8 X:14A8 Y:0000 S:0129 D:0E68 DB:86 nvmxdizc V:255 H: 87 F: 3
				828368 E0 28 16    CPX #$1628             A:14E8 X:14E8 Y:0000 S:0129 D:0E68 DB:86 nvmxdizc V:255 H: 90 F: 3
				82836B 90 F0       BCC $00F0     [82835D] A:14E8 X:14E8 Y:0000 S:0129 D:0E68 DB:86 Nvmxdizc V:255 H: 94 F: 3
				82835D BD 00 00    LDA $0000,X   [8614E8] A:14E8 X:14E8 Y:0000 S:0129 D:0E68 DB:86 Nvmxdizc V:255 H: 99 F: 3
				828360 F0 D9       BEQ $00D9     [82833B] A:0001 X:14E8 Y:0000 S:0129 D:0E68 DB:86 nvmxdizc V:255 H:109 F: 3
				828362 8A          TXA                    A:0001 X:14E8 Y:0000 S:0129 D:0E68 DB:86 nvmxdizc V:255 H:112 F: 3
				828363 18          CLC                    A:14E8 X:14E8 Y:0000 S:0129 D:0E68 DB:86 nvmxdizc V:255 H:115 F: 3
				828364 69 40 00    ADC #$0040             A:14E8 X:14E8 Y:0000 S:0129 D:0E68 DB:86 nvmxdizc V:255 H:118 F: 3
				828367 AA          TAX                    A:1528 X:14E8 Y:0000 S:0129 D:0E68 DB:86 nvmxdizc V:255 H:122 F: 3
				828368 E0 28 16    CPX #$1628             A:1528 X:1528 Y:0000 S:0129 D:0E68 DB:86 nvmxdizc V:255 H:125 F: 3
				82836B 90 F0       BCC $00F0     [82835D] A:1528 X:1528 Y:0000 S:0129 D:0E68 DB:86 Nvmxdizc V:255 H:130 F: 3
				82835D BD 00 00    LDA $0000,X   [861528] A:1528 X:1528 Y:0000 S:0129 D:0E68 DB:86 Nvmxdizc V:255 H:144 F: 3
				828360 F0 D9       BEQ $00D9     [82833B] A:0000 X:1528 Y:0000 S:0129 D:0E68 DB:86 nvmxdiZc V:255 H:154 F: 3
				82833B E2 22       SEP #$22               A:0000 X:1528 Y:0000 S:0129 D:0E68 DB:86 nvmxdiZc V:255 H:159 F: 3
				82833D 6B          RTL                    A:0000 X:1528 Y:0000 S:0129 D:0E68 DB:86 nvMxdiZc V:255 H:163 F: 3

			83B7DF D0 22       BNE $0022     [83B803] A:0000 X:1528 Y:0000 S:012C D:0E68 DB:86 nvMxdiZc V:255 H:174 F: 3
			83B7E1 FE 00 00    INC $0000,X   [861528] A:0000 X:1528 Y:0000 S:012C D:0E68 DB:86 nvMxdiZc V:255 H:177 F: 3
			83B7E4 A9 04       LDA #$04               A:0000 X:1528 Y:0000 S:012C D:0E68 DB:86 nvMxdizc V:255 H:188 F: 3
			83B7E6 9D 0A 00    STA $000A,X   [861532] A:0004 X:1528 Y:0000 S:012C D:0E68 DB:86 nvMxdizc V:255 H:191 F: 3
			83B7E9 A5 3D       LDA $3D       [000EA5] A:0004 X:1528 Y:0000 S:012C D:0E68 DB:86 nvMxdizc V:255 H:199 F: 3
			83B7EB 9D 0B 00    STA $000B,X   [861533] A:0004 X:1528 Y:0000 S:012C D:0E68 DB:86 nvMxdizc V:255 H:206 F: 3
			83B7EE 9E 11 00    STZ $0011,X   [861539] A:0004 X:1528 Y:0000 S:012C D:0E68 DB:86 nvMxdizc V:255 H:214 F: 3
			83B7F1 C2 20       REP #$20               A:0004 X:1528 Y:0000 S:012C D:0E68 DB:86 nvMxdizc V:255 H:222 F: 3
			83B7F3 A5 05       LDA $05       [000E6D] A:0004 X:1528 Y:0000 S:012C D:0E68 DB:86 nvmxdizc V:255 H:226 F: 3
			83B7F5 9D 05 00    STA $0005,X   [86152D] A:142D X:1528 Y:0000 S:012C D:0E68 DB:86 nvmxdizc V:255 H:235 F: 3
			83B7F8 A5 08       LDA $08       [000E70] A:142D X:1528 Y:0000 S:012C D:0E68 DB:86 nvmxdizc V:255 H:245 F: 3
			83B7FA 9D 08 00    STA $0008,X   [861530] A:0A9D X:1528 Y:0000 S:012C D:0E68 DB:86 nvmxdizc V:255 H:253 F: 3
			83B7FD E2 20       SEP #$20               A:0A9D X:1528 Y:0000 S:012C D:0E68 DB:86 nvmxdizc V:255 H:263 F: 3
			83B7FF C6 3D       DEC $3D       [000EA5] A:0A9D X:1528 Y:0000 S:012C D:0E68 DB:86 nvMxdizc V:255 H:268 F: 3		Decrease E-BeamCD = #$03
			83B801 D0 D8       BNE $00D8     [83B7DB] A:0A9D X:1528 Y:0000 S:012C D:0E68 DB:86 nvMxdizc V:255 H:278 F: 3		Branch (Repeat) because E-BeamCD <> #$00
			83B7DB 22 58 83 82 JSL $828358   [828358] A:0A9D X:1528 Y:0000 S:012C D:0E68 DB:86 nvMxdizc V:255 H:282 F: 3		JSL $828358 --> X = First empty EnemyShot,Z=1

				828358 C2 30       REP #$30               A:0A9D X:1528 Y:0000 S:0129 D:0E68 DB:86 nvMxdizc V:255 H:296 F: 3
				82835A A2 28 14    LDX #$1428             A:0A9D X:1528 Y:0000 S:0129 D:0E68 DB:86 nvmxdizc V:255 H:300 F: 3
				82835D BD 00 00    LDA $0000,X   [861428] A:0A9D X:1428 Y:0000 S:0129 D:0E68 DB:86 nvmxdizc V:255 H:305 F: 3
				828360 F0 D9       BEQ $00D9     [82833B] A:0001 X:1428 Y:0000 S:0129 D:0E68 DB:86 nvmxdizc V:255 H:315 F: 3
				828362 8A          TXA                    A:0001 X:1428 Y:0000 S:0129 D:0E68 DB:86 nvmxdizc V:255 H:318 F: 3
				828363 18          CLC                    A:1428 X:1428 Y:0000 S:0129 D:0E68 DB:86 nvmxdizc V:255 H:321 F: 3
				828364 69 40 00    ADC #$0040             A:1428 X:1428 Y:0000 S:0129 D:0E68 DB:86 nvmxdizc V:255 H:323 F: 3
				828367 AA          TAX                    A:1468 X:1428 Y:0000 S:0129 D:0E68 DB:86 nvmxdizc V:255 H:327 F: 3
				828368 E0 28 16    CPX #$1628             A:1468 X:1468 Y:0000 S:0129 D:0E68 DB:86 nvmxdizc V:255 H:330 F: 3
				82836B 90 F0       BCC $00F0     [82835D] A:1468 X:1468 Y:0000 S:0129 D:0E68 DB:86 Nvmxdizc V:255 H:335 F: 3
				82835D BD 00 00    LDA $0000,X   [861468] A:1468 X:1468 Y:0000 S:0129 D:0E68 DB:86 Nvmxdizc V:255 H:339 F: 3
				828360 F0 D9       BEQ $00D9     [82833B] A:0001 X:1468 Y:0000 S:0129 D:0E68 DB:86 nvmxdizc V:256 H:  9 F: 3
				828362 8A          TXA                    A:0001 X:1468 Y:0000 S:0129 D:0E68 DB:86 nvmxdizc V:256 H: 12 F: 3
				828363 18          CLC                    A:1468 X:1468 Y:0000 S:0129 D:0E68 DB:86 nvmxdizc V:256 H: 15 F: 3
				828364 69 40 00    ADC #$0040             A:1468 X:1468 Y:0000 S:0129 D:0E68 DB:86 nvmxdizc V:256 H: 18 F: 3
				828367 AA          TAX                    A:14A8 X:1468 Y:0000 S:0129 D:0E68 DB:86 nvmxdizc V:256 H: 23 F: 3
				828368 E0 28 16    CPX #$1628             A:14A8 X:14A8 Y:0000 S:0129 D:0E68 DB:86 nvmxdizc V:256 H: 26 F: 3
				82836B 90 F0       BCC $00F0     [82835D] A:14A8 X:14A8 Y:0000 S:0129 D:0E68 DB:86 Nvmxdizc V:256 H: 30 F: 3
				82835D BD 00 00    LDA $0000,X   [8614A8] A:14A8 X:14A8 Y:0000 S:0129 D:0E68 DB:86 Nvmxdizc V:256 H: 35 F: 3
				828360 F0 D9       BEQ $00D9     [82833B] A:0001 X:14A8 Y:0000 S:0129 D:0E68 DB:86 nvmxdizc V:256 H: 45 F: 3
				828362 8A          TXA                    A:0001 X:14A8 Y:0000 S:0129 D:0E68 DB:86 nvmxdizc V:256 H: 48 F: 3
				828363 18          CLC                    A:14A8 X:14A8 Y:0000 S:0129 D:0E68 DB:86 nvmxdizc V:256 H: 51 F: 3
				828364 69 40 00    ADC #$0040             A:14A8 X:14A8 Y:0000 S:0129 D:0E68 DB:86 nvmxdizc V:256 H: 54 F: 3
				828367 AA          TAX                    A:14E8 X:14A8 Y:0000 S:0129 D:0E68 DB:86 nvmxdizc V:256 H: 58 F: 3
				828368 E0 28 16    CPX #$1628             A:14E8 X:14E8 Y:0000 S:0129 D:0E68 DB:86 nvmxdizc V:256 H: 61 F: 3
				82836B 90 F0       BCC $00F0     [82835D] A:14E8 X:14E8 Y:0000 S:0129 D:0E68 DB:86 Nvmxdizc V:256 H: 66 F: 3
				82835D BD 00 00    LDA $0000,X   [8614E8] A:14E8 X:14E8 Y:0000 S:0129 D:0E68 DB:86 Nvmxdizc V:256 H: 70 F: 3
				828360 F0 D9       BEQ $00D9     [82833B] A:0001 X:14E8 Y:0000 S:0129 D:0E68 DB:86 nvmxdizc V:256 H: 80 F: 3
				828362 8A          TXA                    A:0001 X:14E8 Y:0000 S:0129 D:0E68 DB:86 nvmxdizc V:256 H: 83 F: 3
				828363 18          CLC                    A:14E8 X:14E8 Y:0000 S:0129 D:0E68 DB:86 nvmxdizc V:256 H: 86 F: 3
				828364 69 40 00    ADC #$0040             A:14E8 X:14E8 Y:0000 S:0129 D:0E68 DB:86 nvmxdizc V:256 H: 89 F: 3
				828367 AA          TAX                    A:1528 X:14E8 Y:0000 S:0129 D:0E68 DB:86 nvmxdizc V:256 H: 94 F: 3
				828368 E0 28 16    CPX #$1628             A:1528 X:1528 Y:0000 S:0129 D:0E68 DB:86 nvmxdizc V:256 H: 97 F: 3
				82836B 90 F0       BCC $00F0     [82835D] A:1528 X:1528 Y:0000 S:0129 D:0E68 DB:86 Nvmxdizc V:256 H:101 F: 3
				82835D BD 00 00    LDA $0000,X   [861528] A:1528 X:1528 Y:0000 S:0129 D:0E68 DB:86 Nvmxdizc V:256 H:106 F: 3
				828360 F0 D9       BEQ $00D9     [82833B] A:0001 X:1528 Y:0000 S:0129 D:0E68 DB:86 nvmxdizc V:256 H:116 F: 3
				828362 8A          TXA                    A:0001 X:1528 Y:0000 S:0129 D:0E68 DB:86 nvmxdizc V:256 H:119 F: 3
				828363 18          CLC                    A:1528 X:1528 Y:0000 S:0129 D:0E68 DB:86 nvmxdizc V:256 H:122 F: 3
				828364 69 40 00    ADC #$0040             A:1528 X:1528 Y:0000 S:0129 D:0E68 DB:86 nvmxdizc V:256 H:125 F: 3
				828367 AA          TAX                    A:1568 X:1528 Y:0000 S:0129 D:0E68 DB:86 nvmxdizc V:256 H:129 F: 3
				828368 E0 28 16    CPX #$1628             A:1568 X:1568 Y:0000 S:0129 D:0E68 DB:86 nvmxdizc V:256 H:132 F: 3
				82836B 90 F0       BCC $00F0     [82835D] A:1568 X:1568 Y:0000 S:0129 D:0E68 DB:86 Nvmxdizc V:256 H:147 F: 3
				82835D BD 00 00    LDA $0000,X   [861568] A:1568 X:1568 Y:0000 S:0129 D:0E68 DB:86 Nvmxdizc V:256 H:151 F: 3
				828360 F0 D9       BEQ $00D9     [82833B] A:0000 X:1568 Y:0000 S:0129 D:0E68 DB:86 nvmxdiZc V:256 H:161 F: 3
				82833B E2 22       SEP #$22               A:0000 X:1568 Y:0000 S:0129 D:0E68 DB:86 nvmxdiZc V:256 H:166 F: 3
				82833D 6B          RTL                    A:0000 X:1568 Y:0000 S:0129 D:0E68 DB:86 nvMxdiZc V:256 H:170 F: 3

			83B7DF D0 22       BNE $0022     [83B803] A:0000 X:1568 Y:0000 S:012C D:0E68 DB:86 nvMxdiZc V:256 H:181 F: 3
			83B7E1 FE 00 00    INC $0000,X   [861568] A:0000 X:1568 Y:0000 S:012C D:0E68 DB:86 nvMxdiZc V:256 H:184 F: 3
			83B7E4 A9 04       LDA #$04               A:0000 X:1568 Y:0000 S:012C D:0E68 DB:86 nvMxdizc V:256 H:195 F: 3
			83B7E6 9D 0A 00    STA $000A,X   [861572] A:0004 X:1568 Y:0000 S:012C D:0E68 DB:86 nvMxdizc V:256 H:198 F: 3
			83B7E9 A5 3D       LDA $3D       [000EA5] A:0004 X:1568 Y:0000 S:012C D:0E68 DB:86 nvMxdizc V:256 H:206 F: 3
			83B7EB 9D 0B 00    STA $000B,X   [861573] A:0003 X:1568 Y:0000 S:012C D:0E68 DB:86 nvMxdizc V:256 H:213 F: 3
			83B7EE 9E 11 00    STZ $0011,X   [861579] A:0003 X:1568 Y:0000 S:012C D:0E68 DB:86 nvMxdizc V:256 H:221 F: 3
			83B7F1 C2 20       REP #$20               A:0003 X:1568 Y:0000 S:012C D:0E68 DB:86 nvMxdizc V:256 H:229 F: 3
			83B7F3 A5 05       LDA $05       [000E6D] A:0003 X:1568 Y:0000 S:012C D:0E68 DB:86 nvmxdizc V:256 H:233 F: 3
			83B7F5 9D 05 00    STA $0005,X   [86156D] A:142D X:1568 Y:0000 S:012C D:0E68 DB:86 nvmxdizc V:256 H:242 F: 3
			83B7F8 A5 08       LDA $08       [000E70] A:142D X:1568 Y:0000 S:012C D:0E68 DB:86 nvmxdizc V:256 H:252 F: 3
			83B7FA 9D 08 00    STA $0008,X   [861570] A:0A9D X:1568 Y:0000 S:012C D:0E68 DB:86 nvmxdizc V:256 H:260 F: 3
			83B7FD E2 20       SEP #$20               A:0A9D X:1568 Y:0000 S:012C D:0E68 DB:86 nvmxdizc V:256 H:270 F: 3
			83B7FF C6 3D       DEC $3D       [000EA5] A:0A9D X:1568 Y:0000 S:012C D:0E68 DB:86 nvMxdizc V:256 H:275 F: 3		Decrease E-BeamCD = #$02
			83B801 D0 D8       BNE $00D8     [83B7DB] A:0A9D X:1568 Y:0000 S:012C D:0E68 DB:86 nvMxdizc V:256 H:285 F: 3		Branch (Repeat) because E-BeamCD <> #$00
			83B7DB 22 58 83 82 JSL $828358   [828358] A:0A9D X:1568 Y:0000 S:012C D:0E68 DB:86 nvMxdizc V:256 H:289 F: 3		JSL $828358 --> X = First empty EnemyShot,Z=1

				828358 C2 30       REP #$30               A:0A9D X:1568 Y:0000 S:0129 D:0E68 DB:86 nvMxdizc V:256 H:303 F: 3
				82835A A2 28 14    LDX #$1428             A:0A9D X:1568 Y:0000 S:0129 D:0E68 DB:86 nvmxdizc V:256 H:307 F: 3
				82835D BD 00 00    LDA $0000,X   [861428] A:0A9D X:1428 Y:0000 S:0129 D:0E68 DB:86 nvmxdizc V:256 H:312 F: 3
				828360 F0 D9       BEQ $00D9     [82833B] A:0001 X:1428 Y:0000 S:0129 D:0E68 DB:86 nvmxdizc V:256 H:322 F: 3
				828362 8A          TXA                    A:0001 X:1428 Y:0000 S:0129 D:0E68 DB:86 nvmxdizc V:256 H:324 F: 3
				828363 18          CLC                    A:1428 X:1428 Y:0000 S:0129 D:0E68 DB:86 nvmxdizc V:256 H:327 F: 3
				828364 69 40 00    ADC #$0040             A:1428 X:1428 Y:0000 S:0129 D:0E68 DB:86 nvmxdizc V:256 H:330 F: 3
				828367 AA          TAX                    A:1468 X:1428 Y:0000 S:0129 D:0E68 DB:86 nvmxdizc V:256 H:334 F: 3
				828368 E0 28 16    CPX #$1628             A:1468 X:1468 Y:0000 S:0129 D:0E68 DB:86 nvmxdizc V:256 H:337 F: 3
				82836B 90 F0       BCC $00F0     [82835D] A:1468 X:1468 Y:0000 S:0129 D:0E68 DB:86 Nvmxdizc V:257 H:  2 F: 3
				82835D BD 00 00    LDA $0000,X   [861468] A:1468 X:1468 Y:0000 S:0129 D:0E68 DB:86 Nvmxdizc V:257 H:  6 F: 3
				828360 F0 D9       BEQ $00D9     [82833B] A:0001 X:1468 Y:0000 S:0129 D:0E68 DB:86 nvmxdizc V:257 H: 16 F: 3
				828362 8A          TXA                    A:0001 X:1468 Y:0000 S:0129 D:0E68 DB:86 nvmxdizc V:257 H: 19 F: 3
				828363 18          CLC                    A:1468 X:1468 Y:0000 S:0129 D:0E68 DB:86 nvmxdizc V:257 H: 22 F: 3
				828364 69 40 00    ADC #$0040             A:1468 X:1468 Y:0000 S:0129 D:0E68 DB:86 nvmxdizc V:257 H: 25 F: 3
				828367 AA          TAX                    A:14A8 X:1468 Y:0000 S:0129 D:0E68 DB:86 nvmxdizc V:257 H: 30 F: 3
				828368 E0 28 16    CPX #$1628             A:14A8 X:14A8 Y:0000 S:0129 D:0E68 DB:86 nvmxdizc V:257 H: 33 F: 3
				82836B 90 F0       BCC $00F0     [82835D] A:14A8 X:14A8 Y:0000 S:0129 D:0E68 DB:86 Nvmxdizc V:257 H: 37 F: 3
				82835D BD 00 00    LDA $0000,X   [8614A8] A:14A8 X:14A8 Y:0000 S:0129 D:0E68 DB:86 Nvmxdizc V:257 H: 42 F: 3
				828360 F0 D9       BEQ $00D9     [82833B] A:0001 X:14A8 Y:0000 S:0129 D:0E68 DB:86 nvmxdizc V:257 H: 52 F: 3
				828362 8A          TXA                    A:0001 X:14A8 Y:0000 S:0129 D:0E68 DB:86 nvmxdizc V:257 H: 55 F: 3
				828363 18          CLC                    A:14A8 X:14A8 Y:0000 S:0129 D:0E68 DB:86 nvmxdizc V:257 H: 58 F: 3
				828364 69 40 00    ADC #$0040             A:14A8 X:14A8 Y:0000 S:0129 D:0E68 DB:86 nvmxdizc V:257 H: 61 F: 3
				828367 AA          TAX                    A:14E8 X:14A8 Y:0000 S:0129 D:0E68 DB:86 nvmxdizc V:257 H: 65 F: 3
				828368 E0 28 16    CPX #$1628             A:14E8 X:14E8 Y:0000 S:0129 D:0E68 DB:86 nvmxdizc V:257 H: 68 F: 3
				82836B 90 F0       BCC $00F0     [82835D] A:14E8 X:14E8 Y:0000 S:0129 D:0E68 DB:86 Nvmxdizc V:257 H: 73 F: 3
				82835D BD 00 00    LDA $0000,X   [8614E8] A:14E8 X:14E8 Y:0000 S:0129 D:0E68 DB:86 Nvmxdizc V:257 H: 77 F: 3
				828360 F0 D9       BEQ $00D9     [82833B] A:0001 X:14E8 Y:0000 S:0129 D:0E68 DB:86 nvmxdizc V:257 H: 87 F: 3
				828362 8A          TXA                    A:0001 X:14E8 Y:0000 S:0129 D:0E68 DB:86 nvmxdizc V:257 H: 90 F: 3
				828363 18          CLC                    A:14E8 X:14E8 Y:0000 S:0129 D:0E68 DB:86 nvmxdizc V:257 H: 93 F: 3
				828364 69 40 00    ADC #$0040             A:14E8 X:14E8 Y:0000 S:0129 D:0E68 DB:86 nvmxdizc V:257 H: 96 F: 3
				828367 AA          TAX                    A:1528 X:14E8 Y:0000 S:0129 D:0E68 DB:86 nvmxdizc V:257 H:101 F: 3
				828368 E0 28 16    CPX #$1628             A:1528 X:1528 Y:0000 S:0129 D:0E68 DB:86 nvmxdizc V:257 H:104 F: 3
				82836B 90 F0       BCC $00F0     [82835D] A:1528 X:1528 Y:0000 S:0129 D:0E68 DB:86 Nvmxdizc V:257 H:108 F: 3
				82835D BD 00 00    LDA $0000,X   [861528] A:1528 X:1528 Y:0000 S:0129 D:0E68 DB:86 Nvmxdizc V:257 H:113 F: 3
				828360 F0 D9       BEQ $00D9     [82833B] A:0001 X:1528 Y:0000 S:0129 D:0E68 DB:86 nvmxdizc V:257 H:123 F: 3
				828362 8A          TXA                    A:0001 X:1528 Y:0000 S:0129 D:0E68 DB:86 nvmxdizc V:257 H:126 F: 3
				828363 18          CLC                    A:1528 X:1528 Y:0000 S:0129 D:0E68 DB:86 nvmxdizc V:257 H:129 F: 3
				828364 69 40 00    ADC #$0040             A:1528 X:1528 Y:0000 S:0129 D:0E68 DB:86 nvmxdizc V:257 H:132 F: 3
				828367 AA          TAX                    A:1568 X:1528 Y:0000 S:0129 D:0E68 DB:86 nvmxdizc V:257 H:146 F: 3
				828368 E0 28 16    CPX #$1628             A:1568 X:1568 Y:0000 S:0129 D:0E68 DB:86 nvmxdizc V:257 H:149 F: 3
				82836B 90 F0       BCC $00F0     [82835D] A:1568 X:1568 Y:0000 S:0129 D:0E68 DB:86 Nvmxdizc V:257 H:154 F: 3
				82835D BD 00 00    LDA $0000,X   [861568] A:1568 X:1568 Y:0000 S:0129 D:0E68 DB:86 Nvmxdizc V:257 H:158 F: 3
				828360 F0 D9       BEQ $00D9     [82833B] A:0001 X:1568 Y:0000 S:0129 D:0E68 DB:86 nvmxdizc V:257 H:168 F: 3
				828362 8A          TXA                    A:0001 X:1568 Y:0000 S:0129 D:0E68 DB:86 nvmxdizc V:257 H:171 F: 3
				828363 18          CLC                    A:1568 X:1568 Y:0000 S:0129 D:0E68 DB:86 nvmxdizc V:257 H:174 F: 3
				828364 69 40 00    ADC #$0040             A:1568 X:1568 Y:0000 S:0129 D:0E68 DB:86 nvmxdizc V:257 H:177 F: 3
				828367 AA          TAX                    A:15A8 X:1568 Y:0000 S:0129 D:0E68 DB:86 nvmxdizc V:257 H:182 F: 3
				828368 E0 28 16    CPX #$1628             A:15A8 X:15A8 Y:0000 S:0129 D:0E68 DB:86 nvmxdizc V:257 H:185 F: 3
				82836B 90 F0       BCC $00F0     [82835D] A:15A8 X:15A8 Y:0000 S:0129 D:0E68 DB:86 Nvmxdizc V:257 H:189 F: 3
				82835D BD 00 00    LDA $0000,X   [8615A8] A:15A8 X:15A8 Y:0000 S:0129 D:0E68 DB:86 Nvmxdizc V:257 H:194 F: 3
				828360 F0 D9       BEQ $00D9     [82833B] A:0000 X:15A8 Y:0000 S:0129 D:0E68 DB:86 nvmxdiZc V:257 H:204 F: 3
				82833B E2 22       SEP #$22               A:0000 X:15A8 Y:0000 S:0129 D:0E68 DB:86 nvmxdiZc V:257 H:208 F: 3
				82833D 6B          RTL                    A:0000 X:15A8 Y:0000 S:0129 D:0E68 DB:86 nvMxdiZc V:257 H:213 F: 3

			83B7DF D0 22       BNE $0022     [83B803] A:0000 X:15A8 Y:0000 S:012C D:0E68 DB:86 nvMxdiZc V:257 H:223 F: 3
			83B7E1 FE 00 00    INC $0000,X   [8615A8] A:0000 X:15A8 Y:0000 S:012C D:0E68 DB:86 nvMxdiZc V:257 H:226 F: 3
			83B7E4 A9 04       LDA #$04               A:0000 X:15A8 Y:0000 S:012C D:0E68 DB:86 nvMxdizc V:257 H:238 F: 3
			83B7E6 9D 0A 00    STA $000A,X   [8615B2] A:0004 X:15A8 Y:0000 S:012C D:0E68 DB:86 nvMxdizc V:257 H:241 F: 3
			83B7E9 A5 3D       LDA $3D       [000EA5] A:0004 X:15A8 Y:0000 S:012C D:0E68 DB:86 nvMxdizc V:257 H:249 F: 3
			83B7EB 9D 0B 00    STA $000B,X   [8615B3] A:0002 X:15A8 Y:0000 S:012C D:0E68 DB:86 nvMxdizc V:257 H:255 F: 3
			83B7EE 9E 11 00    STZ $0011,X   [8615B9] A:0002 X:15A8 Y:0000 S:012C D:0E68 DB:86 nvMxdizc V:257 H:263 F: 3
			83B7F1 C2 20       REP #$20               A:0002 X:15A8 Y:0000 S:012C D:0E68 DB:86 nvMxdizc V:257 H:271 F: 3
			83B7F3 A5 05       LDA $05       [000E6D] A:0002 X:15A8 Y:0000 S:012C D:0E68 DB:86 nvmxdizc V:257 H:276 F: 3
			83B7F5 9D 05 00    STA $0005,X   [8615AD] A:142D X:15A8 Y:0000 S:012C D:0E68 DB:86 nvmxdizc V:257 H:284 F: 3
			83B7F8 A5 08       LDA $08       [000E70] A:142D X:15A8 Y:0000 S:012C D:0E68 DB:86 nvmxdizc V:257 H:294 F: 3
			83B7FA 9D 08 00    STA $0008,X   [8615B0] A:0A9D X:15A8 Y:0000 S:012C D:0E68 DB:86 nvmxdizc V:257 H:303 F: 3
			83B7FD E2 20       SEP #$20               A:0A9D X:15A8 Y:0000 S:012C D:0E68 DB:86 nvmxdizc V:257 H:313 F: 3
			83B7FF C6 3D       DEC $3D       [000EA5] A:0A9D X:15A8 Y:0000 S:012C D:0E68 DB:86 nvMxdizc V:257 H:317 F: 3		Decrease E-BeamCD = #$01
			83B801 D0 D8       BNE $00D8     [83B7DB] A:0A9D X:15A8 Y:0000 S:012C D:0E68 DB:86 nvMxdizc V:257 H:327 F: 3		Branch (Repeat) because E-BeamCD <> #$00
			83B7DB 22 58 83 82 JSL $828358   [828358] A:0A9D X:15A8 Y:0000 S:012C D:0E68 DB:86 nvMxdizc V:257 H:331 F: 3		JSL $828358 --> X = First empty EnemyShot,Z=1

				828358 C2 30       REP #$30               A:0A9D X:15A8 Y:0000 S:0129 D:0E68 DB:86 nvMxdizc V:258 H:  4 F: 3
				82835A A2 28 14    LDX #$1428             A:0A9D X:15A8 Y:0000 S:0129 D:0E68 DB:86 nvmxdizc V:258 H:  9 F: 3
				82835D BD 00 00    LDA $0000,X   [861428] A:0A9D X:1428 Y:0000 S:0129 D:0E68 DB:86 nvmxdizc V:258 H: 13 F: 3
				828360 F0 D9       BEQ $00D9     [82833B] A:0001 X:1428 Y:0000 S:0129 D:0E68 DB:86 nvmxdizc V:258 H: 23 F: 3
				828362 8A          TXA                    A:0001 X:1428 Y:0000 S:0129 D:0E68 DB:86 nvmxdizc V:258 H: 26 F: 3
				828363 18          CLC                    A:1428 X:1428 Y:0000 S:0129 D:0E68 DB:86 nvmxdizc V:258 H: 29 F: 3
				828364 69 40 00    ADC #$0040             A:1428 X:1428 Y:0000 S:0129 D:0E68 DB:86 nvmxdizc V:258 H: 32 F: 3
				828367 AA          TAX                    A:1468 X:1428 Y:0000 S:0129 D:0E68 DB:86 nvmxdizc V:258 H: 37 F: 3
				828368 E0 28 16    CPX #$1628             A:1468 X:1468 Y:0000 S:0129 D:0E68 DB:86 nvmxdizc V:258 H: 40 F: 3
				82836B 90 F0       BCC $00F0     [82835D] A:1468 X:1468 Y:0000 S:0129 D:0E68 DB:86 Nvmxdizc V:258 H: 44 F: 3
				82835D BD 00 00    LDA $0000,X   [861468] A:1468 X:1468 Y:0000 S:0129 D:0E68 DB:86 Nvmxdizc V:258 H: 49 F: 3
				828360 F0 D9       BEQ $00D9     [82833B] A:0001 X:1468 Y:0000 S:0129 D:0E68 DB:86 nvmxdizc V:258 H: 59 F: 3
				828362 8A          TXA                    A:0001 X:1468 Y:0000 S:0129 D:0E68 DB:86 nvmxdizc V:258 H: 62 F: 3
				828363 18          CLC                    A:1468 X:1468 Y:0000 S:0129 D:0E68 DB:86 nvmxdizc V:258 H: 65 F: 3
				828364 69 40 00    ADC #$0040             A:1468 X:1468 Y:0000 S:0129 D:0E68 DB:86 nvmxdizc V:258 H: 68 F: 3
				828367 AA          TAX                    A:14A8 X:1468 Y:0000 S:0129 D:0E68 DB:86 nvmxdizc V:258 H: 72 F: 3
				828368 E0 28 16    CPX #$1628             A:14A8 X:14A8 Y:0000 S:0129 D:0E68 DB:86 nvmxdizc V:258 H: 75 F: 3
				82836B 90 F0       BCC $00F0     [82835D] A:14A8 X:14A8 Y:0000 S:0129 D:0E68 DB:86 Nvmxdizc V:258 H: 80 F: 3
				82835D BD 00 00    LDA $0000,X   [8614A8] A:14A8 X:14A8 Y:0000 S:0129 D:0E68 DB:86 Nvmxdizc V:258 H: 84 F: 3
				828360 F0 D9       BEQ $00D9     [82833B] A:0001 X:14A8 Y:0000 S:0129 D:0E68 DB:86 nvmxdizc V:258 H: 94 F: 3
				828362 8A          TXA                    A:0001 X:14A8 Y:0000 S:0129 D:0E68 DB:86 nvmxdizc V:258 H: 97 F: 3
				828363 18          CLC                    A:14A8 X:14A8 Y:0000 S:0129 D:0E68 DB:86 nvmxdizc V:258 H:100 F: 3
				828364 69 40 00    ADC #$0040             A:14A8 X:14A8 Y:0000 S:0129 D:0E68 DB:86 nvmxdizc V:258 H:103 F: 3
				828367 AA          TAX                    A:14E8 X:14A8 Y:0000 S:0129 D:0E68 DB:86 nvmxdizc V:258 H:108 F: 3
				828368 E0 28 16    CPX #$1628             A:14E8 X:14E8 Y:0000 S:0129 D:0E68 DB:86 nvmxdizc V:258 H:111 F: 3
				82836B 90 F0       BCC $00F0     [82835D] A:14E8 X:14E8 Y:0000 S:0129 D:0E68 DB:86 Nvmxdizc V:258 H:115 F: 3
				82835D BD 00 00    LDA $0000,X   [8614E8] A:14E8 X:14E8 Y:0000 S:0129 D:0E68 DB:86 Nvmxdizc V:258 H:120 F: 3
				828360 F0 D9       BEQ $00D9     [82833B] A:0001 X:14E8 Y:0000 S:0129 D:0E68 DB:86 nvmxdizc V:258 H:130 F: 3
				828362 8A          TXA                    A:0001 X:14E8 Y:0000 S:0129 D:0E68 DB:86 nvmxdizc V:258 H:133 F: 3
				828363 18          CLC                    A:14E8 X:14E8 Y:0000 S:0129 D:0E68 DB:86 nvmxdizc V:258 H:146 F: 3
				828364 69 40 00    ADC #$0040             A:14E8 X:14E8 Y:0000 S:0129 D:0E68 DB:86 nvmxdizc V:258 H:149 F: 3
				828367 AA          TAX                    A:1528 X:14E8 Y:0000 S:0129 D:0E68 DB:86 nvmxdizc V:258 H:153 F: 3
				828368 E0 28 16    CPX #$1628             A:1528 X:1528 Y:0000 S:0129 D:0E68 DB:86 nvmxdizc V:258 H:156 F: 3
				82836B 90 F0       BCC $00F0     [82835D] A:1528 X:1528 Y:0000 S:0129 D:0E68 DB:86 Nvmxdizc V:258 H:161 F: 3
				82835D BD 00 00    LDA $0000,X   [861528] A:1528 X:1528 Y:0000 S:0129 D:0E68 DB:86 Nvmxdizc V:258 H:165 F: 3
				828360 F0 D9       BEQ $00D9     [82833B] A:0001 X:1528 Y:0000 S:0129 D:0E68 DB:86 nvmxdizc V:258 H:175 F: 3
				828362 8A          TXA                    A:0001 X:1528 Y:0000 S:0129 D:0E68 DB:86 nvmxdizc V:258 H:178 F: 3
				828363 18          CLC                    A:1528 X:1528 Y:0000 S:0129 D:0E68 DB:86 nvmxdizc V:258 H:181 F: 3
				828364 69 40 00    ADC #$0040             A:1528 X:1528 Y:0000 S:0129 D:0E68 DB:86 nvmxdizc V:258 H:184 F: 3
				828367 AA          TAX                    A:1568 X:1528 Y:0000 S:0129 D:0E68 DB:86 nvmxdizc V:258 H:189 F: 3
				828368 E0 28 16    CPX #$1628             A:1568 X:1568 Y:0000 S:0129 D:0E68 DB:86 nvmxdizc V:258 H:192 F: 3
				82836B 90 F0       BCC $00F0     [82835D] A:1568 X:1568 Y:0000 S:0129 D:0E68 DB:86 Nvmxdizc V:258 H:196 F: 3
				82835D BD 00 00    LDA $0000,X   [861568] A:1568 X:1568 Y:0000 S:0129 D:0E68 DB:86 Nvmxdizc V:258 H:201 F: 3
				828360 F0 D9       BEQ $00D9     [82833B] A:0001 X:1568 Y:0000 S:0129 D:0E68 DB:86 nvmxdizc V:258 H:211 F: 3
				828362 8A          TXA                    A:0001 X:1568 Y:0000 S:0129 D:0E68 DB:86 nvmxdizc V:258 H:214 F: 3
				828363 18          CLC                    A:1568 X:1568 Y:0000 S:0129 D:0E68 DB:86 nvmxdizc V:258 H:217 F: 3
				828364 69 40 00    ADC #$0040             A:1568 X:1568 Y:0000 S:0129 D:0E68 DB:86 nvmxdizc V:258 H:220 F: 3
				828367 AA          TAX                    A:15A8 X:1568 Y:0000 S:0129 D:0E68 DB:86 nvmxdizc V:258 H:224 F: 3
				828368 E0 28 16    CPX #$1628             A:15A8 X:15A8 Y:0000 S:0129 D:0E68 DB:86 nvmxdizc V:258 H:227 F: 3
				82836B 90 F0       BCC $00F0     [82835D] A:15A8 X:15A8 Y:0000 S:0129 D:0E68 DB:86 Nvmxdizc V:258 H:232 F: 3
				82835D BD 00 00    LDA $0000,X   [8615A8] A:15A8 X:15A8 Y:0000 S:0129 D:0E68 DB:86 Nvmxdizc V:258 H:236 F: 3
				828360 F0 D9       BEQ $00D9     [82833B] A:0001 X:15A8 Y:0000 S:0129 D:0E68 DB:86 nvmxdizc V:258 H:246 F: 3
				828362 8A          TXA                    A:0001 X:15A8 Y:0000 S:0129 D:0E68 DB:86 nvmxdizc V:258 H:249 F: 3
				828363 18          CLC                    A:15A8 X:15A8 Y:0000 S:0129 D:0E68 DB:86 nvmxdizc V:258 H:252 F: 3
				828364 69 40 00    ADC #$0040             A:15A8 X:15A8 Y:0000 S:0129 D:0E68 DB:86 nvmxdizc V:258 H:255 F: 3
				828367 AA          TAX                    A:15E8 X:15A8 Y:0000 S:0129 D:0E68 DB:86 nvmxdizc V:258 H:260 F: 3
				828368 E0 28 16    CPX #$1628             A:15E8 X:15E8 Y:0000 S:0129 D:0E68 DB:86 nvmxdizc V:258 H:263 F: 3
				82836B 90 F0       BCC $00F0     [82835D] A:15E8 X:15E8 Y:0000 S:0129 D:0E68 DB:86 Nvmxdizc V:258 H:267 F: 3
				82835D BD 00 00    LDA $0000,X   [8615E8] A:15E8 X:15E8 Y:0000 S:0129 D:0E68 DB:86 Nvmxdizc V:258 H:272 F: 3
				828360 F0 D9       BEQ $00D9     [82833B] A:0000 X:15E8 Y:0000 S:0129 D:0E68 DB:86 nvmxdiZc V:258 H:282 F: 3
				82833B E2 22       SEP #$22               A:0000 X:15E8 Y:0000 S:0129 D:0E68 DB:86 nvmxdiZc V:258 H:286 F: 3
				82833D 6B          RTL                    A:0000 X:15E8 Y:0000 S:0129 D:0E68 DB:86 nvMxdiZc V:258 H:291 F: 3

			83B7DF D0 22       BNE $0022     [83B803] A:0000 X:15E8 Y:0000 S:012C D:0E68 DB:86 nvMxdiZc V:258 H:301 F: 3
			83B7E1 FE 00 00    INC $0000,X   [8615E8] A:0000 X:15E8 Y:0000 S:012C D:0E68 DB:86 nvMxdiZc V:258 H:304 F: 3
			83B7E4 A9 04       LDA #$04               A:0000 X:15E8 Y:0000 S:012C D:0E68 DB:86 nvMxdizc V:258 H:316 F: 3
			83B7E6 9D 0A 00    STA $000A,X   [8615F2] A:0004 X:15E8 Y:0000 S:012C D:0E68 DB:86 nvMxdizc V:258 H:319 F: 3
			83B7E9 A5 3D       LDA $3D       [000EA5] A:0004 X:15E8 Y:0000 S:012C D:0E68 DB:86 nvMxdizc V:258 H:326 F: 3
			83B7EB 9D 0B 00    STA $000B,X   [8615F3] A:0001 X:15E8 Y:0000 S:012C D:0E68 DB:86 nvMxdizc V:258 H:332 F: 3
			83B7EE 9E 11 00    STZ $0011,X   [8615F9] A:0001 X:15E8 Y:0000 S:012C D:0E68 DB:86 nvMxdizc V:259 H:  0 F: 3
			83B7F1 C2 20       REP #$20               A:0001 X:15E8 Y:0000 S:012C D:0E68 DB:86 nvMxdizc V:259 H:  8 F: 3
			83B7F3 A5 05       LDA $05       [000E6D] A:0001 X:15E8 Y:0000 S:012C D:0E68 DB:86 nvmxdizc V:259 H: 13 F: 3
			83B7F5 9D 05 00    STA $0005,X   [8615ED] A:142D X:15E8 Y:0000 S:012C D:0E68 DB:86 nvmxdizc V:259 H: 21 F: 3
			83B7F8 A5 08       LDA $08       [000E70] A:142D X:15E8 Y:0000 S:012C D:0E68 DB:86 nvmxdizc V:259 H: 31 F: 3
			83B7FA 9D 08 00    STA $0008,X   [8615F0] A:0A9D X:15E8 Y:0000 S:012C D:0E68 DB:86 nvmxdizc V:259 H: 40 F: 3
			83B7FD E2 20       SEP #$20               A:0A9D X:15E8 Y:0000 S:012C D:0E68 DB:86 nvmxdizc V:259 H: 50 F: 3
			83B7FF C6 3D       DEC $3D       [000EA5] A:0A9D X:15E8 Y:0000 S:012C D:0E68 DB:86 nvMxdizc V:259 H: 54 F: 3		Decrease E-BeamCD = #$00
			83B801 D0 D8       BNE $00D8     [83B7DB] A:0A9D X:15E8 Y:0000 S:012C D:0E68 DB:86 nvMxdiZc V:259 H: 64 F: 3		Branch (Repeat) if E-BeamCD <> #$00
			83B803 E2 10       SEP #$10               A:0A9D X:15E8 Y:0000 S:012C D:0E68 DB:86 nvMxdiZc V:259 H: 67 F: 3
			83B805 A9 04       LDA #$04               A:0A9D X:00E8 Y:0000 S:012C D:0E68 DB:86 nvMXdiZc V:259 H: 72 F: 3
			83B807 85 03       STA $03       [000E6B] A:0A04 X:00E8 Y:0000 S:012C D:0E68 DB:86 nvMXdizc V:259 H: 75 F: 3		Subaction = #$04
			83B809 A9 1E       LDA #$1E               A:0A04 X:00E8 Y:0000 S:012C D:0E68 DB:86 nvMXdizc V:259 H: 81 F: 3
			83B80B 85 34       STA $34       [000E9C] A:0A1E X:00E8 Y:0000 S:012C D:0E68 DB:86 nvMXdizc V:259 H: 84 F: 3		CD2 = #$1E
			83B80D 64 37       STZ $37       [000E9F] A:0A1E X:00E8 Y:0000 S:012C D:0E68 DB:86 nvMXdizc V:259 H: 91 F: 3		E-GuardBit = #$00
			83B80F A9 02       LDA #$02               A:0A1E X:00E8 Y:0000 S:012C D:0E68 DB:86 nvMXdizc V:259 H: 97 F: 3
			83B811 22 A2 88 80 JSL $8088A2   [8088A2] A:0A02 X:00E8 Y:0000 S:012C D:0E68 DB:86 nvMXdizc V:259 H:100 F: 3		JSL $8088A2 --> Play Sound Effect (A = Sound Effect ID)

				8088A2 DA          PHX                    A:0A02 X:00E8 Y:0000 S:0129 D:0E68 DB:86 nvMXdizc V:259 H:114 F: 3
				8088A3 5A          PHY                    A:0A02 X:00E8 Y:0000 S:0128 D:0E68 DB:86 nvMXdizc V:259 H:119 F: 3
				8088A4 08          PHP                    A:0A02 X:00E8 Y:0000 S:0127 D:0E68 DB:86 nvMXdizc V:259 H:124 F: 3
				8088A5 C2 20       REP #$20               A:0A02 X:00E8 Y:0000 S:0126 D:0E68 DB:86 nvMXdizc V:259 H:129 F: 3
				8088A7 E2 10       SEP #$10               A:0A02 X:00E8 Y:0000 S:0126 D:0E68 DB:86 nvmXdizc V:259 H:143 F: 3
				8088A9 48          PHA                    A:0A02 X:00E8 Y:0000 S:0126 D:0E68 DB:86 nvmXdizc V:259 H:148 F: 3
				8088AA A5 05       LDA $05       [000E6D] A:0A02 X:00E8 Y:0000 S:0124 D:0E68 DB:86 nvmXdizc V:259 H:155 F: 3
				8088AC 38          SEC                    A:142D X:00E8 Y:0000 S:0124 D:0E68 DB:86 nvmXdizc V:259 H:163 F: 3
				8088AD ED AD 0B    SBC $0BAD     [860BAD] A:142D X:00E8 Y:0000 S:0124 D:0E68 DB:86 nvmXdizC V:259 H:166 F: 3
				8088B0 10 0E       BPL $000E     [8088C0] A:FF45 X:00E8 Y:0000 S:0124 D:0E68 DB:86 NvmXdizc V:259 H:175 F: 3
				8088B2 4A          LSR A                  A:FF45 X:00E8 Y:0000 S:0124 D:0E68 DB:86 NvmXdizc V:259 H:178 F: 3
				8088B3 09 00 80    ORA #$8000             A:7FA2 X:00E8 Y:0000 S:0124 D:0E68 DB:86 nvmXdizC V:259 H:181 F: 3
				8088B6 C9 81 FF    CMP #$FF81             A:FFA2 X:00E8 Y:0000 S:0124 D:0E68 DB:86 NvmXdizC V:259 H:185 F: 3
				8088B9 10 0E       BPL $000E     [8088C9] A:FFA2 X:00E8 Y:0000 S:0124 D:0E68 DB:86 nvmXdizC V:259 H:190 F: 3
				8088C9 A8          TAY                    A:FFA2 X:00E8 Y:0000 S:0124 D:0E68 DB:86 nvmXdizC V:259 H:194 F: 3
				8088CA 68          PLA                    A:FFA2 X:00E8 Y:00A2 S:0124 D:0E68 DB:86 NvmXdizC V:259 H:197 F: 3
				8088CB 80 07       BRA $0007     [8088D4] A:0A02 X:00E8 Y:00A2 S:0126 D:0E68 DB:86 nvmXdizC V:259 H:206 F: 3
				8088D4 E2 31       SEP #$31               A:0A02 X:00E8 Y:00A2 S:0126 D:0E68 DB:86 nvmXdizC V:259 H:210 F: 3
				8088D6 AE A3 0B    LDX $0BA3     [860BA3] A:0A02 X:00E8 Y:00A2 S:0126 D:0E68 DB:86 nvMXdizC V:259 H:215 F: 3
				8088D9 9D 72 0B    STA $0B72,X   [860B82] A:0A02 X:0010 Y:00A2 S:0126 D:0E68 DB:86 nvMXdizC V:259 H:221 F: 3
				8088DC 98          TYA                    A:0A02 X:0010 Y:00A2 S:0126 D:0E68 DB:86 nvMXdizC V:259 H:229 F: 3
				8088DD 9D 73 0B    STA $0B73,X   [860B83] A:0AA2 X:0010 Y:00A2 S:0126 D:0E68 DB:86 NvMXdizC V:259 H:232 F: 3
				8088E0 E8          INX                    A:0AA2 X:0010 Y:00A2 S:0126 D:0E68 DB:86 NvMXdizC V:259 H:240 F: 3
				8088E1 E8          INX                    A:0AA2 X:0011 Y:00A2 S:0126 D:0E68 DB:86 nvMXdizC V:259 H:243 F: 3
				8088E2 8A          TXA                    A:0AA2 X:0012 Y:00A2 S:0126 D:0E68 DB:86 nvMXdizC V:259 H:246 F: 3
				8088E3 29 1E       AND #$1E               A:0A12 X:0012 Y:00A2 S:0126 D:0E68 DB:86 nvMXdizC V:259 H:249 F: 3
				8088E5 8D A3 0B    STA $0BA3     [860BA3] A:0A12 X:0012 Y:00A2 S:0126 D:0E68 DB:86 nvMXdizC V:259 H:252 F: 3
				8088E8 28          PLP                    A:0A12 X:0012 Y:00A2 S:0126 D:0E68 DB:86 nvMXdizC V:259 H:259 F: 3
				8088E9 7A          PLY                    A:0A12 X:0012 Y:00A2 S:0127 D:0E68 DB:86 nvMXdizc V:259 H:265 F: 3
				8088EA FA          PLX                    A:0A12 X:0012 Y:0000 S:0128 D:0E68 DB:86 nvMXdiZc V:259 H:272 F: 3
				8088EB 6B          RTL                    A:0A12 X:00E8 Y:0000 S:0129 D:0E68 DB:86 NvMXdizc V:259 H:278 F: 3

			83B815 60          RTS                    A:0A12 X:00E8 Y:0000 S:012C D:0E68 DB:86 NvMXdizc V:259 H:289 F: 3

		83B2ED A5 27       LDA $27       [000E8F] A:0A12 X:00E8 Y:0000 S:012E D:0E68 DB:86 NvMXdizc V:259 H:299 F: 3
