80D4F6 20 30 D5    JSR $D530     [80D530] A:0E01 X:0000 Y:0008 S:0133 D:0E68 DB:86 nvMXdizC V:256 H:329 F:14

	80D530 C2 20       REP #$20               A:0E01 X:0000 Y:0008 S:0131 D:0E68 DB:86 nvMXdizC V:256 H:339 F:14
	80D532 A5 05       LDA $05       [000E6D] A:0E01 X:0000 Y:0008 S:0131 D:0E68 DB:86 nvmXdizC V:257 H:  3 F:14
	80D534 85 22       STA $22       [000E8A] A:1431 X:0000 Y:0008 S:0131 D:0E68 DB:86 nvmXdizC V:257 H: 12 F:14
	80D536 A5 08       LDA $08       [000E70] A:1431 X:0000 Y:0008 S:0131 D:0E68 DB:86 nvmXdizC V:257 H: 20 F:14
	80D538 85 24       STA $24       [000E8C] A:0A9D X:0000 Y:0008 S:0131 D:0E68 DB:86 nvmXdizC V:257 H: 29 F:14
	80D53A E2 20       SEP #$20               A:0A9D X:0000 Y:0008 S:0131 D:0E68 DB:86 nvmXdizC V:257 H: 37 F:14
	80D53C A9 80       LDA #$80               A:0A9D X:0000 Y:0008 S:0131 D:0E68 DB:86 nvMXdizC V:257 H: 42 F:14
	80D53E 14 0E       TRB $0E       [000E76] A:0A80 X:0000 Y:0008 S:0131 D:0E68 DB:86 NvMXdizC V:257 H: 45 F:14
	80D540 A5 0A       LDA $0A       [000E72] A:0A80 X:0000 Y:0008 S:0131 D:0E68 DB:86 NvMXdizC V:257 H: 55 F:14
	80D542 0A          ASL A                  A:0A14 X:0000 Y:0008 S:0131 D:0E68 DB:86 nvMXdizC V:257 H: 61 F:14
	80D543 AA          TAX                    A:0A28 X:0000 Y:0008 S:0131 D:0E68 DB:86 nvMXdizc V:257 H: 64 F:14
	80D544 7C DD F8    JMP ($F8DD,X) [80F905] A:0A28 X:0028 Y:0008 S:0131 D:0E68 DB:86 nvMXdizc V:257 H: 67 F:14

	80FA15 22 44 B1 83 JSL $83B144   [83B144] A:0A28 X:0028 Y:0008 S:0131 D:0E68 DB:86 nvMXdizc V:257 H: 76 F:14

		83B144 A6 01       LDX $01       [000E69] A:0A28 X:0028 Y:0008 S:012E D:0E68 DB:86 nvMXdizc V:257 H: 90 F:14
		83B146 7C 49 B1    JMP ($B149,X) [83B14D] A:0A28 X:0004 Y:0008 S:012E D:0E68 DB:86 nvMXdizc V:257 H: 96 F:14

		83B2E8 A6 02       LDX $02       [000E6A] A:0A28 X:0004 Y:0008 S:012E D:0E68 DB:86 nvMXdizc V:257 H:105 F:14
		83B2EA FC DA B3    JSR ($B3DA,X) [83B3DC] A:0A28 X:0002 Y:0008 S:012E D:0E68 DB:86 nvMXdizc V:257 H:112 F:14

			83B69D A6 03       LDX $03       [000E6B] A:0A28 X:0002 Y:0008 S:012C D:0E68 DB:86 nvMXdizc V:257 H:125 F:14
			83B69F 7C A2 B6    JMP ($B6A2,X) [83B6A6] A:0A28 X:0004 Y:0008 S:012C D:0E68 DB:86 nvMXdizc V:257 H:131 F:14

			83B75C 22 A5 AC 84 JSL $84ACA5   [84ACA5] A:0A28 X:0004 Y:0008 S:012C D:0E68 DB:86 nvMXdizc V:257 H:150 F:14		JSL $84ACA5 --> Update Facing (40 bit)

				84ACA5 08          PHP                    A:0A28 X:0004 Y:0008 S:0129 D:0E68 DB:86 nvMXdizc V:257 H:164 F:14
				84ACA6 E2 20       SEP #$20               A:0A28 X:0004 Y:0008 S:0128 D:0E68 DB:86 nvMXdizc V:257 H:169 F:14
				84ACA8 A9 40       LDA #$40               A:0A28 X:0004 Y:0008 S:0128 D:0E68 DB:86 nvMXdizc V:257 H:173 F:14
				84ACAA 14 11       TRB $11       [000E79] A:0A40 X:0004 Y:0008 S:0128 D:0E68 DB:86 nvMXdizc V:257 H:176 F:14
				84ACAC C2 20       REP #$20               A:0A40 X:0004 Y:0008 S:0128 D:0E68 DB:86 nvMXdizc V:257 H:186 F:14
				84ACAE AD AD 0B    LDA $0BAD     [860BAD] A:0A40 X:0004 Y:0008 S:0128 D:0E68 DB:86 nvmXdizc V:257 H:191 F:14
				84ACB1 38          SEC                    A:14E8 X:0004 Y:0008 S:0128 D:0E68 DB:86 nvmXdizc V:257 H:199 F:14
				84ACB2 E5 05       SBC $05       [000E6D] A:14E8 X:0004 Y:0008 S:0128 D:0E68 DB:86 nvmXdizC V:257 H:202 F:14
				84ACB4 E2 20       SEP #$20               A:00B7 X:0004 Y:0008 S:0128 D:0E68 DB:86 nvmXdizC V:257 H:211 F:14
				84ACB6 A9 00       LDA #$00               A:00B7 X:0004 Y:0008 S:0128 D:0E68 DB:86 nvMXdizC V:257 H:215 F:14
				84ACB8 6A          ROR A                  A:0000 X:0004 Y:0008 S:0128 D:0E68 DB:86 nvMXdiZC V:257 H:218 F:14
				84ACB9 4A          LSR A                  A:0080 X:0004 Y:0008 S:0128 D:0E68 DB:86 NvMXdizc V:257 H:221 F:14
				84ACBA 04 11       TSB $11       [000E79] A:0040 X:0004 Y:0008 S:0128 D:0E68 DB:86 nvMXdizc V:257 H:224 F:14
				84ACBC 28          PLP                    A:0040 X:0004 Y:0008 S:0128 D:0E68 DB:86 nvMXdiZc V:257 H:234 F:14
				84ACBD 6B          RTL                    A:0040 X:0004 Y:0008 S:0129 D:0E68 DB:86 nvMXdizc V:257 H:241 F:14

			83B760 20 AA BA    JSR $BAAA     [83BAAA] A:0040 X:0004 Y:0008 S:012C D:0E68 DB:86 nvMXdizc V:257 H:251 F:14		JSR $83BAAA --> Decrease E-CDKnockback, Knocks Enemy back 02 pixels if Enemy is hit

				83BAAA A5 3C       LDA $3C       [000EA4] A:0040 X:0004 Y:0008 S:012A D:0E68 DB:86 nvMXdizc V:257 H:261 F:14
				83BAAC F0 1B       BEQ $001B     [83BAC9] A:0000 X:0004 Y:0008 S:012A D:0E68 DB:86 nvMXdiZc V:257 H:268 F:14
				83BAC9 60          RTS                    A:0000 X:0004 Y:0008 S:012A D:0E68 DB:86 nvMXdiZc V:257 H:272 F:14

			83B763 C6 3B       DEC $3B       [000EA3] A:0000 X:0004 Y:0008 S:012C D:0E68 DB:86 nvMXdiZc V:257 H:282 F:14		Decrease CDGuard
			83B765 D0 1C       BNE $001C     [83B783] A:0000 X:0004 Y:0008 S:012C D:0E68 DB:86 nvMXdizc V:257 H:292 F:14		Branch because CDGuard <> #$00
			83B783 60          RTS                    A:0000 X:0004 Y:0008 S:012C D:0E68 DB:86 nvMXdizc V:257 H:297 F:14		Return

		83B2ED A5 27       LDA $27       [000E8F] A:0000 X:0004 Y:0008 S:012E D:0E68 DB:86 nvMXdizc V:257 H:307 F:14
		83B2EF 85 39       STA $39       [000EA1] A:001F X:0004 Y:0008 S:012E D:0E68 DB:86 nvMXdizc V:257 H:313 F:14
		83B2F1 A5 35       LDA $35       [000E9D] A:001F X:0004 Y:0008 S:012E D:0E68 DB:86 nvMXdizc V:257 H:320 F:14
		83B2F3 04 11       TSB $11       [000E79] A:000A X:0004 Y:0008 S:012E D:0E68 DB:86 nvMXdizc V:257 H:326 F:14
		83B2F5 A5 37       LDA $37       [000E9F] A:000A X:0004 Y:0008 S:012E D:0E68 DB:86 nvMXdizc V:257 H:335 F:14
		83B2F7 30 08       BMI $0008     [83B301] A:0001 X:0004 Y:0008 S:012E D:0E68 DB:86 nvMXdizc V:258 H:  2 F:14
		83B2F9 29 01       AND #$01               A:0001 X:0004 Y:0008 S:012E D:0E68 DB:86 nvMXdizc V:258 H:  5 F:14
		83B2FB F0 0C       BEQ $000C     [83B309] A:0001 X:0004 Y:0008 S:012E D:0E68 DB:86 nvMXdizc V:258 H:  8 F:14
		83B2FD A9 00       LDA #$00               A:0001 X:0004 Y:0008 S:012E D:0E68 DB:86 nvMXdizc V:258 H: 11 F:14
		83B2FF 80 0A       BRA $000A     [83B30B] A:0000 X:0004 Y:0008 S:012E D:0E68 DB:86 nvMXdiZc V:258 H: 14 F:14
		83B30B 85 28       STA $28       [000E90] A:0000 X:0004 Y:0008 S:012E D:0E68 DB:86 nvMXdiZc V:258 H: 18 F:14
		83B30D A5 38       LDA $38       [000EA0] A:0000 X:0004 Y:0008 S:012E D:0E68 DB:86 nvMXdiZc V:258 H: 25 F:14
		83B30F F0 19       BEQ $0019     [83B32A] A:0000 X:0004 Y:0008 S:012E D:0E68 DB:86 nvMXdiZc V:258 H: 31 F:14
		83B32A 22 43 9B 84 JSL $849B43   [849B43] A:0000 X:0004 Y:0008 S:012E D:0E68 DB:86 nvMXdiZc V:258 H: 36 F:14			JSL $849B43 --> Updates CurrMMXShotData,CurrMMXShotID. Loads routine for MMXShot hitting enemy, Sets V flag if MMXShot deals damage

			849B43 C2 10       REP #$10               A:0000 X:0004 Y:0008 S:012B D:0E68 DB:86 nvMXdiZc V:258 H: 49 F:14
			849B45 A5 27       LDA $27       [000E8F] A:0000 X:0004 Y:0008 S:012B D:0E68 DB:86 nvMxdiZc V:258 H: 54 F:14
			849B47 29 7F       AND #$7F               A:001F X:0004 Y:0008 S:012B D:0E68 DB:86 nvMxdizc V:258 H: 60 F:14
			849B49 85 27       STA $27       [000E8F] A:001F X:0004 Y:0008 S:012B D:0E68 DB:86 nvMxdizc V:258 H: 63 F:14
			849B4B F0 2C       BEQ $002C     [849B79] A:001F X:0004 Y:0008 S:012B D:0E68 DB:86 nvMxdizc V:258 H: 70 F:14
			849B4D A5 30       LDA $30       [000E98] A:001F X:0004 Y:0008 S:012B D:0E68 DB:86 nvMxdizc V:258 H: 73 F:14
			849B4F D0 28       BNE $0028     [849B79] A:0000 X:0004 Y:0008 S:012B D:0E68 DB:86 nvMxdiZc V:258 H: 79 F:14
			849B51 A5 0E       LDA $0E       [000E76] A:0000 X:0004 Y:0008 S:012B D:0E68 DB:86 nvMxdiZc V:258 H: 82 F:14
			849B53 F0 24       BEQ $0024     [849B79] A:0001 X:0004 Y:0008 S:012B D:0E68 DB:86 nvMxdizc V:258 H: 89 F:14
			849B55 A2 28 12    LDX #$1228             A:0001 X:0004 Y:0008 S:012B D:0E68 DB:86 nvMxdizc V:258 H: 92 F:14
			849B58 E2 20       SEP #$20               A:0001 X:1228 Y:0008 S:012B D:0E68 DB:86 nvMxdizc V:258 H: 96 F:14
			849B5A BD 00 00    LDA $0000,X   [861228] A:0001 X:1228 Y:0008 S:012B D:0E68 DB:86 nvMxdizc V:258 H:101 F:14
			849B5D F0 0E       BEQ $000E     [849B6D] A:0001 X:1228 Y:0008 S:012B D:0E68 DB:86 nvMxdizc V:258 H:109 F:14
			849B5F BD 30 00    LDA $0030,X   [861258] A:0001 X:1228 Y:0008 S:012B D:0E68 DB:86 nvMxdizc V:258 H:112 F:14
			849B62 D0 09       BNE $0009     [849B6D] A:0000 X:1228 Y:0008 S:012B D:0E68 DB:86 nvMxdiZc V:258 H:120 F:14
			849B64 22 0E 9C 84 JSL $849C0E   [849C0E] A:0000 X:1228 Y:0008 S:012B D:0E68 DB:86 nvMxdiZc V:258 H:123 F:14

				849C0E 5A          PHY                    A:0000 X:1228 Y:0008 S:0128 D:0E68 DB:86 nvMxdiZc V:258 H:146 F:14
				849C0F A4 20       LDY $20       [000E88] A:0000 X:1228 Y:0008 S:0126 D:0E68 DB:86 nvMxdiZc V:258 H:153 F:14
				849C11 D0 03       BNE $0003     [849C16] A:0000 X:1228 Y:C94F S:0126 D:0E68 DB:86 NvMxdizc V:258 H:162 F:14
				849C16 BC 20 00    LDY $0020,X   [861248] A:0000 X:1228 Y:C94F S:0126 D:0E68 DB:86 NvMxdizc V:258 H:166 F:14
				849C19 D0 03       BNE $0003     [849C1E] A:0000 X:1228 Y:BE31 S:0126 D:0E68 DB:86 NvMxdizc V:258 H:176 F:14
				849C1E C2 20       REP #$20               A:0000 X:1228 Y:BE31 S:0126 D:0E68 DB:86 NvMxdizc V:258 H:181 F:14
				849C20 DA          PHX                    A:0000 X:1228 Y:BE31 S:0126 D:0E68 DB:86 Nvmxdizc V:258 H:185 F:14
				849C21 BD 05 00    LDA $0005,X   [86122D] A:0000 X:1228 Y:BE31 S:0124 D:0E68 DB:86 Nvmxdizc V:258 H:192 F:14
				849C24 8D 04 00    STA $0004     [860004] A:145A X:1228 Y:BE31 S:0124 D:0E68 DB:86 nvmxdizc V:258 H:202 F:14
				849C27 BD 08 00    LDA $0008,X   [861230] A:145A X:1228 Y:BE31 S:0124 D:0E68 DB:86 nvmxdizc V:258 H:211 F:14
				849C2A 8D 06 00    STA $0006     [860006] A:0A9C X:1228 Y:BE31 S:0124 D:0E68 DB:86 nvmxdizc V:258 H:221 F:14
				849C2D A5 05       LDA $05       [000E6D] A:0A9C X:1228 Y:BE31 S:0124 D:0E68 DB:86 nvmxdizc V:258 H:229 F:14
				849C2F 8D 0C 00    STA $000C     [86000C] A:1431 X:1228 Y:BE31 S:0124 D:0E68 DB:86 nvmxdizc V:258 H:238 F:14
				849C32 A5 08       LDA $08       [000E70] A:1431 X:1228 Y:BE31 S:0124 D:0E68 DB:86 nvmxdizc V:258 H:246 F:14
				849C34 8D 0E 00    STA $000E     [86000E] A:0A9D X:1228 Y:BE31 S:0124 D:0E68 DB:86 nvmxdizc V:258 H:255 F:14
				849C37 E2 20       SEP #$20               A:0A9D X:1228 Y:BE31 S:0124 D:0E68 DB:86 nvmxdizc V:258 H:263 F:14
				849C39 BD 11 00    LDA $0011,X   [861239] A:0A9D X:1228 Y:BE31 S:0124 D:0E68 DB:86 nvMxdizc V:258 H:268 F:14
				849C3C 8D 08 00    STA $0008     [860008] A:0A26 X:1228 Y:BE31 S:0124 D:0E68 DB:86 nvMxdizc V:258 H:276 F:14
				849C3F A5 11       LDA $11       [000E79] A:0A26 X:1228 Y:BE31 S:0124 D:0E68 DB:86 nvMxdizc V:258 H:282 F:14
				849C41 8D 09 00    STA $0009     [860009] A:0A6B X:1228 Y:BE31 S:0124 D:0E68 DB:86 nvMxdizc V:258 H:289 F:14
				849C44 BC 20 00    LDY $0020,X   [861248] A:0A6B X:1228 Y:BE31 S:0124 D:0E68 DB:86 nvMxdizc V:258 H:295 F:14
				849C47 A6 20       LDX $20       [000E88] A:0A6B X:1228 Y:BE31 S:0124 D:0E68 DB:86 NvMxdizc V:258 H:305 F:14
				849C49 0B          PHD                    A:0A6B X:C94F Y:BE31 S:0124 D:0E68 DB:86 NvMxdizc V:258 H:314 F:14
				849C4A F4 00 00    PEA $0000              A:0A6B X:C94F Y:BE31 S:0122 D:0E68 DB:86 NvMxdizc V:258 H:321 F:14
				849C4D 2B          PLD                    A:0A6B X:C94F Y:BE31 S:0120 D:0E68 DB:86 NvMxdizc V:258 H:328 F:14
				849C4E BD 02 00    LDA $0002,X   [86C951] A:0A6B X:C94F Y:BE31 S:0122 D:0000 DB:86 nvMxdiZc V:258 H:337 F:14
				849C51 18          CLC                    A:0A10 X:C94F Y:BE31 S:0122 D:0000 DB:86 nvMxdizc V:259 H:  4 F:14
				849C52 79 02 00    ADC $0002,Y   [86BE33] A:0A10 X:C94F Y:BE31 S:0122 D:0000 DB:86 nvMxdizc V:259 H:  7 F:14
				849C55 85 00       STA $00       [000000] A:0A26 X:C94F Y:BE31 S:0122 D:0000 DB:86 nvMxdizc V:259 H: 15 F:14
				849C57 64 01       STZ $01       [000001] A:0A26 X:C94F Y:BE31 S:0122 D:0000 DB:86 nvMxdizc V:259 H: 20 F:14
				849C59 BD 03 00    LDA $0003,X   [86C952] A:0A26 X:C94F Y:BE31 S:0122 D:0000 DB:86 nvMxdizc V:259 H: 25 F:14
				849C5C 18          CLC                    A:0A13 X:C94F Y:BE31 S:0122 D:0000 DB:86 nvMxdizc V:259 H: 32 F:14
				849C5D 79 03 00    ADC $0003,Y   [86BE34] A:0A13 X:C94F Y:BE31 S:0122 D:0000 DB:86 nvMxdizc V:259 H: 35 F:14
				849C60 85 02       STA $02       [000002] A:0A1F X:C94F Y:BE31 S:0122 D:0000 DB:86 nvMxdizc V:259 H: 43 F:14
				849C62 64 03       STZ $03       [000003] A:0A1F X:C94F Y:BE31 S:0122 D:0000 DB:86 nvMxdizc V:259 H: 48 F:14
				849C64 C2 21       REP #$21               A:0A1F X:C94F Y:BE31 S:0122 D:0000 DB:86 nvMxdizc V:259 H: 53 F:14
				849C66 B9 00 00    LDA $0000,Y   [86BE31] A:0A1F X:C94F Y:BE31 S:0122 D:0000 DB:86 nvmxdizc V:259 H: 57 F:14
				849C69 29 FF 00    AND #$00FF             A:00FB X:C94F Y:BE31 S:0122 D:0000 DB:86 nvmxdizc V:259 H: 66 F:14
				849C6C 89 80 00    BIT #$0080             A:00FB X:C94F Y:BE31 S:0122 D:0000 DB:86 nvmxdizc V:259 H: 71 F:14
				849C6F F0 03       BEQ $0003     [849C74] A:00FB X:C94F Y:BE31 S:0122 D:0000 DB:86 nvmxdizc V:259 H: 75 F:14
				849C71 09 00 FF    ORA #$FF00             A:00FB X:C94F Y:BE31 S:0122 D:0000 DB:86 nvmxdizc V:259 H: 78 F:14
				849C74 24 07       BIT $07       [000007] A:FFFB X:C94F Y:BE31 S:0122 D:0000 DB:86 Nvmxdizc V:259 H: 83 F:14
				849C76 50 04       BVC $0004     [849C7C] A:FFFB X:C94F Y:BE31 S:0122 D:0000 DB:86 nvmxdizc V:259 H: 90 F:14
				849C7C 85 0A       STA $0A       [00000A] A:FFFB X:C94F Y:BE31 S:0122 D:0000 DB:86 nvmxdizc V:259 H: 94 F:14
				849C7E 64 10       STZ $10       [000010] A:FFFB X:C94F Y:BE31 S:0122 D:0000 DB:86 nvmxdizc V:259 H:101 F:14
				849C80 BD 00 00    LDA $0000,X   [86C94F] A:FFFB X:C94F Y:BE31 S:0122 D:0000 DB:86 nvmxdizc V:259 H:108 F:14
				849C83 29 FF 00    AND #$00FF             A:FF00 X:C94F Y:BE31 S:0122 D:0000 DB:86 Nvmxdizc V:259 H:117 F:14
				849C86 89 80 00    BIT #$0080             A:0000 X:C94F Y:BE31 S:0122 D:0000 DB:86 nvmxdiZc V:259 H:122 F:14
				849C89 F0 03       BEQ $0003     [849C8E] A:0000 X:C94F Y:BE31 S:0122 D:0000 DB:86 nvmxdiZc V:259 H:126 F:14
				849C8E 24 08       BIT $08       [000008] A:0000 X:C94F Y:BE31 S:0122 D:0000 DB:86 nvmxdiZc V:259 H:131 F:14
				849C90 50 04       BVC $0004     [849C96] A:0000 X:C94F Y:BE31 S:0122 D:0000 DB:86 nVmxdiZc V:259 H:148 F:14
				849C92 49 FF FF    EOR #$FFFF             A:0000 X:C94F Y:BE31 S:0122 D:0000 DB:86 nVmxdiZc V:259 H:151 F:14
				849C95 1A          INC                    A:FFFF X:C94F Y:BE31 S:0122 D:0000 DB:86 NVmxdizc V:259 H:155 F:14
				849C96 65 0C       ADC $0C       [00000C] A:0000 X:C94F Y:BE31 S:0122 D:0000 DB:86 nVmxdiZc V:259 H:158 F:14
				849C98 38          SEC                    A:1431 X:C94F Y:BE31 S:0122 D:0000 DB:86 nvmxdizc V:259 H:165 F:14
				849C99 E5 04       SBC $04       [000004] A:1431 X:C94F Y:BE31 S:0122 D:0000 DB:86 nvmxdizC V:259 H:168 F:14
				849C9B 38          SEC                    A:FFD7 X:C94F Y:BE31 S:0122 D:0000 DB:86 Nvmxdizc V:259 H:175 F:14
				849C9C E5 0A       SBC $0A       [00000A] A:FFD7 X:C94F Y:BE31 S:0122 D:0000 DB:86 NvmxdizC V:259 H:178 F:14
				849C9E 10 06       BPL $0006     [849CA6] A:FFDC X:C94F Y:BE31 S:0122 D:0000 DB:86 Nvmxdizc V:259 H:185 F:14
				849CA0 C6 10       DEC $10       [000010] A:FFDC X:C94F Y:BE31 S:0122 D:0000 DB:86 Nvmxdizc V:259 H:188 F:14
				849CA2 49 FF FF    EOR #$FFFF             A:FFDC X:C94F Y:BE31 S:0122 D:0000 DB:86 Nvmxdizc V:259 H:201 F:14
				849CA5 1A          INC                    A:0023 X:C94F Y:BE31 S:0122 D:0000 DB:86 nvmxdizc V:259 H:205 F:14
				849CA6 85 04       STA $04       [000004] A:0024 X:C94F Y:BE31 S:0122 D:0000 DB:86 nvmxdizc V:259 H:208 F:14
				849CA8 A5 00       LDA $00       [000000] A:0024 X:C94F Y:BE31 S:0122 D:0000 DB:86 nvmxdizc V:259 H:215 F:14
				849CAA 38          SEC                    A:0026 X:C94F Y:BE31 S:0122 D:0000 DB:86 nvmxdizc V:259 H:222 F:14
				849CAB E5 04       SBC $04       [000004] A:0026 X:C94F Y:BE31 S:0122 D:0000 DB:86 nvmxdizC V:259 H:225 F:14
				849CAD 1A          INC                    A:0002 X:C94F Y:BE31 S:0122 D:0000 DB:86 nvmxdizC V:259 H:232 F:14
				849CAE 85 04       STA $04       [000004] A:0003 X:C94F Y:BE31 S:0122 D:0000 DB:86 nvmxdizC V:259 H:235 F:14
				849CB0 24 0F       BIT $0F       [00000F] A:0003 X:C94F Y:BE31 S:0122 D:0000 DB:86 nvmxdizC V:259 H:242 F:14
				849CB2 30 04       BMI $0004     [849CB8] A:0003 X:C94F Y:BE31 S:0122 D:0000 DB:86 NVmxdizC V:259 H:249 F:14
				849CB8 85 00       STA $00       [000000] A:0003 X:C94F Y:BE31 S:0122 D:0000 DB:86 NVmxdizC V:259 H:254 F:14
				849CBA 90 45       BCC $0045     [849D01] A:0003 X:C94F Y:BE31 S:0122 D:0000 DB:86 NVmxdizC V:259 H:261 F:14
				849CBC B9 01 00    LDA $0001,Y   [86BE32] A:0003 X:C94F Y:BE31 S:0122 D:0000 DB:86 NVmxdizC V:259 H:264 F:14
				849CBF 29 FF 00    AND #$00FF             A:1600 X:C94F Y:BE31 S:0122 D:0000 DB:86 nVmxdizC V:259 H:273 F:14
				849CC2 89 80 00    BIT #$0080             A:0000 X:C94F Y:BE31 S:0122 D:0000 DB:86 nVmxdiZC V:259 H:277 F:14
				849CC5 F0 03       BEQ $0003     [849CCA] A:0000 X:C94F Y:BE31 S:0122 D:0000 DB:86 nVmxdiZC V:259 H:282 F:14
				849CCA 85 0A       STA $0A       [00000A] A:0000 X:C94F Y:BE31 S:0122 D:0000 DB:86 nVmxdiZC V:259 H:286 F:14
				849CCC 64 10       STZ $10       [000010] A:0000 X:C94F Y:BE31 S:0122 D:0000 DB:86 nVmxdiZC V:259 H:293 F:14
				849CCE BD 01 00    LDA $0001,X   [86C950] A:0000 X:C94F Y:BE31 S:0122 D:0000 DB:86 nVmxdiZC V:259 H:300 F:14
				849CD1 29 FF 00    AND #$00FF             A:10FF X:C94F Y:BE31 S:0122 D:0000 DB:86 nVmxdizC V:259 H:309 F:14
				849CD4 89 80 00    BIT #$0080             A:00FF X:C94F Y:BE31 S:0122 D:0000 DB:86 nVmxdizC V:259 H:314 F:14
				849CD7 F0 03       BEQ $0003     [849CDC] A:00FF X:C94F Y:BE31 S:0122 D:0000 DB:86 nVmxdizC V:259 H:318 F:14
				849CD9 09 00 FF    ORA #$FF00             A:00FF X:C94F Y:BE31 S:0122 D:0000 DB:86 nVmxdizC V:259 H:321 F:14
				849CDC 18          CLC                    A:FFFF X:C94F Y:BE31 S:0122 D:0000 DB:86 NVmxdizC V:259 H:325 F:14
				849CDD 65 0E       ADC $0E       [00000E] A:FFFF X:C94F Y:BE31 S:0122 D:0000 DB:86 NVmxdizc V:259 H:328 F:14
				849CDF 38          SEC                    A:0A9C X:C94F Y:BE31 S:0122 D:0000 DB:86 nvmxdizC V:259 H:335 F:14
				849CE0 E5 06       SBC $06       [000006] A:0A9C X:C94F Y:BE31 S:0122 D:0000 DB:86 nvmxdizC V:259 H:338 F:14
				849CE2 38          SEC                    A:0000 X:C94F Y:BE31 S:0122 D:0000 DB:86 nvmxdiZC V:260 H:  5 F:14
				849CE3 E5 0A       SBC $0A       [00000A] A:0000 X:C94F Y:BE31 S:0122 D:0000 DB:86 nvmxdiZC V:260 H:  8 F:14
				849CE5 10 06       BPL $0006     [849CED] A:0000 X:C94F Y:BE31 S:0122 D:0000 DB:86 nvmxdiZC V:260 H: 15 F:14
				849CED 85 06       STA $06       [000006] A:0000 X:C94F Y:BE31 S:0122 D:0000 DB:86 nvmxdiZC V:260 H: 19 F:14
				849CEF A5 02       LDA $02       [000002] A:0000 X:C94F Y:BE31 S:0122 D:0000 DB:86 nvmxdiZC V:260 H: 26 F:14
				849CF1 38          SEC                    A:001F X:C94F Y:BE31 S:0122 D:0000 DB:86 nvmxdizC V:260 H: 33 F:14
				849CF2 E5 06       SBC $06       [000006] A:001F X:C94F Y:BE31 S:0122 D:0000 DB:86 nvmxdizC V:260 H: 36 F:14
				849CF4 1A          INC                    A:001F X:C94F Y:BE31 S:0122 D:0000 DB:86 nvmxdizC V:260 H: 43 F:14
				849CF5 85 06       STA $06       [000006] A:0020 X:C94F Y:BE31 S:0122 D:0000 DB:86 nvmxdizC V:260 H: 46 F:14
				849CF7 24 0F       BIT $0F       [00000F] A:0020 X:C94F Y:BE31 S:0122 D:0000 DB:86 nvmxdizC V:260 H: 53 F:14
				849CF9 30 04       BMI $0004     [849CFF] A:0020 X:C94F Y:BE31 S:0122 D:0000 DB:86 nvmxdiZC V:260 H: 60 F:14
				849CFB 49 FF FF    EOR #$FFFF             A:0020 X:C94F Y:BE31 S:0122 D:0000 DB:86 nvmxdiZC V:260 H: 63 F:14
				849CFE 1A          INC                    A:FFDF X:C94F Y:BE31 S:0122 D:0000 DB:86 NvmxdizC V:260 H: 68 F:14
				849CFF 85 02       STA $02       [000002] A:FFE0 X:C94F Y:BE31 S:0122 D:0000 DB:86 NvmxdizC V:260 H: 71 F:14
				849D01 E2 20       SEP #$20               A:FFE0 X:C94F Y:BE31 S:0122 D:0000 DB:86 NvmxdizC V:260 H: 78 F:14
				849D03 2B          PLD                    A:FFE0 X:C94F Y:BE31 S:0122 D:0000 DB:86 NvMxdizC V:260 H: 82 F:14
				849D04 FA          PLX                    A:FFE0 X:C94F Y:BE31 S:0124 D:0E68 DB:86 nvMxdizC V:260 H: 91 F:14
				849D05 7A          PLY                    A:FFE0 X:1228 Y:BE31 S:0126 D:0E68 DB:86 nvMxdizC V:260 H: 99 F:14
				849D06 6B          RTL                    A:FFE0 X:1228 Y:0008 S:0128 D:0E68 DB:86 nvMxdizC V:260 H:108 F:14

			849B68 90 03       BCC $0003     [849B6D] A:FFE0 X:1228 Y:0008 S:012B D:0E68 DB:86 nvMxdizC V:260 H:118 F:14
			849B6A 4C 15 9E    JMP $9E15     [849E15] A:FFE0 X:1228 Y:0008 S:012B D:0E68 DB:86 nvMxdizC V:260 H:121 F:14

			849E15 C2 20       REP #$20               A:FFE0 X:1228 Y:0008 S:012B D:0E68 DB:86 nvMxdizC V:260 H:126 F:14
			849E17 8E 1E 1F    STX $1F1E     [861F1E] A:FFE0 X:1228 Y:0008 S:012B D:0E68 DB:86 nvmxdizC V:260 H:130 F:14		CurrMMXShotData = X
			849E1A BD 0A 00    LDA $000A,X   [861232] A:FFE0 X:1228 Y:0008 S:012B D:0E68 DB:86 nvmxdizC V:260 H:149 F:14
			849E1D 29 FF 00    AND #$00FF             A:0001 X:1228 Y:0008 S:012B D:0E68 DB:86 nvmxdizC V:260 H:159 F:14		
			849E20 8D 00 00    STA $0000     [860000] A:0001 X:1228 Y:0008 S:012B D:0E68 DB:86 nvmxdizC V:260 H:163 F:14		$0000 = MS-ID
			849E23 A5 28       LDA $28       [000E90] A:0001 X:1228 Y:0008 S:012B D:0E68 DB:86 nvmxdizC V:260 H:172 F:14
			849E25 29 FF 00    AND #$00FF             A:0000 X:1228 Y:0008 S:012B D:0E68 DB:86 nvmxdiZC V:260 H:180 F:14
			849E28 0A          ASL A                  A:0000 X:1228 Y:0008 S:012B D:0E68 DB:86 nvmxdiZC V:260 H:185 F:14
			849E29 A8          TAY                    A:0000 X:1228 Y:0008 S:012B D:0E68 DB:86 nvmxdiZc V:260 H:188 F:14		Y = E-DamageState*2 = #$00*2 = #$00
			849E2A B9 37 EF    LDA $EF37,Y   [86EF37] A:0000 X:1228 Y:0000 S:012B D:0E68 DB:86 nvmxdiZc V:260 H:191 F:14
			849E2D 18          CLC                    A:0082 X:1228 Y:0000 S:012B D:0E68 DB:86 nvmxdizc V:260 H:200 F:14		|Y = [$86EF37, E-DamageState*2] + MS-ID --> Pointer for damage table
			849E2E 6D 00 00    ADC $0000     [860000] A:0082 X:1228 Y:0000 S:012B D:0E68 DB:86 nvmxdizc V:260 H:203 F:14		|  = [$86EF37] + MS-ID
			849E31 A8          TAY                    A:0083 X:1228 Y:0000 S:012B D:0E68 DB:86 nvmxdizc V:260 H:211 F:14		|  = #$0082 + #$0001 = #$0083
			849E32 E2 20       SEP #$20               A:0083 X:1228 Y:0083 S:012B D:0E68 DB:86 nvmxdizc V:260 H:214 F:14
			849E34 9C 05 00    STZ $0005     [860005] A:0083 X:1228 Y:0083 S:012B D:0E68 DB:86 nvMxdizc V:260 H:219 F:14		$0005 = #$00
			849E37 AD 00 00    LDA $0000     [860000] A:0083 X:1228 Y:0083 S:012B D:0E68 DB:86 nvMxdizc V:260 H:225 F:14
			849E3A 8D 1D 1F    STA $1F1D     [861F1D] A:0001 X:1228 Y:0083 S:012B D:0E68 DB:86 nvMxdizc V:260 H:232 F:14		CurrMMXShotID = MS-ID
			849E3D A9 01       LDA #$01               A:0001 X:1228 Y:0083 S:012B D:0E68 DB:86 nvMxdizc V:260 H:238 F:14
			849E3F 8D 04 00    STA $0004     [860004] A:0001 X:1228 Y:0083 S:012B D:0E68 DB:86 nvMxdizc V:260 H:241 F:14		$0004 = #$01
			849E42 A9 00       LDA #$00               A:0001 X:1228 Y:0083 S:012B D:0E68 DB:86 nvMxdizc V:260 H:248 F:14
			849E44 EB          XBA                    A:0000 X:1228 Y:0083 S:012B D:0E68 DB:86 nvMxdiZc V:260 H:251 F:14
			849E45 B9 37 EF    LDA $EF37,Y   [86EFBA] A:0000 X:1228 Y:0083 S:012B D:0E68 DB:86 nvMxdiZc V:260 H:255 F:14		A = [$86EF37,Y] = [$86EFBA] = #$80 --> Damage dealt
			849E48 10 0E       BPL $000E     [849E58] A:0080 X:1228 Y:0083 S:012B D:0E68 DB:86 NvMxdizc V:260 H:263 F:14		Branch because A is not positive
			849E4A 8E 00 00    STX $0000     [860000] A:0080 X:1228 Y:0083 S:012B D:0E68 DB:86 NvMxdizc V:260 H:266 F:14		$0000 = CurrMMXShotData
			849E4D 29 7F       AND #$7F               A:0080 X:1228 Y:0083 S:012B D:0E68 DB:86 NvMxdizc V:260 H:274 F:14
			849E4F AA          TAX                    A:0000 X:1228 Y:0083 S:012B D:0E68 DB:86 nvMxdiZc V:260 H:277 F:14		X = A AND #$7F = #$00
			849E50 FC EA 9E    JSR ($9EEA,X) [849EEA] A:0000 X:0000 Y:0083 S:012B D:0E68 DB:86 nvMxdiZc V:260 H:280 F:14		JSR ($849EEA,X)

				849EEE AE 00 00    LDX $0000     [860000] A:0000 X:0000 Y:0083 S:0129 D:0E68 DB:86 nvMxdiZc V:260 H:293 F:14	X = $0000 = CurrMMXShotData
				849EF1 A9 04       LDA #$04               A:0000 X:1228 Y:0083 S:0129 D:0E68 DB:86 nvMxdizc V:260 H:302 F:14
				849EF3 9D 01 00    STA $0001,X   [861229] A:0004 X:1228 Y:0083 S:0129 D:0E68 DB:86 nvMxdizc V:260 H:305 F:14	MS-State = #$04
				849EF6 9E 02 00    STZ $0002,X   [86122A] A:0004 X:1228 Y:0083 S:0129 D:0E68 DB:86 nvMxdizc V:260 H:313 F:14	MS-Action = #$00
				849EF9 BD 0A 00    LDA $000A,X   [861232] A:0004 X:1228 Y:0083 S:0129 D:0E68 DB:86 nvMxdizc V:260 H:321 F:14
				849EFC C9 1D       CMP #$1D               A:0001 X:1228 Y:0083 S:0129 D:0E68 DB:86 nvMxdizc V:260 H:328 F:14
				849EFE F0 03       BEQ $0003     [849F03] A:0001 X:1228 Y:0083 S:0129 D:0E68 DB:86 NvMxdizc V:260 H:331 F:14	Branch if MS-ID = #$1D
				849F00 FE 30 00    INC $0030,X   [861258] A:0001 X:1228 Y:0083 S:0129 D:0E68 DB:86 NvMxdizc V:260 H:334 F:14	Increase MS-$30
				849F03 9C 04 00    STZ $0004     [860004] A:0001 X:1228 Y:0083 S:0129 D:0E68 DB:86 nvMxdizc V:261 H:  5 F:14	$0004 = #$00
				849F06 EE 05 00    INC $0005     [860005] A:0001 X:1228 Y:0083 S:0129 D:0E68 DB:86 nvMxdizc V:261 H: 12 F:14	Increase $0005
				849F09 A9 10       LDA #$10               A:0001 X:1228 Y:0083 S:0129 D:0E68 DB:86 nvMxdizc V:261 H: 22 F:14
				849F0B 22 A2 88 80 JSL $8088A2   [8088A2] A:0010 X:1228 Y:0083 S:0129 D:0E68 DB:86 nvMxdizc V:261 H: 25 F:14	JSL $8088A2 --> Play Sound Effect (A = Sound Effect ID)

					8088A2 DA          PHX                    A:0010 X:1228 Y:0083 S:0126 D:0E68 DB:86 nvMxdizc V:261 H: 38 F:14
					8088A3 5A          PHY                    A:0010 X:1228 Y:0083 S:0124 D:0E68 DB:86 nvMxdizc V:261 H: 45 F:14
					8088A4 08          PHP                    A:0010 X:1228 Y:0083 S:0122 D:0E68 DB:86 nvMxdizc V:261 H: 52 F:14
					8088A5 C2 20       REP #$20               A:0010 X:1228 Y:0083 S:0121 D:0E68 DB:86 nvMxdizc V:261 H: 57 F:14
					8088A7 E2 10       SEP #$10               A:0010 X:1228 Y:0083 S:0121 D:0E68 DB:86 nvmxdizc V:261 H: 62 F:14
					8088A9 48          PHA                    A:0010 X:0028 Y:0083 S:0121 D:0E68 DB:86 nvmXdizc V:261 H: 66 F:14
					8088AA A5 05       LDA $05       [000E6D] A:0010 X:0028 Y:0083 S:011F D:0E68 DB:86 nvmXdizc V:261 H: 73 F:14
					8088AC 38          SEC                    A:1431 X:0028 Y:0083 S:011F D:0E68 DB:86 nvmXdizc V:261 H: 82 F:14
					8088AD ED AD 0B    SBC $0BAD     [860BAD] A:1431 X:0028 Y:0083 S:011F D:0E68 DB:86 nvmXdizC V:261 H: 85 F:14
					8088B0 10 0E       BPL $000E     [8088C0] A:FF49 X:0028 Y:0083 S:011F D:0E68 DB:86 NvmXdizc V:261 H: 93 F:14
					8088B2 4A          LSR A                  A:FF49 X:0028 Y:0083 S:011F D:0E68 DB:86 NvmXdizc V:261 H: 96 F:14
					8088B3 09 00 80    ORA #$8000             A:7FA4 X:0028 Y:0083 S:011F D:0E68 DB:86 nvmXdizC V:261 H: 99 F:14
					8088B6 C9 81 FF    CMP #$FF81             A:FFA4 X:0028 Y:0083 S:011F D:0E68 DB:86 NvmXdizC V:261 H:104 F:14
					8088B9 10 0E       BPL $000E     [8088C9] A:FFA4 X:0028 Y:0083 S:011F D:0E68 DB:86 nvmXdizC V:261 H:108 F:14
					8088C9 A8          TAY                    A:FFA4 X:0028 Y:0083 S:011F D:0E68 DB:86 nvmXdizC V:261 H:113 F:14
					8088CA 68          PLA                    A:FFA4 X:0028 Y:00A4 S:011F D:0E68 DB:86 NvmXdizC V:261 H:116 F:14
					8088CB 80 07       BRA $0007     [8088D4] A:0010 X:0028 Y:00A4 S:0121 D:0E68 DB:86 nvmXdizC V:261 H:124 F:14
					8088D4 E2 31       SEP #$31               A:0010 X:0028 Y:00A4 S:0121 D:0E68 DB:86 nvmXdizC V:261 H:129 F:14
					8088D6 AE A3 0B    LDX $0BA3     [860BA3] A:0010 X:0028 Y:00A4 S:0121 D:0E68 DB:86 nvMXdizC V:261 H:133 F:14
					8088D9 9D 72 0B    STA $0B72,X   [860B7A] A:0010 X:0008 Y:00A4 S:0121 D:0E68 DB:86 nvMXdizC V:261 H:150 F:14
					8088DC 98          TYA                    A:0010 X:0008 Y:00A4 S:0121 D:0E68 DB:86 nvMXdizC V:261 H:158 F:14
					8088DD 9D 73 0B    STA $0B73,X   [860B7B] A:00A4 X:0008 Y:00A4 S:0121 D:0E68 DB:86 NvMXdizC V:261 H:161 F:14
					8088E0 E8          INX                    A:00A4 X:0008 Y:00A4 S:0121 D:0E68 DB:86 NvMXdizC V:261 H:169 F:14
					8088E1 E8          INX                    A:00A4 X:0009 Y:00A4 S:0121 D:0E68 DB:86 nvMXdizC V:261 H:172 F:14
					8088E2 8A          TXA                    A:00A4 X:000A Y:00A4 S:0121 D:0E68 DB:86 nvMXdizC V:261 H:175 F:14
					8088E3 29 1E       AND #$1E               A:000A X:000A Y:00A4 S:0121 D:0E68 DB:86 nvMXdizC V:261 H:178 F:14
					8088E5 8D A3 0B    STA $0BA3     [860BA3] A:000A X:000A Y:00A4 S:0121 D:0E68 DB:86 nvMXdizC V:261 H:181 F:14
					8088E8 28          PLP                    A:000A X:000A Y:00A4 S:0121 D:0E68 DB:86 nvMXdizC V:261 H:187 F:14
					8088E9 7A          PLY                    A:000A X:000A Y:00A4 S:0122 D:0E68 DB:86 nvMxdizc V:261 H:194 F:14
					8088EA FA          PLX                    A:000A X:000A Y:0083 S:0124 D:0E68 DB:86 nvMxdizc V:261 H:202 F:14
					8088EB 6B          RTL                    A:000A X:1228 Y:0083 S:0126 D:0E68 DB:86 nvMxdizc V:261 H:211 F:14

				849F0F 60          RTS                    A:000A X:1228 Y:0083 S:0129 D:0E68 DB:86 nvMxdizc V:261 H:221 F:14	Return

			849E53 AE 00 00    LDX $0000     [860000] A:000A X:1228 Y:0083 S:012B D:0E68 DB:86 nvMxdizc V:261 H:231 F:14		X = $0000 = CurrMMXShotData
			849E56 80 51       BRA $0051     [849EA9] A:000A X:1228 Y:0083 S:012B D:0E68 DB:86 nvMxdizc V:261 H:240 F:14
			849EA9 A9 00       LDA #$00               A:000A X:1228 Y:0083 S:012B D:0E68 DB:86 nvMxdizc V:261 H:244 F:14
			849EAB 8D 1B 1F    STA $1F1B     [861F1B] A:0000 X:1228 Y:0083 S:012B D:0E68 DB:86 nvMxdiZc V:261 H:247 F:14		CurrMMXShotFac = Left
			849EAE BC 1A 00    LDY $001A,X   [861242] A:0000 X:1228 Y:0083 S:012B D:0E68 DB:86 nvMxdiZc V:261 H:254 F:14		Y = MS-X-Vel
			849EB1 F0 09       BEQ $0009     [849EBC] A:0000 X:1228 Y:FA00 S:012B D:0E68 DB:86 NvMxdizc V:261 H:264 F:14		Branch if MS-X-Vel = #$00
			849EB3 10 10       BPL $0010     [849EC5] A:0000 X:1228 Y:FA00 S:012B D:0E68 DB:86 NvMxdizc V:261 H:267 F:14		Branch if MS-X-Vel is positive
			849EB5 A9 40       LDA #$40               A:0000 X:1228 Y:FA00 S:012B D:0E68 DB:86 NvMxdizc V:261 H:270 F:14		
			849EB7 8D 1B 1F    STA $1F1B     [861F1B] A:0040 X:1228 Y:FA00 S:012B D:0E68 DB:86 nvMxdizc V:261 H:273 F:14		CurrMMXShotFac = Right
			849EBA 80 09       BRA $0009     [849EC5] A:0040 X:1228 Y:FA00 S:012B D:0E68 DB:86 nvMxdizc V:261 H:279 F:14
			849EC5 AD 04 00    LDA $0004     [860004] A:0040 X:1228 Y:FA00 S:012B D:0E68 DB:86 nvMxdizc V:261 H:284 F:14
			849EC8 48          PHA                    A:0000 X:1228 Y:FA00 S:012B D:0E68 DB:86 nvMxdiZc V:261 H:290 F:14		Push A = $0004 = #$00
			849EC9 AD 05 00    LDA $0005     [860005] A:0000 X:1228 Y:FA00 S:012A D:0E68 DB:86 nvMxdiZc V:261 H:295 F:14
			849ECC 48          PHA                    A:0001 X:1228 Y:FA00 S:012A D:0E68 DB:86 nvMxdizc V:261 H:302 F:14		Push A = $0005 = #$01
			849ECD DA          PHX                    A:0001 X:1228 Y:FA00 S:0129 D:0E68 DB:86 nvMxdizc V:261 H:307 F:14		Push X = MMXShotData
			849ECE 22 4E A5 84 JSL $84A54E   [84A54E] A:0001 X:1228 Y:FA00 S:0127 D:0E68 DB:86 nvMxdizc V:261 H:314 F:14		JSL $84A5AE --> ???? Compares MX-Hitbox and E-Hitbox

				84A54E 08          PHP                    A:0001 X:1228 Y:FA00 S:0124 D:0E68 DB:86 nvMxdizc V:261 H:327 F:14
				84A54F E2 20       SEP #$20               A:0001 X:1228 Y:FA00 S:0123 D:0E68 DB:86 nvMxdizc V:261 H:331 F:14
				84A551 22 0E 9C 84 JSL $849C0E   [849C0E] A:0001 X:1228 Y:FA00 S:0123 D:0E68 DB:86 nvMxdizc V:261 H:336 F:14

					849C0E 5A          PHY                    A:0001 X:1228 Y:FA00 S:0120 D:0E68 DB:86 nvMxdizc V:  0 H:  9 F:15
					849C0F A4 20       LDY $20       [000E88] A:0001 X:1228 Y:FA00 S:011E D:0E68 DB:86 nvMxdizc V:  0 H: 16 F:15
					849C11 D0 03       BNE $0003     [849C16] A:0001 X:1228 Y:C94F S:011E D:0E68 DB:86 NvMxdizc V:  0 H: 25 F:15
					849C16 BC 20 00    LDY $0020,X   [861248] A:0001 X:1228 Y:C94F S:011E D:0E68 DB:86 NvMxdizc V:  0 H: 29 F:15
					849C19 D0 03       BNE $0003     [849C1E] A:0001 X:1228 Y:BE31 S:011E D:0E68 DB:86 NvMxdizc V:  0 H: 39 F:15
					849C1E C2 20       REP #$20               A:0001 X:1228 Y:BE31 S:011E D:0E68 DB:86 NvMxdizc V:  0 H: 44 F:15
					849C20 DA          PHX                    A:0001 X:1228 Y:BE31 S:011E D:0E68 DB:86 Nvmxdizc V:  0 H: 48 F:15
					849C21 BD 05 00    LDA $0005,X   [86122D] A:0001 X:1228 Y:BE31 S:011C D:0E68 DB:86 Nvmxdizc V:  0 H: 55 F:15
					849C24 8D 04 00    STA $0004     [860004] A:145A X:1228 Y:BE31 S:011C D:0E68 DB:86 nvmxdizc V:  0 H: 65 F:15
					849C27 BD 08 00    LDA $0008,X   [861230] A:145A X:1228 Y:BE31 S:011C D:0E68 DB:86 nvmxdizc V:  0 H: 74 F:15
					849C2A 8D 06 00    STA $0006     [860006] A:0A9C X:1228 Y:BE31 S:011C D:0E68 DB:86 nvmxdizc V:  0 H: 84 F:15
					849C2D A5 05       LDA $05       [000E6D] A:0A9C X:1228 Y:BE31 S:011C D:0E68 DB:86 nvmxdizc V:  0 H: 92 F:15
					849C2F 8D 0C 00    STA $000C     [86000C] A:1431 X:1228 Y:BE31 S:011C D:0E68 DB:86 nvmxdizc V:  0 H:101 F:15
					849C32 A5 08       LDA $08       [000E70] A:1431 X:1228 Y:BE31 S:011C D:0E68 DB:86 nvmxdizc V:  0 H:109 F:15
					849C34 8D 0E 00    STA $000E     [86000E] A:0A9D X:1228 Y:BE31 S:011C D:0E68 DB:86 nvmxdizc V:  0 H:118 F:15
					849C37 E2 20       SEP #$20               A:0A9D X:1228 Y:BE31 S:011C D:0E68 DB:86 nvmxdizc V:  0 H:126 F:15
					849C39 BD 11 00    LDA $0011,X   [861239] A:0A9D X:1228 Y:BE31 S:011C D:0E68 DB:86 nvMxdizc V:  0 H:131 F:15
					849C3C 8D 08 00    STA $0008     [860008] A:0A26 X:1228 Y:BE31 S:011C D:0E68 DB:86 nvMxdizc V:  0 H:149 F:15
					849C3F A5 11       LDA $11       [000E79] A:0A26 X:1228 Y:BE31 S:011C D:0E68 DB:86 nvMxdizc V:  0 H:155 F:15
					849C41 8D 09 00    STA $0009     [860009] A:0A6B X:1228 Y:BE31 S:011C D:0E68 DB:86 nvMxdizc V:  0 H:162 F:15
					849C44 BC 20 00    LDY $0020,X   [861248] A:0A6B X:1228 Y:BE31 S:011C D:0E68 DB:86 nvMxdizc V:  0 H:168 F:15
					849C47 A6 20       LDX $20       [000E88] A:0A6B X:1228 Y:BE31 S:011C D:0E68 DB:86 NvMxdizc V:  0 H:178 F:15
					849C49 0B          PHD                    A:0A6B X:C94F Y:BE31 S:011C D:0E68 DB:86 NvMxdizc V:  0 H:187 F:15
					849C4A F4 00 00    PEA $0000              A:0A6B X:C94F Y:BE31 S:011A D:0E68 DB:86 NvMxdizc V:  0 H:194 F:15
					849C4D 2B          PLD                    A:0A6B X:C94F Y:BE31 S:0118 D:0E68 DB:86 NvMxdizc V:  0 H:202 F:15
					849C4E BD 02 00    LDA $0002,X   [86C951] A:0A6B X:C94F Y:BE31 S:011A D:0000 DB:86 nvMxdiZc V:  0 H:211 F:15
					849C51 18          CLC                    A:0A10 X:C94F Y:BE31 S:011A D:0000 DB:86 nvMxdizc V:  0 H:218 F:15
					849C52 79 02 00    ADC $0002,Y   [86BE33] A:0A10 X:C94F Y:BE31 S:011A D:0000 DB:86 nvMxdizc V:  0 H:221 F:15
					849C55 85 00       STA $00       [000000] A:0A26 X:C94F Y:BE31 S:011A D:0000 DB:86 nvMxdizc V:  0 H:229 F:15
					849C57 64 01       STZ $01       [000001] A:0A26 X:C94F Y:BE31 S:011A D:0000 DB:86 nvMxdizc V:  0 H:234 F:15
					849C59 BD 03 00    LDA $0003,X   [86C952] A:0A26 X:C94F Y:BE31 S:011A D:0000 DB:86 nvMxdizc V:  0 H:239 F:15
					849C5C 18          CLC                    A:0A13 X:C94F Y:BE31 S:011A D:0000 DB:86 nvMxdizc V:  0 H:246 F:15
					849C5D 79 03 00    ADC $0003,Y   [86BE34] A:0A13 X:C94F Y:BE31 S:011A D:0000 DB:86 nvMxdizc V:  0 H:249 F:15
					849C60 85 02       STA $02       [000002] A:0A1F X:C94F Y:BE31 S:011A D:0000 DB:86 nvMxdizc V:  0 H:257 F:15
					849C62 64 03       STZ $03       [000003] A:0A1F X:C94F Y:BE31 S:011A D:0000 DB:86 nvMxdizc V:  0 H:262 F:15
					849C64 C2 21       REP #$21               A:0A1F X:C94F Y:BE31 S:011A D:0000 DB:86 nvMxdizc V:  0 H:267 F:15
					849C66 B9 00 00    LDA $0000,Y   [86BE31] A:0A1F X:C94F Y:BE31 S:011A D:0000 DB:86 nvmxdizc V:  0 H:271 F:15
					849C69 29 FF 00    AND #$00FF             A:00FB X:C94F Y:BE31 S:011A D:0000 DB:86 nvmxdizc V:  0 H:280 F:15
					849C6C 89 80 00    BIT #$0080             A:00FB X:C94F Y:BE31 S:011A D:0000 DB:86 nvmxdizc V:  0 H:285 F:15
					849C6F F0 03       BEQ $0003     [849C74] A:00FB X:C94F Y:BE31 S:011A D:0000 DB:86 nvmxdizc V:  0 H:289 F:15
					849C71 09 00 FF    ORA #$FF00             A:00FB X:C94F Y:BE31 S:011A D:0000 DB:86 nvmxdizc V:  0 H:292 F:15
					849C74 24 07       BIT $07       [000007] A:FFFB X:C94F Y:BE31 S:011A D:0000 DB:86 Nvmxdizc V:  0 H:297 F:15
					849C76 50 04       BVC $0004     [849C7C] A:FFFB X:C94F Y:BE31 S:011A D:0000 DB:86 nvmxdizc V:  0 H:304 F:15
					849C7C 85 0A       STA $0A       [00000A] A:FFFB X:C94F Y:BE31 S:011A D:0000 DB:86 nvmxdizc V:  0 H:308 F:15
					849C7E 64 10       STZ $10       [000010] A:FFFB X:C94F Y:BE31 S:011A D:0000 DB:86 nvmxdizc V:  0 H:315 F:15
					849C80 BD 00 00    LDA $0000,X   [86C94F] A:FFFB X:C94F Y:BE31 S:011A D:0000 DB:86 nvmxdizc V:  0 H:322 F:15
					849C83 29 FF 00    AND #$00FF             A:FF00 X:C94F Y:BE31 S:011A D:0000 DB:86 Nvmxdizc V:  0 H:330 F:15
					849C86 89 80 00    BIT #$0080             A:0000 X:C94F Y:BE31 S:011A D:0000 DB:86 nvmxdiZc V:  0 H:335 F:15
					849C89 F0 03       BEQ $0003     [849C8E] A:0000 X:C94F Y:BE31 S:011A D:0000 DB:86 nvmxdiZc V:  0 H:339 F:15
					849C8E 24 08       BIT $08       [000008] A:0000 X:C94F Y:BE31 S:011A D:0000 DB:86 nvmxdiZc V:  1 H:  4 F:15
					849C90 50 04       BVC $0004     [849C96] A:0000 X:C94F Y:BE31 S:011A D:0000 DB:86 nVmxdiZc V:  1 H: 11 F:15
					849C92 49 FF FF    EOR #$FFFF             A:0000 X:C94F Y:BE31 S:011A D:0000 DB:86 nVmxdiZc V:  1 H: 14 F:15
					849C95 1A          INC                    A:FFFF X:C94F Y:BE31 S:011A D:0000 DB:86 NVmxdizc V:  1 H: 18 F:15
					849C96 65 0C       ADC $0C       [00000C] A:0000 X:C94F Y:BE31 S:011A D:0000 DB:86 nVmxdiZc V:  1 H: 21 F:15
					849C98 38          SEC                    A:1431 X:C94F Y:BE31 S:011A D:0000 DB:86 nvmxdizc V:  1 H: 28 F:15
					849C99 E5 04       SBC $04       [000004] A:1431 X:C94F Y:BE31 S:011A D:0000 DB:86 nvmxdizC V:  1 H: 31 F:15
					849C9B 38          SEC                    A:FFD7 X:C94F Y:BE31 S:011A D:0000 DB:86 Nvmxdizc V:  1 H: 38 F:15
					849C9C E5 0A       SBC $0A       [00000A] A:FFD7 X:C94F Y:BE31 S:011A D:0000 DB:86 NvmxdizC V:  1 H: 41 F:15
					849C9E 10 06       BPL $0006     [849CA6] A:FFDC X:C94F Y:BE31 S:011A D:0000 DB:86 Nvmxdizc V:  1 H: 48 F:15
					849CA0 C6 10       DEC $10       [000010] A:FFDC X:C94F Y:BE31 S:011A D:0000 DB:86 Nvmxdizc V:  1 H: 51 F:15
					849CA2 49 FF FF    EOR #$FFFF             A:FFDC X:C94F Y:BE31 S:011A D:0000 DB:86 Nvmxdizc V:  1 H: 64 F:15
					849CA5 1A          INC                    A:0023 X:C94F Y:BE31 S:011A D:0000 DB:86 nvmxdizc V:  1 H: 68 F:15
					849CA6 85 04       STA $04       [000004] A:0024 X:C94F Y:BE31 S:011A D:0000 DB:86 nvmxdizc V:  1 H: 71 F:15
					849CA8 A5 00       LDA $00       [000000] A:0024 X:C94F Y:BE31 S:011A D:0000 DB:86 nvmxdizc V:  1 H: 78 F:15
					849CAA 38          SEC                    A:0026 X:C94F Y:BE31 S:011A D:0000 DB:86 nvmxdizc V:  1 H: 85 F:15
					849CAB E5 04       SBC $04       [000004] A:0026 X:C94F Y:BE31 S:011A D:0000 DB:86 nvmxdizC V:  1 H: 88 F:15
					849CAD 1A          INC                    A:0002 X:C94F Y:BE31 S:011A D:0000 DB:86 nvmxdizC V:  1 H: 95 F:15
					849CAE 85 04       STA $04       [000004] A:0003 X:C94F Y:BE31 S:011A D:0000 DB:86 nvmxdizC V:  1 H: 98 F:15
					849CB0 24 0F       BIT $0F       [00000F] A:0003 X:C94F Y:BE31 S:011A D:0000 DB:86 nvmxdizC V:  1 H:105 F:15
					849CB2 30 04       BMI $0004     [849CB8] A:0003 X:C94F Y:BE31 S:011A D:0000 DB:86 NVmxdizC V:  1 H:112 F:15
					849CB8 85 00       STA $00       [000000] A:0003 X:C94F Y:BE31 S:011A D:0000 DB:86 NVmxdizC V:  1 H:117 F:15
					849CBA 90 45       BCC $0045     [849D01] A:0003 X:C94F Y:BE31 S:011A D:0000 DB:86 NVmxdizC V:  1 H:124 F:15
					849CBC B9 01 00    LDA $0001,Y   [86BE32] A:0003 X:C94F Y:BE31 S:011A D:0000 DB:86 NVmxdizC V:  1 H:127 F:15
					849CBF 29 FF 00    AND #$00FF             A:1600 X:C94F Y:BE31 S:011A D:0000 DB:86 nVmxdizC V:  1 H:146 F:15
					849CC2 89 80 00    BIT #$0080             A:0000 X:C94F Y:BE31 S:011A D:0000 DB:86 nVmxdiZC V:  1 H:150 F:15
					849CC5 F0 03       BEQ $0003     [849CCA] A:0000 X:C94F Y:BE31 S:011A D:0000 DB:86 nVmxdiZC V:  1 H:155 F:15
					849CCA 85 0A       STA $0A       [00000A] A:0000 X:C94F Y:BE31 S:011A D:0000 DB:86 nVmxdiZC V:  1 H:159 F:15
					849CCC 64 10       STZ $10       [000010] A:0000 X:C94F Y:BE31 S:011A D:0000 DB:86 nVmxdiZC V:  1 H:166 F:15
					849CCE BD 01 00    LDA $0001,X   [86C950] A:0000 X:C94F Y:BE31 S:011A D:0000 DB:86 nVmxdiZC V:  1 H:173 F:15
					849CD1 29 FF 00    AND #$00FF             A:10FF X:C94F Y:BE31 S:011A D:0000 DB:86 nVmxdizC V:  1 H:182 F:15
					849CD4 89 80 00    BIT #$0080             A:00FF X:C94F Y:BE31 S:011A D:0000 DB:86 nVmxdizC V:  1 H:187 F:15
					849CD7 F0 03       BEQ $0003     [849CDC] A:00FF X:C94F Y:BE31 S:011A D:0000 DB:86 nVmxdizC V:  1 H:191 F:15
					849CD9 09 00 FF    ORA #$FF00             A:00FF X:C94F Y:BE31 S:011A D:0000 DB:86 nVmxdizC V:  1 H:194 F:15
					849CDC 18          CLC                    A:FFFF X:C94F Y:BE31 S:011A D:0000 DB:86 NVmxdizC V:  1 H:199 F:15
					849CDD 65 0E       ADC $0E       [00000E] A:FFFF X:C94F Y:BE31 S:011A D:0000 DB:86 NVmxdizc V:  1 H:202 F:15
					849CDF 38          SEC                    A:0A9C X:C94F Y:BE31 S:011A D:0000 DB:86 nvmxdizC V:  1 H:209 F:15
					849CE0 E5 06       SBC $06       [000006] A:0A9C X:C94F Y:BE31 S:011A D:0000 DB:86 nvmxdizC V:  1 H:212 F:15
					849CE2 38          SEC                    A:0000 X:C94F Y:BE31 S:011A D:0000 DB:86 nvmxdiZC V:  1 H:219 F:15
					849CE3 E5 0A       SBC $0A       [00000A] A:0000 X:C94F Y:BE31 S:011A D:0000 DB:86 nvmxdiZC V:  1 H:222 F:15
					849CE5 10 06       BPL $0006     [849CED] A:0000 X:C94F Y:BE31 S:011A D:0000 DB:86 nvmxdiZC V:  1 H:229 F:15
					849CED 85 06       STA $06       [000006] A:0000 X:C94F Y:BE31 S:011A D:0000 DB:86 nvmxdiZC V:  1 H:233 F:15
					849CEF A5 02       LDA $02       [000002] A:0000 X:C94F Y:BE31 S:011A D:0000 DB:86 nvmxdiZC V:  1 H:240 F:15
					849CF1 38          SEC                    A:001F X:C94F Y:BE31 S:011A D:0000 DB:86 nvmxdizC V:  1 H:247 F:15
					849CF2 E5 06       SBC $06       [000006] A:001F X:C94F Y:BE31 S:011A D:0000 DB:86 nvmxdizC V:  1 H:250 F:15
					849CF4 1A          INC                    A:001F X:C94F Y:BE31 S:011A D:0000 DB:86 nvmxdizC V:  1 H:257 F:15
					849CF5 85 06       STA $06       [000006] A:0020 X:C94F Y:BE31 S:011A D:0000 DB:86 nvmxdizC V:  1 H:260 F:15
					849CF7 24 0F       BIT $0F       [00000F] A:0020 X:C94F Y:BE31 S:011A D:0000 DB:86 nvmxdizC V:  1 H:267 F:15
					849CF9 30 04       BMI $0004     [849CFF] A:0020 X:C94F Y:BE31 S:011A D:0000 DB:86 nvmxdiZC V:  1 H:274 F:15
					849CFB 49 FF FF    EOR #$FFFF             A:0020 X:C94F Y:BE31 S:011A D:0000 DB:86 nvmxdiZC V:  1 H:277 F:15
					849CFE 1A          INC                    A:FFDF X:C94F Y:BE31 S:011A D:0000 DB:86 NvmxdizC V:  1 H:282 F:15
					849CFF 85 02       STA $02       [000002] A:FFE0 X:C94F Y:BE31 S:011A D:0000 DB:86 NvmxdizC V:  1 H:285 F:15
					849D01 E2 20       SEP #$20               A:FFE0 X:C94F Y:BE31 S:011A D:0000 DB:86 NvmxdizC V:  1 H:292 F:15
					849D03 2B          PLD                    A:FFE0 X:C94F Y:BE31 S:011A D:0000 DB:86 NvMxdizC V:  1 H:296 F:15
					849D04 FA          PLX                    A:FFE0 X:C94F Y:BE31 S:011C D:0E68 DB:86 nvMxdizC V:  1 H:305 F:15
					849D05 7A          PLY                    A:FFE0 X:1228 Y:BE31 S:011E D:0E68 DB:86 nvMxdizC V:  1 H:313 F:15
					849D06 6B          RTL                    A:FFE0 X:1228 Y:FA00 S:0120 D:0E68 DB:86 NvMxdizC V:  1 H:322 F:15

				84A555 8E 10 00    STX $0010     [860010] A:FFE0 X:1228 Y:FA00 S:0123 D:0E68 DB:86 NvMxdizC V:  1 H:331 F:15
				84A558 9B          TXY                    A:FFE0 X:1228 Y:FA00 S:0123 D:0E68 DB:86 NvMxdizC V:  2 H:  0 F:15
				84A559 BE 20 00    LDX $0020,Y   [861248] A:FFE0 X:1228 Y:1228 S:0123 D:0E68 DB:86 nvMxdizC V:  2 H:  3 F:15
				84A55C 9B          TXY                    A:FFE0 X:BE31 Y:1228 S:0123 D:0E68 DB:86 NvMxdizC V:  2 H: 13 F:15
				84A55D A6 20       LDX $20       [000E88] A:FFE0 X:BE31 Y:BE31 S:0123 D:0E68 DB:86 NvMxdizC V:  2 H: 16 F:15
				84A55F E2 20       SEP #$20               A:FFE0 X:C94F Y:BE31 S:0123 D:0E68 DB:86 NvMxdizC V:  2 H: 24 F:15
				84A561 B9 02 00    LDA $0002,Y   [86BE33] A:FFE0 X:C94F Y:BE31 S:0123 D:0E68 DB:86 NvMxdizC V:  2 H: 29 F:15
				84A564 CD 04 00    CMP $0004     [860004] A:FF16 X:C94F Y:BE31 S:0123 D:0E68 DB:86 nvMxdizC V:  2 H: 36 F:15
				84A567 90 6F       BCC $006F     [84A5D8] A:FF16 X:C94F Y:BE31 S:0123 D:0E68 DB:86 nvMxdizC V:  2 H: 43 F:15
				84A569 4E 05 00    LSR $0005     [860005] A:FF16 X:C94F Y:BE31 S:0123 D:0E68 DB:86 nvMxdizC V:  2 H: 46 F:15
				84A56C 6E 04 00    ROR $0004     [860004] A:FF16 X:C94F Y:BE31 S:0123 D:0E68 DB:86 nvMxdiZc V:  2 H: 56 F:15
				84A56F AD 01 00    LDA $0001     [860001] A:FF16 X:C94F Y:BE31 S:0123 D:0E68 DB:86 nvMxdizC V:  2 H: 66 F:15
				84A572 30 31       BMI $0031     [84A5A5] A:FF00 X:C94F Y:BE31 S:0123 D:0E68 DB:86 nvMxdiZC V:  2 H: 72 F:15
				84A574 BD 00 00    LDA $0000,X   [86C94F] A:FF00 X:C94F Y:BE31 S:0123 D:0E68 DB:86 nvMxdiZC V:  2 H: 75 F:15
				84A577 24 11       BIT $11       [000E79] A:FF00 X:C94F Y:BE31 S:0123 D:0E68 DB:86 nvMxdiZC V:  2 H: 83 F:15
				84A579 50 03       BVC $0003     [84A57E] A:FF00 X:C94F Y:BE31 S:0123 D:0E68 DB:86 nVMxdiZC V:  2 H: 89 F:15
				84A57B 49 FF       EOR #$FF               A:FF00 X:C94F Y:BE31 S:0123 D:0E68 DB:86 nVMxdiZC V:  2 H: 92 F:15
				84A57D 1A          INC                    A:FFFF X:C94F Y:BE31 S:0123 D:0E68 DB:86 NVMxdizC V:  2 H: 95 F:15
				84A57E C9 00       CMP #$00               A:FF00 X:C94F Y:BE31 S:0123 D:0E68 DB:86 nVMxdiZC V:  2 H: 98 F:15
				84A580 C2 20       REP #$20               A:FF00 X:C94F Y:BE31 S:0123 D:0E68 DB:86 nVMxdiZC V:  2 H:101 F:15
				84A582 30 05       BMI $0005     [84A589] A:FF00 X:C94F Y:BE31 S:0123 D:0E68 DB:86 nVmxdiZC V:  2 H:106 F:15
				84A584 29 FF 00    AND #$00FF             A:FF00 X:C94F Y:BE31 S:0123 D:0E68 DB:86 nVmxdiZC V:  2 H:109 F:15
				84A587 80 03       BRA $0003     [84A58C] A:0000 X:C94F Y:BE31 S:0123 D:0E68 DB:86 nVmxdiZC V:  2 H:113 F:15
				84A58C 18          CLC                    A:0000 X:C94F Y:BE31 S:0123 D:0E68 DB:86 nVmxdiZC V:  2 H:118 F:15
				84A58D 65 05       ADC $05       [000E6D] A:0000 X:C94F Y:BE31 S:0123 D:0E68 DB:86 nVmxdiZc V:  2 H:121 F:15
				84A58F 8D 08 00    STA $0008     [860008] A:1431 X:C94F Y:BE31 S:0123 D:0E68 DB:86 nvmxdizc V:  2 H:129 F:15
				84A592 BD 02 00    LDA $0002,X   [86C951] A:1431 X:C94F Y:BE31 S:0123 D:0E68 DB:86 nvmxdizc V:  2 H:148 F:15
				84A595 29 FF 00    AND #$00FF             A:1310 X:C94F Y:BE31 S:0123 D:0E68 DB:86 nvmxdizc V:  2 H:157 F:15
				84A598 18          CLC                    A:0010 X:C94F Y:BE31 S:0123 D:0E68 DB:86 nvmxdizc V:  2 H:161 F:15
				84A599 6D 08 00    ADC $0008     [860008] A:0010 X:C94F Y:BE31 S:0123 D:0E68 DB:86 nvmxdizc V:  2 H:164 F:15
				84A59C 38          SEC                    A:1441 X:C94F Y:BE31 S:0123 D:0E68 DB:86 nvmxdizc V:  2 H:173 F:15
				84A59D ED 04 00    SBC $0004     [860004] A:1441 X:C94F Y:BE31 S:0123 D:0E68 DB:86 nvmxdizC V:  2 H:176 F:15
				84A5A0 8D 00 00    STA $0000     [860000] A:1440 X:C94F Y:BE31 S:0123 D:0E68 DB:86 nvmxdizC V:  2 H:184 F:15
				84A5A3 80 40       BRA $0040     [84A5E5] A:1440 X:C94F Y:BE31 S:0123 D:0E68 DB:86 nvmxdizC V:  2 H:193 F:15
				84A5E5 E2 20       SEP #$20               A:1440 X:C94F Y:BE31 S:0123 D:0E68 DB:86 nvmxdizC V:  2 H:197 F:15
				84A5E7 B9 03 00    LDA $0003,Y   [86BE34] A:1440 X:C94F Y:BE31 S:0123 D:0E68 DB:86 nvMxdizC V:  2 H:202 F:15
				84A5EA CD 06 00    CMP $0006     [860006] A:140C X:C94F Y:BE31 S:0123 D:0E68 DB:86 nvMxdizC V:  2 H:209 F:15
				84A5ED 90 5D       BCC $005D     [84A64C] A:140C X:C94F Y:BE31 S:0123 D:0E68 DB:86 NvMxdizc V:  2 H:216 F:15
				84A64C C2 20       REP #$20               A:140C X:C94F Y:BE31 S:0123 D:0E68 DB:86 NvMxdizc V:  2 H:220 F:15
				84A64E AC 10 00    LDY $0010     [860010] A:140C X:C94F Y:BE31 S:0123 D:0E68 DB:86 Nvmxdizc V:  2 H:225 F:15
				84A651 B9 08 00    LDA $0008,Y   [861230] A:140C X:C94F Y:1228 S:0123 D:0E68 DB:86 nvmxdizc V:  2 H:233 F:15
				84A654 8D 02 00    STA $0002     [860002] A:0A9C X:C94F Y:1228 S:0123 D:0E68 DB:86 nvmxdizc V:  2 H:243 F:15
				84A657 28          PLP                    A:0A9C X:C94F Y:1228 S:0123 D:0E68 DB:86 nvmxdizc V:  2 H:252 F:15
				84A658 6B          RTL                    A:0A9C X:C94F Y:1228 S:0124 D:0E68 DB:86 nvMxdizc V:  2 H:258 F:15

			849ED2 FA          PLX                    A:0A9C X:C94F Y:1228 S:0127 D:0E68 DB:86 nvMxdizc V:  2 H:269 F:15		Pull X = MMXShotData
			849ED3 C2 20       REP #$20               A:0A9C X:1228 Y:1228 S:0129 D:0E68 DB:86 nvMxdizc V:  2 H:277 F:15
			849ED5 AD 00 00    LDA $0000     [860000] A:0A9C X:1228 Y:1228 S:0129 D:0E68 DB:86 nvmxdizc V:  2 H:282 F:15
			849ED8 9D 33 00    STA $0033,X   [86125B] A:1440 X:1228 Y:1228 S:0129 D:0E68 DB:86 nvmxdizc V:  2 H:290 F:15
			849EDB AD 02 00    LDA $0002     [860002] A:1440 X:1228 Y:1228 S:0129 D:0E68 DB:86 nvmxdizc V:  2 H:300 F:15
			849EDE 9D 35 00    STA $0035,X   [86125D] A:0A9C X:1228 Y:1228 S:0129 D:0E68 DB:86 nvmxdizc V:  2 H:309 F:15
			849EE1 E2 30       SEP #$30               A:0A9C X:1228 Y:1228 S:0129 D:0E68 DB:86 nvmxdizc V:  2 H:319 F:15
			849EE3 68          PLA                    A:0A9C X:0028 Y:0028 S:0129 D:0E68 DB:86 nvMXdizc V:  2 H:323 F:15		Pull A = $0005 = #$01
			849EE4 F0 02       BEQ $0002     [849EE8] A:0A01 X:0028 Y:0028 S:012A D:0E68 DB:86 nvMXdizc V:  2 H:329 F:15		Branch if A = #$00
			849EE6 E2 40       SEP #$40               A:0A01 X:0028 Y:0028 S:012A D:0E68 DB:86 nvMXdizc V:  2 H:332 F:15		Set Overflow Flag
			849EE8 68          PLA                    A:0A01 X:0028 Y:0028 S:012A D:0E68 DB:86 nVMXdizc V:  2 H:336 F:15		Pull A = $0004 = #$00
			849EE9 6B          RTL                    A:0A00 X:0028 Y:0028 S:012B D:0E68 DB:86 nVMXdiZc V:  3 H:  3 F:15		Return

		83B32E 50 2A       BVC $002A     [83B35A] A:0A00 X:0028 Y:0028 S:012E D:0E68 DB:86 nVMXdiZc V:  3 H: 13 F:15			Branch if Overflow Clear
		83B330 A5 3C       LDA $3C       [000EA4] A:0A00 X:0028 Y:0028 S:012E D:0E68 DB:86 nVMXdiZc V:  3 H: 16 F:15			|E-CDKnockback = E-CDKnockback + #$02
		83B332 18          CLC                    A:0A00 X:0028 Y:0028 S:012E D:0E68 DB:86 nVMXdiZc V:  3 H: 23 F:15			|
		83B333 69 02       ADC #$02               A:0A00 X:0028 Y:0028 S:012E D:0E68 DB:86 nVMXdiZc V:  3 H: 26 F:15			|
		83B335 85 3C       STA $3C       [000EA4] A:0A02 X:0028 Y:0028 S:012E D:0E68 DB:86 nvMXdizc V:  3 H: 29 F:15			|
		83B337 A9 01       LDA #$01               A:0A02 X:0028 Y:0028 S:012E D:0E68 DB:86 nvMXdizc V:  3 H: 35 F:15
		83B339 85 3B       STA $3B       [000EA3] A:0A01 X:0028 Y:0028 S:012E D:0E68 DB:86 nvMXdizc V:  3 H: 38 F:15			E-CDGuard = #$01
		83B33B A5 37       LDA $37       [000E9F] A:0A01 X:0028 Y:0028 S:012E D:0E68 DB:86 nvMXdizc V:  3 H: 45 F:15			|Branch because E-GuardBit = #$01 (Carry Set after LSR E-GuardBit)
		83B33D 4A          LSR A                  A:0A01 X:0028 Y:0028 S:012E D:0E68 DB:86 nvMXdizc V:  3 H: 51 F:15			|
		83B33E B0 03       BCS $0003     [83B343] A:0A00 X:0028 Y:0028 S:012E D:0E68 DB:86 nvMXdiZC V:  3 H: 54 F:15			|
		83B343 AD 1D 1F    LDA $1F1D     [861F1D] A:0A00 X:0028 Y:0028 S:012E D:0E68 DB:86 nvMXdiZC V:  3 H: 59 F:15
		83B346 C9 02       CMP #$02               A:0A01 X:0028 Y:0028 S:012E D:0E68 DB:86 nvMXdizC V:  3 H: 65 F:15			|Branch because CurrMMXShotID = #$01 or #$02 or #$03 (Green, Pink or Blue Buster)
		83B348 F0 08       BEQ $0008     [83B352] A:0A01 X:0028 Y:0028 S:012E D:0E68 DB:86 NvMXdizc V:  3 H: 68 F:15			|
		83B34A C9 03       CMP #$03               A:0A01 X:0028 Y:0028 S:012E D:0E68 DB:86 NvMXdizc V:  3 H: 71 F:15			|
		83B34C F0 04       BEQ $0004     [83B352] A:0A01 X:0028 Y:0028 S:012E D:0E68 DB:86 NvMXdizc V:  3 H: 74 F:15			|
		83B34E C9 01       CMP #$01               A:0A01 X:0028 Y:0028 S:012E D:0E68 DB:86 NvMXdizc V:  3 H: 77 F:15			|
		83B350 D0 75       BNE $0075     [83B3C7] A:0A01 X:0028 Y:0028 S:012E D:0E68 DB:86 nvMXdiZC V:  3 H: 80 F:15			|
		83B352 A9 06       LDA #$06               A:0A01 X:0028 Y:0028 S:012E D:0E68 DB:86 nvMXdiZC V:  3 H: 83 F:15
		83B354 85 02       STA $02       [000E6A] A:0A06 X:0028 Y:0028 S:012E D:0E68 DB:86 nvMXdizC V:  3 H: 86 F:15			Action = #$06
		83B356 64 03       STZ $03       [000E6B] A:0A06 X:0028 Y:0028 S:012E D:0E68 DB:86 nvMXdizC V:  3 H: 93 F:15			Subaction = #$00
		83B358 80 6D       BRA $006D     [83B3C7] A:0A06 X:0028 Y:0028 S:012E D:0E68 DB:86 nvMXdizC V:  3 H: 99 F:15
		83B3C7 22 03 9B 84 JSL $849B03   [849B03] A:0A06 X:0028 Y:0028 S:012E D:0E68 DB:86 nvMXdizC V:  3 H:104 F:15			JSL $849B03 --> Various general checks

			849B03 C2 10       REP #$10               A:0A06 X:0028 Y:0028 S:012B D:0E68 DB:86 nvMXdizC V:  3 H:117 F:15
			849B05 A5 27       LDA $27       [000E8F] A:0A06 X:0028 Y:0028 S:012B D:0E68 DB:86 nvMxdizC V:  3 H:122 F:15
			849B07 F0 70       BEQ $0070     [849B79] A:0A1F X:0028 Y:0028 S:012B D:0E68 DB:86 nvMxdizC V:  3 H:128 F:15
			849B09 A5 0E       LDA $0E       [000E76] A:0A1F X:0028 Y:0028 S:012B D:0E68 DB:86 nvMxdizC V:  3 H:131 F:15
			849B0B F0 31       BEQ $0031     [849B3E] A:0A01 X:0028 Y:0028 S:012B D:0E68 DB:86 nvMxdizC V:  3 H:148 F:15
			849B0D AD 0C 1F    LDA $1F0C     [861F0C] A:0A01 X:0028 Y:0028 S:012B D:0E68 DB:86 nvMxdizC V:  3 H:151 F:15
			849B10 D0 2C       BNE $002C     [849B3E] A:0A00 X:0028 Y:0028 S:012B D:0E68 DB:86 nvMxdiZC V:  3 H:157 F:15
			849B12 AD 32 0C    LDA $0C32     [860C32] A:0A00 X:0028 Y:0028 S:012B D:0E68 DB:86 nvMxdiZC V:  3 H:160 F:15
			849B15 D0 11       BNE $0011     [849B28] A:0A08 X:0028 Y:0028 S:012B D:0E68 DB:86 nvMxdizC V:  3 H:167 F:15
			849B28 AD 18 0E    LDA $0E18     [860E18] A:0A08 X:0028 Y:0028 S:012B D:0E68 DB:86 nvMxdizC V:  3 H:171 F:15
			849B2B F0 11       BEQ $0011     [849B3E] A:0A00 X:0028 Y:0028 S:012B D:0E68 DB:86 nvMxdiZC V:  3 H:178 F:15
			849B3E E2 10       SEP #$10               A:0A00 X:0028 Y:0028 S:012B D:0E68 DB:86 nvMxdiZC V:  3 H:182 F:15
			849B40 A9 00       LDA #$00               A:0A00 X:0028 Y:0028 S:012B D:0E68 DB:86 nvMXdiZC V:  3 H:187 F:15
			849B42 6B          RTL                    A:0A00 X:0028 Y:0028 S:012B D:0E68 DB:86 nvMXdiZC V:  3 H:190 F:15

		83B3CB AD CF 0B    LDA $0BCF     [860BCF] A:0A00 X:0028 Y:0028 S:012E D:0E68 DB:86 nvMXdiZC V:  3 H:200 F:15
		83B3CE 29 7F       AND #$7F               A:0A20 X:0028 Y:0028 S:012E D:0E68 DB:86 nvMXdizC V:  3 H:207 F:15
		83B3D0 D0 04       BNE $0004     [83B3D6] A:0A20 X:0028 Y:0028 S:012E D:0E68 DB:86 nvMXdizC V:  3 H:210 F:15
		83B3D6 5C B4 80 82 JML $8280B4   [8280B4] A:0A20 X:0028 Y:0028 S:012E D:0E68 DB:86 nvMXdizC V:  3 H:214 F:15

		8280B4 C2 20       REP #$20               A:0A20 X:0028 Y:0028 S:012E D:0E68 DB:86 nvMXdizC V:  3 H:220 F:15
		8280B6 38          SEC                    A:0A20 X:0028 Y:0028 S:012E D:0E68 DB:86 nvmXdizC V:  3 H:225 F:15
		8280B7 A5 05       LDA $05       [000E6D] A:0A20 X:0028 Y:0028 S:012E D:0E68 DB:86 nvmXdizC V:  3 H:228 F:15
		8280B9 ED 4D 1E    SBC $1E4D     [861E4D] A:1431 X:0028 Y:0028 S:012E D:0E68 DB:86 nvmXdizC V:  3 H:236 F:15
		8280BC 18          CLC                    A:0031 X:0028 Y:0028 S:012E D:0E68 DB:86 nvmXdizC V:  3 H:245 F:15
		8280BD 69 20 00    ADC #$0020             A:0031 X:0028 Y:0028 S:012E D:0E68 DB:86 nvmXdizc V:  3 H:248 F:15
		8280C0 C9 40 01    CMP #$0140             A:0051 X:0028 Y:0028 S:012E D:0E68 DB:86 nvmXdizc V:  3 H:252 F:15
		8280C3 B0 0F       BCS $000F     [8280D4] A:0051 X:0028 Y:0028 S:012E D:0E68 DB:86 NvmXdizc V:  3 H:257 F:15
		8280C5 38          SEC                    A:0051 X:0028 Y:0028 S:012E D:0E68 DB:86 NvmXdizc V:  3 H:260 F:15
		8280C6 A5 08       LDA $08       [000E70] A:0051 X:0028 Y:0028 S:012E D:0E68 DB:86 NvmXdizC V:  3 H:263 F:15
		8280C8 ED 50 1E    SBC $1E50     [861E50] A:0A9D X:0028 Y:0028 S:012E D:0E68 DB:86 nvmXdizC V:  3 H:271 F:15
		8280CB 18          CLC                    A:009D X:0028 Y:0028 S:012E D:0E68 DB:86 nvmXdizC V:  3 H:280 F:15
		8280CC 69 10 00    ADC #$0010             A:009D X:0028 Y:0028 S:012E D:0E68 DB:86 nvmXdizc V:  3 H:283 F:15
		8280CF C9 00 01    CMP #$0100             A:00AD X:0028 Y:0028 S:012E D:0E68 DB:86 nvmXdizc V:  3 H:287 F:15
		8280D2 90 05       BCC $0005     [8280D9] A:00AD X:0028 Y:0028 S:012E D:0E68 DB:86 NvmXdizc V:  3 H:292 F:15
		8280D9 E2 20       SEP #$20               A:00AD X:0028 Y:0028 S:012E D:0E68 DB:86 NvmXdizc V:  3 H:296 F:15
		8280DB A9 81       LDA #$81               A:00AD X:0028 Y:0028 S:012E D:0E68 DB:86 NvMXdizc V:  3 H:301 F:15
		8280DD 85 0E       STA $0E       [000E76] A:0081 X:0028 Y:0028 S:012E D:0E68 DB:86 NvMXdizc V:  3 H:304 F:15
		8280DF E2 30       SEP #$30               A:0081 X:0028 Y:0028 S:012E D:0E68 DB:86 NvMXdizc V:  3 H:310 F:15
		8280E1 A6 12       LDX $12       [000E7A] A:0081 X:0028 Y:0028 S:012E D:0E68 DB:86 NvMXdizc V:  3 H:315 F:15
		8280E3 10 02       BPL $0002     [8280E7] A:0081 X:0004 Y:0028 S:012E D:0E68 DB:86 nvMXdizc V:  3 H:321 F:15
		8280E7 7C EA 80    JMP ($80EA,X) [8280EE] A:0081 X:0004 Y:0028 S:012E D:0E68 DB:86 nvMXdizc V:  3 H:325 F:15

		828135 AD EA 00    LDA $00EA     [8600EA] A:0081 X:0004 Y:0028 S:012E D:0E68 DB:86 nvMXdizc V:  3 H:334 F:15
		828138 C9 20       CMP #$20               A:0000 X:0004 Y:0028 S:012E D:0E68 DB:86 nvMXdiZc V:  4 H:  0 F:15
		82813A B0 0D       BCS $000D     [828149] A:0000 X:0004 Y:0028 S:012E D:0E68 DB:86 NvMXdizc V:  4 H:  3 F:15
		82813C 0A          ASL A                  A:0000 X:0004 Y:0028 S:012E D:0E68 DB:86 NvMXdizc V:  4 H:  6 F:15
		82813D AA          TAX                    A:0000 X:0004 Y:0028 S:012E D:0E68 DB:86 nvMXdiZc V:  4 H:  9 F:15
		82813E C2 20       REP #$20               A:0000 X:0000 Y:0028 S:012E D:0E68 DB:86 nvMXdiZc V:  4 H: 12 F:15
		828140 7B          TDC                    A:0000 X:0000 Y:0028 S:012E D:0E68 DB:86 nvmXdiZc V:  4 H: 17 F:15
		828141 9D E0 09    STA $09E0,X   [8609E0] A:0E68 X:0000 Y:0028 S:012E D:0E68 DB:86 nvmXdizc V:  4 H: 20 F:15
		828144 E2 20       SEP #$20               A:0E68 X:0000 Y:0028 S:012E D:0E68 DB:86 nvmXdizc V:  4 H: 30 F:15
		828146 EE EA 00    INC $00EA     [8600EA] A:0E68 X:0000 Y:0028 S:012E D:0E68 DB:86 nvMXdizc V:  4 H: 34 F:15
		828149 6B          RTL                    A:0E68 X:0000 Y:0028 S:012E D:0E68 DB:86 nvMXdizc V:  4 H: 44 F:15

	80FA19 60          RTS                    A:0E68 X:0000 Y:0028 S:0131 D:0E68 DB:86 nvMXdizc V:  4 H: 55 F:15

