80D4F6 20 30 D5    JSR $D530     [80D530] A:0E01 X:0000 Y:00AA S:0133 D:0E68 DB:86 nvMXdizC V:258 H: 63 F:17

	80D530 C2 20       REP #$20               A:0E01 X:0000 Y:00AA S:0131 D:0E68 DB:86 nvMXdizC V:258 H: 73 F:17
	80D532 A5 05       LDA $05       [000E6D] A:0E01 X:0000 Y:00AA S:0131 D:0E68 DB:86 nvmXdizC V:258 H: 78 F:17
	80D534 85 22       STA $22       [000E8A] A:1D7F X:0000 Y:00AA S:0131 D:0E68 DB:86 nvmXdizC V:258 H: 86 F:17
	80D536 A5 08       LDA $08       [000E70] A:1D7F X:0000 Y:00AA S:0131 D:0E68 DB:86 nvmXdizC V:258 H: 95 F:17
	80D538 85 24       STA $24       [000E8C] A:03A2 X:0000 Y:00AA S:0131 D:0E68 DB:86 nvmXdizC V:258 H:103 F:17
	80D53A E2 20       SEP #$20               A:03A2 X:0000 Y:00AA S:0131 D:0E68 DB:86 nvmXdizC V:258 H:112 F:17
	80D53C A9 80       LDA #$80               A:03A2 X:0000 Y:00AA S:0131 D:0E68 DB:86 nvMXdizC V:258 H:116 F:17
	80D53E 14 0E       TRB $0E       [000E76] A:0380 X:0000 Y:00AA S:0131 D:0E68 DB:86 NvMXdizC V:258 H:119 F:17
	80D540 A5 0A       LDA $0A       [000E72] A:0380 X:0000 Y:00AA S:0131 D:0E68 DB:86 NvMXdizC V:258 H:129 F:17
	80D542 0A          ASL A                  A:0331 X:0000 Y:00AA S:0131 D:0E68 DB:86 nvMXdizC V:258 H:146 F:17
	80D543 AA          TAX                    A:0362 X:0000 Y:00AA S:0131 D:0E68 DB:86 nvMXdizc V:258 H:149 F:17
	80D544 7C DD F8    JMP ($F8DD,X) [80F93F] A:0362 X:0062 Y:00AA S:0131 D:0E68 DB:86 nvMXdizc V:258 H:152 F:17

	80FAA6 22 E1 9B 88 JSL $889BE1   [889BE1] A:0362 X:0062 Y:00AA S:0131 D:0E68 DB:86 nvMXdizc V:258 H:161 F:17

		889BE1 A6 01       LDX $01       [000E69] A:0362 X:0062 Y:00AA S:012E D:0E68 DB:86 nvMXdizc V:258 H:174 F:17
		889BE3 7C E6 9B    JMP ($9BE6,X) [889BEA] A:0362 X:0004 Y:00AA S:012E D:0E68 DB:86 nvMXdizc V:258 H:181 F:17			JMP ($889BE6,State)

		889D6E A9 0E       LDA #$0E               A:0362 X:0004 Y:00AA S:012E D:0E68 DB:86 nvMXdizc V:258 H:190 F:17
		889D70 14 11       TRB $11       [000E79] A:030E X:0004 Y:00AA S:012E D:0E68 DB:86 nvMXdizc V:258 H:193 F:17
		889D72 A5 33       LDA $33       [000E9B] A:030E X:0004 Y:00AA S:012E D:0E68 DB:86 nvMXdizc V:258 H:203 F:17
		889D74 04 11       TSB $11       [000E79] A:0308 X:0004 Y:00AA S:012E D:0E68 DB:86 nvMXdizc V:258 H:209 F:17
		889D76 A6 02       LDX $02       [000E6A] A:0308 X:0004 Y:00AA S:012E D:0E68 DB:86 nvMXdiZc V:258 H:219 F:17
		889D78 FC 2C 9E    JSR ($9E2C,X) [889E30] A:0308 X:0004 Y:00AA S:012E D:0E68 DB:86 nvMXdizc V:258 H:226 F:17			JSR ($889E2C,Action)

			88A059 A6 03       LDX $03       [000E6B] A:0308 X:0004 Y:00AA S:012C D:0E68 DB:86 nvMXdizc V:258 H:239 F:17
			88A05B 7C 5E A0    JMP ($A05E,X) [88A060] A:0308 X:0002 Y:00AA S:012C D:0E68 DB:86 nvMXdizc V:258 H:245 F:17

			88A0CE 22 EA 8E 84 JSL $848EEA   [848EEA] A:0308 X:0002 Y:00AA S:012C D:0E68 DB:86 nvMXdizc V:258 H:254 F:17

				848EEA 08          PHP                    A:0308 X:0002 Y:00AA S:0129 D:0E68 DB:86 nvMXdizc V:258 H:268 F:17
				848EEB 8B          PHB                    A:0308 X:0002 Y:00AA S:0128 D:0E68 DB:86 nvMXdizc V:258 H:273 F:17
				848EEC E2 30       SEP #$30               A:0308 X:0002 Y:00AA S:0127 D:0E68 DB:86 nvMXdizc V:258 H:278 F:17
				848EEE C6 13       DEC $13       [000E7B] A:0308 X:0002 Y:00AA S:0127 D:0E68 DB:86 nvMXdizc V:258 H:282 F:17
				848EF0 D0 5D       BNE $005D     [848F4F] A:0308 X:0002 Y:00AA S:0127 D:0E68 DB:86 nvMXdizc V:258 H:292 F:17
				848F4F AB          PLB                    A:0308 X:0002 Y:00AA S:0127 D:0E68 DB:86 nvMXdizc V:258 H:297 F:17
				848F50 28          PLP                    A:0308 X:0002 Y:00AA S:0128 D:0E68 DB:86 NvMXdizc V:258 H:303 F:17
				848F51 6B          RTL                    A:0308 X:0002 Y:00AA S:0129 D:0E68 DB:86 nvMXdizc V:258 H:310 F:17

			88A0D2 A5 0F       LDA $0F       [000E77] A:0308 X:0002 Y:00AA S:012C D:0E68 DB:86 nvMXdizc V:258 H:320 F:17
			88A0D4 10 29       BPL $0029     [88A0FF] A:0380 X:0002 Y:00AA S:012C D:0E68 DB:86 NvMXdizc V:258 H:326 F:17
			88A0D6 22 3E 82 82 JSL $82823E   [82823E] A:0380 X:0002 Y:00AA S:012C D:0E68 DB:86 NvMXdizc V:258 H:329 F:17

				82823E 08          PHP                    A:0380 X:0002 Y:00AA S:0129 D:0E68 DB:86 NvMXdizc V:259 H:  2 F:17
				82823F C2 21       REP #$21               A:0380 X:0002 Y:00AA S:0128 D:0E68 DB:86 NvMXdizc V:259 H:  7 F:17
				828241 A5 04       LDA $04       [000E6C] A:0380 X:0002 Y:00AA S:0128 D:0E68 DB:86 NvmXdizc V:259 H: 12 F:17
				828243 65 1A       ADC $1A       [000E82] A:7F60 X:0002 Y:00AA S:0128 D:0E68 DB:86 nvmXdizc V:259 H: 20 F:17
				828245 85 04       STA $04       [000E6C] A:7EE0 X:0002 Y:00AA S:0128 D:0E68 DB:86 nvmXdizC V:259 H: 29 F:17
				828247 E2 20       SEP #$20               A:7EE0 X:0002 Y:00AA S:0128 D:0E68 DB:86 nvmXdizC V:259 H: 37 F:17
				828249 24 1B       BIT $1B       [000E83] A:7EE0 X:0002 Y:00AA S:0128 D:0E68 DB:86 nvMXdizC V:259 H: 42 F:17
				82824B 30 08       BMI $0008     [828255] A:7EE0 X:0002 Y:00AA S:0128 D:0E68 DB:86 NVMXdizC V:259 H: 48 F:17
				828255 A5 06       LDA $06       [000E6E] A:7EE0 X:0002 Y:00AA S:0128 D:0E68 DB:86 NVMXdizC V:259 H: 53 F:17
				828257 69 FF       ADC #$FF               A:7E1D X:0002 Y:00AA S:0128 D:0E68 DB:86 nVMXdizC V:259 H: 59 F:17
				828259 85 06       STA $06       [000E6E] A:7E1D X:0002 Y:00AA S:0128 D:0E68 DB:86 nvMXdizC V:259 H: 62 F:17
				82825B 28          PLP                    A:7E1D X:0002 Y:00AA S:0128 D:0E68 DB:86 nvMXdizC V:259 H: 69 F:17
				82825C 6B          RTL                    A:7E1D X:0002 Y:00AA S:0129 D:0E68 DB:86 NvMXdizc V:259 H: 75 F:17

			88A0DA C2 20       REP #$20               A:7E1D X:0002 Y:00AA S:012C D:0E68 DB:86 NvMXdizc V:259 H: 86 F:17
			88A0DC A9 D1 CF    LDA #$CFD1             A:7E1D X:0002 Y:00AA S:012C D:0E68 DB:86 NvmXdizc V:259 H: 90 F:17
			88A0DF 85 20       STA $20       [000E88] A:CFD1 X:0002 Y:00AA S:012C D:0E68 DB:86 NvmXdizc V:259 H: 95 F:17
			88A0E1 E2 20       SEP #$20               A:CFD1 X:0002 Y:00AA S:012C D:0E68 DB:86 NvmXdizc V:259 H:103 F:17
			88A0E3 22 BE 91 84 JSL $8491BE   [8491BE] A:CFD1 X:0002 Y:00AA S:012C D:0E68 DB:86 NvMXdizc V:259 H:108 F:17

				8491BE 08          PHP                    A:CFD1 X:0002 Y:00AA S:0129 D:0E68 DB:86 NvMXdizc V:259 H:121 F:17
				8491BF 0B          PHD                    A:CFD1 X:0002 Y:00AA S:0128 D:0E68 DB:86 NvMXdizc V:259 H:126 F:17
				8491C0 C2 30       REP #$30               A:CFD1 X:0002 Y:00AA S:0126 D:0E68 DB:86 NvMXdizc V:259 H:133 F:17
				8491C2 A5 20       LDA $20       [000E88] A:CFD1 X:0002 Y:00AA S:0126 D:0E68 DB:86 Nvmxdizc V:259 H:148 F:17
				8491C4 F0 15       BEQ $0015     [8491DB] A:CFD1 X:0002 Y:00AA S:0126 D:0E68 DB:86 Nvmxdizc V:259 H:156 F:17
				8491C6 7B          TDC                    A:CFD1 X:0002 Y:00AA S:0126 D:0E68 DB:86 Nvmxdizc V:259 H:159 F:17
				8491C7 AA          TAX                    A:0E68 X:0002 Y:00AA S:0126 D:0E68 DB:86 nvmxdizc V:259 H:162 F:17
				8491C8 A9 00 00    LDA #$0000             A:0E68 X:0E68 Y:00AA S:0126 D:0E68 DB:86 nvmxdizc V:259 H:165 F:17
				8491CB 5B          TCD                    A:0000 X:0E68 Y:00AA S:0126 D:0E68 DB:86 nvmxdiZc V:259 H:170 F:17
				8491CC 64 14       STZ $14       [000014] A:0000 X:0E68 Y:00AA S:0126 D:0000 DB:86 nvmxdiZc V:259 H:173 F:17
				8491CE B5 2B       LDA $2B,X     [000E93] A:0000 X:0E68 Y:00AA S:0126 D:0000 DB:86 nvmxdiZc V:259 H:180 F:17
				8491D0 29 00 FF    AND #$FF00             A:0000 X:0E68 Y:00AA S:0126 D:0000 DB:86 nvmxdiZc V:259 H:188 F:17
				8491D3 95 2B       STA $2B,X     [000E93] A:0000 X:0E68 Y:00AA S:0126 D:0000 DB:86 nvmxdiZc V:259 H:193 F:17
				8491D5 20 AC 92    JSR $92AC     [8492AC] A:0000 X:0E68 Y:00AA S:0126 D:0000 DB:86 nvmxdiZc V:259 H:201 F:17

					8492AC C2 30       REP #$30               A:0000 X:0E68 Y:00AA S:0124 D:0000 DB:86 nvmxdiZc V:259 H:211 F:17
					8492AE B5 05       LDA $05,X     [000E6D] A:0000 X:0E68 Y:00AA S:0124 D:0000 DB:86 nvmxdiZc V:259 H:216 F:17
					8492B0 38          SEC                    A:1D7E X:0E68 Y:00AA S:0124 D:0000 DB:86 nvmxdizc V:259 H:224 F:17
					8492B1 F5 22       SBC $22,X     [000E8A] A:1D7E X:0E68 Y:00AA S:0124 D:0000 DB:86 nvmxdizC V:259 H:227 F:17
					8492B3 85 00       STA $00       [000000] A:FFFF X:0E68 Y:00AA S:0124 D:0000 DB:86 Nvmxdizc V:259 H:236 F:17
					8492B5 E2 20       SEP #$20               A:FFFF X:0E68 Y:00AA S:0124 D:0000 DB:86 Nvmxdizc V:259 H:243 F:17
					8492B7 F0 4C       BEQ $004C     [849305] A:FFFF X:0E68 Y:00AA S:0124 D:0000 DB:86 NvMxdizc V:259 H:247 F:17
					8492B9 B4 20       LDY $20,X     [000E88] A:FFFF X:0E68 Y:00AA S:0124 D:0000 DB:86 NvMxdizc V:259 H:250 F:17
					8492BB B9 05 00    LDA $0005,Y   [86CFD6] A:FFFF X:0E68 Y:CFD1 S:0124 D:0000 DB:86 NvMxdizc V:259 H:259 F:17
					8492BE 34 11       BIT $11,X     [000E79] A:FFE8 X:0E68 Y:CFD1 S:0124 D:0000 DB:86 NvMxdizc V:259 H:266 F:17
					8492C0 50 03       BVC $0003     [8492C5] A:FFE8 X:0E68 Y:CFD1 S:0124 D:0000 DB:86 nvMxdizc V:259 H:273 F:17
					8492C5 24 00       BIT $00       [000000] A:FFE8 X:0E68 Y:CFD1 S:0124 D:0000 DB:86 nvMxdizc V:259 H:277 F:17
					8492C7 10 06       BPL $0006     [8492CF] A:FFE8 X:0E68 Y:CFD1 S:0124 D:0000 DB:86 NVMxdizc V:259 H:282 F:17
					8492C9 38          SEC                    A:FFE8 X:0E68 Y:CFD1 S:0124 D:0000 DB:86 NVMxdizc V:259 H:285 F:17
					8492CA F9 07 00    SBC $0007,Y   [86CFD8] A:FFE8 X:0E68 Y:CFD1 S:0124 D:0000 DB:86 NVMxdizC V:259 H:288 F:17
					8492CD 80 04       BRA $0004     [8492D3] A:FFD0 X:0E68 Y:CFD1 S:0124 D:0000 DB:86 NvMxdizC V:259 H:296 F:17
					8492D3 95 29       STA $29,X     [000E91] A:FFD0 X:0E68 Y:CFD1 S:0124 D:0000 DB:86 NvMxdizC V:259 H:300 F:17
					8492D5 B9 06 00    LDA $0006,Y   [86CFD7] A:FFD0 X:0E68 Y:CFD1 S:0124 D:0000 DB:86 NvMxdizC V:259 H:307 F:17
					8492D8 95 2A       STA $2A,X     [000E92] A:FFFC X:0E68 Y:CFD1 S:0124 D:0000 DB:86 NvMxdizC V:259 H:314 F:17
					8492DA 20 15 93    JSR $9315     [849315] A:FFFC X:0E68 Y:CFD1 S:0124 D:0000 DB:86 NvMxdizC V:259 H:321 F:17

						849315 20 B3 90    JSR $90B3     [8490B3] A:FFFC X:0E68 Y:CFD1 S:0122 D:0000 DB:86 NvMxdizC V:259 H:330 F:17

							8490B3 0B          PHD                    A:FFFC X:0E68 Y:CFD1 S:0120 D:0000 DB:86 NvMxdizC V:260 H:  0 F:17
							8490B4 DA          PHX                    A:FFFC X:0E68 Y:CFD1 S:011E D:0000 DB:86 NvMxdizC V:260 H:  7 F:17
							8490B5 08          PHP                    A:FFFC X:0E68 Y:CFD1 S:011C D:0000 DB:86 NvMxdizC V:260 H: 14 F:17
							8490B6 E2 20       SEP #$20               A:FFFC X:0E68 Y:CFD1 S:011B D:0000 DB:86 NvMxdizC V:260 H: 19 F:17
							8490B8 C2 10       REP #$10               A:FFFC X:0E68 Y:CFD1 S:011B D:0000 DB:86 NvMxdizC V:260 H: 23 F:17
							8490BA 64 01       STZ $01       [000001] A:FFFC X:0E68 Y:CFD1 S:011B D:0000 DB:86 NvMxdizC V:260 H: 28 F:17
							8490BC B5 29       LDA $29,X     [000E91] A:FFFC X:0E68 Y:CFD1 S:011B D:0000 DB:86 NvMxdizC V:260 H: 33 F:17
							8490BE 10 02       BPL $0002     [8490C2] A:FFD0 X:0E68 Y:CFD1 S:011B D:0000 DB:86 NvMxdizC V:260 H: 39 F:17
							8490C0 C6 01       DEC $01       [000001] A:FFD0 X:0E68 Y:CFD1 S:011B D:0000 DB:86 NvMxdizC V:260 H: 42 F:17
							8490C2 18          CLC                    A:FFD0 X:0E68 Y:CFD1 S:011B D:0000 DB:86 NvMxdizC V:260 H: 51 F:17
							8490C3 75 05       ADC $05,X     [000E6D] A:FFD0 X:0E68 Y:CFD1 S:011B D:0000 DB:86 NvMxdizc V:260 H: 54 F:17
							8490C5 85 00       STA $00       [000000] A:FF4E X:0E68 Y:CFD1 S:011B D:0000 DB:86 nvMxdizC V:260 H: 60 F:17
							8490C7 B5 06       LDA $06,X     [000E6E] A:FF4E X:0E68 Y:CFD1 S:011B D:0000 DB:86 nvMxdizC V:260 H: 65 F:17
							8490C9 65 01       ADC $01       [000001] A:FF1D X:0E68 Y:CFD1 S:011B D:0000 DB:86 nvMxdizC V:260 H: 72 F:17
							8490CB 85 01       STA $01       [000001] A:FF1D X:0E68 Y:CFD1 S:011B D:0000 DB:86 nvMxdizC V:260 H: 77 F:17
							8490CD 64 03       STZ $03       [000003] A:FF1D X:0E68 Y:CFD1 S:011B D:0000 DB:86 nvMxdizC V:260 H: 82 F:17
							8490CF B5 2A       LDA $2A,X     [000E92] A:FF1D X:0E68 Y:CFD1 S:011B D:0000 DB:86 nvMxdizC V:260 H: 87 F:17
							8490D1 10 02       BPL $0002     [8490D5] A:FFFC X:0E68 Y:CFD1 S:011B D:0000 DB:86 NvMxdizC V:260 H: 93 F:17
							8490D3 C6 03       DEC $03       [000003] A:FFFC X:0E68 Y:CFD1 S:011B D:0000 DB:86 NvMxdizC V:260 H: 96 F:17
							8490D5 18          CLC                    A:FFFC X:0E68 Y:CFD1 S:011B D:0000 DB:86 NvMxdizC V:260 H:105 F:17
							8490D6 75 08       ADC $08,X     [000E70] A:FFFC X:0E68 Y:CFD1 S:011B D:0000 DB:86 NvMxdizc V:260 H:108 F:17
							8490D8 85 02       STA $02       [000002] A:FF9E X:0E68 Y:CFD1 S:011B D:0000 DB:86 NvMxdizC V:260 H:114 F:17
							8490DA 29 F0       AND #$F0               A:FF9E X:0E68 Y:CFD1 S:011B D:0000 DB:86 NvMxdizC V:260 H:119 F:17
							8490DC 85 0A       STA $0A       [00000A] A:FF90 X:0E68 Y:CFD1 S:011B D:0000 DB:86 NvMxdizC V:260 H:122 F:17
							8490DE B5 09       LDA $09,X     [000E71] A:FF90 X:0E68 Y:CFD1 S:011B D:0000 DB:86 NvMxdizC V:260 H:127 F:17
							8490E0 65 03       ADC $03       [000003] A:FF03 X:0E68 Y:CFD1 S:011B D:0000 DB:86 nvMxdizC V:260 H:144 F:17
							8490E2 85 03       STA $03       [000003] A:FF03 X:0E68 Y:CFD1 S:011B D:0000 DB:86 nvMxdizC V:260 H:149 F:17
							8490E4 85 0B       STA $0B       [00000B] A:FF03 X:0E68 Y:CFD1 S:011B D:0000 DB:86 nvMxdizC V:260 H:154 F:17
							8490E6 A5 00       LDA $00       [000000] A:FF03 X:0E68 Y:CFD1 S:011B D:0000 DB:86 nvMxdizC V:260 H:159 F:17
							8490E8 29 0F       AND #$0F               A:FF4E X:0E68 Y:CFD1 S:011B D:0000 DB:86 nvMxdizC V:260 H:164 F:17
							8490EA 1A          INC                    A:FF0E X:0E68 Y:CFD1 S:011B D:0000 DB:86 nvMxdizC V:260 H:167 F:17
							8490EB 85 0C       STA $0C       [00000C] A:FF0F X:0E68 Y:CFD1 S:011B D:0000 DB:86 nvMxdizC V:260 H:170 F:17
							8490ED A5 02       LDA $02       [000002] A:FF0F X:0E68 Y:CFD1 S:011B D:0000 DB:86 nvMxdizC V:260 H:175 F:17
							8490EF 29 0F       AND #$0F               A:FF9E X:0E68 Y:CFD1 S:011B D:0000 DB:86 NvMxdizC V:260 H:180 F:17
							8490F1 1A          INC                    A:FF0E X:0E68 Y:CFD1 S:011B D:0000 DB:86 nvMxdizC V:260 H:183 F:17
							8490F2 85 0E       STA $0E       [00000E] A:FF0F X:0E68 Y:CFD1 S:011B D:0000 DB:86 nvMxdizC V:260 H:186 F:17
							8490F4 C2 20       REP #$20               A:FF0F X:0E68 Y:CFD1 S:011B D:0000 DB:86 nvMxdizC V:260 H:191 F:17
							8490F6 20 6A 91    JSR $916A     [84916A] A:FF0F X:0E68 Y:CFD1 S:011B D:0000 DB:86 nvmxdizC V:260 H:195 F:17

								84916A A9 00 E8    LDA #$E800             A:FF0F X:0E68 Y:CFD1 S:0119 D:0000 DB:86 nvmxdizC V:260 H:205 F:17
								84916D 85 10       STA $10       [000010] A:E800 X:0E68 Y:CFD1 S:0119 D:0000 DB:86 NvmxdizC V:260 H:210 F:17
								84916F A9 7E 00    LDA #$007E             A:E800 X:0E68 Y:CFD1 S:0119 D:0000 DB:86 NvmxdizC V:260 H:217 F:17
								849172 85 12       STA $12       [000012] A:007E X:0E68 Y:CFD1 S:0119 D:0000 DB:86 nvmxdizC V:260 H:221 F:17
								849174 A5 02       LDA $02       [000002] A:007E X:0E68 Y:CFD1 S:0119 D:0000 DB:86 nvmxdizC V:260 H:228 F:17
								849176 29 F0 00    AND #$00F0             A:039E X:0E68 Y:CFD1 S:0119 D:0000 DB:86 nvmxdizC V:260 H:235 F:17
								849179 0A          ASL A                  A:0090 X:0E68 Y:CFD1 S:0119 D:0000 DB:86 nvmxdizC V:260 H:240 F:17
								84917A 85 04       STA $04       [000004] A:0120 X:0E68 Y:CFD1 S:0119 D:0000 DB:86 nvmxdizc V:260 H:243 F:17
								84917C A5 00       LDA $00       [000000] A:0120 X:0E68 Y:CFD1 S:0119 D:0000 DB:86 nvmxdizc V:260 H:250 F:17
								84917E 29 FF 00    AND #$00FF             A:1D4E X:0E68 Y:CFD1 S:0119 D:0000 DB:86 nvmxdizc V:260 H:257 F:17
								849181 4A          LSR A                  A:004E X:0E68 Y:CFD1 S:0119 D:0000 DB:86 nvmxdizc V:260 H:261 F:17
								849182 4A          LSR A                  A:0027 X:0E68 Y:CFD1 S:0119 D:0000 DB:86 nvmxdizc V:260 H:264 F:17
								849183 4A          LSR A                  A:0013 X:0E68 Y:CFD1 S:0119 D:0000 DB:86 nvmxdizC V:260 H:267 F:17
								849184 29 FE FF    AND #$FFFE             A:0009 X:0E68 Y:CFD1 S:0119 D:0000 DB:86 nvmxdizC V:260 H:270 F:17
								849187 18          CLC                    A:0008 X:0E68 Y:CFD1 S:0119 D:0000 DB:86 nvmxdizC V:260 H:275 F:17
								849188 65 04       ADC $04       [000004] A:0008 X:0E68 Y:CFD1 S:0119 D:0000 DB:86 nvmxdizc V:260 H:278 F:17
								84918A 85 06       STA $06       [000006] A:0128 X:0E68 Y:CFD1 S:0119 D:0000 DB:86 nvmxdizc V:260 H:285 F:17
								84918C A5 00       LDA $00       [000000] A:0128 X:0E68 Y:CFD1 S:0119 D:0000 DB:86 nvmxdizc V:260 H:292 F:17
								84918E EB          XBA                    A:1D4E X:0E68 Y:CFD1 S:0119 D:0000 DB:86 nvmxdizc V:260 H:299 F:17
								84918F 29 1F 00    AND #$001F             A:4E1D X:0E68 Y:CFD1 S:0119 D:0000 DB:86 nvmxdizc V:260 H:303 F:17
								849192 85 04       STA $04       [000004] A:001D X:0E68 Y:CFD1 S:0119 D:0000 DB:86 nvmxdizc V:260 H:308 F:17
								849194 A5 02       LDA $02       [000002] A:001D X:0E68 Y:CFD1 S:0119 D:0000 DB:86 nvmxdizc V:260 H:315 F:17
								849196 29 00 1F    AND #$1F00             A:039E X:0E68 Y:CFD1 S:0119 D:0000 DB:86 nvmxdizc V:260 H:322 F:17
								849199 4A          LSR A                  A:0300 X:0E68 Y:CFD1 S:0119 D:0000 DB:86 nvmxdizc V:260 H:326 F:17
								84919A 4A          LSR A                  A:0180 X:0E68 Y:CFD1 S:0119 D:0000 DB:86 nvmxdizc V:260 H:328 F:17
								84919B 4A          LSR A                  A:00C0 X:0E68 Y:CFD1 S:0119 D:0000 DB:86 nvmxdizc V:260 H:331 F:17
								84919C 18          CLC                    A:0060 X:0E68 Y:CFD1 S:0119 D:0000 DB:86 nvmxdizc V:260 H:334 F:17
								84919D 65 04       ADC $04       [000004] A:0060 X:0E68 Y:CFD1 S:0119 D:0000 DB:86 nvmxdizc V:260 H:337 F:17
								84919F A8          TAY                    A:007D X:0E68 Y:CFD1 S:0119 D:0000 DB:86 nvmxdizc V:261 H:  4 F:17
								8491A0 B7 10       LDA [$10],Y   [7EE87D] A:007D X:0E68 Y:007D S:0119 D:0000 DB:86 nvmxdizc V:261 H:  7 F:17
								8491A2 29 FF 00    AND #$00FF             A:0024 X:0E68 Y:007D S:0119 D:0000 DB:86 nvmxdizc V:261 H: 20 F:17
								8491A5 A8          TAY                    A:0024 X:0E68 Y:007D S:0119 D:0000 DB:86 nvmxdizc V:261 H: 25 F:17
								8491A6 EB          XBA                    A:0024 X:0E68 Y:0024 S:0119 D:0000 DB:86 nvmxdizc V:261 H: 28 F:17
								8491A7 0A          ASL A                  A:2400 X:0E68 Y:0024 S:0119 D:0000 DB:86 nvmxdiZc V:261 H: 32 F:17
								8491A8 18          CLC                    A:4800 X:0E68 Y:0024 S:0119 D:0000 DB:86 nvmxdizc V:261 H: 35 F:17
								8491A9 65 06       ADC $06       [000006] A:4800 X:0E68 Y:0024 S:0119 D:0000 DB:86 nvmxdizc V:261 H: 38 F:17
								8491AB AA          TAX                    A:4928 X:0E68 Y:0024 S:0119 D:0000 DB:86 nvmxdizc V:261 H: 45 F:17
								8491AC 60          RTS                    A:4928 X:4928 Y:0024 S:0119 D:0000 DB:86 nvmxdizc V:261 H: 48 F:17

							8490F9 BF 00 20 7E LDA $7E2000,X [7E6928] A:4928 X:4928 Y:0024 S:011B D:0000 DB:86 nvmxdizc V:261 H: 58 F:17
							8490FD A8          TAY                    A:01B4 X:4928 Y:0024 S:011B D:0000 DB:86 nvmxdizc V:261 H: 68 F:17
							8490FE AD 92 0B    LDA $0B92     [860B92] A:01B4 X:4928 Y:01B4 S:011B D:0000 DB:86 nvmxdizc V:261 H: 71 F:17
							849101 85 10       STA $10       [000010] A:EB15 X:4928 Y:01B4 S:011B D:0000 DB:86 Nvmxdizc V:261 H: 80 F:17
							849103 AD 94 0B    LDA $0B94     [860B94] A:EB15 X:4928 Y:01B4 S:011B D:0000 DB:86 Nvmxdizc V:261 H: 87 F:17
							849106 85 12       STA $12       [000012] A:F895 X:4928 Y:01B4 S:011B D:0000 DB:86 Nvmxdizc V:261 H: 95 F:17
							849108 B7 10       LDA [$10],Y   [95ECC9] A:F895 X:4928 Y:01B4 S:011B D:0000 DB:86 Nvmxdizc V:261 H:102 F:17
							84910A 29 FF 00    AND #$00FF             A:0000 X:4928 Y:01B4 S:011B D:0000 DB:86 nvmxdiZc V:261 H:114 F:17
							84910D 28          PLP                    A:0000 X:4928 Y:01B4 S:011B D:0000 DB:86 nvmxdiZc V:261 H:119 F:17
							84910E FA          PLX                    A:0000 X:4928 Y:01B4 S:011C D:0000 DB:86 NvMxdizC V:261 H:125 F:17
							84910F 2B          PLD                    A:0000 X:0E68 Y:01B4 S:011E D:0000 DB:86 nvMxdizC V:261 H:134 F:17
							849110 60          RTS                    A:0000 X:0E68 Y:01B4 S:0120 D:0000 DB:86 nvMxdiZC V:261 H:152 F:17

						849318 B4 05       LDY $05,X     [000E6D] A:0000 X:0E68 Y:01B4 S:0122 D:0000 DB:86 nvMxdiZC V:261 H:162 F:17
						84931A 84 10       STY $10       [000010] A:0000 X:0E68 Y:1D7E S:0122 D:0000 DB:86 nvMxdizC V:261 H:171 F:17
						84931C B4 08       LDY $08,X     [000E70] A:0000 X:0E68 Y:1D7E S:0122 D:0000 DB:86 nvMxdizC V:261 H:178 F:17
						84931E 84 12       STY $12       [000012] A:0000 X:0E68 Y:03A2 S:0122 D:0000 DB:86 nvMxdizC V:261 H:186 F:17
						849320 95 2D       STA $2D,X     [000E95] A:0000 X:0E68 Y:03A2 S:0122 D:0000 DB:86 nvMxdizC V:261 H:193 F:17
						849322 86 2C       STX $2C       [00002C] A:0000 X:0E68 Y:03A2 S:0122 D:0000 DB:86 nvMxdizC V:261 H:200 F:17
						849324 29 3F       AND #$3F               A:0000 X:0E68 Y:03A2 S:0122 D:0000 DB:86 nvMxdizC V:261 H:207 F:17
						849326 0A          ASL A                  A:0000 X:0E68 Y:03A2 S:0122 D:0000 DB:86 nvMxdiZC V:261 H:210 F:17
						849327 EB          XBA                    A:0000 X:0E68 Y:03A2 S:0122 D:0000 DB:86 nvMxdiZc V:261 H:213 F:17
						849328 A9 00       LDA #$00               A:0000 X:0E68 Y:03A2 S:0122 D:0000 DB:86 nvMxdiZc V:261 H:217 F:17
						84932A EB          XBA                    A:0000 X:0E68 Y:03A2 S:0122 D:0000 DB:86 nvMxdiZc V:261 H:220 F:17
						84932B AA          TAX                    A:0000 X:0E68 Y:03A2 S:0122 D:0000 DB:86 nvMxdiZc V:261 H:225 F:17
						84932C FC 5D 93    JSR ($935D,X) [84935D] A:0000 X:0000 Y:03A2 S:0122 D:0000 DB:86 nvMxdiZc V:261 H:228 F:17

							84977A A9 00       LDA #$00               A:0000 X:0000 Y:03A2 S:0120 D:0000 DB:86 nvMxdiZc V:261 H:241 F:17
							84977C 60          RTS                    A:0000 X:0000 Y:03A2 S:0120 D:0000 DB:86 nvMxdiZc V:261 H:244 F:17

						84932F 08          PHP                    A:0000 X:0000 Y:03A2 S:0122 D:0000 DB:86 nvMxdiZc V:261 H:254 F:17
						849330 A6 2C       LDX $2C       [00002C] A:0000 X:0000 Y:03A2 S:0121 D:0000 DB:86 nvMxdiZc V:261 H:259 F:17
						849332 A9 01       LDA #$01               A:0000 X:0E68 Y:03A2 S:0121 D:0000 DB:86 nvMxdizc V:261 H:266 F:17
						849334 34 29       BIT $29,X     [000E91] A:0001 X:0E68 Y:03A2 S:0121 D:0000 DB:86 nvMxdizc V:261 H:269 F:17
						849336 10 02       BPL $0002     [84933A] A:0001 X:0E68 Y:03A2 S:0121 D:0000 DB:86 NVMxdiZc V:261 H:275 F:17
						849338 A9 02       LDA #$02               A:0001 X:0E68 Y:03A2 S:0121 D:0000 DB:86 NVMxdiZc V:261 H:278 F:17
						84933A 28          PLP                    A:0002 X:0E68 Y:03A2 S:0121 D:0000 DB:86 nVMxdizc V:261 H:281 F:17
						84933B F0 0C       BEQ $000C     [849349] A:0002 X:0E68 Y:03A2 S:0122 D:0000 DB:86 nvMxdiZc V:261 H:288 F:17
						849349 49 FF       EOR #$FF               A:0002 X:0E68 Y:03A2 S:0122 D:0000 DB:86 nvMxdiZc V:261 H:292 F:17
						84934B 35 2B       AND $2B,X     [000E93] A:00FD X:0E68 Y:03A2 S:0122 D:0000 DB:86 NvMxdizc V:261 H:295 F:17
						84934D 95 2B       STA $2B,X     [000E93] A:0000 X:0E68 Y:03A2 S:0122 D:0000 DB:86 nvMxdiZc V:261 H:302 F:17
						84934F 20 08 93    JSR $9308     [849308] A:0000 X:0E68 Y:03A2 S:0122 D:0000 DB:86 nvMxdiZc V:261 H:308 F:17

							849308 A5 14       LDA $14       [000014] A:0000 X:0E68 Y:03A2 S:0120 D:0000 DB:86 nvMxdiZc V:261 H:318 F:17
							84930A F0 08       BEQ $0008     [849314] A:0000 X:0E68 Y:03A2 S:0120 D:0000 DB:86 nvMxdiZc V:261 H:323 F:17
							849314 60          RTS                    A:0000 X:0E68 Y:03A2 S:0120 D:0000 DB:86 nvMxdiZc V:261 H:327 F:17

						849352 A9 00       LDA #$00               A:0000 X:0E68 Y:03A2 S:0122 D:0000 DB:86 nvMxdiZc V:261 H:337 F:17
						849354 60          RTS                    A:0000 X:0E68 Y:03A2 S:0122 D:0000 DB:86 nvMxdiZc V:  0 H:  0 F:18

					8492DD D0 26       BNE $0026     [849305] A:0000 X:0E68 Y:03A2 S:0124 D:0000 DB:86 nvMxdiZc V:  0 H: 10 F:18
					8492DF B4 20       LDY $20,X     [000E88] A:0000 X:0E68 Y:03A2 S:0124 D:0000 DB:86 nvMxdiZc V:  0 H: 13 F:18
					8492E1 B9 06 00    LDA $0006,Y   [86CFD7] A:0000 X:0E68 Y:CFD1 S:0124 D:0000 DB:86 NvMxdizc V:  0 H: 21 F:18
					8492E4 38          SEC                    A:00FC X:0E68 Y:CFD1 S:0124 D:0000 DB:86 NvMxdizc V:  0 H: 29 F:18
					8492E5 F9 08 00    SBC $0008,Y   [86CFD9] A:00FC X:0E68 Y:CFD1 S:0124 D:0000 DB:86 NvMxdizC V:  0 H: 32 F:18
					8492E8 18          CLC                    A:00F5 X:0E68 Y:CFD1 S:0124 D:0000 DB:86 NvMxdizC V:  0 H: 39 F:18
					8492E9 79 09 00    ADC $0009,Y   [86CFDA] A:00F5 X:0E68 Y:CFD1 S:0124 D:0000 DB:86 NvMxdizc V:  0 H: 42 F:18
					8492EC 95 2A       STA $2A,X     [000E92] A:00F8 X:0E68 Y:CFD1 S:0124 D:0000 DB:86 NvMxdizc V:  0 H: 50 F:18
					8492EE 20 15 93    JSR $9315     [849315] A:00F8 X:0E68 Y:CFD1 S:0124 D:0000 DB:86 NvMxdizc V:  0 H: 56 F:18

						849315 20 B3 90    JSR $90B3     [8490B3] A:00F8 X:0E68 Y:CFD1 S:0122 D:0000 DB:86 NvMxdizc V:  0 H: 66 F:18

							8490B3 0B          PHD                    A:00F8 X:0E68 Y:CFD1 S:0120 D:0000 DB:86 NvMxdizc V:  0 H: 76 F:18
							8490B4 DA          PHX                    A:00F8 X:0E68 Y:CFD1 S:011E D:0000 DB:86 NvMxdizc V:  0 H: 83 F:18
							8490B5 08          PHP                    A:00F8 X:0E68 Y:CFD1 S:011C D:0000 DB:86 NvMxdizc V:  0 H: 90 F:18
							8490B6 E2 20       SEP #$20               A:00F8 X:0E68 Y:CFD1 S:011B D:0000 DB:86 NvMxdizc V:  0 H: 95 F:18
							8490B8 C2 10       REP #$10               A:00F8 X:0E68 Y:CFD1 S:011B D:0000 DB:86 NvMxdizc V:  0 H:100 F:18
							8490BA 64 01       STZ $01       [000001] A:00F8 X:0E68 Y:CFD1 S:011B D:0000 DB:86 NvMxdizc V:  0 H:104 F:18
							8490BC B5 29       LDA $29,X     [000E91] A:00F8 X:0E68 Y:CFD1 S:011B D:0000 DB:86 NvMxdizc V:  0 H:109 F:18
							8490BE 10 02       BPL $0002     [8490C2] A:00D0 X:0E68 Y:CFD1 S:011B D:0000 DB:86 NvMxdizc V:  0 H:116 F:18
							8490C0 C6 01       DEC $01       [000001] A:00D0 X:0E68 Y:CFD1 S:011B D:0000 DB:86 NvMxdizc V:  0 H:119 F:18
							8490C2 18          CLC                    A:00D0 X:0E68 Y:CFD1 S:011B D:0000 DB:86 NvMxdizc V:  0 H:127 F:18
							8490C3 75 05       ADC $05,X     [000E6D] A:00D0 X:0E68 Y:CFD1 S:011B D:0000 DB:86 NvMxdizc V:  0 H:130 F:18
							8490C5 85 00       STA $00       [000000] A:004E X:0E68 Y:CFD1 S:011B D:0000 DB:86 nvMxdizC V:  0 H:147 F:18
							8490C7 B5 06       LDA $06,X     [000E6E] A:004E X:0E68 Y:CFD1 S:011B D:0000 DB:86 nvMxdizC V:  0 H:152 F:18
							8490C9 65 01       ADC $01       [000001] A:001D X:0E68 Y:CFD1 S:011B D:0000 DB:86 nvMxdizC V:  0 H:158 F:18
							8490CB 85 01       STA $01       [000001] A:001D X:0E68 Y:CFD1 S:011B D:0000 DB:86 nvMxdizC V:  0 H:163 F:18
							8490CD 64 03       STZ $03       [000003] A:001D X:0E68 Y:CFD1 S:011B D:0000 DB:86 nvMxdizC V:  0 H:168 F:18
							8490CF B5 2A       LDA $2A,X     [000E92] A:001D X:0E68 Y:CFD1 S:011B D:0000 DB:86 nvMxdizC V:  0 H:173 F:18
							8490D1 10 02       BPL $0002     [8490D5] A:00F8 X:0E68 Y:CFD1 S:011B D:0000 DB:86 NvMxdizC V:  0 H:180 F:18
							8490D3 C6 03       DEC $03       [000003] A:00F8 X:0E68 Y:CFD1 S:011B D:0000 DB:86 NvMxdizC V:  0 H:183 F:18
							8490D5 18          CLC                    A:00F8 X:0E68 Y:CFD1 S:011B D:0000 DB:86 NvMxdizC V:  0 H:191 F:18
							8490D6 75 08       ADC $08,X     [000E70] A:00F8 X:0E68 Y:CFD1 S:011B D:0000 DB:86 NvMxdizc V:  0 H:194 F:18
							8490D8 85 02       STA $02       [000002] A:009A X:0E68 Y:CFD1 S:011B D:0000 DB:86 NvMxdizC V:  0 H:201 F:18
							8490DA 29 F0       AND #$F0               A:009A X:0E68 Y:CFD1 S:011B D:0000 DB:86 NvMxdizC V:  0 H:206 F:18
							8490DC 85 0A       STA $0A       [00000A] A:0090 X:0E68 Y:CFD1 S:011B D:0000 DB:86 NvMxdizC V:  0 H:209 F:18
							8490DE B5 09       LDA $09,X     [000E71] A:0090 X:0E68 Y:CFD1 S:011B D:0000 DB:86 NvMxdizC V:  0 H:214 F:18
							8490E0 65 03       ADC $03       [000003] A:0003 X:0E68 Y:CFD1 S:011B D:0000 DB:86 nvMxdizC V:  0 H:220 F:18
							8490E2 85 03       STA $03       [000003] A:0003 X:0E68 Y:CFD1 S:011B D:0000 DB:86 nvMxdizC V:  0 H:225 F:18
							8490E4 85 0B       STA $0B       [00000B] A:0003 X:0E68 Y:CFD1 S:011B D:0000 DB:86 nvMxdizC V:  0 H:230 F:18
							8490E6 A5 00       LDA $00       [000000] A:0003 X:0E68 Y:CFD1 S:011B D:0000 DB:86 nvMxdizC V:  0 H:235 F:18
							8490E8 29 0F       AND #$0F               A:004E X:0E68 Y:CFD1 S:011B D:0000 DB:86 nvMxdizC V:  0 H:240 F:18
							8490EA 1A          INC                    A:000E X:0E68 Y:CFD1 S:011B D:0000 DB:86 nvMxdizC V:  0 H:243 F:18
							8490EB 85 0C       STA $0C       [00000C] A:000F X:0E68 Y:CFD1 S:011B D:0000 DB:86 nvMxdizC V:  0 H:246 F:18
							8490ED A5 02       LDA $02       [000002] A:000F X:0E68 Y:CFD1 S:011B D:0000 DB:86 nvMxdizC V:  0 H:251 F:18
							8490EF 29 0F       AND #$0F               A:009A X:0E68 Y:CFD1 S:011B D:0000 DB:86 NvMxdizC V:  0 H:256 F:18
							8490F1 1A          INC                    A:000A X:0E68 Y:CFD1 S:011B D:0000 DB:86 nvMxdizC V:  0 H:259 F:18
							8490F2 85 0E       STA $0E       [00000E] A:000B X:0E68 Y:CFD1 S:011B D:0000 DB:86 nvMxdizC V:  0 H:262 F:18
							8490F4 C2 20       REP #$20               A:000B X:0E68 Y:CFD1 S:011B D:0000 DB:86 nvMxdizC V:  0 H:267 F:18
							8490F6 20 6A 91    JSR $916A     [84916A] A:000B X:0E68 Y:CFD1 S:011B D:0000 DB:86 nvmxdizC V:  0 H:272 F:18

								84916A A9 00 E8    LDA #$E800             A:000B X:0E68 Y:CFD1 S:0119 D:0000 DB:86 nvmxdizC V:  0 H:282 F:18
								84916D 85 10       STA $10       [000010] A:E800 X:0E68 Y:CFD1 S:0119 D:0000 DB:86 NvmxdizC V:  0 H:286 F:18
								84916F A9 7E 00    LDA #$007E             A:E800 X:0E68 Y:CFD1 S:0119 D:0000 DB:86 NvmxdizC V:  0 H:293 F:18
								849172 85 12       STA $12       [000012] A:007E X:0E68 Y:CFD1 S:0119 D:0000 DB:86 nvmxdizC V:  0 H:298 F:18
								849174 A5 02       LDA $02       [000002] A:007E X:0E68 Y:CFD1 S:0119 D:0000 DB:86 nvmxdizC V:  0 H:305 F:18
								849176 29 F0 00    AND #$00F0             A:039A X:0E68 Y:CFD1 S:0119 D:0000 DB:86 nvmxdizC V:  0 H:312 F:18
								849179 0A          ASL A                  A:0090 X:0E68 Y:CFD1 S:0119 D:0000 DB:86 nvmxdizC V:  0 H:316 F:18
								84917A 85 04       STA $04       [000004] A:0120 X:0E68 Y:CFD1 S:0119 D:0000 DB:86 nvmxdizc V:  0 H:319 F:18
								84917C A5 00       LDA $00       [000000] A:0120 X:0E68 Y:CFD1 S:0119 D:0000 DB:86 nvmxdizc V:  0 H:326 F:18
								84917E 29 FF 00    AND #$00FF             A:1D4E X:0E68 Y:CFD1 S:0119 D:0000 DB:86 nvmxdizc V:  0 H:332 F:18
								849181 4A          LSR A                  A:004E X:0E68 Y:CFD1 S:0119 D:0000 DB:86 nvmxdizc V:  0 H:337 F:18
								849182 4A          LSR A                  A:0027 X:0E68 Y:CFD1 S:0119 D:0000 DB:86 nvmxdizc V:  1 H:  0 F:18
								849183 4A          LSR A                  A:0013 X:0E68 Y:CFD1 S:0119 D:0000 DB:86 nvmxdizC V:  1 H:  3 F:18
								849184 29 FE FF    AND #$FFFE             A:0009 X:0E68 Y:CFD1 S:0119 D:0000 DB:86 nvmxdizC V:  1 H:  6 F:18
								849187 18          CLC                    A:0008 X:0E68 Y:CFD1 S:0119 D:0000 DB:86 nvmxdizC V:  1 H: 10 F:18
								849188 65 04       ADC $04       [000004] A:0008 X:0E68 Y:CFD1 S:0119 D:0000 DB:86 nvmxdizc V:  1 H: 13 F:18
								84918A 85 06       STA $06       [000006] A:0128 X:0E68 Y:CFD1 S:0119 D:0000 DB:86 nvmxdizc V:  1 H: 20 F:18
								84918C A5 00       LDA $00       [000000] A:0128 X:0E68 Y:CFD1 S:0119 D:0000 DB:86 nvmxdizc V:  1 H: 27 F:18
								84918E EB          XBA                    A:1D4E X:0E68 Y:CFD1 S:0119 D:0000 DB:86 nvmxdizc V:  1 H: 34 F:18
								84918F 29 1F 00    AND #$001F             A:4E1D X:0E68 Y:CFD1 S:0119 D:0000 DB:86 nvmxdizc V:  1 H: 39 F:18
								849192 85 04       STA $04       [000004] A:001D X:0E68 Y:CFD1 S:0119 D:0000 DB:86 nvmxdizc V:  1 H: 43 F:18
								849194 A5 02       LDA $02       [000002] A:001D X:0E68 Y:CFD1 S:0119 D:0000 DB:86 nvmxdizc V:  1 H: 50 F:18
								849196 29 00 1F    AND #$1F00             A:039A X:0E68 Y:CFD1 S:0119 D:0000 DB:86 nvmxdizc V:  1 H: 57 F:18
								849199 4A          LSR A                  A:0300 X:0E68 Y:CFD1 S:0119 D:0000 DB:86 nvmxdizc V:  1 H: 62 F:18
								84919A 4A          LSR A                  A:0180 X:0E68 Y:CFD1 S:0119 D:0000 DB:86 nvmxdizc V:  1 H: 65 F:18
								84919B 4A          LSR A                  A:00C0 X:0E68 Y:CFD1 S:0119 D:0000 DB:86 nvmxdizc V:  1 H: 68 F:18
								84919C 18          CLC                    A:0060 X:0E68 Y:CFD1 S:0119 D:0000 DB:86 nvmxdizc V:  1 H: 71 F:18
								84919D 65 04       ADC $04       [000004] A:0060 X:0E68 Y:CFD1 S:0119 D:0000 DB:86 nvmxdizc V:  1 H: 74 F:18
								84919F A8          TAY                    A:007D X:0E68 Y:CFD1 S:0119 D:0000 DB:86 nvmxdizc V:  1 H: 81 F:18
								8491A0 B7 10       LDA [$10],Y   [7EE87D] A:007D X:0E68 Y:007D S:0119 D:0000 DB:86 nvmxdizc V:  1 H: 84 F:18
								8491A2 29 FF 00    AND #$00FF             A:0024 X:0E68 Y:007D S:0119 D:0000 DB:86 nvmxdizc V:  1 H: 97 F:18
								8491A5 A8          TAY                    A:0024 X:0E68 Y:007D S:0119 D:0000 DB:86 nvmxdizc V:  1 H:101 F:18
								8491A6 EB          XBA                    A:0024 X:0E68 Y:0024 S:0119 D:0000 DB:86 nvmxdizc V:  1 H:104 F:18
								8491A7 0A          ASL A                  A:2400 X:0E68 Y:0024 S:0119 D:0000 DB:86 nvmxdiZc V:  1 H:109 F:18
								8491A8 18          CLC                    A:4800 X:0E68 Y:0024 S:0119 D:0000 DB:86 nvmxdizc V:  1 H:112 F:18
								8491A9 65 06       ADC $06       [000006] A:4800 X:0E68 Y:0024 S:0119 D:0000 DB:86 nvmxdizc V:  1 H:115 F:18
								8491AB AA          TAX                    A:4928 X:0E68 Y:0024 S:0119 D:0000 DB:86 nvmxdizc V:  1 H:122 F:18
								8491AC 60          RTS                    A:4928 X:4928 Y:0024 S:0119 D:0000 DB:86 nvmxdizc V:  1 H:125 F:18

							8490F9 BF 00 20 7E LDA $7E2000,X [7E6928] A:4928 X:4928 Y:0024 S:011B D:0000 DB:86 nvmxdizc V:  1 H:145 F:18
							8490FD A8          TAY                    A:01B4 X:4928 Y:0024 S:011B D:0000 DB:86 nvmxdizc V:  1 H:155 F:18
							8490FE AD 92 0B    LDA $0B92     [860B92] A:01B4 X:4928 Y:01B4 S:011B D:0000 DB:86 nvmxdizc V:  1 H:158 F:18
							849101 85 10       STA $10       [000010] A:EB15 X:4928 Y:01B4 S:011B D:0000 DB:86 Nvmxdizc V:  1 H:166 F:18
							849103 AD 94 0B    LDA $0B94     [860B94] A:EB15 X:4928 Y:01B4 S:011B D:0000 DB:86 Nvmxdizc V:  1 H:173 F:18
							849106 85 12       STA $12       [000012] A:F895 X:4928 Y:01B4 S:011B D:0000 DB:86 Nvmxdizc V:  1 H:182 F:18
							849108 B7 10       LDA [$10],Y   [95ECC9] A:F895 X:4928 Y:01B4 S:011B D:0000 DB:86 Nvmxdizc V:  1 H:189 F:18
							84910A 29 FF 00    AND #$00FF             A:0000 X:4928 Y:01B4 S:011B D:0000 DB:86 nvmxdiZc V:  1 H:201 F:18
							84910D 28          PLP                    A:0000 X:4928 Y:01B4 S:011B D:0000 DB:86 nvmxdiZc V:  1 H:205 F:18
							84910E FA          PLX                    A:0000 X:4928 Y:01B4 S:011C D:0000 DB:86 NvMxdizc V:  1 H:212 F:18
							84910F 2B          PLD                    A:0000 X:0E68 Y:01B4 S:011E D:0000 DB:86 nvMxdizc V:  1 H:220 F:18
							849110 60          RTS                    A:0000 X:0E68 Y:01B4 S:0120 D:0000 DB:86 nvMxdiZc V:  1 H:229 F:18

						849318 B4 05       LDY $05,X     [000E6D] A:0000 X:0E68 Y:01B4 S:0122 D:0000 DB:86 nvMxdiZc V:  1 H:239 F:18
						84931A 84 10       STY $10       [000010] A:0000 X:0E68 Y:1D7E S:0122 D:0000 DB:86 nvMxdizc V:  1 H:247 F:18
						84931C B4 08       LDY $08,X     [000E70] A:0000 X:0E68 Y:1D7E S:0122 D:0000 DB:86 nvMxdizc V:  1 H:254 F:18
						84931E 84 12       STY $12       [000012] A:0000 X:0E68 Y:03A2 S:0122 D:0000 DB:86 nvMxdizc V:  1 H:263 F:18
						849320 95 2D       STA $2D,X     [000E95] A:0000 X:0E68 Y:03A2 S:0122 D:0000 DB:86 nvMxdizc V:  1 H:270 F:18
						849322 86 2C       STX $2C       [00002C] A:0000 X:0E68 Y:03A2 S:0122 D:0000 DB:86 nvMxdizc V:  1 H:276 F:18
						849324 29 3F       AND #$3F               A:0000 X:0E68 Y:03A2 S:0122 D:0000 DB:86 nvMxdizc V:  1 H:283 F:18
						849326 0A          ASL A                  A:0000 X:0E68 Y:03A2 S:0122 D:0000 DB:86 nvMxdiZc V:  1 H:286 F:18
						849327 EB          XBA                    A:0000 X:0E68 Y:03A2 S:0122 D:0000 DB:86 nvMxdiZc V:  1 H:289 F:18
						849328 A9 00       LDA #$00               A:0000 X:0E68 Y:03A2 S:0122 D:0000 DB:86 nvMxdiZc V:  1 H:294 F:18
						84932A EB          XBA                    A:0000 X:0E68 Y:03A2 S:0122 D:0000 DB:86 nvMxdiZc V:  1 H:297 F:18
						84932B AA          TAX                    A:0000 X:0E68 Y:03A2 S:0122 D:0000 DB:86 nvMxdiZc V:  1 H:301 F:18
						84932C FC 5D 93    JSR ($935D,X) [84935D] A:0000 X:0000 Y:03A2 S:0122 D:0000 DB:86 nvMxdiZc V:  1 H:304 F:18

							84977A A9 00       LDA #$00               A:0000 X:0000 Y:03A2 S:0120 D:0000 DB:86 nvMxdiZc V:  1 H:317 F:18
							84977C 60          RTS                    A:0000 X:0000 Y:03A2 S:0120 D:0000 DB:86 nvMxdiZc V:  1 H:320 F:18

						84932F 08          PHP                    A:0000 X:0000 Y:03A2 S:0122 D:0000 DB:86 nvMxdiZc V:  1 H:329 F:18
						849330 A6 2C       LDX $2C       [00002C] A:0000 X:0000 Y:03A2 S:0121 D:0000 DB:86 nvMxdiZc V:  1 H:334 F:18
						849332 A9 01       LDA #$01               A:0000 X:0E68 Y:03A2 S:0121 D:0000 DB:86 nvMxdizc V:  2 H:  1 F:18
						849334 34 29       BIT $29,X     [000E91] A:0001 X:0E68 Y:03A2 S:0121 D:0000 DB:86 nvMxdizc V:  2 H:  4 F:18
						849336 10 02       BPL $0002     [84933A] A:0001 X:0E68 Y:03A2 S:0121 D:0000 DB:86 NVMxdiZc V:  2 H: 11 F:18
						849338 A9 02       LDA #$02               A:0001 X:0E68 Y:03A2 S:0121 D:0000 DB:86 NVMxdiZc V:  2 H: 14 F:18
						84933A 28          PLP                    A:0002 X:0E68 Y:03A2 S:0121 D:0000 DB:86 nVMxdizc V:  2 H: 17 F:18
						84933B F0 0C       BEQ $000C     [849349] A:0002 X:0E68 Y:03A2 S:0122 D:0000 DB:86 nvMxdiZc V:  2 H: 23 F:18
						849349 49 FF       EOR #$FF               A:0002 X:0E68 Y:03A2 S:0122 D:0000 DB:86 nvMxdiZc V:  2 H: 28 F:18
						84934B 35 2B       AND $2B,X     [000E93] A:00FD X:0E68 Y:03A2 S:0122 D:0000 DB:86 NvMxdizc V:  2 H: 31 F:18
						84934D 95 2B       STA $2B,X     [000E93] A:0000 X:0E68 Y:03A2 S:0122 D:0000 DB:86 nvMxdiZc V:  2 H: 37 F:18
						84934F 20 08 93    JSR $9308     [849308] A:0000 X:0E68 Y:03A2 S:0122 D:0000 DB:86 nvMxdiZc V:  2 H: 44 F:18

							849308 A5 14       LDA $14       [000014] A:0000 X:0E68 Y:03A2 S:0120 D:0000 DB:86 nvMxdiZc V:  2 H: 54 F:18
							84930A F0 08       BEQ $0008     [849314] A:0000 X:0E68 Y:03A2 S:0120 D:0000 DB:86 nvMxdiZc V:  2 H: 59 F:18
							849314 60          RTS                    A:0000 X:0E68 Y:03A2 S:0120 D:0000 DB:86 nvMxdiZc V:  2 H: 63 F:18

						849352 A9 00       LDA #$00               A:0000 X:0E68 Y:03A2 S:0122 D:0000 DB:86 nvMxdiZc V:  2 H: 73 F:18
						849354 60          RTS                    A:0000 X:0E68 Y:03A2 S:0122 D:0000 DB:86 nvMxdiZc V:  2 H: 76 F:18

					8492F1 D0 12       BNE $0012     [849305] A:0000 X:0E68 Y:03A2 S:0124 D:0000 DB:86 nvMxdiZc V:  2 H: 86 F:18
					8492F3 B4 20       LDY $20,X     [000E88] A:0000 X:0E68 Y:03A2 S:0124 D:0000 DB:86 nvMxdiZc V:  2 H: 89 F:18
					8492F5 B9 06 00    LDA $0006,Y   [86CFD7] A:0000 X:0E68 Y:CFD1 S:0124 D:0000 DB:86 NvMxdizc V:  2 H: 98 F:18
					8492F8 18          CLC                    A:00FC X:0E68 Y:CFD1 S:0124 D:0000 DB:86 NvMxdizc V:  2 H:105 F:18
					8492F9 79 08 00    ADC $0008,Y   [86CFD9] A:00FC X:0E68 Y:CFD1 S:0124 D:0000 DB:86 NvMxdizc V:  2 H:108 F:18
					8492FC 38          SEC                    A:0003 X:0E68 Y:CFD1 S:0124 D:0000 DB:86 nvMxdizC V:  2 H:116 F:18
					8492FD F9 09 00    SBC $0009,Y   [86CFDA] A:0003 X:0E68 Y:CFD1 S:0124 D:0000 DB:86 nvMxdizC V:  2 H:119 F:18
					849300 95 2A       STA $2A,X     [000E92] A:0000 X:0E68 Y:CFD1 S:0124 D:0000 DB:86 nvMxdiZC V:  2 H:126 F:18
					849302 20 15 93    JSR $9315     [849315] A:0000 X:0E68 Y:CFD1 S:0124 D:0000 DB:86 nvMxdiZC V:  2 H:133 F:18

						849315 20 B3 90    JSR $90B3     [8490B3] A:0000 X:0E68 Y:CFD1 S:0122 D:0000 DB:86 nvMxdiZC V:  2 H:153 F:18

							8490B3 0B          PHD                    A:0000 X:0E68 Y:CFD1 S:0120 D:0000 DB:86 nvMxdiZC V:  2 H:163 F:18
							8490B4 DA          PHX                    A:0000 X:0E68 Y:CFD1 S:011E D:0000 DB:86 nvMxdiZC V:  2 H:170 F:18
							8490B5 08          PHP                    A:0000 X:0E68 Y:CFD1 S:011C D:0000 DB:86 nvMxdiZC V:  2 H:177 F:18
							8490B6 E2 20       SEP #$20               A:0000 X:0E68 Y:CFD1 S:011B D:0000 DB:86 nvMxdiZC V:  2 H:182 F:18
							8490B8 C2 10       REP #$10               A:0000 X:0E68 Y:CFD1 S:011B D:0000 DB:86 nvMxdiZC V:  2 H:186 F:18
							8490BA 64 01       STZ $01       [000001] A:0000 X:0E68 Y:CFD1 S:011B D:0000 DB:86 nvMxdiZC V:  2 H:191 F:18
							8490BC B5 29       LDA $29,X     [000E91] A:0000 X:0E68 Y:CFD1 S:011B D:0000 DB:86 nvMxdiZC V:  2 H:196 F:18
							8490BE 10 02       BPL $0002     [8490C2] A:00D0 X:0E68 Y:CFD1 S:011B D:0000 DB:86 NvMxdizC V:  2 H:202 F:18
							8490C0 C6 01       DEC $01       [000001] A:00D0 X:0E68 Y:CFD1 S:011B D:0000 DB:86 NvMxdizC V:  2 H:205 F:18
							8490C2 18          CLC                    A:00D0 X:0E68 Y:CFD1 S:011B D:0000 DB:86 NvMxdizC V:  2 H:214 F:18
							8490C3 75 05       ADC $05,X     [000E6D] A:00D0 X:0E68 Y:CFD1 S:011B D:0000 DB:86 NvMxdizc V:  2 H:217 F:18
							8490C5 85 00       STA $00       [000000] A:004E X:0E68 Y:CFD1 S:011B D:0000 DB:86 nvMxdizC V:  2 H:223 F:18
							8490C7 B5 06       LDA $06,X     [000E6E] A:004E X:0E68 Y:CFD1 S:011B D:0000 DB:86 nvMxdizC V:  2 H:228 F:18
							8490C9 65 01       ADC $01       [000001] A:001D X:0E68 Y:CFD1 S:011B D:0000 DB:86 nvMxdizC V:  2 H:235 F:18
							8490CB 85 01       STA $01       [000001] A:001D X:0E68 Y:CFD1 S:011B D:0000 DB:86 nvMxdizC V:  2 H:240 F:18
							8490CD 64 03       STZ $03       [000003] A:001D X:0E68 Y:CFD1 S:011B D:0000 DB:86 nvMxdizC V:  2 H:245 F:18
							8490CF B5 2A       LDA $2A,X     [000E92] A:001D X:0E68 Y:CFD1 S:011B D:0000 DB:86 nvMxdizC V:  2 H:250 F:18
							8490D1 10 02       BPL $0002     [8490D5] A:0000 X:0E68 Y:CFD1 S:011B D:0000 DB:86 nvMxdiZC V:  2 H:256 F:18
							8490D5 18          CLC                    A:0000 X:0E68 Y:CFD1 S:011B D:0000 DB:86 nvMxdiZC V:  2 H:261 F:18
							8490D6 75 08       ADC $08,X     [000E70] A:0000 X:0E68 Y:CFD1 S:011B D:0000 DB:86 nvMxdiZc V:  2 H:264 F:18
							8490D8 85 02       STA $02       [000002] A:00A2 X:0E68 Y:CFD1 S:011B D:0000 DB:86 NvMxdizc V:  2 H:270 F:18
							8490DA 29 F0       AND #$F0               A:00A2 X:0E68 Y:CFD1 S:011B D:0000 DB:86 NvMxdizc V:  2 H:275 F:18
							8490DC 85 0A       STA $0A       [00000A] A:00A0 X:0E68 Y:CFD1 S:011B D:0000 DB:86 NvMxdizc V:  2 H:278 F:18
							8490DE B5 09       LDA $09,X     [000E71] A:00A0 X:0E68 Y:CFD1 S:011B D:0000 DB:86 NvMxdizc V:  2 H:283 F:18
							8490E0 65 03       ADC $03       [000003] A:0003 X:0E68 Y:CFD1 S:011B D:0000 DB:86 nvMxdizc V:  2 H:290 F:18
							8490E2 85 03       STA $03       [000003] A:0003 X:0E68 Y:CFD1 S:011B D:0000 DB:86 nvMxdizc V:  2 H:295 F:18
							8490E4 85 0B       STA $0B       [00000B] A:0003 X:0E68 Y:CFD1 S:011B D:0000 DB:86 nvMxdizc V:  2 H:300 F:18
							8490E6 A5 00       LDA $00       [000000] A:0003 X:0E68 Y:CFD1 S:011B D:0000 DB:86 nvMxdizc V:  2 H:305 F:18
							8490E8 29 0F       AND #$0F               A:004E X:0E68 Y:CFD1 S:011B D:0000 DB:86 nvMxdizc V:  2 H:310 F:18
							8490EA 1A          INC                    A:000E X:0E68 Y:CFD1 S:011B D:0000 DB:86 nvMxdizc V:  2 H:313 F:18
							8490EB 85 0C       STA $0C       [00000C] A:000F X:0E68 Y:CFD1 S:011B D:0000 DB:86 nvMxdizc V:  2 H:316 F:18
							8490ED A5 02       LDA $02       [000002] A:000F X:0E68 Y:CFD1 S:011B D:0000 DB:86 nvMxdizc V:  2 H:321 F:18
							8490EF 29 0F       AND #$0F               A:00A2 X:0E68 Y:CFD1 S:011B D:0000 DB:86 NvMxdizc V:  2 H:325 F:18
							8490F1 1A          INC                    A:0002 X:0E68 Y:CFD1 S:011B D:0000 DB:86 nvMxdizc V:  2 H:328 F:18
							8490F2 85 0E       STA $0E       [00000E] A:0003 X:0E68 Y:CFD1 S:011B D:0000 DB:86 nvMxdizc V:  2 H:331 F:18
							8490F4 C2 20       REP #$20               A:0003 X:0E68 Y:CFD1 S:011B D:0000 DB:86 nvMxdizc V:  2 H:336 F:18
							8490F6 20 6A 91    JSR $916A     [84916A] A:0003 X:0E68 Y:CFD1 S:011B D:0000 DB:86 nvmxdizc V:  3 H:  0 F:18

								84916A A9 00 E8    LDA #$E800             A:0003 X:0E68 Y:CFD1 S:0119 D:0000 DB:86 nvmxdizc V:  3 H: 10 F:18
								84916D 85 10       STA $10       [000010] A:E800 X:0E68 Y:CFD1 S:0119 D:0000 DB:86 Nvmxdizc V:  3 H: 15 F:18
								84916F A9 7E 00    LDA #$007E             A:E800 X:0E68 Y:CFD1 S:0119 D:0000 DB:86 Nvmxdizc V:  3 H: 22 F:18
								849172 85 12       STA $12       [000012] A:007E X:0E68 Y:CFD1 S:0119 D:0000 DB:86 nvmxdizc V:  3 H: 26 F:18
								849174 A5 02       LDA $02       [000002] A:007E X:0E68 Y:CFD1 S:0119 D:0000 DB:86 nvmxdizc V:  3 H: 33 F:18
								849176 29 F0 00    AND #$00F0             A:03A2 X:0E68 Y:CFD1 S:0119 D:0000 DB:86 nvmxdizc V:  3 H: 40 F:18
								849179 0A          ASL A                  A:00A0 X:0E68 Y:CFD1 S:0119 D:0000 DB:86 nvmxdizc V:  3 H: 45 F:18
								84917A 85 04       STA $04       [000004] A:0140 X:0E68 Y:CFD1 S:0119 D:0000 DB:86 nvmxdizc V:  3 H: 48 F:18
								84917C A5 00       LDA $00       [000000] A:0140 X:0E68 Y:CFD1 S:0119 D:0000 DB:86 nvmxdizc V:  3 H: 55 F:18
								84917E 29 FF 00    AND #$00FF             A:1D4E X:0E68 Y:CFD1 S:0119 D:0000 DB:86 nvmxdizc V:  3 H: 62 F:18
								849181 4A          LSR A                  A:004E X:0E68 Y:CFD1 S:0119 D:0000 DB:86 nvmxdizc V:  3 H: 66 F:18
								849182 4A          LSR A                  A:0027 X:0E68 Y:CFD1 S:0119 D:0000 DB:86 nvmxdizc V:  3 H: 69 F:18
								849183 4A          LSR A                  A:0013 X:0E68 Y:CFD1 S:0119 D:0000 DB:86 nvmxdizC V:  3 H: 72 F:18
								849184 29 FE FF    AND #$FFFE             A:0009 X:0E68 Y:CFD1 S:0119 D:0000 DB:86 nvmxdizC V:  3 H: 75 F:18
								849187 18          CLC                    A:0008 X:0E68 Y:CFD1 S:0119 D:0000 DB:86 nvmxdizC V:  3 H: 80 F:18
								849188 65 04       ADC $04       [000004] A:0008 X:0E68 Y:CFD1 S:0119 D:0000 DB:86 nvmxdizc V:  3 H: 83 F:18
								84918A 85 06       STA $06       [000006] A:0148 X:0E68 Y:CFD1 S:0119 D:0000 DB:86 nvmxdizc V:  3 H: 90 F:18
								84918C A5 00       LDA $00       [000000] A:0148 X:0E68 Y:CFD1 S:0119 D:0000 DB:86 nvmxdizc V:  3 H: 97 F:18
								84918E EB          XBA                    A:1D4E X:0E68 Y:CFD1 S:0119 D:0000 DB:86 nvmxdizc V:  3 H:104 F:18
								84918F 29 1F 00    AND #$001F             A:4E1D X:0E68 Y:CFD1 S:0119 D:0000 DB:86 nvmxdizc V:  3 H:108 F:18
								849192 85 04       STA $04       [000004] A:001D X:0E68 Y:CFD1 S:0119 D:0000 DB:86 nvmxdizc V:  3 H:113 F:18
								849194 A5 02       LDA $02       [000002] A:001D X:0E68 Y:CFD1 S:0119 D:0000 DB:86 nvmxdizc V:  3 H:120 F:18
								849196 29 00 1F    AND #$1F00             A:03A2 X:0E68 Y:CFD1 S:0119 D:0000 DB:86 nvmxdizc V:  3 H:127 F:18
								849199 4A          LSR A                  A:0300 X:0E68 Y:CFD1 S:0119 D:0000 DB:86 nvmxdizc V:  3 H:131 F:18
								84919A 4A          LSR A                  A:0180 X:0E68 Y:CFD1 S:0119 D:0000 DB:86 nvmxdizc V:  3 H:144 F:18
								84919B 4A          LSR A                  A:00C0 X:0E68 Y:CFD1 S:0119 D:0000 DB:86 nvmxdizc V:  3 H:147 F:18
								84919C 18          CLC                    A:0060 X:0E68 Y:CFD1 S:0119 D:0000 DB:86 nvmxdizc V:  3 H:150 F:18
								84919D 65 04       ADC $04       [000004] A:0060 X:0E68 Y:CFD1 S:0119 D:0000 DB:86 nvmxdizc V:  3 H:153 F:18
								84919F A8          TAY                    A:007D X:0E68 Y:CFD1 S:0119 D:0000 DB:86 nvmxdizc V:  3 H:160 F:18
								8491A0 B7 10       LDA [$10],Y   [7EE87D] A:007D X:0E68 Y:007D S:0119 D:0000 DB:86 nvmxdizc V:  3 H:163 F:18
								8491A2 29 FF 00    AND #$00FF             A:0024 X:0E68 Y:007D S:0119 D:0000 DB:86 nvmxdizc V:  3 H:176 F:18
								8491A5 A8          TAY                    A:0024 X:0E68 Y:007D S:0119 D:0000 DB:86 nvmxdizc V:  3 H:181 F:18
								8491A6 EB          XBA                    A:0024 X:0E68 Y:0024 S:0119 D:0000 DB:86 nvmxdizc V:  3 H:184 F:18
								8491A7 0A          ASL A                  A:2400 X:0E68 Y:0024 S:0119 D:0000 DB:86 nvmxdiZc V:  3 H:188 F:18
								8491A8 18          CLC                    A:4800 X:0E68 Y:0024 S:0119 D:0000 DB:86 nvmxdizc V:  3 H:191 F:18
								8491A9 65 06       ADC $06       [000006] A:4800 X:0E68 Y:0024 S:0119 D:0000 DB:86 nvmxdizc V:  3 H:194 F:18
								8491AB AA          TAX                    A:4948 X:0E68 Y:0024 S:0119 D:0000 DB:86 nvmxdizc V:  3 H:201 F:18
								8491AC 60          RTS                    A:4948 X:4948 Y:0024 S:0119 D:0000 DB:86 nvmxdizc V:  3 H:204 F:18

							8490F9 BF 00 20 7E LDA $7E2000,X [7E6948] A:4948 X:4948 Y:0024 S:011B D:0000 DB:86 nvmxdizc V:  3 H:214 F:18
							8490FD A8          TAY                    A:01BB X:4948 Y:0024 S:011B D:0000 DB:86 nvmxdizc V:  3 H:224 F:18
							8490FE AD 92 0B    LDA $0B92     [860B92] A:01BB X:4948 Y:01BB S:011B D:0000 DB:86 nvmxdizc V:  3 H:227 F:18
							849101 85 10       STA $10       [000010] A:EB15 X:4948 Y:01BB S:011B D:0000 DB:86 Nvmxdizc V:  3 H:236 F:18
							849103 AD 94 0B    LDA $0B94     [860B94] A:EB15 X:4948 Y:01BB S:011B D:0000 DB:86 Nvmxdizc V:  3 H:243 F:18
							849106 85 12       STA $12       [000012] A:F895 X:4948 Y:01BB S:011B D:0000 DB:86 Nvmxdizc V:  3 H:251 F:18
							849108 B7 10       LDA [$10],Y   [95ECD0] A:F895 X:4948 Y:01BB S:011B D:0000 DB:86 Nvmxdizc V:  3 H:258 F:18
							84910A 29 FF 00    AND #$00FF             A:0000 X:4948 Y:01BB S:011B D:0000 DB:86 nvmxdiZc V:  3 H:270 F:18
							84910D 28          PLP                    A:0000 X:4948 Y:01BB S:011B D:0000 DB:86 nvmxdiZc V:  3 H:275 F:18
							84910E FA          PLX                    A:0000 X:4948 Y:01BB S:011C D:0000 DB:86 nvMxdiZC V:  3 H:281 F:18
							84910F 2B          PLD                    A:0000 X:0E68 Y:01BB S:011E D:0000 DB:86 nvMxdizC V:  3 H:290 F:18
							849110 60          RTS                    A:0000 X:0E68 Y:01BB S:0120 D:0000 DB:86 nvMxdiZC V:  3 H:298 F:18

						849318 B4 05       LDY $05,X     [000E6D] A:0000 X:0E68 Y:01BB S:0122 D:0000 DB:86 nvMxdiZC V:  3 H:308 F:18
						84931A 84 10       STY $10       [000010] A:0000 X:0E68 Y:1D7E S:0122 D:0000 DB:86 nvMxdizC V:  3 H:317 F:18
						84931C B4 08       LDY $08,X     [000E70] A:0000 X:0E68 Y:1D7E S:0122 D:0000 DB:86 nvMxdizC V:  3 H:323 F:18
						84931E 84 12       STY $12       [000012] A:0000 X:0E68 Y:03A2 S:0122 D:0000 DB:86 nvMxdizC V:  3 H:331 F:18
						849320 95 2D       STA $2D,X     [000E95] A:0000 X:0E68 Y:03A2 S:0122 D:0000 DB:86 nvMxdizC V:  3 H:338 F:18
						849322 86 2C       STX $2C       [00002C] A:0000 X:0E68 Y:03A2 S:0122 D:0000 DB:86 nvMxdizC V:  4 H:  5 F:18
						849324 29 3F       AND #$3F               A:0000 X:0E68 Y:03A2 S:0122 D:0000 DB:86 nvMxdizC V:  4 H: 12 F:18
						849326 0A          ASL A                  A:0000 X:0E68 Y:03A2 S:0122 D:0000 DB:86 nvMxdiZC V:  4 H: 15 F:18
						849327 EB          XBA                    A:0000 X:0E68 Y:03A2 S:0122 D:0000 DB:86 nvMxdiZc V:  4 H: 18 F:18
						849328 A9 00       LDA #$00               A:0000 X:0E68 Y:03A2 S:0122 D:0000 DB:86 nvMxdiZc V:  4 H: 22 F:18
						84932A EB          XBA                    A:0000 X:0E68 Y:03A2 S:0122 D:0000 DB:86 nvMxdiZc V:  4 H: 25 F:18
						84932B AA          TAX                    A:0000 X:0E68 Y:03A2 S:0122 D:0000 DB:86 nvMxdiZc V:  4 H: 30 F:18
						84932C FC 5D 93    JSR ($935D,X) [84935D] A:0000 X:0000 Y:03A2 S:0122 D:0000 DB:86 nvMxdiZc V:  4 H: 33 F:18

							84977A A9 00       LDA #$00               A:0000 X:0000 Y:03A2 S:0120 D:0000 DB:86 nvMxdiZc V:  4 H: 46 F:18
							84977C 60          RTS                    A:0000 X:0000 Y:03A2 S:0120 D:0000 DB:86 nvMxdiZc V:  4 H: 49 F:18

						84932F 08          PHP                    A:0000 X:0000 Y:03A2 S:0122 D:0000 DB:86 nvMxdiZc V:  4 H: 59 F:18
						849330 A6 2C       LDX $2C       [00002C] A:0000 X:0000 Y:03A2 S:0121 D:0000 DB:86 nvMxdiZc V:  4 H: 64 F:18
						849332 A9 01       LDA #$01               A:0000 X:0E68 Y:03A2 S:0121 D:0000 DB:86 nvMxdizc V:  4 H: 71 F:18
						849334 34 29       BIT $29,X     [000E91] A:0001 X:0E68 Y:03A2 S:0121 D:0000 DB:86 nvMxdizc V:  4 H: 74 F:18
						849336 10 02       BPL $0002     [84933A] A:0001 X:0E68 Y:03A2 S:0121 D:0000 DB:86 NVMxdiZc V:  4 H: 80 F:18
						849338 A9 02       LDA #$02               A:0001 X:0E68 Y:03A2 S:0121 D:0000 DB:86 NVMxdiZc V:  4 H: 83 F:18
						84933A 28          PLP                    A:0002 X:0E68 Y:03A2 S:0121 D:0000 DB:86 nVMxdizc V:  4 H: 86 F:18
						84933B F0 0C       BEQ $000C     [849349] A:0002 X:0E68 Y:03A2 S:0122 D:0000 DB:86 nvMxdiZc V:  4 H: 93 F:18
						849349 49 FF       EOR #$FF               A:0002 X:0E68 Y:03A2 S:0122 D:0000 DB:86 nvMxdiZc V:  4 H: 97 F:18
						84934B 35 2B       AND $2B,X     [000E93] A:00FD X:0E68 Y:03A2 S:0122 D:0000 DB:86 NvMxdizc V:  4 H:100 F:18
						84934D 95 2B       STA $2B,X     [000E93] A:0000 X:0E68 Y:03A2 S:0122 D:0000 DB:86 nvMxdiZc V:  4 H:107 F:18
						84934F 20 08 93    JSR $9308     [849308] A:0000 X:0E68 Y:03A2 S:0122 D:0000 DB:86 nvMxdiZc V:  4 H:113 F:18

							849308 A5 14       LDA $14       [000014] A:0000 X:0E68 Y:03A2 S:0120 D:0000 DB:86 nvMxdiZc V:  4 H:123 F:18
							84930A F0 08       BEQ $0008     [849314] A:0000 X:0E68 Y:03A2 S:0120 D:0000 DB:86 nvMxdiZc V:  4 H:128 F:18
							849314 60          RTS                    A:0000 X:0E68 Y:03A2 S:0120 D:0000 DB:86 nvMxdiZc V:  4 H:133 F:18

						849352 A9 00       LDA #$00               A:0000 X:0E68 Y:03A2 S:0122 D:0000 DB:86 nvMxdiZc V:  4 H:153 F:18
						849354 60          RTS                    A:0000 X:0E68 Y:03A2 S:0122 D:0000 DB:86 nvMxdiZc V:  4 H:156 F:18

					849305 C2 30       REP #$30               A:0000 X:0E68 Y:03A2 S:0124 D:0000 DB:86 nvMxdiZc V:  4 H:166 F:18
					849307 60          RTS                    A:0000 X:0E68 Y:03A2 S:0124 D:0000 DB:86 nvmxdiZc V:  4 H:170 F:18

				8491D8 20 ED 91    JSR $91ED     [8491ED] A:0000 X:0E68 Y:03A2 S:0126 D:0000 DB:86 nvmxdiZc V:  4 H:180 F:18

					8491ED B5 08       LDA $08,X     [000E70] A:0000 X:0E68 Y:03A2 S:0124 D:0000 DB:86 nvmxdiZc V:  4 H:190 F:18
					8491EF D5 24       CMP $24,X     [000E8C] A:03A2 X:0E68 Y:03A2 S:0124 D:0000 DB:86 nvmxdizc V:  4 H:199 F:18
					8491F1 F0 F2       BEQ $00F2     [8491E5] A:03A2 X:0E68 Y:03A2 S:0124 D:0000 DB:86 nvmxdiZC V:  4 H:207 F:18
					8491E5 B5 1C       LDA $1C,X     [000E84] A:03A2 X:0E68 Y:03A2 S:0124 D:0000 DB:86 nvmxdiZC V:  4 H:212 F:18
					8491E7 F0 F5       BEQ $00F5     [8491DE] A:F940 X:0E68 Y:03A2 S:0124 D:0000 DB:86 NvmxdizC V:  4 H:220 F:18
					8491E9 10 0A       BPL $000A     [8491F5] A:F940 X:0E68 Y:03A2 S:0124 D:0000 DB:86 NvmxdizC V:  4 H:223 F:18
					8491EB 80 55       BRA $0055     [849242] A:F940 X:0E68 Y:03A2 S:0124 D:0000 DB:86 NvmxdizC V:  4 H:226 F:18
					849242 E2 20       SEP #$20               A:F940 X:0E68 Y:03A2 S:0124 D:0000 DB:86 NvmxdizC V:  4 H:231 F:18
					849244 A0 04 00    LDY #$0004             A:F940 X:0E68 Y:03A2 S:0124 D:0000 DB:86 NvMxdizC V:  4 H:235 F:18
					849247 AD 1C 1F    LDA $1F1C     [861F1C] A:F940 X:0E68 Y:0004 S:0124 D:0000 DB:86 nvMxdizC V:  4 H:240 F:18
					84924A F0 03       BEQ $0003     [84924F] A:F900 X:0E68 Y:0004 S:0124 D:0000 DB:86 nvMxdiZC V:  4 H:246 F:18
					84924F B5 2F       LDA $2F,X     [000E97] A:F900 X:0E68 Y:0004 S:0124 D:0000 DB:86 nvMxdiZC V:  4 H:251 F:18
					849251 F0 03       BEQ $0003     [849256] A:F900 X:0E68 Y:0004 S:0124 D:0000 DB:86 nvMxdiZC V:  4 H:257 F:18
					849256 98          TYA                    A:F900 X:0E68 Y:0004 S:0124 D:0000 DB:86 nvMxdiZC V:  4 H:262 F:18
					849257 09 80       ORA #$80               A:F904 X:0E68 Y:0004 S:0124 D:0000 DB:86 nvMxdizC V:  4 H:265 F:18
					849259 85 08       STA $08       [000008] A:F984 X:0E68 Y:0004 S:0124 D:0000 DB:86 NvMxdizC V:  4 H:268 F:18
					84925B B4 20       LDY $20,X     [000E88] A:F984 X:0E68 Y:0004 S:0124 D:0000 DB:86 NvMxdizC V:  4 H:273 F:18
					84925D B9 06 00    LDA $0006,Y   [86CFD7] A:F984 X:0E68 Y:CFD1 S:0124 D:0000 DB:86 NvMxdizC V:  4 H:281 F:18
					849260 18          CLC                    A:F9FC X:0E68 Y:CFD1 S:0124 D:0000 DB:86 NvMxdizC V:  4 H:289 F:18
					849261 79 08 00    ADC $0008,Y   [86CFD9] A:F9FC X:0E68 Y:CFD1 S:0124 D:0000 DB:86 NvMxdizc V:  4 H:292 F:18
					849264 95 2A       STA $2A,X     [000E92] A:F903 X:0E68 Y:CFD1 S:0124 D:0000 DB:86 nvMxdizC V:  4 H:299 F:18
					849266 B9 05 00    LDA $0005,Y   [86CFD6] A:F903 X:0E68 Y:CFD1 S:0124 D:0000 DB:86 nvMxdizC V:  4 H:306 F:18
					849269 34 11       BIT $11,X     [000E79] A:F9E8 X:0E68 Y:CFD1 S:0124 D:0000 DB:86 NvMxdizC V:  4 H:313 F:18
					84926B 50 03       BVC $0003     [849270] A:F9E8 X:0E68 Y:CFD1 S:0124 D:0000 DB:86 nvMxdizC V:  4 H:320 F:18
					849270 95 29       STA $29,X     [000E91] A:F9E8 X:0E68 Y:CFD1 S:0124 D:0000 DB:86 nvMxdizC V:  4 H:324 F:18
					849272 20 C4 95    JSR $95C4     [8495C4] A:F9E8 X:0E68 Y:CFD1 S:0124 D:0000 DB:86 nvMxdizC V:  4 H:330 F:18

						8495C4 B5 2A       LDA $2A,X     [000E92] A:F9E8 X:0E68 Y:CFD1 S:0122 D:0000 DB:86 nvMxdizC V:  5 H:  0 F:18
						8495C6 48          PHA                    A:F903 X:0E68 Y:CFD1 S:0122 D:0000 DB:86 nvMxdizC V:  5 H:  6 F:18
						8495C7 A5 08       LDA $08       [000008] A:F903 X:0E68 Y:CFD1 S:0121 D:0000 DB:86 nvMxdizC V:  5 H: 11 F:18
						8495C9 29 7F       AND #$7F               A:F984 X:0E68 Y:CFD1 S:0121 D:0000 DB:86 NvMxdizC V:  5 H: 16 F:18
						8495CB 18          CLC                    A:F904 X:0E68 Y:CFD1 S:0121 D:0000 DB:86 nvMxdizC V:  5 H: 19 F:18
						8495CC 75 2A       ADC $2A,X     [000E92] A:F904 X:0E68 Y:CFD1 S:0121 D:0000 DB:86 nvMxdizc V:  5 H: 22 F:18
						8495CE 95 2A       STA $2A,X     [000E92] A:F907 X:0E68 Y:CFD1 S:0121 D:0000 DB:86 nvMxdizc V:  5 H: 29 F:18
						8495D0 20 B3 90    JSR $90B3     [8490B3] A:F907 X:0E68 Y:CFD1 S:0121 D:0000 DB:86 nvMxdizc V:  5 H: 35 F:18

							8490B3 0B          PHD                    A:F907 X:0E68 Y:CFD1 S:011F D:0000 DB:86 nvMxdizc V:  5 H: 45 F:18
							8490B4 DA          PHX                    A:F907 X:0E68 Y:CFD1 S:011D D:0000 DB:86 nvMxdizc V:  5 H: 52 F:18
							8490B5 08          PHP                    A:F907 X:0E68 Y:CFD1 S:011B D:0000 DB:86 nvMxdizc V:  5 H: 59 F:18
							8490B6 E2 20       SEP #$20               A:F907 X:0E68 Y:CFD1 S:011A D:0000 DB:86 nvMxdizc V:  5 H: 64 F:18
							8490B8 C2 10       REP #$10               A:F907 X:0E68 Y:CFD1 S:011A D:0000 DB:86 nvMxdizc V:  5 H: 69 F:18
							8490BA 64 01       STZ $01       [000001] A:F907 X:0E68 Y:CFD1 S:011A D:0000 DB:86 nvMxdizc V:  5 H: 73 F:18
							8490BC B5 29       LDA $29,X     [000E91] A:F907 X:0E68 Y:CFD1 S:011A D:0000 DB:86 nvMxdizc V:  5 H: 78 F:18
							8490BE 10 02       BPL $0002     [8490C2] A:F9E8 X:0E68 Y:CFD1 S:011A D:0000 DB:86 NvMxdizc V:  5 H: 85 F:18
							8490C0 C6 01       DEC $01       [000001] A:F9E8 X:0E68 Y:CFD1 S:011A D:0000 DB:86 NvMxdizc V:  5 H: 88 F:18
							8490C2 18          CLC                    A:F9E8 X:0E68 Y:CFD1 S:011A D:0000 DB:86 NvMxdizc V:  5 H: 96 F:18
							8490C3 75 05       ADC $05,X     [000E6D] A:F9E8 X:0E68 Y:CFD1 S:011A D:0000 DB:86 NvMxdizc V:  5 H: 99 F:18
							8490C5 85 00       STA $00       [000000] A:F966 X:0E68 Y:CFD1 S:011A D:0000 DB:86 nvMxdizC V:  5 H:106 F:18
							8490C7 B5 06       LDA $06,X     [000E6E] A:F966 X:0E68 Y:CFD1 S:011A D:0000 DB:86 nvMxdizC V:  5 H:111 F:18
							8490C9 65 01       ADC $01       [000001] A:F91D X:0E68 Y:CFD1 S:011A D:0000 DB:86 nvMxdizC V:  5 H:117 F:18
							8490CB 85 01       STA $01       [000001] A:F91D X:0E68 Y:CFD1 S:011A D:0000 DB:86 nvMxdizC V:  5 H:122 F:18
							8490CD 64 03       STZ $03       [000003] A:F91D X:0E68 Y:CFD1 S:011A D:0000 DB:86 nvMxdizC V:  5 H:127 F:18
							8490CF B5 2A       LDA $2A,X     [000E92] A:F91D X:0E68 Y:CFD1 S:011A D:0000 DB:86 nvMxdizC V:  5 H:132 F:18
							8490D1 10 02       BPL $0002     [8490D5] A:F907 X:0E68 Y:CFD1 S:011A D:0000 DB:86 nvMxdizC V:  5 H:149 F:18
							8490D5 18          CLC                    A:F907 X:0E68 Y:CFD1 S:011A D:0000 DB:86 nvMxdizC V:  5 H:153 F:18
							8490D6 75 08       ADC $08,X     [000E70] A:F907 X:0E68 Y:CFD1 S:011A D:0000 DB:86 nvMxdizc V:  5 H:156 F:18
							8490D8 85 02       STA $02       [000002] A:F9A9 X:0E68 Y:CFD1 S:011A D:0000 DB:86 NvMxdizc V:  5 H:163 F:18
							8490DA 29 F0       AND #$F0               A:F9A9 X:0E68 Y:CFD1 S:011A D:0000 DB:86 NvMxdizc V:  5 H:168 F:18
							8490DC 85 0A       STA $0A       [00000A] A:F9A0 X:0E68 Y:CFD1 S:011A D:0000 DB:86 NvMxdizc V:  5 H:171 F:18
							8490DE B5 09       LDA $09,X     [000E71] A:F9A0 X:0E68 Y:CFD1 S:011A D:0000 DB:86 NvMxdizc V:  5 H:176 F:18
							8490E0 65 03       ADC $03       [000003] A:F903 X:0E68 Y:CFD1 S:011A D:0000 DB:86 nvMxdizc V:  5 H:182 F:18
							8490E2 85 03       STA $03       [000003] A:F903 X:0E68 Y:CFD1 S:011A D:0000 DB:86 nvMxdizc V:  5 H:187 F:18
							8490E4 85 0B       STA $0B       [00000B] A:F903 X:0E68 Y:CFD1 S:011A D:0000 DB:86 nvMxdizc V:  5 H:192 F:18
							8490E6 A5 00       LDA $00       [000000] A:F903 X:0E68 Y:CFD1 S:011A D:0000 DB:86 nvMxdizc V:  5 H:197 F:18
							8490E8 29 0F       AND #$0F               A:F966 X:0E68 Y:CFD1 S:011A D:0000 DB:86 nvMxdizc V:  5 H:202 F:18
							8490EA 1A          INC                    A:F906 X:0E68 Y:CFD1 S:011A D:0000 DB:86 nvMxdizc V:  5 H:205 F:18
							8490EB 85 0C       STA $0C       [00000C] A:F907 X:0E68 Y:CFD1 S:011A D:0000 DB:86 nvMxdizc V:  5 H:208 F:18
							8490ED A5 02       LDA $02       [000002] A:F907 X:0E68 Y:CFD1 S:011A D:0000 DB:86 nvMxdizc V:  5 H:213 F:18
							8490EF 29 0F       AND #$0F               A:F9A9 X:0E68 Y:CFD1 S:011A D:0000 DB:86 NvMxdizc V:  5 H:218 F:18
							8490F1 1A          INC                    A:F909 X:0E68 Y:CFD1 S:011A D:0000 DB:86 nvMxdizc V:  5 H:221 F:18
							8490F2 85 0E       STA $0E       [00000E] A:F90A X:0E68 Y:CFD1 S:011A D:0000 DB:86 nvMxdizc V:  5 H:224 F:18
							8490F4 C2 20       REP #$20               A:F90A X:0E68 Y:CFD1 S:011A D:0000 DB:86 nvMxdizc V:  5 H:229 F:18
							8490F6 20 6A 91    JSR $916A     [84916A] A:F90A X:0E68 Y:CFD1 S:011A D:0000 DB:86 nvmxdizc V:  5 H:234 F:18

								84916A A9 00 E8    LDA #$E800             A:F90A X:0E68 Y:CFD1 S:0118 D:0000 DB:86 nvmxdizc V:  5 H:244 F:18
								84916D 85 10       STA $10       [000010] A:E800 X:0E68 Y:CFD1 S:0118 D:0000 DB:86 Nvmxdizc V:  5 H:248 F:18
								84916F A9 7E 00    LDA #$007E             A:E800 X:0E68 Y:CFD1 S:0118 D:0000 DB:86 Nvmxdizc V:  5 H:255 F:18
								849172 85 12       STA $12       [000012] A:007E X:0E68 Y:CFD1 S:0118 D:0000 DB:86 nvmxdizc V:  5 H:260 F:18
								849174 A5 02       LDA $02       [000002] A:007E X:0E68 Y:CFD1 S:0118 D:0000 DB:86 nvmxdizc V:  5 H:267 F:18
								849176 29 F0 00    AND #$00F0             A:03A9 X:0E68 Y:CFD1 S:0118 D:0000 DB:86 nvmxdizc V:  5 H:274 F:18
								849179 0A          ASL A                  A:00A0 X:0E68 Y:CFD1 S:0118 D:0000 DB:86 nvmxdizc V:  5 H:278 F:18
								84917A 85 04       STA $04       [000004] A:0140 X:0E68 Y:CFD1 S:0118 D:0000 DB:86 nvmxdizc V:  5 H:281 F:18
								84917C A5 00       LDA $00       [000000] A:0140 X:0E68 Y:CFD1 S:0118 D:0000 DB:86 nvmxdizc V:  5 H:288 F:18
								84917E 29 FF 00    AND #$00FF             A:1D66 X:0E68 Y:CFD1 S:0118 D:0000 DB:86 nvmxdizc V:  5 H:295 F:18
								849181 4A          LSR A                  A:0066 X:0E68 Y:CFD1 S:0118 D:0000 DB:86 nvmxdizc V:  5 H:300 F:18
								849182 4A          LSR A                  A:0033 X:0E68 Y:CFD1 S:0118 D:0000 DB:86 nvmxdizc V:  5 H:303 F:18
								849183 4A          LSR A                  A:0019 X:0E68 Y:CFD1 S:0118 D:0000 DB:86 nvmxdizC V:  5 H:306 F:18
								849184 29 FE FF    AND #$FFFE             A:000C X:0E68 Y:CFD1 S:0118 D:0000 DB:86 nvmxdizC V:  5 H:309 F:18
								849187 18          CLC                    A:000C X:0E68 Y:CFD1 S:0118 D:0000 DB:86 nvmxdizC V:  5 H:313 F:18
								849188 65 04       ADC $04       [000004] A:000C X:0E68 Y:CFD1 S:0118 D:0000 DB:86 nvmxdizc V:  5 H:316 F:18
								84918A 85 06       STA $06       [000006] A:014C X:0E68 Y:CFD1 S:0118 D:0000 DB:86 nvmxdizc V:  5 H:323 F:18
								84918C A5 00       LDA $00       [000000] A:014C X:0E68 Y:CFD1 S:0118 D:0000 DB:86 nvmxdizc V:  5 H:329 F:18
								84918E EB          XBA                    A:1D66 X:0E68 Y:CFD1 S:0118 D:0000 DB:86 nvmxdizc V:  5 H:336 F:18
								84918F 29 1F 00    AND #$001F             A:661D X:0E68 Y:CFD1 S:0118 D:0000 DB:86 nvmxdizc V:  6 H:  1 F:18
								849192 85 04       STA $04       [000004] A:001D X:0E68 Y:CFD1 S:0118 D:0000 DB:86 nvmxdizc V:  6 H:  5 F:18
								849194 A5 02       LDA $02       [000002] A:001D X:0E68 Y:CFD1 S:0118 D:0000 DB:86 nvmxdizc V:  6 H: 12 F:18
								849196 29 00 1F    AND #$1F00             A:03A9 X:0E68 Y:CFD1 S:0118 D:0000 DB:86 nvmxdizc V:  6 H: 19 F:18
								849199 4A          LSR A                  A:0300 X:0E68 Y:CFD1 S:0118 D:0000 DB:86 nvmxdizc V:  6 H: 24 F:18
								84919A 4A          LSR A                  A:0180 X:0E68 Y:CFD1 S:0118 D:0000 DB:86 nvmxdizc V:  6 H: 27 F:18
								84919B 4A          LSR A                  A:00C0 X:0E68 Y:CFD1 S:0118 D:0000 DB:86 nvmxdizc V:  6 H: 30 F:18
								84919C 18          CLC                    A:0060 X:0E68 Y:CFD1 S:0118 D:0000 DB:86 nvmxdizc V:  6 H: 33 F:18
								84919D 65 04       ADC $04       [000004] A:0060 X:0E68 Y:CFD1 S:0118 D:0000 DB:86 nvmxdizc V:  6 H: 36 F:18
								84919F A8          TAY                    A:007D X:0E68 Y:CFD1 S:0118 D:0000 DB:86 nvmxdizc V:  6 H: 43 F:18
								8491A0 B7 10       LDA [$10],Y   [7EE87D] A:007D X:0E68 Y:007D S:0118 D:0000 DB:86 nvmxdizc V:  6 H: 46 F:18
								8491A2 29 FF 00    AND #$00FF             A:0024 X:0E68 Y:007D S:0118 D:0000 DB:86 nvmxdizc V:  6 H: 59 F:18
								8491A5 A8          TAY                    A:0024 X:0E68 Y:007D S:0118 D:0000 DB:86 nvmxdizc V:  6 H: 63 F:18
								8491A6 EB          XBA                    A:0024 X:0E68 Y:0024 S:0118 D:0000 DB:86 nvmxdizc V:  6 H: 66 F:18
								8491A7 0A          ASL A                  A:2400 X:0E68 Y:0024 S:0118 D:0000 DB:86 nvmxdiZc V:  6 H: 71 F:18
								8491A8 18          CLC                    A:4800 X:0E68 Y:0024 S:0118 D:0000 DB:86 nvmxdizc V:  6 H: 74 F:18
								8491A9 65 06       ADC $06       [000006] A:4800 X:0E68 Y:0024 S:0118 D:0000 DB:86 nvmxdizc V:  6 H: 77 F:18
								8491AB AA          TAX                    A:494C X:0E68 Y:0024 S:0118 D:0000 DB:86 nvmxdizc V:  6 H: 84 F:18
								8491AC 60          RTS                    A:494C X:494C Y:0024 S:0118 D:0000 DB:86 nvmxdizc V:  6 H: 87 F:18

							8490F9 BF 00 20 7E LDA $7E2000,X [7E694C] A:494C X:494C Y:0024 S:011A D:0000 DB:86 nvmxdizc V:  6 H: 97 F:18
							8490FD A8          TAY                    A:01BC X:494C Y:0024 S:011A D:0000 DB:86 nvmxdizc V:  6 H:107 F:18
							8490FE AD 92 0B    LDA $0B92     [860B92] A:01BC X:494C Y:01BC S:011A D:0000 DB:86 nvmxdizc V:  6 H:110 F:18
							849101 85 10       STA $10       [000010] A:EB15 X:494C Y:01BC S:011A D:0000 DB:86 Nvmxdizc V:  6 H:118 F:18
							849103 AD 94 0B    LDA $0B94     [860B94] A:EB15 X:494C Y:01BC S:011A D:0000 DB:86 Nvmxdizc V:  6 H:125 F:18
							849106 85 12       STA $12       [000012] A:F895 X:494C Y:01BC S:011A D:0000 DB:86 Nvmxdizc V:  6 H:144 F:18
							849108 B7 10       LDA [$10],Y   [95ECD1] A:F895 X:494C Y:01BC S:011A D:0000 DB:86 Nvmxdizc V:  6 H:151 F:18
							84910A 29 FF 00    AND #$00FF             A:0000 X:494C Y:01BC S:011A D:0000 DB:86 nvmxdiZc V:  6 H:163 F:18
							84910D 28          PLP                    A:0000 X:494C Y:01BC S:011A D:0000 DB:86 nvmxdiZc V:  6 H:167 F:18
							84910E FA          PLX                    A:0000 X:494C Y:01BC S:011B D:0000 DB:86 nvMxdizc V:  6 H:174 F:18
							84910F 2B          PLD                    A:0000 X:0E68 Y:01BC S:011D D:0000 DB:86 nvMxdizc V:  6 H:182 F:18
							849110 60          RTS                    A:0000 X:0E68 Y:01BC S:011F D:0000 DB:86 nvMxdiZc V:  6 H:191 F:18

						8495D3 95 2E       STA $2E,X     [000E96] A:0000 X:0E68 Y:01BC S:0121 D:0000 DB:86 nvMxdiZc V:  6 H:201 F:18
						8495D5 85 18       STA $18       [000018] A:0000 X:0E68 Y:01BC S:0121 D:0000 DB:86 nvMxdiZc V:  6 H:207 F:18
						8495D7 29 3F       AND #$3F               A:0000 X:0E68 Y:01BC S:0121 D:0000 DB:86 nvMxdiZc V:  6 H:212 F:18
						8495D9 0A          ASL A                  A:0000 X:0E68 Y:01BC S:0121 D:0000 DB:86 nvMxdiZc V:  6 H:215 F:18
						8495DA EB          XBA                    A:0000 X:0E68 Y:01BC S:0121 D:0000 DB:86 nvMxdiZc V:  6 H:218 F:18
						8495DB A9 00       LDA #$00               A:0000 X:0E68 Y:01BC S:0121 D:0000 DB:86 nvMxdiZc V:  6 H:223 F:18
						8495DD EB          XBA                    A:0000 X:0E68 Y:01BC S:0121 D:0000 DB:86 nvMxdiZc V:  6 H:226 F:18
						8495DE A8          TAY                    A:0000 X:0E68 Y:01BC S:0121 D:0000 DB:86 nvMxdiZc V:  6 H:230 F:18
						8495DF 84 28       STY $28       [000028] A:0000 X:0E68 Y:0000 S:0121 D:0000 DB:86 nvMxdiZc V:  6 H:233 F:18
						8495E1 86 2C       STX $2C       [00002C] A:0000 X:0E68 Y:0000 S:0121 D:0000 DB:86 nvMxdiZc V:  6 H:240 F:18
						8495E3 68          PLA                    A:0000 X:0E68 Y:0000 S:0121 D:0000 DB:86 nvMxdiZc V:  6 H:247 F:18
						8495E4 95 2A       STA $2A,X     [000E92] A:0003 X:0E68 Y:0000 S:0122 D:0000 DB:86 nvMxdizc V:  6 H:254 F:18
						8495E6 A6 2C       LDX $2C       [00002C] A:0003 X:0E68 Y:0000 S:0122 D:0000 DB:86 nvMxdizc V:  6 H:260 F:18
						8495E8 A9 FB       LDA #$FB               A:0003 X:0E68 Y:0000 S:0122 D:0000 DB:86 nvMxdizc V:  6 H:267 F:18
						8495EA 35 2B       AND $2B,X     [000E93] A:00FB X:0E68 Y:0000 S:0122 D:0000 DB:86 NvMxdizc V:  6 H:270 F:18
						8495EC 95 2B       STA $2B,X     [000E93] A:0000 X:0E68 Y:0000 S:0122 D:0000 DB:86 nvMxdiZc V:  6 H:277 F:18
						8495EE 64 01       STZ $01       [000001] A:0000 X:0E68 Y:0000 S:0122 D:0000 DB:86 nvMxdiZc V:  6 H:283 F:18
						8495F0 B5 2A       LDA $2A,X     [000E92] A:0000 X:0E68 Y:0000 S:0122 D:0000 DB:86 nvMxdiZc V:  6 H:288 F:18
						8495F2 85 02       STA $02       [000002] A:0003 X:0E68 Y:0000 S:0122 D:0000 DB:86 nvMxdizc V:  6 H:295 F:18
						8495F4 64 03       STZ $03       [000003] A:0003 X:0E68 Y:0000 S:0122 D:0000 DB:86 nvMxdizc V:  6 H:300 F:18
						8495F6 B4 05       LDY $05,X     [000E6D] A:0003 X:0E68 Y:0000 S:0122 D:0000 DB:86 nvMxdizc V:  6 H:305 F:18
						8495F8 84 10       STY $10       [000010] A:0003 X:0E68 Y:1D7E S:0122 D:0000 DB:86 nvMxdizc V:  6 H:313 F:18
						8495FA B4 08       LDY $08,X     [000E70] A:0003 X:0E68 Y:1D7E S:0122 D:0000 DB:86 nvMxdizc V:  6 H:320 F:18
						8495FC 84 12       STY $12       [000012] A:0003 X:0E68 Y:03A2 S:0122 D:0000 DB:86 nvMxdizc V:  6 H:328 F:18
						8495FE A6 28       LDX $28       [000028] A:0003 X:0E68 Y:03A2 S:0122 D:0000 DB:86 nvMxdizc V:  6 H:335 F:18
						849600 FC 1C 96    JSR ($961C,X) [84961C] A:0003 X:0000 Y:03A2 S:0122 D:0000 DB:86 nvMxdiZc V:  7 H:  2 F:18

							84969C AD 1C 1F    LDA $1F1C     [861F1C] A:0003 X:0000 Y:03A2 S:0120 D:0000 DB:86 nvMxdiZc V:  7 H: 15 F:18
							84969F F0 11       BEQ $0011     [8496B2] A:0000 X:0000 Y:03A2 S:0120 D:0000 DB:86 nvMxdiZc V:  7 H: 21 F:18
							8496B2 A9 00       LDA #$00               A:0000 X:0000 Y:03A2 S:0120 D:0000 DB:86 nvMxdiZc V:  7 H: 26 F:18
							8496B4 60          RTS                    A:0000 X:0000 Y:03A2 S:0120 D:0000 DB:86 nvMxdiZc V:  7 H: 29 F:18

						849603 F0 11       BEQ $0011     [849616] A:0000 X:0000 Y:03A2 S:0122 D:0000 DB:86 nvMxdiZc V:  7 H: 39 F:18
						849616 A6 2C       LDX $2C       [00002C] A:0000 X:0000 Y:03A2 S:0122 D:0000 DB:86 nvMxdiZc V:  7 H: 43 F:18
						849618 20 08 93    JSR $9308     [849308] A:0000 X:0E68 Y:03A2 S:0122 D:0000 DB:86 nvMxdizc V:  7 H: 50 F:18

							849308 A5 14       LDA $14       [000014] A:0000 X:0E68 Y:03A2 S:0120 D:0000 DB:86 nvMxdizc V:  7 H: 60 F:18
							84930A F0 08       BEQ $0008     [849314] A:0000 X:0E68 Y:03A2 S:0120 D:0000 DB:86 nvMxdiZc V:  7 H: 65 F:18
							849314 60          RTS                    A:0000 X:0E68 Y:03A2 S:0120 D:0000 DB:86 nvMxdiZc V:  7 H: 70 F:18

						84961B 60          RTS                    A:0000 X:0E68 Y:03A2 S:0122 D:0000 DB:86 nvMxdiZc V:  7 H: 80 F:18

					849275 D0 32       BNE $0032     [8492A9] A:0000 X:0E68 Y:03A2 S:0124 D:0000 DB:86 nvMxdiZc V:  7 H: 90 F:18
					849277 A5 08       LDA $08       [000008] A:0000 X:0E68 Y:03A2 S:0124 D:0000 DB:86 nvMxdiZc V:  7 H: 93 F:18
					849279 29 7F       AND #$7F               A:0084 X:0E68 Y:03A2 S:0124 D:0000 DB:86 NvMxdizc V:  7 H: 98 F:18
					84927B 85 08       STA $08       [000008] A:0004 X:0E68 Y:03A2 S:0124 D:0000 DB:86 nvMxdizc V:  7 H:101 F:18
					84927D B4 20       LDY $20,X     [000E88] A:0004 X:0E68 Y:03A2 S:0124 D:0000 DB:86 nvMxdizc V:  7 H:106 F:18
					84927F B9 05 00    LDA $0005,Y   [86CFD6] A:0004 X:0E68 Y:CFD1 S:0124 D:0000 DB:86 NvMxdizc V:  7 H:114 F:18
					849282 34 11       BIT $11,X     [000E79] A:00E8 X:0E68 Y:CFD1 S:0124 D:0000 DB:86 NvMxdizc V:  7 H:122 F:18
					849284 50 03       BVC $0003     [849289] A:00E8 X:0E68 Y:CFD1 S:0124 D:0000 DB:86 nvMxdizc V:  7 H:128 F:18
					849289 38          SEC                    A:00E8 X:0E68 Y:CFD1 S:0124 D:0000 DB:86 nvMxdizc V:  7 H:133 F:18
					84928A F9 07 00    SBC $0007,Y   [86CFD8] A:00E8 X:0E68 Y:CFD1 S:0124 D:0000 DB:86 nvMxdizC V:  7 H:146 F:18
					84928D 95 29       STA $29,X     [000E91] A:00D0 X:0E68 Y:CFD1 S:0124 D:0000 DB:86 NvMxdizC V:  7 H:153 F:18
					84928F 20 C4 95    JSR $95C4     [8495C4] A:00D0 X:0E68 Y:CFD1 S:0124 D:0000 DB:86 NvMxdizC V:  7 H:160 F:18

						8495C4 B5 2A       LDA $2A,X     [000E92] A:00D0 X:0E68 Y:CFD1 S:0122 D:0000 DB:86 NvMxdizC V:  7 H:170 F:18
						8495C6 48          PHA                    A:0003 X:0E68 Y:CFD1 S:0122 D:0000 DB:86 nvMxdizC V:  7 H:176 F:18
						8495C7 A5 08       LDA $08       [000008] A:0003 X:0E68 Y:CFD1 S:0121 D:0000 DB:86 nvMxdizC V:  7 H:181 F:18
						8495C9 29 7F       AND #$7F               A:0004 X:0E68 Y:CFD1 S:0121 D:0000 DB:86 nvMxdizC V:  7 H:186 F:18
						8495CB 18          CLC                    A:0004 X:0E68 Y:CFD1 S:0121 D:0000 DB:86 nvMxdizC V:  7 H:189 F:18
						8495CC 75 2A       ADC $2A,X     [000E92] A:0004 X:0E68 Y:CFD1 S:0121 D:0000 DB:86 nvMxdizc V:  7 H:192 F:18
						8495CE 95 2A       STA $2A,X     [000E92] A:0007 X:0E68 Y:CFD1 S:0121 D:0000 DB:86 nvMxdizc V:  7 H:199 F:18
						8495D0 20 B3 90    JSR $90B3     [8490B3] A:0007 X:0E68 Y:CFD1 S:0121 D:0000 DB:86 nvMxdizc V:  7 H:205 F:18

							8490B3 0B          PHD                    A:0007 X:0E68 Y:CFD1 S:011F D:0000 DB:86 nvMxdizc V:  7 H:215 F:18
							8490B4 DA          PHX                    A:0007 X:0E68 Y:CFD1 S:011D D:0000 DB:86 nvMxdizc V:  7 H:222 F:18
							8490B5 08          PHP                    A:0007 X:0E68 Y:CFD1 S:011B D:0000 DB:86 nvMxdizc V:  7 H:229 F:18
							8490B6 E2 20       SEP #$20               A:0007 X:0E68 Y:CFD1 S:011A D:0000 DB:86 nvMxdizc V:  7 H:234 F:18
							8490B8 C2 10       REP #$10               A:0007 X:0E68 Y:CFD1 S:011A D:0000 DB:86 nvMxdizc V:  7 H:239 F:18
							8490BA 64 01       STZ $01       [000001] A:0007 X:0E68 Y:CFD1 S:011A D:0000 DB:86 nvMxdizc V:  7 H:243 F:18
							8490BC B5 29       LDA $29,X     [000E91] A:0007 X:0E68 Y:CFD1 S:011A D:0000 DB:86 nvMxdizc V:  7 H:248 F:18
							8490BE 10 02       BPL $0002     [8490C2] A:00D0 X:0E68 Y:CFD1 S:011A D:0000 DB:86 NvMxdizc V:  7 H:255 F:18
							8490C0 C6 01       DEC $01       [000001] A:00D0 X:0E68 Y:CFD1 S:011A D:0000 DB:86 NvMxdizc V:  7 H:258 F:18
							8490C2 18          CLC                    A:00D0 X:0E68 Y:CFD1 S:011A D:0000 DB:86 NvMxdizc V:  7 H:266 F:18
							8490C3 75 05       ADC $05,X     [000E6D] A:00D0 X:0E68 Y:CFD1 S:011A D:0000 DB:86 NvMxdizc V:  7 H:269 F:18
							8490C5 85 00       STA $00       [000000] A:004E X:0E68 Y:CFD1 S:011A D:0000 DB:86 nvMxdizC V:  7 H:276 F:18
							8490C7 B5 06       LDA $06,X     [000E6E] A:004E X:0E68 Y:CFD1 S:011A D:0000 DB:86 nvMxdizC V:  7 H:281 F:18
							8490C9 65 01       ADC $01       [000001] A:001D X:0E68 Y:CFD1 S:011A D:0000 DB:86 nvMxdizC V:  7 H:287 F:18
							8490CB 85 01       STA $01       [000001] A:001D X:0E68 Y:CFD1 S:011A D:0000 DB:86 nvMxdizC V:  7 H:292 F:18
							8490CD 64 03       STZ $03       [000003] A:001D X:0E68 Y:CFD1 S:011A D:0000 DB:86 nvMxdizC V:  7 H:297 F:18
							8490CF B5 2A       LDA $2A,X     [000E92] A:001D X:0E68 Y:CFD1 S:011A D:0000 DB:86 nvMxdizC V:  7 H:302 F:18
							8490D1 10 02       BPL $0002     [8490D5] A:0007 X:0E68 Y:CFD1 S:011A D:0000 DB:86 nvMxdizC V:  7 H:309 F:18
							8490D5 18          CLC                    A:0007 X:0E68 Y:CFD1 S:011A D:0000 DB:86 nvMxdizC V:  7 H:313 F:18
							8490D6 75 08       ADC $08,X     [000E70] A:0007 X:0E68 Y:CFD1 S:011A D:0000 DB:86 nvMxdizc V:  7 H:316 F:18
							8490D8 85 02       STA $02       [000002] A:00A9 X:0E68 Y:CFD1 S:011A D:0000 DB:86 NvMxdizc V:  7 H:323 F:18
							8490DA 29 F0       AND #$F0               A:00A9 X:0E68 Y:CFD1 S:011A D:0000 DB:86 NvMxdizc V:  7 H:327 F:18
							8490DC 85 0A       STA $0A       [00000A] A:00A0 X:0E68 Y:CFD1 S:011A D:0000 DB:86 NvMxdizc V:  7 H:330 F:18
							8490DE B5 09       LDA $09,X     [000E71] A:00A0 X:0E68 Y:CFD1 S:011A D:0000 DB:86 NvMxdizc V:  7 H:335 F:18
							8490E0 65 03       ADC $03       [000003] A:0003 X:0E68 Y:CFD1 S:011A D:0000 DB:86 nvMxdizc V:  8 H:  1 F:18
							8490E2 85 03       STA $03       [000003] A:0003 X:0E68 Y:CFD1 S:011A D:0000 DB:86 nvMxdizc V:  8 H:  6 F:18
							8490E4 85 0B       STA $0B       [00000B] A:0003 X:0E68 Y:CFD1 S:011A D:0000 DB:86 nvMxdizc V:  8 H: 11 F:18
							8490E6 A5 00       LDA $00       [000000] A:0003 X:0E68 Y:CFD1 S:011A D:0000 DB:86 nvMxdizc V:  8 H: 16 F:18
							8490E8 29 0F       AND #$0F               A:004E X:0E68 Y:CFD1 S:011A D:0000 DB:86 nvMxdizc V:  8 H: 21 F:18
							8490EA 1A          INC                    A:000E X:0E68 Y:CFD1 S:011A D:0000 DB:86 nvMxdizc V:  8 H: 24 F:18
							8490EB 85 0C       STA $0C       [00000C] A:000F X:0E68 Y:CFD1 S:011A D:0000 DB:86 nvMxdizc V:  8 H: 27 F:18
							8490ED A5 02       LDA $02       [000002] A:000F X:0E68 Y:CFD1 S:011A D:0000 DB:86 nvMxdizc V:  8 H: 32 F:18
							8490EF 29 0F       AND #$0F               A:00A9 X:0E68 Y:CFD1 S:011A D:0000 DB:86 NvMxdizc V:  8 H: 37 F:18
							8490F1 1A          INC                    A:0009 X:0E68 Y:CFD1 S:011A D:0000 DB:86 nvMxdizc V:  8 H: 40 F:18
							8490F2 85 0E       STA $0E       [00000E] A:000A X:0E68 Y:CFD1 S:011A D:0000 DB:86 nvMxdizc V:  8 H: 43 F:18
							8490F4 C2 20       REP #$20               A:000A X:0E68 Y:CFD1 S:011A D:0000 DB:86 nvMxdizc V:  8 H: 48 F:18
							8490F6 20 6A 91    JSR $916A     [84916A] A:000A X:0E68 Y:CFD1 S:011A D:0000 DB:86 nvmxdizc V:  8 H: 53 F:18

								84916A A9 00 E8    LDA #$E800             A:000A X:0E68 Y:CFD1 S:0118 D:0000 DB:86 nvmxdizc V:  8 H: 63 F:18
								84916D 85 10       STA $10       [000010] A:E800 X:0E68 Y:CFD1 S:0118 D:0000 DB:86 Nvmxdizc V:  8 H: 67 F:18
								84916F A9 7E 00    LDA #$007E             A:E800 X:0E68 Y:CFD1 S:0118 D:0000 DB:86 Nvmxdizc V:  8 H: 74 F:18
								849172 85 12       STA $12       [000012] A:007E X:0E68 Y:CFD1 S:0118 D:0000 DB:86 nvmxdizc V:  8 H: 79 F:18
								849174 A5 02       LDA $02       [000002] A:007E X:0E68 Y:CFD1 S:0118 D:0000 DB:86 nvmxdizc V:  8 H: 86 F:18
								849176 29 F0 00    AND #$00F0             A:03A9 X:0E68 Y:CFD1 S:0118 D:0000 DB:86 nvmxdizc V:  8 H: 93 F:18
								849179 0A          ASL A                  A:00A0 X:0E68 Y:CFD1 S:0118 D:0000 DB:86 nvmxdizc V:  8 H: 97 F:18
								84917A 85 04       STA $04       [000004] A:0140 X:0E68 Y:CFD1 S:0118 D:0000 DB:86 nvmxdizc V:  8 H:100 F:18
								84917C A5 00       LDA $00       [000000] A:0140 X:0E68 Y:CFD1 S:0118 D:0000 DB:86 nvmxdizc V:  8 H:107 F:18
								84917E 29 FF 00    AND #$00FF             A:1D4E X:0E68 Y:CFD1 S:0118 D:0000 DB:86 nvmxdizc V:  8 H:114 F:18
								849181 4A          LSR A                  A:004E X:0E68 Y:CFD1 S:0118 D:0000 DB:86 nvmxdizc V:  8 H:119 F:18
								849182 4A          LSR A                  A:0027 X:0E68 Y:CFD1 S:0118 D:0000 DB:86 nvmxdizc V:  8 H:122 F:18
								849183 4A          LSR A                  A:0013 X:0E68 Y:CFD1 S:0118 D:0000 DB:86 nvmxdizC V:  8 H:125 F:18
								849184 29 FE FF    AND #$FFFE             A:0009 X:0E68 Y:CFD1 S:0118 D:0000 DB:86 nvmxdizC V:  8 H:128 F:18
								849187 18          CLC                    A:0008 X:0E68 Y:CFD1 S:0118 D:0000 DB:86 nvmxdizC V:  8 H:132 F:18
								849188 65 04       ADC $04       [000004] A:0008 X:0E68 Y:CFD1 S:0118 D:0000 DB:86 nvmxdizc V:  8 H:145 F:18
								84918A 85 06       STA $06       [000006] A:0148 X:0E68 Y:CFD1 S:0118 D:0000 DB:86 nvmxdizc V:  8 H:152 F:18
								84918C A5 00       LDA $00       [000000] A:0148 X:0E68 Y:CFD1 S:0118 D:0000 DB:86 nvmxdizc V:  8 H:159 F:18
								84918E EB          XBA                    A:1D4E X:0E68 Y:CFD1 S:0118 D:0000 DB:86 nvmxdizc V:  8 H:166 F:18
								84918F 29 1F 00    AND #$001F             A:4E1D X:0E68 Y:CFD1 S:0118 D:0000 DB:86 nvmxdizc V:  8 H:171 F:18
								849192 85 04       STA $04       [000004] A:001D X:0E68 Y:CFD1 S:0118 D:0000 DB:86 nvmxdizc V:  8 H:175 F:18
								849194 A5 02       LDA $02       [000002] A:001D X:0E68 Y:CFD1 S:0118 D:0000 DB:86 nvmxdizc V:  8 H:182 F:18
								849196 29 00 1F    AND #$1F00             A:03A9 X:0E68 Y:CFD1 S:0118 D:0000 DB:86 nvmxdizc V:  8 H:189 F:18
								849199 4A          LSR A                  A:0300 X:0E68 Y:CFD1 S:0118 D:0000 DB:86 nvmxdizc V:  8 H:194 F:18
								84919A 4A          LSR A                  A:0180 X:0E68 Y:CFD1 S:0118 D:0000 DB:86 nvmxdizc V:  8 H:197 F:18
								84919B 4A          LSR A                  A:00C0 X:0E68 Y:CFD1 S:0118 D:0000 DB:86 nvmxdizc V:  8 H:200 F:18
								84919C 18          CLC                    A:0060 X:0E68 Y:CFD1 S:0118 D:0000 DB:86 nvmxdizc V:  8 H:203 F:18
								84919D 65 04       ADC $04       [000004] A:0060 X:0E68 Y:CFD1 S:0118 D:0000 DB:86 nvmxdizc V:  8 H:206 F:18
								84919F A8          TAY                    A:007D X:0E68 Y:CFD1 S:0118 D:0000 DB:86 nvmxdizc V:  8 H:213 F:18
								8491A0 B7 10       LDA [$10],Y   [7EE87D] A:007D X:0E68 Y:007D S:0118 D:0000 DB:86 nvmxdizc V:  8 H:216 F:18
								8491A2 29 FF 00    AND #$00FF             A:0024 X:0E68 Y:007D S:0118 D:0000 DB:86 nvmxdizc V:  8 H:229 F:18
								8491A5 A8          TAY                    A:0024 X:0E68 Y:007D S:0118 D:0000 DB:86 nvmxdizc V:  8 H:233 F:18
								8491A6 EB          XBA                    A:0024 X:0E68 Y:0024 S:0118 D:0000 DB:86 nvmxdizc V:  8 H:236 F:18
								8491A7 0A          ASL A                  A:2400 X:0E68 Y:0024 S:0118 D:0000 DB:86 nvmxdiZc V:  8 H:241 F:18
								8491A8 18          CLC                    A:4800 X:0E68 Y:0024 S:0118 D:0000 DB:86 nvmxdizc V:  8 H:244 F:18
								8491A9 65 06       ADC $06       [000006] A:4800 X:0E68 Y:0024 S:0118 D:0000 DB:86 nvmxdizc V:  8 H:247 F:18
								8491AB AA          TAX                    A:4948 X:0E68 Y:0024 S:0118 D:0000 DB:86 nvmxdizc V:  8 H:254 F:18
								8491AC 60          RTS                    A:4948 X:4948 Y:0024 S:0118 D:0000 DB:86 nvmxdizc V:  8 H:257 F:18

							8490F9 BF 00 20 7E LDA $7E2000,X [7E6948] A:4948 X:4948 Y:0024 S:011A D:0000 DB:86 nvmxdizc V:  8 H:267 F:18
							8490FD A8          TAY                    A:01BB X:4948 Y:0024 S:011A D:0000 DB:86 nvmxdizc V:  8 H:277 F:18
							8490FE AD 92 0B    LDA $0B92     [860B92] A:01BB X:4948 Y:01BB S:011A D:0000 DB:86 nvmxdizc V:  8 H:280 F:18
							849101 85 10       STA $10       [000010] A:EB15 X:4948 Y:01BB S:011A D:0000 DB:86 Nvmxdizc V:  8 H:288 F:18
							849103 AD 94 0B    LDA $0B94     [860B94] A:EB15 X:4948 Y:01BB S:011A D:0000 DB:86 Nvmxdizc V:  8 H:295 F:18
							849106 85 12       STA $12       [000012] A:F895 X:4948 Y:01BB S:011A D:0000 DB:86 Nvmxdizc V:  8 H:304 F:18
							849108 B7 10       LDA [$10],Y   [95ECD0] A:F895 X:4948 Y:01BB S:011A D:0000 DB:86 Nvmxdizc V:  8 H:311 F:18
							84910A 29 FF 00    AND #$00FF             A:0000 X:4948 Y:01BB S:011A D:0000 DB:86 nvmxdiZc V:  8 H:323 F:18
							84910D 28          PLP                    A:0000 X:4948 Y:01BB S:011A D:0000 DB:86 nvmxdiZc V:  8 H:327 F:18
							84910E FA          PLX                    A:0000 X:4948 Y:01BB S:011B D:0000 DB:86 nvMxdizc V:  8 H:333 F:18
							84910F 2B          PLD                    A:0000 X:0E68 Y:01BB S:011D D:0000 DB:86 nvMxdizc V:  9 H:  1 F:18
							849110 60          RTS                    A:0000 X:0E68 Y:01BB S:011F D:0000 DB:86 nvMxdiZc V:  9 H: 10 F:18

						8495D3 95 2E       STA $2E,X     [000E96] A:0000 X:0E68 Y:01BB S:0121 D:0000 DB:86 nvMxdiZc V:  9 H: 20 F:18
						8495D5 85 18       STA $18       [000018] A:0000 X:0E68 Y:01BB S:0121 D:0000 DB:86 nvMxdiZc V:  9 H: 26 F:18
						8495D7 29 3F       AND #$3F               A:0000 X:0E68 Y:01BB S:0121 D:0000 DB:86 nvMxdiZc V:  9 H: 31 F:18
						8495D9 0A          ASL A                  A:0000 X:0E68 Y:01BB S:0121 D:0000 DB:86 nvMxdiZc V:  9 H: 34 F:18
						8495DA EB          XBA                    A:0000 X:0E68 Y:01BB S:0121 D:0000 DB:86 nvMxdiZc V:  9 H: 37 F:18
						8495DB A9 00       LDA #$00               A:0000 X:0E68 Y:01BB S:0121 D:0000 DB:86 nvMxdiZc V:  9 H: 42 F:18
						8495DD EB          XBA                    A:0000 X:0E68 Y:01BB S:0121 D:0000 DB:86 nvMxdiZc V:  9 H: 45 F:18
						8495DE A8          TAY                    A:0000 X:0E68 Y:01BB S:0121 D:0000 DB:86 nvMxdiZc V:  9 H: 49 F:18
						8495DF 84 28       STY $28       [000028] A:0000 X:0E68 Y:0000 S:0121 D:0000 DB:86 nvMxdiZc V:  9 H: 52 F:18
						8495E1 86 2C       STX $2C       [00002C] A:0000 X:0E68 Y:0000 S:0121 D:0000 DB:86 nvMxdiZc V:  9 H: 59 F:18
						8495E3 68          PLA                    A:0000 X:0E68 Y:0000 S:0121 D:0000 DB:86 nvMxdiZc V:  9 H: 66 F:18
						8495E4 95 2A       STA $2A,X     [000E92] A:0003 X:0E68 Y:0000 S:0122 D:0000 DB:86 nvMxdizc V:  9 H: 73 F:18
						8495E6 A6 2C       LDX $2C       [00002C] A:0003 X:0E68 Y:0000 S:0122 D:0000 DB:86 nvMxdizc V:  9 H: 79 F:18
						8495E8 A9 FB       LDA #$FB               A:0003 X:0E68 Y:0000 S:0122 D:0000 DB:86 nvMxdizc V:  9 H: 86 F:18
						8495EA 35 2B       AND $2B,X     [000E93] A:00FB X:0E68 Y:0000 S:0122 D:0000 DB:86 NvMxdizc V:  9 H: 89 F:18
						8495EC 95 2B       STA $2B,X     [000E93] A:0000 X:0E68 Y:0000 S:0122 D:0000 DB:86 nvMxdiZc V:  9 H: 96 F:18
						8495EE 64 01       STZ $01       [000001] A:0000 X:0E68 Y:0000 S:0122 D:0000 DB:86 nvMxdiZc V:  9 H:102 F:18
						8495F0 B5 2A       LDA $2A,X     [000E92] A:0000 X:0E68 Y:0000 S:0122 D:0000 DB:86 nvMxdiZc V:  9 H:107 F:18
						8495F2 85 02       STA $02       [000002] A:0003 X:0E68 Y:0000 S:0122 D:0000 DB:86 nvMxdizc V:  9 H:114 F:18
						8495F4 64 03       STZ $03       [000003] A:0003 X:0E68 Y:0000 S:0122 D:0000 DB:86 nvMxdizc V:  9 H:119 F:18
						8495F6 B4 05       LDY $05,X     [000E6D] A:0003 X:0E68 Y:0000 S:0122 D:0000 DB:86 nvMxdizc V:  9 H:124 F:18
						8495F8 84 10       STY $10       [000010] A:0003 X:0E68 Y:1D7E S:0122 D:0000 DB:86 nvMxdizc V:  9 H:132 F:18
						8495FA B4 08       LDY $08,X     [000E70] A:0003 X:0E68 Y:1D7E S:0122 D:0000 DB:86 nvMxdizc V:  9 H:149 F:18
						8495FC 84 12       STY $12       [000012] A:0003 X:0E68 Y:03A2 S:0122 D:0000 DB:86 nvMxdizc V:  9 H:158 F:18
						8495FE A6 28       LDX $28       [000028] A:0003 X:0E68 Y:03A2 S:0122 D:0000 DB:86 nvMxdizc V:  9 H:165 F:18
						849600 FC 1C 96    JSR ($961C,X) [84961C] A:0003 X:0000 Y:03A2 S:0122 D:0000 DB:86 nvMxdiZc V:  9 H:172 F:18

							84969C AD 1C 1F    LDA $1F1C     [861F1C] A:0003 X:0000 Y:03A2 S:0120 D:0000 DB:86 nvMxdiZc V:  9 H:185 F:18
							84969F F0 11       BEQ $0011     [8496B2] A:0000 X:0000 Y:03A2 S:0120 D:0000 DB:86 nvMxdiZc V:  9 H:191 F:18
							8496B2 A9 00       LDA #$00               A:0000 X:0000 Y:03A2 S:0120 D:0000 DB:86 nvMxdiZc V:  9 H:196 F:18
							8496B4 60          RTS                    A:0000 X:0000 Y:03A2 S:0120 D:0000 DB:86 nvMxdiZc V:  9 H:199 F:18

						849603 F0 11       BEQ $0011     [849616] A:0000 X:0000 Y:03A2 S:0122 D:0000 DB:86 nvMxdiZc V:  9 H:209 F:18
						849616 A6 2C       LDX $2C       [00002C] A:0000 X:0000 Y:03A2 S:0122 D:0000 DB:86 nvMxdiZc V:  9 H:213 F:18
						849618 20 08 93    JSR $9308     [849308] A:0000 X:0E68 Y:03A2 S:0122 D:0000 DB:86 nvMxdizc V:  9 H:220 F:18

							849308 A5 14       LDA $14       [000014] A:0000 X:0E68 Y:03A2 S:0120 D:0000 DB:86 nvMxdizc V:  9 H:230 F:18
							84930A F0 08       BEQ $0008     [849314] A:0000 X:0E68 Y:03A2 S:0120 D:0000 DB:86 nvMxdiZc V:  9 H:235 F:18
							849314 60          RTS                    A:0000 X:0E68 Y:03A2 S:0120 D:0000 DB:86 nvMxdiZc V:  9 H:240 F:18

						84961B 60          RTS                    A:0000 X:0E68 Y:03A2 S:0122 D:0000 DB:86 nvMxdiZc V:  9 H:250 F:18

					849292 D0 15       BNE $0015     [8492A9] A:0000 X:0E68 Y:03A2 S:0124 D:0000 DB:86 nvMxdiZc V:  9 H:260 F:18
					849294 B4 20       LDY $20,X     [000E88] A:0000 X:0E68 Y:03A2 S:0124 D:0000 DB:86 nvMxdiZc V:  9 H:263 F:18
					849296 B9 05 00    LDA $0005,Y   [86CFD6] A:0000 X:0E68 Y:CFD1 S:0124 D:0000 DB:86 NvMxdizc V:  9 H:271 F:18
					849299 34 11       BIT $11,X     [000E79] A:00E8 X:0E68 Y:CFD1 S:0124 D:0000 DB:86 NvMxdizc V:  9 H:279 F:18
					84929B 50 03       BVC $0003     [8492A0] A:00E8 X:0E68 Y:CFD1 S:0124 D:0000 DB:86 nvMxdizc V:  9 H:285 F:18
					8492A0 18          CLC                    A:00E8 X:0E68 Y:CFD1 S:0124 D:0000 DB:86 nvMxdizc V:  9 H:290 F:18
					8492A1 79 07 00    ADC $0007,Y   [86CFD8] A:00E8 X:0E68 Y:CFD1 S:0124 D:0000 DB:86 nvMxdizc V:  9 H:293 F:18
					8492A4 95 29       STA $29,X     [000E91] A:0000 X:0E68 Y:CFD1 S:0124 D:0000 DB:86 nvMxdiZC V:  9 H:300 F:18
					8492A6 20 C4 95    JSR $95C4     [8495C4] A:0000 X:0E68 Y:CFD1 S:0124 D:0000 DB:86 nvMxdiZC V:  9 H:307 F:18

						8495C4 B5 2A       LDA $2A,X     [000E92] A:0000 X:0E68 Y:CFD1 S:0122 D:0000 DB:86 nvMxdiZC V:  9 H:317 F:18
						8495C6 48          PHA                    A:0003 X:0E68 Y:CFD1 S:0122 D:0000 DB:86 nvMxdizC V:  9 H:323 F:18
						8495C7 A5 08       LDA $08       [000008] A:0003 X:0E68 Y:CFD1 S:0121 D:0000 DB:86 nvMxdizC V:  9 H:327 F:18
						8495C9 29 7F       AND #$7F               A:0004 X:0E68 Y:CFD1 S:0121 D:0000 DB:86 nvMxdizC V:  9 H:332 F:18
						8495CB 18          CLC                    A:0004 X:0E68 Y:CFD1 S:0121 D:0000 DB:86 nvMxdizC V:  9 H:335 F:18
						8495CC 75 2A       ADC $2A,X     [000E92] A:0004 X:0E68 Y:CFD1 S:0121 D:0000 DB:86 nvMxdizc V:  9 H:338 F:18
						8495CE 95 2A       STA $2A,X     [000E92] A:0007 X:0E68 Y:CFD1 S:0121 D:0000 DB:86 nvMxdizc V: 10 H:  5 F:18
						8495D0 20 B3 90    JSR $90B3     [8490B3] A:0007 X:0E68 Y:CFD1 S:0121 D:0000 DB:86 nvMxdizc V: 10 H: 11 F:18

							8490B3 0B          PHD                    A:0007 X:0E68 Y:CFD1 S:011F D:0000 DB:86 nvMxdizc V: 10 H: 21 F:18
							8490B4 DA          PHX                    A:0007 X:0E68 Y:CFD1 S:011D D:0000 DB:86 nvMxdizc V: 10 H: 28 F:18
							8490B5 08          PHP                    A:0007 X:0E68 Y:CFD1 S:011B D:0000 DB:86 nvMxdizc V: 10 H: 35 F:18
							8490B6 E2 20       SEP #$20               A:0007 X:0E68 Y:CFD1 S:011A D:0000 DB:86 nvMxdizc V: 10 H: 40 F:18
							8490B8 C2 10       REP #$10               A:0007 X:0E68 Y:CFD1 S:011A D:0000 DB:86 nvMxdizc V: 10 H: 45 F:18
							8490BA 64 01       STZ $01       [000001] A:0007 X:0E68 Y:CFD1 S:011A D:0000 DB:86 nvMxdizc V: 10 H: 49 F:18
							8490BC B5 29       LDA $29,X     [000E91] A:0007 X:0E68 Y:CFD1 S:011A D:0000 DB:86 nvMxdizc V: 10 H: 54 F:18
							8490BE 10 02       BPL $0002     [8490C2] A:0000 X:0E68 Y:CFD1 S:011A D:0000 DB:86 nvMxdiZc V: 10 H: 61 F:18
							8490C2 18          CLC                    A:0000 X:0E68 Y:CFD1 S:011A D:0000 DB:86 nvMxdiZc V: 10 H: 65 F:18
							8490C3 75 05       ADC $05,X     [000E6D] A:0000 X:0E68 Y:CFD1 S:011A D:0000 DB:86 nvMxdiZc V: 10 H: 68 F:18
							8490C5 85 00       STA $00       [000000] A:007E X:0E68 Y:CFD1 S:011A D:0000 DB:86 nvMxdizc V: 10 H: 75 F:18
							8490C7 B5 06       LDA $06,X     [000E6E] A:007E X:0E68 Y:CFD1 S:011A D:0000 DB:86 nvMxdizc V: 10 H: 80 F:18
							8490C9 65 01       ADC $01       [000001] A:001D X:0E68 Y:CFD1 S:011A D:0000 DB:86 nvMxdizc V: 10 H: 86 F:18
							8490CB 85 01       STA $01       [000001] A:001D X:0E68 Y:CFD1 S:011A D:0000 DB:86 nvMxdizc V: 10 H: 91 F:18
							8490CD 64 03       STZ $03       [000003] A:001D X:0E68 Y:CFD1 S:011A D:0000 DB:86 nvMxdizc V: 10 H: 96 F:18
							8490CF B5 2A       LDA $2A,X     [000E92] A:001D X:0E68 Y:CFD1 S:011A D:0000 DB:86 nvMxdizc V: 10 H:101 F:18
							8490D1 10 02       BPL $0002     [8490D5] A:0007 X:0E68 Y:CFD1 S:011A D:0000 DB:86 nvMxdizc V: 10 H:108 F:18
							8490D5 18          CLC                    A:0007 X:0E68 Y:CFD1 S:011A D:0000 DB:86 nvMxdizc V: 10 H:112 F:18
							8490D6 75 08       ADC $08,X     [000E70] A:0007 X:0E68 Y:CFD1 S:011A D:0000 DB:86 nvMxdizc V: 10 H:115 F:18
							8490D8 85 02       STA $02       [000002] A:00A9 X:0E68 Y:CFD1 S:011A D:0000 DB:86 NvMxdizc V: 10 H:122 F:18
							8490DA 29 F0       AND #$F0               A:00A9 X:0E68 Y:CFD1 S:011A D:0000 DB:86 NvMxdizc V: 10 H:127 F:18
							8490DC 85 0A       STA $0A       [00000A] A:00A0 X:0E68 Y:CFD1 S:011A D:0000 DB:86 NvMxdizc V: 10 H:130 F:18
							8490DE B5 09       LDA $09,X     [000E71] A:00A0 X:0E68 Y:CFD1 S:011A D:0000 DB:86 NvMxdizc V: 10 H:145 F:18
							8490E0 65 03       ADC $03       [000003] A:0003 X:0E68 Y:CFD1 S:011A D:0000 DB:86 nvMxdizc V: 10 H:151 F:18
							8490E2 85 03       STA $03       [000003] A:0003 X:0E68 Y:CFD1 S:011A D:0000 DB:86 nvMxdizc V: 10 H:156 F:18
							8490E4 85 0B       STA $0B       [00000B] A:0003 X:0E68 Y:CFD1 S:011A D:0000 DB:86 nvMxdizc V: 10 H:161 F:18
							8490E6 A5 00       LDA $00       [000000] A:0003 X:0E68 Y:CFD1 S:011A D:0000 DB:86 nvMxdizc V: 10 H:166 F:18
							8490E8 29 0F       AND #$0F               A:007E X:0E68 Y:CFD1 S:011A D:0000 DB:86 nvMxdizc V: 10 H:171 F:18
							8490EA 1A          INC                    A:000E X:0E68 Y:CFD1 S:011A D:0000 DB:86 nvMxdizc V: 10 H:174 F:18
							8490EB 85 0C       STA $0C       [00000C] A:000F X:0E68 Y:CFD1 S:011A D:0000 DB:86 nvMxdizc V: 10 H:177 F:18
							8490ED A5 02       LDA $02       [000002] A:000F X:0E68 Y:CFD1 S:011A D:0000 DB:86 nvMxdizc V: 10 H:182 F:18
							8490EF 29 0F       AND #$0F               A:00A9 X:0E68 Y:CFD1 S:011A D:0000 DB:86 NvMxdizc V: 10 H:187 F:18
							8490F1 1A          INC                    A:0009 X:0E68 Y:CFD1 S:011A D:0000 DB:86 nvMxdizc V: 10 H:190 F:18
							8490F2 85 0E       STA $0E       [00000E] A:000A X:0E68 Y:CFD1 S:011A D:0000 DB:86 nvMxdizc V: 10 H:193 F:18
							8490F4 C2 20       REP #$20               A:000A X:0E68 Y:CFD1 S:011A D:0000 DB:86 nvMxdizc V: 10 H:198 F:18
							8490F6 20 6A 91    JSR $916A     [84916A] A:000A X:0E68 Y:CFD1 S:011A D:0000 DB:86 nvmxdizc V: 10 H:203 F:18

								84916A A9 00 E8    LDA #$E800             A:000A X:0E68 Y:CFD1 S:0118 D:0000 DB:86 nvmxdizc V: 10 H:213 F:18
								84916D 85 10       STA $10       [000010] A:E800 X:0E68 Y:CFD1 S:0118 D:0000 DB:86 Nvmxdizc V: 10 H:217 F:18
								84916F A9 7E 00    LDA #$007E             A:E800 X:0E68 Y:CFD1 S:0118 D:0000 DB:86 Nvmxdizc V: 10 H:224 F:18
								849172 85 12       STA $12       [000012] A:007E X:0E68 Y:CFD1 S:0118 D:0000 DB:86 nvmxdizc V: 10 H:229 F:18
								849174 A5 02       LDA $02       [000002] A:007E X:0E68 Y:CFD1 S:0118 D:0000 DB:86 nvmxdizc V: 10 H:236 F:18
								849176 29 F0 00    AND #$00F0             A:03A9 X:0E68 Y:CFD1 S:0118 D:0000 DB:86 nvmxdizc V: 10 H:243 F:18
								849179 0A          ASL A                  A:00A0 X:0E68 Y:CFD1 S:0118 D:0000 DB:86 nvmxdizc V: 10 H:247 F:18
								84917A 85 04       STA $04       [000004] A:0140 X:0E68 Y:CFD1 S:0118 D:0000 DB:86 nvmxdizc V: 10 H:250 F:18
								84917C A5 00       LDA $00       [000000] A:0140 X:0E68 Y:CFD1 S:0118 D:0000 DB:86 nvmxdizc V: 10 H:257 F:18
								84917E 29 FF 00    AND #$00FF             A:1D7E X:0E68 Y:CFD1 S:0118 D:0000 DB:86 nvmxdizc V: 10 H:264 F:18
								849181 4A          LSR A                  A:007E X:0E68 Y:CFD1 S:0118 D:0000 DB:86 nvmxdizc V: 10 H:269 F:18
								849182 4A          LSR A                  A:003F X:0E68 Y:CFD1 S:0118 D:0000 DB:86 nvmxdizc V: 10 H:272 F:18
								849183 4A          LSR A                  A:001F X:0E68 Y:CFD1 S:0118 D:0000 DB:86 nvmxdizC V: 10 H:275 F:18
								849184 29 FE FF    AND #$FFFE             A:000F X:0E68 Y:CFD1 S:0118 D:0000 DB:86 nvmxdizC V: 10 H:278 F:18
								849187 18          CLC                    A:000E X:0E68 Y:CFD1 S:0118 D:0000 DB:86 nvmxdizC V: 10 H:282 F:18
								849188 65 04       ADC $04       [000004] A:000E X:0E68 Y:CFD1 S:0118 D:0000 DB:86 nvmxdizc V: 10 H:285 F:18
								84918A 85 06       STA $06       [000006] A:014E X:0E68 Y:CFD1 S:0118 D:0000 DB:86 nvmxdizc V: 10 H:292 F:18
								84918C A5 00       LDA $00       [000000] A:014E X:0E68 Y:CFD1 S:0118 D:0000 DB:86 nvmxdizc V: 10 H:299 F:18
								84918E EB          XBA                    A:1D7E X:0E68 Y:CFD1 S:0118 D:0000 DB:86 nvmxdizc V: 10 H:306 F:18
								84918F 29 1F 00    AND #$001F             A:7E1D X:0E68 Y:CFD1 S:0118 D:0000 DB:86 nvmxdizc V: 10 H:311 F:18
								849192 85 04       STA $04       [000004] A:001D X:0E68 Y:CFD1 S:0118 D:0000 DB:86 nvmxdizc V: 10 H:315 F:18
								849194 A5 02       LDA $02       [000002] A:001D X:0E68 Y:CFD1 S:0118 D:0000 DB:86 nvmxdizc V: 10 H:322 F:18
								849196 29 00 1F    AND #$1F00             A:03A9 X:0E68 Y:CFD1 S:0118 D:0000 DB:86 nvmxdizc V: 10 H:328 F:18
								849199 4A          LSR A                  A:0300 X:0E68 Y:CFD1 S:0118 D:0000 DB:86 nvmxdizc V: 10 H:333 F:18
								84919A 4A          LSR A                  A:0180 X:0E68 Y:CFD1 S:0118 D:0000 DB:86 nvmxdizc V: 10 H:336 F:18
								84919B 4A          LSR A                  A:00C0 X:0E68 Y:CFD1 S:0118 D:0000 DB:86 nvmxdizc V: 10 H:339 F:18
								84919C 18          CLC                    A:0060 X:0E68 Y:CFD1 S:0118 D:0000 DB:86 nvmxdizc V: 11 H:  2 F:18
								84919D 65 04       ADC $04       [000004] A:0060 X:0E68 Y:CFD1 S:0118 D:0000 DB:86 nvmxdizc V: 11 H:  5 F:18
								84919F A8          TAY                    A:007D X:0E68 Y:CFD1 S:0118 D:0000 DB:86 nvmxdizc V: 11 H: 12 F:18
								8491A0 B7 10       LDA [$10],Y   [7EE87D] A:007D X:0E68 Y:007D S:0118 D:0000 DB:86 nvmxdizc V: 11 H: 15 F:18
								8491A2 29 FF 00    AND #$00FF             A:0024 X:0E68 Y:007D S:0118 D:0000 DB:86 nvmxdizc V: 11 H: 28 F:18
								8491A5 A8          TAY                    A:0024 X:0E68 Y:007D S:0118 D:0000 DB:86 nvmxdizc V: 11 H: 32 F:18
								8491A6 EB          XBA                    A:0024 X:0E68 Y:0024 S:0118 D:0000 DB:86 nvmxdizc V: 11 H: 35 F:18
								8491A7 0A          ASL A                  A:2400 X:0E68 Y:0024 S:0118 D:0000 DB:86 nvmxdiZc V: 11 H: 40 F:18
								8491A8 18          CLC                    A:4800 X:0E68 Y:0024 S:0118 D:0000 DB:86 nvmxdizc V: 11 H: 43 F:18
								8491A9 65 06       ADC $06       [000006] A:4800 X:0E68 Y:0024 S:0118 D:0000 DB:86 nvmxdizc V: 11 H: 46 F:18
								8491AB AA          TAX                    A:494E X:0E68 Y:0024 S:0118 D:0000 DB:86 nvmxdizc V: 11 H: 53 F:18
								8491AC 60          RTS                    A:494E X:494E Y:0024 S:0118 D:0000 DB:86 nvmxdizc V: 11 H: 56 F:18

							8490F9 BF 00 20 7E LDA $7E2000,X [7E694E] A:494E X:494E Y:0024 S:011A D:0000 DB:86 nvmxdizc V: 11 H: 66 F:18
							8490FD A8          TAY                    A:01BD X:494E Y:0024 S:011A D:0000 DB:86 nvmxdizc V: 11 H: 76 F:18
							8490FE AD 92 0B    LDA $0B92     [860B92] A:01BD X:494E Y:01BD S:011A D:0000 DB:86 nvmxdizc V: 11 H: 79 F:18
							849101 85 10       STA $10       [000010] A:EB15 X:494E Y:01BD S:011A D:0000 DB:86 Nvmxdizc V: 11 H: 87 F:18
							849103 AD 94 0B    LDA $0B94     [860B94] A:EB15 X:494E Y:01BD S:011A D:0000 DB:86 Nvmxdizc V: 11 H: 94 F:18
							849106 85 12       STA $12       [000012] A:F895 X:494E Y:01BD S:011A D:0000 DB:86 Nvmxdizc V: 11 H:103 F:18
							849108 B7 10       LDA [$10],Y   [95ECD2] A:F895 X:494E Y:01BD S:011A D:0000 DB:86 Nvmxdizc V: 11 H:110 F:18
							84910A 29 FF 00    AND #$00FF             A:0000 X:494E Y:01BD S:011A D:0000 DB:86 nvmxdiZc V: 11 H:122 F:18
							84910D 28          PLP                    A:0000 X:494E Y:01BD S:011A D:0000 DB:86 nvmxdiZc V: 11 H:126 F:18
							84910E FA          PLX                    A:0000 X:494E Y:01BD S:011B D:0000 DB:86 nvMxdizc V: 11 H:133 F:18
							84910F 2B          PLD                    A:0000 X:0E68 Y:01BD S:011D D:0000 DB:86 nvMxdizc V: 11 H:151 F:18
							849110 60          RTS                    A:0000 X:0E68 Y:01BD S:011F D:0000 DB:86 nvMxdiZc V: 11 H:160 F:18

						8495D3 95 2E       STA $2E,X     [000E96] A:0000 X:0E68 Y:01BD S:0121 D:0000 DB:86 nvMxdiZc V: 11 H:170 F:18
						8495D5 85 18       STA $18       [000018] A:0000 X:0E68 Y:01BD S:0121 D:0000 DB:86 nvMxdiZc V: 11 H:176 F:18
						8495D7 29 3F       AND #$3F               A:0000 X:0E68 Y:01BD S:0121 D:0000 DB:86 nvMxdiZc V: 11 H:181 F:18
						8495D9 0A          ASL A                  A:0000 X:0E68 Y:01BD S:0121 D:0000 DB:86 nvMxdiZc V: 11 H:184 F:18
						8495DA EB          XBA                    A:0000 X:0E68 Y:01BD S:0121 D:0000 DB:86 nvMxdiZc V: 11 H:187 F:18
						8495DB A9 00       LDA #$00               A:0000 X:0E68 Y:01BD S:0121 D:0000 DB:86 nvMxdiZc V: 11 H:192 F:18
						8495DD EB          XBA                    A:0000 X:0E68 Y:01BD S:0121 D:0000 DB:86 nvMxdiZc V: 11 H:195 F:18
						8495DE A8          TAY                    A:0000 X:0E68 Y:01BD S:0121 D:0000 DB:86 nvMxdiZc V: 11 H:199 F:18
						8495DF 84 28       STY $28       [000028] A:0000 X:0E68 Y:0000 S:0121 D:0000 DB:86 nvMxdiZc V: 11 H:202 F:18
						8495E1 86 2C       STX $2C       [00002C] A:0000 X:0E68 Y:0000 S:0121 D:0000 DB:86 nvMxdiZc V: 11 H:209 F:18
						8495E3 68          PLA                    A:0000 X:0E68 Y:0000 S:0121 D:0000 DB:86 nvMxdiZc V: 11 H:216 F:18
						8495E4 95 2A       STA $2A,X     [000E92] A:0003 X:0E68 Y:0000 S:0122 D:0000 DB:86 nvMxdizc V: 11 H:223 F:18
						8495E6 A6 2C       LDX $2C       [00002C] A:0003 X:0E68 Y:0000 S:0122 D:0000 DB:86 nvMxdizc V: 11 H:229 F:18
						8495E8 A9 FB       LDA #$FB               A:0003 X:0E68 Y:0000 S:0122 D:0000 DB:86 nvMxdizc V: 11 H:236 F:18
						8495EA 35 2B       AND $2B,X     [000E93] A:00FB X:0E68 Y:0000 S:0122 D:0000 DB:86 NvMxdizc V: 11 H:239 F:18
						8495EC 95 2B       STA $2B,X     [000E93] A:0000 X:0E68 Y:0000 S:0122 D:0000 DB:86 nvMxdiZc V: 11 H:246 F:18
						8495EE 64 01       STZ $01       [000001] A:0000 X:0E68 Y:0000 S:0122 D:0000 DB:86 nvMxdiZc V: 11 H:252 F:18
						8495F0 B5 2A       LDA $2A,X     [000E92] A:0000 X:0E68 Y:0000 S:0122 D:0000 DB:86 nvMxdiZc V: 11 H:257 F:18
						8495F2 85 02       STA $02       [000002] A:0003 X:0E68 Y:0000 S:0122 D:0000 DB:86 nvMxdizc V: 11 H:264 F:18
						8495F4 64 03       STZ $03       [000003] A:0003 X:0E68 Y:0000 S:0122 D:0000 DB:86 nvMxdizc V: 11 H:269 F:18
						8495F6 B4 05       LDY $05,X     [000E6D] A:0003 X:0E68 Y:0000 S:0122 D:0000 DB:86 nvMxdizc V: 11 H:274 F:18
						8495F8 84 10       STY $10       [000010] A:0003 X:0E68 Y:1D7E S:0122 D:0000 DB:86 nvMxdizc V: 11 H:282 F:18
						8495FA B4 08       LDY $08,X     [000E70] A:0003 X:0E68 Y:1D7E S:0122 D:0000 DB:86 nvMxdizc V: 11 H:289 F:18
						8495FC 84 12       STY $12       [000012] A:0003 X:0E68 Y:03A2 S:0122 D:0000 DB:86 nvMxdizc V: 11 H:298 F:18
						8495FE A6 28       LDX $28       [000028] A:0003 X:0E68 Y:03A2 S:0122 D:0000 DB:86 nvMxdizc V: 11 H:305 F:18
						849600 FC 1C 96    JSR ($961C,X) [84961C] A:0003 X:0000 Y:03A2 S:0122 D:0000 DB:86 nvMxdiZc V: 11 H:312 F:18

							84969C AD 1C 1F    LDA $1F1C     [861F1C] A:0003 X:0000 Y:03A2 S:0120 D:0000 DB:86 nvMxdiZc V: 11 H:324 F:18
							84969F F0 11       BEQ $0011     [8496B2] A:0000 X:0000 Y:03A2 S:0120 D:0000 DB:86 nvMxdiZc V: 11 H:330 F:18
							8496B2 A9 00       LDA #$00               A:0000 X:0000 Y:03A2 S:0120 D:0000 DB:86 nvMxdiZc V: 11 H:335 F:18
							8496B4 60          RTS                    A:0000 X:0000 Y:03A2 S:0120 D:0000 DB:86 nvMxdiZc V: 11 H:338 F:18

						849603 F0 11       BEQ $0011     [849616] A:0000 X:0000 Y:03A2 S:0122 D:0000 DB:86 nvMxdiZc V: 12 H:  8 F:18
						849616 A6 2C       LDX $2C       [00002C] A:0000 X:0000 Y:03A2 S:0122 D:0000 DB:86 nvMxdiZc V: 12 H: 12 F:18
						849618 20 08 93    JSR $9308     [849308] A:0000 X:0E68 Y:03A2 S:0122 D:0000 DB:86 nvMxdizc V: 12 H: 19 F:18

							849308 A5 14       LDA $14       [000014] A:0000 X:0E68 Y:03A2 S:0120 D:0000 DB:86 nvMxdizc V: 12 H: 29 F:18
							84930A F0 08       BEQ $0008     [849314] A:0000 X:0E68 Y:03A2 S:0120 D:0000 DB:86 nvMxdiZc V: 12 H: 34 F:18
							849314 60          RTS                    A:0000 X:0E68 Y:03A2 S:0120 D:0000 DB:86 nvMxdiZc V: 12 H: 39 F:18

						84961B 60          RTS                    A:0000 X:0E68 Y:03A2 S:0122 D:0000 DB:86 nvMxdiZc V: 12 H: 49 F:18

					8492A9 C2 30       REP #$30               A:0000 X:0E68 Y:03A2 S:0124 D:0000 DB:86 nvMxdiZc V: 12 H: 59 F:18
					8492AB 60          RTS                    A:0000 X:0E68 Y:03A2 S:0124 D:0000 DB:86 nvmxdiZc V: 12 H: 63 F:18

				8491DB 2B          PLD                    A:0000 X:0E68 Y:03A2 S:0126 D:0000 DB:86 nvmxdiZc V: 12 H: 73 F:18
				8491DC 28          PLP                    A:0000 X:0E68 Y:03A2 S:0128 D:0E68 DB:86 nvmxdizc V: 12 H: 82 F:18
				8491DD 6B          RTL                    A:0000 X:0068 Y:00A2 S:0129 D:0E68 DB:86 NvMXdizc V: 12 H: 88 F:18

			88A0E7 A5 2B       LDA $2B       [000E93] A:0000 X:0068 Y:00A2 S:012C D:0E68 DB:86 NvMXdizc V: 12 H: 99 F:18
			88A0E9 29 03       AND #$03               A:0000 X:0068 Y:00A2 S:012C D:0E68 DB:86 nvMXdiZc V: 12 H:105 F:18
			88A0EB F0 12       BEQ $0012     [88A0FF] A:0000 X:0068 Y:00A2 S:012C D:0E68 DB:86 nvMXdiZc V: 12 H:108 F:18
			88A0FF C2 20       REP #$20               A:0000 X:0068 Y:00A2 S:012C D:0E68 DB:86 nvMXdiZc V: 12 H:113 F:18
			88A101 A9 D6 CF    LDA #$CFD6             A:0000 X:0068 Y:00A2 S:012C D:0E68 DB:86 nvmXdiZc V: 12 H:117 F:18
			88A104 85 20       STA $20       [000E88] A:CFD6 X:0068 Y:00A2 S:012C D:0E68 DB:86 NvmXdizc V: 12 H:122 F:18
			88A106 E2 20       SEP #$20               A:CFD6 X:0068 Y:00A2 S:012C D:0E68 DB:86 NvmXdizc V: 12 H:130 F:18
			88A108 22 03 9B 84 JSL $849B03   [849B03] A:CFD6 X:0068 Y:00A2 S:012C D:0E68 DB:86 NvMXdizc V: 12 H:145 F:18

				849B03 C2 10       REP #$10               A:CFD6 X:0068 Y:00A2 S:0129 D:0E68 DB:86 NvMXdizc V: 12 H:158 F:18
				849B05 A5 27       LDA $27       [000E8F] A:CFD6 X:0068 Y:00A2 S:0129 D:0E68 DB:86 NvMxdizc V: 12 H:163 F:18
				849B07 F0 70       BEQ $0070     [849B79] A:CF20 X:0068 Y:00A2 S:0129 D:0E68 DB:86 nvMxdizc V: 12 H:169 F:18
				849B09 A5 0E       LDA $0E       [000E76] A:CF20 X:0068 Y:00A2 S:0129 D:0E68 DB:86 nvMxdizc V: 12 H:172 F:18
				849B0B F0 31       BEQ $0031     [849B3E] A:CF01 X:0068 Y:00A2 S:0129 D:0E68 DB:86 nvMxdizc V: 12 H:179 F:18
				849B0D AD 0C 1F    LDA $1F0C     [861F0C] A:CF01 X:0068 Y:00A2 S:0129 D:0E68 DB:86 nvMxdizc V: 12 H:182 F:18
				849B10 D0 2C       BNE $002C     [849B3E] A:CF00 X:0068 Y:00A2 S:0129 D:0E68 DB:86 nvMxdiZc V: 12 H:188 F:18
				849B12 AD 32 0C    LDA $0C32     [860C32] A:CF00 X:0068 Y:00A2 S:0129 D:0E68 DB:86 nvMxdiZc V: 12 H:191 F:18
				849B15 D0 11       BNE $0011     [849B28] A:CF00 X:0068 Y:00A2 S:0129 D:0E68 DB:86 nvMxdiZc V: 12 H:198 F:18
				849B17 AD 30 0C    LDA $0C30     [860C30] A:CF00 X:0068 Y:00A2 S:0129 D:0E68 DB:86 nvMxdiZc V: 12 H:201 F:18
				849B1A D0 0C       BNE $000C     [849B28] A:CF00 X:0068 Y:00A2 S:0129 D:0E68 DB:86 nvMxdiZc V: 12 H:207 F:18
				849B1C A2 A8 0B    LDX #$0BA8             A:CF00 X:0068 Y:00A2 S:0129 D:0E68 DB:86 nvMxdiZc V: 12 H:210 F:18
				849B1F 22 0E 9C 84 JSL $849C0E   [849C0E] A:CF00 X:0BA8 Y:00A2 S:0129 D:0E68 DB:86 nvMxdizc V: 12 H:215 F:18

					849C0E 5A          PHY                    A:CF00 X:0BA8 Y:00A2 S:0126 D:0E68 DB:86 nvMxdizc V: 12 H:228 F:18
					849C0F A4 20       LDY $20       [000E88] A:CF00 X:0BA8 Y:00A2 S:0124 D:0E68 DB:86 nvMxdizc V: 12 H:235 F:18
					849C11 D0 03       BNE $0003     [849C16] A:CF00 X:0BA8 Y:CFD6 S:0124 D:0E68 DB:86 NvMxdizc V: 12 H:244 F:18
					849C16 BC 20 00    LDY $0020,X   [860BC8] A:CF00 X:0BA8 Y:CFD6 S:0124 D:0E68 DB:86 NvMxdizc V: 12 H:248 F:18
					849C19 D0 03       BNE $0003     [849C1E] A:CF00 X:0BA8 Y:A552 S:0124 D:0E68 DB:86 NvMxdizc V: 12 H:258 F:18
					849C1E C2 20       REP #$20               A:CF00 X:0BA8 Y:A552 S:0124 D:0E68 DB:86 NvMxdizc V: 12 H:263 F:18
					849C20 DA          PHX                    A:CF00 X:0BA8 Y:A552 S:0124 D:0E68 DB:86 Nvmxdizc V: 12 H:267 F:18
					849C21 BD 05 00    LDA $0005,X   [860BAD] A:CF00 X:0BA8 Y:A552 S:0122 D:0E68 DB:86 Nvmxdizc V: 12 H:274 F:18
					849C24 8D 04 00    STA $0004     [860004] A:1D20 X:0BA8 Y:A552 S:0122 D:0E68 DB:86 nvmxdizc V: 12 H:284 F:18
					849C27 BD 08 00    LDA $0008,X   [860BB0] A:1D20 X:0BA8 Y:A552 S:0122 D:0E68 DB:86 nvmxdizc V: 12 H:293 F:18
					849C2A 8D 06 00    STA $0006     [860006] A:03AF X:0BA8 Y:A552 S:0122 D:0E68 DB:86 nvmxdizc V: 12 H:303 F:18
					849C2D A5 05       LDA $05       [000E6D] A:03AF X:0BA8 Y:A552 S:0122 D:0E68 DB:86 nvmxdizc V: 12 H:311 F:18
					849C2F 8D 0C 00    STA $000C     [86000C] A:1D7E X:0BA8 Y:A552 S:0122 D:0E68 DB:86 nvmxdizc V: 12 H:320 F:18
					849C32 A5 08       LDA $08       [000E70] A:1D7E X:0BA8 Y:A552 S:0122 D:0E68 DB:86 nvmxdizc V: 12 H:327 F:18
					849C34 8D 0E 00    STA $000E     [86000E] A:03A2 X:0BA8 Y:A552 S:0122 D:0E68 DB:86 nvmxdizc V: 12 H:336 F:18
					849C37 E2 20       SEP #$20               A:03A2 X:0BA8 Y:A552 S:0122 D:0E68 DB:86 nvmxdizc V: 13 H:  4 F:18
					849C39 BD 11 00    LDA $0011,X   [860BB9] A:03A2 X:0BA8 Y:A552 S:0122 D:0E68 DB:86 nvMxdizc V: 13 H:  9 F:18
					849C3C 8D 08 00    STA $0008     [860008] A:0362 X:0BA8 Y:A552 S:0122 D:0E68 DB:86 nvMxdizc V: 13 H: 17 F:18
					849C3F A5 11       LDA $11       [000E79] A:0362 X:0BA8 Y:A552 S:0122 D:0E68 DB:86 nvMxdizc V: 13 H: 23 F:18
					849C41 8D 09 00    STA $0009     [860009] A:0329 X:0BA8 Y:A552 S:0122 D:0E68 DB:86 nvMxdizc V: 13 H: 30 F:18
					849C44 BC 20 00    LDY $0020,X   [860BC8] A:0329 X:0BA8 Y:A552 S:0122 D:0E68 DB:86 nvMxdizc V: 13 H: 36 F:18
					849C47 A6 20       LDX $20       [000E88] A:0329 X:0BA8 Y:A552 S:0122 D:0E68 DB:86 NvMxdizc V: 13 H: 46 F:18
					849C49 0B          PHD                    A:0329 X:CFD6 Y:A552 S:0122 D:0E68 DB:86 NvMxdizc V: 13 H: 55 F:18
					849C4A F4 00 00    PEA $0000              A:0329 X:CFD6 Y:A552 S:0120 D:0E68 DB:86 NvMxdizc V: 13 H: 62 F:18
					849C4D 2B          PLD                    A:0329 X:CFD6 Y:A552 S:011E D:0E68 DB:86 NvMxdizc V: 13 H: 70 F:18
					849C4E BD 02 00    LDA $0002,X   [86CFD8] A:0329 X:CFD6 Y:A552 S:0120 D:0000 DB:86 nvMxdiZc V: 13 H: 79 F:18
					849C51 18          CLC                    A:0318 X:CFD6 Y:A552 S:0120 D:0000 DB:86 nvMxdizc V: 13 H: 86 F:18
					849C52 79 02 00    ADC $0002,Y   [86A554] A:0318 X:CFD6 Y:A552 S:0120 D:0000 DB:86 nvMxdizc V: 13 H: 89 F:18
					849C55 85 00       STA $00       [000000] A:031E X:CFD6 Y:A552 S:0120 D:0000 DB:86 nvMxdizc V: 13 H: 97 F:18
					849C57 64 01       STZ $01       [000001] A:031E X:CFD6 Y:A552 S:0120 D:0000 DB:86 nvMxdizc V: 13 H:102 F:18
					849C59 BD 03 00    LDA $0003,X   [86CFD9] A:031E X:CFD6 Y:A552 S:0120 D:0000 DB:86 nvMxdizc V: 13 H:107 F:18
					849C5C 18          CLC                    A:0307 X:CFD6 Y:A552 S:0120 D:0000 DB:86 nvMxdizc V: 13 H:114 F:18
					849C5D 79 03 00    ADC $0003,Y   [86A555] A:0307 X:CFD6 Y:A552 S:0120 D:0000 DB:86 nvMxdizc V: 13 H:117 F:18
					849C60 85 02       STA $02       [000002] A:0315 X:CFD6 Y:A552 S:0120 D:0000 DB:86 nvMxdizc V: 13 H:125 F:18
					849C62 64 03       STZ $03       [000003] A:0315 X:CFD6 Y:A552 S:0120 D:0000 DB:86 nvMxdizc V: 13 H:130 F:18
					849C64 C2 21       REP #$21               A:0315 X:CFD6 Y:A552 S:0120 D:0000 DB:86 nvMxdizc V: 13 H:145 F:18
					849C66 B9 00 00    LDA $0000,Y   [86A552] A:0315 X:CFD6 Y:A552 S:0120 D:0000 DB:86 nvmxdizc V: 13 H:149 F:18
					849C69 29 FF 00    AND #$00FF             A:FF00 X:CFD6 Y:A552 S:0120 D:0000 DB:86 Nvmxdizc V: 13 H:158 F:18
					849C6C 89 80 00    BIT #$0080             A:0000 X:CFD6 Y:A552 S:0120 D:0000 DB:86 nvmxdiZc V: 13 H:163 F:18
					849C6F F0 03       BEQ $0003     [849C74] A:0000 X:CFD6 Y:A552 S:0120 D:0000 DB:86 nvmxdiZc V: 13 H:167 F:18
					849C74 24 07       BIT $07       [000007] A:0000 X:CFD6 Y:A552 S:0120 D:0000 DB:86 nvmxdiZc V: 13 H:172 F:18
					849C76 50 04       BVC $0004     [849C7C] A:0000 X:CFD6 Y:A552 S:0120 D:0000 DB:86 nVmxdiZc V: 13 H:179 F:18
					849C78 49 FF FF    EOR #$FFFF             A:0000 X:CFD6 Y:A552 S:0120 D:0000 DB:86 nVmxdiZc V: 13 H:182 F:18
					849C7B 1A          INC                    A:FFFF X:CFD6 Y:A552 S:0120 D:0000 DB:86 NVmxdizc V: 13 H:186 F:18
					849C7C 85 0A       STA $0A       [00000A] A:0000 X:CFD6 Y:A552 S:0120 D:0000 DB:86 nVmxdiZc V: 13 H:189 F:18
					849C7E 64 10       STZ $10       [000010] A:0000 X:CFD6 Y:A552 S:0120 D:0000 DB:86 nVmxdiZc V: 13 H:196 F:18
					849C80 BD 00 00    LDA $0000,X   [86CFD6] A:0000 X:CFD6 Y:A552 S:0120 D:0000 DB:86 nVmxdiZc V: 13 H:203 F:18
					849C83 29 FF 00    AND #$00FF             A:FCE8 X:CFD6 Y:A552 S:0120 D:0000 DB:86 NVmxdizc V: 13 H:212 F:18
					849C86 89 80 00    BIT #$0080             A:00E8 X:CFD6 Y:A552 S:0120 D:0000 DB:86 nVmxdizc V: 13 H:217 F:18
					849C89 F0 03       BEQ $0003     [849C8E] A:00E8 X:CFD6 Y:A552 S:0120 D:0000 DB:86 nVmxdizc V: 13 H:221 F:18
					849C8B 09 00 FF    ORA #$FF00             A:00E8 X:CFD6 Y:A552 S:0120 D:0000 DB:86 nVmxdizc V: 13 H:224 F:18
					849C8E 24 08       BIT $08       [000008] A:FFE8 X:CFD6 Y:A552 S:0120 D:0000 DB:86 NVmxdizc V: 13 H:229 F:18
					849C90 50 04       BVC $0004     [849C96] A:FFE8 X:CFD6 Y:A552 S:0120 D:0000 DB:86 nvmxdizc V: 13 H:236 F:18
					849C96 65 0C       ADC $0C       [00000C] A:FFE8 X:CFD6 Y:A552 S:0120 D:0000 DB:86 nvmxdizc V: 13 H:240 F:18
					849C98 38          SEC                    A:1D66 X:CFD6 Y:A552 S:0120 D:0000 DB:86 nvmxdizC V: 13 H:247 F:18
					849C99 E5 04       SBC $04       [000004] A:1D66 X:CFD6 Y:A552 S:0120 D:0000 DB:86 nvmxdizC V: 13 H:250 F:18
					849C9B 38          SEC                    A:0046 X:CFD6 Y:A552 S:0120 D:0000 DB:86 nvmxdizC V: 13 H:257 F:18
					849C9C E5 0A       SBC $0A       [00000A] A:0046 X:CFD6 Y:A552 S:0120 D:0000 DB:86 nvmxdizC V: 13 H:260 F:18
					849C9E 10 06       BPL $0006     [849CA6] A:0046 X:CFD6 Y:A552 S:0120 D:0000 DB:86 nvmxdizC V: 13 H:267 F:18
					849CA6 85 04       STA $04       [000004] A:0046 X:CFD6 Y:A552 S:0120 D:0000 DB:86 nvmxdizC V: 13 H:272 F:18
					849CA8 A5 00       LDA $00       [000000] A:0046 X:CFD6 Y:A552 S:0120 D:0000 DB:86 nvmxdizC V: 13 H:279 F:18
					849CAA 38          SEC                    A:001E X:CFD6 Y:A552 S:0120 D:0000 DB:86 nvmxdizC V: 13 H:286 F:18
					849CAB E5 04       SBC $04       [000004] A:001E X:CFD6 Y:A552 S:0120 D:0000 DB:86 nvmxdizC V: 13 H:289 F:18
					849CAD 1A          INC                    A:FFD8 X:CFD6 Y:A552 S:0120 D:0000 DB:86 Nvmxdizc V: 13 H:296 F:18
					849CAE 85 04       STA $04       [000004] A:FFD9 X:CFD6 Y:A552 S:0120 D:0000 DB:86 Nvmxdizc V: 13 H:299 F:18
					849CB0 24 0F       BIT $0F       [00000F] A:FFD9 X:CFD6 Y:A552 S:0120 D:0000 DB:86 Nvmxdizc V: 13 H:306 F:18
					849CB2 30 04       BMI $0004     [849CB8] A:FFD9 X:CFD6 Y:A552 S:0120 D:0000 DB:86 nvmxdizc V: 13 H:313 F:18
					849CB4 49 FF FF    EOR #$FFFF             A:FFD9 X:CFD6 Y:A552 S:0120 D:0000 DB:86 nvmxdizc V: 13 H:316 F:18
					849CB7 1A          INC                    A:0026 X:CFD6 Y:A552 S:0120 D:0000 DB:86 nvmxdizc V: 13 H:320 F:18
					849CB8 85 00       STA $00       [000000] A:0027 X:CFD6 Y:A552 S:0120 D:0000 DB:86 nvmxdizc V: 13 H:323 F:18
					849CBA 90 45       BCC $0045     [849D01] A:0027 X:CFD6 Y:A552 S:0120 D:0000 DB:86 nvmxdizc V: 13 H:329 F:18
					849D01 E2 20       SEP #$20               A:0027 X:CFD6 Y:A552 S:0120 D:0000 DB:86 nvmxdizc V: 13 H:334 F:18
					849D03 2B          PLD                    A:0027 X:CFD6 Y:A552 S:0120 D:0000 DB:86 nvMxdizc V: 13 H:338 F:18
					849D04 FA          PLX                    A:0027 X:CFD6 Y:A552 S:0122 D:0E68 DB:86 nvMxdizc V: 14 H:  7 F:18
					849D05 7A          PLY                    A:0027 X:0BA8 Y:A552 S:0124 D:0E68 DB:86 nvMxdizc V: 14 H: 15 F:18
					849D06 6B          RTL                    A:0027 X:0BA8 Y:00A2 S:0126 D:0E68 DB:86 nvMxdizc V: 14 H: 24 F:18

				849B23 90 19       BCC $0019     [849B3E] A:0027 X:0BA8 Y:00A2 S:0129 D:0E68 DB:86 nvMxdizc V: 14 H: 34 F:18
				849B3E E2 10       SEP #$10               A:0027 X:0BA8 Y:00A2 S:0129 D:0E68 DB:86 nvMxdizc V: 14 H: 39 F:18
				849B40 A9 00       LDA #$00               A:0027 X:00A8 Y:00A2 S:0129 D:0E68 DB:86 nvMXdizc V: 14 H: 43 F:18
				849B42 6B          RTL                    A:0000 X:00A8 Y:00A2 S:0129 D:0E68 DB:86 nvMXdiZc V: 14 H: 46 F:18

			88A10C 60          RTS                    A:0000 X:00A8 Y:00A2 S:012C D:0E68 DB:86 nvMXdiZc V: 14 H: 57 F:18

		889D7B AD CF 0B    LDA $0BCF     [860BCF] A:0000 X:00A8 Y:00A2 S:012E D:0E68 DB:86 nvMXdiZc V: 14 H: 67 F:18
		889D7E 29 7F       AND #$7F               A:0020 X:00A8 Y:00A2 S:012E D:0E68 DB:86 nvMXdizc V: 14 H: 73 F:18
		889D80 D0 03       BNE $0003     [889D85] A:0020 X:00A8 Y:00A2 S:012E D:0E68 DB:86 nvMXdizc V: 14 H: 76 F:18
		889D85 A9 0A       LDA #$0A               A:0020 X:00A8 Y:00A2 S:012E D:0E68 DB:86 nvMXdizc V: 14 H: 81 F:18
		889D87 A6 35       LDX $35       [000E9D] A:000A X:00A8 Y:00A2 S:012E D:0E68 DB:86 nvMXdizc V: 14 H: 84 F:18
		889D89 F0 02       BEQ $0002     [889D8D] A:000A X:0000 Y:00A2 S:012E D:0E68 DB:86 nvMXdiZc V: 14 H: 90 F:18
		889D8D 85 28       STA $28       [000E90] A:000A X:0000 Y:00A2 S:012E D:0E68 DB:86 nvMXdiZc V: 14 H: 95 F:18
		889D8F A5 17       LDA $17       [000E7F] A:000A X:0000 Y:00A2 S:012E D:0E68 DB:86 nvMXdiZc V: 14 H:101 F:18
		889D91 29 7F       AND #$7F               A:0097 X:0000 Y:00A2 S:012E D:0E68 DB:86 NvMXdizc V: 14 H:108 F:18
		889D93 AA          TAX                    A:0017 X:0000 Y:00A2 S:012E D:0E68 DB:86 nvMXdizc V: 14 H:111 F:18
		889D94 BD 75 CF    LDA $CF75,X   [86CF8C] A:0017 X:0017 Y:00A2 S:012E D:0E68 DB:86 nvMXdizc V: 14 H:114 F:18
		889D97 0A          ASL A                  A:0003 X:0017 Y:00A2 S:012E D:0E68 DB:86 nvMXdizc V: 14 H:120 F:18
		889D98 0A          ASL A                  A:0006 X:0017 Y:00A2 S:012E D:0E68 DB:86 nvMXdizc V: 14 H:123 F:18
		889D99 C2 20       REP #$20               A:000C X:0017 Y:00A2 S:012E D:0E68 DB:86 nvMXdizc V: 14 H:126 F:18
		889D9B 29 FF 00    AND #$00FF             A:000C X:0017 Y:00A2 S:012E D:0E68 DB:86 nvmXdizc V: 14 H:130 F:18
		889D9E 69 94 CF    ADC #$CF94             A:000C X:0017 Y:00A2 S:012E D:0E68 DB:86 nvmXdizc V: 14 H:145 F:18
		889DA1 85 20       STA $20       [000E88] A:CFA0 X:0017 Y:00A2 S:012E D:0E68 DB:86 NvmXdizc V: 14 H:149 F:18
		889DA3 E2 20       SEP #$20               A:CFA0 X:0017 Y:00A2 S:012E D:0E68 DB:86 NvmXdizc V: 14 H:158 F:18
		889DA5 22 43 9B 84 JSL $849B43   [849B43] A:CFA0 X:0017 Y:00A2 S:012E D:0E68 DB:86 NvMXdizc V: 14 H:162 F:18			JSL $849B43 --> Check if MMXShot exists, if there isn't return with A = #$00

			849B43 C2 10       REP #$10               A:CFA0 X:0017 Y:00A2 S:012B D:0E68 DB:86 NvMXdizc V: 14 H:176 F:18
			849B45 A5 27       LDA $27       [000E8F] A:CFA0 X:0017 Y:00A2 S:012B D:0E68 DB:86 NvMxdizc V: 14 H:180 F:18
			849B47 29 7F       AND #$7F               A:CF20 X:0017 Y:00A2 S:012B D:0E68 DB:86 nvMxdizc V: 14 H:187 F:18
			849B49 85 27       STA $27       [000E8F] A:CF20 X:0017 Y:00A2 S:012B D:0E68 DB:86 nvMxdizc V: 14 H:190 F:18
			849B4B F0 2C       BEQ $002C     [849B79] A:CF20 X:0017 Y:00A2 S:012B D:0E68 DB:86 nvMxdizc V: 14 H:196 F:18
			849B4D A5 30       LDA $30       [000E98] A:CF20 X:0017 Y:00A2 S:012B D:0E68 DB:86 nvMxdizc V: 14 H:199 F:18
			849B4F D0 28       BNE $0028     [849B79] A:CF00 X:0017 Y:00A2 S:012B D:0E68 DB:86 nvMxdiZc V: 14 H:206 F:18
			849B51 A5 0E       LDA $0E       [000E76] A:CF00 X:0017 Y:00A2 S:012B D:0E68 DB:86 nvMxdiZc V: 14 H:209 F:18
			849B53 F0 24       BEQ $0024     [849B79] A:CF01 X:0017 Y:00A2 S:012B D:0E68 DB:86 nvMxdizc V: 14 H:215 F:18
			849B55 A2 28 12    LDX #$1228             A:CF01 X:0017 Y:00A2 S:012B D:0E68 DB:86 nvMxdizc V: 14 H:218 F:18
			849B58 E2 20       SEP #$20               A:CF01 X:1228 Y:00A2 S:012B D:0E68 DB:86 nvMxdizc V: 14 H:223 F:18
			849B5A BD 00 00    LDA $0000,X   [861228] A:CF01 X:1228 Y:00A2 S:012B D:0E68 DB:86 nvMxdizc V: 14 H:227 F:18
			849B5D F0 0E       BEQ $000E     [849B6D] A:CF01 X:1228 Y:00A2 S:012B D:0E68 DB:86 nvMxdizc V: 14 H:235 F:18
			849B5F BD 30 00    LDA $0030,X   [861258] A:CF01 X:1228 Y:00A2 S:012B D:0E68 DB:86 nvMxdizc V: 14 H:238 F:18
			849B62 D0 09       BNE $0009     [849B6D] A:CF00 X:1228 Y:00A2 S:012B D:0E68 DB:86 nvMxdiZc V: 14 H:246 F:18
			849B64 22 0E 9C 84 JSL $849C0E   [849C0E] A:CF00 X:1228 Y:00A2 S:012B D:0E68 DB:86 nvMxdiZc V: 14 H:249 F:18

				849C0E 5A          PHY                    A:CF00 X:1228 Y:00A2 S:0128 D:0E68 DB:86 nvMxdiZc V: 14 H:263 F:18
				849C0F A4 20       LDY $20       [000E88] A:CF00 X:1228 Y:00A2 S:0126 D:0E68 DB:86 nvMxdiZc V: 14 H:270 F:18
				849C11 D0 03       BNE $0003     [849C16] A:CF00 X:1228 Y:CFA0 S:0126 D:0E68 DB:86 NvMxdizc V: 14 H:278 F:18
				849C16 BC 20 00    LDY $0020,X   [861248] A:CF00 X:1228 Y:CFA0 S:0126 D:0E68 DB:86 NvMxdizc V: 14 H:283 F:18
				849C19 D0 03       BNE $0003     [849C1E] A:CF00 X:1228 Y:BE31 S:0126 D:0E68 DB:86 NvMxdizc V: 14 H:293 F:18
				849C1E C2 20       REP #$20               A:CF00 X:1228 Y:BE31 S:0126 D:0E68 DB:86 NvMxdizc V: 14 H:297 F:18
				849C20 DA          PHX                    A:CF00 X:1228 Y:BE31 S:0126 D:0E68 DB:86 Nvmxdizc V: 14 H:302 F:18
				849C21 BD 05 00    LDA $0005,X   [86122D] A:CF00 X:1228 Y:BE31 S:0124 D:0E68 DB:86 Nvmxdizc V: 14 H:309 F:18
				849C24 8D 04 00    STA $0004     [860004] A:1D48 X:1228 Y:BE31 S:0124 D:0E68 DB:86 nvmxdizc V: 14 H:319 F:18
				849C27 BD 08 00    LDA $0008,X   [861230] A:1D48 X:1228 Y:BE31 S:0124 D:0E68 DB:86 nvmxdizc V: 14 H:327 F:18
				849C2A 8D 06 00    STA $0006     [860006] A:03AC X:1228 Y:BE31 S:0124 D:0E68 DB:86 nvmxdizc V: 14 H:336 F:18
				849C2D A5 05       LDA $05       [000E6D] A:03AC X:1228 Y:BE31 S:0124 D:0E68 DB:86 nvmxdizc V: 15 H:  5 F:18
				849C2F 8D 0C 00    STA $000C     [86000C] A:1D7E X:1228 Y:BE31 S:0124 D:0E68 DB:86 nvmxdizc V: 15 H: 13 F:18
				849C32 A5 08       LDA $08       [000E70] A:1D7E X:1228 Y:BE31 S:0124 D:0E68 DB:86 nvmxdizc V: 15 H: 22 F:18
				849C34 8D 0E 00    STA $000E     [86000E] A:03A2 X:1228 Y:BE31 S:0124 D:0E68 DB:86 nvmxdizc V: 15 H: 30 F:18
				849C37 E2 20       SEP #$20               A:03A2 X:1228 Y:BE31 S:0124 D:0E68 DB:86 nvmxdizc V: 15 H: 39 F:18
				849C39 BD 11 00    LDA $0011,X   [861239] A:03A2 X:1228 Y:BE31 S:0124 D:0E68 DB:86 nvMxdizc V: 15 H: 43 F:18
				849C3C 8D 08 00    STA $0008     [860008] A:0366 X:1228 Y:BE31 S:0124 D:0E68 DB:86 nvMxdizc V: 15 H: 51 F:18
				849C3F A5 11       LDA $11       [000E79] A:0366 X:1228 Y:BE31 S:0124 D:0E68 DB:86 nvMxdizc V: 15 H: 58 F:18
				849C41 8D 09 00    STA $0009     [860009] A:0329 X:1228 Y:BE31 S:0124 D:0E68 DB:86 nvMxdizc V: 15 H: 64 F:18
				849C44 BC 20 00    LDY $0020,X   [861248] A:0329 X:1228 Y:BE31 S:0124 D:0E68 DB:86 nvMxdizc V: 15 H: 71 F:18
				849C47 A6 20       LDX $20       [000E88] A:0329 X:1228 Y:BE31 S:0124 D:0E68 DB:86 NvMxdizc V: 15 H: 81 F:18
				849C49 0B          PHD                    A:0329 X:CFA0 Y:BE31 S:0124 D:0E68 DB:86 NvMxdizc V: 15 H: 89 F:18
				849C4A F4 00 00    PEA $0000              A:0329 X:CFA0 Y:BE31 S:0122 D:0E68 DB:86 NvMxdizc V: 15 H: 96 F:18
				849C4D 2B          PLD                    A:0329 X:CFA0 Y:BE31 S:0120 D:0E68 DB:86 NvMxdizc V: 15 H:105 F:18
				849C4E BD 02 00    LDA $0002,X   [86CFA2] A:0329 X:CFA0 Y:BE31 S:0122 D:0000 DB:86 nvMxdiZc V: 15 H:113 F:18
				849C51 18          CLC                    A:0310 X:CFA0 Y:BE31 S:0122 D:0000 DB:86 nvMxdizc V: 15 H:121 F:18
				849C52 79 02 00    ADC $0002,Y   [86BE33] A:0310 X:CFA0 Y:BE31 S:0122 D:0000 DB:86 nvMxdizc V: 15 H:124 F:18
				849C55 85 00       STA $00       [000000] A:0326 X:CFA0 Y:BE31 S:0122 D:0000 DB:86 nvMxdizc V: 15 H:131 F:18
				849C57 64 01       STZ $01       [000001] A:0326 X:CFA0 Y:BE31 S:0122 D:0000 DB:86 nvMxdizc V: 15 H:146 F:18
				849C59 BD 03 00    LDA $0003,X   [86CFA3] A:0326 X:CFA0 Y:BE31 S:0122 D:0000 DB:86 nvMxdizc V: 15 H:151 F:18
				849C5C 18          CLC                    A:0318 X:CFA0 Y:BE31 S:0122 D:0000 DB:86 nvMxdizc V: 15 H:159 F:18
				849C5D 79 03 00    ADC $0003,Y   [86BE34] A:0318 X:CFA0 Y:BE31 S:0122 D:0000 DB:86 nvMxdizc V: 15 H:162 F:18
				849C60 85 02       STA $02       [000002] A:0324 X:CFA0 Y:BE31 S:0122 D:0000 DB:86 nvMxdizc V: 15 H:169 F:18
				849C62 64 03       STZ $03       [000003] A:0324 X:CFA0 Y:BE31 S:0122 D:0000 DB:86 nvMxdizc V: 15 H:174 F:18
				849C64 C2 21       REP #$21               A:0324 X:CFA0 Y:BE31 S:0122 D:0000 DB:86 nvMxdizc V: 15 H:179 F:18
				849C66 B9 00 00    LDA $0000,Y   [86BE31] A:0324 X:CFA0 Y:BE31 S:0122 D:0000 DB:86 nvmxdizc V: 15 H:184 F:18
				849C69 29 FF 00    AND #$00FF             A:00FB X:CFA0 Y:BE31 S:0122 D:0000 DB:86 nvmxdizc V: 15 H:193 F:18
				849C6C 89 80 00    BIT #$0080             A:00FB X:CFA0 Y:BE31 S:0122 D:0000 DB:86 nvmxdizc V: 15 H:197 F:18
				849C6F F0 03       BEQ $0003     [849C74] A:00FB X:CFA0 Y:BE31 S:0122 D:0000 DB:86 nvmxdizc V: 15 H:202 F:18
				849C71 09 00 FF    ORA #$FF00             A:00FB X:CFA0 Y:BE31 S:0122 D:0000 DB:86 nvmxdizc V: 15 H:205 F:18
				849C74 24 07       BIT $07       [000007] A:FFFB X:CFA0 Y:BE31 S:0122 D:0000 DB:86 Nvmxdizc V: 15 H:209 F:18
				849C76 50 04       BVC $0004     [849C7C] A:FFFB X:CFA0 Y:BE31 S:0122 D:0000 DB:86 nVmxdizc V: 15 H:216 F:18
				849C78 49 FF FF    EOR #$FFFF             A:FFFB X:CFA0 Y:BE31 S:0122 D:0000 DB:86 nVmxdizc V: 15 H:219 F:18
				849C7B 1A          INC                    A:0004 X:CFA0 Y:BE31 S:0122 D:0000 DB:86 nVmxdizc V: 15 H:224 F:18
				849C7C 85 0A       STA $0A       [00000A] A:0005 X:CFA0 Y:BE31 S:0122 D:0000 DB:86 nVmxdizc V: 15 H:227 F:18
				849C7E 64 10       STZ $10       [000010] A:0005 X:CFA0 Y:BE31 S:0122 D:0000 DB:86 nVmxdizc V: 15 H:234 F:18
				849C80 BD 00 00    LDA $0000,X   [86CFA0] A:0005 X:CFA0 Y:BE31 S:0122 D:0000 DB:86 nVmxdizc V: 15 H:241 F:18
				849C83 29 FF 00    AND #$00FF             A:01F3 X:CFA0 Y:BE31 S:0122 D:0000 DB:86 nVmxdizc V: 15 H:250 F:18
				849C86 89 80 00    BIT #$0080             A:00F3 X:CFA0 Y:BE31 S:0122 D:0000 DB:86 nVmxdizc V: 15 H:254 F:18
				849C89 F0 03       BEQ $0003     [849C8E] A:00F3 X:CFA0 Y:BE31 S:0122 D:0000 DB:86 nVmxdizc V: 15 H:259 F:18
				849C8B 09 00 FF    ORA #$FF00             A:00F3 X:CFA0 Y:BE31 S:0122 D:0000 DB:86 nVmxdizc V: 15 H:262 F:18
				849C8E 24 08       BIT $08       [000008] A:FFF3 X:CFA0 Y:BE31 S:0122 D:0000 DB:86 NVmxdizc V: 15 H:266 F:18
				849C90 50 04       BVC $0004     [849C96] A:FFF3 X:CFA0 Y:BE31 S:0122 D:0000 DB:86 nvmxdizc V: 15 H:273 F:18
				849C96 65 0C       ADC $0C       [00000C] A:FFF3 X:CFA0 Y:BE31 S:0122 D:0000 DB:86 nvmxdizc V: 15 H:278 F:18
				849C98 38          SEC                    A:1D71 X:CFA0 Y:BE31 S:0122 D:0000 DB:86 nvmxdizC V: 15 H:285 F:18
				849C99 E5 04       SBC $04       [000004] A:1D71 X:CFA0 Y:BE31 S:0122 D:0000 DB:86 nvmxdizC V: 15 H:288 F:18
				849C9B 38          SEC                    A:0029 X:CFA0 Y:BE31 S:0122 D:0000 DB:86 nvmxdizC V: 15 H:295 F:18
				849C9C E5 0A       SBC $0A       [00000A] A:0029 X:CFA0 Y:BE31 S:0122 D:0000 DB:86 nvmxdizC V: 15 H:298 F:18
				849C9E 10 06       BPL $0006     [849CA6] A:0024 X:CFA0 Y:BE31 S:0122 D:0000 DB:86 nvmxdizC V: 15 H:305 F:18
				849CA6 85 04       STA $04       [000004] A:0024 X:CFA0 Y:BE31 S:0122 D:0000 DB:86 nvmxdizC V: 15 H:309 F:18
				849CA8 A5 00       LDA $00       [000000] A:0024 X:CFA0 Y:BE31 S:0122 D:0000 DB:86 nvmxdizC V: 15 H:316 F:18
				849CAA 38          SEC                    A:0026 X:CFA0 Y:BE31 S:0122 D:0000 DB:86 nvmxdizC V: 15 H:323 F:18
				849CAB E5 04       SBC $04       [000004] A:0026 X:CFA0 Y:BE31 S:0122 D:0000 DB:86 nvmxdizC V: 15 H:326 F:18
				849CAD 1A          INC                    A:0002 X:CFA0 Y:BE31 S:0122 D:0000 DB:86 nvmxdizC V: 15 H:332 F:18
				849CAE 85 04       STA $04       [000004] A:0003 X:CFA0 Y:BE31 S:0122 D:0000 DB:86 nvmxdizC V: 15 H:335 F:18
				849CB0 24 0F       BIT $0F       [00000F] A:0003 X:CFA0 Y:BE31 S:0122 D:0000 DB:86 nvmxdizC V: 16 H:  2 F:18
				849CB2 30 04       BMI $0004     [849CB8] A:0003 X:CFA0 Y:BE31 S:0122 D:0000 DB:86 nvmxdizC V: 16 H:  9 F:18
				849CB4 49 FF FF    EOR #$FFFF             A:0003 X:CFA0 Y:BE31 S:0122 D:0000 DB:86 nvmxdizC V: 16 H: 12 F:18
				849CB7 1A          INC                    A:FFFC X:CFA0 Y:BE31 S:0122 D:0000 DB:86 NvmxdizC V: 16 H: 17 F:18
				849CB8 85 00       STA $00       [000000] A:FFFD X:CFA0 Y:BE31 S:0122 D:0000 DB:86 NvmxdizC V: 16 H: 20 F:18
				849CBA 90 45       BCC $0045     [849D01] A:FFFD X:CFA0 Y:BE31 S:0122 D:0000 DB:86 NvmxdizC V: 16 H: 27 F:18
				849CBC B9 01 00    LDA $0001,Y   [86BE32] A:FFFD X:CFA0 Y:BE31 S:0122 D:0000 DB:86 NvmxdizC V: 16 H: 30 F:18
				849CBF 29 FF 00    AND #$00FF             A:1600 X:CFA0 Y:BE31 S:0122 D:0000 DB:86 nvmxdizC V: 16 H: 39 F:18
				849CC2 89 80 00    BIT #$0080             A:0000 X:CFA0 Y:BE31 S:0122 D:0000 DB:86 nvmxdiZC V: 16 H: 43 F:18
				849CC5 F0 03       BEQ $0003     [849CCA] A:0000 X:CFA0 Y:BE31 S:0122 D:0000 DB:86 nvmxdiZC V: 16 H: 48 F:18
				849CCA 85 0A       STA $0A       [00000A] A:0000 X:CFA0 Y:BE31 S:0122 D:0000 DB:86 nvmxdiZC V: 16 H: 52 F:18
				849CCC 64 10       STZ $10       [000010] A:0000 X:CFA0 Y:BE31 S:0122 D:0000 DB:86 nvmxdiZC V: 16 H: 59 F:18
				849CCE BD 01 00    LDA $0001,X   [86CFA1] A:0000 X:CFA0 Y:BE31 S:0122 D:0000 DB:86 nvmxdiZC V: 16 H: 66 F:18
				849CD1 29 FF 00    AND #$00FF             A:1001 X:CFA0 Y:BE31 S:0122 D:0000 DB:86 nvmxdizC V: 16 H: 75 F:18
				849CD4 89 80 00    BIT #$0080             A:0001 X:CFA0 Y:BE31 S:0122 D:0000 DB:86 nvmxdizC V: 16 H: 80 F:18
				849CD7 F0 03       BEQ $0003     [849CDC] A:0001 X:CFA0 Y:BE31 S:0122 D:0000 DB:86 nvmxdiZC V: 16 H: 84 F:18
				849CDC 18          CLC                    A:0001 X:CFA0 Y:BE31 S:0122 D:0000 DB:86 nvmxdiZC V: 16 H: 89 F:18
				849CDD 65 0E       ADC $0E       [00000E] A:0001 X:CFA0 Y:BE31 S:0122 D:0000 DB:86 nvmxdiZc V: 16 H: 92 F:18
				849CDF 38          SEC                    A:03A3 X:CFA0 Y:BE31 S:0122 D:0000 DB:86 nvmxdizc V: 16 H: 99 F:18
				849CE0 E5 06       SBC $06       [000006] A:03A3 X:CFA0 Y:BE31 S:0122 D:0000 DB:86 nvmxdizC V: 16 H:102 F:18
				849CE2 38          SEC                    A:FFF7 X:CFA0 Y:BE31 S:0122 D:0000 DB:86 Nvmxdizc V: 16 H:109 F:18
				849CE3 E5 0A       SBC $0A       [00000A] A:FFF7 X:CFA0 Y:BE31 S:0122 D:0000 DB:86 NvmxdizC V: 16 H:112 F:18
				849CE5 10 06       BPL $0006     [849CED] A:FFF7 X:CFA0 Y:BE31 S:0122 D:0000 DB:86 NvmxdizC V: 16 H:119 F:18
				849CE7 C6 10       DEC $10       [000010] A:FFF7 X:CFA0 Y:BE31 S:0122 D:0000 DB:86 NvmxdizC V: 16 H:122 F:18
				849CE9 49 FF FF    EOR #$FFFF             A:FFF7 X:CFA0 Y:BE31 S:0122 D:0000 DB:86 NvmxdizC V: 16 H:144 F:18
				849CEC 1A          INC                    A:0008 X:CFA0 Y:BE31 S:0122 D:0000 DB:86 nvmxdizC V: 16 H:149 F:18
				849CED 85 06       STA $06       [000006] A:0009 X:CFA0 Y:BE31 S:0122 D:0000 DB:86 nvmxdizC V: 16 H:152 F:18
				849CEF A5 02       LDA $02       [000002] A:0009 X:CFA0 Y:BE31 S:0122 D:0000 DB:86 nvmxdizC V: 16 H:159 F:18
				849CF1 38          SEC                    A:0024 X:CFA0 Y:BE31 S:0122 D:0000 DB:86 nvmxdizC V: 16 H:166 F:18
				849CF2 E5 06       SBC $06       [000006] A:0024 X:CFA0 Y:BE31 S:0122 D:0000 DB:86 nvmxdizC V: 16 H:169 F:18
				849CF4 1A          INC                    A:001B X:CFA0 Y:BE31 S:0122 D:0000 DB:86 nvmxdizC V: 16 H:176 F:18
				849CF5 85 06       STA $06       [000006] A:001C X:CFA0 Y:BE31 S:0122 D:0000 DB:86 nvmxdizC V: 16 H:179 F:18
				849CF7 24 0F       BIT $0F       [00000F] A:001C X:CFA0 Y:BE31 S:0122 D:0000 DB:86 nvmxdizC V: 16 H:186 F:18
				849CF9 30 04       BMI $0004     [849CFF] A:001C X:CFA0 Y:BE31 S:0122 D:0000 DB:86 NVmxdiZC V: 16 H:193 F:18
				849CFF 85 02       STA $02       [000002] A:001C X:CFA0 Y:BE31 S:0122 D:0000 DB:86 NVmxdiZC V: 16 H:197 F:18
				849D01 E2 20       SEP #$20               A:001C X:CFA0 Y:BE31 S:0122 D:0000 DB:86 NVmxdiZC V: 16 H:204 F:18
				849D03 2B          PLD                    A:001C X:CFA0 Y:BE31 S:0122 D:0000 DB:86 NVMxdiZC V: 16 H:209 F:18
				849D04 FA          PLX                    A:001C X:CFA0 Y:BE31 S:0124 D:0E68 DB:86 nVMxdizC V: 16 H:217 F:18
				849D05 7A          PLY                    A:001C X:1228 Y:BE31 S:0126 D:0E68 DB:86 nVMxdizC V: 16 H:226 F:18
				849D06 6B          RTL                    A:001C X:1228 Y:00A2 S:0128 D:0E68 DB:86 nVMxdizC V: 16 H:234 F:18

			849B68 90 03       BCC $0003     [849B6D] A:001C X:1228 Y:00A2 S:012B D:0E68 DB:86 nVMxdizC V: 16 H:245 F:18
			849B6A 4C 15 9E    JMP $9E15     [849E15] A:001C X:1228 Y:00A2 S:012B D:0E68 DB:86 nVMxdizC V: 16 H:248 F:18

			849E15 C2 20       REP #$20               A:001C X:1228 Y:00A2 S:012B D:0E68 DB:86 nVMxdizC V: 16 H:252 F:18
			849E17 8E 1E 1F    STX $1F1E     [861F1E] A:001C X:1228 Y:00A2 S:012B D:0E68 DB:86 nVmxdizC V: 16 H:257 F:18
			849E1A BD 0A 00    LDA $000A,X   [861232] A:001C X:1228 Y:00A2 S:012B D:0E68 DB:86 nVmxdizC V: 16 H:265 F:18
			849E1D 29 FF 00    AND #$00FF             A:0001 X:1228 Y:00A2 S:012B D:0E68 DB:86 nVmxdizC V: 16 H:275 F:18
			849E20 8D 00 00    STA $0000     [860000] A:0001 X:1228 Y:00A2 S:012B D:0E68 DB:86 nVmxdizC V: 16 H:280 F:18
			849E23 A5 28       LDA $28       [000E90] A:0001 X:1228 Y:00A2 S:012B D:0E68 DB:86 nVmxdizC V: 16 H:288 F:18
			849E25 29 FF 00    AND #$00FF             A:000A X:1228 Y:00A2 S:012B D:0E68 DB:86 nVmxdizC V: 16 H:297 F:18
			849E28 0A          ASL A                  A:000A X:1228 Y:00A2 S:012B D:0E68 DB:86 nVmxdizC V: 16 H:301 F:18
			849E29 A8          TAY                    A:0014 X:1228 Y:00A2 S:012B D:0E68 DB:86 nVmxdizc V: 16 H:304 F:18
			849E2A B9 37 EF    LDA $EF37,Y   [86EF4B] A:0014 X:1228 Y:0014 S:012B D:0E68 DB:86 nVmxdizc V: 16 H:307 F:18
			849E2D 18          CLC                    A:0154 X:1228 Y:0014 S:012B D:0E68 DB:86 nVmxdizc V: 16 H:316 F:18
			849E2E 6D 00 00    ADC $0000     [860000] A:0154 X:1228 Y:0014 S:012B D:0E68 DB:86 nVmxdizc V: 16 H:319 F:18
			849E31 A8          TAY                    A:0155 X:1228 Y:0014 S:012B D:0E68 DB:86 nvmxdizc V: 16 H:327 F:18
			849E32 E2 20       SEP #$20               A:0155 X:1228 Y:0155 S:012B D:0E68 DB:86 nvmxdizc V: 16 H:330 F:18
			849E34 9C 05 00    STZ $0005     [860005] A:0155 X:1228 Y:0155 S:012B D:0E68 DB:86 nvMxdizc V: 16 H:334 F:18
			849E37 AD 00 00    LDA $0000     [860000] A:0155 X:1228 Y:0155 S:012B D:0E68 DB:86 nvMxdizc V: 17 H:  1 F:18
			849E3A 8D 1D 1F    STA $1F1D     [861F1D] A:0101 X:1228 Y:0155 S:012B D:0E68 DB:86 nvMxdizc V: 17 H:  7 F:18
			849E3D A9 01       LDA #$01               A:0101 X:1228 Y:0155 S:012B D:0E68 DB:86 nvMxdizc V: 17 H: 14 F:18
			849E3F 8D 04 00    STA $0004     [860004] A:0101 X:1228 Y:0155 S:012B D:0E68 DB:86 nvMxdizc V: 17 H: 17 F:18
			849E42 A9 00       LDA #$00               A:0101 X:1228 Y:0155 S:012B D:0E68 DB:86 nvMxdizc V: 17 H: 23 F:18
			849E44 EB          XBA                    A:0100 X:1228 Y:0155 S:012B D:0E68 DB:86 nvMxdiZc V: 17 H: 26 F:18
			849E45 B9 37 EF    LDA $EF37,Y   [86F08C] A:0001 X:1228 Y:0155 S:012B D:0E68 DB:86 nvMxdizc V: 17 H: 31 F:18
			849E48 10 0E       BPL $000E     [849E58] A:0002 X:1228 Y:0155 S:012B D:0E68 DB:86 nvMxdizc V: 17 H: 38 F:18
			849E58 D0 03       BNE $0003     [849E5D] A:0002 X:1228 Y:0155 S:012B D:0E68 DB:86 nvMxdizc V: 17 H: 43 F:18
			849E5D AD 1D 1F    LDA $1F1D     [861F1D] A:0002 X:1228 Y:0155 S:012B D:0E68 DB:86 nvMxdizc V: 17 H: 47 F:18
			849E60 C9 19       CMP #$19               A:0001 X:1228 Y:0155 S:012B D:0E68 DB:86 nvMxdizc V: 17 H: 54 F:18
			849E62 F0 04       BEQ $0004     [849E68] A:0001 X:1228 Y:0155 S:012B D:0E68 DB:86 NvMxdizc V: 17 H: 57 F:18
			849E64 C9 1A       CMP #$1A               A:0001 X:1228 Y:0155 S:012B D:0E68 DB:86 NvMxdizc V: 17 H: 60 F:18
			849E66 D0 06       BNE $0006     [849E6E] A:0001 X:1228 Y:0155 S:012B D:0E68 DB:86 NvMxdizc V: 17 H: 63 F:18
			849E6E A5 27       LDA $27       [000E8F] A:0001 X:1228 Y:0155 S:012B D:0E68 DB:86 NvMxdizc V: 17 H: 67 F:18
			849E70 29 7F       AND #$7F               A:0020 X:1228 Y:0155 S:012B D:0E68 DB:86 nvMxdizc V: 17 H: 74 F:18
			849E72 38          SEC                    A:0020 X:1228 Y:0155 S:012B D:0E68 DB:86 nvMxdizc V: 17 H: 77 F:18
			849E73 F9 37 EF    SBC $EF37,Y   [86F08C] A:0020 X:1228 Y:0155 S:012B D:0E68 DB:86 nvMxdizC V: 17 H: 80 F:18
			849E76 30 21       BMI $0021     [849E99] A:001E X:1228 Y:0155 S:012B D:0E68 DB:86 nvMxdizC V: 17 H: 87 F:18
			849E78 F0 1F       BEQ $001F     [849E99] A:001E X:1228 Y:0155 S:012B D:0E68 DB:86 nvMxdizC V: 17 H: 90 F:18
			849E7A 85 27       STA $27       [000E8F] A:001E X:1228 Y:0155 S:012B D:0E68 DB:86 nvMxdizC V: 17 H: 93 F:18
			849E7C A9 11       LDA #$11               A:001E X:1228 Y:0155 S:012B D:0E68 DB:86 nvMxdizC V: 17 H:100 F:18
			849E7E 22 A2 88 80 JSL $8088A2   [8088A2] A:0011 X:1228 Y:0155 S:012B D:0E68 DB:86 nvMxdizC V: 17 H:103 F:18

				8088A2 DA          PHX                    A:0011 X:1228 Y:0155 S:0128 D:0E68 DB:86 nvMxdizC V: 17 H:116 F:18
				8088A3 5A          PHY                    A:0011 X:1228 Y:0155 S:0126 D:0E68 DB:86 nvMxdizC V: 17 H:123 F:18
				8088A4 08          PHP                    A:0011 X:1228 Y:0155 S:0124 D:0E68 DB:86 nvMxdizC V: 17 H:130 F:18
				8088A5 C2 20       REP #$20               A:0011 X:1228 Y:0155 S:0123 D:0E68 DB:86 nvMxdizC V: 17 H:145 F:18
				8088A7 E2 10       SEP #$10               A:0011 X:1228 Y:0155 S:0123 D:0E68 DB:86 nvmxdizC V: 17 H:150 F:18
				8088A9 48          PHA                    A:0011 X:0028 Y:0055 S:0123 D:0E68 DB:86 nvmXdizC V: 17 H:154 F:18
				8088AA A5 05       LDA $05       [000E6D] A:0011 X:0028 Y:0055 S:0121 D:0E68 DB:86 nvmXdizC V: 17 H:161 F:18
				8088AC 38          SEC                    A:1D7E X:0028 Y:0055 S:0121 D:0E68 DB:86 nvmXdizC V: 17 H:170 F:18
				8088AD ED AD 0B    SBC $0BAD     [860BAD] A:1D7E X:0028 Y:0055 S:0121 D:0E68 DB:86 nvmXdizC V: 17 H:173 F:18
				8088B0 10 0E       BPL $000E     [8088C0] A:005E X:0028 Y:0055 S:0121 D:0E68 DB:86 nvmXdizC V: 17 H:181 F:18
				8088C0 4A          LSR A                  A:005E X:0028 Y:0055 S:0121 D:0E68 DB:86 nvmXdizC V: 17 H:186 F:18
				8088C1 C9 7F 00    CMP #$007F             A:002F X:0028 Y:0055 S:0121 D:0E68 DB:86 nvmXdizc V: 17 H:189 F:18
				8088C4 30 03       BMI $0003     [8088C9] A:002F X:0028 Y:0055 S:0121 D:0E68 DB:86 NvmXdizc V: 17 H:193 F:18
				8088C9 A8          TAY                    A:002F X:0028 Y:0055 S:0121 D:0E68 DB:86 NvmXdizc V: 17 H:198 F:18
				8088CA 68          PLA                    A:002F X:0028 Y:002F S:0121 D:0E68 DB:86 nvmXdizc V: 17 H:201 F:18
				8088CB 80 07       BRA $0007     [8088D4] A:0011 X:0028 Y:002F S:0123 D:0E68 DB:86 nvmXdizc V: 17 H:209 F:18
				8088D4 E2 31       SEP #$31               A:0011 X:0028 Y:002F S:0123 D:0E68 DB:86 nvmXdizc V: 17 H:214 F:18
				8088D6 AE A3 0B    LDX $0BA3     [860BA3] A:0011 X:0028 Y:002F S:0123 D:0E68 DB:86 nvMXdizC V: 17 H:218 F:18
				8088D9 9D 72 0B    STA $0B72,X   [860B86] A:0011 X:0014 Y:002F S:0123 D:0E68 DB:86 nvMXdizC V: 17 H:225 F:18
				8088DC 98          TYA                    A:0011 X:0014 Y:002F S:0123 D:0E68 DB:86 nvMXdizC V: 17 H:233 F:18
				8088DD 9D 73 0B    STA $0B73,X   [860B87] A:002F X:0014 Y:002F S:0123 D:0E68 DB:86 nvMXdizC V: 17 H:236 F:18
				8088E0 E8          INX                    A:002F X:0014 Y:002F S:0123 D:0E68 DB:86 nvMXdizC V: 17 H:244 F:18
				8088E1 E8          INX                    A:002F X:0015 Y:002F S:0123 D:0E68 DB:86 nvMXdizC V: 17 H:247 F:18
				8088E2 8A          TXA                    A:002F X:0016 Y:002F S:0123 D:0E68 DB:86 nvMXdizC V: 17 H:250 F:18
				8088E3 29 1E       AND #$1E               A:0016 X:0016 Y:002F S:0123 D:0E68 DB:86 nvMXdizC V: 17 H:253 F:18
				8088E5 8D A3 0B    STA $0BA3     [860BA3] A:0016 X:0016 Y:002F S:0123 D:0E68 DB:86 nvMXdizC V: 17 H:256 F:18
				8088E8 28          PLP                    A:0016 X:0016 Y:002F S:0123 D:0E68 DB:86 nvMXdizC V: 17 H:262 F:18
				8088E9 7A          PLY                    A:0016 X:0016 Y:002F S:0124 D:0E68 DB:86 nvMxdizC V: 17 H:269 F:18
				8088EA FA          PLX                    A:0016 X:0016 Y:0155 S:0126 D:0E68 DB:86 nvMxdizC V: 17 H:277 F:18
				8088EB 6B          RTL                    A:0016 X:1228 Y:0155 S:0128 D:0E68 DB:86 nvMxdizC V: 17 H:286 F:18

			849E82 A9 08       LDA #$08               A:0016 X:1228 Y:0155 S:012B D:0E68 DB:86 nvMxdizC V: 17 H:296 F:18
			849E84 9D 01 00    STA $0001,X   [861229] A:0008 X:1228 Y:0155 S:012B D:0E68 DB:86 nvMxdizC V: 17 H:299 F:18
			849E87 9E 02 00    STZ $0002,X   [86122A] A:0008 X:1228 Y:0155 S:012B D:0E68 DB:86 nvMxdizC V: 17 H:307 F:18
			849E8A 9E 03 00    STZ $0003,X   [86122B] A:0008 X:1228 Y:0155 S:012B D:0E68 DB:86 nvMxdizC V: 17 H:315 F:18
			849E8D BD 0A 00    LDA $000A,X   [861232] A:0008 X:1228 Y:0155 S:012B D:0E68 DB:86 nvMxdizC V: 17 H:323 F:18
			849E90 C9 1D       CMP #$1D               A:0001 X:1228 Y:0155 S:012B D:0E68 DB:86 nvMxdizC V: 17 H:330 F:18
			849E92 F0 11       BEQ $0011     [849EA5] A:0001 X:1228 Y:0155 S:012B D:0E68 DB:86 NvMxdizc V: 17 H:333 F:18
			849E94 FE 30 00    INC $0030,X   [861258] A:0001 X:1228 Y:0155 S:012B D:0E68 DB:86 NvMxdizc V: 17 H:336 F:18
			849E97 80 0C       BRA $000C     [849EA5] A:0001 X:1228 Y:0155 S:012B D:0E68 DB:86 nvMxdizc V: 18 H:  8 F:18
			849EA5 A9 80       LDA #$80               A:0001 X:1228 Y:0155 S:012B D:0E68 DB:86 nvMxdizc V: 18 H: 12 F:18
			849EA7 04 27       TSB $27       [000E8F] A:0080 X:1228 Y:0155 S:012B D:0E68 DB:86 NvMxdizc V: 18 H: 15 F:18
			849EA9 A9 00       LDA #$00               A:0080 X:1228 Y:0155 S:012B D:0E68 DB:86 NvMxdiZc V: 18 H: 25 F:18
			849EAB 8D 1B 1F    STA $1F1B     [861F1B] A:0000 X:1228 Y:0155 S:012B D:0E68 DB:86 nvMxdiZc V: 18 H: 28 F:18
			849EAE BC 1A 00    LDY $001A,X   [861242] A:0000 X:1228 Y:0155 S:012B D:0E68 DB:86 nvMxdiZc V: 18 H: 35 F:18
			849EB1 F0 09       BEQ $0009     [849EBC] A:0000 X:1228 Y:0600 S:012B D:0E68 DB:86 nvMxdizc V: 18 H: 45 F:18
			849EB3 10 10       BPL $0010     [849EC5] A:0000 X:1228 Y:0600 S:012B D:0E68 DB:86 nvMxdizc V: 18 H: 48 F:18
			849EC5 AD 04 00    LDA $0004     [860004] A:0000 X:1228 Y:0600 S:012B D:0E68 DB:86 nvMxdizc V: 18 H: 52 F:18
			849EC8 48          PHA                    A:0001 X:1228 Y:0600 S:012B D:0E68 DB:86 nvMxdizc V: 18 H: 59 F:18
			849EC9 AD 05 00    LDA $0005     [860005] A:0001 X:1228 Y:0600 S:012A D:0E68 DB:86 nvMxdizc V: 18 H: 64 F:18
			849ECC 48          PHA                    A:0000 X:1228 Y:0600 S:012A D:0E68 DB:86 nvMxdiZc V: 18 H: 70 F:18
			849ECD DA          PHX                    A:0000 X:1228 Y:0600 S:0129 D:0E68 DB:86 nvMxdiZc V: 18 H: 75 F:18
			849ECE 22 4E A5 84 JSL $84A54E   [84A54E] A:0000 X:1228 Y:0600 S:0127 D:0E68 DB:86 nvMxdiZc V: 18 H: 82 F:18

				84A54E 08          PHP                    A:0000 X:1228 Y:0600 S:0124 D:0E68 DB:86 nvMxdiZc V: 18 H: 96 F:18
				84A54F E2 20       SEP #$20               A:0000 X:1228 Y:0600 S:0123 D:0E68 DB:86 nvMxdiZc V: 18 H:101 F:18
				84A551 22 0E 9C 84 JSL $849C0E   [849C0E] A:0000 X:1228 Y:0600 S:0123 D:0E68 DB:86 nvMxdiZc V: 18 H:105 F:18

					849C0E 5A          PHY                    A:0000 X:1228 Y:0600 S:0120 D:0E68 DB:86 nvMxdiZc V: 18 H:119 F:18
					849C0F A4 20       LDY $20       [000E88] A:0000 X:1228 Y:0600 S:011E D:0E68 DB:86 nvMxdiZc V: 18 H:126 F:18
					849C11 D0 03       BNE $0003     [849C16] A:0000 X:1228 Y:CFA0 S:011E D:0E68 DB:86 NvMxdizc V: 18 H:144 F:18
					849C16 BC 20 00    LDY $0020,X   [861248] A:0000 X:1228 Y:CFA0 S:011E D:0E68 DB:86 NvMxdizc V: 18 H:149 F:18
					849C19 D0 03       BNE $0003     [849C1E] A:0000 X:1228 Y:BE31 S:011E D:0E68 DB:86 NvMxdizc V: 18 H:159 F:18
					849C1E C2 20       REP #$20               A:0000 X:1228 Y:BE31 S:011E D:0E68 DB:86 NvMxdizc V: 18 H:163 F:18
					849C20 DA          PHX                    A:0000 X:1228 Y:BE31 S:011E D:0E68 DB:86 Nvmxdizc V: 18 H:168 F:18
					849C21 BD 05 00    LDA $0005,X   [86122D] A:0000 X:1228 Y:BE31 S:011C D:0E68 DB:86 Nvmxdizc V: 18 H:175 F:18
					849C24 8D 04 00    STA $0004     [860004] A:1D48 X:1228 Y:BE31 S:011C D:0E68 DB:86 nvmxdizc V: 18 H:185 F:18
					849C27 BD 08 00    LDA $0008,X   [861230] A:1D48 X:1228 Y:BE31 S:011C D:0E68 DB:86 nvmxdizc V: 18 H:193 F:18
					849C2A 8D 06 00    STA $0006     [860006] A:03AC X:1228 Y:BE31 S:011C D:0E68 DB:86 nvmxdizc V: 18 H:203 F:18
					849C2D A5 05       LDA $05       [000E6D] A:03AC X:1228 Y:BE31 S:011C D:0E68 DB:86 nvmxdizc V: 18 H:212 F:18
					849C2F 8D 0C 00    STA $000C     [86000C] A:1D7E X:1228 Y:BE31 S:011C D:0E68 DB:86 nvmxdizc V: 18 H:220 F:18
					849C32 A5 08       LDA $08       [000E70] A:1D7E X:1228 Y:BE31 S:011C D:0E68 DB:86 nvmxdizc V: 18 H:229 F:18
					849C34 8D 0E 00    STA $000E     [86000E] A:03A2 X:1228 Y:BE31 S:011C D:0E68 DB:86 nvmxdizc V: 18 H:237 F:18
					849C37 E2 20       SEP #$20               A:03A2 X:1228 Y:BE31 S:011C D:0E68 DB:86 nvmxdizc V: 18 H:246 F:18
					849C39 BD 11 00    LDA $0011,X   [861239] A:03A2 X:1228 Y:BE31 S:011C D:0E68 DB:86 nvMxdizc V: 18 H:250 F:18
					849C3C 8D 08 00    STA $0008     [860008] A:0366 X:1228 Y:BE31 S:011C D:0E68 DB:86 nvMxdizc V: 18 H:258 F:18
					849C3F A5 11       LDA $11       [000E79] A:0366 X:1228 Y:BE31 S:011C D:0E68 DB:86 nvMxdizc V: 18 H:265 F:18
					849C41 8D 09 00    STA $0009     [860009] A:0329 X:1228 Y:BE31 S:011C D:0E68 DB:86 nvMxdizc V: 18 H:271 F:18
					849C44 BC 20 00    LDY $0020,X   [861248] A:0329 X:1228 Y:BE31 S:011C D:0E68 DB:86 nvMxdizc V: 18 H:278 F:18
					849C47 A6 20       LDX $20       [000E88] A:0329 X:1228 Y:BE31 S:011C D:0E68 DB:86 NvMxdizc V: 18 H:288 F:18
					849C49 0B          PHD                    A:0329 X:CFA0 Y:BE31 S:011C D:0E68 DB:86 NvMxdizc V: 18 H:296 F:18
					849C4A F4 00 00    PEA $0000              A:0329 X:CFA0 Y:BE31 S:011A D:0E68 DB:86 NvMxdizc V: 18 H:303 F:18
					849C4D 2B          PLD                    A:0329 X:CFA0 Y:BE31 S:0118 D:0E68 DB:86 NvMxdizc V: 18 H:312 F:18
					849C4E BD 02 00    LDA $0002,X   [86CFA2] A:0329 X:CFA0 Y:BE31 S:011A D:0000 DB:86 nvMxdiZc V: 18 H:320 F:18
					849C51 18          CLC                    A:0310 X:CFA0 Y:BE31 S:011A D:0000 DB:86 nvMxdizc V: 18 H:327 F:18
					849C52 79 02 00    ADC $0002,Y   [86BE33] A:0310 X:CFA0 Y:BE31 S:011A D:0000 DB:86 nvMxdizc V: 18 H:330 F:18
					849C55 85 00       STA $00       [000000] A:0326 X:CFA0 Y:BE31 S:011A D:0000 DB:86 nvMxdizc V: 18 H:337 F:18
					849C57 64 01       STZ $01       [000001] A:0326 X:CFA0 Y:BE31 S:011A D:0000 DB:86 nvMxdizc V: 19 H:  2 F:18
					849C59 BD 03 00    LDA $0003,X   [86CFA3] A:0326 X:CFA0 Y:BE31 S:011A D:0000 DB:86 nvMxdizc V: 19 H:  7 F:18
					849C5C 18          CLC                    A:0318 X:CFA0 Y:BE31 S:011A D:0000 DB:86 nvMxdizc V: 19 H: 15 F:18
					849C5D 79 03 00    ADC $0003,Y   [86BE34] A:0318 X:CFA0 Y:BE31 S:011A D:0000 DB:86 nvMxdizc V: 19 H: 18 F:18
					849C60 85 02       STA $02       [000002] A:0324 X:CFA0 Y:BE31 S:011A D:0000 DB:86 nvMxdizc V: 19 H: 25 F:18
					849C62 64 03       STZ $03       [000003] A:0324 X:CFA0 Y:BE31 S:011A D:0000 DB:86 nvMxdizc V: 19 H: 30 F:18
					849C64 C2 21       REP #$21               A:0324 X:CFA0 Y:BE31 S:011A D:0000 DB:86 nvMxdizc V: 19 H: 35 F:18
					849C66 B9 00 00    LDA $0000,Y   [86BE31] A:0324 X:CFA0 Y:BE31 S:011A D:0000 DB:86 nvmxdizc V: 19 H: 40 F:18
					849C69 29 FF 00    AND #$00FF             A:00FB X:CFA0 Y:BE31 S:011A D:0000 DB:86 nvmxdizc V: 19 H: 49 F:18
					849C6C 89 80 00    BIT #$0080             A:00FB X:CFA0 Y:BE31 S:011A D:0000 DB:86 nvmxdizc V: 19 H: 53 F:18
					849C6F F0 03       BEQ $0003     [849C74] A:00FB X:CFA0 Y:BE31 S:011A D:0000 DB:86 nvmxdizc V: 19 H: 58 F:18
					849C71 09 00 FF    ORA #$FF00             A:00FB X:CFA0 Y:BE31 S:011A D:0000 DB:86 nvmxdizc V: 19 H: 61 F:18
					849C74 24 07       BIT $07       [000007] A:FFFB X:CFA0 Y:BE31 S:011A D:0000 DB:86 Nvmxdizc V: 19 H: 65 F:18
					849C76 50 04       BVC $0004     [849C7C] A:FFFB X:CFA0 Y:BE31 S:011A D:0000 DB:86 nVmxdizc V: 19 H: 72 F:18
					849C78 49 FF FF    EOR #$FFFF             A:FFFB X:CFA0 Y:BE31 S:011A D:0000 DB:86 nVmxdizc V: 19 H: 75 F:18
					849C7B 1A          INC                    A:0004 X:CFA0 Y:BE31 S:011A D:0000 DB:86 nVmxdizc V: 19 H: 80 F:18
					849C7C 85 0A       STA $0A       [00000A] A:0005 X:CFA0 Y:BE31 S:011A D:0000 DB:86 nVmxdizc V: 19 H: 83 F:18
					849C7E 64 10       STZ $10       [000010] A:0005 X:CFA0 Y:BE31 S:011A D:0000 DB:86 nVmxdizc V: 19 H: 90 F:18
					849C80 BD 00 00    LDA $0000,X   [86CFA0] A:0005 X:CFA0 Y:BE31 S:011A D:0000 DB:86 nVmxdizc V: 19 H: 97 F:18
					849C83 29 FF 00    AND #$00FF             A:01F3 X:CFA0 Y:BE31 S:011A D:0000 DB:86 nVmxdizc V: 19 H:106 F:18
					849C86 89 80 00    BIT #$0080             A:00F3 X:CFA0 Y:BE31 S:011A D:0000 DB:86 nVmxdizc V: 19 H:110 F:18
					849C89 F0 03       BEQ $0003     [849C8E] A:00F3 X:CFA0 Y:BE31 S:011A D:0000 DB:86 nVmxdizc V: 19 H:115 F:18
					849C8B 09 00 FF    ORA #$FF00             A:00F3 X:CFA0 Y:BE31 S:011A D:0000 DB:86 nVmxdizc V: 19 H:118 F:18
					849C8E 24 08       BIT $08       [000008] A:FFF3 X:CFA0 Y:BE31 S:011A D:0000 DB:86 NVmxdizc V: 19 H:122 F:18
					849C90 50 04       BVC $0004     [849C96] A:FFF3 X:CFA0 Y:BE31 S:011A D:0000 DB:86 nvmxdizc V: 19 H:129 F:18
					849C96 65 0C       ADC $0C       [00000C] A:FFF3 X:CFA0 Y:BE31 S:011A D:0000 DB:86 nvmxdizc V: 19 H:134 F:18
					849C98 38          SEC                    A:1D71 X:CFA0 Y:BE31 S:011A D:0000 DB:86 nvmxdizC V: 19 H:151 F:18
					849C99 E5 04       SBC $04       [000004] A:1D71 X:CFA0 Y:BE31 S:011A D:0000 DB:86 nvmxdizC V: 19 H:154 F:18
					849C9B 38          SEC                    A:0029 X:CFA0 Y:BE31 S:011A D:0000 DB:86 nvmxdizC V: 19 H:161 F:18
					849C9C E5 0A       SBC $0A       [00000A] A:0029 X:CFA0 Y:BE31 S:011A D:0000 DB:86 nvmxdizC V: 19 H:164 F:18
					849C9E 10 06       BPL $0006     [849CA6] A:0024 X:CFA0 Y:BE31 S:011A D:0000 DB:86 nvmxdizC V: 19 H:171 F:18
					849CA6 85 04       STA $04       [000004] A:0024 X:CFA0 Y:BE31 S:011A D:0000 DB:86 nvmxdizC V: 19 H:175 F:18
					849CA8 A5 00       LDA $00       [000000] A:0024 X:CFA0 Y:BE31 S:011A D:0000 DB:86 nvmxdizC V: 19 H:182 F:18
					849CAA 38          SEC                    A:0026 X:CFA0 Y:BE31 S:011A D:0000 DB:86 nvmxdizC V: 19 H:189 F:18
					849CAB E5 04       SBC $04       [000004] A:0026 X:CFA0 Y:BE31 S:011A D:0000 DB:86 nvmxdizC V: 19 H:192 F:18
					849CAD 1A          INC                    A:0002 X:CFA0 Y:BE31 S:011A D:0000 DB:86 nvmxdizC V: 19 H:199 F:18
					849CAE 85 04       STA $04       [000004] A:0003 X:CFA0 Y:BE31 S:011A D:0000 DB:86 nvmxdizC V: 19 H:202 F:18
					849CB0 24 0F       BIT $0F       [00000F] A:0003 X:CFA0 Y:BE31 S:011A D:0000 DB:86 nvmxdizC V: 19 H:209 F:18
					849CB2 30 04       BMI $0004     [849CB8] A:0003 X:CFA0 Y:BE31 S:011A D:0000 DB:86 nvmxdizC V: 19 H:216 F:18
					849CB4 49 FF FF    EOR #$FFFF             A:0003 X:CFA0 Y:BE31 S:011A D:0000 DB:86 nvmxdizC V: 19 H:219 F:18
					849CB7 1A          INC                    A:FFFC X:CFA0 Y:BE31 S:011A D:0000 DB:86 NvmxdizC V: 19 H:224 F:18
					849CB8 85 00       STA $00       [000000] A:FFFD X:CFA0 Y:BE31 S:011A D:0000 DB:86 NvmxdizC V: 19 H:227 F:18
					849CBA 90 45       BCC $0045     [849D01] A:FFFD X:CFA0 Y:BE31 S:011A D:0000 DB:86 NvmxdizC V: 19 H:234 F:18
					849CBC B9 01 00    LDA $0001,Y   [86BE32] A:FFFD X:CFA0 Y:BE31 S:011A D:0000 DB:86 NvmxdizC V: 19 H:237 F:18
					849CBF 29 FF 00    AND #$00FF             A:1600 X:CFA0 Y:BE31 S:011A D:0000 DB:86 nvmxdizC V: 19 H:246 F:18
					849CC2 89 80 00    BIT #$0080             A:0000 X:CFA0 Y:BE31 S:011A D:0000 DB:86 nvmxdiZC V: 19 H:250 F:18
					849CC5 F0 03       BEQ $0003     [849CCA] A:0000 X:CFA0 Y:BE31 S:011A D:0000 DB:86 nvmxdiZC V: 19 H:255 F:18
					849CCA 85 0A       STA $0A       [00000A] A:0000 X:CFA0 Y:BE31 S:011A D:0000 DB:86 nvmxdiZC V: 19 H:259 F:18
					849CCC 64 10       STZ $10       [000010] A:0000 X:CFA0 Y:BE31 S:011A D:0000 DB:86 nvmxdiZC V: 19 H:266 F:18
					849CCE BD 01 00    LDA $0001,X   [86CFA1] A:0000 X:CFA0 Y:BE31 S:011A D:0000 DB:86 nvmxdiZC V: 19 H:273 F:18
					849CD1 29 FF 00    AND #$00FF             A:1001 X:CFA0 Y:BE31 S:011A D:0000 DB:86 nvmxdizC V: 19 H:282 F:18
					849CD4 89 80 00    BIT #$0080             A:0001 X:CFA0 Y:BE31 S:011A D:0000 DB:86 nvmxdizC V: 19 H:287 F:18
					849CD7 F0 03       BEQ $0003     [849CDC] A:0001 X:CFA0 Y:BE31 S:011A D:0000 DB:86 nvmxdiZC V: 19 H:291 F:18
					849CDC 18          CLC                    A:0001 X:CFA0 Y:BE31 S:011A D:0000 DB:86 nvmxdiZC V: 19 H:296 F:18
					849CDD 65 0E       ADC $0E       [00000E] A:0001 X:CFA0 Y:BE31 S:011A D:0000 DB:86 nvmxdiZc V: 19 H:299 F:18
					849CDF 38          SEC                    A:03A3 X:CFA0 Y:BE31 S:011A D:0000 DB:86 nvmxdizc V: 19 H:306 F:18
					849CE0 E5 06       SBC $06       [000006] A:03A3 X:CFA0 Y:BE31 S:011A D:0000 DB:86 nvmxdizC V: 19 H:309 F:18
					849CE2 38          SEC                    A:FFF7 X:CFA0 Y:BE31 S:011A D:0000 DB:86 Nvmxdizc V: 19 H:316 F:18
					849CE3 E5 0A       SBC $0A       [00000A] A:FFF7 X:CFA0 Y:BE31 S:011A D:0000 DB:86 NvmxdizC V: 19 H:319 F:18
					849CE5 10 06       BPL $0006     [849CED] A:FFF7 X:CFA0 Y:BE31 S:011A D:0000 DB:86 NvmxdizC V: 19 H:325 F:18
					849CE7 C6 10       DEC $10       [000010] A:FFF7 X:CFA0 Y:BE31 S:011A D:0000 DB:86 NvmxdizC V: 19 H:328 F:18
					849CE9 49 FF FF    EOR #$FFFF             A:FFF7 X:CFA0 Y:BE31 S:011A D:0000 DB:86 NvmxdizC V: 20 H:  0 F:18
					849CEC 1A          INC                    A:0008 X:CFA0 Y:BE31 S:011A D:0000 DB:86 nvmxdizC V: 20 H:  5 F:18
					849CED 85 06       STA $06       [000006] A:0009 X:CFA0 Y:BE31 S:011A D:0000 DB:86 nvmxdizC V: 20 H:  8 F:18
					849CEF A5 02       LDA $02       [000002] A:0009 X:CFA0 Y:BE31 S:011A D:0000 DB:86 nvmxdizC V: 20 H: 15 F:18
					849CF1 38          SEC                    A:0024 X:CFA0 Y:BE31 S:011A D:0000 DB:86 nvmxdizC V: 20 H: 22 F:18
					849CF2 E5 06       SBC $06       [000006] A:0024 X:CFA0 Y:BE31 S:011A D:0000 DB:86 nvmxdizC V: 20 H: 25 F:18
					849CF4 1A          INC                    A:001B X:CFA0 Y:BE31 S:011A D:0000 DB:86 nvmxdizC V: 20 H: 32 F:18
					849CF5 85 06       STA $06       [000006] A:001C X:CFA0 Y:BE31 S:011A D:0000 DB:86 nvmxdizC V: 20 H: 35 F:18
					849CF7 24 0F       BIT $0F       [00000F] A:001C X:CFA0 Y:BE31 S:011A D:0000 DB:86 nvmxdizC V: 20 H: 42 F:18
					849CF9 30 04       BMI $0004     [849CFF] A:001C X:CFA0 Y:BE31 S:011A D:0000 DB:86 NVmxdiZC V: 20 H: 49 F:18
					849CFF 85 02       STA $02       [000002] A:001C X:CFA0 Y:BE31 S:011A D:0000 DB:86 NVmxdiZC V: 20 H: 53 F:18
					849D01 E2 20       SEP #$20               A:001C X:CFA0 Y:BE31 S:011A D:0000 DB:86 NVmxdiZC V: 20 H: 60 F:18
					849D03 2B          PLD                    A:001C X:CFA0 Y:BE31 S:011A D:0000 DB:86 NVMxdiZC V: 20 H: 65 F:18
					849D04 FA          PLX                    A:001C X:CFA0 Y:BE31 S:011C D:0E68 DB:86 nVMxdizC V: 20 H: 73 F:18
					849D05 7A          PLY                    A:001C X:1228 Y:BE31 S:011E D:0E68 DB:86 nVMxdizC V: 20 H: 82 F:18
					849D06 6B          RTL                    A:001C X:1228 Y:0600 S:0120 D:0E68 DB:86 nVMxdizC V: 20 H: 90 F:18

				84A555 8E 10 00    STX $0010     [860010] A:001C X:1228 Y:0600 S:0123 D:0E68 DB:86 nVMxdizC V: 20 H:101 F:18
				84A558 9B          TXY                    A:001C X:1228 Y:0600 S:0123 D:0E68 DB:86 nVMxdizC V: 20 H:109 F:18
				84A559 BE 20 00    LDX $0020,Y   [861248] A:001C X:1228 Y:1228 S:0123 D:0E68 DB:86 nVMxdizC V: 20 H:112 F:18
				84A55C 9B          TXY                    A:001C X:BE31 Y:1228 S:0123 D:0E68 DB:86 NVMxdizC V: 20 H:122 F:18
				84A55D A6 20       LDX $20       [000E88] A:001C X:BE31 Y:BE31 S:0123 D:0E68 DB:86 NVMxdizC V: 20 H:125 F:18
				84A55F E2 20       SEP #$20               A:001C X:CFA0 Y:BE31 S:0123 D:0E68 DB:86 NVMxdizC V: 20 H:144 F:18
				84A561 B9 02 00    LDA $0002,Y   [86BE33] A:001C X:CFA0 Y:BE31 S:0123 D:0E68 DB:86 NVMxdizC V: 20 H:148 F:18
				84A564 CD 04 00    CMP $0004     [860004] A:0016 X:CFA0 Y:BE31 S:0123 D:0E68 DB:86 nVMxdizC V: 20 H:156 F:18
				84A567 90 6F       BCC $006F     [84A5D8] A:0016 X:CFA0 Y:BE31 S:0123 D:0E68 DB:86 nVMxdizC V: 20 H:162 F:18
				84A569 4E 05 00    LSR $0005     [860005] A:0016 X:CFA0 Y:BE31 S:0123 D:0E68 DB:86 nVMxdizC V: 20 H:165 F:18
				84A56C 6E 04 00    ROR $0004     [860004] A:0016 X:CFA0 Y:BE31 S:0123 D:0E68 DB:86 nVMxdiZc V: 20 H:175 F:18
				84A56F AD 01 00    LDA $0001     [860001] A:0016 X:CFA0 Y:BE31 S:0123 D:0E68 DB:86 nVMxdizC V: 20 H:185 F:18
				84A572 30 31       BMI $0031     [84A5A5] A:00FF X:CFA0 Y:BE31 S:0123 D:0E68 DB:86 NVMxdizC V: 20 H:192 F:18
				84A5A5 BD 00 00    LDA $0000,X   [86CFA0] A:00FF X:CFA0 Y:BE31 S:0123 D:0E68 DB:86 NVMxdizC V: 20 H:196 F:18
				84A5A8 24 11       BIT $11       [000E79] A:00F3 X:CFA0 Y:BE31 S:0123 D:0E68 DB:86 NVMxdizC V: 20 H:204 F:18
				84A5AA 50 03       BVC $0003     [84A5AF] A:00F3 X:CFA0 Y:BE31 S:0123 D:0E68 DB:86 nvMxdizC V: 20 H:210 F:18
				84A5AF C9 00       CMP #$00               A:00F3 X:CFA0 Y:BE31 S:0123 D:0E68 DB:86 nvMxdizC V: 20 H:215 F:18
				84A5B1 C2 20       REP #$20               A:00F3 X:CFA0 Y:BE31 S:0123 D:0E68 DB:86 NvMxdizC V: 20 H:218 F:18
				84A5B3 30 05       BMI $0005     [84A5BA] A:00F3 X:CFA0 Y:BE31 S:0123 D:0E68 DB:86 NvmxdizC V: 20 H:222 F:18
				84A5BA 09 00 FF    ORA #$FF00             A:00F3 X:CFA0 Y:BE31 S:0123 D:0E68 DB:86 NvmxdizC V: 20 H:227 F:18
				84A5BD 18          CLC                    A:FFF3 X:CFA0 Y:BE31 S:0123 D:0E68 DB:86 NvmxdizC V: 20 H:231 F:18
				84A5BE 65 05       ADC $05       [000E6D] A:FFF3 X:CFA0 Y:BE31 S:0123 D:0E68 DB:86 Nvmxdizc V: 20 H:234 F:18
				84A5C0 48          PHA                    A:1D71 X:CFA0 Y:BE31 S:0123 D:0E68 DB:86 nvmxdizC V: 20 H:243 F:18
				84A5C1 BD 02 00    LDA $0002,X   [86CFA2] A:1D71 X:CFA0 Y:BE31 S:0121 D:0E68 DB:86 nvmxdizC V: 20 H:250 F:18
				84A5C4 29 FF 00    AND #$00FF             A:1810 X:CFA0 Y:BE31 S:0121 D:0E68 DB:86 nvmxdizC V: 20 H:259 F:18
				84A5C7 8D 08 00    STA $0008     [860008] A:0010 X:CFA0 Y:BE31 S:0121 D:0E68 DB:86 nvmxdizC V: 20 H:263 F:18
				84A5CA 68          PLA                    A:0010 X:CFA0 Y:BE31 S:0121 D:0E68 DB:86 nvmxdizC V: 20 H:272 F:18
				84A5CB 38          SEC                    A:1D71 X:CFA0 Y:BE31 S:0123 D:0E68 DB:86 nvmxdizC V: 20 H:280 F:18
				84A5CC ED 08 00    SBC $0008     [860008] A:1D71 X:CFA0 Y:BE31 S:0123 D:0E68 DB:86 nvmxdizC V: 20 H:283 F:18
				84A5CF 18          CLC                    A:1D61 X:CFA0 Y:BE31 S:0123 D:0E68 DB:86 nvmxdizC V: 20 H:292 F:18
				84A5D0 6D 04 00    ADC $0004     [860004] A:1D61 X:CFA0 Y:BE31 S:0123 D:0E68 DB:86 nvmxdizc V: 20 H:295 F:18
				84A5D3 8D 00 00    STA $0000     [860000] A:1D62 X:CFA0 Y:BE31 S:0123 D:0E68 DB:86 nvmxdizc V: 20 H:303 F:18
				84A5D6 80 0D       BRA $000D     [84A5E5] A:1D62 X:CFA0 Y:BE31 S:0123 D:0E68 DB:86 nvmxdizc V: 20 H:312 F:18
				84A5E5 E2 20       SEP #$20               A:1D62 X:CFA0 Y:BE31 S:0123 D:0E68 DB:86 nvmxdizc V: 20 H:316 F:18
				84A5E7 B9 03 00    LDA $0003,Y   [86BE34] A:1D62 X:CFA0 Y:BE31 S:0123 D:0E68 DB:86 nvMxdizc V: 20 H:321 F:18
				84A5EA CD 06 00    CMP $0006     [860006] A:1D0C X:CFA0 Y:BE31 S:0123 D:0E68 DB:86 nvMxdizc V: 20 H:327 F:18
				84A5ED 90 5D       BCC $005D     [84A64C] A:1D0C X:CFA0 Y:BE31 S:0123 D:0E68 DB:86 NvMxdizc V: 20 H:334 F:18
				84A64C C2 20       REP #$20               A:1D0C X:CFA0 Y:BE31 S:0123 D:0E68 DB:86 NvMxdizc V: 20 H:338 F:18
				84A64E AC 10 00    LDY $0010     [860010] A:1D0C X:CFA0 Y:BE31 S:0123 D:0E68 DB:86 Nvmxdizc V: 21 H:  3 F:18
				84A651 B9 08 00    LDA $0008,Y   [861230] A:1D0C X:CFA0 Y:1228 S:0123 D:0E68 DB:86 nvmxdizc V: 21 H: 11 F:18
				84A654 8D 02 00    STA $0002     [860002] A:03AC X:CFA0 Y:1228 S:0123 D:0E68 DB:86 nvmxdizc V: 21 H: 21 F:18
				84A657 28          PLP                    A:03AC X:CFA0 Y:1228 S:0123 D:0E68 DB:86 nvmxdizc V: 21 H: 30 F:18
				84A658 6B          RTL                    A:03AC X:CFA0 Y:1228 S:0124 D:0E68 DB:86 nvMxdiZc V: 21 H: 36 F:18

			849ED2 FA          PLX                    A:03AC X:CFA0 Y:1228 S:0127 D:0E68 DB:86 nvMxdiZc V: 21 H: 47 F:18
			849ED3 C2 20       REP #$20               A:03AC X:1228 Y:1228 S:0129 D:0E68 DB:86 nvMxdizc V: 21 H: 55 F:18
			849ED5 AD 00 00    LDA $0000     [860000] A:03AC X:1228 Y:1228 S:0129 D:0E68 DB:86 nvmxdizc V: 21 H: 60 F:18
			849ED8 9D 33 00    STA $0033,X   [86125B] A:1D62 X:1228 Y:1228 S:0129 D:0E68 DB:86 nvmxdizc V: 21 H: 68 F:18
			849EDB AD 02 00    LDA $0002     [860002] A:1D62 X:1228 Y:1228 S:0129 D:0E68 DB:86 nvmxdizc V: 21 H: 78 F:18
			849EDE 9D 35 00    STA $0035,X   [86125D] A:03AC X:1228 Y:1228 S:0129 D:0E68 DB:86 nvmxdizc V: 21 H: 87 F:18
			849EE1 E2 30       SEP #$30               A:03AC X:1228 Y:1228 S:0129 D:0E68 DB:86 nvmxdizc V: 21 H: 97 F:18
			849EE3 68          PLA                    A:03AC X:0028 Y:0028 S:0129 D:0E68 DB:86 nvMXdizc V: 21 H:101 F:18
			849EE4 F0 02       BEQ $0002     [849EE8] A:0300 X:0028 Y:0028 S:012A D:0E68 DB:86 nvMXdiZc V: 21 H:108 F:18
			849EE8 68          PLA                    A:0300 X:0028 Y:0028 S:012A D:0E68 DB:86 nvMXdiZc V: 21 H:112 F:18
			849EE9 6B          RTL                    A:0301 X:0028 Y:0028 S:012B D:0E68 DB:86 nvMXdizc V: 21 H:119 F:18

		889DA9 F0 66       BEQ $0066     [889E11] A:0301 X:0028 Y:0028 S:012E D:0E68 DB:86 nvMXdizc V: 21 H:129 F:18			Branch if A = #$00 --> No MMXShot exists
		889DAB 10 20       BPL $0020     [889DCD] A:0301 X:0028 Y:0028 S:012E D:0E68 DB:86 nvMXdizc V: 21 H:132 F:18
		889DCD A9 3C       LDA #$3C               A:0301 X:0028 Y:0028 S:012E D:0E68 DB:86 nvMXdizc V: 21 H:147 F:18
		889DCF 85 35       STA $35       [000E9D] A:033C X:0028 Y:0028 S:012E D:0E68 DB:86 nvMXdizc V: 21 H:150 F:18
		889DD1 A9 13       LDA #$13               A:033C X:0028 Y:0028 S:012E D:0E68 DB:86 nvMXdizc V: 21 H:156 F:18
		889DD3 22 A2 88 80 JSL $8088A2   [8088A2] A:0313 X:0028 Y:0028 S:012E D:0E68 DB:86 nvMXdizc V: 21 H:159 F:18

			8088A2 DA          PHX                    A:0313 X:0028 Y:0028 S:012B D:0E68 DB:86 nvMXdizc V: 21 H:173 F:18
			8088A3 5A          PHY                    A:0313 X:0028 Y:0028 S:012A D:0E68 DB:86 nvMXdizc V: 21 H:178 F:18
			8088A4 08          PHP                    A:0313 X:0028 Y:0028 S:0129 D:0E68 DB:86 nvMXdizc V: 21 H:183 F:18
			8088A5 C2 20       REP #$20               A:0313 X:0028 Y:0028 S:0128 D:0E68 DB:86 nvMXdizc V: 21 H:188 F:18
			8088A7 E2 10       SEP #$10               A:0313 X:0028 Y:0028 S:0128 D:0E68 DB:86 nvmXdizc V: 21 H:192 F:18
			8088A9 48          PHA                    A:0313 X:0028 Y:0028 S:0128 D:0E68 DB:86 nvmXdizc V: 21 H:197 F:18
			8088AA A5 05       LDA $05       [000E6D] A:0313 X:0028 Y:0028 S:0126 D:0E68 DB:86 nvmXdizc V: 21 H:204 F:18
			8088AC 38          SEC                    A:1D7E X:0028 Y:0028 S:0126 D:0E68 DB:86 nvmXdizc V: 21 H:212 F:18
			8088AD ED AD 0B    SBC $0BAD     [860BAD] A:1D7E X:0028 Y:0028 S:0126 D:0E68 DB:86 nvmXdizC V: 21 H:215 F:18
			8088B0 10 0E       BPL $000E     [8088C0] A:005E X:0028 Y:0028 S:0126 D:0E68 DB:86 nvmXdizC V: 21 H:224 F:18
			8088C0 4A          LSR A                  A:005E X:0028 Y:0028 S:0126 D:0E68 DB:86 nvmXdizC V: 21 H:228 F:18
			8088C1 C9 7F 00    CMP #$007F             A:002F X:0028 Y:0028 S:0126 D:0E68 DB:86 nvmXdizc V: 21 H:231 F:18
			8088C4 30 03       BMI $0003     [8088C9] A:002F X:0028 Y:0028 S:0126 D:0E68 DB:86 NvmXdizc V: 21 H:236 F:18
			8088C9 A8          TAY                    A:002F X:0028 Y:0028 S:0126 D:0E68 DB:86 NvmXdizc V: 21 H:240 F:18
			8088CA 68          PLA                    A:002F X:0028 Y:002F S:0126 D:0E68 DB:86 nvmXdizc V: 21 H:243 F:18
			8088CB 80 07       BRA $0007     [8088D4] A:0313 X:0028 Y:002F S:0128 D:0E68 DB:86 nvmXdizc V: 21 H:252 F:18
			8088D4 E2 31       SEP #$31               A:0313 X:0028 Y:002F S:0128 D:0E68 DB:86 nvmXdizc V: 21 H:256 F:18
			8088D6 AE A3 0B    LDX $0BA3     [860BA3] A:0313 X:0028 Y:002F S:0128 D:0E68 DB:86 nvMXdizC V: 21 H:261 F:18
			8088D9 9D 72 0B    STA $0B72,X   [860B88] A:0313 X:0016 Y:002F S:0128 D:0E68 DB:86 nvMXdizC V: 21 H:267 F:18
			8088DC 98          TYA                    A:0313 X:0016 Y:002F S:0128 D:0E68 DB:86 nvMXdizC V: 21 H:275 F:18
			8088DD 9D 73 0B    STA $0B73,X   [860B89] A:032F X:0016 Y:002F S:0128 D:0E68 DB:86 nvMXdizC V: 21 H:278 F:18
			8088E0 E8          INX                    A:032F X:0016 Y:002F S:0128 D:0E68 DB:86 nvMXdizC V: 21 H:286 F:18
			8088E1 E8          INX                    A:032F X:0017 Y:002F S:0128 D:0E68 DB:86 nvMXdizC V: 21 H:289 F:18
			8088E2 8A          TXA                    A:032F X:0018 Y:002F S:0128 D:0E68 DB:86 nvMXdizC V: 21 H:292 F:18
			8088E3 29 1E       AND #$1E               A:0318 X:0018 Y:002F S:0128 D:0E68 DB:86 nvMXdizC V: 21 H:295 F:18
			8088E5 8D A3 0B    STA $0BA3     [860BA3] A:0318 X:0018 Y:002F S:0128 D:0E68 DB:86 nvMXdizC V: 21 H:298 F:18
			8088E8 28          PLP                    A:0318 X:0018 Y:002F S:0128 D:0E68 DB:86 nvMXdizC V: 21 H:305 F:18
			8088E9 7A          PLY                    A:0318 X:0018 Y:002F S:0129 D:0E68 DB:86 nvMXdizc V: 21 H:311 F:18
			8088EA FA          PLX                    A:0318 X:0018 Y:0028 S:012A D:0E68 DB:86 nvMXdizc V: 21 H:318 F:18
			8088EB 6B          RTL                    A:0318 X:0028 Y:0028 S:012B D:0E68 DB:86 nvMXdizc V: 21 H:324 F:18

		889DD7 A5 02       LDA $02       [000E6A] A:0318 X:0028 Y:0028 S:012E D:0E68 DB:86 nvMXdizc V: 21 H:334 F:18
		889DD9 C9 04       CMP #$04               A:0304 X:0028 Y:0028 S:012E D:0E68 DB:86 nvMXdizc V: 22 H:  0 F:18
		889DDB D0 1D       BNE $001D     [889DFA] A:0304 X:0028 Y:0028 S:012E D:0E68 DB:86 nvMXdiZC V: 22 H:  3 F:18			Branch if Action <> #$04
		889DDD A5 03       LDA $03       [000E6B] A:0304 X:0028 Y:0028 S:012E D:0E68 DB:86 nvMXdiZC V: 22 H:  6 F:18
		889DDF C9 02       CMP #$02               A:0302 X:0028 Y:0028 S:012E D:0E68 DB:86 nvMXdizC V: 22 H: 13 F:18
		889DE1 D0 17       BNE $0017     [889DFA] A:0302 X:0028 Y:0028 S:012E D:0E68 DB:86 nvMXdiZC V: 22 H: 16 F:18			Branch if Subaction <> #$02
		889DE3 AD 1D 1F    LDA $1F1D     [861F1D] A:0302 X:0028 Y:0028 S:012E D:0E68 DB:86 nvMXdiZC V: 22 H: 19 F:18
		889DE6 C9 01       CMP #$01               A:0301 X:0028 Y:0028 S:012E D:0E68 DB:86 nvMXdizC V: 22 H: 25 F:18
		889DE8 F0 08       BEQ $0008     [889DF2] A:0301 X:0028 Y:0028 S:012E D:0E68 DB:86 nvMXdiZC V: 22 H: 28 F:18			Branch because CurrMMXShotID = #$01 (Green Buster)
		889DF2 A9 08       LDA #$08               A:0301 X:0028 Y:0028 S:012E D:0E68 DB:86 nvMXdiZC V: 22 H: 33 F:18			Action = #$08
		889DF4 85 02       STA $02       [000E6A] A:0308 X:0028 Y:0028 S:012E D:0E68 DB:86 nvMXdizC V: 22 H: 36 F:18
		889DF6 64 03       STZ $03       [000E6B] A:0308 X:0028 Y:0028 S:012E D:0E68 DB:86 nvMXdizC V: 22 H: 42 F:18			Subaction = #$00
		889DF8 80 17       BRA $0017     [889E11] A:0308 X:0028 Y:0028 S:012E D:0E68 DB:86 nvMXdizC V: 22 H: 49 F:18
		889E11 A5 35       LDA $35       [000E9D] A:0308 X:0028 Y:0028 S:012E D:0E68 DB:86 nvMXdizC V: 22 H: 53 F:18			
		889E13 F0 0F       BEQ $000F     [889E24] A:033C X:0028 Y:0028 S:012E D:0E68 DB:86 nvMXdizC V: 22 H: 60 F:18			Branch if E-$35 = #$00
		889E15 3A          DEC                    A:033C X:0028 Y:0028 S:012E D:0E68 DB:86 nvMXdizC V: 22 H: 63 F:18			Decrease E-$35
		889E16 85 35       STA $35       [000E9D] A:033B X:0028 Y:0028 S:012E D:0E68 DB:86 nvMXdizC V: 22 H: 66 F:18
		889E18 29 03       AND #$03               A:033B X:0028 Y:0028 S:012E D:0E68 DB:86 nvMXdizC V: 22 H: 72 F:18			
		889E1A D0 08       BNE $0008     [889E24] A:0303 X:0028 Y:0028 S:012E D:0E68 DB:86 nvMXdizC V: 22 H: 75 F:18			Branch because (E-$35 AND #$03) <> #$03
		889E24 22 03 9B 84 JSL $849B03   [849B03] A:0303 X:0028 Y:0028 S:012E D:0E68 DB:86 nvMXdizC V: 22 H: 80 F:18			JSL $849B03 --> Various general checks

			849B03 C2 10       REP #$10               A:0303 X:0028 Y:0028 S:012B D:0E68 DB:86 nvMXdizC V: 22 H: 93 F:18
			849B05 A5 27       LDA $27       [000E8F] A:0303 X:0028 Y:0028 S:012B D:0E68 DB:86 nvMxdizC V: 22 H: 98 F:18
			849B07 F0 70       BEQ $0070     [849B79] A:0320 X:0028 Y:0028 S:012B D:0E68 DB:86 nvMxdizC V: 22 H:104 F:18
			849B09 A5 0E       LDA $0E       [000E76] A:0320 X:0028 Y:0028 S:012B D:0E68 DB:86 nvMxdizC V: 22 H:107 F:18
			849B0B F0 31       BEQ $0031     [849B3E] A:0301 X:0028 Y:0028 S:012B D:0E68 DB:86 nvMxdizC V: 22 H:114 F:18
			849B0D AD 0C 1F    LDA $1F0C     [861F0C] A:0301 X:0028 Y:0028 S:012B D:0E68 DB:86 nvMxdizC V: 22 H:117 F:18
			849B10 D0 2C       BNE $002C     [849B3E] A:0300 X:0028 Y:0028 S:012B D:0E68 DB:86 nvMxdiZC V: 22 H:123 F:18
			849B12 AD 32 0C    LDA $0C32     [860C32] A:0300 X:0028 Y:0028 S:012B D:0E68 DB:86 nvMxdiZC V: 22 H:126 F:18
			849B15 D0 11       BNE $0011     [849B28] A:0300 X:0028 Y:0028 S:012B D:0E68 DB:86 nvMxdiZC V: 22 H:133 F:18
			849B17 AD 30 0C    LDA $0C30     [860C30] A:0300 X:0028 Y:0028 S:012B D:0E68 DB:86 nvMxdiZC V: 22 H:146 F:18
			849B1A D0 0C       BNE $000C     [849B28] A:0300 X:0028 Y:0028 S:012B D:0E68 DB:86 nvMxdiZC V: 22 H:152 F:18
			849B1C A2 A8 0B    LDX #$0BA8             A:0300 X:0028 Y:0028 S:012B D:0E68 DB:86 nvMxdiZC V: 22 H:155 F:18
			849B1F 22 0E 9C 84 JSL $849C0E   [849C0E] A:0300 X:0BA8 Y:0028 S:012B D:0E68 DB:86 nvMxdizC V: 22 H:160 F:18

				849C0E 5A          PHY                    A:0300 X:0BA8 Y:0028 S:0128 D:0E68 DB:86 nvMxdizC V: 22 H:173 F:18
				849C0F A4 20       LDY $20       [000E88] A:0300 X:0BA8 Y:0028 S:0126 D:0E68 DB:86 nvMxdizC V: 22 H:180 F:18
				849C11 D0 03       BNE $0003     [849C16] A:0300 X:0BA8 Y:CFA0 S:0126 D:0E68 DB:86 NvMxdizC V: 22 H:189 F:18
				849C16 BC 20 00    LDY $0020,X   [860BC8] A:0300 X:0BA8 Y:CFA0 S:0126 D:0E68 DB:86 NvMxdizC V: 22 H:193 F:18
				849C19 D0 03       BNE $0003     [849C1E] A:0300 X:0BA8 Y:A552 S:0126 D:0E68 DB:86 NvMxdizC V: 22 H:203 F:18
				849C1E C2 20       REP #$20               A:0300 X:0BA8 Y:A552 S:0126 D:0E68 DB:86 NvMxdizC V: 22 H:208 F:18
				849C20 DA          PHX                    A:0300 X:0BA8 Y:A552 S:0126 D:0E68 DB:86 NvmxdizC V: 22 H:212 F:18
				849C21 BD 05 00    LDA $0005,X   [860BAD] A:0300 X:0BA8 Y:A552 S:0124 D:0E68 DB:86 NvmxdizC V: 22 H:219 F:18
				849C24 8D 04 00    STA $0004     [860004] A:1D20 X:0BA8 Y:A552 S:0124 D:0E68 DB:86 nvmxdizC V: 22 H:229 F:18
				849C27 BD 08 00    LDA $0008,X   [860BB0] A:1D20 X:0BA8 Y:A552 S:0124 D:0E68 DB:86 nvmxdizC V: 22 H:238 F:18
				849C2A 8D 06 00    STA $0006     [860006] A:03AF X:0BA8 Y:A552 S:0124 D:0E68 DB:86 nvmxdizC V: 22 H:248 F:18
				849C2D A5 05       LDA $05       [000E6D] A:03AF X:0BA8 Y:A552 S:0124 D:0E68 DB:86 nvmxdizC V: 22 H:256 F:18
				849C2F 8D 0C 00    STA $000C     [86000C] A:1D7E X:0BA8 Y:A552 S:0124 D:0E68 DB:86 nvmxdizC V: 22 H:265 F:18
				849C32 A5 08       LDA $08       [000E70] A:1D7E X:0BA8 Y:A552 S:0124 D:0E68 DB:86 nvmxdizC V: 22 H:273 F:18
				849C34 8D 0E 00    STA $000E     [86000E] A:03A2 X:0BA8 Y:A552 S:0124 D:0E68 DB:86 nvmxdizC V: 22 H:282 F:18
				849C37 E2 20       SEP #$20               A:03A2 X:0BA8 Y:A552 S:0124 D:0E68 DB:86 nvmxdizC V: 22 H:290 F:18
				849C39 BD 11 00    LDA $0011,X   [860BB9] A:03A2 X:0BA8 Y:A552 S:0124 D:0E68 DB:86 nvMxdizC V: 22 H:295 F:18
				849C3C 8D 08 00    STA $0008     [860008] A:0362 X:0BA8 Y:A552 S:0124 D:0E68 DB:86 nvMxdizC V: 22 H:303 F:18
				849C3F A5 11       LDA $11       [000E79] A:0362 X:0BA8 Y:A552 S:0124 D:0E68 DB:86 nvMxdizC V: 22 H:309 F:18
				849C41 8D 09 00    STA $0009     [860009] A:0329 X:0BA8 Y:A552 S:0124 D:0E68 DB:86 nvMxdizC V: 22 H:316 F:18
				849C44 BC 20 00    LDY $0020,X   [860BC8] A:0329 X:0BA8 Y:A552 S:0124 D:0E68 DB:86 nvMxdizC V: 22 H:322 F:18
				849C47 A6 20       LDX $20       [000E88] A:0329 X:0BA8 Y:A552 S:0124 D:0E68 DB:86 NvMxdizC V: 22 H:331 F:18
				849C49 0B          PHD                    A:0329 X:CFA0 Y:A552 S:0124 D:0E68 DB:86 NvMxdizC V: 23 H:  0 F:18
				849C4A F4 00 00    PEA $0000              A:0329 X:CFA0 Y:A552 S:0122 D:0E68 DB:86 NvMxdizC V: 23 H:  7 F:18
				849C4D 2B          PLD                    A:0329 X:CFA0 Y:A552 S:0120 D:0E68 DB:86 NvMxdizC V: 23 H: 15 F:18
				849C4E BD 02 00    LDA $0002,X   [86CFA2] A:0329 X:CFA0 Y:A552 S:0122 D:0000 DB:86 nvMxdiZC V: 23 H: 24 F:18
				849C51 18          CLC                    A:0310 X:CFA0 Y:A552 S:0122 D:0000 DB:86 nvMxdizC V: 23 H: 31 F:18
				849C52 79 02 00    ADC $0002,Y   [86A554] A:0310 X:CFA0 Y:A552 S:0122 D:0000 DB:86 nvMxdizc V: 23 H: 34 F:18
				849C55 85 00       STA $00       [000000] A:0316 X:CFA0 Y:A552 S:0122 D:0000 DB:86 nvMxdizc V: 23 H: 42 F:18
				849C57 64 01       STZ $01       [000001] A:0316 X:CFA0 Y:A552 S:0122 D:0000 DB:86 nvMxdizc V: 23 H: 47 F:18
				849C59 BD 03 00    LDA $0003,X   [86CFA3] A:0316 X:CFA0 Y:A552 S:0122 D:0000 DB:86 nvMxdizc V: 23 H: 52 F:18
				849C5C 18          CLC                    A:0318 X:CFA0 Y:A552 S:0122 D:0000 DB:86 nvMxdizc V: 23 H: 59 F:18
				849C5D 79 03 00    ADC $0003,Y   [86A555] A:0318 X:CFA0 Y:A552 S:0122 D:0000 DB:86 nvMxdizc V: 23 H: 62 F:18
				849C60 85 02       STA $02       [000002] A:0326 X:CFA0 Y:A552 S:0122 D:0000 DB:86 nvMxdizc V: 23 H: 70 F:18
				849C62 64 03       STZ $03       [000003] A:0326 X:CFA0 Y:A552 S:0122 D:0000 DB:86 nvMxdizc V: 23 H: 75 F:18
				849C64 C2 21       REP #$21               A:0326 X:CFA0 Y:A552 S:0122 D:0000 DB:86 nvMxdizc V: 23 H: 80 F:18
				849C66 B9 00 00    LDA $0000,Y   [86A552] A:0326 X:CFA0 Y:A552 S:0122 D:0000 DB:86 nvmxdizc V: 23 H: 84 F:18
				849C69 29 FF 00    AND #$00FF             A:FF00 X:CFA0 Y:A552 S:0122 D:0000 DB:86 Nvmxdizc V: 23 H: 93 F:18
				849C6C 89 80 00    BIT #$0080             A:0000 X:CFA0 Y:A552 S:0122 D:0000 DB:86 nvmxdiZc V: 23 H: 98 F:18
				849C6F F0 03       BEQ $0003     [849C74] A:0000 X:CFA0 Y:A552 S:0122 D:0000 DB:86 nvmxdiZc V: 23 H:102 F:18
				849C74 24 07       BIT $07       [000007] A:0000 X:CFA0 Y:A552 S:0122 D:0000 DB:86 nvmxdiZc V: 23 H:107 F:18
				849C76 50 04       BVC $0004     [849C7C] A:0000 X:CFA0 Y:A552 S:0122 D:0000 DB:86 nVmxdiZc V: 23 H:114 F:18
				849C78 49 FF FF    EOR #$FFFF             A:0000 X:CFA0 Y:A552 S:0122 D:0000 DB:86 nVmxdiZc V: 23 H:117 F:18
				849C7B 1A          INC                    A:FFFF X:CFA0 Y:A552 S:0122 D:0000 DB:86 NVmxdizc V: 23 H:121 F:18
				849C7C 85 0A       STA $0A       [00000A] A:0000 X:CFA0 Y:A552 S:0122 D:0000 DB:86 nVmxdiZc V: 23 H:124 F:18
				849C7E 64 10       STZ $10       [000010] A:0000 X:CFA0 Y:A552 S:0122 D:0000 DB:86 nVmxdiZc V: 23 H:131 F:18
				849C80 BD 00 00    LDA $0000,X   [86CFA0] A:0000 X:CFA0 Y:A552 S:0122 D:0000 DB:86 nVmxdiZc V: 23 H:148 F:18
				849C83 29 FF 00    AND #$00FF             A:01F3 X:CFA0 Y:A552 S:0122 D:0000 DB:86 nVmxdizc V: 23 H:157 F:18
				849C86 89 80 00    BIT #$0080             A:00F3 X:CFA0 Y:A552 S:0122 D:0000 DB:86 nVmxdizc V: 23 H:162 F:18
				849C89 F0 03       BEQ $0003     [849C8E] A:00F3 X:CFA0 Y:A552 S:0122 D:0000 DB:86 nVmxdizc V: 23 H:166 F:18
				849C8B 09 00 FF    ORA #$FF00             A:00F3 X:CFA0 Y:A552 S:0122 D:0000 DB:86 nVmxdizc V: 23 H:169 F:18
				849C8E 24 08       BIT $08       [000008] A:FFF3 X:CFA0 Y:A552 S:0122 D:0000 DB:86 NVmxdizc V: 23 H:174 F:18
				849C90 50 04       BVC $0004     [849C96] A:FFF3 X:CFA0 Y:A552 S:0122 D:0000 DB:86 nvmxdizc V: 23 H:181 F:18
				849C96 65 0C       ADC $0C       [00000C] A:FFF3 X:CFA0 Y:A552 S:0122 D:0000 DB:86 nvmxdizc V: 23 H:185 F:18
				849C98 38          SEC                    A:1D71 X:CFA0 Y:A552 S:0122 D:0000 DB:86 nvmxdizC V: 23 H:192 F:18
				849C99 E5 04       SBC $04       [000004] A:1D71 X:CFA0 Y:A552 S:0122 D:0000 DB:86 nvmxdizC V: 23 H:195 F:18
				849C9B 38          SEC                    A:0051 X:CFA0 Y:A552 S:0122 D:0000 DB:86 nvmxdizC V: 23 H:202 F:18
				849C9C E5 0A       SBC $0A       [00000A] A:0051 X:CFA0 Y:A552 S:0122 D:0000 DB:86 nvmxdizC V: 23 H:205 F:18
				849C9E 10 06       BPL $0006     [849CA6] A:0051 X:CFA0 Y:A552 S:0122 D:0000 DB:86 nvmxdizC V: 23 H:212 F:18
				849CA6 85 04       STA $04       [000004] A:0051 X:CFA0 Y:A552 S:0122 D:0000 DB:86 nvmxdizC V: 23 H:217 F:18
				849CA8 A5 00       LDA $00       [000000] A:0051 X:CFA0 Y:A552 S:0122 D:0000 DB:86 nvmxdizC V: 23 H:224 F:18
				849CAA 38          SEC                    A:0016 X:CFA0 Y:A552 S:0122 D:0000 DB:86 nvmxdizC V: 23 H:231 F:18
				849CAB E5 04       SBC $04       [000004] A:0016 X:CFA0 Y:A552 S:0122 D:0000 DB:86 nvmxdizC V: 23 H:234 F:18
				849CAD 1A          INC                    A:FFC5 X:CFA0 Y:A552 S:0122 D:0000 DB:86 Nvmxdizc V: 23 H:241 F:18
				849CAE 85 04       STA $04       [000004] A:FFC6 X:CFA0 Y:A552 S:0122 D:0000 DB:86 Nvmxdizc V: 23 H:244 F:18
				849CB0 24 0F       BIT $0F       [00000F] A:FFC6 X:CFA0 Y:A552 S:0122 D:0000 DB:86 Nvmxdizc V: 23 H:251 F:18
				849CB2 30 04       BMI $0004     [849CB8] A:FFC6 X:CFA0 Y:A552 S:0122 D:0000 DB:86 nvmxdizc V: 23 H:258 F:18
				849CB4 49 FF FF    EOR #$FFFF             A:FFC6 X:CFA0 Y:A552 S:0122 D:0000 DB:86 nvmxdizc V: 23 H:261 F:18
				849CB7 1A          INC                    A:0039 X:CFA0 Y:A552 S:0122 D:0000 DB:86 nvmxdizc V: 23 H:265 F:18
				849CB8 85 00       STA $00       [000000] A:003A X:CFA0 Y:A552 S:0122 D:0000 DB:86 nvmxdizc V: 23 H:268 F:18
				849CBA 90 45       BCC $0045     [849D01] A:003A X:CFA0 Y:A552 S:0122 D:0000 DB:86 nvmxdizc V: 23 H:275 F:18
				849D01 E2 20       SEP #$20               A:003A X:CFA0 Y:A552 S:0122 D:0000 DB:86 nvmxdizc V: 23 H:280 F:18
				849D03 2B          PLD                    A:003A X:CFA0 Y:A552 S:0122 D:0000 DB:86 nvMxdizc V: 23 H:284 F:18
				849D04 FA          PLX                    A:003A X:CFA0 Y:A552 S:0124 D:0E68 DB:86 nvMxdizc V: 23 H:293 F:18
				849D05 7A          PLY                    A:003A X:0BA8 Y:A552 S:0126 D:0E68 DB:86 nvMxdizc V: 23 H:301 F:18
				849D06 6B          RTL                    A:003A X:0BA8 Y:0028 S:0128 D:0E68 DB:86 nvMxdizc V: 23 H:310 F:18

			849B23 90 19       BCC $0019     [849B3E] A:003A X:0BA8 Y:0028 S:012B D:0E68 DB:86 nvMxdizc V: 23 H:320 F:18
			849B3E E2 10       SEP #$10               A:003A X:0BA8 Y:0028 S:012B D:0E68 DB:86 nvMxdizc V: 23 H:324 F:18
			849B40 A9 00       LDA #$00               A:003A X:00A8 Y:0028 S:012B D:0E68 DB:86 nvMXdizc V: 23 H:328 F:18
			849B42 6B          RTL                    A:0000 X:00A8 Y:0028 S:012B D:0E68 DB:86 nvMXdiZc V: 23 H:331 F:18

		889E28 5C B4 80 82 JML $8280B4   [8280B4] A:0000 X:00A8 Y:0028 S:012E D:0E68 DB:86 nvMXdiZc V: 24 H:  2 F:18			JML $8280B4 --> Jump to normal routine

		8280B4 C2 20       REP #$20               A:0000 X:00A8 Y:0028 S:012E D:0E68 DB:86 nvMXdiZc V: 24 H:  8 F:18
		8280B6 38          SEC                    A:0000 X:00A8 Y:0028 S:012E D:0E68 DB:86 nvmXdiZc V: 24 H: 12 F:18
		8280B7 A5 05       LDA $05       [000E6D] A:0000 X:00A8 Y:0028 S:012E D:0E68 DB:86 nvmXdiZC V: 24 H: 15 F:18
		8280B9 ED 4D 1E    SBC $1E4D     [861E4D] A:1D7E X:00A8 Y:0028 S:012E D:0E68 DB:86 nvmXdizC V: 24 H: 24 F:18
		8280BC 18          CLC                    A:007E X:00A8 Y:0028 S:012E D:0E68 DB:86 nvmXdizC V: 24 H: 32 F:18
		8280BD 69 20 00    ADC #$0020             A:007E X:00A8 Y:0028 S:012E D:0E68 DB:86 nvmXdizc V: 24 H: 35 F:18
		8280C0 C9 40 01    CMP #$0140             A:009E X:00A8 Y:0028 S:012E D:0E68 DB:86 nvmXdizc V: 24 H: 40 F:18
		8280C3 B0 0F       BCS $000F     [8280D4] A:009E X:00A8 Y:0028 S:012E D:0E68 DB:86 NvmXdizc V: 24 H: 44 F:18
		8280C5 38          SEC                    A:009E X:00A8 Y:0028 S:012E D:0E68 DB:86 NvmXdizc V: 24 H: 47 F:18
		8280C6 A5 08       LDA $08       [000E70] A:009E X:00A8 Y:0028 S:012E D:0E68 DB:86 NvmXdizC V: 24 H: 50 F:18
		8280C8 ED 50 1E    SBC $1E50     [861E50] A:03A2 X:00A8 Y:0028 S:012E D:0E68 DB:86 nvmXdizC V: 24 H: 59 F:18
		8280CB 18          CLC                    A:00A2 X:00A8 Y:0028 S:012E D:0E68 DB:86 nvmXdizC V: 24 H: 67 F:18
		8280CC 69 10 00    ADC #$0010             A:00A2 X:00A8 Y:0028 S:012E D:0E68 DB:86 nvmXdizc V: 24 H: 70 F:18
		8280CF C9 00 01    CMP #$0100             A:00B2 X:00A8 Y:0028 S:012E D:0E68 DB:86 nvmXdizc V: 24 H: 75 F:18
		8280D2 90 05       BCC $0005     [8280D9] A:00B2 X:00A8 Y:0028 S:012E D:0E68 DB:86 NvmXdizc V: 24 H: 79 F:18
		8280D9 E2 20       SEP #$20               A:00B2 X:00A8 Y:0028 S:012E D:0E68 DB:86 NvmXdizc V: 24 H: 84 F:18
		8280DB A9 81       LDA #$81               A:00B2 X:00A8 Y:0028 S:012E D:0E68 DB:86 NvMXdizc V: 24 H: 88 F:18
		8280DD 85 0E       STA $0E       [000E76] A:0081 X:00A8 Y:0028 S:012E D:0E68 DB:86 NvMXdizc V: 24 H: 91 F:18
		8280DF E2 30       SEP #$30               A:0081 X:00A8 Y:0028 S:012E D:0E68 DB:86 NvMXdizc V: 24 H: 98 F:18
		8280E1 A6 12       LDX $12       [000E7A] A:0081 X:00A8 Y:0028 S:012E D:0E68 DB:86 NvMXdizc V: 24 H:102 F:18
		8280E3 10 02       BPL $0002     [8280E7] A:0081 X:0004 Y:0028 S:012E D:0E68 DB:86 nvMXdizc V: 24 H:109 F:18
		8280E7 7C EA 80    JMP ($80EA,X) [8280EE] A:0081 X:0004 Y:0028 S:012E D:0E68 DB:86 nvMXdizc V: 24 H:113 F:18

		828135 AD EA 00    LDA $00EA     [8600EA] A:0081 X:0004 Y:0028 S:012E D:0E68 DB:86 nvMXdizc V: 24 H:122 F:18
		828138 C9 20       CMP #$20               A:0000 X:0004 Y:0028 S:012E D:0E68 DB:86 nvMXdiZc V: 24 H:129 F:18
		82813A B0 0D       BCS $000D     [828149] A:0000 X:0004 Y:0028 S:012E D:0E68 DB:86 NvMXdizc V: 24 H:132 F:18
		82813C 0A          ASL A                  A:0000 X:0004 Y:0028 S:012E D:0E68 DB:86 NvMXdizc V: 24 H:145 F:18
		82813D AA          TAX                    A:0000 X:0004 Y:0028 S:012E D:0E68 DB:86 nvMXdiZc V: 24 H:148 F:18
		82813E C2 20       REP #$20               A:0000 X:0000 Y:0028 S:012E D:0E68 DB:86 nvMXdiZc V: 24 H:151 F:18
		828140 7B          TDC                    A:0000 X:0000 Y:0028 S:012E D:0E68 DB:86 nvmXdiZc V: 24 H:155 F:18
		828141 9D E0 09    STA $09E0,X   [8609E0] A:0E68 X:0000 Y:0028 S:012E D:0E68 DB:86 nvmXdizc V: 24 H:158 F:18
		828144 E2 20       SEP #$20               A:0E68 X:0000 Y:0028 S:012E D:0E68 DB:86 nvmXdizc V: 24 H:168 F:18
		828146 EE EA 00    INC $00EA     [8600EA] A:0E68 X:0000 Y:0028 S:012E D:0E68 DB:86 nvMXdizc V: 24 H:173 F:18
		828149 6B          RTL                    A:0E68 X:0000 Y:0028 S:012E D:0E68 DB:86 nvMXdizc V: 24 H:183 F:18

	80FAAA 60          RTS                    A:0E68 X:0000 Y:0028 S:0131 D:0E68 DB:86 nvMXdizc V: 24 H:193 F:18

80D4F9 C2 21       REP #$21               A:0E68 X:0000 Y:0028 S:0133 D:0E68 DB:86 nvMXdizc V: 24 H:203 F:18
80D4FB 7B          TDC                    A:0E68 X:0000 Y:0028 S:0133 D:0E68 DB:86 nvmXdizc V: 24 H:208 F:18
80D4FC 69 40 00    ADC #$0040             A:0E68 X:0000 Y:0028 S:0133 D:0E68 DB:86 nvmXdizc V: 24 H:211 F:18
80D4FF C9 28 12    CMP #$1228             A:0EA8 X:0000 Y:0028 S:0133 D:0E68 DB:86 nvmXdizc V: 24 H:215 F:18
80D502 90 EB       BCC $00EB     [80D4EF] A:0EA8 X:0000 Y:0028 S:0133 D:0E68 DB:86 NvmXdizc V: 24 H:220 F:18
80D4EF 5B          TCD                    A:0EA8 X:0000 Y:0028 S:0133 D:0E68 DB:86 NvmXdizc V: 24 H:224 F:18
80D4F0 E2 30       SEP #$30               A:0EA8 X:0000 Y:0028 S:0133 D:0EA8 DB:86 nvmXdizc V: 24 H:227 F:18
80D4F2 A5 00       LDA $00       [000EA8] A:0EA8 X:0000 Y:0028 S:0133 D:0EA8 DB:86 nvMXdizc V: 24 H:232 F:18
80D4F4 F0 03       BEQ $0003     [80D4F9] A:0E00 X:0000 Y:0028 S:0133 D:0EA8 DB:86 nvMXdiZc V: 24 H:238 F:18
80D4F9 C2 21       REP #$21               A:0E00 X:0000 Y:0028 S:0133 D:0EA8 DB:86 nvMXdiZc V: 24 H:243 F:18
80D4FB 7B          TDC                    A:0E00 X:0000 Y:0028 S:0133 D:0EA8 DB:86 nvmXdiZc V: 24 H:247 F:18
80D4FC 69 40 00    ADC #$0040             A:0EA8 X:0000 Y:0028 S:0133 D:0EA8 DB:86 nvmXdizc V: 24 H:250 F:18
80D4FF C9 28 12    CMP #$1228             A:0EE8 X:0000 Y:0028 S:0133 D:0EA8 DB:86 nvmXdizc V: 24 H:255 F:18
80D502 90 EB       BCC $00EB     [80D4EF] A:0EE8 X:0000 Y:0028 S:0133 D:0EA8 DB:86 NvmXdizc V: 24 H:259 F:18
80D4EF 5B          TCD                    A:0EE8 X:0000 Y:0028 S:0133 D:0EA8 DB:86 NvmXdizc V: 24 H:264 F:18
80D4F0 E2 30       SEP #$30               A:0EE8 X:0000 Y:0028 S:0133 D:0EE8 DB:86 nvmXdizc V: 24 H:267 F:18
80D4F2 A5 00       LDA $00       [000EE8] A:0EE8 X:0000 Y:0028 S:0133 D:0EE8 DB:86 nvMXdizc V: 24 H:271 F:18
80D4F4 F0 03       BEQ $0003     [80D4F9] A:0E00 X:0000 Y:0028 S:0133 D:0EE8 DB:86 nvMXdiZc V: 24 H:278 F:18
80D4F9 C2 21       REP #$21               A:0E00 X:0000 Y:0028 S:0133 D:0EE8 DB:86 nvMXdiZc V: 24 H:282 F:18
80D4FB 7B          TDC                    A:0E00 X:0000 Y:0028 S:0133 D:0EE8 DB:86 nvmXdiZc V: 24 H:287 F:18
80D4FC 69 40 00    ADC #$0040             A:0EE8 X:0000 Y:0028 S:0133 D:0EE8 DB:86 nvmXdizc V: 24 H:290 F:18
80D4FF C9 28 12    CMP #$1228             A:0F28 X:0000 Y:0028 S:0133 D:0EE8 DB:86 nvmXdizc V: 24 H:294 F:18
80D502 90 EB       BCC $00EB     [80D4EF] A:0F28 X:0000 Y:0028 S:0133 D:0EE8 DB:86 NvmXdizc V: 24 H:299 F:18
80D4EF 5B          TCD                    A:0F28 X:0000 Y:0028 S:0133 D:0EE8 DB:86 NvmXdizc V: 24 H:303 F:18
80D4F0 E2 30       SEP #$30               A:0F28 X:0000 Y:0028 S:0133 D:0F28 DB:86 nvmXdizc V: 24 H:306 F:18
80D4F2 A5 00       LDA $00       [000F28] A:0F28 X:0000 Y:0028 S:0133 D:0F28 DB:86 nvMXdizc V: 24 H:311 F:18
80D4F4 F0 03       BEQ $0003     [80D4F9] A:0F00 X:0000 Y:0028 S:0133 D:0F28 DB:86 nvMXdiZc V: 24 H:317 F:18
80D4F9 C2 21       REP #$21               A:0F00 X:0000 Y:0028 S:0133 D:0F28 DB:86 nvMXdiZc V: 24 H:322 F:18
80D4FB 7B          TDC                    A:0F00 X:0000 Y:0028 S:0133 D:0F28 DB:86 nvmXdiZc V: 24 H:326 F:18
80D4FC 69 40 00    ADC #$0040             A:0F28 X:0000 Y:0028 S:0133 D:0F28 DB:86 nvmXdizc V: 24 H:328 F:18
80D4FF C9 28 12    CMP #$1228             A:0F68 X:0000 Y:0028 S:0133 D:0F28 DB:86 nvmXdizc V: 24 H:333 F:18
80D502 90 EB       BCC $00EB     [80D4EF] A:0F68 X:0000 Y:0028 S:0133 D:0F28 DB:86 NvmXdizc V: 24 H:337 F:18
80D4EF 5B          TCD                    A:0F68 X:0000 Y:0028 S:0133 D:0F28 DB:86 NvmXdizc V: 25 H:  2 F:18
80D4F0 E2 30       SEP #$30               A:0F68 X:0000 Y:0028 S:0133 D:0F68 DB:86 nvmXdizc V: 25 H:  5 F:18
80D4F2 A5 00       LDA $00       [000F68] A:0F68 X:0000 Y:0028 S:0133 D:0F68 DB:86 nvMXdizc V: 25 H:  9 F:18
80D4F4 F0 03       BEQ $0003     [80D4F9] A:0F00 X:0000 Y:0028 S:0133 D:0F68 DB:86 nvMXdiZc V: 25 H: 16 F:18
80D4F9 C2 21       REP #$21               A:0F00 X:0000 Y:0028 S:0133 D:0F68 DB:86 nvMXdiZc V: 25 H: 20 F:18
80D4FB 7B          TDC                    A:0F00 X:0000 Y:0028 S:0133 D:0F68 DB:86 nvmXdiZc V: 25 H: 25 F:18
80D4FC 69 40 00    ADC #$0040             A:0F68 X:0000 Y:0028 S:0133 D:0F68 DB:86 nvmXdizc V: 25 H: 28 F:18
80D4FF C9 28 12    CMP #$1228             A:0FA8 X:0000 Y:0028 S:0133 D:0F68 DB:86 nvmXdizc V: 25 H: 32 F:18
80D502 90 EB       BCC $00EB     [80D4EF] A:0FA8 X:0000 Y:0028 S:0133 D:0F68 DB:86 NvmXdizc V: 25 H: 37 F:18
80D4EF 5B          TCD                    A:0FA8 X:0000 Y:0028 S:0133 D:0F68 DB:86 NvmXdizc V: 25 H: 41 F:18
80D4F0 E2 30       SEP #$30               A:0FA8 X:0000 Y:0028 S:0133 D:0FA8 DB:86 nvmXdizc V: 25 H: 44 F:18
80D4F2 A5 00       LDA $00       [000FA8] A:0FA8 X:0000 Y:0028 S:0133 D:0FA8 DB:86 nvMXdizc V: 25 H: 49 F:18
80D4F4 F0 03       BEQ $0003     [80D4F9] A:0F00 X:0000 Y:0028 S:0133 D:0FA8 DB:86 nvMXdiZc V: 25 H: 55 F:18
80D4F9 C2 21       REP #$21               A:0F00 X:0000 Y:0028 S:0133 D:0FA8 DB:86 nvMXdiZc V: 25 H: 60 F:18
80D4FB 7B          TDC                    A:0F00 X:0000 Y:0028 S:0133 D:0FA8 DB:86 nvmXdiZc V: 25 H: 64 F:18
80D4FC 69 40 00    ADC #$0040             A:0FA8 X:0000 Y:0028 S:0133 D:0FA8 DB:86 nvmXdizc V: 25 H: 67 F:18
80D4FF C9 28 12    CMP #$1228             A:0FE8 X:0000 Y:0028 S:0133 D:0FA8 DB:86 nvmXdizc V: 25 H: 72 F:18
80D502 90 EB       BCC $00EB     [80D4EF] A:0FE8 X:0000 Y:0028 S:0133 D:0FA8 DB:86 NvmXdizc V: 25 H: 76 F:18
80D4EF 5B          TCD                    A:0FE8 X:0000 Y:0028 S:0133 D:0FA8 DB:86 NvmXdizc V: 25 H: 81 F:18
80D4F0 E2 30       SEP #$30               A:0FE8 X:0000 Y:0028 S:0133 D:0FE8 DB:86 nvmXdizc V: 25 H: 84 F:18
80D4F2 A5 00       LDA $00       [000FE8] A:0FE8 X:0000 Y:0028 S:0133 D:0FE8 DB:86 nvMXdizc V: 25 H: 88 F:18
80D4F4 F0 03       BEQ $0003     [80D4F9] A:0F00 X:0000 Y:0028 S:0133 D:0FE8 DB:86 nvMXdiZc V: 25 H: 95 F:18
80D4F9 C2 21       REP #$21               A:0F00 X:0000 Y:0028 S:0133 D:0FE8 DB:86 nvMXdiZc V: 25 H: 99 F:18
80D4FB 7B          TDC                    A:0F00 X:0000 Y:0028 S:0133 D:0FE8 DB:86 nvmXdiZc V: 25 H:104 F:18
80D4FC 69 40 00    ADC #$0040             A:0FE8 X:0000 Y:0028 S:0133 D:0FE8 DB:86 nvmXdizc V: 25 H:107 F:18
80D4FF C9 28 12    CMP #$1228             A:1028 X:0000 Y:0028 S:0133 D:0FE8 DB:86 nvmXdizc V: 25 H:111 F:18
80D502 90 EB       BCC $00EB     [80D4EF] A:1028 X:0000 Y:0028 S:0133 D:0FE8 DB:86 NvmXdizc V: 25 H:116 F:18
80D4EF 5B          TCD                    A:1028 X:0000 Y:0028 S:0133 D:0FE8 DB:86 NvmXdizc V: 25 H:120 F:18
80D4F0 E2 30       SEP #$30               A:1028 X:0000 Y:0028 S:0133 D:1028 DB:86 nvmXdizc V: 25 H:123 F:18
80D4F2 A5 00       LDA $00       [001028] A:1028 X:0000 Y:0028 S:0133 D:1028 DB:86 nvMXdizc V: 25 H:128 F:18
80D4F4 F0 03       BEQ $0003     [80D4F9] A:1000 X:0000 Y:0028 S:0133 D:1028 DB:86 nvMXdiZc V: 25 H:144 F:18
80D4F9 C2 21       REP #$21               A:1000 X:0000 Y:0028 S:0133 D:1028 DB:86 nvMXdiZc V: 25 H:149 F:18
80D4FB 7B          TDC                    A:1000 X:0000 Y:0028 S:0133 D:1028 DB:86 nvmXdiZc V: 25 H:153 F:18
80D4FC 69 40 00    ADC #$0040             A:1028 X:0000 Y:0028 S:0133 D:1028 DB:86 nvmXdizc V: 25 H:156 F:18
80D4FF C9 28 12    CMP #$1228             A:1068 X:0000 Y:0028 S:0133 D:1028 DB:86 nvmXdizc V: 25 H:161 F:18
80D502 90 EB       BCC $00EB     [80D4EF] A:1068 X:0000 Y:0028 S:0133 D:1028 DB:86 NvmXdizc V: 25 H:165 F:18
80D4EF 5B          TCD                    A:1068 X:0000 Y:0028 S:0133 D:1028 DB:86 NvmXdizc V: 25 H:170 F:18
80D4F0 E2 30       SEP #$30               A:1068 X:0000 Y:0028 S:0133 D:1068 DB:86 nvmXdizc V: 25 H:173 F:18
80D4F2 A5 00       LDA $00       [001068] A:1068 X:0000 Y:0028 S:0133 D:1068 DB:86 nvMXdizc V: 25 H:177 F:18
80D4F4 F0 03       BEQ $0003     [80D4F9] A:1000 X:0000 Y:0028 S:0133 D:1068 DB:86 nvMXdiZc V: 25 H:184 F:18
80D4F9 C2 21       REP #$21               A:1000 X:0000 Y:0028 S:0133 D:1068 DB:86 nvMXdiZc V: 25 H:188 F:18
80D4FB 7B          TDC                    A:1000 X:0000 Y:0028 S:0133 D:1068 DB:86 nvmXdiZc V: 25 H:193 F:18
80D4FC 69 40 00    ADC #$0040             A:1068 X:0000 Y:0028 S:0133 D:1068 DB:86 nvmXdizc V: 25 H:196 F:18
80D4FF C9 28 12    CMP #$1228             A:10A8 X:0000 Y:0028 S:0133 D:1068 DB:86 nvmXdizc V: 25 H:200 F:18
80D502 90 EB       BCC $00EB     [80D4EF] A:10A8 X:0000 Y:0028 S:0133 D:1068 DB:86 NvmXdizc V: 25 H:205 F:18
80D4EF 5B          TCD                    A:10A8 X:0000 Y:0028 S:0133 D:1068 DB:86 NvmXdizc V: 25 H:209 F:18
80D4F0 E2 30       SEP #$30               A:10A8 X:0000 Y:0028 S:0133 D:10A8 DB:86 nvmXdizc V: 25 H:212 F:18
80D4F2 A5 00       LDA $00       [0010A8] A:10A8 X:0000 Y:0028 S:0133 D:10A8 DB:86 nvMXdizc V: 25 H:217 F:18
80D4F4 F0 03       BEQ $0003     [80D4F9] A:1000 X:0000 Y:0028 S:0133 D:10A8 DB:86 nvMXdiZc V: 25 H:223 F:18
80D4F9 C2 21       REP #$21               A:1000 X:0000 Y:0028 S:0133 D:10A8 DB:86 nvMXdiZc V: 25 H:228 F:18
80D4FB 7B          TDC                    A:1000 X:0000 Y:0028 S:0133 D:10A8 DB:86 nvmXdiZc V: 25 H:232 F:18
80D4FC 69 40 00    ADC #$0040             A:10A8 X:0000 Y:0028 S:0133 D:10A8 DB:86 nvmXdizc V: 25 H:235 F:18
80D4FF C9 28 12    CMP #$1228             A:10E8 X:0000 Y:0028 S:0133 D:10A8 DB:86 nvmXdizc V: 25 H:240 F:18
80D502 90 EB       BCC $00EB     [80D4EF] A:10E8 X:0000 Y:0028 S:0133 D:10A8 DB:86 NvmXdizc V: 25 H:244 F:18
80D4EF 5B          TCD                    A:10E8 X:0000 Y:0028 S:0133 D:10A8 DB:86 NvmXdizc V: 25 H:249 F:18
80D4F0 E2 30       SEP #$30               A:10E8 X:0000 Y:0028 S:0133 D:10E8 DB:86 nvmXdizc V: 25 H:252 F:18
80D4F2 A5 00       LDA $00       [0010E8] A:10E8 X:0000 Y:0028 S:0133 D:10E8 DB:86 nvMXdizc V: 25 H:256 F:18
80D4F4 F0 03       BEQ $0003     [80D4F9] A:1000 X:0000 Y:0028 S:0133 D:10E8 DB:86 nvMXdiZc V: 25 H:263 F:18
80D4F9 C2 21       REP #$21               A:1000 X:0000 Y:0028 S:0133 D:10E8 DB:86 nvMXdiZc V: 25 H:267 F:18
80D4FB 7B          TDC                    A:1000 X:0000 Y:0028 S:0133 D:10E8 DB:86 nvmXdiZc V: 25 H:272 F:18
80D4FC 69 40 00    ADC #$0040             A:10E8 X:0000 Y:0028 S:0133 D:10E8 DB:86 nvmXdizc V: 25 H:275 F:18
80D4FF C9 28 12    CMP #$1228             A:1128 X:0000 Y:0028 S:0133 D:10E8 DB:86 nvmXdizc V: 25 H:279 F:18
80D502 90 EB       BCC $00EB     [80D4EF] A:1128 X:0000 Y:0028 S:0133 D:10E8 DB:86 NvmXdizc V: 25 H:284 F:18
80D4EF 5B          TCD                    A:1128 X:0000 Y:0028 S:0133 D:10E8 DB:86 NvmXdizc V: 25 H:288 F:18
80D4F0 E2 30       SEP #$30               A:1128 X:0000 Y:0028 S:0133 D:1128 DB:86 nvmXdizc V: 25 H:291 F:18
80D4F2 A5 00       LDA $00       [001128] A:1128 X:0000 Y:0028 S:0133 D:1128 DB:86 nvMXdizc V: 25 H:296 F:18
80D4F4 F0 03       BEQ $0003     [80D4F9] A:1100 X:0000 Y:0028 S:0133 D:1128 DB:86 nvMXdiZc V: 25 H:302 F:18
80D4F9 C2 21       REP #$21               A:1100 X:0000 Y:0028 S:0133 D:1128 DB:86 nvMXdiZc V: 25 H:307 F:18
80D4FB 7B          TDC                    A:1100 X:0000 Y:0028 S:0133 D:1128 DB:86 nvmXdiZc V: 25 H:311 F:18
80D4FC 69 40 00    ADC #$0040             A:1128 X:0000 Y:0028 S:0133 D:1128 DB:86 nvmXdizc V: 25 H:314 F:18
80D4FF C9 28 12    CMP #$1228             A:1168 X:0000 Y:0028 S:0133 D:1128 DB:86 nvmXdizc V: 25 H:319 F:18
80D502 90 EB       BCC $00EB     [80D4EF] A:1168 X:0000 Y:0028 S:0133 D:1128 DB:86 NvmXdizc V: 25 H:323 F:18
80D4EF 5B          TCD                    A:1168 X:0000 Y:0028 S:0133 D:1128 DB:86 NvmXdizc V: 25 H:327 F:18
80D4F0 E2 30       SEP #$30               A:1168 X:0000 Y:0028 S:0133 D:1168 DB:86 nvmXdizc V: 25 H:330 F:18
80D4F2 A5 00       LDA $00       [001168] A:1168 X:0000 Y:0028 S:0133 D:1168 DB:86 nvMXdizc V: 25 H:334 F:18
80D4F4 F0 03       BEQ $0003     [80D4F9] A:1100 X:0000 Y:0028 S:0133 D:1168 DB:86 nvMXdiZc V: 26 H:  1 F:18
80D4F9 C2 21       REP #$21               A:1100 X:0000 Y:0028 S:0133 D:1168 DB:86 nvMXdiZc V: 26 H:  5 F:18
80D4FB 7B          TDC                    A:1100 X:0000 Y:0028 S:0133 D:1168 DB:86 nvmXdiZc V: 26 H: 10 F:18
80D4FC 69 40 00    ADC #$0040             A:1168 X:0000 Y:0028 S:0133 D:1168 DB:86 nvmXdizc V: 26 H: 13 F:18
80D4FF C9 28 12    CMP #$1228             A:11A8 X:0000 Y:0028 S:0133 D:1168 DB:86 nvmXdizc V: 26 H: 17 F:18
80D502 90 EB       BCC $00EB     [80D4EF] A:11A8 X:0000 Y:0028 S:0133 D:1168 DB:86 NvmXdizc V: 26 H: 22 F:18
80D4EF 5B          TCD                    A:11A8 X:0000 Y:0028 S:0133 D:1168 DB:86 NvmXdizc V: 26 H: 26 F:18
80D4F0 E2 30       SEP #$30               A:11A8 X:0000 Y:0028 S:0133 D:11A8 DB:86 nvmXdizc V: 26 H: 29 F:18
80D4F2 A5 00       LDA $00       [0011A8] A:11A8 X:0000 Y:0028 S:0133 D:11A8 DB:86 nvMXdizc V: 26 H: 34 F:18
80D4F4 F0 03       BEQ $0003     [80D4F9] A:1100 X:0000 Y:0028 S:0133 D:11A8 DB:86 nvMXdiZc V: 26 H: 40 F:18
80D4F9 C2 21       REP #$21               A:1100 X:0000 Y:0028 S:0133 D:11A8 DB:86 nvMXdiZc V: 26 H: 45 F:18
80D4FB 7B          TDC                    A:1100 X:0000 Y:0028 S:0133 D:11A8 DB:86 nvmXdiZc V: 26 H: 49 F:18
80D4FC 69 40 00    ADC #$0040             A:11A8 X:0000 Y:0028 S:0133 D:11A8 DB:86 nvmXdizc V: 26 H: 52 F:18
80D4FF C9 28 12    CMP #$1228             A:11E8 X:0000 Y:0028 S:0133 D:11A8 DB:86 nvmXdizc V: 26 H: 57 F:18
80D502 90 EB       BCC $00EB     [80D4EF] A:11E8 X:0000 Y:0028 S:0133 D:11A8 DB:86 NvmXdizc V: 26 H: 61 F:18
80D4EF 5B          TCD                    A:11E8 X:0000 Y:0028 S:0133 D:11A8 DB:86 NvmXdizc V: 26 H: 66 F:18
80D4F0 E2 30       SEP #$30               A:11E8 X:0000 Y:0028 S:0133 D:11E8 DB:86 nvmXdizc V: 26 H: 69 F:18
80D4F2 A5 00       LDA $00       [0011E8] A:11E8 X:0000 Y:0028 S:0133 D:11E8 DB:86 nvMXdizc V: 26 H: 73 F:18
80D4F4 F0 03       BEQ $0003     [80D4F9] A:1100 X:0000 Y:0028 S:0133 D:11E8 DB:86 nvMXdiZc V: 26 H: 80 F:18
80D4F9 C2 21       REP #$21               A:1100 X:0000 Y:0028 S:0133 D:11E8 DB:86 nvMXdiZc V: 26 H: 84 F:18
80D4FB 7B          TDC                    A:1100 X:0000 Y:0028 S:0133 D:11E8 DB:86 nvmXdiZc V: 26 H: 89 F:18
80D4FC 69 40 00    ADC #$0040             A:11E8 X:0000 Y:0028 S:0133 D:11E8 DB:86 nvmXdizc V: 26 H: 92 F:18
80D4FF C9 28 12    CMP #$1228             A:1228 X:0000 Y:0028 S:0133 D:11E8 DB:86 nvmXdizc V: 26 H: 96 F:18
80D502 90 EB       BCC $00EB     [80D4EF] A:1228 X:0000 Y:0028 S:0133 D:11E8 DB:86 nvmXdiZC V: 26 H:101 F:18
80D504 E2 30       SEP #$30               A:1228 X:0000 Y:0028 S:0133 D:11E8 DB:86 nvmXdiZC V: 26 H:104 F:18
80D506 60          RTS                    A:1228 X:0000 Y:0028 S:0133 D:11E8 DB:86 nvMXdiZC V: 26 H:108 F:18
