80D4F6 20 30 D5    JSR $D530     [80D530] A:0E01 X:0000 Y:0002 S:0133 D:0E68 DB:86 nvMXdizC V:251 H:151 F:27

	80D530 C2 20       REP #$20               A:0E01 X:0000 Y:0002 S:0131 D:0E68 DB:86 nvMXdizC V:251 H:161 F:27
	80D532 A5 05       LDA $05       [000E6D] A:0E01 X:0000 Y:0002 S:0131 D:0E68 DB:86 nvmXdizC V:251 H:166 F:27
	80D534 85 22       STA $22       [000E8A] A:07B0 X:0000 Y:0002 S:0131 D:0E68 DB:86 nvmXdizC V:251 H:174 F:27
	80D536 A5 08       LDA $08       [000E70] A:07B0 X:0000 Y:0002 S:0131 D:0E68 DB:86 nvmXdizC V:251 H:183 F:27
	80D538 85 24       STA $24       [000E8C] A:00A8 X:0000 Y:0002 S:0131 D:0E68 DB:86 nvmXdizC V:251 H:191 F:27
	80D53A E2 20       SEP #$20               A:00A8 X:0000 Y:0002 S:0131 D:0E68 DB:86 nvmXdizC V:251 H:200 F:27
	80D53C A9 80       LDA #$80               A:00A8 X:0000 Y:0002 S:0131 D:0E68 DB:86 nvMXdizC V:251 H:204 F:27
	80D53E 14 0E       TRB $0E       [000E76] A:0080 X:0000 Y:0002 S:0131 D:0E68 DB:86 NvMXdizC V:251 H:207 F:27
	80D540 A5 0A       LDA $0A       [000E72] A:0080 X:0000 Y:0002 S:0131 D:0E68 DB:86 NvMXdizC V:251 H:217 F:27
	80D542 0A          ASL A                  A:0005 X:0000 Y:0002 S:0131 D:0E68 DB:86 nvMXdizC V:251 H:224 F:27
	80D543 AA          TAX                    A:000A X:0000 Y:0002 S:0131 D:0E68 DB:86 nvMXdizc V:251 H:227 F:27
	80D544 7C DD F8    JMP ($F8DD,X) [80F8E7] A:000A X:000A Y:0002 S:0131 D:0E68 DB:86 nvMXdizc V:251 H:230 F:27

	80F9CA 22 7E 8A 87 JSL $878A7E   [878A7E] A:000A X:000A Y:0002 S:0131 D:0E68 DB:86 nvMXdizc V:251 H:239 F:27

		878A7E A6 01       LDX $01       [000E69] A:000A X:000A Y:0002 S:012E D:0E68 DB:86 nvMXdizc V:251 H:252 F:27
		878A80 7C 83 8A    JMP ($8A83,X) [878A87] A:000A X:0004 Y:0002 S:012E D:0E68 DB:86 nvMXdizc V:251 H:259 F:27

		878C1A A5 33       LDA $33       [000E9B] A:000A X:0004 Y:0002 S:012E D:0E68 DB:86 nvMXdizc V:251 H:268 F:27
		878C1C 04 11       TSB $11       [000E79] A:0008 X:0004 Y:0002 S:012E D:0E68 DB:86 nvMXdizc V:251 H:274 F:27
		878C1E A6 02       LDX $02       [000E6A] A:0008 X:0004 Y:0002 S:012E D:0E68 DB:86 nvMXdizc V:251 H:284 F:27
		878C20 FC F2 8C    JSR ($8CF2,X) [878CF4] A:0008 X:0002 Y:0002 S:012E D:0E68 DB:86 nvMXdizc V:251 H:291 F:27

			878DE6 A6 03       LDX $03       [000E6B] A:0008 X:0002 Y:0002 S:012C D:0E68 DB:86 nvMXdizc V:251 H:304 F:27
			878DE8 7C EB 8D    JMP ($8DEB,X) [878DEF] A:0008 X:0004 Y:0002 S:012C D:0E68 DB:86 nvMXdizc V:251 H:310 F:27

			878E4D 22 EA 8E 84 JSL $848EEA   [848EEA] A:0008 X:0004 Y:0002 S:012C D:0E68 DB:86 nvMXdizc V:251 H:319 F:27	JSL $848EEA --> Decrease CDSkel, Continue Skeleton

				848EEA 08          PHP                    A:0008 X:0004 Y:0002 S:0129 D:0E68 DB:86 nvMXdizc V:251 H:332 F:27
				848EEB 8B          PHB                    A:0008 X:0004 Y:0002 S:0128 D:0E68 DB:86 nvMXdizc V:251 H:337 F:27
				848EEC E2 30       SEP #$30               A:0008 X:0004 Y:0002 S:0127 D:0E68 DB:86 nvMXdizc V:252 H:  2 F:27
				848EEE C6 13       DEC $13       [000E7B] A:0008 X:0004 Y:0002 S:0127 D:0E68 DB:86 nvMXdizc V:252 H:  6 F:27
				848EF0 D0 5D       BNE $005D     [848F4F] A:0008 X:0004 Y:0002 S:0127 D:0E68 DB:86 nvMXdizc V:252 H: 16 F:27
				848F4F AB          PLB                    A:0008 X:0004 Y:0002 S:0127 D:0E68 DB:86 nvMXdizc V:252 H: 21 F:27
				848F50 28          PLP                    A:0008 X:0004 Y:0002 S:0128 D:0E68 DB:86 NvMXdizc V:252 H: 27 F:27
				848F51 6B          RTL                    A:0008 X:0004 Y:0002 S:0129 D:0E68 DB:86 nvMXdizc V:252 H: 34 F:27

			878E51 C6 34       DEC $34       [000E9C] A:0008 X:0004 Y:0002 S:012C D:0E68 DB:86 nvMXdizc V:252 H: 44 F:27	Decrease CD2 = #$07
			878E53 D0 04       BNE $0004     [878E59] A:0008 X:0004 Y:0002 S:012C D:0E68 DB:86 nvMXdizc V:252 H: 54 F:27	Branch because CD2 <> #$00
			878E59 60          RTS                    A:0008 X:0004 Y:0002 S:012C D:0E68 DB:86 nvMXdizc V:252 H: 59 F:27	Return

		878C23 A5 37       LDA $37       [000E9F] A:0008 X:0004 Y:0002 S:012E D:0E68 DB:86 nvMXdizc V:252 H: 69 F:27
