80D4F6 20 30 D5    JSR $D530     [80D530] A:0E01 X:0000 Y:0091 S:0133 D:0E68 DB:86 nvMXdizC V:247 H:165 F:29

	80D530 C2 20       REP #$20               A:0E01 X:0000 Y:0091 S:0131 D:0E68 DB:86 nvMXdizC V:247 H:175 F:29
	80D532 A5 05       LDA $05       [000E6D] A:0E01 X:0000 Y:0091 S:0131 D:0E68 DB:86 nvmXdizC V:247 H:179 F:29
	80D534 85 22       STA $22       [000E8A] A:07B0 X:0000 Y:0091 S:0131 D:0E68 DB:86 nvmXdizC V:247 H:188 F:29
	80D536 A5 08       LDA $08       [000E70] A:07B0 X:0000 Y:0091 S:0131 D:0E68 DB:86 nvmXdizC V:247 H:196 F:29
	80D538 85 24       STA $24       [000E8C] A:00A8 X:0000 Y:0091 S:0131 D:0E68 DB:86 nvmXdizC V:247 H:205 F:29
	80D53A E2 20       SEP #$20               A:00A8 X:0000 Y:0091 S:0131 D:0E68 DB:86 nvmXdizC V:247 H:213 F:29
	80D53C A9 80       LDA #$80               A:00A8 X:0000 Y:0091 S:0131 D:0E68 DB:86 nvMXdizC V:247 H:218 F:29
	80D53E 14 0E       TRB $0E       [000E76] A:0080 X:0000 Y:0091 S:0131 D:0E68 DB:86 NvMXdizC V:247 H:221 F:29
	80D540 A5 0A       LDA $0A       [000E72] A:0080 X:0000 Y:0091 S:0131 D:0E68 DB:86 NvMXdizC V:247 H:231 F:29
	80D542 0A          ASL A                  A:0005 X:0000 Y:0091 S:0131 D:0E68 DB:86 nvMXdizC V:247 H:237 F:29
	80D543 AA          TAX                    A:000A X:0000 Y:0091 S:0131 D:0E68 DB:86 nvMXdizc V:247 H:240 F:29
	80D544 7C DD F8    JMP ($F8DD,X) [80F8E7] A:000A X:000A Y:0091 S:0131 D:0E68 DB:86 nvMXdizc V:247 H:243 F:29

	80F9CA 22 7E 8A 87 JSL $878A7E   [878A7E] A:000A X:000A Y:0091 S:0131 D:0E68 DB:86 nvMXdizc V:247 H:252 F:29

		878A7E A6 01       LDX $01       [000E69] A:000A X:000A Y:0091 S:012E D:0E68 DB:86 nvMXdizc V:247 H:266 F:29
		878A80 7C 83 8A    JMP ($8A83,X) [878A87] A:000A X:0004 Y:0091 S:012E D:0E68 DB:86 nvMXdizc V:247 H:272 F:29

		878C1A A5 33       LDA $33       [000E9B] A:000A X:0004 Y:0091 S:012E D:0E68 DB:86 nvMXdizc V:247 H:281 F:29
		878C1C 04 11       TSB $11       [000E79] A:0008 X:0004 Y:0091 S:012E D:0E68 DB:86 nvMXdizc V:247 H:288 F:29
		878C1E A6 02       LDX $02       [000E6A] A:0008 X:0004 Y:0091 S:012E D:0E68 DB:86 nvMXdizc V:247 H:298 F:29
		878C20 FC F2 8C    JSR ($8CF2,X) [878CF4] A:0008 X:0002 Y:0091 S:012E D:0E68 DB:86 nvMXdizc V:247 H:304 F:29

			878DE6 A6 03       LDX $03       [000E6B] A:0008 X:0002 Y:0091 S:012C D:0E68 DB:86 nvMXdizc V:247 H:317 F:29
			878DE8 7C EB 8D    JMP ($8DEB,X) [878DED] A:0008 X:0002 Y:0091 S:012C D:0E68 DB:86 nvMXdizc V:247 H:323 F:29

			878DFF 22 A5 AC 84 JSL $84ACA5   [84ACA5] A:0008 X:0002 Y:0091 S:012C D:0E68 DB:86 nvMXdizc V:247 H:332 F:29	JSL $84ACA5 --> Update Facing (40 bit)

				84ACA5 08          PHP                    A:0008 X:0002 Y:0091 S:0129 D:0E68 DB:86 nvMXdizc V:248 H:  5 F:29
				84ACA6 E2 20       SEP #$20               A:0008 X:0002 Y:0091 S:0128 D:0E68 DB:86 nvMXdizc V:248 H: 10 F:29
				84ACA8 A9 40       LDA #$40               A:0008 X:0002 Y:0091 S:0128 D:0E68 DB:86 nvMXdizc V:248 H: 15 F:29
				84ACAA 14 11       TRB $11       [000E79] A:0040 X:0002 Y:0091 S:0128 D:0E68 DB:86 nvMXdizc V:248 H: 18 F:29
				84ACAC C2 20       REP #$20               A:0040 X:0002 Y:0091 S:0128 D:0E68 DB:86 nvMXdiZc V:248 H: 28 F:29
				84ACAE AD AD 0B    LDA $0BAD     [860BAD] A:0040 X:0002 Y:0091 S:0128 D:0E68 DB:86 nvmXdiZc V:248 H: 32 F:29
				84ACB1 38          SEC                    A:071A X:0002 Y:0091 S:0128 D:0E68 DB:86 nvmXdizc V:248 H: 41 F:29
				84ACB2 E5 05       SBC $05       [000E6D] A:071A X:0002 Y:0091 S:0128 D:0E68 DB:86 nvmXdizC V:248 H: 44 F:29
				84ACB4 E2 20       SEP #$20               A:FF6A X:0002 Y:0091 S:0128 D:0E68 DB:86 NvmXdizc V:248 H: 52 F:29
				84ACB6 A9 00       LDA #$00               A:FF6A X:0002 Y:0091 S:0128 D:0E68 DB:86 NvMXdizc V:248 H: 57 F:29
				84ACB8 6A          ROR A                  A:FF00 X:0002 Y:0091 S:0128 D:0E68 DB:86 nvMXdiZc V:248 H: 60 F:29
				84ACB9 4A          LSR A                  A:FF00 X:0002 Y:0091 S:0128 D:0E68 DB:86 nvMXdiZc V:248 H: 63 F:29
				84ACBA 04 11       TSB $11       [000E79] A:FF00 X:0002 Y:0091 S:0128 D:0E68 DB:86 nvMXdiZc V:248 H: 66 F:29
				84ACBC 28          PLP                    A:FF00 X:0002 Y:0091 S:0128 D:0E68 DB:86 nvMXdiZc V:248 H: 76 F:29
				84ACBD 6B          RTL                    A:FF00 X:0002 Y:0091 S:0129 D:0E68 DB:86 nvMXdizc V:248 H: 82 F:29

			878E03 22 EA 8E 84 JSL $848EEA   [848EEA] A:FF00 X:0002 Y:0091 S:012C D:0E68 DB:86 nvMXdizc V:248 H: 93 F:29	JSL $848EEA --> Decrease CDSkel, Continue Skeleton

				848EEA 08          PHP                    A:FF00 X:0002 Y:0091 S:0129 D:0E68 DB:86 nvMXdizc V:248 H:106 F:29
				848EEB 8B          PHB                    A:FF00 X:0002 Y:0091 S:0128 D:0E68 DB:86 nvMXdizc V:248 H:111 F:29
				848EEC E2 30       SEP #$30               A:FF00 X:0002 Y:0091 S:0127 D:0E68 DB:86 nvMXdizc V:248 H:116 F:29
				848EEE C6 13       DEC $13       [000E7B] A:FF00 X:0002 Y:0091 S:0127 D:0E68 DB:86 nvMXdizc V:248 H:121 F:29
				848EF0 D0 5D       BNE $005D     [848F4F] A:FF00 X:0002 Y:0091 S:0127 D:0E68 DB:86 nvMXdizc V:248 H:131 F:29
				848F4F AB          PLB                    A:FF00 X:0002 Y:0091 S:0127 D:0E68 DB:86 nvMXdizc V:248 H:145 F:29
				848F50 28          PLP                    A:FF00 X:0002 Y:0091 S:0128 D:0E68 DB:86 NvMXdizc V:248 H:152 F:29
				848F51 6B          RTL                    A:FF00 X:0002 Y:0091 S:0129 D:0E68 DB:86 nvMXdizc V:248 H:158 F:29

			878E07 A5 17       LDA $17       [000E7F] A:FF00 X:0002 Y:0091 S:012C D:0E68 DB:86 nvMXdizc V:248 H:169 F:29
			878E09 10 41       BPL $0041     [878E4C] A:FF80 X:0002 Y:0091 S:012C D:0E68 DB:86 NvMXdizc V:248 H:175 F:29
			878E0B 29 7F       AND #$7F               A:FF80 X:0002 Y:0091 S:012C D:0E68 DB:86 NvMXdizc V:248 H:178 F:29
			878E0D 85 17       STA $17       [000E7F] A:FF00 X:0002 Y:0091 S:012C D:0E68 DB:86 nvMXdiZc V:248 H:181 F:29
			878E0F A5 0F       LDA $0F       [000E77] A:FF00 X:0002 Y:0091 S:012C D:0E68 DB:86 nvMXdiZc V:248 H:188 F:29
			878E11 29 7F       AND #$7F               A:FF00 X:0002 Y:0091 S:012C D:0E68 DB:86 nvMXdiZc V:248 H:194 F:29
			878E13 F0 26       BEQ $0026     [878E3B] A:FF00 X:0002 Y:0091 S:012C D:0E68 DB:86 nvMXdiZc V:248 H:197 F:29	Branch because SkelAction AND #$7F = #$00
			878E3B A5 0F       LDA $0F       [000E77] A:FF00 X:0002 Y:0091 S:012C D:0E68 DB:86 nvMXdiZc V:248 H:202 F:29
			878E3D 10 0D       BPL $000D     [878E4C] A:FF00 X:0002 Y:0091 S:012C D:0E68 DB:86 nvMXdiZc V:248 H:208 F:29	Branch because SkelAction is positive
			878E4C 60          RTS                    A:FF00 X:0002 Y:0091 S:012C D:0E68 DB:86 nvMXdiZc V:248 H:213 F:29

		878C23 A5 37       LDA $37       [000E9F] A:FF00 X:0002 Y:0091 S:012E D:0E68 DB:86 nvMXdiZc V:248 H:223 F:29
