80D4F6 20 30 D5    JSR $D530     [80D530] A:0E01 X:0000 Y:0027 S:0133 D:0E68 DB:86 nvMXdizC V:251 H: 19 F:34

	80D530 C2 20       REP #$20               A:0E01 X:0000 Y:0027 S:0131 D:0E68 DB:86 nvMXdizC V:251 H: 29 F:34
	80D532 A5 05       LDA $05       [000E6D] A:0E01 X:0000 Y:0027 S:0131 D:0E68 DB:86 nvmXdizC V:251 H: 34 F:34
	80D534 85 22       STA $22       [000E8A] A:07B0 X:0000 Y:0027 S:0131 D:0E68 DB:86 nvmXdizC V:251 H: 42 F:34
	80D536 A5 08       LDA $08       [000E70] A:07B0 X:0000 Y:0027 S:0131 D:0E68 DB:86 nvmXdizC V:251 H: 51 F:34
	80D538 85 24       STA $24       [000E8C] A:00A8 X:0000 Y:0027 S:0131 D:0E68 DB:86 nvmXdizC V:251 H: 59 F:34
	80D53A E2 20       SEP #$20               A:00A8 X:0000 Y:0027 S:0131 D:0E68 DB:86 nvmXdizC V:251 H: 68 F:34
	80D53C A9 80       LDA #$80               A:00A8 X:0000 Y:0027 S:0131 D:0E68 DB:86 nvMXdizC V:251 H: 72 F:34
	80D53E 14 0E       TRB $0E       [000E76] A:0080 X:0000 Y:0027 S:0131 D:0E68 DB:86 NvMXdizC V:251 H: 75 F:34
	80D540 A5 0A       LDA $0A       [000E72] A:0080 X:0000 Y:0027 S:0131 D:0E68 DB:86 NvMXdizC V:251 H: 85 F:34
	80D542 0A          ASL A                  A:0005 X:0000 Y:0027 S:0131 D:0E68 DB:86 nvMXdizC V:251 H: 92 F:34
	80D543 AA          TAX                    A:000A X:0000 Y:0027 S:0131 D:0E68 DB:86 nvMXdizc V:251 H: 95 F:34
	80D544 7C DD F8    JMP ($F8DD,X) [80F8E7] A:000A X:000A Y:0027 S:0131 D:0E68 DB:86 nvMXdizc V:251 H: 98 F:34

	80F9CA 22 7E 8A 87 JSL $878A7E   [878A7E] A:000A X:000A Y:0027 S:0131 D:0E68 DB:86 nvMXdizc V:251 H:107 F:34

		878A7E A6 01       LDX $01       [000E69] A:000A X:000A Y:0027 S:012E D:0E68 DB:86 nvMXdizc V:251 H:120 F:34
		878A80 7C 83 8A    JMP ($8A83,X) [878A87] A:000A X:0004 Y:0027 S:012E D:0E68 DB:86 nvMXdizc V:251 H:127 F:34

		878C1A A5 33       LDA $33       [000E9B] A:000A X:0004 Y:0027 S:012E D:0E68 DB:86 nvMXdizc V:251 H:146 F:34
		878C1C 04 11       TSB $11       [000E79] A:0008 X:0004 Y:0027 S:012E D:0E68 DB:86 nvMXdizc V:251 H:152 F:34
		878C1E A6 02       LDX $02       [000E6A] A:0008 X:0004 Y:0027 S:012E D:0E68 DB:86 nvMXdizc V:251 H:162 F:34
		878C20 FC F2 8C    JSR ($8CF2,X) [878CF4] A:0008 X:0002 Y:0027 S:012E D:0E68 DB:86 nvMXdizc V:251 H:169 F:34

			878DE6 A6 03       LDX $03       [000E6B] A:0008 X:0002 Y:0027 S:012C D:0E68 DB:86 nvMXdizc V:251 H:182 F:34
			878DE8 7C EB 8D    JMP ($8DEB,X) [878DEF] A:0008 X:0004 Y:0027 S:012C D:0E68 DB:86 nvMXdizc V:251 H:188 F:34

			878E4D 22 EA 8E 84 JSL $848EEA   [848EEA] A:0008 X:0004 Y:0027 S:012C D:0E68 DB:86 nvMXdizc V:251 H:197 F:34	JSL $848EEA --> Decrease CDSkel, Continue Skeleton

				848EEA 08          PHP                    A:0008 X:0004 Y:0027 S:0129 D:0E68 DB:86 nvMXdizc V:251 H:211 F:34
				848EEB 8B          PHB                    A:0008 X:0004 Y:0027 S:0128 D:0E68 DB:86 nvMXdizc V:251 H:216 F:34
				848EEC E2 30       SEP #$30               A:0008 X:0004 Y:0027 S:0127 D:0E68 DB:86 nvMXdizc V:251 H:221 F:34
				848EEE C6 13       DEC $13       [000E7B] A:0008 X:0004 Y:0027 S:0127 D:0E68 DB:86 nvMXdizc V:251 H:225 F:34
				848EF0 D0 5D       BNE $005D     [848F4F] A:0008 X:0004 Y:0027 S:0127 D:0E68 DB:86 nvMXdizc V:251 H:235 F:34
				848F4F AB          PLB                    A:0008 X:0004 Y:0027 S:0127 D:0E68 DB:86 nvMXdizc V:251 H:240 F:34
				848F50 28          PLP                    A:0008 X:0004 Y:0027 S:0128 D:0E68 DB:86 NvMXdizc V:251 H:246 F:34
				848F51 6B          RTL                    A:0008 X:0004 Y:0027 S:0129 D:0E68 DB:86 nvMXdizc V:251 H:253 F:34

			878E51 C6 34       DEC $34       [000E9C] A:0008 X:0004 Y:0027 S:012C D:0E68 DB:86 nvMXdizc V:251 H:263 F:34	Decrease CD2 = #$00
			878E53 D0 04       BNE $0004     [878E59] A:0008 X:0004 Y:0027 S:012C D:0E68 DB:86 nvMXdiZc V:251 H:273 F:34	Branch if CD2 <> #$00
			878E55 64 03       STZ $03       [000E6B] A:0008 X:0004 Y:0027 S:012C D:0E68 DB:86 nvMXdiZc V:251 H:276 F:34	Action = #$00
			878E57 64 02       STZ $02       [000E6A] A:0008 X:0004 Y:0027 S:012C D:0E68 DB:86 nvMXdiZc V:251 H:283 F:34	Subaction = #$00
			878E59 60          RTS                    A:0008 X:0004 Y:0027 S:012C D:0E68 DB:86 nvMXdiZc V:251 H:289 F:34

		878C23 A5 37       LDA $37       [000E9F] A:0008 X:0004 Y:0027 S:012E D:0E68 DB:86 nvMXdiZc V:251 H:299 F:34
