80D4F6 20 30 D5    JSR $D530     [80D530] A:0E01 X:0000 Y:0002 S:0133 D:0E68 DB:86 nvMXdizC V:253 H:  3 F:24

	80D530 C2 20       REP #$20               A:0E01 X:0000 Y:0002 S:0131 D:0E68 DB:86 nvMXdizC V:253 H: 13 F:24
	80D532 A5 05       LDA $05       [000E6D] A:0E01 X:0000 Y:0002 S:0131 D:0E68 DB:86 nvmXdizC V:253 H: 18 F:24
	80D534 85 22       STA $22       [000E8A] A:14BB X:0000 Y:0002 S:0131 D:0E68 DB:86 nvmXdizC V:253 H: 26 F:24
	80D536 A5 08       LDA $08       [000E70] A:14BB X:0000 Y:0002 S:0131 D:0E68 DB:86 nvmXdizC V:253 H: 35 F:24
	80D538 85 24       STA $24       [000E8C] A:0A9D X:0000 Y:0002 S:0131 D:0E68 DB:86 nvmXdizC V:253 H: 43 F:24
	80D53A E2 20       SEP #$20               A:0A9D X:0000 Y:0002 S:0131 D:0E68 DB:86 nvmXdizC V:253 H: 52 F:24
	80D53C A9 80       LDA #$80               A:0A9D X:0000 Y:0002 S:0131 D:0E68 DB:86 nvMXdizC V:253 H: 56 F:24
	80D53E 14 0E       TRB $0E       [000E76] A:0A80 X:0000 Y:0002 S:0131 D:0E68 DB:86 NvMXdizC V:253 H: 59 F:24
	80D540 A5 0A       LDA $0A       [000E72] A:0A80 X:0000 Y:0002 S:0131 D:0E68 DB:86 NvMXdizC V:253 H: 69 F:24
	80D542 0A          ASL A                  A:0A14 X:0000 Y:0002 S:0131 D:0E68 DB:86 nvMXdizC V:253 H: 76 F:24
	80D543 AA          TAX                    A:0A28 X:0000 Y:0002 S:0131 D:0E68 DB:86 nvMXdizc V:253 H: 79 F:24
	80D544 7C DD F8    JMP ($F8DD,X) [80F905] A:0A28 X:0028 Y:0002 S:0131 D:0E68 DB:86 nvMXdizc V:253 H: 82 F:24

	80FA15 22 44 B1 83 JSL $83B144   [83B144] A:0A28 X:0028 Y:0002 S:0131 D:0E68 DB:86 nvMXdizc V:253 H: 91 F:24

		83B144 A6 01       LDX $01       [000E69] A:0A28 X:0028 Y:0002 S:012E D:0E68 DB:86 nvMXdizc V:253 H:104 F:24
		83B146 7C 49 B1    JMP ($B149,X) [83B14D] A:0A28 X:0004 Y:0002 S:012E D:0E68 DB:86 nvMXdizc V:253 H:111 F:24

		83B2E8 A6 02       LDX $02       [000E6A] A:0A28 X:0004 Y:0002 S:012E D:0E68 DB:86 nvMXdizc V:253 H:120 F:24
		83B2EA FC DA B3    JSR ($B3DA,X) [83B3DE] A:0A28 X:0004 Y:0002 S:012E D:0E68 DB:86 nvMXdizc V:253 H:126 F:24

			83B5F5 A6 03       LDX $03       [000E6B] A:0A28 X:0004 Y:0002 S:012C D:0E68 DB:86 nvMXdizc V:253 H:149 F:24
			83B5F7 7C FA B5    JMP ($B5FA,X) [83B5FE] A:0A28 X:0004 Y:0002 S:012C D:0E68 DB:86 nvMXdizc V:253 H:156 F:24

			83B682 20 AA BA    JSR $BAAA     [83BAAA] A:0A28 X:0004 Y:0002 S:012C D:0E68 DB:86 nvMXdizc V:253 H:165 F:24		JSR $83BAAA --> Decrease E-CDKnockback, Knocks Enemy back 02 pixels if Enemy is hit

				83BAAA A5 3C       LDA $3C       [000EA4] A:0A28 X:0004 Y:0002 S:012A D:0E68 DB:86 nvMXdizc V:253 H:175 F:24
				83BAAC F0 1B       BEQ $001B     [83BAC9] A:0A00 X:0004 Y:0002 S:012A D:0E68 DB:86 nvMXdiZc V:253 H:181 F:24	Branch because E-CDKnockback = #$00
				83BAC9 60          RTS                    A:0A00 X:0004 Y:0002 S:012A D:0E68 DB:86 nvMXdiZc V:253 H:186 F:24

			83B685 A5 34       LDA $34       [000E9C] A:0A00 X:0004 Y:0002 S:012C D:0E68 DB:86 nvMXdiZc V:253 H:196 F:24
			83B687 F0 02       BEQ $0002     [83B68B] A:0A06 X:0004 Y:0002 S:012C D:0E68 DB:86 nvMXdizc V:253 H:202 F:24		Branch if CD2 = #$00
			83B689 C6 34       DEC $34       [000E9C] A:0A06 X:0004 Y:0002 S:012C D:0E68 DB:86 nvMXdizc V:253 H:205 F:24		Decrease CD2
			83B68B C6 3B       DEC $3B       [000EA3] A:0A06 X:0004 Y:0002 S:012C D:0E68 DB:86 nvMXdizc V:253 H:215 F:24		Decrease E-CDGuard
			83B68D D0 0D       BNE $000D     [83B69C] A:0A06 X:0004 Y:0002 S:012C D:0E68 DB:86 nvMXdizc V:253 H:225 F:24		Branch because E-CDGuard <> #$00
			83B69C 60          RTS                    A:0A06 X:0004 Y:0002 S:012C D:0E68 DB:86 nvMXdizc V:253 H:230 F:24		Return

		83B2ED A5 27       LDA $27       [000E8F] A:0A06 X:0004 Y:0002 S:012E D:0E68 DB:86 nvMXdizc V:253 H:240 F:24
