80D4F6 20 30 D5    JSR $D530     [80D530] A:0E01 X:0000 Y:0002 S:0133 D:0E68 DB:86 nvMXdizC V:251 H:227 F:42

	80D530 C2 20       REP #$20               A:0E01 X:0000 Y:0002 S:0131 D:0E68 DB:86 nvMXdizC V:251 H:237 F:42
	80D532 A5 05       LDA $05       [000E6D] A:0E01 X:0000 Y:0002 S:0131 D:0E68 DB:86 nvmXdizC V:251 H:241 F:42
	80D534 85 22       STA $22       [000E8A] A:14BB X:0000 Y:0002 S:0131 D:0E68 DB:86 nvmXdizC V:251 H:250 F:42
	80D536 A5 08       LDA $08       [000E70] A:14BB X:0000 Y:0002 S:0131 D:0E68 DB:86 nvmXdizC V:251 H:258 F:42
	80D538 85 24       STA $24       [000E8C] A:0A9D X:0000 Y:0002 S:0131 D:0E68 DB:86 nvmXdizC V:251 H:267 F:42
	80D53A E2 20       SEP #$20               A:0A9D X:0000 Y:0002 S:0131 D:0E68 DB:86 nvmXdizC V:251 H:275 F:42
	80D53C A9 80       LDA #$80               A:0A9D X:0000 Y:0002 S:0131 D:0E68 DB:86 nvMXdizC V:251 H:280 F:42
	80D53E 14 0E       TRB $0E       [000E76] A:0A80 X:0000 Y:0002 S:0131 D:0E68 DB:86 NvMXdizC V:251 H:283 F:42
	80D540 A5 0A       LDA $0A       [000E72] A:0A80 X:0000 Y:0002 S:0131 D:0E68 DB:86 NvMXdizC V:251 H:293 F:42
	80D542 0A          ASL A                  A:0A14 X:0000 Y:0002 S:0131 D:0E68 DB:86 nvMXdizC V:251 H:299 F:42
	80D543 AA          TAX                    A:0A28 X:0000 Y:0002 S:0131 D:0E68 DB:86 nvMXdizc V:251 H:302 F:42
	80D544 7C DD F8    JMP ($F8DD,X) [80F905] A:0A28 X:0028 Y:0002 S:0131 D:0E68 DB:86 nvMXdizc V:251 H:305 F:42

	80FA15 22 44 B1 83 JSL $83B144   [83B144] A:0A28 X:0028 Y:0002 S:0131 D:0E68 DB:86 nvMXdizc V:251 H:314 F:42

		83B144 A6 01       LDX $01       [000E69] A:0A28 X:0028 Y:0002 S:012E D:0E68 DB:86 nvMXdizc V:251 H:327 F:42
		83B146 7C 49 B1    JMP ($B149,X) [83B14D] A:0A28 X:0004 Y:0002 S:012E D:0E68 DB:86 nvMXdizc V:251 H:333 F:42

		83B2E8 A6 02       LDX $02       [000E6A] A:0A28 X:0004 Y:0002 S:012E D:0E68 DB:86 nvMXdizc V:252 H:  2 F:42
		83B2EA FC DA B3    JSR ($B3DA,X) [83B3DE] A:0A28 X:0004 Y:0002 S:012E D:0E68 DB:86 nvMXdizc V:252 H:  9 F:42

			83B5F5 A6 03       LDX $03       [000E6B] A:0A28 X:0004 Y:0002 S:012C D:0E68 DB:86 nvMXdizc V:252 H: 22 F:42
			83B5F7 7C FA B5    JMP ($B5FA,X) [83B5FE] A:0A28 X:0004 Y:0002 S:012C D:0E68 DB:86 nvMXdizc V:252 H: 28 F:42

			83B682 20 AA BA    JSR $BAAA     [83BAAA] A:0A28 X:0004 Y:0002 S:012C D:0E68 DB:86 nvMXdizc V:252 H: 37 F:42				JSR $83BAAA --> Decrease E-CDKnockback, Knocks Enemy back 02 pixels if Enemy is hit

				83BAAA A5 3C       LDA $3C       [000EA4] A:0A28 X:0004 Y:0002 S:012A D:0E68 DB:86 nvMXdizc V:252 H: 47 F:42
				83BAAC F0 1B       BEQ $001B     [83BAC9] A:0A02 X:0004 Y:0002 S:012A D:0E68 DB:86 nvMXdizc V:252 H: 54 F:42			Branch if E-CDKnockback = #$00
				83BAAE C6 3C       DEC $3C       [000EA4] A:0A02 X:0004 Y:0002 S:012A D:0E68 DB:86 nvMXdizc V:252 H: 57 F:42			Decrease E-CDKnockback
				83BAB0 A5 11       LDA $11       [000E79] A:0A02 X:0004 Y:0002 S:012A D:0E68 DB:86 nvMXdizc V:252 H: 67 F:42			|E-X-Pos = E-X-Pos + #$0002 (#$FFFE if Facing = Right)
				83BAB2 0A          ASL A                  A:0A2B X:0004 Y:0002 S:012A D:0E68 DB:86 nvMXdizc V:252 H: 73 F:42			|
				83BAB3 0A          ASL A                  A:0A56 X:0004 Y:0002 S:012A D:0E68 DB:86 nvMXdizc V:252 H: 76 F:42			|
				83BAB4 C2 20       REP #$20               A:0AAC X:0004 Y:0002 S:012A D:0E68 DB:86 NvMXdizc V:252 H: 79 F:42			|
				83BAB6 A9 02 00    LDA #$0002             A:0AAC X:0004 Y:0002 S:012A D:0E68 DB:86 NvmXdizc V:252 H: 84 F:42			|
				83BAB9 90 03       BCC $0003     [83BABE] A:0002 X:0004 Y:0002 S:012A D:0E68 DB:86 nvmXdizc V:252 H: 88 F:42			|
				83BABE 18          CLC                    A:0002 X:0004 Y:0002 S:012A D:0E68 DB:86 nvmXdizc V:252 H: 93 F:42			|
				83BABF 65 05       ADC $05       [000E6D] A:0002 X:0004 Y:0002 S:012A D:0E68 DB:86 nvmXdizc V:252 H: 96 F:42			|
				83BAC1 85 05       STA $05       [000E6D] A:14BD X:0004 Y:0002 S:012A D:0E68 DB:86 nvmXdizc V:252 H:104 F:42			|
				83BAC3 E2 20       SEP #$20               A:14BD X:0004 Y:0002 S:012A D:0E68 DB:86 nvmXdizc V:252 H:113 F:42
				83BAC5 22 BE 91 84 JSL $8491BE   [8491BE] A:14BD X:0004 Y:0002 S:012A D:0E68 DB:86 nvMXdizc V:252 H:117 F:42			JSL $8491BE --> Check for colissions and adjust position

					8491BE 08          PHP                    A:14BD X:0004 Y:0002 S:0127 D:0E68 DB:86 nvMXdizc V:252 H:131 F:42
					8491BF 0B          PHD                    A:14BD X:0004 Y:0002 S:0126 D:0E68 DB:86 nvMXdizc V:252 H:146 F:42
					8491C0 C2 30       REP #$30               A:14BD X:0004 Y:0002 S:0124 D:0E68 DB:86 nvMXdizc V:252 H:153 F:42
					8491C2 A5 20       LDA $20       [000E88] A:14BD X:0004 Y:0002 S:0124 D:0E68 DB:86 nvmxdizc V:252 H:157 F:42
					8491C4 F0 15       BEQ $0015     [8491DB] A:C94F X:0004 Y:0002 S:0124 D:0E68 DB:86 Nvmxdizc V:252 H:166 F:42
					8491C6 7B          TDC                    A:C94F X:0004 Y:0002 S:0124 D:0E68 DB:86 Nvmxdizc V:252 H:169 F:42
					8491C7 AA          TAX                    A:0E68 X:0004 Y:0002 S:0124 D:0E68 DB:86 nvmxdizc V:252 H:172 F:42
					8491C8 A9 00 00    LDA #$0000             A:0E68 X:0E68 Y:0002 S:0124 D:0E68 DB:86 nvmxdizc V:252 H:175 F:42
					8491CB 5B          TCD                    A:0000 X:0E68 Y:0002 S:0124 D:0E68 DB:86 nvmxdiZc V:252 H:179 F:42
					8491CC 64 14       STZ $14       [000014] A:0000 X:0E68 Y:0002 S:0124 D:0000 DB:86 nvmxdiZc V:252 H:182 F:42
					8491CE B5 2B       LDA $2B,X     [000E93] A:0000 X:0E68 Y:0002 S:0124 D:0000 DB:86 nvmxdiZc V:252 H:189 F:42
					8491D0 29 00 FF    AND #$FF00             A:0004 X:0E68 Y:0002 S:0124 D:0000 DB:86 nvmxdizc V:252 H:198 F:42
					8491D3 95 2B       STA $2B,X     [000E93] A:0000 X:0E68 Y:0002 S:0124 D:0000 DB:86 nvmxdiZc V:252 H:202 F:42
					8491D5 20 AC 92    JSR $92AC     [8492AC] A:0000 X:0E68 Y:0002 S:0124 D:0000 DB:86 nvmxdiZc V:252 H:211 F:42

						8492AC C2 30       REP #$30               A:0000 X:0E68 Y:0002 S:0122 D:0000 DB:86 nvmxdiZc V:252 H:221 F:42
						8492AE B5 05       LDA $05,X     [000E6D] A:0000 X:0E68 Y:0002 S:0122 D:0000 DB:86 nvmxdiZc V:252 H:225 F:42
						8492B0 38          SEC                    A:14BD X:0E68 Y:0002 S:0122 D:0000 DB:86 nvmxdizc V:252 H:234 F:42
						8492B1 F5 22       SBC $22,X     [000E8A] A:14BD X:0E68 Y:0002 S:0122 D:0000 DB:86 nvmxdizC V:252 H:237 F:42
						8492B3 85 00       STA $00       [000000] A:0002 X:0E68 Y:0002 S:0122 D:0000 DB:86 nvmxdizC V:252 H:245 F:42
						8492B5 E2 20       SEP #$20               A:0002 X:0E68 Y:0002 S:0122 D:0000 DB:86 nvmxdizC V:252 H:252 F:42
						8492B7 F0 4C       BEQ $004C     [849305] A:0002 X:0E68 Y:0002 S:0122 D:0000 DB:86 nvMxdizC V:252 H:257 F:42
						8492B9 B4 20       LDY $20,X     [000E88] A:0002 X:0E68 Y:0002 S:0122 D:0000 DB:86 nvMxdizC V:252 H:260 F:42
						8492BB B9 05 00    LDA $0005,Y   [86C954] A:0002 X:0E68 Y:C94F S:0122 D:0000 DB:86 NvMxdizC V:252 H:268 F:42
						8492BE 34 11       BIT $11,X     [000E79] A:0000 X:0E68 Y:C94F S:0122 D:0000 DB:86 nvMxdiZC V:252 H:276 F:42
						8492C0 50 03       BVC $0003     [8492C5] A:0000 X:0E68 Y:C94F S:0122 D:0000 DB:86 nvMxdiZC V:252 H:282 F:42
						8492C5 24 00       BIT $00       [000000] A:0000 X:0E68 Y:C94F S:0122 D:0000 DB:86 nvMxdiZC V:252 H:287 F:42
						8492C7 10 06       BPL $0006     [8492CF] A:0000 X:0E68 Y:C94F S:0122 D:0000 DB:86 nvMxdiZC V:252 H:292 F:42
						8492CF 18          CLC                    A:0000 X:0E68 Y:C94F S:0122 D:0000 DB:86 nvMxdiZC V:252 H:296 F:42
						8492D0 79 07 00    ADC $0007,Y   [86C956] A:0000 X:0E68 Y:C94F S:0122 D:0000 DB:86 nvMxdiZc V:252 H:299 F:42
						8492D3 95 29       STA $29,X     [000E91] A:0010 X:0E68 Y:C94F S:0122 D:0000 DB:86 nvMxdizc V:252 H:307 F:42
						8492D5 B9 06 00    LDA $0006,Y   [86C955] A:0010 X:0E68 Y:C94F S:0122 D:0000 DB:86 nvMxdizc V:252 H:313 F:42
						8492D8 95 2A       STA $2A,X     [000E92] A:00FF X:0E68 Y:C94F S:0122 D:0000 DB:86 NvMxdizc V:252 H:321 F:42
						8492DA 20 15 93    JSR $9315     [849315] A:00FF X:0E68 Y:C94F S:0122 D:0000 DB:86 NvMxdizc V:252 H:327 F:42

							849315 20 B3 90    JSR $90B3     [8490B3] A:00FF X:0E68 Y:C94F S:0120 D:0000 DB:86 NvMxdizc V:252 H:336 F:42

								8490B3 0B          PHD                    A:00FF X:0E68 Y:C94F S:011E D:0000 DB:86 NvMxdizc V:253 H:  6 F:42
								8490B4 DA          PHX                    A:00FF X:0E68 Y:C94F S:011C D:0000 DB:86 NvMxdizc V:253 H: 13 F:42
								8490B5 08          PHP                    A:00FF X:0E68 Y:C94F S:011A D:0000 DB:86 NvMxdizc V:253 H: 20 F:42
								8490B6 E2 20       SEP #$20               A:00FF X:0E68 Y:C94F S:0119 D:0000 DB:86 NvMxdizc V:253 H: 25 F:42
								8490B8 C2 10       REP #$10               A:00FF X:0E68 Y:C94F S:0119 D:0000 DB:86 NvMxdizc V:253 H: 30 F:42
								8490BA 64 01       STZ $01       [000001] A:00FF X:0E68 Y:C94F S:0119 D:0000 DB:86 NvMxdizc V:253 H: 34 F:42
								8490BC B5 29       LDA $29,X     [000E91] A:00FF X:0E68 Y:C94F S:0119 D:0000 DB:86 NvMxdizc V:253 H: 39 F:42
								8490BE 10 02       BPL $0002     [8490C2] A:0010 X:0E68 Y:C94F S:0119 D:0000 DB:86 nvMxdizc V:253 H: 46 F:42
								8490C2 18          CLC                    A:0010 X:0E68 Y:C94F S:0119 D:0000 DB:86 nvMxdizc V:253 H: 50 F:42
								8490C3 75 05       ADC $05,X     [000E6D] A:0010 X:0E68 Y:C94F S:0119 D:0000 DB:86 nvMxdizc V:253 H: 53 F:42
								8490C5 85 00       STA $00       [000000] A:00CD X:0E68 Y:C94F S:0119 D:0000 DB:86 NvMxdizc V:253 H: 60 F:42
								8490C7 B5 06       LDA $06,X     [000E6E] A:00CD X:0E68 Y:C94F S:0119 D:0000 DB:86 NvMxdizc V:253 H: 65 F:42
								8490C9 65 01       ADC $01       [000001] A:0014 X:0E68 Y:C94F S:0119 D:0000 DB:86 nvMxdizc V:253 H: 71 F:42
								8490CB 85 01       STA $01       [000001] A:0014 X:0E68 Y:C94F S:0119 D:0000 DB:86 nvMxdizc V:253 H: 76 F:42
								8490CD 64 03       STZ $03       [000003] A:0014 X:0E68 Y:C94F S:0119 D:0000 DB:86 nvMxdizc V:253 H: 81 F:42
								8490CF B5 2A       LDA $2A,X     [000E92] A:0014 X:0E68 Y:C94F S:0119 D:0000 DB:86 nvMxdizc V:253 H: 86 F:42
								8490D1 10 02       BPL $0002     [8490D5] A:00FF X:0E68 Y:C94F S:0119 D:0000 DB:86 NvMxdizc V:253 H: 93 F:42
								8490D3 C6 03       DEC $03       [000003] A:00FF X:0E68 Y:C94F S:0119 D:0000 DB:86 NvMxdizc V:253 H: 96 F:42
								8490D5 18          CLC                    A:00FF X:0E68 Y:C94F S:0119 D:0000 DB:86 NvMxdizc V:253 H:104 F:42
								8490D6 75 08       ADC $08,X     [000E70] A:00FF X:0E68 Y:C94F S:0119 D:0000 DB:86 NvMxdizc V:253 H:107 F:42
								8490D8 85 02       STA $02       [000002] A:009C X:0E68 Y:C94F S:0119 D:0000 DB:86 NvMxdizC V:253 H:114 F:42
								8490DA 29 F0       AND #$F0               A:009C X:0E68 Y:C94F S:0119 D:0000 DB:86 NvMxdizC V:253 H:119 F:42
								8490DC 85 0A       STA $0A       [00000A] A:0090 X:0E68 Y:C94F S:0119 D:0000 DB:86 NvMxdizC V:253 H:122 F:42
								8490DE B5 09       LDA $09,X     [000E71] A:0090 X:0E68 Y:C94F S:0119 D:0000 DB:86 NvMxdizC V:253 H:127 F:42
								8490E0 65 03       ADC $03       [000003] A:000A X:0E68 Y:C94F S:0119 D:0000 DB:86 nvMxdizC V:253 H:133 F:42
								8490E2 85 03       STA $03       [000003] A:000A X:0E68 Y:C94F S:0119 D:0000 DB:86 nvMxdizC V:253 H:148 F:42
								8490E4 85 0B       STA $0B       [00000B] A:000A X:0E68 Y:C94F S:0119 D:0000 DB:86 nvMxdizC V:253 H:153 F:42
								8490E6 A5 00       LDA $00       [000000] A:000A X:0E68 Y:C94F S:0119 D:0000 DB:86 nvMxdizC V:253 H:158 F:42
								8490E8 29 0F       AND #$0F               A:00CD X:0E68 Y:C94F S:0119 D:0000 DB:86 NvMxdizC V:253 H:163 F:42
								8490EA 1A          INC                    A:000D X:0E68 Y:C94F S:0119 D:0000 DB:86 nvMxdizC V:253 H:166 F:42
								8490EB 85 0C       STA $0C       [00000C] A:000E X:0E68 Y:C94F S:0119 D:0000 DB:86 nvMxdizC V:253 H:169 F:42
								8490ED A5 02       LDA $02       [000002] A:000E X:0E68 Y:C94F S:0119 D:0000 DB:86 nvMxdizC V:253 H:174 F:42
								8490EF 29 0F       AND #$0F               A:009C X:0E68 Y:C94F S:0119 D:0000 DB:86 NvMxdizC V:253 H:179 F:42
								8490F1 1A          INC                    A:000C X:0E68 Y:C94F S:0119 D:0000 DB:86 nvMxdizC V:253 H:182 F:42
								8490F2 85 0E       STA $0E       [00000E] A:000D X:0E68 Y:C94F S:0119 D:0000 DB:86 nvMxdizC V:253 H:185 F:42
								8490F4 C2 20       REP #$20               A:000D X:0E68 Y:C94F S:0119 D:0000 DB:86 nvMxdizC V:253 H:190 F:42
								8490F6 20 6A 91    JSR $916A     [84916A] A:000D X:0E68 Y:C94F S:0119 D:0000 DB:86 nvmxdizC V:253 H:195 F:42

									84916A A9 00 E8    LDA #$E800             A:000D X:0E68 Y:C94F S:0117 D:0000 DB:86 nvmxdizC V:253 H:205 F:42
									84916D 85 10       STA $10       [000010] A:E800 X:0E68 Y:C94F S:0117 D:0000 DB:86 NvmxdizC V:253 H:209 F:42
									84916F A9 7E 00    LDA #$007E             A:E800 X:0E68 Y:C94F S:0117 D:0000 DB:86 NvmxdizC V:253 H:216 F:42
									849172 85 12       STA $12       [000012] A:007E X:0E68 Y:C94F S:0117 D:0000 DB:86 nvmxdizC V:253 H:221 F:42
									849174 A5 02       LDA $02       [000002] A:007E X:0E68 Y:C94F S:0117 D:0000 DB:86 nvmxdizC V:253 H:228 F:42
									849176 29 F0 00    AND #$00F0             A:0A9C X:0E68 Y:C94F S:0117 D:0000 DB:86 nvmxdizC V:253 H:235 F:42
									849179 0A          ASL A                  A:0090 X:0E68 Y:C94F S:0117 D:0000 DB:86 nvmxdizC V:253 H:239 F:42
									84917A 85 04       STA $04       [000004] A:0120 X:0E68 Y:C94F S:0117 D:0000 DB:86 nvmxdizc V:253 H:242 F:42
									84917C A5 00       LDA $00       [000000] A:0120 X:0E68 Y:C94F S:0117 D:0000 DB:86 nvmxdizc V:253 H:249 F:42
									84917E 29 FF 00    AND #$00FF             A:14CD X:0E68 Y:C94F S:0117 D:0000 DB:86 nvmxdizc V:253 H:256 F:42
									849181 4A          LSR A                  A:00CD X:0E68 Y:C94F S:0117 D:0000 DB:86 nvmxdizc V:253 H:261 F:42
									849182 4A          LSR A                  A:0066 X:0E68 Y:C94F S:0117 D:0000 DB:86 nvmxdizC V:253 H:264 F:42
									849183 4A          LSR A                  A:0033 X:0E68 Y:C94F S:0117 D:0000 DB:86 nvmxdizc V:253 H:267 F:42
									849184 29 FE FF    AND #$FFFE             A:0019 X:0E68 Y:C94F S:0117 D:0000 DB:86 nvmxdizC V:253 H:270 F:42
									849187 18          CLC                    A:0018 X:0E68 Y:C94F S:0117 D:0000 DB:86 nvmxdizC V:253 H:274 F:42
									849188 65 04       ADC $04       [000004] A:0018 X:0E68 Y:C94F S:0117 D:0000 DB:86 nvmxdizc V:253 H:277 F:42
									84918A 85 06       STA $06       [000006] A:0138 X:0E68 Y:C94F S:0117 D:0000 DB:86 nvmxdizc V:253 H:284 F:42
									84918C A5 00       LDA $00       [000000] A:0138 X:0E68 Y:C94F S:0117 D:0000 DB:86 nvmxdizc V:253 H:291 F:42
									84918E EB          XBA                    A:14CD X:0E68 Y:C94F S:0117 D:0000 DB:86 nvmxdizc V:253 H:298 F:42
									84918F 29 1F 00    AND #$001F             A:CD14 X:0E68 Y:C94F S:0117 D:0000 DB:86 nvmxdizc V:253 H:303 F:42
									849192 85 04       STA $04       [000004] A:0014 X:0E68 Y:C94F S:0117 D:0000 DB:86 nvmxdizc V:253 H:307 F:42
									849194 A5 02       LDA $02       [000002] A:0014 X:0E68 Y:C94F S:0117 D:0000 DB:86 nvmxdizc V:253 H:314 F:42
									849196 29 00 1F    AND #$1F00             A:0A9C X:0E68 Y:C94F S:0117 D:0000 DB:86 nvmxdizc V:253 H:321 F:42
									849199 4A          LSR A                  A:0A00 X:0E68 Y:C94F S:0117 D:0000 DB:86 nvmxdizc V:253 H:325 F:42
									84919A 4A          LSR A                  A:0500 X:0E68 Y:C94F S:0117 D:0000 DB:86 nvmxdizc V:253 H:328 F:42
									84919B 4A          LSR A                  A:0280 X:0E68 Y:C94F S:0117 D:0000 DB:86 nvmxdizc V:253 H:331 F:42
									84919C 18          CLC                    A:0140 X:0E68 Y:C94F S:0117 D:0000 DB:86 nvmxdizc V:253 H:334 F:42
									84919D 65 04       ADC $04       [000004] A:0140 X:0E68 Y:C94F S:0117 D:0000 DB:86 nvmxdizc V:253 H:337 F:42
									84919F A8          TAY                    A:0154 X:0E68 Y:C94F S:0117 D:0000 DB:86 nvmxdizc V:254 H:  4 F:42
									8491A0 B7 10       LDA [$10],Y   [7EE954] A:0154 X:0E68 Y:0154 S:0117 D:0000 DB:86 nvmxdizc V:254 H:  7 F:42
									8491A2 29 FF 00    AND #$00FF             A:0038 X:0E68 Y:0154 S:0117 D:0000 DB:86 nvmxdizc V:254 H: 20 F:42
									8491A5 A8          TAY                    A:0038 X:0E68 Y:0154 S:0117 D:0000 DB:86 nvmxdizc V:254 H: 24 F:42
									8491A6 EB          XBA                    A:0038 X:0E68 Y:0038 S:0117 D:0000 DB:86 nvmxdizc V:254 H: 27 F:42
									8491A7 0A          ASL A                  A:3800 X:0E68 Y:0038 S:0117 D:0000 DB:86 nvmxdiZc V:254 H: 32 F:42
									8491A8 18          CLC                    A:7000 X:0E68 Y:0038 S:0117 D:0000 DB:86 nvmxdizc V:254 H: 35 F:42
									8491A9 65 06       ADC $06       [000006] A:7000 X:0E68 Y:0038 S:0117 D:0000 DB:86 nvmxdizc V:254 H: 38 F:42
									8491AB AA          TAX                    A:7138 X:0E68 Y:0038 S:0117 D:0000 DB:86 nvmxdizc V:254 H: 45 F:42
									8491AC 60          RTS                    A:7138 X:7138 Y:0038 S:0117 D:0000 DB:86 nvmxdizc V:254 H: 48 F:42

								8490F9 BF 00 20 7E LDA $7E2000,X [7E9138] A:7138 X:7138 Y:0038 S:0119 D:0000 DB:86 nvmxdizc V:254 H: 58 F:42
								8490FD A8          TAY                    A:0243 X:7138 Y:0038 S:0119 D:0000 DB:86 nvmxdizc V:254 H: 68 F:42
								8490FE AD 92 0B    LDA $0B92     [860B92] A:0243 X:7138 Y:0243 S:0119 D:0000 DB:86 nvmxdizc V:254 H: 71 F:42
								849101 85 10       STA $10       [000010] A:DB57 X:7138 Y:0243 S:0119 D:0000 DB:86 Nvmxdizc V:254 H: 79 F:42
								849103 AD 94 0B    LDA $0B94     [860B94] A:DB57 X:7138 Y:0243 S:0119 D:0000 DB:86 Nvmxdizc V:254 H: 86 F:42
								849106 85 12       STA $12       [000012] A:B895 X:7138 Y:0243 S:0119 D:0000 DB:86 Nvmxdizc V:254 H: 95 F:42
								849108 B7 10       LDA [$10],Y   [95DD9A] A:B895 X:7138 Y:0243 S:0119 D:0000 DB:86 Nvmxdizc V:254 H:102 F:42
								84910A 29 FF 00    AND #$00FF             A:0000 X:7138 Y:0243 S:0119 D:0000 DB:86 nvmxdiZc V:254 H:114 F:42
								84910D 28          PLP                    A:0000 X:7138 Y:0243 S:0119 D:0000 DB:86 nvmxdiZc V:254 H:118 F:42
								84910E FA          PLX                    A:0000 X:7138 Y:0243 S:011A D:0000 DB:86 NvMxdizc V:254 H:125 F:42
								84910F 2B          PLD                    A:0000 X:0E68 Y:0243 S:011C D:0000 DB:86 nvMxdizc V:254 H:143 F:42
								849110 60          RTS                    A:0000 X:0E68 Y:0243 S:011E D:0000 DB:86 nvMxdiZc V:254 H:152 F:42

							849318 B4 05       LDY $05,X     [000E6D] A:0000 X:0E68 Y:0243 S:0120 D:0000 DB:86 nvMxdiZc V:254 H:162 F:42
							84931A 84 10       STY $10       [000010] A:0000 X:0E68 Y:14BD S:0120 D:0000 DB:86 nvMxdizc V:254 H:170 F:42
							84931C B4 08       LDY $08,X     [000E70] A:0000 X:0E68 Y:14BD S:0120 D:0000 DB:86 nvMxdizc V:254 H:177 F:42
							84931E 84 12       STY $12       [000012] A:0000 X:0E68 Y:0A9D S:0120 D:0000 DB:86 nvMxdizc V:254 H:186 F:42
							849320 95 2D       STA $2D,X     [000E95] A:0000 X:0E68 Y:0A9D S:0120 D:0000 DB:86 nvMxdizc V:254 H:193 F:42
							849322 86 2C       STX $2C       [00002C] A:0000 X:0E68 Y:0A9D S:0120 D:0000 DB:86 nvMxdizc V:254 H:199 F:42
							849324 29 3F       AND #$3F               A:0000 X:0E68 Y:0A9D S:0120 D:0000 DB:86 nvMxdizc V:254 H:206 F:42
							849326 0A          ASL A                  A:0000 X:0E68 Y:0A9D S:0120 D:0000 DB:86 nvMxdiZc V:254 H:209 F:42
							849327 EB          XBA                    A:0000 X:0E68 Y:0A9D S:0120 D:0000 DB:86 nvMxdiZc V:254 H:212 F:42
							849328 A9 00       LDA #$00               A:0000 X:0E68 Y:0A9D S:0120 D:0000 DB:86 nvMxdiZc V:254 H:217 F:42
							84932A EB          XBA                    A:0000 X:0E68 Y:0A9D S:0120 D:0000 DB:86 nvMxdiZc V:254 H:220 F:42
							84932B AA          TAX                    A:0000 X:0E68 Y:0A9D S:0120 D:0000 DB:86 nvMxdiZc V:254 H:224 F:42
							84932C FC 5D 93    JSR ($935D,X) [84935D] A:0000 X:0000 Y:0A9D S:0120 D:0000 DB:86 nvMxdiZc V:254 H:227 F:42

								84977A A9 00       LDA #$00               A:0000 X:0000 Y:0A9D S:011E D:0000 DB:86 nvMxdiZc V:254 H:240 F:42
								84977C 60          RTS                    A:0000 X:0000 Y:0A9D S:011E D:0000 DB:86 nvMxdiZc V:254 H:243 F:42

							84932F 08          PHP                    A:0000 X:0000 Y:0A9D S:0120 D:0000 DB:86 nvMxdiZc V:254 H:253 F:42
							849330 A6 2C       LDX $2C       [00002C] A:0000 X:0000 Y:0A9D S:011F D:0000 DB:86 nvMxdiZc V:254 H:258 F:42
							849332 A9 01       LDA #$01               A:0000 X:0E68 Y:0A9D S:011F D:0000 DB:86 nvMxdizc V:254 H:265 F:42
							849334 34 29       BIT $29,X     [000E91] A:0001 X:0E68 Y:0A9D S:011F D:0000 DB:86 nvMxdizc V:254 H:268 F:42
							849336 10 02       BPL $0002     [84933A] A:0001 X:0E68 Y:0A9D S:011F D:0000 DB:86 nvMxdiZc V:254 H:275 F:42
							84933A 28          PLP                    A:0001 X:0E68 Y:0A9D S:011F D:0000 DB:86 nvMxdiZc V:254 H:279 F:42
							84933B F0 0C       BEQ $000C     [849349] A:0001 X:0E68 Y:0A9D S:0120 D:0000 DB:86 nvMxdiZc V:254 H:286 F:42
							849349 49 FF       EOR #$FF               A:0001 X:0E68 Y:0A9D S:0120 D:0000 DB:86 nvMxdiZc V:254 H:290 F:42
							84934B 35 2B       AND $2B,X     [000E93] A:00FE X:0E68 Y:0A9D S:0120 D:0000 DB:86 NvMxdizc V:254 H:293 F:42
							84934D 95 2B       STA $2B,X     [000E93] A:0000 X:0E68 Y:0A9D S:0120 D:0000 DB:86 nvMxdiZc V:254 H:300 F:42
							84934F 20 08 93    JSR $9308     [849308] A:0000 X:0E68 Y:0A9D S:0120 D:0000 DB:86 nvMxdiZc V:254 H:306 F:42

								849308 A5 14       LDA $14       [000014] A:0000 X:0E68 Y:0A9D S:011E D:0000 DB:86 nvMxdiZc V:254 H:316 F:42
								84930A F0 08       BEQ $0008     [849314] A:0000 X:0E68 Y:0A9D S:011E D:0000 DB:86 nvMxdiZc V:254 H:321 F:42
								849314 60          RTS                    A:0000 X:0E68 Y:0A9D S:011E D:0000 DB:86 nvMxdiZc V:254 H:325 F:42

							849352 A9 00       LDA #$00               A:0000 X:0E68 Y:0A9D S:0120 D:0000 DB:86 nvMxdiZc V:254 H:335 F:42
							849354 60          RTS                    A:0000 X:0E68 Y:0A9D S:0120 D:0000 DB:86 nvMxdiZc V:254 H:338 F:42

						8492DD D0 26       BNE $0026     [849305] A:0000 X:0E68 Y:0A9D S:0122 D:0000 DB:86 nvMxdiZc V:255 H:  8 F:42
						8492DF B4 20       LDY $20,X     [000E88] A:0000 X:0E68 Y:0A9D S:0122 D:0000 DB:86 nvMxdiZc V:255 H: 11 F:42
						8492E1 B9 06 00    LDA $0006,Y   [86C955] A:0000 X:0E68 Y:C94F S:0122 D:0000 DB:86 NvMxdizc V:255 H: 19 F:42
						8492E4 38          SEC                    A:00FF X:0E68 Y:C94F S:0122 D:0000 DB:86 NvMxdizc V:255 H: 27 F:42
						8492E5 F9 08 00    SBC $0008,Y   [86C957] A:00FF X:0E68 Y:C94F S:0122 D:0000 DB:86 NvMxdizC V:255 H: 30 F:42
						8492E8 18          CLC                    A:00EC X:0E68 Y:C94F S:0122 D:0000 DB:86 NvMxdizC V:255 H: 37 F:42
						8492E9 79 09 00    ADC $0009,Y   [86C958] A:00EC X:0E68 Y:C94F S:0122 D:0000 DB:86 NvMxdizc V:255 H: 40 F:42
						8492EC 95 2A       STA $2A,X     [000E92] A:00F1 X:0E68 Y:C94F S:0122 D:0000 DB:86 NvMxdizc V:255 H: 48 F:42
						8492EE 20 15 93    JSR $9315     [849315] A:00F1 X:0E68 Y:C94F S:0122 D:0000 DB:86 NvMxdizc V:255 H: 54 F:42

							849315 20 B3 90    JSR $90B3     [8490B3] A:00F1 X:0E68 Y:C94F S:0120 D:0000 DB:86 NvMxdizc V:255 H: 64 F:42

								8490B3 0B          PHD                    A:00F1 X:0E68 Y:C94F S:011E D:0000 DB:86 NvMxdizc V:255 H: 74 F:42
								8490B4 DA          PHX                    A:00F1 X:0E68 Y:C94F S:011C D:0000 DB:86 NvMxdizc V:255 H: 81 F:42
								8490B5 08          PHP                    A:00F1 X:0E68 Y:C94F S:011A D:0000 DB:86 NvMxdizc V:255 H: 88 F:42
								8490B6 E2 20       SEP #$20               A:00F1 X:0E68 Y:C94F S:0119 D:0000 DB:86 NvMxdizc V:255 H: 93 F:42
								8490B8 C2 10       REP #$10               A:00F1 X:0E68 Y:C94F S:0119 D:0000 DB:86 NvMxdizc V:255 H: 98 F:42
								8490BA 64 01       STZ $01       [000001] A:00F1 X:0E68 Y:C94F S:0119 D:0000 DB:86 NvMxdizc V:255 H:102 F:42
								8490BC B5 29       LDA $29,X     [000E91] A:00F1 X:0E68 Y:C94F S:0119 D:0000 DB:86 NvMxdizc V:255 H:107 F:42
								8490BE 10 02       BPL $0002     [8490C2] A:0010 X:0E68 Y:C94F S:0119 D:0000 DB:86 nvMxdizc V:255 H:114 F:42
								8490C2 18          CLC                    A:0010 X:0E68 Y:C94F S:0119 D:0000 DB:86 nvMxdizc V:255 H:118 F:42
								8490C3 75 05       ADC $05,X     [000E6D] A:0010 X:0E68 Y:C94F S:0119 D:0000 DB:86 nvMxdizc V:255 H:121 F:42
								8490C5 85 00       STA $00       [000000] A:00CD X:0E68 Y:C94F S:0119 D:0000 DB:86 NvMxdizc V:255 H:128 F:42
								8490C7 B5 06       LDA $06,X     [000E6E] A:00CD X:0E68 Y:C94F S:0119 D:0000 DB:86 NvMxdizc V:255 H:133 F:42
								8490C9 65 01       ADC $01       [000001] A:0014 X:0E68 Y:C94F S:0119 D:0000 DB:86 nvMxdizc V:255 H:149 F:42
								8490CB 85 01       STA $01       [000001] A:0014 X:0E68 Y:C94F S:0119 D:0000 DB:86 nvMxdizc V:255 H:154 F:42
								8490CD 64 03       STZ $03       [000003] A:0014 X:0E68 Y:C94F S:0119 D:0000 DB:86 nvMxdizc V:255 H:159 F:42
								8490CF B5 2A       LDA $2A,X     [000E92] A:0014 X:0E68 Y:C94F S:0119 D:0000 DB:86 nvMxdizc V:255 H:164 F:42
								8490D1 10 02       BPL $0002     [8490D5] A:00F1 X:0E68 Y:C94F S:0119 D:0000 DB:86 NvMxdizc V:255 H:171 F:42
								8490D3 C6 03       DEC $03       [000003] A:00F1 X:0E68 Y:C94F S:0119 D:0000 DB:86 NvMxdizc V:255 H:174 F:42
								8490D5 18          CLC                    A:00F1 X:0E68 Y:C94F S:0119 D:0000 DB:86 NvMxdizc V:255 H:182 F:42
								8490D6 75 08       ADC $08,X     [000E70] A:00F1 X:0E68 Y:C94F S:0119 D:0000 DB:86 NvMxdizc V:255 H:185 F:42
								8490D8 85 02       STA $02       [000002] A:008E X:0E68 Y:C94F S:0119 D:0000 DB:86 NvMxdizC V:255 H:192 F:42
								8490DA 29 F0       AND #$F0               A:008E X:0E68 Y:C94F S:0119 D:0000 DB:86 NvMxdizC V:255 H:197 F:42
								8490DC 85 0A       STA $0A       [00000A] A:0080 X:0E68 Y:C94F S:0119 D:0000 DB:86 NvMxdizC V:255 H:200 F:42
								8490DE B5 09       LDA $09,X     [000E71] A:0080 X:0E68 Y:C94F S:0119 D:0000 DB:86 NvMxdizC V:255 H:205 F:42
								8490E0 65 03       ADC $03       [000003] A:000A X:0E68 Y:C94F S:0119 D:0000 DB:86 nvMxdizC V:255 H:211 F:42
								8490E2 85 03       STA $03       [000003] A:000A X:0E68 Y:C94F S:0119 D:0000 DB:86 nvMxdizC V:255 H:216 F:42
								8490E4 85 0B       STA $0B       [00000B] A:000A X:0E68 Y:C94F S:0119 D:0000 DB:86 nvMxdizC V:255 H:221 F:42
								8490E6 A5 00       LDA $00       [000000] A:000A X:0E68 Y:C94F S:0119 D:0000 DB:86 nvMxdizC V:255 H:226 F:42
								8490E8 29 0F       AND #$0F               A:00CD X:0E68 Y:C94F S:0119 D:0000 DB:86 NvMxdizC V:255 H:231 F:42
								8490EA 1A          INC                    A:000D X:0E68 Y:C94F S:0119 D:0000 DB:86 nvMxdizC V:255 H:234 F:42
								8490EB 85 0C       STA $0C       [00000C] A:000E X:0E68 Y:C94F S:0119 D:0000 DB:86 nvMxdizC V:255 H:237 F:42
								8490ED A5 02       LDA $02       [000002] A:000E X:0E68 Y:C94F S:0119 D:0000 DB:86 nvMxdizC V:255 H:242 F:42
								8490EF 29 0F       AND #$0F               A:008E X:0E68 Y:C94F S:0119 D:0000 DB:86 NvMxdizC V:255 H:247 F:42
								8490F1 1A          INC                    A:000E X:0E68 Y:C94F S:0119 D:0000 DB:86 nvMxdizC V:255 H:250 F:42
								8490F2 85 0E       STA $0E       [00000E] A:000F X:0E68 Y:C94F S:0119 D:0000 DB:86 nvMxdizC V:255 H:253 F:42
								8490F4 C2 20       REP #$20               A:000F X:0E68 Y:C94F S:0119 D:0000 DB:86 nvMxdizC V:255 H:258 F:42
								8490F6 20 6A 91    JSR $916A     [84916A] A:000F X:0E68 Y:C94F S:0119 D:0000 DB:86 nvmxdizC V:255 H:263 F:42

									84916A A9 00 E8    LDA #$E800             A:000F X:0E68 Y:C94F S:0117 D:0000 DB:86 nvmxdizC V:255 H:273 F:42
									84916D 85 10       STA $10       [000010] A:E800 X:0E68 Y:C94F S:0117 D:0000 DB:86 NvmxdizC V:255 H:277 F:42
									84916F A9 7E 00    LDA #$007E             A:E800 X:0E68 Y:C94F S:0117 D:0000 DB:86 NvmxdizC V:255 H:284 F:42
									849172 85 12       STA $12       [000012] A:007E X:0E68 Y:C94F S:0117 D:0000 DB:86 nvmxdizC V:255 H:289 F:42
									849174 A5 02       LDA $02       [000002] A:007E X:0E68 Y:C94F S:0117 D:0000 DB:86 nvmxdizC V:255 H:296 F:42
									849176 29 F0 00    AND #$00F0             A:0A8E X:0E68 Y:C94F S:0117 D:0000 DB:86 nvmxdizC V:255 H:303 F:42
									849179 0A          ASL A                  A:0080 X:0E68 Y:C94F S:0117 D:0000 DB:86 nvmxdizC V:255 H:307 F:42
									84917A 85 04       STA $04       [000004] A:0100 X:0E68 Y:C94F S:0117 D:0000 DB:86 nvmxdizc V:255 H:310 F:42
									84917C A5 00       LDA $00       [000000] A:0100 X:0E68 Y:C94F S:0117 D:0000 DB:86 nvmxdizc V:255 H:317 F:42
									84917E 29 FF 00    AND #$00FF             A:14CD X:0E68 Y:C94F S:0117 D:0000 DB:86 nvmxdizc V:255 H:324 F:42
									849181 4A          LSR A                  A:00CD X:0E68 Y:C94F S:0117 D:0000 DB:86 nvmxdizc V:255 H:328 F:42
									849182 4A          LSR A                  A:0066 X:0E68 Y:C94F S:0117 D:0000 DB:86 nvmxdizC V:255 H:331 F:42
									849183 4A          LSR A                  A:0033 X:0E68 Y:C94F S:0117 D:0000 DB:86 nvmxdizc V:255 H:334 F:42
									849184 29 FE FF    AND #$FFFE             A:0019 X:0E68 Y:C94F S:0117 D:0000 DB:86 nvmxdizC V:255 H:337 F:42
									849187 18          CLC                    A:0018 X:0E68 Y:C94F S:0117 D:0000 DB:86 nvmxdizC V:256 H:  1 F:42
									849188 65 04       ADC $04       [000004] A:0018 X:0E68 Y:C94F S:0117 D:0000 DB:86 nvmxdizc V:256 H:  4 F:42
									84918A 85 06       STA $06       [000006] A:0118 X:0E68 Y:C94F S:0117 D:0000 DB:86 nvmxdizc V:256 H: 11 F:42
									84918C A5 00       LDA $00       [000000] A:0118 X:0E68 Y:C94F S:0117 D:0000 DB:86 nvmxdizc V:256 H: 18 F:42
									84918E EB          XBA                    A:14CD X:0E68 Y:C94F S:0117 D:0000 DB:86 nvmxdizc V:256 H: 25 F:42
									84918F 29 1F 00    AND #$001F             A:CD14 X:0E68 Y:C94F S:0117 D:0000 DB:86 nvmxdizc V:256 H: 30 F:42
									849192 85 04       STA $04       [000004] A:0014 X:0E68 Y:C94F S:0117 D:0000 DB:86 nvmxdizc V:256 H: 34 F:42
									849194 A5 02       LDA $02       [000002] A:0014 X:0E68 Y:C94F S:0117 D:0000 DB:86 nvmxdizc V:256 H: 41 F:42
									849196 29 00 1F    AND #$1F00             A:0A8E X:0E68 Y:C94F S:0117 D:0000 DB:86 nvmxdizc V:256 H: 48 F:42
									849199 4A          LSR A                  A:0A00 X:0E68 Y:C94F S:0117 D:0000 DB:86 nvmxdizc V:256 H: 53 F:42
									84919A 4A          LSR A                  A:0500 X:0E68 Y:C94F S:0117 D:0000 DB:86 nvmxdizc V:256 H: 56 F:42
									84919B 4A          LSR A                  A:0280 X:0E68 Y:C94F S:0117 D:0000 DB:86 nvmxdizc V:256 H: 59 F:42
									84919C 18          CLC                    A:0140 X:0E68 Y:C94F S:0117 D:0000 DB:86 nvmxdizc V:256 H: 62 F:42
									84919D 65 04       ADC $04       [000004] A:0140 X:0E68 Y:C94F S:0117 D:0000 DB:86 nvmxdizc V:256 H: 65 F:42
									84919F A8          TAY                    A:0154 X:0E68 Y:C94F S:0117 D:0000 DB:86 nvmxdizc V:256 H: 72 F:42
									8491A0 B7 10       LDA [$10],Y   [7EE954] A:0154 X:0E68 Y:0154 S:0117 D:0000 DB:86 nvmxdizc V:256 H: 75 F:42
									8491A2 29 FF 00    AND #$00FF             A:0038 X:0E68 Y:0154 S:0117 D:0000 DB:86 nvmxdizc V:256 H: 88 F:42
									8491A5 A8          TAY                    A:0038 X:0E68 Y:0154 S:0117 D:0000 DB:86 nvmxdizc V:256 H: 92 F:42
									8491A6 EB          XBA                    A:0038 X:0E68 Y:0038 S:0117 D:0000 DB:86 nvmxdizc V:256 H: 95 F:42
									8491A7 0A          ASL A                  A:3800 X:0E68 Y:0038 S:0117 D:0000 DB:86 nvmxdiZc V:256 H:100 F:42
									8491A8 18          CLC                    A:7000 X:0E68 Y:0038 S:0117 D:0000 DB:86 nvmxdizc V:256 H:103 F:42
									8491A9 65 06       ADC $06       [000006] A:7000 X:0E68 Y:0038 S:0117 D:0000 DB:86 nvmxdizc V:256 H:106 F:42
									8491AB AA          TAX                    A:7118 X:0E68 Y:0038 S:0117 D:0000 DB:86 nvmxdizc V:256 H:113 F:42
									8491AC 60          RTS                    A:7118 X:7118 Y:0038 S:0117 D:0000 DB:86 nvmxdizc V:256 H:116 F:42

								8490F9 BF 00 20 7E LDA $7E2000,X [7E9118] A:7118 X:7118 Y:0038 S:0119 D:0000 DB:86 nvmxdizc V:256 H:126 F:42
								8490FD A8          TAY                    A:023B X:7118 Y:0038 S:0119 D:0000 DB:86 nvmxdizc V:256 H:146 F:42
								8490FE AD 92 0B    LDA $0B92     [860B92] A:023B X:7118 Y:023B S:0119 D:0000 DB:86 nvmxdizc V:256 H:149 F:42
								849101 85 10       STA $10       [000010] A:DB57 X:7118 Y:023B S:0119 D:0000 DB:86 Nvmxdizc V:256 H:157 F:42
								849103 AD 94 0B    LDA $0B94     [860B94] A:DB57 X:7118 Y:023B S:0119 D:0000 DB:86 Nvmxdizc V:256 H:164 F:42
								849106 85 12       STA $12       [000012] A:B895 X:7118 Y:023B S:0119 D:0000 DB:86 Nvmxdizc V:256 H:173 F:42
								849108 B7 10       LDA [$10],Y   [95DD92] A:B895 X:7118 Y:023B S:0119 D:0000 DB:86 Nvmxdizc V:256 H:180 F:42
								84910A 29 FF 00    AND #$00FF             A:0000 X:7118 Y:023B S:0119 D:0000 DB:86 nvmxdiZc V:256 H:192 F:42
								84910D 28          PLP                    A:0000 X:7118 Y:023B S:0119 D:0000 DB:86 nvmxdiZc V:256 H:196 F:42
								84910E FA          PLX                    A:0000 X:7118 Y:023B S:011A D:0000 DB:86 NvMxdizc V:256 H:203 F:42
								84910F 2B          PLD                    A:0000 X:0E68 Y:023B S:011C D:0000 DB:86 nvMxdizc V:256 H:211 F:42
								849110 60          RTS                    A:0000 X:0E68 Y:023B S:011E D:0000 DB:86 nvMxdiZc V:256 H:220 F:42

							849318 B4 05       LDY $05,X     [000E6D] A:0000 X:0E68 Y:023B S:0120 D:0000 DB:86 nvMxdiZc V:256 H:230 F:42
							84931A 84 10       STY $10       [000010] A:0000 X:0E68 Y:14BD S:0120 D:0000 DB:86 nvMxdizc V:256 H:238 F:42
							84931C B4 08       LDY $08,X     [000E70] A:0000 X:0E68 Y:14BD S:0120 D:0000 DB:86 nvMxdizc V:256 H:245 F:42
							84931E 84 12       STY $12       [000012] A:0000 X:0E68 Y:0A9D S:0120 D:0000 DB:86 nvMxdizc V:256 H:254 F:42
							849320 95 2D       STA $2D,X     [000E95] A:0000 X:0E68 Y:0A9D S:0120 D:0000 DB:86 nvMxdizc V:256 H:261 F:42
							849322 86 2C       STX $2C       [00002C] A:0000 X:0E68 Y:0A9D S:0120 D:0000 DB:86 nvMxdizc V:256 H:267 F:42
							849324 29 3F       AND #$3F               A:0000 X:0E68 Y:0A9D S:0120 D:0000 DB:86 nvMxdizc V:256 H:274 F:42
							849326 0A          ASL A                  A:0000 X:0E68 Y:0A9D S:0120 D:0000 DB:86 nvMxdiZc V:256 H:277 F:42
							849327 EB          XBA                    A:0000 X:0E68 Y:0A9D S:0120 D:0000 DB:86 nvMxdiZc V:256 H:280 F:42
							849328 A9 00       LDA #$00               A:0000 X:0E68 Y:0A9D S:0120 D:0000 DB:86 nvMxdiZc V:256 H:285 F:42
							84932A EB          XBA                    A:0000 X:0E68 Y:0A9D S:0120 D:0000 DB:86 nvMxdiZc V:256 H:288 F:42
							84932B AA          TAX                    A:0000 X:0E68 Y:0A9D S:0120 D:0000 DB:86 nvMxdiZc V:256 H:292 F:42
							84932C FC 5D 93    JSR ($935D,X) [84935D] A:0000 X:0000 Y:0A9D S:0120 D:0000 DB:86 nvMxdiZc V:256 H:295 F:42

								84977A A9 00       LDA #$00               A:0000 X:0000 Y:0A9D S:011E D:0000 DB:86 nvMxdiZc V:256 H:308 F:42
								84977C 60          RTS                    A:0000 X:0000 Y:0A9D S:011E D:0000 DB:86 nvMxdiZc V:256 H:311 F:42

							84932F 08          PHP                    A:0000 X:0000 Y:0A9D S:0120 D:0000 DB:86 nvMxdiZc V:256 H:321 F:42
							849330 A6 2C       LDX $2C       [00002C] A:0000 X:0000 Y:0A9D S:011F D:0000 DB:86 nvMxdiZc V:256 H:326 F:42
							849332 A9 01       LDA #$01               A:0000 X:0E68 Y:0A9D S:011F D:0000 DB:86 nvMxdizc V:256 H:332 F:42
							849334 34 29       BIT $29,X     [000E91] A:0001 X:0E68 Y:0A9D S:011F D:0000 DB:86 nvMxdizc V:256 H:335 F:42
							849336 10 02       BPL $0002     [84933A] A:0001 X:0E68 Y:0A9D S:011F D:0000 DB:86 nvMxdiZc V:257 H:  2 F:42
							84933A 28          PLP                    A:0001 X:0E68 Y:0A9D S:011F D:0000 DB:86 nvMxdiZc V:257 H:  6 F:42
							84933B F0 0C       BEQ $000C     [849349] A:0001 X:0E68 Y:0A9D S:0120 D:0000 DB:86 nvMxdiZc V:257 H: 13 F:42
							849349 49 FF       EOR #$FF               A:0001 X:0E68 Y:0A9D S:0120 D:0000 DB:86 nvMxdiZc V:257 H: 17 F:42
							84934B 35 2B       AND $2B,X     [000E93] A:00FE X:0E68 Y:0A9D S:0120 D:0000 DB:86 NvMxdizc V:257 H: 20 F:42
							84934D 95 2B       STA $2B,X     [000E93] A:0000 X:0E68 Y:0A9D S:0120 D:0000 DB:86 nvMxdiZc V:257 H: 27 F:42
							84934F 20 08 93    JSR $9308     [849308] A:0000 X:0E68 Y:0A9D S:0120 D:0000 DB:86 nvMxdiZc V:257 H: 33 F:42

								849308 A5 14       LDA $14       [000014] A:0000 X:0E68 Y:0A9D S:011E D:0000 DB:86 nvMxdiZc V:257 H: 43 F:42
								84930A F0 08       BEQ $0008     [849314] A:0000 X:0E68 Y:0A9D S:011E D:0000 DB:86 nvMxdiZc V:257 H: 48 F:42
								849314 60          RTS                    A:0000 X:0E68 Y:0A9D S:011E D:0000 DB:86 nvMxdiZc V:257 H: 53 F:42

							849352 A9 00       LDA #$00               A:0000 X:0E68 Y:0A9D S:0120 D:0000 DB:86 nvMxdiZc V:257 H: 63 F:42
							849354 60          RTS                    A:0000 X:0E68 Y:0A9D S:0120 D:0000 DB:86 nvMxdiZc V:257 H: 66 F:42

						8492F1 D0 12       BNE $0012     [849305] A:0000 X:0E68 Y:0A9D S:0122 D:0000 DB:86 nvMxdiZc V:257 H: 76 F:42
						8492F3 B4 20       LDY $20,X     [000E88] A:0000 X:0E68 Y:0A9D S:0122 D:0000 DB:86 nvMxdiZc V:257 H: 79 F:42
						8492F5 B9 06 00    LDA $0006,Y   [86C955] A:0000 X:0E68 Y:C94F S:0122 D:0000 DB:86 NvMxdizc V:257 H: 87 F:42
						8492F8 18          CLC                    A:00FF X:0E68 Y:C94F S:0122 D:0000 DB:86 NvMxdizc V:257 H: 95 F:42
						8492F9 79 08 00    ADC $0008,Y   [86C957] A:00FF X:0E68 Y:C94F S:0122 D:0000 DB:86 NvMxdizc V:257 H: 98 F:42
						8492FC 38          SEC                    A:0012 X:0E68 Y:C94F S:0122 D:0000 DB:86 nvMxdizC V:257 H:105 F:42
						8492FD F9 09 00    SBC $0009,Y   [86C958] A:0012 X:0E68 Y:C94F S:0122 D:0000 DB:86 nvMxdizC V:257 H:108 F:42
						849300 95 2A       STA $2A,X     [000E92] A:000D X:0E68 Y:C94F S:0122 D:0000 DB:86 nvMxdizC V:257 H:116 F:42
						849302 20 15 93    JSR $9315     [849315] A:000D X:0E68 Y:C94F S:0122 D:0000 DB:86 nvMxdizC V:257 H:122 F:42

							849315 20 B3 90    JSR $90B3     [8490B3] A:000D X:0E68 Y:C94F S:0120 D:0000 DB:86 nvMxdizC V:257 H:132 F:42

								8490B3 0B          PHD                    A:000D X:0E68 Y:C94F S:011E D:0000 DB:86 nvMxdizC V:257 H:152 F:42
								8490B4 DA          PHX                    A:000D X:0E68 Y:C94F S:011C D:0000 DB:86 nvMxdizC V:257 H:159 F:42
								8490B5 08          PHP                    A:000D X:0E68 Y:C94F S:011A D:0000 DB:86 nvMxdizC V:257 H:166 F:42
								8490B6 E2 20       SEP #$20               A:000D X:0E68 Y:C94F S:0119 D:0000 DB:86 nvMxdizC V:257 H:171 F:42
								8490B8 C2 10       REP #$10               A:000D X:0E68 Y:C94F S:0119 D:0000 DB:86 nvMxdizC V:257 H:176 F:42
								8490BA 64 01       STZ $01       [000001] A:000D X:0E68 Y:C94F S:0119 D:0000 DB:86 nvMxdizC V:257 H:180 F:42
								8490BC B5 29       LDA $29,X     [000E91] A:000D X:0E68 Y:C94F S:0119 D:0000 DB:86 nvMxdizC V:257 H:185 F:42
								8490BE 10 02       BPL $0002     [8490C2] A:0010 X:0E68 Y:C94F S:0119 D:0000 DB:86 nvMxdizC V:257 H:192 F:42
								8490C2 18          CLC                    A:0010 X:0E68 Y:C94F S:0119 D:0000 DB:86 nvMxdizC V:257 H:196 F:42
								8490C3 75 05       ADC $05,X     [000E6D] A:0010 X:0E68 Y:C94F S:0119 D:0000 DB:86 nvMxdizc V:257 H:199 F:42
								8490C5 85 00       STA $00       [000000] A:00CD X:0E68 Y:C94F S:0119 D:0000 DB:86 NvMxdizc V:257 H:206 F:42
								8490C7 B5 06       LDA $06,X     [000E6E] A:00CD X:0E68 Y:C94F S:0119 D:0000 DB:86 NvMxdizc V:257 H:211 F:42
								8490C9 65 01       ADC $01       [000001] A:0014 X:0E68 Y:C94F S:0119 D:0000 DB:86 nvMxdizc V:257 H:217 F:42
								8490CB 85 01       STA $01       [000001] A:0014 X:0E68 Y:C94F S:0119 D:0000 DB:86 nvMxdizc V:257 H:222 F:42
								8490CD 64 03       STZ $03       [000003] A:0014 X:0E68 Y:C94F S:0119 D:0000 DB:86 nvMxdizc V:257 H:227 F:42
								8490CF B5 2A       LDA $2A,X     [000E92] A:0014 X:0E68 Y:C94F S:0119 D:0000 DB:86 nvMxdizc V:257 H:232 F:42
								8490D1 10 02       BPL $0002     [8490D5] A:000D X:0E68 Y:C94F S:0119 D:0000 DB:86 nvMxdizc V:257 H:239 F:42
								8490D5 18          CLC                    A:000D X:0E68 Y:C94F S:0119 D:0000 DB:86 nvMxdizc V:257 H:243 F:42
								8490D6 75 08       ADC $08,X     [000E70] A:000D X:0E68 Y:C94F S:0119 D:0000 DB:86 nvMxdizc V:257 H:246 F:42
								8490D8 85 02       STA $02       [000002] A:00AA X:0E68 Y:C94F S:0119 D:0000 DB:86 NvMxdizc V:257 H:253 F:42
								8490DA 29 F0       AND #$F0               A:00AA X:0E68 Y:C94F S:0119 D:0000 DB:86 NvMxdizc V:257 H:258 F:42
								8490DC 85 0A       STA $0A       [00000A] A:00A0 X:0E68 Y:C94F S:0119 D:0000 DB:86 NvMxdizc V:257 H:261 F:42
								8490DE B5 09       LDA $09,X     [000E71] A:00A0 X:0E68 Y:C94F S:0119 D:0000 DB:86 NvMxdizc V:257 H:266 F:42
								8490E0 65 03       ADC $03       [000003] A:000A X:0E68 Y:C94F S:0119 D:0000 DB:86 nvMxdizc V:257 H:272 F:42
								8490E2 85 03       STA $03       [000003] A:000A X:0E68 Y:C94F S:0119 D:0000 DB:86 nvMxdizc V:257 H:277 F:42
								8490E4 85 0B       STA $0B       [00000B] A:000A X:0E68 Y:C94F S:0119 D:0000 DB:86 nvMxdizc V:257 H:282 F:42
								8490E6 A5 00       LDA $00       [000000] A:000A X:0E68 Y:C94F S:0119 D:0000 DB:86 nvMxdizc V:257 H:287 F:42
								8490E8 29 0F       AND #$0F               A:00CD X:0E68 Y:C94F S:0119 D:0000 DB:86 NvMxdizc V:257 H:292 F:42
								8490EA 1A          INC                    A:000D X:0E68 Y:C94F S:0119 D:0000 DB:86 nvMxdizc V:257 H:295 F:42
								8490EB 85 0C       STA $0C       [00000C] A:000E X:0E68 Y:C94F S:0119 D:0000 DB:86 nvMxdizc V:257 H:298 F:42
								8490ED A5 02       LDA $02       [000002] A:000E X:0E68 Y:C94F S:0119 D:0000 DB:86 nvMxdizc V:257 H:303 F:42
								8490EF 29 0F       AND #$0F               A:00AA X:0E68 Y:C94F S:0119 D:0000 DB:86 NvMxdizc V:257 H:308 F:42
								8490F1 1A          INC                    A:000A X:0E68 Y:C94F S:0119 D:0000 DB:86 nvMxdizc V:257 H:311 F:42
								8490F2 85 0E       STA $0E       [00000E] A:000B X:0E68 Y:C94F S:0119 D:0000 DB:86 nvMxdizc V:257 H:314 F:42
								8490F4 C2 20       REP #$20               A:000B X:0E68 Y:C94F S:0119 D:0000 DB:86 nvMxdizc V:257 H:319 F:42
								8490F6 20 6A 91    JSR $916A     [84916A] A:000B X:0E68 Y:C94F S:0119 D:0000 DB:86 nvmxdizc V:257 H:323 F:42

									84916A A9 00 E8    LDA #$E800             A:000B X:0E68 Y:C94F S:0117 D:0000 DB:86 nvmxdizc V:257 H:333 F:42
									84916D 85 10       STA $10       [000010] A:E800 X:0E68 Y:C94F S:0117 D:0000 DB:86 Nvmxdizc V:257 H:337 F:42
									84916F A9 7E 00    LDA #$007E             A:E800 X:0E68 Y:C94F S:0117 D:0000 DB:86 Nvmxdizc V:258 H:  4 F:42
									849172 85 12       STA $12       [000012] A:007E X:0E68 Y:C94F S:0117 D:0000 DB:86 nvmxdizc V:258 H:  9 F:42
									849174 A5 02       LDA $02       [000002] A:007E X:0E68 Y:C94F S:0117 D:0000 DB:86 nvmxdizc V:258 H: 16 F:42
									849176 29 F0 00    AND #$00F0             A:0AAA X:0E68 Y:C94F S:0117 D:0000 DB:86 nvmxdizc V:258 H: 23 F:42
									849179 0A          ASL A                  A:00A0 X:0E68 Y:C94F S:0117 D:0000 DB:86 nvmxdizc V:258 H: 27 F:42
									84917A 85 04       STA $04       [000004] A:0140 X:0E68 Y:C94F S:0117 D:0000 DB:86 nvmxdizc V:258 H: 30 F:42
									84917C A5 00       LDA $00       [000000] A:0140 X:0E68 Y:C94F S:0117 D:0000 DB:86 nvmxdizc V:258 H: 37 F:42
									84917E 29 FF 00    AND #$00FF             A:14CD X:0E68 Y:C94F S:0117 D:0000 DB:86 nvmxdizc V:258 H: 44 F:42
									849181 4A          LSR A                  A:00CD X:0E68 Y:C94F S:0117 D:0000 DB:86 nvmxdizc V:258 H: 49 F:42
									849182 4A          LSR A                  A:0066 X:0E68 Y:C94F S:0117 D:0000 DB:86 nvmxdizC V:258 H: 52 F:42
									849183 4A          LSR A                  A:0033 X:0E68 Y:C94F S:0117 D:0000 DB:86 nvmxdizc V:258 H: 55 F:42
									849184 29 FE FF    AND #$FFFE             A:0019 X:0E68 Y:C94F S:0117 D:0000 DB:86 nvmxdizC V:258 H: 58 F:42
									849187 18          CLC                    A:0018 X:0E68 Y:C94F S:0117 D:0000 DB:86 nvmxdizC V:258 H: 62 F:42
									849188 65 04       ADC $04       [000004] A:0018 X:0E68 Y:C94F S:0117 D:0000 DB:86 nvmxdizc V:258 H: 65 F:42
									84918A 85 06       STA $06       [000006] A:0158 X:0E68 Y:C94F S:0117 D:0000 DB:86 nvmxdizc V:258 H: 72 F:42
									84918C A5 00       LDA $00       [000000] A:0158 X:0E68 Y:C94F S:0117 D:0000 DB:86 nvmxdizc V:258 H: 79 F:42
									84918E EB          XBA                    A:14CD X:0E68 Y:C94F S:0117 D:0000 DB:86 nvmxdizc V:258 H: 86 F:42
									84918F 29 1F 00    AND #$001F             A:CD14 X:0E68 Y:C94F S:0117 D:0000 DB:86 nvmxdizc V:258 H: 91 F:42
									849192 85 04       STA $04       [000004] A:0014 X:0E68 Y:C94F S:0117 D:0000 DB:86 nvmxdizc V:258 H: 95 F:42
									849194 A5 02       LDA $02       [000002] A:0014 X:0E68 Y:C94F S:0117 D:0000 DB:86 nvmxdizc V:258 H:102 F:42
									849196 29 00 1F    AND #$1F00             A:0AAA X:0E68 Y:C94F S:0117 D:0000 DB:86 nvmxdizc V:258 H:109 F:42
									849199 4A          LSR A                  A:0A00 X:0E68 Y:C94F S:0117 D:0000 DB:86 nvmxdizc V:258 H:114 F:42
									84919A 4A          LSR A                  A:0500 X:0E68 Y:C94F S:0117 D:0000 DB:86 nvmxdizc V:258 H:117 F:42
									84919B 4A          LSR A                  A:0280 X:0E68 Y:C94F S:0117 D:0000 DB:86 nvmxdizc V:258 H:120 F:42
									84919C 18          CLC                    A:0140 X:0E68 Y:C94F S:0117 D:0000 DB:86 nvmxdizc V:258 H:123 F:42
									84919D 65 04       ADC $04       [000004] A:0140 X:0E68 Y:C94F S:0117 D:0000 DB:86 nvmxdizc V:258 H:126 F:42
									84919F A8          TAY                    A:0154 X:0E68 Y:C94F S:0117 D:0000 DB:86 nvmxdizc V:258 H:133 F:42
									8491A0 B7 10       LDA [$10],Y   [7EE954] A:0154 X:0E68 Y:0154 S:0117 D:0000 DB:86 nvmxdizc V:258 H:146 F:42
									8491A2 29 FF 00    AND #$00FF             A:0038 X:0E68 Y:0154 S:0117 D:0000 DB:86 nvmxdizc V:258 H:159 F:42
									8491A5 A8          TAY                    A:0038 X:0E68 Y:0154 S:0117 D:0000 DB:86 nvmxdizc V:258 H:163 F:42
									8491A6 EB          XBA                    A:0038 X:0E68 Y:0038 S:0117 D:0000 DB:86 nvmxdizc V:258 H:166 F:42
									8491A7 0A          ASL A                  A:3800 X:0E68 Y:0038 S:0117 D:0000 DB:86 nvmxdiZc V:258 H:171 F:42
									8491A8 18          CLC                    A:7000 X:0E68 Y:0038 S:0117 D:0000 DB:86 nvmxdizc V:258 H:174 F:42
									8491A9 65 06       ADC $06       [000006] A:7000 X:0E68 Y:0038 S:0117 D:0000 DB:86 nvmxdizc V:258 H:177 F:42
									8491AB AA          TAX                    A:7158 X:0E68 Y:0038 S:0117 D:0000 DB:86 nvmxdizc V:258 H:184 F:42
									8491AC 60          RTS                    A:7158 X:7158 Y:0038 S:0117 D:0000 DB:86 nvmxdizc V:258 H:187 F:42

								8490F9 BF 00 20 7E LDA $7E2000,X [7E9158] A:7158 X:7158 Y:0038 S:0119 D:0000 DB:86 nvmxdizc V:258 H:197 F:42
								8490FD A8          TAY                    A:01D2 X:7158 Y:0038 S:0119 D:0000 DB:86 nvmxdizc V:258 H:207 F:42
								8490FE AD 92 0B    LDA $0B92     [860B92] A:01D2 X:7158 Y:01D2 S:0119 D:0000 DB:86 nvmxdizc V:258 H:210 F:42
								849101 85 10       STA $10       [000010] A:DB57 X:7158 Y:01D2 S:0119 D:0000 DB:86 Nvmxdizc V:258 H:218 F:42
								849103 AD 94 0B    LDA $0B94     [860B94] A:DB57 X:7158 Y:01D2 S:0119 D:0000 DB:86 Nvmxdizc V:258 H:225 F:42
								849106 85 12       STA $12       [000012] A:B895 X:7158 Y:01D2 S:0119 D:0000 DB:86 Nvmxdizc V:258 H:234 F:42
								849108 B7 10       LDA [$10],Y   [95DD29] A:B895 X:7158 Y:01D2 S:0119 D:0000 DB:86 Nvmxdizc V:258 H:241 F:42
								84910A 29 FF 00    AND #$00FF             A:0000 X:7158 Y:01D2 S:0119 D:0000 DB:86 nvmxdiZc V:258 H:253 F:42
								84910D 28          PLP                    A:0000 X:7158 Y:01D2 S:0119 D:0000 DB:86 nvmxdiZc V:258 H:257 F:42
								84910E FA          PLX                    A:0000 X:7158 Y:01D2 S:011A D:0000 DB:86 nvMxdizC V:258 H:264 F:42
								84910F 2B          PLD                    A:0000 X:0E68 Y:01D2 S:011C D:0000 DB:86 nvMxdizC V:258 H:272 F:42
								849110 60          RTS                    A:0000 X:0E68 Y:01D2 S:011E D:0000 DB:86 nvMxdiZC V:258 H:281 F:42

							849318 B4 05       LDY $05,X     [000E6D] A:0000 X:0E68 Y:01D2 S:0120 D:0000 DB:86 nvMxdiZC V:258 H:291 F:42
							84931A 84 10       STY $10       [000010] A:0000 X:0E68 Y:14BD S:0120 D:0000 DB:86 nvMxdizC V:258 H:299 F:42
							84931C B4 08       LDY $08,X     [000E70] A:0000 X:0E68 Y:14BD S:0120 D:0000 DB:86 nvMxdizC V:258 H:306 F:42
							84931E 84 12       STY $12       [000012] A:0000 X:0E68 Y:0A9D S:0120 D:0000 DB:86 nvMxdizC V:258 H:315 F:42
							849320 95 2D       STA $2D,X     [000E95] A:0000 X:0E68 Y:0A9D S:0120 D:0000 DB:86 nvMxdizC V:258 H:322 F:42
							849322 86 2C       STX $2C       [00002C] A:0000 X:0E68 Y:0A9D S:0120 D:0000 DB:86 nvMxdizC V:258 H:327 F:42
							849324 29 3F       AND #$3F               A:0000 X:0E68 Y:0A9D S:0120 D:0000 DB:86 nvMxdizC V:258 H:334 F:42
							849326 0A          ASL A                  A:0000 X:0E68 Y:0A9D S:0120 D:0000 DB:86 nvMxdiZC V:258 H:337 F:42
							849327 EB          XBA                    A:0000 X:0E68 Y:0A9D S:0120 D:0000 DB:86 nvMxdiZc V:259 H:  0 F:42
							849328 A9 00       LDA #$00               A:0000 X:0E68 Y:0A9D S:0120 D:0000 DB:86 nvMxdiZc V:259 H:  5 F:42
							84932A EB          XBA                    A:0000 X:0E68 Y:0A9D S:0120 D:0000 DB:86 nvMxdiZc V:259 H:  8 F:42
							84932B AA          TAX                    A:0000 X:0E68 Y:0A9D S:0120 D:0000 DB:86 nvMxdiZc V:259 H: 12 F:42
							84932C FC 5D 93    JSR ($935D,X) [84935D] A:0000 X:0000 Y:0A9D S:0120 D:0000 DB:86 nvMxdiZc V:259 H: 15 F:42

								84977A A9 00       LDA #$00               A:0000 X:0000 Y:0A9D S:011E D:0000 DB:86 nvMxdiZc V:259 H: 28 F:42
								84977C 60          RTS                    A:0000 X:0000 Y:0A9D S:011E D:0000 DB:86 nvMxdiZc V:259 H: 31 F:42

							84932F 08          PHP                    A:0000 X:0000 Y:0A9D S:0120 D:0000 DB:86 nvMxdiZc V:259 H: 41 F:42
							849330 A6 2C       LDX $2C       [00002C] A:0000 X:0000 Y:0A9D S:011F D:0000 DB:86 nvMxdiZc V:259 H: 46 F:42
							849332 A9 01       LDA #$01               A:0000 X:0E68 Y:0A9D S:011F D:0000 DB:86 nvMxdizc V:259 H: 53 F:42
							849334 34 29       BIT $29,X     [000E91] A:0001 X:0E68 Y:0A9D S:011F D:0000 DB:86 nvMxdizc V:259 H: 56 F:42
							849336 10 02       BPL $0002     [84933A] A:0001 X:0E68 Y:0A9D S:011F D:0000 DB:86 nvMxdiZc V:259 H: 63 F:42
							84933A 28          PLP                    A:0001 X:0E68 Y:0A9D S:011F D:0000 DB:86 nvMxdiZc V:259 H: 67 F:42
							84933B F0 0C       BEQ $000C     [849349] A:0001 X:0E68 Y:0A9D S:0120 D:0000 DB:86 nvMxdiZc V:259 H: 74 F:42
							849349 49 FF       EOR #$FF               A:0001 X:0E68 Y:0A9D S:0120 D:0000 DB:86 nvMxdiZc V:259 H: 78 F:42
							84934B 35 2B       AND $2B,X     [000E93] A:00FE X:0E68 Y:0A9D S:0120 D:0000 DB:86 NvMxdizc V:259 H: 81 F:42
							84934D 95 2B       STA $2B,X     [000E93] A:0000 X:0E68 Y:0A9D S:0120 D:0000 DB:86 nvMxdiZc V:259 H: 88 F:42
							84934F 20 08 93    JSR $9308     [849308] A:0000 X:0E68 Y:0A9D S:0120 D:0000 DB:86 nvMxdiZc V:259 H: 94 F:42

								849308 A5 14       LDA $14       [000014] A:0000 X:0E68 Y:0A9D S:011E D:0000 DB:86 nvMxdiZc V:259 H:104 F:42
								84930A F0 08       BEQ $0008     [849314] A:0000 X:0E68 Y:0A9D S:011E D:0000 DB:86 nvMxdiZc V:259 H:109 F:42
								849314 60          RTS                    A:0000 X:0E68 Y:0A9D S:011E D:0000 DB:86 nvMxdiZc V:259 H:114 F:42

							849352 A9 00       LDA #$00               A:0000 X:0E68 Y:0A9D S:0120 D:0000 DB:86 nvMxdiZc V:259 H:124 F:42
							849354 60          RTS                    A:0000 X:0E68 Y:0A9D S:0120 D:0000 DB:86 nvMxdiZc V:259 H:127 F:42

						849305 C2 30       REP #$30               A:0000 X:0E68 Y:0A9D S:0122 D:0000 DB:86 nvMxdiZc V:259 H:147 F:42
						849307 60          RTS                    A:0000 X:0E68 Y:0A9D S:0122 D:0000 DB:86 nvmxdiZc V:259 H:151 F:42

					8491D8 20 ED 91    JSR $91ED     [8491ED] A:0000 X:0E68 Y:0A9D S:0124 D:0000 DB:86 nvmxdiZc V:259 H:161 F:42

						8491ED B5 08       LDA $08,X     [000E70] A:0000 X:0E68 Y:0A9D S:0122 D:0000 DB:86 nvmxdiZc V:259 H:171 F:42
						8491EF D5 24       CMP $24,X     [000E8C] A:0A9D X:0E68 Y:0A9D S:0122 D:0000 DB:86 nvmxdizc V:259 H:180 F:42
						8491F1 F0 F2       BEQ $00F2     [8491E5] A:0A9D X:0E68 Y:0A9D S:0122 D:0000 DB:86 nvmxdiZC V:259 H:188 F:42
						8491E5 B5 1C       LDA $1C,X     [000E84] A:0A9D X:0E68 Y:0A9D S:0122 D:0000 DB:86 nvmxdiZC V:259 H:193 F:42
						8491E7 F0 F5       BEQ $00F5     [8491DE] A:FB46 X:0E68 Y:0A9D S:0122 D:0000 DB:86 NvmxdizC V:259 H:201 F:42
						8491E9 10 0A       BPL $000A     [8491F5] A:FB46 X:0E68 Y:0A9D S:0122 D:0000 DB:86 NvmxdizC V:259 H:204 F:42
						8491EB 80 55       BRA $0055     [849242] A:FB46 X:0E68 Y:0A9D S:0122 D:0000 DB:86 NvmxdizC V:259 H:207 F:42
						849242 E2 20       SEP #$20               A:FB46 X:0E68 Y:0A9D S:0122 D:0000 DB:86 NvmxdizC V:259 H:212 F:42
						849244 A0 04 00    LDY #$0004             A:FB46 X:0E68 Y:0A9D S:0122 D:0000 DB:86 NvMxdizC V:259 H:216 F:42
						849247 AD 1C 1F    LDA $1F1C     [861F1C] A:FB46 X:0E68 Y:0004 S:0122 D:0000 DB:86 nvMxdizC V:259 H:221 F:42
						84924A F0 03       BEQ $0003     [84924F] A:FB00 X:0E68 Y:0004 S:0122 D:0000 DB:86 nvMxdiZC V:259 H:227 F:42
						84924F B5 2F       LDA $2F,X     [000E97] A:FB00 X:0E68 Y:0004 S:0122 D:0000 DB:86 nvMxdiZC V:259 H:232 F:42
						849251 F0 03       BEQ $0003     [849256] A:FB00 X:0E68 Y:0004 S:0122 D:0000 DB:86 nvMxdiZC V:259 H:238 F:42
						849256 98          TYA                    A:FB00 X:0E68 Y:0004 S:0122 D:0000 DB:86 nvMxdiZC V:259 H:243 F:42
						849257 09 80       ORA #$80               A:FB04 X:0E68 Y:0004 S:0122 D:0000 DB:86 nvMxdizC V:259 H:246 F:42
						849259 85 08       STA $08       [000008] A:FB84 X:0E68 Y:0004 S:0122 D:0000 DB:86 NvMxdizC V:259 H:249 F:42
						84925B B4 20       LDY $20,X     [000E88] A:FB84 X:0E68 Y:0004 S:0122 D:0000 DB:86 NvMxdizC V:259 H:254 F:42
						84925D B9 06 00    LDA $0006,Y   [86C955] A:FB84 X:0E68 Y:C94F S:0122 D:0000 DB:86 NvMxdizC V:259 H:262 F:42
						849260 18          CLC                    A:FBFF X:0E68 Y:C94F S:0122 D:0000 DB:86 NvMxdizC V:259 H:270 F:42
						849261 79 08 00    ADC $0008,Y   [86C957] A:FBFF X:0E68 Y:C94F S:0122 D:0000 DB:86 NvMxdizc V:259 H:273 F:42
						849264 95 2A       STA $2A,X     [000E92] A:FB12 X:0E68 Y:C94F S:0122 D:0000 DB:86 nvMxdizC V:259 H:280 F:42
						849266 B9 05 00    LDA $0005,Y   [86C954] A:FB12 X:0E68 Y:C94F S:0122 D:0000 DB:86 nvMxdizC V:259 H:287 F:42
						849269 34 11       BIT $11,X     [000E79] A:FB00 X:0E68 Y:C94F S:0122 D:0000 DB:86 nvMxdiZC V:259 H:294 F:42
						84926B 50 03       BVC $0003     [849270] A:FB00 X:0E68 Y:C94F S:0122 D:0000 DB:86 nvMxdiZC V:259 H:301 F:42
						849270 95 29       STA $29,X     [000E91] A:FB00 X:0E68 Y:C94F S:0122 D:0000 DB:86 nvMxdiZC V:259 H:305 F:42
						849272 20 C4 95    JSR $95C4     [8495C4] A:FB00 X:0E68 Y:C94F S:0122 D:0000 DB:86 nvMxdiZC V:259 H:312 F:42

							8495C4 B5 2A       LDA $2A,X     [000E92] A:FB00 X:0E68 Y:C94F S:0120 D:0000 DB:86 nvMxdiZC V:259 H:322 F:42
							8495C6 48          PHA                    A:FB12 X:0E68 Y:C94F S:0120 D:0000 DB:86 nvMxdizC V:259 H:327 F:42
							8495C7 A5 08       LDA $08       [000008] A:FB12 X:0E68 Y:C94F S:011F D:0000 DB:86 nvMxdizC V:259 H:332 F:42
							8495C9 29 7F       AND #$7F               A:FB84 X:0E68 Y:C94F S:011F D:0000 DB:86 NvMxdizC V:259 H:337 F:42
							8495CB 18          CLC                    A:FB04 X:0E68 Y:C94F S:011F D:0000 DB:86 nvMxdizC V:260 H:  0 F:42
							8495CC 75 2A       ADC $2A,X     [000E92] A:FB04 X:0E68 Y:C94F S:011F D:0000 DB:86 nvMxdizc V:260 H:  3 F:42
							8495CE 95 2A       STA $2A,X     [000E92] A:FB16 X:0E68 Y:C94F S:011F D:0000 DB:86 nvMxdizc V:260 H: 10 F:42
							8495D0 20 B3 90    JSR $90B3     [8490B3] A:FB16 X:0E68 Y:C94F S:011F D:0000 DB:86 nvMxdizc V:260 H: 16 F:42

								8490B3 0B          PHD                    A:FB16 X:0E68 Y:C94F S:011D D:0000 DB:86 nvMxdizc V:260 H: 26 F:42
								8490B4 DA          PHX                    A:FB16 X:0E68 Y:C94F S:011B D:0000 DB:86 nvMxdizc V:260 H: 33 F:42
								8490B5 08          PHP                    A:FB16 X:0E68 Y:C94F S:0119 D:0000 DB:86 nvMxdizc V:260 H: 40 F:42
								8490B6 E2 20       SEP #$20               A:FB16 X:0E68 Y:C94F S:0118 D:0000 DB:86 nvMxdizc V:260 H: 45 F:42
								8490B8 C2 10       REP #$10               A:FB16 X:0E68 Y:C94F S:0118 D:0000 DB:86 nvMxdizc V:260 H: 50 F:42
								8490BA 64 01       STZ $01       [000001] A:FB16 X:0E68 Y:C94F S:0118 D:0000 DB:86 nvMxdizc V:260 H: 54 F:42
								8490BC B5 29       LDA $29,X     [000E91] A:FB16 X:0E68 Y:C94F S:0118 D:0000 DB:86 nvMxdizc V:260 H: 59 F:42
								8490BE 10 02       BPL $0002     [8490C2] A:FB00 X:0E68 Y:C94F S:0118 D:0000 DB:86 nvMxdiZc V:260 H: 66 F:42
								8490C2 18          CLC                    A:FB00 X:0E68 Y:C94F S:0118 D:0000 DB:86 nvMxdiZc V:260 H: 70 F:42
								8490C3 75 05       ADC $05,X     [000E6D] A:FB00 X:0E68 Y:C94F S:0118 D:0000 DB:86 nvMxdiZc V:260 H: 73 F:42
								8490C5 85 00       STA $00       [000000] A:FBBD X:0E68 Y:C94F S:0118 D:0000 DB:86 NvMxdizc V:260 H: 80 F:42
								8490C7 B5 06       LDA $06,X     [000E6E] A:FBBD X:0E68 Y:C94F S:0118 D:0000 DB:86 NvMxdizc V:260 H: 85 F:42
								8490C9 65 01       ADC $01       [000001] A:FB14 X:0E68 Y:C94F S:0118 D:0000 DB:86 nvMxdizc V:260 H: 91 F:42
								8490CB 85 01       STA $01       [000001] A:FB14 X:0E68 Y:C94F S:0118 D:0000 DB:86 nvMxdizc V:260 H: 96 F:42
								8490CD 64 03       STZ $03       [000003] A:FB14 X:0E68 Y:C94F S:0118 D:0000 DB:86 nvMxdizc V:260 H:101 F:42
								8490CF B5 2A       LDA $2A,X     [000E92] A:FB14 X:0E68 Y:C94F S:0118 D:0000 DB:86 nvMxdizc V:260 H:106 F:42
								8490D1 10 02       BPL $0002     [8490D5] A:FB16 X:0E68 Y:C94F S:0118 D:0000 DB:86 nvMxdizc V:260 H:113 F:42
								8490D5 18          CLC                    A:FB16 X:0E68 Y:C94F S:0118 D:0000 DB:86 nvMxdizc V:260 H:117 F:42
								8490D6 75 08       ADC $08,X     [000E70] A:FB16 X:0E68 Y:C94F S:0118 D:0000 DB:86 nvMxdizc V:260 H:120 F:42
								8490D8 85 02       STA $02       [000002] A:FBB3 X:0E68 Y:C94F S:0118 D:0000 DB:86 NvMxdizc V:260 H:127 F:42
								8490DA 29 F0       AND #$F0               A:FBB3 X:0E68 Y:C94F S:0118 D:0000 DB:86 NvMxdizc V:260 H:132 F:42
								8490DC 85 0A       STA $0A       [00000A] A:FBB0 X:0E68 Y:C94F S:0118 D:0000 DB:86 NvMxdizc V:260 H:145 F:42
								8490DE B5 09       LDA $09,X     [000E71] A:FBB0 X:0E68 Y:C94F S:0118 D:0000 DB:86 NvMxdizc V:260 H:150 F:42
								8490E0 65 03       ADC $03       [000003] A:FB0A X:0E68 Y:C94F S:0118 D:0000 DB:86 nvMxdizc V:260 H:156 F:42
								8490E2 85 03       STA $03       [000003] A:FB0A X:0E68 Y:C94F S:0118 D:0000 DB:86 nvMxdizc V:260 H:161 F:42
								8490E4 85 0B       STA $0B       [00000B] A:FB0A X:0E68 Y:C94F S:0118 D:0000 DB:86 nvMxdizc V:260 H:166 F:42
								8490E6 A5 00       LDA $00       [000000] A:FB0A X:0E68 Y:C94F S:0118 D:0000 DB:86 nvMxdizc V:260 H:171 F:42
								8490E8 29 0F       AND #$0F               A:FBBD X:0E68 Y:C94F S:0118 D:0000 DB:86 NvMxdizc V:260 H:176 F:42
								8490EA 1A          INC                    A:FB0D X:0E68 Y:C94F S:0118 D:0000 DB:86 nvMxdizc V:260 H:179 F:42
								8490EB 85 0C       STA $0C       [00000C] A:FB0E X:0E68 Y:C94F S:0118 D:0000 DB:86 nvMxdizc V:260 H:182 F:42
								8490ED A5 02       LDA $02       [000002] A:FB0E X:0E68 Y:C94F S:0118 D:0000 DB:86 nvMxdizc V:260 H:187 F:42
								8490EF 29 0F       AND #$0F               A:FBB3 X:0E68 Y:C94F S:0118 D:0000 DB:86 NvMxdizc V:260 H:192 F:42
								8490F1 1A          INC                    A:FB03 X:0E68 Y:C94F S:0118 D:0000 DB:86 nvMxdizc V:260 H:195 F:42
								8490F2 85 0E       STA $0E       [00000E] A:FB04 X:0E68 Y:C94F S:0118 D:0000 DB:86 nvMxdizc V:260 H:198 F:42
								8490F4 C2 20       REP #$20               A:FB04 X:0E68 Y:C94F S:0118 D:0000 DB:86 nvMxdizc V:260 H:203 F:42
								8490F6 20 6A 91    JSR $916A     [84916A] A:FB04 X:0E68 Y:C94F S:0118 D:0000 DB:86 nvmxdizc V:260 H:208 F:42

									84916A A9 00 E8    LDA #$E800             A:FB04 X:0E68 Y:C94F S:0116 D:0000 DB:86 nvmxdizc V:260 H:218 F:42
									84916D 85 10       STA $10       [000010] A:E800 X:0E68 Y:C94F S:0116 D:0000 DB:86 Nvmxdizc V:260 H:222 F:42
									84916F A9 7E 00    LDA #$007E             A:E800 X:0E68 Y:C94F S:0116 D:0000 DB:86 Nvmxdizc V:260 H:229 F:42
									849172 85 12       STA $12       [000012] A:007E X:0E68 Y:C94F S:0116 D:0000 DB:86 nvmxdizc V:260 H:234 F:42
									849174 A5 02       LDA $02       [000002] A:007E X:0E68 Y:C94F S:0116 D:0000 DB:86 nvmxdizc V:260 H:241 F:42
									849176 29 F0 00    AND #$00F0             A:0AB3 X:0E68 Y:C94F S:0116 D:0000 DB:86 nvmxdizc V:260 H:248 F:42
									849179 0A          ASL A                  A:00B0 X:0E68 Y:C94F S:0116 D:0000 DB:86 nvmxdizc V:260 H:252 F:42
									84917A 85 04       STA $04       [000004] A:0160 X:0E68 Y:C94F S:0116 D:0000 DB:86 nvmxdizc V:260 H:255 F:42
									84917C A5 00       LDA $00       [000000] A:0160 X:0E68 Y:C94F S:0116 D:0000 DB:86 nvmxdizc V:260 H:262 F:42
									84917E 29 FF 00    AND #$00FF             A:14BD X:0E68 Y:C94F S:0116 D:0000 DB:86 nvmxdizc V:260 H:269 F:42
									849181 4A          LSR A                  A:00BD X:0E68 Y:C94F S:0116 D:0000 DB:86 nvmxdizc V:260 H:274 F:42
									849182 4A          LSR A                  A:005E X:0E68 Y:C94F S:0116 D:0000 DB:86 nvmxdizC V:260 H:277 F:42
									849183 4A          LSR A                  A:002F X:0E68 Y:C94F S:0116 D:0000 DB:86 nvmxdizc V:260 H:280 F:42
									849184 29 FE FF    AND #$FFFE             A:0017 X:0E68 Y:C94F S:0116 D:0000 DB:86 nvmxdizC V:260 H:283 F:42
									849187 18          CLC                    A:0016 X:0E68 Y:C94F S:0116 D:0000 DB:86 nvmxdizC V:260 H:287 F:42
									849188 65 04       ADC $04       [000004] A:0016 X:0E68 Y:C94F S:0116 D:0000 DB:86 nvmxdizc V:260 H:290 F:42
									84918A 85 06       STA $06       [000006] A:0176 X:0E68 Y:C94F S:0116 D:0000 DB:86 nvmxdizc V:260 H:297 F:42
									84918C A5 00       LDA $00       [000000] A:0176 X:0E68 Y:C94F S:0116 D:0000 DB:86 nvmxdizc V:260 H:304 F:42
									84918E EB          XBA                    A:14BD X:0E68 Y:C94F S:0116 D:0000 DB:86 nvmxdizc V:260 H:311 F:42
									84918F 29 1F 00    AND #$001F             A:BD14 X:0E68 Y:C94F S:0116 D:0000 DB:86 nvmxdizc V:260 H:316 F:42
									849192 85 04       STA $04       [000004] A:0014 X:0E68 Y:C94F S:0116 D:0000 DB:86 nvmxdizc V:260 H:320 F:42
									849194 A5 02       LDA $02       [000002] A:0014 X:0E68 Y:C94F S:0116 D:0000 DB:86 nvmxdizc V:260 H:327 F:42
									849196 29 00 1F    AND #$1F00             A:0AB3 X:0E68 Y:C94F S:0116 D:0000 DB:86 nvmxdizc V:260 H:333 F:42
									849199 4A          LSR A                  A:0A00 X:0E68 Y:C94F S:0116 D:0000 DB:86 nvmxdizc V:260 H:338 F:42
									84919A 4A          LSR A                  A:0500 X:0E68 Y:C94F S:0116 D:0000 DB:86 nvmxdizc V:261 H:  1 F:42
									84919B 4A          LSR A                  A:0280 X:0E68 Y:C94F S:0116 D:0000 DB:86 nvmxdizc V:261 H:  4 F:42
									84919C 18          CLC                    A:0140 X:0E68 Y:C94F S:0116 D:0000 DB:86 nvmxdizc V:261 H:  7 F:42
									84919D 65 04       ADC $04       [000004] A:0140 X:0E68 Y:C94F S:0116 D:0000 DB:86 nvmxdizc V:261 H: 10 F:42
									84919F A8          TAY                    A:0154 X:0E68 Y:C94F S:0116 D:0000 DB:86 nvmxdizc V:261 H: 17 F:42
									8491A0 B7 10       LDA [$10],Y   [7EE954] A:0154 X:0E68 Y:0154 S:0116 D:0000 DB:86 nvmxdizc V:261 H: 20 F:42
									8491A2 29 FF 00    AND #$00FF             A:0038 X:0E68 Y:0154 S:0116 D:0000 DB:86 nvmxdizc V:261 H: 33 F:42
									8491A5 A8          TAY                    A:0038 X:0E68 Y:0154 S:0116 D:0000 DB:86 nvmxdizc V:261 H: 37 F:42
									8491A6 EB          XBA                    A:0038 X:0E68 Y:0038 S:0116 D:0000 DB:86 nvmxdizc V:261 H: 40 F:42
									8491A7 0A          ASL A                  A:3800 X:0E68 Y:0038 S:0116 D:0000 DB:86 nvmxdiZc V:261 H: 45 F:42
									8491A8 18          CLC                    A:7000 X:0E68 Y:0038 S:0116 D:0000 DB:86 nvmxdizc V:261 H: 48 F:42
									8491A9 65 06       ADC $06       [000006] A:7000 X:0E68 Y:0038 S:0116 D:0000 DB:86 nvmxdizc V:261 H: 51 F:42
									8491AB AA          TAX                    A:7176 X:0E68 Y:0038 S:0116 D:0000 DB:86 nvmxdizc V:261 H: 58 F:42
									8491AC 60          RTS                    A:7176 X:7176 Y:0038 S:0116 D:0000 DB:86 nvmxdizc V:261 H: 61 F:42

								8490F9 BF 00 20 7E LDA $7E2000,X [7E9176] A:7176 X:7176 Y:0038 S:0118 D:0000 DB:86 nvmxdizc V:261 H: 71 F:42
								8490FD A8          TAY                    A:0133 X:7176 Y:0038 S:0118 D:0000 DB:86 nvmxdizc V:261 H: 81 F:42
								8490FE AD 92 0B    LDA $0B92     [860B92] A:0133 X:7176 Y:0133 S:0118 D:0000 DB:86 nvmxdizc V:261 H: 84 F:42
								849101 85 10       STA $10       [000010] A:DB57 X:7176 Y:0133 S:0118 D:0000 DB:86 Nvmxdizc V:261 H: 92 F:42
								849103 AD 94 0B    LDA $0B94     [860B94] A:DB57 X:7176 Y:0133 S:0118 D:0000 DB:86 Nvmxdizc V:261 H: 99 F:42
								849106 85 12       STA $12       [000012] A:B895 X:7176 Y:0133 S:0118 D:0000 DB:86 Nvmxdizc V:261 H:108 F:42
								849108 B7 10       LDA [$10],Y   [95DC8A] A:B895 X:7176 Y:0133 S:0118 D:0000 DB:86 Nvmxdizc V:261 H:115 F:42
								84910A 29 FF 00    AND #$00FF             A:3B3B X:7176 Y:0133 S:0118 D:0000 DB:86 nvmxdizc V:261 H:127 F:42
								84910D 28          PLP                    A:003B X:7176 Y:0133 S:0118 D:0000 DB:86 nvmxdizc V:261 H:131 F:42
								84910E FA          PLX                    A:003B X:7176 Y:0133 S:0119 D:0000 DB:86 nvMxdizc V:261 H:148 F:42
								84910F 2B          PLD                    A:003B X:0E68 Y:0133 S:011B D:0000 DB:86 nvMxdizc V:261 H:156 F:42
								849110 60          RTS                    A:003B X:0E68 Y:0133 S:011D D:0000 DB:86 nvMxdiZc V:261 H:165 F:42

							8495D3 95 2E       STA $2E,X     [000E96] A:003B X:0E68 Y:0133 S:011F D:0000 DB:86 nvMxdiZc V:261 H:175 F:42
							8495D5 85 18       STA $18       [000018] A:003B X:0E68 Y:0133 S:011F D:0000 DB:86 nvMxdiZc V:261 H:181 F:42
							8495D7 29 3F       AND #$3F               A:003B X:0E68 Y:0133 S:011F D:0000 DB:86 nvMxdiZc V:261 H:186 F:42
							8495D9 0A          ASL A                  A:003B X:0E68 Y:0133 S:011F D:0000 DB:86 nvMxdizc V:261 H:189 F:42
							8495DA EB          XBA                    A:0076 X:0E68 Y:0133 S:011F D:0000 DB:86 nvMxdizc V:261 H:192 F:42
							8495DB A9 00       LDA #$00               A:7600 X:0E68 Y:0133 S:011F D:0000 DB:86 nvMxdiZc V:261 H:197 F:42
							8495DD EB          XBA                    A:7600 X:0E68 Y:0133 S:011F D:0000 DB:86 nvMxdiZc V:261 H:200 F:42
							8495DE A8          TAY                    A:0076 X:0E68 Y:0133 S:011F D:0000 DB:86 nvMxdizc V:261 H:204 F:42
							8495DF 84 28       STY $28       [000028] A:0076 X:0E68 Y:0076 S:011F D:0000 DB:86 nvMxdizc V:261 H:207 F:42
							8495E1 86 2C       STX $2C       [00002C] A:0076 X:0E68 Y:0076 S:011F D:0000 DB:86 nvMxdizc V:261 H:214 F:42
							8495E3 68          PLA                    A:0076 X:0E68 Y:0076 S:011F D:0000 DB:86 nvMxdizc V:261 H:221 F:42
							8495E4 95 2A       STA $2A,X     [000E92] A:0012 X:0E68 Y:0076 S:0120 D:0000 DB:86 nvMxdizc V:261 H:228 F:42
							8495E6 A6 2C       LDX $2C       [00002C] A:0012 X:0E68 Y:0076 S:0120 D:0000 DB:86 nvMxdizc V:261 H:234 F:42
							8495E8 A9 FB       LDA #$FB               A:0012 X:0E68 Y:0076 S:0120 D:0000 DB:86 nvMxdizc V:261 H:241 F:42
							8495EA 35 2B       AND $2B,X     [000E93] A:00FB X:0E68 Y:0076 S:0120 D:0000 DB:86 NvMxdizc V:261 H:244 F:42
							8495EC 95 2B       STA $2B,X     [000E93] A:0000 X:0E68 Y:0076 S:0120 D:0000 DB:86 nvMxdiZc V:261 H:251 F:42
							8495EE 64 01       STZ $01       [000001] A:0000 X:0E68 Y:0076 S:0120 D:0000 DB:86 nvMxdiZc V:261 H:257 F:42
							8495F0 B5 2A       LDA $2A,X     [000E92] A:0000 X:0E68 Y:0076 S:0120 D:0000 DB:86 nvMxdiZc V:261 H:262 F:42
							8495F2 85 02       STA $02       [000002] A:0012 X:0E68 Y:0076 S:0120 D:0000 DB:86 nvMxdizc V:261 H:269 F:42
							8495F4 64 03       STZ $03       [000003] A:0012 X:0E68 Y:0076 S:0120 D:0000 DB:86 nvMxdizc V:261 H:274 F:42
							8495F6 B4 05       LDY $05,X     [000E6D] A:0012 X:0E68 Y:0076 S:0120 D:0000 DB:86 nvMxdizc V:261 H:279 F:42
							8495F8 84 10       STY $10       [000010] A:0012 X:0E68 Y:14BD S:0120 D:0000 DB:86 nvMxdizc V:261 H:287 F:42
							8495FA B4 08       LDY $08,X     [000E70] A:0012 X:0E68 Y:14BD S:0120 D:0000 DB:86 nvMxdizc V:261 H:294 F:42
							8495FC 84 12       STY $12       [000012] A:0012 X:0E68 Y:0A9D S:0120 D:0000 DB:86 nvMxdizc V:261 H:303 F:42
							8495FE A6 28       LDX $28       [000028] A:0012 X:0E68 Y:0A9D S:0120 D:0000 DB:86 nvMxdizc V:261 H:310 F:42
							849600 FC 1C 96    JSR ($961C,X) [849692] A:0012 X:0076 Y:0A9D S:0120 D:0000 DB:86 nvMxdizc V:261 H:317 F:42

								8496B5 A6 2C       LDX $2C       [00002C] A:0012 X:0076 Y:0A9D S:011E D:0000 DB:86 nvMxdizc V:261 H:329 F:42
								8496B7 A5 0E       LDA $0E       [00000E] A:0012 X:0E68 Y:0A9D S:011E D:0000 DB:86 nvMxdizc V:261 H:336 F:42
								8496B9 85 00       STA $00       [000000] A:0004 X:0E68 Y:0A9D S:011E D:0000 DB:86 nvMxdizc V:  0 H:  1 F:43
								8496BB 64 01       STZ $01       [000001] A:0004 X:0E68 Y:0A9D S:011E D:0000 DB:86 nvMxdizc V:  0 H:  6 F:43
								8496BD C2 20       REP #$20               A:0004 X:0E68 Y:0A9D S:011E D:0000 DB:86 nvMxdizc V:  0 H: 11 F:43
								8496BF A5 08       LDA $08       [000008] A:0004 X:0E68 Y:0A9D S:011E D:0000 DB:86 nvmxdizc V:  0 H: 15 F:43
								8496C1 29 7F 00    AND #$007F             A:FF84 X:0E68 Y:0A9D S:011E D:0000 DB:86 Nvmxdizc V:  0 H: 22 F:43
								8496C4 18          CLC                    A:0004 X:0E68 Y:0A9D S:011E D:0000 DB:86 nvmxdizc V:  0 H: 27 F:43
								8496C5 75 08       ADC $08,X     [000E70] A:0004 X:0E68 Y:0A9D S:011E D:0000 DB:86 nvmxdizc V:  0 H: 30 F:43
								8496C7 38          SEC                    A:0AA1 X:0E68 Y:0A9D S:011E D:0000 DB:86 nvmxdizc V:  0 H: 38 F:43
								8496C8 E5 00       SBC $00       [000000] A:0AA1 X:0E68 Y:0A9D S:011E D:0000 DB:86 nvmxdizC V:  0 H: 41 F:43
								8496CA 95 08       STA $08,X     [000E70] A:0A9D X:0E68 Y:0A9D S:011E D:0000 DB:86 nvmxdizC V:  0 H: 48 F:43
								8496CC E2 20       SEP #$20               A:0A9D X:0E68 Y:0A9D S:011E D:0000 DB:86 nvmxdizC V:  0 H: 57 F:43
								8496CE 74 2F       STZ $2F,X     [000E97] A:0A9D X:0E68 Y:0A9D S:011E D:0000 DB:86 nvMxdizC V:  0 H: 61 F:43
								8496D0 A9 01       LDA #$01               A:0A9D X:0E68 Y:0A9D S:011E D:0000 DB:86 nvMxdizC V:  0 H: 68 F:43
								8496D2 60          RTS                    A:0A01 X:0E68 Y:0A9D S:011E D:0000 DB:86 nvMxdizC V:  0 H: 71 F:43

							849603 F0 11       BEQ $0011     [849616] A:0A01 X:0E68 Y:0A9D S:0120 D:0000 DB:86 nvMxdizC V:  0 H: 81 F:43
							849605 A6 2C       LDX $2C       [00002C] A:0A01 X:0E68 Y:0A9D S:0120 D:0000 DB:86 nvMxdizC V:  0 H: 84 F:43
							849607 A9 04       LDA #$04               A:0A01 X:0E68 Y:0A9D S:0120 D:0000 DB:86 nvMxdizC V:  0 H: 91 F:43
							849609 15 2B       ORA $2B,X     [000E93] A:0A04 X:0E68 Y:0A9D S:0120 D:0000 DB:86 nvMxdizC V:  0 H: 94 F:43
							84960B 95 2B       STA $2B,X     [000E93] A:0A04 X:0E68 Y:0A9D S:0120 D:0000 DB:86 nvMxdizC V:  0 H:100 F:43
							84960D 20 4C 99    JSR $994C     [84994C] A:0A04 X:0E68 Y:0A9D S:0120 D:0000 DB:86 nvMxdizC V:  0 H:107 F:43

								84994C AD 1C 1F    LDA $1F1C     [861F1C] A:0A04 X:0E68 Y:0A9D S:011E D:0000 DB:86 nvMxdizC V:  0 H:117 F:43
								84994F 10 06       BPL $0006     [849957] A:0A00 X:0E68 Y:0A9D S:011E D:0000 DB:86 nvMxdiZC V:  0 H:123 F:43
								849957 60          RTS                    A:0A00 X:0E68 Y:0A9D S:011E D:0000 DB:86 nvMxdiZC V:  0 H:128 F:43

							849610 20 08 93    JSR $9308     [849308] A:0A00 X:0E68 Y:0A9D S:0120 D:0000 DB:86 nvMxdiZC V:  0 H:148 F:43

								849308 A5 14       LDA $14       [000014] A:0A00 X:0E68 Y:0A9D S:011E D:0000 DB:86 nvMxdiZC V:  0 H:158 F:43
								84930A F0 08       BEQ $0008     [849314] A:0A00 X:0E68 Y:0A9D S:011E D:0000 DB:86 nvMxdiZC V:  0 H:163 F:43
								849314 60          RTS                    A:0A00 X:0E68 Y:0A9D S:011E D:0000 DB:86 nvMxdiZC V:  0 H:167 F:43

							849613 A9 01       LDA #$01               A:0A00 X:0E68 Y:0A9D S:0120 D:0000 DB:86 nvMxdiZC V:  0 H:177 F:43
							849615 60          RTS                    A:0A01 X:0E68 Y:0A9D S:0120 D:0000 DB:86 nvMxdizC V:  0 H:180 F:43

						849275 D0 32       BNE $0032     [8492A9] A:0A01 X:0E68 Y:0A9D S:0122 D:0000 DB:86 nvMxdizC V:  0 H:190 F:43
						8492A9 C2 30       REP #$30               A:0A01 X:0E68 Y:0A9D S:0122 D:0000 DB:86 nvMxdizC V:  0 H:195 F:43
						8492AB 60          RTS                    A:0A01 X:0E68 Y:0A9D S:0122 D:0000 DB:86 nvmxdizC V:  0 H:199 F:43

					8491DB 2B          PLD                    A:0A01 X:0E68 Y:0A9D S:0124 D:0000 DB:86 nvmxdizC V:  0 H:209 F:43
					8491DC 28          PLP                    A:0A01 X:0E68 Y:0A9D S:0126 D:0E68 DB:86 nvmxdizC V:  0 H:218 F:43
					8491DD 6B          RTL                    A:0A01 X:0068 Y:009D S:0127 D:0E68 DB:86 nvMXdizc V:  0 H:224 F:43

				83BAC9 60          RTS                    A:0A01 X:0068 Y:009D S:012A D:0E68 DB:86 nvMXdizc V:  0 H:235 F:43			Return

			83B685 A5 34       LDA $34       [000E9C] A:0A01 X:0068 Y:009D S:012C D:0E68 DB:86 nvMXdizc V:  0 H:245 F:43
			83B687 F0 02       BEQ $0002     [83B68B] A:0A00 X:0068 Y:009D S:012C D:0E68 DB:86 nvMXdiZc V:  0 H:251 F:43				Branch because CD2 = #$00
			83B68B C6 3B       DEC $3B       [000EA3] A:0A00 X:0068 Y:009D S:012C D:0E68 DB:86 nvMXdiZc V:  0 H:256 F:43				Decrease E-CDGuard
			83B68D D0 0D       BNE $000D     [83B69C] A:0A00 X:0068 Y:009D S:012C D:0E68 DB:86 nvMXdiZc V:  0 H:266 F:43				Branch if E-CDGuard <> #$00
			83B68F A9 02       LDA #$02               A:0A00 X:0068 Y:009D S:012C D:0E68 DB:86 nvMXdiZc V:  0 H:269 F:43
			83B691 85 03       STA $03       [000E6B] A:0A02 X:0068 Y:009D S:012C D:0E68 DB:86 nvMXdizc V:  0 H:272 F:43				Subaction = #$02
			83B693 A9 01       LDA #$01               A:0A02 X:0068 Y:009D S:012C D:0E68 DB:86 nvMXdizc V:  0 H:278 F:43
			83B695 14 37       TRB $37       [000E9F] A:0A01 X:0068 Y:009D S:012C D:0E68 DB:86 nvMXdizc V:  0 H:281 F:43				E-GuardBit: Reset bit 01
			83B697 A9 00       LDA #$00               A:0A01 X:0068 Y:009D S:012C D:0E68 DB:86 nvMXdizc V:  0 H:291 F:43				a = A = #$00
			83B699 4C C8 B9    JMP $B9C8     [83B9C8] A:0A00 X:0068 Y:009D S:012C D:0E68 DB:86 nvMXdiZc V:  0 H:294 F:43				JMP $83B9C8 --> Armadillo CDSkeleton Load

			83B9C8 08          PHP                    A:0A00 X:0068 Y:009D S:012C D:0E68 DB:86 nvMXdiZc V:  0 H:299 F:43				Same routine and CDSkeleton as 04,00
			83B9C9 E2 30       SEP #$30               A:0A00 X:0068 Y:009D S:012B D:0E68 DB:86 nvMXdiZc V:  0 H:304 F:43
			83B9CB C9 0B       CMP #$0B               A:0A00 X:0068 Y:009D S:012B D:0E68 DB:86 nvMXdiZc V:  0 H:308 F:43
			83B9CD F0 1B       BEQ $001B     [83B9EA] A:0A00 X:0068 Y:009D S:012B D:0E68 DB:86 NvMXdizc V:  0 H:311 F:43
			83B9CF A6 33       LDX $33       [000E9B] A:0A00 X:0068 Y:009D S:012B D:0E68 DB:86 NvMXdizc V:  0 H:314 F:43
			83B9D1 F0 03       BEQ $0003     [83B9D6] A:0A00 X:0000 Y:009D S:012B D:0E68 DB:86 nvMXdiZc V:  0 H:321 F:43
			83B9D6 AA          TAX                    A:0A00 X:0000 Y:009D S:012B D:0E68 DB:86 nvMXdiZc V:  0 H:325 F:43
			83B9D7 BD 5D C9    LDA $C95D,X   [86C95D] A:0A00 X:0000 Y:009D S:012B D:0E68 DB:86 nvMXdiZc V:  0 H:327 F:43
			83B9DA A2 62       LDX #$62               A:0A07 X:0000 Y:009D S:012B D:0E68 DB:86 nvMXdizc V:  0 H:333 F:43
			83B9DC 86 16       STX $16       [000E7E] A:0A07 X:0062 Y:009D S:012B D:0E68 DB:86 nvMXdizc V:  0 H:336 F:43
			83B9DE 22 07 8F 84 JSL $848F07   [848F07] A:0A07 X:0062 Y:009D S:012B D:0E68 DB:86 nvMXdizc V:  1 H:  3 F:43

				848F07 08          PHP                    A:0A07 X:0062 Y:009D S:0128 D:0E68 DB:86 nvMXdizc V:  1 H: 16 F:43
				848F08 8B          PHB                    A:0A07 X:0062 Y:009D S:0127 D:0E68 DB:86 nvMXdizc V:  1 H: 21 F:43
				848F09 C2 30       REP #$30               A:0A07 X:0062 Y:009D S:0126 D:0E68 DB:86 nvMXdizc V:  1 H: 26 F:43
				848F0B 8D 0E 00    STA $000E     [86000E] A:0A07 X:0062 Y:009D S:0126 D:0E68 DB:86 nvmxdizc V:  1 H: 31 F:43
				848F0E A5 16       LDA $16       [000E7E] A:0A07 X:0062 Y:009D S:0126 D:0E68 DB:86 nvmxdizc V:  1 H: 39 F:43
				848F10 29 FF 00    AND #$00FF             A:9762 X:0062 Y:009D S:0126 D:0E68 DB:86 Nvmxdizc V:  1 H: 48 F:43
				848F13 8D 0C 00    STA $000C     [86000C] A:0062 X:0062 Y:009D S:0126 D:0E68 DB:86 nvmxdizc V:  1 H: 52 F:43
				848F16 0A          ASL A                  A:0062 X:0062 Y:009D S:0126 D:0E68 DB:86 nvmxdizc V:  1 H: 61 F:43
				848F17 18          CLC                    A:00C4 X:0062 Y:009D S:0126 D:0E68 DB:86 nvmxdizc V:  1 H: 64 F:43
				848F18 6D 0C 00    ADC $000C     [86000C] A:00C4 X:0062 Y:009D S:0126 D:0E68 DB:86 nvmxdizc V:  1 H: 67 F:43
				848F1B AA          TAX                    A:0126 X:0062 Y:009D S:0126 D:0E68 DB:86 nvmxdizc V:  1 H: 75 F:43
				848F1C BF 00 A0 AF LDA $AFA000,X [AFA126] A:0126 X:0126 Y:009D S:0126 D:0E68 DB:86 nvmxdizc V:  1 H: 78 F:43
				848F20 85 14       STA $14       [000E7C] A:CCB8 X:0126 Y:009D S:0126 D:0E68 DB:86 Nvmxdizc V:  1 H: 87 F:43
				848F22 E2 20       SEP #$20               A:CCB8 X:0126 Y:009D S:0126 D:0E68 DB:86 Nvmxdizc V:  1 H: 96 F:43
				848F24 BF 02 A0 AF LDA $AFA002,X [AFA128] A:CCB8 X:0126 Y:009D S:0126 D:0E68 DB:86 NvMxdizc V:  1 H:100 F:43
				848F28 48          PHA                    A:CCAF X:0126 Y:009D S:0126 D:0E68 DB:86 NvMxdizc V:  1 H:108 F:43
				848F29 AB          PLB                    A:CCAF X:0126 Y:009D S:0125 D:0E68 DB:86 NvMxdizc V:  1 H:113 F:43
				848F2A C2 20       REP #$20               A:CCAF X:0126 Y:009D S:0126 D:0E68 DB:AF NvMxdizc V:  1 H:119 F:43
				848F2C AD 0E 00    LDA $000E     [AF000E] A:CCAF X:0126 Y:009D S:0126 D:0E68 DB:AF Nvmxdizc V:  1 H:124 F:43
				848F2F 29 FF 00    AND #$00FF             A:0A07 X:0126 Y:009D S:0126 D:0E68 DB:AF nvmxdizc V:  1 H:132 F:43
				848F32 0A          ASL A                  A:0007 X:0126 Y:009D S:0126 D:0E68 DB:AF nvmxdizc V:  1 H:147 F:43
				848F33 A8          TAY                    A:000E X:0126 Y:009D S:0126 D:0E68 DB:AF nvmxdizc V:  1 H:150 F:43
				848F34 B1 14       LDA ($14),Y   [AFCCC6] A:000E X:0126 Y:000E S:0126 D:0E68 DB:AF nvmxdizc V:  1 H:153 F:43
				848F36 65 14       ADC $14       [000E7C] A:0084 X:0126 Y:000E S:0126 D:0E68 DB:AF nvmxdizc V:  1 H:166 F:43
				848F38 85 14       STA $14       [000E7C] A:CD3C X:0126 Y:000E S:0126 D:0E68 DB:AF Nvmxdizc V:  1 H:174 F:43
				848F3A E2 30       SEP #$30               A:CD3C X:0126 Y:000E S:0126 D:0E68 DB:AF Nvmxdizc V:  1 H:183 F:43
				848F3C B2 14       LDA ($14)     [AFCD3C] A:CD3C X:0026 Y:000E S:0126 D:0E68 DB:AF NvMXdizc V:  1 H:187 F:43
				848F3E 85 13       STA $13       [000E7B] A:CD14 X:0026 Y:000E S:0126 D:0E68 DB:AF nvMXdizc V:  1 H:197 F:43
				848F40 A0 01       LDY #$01               A:CD14 X:0026 Y:000E S:0126 D:0E68 DB:AF nvMXdizc V:  1 H:204 F:43
				848F42 B1 14       LDA ($14),Y   [AFCD3D] A:CD14 X:0026 Y:0001 S:0126 D:0E68 DB:AF nvMXdizc V:  1 H:207 F:43
				848F44 85 0F       STA $0F       [000E77] A:CD80 X:0026 Y:0001 S:0126 D:0E68 DB:AF NvMXdizc V:  1 H:217 F:43
				848F46 C8          INY                    A:CD80 X:0026 Y:0001 S:0126 D:0E68 DB:AF NvMXdizc V:  1 H:223 F:43
				848F47 B1 14       LDA ($14),Y   [AFCD3E] A:CD80 X:0026 Y:0002 S:0126 D:0E68 DB:AF nvMXdizc V:  1 H:226 F:43
				848F49 85 17       STA $17       [000E7F] A:CD0B X:0026 Y:0002 S:0126 D:0E68 DB:AF nvMXdizc V:  1 H:236 F:43
				848F4B A9 80       LDA #$80               A:CD0B X:0026 Y:0002 S:0126 D:0E68 DB:AF nvMXdizc V:  1 H:243 F:43
				848F4D 04 17       TSB $17       [000E7F] A:CD80 X:0026 Y:0002 S:0126 D:0E68 DB:AF NvMXdizc V:  1 H:246 F:43
				848F4F AB          PLB                    A:CD80 X:0026 Y:0002 S:0126 D:0E68 DB:AF NvMXdiZc V:  1 H:256 F:43
				848F50 28          PLP                    A:CD80 X:0026 Y:0002 S:0127 D:0E68 DB:86 NvMXdizc V:  1 H:262 F:43
				848F51 6B          RTL                    A:CD80 X:0026 Y:0002 S:0128 D:0E68 DB:86 nvMXdizc V:  1 H:269 F:43

			83B9E2 A9 01       LDA #$01               A:CD80 X:0026 Y:0002 S:012B D:0E68 DB:86 nvMXdizc V:  1 H:279 F:43
			83B9E4 04 11       TSB $11       [000E79] A:CD01 X:0026 Y:0002 S:012B D:0E68 DB:86 nvMXdizc V:  1 H:282 F:43
			83B9E6 64 18       STZ $18       [000E80] A:CD01 X:0026 Y:0002 S:012B D:0E68 DB:86 nvMXdizc V:  1 H:292 F:43
			83B9E8 28          PLP                    A:CD01 X:0026 Y:0002 S:012B D:0E68 DB:86 nvMXdizc V:  1 H:299 F:43
			83B9E9 60          RTS                    A:CD01 X:0026 Y:0002 S:012C D:0E68 DB:86 nvMXdiZc V:  1 H:305 F:43

		83B2ED A5 27       LDA $27       [000E8F] A:CD01 X:0026 Y:0002 S:012E D:0E68 DB:86 nvMXdiZc V:  1 H:315 F:43