80D4F6 20 30 D5    JSR $D530     [80D530] A:0E01 X:0000 Y:0002 S:0133 D:0E68 DB:86 nvMXdizC V:256 H: 63 F:31

	80D530 C2 20       REP #$20               A:0E01 X:0000 Y:0002 S:0131 D:0E68 DB:86 nvMXdizC V:256 H: 73 F:31
	80D532 A5 05       LDA $05       [000E6D] A:0E01 X:0000 Y:0002 S:0131 D:0E68 DB:86 nvmXdizC V:256 H: 77 F:31
	80D534 85 22       STA $22       [000E8A] A:1476 X:0000 Y:0002 S:0131 D:0E68 DB:86 nvmXdizC V:256 H: 86 F:31
	80D536 A5 08       LDA $08       [000E70] A:1476 X:0000 Y:0002 S:0131 D:0E68 DB:86 nvmXdizC V:256 H: 94 F:31
	80D538 85 24       STA $24       [000E8C] A:0A9D X:0000 Y:0002 S:0131 D:0E68 DB:86 nvmXdizC V:256 H:103 F:31
	80D53A E2 20       SEP #$20               A:0A9D X:0000 Y:0002 S:0131 D:0E68 DB:86 nvmXdizC V:256 H:111 F:31
	80D53C A9 80       LDA #$80               A:0A9D X:0000 Y:0002 S:0131 D:0E68 DB:86 nvMXdizC V:256 H:116 F:31
	80D53E 14 0E       TRB $0E       [000E76] A:0A80 X:0000 Y:0002 S:0131 D:0E68 DB:86 NvMXdizC V:256 H:119 F:31
	80D540 A5 0A       LDA $0A       [000E72] A:0A80 X:0000 Y:0002 S:0131 D:0E68 DB:86 NvMXdizC V:256 H:129 F:31
	80D542 0A          ASL A                  A:0A14 X:0000 Y:0002 S:0131 D:0E68 DB:86 nvMXdizC V:256 H:145 F:31
	80D543 AA          TAX                    A:0A28 X:0000 Y:0002 S:0131 D:0E68 DB:86 nvMXdizc V:256 H:148 F:31
	80D544 7C DD F8    JMP ($F8DD,X) [80F905] A:0A28 X:0028 Y:0002 S:0131 D:0E68 DB:86 nvMXdizc V:256 H:151 F:31

	80FA15 22 44 B1 83 JSL $83B144   [83B144] A:0A28 X:0028 Y:0002 S:0131 D:0E68 DB:86 nvMXdizc V:256 H:160 F:31

		83B144 A6 01       LDX $01       [000E69] A:0A28 X:0028 Y:0002 S:012E D:0E68 DB:86 nvMXdizc V:256 H:174 F:31
		83B146 7C 49 B1    JMP ($B149,X) [83B14D] A:0A28 X:0004 Y:0002 S:012E D:0E68 DB:86 nvMXdizc V:256 H:180 F:31

		83B2E8 A6 02       LDX $02       [000E6A] A:0A28 X:0004 Y:0002 S:012E D:0E68 DB:86 nvMXdizc V:256 H:189 F:31
		83B2EA FC DA B3    JSR ($B3DA,X) [83B3DE] A:0A28 X:0004 Y:0002 S:012E D:0E68 DB:86 nvMXdizc V:256 H:196 F:31

			83B5F5 A6 03       LDX $03       [000E6B] A:0A28 X:0004 Y:0002 S:012C D:0E68 DB:86 nvMXdizc V:256 H:209 F:31
			83B5F7 7C FA B5    JMP ($B5FA,X) [83B5FC] A:0A28 X:0002 Y:0002 S:012C D:0E68 DB:86 nvMXdizc V:256 H:215 F:31

			83B60E 22 A5 AC 84 JSL $84ACA5   [84ACA5] A:0A28 X:0002 Y:0002 S:012C D:0E68 DB:86 nvMXdizc V:256 H:224 F:31		JSL $84ACA5 --> Update Facing (40 bit)

				84ACA5 08          PHP                    A:0A28 X:0002 Y:0002 S:0129 D:0E68 DB:86 nvMXdizc V:256 H:238 F:31
				84ACA6 E2 20       SEP #$20               A:0A28 X:0002 Y:0002 S:0128 D:0E68 DB:86 nvMXdizc V:256 H:243 F:31
				84ACA8 A9 40       LDA #$40               A:0A28 X:0002 Y:0002 S:0128 D:0E68 DB:86 nvMXdizc V:256 H:247 F:31
				84ACAA 14 11       TRB $11       [000E79] A:0A40 X:0002 Y:0002 S:0128 D:0E68 DB:86 nvMXdizc V:256 H:250 F:31
				84ACAC C2 20       REP #$20               A:0A40 X:0002 Y:0002 S:0128 D:0E68 DB:86 nvMXdiZc V:256 H:260 F:31
				84ACAE AD AD 0B    LDA $0BAD     [860BAD] A:0A40 X:0002 Y:0002 S:0128 D:0E68 DB:86 nvmXdiZc V:256 H:265 F:31
				84ACB1 38          SEC                    A:1417 X:0002 Y:0002 S:0128 D:0E68 DB:86 nvmXdizc V:256 H:273 F:31
				84ACB2 E5 05       SBC $05       [000E6D] A:1417 X:0002 Y:0002 S:0128 D:0E68 DB:86 nvmXdizC V:256 H:276 F:31
				84ACB4 E2 20       SEP #$20               A:FFA1 X:0002 Y:0002 S:0128 D:0E68 DB:86 NvmXdizc V:256 H:285 F:31
				84ACB6 A9 00       LDA #$00               A:FFA1 X:0002 Y:0002 S:0128 D:0E68 DB:86 NvMXdizc V:256 H:289 F:31
				84ACB8 6A          ROR A                  A:FF00 X:0002 Y:0002 S:0128 D:0E68 DB:86 nvMXdiZc V:256 H:292 F:31
				84ACB9 4A          LSR A                  A:FF00 X:0002 Y:0002 S:0128 D:0E68 DB:86 nvMXdiZc V:256 H:295 F:31
				84ACBA 04 11       TSB $11       [000E79] A:FF00 X:0002 Y:0002 S:0128 D:0E68 DB:86 nvMXdiZc V:256 H:298 F:31
				84ACBC 28          PLP                    A:FF00 X:0002 Y:0002 S:0128 D:0E68 DB:86 nvMXdiZc V:256 H:308 F:31
				84ACBD 6B          RTL                    A:FF00 X:0002 Y:0002 S:0129 D:0E68 DB:86 nvMXdizc V:256 H:315 F:31

			83B612 20 20 BA    JSR $BA20     [83BA20] A:FF00 X:0002 Y:0002 S:012C D:0E68 DB:86 nvMXdizc V:256 H:325 F:31		JSL $83BA20 --> X = First empty MMXShotData,Z=1

				83BA20 A5 33       LDA $33       [000E9B] A:FF00 X:0002 Y:0002 S:012A D:0E68 DB:86 nvMXdizc V:256 H:334 F:31
				83BA22 F0 03       BEQ $0003     [83BA27] A:FF00 X:0002 Y:0002 S:012A D:0E68 DB:86 nvMXdiZc V:257 H:  1 F:31
				83BA27 C2 10       REP #$10               A:FF00 X:0002 Y:0002 S:012A D:0E68 DB:86 nvMXdiZc V:257 H:  5 F:31
				83BA29 A2 28 12    LDX #$1228             A:FF00 X:0002 Y:0002 S:012A D:0E68 DB:86 nvMxdiZc V:257 H: 10 F:31
				83BA2C E2 20       SEP #$20               A:FF00 X:1228 Y:0002 S:012A D:0E68 DB:86 nvMxdizc V:257 H: 14 F:31
				83BA2E BD 00 00    LDA $0000,X   [861228] A:FF00 X:1228 Y:0002 S:012A D:0E68 DB:86 nvMxdizc V:257 H: 19 F:31
				83BA31 F0 54       BEQ $0054     [83BA87] A:FF01 X:1228 Y:0002 S:012A D:0E68 DB:86 nvMxdizc V:257 H: 27 F:31
				83BA33 BD 30 00    LDA $0030,X   [861258] A:FF01 X:1228 Y:0002 S:012A D:0E68 DB:86 nvMxdizc V:257 H: 30 F:31
				83BA36 D0 4F       BNE $004F     [83BA87] A:FF00 X:1228 Y:0002 S:012A D:0E68 DB:86 nvMxdiZc V:257 H: 38 F:31
				83BA38 BD 2C 00    LDA $002C,X   [861254] A:FF00 X:1228 Y:0002 S:012A D:0E68 DB:86 nvMxdiZc V:257 H: 41 F:31
				83BA3B D0 4A       BNE $004A     [83BA87] A:FF00 X:1228 Y:0002 S:012A D:0E68 DB:86 nvMxdiZc V:257 H: 49 F:31
				83BA3D C2 20       REP #$20               A:FF00 X:1228 Y:0002 S:012A D:0E68 DB:86 nvMxdiZc V:257 H: 52 F:31
				83BA3F BD 20 00    LDA $0020,X   [861248] A:FF00 X:1228 Y:0002 S:012A D:0E68 DB:86 nvmxdiZc V:257 H: 56 F:31
				83BA42 A8          TAY                    A:BF34 X:1228 Y:0002 S:012A D:0E68 DB:86 Nvmxdizc V:257 H: 66 F:31
				83BA43 B9 00 00    LDA $0000,Y   [86BF34] A:BF34 X:1228 Y:BF34 S:012A D:0E68 DB:86 Nvmxdizc V:257 H: 69 F:31
				83BA46 29 FF 00    AND #$00FF             A:0000 X:1228 Y:BF34 S:012A D:0E68 DB:86 nvmxdiZc V:257 H: 78 F:31
				83BA49 89 80 00    BIT #$0080             A:0000 X:1228 Y:BF34 S:012A D:0E68 DB:86 nvmxdiZc V:257 H: 83 F:31
				83BA4C F0 03       BEQ $0003     [83BA51] A:0000 X:1228 Y:BF34 S:012A D:0E68 DB:86 nvmxdiZc V:257 H: 87 F:31
				83BA51 48          PHA                    A:0000 X:1228 Y:BF34 S:012A D:0E68 DB:86 nvmxdiZc V:257 H: 92 F:31
				83BA52 BD 11 00    LDA $0011,X   [861239] A:0000 X:1228 Y:BF34 S:0128 D:0E68 DB:86 nvmxdiZc V:257 H: 99 F:31
				83BA55 EB          XBA                    A:0066 X:1228 Y:BF34 S:0128 D:0E68 DB:86 nvmxdizc V:257 H:109 F:31
				83BA56 0A          ASL A                  A:6600 X:1228 Y:BF34 S:0128 D:0E68 DB:86 nvmxdiZc V:257 H:113 F:31
				83BA57 0A          ASL A                  A:CC00 X:1228 Y:BF34 S:0128 D:0E68 DB:86 Nvmxdizc V:257 H:116 F:31
				83BA58 68          PLA                    A:9800 X:1228 Y:BF34 S:0128 D:0E68 DB:86 NvmxdizC V:257 H:119 F:31
				83BA59 90 04       BCC $0004     [83BA5F] A:0000 X:1228 Y:BF34 S:012A D:0E68 DB:86 nvmxdiZC V:257 H:128 F:31
				83BA5B 49 FF FF    EOR #$FFFF             A:0000 X:1228 Y:BF34 S:012A D:0E68 DB:86 nvmxdiZC V:257 H:131 F:31
				83BA5E 1A          INC                    A:FFFF X:1228 Y:BF34 S:012A D:0E68 DB:86 NvmxdizC V:257 H:145 F:31
				83BA5F 18          CLC                    A:0000 X:1228 Y:BF34 S:012A D:0E68 DB:86 nvmxdiZC V:257 H:148 F:31
				83BA60 7D 05 00    ADC $0005,X   [86122D] A:0000 X:1228 Y:BF34 S:012A D:0E68 DB:86 nvmxdiZc V:257 H:151 F:31
				83BA63 38          SEC                    A:1427 X:1228 Y:BF34 S:012A D:0E68 DB:86 nvmxdizc V:257 H:161 F:31
				83BA64 E5 05       SBC $05       [000E6D] A:1427 X:1228 Y:BF34 S:012A D:0E68 DB:86 nvmxdizC V:257 H:164 F:31
				83BA66 B0 04       BCS $0004     [83BA6C] A:FFB1 X:1228 Y:BF34 S:012A D:0E68 DB:86 Nvmxdizc V:257 H:173 F:31
				83BA68 49 FF FF    EOR #$FFFF             A:FFB1 X:1228 Y:BF34 S:012A D:0E68 DB:86 Nvmxdizc V:257 H:176 F:31
				83BA6B 1A          INC                    A:004E X:1228 Y:BF34 S:012A D:0E68 DB:86 nvmxdizc V:257 H:180 F:31
				83BA6C C9 50 00    CMP #$0050             A:004F X:1228 Y:BF34 S:012A D:0E68 DB:86 nvmxdizc V:257 H:183 F:31
				83BA6F B0 16       BCS $0016     [83BA87] A:004F X:1228 Y:BF34 S:012A D:0E68 DB:86 Nvmxdizc V:257 H:188 F:31
				83BA71 A5 08       LDA $08       [000E70] A:004F X:1228 Y:BF34 S:012A D:0E68 DB:86 Nvmxdizc V:257 H:191 F:31
				83BA73 38          SEC                    A:0A9D X:1228 Y:BF34 S:012A D:0E68 DB:86 nvmxdizc V:257 H:199 F:31
				83BA74 FD 08 00    SBC $0008,X   [861230] A:0A9D X:1228 Y:BF34 S:012A D:0E68 DB:86 nvmxdizC V:257 H:202 F:31
				83BA77 B0 04       BCS $0004     [83BA7D] A:0001 X:1228 Y:BF34 S:012A D:0E68 DB:86 nvmxdizC V:257 H:212 F:31
				83BA7D C9 24 00    CMP #$0024             A:0001 X:1228 Y:BF34 S:012A D:0E68 DB:86 nvmxdizC V:257 H:217 F:31
				83BA80 B0 05       BCS $0005     [83BA87] A:0001 X:1228 Y:BF34 S:012A D:0E68 DB:86 Nvmxdizc V:257 H:221 F:31
				83BA82 FE 2C 00    INC $002C,X   [861254] A:0001 X:1228 Y:BF34 S:012A D:0E68 DB:86 Nvmxdizc V:257 H:224 F:31
				83BA85 80 12       BRA $0012     [83BA99] A:0001 X:1228 Y:BF34 S:012A D:0E68 DB:86 nvmxdizc V:257 H:240 F:31
				83BA99 E2 30       SEP #$30               A:0001 X:1228 Y:BF34 S:012A D:0E68 DB:86 nvmxdizc V:257 H:244 F:31
				83BA9B 22 86 90 84 JSL $849086   [849086] A:0001 X:0028 Y:0034 S:012A D:0E68 DB:86 nvMXdizc V:257 H:249 F:31

					849086 08          PHP                    A:0001 X:0028 Y:0034 S:0127 D:0E68 DB:86 nvMXdizc V:257 H:262 F:31
					849087 C2 20       REP #$20               A:0001 X:0028 Y:0034 S:0126 D:0E68 DB:86 nvMXdizc V:257 H:267 F:31
					849089 AD A6 0B    LDA $0BA6     [860BA6] A:0001 X:0028 Y:0034 S:0126 D:0E68 DB:86 nvmXdizc V:257 H:272 F:31
					84908C 0A          ASL A                  A:25E7 X:0028 Y:0034 S:0126 D:0E68 DB:86 nvmXdizc V:257 H:280 F:31
					84908D 18          CLC                    A:4BCE X:0028 Y:0034 S:0126 D:0E68 DB:86 nvmXdizc V:257 H:283 F:31
					84908E 6D A6 0B    ADC $0BA6     [860BA6] A:4BCE X:0028 Y:0034 S:0126 D:0E68 DB:86 nvmXdizc V:257 H:286 F:31
					849091 EB          XBA                    A:71B5 X:0028 Y:0034 S:0126 D:0E68 DB:86 nvmXdizc V:257 H:295 F:31
					849092 E2 20       SEP #$20               A:B571 X:0028 Y:0034 S:0126 D:0E68 DB:86 nvmXdizc V:257 H:299 F:31
					849094 8D A7 0B    STA $0BA7     [860BA7] A:B571 X:0028 Y:0034 S:0126 D:0E68 DB:86 nvMXdizc V:257 H:304 F:31
					849097 18          CLC                    A:B571 X:0028 Y:0034 S:0126 D:0E68 DB:86 nvMXdizc V:257 H:310 F:31
					849098 6D A6 0B    ADC $0BA6     [860BA6] A:B571 X:0028 Y:0034 S:0126 D:0E68 DB:86 nvMXdizc V:257 H:313 F:31
					84909B 8D A6 0B    STA $0BA6     [860BA6] A:B558 X:0028 Y:0034 S:0126 D:0E68 DB:86 nvMXdizC V:257 H:320 F:31
					84909E 28          PLP                    A:B558 X:0028 Y:0034 S:0126 D:0E68 DB:86 nvMXdizC V:257 H:326 F:31
					84909F 6B          RTL                    A:B558 X:0028 Y:0034 S:0127 D:0E68 DB:86 nvMXdizc V:257 H:332 F:31

				83BA9F 29 0F       AND #$0F               A:B558 X:0028 Y:0034 S:012A D:0E68 DB:86 nvMXdizc V:258 H:  2 F:31
				83BAA1 C9 04       CMP #$04               A:B508 X:0028 Y:0034 S:012A D:0E68 DB:86 nvMXdizc V:258 H:  5 F:31
				83BAA3 90 EF       BCC $00EF     [83BA94] A:B508 X:0028 Y:0034 S:012A D:0E68 DB:86 nvMXdizC V:258 H:  8 F:31
				83BAA5 64 3C       STZ $3C       [000EA4] A:B508 X:0028 Y:0034 S:012A D:0E68 DB:86 nvMXdizC V:258 H: 11 F:31
				83BAA7 A9 01       LDA #$01               A:B508 X:0028 Y:0034 S:012A D:0E68 DB:86 nvMXdizC V:258 H: 18 F:31
				83BAA9 60          RTS                    A:B501 X:0028 Y:0034 S:012A D:0E68 DB:86 nvMXdizC V:258 H: 21 F:31

			83B615 F0 11       BEQ $0011     [83B628] A:B501 X:0028 Y:0034 S:012C D:0E68 DB:86 nvMXdizC V:258 H: 31 F:31		Branch if A = #$00 --> No MMXShotData exists
			83B617 A9 04       LDA #$04               A:B501 X:0028 Y:0034 S:012C D:0E68 DB:86 nvMXdizC V:258 H: 34 F:31
			83B619 85 03       STA $03       [000E6B] A:B504 X:0028 Y:0034 S:012C D:0E68 DB:86 nvMXdizC V:258 H: 37 F:31		Subaction = #$04
			83B61B A9 01       LDA #$01               A:B504 X:0028 Y:0034 S:012C D:0E68 DB:86 nvMXdizC V:258 H: 43 F:31
			83B61D 04 37       TSB $37       [000E9F] A:B501 X:0028 Y:0034 S:012C D:0E68 DB:86 nvMXdizC V:258 H: 46 F:31		E-GuardBit: Set bit #$01
			83B61F A9 1E       LDA #$1E               A:B501 X:0028 Y:0034 S:012C D:0E68 DB:86 nvMXdiZC V:258 H: 56 F:31
			83B621 85 3B       STA $3B       [000EA3] A:B51E X:0028 Y:0034 S:012C D:0E68 DB:86 nvMXdizC V:258 H: 59 F:31		E-CDGuard = #$1E
			83B623 A9 09       LDA #$09               A:B51E X:0028 Y:0034 S:012C D:0E68 DB:86 nvMXdizC V:258 H: 66 F:31		A = a = #$09
			83B625 4C C8 B9    JMP $B9C8     [83B9C8] A:B509 X:0028 Y:0034 S:012C D:0E68 DB:86 nvMXdizC V:258 H: 69 F:31		JMP $83B9C8 --> Armadillo CDSkeleton Load

			83B9C8 08          PHP                    A:B509 X:0028 Y:0034 S:012C D:0E68 DB:86 nvMXdizC V:258 H: 73 F:31
			83B9C9 E2 30       SEP #$30               A:B509 X:0028 Y:0034 S:012B D:0E68 DB:86 nvMXdizC V:258 H: 78 F:31
			83B9CB C9 0B       CMP #$0B               A:B509 X:0028 Y:0034 S:012B D:0E68 DB:86 nvMXdizC V:258 H: 83 F:31
			83B9CD F0 1B       BEQ $001B     [83B9EA] A:B509 X:0028 Y:0034 S:012B D:0E68 DB:86 NvMXdizc V:258 H: 86 F:31		Branch if a = #$09
			83B9CF A6 33       LDX $33       [000E9B] A:B509 X:0028 Y:0034 S:012B D:0E68 DB:86 NvMXdizc V:258 H: 89 F:31
			83B9D1 F0 03       BEQ $0003     [83B9D6] A:B509 X:0000 Y:0034 S:012B D:0E68 DB:86 nvMXdiZc V:258 H: 95 F:31		Branch because E-$33 = #$00
			83B9D6 AA          TAX                    A:B509 X:0000 Y:0034 S:012B D:0E68 DB:86 nvMXdiZc V:258 H:100 F:31
			83B9D7 BD 5D C9    LDA $C95D,X   [86C966] A:B509 X:0009 Y:0034 S:012B D:0E68 DB:86 nvMXdizc V:258 H:103 F:31		A = [$86C95D,a] = [$86C966] = #$0F
			83B9DA A2 62       LDX #$62               A:B50F X:0009 Y:0034 S:012B D:0E68 DB:86 nvMXdizc V:258 H:109 F:31		X = #$62
			83B9DC 86 16       STX $16       [000E7E] A:B50F X:0062 Y:0034 S:012B D:0E68 DB:86 nvMXdizc V:258 H:112 F:31
			83B9DE 22 07 8F 84 JSL $848F07   [848F07] A:B50F X:0062 Y:0034 S:012B D:0E68 DB:86 nvMXdizc V:258 H:118 F:31		JSL $848F07 --> Skeleton Load (SkelPoint = #$62, A=#$0F)

				848F07 08          PHP                    A:B50F X:0062 Y:0034 S:0128 D:0E68 DB:86 nvMXdizc V:258 H:132 F:31
				848F08 8B          PHB                    A:B50F X:0062 Y:0034 S:0127 D:0E68 DB:86 nvMXdizc V:258 H:147 F:31
				848F09 C2 30       REP #$30               A:B50F X:0062 Y:0034 S:0126 D:0E68 DB:86 nvMXdizc V:258 H:152 F:31
				848F0B 8D 0E 00    STA $000E     [86000E] A:B50F X:0062 Y:0034 S:0126 D:0E68 DB:86 nvmxdizc V:258 H:156 F:31
				848F0E A5 16       LDA $16       [000E7E] A:B50F X:0062 Y:0034 S:0126 D:0E68 DB:86 nvmxdizc V:258 H:165 F:31
				848F10 29 FF 00    AND #$00FF             A:8B62 X:0062 Y:0034 S:0126 D:0E68 DB:86 Nvmxdizc V:258 H:173 F:31
				848F13 8D 0C 00    STA $000C     [86000C] A:0062 X:0062 Y:0034 S:0126 D:0E68 DB:86 nvmxdizc V:258 H:178 F:31
				848F16 0A          ASL A                  A:0062 X:0062 Y:0034 S:0126 D:0E68 DB:86 nvmxdizc V:258 H:186 F:31
				848F17 18          CLC                    A:00C4 X:0062 Y:0034 S:0126 D:0E68 DB:86 nvmxdizc V:258 H:189 F:31
				848F18 6D 0C 00    ADC $000C     [86000C] A:00C4 X:0062 Y:0034 S:0126 D:0E68 DB:86 nvmxdizc V:258 H:192 F:31
				848F1B AA          TAX                    A:0126 X:0062 Y:0034 S:0126 D:0E68 DB:86 nvmxdizc V:258 H:201 F:31
				848F1C BF 00 A0 AF LDA $AFA000,X [AFA126] A:0126 X:0126 Y:0034 S:0126 D:0E68 DB:86 nvmxdizc V:258 H:204 F:31
				848F20 85 14       STA $14       [000E7C] A:CCB8 X:0126 Y:0034 S:0126 D:0E68 DB:86 Nvmxdizc V:258 H:213 F:31
				848F22 E2 20       SEP #$20               A:CCB8 X:0126 Y:0034 S:0126 D:0E68 DB:86 Nvmxdizc V:258 H:221 F:31
				848F24 BF 02 A0 AF LDA $AFA002,X [AFA128] A:CCB8 X:0126 Y:0034 S:0126 D:0E68 DB:86 NvMxdizc V:258 H:226 F:31
				848F28 48          PHA                    A:CCAF X:0126 Y:0034 S:0126 D:0E68 DB:86 NvMxdizc V:258 H:233 F:31
				848F29 AB          PLB                    A:CCAF X:0126 Y:0034 S:0125 D:0E68 DB:86 NvMxdizc V:258 H:238 F:31
				848F2A C2 20       REP #$20               A:CCAF X:0126 Y:0034 S:0126 D:0E68 DB:AF NvMxdizc V:258 H:245 F:31
				848F2C AD 0E 00    LDA $000E     [AF000E] A:CCAF X:0126 Y:0034 S:0126 D:0E68 DB:AF Nvmxdizc V:258 H:249 F:31
				848F2F 29 FF 00    AND #$00FF             A:B50F X:0126 Y:0034 S:0126 D:0E68 DB:AF Nvmxdizc V:258 H:258 F:31
				848F32 0A          ASL A                  A:000F X:0126 Y:0034 S:0126 D:0E68 DB:AF nvmxdizc V:258 H:262 F:31
				848F33 A8          TAY                    A:001E X:0126 Y:0034 S:0126 D:0E68 DB:AF nvmxdizc V:258 H:265 F:31
				848F34 B1 14       LDA ($14),Y   [AFCCD6] A:001E X:0126 Y:001E S:0126 D:0E68 DB:AF nvmxdizc V:258 H:268 F:31
				848F36 65 14       ADC $14       [000E7C] A:0127 X:0126 Y:001E S:0126 D:0E68 DB:AF nvmxdizc V:258 H:281 F:31
				848F38 85 14       STA $14       [000E7C] A:CDDF X:0126 Y:001E S:0126 D:0E68 DB:AF Nvmxdizc V:258 H:290 F:31
				848F3A E2 30       SEP #$30               A:CDDF X:0126 Y:001E S:0126 D:0E68 DB:AF Nvmxdizc V:258 H:298 F:31
				848F3C B2 14       LDA ($14)     [AFCDDF] A:CDDF X:0026 Y:001E S:0126 D:0E68 DB:AF NvMXdizc V:258 H:303 F:31	Skeleton start: [AFCDDF]
				848F3E 85 13       STA $13       [000E7B] A:CD10 X:0026 Y:001E S:0126 D:0E68 DB:AF nvMXdizc V:258 H:313 F:31
				848F40 A0 01       LDY #$01               A:CD10 X:0026 Y:001E S:0126 D:0E68 DB:AF nvMXdizc V:258 H:319 F:31
				848F42 B1 14       LDA ($14),Y   [AFCDE0] A:CD10 X:0026 Y:0001 S:0126 D:0E68 DB:AF nvMXdizc V:258 H:322 F:31
				848F44 85 0F       STA $0F       [000E77] A:CD80 X:0026 Y:0001 S:0126 D:0E68 DB:AF NvMXdizc V:258 H:331 F:31
				848F46 C8          INY                    A:CD80 X:0026 Y:0001 S:0126 D:0E68 DB:AF NvMXdizc V:258 H:338 F:31
				848F47 B1 14       LDA ($14),Y   [AFCDE1] A:CD80 X:0026 Y:0002 S:0126 D:0E68 DB:AF nvMXdizc V:259 H:  1 F:31
				848F49 85 17       STA $17       [000E7F] A:CD17 X:0026 Y:0002 S:0126 D:0E68 DB:AF nvMXdizc V:259 H: 11 F:31
				848F4B A9 80       LDA #$80               A:CD17 X:0026 Y:0002 S:0126 D:0E68 DB:AF nvMXdizc V:259 H: 17 F:31
				848F4D 04 17       TSB $17       [000E7F] A:CD80 X:0026 Y:0002 S:0126 D:0E68 DB:AF NvMXdizc V:259 H: 20 F:31
				848F4F AB          PLB                    A:CD80 X:0026 Y:0002 S:0126 D:0E68 DB:AF NvMXdiZc V:259 H: 30 F:31
				848F50 28          PLP                    A:CD80 X:0026 Y:0002 S:0127 D:0E68 DB:86 NvMXdizc V:259 H: 37 F:31
				848F51 6B          RTL                    A:CD80 X:0026 Y:0002 S:0128 D:0E68 DB:86 nvMXdizc V:259 H: 43 F:31

			83B9E2 A9 01       LDA #$01               A:CD80 X:0026 Y:0002 S:012B D:0E68 DB:86 nvMXdizc V:259 H: 54 F:31
			83B9E4 04 11       TSB $11       [000E79] A:CD01 X:0026 Y:0002 S:012B D:0E68 DB:86 nvMXdizc V:259 H: 57 F:31		E-$11: Set bit 01
			83B9E6 64 18       STZ $18       [000E80] A:CD01 X:0026 Y:0002 S:012B D:0E68 DB:86 nvMXdizc V:259 H: 67 F:31		E-$18 = #$00
			83B9E8 28          PLP                    A:CD01 X:0026 Y:0002 S:012B D:0E68 DB:86 nvMXdizc V:259 H: 73 F:31
			83B9E9 60          RTS                    A:CD01 X:0026 Y:0002 S:012C D:0E68 DB:86 nvMXdizC V:259 H: 80 F:31		Return

		83B2ED A5 27       LDA $27       [000E8F] A:CD01 X:0026 Y:0002 S:012E D:0E68 DB:86 nvMXdizC V:259 H: 90 F:31
