80D4F6 20 30 D5    JSR $D530     [80D530] A:0E01 X:0000 Y:0046 S:0133 D:0E68 DB:86 nvMXdizC V:247 H:161 F:46

	80D530 C2 20       REP #$20               A:0E01 X:0000 Y:0046 S:0131 D:0E68 DB:86 nvMXdizC V:247 H:171 F:46
	80D532 A5 05       LDA $05       [000E6D] A:0E01 X:0000 Y:0046 S:0131 D:0E68 DB:86 nvmXdizC V:247 H:175 F:46
	80D534 85 22       STA $22       [000E8A] A:1461 X:0000 Y:0046 S:0131 D:0E68 DB:86 nvmXdizC V:247 H:184 F:46
	80D536 A5 08       LDA $08       [000E70] A:1461 X:0000 Y:0046 S:0131 D:0E68 DB:86 nvmXdizC V:247 H:192 F:46
	80D538 85 24       STA $24       [000E8C] A:0A9D X:0000 Y:0046 S:0131 D:0E68 DB:86 nvmXdizC V:247 H:201 F:46
	80D53A E2 20       SEP #$20               A:0A9D X:0000 Y:0046 S:0131 D:0E68 DB:86 nvmXdizC V:247 H:209 F:46
	80D53C A9 80       LDA #$80               A:0A9D X:0000 Y:0046 S:0131 D:0E68 DB:86 nvMXdizC V:247 H:214 F:46
	80D53E 14 0E       TRB $0E       [000E76] A:0A80 X:0000 Y:0046 S:0131 D:0E68 DB:86 NvMXdizC V:247 H:217 F:46
	80D540 A5 0A       LDA $0A       [000E72] A:0A80 X:0000 Y:0046 S:0131 D:0E68 DB:86 NvMXdizC V:247 H:227 F:46
	80D542 0A          ASL A                  A:0A14 X:0000 Y:0046 S:0131 D:0E68 DB:86 nvMXdizC V:247 H:233 F:46
	80D543 AA          TAX                    A:0A28 X:0000 Y:0046 S:0131 D:0E68 DB:86 nvMXdizc V:247 H:236 F:46
	80D544 7C DD F8    JMP ($F8DD,X) [80F905] A:0A28 X:0028 Y:0046 S:0131 D:0E68 DB:86 nvMXdizc V:247 H:239 F:46

	80FA15 22 44 B1 83 JSL $83B144   [83B144] A:0A28 X:0028 Y:0046 S:0131 D:0E68 DB:86 nvMXdizc V:247 H:248 F:46

		83B144 A6 01       LDX $01       [000E69] A:0A28 X:0028 Y:0046 S:012E D:0E68 DB:86 nvMXdizc V:247 H:262 F:46
		83B146 7C 49 B1    JMP ($B149,X) [83B14D] A:0A28 X:0004 Y:0046 S:012E D:0E68 DB:86 nvMXdizc V:247 H:268 F:46

		83B2E8 A6 02       LDX $02       [000E6A] A:0A28 X:0004 Y:0046 S:012E D:0E68 DB:86 nvMXdizc V:247 H:277 F:46
		83B2EA FC DA B3    JSR ($B3DA,X) [83B3DE] A:0A28 X:0004 Y:0046 S:012E D:0E68 DB:86 nvMXdizc V:247 H:284 F:46

			83B5F5 A6 03       LDX $03       [000E6B] A:0A28 X:0004 Y:0046 S:012C D:0E68 DB:86 nvMXdizc V:247 H:297 F:46
			83B5F7 7C FA B5    JMP ($B5FA,X) [83B5FA] A:0A28 X:0000 Y:0046 S:012C D:0E68 DB:86 nvMXdiZc V:247 H:303 F:46

			83B600 A9 02       LDA #$02               A:0A28 X:0000 Y:0046 S:012C D:0E68 DB:86 nvMXdiZc V:247 H:312 F:46
			83B602 85 03       STA $03       [000E6B] A:0A02 X:0000 Y:0046 S:012C D:0E68 DB:86 nvMXdizc V:247 H:315 F:46			Subaction = #$02
			83B604 A9 1E       LDA #$1E               A:0A02 X:0000 Y:0046 S:012C D:0E68 DB:86 nvMXdizc V:247 H:322 F:46
			83B606 85 34       STA $34       [000E9C] A:0A1E X:0000 Y:0046 S:012C D:0E68 DB:86 nvMXdizc V:247 H:324 F:46			CD2 = #$1E
			83B608 A9 00       LDA #$00               A:0A1E X:0000 Y:0046 S:012C D:0E68 DB:86 nvMXdizc V:247 H:330 F:46			A = a = #$00
			83B60A 20 C8 B9    JSR $B9C8     [83B9C8] A:0A00 X:0000 Y:0046 S:012C D:0E68 DB:86 nvMXdiZc V:247 H:333 F:46			JSR $83B9C8 --> Armadillo CDSkeleton Load

				83B9C8 08          PHP                    A:0A00 X:0000 Y:0046 S:012A D:0E68 DB:86 nvMXdiZc V:248 H:  3 F:46
				83B9C9 E2 30       SEP #$30               A:0A00 X:0000 Y:0046 S:0129 D:0E68 DB:86 nvMXdiZc V:248 H:  8 F:46
				83B9CB C9 0B       CMP #$0B               A:0A00 X:0000 Y:0046 S:0129 D:0E68 DB:86 nvMXdiZc V:248 H: 13 F:46
				83B9CD F0 1B       BEQ $001B     [83B9EA] A:0A00 X:0000 Y:0046 S:0129 D:0E68 DB:86 NvMXdizc V:248 H: 16 F:46
				83B9CF A6 33       LDX $33       [000E9B] A:0A00 X:0000 Y:0046 S:0129 D:0E68 DB:86 NvMXdizc V:248 H: 19 F:46
				83B9D1 F0 03       BEQ $0003     [83B9D6] A:0A00 X:0000 Y:0046 S:0129 D:0E68 DB:86 nvMXdiZc V:248 H: 25 F:46
				83B9D6 AA          TAX                    A:0A00 X:0000 Y:0046 S:0129 D:0E68 DB:86 nvMXdiZc V:248 H: 30 F:46		X = a = #$00
				83B9D7 BD 5D C9    LDA $C95D,X   [86C95D] A:0A00 X:0000 Y:0046 S:0129 D:0E68 DB:86 nvMXdiZc V:248 H: 33 F:46		A = [$86C95D,a] = [$86C95D] = #$07
				83B9DA A2 62       LDX #$62               A:0A07 X:0000 Y:0046 S:0129 D:0E68 DB:86 nvMXdizc V:248 H: 39 F:46		|CountPoint = #$62
				83B9DC 86 16       STX $16       [000E7E] A:0A07 X:0062 Y:0046 S:0129 D:0E68 DB:86 nvMXdizc V:248 H: 42 F:46		|
				83B9DE 22 07 8F 84 JSL $848F07   [848F07] A:0A07 X:0062 Y:0046 S:0129 D:0E68 DB:86 nvMXdizc V:248 H: 48 F:46		JSL $848F07 --> Skeleton Load (SkelPoint = #$62, A=#$09)

					848F07 08          PHP                    A:0A07 X:0062 Y:0046 S:0126 D:0E68 DB:86 nvMXdizc V:248 H: 62 F:46
					848F08 8B          PHB                    A:0A07 X:0062 Y:0046 S:0125 D:0E68 DB:86 nvMXdizc V:248 H: 67 F:46
					848F09 C2 30       REP #$30               A:0A07 X:0062 Y:0046 S:0124 D:0E68 DB:86 nvMXdizc V:248 H: 72 F:46
					848F0B 8D 0E 00    STA $000E     [86000E] A:0A07 X:0062 Y:0046 S:0124 D:0E68 DB:86 nvmxdizc V:248 H: 76 F:46
					848F0E A5 16       LDA $16       [000E7E] A:0A07 X:0062 Y:0046 S:0124 D:0E68 DB:86 nvmxdizc V:248 H: 85 F:46
					848F10 29 FF 00    AND #$00FF             A:8B62 X:0062 Y:0046 S:0124 D:0E68 DB:86 Nvmxdizc V:248 H: 93 F:46
					848F13 8D 0C 00    STA $000C     [86000C] A:0062 X:0062 Y:0046 S:0124 D:0E68 DB:86 nvmxdizc V:248 H: 98 F:46
					848F16 0A          ASL A                  A:0062 X:0062 Y:0046 S:0124 D:0E68 DB:86 nvmxdizc V:248 H:106 F:46
					848F17 18          CLC                    A:00C4 X:0062 Y:0046 S:0124 D:0E68 DB:86 nvmxdizc V:248 H:109 F:46
					848F18 6D 0C 00    ADC $000C     [86000C] A:00C4 X:0062 Y:0046 S:0124 D:0E68 DB:86 nvmxdizc V:248 H:112 F:46
					848F1B AA          TAX                    A:0126 X:0062 Y:0046 S:0124 D:0E68 DB:86 nvmxdizc V:248 H:121 F:46
					848F1C BF 00 A0 AF LDA $AFA000,X [AFA126] A:0126 X:0126 Y:0046 S:0124 D:0E68 DB:86 nvmxdizc V:248 H:124 F:46
					848F20 85 14       STA $14       [000E7C] A:CCB8 X:0126 Y:0046 S:0124 D:0E68 DB:86 Nvmxdizc V:248 H:133 F:46
					848F22 E2 20       SEP #$20               A:CCB8 X:0126 Y:0046 S:0124 D:0E68 DB:86 Nvmxdizc V:248 H:151 F:46
					848F24 BF 02 A0 AF LDA $AFA002,X [AFA128] A:CCB8 X:0126 Y:0046 S:0124 D:0E68 DB:86 NvMxdizc V:248 H:156 F:46
					848F28 48          PHA                    A:CCAF X:0126 Y:0046 S:0124 D:0E68 DB:86 NvMxdizc V:248 H:163 F:46
					848F29 AB          PLB                    A:CCAF X:0126 Y:0046 S:0123 D:0E68 DB:86 NvMxdizc V:248 H:168 F:46
					848F2A C2 20       REP #$20               A:CCAF X:0126 Y:0046 S:0124 D:0E68 DB:AF NvMxdizc V:248 H:175 F:46
					848F2C AD 0E 00    LDA $000E     [AF000E] A:CCAF X:0126 Y:0046 S:0124 D:0E68 DB:AF Nvmxdizc V:248 H:179 F:46
					848F2F 29 FF 00    AND #$00FF             A:0A07 X:0126 Y:0046 S:0124 D:0E68 DB:AF nvmxdizc V:248 H:188 F:46
					848F32 0A          ASL A                  A:0007 X:0126 Y:0046 S:0124 D:0E68 DB:AF nvmxdizc V:248 H:192 F:46
					848F33 A8          TAY                    A:000E X:0126 Y:0046 S:0124 D:0E68 DB:AF nvmxdizc V:248 H:195 F:46
					848F34 B1 14       LDA ($14),Y   [AFCCC6] A:000E X:0126 Y:000E S:0124 D:0E68 DB:AF nvmxdizc V:248 H:198 F:46
					848F36 65 14       ADC $14       [000E7C] A:0084 X:0126 Y:000E S:0124 D:0E68 DB:AF nvmxdizc V:248 H:211 F:46
					848F38 85 14       STA $14       [000E7C] A:CD3C X:0126 Y:000E S:0124 D:0E68 DB:AF Nvmxdizc V:248 H:220 F:46
					848F3A E2 30       SEP #$30               A:CD3C X:0126 Y:000E S:0124 D:0E68 DB:AF Nvmxdizc V:248 H:228 F:46
					848F3C B2 14       LDA ($14)     [AFCD3C] A:CD3C X:0026 Y:000E S:0124 D:0E68 DB:AF NvMXdizc V:248 H:233 F:46	Skeleton start: [AFCD3C]
					848F3E 85 13       STA $13       [000E7B] A:CD14 X:0026 Y:000E S:0124 D:0E68 DB:AF nvMXdizc V:248 H:243 F:46
					848F40 A0 01       LDY #$01               A:CD14 X:0026 Y:000E S:0124 D:0E68 DB:AF nvMXdizc V:248 H:249 F:46
					848F42 B1 14       LDA ($14),Y   [AFCD3D] A:CD14 X:0026 Y:0001 S:0124 D:0E68 DB:AF nvMXdizc V:248 H:252 F:46
					848F44 85 0F       STA $0F       [000E77] A:CD80 X:0026 Y:0001 S:0124 D:0E68 DB:AF NvMXdizc V:248 H:262 F:46
					848F46 C8          INY                    A:CD80 X:0026 Y:0001 S:0124 D:0E68 DB:AF NvMXdizc V:248 H:269 F:46
					848F47 B1 14       LDA ($14),Y   [AFCD3E] A:CD80 X:0026 Y:0002 S:0124 D:0E68 DB:AF nvMXdizc V:248 H:272 F:46
					848F49 85 17       STA $17       [000E7F] A:CD0B X:0026 Y:0002 S:0124 D:0E68 DB:AF nvMXdizc V:248 H:282 F:46
					848F4B A9 80       LDA #$80               A:CD0B X:0026 Y:0002 S:0124 D:0E68 DB:AF nvMXdizc V:248 H:288 F:46
					848F4D 04 17       TSB $17       [000E7F] A:CD80 X:0026 Y:0002 S:0124 D:0E68 DB:AF NvMXdizc V:248 H:291 F:46
					848F4F AB          PLB                    A:CD80 X:0026 Y:0002 S:0124 D:0E68 DB:AF NvMXdiZc V:248 H:301 F:46
					848F50 28          PLP                    A:CD80 X:0026 Y:0002 S:0125 D:0E68 DB:86 NvMXdizc V:248 H:308 F:46
					848F51 6B          RTL                    A:CD80 X:0026 Y:0002 S:0126 D:0E68 DB:86 nvMXdizc V:248 H:314 F:46

				83B9E2 A9 01       LDA #$01               A:CD80 X:0026 Y:0002 S:0129 D:0E68 DB:86 nvMXdizc V:248 H:324 F:46
				83B9E4 04 11       TSB $11       [000E79] A:CD01 X:0026 Y:0002 S:0129 D:0E68 DB:86 nvMXdizc V:248 H:327 F:46		E-Status: Set bit 01
				83B9E6 64 18       STZ $18       [000E80] A:CD01 X:0026 Y:0002 S:0129 D:0E68 DB:86 nvMXdizc V:248 H:337 F:46		E-$18 = #$00
				83B9E8 28          PLP                    A:CD01 X:0026 Y:0002 S:0129 D:0E68 DB:86 nvMXdizc V:249 H:  3 F:46
				83B9E9 60          RTS                    A:CD01 X:0026 Y:0002 S:012A D:0E68 DB:86 nvMXdiZc V:249 H: 10 F:46

			83B60D 60          RTS                    A:CD01 X:0026 Y:0002 S:012C D:0E68 DB:86 nvMXdiZc V:249 H: 20 F:46

		83B2ED A5 27       LDA $27       [000E8F] A:CD01 X:0026 Y:0002 S:012E D:0E68 DB:86 nvMXdiZc V:249 H: 30 F:46
