80D4F6 20 30 D5    JSR $D530     [80D530] A:0E01 X:0000 Y:0046 S:0133 D:0E68 DB:86 nvMXdizC V:247 H:167 F:47

	80D530 C2 20       REP #$20               A:0E01 X:0000 Y:0046 S:0131 D:0E68 DB:86 nvMXdizC V:247 H:177 F:47
	80D532 A5 05       LDA $05       [000E6D] A:0E01 X:0000 Y:0046 S:0131 D:0E68 DB:86 nvmXdizC V:247 H:181 F:47
	80D534 85 22       STA $22       [000E8A] A:1461 X:0000 Y:0046 S:0131 D:0E68 DB:86 nvmXdizC V:247 H:190 F:47
	80D536 A5 08       LDA $08       [000E70] A:1461 X:0000 Y:0046 S:0131 D:0E68 DB:86 nvmXdizC V:247 H:198 F:47
	80D538 85 24       STA $24       [000E8C] A:0A9D X:0000 Y:0046 S:0131 D:0E68 DB:86 nvmXdizC V:247 H:207 F:47
	80D53A E2 20       SEP #$20               A:0A9D X:0000 Y:0046 S:0131 D:0E68 DB:86 nvmXdizC V:247 H:215 F:47
	80D53C A9 80       LDA #$80               A:0A9D X:0000 Y:0046 S:0131 D:0E68 DB:86 nvMXdizC V:247 H:220 F:47
	80D53E 14 0E       TRB $0E       [000E76] A:0A80 X:0000 Y:0046 S:0131 D:0E68 DB:86 NvMXdizC V:247 H:223 F:47
	80D540 A5 0A       LDA $0A       [000E72] A:0A80 X:0000 Y:0046 S:0131 D:0E68 DB:86 NvMXdizC V:247 H:233 F:47
	80D542 0A          ASL A                  A:0A14 X:0000 Y:0046 S:0131 D:0E68 DB:86 nvMXdizC V:247 H:239 F:47
	80D543 AA          TAX                    A:0A28 X:0000 Y:0046 S:0131 D:0E68 DB:86 nvMXdizc V:247 H:242 F:47
	80D544 7C DD F8    JMP ($F8DD,X) [80F905] A:0A28 X:0028 Y:0046 S:0131 D:0E68 DB:86 nvMXdizc V:247 H:245 F:47

	80FA15 22 44 B1 83 JSL $83B144   [83B144] A:0A28 X:0028 Y:0046 S:0131 D:0E68 DB:86 nvMXdizc V:247 H:254 F:47

		83B144 A6 01       LDX $01       [000E69] A:0A28 X:0028 Y:0046 S:012E D:0E68 DB:86 nvMXdizc V:247 H:268 F:47
		83B146 7C 49 B1    JMP ($B149,X) [83B14D] A:0A28 X:0004 Y:0046 S:012E D:0E68 DB:86 nvMXdizc V:247 H:274 F:47

		83B2E8 A6 02       LDX $02       [000E6A] A:0A28 X:0004 Y:0046 S:012E D:0E68 DB:86 nvMXdizc V:247 H:283 F:47
		83B2EA FC DA B3    JSR ($B3DA,X) [83B3DE] A:0A28 X:0004 Y:0046 S:012E D:0E68 DB:86 nvMXdizc V:247 H:290 F:47

			83B5F5 A6 03       LDX $03       [000E6B] A:0A28 X:0004 Y:0046 S:012C D:0E68 DB:86 nvMXdizc V:247 H:303 F:47
			83B5F7 7C FA B5    JMP ($B5FA,X) [83B5FC] A:0A28 X:0002 Y:0046 S:012C D:0E68 DB:86 nvMXdizc V:247 H:309 F:47

			83B60E 22 A5 AC 84 JSL $84ACA5   [84ACA5] A:0A28 X:0002 Y:0046 S:012C D:0E68 DB:86 nvMXdizc V:247 H:318 F:47		JSL $84ACA5 --> Update Facing (40 bit)

				84ACA5 08          PHP                    A:0A28 X:0002 Y:0046 S:0129 D:0E68 DB:86 nvMXdizc V:247 H:331 F:47
				84ACA6 E2 20       SEP #$20               A:0A28 X:0002 Y:0046 S:0128 D:0E68 DB:86 nvMXdizc V:247 H:336 F:47
				84ACA8 A9 40       LDA #$40               A:0A28 X:0002 Y:0046 S:0128 D:0E68 DB:86 nvMXdizc V:248 H:  0 F:47
				84ACAA 14 11       TRB $11       [000E79] A:0A40 X:0002 Y:0046 S:0128 D:0E68 DB:86 nvMXdizc V:248 H:  3 F:47
				84ACAC C2 20       REP #$20               A:0A40 X:0002 Y:0046 S:0128 D:0E68 DB:86 nvMXdiZc V:248 H: 13 F:47
				84ACAE AD AD 0B    LDA $0BAD     [860BAD] A:0A40 X:0002 Y:0046 S:0128 D:0E68 DB:86 nvmXdiZc V:248 H: 18 F:47
				84ACB1 38          SEC                    A:1417 X:0002 Y:0046 S:0128 D:0E68 DB:86 nvmXdizc V:248 H: 26 F:47
				84ACB2 E5 05       SBC $05       [000E6D] A:1417 X:0002 Y:0046 S:0128 D:0E68 DB:86 nvmXdizC V:248 H: 29 F:47
				84ACB4 E2 20       SEP #$20               A:FFB6 X:0002 Y:0046 S:0128 D:0E68 DB:86 NvmXdizc V:248 H: 38 F:47
				84ACB6 A9 00       LDA #$00               A:FFB6 X:0002 Y:0046 S:0128 D:0E68 DB:86 NvMXdizc V:248 H: 42 F:47
				84ACB8 6A          ROR A                  A:FF00 X:0002 Y:0046 S:0128 D:0E68 DB:86 nvMXdiZc V:248 H: 45 F:47
				84ACB9 4A          LSR A                  A:FF00 X:0002 Y:0046 S:0128 D:0E68 DB:86 nvMXdiZc V:248 H: 48 F:47
				84ACBA 04 11       TSB $11       [000E79] A:FF00 X:0002 Y:0046 S:0128 D:0E68 DB:86 nvMXdiZc V:248 H: 51 F:47
				84ACBC 28          PLP                    A:FF00 X:0002 Y:0046 S:0128 D:0E68 DB:86 nvMXdiZc V:248 H: 61 F:47
				84ACBD 6B          RTL                    A:FF00 X:0002 Y:0046 S:0129 D:0E68 DB:86 nvMXdizc V:248 H: 68 F:47

			83B612 20 20 BA    JSR $BA20     [83BA20] A:FF00 X:0002 Y:0046 S:012C D:0E68 DB:86 nvMXdizc V:248 H: 78 F:47		JSR $83BA20 --> X = First empty MMXShotData,Z=1

				83BA20 A5 33       LDA $33       [000E9B] A:FF00 X:0002 Y:0046 S:012A D:0E68 DB:86 nvMXdizc V:248 H: 88 F:47
				83BA22 F0 03       BEQ $0003     [83BA27] A:FF00 X:0002 Y:0046 S:012A D:0E68 DB:86 nvMXdiZc V:248 H: 95 F:47
				83BA27 C2 10       REP #$10               A:FF00 X:0002 Y:0046 S:012A D:0E68 DB:86 nvMXdiZc V:248 H: 99 F:47
				83BA29 A2 28 12    LDX #$1228             A:FF00 X:0002 Y:0046 S:012A D:0E68 DB:86 nvMxdiZc V:248 H:104 F:47
				83BA2C E2 20       SEP #$20               A:FF00 X:1228 Y:0046 S:012A D:0E68 DB:86 nvMxdizc V:248 H:108 F:47
				83BA2E BD 00 00    LDA $0000,X   [861228] A:FF00 X:1228 Y:0046 S:012A D:0E68 DB:86 nvMxdizc V:248 H:113 F:47
				83BA31 F0 54       BEQ $0054     [83BA87] A:FF00 X:1228 Y:0046 S:012A D:0E68 DB:86 nvMxdiZc V:248 H:121 F:47
				83BA87 C2 20       REP #$20               A:FF00 X:1228 Y:0046 S:012A D:0E68 DB:86 nvMxdiZc V:248 H:125 F:47
				83BA89 8A          TXA                    A:FF00 X:1228 Y:0046 S:012A D:0E68 DB:86 nvmxdiZc V:248 H:130 F:47
				83BA8A 18          CLC                    A:1228 X:1228 Y:0046 S:012A D:0E68 DB:86 nvmxdizc V:248 H:133 F:47
				83BA8B 69 40 00    ADC #$0040             A:1228 X:1228 Y:0046 S:012A D:0E68 DB:86 nvmxdizc V:248 H:146 F:47
				83BA8E AA          TAX                    A:1268 X:1228 Y:0046 S:012A D:0E68 DB:86 nvmxdizc V:248 H:150 F:47
				83BA8F C9 28 14    CMP #$1428             A:1268 X:1268 Y:0046 S:012A D:0E68 DB:86 nvmxdizc V:248 H:153 F:47
				83BA92 90 98       BCC $0098     [83BA2C] A:1268 X:1268 Y:0046 S:012A D:0E68 DB:86 Nvmxdizc V:248 H:158 F:47
				83BA2C E2 20       SEP #$20               A:1268 X:1268 Y:0046 S:012A D:0E68 DB:86 Nvmxdizc V:248 H:162 F:47
				83BA2E BD 00 00    LDA $0000,X   [861268] A:1268 X:1268 Y:0046 S:012A D:0E68 DB:86 NvMxdizc V:248 H:167 F:47
				83BA31 F0 54       BEQ $0054     [83BA87] A:1200 X:1268 Y:0046 S:012A D:0E68 DB:86 nvMxdiZc V:248 H:175 F:47
				83BA87 C2 20       REP #$20               A:1200 X:1268 Y:0046 S:012A D:0E68 DB:86 nvMxdiZc V:248 H:179 F:47
				83BA89 8A          TXA                    A:1200 X:1268 Y:0046 S:012A D:0E68 DB:86 nvmxdiZc V:248 H:184 F:47
				83BA8A 18          CLC                    A:1268 X:1268 Y:0046 S:012A D:0E68 DB:86 nvmxdizc V:248 H:187 F:47
				83BA8B 69 40 00    ADC #$0040             A:1268 X:1268 Y:0046 S:012A D:0E68 DB:86 nvmxdizc V:248 H:190 F:47
				83BA8E AA          TAX                    A:12A8 X:1268 Y:0046 S:012A D:0E68 DB:86 nvmxdizc V:248 H:194 F:47
				83BA8F C9 28 14    CMP #$1428             A:12A8 X:12A8 Y:0046 S:012A D:0E68 DB:86 nvmxdizc V:248 H:197 F:47
				83BA92 90 98       BCC $0098     [83BA2C] A:12A8 X:12A8 Y:0046 S:012A D:0E68 DB:86 Nvmxdizc V:248 H:202 F:47
				83BA2C E2 20       SEP #$20               A:12A8 X:12A8 Y:0046 S:012A D:0E68 DB:86 Nvmxdizc V:248 H:206 F:47
				83BA2E BD 00 00    LDA $0000,X   [8612A8] A:12A8 X:12A8 Y:0046 S:012A D:0E68 DB:86 NvMxdizc V:248 H:211 F:47
				83BA31 F0 54       BEQ $0054     [83BA87] A:1200 X:12A8 Y:0046 S:012A D:0E68 DB:86 nvMxdiZc V:248 H:219 F:47
				83BA87 C2 20       REP #$20               A:1200 X:12A8 Y:0046 S:012A D:0E68 DB:86 nvMxdiZc V:248 H:223 F:47
				83BA89 8A          TXA                    A:1200 X:12A8 Y:0046 S:012A D:0E68 DB:86 nvmxdiZc V:248 H:228 F:47
				83BA8A 18          CLC                    A:12A8 X:12A8 Y:0046 S:012A D:0E68 DB:86 nvmxdizc V:248 H:231 F:47
				83BA8B 69 40 00    ADC #$0040             A:12A8 X:12A8 Y:0046 S:012A D:0E68 DB:86 nvmxdizc V:248 H:234 F:47
				83BA8E AA          TAX                    A:12E8 X:12A8 Y:0046 S:012A D:0E68 DB:86 nvmxdizc V:248 H:238 F:47
				83BA8F C9 28 14    CMP #$1428             A:12E8 X:12E8 Y:0046 S:012A D:0E68 DB:86 nvmxdizc V:248 H:241 F:47
				83BA92 90 98       BCC $0098     [83BA2C] A:12E8 X:12E8 Y:0046 S:012A D:0E68 DB:86 Nvmxdizc V:248 H:246 F:47
				83BA2C E2 20       SEP #$20               A:12E8 X:12E8 Y:0046 S:012A D:0E68 DB:86 Nvmxdizc V:248 H:250 F:47
				83BA2E BD 00 00    LDA $0000,X   [8612E8] A:12E8 X:12E8 Y:0046 S:012A D:0E68 DB:86 NvMxdizc V:248 H:255 F:47
				83BA31 F0 54       BEQ $0054     [83BA87] A:1200 X:12E8 Y:0046 S:012A D:0E68 DB:86 nvMxdiZc V:248 H:263 F:47
				83BA87 C2 20       REP #$20               A:1200 X:12E8 Y:0046 S:012A D:0E68 DB:86 nvMxdiZc V:248 H:267 F:47
				83BA89 8A          TXA                    A:1200 X:12E8 Y:0046 S:012A D:0E68 DB:86 nvmxdiZc V:248 H:272 F:47
				83BA8A 18          CLC                    A:12E8 X:12E8 Y:0046 S:012A D:0E68 DB:86 nvmxdizc V:248 H:275 F:47
				83BA8B 69 40 00    ADC #$0040             A:12E8 X:12E8 Y:0046 S:012A D:0E68 DB:86 nvmxdizc V:248 H:278 F:47
				83BA8E AA          TAX                    A:1328 X:12E8 Y:0046 S:012A D:0E68 DB:86 nvmxdizc V:248 H:282 F:47
				83BA8F C9 28 14    CMP #$1428             A:1328 X:1328 Y:0046 S:012A D:0E68 DB:86 nvmxdizc V:248 H:285 F:47
				83BA92 90 98       BCC $0098     [83BA2C] A:1328 X:1328 Y:0046 S:012A D:0E68 DB:86 Nvmxdizc V:248 H:290 F:47
				83BA2C E2 20       SEP #$20               A:1328 X:1328 Y:0046 S:012A D:0E68 DB:86 Nvmxdizc V:248 H:294 F:47
				83BA2E BD 00 00    LDA $0000,X   [861328] A:1328 X:1328 Y:0046 S:012A D:0E68 DB:86 NvMxdizc V:248 H:299 F:47
				83BA31 F0 54       BEQ $0054     [83BA87] A:1300 X:1328 Y:0046 S:012A D:0E68 DB:86 nvMxdiZc V:248 H:307 F:47
				83BA87 C2 20       REP #$20               A:1300 X:1328 Y:0046 S:012A D:0E68 DB:86 nvMxdiZc V:248 H:311 F:47
				83BA89 8A          TXA                    A:1300 X:1328 Y:0046 S:012A D:0E68 DB:86 nvmxdiZc V:248 H:316 F:47
				83BA8A 18          CLC                    A:1328 X:1328 Y:0046 S:012A D:0E68 DB:86 nvmxdizc V:248 H:319 F:47
				83BA8B 69 40 00    ADC #$0040             A:1328 X:1328 Y:0046 S:012A D:0E68 DB:86 nvmxdizc V:248 H:322 F:47
				83BA8E AA          TAX                    A:1368 X:1328 Y:0046 S:012A D:0E68 DB:86 nvmxdizc V:248 H:326 F:47
				83BA8F C9 28 14    CMP #$1428             A:1368 X:1368 Y:0046 S:012A D:0E68 DB:86 nvmxdizc V:248 H:328 F:47
				83BA92 90 98       BCC $0098     [83BA2C] A:1368 X:1368 Y:0046 S:012A D:0E68 DB:86 Nvmxdizc V:248 H:333 F:47
				83BA2C E2 20       SEP #$20               A:1368 X:1368 Y:0046 S:012A D:0E68 DB:86 Nvmxdizc V:248 H:337 F:47
				83BA2E BD 00 00    LDA $0000,X   [861368] A:1368 X:1368 Y:0046 S:012A D:0E68 DB:86 NvMxdizc V:249 H:  2 F:47
				83BA31 F0 54       BEQ $0054     [83BA87] A:1300 X:1368 Y:0046 S:012A D:0E68 DB:86 nvMxdiZc V:249 H: 10 F:47
				83BA87 C2 20       REP #$20               A:1300 X:1368 Y:0046 S:012A D:0E68 DB:86 nvMxdiZc V:249 H: 14 F:47
				83BA89 8A          TXA                    A:1300 X:1368 Y:0046 S:012A D:0E68 DB:86 nvmxdiZc V:249 H: 19 F:47
				83BA8A 18          CLC                    A:1368 X:1368 Y:0046 S:012A D:0E68 DB:86 nvmxdizc V:249 H: 22 F:47
				83BA8B 69 40 00    ADC #$0040             A:1368 X:1368 Y:0046 S:012A D:0E68 DB:86 nvmxdizc V:249 H: 25 F:47
				83BA8E AA          TAX                    A:13A8 X:1368 Y:0046 S:012A D:0E68 DB:86 nvmxdizc V:249 H: 29 F:47
				83BA8F C9 28 14    CMP #$1428             A:13A8 X:13A8 Y:0046 S:012A D:0E68 DB:86 nvmxdizc V:249 H: 32 F:47
				83BA92 90 98       BCC $0098     [83BA2C] A:13A8 X:13A8 Y:0046 S:012A D:0E68 DB:86 Nvmxdizc V:249 H: 37 F:47
				83BA2C E2 20       SEP #$20               A:13A8 X:13A8 Y:0046 S:012A D:0E68 DB:86 Nvmxdizc V:249 H: 41 F:47
				83BA2E BD 00 00    LDA $0000,X   [8613A8] A:13A8 X:13A8 Y:0046 S:012A D:0E68 DB:86 NvMxdizc V:249 H: 46 F:47
				83BA31 F0 54       BEQ $0054     [83BA87] A:1300 X:13A8 Y:0046 S:012A D:0E68 DB:86 nvMxdiZc V:249 H: 54 F:47
				83BA87 C2 20       REP #$20               A:1300 X:13A8 Y:0046 S:012A D:0E68 DB:86 nvMxdiZc V:249 H: 58 F:47
				83BA89 8A          TXA                    A:1300 X:13A8 Y:0046 S:012A D:0E68 DB:86 nvmxdiZc V:249 H: 63 F:47
				83BA8A 18          CLC                    A:13A8 X:13A8 Y:0046 S:012A D:0E68 DB:86 nvmxdizc V:249 H: 66 F:47
				83BA8B 69 40 00    ADC #$0040             A:13A8 X:13A8 Y:0046 S:012A D:0E68 DB:86 nvmxdizc V:249 H: 69 F:47
				83BA8E AA          TAX                    A:13E8 X:13A8 Y:0046 S:012A D:0E68 DB:86 nvmxdizc V:249 H: 73 F:47
				83BA8F C9 28 14    CMP #$1428             A:13E8 X:13E8 Y:0046 S:012A D:0E68 DB:86 nvmxdizc V:249 H: 76 F:47
				83BA92 90 98       BCC $0098     [83BA2C] A:13E8 X:13E8 Y:0046 S:012A D:0E68 DB:86 Nvmxdizc V:249 H: 81 F:47
				83BA2C E2 20       SEP #$20               A:13E8 X:13E8 Y:0046 S:012A D:0E68 DB:86 Nvmxdizc V:249 H: 85 F:47
				83BA2E BD 00 00    LDA $0000,X   [8613E8] A:13E8 X:13E8 Y:0046 S:012A D:0E68 DB:86 NvMxdizc V:249 H: 90 F:47
				83BA31 F0 54       BEQ $0054     [83BA87] A:1300 X:13E8 Y:0046 S:012A D:0E68 DB:86 nvMxdiZc V:249 H: 98 F:47
				83BA87 C2 20       REP #$20               A:1300 X:13E8 Y:0046 S:012A D:0E68 DB:86 nvMxdiZc V:249 H:102 F:47
				83BA89 8A          TXA                    A:1300 X:13E8 Y:0046 S:012A D:0E68 DB:86 nvmxdiZc V:249 H:107 F:47
				83BA8A 18          CLC                    A:13E8 X:13E8 Y:0046 S:012A D:0E68 DB:86 nvmxdizc V:249 H:110 F:47
				83BA8B 69 40 00    ADC #$0040             A:13E8 X:13E8 Y:0046 S:012A D:0E68 DB:86 nvmxdizc V:249 H:113 F:47
				83BA8E AA          TAX                    A:1428 X:13E8 Y:0046 S:012A D:0E68 DB:86 nvmxdizc V:249 H:117 F:47
				83BA8F C9 28 14    CMP #$1428             A:1428 X:1428 Y:0046 S:012A D:0E68 DB:86 nvmxdizc V:249 H:120 F:47
				83BA92 90 98       BCC $0098     [83BA2C] A:1428 X:1428 Y:0046 S:012A D:0E68 DB:86 nvmxdiZC V:249 H:125 F:47
				83BA94 E2 30       SEP #$30               A:1428 X:1428 Y:0046 S:012A D:0E68 DB:86 nvmxdiZC V:249 H:128 F:47
				83BA96 A9 00       LDA #$00               A:1428 X:0028 Y:0046 S:012A D:0E68 DB:86 nvMXdiZC V:249 H:132 F:47
				83BA98 60          RTS                    A:1400 X:0028 Y:0046 S:012A D:0E68 DB:86 nvMXdiZC V:249 H:145 F:47

			83B615 F0 11       BEQ $0011     [83B628] A:1400 X:0028 Y:0046 S:012C D:0E68 DB:86 nvMXdiZC V:249 H:155 F:47		Branch because A = #$00 --> No MMXShotData exists
			83B628 A5 34       LDA $34       [000E9C] A:1400 X:0028 Y:0046 S:012C D:0E68 DB:86 nvMXdiZC V:249 H:160 F:47
			83B62A F0 04       BEQ $0004     [83B630] A:141E X:0028 Y:0046 S:012C D:0E68 DB:86 nvMXdizC V:249 H:166 F:47		Branch if CD2 = #$00
			83B62C C6 34       DEC $34       [000E9C] A:141E X:0028 Y:0046 S:012C D:0E68 DB:86 nvMXdizC V:249 H:169 F:47		Decrease CD2
			83B62E D0 51       BNE $0051     [83B681] A:141E X:0028 Y:0046 S:012C D:0E68 DB:86 nvMXdizC V:249 H:179 F:47		Branch because CD2 <> #$00
			83B681 60          RTS                    A:141E X:0028 Y:0046 S:012C D:0E68 DB:86 nvMXdizC V:249 H:184 F:47		Return

		83B2ED A5 27       LDA $27       [000E8F] A:141E X:0028 Y:0046 S:012E D:0E68 DB:86 nvMXdizC V:249 H:194 F:47
