80D4F6 20 30 D5    JSR $D530     [80D530] A:0E01 X:0000 Y:0046 S:0133 D:0E68 DB:86 nvMXdizC V:247 H:163 F:16

	80D530 C2 20       REP #$20               A:0E01 X:0000 Y:0046 S:0131 D:0E68 DB:86 nvMXdizC V:247 H:173 F:16
	80D532 A5 05       LDA $05       [000E6D] A:0E01 X:0000 Y:0046 S:0131 D:0E68 DB:86 nvmXdizC V:247 H:177 F:16
	80D534 85 22       STA $22       [000E8A] A:1461 X:0000 Y:0046 S:0131 D:0E68 DB:86 nvmXdizC V:247 H:186 F:16
	80D536 A5 08       LDA $08       [000E70] A:1461 X:0000 Y:0046 S:0131 D:0E68 DB:86 nvmXdizC V:247 H:194 F:16
	80D538 85 24       STA $24       [000E8C] A:0A9D X:0000 Y:0046 S:0131 D:0E68 DB:86 nvmXdizC V:247 H:203 F:16
	80D53A E2 20       SEP #$20               A:0A9D X:0000 Y:0046 S:0131 D:0E68 DB:86 nvmXdizC V:247 H:211 F:16
	80D53C A9 80       LDA #$80               A:0A9D X:0000 Y:0046 S:0131 D:0E68 DB:86 nvMXdizC V:247 H:216 F:16
	80D53E 14 0E       TRB $0E       [000E76] A:0A80 X:0000 Y:0046 S:0131 D:0E68 DB:86 NvMXdizC V:247 H:219 F:16
	80D540 A5 0A       LDA $0A       [000E72] A:0A80 X:0000 Y:0046 S:0131 D:0E68 DB:86 NvMXdizC V:247 H:229 F:16
	80D542 0A          ASL A                  A:0A14 X:0000 Y:0046 S:0131 D:0E68 DB:86 nvMXdizC V:247 H:235 F:16
	80D543 AA          TAX                    A:0A28 X:0000 Y:0046 S:0131 D:0E68 DB:86 nvMXdizc V:247 H:238 F:16
	80D544 7C DD F8    JMP ($F8DD,X) [80F905] A:0A28 X:0028 Y:0046 S:0131 D:0E68 DB:86 nvMXdizc V:247 H:241 F:16

	80FA15 22 44 B1 83 JSL $83B144   [83B144] A:0A28 X:0028 Y:0046 S:0131 D:0E68 DB:86 nvMXdizc V:247 H:250 F:16

		83B144 A6 01       LDX $01       [000E69] A:0A28 X:0028 Y:0046 S:012E D:0E68 DB:86 nvMXdizc V:247 H:264 F:16
		83B146 7C 49 B1    JMP ($B149,X) [83B14D] A:0A28 X:0004 Y:0046 S:012E D:0E68 DB:86 nvMXdizc V:247 H:270 F:16

		83B2E8 A6 02       LDX $02       [000E6A] A:0A28 X:0004 Y:0046 S:012E D:0E68 DB:86 nvMXdizc V:247 H:279 F:16
		83B2EA FC DA B3    JSR ($B3DA,X) [83B3DE] A:0A28 X:0004 Y:0046 S:012E D:0E68 DB:86 nvMXdizc V:247 H:286 F:16

			83B5F5 A6 03       LDX $03       [000E6B] A:0A28 X:0004 Y:0046 S:012C D:0E68 DB:86 nvMXdizc V:247 H:299 F:16
			83B5F7 7C FA B5    JMP ($B5FA,X) [83B5FC] A:0A28 X:0002 Y:0046 S:012C D:0E68 DB:86 nvMXdizc V:247 H:305 F:16

			83B60E 22 A5 AC 84 JSL $84ACA5   [84ACA5] A:0A28 X:0002 Y:0046 S:012C D:0E68 DB:86 nvMXdizc V:247 H:314 F:16		JSL $84ACA5 --> Update Facing (40 bit)

				84ACA5 08          PHP                    A:0A28 X:0002 Y:0046 S:0129 D:0E68 DB:86 nvMXdizc V:247 H:327 F:16
				84ACA6 E2 20       SEP #$20               A:0A28 X:0002 Y:0046 S:0128 D:0E68 DB:86 nvMXdizc V:247 H:332 F:16
				84ACA8 A9 40       LDA #$40               A:0A28 X:0002 Y:0046 S:0128 D:0E68 DB:86 nvMXdizc V:247 H:336 F:16
				84ACAA 14 11       TRB $11       [000E79] A:0A40 X:0002 Y:0046 S:0128 D:0E68 DB:86 nvMXdizc V:247 H:339 F:16
				84ACAC C2 20       REP #$20               A:0A40 X:0002 Y:0046 S:0128 D:0E68 DB:86 nvMXdiZc V:248 H:  9 F:16
				84ACAE AD AD 0B    LDA $0BAD     [860BAD] A:0A40 X:0002 Y:0046 S:0128 D:0E68 DB:86 nvmXdiZc V:248 H: 14 F:16
				84ACB1 38          SEC                    A:1417 X:0002 Y:0046 S:0128 D:0E68 DB:86 nvmXdizc V:248 H: 22 F:16
				84ACB2 E5 05       SBC $05       [000E6D] A:1417 X:0002 Y:0046 S:0128 D:0E68 DB:86 nvmXdizC V:248 H: 25 F:16
				84ACB4 E2 20       SEP #$20               A:FFB6 X:0002 Y:0046 S:0128 D:0E68 DB:86 NvmXdizc V:248 H: 34 F:16
				84ACB6 A9 00       LDA #$00               A:FFB6 X:0002 Y:0046 S:0128 D:0E68 DB:86 NvMXdizc V:248 H: 38 F:16
				84ACB8 6A          ROR A                  A:FF00 X:0002 Y:0046 S:0128 D:0E68 DB:86 nvMXdiZc V:248 H: 41 F:16
				84ACB9 4A          LSR A                  A:FF00 X:0002 Y:0046 S:0128 D:0E68 DB:86 nvMXdiZc V:248 H: 44 F:16
				84ACBA 04 11       TSB $11       [000E79] A:FF00 X:0002 Y:0046 S:0128 D:0E68 DB:86 nvMXdiZc V:248 H: 47 F:16
				84ACBC 28          PLP                    A:FF00 X:0002 Y:0046 S:0128 D:0E68 DB:86 nvMXdiZc V:248 H: 57 F:16
				84ACBD 6B          RTL                    A:FF00 X:0002 Y:0046 S:0129 D:0E68 DB:86 nvMXdizc V:248 H: 64 F:16

			83B612 20 20 BA    JSR $BA20     [83BA20] A:FF00 X:0002 Y:0046 S:012C D:0E68 DB:86 nvMXdizc V:248 H: 74 F:16		JSR $83BA20 --> X = First empty MMXShotData,Z=1

				83BA20 A5 33       LDA $33       [000E9B] A:FF00 X:0002 Y:0046 S:012A D:0E68 DB:86 nvMXdizc V:248 H: 84 F:16
				83BA22 F0 03       BEQ $0003     [83BA27] A:FF00 X:0002 Y:0046 S:012A D:0E68 DB:86 nvMXdiZc V:248 H: 91 F:16
				83BA27 C2 10       REP #$10               A:FF00 X:0002 Y:0046 S:012A D:0E68 DB:86 nvMXdiZc V:248 H: 95 F:16
				83BA29 A2 28 12    LDX #$1228             A:FF00 X:0002 Y:0046 S:012A D:0E68 DB:86 nvMxdiZc V:248 H:100 F:16
				83BA2C E2 20       SEP #$20               A:FF00 X:1228 Y:0046 S:012A D:0E68 DB:86 nvMxdizc V:248 H:104 F:16
				83BA2E BD 00 00    LDA $0000,X   [861228] A:FF00 X:1228 Y:0046 S:012A D:0E68 DB:86 nvMxdizc V:248 H:109 F:16
				83BA31 F0 54       BEQ $0054     [83BA87] A:FF00 X:1228 Y:0046 S:012A D:0E68 DB:86 nvMxdiZc V:248 H:117 F:16
				83BA87 C2 20       REP #$20               A:FF00 X:1228 Y:0046 S:012A D:0E68 DB:86 nvMxdiZc V:248 H:121 F:16
				83BA89 8A          TXA                    A:FF00 X:1228 Y:0046 S:012A D:0E68 DB:86 nvmxdiZc V:248 H:126 F:16
				83BA8A 18          CLC                    A:1228 X:1228 Y:0046 S:012A D:0E68 DB:86 nvmxdizc V:248 H:129 F:16
				83BA8B 69 40 00    ADC #$0040             A:1228 X:1228 Y:0046 S:012A D:0E68 DB:86 nvmxdizc V:248 H:132 F:16
				83BA8E AA          TAX                    A:1268 X:1228 Y:0046 S:012A D:0E68 DB:86 nvmxdizc V:248 H:146 F:16
				83BA8F C9 28 14    CMP #$1428             A:1268 X:1268 Y:0046 S:012A D:0E68 DB:86 nvmxdizc V:248 H:149 F:16
				83BA92 90 98       BCC $0098     [83BA2C] A:1268 X:1268 Y:0046 S:012A D:0E68 DB:86 Nvmxdizc V:248 H:154 F:16
				83BA2C E2 20       SEP #$20               A:1268 X:1268 Y:0046 S:012A D:0E68 DB:86 Nvmxdizc V:248 H:158 F:16
				83BA2E BD 00 00    LDA $0000,X   [861268] A:1268 X:1268 Y:0046 S:012A D:0E68 DB:86 NvMxdizc V:248 H:163 F:16
				83BA31 F0 54       BEQ $0054     [83BA87] A:1200 X:1268 Y:0046 S:012A D:0E68 DB:86 nvMxdiZc V:248 H:171 F:16
				83BA87 C2 20       REP #$20               A:1200 X:1268 Y:0046 S:012A D:0E68 DB:86 nvMxdiZc V:248 H:175 F:16
				83BA89 8A          TXA                    A:1200 X:1268 Y:0046 S:012A D:0E68 DB:86 nvmxdiZc V:248 H:180 F:16
				83BA8A 18          CLC                    A:1268 X:1268 Y:0046 S:012A D:0E68 DB:86 nvmxdizc V:248 H:183 F:16
				83BA8B 69 40 00    ADC #$0040             A:1268 X:1268 Y:0046 S:012A D:0E68 DB:86 nvmxdizc V:248 H:186 F:16
				83BA8E AA          TAX                    A:12A8 X:1268 Y:0046 S:012A D:0E68 DB:86 nvmxdizc V:248 H:190 F:16
				83BA8F C9 28 14    CMP #$1428             A:12A8 X:12A8 Y:0046 S:012A D:0E68 DB:86 nvmxdizc V:248 H:193 F:16
				83BA92 90 98       BCC $0098     [83BA2C] A:12A8 X:12A8 Y:0046 S:012A D:0E68 DB:86 Nvmxdizc V:248 H:198 F:16
				83BA2C E2 20       SEP #$20               A:12A8 X:12A8 Y:0046 S:012A D:0E68 DB:86 Nvmxdizc V:248 H:202 F:16
				83BA2E BD 00 00    LDA $0000,X   [8612A8] A:12A8 X:12A8 Y:0046 S:012A D:0E68 DB:86 NvMxdizc V:248 H:207 F:16
				83BA31 F0 54       BEQ $0054     [83BA87] A:1200 X:12A8 Y:0046 S:012A D:0E68 DB:86 nvMxdiZc V:248 H:215 F:16
				83BA87 C2 20       REP #$20               A:1200 X:12A8 Y:0046 S:012A D:0E68 DB:86 nvMxdiZc V:248 H:219 F:16
				83BA89 8A          TXA                    A:1200 X:12A8 Y:0046 S:012A D:0E68 DB:86 nvmxdiZc V:248 H:224 F:16
				83BA8A 18          CLC                    A:12A8 X:12A8 Y:0046 S:012A D:0E68 DB:86 nvmxdizc V:248 H:227 F:16
				83BA8B 69 40 00    ADC #$0040             A:12A8 X:12A8 Y:0046 S:012A D:0E68 DB:86 nvmxdizc V:248 H:230 F:16
				83BA8E AA          TAX                    A:12E8 X:12A8 Y:0046 S:012A D:0E68 DB:86 nvmxdizc V:248 H:234 F:16
				83BA8F C9 28 14    CMP #$1428             A:12E8 X:12E8 Y:0046 S:012A D:0E68 DB:86 nvmxdizc V:248 H:237 F:16
				83BA92 90 98       BCC $0098     [83BA2C] A:12E8 X:12E8 Y:0046 S:012A D:0E68 DB:86 Nvmxdizc V:248 H:242 F:16
				83BA2C E2 20       SEP #$20               A:12E8 X:12E8 Y:0046 S:012A D:0E68 DB:86 Nvmxdizc V:248 H:246 F:16
				83BA2E BD 00 00    LDA $0000,X   [8612E8] A:12E8 X:12E8 Y:0046 S:012A D:0E68 DB:86 NvMxdizc V:248 H:251 F:16
				83BA31 F0 54       BEQ $0054     [83BA87] A:1200 X:12E8 Y:0046 S:012A D:0E68 DB:86 nvMxdiZc V:248 H:259 F:16
				83BA87 C2 20       REP #$20               A:1200 X:12E8 Y:0046 S:012A D:0E68 DB:86 nvMxdiZc V:248 H:263 F:16
				83BA89 8A          TXA                    A:1200 X:12E8 Y:0046 S:012A D:0E68 DB:86 nvmxdiZc V:248 H:268 F:16
				83BA8A 18          CLC                    A:12E8 X:12E8 Y:0046 S:012A D:0E68 DB:86 nvmxdizc V:248 H:271 F:16
				83BA8B 69 40 00    ADC #$0040             A:12E8 X:12E8 Y:0046 S:012A D:0E68 DB:86 nvmxdizc V:248 H:274 F:16
				83BA8E AA          TAX                    A:1328 X:12E8 Y:0046 S:012A D:0E68 DB:86 nvmxdizc V:248 H:278 F:16
				83BA8F C9 28 14    CMP #$1428             A:1328 X:1328 Y:0046 S:012A D:0E68 DB:86 nvmxdizc V:248 H:281 F:16
				83BA92 90 98       BCC $0098     [83BA2C] A:1328 X:1328 Y:0046 S:012A D:0E68 DB:86 Nvmxdizc V:248 H:286 F:16
				83BA2C E2 20       SEP #$20               A:1328 X:1328 Y:0046 S:012A D:0E68 DB:86 Nvmxdizc V:248 H:290 F:16
				83BA2E BD 00 00    LDA $0000,X   [861328] A:1328 X:1328 Y:0046 S:012A D:0E68 DB:86 NvMxdizc V:248 H:295 F:16
				83BA31 F0 54       BEQ $0054     [83BA87] A:1300 X:1328 Y:0046 S:012A D:0E68 DB:86 nvMxdiZc V:248 H:303 F:16
				83BA87 C2 20       REP #$20               A:1300 X:1328 Y:0046 S:012A D:0E68 DB:86 nvMxdiZc V:248 H:307 F:16
				83BA89 8A          TXA                    A:1300 X:1328 Y:0046 S:012A D:0E68 DB:86 nvmxdiZc V:248 H:312 F:16
				83BA8A 18          CLC                    A:1328 X:1328 Y:0046 S:012A D:0E68 DB:86 nvmxdizc V:248 H:315 F:16
				83BA8B 69 40 00    ADC #$0040             A:1328 X:1328 Y:0046 S:012A D:0E68 DB:86 nvmxdizc V:248 H:318 F:16
				83BA8E AA          TAX                    A:1368 X:1328 Y:0046 S:012A D:0E68 DB:86 nvmxdizc V:248 H:322 F:16
				83BA8F C9 28 14    CMP #$1428             A:1368 X:1368 Y:0046 S:012A D:0E68 DB:86 nvmxdizc V:248 H:325 F:16
				83BA92 90 98       BCC $0098     [83BA2C] A:1368 X:1368 Y:0046 S:012A D:0E68 DB:86 Nvmxdizc V:248 H:329 F:16
				83BA2C E2 20       SEP #$20               A:1368 X:1368 Y:0046 S:012A D:0E68 DB:86 Nvmxdizc V:248 H:333 F:16
				83BA2E BD 00 00    LDA $0000,X   [861368] A:1368 X:1368 Y:0046 S:012A D:0E68 DB:86 NvMxdizc V:248 H:338 F:16
				83BA31 F0 54       BEQ $0054     [83BA87] A:1300 X:1368 Y:0046 S:012A D:0E68 DB:86 nvMxdiZc V:249 H:  6 F:16
				83BA87 C2 20       REP #$20               A:1300 X:1368 Y:0046 S:012A D:0E68 DB:86 nvMxdiZc V:249 H: 10 F:16
				83BA89 8A          TXA                    A:1300 X:1368 Y:0046 S:012A D:0E68 DB:86 nvmxdiZc V:249 H: 15 F:16
				83BA8A 18          CLC                    A:1368 X:1368 Y:0046 S:012A D:0E68 DB:86 nvmxdizc V:249 H: 18 F:16
				83BA8B 69 40 00    ADC #$0040             A:1368 X:1368 Y:0046 S:012A D:0E68 DB:86 nvmxdizc V:249 H: 21 F:16
				83BA8E AA          TAX                    A:13A8 X:1368 Y:0046 S:012A D:0E68 DB:86 nvmxdizc V:249 H: 25 F:16
				83BA8F C9 28 14    CMP #$1428             A:13A8 X:13A8 Y:0046 S:012A D:0E68 DB:86 nvmxdizc V:249 H: 28 F:16
				83BA92 90 98       BCC $0098     [83BA2C] A:13A8 X:13A8 Y:0046 S:012A D:0E68 DB:86 Nvmxdizc V:249 H: 33 F:16
				83BA2C E2 20       SEP #$20               A:13A8 X:13A8 Y:0046 S:012A D:0E68 DB:86 Nvmxdizc V:249 H: 37 F:16
				83BA2E BD 00 00    LDA $0000,X   [8613A8] A:13A8 X:13A8 Y:0046 S:012A D:0E68 DB:86 NvMxdizc V:249 H: 42 F:16
				83BA31 F0 54       BEQ $0054     [83BA87] A:1300 X:13A8 Y:0046 S:012A D:0E68 DB:86 nvMxdiZc V:249 H: 50 F:16
				83BA87 C2 20       REP #$20               A:1300 X:13A8 Y:0046 S:012A D:0E68 DB:86 nvMxdiZc V:249 H: 54 F:16
				83BA89 8A          TXA                    A:1300 X:13A8 Y:0046 S:012A D:0E68 DB:86 nvmxdiZc V:249 H: 59 F:16
				83BA8A 18          CLC                    A:13A8 X:13A8 Y:0046 S:012A D:0E68 DB:86 nvmxdizc V:249 H: 62 F:16
				83BA8B 69 40 00    ADC #$0040             A:13A8 X:13A8 Y:0046 S:012A D:0E68 DB:86 nvmxdizc V:249 H: 65 F:16
				83BA8E AA          TAX                    A:13E8 X:13A8 Y:0046 S:012A D:0E68 DB:86 nvmxdizc V:249 H: 69 F:16
				83BA8F C9 28 14    CMP #$1428             A:13E8 X:13E8 Y:0046 S:012A D:0E68 DB:86 nvmxdizc V:249 H: 72 F:16
				83BA92 90 98       BCC $0098     [83BA2C] A:13E8 X:13E8 Y:0046 S:012A D:0E68 DB:86 Nvmxdizc V:249 H: 77 F:16
				83BA2C E2 20       SEP #$20               A:13E8 X:13E8 Y:0046 S:012A D:0E68 DB:86 Nvmxdizc V:249 H: 81 F:16
				83BA2E BD 00 00    LDA $0000,X   [8613E8] A:13E8 X:13E8 Y:0046 S:012A D:0E68 DB:86 NvMxdizc V:249 H: 86 F:16
				83BA31 F0 54       BEQ $0054     [83BA87] A:1300 X:13E8 Y:0046 S:012A D:0E68 DB:86 nvMxdiZc V:249 H: 94 F:16
				83BA87 C2 20       REP #$20               A:1300 X:13E8 Y:0046 S:012A D:0E68 DB:86 nvMxdiZc V:249 H: 98 F:16
				83BA89 8A          TXA                    A:1300 X:13E8 Y:0046 S:012A D:0E68 DB:86 nvmxdiZc V:249 H:103 F:16
				83BA8A 18          CLC                    A:13E8 X:13E8 Y:0046 S:012A D:0E68 DB:86 nvmxdizc V:249 H:106 F:16
				83BA8B 69 40 00    ADC #$0040             A:13E8 X:13E8 Y:0046 S:012A D:0E68 DB:86 nvmxdizc V:249 H:109 F:16
				83BA8E AA          TAX                    A:1428 X:13E8 Y:0046 S:012A D:0E68 DB:86 nvmxdizc V:249 H:113 F:16
				83BA8F C9 28 14    CMP #$1428             A:1428 X:1428 Y:0046 S:012A D:0E68 DB:86 nvmxdizc V:249 H:116 F:16
				83BA92 90 98       BCC $0098     [83BA2C] A:1428 X:1428 Y:0046 S:012A D:0E68 DB:86 nvmxdiZC V:249 H:121 F:16
				83BA94 E2 30       SEP #$30               A:1428 X:1428 Y:0046 S:012A D:0E68 DB:86 nvmxdiZC V:249 H:124 F:16
				83BA96 A9 00       LDA #$00               A:1428 X:0028 Y:0046 S:012A D:0E68 DB:86 nvMXdiZC V:249 H:128 F:16
				83BA98 60          RTS                    A:1400 X:0028 Y:0046 S:012A D:0E68 DB:86 nvMXdiZC V:249 H:131 F:16

			83B615 F0 11       BEQ $0011     [83B628] A:1400 X:0028 Y:0046 S:012C D:0E68 DB:86 nvMXdiZC V:249 H:151 F:16		Branch because A = #$00 --> No MMXShotData exists
			83B628 A5 34       LDA $34       [000E9C] A:1400 X:0028 Y:0046 S:012C D:0E68 DB:86 nvMXdiZC V:249 H:156 F:16
			83B62A F0 04       BEQ $0004     [83B630] A:1401 X:0028 Y:0046 S:012C D:0E68 DB:86 nvMXdizC V:249 H:162 F:16		Branch if CD2 = #$00
			83B62C C6 34       DEC $34       [000E9C] A:1401 X:0028 Y:0046 S:012C D:0E68 DB:86 nvMXdizC V:249 H:165 F:16		Decrease CD2
			83B62E D0 51       BNE $0051     [83B681] A:1401 X:0028 Y:0046 S:012C D:0E68 DB:86 nvMXdiZC V:249 H:175 F:16		Branch if CD2 <> #$00
			83B630 64 03       STZ $03       [000E6B] A:1401 X:0028 Y:0046 S:012C D:0E68 DB:86 nvMXdiZC V:249 H:178 F:16		Subaction = #$00
			83B632 A5 32       LDA $32       [000E9A] A:1401 X:0028 Y:0046 S:012C D:0E68 DB:86 nvMXdiZC V:249 H:185 F:16
			83B634 C9 02       CMP #$02               A:1401 X:0028 Y:0046 S:012C D:0E68 DB:86 nvMXdizC V:249 H:191 F:16
			83B636 90 0B       BCC $000B     [83B643] A:1401 X:0028 Y:0046 S:012C D:0E68 DB:86 NvMXdizc V:249 H:194 F:16		Branch because E-$32 < #$02
			83B643 22 86 90 84 JSL $849086   [849086] A:1401 X:0028 Y:0046 S:012C D:0E68 DB:86 NvMXdizc V:249 H:199 F:16		JSL #$849086 --> Load A (2B) with RNG value

				849086 08          PHP                    A:1401 X:0028 Y:0046 S:0129 D:0E68 DB:86 NvMXdizc V:249 H:212 F:16
				849087 C2 20       REP #$20               A:1401 X:0028 Y:0046 S:0128 D:0E68 DB:86 NvMXdizc V:249 H:217 F:16
				849089 AD A6 0B    LDA $0BA6     [860BA6] A:1401 X:0028 Y:0046 S:0128 D:0E68 DB:86 NvmXdizc V:249 H:222 F:16
				84908C 0A          ASL A                  A:F85B X:0028 Y:0046 S:0128 D:0E68 DB:86 NvmXdizc V:249 H:230 F:16
				84908D 18          CLC                    A:F0B6 X:0028 Y:0046 S:0128 D:0E68 DB:86 NvmXdizC V:249 H:233 F:16
				84908E 6D A6 0B    ADC $0BA6     [860BA6] A:F0B6 X:0028 Y:0046 S:0128 D:0E68 DB:86 NvmXdizc V:249 H:236 F:16
				849091 EB          XBA                    A:E911 X:0028 Y:0046 S:0128 D:0E68 DB:86 NvmXdizC V:249 H:245 F:16
				849092 E2 20       SEP #$20               A:11E9 X:0028 Y:0046 S:0128 D:0E68 DB:86 NvmXdizC V:249 H:249 F:16
				849094 8D A7 0B    STA $0BA7     [860BA7] A:11E9 X:0028 Y:0046 S:0128 D:0E68 DB:86 NvMXdizC V:249 H:254 F:16
				849097 18          CLC                    A:11E9 X:0028 Y:0046 S:0128 D:0E68 DB:86 NvMXdizC V:249 H:260 F:16
				849098 6D A6 0B    ADC $0BA6     [860BA6] A:11E9 X:0028 Y:0046 S:0128 D:0E68 DB:86 NvMXdizc V:249 H:263 F:16
				84909B 8D A6 0B    STA $0BA6     [860BA6] A:1144 X:0028 Y:0046 S:0128 D:0E68 DB:86 nvMXdizC V:249 H:270 F:16
				84909E 28          PLP                    A:1144 X:0028 Y:0046 S:0128 D:0E68 DB:86 nvMXdizC V:249 H:276 F:16
				84909F 6B          RTL                    A:1144 X:0028 Y:0046 S:0129 D:0E68 DB:86 NvMXdizc V:249 H:283 F:16

			83B647 29 0F       AND #$0F               A:1144 X:0028 Y:0046 S:012C D:0E68 DB:86 NvMXdizc V:249 H:293 F:16
			83B649 AA          TAX                    A:1104 X:0028 Y:0046 S:012C D:0E68 DB:86 nvMXdizc V:249 H:296 F:16		X = RNG(00,0F)
			83B64A C2 20       REP #$20               A:1104 X:0004 Y:0046 S:012C D:0E68 DB:86 nvMXdizc V:249 H:299 F:16
			83B64C A5 05       LDA $05       [000E6D] A:1104 X:0004 Y:0046 S:012C D:0E68 DB:86 nvmXdizc V:249 H:304 F:16		A = Distance = MMX-X-Pos - E-X-Pos
			83B64E 38          SEC                    A:1461 X:0004 Y:0046 S:012C D:0E68 DB:86 nvmXdizc V:249 H:312 F:16
			83B64F ED AD 0B    SBC $0BAD     [860BAD] A:1461 X:0004 Y:0046 S:012C D:0E68 DB:86 nvmXdizC V:249 H:315 F:16
			83B652 B0 04       BCS $0004     [83B658] A:004A X:0004 Y:0046 S:012C D:0E68 DB:86 nvmXdizC V:249 H:323 F:16		Branch because MMX-X-Pos > E-X-Pos
			83B658 C9 80 00    CMP #$0080             A:004A X:0004 Y:0046 S:012C D:0E68 DB:86 nvmXdizC V:249 H:327 F:16
			83B65B E2 20       SEP #$20               A:004A X:0004 Y:0046 S:012C D:0E68 DB:86 NvmXdizc V:249 H:332 F:16
			83B65D B0 0E       BCS $000E     [83B66D] A:004A X:0004 Y:0046 S:012C D:0E68 DB:86 NvMXdizc V:249 H:336 F:16		Branch if Distance > #$80
			83B65F C9 50       CMP #$50               A:004A X:0004 Y:0046 S:012C D:0E68 DB:86 NvMXdizc V:249 H:339 F:16
			83B661 B0 05       BCS $0005     [83B668] A:004A X:0004 Y:0046 S:012C D:0E68 DB:86 NvMXdizc V:250 H:  2 F:16		Branch if Distance > #$50
			83B663 BD 80 C9    LDA $C980,X   [86C984] A:004A X:0004 Y:0046 S:012C D:0E68 DB:86 NvMXdizc V:250 H:  5 F:16		A = [$86C980,RNG(00,0F)] = [$86C984] = #$02
			83B666 80 08       BRA $0008     [83B670] A:0002 X:0004 Y:0046 S:012C D:0E68 DB:86 nvMXdizc V:250 H: 11 F:16
			83B670 C5 31       CMP $31       [000E99] A:0002 X:0004 Y:0046 S:012C D:0E68 DB:86 nvMXdizc V:250 H: 16 F:16
			83B672 F0 09       BEQ $0009     [83B67D] A:0002 X:0004 Y:0046 S:012C D:0E68 DB:86 nvMXdizC V:250 H: 22 F:16		Branch if A = E-$31
			83B674 85 31       STA $31       [000E99] A:0002 X:0004 Y:0046 S:012C D:0E68 DB:86 nvMXdizC V:250 H: 25 F:16		E-$31 = A = #$02
			83B676 85 02       STA $02       [000E6A] A:0002 X:0004 Y:0046 S:012C D:0E68 DB:86 nvMXdizC V:250 H: 32 F:16		Action = #$02
			83B678 A9 01       LDA #$01               A:0002 X:0004 Y:0046 S:012C D:0E68 DB:86 nvMXdizC V:250 H: 38 F:16
			83B67A 85 32       STA $32       [000E9A] A:0001 X:0004 Y:0046 S:012C D:0E68 DB:86 nvMXdizC V:250 H: 41 F:16		E-$32 = #$01
			83B67C 60          RTS                    A:0001 X:0004 Y:0046 S:012C D:0E68 DB:86 nvMXdizC V:250 H: 48 F:16		Return

		83B2ED A5 27       LDA $27       [000E8F] A:0001 X:0004 Y:0046 S:012E D:0E68 DB:86 nvMXdizC V:250 H: 58 F:16
