80D4F6 20 30 D5    JSR $D530     [80D530] A:0E01 X:0000 Y:0002 S:0133 D:0E68 DB:86 nvMXdizC V:253 H:131 F:41

	80D530 C2 20       REP #$20               A:0E01 X:0000 Y:0002 S:0131 D:0E68 DB:86 nvMXdizC V:253 H:151 F:41
	80D532 A5 05       LDA $05       [000E6D] A:0E01 X:0000 Y:0002 S:0131 D:0E68 DB:86 nvmXdizC V:253 H:156 F:41
	80D534 85 22       STA $22       [000E8A] A:14BB X:0000 Y:0002 S:0131 D:0E68 DB:86 nvmXdizC V:253 H:164 F:41
	80D536 A5 08       LDA $08       [000E70] A:14BB X:0000 Y:0002 S:0131 D:0E68 DB:86 nvmXdizC V:253 H:173 F:41
	80D538 85 24       STA $24       [000E8C] A:0A9D X:0000 Y:0002 S:0131 D:0E68 DB:86 nvmXdizC V:253 H:181 F:41
	80D53A E2 20       SEP #$20               A:0A9D X:0000 Y:0002 S:0131 D:0E68 DB:86 nvmXdizC V:253 H:190 F:41
	80D53C A9 80       LDA #$80               A:0A9D X:0000 Y:0002 S:0131 D:0E68 DB:86 nvMXdizC V:253 H:194 F:41
	80D53E 14 0E       TRB $0E       [000E76] A:0A80 X:0000 Y:0002 S:0131 D:0E68 DB:86 NvMXdizC V:253 H:197 F:41
	80D540 A5 0A       LDA $0A       [000E72] A:0A80 X:0000 Y:0002 S:0131 D:0E68 DB:86 NvMXdizC V:253 H:207 F:41
	80D542 0A          ASL A                  A:0A14 X:0000 Y:0002 S:0131 D:0E68 DB:86 nvMXdizC V:253 H:214 F:41
	80D543 AA          TAX                    A:0A28 X:0000 Y:0002 S:0131 D:0E68 DB:86 nvMXdizc V:253 H:217 F:41
	80D544 7C DD F8    JMP ($F8DD,X) [80F905] A:0A28 X:0028 Y:0002 S:0131 D:0E68 DB:86 nvMXdizc V:253 H:220 F:41

	80FA15 22 44 B1 83 JSL $83B144   [83B144] A:0A28 X:0028 Y:0002 S:0131 D:0E68 DB:86 nvMXdizc V:253 H:229 F:41

		83B144 A6 01       LDX $01       [000E69] A:0A28 X:0028 Y:0002 S:012E D:0E68 DB:86 nvMXdizc V:253 H:242 F:41
		83B146 7C 49 B1    JMP ($B149,X) [83B14D] A:0A28 X:0004 Y:0002 S:012E D:0E68 DB:86 nvMXdizc V:253 H:249 F:41

		83B2E8 A6 02       LDX $02       [000E6A] A:0A28 X:0004 Y:0002 S:012E D:0E68 DB:86 nvMXdizc V:253 H:258 F:41
		83B2EA FC DA B3    JSR ($B3DA,X) [83B3DE] A:0A28 X:0004 Y:0002 S:012E D:0E68 DB:86 nvMXdizc V:253 H:264 F:41

			83B5F5 A6 03       LDX $03       [000E6B] A:0A28 X:0004 Y:0002 S:012C D:0E68 DB:86 nvMXdizc V:253 H:277 F:41
			83B5F7 7C FA B5    JMP ($B5FA,X) [83B5FE] A:0A28 X:0004 Y:0002 S:012C D:0E68 DB:86 nvMXdizc V:253 H:284 F:41

			83B682 20 AA BA    JSR $BAAA     [83BAAA] A:0A28 X:0004 Y:0002 S:012C D:0E68 DB:86 nvMXdizc V:253 H:293 F:41			JSR $83BAAA --> Decrease E-CDKnockback, Knocks Enemy back 02 pixels if Enemy is hit

				83BAAA A5 3C       LDA $3C       [000EA4] A:0A28 X:0004 Y:0002 S:012A D:0E68 DB:86 nvMXdizc V:253 H:303 F:41
				83BAAC F0 1B       BEQ $001B     [83BAC9] A:0A00 X:0004 Y:0002 S:012A D:0E68 DB:86 nvMXdiZc V:253 H:309 F:41		Branch because E-CDKnockback = #$00
				83BAC9 60          RTS                    A:0A00 X:0004 Y:0002 S:012A D:0E68 DB:86 nvMXdiZc V:253 H:314 F:41		Return

			83B685 A5 34       LDA $34       [000E9C] A:0A00 X:0004 Y:0002 S:012C D:0E68 DB:86 nvMXdiZc V:253 H:323 F:41		
			83B687 F0 02       BEQ $0002     [83B68B] A:0A00 X:0004 Y:0002 S:012C D:0E68 DB:86 nvMXdiZc V:253 H:329 F:41			Branch because CD2 = #$00
			83B68B C6 3B       DEC $3B       [000EA3] A:0A00 X:0004 Y:0002 S:012C D:0E68 DB:86 nvMXdiZc V:253 H:334 F:41			Decrease E-CDGuard
			83B68D D0 0D       BNE $000D     [83B69C] A:0A00 X:0004 Y:0002 S:012C D:0E68 DB:86 nvMXdizc V:254 H:  4 F:41			Branch because E-CDGuard <> #$00
			83B69C 60          RTS                    A:0A00 X:0004 Y:0002 S:012C D:0E68 DB:86 nvMXdizc V:254 H:  8 F:41			Return

		83B2ED A5 27       LDA $27       [000E8F] A:0A00 X:0004 Y:0002 S:012E D:0E68 DB:86 nvMXdizc V:254 H: 18 F:41
		83B2EF 85 39       STA $39       [000EA1] A:0A20 X:0004 Y:0002 S:012E D:0E68 DB:86 nvMXdizc V:254 H: 25 F:41
		83B2F1 A5 35       LDA $35       [000E9D] A:0A20 X:0004 Y:0002 S:012E D:0E68 DB:86 nvMXdizc V:254 H: 31 F:41
		83B2F3 04 11       TSB $11       [000E79] A:0A0A X:0004 Y:0002 S:012E D:0E68 DB:86 nvMXdizc V:254 H: 38 F:41
		83B2F5 A5 37       LDA $37       [000E9F] A:0A0A X:0004 Y:0002 S:012E D:0E68 DB:86 nvMXdizc V:254 H: 48 F:41
		83B2F7 30 08       BMI $0008     [83B301] A:0A01 X:0004 Y:0002 S:012E D:0E68 DB:86 nvMXdizc V:254 H: 54 F:41
		83B2F9 29 01       AND #$01               A:0A01 X:0004 Y:0002 S:012E D:0E68 DB:86 nvMXdizc V:254 H: 57 F:41
		83B2FB F0 0C       BEQ $000C     [83B309] A:0A01 X:0004 Y:0002 S:012E D:0E68 DB:86 nvMXdizc V:254 H: 60 F:41
		83B2FD A9 00       LDA #$00               A:0A01 X:0004 Y:0002 S:012E D:0E68 DB:86 nvMXdizc V:254 H: 63 F:41
		83B2FF 80 0A       BRA $000A     [83B30B] A:0A00 X:0004 Y:0002 S:012E D:0E68 DB:86 nvMXdiZc V:254 H: 66 F:41
		83B30B 85 28       STA $28       [000E90] A:0A00 X:0004 Y:0002 S:012E D:0E68 DB:86 nvMXdiZc V:254 H: 71 F:41
		83B30D A5 38       LDA $38       [000EA0] A:0A00 X:0004 Y:0002 S:012E D:0E68 DB:86 nvMXdiZc V:254 H: 77 F:41
		83B30F F0 19       BEQ $0019     [83B32A] A:0A00 X:0004 Y:0002 S:012E D:0E68 DB:86 nvMXdiZc V:254 H: 84 F:41
		83B32A 22 43 9B 84 JSL $849B43   [849B43] A:0A00 X:0004 Y:0002 S:012E D:0E68 DB:86 nvMXdiZc V:254 H: 88 F:41				JSL $849B43 --> Updates CurrMMXShotData,CurrMMXShotID. Loads routine for MMXShot hitting enemy, Sets V flag if Shot hits enemy

			849B43 C2 10       REP #$10               A:0A00 X:0004 Y:0002 S:012B D:0E68 DB:86 nvMXdiZc V:254 H:102 F:41
			849B45 A5 27       LDA $27       [000E8F] A:0A00 X:0004 Y:0002 S:012B D:0E68 DB:86 nvMxdiZc V:254 H:106 F:41
			849B47 29 7F       AND #$7F               A:0A20 X:0004 Y:0002 S:012B D:0E68 DB:86 nvMxdizc V:254 H:113 F:41
			849B49 85 27       STA $27       [000E8F] A:0A20 X:0004 Y:0002 S:012B D:0E68 DB:86 nvMxdizc V:254 H:116 F:41
			849B4B F0 2C       BEQ $002C     [849B79] A:0A20 X:0004 Y:0002 S:012B D:0E68 DB:86 nvMxdizc V:254 H:122 F:41
			849B4D A5 30       LDA $30       [000E98] A:0A20 X:0004 Y:0002 S:012B D:0E68 DB:86 nvMxdizc V:254 H:125 F:41
			849B4F D0 28       BNE $0028     [849B79] A:0A00 X:0004 Y:0002 S:012B D:0E68 DB:86 nvMxdiZc V:254 H:132 F:41
			849B51 A5 0E       LDA $0E       [000E76] A:0A00 X:0004 Y:0002 S:012B D:0E68 DB:86 nvMxdiZc V:254 H:145 F:41
			849B53 F0 24       BEQ $0024     [849B79] A:0A01 X:0004 Y:0002 S:012B D:0E68 DB:86 nvMxdizc V:254 H:151 F:41
			849B55 A2 28 12    LDX #$1228             A:0A01 X:0004 Y:0002 S:012B D:0E68 DB:86 nvMxdizc V:254 H:154 F:41
			849B58 E2 20       SEP #$20               A:0A01 X:1228 Y:0002 S:012B D:0E68 DB:86 nvMxdizc V:254 H:159 F:41
			849B5A BD 00 00    LDA $0000,X   [861228] A:0A01 X:1228 Y:0002 S:012B D:0E68 DB:86 nvMxdizc V:254 H:163 F:41
			849B5D F0 0E       BEQ $000E     [849B6D] A:0A01 X:1228 Y:0002 S:012B D:0E68 DB:86 nvMxdizc V:254 H:171 F:41			Branch if MS-Exist = #$00
			849B5F BD 30 00    LDA $0030,X   [861258] A:0A01 X:1228 Y:0002 S:012B D:0E68 DB:86 nvMxdizc V:254 H:174 F:41
			849B62 D0 09       BNE $0009     [849B6D] A:0A00 X:1228 Y:0002 S:012B D:0E68 DB:86 nvMxdiZc V:254 H:182 F:41			Branch if MS-$30 <> #$00
			849B64 22 0E 9C 84 JSL $849C0E   [849C0E] A:0A00 X:1228 Y:0002 S:012B D:0E68 DB:86 nvMxdiZc V:254 H:185 F:41			JSL $849C0E --> ???? Saves values in LowRAM

				849C0E 5A          PHY                    A:0A00 X:1228 Y:0002 S:0128 D:0E68 DB:86 nvMxdiZc V:254 H:199 F:41
				849C0F A4 20       LDY $20       [000E88] A:0A00 X:1228 Y:0002 S:0126 D:0E68 DB:86 nvMxdiZc V:254 H:206 F:41
				849C11 D0 03       BNE $0003     [849C16] A:0A00 X:1228 Y:C94F S:0126 D:0E68 DB:86 NvMxdizc V:254 H:214 F:41
				849C16 BC 20 00    LDY $0020,X   [861248] A:0A00 X:1228 Y:C94F S:0126 D:0E68 DB:86 NvMxdizc V:254 H:219 F:41
				849C19 D0 03       BNE $0003     [849C1E] A:0A00 X:1228 Y:BF34 S:0126 D:0E68 DB:86 NvMxdizc V:254 H:229 F:41
				849C1E C2 20       REP #$20               A:0A00 X:1228 Y:BF34 S:0126 D:0E68 DB:86 NvMxdizc V:254 H:233 F:41
				849C20 DA          PHX                    A:0A00 X:1228 Y:BF34 S:0126 D:0E68 DB:86 Nvmxdizc V:254 H:238 F:41
				849C21 BD 05 00    LDA $0005,X   [86122D] A:0A00 X:1228 Y:BF34 S:0124 D:0E68 DB:86 Nvmxdizc V:254 H:245 F:41
				849C24 8D 04 00    STA $0004     [860004] A:14A2 X:1228 Y:BF34 S:0124 D:0E68 DB:86 nvmxdizc V:254 H:255 F:41
				849C27 BD 08 00    LDA $0008,X   [861230] A:14A2 X:1228 Y:BF34 S:0124 D:0E68 DB:86 nvmxdizc V:254 H:263 F:41
				849C2A 8D 06 00    STA $0006     [860006] A:0A9C X:1228 Y:BF34 S:0124 D:0E68 DB:86 nvmxdizc V:254 H:273 F:41
				849C2D A5 05       LDA $05       [000E6D] A:0A9C X:1228 Y:BF34 S:0124 D:0E68 DB:86 nvmxdizc V:254 H:282 F:41
				849C2F 8D 0C 00    STA $000C     [86000C] A:14BB X:1228 Y:BF34 S:0124 D:0E68 DB:86 nvmxdizc V:254 H:290 F:41
				849C32 A5 08       LDA $08       [000E70] A:14BB X:1228 Y:BF34 S:0124 D:0E68 DB:86 nvmxdizc V:254 H:299 F:41
				849C34 8D 0E 00    STA $000E     [86000E] A:0A9D X:1228 Y:BF34 S:0124 D:0E68 DB:86 nvmxdizc V:254 H:307 F:41
				849C37 E2 20       SEP #$20               A:0A9D X:1228 Y:BF34 S:0124 D:0E68 DB:86 nvmxdizc V:254 H:316 F:41
				849C39 BD 11 00    LDA $0011,X   [861239] A:0A9D X:1228 Y:BF34 S:0124 D:0E68 DB:86 nvMxdizc V:254 H:320 F:41
				849C3C 8D 08 00    STA $0008     [860008] A:0A66 X:1228 Y:BF34 S:0124 D:0E68 DB:86 nvMxdizc V:254 H:327 F:41
				849C3F A5 11       LDA $11       [000E79] A:0A66 X:1228 Y:BF34 S:0124 D:0E68 DB:86 nvMxdizc V:254 H:334 F:41
				849C41 8D 09 00    STA $0009     [860009] A:0A2B X:1228 Y:BF34 S:0124 D:0E68 DB:86 nvMxdizc V:255 H:  0 F:41
				849C44 BC 20 00    LDY $0020,X   [861248] A:0A2B X:1228 Y:BF34 S:0124 D:0E68 DB:86 nvMxdizc V:255 H:  7 F:41
				849C47 A6 20       LDX $20       [000E88] A:0A2B X:1228 Y:BF34 S:0124 D:0E68 DB:86 NvMxdizc V:255 H: 17 F:41
				849C49 0B          PHD                    A:0A2B X:C94F Y:BF34 S:0124 D:0E68 DB:86 NvMxdizc V:255 H: 25 F:41
				849C4A F4 00 00    PEA $0000              A:0A2B X:C94F Y:BF34 S:0122 D:0E68 DB:86 NvMxdizc V:255 H: 32 F:41
				849C4D 2B          PLD                    A:0A2B X:C94F Y:BF34 S:0120 D:0E68 DB:86 NvMxdizc V:255 H: 41 F:41
				849C4E BD 02 00    LDA $0002,X   [86C951] A:0A2B X:C94F Y:BF34 S:0122 D:0000 DB:86 nvMxdiZc V:255 H: 49 F:41
				849C51 18          CLC                    A:0A10 X:C94F Y:BF34 S:0122 D:0000 DB:86 nvMxdizc V:255 H: 57 F:41
				849C52 79 02 00    ADC $0002,Y   [86BF36] A:0A10 X:C94F Y:BF34 S:0122 D:0000 DB:86 nvMxdizc V:255 H: 60 F:41
				849C55 85 00       STA $00       [000000] A:0A1A X:C94F Y:BF34 S:0122 D:0000 DB:86 nvMxdizc V:255 H: 67 F:41
				849C57 64 01       STZ $01       [000001] A:0A1A X:C94F Y:BF34 S:0122 D:0000 DB:86 nvMxdizc V:255 H: 72 F:41
				849C59 BD 03 00    LDA $0003,X   [86C952] A:0A1A X:C94F Y:BF34 S:0122 D:0000 DB:86 nvMxdizc V:255 H: 77 F:41
				849C5C 18          CLC                    A:0A13 X:C94F Y:BF34 S:0122 D:0000 DB:86 nvMxdizc V:255 H: 85 F:41
				849C5D 79 03 00    ADC $0003,Y   [86BF37] A:0A13 X:C94F Y:BF34 S:0122 D:0000 DB:86 nvMxdizc V:255 H: 88 F:41
				849C60 85 02       STA $02       [000002] A:0A1D X:C94F Y:BF34 S:0122 D:0000 DB:86 nvMxdizc V:255 H: 95 F:41
				849C62 64 03       STZ $03       [000003] A:0A1D X:C94F Y:BF34 S:0122 D:0000 DB:86 nvMxdizc V:255 H:100 F:41
				849C64 C2 21       REP #$21               A:0A1D X:C94F Y:BF34 S:0122 D:0000 DB:86 nvMxdizc V:255 H:105 F:41
				849C66 B9 00 00    LDA $0000,Y   [86BF34] A:0A1D X:C94F Y:BF34 S:0122 D:0000 DB:86 nvmxdizc V:255 H:110 F:41
				849C69 29 FF 00    AND #$00FF             A:0000 X:C94F Y:BF34 S:0122 D:0000 DB:86 nvmxdiZc V:255 H:119 F:41
				849C6C 89 80 00    BIT #$0080             A:0000 X:C94F Y:BF34 S:0122 D:0000 DB:86 nvmxdiZc V:255 H:123 F:41
				849C6F F0 03       BEQ $0003     [849C74] A:0000 X:C94F Y:BF34 S:0122 D:0000 DB:86 nvmxdiZc V:255 H:128 F:41
				849C74 24 07       BIT $07       [000007] A:0000 X:C94F Y:BF34 S:0122 D:0000 DB:86 nvmxdiZc V:255 H:132 F:41
				849C76 50 04       BVC $0004     [849C7C] A:0000 X:C94F Y:BF34 S:0122 D:0000 DB:86 nVmxdiZc V:255 H:149 F:41
				849C78 49 FF FF    EOR #$FFFF             A:0000 X:C94F Y:BF34 S:0122 D:0000 DB:86 nVmxdiZc V:255 H:152 F:41
				849C7B 1A          INC                    A:FFFF X:C94F Y:BF34 S:0122 D:0000 DB:86 NVmxdizc V:255 H:157 F:41
				849C7C 85 0A       STA $0A       [00000A] A:0000 X:C94F Y:BF34 S:0122 D:0000 DB:86 nVmxdiZc V:255 H:160 F:41
				849C7E 64 10       STZ $10       [000010] A:0000 X:C94F Y:BF34 S:0122 D:0000 DB:86 nVmxdiZc V:255 H:167 F:41
				849C80 BD 00 00    LDA $0000,X   [86C94F] A:0000 X:C94F Y:BF34 S:0122 D:0000 DB:86 nVmxdiZc V:255 H:174 F:41
				849C83 29 FF 00    AND #$00FF             A:FF00 X:C94F Y:BF34 S:0122 D:0000 DB:86 NVmxdizc V:255 H:183 F:41
				849C86 89 80 00    BIT #$0080             A:0000 X:C94F Y:BF34 S:0122 D:0000 DB:86 nVmxdiZc V:255 H:187 F:41
				849C89 F0 03       BEQ $0003     [849C8E] A:0000 X:C94F Y:BF34 S:0122 D:0000 DB:86 nVmxdiZc V:255 H:192 F:41
				849C8E 24 08       BIT $08       [000008] A:0000 X:C94F Y:BF34 S:0122 D:0000 DB:86 nVmxdiZc V:255 H:196 F:41
				849C90 50 04       BVC $0004     [849C96] A:0000 X:C94F Y:BF34 S:0122 D:0000 DB:86 nvmxdiZc V:255 H:203 F:41
				849C96 65 0C       ADC $0C       [00000C] A:0000 X:C94F Y:BF34 S:0122 D:0000 DB:86 nvmxdiZc V:255 H:208 F:41
				849C98 38          SEC                    A:14BB X:C94F Y:BF34 S:0122 D:0000 DB:86 nvmxdizc V:255 H:215 F:41
				849C99 E5 04       SBC $04       [000004] A:14BB X:C94F Y:BF34 S:0122 D:0000 DB:86 nvmxdizC V:255 H:218 F:41
				849C9B 38          SEC                    A:0019 X:C94F Y:BF34 S:0122 D:0000 DB:86 nvmxdizC V:255 H:225 F:41
				849C9C E5 0A       SBC $0A       [00000A] A:0019 X:C94F Y:BF34 S:0122 D:0000 DB:86 nvmxdizC V:255 H:228 F:41
				849C9E 10 06       BPL $0006     [849CA6] A:0019 X:C94F Y:BF34 S:0122 D:0000 DB:86 nvmxdizC V:255 H:235 F:41
				849CA6 85 04       STA $04       [000004] A:0019 X:C94F Y:BF34 S:0122 D:0000 DB:86 nvmxdizC V:255 H:239 F:41
				849CA8 A5 00       LDA $00       [000000] A:0019 X:C94F Y:BF34 S:0122 D:0000 DB:86 nvmxdizC V:255 H:246 F:41
				849CAA 38          SEC                    A:001A X:C94F Y:BF34 S:0122 D:0000 DB:86 nvmxdizC V:255 H:253 F:41
				849CAB E5 04       SBC $04       [000004] A:001A X:C94F Y:BF34 S:0122 D:0000 DB:86 nvmxdizC V:255 H:256 F:41
				849CAD 1A          INC                    A:0001 X:C94F Y:BF34 S:0122 D:0000 DB:86 nvmxdizC V:255 H:263 F:41
				849CAE 85 04       STA $04       [000004] A:0002 X:C94F Y:BF34 S:0122 D:0000 DB:86 nvmxdizC V:255 H:266 F:41
				849CB0 24 0F       BIT $0F       [00000F] A:0002 X:C94F Y:BF34 S:0122 D:0000 DB:86 nvmxdizC V:255 H:273 F:41
				849CB2 30 04       BMI $0004     [849CB8] A:0002 X:C94F Y:BF34 S:0122 D:0000 DB:86 nvmxdizC V:255 H:280 F:41
				849CB4 49 FF FF    EOR #$FFFF             A:0002 X:C94F Y:BF34 S:0122 D:0000 DB:86 nvmxdizC V:255 H:283 F:41
				849CB7 1A          INC                    A:FFFD X:C94F Y:BF34 S:0122 D:0000 DB:86 NvmxdizC V:255 H:288 F:41
				849CB8 85 00       STA $00       [000000] A:FFFE X:C94F Y:BF34 S:0122 D:0000 DB:86 NvmxdizC V:255 H:291 F:41
				849CBA 90 45       BCC $0045     [849D01] A:FFFE X:C94F Y:BF34 S:0122 D:0000 DB:86 NvmxdizC V:255 H:298 F:41
				849CBC B9 01 00    LDA $0001,Y   [86BF35] A:FFFE X:C94F Y:BF34 S:0122 D:0000 DB:86 NvmxdizC V:255 H:301 F:41
				849CBF 29 FF 00    AND #$00FF             A:0A00 X:C94F Y:BF34 S:0122 D:0000 DB:86 nvmxdizC V:255 H:310 F:41
				849CC2 89 80 00    BIT #$0080             A:0000 X:C94F Y:BF34 S:0122 D:0000 DB:86 nvmxdiZC V:255 H:314 F:41
				849CC5 F0 03       BEQ $0003     [849CCA] A:0000 X:C94F Y:BF34 S:0122 D:0000 DB:86 nvmxdiZC V:255 H:319 F:41
				849CCA 85 0A       STA $0A       [00000A] A:0000 X:C94F Y:BF34 S:0122 D:0000 DB:86 nvmxdiZC V:255 H:323 F:41
				849CCC 64 10       STZ $10       [000010] A:0000 X:C94F Y:BF34 S:0122 D:0000 DB:86 nvmxdiZC V:255 H:329 F:41
				849CCE BD 01 00    LDA $0001,X   [86C950] A:0000 X:C94F Y:BF34 S:0122 D:0000 DB:86 nvmxdiZC V:255 H:336 F:41
				849CD1 29 FF 00    AND #$00FF             A:10FF X:C94F Y:BF34 S:0122 D:0000 DB:86 nvmxdizC V:256 H:  5 F:41
				849CD4 89 80 00    BIT #$0080             A:00FF X:C94F Y:BF34 S:0122 D:0000 DB:86 nvmxdizC V:256 H: 10 F:41
				849CD7 F0 03       BEQ $0003     [849CDC] A:00FF X:C94F Y:BF34 S:0122 D:0000 DB:86 nvmxdizC V:256 H: 14 F:41
				849CD9 09 00 FF    ORA #$FF00             A:00FF X:C94F Y:BF34 S:0122 D:0000 DB:86 nvmxdizC V:256 H: 17 F:41
				849CDC 18          CLC                    A:FFFF X:C94F Y:BF34 S:0122 D:0000 DB:86 NvmxdizC V:256 H: 22 F:41
				849CDD 65 0E       ADC $0E       [00000E] A:FFFF X:C94F Y:BF34 S:0122 D:0000 DB:86 Nvmxdizc V:256 H: 25 F:41
				849CDF 38          SEC                    A:0A9C X:C94F Y:BF34 S:0122 D:0000 DB:86 nvmxdizC V:256 H: 32 F:41
				849CE0 E5 06       SBC $06       [000006] A:0A9C X:C94F Y:BF34 S:0122 D:0000 DB:86 nvmxdizC V:256 H: 35 F:41
				849CE2 38          SEC                    A:0000 X:C94F Y:BF34 S:0122 D:0000 DB:86 nvmxdiZC V:256 H: 42 F:41
				849CE3 E5 0A       SBC $0A       [00000A] A:0000 X:C94F Y:BF34 S:0122 D:0000 DB:86 nvmxdiZC V:256 H: 45 F:41
				849CE5 10 06       BPL $0006     [849CED] A:0000 X:C94F Y:BF34 S:0122 D:0000 DB:86 nvmxdiZC V:256 H: 52 F:41
				849CED 85 06       STA $06       [000006] A:0000 X:C94F Y:BF34 S:0122 D:0000 DB:86 nvmxdiZC V:256 H: 56 F:41
				849CEF A5 02       LDA $02       [000002] A:0000 X:C94F Y:BF34 S:0122 D:0000 DB:86 nvmxdiZC V:256 H: 63 F:41
				849CF1 38          SEC                    A:001D X:C94F Y:BF34 S:0122 D:0000 DB:86 nvmxdizC V:256 H: 70 F:41
				849CF2 E5 06       SBC $06       [000006] A:001D X:C94F Y:BF34 S:0122 D:0000 DB:86 nvmxdizC V:256 H: 73 F:41
				849CF4 1A          INC                    A:001D X:C94F Y:BF34 S:0122 D:0000 DB:86 nvmxdizC V:256 H: 80 F:41
				849CF5 85 06       STA $06       [000006] A:001E X:C94F Y:BF34 S:0122 D:0000 DB:86 nvmxdizC V:256 H: 83 F:41
				849CF7 24 0F       BIT $0F       [00000F] A:001E X:C94F Y:BF34 S:0122 D:0000 DB:86 nvmxdizC V:256 H: 90 F:41
				849CF9 30 04       BMI $0004     [849CFF] A:001E X:C94F Y:BF34 S:0122 D:0000 DB:86 nvmxdizC V:256 H: 97 F:41
				849CFB 49 FF FF    EOR #$FFFF             A:001E X:C94F Y:BF34 S:0122 D:0000 DB:86 nvmxdizC V:256 H:100 F:41
				849CFE 1A          INC                    A:FFE1 X:C94F Y:BF34 S:0122 D:0000 DB:86 NvmxdizC V:256 H:105 F:41
				849CFF 85 02       STA $02       [000002] A:FFE2 X:C94F Y:BF34 S:0122 D:0000 DB:86 NvmxdizC V:256 H:108 F:41
				849D01 E2 20       SEP #$20               A:FFE2 X:C94F Y:BF34 S:0122 D:0000 DB:86 NvmxdizC V:256 H:115 F:41
				849D03 2B          PLD                    A:FFE2 X:C94F Y:BF34 S:0122 D:0000 DB:86 NvMxdizC V:256 H:119 F:41
				849D04 FA          PLX                    A:FFE2 X:C94F Y:BF34 S:0124 D:0E68 DB:86 nvMxdizC V:256 H:128 F:41
				849D05 7A          PLY                    A:FFE2 X:1228 Y:BF34 S:0126 D:0E68 DB:86 nvMxdizC V:256 H:146 F:41
				849D06 6B          RTL                    A:FFE2 X:1228 Y:0002 S:0128 D:0E68 DB:86 nvMxdizC V:256 H:155 F:41

			849B68 90 03       BCC $0003     [849B6D] A:FFE2 X:1228 Y:0002 S:012B D:0E68 DB:86 nvMxdizC V:256 H:165 F:41
			849B6A 4C 15 9E    JMP $9E15     [849E15] A:FFE2 X:1228 Y:0002 S:012B D:0E68 DB:86 nvMxdizC V:256 H:168 F:41

			849E15 C2 20       REP #$20               A:FFE2 X:1228 Y:0002 S:012B D:0E68 DB:86 nvMxdizC V:256 H:173 F:41
			849E17 8E 1E 1F    STX $1F1E     [861F1E] A:FFE2 X:1228 Y:0002 S:012B D:0E68 DB:86 nvmxdizC V:256 H:177 F:41			X = CurrMMXShotData
			849E1A BD 0A 00    LDA $000A,X   [861232] A:FFE2 X:1228 Y:0002 S:012B D:0E68 DB:86 nvmxdizC V:256 H:186 F:41
			849E1D 29 FF 00    AND #$00FF             A:000C X:1228 Y:0002 S:012B D:0E68 DB:86 nvmxdizC V:256 H:196 F:41
			849E20 8D 00 00    STA $0000     [860000] A:000C X:1228 Y:0002 S:012B D:0E68 DB:86 nvmxdizC V:256 H:200 F:41			$0000 = MS-ID
			849E23 A5 28       LDA $28       [000E90] A:000C X:1228 Y:0002 S:012B D:0E68 DB:86 nvmxdizC V:256 H:209 F:41
			849E25 29 FF 00    AND #$00FF             A:0000 X:1228 Y:0002 S:012B D:0E68 DB:86 nvmxdiZC V:256 H:217 F:41
			849E28 0A          ASL A                  A:0000 X:1228 Y:0002 S:012B D:0E68 DB:86 nvmxdiZC V:256 H:222 F:41
			849E29 A8          TAY                    A:0000 X:1228 Y:0002 S:012B D:0E68 DB:86 nvmxdiZc V:256 H:225 F:41			Y = E-DamageState*2
			849E2A B9 37 EF    LDA $EF37,Y   [86EF37] A:0000 X:1228 Y:0000 S:012B D:0E68 DB:86 nvmxdiZc V:256 H:228 F:41		
			849E2D 18          CLC                    A:0082 X:1228 Y:0000 S:012B D:0E68 DB:86 nvmxdizc V:256 H:237 F:41			|Y = [$86EF37, E-DamageState*2] + MS-ID --> Pointer for damage table
			849E2E 6D 00 00    ADC $0000     [860000] A:0082 X:1228 Y:0000 S:012B D:0E68 DB:86 nvmxdizc V:256 H:240 F:41			|  = [$86EF37] + MS-ID
			849E31 A8          TAY                    A:008E X:1228 Y:0000 S:012B D:0E68 DB:86 nvmxdizc V:256 H:248 F:41			|  = #$0082 + #$000C = #$008E
			849E32 E2 20       SEP #$20               A:008E X:1228 Y:008E S:012B D:0E68 DB:86 nvmxdizc V:256 H:251 F:41
			849E34 9C 05 00    STZ $0005     [860005] A:008E X:1228 Y:008E S:012B D:0E68 DB:86 nvMxdizc V:256 H:256 F:41			$0005 = #$00
			849E37 AD 00 00    LDA $0000     [860000] A:008E X:1228 Y:008E S:012B D:0E68 DB:86 nvMxdizc V:256 H:262 F:41
			849E3A 8D 1D 1F    STA $1F1D     [861F1D] A:000C X:1228 Y:008E S:012B D:0E68 DB:86 nvMxdizc V:256 H:269 F:41			CurrMMXShotID = MS-ID
			849E3D A9 01       LDA #$01               A:000C X:1228 Y:008E S:012B D:0E68 DB:86 nvMxdizc V:256 H:275 F:41
			849E3F 8D 04 00    STA $0004     [860004] A:0001 X:1228 Y:008E S:012B D:0E68 DB:86 nvMxdizc V:256 H:278 F:41			$0004 = #$01
			849E42 A9 00       LDA #$00               A:0001 X:1228 Y:008E S:012B D:0E68 DB:86 nvMxdizc V:256 H:285 F:41		
			849E44 EB          XBA                    A:0000 X:1228 Y:008E S:012B D:0E68 DB:86 nvMxdiZc V:256 H:288 F:41
			849E45 B9 37 EF    LDA $EF37,Y   [86EFC5] A:0000 X:1228 Y:008E S:012B D:0E68 DB:86 nvMxdiZc V:256 H:292 F:41			A = [$86EF37,Y] = [$86EFC5] = #$80
			849E48 10 0E       BPL $000E     [849E58] A:0080 X:1228 Y:008E S:012B D:0E68 DB:86 NvMxdizc V:256 H:300 F:41			Branch because A is not positive
			849E4A 8E 00 00    STX $0000     [860000] A:0080 X:1228 Y:008E S:012B D:0E68 DB:86 NvMxdizc V:256 H:303 F:41			$0000 = CurrMMXShotData
			849E4D 29 7F       AND #$7F               A:0080 X:1228 Y:008E S:012B D:0E68 DB:86 NvMxdizc V:256 H:311 F:41
			849E4F AA          TAX                    A:0000 X:1228 Y:008E S:012B D:0E68 DB:86 nvMxdiZc V:256 H:314 F:41			X = A AND #$7F = #$00
			849E50 FC EA 9E    JSR ($9EEA,X) [849EEA] A:0000 X:0000 Y:008E S:012B D:0E68 DB:86 nvMxdiZc V:256 H:317 F:41			JSR ($849EEA,X)

				849EEE AE 00 00    LDX $0000     [860000] A:0000 X:0000 Y:008E S:0129 D:0E68 DB:86 nvMxdiZc V:256 H:329 F:41		X = $0000 = CurrMMXShotData
				849EF1 A9 04       LDA #$04               A:0000 X:1228 Y:008E S:0129 D:0E68 DB:86 nvMxdizc V:256 H:338 F:41
				849EF3 9D 01 00    STA $0001,X   [861229] A:0004 X:1228 Y:008E S:0129 D:0E68 DB:86 nvMxdizc V:257 H:  1 F:41		MS-State = #$04
				849EF6 9E 02 00    STZ $0002,X   [86122A] A:0004 X:1228 Y:008E S:0129 D:0E68 DB:86 nvMxdizc V:257 H:  9 F:41		MS-Action = #$00
				849EF9 BD 0A 00    LDA $000A,X   [861232] A:0004 X:1228 Y:008E S:0129 D:0E68 DB:86 nvMxdizc V:257 H: 17 F:41
				849EFC C9 1D       CMP #$1D               A:000C X:1228 Y:008E S:0129 D:0E68 DB:86 nvMxdizc V:257 H: 25 F:41
				849EFE F0 03       BEQ $0003     [849F03] A:000C X:1228 Y:008E S:0129 D:0E68 DB:86 NvMxdizc V:257 H: 28 F:41		Branch if MS-ID = #$1D
				849F00 FE 30 00    INC $0030,X   [861258] A:000C X:1228 Y:008E S:0129 D:0E68 DB:86 NvMxdizc V:257 H: 31 F:41		Increase MS-$30
				849F03 9C 04 00    STZ $0004     [860004] A:000C X:1228 Y:008E S:0129 D:0E68 DB:86 nvMxdizc V:257 H: 42 F:41		$0004 = #$00
				849F06 EE 05 00    INC $0005     [860005] A:000C X:1228 Y:008E S:0129 D:0E68 DB:86 nvMxdizc V:257 H: 49 F:41		Increase $0005
				849F09 A9 10       LDA #$10               A:000C X:1228 Y:008E S:0129 D:0E68 DB:86 nvMxdizc V:257 H: 59 F:41
				849F0B 22 A2 88 80 JSL $8088A2   [8088A2] A:0010 X:1228 Y:008E S:0129 D:0E68 DB:86 nvMxdizc V:257 H: 62 F:41		JSL $8088A2 --> Play Sound Effect (A = Sound Effect ID)

					8088A2 DA          PHX                    A:0010 X:1228 Y:008E S:0126 D:0E68 DB:86 nvMxdizc V:257 H: 75 F:41
					8088A3 5A          PHY                    A:0010 X:1228 Y:008E S:0124 D:0E68 DB:86 nvMxdizc V:257 H: 82 F:41
					8088A4 08          PHP                    A:0010 X:1228 Y:008E S:0122 D:0E68 DB:86 nvMxdizc V:257 H: 89 F:41
					8088A5 C2 20       REP #$20               A:0010 X:1228 Y:008E S:0121 D:0E68 DB:86 nvMxdizc V:257 H: 94 F:41
					8088A7 E2 10       SEP #$10               A:0010 X:1228 Y:008E S:0121 D:0E68 DB:86 nvmxdizc V:257 H: 99 F:41
					8088A9 48          PHA                    A:0010 X:0028 Y:008E S:0121 D:0E68 DB:86 nvmXdizc V:257 H:103 F:41
					8088AA A5 05       LDA $05       [000E6D] A:0010 X:0028 Y:008E S:011F D:0E68 DB:86 nvmXdizc V:257 H:110 F:41
					8088AC 38          SEC                    A:14BB X:0028 Y:008E S:011F D:0E68 DB:86 nvmXdizc V:257 H:119 F:41
					8088AD ED AD 0B    SBC $0BAD     [860BAD] A:14BB X:0028 Y:008E S:011F D:0E68 DB:86 nvmXdizC V:257 H:122 F:41
					8088B0 10 0E       BPL $000E     [8088C0] A:00A4 X:0028 Y:008E S:011F D:0E68 DB:86 nvmXdizC V:257 H:130 F:41
					8088C0 4A          LSR A                  A:00A4 X:0028 Y:008E S:011F D:0E68 DB:86 nvmXdizC V:257 H:145 F:41
					8088C1 C9 7F 00    CMP #$007F             A:0052 X:0028 Y:008E S:011F D:0E68 DB:86 nvmXdizc V:257 H:148 F:41
					8088C4 30 03       BMI $0003     [8088C9] A:0052 X:0028 Y:008E S:011F D:0E68 DB:86 NvmXdizc V:257 H:152 F:41
					8088C9 A8          TAY                    A:0052 X:0028 Y:008E S:011F D:0E68 DB:86 NvmXdizc V:257 H:157 F:41
					8088CA 68          PLA                    A:0052 X:0028 Y:0052 S:011F D:0E68 DB:86 nvmXdizc V:257 H:160 F:41
					8088CB 80 07       BRA $0007     [8088D4] A:0010 X:0028 Y:0052 S:0121 D:0E68 DB:86 nvmXdizc V:257 H:168 F:41
					8088D4 E2 31       SEP #$31               A:0010 X:0028 Y:0052 S:0121 D:0E68 DB:86 nvmXdizc V:257 H:173 F:41
					8088D6 AE A3 0B    LDX $0BA3     [860BA3] A:0010 X:0028 Y:0052 S:0121 D:0E68 DB:86 nvMXdizC V:257 H:177 F:41
					8088D9 9D 72 0B    STA $0B72,X   [860B7A] A:0010 X:0008 Y:0052 S:0121 D:0E68 DB:86 nvMXdizC V:257 H:184 F:41
					8088DC 98          TYA                    A:0010 X:0008 Y:0052 S:0121 D:0E68 DB:86 nvMXdizC V:257 H:192 F:41
					8088DD 9D 73 0B    STA $0B73,X   [860B7B] A:0052 X:0008 Y:0052 S:0121 D:0E68 DB:86 nvMXdizC V:257 H:195 F:41
					8088E0 E8          INX                    A:0052 X:0008 Y:0052 S:0121 D:0E68 DB:86 nvMXdizC V:257 H:203 F:41
					8088E1 E8          INX                    A:0052 X:0009 Y:0052 S:0121 D:0E68 DB:86 nvMXdizC V:257 H:206 F:41
					8088E2 8A          TXA                    A:0052 X:000A Y:0052 S:0121 D:0E68 DB:86 nvMXdizC V:257 H:209 F:41
					8088E3 29 1E       AND #$1E               A:000A X:000A Y:0052 S:0121 D:0E68 DB:86 nvMXdizC V:257 H:212 F:41
					8088E5 8D A3 0B    STA $0BA3     [860BA3] A:000A X:000A Y:0052 S:0121 D:0E68 DB:86 nvMXdizC V:257 H:215 F:41
					8088E8 28          PLP                    A:000A X:000A Y:0052 S:0121 D:0E68 DB:86 nvMXdizC V:257 H:221 F:41
					8088E9 7A          PLY                    A:000A X:000A Y:0052 S:0122 D:0E68 DB:86 nvMxdizc V:257 H:228 F:41
					8088EA FA          PLX                    A:000A X:000A Y:008E S:0124 D:0E68 DB:86 nvMxdizc V:257 H:236 F:41
					8088EB 6B          RTL                    A:000A X:1228 Y:008E S:0126 D:0E68 DB:86 nvMxdizc V:257 H:245 F:41

				849F0F 60          RTS                    A:000A X:1228 Y:008E S:0129 D:0E68 DB:86 nvMxdizc V:257 H:255 F:41

			849E53 AE 00 00    LDX $0000     [860000] A:000A X:1228 Y:008E S:012B D:0E68 DB:86 nvMxdizc V:257 H:265 F:41			X = $0000 = CurrMMXShotData
			849E56 80 51       BRA $0051     [849EA9] A:000A X:1228 Y:008E S:012B D:0E68 DB:86 nvMxdizc V:257 H:274 F:41
			849EA9 A9 00       LDA #$00               A:000A X:1228 Y:008E S:012B D:0E68 DB:86 nvMxdizc V:257 H:278 F:41
			849EAB 8D 1B 1F    STA $1F1B     [861F1B] A:0000 X:1228 Y:008E S:012B D:0E68 DB:86 nvMxdiZc V:257 H:281 F:41			CurrMMXShotFac = Left
			849EAE BC 1A 00    LDY $001A,X   [861242] A:0000 X:1228 Y:008E S:012B D:0E68 DB:86 nvMxdiZc V:257 H:288 F:41			Y = MS-X-Vel
			849EB1 F0 09       BEQ $0009     [849EBC] A:0000 X:1228 Y:0300 S:012B D:0E68 DB:86 nvMxdizc V:257 H:298 F:41			Branch if MS-X-Vel = #$00
			849EB3 10 10       BPL $0010     [849EC5] A:0000 X:1228 Y:0300 S:012B D:0E68 DB:86 nvMxdizc V:257 H:301 F:41			Branch because MS-X-Vel is positive
			849EC5 AD 04 00    LDA $0004     [860004] A:0000 X:1228 Y:0300 S:012B D:0E68 DB:86 nvMxdizc V:257 H:305 F:41
			849EC8 48          PHA                    A:0000 X:1228 Y:0300 S:012B D:0E68 DB:86 nvMxdiZc V:257 H:312 F:41			Push A = $0004 = #$00
			849EC9 AD 05 00    LDA $0005     [860005] A:0000 X:1228 Y:0300 S:012A D:0E68 DB:86 nvMxdiZc V:257 H:317 F:41
			849ECC 48          PHA                    A:0001 X:1228 Y:0300 S:012A D:0E68 DB:86 nvMxdizc V:257 H:323 F:41			Push A = $0005 = #$01
			849ECD DA          PHX                    A:0001 X:1228 Y:0300 S:0129 D:0E68 DB:86 nvMxdizc V:257 H:327 F:41			Push X = MMXShotData
			849ECE 22 4E A5 84 JSL $84A54E   [84A54E] A:0001 X:1228 Y:0300 S:0127 D:0E68 DB:86 nvMxdizc V:257 H:334 F:41			JSL $84A5AE --> ???? Compares MX-Hitbox and E-Hitbox

				84A54E 08          PHP                    A:0001 X:1228 Y:0300 S:0124 D:0E68 DB:86 nvMxdizc V:258 H:  8 F:41
				84A54F E2 20       SEP #$20               A:0001 X:1228 Y:0300 S:0123 D:0E68 DB:86 nvMxdizc V:258 H: 13 F:41
				84A551 22 0E 9C 84 JSL $849C0E   [849C0E] A:0001 X:1228 Y:0300 S:0123 D:0E68 DB:86 nvMxdizc V:258 H: 17 F:41		JSL $849C0E --> ???? Saves values in LowRAM

					849C0E 5A          PHY                    A:0001 X:1228 Y:0300 S:0120 D:0E68 DB:86 nvMxdizc V:258 H: 31 F:41
					849C0F A4 20       LDY $20       [000E88] A:0001 X:1228 Y:0300 S:011E D:0E68 DB:86 nvMxdizc V:258 H: 38 F:41
					849C11 D0 03       BNE $0003     [849C16] A:0001 X:1228 Y:C94F S:011E D:0E68 DB:86 NvMxdizc V:258 H: 46 F:41
					849C16 BC 20 00    LDY $0020,X   [861248] A:0001 X:1228 Y:C94F S:011E D:0E68 DB:86 NvMxdizc V:258 H: 51 F:41
					849C19 D0 03       BNE $0003     [849C1E] A:0001 X:1228 Y:BF34 S:011E D:0E68 DB:86 NvMxdizc V:258 H: 61 F:41
					849C1E C2 20       REP #$20               A:0001 X:1228 Y:BF34 S:011E D:0E68 DB:86 NvMxdizc V:258 H: 65 F:41
					849C20 DA          PHX                    A:0001 X:1228 Y:BF34 S:011E D:0E68 DB:86 Nvmxdizc V:258 H: 70 F:41
					849C21 BD 05 00    LDA $0005,X   [86122D] A:0001 X:1228 Y:BF34 S:011C D:0E68 DB:86 Nvmxdizc V:258 H: 77 F:41
					849C24 8D 04 00    STA $0004     [860004] A:14A2 X:1228 Y:BF34 S:011C D:0E68 DB:86 nvmxdizc V:258 H: 87 F:41
					849C27 BD 08 00    LDA $0008,X   [861230] A:14A2 X:1228 Y:BF34 S:011C D:0E68 DB:86 nvmxdizc V:258 H: 95 F:41
					849C2A 8D 06 00    STA $0006     [860006] A:0A9C X:1228 Y:BF34 S:011C D:0E68 DB:86 nvmxdizc V:258 H:105 F:41
					849C2D A5 05       LDA $05       [000E6D] A:0A9C X:1228 Y:BF34 S:011C D:0E68 DB:86 nvmxdizc V:258 H:114 F:41
					849C2F 8D 0C 00    STA $000C     [86000C] A:14BB X:1228 Y:BF34 S:011C D:0E68 DB:86 nvmxdizc V:258 H:122 F:41
					849C32 A5 08       LDA $08       [000E70] A:14BB X:1228 Y:BF34 S:011C D:0E68 DB:86 nvmxdizc V:258 H:131 F:41
					849C34 8D 0E 00    STA $000E     [86000E] A:0A9D X:1228 Y:BF34 S:011C D:0E68 DB:86 nvmxdizc V:258 H:149 F:41
					849C37 E2 20       SEP #$20               A:0A9D X:1228 Y:BF34 S:011C D:0E68 DB:86 nvmxdizc V:258 H:158 F:41
					849C39 BD 11 00    LDA $0011,X   [861239] A:0A9D X:1228 Y:BF34 S:011C D:0E68 DB:86 nvMxdizc V:258 H:162 F:41
					849C3C 8D 08 00    STA $0008     [860008] A:0A66 X:1228 Y:BF34 S:011C D:0E68 DB:86 nvMxdizc V:258 H:170 F:41
					849C3F A5 11       LDA $11       [000E79] A:0A66 X:1228 Y:BF34 S:011C D:0E68 DB:86 nvMxdizc V:258 H:177 F:41
					849C41 8D 09 00    STA $0009     [860009] A:0A2B X:1228 Y:BF34 S:011C D:0E68 DB:86 nvMxdizc V:258 H:183 F:41
					849C44 BC 20 00    LDY $0020,X   [861248] A:0A2B X:1228 Y:BF34 S:011C D:0E68 DB:86 nvMxdizc V:258 H:190 F:41
					849C47 A6 20       LDX $20       [000E88] A:0A2B X:1228 Y:BF34 S:011C D:0E68 DB:86 NvMxdizc V:258 H:200 F:41
					849C49 0B          PHD                    A:0A2B X:C94F Y:BF34 S:011C D:0E68 DB:86 NvMxdizc V:258 H:208 F:41
					849C4A F4 00 00    PEA $0000              A:0A2B X:C94F Y:BF34 S:011A D:0E68 DB:86 NvMxdizc V:258 H:215 F:41
					849C4D 2B          PLD                    A:0A2B X:C94F Y:BF34 S:0118 D:0E68 DB:86 NvMxdizc V:258 H:224 F:41
					849C4E BD 02 00    LDA $0002,X   [86C951] A:0A2B X:C94F Y:BF34 S:011A D:0000 DB:86 nvMxdiZc V:258 H:232 F:41
					849C51 18          CLC                    A:0A10 X:C94F Y:BF34 S:011A D:0000 DB:86 nvMxdizc V:258 H:240 F:41
					849C52 79 02 00    ADC $0002,Y   [86BF36] A:0A10 X:C94F Y:BF34 S:011A D:0000 DB:86 nvMxdizc V:258 H:243 F:41
					849C55 85 00       STA $00       [000000] A:0A1A X:C94F Y:BF34 S:011A D:0000 DB:86 nvMxdizc V:258 H:250 F:41
					849C57 64 01       STZ $01       [000001] A:0A1A X:C94F Y:BF34 S:011A D:0000 DB:86 nvMxdizc V:258 H:255 F:41
					849C59 BD 03 00    LDA $0003,X   [86C952] A:0A1A X:C94F Y:BF34 S:011A D:0000 DB:86 nvMxdizc V:258 H:260 F:41
					849C5C 18          CLC                    A:0A13 X:C94F Y:BF34 S:011A D:0000 DB:86 nvMxdizc V:258 H:268 F:41
					849C5D 79 03 00    ADC $0003,Y   [86BF37] A:0A13 X:C94F Y:BF34 S:011A D:0000 DB:86 nvMxdizc V:258 H:271 F:41
					849C60 85 02       STA $02       [000002] A:0A1D X:C94F Y:BF34 S:011A D:0000 DB:86 nvMxdizc V:258 H:278 F:41
					849C62 64 03       STZ $03       [000003] A:0A1D X:C94F Y:BF34 S:011A D:0000 DB:86 nvMxdizc V:258 H:283 F:41
					849C64 C2 21       REP #$21               A:0A1D X:C94F Y:BF34 S:011A D:0000 DB:86 nvMxdizc V:258 H:288 F:41
					849C66 B9 00 00    LDA $0000,Y   [86BF34] A:0A1D X:C94F Y:BF34 S:011A D:0000 DB:86 nvmxdizc V:258 H:293 F:41
					849C69 29 FF 00    AND #$00FF             A:0000 X:C94F Y:BF34 S:011A D:0000 DB:86 nvmxdiZc V:258 H:302 F:41
					849C6C 89 80 00    BIT #$0080             A:0000 X:C94F Y:BF34 S:011A D:0000 DB:86 nvmxdiZc V:258 H:306 F:41
					849C6F F0 03       BEQ $0003     [849C74] A:0000 X:C94F Y:BF34 S:011A D:0000 DB:86 nvmxdiZc V:258 H:311 F:41
					849C74 24 07       BIT $07       [000007] A:0000 X:C94F Y:BF34 S:011A D:0000 DB:86 nvmxdiZc V:258 H:315 F:41
					849C76 50 04       BVC $0004     [849C7C] A:0000 X:C94F Y:BF34 S:011A D:0000 DB:86 nVmxdiZc V:258 H:322 F:41
					849C78 49 FF FF    EOR #$FFFF             A:0000 X:C94F Y:BF34 S:011A D:0000 DB:86 nVmxdiZc V:258 H:325 F:41
					849C7B 1A          INC                    A:FFFF X:C94F Y:BF34 S:011A D:0000 DB:86 NVmxdizc V:258 H:329 F:41
					849C7C 85 0A       STA $0A       [00000A] A:0000 X:C94F Y:BF34 S:011A D:0000 DB:86 nVmxdiZc V:258 H:332 F:41
					849C7E 64 10       STZ $10       [000010] A:0000 X:C94F Y:BF34 S:011A D:0000 DB:86 nVmxdiZc V:258 H:339 F:41
					849C80 BD 00 00    LDA $0000,X   [86C94F] A:0000 X:C94F Y:BF34 S:011A D:0000 DB:86 nVmxdiZc V:259 H:  6 F:41
					849C83 29 FF 00    AND #$00FF             A:FF00 X:C94F Y:BF34 S:011A D:0000 DB:86 NVmxdizc V:259 H: 15 F:41
					849C86 89 80 00    BIT #$0080             A:0000 X:C94F Y:BF34 S:011A D:0000 DB:86 nVmxdiZc V:259 H: 19 F:41
					849C89 F0 03       BEQ $0003     [849C8E] A:0000 X:C94F Y:BF34 S:011A D:0000 DB:86 nVmxdiZc V:259 H: 24 F:41
					849C8E 24 08       BIT $08       [000008] A:0000 X:C94F Y:BF34 S:011A D:0000 DB:86 nVmxdiZc V:259 H: 28 F:41
					849C90 50 04       BVC $0004     [849C96] A:0000 X:C94F Y:BF34 S:011A D:0000 DB:86 nvmxdiZc V:259 H: 35 F:41
					849C96 65 0C       ADC $0C       [00000C] A:0000 X:C94F Y:BF34 S:011A D:0000 DB:86 nvmxdiZc V:259 H: 40 F:41
					849C98 38          SEC                    A:14BB X:C94F Y:BF34 S:011A D:0000 DB:86 nvmxdizc V:259 H: 47 F:41
					849C99 E5 04       SBC $04       [000004] A:14BB X:C94F Y:BF34 S:011A D:0000 DB:86 nvmxdizC V:259 H: 50 F:41
					849C9B 38          SEC                    A:0019 X:C94F Y:BF34 S:011A D:0000 DB:86 nvmxdizC V:259 H: 57 F:41
					849C9C E5 0A       SBC $0A       [00000A] A:0019 X:C94F Y:BF34 S:011A D:0000 DB:86 nvmxdizC V:259 H: 60 F:41
					849C9E 10 06       BPL $0006     [849CA6] A:0019 X:C94F Y:BF34 S:011A D:0000 DB:86 nvmxdizC V:259 H: 67 F:41
					849CA6 85 04       STA $04       [000004] A:0019 X:C94F Y:BF34 S:011A D:0000 DB:86 nvmxdizC V:259 H: 71 F:41
					849CA8 A5 00       LDA $00       [000000] A:0019 X:C94F Y:BF34 S:011A D:0000 DB:86 nvmxdizC V:259 H: 78 F:41
					849CAA 38          SEC                    A:001A X:C94F Y:BF34 S:011A D:0000 DB:86 nvmxdizC V:259 H: 85 F:41
					849CAB E5 04       SBC $04       [000004] A:001A X:C94F Y:BF34 S:011A D:0000 DB:86 nvmxdizC V:259 H: 88 F:41
					849CAD 1A          INC                    A:0001 X:C94F Y:BF34 S:011A D:0000 DB:86 nvmxdizC V:259 H: 95 F:41
					849CAE 85 04       STA $04       [000004] A:0002 X:C94F Y:BF34 S:011A D:0000 DB:86 nvmxdizC V:259 H: 98 F:41
					849CB0 24 0F       BIT $0F       [00000F] A:0002 X:C94F Y:BF34 S:011A D:0000 DB:86 nvmxdizC V:259 H:105 F:41
					849CB2 30 04       BMI $0004     [849CB8] A:0002 X:C94F Y:BF34 S:011A D:0000 DB:86 nvmxdizC V:259 H:112 F:41
					849CB4 49 FF FF    EOR #$FFFF             A:0002 X:C94F Y:BF34 S:011A D:0000 DB:86 nvmxdizC V:259 H:115 F:41
					849CB7 1A          INC                    A:FFFD X:C94F Y:BF34 S:011A D:0000 DB:86 NvmxdizC V:259 H:120 F:41
					849CB8 85 00       STA $00       [000000] A:FFFE X:C94F Y:BF34 S:011A D:0000 DB:86 NvmxdizC V:259 H:123 F:41
					849CBA 90 45       BCC $0045     [849D01] A:FFFE X:C94F Y:BF34 S:011A D:0000 DB:86 NvmxdizC V:259 H:130 F:41
					849CBC B9 01 00    LDA $0001,Y   [86BF35] A:FFFE X:C94F Y:BF34 S:011A D:0000 DB:86 NvmxdizC V:259 H:133 F:41
					849CBF 29 FF 00    AND #$00FF             A:0A00 X:C94F Y:BF34 S:011A D:0000 DB:86 nvmxdizC V:259 H:152 F:41
					849CC2 89 80 00    BIT #$0080             A:0000 X:C94F Y:BF34 S:011A D:0000 DB:86 nvmxdiZC V:259 H:156 F:41
					849CC5 F0 03       BEQ $0003     [849CCA] A:0000 X:C94F Y:BF34 S:011A D:0000 DB:86 nvmxdiZC V:259 H:161 F:41
					849CCA 85 0A       STA $0A       [00000A] A:0000 X:C94F Y:BF34 S:011A D:0000 DB:86 nvmxdiZC V:259 H:165 F:41
					849CCC 64 10       STZ $10       [000010] A:0000 X:C94F Y:BF34 S:011A D:0000 DB:86 nvmxdiZC V:259 H:172 F:41
					849CCE BD 01 00    LDA $0001,X   [86C950] A:0000 X:C94F Y:BF34 S:011A D:0000 DB:86 nvmxdiZC V:259 H:179 F:41
					849CD1 29 FF 00    AND #$00FF             A:10FF X:C94F Y:BF34 S:011A D:0000 DB:86 nvmxdizC V:259 H:188 F:41
					849CD4 89 80 00    BIT #$0080             A:00FF X:C94F Y:BF34 S:011A D:0000 DB:86 nvmxdizC V:259 H:193 F:41
					849CD7 F0 03       BEQ $0003     [849CDC] A:00FF X:C94F Y:BF34 S:011A D:0000 DB:86 nvmxdizC V:259 H:197 F:41
					849CD9 09 00 FF    ORA #$FF00             A:00FF X:C94F Y:BF34 S:011A D:0000 DB:86 nvmxdizC V:259 H:200 F:41
					849CDC 18          CLC                    A:FFFF X:C94F Y:BF34 S:011A D:0000 DB:86 NvmxdizC V:259 H:205 F:41
					849CDD 65 0E       ADC $0E       [00000E] A:FFFF X:C94F Y:BF34 S:011A D:0000 DB:86 Nvmxdizc V:259 H:208 F:41
					849CDF 38          SEC                    A:0A9C X:C94F Y:BF34 S:011A D:0000 DB:86 nvmxdizC V:259 H:215 F:41
					849CE0 E5 06       SBC $06       [000006] A:0A9C X:C94F Y:BF34 S:011A D:0000 DB:86 nvmxdizC V:259 H:218 F:41
					849CE2 38          SEC                    A:0000 X:C94F Y:BF34 S:011A D:0000 DB:86 nvmxdiZC V:259 H:225 F:41
					849CE3 E5 0A       SBC $0A       [00000A] A:0000 X:C94F Y:BF34 S:011A D:0000 DB:86 nvmxdiZC V:259 H:228 F:41
					849CE5 10 06       BPL $0006     [849CED] A:0000 X:C94F Y:BF34 S:011A D:0000 DB:86 nvmxdiZC V:259 H:235 F:41
					849CED 85 06       STA $06       [000006] A:0000 X:C94F Y:BF34 S:011A D:0000 DB:86 nvmxdiZC V:259 H:239 F:41
					849CEF A5 02       LDA $02       [000002] A:0000 X:C94F Y:BF34 S:011A D:0000 DB:86 nvmxdiZC V:259 H:246 F:41
					849CF1 38          SEC                    A:001D X:C94F Y:BF34 S:011A D:0000 DB:86 nvmxdizC V:259 H:253 F:41
					849CF2 E5 06       SBC $06       [000006] A:001D X:C94F Y:BF34 S:011A D:0000 DB:86 nvmxdizC V:259 H:256 F:41
					849CF4 1A          INC                    A:001D X:C94F Y:BF34 S:011A D:0000 DB:86 nvmxdizC V:259 H:263 F:41
					849CF5 85 06       STA $06       [000006] A:001E X:C94F Y:BF34 S:011A D:0000 DB:86 nvmxdizC V:259 H:266 F:41
					849CF7 24 0F       BIT $0F       [00000F] A:001E X:C94F Y:BF34 S:011A D:0000 DB:86 nvmxdizC V:259 H:273 F:41
					849CF9 30 04       BMI $0004     [849CFF] A:001E X:C94F Y:BF34 S:011A D:0000 DB:86 nvmxdizC V:259 H:280 F:41
					849CFB 49 FF FF    EOR #$FFFF             A:001E X:C94F Y:BF34 S:011A D:0000 DB:86 nvmxdizC V:259 H:283 F:41
					849CFE 1A          INC                    A:FFE1 X:C94F Y:BF34 S:011A D:0000 DB:86 NvmxdizC V:259 H:288 F:41
					849CFF 85 02       STA $02       [000002] A:FFE2 X:C94F Y:BF34 S:011A D:0000 DB:86 NvmxdizC V:259 H:291 F:41
					849D01 E2 20       SEP #$20               A:FFE2 X:C94F Y:BF34 S:011A D:0000 DB:86 NvmxdizC V:259 H:298 F:41
					849D03 2B          PLD                    A:FFE2 X:C94F Y:BF34 S:011A D:0000 DB:86 NvMxdizC V:259 H:302 F:41
					849D04 FA          PLX                    A:FFE2 X:C94F Y:BF34 S:011C D:0E68 DB:86 nvMxdizC V:259 H:311 F:41
					849D05 7A          PLY                    A:FFE2 X:1228 Y:BF34 S:011E D:0E68 DB:86 nvMxdizC V:259 H:319 F:41
					849D06 6B          RTL                    A:FFE2 X:1228 Y:0300 S:0120 D:0E68 DB:86 nvMxdizC V:259 H:327 F:41

				84A555 8E 10 00    STX $0010     [860010] A:FFE2 X:1228 Y:0300 S:0123 D:0E68 DB:86 nvMxdizC V:259 H:337 F:41		$0010 = X = CurrMMXShotData
				84A558 9B          TXY                    A:FFE2 X:1228 Y:0300 S:0123 D:0E68 DB:86 nvMxdizC V:260 H:  6 F:41		
				84A559 BE 20 00    LDX $0020,Y   [861248] A:FFE2 X:1228 Y:1228 S:0123 D:0E68 DB:86 nvMxdizC V:260 H:  9 F:41		Y = MS-HitPoint = #$BF34
				84A55C 9B          TXY                    A:FFE2 X:BF34 Y:1228 S:0123 D:0E68 DB:86 NvMxdizC V:260 H: 19 F:41
				84A55D A6 20       LDX $20       [000E88] A:FFE2 X:BF34 Y:BF34 S:0123 D:0E68 DB:86 NvMxdizC V:260 H: 22 F:41		X = E-HitPoint
				84A55F E2 20       SEP #$20               A:FFE2 X:C94F Y:BF34 S:0123 D:0E68 DB:86 NvMxdizC V:260 H: 30 F:41
				84A561 B9 02 00    LDA $0002,Y   [86BF36] A:FFE2 X:C94F Y:BF34 S:0123 D:0E68 DB:86 NvMxdizC V:260 H: 35 F:41		
				84A564 CD 04 00    CMP $0004     [860004] A:FF0A X:C94F Y:BF34 S:0123 D:0E68 DB:86 nvMxdizC V:260 H: 42 F:41
				84A567 90 6F       BCC $006F     [84A5D8] A:FF0A X:C94F Y:BF34 S:0123 D:0E68 DB:86 nvMxdizC V:260 H: 49 F:41
				84A569 4E 05 00    LSR $0005     [860005] A:FF0A X:C94F Y:BF34 S:0123 D:0E68 DB:86 nvMxdizC V:260 H: 52 F:41
				84A56C 6E 04 00    ROR $0004     [860004] A:FF0A X:C94F Y:BF34 S:0123 D:0E68 DB:86 nvMxdiZc V:260 H: 62 F:41
				84A56F AD 01 00    LDA $0001     [860001] A:FF0A X:C94F Y:BF34 S:0123 D:0E68 DB:86 nvMxdizc V:260 H: 72 F:41
				84A572 30 31       BMI $0031     [84A5A5] A:FFFF X:C94F Y:BF34 S:0123 D:0E68 DB:86 NvMxdizc V:260 H: 78 F:41
				84A5A5 BD 00 00    LDA $0000,X   [86C94F] A:FFFF X:C94F Y:BF34 S:0123 D:0E68 DB:86 NvMxdizc V:260 H: 83 F:41
				84A5A8 24 11       BIT $11       [000E79] A:FF00 X:C94F Y:BF34 S:0123 D:0E68 DB:86 nvMxdiZc V:260 H: 90 F:41
				84A5AA 50 03       BVC $0003     [84A5AF] A:FF00 X:C94F Y:BF34 S:0123 D:0E68 DB:86 nvMxdiZc V:260 H: 97 F:41
				84A5AF C9 00       CMP #$00               A:FF00 X:C94F Y:BF34 S:0123 D:0E68 DB:86 nvMxdiZc V:260 H:101 F:41
				84A5B1 C2 20       REP #$20               A:FF00 X:C94F Y:BF34 S:0123 D:0E68 DB:86 nvMxdiZC V:260 H:104 F:41
				84A5B3 30 05       BMI $0005     [84A5BA] A:FF00 X:C94F Y:BF34 S:0123 D:0E68 DB:86 nvmxdiZC V:260 H:109 F:41
				84A5B5 29 FF 00    AND #$00FF             A:FF00 X:C94F Y:BF34 S:0123 D:0E68 DB:86 nvmxdiZC V:260 H:112 F:41
				84A5B8 80 03       BRA $0003     [84A5BD] A:0000 X:C94F Y:BF34 S:0123 D:0E68 DB:86 nvmxdiZC V:260 H:116 F:41
				84A5BD 18          CLC                    A:0000 X:C94F Y:BF34 S:0123 D:0E68 DB:86 nvmxdiZC V:260 H:121 F:41
				84A5BE 65 05       ADC $05       [000E6D] A:0000 X:C94F Y:BF34 S:0123 D:0E68 DB:86 nvmxdiZc V:260 H:124 F:41
				84A5C0 48          PHA                    A:14BB X:C94F Y:BF34 S:0123 D:0E68 DB:86 nvmxdizc V:260 H:132 F:41
				84A5C1 BD 02 00    LDA $0002,X   [86C951] A:14BB X:C94F Y:BF34 S:0121 D:0E68 DB:86 nvmxdizc V:260 H:149 F:41
				84A5C4 29 FF 00    AND #$00FF             A:1310 X:C94F Y:BF34 S:0121 D:0E68 DB:86 nvmxdizc V:260 H:158 F:41
				84A5C7 8D 08 00    STA $0008     [860008] A:0010 X:C94F Y:BF34 S:0121 D:0E68 DB:86 nvmxdizc V:260 H:163 F:41
				84A5CA 68          PLA                    A:0010 X:C94F Y:BF34 S:0121 D:0E68 DB:86 nvmxdizc V:260 H:171 F:41
				84A5CB 38          SEC                    A:14BB X:C94F Y:BF34 S:0123 D:0E68 DB:86 nvmxdizc V:260 H:180 F:41
				84A5CC ED 08 00    SBC $0008     [860008] A:14BB X:C94F Y:BF34 S:0123 D:0E68 DB:86 nvmxdizC V:260 H:183 F:41
				84A5CF 18          CLC                    A:14AB X:C94F Y:BF34 S:0123 D:0E68 DB:86 nvmxdizC V:260 H:191 F:41
				84A5D0 6D 04 00    ADC $0004     [860004] A:14AB X:C94F Y:BF34 S:0123 D:0E68 DB:86 nvmxdizc V:260 H:194 F:41
				84A5D3 8D 00 00    STA $0000     [860000] A:14AC X:C94F Y:BF34 S:0123 D:0E68 DB:86 nvmxdizc V:260 H:203 F:41
				84A5D6 80 0D       BRA $000D     [84A5E5] A:14AC X:C94F Y:BF34 S:0123 D:0E68 DB:86 nvmxdizc V:260 H:211 F:41
				84A5E5 E2 20       SEP #$20               A:14AC X:C94F Y:BF34 S:0123 D:0E68 DB:86 nvmxdizc V:260 H:216 F:41
				84A5E7 B9 03 00    LDA $0003,Y   [86BF37] A:14AC X:C94F Y:BF34 S:0123 D:0E68 DB:86 nvMxdizc V:260 H:220 F:41
				84A5EA CD 06 00    CMP $0006     [860006] A:140A X:C94F Y:BF34 S:0123 D:0E68 DB:86 nvMxdizc V:260 H:228 F:41
				84A5ED 90 5D       BCC $005D     [84A64C] A:140A X:C94F Y:BF34 S:0123 D:0E68 DB:86 NvMxdizc V:260 H:234 F:41
				84A64C C2 20       REP #$20               A:140A X:C94F Y:BF34 S:0123 D:0E68 DB:86 NvMxdizc V:260 H:239 F:41
				84A64E AC 10 00    LDY $0010     [860010] A:140A X:C94F Y:BF34 S:0123 D:0E68 DB:86 Nvmxdizc V:260 H:243 F:41
				84A651 B9 08 00    LDA $0008,Y   [861230] A:140A X:C94F Y:1228 S:0123 D:0E68 DB:86 nvmxdizc V:260 H:252 F:41
				84A654 8D 02 00    STA $0002     [860002] A:0A9C X:C94F Y:1228 S:0123 D:0E68 DB:86 nvmxdizc V:260 H:262 F:41
				84A657 28          PLP                    A:0A9C X:C94F Y:1228 S:0123 D:0E68 DB:86 nvmxdizc V:260 H:270 F:41
				84A658 6B          RTL                    A:0A9C X:C94F Y:1228 S:0124 D:0E68 DB:86 nvMxdizc V:260 H:277 F:41

			849ED2 FA          PLX                    A:0A9C X:C94F Y:1228 S:0127 D:0E68 DB:86 nvMxdizc V:260 H:287 F:41			Pull X = MMXShotData
			849ED3 C2 20       REP #$20               A:0A9C X:1228 Y:1228 S:0129 D:0E68 DB:86 nvMxdizc V:260 H:296 F:41
			849ED5 AD 00 00    LDA $0000     [860000] A:0A9C X:1228 Y:1228 S:0129 D:0E68 DB:86 nvmxdizc V:260 H:300 F:41
			849ED8 9D 33 00    STA $0033,X   [86125B] A:14AC X:1228 Y:1228 S:0129 D:0E68 DB:86 nvmxdizc V:260 H:309 F:41
			849EDB AD 02 00    LDA $0002     [860002] A:14AC X:1228 Y:1228 S:0129 D:0E68 DB:86 nvmxdizc V:260 H:319 F:41
			849EDE 9D 35 00    STA $0035,X   [86125D] A:0A9C X:1228 Y:1228 S:0129 D:0E68 DB:86 nvmxdizc V:260 H:327 F:41
			849EE1 E2 30       SEP #$30               A:0A9C X:1228 Y:1228 S:0129 D:0E68 DB:86 nvmxdizc V:260 H:336 F:41
			849EE3 68          PLA                    A:0A9C X:0028 Y:0028 S:0129 D:0E68 DB:86 nvMXdizc V:261 H:  1 F:41			Pull A = $0005 = #$01
			849EE4 F0 02       BEQ $0002     [849EE8] A:0A01 X:0028 Y:0028 S:012A D:0E68 DB:86 nvMXdizc V:261 H:  7 F:41			Branch if A = #$00
			849EE6 E2 40       SEP #$40               A:0A01 X:0028 Y:0028 S:012A D:0E68 DB:86 nvMXdizc V:261 H: 10 F:41			Set Overflow Flag
			849EE8 68          PLA                    A:0A01 X:0028 Y:0028 S:012A D:0E68 DB:86 nVMXdizc V:261 H: 15 F:41			Pull A = $0004 = #$00
			849EE9 6B          RTL                    A:0A00 X:0028 Y:0028 S:012B D:0E68 DB:86 nVMXdiZc V:261 H: 21 F:41			Return

		83B32E 50 2A       BVC $002A     [83B35A] A:0A00 X:0028 Y:0028 S:012E D:0E68 DB:86 nVMXdiZc V:261 H: 32 F:41				Branch if Overflow Clear			
		83B330 A5 3C       LDA $3C       [000EA4] A:0A00 X:0028 Y:0028 S:012E D:0E68 DB:86 nVMXdiZc V:261 H: 35 F:41				|E-CDKnockback = E-CDKnockback + #$02
		83B332 18          CLC                    A:0A00 X:0028 Y:0028 S:012E D:0E68 DB:86 nVMXdiZc V:261 H: 41 F:41				|
		83B333 69 02       ADC #$02               A:0A00 X:0028 Y:0028 S:012E D:0E68 DB:86 nVMXdiZc V:261 H: 44 F:41				|
		83B335 85 3C       STA $3C       [000EA4] A:0A02 X:0028 Y:0028 S:012E D:0E68 DB:86 nvMXdizc V:261 H: 47 F:41				|
		83B337 A9 01       LDA #$01               A:0A02 X:0028 Y:0028 S:012E D:0E68 DB:86 nvMXdizc V:261 H: 54 F:41
		83B339 85 3B       STA $3B       [000EA3] A:0A01 X:0028 Y:0028 S:012E D:0E68 DB:86 nvMXdizc V:261 H: 57 F:41				E-CDGuard = #$01
		83B33B A5 37       LDA $37       [000E9F] A:0A01 X:0028 Y:0028 S:012E D:0E68 DB:86 nvMXdizc V:261 H: 63 F:41				|Branch because E-GuardBit = #$01 (Carry Set after LSR E-GuardBit)
		83B33D 4A          LSR A                  A:0A01 X:0028 Y:0028 S:012E D:0E68 DB:86 nvMXdizc V:261 H: 70 F:41				|
		83B33E B0 03       BCS $0003     [83B343] A:0A00 X:0028 Y:0028 S:012E D:0E68 DB:86 nvMXdiZC V:261 H: 73 F:41				|
		83B343 AD 1D 1F    LDA $1F1D     [861F1D] A:0A00 X:0028 Y:0028 S:012E D:0E68 DB:86 nvMXdiZC V:261 H: 77 F:41
		83B346 C9 02       CMP #$02               A:0A0C X:0028 Y:0028 S:012E D:0E68 DB:86 nvMXdizC V:261 H: 84 F:41				|Branch if CurrMMXShotID = #$01 or #$02 or #$03 (Green, Pink or Blue Buster)
		83B348 F0 08       BEQ $0008     [83B352] A:0A0C X:0028 Y:0028 S:012E D:0E68 DB:86 nvMXdizC V:261 H: 87 F:41				|
		83B34A C9 03       CMP #$03               A:0A0C X:0028 Y:0028 S:012E D:0E68 DB:86 nvMXdizC V:261 H: 90 F:41				|
		83B34C F0 04       BEQ $0004     [83B352] A:0A0C X:0028 Y:0028 S:012E D:0E68 DB:86 nvMXdizC V:261 H: 93 F:41				|
		83B34E C9 01       CMP #$01               A:0A0C X:0028 Y:0028 S:012E D:0E68 DB:86 nvMXdizC V:261 H: 96 F:41				|
		83B350 D0 75       BNE $0075     [83B3C7] A:0A0C X:0028 Y:0028 S:012E D:0E68 DB:86 nvMXdizC V:261 H: 99 F:41				|
		83B3C7 22 03 9B 84 JSL $849B03   [849B03] A:0A0C X:0028 Y:0028 S:012E D:0E68 DB:86 nvMXdizC V:261 H:103 F:41				JSL $849B03 --> Various general checks

			849B03 C2 10       REP #$10               A:0A0C X:0028 Y:0028 S:012B D:0E68 DB:86 nvMXdizC V:261 H:117 F:41
			849B05 A5 27       LDA $27       [000E8F] A:0A0C X:0028 Y:0028 S:012B D:0E68 DB:86 nvMxdizC V:261 H:121 F:41
			849B07 F0 70       BEQ $0070     [849B79] A:0A20 X:0028 Y:0028 S:012B D:0E68 DB:86 nvMxdizC V:261 H:128 F:41
			849B09 A5 0E       LDA $0E       [000E76] A:0A20 X:0028 Y:0028 S:012B D:0E68 DB:86 nvMxdizC V:261 H:131 F:41
			849B0B F0 31       BEQ $0031     [849B3E] A:0A01 X:0028 Y:0028 S:012B D:0E68 DB:86 nvMxdizC V:261 H:147 F:41
			849B0D AD 0C 1F    LDA $1F0C     [861F0C] A:0A01 X:0028 Y:0028 S:012B D:0E68 DB:86 nvMxdizC V:261 H:150 F:41
			849B10 D0 2C       BNE $002C     [849B3E] A:0A00 X:0028 Y:0028 S:012B D:0E68 DB:86 nvMxdiZC V:261 H:157 F:41
			849B12 AD 32 0C    LDA $0C32     [860C32] A:0A00 X:0028 Y:0028 S:012B D:0E68 DB:86 nvMxdiZC V:261 H:160 F:41
			849B15 D0 11       BNE $0011     [849B28] A:0A08 X:0028 Y:0028 S:012B D:0E68 DB:86 nvMxdizC V:261 H:166 F:41
			849B28 AD 18 0E    LDA $0E18     [860E18] A:0A08 X:0028 Y:0028 S:012B D:0E68 DB:86 nvMxdizC V:261 H:171 F:41
			849B2B F0 11       BEQ $0011     [849B3E] A:0A00 X:0028 Y:0028 S:012B D:0E68 DB:86 nvMxdiZC V:261 H:177 F:41
			849B3E E2 10       SEP #$10               A:0A00 X:0028 Y:0028 S:012B D:0E68 DB:86 nvMxdiZC V:261 H:182 F:41
			849B40 A9 00       LDA #$00               A:0A00 X:0028 Y:0028 S:012B D:0E68 DB:86 nvMXdiZC V:261 H:186 F:41
			849B42 6B          RTL                    A:0A00 X:0028 Y:0028 S:012B D:0E68 DB:86 nvMXdiZC V:261 H:189 F:41

		83B3CB AD CF 0B    LDA $0BCF     [860BCF] A:0A00 X:0028 Y:0028 S:012E D:0E68 DB:86 nvMXdiZC V:261 H:200 F:41
		83B3CE 29 7F       AND #$7F               A:0A20 X:0028 Y:0028 S:012E D:0E68 DB:86 nvMXdizC V:261 H:206 F:41
		83B3D0 D0 04       BNE $0004     [83B3D6] A:0A20 X:0028 Y:0028 S:012E D:0E68 DB:86 nvMXdizC V:261 H:209 F:41
		83B3D6 5C B4 80 82 JML $8280B4   [8280B4] A:0A20 X:0028 Y:0028 S:012E D:0E68 DB:86 nvMXdizC V:261 H:214 F:41

		8280B4 C2 20       REP #$20               A:0A20 X:0028 Y:0028 S:012E D:0E68 DB:86 nvMXdizC V:261 H:220 F:41
		8280B6 38          SEC                    A:0A20 X:0028 Y:0028 S:012E D:0E68 DB:86 nvmXdizC V:261 H:224 F:41
		8280B7 A5 05       LDA $05       [000E6D] A:0A20 X:0028 Y:0028 S:012E D:0E68 DB:86 nvmXdizC V:261 H:227 F:41
		8280B9 ED 4D 1E    SBC $1E4D     [861E4D] A:14BB X:0028 Y:0028 S:012E D:0E68 DB:86 nvmXdizC V:261 H:236 F:41
		8280BC 18          CLC                    A:00BB X:0028 Y:0028 S:012E D:0E68 DB:86 nvmXdizC V:261 H:244 F:41
		8280BD 69 20 00    ADC #$0020             A:00BB X:0028 Y:0028 S:012E D:0E68 DB:86 nvmXdizc V:261 H:247 F:41
		8280C0 C9 40 01    CMP #$0140             A:00DB X:0028 Y:0028 S:012E D:0E68 DB:86 nvmXdizc V:261 H:252 F:41
		8280C3 B0 0F       BCS $000F     [8280D4] A:00DB X:0028 Y:0028 S:012E D:0E68 DB:86 NvmXdizc V:261 H:256 F:41
		8280C5 38          SEC                    A:00DB X:0028 Y:0028 S:012E D:0E68 DB:86 NvmXdizc V:261 H:259 F:41
		8280C6 A5 08       LDA $08       [000E70] A:00DB X:0028 Y:0028 S:012E D:0E68 DB:86 NvmXdizC V:261 H:262 F:41
		8280C8 ED 50 1E    SBC $1E50     [861E50] A:0A9D X:0028 Y:0028 S:012E D:0E68 DB:86 nvmXdizC V:261 H:271 F:41
		8280CB 18          CLC                    A:009D X:0028 Y:0028 S:012E D:0E68 DB:86 nvmXdizC V:261 H:279 F:41
		8280CC 69 10 00    ADC #$0010             A:009D X:0028 Y:0028 S:012E D:0E68 DB:86 nvmXdizc V:261 H:282 F:41
		8280CF C9 00 01    CMP #$0100             A:00AD X:0028 Y:0028 S:012E D:0E68 DB:86 nvmXdizc V:261 H:287 F:41
		8280D2 90 05       BCC $0005     [8280D9] A:00AD X:0028 Y:0028 S:012E D:0E68 DB:86 NvmXdizc V:261 H:291 F:41
		8280D9 E2 20       SEP #$20               A:00AD X:0028 Y:0028 S:012E D:0E68 DB:86 NvmXdizc V:261 H:296 F:41
		8280DB A9 81       LDA #$81               A:00AD X:0028 Y:0028 S:012E D:0E68 DB:86 NvMXdizc V:261 H:300 F:41
		8280DD 85 0E       STA $0E       [000E76] A:0081 X:0028 Y:0028 S:012E D:0E68 DB:86 NvMXdizc V:261 H:303 F:41
		8280DF E2 30       SEP #$30               A:0081 X:0028 Y:0028 S:012E D:0E68 DB:86 NvMXdizc V:261 H:310 F:41
		8280E1 A6 12       LDX $12       [000E7A] A:0081 X:0028 Y:0028 S:012E D:0E68 DB:86 NvMXdizc V:261 H:314 F:41
		8280E3 10 02       BPL $0002     [8280E7] A:0081 X:0004 Y:0028 S:012E D:0E68 DB:86 nvMXdizc V:261 H:321 F:41
		8280E7 7C EA 80    JMP ($80EA,X) [8280EE] A:0081 X:0004 Y:0028 S:012E D:0E68 DB:86 nvMXdizc V:261 H:325 F:41

		828135 AD EA 00    LDA $00EA     [8600EA] A:0081 X:0004 Y:0028 S:012E D:0E68 DB:86 nvMXdizc V:261 H:333 F:41
		828138 C9 20       CMP #$20               A:0000 X:0004 Y:0028 S:012E D:0E68 DB:86 nvMXdiZc V:  0 H:  0 F:42
		82813A B0 0D       BCS $000D     [828149] A:0000 X:0004 Y:0028 S:012E D:0E68 DB:86 NvMXdizc V:  0 H:  3 F:42
		82813C 0A          ASL A                  A:0000 X:0004 Y:0028 S:012E D:0E68 DB:86 NvMXdizc V:  0 H:  6 F:42
		82813D AA          TAX                    A:0000 X:0004 Y:0028 S:012E D:0E68 DB:86 nvMXdiZc V:  0 H:  9 F:42
		82813E C2 20       REP #$20               A:0000 X:0000 Y:0028 S:012E D:0E68 DB:86 nvMXdiZc V:  0 H: 12 F:42
		828140 7B          TDC                    A:0000 X:0000 Y:0028 S:012E D:0E68 DB:86 nvmXdiZc V:  0 H: 16 F:42
		828141 9D E0 09    STA $09E0,X   [8609E0] A:0E68 X:0000 Y:0028 S:012E D:0E68 DB:86 nvmXdizc V:  0 H: 19 F:42
		828144 E2 20       SEP #$20               A:0E68 X:0000 Y:0028 S:012E D:0E68 DB:86 nvmXdizc V:  0 H: 29 F:42
		828146 EE EA 00    INC $00EA     [8600EA] A:0E68 X:0000 Y:0028 S:012E D:0E68 DB:86 nvMXdizc V:  0 H: 34 F:42
		828149 6B          RTL                    A:0E68 X:0000 Y:0028 S:012E D:0E68 DB:86 nvMXdizc V:  0 H: 44 F:42

	80FA19 60          RTS                    A:0E68 X:0000 Y:0028 S:0131 D:0E68 DB:86 nvMXdizc V:  0 H: 54 F:42

