80D4F6 20 30 D5    JSR $D530     [80D530] A:0E01 X:0000 Y:0091 S:0133 D:0E68 DB:86 nvMXdizC V:247 H:173 F: 7

	80D530 C2 20       REP #$20               A:0E01 X:0000 Y:0091 S:0131 D:0E68 DB:86 nvMXdizC V:247 H:183 F: 7
	80D532 A5 05       LDA $05       [000E6D] A:0E01 X:0000 Y:0091 S:0131 D:0E68 DB:86 nvmXdizC V:247 H:188 F: 7
	80D534 85 22       STA $22       [000E8A] A:07B4 X:0000 Y:0091 S:0131 D:0E68 DB:86 nvmXdizC V:247 H:196 F: 7
	80D536 A5 08       LDA $08       [000E70] A:07B4 X:0000 Y:0091 S:0131 D:0E68 DB:86 nvmXdizC V:247 H:205 F: 7
	80D538 85 24       STA $24       [000E8C] A:00A8 X:0000 Y:0091 S:0131 D:0E68 DB:86 nvmXdizC V:247 H:213 F: 7
	80D53A E2 20       SEP #$20               A:00A8 X:0000 Y:0091 S:0131 D:0E68 DB:86 nvmXdizC V:247 H:222 F: 7
	80D53C A9 80       LDA #$80               A:00A8 X:0000 Y:0091 S:0131 D:0E68 DB:86 nvMXdizC V:247 H:226 F: 7
	80D53E 14 0E       TRB $0E       [000E76] A:0080 X:0000 Y:0091 S:0131 D:0E68 DB:86 NvMXdizC V:247 H:229 F: 7
	80D540 A5 0A       LDA $0A       [000E72] A:0080 X:0000 Y:0091 S:0131 D:0E68 DB:86 NvMXdizC V:247 H:239 F: 7
	80D542 0A          ASL A                  A:0005 X:0000 Y:0091 S:0131 D:0E68 DB:86 nvMXdizC V:247 H:246 F: 7
	80D543 AA          TAX                    A:000A X:0000 Y:0091 S:0131 D:0E68 DB:86 nvMXdizc V:247 H:249 F: 7
	80D544 7C DD F8    JMP ($F8DD,X) [80F8E7] A:000A X:000A Y:0091 S:0131 D:0E68 DB:86 nvMXdizc V:247 H:252 F: 7

	80F9CA 22 7E 8A 87 JSL $878A7E   [878A7E] A:000A X:000A Y:0091 S:0131 D:0E68 DB:86 nvMXdizc V:247 H:261 F: 7

		878A7E A6 01       LDX $01       [000E69] A:000A X:000A Y:0091 S:012E D:0E68 DB:86 nvMXdizc V:247 H:274 F: 7
		878A80 7C 83 8A    JMP ($8A83,X) [878A87] A:000A X:0004 Y:0091 S:012E D:0E68 DB:86 nvMXdizc V:247 H:281 F: 7

		878C1A A5 33       LDA $33       [000E9B] A:000A X:0004 Y:0091 S:012E D:0E68 DB:86 nvMXdizc V:247 H:290 F: 7
		878C1C 04 11       TSB $11       [000E79] A:0008 X:0004 Y:0091 S:012E D:0E68 DB:86 nvMXdizc V:247 H:296 F: 7
		878C1E A6 02       LDX $02       [000E6A] A:0008 X:0004 Y:0091 S:012E D:0E68 DB:86 nvMXdizc V:247 H:306 F: 7
		878C20 FC F2 8C    JSR ($8CF2,X) [878CF2] A:0008 X:0000 Y:0091 S:012E D:0E68 DB:86 nvMXdiZc V:247 H:313 F: 7

			878CFC A6 03       LDX $03       [000E6B] A:0008 X:0000 Y:0091 S:012C D:0E68 DB:86 nvMXdiZc V:247 H:325 F: 7
			878CFE 7C 01 8D    JMP ($8D01,X) [878D05] A:0008 X:0004 Y:0091 S:012C D:0E68 DB:86 nvMXdizc V:247 H:331 F: 7

			878D94 E6 31       INC $31       [000E99] A:0008 X:0004 Y:0091 S:012C D:0E68 DB:86 nvMXdizc V:248 H:  0 F: 7
			878D96 22 3E 82 82 JSL $82823E   [82823E] A:0008 X:0004 Y:0091 S:012C D:0E68 DB:86 nvMXdizc V:248 H: 10 F: 7		JSL $82823E --> Update X-Pos

				82823E 08          PHP                    A:0008 X:0004 Y:0091 S:0129 D:0E68 DB:86 nvMXdizc V:248 H: 24 F: 7
				82823F C2 21       REP #$21               A:0008 X:0004 Y:0091 S:0128 D:0E68 DB:86 nvMXdizc V:248 H: 29 F: 7
				828241 A5 04       LDA $04       [000E6C] A:0008 X:0004 Y:0091 S:0128 D:0E68 DB:86 nvmXdizc V:248 H: 33 F: 7
				828243 65 1A       ADC $1A       [000E82] A:B400 X:0004 Y:0091 S:0128 D:0E68 DB:86 NvmXdizc V:248 H: 42 F: 7
				828245 85 04       STA $04       [000E6C] A:B000 X:0004 Y:0091 S:0128 D:0E68 DB:86 NvmXdizC V:248 H: 50 F: 7
				828247 E2 20       SEP #$20               A:B000 X:0004 Y:0091 S:0128 D:0E68 DB:86 NvmXdizC V:248 H: 59 F: 7
				828249 24 1B       BIT $1B       [000E83] A:B000 X:0004 Y:0091 S:0128 D:0E68 DB:86 NvMXdizC V:248 H: 63 F: 7
				82824B 30 08       BMI $0008     [828255] A:B000 X:0004 Y:0091 S:0128 D:0E68 DB:86 NVMXdiZC V:248 H: 70 F: 7
				828255 A5 06       LDA $06       [000E6E] A:B000 X:0004 Y:0091 S:0128 D:0E68 DB:86 NVMXdiZC V:248 H: 74 F: 7
				828257 69 FF       ADC #$FF               A:B007 X:0004 Y:0091 S:0128 D:0E68 DB:86 nVMXdizC V:248 H: 81 F: 7
				828259 85 06       STA $06       [000E6E] A:B007 X:0004 Y:0091 S:0128 D:0E68 DB:86 nvMXdizC V:248 H: 84 F: 7
				82825B 28          PLP                    A:B007 X:0004 Y:0091 S:0128 D:0E68 DB:86 nvMXdizC V:248 H: 90 F: 7
				82825C 6B          RTL                    A:B007 X:0004 Y:0091 S:0129 D:0E68 DB:86 nvMXdizc V:248 H: 97 F: 7

			878D9A 22 BE 91 84 JSL $8491BE   [8491BE] A:B007 X:0004 Y:0091 S:012C D:0E68 DB:86 nvMXdizc V:248 H:107 F: 7		JSL $8491BE --> Check for colissions and adjust position

				8491BE 08          PHP                    A:B007 X:0004 Y:0091 S:0129 D:0E68 DB:86 nvMXdizc V:248 H:121 F: 7
				8491BF 0B          PHD                    A:B007 X:0004 Y:0091 S:0128 D:0E68 DB:86 nvMXdizc V:248 H:126 F: 7
				8491C0 C2 30       REP #$30               A:B007 X:0004 Y:0091 S:0126 D:0E68 DB:86 nvMXdizc V:248 H:133 F: 7
				8491C2 A5 20       LDA $20       [000E88] A:B007 X:0004 Y:0091 S:0126 D:0E68 DB:86 nvmxdizc V:248 H:147 F: 7
				8491C4 F0 15       BEQ $0015     [8491DB] A:C58D X:0004 Y:0091 S:0126 D:0E68 DB:86 Nvmxdizc V:248 H:156 F: 7
				8491C6 7B          TDC                    A:C58D X:0004 Y:0091 S:0126 D:0E68 DB:86 Nvmxdizc V:248 H:159 F: 7
				8491C7 AA          TAX                    A:0E68 X:0004 Y:0091 S:0126 D:0E68 DB:86 nvmxdizc V:248 H:162 F: 7
				8491C8 A9 00 00    LDA #$0000             A:0E68 X:0E68 Y:0091 S:0126 D:0E68 DB:86 nvmxdizc V:248 H:165 F: 7
				8491CB 5B          TCD                    A:0000 X:0E68 Y:0091 S:0126 D:0E68 DB:86 nvmxdiZc V:248 H:169 F: 7
				8491CC 64 14       STZ $14       [000014] A:0000 X:0E68 Y:0091 S:0126 D:0000 DB:86 nvmxdiZc V:248 H:172 F: 7
				8491CE B5 2B       LDA $2B,X     [000E93] A:0000 X:0E68 Y:0091 S:0126 D:0000 DB:86 nvmxdiZc V:248 H:179 F: 7
				8491D0 29 00 FF    AND #$FF00             A:0004 X:0E68 Y:0091 S:0126 D:0000 DB:86 nvmxdizc V:248 H:188 F: 7
				8491D3 95 2B       STA $2B,X     [000E93] A:0000 X:0E68 Y:0091 S:0126 D:0000 DB:86 nvmxdiZc V:248 H:192 F: 7
				8491D5 20 AC 92    JSR $92AC     [8492AC] A:0000 X:0E68 Y:0091 S:0126 D:0000 DB:86 nvmxdiZc V:248 H:201 F: 7

				8492AC C2 30       REP #$30               A:0000 X:0E68 Y:0091 S:0124 D:0000 DB:86 nvmxdiZc V:248 H:211 F: 7
				8492AE B5 05       LDA $05,X     [000E6D] A:0000 X:0E68 Y:0091 S:0124 D:0000 DB:86 nvmxdiZc V:248 H:215 F: 7
				8492B0 38          SEC                    A:07B0 X:0E68 Y:0091 S:0124 D:0000 DB:86 nvmxdizc V:248 H:224 F: 7
				8492B1 F5 22       SBC $22,X     [000E8A] A:07B0 X:0E68 Y:0091 S:0124 D:0000 DB:86 nvmxdizC V:248 H:227 F: 7
				8492B3 85 00       STA $00       [000000] A:FFFC X:0E68 Y:0091 S:0124 D:0000 DB:86 Nvmxdizc V:248 H:235 F: 7
				8492B5 E2 20       SEP #$20               A:FFFC X:0E68 Y:0091 S:0124 D:0000 DB:86 Nvmxdizc V:248 H:242 F: 7
				8492B7 F0 4C       BEQ $004C     [849305] A:FFFC X:0E68 Y:0091 S:0124 D:0000 DB:86 NvMxdizc V:248 H:247 F: 7
				8492B9 B4 20       LDY $20,X     [000E88] A:FFFC X:0E68 Y:0091 S:0124 D:0000 DB:86 NvMxdizc V:248 H:250 F: 7
				8492BB B9 05 00    LDA $0005,Y   [86C592] A:FFFC X:0E68 Y:C58D S:0124 D:0000 DB:86 NvMxdizc V:248 H:258 F: 7
				8492BE 34 11       BIT $11,X     [000E79] A:FF00 X:0E68 Y:C58D S:0124 D:0000 DB:86 nvMxdiZc V:248 H:266 F: 7
				8492C0 50 03       BVC $0003     [8492C5] A:FF00 X:0E68 Y:C58D S:0124 D:0000 DB:86 nvMxdiZc V:248 H:272 F: 7
				8492C5 24 00       BIT $00       [000000] A:FF00 X:0E68 Y:C58D S:0124 D:0000 DB:86 nvMxdiZc V:248 H:277 F: 7
				8492C7 10 06       BPL $0006     [8492CF] A:FF00 X:0E68 Y:C58D S:0124 D:0000 DB:86 NVMxdiZc V:248 H:282 F: 7
				8492C9 38          SEC                    A:FF00 X:0E68 Y:C58D S:0124 D:0000 DB:86 NVMxdiZc V:248 H:285 F: 7
				8492CA F9 07 00    SBC $0007,Y   [86C594] A:FF00 X:0E68 Y:C58D S:0124 D:0000 DB:86 NVMxdiZC V:248 H:288 F: 7
				8492CD 80 04       BRA $0004     [8492D3] A:FFF4 X:0E68 Y:C58D S:0124 D:0000 DB:86 NvMxdizc V:248 H:295 F: 7
				8492D3 95 29       STA $29,X     [000E91] A:FFF4 X:0E68 Y:C58D S:0124 D:0000 DB:86 NvMxdizc V:248 H:300 F: 7
				8492D5 B9 06 00    LDA $0006,Y   [86C593] A:FFF4 X:0E68 Y:C58D S:0124 D:0000 DB:86 NvMxdizc V:248 H:306 F: 7
				8492D8 95 2A       STA $2A,X     [000E92] A:FF02 X:0E68 Y:C58D S:0124 D:0000 DB:86 nvMxdizc V:248 H:314 F: 7
				8492DA 20 15 93    JSR $9315     [849315] A:FF02 X:0E68 Y:C58D S:0124 D:0000 DB:86 nvMxdizc V:248 H:320 F: 7

				849315 20 B3 90    JSR $90B3     [8490B3] A:FF02 X:0E68 Y:C58D S:0122 D:0000 DB:86 nvMxdizc V:248 H:329 F: 7

				8490B3 0B          PHD                    A:FF02 X:0E68 Y:C58D S:0120 D:0000 DB:86 nvMxdizc V:248 H:339 F: 7
				8490B4 DA          PHX                    A:FF02 X:0E68 Y:C58D S:011E D:0000 DB:86 nvMxdizc V:249 H:  6 F: 7
				8490B5 08          PHP                    A:FF02 X:0E68 Y:C58D S:011C D:0000 DB:86 nvMxdizc V:249 H: 13 F: 7
				8490B6 E2 20       SEP #$20               A:FF02 X:0E68 Y:C58D S:011B D:0000 DB:86 nvMxdizc V:249 H: 18 F: 7
				8490B8 C2 10       REP #$10               A:FF02 X:0E68 Y:C58D S:011B D:0000 DB:86 nvMxdizc V:249 H: 23 F: 7
				8490BA 64 01       STZ $01       [000001] A:FF02 X:0E68 Y:C58D S:011B D:0000 DB:86 nvMxdizc V:249 H: 27 F: 7
				8490BC B5 29       LDA $29,X     [000E91] A:FF02 X:0E68 Y:C58D S:011B D:0000 DB:86 nvMxdizc V:249 H: 32 F: 7
				8490BE 10 02       BPL $0002     [8490C2] A:FFF4 X:0E68 Y:C58D S:011B D:0000 DB:86 NvMxdizc V:249 H: 39 F: 7
				8490C0 C6 01       DEC $01       [000001] A:FFF4 X:0E68 Y:C58D S:011B D:0000 DB:86 NvMxdizc V:249 H: 42 F: 7
				8490C2 18          CLC                    A:FFF4 X:0E68 Y:C58D S:011B D:0000 DB:86 NvMxdizc V:249 H: 50 F: 7
				8490C3 75 05       ADC $05,X     [000E6D] A:FFF4 X:0E68 Y:C58D S:011B D:0000 DB:86 NvMxdizc V:249 H: 53 F: 7
				8490C5 85 00       STA $00       [000000] A:FFA4 X:0E68 Y:C58D S:011B D:0000 DB:86 NvMxdizC V:249 H: 60 F: 7
				8490C7 B5 06       LDA $06,X     [000E6E] A:FFA4 X:0E68 Y:C58D S:011B D:0000 DB:86 NvMxdizC V:249 H: 65 F: 7
				8490C9 65 01       ADC $01       [000001] A:FF07 X:0E68 Y:C58D S:011B D:0000 DB:86 nvMxdizC V:249 H: 71 F: 7
				8490CB 85 01       STA $01       [000001] A:FF07 X:0E68 Y:C58D S:011B D:0000 DB:86 nvMxdizC V:249 H: 76 F: 7
				8490CD 64 03       STZ $03       [000003] A:FF07 X:0E68 Y:C58D S:011B D:0000 DB:86 nvMxdizC V:249 H: 81 F: 7
				8490CF B5 2A       LDA $2A,X     [000E92] A:FF07 X:0E68 Y:C58D S:011B D:0000 DB:86 nvMxdizC V:249 H: 86 F: 7
				8490D1 10 02       BPL $0002     [8490D5] A:FF02 X:0E68 Y:C58D S:011B D:0000 DB:86 nvMxdizC V:249 H: 93 F: 7
				8490D5 18          CLC                    A:FF02 X:0E68 Y:C58D S:011B D:0000 DB:86 nvMxdizC V:249 H: 97 F: 7
				8490D6 75 08       ADC $08,X     [000E70] A:FF02 X:0E68 Y:C58D S:011B D:0000 DB:86 nvMxdizc V:249 H:100 F: 7
				8490D8 85 02       STA $02       [000002] A:FFAA X:0E68 Y:C58D S:011B D:0000 DB:86 NvMxdizc V:249 H:107 F: 7
				8490DA 29 F0       AND #$F0               A:FFAA X:0E68 Y:C58D S:011B D:0000 DB:86 NvMxdizc V:249 H:112 F: 7
				8490DC 85 0A       STA $0A       [00000A] A:FFA0 X:0E68 Y:C58D S:011B D:0000 DB:86 NvMxdizc V:249 H:115 F: 7
				8490DE B5 09       LDA $09,X     [000E71] A:FFA0 X:0E68 Y:C58D S:011B D:0000 DB:86 NvMxdizc V:249 H:120 F: 7
				8490E0 65 03       ADC $03       [000003] A:FF00 X:0E68 Y:C58D S:011B D:0000 DB:86 nvMxdiZc V:249 H:126 F: 7
				8490E2 85 03       STA $03       [000003] A:FF00 X:0E68 Y:C58D S:011B D:0000 DB:86 nvMxdiZc V:249 H:131 F: 7
				8490E4 85 0B       STA $0B       [00000B] A:FF00 X:0E68 Y:C58D S:011B D:0000 DB:86 nvMxdiZc V:249 H:146 F: 7
				8490E6 A5 00       LDA $00       [000000] A:FF00 X:0E68 Y:C58D S:011B D:0000 DB:86 nvMxdiZc V:249 H:151 F: 7
				8490E8 29 0F       AND #$0F               A:FFA4 X:0E68 Y:C58D S:011B D:0000 DB:86 NvMxdizc V:249 H:156 F: 7
				8490EA 1A          INC                    A:FF04 X:0E68 Y:C58D S:011B D:0000 DB:86 nvMxdizc V:249 H:159 F: 7
				8490EB 85 0C       STA $0C       [00000C] A:FF05 X:0E68 Y:C58D S:011B D:0000 DB:86 nvMxdizc V:249 H:162 F: 7
				8490ED A5 02       LDA $02       [000002] A:FF05 X:0E68 Y:C58D S:011B D:0000 DB:86 nvMxdizc V:249 H:167 F: 7
				8490EF 29 0F       AND #$0F               A:FFAA X:0E68 Y:C58D S:011B D:0000 DB:86 NvMxdizc V:249 H:172 F: 7
				8490F1 1A          INC                    A:FF0A X:0E68 Y:C58D S:011B D:0000 DB:86 nvMxdizc V:249 H:175 F: 7
				8490F2 85 0E       STA $0E       [00000E] A:FF0B X:0E68 Y:C58D S:011B D:0000 DB:86 nvMxdizc V:249 H:178 F: 7
				8490F4 C2 20       REP #$20               A:FF0B X:0E68 Y:C58D S:011B D:0000 DB:86 nvMxdizc V:249 H:183 F: 7
				8490F6 20 6A 91    JSR $916A     [84916A] A:FF0B X:0E68 Y:C58D S:011B D:0000 DB:86 nvmxdizc V:249 H:188 F: 7

				84916A A9 00 E8    LDA #$E800             A:FF0B X:0E68 Y:C58D S:0119 D:0000 DB:86 nvmxdizc V:249 H:198 F: 7
				84916D 85 10       STA $10       [000010] A:E800 X:0E68 Y:C58D S:0119 D:0000 DB:86 Nvmxdizc V:249 H:202 F: 7
				84916F A9 7E 00    LDA #$007E             A:E800 X:0E68 Y:C58D S:0119 D:0000 DB:86 Nvmxdizc V:249 H:209 F: 7
				849172 85 12       STA $12       [000012] A:007E X:0E68 Y:C58D S:0119 D:0000 DB:86 nvmxdizc V:249 H:214 F: 7
				849174 A5 02       LDA $02       [000002] A:007E X:0E68 Y:C58D S:0119 D:0000 DB:86 nvmxdizc V:249 H:221 F: 7
				849176 29 F0 00    AND #$00F0             A:00AA X:0E68 Y:C58D S:0119 D:0000 DB:86 nvmxdizc V:249 H:228 F: 7
				849179 0A          ASL A                  A:00A0 X:0E68 Y:C58D S:0119 D:0000 DB:86 nvmxdizc V:249 H:232 F: 7
				84917A 85 04       STA $04       [000004] A:0140 X:0E68 Y:C58D S:0119 D:0000 DB:86 nvmxdizc V:249 H:235 F: 7
				84917C A5 00       LDA $00       [000000] A:0140 X:0E68 Y:C58D S:0119 D:0000 DB:86 nvmxdizc V:249 H:242 F: 7
				84917E 29 FF 00    AND #$00FF             A:07A4 X:0E68 Y:C58D S:0119 D:0000 DB:86 nvmxdizc V:249 H:249 F: 7
				849181 4A          LSR A                  A:00A4 X:0E68 Y:C58D S:0119 D:0000 DB:86 nvmxdizc V:249 H:254 F: 7
				849182 4A          LSR A                  A:0052 X:0E68 Y:C58D S:0119 D:0000 DB:86 nvmxdizc V:249 H:257 F: 7
				849183 4A          LSR A                  A:0029 X:0E68 Y:C58D S:0119 D:0000 DB:86 nvmxdizc V:249 H:260 F: 7
				849184 29 FE FF    AND #$FFFE             A:0014 X:0E68 Y:C58D S:0119 D:0000 DB:86 nvmxdizC V:249 H:263 F: 7
				849187 18          CLC                    A:0014 X:0E68 Y:C58D S:0119 D:0000 DB:86 nvmxdizC V:249 H:267 F: 7
				849188 65 04       ADC $04       [000004] A:0014 X:0E68 Y:C58D S:0119 D:0000 DB:86 nvmxdizc V:249 H:270 F: 7
				84918A 85 06       STA $06       [000006] A:0154 X:0E68 Y:C58D S:0119 D:0000 DB:86 nvmxdizc V:249 H:277 F: 7
				84918C A5 00       LDA $00       [000000] A:0154 X:0E68 Y:C58D S:0119 D:0000 DB:86 nvmxdizc V:249 H:284 F: 7
				84918E EB          XBA                    A:07A4 X:0E68 Y:C58D S:0119 D:0000 DB:86 nvmxdizc V:249 H:291 F: 7
				84918F 29 1F 00    AND #$001F             A:A407 X:0E68 Y:C58D S:0119 D:0000 DB:86 nvmxdizc V:249 H:296 F: 7
				849192 85 04       STA $04       [000004] A:0007 X:0E68 Y:C58D S:0119 D:0000 DB:86 nvmxdizc V:249 H:300 F: 7
				849194 A5 02       LDA $02       [000002] A:0007 X:0E68 Y:C58D S:0119 D:0000 DB:86 nvmxdizc V:249 H:307 F: 7
				849196 29 00 1F    AND #$1F00             A:00AA X:0E68 Y:C58D S:0119 D:0000 DB:86 nvmxdizc V:249 H:314 F: 7
				849199 4A          LSR A                  A:0000 X:0E68 Y:C58D S:0119 D:0000 DB:86 nvmxdiZc V:249 H:319 F: 7
				84919A 4A          LSR A                  A:0000 X:0E68 Y:C58D S:0119 D:0000 DB:86 nvmxdiZc V:249 H:322 F: 7
				84919B 4A          LSR A                  A:0000 X:0E68 Y:C58D S:0119 D:0000 DB:86 nvmxdiZc V:249 H:324 F: 7
				84919C 18          CLC                    A:0000 X:0E68 Y:C58D S:0119 D:0000 DB:86 nvmxdiZc V:249 H:327 F: 7
				84919D 65 04       ADC $04       [000004] A:0000 X:0E68 Y:C58D S:0119 D:0000 DB:86 nvmxdiZc V:249 H:330 F: 7
				84919F A8          TAY                    A:0007 X:0E68 Y:C58D S:0119 D:0000 DB:86 nvmxdizc V:249 H:337 F: 7
				8491A0 B7 10       LDA [$10],Y   [7EE807] A:0007 X:0E68 Y:0007 S:0119 D:0000 DB:86 nvmxdizc V:250 H:  0 F: 7
				8491A2 29 FF 00    AND #$00FF             A:0003 X:0E68 Y:0007 S:0119 D:0000 DB:86 nvmxdizc V:250 H: 13 F: 7
				8491A5 A8          TAY                    A:0003 X:0E68 Y:0007 S:0119 D:0000 DB:86 nvmxdizc V:250 H: 17 F: 7
				8491A6 EB          XBA                    A:0003 X:0E68 Y:0003 S:0119 D:0000 DB:86 nvmxdizc V:250 H: 20 F: 7
				8491A7 0A          ASL A                  A:0300 X:0E68 Y:0003 S:0119 D:0000 DB:86 nvmxdiZc V:250 H: 25 F: 7
				8491A8 18          CLC                    A:0600 X:0E68 Y:0003 S:0119 D:0000 DB:86 nvmxdizc V:250 H: 28 F: 7
				8491A9 65 06       ADC $06       [000006] A:0600 X:0E68 Y:0003 S:0119 D:0000 DB:86 nvmxdizc V:250 H: 31 F: 7
				8491AB AA          TAX                    A:0754 X:0E68 Y:0003 S:0119 D:0000 DB:86 nvmxdizc V:250 H: 38 F: 7
				8491AC 60          RTS                    A:0754 X:0754 Y:0003 S:0119 D:0000 DB:86 nvmxdizc V:250 H: 41 F: 7

				8490F9 BF 00 20 7E LDA $7E2000,X [7E2754] A:0754 X:0754 Y:0003 S:011B D:0000 DB:86 nvmxdizc V:250 H: 51 F: 7
				8490FD A8          TAY                    A:027D X:0754 Y:0003 S:011B D:0000 DB:86 nvmxdizc V:250 H: 61 F: 7
				8490FE AD 92 0B    LDA $0B92     [860B92] A:027D X:0754 Y:027D S:011B D:0000 DB:86 nvmxdizc V:250 H: 64 F: 7
				849101 85 10       STA $10       [000010] A:F0A5 X:0754 Y:027D S:011B D:0000 DB:86 Nvmxdizc V:250 H: 72 F: 7
				849103 AD 94 0B    LDA $0B94     [860B94] A:F0A5 X:0754 Y:027D S:011B D:0000 DB:86 Nvmxdizc V:250 H: 79 F: 7
				849106 85 12       STA $12       [000012] A:6895 X:0754 Y:027D S:011B D:0000 DB:86 nvmxdizc V:250 H: 88 F: 7
				849108 B7 10       LDA [$10],Y   [95F322] A:6895 X:0754 Y:027D S:011B D:0000 DB:86 nvmxdizc V:250 H: 95 F: 7
				84910A 29 FF 00    AND #$00FF             A:0000 X:0754 Y:027D S:011B D:0000 DB:86 nvmxdiZc V:250 H:107 F: 7
				84910D 28          PLP                    A:0000 X:0754 Y:027D S:011B D:0000 DB:86 nvmxdiZc V:250 H:111 F: 7
				84910E FA          PLX                    A:0000 X:0754 Y:027D S:011C D:0000 DB:86 nvMxdizc V:250 H:118 F: 7
				84910F 2B          PLD                    A:0000 X:0E68 Y:027D S:011E D:0000 DB:86 nvMxdizc V:250 H:126 F: 7
				849110 60          RTS                    A:0000 X:0E68 Y:027D S:0120 D:0000 DB:86 nvMxdiZc V:250 H:145 F: 7

				849318 B4 05       LDY $05,X     [000E6D] A:0000 X:0E68 Y:027D S:0122 D:0000 DB:86 nvMxdiZc V:250 H:155 F: 7
				84931A 84 10       STY $10       [000010] A:0000 X:0E68 Y:07B0 S:0122 D:0000 DB:86 nvMxdizc V:250 H:163 F: 7
				84931C B4 08       LDY $08,X     [000E70] A:0000 X:0E68 Y:07B0 S:0122 D:0000 DB:86 nvMxdizc V:250 H:170 F: 7
				84931E 84 12       STY $12       [000012] A:0000 X:0E68 Y:00A8 S:0122 D:0000 DB:86 nvMxdizc V:250 H:179 F: 7
				849320 95 2D       STA $2D,X     [000E95] A:0000 X:0E68 Y:00A8 S:0122 D:0000 DB:86 nvMxdizc V:250 H:186 F: 7
				849322 86 2C       STX $2C       [00002C] A:0000 X:0E68 Y:00A8 S:0122 D:0000 DB:86 nvMxdizc V:250 H:192 F: 7
				849324 29 3F       AND #$3F               A:0000 X:0E68 Y:00A8 S:0122 D:0000 DB:86 nvMxdizc V:250 H:199 F: 7
				849326 0A          ASL A                  A:0000 X:0E68 Y:00A8 S:0122 D:0000 DB:86 nvMxdiZc V:250 H:202 F: 7
				849327 EB          XBA                    A:0000 X:0E68 Y:00A8 S:0122 D:0000 DB:86 nvMxdiZc V:250 H:205 F: 7
				849328 A9 00       LDA #$00               A:0000 X:0E68 Y:00A8 S:0122 D:0000 DB:86 nvMxdiZc V:250 H:210 F: 7
				84932A EB          XBA                    A:0000 X:0E68 Y:00A8 S:0122 D:0000 DB:86 nvMxdiZc V:250 H:213 F: 7
				84932B AA          TAX                    A:0000 X:0E68 Y:00A8 S:0122 D:0000 DB:86 nvMxdiZc V:250 H:217 F: 7
				84932C FC 5D 93    JSR ($935D,X) [84935D] A:0000 X:0000 Y:00A8 S:0122 D:0000 DB:86 nvMxdiZc V:250 H:220 F: 7

				84977A A9 00       LDA #$00               A:0000 X:0000 Y:00A8 S:0120 D:0000 DB:86 nvMxdiZc V:250 H:233 F: 7
				84977C 60          RTS                    A:0000 X:0000 Y:00A8 S:0120 D:0000 DB:86 nvMxdiZc V:250 H:236 F: 7

				84932F 08          PHP                    A:0000 X:0000 Y:00A8 S:0122 D:0000 DB:86 nvMxdiZc V:250 H:246 F: 7
				849330 A6 2C       LDX $2C       [00002C] A:0000 X:0000 Y:00A8 S:0121 D:0000 DB:86 nvMxdiZc V:250 H:251 F: 7
				849332 A9 01       LDA #$01               A:0000 X:0E68 Y:00A8 S:0121 D:0000 DB:86 nvMxdizc V:250 H:258 F: 7
				849334 34 29       BIT $29,X     [000E91] A:0001 X:0E68 Y:00A8 S:0121 D:0000 DB:86 nvMxdizc V:250 H:261 F: 7
				849336 10 02       BPL $0002     [84933A] A:0001 X:0E68 Y:00A8 S:0121 D:0000 DB:86 NVMxdiZc V:250 H:268 F: 7
				849338 A9 02       LDA #$02               A:0001 X:0E68 Y:00A8 S:0121 D:0000 DB:86 NVMxdiZc V:250 H:271 F: 7
				84933A 28          PLP                    A:0002 X:0E68 Y:00A8 S:0121 D:0000 DB:86 nVMxdizc V:250 H:274 F: 7
				84933B F0 0C       BEQ $000C     [849349] A:0002 X:0E68 Y:00A8 S:0122 D:0000 DB:86 nvMxdiZc V:250 H:280 F: 7
				849349 49 FF       EOR #$FF               A:0002 X:0E68 Y:00A8 S:0122 D:0000 DB:86 nvMxdiZc V:250 H:285 F: 7
				84934B 35 2B       AND $2B,X     [000E93] A:00FD X:0E68 Y:00A8 S:0122 D:0000 DB:86 NvMxdizc V:250 H:288 F: 7
				84934D 95 2B       STA $2B,X     [000E93] A:0000 X:0E68 Y:00A8 S:0122 D:0000 DB:86 nvMxdiZc V:250 H:294 F: 7
				84934F 20 08 93    JSR $9308     [849308] A:0000 X:0E68 Y:00A8 S:0122 D:0000 DB:86 nvMxdiZc V:250 H:301 F: 7

				849308 A5 14       LDA $14       [000014] A:0000 X:0E68 Y:00A8 S:0120 D:0000 DB:86 nvMxdiZc V:250 H:311 F: 7
				84930A F0 08       BEQ $0008     [849314] A:0000 X:0E68 Y:00A8 S:0120 D:0000 DB:86 nvMxdiZc V:250 H:316 F: 7
				849314 60          RTS                    A:0000 X:0E68 Y:00A8 S:0120 D:0000 DB:86 nvMxdiZc V:250 H:320 F: 7

				849352 A9 00       LDA #$00               A:0000 X:0E68 Y:00A8 S:0122 D:0000 DB:86 nvMxdiZc V:250 H:329 F: 7
				849354 60          RTS                    A:0000 X:0E68 Y:00A8 S:0122 D:0000 DB:86 nvMxdiZc V:250 H:332 F: 7

				8492DD D0 26       BNE $0026     [849305] A:0000 X:0E68 Y:00A8 S:0124 D:0000 DB:86 nvMxdiZc V:251 H:  2 F: 7
				8492DF B4 20       LDY $20,X     [000E88] A:0000 X:0E68 Y:00A8 S:0124 D:0000 DB:86 nvMxdiZc V:251 H:  5 F: 7
				8492E1 B9 06 00    LDA $0006,Y   [86C593] A:0000 X:0E68 Y:C58D S:0124 D:0000 DB:86 NvMxdizc V:251 H: 14 F: 7
				8492E4 38          SEC                    A:0002 X:0E68 Y:C58D S:0124 D:0000 DB:86 nvMxdizc V:251 H: 21 F: 7
				8492E5 F9 08 00    SBC $0008,Y   [86C595] A:0002 X:0E68 Y:C58D S:0124 D:0000 DB:86 nvMxdizC V:251 H: 24 F: 7
				8492E8 18          CLC                    A:00ED X:0E68 Y:C58D S:0124 D:0000 DB:86 NvMxdizc V:251 H: 32 F: 7
				8492E9 79 09 00    ADC $0009,Y   [86C596] A:00ED X:0E68 Y:C58D S:0124 D:0000 DB:86 NvMxdizc V:251 H: 35 F: 7
				8492EC 95 2A       STA $2A,X     [000E92] A:00F9 X:0E68 Y:C58D S:0124 D:0000 DB:86 NvMxdizc V:251 H: 42 F: 7
				8492EE 20 15 93    JSR $9315     [849315] A:00F9 X:0E68 Y:C58D S:0124 D:0000 DB:86 NvMxdizc V:251 H: 49 F: 7

				849315 20 B3 90    JSR $90B3     [8490B3] A:00F9 X:0E68 Y:C58D S:0122 D:0000 DB:86 NvMxdizc V:251 H: 59 F: 7

				8490B3 0B          PHD                    A:00F9 X:0E68 Y:C58D S:0120 D:0000 DB:86 NvMxdizc V:251 H: 69 F: 7
				8490B4 DA          PHX                    A:00F9 X:0E68 Y:C58D S:011E D:0000 DB:86 NvMxdizc V:251 H: 76 F: 7
				8490B5 08          PHP                    A:00F9 X:0E68 Y:C58D S:011C D:0000 DB:86 NvMxdizc V:251 H: 83 F: 7
				8490B6 E2 20       SEP #$20               A:00F9 X:0E68 Y:C58D S:011B D:0000 DB:86 NvMxdizc V:251 H: 88 F: 7
				8490B8 C2 10       REP #$10               A:00F9 X:0E68 Y:C58D S:011B D:0000 DB:86 NvMxdizc V:251 H: 92 F: 7
				8490BA 64 01       STZ $01       [000001] A:00F9 X:0E68 Y:C58D S:011B D:0000 DB:86 NvMxdizc V:251 H: 97 F: 7
				8490BC B5 29       LDA $29,X     [000E91] A:00F9 X:0E68 Y:C58D S:011B D:0000 DB:86 NvMxdizc V:251 H:102 F: 7
				8490BE 10 02       BPL $0002     [8490C2] A:00F4 X:0E68 Y:C58D S:011B D:0000 DB:86 NvMxdizc V:251 H:108 F: 7
				8490C0 C6 01       DEC $01       [000001] A:00F4 X:0E68 Y:C58D S:011B D:0000 DB:86 NvMxdizc V:251 H:111 F: 7
				8490C2 18          CLC                    A:00F4 X:0E68 Y:C58D S:011B D:0000 DB:86 NvMxdizc V:251 H:120 F: 7
				8490C3 75 05       ADC $05,X     [000E6D] A:00F4 X:0E68 Y:C58D S:011B D:0000 DB:86 NvMxdizc V:251 H:123 F: 7
				8490C5 85 00       STA $00       [000000] A:00A4 X:0E68 Y:C58D S:011B D:0000 DB:86 NvMxdizC V:251 H:129 F: 7
				8490C7 B5 06       LDA $06,X     [000E6E] A:00A4 X:0E68 Y:C58D S:011B D:0000 DB:86 NvMxdizC V:251 H:144 F: 7
				8490C9 65 01       ADC $01       [000001] A:0007 X:0E68 Y:C58D S:011B D:0000 DB:86 nvMxdizC V:251 H:151 F: 7
				8490CB 85 01       STA $01       [000001] A:0007 X:0E68 Y:C58D S:011B D:0000 DB:86 nvMxdizC V:251 H:156 F: 7
				8490CD 64 03       STZ $03       [000003] A:0007 X:0E68 Y:C58D S:011B D:0000 DB:86 nvMxdizC V:251 H:161 F: 7
				8490CF B5 2A       LDA $2A,X     [000E92] A:0007 X:0E68 Y:C58D S:011B D:0000 DB:86 nvMxdizC V:251 H:166 F: 7
				8490D1 10 02       BPL $0002     [8490D5] A:00F9 X:0E68 Y:C58D S:011B D:0000 DB:86 NvMxdizC V:251 H:172 F: 7
				8490D3 C6 03       DEC $03       [000003] A:00F9 X:0E68 Y:C58D S:011B D:0000 DB:86 NvMxdizC V:251 H:175 F: 7
				8490D5 18          CLC                    A:00F9 X:0E68 Y:C58D S:011B D:0000 DB:86 NvMxdizC V:251 H:184 F: 7
				8490D6 75 08       ADC $08,X     [000E70] A:00F9 X:0E68 Y:C58D S:011B D:0000 DB:86 NvMxdizc V:251 H:187 F: 7
				8490D8 85 02       STA $02       [000002] A:00A1 X:0E68 Y:C58D S:011B D:0000 DB:86 NvMxdizC V:251 H:193 F: 7
				8490DA 29 F0       AND #$F0               A:00A1 X:0E68 Y:C58D S:011B D:0000 DB:86 NvMxdizC V:251 H:198 F: 7
				8490DC 85 0A       STA $0A       [00000A] A:00A0 X:0E68 Y:C58D S:011B D:0000 DB:86 NvMxdizC V:251 H:201 F: 7
				8490DE B5 09       LDA $09,X     [000E71] A:00A0 X:0E68 Y:C58D S:011B D:0000 DB:86 NvMxdizC V:251 H:206 F: 7
				8490E0 65 03       ADC $03       [000003] A:0000 X:0E68 Y:C58D S:011B D:0000 DB:86 nvMxdiZC V:251 H:213 F: 7
				8490E2 85 03       STA $03       [000003] A:0000 X:0E68 Y:C58D S:011B D:0000 DB:86 nvMxdiZC V:251 H:218 F: 7
				8490E4 85 0B       STA $0B       [00000B] A:0000 X:0E68 Y:C58D S:011B D:0000 DB:86 nvMxdiZC V:251 H:223 F: 7
				8490E6 A5 00       LDA $00       [000000] A:0000 X:0E68 Y:C58D S:011B D:0000 DB:86 nvMxdiZC V:251 H:228 F: 7
				8490E8 29 0F       AND #$0F               A:00A4 X:0E68 Y:C58D S:011B D:0000 DB:86 NvMxdizC V:251 H:233 F: 7
				8490EA 1A          INC                    A:0004 X:0E68 Y:C58D S:011B D:0000 DB:86 nvMxdizC V:251 H:236 F: 7
				8490EB 85 0C       STA $0C       [00000C] A:0005 X:0E68 Y:C58D S:011B D:0000 DB:86 nvMxdizC V:251 H:239 F: 7
				8490ED A5 02       LDA $02       [000002] A:0005 X:0E68 Y:C58D S:011B D:0000 DB:86 nvMxdizC V:251 H:244 F: 7
				8490EF 29 0F       AND #$0F               A:00A1 X:0E68 Y:C58D S:011B D:0000 DB:86 NvMxdizC V:251 H:249 F: 7
				8490F1 1A          INC                    A:0001 X:0E68 Y:C58D S:011B D:0000 DB:86 nvMxdizC V:251 H:252 F: 7
				8490F2 85 0E       STA $0E       [00000E] A:0002 X:0E68 Y:C58D S:011B D:0000 DB:86 nvMxdizC V:251 H:255 F: 7
				8490F4 C2 20       REP #$20               A:0002 X:0E68 Y:C58D S:011B D:0000 DB:86 nvMxdizC V:251 H:260 F: 7
				8490F6 20 6A 91    JSR $916A     [84916A] A:0002 X:0E68 Y:C58D S:011B D:0000 DB:86 nvmxdizC V:251 H:264 F: 7

				84916A A9 00 E8    LDA #$E800             A:0002 X:0E68 Y:C58D S:0119 D:0000 DB:86 nvmxdizC V:251 H:274 F: 7
				84916D 85 10       STA $10       [000010] A:E800 X:0E68 Y:C58D S:0119 D:0000 DB:86 NvmxdizC V:251 H:279 F: 7
				84916F A9 7E 00    LDA #$007E             A:E800 X:0E68 Y:C58D S:0119 D:0000 DB:86 NvmxdizC V:251 H:286 F: 7
				849172 85 12       STA $12       [000012] A:007E X:0E68 Y:C58D S:0119 D:0000 DB:86 nvmxdizC V:251 H:290 F: 7
				849174 A5 02       LDA $02       [000002] A:007E X:0E68 Y:C58D S:0119 D:0000 DB:86 nvmxdizC V:251 H:297 F: 7
				849176 29 F0 00    AND #$00F0             A:00A1 X:0E68 Y:C58D S:0119 D:0000 DB:86 nvmxdizC V:251 H:304 F: 7
				849179 0A          ASL A                  A:00A0 X:0E68 Y:C58D S:0119 D:0000 DB:86 nvmxdizC V:251 H:309 F: 7
				84917A 85 04       STA $04       [000004] A:0140 X:0E68 Y:C58D S:0119 D:0000 DB:86 nvmxdizc V:251 H:312 F: 7
				84917C A5 00       LDA $00       [000000] A:0140 X:0E68 Y:C58D S:0119 D:0000 DB:86 nvmxdizc V:251 H:319 F: 7
				84917E 29 FF 00    AND #$00FF             A:07A4 X:0E68 Y:C58D S:0119 D:0000 DB:86 nvmxdizc V:251 H:325 F: 7
				849181 4A          LSR A                  A:00A4 X:0E68 Y:C58D S:0119 D:0000 DB:86 nvmxdizc V:251 H:329 F: 7
				849182 4A          LSR A                  A:0052 X:0E68 Y:C58D S:0119 D:0000 DB:86 nvmxdizc V:251 H:332 F: 7
				849183 4A          LSR A                  A:0029 X:0E68 Y:C58D S:0119 D:0000 DB:86 nvmxdizc V:251 H:335 F: 7
				849184 29 FE FF    AND #$FFFE             A:0014 X:0E68 Y:C58D S:0119 D:0000 DB:86 nvmxdizC V:251 H:338 F: 7
				849187 18          CLC                    A:0014 X:0E68 Y:C58D S:0119 D:0000 DB:86 nvmxdizC V:252 H:  3 F: 7
				849188 65 04       ADC $04       [000004] A:0014 X:0E68 Y:C58D S:0119 D:0000 DB:86 nvmxdizc V:252 H:  6 F: 7
				84918A 85 06       STA $06       [000006] A:0154 X:0E68 Y:C58D S:0119 D:0000 DB:86 nvmxdizc V:252 H: 13 F: 7
				84918C A5 00       LDA $00       [000000] A:0154 X:0E68 Y:C58D S:0119 D:0000 DB:86 nvmxdizc V:252 H: 20 F: 7
				84918E EB          XBA                    A:07A4 X:0E68 Y:C58D S:0119 D:0000 DB:86 nvmxdizc V:252 H: 27 F: 7
				84918F 29 1F 00    AND #$001F             A:A407 X:0E68 Y:C58D S:0119 D:0000 DB:86 nvmxdizc V:252 H: 31 F: 7
				849192 85 04       STA $04       [000004] A:0007 X:0E68 Y:C58D S:0119 D:0000 DB:86 nvmxdizc V:252 H: 36 F: 7
				849194 A5 02       LDA $02       [000002] A:0007 X:0E68 Y:C58D S:0119 D:0000 DB:86 nvmxdizc V:252 H: 43 F: 7
				849196 29 00 1F    AND #$1F00             A:00A1 X:0E68 Y:C58D S:0119 D:0000 DB:86 nvmxdizc V:252 H: 50 F: 7
				849199 4A          LSR A                  A:0000 X:0E68 Y:C58D S:0119 D:0000 DB:86 nvmxdiZc V:252 H: 54 F: 7
				84919A 4A          LSR A                  A:0000 X:0E68 Y:C58D S:0119 D:0000 DB:86 nvmxdiZc V:252 H: 57 F: 7
				84919B 4A          LSR A                  A:0000 X:0E68 Y:C58D S:0119 D:0000 DB:86 nvmxdiZc V:252 H: 60 F: 7
				84919C 18          CLC                    A:0000 X:0E68 Y:C58D S:0119 D:0000 DB:86 nvmxdiZc V:252 H: 63 F: 7
				84919D 65 04       ADC $04       [000004] A:0000 X:0E68 Y:C58D S:0119 D:0000 DB:86 nvmxdiZc V:252 H: 66 F: 7
				84919F A8          TAY                    A:0007 X:0E68 Y:C58D S:0119 D:0000 DB:86 nvmxdizc V:252 H: 73 F: 7
				8491A0 B7 10       LDA [$10],Y   [7EE807] A:0007 X:0E68 Y:0007 S:0119 D:0000 DB:86 nvmxdizc V:252 H: 76 F: 7
				8491A2 29 FF 00    AND #$00FF             A:0003 X:0E68 Y:0007 S:0119 D:0000 DB:86 nvmxdizc V:252 H: 89 F: 7
				8491A5 A8          TAY                    A:0003 X:0E68 Y:0007 S:0119 D:0000 DB:86 nvmxdizc V:252 H: 94 F: 7
				8491A6 EB          XBA                    A:0003 X:0E68 Y:0003 S:0119 D:0000 DB:86 nvmxdizc V:252 H: 97 F: 7
				8491A7 0A          ASL A                  A:0300 X:0E68 Y:0003 S:0119 D:0000 DB:86 nvmxdiZc V:252 H:101 F: 7
				8491A8 18          CLC                    A:0600 X:0E68 Y:0003 S:0119 D:0000 DB:86 nvmxdizc V:252 H:104 F: 7
				8491A9 65 06       ADC $06       [000006] A:0600 X:0E68 Y:0003 S:0119 D:0000 DB:86 nvmxdizc V:252 H:107 F: 7
				8491AB AA          TAX                    A:0754 X:0E68 Y:0003 S:0119 D:0000 DB:86 nvmxdizc V:252 H:114 F: 7
				8491AC 60          RTS                    A:0754 X:0754 Y:0003 S:0119 D:0000 DB:86 nvmxdizc V:252 H:117 F: 7

				8490F9 BF 00 20 7E LDA $7E2000,X [7E2754] A:0754 X:0754 Y:0003 S:011B D:0000 DB:86 nvmxdizc V:252 H:127 F: 7
				8490FD A8          TAY                    A:027D X:0754 Y:0003 S:011B D:0000 DB:86 nvmxdizc V:252 H:147 F: 7
				8490FE AD 92 0B    LDA $0B92     [860B92] A:027D X:0754 Y:027D S:011B D:0000 DB:86 nvmxdizc V:252 H:150 F: 7
				849101 85 10       STA $10       [000010] A:F0A5 X:0754 Y:027D S:011B D:0000 DB:86 Nvmxdizc V:252 H:159 F: 7
				849103 AD 94 0B    LDA $0B94     [860B94] A:F0A5 X:0754 Y:027D S:011B D:0000 DB:86 Nvmxdizc V:252 H:166 F: 7
				849106 85 12       STA $12       [000012] A:6895 X:0754 Y:027D S:011B D:0000 DB:86 nvmxdizc V:252 H:174 F: 7
				849108 B7 10       LDA [$10],Y   [95F322] A:6895 X:0754 Y:027D S:011B D:0000 DB:86 nvmxdizc V:252 H:181 F: 7
				84910A 29 FF 00    AND #$00FF             A:0000 X:0754 Y:027D S:011B D:0000 DB:86 nvmxdiZc V:252 H:193 F: 7
				84910D 28          PLP                    A:0000 X:0754 Y:027D S:011B D:0000 DB:86 nvmxdiZc V:252 H:198 F: 7
				84910E FA          PLX                    A:0000 X:0754 Y:027D S:011C D:0000 DB:86 NvMxdizc V:252 H:204 F: 7
				84910F 2B          PLD                    A:0000 X:0E68 Y:027D S:011E D:0000 DB:86 nvMxdizc V:252 H:213 F: 7
				849110 60          RTS                    A:0000 X:0E68 Y:027D S:0120 D:0000 DB:86 nvMxdiZc V:252 H:221 F: 7

				849318 B4 05       LDY $05,X     [000E6D] A:0000 X:0E68 Y:027D S:0122 D:0000 DB:86 nvMxdiZc V:252 H:231 F: 7
				84931A 84 10       STY $10       [000010] A:0000 X:0E68 Y:07B0 S:0122 D:0000 DB:86 nvMxdizc V:252 H:240 F: 7
				84931C B4 08       LDY $08,X     [000E70] A:0000 X:0E68 Y:07B0 S:0122 D:0000 DB:86 nvMxdizc V:252 H:247 F: 7
				84931E 84 12       STY $12       [000012] A:0000 X:0E68 Y:00A8 S:0122 D:0000 DB:86 nvMxdizc V:252 H:255 F: 7
				849320 95 2D       STA $2D,X     [000E95] A:0000 X:0E68 Y:00A8 S:0122 D:0000 DB:86 nvMxdizc V:252 H:262 F: 7
				849322 86 2C       STX $2C       [00002C] A:0000 X:0E68 Y:00A8 S:0122 D:0000 DB:86 nvMxdizc V:252 H:269 F: 7
				849324 29 3F       AND #$3F               A:0000 X:0E68 Y:00A8 S:0122 D:0000 DB:86 nvMxdizc V:252 H:276 F: 7
				849326 0A          ASL A                  A:0000 X:0E68 Y:00A8 S:0122 D:0000 DB:86 nvMxdiZc V:252 H:279 F: 7
				849327 EB          XBA                    A:0000 X:0E68 Y:00A8 S:0122 D:0000 DB:86 nvMxdiZc V:252 H:282 F: 7
				849328 A9 00       LDA #$00               A:0000 X:0E68 Y:00A8 S:0122 D:0000 DB:86 nvMxdiZc V:252 H:286 F: 7
				84932A EB          XBA                    A:0000 X:0E68 Y:00A8 S:0122 D:0000 DB:86 nvMxdiZc V:252 H:289 F: 7
				84932B AA          TAX                    A:0000 X:0E68 Y:00A8 S:0122 D:0000 DB:86 nvMxdiZc V:252 H:294 F: 7
				84932C FC 5D 93    JSR ($935D,X) [84935D] A:0000 X:0000 Y:00A8 S:0122 D:0000 DB:86 nvMxdiZc V:252 H:297 F: 7

				84977A A9 00       LDA #$00               A:0000 X:0000 Y:00A8 S:0120 D:0000 DB:86 nvMxdiZc V:252 H:310 F: 7
				84977C 60          RTS                    A:0000 X:0000 Y:00A8 S:0120 D:0000 DB:86 nvMxdiZc V:252 H:313 F: 7

				84932F 08          PHP                    A:0000 X:0000 Y:00A8 S:0122 D:0000 DB:86 nvMxdiZc V:252 H:323 F: 7
				849330 A6 2C       LDX $2C       [00002C] A:0000 X:0000 Y:00A8 S:0121 D:0000 DB:86 nvMxdiZc V:252 H:327 F: 7
				849332 A9 01       LDA #$01               A:0000 X:0E68 Y:00A8 S:0121 D:0000 DB:86 nvMxdizc V:252 H:334 F: 7
				849334 34 29       BIT $29,X     [000E91] A:0001 X:0E68 Y:00A8 S:0121 D:0000 DB:86 nvMxdizc V:252 H:337 F: 7
				849336 10 02       BPL $0002     [84933A] A:0001 X:0E68 Y:00A8 S:0121 D:0000 DB:86 NVMxdiZc V:253 H:  3 F: 7
				849338 A9 02       LDA #$02               A:0001 X:0E68 Y:00A8 S:0121 D:0000 DB:86 NVMxdiZc V:253 H:  6 F: 7
				84933A 28          PLP                    A:0002 X:0E68 Y:00A8 S:0121 D:0000 DB:86 nVMxdizc V:253 H:  9 F: 7
				84933B F0 0C       BEQ $000C     [849349] A:0002 X:0E68 Y:00A8 S:0122 D:0000 DB:86 nvMxdiZc V:253 H: 16 F: 7
				849349 49 FF       EOR #$FF               A:0002 X:0E68 Y:00A8 S:0122 D:0000 DB:86 nvMxdiZc V:253 H: 20 F: 7
				84934B 35 2B       AND $2B,X     [000E93] A:00FD X:0E68 Y:00A8 S:0122 D:0000 DB:86 NvMxdizc V:253 H: 23 F: 7
				84934D 95 2B       STA $2B,X     [000E93] A:0000 X:0E68 Y:00A8 S:0122 D:0000 DB:86 nvMxdiZc V:253 H: 30 F: 7
				84934F 20 08 93    JSR $9308     [849308] A:0000 X:0E68 Y:00A8 S:0122 D:0000 DB:86 nvMxdiZc V:253 H: 36 F: 7

				849308 A5 14       LDA $14       [000014] A:0000 X:0E68 Y:00A8 S:0120 D:0000 DB:86 nvMxdiZc V:253 H: 46 F: 7
				84930A F0 08       BEQ $0008     [849314] A:0000 X:0E68 Y:00A8 S:0120 D:0000 DB:86 nvMxdiZc V:253 H: 51 F: 7
				849314 60          RTS                    A:0000 X:0E68 Y:00A8 S:0120 D:0000 DB:86 nvMxdiZc V:253 H: 56 F: 7

				849352 A9 00       LDA #$00               A:0000 X:0E68 Y:00A8 S:0122 D:0000 DB:86 nvMxdiZc V:253 H: 66 F: 7
				849354 60          RTS                    A:0000 X:0E68 Y:00A8 S:0122 D:0000 DB:86 nvMxdiZc V:253 H: 69 F: 7

				8492F1 D0 12       BNE $0012     [849305] A:0000 X:0E68 Y:00A8 S:0124 D:0000 DB:86 nvMxdiZc V:253 H: 79 F: 7
				8492F3 B4 20       LDY $20,X     [000E88] A:0000 X:0E68 Y:00A8 S:0124 D:0000 DB:86 nvMxdiZc V:253 H: 82 F: 7
				8492F5 B9 06 00    LDA $0006,Y   [86C593] A:0000 X:0E68 Y:C58D S:0124 D:0000 DB:86 NvMxdizc V:253 H: 90 F: 7
				8492F8 18          CLC                    A:0002 X:0E68 Y:C58D S:0124 D:0000 DB:86 nvMxdizc V:253 H: 98 F: 7
				8492F9 79 08 00    ADC $0008,Y   [86C595] A:0002 X:0E68 Y:C58D S:0124 D:0000 DB:86 nvMxdizc V:253 H:101 F: 7
				8492FC 38          SEC                    A:0017 X:0E68 Y:C58D S:0124 D:0000 DB:86 nvMxdizc V:253 H:108 F: 7
				8492FD F9 09 00    SBC $0009,Y   [86C596] A:0017 X:0E68 Y:C58D S:0124 D:0000 DB:86 nvMxdizC V:253 H:111 F: 7
				849300 95 2A       STA $2A,X     [000E92] A:000B X:0E68 Y:C58D S:0124 D:0000 DB:86 nvMxdizC V:253 H:119 F: 7
				849302 20 15 93    JSR $9315     [849315] A:000B X:0E68 Y:C58D S:0124 D:0000 DB:86 nvMxdizC V:253 H:125 F: 7

				849315 20 B3 90    JSR $90B3     [8490B3] A:000B X:0E68 Y:C58D S:0122 D:0000 DB:86 nvMxdizC V:253 H:145 F: 7

				8490B3 0B          PHD                    A:000B X:0E68 Y:C58D S:0120 D:0000 DB:86 nvMxdizC V:253 H:155 F: 7
				8490B4 DA          PHX                    A:000B X:0E68 Y:C58D S:011E D:0000 DB:86 nvMxdizC V:253 H:162 F: 7
				8490B5 08          PHP                    A:000B X:0E68 Y:C58D S:011C D:0000 DB:86 nvMxdizC V:253 H:169 F: 7
				8490B6 E2 20       SEP #$20               A:000B X:0E68 Y:C58D S:011B D:0000 DB:86 nvMxdizC V:253 H:174 F: 7
				8490B8 C2 10       REP #$10               A:000B X:0E68 Y:C58D S:011B D:0000 DB:86 nvMxdizC V:253 H:179 F: 7
				8490BA 64 01       STZ $01       [000001] A:000B X:0E68 Y:C58D S:011B D:0000 DB:86 nvMxdizC V:253 H:183 F: 7
				8490BC B5 29       LDA $29,X     [000E91] A:000B X:0E68 Y:C58D S:011B D:0000 DB:86 nvMxdizC V:253 H:188 F: 7
				8490BE 10 02       BPL $0002     [8490C2] A:00F4 X:0E68 Y:C58D S:011B D:0000 DB:86 NvMxdizC V:253 H:195 F: 7
				8490C0 C6 01       DEC $01       [000001] A:00F4 X:0E68 Y:C58D S:011B D:0000 DB:86 NvMxdizC V:253 H:198 F: 7
				8490C2 18          CLC                    A:00F4 X:0E68 Y:C58D S:011B D:0000 DB:86 NvMxdizC V:253 H:206 F: 7
				8490C3 75 05       ADC $05,X     [000E6D] A:00F4 X:0E68 Y:C58D S:011B D:0000 DB:86 NvMxdizc V:253 H:209 F: 7
				8490C5 85 00       STA $00       [000000] A:00A4 X:0E68 Y:C58D S:011B D:0000 DB:86 NvMxdizC V:253 H:216 F: 7
				8490C7 B5 06       LDA $06,X     [000E6E] A:00A4 X:0E68 Y:C58D S:011B D:0000 DB:86 NvMxdizC V:253 H:221 F: 7
				8490C9 65 01       ADC $01       [000001] A:0007 X:0E68 Y:C58D S:011B D:0000 DB:86 nvMxdizC V:253 H:227 F: 7
				8490CB 85 01       STA $01       [000001] A:0007 X:0E68 Y:C58D S:011B D:0000 DB:86 nvMxdizC V:253 H:232 F: 7
				8490CD 64 03       STZ $03       [000003] A:0007 X:0E68 Y:C58D S:011B D:0000 DB:86 nvMxdizC V:253 H:237 F: 7
				8490CF B5 2A       LDA $2A,X     [000E92] A:0007 X:0E68 Y:C58D S:011B D:0000 DB:86 nvMxdizC V:253 H:242 F: 7
				8490D1 10 02       BPL $0002     [8490D5] A:000B X:0E68 Y:C58D S:011B D:0000 DB:86 nvMxdizC V:253 H:249 F: 7
				8490D5 18          CLC                    A:000B X:0E68 Y:C58D S:011B D:0000 DB:86 nvMxdizC V:253 H:253 F: 7
				8490D6 75 08       ADC $08,X     [000E70] A:000B X:0E68 Y:C58D S:011B D:0000 DB:86 nvMxdizc V:253 H:256 F: 7
				8490D8 85 02       STA $02       [000002] A:00B3 X:0E68 Y:C58D S:011B D:0000 DB:86 NvMxdizc V:253 H:263 F: 7
				8490DA 29 F0       AND #$F0               A:00B3 X:0E68 Y:C58D S:011B D:0000 DB:86 NvMxdizc V:253 H:268 F: 7
				8490DC 85 0A       STA $0A       [00000A] A:00B0 X:0E68 Y:C58D S:011B D:0000 DB:86 NvMxdizc V:253 H:271 F: 7
				8490DE B5 09       LDA $09,X     [000E71] A:00B0 X:0E68 Y:C58D S:011B D:0000 DB:86 NvMxdizc V:253 H:276 F: 7
				8490E0 65 03       ADC $03       [000003] A:0000 X:0E68 Y:C58D S:011B D:0000 DB:86 nvMxdiZc V:253 H:282 F: 7
				8490E2 85 03       STA $03       [000003] A:0000 X:0E68 Y:C58D S:011B D:0000 DB:86 nvMxdiZc V:253 H:287 F: 7
				8490E4 85 0B       STA $0B       [00000B] A:0000 X:0E68 Y:C58D S:011B D:0000 DB:86 nvMxdiZc V:253 H:292 F: 7
				8490E6 A5 00       LDA $00       [000000] A:0000 X:0E68 Y:C58D S:011B D:0000 DB:86 nvMxdiZc V:253 H:297 F: 7
				8490E8 29 0F       AND #$0F               A:00A4 X:0E68 Y:C58D S:011B D:0000 DB:86 NvMxdizc V:253 H:302 F: 7
				8490EA 1A          INC                    A:0004 X:0E68 Y:C58D S:011B D:0000 DB:86 nvMxdizc V:253 H:305 F: 7
				8490EB 85 0C       STA $0C       [00000C] A:0005 X:0E68 Y:C58D S:011B D:0000 DB:86 nvMxdizc V:253 H:308 F: 7
				8490ED A5 02       LDA $02       [000002] A:0005 X:0E68 Y:C58D S:011B D:0000 DB:86 nvMxdizc V:253 H:313 F: 7
				8490EF 29 0F       AND #$0F               A:00B3 X:0E68 Y:C58D S:011B D:0000 DB:86 NvMxdizc V:253 H:318 F: 7
				8490F1 1A          INC                    A:0003 X:0E68 Y:C58D S:011B D:0000 DB:86 nvMxdizc V:253 H:321 F: 7
				8490F2 85 0E       STA $0E       [00000E] A:0004 X:0E68 Y:C58D S:011B D:0000 DB:86 nvMxdizc V:253 H:324 F: 7
				8490F4 C2 20       REP #$20               A:0004 X:0E68 Y:C58D S:011B D:0000 DB:86 nvMxdizc V:253 H:328 F: 7
				8490F6 20 6A 91    JSR $916A     [84916A] A:0004 X:0E68 Y:C58D S:011B D:0000 DB:86 nvmxdizc V:253 H:333 F: 7

				84916A A9 00 E8    LDA #$E800             A:0004 X:0E68 Y:C58D S:0119 D:0000 DB:86 nvmxdizc V:254 H:  3 F: 7
				84916D 85 10       STA $10       [000010] A:E800 X:0E68 Y:C58D S:0119 D:0000 DB:86 Nvmxdizc V:254 H:  7 F: 7
				84916F A9 7E 00    LDA #$007E             A:E800 X:0E68 Y:C58D S:0119 D:0000 DB:86 Nvmxdizc V:254 H: 14 F: 7
				849172 85 12       STA $12       [000012] A:007E X:0E68 Y:C58D S:0119 D:0000 DB:86 nvmxdizc V:254 H: 19 F: 7
				849174 A5 02       LDA $02       [000002] A:007E X:0E68 Y:C58D S:0119 D:0000 DB:86 nvmxdizc V:254 H: 26 F: 7
				849176 29 F0 00    AND #$00F0             A:00B3 X:0E68 Y:C58D S:0119 D:0000 DB:86 nvmxdizc V:254 H: 33 F: 7
				849179 0A          ASL A                  A:00B0 X:0E68 Y:C58D S:0119 D:0000 DB:86 nvmxdizc V:254 H: 37 F: 7
				84917A 85 04       STA $04       [000004] A:0160 X:0E68 Y:C58D S:0119 D:0000 DB:86 nvmxdizc V:254 H: 40 F: 7
				84917C A5 00       LDA $00       [000000] A:0160 X:0E68 Y:C58D S:0119 D:0000 DB:86 nvmxdizc V:254 H: 47 F: 7
				84917E 29 FF 00    AND #$00FF             A:07A4 X:0E68 Y:C58D S:0119 D:0000 DB:86 nvmxdizc V:254 H: 54 F: 7
				849181 4A          LSR A                  A:00A4 X:0E68 Y:C58D S:0119 D:0000 DB:86 nvmxdizc V:254 H: 59 F: 7
				849182 4A          LSR A                  A:0052 X:0E68 Y:C58D S:0119 D:0000 DB:86 nvmxdizc V:254 H: 62 F: 7
				849183 4A          LSR A                  A:0029 X:0E68 Y:C58D S:0119 D:0000 DB:86 nvmxdizc V:254 H: 65 F: 7
				849184 29 FE FF    AND #$FFFE             A:0014 X:0E68 Y:C58D S:0119 D:0000 DB:86 nvmxdizC V:254 H: 68 F: 7
				849187 18          CLC                    A:0014 X:0E68 Y:C58D S:0119 D:0000 DB:86 nvmxdizC V:254 H: 72 F: 7
				849188 65 04       ADC $04       [000004] A:0014 X:0E68 Y:C58D S:0119 D:0000 DB:86 nvmxdizc V:254 H: 75 F: 7
				84918A 85 06       STA $06       [000006] A:0174 X:0E68 Y:C58D S:0119 D:0000 DB:86 nvmxdizc V:254 H: 82 F: 7
				84918C A5 00       LDA $00       [000000] A:0174 X:0E68 Y:C58D S:0119 D:0000 DB:86 nvmxdizc V:254 H: 89 F: 7
				84918E EB          XBA                    A:07A4 X:0E68 Y:C58D S:0119 D:0000 DB:86 nvmxdizc V:254 H: 96 F: 7
				84918F 29 1F 00    AND #$001F             A:A407 X:0E68 Y:C58D S:0119 D:0000 DB:86 nvmxdizc V:254 H:101 F: 7
				849192 85 04       STA $04       [000004] A:0007 X:0E68 Y:C58D S:0119 D:0000 DB:86 nvmxdizc V:254 H:105 F: 7
				849194 A5 02       LDA $02       [000002] A:0007 X:0E68 Y:C58D S:0119 D:0000 DB:86 nvmxdizc V:254 H:112 F: 7
				849196 29 00 1F    AND #$1F00             A:00B3 X:0E68 Y:C58D S:0119 D:0000 DB:86 nvmxdizc V:254 H:119 F: 7
				849199 4A          LSR A                  A:0000 X:0E68 Y:C58D S:0119 D:0000 DB:86 nvmxdiZc V:254 H:124 F: 7
				84919A 4A          LSR A                  A:0000 X:0E68 Y:C58D S:0119 D:0000 DB:86 nvmxdiZc V:254 H:127 F: 7
				84919B 4A          LSR A                  A:0000 X:0E68 Y:C58D S:0119 D:0000 DB:86 nvmxdiZc V:254 H:130 F: 7
				84919C 18          CLC                    A:0000 X:0E68 Y:C58D S:0119 D:0000 DB:86 nvmxdiZc V:254 H:133 F: 7
				84919D 65 04       ADC $04       [000004] A:0000 X:0E68 Y:C58D S:0119 D:0000 DB:86 nvmxdiZc V:254 H:146 F: 7
				84919F A8          TAY                    A:0007 X:0E68 Y:C58D S:0119 D:0000 DB:86 nvmxdizc V:254 H:153 F: 7
				8491A0 B7 10       LDA [$10],Y   [7EE807] A:0007 X:0E68 Y:0007 S:0119 D:0000 DB:86 nvmxdizc V:254 H:156 F: 7
				8491A2 29 FF 00    AND #$00FF             A:0003 X:0E68 Y:0007 S:0119 D:0000 DB:86 nvmxdizc V:254 H:169 F: 7
				8491A5 A8          TAY                    A:0003 X:0E68 Y:0007 S:0119 D:0000 DB:86 nvmxdizc V:254 H:173 F: 7
				8491A6 EB          XBA                    A:0003 X:0E68 Y:0003 S:0119 D:0000 DB:86 nvmxdizc V:254 H:176 F: 7
				8491A7 0A          ASL A                  A:0300 X:0E68 Y:0003 S:0119 D:0000 DB:86 nvmxdiZc V:254 H:181 F: 7
				8491A8 18          CLC                    A:0600 X:0E68 Y:0003 S:0119 D:0000 DB:86 nvmxdizc V:254 H:184 F: 7
				8491A9 65 06       ADC $06       [000006] A:0600 X:0E68 Y:0003 S:0119 D:0000 DB:86 nvmxdizc V:254 H:187 F: 7
				8491AB AA          TAX                    A:0774 X:0E68 Y:0003 S:0119 D:0000 DB:86 nvmxdizc V:254 H:194 F: 7
				8491AC 60          RTS                    A:0774 X:0774 Y:0003 S:0119 D:0000 DB:86 nvmxdizc V:254 H:197 F: 7

				8490F9 BF 00 20 7E LDA $7E2000,X [7E2774] A:0774 X:0774 Y:0003 S:011B D:0000 DB:86 nvmxdizc V:254 H:207 F: 7
				8490FD A8          TAY                    A:0298 X:0774 Y:0003 S:011B D:0000 DB:86 nvmxdizc V:254 H:217 F: 7
				8490FE AD 92 0B    LDA $0B92     [860B92] A:0298 X:0774 Y:0298 S:011B D:0000 DB:86 nvmxdizc V:254 H:220 F: 7
				849101 85 10       STA $10       [000010] A:F0A5 X:0774 Y:0298 S:011B D:0000 DB:86 Nvmxdizc V:254 H:228 F: 7
				849103 AD 94 0B    LDA $0B94     [860B94] A:F0A5 X:0774 Y:0298 S:011B D:0000 DB:86 Nvmxdizc V:254 H:235 F: 7
				849106 85 12       STA $12       [000012] A:6895 X:0774 Y:0298 S:011B D:0000 DB:86 nvmxdizc V:254 H:244 F: 7
				849108 B7 10       LDA [$10],Y   [95F33D] A:6895 X:0774 Y:0298 S:011B D:0000 DB:86 nvmxdizc V:254 H:251 F: 7
				84910A 29 FF 00    AND #$00FF             A:0000 X:0774 Y:0298 S:011B D:0000 DB:86 nvmxdiZc V:254 H:263 F: 7
				84910D 28          PLP                    A:0000 X:0774 Y:0298 S:011B D:0000 DB:86 nvmxdiZc V:254 H:267 F: 7
				84910E FA          PLX                    A:0000 X:0774 Y:0298 S:011C D:0000 DB:86 nvMxdizC V:254 H:274 F: 7
				84910F 2B          PLD                    A:0000 X:0E68 Y:0298 S:011E D:0000 DB:86 nvMxdizC V:254 H:282 F: 7
				849110 60          RTS                    A:0000 X:0E68 Y:0298 S:0120 D:0000 DB:86 nvMxdiZC V:254 H:291 F: 7

				849318 B4 05       LDY $05,X     [000E6D] A:0000 X:0E68 Y:0298 S:0122 D:0000 DB:86 nvMxdiZC V:254 H:301 F: 7
				84931A 84 10       STY $10       [000010] A:0000 X:0E68 Y:07B0 S:0122 D:0000 DB:86 nvMxdizC V:254 H:309 F: 7
				84931C B4 08       LDY $08,X     [000E70] A:0000 X:0E68 Y:07B0 S:0122 D:0000 DB:86 nvMxdizC V:254 H:316 F: 7
				84931E 84 12       STY $12       [000012] A:0000 X:0E68 Y:00A8 S:0122 D:0000 DB:86 nvMxdizC V:254 H:324 F: 7
				849320 95 2D       STA $2D,X     [000E95] A:0000 X:0E68 Y:00A8 S:0122 D:0000 DB:86 nvMxdizC V:254 H:331 F: 7
				849322 86 2C       STX $2C       [00002C] A:0000 X:0E68 Y:00A8 S:0122 D:0000 DB:86 nvMxdizC V:254 H:337 F: 7
				849324 29 3F       AND #$3F               A:0000 X:0E68 Y:00A8 S:0122 D:0000 DB:86 nvMxdizC V:255 H:  4 F: 7
				849326 0A          ASL A                  A:0000 X:0E68 Y:00A8 S:0122 D:0000 DB:86 nvMxdiZC V:255 H:  7 F: 7
				849327 EB          XBA                    A:0000 X:0E68 Y:00A8 S:0122 D:0000 DB:86 nvMxdiZc V:255 H: 10 F: 7
				849328 A9 00       LDA #$00               A:0000 X:0E68 Y:00A8 S:0122 D:0000 DB:86 nvMxdiZc V:255 H: 15 F: 7
				84932A EB          XBA                    A:0000 X:0E68 Y:00A8 S:0122 D:0000 DB:86 nvMxdiZc V:255 H: 18 F: 7
				84932B AA          TAX                    A:0000 X:0E68 Y:00A8 S:0122 D:0000 DB:86 nvMxdiZc V:255 H: 22 F: 7
				84932C FC 5D 93    JSR ($935D,X) [84935D] A:0000 X:0000 Y:00A8 S:0122 D:0000 DB:86 nvMxdiZc V:255 H: 25 F: 7

				84977A A9 00       LDA #$00               A:0000 X:0000 Y:00A8 S:0120 D:0000 DB:86 nvMxdiZc V:255 H: 38 F: 7
				84977C 60          RTS                    A:0000 X:0000 Y:00A8 S:0120 D:0000 DB:86 nvMxdiZc V:255 H: 41 F: 7

				84932F 08          PHP                    A:0000 X:0000 Y:00A8 S:0122 D:0000 DB:86 nvMxdiZc V:255 H: 51 F: 7
				849330 A6 2C       LDX $2C       [00002C] A:0000 X:0000 Y:00A8 S:0121 D:0000 DB:86 nvMxdiZc V:255 H: 56 F: 7
				849332 A9 01       LDA #$01               A:0000 X:0E68 Y:00A8 S:0121 D:0000 DB:86 nvMxdizc V:255 H: 63 F: 7
				849334 34 29       BIT $29,X     [000E91] A:0001 X:0E68 Y:00A8 S:0121 D:0000 DB:86 nvMxdizc V:255 H: 66 F: 7
				849336 10 02       BPL $0002     [84933A] A:0001 X:0E68 Y:00A8 S:0121 D:0000 DB:86 NVMxdiZc V:255 H: 73 F: 7
				849338 A9 02       LDA #$02               A:0001 X:0E68 Y:00A8 S:0121 D:0000 DB:86 NVMxdiZc V:255 H: 76 F: 7
				84933A 28          PLP                    A:0002 X:0E68 Y:00A8 S:0121 D:0000 DB:86 nVMxdizc V:255 H: 79 F: 7
				84933B F0 0C       BEQ $000C     [849349] A:0002 X:0E68 Y:00A8 S:0122 D:0000 DB:86 nvMxdiZc V:255 H: 85 F: 7
				849349 49 FF       EOR #$FF               A:0002 X:0E68 Y:00A8 S:0122 D:0000 DB:86 nvMxdiZc V:255 H: 90 F: 7
				84934B 35 2B       AND $2B,X     [000E93] A:00FD X:0E68 Y:00A8 S:0122 D:0000 DB:86 NvMxdizc V:255 H: 93 F: 7
				84934D 95 2B       STA $2B,X     [000E93] A:0000 X:0E68 Y:00A8 S:0122 D:0000 DB:86 nvMxdiZc V:255 H: 99 F: 7
				84934F 20 08 93    JSR $9308     [849308] A:0000 X:0E68 Y:00A8 S:0122 D:0000 DB:86 nvMxdiZc V:255 H:106 F: 7

				849308 A5 14       LDA $14       [000014] A:0000 X:0E68 Y:00A8 S:0120 D:0000 DB:86 nvMxdiZc V:255 H:116 F: 7
				84930A F0 08       BEQ $0008     [849314] A:0000 X:0E68 Y:00A8 S:0120 D:0000 DB:86 nvMxdiZc V:255 H:121 F: 7
				849314 60          RTS                    A:0000 X:0E68 Y:00A8 S:0120 D:0000 DB:86 nvMxdiZc V:255 H:125 F: 7

				849352 A9 00       LDA #$00               A:0000 X:0E68 Y:00A8 S:0122 D:0000 DB:86 nvMxdiZc V:255 H:145 F: 7
				849354 60          RTS                    A:0000 X:0E68 Y:00A8 S:0122 D:0000 DB:86 nvMxdiZc V:255 H:148 F: 7

				849305 C2 30       REP #$30               A:0000 X:0E68 Y:00A8 S:0124 D:0000 DB:86 nvMxdiZc V:255 H:158 F: 7
				849307 60          RTS                    A:0000 X:0E68 Y:00A8 S:0124 D:0000 DB:86 nvmxdiZc V:255 H:163 F: 7

				8491D8 20 ED 91    JSR $91ED     [8491ED] A:0000 X:0E68 Y:00A8 S:0126 D:0000 DB:86 nvmxdiZc V:255 H:173 F: 7

				8491ED B5 08       LDA $08,X     [000E70] A:0000 X:0E68 Y:00A8 S:0124 D:0000 DB:86 nvmxdiZc V:255 H:183 F: 7
				8491EF D5 24       CMP $24,X     [000E8C] A:00A8 X:0E68 Y:00A8 S:0124 D:0000 DB:86 nvmxdizc V:255 H:191 F: 7
				8491F1 F0 F2       BEQ $00F2     [8491E5] A:00A8 X:0E68 Y:00A8 S:0124 D:0000 DB:86 nvmxdiZC V:255 H:200 F: 7
				8491E5 B5 1C       LDA $1C,X     [000E84] A:00A8 X:0E68 Y:00A8 S:0124 D:0000 DB:86 nvmxdiZC V:255 H:204 F: 7
				8491E7 F0 F5       BEQ $00F5     [8491DE] A:F000 X:0E68 Y:00A8 S:0124 D:0000 DB:86 NvmxdizC V:255 H:213 F: 7
				8491E9 10 0A       BPL $000A     [8491F5] A:F000 X:0E68 Y:00A8 S:0124 D:0000 DB:86 NvmxdizC V:255 H:216 F: 7
				8491EB 80 55       BRA $0055     [849242] A:F000 X:0E68 Y:00A8 S:0124 D:0000 DB:86 NvmxdizC V:255 H:219 F: 7
				849242 E2 20       SEP #$20               A:F000 X:0E68 Y:00A8 S:0124 D:0000 DB:86 NvmxdizC V:255 H:223 F: 7
				849244 A0 04 00    LDY #$0004             A:F000 X:0E68 Y:00A8 S:0124 D:0000 DB:86 NvMxdizC V:255 H:228 F: 7
				849247 AD 1C 1F    LDA $1F1C     [861F1C] A:F000 X:0E68 Y:0004 S:0124 D:0000 DB:86 nvMxdizC V:255 H:232 F: 7
				84924A F0 03       BEQ $0003     [84924F] A:F000 X:0E68 Y:0004 S:0124 D:0000 DB:86 nvMxdiZC V:255 H:239 F: 7
				84924F B5 2F       LDA $2F,X     [000E97] A:F000 X:0E68 Y:0004 S:0124 D:0000 DB:86 nvMxdiZC V:255 H:243 F: 7
				849251 F0 03       BEQ $0003     [849256] A:F000 X:0E68 Y:0004 S:0124 D:0000 DB:86 nvMxdiZC V:255 H:250 F: 7
				849256 98          TYA                    A:F000 X:0E68 Y:0004 S:0124 D:0000 DB:86 nvMxdiZC V:255 H:254 F: 7
				849257 09 80       ORA #$80               A:F004 X:0E68 Y:0004 S:0124 D:0000 DB:86 nvMxdizC V:255 H:257 F: 7
				849259 85 08       STA $08       [000008] A:F084 X:0E68 Y:0004 S:0124 D:0000 DB:86 NvMxdizC V:255 H:260 F: 7
				84925B B4 20       LDY $20,X     [000E88] A:F084 X:0E68 Y:0004 S:0124 D:0000 DB:86 NvMxdizC V:255 H:265 F: 7
				84925D B9 06 00    LDA $0006,Y   [86C593] A:F084 X:0E68 Y:C58D S:0124 D:0000 DB:86 NvMxdizC V:255 H:274 F: 7
				849260 18          CLC                    A:F002 X:0E68 Y:C58D S:0124 D:0000 DB:86 nvMxdizC V:255 H:281 F: 7
				849261 79 08 00    ADC $0008,Y   [86C595] A:F002 X:0E68 Y:C58D S:0124 D:0000 DB:86 nvMxdizc V:255 H:284 F: 7
				849264 95 2A       STA $2A,X     [000E92] A:F017 X:0E68 Y:C58D S:0124 D:0000 DB:86 nvMxdizc V:255 H:292 F: 7
				849266 B9 05 00    LDA $0005,Y   [86C592] A:F017 X:0E68 Y:C58D S:0124 D:0000 DB:86 nvMxdizc V:255 H:298 F: 7
				849269 34 11       BIT $11,X     [000E79] A:F000 X:0E68 Y:C58D S:0124 D:0000 DB:86 nvMxdiZc V:255 H:306 F: 7
				84926B 50 03       BVC $0003     [849270] A:F000 X:0E68 Y:C58D S:0124 D:0000 DB:86 nvMxdiZc V:255 H:312 F: 7
				849270 95 29       STA $29,X     [000E91] A:F000 X:0E68 Y:C58D S:0124 D:0000 DB:86 nvMxdiZc V:255 H:317 F: 7
				849272 20 C4 95    JSR $95C4     [8495C4] A:F000 X:0E68 Y:C58D S:0124 D:0000 DB:86 nvMxdiZc V:255 H:323 F: 7

				8495C4 B5 2A       LDA $2A,X     [000E92] A:F000 X:0E68 Y:C58D S:0122 D:0000 DB:86 nvMxdiZc V:255 H:332 F: 7
				8495C6 48          PHA                    A:F017 X:0E68 Y:C58D S:0122 D:0000 DB:86 nvMxdizc V:255 H:339 F: 7
				8495C7 A5 08       LDA $08       [000008] A:F017 X:0E68 Y:C58D S:0121 D:0000 DB:86 nvMxdizc V:256 H:  4 F: 7
				8495C9 29 7F       AND #$7F               A:F084 X:0E68 Y:C58D S:0121 D:0000 DB:86 NvMxdizc V:256 H:  9 F: 7
				8495CB 18          CLC                    A:F004 X:0E68 Y:C58D S:0121 D:0000 DB:86 nvMxdizc V:256 H: 12 F: 7
				8495CC 75 2A       ADC $2A,X     [000E92] A:F004 X:0E68 Y:C58D S:0121 D:0000 DB:86 nvMxdizc V:256 H: 15 F: 7
				8495CE 95 2A       STA $2A,X     [000E92] A:F01B X:0E68 Y:C58D S:0121 D:0000 DB:86 nvMxdizc V:256 H: 21 F: 7
				8495D0 20 B3 90    JSR $90B3     [8490B3] A:F01B X:0E68 Y:C58D S:0121 D:0000 DB:86 nvMxdizc V:256 H: 28 F: 7

				8490B3 0B          PHD                    A:F01B X:0E68 Y:C58D S:011F D:0000 DB:86 nvMxdizc V:256 H: 38 F: 7
				8490B4 DA          PHX                    A:F01B X:0E68 Y:C58D S:011D D:0000 DB:86 nvMxdizc V:256 H: 45 F: 7
				8490B5 08          PHP                    A:F01B X:0E68 Y:C58D S:011B D:0000 DB:86 nvMxdizc V:256 H: 52 F: 7
				8490B6 E2 20       SEP #$20               A:F01B X:0E68 Y:C58D S:011A D:0000 DB:86 nvMxdizc V:256 H: 57 F: 7
				8490B8 C2 10       REP #$10               A:F01B X:0E68 Y:C58D S:011A D:0000 DB:86 nvMxdizc V:256 H: 61 F: 7
				8490BA 64 01       STZ $01       [000001] A:F01B X:0E68 Y:C58D S:011A D:0000 DB:86 nvMxdizc V:256 H: 66 F: 7
				8490BC B5 29       LDA $29,X     [000E91] A:F01B X:0E68 Y:C58D S:011A D:0000 DB:86 nvMxdizc V:256 H: 71 F: 7
				8490BE 10 02       BPL $0002     [8490C2] A:F000 X:0E68 Y:C58D S:011A D:0000 DB:86 nvMxdiZc V:256 H: 77 F: 7
				8490C2 18          CLC                    A:F000 X:0E68 Y:C58D S:011A D:0000 DB:86 nvMxdiZc V:256 H: 82 F: 7
				8490C3 75 05       ADC $05,X     [000E6D] A:F000 X:0E68 Y:C58D S:011A D:0000 DB:86 nvMxdiZc V:256 H: 85 F: 7
				8490C5 85 00       STA $00       [000000] A:F0B0 X:0E68 Y:C58D S:011A D:0000 DB:86 NvMxdizc V:256 H: 91 F: 7
				8490C7 B5 06       LDA $06,X     [000E6E] A:F0B0 X:0E68 Y:C58D S:011A D:0000 DB:86 NvMxdizc V:256 H: 96 F: 7
				8490C9 65 01       ADC $01       [000001] A:F007 X:0E68 Y:C58D S:011A D:0000 DB:86 nvMxdizc V:256 H:103 F: 7
				8490CB 85 01       STA $01       [000001] A:F007 X:0E68 Y:C58D S:011A D:0000 DB:86 nvMxdizc V:256 H:108 F: 7
				8490CD 64 03       STZ $03       [000003] A:F007 X:0E68 Y:C58D S:011A D:0000 DB:86 nvMxdizc V:256 H:113 F: 7
				8490CF B5 2A       LDA $2A,X     [000E92] A:F007 X:0E68 Y:C58D S:011A D:0000 DB:86 nvMxdizc V:256 H:118 F: 7
				8490D1 10 02       BPL $0002     [8490D5] A:F01B X:0E68 Y:C58D S:011A D:0000 DB:86 nvMxdizc V:256 H:124 F: 7
				8490D5 18          CLC                    A:F01B X:0E68 Y:C58D S:011A D:0000 DB:86 nvMxdizc V:256 H:129 F: 7
				8490D6 75 08       ADC $08,X     [000E70] A:F01B X:0E68 Y:C58D S:011A D:0000 DB:86 nvMxdizc V:256 H:132 F: 7
				8490D8 85 02       STA $02       [000002] A:F0C3 X:0E68 Y:C58D S:011A D:0000 DB:86 NvMxdizc V:256 H:148 F: 7
				8490DA 29 F0       AND #$F0               A:F0C3 X:0E68 Y:C58D S:011A D:0000 DB:86 NvMxdizc V:256 H:153 F: 7
				8490DC 85 0A       STA $0A       [00000A] A:F0C0 X:0E68 Y:C58D S:011A D:0000 DB:86 NvMxdizc V:256 H:156 F: 7
				8490DE B5 09       LDA $09,X     [000E71] A:F0C0 X:0E68 Y:C58D S:011A D:0000 DB:86 NvMxdizc V:256 H:161 F: 7
				8490E0 65 03       ADC $03       [000003] A:F000 X:0E68 Y:C58D S:011A D:0000 DB:86 nvMxdiZc V:256 H:168 F: 7
				8490E2 85 03       STA $03       [000003] A:F000 X:0E68 Y:C58D S:011A D:0000 DB:86 nvMxdiZc V:256 H:173 F: 7
				8490E4 85 0B       STA $0B       [00000B] A:F000 X:0E68 Y:C58D S:011A D:0000 DB:86 nvMxdiZc V:256 H:178 F: 7
				8490E6 A5 00       LDA $00       [000000] A:F000 X:0E68 Y:C58D S:011A D:0000 DB:86 nvMxdiZc V:256 H:183 F: 7
				8490E8 29 0F       AND #$0F               A:F0B0 X:0E68 Y:C58D S:011A D:0000 DB:86 NvMxdizc V:256 H:188 F: 7
				8490EA 1A          INC                    A:F000 X:0E68 Y:C58D S:011A D:0000 DB:86 nvMxdiZc V:256 H:191 F: 7
				8490EB 85 0C       STA $0C       [00000C] A:F001 X:0E68 Y:C58D S:011A D:0000 DB:86 nvMxdizc V:256 H:194 F: 7
				8490ED A5 02       LDA $02       [000002] A:F001 X:0E68 Y:C58D S:011A D:0000 DB:86 nvMxdizc V:256 H:199 F: 7
				8490EF 29 0F       AND #$0F               A:F0C3 X:0E68 Y:C58D S:011A D:0000 DB:86 NvMxdizc V:256 H:204 F: 7
				8490F1 1A          INC                    A:F003 X:0E68 Y:C58D S:011A D:0000 DB:86 nvMxdizc V:256 H:207 F: 7
				8490F2 85 0E       STA $0E       [00000E] A:F004 X:0E68 Y:C58D S:011A D:0000 DB:86 nvMxdizc V:256 H:210 F: 7
				8490F4 C2 20       REP #$20               A:F004 X:0E68 Y:C58D S:011A D:0000 DB:86 nvMxdizc V:256 H:215 F: 7
				8490F6 20 6A 91    JSR $916A     [84916A] A:F004 X:0E68 Y:C58D S:011A D:0000 DB:86 nvmxdizc V:256 H:219 F: 7

				84916A A9 00 E8    LDA #$E800             A:F004 X:0E68 Y:C58D S:0118 D:0000 DB:86 nvmxdizc V:256 H:229 F: 7
				84916D 85 10       STA $10       [000010] A:E800 X:0E68 Y:C58D S:0118 D:0000 DB:86 Nvmxdizc V:256 H:234 F: 7
				84916F A9 7E 00    LDA #$007E             A:E800 X:0E68 Y:C58D S:0118 D:0000 DB:86 Nvmxdizc V:256 H:241 F: 7
				849172 85 12       STA $12       [000012] A:007E X:0E68 Y:C58D S:0118 D:0000 DB:86 nvmxdizc V:256 H:245 F: 7
				849174 A5 02       LDA $02       [000002] A:007E X:0E68 Y:C58D S:0118 D:0000 DB:86 nvmxdizc V:256 H:252 F: 7
				849176 29 F0 00    AND #$00F0             A:00C3 X:0E68 Y:C58D S:0118 D:0000 DB:86 nvmxdizc V:256 H:259 F: 7
				849179 0A          ASL A                  A:00C0 X:0E68 Y:C58D S:0118 D:0000 DB:86 nvmxdizc V:256 H:264 F: 7
				84917A 85 04       STA $04       [000004] A:0180 X:0E68 Y:C58D S:0118 D:0000 DB:86 nvmxdizc V:256 H:267 F: 7
				84917C A5 00       LDA $00       [000000] A:0180 X:0E68 Y:C58D S:0118 D:0000 DB:86 nvmxdizc V:256 H:274 F: 7
				84917E 29 FF 00    AND #$00FF             A:07B0 X:0E68 Y:C58D S:0118 D:0000 DB:86 nvmxdizc V:256 H:281 F: 7
				849181 4A          LSR A                  A:00B0 X:0E68 Y:C58D S:0118 D:0000 DB:86 nvmxdizc V:256 H:285 F: 7
				849182 4A          LSR A                  A:0058 X:0E68 Y:C58D S:0118 D:0000 DB:86 nvmxdizc V:256 H:288 F: 7
				849183 4A          LSR A                  A:002C X:0E68 Y:C58D S:0118 D:0000 DB:86 nvmxdizc V:256 H:291 F: 7
				849184 29 FE FF    AND #$FFFE             A:0016 X:0E68 Y:C58D S:0118 D:0000 DB:86 nvmxdizc V:256 H:294 F: 7
				849187 18          CLC                    A:0016 X:0E68 Y:C58D S:0118 D:0000 DB:86 nvmxdizc V:256 H:299 F: 7
				849188 65 04       ADC $04       [000004] A:0016 X:0E68 Y:C58D S:0118 D:0000 DB:86 nvmxdizc V:256 H:302 F: 7
				84918A 85 06       STA $06       [000006] A:0196 X:0E68 Y:C58D S:0118 D:0000 DB:86 nvmxdizc V:256 H:309 F: 7
				84918C A5 00       LDA $00       [000000] A:0196 X:0E68 Y:C58D S:0118 D:0000 DB:86 nvmxdizc V:256 H:316 F: 7
				84918E EB          XBA                    A:07B0 X:0E68 Y:C58D S:0118 D:0000 DB:86 nvmxdizc V:256 H:323 F: 7
				84918F 29 1F 00    AND #$001F             A:B007 X:0E68 Y:C58D S:0118 D:0000 DB:86 nvmxdizc V:256 H:327 F: 7
				849192 85 04       STA $04       [000004] A:0007 X:0E68 Y:C58D S:0118 D:0000 DB:86 nvmxdizc V:256 H:331 F: 7
				849194 A5 02       LDA $02       [000002] A:0007 X:0E68 Y:C58D S:0118 D:0000 DB:86 nvmxdizc V:256 H:338 F: 7
				849196 29 00 1F    AND #$1F00             A:00C3 X:0E68 Y:C58D S:0118 D:0000 DB:86 nvmxdizc V:257 H:  5 F: 7
				849199 4A          LSR A                  A:0000 X:0E68 Y:C58D S:0118 D:0000 DB:86 nvmxdiZc V:257 H:  9 F: 7
				84919A 4A          LSR A                  A:0000 X:0E68 Y:C58D S:0118 D:0000 DB:86 nvmxdiZc V:257 H: 12 F: 7
				84919B 4A          LSR A                  A:0000 X:0E68 Y:C58D S:0118 D:0000 DB:86 nvmxdiZc V:257 H: 15 F: 7
				84919C 18          CLC                    A:0000 X:0E68 Y:C58D S:0118 D:0000 DB:86 nvmxdiZc V:257 H: 18 F: 7
				84919D 65 04       ADC $04       [000004] A:0000 X:0E68 Y:C58D S:0118 D:0000 DB:86 nvmxdiZc V:257 H: 21 F: 7
				84919F A8          TAY                    A:0007 X:0E68 Y:C58D S:0118 D:0000 DB:86 nvmxdizc V:257 H: 28 F: 7
				8491A0 B7 10       LDA [$10],Y   [7EE807] A:0007 X:0E68 Y:0007 S:0118 D:0000 DB:86 nvmxdizc V:257 H: 31 F: 7
				8491A2 29 FF 00    AND #$00FF             A:0003 X:0E68 Y:0007 S:0118 D:0000 DB:86 nvmxdizc V:257 H: 44 F: 7
				8491A5 A8          TAY                    A:0003 X:0E68 Y:0007 S:0118 D:0000 DB:86 nvmxdizc V:257 H: 49 F: 7
				8491A6 EB          XBA                    A:0003 X:0E68 Y:0003 S:0118 D:0000 DB:86 nvmxdizc V:257 H: 52 F: 7
				8491A7 0A          ASL A                  A:0300 X:0E68 Y:0003 S:0118 D:0000 DB:86 nvmxdiZc V:257 H: 56 F: 7
				8491A8 18          CLC                    A:0600 X:0E68 Y:0003 S:0118 D:0000 DB:86 nvmxdizc V:257 H: 59 F: 7
				8491A9 65 06       ADC $06       [000006] A:0600 X:0E68 Y:0003 S:0118 D:0000 DB:86 nvmxdizc V:257 H: 62 F: 7
				8491AB AA          TAX                    A:0796 X:0E68 Y:0003 S:0118 D:0000 DB:86 nvmxdizc V:257 H: 69 F: 7
				8491AC 60          RTS                    A:0796 X:0796 Y:0003 S:0118 D:0000 DB:86 nvmxdizc V:257 H: 72 F: 7

				8490F9 BF 00 20 7E LDA $7E2000,X [7E2796] A:0796 X:0796 Y:0003 S:011A D:0000 DB:86 nvmxdizc V:257 H: 82 F: 7
				8490FD A8          TAY                    A:0259 X:0796 Y:0003 S:011A D:0000 DB:86 nvmxdizc V:257 H: 92 F: 7
				8490FE AD 92 0B    LDA $0B92     [860B92] A:0259 X:0796 Y:0259 S:011A D:0000 DB:86 nvmxdizc V:257 H: 95 F: 7
				849101 85 10       STA $10       [000010] A:F0A5 X:0796 Y:0259 S:011A D:0000 DB:86 Nvmxdizc V:257 H:104 F: 7
				849103 AD 94 0B    LDA $0B94     [860B94] A:F0A5 X:0796 Y:0259 S:011A D:0000 DB:86 Nvmxdizc V:257 H:111 F: 7
				849106 85 12       STA $12       [000012] A:6895 X:0796 Y:0259 S:011A D:0000 DB:86 nvmxdizc V:257 H:119 F: 7
				849108 B7 10       LDA [$10],Y   [95F2FE] A:6895 X:0796 Y:0259 S:011A D:0000 DB:86 nvmxdizc V:257 H:126 F: 7
				84910A 29 FF 00    AND #$00FF             A:3B3B X:0796 Y:0259 S:011A D:0000 DB:86 nvmxdizc V:257 H:148 F: 7
				84910D 28          PLP                    A:003B X:0796 Y:0259 S:011A D:0000 DB:86 nvmxdizc V:257 H:153 F: 7
				84910E FA          PLX                    A:003B X:0796 Y:0259 S:011B D:0000 DB:86 nvMxdizc V:257 H:159 F: 7
				84910F 2B          PLD                    A:003B X:0E68 Y:0259 S:011D D:0000 DB:86 nvMxdizc V:257 H:168 F: 7
				849110 60          RTS                    A:003B X:0E68 Y:0259 S:011F D:0000 DB:86 nvMxdiZc V:257 H:176 F: 7

				8495D3 95 2E       STA $2E,X     [000E96] A:003B X:0E68 Y:0259 S:0121 D:0000 DB:86 nvMxdiZc V:257 H:186 F: 7
				8495D5 85 18       STA $18       [000018] A:003B X:0E68 Y:0259 S:0121 D:0000 DB:86 nvMxdiZc V:257 H:193 F: 7
				8495D7 29 3F       AND #$3F               A:003B X:0E68 Y:0259 S:0121 D:0000 DB:86 nvMxdiZc V:257 H:198 F: 7
				8495D9 0A          ASL A                  A:003B X:0E68 Y:0259 S:0121 D:0000 DB:86 nvMxdizc V:257 H:201 F: 7
				8495DA EB          XBA                    A:0076 X:0E68 Y:0259 S:0121 D:0000 DB:86 nvMxdizc V:257 H:204 F: 7
				8495DB A9 00       LDA #$00               A:7600 X:0E68 Y:0259 S:0121 D:0000 DB:86 nvMxdiZc V:257 H:208 F: 7
				8495DD EB          XBA                    A:7600 X:0E68 Y:0259 S:0121 D:0000 DB:86 nvMxdiZc V:257 H:211 F: 7
				8495DE A8          TAY                    A:0076 X:0E68 Y:0259 S:0121 D:0000 DB:86 nvMxdizc V:257 H:216 F: 7
				8495DF 84 28       STY $28       [000028] A:0076 X:0E68 Y:0076 S:0121 D:0000 DB:86 nvMxdizc V:257 H:219 F: 7
				8495E1 86 2C       STX $2C       [00002C] A:0076 X:0E68 Y:0076 S:0121 D:0000 DB:86 nvMxdizc V:257 H:226 F: 7
				8495E3 68          PLA                    A:0076 X:0E68 Y:0076 S:0121 D:0000 DB:86 nvMxdizc V:257 H:233 F: 7
				8495E4 95 2A       STA $2A,X     [000E92] A:0017 X:0E68 Y:0076 S:0122 D:0000 DB:86 nvMxdizc V:257 H:239 F: 7
				8495E6 A6 2C       LDX $2C       [00002C] A:0017 X:0E68 Y:0076 S:0122 D:0000 DB:86 nvMxdizc V:257 H:246 F: 7
				8495E8 A9 FB       LDA #$FB               A:0017 X:0E68 Y:0076 S:0122 D:0000 DB:86 nvMxdizc V:257 H:253 F: 7
				8495EA 35 2B       AND $2B,X     [000E93] A:00FB X:0E68 Y:0076 S:0122 D:0000 DB:86 NvMxdizc V:257 H:256 F: 7
				8495EC 95 2B       STA $2B,X     [000E93] A:0000 X:0E68 Y:0076 S:0122 D:0000 DB:86 nvMxdiZc V:257 H:262 F: 7
				8495EE 64 01       STZ $01       [000001] A:0000 X:0E68 Y:0076 S:0122 D:0000 DB:86 nvMxdiZc V:257 H:269 F: 7
				8495F0 B5 2A       LDA $2A,X     [000E92] A:0000 X:0E68 Y:0076 S:0122 D:0000 DB:86 nvMxdiZc V:257 H:274 F: 7
				8495F2 85 02       STA $02       [000002] A:0017 X:0E68 Y:0076 S:0122 D:0000 DB:86 nvMxdizc V:257 H:280 F: 7
				8495F4 64 03       STZ $03       [000003] A:0017 X:0E68 Y:0076 S:0122 D:0000 DB:86 nvMxdizc V:257 H:285 F: 7
				8495F6 B4 05       LDY $05,X     [000E6D] A:0017 X:0E68 Y:0076 S:0122 D:0000 DB:86 nvMxdizc V:257 H:290 F: 7
				8495F8 84 10       STY $10       [000010] A:0017 X:0E68 Y:07B0 S:0122 D:0000 DB:86 nvMxdizc V:257 H:299 F: 7
				8495FA B4 08       LDY $08,X     [000E70] A:0017 X:0E68 Y:07B0 S:0122 D:0000 DB:86 nvMxdizc V:257 H:306 F: 7
				8495FC 84 12       STY $12       [000012] A:0017 X:0E68 Y:00A8 S:0122 D:0000 DB:86 nvMxdizc V:257 H:314 F: 7
				8495FE A6 28       LDX $28       [000028] A:0017 X:0E68 Y:00A8 S:0122 D:0000 DB:86 nvMxdizc V:257 H:321 F: 7
				849600 FC 1C 96    JSR ($961C,X) [849692] A:0017 X:0076 Y:00A8 S:0122 D:0000 DB:86 nvMxdizc V:257 H:327 F: 7

				8496B5 A6 2C       LDX $2C       [00002C] A:0017 X:0076 Y:00A8 S:0120 D:0000 DB:86 nvMxdizc V:258 H:  0 F: 7
				8496B7 A5 0E       LDA $0E       [00000E] A:0017 X:0E68 Y:00A8 S:0120 D:0000 DB:86 nvMxdizc V:258 H:  7 F: 7
				8496B9 85 00       STA $00       [000000] A:0004 X:0E68 Y:00A8 S:0120 D:0000 DB:86 nvMxdizc V:258 H: 12 F: 7
				8496BB 64 01       STZ $01       [000001] A:0004 X:0E68 Y:00A8 S:0120 D:0000 DB:86 nvMxdizc V:258 H: 17 F: 7
				8496BD C2 20       REP #$20               A:0004 X:0E68 Y:00A8 S:0120 D:0000 DB:86 nvMxdizc V:258 H: 22 F: 7
				8496BF A5 08       LDA $08       [000008] A:0004 X:0E68 Y:00A8 S:0120 D:0000 DB:86 nvmxdizc V:258 H: 27 F: 7
				8496C1 29 7F 00    AND #$007F             A:FF84 X:0E68 Y:00A8 S:0120 D:0000 DB:86 Nvmxdizc V:258 H: 34 F: 7
				8496C4 18          CLC                    A:0004 X:0E68 Y:00A8 S:0120 D:0000 DB:86 nvmxdizc V:258 H: 38 F: 7
				8496C5 75 08       ADC $08,X     [000E70] A:0004 X:0E68 Y:00A8 S:0120 D:0000 DB:86 nvmxdizc V:258 H: 41 F: 7
				8496C7 38          SEC                    A:00AC X:0E68 Y:00A8 S:0120 D:0000 DB:86 nvmxdizc V:258 H: 50 F: 7
				8496C8 E5 00       SBC $00       [000000] A:00AC X:0E68 Y:00A8 S:0120 D:0000 DB:86 nvmxdizC V:258 H: 53 F: 7
				8496CA 95 08       STA $08,X     [000E70] A:00A8 X:0E68 Y:00A8 S:0120 D:0000 DB:86 nvmxdizC V:258 H: 60 F: 7
				8496CC E2 20       SEP #$20               A:00A8 X:0E68 Y:00A8 S:0120 D:0000 DB:86 nvmxdizC V:258 H: 68 F: 7
				8496CE 74 2F       STZ $2F,X     [000E97] A:00A8 X:0E68 Y:00A8 S:0120 D:0000 DB:86 nvMxdizC V:258 H: 73 F: 7
				8496D0 A9 01       LDA #$01               A:00A8 X:0E68 Y:00A8 S:0120 D:0000 DB:86 nvMxdizC V:258 H: 79 F: 7
				8496D2 60          RTS                    A:0001 X:0E68 Y:00A8 S:0120 D:0000 DB:86 nvMxdizC V:258 H: 82 F: 7

				849603 F0 11       BEQ $0011     [849616] A:0001 X:0E68 Y:00A8 S:0122 D:0000 DB:86 nvMxdizC V:258 H: 92 F: 7
				849605 A6 2C       LDX $2C       [00002C] A:0001 X:0E68 Y:00A8 S:0122 D:0000 DB:86 nvMxdizC V:258 H: 95 F: 7
				849607 A9 04       LDA #$04               A:0001 X:0E68 Y:00A8 S:0122 D:0000 DB:86 nvMxdizC V:258 H:102 F: 7
				849609 15 2B       ORA $2B,X     [000E93] A:0004 X:0E68 Y:00A8 S:0122 D:0000 DB:86 nvMxdizC V:258 H:105 F: 7
				84960B 95 2B       STA $2B,X     [000E93] A:0004 X:0E68 Y:00A8 S:0122 D:0000 DB:86 nvMxdizC V:258 H:112 F: 7
				84960D 20 4C 99    JSR $994C     [84994C] A:0004 X:0E68 Y:00A8 S:0122 D:0000 DB:86 nvMxdizC V:258 H:118 F: 7

				84994C AD 1C 1F    LDA $1F1C     [861F1C] A:0004 X:0E68 Y:00A8 S:0120 D:0000 DB:86 nvMxdizC V:258 H:128 F: 7
				84994F 10 06       BPL $0006     [849957] A:0000 X:0E68 Y:00A8 S:0120 D:0000 DB:86 nvMxdiZC V:258 H:145 F: 7
				849957 60          RTS                    A:0000 X:0E68 Y:00A8 S:0120 D:0000 DB:86 nvMxdiZC V:258 H:149 F: 7

				849610 20 08 93    JSR $9308     [849308] A:0000 X:0E68 Y:00A8 S:0122 D:0000 DB:86 nvMxdiZC V:258 H:159 F: 7

				849308 A5 14       LDA $14       [000014] A:0000 X:0E68 Y:00A8 S:0120 D:0000 DB:86 nvMxdiZC V:258 H:169 F: 7
				84930A F0 08       BEQ $0008     [849314] A:0000 X:0E68 Y:00A8 S:0120 D:0000 DB:86 nvMxdiZC V:258 H:174 F: 7
				849314 60          RTS                    A:0000 X:0E68 Y:00A8 S:0120 D:0000 DB:86 nvMxdiZC V:258 H:179 F: 7

				849613 A9 01       LDA #$01               A:0000 X:0E68 Y:00A8 S:0122 D:0000 DB:86 nvMxdiZC V:258 H:189 F: 7
				849615 60          RTS                    A:0001 X:0E68 Y:00A8 S:0122 D:0000 DB:86 nvMxdizC V:258 H:192 F: 7

				849275 D0 32       BNE $0032     [8492A9] A:0001 X:0E68 Y:00A8 S:0124 D:0000 DB:86 nvMxdizC V:258 H:202 F: 7
				8492A9 C2 30       REP #$30               A:0001 X:0E68 Y:00A8 S:0124 D:0000 DB:86 nvMxdizC V:258 H:206 F: 7
				8492AB 60          RTS                    A:0001 X:0E68 Y:00A8 S:0124 D:0000 DB:86 nvmxdizC V:258 H:211 F: 7

				8491DB 2B          PLD                    A:0001 X:0E68 Y:00A8 S:0126 D:0000 DB:86 nvmxdizC V:258 H:221 F: 7
				8491DC 28          PLP                    A:0001 X:0E68 Y:00A8 S:0128 D:0E68 DB:86 nvmxdizC V:258 H:229 F: 7
				8491DD 6B          RTL                    A:0001 X:0068 Y:00A8 S:0129 D:0E68 DB:86 nvMXdizc V:258 H:236 F: 7

			878D9E A5 2B       LDA $2B       [000E93] A:0001 X:0068 Y:00A8 S:012C D:0E68 DB:86 nvMXdizc V:258 H:246 F: 7
			878DA0 29 03       AND #$03               A:0004 X:0068 Y:00A8 S:012C D:0E68 DB:86 nvMXdizc V:258 H:253 F: 7
			878DA2 D0 04       BNE $0004     [878DA8] A:0000 X:0068 Y:00A8 S:012C D:0E68 DB:86 nvMXdiZc V:258 H:256 F: 7		Branch if E-Contact = Left or Right
			878DA4 C6 34       DEC $34       [000E9C] A:0000 X:0068 Y:00A8 S:012C D:0E68 DB:86 nvMXdiZc V:258 H:259 F: 7		Decrease CD2 = #$00
			878DA6 D0 0F       BNE $000F     [878DB7] A:0000 X:0068 Y:00A8 S:012C D:0E68 DB:86 nvMXdiZc V:258 H:269 F: 7		Branch if CD2 <> #$00
			878DA8 A9 06       LDA #$06               A:0000 X:0068 Y:00A8 S:012C D:0E68 DB:86 nvMXdiZc V:258 H:272 F: 7
			878DAA 85 03       STA $03       [000E6B] A:0006 X:0068 Y:00A8 S:012C D:0E68 DB:86 nvMXdizc V:258 H:275 F: 7		Subaction = #$06
			878DAC A9 14       LDA #$14               A:0006 X:0068 Y:00A8 S:012C D:0E68 DB:86 nvMXdizc V:258 H:281 F: 7
			878DAE 85 34       STA $34       [000E9C] A:0014 X:0068 Y:00A8 S:012C D:0E68 DB:86 nvMXdizc V:258 H:284 F: 7		CD2 = #$14
			878DB0 A9 00       LDA #$00               A:0014 X:0068 Y:00A8 S:012C D:0E68 DB:86 nvMXdizc V:258 H:291 F: 7		A = a = #$00
			878DB2 20 B1 90    JSR $90B1     [8790B1] A:0000 X:0068 Y:00A8 S:012C D:0E68 DB:86 nvMXdiZc V:258 H:294 F: 7		JSR $8790B1 --> Boomer Kuwanger Custom Skeleton Load

				8790B1 A6 35       LDX $35       [000E9D] A:0000 X:0068 Y:00A8 S:012A D:0E68 DB:86 nvMXdiZc V:258 H:304 F: 7
				8790B3 F0 03       BEQ $0003     [8790B8] A:0000 X:0000 Y:00A8 S:012A D:0E68 DB:86 nvMXdiZc V:258 H:310 F: 7	Branch because E-$35 = #$00
				8790B8 AA          TAX                    A:0000 X:0000 Y:00A8 S:012A D:0E68 DB:86 nvMXdiZc V:258 H:315 F: 7	X = a = #$00
				8790B9 BD 97 C5    LDA $C597,X   [86C597] A:0000 X:0000 Y:00A8 S:012A D:0E68 DB:86 nvMXdiZc V:258 H:318 F: 7
				8790BC 22 07 8F 84 JSL $848F07   [848F07] A:0000 X:0000 Y:00A8 S:012A D:0E68 DB:86 nvMXdiZc V:258 H:323 F: 7	JSL $848F07 --> Skeleton Load (SkelPoint = #$75, A=#$00)

					848F07 08          PHP                    A:0000 X:0000 Y:00A8 S:0127 D:0E68 DB:86 nvMXdiZc V:258 H:336 F: 7
					848F08 8B          PHB                    A:0000 X:0000 Y:00A8 S:0126 D:0E68 DB:86 nvMXdiZc V:259 H:  1 F: 7
					848F09 C2 30       REP #$30               A:0000 X:0000 Y:00A8 S:0125 D:0E68 DB:86 nvMXdiZc V:259 H:  6 F: 7
					848F0B 8D 0E 00    STA $000E     [86000E] A:0000 X:0000 Y:00A8 S:0125 D:0E68 DB:86 nvmxdiZc V:259 H: 11 F: 7
					848F0E A5 16       LDA $16       [000E7E] A:0000 X:0000 Y:00A8 S:0125 D:0E68 DB:86 nvmxdiZc V:259 H: 19 F: 7
					848F10 29 FF 00    AND #$00FF             A:8D75 X:0000 Y:00A8 S:0125 D:0E68 DB:86 Nvmxdizc V:259 H: 28 F: 7
					848F13 8D 0C 00    STA $000C     [86000C] A:0075 X:0000 Y:00A8 S:0125 D:0E68 DB:86 nvmxdizc V:259 H: 32 F: 7
					848F16 0A          ASL A                  A:0075 X:0000 Y:00A8 S:0125 D:0E68 DB:86 nvmxdizc V:259 H: 41 F: 7
					848F17 18          CLC                    A:00EA X:0000 Y:00A8 S:0125 D:0E68 DB:86 nvmxdizc V:259 H: 44 F: 7
					848F18 6D 0C 00    ADC $000C     [86000C] A:00EA X:0000 Y:00A8 S:0125 D:0E68 DB:86 nvmxdizc V:259 H: 47 F: 7
					848F1B AA          TAX                    A:015F X:0000 Y:00A8 S:0125 D:0E68 DB:86 nvmxdizc V:259 H: 55 F: 7
					848F1C BF 00 A0 AF LDA $AFA000,X [AFA15F] A:015F X:015F Y:00A8 S:0125 D:0E68 DB:86 nvmxdizc V:259 H: 58 F: 7
					848F20 85 14       STA $14       [000E7C] A:D367 X:015F Y:00A8 S:0125 D:0E68 DB:86 Nvmxdizc V:259 H: 67 F: 7
					848F22 E2 20       SEP #$20               A:D367 X:015F Y:00A8 S:0125 D:0E68 DB:86 Nvmxdizc V:259 H: 76 F: 7
					848F24 BF 02 A0 AF LDA $AFA002,X [AFA161] A:D367 X:015F Y:00A8 S:0125 D:0E68 DB:86 NvMxdizc V:259 H: 80 F: 7
					848F28 48          PHA                    A:D3AF X:015F Y:00A8 S:0125 D:0E68 DB:86 NvMxdizc V:259 H: 88 F: 7
					848F29 AB          PLB                    A:D3AF X:015F Y:00A8 S:0124 D:0E68 DB:86 NvMxdizc V:259 H: 93 F: 7
					848F2A C2 20       REP #$20               A:D3AF X:015F Y:00A8 S:0125 D:0E68 DB:AF NvMxdizc V:259 H: 99 F: 7
					848F2C AD 0E 00    LDA $000E     [AF000E] A:D3AF X:015F Y:00A8 S:0125 D:0E68 DB:AF Nvmxdizc V:259 H:104 F: 7
					848F2F 29 FF 00    AND #$00FF             A:0000 X:015F Y:00A8 S:0125 D:0E68 DB:AF nvmxdiZc V:259 H:112 F: 7
					848F32 0A          ASL A                  A:0000 X:015F Y:00A8 S:0125 D:0E68 DB:AF nvmxdiZc V:259 H:117 F: 7
					848F33 A8          TAY                    A:0000 X:015F Y:00A8 S:0125 D:0E68 DB:AF nvmxdiZc V:259 H:120 F: 7
					848F34 B1 14       LDA ($14),Y   [AFD367] A:0000 X:015F Y:0000 S:0125 D:0E68 DB:AF nvmxdiZc V:259 H:123 F: 7
					848F36 65 14       ADC $14       [000E7C] A:003A X:015F Y:0000 S:0125 D:0E68 DB:AF nvmxdizc V:259 H:146 F: 7
					848F38 85 14       STA $14       [000E7C] A:D3A1 X:015F Y:0000 S:0125 D:0E68 DB:AF Nvmxdizc V:259 H:154 F: 7
					848F3A E2 30       SEP #$30               A:D3A1 X:015F Y:0000 S:0125 D:0E68 DB:AF Nvmxdizc V:259 H:163 F: 7
					848F3C B2 14       LDA ($14)     [AFD3A1] A:D3A1 X:005F Y:0000 S:0125 D:0E68 DB:AF NvMXdizc V:259 H:167 F: 7	Skeleton start: [AFD3A1]
					848F3E 85 13       STA $13       [000E7B] A:D30B X:005F Y:0000 S:0125 D:0E68 DB:AF nvMXdizc V:259 H:177 F: 7
					848F40 A0 01       LDY #$01               A:D30B X:005F Y:0000 S:0125 D:0E68 DB:AF nvMXdizc V:259 H:184 F: 7
					848F42 B1 14       LDA ($14),Y   [AFD3A2] A:D30B X:005F Y:0001 S:0125 D:0E68 DB:AF nvMXdizc V:259 H:187 F: 7
					848F44 85 0F       STA $0F       [000E77] A:D300 X:005F Y:0001 S:0125 D:0E68 DB:AF nvMXdiZc V:259 H:197 F: 7
					848F46 C8          INY                    A:D300 X:005F Y:0001 S:0125 D:0E68 DB:AF nvMXdiZc V:259 H:203 F: 7
					848F47 B1 14       LDA ($14),Y   [AFD3A3] A:D300 X:005F Y:0002 S:0125 D:0E68 DB:AF nvMXdizc V:259 H:206 F: 7
					848F49 85 17       STA $17       [000E7F] A:D300 X:005F Y:0002 S:0125 D:0E68 DB:AF nvMXdiZc V:259 H:216 F: 7
					848F4B A9 80       LDA #$80               A:D300 X:005F Y:0002 S:0125 D:0E68 DB:AF nvMXdiZc V:259 H:223 F: 7
					848F4D 04 17       TSB $17       [000E7F] A:D380 X:005F Y:0002 S:0125 D:0E68 DB:AF NvMXdizc V:259 H:226 F: 7
					848F4F AB          PLB                    A:D380 X:005F Y:0002 S:0125 D:0E68 DB:AF NvMXdiZc V:259 H:236 F: 7
					848F50 28          PLP                    A:D380 X:005F Y:0002 S:0126 D:0E68 DB:86 NvMXdizc V:259 H:242 F: 7
					848F51 6B          RTL                    A:D380 X:005F Y:0002 S:0127 D:0E68 DB:86 nvMXdiZc V:259 H:249 F: 7

				8790C0 60          RTS                    A:D380 X:005F Y:0002 S:012A D:0E68 DB:86 nvMXdiZc V:259 H:259 F: 7

			878DB5 64 36       STZ $36       [000E9E] A:D380 X:005F Y:0002 S:012C D:0E68 DB:86 nvMXdiZc V:259 H:269 F: 7
			878DB7 4C 13 91    JMP $9113     [879113] A:D380 X:005F Y:0002 S:012C D:0E68 DB:86 nvMXdiZc V:259 H:276 F: 7

			879113 A9 20       LDA #$20               A:D380 X:005F Y:0002 S:012C D:0E68 DB:86 nvMXdiZc V:259 H:280 F: 7
			879115 8D 00 00    STA $0000     [860000] A:D320 X:005F Y:0002 S:012C D:0E68 DB:86 nvMXdizc V:259 H:283 F: 7		$0000 = #$20
			879118 9C 01 00    STZ $0001     [860001] A:D320 X:005F Y:0002 S:012C D:0E68 DB:86 nvMXdizc V:259 H:290 F: 7		$0001 = #$00
			87911B 20 31 91    JSR $9131     [879131] A:D320 X:005F Y:0002 S:012C D:0E68 DB:86 nvMXdizc V:259 H:296 F: 7		JSR $879131 --> If (E-$35 ORA E-$3C ORA StageEndAction ORA BossBeatInv) = #$00, If |X-Distance| < $0000 Then [Document], Else A = #$00

				879131 A5 35       LDA $35       [000E9D] A:D320 X:005F Y:0002 S:012A D:0E68 DB:86 nvMXdizc V:259 H:306 F: 7
				879133 05 3C       ORA $3C       [000EA4] A:D300 X:005F Y:0002 S:012A D:0E68 DB:86 nvMXdiZc V:259 H:313 F: 7
				879135 0D 32 0C    ORA $0C32     [860C32] A:D300 X:005F Y:0002 S:012A D:0E68 DB:86 nvMXdiZc V:259 H:319 F: 7
				879138 0D 0C 1F    ORA $1F0C     [861F0C] A:D300 X:005F Y:0002 S:012A D:0E68 DB:86 nvMXdiZc V:259 H:325 F: 7
				87913B D0 30       BNE $0030     [87916D] A:D300 X:005F Y:0002 S:012A D:0E68 DB:86 nvMXdiZc V:259 H:331 F: 7
				87913D C2 20       REP #$20               A:D300 X:005F Y:0002 S:012A D:0E68 DB:86 nvMXdiZc V:259 H:334 F: 7
				87913F AD AD 0B    LDA $0BAD     [860BAD] A:D300 X:005F Y:0002 S:012A D:0E68 DB:86 nvmXdiZc V:259 H:339 F: 7
				879142 38          SEC                    A:071A X:005F Y:0002 S:012A D:0E68 DB:86 nvmXdizc V:260 H:  7 F: 7
				879143 E5 05       SBC $05       [000E6D] A:071A X:005F Y:0002 S:012A D:0E68 DB:86 nvmXdizC V:260 H: 10 F: 7
				879145 B0 13       BCS $0013     [87915A] A:FF6A X:005F Y:0002 S:012A D:0E68 DB:86 NvmXdizc V:260 H: 19 F: 7
				879147 49 FF FF    EOR #$FFFF             A:FF6A X:005F Y:0002 S:012A D:0E68 DB:86 NvmXdizc V:260 H: 22 F: 7
				87914A 1A          INC                    A:0095 X:005F Y:0002 S:012A D:0E68 DB:86 nvmXdizc V:260 H: 26 F: 7
				87914B CD 00 00    CMP $0000     [860000] A:0096 X:005F Y:0002 S:012A D:0E68 DB:86 nvmXdizc V:260 H: 29 F: 7
				87914E E2 20       SEP #$20               A:0096 X:005F Y:0002 S:012A D:0E68 DB:86 nvmXdizC V:260 H: 38 F: 7
				879150 B0 1B       BCS $001B     [87916D] A:0096 X:005F Y:0002 S:012A D:0E68 DB:86 nvMXdizC V:260 H: 42 F: 7
				87916D A9 00       LDA #$00               A:0096 X:005F Y:0002 S:012A D:0E68 DB:86 nvMXdizC V:260 H: 47 F: 7
				87916F 60          RTS                    A:0000 X:005F Y:0002 S:012A D:0E68 DB:86 nvMXdiZC V:260 H: 50 F: 7

			87911E F0 08       BEQ $0008     [879128] A:0000 X:005F Y:0002 S:012C D:0E68 DB:86 nvMXdiZC V:260 H: 60 F: 7		Branch because A = #$00
			879128 60          RTS                    A:0000 X:005F Y:0002 S:012C D:0E68 DB:86 nvMXdiZC V:260 H: 64 F: 7

		878C23 A5 37       LDA $37       [000E9F] A:0000 X:005F Y:0002 S:012E D:0E68 DB:86 nvMXdiZC V:260 H: 74 F: 7
