80D4F6 20 30 D5    JSR $D530     [80D530] A:0E01 X:0000 Y:0091 S:0133 D:0E68 DB:86 nvMXdizC V:254 H:240 F:54

	80D530 C2 20       REP #$20               A:0E01 X:0000 Y:0091 S:0131 D:0E68 DB:86 nvMXdizC V:254 H:250 F:54
	80D532 A5 05       LDA $05       [000E6D] A:0E01 X:0000 Y:0091 S:0131 D:0E68 DB:86 nvmXdizC V:254 H:254 F:54
	80D534 85 22       STA $22       [000E8A] A:07D0 X:0000 Y:0091 S:0131 D:0E68 DB:86 nvmXdizC V:254 H:263 F:54
	80D536 A5 08       LDA $08       [000E70] A:07D0 X:0000 Y:0091 S:0131 D:0E68 DB:86 nvmXdizC V:254 H:271 F:54
	80D538 85 24       STA $24       [000E8C] A:00A8 X:0000 Y:0091 S:0131 D:0E68 DB:86 nvmXdizC V:254 H:280 F:54
	80D53A E2 20       SEP #$20               A:00A8 X:0000 Y:0091 S:0131 D:0E68 DB:86 nvmXdizC V:254 H:288 F:54
	80D53C A9 80       LDA #$80               A:00A8 X:0000 Y:0091 S:0131 D:0E68 DB:86 nvMXdizC V:254 H:293 F:54
	80D53E 14 0E       TRB $0E       [000E76] A:0080 X:0000 Y:0091 S:0131 D:0E68 DB:86 NvMXdizC V:254 H:296 F:54
	80D540 A5 0A       LDA $0A       [000E72] A:0080 X:0000 Y:0091 S:0131 D:0E68 DB:86 NvMXdizC V:254 H:306 F:54
	80D542 0A          ASL A                  A:0005 X:0000 Y:0091 S:0131 D:0E68 DB:86 nvMXdizC V:254 H:312 F:54
	80D543 AA          TAX                    A:000A X:0000 Y:0091 S:0131 D:0E68 DB:86 nvMXdizc V:254 H:315 F:54
	80D544 7C DD F8    JMP ($F8DD,X) [80F8E7] A:000A X:000A Y:0091 S:0131 D:0E68 DB:86 nvMXdizc V:254 H:318 F:54

	80F9CA 22 7E 8A 87 JSL $878A7E   [878A7E] A:000A X:000A Y:0091 S:0131 D:0E68 DB:86 nvMXdizc V:254 H:327 F:54

		878A7E A6 01       LDX $01       [000E69] A:000A X:000A Y:0091 S:012E D:0E68 DB:86 nvMXdizc V:255 H:  0 F:54
		878A80 7C 83 8A    JMP ($8A83,X) [878A87] A:000A X:0004 Y:0091 S:012E D:0E68 DB:86 nvMXdizc V:255 H:  6 F:54

		878C1A A5 33       LDA $33       [000E9B] A:000A X:0004 Y:0091 S:012E D:0E68 DB:86 nvMXdizc V:255 H: 15 F:54
		878C1C 04 11       TSB $11       [000E79] A:0008 X:0004 Y:0091 S:012E D:0E68 DB:86 nvMXdizc V:255 H: 22 F:54
		878C1E A6 02       LDX $02       [000E6A] A:0008 X:0004 Y:0091 S:012E D:0E68 DB:86 nvMXdizc V:255 H: 32 F:54
		878C20 FC F2 8C    JSR ($8CF2,X) [878CF2] A:0008 X:0000 Y:0091 S:012E D:0E68 DB:86 nvMXdiZc V:255 H: 38 F:54

			878CFC A6 03       LDX $03       [000E6B] A:0008 X:0000 Y:0091 S:012C D:0E68 DB:86 nvMXdiZc V:255 H: 51 F:54
			878CFE 7C 01 8D    JMP ($8D01,X) [878D03] A:0008 X:0002 Y:0091 S:012C D:0E68 DB:86 nvMXdizc V:255 H: 58 F:54

			878D6D 22 EA 8E 84 JSL $848EEA   [848EEA] A:0008 X:0002 Y:0091 S:012C D:0E68 DB:86 nvMXdizc V:255 H: 67 F:54		JSL $848EEA --> Decrease CDSkel, Continue Skeleton

				848EEA 08          PHP                    A:0008 X:0002 Y:0091 S:0129 D:0E68 DB:86 nvMXdizc V:255 H: 80 F:54
				848EEB 8B          PHB                    A:0008 X:0002 Y:0091 S:0128 D:0E68 DB:86 nvMXdizc V:255 H: 85 F:54
				848EEC E2 30       SEP #$30               A:0008 X:0002 Y:0091 S:0127 D:0E68 DB:86 nvMXdizc V:255 H: 90 F:54
				848EEE C6 13       DEC $13       [000E7B] A:0008 X:0002 Y:0091 S:0127 D:0E68 DB:86 nvMXdizc V:255 H: 95 F:54
				848EF0 D0 5D       BNE $005D     [848F4F] A:0008 X:0002 Y:0091 S:0127 D:0E68 DB:86 nvMXdizc V:255 H:105 F:54
				848F4F AB          PLB                    A:0008 X:0002 Y:0091 S:0127 D:0E68 DB:86 nvMXdizc V:255 H:109 F:54
				848F50 28          PLP                    A:0008 X:0002 Y:0091 S:0128 D:0E68 DB:86 NvMXdizc V:255 H:116 F:54
				848F51 6B          RTL                    A:0008 X:0002 Y:0091 S:0129 D:0E68 DB:86 nvMXdizc V:255 H:122 F:54

			878D71 A5 0F       LDA $0F       [000E77] A:0008 X:0002 Y:0091 S:012C D:0E68 DB:86 nvMXdizc V:255 H:133 F:54
			878D73 10 1C       BPL $001C     [878D91] A:000D X:0002 Y:0091 S:012C D:0E68 DB:86 nvMXdizc V:255 H:149 F:54		Branch because SkelAction is positive
			878D91 4C 13 91    JMP $9113     [879113] A:000D X:0002 Y:0091 S:012C D:0E68 DB:86 nvMXdizc V:255 H:154 F:54

			879113 A9 20       LDA #$20               A:000D X:0002 Y:0091 S:012C D:0E68 DB:86 nvMXdizc V:255 H:158 F:54
			879115 8D 00 00    STA $0000     [860000] A:0020 X:0002 Y:0091 S:012C D:0E68 DB:86 nvMXdizc V:255 H:161 F:54		$0000 = #$20
			879118 9C 01 00    STZ $0001     [860001] A:0020 X:0002 Y:0091 S:012C D:0E68 DB:86 nvMXdizc V:255 H:168 F:54		$0001 = #$00
			87911B 20 31 91    JSR $9131     [879131] A:0020 X:0002 Y:0091 S:012C D:0E68 DB:86 nvMXdizc V:255 H:174 F:54		JSR $879131 --> If (E-$35 ORA E-$3C ORA StageEndAction ORA BossBeatInv) = #$00, If |X-Distance| < $0000 Then [Document], Else A = #$00

				879131 A5 35       LDA $35       [000E9D] A:0020 X:0002 Y:0091 S:012A D:0E68 DB:86 nvMXdizc V:255 H:184 F:54	|A = (E-$35 ORA E-$3C ORA StageEndAction ORA BossBeatInv)
				879133 05 3C       ORA $3C       [000EA4] A:0000 X:0002 Y:0091 S:012A D:0E68 DB:86 nvMXdiZc V:255 H:191 F:54	|
				879135 0D 32 0C    ORA $0C32     [860C32] A:0000 X:0002 Y:0091 S:012A D:0E68 DB:86 nvMXdiZc V:255 H:197 F:54	|
				879138 0D 0C 1F    ORA $1F0C     [861F0C] A:0000 X:0002 Y:0091 S:012A D:0E68 DB:86 nvMXdiZc V:255 H:204 F:54	|
				87913B D0 30       BNE $0030     [87916D] A:0000 X:0002 Y:0091 S:012A D:0E68 DB:86 nvMXdiZc V:255 H:210 F:54	Branch (Return) if A <> #$00
				87913D C2 20       REP #$20               A:0000 X:0002 Y:0091 S:012A D:0E68 DB:86 nvMXdiZc V:255 H:213 F:54
				87913F AD AD 0B    LDA $0BAD     [860BAD] A:0000 X:0002 Y:0091 S:012A D:0E68 DB:86 nvmXdiZc V:255 H:218 F:54	|A = |X-Distance| = |MMX-X-Pos - E-X-Pos|
				879142 38          SEC                    A:071A X:0002 Y:0091 S:012A D:0E68 DB:86 nvmXdizc V:255 H:226 F:54	|A = #$00B6
				879143 E5 05       SBC $05       [000E6D] A:071A X:0002 Y:0091 S:012A D:0E68 DB:86 nvmXdizC V:255 H:229 F:54	|
				879145 B0 13       BCS $0013     [87915A] A:FF4A X:0002 Y:0091 S:012A D:0E68 DB:86 NvmXdizc V:255 H:238 F:54	|
				879147 49 FF FF    EOR #$FFFF             A:FF4A X:0002 Y:0091 S:012A D:0E68 DB:86 NvmXdizc V:255 H:241 F:54	|
				87914A 1A          INC                    A:00B5 X:0002 Y:0091 S:012A D:0E68 DB:86 nvmXdizc V:255 H:245 F:54	|
				87914B CD 00 00    CMP $0000     [860000] A:00B6 X:0002 Y:0091 S:012A D:0E68 DB:86 nvmXdizc V:255 H:248 F:54
				87914E E2 20       SEP #$20               A:00B6 X:0002 Y:0091 S:012A D:0E68 DB:86 nvmXdizC V:255 H:257 F:54
				879150 B0 1B       BCS $001B     [87916D] A:00B6 X:0002 Y:0091 S:012A D:0E68 DB:86 nvMXdizC V:255 H:261 F:54	Branch because |X-Distance| > $0000 = #$0020
				87916D A9 00       LDA #$00               A:00B6 X:0002 Y:0091 S:012A D:0E68 DB:86 nvMXdizC V:255 H:266 F:54	A = #$00
				87916F 60          RTS                    A:0000 X:0002 Y:0091 S:012A D:0E68 DB:86 nvMXdiZC V:255 H:269 F:54	Return

			87911E F0 08       BEQ $0008     [879128] A:0000 X:0002 Y:0091 S:012C D:0E68 DB:86 nvMXdiZC V:255 H:279 F:54		Branch because A = #$00
			879128 60          RTS                    A:0000 X:0002 Y:0091 S:012C D:0E68 DB:86 nvMXdiZC V:255 H:283 F:54		Return

		878C23 A5 37       LDA $37       [000E9F] A:0000 X:0002 Y:0091 S:012E D:0E68 DB:86 nvMXdiZC V:255 H:293 F:54
