80D4F6 20 30 D5    JSR $D530     [80D530] A:0E01 X:0000 Y:0091 S:0133 D:0E68 DB:86 nvMXdizC V:246 H:299 F:43

	80D530 C2 20       REP #$20               A:0E01 X:0000 Y:0091 S:0131 D:0E68 DB:86 nvMXdizC V:246 H:309 F:43
	80D532 A5 05       LDA $05       [000E6D] A:0E01 X:0000 Y:0091 S:0131 D:0E68 DB:86 nvmXdizC V:246 H:313 F:43
	80D534 85 22       STA $22       [000E8A] A:0780 X:0000 Y:0091 S:0131 D:0E68 DB:86 nvmXdizC V:246 H:322 F:43
	80D536 A5 08       LDA $08       [000E70] A:0780 X:0000 Y:0091 S:0131 D:0E68 DB:86 nvmXdizC V:246 H:329 F:43
	80D538 85 24       STA $24       [000E8C] A:0028 X:0000 Y:0091 S:0131 D:0E68 DB:86 nvmXdizC V:246 H:338 F:43
	80D53A E2 20       SEP #$20               A:0028 X:0000 Y:0091 S:0131 D:0E68 DB:86 nvmXdizC V:247 H:  6 F:43
	80D53C A9 80       LDA #$80               A:0028 X:0000 Y:0091 S:0131 D:0E68 DB:86 nvMXdizC V:247 H: 11 F:43
	80D53E 14 0E       TRB $0E       [000E76] A:0080 X:0000 Y:0091 S:0131 D:0E68 DB:86 NvMXdizC V:247 H: 14 F:43
	80D540 A5 0A       LDA $0A       [000E72] A:0080 X:0000 Y:0091 S:0131 D:0E68 DB:86 NvMXdiZC V:247 H: 24 F:43
	80D542 0A          ASL A                  A:0005 X:0000 Y:0091 S:0131 D:0E68 DB:86 nvMXdizC V:247 H: 30 F:43
	80D543 AA          TAX                    A:000A X:0000 Y:0091 S:0131 D:0E68 DB:86 nvMXdizc V:247 H: 33 F:43
	80D544 7C DD F8    JMP ($F8DD,X) [80F8E7] A:000A X:000A Y:0091 S:0131 D:0E68 DB:86 nvMXdizc V:247 H: 36 F:43

	80F9CA 22 7E 8A 87 JSL $878A7E   [878A7E] A:000A X:000A Y:0091 S:0131 D:0E68 DB:86 nvMXdizc V:247 H: 45 F:43

		878A7E A6 01       LDX $01       [000E69] A:000A X:000A Y:0091 S:012E D:0E68 DB:86 nvMXdizc V:247 H: 59 F:43
		878A80 7C 83 8A    JMP ($8A83,X) [878A83] A:000A X:0000 Y:0091 S:012E D:0E68 DB:86 nvMXdiZc V:247 H: 65 F:43

		878A8B A5 02       LDA $02       [000E6A] A:000A X:0000 Y:0091 S:012E D:0E68 DB:86 nvMXdiZc V:247 H: 74 F:43
		878A8D D0 1F       BNE $001F     [878AAE] A:0001 X:0000 Y:0091 S:012E D:0E68 DB:86 nvMXdizc V:247 H: 81 F:43		Branch because Attack <> #$00
		878AAE C6 34       DEC $34       [000E9C] A:0001 X:0000 Y:0091 S:012E D:0E68 DB:86 nvMXdizc V:247 H: 85 F:43		Decrease CD2 = #$00
		878AB0 F0 01       BEQ $0001     [878AB3] A:0001 X:0000 Y:0091 S:012E D:0E68 DB:86 nvMXdiZc V:247 H: 95 F:43		Branch because CD2 = #$00
		878AB3 22 7D 82 82 JSL $82827D   [82827D] A:0001 X:0000 Y:0091 S:012E D:0E68 DB:86 nvMXdiZc V:247 H:100 F:43		JSL $82827D --> Normalize Boss Variables for intro animation

			82827D A9 02       LDA #$02               A:0001 X:0000 Y:0091 S:012B D:0E68 DB:86 nvMXdiZc V:247 H:113 F:43
			82827F 85 01       STA $01       [000E69] A:0002 X:0000 Y:0091 S:012B D:0E68 DB:86 nvMXdizc V:247 H:116 F:43	State = #$02
			828281 A9 03       LDA #$03               A:0002 X:0000 Y:0091 S:012B D:0E68 DB:86 nvMXdizc V:247 H:123 F:43
			828283 85 28       STA $28       [000E90] A:0003 X:0000 Y:0091 S:012B D:0E68 DB:86 nvMXdizc V:247 H:126 F:43	DamageState = #$03
			828285 A5 0A       LDA $0A       [000E72] A:0003 X:0000 Y:0091 S:012B D:0E68 DB:86 nvMXdizc V:247 H:132 F:43
			828287 3A          DEC                    A:0005 X:0000 Y:0091 S:012B D:0E68 DB:86 nvMXdizc V:247 H:149 F:43
			828288 0A          ASL A                  A:0004 X:0000 Y:0091 S:012B D:0E68 DB:86 nvMXdizc V:247 H:152 F:43
			828289 AA          TAX                    A:0008 X:0000 Y:0091 S:012B D:0E68 DB:86 nvMXdizc V:247 H:155 F:43	X = (E-ID - #$01) * 2 = #$08
			82828A BD E4 A5    LDA $A5E4,X   [86A5EC] A:0008 X:0008 Y:0091 S:012B D:0E68 DB:86 nvMXdizc V:247 H:158 F:43
			82828D 85 16       STA $16       [000E7E] A:0075 X:0008 Y:0091 S:012B D:0E68 DB:86 nvMXdizc V:247 H:164 F:43	E-SkelPoint = [$86A5E4,X] = [$86A5EC] = #$75
			82828F BD E5 A5    LDA $A5E5,X   [86A5ED] A:0075 X:0008 Y:0091 S:012B D:0E68 DB:86 nvMXdizc V:247 H:170 F:43
			828292 AA          TAX                    A:0069 X:0008 Y:0091 S:012B D:0E68 DB:86 nvMXdizc V:247 H:176 F:43	X = [$86A5E5,X] = [$86A5ED] = #$69
			828293 BF 00 82 7F LDA $7F8200,X [7F8269] A:0069 X:0069 Y:0091 S:012B D:0E68 DB:86 nvMXdizc V:247 H:179 F:43
			828297 85 18       STA $18       [000E80] A:0000 X:0069 Y:0091 S:012B D:0E68 DB:86 nvMXdiZc V:247 H:187 F:43	E-$18 = [$7F8200,X] = [$7F8269] = #$00
			828299 BF 00 83 7F LDA $7F8300,X [7F8369] A:0000 X:0069 Y:0091 S:012B D:0E68 DB:86 nvMXdiZc V:247 H:194 F:43
			82829D 85 11       STA $11       [000E79] A:0029 X:0069 Y:0091 S:012B D:0E68 DB:86 nvMXdizc V:247 H:202 F:43	E-Status = [$7F8300,X] = [$7F8369] = #$29
			82829F 64 30       STZ $30       [000E98] A:0029 X:0069 Y:0091 S:012B D:0E68 DB:86 nvMXdizc V:247 H:208 F:43	E-$30 = #$00
			8282A1 C2 20       REP #$20               A:0029 X:0069 Y:0091 S:012B D:0E68 DB:86 nvMXdizc V:247 H:215 F:43
			8282A3 64 1A       STZ $1A       [000E82] A:0029 X:0069 Y:0091 S:012B D:0E68 DB:86 nvmXdizc V:247 H:219 F:43	E-X-Vel = #$0000
			8282A5 64 1C       STZ $1C       [000E84] A:0029 X:0069 Y:0091 S:012B D:0E68 DB:86 nvmXdizc V:247 H:228 F:43	E-Y-Vel = #$0000
			8282A7 64 1E       STZ $1E       [000E86] A:0029 X:0069 Y:0091 S:012B D:0E68 DB:86 nvmXdizc V:247 H:236 F:43	E-X-Acc,E-Y-Acc = #$0000
			8282A9 E2 20       SEP #$20               A:0029 X:0069 Y:0091 S:012B D:0E68 DB:86 nvmXdizc V:247 H:245 F:43
			8282AB 6B          RTL                    A:0029 X:0069 Y:0091 S:012B D:0E68 DB:86 nvMXdizc V:247 H:249 F:43	Return

		878AB7 A5 11       LDA $11       [000E79] A:0029 X:0069 Y:0091 S:012E D:0E68 DB:86 nvMXdizc V:247 H:260 F:43
		878AB9 29 0E       AND #$0E               A:0029 X:0069 Y:0091 S:012E D:0E68 DB:86 nvMXdizc V:247 H:266 F:43
		878ABB 85 33       STA $33       [000E9B] A:0008 X:0069 Y:0091 S:012E D:0E68 DB:86 nvMXdizc V:247 H:269 F:43		E-$33 = E-Status AND #$0E = #$08
		878ABD A9 02       LDA #$02               A:0008 X:0069 Y:0091 S:012E D:0E68 DB:86 nvMXdizc V:247 H:276 F:43
		878ABF 85 12       STA $12       [000E7A] A:0002 X:0069 Y:0091 S:012E D:0E68 DB:86 nvMXdizc V:247 H:279 F:43		E-$12 = #$02
		878AC1 A9 04       LDA #$04               A:0002 X:0069 Y:0091 S:012E D:0E68 DB:86 nvMXdizc V:247 H:285 F:43
		878AC3 85 26       STA $26       [000E8E] A:0004 X:0069 Y:0091 S:012E D:0E68 DB:86 nvMXdizc V:247 H:288 F:43		E-$26 = #$04
		878AC5 64 30       STZ $30       [000E98] A:0004 X:0069 Y:0091 S:012E D:0E68 DB:86 nvMXdizc V:247 H:295 F:43		E-$30 = #$00
		878AC7 64 02       STZ $02       [000E6A] A:0004 X:0069 Y:0091 S:012E D:0E68 DB:86 nvMXdizc V:247 H:301 F:43		E-Action = #$00
		878AC9 64 38       STZ $38       [000EA0] A:0004 X:0069 Y:0091 S:012E D:0E68 DB:86 nvMXdizc V:247 H:308 F:43		E-$38 = #$00
		878ACB 64 3C       STZ $3C       [000EA4] A:0004 X:0069 Y:0091 S:012E D:0E68 DB:86 nvMXdizc V:247 H:314 F:43		E-$3C = #$00
		878ACD 64 32       STZ $32       [000E9A] A:0004 X:0069 Y:0091 S:012E D:0E68 DB:86 nvMXdizc V:247 H:321 F:43		E-$32 = #$00
		878ACF 64 39       STZ $39       [000EA1] A:0004 X:0069 Y:0091 S:012E D:0E68 DB:86 nvMXdizc V:247 H:327 F:43		E-$39 = #$00
		878AD1 6B          RTL                    A:0004 X:0069 Y:0091 S:012E D:0E68 DB:86 nvMXdizc V:247 H:333 F:43		Return

	80F9CE 60          RTS                    A:0004 X:0069 Y:0091 S:0131 D:0E68 DB:86 nvMXdizc V:248 H:  3 F:43

80D4F9 C2 21       REP #$21               A:0004 X:0069 Y:0091 S:0133 D:0E68 DB:86 nvMXdizc V:248 H: 13 F:43
