80D4F6 20 30 D5    JSR $D530     [80D530] A:0E01 X:0000 Y:0091 S:0133 D:0E68 DB:86 nvMXdizC V:246 H:295 F:46

	80D530 C2 20       REP #$20               A:0E01 X:0000 Y:0091 S:0131 D:0E68 DB:86 nvMXdizC V:246 H:305 F:46
	80D532 A5 05       LDA $05       [000E6D] A:0E01 X:0000 Y:0091 S:0131 D:0E68 DB:86 nvmXdizC V:246 H:309 F:46
	80D534 85 22       STA $22       [000E8A] A:07D0 X:0000 Y:0091 S:0131 D:0E68 DB:86 nvmXdizC V:246 H:318 F:46
	80D536 A5 08       LDA $08       [000E70] A:07D0 X:0000 Y:0091 S:0131 D:0E68 DB:86 nvmXdizC V:246 H:326 F:46
	80D538 85 24       STA $24       [000E8C] A:00A8 X:0000 Y:0091 S:0131 D:0E68 DB:86 nvmXdizC V:246 H:334 F:46
	80D53A E2 20       SEP #$20               A:00A8 X:0000 Y:0091 S:0131 D:0E68 DB:86 nvmXdizC V:247 H:  2 F:46
	80D53C A9 80       LDA #$80               A:00A8 X:0000 Y:0091 S:0131 D:0E68 DB:86 nvMXdizC V:247 H:  7 F:46
	80D53E 14 0E       TRB $0E       [000E76] A:0080 X:0000 Y:0091 S:0131 D:0E68 DB:86 NvMXdizC V:247 H: 10 F:46
	80D540 A5 0A       LDA $0A       [000E72] A:0080 X:0000 Y:0091 S:0131 D:0E68 DB:86 NvMXdizC V:247 H: 20 F:46
	80D542 0A          ASL A                  A:0005 X:0000 Y:0091 S:0131 D:0E68 DB:86 nvMXdizC V:247 H: 26 F:46
	80D543 AA          TAX                    A:000A X:0000 Y:0091 S:0131 D:0E68 DB:86 nvMXdizc V:247 H: 29 F:46
	80D544 7C DD F8    JMP ($F8DD,X) [80F8E7] A:000A X:000A Y:0091 S:0131 D:0E68 DB:86 nvMXdizc V:247 H: 32 F:46

	80F9CA 22 7E 8A 87 JSL $878A7E   [878A7E] A:000A X:000A Y:0091 S:0131 D:0E68 DB:86 nvMXdizc V:247 H: 41 F:46

		878A7E A6 01       LDX $01       [000E69] A:000A X:000A Y:0091 S:012E D:0E68 DB:86 nvMXdizc V:247 H: 55 F:46
		878A80 7C 83 8A    JMP ($8A83,X) [878A85] A:000A X:0002 Y:0091 S:012E D:0E68 DB:86 nvMXdizc V:247 H: 61 F:46

		878AD2 A6 02       LDX $02       [000E6A] A:000A X:0002 Y:0091 S:012E D:0E68 DB:86 nvMXdizc V:247 H: 70 F:46
		878AD4 FC DB 8A    JSR ($8ADB,X) [878AE5] A:000A X:000A Y:0091 S:012E D:0E68 DB:86 nvMXdizc V:247 H: 77 F:46

			878BF8 C6 34       DEC $34       [000E9C] A:000A X:000A Y:0091 S:012C D:0E68 DB:86 nvMXdizc V:247 H: 90 F:46		Decrease CD2 = #$00
			878BFA D0 1D       BNE $001D     [878C19] A:000A X:000A Y:0091 S:012C D:0E68 DB:86 nvMXdiZc V:247 H:100 F:46		Branch if CD2 <> #$00
			878BFC 22 03 A0 84 JSL $84A003   [84A003] A:000A X:000A Y:0091 S:012C D:0E68 DB:86 nvMXdiZc V:247 H:103 F:46		JSL $84A003 --> MMX-State, MMX Substate, TakingItem = #$00

				84A003 9C AA 0B    STZ $0BAA     [860BAA] A:000A X:000A Y:0091 S:0129 D:0E68 DB:86 nvMXdiZc V:247 H:116 F:46
				84A006 9C AB 0B    STZ $0BAB     [860BAB] A:000A X:000A Y:0091 S:0129 D:0E68 DB:86 nvMXdiZc V:247 H:123 F:46
				84A009 9C 16 0C    STZ $0C16     [860C16] A:000A X:000A Y:0091 S:0129 D:0E68 DB:86 nvMXdiZc V:247 H:129 F:46
				84A00C 6B          RTL                    A:000A X:000A Y:0091 S:0129 D:0E68 DB:86 nvMXdiZc V:247 H:146 F:46

			878C00 A9 04       LDA #$04               A:000A X:000A Y:0091 S:012C D:0E68 DB:86 nvMXdiZc V:247 H:156 F:46
			878C02 85 01       STA $01       [000E69] A:0004 X:000A Y:0091 S:012C D:0E68 DB:86 nvMXdizc V:247 H:159 F:46		E-State = #$04
			878C04 64 02       STZ $02       [000E6A] A:0004 X:000A Y:0091 S:012C D:0E68 DB:86 nvMXdizc V:247 H:166 F:46		E-Action = #$00
			878C06 64 03       STZ $03       [000E6B] A:0004 X:000A Y:0091 S:012C D:0E68 DB:86 nvMXdizc V:247 H:172 F:46		E-Subaction = #$00
			878C08 64 35       STZ $35       [000E9D] A:0004 X:000A Y:0091 S:012C D:0E68 DB:86 nvMXdizc V:247 H:179 F:46		E-$35 = #$00
			878C0A 64 37       STZ $37       [000E9F] A:0004 X:000A Y:0091 S:012C D:0E68 DB:86 nvMXdizc V:247 H:185 F:46		E-$37 = #$00
			878C0C 64 36       STZ $36       [000E9E] A:0004 X:000A Y:0091 S:012C D:0E68 DB:86 nvMXdizc V:247 H:192 F:46		E-$36 = #400
			878C0E AD 26 1F    LDA $1F26     [861F26] A:0004 X:000A Y:0091 S:012C D:0E68 DB:86 nvMXdizc V:247 H:198 F:46
			878C11 F0 06       BEQ $0006     [878C19] A:0001 X:000A Y:0091 S:012C D:0E68 DB:86 nvMXdizc V:247 H:205 F:46		Branch if $7E1F26 = #$00
			878C13 A9 1E       LDA #$1E               A:0001 X:000A Y:0091 S:012C D:0E68 DB:86 nvMXdizc V:247 H:208 F:46		A = #$1E
			878C15 22 A2 87 80 JSL $8087A2   [8087A2] A:001E X:000A Y:0091 S:012C D:0E68 DB:86 nvMXdizc V:247 H:211 F:46 		JSL $8087A2 --> Pause game A number of frames

				[Routine 100K long]

			878C19 60          RTS                    A:0001 X:0000 Y:00DD S:012C D:0E68 DB:86 nvMXdizc V:109 H:108 F:53

		878AD7 5C B4 80 82 JML $8280B4   [8280B4] A:0001 X:0000 Y:00DD S:012E D:0E68 DB:86 nvMXdizc V:109 H:118 F:53

		8280B4 C2 20       REP #$20               A:0001 X:0000 Y:00DD S:012E D:0E68 DB:86 nvMXdizc V:109 H:124 F:53
		8280B6 38          SEC                    A:0001 X:0000 Y:00DD S:012E D:0E68 DB:86 nvmXdizc V:109 H:129 F:53
		8280B7 A5 05       LDA $05       [000E6D] A:0001 X:0000 Y:00DD S:012E D:0E68 DB:86 nvmXdizC V:109 H:132 F:53
		8280B9 ED 4D 1E    SBC $1E4D     [861E4D] A:07D0 X:0000 Y:00DD S:012E D:0E68 DB:86 nvmXdizC V:109 H:150 F:53
		8280BC 18          CLC                    A:00D0 X:0000 Y:00DD S:012E D:0E68 DB:86 nvmXdizC V:109 H:159 F:53
		8280BD 69 20 00    ADC #$0020             A:00D0 X:0000 Y:00DD S:012E D:0E68 DB:86 nvmXdizc V:109 H:162 F:53
		8280C0 C9 40 01    CMP #$0140             A:00F0 X:0000 Y:00DD S:012E D:0E68 DB:86 nvmXdizc V:109 H:166 F:53
		8280C3 B0 0F       BCS $000F     [8280D4] A:00F0 X:0000 Y:00DD S:012E D:0E68 DB:86 NvmXdizc V:109 H:171 F:53
		8280C5 38          SEC                    A:00F0 X:0000 Y:00DD S:012E D:0E68 DB:86 NvmXdizc V:109 H:174 F:53
		8280C6 A5 08       LDA $08       [000E70] A:00F0 X:0000 Y:00DD S:012E D:0E68 DB:86 NvmXdizC V:109 H:177 F:53
		8280C8 ED 50 1E    SBC $1E50     [861E50] A:00A8 X:0000 Y:00DD S:012E D:0E68 DB:86 nvmXdizC V:109 H:185 F:53
		8280CB 18          CLC                    A:00A8 X:0000 Y:00DD S:012E D:0E68 DB:86 nvmXdizC V:109 H:194 F:53
		8280CC 69 10 00    ADC #$0010             A:00A8 X:0000 Y:00DD S:012E D:0E68 DB:86 nvmXdizc V:109 H:197 F:53
		8280CF C9 00 01    CMP #$0100             A:00B8 X:0000 Y:00DD S:012E D:0E68 DB:86 nvmXdizc V:109 H:201 F:53
		8280D2 90 05       BCC $0005     [8280D9] A:00B8 X:0000 Y:00DD S:012E D:0E68 DB:86 NvmXdizc V:109 H:206 F:53
		8280D9 E2 20       SEP #$20               A:00B8 X:0000 Y:00DD S:012E D:0E68 DB:86 NvmXdizc V:109 H:210 F:53
		8280DB A9 81       LDA #$81               A:00B8 X:0000 Y:00DD S:012E D:0E68 DB:86 NvMXdizc V:109 H:215 F:53
		8280DD 85 0E       STA $0E       [000E76] A:0081 X:0000 Y:00DD S:012E D:0E68 DB:86 NvMXdizc V:109 H:218 F:53
		8280DF E2 30       SEP #$30               A:0081 X:0000 Y:00DD S:012E D:0E68 DB:86 NvMXdizc V:109 H:224 F:53
		8280E1 A6 12       LDX $12       [000E7A] A:0081 X:0000 Y:00DD S:012E D:0E68 DB:86 NvMXdizc V:109 H:229 F:53
		8280E3 10 02       BPL $0002     [8280E7] A:0081 X:0002 Y:00DD S:012E D:0E68 DB:86 nvMXdizc V:109 H:235 F:53
		8280E7 7C EA 80    JMP ($80EA,X) [8280EC] A:0081 X:0002 Y:00DD S:012E D:0E68 DB:86 nvMXdizc V:109 H:240 F:53

		828120 AD E9 00    LDA $00E9     [8600E9] A:0081 X:0002 Y:00DD S:012E D:0E68 DB:86 nvMXdizc V:109 H:249 F:53
		828123 C9 20       CMP #$20               A:0000 X:0002 Y:00DD S:012E D:0E68 DB:86 nvMXdiZc V:109 H:255 F:53
		828125 B0 0D       BCS $000D     [828134] A:0000 X:0002 Y:00DD S:012E D:0E68 DB:86 NvMXdizc V:109 H:258 F:53
		828127 0A          ASL A                  A:0000 X:0002 Y:00DD S:012E D:0E68 DB:86 NvMXdizc V:109 H:261 F:53
		828128 AA          TAX                    A:0000 X:0002 Y:00DD S:012E D:0E68 DB:86 nvMXdiZc V:109 H:264 F:53
		828129 C2 20       REP #$20               A:0000 X:0000 Y:00DD S:012E D:0E68 DB:86 nvMXdiZc V:109 H:267 F:53
		82812B 7B          TDC                    A:0000 X:0000 Y:00DD S:012E D:0E68 DB:86 nvmXdiZc V:109 H:272 F:53
		82812C 9D A0 09    STA $09A0,X   [8609A0] A:0E68 X:0000 Y:00DD S:012E D:0E68 DB:86 nvmXdizc V:109 H:275 F:53
		82812F E2 20       SEP #$20               A:0E68 X:0000 Y:00DD S:012E D:0E68 DB:86 nvmXdizc V:109 H:285 F:53
		828131 EE E9 00    INC $00E9     [8600E9] A:0E68 X:0000 Y:00DD S:012E D:0E68 DB:86 nvMXdizc V:109 H:289 F:53
		828134 6B          RTL                    A:0E68 X:0000 Y:00DD S:012E D:0E68 DB:86 nvMXdizc V:109 H:299 F:53

	80F9CE 60          RTS                    A:0E68 X:0000 Y:00DD S:0131 D:0E68 DB:86 nvMXdizc V:109 H:310 F:53

80D4F9 C2 21       REP #$21               A:0E68 X:0000 Y:00DD S:0133 D:0E68 DB:86 nvMXdizc V:109 H:320 F:53
