80D4F6 20 30 D5    JSR $D530     [80D530] A:0E01 X:0000 Y:0091 S:0133 D:0E68 DB:86 nvMXdizC V:246 H:296 F:44

	80D530 C2 20       REP #$20               A:0E01 X:0000 Y:0091 S:0131 D:0E68 DB:86 nvMXdizC V:246 H:306 F:44
	80D532 A5 05       LDA $05       [000E6D] A:0E01 X:0000 Y:0091 S:0131 D:0E68 DB:86 nvmXdizC V:246 H:311 F:44
	80D534 85 22       STA $22       [000E8A] A:0780 X:0000 Y:0091 S:0131 D:0E68 DB:86 nvmXdizC V:246 H:319 F:44
	80D536 A5 08       LDA $08       [000E70] A:0780 X:0000 Y:0091 S:0131 D:0E68 DB:86 nvmXdizC V:246 H:327 F:44
	80D538 85 24       STA $24       [000E8C] A:0028 X:0000 Y:0091 S:0131 D:0E68 DB:86 nvmXdizC V:246 H:335 F:44
	80D53A E2 20       SEP #$20               A:0028 X:0000 Y:0091 S:0131 D:0E68 DB:86 nvmXdizC V:247 H:  4 F:44
	80D53C A9 80       LDA #$80               A:0028 X:0000 Y:0091 S:0131 D:0E68 DB:86 nvMXdizC V:247 H:  8 F:44
	80D53E 14 0E       TRB $0E       [000E76] A:0080 X:0000 Y:0091 S:0131 D:0E68 DB:86 NvMXdizC V:247 H: 11 F:44
	80D540 A5 0A       LDA $0A       [000E72] A:0080 X:0000 Y:0091 S:0131 D:0E68 DB:86 NvMXdiZC V:247 H: 21 F:44
	80D542 0A          ASL A                  A:0005 X:0000 Y:0091 S:0131 D:0E68 DB:86 nvMXdizC V:247 H: 28 F:44
	80D543 AA          TAX                    A:000A X:0000 Y:0091 S:0131 D:0E68 DB:86 nvMXdizc V:247 H: 31 F:44
	80D544 7C DD F8    JMP ($F8DD,X) [80F8E7] A:000A X:000A Y:0091 S:0131 D:0E68 DB:86 nvMXdizc V:247 H: 34 F:44

	80F9CA 22 7E 8A 87 JSL $878A7E   [878A7E] A:000A X:000A Y:0091 S:0131 D:0E68 DB:86 nvMXdizc V:247 H: 43 F:44

		878A7E A6 01       LDX $01       [000E69] A:000A X:000A Y:0091 S:012E D:0E68 DB:86 nvMXdizc V:247 H: 56 F:44
		878A80 7C 83 8A    JMP ($8A83,X) [878A85] A:000A X:0002 Y:0091 S:012E D:0E68 DB:86 nvMXdizc V:247 H: 63 F:44

		878AD2 A6 02       LDX $02       [000E6A] A:000A X:0002 Y:0091 S:012E D:0E68 DB:86 nvMXdizc V:247 H: 72 F:44
		878AD4 FC DB 8A    JSR ($8ADB,X) [878ADB] A:000A X:0000 Y:0091 S:012E D:0E68 DB:86 nvMXdiZc V:247 H: 78 F:44

			878AE7 C2 20       REP #$20               A:000A X:0000 Y:0091 S:012C D:0E68 DB:86 nvMXdiZc V:247 H: 91 F:44
			878AE9 AD 4D 1E    LDA $1E4D     [861E4D] A:000A X:0000 Y:0091 S:012C D:0E68 DB:86 nvmXdiZc V:247 H: 96 F:44
			878AEC 18          CLC                    A:0700 X:0000 Y:0091 S:012C D:0E68 DB:86 nvmXdizc V:247 H:104 F:44
			878AED 69 10 00    ADC #$0010             A:0700 X:0000 Y:0091 S:012C D:0E68 DB:86 nvmXdizc V:247 H:107 F:44
			878AF0 85 05       STA $05       [000E6D] A:0710 X:0000 Y:0091 S:012C D:0E68 DB:86 nvmXdizc V:247 H:112 F:44
			878AF2 85 36       STA $36       [000E9E] A:0710 X:0000 Y:0091 S:012C D:0E68 DB:86 nvmXdizc V:247 H:120 F:44
			878AF4 A9 00 10    LDA #$1000             A:0710 X:0000 Y:0091 S:012C D:0E68 DB:86 nvmXdizc V:247 H:129 F:44
			878AF7 85 1A       STA $1A       [000E82] A:1000 X:0000 Y:0091 S:012C D:0E68 DB:86 nvmXdizc V:247 H:143 F:44
			878AF9 A9 00 F0    LDA #$F000             A:1000 X:0000 Y:0091 S:012C D:0E68 DB:86 nvmXdizc V:247 H:152 F:44
			878AFC 85 1C       STA $1C       [000E84] A:F000 X:0000 Y:0091 S:012C D:0E68 DB:86 NvmXdizc V:247 H:156 F:44
			878AFE A9 8D C5    LDA #$C58D             A:F000 X:0000 Y:0091 S:012C D:0E68 DB:86 NvmXdizc V:247 H:165 F:44
			878B01 85 20       STA $20       [000E88] A:C58D X:0000 Y:0091 S:012C D:0E68 DB:86 NvmXdizc V:247 H:169 F:44
			878B03 E2 20       SEP #$20               A:C58D X:0000 Y:0091 S:012C D:0E68 DB:86 NvmXdizc V:247 H:178 F:44
			878B05 A9 07       LDA #$07               A:C58D X:0000 Y:0091 S:012C D:0E68 DB:86 NvMXdizc V:247 H:182 F:44
			878B07 85 34       STA $34       [000E9C] A:C507 X:0000 Y:0091 S:012C D:0E68 DB:86 nvMXdizc V:247 H:185 F:44
			878B09 85 35       STA $35       [000E9D] A:C507 X:0000 Y:0091 S:012C D:0E68 DB:86 nvMXdizc V:247 H:192 F:44
			878B0B A9 40       LDA #$40               A:C507 X:0000 Y:0091 S:012C D:0E68 DB:86 nvMXdizc V:247 H:198 F:44
			878B0D 04 11       TSB $11       [000E79] A:C540 X:0000 Y:0091 S:012C D:0E68 DB:86 nvMXdizc V:247 H:201 F:44
			878B0F A9 02       LDA #$02               A:C540 X:0000 Y:0091 S:012C D:0E68 DB:86 nvMXdiZc V:247 H:211 F:44
			878B11 85 02       STA $02       [000E6A] A:C502 X:0000 Y:0091 S:012C D:0E68 DB:86 nvMXdizc V:247 H:214 F:44
			878B13 A9 18       LDA #$18               A:C502 X:0000 Y:0091 S:012C D:0E68 DB:86 nvMXdizc V:247 H:221 F:44
			878B15 22 07 8F 84 JSL $848F07   [848F07] A:C518 X:0000 Y:0091 S:012C D:0E68 DB:86 nvMXdizc V:247 H:224 F:44

				848F07 08          PHP                    A:C518 X:0000 Y:0091 S:0129 D:0E68 DB:86 nvMXdizc V:247 H:237 F:44
				848F08 8B          PHB                    A:C518 X:0000 Y:0091 S:0128 D:0E68 DB:86 nvMXdizc V:247 H:242 F:44
				848F09 C2 30       REP #$30               A:C518 X:0000 Y:0091 S:0127 D:0E68 DB:86 nvMXdizc V:247 H:247 F:44
				848F0B 8D 0E 00    STA $000E     [86000E] A:C518 X:0000 Y:0091 S:0127 D:0E68 DB:86 nvmxdizc V:247 H:252 F:44
				848F0E A5 16       LDA $16       [000E7E] A:C518 X:0000 Y:0091 S:0127 D:0E68 DB:86 nvmxdizc V:247 H:260 F:44
				848F10 29 FF 00    AND #$00FF             A:0075 X:0000 Y:0091 S:0127 D:0E68 DB:86 nvmxdizc V:247 H:269 F:44
				848F13 8D 0C 00    STA $000C     [86000C] A:0075 X:0000 Y:0091 S:0127 D:0E68 DB:86 nvmxdizc V:247 H:273 F:44
				848F16 0A          ASL A                  A:0075 X:0000 Y:0091 S:0127 D:0E68 DB:86 nvmxdizc V:247 H:282 F:44
				848F17 18          CLC                    A:00EA X:0000 Y:0091 S:0127 D:0E68 DB:86 nvmxdizc V:247 H:285 F:44
				848F18 6D 0C 00    ADC $000C     [86000C] A:00EA X:0000 Y:0091 S:0127 D:0E68 DB:86 nvmxdizc V:247 H:288 F:44
				848F1B AA          TAX                    A:015F X:0000 Y:0091 S:0127 D:0E68 DB:86 nvmxdizc V:247 H:296 F:44
				848F1C BF 00 A0 AF LDA $AFA000,X [AFA15F] A:015F X:015F Y:0091 S:0127 D:0E68 DB:86 nvmxdizc V:247 H:299 F:44
				848F20 85 14       STA $14       [000E7C] A:D367 X:015F Y:0091 S:0127 D:0E68 DB:86 Nvmxdizc V:247 H:308 F:44
				848F22 E2 20       SEP #$20               A:D367 X:015F Y:0091 S:0127 D:0E68 DB:86 Nvmxdizc V:247 H:317 F:44
				848F24 BF 02 A0 AF LDA $AFA002,X [AFA161] A:D367 X:015F Y:0091 S:0127 D:0E68 DB:86 NvMxdizc V:247 H:321 F:44
				848F28 48          PHA                    A:D3AF X:015F Y:0091 S:0127 D:0E68 DB:86 NvMxdizc V:247 H:328 F:44
				848F29 AB          PLB                    A:D3AF X:015F Y:0091 S:0126 D:0E68 DB:86 NvMxdizc V:247 H:333 F:44
				848F2A C2 20       REP #$20               A:D3AF X:015F Y:0091 S:0127 D:0E68 DB:AF NvMxdizc V:247 H:339 F:44
				848F2C AD 0E 00    LDA $000E     [AF000E] A:D3AF X:015F Y:0091 S:0127 D:0E68 DB:AF Nvmxdizc V:248 H:  4 F:44
				848F2F 29 FF 00    AND #$00FF             A:C518 X:015F Y:0091 S:0127 D:0E68 DB:AF Nvmxdizc V:248 H: 12 F:44
				848F32 0A          ASL A                  A:0018 X:015F Y:0091 S:0127 D:0E68 DB:AF nvmxdizc V:248 H: 17 F:44
				848F33 A8          TAY                    A:0030 X:015F Y:0091 S:0127 D:0E68 DB:AF nvmxdizc V:248 H: 20 F:44
				848F34 B1 14       LDA ($14),Y   [AFD397] A:0030 X:015F Y:0030 S:0127 D:0E68 DB:AF nvmxdizc V:248 H: 23 F:44
				848F36 65 14       ADC $14       [000E7C] A:00E0 X:015F Y:0030 S:0127 D:0E68 DB:AF nvmxdizc V:248 H: 36 F:44
				848F38 85 14       STA $14       [000E7C] A:D447 X:015F Y:0030 S:0127 D:0E68 DB:AF Nvmxdizc V:248 H: 44 F:44
				848F3A E2 30       SEP #$30               A:D447 X:015F Y:0030 S:0127 D:0E68 DB:AF Nvmxdizc V:248 H: 53 F:44
				848F3C B2 14       LDA ($14)     [AFD447] A:D447 X:005F Y:0030 S:0127 D:0E68 DB:AF NvMXdizc V:248 H: 57 F:44
				848F3E 85 13       STA $13       [000E7B] A:D416 X:005F Y:0030 S:0127 D:0E68 DB:AF nvMXdizc V:248 H: 67 F:44
				848F40 A0 01       LDY #$01               A:D416 X:005F Y:0030 S:0127 D:0E68 DB:AF nvMXdizc V:248 H: 74 F:44
				848F42 B1 14       LDA ($14),Y   [AFD448] A:D416 X:005F Y:0001 S:0127 D:0E68 DB:AF nvMXdizc V:248 H: 77 F:44
				848F44 85 0F       STA $0F       [000E77] A:D400 X:005F Y:0001 S:0127 D:0E68 DB:AF nvMXdiZc V:248 H: 87 F:44
				848F46 C8          INY                    A:D400 X:005F Y:0001 S:0127 D:0E68 DB:AF nvMXdiZc V:248 H: 93 F:44
				848F47 B1 14       LDA ($14),Y   [AFD449] A:D400 X:005F Y:0002 S:0127 D:0E68 DB:AF nvMXdizc V:248 H: 96 F:44
				848F49 85 17       STA $17       [000E7F] A:D400 X:005F Y:0002 S:0127 D:0E68 DB:AF nvMXdiZc V:248 H:106 F:44
				848F4B A9 80       LDA #$80               A:D400 X:005F Y:0002 S:0127 D:0E68 DB:AF nvMXdiZc V:248 H:113 F:44
				848F4D 04 17       TSB $17       [000E7F] A:D480 X:005F Y:0002 S:0127 D:0E68 DB:AF NvMXdizc V:248 H:116 F:44
				848F4F AB          PLB                    A:D480 X:005F Y:0002 S:0127 D:0E68 DB:AF NvMXdiZc V:248 H:126 F:44
				848F50 28          PLP                    A:D480 X:005F Y:0002 S:0128 D:0E68 DB:86 NvMXdizc V:248 H:132 F:44
				848F51 6B          RTL                    A:D480 X:005F Y:0002 S:0129 D:0E68 DB:86 nvMXdizc V:248 H:149 F:44

			878B19 60          RTS                    A:D480 X:005F Y:0002 S:012C D:0E68 DB:86 nvMXdizc V:248 H:159 F:44

		878AD7 5C B4 80 82 JML $8280B4   [8280B4] A:D480 X:005F Y:0002 S:012E D:0E68 DB:86 nvMXdizc V:248 H:169 F:44

		8280B4 C2 20       REP #$20               A:D480 X:005F Y:0002 S:012E D:0E68 DB:86 nvMXdizc V:248 H:175 F:44
		8280B6 38          SEC                    A:D480 X:005F Y:0002 S:012E D:0E68 DB:86 nvmXdizc V:248 H:180 F:44
		8280B7 A5 05       LDA $05       [000E6D] A:D480 X:005F Y:0002 S:012E D:0E68 DB:86 nvmXdizC V:248 H:183 F:44
		8280B9 ED 4D 1E    SBC $1E4D     [861E4D] A:0710 X:005F Y:0002 S:012E D:0E68 DB:86 nvmXdizC V:248 H:191 F:44
		8280BC 18          CLC                    A:0010 X:005F Y:0002 S:012E D:0E68 DB:86 nvmXdizC V:248 H:200 F:44
		8280BD 69 20 00    ADC #$0020             A:0010 X:005F Y:0002 S:012E D:0E68 DB:86 nvmXdizc V:248 H:203 F:44
		8280C0 C9 40 01    CMP #$0140             A:0030 X:005F Y:0002 S:012E D:0E68 DB:86 nvmXdizc V:248 H:207 F:44
		8280C3 B0 0F       BCS $000F     [8280D4] A:0030 X:005F Y:0002 S:012E D:0E68 DB:86 NvmXdizc V:248 H:212 F:44
		8280C5 38          SEC                    A:0030 X:005F Y:0002 S:012E D:0E68 DB:86 NvmXdizc V:248 H:215 F:44
		8280C6 A5 08       LDA $08       [000E70] A:0030 X:005F Y:0002 S:012E D:0E68 DB:86 NvmXdizC V:248 H:218 F:44
		8280C8 ED 50 1E    SBC $1E50     [861E50] A:0028 X:005F Y:0002 S:012E D:0E68 DB:86 nvmXdizC V:248 H:226 F:44
		8280CB 18          CLC                    A:0028 X:005F Y:0002 S:012E D:0E68 DB:86 nvmXdizC V:248 H:235 F:44
		8280CC 69 10 00    ADC #$0010             A:0028 X:005F Y:0002 S:012E D:0E68 DB:86 nvmXdizc V:248 H:238 F:44
		8280CF C9 00 01    CMP #$0100             A:0038 X:005F Y:0002 S:012E D:0E68 DB:86 nvmXdizc V:248 H:242 F:44
		8280D2 90 05       BCC $0005     [8280D9] A:0038 X:005F Y:0002 S:012E D:0E68 DB:86 NvmXdizc V:248 H:247 F:44
		8280D9 E2 20       SEP #$20               A:0038 X:005F Y:0002 S:012E D:0E68 DB:86 NvmXdizc V:248 H:251 F:44
		8280DB A9 81       LDA #$81               A:0038 X:005F Y:0002 S:012E D:0E68 DB:86 NvMXdizc V:248 H:256 F:44
		8280DD 85 0E       STA $0E       [000E76] A:0081 X:005F Y:0002 S:012E D:0E68 DB:86 NvMXdizc V:248 H:259 F:44
		8280DF E2 30       SEP #$30               A:0081 X:005F Y:0002 S:012E D:0E68 DB:86 NvMXdizc V:248 H:265 F:44
		8280E1 A6 12       LDX $12       [000E7A] A:0081 X:005F Y:0002 S:012E D:0E68 DB:86 NvMXdizc V:248 H:270 F:44
		8280E3 10 02       BPL $0002     [8280E7] A:0081 X:0002 Y:0002 S:012E D:0E68 DB:86 nvMXdizc V:248 H:276 F:44
		8280E7 7C EA 80    JMP ($80EA,X) [8280EC] A:0081 X:0002 Y:0002 S:012E D:0E68 DB:86 nvMXdizc V:248 H:281 F:44

		828120 AD E9 00    LDA $00E9     [8600E9] A:0081 X:0002 Y:0002 S:012E D:0E68 DB:86 nvMXdizc V:248 H:290 F:44
		828123 C9 20       CMP #$20               A:0000 X:0002 Y:0002 S:012E D:0E68 DB:86 nvMXdiZc V:248 H:296 F:44
		828125 B0 0D       BCS $000D     [828134] A:0000 X:0002 Y:0002 S:012E D:0E68 DB:86 NvMXdizc V:248 H:299 F:44
		828127 0A          ASL A                  A:0000 X:0002 Y:0002 S:012E D:0E68 DB:86 NvMXdizc V:248 H:302 F:44
		828128 AA          TAX                    A:0000 X:0002 Y:0002 S:012E D:0E68 DB:86 nvMXdiZc V:248 H:305 F:44
		828129 C2 20       REP #$20               A:0000 X:0000 Y:0002 S:012E D:0E68 DB:86 nvMXdiZc V:248 H:308 F:44
		82812B 7B          TDC                    A:0000 X:0000 Y:0002 S:012E D:0E68 DB:86 nvmXdiZc V:248 H:313 F:44
		82812C 9D A0 09    STA $09A0,X   [8609A0] A:0E68 X:0000 Y:0002 S:012E D:0E68 DB:86 nvmXdizc V:248 H:316 F:44
		82812F E2 20       SEP #$20               A:0E68 X:0000 Y:0002 S:012E D:0E68 DB:86 nvmXdizc V:248 H:325 F:44
		828131 EE E9 00    INC $00E9     [8600E9] A:0E68 X:0000 Y:0002 S:012E D:0E68 DB:86 nvMXdizc V:248 H:329 F:44
		828134 6B          RTL                    A:0E68 X:0000 Y:0002 S:012E D:0E68 DB:86 nvMXdizc V:248 H:339 F:44

	80F9CE 60          RTS                    A:0E68 X:0000 Y:0002 S:0131 D:0E68 DB:86 nvMXdizc V:249 H: 10 F:44

80D4F9 C2 21       REP #$21               A:0E68 X:0000 Y:0002 S:0133 D:0E68 DB:86 nvMXdizc V:249 H: 20 F:44
