80D4F6 20 30 D5    JSR $D530     [80D530] A:0E01 X:0000 Y:00B9 S:0133 D:0E68 DB:86 nvMXdizC V:246 H:292 F:31

	80D530 C2 20       REP #$20               A:0E01 X:0000 Y:00B9 S:0131 D:0E68 DB:86 nvMXdizC V:246 H:302 F:31
	80D532 A5 05       LDA $05       [000E6D] A:0E01 X:0000 Y:00B9 S:0131 D:0E68 DB:86 nvmXdizC V:246 H:306 F:31
	80D534 85 22       STA $22       [000E8A] A:1DD0 X:0000 Y:00B9 S:0131 D:0E68 DB:86 nvmXdizC V:246 H:315 F:31
	80D536 A5 08       LDA $08       [000E70] A:1DD0 X:0000 Y:00B9 S:0131 D:0E68 DB:86 nvmXdizC V:246 H:323 F:31
	80D538 85 24       STA $24       [000E8C] A:03A2 X:0000 Y:00B9 S:0131 D:0E68 DB:86 nvmXdizC V:246 H:331 F:31
	80D53A E2 20       SEP #$20               A:03A2 X:0000 Y:00B9 S:0131 D:0E68 DB:86 nvmXdizC V:246 H:339 F:31
	80D53C A9 80       LDA #$80               A:03A2 X:0000 Y:00B9 S:0131 D:0E68 DB:86 nvMXdizC V:247 H:  4 F:31
	80D53E 14 0E       TRB $0E       [000E76] A:0380 X:0000 Y:00B9 S:0131 D:0E68 DB:86 NvMXdizC V:247 H:  7 F:31
	80D540 A5 0A       LDA $0A       [000E72] A:0380 X:0000 Y:00B9 S:0131 D:0E68 DB:86 NvMXdizC V:247 H: 17 F:31
	80D542 0A          ASL A                  A:0331 X:0000 Y:00B9 S:0131 D:0E68 DB:86 nvMXdizC V:247 H: 23 F:31
	80D543 AA          TAX                    A:0362 X:0000 Y:00B9 S:0131 D:0E68 DB:86 nvMXdizc V:247 H: 26 F:31
	80D544 7C DD F8    JMP ($F8DD,X) [80F93F] A:0362 X:0062 Y:00B9 S:0131 D:0E68 DB:86 nvMXdizc V:247 H: 29 F:31			JMP ($80F8DD,E-ID*2) = ($80F93F) = $80FAA6

	80FAA6 22 E1 9B 88 JSL $889BE1   [889BE1] A:0362 X:0062 Y:00B9 S:0131 D:0E68 DB:86 nvMXdizc V:247 H: 38 F:31			JSL $889BE1 --> Main Spark Mandrill routine

		889BE1 A6 01       LDX $01       [000E69] A:0362 X:0062 Y:00B9 S:012E D:0E68 DB:86 nvMXdizc V:247 H: 52 F:31
		889BE3 7C E6 9B    JMP ($9BE6,X) [889BE8] A:0362 X:0002 Y:00B9 S:012E D:0E68 DB:86 nvMXdizc V:247 H: 58 F:31		JMP ($889BE6,State) = ($889BE8) = $889C5C

		889C5C A6 02       LDX $02       [000E6A] A:0362 X:0002 Y:00B9 S:012E D:0E68 DB:86 nvMXdizc V:247 H: 67 F:31
		889C5E 7C 61 9C    JMP ($9C61,X) [889C6D] A:0362 X:000C Y:00B9 S:012E D:0E68 DB:86 nvMXdizc V:247 H: 74 F:31		JMP ($889C661,Action) = (889C6D) = $889D3C

		889D3C C6 34       DEC $34       [000E9C] A:0362 X:000C Y:00B9 S:012E D:0E68 DB:86 nvMXdizc V:247 H: 83 F:31		Decrease Countdown2
		889D3E D0 2A       BNE $002A     [889D6A] A:0362 X:000C Y:00B9 S:012E D:0E68 DB:86 nvMXdiZc V:247 H: 93 F:31		Branch if Countdown2 <> #$00
		889D40 22 03 A0 84 JSL $84A003   [84A003] A:0362 X:000C Y:00B9 S:012E D:0E68 DB:86 nvMXdiZc V:247 H: 96 F:31		JSL $84A003 --> MMX-State, MMX Substate, TakingItem = #$00

			84A003 9C AA 0B    STZ $0BAA     [860BAA] A:0362 X:000C Y:00B9 S:012B D:0E68 DB:86 nvMXdiZc V:247 H:109 F:31
			84A006 9C AB 0B    STZ $0BAB     [860BAB] A:0362 X:000C Y:00B9 S:012B D:0E68 DB:86 nvMXdiZc V:247 H:116 F:31
			84A009 9C 16 0C    STZ $0C16     [860C16] A:0362 X:000C Y:00B9 S:012B D:0E68 DB:86 nvMXdiZc V:247 H:122 F:31
			84A00C 6B          RTL                    A:0362 X:000C Y:00B9 S:012B D:0E68 DB:86 nvMXdiZc V:247 H:129 F:31

		889D44 A9 04       LDA #$04               A:0362 X:000C Y:00B9 S:012E D:0E68 DB:86 nvMXdiZc V:247 H:149 F:31		State = #$04 (Battle)
		889D46 85 01       STA $01       [000E69] A:0304 X:000C Y:00B9 S:012E D:0E68 DB:86 nvMXdizc V:247 H:152 F:31
		889D48 64 03       STZ $03       [000E6B] A:0304 X:000C Y:00B9 S:012E D:0E68 DB:86 nvMXdizc V:247 H:159 F:31		Subaction = #$00
		889D4A 22 86 90 84 JSL $849086   [849086] A:0304 X:000C Y:00B9 S:012E D:0E68 DB:86 nvMXdizc V:247 H:165 F:31		JSL $849086 --> Load A (2B) with RNG value

			849086 08          PHP                    A:0304 X:000C Y:00B9 S:012B D:0E68 DB:86 nvMXdizc V:247 H:179 F:31
			849087 C2 20       REP #$20               A:0304 X:000C Y:00B9 S:012A D:0E68 DB:86 nvMXdizc V:247 H:184 F:31
			849089 AD A6 0B    LDA $0BA6     [860BA6] A:0304 X:000C Y:00B9 S:012A D:0E68 DB:86 nvmXdizc V:247 H:188 F:31
			84908C 0A          ASL A                  A:34C2 X:000C Y:00B9 S:012A D:0E68 DB:86 nvmXdizc V:247 H:197 F:31
			84908D 18          CLC                    A:6984 X:000C Y:00B9 S:012A D:0E68 DB:86 nvmXdizc V:247 H:200 F:31
			84908E 6D A6 0B    ADC $0BA6     [860BA6] A:6984 X:000C Y:00B9 S:012A D:0E68 DB:86 nvmXdizc V:247 H:203 F:31
			849091 EB          XBA                    A:9E46 X:000C Y:00B9 S:012A D:0E68 DB:86 NVmXdizc V:247 H:211 F:31
			849092 E2 20       SEP #$20               A:469E X:000C Y:00B9 S:012A D:0E68 DB:86 NVmXdizc V:247 H:216 F:31
			849094 8D A7 0B    STA $0BA7     [860BA7] A:469E X:000C Y:00B9 S:012A D:0E68 DB:86 NVMXdizc V:247 H:220 F:31
			849097 18          CLC                    A:469E X:000C Y:00B9 S:012A D:0E68 DB:86 NVMXdizc V:247 H:227 F:31
			849098 6D A6 0B    ADC $0BA6     [860BA6] A:469E X:000C Y:00B9 S:012A D:0E68 DB:86 NVMXdizc V:247 H:230 F:31
			84909B 8D A6 0B    STA $0BA6     [860BA6] A:4660 X:000C Y:00B9 S:012A D:0E68 DB:86 nVMXdizC V:247 H:236 F:31
			84909E 28          PLP                    A:4660 X:000C Y:00B9 S:012A D:0E68 DB:86 nVMXdizC V:247 H:243 F:31
			84909F 6B          RTL                    A:4660 X:000C Y:00B9 S:012B D:0E68 DB:86 nvMXdizc V:247 H:249 F:31

		889D4E 29 03       AND #$03               A:4660 X:000C Y:00B9 S:012E D:0E68 DB:86 nvMXdizc V:247 H:260 F:31		
		889D50 0A          ASL A                  A:4600 X:000C Y:00B9 S:012E D:0E68 DB:86 nvMXdiZc V:247 H:263 F:31		
		889D51 85 02       STA $02       [000E6A] A:4600 X:000C Y:00B9 S:012E D:0E68 DB:86 nvMXdiZc V:247 H:266 F:31		Action = RNG(00,02,04,06)
		889D53 64 03       STZ $03       [000E6B] A:4600 X:000C Y:00B9 S:012E D:0E68 DB:86 nvMXdiZc V:247 H:272 F:31		Subaction = #$00
		889D55 A9 06       LDA #$06               A:4600 X:000C Y:00B9 S:012E D:0E68 DB:86 nvMXdiZc V:247 H:279 F:31		E-$26 = #$06
		889D57 85 26       STA $26       [000E8E] A:4606 X:000C Y:00B9 S:012E D:0E68 DB:86 nvMXdizc V:247 H:282 F:31		
		889D59 64 35       STZ $35       [000E9D] A:4606 X:000C Y:00B9 S:012E D:0E68 DB:86 nvMXdizc V:247 H:288 F:31		E-$35 = #$00
		889D5B 64 30       STZ $30       [000E98] A:4606 X:000C Y:00B9 S:012E D:0E68 DB:86 nvMXdizc V:247 H:295 F:31		E-$30 = #$00
		889D5D 64 36       STZ $36       [000E9E] A:4606 X:000C Y:00B9 S:012E D:0E68 DB:86 nvMXdizc V:247 H:301 F:31		E-$36 = #$00
		889D5F AD 26 1F    LDA $1F26     [861F26] A:4606 X:000C Y:00B9 S:012E D:0E68 DB:86 nvMXdizc V:247 H:308 F:31		
		889D62 F0 06       BEQ $0006     [889D6A] A:4601 X:000C Y:00B9 S:012E D:0E68 DB:86 nvMXdizc V:247 H:314 F:31				
		889D64 A9 1E       LDA #$1E               A:4601 X:000C Y:00B9 S:012E D:0E68 DB:86 nvMXdizc V:247 H:317 F:31		
		889D66 22 A2 87 80 JSL $8087A2   [8087A2] A:461E X:000C Y:00B9 S:012E D:0E68 DB:86 nvMXdizc V:247 H:320 F:31		JSL $8087A2 --> ?? Gets interrupted with a 100k long iteration 

			8087A2 08          PHP                    A:461E X:000C Y:00B9 S:012B D:0E68 DB:86 nvMXdizc V:247 H:333 F:31
			8087A3 C2 20       REP #$20               A:461E X:000C Y:00B9 S:012A D:0E68 DB:86 nvMXdizc V:247 H:338 F:31
			8087A5 0B          PHD                    A:461E X:000C Y:00B9 S:012A D:0E68 DB:86 nvmXdizc V:248 H:  2 F:31
			8087A6 F4 00 00    PEA $0000              A:461E X:000C Y:00B9 S:0128 D:0E68 DB:86 nvmXdizc V:248 H:  9 F:31
			8087A9 2B          PLD                    A:461E X:000C Y:00B9 S:0126 D:0E68 DB:86 nvmXdizc V:248 H: 18 F:31
			8087AA 20 B0 87    JSR $87B0     [8087B0] A:461E X:000C Y:00B9 S:0128 D:0000 DB:86 nvmXdiZc V:248 H: 26 F:31

				8087B0 E2 30       SEP #$30               A:461E X:000C Y:00B9 S:0126 D:0000 DB:86 nvmXdiZc V:248 H: 36 F:31
				8087B2 A8          TAY                    A:461E X:000C Y:00B9 S:0126 D:0000 DB:86 nvMXdiZc V:248 H: 41 F:31
				8087B3 B9 6B 80    LDA $806B,Y   [868089] A:461E X:000C Y:001E S:0126 D:0000 DB:86 nvMXdizc V:248 H: 44 F:31
				8087B6 A8          TAY                    A:4664 X:000C Y:001E S:0126 D:0000 DB:86 nvMXdizc V:248 H: 50 F:31
				8087B7 B9 7B 80    LDA $807B,Y   [8680DF] A:4664 X:000C Y:0064 S:0126 D:0000 DB:86 nvMXdizc V:248 H: 53 F:31
				8087BA F0 0E       BEQ $000E     [8087CA] A:461E X:000C Y:0064 S:0126 D:0000 DB:86 nvMXdizc V:248 H: 59 F:31
				8087BC 48          PHA                    A:461E X:000C Y:0064 S:0126 D:0000 DB:86 nvMXdizc V:248 H: 62 F:31
				8087BD 20 D6 87    JSR $87D6     [8087D6] A:461E X:000C Y:0064 S:0125 D:0000 DB:86 nvMXdizc V:248 H: 67 F:31

					8087D6 B9 7C 80    LDA $807C,Y   [8680E0] A:461E X:000C Y:0064 S:0123 D:0000 DB:86 nvMXdizc V:248 H: 77 F:31
					8087D9 C9 FF       CMP #$FF               A:4642 X:000C Y:0064 S:0123 D:0000 DB:86 nvMXdizc V:248 H: 83 F:31
					8087DB F0 0A       BEQ $000A     [8087E7] A:4642 X:000C Y:0064 S:0123 D:0000 DB:86 nvMXdizc V:248 H: 86 F:31
					8087DD 5A          PHY                    A:4642 X:000C Y:0064 S:0123 D:0000 DB:86 nvMXdizc V:248 H: 89 F:31
					8087DE A0 F9       LDY #$F9               A:4642 X:000C Y:0064 S:0122 D:0000 DB:86 nvMXdizc V:248 H: 94 F:31
					8087E0 20 C6 86    JSR $86C6     [8086C6] A:4642 X:000C Y:00F9 S:0122 D:0000 DB:86 NvMXdizc V:248 H: 97 F:31

						[...] Routine gets interrupted, iteration 50k lines long

					8087E3 7A          PLY                    A:0001 X:0000 Y:006F S:0122 D:0000 DB:86 nvMXdizC V: 49 H: 29 F:35
					8087E4 C8          INY                    A:0001 X:0000 Y:0064 S:0123 D:0000 DB:86 nvMXdizC V: 49 H: 35 F:35
					8087E5 80 EF       BRA $00EF     [8087D6] A:0001 X:0000 Y:0065 S:0123 D:0000 DB:86 nvMXdizC V: 49 H: 38 F:35
					8087D6 B9 7C 80    LDA $807C,Y   [8680E1] A:0001 X:0000 Y:0065 S:0123 D:0000 DB:86 nvMXdizC V: 49 H: 43 F:35
					8087D9 C9 FF       CMP #$FF               A:0047 X:0000 Y:0065 S:0123 D:0000 DB:86 nvMXdizC V: 49 H: 49 F:35
					8087DB F0 0A       BEQ $000A     [8087E7] A:0047 X:0000 Y:0065 S:0123 D:0000 DB:86 nvMXdizc V: 49 H: 52 F:35
					8087DD 5A          PHY                    A:0047 X:0000 Y:0065 S:0123 D:0000 DB:86 nvMXdizc V: 49 H: 55 F:35
					8087DE A0 F9       LDY #$F9               A:0047 X:0000 Y:0065 S:0122 D:0000 DB:86 nvMXdizc V: 49 H: 60 F:35
					8087E0 20 C6 86    JSR $86C6     [8086C6] A:0047 X:0000 Y:00F9 S:0122 D:0000 DB:86 NvMXdizc V: 49 H: 63 F:35

						[...] Routine gets interrupted, iteration 6k lines long

					8087E3 7A          PLY                    A:0001 X:0000 Y:00C3 S:0122 D:0000 DB:86 nvMXdizC V:147 H:131 F:35
					8087E4 C8          INY                    A:0001 X:0000 Y:0065 S:0123 D:0000 DB:86 nvMXdizC V:147 H:147 F:35
					8087E5 80 EF       BRA $00EF     [8087D6] A:0001 X:0000 Y:0066 S:0123 D:0000 DB:86 nvMXdizC V:147 H:150 F:35
					8087D6 B9 7C 80    LDA $807C,Y   [8680E2] A:0001 X:0000 Y:0066 S:0123 D:0000 DB:86 nvMXdizC V:147 H:155 F:35
					8087D9 C9 FF       CMP #$FF               A:00FF X:0000 Y:0066 S:0123 D:0000 DB:86 NvMXdizC V:147 H:161 F:35
					8087DB F0 0A       BEQ $000A     [8087E7] A:00FF X:0000 Y:0066 S:0123 D:0000 DB:86 nvMXdiZC V:147 H:164 F:35
					8087E7 60          RTS                    A:00FF X:0000 Y:0066 S:0123 D:0000 DB:86 nvMXdiZC V:147 H:168 F:35

				8087C0 68          PLA                    A:00FF X:0000 Y:0066 S:0125 D:0000 DB:86 nvMXdiZC V:147 H:178 F:35
				8087C1 8F FD FF 7E STA $7EFFFD   [7EFFFD] A:001E X:0000 Y:0066 S:0126 D:0000 DB:86 nvMXdizC V:147 H:185 F:35
				8087C5 A0 FA       LDY #$FA               A:001E X:0000 Y:0066 S:0126 D:0000 DB:86 nvMXdizC V:147 H:193 F:35
				8087C7 4C C6 86    JMP $86C6     [8086C6] A:001E X:0000 Y:00FA S:0126 D:0000 DB:86 NvMXdizC V:147 H:196 F:35

				[...] Routine gets interrupted, iteration 40k lines long

				8087A1 60          RTS                    A:0001 X:0000 Y:00DD S:0126 D:0000 DB:86 nvMXdizC V:  2 H:241 F:38

			8087AD 2B          PLD                    A:0001 X:0000 Y:00DD S:0128 D:0000 DB:86 nvMXdizC V:  2 H:251 F:38
			8087AE 28          PLP                    A:0001 X:0000 Y:00DD S:012A D:0E68 DB:86 nvMXdizC V:  2 H:259 F:38
			8087AF 6B          RTL                    A:0001 X:0000 Y:00DD S:012B D:0E68 DB:86 nvMXdizc V:  2 H:266 F:38

		889D6A 5C B4 80 82 JML $8280B4   [8280B4] A:0001 X:0000 Y:00DD S:012E D:0E68 DB:86 nvMXdizc V:  2 H:276 F:38

		8280B4 C2 20       REP #$20               A:0001 X:0000 Y:00DD S:012E D:0E68 DB:86 nvMXdizc V:  2 H:282 F:38		Normal routine after action
		8280B6 38          SEC                    A:0001 X:0000 Y:00DD S:012E D:0E68 DB:86 nvmXdizc V:  2 H:287 F:38
		8280B7 A5 05       LDA $05       [000E6D] A:0001 X:0000 Y:00DD S:012E D:0E68 DB:86 nvmXdizC V:  2 H:290 F:38
		8280B9 ED 4D 1E    SBC $1E4D     [861E4D] A:1DD0 X:0000 Y:00DD S:012E D:0E68 DB:86 nvmXdizC V:  2 H:298 F:38
		8280BC 18          CLC                    A:00D0 X:0000 Y:00DD S:012E D:0E68 DB:86 nvmXdizC V:  2 H:307 F:38
		8280BD 69 20 00    ADC #$0020             A:00D0 X:0000 Y:00DD S:012E D:0E68 DB:86 nvmXdizc V:  2 H:310 F:38
		8280C0 C9 40 01    CMP #$0140             A:00F0 X:0000 Y:00DD S:012E D:0E68 DB:86 nvmXdizc V:  2 H:314 F:38
		8280C3 B0 0F       BCS $000F     [8280D4] A:00F0 X:0000 Y:00DD S:012E D:0E68 DB:86 NvmXdizc V:  2 H:319 F:38
		8280C5 38          SEC                    A:00F0 X:0000 Y:00DD S:012E D:0E68 DB:86 NvmXdizc V:  2 H:322 F:38
		8280C6 A5 08       LDA $08       [000E70] A:00F0 X:0000 Y:00DD S:012E D:0E68 DB:86 NvmXdizC V:  2 H:324 F:38
		8280C8 ED 50 1E    SBC $1E50     [861E50] A:03A2 X:0000 Y:00DD S:012E D:0E68 DB:86 nvmXdizC V:  2 H:332 F:38
		8280CB 18          CLC                    A:00A2 X:0000 Y:00DD S:012E D:0E68 DB:86 nvmXdizC V:  3 H:  1 F:38
		8280CC 69 10 00    ADC #$0010             A:00A2 X:0000 Y:00DD S:012E D:0E68 DB:86 nvmXdizc V:  3 H:  4 F:38
		8280CF C9 00 01    CMP #$0100             A:00B2 X:0000 Y:00DD S:012E D:0E68 DB:86 nvmXdizc V:  3 H:  8 F:38
		8280D2 90 05       BCC $0005     [8280D9] A:00B2 X:0000 Y:00DD S:012E D:0E68 DB:86 NvmXdizc V:  3 H: 13 F:38
		8280D9 E2 20       SEP #$20               A:00B2 X:0000 Y:00DD S:012E D:0E68 DB:86 NvmXdizc V:  3 H: 17 F:38
		8280DB A9 81       LDA #$81               A:00B2 X:0000 Y:00DD S:012E D:0E68 DB:86 NvMXdizc V:  3 H: 22 F:38
		8280DD 85 0E       STA $0E       [000E76] A:0081 X:0000 Y:00DD S:012E D:0E68 DB:86 NvMXdizc V:  3 H: 25 F:38
		8280DF E2 30       SEP #$30               A:0081 X:0000 Y:00DD S:012E D:0E68 DB:86 NvMXdizc V:  3 H: 31 F:38
		8280E1 A6 12       LDX $12       [000E7A] A:0081 X:0000 Y:00DD S:012E D:0E68 DB:86 NvMXdizc V:  3 H: 36 F:38
		8280E3 10 02       BPL $0002     [8280E7] A:0081 X:0004 Y:00DD S:012E D:0E68 DB:86 nvMXdizc V:  3 H: 42 F:38
		8280E7 7C EA 80    JMP ($80EA,X) [8280EE] A:0081 X:0004 Y:00DD S:012E D:0E68 DB:86 nvMXdizc V:  3 H: 47 F:38

		828135 AD EA 00    LDA $00EA     [8600EA] A:0081 X:0004 Y:00DD S:012E D:0E68 DB:86 nvMXdizc V:  3 H: 56 F:38
		828138 C9 20       CMP #$20               A:0000 X:0004 Y:00DD S:012E D:0E68 DB:86 nvMXdiZc V:  3 H: 62 F:38
		82813A B0 0D       BCS $000D     [828149] A:0000 X:0004 Y:00DD S:012E D:0E68 DB:86 NvMXdizc V:  3 H: 65 F:38
		82813C 0A          ASL A                  A:0000 X:0004 Y:00DD S:012E D:0E68 DB:86 NvMXdizc V:  3 H: 68 F:38
		82813D AA          TAX                    A:0000 X:0004 Y:00DD S:012E D:0E68 DB:86 nvMXdiZc V:  3 H: 71 F:38
		82813E C2 20       REP #$20               A:0000 X:0000 Y:00DD S:012E D:0E68 DB:86 nvMXdiZc V:  3 H: 74 F:38
		828140 7B          TDC                    A:0000 X:0000 Y:00DD S:012E D:0E68 DB:86 nvmXdiZc V:  3 H: 79 F:38
		828141 9D E0 09    STA $09E0,X   [8609E0] A:0E68 X:0000 Y:00DD S:012E D:0E68 DB:86 nvmXdizc V:  3 H: 82 F:38
		828144 E2 20       SEP #$20               A:0E68 X:0000 Y:00DD S:012E D:0E68 DB:86 nvmXdizc V:  3 H: 92 F:38
		828146 EE EA 00    INC $00EA     [8600EA] A:0E68 X:0000 Y:00DD S:012E D:0E68 DB:86 nvMXdizc V:  3 H: 96 F:38
		828149 6B          RTL                    A:0E68 X:0000 Y:00DD S:012E D:0E68 DB:86 nvMXdizc V:  3 H:106 F:38
		
	80FAAA 60          RTS                    A:0E68 X:0000 Y:00DD S:0131 D:0E68 DB:86 nvMXdizc V:  3 H:117 F:38
