80D4F6 20 30 D5    JSR $D530     [80D530] A:0E01 X:0000 Y:00AA S:0133 D:0E68 DB:86 nvMXdizC V:246 H:330 F: 1

	80D530 C2 20       REP #$20               A:0E01 X:0000 Y:00AA S:0131 D:0E68 DB:86 nvMXdizC V:247 H:  0 F: 1
	80D532 A5 05       LDA $05       [000E6D] A:0E01 X:0000 Y:00AA S:0131 D:0E68 DB:86 nvmXdizC V:247 H:  4 F: 1
	80D534 85 22       STA $22       [000E8A] A:1DC0 X:0000 Y:00AA S:0131 D:0E68 DB:86 nvmXdizC V:247 H: 13 F: 1
	80D536 A5 08       LDA $08       [000E70] A:1DC0 X:0000 Y:00AA S:0131 D:0E68 DB:86 nvmXdizC V:247 H: 21 F: 1
	80D538 85 24       STA $24       [000E8C] A:02A5 X:0000 Y:00AA S:0131 D:0E68 DB:86 nvmXdizC V:247 H: 30 F: 1
	80D53A E2 20       SEP #$20               A:02A5 X:0000 Y:00AA S:0131 D:0E68 DB:86 nvmXdizC V:247 H: 38 F: 1
	80D53C A9 80       LDA #$80               A:02A5 X:0000 Y:00AA S:0131 D:0E68 DB:86 nvMXdizC V:247 H: 43 F: 1
	80D53E 14 0E       TRB $0E       [000E76] A:0280 X:0000 Y:00AA S:0131 D:0E68 DB:86 NvMXdizC V:247 H: 46 F: 1
	80D540 A5 0A       LDA $0A       [000E72] A:0280 X:0000 Y:00AA S:0131 D:0E68 DB:86 NvMXdizC V:247 H: 56 F: 1
	80D542 0A          ASL A                  A:0207 X:0000 Y:00AA S:0131 D:0E68 DB:86 nvMXdizC V:247 H: 62 F: 1
	80D543 AA          TAX                    A:020E X:0000 Y:00AA S:0131 D:0E68 DB:86 nvMXdizc V:247 H: 65 F: 1
	80D544 7C DD F8    JMP ($F8DD,X) [80F8EB] A:020E X:000E Y:00AA S:0131 D:0E68 DB:86 nvMXdizc V:247 H: 68 F: 1

	80F9D4 22 33 C4 81 JSL $81C433   [81C433] A:020E X:000E Y:00AA S:0131 D:0E68 DB:86 nvMXdizc V:247 H: 77 F: 1

		81C433 A6 01       LDX $01       [000E69] A:020E X:000E Y:00AA S:012E D:0E68 DB:86 nvMXdizc V:247 H: 91 F: 1
		81C435 7C 38 C4    JMP ($C438,X) [81C43A] A:020E X:0002 Y:00AA S:012E D:0E68 DB:86 nvMXdizc V:247 H: 97 F: 1

		81C498 A6 02       LDX $02       [000E6A] A:020E X:0002 Y:00AA S:012E D:0E68 DB:86 nvMXdizc V:247 H:106 F: 1
		81C49A FC A1 C4    JSR ($C4A1,X) [81C4A7] A:020E X:0006 Y:00AA S:012E D:0E68 DB:86 nvMXdizc V:247 H:113 F: 1

			81C51A 22 EA 8E 84 JSL $848EEA   [848EEA] A:020E X:0006 Y:00AA S:012C D:0E68 DB:86 nvMXdizc V:247 H:126 F: 1	JSL $848EEA --> Decrease CDSkel, Continue Skeleton

				848EEA 08          PHP                    A:020E X:0006 Y:00AA S:0129 D:0E68 DB:86 nvMXdizc V:247 H:149 F: 1
				848EEB 8B          PHB                    A:020E X:0006 Y:00AA S:0128 D:0E68 DB:86 nvMXdizc V:247 H:154 F: 1
				848EEC E2 30       SEP #$30               A:020E X:0006 Y:00AA S:0127 D:0E68 DB:86 nvMXdizc V:247 H:159 F: 1
				848EEE C6 13       DEC $13       [000E7B] A:020E X:0006 Y:00AA S:0127 D:0E68 DB:86 nvMXdizc V:247 H:164 F: 1
				848EF0 D0 5D       BNE $005D     [848F4F] A:020E X:0006 Y:00AA S:0127 D:0E68 DB:86 nvMXdiZc V:247 H:174 F: 1
				848EF2 A9 AF       LDA #$AF               A:020E X:0006 Y:00AA S:0127 D:0E68 DB:86 nvMXdiZc V:247 H:177 F: 1
				848EF4 48          PHA                    A:02AF X:0006 Y:00AA S:0127 D:0E68 DB:86 NvMXdizc V:247 H:180 F: 1
				848EF5 AB          PLB                    A:02AF X:0006 Y:00AA S:0126 D:0E68 DB:86 NvMXdizc V:247 H:185 F: 1
				848EF6 C2 21       REP #$21               A:02AF X:0006 Y:00AA S:0127 D:0E68 DB:AF NvMXdizc V:247 H:191 F: 1
				848EF8 A5 14       LDA $14       [000E7C] A:02AF X:0006 Y:00AA S:0127 D:0E68 DB:AF NvmXdizc V:247 H:196 F: 1
				848EFA 69 03 00    ADC #$0003             A:D53B X:0006 Y:00AA S:0127 D:0E68 DB:AF NvmXdizc V:247 H:204 F: 1
				848EFD A4 0F       LDY $0F       [000E77] A:D53E X:0006 Y:00AA S:0127 D:0E68 DB:AF NvmXdizc V:247 H:209 F: 1
				848EFF 10 37       BPL $0037     [848F38] A:D53E X:0006 Y:0000 S:0127 D:0E68 DB:AF nvmXdiZc V:247 H:215 F: 1
				848F38 85 14       STA $14       [000E7C] A:D53E X:0006 Y:0000 S:0127 D:0E68 DB:AF nvmXdiZc V:247 H:220 F: 1
				848F3A E2 30       SEP #$30               A:D53E X:0006 Y:0000 S:0127 D:0E68 DB:AF nvmXdiZc V:247 H:228 F: 1
				848F3C B2 14       LDA ($14)     [AFD53E] A:D53E X:0006 Y:0000 S:0127 D:0E68 DB:AF nvMXdiZc V:247 H:233 F: 1
				848F3E 85 13       STA $13       [000E7B] A:D506 X:0006 Y:0000 S:0127 D:0E68 DB:AF nvMXdizc V:247 H:243 F: 1
				848F40 A0 01       LDY #$01               A:D506 X:0006 Y:0000 S:0127 D:0E68 DB:AF nvMXdizc V:247 H:249 F: 1
				848F42 B1 14       LDA ($14),Y   [AFD53F] A:D506 X:0006 Y:0001 S:0127 D:0E68 DB:AF nvMXdizc V:247 H:252 F: 1
				848F44 85 0F       STA $0F       [000E77] A:D580 X:0006 Y:0001 S:0127 D:0E68 DB:AF NvMXdizc V:247 H:262 F: 1
				848F46 C8          INY                    A:D580 X:0006 Y:0001 S:0127 D:0E68 DB:AF NvMXdizc V:247 H:269 F: 1
				848F47 B1 14       LDA ($14),Y   [AFD540] A:D580 X:0006 Y:0002 S:0127 D:0E68 DB:AF nvMXdizc V:247 H:272 F: 1
				848F49 85 17       STA $17       [000E7F] A:D50C X:0006 Y:0002 S:0127 D:0E68 DB:AF nvMXdizc V:247 H:282 F: 1
				848F4B A9 80       LDA #$80               A:D50C X:0006 Y:0002 S:0127 D:0E68 DB:AF nvMXdizc V:247 H:288 F: 1
				848F4D 04 17       TSB $17       [000E7F] A:D580 X:0006 Y:0002 S:0127 D:0E68 DB:AF NvMXdizc V:247 H:291 F: 1
				848F4F AB          PLB                    A:D580 X:0006 Y:0002 S:0127 D:0E68 DB:AF NvMXdiZc V:247 H:301 F: 1
				848F50 28          PLP                    A:D580 X:0006 Y:0002 S:0128 D:0E68 DB:86 NvMXdizc V:247 H:308 F: 1
				848F51 6B          RTL                    A:D580 X:0006 Y:0002 S:0129 D:0E68 DB:86 nvMXdizc V:247 H:314 F: 1

			81C51E A5 0F       LDA $0F       [000E77] A:D580 X:0006 Y:0002 S:012C D:0E68 DB:86 nvMXdizc V:247 H:324 F: 1
			81C520 10 17       BPL $0017     [81C539] A:D580 X:0006 Y:0002 S:012C D:0E68 DB:86 NvMXdizc V:247 H:330 F: 1	Branch if CDSkel is positive
			81C522 22 03 A0 84 JSL $84A003   [84A003] A:D580 X:0006 Y:0002 S:012C D:0E68 DB:86 NvMXdizc V:247 H:333 F: 1	JSL $84A003 --> MMX-State, MMX Substate, TakingItem = #$00

				84A003 9C AA 0B    STZ $0BAA     [860BAA] A:D580 X:0006 Y:0002 S:0129 D:0E68 DB:86 NvMXdizc V:248 H:  7 F: 1
				84A006 9C AB 0B    STZ $0BAB     [860BAB] A:D580 X:0006 Y:0002 S:0129 D:0E68 DB:86 NvMXdizc V:248 H: 13 F: 1
				84A009 9C 16 0C    STZ $0C16     [860C16] A:D580 X:0006 Y:0002 S:0129 D:0E68 DB:86 NvMXdizc V:248 H: 20 F: 1
				84A00C 6B          RTL                    A:D580 X:0006 Y:0002 S:0129 D:0E68 DB:86 NvMXdizc V:248 H: 26 F: 1

			81C526 A9 04       LDA #$04               A:D580 X:0006 Y:0002 S:012C D:0E68 DB:86 NvMXdizc V:248 H: 37 F: 1
			81C528 85 01       STA $01       [000E69] A:D504 X:0006 Y:0002 S:012C D:0E68 DB:86 nvMXdizc V:248 H: 40 F: 1	E-State = #$04
			81C52A 64 02       STZ $02       [000E6A] A:D504 X:0006 Y:0002 S:012C D:0E68 DB:86 nvMXdizc V:248 H: 46 F: 1	E-Action = #$00
			81C52C 64 03       STZ $03       [000E6B] A:D504 X:0006 Y:0002 S:012C D:0E68 DB:86 nvMXdizc V:248 H: 53 F: 1	E-Subaction = #$00
			81C52E AD 26 1F    LDA $1F26     [861F26] A:D504 X:0006 Y:0002 S:012C D:0E68 DB:86 nvMXdizc V:248 H: 59 F: 1
			81C531 F0 06       BEQ $0006     [81C539] A:D501 X:0006 Y:0002 S:012C D:0E68 DB:86 nvMXdizc V:248 H: 66 F: 1	Branch if $1F26 = #$00
			81C533 A9 1E       LDA #$1E               A:D501 X:0006 Y:0002 S:012C D:0E68 DB:86 nvMXdizc V:248 H: 69 F: 1	A = #$1E
			81C535 22 A2 87 80 JSL $8087A2   [8087A2] A:D51E X:0006 Y:0002 S:012C D:0E68 DB:86 nvMXdizc V:248 H: 72 F: 1	JSL $8087A2 --> Pause game A number of frames

			81C539 60          RTS                    A:0001 X:0000 Y:00DD S:012C D:0E68 DB:86 nvMXdizc V:  0 H: 72 F: 8

		81C49D 5C B4 80 82 JML $8280B4   [8280B4] A:0001 X:0000 Y:00DD S:012E D:0E68 DB:86 nvMXdizc V:  0 H: 82 F: 8

		8280B4 C2 20       REP #$20               A:0001 X:0000 Y:00DD S:012E D:0E68 DB:86 nvMXdizc V:  0 H: 88 F: 8
		8280B6 38          SEC                    A:0001 X:0000 Y:00DD S:012E D:0E68 DB:86 nvmXdizc V:  0 H: 93 F: 8
		8280B7 A5 05       LDA $05       [000E6D] A:0001 X:0000 Y:00DD S:012E D:0E68 DB:86 nvmXdizC V:  0 H: 96 F: 8
		8280B9 ED 4D 1E    SBC $1E4D     [861E4D] A:1DC0 X:0000 Y:00DD S:012E D:0E68 DB:86 nvmXdizC V:  0 H:104 F: 8
		8280BC 18          CLC                    A:00C0 X:0000 Y:00DD S:012E D:0E68 DB:86 nvmXdizC V:  0 H:113 F: 8
		8280BD 69 20 00    ADC #$0020             A:00C0 X:0000 Y:00DD S:012E D:0E68 DB:86 nvmXdizc V:  0 H:116 F: 8
		8280C0 C9 40 01    CMP #$0140             A:00E0 X:0000 Y:00DD S:012E D:0E68 DB:86 nvmXdizc V:  0 H:120 F: 8
		8280C3 B0 0F       BCS $000F     [8280D4] A:00E0 X:0000 Y:00DD S:012E D:0E68 DB:86 NvmXdizc V:  0 H:125 F: 8
		8280C5 38          SEC                    A:00E0 X:0000 Y:00DD S:012E D:0E68 DB:86 NvmXdizc V:  0 H:128 F: 8
		8280C6 A5 08       LDA $08       [000E70] A:00E0 X:0000 Y:00DD S:012E D:0E68 DB:86 NvmXdizC V:  0 H:131 F: 8
		8280C8 ED 50 1E    SBC $1E50     [861E50] A:02A5 X:0000 Y:00DD S:012E D:0E68 DB:86 nvmXdizC V:  0 H:149 F: 8
		8280CB 18          CLC                    A:00A5 X:0000 Y:00DD S:012E D:0E68 DB:86 nvmXdizC V:  0 H:158 F: 8
		8280CC 69 10 00    ADC #$0010             A:00A5 X:0000 Y:00DD S:012E D:0E68 DB:86 nvmXdizc V:  0 H:161 F: 8
		8280CF C9 00 01    CMP #$0100             A:00B5 X:0000 Y:00DD S:012E D:0E68 DB:86 nvmXdizc V:  0 H:165 F: 8
		8280D2 90 05       BCC $0005     [8280D9] A:00B5 X:0000 Y:00DD S:012E D:0E68 DB:86 NvmXdizc V:  0 H:170 F: 8
		8280D9 E2 20       SEP #$20               A:00B5 X:0000 Y:00DD S:012E D:0E68 DB:86 NvmXdizc V:  0 H:174 F: 8
		8280DB A9 81       LDA #$81               A:00B5 X:0000 Y:00DD S:012E D:0E68 DB:86 NvMXdizc V:  0 H:179 F: 8
		8280DD 85 0E       STA $0E       [000E76] A:0081 X:0000 Y:00DD S:012E D:0E68 DB:86 NvMXdizc V:  0 H:182 F: 8
		8280DF E2 30       SEP #$30               A:0081 X:0000 Y:00DD S:012E D:0E68 DB:86 NvMXdizc V:  0 H:188 F: 8
		8280E1 A6 12       LDX $12       [000E7A] A:0081 X:0000 Y:00DD S:012E D:0E68 DB:86 NvMXdizc V:  0 H:193 F: 8
		8280E3 10 02       BPL $0002     [8280E7] A:0081 X:0004 Y:00DD S:012E D:0E68 DB:86 nvMXdizc V:  0 H:199 F: 8
		8280E7 7C EA 80    JMP ($80EA,X) [8280EE] A:0081 X:0004 Y:00DD S:012E D:0E68 DB:86 nvMXdizc V:  0 H:204 F: 8

		828135 AD EA 00    LDA $00EA     [8600EA] A:0081 X:0004 Y:00DD S:012E D:0E68 DB:86 nvMXdizc V:  0 H:213 F: 8
		828138 C9 20       CMP #$20               A:0000 X:0004 Y:00DD S:012E D:0E68 DB:86 nvMXdiZc V:  0 H:219 F: 8
		82813A B0 0D       BCS $000D     [828149] A:0000 X:0004 Y:00DD S:012E D:0E68 DB:86 NvMXdizc V:  0 H:222 F: 8
		82813C 0A          ASL A                  A:0000 X:0004 Y:00DD S:012E D:0E68 DB:86 NvMXdizc V:  0 H:225 F: 8
		82813D AA          TAX                    A:0000 X:0004 Y:00DD S:012E D:0E68 DB:86 nvMXdiZc V:  0 H:228 F: 8
		82813E C2 20       REP #$20               A:0000 X:0000 Y:00DD S:012E D:0E68 DB:86 nvMXdiZc V:  0 H:231 F: 8
		828140 7B          TDC                    A:0000 X:0000 Y:00DD S:012E D:0E68 DB:86 nvmXdiZc V:  0 H:236 F: 8
		828141 9D E0 09    STA $09E0,X   [8609E0] A:0E68 X:0000 Y:00DD S:012E D:0E68 DB:86 nvmXdizc V:  0 H:239 F: 8
		828144 E2 20       SEP #$20               A:0E68 X:0000 Y:00DD S:012E D:0E68 DB:86 nvmXdizc V:  0 H:249 F: 8
		828146 EE EA 00    INC $00EA     [8600EA] A:0E68 X:0000 Y:00DD S:012E D:0E68 DB:86 nvMXdizc V:  0 H:253 F: 8
		828149 6B          RTL                    A:0E68 X:0000 Y:00DD S:012E D:0E68 DB:86 nvMXdizc V:  0 H:263 F: 8

	80F9D8 60          RTS                    A:0E68 X:0000 Y:00DD S:0131 D:0E68 DB:86 nvMXdizc V:  0 H:274 F: 8

80D4F9 C2 21       REP #$21               A:0E68 X:0000 Y:00DD S:0133 D:0E68 DB:86 nvMXdizc V:  0 H:284 F: 8
