80D4F6 20 30 D5    JSR $D530     [80D530] A:0E01 X:0000 Y:002C S:0133 D:0E68 DB:86 nvMXdizC V: 13 H:315 F: 2

	80D530 C2 20       REP #$20               A:0E01 X:0000 Y:002C S:0131 D:0E68 DB:86 nvMXdizC V: 13 H:325 F: 2
	80D532 A5 05       LDA $05       [000E6D] A:0E01 X:0000 Y:002C S:0131 D:0E68 DB:86 nvmXdizC V: 13 H:329 F: 2
	80D534 85 22       STA $22       [000E8A] A:1DC0 X:0000 Y:002C S:0131 D:0E68 DB:86 nvmXdizC V: 13 H:337 F: 2
	80D536 A5 08       LDA $08       [000E70] A:1DC0 X:0000 Y:002C S:0131 D:0E68 DB:86 nvmXdizC V: 14 H:  6 F: 2
	80D538 85 24       STA $24       [000E8C] A:0200 X:0000 Y:002C S:0131 D:0E68 DB:86 nvmXdizC V: 14 H: 14 F: 2
	80D53A E2 20       SEP #$20               A:0200 X:0000 Y:002C S:0131 D:0E68 DB:86 nvmXdizC V: 14 H: 23 F: 2
	80D53C A9 80       LDA #$80               A:0200 X:0000 Y:002C S:0131 D:0E68 DB:86 nvMXdizC V: 14 H: 27 F: 2
	80D53E 14 0E       TRB $0E       [000E76] A:0280 X:0000 Y:002C S:0131 D:0E68 DB:86 NvMXdizC V: 14 H: 30 F: 2
	80D540 A5 0A       LDA $0A       [000E72] A:0280 X:0000 Y:002C S:0131 D:0E68 DB:86 NvMXdiZC V: 14 H: 40 F: 2
	80D542 0A          ASL A                  A:0207 X:0000 Y:002C S:0131 D:0E68 DB:86 nvMXdizC V: 14 H: 47 F: 2
	80D543 AA          TAX                    A:020E X:0000 Y:002C S:0131 D:0E68 DB:86 nvMXdizc V: 14 H: 50 F: 2
	80D544 7C DD F8    JMP ($F8DD,X) [80F8EB] A:020E X:000E Y:002C S:0131 D:0E68 DB:86 nvMXdizc V: 14 H: 53 F: 2

	80F9D4 22 33 C4 81 JSL $81C433   [81C433] A:020E X:000E Y:002C S:0131 D:0E68 DB:86 nvMXdizc V: 14 H: 62 F: 2

		81C433 A6 01       LDX $01       [000E69] A:020E X:000E Y:002C S:012E D:0E68 DB:86 nvMXdizc V: 14 H: 75 F: 2
		81C435 7C 38 C4    JMP ($C438,X) [81C438] A:020E X:0000 Y:002C S:012E D:0E68 DB:86 nvMXdiZc V: 14 H: 82 F: 2

		81C440 A5 02       LDA $02       [000E6A] A:020E X:0000 Y:002C S:012E D:0E68 DB:86 nvMXdiZc V: 14 H: 91 F: 2
		81C442 D0 1F       BNE $001F     [81C463] A:0200 X:0000 Y:002C S:012E D:0E68 DB:86 nvMXdiZc V: 14 H: 97 F: 2
		81C444 22 DD AA 84 JSL $84AADD   [84AADD] A:0200 X:0000 Y:002C S:012E D:0E68 DB:86 nvMXdiZc V: 14 H:100 F: 2

			84AADD AD 7A 1F    LDA $1F7A     [861F7A] A:0200 X:0000 Y:002C S:012B D:0E68 DB:86 nvMXdiZc V: 14 H:114 F: 2	|Branch if LevelID > #$09
			84AAE0 C9 09       CMP #$09               A:0201 X:0000 Y:002C S:012B D:0E68 DB:86 nvMXdizc V: 14 H:120 F: 2	|
			84AAE2 B0 0F       BCS $000F     [84AAF3] A:0201 X:0000 Y:002C S:012B D:0E68 DB:86 NvMXdizc V: 14 H:123 F: 2	|
			84AAE4 0A          ASL A                  A:0201 X:0000 Y:002C S:012B D:0E68 DB:86 NvMXdizc V: 14 H:126 F: 2
			84AAE5 AA          TAX                    A:0202 X:0000 Y:002C S:012B D:0E68 DB:86 nvMXdizc V: 14 H:129 F: 2	X = LevelID*2
			84AAE6 BD 86 1F    LDA $1F86,X   [861F88] A:0202 X:0002 Y:002C S:012B D:0E68 DB:86 nvMXdizc V: 14 H:132 F: 2
			84AAE9 29 40       AND #$40               A:0200 X:0002 Y:002C S:012B D:0E68 DB:86 nvMXdiZc V: 14 H:149 F: 2
			84AAEB F0 06       BEQ $0006     [84AAF3] A:0200 X:0002 Y:002C S:012B D:0E68 DB:86 nvMXdiZc V: 14 H:152 F: 2
			84AAF3 A9 00       LDA #$00               A:0200 X:0002 Y:002C S:012B D:0E68 DB:86 nvMXdiZc V: 14 H:156 F: 2
			84AAF5 6B          RTL                    A:0200 X:0002 Y:002C S:012B D:0E68 DB:86 nvMXdiZc V: 14 H:159 F: 2

		81C448 F0 04       BEQ $0004     [81C44E] A:0200 X:0002 Y:002C S:012E D:0E68 DB:86 nvMXdiZc V: 14 H:170 F: 2
		81C44E A9 3C       LDA #$3C               A:0200 X:0002 Y:002C S:012E D:0E68 DB:86 nvMXdiZc V: 14 H:174 F: 2
		81C450 85 34       STA $34       [000E9C] A:023C X:0002 Y:002C S:012E D:0E68 DB:86 nvMXdizc V: 14 H:177 F: 2
		81C452 E6 02       INC $02       [000E6A] A:023C X:0002 Y:002C S:012E D:0E68 DB:86 nvMXdizc V: 14 H:184 F: 2
		81C454 22 EB 9F 84 JSL $849FEB   [849FEB] A:023C X:0002 Y:002C S:012E D:0E68 DB:86 nvMXdizc V: 14 H:194 F: 2

			849FEB A9 1E       LDA #$1E               A:023C X:0002 Y:002C S:012B D:0E68 DB:86 nvMXdizc V: 14 H:207 F: 2
			849FED 8D AA 0B    STA $0BAA     [860BAA] A:021E X:0002 Y:002C S:012B D:0E68 DB:86 nvMXdizc V: 14 H:210 F: 2
			849FF0 9C AB 0B    STZ $0BAB     [860BAB] A:021E X:0002 Y:002C S:012B D:0E68 DB:86 nvMXdizc V: 14 H:217 F: 2
			849FF3 8D 16 0C    STA $0C16     [860C16] A:021E X:0002 Y:002C S:012B D:0E68 DB:86 nvMXdizc V: 14 H:223 F: 2
			849FF6 6B          RTL                    A:021E X:0002 Y:002C S:012B D:0E68 DB:86 nvMXdizc V: 14 H:230 F: 2

		81C458 AD 26 1F    LDA $1F26     [861F26] A:021E X:0002 Y:002C S:012E D:0E68 DB:86 nvMXdizc V: 14 H:240 F: 2
		81C45B F0 06       BEQ $0006     [81C463] A:0201 X:0002 Y:002C S:012E D:0E68 DB:86 nvMXdizc V: 14 H:247 F: 2
		81C45D A9 2E       LDA #$2E               A:0201 X:0002 Y:002C S:012E D:0E68 DB:86 nvMXdizc V: 14 H:250 F: 2
		81C45F 22 A2 87 80 JSL $8087A2   [8087A2] A:022E X:0002 Y:002C S:012E D:0E68 DB:86 nvMXdizc V: 14 H:253 F: 2

			81C463 C6 34       DEC $34       [000E9C] A:0001 X:0000 Y:0091 S:012E D:0E68 DB:86 nvMXdizc V:184 H: 63 F: 6
			81C465 F0 01       BEQ $0001     [81C468] A:0001 X:0000 Y:0091 S:012E D:0E68 DB:86 nvMXdizc V:184 H: 73 F: 6
			81C467 6B          RTL                    A:0001 X:0000 Y:0091 S:012E D:0E68 DB:86 nvMXdizc V:184 H: 76 F: 6

		80F9D8 60          RTS                    A:0001 X:0000 Y:0091 S:0131 D:0E68 DB:86 nvMXdizc V:184 H: 87 F: 6

	80D4F9 C2 21       REP #$21               A:0001 X:0000 Y:0091 S:0133 D:0E68 DB:86 nvMXdizc V:184 H: 97 F: 6
