80D4F6 20 30 D5    JSR $D530     [80D530] A:0E01 X:0000 Y:00BC S:0133 D:0E68 DB:86 nvMXdizC V:247 H:206 F:25

	80D530 C2 20       REP #$20               A:0E01 X:0000 Y:00BC S:0131 D:0E68 DB:86 nvMXdizC V:247 H:216 F:25
	80D532 A5 05       LDA $05       [000E6D] A:0E01 X:0000 Y:00BC S:0131 D:0E68 DB:86 nvmXdizC V:247 H:220 F:25
	80D534 85 22       STA $22       [000E8A] A:1D44 X:0000 Y:00BC S:0131 D:0E68 DB:86 nvmXdizC V:247 H:229 F:25
	80D536 A5 08       LDA $08       [000E70] A:1D44 X:0000 Y:00BC S:0131 D:0E68 DB:86 nvmXdizC V:247 H:237 F:25
	80D538 85 24       STA $24       [000E8C] A:03A2 X:0000 Y:00BC S:0131 D:0E68 DB:86 nvmXdizC V:247 H:246 F:25
	80D53A E2 20       SEP #$20               A:03A2 X:0000 Y:00BC S:0131 D:0E68 DB:86 nvmXdizC V:247 H:254 F:25
	80D53C A9 80       LDA #$80               A:03A2 X:0000 Y:00BC S:0131 D:0E68 DB:86 nvMXdizC V:247 H:259 F:25
	80D53E 14 0E       TRB $0E       [000E76] A:0380 X:0000 Y:00BC S:0131 D:0E68 DB:86 NvMXdizC V:247 H:262 F:25
	80D540 A5 0A       LDA $0A       [000E72] A:0380 X:0000 Y:00BC S:0131 D:0E68 DB:86 NvMXdizC V:247 H:272 F:25
	80D542 0A          ASL A                  A:0331 X:0000 Y:00BC S:0131 D:0E68 DB:86 nvMXdizC V:247 H:278 F:25
	80D543 AA          TAX                    A:0362 X:0000 Y:00BC S:0131 D:0E68 DB:86 nvMXdizc V:247 H:281 F:25
	80D544 7C DD F8    JMP ($F8DD,X) [80F93F] A:0362 X:0062 Y:00BC S:0131 D:0E68 DB:86 nvMXdizc V:247 H:284 F:25

	80FAA6 22 E1 9B 88 JSL $889BE1   [889BE1] A:0362 X:0062 Y:00BC S:0131 D:0E68 DB:86 nvMXdizc V:247 H:293 F:25

		889BE1 A6 01       LDX $01       [000E69] A:0362 X:0062 Y:00BC S:012E D:0E68 DB:86 nvMXdizc V:247 H:307 F:25
		889BE3 7C E6 9B    JMP ($9BE6,X) [889BEA] A:0362 X:0004 Y:00BC S:012E D:0E68 DB:86 nvMXdizc V:247 H:313 F:25

		889D6E A9 0E       LDA #$0E               A:0362 X:0004 Y:00BC S:012E D:0E68 DB:86 nvMXdizc V:247 H:322 F:25
		889D70 14 11       TRB $11       [000E79] A:030E X:0004 Y:00BC S:012E D:0E68 DB:86 nvMXdizc V:247 H:325 F:25
		889D72 A5 33       LDA $33       [000E9B] A:030E X:0004 Y:00BC S:012E D:0E68 DB:86 nvMXdizc V:247 H:334 F:25
		889D74 04 11       TSB $11       [000E79] A:0308 X:0004 Y:00BC S:012E D:0E68 DB:86 nvMXdizc V:248 H:  1 F:25
		889D76 A6 02       LDX $02       [000E6A] A:0308 X:0004 Y:00BC S:012E D:0E68 DB:86 nvMXdiZc V:248 H: 11 F:25
		889D78 FC 2C 9E    JSR ($9E2C,X) [889E30] A:0308 X:0004 Y:00BC S:012E D:0E68 DB:86 nvMXdizc V:248 H: 17 F:25

			88A059 A6 03       LDX $03       [000E6B] A:0308 X:0004 Y:00BC S:012C D:0E68 DB:86 nvMXdizc V:248 H: 30 F:25
			88A05B 7C 5E A0    JMP ($A05E,X) [88A060] A:0308 X:0002 Y:00BC S:012C D:0E68 DB:86 nvMXdizc V:248 H: 37 F:25

			88A0CE 22 EA 8E 84 JSL $848EEA   [848EEA] A:0308 X:0002 Y:00BC S:012C D:0E68 DB:86 nvMXdizc V:248 H: 46 F:25		JSL $848EEA --> Decrease Countdown routine

				848EEA 08          PHP                    A:0308 X:0002 Y:00BC S:0129 D:0E68 DB:86 nvMXdizc V:248 H: 59 F:25
				848EEB 8B          PHB                    A:0308 X:0002 Y:00BC S:0128 D:0E68 DB:86 nvMXdizc V:248 H: 64 F:25
				848EEC E2 30       SEP #$30               A:0308 X:0002 Y:00BC S:0127 D:0E68 DB:86 nvMXdizc V:248 H: 69 F:25
				848EEE C6 13       DEC $13       [000E7B] A:0308 X:0002 Y:00BC S:0127 D:0E68 DB:86 nvMXdizc V:248 H: 74 F:25
				848EF0 D0 5D       BNE $005D     [848F4F] A:0308 X:0002 Y:00BC S:0127 D:0E68 DB:86 nvMXdiZc V:248 H: 84 F:25
				848EF2 A9 AF       LDA #$AF               A:0308 X:0002 Y:00BC S:0127 D:0E68 DB:86 nvMXdiZc V:248 H: 87 F:25
				848EF4 48          PHA                    A:03AF X:0002 Y:00BC S:0127 D:0E68 DB:86 NvMXdizc V:248 H: 90 F:25
				848EF5 AB          PLB                    A:03AF X:0002 Y:00BC S:0126 D:0E68 DB:86 NvMXdizc V:248 H: 95 F:25
				848EF6 C2 21       REP #$21               A:03AF X:0002 Y:00BC S:0127 D:0E68 DB:AF NvMXdizc V:248 H:101 F:25
				848EF8 A5 14       LDA $14       [000E7C] A:03AF X:0002 Y:00BC S:0127 D:0E68 DB:AF NvmXdizc V:248 H:106 F:25
				848EFA 69 03 00    ADC #$0003             A:DF92 X:0002 Y:00BC S:0127 D:0E68 DB:AF NvmXdizc V:248 H:114 F:25
				848EFD A4 0F       LDY $0F       [000E77] A:DF95 X:0002 Y:00BC S:0127 D:0E68 DB:AF NvmXdizc V:248 H:119 F:25
				848EFF 10 37       BPL $0037     [848F38] A:DF95 X:0002 Y:0000 S:0127 D:0E68 DB:AF nvmXdiZc V:248 H:125 F:25
				848F38 85 14       STA $14       [000E7C] A:DF95 X:0002 Y:0000 S:0127 D:0E68 DB:AF nvmXdiZc V:248 H:130 F:25
				848F3A E2 30       SEP #$30               A:DF95 X:0002 Y:0000 S:0127 D:0E68 DB:AF nvmXdiZc V:248 H:148 F:25
				848F3C B2 14       LDA ($14)     [AFDF95] A:DF95 X:0002 Y:0000 S:0127 D:0E68 DB:AF nvMXdiZc V:248 H:153 F:25
				848F3E 85 13       STA $13       [000E7B] A:DF04 X:0002 Y:0000 S:0127 D:0E68 DB:AF nvMXdizc V:248 H:163 F:25
				848F40 A0 01       LDY #$01               A:DF04 X:0002 Y:0000 S:0127 D:0E68 DB:AF nvMXdizc V:248 H:169 F:25
				848F42 B1 14       LDA ($14),Y   [AFDF96] A:DF04 X:0002 Y:0001 S:0127 D:0E68 DB:AF nvMXdizc V:248 H:172 F:25
				848F44 85 0F       STA $0F       [000E77] A:DF80 X:0002 Y:0001 S:0127 D:0E68 DB:AF NvMXdizc V:248 H:182 F:25	CDAction = #$80
				848F46 C8          INY                    A:DF80 X:0002 Y:0001 S:0127 D:0E68 DB:AF NvMXdizc V:248 H:189 F:25
				848F47 B1 14       LDA ($14),Y   [AFDF97] A:DF80 X:0002 Y:0002 S:0127 D:0E68 DB:AF nvMXdizc V:248 H:192 F:25
				848F49 85 17       STA $17       [000E7F] A:DF17 X:0002 Y:0002 S:0127 D:0E68 DB:AF nvMXdizc V:248 H:202 F:25
				848F4B A9 80       LDA #$80               A:DF17 X:0002 Y:0002 S:0127 D:0E68 DB:AF nvMXdizc V:248 H:208 F:25
				848F4D 04 17       TSB $17       [000E7F] A:DF80 X:0002 Y:0002 S:0127 D:0E68 DB:AF NvMXdizc V:248 H:211 F:25
				848F4F AB          PLB                    A:DF80 X:0002 Y:0002 S:0127 D:0E68 DB:AF NvMXdiZc V:248 H:221 F:25
				848F50 28          PLP                    A:DF80 X:0002 Y:0002 S:0128 D:0E68 DB:86 NvMXdizc V:248 H:228 F:25
				848F51 6B          RTL                    A:DF80 X:0002 Y:0002 S:0129 D:0E68 DB:86 nvMXdizc V:248 H:234 F:25

			88A0D2 A5 0F       LDA $0F       [000E77] A:DF80 X:0002 Y:0002 S:012C D:0E68 DB:86 nvMXdizc V:248 H:245 F:25
			88A0D4 10 29       BPL $0029     [88A0FF] A:DF80 X:0002 Y:0002 S:012C D:0E68 DB:86 NvMXdizc V:248 H:251 F:25		Branch if CDAction is positive
			88A0D6 22 3E 82 82 JSL $82823E   [82823E] A:DF80 X:0002 Y:0002 S:012C D:0E68 DB:86 NvMXdizc V:248 H:254 F:25		JSL $82823E --> Update X-Pos, X-Vel

				82823E 08          PHP                    A:DF80 X:0002 Y:0002 S:0129 D:0E68 DB:86 NvMXdizc V:248 H:268 F:25
				82823F C2 21       REP #$21               A:DF80 X:0002 Y:0002 S:0128 D:0E68 DB:86 NvMXdizc V:248 H:273 F:25
				828241 A5 04       LDA $04       [000E6C] A:DF80 X:0002 Y:0002 S:0128 D:0E68 DB:86 NvmXdizc V:248 H:277 F:25
				828243 65 1A       ADC $1A       [000E82] A:4400 X:0002 Y:0002 S:0128 D:0E68 DB:86 nvmXdizc V:248 H:286 F:25
				828245 85 04       STA $04       [000E6C] A:4800 X:0002 Y:0002 S:0128 D:0E68 DB:86 nvmXdizc V:248 H:294 F:25
				828247 E2 20       SEP #$20               A:4800 X:0002 Y:0002 S:0128 D:0E68 DB:86 nvmXdizc V:248 H:303 F:25
				828249 24 1B       BIT $1B       [000E83] A:4800 X:0002 Y:0002 S:0128 D:0E68 DB:86 nvMXdizc V:248 H:307 F:25
				82824B 30 08       BMI $0008     [828255] A:4800 X:0002 Y:0002 S:0128 D:0E68 DB:86 nvMXdiZc V:248 H:314 F:25
				82824D A5 06       LDA $06       [000E6E] A:4800 X:0002 Y:0002 S:0128 D:0E68 DB:86 nvMXdiZc V:248 H:317 F:25
				82824F 69 00       ADC #$00               A:481D X:0002 Y:0002 S:0128 D:0E68 DB:86 nvMXdizc V:248 H:323 F:25
				828251 85 06       STA $06       [000E6E] A:481D X:0002 Y:0002 S:0128 D:0E68 DB:86 nvMXdizc V:248 H:326 F:25
				828253 28          PLP                    A:481D X:0002 Y:0002 S:0128 D:0E68 DB:86 nvMXdizc V:248 H:332 F:25
				828254 6B          RTL                    A:481D X:0002 Y:0002 S:0129 D:0E68 DB:86 NvMXdizc V:248 H:338 F:25

			88A0DA C2 20       REP #$20               A:481D X:0002 Y:0002 S:012C D:0E68 DB:86 NvMXdizc V:249 H:  9 F:25
			88A0DC A9 D1 CF    LDA #$CFD1             A:481D X:0002 Y:0002 S:012C D:0E68 DB:86 NvmXdizc V:249 H: 13 F:25		E-Hitboxpoint = #$CFD1
			88A0DF 85 20       STA $20       [000E88] A:CFD1 X:0002 Y:0002 S:012C D:0E68 DB:86 NvmXdizc V:249 H: 18 F:25
			88A0E1 E2 20       SEP #$20               A:CFD1 X:0002 Y:0002 S:012C D:0E68 DB:86 NvmXdizc V:249 H: 26 F:25
			88A0E3 22 BE 91 84 JSL $8491BE   [8491BE] A:CFD1 X:0002 Y:0002 S:012C D:0E68 DB:86 NvMXdizc V:249 H: 31 F:25		JSL $8491BE --> Check for colissions and adjust position

				8491BE 08          PHP                    A:CFD1 X:0002 Y:0002 S:0129 D:0E68 DB:86 NvMXdizc V:249 H: 44 F:25
				8491BF 0B          PHD                    A:CFD1 X:0002 Y:0002 S:0128 D:0E68 DB:86 NvMXdizc V:249 H: 49 F:25
				8491C0 C2 30       REP #$30               A:CFD1 X:0002 Y:0002 S:0126 D:0E68 DB:86 NvMXdizc V:249 H: 56 F:25
				8491C2 A5 20       LDA $20       [000E88] A:CFD1 X:0002 Y:0002 S:0126 D:0E68 DB:86 Nvmxdizc V:249 H: 61 F:25
				8491C4 F0 15       BEQ $0015     [8491DB] A:CFD1 X:0002 Y:0002 S:0126 D:0E68 DB:86 Nvmxdizc V:249 H: 69 F:25
				8491C6 7B          TDC                    A:CFD1 X:0002 Y:0002 S:0126 D:0E68 DB:86 Nvmxdizc V:249 H: 72 F:25
				8491C7 AA          TAX                    A:0E68 X:0002 Y:0002 S:0126 D:0E68 DB:86 nvmxdizc V:249 H: 75 F:25
				8491C8 A9 00 00    LDA #$0000             A:0E68 X:0E68 Y:0002 S:0126 D:0E68 DB:86 nvmxdizc V:249 H: 78 F:25
				8491CB 5B          TCD                    A:0000 X:0E68 Y:0002 S:0126 D:0E68 DB:86 nvmxdiZc V:249 H: 83 F:25
				8491CC 64 14       STZ $14       [000014] A:0000 X:0E68 Y:0002 S:0126 D:0000 DB:86 nvmxdiZc V:249 H: 86 F:25
				8491CE B5 2B       LDA $2B,X     [000E93] A:0000 X:0E68 Y:0002 S:0126 D:0000 DB:86 nvmxdiZc V:249 H: 93 F:25
				8491D0 29 00 FF    AND #$FF00             A:0004 X:0E68 Y:0002 S:0126 D:0000 DB:86 nvmxdizc V:249 H:101 F:25
				8491D3 95 2B       STA $2B,X     [000E93] A:0000 X:0E68 Y:0002 S:0126 D:0000 DB:86 nvmxdiZc V:249 H:106 F:25
				8491D5 20 AC 92    JSR $92AC     [8492AC] A:0000 X:0E68 Y:0002 S:0126 D:0000 DB:86 nvmxdiZc V:249 H:114 F:25

					8492AC C2 30       REP #$30               A:0000 X:0E68 Y:0002 S:0124 D:0000 DB:86 nvmxdiZc V:249 H:124 F:25
					8492AE B5 05       LDA $05,X     [000E6D] A:0000 X:0E68 Y:0002 S:0124 D:0000 DB:86 nvmxdiZc V:249 H:129 F:25
					8492B0 38          SEC                    A:1D48 X:0E68 Y:0002 S:0124 D:0000 DB:86 nvmxdizc V:249 H:147 F:25
					8492B1 F5 22       SBC $22,X     [000E8A] A:1D48 X:0E68 Y:0002 S:0124 D:0000 DB:86 nvmxdizC V:249 H:150 F:25
					8492B3 85 00       STA $00       [000000] A:0004 X:0E68 Y:0002 S:0124 D:0000 DB:86 nvmxdizC V:249 H:159 F:25
					8492B5 E2 20       SEP #$20               A:0004 X:0E68 Y:0002 S:0124 D:0000 DB:86 nvmxdizC V:249 H:166 F:25
					8492B7 F0 4C       BEQ $004C     [849305] A:0004 X:0E68 Y:0002 S:0124 D:0000 DB:86 nvMxdizC V:249 H:170 F:25
					8492B9 B4 20       LDY $20,X     [000E88] A:0004 X:0E68 Y:0002 S:0124 D:0000 DB:86 nvMxdizC V:249 H:173 F:25
					8492BB B9 05 00    LDA $0005,Y   [86CFD6] A:0004 X:0E68 Y:CFD1 S:0124 D:0000 DB:86 NvMxdizC V:249 H:182 F:25
					8492BE 34 11       BIT $11,X     [000E79] A:00E8 X:0E68 Y:CFD1 S:0124 D:0000 DB:86 NvMxdizC V:249 H:189 F:25
					8492C0 50 03       BVC $0003     [8492C5] A:00E8 X:0E68 Y:CFD1 S:0124 D:0000 DB:86 nVMxdizC V:249 H:196 F:25
					8492C2 49 FF       EOR #$FF               A:00E8 X:0E68 Y:CFD1 S:0124 D:0000 DB:86 nVMxdizC V:249 H:199 F:25
					8492C4 1A          INC                    A:0017 X:0E68 Y:CFD1 S:0124 D:0000 DB:86 nVMxdizC V:249 H:202 F:25
					8492C5 24 00       BIT $00       [000000] A:0018 X:0E68 Y:CFD1 S:0124 D:0000 DB:86 nVMxdizC V:249 H:205 F:25
					8492C7 10 06       BPL $0006     [8492CF] A:0018 X:0E68 Y:CFD1 S:0124 D:0000 DB:86 nvMxdiZC V:249 H:210 F:25
					8492CF 18          CLC                    A:0018 X:0E68 Y:CFD1 S:0124 D:0000 DB:86 nvMxdiZC V:249 H:214 F:25
					8492D0 79 07 00    ADC $0007,Y   [86CFD8] A:0018 X:0E68 Y:CFD1 S:0124 D:0000 DB:86 nvMxdiZc V:249 H:217 F:25
					8492D3 95 29       STA $29,X     [000E91] A:0030 X:0E68 Y:CFD1 S:0124 D:0000 DB:86 nvMxdizc V:249 H:225 F:25
					8492D5 B9 06 00    LDA $0006,Y   [86CFD7] A:0030 X:0E68 Y:CFD1 S:0124 D:0000 DB:86 nvMxdizc V:249 H:231 F:25
					8492D8 95 2A       STA $2A,X     [000E92] A:00FC X:0E68 Y:CFD1 S:0124 D:0000 DB:86 NvMxdizc V:249 H:239 F:25
					8492DA 20 15 93    JSR $9315     [849315] A:00FC X:0E68 Y:CFD1 S:0124 D:0000 DB:86 NvMxdizc V:249 H:245 F:25

						849315 20 B3 90    JSR $90B3     [8490B3] A:00FC X:0E68 Y:CFD1 S:0122 D:0000 DB:86 NvMxdizc V:249 H:255 F:25

							8490B3 0B          PHD                    A:00FC X:0E68 Y:CFD1 S:0120 D:0000 DB:86 NvMxdizc V:249 H:265 F:25
							8490B4 DA          PHX                    A:00FC X:0E68 Y:CFD1 S:011E D:0000 DB:86 NvMxdizc V:249 H:272 F:25
							8490B5 08          PHP                    A:00FC X:0E68 Y:CFD1 S:011C D:0000 DB:86 NvMxdizc V:249 H:279 F:25
							8490B6 E2 20       SEP #$20               A:00FC X:0E68 Y:CFD1 S:011B D:0000 DB:86 NvMxdizc V:249 H:284 F:25
							8490B8 C2 10       REP #$10               A:00FC X:0E68 Y:CFD1 S:011B D:0000 DB:86 NvMxdizc V:249 H:289 F:25
							8490BA 64 01       STZ $01       [000001] A:00FC X:0E68 Y:CFD1 S:011B D:0000 DB:86 NvMxdizc V:249 H:293 F:25
							8490BC B5 29       LDA $29,X     [000E91] A:00FC X:0E68 Y:CFD1 S:011B D:0000 DB:86 NvMxdizc V:249 H:298 F:25
							8490BE 10 02       BPL $0002     [8490C2] A:0030 X:0E68 Y:CFD1 S:011B D:0000 DB:86 nvMxdizc V:249 H:305 F:25
							8490C2 18          CLC                    A:0030 X:0E68 Y:CFD1 S:011B D:0000 DB:86 nvMxdizc V:249 H:309 F:25
							8490C3 75 05       ADC $05,X     [000E6D] A:0030 X:0E68 Y:CFD1 S:011B D:0000 DB:86 nvMxdizc V:249 H:312 F:25
							8490C5 85 00       STA $00       [000000] A:0078 X:0E68 Y:CFD1 S:011B D:0000 DB:86 nvMxdizc V:249 H:319 F:25
							8490C7 B5 06       LDA $06,X     [000E6E] A:0078 X:0E68 Y:CFD1 S:011B D:0000 DB:86 nvMxdizc V:249 H:323 F:25
							8490C9 65 01       ADC $01       [000001] A:001D X:0E68 Y:CFD1 S:011B D:0000 DB:86 nvMxdizc V:249 H:329 F:25
							8490CB 85 01       STA $01       [000001] A:001D X:0E68 Y:CFD1 S:011B D:0000 DB:86 nvMxdizc V:249 H:334 F:25
							8490CD 64 03       STZ $03       [000003] A:001D X:0E68 Y:CFD1 S:011B D:0000 DB:86 nvMxdizc V:249 H:339 F:25
							8490CF B5 2A       LDA $2A,X     [000E92] A:001D X:0E68 Y:CFD1 S:011B D:0000 DB:86 nvMxdizc V:250 H:  4 F:25
							8490D1 10 02       BPL $0002     [8490D5] A:00FC X:0E68 Y:CFD1 S:011B D:0000 DB:86 NvMxdizc V:250 H: 11 F:25
							8490D3 C6 03       DEC $03       [000003] A:00FC X:0E68 Y:CFD1 S:011B D:0000 DB:86 NvMxdizc V:250 H: 14 F:25
							8490D5 18          CLC                    A:00FC X:0E68 Y:CFD1 S:011B D:0000 DB:86 NvMxdizc V:250 H: 22 F:25
							8490D6 75 08       ADC $08,X     [000E70] A:00FC X:0E68 Y:CFD1 S:011B D:0000 DB:86 NvMxdizc V:250 H: 25 F:25
							8490D8 85 02       STA $02       [000002] A:009E X:0E68 Y:CFD1 S:011B D:0000 DB:86 NvMxdizC V:250 H: 32 F:25
							8490DA 29 F0       AND #$F0               A:009E X:0E68 Y:CFD1 S:011B D:0000 DB:86 NvMxdizC V:250 H: 37 F:25
							8490DC 85 0A       STA $0A       [00000A] A:0090 X:0E68 Y:CFD1 S:011B D:0000 DB:86 NvMxdizC V:250 H: 40 F:25
							8490DE B5 09       LDA $09,X     [000E71] A:0090 X:0E68 Y:CFD1 S:011B D:0000 DB:86 NvMxdizC V:250 H: 45 F:25
							8490E0 65 03       ADC $03       [000003] A:0003 X:0E68 Y:CFD1 S:011B D:0000 DB:86 nvMxdizC V:250 H: 51 F:25
							8490E2 85 03       STA $03       [000003] A:0003 X:0E68 Y:CFD1 S:011B D:0000 DB:86 nvMxdizC V:250 H: 56 F:25
							8490E4 85 0B       STA $0B       [00000B] A:0003 X:0E68 Y:CFD1 S:011B D:0000 DB:86 nvMxdizC V:250 H: 61 F:25
							8490E6 A5 00       LDA $00       [000000] A:0003 X:0E68 Y:CFD1 S:011B D:0000 DB:86 nvMxdizC V:250 H: 66 F:25
							8490E8 29 0F       AND #$0F               A:0078 X:0E68 Y:CFD1 S:011B D:0000 DB:86 nvMxdizC V:250 H: 71 F:25
							8490EA 1A          INC                    A:0008 X:0E68 Y:CFD1 S:011B D:0000 DB:86 nvMxdizC V:250 H: 74 F:25
							8490EB 85 0C       STA $0C       [00000C] A:0009 X:0E68 Y:CFD1 S:011B D:0000 DB:86 nvMxdizC V:250 H: 77 F:25
							8490ED A5 02       LDA $02       [000002] A:0009 X:0E68 Y:CFD1 S:011B D:0000 DB:86 nvMxdizC V:250 H: 82 F:25
							8490EF 29 0F       AND #$0F               A:009E X:0E68 Y:CFD1 S:011B D:0000 DB:86 NvMxdizC V:250 H: 87 F:25
							8490F1 1A          INC                    A:000E X:0E68 Y:CFD1 S:011B D:0000 DB:86 nvMxdizC V:250 H: 90 F:25
							8490F2 85 0E       STA $0E       [00000E] A:000F X:0E68 Y:CFD1 S:011B D:0000 DB:86 nvMxdizC V:250 H: 93 F:25
							8490F4 C2 20       REP #$20               A:000F X:0E68 Y:CFD1 S:011B D:0000 DB:86 nvMxdizC V:250 H: 98 F:25
							8490F6 20 6A 91    JSR $916A     [84916A] A:000F X:0E68 Y:CFD1 S:011B D:0000 DB:86 nvmxdizC V:250 H:103 F:25

								84916A A9 00 E8    LDA #$E800             A:000F X:0E68 Y:CFD1 S:0119 D:0000 DB:86 nvmxdizC V:250 H:113 F:25
								84916D 85 10       STA $10       [000010] A:E800 X:0E68 Y:CFD1 S:0119 D:0000 DB:86 NvmxdizC V:250 H:117 F:25
								84916F A9 7E 00    LDA #$007E             A:E800 X:0E68 Y:CFD1 S:0119 D:0000 DB:86 NvmxdizC V:250 H:124 F:25
								849172 85 12       STA $12       [000012] A:007E X:0E68 Y:CFD1 S:0119 D:0000 DB:86 nvmxdizC V:250 H:129 F:25
								849174 A5 02       LDA $02       [000002] A:007E X:0E68 Y:CFD1 S:0119 D:0000 DB:86 nvmxdizC V:250 H:146 F:25
								849176 29 F0 00    AND #$00F0             A:039E X:0E68 Y:CFD1 S:0119 D:0000 DB:86 nvmxdizC V:250 H:153 F:25
								849179 0A          ASL A                  A:0090 X:0E68 Y:CFD1 S:0119 D:0000 DB:86 nvmxdizC V:250 H:157 F:25
								84917A 85 04       STA $04       [000004] A:0120 X:0E68 Y:CFD1 S:0119 D:0000 DB:86 nvmxdizc V:250 H:160 F:25
								84917C A5 00       LDA $00       [000000] A:0120 X:0E68 Y:CFD1 S:0119 D:0000 DB:86 nvmxdizc V:250 H:167 F:25
								84917E 29 FF 00    AND #$00FF             A:1D78 X:0E68 Y:CFD1 S:0119 D:0000 DB:86 nvmxdizc V:250 H:174 F:25
								849181 4A          LSR A                  A:0078 X:0E68 Y:CFD1 S:0119 D:0000 DB:86 nvmxdizc V:250 H:179 F:25
								849182 4A          LSR A                  A:003C X:0E68 Y:CFD1 S:0119 D:0000 DB:86 nvmxdizc V:250 H:182 F:25
								849183 4A          LSR A                  A:001E X:0E68 Y:CFD1 S:0119 D:0000 DB:86 nvmxdizc V:250 H:185 F:25
								849184 29 FE FF    AND #$FFFE             A:000F X:0E68 Y:CFD1 S:0119 D:0000 DB:86 nvmxdizc V:250 H:188 F:25
								849187 18          CLC                    A:000E X:0E68 Y:CFD1 S:0119 D:0000 DB:86 nvmxdizc V:250 H:192 F:25
								849188 65 04       ADC $04       [000004] A:000E X:0E68 Y:CFD1 S:0119 D:0000 DB:86 nvmxdizc V:250 H:195 F:25
								84918A 85 06       STA $06       [000006] A:012E X:0E68 Y:CFD1 S:0119 D:0000 DB:86 nvmxdizc V:250 H:202 F:25
								84918C A5 00       LDA $00       [000000] A:012E X:0E68 Y:CFD1 S:0119 D:0000 DB:86 nvmxdizc V:250 H:209 F:25
								84918E EB          XBA                    A:1D78 X:0E68 Y:CFD1 S:0119 D:0000 DB:86 nvmxdizc V:250 H:216 F:25
								84918F 29 1F 00    AND #$001F             A:781D X:0E68 Y:CFD1 S:0119 D:0000 DB:86 nvmxdizc V:250 H:221 F:25
								849192 85 04       STA $04       [000004] A:001D X:0E68 Y:CFD1 S:0119 D:0000 DB:86 nvmxdizc V:250 H:225 F:25
								849194 A5 02       LDA $02       [000002] A:001D X:0E68 Y:CFD1 S:0119 D:0000 DB:86 nvmxdizc V:250 H:232 F:25
								849196 29 00 1F    AND #$1F00             A:039E X:0E68 Y:CFD1 S:0119 D:0000 DB:86 nvmxdizc V:250 H:239 F:25
								849199 4A          LSR A                  A:0300 X:0E68 Y:CFD1 S:0119 D:0000 DB:86 nvmxdizc V:250 H:244 F:25
								84919A 4A          LSR A                  A:0180 X:0E68 Y:CFD1 S:0119 D:0000 DB:86 nvmxdizc V:250 H:247 F:25
								84919B 4A          LSR A                  A:00C0 X:0E68 Y:CFD1 S:0119 D:0000 DB:86 nvmxdizc V:250 H:250 F:25
								84919C 18          CLC                    A:0060 X:0E68 Y:CFD1 S:0119 D:0000 DB:86 nvmxdizc V:250 H:253 F:25
								84919D 65 04       ADC $04       [000004] A:0060 X:0E68 Y:CFD1 S:0119 D:0000 DB:86 nvmxdizc V:250 H:256 F:25
								84919F A8          TAY                    A:007D X:0E68 Y:CFD1 S:0119 D:0000 DB:86 nvmxdizc V:250 H:263 F:25
								8491A0 B7 10       LDA [$10],Y   [7EE87D] A:007D X:0E68 Y:007D S:0119 D:0000 DB:86 nvmxdizc V:250 H:266 F:25
								8491A2 29 FF 00    AND #$00FF             A:0024 X:0E68 Y:007D S:0119 D:0000 DB:86 nvmxdizc V:250 H:279 F:25
								8491A5 A8          TAY                    A:0024 X:0E68 Y:007D S:0119 D:0000 DB:86 nvmxdizc V:250 H:283 F:25
								8491A6 EB          XBA                    A:0024 X:0E68 Y:0024 S:0119 D:0000 DB:86 nvmxdizc V:250 H:286 F:25
								8491A7 0A          ASL A                  A:2400 X:0E68 Y:0024 S:0119 D:0000 DB:86 nvmxdiZc V:250 H:291 F:25
								8491A8 18          CLC                    A:4800 X:0E68 Y:0024 S:0119 D:0000 DB:86 nvmxdizc V:250 H:294 F:25
								8491A9 65 06       ADC $06       [000006] A:4800 X:0E68 Y:0024 S:0119 D:0000 DB:86 nvmxdizc V:250 H:297 F:25
								8491AB AA          TAX                    A:492E X:0E68 Y:0024 S:0119 D:0000 DB:86 nvmxdizc V:250 H:304 F:25
								8491AC 60          RTS                    A:492E X:492E Y:0024 S:0119 D:0000 DB:86 nvmxdizc V:250 H:307 F:25

							8490F9 BF 00 20 7E LDA $7E2000,X [7E692E] A:492E X:492E Y:0024 S:011B D:0000 DB:86 nvmxdizc V:250 H:317 F:25
							8490FD A8          TAY                    A:01B6 X:492E Y:0024 S:011B D:0000 DB:86 nvmxdizc V:250 H:326 F:25
							8490FE AD 92 0B    LDA $0B92     [860B92] A:01B6 X:492E Y:01B6 S:011B D:0000 DB:86 nvmxdizc V:250 H:329 F:25
							849101 85 10       STA $10       [000010] A:EB15 X:492E Y:01B6 S:011B D:0000 DB:86 Nvmxdizc V:250 H:337 F:25
							849103 AD 94 0B    LDA $0B94     [860B94] A:EB15 X:492E Y:01B6 S:011B D:0000 DB:86 Nvmxdizc V:251 H:  4 F:25
							849106 85 12       STA $12       [000012] A:F895 X:492E Y:01B6 S:011B D:0000 DB:86 Nvmxdizc V:251 H: 13 F:25
							849108 B7 10       LDA [$10],Y   [95ECCB] A:F895 X:492E Y:01B6 S:011B D:0000 DB:86 Nvmxdizc V:251 H: 20 F:25
							84910A 29 FF 00    AND #$00FF             A:0000 X:492E Y:01B6 S:011B D:0000 DB:86 nvmxdiZc V:251 H: 32 F:25
							84910D 28          PLP                    A:0000 X:492E Y:01B6 S:011B D:0000 DB:86 nvmxdiZc V:251 H: 36 F:25
							84910E FA          PLX                    A:0000 X:492E Y:01B6 S:011C D:0000 DB:86 NvMxdizc V:251 H: 43 F:25
							84910F 2B          PLD                    A:0000 X:0E68 Y:01B6 S:011E D:0000 DB:86 nvMxdizc V:251 H: 51 F:25
							849110 60          RTS                    A:0000 X:0E68 Y:01B6 S:0120 D:0000 DB:86 nvMxdiZc V:251 H: 60 F:25

						849318 B4 05       LDY $05,X     [000E6D] A:0000 X:0E68 Y:01B6 S:0122 D:0000 DB:86 nvMxdiZc V:251 H: 70 F:25
						84931A 84 10       STY $10       [000010] A:0000 X:0E68 Y:1D48 S:0122 D:0000 DB:86 nvMxdizc V:251 H: 78 F:25
						84931C B4 08       LDY $08,X     [000E70] A:0000 X:0E68 Y:1D48 S:0122 D:0000 DB:86 nvMxdizc V:251 H: 85 F:25
						84931E 84 12       STY $12       [000012] A:0000 X:0E68 Y:03A2 S:0122 D:0000 DB:86 nvMxdizc V:251 H: 94 F:25
						849320 95 2D       STA $2D,X     [000E95] A:0000 X:0E68 Y:03A2 S:0122 D:0000 DB:86 nvMxdizc V:251 H:101 F:25
						849322 86 2C       STX $2C       [00002C] A:0000 X:0E68 Y:03A2 S:0122 D:0000 DB:86 nvMxdizc V:251 H:107 F:25
						849324 29 3F       AND #$3F               A:0000 X:0E68 Y:03A2 S:0122 D:0000 DB:86 nvMxdizc V:251 H:114 F:25
						849326 0A          ASL A                  A:0000 X:0E68 Y:03A2 S:0122 D:0000 DB:86 nvMxdiZc V:251 H:117 F:25
						849327 EB          XBA                    A:0000 X:0E68 Y:03A2 S:0122 D:0000 DB:86 nvMxdiZc V:251 H:120 F:25
						849328 A9 00       LDA #$00               A:0000 X:0E68 Y:03A2 S:0122 D:0000 DB:86 nvMxdiZc V:251 H:125 F:25
						84932A EB          XBA                    A:0000 X:0E68 Y:03A2 S:0122 D:0000 DB:86 nvMxdiZc V:251 H:128 F:25
						84932B AA          TAX                    A:0000 X:0E68 Y:03A2 S:0122 D:0000 DB:86 nvMxdiZc V:251 H:132 F:25
						84932C FC 5D 93    JSR ($935D,X) [84935D] A:0000 X:0000 Y:03A2 S:0122 D:0000 DB:86 nvMxdiZc V:251 H:145 F:25

							84977A A9 00       LDA #$00               A:0000 X:0000 Y:03A2 S:0120 D:0000 DB:86 nvMxdiZc V:251 H:158 F:25
							84977C 60          RTS                    A:0000 X:0000 Y:03A2 S:0120 D:0000 DB:86 nvMxdiZc V:251 H:161 F:25

						84932F 08          PHP                    A:0000 X:0000 Y:03A2 S:0122 D:0000 DB:86 nvMxdiZc V:251 H:171 F:25
						849330 A6 2C       LDX $2C       [00002C] A:0000 X:0000 Y:03A2 S:0121 D:0000 DB:86 nvMxdiZc V:251 H:176 F:25
						849332 A9 01       LDA #$01               A:0000 X:0E68 Y:03A2 S:0121 D:0000 DB:86 nvMxdizc V:251 H:183 F:25
						849334 34 29       BIT $29,X     [000E91] A:0001 X:0E68 Y:03A2 S:0121 D:0000 DB:86 nvMxdizc V:251 H:186 F:25
						849336 10 02       BPL $0002     [84933A] A:0001 X:0E68 Y:03A2 S:0121 D:0000 DB:86 nvMxdiZc V:251 H:193 F:25
						84933A 28          PLP                    A:0001 X:0E68 Y:03A2 S:0121 D:0000 DB:86 nvMxdiZc V:251 H:197 F:25
						84933B F0 0C       BEQ $000C     [849349] A:0001 X:0E68 Y:03A2 S:0122 D:0000 DB:86 nvMxdiZc V:251 H:204 F:25
						849349 49 FF       EOR #$FF               A:0001 X:0E68 Y:03A2 S:0122 D:0000 DB:86 nvMxdiZc V:251 H:208 F:25
						84934B 35 2B       AND $2B,X     [000E93] A:00FE X:0E68 Y:03A2 S:0122 D:0000 DB:86 NvMxdizc V:251 H:211 F:25
						84934D 95 2B       STA $2B,X     [000E93] A:0000 X:0E68 Y:03A2 S:0122 D:0000 DB:86 nvMxdiZc V:251 H:218 F:25
						84934F 20 08 93    JSR $9308     [849308] A:0000 X:0E68 Y:03A2 S:0122 D:0000 DB:86 nvMxdiZc V:251 H:224 F:25

							849308 A5 14       LDA $14       [000014] A:0000 X:0E68 Y:03A2 S:0120 D:0000 DB:86 nvMxdiZc V:251 H:234 F:25
							84930A F0 08       BEQ $0008     [849314] A:0000 X:0E68 Y:03A2 S:0120 D:0000 DB:86 nvMxdiZc V:251 H:239 F:25
							849314 60          RTS                    A:0000 X:0E68 Y:03A2 S:0120 D:0000 DB:86 nvMxdiZc V:251 H:244 F:25

						849352 A9 00       LDA #$00               A:0000 X:0E68 Y:03A2 S:0122 D:0000 DB:86 nvMxdiZc V:251 H:254 F:25
						849354 60          RTS                    A:0000 X:0E68 Y:03A2 S:0122 D:0000 DB:86 nvMxdiZc V:251 H:257 F:25

					8492DD D0 26       BNE $0026     [849305] A:0000 X:0E68 Y:03A2 S:0124 D:0000 DB:86 nvMxdiZc V:251 H:267 F:25
					8492DF B4 20       LDY $20,X     [000E88] A:0000 X:0E68 Y:03A2 S:0124 D:0000 DB:86 nvMxdiZc V:251 H:270 F:25
					8492E1 B9 06 00    LDA $0006,Y   [86CFD7] A:0000 X:0E68 Y:CFD1 S:0124 D:0000 DB:86 NvMxdizc V:251 H:278 F:25
					8492E4 38          SEC                    A:00FC X:0E68 Y:CFD1 S:0124 D:0000 DB:86 NvMxdizc V:251 H:286 F:25
					8492E5 F9 08 00    SBC $0008,Y   [86CFD9] A:00FC X:0E68 Y:CFD1 S:0124 D:0000 DB:86 NvMxdizC V:251 H:289 F:25
					8492E8 18          CLC                    A:00F5 X:0E68 Y:CFD1 S:0124 D:0000 DB:86 NvMxdizC V:251 H:296 F:25
					8492E9 79 09 00    ADC $0009,Y   [86CFDA] A:00F5 X:0E68 Y:CFD1 S:0124 D:0000 DB:86 NvMxdizc V:251 H:299 F:25
					8492EC 95 2A       STA $2A,X     [000E92] A:00F8 X:0E68 Y:CFD1 S:0124 D:0000 DB:86 NvMxdizc V:251 H:307 F:25
					8492EE 20 15 93    JSR $9315     [849315] A:00F8 X:0E68 Y:CFD1 S:0124 D:0000 DB:86 NvMxdizc V:251 H:313 F:25

						849315 20 B3 90    JSR $90B3     [8490B3] A:00F8 X:0E68 Y:CFD1 S:0122 D:0000 DB:86 NvMxdizc V:251 H:323 F:25

							8490B3 0B          PHD                    A:00F8 X:0E68 Y:CFD1 S:0120 D:0000 DB:86 NvMxdizc V:251 H:332 F:25
							8490B4 DA          PHX                    A:00F8 X:0E68 Y:CFD1 S:011E D:0000 DB:86 NvMxdizc V:251 H:339 F:25
							8490B5 08          PHP                    A:00F8 X:0E68 Y:CFD1 S:011C D:0000 DB:86 NvMxdizc V:252 H:  6 F:25
							8490B6 E2 20       SEP #$20               A:00F8 X:0E68 Y:CFD1 S:011B D:0000 DB:86 NvMxdizc V:252 H: 11 F:25
							8490B8 C2 10       REP #$10               A:00F8 X:0E68 Y:CFD1 S:011B D:0000 DB:86 NvMxdizc V:252 H: 16 F:25
							8490BA 64 01       STZ $01       [000001] A:00F8 X:0E68 Y:CFD1 S:011B D:0000 DB:86 NvMxdizc V:252 H: 20 F:25
							8490BC B5 29       LDA $29,X     [000E91] A:00F8 X:0E68 Y:CFD1 S:011B D:0000 DB:86 NvMxdizc V:252 H: 25 F:25
							8490BE 10 02       BPL $0002     [8490C2] A:0030 X:0E68 Y:CFD1 S:011B D:0000 DB:86 nvMxdizc V:252 H: 32 F:25
							8490C2 18          CLC                    A:0030 X:0E68 Y:CFD1 S:011B D:0000 DB:86 nvMxdizc V:252 H: 36 F:25
							8490C3 75 05       ADC $05,X     [000E6D] A:0030 X:0E68 Y:CFD1 S:011B D:0000 DB:86 nvMxdizc V:252 H: 39 F:25
							8490C5 85 00       STA $00       [000000] A:0078 X:0E68 Y:CFD1 S:011B D:0000 DB:86 nvMxdizc V:252 H: 46 F:25
							8490C7 B5 06       LDA $06,X     [000E6E] A:0078 X:0E68 Y:CFD1 S:011B D:0000 DB:86 nvMxdizc V:252 H: 51 F:25
							8490C9 65 01       ADC $01       [000001] A:001D X:0E68 Y:CFD1 S:011B D:0000 DB:86 nvMxdizc V:252 H: 57 F:25
							8490CB 85 01       STA $01       [000001] A:001D X:0E68 Y:CFD1 S:011B D:0000 DB:86 nvMxdizc V:252 H: 62 F:25
							8490CD 64 03       STZ $03       [000003] A:001D X:0E68 Y:CFD1 S:011B D:0000 DB:86 nvMxdizc V:252 H: 67 F:25
							8490CF B5 2A       LDA $2A,X     [000E92] A:001D X:0E68 Y:CFD1 S:011B D:0000 DB:86 nvMxdizc V:252 H: 72 F:25
							8490D1 10 02       BPL $0002     [8490D5] A:00F8 X:0E68 Y:CFD1 S:011B D:0000 DB:86 NvMxdizc V:252 H: 79 F:25
							8490D3 C6 03       DEC $03       [000003] A:00F8 X:0E68 Y:CFD1 S:011B D:0000 DB:86 NvMxdizc V:252 H: 82 F:25
							8490D5 18          CLC                    A:00F8 X:0E68 Y:CFD1 S:011B D:0000 DB:86 NvMxdizc V:252 H: 90 F:25
							8490D6 75 08       ADC $08,X     [000E70] A:00F8 X:0E68 Y:CFD1 S:011B D:0000 DB:86 NvMxdizc V:252 H: 93 F:25
							8490D8 85 02       STA $02       [000002] A:009A X:0E68 Y:CFD1 S:011B D:0000 DB:86 NvMxdizC V:252 H:100 F:25
							8490DA 29 F0       AND #$F0               A:009A X:0E68 Y:CFD1 S:011B D:0000 DB:86 NvMxdizC V:252 H:105 F:25
							8490DC 85 0A       STA $0A       [00000A] A:0090 X:0E68 Y:CFD1 S:011B D:0000 DB:86 NvMxdizC V:252 H:108 F:25
							8490DE B5 09       LDA $09,X     [000E71] A:0090 X:0E68 Y:CFD1 S:011B D:0000 DB:86 NvMxdizC V:252 H:113 F:25
							8490E0 65 03       ADC $03       [000003] A:0003 X:0E68 Y:CFD1 S:011B D:0000 DB:86 nvMxdizC V:252 H:119 F:25
							8490E2 85 03       STA $03       [000003] A:0003 X:0E68 Y:CFD1 S:011B D:0000 DB:86 nvMxdizC V:252 H:124 F:25
							8490E4 85 0B       STA $0B       [00000B] A:0003 X:0E68 Y:CFD1 S:011B D:0000 DB:86 nvMxdizC V:252 H:129 F:25
							8490E6 A5 00       LDA $00       [000000] A:0003 X:0E68 Y:CFD1 S:011B D:0000 DB:86 nvMxdizC V:252 H:144 F:25
							8490E8 29 0F       AND #$0F               A:0078 X:0E68 Y:CFD1 S:011B D:0000 DB:86 nvMxdizC V:252 H:149 F:25
							8490EA 1A          INC                    A:0008 X:0E68 Y:CFD1 S:011B D:0000 DB:86 nvMxdizC V:252 H:152 F:25
							8490EB 85 0C       STA $0C       [00000C] A:0009 X:0E68 Y:CFD1 S:011B D:0000 DB:86 nvMxdizC V:252 H:155 F:25
							8490ED A5 02       LDA $02       [000002] A:0009 X:0E68 Y:CFD1 S:011B D:0000 DB:86 nvMxdizC V:252 H:160 F:25
							8490EF 29 0F       AND #$0F               A:009A X:0E68 Y:CFD1 S:011B D:0000 DB:86 NvMxdizC V:252 H:165 F:25
							8490F1 1A          INC                    A:000A X:0E68 Y:CFD1 S:011B D:0000 DB:86 nvMxdizC V:252 H:168 F:25
							8490F2 85 0E       STA $0E       [00000E] A:000B X:0E68 Y:CFD1 S:011B D:0000 DB:86 nvMxdizC V:252 H:171 F:25
							8490F4 C2 20       REP #$20               A:000B X:0E68 Y:CFD1 S:011B D:0000 DB:86 nvMxdizC V:252 H:176 F:25
							8490F6 20 6A 91    JSR $916A     [84916A] A:000B X:0E68 Y:CFD1 S:011B D:0000 DB:86 nvmxdizC V:252 H:181 F:25

								84916A A9 00 E8    LDA #$E800             A:000B X:0E68 Y:CFD1 S:0119 D:0000 DB:86 nvmxdizC V:252 H:191 F:25
								84916D 85 10       STA $10       [000010] A:E800 X:0E68 Y:CFD1 S:0119 D:0000 DB:86 NvmxdizC V:252 H:195 F:25
								84916F A9 7E 00    LDA #$007E             A:E800 X:0E68 Y:CFD1 S:0119 D:0000 DB:86 NvmxdizC V:252 H:202 F:25
								849172 85 12       STA $12       [000012] A:007E X:0E68 Y:CFD1 S:0119 D:0000 DB:86 nvmxdizC V:252 H:207 F:25
								849174 A5 02       LDA $02       [000002] A:007E X:0E68 Y:CFD1 S:0119 D:0000 DB:86 nvmxdizC V:252 H:214 F:25
								849176 29 F0 00    AND #$00F0             A:039A X:0E68 Y:CFD1 S:0119 D:0000 DB:86 nvmxdizC V:252 H:221 F:25
								849179 0A          ASL A                  A:0090 X:0E68 Y:CFD1 S:0119 D:0000 DB:86 nvmxdizC V:252 H:225 F:25
								84917A 85 04       STA $04       [000004] A:0120 X:0E68 Y:CFD1 S:0119 D:0000 DB:86 nvmxdizc V:252 H:228 F:25
								84917C A5 00       LDA $00       [000000] A:0120 X:0E68 Y:CFD1 S:0119 D:0000 DB:86 nvmxdizc V:252 H:235 F:25
								84917E 29 FF 00    AND #$00FF             A:1D78 X:0E68 Y:CFD1 S:0119 D:0000 DB:86 nvmxdizc V:252 H:242 F:25
								849181 4A          LSR A                  A:0078 X:0E68 Y:CFD1 S:0119 D:0000 DB:86 nvmxdizc V:252 H:247 F:25
								849182 4A          LSR A                  A:003C X:0E68 Y:CFD1 S:0119 D:0000 DB:86 nvmxdizc V:252 H:250 F:25
								849183 4A          LSR A                  A:001E X:0E68 Y:CFD1 S:0119 D:0000 DB:86 nvmxdizc V:252 H:253 F:25
								849184 29 FE FF    AND #$FFFE             A:000F X:0E68 Y:CFD1 S:0119 D:0000 DB:86 nvmxdizc V:252 H:256 F:25
								849187 18          CLC                    A:000E X:0E68 Y:CFD1 S:0119 D:0000 DB:86 nvmxdizc V:252 H:260 F:25
								849188 65 04       ADC $04       [000004] A:000E X:0E68 Y:CFD1 S:0119 D:0000 DB:86 nvmxdizc V:252 H:263 F:25
								84918A 85 06       STA $06       [000006] A:012E X:0E68 Y:CFD1 S:0119 D:0000 DB:86 nvmxdizc V:252 H:270 F:25
								84918C A5 00       LDA $00       [000000] A:012E X:0E68 Y:CFD1 S:0119 D:0000 DB:86 nvmxdizc V:252 H:277 F:25
								84918E EB          XBA                    A:1D78 X:0E68 Y:CFD1 S:0119 D:0000 DB:86 nvmxdizc V:252 H:284 F:25
								84918F 29 1F 00    AND #$001F             A:781D X:0E68 Y:CFD1 S:0119 D:0000 DB:86 nvmxdizc V:252 H:289 F:25
								849192 85 04       STA $04       [000004] A:001D X:0E68 Y:CFD1 S:0119 D:0000 DB:86 nvmxdizc V:252 H:293 F:25
								849194 A5 02       LDA $02       [000002] A:001D X:0E68 Y:CFD1 S:0119 D:0000 DB:86 nvmxdizc V:252 H:300 F:25
								849196 29 00 1F    AND #$1F00             A:039A X:0E68 Y:CFD1 S:0119 D:0000 DB:86 nvmxdizc V:252 H:307 F:25
								849199 4A          LSR A                  A:0300 X:0E68 Y:CFD1 S:0119 D:0000 DB:86 nvmxdizc V:252 H:312 F:25
								84919A 4A          LSR A                  A:0180 X:0E68 Y:CFD1 S:0119 D:0000 DB:86 nvmxdizc V:252 H:315 F:25
								84919B 4A          LSR A                  A:00C0 X:0E68 Y:CFD1 S:0119 D:0000 DB:86 nvmxdizc V:252 H:318 F:25
								84919C 18          CLC                    A:0060 X:0E68 Y:CFD1 S:0119 D:0000 DB:86 nvmxdizc V:252 H:321 F:25
								84919D 65 04       ADC $04       [000004] A:0060 X:0E68 Y:CFD1 S:0119 D:0000 DB:86 nvmxdizc V:252 H:323 F:25
								84919F A8          TAY                    A:007D X:0E68 Y:CFD1 S:0119 D:0000 DB:86 nvmxdizc V:252 H:330 F:25
								8491A0 B7 10       LDA [$10],Y   [7EE87D] A:007D X:0E68 Y:007D S:0119 D:0000 DB:86 nvmxdizc V:252 H:333 F:25
								8491A2 29 FF 00    AND #$00FF             A:0024 X:0E68 Y:007D S:0119 D:0000 DB:86 nvmxdizc V:253 H:  6 F:25
								8491A5 A8          TAY                    A:0024 X:0E68 Y:007D S:0119 D:0000 DB:86 nvmxdizc V:253 H: 10 F:25
								8491A6 EB          XBA                    A:0024 X:0E68 Y:0024 S:0119 D:0000 DB:86 nvmxdizc V:253 H: 13 F:25
								8491A7 0A          ASL A                  A:2400 X:0E68 Y:0024 S:0119 D:0000 DB:86 nvmxdiZc V:253 H: 18 F:25
								8491A8 18          CLC                    A:4800 X:0E68 Y:0024 S:0119 D:0000 DB:86 nvmxdizc V:253 H: 21 F:25
								8491A9 65 06       ADC $06       [000006] A:4800 X:0E68 Y:0024 S:0119 D:0000 DB:86 nvmxdizc V:253 H: 24 F:25
								8491AB AA          TAX                    A:492E X:0E68 Y:0024 S:0119 D:0000 DB:86 nvmxdizc V:253 H: 31 F:25
								8491AC 60          RTS                    A:492E X:492E Y:0024 S:0119 D:0000 DB:86 nvmxdizc V:253 H: 34 F:25

							8490F9 BF 00 20 7E LDA $7E2000,X [7E692E] A:492E X:492E Y:0024 S:011B D:0000 DB:86 nvmxdizc V:253 H: 44 F:25
							8490FD A8          TAY                    A:01B6 X:492E Y:0024 S:011B D:0000 DB:86 nvmxdizc V:253 H: 54 F:25
							8490FE AD 92 0B    LDA $0B92     [860B92] A:01B6 X:492E Y:01B6 S:011B D:0000 DB:86 nvmxdizc V:253 H: 57 F:25
							849101 85 10       STA $10       [000010] A:EB15 X:492E Y:01B6 S:011B D:0000 DB:86 Nvmxdizc V:253 H: 65 F:25
							849103 AD 94 0B    LDA $0B94     [860B94] A:EB15 X:492E Y:01B6 S:011B D:0000 DB:86 Nvmxdizc V:253 H: 72 F:25
							849106 85 12       STA $12       [000012] A:F895 X:492E Y:01B6 S:011B D:0000 DB:86 Nvmxdizc V:253 H: 81 F:25
							849108 B7 10       LDA [$10],Y   [95ECCB] A:F895 X:492E Y:01B6 S:011B D:0000 DB:86 Nvmxdizc V:253 H: 88 F:25
							84910A 29 FF 00    AND #$00FF             A:0000 X:492E Y:01B6 S:011B D:0000 DB:86 nvmxdiZc V:253 H:100 F:25
							84910D 28          PLP                    A:0000 X:492E Y:01B6 S:011B D:0000 DB:86 nvmxdiZc V:253 H:104 F:25
							84910E FA          PLX                    A:0000 X:492E Y:01B6 S:011C D:0000 DB:86 NvMxdizc V:253 H:111 F:25
							84910F 2B          PLD                    A:0000 X:0E68 Y:01B6 S:011E D:0000 DB:86 nvMxdizc V:253 H:119 F:25
							849110 60          RTS                    A:0000 X:0E68 Y:01B6 S:0120 D:0000 DB:86 nvMxdiZc V:253 H:128 F:25

						849318 B4 05       LDY $05,X     [000E6D] A:0000 X:0E68 Y:01B6 S:0122 D:0000 DB:86 nvMxdiZc V:253 H:148 F:25
						84931A 84 10       STY $10       [000010] A:0000 X:0E68 Y:1D48 S:0122 D:0000 DB:86 nvMxdizc V:253 H:156 F:25
						84931C B4 08       LDY $08,X     [000E70] A:0000 X:0E68 Y:1D48 S:0122 D:0000 DB:86 nvMxdizc V:253 H:163 F:25
						84931E 84 12       STY $12       [000012] A:0000 X:0E68 Y:03A2 S:0122 D:0000 DB:86 nvMxdizc V:253 H:172 F:25
						849320 95 2D       STA $2D,X     [000E95] A:0000 X:0E68 Y:03A2 S:0122 D:0000 DB:86 nvMxdizc V:253 H:179 F:25
						849322 86 2C       STX $2C       [00002C] A:0000 X:0E68 Y:03A2 S:0122 D:0000 DB:86 nvMxdizc V:253 H:185 F:25
						849324 29 3F       AND #$3F               A:0000 X:0E68 Y:03A2 S:0122 D:0000 DB:86 nvMxdizc V:253 H:192 F:25
						849326 0A          ASL A                  A:0000 X:0E68 Y:03A2 S:0122 D:0000 DB:86 nvMxdiZc V:253 H:195 F:25
						849327 EB          XBA                    A:0000 X:0E68 Y:03A2 S:0122 D:0000 DB:86 nvMxdiZc V:253 H:198 F:25
						849328 A9 00       LDA #$00               A:0000 X:0E68 Y:03A2 S:0122 D:0000 DB:86 nvMxdiZc V:253 H:203 F:25
						84932A EB          XBA                    A:0000 X:0E68 Y:03A2 S:0122 D:0000 DB:86 nvMxdiZc V:253 H:206 F:25
						84932B AA          TAX                    A:0000 X:0E68 Y:03A2 S:0122 D:0000 DB:86 nvMxdiZc V:253 H:210 F:25
						84932C FC 5D 93    JSR ($935D,X) [84935D] A:0000 X:0000 Y:03A2 S:0122 D:0000 DB:86 nvMxdiZc V:253 H:213 F:25

							84977A A9 00       LDA #$00               A:0000 X:0000 Y:03A2 S:0120 D:0000 DB:86 nvMxdiZc V:253 H:226 F:25
							84977C 60          RTS                    A:0000 X:0000 Y:03A2 S:0120 D:0000 DB:86 nvMxdiZc V:253 H:229 F:25

						84932F 08          PHP                    A:0000 X:0000 Y:03A2 S:0122 D:0000 DB:86 nvMxdiZc V:253 H:239 F:25
						849330 A6 2C       LDX $2C       [00002C] A:0000 X:0000 Y:03A2 S:0121 D:0000 DB:86 nvMxdiZc V:253 H:244 F:25
						849332 A9 01       LDA #$01               A:0000 X:0E68 Y:03A2 S:0121 D:0000 DB:86 nvMxdizc V:253 H:251 F:25
						849334 34 29       BIT $29,X     [000E91] A:0001 X:0E68 Y:03A2 S:0121 D:0000 DB:86 nvMxdizc V:253 H:254 F:25
						849336 10 02       BPL $0002     [84933A] A:0001 X:0E68 Y:03A2 S:0121 D:0000 DB:86 nvMxdiZc V:253 H:261 F:25
						84933A 28          PLP                    A:0001 X:0E68 Y:03A2 S:0121 D:0000 DB:86 nvMxdiZc V:253 H:265 F:25
						84933B F0 0C       BEQ $000C     [849349] A:0001 X:0E68 Y:03A2 S:0122 D:0000 DB:86 nvMxdiZc V:253 H:272 F:25
						849349 49 FF       EOR #$FF               A:0001 X:0E68 Y:03A2 S:0122 D:0000 DB:86 nvMxdiZc V:253 H:276 F:25
						84934B 35 2B       AND $2B,X     [000E93] A:00FE X:0E68 Y:03A2 S:0122 D:0000 DB:86 NvMxdizc V:253 H:279 F:25
						84934D 95 2B       STA $2B,X     [000E93] A:0000 X:0E68 Y:03A2 S:0122 D:0000 DB:86 nvMxdiZc V:253 H:286 F:25
						84934F 20 08 93    JSR $9308     [849308] A:0000 X:0E68 Y:03A2 S:0122 D:0000 DB:86 nvMxdiZc V:253 H:292 F:25

							849308 A5 14       LDA $14       [000014] A:0000 X:0E68 Y:03A2 S:0120 D:0000 DB:86 nvMxdiZc V:253 H:302 F:25
							84930A F0 08       BEQ $0008     [849314] A:0000 X:0E68 Y:03A2 S:0120 D:0000 DB:86 nvMxdiZc V:253 H:307 F:25
							849314 60          RTS                    A:0000 X:0E68 Y:03A2 S:0120 D:0000 DB:86 nvMxdiZc V:253 H:312 F:25

						849352 A9 00       LDA #$00               A:0000 X:0E68 Y:03A2 S:0122 D:0000 DB:86 nvMxdiZc V:253 H:322 F:25
						849354 60          RTS                    A:0000 X:0E68 Y:03A2 S:0122 D:0000 DB:86 nvMxdiZc V:253 H:324 F:25

					8492F1 D0 12       BNE $0012     [849305] A:0000 X:0E68 Y:03A2 S:0124 D:0000 DB:86 nvMxdiZc V:253 H:334 F:25
					8492F3 B4 20       LDY $20,X     [000E88] A:0000 X:0E68 Y:03A2 S:0124 D:0000 DB:86 nvMxdiZc V:253 H:337 F:25
					8492F5 B9 06 00    LDA $0006,Y   [86CFD7] A:0000 X:0E68 Y:CFD1 S:0124 D:0000 DB:86 NvMxdizc V:254 H:  5 F:25
					8492F8 18          CLC                    A:00FC X:0E68 Y:CFD1 S:0124 D:0000 DB:86 NvMxdizc V:254 H: 13 F:25
					8492F9 79 08 00    ADC $0008,Y   [86CFD9] A:00FC X:0E68 Y:CFD1 S:0124 D:0000 DB:86 NvMxdizc V:254 H: 16 F:25
					8492FC 38          SEC                    A:0003 X:0E68 Y:CFD1 S:0124 D:0000 DB:86 nvMxdizC V:254 H: 23 F:25
					8492FD F9 09 00    SBC $0009,Y   [86CFDA] A:0003 X:0E68 Y:CFD1 S:0124 D:0000 DB:86 nvMxdizC V:254 H: 26 F:25
					849300 95 2A       STA $2A,X     [000E92] A:0000 X:0E68 Y:CFD1 S:0124 D:0000 DB:86 nvMxdiZC V:254 H: 34 F:25
					849302 20 15 93    JSR $9315     [849315] A:0000 X:0E68 Y:CFD1 S:0124 D:0000 DB:86 nvMxdiZC V:254 H: 40 F:25

						849315 20 B3 90    JSR $90B3     [8490B3] A:0000 X:0E68 Y:CFD1 S:0122 D:0000 DB:86 nvMxdiZC V:254 H: 50 F:25

							8490B3 0B          PHD                    A:0000 X:0E68 Y:CFD1 S:0120 D:0000 DB:86 nvMxdiZC V:254 H: 60 F:25
							8490B4 DA          PHX                    A:0000 X:0E68 Y:CFD1 S:011E D:0000 DB:86 nvMxdiZC V:254 H: 67 F:25
							8490B5 08          PHP                    A:0000 X:0E68 Y:CFD1 S:011C D:0000 DB:86 nvMxdiZC V:254 H: 74 F:25
							8490B6 E2 20       SEP #$20               A:0000 X:0E68 Y:CFD1 S:011B D:0000 DB:86 nvMxdiZC V:254 H: 79 F:25
							8490B8 C2 10       REP #$10               A:0000 X:0E68 Y:CFD1 S:011B D:0000 DB:86 nvMxdiZC V:254 H: 84 F:25
							8490BA 64 01       STZ $01       [000001] A:0000 X:0E68 Y:CFD1 S:011B D:0000 DB:86 nvMxdiZC V:254 H: 88 F:25
							8490BC B5 29       LDA $29,X     [000E91] A:0000 X:0E68 Y:CFD1 S:011B D:0000 DB:86 nvMxdiZC V:254 H: 93 F:25
							8490BE 10 02       BPL $0002     [8490C2] A:0030 X:0E68 Y:CFD1 S:011B D:0000 DB:86 nvMxdizC V:254 H:100 F:25
							8490C2 18          CLC                    A:0030 X:0E68 Y:CFD1 S:011B D:0000 DB:86 nvMxdizC V:254 H:104 F:25
							8490C3 75 05       ADC $05,X     [000E6D] A:0030 X:0E68 Y:CFD1 S:011B D:0000 DB:86 nvMxdizc V:254 H:107 F:25
							8490C5 85 00       STA $00       [000000] A:0078 X:0E68 Y:CFD1 S:011B D:0000 DB:86 nvMxdizc V:254 H:114 F:25
							8490C7 B5 06       LDA $06,X     [000E6E] A:0078 X:0E68 Y:CFD1 S:011B D:0000 DB:86 nvMxdizc V:254 H:119 F:25
							8490C9 65 01       ADC $01       [000001] A:001D X:0E68 Y:CFD1 S:011B D:0000 DB:86 nvMxdizc V:254 H:125 F:25
							8490CB 85 01       STA $01       [000001] A:001D X:0E68 Y:CFD1 S:011B D:0000 DB:86 nvMxdizc V:254 H:130 F:25
							8490CD 64 03       STZ $03       [000003] A:001D X:0E68 Y:CFD1 S:011B D:0000 DB:86 nvMxdizc V:254 H:145 F:25
							8490CF B5 2A       LDA $2A,X     [000E92] A:001D X:0E68 Y:CFD1 S:011B D:0000 DB:86 nvMxdizc V:254 H:150 F:25
							8490D1 10 02       BPL $0002     [8490D5] A:0000 X:0E68 Y:CFD1 S:011B D:0000 DB:86 nvMxdiZc V:254 H:157 F:25
							8490D5 18          CLC                    A:0000 X:0E68 Y:CFD1 S:011B D:0000 DB:86 nvMxdiZc V:254 H:161 F:25
							8490D6 75 08       ADC $08,X     [000E70] A:0000 X:0E68 Y:CFD1 S:011B D:0000 DB:86 nvMxdiZc V:254 H:164 F:25
							8490D8 85 02       STA $02       [000002] A:00A2 X:0E68 Y:CFD1 S:011B D:0000 DB:86 NvMxdizc V:254 H:171 F:25
							8490DA 29 F0       AND #$F0               A:00A2 X:0E68 Y:CFD1 S:011B D:0000 DB:86 NvMxdizc V:254 H:176 F:25
							8490DC 85 0A       STA $0A       [00000A] A:00A0 X:0E68 Y:CFD1 S:011B D:0000 DB:86 NvMxdizc V:254 H:179 F:25
							8490DE B5 09       LDA $09,X     [000E71] A:00A0 X:0E68 Y:CFD1 S:011B D:0000 DB:86 NvMxdizc V:254 H:184 F:25
							8490E0 65 03       ADC $03       [000003] A:0003 X:0E68 Y:CFD1 S:011B D:0000 DB:86 nvMxdizc V:254 H:190 F:25
							8490E2 85 03       STA $03       [000003] A:0003 X:0E68 Y:CFD1 S:011B D:0000 DB:86 nvMxdizc V:254 H:195 F:25
							8490E4 85 0B       STA $0B       [00000B] A:0003 X:0E68 Y:CFD1 S:011B D:0000 DB:86 nvMxdizc V:254 H:200 F:25
							8490E6 A5 00       LDA $00       [000000] A:0003 X:0E68 Y:CFD1 S:011B D:0000 DB:86 nvMxdizc V:254 H:205 F:25
							8490E8 29 0F       AND #$0F               A:0078 X:0E68 Y:CFD1 S:011B D:0000 DB:86 nvMxdizc V:254 H:210 F:25
							8490EA 1A          INC                    A:0008 X:0E68 Y:CFD1 S:011B D:0000 DB:86 nvMxdizc V:254 H:213 F:25
							8490EB 85 0C       STA $0C       [00000C] A:0009 X:0E68 Y:CFD1 S:011B D:0000 DB:86 nvMxdizc V:254 H:216 F:25
							8490ED A5 02       LDA $02       [000002] A:0009 X:0E68 Y:CFD1 S:011B D:0000 DB:86 nvMxdizc V:254 H:221 F:25
							8490EF 29 0F       AND #$0F               A:00A2 X:0E68 Y:CFD1 S:011B D:0000 DB:86 NvMxdizc V:254 H:226 F:25
							8490F1 1A          INC                    A:0002 X:0E68 Y:CFD1 S:011B D:0000 DB:86 nvMxdizc V:254 H:229 F:25
							8490F2 85 0E       STA $0E       [00000E] A:0003 X:0E68 Y:CFD1 S:011B D:0000 DB:86 nvMxdizc V:254 H:232 F:25
							8490F4 C2 20       REP #$20               A:0003 X:0E68 Y:CFD1 S:011B D:0000 DB:86 nvMxdizc V:254 H:237 F:25
							8490F6 20 6A 91    JSR $916A     [84916A] A:0003 X:0E68 Y:CFD1 S:011B D:0000 DB:86 nvmxdizc V:254 H:242 F:25

								84916A A9 00 E8    LDA #$E800             A:0003 X:0E68 Y:CFD1 S:0119 D:0000 DB:86 nvmxdizc V:254 H:252 F:25
								84916D 85 10       STA $10       [000010] A:E800 X:0E68 Y:CFD1 S:0119 D:0000 DB:86 Nvmxdizc V:254 H:256 F:25
								84916F A9 7E 00    LDA #$007E             A:E800 X:0E68 Y:CFD1 S:0119 D:0000 DB:86 Nvmxdizc V:254 H:263 F:25
								849172 85 12       STA $12       [000012] A:007E X:0E68 Y:CFD1 S:0119 D:0000 DB:86 nvmxdizc V:254 H:268 F:25
								849174 A5 02       LDA $02       [000002] A:007E X:0E68 Y:CFD1 S:0119 D:0000 DB:86 nvmxdizc V:254 H:275 F:25
								849176 29 F0 00    AND #$00F0             A:03A2 X:0E68 Y:CFD1 S:0119 D:0000 DB:86 nvmxdizc V:254 H:282 F:25
								849179 0A          ASL A                  A:00A0 X:0E68 Y:CFD1 S:0119 D:0000 DB:86 nvmxdizc V:254 H:286 F:25
								84917A 85 04       STA $04       [000004] A:0140 X:0E68 Y:CFD1 S:0119 D:0000 DB:86 nvmxdizc V:254 H:289 F:25
								84917C A5 00       LDA $00       [000000] A:0140 X:0E68 Y:CFD1 S:0119 D:0000 DB:86 nvmxdizc V:254 H:296 F:25
								84917E 29 FF 00    AND #$00FF             A:1D78 X:0E68 Y:CFD1 S:0119 D:0000 DB:86 nvmxdizc V:254 H:303 F:25
								849181 4A          LSR A                  A:0078 X:0E68 Y:CFD1 S:0119 D:0000 DB:86 nvmxdizc V:254 H:308 F:25
								849182 4A          LSR A                  A:003C X:0E68 Y:CFD1 S:0119 D:0000 DB:86 nvmxdizc V:254 H:311 F:25
								849183 4A          LSR A                  A:001E X:0E68 Y:CFD1 S:0119 D:0000 DB:86 nvmxdizc V:254 H:314 F:25
								849184 29 FE FF    AND #$FFFE             A:000F X:0E68 Y:CFD1 S:0119 D:0000 DB:86 nvmxdizc V:254 H:317 F:25
								849187 18          CLC                    A:000E X:0E68 Y:CFD1 S:0119 D:0000 DB:86 nvmxdizc V:254 H:321 F:25
								849188 65 04       ADC $04       [000004] A:000E X:0E68 Y:CFD1 S:0119 D:0000 DB:86 nvmxdizc V:254 H:324 F:25
								84918A 85 06       STA $06       [000006] A:014E X:0E68 Y:CFD1 S:0119 D:0000 DB:86 nvmxdizc V:254 H:330 F:25
								84918C A5 00       LDA $00       [000000] A:014E X:0E68 Y:CFD1 S:0119 D:0000 DB:86 nvmxdizc V:254 H:337 F:25
								84918E EB          XBA                    A:1D78 X:0E68 Y:CFD1 S:0119 D:0000 DB:86 nvmxdizc V:255 H:  4 F:25
								84918F 29 1F 00    AND #$001F             A:781D X:0E68 Y:CFD1 S:0119 D:0000 DB:86 nvmxdizc V:255 H:  9 F:25
								849192 85 04       STA $04       [000004] A:001D X:0E68 Y:CFD1 S:0119 D:0000 DB:86 nvmxdizc V:255 H: 13 F:25
								849194 A5 02       LDA $02       [000002] A:001D X:0E68 Y:CFD1 S:0119 D:0000 DB:86 nvmxdizc V:255 H: 20 F:25
								849196 29 00 1F    AND #$1F00             A:03A2 X:0E68 Y:CFD1 S:0119 D:0000 DB:86 nvmxdizc V:255 H: 27 F:25
								849199 4A          LSR A                  A:0300 X:0E68 Y:CFD1 S:0119 D:0000 DB:86 nvmxdizc V:255 H: 32 F:25
								84919A 4A          LSR A                  A:0180 X:0E68 Y:CFD1 S:0119 D:0000 DB:86 nvmxdizc V:255 H: 35 F:25
								84919B 4A          LSR A                  A:00C0 X:0E68 Y:CFD1 S:0119 D:0000 DB:86 nvmxdizc V:255 H: 38 F:25
								84919C 18          CLC                    A:0060 X:0E68 Y:CFD1 S:0119 D:0000 DB:86 nvmxdizc V:255 H: 41 F:25
								84919D 65 04       ADC $04       [000004] A:0060 X:0E68 Y:CFD1 S:0119 D:0000 DB:86 nvmxdizc V:255 H: 44 F:25
								84919F A8          TAY                    A:007D X:0E68 Y:CFD1 S:0119 D:0000 DB:86 nvmxdizc V:255 H: 51 F:25
								8491A0 B7 10       LDA [$10],Y   [7EE87D] A:007D X:0E68 Y:007D S:0119 D:0000 DB:86 nvmxdizc V:255 H: 54 F:25
								8491A2 29 FF 00    AND #$00FF             A:0024 X:0E68 Y:007D S:0119 D:0000 DB:86 nvmxdizc V:255 H: 67 F:25
								8491A5 A8          TAY                    A:0024 X:0E68 Y:007D S:0119 D:0000 DB:86 nvmxdizc V:255 H: 71 F:25
								8491A6 EB          XBA                    A:0024 X:0E68 Y:0024 S:0119 D:0000 DB:86 nvmxdizc V:255 H: 74 F:25
								8491A7 0A          ASL A                  A:2400 X:0E68 Y:0024 S:0119 D:0000 DB:86 nvmxdiZc V:255 H: 79 F:25
								8491A8 18          CLC                    A:4800 X:0E68 Y:0024 S:0119 D:0000 DB:86 nvmxdizc V:255 H: 82 F:25
								8491A9 65 06       ADC $06       [000006] A:4800 X:0E68 Y:0024 S:0119 D:0000 DB:86 nvmxdizc V:255 H: 85 F:25
								8491AB AA          TAX                    A:494E X:0E68 Y:0024 S:0119 D:0000 DB:86 nvmxdizc V:255 H: 92 F:25
								8491AC 60          RTS                    A:494E X:494E Y:0024 S:0119 D:0000 DB:86 nvmxdizc V:255 H: 95 F:25

							8490F9 BF 00 20 7E LDA $7E2000,X [7E694E] A:494E X:494E Y:0024 S:011B D:0000 DB:86 nvmxdizc V:255 H:105 F:25
							8490FD A8          TAY                    A:01BD X:494E Y:0024 S:011B D:0000 DB:86 nvmxdizc V:255 H:115 F:25
							8490FE AD 92 0B    LDA $0B92     [860B92] A:01BD X:494E Y:01BD S:011B D:0000 DB:86 nvmxdizc V:255 H:118 F:25
							849101 85 10       STA $10       [000010] A:EB15 X:494E Y:01BD S:011B D:0000 DB:86 Nvmxdizc V:255 H:126 F:25
							849103 AD 94 0B    LDA $0B94     [860B94] A:EB15 X:494E Y:01BD S:011B D:0000 DB:86 Nvmxdizc V:255 H:133 F:25
							849106 85 12       STA $12       [000012] A:F895 X:494E Y:01BD S:011B D:0000 DB:86 Nvmxdizc V:255 H:152 F:25
							849108 B7 10       LDA [$10],Y   [95ECD2] A:F895 X:494E Y:01BD S:011B D:0000 DB:86 Nvmxdizc V:255 H:159 F:25
							84910A 29 FF 00    AND #$00FF             A:0000 X:494E Y:01BD S:011B D:0000 DB:86 nvmxdiZc V:255 H:171 F:25
							84910D 28          PLP                    A:0000 X:494E Y:01BD S:011B D:0000 DB:86 nvmxdiZc V:255 H:175 F:25
							84910E FA          PLX                    A:0000 X:494E Y:01BD S:011C D:0000 DB:86 nvMxdiZC V:255 H:182 F:25
							84910F 2B          PLD                    A:0000 X:0E68 Y:01BD S:011E D:0000 DB:86 nvMxdizC V:255 H:190 F:25
							849110 60          RTS                    A:0000 X:0E68 Y:01BD S:0120 D:0000 DB:86 nvMxdiZC V:255 H:199 F:25

						849318 B4 05       LDY $05,X     [000E6D] A:0000 X:0E68 Y:01BD S:0122 D:0000 DB:86 nvMxdiZC V:255 H:209 F:25
						84931A 84 10       STY $10       [000010] A:0000 X:0E68 Y:1D48 S:0122 D:0000 DB:86 nvMxdizC V:255 H:217 F:25
						84931C B4 08       LDY $08,X     [000E70] A:0000 X:0E68 Y:1D48 S:0122 D:0000 DB:86 nvMxdizC V:255 H:224 F:25
						84931E 84 12       STY $12       [000012] A:0000 X:0E68 Y:03A2 S:0122 D:0000 DB:86 nvMxdizC V:255 H:233 F:25
						849320 95 2D       STA $2D,X     [000E95] A:0000 X:0E68 Y:03A2 S:0122 D:0000 DB:86 nvMxdizC V:255 H:240 F:25
						849322 86 2C       STX $2C       [00002C] A:0000 X:0E68 Y:03A2 S:0122 D:0000 DB:86 nvMxdizC V:255 H:246 F:25
						849324 29 3F       AND #$3F               A:0000 X:0E68 Y:03A2 S:0122 D:0000 DB:86 nvMxdizC V:255 H:253 F:25
						849326 0A          ASL A                  A:0000 X:0E68 Y:03A2 S:0122 D:0000 DB:86 nvMxdiZC V:255 H:256 F:25
						849327 EB          XBA                    A:0000 X:0E68 Y:03A2 S:0122 D:0000 DB:86 nvMxdiZc V:255 H:259 F:25
						849328 A9 00       LDA #$00               A:0000 X:0E68 Y:03A2 S:0122 D:0000 DB:86 nvMxdiZc V:255 H:264 F:25
						84932A EB          XBA                    A:0000 X:0E68 Y:03A2 S:0122 D:0000 DB:86 nvMxdiZc V:255 H:267 F:25
						84932B AA          TAX                    A:0000 X:0E68 Y:03A2 S:0122 D:0000 DB:86 nvMxdiZc V:255 H:271 F:25
						84932C FC 5D 93    JSR ($935D,X) [84935D] A:0000 X:0000 Y:03A2 S:0122 D:0000 DB:86 nvMxdiZc V:255 H:274 F:25

							84977A A9 00       LDA #$00               A:0000 X:0000 Y:03A2 S:0120 D:0000 DB:86 nvMxdiZc V:255 H:287 F:25
							84977C 60          RTS                    A:0000 X:0000 Y:03A2 S:0120 D:0000 DB:86 nvMxdiZc V:255 H:290 F:25

						84932F 08          PHP                    A:0000 X:0000 Y:03A2 S:0122 D:0000 DB:86 nvMxdiZc V:255 H:300 F:25
						849330 A6 2C       LDX $2C       [00002C] A:0000 X:0000 Y:03A2 S:0121 D:0000 DB:86 nvMxdiZc V:255 H:305 F:25
						849332 A9 01       LDA #$01               A:0000 X:0E68 Y:03A2 S:0121 D:0000 DB:86 nvMxdizc V:255 H:312 F:25
						849334 34 29       BIT $29,X     [000E91] A:0001 X:0E68 Y:03A2 S:0121 D:0000 DB:86 nvMxdizc V:255 H:315 F:25
						849336 10 02       BPL $0002     [84933A] A:0001 X:0E68 Y:03A2 S:0121 D:0000 DB:86 nvMxdiZc V:255 H:322 F:25
						84933A 28          PLP                    A:0001 X:0E68 Y:03A2 S:0121 D:0000 DB:86 nvMxdiZc V:255 H:326 F:25
						84933B F0 0C       BEQ $000C     [849349] A:0001 X:0E68 Y:03A2 S:0122 D:0000 DB:86 nvMxdiZc V:255 H:332 F:25
						849349 49 FF       EOR #$FF               A:0001 X:0E68 Y:03A2 S:0122 D:0000 DB:86 nvMxdiZc V:255 H:336 F:25
						84934B 35 2B       AND $2B,X     [000E93] A:00FE X:0E68 Y:03A2 S:0122 D:0000 DB:86 NvMxdizc V:255 H:339 F:25
						84934D 95 2B       STA $2B,X     [000E93] A:0000 X:0E68 Y:03A2 S:0122 D:0000 DB:86 nvMxdiZc V:256 H:  6 F:25
						84934F 20 08 93    JSR $9308     [849308] A:0000 X:0E68 Y:03A2 S:0122 D:0000 DB:86 nvMxdiZc V:256 H: 12 F:25

							849308 A5 14       LDA $14       [000014] A:0000 X:0E68 Y:03A2 S:0120 D:0000 DB:86 nvMxdiZc V:256 H: 22 F:25
							84930A F0 08       BEQ $0008     [849314] A:0000 X:0E68 Y:03A2 S:0120 D:0000 DB:86 nvMxdiZc V:256 H: 27 F:25
							849314 60          RTS                    A:0000 X:0E68 Y:03A2 S:0120 D:0000 DB:86 nvMxdiZc V:256 H: 32 F:25

						849352 A9 00       LDA #$00               A:0000 X:0E68 Y:03A2 S:0122 D:0000 DB:86 nvMxdiZc V:256 H: 42 F:25
						849354 60          RTS                    A:0000 X:0E68 Y:03A2 S:0122 D:0000 DB:86 nvMxdiZc V:256 H: 45 F:25

					849305 C2 30       REP #$30               A:0000 X:0E68 Y:03A2 S:0124 D:0000 DB:86 nvMxdiZc V:256 H: 55 F:25
					849307 60          RTS                    A:0000 X:0E68 Y:03A2 S:0124 D:0000 DB:86 nvmxdiZc V:256 H: 59 F:25

				8491D8 20 ED 91    JSR $91ED     [8491ED] A:0000 X:0E68 Y:03A2 S:0126 D:0000 DB:86 nvmxdiZc V:256 H: 69 F:25

					8491ED B5 08       LDA $08,X     [000E70] A:0000 X:0E68 Y:03A2 S:0124 D:0000 DB:86 nvmxdiZc V:256 H: 79 F:25
					8491EF D5 24       CMP $24,X     [000E8C] A:03A2 X:0E68 Y:03A2 S:0124 D:0000 DB:86 nvmxdizc V:256 H: 88 F:25
					8491F1 F0 F2       BEQ $00F2     [8491E5] A:03A2 X:0E68 Y:03A2 S:0124 D:0000 DB:86 nvmxdiZC V:256 H: 96 F:25
					8491E5 B5 1C       LDA $1C,X     [000E84] A:03A2 X:0E68 Y:03A2 S:0124 D:0000 DB:86 nvmxdiZC V:256 H:101 F:25
					8491E7 F0 F5       BEQ $00F5     [8491DE] A:F940 X:0E68 Y:03A2 S:0124 D:0000 DB:86 NvmxdizC V:256 H:109 F:25
					8491E9 10 0A       BPL $000A     [8491F5] A:F940 X:0E68 Y:03A2 S:0124 D:0000 DB:86 NvmxdizC V:256 H:112 F:25
					8491EB 80 55       BRA $0055     [849242] A:F940 X:0E68 Y:03A2 S:0124 D:0000 DB:86 NvmxdizC V:256 H:115 F:25
					849242 E2 20       SEP #$20               A:F940 X:0E68 Y:03A2 S:0124 D:0000 DB:86 NvmxdizC V:256 H:120 F:25
					849244 A0 04 00    LDY #$0004             A:F940 X:0E68 Y:03A2 S:0124 D:0000 DB:86 NvMxdizC V:256 H:124 F:25
					849247 AD 1C 1F    LDA $1F1C     [861F1C] A:F940 X:0E68 Y:0004 S:0124 D:0000 DB:86 nvMxdizC V:256 H:129 F:25
					84924A F0 03       BEQ $0003     [84924F] A:F900 X:0E68 Y:0004 S:0124 D:0000 DB:86 nvMxdiZC V:256 H:145 F:25
					84924F B5 2F       LDA $2F,X     [000E97] A:F900 X:0E68 Y:0004 S:0124 D:0000 DB:86 nvMxdiZC V:256 H:150 F:25
					849251 F0 03       BEQ $0003     [849256] A:F900 X:0E68 Y:0004 S:0124 D:0000 DB:86 nvMxdiZC V:256 H:156 F:25
					849256 98          TYA                    A:F900 X:0E68 Y:0004 S:0124 D:0000 DB:86 nvMxdiZC V:256 H:161 F:25
					849257 09 80       ORA #$80               A:F904 X:0E68 Y:0004 S:0124 D:0000 DB:86 nvMxdizC V:256 H:164 F:25
					849259 85 08       STA $08       [000008] A:F984 X:0E68 Y:0004 S:0124 D:0000 DB:86 NvMxdizC V:256 H:167 F:25
					84925B B4 20       LDY $20,X     [000E88] A:F984 X:0E68 Y:0004 S:0124 D:0000 DB:86 NvMxdizC V:256 H:172 F:25
					84925D B9 06 00    LDA $0006,Y   [86CFD7] A:F984 X:0E68 Y:CFD1 S:0124 D:0000 DB:86 NvMxdizC V:256 H:180 F:25
					849260 18          CLC                    A:F9FC X:0E68 Y:CFD1 S:0124 D:0000 DB:86 NvMxdizC V:256 H:188 F:25
					849261 79 08 00    ADC $0008,Y   [86CFD9] A:F9FC X:0E68 Y:CFD1 S:0124 D:0000 DB:86 NvMxdizc V:256 H:191 F:25
					849264 95 2A       STA $2A,X     [000E92] A:F903 X:0E68 Y:CFD1 S:0124 D:0000 DB:86 nvMxdizC V:256 H:198 F:25
					849266 B9 05 00    LDA $0005,Y   [86CFD6] A:F903 X:0E68 Y:CFD1 S:0124 D:0000 DB:86 nvMxdizC V:256 H:205 F:25
					849269 34 11       BIT $11,X     [000E79] A:F9E8 X:0E68 Y:CFD1 S:0124 D:0000 DB:86 NvMxdizC V:256 H:212 F:25
					84926B 50 03       BVC $0003     [849270] A:F9E8 X:0E68 Y:CFD1 S:0124 D:0000 DB:86 nVMxdizC V:256 H:219 F:25
					84926D 49 FF       EOR #$FF               A:F9E8 X:0E68 Y:CFD1 S:0124 D:0000 DB:86 nVMxdizC V:256 H:222 F:25
					84926F 1A          INC                    A:F917 X:0E68 Y:CFD1 S:0124 D:0000 DB:86 nVMxdizC V:256 H:225 F:25
					849270 95 29       STA $29,X     [000E91] A:F918 X:0E68 Y:CFD1 S:0124 D:0000 DB:86 nVMxdizC V:256 H:228 F:25
					849272 20 C4 95    JSR $95C4     [8495C4] A:F918 X:0E68 Y:CFD1 S:0124 D:0000 DB:86 nVMxdizC V:256 H:234 F:25

						8495C4 B5 2A       LDA $2A,X     [000E92] A:F918 X:0E68 Y:CFD1 S:0122 D:0000 DB:86 nVMxdizC V:256 H:244 F:25
						8495C6 48          PHA                    A:F903 X:0E68 Y:CFD1 S:0122 D:0000 DB:86 nVMxdizC V:256 H:251 F:25
						8495C7 A5 08       LDA $08       [000008] A:F903 X:0E68 Y:CFD1 S:0121 D:0000 DB:86 nVMxdizC V:256 H:256 F:25
						8495C9 29 7F       AND #$7F               A:F984 X:0E68 Y:CFD1 S:0121 D:0000 DB:86 NVMxdizC V:256 H:261 F:25
						8495CB 18          CLC                    A:F904 X:0E68 Y:CFD1 S:0121 D:0000 DB:86 nVMxdizC V:256 H:264 F:25
						8495CC 75 2A       ADC $2A,X     [000E92] A:F904 X:0E68 Y:CFD1 S:0121 D:0000 DB:86 nVMxdizc V:256 H:267 F:25
						8495CE 95 2A       STA $2A,X     [000E92] A:F907 X:0E68 Y:CFD1 S:0121 D:0000 DB:86 nvMxdizc V:256 H:273 F:25
						8495D0 20 B3 90    JSR $90B3     [8490B3] A:F907 X:0E68 Y:CFD1 S:0121 D:0000 DB:86 nvMxdizc V:256 H:280 F:25

							8490B3 0B          PHD                    A:F907 X:0E68 Y:CFD1 S:011F D:0000 DB:86 nvMxdizc V:256 H:290 F:25
							8490B4 DA          PHX                    A:F907 X:0E68 Y:CFD1 S:011D D:0000 DB:86 nvMxdizc V:256 H:297 F:25
							8490B5 08          PHP                    A:F907 X:0E68 Y:CFD1 S:011B D:0000 DB:86 nvMxdizc V:256 H:304 F:25
							8490B6 E2 20       SEP #$20               A:F907 X:0E68 Y:CFD1 S:011A D:0000 DB:86 nvMxdizc V:256 H:309 F:25
							8490B8 C2 10       REP #$10               A:F907 X:0E68 Y:CFD1 S:011A D:0000 DB:86 nvMxdizc V:256 H:313 F:25
							8490BA 64 01       STZ $01       [000001] A:F907 X:0E68 Y:CFD1 S:011A D:0000 DB:86 nvMxdizc V:256 H:318 F:25
							8490BC B5 29       LDA $29,X     [000E91] A:F907 X:0E68 Y:CFD1 S:011A D:0000 DB:86 nvMxdizc V:256 H:323 F:25
							8490BE 10 02       BPL $0002     [8490C2] A:F918 X:0E68 Y:CFD1 S:011A D:0000 DB:86 nvMxdizc V:256 H:328 F:25
							8490C2 18          CLC                    A:F918 X:0E68 Y:CFD1 S:011A D:0000 DB:86 nvMxdizc V:256 H:333 F:25
							8490C3 75 05       ADC $05,X     [000E6D] A:F918 X:0E68 Y:CFD1 S:011A D:0000 DB:86 nvMxdizc V:256 H:336 F:25
							8490C5 85 00       STA $00       [000000] A:F960 X:0E68 Y:CFD1 S:011A D:0000 DB:86 nvMxdizc V:257 H:  2 F:25
							8490C7 B5 06       LDA $06,X     [000E6E] A:F960 X:0E68 Y:CFD1 S:011A D:0000 DB:86 nvMxdizc V:257 H:  7 F:25
							8490C9 65 01       ADC $01       [000001] A:F91D X:0E68 Y:CFD1 S:011A D:0000 DB:86 nvMxdizc V:257 H: 14 F:25
							8490CB 85 01       STA $01       [000001] A:F91D X:0E68 Y:CFD1 S:011A D:0000 DB:86 nvMxdizc V:257 H: 19 F:25
							8490CD 64 03       STZ $03       [000003] A:F91D X:0E68 Y:CFD1 S:011A D:0000 DB:86 nvMxdizc V:257 H: 24 F:25
							8490CF B5 2A       LDA $2A,X     [000E92] A:F91D X:0E68 Y:CFD1 S:011A D:0000 DB:86 nvMxdizc V:257 H: 29 F:25
							8490D1 10 02       BPL $0002     [8490D5] A:F907 X:0E68 Y:CFD1 S:011A D:0000 DB:86 nvMxdizc V:257 H: 35 F:25
							8490D5 18          CLC                    A:F907 X:0E68 Y:CFD1 S:011A D:0000 DB:86 nvMxdizc V:257 H: 40 F:25
							8490D6 75 08       ADC $08,X     [000E70] A:F907 X:0E68 Y:CFD1 S:011A D:0000 DB:86 nvMxdizc V:257 H: 43 F:25
							8490D8 85 02       STA $02       [000002] A:F9A9 X:0E68 Y:CFD1 S:011A D:0000 DB:86 NvMxdizc V:257 H: 49 F:25
							8490DA 29 F0       AND #$F0               A:F9A9 X:0E68 Y:CFD1 S:011A D:0000 DB:86 NvMxdizc V:257 H: 54 F:25
							8490DC 85 0A       STA $0A       [00000A] A:F9A0 X:0E68 Y:CFD1 S:011A D:0000 DB:86 NvMxdizc V:257 H: 57 F:25
							8490DE B5 09       LDA $09,X     [000E71] A:F9A0 X:0E68 Y:CFD1 S:011A D:0000 DB:86 NvMxdizc V:257 H: 62 F:25
							8490E0 65 03       ADC $03       [000003] A:F903 X:0E68 Y:CFD1 S:011A D:0000 DB:86 nvMxdizc V:257 H: 69 F:25
							8490E2 85 03       STA $03       [000003] A:F903 X:0E68 Y:CFD1 S:011A D:0000 DB:86 nvMxdizc V:257 H: 74 F:25
							8490E4 85 0B       STA $0B       [00000B] A:F903 X:0E68 Y:CFD1 S:011A D:0000 DB:86 nvMxdizc V:257 H: 79 F:25
							8490E6 A5 00       LDA $00       [000000] A:F903 X:0E68 Y:CFD1 S:011A D:0000 DB:86 nvMxdizc V:257 H: 84 F:25
							8490E8 29 0F       AND #$0F               A:F960 X:0E68 Y:CFD1 S:011A D:0000 DB:86 nvMxdizc V:257 H: 89 F:25
							8490EA 1A          INC                    A:F900 X:0E68 Y:CFD1 S:011A D:0000 DB:86 nvMxdiZc V:257 H: 92 F:25
							8490EB 85 0C       STA $0C       [00000C] A:F901 X:0E68 Y:CFD1 S:011A D:0000 DB:86 nvMxdizc V:257 H: 95 F:25
							8490ED A5 02       LDA $02       [000002] A:F901 X:0E68 Y:CFD1 S:011A D:0000 DB:86 nvMxdizc V:257 H:100 F:25
							8490EF 29 0F       AND #$0F               A:F9A9 X:0E68 Y:CFD1 S:011A D:0000 DB:86 NvMxdizc V:257 H:105 F:25
							8490F1 1A          INC                    A:F909 X:0E68 Y:CFD1 S:011A D:0000 DB:86 nvMxdizc V:257 H:108 F:25
							8490F2 85 0E       STA $0E       [00000E] A:F90A X:0E68 Y:CFD1 S:011A D:0000 DB:86 nvMxdizc V:257 H:111 F:25
							8490F4 C2 20       REP #$20               A:F90A X:0E68 Y:CFD1 S:011A D:0000 DB:86 nvMxdizc V:257 H:116 F:25
							8490F6 20 6A 91    JSR $916A     [84916A] A:F90A X:0E68 Y:CFD1 S:011A D:0000 DB:86 nvmxdizc V:257 H:120 F:25

								84916A A9 00 E8    LDA #$E800             A:F90A X:0E68 Y:CFD1 S:0118 D:0000 DB:86 nvmxdizc V:257 H:130 F:25
								84916D 85 10       STA $10       [000010] A:E800 X:0E68 Y:CFD1 S:0118 D:0000 DB:86 Nvmxdizc V:257 H:145 F:25
								84916F A9 7E 00    LDA #$007E             A:E800 X:0E68 Y:CFD1 S:0118 D:0000 DB:86 Nvmxdizc V:257 H:152 F:25
								849172 85 12       STA $12       [000012] A:007E X:0E68 Y:CFD1 S:0118 D:0000 DB:86 nvmxdizc V:257 H:156 F:25
								849174 A5 02       LDA $02       [000002] A:007E X:0E68 Y:CFD1 S:0118 D:0000 DB:86 nvmxdizc V:257 H:163 F:25
								849176 29 F0 00    AND #$00F0             A:03A9 X:0E68 Y:CFD1 S:0118 D:0000 DB:86 nvmxdizc V:257 H:170 F:25
								849179 0A          ASL A                  A:00A0 X:0E68 Y:CFD1 S:0118 D:0000 DB:86 nvmxdizc V:257 H:175 F:25
								84917A 85 04       STA $04       [000004] A:0140 X:0E68 Y:CFD1 S:0118 D:0000 DB:86 nvmxdizc V:257 H:178 F:25
								84917C A5 00       LDA $00       [000000] A:0140 X:0E68 Y:CFD1 S:0118 D:0000 DB:86 nvmxdizc V:257 H:185 F:25
								84917E 29 FF 00    AND #$00FF             A:1D60 X:0E68 Y:CFD1 S:0118 D:0000 DB:86 nvmxdizc V:257 H:192 F:25
								849181 4A          LSR A                  A:0060 X:0E68 Y:CFD1 S:0118 D:0000 DB:86 nvmxdizc V:257 H:196 F:25
								849182 4A          LSR A                  A:0030 X:0E68 Y:CFD1 S:0118 D:0000 DB:86 nvmxdizc V:257 H:199 F:25
								849183 4A          LSR A                  A:0018 X:0E68 Y:CFD1 S:0118 D:0000 DB:86 nvmxdizc V:257 H:202 F:25
								849184 29 FE FF    AND #$FFFE             A:000C X:0E68 Y:CFD1 S:0118 D:0000 DB:86 nvmxdizc V:257 H:205 F:25
								849187 18          CLC                    A:000C X:0E68 Y:CFD1 S:0118 D:0000 DB:86 nvmxdizc V:257 H:210 F:25
								849188 65 04       ADC $04       [000004] A:000C X:0E68 Y:CFD1 S:0118 D:0000 DB:86 nvmxdizc V:257 H:213 F:25
								84918A 85 06       STA $06       [000006] A:014C X:0E68 Y:CFD1 S:0118 D:0000 DB:86 nvmxdizc V:257 H:220 F:25
								84918C A5 00       LDA $00       [000000] A:014C X:0E68 Y:CFD1 S:0118 D:0000 DB:86 nvmxdizc V:257 H:227 F:25
								84918E EB          XBA                    A:1D60 X:0E68 Y:CFD1 S:0118 D:0000 DB:86 nvmxdizc V:257 H:234 F:25
								84918F 29 1F 00    AND #$001F             A:601D X:0E68 Y:CFD1 S:0118 D:0000 DB:86 nvmxdizc V:257 H:238 F:25
								849192 85 04       STA $04       [000004] A:001D X:0E68 Y:CFD1 S:0118 D:0000 DB:86 nvmxdizc V:257 H:243 F:25
								849194 A5 02       LDA $02       [000002] A:001D X:0E68 Y:CFD1 S:0118 D:0000 DB:86 nvmxdizc V:257 H:250 F:25
								849196 29 00 1F    AND #$1F00             A:03A9 X:0E68 Y:CFD1 S:0118 D:0000 DB:86 nvmxdizc V:257 H:257 F:25
								849199 4A          LSR A                  A:0300 X:0E68 Y:CFD1 S:0118 D:0000 DB:86 nvmxdizc V:257 H:261 F:25
								84919A 4A          LSR A                  A:0180 X:0E68 Y:CFD1 S:0118 D:0000 DB:86 nvmxdizc V:257 H:264 F:25
								84919B 4A          LSR A                  A:00C0 X:0E68 Y:CFD1 S:0118 D:0000 DB:86 nvmxdizc V:257 H:267 F:25
								84919C 18          CLC                    A:0060 X:0E68 Y:CFD1 S:0118 D:0000 DB:86 nvmxdizc V:257 H:270 F:25
								84919D 65 04       ADC $04       [000004] A:0060 X:0E68 Y:CFD1 S:0118 D:0000 DB:86 nvmxdizc V:257 H:273 F:25
								84919F A8          TAY                    A:007D X:0E68 Y:CFD1 S:0118 D:0000 DB:86 nvmxdizc V:257 H:280 F:25
								8491A0 B7 10       LDA [$10],Y   [7EE87D] A:007D X:0E68 Y:007D S:0118 D:0000 DB:86 nvmxdizc V:257 H:283 F:25
								8491A2 29 FF 00    AND #$00FF             A:0024 X:0E68 Y:007D S:0118 D:0000 DB:86 nvmxdizc V:257 H:296 F:25
								8491A5 A8          TAY                    A:0024 X:0E68 Y:007D S:0118 D:0000 DB:86 nvmxdizc V:257 H:301 F:25
								8491A6 EB          XBA                    A:0024 X:0E68 Y:0024 S:0118 D:0000 DB:86 nvmxdizc V:257 H:304 F:25
								8491A7 0A          ASL A                  A:2400 X:0E68 Y:0024 S:0118 D:0000 DB:86 nvmxdiZc V:257 H:308 F:25
								8491A8 18          CLC                    A:4800 X:0E68 Y:0024 S:0118 D:0000 DB:86 nvmxdizc V:257 H:311 F:25
								8491A9 65 06       ADC $06       [000006] A:4800 X:0E68 Y:0024 S:0118 D:0000 DB:86 nvmxdizc V:257 H:314 F:25
								8491AB AA          TAX                    A:494C X:0E68 Y:0024 S:0118 D:0000 DB:86 nvmxdizc V:257 H:321 F:25
								8491AC 60          RTS                    A:494C X:494C Y:0024 S:0118 D:0000 DB:86 nvmxdizc V:257 H:324 F:25

							8490F9 BF 00 20 7E LDA $7E2000,X [7E694C] A:494C X:494C Y:0024 S:011A D:0000 DB:86 nvmxdizc V:257 H:333 F:25
							8490FD A8          TAY                    A:01BC X:494C Y:0024 S:011A D:0000 DB:86 nvmxdizc V:258 H:  3 F:25
							8490FE AD 92 0B    LDA $0B92     [860B92] A:01BC X:494C Y:01BC S:011A D:0000 DB:86 nvmxdizc V:258 H:  6 F:25
							849101 85 10       STA $10       [000010] A:EB15 X:494C Y:01BC S:011A D:0000 DB:86 Nvmxdizc V:258 H: 15 F:25
							849103 AD 94 0B    LDA $0B94     [860B94] A:EB15 X:494C Y:01BC S:011A D:0000 DB:86 Nvmxdizc V:258 H: 22 F:25
							849106 85 12       STA $12       [000012] A:F895 X:494C Y:01BC S:011A D:0000 DB:86 Nvmxdizc V:258 H: 30 F:25
							849108 B7 10       LDA [$10],Y   [95ECD1] A:F895 X:494C Y:01BC S:011A D:0000 DB:86 Nvmxdizc V:258 H: 37 F:25
							84910A 29 FF 00    AND #$00FF             A:0000 X:494C Y:01BC S:011A D:0000 DB:86 nvmxdiZc V:258 H: 49 F:25
							84910D 28          PLP                    A:0000 X:494C Y:01BC S:011A D:0000 DB:86 nvmxdiZc V:258 H: 54 F:25
							84910E FA          PLX                    A:0000 X:494C Y:01BC S:011B D:0000 DB:86 nvMxdizc V:258 H: 60 F:25
							84910F 2B          PLD                    A:0000 X:0E68 Y:01BC S:011D D:0000 DB:86 nvMxdizc V:258 H: 69 F:25
							849110 60          RTS                    A:0000 X:0E68 Y:01BC S:011F D:0000 DB:86 nvMxdiZc V:258 H: 77 F:25

						8495D3 95 2E       STA $2E,X     [000E96] A:0000 X:0E68 Y:01BC S:0121 D:0000 DB:86 nvMxdiZc V:258 H: 87 F:25
						8495D5 85 18       STA $18       [000018] A:0000 X:0E68 Y:01BC S:0121 D:0000 DB:86 nvMxdiZc V:258 H: 94 F:25
						8495D7 29 3F       AND #$3F               A:0000 X:0E68 Y:01BC S:0121 D:0000 DB:86 nvMxdiZc V:258 H: 99 F:25
						8495D9 0A          ASL A                  A:0000 X:0E68 Y:01BC S:0121 D:0000 DB:86 nvMxdiZc V:258 H:102 F:25
						8495DA EB          XBA                    A:0000 X:0E68 Y:01BC S:0121 D:0000 DB:86 nvMxdiZc V:258 H:105 F:25
						8495DB A9 00       LDA #$00               A:0000 X:0E68 Y:01BC S:0121 D:0000 DB:86 nvMxdiZc V:258 H:109 F:25
						8495DD EB          XBA                    A:0000 X:0E68 Y:01BC S:0121 D:0000 DB:86 nvMxdiZc V:258 H:112 F:25
						8495DE A8          TAY                    A:0000 X:0E68 Y:01BC S:0121 D:0000 DB:86 nvMxdiZc V:258 H:117 F:25
						8495DF 84 28       STY $28       [000028] A:0000 X:0E68 Y:0000 S:0121 D:0000 DB:86 nvMxdiZc V:258 H:120 F:25
						8495E1 86 2C       STX $2C       [00002C] A:0000 X:0E68 Y:0000 S:0121 D:0000 DB:86 nvMxdiZc V:258 H:127 F:25
						8495E3 68          PLA                    A:0000 X:0E68 Y:0000 S:0121 D:0000 DB:86 nvMxdiZc V:258 H:144 F:25
						8495E4 95 2A       STA $2A,X     [000E92] A:0003 X:0E68 Y:0000 S:0122 D:0000 DB:86 nvMxdizc V:258 H:150 F:25
						8495E6 A6 2C       LDX $2C       [00002C] A:0003 X:0E68 Y:0000 S:0122 D:0000 DB:86 nvMxdizc V:258 H:157 F:25
						8495E8 A9 FB       LDA #$FB               A:0003 X:0E68 Y:0000 S:0122 D:0000 DB:86 nvMxdizc V:258 H:164 F:25
						8495EA 35 2B       AND $2B,X     [000E93] A:00FB X:0E68 Y:0000 S:0122 D:0000 DB:86 NvMxdizc V:258 H:167 F:25
						8495EC 95 2B       STA $2B,X     [000E93] A:0000 X:0E68 Y:0000 S:0122 D:0000 DB:86 nvMxdiZc V:258 H:173 F:25
						8495EE 64 01       STZ $01       [000001] A:0000 X:0E68 Y:0000 S:0122 D:0000 DB:86 nvMxdiZc V:258 H:180 F:25
						8495F0 B5 2A       LDA $2A,X     [000E92] A:0000 X:0E68 Y:0000 S:0122 D:0000 DB:86 nvMxdiZc V:258 H:185 F:25
						8495F2 85 02       STA $02       [000002] A:0003 X:0E68 Y:0000 S:0122 D:0000 DB:86 nvMxdizc V:258 H:191 F:25
						8495F4 64 03       STZ $03       [000003] A:0003 X:0E68 Y:0000 S:0122 D:0000 DB:86 nvMxdizc V:258 H:196 F:25
						8495F6 B4 05       LDY $05,X     [000E6D] A:0003 X:0E68 Y:0000 S:0122 D:0000 DB:86 nvMxdizc V:258 H:201 F:25
						8495F8 84 10       STY $10       [000010] A:0003 X:0E68 Y:1D48 S:0122 D:0000 DB:86 nvMxdizc V:258 H:210 F:25
						8495FA B4 08       LDY $08,X     [000E70] A:0003 X:0E68 Y:1D48 S:0122 D:0000 DB:86 nvMxdizc V:258 H:217 F:25
						8495FC 84 12       STY $12       [000012] A:0003 X:0E68 Y:03A2 S:0122 D:0000 DB:86 nvMxdizc V:258 H:225 F:25
						8495FE A6 28       LDX $28       [000028] A:0003 X:0E68 Y:03A2 S:0122 D:0000 DB:86 nvMxdizc V:258 H:232 F:25
						849600 FC 1C 96    JSR ($961C,X) [84961C] A:0003 X:0000 Y:03A2 S:0122 D:0000 DB:86 nvMxdiZc V:258 H:239 F:25

							84969C AD 1C 1F    LDA $1F1C     [861F1C] A:0003 X:0000 Y:03A2 S:0120 D:0000 DB:86 nvMxdiZc V:258 H:252 F:25
							84969F F0 11       BEQ $0011     [8496B2] A:0000 X:0000 Y:03A2 S:0120 D:0000 DB:86 nvMxdiZc V:258 H:259 F:25
							8496B2 A9 00       LDA #$00               A:0000 X:0000 Y:03A2 S:0120 D:0000 DB:86 nvMxdiZc V:258 H:263 F:25
							8496B4 60          RTS                    A:0000 X:0000 Y:03A2 S:0120 D:0000 DB:86 nvMxdiZc V:258 H:266 F:25

						849603 F0 11       BEQ $0011     [849616] A:0000 X:0000 Y:03A2 S:0122 D:0000 DB:86 nvMxdiZc V:258 H:276 F:25
						849616 A6 2C       LDX $2C       [00002C] A:0000 X:0000 Y:03A2 S:0122 D:0000 DB:86 nvMxdiZc V:258 H:281 F:25
						849618 20 08 93    JSR $9308     [849308] A:0000 X:0E68 Y:03A2 S:0122 D:0000 DB:86 nvMxdizc V:258 H:288 F:25

							849308 A5 14       LDA $14       [000014] A:0000 X:0E68 Y:03A2 S:0120 D:0000 DB:86 nvMxdizc V:258 H:298 F:25
							84930A F0 08       BEQ $0008     [849314] A:0000 X:0E68 Y:03A2 S:0120 D:0000 DB:86 nvMxdiZc V:258 H:303 F:25
							849314 60          RTS                    A:0000 X:0E68 Y:03A2 S:0120 D:0000 DB:86 nvMxdiZc V:258 H:307 F:25

						84961B 60          RTS                    A:0000 X:0E68 Y:03A2 S:0122 D:0000 DB:86 nvMxdiZc V:258 H:317 F:25

					849275 D0 32       BNE $0032     [8492A9] A:0000 X:0E68 Y:03A2 S:0124 D:0000 DB:86 nvMxdiZc V:258 H:327 F:25
					849277 A5 08       LDA $08       [000008] A:0000 X:0E68 Y:03A2 S:0124 D:0000 DB:86 nvMxdiZc V:258 H:329 F:25
					849279 29 7F       AND #$7F               A:0084 X:0E68 Y:03A2 S:0124 D:0000 DB:86 NvMxdizc V:258 H:334 F:25
					84927B 85 08       STA $08       [000008] A:0004 X:0E68 Y:03A2 S:0124 D:0000 DB:86 nvMxdizc V:258 H:337 F:25
					84927D B4 20       LDY $20,X     [000E88] A:0004 X:0E68 Y:03A2 S:0124 D:0000 DB:86 nvMxdizc V:259 H:  2 F:25
					84927F B9 05 00    LDA $0005,Y   [86CFD6] A:0004 X:0E68 Y:CFD1 S:0124 D:0000 DB:86 NvMxdizc V:259 H: 11 F:25
					849282 34 11       BIT $11,X     [000E79] A:00E8 X:0E68 Y:CFD1 S:0124 D:0000 DB:86 NvMxdizc V:259 H: 18 F:25
					849284 50 03       BVC $0003     [849289] A:00E8 X:0E68 Y:CFD1 S:0124 D:0000 DB:86 nVMxdizc V:259 H: 25 F:25
					849286 49 FF       EOR #$FF               A:00E8 X:0E68 Y:CFD1 S:0124 D:0000 DB:86 nVMxdizc V:259 H: 28 F:25
					849288 1A          INC                    A:0017 X:0E68 Y:CFD1 S:0124 D:0000 DB:86 nVMxdizc V:259 H: 31 F:25
					849289 38          SEC                    A:0018 X:0E68 Y:CFD1 S:0124 D:0000 DB:86 nVMxdizc V:259 H: 34 F:25
					84928A F9 07 00    SBC $0007,Y   [86CFD8] A:0018 X:0E68 Y:CFD1 S:0124 D:0000 DB:86 nVMxdizC V:259 H: 37 F:25
					84928D 95 29       STA $29,X     [000E91] A:0000 X:0E68 Y:CFD1 S:0124 D:0000 DB:86 nvMxdiZC V:259 H: 44 F:25
					84928F 20 C4 95    JSR $95C4     [8495C4] A:0000 X:0E68 Y:CFD1 S:0124 D:0000 DB:86 nvMxdiZC V:259 H: 51 F:25

						8495C4 B5 2A       LDA $2A,X     [000E92] A:0000 X:0E68 Y:CFD1 S:0122 D:0000 DB:86 nvMxdiZC V:259 H: 61 F:25
						8495C6 48          PHA                    A:0003 X:0E68 Y:CFD1 S:0122 D:0000 DB:86 nvMxdizC V:259 H: 67 F:25
						8495C7 A5 08       LDA $08       [000008] A:0003 X:0E68 Y:CFD1 S:0121 D:0000 DB:86 nvMxdizC V:259 H: 72 F:25
						8495C9 29 7F       AND #$7F               A:0004 X:0E68 Y:CFD1 S:0121 D:0000 DB:86 nvMxdizC V:259 H: 77 F:25
						8495CB 18          CLC                    A:0004 X:0E68 Y:CFD1 S:0121 D:0000 DB:86 nvMxdizC V:259 H: 80 F:25
						8495CC 75 2A       ADC $2A,X     [000E92] A:0004 X:0E68 Y:CFD1 S:0121 D:0000 DB:86 nvMxdizc V:259 H: 83 F:25
						8495CE 95 2A       STA $2A,X     [000E92] A:0007 X:0E68 Y:CFD1 S:0121 D:0000 DB:86 nvMxdizc V:259 H: 90 F:25
						8495D0 20 B3 90    JSR $90B3     [8490B3] A:0007 X:0E68 Y:CFD1 S:0121 D:0000 DB:86 nvMxdizc V:259 H: 96 F:25

							8490B3 0B          PHD                    A:0007 X:0E68 Y:CFD1 S:011F D:0000 DB:86 nvMxdizc V:259 H:106 F:25
							8490B4 DA          PHX                    A:0007 X:0E68 Y:CFD1 S:011D D:0000 DB:86 nvMxdizc V:259 H:113 F:25
							8490B5 08          PHP                    A:0007 X:0E68 Y:CFD1 S:011B D:0000 DB:86 nvMxdizc V:259 H:120 F:25
							8490B6 E2 20       SEP #$20               A:0007 X:0E68 Y:CFD1 S:011A D:0000 DB:86 nvMxdizc V:259 H:125 F:25
							8490B8 C2 10       REP #$10               A:0007 X:0E68 Y:CFD1 S:011A D:0000 DB:86 nvMxdizc V:259 H:130 F:25
							8490BA 64 01       STZ $01       [000001] A:0007 X:0E68 Y:CFD1 S:011A D:0000 DB:86 nvMxdizc V:259 H:144 F:25
							8490BC B5 29       LDA $29,X     [000E91] A:0007 X:0E68 Y:CFD1 S:011A D:0000 DB:86 nvMxdizc V:259 H:149 F:25
							8490BE 10 02       BPL $0002     [8490C2] A:0000 X:0E68 Y:CFD1 S:011A D:0000 DB:86 nvMxdiZc V:259 H:156 F:25
							8490C2 18          CLC                    A:0000 X:0E68 Y:CFD1 S:011A D:0000 DB:86 nvMxdiZc V:259 H:160 F:25
							8490C3 75 05       ADC $05,X     [000E6D] A:0000 X:0E68 Y:CFD1 S:011A D:0000 DB:86 nvMxdiZc V:259 H:163 F:25
							8490C5 85 00       STA $00       [000000] A:0048 X:0E68 Y:CFD1 S:011A D:0000 DB:86 nvMxdizc V:259 H:170 F:25
							8490C7 B5 06       LDA $06,X     [000E6E] A:0048 X:0E68 Y:CFD1 S:011A D:0000 DB:86 nvMxdizc V:259 H:175 F:25
							8490C9 65 01       ADC $01       [000001] A:001D X:0E68 Y:CFD1 S:011A D:0000 DB:86 nvMxdizc V:259 H:181 F:25
							8490CB 85 01       STA $01       [000001] A:001D X:0E68 Y:CFD1 S:011A D:0000 DB:86 nvMxdizc V:259 H:186 F:25
							8490CD 64 03       STZ $03       [000003] A:001D X:0E68 Y:CFD1 S:011A D:0000 DB:86 nvMxdizc V:259 H:191 F:25
							8490CF B5 2A       LDA $2A,X     [000E92] A:001D X:0E68 Y:CFD1 S:011A D:0000 DB:86 nvMxdizc V:259 H:196 F:25
							8490D1 10 02       BPL $0002     [8490D5] A:0007 X:0E68 Y:CFD1 S:011A D:0000 DB:86 nvMxdizc V:259 H:203 F:25
							8490D5 18          CLC                    A:0007 X:0E68 Y:CFD1 S:011A D:0000 DB:86 nvMxdizc V:259 H:207 F:25
							8490D6 75 08       ADC $08,X     [000E70] A:0007 X:0E68 Y:CFD1 S:011A D:0000 DB:86 nvMxdizc V:259 H:210 F:25
							8490D8 85 02       STA $02       [000002] A:00A9 X:0E68 Y:CFD1 S:011A D:0000 DB:86 NvMxdizc V:259 H:217 F:25
							8490DA 29 F0       AND #$F0               A:00A9 X:0E68 Y:CFD1 S:011A D:0000 DB:86 NvMxdizc V:259 H:222 F:25
							8490DC 85 0A       STA $0A       [00000A] A:00A0 X:0E68 Y:CFD1 S:011A D:0000 DB:86 NvMxdizc V:259 H:225 F:25
							8490DE B5 09       LDA $09,X     [000E71] A:00A0 X:0E68 Y:CFD1 S:011A D:0000 DB:86 NvMxdizc V:259 H:230 F:25
							8490E0 65 03       ADC $03       [000003] A:0003 X:0E68 Y:CFD1 S:011A D:0000 DB:86 nvMxdizc V:259 H:236 F:25
							8490E2 85 03       STA $03       [000003] A:0003 X:0E68 Y:CFD1 S:011A D:0000 DB:86 nvMxdizc V:259 H:241 F:25
							8490E4 85 0B       STA $0B       [00000B] A:0003 X:0E68 Y:CFD1 S:011A D:0000 DB:86 nvMxdizc V:259 H:246 F:25
							8490E6 A5 00       LDA $00       [000000] A:0003 X:0E68 Y:CFD1 S:011A D:0000 DB:86 nvMxdizc V:259 H:251 F:25
							8490E8 29 0F       AND #$0F               A:0048 X:0E68 Y:CFD1 S:011A D:0000 DB:86 nvMxdizc V:259 H:256 F:25
							8490EA 1A          INC                    A:0008 X:0E68 Y:CFD1 S:011A D:0000 DB:86 nvMxdizc V:259 H:259 F:25
							8490EB 85 0C       STA $0C       [00000C] A:0009 X:0E68 Y:CFD1 S:011A D:0000 DB:86 nvMxdizc V:259 H:262 F:25
							8490ED A5 02       LDA $02       [000002] A:0009 X:0E68 Y:CFD1 S:011A D:0000 DB:86 nvMxdizc V:259 H:267 F:25
							8490EF 29 0F       AND #$0F               A:00A9 X:0E68 Y:CFD1 S:011A D:0000 DB:86 NvMxdizc V:259 H:272 F:25
							8490F1 1A          INC                    A:0009 X:0E68 Y:CFD1 S:011A D:0000 DB:86 nvMxdizc V:259 H:275 F:25
							8490F2 85 0E       STA $0E       [00000E] A:000A X:0E68 Y:CFD1 S:011A D:0000 DB:86 nvMxdizc V:259 H:278 F:25
							8490F4 C2 20       REP #$20               A:000A X:0E68 Y:CFD1 S:011A D:0000 DB:86 nvMxdizc V:259 H:283 F:25
							8490F6 20 6A 91    JSR $916A     [84916A] A:000A X:0E68 Y:CFD1 S:011A D:0000 DB:86 nvmxdizc V:259 H:288 F:25

								84916A A9 00 E8    LDA #$E800             A:000A X:0E68 Y:CFD1 S:0118 D:0000 DB:86 nvmxdizc V:259 H:298 F:25
								84916D 85 10       STA $10       [000010] A:E800 X:0E68 Y:CFD1 S:0118 D:0000 DB:86 Nvmxdizc V:259 H:302 F:25
								84916F A9 7E 00    LDA #$007E             A:E800 X:0E68 Y:CFD1 S:0118 D:0000 DB:86 Nvmxdizc V:259 H:309 F:25
								849172 85 12       STA $12       [000012] A:007E X:0E68 Y:CFD1 S:0118 D:0000 DB:86 nvmxdizc V:259 H:314 F:25
								849174 A5 02       LDA $02       [000002] A:007E X:0E68 Y:CFD1 S:0118 D:0000 DB:86 nvmxdizc V:259 H:321 F:25
								849176 29 F0 00    AND #$00F0             A:03A9 X:0E68 Y:CFD1 S:0118 D:0000 DB:86 nvmxdizc V:259 H:327 F:25
								849179 0A          ASL A                  A:00A0 X:0E68 Y:CFD1 S:0118 D:0000 DB:86 nvmxdizc V:259 H:331 F:25
								84917A 85 04       STA $04       [000004] A:0140 X:0E68 Y:CFD1 S:0118 D:0000 DB:86 nvmxdizc V:259 H:334 F:25
								84917C A5 00       LDA $00       [000000] A:0140 X:0E68 Y:CFD1 S:0118 D:0000 DB:86 nvmxdizc V:260 H:  1 F:25
								84917E 29 FF 00    AND #$00FF             A:1D48 X:0E68 Y:CFD1 S:0118 D:0000 DB:86 nvmxdizc V:260 H:  8 F:25
								849181 4A          LSR A                  A:0048 X:0E68 Y:CFD1 S:0118 D:0000 DB:86 nvmxdizc V:260 H: 13 F:25
								849182 4A          LSR A                  A:0024 X:0E68 Y:CFD1 S:0118 D:0000 DB:86 nvmxdizc V:260 H: 16 F:25
								849183 4A          LSR A                  A:0012 X:0E68 Y:CFD1 S:0118 D:0000 DB:86 nvmxdizc V:260 H: 19 F:25
								849184 29 FE FF    AND #$FFFE             A:0009 X:0E68 Y:CFD1 S:0118 D:0000 DB:86 nvmxdizc V:260 H: 22 F:25
								849187 18          CLC                    A:0008 X:0E68 Y:CFD1 S:0118 D:0000 DB:86 nvmxdizc V:260 H: 26 F:25
								849188 65 04       ADC $04       [000004] A:0008 X:0E68 Y:CFD1 S:0118 D:0000 DB:86 nvmxdizc V:260 H: 29 F:25
								84918A 85 06       STA $06       [000006] A:0148 X:0E68 Y:CFD1 S:0118 D:0000 DB:86 nvmxdizc V:260 H: 36 F:25
								84918C A5 00       LDA $00       [000000] A:0148 X:0E68 Y:CFD1 S:0118 D:0000 DB:86 nvmxdizc V:260 H: 43 F:25
								84918E EB          XBA                    A:1D48 X:0E68 Y:CFD1 S:0118 D:0000 DB:86 nvmxdizc V:260 H: 50 F:25
								84918F 29 1F 00    AND #$001F             A:481D X:0E68 Y:CFD1 S:0118 D:0000 DB:86 nvmxdizc V:260 H: 55 F:25
								849192 85 04       STA $04       [000004] A:001D X:0E68 Y:CFD1 S:0118 D:0000 DB:86 nvmxdizc V:260 H: 59 F:25
								849194 A5 02       LDA $02       [000002] A:001D X:0E68 Y:CFD1 S:0118 D:0000 DB:86 nvmxdizc V:260 H: 66 F:25
								849196 29 00 1F    AND #$1F00             A:03A9 X:0E68 Y:CFD1 S:0118 D:0000 DB:86 nvmxdizc V:260 H: 73 F:25
								849199 4A          LSR A                  A:0300 X:0E68 Y:CFD1 S:0118 D:0000 DB:86 nvmxdizc V:260 H: 78 F:25
								84919A 4A          LSR A                  A:0180 X:0E68 Y:CFD1 S:0118 D:0000 DB:86 nvmxdizc V:260 H: 81 F:25
								84919B 4A          LSR A                  A:00C0 X:0E68 Y:CFD1 S:0118 D:0000 DB:86 nvmxdizc V:260 H: 84 F:25
								84919C 18          CLC                    A:0060 X:0E68 Y:CFD1 S:0118 D:0000 DB:86 nvmxdizc V:260 H: 87 F:25
								84919D 65 04       ADC $04       [000004] A:0060 X:0E68 Y:CFD1 S:0118 D:0000 DB:86 nvmxdizc V:260 H: 90 F:25
								84919F A8          TAY                    A:007D X:0E68 Y:CFD1 S:0118 D:0000 DB:86 nvmxdizc V:260 H: 97 F:25
								8491A0 B7 10       LDA [$10],Y   [7EE87D] A:007D X:0E68 Y:007D S:0118 D:0000 DB:86 nvmxdizc V:260 H:100 F:25
								8491A2 29 FF 00    AND #$00FF             A:0024 X:0E68 Y:007D S:0118 D:0000 DB:86 nvmxdizc V:260 H:113 F:25
								8491A5 A8          TAY                    A:0024 X:0E68 Y:007D S:0118 D:0000 DB:86 nvmxdizc V:260 H:117 F:25
								8491A6 EB          XBA                    A:0024 X:0E68 Y:0024 S:0118 D:0000 DB:86 nvmxdizc V:260 H:120 F:25
								8491A7 0A          ASL A                  A:2400 X:0E68 Y:0024 S:0118 D:0000 DB:86 nvmxdiZc V:260 H:125 F:25
								8491A8 18          CLC                    A:4800 X:0E68 Y:0024 S:0118 D:0000 DB:86 nvmxdizc V:260 H:128 F:25
								8491A9 65 06       ADC $06       [000006] A:4800 X:0E68 Y:0024 S:0118 D:0000 DB:86 nvmxdizc V:260 H:131 F:25
								8491AB AA          TAX                    A:4948 X:0E68 Y:0024 S:0118 D:0000 DB:86 nvmxdizc V:260 H:148 F:25
								8491AC 60          RTS                    A:4948 X:4948 Y:0024 S:0118 D:0000 DB:86 nvmxdizc V:260 H:151 F:25

							8490F9 BF 00 20 7E LDA $7E2000,X [7E6948] A:4948 X:4948 Y:0024 S:011A D:0000 DB:86 nvmxdizc V:260 H:161 F:25
							8490FD A8          TAY                    A:01BB X:4948 Y:0024 S:011A D:0000 DB:86 nvmxdizc V:260 H:171 F:25
							8490FE AD 92 0B    LDA $0B92     [860B92] A:01BB X:4948 Y:01BB S:011A D:0000 DB:86 nvmxdizc V:260 H:174 F:25
							849101 85 10       STA $10       [000010] A:EB15 X:4948 Y:01BB S:011A D:0000 DB:86 Nvmxdizc V:260 H:182 F:25
							849103 AD 94 0B    LDA $0B94     [860B94] A:EB15 X:4948 Y:01BB S:011A D:0000 DB:86 Nvmxdizc V:260 H:189 F:25
							849106 85 12       STA $12       [000012] A:F895 X:4948 Y:01BB S:011A D:0000 DB:86 Nvmxdizc V:260 H:198 F:25
							849108 B7 10       LDA [$10],Y   [95ECD0] A:F895 X:4948 Y:01BB S:011A D:0000 DB:86 Nvmxdizc V:260 H:205 F:25
							84910A 29 FF 00    AND #$00FF             A:0000 X:4948 Y:01BB S:011A D:0000 DB:86 nvmxdiZc V:260 H:217 F:25
							84910D 28          PLP                    A:0000 X:4948 Y:01BB S:011A D:0000 DB:86 nvmxdiZc V:260 H:221 F:25
							84910E FA          PLX                    A:0000 X:4948 Y:01BB S:011B D:0000 DB:86 nvMxdizc V:260 H:228 F:25
							84910F 2B          PLD                    A:0000 X:0E68 Y:01BB S:011D D:0000 DB:86 nvMxdizc V:260 H:236 F:25
							849110 60          RTS                    A:0000 X:0E68 Y:01BB S:011F D:0000 DB:86 nvMxdiZc V:260 H:245 F:25

						8495D3 95 2E       STA $2E,X     [000E96] A:0000 X:0E68 Y:01BB S:0121 D:0000 DB:86 nvMxdiZc V:260 H:255 F:25
						8495D5 85 18       STA $18       [000018] A:0000 X:0E68 Y:01BB S:0121 D:0000 DB:86 nvMxdiZc V:260 H:261 F:25
						8495D7 29 3F       AND #$3F               A:0000 X:0E68 Y:01BB S:0121 D:0000 DB:86 nvMxdiZc V:260 H:266 F:25
						8495D9 0A          ASL A                  A:0000 X:0E68 Y:01BB S:0121 D:0000 DB:86 nvMxdiZc V:260 H:269 F:25
						8495DA EB          XBA                    A:0000 X:0E68 Y:01BB S:0121 D:0000 DB:86 nvMxdiZc V:260 H:272 F:25
						8495DB A9 00       LDA #$00               A:0000 X:0E68 Y:01BB S:0121 D:0000 DB:86 nvMxdiZc V:260 H:277 F:25
						8495DD EB          XBA                    A:0000 X:0E68 Y:01BB S:0121 D:0000 DB:86 nvMxdiZc V:260 H:280 F:25
						8495DE A8          TAY                    A:0000 X:0E68 Y:01BB S:0121 D:0000 DB:86 nvMxdiZc V:260 H:284 F:25
						8495DF 84 28       STY $28       [000028] A:0000 X:0E68 Y:0000 S:0121 D:0000 DB:86 nvMxdiZc V:260 H:287 F:25
						8495E1 86 2C       STX $2C       [00002C] A:0000 X:0E68 Y:0000 S:0121 D:0000 DB:86 nvMxdiZc V:260 H:294 F:25
						8495E3 68          PLA                    A:0000 X:0E68 Y:0000 S:0121 D:0000 DB:86 nvMxdiZc V:260 H:301 F:25
						8495E4 95 2A       STA $2A,X     [000E92] A:0003 X:0E68 Y:0000 S:0122 D:0000 DB:86 nvMxdizc V:260 H:308 F:25
						8495E6 A6 2C       LDX $2C       [00002C] A:0003 X:0E68 Y:0000 S:0122 D:0000 DB:86 nvMxdizc V:260 H:314 F:25
						8495E8 A9 FB       LDA #$FB               A:0003 X:0E68 Y:0000 S:0122 D:0000 DB:86 nvMxdizc V:260 H:321 F:25
						8495EA 35 2B       AND $2B,X     [000E93] A:00FB X:0E68 Y:0000 S:0122 D:0000 DB:86 NvMxdizc V:260 H:324 F:25
						8495EC 95 2B       STA $2B,X     [000E93] A:0000 X:0E68 Y:0000 S:0122 D:0000 DB:86 nvMxdiZc V:260 H:330 F:25
						8495EE 64 01       STZ $01       [000001] A:0000 X:0E68 Y:0000 S:0122 D:0000 DB:86 nvMxdiZc V:260 H:336 F:25
						8495F0 B5 2A       LDA $2A,X     [000E92] A:0000 X:0E68 Y:0000 S:0122 D:0000 DB:86 nvMxdiZc V:261 H:  1 F:25
						8495F2 85 02       STA $02       [000002] A:0003 X:0E68 Y:0000 S:0122 D:0000 DB:86 nvMxdizc V:261 H:  8 F:25
						8495F4 64 03       STZ $03       [000003] A:0003 X:0E68 Y:0000 S:0122 D:0000 DB:86 nvMxdizc V:261 H: 13 F:25
						8495F6 B4 05       LDY $05,X     [000E6D] A:0003 X:0E68 Y:0000 S:0122 D:0000 DB:86 nvMxdizc V:261 H: 18 F:25
						8495F8 84 10       STY $10       [000010] A:0003 X:0E68 Y:1D48 S:0122 D:0000 DB:86 nvMxdizc V:261 H: 26 F:25
						8495FA B4 08       LDY $08,X     [000E70] A:0003 X:0E68 Y:1D48 S:0122 D:0000 DB:86 nvMxdizc V:261 H: 33 F:25
						8495FC 84 12       STY $12       [000012] A:0003 X:0E68 Y:03A2 S:0122 D:0000 DB:86 nvMxdizc V:261 H: 42 F:25
						8495FE A6 28       LDX $28       [000028] A:0003 X:0E68 Y:03A2 S:0122 D:0000 DB:86 nvMxdizc V:261 H: 49 F:25
						849600 FC 1C 96    JSR ($961C,X) [84961C] A:0003 X:0000 Y:03A2 S:0122 D:0000 DB:86 nvMxdiZc V:261 H: 56 F:25

							84969C AD 1C 1F    LDA $1F1C     [861F1C] A:0003 X:0000 Y:03A2 S:0120 D:0000 DB:86 nvMxdiZc V:261 H: 69 F:25
							84969F F0 11       BEQ $0011     [8496B2] A:0000 X:0000 Y:03A2 S:0120 D:0000 DB:86 nvMxdiZc V:261 H: 75 F:25
							8496B2 A9 00       LDA #$00               A:0000 X:0000 Y:03A2 S:0120 D:0000 DB:86 nvMxdiZc V:261 H: 80 F:25
							8496B4 60          RTS                    A:0000 X:0000 Y:03A2 S:0120 D:0000 DB:86 nvMxdiZc V:261 H: 83 F:25

						849603 F0 11       BEQ $0011     [849616] A:0000 X:0000 Y:03A2 S:0122 D:0000 DB:86 nvMxdiZc V:261 H: 93 F:25
						849616 A6 2C       LDX $2C       [00002C] A:0000 X:0000 Y:03A2 S:0122 D:0000 DB:86 nvMxdiZc V:261 H: 97 F:25
						849618 20 08 93    JSR $9308     [849308] A:0000 X:0E68 Y:03A2 S:0122 D:0000 DB:86 nvMxdizc V:261 H:104 F:25

							849308 A5 14       LDA $14       [000014] A:0000 X:0E68 Y:03A2 S:0120 D:0000 DB:86 nvMxdizc V:261 H:114 F:25
							84930A F0 08       BEQ $0008     [849314] A:0000 X:0E68 Y:03A2 S:0120 D:0000 DB:86 nvMxdiZc V:261 H:119 F:25
							849314 60          RTS                    A:0000 X:0E68 Y:03A2 S:0120 D:0000 DB:86 nvMxdiZc V:261 H:124 F:25

						84961B 60          RTS                    A:0000 X:0E68 Y:03A2 S:0122 D:0000 DB:86 nvMxdiZc V:261 H:134 F:25

					849292 D0 15       BNE $0015     [8492A9] A:0000 X:0E68 Y:03A2 S:0124 D:0000 DB:86 nvMxdiZc V:261 H:154 F:25
					849294 B4 20       LDY $20,X     [000E88] A:0000 X:0E68 Y:03A2 S:0124 D:0000 DB:86 nvMxdiZc V:261 H:157 F:25
					849296 B9 05 00    LDA $0005,Y   [86CFD6] A:0000 X:0E68 Y:CFD1 S:0124 D:0000 DB:86 NvMxdizc V:261 H:165 F:25
					849299 34 11       BIT $11,X     [000E79] A:00E8 X:0E68 Y:CFD1 S:0124 D:0000 DB:86 NvMxdizc V:261 H:173 F:25
					84929B 50 03       BVC $0003     [8492A0] A:00E8 X:0E68 Y:CFD1 S:0124 D:0000 DB:86 nVMxdizc V:261 H:179 F:25
					84929D 49 FF       EOR #$FF               A:00E8 X:0E68 Y:CFD1 S:0124 D:0000 DB:86 nVMxdizc V:261 H:182 F:25
					84929F 1A          INC                    A:0017 X:0E68 Y:CFD1 S:0124 D:0000 DB:86 nVMxdizc V:261 H:185 F:25
					8492A0 18          CLC                    A:0018 X:0E68 Y:CFD1 S:0124 D:0000 DB:86 nVMxdizc V:261 H:188 F:25
					8492A1 79 07 00    ADC $0007,Y   [86CFD8] A:0018 X:0E68 Y:CFD1 S:0124 D:0000 DB:86 nVMxdizc V:261 H:191 F:25
					8492A4 95 29       STA $29,X     [000E91] A:0030 X:0E68 Y:CFD1 S:0124 D:0000 DB:86 nvMxdizc V:261 H:199 F:25
					8492A6 20 C4 95    JSR $95C4     [8495C4] A:0030 X:0E68 Y:CFD1 S:0124 D:0000 DB:86 nvMxdizc V:261 H:205 F:25

						8495C4 B5 2A       LDA $2A,X     [000E92] A:0030 X:0E68 Y:CFD1 S:0122 D:0000 DB:86 nvMxdizc V:261 H:215 F:25
						8495C6 48          PHA                    A:0003 X:0E68 Y:CFD1 S:0122 D:0000 DB:86 nvMxdizc V:261 H:222 F:25
						8495C7 A5 08       LDA $08       [000008] A:0003 X:0E68 Y:CFD1 S:0121 D:0000 DB:86 nvMxdizc V:261 H:227 F:25
						8495C9 29 7F       AND #$7F               A:0004 X:0E68 Y:CFD1 S:0121 D:0000 DB:86 nvMxdizc V:261 H:232 F:25
						8495CB 18          CLC                    A:0004 X:0E68 Y:CFD1 S:0121 D:0000 DB:86 nvMxdizc V:261 H:235 F:25
						8495CC 75 2A       ADC $2A,X     [000E92] A:0004 X:0E68 Y:CFD1 S:0121 D:0000 DB:86 nvMxdizc V:261 H:238 F:25
						8495CE 95 2A       STA $2A,X     [000E92] A:0007 X:0E68 Y:CFD1 S:0121 D:0000 DB:86 nvMxdizc V:261 H:244 F:25
						8495D0 20 B3 90    JSR $90B3     [8490B3] A:0007 X:0E68 Y:CFD1 S:0121 D:0000 DB:86 nvMxdizc V:261 H:251 F:25

							8490B3 0B          PHD                    A:0007 X:0E68 Y:CFD1 S:011F D:0000 DB:86 nvMxdizc V:261 H:261 F:25
							8490B4 DA          PHX                    A:0007 X:0E68 Y:CFD1 S:011D D:0000 DB:86 nvMxdizc V:261 H:268 F:25
							8490B5 08          PHP                    A:0007 X:0E68 Y:CFD1 S:011B D:0000 DB:86 nvMxdizc V:261 H:275 F:25
							8490B6 E2 20       SEP #$20               A:0007 X:0E68 Y:CFD1 S:011A D:0000 DB:86 nvMxdizc V:261 H:280 F:25
							8490B8 C2 10       REP #$10               A:0007 X:0E68 Y:CFD1 S:011A D:0000 DB:86 nvMxdizc V:261 H:284 F:25
							8490BA 64 01       STZ $01       [000001] A:0007 X:0E68 Y:CFD1 S:011A D:0000 DB:86 nvMxdizc V:261 H:289 F:25
							8490BC B5 29       LDA $29,X     [000E91] A:0007 X:0E68 Y:CFD1 S:011A D:0000 DB:86 nvMxdizc V:261 H:294 F:25
							8490BE 10 02       BPL $0002     [8490C2] A:0030 X:0E68 Y:CFD1 S:011A D:0000 DB:86 nvMxdizc V:261 H:300 F:25
							8490C2 18          CLC                    A:0030 X:0E68 Y:CFD1 S:011A D:0000 DB:86 nvMxdizc V:261 H:305 F:25
							8490C3 75 05       ADC $05,X     [000E6D] A:0030 X:0E68 Y:CFD1 S:011A D:0000 DB:86 nvMxdizc V:261 H:308 F:25
							8490C5 85 00       STA $00       [000000] A:0078 X:0E68 Y:CFD1 S:011A D:0000 DB:86 nvMxdizc V:261 H:314 F:25
							8490C7 B5 06       LDA $06,X     [000E6E] A:0078 X:0E68 Y:CFD1 S:011A D:0000 DB:86 nvMxdizc V:261 H:319 F:25
							8490C9 65 01       ADC $01       [000001] A:001D X:0E68 Y:CFD1 S:011A D:0000 DB:86 nvMxdizc V:261 H:325 F:25
							8490CB 85 01       STA $01       [000001] A:001D X:0E68 Y:CFD1 S:011A D:0000 DB:86 nvMxdizc V:261 H:330 F:25
							8490CD 64 03       STZ $03       [000003] A:001D X:0E68 Y:CFD1 S:011A D:0000 DB:86 nvMxdizc V:261 H:335 F:25
							8490CF B5 2A       LDA $2A,X     [000E92] A:001D X:0E68 Y:CFD1 S:011A D:0000 DB:86 nvMxdizc V:  0 H:  0 F:26
							8490D1 10 02       BPL $0002     [8490D5] A:0007 X:0E68 Y:CFD1 S:011A D:0000 DB:86 nvMxdizc V:  0 H:  6 F:26
							8490D5 18          CLC                    A:0007 X:0E68 Y:CFD1 S:011A D:0000 DB:86 nvMxdizc V:  0 H: 11 F:26
							8490D6 75 08       ADC $08,X     [000E70] A:0007 X:0E68 Y:CFD1 S:011A D:0000 DB:86 nvMxdizc V:  0 H: 14 F:26
							8490D8 85 02       STA $02       [000002] A:00A9 X:0E68 Y:CFD1 S:011A D:0000 DB:86 NvMxdizc V:  0 H: 20 F:26
							8490DA 29 F0       AND #$F0               A:00A9 X:0E68 Y:CFD1 S:011A D:0000 DB:86 NvMxdizc V:  0 H: 25 F:26
							8490DC 85 0A       STA $0A       [00000A] A:00A0 X:0E68 Y:CFD1 S:011A D:0000 DB:86 NvMxdizc V:  0 H: 28 F:26
							8490DE B5 09       LDA $09,X     [000E71] A:00A0 X:0E68 Y:CFD1 S:011A D:0000 DB:86 NvMxdizc V:  0 H: 33 F:26
							8490E0 65 03       ADC $03       [000003] A:0003 X:0E68 Y:CFD1 S:011A D:0000 DB:86 nvMxdizc V:  0 H: 40 F:26
							8490E2 85 03       STA $03       [000003] A:0003 X:0E68 Y:CFD1 S:011A D:0000 DB:86 nvMxdizc V:  0 H: 45 F:26
							8490E4 85 0B       STA $0B       [00000B] A:0003 X:0E68 Y:CFD1 S:011A D:0000 DB:86 nvMxdizc V:  0 H: 50 F:26
							8490E6 A5 00       LDA $00       [000000] A:0003 X:0E68 Y:CFD1 S:011A D:0000 DB:86 nvMxdizc V:  0 H: 55 F:26
							8490E8 29 0F       AND #$0F               A:0078 X:0E68 Y:CFD1 S:011A D:0000 DB:86 nvMxdizc V:  0 H: 60 F:26
							8490EA 1A          INC                    A:0008 X:0E68 Y:CFD1 S:011A D:0000 DB:86 nvMxdizc V:  0 H: 63 F:26
							8490EB 85 0C       STA $0C       [00000C] A:0009 X:0E68 Y:CFD1 S:011A D:0000 DB:86 nvMxdizc V:  0 H: 66 F:26
							8490ED A5 02       LDA $02       [000002] A:0009 X:0E68 Y:CFD1 S:011A D:0000 DB:86 nvMxdizc V:  0 H: 71 F:26
							8490EF 29 0F       AND #$0F               A:00A9 X:0E68 Y:CFD1 S:011A D:0000 DB:86 NvMxdizc V:  0 H: 76 F:26
							8490F1 1A          INC                    A:0009 X:0E68 Y:CFD1 S:011A D:0000 DB:86 nvMxdizc V:  0 H: 79 F:26
							8490F2 85 0E       STA $0E       [00000E] A:000A X:0E68 Y:CFD1 S:011A D:0000 DB:86 nvMxdizc V:  0 H: 82 F:26
							8490F4 C2 20       REP #$20               A:000A X:0E68 Y:CFD1 S:011A D:0000 DB:86 nvMxdizc V:  0 H: 87 F:26
							8490F6 20 6A 91    JSR $916A     [84916A] A:000A X:0E68 Y:CFD1 S:011A D:0000 DB:86 nvmxdizc V:  0 H: 91 F:26

								84916A A9 00 E8    LDA #$E800             A:000A X:0E68 Y:CFD1 S:0118 D:0000 DB:86 nvmxdizc V:  0 H:101 F:26
								84916D 85 10       STA $10       [000010] A:E800 X:0E68 Y:CFD1 S:0118 D:0000 DB:86 Nvmxdizc V:  0 H:106 F:26
								84916F A9 7E 00    LDA #$007E             A:E800 X:0E68 Y:CFD1 S:0118 D:0000 DB:86 Nvmxdizc V:  0 H:113 F:26
								849172 85 12       STA $12       [000012] A:007E X:0E68 Y:CFD1 S:0118 D:0000 DB:86 nvmxdizc V:  0 H:117 F:26
								849174 A5 02       LDA $02       [000002] A:007E X:0E68 Y:CFD1 S:0118 D:0000 DB:86 nvmxdizc V:  0 H:124 F:26
								849176 29 F0 00    AND #$00F0             A:03A9 X:0E68 Y:CFD1 S:0118 D:0000 DB:86 nvmxdizc V:  0 H:131 F:26
								849179 0A          ASL A                  A:00A0 X:0E68 Y:CFD1 S:0118 D:0000 DB:86 nvmxdizc V:  0 H:146 F:26
								84917A 85 04       STA $04       [000004] A:0140 X:0E68 Y:CFD1 S:0118 D:0000 DB:86 nvmxdizc V:  0 H:149 F:26
								84917C A5 00       LDA $00       [000000] A:0140 X:0E68 Y:CFD1 S:0118 D:0000 DB:86 nvmxdizc V:  0 H:156 F:26
								84917E 29 FF 00    AND #$00FF             A:1D78 X:0E68 Y:CFD1 S:0118 D:0000 DB:86 nvmxdizc V:  0 H:163 F:26
								849181 4A          LSR A                  A:0078 X:0E68 Y:CFD1 S:0118 D:0000 DB:86 nvmxdizc V:  0 H:167 F:26
								849182 4A          LSR A                  A:003C X:0E68 Y:CFD1 S:0118 D:0000 DB:86 nvmxdizc V:  0 H:170 F:26
								849183 4A          LSR A                  A:001E X:0E68 Y:CFD1 S:0118 D:0000 DB:86 nvmxdizc V:  0 H:173 F:26
								849184 29 FE FF    AND #$FFFE             A:000F X:0E68 Y:CFD1 S:0118 D:0000 DB:86 nvmxdizc V:  0 H:176 F:26
								849187 18          CLC                    A:000E X:0E68 Y:CFD1 S:0118 D:0000 DB:86 nvmxdizc V:  0 H:181 F:26
								849188 65 04       ADC $04       [000004] A:000E X:0E68 Y:CFD1 S:0118 D:0000 DB:86 nvmxdizc V:  0 H:184 F:26
								84918A 85 06       STA $06       [000006] A:014E X:0E68 Y:CFD1 S:0118 D:0000 DB:86 nvmxdizc V:  0 H:191 F:26
								84918C A5 00       LDA $00       [000000] A:014E X:0E68 Y:CFD1 S:0118 D:0000 DB:86 nvmxdizc V:  0 H:198 F:26
								84918E EB          XBA                    A:1D78 X:0E68 Y:CFD1 S:0118 D:0000 DB:86 nvmxdizc V:  0 H:205 F:26
								84918F 29 1F 00    AND #$001F             A:781D X:0E68 Y:CFD1 S:0118 D:0000 DB:86 nvmxdizc V:  0 H:209 F:26
								849192 85 04       STA $04       [000004] A:001D X:0E68 Y:CFD1 S:0118 D:0000 DB:86 nvmxdizc V:  0 H:214 F:26
								849194 A5 02       LDA $02       [000002] A:001D X:0E68 Y:CFD1 S:0118 D:0000 DB:86 nvmxdizc V:  0 H:221 F:26
								849196 29 00 1F    AND #$1F00             A:03A9 X:0E68 Y:CFD1 S:0118 D:0000 DB:86 nvmxdizc V:  0 H:228 F:26
								849199 4A          LSR A                  A:0300 X:0E68 Y:CFD1 S:0118 D:0000 DB:86 nvmxdizc V:  0 H:232 F:26
								84919A 4A          LSR A                  A:0180 X:0E68 Y:CFD1 S:0118 D:0000 DB:86 nvmxdizc V:  0 H:235 F:26
								84919B 4A          LSR A                  A:00C0 X:0E68 Y:CFD1 S:0118 D:0000 DB:86 nvmxdizc V:  0 H:238 F:26
								84919C 18          CLC                    A:0060 X:0E68 Y:CFD1 S:0118 D:0000 DB:86 nvmxdizc V:  0 H:241 F:26
								84919D 65 04       ADC $04       [000004] A:0060 X:0E68 Y:CFD1 S:0118 D:0000 DB:86 nvmxdizc V:  0 H:244 F:26
								84919F A8          TAY                    A:007D X:0E68 Y:CFD1 S:0118 D:0000 DB:86 nvmxdizc V:  0 H:251 F:26
								8491A0 B7 10       LDA [$10],Y   [7EE87D] A:007D X:0E68 Y:007D S:0118 D:0000 DB:86 nvmxdizc V:  0 H:254 F:26
								8491A2 29 FF 00    AND #$00FF             A:0024 X:0E68 Y:007D S:0118 D:0000 DB:86 nvmxdizc V:  0 H:267 F:26
								8491A5 A8          TAY                    A:0024 X:0E68 Y:007D S:0118 D:0000 DB:86 nvmxdizc V:  0 H:272 F:26
								8491A6 EB          XBA                    A:0024 X:0E68 Y:0024 S:0118 D:0000 DB:86 nvmxdizc V:  0 H:275 F:26
								8491A7 0A          ASL A                  A:2400 X:0E68 Y:0024 S:0118 D:0000 DB:86 nvmxdiZc V:  0 H:279 F:26
								8491A8 18          CLC                    A:4800 X:0E68 Y:0024 S:0118 D:0000 DB:86 nvmxdizc V:  0 H:282 F:26
								8491A9 65 06       ADC $06       [000006] A:4800 X:0E68 Y:0024 S:0118 D:0000 DB:86 nvmxdizc V:  0 H:285 F:26
								8491AB AA          TAX                    A:494E X:0E68 Y:0024 S:0118 D:0000 DB:86 nvmxdizc V:  0 H:292 F:26
								8491AC 60          RTS                    A:494E X:494E Y:0024 S:0118 D:0000 DB:86 nvmxdizc V:  0 H:295 F:26

							8490F9 BF 00 20 7E LDA $7E2000,X [7E694E] A:494E X:494E Y:0024 S:011A D:0000 DB:86 nvmxdizc V:  0 H:305 F:26
							8490FD A8          TAY                    A:01BD X:494E Y:0024 S:011A D:0000 DB:86 nvmxdizc V:  0 H:315 F:26
							8490FE AD 92 0B    LDA $0B92     [860B92] A:01BD X:494E Y:01BD S:011A D:0000 DB:86 nvmxdizc V:  0 H:318 F:26
							849101 85 10       STA $10       [000010] A:EB15 X:494E Y:01BD S:011A D:0000 DB:86 Nvmxdizc V:  0 H:326 F:26
							849103 AD 94 0B    LDA $0B94     [860B94] A:EB15 X:494E Y:01BD S:011A D:0000 DB:86 Nvmxdizc V:  0 H:333 F:26
							849106 85 12       STA $12       [000012] A:F895 X:494E Y:01BD S:011A D:0000 DB:86 Nvmxdizc V:  1 H:  1 F:26
							849108 B7 10       LDA [$10],Y   [95ECD2] A:F895 X:494E Y:01BD S:011A D:0000 DB:86 Nvmxdizc V:  1 H:  8 F:26
							84910A 29 FF 00    AND #$00FF             A:0000 X:494E Y:01BD S:011A D:0000 DB:86 nvmxdiZc V:  1 H: 20 F:26
							84910D 28          PLP                    A:0000 X:494E Y:01BD S:011A D:0000 DB:86 nvmxdiZc V:  1 H: 25 F:26
							84910E FA          PLX                    A:0000 X:494E Y:01BD S:011B D:0000 DB:86 nvMxdizc V:  1 H: 31 F:26
							84910F 2B          PLD                    A:0000 X:0E68 Y:01BD S:011D D:0000 DB:86 nvMxdizc V:  1 H: 40 F:26
							849110 60          RTS                    A:0000 X:0E68 Y:01BD S:011F D:0000 DB:86 nvMxdiZc V:  1 H: 48 F:26

						8495D3 95 2E       STA $2E,X     [000E96] A:0000 X:0E68 Y:01BD S:0121 D:0000 DB:86 nvMxdiZc V:  1 H: 58 F:26
						8495D5 85 18       STA $18       [000018] A:0000 X:0E68 Y:01BD S:0121 D:0000 DB:86 nvMxdiZc V:  1 H: 65 F:26
						8495D7 29 3F       AND #$3F               A:0000 X:0E68 Y:01BD S:0121 D:0000 DB:86 nvMxdiZc V:  1 H: 70 F:26
						8495D9 0A          ASL A                  A:0000 X:0E68 Y:01BD S:0121 D:0000 DB:86 nvMxdiZc V:  1 H: 73 F:26
						8495DA EB          XBA                    A:0000 X:0E68 Y:01BD S:0121 D:0000 DB:86 nvMxdiZc V:  1 H: 76 F:26
						8495DB A9 00       LDA #$00               A:0000 X:0E68 Y:01BD S:0121 D:0000 DB:86 nvMxdiZc V:  1 H: 80 F:26
						8495DD EB          XBA                    A:0000 X:0E68 Y:01BD S:0121 D:0000 DB:86 nvMxdiZc V:  1 H: 83 F:26
						8495DE A8          TAY                    A:0000 X:0E68 Y:01BD S:0121 D:0000 DB:86 nvMxdiZc V:  1 H: 88 F:26
						8495DF 84 28       STY $28       [000028] A:0000 X:0E68 Y:0000 S:0121 D:0000 DB:86 nvMxdiZc V:  1 H: 91 F:26
						8495E1 86 2C       STX $2C       [00002C] A:0000 X:0E68 Y:0000 S:0121 D:0000 DB:86 nvMxdiZc V:  1 H: 98 F:26
						8495E3 68          PLA                    A:0000 X:0E68 Y:0000 S:0121 D:0000 DB:86 nvMxdiZc V:  1 H:105 F:26
						8495E4 95 2A       STA $2A,X     [000E92] A:0003 X:0E68 Y:0000 S:0122 D:0000 DB:86 nvMxdizc V:  1 H:111 F:26
						8495E6 A6 2C       LDX $2C       [00002C] A:0003 X:0E68 Y:0000 S:0122 D:0000 DB:86 nvMxdizc V:  1 H:118 F:26
						8495E8 A9 FB       LDA #$FB               A:0003 X:0E68 Y:0000 S:0122 D:0000 DB:86 nvMxdizc V:  1 H:125 F:26
						8495EA 35 2B       AND $2B,X     [000E93] A:00FB X:0E68 Y:0000 S:0122 D:0000 DB:86 NvMxdizc V:  1 H:128 F:26
						8495EC 95 2B       STA $2B,X     [000E93] A:0000 X:0E68 Y:0000 S:0122 D:0000 DB:86 nvMxdiZc V:  1 H:144 F:26
						8495EE 64 01       STZ $01       [000001] A:0000 X:0E68 Y:0000 S:0122 D:0000 DB:86 nvMxdiZc V:  1 H:151 F:26
						8495F0 B5 2A       LDA $2A,X     [000E92] A:0000 X:0E68 Y:0000 S:0122 D:0000 DB:86 nvMxdiZc V:  1 H:156 F:26
						8495F2 85 02       STA $02       [000002] A:0003 X:0E68 Y:0000 S:0122 D:0000 DB:86 nvMxdizc V:  1 H:162 F:26
						8495F4 64 03       STZ $03       [000003] A:0003 X:0E68 Y:0000 S:0122 D:0000 DB:86 nvMxdizc V:  1 H:167 F:26
						8495F6 B4 05       LDY $05,X     [000E6D] A:0003 X:0E68 Y:0000 S:0122 D:0000 DB:86 nvMxdizc V:  1 H:172 F:26
						8495F8 84 10       STY $10       [000010] A:0003 X:0E68 Y:1D48 S:0122 D:0000 DB:86 nvMxdizc V:  1 H:181 F:26
						8495FA B4 08       LDY $08,X     [000E70] A:0003 X:0E68 Y:1D48 S:0122 D:0000 DB:86 nvMxdizc V:  1 H:188 F:26
						8495FC 84 12       STY $12       [000012] A:0003 X:0E68 Y:03A2 S:0122 D:0000 DB:86 nvMxdizc V:  1 H:196 F:26
						8495FE A6 28       LDX $28       [000028] A:0003 X:0E68 Y:03A2 S:0122 D:0000 DB:86 nvMxdizc V:  1 H:203 F:26
						849600 FC 1C 96    JSR ($961C,X) [84961C] A:0003 X:0000 Y:03A2 S:0122 D:0000 DB:86 nvMxdiZc V:  1 H:210 F:26

							84969C AD 1C 1F    LDA $1F1C     [861F1C] A:0003 X:0000 Y:03A2 S:0120 D:0000 DB:86 nvMxdiZc V:  1 H:223 F:26
							84969F F0 11       BEQ $0011     [8496B2] A:0000 X:0000 Y:03A2 S:0120 D:0000 DB:86 nvMxdiZc V:  1 H:230 F:26
							8496B2 A9 00       LDA #$00               A:0000 X:0000 Y:03A2 S:0120 D:0000 DB:86 nvMxdiZc V:  1 H:234 F:26
							8496B4 60          RTS                    A:0000 X:0000 Y:03A2 S:0120 D:0000 DB:86 nvMxdiZc V:  1 H:237 F:26

						849603 F0 11       BEQ $0011     [849616] A:0000 X:0000 Y:03A2 S:0122 D:0000 DB:86 nvMxdiZc V:  1 H:247 F:26
						849616 A6 2C       LDX $2C       [00002C] A:0000 X:0000 Y:03A2 S:0122 D:0000 DB:86 nvMxdiZc V:  1 H:252 F:26
						849618 20 08 93    JSR $9308     [849308] A:0000 X:0E68 Y:03A2 S:0122 D:0000 DB:86 nvMxdizc V:  1 H:259 F:26

							849308 A5 14       LDA $14       [000014] A:0000 X:0E68 Y:03A2 S:0120 D:0000 DB:86 nvMxdizc V:  1 H:269 F:26
							84930A F0 08       BEQ $0008     [849314] A:0000 X:0E68 Y:03A2 S:0120 D:0000 DB:86 nvMxdiZc V:  1 H:274 F:26
							849314 60          RTS                    A:0000 X:0E68 Y:03A2 S:0120 D:0000 DB:86 nvMxdiZc V:  1 H:278 F:26

						84961B 60          RTS                    A:0000 X:0E68 Y:03A2 S:0122 D:0000 DB:86 nvMxdiZc V:  1 H:288 F:26

					8492A9 C2 30       REP #$30               A:0000 X:0E68 Y:03A2 S:0124 D:0000 DB:86 nvMxdiZc V:  1 H:298 F:26
					8492AB 60          RTS                    A:0000 X:0E68 Y:03A2 S:0124 D:0000 DB:86 nvmxdiZc V:  1 H:303 F:26

				8491DB 2B          PLD                    A:0000 X:0E68 Y:03A2 S:0126 D:0000 DB:86 nvmxdiZc V:  1 H:313 F:26
				8491DC 28          PLP                    A:0000 X:0E68 Y:03A2 S:0128 D:0E68 DB:86 nvmxdizc V:  1 H:321 F:26
				8491DD 6B          RTL                    A:0000 X:0068 Y:00A2 S:0129 D:0E68 DB:86 NvMXdizc V:  1 H:327 F:26

			88A0E7 A5 2B       LDA $2B       [000E93] A:0000 X:0068 Y:00A2 S:012C D:0E68 DB:86 NvMXdizc V:  1 H:337 F:26
			88A0E9 29 03       AND #$03               A:0000 X:0068 Y:00A2 S:012C D:0E68 DB:86 nvMXdiZc V:  2 H:  4 F:26
			88A0EB F0 12       BEQ $0012     [88A0FF] A:0000 X:0068 Y:00A2 S:012C D:0E68 DB:86 nvMXdiZc V:  2 H:  7 F:26		Branch because E-Miscbitflag bit #$03 is not set
			88A0FF C2 20       REP #$20               A:0000 X:0068 Y:00A2 S:012C D:0E68 DB:86 nvMXdiZc V:  2 H: 11 F:26
			88A101 A9 D6 CF    LDA #$CFD6             A:0000 X:0068 Y:00A2 S:012C D:0E68 DB:86 nvmXdiZc V:  2 H: 16 F:26		E-Hitboxpoint = #$CFD6
			88A104 85 20       STA $20       [000E88] A:CFD6 X:0068 Y:00A2 S:012C D:0E68 DB:86 NvmXdizc V:  2 H: 20 F:26
			88A106 E2 20       SEP #$20               A:CFD6 X:0068 Y:00A2 S:012C D:0E68 DB:86 NvmXdizc V:  2 H: 29 F:26
			88A108 22 03 9B 84 JSL $849B03   [849B03] A:CFD6 X:0068 Y:00A2 S:012C D:0E68 DB:86 NvMXdizc V:  2 H: 33 F:26		JSL $849B03 --> Various general checks

				849B03 C2 10       REP #$10               A:CFD6 X:0068 Y:00A2 S:0129 D:0E68 DB:86 NvMXdizc V:  2 H: 47 F:26
				849B05 A5 27       LDA $27       [000E8F] A:CFD6 X:0068 Y:00A2 S:0129 D:0E68 DB:86 NvMxdizc V:  2 H: 51 F:26
				849B07 F0 70       BEQ $0070     [849B79] A:CF20 X:0068 Y:00A2 S:0129 D:0E68 DB:86 nvMxdizc V:  2 H: 58 F:26
				849B09 A5 0E       LDA $0E       [000E76] A:CF20 X:0068 Y:00A2 S:0129 D:0E68 DB:86 nvMxdizc V:  2 H: 61 F:26
				849B0B F0 31       BEQ $0031     [849B3E] A:CF01 X:0068 Y:00A2 S:0129 D:0E68 DB:86 nvMxdizc V:  2 H: 67 F:26
				849B0D AD 0C 1F    LDA $1F0C     [861F0C] A:CF01 X:0068 Y:00A2 S:0129 D:0E68 DB:86 nvMxdizc V:  2 H: 70 F:26
				849B10 D0 2C       BNE $002C     [849B3E] A:CF00 X:0068 Y:00A2 S:0129 D:0E68 DB:86 nvMxdiZc V:  2 H: 77 F:26
				849B12 AD 32 0C    LDA $0C32     [860C32] A:CF00 X:0068 Y:00A2 S:0129 D:0E68 DB:86 nvMxdiZc V:  2 H: 80 F:26
				849B15 D0 11       BNE $0011     [849B28] A:CF08 X:0068 Y:00A2 S:0129 D:0E68 DB:86 nvMxdizc V:  2 H: 86 F:26
				849B28 AD 18 0E    LDA $0E18     [860E18] A:CF08 X:0068 Y:00A2 S:0129 D:0E68 DB:86 nvMxdizc V:  2 H: 91 F:26
				849B2B F0 11       BEQ $0011     [849B3E] A:CF00 X:0068 Y:00A2 S:0129 D:0E68 DB:86 nvMxdiZc V:  2 H: 97 F:26
				849B3E E2 10       SEP #$10               A:CF00 X:0068 Y:00A2 S:0129 D:0E68 DB:86 nvMxdiZc V:  2 H:102 F:26
				849B40 A9 00       LDA #$00               A:CF00 X:0068 Y:00A2 S:0129 D:0E68 DB:86 nvMXdiZc V:  2 H:106 F:26
				849B42 6B          RTL                    A:CF00 X:0068 Y:00A2 S:0129 D:0E68 DB:86 nvMXdiZc V:  2 H:109 F:26

			88A10C 60          RTS                    A:CF00 X:0068 Y:00A2 S:012C D:0E68 DB:86 nvMXdiZc V:  2 H:120 F:26

		889D7B AD CF 0B    LDA $0BCF     [860BCF] A:CF00 X:0068 Y:00A2 S:012E D:0E68 DB:86 nvMXdiZc V:  2 H:130 F:26
