80D4F6 20 30 D5    JSR $D530     [80D530] A:0E01 X:0000 Y:00B9 S:0133 D:0E68 DB:86 nvMXdizC V:247 H:164 F:59

	80D530 C2 20       REP #$20               A:0E01 X:0000 Y:00B9 S:0131 D:0E68 DB:86 nvMXdizC V:247 H:174 F:59
	80D532 A5 05       LDA $05       [000E6D] A:0E01 X:0000 Y:00B9 S:0131 D:0E68 DB:86 nvmXdizC V:247 H:179 F:59
	80D534 85 22       STA $22       [000E8A] A:1D40 X:0000 Y:00B9 S:0131 D:0E68 DB:86 nvmXdizC V:247 H:187 F:59
	80D536 A5 08       LDA $08       [000E70] A:1D40 X:0000 Y:00B9 S:0131 D:0E68 DB:86 nvmXdizC V:247 H:196 F:59
	80D538 85 24       STA $24       [000E8C] A:03A2 X:0000 Y:00B9 S:0131 D:0E68 DB:86 nvmXdizC V:247 H:204 F:59
	80D53A E2 20       SEP #$20               A:03A2 X:0000 Y:00B9 S:0131 D:0E68 DB:86 nvmXdizC V:247 H:213 F:59
	80D53C A9 80       LDA #$80               A:03A2 X:0000 Y:00B9 S:0131 D:0E68 DB:86 nvMXdizC V:247 H:217 F:59
	80D53E 14 0E       TRB $0E       [000E76] A:0380 X:0000 Y:00B9 S:0131 D:0E68 DB:86 NvMXdizC V:247 H:220 F:59
	80D540 A5 0A       LDA $0A       [000E72] A:0380 X:0000 Y:00B9 S:0131 D:0E68 DB:86 NvMXdizC V:247 H:230 F:59
	80D542 0A          ASL A                  A:0331 X:0000 Y:00B9 S:0131 D:0E68 DB:86 nvMXdizC V:247 H:237 F:59
	80D543 AA          TAX                    A:0362 X:0000 Y:00B9 S:0131 D:0E68 DB:86 nvMXdizc V:247 H:240 F:59
	80D544 7C DD F8    JMP ($F8DD,X) [80F93F] A:0362 X:0062 Y:00B9 S:0131 D:0E68 DB:86 nvMXdizc V:247 H:243 F:59

	80FAA6 22 E1 9B 88 JSL $889BE1   [889BE1] A:0362 X:0062 Y:00B9 S:0131 D:0E68 DB:86 nvMXdizc V:247 H:252 F:59

		889BE1 A6 01       LDX $01       [000E69] A:0362 X:0062 Y:00B9 S:012E D:0E68 DB:86 nvMXdizc V:247 H:265 F:59
		889BE3 7C E6 9B    JMP ($9BE6,X) [889BEA] A:0362 X:0004 Y:00B9 S:012E D:0E68 DB:86 nvMXdizc V:247 H:272 F:59

		889D6E A9 0E       LDA #$0E               A:0362 X:0004 Y:00B9 S:012E D:0E68 DB:86 nvMXdizc V:247 H:281 F:59
		889D70 14 11       TRB $11       [000E79] A:030E X:0004 Y:00B9 S:012E D:0E68 DB:86 nvMXdizc V:247 H:284 F:59
		889D72 A5 33       LDA $33       [000E9B] A:030E X:0004 Y:00B9 S:012E D:0E68 DB:86 nvMXdizc V:247 H:294 F:59
		889D74 04 11       TSB $11       [000E79] A:0308 X:0004 Y:00B9 S:012E D:0E68 DB:86 nvMXdizc V:247 H:300 F:59
		889D76 A6 02       LDX $02       [000E6A] A:0308 X:0004 Y:00B9 S:012E D:0E68 DB:86 nvMXdiZc V:247 H:310 F:59
		889D78 FC 2C 9E    JSR ($9E2C,X) [889E30] A:0308 X:0004 Y:00B9 S:012E D:0E68 DB:86 nvMXdizc V:247 H:317 F:59

			88A059 A6 03       LDX $03       [000E6B] A:0308 X:0004 Y:00B9 S:012C D:0E68 DB:86 nvMXdizc V:247 H:329 F:59
			88A05B 7C 5E A0    JMP ($A05E,X) [88A062] A:0308 X:0004 Y:00B9 S:012C D:0E68 DB:86 nvMXdizc V:247 H:335 F:59

			88A10D 22 EA 8E 84 JSL $848EEA   [848EEA] A:0308 X:0004 Y:00B9 S:012C D:0E68 DB:86 nvMXdizc V:248 H:  4 F:59		JSL $848EEA --> Decrease Countdown routine

				848EEA 08          PHP                    A:0308 X:0004 Y:00B9 S:0129 D:0E68 DB:86 nvMXdizc V:248 H: 18 F:59
				848EEB 8B          PHB                    A:0308 X:0004 Y:00B9 S:0128 D:0E68 DB:86 nvMXdizc V:248 H: 23 F:59
				848EEC E2 30       SEP #$30               A:0308 X:0004 Y:00B9 S:0127 D:0E68 DB:86 nvMXdizc V:248 H: 28 F:59
				848EEE C6 13       DEC $13       [000E7B] A:0308 X:0004 Y:00B9 S:0127 D:0E68 DB:86 nvMXdizc V:248 H: 32 F:59
				848EF0 D0 5D       BNE $005D     [848F4F] A:0308 X:0004 Y:00B9 S:0127 D:0E68 DB:86 nvMXdiZc V:248 H: 42 F:59
				848EF2 A9 AF       LDA #$AF               A:0308 X:0004 Y:00B9 S:0127 D:0E68 DB:86 nvMXdiZc V:248 H: 45 F:59
				848EF4 48          PHA                    A:03AF X:0004 Y:00B9 S:0127 D:0E68 DB:86 NvMXdizc V:248 H: 48 F:59
				848EF5 AB          PLB                    A:03AF X:0004 Y:00B9 S:0126 D:0E68 DB:86 NvMXdizc V:248 H: 53 F:59
				848EF6 C2 21       REP #$21               A:03AF X:0004 Y:00B9 S:0127 D:0E68 DB:AF NvMXdizc V:248 H: 60 F:59
				848EF8 A5 14       LDA $14       [000E7C] A:03AF X:0004 Y:00B9 S:0127 D:0E68 DB:AF NvmXdizc V:248 H: 64 F:59
				848EFA 69 03 00    ADC #$0003             A:DFC5 X:0004 Y:00B9 S:0127 D:0E68 DB:AF NvmXdizc V:248 H: 73 F:59
				848EFD A4 0F       LDY $0F       [000E77] A:DFC8 X:0004 Y:00B9 S:0127 D:0E68 DB:AF NvmXdizc V:248 H: 77 F:59
				848EFF 10 37       BPL $0037     [848F38] A:DFC8 X:0004 Y:0000 S:0127 D:0E68 DB:AF nvmXdiZc V:248 H: 84 F:59
				848F38 85 14       STA $14       [000E7C] A:DFC8 X:0004 Y:0000 S:0127 D:0E68 DB:AF nvmXdiZc V:248 H: 88 F:59
				848F3A E2 30       SEP #$30               A:DFC8 X:0004 Y:0000 S:0127 D:0E68 DB:AF nvmXdiZc V:248 H: 97 F:59
				848F3C B2 14       LDA ($14)     [AFDFC8] A:DFC8 X:0004 Y:0000 S:0127 D:0E68 DB:AF nvMXdiZc V:248 H:101 F:59
				848F3E 85 13       STA $13       [000E7B] A:DF01 X:0004 Y:0000 S:0127 D:0E68 DB:AF nvMXdizc V:248 H:111 F:59
				848F40 A0 01       LDY #$01               A:DF01 X:0004 Y:0000 S:0127 D:0E68 DB:AF nvMXdizc V:248 H:118 F:59
				848F42 B1 14       LDA ($14),Y   [AFDFC9] A:DF01 X:0004 Y:0001 S:0127 D:0E68 DB:AF nvMXdizc V:248 H:121 F:59
				848F44 85 0F       STA $0F       [000E77] A:DF01 X:0004 Y:0001 S:0127 D:0E68 DB:AF nvMXdizc V:248 H:131 F:59	CDAction = #$01
				848F46 C8          INY                    A:DF01 X:0004 Y:0001 S:0127 D:0E68 DB:AF nvMXdizc V:248 H:147 F:59
				848F47 B1 14       LDA ($14),Y   [AFDFCA] A:DF01 X:0004 Y:0002 S:0127 D:0E68 DB:AF nvMXdizc V:248 H:150 F:59
				848F49 85 17       STA $17       [000E7F] A:DF0A X:0004 Y:0002 S:0127 D:0E68 DB:AF nvMXdizc V:248 H:160 F:59
				848F4B A9 80       LDA #$80               A:DF0A X:0004 Y:0002 S:0127 D:0E68 DB:AF nvMXdizc V:248 H:167 F:59
				848F4D 04 17       TSB $17       [000E7F] A:DF80 X:0004 Y:0002 S:0127 D:0E68 DB:AF NvMXdizc V:248 H:170 F:59
				848F4F AB          PLB                    A:DF80 X:0004 Y:0002 S:0127 D:0E68 DB:AF NvMXdiZc V:248 H:180 F:59
				848F50 28          PLP                    A:DF80 X:0004 Y:0002 S:0128 D:0E68 DB:86 NvMXdizc V:248 H:186 F:59
				848F51 6B          RTL                    A:DF80 X:0004 Y:0002 S:0129 D:0E68 DB:86 nvMXdizc V:248 H:193 F:59

			88A111 A5 0F       LDA $0F       [000E77] A:DF80 X:0004 Y:0002 S:012C D:0E68 DB:86 nvMXdizc V:248 H:203 F:59
			88A113 F0 0C       BEQ $000C     [88A121] A:DF01 X:0004 Y:0002 S:012C D:0E68 DB:86 nvMXdizc V:248 H:210 F:59		Branch if CDAction = #$00
			88A115 A9 06       LDA #$06               A:DF01 X:0004 Y:0002 S:012C D:0E68 DB:86 nvMXdizc V:248 H:213 F:59		Subaction = #$06
			88A117 85 03       STA $03       [000E6B] A:DF06 X:0004 Y:0002 S:012C D:0E68 DB:86 nvMXdizc V:248 H:216 F:59
			88A119 A9 1E       LDA #$1E               A:DF06 X:0004 Y:0002 S:012C D:0E68 DB:86 nvMXdizc V:248 H:222 F:59		Countdown2 = #$1E
			88A11B 85 34       STA $34       [000E9C] A:DF1E X:0004 Y:0002 S:012C D:0E68 DB:86 nvMXdizc V:248 H:225 F:59		
			88A11D 22 16 A3 84 JSL $84A316   [84A316] A:DF1E X:0004 Y:0002 S:012C D:0E68 DB:86 nvMXdizc V:248 H:232 F:59		JSL $84A316 --> Shake Screen effect. A = Duration of shake.

				84A316 08          PHP                    A:DF1E X:0004 Y:0002 S:0129 D:0E68 DB:86 nvMXdizc V:248 H:245 F:59
				84A317 E2 30       SEP #$30               A:DF1E X:0004 Y:0002 S:0128 D:0E68 DB:86 nvMXdizc V:248 H:250 F:59
				84A319 A2 03       LDX #$03               A:DF1E X:0004 Y:0002 S:0128 D:0E68 DB:86 nvMXdizc V:248 H:255 F:59	
				84A31B A0 01       LDY #$01               A:DF1E X:0003 Y:0002 S:0128 D:0E68 DB:86 nvMXdizc V:248 H:258 F:59
				84A31D 80 03       BRA $0003     [84A322] A:DF1E X:0003 Y:0001 S:0128 D:0E68 DB:86 nvMXdizc V:248 H:261 F:59
				84A322 8D 79 1E    STA $1E79     [861E79] A:DF1E X:0003 Y:0001 S:0128 D:0E68 DB:86 nvMXdizc V:248 H:265 F:59	$7E1E79 = Duration
				84A325 8E 82 1E    STX $1E82     [861E82] A:DF1E X:0003 Y:0001 S:0128 D:0E68 DB:86 nvMXdizc V:248 H:272 F:59	$7E1E82 = Amplitude of shake
				84A328 8C 7E 1E    STY $1E7E     [861E7E] A:DF1E X:0003 Y:0001 S:0128 D:0E68 DB:86 nvMXdizc V:248 H:278 F:59	$7E1E7E = Cooldown between each shake
				84A32B 8C 80 1E    STY $1E80     [861E80] A:DF1E X:0003 Y:0001 S:0128 D:0E68 DB:86 nvMXdizc V:248 H:285 F:59	$7E1E80 = Cooldown between each shake
				84A32E 9C 84 1E    STZ $1E84     [861E84] A:DF1E X:0003 Y:0001 S:0128 D:0E68 DB:86 nvMXdizc V:248 H:291 F:59	$7E1E84 = ????
				84A331 A9 01       LDA #$01               A:DF1E X:0003 Y:0001 S:0128 D:0E68 DB:86 nvMXdizc V:248 H:298 F:59
				84A333 0C 78 1E    TSB $1E78     [861E78] A:DF01 X:0003 Y:0001 S:0128 D:0E68 DB:86 nvMXdizc V:248 H:301 F:59	$7E1E78 = Shake Exist
				84A336 28          PLP                    A:DF01 X:0003 Y:0001 S:0128 D:0E68 DB:86 nvMXdiZc V:248 H:311 F:59
				84A337 6B          RTL                    A:DF01 X:0003 Y:0001 S:0129 D:0E68 DB:86 nvMXdizc V:248 H:317 F:59

			88A121 60          RTS                    A:DF01 X:0003 Y:0001 S:012C D:0E68 DB:86 nvMXdizc V:248 H:327 F:59

		889D7B AD CF 0B    LDA $0BCF     [860BCF] A:DF01 X:0003 Y:0001 S:012E D:0E68 DB:86 nvMXdizc V:248 H:337 F:59
