80D4F6 20 30 D5    JSR $D530     [80D530] A:0E01 X:0000 Y:00B9 S:0133 D:0E68 DB:86 nvMXdizC V:247 H:165 F:30

	80D530 C2 20       REP #$20               A:0E01 X:0000 Y:00B9 S:0131 D:0E68 DB:86 nvMXdizC V:247 H:175 F:30
	80D532 A5 05       LDA $05       [000E6D] A:0E01 X:0000 Y:00B9 S:0131 D:0E68 DB:86 nvmXdizC V:247 H:180 F:30
	80D534 85 22       STA $22       [000E8A] A:1D40 X:0000 Y:00B9 S:0131 D:0E68 DB:86 nvmXdizC V:247 H:188 F:30
	80D536 A5 08       LDA $08       [000E70] A:1D40 X:0000 Y:00B9 S:0131 D:0E68 DB:86 nvmXdizC V:247 H:197 F:30
	80D538 85 24       STA $24       [000E8C] A:03A2 X:0000 Y:00B9 S:0131 D:0E68 DB:86 nvmXdizC V:247 H:205 F:30
	80D53A E2 20       SEP #$20               A:03A2 X:0000 Y:00B9 S:0131 D:0E68 DB:86 nvmXdizC V:247 H:214 F:30
	80D53C A9 80       LDA #$80               A:03A2 X:0000 Y:00B9 S:0131 D:0E68 DB:86 nvMXdizC V:247 H:218 F:30
	80D53E 14 0E       TRB $0E       [000E76] A:0380 X:0000 Y:00B9 S:0131 D:0E68 DB:86 NvMXdizC V:247 H:221 F:30
	80D540 A5 0A       LDA $0A       [000E72] A:0380 X:0000 Y:00B9 S:0131 D:0E68 DB:86 NvMXdizC V:247 H:231 F:30
	80D542 0A          ASL A                  A:0331 X:0000 Y:00B9 S:0131 D:0E68 DB:86 nvMXdizC V:247 H:238 F:30
	80D543 AA          TAX                    A:0362 X:0000 Y:00B9 S:0131 D:0E68 DB:86 nvMXdizc V:247 H:241 F:30
	80D544 7C DD F8    JMP ($F8DD,X) [80F93F] A:0362 X:0062 Y:00B9 S:0131 D:0E68 DB:86 nvMXdizc V:247 H:244 F:30

	80FAA6 22 E1 9B 88 JSL $889BE1   [889BE1] A:0362 X:0062 Y:00B9 S:0131 D:0E68 DB:86 nvMXdizc V:247 H:253 F:30

		889BE1 A6 01       LDX $01       [000E69] A:0362 X:0062 Y:00B9 S:012E D:0E68 DB:86 nvMXdizc V:247 H:266 F:30
		889BE3 7C E6 9B    JMP ($9BE6,X) [889BEA] A:0362 X:0004 Y:00B9 S:012E D:0E68 DB:86 nvMXdizc V:247 H:273 F:30

		889D6E A9 0E       LDA #$0E               A:0362 X:0004 Y:00B9 S:012E D:0E68 DB:86 nvMXdizc V:247 H:282 F:30
		889D70 14 11       TRB $11       [000E79] A:030E X:0004 Y:00B9 S:012E D:0E68 DB:86 nvMXdizc V:247 H:285 F:30
		889D72 A5 33       LDA $33       [000E9B] A:030E X:0004 Y:00B9 S:012E D:0E68 DB:86 nvMXdizc V:247 H:295 F:30
		889D74 04 11       TSB $11       [000E79] A:0308 X:0004 Y:00B9 S:012E D:0E68 DB:86 nvMXdizc V:247 H:301 F:30
		889D76 A6 02       LDX $02       [000E6A] A:0308 X:0004 Y:00B9 S:012E D:0E68 DB:86 nvMXdiZc V:247 H:311 F:30
		889D78 FC 2C 9E    JSR ($9E2C,X) [889E30] A:0308 X:0004 Y:00B9 S:012E D:0E68 DB:86 nvMXdizc V:247 H:318 F:30

			88A059 A6 03       LDX $03       [000E6B] A:0308 X:0004 Y:00B9 S:012C D:0E68 DB:86 nvMXdizc V:247 H:330 F:30
			88A05B 7C 5E A0    JMP ($A05E,X) [88A064] A:0308 X:0006 Y:00B9 S:012C D:0E68 DB:86 nvMXdizc V:247 H:336 F:30

			88A122 C2 20       REP #$20               A:0308 X:0006 Y:00B9 S:012C D:0E68 DB:86 nvMXdizc V:248 H:  5 F:30
			88A124 A9 D6 CF    LDA #$CFD6             A:0308 X:0006 Y:00B9 S:012C D:0E68 DB:86 nvmXdizc V:248 H: 10 F:30
			88A127 85 20       STA $20       [000E88] A:CFD6 X:0006 Y:00B9 S:012C D:0E68 DB:86 NvmXdizc V:248 H: 14 F:30
			88A129 E2 20       SEP #$20               A:CFD6 X:0006 Y:00B9 S:012C D:0E68 DB:86 NvmXdizc V:248 H: 23 F:30
			88A12B 22 03 9B 84 JSL $849B03   [849B03] A:CFD6 X:0006 Y:00B9 S:012C D:0E68 DB:86 NvMXdizc V:248 H: 27 F:30			JSL $849B03 --> Various general checks

				849B03 C2 10       REP #$10               A:CFD6 X:0006 Y:00B9 S:0129 D:0E68 DB:86 NvMXdizc V:248 H: 41 F:30
				849B05 A5 27       LDA $27       [000E8F] A:CFD6 X:0006 Y:00B9 S:0129 D:0E68 DB:86 NvMxdizc V:248 H: 45 F:30
				849B07 F0 70       BEQ $0070     [849B79] A:CF20 X:0006 Y:00B9 S:0129 D:0E68 DB:86 nvMxdizc V:248 H: 52 F:30
				849B09 A5 0E       LDA $0E       [000E76] A:CF20 X:0006 Y:00B9 S:0129 D:0E68 DB:86 nvMxdizc V:248 H: 55 F:30
				849B0B F0 31       BEQ $0031     [849B3E] A:CF01 X:0006 Y:00B9 S:0129 D:0E68 DB:86 nvMxdizc V:248 H: 61 F:30
				849B0D AD 0C 1F    LDA $1F0C     [861F0C] A:CF01 X:0006 Y:00B9 S:0129 D:0E68 DB:86 nvMxdizc V:248 H: 64 F:30
				849B10 D0 2C       BNE $002C     [849B3E] A:CF00 X:0006 Y:00B9 S:0129 D:0E68 DB:86 nvMxdiZc V:248 H: 71 F:30
				849B12 AD 32 0C    LDA $0C32     [860C32] A:CF00 X:0006 Y:00B9 S:0129 D:0E68 DB:86 nvMxdiZc V:248 H: 74 F:30
				849B15 D0 11       BNE $0011     [849B28] A:CF00 X:0006 Y:00B9 S:0129 D:0E68 DB:86 nvMxdiZc V:248 H: 80 F:30
				849B17 AD 30 0C    LDA $0C30     [860C30] A:CF00 X:0006 Y:00B9 S:0129 D:0E68 DB:86 nvMxdiZc V:248 H: 83 F:30
				849B1A D0 0C       BNE $000C     [849B28] A:CF00 X:0006 Y:00B9 S:0129 D:0E68 DB:86 nvMxdiZc V:248 H: 90 F:30
				849B1C A2 A8 0B    LDX #$0BA8             A:CF00 X:0006 Y:00B9 S:0129 D:0E68 DB:86 nvMxdiZc V:248 H: 93 F:30
				849B1F 22 0E 9C 84 JSL $849C0E   [849C0E] A:CF00 X:0BA8 Y:00B9 S:0129 D:0E68 DB:86 nvMxdizc V:248 H: 97 F:30

					849C0E 5A          PHY                    A:CF00 X:0BA8 Y:00B9 S:0126 D:0E68 DB:86 nvMxdizc V:248 H:111 F:30
					849C0F A4 20       LDY $20       [000E88] A:CF00 X:0BA8 Y:00B9 S:0124 D:0E68 DB:86 nvMxdizc V:248 H:118 F:30
					849C11 D0 03       BNE $0003     [849C16] A:CF00 X:0BA8 Y:CFD6 S:0124 D:0E68 DB:86 NvMxdizc V:248 H:126 F:30
					849C16 BC 20 00    LDY $0020,X   [860BC8] A:CF00 X:0BA8 Y:CFD6 S:0124 D:0E68 DB:86 NvMxdizc V:248 H:131 F:30
					849C19 D0 03       BNE $0003     [849C1E] A:CF00 X:0BA8 Y:A552 S:0124 D:0E68 DB:86 NvMxdizc V:248 H:151 F:30
					849C1E C2 20       REP #$20               A:CF00 X:0BA8 Y:A552 S:0124 D:0E68 DB:86 NvMxdizc V:248 H:155 F:30
					849C20 DA          PHX                    A:CF00 X:0BA8 Y:A552 S:0124 D:0E68 DB:86 Nvmxdizc V:248 H:160 F:30
					849C21 BD 05 00    LDA $0005,X   [860BAD] A:CF00 X:0BA8 Y:A552 S:0122 D:0E68 DB:86 Nvmxdizc V:248 H:167 F:30
					849C24 8D 04 00    STA $0004     [860004] A:1D17 X:0BA8 Y:A552 S:0122 D:0E68 DB:86 nvmxdizc V:248 H:177 F:30
					849C27 BD 08 00    LDA $0008,X   [860BB0] A:1D17 X:0BA8 Y:A552 S:0122 D:0E68 DB:86 nvmxdizc V:248 H:185 F:30
					849C2A 8D 06 00    STA $0006     [860006] A:03AF X:0BA8 Y:A552 S:0122 D:0E68 DB:86 nvmxdizc V:248 H:195 F:30
					849C2D A5 05       LDA $05       [000E6D] A:03AF X:0BA8 Y:A552 S:0122 D:0E68 DB:86 nvmxdizc V:248 H:204 F:30
					849C2F 8D 0C 00    STA $000C     [86000C] A:1D40 X:0BA8 Y:A552 S:0122 D:0E68 DB:86 nvmxdizc V:248 H:212 F:30
					849C32 A5 08       LDA $08       [000E70] A:1D40 X:0BA8 Y:A552 S:0122 D:0E68 DB:86 nvmxdizc V:248 H:221 F:30
					849C34 8D 0E 00    STA $000E     [86000E] A:03A2 X:0BA8 Y:A552 S:0122 D:0E68 DB:86 nvmxdizc V:248 H:229 F:30
					849C37 E2 20       SEP #$20               A:03A2 X:0BA8 Y:A552 S:0122 D:0E68 DB:86 nvmxdizc V:248 H:238 F:30
					849C39 BD 11 00    LDA $0011,X   [860BB9] A:03A2 X:0BA8 Y:A552 S:0122 D:0E68 DB:86 nvMxdizc V:248 H:242 F:30
					849C3C 8D 08 00    STA $0008     [860008] A:0362 X:0BA8 Y:A552 S:0122 D:0E68 DB:86 nvMxdizc V:248 H:250 F:30
					849C3F A5 11       LDA $11       [000E79] A:0362 X:0BA8 Y:A552 S:0122 D:0E68 DB:86 nvMxdizc V:248 H:257 F:30
					849C41 8D 09 00    STA $0009     [860009] A:0329 X:0BA8 Y:A552 S:0122 D:0E68 DB:86 nvMxdizc V:248 H:263 F:30
					849C44 BC 20 00    LDY $0020,X   [860BC8] A:0329 X:0BA8 Y:A552 S:0122 D:0E68 DB:86 nvMxdizc V:248 H:270 F:30
					849C47 A6 20       LDX $20       [000E88] A:0329 X:0BA8 Y:A552 S:0122 D:0E68 DB:86 NvMxdizc V:248 H:280 F:30
					849C49 0B          PHD                    A:0329 X:CFD6 Y:A552 S:0122 D:0E68 DB:86 NvMxdizc V:248 H:288 F:30
					849C4A F4 00 00    PEA $0000              A:0329 X:CFD6 Y:A552 S:0120 D:0E68 DB:86 NvMxdizc V:248 H:295 F:30
					849C4D 2B          PLD                    A:0329 X:CFD6 Y:A552 S:011E D:0E68 DB:86 NvMxdizc V:248 H:304 F:30
					849C4E BD 02 00    LDA $0002,X   [86CFD8] A:0329 X:CFD6 Y:A552 S:0120 D:0000 DB:86 nvMxdiZc V:248 H:312 F:30
					849C51 18          CLC                    A:0318 X:CFD6 Y:A552 S:0120 D:0000 DB:86 nvMxdizc V:248 H:320 F:30
					849C52 79 02 00    ADC $0002,Y   [86A554] A:0318 X:CFD6 Y:A552 S:0120 D:0000 DB:86 nvMxdizc V:248 H:323 F:30
					849C55 85 00       STA $00       [000000] A:031E X:CFD6 Y:A552 S:0120 D:0000 DB:86 nvMxdizc V:248 H:329 F:30
					849C57 64 01       STZ $01       [000001] A:031E X:CFD6 Y:A552 S:0120 D:0000 DB:86 nvMxdizc V:248 H:334 F:30
					849C59 BD 03 00    LDA $0003,X   [86CFD9] A:031E X:CFD6 Y:A552 S:0120 D:0000 DB:86 nvMxdizc V:248 H:339 F:30
					849C5C 18          CLC                    A:0307 X:CFD6 Y:A552 S:0120 D:0000 DB:86 nvMxdizc V:249 H:  7 F:30
					849C5D 79 03 00    ADC $0003,Y   [86A555] A:0307 X:CFD6 Y:A552 S:0120 D:0000 DB:86 nvMxdizc V:249 H: 10 F:30
					849C60 85 02       STA $02       [000002] A:0315 X:CFD6 Y:A552 S:0120 D:0000 DB:86 nvMxdizc V:249 H: 17 F:30
					849C62 64 03       STZ $03       [000003] A:0315 X:CFD6 Y:A552 S:0120 D:0000 DB:86 nvMxdizc V:249 H: 22 F:30
					849C64 C2 21       REP #$21               A:0315 X:CFD6 Y:A552 S:0120 D:0000 DB:86 nvMxdizc V:249 H: 27 F:30
					849C66 B9 00 00    LDA $0000,Y   [86A552] A:0315 X:CFD6 Y:A552 S:0120 D:0000 DB:86 nvmxdizc V:249 H: 32 F:30
					849C69 29 FF 00    AND #$00FF             A:FF00 X:CFD6 Y:A552 S:0120 D:0000 DB:86 Nvmxdizc V:249 H: 41 F:30
					849C6C 89 80 00    BIT #$0080             A:0000 X:CFD6 Y:A552 S:0120 D:0000 DB:86 nvmxdiZc V:249 H: 45 F:30
					849C6F F0 03       BEQ $0003     [849C74] A:0000 X:CFD6 Y:A552 S:0120 D:0000 DB:86 nvmxdiZc V:249 H: 50 F:30
					849C74 24 07       BIT $07       [000007] A:0000 X:CFD6 Y:A552 S:0120 D:0000 DB:86 nvmxdiZc V:249 H: 54 F:30
					849C76 50 04       BVC $0004     [849C7C] A:0000 X:CFD6 Y:A552 S:0120 D:0000 DB:86 nVmxdiZc V:249 H: 61 F:30
					849C78 49 FF FF    EOR #$FFFF             A:0000 X:CFD6 Y:A552 S:0120 D:0000 DB:86 nVmxdiZc V:249 H: 64 F:30
					849C7B 1A          INC                    A:FFFF X:CFD6 Y:A552 S:0120 D:0000 DB:86 NVmxdizc V:249 H: 69 F:30
					849C7C 85 0A       STA $0A       [00000A] A:0000 X:CFD6 Y:A552 S:0120 D:0000 DB:86 nVmxdiZc V:249 H: 72 F:30
					849C7E 64 10       STZ $10       [000010] A:0000 X:CFD6 Y:A552 S:0120 D:0000 DB:86 nVmxdiZc V:249 H: 79 F:30
					849C80 BD 00 00    LDA $0000,X   [86CFD6] A:0000 X:CFD6 Y:A552 S:0120 D:0000 DB:86 nVmxdiZc V:249 H: 86 F:30
					849C83 29 FF 00    AND #$00FF             A:FCE8 X:CFD6 Y:A552 S:0120 D:0000 DB:86 NVmxdizc V:249 H: 95 F:30
					849C86 89 80 00    BIT #$0080             A:00E8 X:CFD6 Y:A552 S:0120 D:0000 DB:86 nVmxdizc V:249 H: 99 F:30
					849C89 F0 03       BEQ $0003     [849C8E] A:00E8 X:CFD6 Y:A552 S:0120 D:0000 DB:86 nVmxdizc V:249 H:104 F:30
					849C8B 09 00 FF    ORA #$FF00             A:00E8 X:CFD6 Y:A552 S:0120 D:0000 DB:86 nVmxdizc V:249 H:107 F:30
					849C8E 24 08       BIT $08       [000008] A:FFE8 X:CFD6 Y:A552 S:0120 D:0000 DB:86 NVmxdizc V:249 H:111 F:30
					849C90 50 04       BVC $0004     [849C96] A:FFE8 X:CFD6 Y:A552 S:0120 D:0000 DB:86 nvmxdizc V:249 H:118 F:30
					849C96 65 0C       ADC $0C       [00000C] A:FFE8 X:CFD6 Y:A552 S:0120 D:0000 DB:86 nvmxdizc V:249 H:123 F:30
					849C98 38          SEC                    A:1D28 X:CFD6 Y:A552 S:0120 D:0000 DB:86 nvmxdizC V:249 H:130 F:30
					849C99 E5 04       SBC $04       [000004] A:1D28 X:CFD6 Y:A552 S:0120 D:0000 DB:86 nvmxdizC V:249 H:133 F:30
					849C9B 38          SEC                    A:0011 X:CFD6 Y:A552 S:0120 D:0000 DB:86 nvmxdizC V:249 H:150 F:30
					849C9C E5 0A       SBC $0A       [00000A] A:0011 X:CFD6 Y:A552 S:0120 D:0000 DB:86 nvmxdizC V:249 H:153 F:30
					849C9E 10 06       BPL $0006     [849CA6] A:0011 X:CFD6 Y:A552 S:0120 D:0000 DB:86 nvmxdizC V:249 H:160 F:30
					849CA6 85 04       STA $04       [000004] A:0011 X:CFD6 Y:A552 S:0120 D:0000 DB:86 nvmxdizC V:249 H:164 F:30
					849CA8 A5 00       LDA $00       [000000] A:0011 X:CFD6 Y:A552 S:0120 D:0000 DB:86 nvmxdizC V:249 H:171 F:30
					849CAA 38          SEC                    A:001E X:CFD6 Y:A552 S:0120 D:0000 DB:86 nvmxdizC V:249 H:178 F:30
					849CAB E5 04       SBC $04       [000004] A:001E X:CFD6 Y:A552 S:0120 D:0000 DB:86 nvmxdizC V:249 H:181 F:30
					849CAD 1A          INC                    A:000D X:CFD6 Y:A552 S:0120 D:0000 DB:86 nvmxdizC V:249 H:188 F:30
					849CAE 85 04       STA $04       [000004] A:000E X:CFD6 Y:A552 S:0120 D:0000 DB:86 nvmxdizC V:249 H:191 F:30
					849CB0 24 0F       BIT $0F       [00000F] A:000E X:CFD6 Y:A552 S:0120 D:0000 DB:86 nvmxdizC V:249 H:198 F:30
					849CB2 30 04       BMI $0004     [849CB8] A:000E X:CFD6 Y:A552 S:0120 D:0000 DB:86 nvmxdizC V:249 H:205 F:30
					849CB4 49 FF FF    EOR #$FFFF             A:000E X:CFD6 Y:A552 S:0120 D:0000 DB:86 nvmxdizC V:249 H:208 F:30
					849CB7 1A          INC                    A:FFF1 X:CFD6 Y:A552 S:0120 D:0000 DB:86 NvmxdizC V:249 H:213 F:30
					849CB8 85 00       STA $00       [000000] A:FFF2 X:CFD6 Y:A552 S:0120 D:0000 DB:86 NvmxdizC V:249 H:216 F:30
					849CBA 90 45       BCC $0045     [849D01] A:FFF2 X:CFD6 Y:A552 S:0120 D:0000 DB:86 NvmxdizC V:249 H:223 F:30
					849CBC B9 01 00    LDA $0001,Y   [86A553] A:FFF2 X:CFD6 Y:A552 S:0120 D:0000 DB:86 NvmxdizC V:249 H:226 F:30
					849CBF 29 FF 00    AND #$00FF             A:06FF X:CFD6 Y:A552 S:0120 D:0000 DB:86 nvmxdizC V:249 H:235 F:30
					849CC2 89 80 00    BIT #$0080             A:00FF X:CFD6 Y:A552 S:0120 D:0000 DB:86 nvmxdizC V:249 H:239 F:30
					849CC5 F0 03       BEQ $0003     [849CCA] A:00FF X:CFD6 Y:A552 S:0120 D:0000 DB:86 nvmxdizC V:249 H:244 F:30
					849CC7 09 00 FF    ORA #$FF00             A:00FF X:CFD6 Y:A552 S:0120 D:0000 DB:86 nvmxdizC V:249 H:247 F:30
					849CCA 85 0A       STA $0A       [00000A] A:FFFF X:CFD6 Y:A552 S:0120 D:0000 DB:86 NvmxdizC V:249 H:251 F:30
					849CCC 64 10       STZ $10       [000010] A:FFFF X:CFD6 Y:A552 S:0120 D:0000 DB:86 NvmxdizC V:249 H:258 F:30
					849CCE BD 01 00    LDA $0001,X   [86CFD7] A:FFFF X:CFD6 Y:A552 S:0120 D:0000 DB:86 NvmxdizC V:249 H:265 F:30
					849CD1 29 FF 00    AND #$00FF             A:18FC X:CFD6 Y:A552 S:0120 D:0000 DB:86 nvmxdizC V:249 H:274 F:30
					849CD4 89 80 00    BIT #$0080             A:00FC X:CFD6 Y:A552 S:0120 D:0000 DB:86 nvmxdizC V:249 H:279 F:30
					849CD7 F0 03       BEQ $0003     [849CDC] A:00FC X:CFD6 Y:A552 S:0120 D:0000 DB:86 nvmxdizC V:249 H:283 F:30
					849CD9 09 00 FF    ORA #$FF00             A:00FC X:CFD6 Y:A552 S:0120 D:0000 DB:86 nvmxdizC V:249 H:286 F:30
					849CDC 18          CLC                    A:FFFC X:CFD6 Y:A552 S:0120 D:0000 DB:86 NvmxdizC V:249 H:291 F:30
					849CDD 65 0E       ADC $0E       [00000E] A:FFFC X:CFD6 Y:A552 S:0120 D:0000 DB:86 Nvmxdizc V:249 H:294 F:30
					849CDF 38          SEC                    A:039E X:CFD6 Y:A552 S:0120 D:0000 DB:86 nvmxdizC V:249 H:301 F:30
					849CE0 E5 06       SBC $06       [000006] A:039E X:CFD6 Y:A552 S:0120 D:0000 DB:86 nvmxdizC V:249 H:304 F:30
					849CE2 38          SEC                    A:FFEF X:CFD6 Y:A552 S:0120 D:0000 DB:86 Nvmxdizc V:249 H:311 F:30
					849CE3 E5 0A       SBC $0A       [00000A] A:FFEF X:CFD6 Y:A552 S:0120 D:0000 DB:86 NvmxdizC V:249 H:314 F:30
					849CE5 10 06       BPL $0006     [849CED] A:FFF0 X:CFD6 Y:A552 S:0120 D:0000 DB:86 Nvmxdizc V:249 H:321 F:30
					849CE7 C6 10       DEC $10       [000010] A:FFF0 X:CFD6 Y:A552 S:0120 D:0000 DB:86 Nvmxdizc V:249 H:323 F:30
					849CE9 49 FF FF    EOR #$FFFF             A:FFF0 X:CFD6 Y:A552 S:0120 D:0000 DB:86 Nvmxdizc V:249 H:335 F:30
					849CEC 1A          INC                    A:000F X:CFD6 Y:A552 S:0120 D:0000 DB:86 nvmxdizc V:250 H:  0 F:30
					849CED 85 06       STA $06       [000006] A:0010 X:CFD6 Y:A552 S:0120 D:0000 DB:86 nvmxdizc V:250 H:  3 F:30
					849CEF A5 02       LDA $02       [000002] A:0010 X:CFD6 Y:A552 S:0120 D:0000 DB:86 nvmxdizc V:250 H: 10 F:30
					849CF1 38          SEC                    A:0015 X:CFD6 Y:A552 S:0120 D:0000 DB:86 nvmxdizc V:250 H: 17 F:30
					849CF2 E5 06       SBC $06       [000006] A:0015 X:CFD6 Y:A552 S:0120 D:0000 DB:86 nvmxdizC V:250 H: 20 F:30
					849CF4 1A          INC                    A:0005 X:CFD6 Y:A552 S:0120 D:0000 DB:86 nvmxdizC V:250 H: 27 F:30
					849CF5 85 06       STA $06       [000006] A:0006 X:CFD6 Y:A552 S:0120 D:0000 DB:86 nvmxdizC V:250 H: 30 F:30
					849CF7 24 0F       BIT $0F       [00000F] A:0006 X:CFD6 Y:A552 S:0120 D:0000 DB:86 nvmxdizC V:250 H: 37 F:30
					849CF9 30 04       BMI $0004     [849CFF] A:0006 X:CFD6 Y:A552 S:0120 D:0000 DB:86 NVmxdizC V:250 H: 44 F:30
					849CFF 85 02       STA $02       [000002] A:0006 X:CFD6 Y:A552 S:0120 D:0000 DB:86 NVmxdizC V:250 H: 48 F:30
					849D01 E2 20       SEP #$20               A:0006 X:CFD6 Y:A552 S:0120 D:0000 DB:86 NVmxdizC V:250 H: 55 F:30
					849D03 2B          PLD                    A:0006 X:CFD6 Y:A552 S:0120 D:0000 DB:86 NVMxdizC V:250 H: 60 F:30
					849D04 FA          PLX                    A:0006 X:CFD6 Y:A552 S:0122 D:0E68 DB:86 nVMxdizC V:250 H: 68 F:30
					849D05 7A          PLY                    A:0006 X:0BA8 Y:A552 S:0124 D:0E68 DB:86 nVMxdizC V:250 H: 77 F:30
					849D06 6B          RTL                    A:0006 X:0BA8 Y:00B9 S:0126 D:0E68 DB:86 nVMxdizC V:250 H: 85 F:30

				849B23 90 19       BCC $0019     [849B3E] A:0006 X:0BA8 Y:00B9 S:0129 D:0E68 DB:86 nVMxdizC V:250 H: 96 F:30
				849B25 4C 07 9D    JMP $9D07     [849D07] A:0006 X:0BA8 Y:00B9 S:0129 D:0E68 DB:86 nVMxdizC V:250 H: 99 F:30

				849D07 AF 05 05 70 LDA $700505   [700505] A:0006 X:0BA8 Y:00B9 S:0129 D:0E68 DB:86 nVMxdizC V:250 H:103 F:30
				849D0B 1A          INC                    A:0070 X:0BA8 Y:00B9 S:0129 D:0E68 DB:86 nVMxdizC V:250 H:111 F:30
				849D0C 8F 05 05 70 STA $700505   [700505] A:0071 X:0BA8 Y:00B9 S:0129 D:0E68 DB:86 nVMxdizC V:250 H:114 F:30
				849D10 CF 05 05 70 CMP $700505   [700505] A:0071 X:0BA8 Y:00B9 S:0129 D:0E68 DB:86 nVMxdizC V:250 H:122 F:30
				849D14 F0 0A       BEQ $000A     [849D20] A:0071 X:0BA8 Y:00B9 S:0129 D:0E68 DB:86 nVMxdizC V:250 H:130 F:30
				849D16 CE 9F 1F    DEC $1F9F     [861F9F] A:0071 X:0BA8 Y:00B9 S:0129 D:0E68 DB:86 nVMxdizC V:250 H:143 F:30
				849D19 10 0D       BPL $000D     [849D28] A:0071 X:0BA8 Y:00B9 S:0129 D:0E68 DB:86 NVMxdizC V:250 H:153 F:30
				849D1B 9C 9F 1F    STZ $1F9F     [861F9F] A:0071 X:0BA8 Y:00B9 S:0129 D:0E68 DB:86 NVMxdizC V:250 H:156 F:30
				849D1E 80 08       BRA $0008     [849D28] A:0071 X:0BA8 Y:00B9 S:0129 D:0E68 DB:86 NVMxdizC V:250 H:163 F:30
				849D28 A5 26       LDA $26       [000E8E] A:0071 X:0BA8 Y:00B9 S:0129 D:0E68 DB:86 NVMxdizC V:250 H:167 F:30
				849D2A F0 52       BEQ $0052     [849D7E] A:0006 X:0BA8 Y:00B9 S:0129 D:0E68 DB:86 nVMxdizC V:250 H:174 F:30
				849D2C 30 50       BMI $0050     [849D7E] A:0006 X:0BA8 Y:00B9 S:0129 D:0E68 DB:86 nVMxdizC V:250 H:177 F:30
				849D2E EE D8 0B    INC $0BD8     [860BD8] A:0006 X:0BA8 Y:00B9 S:0129 D:0E68 DB:86 nVMxdizC V:250 H:180 F:30
				849D31 EE 32 0C    INC $0C32     [860C32] A:0006 X:0BA8 Y:00B9 S:0129 D:0E68 DB:86 nVMxdizC V:250 H:190 F:30	Toggle Shock?
				849D34 A9 0E       LDA #$0E               A:0006 X:0BA8 Y:00B9 S:0129 D:0E68 DB:86 nVMxdizC V:250 H:200 F:30
				849D36 8D AA 0B    STA $0BAA     [860BAA] A:000E X:0BA8 Y:00B9 S:0129 D:0E68 DB:86 nVMxdizC V:250 H:203 F:30
				849D39 9C AB 0B    STZ $0BAB     [860BAB] A:000E X:0BA8 Y:00B9 S:0129 D:0E68 DB:86 nVMxdizC V:250 H:209 F:30
				849D3C A5 26       LDA $26       [000E8E] A:000E X:0BA8 Y:00B9 S:0129 D:0E68 DB:86 nVMxdizC V:250 H:216 F:30
				849D3E 8D 00 00    STA $0000     [860000] A:0006 X:0BA8 Y:00B9 S:0129 D:0E68 DB:86 nVMxdizC V:250 H:222 F:30
				849D41 AD 99 1F    LDA $1F99     [861F99] A:0006 X:0BA8 Y:00B9 S:0129 D:0E68 DB:86 nVMxdizC V:250 H:229 F:30
				849D44 89 04       BIT #$04               A:0008 X:0BA8 Y:00B9 S:0129 D:0E68 DB:86 nVMxdizC V:250 H:235 F:30
				849D46 F0 08       BEQ $0008     [849D50] A:0008 X:0BA8 Y:00B9 S:0129 D:0E68 DB:86 nVMxdiZC V:250 H:238 F:30
				849D50 AD CF 0B    LDA $0BCF     [860BCF] A:0008 X:0BA8 Y:00B9 S:0129 D:0E68 DB:86 nVMxdiZC V:250 H:243 F:30
				849D53 29 7F       AND #$7F               A:0020 X:0BA8 Y:00B9 S:0129 D:0E68 DB:86 nVMxdizC V:250 H:249 F:30
				849D55 38          SEC                    A:0020 X:0BA8 Y:00B9 S:0129 D:0E68 DB:86 nVMxdizC V:250 H:252 F:30
				849D56 ED 00 00    SBC $0000     [860000] A:0020 X:0BA8 Y:00B9 S:0129 D:0E68 DB:86 nVMxdizC V:250 H:255 F:30
				849D59 8D CF 0B    STA $0BCF     [860BCF] A:001A X:0BA8 Y:00B9 S:0129 D:0E68 DB:86 nvMxdizC V:250 H:262 F:30
				849D5C F0 02       BEQ $0002     [849D60] A:001A X:0BA8 Y:00B9 S:0129 D:0E68 DB:86 nvMxdizC V:250 H:268 F:30
				849D5E 10 0B       BPL $000B     [849D6B] A:001A X:0BA8 Y:00B9 S:0129 D:0E68 DB:86 nvMxdizC V:250 H:271 F:30
				849D6B A9 80       LDA #$80               A:001A X:0BA8 Y:00B9 S:0129 D:0E68 DB:86 nvMxdizC V:250 H:276 F:30
				849D6D 0C CF 0B    TSB $0BCF     [860BCF] A:0080 X:0BA8 Y:00B9 S:0129 D:0E68 DB:86 NvMxdizC V:250 H:279 F:30
				849D70 A9 00       LDA #$00               A:0080 X:0BA8 Y:00B9 S:0129 D:0E68 DB:86 NvMxdiZC V:250 H:289 F:30
				849D72 A4 05       LDY $05       [000E6D] A:0000 X:0BA8 Y:00B9 S:0129 D:0E68 DB:86 nvMxdiZC V:250 H:292 F:30
				849D74 CC AD 0B    CPY $0BAD     [860BAD] A:0000 X:0BA8 Y:1D40 S:0129 D:0E68 DB:86 nvMxdizC V:250 H:300 F:30
				849D77 90 02       BCC $0002     [849D7B] A:0000 X:0BA8 Y:1D40 S:0129 D:0E68 DB:86 nvMxdizC V:250 H:309 F:30
				849D79 A9 40       LDA #$40               A:0000 X:0BA8 Y:1D40 S:0129 D:0E68 DB:86 nvMxdizC V:250 H:312 F:30
				849D7B 8D 11 0C    STA $0C11     [860C11] A:0040 X:0BA8 Y:1D40 S:0129 D:0E68 DB:86 nvMxdizC V:250 H:315 F:30
				849D7E E2 10       SEP #$10               A:0040 X:0BA8 Y:1D40 S:0129 D:0E68 DB:86 nvMxdizC V:250 H:321 F:30
				849D80 A9 01       LDA #$01               A:0040 X:00A8 Y:0040 S:0129 D:0E68 DB:86 nvMXdizC V:250 H:325 F:30
				849D82 6B          RTL                    A:0001 X:00A8 Y:0040 S:0129 D:0E68 DB:86 nvMXdizC V:250 H:328 F:30

			88A12F 22 EA 8E 84 JSL $848EEA   [848EEA] A:0001 X:00A8 Y:0040 S:012C D:0E68 DB:86 nvMXdizC V:250 H:338 F:30

				848EEA 08          PHP                    A:0001 X:00A8 Y:0040 S:0129 D:0E68 DB:86 nvMXdizC V:251 H: 12 F:30
				848EEB 8B          PHB                    A:0001 X:00A8 Y:0040 S:0128 D:0E68 DB:86 nvMXdizC V:251 H: 17 F:30
				848EEC E2 30       SEP #$30               A:0001 X:00A8 Y:0040 S:0127 D:0E68 DB:86 nvMXdizC V:251 H: 22 F:30
				848EEE C6 13       DEC $13       [000E7B] A:0001 X:00A8 Y:0040 S:0127 D:0E68 DB:86 nvMXdizC V:251 H: 26 F:30
				848EF0 D0 5D       BNE $005D     [848F4F] A:0001 X:00A8 Y:0040 S:0127 D:0E68 DB:86 nvMXdiZC V:251 H: 36 F:30
				848EF2 A9 AF       LDA #$AF               A:0001 X:00A8 Y:0040 S:0127 D:0E68 DB:86 nvMXdiZC V:251 H: 39 F:30
				848EF4 48          PHA                    A:00AF X:00A8 Y:0040 S:0127 D:0E68 DB:86 NvMXdizC V:251 H: 42 F:30
				848EF5 AB          PLB                    A:00AF X:00A8 Y:0040 S:0126 D:0E68 DB:86 NvMXdizC V:251 H: 47 F:30
				848EF6 C2 21       REP #$21               A:00AF X:00A8 Y:0040 S:0127 D:0E68 DB:AF NvMXdizC V:251 H: 54 F:30
				848EF8 A5 14       LDA $14       [000E7C] A:00AF X:00A8 Y:0040 S:0127 D:0E68 DB:AF NvmXdizc V:251 H: 58 F:30
				848EFA 69 03 00    ADC #$0003             A:DFC8 X:00A8 Y:0040 S:0127 D:0E68 DB:AF NvmXdizc V:251 H: 67 F:30
				848EFD A4 0F       LDY $0F       [000E77] A:DFCB X:00A8 Y:0040 S:0127 D:0E68 DB:AF NvmXdizc V:251 H: 71 F:30
				848EFF 10 37       BPL $0037     [848F38] A:DFCB X:00A8 Y:0001 S:0127 D:0E68 DB:AF nvmXdizc V:251 H: 78 F:30
				848F38 85 14       STA $14       [000E7C] A:DFCB X:00A8 Y:0001 S:0127 D:0E68 DB:AF nvmXdizc V:251 H: 82 F:30
				848F3A E2 30       SEP #$30               A:DFCB X:00A8 Y:0001 S:0127 D:0E68 DB:AF nvmXdizc V:251 H: 91 F:30
				848F3C B2 14       LDA ($14)     [AFDFCB] A:DFCB X:00A8 Y:0001 S:0127 D:0E68 DB:AF nvMXdizc V:251 H: 95 F:30
				848F3E 85 13       STA $13       [000E7B] A:DF01 X:00A8 Y:0001 S:0127 D:0E68 DB:AF nvMXdizc V:251 H:105 F:30
				848F40 A0 01       LDY #$01               A:DF01 X:00A8 Y:0001 S:0127 D:0E68 DB:AF nvMXdizc V:251 H:112 F:30
				848F42 B1 14       LDA ($14),Y   [AFDFCC] A:DF01 X:00A8 Y:0001 S:0127 D:0E68 DB:AF nvMXdizc V:251 H:115 F:30
				848F44 85 0F       STA $0F       [000E77] A:DF00 X:00A8 Y:0001 S:0127 D:0E68 DB:AF nvMXdiZc V:251 H:125 F:30
				848F46 C8          INY                    A:DF00 X:00A8 Y:0001 S:0127 D:0E68 DB:AF nvMXdiZc V:251 H:131 F:30
				848F47 B1 14       LDA ($14),Y   [AFDFCD] A:DF00 X:00A8 Y:0002 S:0127 D:0E68 DB:AF nvMXdizc V:251 H:144 F:30
				848F49 85 17       STA $17       [000E7F] A:DF0A X:00A8 Y:0002 S:0127 D:0E68 DB:AF nvMXdizc V:251 H:154 F:30
				848F4B A9 80       LDA #$80               A:DF0A X:00A8 Y:0002 S:0127 D:0E68 DB:AF nvMXdizc V:251 H:161 F:30
				848F4D 04 17       TSB $17       [000E7F] A:DF80 X:00A8 Y:0002 S:0127 D:0E68 DB:AF NvMXdizc V:251 H:164 F:30
				848F4F AB          PLB                    A:DF80 X:00A8 Y:0002 S:0127 D:0E68 DB:AF NvMXdiZc V:251 H:174 F:30
				848F50 28          PLP                    A:DF80 X:00A8 Y:0002 S:0128 D:0E68 DB:86 NvMXdizc V:251 H:180 F:30
				848F51 6B          RTL                    A:DF80 X:00A8 Y:0002 S:0129 D:0E68 DB:86 nvMXdizC V:251 H:187 F:30

			88A133 C6 34       DEC $34       [000E9C] A:DF80 X:00A8 Y:0002 S:012C D:0E68 DB:86 nvMXdizC V:251 H:197 F:30
			88A135 D0 0F       BNE $000F     [88A146] A:DF80 X:00A8 Y:0002 S:012C D:0E68 DB:86 nvMXdizC V:251 H:207 F:30
			88A146 AD 32 0C    LDA $0C32     [860C32] A:DF80 X:00A8 Y:0002 S:012C D:0E68 DB:86 nvMXdizC V:251 H:212 F:30
			88A149 D0 12       BNE $0012     [88A15D] A:DF01 X:00A8 Y:0002 S:012C D:0E68 DB:86 nvMXdizC V:251 H:218 F:30
			88A15D 60          RTS                    A:DF01 X:00A8 Y:0002 S:012C D:0E68 DB:86 nvMXdizC V:251 H:223 F:30

		889D7B AD CF 0B    LDA $0BCF     [860BCF] A:DF01 X:00A8 Y:0002 S:012E D:0E68 DB:86 nvMXdizC V:251 H:233 F:30
