80D4F6 20 30 D5    JSR $D530     [80D530] A:0E01 X:0000 Y:00BC S:0133 D:0E68 DB:86 nvMXdizC V:247 H:212 F:55

	80D530 C2 20       REP #$20               A:0E01 X:0000 Y:00BC S:0131 D:0E68 DB:86 nvMXdizC V:247 H:222 F:55
	80D532 A5 05       LDA $05       [000E6D] A:0E01 X:0000 Y:00BC S:0131 D:0E68 DB:86 nvmXdizC V:247 H:227 F:55
	80D534 85 22       STA $22       [000E8A] A:1DBC X:0000 Y:00BC S:0131 D:0E68 DB:86 nvmXdizC V:247 H:235 F:55
	80D536 A5 08       LDA $08       [000E70] A:1DBC X:0000 Y:00BC S:0131 D:0E68 DB:86 nvmXdizC V:247 H:244 F:55
	80D538 85 24       STA $24       [000E8C] A:03A2 X:0000 Y:00BC S:0131 D:0E68 DB:86 nvmXdizC V:247 H:252 F:55
	80D53A E2 20       SEP #$20               A:03A2 X:0000 Y:00BC S:0131 D:0E68 DB:86 nvmXdizC V:247 H:261 F:55
	80D53C A9 80       LDA #$80               A:03A2 X:0000 Y:00BC S:0131 D:0E68 DB:86 nvMXdizC V:247 H:265 F:55
	80D53E 14 0E       TRB $0E       [000E76] A:0380 X:0000 Y:00BC S:0131 D:0E68 DB:86 NvMXdizC V:247 H:268 F:55
	80D540 A5 0A       LDA $0A       [000E72] A:0380 X:0000 Y:00BC S:0131 D:0E68 DB:86 NvMXdizC V:247 H:278 F:55
	80D542 0A          ASL A                  A:0331 X:0000 Y:00BC S:0131 D:0E68 DB:86 nvMXdizC V:247 H:285 F:55
	80D543 AA          TAX                    A:0362 X:0000 Y:00BC S:0131 D:0E68 DB:86 nvMXdizc V:247 H:288 F:55
	80D544 7C DD F8    JMP ($F8DD,X) [80F93F] A:0362 X:0062 Y:00BC S:0131 D:0E68 DB:86 nvMXdizc V:247 H:291 F:55

	80FAA6 22 E1 9B 88 JSL $889BE1   [889BE1] A:0362 X:0062 Y:00BC S:0131 D:0E68 DB:86 nvMXdizc V:247 H:300 F:55

		889BE1 A6 01       LDX $01       [000E69] A:0362 X:0062 Y:00BC S:012E D:0E68 DB:86 nvMXdizc V:247 H:313 F:55
		889BE3 7C E6 9B    JMP ($9BE6,X) [889BEA] A:0362 X:0004 Y:00BC S:012E D:0E68 DB:86 nvMXdizc V:247 H:320 F:55

		889D6E A9 0E       LDA #$0E               A:0362 X:0004 Y:00BC S:012E D:0E68 DB:86 nvMXdizc V:247 H:328 F:55
		889D70 14 11       TRB $11       [000E79] A:030E X:0004 Y:00BC S:012E D:0E68 DB:86 nvMXdizc V:247 H:331 F:55
		889D72 A5 33       LDA $33       [000E9B] A:030E X:0004 Y:00BC S:012E D:0E68 DB:86 nvMXdizc V:248 H:  1 F:55
		889D74 04 11       TSB $11       [000E79] A:0308 X:0004 Y:00BC S:012E D:0E68 DB:86 nvMXdizc V:248 H:  7 F:55
		889D76 A6 02       LDX $02       [000E6A] A:0308 X:0004 Y:00BC S:012E D:0E68 DB:86 nvMXdiZc V:248 H: 17 F:55
		889D78 FC 2C 9E    JSR ($9E2C,X) [889E30] A:0308 X:0004 Y:00BC S:012E D:0E68 DB:86 nvMXdizc V:248 H: 24 F:55

			88A059 A6 03       LDX $03       [000E6B] A:0308 X:0004 Y:00BC S:012C D:0E68 DB:86 nvMXdizc V:248 H: 37 F:55
			88A05B 7C 5E A0    JMP ($A05E,X) [88A060] A:0308 X:0002 Y:00BC S:012C D:0E68 DB:86 nvMXdizc V:248 H: 43 F:55

			88A0CE 22 EA 8E 84 JSL $848EEA   [848EEA] A:0308 X:0002 Y:00BC S:012C D:0E68 DB:86 nvMXdizc V:248 H: 52 F:55		JSL $848EEA --> Decrease Countdown Routine

				848EEA 08          PHP                    A:0308 X:0002 Y:00BC S:0129 D:0E68 DB:86 nvMXdizc V:248 H: 66 F:55
				848EEB 8B          PHB                    A:0308 X:0002 Y:00BC S:0128 D:0E68 DB:86 nvMXdizc V:248 H: 71 F:55
				848EEC E2 30       SEP #$30               A:0308 X:0002 Y:00BC S:0127 D:0E68 DB:86 nvMXdizc V:248 H: 76 F:55
				848EEE C6 13       DEC $13       [000E7B] A:0308 X:0002 Y:00BC S:0127 D:0E68 DB:86 nvMXdizc V:248 H: 80 F:55
				848EF0 D0 5D       BNE $005D     [848F4F] A:0308 X:0002 Y:00BC S:0127 D:0E68 DB:86 nvMXdizc V:248 H: 90 F:55
				848F4F AB          PLB                    A:0308 X:0002 Y:00BC S:0127 D:0E68 DB:86 nvMXdizc V:248 H: 95 F:55
				848F50 28          PLP                    A:0308 X:0002 Y:00BC S:0128 D:0E68 DB:86 NvMXdizc V:248 H:101 F:55
				848F51 6B          RTL                    A:0308 X:0002 Y:00BC S:0129 D:0E68 DB:86 nvMXdizc V:248 H:108 F:55

			88A0D2 A5 0F       LDA $0F       [000E77] A:0308 X:0002 Y:00BC S:012C D:0E68 DB:86 nvMXdizc V:248 H:118 F:55
			88A0D4 10 29       BPL $0029     [88A0FF] A:0380 X:0002 Y:00BC S:012C D:0E68 DB:86 NvMXdizc V:248 H:125 F:55
			88A0D6 22 3E 82 82 JSL $82823E   [82823E] A:0380 X:0002 Y:00BC S:012C D:0E68 DB:86 NvMXdizc V:248 H:128 F:55		JSL $82823E --> Update X-Pos, X-Vel

				82823E 08          PHP                    A:0380 X:0002 Y:00BC S:0129 D:0E68 DB:86 NvMXdizc V:248 H:151 F:55
				82823F C2 21       REP #$21               A:0380 X:0002 Y:00BC S:0128 D:0E68 DB:86 NvMXdizc V:248 H:156 F:55
				828241 A5 04       LDA $04       [000E6C] A:0380 X:0002 Y:00BC S:0128 D:0E68 DB:86 NvmXdizc V:248 H:161 F:55
				828243 65 1A       ADC $1A       [000E82] A:BC00 X:0002 Y:00BC S:0128 D:0E68 DB:86 NvmXdizc V:248 H:169 F:55
				828245 85 04       STA $04       [000E6C] A:C000 X:0002 Y:00BC S:0128 D:0E68 DB:86 NvmXdizc V:248 H:178 F:55
				828247 E2 20       SEP #$20               A:C000 X:0002 Y:00BC S:0128 D:0E68 DB:86 NvmXdizc V:248 H:186 F:55
				828249 24 1B       BIT $1B       [000E83] A:C000 X:0002 Y:00BC S:0128 D:0E68 DB:86 NvMXdizc V:248 H:191 F:55
				82824B 30 08       BMI $0008     [828255] A:C000 X:0002 Y:00BC S:0128 D:0E68 DB:86 nvMXdiZc V:248 H:197 F:55
				82824D A5 06       LDA $06       [000E6E] A:C000 X:0002 Y:00BC S:0128 D:0E68 DB:86 nvMXdiZc V:248 H:200 F:55
				82824F 69 00       ADC #$00               A:C01D X:0002 Y:00BC S:0128 D:0E68 DB:86 nvMXdizc V:248 H:207 F:55
				828251 85 06       STA $06       [000E6E] A:C01D X:0002 Y:00BC S:0128 D:0E68 DB:86 nvMXdizc V:248 H:210 F:55
				828253 28          PLP                    A:C01D X:0002 Y:00BC S:0128 D:0E68 DB:86 nvMXdizc V:248 H:216 F:55
				828254 6B          RTL                    A:C01D X:0002 Y:00BC S:0129 D:0E68 DB:86 NvMXdizc V:248 H:223 F:55

			88A0DA C2 20       REP #$20               A:C01D X:0002 Y:00BC S:012C D:0E68 DB:86 NvMXdizc V:248 H:233 F:55
			88A0DC A9 D1 CF    LDA #$CFD1             A:C01D X:0002 Y:00BC S:012C D:0E68 DB:86 NvmXdizc V:248 H:238 F:55		E-HitboxPoint = #$CFD1
			88A0DF 85 20       STA $20       [000E88] A:CFD1 X:0002 Y:00BC S:012C D:0E68 DB:86 NvmXdizc V:248 H:242 F:55
			88A0E1 E2 20       SEP #$20               A:CFD1 X:0002 Y:00BC S:012C D:0E68 DB:86 NvmXdizc V:248 H:251 F:55
			88A0E3 22 BE 91 84 JSL $8491BE   [8491BE] A:CFD1 X:0002 Y:00BC S:012C D:0E68 DB:86 NvMXdizc V:248 H:255 F:55		JSL $8491BE --> Check for colissions and adjust position

				8491BE 08          PHP                    A:CFD1 X:0002 Y:00BC S:0129 D:0E68 DB:86 NvMXdizc V:248 H:269 F:55
				8491BF 0B          PHD                    A:CFD1 X:0002 Y:00BC S:0128 D:0E68 DB:86 NvMXdizc V:248 H:274 F:55
				8491C0 C2 30       REP #$30               A:CFD1 X:0002 Y:00BC S:0126 D:0E68 DB:86 NvMXdizc V:248 H:281 F:55
				8491C2 A5 20       LDA $20       [000E88] A:CFD1 X:0002 Y:00BC S:0126 D:0E68 DB:86 Nvmxdizc V:248 H:285 F:55
				8491C4 F0 15       BEQ $0015     [8491DB] A:CFD1 X:0002 Y:00BC S:0126 D:0E68 DB:86 Nvmxdizc V:248 H:294 F:55
				8491C6 7B          TDC                    A:CFD1 X:0002 Y:00BC S:0126 D:0E68 DB:86 Nvmxdizc V:248 H:297 F:55
				8491C7 AA          TAX                    A:0E68 X:0002 Y:00BC S:0126 D:0E68 DB:86 nvmxdizc V:248 H:300 F:55
				8491C8 A9 00 00    LDA #$0000             A:0E68 X:0E68 Y:00BC S:0126 D:0E68 DB:86 nvmxdizc V:248 H:303 F:55
				8491CB 5B          TCD                    A:0000 X:0E68 Y:00BC S:0126 D:0E68 DB:86 nvmxdiZc V:248 H:307 F:55
				8491CC 64 14       STZ $14       [000014] A:0000 X:0E68 Y:00BC S:0126 D:0000 DB:86 nvmxdiZc V:248 H:310 F:55
				8491CE B5 2B       LDA $2B,X     [000E93] A:0000 X:0E68 Y:00BC S:0126 D:0000 DB:86 nvmxdiZc V:248 H:317 F:55
				8491D0 29 00 FF    AND #$FF00             A:0000 X:0E68 Y:00BC S:0126 D:0000 DB:86 nvmxdiZc V:248 H:325 F:55
				8491D3 95 2B       STA $2B,X     [000E93] A:0000 X:0E68 Y:00BC S:0126 D:0000 DB:86 nvmxdiZc V:248 H:329 F:55
				8491D5 20 AC 92    JSR $92AC     [8492AC] A:0000 X:0E68 Y:00BC S:0126 D:0000 DB:86 nvmxdiZc V:248 H:338 F:55

					8492AC C2 30       REP #$30               A:0000 X:0E68 Y:00BC S:0124 D:0000 DB:86 nvmxdiZc V:249 H:  8 F:55
					8492AE B5 05       LDA $05,X     [000E6D] A:0000 X:0E68 Y:00BC S:0124 D:0000 DB:86 nvmxdiZc V:249 H: 12 F:55
					8492B0 38          SEC                    A:1DC0 X:0E68 Y:00BC S:0124 D:0000 DB:86 nvmxdizc V:249 H: 21 F:55
					8492B1 F5 22       SBC $22,X     [000E8A] A:1DC0 X:0E68 Y:00BC S:0124 D:0000 DB:86 nvmxdizC V:249 H: 24 F:55
					8492B3 85 00       STA $00       [000000] A:0004 X:0E68 Y:00BC S:0124 D:0000 DB:86 nvmxdizC V:249 H: 32 F:55
					8492B5 E2 20       SEP #$20               A:0004 X:0E68 Y:00BC S:0124 D:0000 DB:86 nvmxdizC V:249 H: 39 F:55
					8492B7 F0 4C       BEQ $004C     [849305] A:0004 X:0E68 Y:00BC S:0124 D:0000 DB:86 nvMxdizC V:249 H: 44 F:55
					8492B9 B4 20       LDY $20,X     [000E88] A:0004 X:0E68 Y:00BC S:0124 D:0000 DB:86 nvMxdizC V:249 H: 47 F:55
					8492BB B9 05 00    LDA $0005,Y   [86CFD6] A:0004 X:0E68 Y:CFD1 S:0124 D:0000 DB:86 NvMxdizC V:249 H: 55 F:55
					8492BE 34 11       BIT $11,X     [000E79] A:00E8 X:0E68 Y:CFD1 S:0124 D:0000 DB:86 NvMxdizC V:249 H: 63 F:55
					8492C0 50 03       BVC $0003     [8492C5] A:00E8 X:0E68 Y:CFD1 S:0124 D:0000 DB:86 nVMxdizC V:249 H: 69 F:55
					8492C2 49 FF       EOR #$FF               A:00E8 X:0E68 Y:CFD1 S:0124 D:0000 DB:86 nVMxdizC V:249 H: 72 F:55
					8492C4 1A          INC                    A:0017 X:0E68 Y:CFD1 S:0124 D:0000 DB:86 nVMxdizC V:249 H: 75 F:55
					8492C5 24 00       BIT $00       [000000] A:0018 X:0E68 Y:CFD1 S:0124 D:0000 DB:86 nVMxdizC V:249 H: 78 F:55
					8492C7 10 06       BPL $0006     [8492CF] A:0018 X:0E68 Y:CFD1 S:0124 D:0000 DB:86 nvMxdiZC V:249 H: 83 F:55
					8492CF 18          CLC                    A:0018 X:0E68 Y:CFD1 S:0124 D:0000 DB:86 nvMxdiZC V:249 H: 88 F:55
					8492D0 79 07 00    ADC $0007,Y   [86CFD8] A:0018 X:0E68 Y:CFD1 S:0124 D:0000 DB:86 nvMxdiZc V:249 H: 91 F:55
					8492D3 95 29       STA $29,X     [000E91] A:0030 X:0E68 Y:CFD1 S:0124 D:0000 DB:86 nvMxdizc V:249 H: 98 F:55
					8492D5 B9 06 00    LDA $0006,Y   [86CFD7] A:0030 X:0E68 Y:CFD1 S:0124 D:0000 DB:86 nvMxdizc V:249 H:105 F:55
					8492D8 95 2A       STA $2A,X     [000E92] A:00FC X:0E68 Y:CFD1 S:0124 D:0000 DB:86 NvMxdizc V:249 H:112 F:55
					8492DA 20 15 93    JSR $9315     [849315] A:00FC X:0E68 Y:CFD1 S:0124 D:0000 DB:86 NvMxdizc V:249 H:119 F:55

						849315 20 B3 90    JSR $90B3     [8490B3] A:00FC X:0E68 Y:CFD1 S:0122 D:0000 DB:86 NvMxdizc V:249 H:129 F:55

							8490B3 0B          PHD                    A:00FC X:0E68 Y:CFD1 S:0120 D:0000 DB:86 NvMxdizc V:249 H:149 F:55
							8490B4 DA          PHX                    A:00FC X:0E68 Y:CFD1 S:011E D:0000 DB:86 NvMxdizc V:249 H:156 F:55
							8490B5 08          PHP                    A:00FC X:0E68 Y:CFD1 S:011C D:0000 DB:86 NvMxdizc V:249 H:163 F:55
							8490B6 E2 20       SEP #$20               A:00FC X:0E68 Y:CFD1 S:011B D:0000 DB:86 NvMxdizc V:249 H:168 F:55
							8490B8 C2 10       REP #$10               A:00FC X:0E68 Y:CFD1 S:011B D:0000 DB:86 NvMxdizc V:249 H:172 F:55
							8490BA 64 01       STZ $01       [000001] A:00FC X:0E68 Y:CFD1 S:011B D:0000 DB:86 NvMxdizc V:249 H:177 F:55
							8490BC B5 29       LDA $29,X     [000E91] A:00FC X:0E68 Y:CFD1 S:011B D:0000 DB:86 NvMxdizc V:249 H:182 F:55
							8490BE 10 02       BPL $0002     [8490C2] A:0030 X:0E68 Y:CFD1 S:011B D:0000 DB:86 nvMxdizc V:249 H:188 F:55
							8490C2 18          CLC                    A:0030 X:0E68 Y:CFD1 S:011B D:0000 DB:86 nvMxdizc V:249 H:193 F:55
							8490C3 75 05       ADC $05,X     [000E6D] A:0030 X:0E68 Y:CFD1 S:011B D:0000 DB:86 nvMxdizc V:249 H:196 F:55
							8490C5 85 00       STA $00       [000000] A:00F0 X:0E68 Y:CFD1 S:011B D:0000 DB:86 NvMxdizc V:249 H:202 F:55
							8490C7 B5 06       LDA $06,X     [000E6E] A:00F0 X:0E68 Y:CFD1 S:011B D:0000 DB:86 NvMxdizc V:249 H:207 F:55
							8490C9 65 01       ADC $01       [000001] A:001D X:0E68 Y:CFD1 S:011B D:0000 DB:86 nvMxdizc V:249 H:214 F:55
							8490CB 85 01       STA $01       [000001] A:001D X:0E68 Y:CFD1 S:011B D:0000 DB:86 nvMxdizc V:249 H:219 F:55
							8490CD 64 03       STZ $03       [000003] A:001D X:0E68 Y:CFD1 S:011B D:0000 DB:86 nvMxdizc V:249 H:224 F:55
							8490CF B5 2A       LDA $2A,X     [000E92] A:001D X:0E68 Y:CFD1 S:011B D:0000 DB:86 nvMxdizc V:249 H:229 F:55
							8490D1 10 02       BPL $0002     [8490D5] A:00FC X:0E68 Y:CFD1 S:011B D:0000 DB:86 NvMxdizc V:249 H:235 F:55
							8490D3 C6 03       DEC $03       [000003] A:00FC X:0E68 Y:CFD1 S:011B D:0000 DB:86 NvMxdizc V:249 H:238 F:55
							8490D5 18          CLC                    A:00FC X:0E68 Y:CFD1 S:011B D:0000 DB:86 NvMxdizc V:249 H:247 F:55
							8490D6 75 08       ADC $08,X     [000E70] A:00FC X:0E68 Y:CFD1 S:011B D:0000 DB:86 NvMxdizc V:249 H:250 F:55
							8490D8 85 02       STA $02       [000002] A:009E X:0E68 Y:CFD1 S:011B D:0000 DB:86 NvMxdizC V:249 H:256 F:55
							8490DA 29 F0       AND #$F0               A:009E X:0E68 Y:CFD1 S:011B D:0000 DB:86 NvMxdizC V:249 H:261 F:55
							8490DC 85 0A       STA $0A       [00000A] A:0090 X:0E68 Y:CFD1 S:011B D:0000 DB:86 NvMxdizC V:249 H:264 F:55
							8490DE B5 09       LDA $09,X     [000E71] A:0090 X:0E68 Y:CFD1 S:011B D:0000 DB:86 NvMxdizC V:249 H:269 F:55
							8490E0 65 03       ADC $03       [000003] A:0003 X:0E68 Y:CFD1 S:011B D:0000 DB:86 nvMxdizC V:249 H:276 F:55
							8490E2 85 03       STA $03       [000003] A:0003 X:0E68 Y:CFD1 S:011B D:0000 DB:86 nvMxdizC V:249 H:281 F:55
							8490E4 85 0B       STA $0B       [00000B] A:0003 X:0E68 Y:CFD1 S:011B D:0000 DB:86 nvMxdizC V:249 H:286 F:55
							8490E6 A5 00       LDA $00       [000000] A:0003 X:0E68 Y:CFD1 S:011B D:0000 DB:86 nvMxdizC V:249 H:291 F:55
							8490E8 29 0F       AND #$0F               A:00F0 X:0E68 Y:CFD1 S:011B D:0000 DB:86 NvMxdizC V:249 H:296 F:55
							8490EA 1A          INC                    A:0000 X:0E68 Y:CFD1 S:011B D:0000 DB:86 nvMxdiZC V:249 H:299 F:55
							8490EB 85 0C       STA $0C       [00000C] A:0001 X:0E68 Y:CFD1 S:011B D:0000 DB:86 nvMxdizC V:249 H:302 F:55
							8490ED A5 02       LDA $02       [000002] A:0001 X:0E68 Y:CFD1 S:011B D:0000 DB:86 nvMxdizC V:249 H:307 F:55
							8490EF 29 0F       AND #$0F               A:009E X:0E68 Y:CFD1 S:011B D:0000 DB:86 NvMxdizC V:249 H:312 F:55
							8490F1 1A          INC                    A:000E X:0E68 Y:CFD1 S:011B D:0000 DB:86 nvMxdizC V:249 H:315 F:55
							8490F2 85 0E       STA $0E       [00000E] A:000F X:0E68 Y:CFD1 S:011B D:0000 DB:86 nvMxdizC V:249 H:318 F:55
							8490F4 C2 20       REP #$20               A:000F X:0E68 Y:CFD1 S:011B D:0000 DB:86 nvMxdizC V:249 H:323 F:55
							8490F6 20 6A 91    JSR $916A     [84916A] A:000F X:0E68 Y:CFD1 S:011B D:0000 DB:86 nvmxdizC V:249 H:327 F:55

								84916A A9 00 E8    LDA #$E800             A:000F X:0E68 Y:CFD1 S:0119 D:0000 DB:86 nvmxdizC V:249 H:336 F:55
								84916D 85 10       STA $10       [000010] A:E800 X:0E68 Y:CFD1 S:0119 D:0000 DB:86 NvmxdizC V:250 H:  1 F:55
								84916F A9 7E 00    LDA #$007E             A:E800 X:0E68 Y:CFD1 S:0119 D:0000 DB:86 NvmxdizC V:250 H:  8 F:55
								849172 85 12       STA $12       [000012] A:007E X:0E68 Y:CFD1 S:0119 D:0000 DB:86 nvmxdizC V:250 H: 12 F:55
								849174 A5 02       LDA $02       [000002] A:007E X:0E68 Y:CFD1 S:0119 D:0000 DB:86 nvmxdizC V:250 H: 19 F:55
								849176 29 F0 00    AND #$00F0             A:039E X:0E68 Y:CFD1 S:0119 D:0000 DB:86 nvmxdizC V:250 H: 26 F:55
								849179 0A          ASL A                  A:0090 X:0E68 Y:CFD1 S:0119 D:0000 DB:86 nvmxdizC V:250 H: 31 F:55
								84917A 85 04       STA $04       [000004] A:0120 X:0E68 Y:CFD1 S:0119 D:0000 DB:86 nvmxdizc V:250 H: 34 F:55
								84917C A5 00       LDA $00       [000000] A:0120 X:0E68 Y:CFD1 S:0119 D:0000 DB:86 nvmxdizc V:250 H: 41 F:55
								84917E 29 FF 00    AND #$00FF             A:1DF0 X:0E68 Y:CFD1 S:0119 D:0000 DB:86 nvmxdizc V:250 H: 48 F:55
								849181 4A          LSR A                  A:00F0 X:0E68 Y:CFD1 S:0119 D:0000 DB:86 nvmxdizc V:250 H: 52 F:55
								849182 4A          LSR A                  A:0078 X:0E68 Y:CFD1 S:0119 D:0000 DB:86 nvmxdizc V:250 H: 55 F:55
								849183 4A          LSR A                  A:003C X:0E68 Y:CFD1 S:0119 D:0000 DB:86 nvmxdizc V:250 H: 58 F:55
								849184 29 FE FF    AND #$FFFE             A:001E X:0E68 Y:CFD1 S:0119 D:0000 DB:86 nvmxdizc V:250 H: 61 F:55
								849187 18          CLC                    A:001E X:0E68 Y:CFD1 S:0119 D:0000 DB:86 nvmxdizc V:250 H: 66 F:55
								849188 65 04       ADC $04       [000004] A:001E X:0E68 Y:CFD1 S:0119 D:0000 DB:86 nvmxdizc V:250 H: 69 F:55
								84918A 85 06       STA $06       [000006] A:013E X:0E68 Y:CFD1 S:0119 D:0000 DB:86 nvmxdizc V:250 H: 76 F:55
								84918C A5 00       LDA $00       [000000] A:013E X:0E68 Y:CFD1 S:0119 D:0000 DB:86 nvmxdizc V:250 H: 83 F:55
								84918E EB          XBA                    A:1DF0 X:0E68 Y:CFD1 S:0119 D:0000 DB:86 nvmxdizc V:250 H: 90 F:55
								84918F 29 1F 00    AND #$001F             A:F01D X:0E68 Y:CFD1 S:0119 D:0000 DB:86 nvmxdizc V:250 H: 94 F:55
								849192 85 04       STA $04       [000004] A:001D X:0E68 Y:CFD1 S:0119 D:0000 DB:86 nvmxdizc V:250 H: 99 F:55
								849194 A5 02       LDA $02       [000002] A:001D X:0E68 Y:CFD1 S:0119 D:0000 DB:86 nvmxdizc V:250 H:106 F:55
								849196 29 00 1F    AND #$1F00             A:039E X:0E68 Y:CFD1 S:0119 D:0000 DB:86 nvmxdizc V:250 H:113 F:55
								849199 4A          LSR A                  A:0300 X:0E68 Y:CFD1 S:0119 D:0000 DB:86 nvmxdizc V:250 H:117 F:55
								84919A 4A          LSR A                  A:0180 X:0E68 Y:CFD1 S:0119 D:0000 DB:86 nvmxdizc V:250 H:120 F:55
								84919B 4A          LSR A                  A:00C0 X:0E68 Y:CFD1 S:0119 D:0000 DB:86 nvmxdizc V:250 H:123 F:55
								84919C 18          CLC                    A:0060 X:0E68 Y:CFD1 S:0119 D:0000 DB:86 nvmxdizc V:250 H:126 F:55
								84919D 65 04       ADC $04       [000004] A:0060 X:0E68 Y:CFD1 S:0119 D:0000 DB:86 nvmxdizc V:250 H:129 F:55
								84919F A8          TAY                    A:007D X:0E68 Y:CFD1 S:0119 D:0000 DB:86 nvmxdizc V:250 H:146 F:55
								8491A0 B7 10       LDA [$10],Y   [7EE87D] A:007D X:0E68 Y:007D S:0119 D:0000 DB:86 nvmxdizc V:250 H:149 F:55
								8491A2 29 FF 00    AND #$00FF             A:0024 X:0E68 Y:007D S:0119 D:0000 DB:86 nvmxdizc V:250 H:162 F:55
								8491A5 A8          TAY                    A:0024 X:0E68 Y:007D S:0119 D:0000 DB:86 nvmxdizc V:250 H:167 F:55
								8491A6 EB          XBA                    A:0024 X:0E68 Y:0024 S:0119 D:0000 DB:86 nvmxdizc V:250 H:170 F:55
								8491A7 0A          ASL A                  A:2400 X:0E68 Y:0024 S:0119 D:0000 DB:86 nvmxdiZc V:250 H:174 F:55
								8491A8 18          CLC                    A:4800 X:0E68 Y:0024 S:0119 D:0000 DB:86 nvmxdizc V:250 H:177 F:55
								8491A9 65 06       ADC $06       [000006] A:4800 X:0E68 Y:0024 S:0119 D:0000 DB:86 nvmxdizc V:250 H:180 F:55
								8491AB AA          TAX                    A:493E X:0E68 Y:0024 S:0119 D:0000 DB:86 nvmxdizc V:250 H:187 F:55
								8491AC 60          RTS                    A:493E X:493E Y:0024 S:0119 D:0000 DB:86 nvmxdizc V:250 H:190 F:55

							8490F9 BF 00 20 7E LDA $7E2000,X [7E693E] A:493E X:493E Y:0024 S:011B D:0000 DB:86 nvmxdizc V:250 H:200 F:55
							8490FD A8          TAY                    A:0055 X:493E Y:0024 S:011B D:0000 DB:86 nvmxdizc V:250 H:210 F:55
							8490FE AD 92 0B    LDA $0B92     [860B92] A:0055 X:493E Y:0055 S:011B D:0000 DB:86 nvmxdizc V:250 H:213 F:55
							849101 85 10       STA $10       [000010] A:EB15 X:493E Y:0055 S:011B D:0000 DB:86 Nvmxdizc V:250 H:222 F:55
							849103 AD 94 0B    LDA $0B94     [860B94] A:EB15 X:493E Y:0055 S:011B D:0000 DB:86 Nvmxdizc V:250 H:229 F:55
							849106 85 12       STA $12       [000012] A:F895 X:493E Y:0055 S:011B D:0000 DB:86 Nvmxdizc V:250 H:237 F:55
							849108 B7 10       LDA [$10],Y   [95EB6A] A:F895 X:493E Y:0055 S:011B D:0000 DB:86 Nvmxdizc V:250 H:244 F:55
							84910A 29 FF 00    AND #$00FF             A:3B3B X:493E Y:0055 S:011B D:0000 DB:86 nvmxdizc V:250 H:256 F:55
							84910D 28          PLP                    A:003B X:493E Y:0055 S:011B D:0000 DB:86 nvmxdizc V:250 H:261 F:55
							84910E FA          PLX                    A:003B X:493E Y:0055 S:011C D:0000 DB:86 NvMxdizc V:250 H:267 F:55
							84910F 2B          PLD                    A:003B X:0E68 Y:0055 S:011E D:0000 DB:86 nvMxdizc V:250 H:276 F:55
							849110 60          RTS                    A:003B X:0E68 Y:0055 S:0120 D:0000 DB:86 nvMxdiZc V:250 H:284 F:55

						849318 B4 05       LDY $05,X     [000E6D] A:003B X:0E68 Y:0055 S:0122 D:0000 DB:86 nvMxdiZc V:250 H:294 F:55
						84931A 84 10       STY $10       [000010] A:003B X:0E68 Y:1DC0 S:0122 D:0000 DB:86 nvMxdizc V:250 H:303 F:55
						84931C B4 08       LDY $08,X     [000E70] A:003B X:0E68 Y:1DC0 S:0122 D:0000 DB:86 nvMxdizc V:250 H:310 F:55
						84931E 84 12       STY $12       [000012] A:003B X:0E68 Y:03A2 S:0122 D:0000 DB:86 nvMxdizc V:250 H:318 F:55
						849320 95 2D       STA $2D,X     [000E95] A:003B X:0E68 Y:03A2 S:0122 D:0000 DB:86 nvMxdizc V:250 H:325 F:55
						849322 86 2C       STX $2C       [00002C] A:003B X:0E68 Y:03A2 S:0122 D:0000 DB:86 nvMxdizc V:250 H:331 F:55
						849324 29 3F       AND #$3F               A:003B X:0E68 Y:03A2 S:0122 D:0000 DB:86 nvMxdizc V:250 H:338 F:55
						849326 0A          ASL A                  A:003B X:0E68 Y:03A2 S:0122 D:0000 DB:86 nvMxdizc V:251 H:  1 F:55
						849327 EB          XBA                    A:0076 X:0E68 Y:03A2 S:0122 D:0000 DB:86 nvMxdizc V:251 H:  4 F:55
						849328 A9 00       LDA #$00               A:7600 X:0E68 Y:03A2 S:0122 D:0000 DB:86 nvMxdiZc V:251 H:  8 F:55
						84932A EB          XBA                    A:7600 X:0E68 Y:03A2 S:0122 D:0000 DB:86 nvMxdiZc V:251 H: 11 F:55
						84932B AA          TAX                    A:0076 X:0E68 Y:03A2 S:0122 D:0000 DB:86 nvMxdizc V:251 H: 16 F:55
						84932C FC 5D 93    JSR ($935D,X) [8493D3] A:0076 X:0076 Y:03A2 S:0122 D:0000 DB:86 nvMxdizc V:251 H: 19 F:55

							8493DD A6 2C       LDX $2C       [00002C] A:0076 X:0076 Y:03A2 S:0120 D:0000 DB:86 nvMxdizc V:251 H: 32 F:55
							8493DF 64 01       STZ $01       [000001] A:0076 X:0E68 Y:03A2 S:0120 D:0000 DB:86 nvMxdizc V:251 H: 39 F:55
							8493E1 A9 11       LDA #$11               A:0076 X:0E68 Y:03A2 S:0120 D:0000 DB:86 nvMxdizc V:251 H: 44 F:55
							8493E3 38          SEC                    A:0011 X:0E68 Y:03A2 S:0120 D:0000 DB:86 nvMxdizc V:251 H: 47 F:55
							8493E4 E5 0C       SBC $0C       [00000C] A:0011 X:0E68 Y:03A2 S:0120 D:0000 DB:86 nvMxdizC V:251 H: 50 F:55
							8493E6 34 29       BIT $29,X     [000E91] A:0010 X:0E68 Y:03A2 S:0120 D:0000 DB:86 nvMxdizC V:251 H: 55 F:55
							8493E8 30 07       BMI $0007     [8493F1] A:0010 X:0E68 Y:03A2 S:0120 D:0000 DB:86 nvMxdizC V:251 H: 61 F:55
							8493EA C6 01       DEC $01       [000001] A:0010 X:0E68 Y:03A2 S:0120 D:0000 DB:86 nvMxdizC V:251 H: 64 F:55
							8493EC A5 0C       LDA $0C       [00000C] A:0010 X:0E68 Y:03A2 S:0120 D:0000 DB:86 NvMxdizC V:251 H: 73 F:55
							8493EE 49 FF       EOR #$FF               A:0001 X:0E68 Y:03A2 S:0120 D:0000 DB:86 nvMxdizC V:251 H: 78 F:55
							8493F0 1A          INC                    A:00FE X:0E68 Y:03A2 S:0120 D:0000 DB:86 NvMxdizC V:251 H: 81 F:55
							8493F1 18          CLC                    A:00FF X:0E68 Y:03A2 S:0120 D:0000 DB:86 NvMxdizC V:251 H: 84 F:55
							8493F2 75 05       ADC $05,X     [000E6D] A:00FF X:0E68 Y:03A2 S:0120 D:0000 DB:86 NvMxdizc V:251 H: 87 F:55
							8493F4 95 05       STA $05,X     [000E6D] A:00BF X:0E68 Y:03A2 S:0120 D:0000 DB:86 NvMxdizC V:251 H: 93 F:55
							8493F6 B5 06       LDA $06,X     [000E6E] A:00BF X:0E68 Y:03A2 S:0120 D:0000 DB:86 NvMxdizC V:251 H:100 F:55
							8493F8 65 01       ADC $01       [000001] A:001D X:0E68 Y:03A2 S:0120 D:0000 DB:86 nvMxdizC V:251 H:106 F:55
							8493FA 95 06       STA $06,X     [000E6E] A:001D X:0E68 Y:03A2 S:0120 D:0000 DB:86 nvMxdizC V:251 H:111 F:55
							8493FC A9 01       LDA #$01               A:001D X:0E68 Y:03A2 S:0120 D:0000 DB:86 nvMxdizC V:251 H:118 F:55
							8493FE 60          RTS                    A:0001 X:0E68 Y:03A2 S:0120 D:0000 DB:86 nvMxdizC V:251 H:121 F:55

						84932F 08          PHP                    A:0001 X:0E68 Y:03A2 S:0122 D:0000 DB:86 nvMxdizC V:251 H:131 F:55
						849330 A6 2C       LDX $2C       [00002C] A:0001 X:0E68 Y:03A2 S:0121 D:0000 DB:86 nvMxdizC V:251 H:146 F:55
						849332 A9 01       LDA #$01               A:0001 X:0E68 Y:03A2 S:0121 D:0000 DB:86 nvMxdizC V:251 H:153 F:55
						849334 34 29       BIT $29,X     [000E91] A:0001 X:0E68 Y:03A2 S:0121 D:0000 DB:86 nvMxdizC V:251 H:156 F:55
						849336 10 02       BPL $0002     [84933A] A:0001 X:0E68 Y:03A2 S:0121 D:0000 DB:86 nvMxdiZC V:251 H:162 F:55
						84933A 28          PLP                    A:0001 X:0E68 Y:03A2 S:0121 D:0000 DB:86 nvMxdiZC V:251 H:167 F:55
						84933B F0 0C       BEQ $000C     [849349] A:0001 X:0E68 Y:03A2 S:0122 D:0000 DB:86 nvMxdizC V:251 H:173 F:55
						84933D 30 16       BMI $0016     [849355] A:0001 X:0E68 Y:03A2 S:0122 D:0000 DB:86 nvMxdizC V:251 H:176 F:55
						84933F 15 2B       ORA $2B,X     [000E93] A:0001 X:0E68 Y:03A2 S:0122 D:0000 DB:86 nvMxdizC V:251 H:179 F:55
						849341 95 2B       STA $2B,X     [000E93] A:0001 X:0E68 Y:03A2 S:0122 D:0000 DB:86 nvMxdizC V:251 H:186 F:55
						849343 20 08 93    JSR $9308     [849308] A:0001 X:0E68 Y:03A2 S:0122 D:0000 DB:86 nvMxdizC V:251 H:192 F:55

							849308 A5 14       LDA $14       [000014] A:0001 X:0E68 Y:03A2 S:0120 D:0000 DB:86 nvMxdizC V:251 H:202 F:55
							84930A F0 08       BEQ $0008     [849314] A:0000 X:0E68 Y:03A2 S:0120 D:0000 DB:86 nvMxdiZC V:251 H:207 F:55
							849314 60          RTS                    A:0000 X:0E68 Y:03A2 S:0120 D:0000 DB:86 nvMxdiZC V:251 H:212 F:55

						849346 A9 01       LDA #$01               A:0000 X:0E68 Y:03A2 S:0122 D:0000 DB:86 nvMxdiZC V:251 H:222 F:55
						849348 60          RTS                    A:0001 X:0E68 Y:03A2 S:0122 D:0000 DB:86 nvMxdizC V:251 H:225 F:55

					8492DD D0 26       BNE $0026     [849305] A:0001 X:0E68 Y:03A2 S:0124 D:0000 DB:86 nvMxdizC V:251 H:235 F:55
					849305 C2 30       REP #$30               A:0001 X:0E68 Y:03A2 S:0124 D:0000 DB:86 nvMxdizC V:251 H:239 F:55
					849307 60          RTS                    A:0001 X:0E68 Y:03A2 S:0124 D:0000 DB:86 nvmxdizC V:251 H:244 F:55

				8491D8 20 ED 91    JSR $91ED     [8491ED] A:0001 X:0E68 Y:03A2 S:0126 D:0000 DB:86 nvmxdizC V:251 H:254 F:55

					8491ED B5 08       LDA $08,X     [000E70] A:0001 X:0E68 Y:03A2 S:0124 D:0000 DB:86 nvmxdizC V:251 H:264 F:55
					8491EF D5 24       CMP $24,X     [000E8C] A:03A2 X:0E68 Y:03A2 S:0124 D:0000 DB:86 nvmxdizC V:251 H:272 F:55
					8491F1 F0 F2       BEQ $00F2     [8491E5] A:03A2 X:0E68 Y:03A2 S:0124 D:0000 DB:86 nvmxdiZC V:251 H:281 F:55
					8491E5 B5 1C       LDA $1C,X     [000E84] A:03A2 X:0E68 Y:03A2 S:0124 D:0000 DB:86 nvmxdiZC V:251 H:285 F:55
					8491E7 F0 F5       BEQ $00F5     [8491DE] A:F940 X:0E68 Y:03A2 S:0124 D:0000 DB:86 NvmxdizC V:251 H:294 F:55
					8491E9 10 0A       BPL $000A     [8491F5] A:F940 X:0E68 Y:03A2 S:0124 D:0000 DB:86 NvmxdizC V:251 H:297 F:55
					8491EB 80 55       BRA $0055     [849242] A:F940 X:0E68 Y:03A2 S:0124 D:0000 DB:86 NvmxdizC V:251 H:300 F:55
					849242 E2 20       SEP #$20               A:F940 X:0E68 Y:03A2 S:0124 D:0000 DB:86 NvmxdizC V:251 H:304 F:55
					849244 A0 04 00    LDY #$0004             A:F940 X:0E68 Y:03A2 S:0124 D:0000 DB:86 NvMxdizC V:251 H:309 F:55
					849247 AD 1C 1F    LDA $1F1C     [861F1C] A:F940 X:0E68 Y:0004 S:0124 D:0000 DB:86 nvMxdizC V:251 H:313 F:55
					84924A F0 03       BEQ $0003     [84924F] A:F900 X:0E68 Y:0004 S:0124 D:0000 DB:86 nvMxdiZC V:251 H:320 F:55
					84924F B5 2F       LDA $2F,X     [000E97] A:F900 X:0E68 Y:0004 S:0124 D:0000 DB:86 nvMxdiZC V:251 H:324 F:55
					849251 F0 03       BEQ $0003     [849256] A:F900 X:0E68 Y:0004 S:0124 D:0000 DB:86 nvMxdiZC V:251 H:330 F:55
					849256 98          TYA                    A:F900 X:0E68 Y:0004 S:0124 D:0000 DB:86 nvMxdiZC V:251 H:334 F:55
					849257 09 80       ORA #$80               A:F904 X:0E68 Y:0004 S:0124 D:0000 DB:86 nvMxdizC V:251 H:337 F:55
					849259 85 08       STA $08       [000008] A:F984 X:0E68 Y:0004 S:0124 D:0000 DB:86 NvMxdizC V:252 H:  0 F:55
					84925B B4 20       LDY $20,X     [000E88] A:F984 X:0E68 Y:0004 S:0124 D:0000 DB:86 NvMxdizC V:252 H:  5 F:55
					84925D B9 06 00    LDA $0006,Y   [86CFD7] A:F984 X:0E68 Y:CFD1 S:0124 D:0000 DB:86 NvMxdizC V:252 H: 14 F:55
					849260 18          CLC                    A:F9FC X:0E68 Y:CFD1 S:0124 D:0000 DB:86 NvMxdizC V:252 H: 21 F:55
					849261 79 08 00    ADC $0008,Y   [86CFD9] A:F9FC X:0E68 Y:CFD1 S:0124 D:0000 DB:86 NvMxdizc V:252 H: 24 F:55
					849264 95 2A       STA $2A,X     [000E92] A:F903 X:0E68 Y:CFD1 S:0124 D:0000 DB:86 nvMxdizC V:252 H: 32 F:55
					849266 B9 05 00    LDA $0005,Y   [86CFD6] A:F903 X:0E68 Y:CFD1 S:0124 D:0000 DB:86 nvMxdizC V:252 H: 38 F:55
					849269 34 11       BIT $11,X     [000E79] A:F9E8 X:0E68 Y:CFD1 S:0124 D:0000 DB:86 NvMxdizC V:252 H: 46 F:55
					84926B 50 03       BVC $0003     [849270] A:F9E8 X:0E68 Y:CFD1 S:0124 D:0000 DB:86 nVMxdizC V:252 H: 52 F:55
					84926D 49 FF       EOR #$FF               A:F9E8 X:0E68 Y:CFD1 S:0124 D:0000 DB:86 nVMxdizC V:252 H: 55 F:55
					84926F 1A          INC                    A:F917 X:0E68 Y:CFD1 S:0124 D:0000 DB:86 nVMxdizC V:252 H: 58 F:55
					849270 95 29       STA $29,X     [000E91] A:F918 X:0E68 Y:CFD1 S:0124 D:0000 DB:86 nVMxdizC V:252 H: 61 F:55
					849272 20 C4 95    JSR $95C4     [8495C4] A:F918 X:0E68 Y:CFD1 S:0124 D:0000 DB:86 nVMxdizC V:252 H: 68 F:55

						8495C4 B5 2A       LDA $2A,X     [000E92] A:F918 X:0E68 Y:CFD1 S:0122 D:0000 DB:86 nVMxdizC V:252 H: 78 F:55
						8495C6 48          PHA                    A:F903 X:0E68 Y:CFD1 S:0122 D:0000 DB:86 nVMxdizC V:252 H: 84 F:55
						8495C7 A5 08       LDA $08       [000008] A:F903 X:0E68 Y:CFD1 S:0121 D:0000 DB:86 nVMxdizC V:252 H: 89 F:55
						8495C9 29 7F       AND #$7F               A:F984 X:0E68 Y:CFD1 S:0121 D:0000 DB:86 NVMxdizC V:252 H: 94 F:55
						8495CB 18          CLC                    A:F904 X:0E68 Y:CFD1 S:0121 D:0000 DB:86 nVMxdizC V:252 H: 97 F:55
						8495CC 75 2A       ADC $2A,X     [000E92] A:F904 X:0E68 Y:CFD1 S:0121 D:0000 DB:86 nVMxdizc V:252 H:100 F:55
						8495CE 95 2A       STA $2A,X     [000E92] A:F907 X:0E68 Y:CFD1 S:0121 D:0000 DB:86 nvMxdizc V:252 H:107 F:55
						8495D0 20 B3 90    JSR $90B3     [8490B3] A:F907 X:0E68 Y:CFD1 S:0121 D:0000 DB:86 nvMxdizc V:252 H:113 F:55

							8490B3 0B          PHD                    A:F907 X:0E68 Y:CFD1 S:011F D:0000 DB:86 nvMxdizc V:252 H:123 F:55
							8490B4 DA          PHX                    A:F907 X:0E68 Y:CFD1 S:011D D:0000 DB:86 nvMxdizc V:252 H:130 F:55
							8490B5 08          PHP                    A:F907 X:0E68 Y:CFD1 S:011B D:0000 DB:86 nvMxdizc V:252 H:147 F:55
							8490B6 E2 20       SEP #$20               A:F907 X:0E68 Y:CFD1 S:011A D:0000 DB:86 nvMxdizc V:252 H:152 F:55
							8490B8 C2 10       REP #$10               A:F907 X:0E68 Y:CFD1 S:011A D:0000 DB:86 nvMxdizc V:252 H:157 F:55
							8490BA 64 01       STZ $01       [000001] A:F907 X:0E68 Y:CFD1 S:011A D:0000 DB:86 nvMxdizc V:252 H:161 F:55
							8490BC B5 29       LDA $29,X     [000E91] A:F907 X:0E68 Y:CFD1 S:011A D:0000 DB:86 nvMxdizc V:252 H:166 F:55
							8490BE 10 02       BPL $0002     [8490C2] A:F918 X:0E68 Y:CFD1 S:011A D:0000 DB:86 nvMxdizc V:252 H:173 F:55
							8490C2 18          CLC                    A:F918 X:0E68 Y:CFD1 S:011A D:0000 DB:86 nvMxdizc V:252 H:177 F:55
							8490C3 75 05       ADC $05,X     [000E6D] A:F918 X:0E68 Y:CFD1 S:011A D:0000 DB:86 nvMxdizc V:252 H:180 F:55
							8490C5 85 00       STA $00       [000000] A:F9D7 X:0E68 Y:CFD1 S:011A D:0000 DB:86 NvMxdizc V:252 H:187 F:55
							8490C7 B5 06       LDA $06,X     [000E6E] A:F9D7 X:0E68 Y:CFD1 S:011A D:0000 DB:86 NvMxdizc V:252 H:192 F:55
							8490C9 65 01       ADC $01       [000001] A:F91D X:0E68 Y:CFD1 S:011A D:0000 DB:86 nvMxdizc V:252 H:198 F:55
							8490CB 85 01       STA $01       [000001] A:F91D X:0E68 Y:CFD1 S:011A D:0000 DB:86 nvMxdizc V:252 H:203 F:55
							8490CD 64 03       STZ $03       [000003] A:F91D X:0E68 Y:CFD1 S:011A D:0000 DB:86 nvMxdizc V:252 H:208 F:55
							8490CF B5 2A       LDA $2A,X     [000E92] A:F91D X:0E68 Y:CFD1 S:011A D:0000 DB:86 nvMxdizc V:252 H:213 F:55
							8490D1 10 02       BPL $0002     [8490D5] A:F907 X:0E68 Y:CFD1 S:011A D:0000 DB:86 nvMxdizc V:252 H:220 F:55
							8490D5 18          CLC                    A:F907 X:0E68 Y:CFD1 S:011A D:0000 DB:86 nvMxdizc V:252 H:224 F:55
							8490D6 75 08       ADC $08,X     [000E70] A:F907 X:0E68 Y:CFD1 S:011A D:0000 DB:86 nvMxdizc V:252 H:227 F:55
							8490D8 85 02       STA $02       [000002] A:F9A9 X:0E68 Y:CFD1 S:011A D:0000 DB:86 NvMxdizc V:252 H:234 F:55
							8490DA 29 F0       AND #$F0               A:F9A9 X:0E68 Y:CFD1 S:011A D:0000 DB:86 NvMxdizc V:252 H:239 F:55
							8490DC 85 0A       STA $0A       [00000A] A:F9A0 X:0E68 Y:CFD1 S:011A D:0000 DB:86 NvMxdizc V:252 H:242 F:55
							8490DE B5 09       LDA $09,X     [000E71] A:F9A0 X:0E68 Y:CFD1 S:011A D:0000 DB:86 NvMxdizc V:252 H:247 F:55
							8490E0 65 03       ADC $03       [000003] A:F903 X:0E68 Y:CFD1 S:011A D:0000 DB:86 nvMxdizc V:252 H:253 F:55
							8490E2 85 03       STA $03       [000003] A:F903 X:0E68 Y:CFD1 S:011A D:0000 DB:86 nvMxdizc V:252 H:258 F:55
							8490E4 85 0B       STA $0B       [00000B] A:F903 X:0E68 Y:CFD1 S:011A D:0000 DB:86 nvMxdizc V:252 H:263 F:55
							8490E6 A5 00       LDA $00       [000000] A:F903 X:0E68 Y:CFD1 S:011A D:0000 DB:86 nvMxdizc V:252 H:268 F:55
							8490E8 29 0F       AND #$0F               A:F9D7 X:0E68 Y:CFD1 S:011A D:0000 DB:86 NvMxdizc V:252 H:273 F:55
							8490EA 1A          INC                    A:F907 X:0E68 Y:CFD1 S:011A D:0000 DB:86 nvMxdizc V:252 H:276 F:55
							8490EB 85 0C       STA $0C       [00000C] A:F908 X:0E68 Y:CFD1 S:011A D:0000 DB:86 nvMxdizc V:252 H:279 F:55
							8490ED A5 02       LDA $02       [000002] A:F908 X:0E68 Y:CFD1 S:011A D:0000 DB:86 nvMxdizc V:252 H:284 F:55
							8490EF 29 0F       AND #$0F               A:F9A9 X:0E68 Y:CFD1 S:011A D:0000 DB:86 NvMxdizc V:252 H:289 F:55
							8490F1 1A          INC                    A:F909 X:0E68 Y:CFD1 S:011A D:0000 DB:86 nvMxdizc V:252 H:292 F:55
							8490F2 85 0E       STA $0E       [00000E] A:F90A X:0E68 Y:CFD1 S:011A D:0000 DB:86 nvMxdizc V:252 H:295 F:55
							8490F4 C2 20       REP #$20               A:F90A X:0E68 Y:CFD1 S:011A D:0000 DB:86 nvMxdizc V:252 H:300 F:55
							8490F6 20 6A 91    JSR $916A     [84916A] A:F90A X:0E68 Y:CFD1 S:011A D:0000 DB:86 nvmxdizc V:252 H:305 F:55

								84916A A9 00 E8    LDA #$E800             A:F90A X:0E68 Y:CFD1 S:0118 D:0000 DB:86 nvmxdizc V:252 H:315 F:55
								84916D 85 10       STA $10       [000010] A:E800 X:0E68 Y:CFD1 S:0118 D:0000 DB:86 Nvmxdizc V:252 H:319 F:55
								84916F A9 7E 00    LDA #$007E             A:E800 X:0E68 Y:CFD1 S:0118 D:0000 DB:86 Nvmxdizc V:252 H:326 F:55
								849172 85 12       STA $12       [000012] A:007E X:0E68 Y:CFD1 S:0118 D:0000 DB:86 nvmxdizc V:252 H:330 F:55
								849174 A5 02       LDA $02       [000002] A:007E X:0E68 Y:CFD1 S:0118 D:0000 DB:86 nvmxdizc V:252 H:337 F:55
								849176 29 F0 00    AND #$00F0             A:03A9 X:0E68 Y:CFD1 S:0118 D:0000 DB:86 nvmxdizc V:253 H:  4 F:55
								849179 0A          ASL A                  A:00A0 X:0E68 Y:CFD1 S:0118 D:0000 DB:86 nvmxdizc V:253 H:  8 F:55
								84917A 85 04       STA $04       [000004] A:0140 X:0E68 Y:CFD1 S:0118 D:0000 DB:86 nvmxdizc V:253 H: 11 F:55
								84917C A5 00       LDA $00       [000000] A:0140 X:0E68 Y:CFD1 S:0118 D:0000 DB:86 nvmxdizc V:253 H: 18 F:55
								84917E 29 FF 00    AND #$00FF             A:1DD7 X:0E68 Y:CFD1 S:0118 D:0000 DB:86 nvmxdizc V:253 H: 25 F:55
								849181 4A          LSR A                  A:00D7 X:0E68 Y:CFD1 S:0118 D:0000 DB:86 nvmxdizc V:253 H: 30 F:55
								849182 4A          LSR A                  A:006B X:0E68 Y:CFD1 S:0118 D:0000 DB:86 nvmxdizC V:253 H: 33 F:55
								849183 4A          LSR A                  A:0035 X:0E68 Y:CFD1 S:0118 D:0000 DB:86 nvmxdizC V:253 H: 36 F:55
								849184 29 FE FF    AND #$FFFE             A:001A X:0E68 Y:CFD1 S:0118 D:0000 DB:86 nvmxdizC V:253 H: 39 F:55
								849187 18          CLC                    A:001A X:0E68 Y:CFD1 S:0118 D:0000 DB:86 nvmxdizC V:253 H: 43 F:55
								849188 65 04       ADC $04       [000004] A:001A X:0E68 Y:CFD1 S:0118 D:0000 DB:86 nvmxdizc V:253 H: 46 F:55
								84918A 85 06       STA $06       [000006] A:015A X:0E68 Y:CFD1 S:0118 D:0000 DB:86 nvmxdizc V:253 H: 53 F:55
								84918C A5 00       LDA $00       [000000] A:015A X:0E68 Y:CFD1 S:0118 D:0000 DB:86 nvmxdizc V:253 H: 60 F:55
								84918E EB          XBA                    A:1DD7 X:0E68 Y:CFD1 S:0118 D:0000 DB:86 nvmxdizc V:253 H: 67 F:55
								84918F 29 1F 00    AND #$001F             A:D71D X:0E68 Y:CFD1 S:0118 D:0000 DB:86 nvmxdizc V:253 H: 72 F:55
								849192 85 04       STA $04       [000004] A:001D X:0E68 Y:CFD1 S:0118 D:0000 DB:86 nvmxdizc V:253 H: 76 F:55
								849194 A5 02       LDA $02       [000002] A:001D X:0E68 Y:CFD1 S:0118 D:0000 DB:86 nvmxdizc V:253 H: 83 F:55
								849196 29 00 1F    AND #$1F00             A:03A9 X:0E68 Y:CFD1 S:0118 D:0000 DB:86 nvmxdizc V:253 H: 90 F:55
								849199 4A          LSR A                  A:0300 X:0E68 Y:CFD1 S:0118 D:0000 DB:86 nvmxdizc V:253 H: 95 F:55
								84919A 4A          LSR A                  A:0180 X:0E68 Y:CFD1 S:0118 D:0000 DB:86 nvmxdizc V:253 H: 98 F:55
								84919B 4A          LSR A                  A:00C0 X:0E68 Y:CFD1 S:0118 D:0000 DB:86 nvmxdizc V:253 H:101 F:55
								84919C 18          CLC                    A:0060 X:0E68 Y:CFD1 S:0118 D:0000 DB:86 nvmxdizc V:253 H:104 F:55
								84919D 65 04       ADC $04       [000004] A:0060 X:0E68 Y:CFD1 S:0118 D:0000 DB:86 nvmxdizc V:253 H:107 F:55
								84919F A8          TAY                    A:007D X:0E68 Y:CFD1 S:0118 D:0000 DB:86 nvmxdizc V:253 H:114 F:55
								8491A0 B7 10       LDA [$10],Y   [7EE87D] A:007D X:0E68 Y:007D S:0118 D:0000 DB:86 nvmxdizc V:253 H:117 F:55
								8491A2 29 FF 00    AND #$00FF             A:0024 X:0E68 Y:007D S:0118 D:0000 DB:86 nvmxdizc V:253 H:130 F:55
								8491A5 A8          TAY                    A:0024 X:0E68 Y:007D S:0118 D:0000 DB:86 nvmxdizc V:253 H:144 F:55
								8491A6 EB          XBA                    A:0024 X:0E68 Y:0024 S:0118 D:0000 DB:86 nvmxdizc V:253 H:147 F:55
								8491A7 0A          ASL A                  A:2400 X:0E68 Y:0024 S:0118 D:0000 DB:86 nvmxdiZc V:253 H:152 F:55
								8491A8 18          CLC                    A:4800 X:0E68 Y:0024 S:0118 D:0000 DB:86 nvmxdizc V:253 H:155 F:55
								8491A9 65 06       ADC $06       [000006] A:4800 X:0E68 Y:0024 S:0118 D:0000 DB:86 nvmxdizc V:253 H:158 F:55
								8491AB AA          TAX                    A:495A X:0E68 Y:0024 S:0118 D:0000 DB:86 nvmxdizc V:253 H:165 F:55
								8491AC 60          RTS                    A:495A X:495A Y:0024 S:0118 D:0000 DB:86 nvmxdizc V:253 H:168 F:55

							8490F9 BF 00 20 7E LDA $7E2000,X [7E695A] A:495A X:495A Y:0024 S:011A D:0000 DB:86 nvmxdizc V:253 H:178 F:55
							8490FD A8          TAY                    A:017F X:495A Y:0024 S:011A D:0000 DB:86 nvmxdizc V:253 H:188 F:55
							8490FE AD 92 0B    LDA $0B92     [860B92] A:017F X:495A Y:017F S:011A D:0000 DB:86 nvmxdizc V:253 H:191 F:55
							849101 85 10       STA $10       [000010] A:EB15 X:495A Y:017F S:011A D:0000 DB:86 Nvmxdizc V:253 H:199 F:55
							849103 AD 94 0B    LDA $0B94     [860B94] A:EB15 X:495A Y:017F S:011A D:0000 DB:86 Nvmxdizc V:253 H:206 F:55
							849106 85 12       STA $12       [000012] A:F895 X:495A Y:017F S:011A D:0000 DB:86 Nvmxdizc V:253 H:215 F:55
							849108 B7 10       LDA [$10],Y   [95EC94] A:F895 X:495A Y:017F S:011A D:0000 DB:86 Nvmxdizc V:253 H:222 F:55
							84910A 29 FF 00    AND #$00FF             A:0000 X:495A Y:017F S:011A D:0000 DB:86 nvmxdiZc V:253 H:234 F:55
							84910D 28          PLP                    A:0000 X:495A Y:017F S:011A D:0000 DB:86 nvmxdiZc V:253 H:238 F:55
							84910E FA          PLX                    A:0000 X:495A Y:017F S:011B D:0000 DB:86 nvMxdizc V:253 H:245 F:55
							84910F 2B          PLD                    A:0000 X:0E68 Y:017F S:011D D:0000 DB:86 nvMxdizc V:253 H:253 F:55
							849110 60          RTS                    A:0000 X:0E68 Y:017F S:011F D:0000 DB:86 nvMxdiZc V:253 H:262 F:55

						8495D3 95 2E       STA $2E,X     [000E96] A:0000 X:0E68 Y:017F S:0121 D:0000 DB:86 nvMxdiZc V:253 H:272 F:55
						8495D5 85 18       STA $18       [000018] A:0000 X:0E68 Y:017F S:0121 D:0000 DB:86 nvMxdiZc V:253 H:278 F:55
						8495D7 29 3F       AND #$3F               A:0000 X:0E68 Y:017F S:0121 D:0000 DB:86 nvMxdiZc V:253 H:283 F:55
						8495D9 0A          ASL A                  A:0000 X:0E68 Y:017F S:0121 D:0000 DB:86 nvMxdiZc V:253 H:286 F:55
						8495DA EB          XBA                    A:0000 X:0E68 Y:017F S:0121 D:0000 DB:86 nvMxdiZc V:253 H:289 F:55
						8495DB A9 00       LDA #$00               A:0000 X:0E68 Y:017F S:0121 D:0000 DB:86 nvMxdiZc V:253 H:294 F:55
						8495DD EB          XBA                    A:0000 X:0E68 Y:017F S:0121 D:0000 DB:86 nvMxdiZc V:253 H:297 F:55
						8495DE A8          TAY                    A:0000 X:0E68 Y:017F S:0121 D:0000 DB:86 nvMxdiZc V:253 H:301 F:55
						8495DF 84 28       STY $28       [000028] A:0000 X:0E68 Y:0000 S:0121 D:0000 DB:86 nvMxdiZc V:253 H:304 F:55
						8495E1 86 2C       STX $2C       [00002C] A:0000 X:0E68 Y:0000 S:0121 D:0000 DB:86 nvMxdiZc V:253 H:311 F:55
						8495E3 68          PLA                    A:0000 X:0E68 Y:0000 S:0121 D:0000 DB:86 nvMxdiZc V:253 H:318 F:55
						8495E4 95 2A       STA $2A,X     [000E92] A:0003 X:0E68 Y:0000 S:0122 D:0000 DB:86 nvMxdizc V:253 H:324 F:55
						8495E6 A6 2C       LDX $2C       [00002C] A:0003 X:0E68 Y:0000 S:0122 D:0000 DB:86 nvMxdizc V:253 H:330 F:55
						8495E8 A9 FB       LDA #$FB               A:0003 X:0E68 Y:0000 S:0122 D:0000 DB:86 nvMxdizc V:253 H:337 F:55
						8495EA 35 2B       AND $2B,X     [000E93] A:00FB X:0E68 Y:0000 S:0122 D:0000 DB:86 NvMxdizc V:254 H:  0 F:55
						8495EC 95 2B       STA $2B,X     [000E93] A:0001 X:0E68 Y:0000 S:0122 D:0000 DB:86 nvMxdizc V:254 H:  7 F:55
						8495EE 64 01       STZ $01       [000001] A:0001 X:0E68 Y:0000 S:0122 D:0000 DB:86 nvMxdizc V:254 H: 13 F:55
						8495F0 B5 2A       LDA $2A,X     [000E92] A:0001 X:0E68 Y:0000 S:0122 D:0000 DB:86 nvMxdizc V:254 H: 18 F:55
						8495F2 85 02       STA $02       [000002] A:0003 X:0E68 Y:0000 S:0122 D:0000 DB:86 nvMxdizc V:254 H: 25 F:55
						8495F4 64 03       STZ $03       [000003] A:0003 X:0E68 Y:0000 S:0122 D:0000 DB:86 nvMxdizc V:254 H: 30 F:55
						8495F6 B4 05       LDY $05,X     [000E6D] A:0003 X:0E68 Y:0000 S:0122 D:0000 DB:86 nvMxdizc V:254 H: 35 F:55
						8495F8 84 10       STY $10       [000010] A:0003 X:0E68 Y:1DBF S:0122 D:0000 DB:86 nvMxdizc V:254 H: 43 F:55
						8495FA B4 08       LDY $08,X     [000E70] A:0003 X:0E68 Y:1DBF S:0122 D:0000 DB:86 nvMxdizc V:254 H: 50 F:55
						8495FC 84 12       STY $12       [000012] A:0003 X:0E68 Y:03A2 S:0122 D:0000 DB:86 nvMxdizc V:254 H: 59 F:55
						8495FE A6 28       LDX $28       [000028] A:0003 X:0E68 Y:03A2 S:0122 D:0000 DB:86 nvMxdizc V:254 H: 66 F:55
						849600 FC 1C 96    JSR ($961C,X) [84961C] A:0003 X:0000 Y:03A2 S:0122 D:0000 DB:86 nvMxdiZc V:254 H: 73 F:55

							84969C AD 1C 1F    LDA $1F1C     [861F1C] A:0003 X:0000 Y:03A2 S:0120 D:0000 DB:86 nvMxdiZc V:254 H: 86 F:55
							84969F F0 11       BEQ $0011     [8496B2] A:0000 X:0000 Y:03A2 S:0120 D:0000 DB:86 nvMxdiZc V:254 H: 92 F:55
							8496B2 A9 00       LDA #$00               A:0000 X:0000 Y:03A2 S:0120 D:0000 DB:86 nvMxdiZc V:254 H: 97 F:55
							8496B4 60          RTS                    A:0000 X:0000 Y:03A2 S:0120 D:0000 DB:86 nvMxdiZc V:254 H:100 F:55

						849603 F0 11       BEQ $0011     [849616] A:0000 X:0000 Y:03A2 S:0122 D:0000 DB:86 nvMxdiZc V:254 H:110 F:55
						849616 A6 2C       LDX $2C       [00002C] A:0000 X:0000 Y:03A2 S:0122 D:0000 DB:86 nvMxdiZc V:254 H:114 F:55
						849618 20 08 93    JSR $9308     [849308] A:0000 X:0E68 Y:03A2 S:0122 D:0000 DB:86 nvMxdizc V:254 H:121 F:55

							849308 A5 14       LDA $14       [000014] A:0000 X:0E68 Y:03A2 S:0120 D:0000 DB:86 nvMxdizc V:254 H:131 F:55
							84930A F0 08       BEQ $0008     [849314] A:0000 X:0E68 Y:03A2 S:0120 D:0000 DB:86 nvMxdiZc V:254 H:146 F:55
							849314 60          RTS                    A:0000 X:0E68 Y:03A2 S:0120 D:0000 DB:86 nvMxdiZc V:254 H:151 F:55

						84961B 60          RTS                    A:0000 X:0E68 Y:03A2 S:0122 D:0000 DB:86 nvMxdiZc V:254 H:161 F:55

					849275 D0 32       BNE $0032     [8492A9] A:0000 X:0E68 Y:03A2 S:0124 D:0000 DB:86 nvMxdiZc V:254 H:171 F:55
					849277 A5 08       LDA $08       [000008] A:0000 X:0E68 Y:03A2 S:0124 D:0000 DB:86 nvMxdiZc V:254 H:174 F:55
					849279 29 7F       AND #$7F               A:0084 X:0E68 Y:03A2 S:0124 D:0000 DB:86 NvMxdizc V:254 H:179 F:55
					84927B 85 08       STA $08       [000008] A:0004 X:0E68 Y:03A2 S:0124 D:0000 DB:86 nvMxdizc V:254 H:182 F:55
					84927D B4 20       LDY $20,X     [000E88] A:0004 X:0E68 Y:03A2 S:0124 D:0000 DB:86 nvMxdizc V:254 H:187 F:55
					84927F B9 05 00    LDA $0005,Y   [86CFD6] A:0004 X:0E68 Y:CFD1 S:0124 D:0000 DB:86 NvMxdizc V:254 H:195 F:55
					849282 34 11       BIT $11,X     [000E79] A:00E8 X:0E68 Y:CFD1 S:0124 D:0000 DB:86 NvMxdizc V:254 H:203 F:55
					849284 50 03       BVC $0003     [849289] A:00E8 X:0E68 Y:CFD1 S:0124 D:0000 DB:86 nVMxdizc V:254 H:209 F:55
					849286 49 FF       EOR #$FF               A:00E8 X:0E68 Y:CFD1 S:0124 D:0000 DB:86 nVMxdizc V:254 H:212 F:55
					849288 1A          INC                    A:0017 X:0E68 Y:CFD1 S:0124 D:0000 DB:86 nVMxdizc V:254 H:215 F:55
					849289 38          SEC                    A:0018 X:0E68 Y:CFD1 S:0124 D:0000 DB:86 nVMxdizc V:254 H:218 F:55
					84928A F9 07 00    SBC $0007,Y   [86CFD8] A:0018 X:0E68 Y:CFD1 S:0124 D:0000 DB:86 nVMxdizC V:254 H:221 F:55
					84928D 95 29       STA $29,X     [000E91] A:0000 X:0E68 Y:CFD1 S:0124 D:0000 DB:86 nvMxdiZC V:254 H:229 F:55
					84928F 20 C4 95    JSR $95C4     [8495C4] A:0000 X:0E68 Y:CFD1 S:0124 D:0000 DB:86 nvMxdiZC V:254 H:235 F:55

						8495C4 B5 2A       LDA $2A,X     [000E92] A:0000 X:0E68 Y:CFD1 S:0122 D:0000 DB:86 nvMxdiZC V:254 H:245 F:55
						8495C6 48          PHA                    A:0003 X:0E68 Y:CFD1 S:0122 D:0000 DB:86 nvMxdizC V:254 H:252 F:55
						8495C7 A5 08       LDA $08       [000008] A:0003 X:0E68 Y:CFD1 S:0121 D:0000 DB:86 nvMxdizC V:254 H:257 F:55
						8495C9 29 7F       AND #$7F               A:0004 X:0E68 Y:CFD1 S:0121 D:0000 DB:86 nvMxdizC V:254 H:262 F:55
						8495CB 18          CLC                    A:0004 X:0E68 Y:CFD1 S:0121 D:0000 DB:86 nvMxdizC V:254 H:265 F:55
						8495CC 75 2A       ADC $2A,X     [000E92] A:0004 X:0E68 Y:CFD1 S:0121 D:0000 DB:86 nvMxdizc V:254 H:268 F:55
						8495CE 95 2A       STA $2A,X     [000E92] A:0007 X:0E68 Y:CFD1 S:0121 D:0000 DB:86 nvMxdizc V:254 H:274 F:55
						8495D0 20 B3 90    JSR $90B3     [8490B3] A:0007 X:0E68 Y:CFD1 S:0121 D:0000 DB:86 nvMxdizc V:254 H:281 F:55

							8490B3 0B          PHD                    A:0007 X:0E68 Y:CFD1 S:011F D:0000 DB:86 nvMxdizc V:254 H:291 F:55
							8490B4 DA          PHX                    A:0007 X:0E68 Y:CFD1 S:011D D:0000 DB:86 nvMxdizc V:254 H:298 F:55
							8490B5 08          PHP                    A:0007 X:0E68 Y:CFD1 S:011B D:0000 DB:86 nvMxdizc V:254 H:305 F:55
							8490B6 E2 20       SEP #$20               A:0007 X:0E68 Y:CFD1 S:011A D:0000 DB:86 nvMxdizc V:254 H:310 F:55
							8490B8 C2 10       REP #$10               A:0007 X:0E68 Y:CFD1 S:011A D:0000 DB:86 nvMxdizc V:254 H:314 F:55
							8490BA 64 01       STZ $01       [000001] A:0007 X:0E68 Y:CFD1 S:011A D:0000 DB:86 nvMxdizc V:254 H:319 F:55
							8490BC B5 29       LDA $29,X     [000E91] A:0007 X:0E68 Y:CFD1 S:011A D:0000 DB:86 nvMxdizc V:254 H:323 F:55
							8490BE 10 02       BPL $0002     [8490C2] A:0000 X:0E68 Y:CFD1 S:011A D:0000 DB:86 nvMxdiZc V:254 H:329 F:55
							8490C2 18          CLC                    A:0000 X:0E68 Y:CFD1 S:011A D:0000 DB:86 nvMxdiZc V:254 H:334 F:55
							8490C3 75 05       ADC $05,X     [000E6D] A:0000 X:0E68 Y:CFD1 S:011A D:0000 DB:86 nvMxdiZc V:254 H:337 F:55
							8490C5 85 00       STA $00       [000000] A:00BF X:0E68 Y:CFD1 S:011A D:0000 DB:86 NvMxdizc V:255 H:  3 F:55
							8490C7 B5 06       LDA $06,X     [000E6E] A:00BF X:0E68 Y:CFD1 S:011A D:0000 DB:86 NvMxdizc V:255 H:  8 F:55
							8490C9 65 01       ADC $01       [000001] A:001D X:0E68 Y:CFD1 S:011A D:0000 DB:86 nvMxdizc V:255 H: 15 F:55
							8490CB 85 01       STA $01       [000001] A:001D X:0E68 Y:CFD1 S:011A D:0000 DB:86 nvMxdizc V:255 H: 20 F:55
							8490CD 64 03       STZ $03       [000003] A:001D X:0E68 Y:CFD1 S:011A D:0000 DB:86 nvMxdizc V:255 H: 25 F:55
							8490CF B5 2A       LDA $2A,X     [000E92] A:001D X:0E68 Y:CFD1 S:011A D:0000 DB:86 nvMxdizc V:255 H: 30 F:55
							8490D1 10 02       BPL $0002     [8490D5] A:0007 X:0E68 Y:CFD1 S:011A D:0000 DB:86 nvMxdizc V:255 H: 36 F:55
							8490D5 18          CLC                    A:0007 X:0E68 Y:CFD1 S:011A D:0000 DB:86 nvMxdizc V:255 H: 41 F:55
							8490D6 75 08       ADC $08,X     [000E70] A:0007 X:0E68 Y:CFD1 S:011A D:0000 DB:86 nvMxdizc V:255 H: 44 F:55
							8490D8 85 02       STA $02       [000002] A:00A9 X:0E68 Y:CFD1 S:011A D:0000 DB:86 NvMxdizc V:255 H: 50 F:55
							8490DA 29 F0       AND #$F0               A:00A9 X:0E68 Y:CFD1 S:011A D:0000 DB:86 NvMxdizc V:255 H: 55 F:55
							8490DC 85 0A       STA $0A       [00000A] A:00A0 X:0E68 Y:CFD1 S:011A D:0000 DB:86 NvMxdizc V:255 H: 58 F:55
							8490DE B5 09       LDA $09,X     [000E71] A:00A0 X:0E68 Y:CFD1 S:011A D:0000 DB:86 NvMxdizc V:255 H: 63 F:55
							8490E0 65 03       ADC $03       [000003] A:0003 X:0E68 Y:CFD1 S:011A D:0000 DB:86 nvMxdizc V:255 H: 70 F:55
							8490E2 85 03       STA $03       [000003] A:0003 X:0E68 Y:CFD1 S:011A D:0000 DB:86 nvMxdizc V:255 H: 75 F:55
							8490E4 85 0B       STA $0B       [00000B] A:0003 X:0E68 Y:CFD1 S:011A D:0000 DB:86 nvMxdizc V:255 H: 80 F:55
							8490E6 A5 00       LDA $00       [000000] A:0003 X:0E68 Y:CFD1 S:011A D:0000 DB:86 nvMxdizc V:255 H: 85 F:55
							8490E8 29 0F       AND #$0F               A:00BF X:0E68 Y:CFD1 S:011A D:0000 DB:86 NvMxdizc V:255 H: 90 F:55
							8490EA 1A          INC                    A:000F X:0E68 Y:CFD1 S:011A D:0000 DB:86 nvMxdizc V:255 H: 93 F:55
							8490EB 85 0C       STA $0C       [00000C] A:0010 X:0E68 Y:CFD1 S:011A D:0000 DB:86 nvMxdizc V:255 H: 96 F:55
							8490ED A5 02       LDA $02       [000002] A:0010 X:0E68 Y:CFD1 S:011A D:0000 DB:86 nvMxdizc V:255 H:101 F:55
							8490EF 29 0F       AND #$0F               A:00A9 X:0E68 Y:CFD1 S:011A D:0000 DB:86 NvMxdizc V:255 H:106 F:55
							8490F1 1A          INC                    A:0009 X:0E68 Y:CFD1 S:011A D:0000 DB:86 nvMxdizc V:255 H:109 F:55
							8490F2 85 0E       STA $0E       [00000E] A:000A X:0E68 Y:CFD1 S:011A D:0000 DB:86 nvMxdizc V:255 H:112 F:55
							8490F4 C2 20       REP #$20               A:000A X:0E68 Y:CFD1 S:011A D:0000 DB:86 nvMxdizc V:255 H:117 F:55
							8490F6 20 6A 91    JSR $916A     [84916A] A:000A X:0E68 Y:CFD1 S:011A D:0000 DB:86 nvmxdizc V:255 H:121 F:55

								84916A A9 00 E8    LDA #$E800             A:000A X:0E68 Y:CFD1 S:0118 D:0000 DB:86 nvmxdizc V:255 H:131 F:55
								84916D 85 10       STA $10       [000010] A:E800 X:0E68 Y:CFD1 S:0118 D:0000 DB:86 Nvmxdizc V:255 H:146 F:55
								84916F A9 7E 00    LDA #$007E             A:E800 X:0E68 Y:CFD1 S:0118 D:0000 DB:86 Nvmxdizc V:255 H:153 F:55
								849172 85 12       STA $12       [000012] A:007E X:0E68 Y:CFD1 S:0118 D:0000 DB:86 nvmxdizc V:255 H:157 F:55
								849174 A5 02       LDA $02       [000002] A:007E X:0E68 Y:CFD1 S:0118 D:0000 DB:86 nvmxdizc V:255 H:164 F:55
								849176 29 F0 00    AND #$00F0             A:03A9 X:0E68 Y:CFD1 S:0118 D:0000 DB:86 nvmxdizc V:255 H:171 F:55
								849179 0A          ASL A                  A:00A0 X:0E68 Y:CFD1 S:0118 D:0000 DB:86 nvmxdizc V:255 H:176 F:55
								84917A 85 04       STA $04       [000004] A:0140 X:0E68 Y:CFD1 S:0118 D:0000 DB:86 nvmxdizc V:255 H:179 F:55
								84917C A5 00       LDA $00       [000000] A:0140 X:0E68 Y:CFD1 S:0118 D:0000 DB:86 nvmxdizc V:255 H:186 F:55
								84917E 29 FF 00    AND #$00FF             A:1DBF X:0E68 Y:CFD1 S:0118 D:0000 DB:86 nvmxdizc V:255 H:193 F:55
								849181 4A          LSR A                  A:00BF X:0E68 Y:CFD1 S:0118 D:0000 DB:86 nvmxdizc V:255 H:197 F:55
								849182 4A          LSR A                  A:005F X:0E68 Y:CFD1 S:0118 D:0000 DB:86 nvmxdizC V:255 H:200 F:55
								849183 4A          LSR A                  A:002F X:0E68 Y:CFD1 S:0118 D:0000 DB:86 nvmxdizC V:255 H:203 F:55
								849184 29 FE FF    AND #$FFFE             A:0017 X:0E68 Y:CFD1 S:0118 D:0000 DB:86 nvmxdizC V:255 H:206 F:55
								849187 18          CLC                    A:0016 X:0E68 Y:CFD1 S:0118 D:0000 DB:86 nvmxdizC V:255 H:211 F:55
								849188 65 04       ADC $04       [000004] A:0016 X:0E68 Y:CFD1 S:0118 D:0000 DB:86 nvmxdizc V:255 H:214 F:55
								84918A 85 06       STA $06       [000006] A:0156 X:0E68 Y:CFD1 S:0118 D:0000 DB:86 nvmxdizc V:255 H:221 F:55
								84918C A5 00       LDA $00       [000000] A:0156 X:0E68 Y:CFD1 S:0118 D:0000 DB:86 nvmxdizc V:255 H:228 F:55
								84918E EB          XBA                    A:1DBF X:0E68 Y:CFD1 S:0118 D:0000 DB:86 nvmxdizc V:255 H:235 F:55
								84918F 29 1F 00    AND #$001F             A:BF1D X:0E68 Y:CFD1 S:0118 D:0000 DB:86 nvmxdizc V:255 H:239 F:55
								849192 85 04       STA $04       [000004] A:001D X:0E68 Y:CFD1 S:0118 D:0000 DB:86 nvmxdizc V:255 H:244 F:55
								849194 A5 02       LDA $02       [000002] A:001D X:0E68 Y:CFD1 S:0118 D:0000 DB:86 nvmxdizc V:255 H:251 F:55
								849196 29 00 1F    AND #$1F00             A:03A9 X:0E68 Y:CFD1 S:0118 D:0000 DB:86 nvmxdizc V:255 H:258 F:55
								849199 4A          LSR A                  A:0300 X:0E68 Y:CFD1 S:0118 D:0000 DB:86 nvmxdizc V:255 H:262 F:55
								84919A 4A          LSR A                  A:0180 X:0E68 Y:CFD1 S:0118 D:0000 DB:86 nvmxdizc V:255 H:265 F:55
								84919B 4A          LSR A                  A:00C0 X:0E68 Y:CFD1 S:0118 D:0000 DB:86 nvmxdizc V:255 H:268 F:55
								84919C 18          CLC                    A:0060 X:0E68 Y:CFD1 S:0118 D:0000 DB:86 nvmxdizc V:255 H:271 F:55
								84919D 65 04       ADC $04       [000004] A:0060 X:0E68 Y:CFD1 S:0118 D:0000 DB:86 nvmxdizc V:255 H:274 F:55
								84919F A8          TAY                    A:007D X:0E68 Y:CFD1 S:0118 D:0000 DB:86 nvmxdizc V:255 H:281 F:55
								8491A0 B7 10       LDA [$10],Y   [7EE87D] A:007D X:0E68 Y:007D S:0118 D:0000 DB:86 nvmxdizc V:255 H:284 F:55
								8491A2 29 FF 00    AND #$00FF             A:0024 X:0E68 Y:007D S:0118 D:0000 DB:86 nvmxdizc V:255 H:297 F:55
								8491A5 A8          TAY                    A:0024 X:0E68 Y:007D S:0118 D:0000 DB:86 nvmxdizc V:255 H:302 F:55
								8491A6 EB          XBA                    A:0024 X:0E68 Y:0024 S:0118 D:0000 DB:86 nvmxdizc V:255 H:305 F:55
								8491A7 0A          ASL A                  A:2400 X:0E68 Y:0024 S:0118 D:0000 DB:86 nvmxdiZc V:255 H:309 F:55
								8491A8 18          CLC                    A:4800 X:0E68 Y:0024 S:0118 D:0000 DB:86 nvmxdizc V:255 H:312 F:55
								8491A9 65 06       ADC $06       [000006] A:4800 X:0E68 Y:0024 S:0118 D:0000 DB:86 nvmxdizc V:255 H:315 F:55
								8491AB AA          TAX                    A:4956 X:0E68 Y:0024 S:0118 D:0000 DB:86 nvmxdizc V:255 H:322 F:55
								8491AC 60          RTS                    A:4956 X:4956 Y:0024 S:0118 D:0000 DB:86 nvmxdizc V:255 H:325 F:55

							8490F9 BF 00 20 7E LDA $7E2000,X [7E6956] A:4956 X:4956 Y:0024 S:011A D:0000 DB:86 nvmxdizc V:255 H:334 F:55
							8490FD A8          TAY                    A:01BB X:4956 Y:0024 S:011A D:0000 DB:86 nvmxdizc V:256 H:  4 F:55
							8490FE AD 92 0B    LDA $0B92     [860B92] A:01BB X:4956 Y:01BB S:011A D:0000 DB:86 nvmxdizc V:256 H:  7 F:55
							849101 85 10       STA $10       [000010] A:EB15 X:4956 Y:01BB S:011A D:0000 DB:86 Nvmxdizc V:256 H: 16 F:55
							849103 AD 94 0B    LDA $0B94     [860B94] A:EB15 X:4956 Y:01BB S:011A D:0000 DB:86 Nvmxdizc V:256 H: 23 F:55
							849106 85 12       STA $12       [000012] A:F895 X:4956 Y:01BB S:011A D:0000 DB:86 Nvmxdizc V:256 H: 31 F:55
							849108 B7 10       LDA [$10],Y   [95ECD0] A:F895 X:4956 Y:01BB S:011A D:0000 DB:86 Nvmxdizc V:256 H: 38 F:55
							84910A 29 FF 00    AND #$00FF             A:0000 X:4956 Y:01BB S:011A D:0000 DB:86 nvmxdiZc V:256 H: 50 F:55
							84910D 28          PLP                    A:0000 X:4956 Y:01BB S:011A D:0000 DB:86 nvmxdiZc V:256 H: 55 F:55
							84910E FA          PLX                    A:0000 X:4956 Y:01BB S:011B D:0000 DB:86 nvMxdizc V:256 H: 61 F:55
							84910F 2B          PLD                    A:0000 X:0E68 Y:01BB S:011D D:0000 DB:86 nvMxdizc V:256 H: 70 F:55
							849110 60          RTS                    A:0000 X:0E68 Y:01BB S:011F D:0000 DB:86 nvMxdiZc V:256 H: 78 F:55

						8495D3 95 2E       STA $2E,X     [000E96] A:0000 X:0E68 Y:01BB S:0121 D:0000 DB:86 nvMxdiZc V:256 H: 88 F:55
						8495D5 85 18       STA $18       [000018] A:0000 X:0E68 Y:01BB S:0121 D:0000 DB:86 nvMxdiZc V:256 H: 95 F:55
						8495D7 29 3F       AND #$3F               A:0000 X:0E68 Y:01BB S:0121 D:0000 DB:86 nvMxdiZc V:256 H:100 F:55
						8495D9 0A          ASL A                  A:0000 X:0E68 Y:01BB S:0121 D:0000 DB:86 nvMxdiZc V:256 H:103 F:55
						8495DA EB          XBA                    A:0000 X:0E68 Y:01BB S:0121 D:0000 DB:86 nvMxdiZc V:256 H:106 F:55
						8495DB A9 00       LDA #$00               A:0000 X:0E68 Y:01BB S:0121 D:0000 DB:86 nvMxdiZc V:256 H:110 F:55
						8495DD EB          XBA                    A:0000 X:0E68 Y:01BB S:0121 D:0000 DB:86 nvMxdiZc V:256 H:113 F:55
						8495DE A8          TAY                    A:0000 X:0E68 Y:01BB S:0121 D:0000 DB:86 nvMxdiZc V:256 H:118 F:55
						8495DF 84 28       STY $28       [000028] A:0000 X:0E68 Y:0000 S:0121 D:0000 DB:86 nvMxdiZc V:256 H:121 F:55
						8495E1 86 2C       STX $2C       [00002C] A:0000 X:0E68 Y:0000 S:0121 D:0000 DB:86 nvMxdiZc V:256 H:128 F:55
						8495E3 68          PLA                    A:0000 X:0E68 Y:0000 S:0121 D:0000 DB:86 nvMxdiZc V:256 H:145 F:55
						8495E4 95 2A       STA $2A,X     [000E92] A:0003 X:0E68 Y:0000 S:0122 D:0000 DB:86 nvMxdizc V:256 H:151 F:55
						8495E6 A6 2C       LDX $2C       [00002C] A:0003 X:0E68 Y:0000 S:0122 D:0000 DB:86 nvMxdizc V:256 H:158 F:55
						8495E8 A9 FB       LDA #$FB               A:0003 X:0E68 Y:0000 S:0122 D:0000 DB:86 nvMxdizc V:256 H:165 F:55
						8495EA 35 2B       AND $2B,X     [000E93] A:00FB X:0E68 Y:0000 S:0122 D:0000 DB:86 NvMxdizc V:256 H:168 F:55
						8495EC 95 2B       STA $2B,X     [000E93] A:0001 X:0E68 Y:0000 S:0122 D:0000 DB:86 nvMxdizc V:256 H:174 F:55
						8495EE 64 01       STZ $01       [000001] A:0001 X:0E68 Y:0000 S:0122 D:0000 DB:86 nvMxdizc V:256 H:181 F:55
						8495F0 B5 2A       LDA $2A,X     [000E92] A:0001 X:0E68 Y:0000 S:0122 D:0000 DB:86 nvMxdizc V:256 H:186 F:55
						8495F2 85 02       STA $02       [000002] A:0003 X:0E68 Y:0000 S:0122 D:0000 DB:86 nvMxdizc V:256 H:192 F:55
						8495F4 64 03       STZ $03       [000003] A:0003 X:0E68 Y:0000 S:0122 D:0000 DB:86 nvMxdizc V:256 H:197 F:55
						8495F6 B4 05       LDY $05,X     [000E6D] A:0003 X:0E68 Y:0000 S:0122 D:0000 DB:86 nvMxdizc V:256 H:202 F:55
						8495F8 84 10       STY $10       [000010] A:0003 X:0E68 Y:1DBF S:0122 D:0000 DB:86 nvMxdizc V:256 H:211 F:55
						8495FA B4 08       LDY $08,X     [000E70] A:0003 X:0E68 Y:1DBF S:0122 D:0000 DB:86 nvMxdizc V:256 H:218 F:55
						8495FC 84 12       STY $12       [000012] A:0003 X:0E68 Y:03A2 S:0122 D:0000 DB:86 nvMxdizc V:256 H:226 F:55
						8495FE A6 28       LDX $28       [000028] A:0003 X:0E68 Y:03A2 S:0122 D:0000 DB:86 nvMxdizc V:256 H:233 F:55
						849600 FC 1C 96    JSR ($961C,X) [84961C] A:0003 X:0000 Y:03A2 S:0122 D:0000 DB:86 nvMxdiZc V:256 H:240 F:55

							84969C AD 1C 1F    LDA $1F1C     [861F1C] A:0003 X:0000 Y:03A2 S:0120 D:0000 DB:86 nvMxdiZc V:256 H:253 F:55
							84969F F0 11       BEQ $0011     [8496B2] A:0000 X:0000 Y:03A2 S:0120 D:0000 DB:86 nvMxdiZc V:256 H:260 F:55
							8496B2 A9 00       LDA #$00               A:0000 X:0000 Y:03A2 S:0120 D:0000 DB:86 nvMxdiZc V:256 H:264 F:55
							8496B4 60          RTS                    A:0000 X:0000 Y:03A2 S:0120 D:0000 DB:86 nvMxdiZc V:256 H:267 F:55

						849603 F0 11       BEQ $0011     [849616] A:0000 X:0000 Y:03A2 S:0122 D:0000 DB:86 nvMxdiZc V:256 H:277 F:55
						849616 A6 2C       LDX $2C       [00002C] A:0000 X:0000 Y:03A2 S:0122 D:0000 DB:86 nvMxdiZc V:256 H:282 F:55
						849618 20 08 93    JSR $9308     [849308] A:0000 X:0E68 Y:03A2 S:0122 D:0000 DB:86 nvMxdizc V:256 H:289 F:55

							849308 A5 14       LDA $14       [000014] A:0000 X:0E68 Y:03A2 S:0120 D:0000 DB:86 nvMxdizc V:256 H:299 F:55
							84930A F0 08       BEQ $0008     [849314] A:0000 X:0E68 Y:03A2 S:0120 D:0000 DB:86 nvMxdiZc V:256 H:304 F:55
							849314 60          RTS                    A:0000 X:0E68 Y:03A2 S:0120 D:0000 DB:86 nvMxdiZc V:256 H:308 F:55

						84961B 60          RTS                    A:0000 X:0E68 Y:03A2 S:0122 D:0000 DB:86 nvMxdiZc V:256 H:318 F:55

					849292 D0 15       BNE $0015     [8492A9] A:0000 X:0E68 Y:03A2 S:0124 D:0000 DB:86 nvMxdiZc V:256 H:327 F:55
					849294 B4 20       LDY $20,X     [000E88] A:0000 X:0E68 Y:03A2 S:0124 D:0000 DB:86 nvMxdiZc V:256 H:330 F:55
					849296 B9 05 00    LDA $0005,Y   [86CFD6] A:0000 X:0E68 Y:CFD1 S:0124 D:0000 DB:86 NvMxdizc V:256 H:339 F:55
					849299 34 11       BIT $11,X     [000E79] A:00E8 X:0E68 Y:CFD1 S:0124 D:0000 DB:86 NvMxdizc V:257 H:  6 F:55
					84929B 50 03       BVC $0003     [8492A0] A:00E8 X:0E68 Y:CFD1 S:0124 D:0000 DB:86 nVMxdizc V:257 H: 13 F:55
					84929D 49 FF       EOR #$FF               A:00E8 X:0E68 Y:CFD1 S:0124 D:0000 DB:86 nVMxdizc V:257 H: 16 F:55
					84929F 1A          INC                    A:0017 X:0E68 Y:CFD1 S:0124 D:0000 DB:86 nVMxdizc V:257 H: 19 F:55
					8492A0 18          CLC                    A:0018 X:0E68 Y:CFD1 S:0124 D:0000 DB:86 nVMxdizc V:257 H: 22 F:55
					8492A1 79 07 00    ADC $0007,Y   [86CFD8] A:0018 X:0E68 Y:CFD1 S:0124 D:0000 DB:86 nVMxdizc V:257 H: 25 F:55
					8492A4 95 29       STA $29,X     [000E91] A:0030 X:0E68 Y:CFD1 S:0124 D:0000 DB:86 nvMxdizc V:257 H: 32 F:55
					8492A6 20 C4 95    JSR $95C4     [8495C4] A:0030 X:0E68 Y:CFD1 S:0124 D:0000 DB:86 nvMxdizc V:257 H: 39 F:55

						8495C4 B5 2A       LDA $2A,X     [000E92] A:0030 X:0E68 Y:CFD1 S:0122 D:0000 DB:86 nvMxdizc V:257 H: 49 F:55
						8495C6 48          PHA                    A:0003 X:0E68 Y:CFD1 S:0122 D:0000 DB:86 nvMxdizc V:257 H: 55 F:55
						8495C7 A5 08       LDA $08       [000008] A:0003 X:0E68 Y:CFD1 S:0121 D:0000 DB:86 nvMxdizc V:257 H: 60 F:55
						8495C9 29 7F       AND #$7F               A:0004 X:0E68 Y:CFD1 S:0121 D:0000 DB:86 nvMxdizc V:257 H: 65 F:55
						8495CB 18          CLC                    A:0004 X:0E68 Y:CFD1 S:0121 D:0000 DB:86 nvMxdizc V:257 H: 68 F:55
						8495CC 75 2A       ADC $2A,X     [000E92] A:0004 X:0E68 Y:CFD1 S:0121 D:0000 DB:86 nvMxdizc V:257 H: 71 F:55
						8495CE 95 2A       STA $2A,X     [000E92] A:0007 X:0E68 Y:CFD1 S:0121 D:0000 DB:86 nvMxdizc V:257 H: 78 F:55
						8495D0 20 B3 90    JSR $90B3     [8490B3] A:0007 X:0E68 Y:CFD1 S:0121 D:0000 DB:86 nvMxdizc V:257 H: 84 F:55

							8490B3 0B          PHD                    A:0007 X:0E68 Y:CFD1 S:011F D:0000 DB:86 nvMxdizc V:257 H: 94 F:55
							8490B4 DA          PHX                    A:0007 X:0E68 Y:CFD1 S:011D D:0000 DB:86 nvMxdizc V:257 H:101 F:55
							8490B5 08          PHP                    A:0007 X:0E68 Y:CFD1 S:011B D:0000 DB:86 nvMxdizc V:257 H:108 F:55
							8490B6 E2 20       SEP #$20               A:0007 X:0E68 Y:CFD1 S:011A D:0000 DB:86 nvMxdizc V:257 H:113 F:55
							8490B8 C2 10       REP #$10               A:0007 X:0E68 Y:CFD1 S:011A D:0000 DB:86 nvMxdizc V:257 H:118 F:55
							8490BA 64 01       STZ $01       [000001] A:0007 X:0E68 Y:CFD1 S:011A D:0000 DB:86 nvMxdizc V:257 H:122 F:55
							8490BC B5 29       LDA $29,X     [000E91] A:0007 X:0E68 Y:CFD1 S:011A D:0000 DB:86 nvMxdizc V:257 H:127 F:55
							8490BE 10 02       BPL $0002     [8490C2] A:0030 X:0E68 Y:CFD1 S:011A D:0000 DB:86 nvMxdizc V:257 H:144 F:55
							8490C2 18          CLC                    A:0030 X:0E68 Y:CFD1 S:011A D:0000 DB:86 nvMxdizc V:257 H:148 F:55
							8490C3 75 05       ADC $05,X     [000E6D] A:0030 X:0E68 Y:CFD1 S:011A D:0000 DB:86 nvMxdizc V:257 H:151 F:55
							8490C5 85 00       STA $00       [000000] A:00EF X:0E68 Y:CFD1 S:011A D:0000 DB:86 NvMxdizc V:257 H:158 F:55
							8490C7 B5 06       LDA $06,X     [000E6E] A:00EF X:0E68 Y:CFD1 S:011A D:0000 DB:86 NvMxdizc V:257 H:163 F:55
							8490C9 65 01       ADC $01       [000001] A:001D X:0E68 Y:CFD1 S:011A D:0000 DB:86 nvMxdizc V:257 H:169 F:55
							8490CB 85 01       STA $01       [000001] A:001D X:0E68 Y:CFD1 S:011A D:0000 DB:86 nvMxdizc V:257 H:174 F:55
							8490CD 64 03       STZ $03       [000003] A:001D X:0E68 Y:CFD1 S:011A D:0000 DB:86 nvMxdizc V:257 H:179 F:55
							8490CF B5 2A       LDA $2A,X     [000E92] A:001D X:0E68 Y:CFD1 S:011A D:0000 DB:86 nvMxdizc V:257 H:184 F:55
							8490D1 10 02       BPL $0002     [8490D5] A:0007 X:0E68 Y:CFD1 S:011A D:0000 DB:86 nvMxdizc V:257 H:191 F:55
							8490D5 18          CLC                    A:0007 X:0E68 Y:CFD1 S:011A D:0000 DB:86 nvMxdizc V:257 H:195 F:55
							8490D6 75 08       ADC $08,X     [000E70] A:0007 X:0E68 Y:CFD1 S:011A D:0000 DB:86 nvMxdizc V:257 H:198 F:55
							8490D8 85 02       STA $02       [000002] A:00A9 X:0E68 Y:CFD1 S:011A D:0000 DB:86 NvMxdizc V:257 H:205 F:55
							8490DA 29 F0       AND #$F0               A:00A9 X:0E68 Y:CFD1 S:011A D:0000 DB:86 NvMxdizc V:257 H:210 F:55
							8490DC 85 0A       STA $0A       [00000A] A:00A0 X:0E68 Y:CFD1 S:011A D:0000 DB:86 NvMxdizc V:257 H:213 F:55
							8490DE B5 09       LDA $09,X     [000E71] A:00A0 X:0E68 Y:CFD1 S:011A D:0000 DB:86 NvMxdizc V:257 H:218 F:55
							8490E0 65 03       ADC $03       [000003] A:0003 X:0E68 Y:CFD1 S:011A D:0000 DB:86 nvMxdizc V:257 H:224 F:55
							8490E2 85 03       STA $03       [000003] A:0003 X:0E68 Y:CFD1 S:011A D:0000 DB:86 nvMxdizc V:257 H:229 F:55
							8490E4 85 0B       STA $0B       [00000B] A:0003 X:0E68 Y:CFD1 S:011A D:0000 DB:86 nvMxdizc V:257 H:234 F:55
							8490E6 A5 00       LDA $00       [000000] A:0003 X:0E68 Y:CFD1 S:011A D:0000 DB:86 nvMxdizc V:257 H:239 F:55
							8490E8 29 0F       AND #$0F               A:00EF X:0E68 Y:CFD1 S:011A D:0000 DB:86 NvMxdizc V:257 H:244 F:55
							8490EA 1A          INC                    A:000F X:0E68 Y:CFD1 S:011A D:0000 DB:86 nvMxdizc V:257 H:247 F:55
							8490EB 85 0C       STA $0C       [00000C] A:0010 X:0E68 Y:CFD1 S:011A D:0000 DB:86 nvMxdizc V:257 H:250 F:55
							8490ED A5 02       LDA $02       [000002] A:0010 X:0E68 Y:CFD1 S:011A D:0000 DB:86 nvMxdizc V:257 H:255 F:55
							8490EF 29 0F       AND #$0F               A:00A9 X:0E68 Y:CFD1 S:011A D:0000 DB:86 NvMxdizc V:257 H:260 F:55
							8490F1 1A          INC                    A:0009 X:0E68 Y:CFD1 S:011A D:0000 DB:86 nvMxdizc V:257 H:263 F:55
							8490F2 85 0E       STA $0E       [00000E] A:000A X:0E68 Y:CFD1 S:011A D:0000 DB:86 nvMxdizc V:257 H:266 F:55
							8490F4 C2 20       REP #$20               A:000A X:0E68 Y:CFD1 S:011A D:0000 DB:86 nvMxdizc V:257 H:271 F:55
							8490F6 20 6A 91    JSR $916A     [84916A] A:000A X:0E68 Y:CFD1 S:011A D:0000 DB:86 nvmxdizc V:257 H:276 F:55

								84916A A9 00 E8    LDA #$E800             A:000A X:0E68 Y:CFD1 S:0118 D:0000 DB:86 nvmxdizc V:257 H:286 F:55
								84916D 85 10       STA $10       [000010] A:E800 X:0E68 Y:CFD1 S:0118 D:0000 DB:86 Nvmxdizc V:257 H:290 F:55
								84916F A9 7E 00    LDA #$007E             A:E800 X:0E68 Y:CFD1 S:0118 D:0000 DB:86 Nvmxdizc V:257 H:297 F:55
								849172 85 12       STA $12       [000012] A:007E X:0E68 Y:CFD1 S:0118 D:0000 DB:86 nvmxdizc V:257 H:302 F:55
								849174 A5 02       LDA $02       [000002] A:007E X:0E68 Y:CFD1 S:0118 D:0000 DB:86 nvmxdizc V:257 H:309 F:55
								849176 29 F0 00    AND #$00F0             A:03A9 X:0E68 Y:CFD1 S:0118 D:0000 DB:86 nvmxdizc V:257 H:316 F:55
								849179 0A          ASL A                  A:00A0 X:0E68 Y:CFD1 S:0118 D:0000 DB:86 nvmxdizc V:257 H:320 F:55
								84917A 85 04       STA $04       [000004] A:0140 X:0E68 Y:CFD1 S:0118 D:0000 DB:86 nvmxdizc V:257 H:323 F:55
								84917C A5 00       LDA $00       [000000] A:0140 X:0E68 Y:CFD1 S:0118 D:0000 DB:86 nvmxdizc V:257 H:329 F:55
								84917E 29 FF 00    AND #$00FF             A:1DEF X:0E68 Y:CFD1 S:0118 D:0000 DB:86 nvmxdizc V:257 H:336 F:55
								849181 4A          LSR A                  A:00EF X:0E68 Y:CFD1 S:0118 D:0000 DB:86 nvmxdizc V:258 H:  1 F:55
								849182 4A          LSR A                  A:0077 X:0E68 Y:CFD1 S:0118 D:0000 DB:86 nvmxdizC V:258 H:  4 F:55
								849183 4A          LSR A                  A:003B X:0E68 Y:CFD1 S:0118 D:0000 DB:86 nvmxdizC V:258 H:  7 F:55
								849184 29 FE FF    AND #$FFFE             A:001D X:0E68 Y:CFD1 S:0118 D:0000 DB:86 nvmxdizC V:258 H: 10 F:55
								849187 18          CLC                    A:001C X:0E68 Y:CFD1 S:0118 D:0000 DB:86 nvmxdizC V:258 H: 14 F:55
								849188 65 04       ADC $04       [000004] A:001C X:0E68 Y:CFD1 S:0118 D:0000 DB:86 nvmxdizc V:258 H: 17 F:55
								84918A 85 06       STA $06       [000006] A:015C X:0E68 Y:CFD1 S:0118 D:0000 DB:86 nvmxdizc V:258 H: 24 F:55
								84918C A5 00       LDA $00       [000000] A:015C X:0E68 Y:CFD1 S:0118 D:0000 DB:86 nvmxdizc V:258 H: 31 F:55
								84918E EB          XBA                    A:1DEF X:0E68 Y:CFD1 S:0118 D:0000 DB:86 nvmxdizc V:258 H: 38 F:55
								84918F 29 1F 00    AND #$001F             A:EF1D X:0E68 Y:CFD1 S:0118 D:0000 DB:86 nvmxdizc V:258 H: 43 F:55
								849192 85 04       STA $04       [000004] A:001D X:0E68 Y:CFD1 S:0118 D:0000 DB:86 nvmxdizc V:258 H: 47 F:55
								849194 A5 02       LDA $02       [000002] A:001D X:0E68 Y:CFD1 S:0118 D:0000 DB:86 nvmxdizc V:258 H: 54 F:55
								849196 29 00 1F    AND #$1F00             A:03A9 X:0E68 Y:CFD1 S:0118 D:0000 DB:86 nvmxdizc V:258 H: 61 F:55
								849199 4A          LSR A                  A:0300 X:0E68 Y:CFD1 S:0118 D:0000 DB:86 nvmxdizc V:258 H: 66 F:55
								84919A 4A          LSR A                  A:0180 X:0E68 Y:CFD1 S:0118 D:0000 DB:86 nvmxdizc V:258 H: 69 F:55
								84919B 4A          LSR A                  A:00C0 X:0E68 Y:CFD1 S:0118 D:0000 DB:86 nvmxdizc V:258 H: 72 F:55
								84919C 18          CLC                    A:0060 X:0E68 Y:CFD1 S:0118 D:0000 DB:86 nvmxdizc V:258 H: 75 F:55
								84919D 65 04       ADC $04       [000004] A:0060 X:0E68 Y:CFD1 S:0118 D:0000 DB:86 nvmxdizc V:258 H: 78 F:55
								84919F A8          TAY                    A:007D X:0E68 Y:CFD1 S:0118 D:0000 DB:86 nvmxdizc V:258 H: 85 F:55
								8491A0 B7 10       LDA [$10],Y   [7EE87D] A:007D X:0E68 Y:007D S:0118 D:0000 DB:86 nvmxdizc V:258 H: 88 F:55
								8491A2 29 FF 00    AND #$00FF             A:0024 X:0E68 Y:007D S:0118 D:0000 DB:86 nvmxdizc V:258 H:101 F:55
								8491A5 A8          TAY                    A:0024 X:0E68 Y:007D S:0118 D:0000 DB:86 nvmxdizc V:258 H:105 F:55
								8491A6 EB          XBA                    A:0024 X:0E68 Y:0024 S:0118 D:0000 DB:86 nvmxdizc V:258 H:108 F:55
								8491A7 0A          ASL A                  A:2400 X:0E68 Y:0024 S:0118 D:0000 DB:86 nvmxdiZc V:258 H:113 F:55
								8491A8 18          CLC                    A:4800 X:0E68 Y:0024 S:0118 D:0000 DB:86 nvmxdizc V:258 H:116 F:55
								8491A9 65 06       ADC $06       [000006] A:4800 X:0E68 Y:0024 S:0118 D:0000 DB:86 nvmxdizc V:258 H:119 F:55
								8491AB AA          TAX                    A:495C X:0E68 Y:0024 S:0118 D:0000 DB:86 nvmxdizc V:258 H:126 F:55
								8491AC 60          RTS                    A:495C X:495C Y:0024 S:0118 D:0000 DB:86 nvmxdizc V:258 H:129 F:55

							8490F9 BF 00 20 7E LDA $7E2000,X [7E695C] A:495C X:495C Y:0024 S:011A D:0000 DB:86 nvmxdizc V:258 H:149 F:55
							8490FD A8          TAY                    A:01B8 X:495C Y:0024 S:011A D:0000 DB:86 nvmxdizc V:258 H:159 F:55
							8490FE AD 92 0B    LDA $0B92     [860B92] A:01B8 X:495C Y:01B8 S:011A D:0000 DB:86 nvmxdizc V:258 H:162 F:55
							849101 85 10       STA $10       [000010] A:EB15 X:495C Y:01B8 S:011A D:0000 DB:86 Nvmxdizc V:258 H:170 F:55
							849103 AD 94 0B    LDA $0B94     [860B94] A:EB15 X:495C Y:01B8 S:011A D:0000 DB:86 Nvmxdizc V:258 H:177 F:55
							849106 85 12       STA $12       [000012] A:F895 X:495C Y:01B8 S:011A D:0000 DB:86 Nvmxdizc V:258 H:186 F:55
							849108 B7 10       LDA [$10],Y   [95ECCD] A:F895 X:495C Y:01B8 S:011A D:0000 DB:86 Nvmxdizc V:258 H:193 F:55
							84910A 29 FF 00    AND #$00FF             A:0000 X:495C Y:01B8 S:011A D:0000 DB:86 nvmxdiZc V:258 H:205 F:55
							84910D 28          PLP                    A:0000 X:495C Y:01B8 S:011A D:0000 DB:86 nvmxdiZc V:258 H:209 F:55
							84910E FA          PLX                    A:0000 X:495C Y:01B8 S:011B D:0000 DB:86 nvMxdizc V:258 H:216 F:55
							84910F 2B          PLD                    A:0000 X:0E68 Y:01B8 S:011D D:0000 DB:86 nvMxdizc V:258 H:224 F:55
							849110 60          RTS                    A:0000 X:0E68 Y:01B8 S:011F D:0000 DB:86 nvMxdiZc V:258 H:233 F:55

						8495D3 95 2E       STA $2E,X     [000E96] A:0000 X:0E68 Y:01B8 S:0121 D:0000 DB:86 nvMxdiZc V:258 H:243 F:55
						8495D5 85 18       STA $18       [000018] A:0000 X:0E68 Y:01B8 S:0121 D:0000 DB:86 nvMxdiZc V:258 H:249 F:55
						8495D7 29 3F       AND #$3F               A:0000 X:0E68 Y:01B8 S:0121 D:0000 DB:86 nvMxdiZc V:258 H:254 F:55
						8495D9 0A          ASL A                  A:0000 X:0E68 Y:01B8 S:0121 D:0000 DB:86 nvMxdiZc V:258 H:257 F:55
						8495DA EB          XBA                    A:0000 X:0E68 Y:01B8 S:0121 D:0000 DB:86 nvMxdiZc V:258 H:260 F:55
						8495DB A9 00       LDA #$00               A:0000 X:0E68 Y:01B8 S:0121 D:0000 DB:86 nvMxdiZc V:258 H:265 F:55
						8495DD EB          XBA                    A:0000 X:0E68 Y:01B8 S:0121 D:0000 DB:86 nvMxdiZc V:258 H:268 F:55
						8495DE A8          TAY                    A:0000 X:0E68 Y:01B8 S:0121 D:0000 DB:86 nvMxdiZc V:258 H:272 F:55
						8495DF 84 28       STY $28       [000028] A:0000 X:0E68 Y:0000 S:0121 D:0000 DB:86 nvMxdiZc V:258 H:275 F:55
						8495E1 86 2C       STX $2C       [00002C] A:0000 X:0E68 Y:0000 S:0121 D:0000 DB:86 nvMxdiZc V:258 H:282 F:55
						8495E3 68          PLA                    A:0000 X:0E68 Y:0000 S:0121 D:0000 DB:86 nvMxdiZc V:258 H:289 F:55
						8495E4 95 2A       STA $2A,X     [000E92] A:0003 X:0E68 Y:0000 S:0122 D:0000 DB:86 nvMxdizc V:258 H:296 F:55
						8495E6 A6 2C       LDX $2C       [00002C] A:0003 X:0E68 Y:0000 S:0122 D:0000 DB:86 nvMxdizc V:258 H:302 F:55
						8495E8 A9 FB       LDA #$FB               A:0003 X:0E68 Y:0000 S:0122 D:0000 DB:86 nvMxdizc V:258 H:309 F:55
						8495EA 35 2B       AND $2B,X     [000E93] A:00FB X:0E68 Y:0000 S:0122 D:0000 DB:86 NvMxdizc V:258 H:312 F:55
						8495EC 95 2B       STA $2B,X     [000E93] A:0001 X:0E68 Y:0000 S:0122 D:0000 DB:86 nvMxdizc V:258 H:319 F:55
						8495EE 64 01       STZ $01       [000001] A:0001 X:0E68 Y:0000 S:0122 D:0000 DB:86 nvMxdizc V:258 H:325 F:55
						8495F0 B5 2A       LDA $2A,X     [000E92] A:0001 X:0E68 Y:0000 S:0122 D:0000 DB:86 nvMxdizc V:258 H:329 F:55
						8495F2 85 02       STA $02       [000002] A:0003 X:0E68 Y:0000 S:0122 D:0000 DB:86 nvMxdizc V:258 H:336 F:55
						8495F4 64 03       STZ $03       [000003] A:0003 X:0E68 Y:0000 S:0122 D:0000 DB:86 nvMxdizc V:259 H:  1 F:55
						8495F6 B4 05       LDY $05,X     [000E6D] A:0003 X:0E68 Y:0000 S:0122 D:0000 DB:86 nvMxdizc V:259 H:  6 F:55
						8495F8 84 10       STY $10       [000010] A:0003 X:0E68 Y:1DBF S:0122 D:0000 DB:86 nvMxdizc V:259 H: 14 F:55
						8495FA B4 08       LDY $08,X     [000E70] A:0003 X:0E68 Y:1DBF S:0122 D:0000 DB:86 nvMxdizc V:259 H: 21 F:55
						8495FC 84 12       STY $12       [000012] A:0003 X:0E68 Y:03A2 S:0122 D:0000 DB:86 nvMxdizc V:259 H: 30 F:55
						8495FE A6 28       LDX $28       [000028] A:0003 X:0E68 Y:03A2 S:0122 D:0000 DB:86 nvMxdizc V:259 H: 37 F:55
						849600 FC 1C 96    JSR ($961C,X) [84961C] A:0003 X:0000 Y:03A2 S:0122 D:0000 DB:86 nvMxdiZc V:259 H: 44 F:55

							84969C AD 1C 1F    LDA $1F1C     [861F1C] A:0003 X:0000 Y:03A2 S:0120 D:0000 DB:86 nvMxdiZc V:259 H: 57 F:55
							84969F F0 11       BEQ $0011     [8496B2] A:0000 X:0000 Y:03A2 S:0120 D:0000 DB:86 nvMxdiZc V:259 H: 63 F:55
							8496B2 A9 00       LDA #$00               A:0000 X:0000 Y:03A2 S:0120 D:0000 DB:86 nvMxdiZc V:259 H: 68 F:55
							8496B4 60          RTS                    A:0000 X:0000 Y:03A2 S:0120 D:0000 DB:86 nvMxdiZc V:259 H: 71 F:55

						849603 F0 11       BEQ $0011     [849616] A:0000 X:0000 Y:03A2 S:0122 D:0000 DB:86 nvMxdiZc V:259 H: 81 F:55
						849616 A6 2C       LDX $2C       [00002C] A:0000 X:0000 Y:03A2 S:0122 D:0000 DB:86 nvMxdiZc V:259 H: 85 F:55
						849618 20 08 93    JSR $9308     [849308] A:0000 X:0E68 Y:03A2 S:0122 D:0000 DB:86 nvMxdizc V:259 H: 92 F:55

							849308 A5 14       LDA $14       [000014] A:0000 X:0E68 Y:03A2 S:0120 D:0000 DB:86 nvMxdizc V:259 H:102 F:55
							84930A F0 08       BEQ $0008     [849314] A:0000 X:0E68 Y:03A2 S:0120 D:0000 DB:86 nvMxdiZc V:259 H:107 F:55
							849314 60          RTS                    A:0000 X:0E68 Y:03A2 S:0120 D:0000 DB:86 nvMxdiZc V:259 H:112 F:55

						84961B 60          RTS                    A:0000 X:0E68 Y:03A2 S:0122 D:0000 DB:86 nvMxdiZc V:259 H:122 F:55

					8492A9 C2 30       REP #$30               A:0000 X:0E68 Y:03A2 S:0124 D:0000 DB:86 nvMxdiZc V:259 H:132 F:55
					8492AB 60          RTS                    A:0000 X:0E68 Y:03A2 S:0124 D:0000 DB:86 nvmxdiZc V:259 H:146 F:55

				8491DB 2B          PLD                    A:0000 X:0E68 Y:03A2 S:0126 D:0000 DB:86 nvmxdiZc V:259 H:156 F:55
				8491DC 28          PLP                    A:0000 X:0E68 Y:03A2 S:0128 D:0E68 DB:86 nvmxdizc V:259 H:165 F:55
				8491DD 6B          RTL                    A:0000 X:0068 Y:00A2 S:0129 D:0E68 DB:86 NvMXdizc V:259 H:171 F:55

			88A0E7 A5 2B       LDA $2B       [000E93] A:0000 X:0068 Y:00A2 S:012C D:0E68 DB:86 NvMXdizc V:259 H:182 F:55
			88A0E9 29 03       AND #$03               A:0001 X:0068 Y:00A2 S:012C D:0E68 DB:86 nvMXdizc V:259 H:188 F:55
			88A0EB F0 12       BEQ $0012     [88A0FF] A:0001 X:0068 Y:00A2 S:012C D:0E68 DB:86 nvMXdizc V:259 H:191 F:55		Branch if E-Miscbitflag bit #$03 is not set
			88A0ED A9 0B       LDA #$0B               A:0001 X:0068 Y:00A2 S:012C D:0E68 DB:86 nvMXdizc V:259 H:194 F:55
			88A0EF 22 07 8F 84 JSL $848F07   [848F07] A:000B X:0068 Y:00A2 S:012C D:0E68 DB:86 nvMXdizc V:259 H:197 F:55		JSL $848F07 --> New Countdown Routine ($16=#$91, A=#$0B)

				848F07 08          PHP                    A:000B X:0068 Y:00A2 S:0129 D:0E68 DB:86 nvMXdizc V:259 H:211 F:55
				848F08 8B          PHB                    A:000B X:0068 Y:00A2 S:0128 D:0E68 DB:86 nvMXdizc V:259 H:216 F:55
				848F09 C2 30       REP #$30               A:000B X:0068 Y:00A2 S:0127 D:0E68 DB:86 nvMXdizc V:259 H:221 F:55
				848F0B 8D 0E 00    STA $000E     [86000E] A:000B X:0068 Y:00A2 S:0127 D:0E68 DB:86 nvmxdizc V:259 H:225 F:55
				848F0E A5 16       LDA $16       [000E7E] A:000B X:0068 Y:00A2 S:0127 D:0E68 DB:86 nvmxdizc V:259 H:234 F:55
				848F10 29 FF 00    AND #$00FF             A:9791 X:0068 Y:00A2 S:0127 D:0E68 DB:86 Nvmxdizc V:259 H:242 F:55
				848F13 8D 0C 00    STA $000C     [86000C] A:0091 X:0068 Y:00A2 S:0127 D:0E68 DB:86 nvmxdizc V:259 H:247 F:55
				848F16 0A          ASL A                  A:0091 X:0068 Y:00A2 S:0127 D:0E68 DB:86 nvmxdizc V:259 H:255 F:55
				848F17 18          CLC                    A:0122 X:0068 Y:00A2 S:0127 D:0E68 DB:86 nvmxdizc V:259 H:258 F:55
				848F18 6D 0C 00    ADC $000C     [86000C] A:0122 X:0068 Y:00A2 S:0127 D:0E68 DB:86 nvmxdizc V:259 H:261 F:55
				848F1B AA          TAX                    A:01B3 X:0068 Y:00A2 S:0127 D:0E68 DB:86 nvmxdizc V:259 H:270 F:55
				848F1C BF 00 A0 AF LDA $AFA000,X [AFA1B3] A:01B3 X:01B3 Y:00A2 S:0127 D:0E68 DB:86 nvmxdizc V:259 H:273 F:55
				848F20 85 14       STA $14       [000E7C] A:DE6B X:01B3 Y:00A2 S:0127 D:0E68 DB:86 Nvmxdizc V:259 H:282 F:55
				848F22 E2 20       SEP #$20               A:DE6B X:01B3 Y:00A2 S:0127 D:0E68 DB:86 Nvmxdizc V:259 H:290 F:55
				848F24 BF 02 A0 AF LDA $AFA002,X [AFA1B5] A:DE6B X:01B3 Y:00A2 S:0127 D:0E68 DB:86 NvMxdizc V:259 H:295 F:55
				848F28 48          PHA                    A:DEAF X:01B3 Y:00A2 S:0127 D:0E68 DB:86 NvMxdizc V:259 H:302 F:55
				848F29 AB          PLB                    A:DEAF X:01B3 Y:00A2 S:0126 D:0E68 DB:86 NvMxdizc V:259 H:307 F:55
				848F2A C2 20       REP #$20               A:DEAF X:01B3 Y:00A2 S:0127 D:0E68 DB:AF NvMxdizc V:259 H:314 F:55
				848F2C AD 0E 00    LDA $000E     [AF000E] A:DEAF X:01B3 Y:00A2 S:0127 D:0E68 DB:AF Nvmxdizc V:259 H:318 F:55
				848F2F 29 FF 00    AND #$00FF             A:000B X:01B3 Y:00A2 S:0127 D:0E68 DB:AF nvmxdizc V:259 H:326 F:55
				848F32 0A          ASL A                  A:000B X:01B3 Y:00A2 S:0127 D:0E68 DB:AF nvmxdizc V:259 H:330 F:55
				848F33 A8          TAY                    A:0016 X:01B3 Y:00A2 S:0127 D:0E68 DB:AF nvmxdizc V:259 H:333 F:55
				848F34 B1 14       LDA ($14),Y   [AFDE81] A:0016 X:01B3 Y:0016 S:0127 D:0E68 DB:AF nvmxdizc V:259 H:336 F:55
				848F36 65 14       ADC $14       [000E7C] A:012F X:01B3 Y:0016 S:0127 D:0E68 DB:AF nvmxdizc V:260 H:  9 F:55
				848F38 85 14       STA $14       [000E7C] A:DF9A X:01B3 Y:0016 S:0127 D:0E68 DB:AF Nvmxdizc V:260 H: 18 F:55
				848F3A E2 30       SEP #$30               A:DF9A X:01B3 Y:0016 S:0127 D:0E68 DB:AF Nvmxdizc V:260 H: 26 F:55
				848F3C B2 14       LDA ($14)     [AFDF9A] A:DF9A X:00B3 Y:0016 S:0127 D:0E68 DB:AF NvMXdizc V:260 H: 31 F:55	Skeleton start: [AFDF9A]
				848F3E 85 13       STA $13       [000E7B] A:DF08 X:00B3 Y:0016 S:0127 D:0E68 DB:AF nvMXdizc V:260 H: 41 F:55
				848F40 A0 01       LDY #$01               A:DF08 X:00B3 Y:0016 S:0127 D:0E68 DB:AF nvMXdizc V:260 H: 47 F:55
				848F42 B1 14       LDA ($14),Y   [AFDF9B] A:DF08 X:00B3 Y:0001 S:0127 D:0E68 DB:AF nvMXdizc V:260 H: 50 F:55
				848F44 85 0F       STA $0F       [000E77] A:DF80 X:00B3 Y:0001 S:0127 D:0E68 DB:AF NvMXdizc V:260 H: 60 F:55
				848F46 C8          INY                    A:DF80 X:00B3 Y:0001 S:0127 D:0E68 DB:AF NvMXdizc V:260 H: 67 F:55
				848F47 B1 14       LDA ($14),Y   [AFDF9C] A:DF80 X:00B3 Y:0002 S:0127 D:0E68 DB:AF nvMXdizc V:260 H: 70 F:55
				848F49 85 17       STA $17       [000E7F] A:DF16 X:00B3 Y:0002 S:0127 D:0E68 DB:AF nvMXdizc V:260 H: 80 F:55
				848F4B A9 80       LDA #$80               A:DF16 X:00B3 Y:0002 S:0127 D:0E68 DB:AF nvMXdizc V:260 H: 86 F:55
				848F4D 04 17       TSB $17       [000E7F] A:DF80 X:00B3 Y:0002 S:0127 D:0E68 DB:AF NvMXdizc V:260 H: 89 F:55
				848F4F AB          PLB                    A:DF80 X:00B3 Y:0002 S:0127 D:0E68 DB:AF NvMXdiZc V:260 H: 99 F:55
				848F50 28          PLP                    A:DF80 X:00B3 Y:0002 S:0128 D:0E68 DB:86 NvMXdizc V:260 H:106 F:55
				848F51 6B          RTL                    A:DF80 X:00B3 Y:0002 S:0129 D:0E68 DB:86 nvMXdizc V:260 H:112 F:55

			88A0F3 A9 06       LDA #$06               A:DF80 X:00B3 Y:0002 S:012C D:0E68 DB:86 nvMXdizc V:260 H:123 F:55		Subaction = #$06
			88A0F5 85 03       STA $03       [000E6B] A:DF06 X:00B3 Y:0002 S:012C D:0E68 DB:86 nvMXdizc V:260 H:126 F:55
			88A0F7 A9 1E       LDA #$1E               A:DF06 X:00B3 Y:0002 S:012C D:0E68 DB:86 nvMXdizc V:260 H:132 F:55		Countdown2 = #$1E
			88A0F9 85 34       STA $34       [000E9C] A:DF1E X:00B3 Y:0002 S:012C D:0E68 DB:86 nvMXdizc V:260 H:145 F:55
			88A0FB 22 16 A3 84 JSL $84A316   [84A316] A:DF1E X:00B3 Y:0002 S:012C D:0E68 DB:86 nvMXdizc V:260 H:152 F:55		JSL $84A316 --> Shake Screen effect. A = Duration of shake.

				84A316 08          PHP                    A:DF1E X:00B3 Y:0002 S:0129 D:0E68 DB:86 nvMXdizc V:260 H:165 F:55
				84A317 E2 30       SEP #$30               A:DF1E X:00B3 Y:0002 S:0128 D:0E68 DB:86 nvMXdizc V:260 H:170 F:55
				84A319 A2 03       LDX #$03               A:DF1E X:00B3 Y:0002 S:0128 D:0E68 DB:86 nvMXdizc V:260 H:175 F:55
				84A31B A0 01       LDY #$01               A:DF1E X:0003 Y:0002 S:0128 D:0E68 DB:86 nvMXdizc V:260 H:178 F:55
				84A31D 80 03       BRA $0003     [84A322] A:DF1E X:0003 Y:0001 S:0128 D:0E68 DB:86 nvMXdizc V:260 H:181 F:55
				84A322 8D 79 1E    STA $1E79     [861E79] A:DF1E X:0003 Y:0001 S:0128 D:0E68 DB:86 nvMXdizc V:260 H:185 F:55
				84A325 8E 82 1E    STX $1E82     [861E82] A:DF1E X:0003 Y:0001 S:0128 D:0E68 DB:86 nvMXdizc V:260 H:192 F:55
				84A328 8C 7E 1E    STY $1E7E     [861E7E] A:DF1E X:0003 Y:0001 S:0128 D:0E68 DB:86 nvMXdizc V:260 H:198 F:55
				84A32B 8C 80 1E    STY $1E80     [861E80] A:DF1E X:0003 Y:0001 S:0128 D:0E68 DB:86 nvMXdizc V:260 H:205 F:55
				84A32E 9C 84 1E    STZ $1E84     [861E84] A:DF1E X:0003 Y:0001 S:0128 D:0E68 DB:86 nvMXdizc V:260 H:211 F:55
				84A331 A9 01       LDA #$01               A:DF1E X:0003 Y:0001 S:0128 D:0E68 DB:86 nvMXdizc V:260 H:218 F:55
				84A333 0C 78 1E    TSB $1E78     [861E78] A:DF01 X:0003 Y:0001 S:0128 D:0E68 DB:86 nvMXdizc V:260 H:221 F:55
				84A336 28          PLP                    A:DF01 X:0003 Y:0001 S:0128 D:0E68 DB:86 nvMXdiZc V:260 H:231 F:55
				84A337 6B          RTL                    A:DF01 X:0003 Y:0001 S:0129 D:0E68 DB:86 nvMXdizc V:260 H:237 F:55

			88A0FF C2 20       REP #$20               A:DF01 X:0003 Y:0001 S:012C D:0E68 DB:86 nvMXdizc V:260 H:248 F:55
			88A101 A9 D6 CF    LDA #$CFD6             A:DF01 X:0003 Y:0001 S:012C D:0E68 DB:86 nvmXdizc V:260 H:252 F:55		E-HitboxPoint = #$CFD6
			88A104 85 20       STA $20       [000E88] A:CFD6 X:0003 Y:0001 S:012C D:0E68 DB:86 NvmXdizc V:260 H:257 F:55
			88A106 E2 20       SEP #$20               A:CFD6 X:0003 Y:0001 S:012C D:0E68 DB:86 NvmXdizc V:260 H:265 F:55
			88A108 22 03 9B 84 JSL $849B03   [849B03] A:CFD6 X:0003 Y:0001 S:012C D:0E68 DB:86 NvMXdizc V:260 H:270 F:55		JSL $849B03 --> Various general checks

				849B03 C2 10       REP #$10               A:CFD6 X:0003 Y:0001 S:0129 D:0E68 DB:86 NvMXdizc V:260 H:283 F:55
				849B05 A5 27       LDA $27       [000E8F] A:CFD6 X:0003 Y:0001 S:0129 D:0E68 DB:86 NvMxdizc V:260 H:288 F:55
				849B07 F0 70       BEQ $0070     [849B79] A:CF20 X:0003 Y:0001 S:0129 D:0E68 DB:86 nvMxdizc V:260 H:294 F:55
				849B09 A5 0E       LDA $0E       [000E76] A:CF20 X:0003 Y:0001 S:0129 D:0E68 DB:86 nvMxdizc V:260 H:297 F:55
				849B0B F0 31       BEQ $0031     [849B3E] A:CF01 X:0003 Y:0001 S:0129 D:0E68 DB:86 nvMxdizc V:260 H:304 F:55
				849B0D AD 0C 1F    LDA $1F0C     [861F0C] A:CF01 X:0003 Y:0001 S:0129 D:0E68 DB:86 nvMxdizc V:260 H:307 F:55
				849B10 D0 2C       BNE $002C     [849B3E] A:CF00 X:0003 Y:0001 S:0129 D:0E68 DB:86 nvMxdiZc V:260 H:313 F:55
				849B12 AD 32 0C    LDA $0C32     [860C32] A:CF00 X:0003 Y:0001 S:0129 D:0E68 DB:86 nvMxdiZc V:260 H:316 F:55
				849B15 D0 11       BNE $0011     [849B28] A:CF08 X:0003 Y:0001 S:0129 D:0E68 DB:86 nvMxdizc V:260 H:323 F:55
				849B28 AD 18 0E    LDA $0E18     [860E18] A:CF08 X:0003 Y:0001 S:0129 D:0E68 DB:86 nvMxdizc V:260 H:327 F:55
				849B2B F0 11       BEQ $0011     [849B3E] A:CF00 X:0003 Y:0001 S:0129 D:0E68 DB:86 nvMxdiZc V:260 H:333 F:55
				849B3E E2 10       SEP #$10               A:CF00 X:0003 Y:0001 S:0129 D:0E68 DB:86 nvMxdiZc V:260 H:337 F:55
				849B40 A9 00       LDA #$00               A:CF00 X:0003 Y:0001 S:0129 D:0E68 DB:86 nvMXdiZc V:261 H:  2 F:55
				849B42 6B          RTL                    A:CF00 X:0003 Y:0001 S:0129 D:0E68 DB:86 nvMXdiZc V:261 H:  5 F:55

			88A10C 60          RTS                    A:CF00 X:0003 Y:0001 S:012C D:0E68 DB:86 nvMXdiZc V:261 H: 15 F:55

		889D7B AD CF 0B    LDA $0BCF     [860BCF] A:CF00 X:0003 Y:0001 S:012E D:0E68 DB:86 nvMXdiZc V:261 H: 25 F:55
