80D4F6 20 30 D5    JSR $D530     [80D530] A:0E01 X:0000 Y:00B9 S:0133 D:0E68 DB:86 nvMXdizC V:247 H:203 F:44

	80D530 C2 20       REP #$20               A:0E01 X:0000 Y:00B9 S:0131 D:0E68 DB:86 nvMXdizC V:247 H:213 F:44
	80D532 A5 05       LDA $05       [000E6D] A:0E01 X:0000 Y:00B9 S:0131 D:0E68 DB:86 nvmXdizC V:247 H:218 F:44
	80D534 85 22       STA $22       [000E8A] A:1D40 X:0000 Y:00B9 S:0131 D:0E68 DB:86 nvmXdizC V:247 H:226 F:44
	80D536 A5 08       LDA $08       [000E70] A:1D40 X:0000 Y:00B9 S:0131 D:0E68 DB:86 nvmXdizC V:247 H:235 F:44
	80D538 85 24       STA $24       [000E8C] A:03A2 X:0000 Y:00B9 S:0131 D:0E68 DB:86 nvmXdizC V:247 H:243 F:44
	80D53A E2 20       SEP #$20               A:03A2 X:0000 Y:00B9 S:0131 D:0E68 DB:86 nvmXdizC V:247 H:252 F:44
	80D53C A9 80       LDA #$80               A:03A2 X:0000 Y:00B9 S:0131 D:0E68 DB:86 nvMXdizC V:247 H:256 F:44
	80D53E 14 0E       TRB $0E       [000E76] A:0380 X:0000 Y:00B9 S:0131 D:0E68 DB:86 NvMXdizC V:247 H:259 F:44
	80D540 A5 0A       LDA $0A       [000E72] A:0380 X:0000 Y:00B9 S:0131 D:0E68 DB:86 NvMXdizC V:247 H:269 F:44
	80D542 0A          ASL A                  A:0331 X:0000 Y:00B9 S:0131 D:0E68 DB:86 nvMXdizC V:247 H:276 F:44
	80D543 AA          TAX                    A:0362 X:0000 Y:00B9 S:0131 D:0E68 DB:86 nvMXdizc V:247 H:279 F:44
	80D544 7C DD F8    JMP ($F8DD,X) [80F93F] A:0362 X:0062 Y:00B9 S:0131 D:0E68 DB:86 nvMXdizc V:247 H:282 F:44

	80FAA6 22 E1 9B 88 JSL $889BE1   [889BE1] A:0362 X:0062 Y:00B9 S:0131 D:0E68 DB:86 nvMXdizc V:247 H:291 F:44

		889BE1 A6 01       LDX $01       [000E69] A:0362 X:0062 Y:00B9 S:012E D:0E68 DB:86 nvMXdizc V:247 H:304 F:44
		889BE3 7C E6 9B    JMP ($9BE6,X) [889BEA] A:0362 X:0004 Y:00B9 S:012E D:0E68 DB:86 nvMXdizc V:247 H:311 F:44

		889D6E A9 0E       LDA #$0E               A:0362 X:0004 Y:00B9 S:012E D:0E68 DB:86 nvMXdizc V:247 H:320 F:44
		889D70 14 11       TRB $11       [000E79] A:030E X:0004 Y:00B9 S:012E D:0E68 DB:86 nvMXdizc V:247 H:323 F:44
		889D72 A5 33       LDA $33       [000E9B] A:030E X:0004 Y:00B9 S:012E D:0E68 DB:86 nvMXdizc V:247 H:332 F:44
		889D74 04 11       TSB $11       [000E79] A:0308 X:0004 Y:00B9 S:012E D:0E68 DB:86 nvMXdizc V:247 H:338 F:44
		889D76 A6 02       LDX $02       [000E6A] A:0308 X:0004 Y:00B9 S:012E D:0E68 DB:86 nvMXdiZc V:248 H:  8 F:44
		889D78 FC 2C 9E    JSR ($9E2C,X) [889E30] A:0308 X:0004 Y:00B9 S:012E D:0E68 DB:86 nvMXdizc V:248 H: 15 F:44

			88A059 A6 03       LDX $03       [000E6B] A:0308 X:0004 Y:00B9 S:012C D:0E68 DB:86 nvMXdizc V:248 H: 28 F:44
			88A05B 7C 5E A0    JMP ($A05E,X) [88A05E] A:0308 X:0000 Y:00B9 S:012C D:0E68 DB:86 nvMXdiZc V:248 H: 34 F:44

			88A068 22 A5 AC 84 JSL $84ACA5   [84ACA5] A:0308 X:0000 Y:00B9 S:012C D:0E68 DB:86 nvMXdiZc V:248 H: 43 F:44		JSL $84ACA5 --> Update Facing (40 bit)

				84ACA5 08          PHP                    A:0308 X:0000 Y:00B9 S:0129 D:0E68 DB:86 nvMXdiZc V:248 H: 57 F:44
				84ACA6 E2 20       SEP #$20               A:0308 X:0000 Y:00B9 S:0128 D:0E68 DB:86 nvMXdiZc V:248 H: 62 F:44
				84ACA8 A9 40       LDA #$40               A:0308 X:0000 Y:00B9 S:0128 D:0E68 DB:86 nvMXdiZc V:248 H: 66 F:44
				84ACAA 14 11       TRB $11       [000E79] A:0340 X:0000 Y:00B9 S:0128 D:0E68 DB:86 nvMXdizc V:248 H: 69 F:44
				84ACAC C2 20       REP #$20               A:0340 X:0000 Y:00B9 S:0128 D:0E68 DB:86 nvMXdiZc V:248 H: 79 F:44
				84ACAE AD AD 0B    LDA $0BAD     [860BAD] A:0340 X:0000 Y:00B9 S:0128 D:0E68 DB:86 nvmXdiZc V:248 H: 84 F:44
				84ACB1 38          SEC                    A:1D17 X:0000 Y:00B9 S:0128 D:0E68 DB:86 nvmXdizc V:248 H: 92 F:44
				84ACB2 E5 05       SBC $05       [000E6D] A:1D17 X:0000 Y:00B9 S:0128 D:0E68 DB:86 nvmXdizC V:248 H: 95 F:44
				84ACB4 E2 20       SEP #$20               A:FFD7 X:0000 Y:00B9 S:0128 D:0E68 DB:86 NvmXdizc V:248 H:104 F:44
				84ACB6 A9 00       LDA #$00               A:FFD7 X:0000 Y:00B9 S:0128 D:0E68 DB:86 NvMXdizc V:248 H:108 F:44
				84ACB8 6A          ROR A                  A:FF00 X:0000 Y:00B9 S:0128 D:0E68 DB:86 nvMXdiZc V:248 H:111 F:44
				84ACB9 4A          LSR A                  A:FF00 X:0000 Y:00B9 S:0128 D:0E68 DB:86 nvMXdiZc V:248 H:114 F:44
				84ACBA 04 11       TSB $11       [000E79] A:FF00 X:0000 Y:00B9 S:0128 D:0E68 DB:86 nvMXdiZc V:248 H:117 F:44
				84ACBC 28          PLP                    A:FF00 X:0000 Y:00B9 S:0128 D:0E68 DB:86 nvMXdiZc V:248 H:127 F:44
				84ACBD 6B          RTL                    A:FF00 X:0000 Y:00B9 S:0129 D:0E68 DB:86 nvMXdiZc V:248 H:134 F:44

			88A06C 64 2A       STZ $2A       [000E92] A:FF00 X:0000 Y:00B9 S:012C D:0E68 DB:86 nvMXdiZc V:248 H:154 F:44
			88A06E A5 11       LDA $11       [000E79] A:FF00 X:0000 Y:00B9 S:012C D:0E68 DB:86 nvMXdiZc V:248 H:161 F:44
			88A070 0A          ASL A                  A:FF29 X:0000 Y:00B9 S:012C D:0E68 DB:86 nvMXdizc V:248 H:167 F:44
			88A071 0A          ASL A                  A:FF52 X:0000 Y:00B9 S:012C D:0E68 DB:86 nvMXdizc V:248 H:170 F:44
			88A072 A9 22       LDA #$22               A:FFA4 X:0000 Y:00B9 S:012C D:0E68 DB:86 NvMXdizc V:248 H:173 F:44		A = #$22
			88A074 B0 02       BCS $0002     [88A078] A:FF22 X:0000 Y:00B9 S:012C D:0E68 DB:86 nvMXdizc V:248 H:176 F:44		Branch if Facing = Right
			88A076 A9 DE       LDA #$DE               A:FF22 X:0000 Y:00B9 S:012C D:0E68 DB:86 nvMXdizc V:248 H:179 F:44		A = #$DE
			88A078 85 29       STA $29       [000E91] A:FFDE X:0000 Y:00B9 S:012C D:0E68 DB:86 NvMXdizc V:248 H:182 F:44		Store E-$29
			88A07A 22 A0 90 84 JSL $8490A0   [8490A0] A:FFDE X:0000 Y:00B9 S:012C D:0E68 DB:86 NvMXdizc V:248 H:189 F:44		JSL $8490A0 --> Checks tile from current Data in D, offset E-$29 tiles. A = Tile Colission, Y = Tile ID

				8490A0 20 A4 90    JSR $90A4     [8490A4] A:FFDE X:0000 Y:00B9 S:0129 D:0E68 DB:86 NvMXdizc V:248 H:202 F:44

					8490A4 0B          PHD                    A:FFDE X:0000 Y:00B9 S:0127 D:0E68 DB:86 NvMXdizc V:248 H:212 F:44
					8490A5 DA          PHX                    A:FFDE X:0000 Y:00B9 S:0125 D:0E68 DB:86 NvMXdizc V:248 H:219 F:44
					8490A6 08          PHP                    A:FFDE X:0000 Y:00B9 S:0124 D:0E68 DB:86 NvMXdizc V:248 H:224 F:44
					8490A7 C2 30       REP #$30               A:FFDE X:0000 Y:00B9 S:0123 D:0E68 DB:86 NvMXdizc V:248 H:229 F:44
					8490A9 7B          TDC                    A:FFDE X:0000 Y:00B9 S:0123 D:0E68 DB:86 Nvmxdizc V:248 H:234 F:44
					8490AA AA          TAX                    A:0E68 X:0000 Y:00B9 S:0123 D:0E68 DB:86 nvmxdizc V:248 H:237 F:44
					8490AB A9 00 00    LDA #$0000             A:0E68 X:0E68 Y:00B9 S:0123 D:0E68 DB:86 nvmxdizc V:248 H:240 F:44
					8490AE 5B          TCD                    A:0000 X:0E68 Y:00B9 S:0123 D:0E68 DB:86 nvmxdiZc V:248 H:244 F:44
					8490AF E2 20       SEP #$20               A:0000 X:0E68 Y:00B9 S:0123 D:0000 DB:86 nvmxdiZc V:248 H:247 F:44
					8490B1 80 07       BRA $0007     [8490BA] A:0000 X:0E68 Y:00B9 S:0123 D:0000 DB:86 nvMxdiZc V:248 H:252 F:44
					8490BA 64 01       STZ $01       [000001] A:0000 X:0E68 Y:00B9 S:0123 D:0000 DB:86 nvMxdiZc V:248 H:256 F:44
					8490BC B5 29       LDA $29,X     [000E91] A:0000 X:0E68 Y:00B9 S:0123 D:0000 DB:86 nvMxdiZc V:248 H:261 F:44
					8490BE 10 02       BPL $0002     [8490C2] A:00DE X:0E68 Y:00B9 S:0123 D:0000 DB:86 NvMxdizc V:248 H:268 F:44
					8490C0 C6 01       DEC $01       [000001] A:00DE X:0E68 Y:00B9 S:0123 D:0000 DB:86 NvMxdizc V:248 H:271 F:44
					8490C2 18          CLC                    A:00DE X:0E68 Y:00B9 S:0123 D:0000 DB:86 NvMxdizc V:248 H:279 F:44
					8490C3 75 05       ADC $05,X     [000E6D] A:00DE X:0E68 Y:00B9 S:0123 D:0000 DB:86 NvMxdizc V:248 H:282 F:44
					8490C5 85 00       STA $00       [000000] A:001E X:0E68 Y:00B9 S:0123 D:0000 DB:86 nvMxdizC V:248 H:289 F:44
					8490C7 B5 06       LDA $06,X     [000E6E] A:001E X:0E68 Y:00B9 S:0123 D:0000 DB:86 nvMxdizC V:248 H:294 F:44
					8490C9 65 01       ADC $01       [000001] A:001D X:0E68 Y:00B9 S:0123 D:0000 DB:86 nvMxdizC V:248 H:300 F:44
					8490CB 85 01       STA $01       [000001] A:001D X:0E68 Y:00B9 S:0123 D:0000 DB:86 nvMxdizC V:248 H:305 F:44
					8490CD 64 03       STZ $03       [000003] A:001D X:0E68 Y:00B9 S:0123 D:0000 DB:86 nvMxdizC V:248 H:310 F:44
					8490CF B5 2A       LDA $2A,X     [000E92] A:001D X:0E68 Y:00B9 S:0123 D:0000 DB:86 nvMxdizC V:248 H:315 F:44
					8490D1 10 02       BPL $0002     [8490D5] A:0000 X:0E68 Y:00B9 S:0123 D:0000 DB:86 nvMxdiZC V:248 H:322 F:44
					8490D5 18          CLC                    A:0000 X:0E68 Y:00B9 S:0123 D:0000 DB:86 nvMxdiZC V:248 H:326 F:44
					8490D6 75 08       ADC $08,X     [000E70] A:0000 X:0E68 Y:00B9 S:0123 D:0000 DB:86 nvMxdiZc V:248 H:328 F:44
					8490D8 85 02       STA $02       [000002] A:00A2 X:0E68 Y:00B9 S:0123 D:0000 DB:86 NvMxdizc V:248 H:335 F:44
					8490DA 29 F0       AND #$F0               A:00A2 X:0E68 Y:00B9 S:0123 D:0000 DB:86 NvMxdizc V:249 H:  0 F:44
					8490DC 85 0A       STA $0A       [00000A] A:00A0 X:0E68 Y:00B9 S:0123 D:0000 DB:86 NvMxdizc V:249 H:  3 F:44
					8490DE B5 09       LDA $09,X     [000E71] A:00A0 X:0E68 Y:00B9 S:0123 D:0000 DB:86 NvMxdizc V:249 H:  8 F:44
					8490E0 65 03       ADC $03       [000003] A:0003 X:0E68 Y:00B9 S:0123 D:0000 DB:86 nvMxdizc V:249 H: 14 F:44
					8490E2 85 03       STA $03       [000003] A:0003 X:0E68 Y:00B9 S:0123 D:0000 DB:86 nvMxdizc V:249 H: 19 F:44
					8490E4 85 0B       STA $0B       [00000B] A:0003 X:0E68 Y:00B9 S:0123 D:0000 DB:86 nvMxdizc V:249 H: 24 F:44
					8490E6 A5 00       LDA $00       [000000] A:0003 X:0E68 Y:00B9 S:0123 D:0000 DB:86 nvMxdizc V:249 H: 29 F:44
					8490E8 29 0F       AND #$0F               A:001E X:0E68 Y:00B9 S:0123 D:0000 DB:86 nvMxdizc V:249 H: 34 F:44
					8490EA 1A          INC                    A:000E X:0E68 Y:00B9 S:0123 D:0000 DB:86 nvMxdizc V:249 H: 37 F:44
					8490EB 85 0C       STA $0C       [00000C] A:000F X:0E68 Y:00B9 S:0123 D:0000 DB:86 nvMxdizc V:249 H: 40 F:44
					8490ED A5 02       LDA $02       [000002] A:000F X:0E68 Y:00B9 S:0123 D:0000 DB:86 nvMxdizc V:249 H: 45 F:44
					8490EF 29 0F       AND #$0F               A:00A2 X:0E68 Y:00B9 S:0123 D:0000 DB:86 NvMxdizc V:249 H: 50 F:44
					8490F1 1A          INC                    A:0002 X:0E68 Y:00B9 S:0123 D:0000 DB:86 nvMxdizc V:249 H: 53 F:44
					8490F2 85 0E       STA $0E       [00000E] A:0003 X:0E68 Y:00B9 S:0123 D:0000 DB:86 nvMxdizc V:249 H: 56 F:44
					8490F4 C2 20       REP #$20               A:0003 X:0E68 Y:00B9 S:0123 D:0000 DB:86 nvMxdizc V:249 H: 61 F:44
					8490F6 20 6A 91    JSR $916A     [84916A] A:0003 X:0E68 Y:00B9 S:0123 D:0000 DB:86 nvmxdizc V:249 H: 66 F:44

						84916A A9 00 E8    LDA #$E800             A:0003 X:0E68 Y:00B9 S:0121 D:0000 DB:86 nvmxdizc V:249 H: 76 F:44
						84916D 85 10       STA $10       [000010] A:E800 X:0E68 Y:00B9 S:0121 D:0000 DB:86 Nvmxdizc V:249 H: 80 F:44
						84916F A9 7E 00    LDA #$007E             A:E800 X:0E68 Y:00B9 S:0121 D:0000 DB:86 Nvmxdizc V:249 H: 87 F:44
						849172 85 12       STA $12       [000012] A:007E X:0E68 Y:00B9 S:0121 D:0000 DB:86 nvmxdizc V:249 H: 92 F:44
						849174 A5 02       LDA $02       [000002] A:007E X:0E68 Y:00B9 S:0121 D:0000 DB:86 nvmxdizc V:249 H: 99 F:44
						849176 29 F0 00    AND #$00F0             A:03A2 X:0E68 Y:00B9 S:0121 D:0000 DB:86 nvmxdizc V:249 H:106 F:44
						849179 0A          ASL A                  A:00A0 X:0E68 Y:00B9 S:0121 D:0000 DB:86 nvmxdizc V:249 H:110 F:44
						84917A 85 04       STA $04       [000004] A:0140 X:0E68 Y:00B9 S:0121 D:0000 DB:86 nvmxdizc V:249 H:113 F:44
						84917C A5 00       LDA $00       [000000] A:0140 X:0E68 Y:00B9 S:0121 D:0000 DB:86 nvmxdizc V:249 H:120 F:44
						84917E 29 FF 00    AND #$00FF             A:1D1E X:0E68 Y:00B9 S:0121 D:0000 DB:86 nvmxdizc V:249 H:127 F:44
						849181 4A          LSR A                  A:001E X:0E68 Y:00B9 S:0121 D:0000 DB:86 nvmxdizc V:249 H:132 F:44
						849182 4A          LSR A                  A:000F X:0E68 Y:00B9 S:0121 D:0000 DB:86 nvmxdizc V:249 H:145 F:44
						849183 4A          LSR A                  A:0007 X:0E68 Y:00B9 S:0121 D:0000 DB:86 nvmxdizC V:249 H:148 F:44
						849184 29 FE FF    AND #$FFFE             A:0003 X:0E68 Y:00B9 S:0121 D:0000 DB:86 nvmxdizC V:249 H:151 F:44
						849187 18          CLC                    A:0002 X:0E68 Y:00B9 S:0121 D:0000 DB:86 nvmxdizC V:249 H:155 F:44
						849188 65 04       ADC $04       [000004] A:0002 X:0E68 Y:00B9 S:0121 D:0000 DB:86 nvmxdizc V:249 H:158 F:44
						84918A 85 06       STA $06       [000006] A:0142 X:0E68 Y:00B9 S:0121 D:0000 DB:86 nvmxdizc V:249 H:165 F:44
						84918C A5 00       LDA $00       [000000] A:0142 X:0E68 Y:00B9 S:0121 D:0000 DB:86 nvmxdizc V:249 H:172 F:44
						84918E EB          XBA                    A:1D1E X:0E68 Y:00B9 S:0121 D:0000 DB:86 nvmxdizc V:249 H:179 F:44
						84918F 29 1F 00    AND #$001F             A:1E1D X:0E68 Y:00B9 S:0121 D:0000 DB:86 nvmxdizc V:249 H:184 F:44
						849192 85 04       STA $04       [000004] A:001D X:0E68 Y:00B9 S:0121 D:0000 DB:86 nvmxdizc V:249 H:188 F:44
						849194 A5 02       LDA $02       [000002] A:001D X:0E68 Y:00B9 S:0121 D:0000 DB:86 nvmxdizc V:249 H:195 F:44
						849196 29 00 1F    AND #$1F00             A:03A2 X:0E68 Y:00B9 S:0121 D:0000 DB:86 nvmxdizc V:249 H:202 F:44
						849199 4A          LSR A                  A:0300 X:0E68 Y:00B9 S:0121 D:0000 DB:86 nvmxdizc V:249 H:207 F:44
						84919A 4A          LSR A                  A:0180 X:0E68 Y:00B9 S:0121 D:0000 DB:86 nvmxdizc V:249 H:210 F:44
						84919B 4A          LSR A                  A:00C0 X:0E68 Y:00B9 S:0121 D:0000 DB:86 nvmxdizc V:249 H:213 F:44
						84919C 18          CLC                    A:0060 X:0E68 Y:00B9 S:0121 D:0000 DB:86 nvmxdizc V:249 H:216 F:44
						84919D 65 04       ADC $04       [000004] A:0060 X:0E68 Y:00B9 S:0121 D:0000 DB:86 nvmxdizc V:249 H:219 F:44
						84919F A8          TAY                    A:007D X:0E68 Y:00B9 S:0121 D:0000 DB:86 nvmxdizc V:249 H:226 F:44
						8491A0 B7 10       LDA [$10],Y   [7EE87D] A:007D X:0E68 Y:007D S:0121 D:0000 DB:86 nvmxdizc V:249 H:229 F:44
						8491A2 29 FF 00    AND #$00FF             A:0024 X:0E68 Y:007D S:0121 D:0000 DB:86 nvmxdizc V:249 H:242 F:44
						8491A5 A8          TAY                    A:0024 X:0E68 Y:007D S:0121 D:0000 DB:86 nvmxdizc V:249 H:246 F:44
						8491A6 EB          XBA                    A:0024 X:0E68 Y:0024 S:0121 D:0000 DB:86 nvmxdizc V:249 H:249 F:44
						8491A7 0A          ASL A                  A:2400 X:0E68 Y:0024 S:0121 D:0000 DB:86 nvmxdiZc V:249 H:254 F:44
						8491A8 18          CLC                    A:4800 X:0E68 Y:0024 S:0121 D:0000 DB:86 nvmxdizc V:249 H:257 F:44
						8491A9 65 06       ADC $06       [000006] A:4800 X:0E68 Y:0024 S:0121 D:0000 DB:86 nvmxdizc V:249 H:260 F:44
						8491AB AA          TAX                    A:4942 X:0E68 Y:0024 S:0121 D:0000 DB:86 nvmxdizc V:249 H:267 F:44
						8491AC 60          RTS                    A:4942 X:4942 Y:0024 S:0121 D:0000 DB:86 nvmxdizc V:249 H:270 F:44

					8490F9 BF 00 20 7E LDA $7E2000,X [7E6942] A:4942 X:4942 Y:0024 S:0123 D:0000 DB:86 nvmxdizc V:249 H:280 F:44
					8490FD A8          TAY                    A:01B2 X:4942 Y:0024 S:0123 D:0000 DB:86 nvmxdizc V:249 H:290 F:44
					8490FE AD 92 0B    LDA $0B92     [860B92] A:01B2 X:4942 Y:01B2 S:0123 D:0000 DB:86 nvmxdizc V:249 H:293 F:44
					849101 85 10       STA $10       [000010] A:EB15 X:4942 Y:01B2 S:0123 D:0000 DB:86 Nvmxdizc V:249 H:301 F:44
					849103 AD 94 0B    LDA $0B94     [860B94] A:EB15 X:4942 Y:01B2 S:0123 D:0000 DB:86 Nvmxdizc V:249 H:308 F:44
					849106 85 12       STA $12       [000012] A:F895 X:4942 Y:01B2 S:0123 D:0000 DB:86 Nvmxdizc V:249 H:317 F:44
					849108 B7 10       LDA [$10],Y   [95ECC7] A:F895 X:4942 Y:01B2 S:0123 D:0000 DB:86 Nvmxdizc V:249 H:323 F:44
					84910A 29 FF 00    AND #$00FF             A:0000 X:4942 Y:01B2 S:0123 D:0000 DB:86 nvmxdiZc V:249 H:335 F:44
					84910D 28          PLP                    A:0000 X:4942 Y:01B2 S:0123 D:0000 DB:86 nvmxdiZc V:249 H:339 F:44
					84910E FA          PLX                    A:0000 X:0042 Y:00B2 S:0124 D:0000 DB:86 NvMXdizc V:250 H:  6 F:44
					84910F 2B          PLD                    A:0000 X:0000 Y:00B2 S:0125 D:0000 DB:86 nvMXdiZc V:250 H: 12 F:44
					849110 60          RTS                    A:0000 X:0000 Y:00B2 S:0127 D:0E68 DB:86 nvMXdizc V:250 H: 21 F:44

				8490A3 6B          RTL                    A:0000 X:0000 Y:00B2 S:0129 D:0E68 DB:86 nvMXdizc V:250 H: 31 F:44

			88A07E C9 34       CMP #$34               A:0000 X:0000 Y:00B2 S:012C D:0E68 DB:86 nvMXdizc V:250 H: 41 F:44
			88A080 B0 41       BCS $0041     [88A0C3] A:0000 X:0000 Y:00B2 S:012C D:0E68 DB:86 NvMXdizc V:250 H: 44 F:44		Branch if tile colission > #$34
			88A082 A9 32       LDA #$32               A:0000 X:0000 Y:00B2 S:012C D:0E68 DB:86 NvMXdizc V:250 H: 47 F:44		A = #$32
			88A084 A6 29       LDX $29       [000E91] A:0032 X:0000 Y:00B2 S:012C D:0E68 DB:86 nvMXdizc V:250 H: 50 F:44		
			88A086 10 02       BPL $0002     [88A08A] A:0032 X:00DE Y:00B2 S:012C D:0E68 DB:86 NvMXdizc V:250 H: 57 F:44		Branch if Facing = Right (E-$29 is positive only if Facing = Right)
			88A088 A9 CE       LDA #$CE               A:0032 X:00DE Y:00B2 S:012C D:0E68 DB:86 NvMXdizc V:250 H: 60 F:44
			88A08A 85 29       STA $29       [000E91] A:00CE X:00DE Y:00B2 S:012C D:0E68 DB:86 NvMXdizc V:250 H: 63 F:44		E-$29 = #$CE
			88A08C 22 A0 90 84 JSL $8490A0   [8490A0] A:00CE X:00DE Y:00B2 S:012C D:0E68 DB:86 NvMXdizc V:250 H: 69 F:44		JSL $8490A0 --> Checks tile from current Data in D, offset E-$29 tiles. A = Tile Colission, Y = Tile ID

				8490A0 20 A4 90    JSR $90A4     [8490A4] A:00CE X:00DE Y:00B2 S:0129 D:0E68 DB:86 NvMXdizc V:250 H: 83 F:44

					8490A4 0B          PHD                    A:00CE X:00DE Y:00B2 S:0127 D:0E68 DB:86 NvMXdizc V:250 H: 93 F:44
					8490A5 DA          PHX                    A:00CE X:00DE Y:00B2 S:0125 D:0E68 DB:86 NvMXdizc V:250 H:100 F:44
					8490A6 08          PHP                    A:00CE X:00DE Y:00B2 S:0124 D:0E68 DB:86 NvMXdizc V:250 H:105 F:44
					8490A7 C2 30       REP #$30               A:00CE X:00DE Y:00B2 S:0123 D:0E68 DB:86 NvMXdizc V:250 H:110 F:44
					8490A9 7B          TDC                    A:00CE X:00DE Y:00B2 S:0123 D:0E68 DB:86 Nvmxdizc V:250 H:114 F:44
					8490AA AA          TAX                    A:0E68 X:00DE Y:00B2 S:0123 D:0E68 DB:86 nvmxdizc V:250 H:117 F:44
					8490AB A9 00 00    LDA #$0000             A:0E68 X:0E68 Y:00B2 S:0123 D:0E68 DB:86 nvmxdizc V:250 H:120 F:44
					8490AE 5B          TCD                    A:0000 X:0E68 Y:00B2 S:0123 D:0E68 DB:86 nvmxdiZc V:250 H:125 F:44
					8490AF E2 20       SEP #$20               A:0000 X:0E68 Y:00B2 S:0123 D:0000 DB:86 nvmxdiZc V:250 H:128 F:44
					8490B1 80 07       BRA $0007     [8490BA] A:0000 X:0E68 Y:00B2 S:0123 D:0000 DB:86 nvMxdiZc V:250 H:132 F:44
					8490BA 64 01       STZ $01       [000001] A:0000 X:0E68 Y:00B2 S:0123 D:0000 DB:86 nvMxdiZc V:250 H:147 F:44
					8490BC B5 29       LDA $29,X     [000E91] A:0000 X:0E68 Y:00B2 S:0123 D:0000 DB:86 nvMxdiZc V:250 H:152 F:44
					8490BE 10 02       BPL $0002     [8490C2] A:00CE X:0E68 Y:00B2 S:0123 D:0000 DB:86 NvMxdizc V:250 H:158 F:44
					8490C0 C6 01       DEC $01       [000001] A:00CE X:0E68 Y:00B2 S:0123 D:0000 DB:86 NvMxdizc V:250 H:161 F:44
					8490C2 18          CLC                    A:00CE X:0E68 Y:00B2 S:0123 D:0000 DB:86 NvMxdizc V:250 H:170 F:44
					8490C3 75 05       ADC $05,X     [000E6D] A:00CE X:0E68 Y:00B2 S:0123 D:0000 DB:86 NvMxdizc V:250 H:173 F:44
					8490C5 85 00       STA $00       [000000] A:000E X:0E68 Y:00B2 S:0123 D:0000 DB:86 nvMxdizC V:250 H:179 F:44
					8490C7 B5 06       LDA $06,X     [000E6E] A:000E X:0E68 Y:00B2 S:0123 D:0000 DB:86 nvMxdizC V:250 H:184 F:44
					8490C9 65 01       ADC $01       [000001] A:001D X:0E68 Y:00B2 S:0123 D:0000 DB:86 nvMxdizC V:250 H:191 F:44
					8490CB 85 01       STA $01       [000001] A:001D X:0E68 Y:00B2 S:0123 D:0000 DB:86 nvMxdizC V:250 H:196 F:44
					8490CD 64 03       STZ $03       [000003] A:001D X:0E68 Y:00B2 S:0123 D:0000 DB:86 nvMxdizC V:250 H:201 F:44
					8490CF B5 2A       LDA $2A,X     [000E92] A:001D X:0E68 Y:00B2 S:0123 D:0000 DB:86 nvMxdizC V:250 H:206 F:44
					8490D1 10 02       BPL $0002     [8490D5] A:0000 X:0E68 Y:00B2 S:0123 D:0000 DB:86 nvMxdiZC V:250 H:212 F:44
					8490D5 18          CLC                    A:0000 X:0E68 Y:00B2 S:0123 D:0000 DB:86 nvMxdiZC V:250 H:217 F:44
					8490D6 75 08       ADC $08,X     [000E70] A:0000 X:0E68 Y:00B2 S:0123 D:0000 DB:86 nvMxdiZc V:250 H:220 F:44
					8490D8 85 02       STA $02       [000002] A:00A2 X:0E68 Y:00B2 S:0123 D:0000 DB:86 NvMxdizc V:250 H:226 F:44
					8490DA 29 F0       AND #$F0               A:00A2 X:0E68 Y:00B2 S:0123 D:0000 DB:86 NvMxdizc V:250 H:231 F:44
					8490DC 85 0A       STA $0A       [00000A] A:00A0 X:0E68 Y:00B2 S:0123 D:0000 DB:86 NvMxdizc V:250 H:234 F:44
					8490DE B5 09       LDA $09,X     [000E71] A:00A0 X:0E68 Y:00B2 S:0123 D:0000 DB:86 NvMxdizc V:250 H:239 F:44
					8490E0 65 03       ADC $03       [000003] A:0003 X:0E68 Y:00B2 S:0123 D:0000 DB:86 nvMxdizc V:250 H:246 F:44
					8490E2 85 03       STA $03       [000003] A:0003 X:0E68 Y:00B2 S:0123 D:0000 DB:86 nvMxdizc V:250 H:251 F:44
					8490E4 85 0B       STA $0B       [00000B] A:0003 X:0E68 Y:00B2 S:0123 D:0000 DB:86 nvMxdizc V:250 H:256 F:44
					8490E6 A5 00       LDA $00       [000000] A:0003 X:0E68 Y:00B2 S:0123 D:0000 DB:86 nvMxdizc V:250 H:261 F:44
					8490E8 29 0F       AND #$0F               A:000E X:0E68 Y:00B2 S:0123 D:0000 DB:86 nvMxdizc V:250 H:266 F:44
					8490EA 1A          INC                    A:000E X:0E68 Y:00B2 S:0123 D:0000 DB:86 nvMxdizc V:250 H:269 F:44
					8490EB 85 0C       STA $0C       [00000C] A:000F X:0E68 Y:00B2 S:0123 D:0000 DB:86 nvMxdizc V:250 H:272 F:44
					8490ED A5 02       LDA $02       [000002] A:000F X:0E68 Y:00B2 S:0123 D:0000 DB:86 nvMxdizc V:250 H:277 F:44
					8490EF 29 0F       AND #$0F               A:00A2 X:0E68 Y:00B2 S:0123 D:0000 DB:86 NvMxdizc V:250 H:282 F:44
					8490F1 1A          INC                    A:0002 X:0E68 Y:00B2 S:0123 D:0000 DB:86 nvMxdizc V:250 H:285 F:44
					8490F2 85 0E       STA $0E       [00000E] A:0003 X:0E68 Y:00B2 S:0123 D:0000 DB:86 nvMxdizc V:250 H:288 F:44
					8490F4 C2 20       REP #$20               A:0003 X:0E68 Y:00B2 S:0123 D:0000 DB:86 nvMxdizc V:250 H:293 F:44
					8490F6 20 6A 91    JSR $916A     [84916A] A:0003 X:0E68 Y:00B2 S:0123 D:0000 DB:86 nvmxdizc V:250 H:297 F:44

						84916A A9 00 E8    LDA #$E800             A:0003 X:0E68 Y:00B2 S:0121 D:0000 DB:86 nvmxdizc V:250 H:307 F:44
						84916D 85 10       STA $10       [000010] A:E800 X:0E68 Y:00B2 S:0121 D:0000 DB:86 Nvmxdizc V:250 H:312 F:44
						84916F A9 7E 00    LDA #$007E             A:E800 X:0E68 Y:00B2 S:0121 D:0000 DB:86 Nvmxdizc V:250 H:319 F:44
						849172 85 12       STA $12       [000012] A:007E X:0E68 Y:00B2 S:0121 D:0000 DB:86 nvmxdizc V:250 H:323 F:44
						849174 A5 02       LDA $02       [000002] A:007E X:0E68 Y:00B2 S:0121 D:0000 DB:86 nvmxdizc V:250 H:329 F:44
						849176 29 F0 00    AND #$00F0             A:03A2 X:0E68 Y:00B2 S:0121 D:0000 DB:86 nvmxdizc V:250 H:336 F:44
						849179 0A          ASL A                  A:00A0 X:0E68 Y:00B2 S:0121 D:0000 DB:86 nvmxdizc V:251 H:  1 F:44
						84917A 85 04       STA $04       [000004] A:0140 X:0E68 Y:00B2 S:0121 D:0000 DB:86 nvmxdizc V:251 H:  4 F:44
						84917C A5 00       LDA $00       [000000] A:0140 X:0E68 Y:00B2 S:0121 D:0000 DB:86 nvmxdizc V:251 H: 11 F:44
						84917E 29 FF 00    AND #$00FF             A:1D0E X:0E68 Y:00B2 S:0121 D:0000 DB:86 nvmxdizc V:251 H: 18 F:44
						849181 4A          LSR A                  A:000E X:0E68 Y:00B2 S:0121 D:0000 DB:86 nvmxdizc V:251 H: 22 F:44
						849182 4A          LSR A                  A:0007 X:0E68 Y:00B2 S:0121 D:0000 DB:86 nvmxdizc V:251 H: 25 F:44
						849183 4A          LSR A                  A:0003 X:0E68 Y:00B2 S:0121 D:0000 DB:86 nvmxdizC V:251 H: 28 F:44
						849184 29 FE FF    AND #$FFFE             A:0001 X:0E68 Y:00B2 S:0121 D:0000 DB:86 nvmxdizC V:251 H: 31 F:44
						849187 18          CLC                    A:0000 X:0E68 Y:00B2 S:0121 D:0000 DB:86 nvmxdiZC V:251 H: 36 F:44
						849188 65 04       ADC $04       [000004] A:0000 X:0E68 Y:00B2 S:0121 D:0000 DB:86 nvmxdiZc V:251 H: 39 F:44
						84918A 85 06       STA $06       [000006] A:0140 X:0E68 Y:00B2 S:0121 D:0000 DB:86 nvmxdizc V:251 H: 46 F:44
						84918C A5 00       LDA $00       [000000] A:0140 X:0E68 Y:00B2 S:0121 D:0000 DB:86 nvmxdizc V:251 H: 53 F:44
						84918E EB          XBA                    A:1D0E X:0E68 Y:00B2 S:0121 D:0000 DB:86 nvmxdizc V:251 H: 60 F:44
						84918F 29 1F 00    AND #$001F             A:0E1D X:0E68 Y:00B2 S:0121 D:0000 DB:86 nvmxdizc V:251 H: 64 F:44
						849192 85 04       STA $04       [000004] A:001D X:0E68 Y:00B2 S:0121 D:0000 DB:86 nvmxdizc V:251 H: 69 F:44
						849194 A5 02       LDA $02       [000002] A:001D X:0E68 Y:00B2 S:0121 D:0000 DB:86 nvmxdizc V:251 H: 76 F:44
						849196 29 00 1F    AND #$1F00             A:03A2 X:0E68 Y:00B2 S:0121 D:0000 DB:86 nvmxdizc V:251 H: 83 F:44
						849199 4A          LSR A                  A:0300 X:0E68 Y:00B2 S:0121 D:0000 DB:86 nvmxdizc V:251 H: 87 F:44
						84919A 4A          LSR A                  A:0180 X:0E68 Y:00B2 S:0121 D:0000 DB:86 nvmxdizc V:251 H: 90 F:44
						84919B 4A          LSR A                  A:00C0 X:0E68 Y:00B2 S:0121 D:0000 DB:86 nvmxdizc V:251 H: 93 F:44
						84919C 18          CLC                    A:0060 X:0E68 Y:00B2 S:0121 D:0000 DB:86 nvmxdizc V:251 H: 96 F:44
						84919D 65 04       ADC $04       [000004] A:0060 X:0E68 Y:00B2 S:0121 D:0000 DB:86 nvmxdizc V:251 H: 99 F:44
						84919F A8          TAY                    A:007D X:0E68 Y:00B2 S:0121 D:0000 DB:86 nvmxdizc V:251 H:106 F:44
						8491A0 B7 10       LDA [$10],Y   [7EE87D] A:007D X:0E68 Y:007D S:0121 D:0000 DB:86 nvmxdizc V:251 H:109 F:44
						8491A2 29 FF 00    AND #$00FF             A:0024 X:0E68 Y:007D S:0121 D:0000 DB:86 nvmxdizc V:251 H:122 F:44
						8491A5 A8          TAY                    A:0024 X:0E68 Y:007D S:0121 D:0000 DB:86 nvmxdizc V:251 H:127 F:44
						8491A6 EB          XBA                    A:0024 X:0E68 Y:0024 S:0121 D:0000 DB:86 nvmxdizc V:251 H:130 F:44
						8491A7 0A          ASL A                  A:2400 X:0E68 Y:0024 S:0121 D:0000 DB:86 nvmxdiZc V:251 H:144 F:44
						8491A8 18          CLC                    A:4800 X:0E68 Y:0024 S:0121 D:0000 DB:86 nvmxdizc V:251 H:147 F:44
						8491A9 65 06       ADC $06       [000006] A:4800 X:0E68 Y:0024 S:0121 D:0000 DB:86 nvmxdizc V:251 H:150 F:44
						8491AB AA          TAX                    A:4940 X:0E68 Y:0024 S:0121 D:0000 DB:86 nvmxdizc V:251 H:157 F:44
						8491AC 60          RTS                    A:4940 X:4940 Y:0024 S:0121 D:0000 DB:86 nvmxdizc V:251 H:160 F:44

					8490F9 BF 00 20 7E LDA $7E2000,X [7E6940] A:4940 X:4940 Y:0024 S:0123 D:0000 DB:86 nvmxdizc V:251 H:170 F:44
					8490FD A8          TAY                    A:0054 X:4940 Y:0024 S:0123 D:0000 DB:86 nvmxdizc V:251 H:180 F:44
					8490FE AD 92 0B    LDA $0B92     [860B92] A:0054 X:4940 Y:0054 S:0123 D:0000 DB:86 nvmxdizc V:251 H:183 F:44
					849101 85 10       STA $10       [000010] A:EB15 X:4940 Y:0054 S:0123 D:0000 DB:86 Nvmxdizc V:251 H:192 F:44
					849103 AD 94 0B    LDA $0B94     [860B94] A:EB15 X:4940 Y:0054 S:0123 D:0000 DB:86 Nvmxdizc V:251 H:199 F:44
					849106 85 12       STA $12       [000012] A:F895 X:4940 Y:0054 S:0123 D:0000 DB:86 Nvmxdizc V:251 H:207 F:44
					849108 B7 10       LDA [$10],Y   [95EB69] A:F895 X:4940 Y:0054 S:0123 D:0000 DB:86 Nvmxdizc V:251 H:214 F:44
					84910A 29 FF 00    AND #$00FF             A:3B3B X:4940 Y:0054 S:0123 D:0000 DB:86 nvmxdizc V:251 H:226 F:44
					84910D 28          PLP                    A:003B X:4940 Y:0054 S:0123 D:0000 DB:86 nvmxdizc V:251 H:231 F:44
					84910E FA          PLX                    A:003B X:0040 Y:0054 S:0124 D:0000 DB:86 NvMXdizc V:251 H:237 F:44
					84910F 2B          PLD                    A:003B X:00DE Y:0054 S:0125 D:0000 DB:86 NvMXdizc V:251 H:244 F:44
					849110 60          RTS                    A:003B X:00DE Y:0054 S:0127 D:0E68 DB:86 nvMXdizc V:251 H:252 F:44

				8490A3 6B          RTL                    A:003B X:00DE Y:0054 S:0129 D:0E68 DB:86 nvMXdizc V:251 H:262 F:44

			88A090 C9 34       CMP #$34               A:003B X:00DE Y:0054 S:012C D:0E68 DB:86 nvMXdizc V:251 H:273 F:44
			88A092 B0 2F       BCS $002F     [88A0C3] A:003B X:00DE Y:0054 S:012C D:0E68 DB:86 nvMXdizC V:251 H:276 F:44		Branch because tile colission > #$34 (Solid)
			88A0C3 A9 04       LDA #$04               A:003B X:00DE Y:0054 S:012C D:0E68 DB:86 nvMXdizC V:251 H:280 F:44		Subaction = #$04
			88A0C5 85 03       STA $03       [000E6B] A:0004 X:00DE Y:0054 S:012C D:0E68 DB:86 nvMXdizC V:251 H:283 F:44
			88A0C7 A9 10       LDA #$10               A:0004 X:00DE Y:0054 S:012C D:0E68 DB:86 nvMXdizC V:251 H:290 F:44		
			88A0C9 22 07 8F 84 JSL $848F07   [848F07] A:0010 X:00DE Y:0054 S:012C D:0E68 DB:86 nvMXdizC V:251 H:293 F:44		JSL $848F07 --> New Countdown Routine ($16=#$91, A=#$10)

				848F07 08          PHP                    A:0010 X:00DE Y:0054 S:0129 D:0E68 DB:86 nvMXdizC V:251 H:306 F:44
				848F08 8B          PHB                    A:0010 X:00DE Y:0054 S:0128 D:0E68 DB:86 nvMXdizC V:251 H:311 F:44
				848F09 C2 30       REP #$30               A:0010 X:00DE Y:0054 S:0127 D:0E68 DB:86 nvMXdizC V:251 H:316 F:44
				848F0B 8D 0E 00    STA $000E     [86000E] A:0010 X:00DE Y:0054 S:0127 D:0E68 DB:86 nvmxdizC V:251 H:321 F:44
				848F0E A5 16       LDA $16       [000E7E] A:0010 X:00DE Y:0054 S:0127 D:0E68 DB:86 nvmxdizC V:251 H:328 F:44
				848F10 29 FF 00    AND #$00FF             A:8291 X:00DE Y:0054 S:0127 D:0E68 DB:86 NvmxdizC V:251 H:337 F:44
				848F13 8D 0C 00    STA $000C     [86000C] A:0091 X:00DE Y:0054 S:0127 D:0E68 DB:86 nvmxdizC V:252 H:  1 F:44
				848F16 0A          ASL A                  A:0091 X:00DE Y:0054 S:0127 D:0E68 DB:86 nvmxdizC V:252 H: 10 F:44
				848F17 18          CLC                    A:0122 X:00DE Y:0054 S:0127 D:0E68 DB:86 nvmxdizc V:252 H: 13 F:44
				848F18 6D 0C 00    ADC $000C     [86000C] A:0122 X:00DE Y:0054 S:0127 D:0E68 DB:86 nvmxdizc V:252 H: 16 F:44
				848F1B AA          TAX                    A:01B3 X:00DE Y:0054 S:0127 D:0E68 DB:86 nvmxdizc V:252 H: 24 F:44
				848F1C BF 00 A0 AF LDA $AFA000,X [AFA1B3] A:01B3 X:01B3 Y:0054 S:0127 D:0E68 DB:86 nvmxdizc V:252 H: 27 F:44
				848F20 85 14       STA $14       [000E7C] A:DE6B X:01B3 Y:0054 S:0127 D:0E68 DB:86 Nvmxdizc V:252 H: 36 F:44
				848F22 E2 20       SEP #$20               A:DE6B X:01B3 Y:0054 S:0127 D:0E68 DB:86 Nvmxdizc V:252 H: 45 F:44
				848F24 BF 02 A0 AF LDA $AFA002,X [AFA1B5] A:DE6B X:01B3 Y:0054 S:0127 D:0E68 DB:86 NvMxdizc V:252 H: 49 F:44
				848F28 48          PHA                    A:DEAF X:01B3 Y:0054 S:0127 D:0E68 DB:86 NvMxdizc V:252 H: 57 F:44
				848F29 AB          PLB                    A:DEAF X:01B3 Y:0054 S:0126 D:0E68 DB:86 NvMxdizc V:252 H: 62 F:44
				848F2A C2 20       REP #$20               A:DEAF X:01B3 Y:0054 S:0127 D:0E68 DB:AF NvMxdizc V:252 H: 68 F:44
				848F2C AD 0E 00    LDA $000E     [AF000E] A:DEAF X:01B3 Y:0054 S:0127 D:0E68 DB:AF Nvmxdizc V:252 H: 73 F:44
				848F2F 29 FF 00    AND #$00FF             A:0010 X:01B3 Y:0054 S:0127 D:0E68 DB:AF nvmxdizc V:252 H: 81 F:44
				848F32 0A          ASL A                  A:0010 X:01B3 Y:0054 S:0127 D:0E68 DB:AF nvmxdizc V:252 H: 86 F:44
				848F33 A8          TAY                    A:0020 X:01B3 Y:0054 S:0127 D:0E68 DB:AF nvmxdizc V:252 H: 89 F:44
				848F34 B1 14       LDA ($14),Y   [AFDE8B] A:0020 X:01B3 Y:0020 S:0127 D:0E68 DB:AF nvmxdizc V:252 H: 92 F:44
				848F36 65 14       ADC $14       [000E7C] A:014B X:01B3 Y:0020 S:0127 D:0E68 DB:AF nvmxdizc V:252 H:105 F:44
				848F38 85 14       STA $14       [000E7C] A:DFB6 X:01B3 Y:0020 S:0127 D:0E68 DB:AF Nvmxdizc V:252 H:113 F:44
				848F3A E2 30       SEP #$30               A:DFB6 X:01B3 Y:0020 S:0127 D:0E68 DB:AF Nvmxdizc V:252 H:122 F:44
				848F3C B2 14       LDA ($14)     [AFDFB6] A:DFB6 X:00B3 Y:0020 S:0127 D:0E68 DB:AF NvMXdizc V:252 H:126 F:44	Skeleton start: [AFDFB6]
				848F3E 85 13       STA $13       [000E7B] A:DF10 X:00B3 Y:0020 S:0127 D:0E68 DB:AF nvMXdizc V:252 H:146 F:44
				848F40 A0 01       LDY #$01               A:DF10 X:00B3 Y:0020 S:0127 D:0E68 DB:AF nvMXdizc V:252 H:153 F:44
				848F42 B1 14       LDA ($14),Y   [AFDFB7] A:DF10 X:00B3 Y:0001 S:0127 D:0E68 DB:AF nvMXdizc V:252 H:156 F:44
				848F44 85 0F       STA $0F       [000E77] A:DF00 X:00B3 Y:0001 S:0127 D:0E68 DB:AF nvMXdiZc V:252 H:166 F:44
				848F46 C8          INY                    A:DF00 X:00B3 Y:0001 S:0127 D:0E68 DB:AF nvMXdiZc V:252 H:172 F:44
				848F47 B1 14       LDA ($14),Y   [AFDFB8] A:DF00 X:00B3 Y:0002 S:0127 D:0E68 DB:AF nvMXdizc V:252 H:175 F:44
				848F49 85 17       STA $17       [000E7F] A:DF00 X:00B3 Y:0002 S:0127 D:0E68 DB:AF nvMXdiZc V:252 H:185 F:44
				848F4B A9 80       LDA #$80               A:DF00 X:00B3 Y:0002 S:0127 D:0E68 DB:AF nvMXdiZc V:252 H:192 F:44
				848F4D 04 17       TSB $17       [000E7F] A:DF80 X:00B3 Y:0002 S:0127 D:0E68 DB:AF NvMXdizc V:252 H:195 F:44
				848F4F AB          PLB                    A:DF80 X:00B3 Y:0002 S:0127 D:0E68 DB:AF NvMXdiZc V:252 H:205 F:44
				848F50 28          PLP                    A:DF80 X:00B3 Y:0002 S:0128 D:0E68 DB:86 NvMXdizc V:252 H:211 F:44
				848F51 6B          RTL                    A:DF80 X:00B3 Y:0002 S:0129 D:0E68 DB:86 nvMXdizC V:252 H:218 F:44

			88A0CD 60          RTS                    A:DF80 X:00B3 Y:0002 S:012C D:0E68 DB:86 nvMXdizC V:252 H:228 F:44		Return

		889D7B AD CF 0B    LDA $0BCF     [860BCF] A:DF80 X:00B3 Y:0002 S:012E D:0E68 DB:86 nvMXdizC V:252 H:238 F:44
