80D4F6 20 30 D5    JSR $D530     [80D530] A:0E01 X:0000 Y:00BC S:0133 D:0E68 DB:86 nvMXdizC V:247 H:209 F:56

	80D530 C2 20       REP #$20               A:0E01 X:0000 Y:00BC S:0131 D:0E68 DB:86 nvMXdizC V:247 H:219 F:56
	80D532 A5 05       LDA $05       [000E6D] A:0E01 X:0000 Y:00BC S:0131 D:0E68 DB:86 nvmXdizC V:247 H:224 F:56
	80D534 85 22       STA $22       [000E8A] A:1DBF X:0000 Y:00BC S:0131 D:0E68 DB:86 nvmXdizC V:247 H:232 F:56
	80D536 A5 08       LDA $08       [000E70] A:1DBF X:0000 Y:00BC S:0131 D:0E68 DB:86 nvmXdizC V:247 H:241 F:56
	80D538 85 24       STA $24       [000E8C] A:03A2 X:0000 Y:00BC S:0131 D:0E68 DB:86 nvmXdizC V:247 H:249 F:56
	80D53A E2 20       SEP #$20               A:03A2 X:0000 Y:00BC S:0131 D:0E68 DB:86 nvmXdizC V:247 H:258 F:56
	80D53C A9 80       LDA #$80               A:03A2 X:0000 Y:00BC S:0131 D:0E68 DB:86 nvMXdizC V:247 H:262 F:56
	80D53E 14 0E       TRB $0E       [000E76] A:0380 X:0000 Y:00BC S:0131 D:0E68 DB:86 NvMXdizC V:247 H:265 F:56
	80D540 A5 0A       LDA $0A       [000E72] A:0380 X:0000 Y:00BC S:0131 D:0E68 DB:86 NvMXdizC V:247 H:275 F:56
	80D542 0A          ASL A                  A:0331 X:0000 Y:00BC S:0131 D:0E68 DB:86 nvMXdizC V:247 H:282 F:56
	80D543 AA          TAX                    A:0362 X:0000 Y:00BC S:0131 D:0E68 DB:86 nvMXdizc V:247 H:285 F:56
	80D544 7C DD F8    JMP ($F8DD,X) [80F93F] A:0362 X:0062 Y:00BC S:0131 D:0E68 DB:86 nvMXdizc V:247 H:288 F:56

	80FAA6 22 E1 9B 88 JSL $889BE1   [889BE1] A:0362 X:0062 Y:00BC S:0131 D:0E68 DB:86 nvMXdizc V:247 H:297 F:56

		889BE1 A6 01       LDX $01       [000E69] A:0362 X:0062 Y:00BC S:012E D:0E68 DB:86 nvMXdizc V:247 H:310 F:56
		889BE3 7C E6 9B    JMP ($9BE6,X) [889BEA] A:0362 X:0004 Y:00BC S:012E D:0E68 DB:86 nvMXdizc V:247 H:317 F:56

		889D6E A9 0E       LDA #$0E               A:0362 X:0004 Y:00BC S:012E D:0E68 DB:86 nvMXdizc V:247 H:325 F:56
		889D70 14 11       TRB $11       [000E79] A:030E X:0004 Y:00BC S:012E D:0E68 DB:86 nvMXdizc V:247 H:328 F:56
		889D72 A5 33       LDA $33       [000E9B] A:030E X:0004 Y:00BC S:012E D:0E68 DB:86 nvMXdizc V:247 H:338 F:56
		889D74 04 11       TSB $11       [000E79] A:0308 X:0004 Y:00BC S:012E D:0E68 DB:86 nvMXdizc V:248 H:  4 F:56
		889D76 A6 02       LDX $02       [000E6A] A:0308 X:0004 Y:00BC S:012E D:0E68 DB:86 nvMXdiZc V:248 H: 14 F:56
		889D78 FC 2C 9E    JSR ($9E2C,X) [889E30] A:0308 X:0004 Y:00BC S:012E D:0E68 DB:86 nvMXdizc V:248 H: 21 F:56

			88A059 A6 03       LDX $03       [000E6B] A:0308 X:0004 Y:00BC S:012C D:0E68 DB:86 nvMXdizc V:248 H: 34 F:56
			88A05B 7C 5E A0    JMP ($A05E,X) [88A064] A:0308 X:0006 Y:00BC S:012C D:0E68 DB:86 nvMXdizc V:248 H: 40 F:56

			88A122 C2 20       REP #$20               A:0308 X:0006 Y:00BC S:012C D:0E68 DB:86 nvMXdizc V:248 H: 49 F:56
			88A124 A9 D6 CF    LDA #$CFD6             A:0308 X:0006 Y:00BC S:012C D:0E68 DB:86 nvmXdizc V:248 H: 54 F:56		E-HitboxPoint --> #$CFD6
			88A127 85 20       STA $20       [000E88] A:CFD6 X:0006 Y:00BC S:012C D:0E68 DB:86 NvmXdizc V:248 H: 58 F:56
			88A129 E2 20       SEP #$20               A:CFD6 X:0006 Y:00BC S:012C D:0E68 DB:86 NvmXdizc V:248 H: 67 F:56
			88A12B 22 03 9B 84 JSL $849B03   [849B03] A:CFD6 X:0006 Y:00BC S:012C D:0E68 DB:86 NvMXdizc V:248 H: 71 F:56		JSL $849B03 --> Various general checks

				849B03 C2 10       REP #$10               A:CFD6 X:0006 Y:00BC S:0129 D:0E68 DB:86 NvMXdizc V:248 H: 85 F:56
				849B05 A5 27       LDA $27       [000E8F] A:CFD6 X:0006 Y:00BC S:0129 D:0E68 DB:86 NvMxdizc V:248 H: 89 F:56
				849B07 F0 70       BEQ $0070     [849B79] A:CF20 X:0006 Y:00BC S:0129 D:0E68 DB:86 nvMxdizc V:248 H: 96 F:56
				849B09 A5 0E       LDA $0E       [000E76] A:CF20 X:0006 Y:00BC S:0129 D:0E68 DB:86 nvMxdizc V:248 H: 99 F:56
				849B0B F0 31       BEQ $0031     [849B3E] A:CF01 X:0006 Y:00BC S:0129 D:0E68 DB:86 nvMxdizc V:248 H:105 F:56
				849B0D AD 0C 1F    LDA $1F0C     [861F0C] A:CF01 X:0006 Y:00BC S:0129 D:0E68 DB:86 nvMxdizc V:248 H:108 F:56
				849B10 D0 2C       BNE $002C     [849B3E] A:CF00 X:0006 Y:00BC S:0129 D:0E68 DB:86 nvMxdiZc V:248 H:115 F:56
				849B12 AD 32 0C    LDA $0C32     [860C32] A:CF00 X:0006 Y:00BC S:0129 D:0E68 DB:86 nvMxdiZc V:248 H:118 F:56
				849B15 D0 11       BNE $0011     [849B28] A:CF08 X:0006 Y:00BC S:0129 D:0E68 DB:86 nvMxdizc V:248 H:124 F:56
				849B28 AD 18 0E    LDA $0E18     [860E18] A:CF08 X:0006 Y:00BC S:0129 D:0E68 DB:86 nvMxdizc V:248 H:129 F:56
				849B2B F0 11       BEQ $0011     [849B3E] A:CF00 X:0006 Y:00BC S:0129 D:0E68 DB:86 nvMxdiZc V:248 H:145 F:56
				849B3E E2 10       SEP #$10               A:CF00 X:0006 Y:00BC S:0129 D:0E68 DB:86 nvMxdiZc V:248 H:150 F:56
				849B40 A9 00       LDA #$00               A:CF00 X:0006 Y:00BC S:0129 D:0E68 DB:86 nvMXdiZc V:248 H:154 F:56
				849B42 6B          RTL                    A:CF00 X:0006 Y:00BC S:0129 D:0E68 DB:86 nvMXdiZc V:248 H:157 F:56

			88A12F 22 EA 8E 84 JSL $848EEA   [848EEA] A:CF00 X:0006 Y:00BC S:012C D:0E68 DB:86 nvMXdiZc V:248 H:168 F:56		JSL $848EEA --> Decrease Countdown Routine

				848EEA 08          PHP                    A:CF00 X:0006 Y:00BC S:0129 D:0E68 DB:86 nvMXdiZc V:248 H:181 F:56
				848EEB 8B          PHB                    A:CF00 X:0006 Y:00BC S:0128 D:0E68 DB:86 nvMXdiZc V:248 H:186 F:56
				848EEC E2 30       SEP #$30               A:CF00 X:0006 Y:00BC S:0127 D:0E68 DB:86 nvMXdiZc V:248 H:191 F:56
				848EEE C6 13       DEC $13       [000E7B] A:CF00 X:0006 Y:00BC S:0127 D:0E68 DB:86 nvMXdiZc V:248 H:196 F:56
				848EF0 D0 5D       BNE $005D     [848F4F] A:CF00 X:0006 Y:00BC S:0127 D:0E68 DB:86 nvMXdizc V:248 H:206 F:56
				848F4F AB          PLB                    A:CF00 X:0006 Y:00BC S:0127 D:0E68 DB:86 nvMXdizc V:248 H:210 F:56
				848F50 28          PLP                    A:CF00 X:0006 Y:00BC S:0128 D:0E68 DB:86 NvMXdizc V:248 H:217 F:56
				848F51 6B          RTL                    A:CF00 X:0006 Y:00BC S:0129 D:0E68 DB:86 nvMXdiZc V:248 H:223 F:56

			88A133 C6 34       DEC $34       [000E9C] A:CF00 X:0006 Y:00BC S:012C D:0E68 DB:86 nvMXdiZc V:248 H:234 F:56		Decrease Countdown2
			88A135 D0 0F       BNE $000F     [88A146] A:CF00 X:0006 Y:00BC S:012C D:0E68 DB:86 nvMXdizc V:248 H:244 F:56		Branch because Countdown2 <> #$00
			88A146 AD 32 0C    LDA $0C32     [860C32] A:CF00 X:0006 Y:00BC S:012C D:0E68 DB:86 nvMXdizc V:248 H:248 F:56		
			88A149 D0 12       BNE $0012     [88A15D] A:CF08 X:0006 Y:00BC S:012C D:0E68 DB:86 nvMXdizc V:248 H:255 F:56		Branch because StageEndAction <> #$00
			88A15D 60          RTS                    A:CF08 X:0006 Y:00BC S:012C D:0E68 DB:86 nvMXdizc V:248 H:259 F:56

		889D7B AD CF 0B    LDA $0BCF     [860BCF] A:CF08 X:0006 Y:00BC S:012E D:0E68 DB:86 nvMXdizc V:248 H:269 F:56
