80D4F6 20 30 D5    JSR $D530     [80D530] A:0E01 X:0000 Y:00B9 S:0133 D:0E68 DB:86 nvMXdizC V:247 H:214 F:46

	80D530 C2 20       REP #$20               A:0E01 X:0000 Y:00B9 S:0131 D:0E68 DB:86 nvMXdizC V:247 H:224 F:46
	80D532 A5 05       LDA $05       [000E6D] A:0E01 X:0000 Y:00B9 S:0131 D:0E68 DB:86 nvmXdizC V:247 H:228 F:46
	80D534 85 22       STA $22       [000E8A] A:1D40 X:0000 Y:00B9 S:0131 D:0E68 DB:86 nvmXdizC V:247 H:237 F:46
	80D536 A5 08       LDA $08       [000E70] A:1D40 X:0000 Y:00B9 S:0131 D:0E68 DB:86 nvmXdizC V:247 H:245 F:46
	80D538 85 24       STA $24       [000E8C] A:03A2 X:0000 Y:00B9 S:0131 D:0E68 DB:86 nvmXdizC V:247 H:254 F:46
	80D53A E2 20       SEP #$20               A:03A2 X:0000 Y:00B9 S:0131 D:0E68 DB:86 nvmXdizC V:247 H:262 F:46
	80D53C A9 80       LDA #$80               A:03A2 X:0000 Y:00B9 S:0131 D:0E68 DB:86 nvMXdizC V:247 H:267 F:46
	80D53E 14 0E       TRB $0E       [000E76] A:0380 X:0000 Y:00B9 S:0131 D:0E68 DB:86 NvMXdizC V:247 H:270 F:46
	80D540 A5 0A       LDA $0A       [000E72] A:0380 X:0000 Y:00B9 S:0131 D:0E68 DB:86 NvMXdizC V:247 H:280 F:46
	80D542 0A          ASL A                  A:0331 X:0000 Y:00B9 S:0131 D:0E68 DB:86 nvMXdizC V:247 H:286 F:46
	80D543 AA          TAX                    A:0362 X:0000 Y:00B9 S:0131 D:0E68 DB:86 nvMXdizc V:247 H:289 F:46
	80D544 7C DD F8    JMP ($F8DD,X) [80F93F] A:0362 X:0062 Y:00B9 S:0131 D:0E68 DB:86 nvMXdizc V:247 H:292 F:46

	80FAA6 22 E1 9B 88 JSL $889BE1   [889BE1] A:0362 X:0062 Y:00B9 S:0131 D:0E68 DB:86 nvMXdizc V:247 H:301 F:46

		889BE1 A6 01       LDX $01       [000E69] A:0362 X:0062 Y:00B9 S:012E D:0E68 DB:86 nvMXdizc V:247 H:315 F:46
		889BE3 7C E6 9B    JMP ($9BE6,X) [889BEA] A:0362 X:0004 Y:00B9 S:012E D:0E68 DB:86 nvMXdizc V:247 H:321 F:46

		889D6E A9 0E       LDA #$0E               A:0362 X:0004 Y:00B9 S:012E D:0E68 DB:86 nvMXdizc V:247 H:329 F:46
		889D70 14 11       TRB $11       [000E79] A:030E X:0004 Y:00B9 S:012E D:0E68 DB:86 nvMXdizc V:247 H:332 F:46
		889D72 A5 33       LDA $33       [000E9B] A:030E X:0004 Y:00B9 S:012E D:0E68 DB:86 nvMXdizc V:248 H:  2 F:46
		889D74 04 11       TSB $11       [000E79] A:0308 X:0004 Y:00B9 S:012E D:0E68 DB:86 nvMXdizc V:248 H:  9 F:46
		889D76 A6 02       LDX $02       [000E6A] A:0308 X:0004 Y:00B9 S:012E D:0E68 DB:86 nvMXdiZc V:248 H: 19 F:46
		889D78 FC 2C 9E    JSR ($9E2C,X) [889E30] A:0308 X:0004 Y:00B9 S:012E D:0E68 DB:86 nvMXdizc V:248 H: 25 F:46

			88A059 A6 03       LDX $03       [000E6B] A:0308 X:0004 Y:00B9 S:012C D:0E68 DB:86 nvMXdizc V:248 H: 38 F:46
			88A05B 7C 5E A0    JMP ($A05E,X) [88A066] A:0308 X:0008 Y:00B9 S:012C D:0E68 DB:86 nvMXdizc V:248 H: 45 F:46

			88A15E 22 A5 AC 84 JSL $84ACA5   [84ACA5] A:0308 X:0008 Y:00B9 S:012C D:0E68 DB:86 nvMXdizc V:248 H: 54 F:46		JSL $84ACA5 --> Update Facing (40 bit)

				84ACA5 08          PHP                    A:0308 X:0008 Y:00B9 S:0129 D:0E68 DB:86 nvMXdizc V:248 H: 67 F:46
				84ACA6 E2 20       SEP #$20               A:0308 X:0008 Y:00B9 S:0128 D:0E68 DB:86 nvMXdizc V:248 H: 72 F:46
				84ACA8 A9 40       LDA #$40               A:0308 X:0008 Y:00B9 S:0128 D:0E68 DB:86 nvMXdizc V:248 H: 77 F:46
				84ACAA 14 11       TRB $11       [000E79] A:0340 X:0008 Y:00B9 S:0128 D:0E68 DB:86 nvMXdizc V:248 H: 80 F:46
				84ACAC C2 20       REP #$20               A:0340 X:0008 Y:00B9 S:0128 D:0E68 DB:86 nvMXdiZc V:248 H: 90 F:46
				84ACAE AD AD 0B    LDA $0BAD     [860BAD] A:0340 X:0008 Y:00B9 S:0128 D:0E68 DB:86 nvmXdiZc V:248 H: 94 F:46
				84ACB1 38          SEC                    A:1D17 X:0008 Y:00B9 S:0128 D:0E68 DB:86 nvmXdizc V:248 H:103 F:46
				84ACB2 E5 05       SBC $05       [000E6D] A:1D17 X:0008 Y:00B9 S:0128 D:0E68 DB:86 nvmXdizC V:248 H:106 F:46
				84ACB4 E2 20       SEP #$20               A:FFD7 X:0008 Y:00B9 S:0128 D:0E68 DB:86 NvmXdizc V:248 H:114 F:46
				84ACB6 A9 00       LDA #$00               A:FFD7 X:0008 Y:00B9 S:0128 D:0E68 DB:86 NvMXdizc V:248 H:119 F:46
				84ACB8 6A          ROR A                  A:FF00 X:0008 Y:00B9 S:0128 D:0E68 DB:86 nvMXdiZc V:248 H:122 F:46
				84ACB9 4A          LSR A                  A:FF00 X:0008 Y:00B9 S:0128 D:0E68 DB:86 nvMXdiZc V:248 H:125 F:46
				84ACBA 04 11       TSB $11       [000E79] A:FF00 X:0008 Y:00B9 S:0128 D:0E68 DB:86 nvMXdiZc V:248 H:128 F:46
				84ACBC 28          PLP                    A:FF00 X:0008 Y:00B9 S:0128 D:0E68 DB:86 nvMXdiZc V:248 H:148 F:46
				84ACBD 6B          RTL                    A:FF00 X:0008 Y:00B9 S:0129 D:0E68 DB:86 nvMXdizc V:248 H:154 F:46

			88A162 22 EA 8E 84 JSL $848EEA   [848EEA] A:FF00 X:0008 Y:00B9 S:012C D:0E68 DB:86 nvMXdizc V:248 H:165 F:46		JSL $848EEA --> Decrease Countdown Routine

				848EEA 08          PHP                    A:FF00 X:0008 Y:00B9 S:0129 D:0E68 DB:86 nvMXdizc V:248 H:178 F:46
				848EEB 8B          PHB                    A:FF00 X:0008 Y:00B9 S:0128 D:0E68 DB:86 nvMXdizc V:248 H:183 F:46
				848EEC E2 30       SEP #$30               A:FF00 X:0008 Y:00B9 S:0127 D:0E68 DB:86 nvMXdizc V:248 H:188 F:46
				848EEE C6 13       DEC $13       [000E7B] A:FF00 X:0008 Y:00B9 S:0127 D:0E68 DB:86 nvMXdizc V:248 H:193 F:46
				848EF0 D0 5D       BNE $005D     [848F4F] A:FF00 X:0008 Y:00B9 S:0127 D:0E68 DB:86 nvMXdizc V:248 H:203 F:46
				848F4F AB          PLB                    A:FF00 X:0008 Y:00B9 S:0127 D:0E68 DB:86 nvMXdizc V:248 H:207 F:46
				848F50 28          PLP                    A:FF00 X:0008 Y:00B9 S:0128 D:0E68 DB:86 NvMXdizc V:248 H:214 F:46
				848F51 6B          RTL                    A:FF00 X:0008 Y:00B9 S:0129 D:0E68 DB:86 nvMXdizc V:248 H:220 F:46

			88A166 C6 34       DEC $34       [000E9C] A:FF00 X:0008 Y:00B9 S:012C D:0E68 DB:86 nvMXdizc V:248 H:231 F:46
			88A168 D0 03       BNE $0003     [88A16D] A:FF00 X:0008 Y:00B9 S:012C D:0E68 DB:86 nvMXdiZc V:248 H:241 F:46
			88A16A 4C 62 A3    JMP $A362     [88A362] A:FF00 X:0008 Y:00B9 S:012C D:0E68 DB:86 nvMXdiZc V:248 H:244 F:46		JMP $88A362 --> Changes Action from table in $86CFDB, with 2B RNG value

			88A362 A5 02       LDA $02       [000E6A] A:FF00 X:0008 Y:00B9 S:012C D:0E68 DB:86 nvMXdiZc V:248 H:248 F:46
			88A364 0A          ASL A                  A:FF04 X:0008 Y:00B9 S:012C D:0E68 DB:86 nvMXdizc V:248 H:255 F:46
			88A365 18          CLC                    A:FF08 X:0008 Y:00B9 S:012C D:0E68 DB:86 nvMXdizc V:248 H:258 F:46
			88A366 69 03       ADC #$03               A:FF08 X:0008 Y:00B9 S:012C D:0E68 DB:86 nvMXdizc V:248 H:261 F:46
			88A368 AA          TAX                    A:FF0B X:0008 Y:00B9 S:012C D:0E68 DB:86 nvMXdizc V:248 H:264 F:46
			88A369 A0 03       LDY #$03               A:FF0B X:000B Y:00B9 S:012C D:0E68 DB:86 nvMXdizc V:248 H:267 F:46
			88A36B 22 86 90 84 JSL $849086   [849086] A:FF0B X:000B Y:0003 S:012C D:0E68 DB:86 nvMXdizc V:248 H:270 F:46

				849086 08          PHP                    A:FF0B X:000B Y:0003 S:0129 D:0E68 DB:86 nvMXdizc V:248 H:283 F:46
				849087 C2 20       REP #$20               A:FF0B X:000B Y:0003 S:0128 D:0E68 DB:86 nvMXdizc V:248 H:288 F:46
				849089 AD A6 0B    LDA $0BA6     [860BA6] A:FF0B X:000B Y:0003 S:0128 D:0E68 DB:86 nvmXdizc V:248 H:293 F:46
				84908C 0A          ASL A                  A:AB8D X:000B Y:0003 S:0128 D:0E68 DB:86 NvmXdizc V:248 H:301 F:46
				84908D 18          CLC                    A:571A X:000B Y:0003 S:0128 D:0E68 DB:86 nvmXdizC V:248 H:304 F:46
				84908E 6D A6 0B    ADC $0BA6     [860BA6] A:571A X:000B Y:0003 S:0128 D:0E68 DB:86 nvmXdizc V:248 H:307 F:46
				849091 EB          XBA                    A:02A7 X:000B Y:0003 S:0128 D:0E68 DB:86 nvmXdizC V:248 H:316 F:46
				849092 E2 20       SEP #$20               A:A702 X:000B Y:0003 S:0128 D:0E68 DB:86 nvmXdizC V:248 H:320 F:46
				849094 8D A7 0B    STA $0BA7     [860BA7] A:A702 X:000B Y:0003 S:0128 D:0E68 DB:86 nvMXdizC V:248 H:324 F:46
				849097 18          CLC                    A:A702 X:000B Y:0003 S:0128 D:0E68 DB:86 nvMXdizC V:248 H:330 F:46
				849098 6D A6 0B    ADC $0BA6     [860BA6] A:A702 X:000B Y:0003 S:0128 D:0E68 DB:86 nvMXdizc V:248 H:333 F:46
				84909B 8D A6 0B    STA $0BA6     [860BA6] A:A78F X:000B Y:0003 S:0128 D:0E68 DB:86 NvMXdizc V:249 H:  0 F:46
				84909E 28          PLP                    A:A78F X:000B Y:0003 S:0128 D:0E68 DB:86 NvMXdizc V:249 H:  6 F:46
				84909F 6B          RTL                    A:A78F X:000B Y:0003 S:0129 D:0E68 DB:86 nvMXdizc V:249 H: 13 F:46

			88A36F 29 1F       AND #$1F               A:A78F X:000B Y:0003 S:012C D:0E68 DB:86 nvMXdizc V:249 H: 23 F:46
			88A371 38          SEC                    A:A70F X:000B Y:0003 S:012C D:0E68 DB:86 nvMXdizc V:249 H: 26 F:46
			88A372 FD DB CF    SBC $CFDB,X   [86CFE6] A:A70F X:000B Y:0003 S:012C D:0E68 DB:86 nvMXdizC V:249 H: 29 F:46
			88A375 90 04       BCC $0004     [88A37B] A:A7FF X:000B Y:0003 S:012C D:0E68 DB:86 NvMXdizc V:249 H: 35 F:46
			88A37B 98          TYA                    A:A7FF X:000B Y:0003 S:012C D:0E68 DB:86 NvMXdizc V:249 H: 40 F:46
			88A37C 0A          ASL A                  A:A703 X:000B Y:0003 S:012C D:0E68 DB:86 nvMXdizc V:249 H: 43 F:46
			88A37D 85 02       STA $02       [000E6A] A:A706 X:000B Y:0003 S:012C D:0E68 DB:86 nvMXdizc V:249 H: 46 F:46
			88A37F 64 03       STZ $03       [000E6B] A:A706 X:000B Y:0003 S:012C D:0E68 DB:86 nvMXdizc V:249 H: 52 F:46
			88A381 60          RTS                    A:A706 X:000B Y:0003 S:012C D:0E68 DB:86 nvMXdizc V:249 H: 59 F:46

		889D7B AD CF 0B    LDA $0BCF     [860BCF] A:A706 X:000B Y:0003 S:012E D:0E68 DB:86 nvMXdizc V:249 H: 69 F:46
