80D4F6 20 30 D5    JSR $D530     [80D530] A:0E01 X:0000 Y:0027 S:0133 D:0E68 DB:86 nvMXdizC V:255 H:273 F:31

	80D530 C2 20       REP #$20               A:0E01 X:0000 Y:0027 S:0131 D:0E68 DB:86 nvMXdizC V:255 H:283 F:31
	80D532 A5 05       LDA $05       [000E6D] A:0E01 X:0000 Y:0027 S:0131 D:0E68 DB:86 nvmXdizC V:255 H:287 F:31
	80D534 85 22       STA $22       [000E8A] A:1E8A X:0000 Y:0027 S:0131 D:0E68 DB:86 nvmXdizC V:255 H:296 F:31
	80D536 A5 08       LDA $08       [000E70] A:1E8A X:0000 Y:0027 S:0131 D:0E68 DB:86 nvmXdizC V:255 H:304 F:31
	80D538 85 24       STA $24       [000E8C] A:01AC X:0000 Y:0027 S:0131 D:0E68 DB:86 nvmXdizC V:255 H:313 F:31
	80D53A E2 20       SEP #$20               A:01AC X:0000 Y:0027 S:0131 D:0E68 DB:86 nvmXdizC V:255 H:321 F:31
	80D53C A9 80       LDA #$80               A:01AC X:0000 Y:0027 S:0131 D:0E68 DB:86 nvMXdizC V:255 H:325 F:31
	80D53E 14 0E       TRB $0E       [000E76] A:0180 X:0000 Y:0027 S:0131 D:0E68 DB:86 NvMXdizC V:255 H:328 F:31
	80D540 A5 0A       LDA $0A       [000E72] A:0180 X:0000 Y:0027 S:0131 D:0E68 DB:86 NvMXdizC V:255 H:338 F:31
	80D542 0A          ASL A                  A:0102 X:0000 Y:0027 S:0131 D:0E68 DB:86 nvMXdizC V:256 H:  4 F:31
	80D543 AA          TAX                    A:0104 X:0000 Y:0027 S:0131 D:0E68 DB:86 nvMXdizc V:256 H:  7 F:31
	80D544 7C DD F8    JMP ($F8DD,X) [80F8E1] A:0104 X:0004 Y:0027 S:0131 D:0E68 DB:86 nvMXdizc V:256 H: 10 F:31

	80F9BB 22 16 B5 81 JSL $81B516   [81B516] A:0104 X:0004 Y:0027 S:0131 D:0E68 DB:86 nvMXdizc V:256 H: 19 F:31

		81B516 A6 01       LDX $01       [000E69] A:0104 X:0004 Y:0027 S:012E D:0E68 DB:86 nvMXdizc V:256 H: 33 F:31
		81B518 7C 1B B5    JMP ($B51B,X) [81B51F] A:0104 X:0004 Y:0027 S:012E D:0E68 DB:86 nvMXdizc V:256 H: 39 F:31

		81B629 A5 33       LDA $33       [000E9B] A:0104 X:0004 Y:0027 S:012E D:0E68 DB:86 nvMXdizc V:256 H: 48 F:31
		81B62B 04 11       TSB $11       [000E79] A:0108 X:0004 Y:0027 S:012E D:0E68 DB:86 nvMXdizc V:256 H: 55 F:31
		81B62D C2 20       REP #$20               A:0108 X:0004 Y:0027 S:012E D:0E68 DB:86 nvMXdizc V:256 H: 65 F:31
		81B62F A9 2D C4    LDA #$C42D             A:0108 X:0004 Y:0027 S:012E D:0E68 DB:86 nvmXdizc V:256 H: 69 F:31
		81B632 85 20       STA $20       [000E88] A:C42D X:0004 Y:0027 S:012E D:0E68 DB:86 NvmXdizc V:256 H: 74 F:31
		81B634 E2 20       SEP #$20               A:C42D X:0004 Y:0027 S:012E D:0E68 DB:86 NvmXdizc V:256 H: 82 F:31
		81B636 A6 02       LDX $02       [000E6A] A:C42D X:0004 Y:0027 S:012E D:0E68 DB:86 NvMXdizc V:256 H: 87 F:31
		81B638 FC F3 B6    JSR ($B6F3,X) [81B6F7] A:C42D X:0004 Y:0027 S:012E D:0E68 DB:86 nvMXdizc V:256 H: 93 F:31

			81B88E A6 03       LDX $03       [000E6B] A:C42D X:0004 Y:0027 S:012C D:0E68 DB:86 nvMXdizc V:256 H:106 F:31
			81B890 7C 93 B8    JMP ($B893,X) [81B897] A:C42D X:0004 Y:0027 S:012C D:0E68 DB:86 nvMXdizc V:256 H:113 F:31

			81B8E1 22 EA 8E 84 JSL $848EEA   [848EEA] A:C42D X:0004 Y:0027 S:012C D:0E68 DB:86 nvMXdizc V:256 H:122 F:31					JSL $848EEA --> Decrease CDSkel, Continue Skeleton

				848EEA 08          PHP                    A:C42D X:0004 Y:0027 S:0129 D:0E68 DB:86 nvMXdizc V:256 H:145 F:31
				848EEB 8B          PHB                    A:C42D X:0004 Y:0027 S:0128 D:0E68 DB:86 nvMXdizc V:256 H:150 F:31
				848EEC E2 30       SEP #$30               A:C42D X:0004 Y:0027 S:0127 D:0E68 DB:86 nvMXdizc V:256 H:155 F:31
				848EEE C6 13       DEC $13       [000E7B] A:C42D X:0004 Y:0027 S:0127 D:0E68 DB:86 nvMXdizc V:256 H:160 F:31				Decrease Countdown
				848EF0 D0 5D       BNE $005D     [848F4F] A:C42D X:0004 Y:0027 S:0127 D:0E68 DB:86 nvMXdizc V:256 H:170 F:31				Branch because Countdown <> #$00
				848F4F AB          PLB                    A:C42D X:0004 Y:0027 S:0127 D:0E68 DB:86 nvMXdizc V:256 H:174 F:31
				848F50 28          PLP                    A:C42D X:0004 Y:0027 S:0128 D:0E68 DB:86 NvMXdizc V:256 H:181 F:31
				848F51 6B          RTL                    A:C42D X:0004 Y:0027 S:0129 D:0E68 DB:86 nvMXdizc V:256 H:187 F:31				Return

			81B8E5 A5 11       LDA $11       [000E79] A:C42D X:0004 Y:0027 S:012C D:0E68 DB:86 nvMXdizc V:256 H:198 F:31		
			81B8E7 0A          ASL A                  A:C429 X:0004 Y:0027 S:012C D:0E68 DB:86 nvMXdizc V:256 H:204 F:31
			81B8E8 0A          ASL A                  A:C452 X:0004 Y:0027 S:012C D:0E68 DB:86 nvMXdizc V:256 H:207 F:31
			81B8E9 B0 06       BCS $0006     [81B8F1] A:C4A4 X:0004 Y:0027 S:012C D:0E68 DB:86 NvMXdizc V:256 H:210 F:31					Branch if Facing right
			81B8EB 22 95 81 82 JSL $828195   [828195] A:C4A4 X:0004 Y:0027 S:012C D:0E68 DB:86 NvMXdizc V:256 H:213 F:31					JSL $828195 --> Update X-Pos, Y-Pos, X-Vel, Y-Vel

				828195 08          PHP                    A:C4A4 X:0004 Y:0027 S:0129 D:0E68 DB:86 NvMXdizc V:256 H:227 F:31
				828196 C2 20       REP #$20               A:C4A4 X:0004 Y:0027 S:0128 D:0E68 DB:86 NvMXdizc V:256 H:232 F:31
				828198 38          SEC                    A:C4A4 X:0004 Y:0027 S:0128 D:0E68 DB:86 NvmXdizc V:256 H:236 F:31
				828199 A5 1E       LDA $1E       [000E86] A:C4A4 X:0004 Y:0027 S:0128 D:0E68 DB:86 NvmXdizC V:256 H:239 F:31	|E-Y-Vel = E-Y-Vel - E-Y-Acc
				82819B 29 FF 00    AND #$00FF             A:1000 X:0004 Y:0027 S:0128 D:0E68 DB:86 nvmXdizC V:256 H:248 F:31	|
				82819E E5 1C       SBC $1C       [000E84] A:0000 X:0004 Y:0027 S:0128 D:0E68 DB:86 nvmXdiZC V:256 H:252 F:31	|
				8281A0 49 FF FF    EOR #$FFFF             A:0000 X:0004 Y:0027 S:0128 D:0E68 DB:86 nvmXdiZC V:256 H:261 F:31	|
				8281A3 1A          INC                    A:FFFF X:0004 Y:0027 S:0128 D:0E68 DB:86 NvmXdizC V:256 H:265 F:31	|
				8281A4 85 1C       STA $1C       [000E84] A:0000 X:0004 Y:0027 S:0128 D:0E68 DB:86 nvmXdiZC V:256 H:268 F:31	|
				8281A6 18          CLC                    A:0000 X:0004 Y:0027 S:0128 D:0E68 DB:86 nvmXdiZC V:256 H:277 F:31	
				8281A7 A5 1F       LDA $1F       [000E87] A:0000 X:0004 Y:0027 S:0128 D:0E68 DB:86 nvmXdiZc V:256 H:280 F:31	|E-X-Vel = E-X-Vel - E-X-Acc
				8281A9 29 FF 00    AND #$00FF             A:2D10 X:0004 Y:0027 S:0128 D:0E68 DB:86 nvmXdizc V:256 H:288 F:31	|
				8281AC 65 1A       ADC $1A       [000E82] A:0010 X:0004 Y:0027 S:0128 D:0E68 DB:86 nvmXdizc V:256 H:293 F:31	|
				8281AE 85 1A       STA $1A       [000E82] A:FA10 X:0004 Y:0027 S:0128 D:0E68 DB:86 NvmXdizc V:256 H:301 F:31	|
				8281B0 80 59       BRA $0059     [82820B] A:FA10 X:0004 Y:0027 S:0128 D:0E68 DB:86 NvmXdizc V:256 H:310 F:31	
				82820B C2 21       REP #$21               A:FA10 X:0004 Y:0027 S:0128 D:0E68 DB:86 NvmXdizc V:256 H:314 F:31	A:2B,C=0
				82820D A5 04       LDA $04       [000E6C] A:FA10 X:0004 Y:0027 S:0128 D:0E68 DB:86 NvmXdizc V:256 H:319 F:31
				82820F 65 1A       ADC $1A       [000E82] A:8A00 X:0004 Y:0027 S:0128 D:0E68 DB:86 NvmXdizc V:256 H:327 F:31	
				828211 85 04       STA $04       [000E6C] A:8410 X:0004 Y:0027 S:0128 D:0E68 DB:86 NvmXdizC V:256 H:335 F:31	
				828213 E2 20       SEP #$20               A:8410 X:0004 Y:0027 S:0128 D:0E68 DB:86 NvmXdizC V:257 H:  3 F:31	
				828215 A9 00       LDA #$00               A:8410 X:0004 Y:0027 S:0128 D:0E68 DB:86 NvMXdizC V:257 H:  8 F:31	
				828217 24 1B       BIT $1B       [000E83] A:8400 X:0004 Y:0027 S:0128 D:0E68 DB:86 nvMXdiZC V:257 H: 11 F:31	
				828219 10 01       BPL $0001     [82821C] A:8400 X:0004 Y:0027 S:0128 D:0E68 DB:86 NVMXdiZC V:257 H: 17 F:31	
				82821B 3A          DEC                    A:8400 X:0004 Y:0027 S:0128 D:0E68 DB:86 NVMXdiZC V:257 H: 20 F:31	
				82821C 65 06       ADC $06       [000E6E] A:84FF X:0004 Y:0027 S:0128 D:0E68 DB:86 NVMXdizC V:257 H: 23 F:31
				82821E 85 06       STA $06       [000E6E] A:841E X:0004 Y:0027 S:0128 D:0E68 DB:86 nvMXdizC V:257 H: 30 F:31
				828220 C2 20       REP #$20               A:841E X:0004 Y:0027 S:0128 D:0E68 DB:86 nvMXdizC V:257 H: 36 F:31
				828222 38          SEC                    A:841E X:0004 Y:0027 S:0128 D:0E68 DB:86 nvmXdizC V:257 H: 41 F:31
				828223 A5 07       LDA $07       [000E6F] A:841E X:0004 Y:0027 S:0128 D:0E68 DB:86 nvmXdizC V:257 H: 44 F:31
				828225 E5 1C       SBC $1C       [000E84] A:AC80 X:0004 Y:0027 S:0128 D:0E68 DB:86 NvmXdizC V:257 H: 52 F:31
				828227 85 07       STA $07       [000E6F] A:AC80 X:0004 Y:0027 S:0128 D:0E68 DB:86 NvmXdizC V:257 H: 61 F:31
				828229 E2 20       SEP #$20               A:AC80 X:0004 Y:0027 S:0128 D:0E68 DB:86 NvmXdizC V:257 H: 69 F:31
				82822B 9C 00 00    STZ $0000     [860000] A:AC80 X:0004 Y:0027 S:0128 D:0E68 DB:86 NvMXdizC V:257 H: 74 F:31
				82822E 24 1D       BIT $1D       [000E85] A:AC80 X:0004 Y:0027 S:0128 D:0E68 DB:86 NvMXdizC V:257 H: 80 F:31
				828230 10 03       BPL $0003     [828235] A:AC80 X:0004 Y:0027 S:0128 D:0E68 DB:86 nvMXdiZC V:257 H: 87 F:31
				828235 A5 09       LDA $09       [000E71] A:AC80 X:0004 Y:0027 S:0128 D:0E68 DB:86 nvMXdiZC V:257 H: 91 F:31
				828237 ED 00 00    SBC $0000     [860000] A:AC01 X:0004 Y:0027 S:0128 D:0E68 DB:86 nvMXdizC V:257 H: 98 F:31
				82823A 85 09       STA $09       [000E71] A:AC01 X:0004 Y:0027 S:0128 D:0E68 DB:86 nvMXdizC V:257 H:104 F:31
				82823C 28          PLP                    A:AC01 X:0004 Y:0027 S:0128 D:0E68 DB:86 nvMXdizC V:257 H:111 F:31
				82823D 6B          RTL                    A:AC01 X:0004 Y:0027 S:0129 D:0E68 DB:86 NvMXdizc V:257 H:117 F:31

			81B8EF 80 04       BRA $0004     [81B8F5] A:AC01 X:0004 Y:0027 S:012C D:0E68 DB:86 NvMXdizc V:257 H:128 F:31
			81B8F5 22 BE 91 84 JSL $8491BE   [8491BE] A:AC01 X:0004 Y:0027 S:012C D:0E68 DB:86 NvMXdizc V:257 H:132 F:31					JSL $8491BE --> Check colission with both axis?

				8491BE 08          PHP                    A:AC01 X:0004 Y:0027 S:0129 D:0E68 DB:86 NvMXdizc V:257 H:156 F:31				Push Processor Flags
				8491BF 0B          PHD                    A:AC01 X:0004 Y:0027 S:0128 D:0E68 DB:86 NvMXdizc V:257 H:161 F:31				Push D
				8491C0 C2 30       REP #$30               A:AC01 X:0004 Y:0027 S:0126 D:0E68 DB:86 NvMXdizc V:257 H:168 F:31				A:2B,X:2B
				8491C2 A5 20       LDA $20       [000E88] A:AC01 X:0004 Y:0027 S:0126 D:0E68 DB:86 Nvmxdizc V:257 H:172 F:31				|Branch if E-$20 = #$00
				8491C4 F0 15       BEQ $0015     [8491DB] A:C42D X:0004 Y:0027 S:0126 D:0E68 DB:86 Nvmxdizc V:257 H:181 F:31				|
				8491C6 7B          TDC                    A:C42D X:0004 Y:0027 S:0126 D:0E68 DB:86 Nvmxdizc V:257 H:184 F:31				X = D = EnemyData
				8491C7 AA          TAX                    A:0E68 X:0004 Y:0027 S:0126 D:0E68 DB:86 nvmxdizc V:257 H:187 F:31
				8491C8 A9 00 00    LDA #$0000             A:0E68 X:0E68 Y:0027 S:0126 D:0E68 DB:86 nvmxdizc V:257 H:190 F:31				D = #$0000
				8491CB 5B          TCD                    A:0000 X:0E68 Y:0027 S:0126 D:0E68 DB:86 nvmxdiZc V:257 H:194 F:31
				8491CC 64 14       STZ $14       [000014] A:0000 X:0E68 Y:0027 S:0126 D:0000 DB:86 nvmxdiZc V:257 H:197 F:31
				8491CE B5 2B       LDA $2B,X     [000E93] A:0000 X:0E68 Y:0027 S:0126 D:0000 DB:86 nvmxdiZc V:257 H:204 F:31				E-$2B = #$00
				8491D0 29 00 FF    AND #$FF00             A:0004 X:0E68 Y:0027 S:0126 D:0000 DB:86 nvmxdizc V:257 H:213 F:31
				8491D3 95 2B       STA $2B,X     [000E93] A:0000 X:0E68 Y:0027 S:0126 D:0000 DB:86 nvmxdiZc V:257 H:217 F:31
				8491D5 20 AC 92    JSR $92AC     [8492AC] A:0000 X:0E68 Y:0027 S:0126 D:0000 DB:86 nvmxdiZc V:257 H:226 F:31				JSR $8492AC --> Check colission with X-Axis?

					8492AC C2 30       REP #$30               A:0000 X:0E68 Y:0027 S:0124 D:0000 DB:86 nvmxdiZc V:257 H:236 F:31			A:2B,X:2B
					8492AE B5 05       LDA $05,X     [000E6D] A:0000 X:0E68 Y:0027 S:0124 D:0000 DB:86 nvmxdiZc V:257 H:240 F:31			
					8492B0 38          SEC                    A:1E84 X:0E68 Y:0027 S:0124 D:0000 DB:86 nvmxdizc V:257 H:249 F:31
					8492B1 F5 22       SBC $22,X     [000E8A] A:1E84 X:0E68 Y:0027 S:0124 D:0000 DB:86 nvmxdizC V:257 H:252 F:31
					8492B3 85 00       STA $00       [000000] A:FFFA X:0E68 Y:0027 S:0124 D:0000 DB:86 Nvmxdizc V:257 H:260 F:31
					8492B5 E2 20       SEP #$20               A:FFFA X:0E68 Y:0027 S:0124 D:0000 DB:86 Nvmxdizc V:257 H:267 F:31
					8492B7 F0 4C       BEQ $004C     [849305] A:FFFA X:0E68 Y:0027 S:0124 D:0000 DB:86 NvMxdizc V:257 H:272 F:31
					8492B9 B4 20       LDY $20,X     [000E88] A:FFFA X:0E68 Y:0027 S:0124 D:0000 DB:86 NvMxdizc V:257 H:275 F:31
					8492BB B9 05 00    LDA $0005,Y   [86C432] A:FFFA X:0E68 Y:C42D S:0124 D:0000 DB:86 NvMxdizc V:257 H:283 F:31
					8492BE 34 11       BIT $11,X     [000E79] A:FF00 X:0E68 Y:C42D S:0124 D:0000 DB:86 nvMxdiZc V:257 H:291 F:31
					8492C0 50 03       BVC $0003     [8492C5] A:FF00 X:0E68 Y:C42D S:0124 D:0000 DB:86 nvMxdiZc V:257 H:297 F:31
					8492C5 24 00       BIT $00       [000000] A:FF00 X:0E68 Y:C42D S:0124 D:0000 DB:86 nvMxdiZc V:257 H:302 F:31
					8492C7 10 06       BPL $0006     [8492CF] A:FF00 X:0E68 Y:C42D S:0124 D:0000 DB:86 NVMxdiZc V:257 H:307 F:31
					8492C9 38          SEC                    A:FF00 X:0E68 Y:C42D S:0124 D:0000 DB:86 NVMxdiZc V:257 H:310 F:31
					8492CA F9 07 00    SBC $0007,Y   [86C434] A:FF00 X:0E68 Y:C42D S:0124 D:0000 DB:86 NVMxdiZC V:257 H:313 F:31
					8492CD 80 04       BRA $0004     [8492D3] A:FFF2 X:0E68 Y:C42D S:0124 D:0000 DB:86 NvMxdizc V:257 H:320 F:31
					8492D3 95 29       STA $29,X     [000E91] A:FFF2 X:0E68 Y:C42D S:0124 D:0000 DB:86 NvMxdizc V:257 H:324 F:31
					8492D5 B9 06 00    LDA $0006,Y   [86C433] A:FFF2 X:0E68 Y:C42D S:0124 D:0000 DB:86 NvMxdizc V:257 H:330 F:31
					8492D8 95 2A       STA $2A,X     [000E92] A:FF02 X:0E68 Y:C42D S:0124 D:0000 DB:86 nvMxdizc V:257 H:338 F:31
					8492DA 20 15 93    JSR $9315     [849315] A:FF02 X:0E68 Y:C42D S:0124 D:0000 DB:86 nvMxdizc V:258 H:  4 F:31

						849315 20 B3 90    JSR $90B3     [8490B3] A:FF02 X:0E68 Y:C42D S:0122 D:0000 DB:86 nvMxdizc V:258 H: 14 F:31

							8490B3 0B          PHD                    A:FF02 X:0E68 Y:C42D S:0120 D:0000 DB:86 nvMxdizc V:258 H: 24 F:31
							8490B4 DA          PHX                    A:FF02 X:0E68 Y:C42D S:011E D:0000 DB:86 nvMxdizc V:258 H: 31 F:31
							8490B5 08          PHP                    A:FF02 X:0E68 Y:C42D S:011C D:0000 DB:86 nvMxdizc V:258 H: 38 F:31
							8490B6 E2 20       SEP #$20               A:FF02 X:0E68 Y:C42D S:011B D:0000 DB:86 nvMxdizc V:258 H: 43 F:31
							8490B8 C2 10       REP #$10               A:FF02 X:0E68 Y:C42D S:011B D:0000 DB:86 nvMxdizc V:258 H: 48 F:31
							8490BA 64 01       STZ $01       [000001] A:FF02 X:0E68 Y:C42D S:011B D:0000 DB:86 nvMxdizc V:258 H: 52 F:31
							8490BC B5 29       LDA $29,X     [000E91] A:FF02 X:0E68 Y:C42D S:011B D:0000 DB:86 nvMxdizc V:258 H: 57 F:31
							8490BE 10 02       BPL $0002     [8490C2] A:FFF2 X:0E68 Y:C42D S:011B D:0000 DB:86 NvMxdizc V:258 H: 64 F:31
							8490C0 C6 01       DEC $01       [000001] A:FFF2 X:0E68 Y:C42D S:011B D:0000 DB:86 NvMxdizc V:258 H: 67 F:31
							8490C2 18          CLC                    A:FFF2 X:0E68 Y:C42D S:011B D:0000 DB:86 NvMxdizc V:258 H: 75 F:31
							8490C3 75 05       ADC $05,X     [000E6D] A:FFF2 X:0E68 Y:C42D S:011B D:0000 DB:86 NvMxdizc V:258 H: 78 F:31
							8490C5 85 00       STA $00       [000000] A:FF76 X:0E68 Y:C42D S:011B D:0000 DB:86 nVMxdizC V:258 H: 85 F:31
							8490C7 B5 06       LDA $06,X     [000E6E] A:FF76 X:0E68 Y:C42D S:011B D:0000 DB:86 nVMxdizC V:258 H: 90 F:31
							8490C9 65 01       ADC $01       [000001] A:FF1E X:0E68 Y:C42D S:011B D:0000 DB:86 nVMxdizC V:258 H: 96 F:31
							8490CB 85 01       STA $01       [000001] A:FF1E X:0E68 Y:C42D S:011B D:0000 DB:86 nvMxdizC V:258 H:101 F:31
							8490CD 64 03       STZ $03       [000003] A:FF1E X:0E68 Y:C42D S:011B D:0000 DB:86 nvMxdizC V:258 H:106 F:31
							8490CF B5 2A       LDA $2A,X     [000E92] A:FF1E X:0E68 Y:C42D S:011B D:0000 DB:86 nvMxdizC V:258 H:111 F:31
							8490D1 10 02       BPL $0002     [8490D5] A:FF02 X:0E68 Y:C42D S:011B D:0000 DB:86 nvMxdizC V:258 H:118 F:31
							8490D5 18          CLC                    A:FF02 X:0E68 Y:C42D S:011B D:0000 DB:86 nvMxdizC V:258 H:122 F:31
							8490D6 75 08       ADC $08,X     [000E70] A:FF02 X:0E68 Y:C42D S:011B D:0000 DB:86 nvMxdizc V:258 H:125 F:31
							8490D8 85 02       STA $02       [000002] A:FFAE X:0E68 Y:C42D S:011B D:0000 DB:86 NvMxdizc V:258 H:132 F:31
							8490DA 29 F0       AND #$F0               A:FFAE X:0E68 Y:C42D S:011B D:0000 DB:86 NvMxdizc V:258 H:147 F:31
							8490DC 85 0A       STA $0A       [00000A] A:FFA0 X:0E68 Y:C42D S:011B D:0000 DB:86 NvMxdizc V:258 H:150 F:31
							8490DE B5 09       LDA $09,X     [000E71] A:FFA0 X:0E68 Y:C42D S:011B D:0000 DB:86 NvMxdizc V:258 H:155 F:31
							8490E0 65 03       ADC $03       [000003] A:FF01 X:0E68 Y:C42D S:011B D:0000 DB:86 nvMxdizc V:258 H:161 F:31
							8490E2 85 03       STA $03       [000003] A:FF01 X:0E68 Y:C42D S:011B D:0000 DB:86 nvMxdizc V:258 H:166 F:31
							8490E4 85 0B       STA $0B       [00000B] A:FF01 X:0E68 Y:C42D S:011B D:0000 DB:86 nvMxdizc V:258 H:171 F:31
							8490E6 A5 00       LDA $00       [000000] A:FF01 X:0E68 Y:C42D S:011B D:0000 DB:86 nvMxdizc V:258 H:176 F:31
							8490E8 29 0F       AND #$0F               A:FF76 X:0E68 Y:C42D S:011B D:0000 DB:86 nvMxdizc V:258 H:181 F:31
							8490EA 1A          INC                    A:FF06 X:0E68 Y:C42D S:011B D:0000 DB:86 nvMxdizc V:258 H:184 F:31
							8490EB 85 0C       STA $0C       [00000C] A:FF07 X:0E68 Y:C42D S:011B D:0000 DB:86 nvMxdizc V:258 H:187 F:31
							8490ED A5 02       LDA $02       [000002] A:FF07 X:0E68 Y:C42D S:011B D:0000 DB:86 nvMxdizc V:258 H:192 F:31
							8490EF 29 0F       AND #$0F               A:FFAE X:0E68 Y:C42D S:011B D:0000 DB:86 NvMxdizc V:258 H:197 F:31
							8490F1 1A          INC                    A:FF0E X:0E68 Y:C42D S:011B D:0000 DB:86 nvMxdizc V:258 H:200 F:31
							8490F2 85 0E       STA $0E       [00000E] A:FF0F X:0E68 Y:C42D S:011B D:0000 DB:86 nvMxdizc V:258 H:203 F:31
							8490F4 C2 20       REP #$20               A:FF0F X:0E68 Y:C42D S:011B D:0000 DB:86 nvMxdizc V:258 H:208 F:31
							8490F6 20 6A 91    JSR $916A     [84916A] A:FF0F X:0E68 Y:C42D S:011B D:0000 DB:86 nvmxdizc V:258 H:213 F:31

								84916A A9 00 E8    LDA #$E800             A:FF0F X:0E68 Y:C42D S:0119 D:0000 DB:86 nvmxdizc V:258 H:223 F:31
								84916D 85 10       STA $10       [000010] A:E800 X:0E68 Y:C42D S:0119 D:0000 DB:86 Nvmxdizc V:258 H:227 F:31
								84916F A9 7E 00    LDA #$007E             A:E800 X:0E68 Y:C42D S:0119 D:0000 DB:86 Nvmxdizc V:258 H:234 F:31
								849172 85 12       STA $12       [000012] A:007E X:0E68 Y:C42D S:0119 D:0000 DB:86 nvmxdizc V:258 H:239 F:31
								849174 A5 02       LDA $02       [000002] A:007E X:0E68 Y:C42D S:0119 D:0000 DB:86 nvmxdizc V:258 H:246 F:31
								849176 29 F0 00    AND #$00F0             A:01AE X:0E68 Y:C42D S:0119 D:0000 DB:86 nvmxdizc V:258 H:253 F:31
								849179 0A          ASL A                  A:00A0 X:0E68 Y:C42D S:0119 D:0000 DB:86 nvmxdizc V:258 H:257 F:31
								84917A 85 04       STA $04       [000004] A:0140 X:0E68 Y:C42D S:0119 D:0000 DB:86 nvmxdizc V:258 H:260 F:31
								84917C A5 00       LDA $00       [000000] A:0140 X:0E68 Y:C42D S:0119 D:0000 DB:86 nvmxdizc V:258 H:267 F:31
								84917E 29 FF 00    AND #$00FF             A:1E76 X:0E68 Y:C42D S:0119 D:0000 DB:86 nvmxdizc V:258 H:274 F:31
								849181 4A          LSR A                  A:0076 X:0E68 Y:C42D S:0119 D:0000 DB:86 nvmxdizc V:258 H:279 F:31
								849182 4A          LSR A                  A:003B X:0E68 Y:C42D S:0119 D:0000 DB:86 nvmxdizc V:258 H:282 F:31
								849183 4A          LSR A                  A:001D X:0E68 Y:C42D S:0119 D:0000 DB:86 nvmxdizC V:258 H:285 F:31
								849184 29 FE FF    AND #$FFFE             A:000E X:0E68 Y:C42D S:0119 D:0000 DB:86 nvmxdizC V:258 H:288 F:31
								849187 18          CLC                    A:000E X:0E68 Y:C42D S:0119 D:0000 DB:86 nvmxdizC V:258 H:292 F:31
								849188 65 04       ADC $04       [000004] A:000E X:0E68 Y:C42D S:0119 D:0000 DB:86 nvmxdizc V:258 H:295 F:31
								84918A 85 06       STA $06       [000006] A:014E X:0E68 Y:C42D S:0119 D:0000 DB:86 nvmxdizc V:258 H:302 F:31
								84918C A5 00       LDA $00       [000000] A:014E X:0E68 Y:C42D S:0119 D:0000 DB:86 nvmxdizc V:258 H:309 F:31
								84918E EB          XBA                    A:1E76 X:0E68 Y:C42D S:0119 D:0000 DB:86 nvmxdizc V:258 H:316 F:31
								84918F 29 1F 00    AND #$001F             A:761E X:0E68 Y:C42D S:0119 D:0000 DB:86 nvmxdizc V:258 H:321 F:31
								849192 85 04       STA $04       [000004] A:001E X:0E68 Y:C42D S:0119 D:0000 DB:86 nvmxdizc V:258 H:325 F:31
								849194 A5 02       LDA $02       [000002] A:001E X:0E68 Y:C42D S:0119 D:0000 DB:86 nvmxdizc V:258 H:331 F:31
								849196 29 00 1F    AND #$1F00             A:01AE X:0E68 Y:C42D S:0119 D:0000 DB:86 nvmxdizc V:258 H:338 F:31
								849199 4A          LSR A                  A:0100 X:0E68 Y:C42D S:0119 D:0000 DB:86 nvmxdizc V:259 H:  3 F:31
								84919A 4A          LSR A                  A:0080 X:0E68 Y:C42D S:0119 D:0000 DB:86 nvmxdizc V:259 H:  6 F:31
								84919B 4A          LSR A                  A:0040 X:0E68 Y:C42D S:0119 D:0000 DB:86 nvmxdizc V:259 H:  9 F:31
								84919C 18          CLC                    A:0020 X:0E68 Y:C42D S:0119 D:0000 DB:86 nvmxdizc V:259 H: 12 F:31
								84919D 65 04       ADC $04       [000004] A:0020 X:0E68 Y:C42D S:0119 D:0000 DB:86 nvmxdizc V:259 H: 15 F:31
								84919F A8          TAY                    A:003E X:0E68 Y:C42D S:0119 D:0000 DB:86 nvmxdizc V:259 H: 22 F:31
								8491A0 B7 10       LDA [$10],Y   [7EE83E] A:003E X:0E68 Y:003E S:0119 D:0000 DB:86 nvmxdizc V:259 H: 25 F:31
								8491A2 29 FF 00    AND #$00FF             A:0005 X:0E68 Y:003E S:0119 D:0000 DB:86 nvmxdizc V:259 H: 38 F:31
								8491A5 A8          TAY                    A:0005 X:0E68 Y:003E S:0119 D:0000 DB:86 nvmxdizc V:259 H: 42 F:31
								8491A6 EB          XBA                    A:0005 X:0E68 Y:0005 S:0119 D:0000 DB:86 nvmxdizc V:259 H: 45 F:31
								8491A7 0A          ASL A                  A:0500 X:0E68 Y:0005 S:0119 D:0000 DB:86 nvmxdiZc V:259 H: 50 F:31
								8491A8 18          CLC                    A:0A00 X:0E68 Y:0005 S:0119 D:0000 DB:86 nvmxdizc V:259 H: 53 F:31
								8491A9 65 06       ADC $06       [000006] A:0A00 X:0E68 Y:0005 S:0119 D:0000 DB:86 nvmxdizc V:259 H: 56 F:31
								8491AB AA          TAX                    A:0B4E X:0E68 Y:0005 S:0119 D:0000 DB:86 nvmxdizc V:259 H: 63 F:31
								8491AC 60          RTS                    A:0B4E X:0B4E Y:0005 S:0119 D:0000 DB:86 nvmxdizc V:259 H: 66 F:31

							8490F9 BF 00 20 7E LDA $7E2000,X [7E2B4E] A:0B4E X:0B4E Y:0005 S:011B D:0000 DB:86 nvmxdizc V:259 H: 76 F:31
							8490FD A8          TAY                    A:02BF X:0B4E Y:0005 S:011B D:0000 DB:86 nvmxdizc V:259 H: 86 F:31
							8490FE AD 92 0B    LDA $0B92     [860B92] A:02BF X:0B4E Y:02BF S:011B D:0000 DB:86 nvmxdizc V:259 H: 89 F:31
							849101 85 10       STA $10       [000010] A:EDC3 X:0B4E Y:02BF S:011B D:0000 DB:86 Nvmxdizc V:259 H: 97 F:31
							849103 AD 94 0B    LDA $0B94     [860B94] A:EDC3 X:0B4E Y:02BF S:011B D:0000 DB:86 Nvmxdizc V:259 H:104 F:31
							849106 85 12       STA $12       [000012] A:E095 X:0B4E Y:02BF S:011B D:0000 DB:86 Nvmxdizc V:259 H:113 F:31
							849108 B7 10       LDA [$10],Y   [95F082] A:E095 X:0B4E Y:02BF S:011B D:0000 DB:86 Nvmxdizc V:259 H:120 F:31
							84910A 29 FF 00    AND #$00FF             A:0000 X:0B4E Y:02BF S:011B D:0000 DB:86 nvmxdiZc V:259 H:132 F:31
							84910D 28          PLP                    A:0000 X:0B4E Y:02BF S:011B D:0000 DB:86 nvmxdiZc V:259 H:146 F:31
							84910E FA          PLX                    A:0000 X:0B4E Y:02BF S:011C D:0000 DB:86 nvMxdizc V:259 H:153 F:31
							84910F 2B          PLD                    A:0000 X:0E68 Y:02BF S:011E D:0000 DB:86 nvMxdizc V:259 H:161 F:31
							849110 60          RTS                    A:0000 X:0E68 Y:02BF S:0120 D:0000 DB:86 nvMxdiZc V:259 H:170 F:31

						849318 B4 05       LDY $05,X     [000E6D] A:0000 X:0E68 Y:02BF S:0122 D:0000 DB:86 nvMxdiZc V:259 H:180 F:31
						84931A 84 10       STY $10       [000010] A:0000 X:0E68 Y:1E84 S:0122 D:0000 DB:86 nvMxdizc V:259 H:188 F:31
						84931C B4 08       LDY $08,X     [000E70] A:0000 X:0E68 Y:1E84 S:0122 D:0000 DB:86 nvMxdizc V:259 H:195 F:31
						84931E 84 12       STY $12       [000012] A:0000 X:0E68 Y:01AC S:0122 D:0000 DB:86 nvMxdizc V:259 H:204 F:31
						849320 95 2D       STA $2D,X     [000E95] A:0000 X:0E68 Y:01AC S:0122 D:0000 DB:86 nvMxdizc V:259 H:211 F:31
						849322 86 2C       STX $2C       [00002C] A:0000 X:0E68 Y:01AC S:0122 D:0000 DB:86 nvMxdizc V:259 H:217 F:31
						849324 29 3F       AND #$3F               A:0000 X:0E68 Y:01AC S:0122 D:0000 DB:86 nvMxdizc V:259 H:224 F:31
						849326 0A          ASL A                  A:0000 X:0E68 Y:01AC S:0122 D:0000 DB:86 nvMxdiZc V:259 H:227 F:31
						849327 EB          XBA                    A:0000 X:0E68 Y:01AC S:0122 D:0000 DB:86 nvMxdiZc V:259 H:230 F:31
						849328 A9 00       LDA #$00               A:0000 X:0E68 Y:01AC S:0122 D:0000 DB:86 nvMxdiZc V:259 H:235 F:31
						84932A EB          XBA                    A:0000 X:0E68 Y:01AC S:0122 D:0000 DB:86 nvMxdiZc V:259 H:238 F:31
						84932B AA          TAX                    A:0000 X:0E68 Y:01AC S:0122 D:0000 DB:86 nvMxdiZc V:259 H:242 F:31
						84932C FC 5D 93    JSR ($935D,X) [84935D] A:0000 X:0000 Y:01AC S:0122 D:0000 DB:86 nvMxdiZc V:259 H:245 F:31

							84977A A9 00       LDA #$00               A:0000 X:0000 Y:01AC S:0120 D:0000 DB:86 nvMxdiZc V:259 H:258 F:31
							84977C 60          RTS                    A:0000 X:0000 Y:01AC S:0120 D:0000 DB:86 nvMxdiZc V:259 H:261 F:31

						84932F 08          PHP                    A:0000 X:0000 Y:01AC S:0122 D:0000 DB:86 nvMxdiZc V:259 H:271 F:31
						849330 A6 2C       LDX $2C       [00002C] A:0000 X:0000 Y:01AC S:0121 D:0000 DB:86 nvMxdiZc V:259 H:276 F:31
						849332 A9 01       LDA #$01               A:0000 X:0E68 Y:01AC S:0121 D:0000 DB:86 nvMxdizc V:259 H:283 F:31
						849334 34 29       BIT $29,X     [000E91] A:0001 X:0E68 Y:01AC S:0121 D:0000 DB:86 nvMxdizc V:259 H:286 F:31
						849336 10 02       BPL $0002     [84933A] A:0001 X:0E68 Y:01AC S:0121 D:0000 DB:86 NVMxdiZc V:259 H:293 F:31
						849338 A9 02       LDA #$02               A:0001 X:0E68 Y:01AC S:0121 D:0000 DB:86 NVMxdiZc V:259 H:296 F:31
						84933A 28          PLP                    A:0002 X:0E68 Y:01AC S:0121 D:0000 DB:86 nVMxdizc V:259 H:299 F:31
						84933B F0 0C       BEQ $000C     [849349] A:0002 X:0E68 Y:01AC S:0122 D:0000 DB:86 nvMxdiZc V:259 H:305 F:31
						849349 49 FF       EOR #$FF               A:0002 X:0E68 Y:01AC S:0122 D:0000 DB:86 nvMxdiZc V:259 H:310 F:31
						84934B 35 2B       AND $2B,X     [000E93] A:00FD X:0E68 Y:01AC S:0122 D:0000 DB:86 NvMxdizc V:259 H:313 F:31
						84934D 95 2B       STA $2B,X     [000E93] A:0000 X:0E68 Y:01AC S:0122 D:0000 DB:86 nvMxdiZc V:259 H:319 F:31
						84934F 20 08 93    JSR $9308     [849308] A:0000 X:0E68 Y:01AC S:0122 D:0000 DB:86 nvMxdiZc V:259 H:325 F:31

							849308 A5 14       LDA $14       [000014] A:0000 X:0E68 Y:01AC S:0120 D:0000 DB:86 nvMxdiZc V:259 H:335 F:31
							84930A F0 08       BEQ $0008     [849314] A:0000 X:0E68 Y:01AC S:0120 D:0000 DB:86 nvMxdiZc V:260 H:  0 F:31
							849314 60          RTS                    A:0000 X:0E68 Y:01AC S:0120 D:0000 DB:86 nvMxdiZc V:260 H:  4 F:31

						849352 A9 00       LDA #$00               A:0000 X:0E68 Y:01AC S:0122 D:0000 DB:86 nvMxdiZc V:260 H: 14 F:31
						849354 60          RTS                    A:0000 X:0E68 Y:01AC S:0122 D:0000 DB:86 nvMxdiZc V:260 H: 17 F:31

					8492DD D0 26       BNE $0026     [849305] A:0000 X:0E68 Y:01AC S:0124 D:0000 DB:86 nvMxdiZc V:260 H: 27 F:31
					8492DF B4 20       LDY $20,X     [000E88] A:0000 X:0E68 Y:01AC S:0124 D:0000 DB:86 nvMxdiZc V:260 H: 30 F:31
					8492E1 B9 06 00    LDA $0006,Y   [86C433] A:0000 X:0E68 Y:C42D S:0124 D:0000 DB:86 NvMxdizc V:260 H: 39 F:31
					8492E4 38          SEC                    A:0002 X:0E68 Y:C42D S:0124 D:0000 DB:86 nvMxdizc V:260 H: 46 F:31
					8492E5 F9 08 00    SBC $0008,Y   [86C435] A:0002 X:0E68 Y:C42D S:0124 D:0000 DB:86 nvMxdizC V:260 H: 49 F:31
					8492E8 18          CLC                    A:00F1 X:0E68 Y:C42D S:0124 D:0000 DB:86 NvMxdizc V:260 H: 57 F:31
					8492E9 79 09 00    ADC $0009,Y   [86C436] A:00F1 X:0E68 Y:C42D S:0124 D:0000 DB:86 NvMxdizc V:260 H: 60 F:31
					8492EC 95 2A       STA $2A,X     [000E92] A:00F6 X:0E68 Y:C42D S:0124 D:0000 DB:86 NvMxdizc V:260 H: 67 F:31
					8492EE 20 15 93    JSR $9315     [849315] A:00F6 X:0E68 Y:C42D S:0124 D:0000 DB:86 NvMxdizc V:260 H: 74 F:31

						849315 20 B3 90    JSR $90B3     [8490B3] A:00F6 X:0E68 Y:C42D S:0122 D:0000 DB:86 NvMxdizc V:260 H: 84 F:31

							8490B3 0B          PHD                    A:00F6 X:0E68 Y:C42D S:0120 D:0000 DB:86 NvMxdizc V:260 H: 94 F:31
							8490B4 DA          PHX                    A:00F6 X:0E68 Y:C42D S:011E D:0000 DB:86 NvMxdizc V:260 H:101 F:31
							8490B5 08          PHP                    A:00F6 X:0E68 Y:C42D S:011C D:0000 DB:86 NvMxdizc V:260 H:108 F:31
							8490B6 E2 20       SEP #$20               A:00F6 X:0E68 Y:C42D S:011B D:0000 DB:86 NvMxdizc V:260 H:113 F:31
							8490B8 C2 10       REP #$10               A:00F6 X:0E68 Y:C42D S:011B D:0000 DB:86 NvMxdizc V:260 H:117 F:31
							8490BA 64 01       STZ $01       [000001] A:00F6 X:0E68 Y:C42D S:011B D:0000 DB:86 NvMxdizc V:260 H:122 F:31
							8490BC B5 29       LDA $29,X     [000E91] A:00F6 X:0E68 Y:C42D S:011B D:0000 DB:86 NvMxdizc V:260 H:127 F:31
							8490BE 10 02       BPL $0002     [8490C2] A:00F2 X:0E68 Y:C42D S:011B D:0000 DB:86 NvMxdizc V:260 H:133 F:31
							8490C0 C6 01       DEC $01       [000001] A:00F2 X:0E68 Y:C42D S:011B D:0000 DB:86 NvMxdizc V:260 H:146 F:31
							8490C2 18          CLC                    A:00F2 X:0E68 Y:C42D S:011B D:0000 DB:86 NvMxdizc V:260 H:155 F:31
							8490C3 75 05       ADC $05,X     [000E6D] A:00F2 X:0E68 Y:C42D S:011B D:0000 DB:86 NvMxdizc V:260 H:158 F:31
							8490C5 85 00       STA $00       [000000] A:0076 X:0E68 Y:C42D S:011B D:0000 DB:86 nVMxdizC V:260 H:164 F:31
							8490C7 B5 06       LDA $06,X     [000E6E] A:0076 X:0E68 Y:C42D S:011B D:0000 DB:86 nVMxdizC V:260 H:169 F:31
							8490C9 65 01       ADC $01       [000001] A:001E X:0E68 Y:C42D S:011B D:0000 DB:86 nVMxdizC V:260 H:176 F:31
							8490CB 85 01       STA $01       [000001] A:001E X:0E68 Y:C42D S:011B D:0000 DB:86 nvMxdizC V:260 H:181 F:31
							8490CD 64 03       STZ $03       [000003] A:001E X:0E68 Y:C42D S:011B D:0000 DB:86 nvMxdizC V:260 H:186 F:31
							8490CF B5 2A       LDA $2A,X     [000E92] A:001E X:0E68 Y:C42D S:011B D:0000 DB:86 nvMxdizC V:260 H:191 F:31
							8490D1 10 02       BPL $0002     [8490D5] A:00F6 X:0E68 Y:C42D S:011B D:0000 DB:86 NvMxdizC V:260 H:197 F:31
							8490D3 C6 03       DEC $03       [000003] A:00F6 X:0E68 Y:C42D S:011B D:0000 DB:86 NvMxdizC V:260 H:200 F:31
							8490D5 18          CLC                    A:00F6 X:0E68 Y:C42D S:011B D:0000 DB:86 NvMxdizC V:260 H:209 F:31
							8490D6 75 08       ADC $08,X     [000E70] A:00F6 X:0E68 Y:C42D S:011B D:0000 DB:86 NvMxdizc V:260 H:212 F:31
							8490D8 85 02       STA $02       [000002] A:00A2 X:0E68 Y:C42D S:011B D:0000 DB:86 NvMxdizC V:260 H:218 F:31
							8490DA 29 F0       AND #$F0               A:00A2 X:0E68 Y:C42D S:011B D:0000 DB:86 NvMxdizC V:260 H:223 F:31
							8490DC 85 0A       STA $0A       [00000A] A:00A0 X:0E68 Y:C42D S:011B D:0000 DB:86 NvMxdizC V:260 H:226 F:31
							8490DE B5 09       LDA $09,X     [000E71] A:00A0 X:0E68 Y:C42D S:011B D:0000 DB:86 NvMxdizC V:260 H:231 F:31
							8490E0 65 03       ADC $03       [000003] A:0001 X:0E68 Y:C42D S:011B D:0000 DB:86 nvMxdizC V:260 H:238 F:31
							8490E2 85 03       STA $03       [000003] A:0001 X:0E68 Y:C42D S:011B D:0000 DB:86 nvMxdizC V:260 H:243 F:31
							8490E4 85 0B       STA $0B       [00000B] A:0001 X:0E68 Y:C42D S:011B D:0000 DB:86 nvMxdizC V:260 H:248 F:31
							8490E6 A5 00       LDA $00       [000000] A:0001 X:0E68 Y:C42D S:011B D:0000 DB:86 nvMxdizC V:260 H:253 F:31
							8490E8 29 0F       AND #$0F               A:0076 X:0E68 Y:C42D S:011B D:0000 DB:86 nvMxdizC V:260 H:258 F:31
							8490EA 1A          INC                    A:0006 X:0E68 Y:C42D S:011B D:0000 DB:86 nvMxdizC V:260 H:261 F:31
							8490EB 85 0C       STA $0C       [00000C] A:0007 X:0E68 Y:C42D S:011B D:0000 DB:86 nvMxdizC V:260 H:264 F:31
							8490ED A5 02       LDA $02       [000002] A:0007 X:0E68 Y:C42D S:011B D:0000 DB:86 nvMxdizC V:260 H:269 F:31
							8490EF 29 0F       AND #$0F               A:00A2 X:0E68 Y:C42D S:011B D:0000 DB:86 NvMxdizC V:260 H:274 F:31
							8490F1 1A          INC                    A:0002 X:0E68 Y:C42D S:011B D:0000 DB:86 nvMxdizC V:260 H:277 F:31
							8490F2 85 0E       STA $0E       [00000E] A:0003 X:0E68 Y:C42D S:011B D:0000 DB:86 nvMxdizC V:260 H:280 F:31
							8490F4 C2 20       REP #$20               A:0003 X:0E68 Y:C42D S:011B D:0000 DB:86 nvMxdizC V:260 H:285 F:31
							8490F6 20 6A 91    JSR $916A     [84916A] A:0003 X:0E68 Y:C42D S:011B D:0000 DB:86 nvmxdizC V:260 H:289 F:31

								84916A A9 00 E8    LDA #$E800             A:0003 X:0E68 Y:C42D S:0119 D:0000 DB:86 nvmxdizC V:260 H:299 F:31
								84916D 85 10       STA $10       [000010] A:E800 X:0E68 Y:C42D S:0119 D:0000 DB:86 NvmxdizC V:260 H:304 F:31
								84916F A9 7E 00    LDA #$007E             A:E800 X:0E68 Y:C42D S:0119 D:0000 DB:86 NvmxdizC V:260 H:311 F:31
								849172 85 12       STA $12       [000012] A:007E X:0E68 Y:C42D S:0119 D:0000 DB:86 nvmxdizC V:260 H:315 F:31
								849174 A5 02       LDA $02       [000002] A:007E X:0E68 Y:C42D S:0119 D:0000 DB:86 nvmxdizC V:260 H:322 F:31
								849176 29 F0 00    AND #$00F0             A:01A2 X:0E68 Y:C42D S:0119 D:0000 DB:86 nvmxdizC V:260 H:328 F:31
								849179 0A          ASL A                  A:00A0 X:0E68 Y:C42D S:0119 D:0000 DB:86 nvmxdizC V:260 H:333 F:31
								84917A 85 04       STA $04       [000004] A:0140 X:0E68 Y:C42D S:0119 D:0000 DB:86 nvmxdizc V:260 H:336 F:31
								84917C A5 00       LDA $00       [000000] A:0140 X:0E68 Y:C42D S:0119 D:0000 DB:86 nvmxdizc V:261 H:  3 F:31
								84917E 29 FF 00    AND #$00FF             A:1E76 X:0E68 Y:C42D S:0119 D:0000 DB:86 nvmxdizc V:261 H: 10 F:31
								849181 4A          LSR A                  A:0076 X:0E68 Y:C42D S:0119 D:0000 DB:86 nvmxdizc V:261 H: 14 F:31
								849182 4A          LSR A                  A:003B X:0E68 Y:C42D S:0119 D:0000 DB:86 nvmxdizc V:261 H: 17 F:31
								849183 4A          LSR A                  A:001D X:0E68 Y:C42D S:0119 D:0000 DB:86 nvmxdizC V:261 H: 20 F:31
								849184 29 FE FF    AND #$FFFE             A:000E X:0E68 Y:C42D S:0119 D:0000 DB:86 nvmxdizC V:261 H: 23 F:31
								849187 18          CLC                    A:000E X:0E68 Y:C42D S:0119 D:0000 DB:86 nvmxdizC V:261 H: 28 F:31
								849188 65 04       ADC $04       [000004] A:000E X:0E68 Y:C42D S:0119 D:0000 DB:86 nvmxdizc V:261 H: 31 F:31
								84918A 85 06       STA $06       [000006] A:014E X:0E68 Y:C42D S:0119 D:0000 DB:86 nvmxdizc V:261 H: 38 F:31
								84918C A5 00       LDA $00       [000000] A:014E X:0E68 Y:C42D S:0119 D:0000 DB:86 nvmxdizc V:261 H: 45 F:31
								84918E EB          XBA                    A:1E76 X:0E68 Y:C42D S:0119 D:0000 DB:86 nvmxdizc V:261 H: 52 F:31
								84918F 29 1F 00    AND #$001F             A:761E X:0E68 Y:C42D S:0119 D:0000 DB:86 nvmxdizc V:261 H: 56 F:31
								849192 85 04       STA $04       [000004] A:001E X:0E68 Y:C42D S:0119 D:0000 DB:86 nvmxdizc V:261 H: 61 F:31
								849194 A5 02       LDA $02       [000002] A:001E X:0E68 Y:C42D S:0119 D:0000 DB:86 nvmxdizc V:261 H: 68 F:31
								849196 29 00 1F    AND #$1F00             A:01A2 X:0E68 Y:C42D S:0119 D:0000 DB:86 nvmxdizc V:261 H: 75 F:31
								849199 4A          LSR A                  A:0100 X:0E68 Y:C42D S:0119 D:0000 DB:86 nvmxdizc V:261 H: 79 F:31
								84919A 4A          LSR A                  A:0080 X:0E68 Y:C42D S:0119 D:0000 DB:86 nvmxdizc V:261 H: 82 F:31
								84919B 4A          LSR A                  A:0040 X:0E68 Y:C42D S:0119 D:0000 DB:86 nvmxdizc V:261 H: 85 F:31
								84919C 18          CLC                    A:0020 X:0E68 Y:C42D S:0119 D:0000 DB:86 nvmxdizc V:261 H: 88 F:31
								84919D 65 04       ADC $04       [000004] A:0020 X:0E68 Y:C42D S:0119 D:0000 DB:86 nvmxdizc V:261 H: 91 F:31
								84919F A8          TAY                    A:003E X:0E68 Y:C42D S:0119 D:0000 DB:86 nvmxdizc V:261 H: 98 F:31
								8491A0 B7 10       LDA [$10],Y   [7EE83E] A:003E X:0E68 Y:003E S:0119 D:0000 DB:86 nvmxdizc V:261 H:101 F:31
								8491A2 29 FF 00    AND #$00FF             A:0005 X:0E68 Y:003E S:0119 D:0000 DB:86 nvmxdizc V:261 H:114 F:31
								8491A5 A8          TAY                    A:0005 X:0E68 Y:003E S:0119 D:0000 DB:86 nvmxdizc V:261 H:119 F:31
								8491A6 EB          XBA                    A:0005 X:0E68 Y:0005 S:0119 D:0000 DB:86 nvmxdizc V:261 H:122 F:31
								8491A7 0A          ASL A                  A:0500 X:0E68 Y:0005 S:0119 D:0000 DB:86 nvmxdiZc V:261 H:126 F:31
								8491A8 18          CLC                    A:0A00 X:0E68 Y:0005 S:0119 D:0000 DB:86 nvmxdizc V:261 H:129 F:31
								8491A9 65 06       ADC $06       [000006] A:0A00 X:0E68 Y:0005 S:0119 D:0000 DB:86 nvmxdizc V:261 H:132 F:31
								8491AB AA          TAX                    A:0B4E X:0E68 Y:0005 S:0119 D:0000 DB:86 nvmxdizc V:261 H:149 F:31
								8491AC 60          RTS                    A:0B4E X:0B4E Y:0005 S:0119 D:0000 DB:86 nvmxdizc V:261 H:152 F:31

							8490F9 BF 00 20 7E LDA $7E2000,X [7E2B4E] A:0B4E X:0B4E Y:0005 S:011B D:0000 DB:86 nvmxdizc V:261 H:162 F:31
							8490FD A8          TAY                    A:02BF X:0B4E Y:0005 S:011B D:0000 DB:86 nvmxdizc V:261 H:172 F:31
							8490FE AD 92 0B    LDA $0B92     [860B92] A:02BF X:0B4E Y:02BF S:011B D:0000 DB:86 nvmxdizc V:261 H:175 F:31
							849101 85 10       STA $10       [000010] A:EDC3 X:0B4E Y:02BF S:011B D:0000 DB:86 Nvmxdizc V:261 H:184 F:31
							849103 AD 94 0B    LDA $0B94     [860B94] A:EDC3 X:0B4E Y:02BF S:011B D:0000 DB:86 Nvmxdizc V:261 H:191 F:31
							849106 85 12       STA $12       [000012] A:E095 X:0B4E Y:02BF S:011B D:0000 DB:86 Nvmxdizc V:261 H:199 F:31
							849108 B7 10       LDA [$10],Y   [95F082] A:E095 X:0B4E Y:02BF S:011B D:0000 DB:86 Nvmxdizc V:261 H:206 F:31
							84910A 29 FF 00    AND #$00FF             A:0000 X:0B4E Y:02BF S:011B D:0000 DB:86 nvmxdiZc V:261 H:218 F:31
							84910D 28          PLP                    A:0000 X:0B4E Y:02BF S:011B D:0000 DB:86 nvmxdiZc V:261 H:223 F:31
							84910E FA          PLX                    A:0000 X:0B4E Y:02BF S:011C D:0000 DB:86 NvMxdizc V:261 H:229 F:31
							84910F 2B          PLD                    A:0000 X:0E68 Y:02BF S:011E D:0000 DB:86 nvMxdizc V:261 H:238 F:31
							849110 60          RTS                    A:0000 X:0E68 Y:02BF S:0120 D:0000 DB:86 nvMxdiZc V:261 H:246 F:31

						849318 B4 05       LDY $05,X     [000E6D] A:0000 X:0E68 Y:02BF S:0122 D:0000 DB:86 nvMxdiZc V:261 H:256 F:31
						84931A 84 10       STY $10       [000010] A:0000 X:0E68 Y:1E84 S:0122 D:0000 DB:86 nvMxdizc V:261 H:265 F:31
						84931C B4 08       LDY $08,X     [000E70] A:0000 X:0E68 Y:1E84 S:0122 D:0000 DB:86 nvMxdizc V:261 H:272 F:31
						84931E 84 12       STY $12       [000012] A:0000 X:0E68 Y:01AC S:0122 D:0000 DB:86 nvMxdizc V:261 H:280 F:31
						849320 95 2D       STA $2D,X     [000E95] A:0000 X:0E68 Y:01AC S:0122 D:0000 DB:86 nvMxdizc V:261 H:287 F:31
						849322 86 2C       STX $2C       [00002C] A:0000 X:0E68 Y:01AC S:0122 D:0000 DB:86 nvMxdizc V:261 H:294 F:31
						849324 29 3F       AND #$3F               A:0000 X:0E68 Y:01AC S:0122 D:0000 DB:86 nvMxdizc V:261 H:301 F:31
						849326 0A          ASL A                  A:0000 X:0E68 Y:01AC S:0122 D:0000 DB:86 nvMxdiZc V:261 H:304 F:31
						849327 EB          XBA                    A:0000 X:0E68 Y:01AC S:0122 D:0000 DB:86 nvMxdiZc V:261 H:307 F:31
						849328 A9 00       LDA #$00               A:0000 X:0E68 Y:01AC S:0122 D:0000 DB:86 nvMxdiZc V:261 H:311 F:31
						84932A EB          XBA                    A:0000 X:0E68 Y:01AC S:0122 D:0000 DB:86 nvMxdiZc V:261 H:314 F:31
						84932B AA          TAX                    A:0000 X:0E68 Y:01AC S:0122 D:0000 DB:86 nvMxdiZc V:261 H:319 F:31
						84932C FC 5D 93    JSR ($935D,X) [84935D] A:0000 X:0000 Y:01AC S:0122 D:0000 DB:86 nvMxdiZc V:261 H:322 F:31

							84977A A9 00       LDA #$00               A:0000 X:0000 Y:01AC S:0120 D:0000 DB:86 nvMxdiZc V:261 H:334 F:31
							84977C 60          RTS                    A:0000 X:0000 Y:01AC S:0120 D:0000 DB:86 nvMxdiZc V:261 H:337 F:31

						84932F 08          PHP                    A:0000 X:0000 Y:01AC S:0122 D:0000 DB:86 nvMxdiZc V:  0 H:  7 F:32
						849330 A6 2C       LDX $2C       [00002C] A:0000 X:0000 Y:01AC S:0121 D:0000 DB:86 nvMxdiZc V:  0 H: 12 F:32
						849332 A9 01       LDA #$01               A:0000 X:0E68 Y:01AC S:0121 D:0000 DB:86 nvMxdizc V:  0 H: 19 F:32
						849334 34 29       BIT $29,X     [000E91] A:0001 X:0E68 Y:01AC S:0121 D:0000 DB:86 nvMxdizc V:  0 H: 22 F:32
						849336 10 02       BPL $0002     [84933A] A:0001 X:0E68 Y:01AC S:0121 D:0000 DB:86 NVMxdiZc V:  0 H: 28 F:32
						849338 A9 02       LDA #$02               A:0001 X:0E68 Y:01AC S:0121 D:0000 DB:86 NVMxdiZc V:  0 H: 31 F:32
						84933A 28          PLP                    A:0002 X:0E68 Y:01AC S:0121 D:0000 DB:86 nVMxdizc V:  0 H: 34 F:32
						84933B F0 0C       BEQ $000C     [849349] A:0002 X:0E68 Y:01AC S:0122 D:0000 DB:86 nvMxdiZc V:  0 H: 41 F:32
						849349 49 FF       EOR #$FF               A:0002 X:0E68 Y:01AC S:0122 D:0000 DB:86 nvMxdiZc V:  0 H: 45 F:32
						84934B 35 2B       AND $2B,X     [000E93] A:00FD X:0E68 Y:01AC S:0122 D:0000 DB:86 NvMxdizc V:  0 H: 48 F:32
						84934D 95 2B       STA $2B,X     [000E93] A:0000 X:0E68 Y:01AC S:0122 D:0000 DB:86 nvMxdiZc V:  0 H: 55 F:32
						84934F 20 08 93    JSR $9308     [849308] A:0000 X:0E68 Y:01AC S:0122 D:0000 DB:86 nvMxdiZc V:  0 H: 61 F:32

							849308 A5 14       LDA $14       [000014] A:0000 X:0E68 Y:01AC S:0120 D:0000 DB:86 nvMxdiZc V:  0 H: 71 F:32
							84930A F0 08       BEQ $0008     [849314] A:0000 X:0E68 Y:01AC S:0120 D:0000 DB:86 nvMxdiZc V:  0 H: 76 F:32
							849314 60          RTS                    A:0000 X:0E68 Y:01AC S:0120 D:0000 DB:86 nvMxdiZc V:  0 H: 81 F:32

						849352 A9 00       LDA #$00               A:0000 X:0E68 Y:01AC S:0122 D:0000 DB:86 nvMxdiZc V:  0 H: 91 F:32
						849354 60          RTS                    A:0000 X:0E68 Y:01AC S:0122 D:0000 DB:86 nvMxdiZc V:  0 H: 94 F:32

					8492F1 D0 12       BNE $0012     [849305] A:0000 X:0E68 Y:01AC S:0124 D:0000 DB:86 nvMxdiZc V:  0 H:104 F:32
					8492F3 B4 20       LDY $20,X     [000E88] A:0000 X:0E68 Y:01AC S:0124 D:0000 DB:86 nvMxdiZc V:  0 H:107 F:32
					8492F5 B9 06 00    LDA $0006,Y   [86C433] A:0000 X:0E68 Y:C42D S:0124 D:0000 DB:86 NvMxdizc V:  0 H:115 F:32
					8492F8 18          CLC                    A:0002 X:0E68 Y:C42D S:0124 D:0000 DB:86 nvMxdizc V:  0 H:123 F:32
					8492F9 79 08 00    ADC $0008,Y   [86C435] A:0002 X:0E68 Y:C42D S:0124 D:0000 DB:86 nvMxdizc V:  0 H:126 F:32
					8492FC 38          SEC                    A:0013 X:0E68 Y:C42D S:0124 D:0000 DB:86 nvMxdizc V:  0 H:133 F:32
					8492FD F9 09 00    SBC $0009,Y   [86C436] A:0013 X:0E68 Y:C42D S:0124 D:0000 DB:86 nvMxdizC V:  0 H:146 F:32
					849300 95 2A       STA $2A,X     [000E92] A:000E X:0E68 Y:C42D S:0124 D:0000 DB:86 nvMxdizC V:  0 H:154 F:32
					849302 20 15 93    JSR $9315     [849315] A:000E X:0E68 Y:C42D S:0124 D:0000 DB:86 nvMxdizC V:  0 H:160 F:32

						849315 20 B3 90    JSR $90B3     [8490B3] A:000E X:0E68 Y:C42D S:0122 D:0000 DB:86 nvMxdizC V:  0 H:170 F:32

							8490B3 0B          PHD                    A:000E X:0E68 Y:C42D S:0120 D:0000 DB:86 nvMxdizC V:  0 H:180 F:32
							8490B4 DA          PHX                    A:000E X:0E68 Y:C42D S:011E D:0000 DB:86 nvMxdizC V:  0 H:187 F:32
							8490B5 08          PHP                    A:000E X:0E68 Y:C42D S:011C D:0000 DB:86 nvMxdizC V:  0 H:194 F:32
							8490B6 E2 20       SEP #$20               A:000E X:0E68 Y:C42D S:011B D:0000 DB:86 nvMxdizC V:  0 H:199 F:32
							8490B8 C2 10       REP #$10               A:000E X:0E68 Y:C42D S:011B D:0000 DB:86 nvMxdizC V:  0 H:204 F:32
							8490BA 64 01       STZ $01       [000001] A:000E X:0E68 Y:C42D S:011B D:0000 DB:86 nvMxdizC V:  0 H:208 F:32
							8490BC B5 29       LDA $29,X     [000E91] A:000E X:0E68 Y:C42D S:011B D:0000 DB:86 nvMxdizC V:  0 H:213 F:32
							8490BE 10 02       BPL $0002     [8490C2] A:00F2 X:0E68 Y:C42D S:011B D:0000 DB:86 NvMxdizC V:  0 H:220 F:32
							8490C0 C6 01       DEC $01       [000001] A:00F2 X:0E68 Y:C42D S:011B D:0000 DB:86 NvMxdizC V:  0 H:223 F:32
							8490C2 18          CLC                    A:00F2 X:0E68 Y:C42D S:011B D:0000 DB:86 NvMxdizC V:  0 H:231 F:32
							8490C3 75 05       ADC $05,X     [000E6D] A:00F2 X:0E68 Y:C42D S:011B D:0000 DB:86 NvMxdizc V:  0 H:234 F:32
							8490C5 85 00       STA $00       [000000] A:0076 X:0E68 Y:C42D S:011B D:0000 DB:86 nVMxdizC V:  0 H:241 F:32
							8490C7 B5 06       LDA $06,X     [000E6E] A:0076 X:0E68 Y:C42D S:011B D:0000 DB:86 nVMxdizC V:  0 H:246 F:32
							8490C9 65 01       ADC $01       [000001] A:001E X:0E68 Y:C42D S:011B D:0000 DB:86 nVMxdizC V:  0 H:252 F:32
							8490CB 85 01       STA $01       [000001] A:001E X:0E68 Y:C42D S:011B D:0000 DB:86 nvMxdizC V:  0 H:257 F:32
							8490CD 64 03       STZ $03       [000003] A:001E X:0E68 Y:C42D S:011B D:0000 DB:86 nvMxdizC V:  0 H:262 F:32
							8490CF B5 2A       LDA $2A,X     [000E92] A:001E X:0E68 Y:C42D S:011B D:0000 DB:86 nvMxdizC V:  0 H:267 F:32
							8490D1 10 02       BPL $0002     [8490D5] A:000E X:0E68 Y:C42D S:011B D:0000 DB:86 nvMxdizC V:  0 H:274 F:32
							8490D5 18          CLC                    A:000E X:0E68 Y:C42D S:011B D:0000 DB:86 nvMxdizC V:  0 H:278 F:32
							8490D6 75 08       ADC $08,X     [000E70] A:000E X:0E68 Y:C42D S:011B D:0000 DB:86 nvMxdizc V:  0 H:281 F:32
							8490D8 85 02       STA $02       [000002] A:00BA X:0E68 Y:C42D S:011B D:0000 DB:86 NvMxdizc V:  0 H:288 F:32
							8490DA 29 F0       AND #$F0               A:00BA X:0E68 Y:C42D S:011B D:0000 DB:86 NvMxdizc V:  0 H:293 F:32
							8490DC 85 0A       STA $0A       [00000A] A:00B0 X:0E68 Y:C42D S:011B D:0000 DB:86 NvMxdizc V:  0 H:296 F:32
							8490DE B5 09       LDA $09,X     [000E71] A:00B0 X:0E68 Y:C42D S:011B D:0000 DB:86 NvMxdizc V:  0 H:301 F:32
							8490E0 65 03       ADC $03       [000003] A:0001 X:0E68 Y:C42D S:011B D:0000 DB:86 nvMxdizc V:  0 H:307 F:32
							8490E2 85 03       STA $03       [000003] A:0001 X:0E68 Y:C42D S:011B D:0000 DB:86 nvMxdizc V:  0 H:312 F:32
							8490E4 85 0B       STA $0B       [00000B] A:0001 X:0E68 Y:C42D S:011B D:0000 DB:86 nvMxdizc V:  0 H:317 F:32
							8490E6 A5 00       LDA $00       [000000] A:0001 X:0E68 Y:C42D S:011B D:0000 DB:86 nvMxdizc V:  0 H:322 F:32
							8490E8 29 0F       AND #$0F               A:0076 X:0E68 Y:C42D S:011B D:0000 DB:86 nvMxdizc V:  0 H:327 F:32
							8490EA 1A          INC                    A:0006 X:0E68 Y:C42D S:011B D:0000 DB:86 nvMxdizc V:  0 H:329 F:32
							8490EB 85 0C       STA $0C       [00000C] A:0007 X:0E68 Y:C42D S:011B D:0000 DB:86 nvMxdizc V:  0 H:332 F:32
							8490ED A5 02       LDA $02       [000002] A:0007 X:0E68 Y:C42D S:011B D:0000 DB:86 nvMxdizc V:  0 H:337 F:32
							8490EF 29 0F       AND #$0F               A:00BA X:0E68 Y:C42D S:011B D:0000 DB:86 NvMxdizc V:  1 H:  2 F:32
							8490F1 1A          INC                    A:000A X:0E68 Y:C42D S:011B D:0000 DB:86 nvMxdizc V:  1 H:  5 F:32
							8490F2 85 0E       STA $0E       [00000E] A:000B X:0E68 Y:C42D S:011B D:0000 DB:86 nvMxdizc V:  1 H:  8 F:32
							8490F4 C2 20       REP #$20               A:000B X:0E68 Y:C42D S:011B D:0000 DB:86 nvMxdizc V:  1 H: 13 F:32
							8490F6 20 6A 91    JSR $916A     [84916A] A:000B X:0E68 Y:C42D S:011B D:0000 DB:86 nvmxdizc V:  1 H: 18 F:32

								84916A A9 00 E8    LDA #$E800             A:000B X:0E68 Y:C42D S:0119 D:0000 DB:86 nvmxdizc V:  1 H: 28 F:32
								84916D 85 10       STA $10       [000010] A:E800 X:0E68 Y:C42D S:0119 D:0000 DB:86 Nvmxdizc V:  1 H: 32 F:32
								84916F A9 7E 00    LDA #$007E             A:E800 X:0E68 Y:C42D S:0119 D:0000 DB:86 Nvmxdizc V:  1 H: 39 F:32
								849172 85 12       STA $12       [000012] A:007E X:0E68 Y:C42D S:0119 D:0000 DB:86 nvmxdizc V:  1 H: 44 F:32
								849174 A5 02       LDA $02       [000002] A:007E X:0E68 Y:C42D S:0119 D:0000 DB:86 nvmxdizc V:  1 H: 51 F:32
								849176 29 F0 00    AND #$00F0             A:01BA X:0E68 Y:C42D S:0119 D:0000 DB:86 nvmxdizc V:  1 H: 58 F:32
								849179 0A          ASL A                  A:00B0 X:0E68 Y:C42D S:0119 D:0000 DB:86 nvmxdizc V:  1 H: 62 F:32
								84917A 85 04       STA $04       [000004] A:0160 X:0E68 Y:C42D S:0119 D:0000 DB:86 nvmxdizc V:  1 H: 65 F:32
								84917C A5 00       LDA $00       [000000] A:0160 X:0E68 Y:C42D S:0119 D:0000 DB:86 nvmxdizc V:  1 H: 72 F:32
								84917E 29 FF 00    AND #$00FF             A:1E76 X:0E68 Y:C42D S:0119 D:0000 DB:86 nvmxdizc V:  1 H: 79 F:32
								849181 4A          LSR A                  A:0076 X:0E68 Y:C42D S:0119 D:0000 DB:86 nvmxdizc V:  1 H: 84 F:32
								849182 4A          LSR A                  A:003B X:0E68 Y:C42D S:0119 D:0000 DB:86 nvmxdizc V:  1 H: 87 F:32
								849183 4A          LSR A                  A:001D X:0E68 Y:C42D S:0119 D:0000 DB:86 nvmxdizC V:  1 H: 90 F:32
								849184 29 FE FF    AND #$FFFE             A:000E X:0E68 Y:C42D S:0119 D:0000 DB:86 nvmxdizC V:  1 H: 93 F:32
								849187 18          CLC                    A:000E X:0E68 Y:C42D S:0119 D:0000 DB:86 nvmxdizC V:  1 H: 97 F:32
								849188 65 04       ADC $04       [000004] A:000E X:0E68 Y:C42D S:0119 D:0000 DB:86 nvmxdizc V:  1 H:100 F:32
								84918A 85 06       STA $06       [000006] A:016E X:0E68 Y:C42D S:0119 D:0000 DB:86 nvmxdizc V:  1 H:107 F:32
								84918C A5 00       LDA $00       [000000] A:016E X:0E68 Y:C42D S:0119 D:0000 DB:86 nvmxdizc V:  1 H:114 F:32
								84918E EB          XBA                    A:1E76 X:0E68 Y:C42D S:0119 D:0000 DB:86 nvmxdizc V:  1 H:121 F:32
								84918F 29 1F 00    AND #$001F             A:761E X:0E68 Y:C42D S:0119 D:0000 DB:86 nvmxdizc V:  1 H:126 F:32
								849192 85 04       STA $04       [000004] A:001E X:0E68 Y:C42D S:0119 D:0000 DB:86 nvmxdizc V:  1 H:130 F:32
								849194 A5 02       LDA $02       [000002] A:001E X:0E68 Y:C42D S:0119 D:0000 DB:86 nvmxdizc V:  1 H:147 F:32
								849196 29 00 1F    AND #$1F00             A:01BA X:0E68 Y:C42D S:0119 D:0000 DB:86 nvmxdizc V:  1 H:154 F:32
								849199 4A          LSR A                  A:0100 X:0E68 Y:C42D S:0119 D:0000 DB:86 nvmxdizc V:  1 H:159 F:32
								84919A 4A          LSR A                  A:0080 X:0E68 Y:C42D S:0119 D:0000 DB:86 nvmxdizc V:  1 H:162 F:32
								84919B 4A          LSR A                  A:0040 X:0E68 Y:C42D S:0119 D:0000 DB:86 nvmxdizc V:  1 H:165 F:32
								84919C 18          CLC                    A:0020 X:0E68 Y:C42D S:0119 D:0000 DB:86 nvmxdizc V:  1 H:168 F:32
								84919D 65 04       ADC $04       [000004] A:0020 X:0E68 Y:C42D S:0119 D:0000 DB:86 nvmxdizc V:  1 H:171 F:32
								84919F A8          TAY                    A:003E X:0E68 Y:C42D S:0119 D:0000 DB:86 nvmxdizc V:  1 H:178 F:32
								8491A0 B7 10       LDA [$10],Y   [7EE83E] A:003E X:0E68 Y:003E S:0119 D:0000 DB:86 nvmxdizc V:  1 H:181 F:32
								8491A2 29 FF 00    AND #$00FF             A:0005 X:0E68 Y:003E S:0119 D:0000 DB:86 nvmxdizc V:  1 H:194 F:32
								8491A5 A8          TAY                    A:0005 X:0E68 Y:003E S:0119 D:0000 DB:86 nvmxdizc V:  1 H:198 F:32
								8491A6 EB          XBA                    A:0005 X:0E68 Y:0005 S:0119 D:0000 DB:86 nvmxdizc V:  1 H:201 F:32
								8491A7 0A          ASL A                  A:0500 X:0E68 Y:0005 S:0119 D:0000 DB:86 nvmxdiZc V:  1 H:206 F:32
								8491A8 18          CLC                    A:0A00 X:0E68 Y:0005 S:0119 D:0000 DB:86 nvmxdizc V:  1 H:209 F:32
								8491A9 65 06       ADC $06       [000006] A:0A00 X:0E68 Y:0005 S:0119 D:0000 DB:86 nvmxdizc V:  1 H:212 F:32
								8491AB AA          TAX                    A:0B6E X:0E68 Y:0005 S:0119 D:0000 DB:86 nvmxdizc V:  1 H:219 F:32
								8491AC 60          RTS                    A:0B6E X:0B6E Y:0005 S:0119 D:0000 DB:86 nvmxdizc V:  1 H:222 F:32

							8490F9 BF 00 20 7E LDA $7E2000,X [7E2B6E] A:0B6E X:0B6E Y:0005 S:011B D:0000 DB:86 nvmxdizc V:  1 H:232 F:32
							8490FD A8          TAY                    A:00C9 X:0B6E Y:0005 S:011B D:0000 DB:86 nvmxdizc V:  1 H:242 F:32
							8490FE AD 92 0B    LDA $0B92     [860B92] A:00C9 X:0B6E Y:00C9 S:011B D:0000 DB:86 nvmxdizc V:  1 H:245 F:32
							849101 85 10       STA $10       [000010] A:EDC3 X:0B6E Y:00C9 S:011B D:0000 DB:86 Nvmxdizc V:  1 H:253 F:32
							849103 AD 94 0B    LDA $0B94     [860B94] A:EDC3 X:0B6E Y:00C9 S:011B D:0000 DB:86 Nvmxdizc V:  1 H:260 F:32
							849106 85 12       STA $12       [000012] A:E095 X:0B6E Y:00C9 S:011B D:0000 DB:86 Nvmxdizc V:  1 H:269 F:32
							849108 B7 10       LDA [$10],Y   [95EE8C] A:E095 X:0B6E Y:00C9 S:011B D:0000 DB:86 Nvmxdizc V:  1 H:276 F:32
							84910A 29 FF 00    AND #$00FF             A:0000 X:0B6E Y:00C9 S:011B D:0000 DB:86 nvmxdiZc V:  1 H:288 F:32
							84910D 28          PLP                    A:0000 X:0B6E Y:00C9 S:011B D:0000 DB:86 nvmxdiZc V:  1 H:292 F:32
							84910E FA          PLX                    A:0000 X:0B6E Y:00C9 S:011C D:0000 DB:86 nvMxdizC V:  1 H:299 F:32
							84910F 2B          PLD                    A:0000 X:0E68 Y:00C9 S:011E D:0000 DB:86 nvMxdizC V:  1 H:307 F:32
							849110 60          RTS                    A:0000 X:0E68 Y:00C9 S:0120 D:0000 DB:86 nvMxdiZC V:  1 H:316 F:32

						849318 B4 05       LDY $05,X     [000E6D] A:0000 X:0E68 Y:00C9 S:0122 D:0000 DB:86 nvMxdiZC V:  1 H:325 F:32
						84931A 84 10       STY $10       [000010] A:0000 X:0E68 Y:1E84 S:0122 D:0000 DB:86 nvMxdizC V:  1 H:333 F:32
						84931C B4 08       LDY $08,X     [000E70] A:0000 X:0E68 Y:1E84 S:0122 D:0000 DB:86 nvMxdizC V:  2 H:  0 F:32
						84931E 84 12       STY $12       [000012] A:0000 X:0E68 Y:01AC S:0122 D:0000 DB:86 nvMxdizC V:  2 H:  9 F:32
						849320 95 2D       STA $2D,X     [000E95] A:0000 X:0E68 Y:01AC S:0122 D:0000 DB:86 nvMxdizC V:  2 H: 16 F:32
						849322 86 2C       STX $2C       [00002C] A:0000 X:0E68 Y:01AC S:0122 D:0000 DB:86 nvMxdizC V:  2 H: 22 F:32
						849324 29 3F       AND #$3F               A:0000 X:0E68 Y:01AC S:0122 D:0000 DB:86 nvMxdizC V:  2 H: 29 F:32
						849326 0A          ASL A                  A:0000 X:0E68 Y:01AC S:0122 D:0000 DB:86 nvMxdiZC V:  2 H: 32 F:32
						849327 EB          XBA                    A:0000 X:0E68 Y:01AC S:0122 D:0000 DB:86 nvMxdiZc V:  2 H: 35 F:32
						849328 A9 00       LDA #$00               A:0000 X:0E68 Y:01AC S:0122 D:0000 DB:86 nvMxdiZc V:  2 H: 40 F:32
						84932A EB          XBA                    A:0000 X:0E68 Y:01AC S:0122 D:0000 DB:86 nvMxdiZc V:  2 H: 43 F:32
						84932B AA          TAX                    A:0000 X:0E68 Y:01AC S:0122 D:0000 DB:86 nvMxdiZc V:  2 H: 47 F:32
						84932C FC 5D 93    JSR ($935D,X) [84935D] A:0000 X:0000 Y:01AC S:0122 D:0000 DB:86 nvMxdiZc V:  2 H: 50 F:32

							84977A A9 00       LDA #$00               A:0000 X:0000 Y:01AC S:0120 D:0000 DB:86 nvMxdiZc V:  2 H: 63 F:32
							84977C 60          RTS                    A:0000 X:0000 Y:01AC S:0120 D:0000 DB:86 nvMxdiZc V:  2 H: 66 F:32

						84932F 08          PHP                    A:0000 X:0000 Y:01AC S:0122 D:0000 DB:86 nvMxdiZc V:  2 H: 76 F:32
						849330 A6 2C       LDX $2C       [00002C] A:0000 X:0000 Y:01AC S:0121 D:0000 DB:86 nvMxdiZc V:  2 H: 81 F:32
						849332 A9 01       LDA #$01               A:0000 X:0E68 Y:01AC S:0121 D:0000 DB:86 nvMxdizc V:  2 H: 88 F:32
						849334 34 29       BIT $29,X     [000E91] A:0001 X:0E68 Y:01AC S:0121 D:0000 DB:86 nvMxdizc V:  2 H: 91 F:32
						849336 10 02       BPL $0002     [84933A] A:0001 X:0E68 Y:01AC S:0121 D:0000 DB:86 NVMxdiZc V:  2 H: 98 F:32
						849338 A9 02       LDA #$02               A:0001 X:0E68 Y:01AC S:0121 D:0000 DB:86 NVMxdiZc V:  2 H:101 F:32
						84933A 28          PLP                    A:0002 X:0E68 Y:01AC S:0121 D:0000 DB:86 nVMxdizc V:  2 H:104 F:32
						84933B F0 0C       BEQ $000C     [849349] A:0002 X:0E68 Y:01AC S:0122 D:0000 DB:86 nvMxdiZc V:  2 H:110 F:32
						849349 49 FF       EOR #$FF               A:0002 X:0E68 Y:01AC S:0122 D:0000 DB:86 nvMxdiZc V:  2 H:115 F:32
						84934B 35 2B       AND $2B,X     [000E93] A:00FD X:0E68 Y:01AC S:0122 D:0000 DB:86 NvMxdizc V:  2 H:118 F:32
						84934D 95 2B       STA $2B,X     [000E93] A:0000 X:0E68 Y:01AC S:0122 D:0000 DB:86 nvMxdiZc V:  2 H:124 F:32
						84934F 20 08 93    JSR $9308     [849308] A:0000 X:0E68 Y:01AC S:0122 D:0000 DB:86 nvMxdiZc V:  2 H:131 F:32

							849308 A5 14       LDA $14       [000014] A:0000 X:0E68 Y:01AC S:0120 D:0000 DB:86 nvMxdiZc V:  2 H:151 F:32
							84930A F0 08       BEQ $0008     [849314] A:0000 X:0E68 Y:01AC S:0120 D:0000 DB:86 nvMxdiZc V:  2 H:156 F:32
							849314 60          RTS                    A:0000 X:0E68 Y:01AC S:0120 D:0000 DB:86 nvMxdiZc V:  2 H:160 F:32

						849352 A9 00       LDA #$00               A:0000 X:0E68 Y:01AC S:0122 D:0000 DB:86 nvMxdiZc V:  2 H:170 F:32
						849354 60          RTS                    A:0000 X:0E68 Y:01AC S:0122 D:0000 DB:86 nvMxdiZc V:  2 H:173 F:32

					849305 C2 30       REP #$30               A:0000 X:0E68 Y:01AC S:0124 D:0000 DB:86 nvMxdiZc V:  2 H:183 F:32
					849307 60          RTS                    A:0000 X:0E68 Y:01AC S:0124 D:0000 DB:86 nvmxdiZc V:  2 H:188 F:32

				8491D8 20 ED 91    JSR $91ED     [8491ED] A:0000 X:0E68 Y:01AC S:0126 D:0000 DB:86 nvmxdiZc V:  2 H:198 F:32				JSR $8491ED --> Check colission with Y-Axis?

					8491ED B5 08       LDA $08,X     [000E70] A:0000 X:0E68 Y:01AC S:0124 D:0000 DB:86 nvmxdiZc V:  2 H:208 F:32			
					8491EF D5 24       CMP $24,X     [000E8C] A:01AC X:0E68 Y:01AC S:0124 D:0000 DB:86 nvmxdizc V:  2 H:216 F:32
					8491F1 F0 F2       BEQ $00F2     [8491E5] A:01AC X:0E68 Y:01AC S:0124 D:0000 DB:86 nvmxdiZC V:  2 H:225 F:32
					8491E5 B5 1C       LDA $1C,X     [000E84] A:01AC X:0E68 Y:01AC S:0124 D:0000 DB:86 nvmxdiZC V:  2 H:229 F:32
					8491E7 F0 F5       BEQ $00F5     [8491DE] A:0000 X:0E68 Y:01AC S:0124 D:0000 DB:86 nvmxdiZC V:  2 H:238 F:32
					8491DE A5 14       LDA $14       [000014] A:0000 X:0E68 Y:01AC S:0124 D:0000 DB:86 nvmxdiZC V:  2 H:242 F:32
					8491E0 F0 60       BEQ $0060     [849242] A:0000 X:0E68 Y:01AC S:0124 D:0000 DB:86 nvmxdiZC V:  2 H:249 F:32
					849242 E2 20       SEP #$20               A:0000 X:0E68 Y:01AC S:0124 D:0000 DB:86 nvmxdiZC V:  2 H:254 F:32
					849244 A0 04 00    LDY #$0004             A:0000 X:0E68 Y:01AC S:0124 D:0000 DB:86 nvMxdiZC V:  2 H:258 F:32
					849247 AD 1C 1F    LDA $1F1C     [861F1C] A:0000 X:0E68 Y:0004 S:0124 D:0000 DB:86 nvMxdizC V:  2 H:263 F:32
					84924A F0 03       BEQ $0003     [84924F] A:0000 X:0E68 Y:0004 S:0124 D:0000 DB:86 nvMxdiZC V:  2 H:269 F:32
					84924F B5 2F       LDA $2F,X     [000E97] A:0000 X:0E68 Y:0004 S:0124 D:0000 DB:86 nvMxdiZC V:  2 H:274 F:32
					849251 F0 03       BEQ $0003     [849256] A:0000 X:0E68 Y:0004 S:0124 D:0000 DB:86 nvMxdiZC V:  2 H:280 F:32
					849256 98          TYA                    A:0000 X:0E68 Y:0004 S:0124 D:0000 DB:86 nvMxdiZC V:  2 H:285 F:32
					849257 09 80       ORA #$80               A:0004 X:0E68 Y:0004 S:0124 D:0000 DB:86 nvMxdizC V:  2 H:288 F:32
					849259 85 08       STA $08       [000008] A:0084 X:0E68 Y:0004 S:0124 D:0000 DB:86 NvMxdizC V:  2 H:291 F:32
					84925B B4 20       LDY $20,X     [000E88] A:0084 X:0E68 Y:0004 S:0124 D:0000 DB:86 NvMxdizC V:  2 H:296 F:32
					84925D B9 06 00    LDA $0006,Y   [86C433] A:0084 X:0E68 Y:C42D S:0124 D:0000 DB:86 NvMxdizC V:  2 H:304 F:32
					849260 18          CLC                    A:0002 X:0E68 Y:C42D S:0124 D:0000 DB:86 nvMxdizC V:  2 H:312 F:32
					849261 79 08 00    ADC $0008,Y   [86C435] A:0002 X:0E68 Y:C42D S:0124 D:0000 DB:86 nvMxdizc V:  2 H:315 F:32
					849264 95 2A       STA $2A,X     [000E92] A:0013 X:0E68 Y:C42D S:0124 D:0000 DB:86 nvMxdizc V:  2 H:322 F:32
					849266 B9 05 00    LDA $0005,Y   [86C432] A:0013 X:0E68 Y:C42D S:0124 D:0000 DB:86 nvMxdizc V:  2 H:328 F:32
					849269 34 11       BIT $11,X     [000E79] A:0000 X:0E68 Y:C42D S:0124 D:0000 DB:86 nvMxdiZc V:  2 H:335 F:32
					84926B 50 03       BVC $0003     [849270] A:0000 X:0E68 Y:C42D S:0124 D:0000 DB:86 nvMxdiZc V:  3 H:  2 F:32
					849270 95 29       STA $29,X     [000E91] A:0000 X:0E68 Y:C42D S:0124 D:0000 DB:86 nvMxdiZc V:  3 H:  6 F:32
					849272 20 C4 95    JSR $95C4     [8495C4] A:0000 X:0E68 Y:C42D S:0124 D:0000 DB:86 nvMxdiZc V:  3 H: 13 F:32

						8495C4 B5 2A       LDA $2A,X     [000E92] A:0000 X:0E68 Y:C42D S:0122 D:0000 DB:86 nvMxdiZc V:  3 H: 23 F:32
						8495C6 48          PHA                    A:0013 X:0E68 Y:C42D S:0122 D:0000 DB:86 nvMxdizc V:  3 H: 29 F:32
						8495C7 A5 08       LDA $08       [000008] A:0013 X:0E68 Y:C42D S:0121 D:0000 DB:86 nvMxdizc V:  3 H: 34 F:32
						8495C9 29 7F       AND #$7F               A:0084 X:0E68 Y:C42D S:0121 D:0000 DB:86 NvMxdizc V:  3 H: 39 F:32
						8495CB 18          CLC                    A:0004 X:0E68 Y:C42D S:0121 D:0000 DB:86 nvMxdizc V:  3 H: 42 F:32
						8495CC 75 2A       ADC $2A,X     [000E92] A:0004 X:0E68 Y:C42D S:0121 D:0000 DB:86 nvMxdizc V:  3 H: 45 F:32
						8495CE 95 2A       STA $2A,X     [000E92] A:0017 X:0E68 Y:C42D S:0121 D:0000 DB:86 nvMxdizc V:  3 H: 52 F:32
						8495D0 20 B3 90    JSR $90B3     [8490B3] A:0017 X:0E68 Y:C42D S:0121 D:0000 DB:86 nvMxdizc V:  3 H: 58 F:32

							8490B3 0B          PHD                    A:0017 X:0E68 Y:C42D S:011F D:0000 DB:86 nvMxdizc V:  3 H: 68 F:32
							8490B4 DA          PHX                    A:0017 X:0E68 Y:C42D S:011D D:0000 DB:86 nvMxdizc V:  3 H: 75 F:32
							8490B5 08          PHP                    A:0017 X:0E68 Y:C42D S:011B D:0000 DB:86 nvMxdizc V:  3 H: 82 F:32
							8490B6 E2 20       SEP #$20               A:0017 X:0E68 Y:C42D S:011A D:0000 DB:86 nvMxdizc V:  3 H: 87 F:32
							8490B8 C2 10       REP #$10               A:0017 X:0E68 Y:C42D S:011A D:0000 DB:86 nvMxdizc V:  3 H: 92 F:32
							8490BA 64 01       STZ $01       [000001] A:0017 X:0E68 Y:C42D S:011A D:0000 DB:86 nvMxdizc V:  3 H: 96 F:32
							8490BC B5 29       LDA $29,X     [000E91] A:0017 X:0E68 Y:C42D S:011A D:0000 DB:86 nvMxdizc V:  3 H:101 F:32
							8490BE 10 02       BPL $0002     [8490C2] A:0000 X:0E68 Y:C42D S:011A D:0000 DB:86 nvMxdiZc V:  3 H:108 F:32
							8490C2 18          CLC                    A:0000 X:0E68 Y:C42D S:011A D:0000 DB:86 nvMxdiZc V:  3 H:112 F:32
							8490C3 75 05       ADC $05,X     [000E6D] A:0000 X:0E68 Y:C42D S:011A D:0000 DB:86 nvMxdiZc V:  3 H:115 F:32
							8490C5 85 00       STA $00       [000000] A:0084 X:0E68 Y:C42D S:011A D:0000 DB:86 NvMxdizc V:  3 H:122 F:32
							8490C7 B5 06       LDA $06,X     [000E6E] A:0084 X:0E68 Y:C42D S:011A D:0000 DB:86 NvMxdizc V:  3 H:127 F:32
							8490C9 65 01       ADC $01       [000001] A:001E X:0E68 Y:C42D S:011A D:0000 DB:86 nvMxdizc V:  3 H:143 F:32
							8490CB 85 01       STA $01       [000001] A:001E X:0E68 Y:C42D S:011A D:0000 DB:86 nvMxdizc V:  3 H:148 F:32
							8490CD 64 03       STZ $03       [000003] A:001E X:0E68 Y:C42D S:011A D:0000 DB:86 nvMxdizc V:  3 H:153 F:32
							8490CF B5 2A       LDA $2A,X     [000E92] A:001E X:0E68 Y:C42D S:011A D:0000 DB:86 nvMxdizc V:  3 H:158 F:32
							8490D1 10 02       BPL $0002     [8490D5] A:0017 X:0E68 Y:C42D S:011A D:0000 DB:86 nvMxdizc V:  3 H:165 F:32
							8490D5 18          CLC                    A:0017 X:0E68 Y:C42D S:011A D:0000 DB:86 nvMxdizc V:  3 H:169 F:32
							8490D6 75 08       ADC $08,X     [000E70] A:0017 X:0E68 Y:C42D S:011A D:0000 DB:86 nvMxdizc V:  3 H:172 F:32
							8490D8 85 02       STA $02       [000002] A:00C3 X:0E68 Y:C42D S:011A D:0000 DB:86 NvMxdizc V:  3 H:179 F:32
							8490DA 29 F0       AND #$F0               A:00C3 X:0E68 Y:C42D S:011A D:0000 DB:86 NvMxdizc V:  3 H:184 F:32
							8490DC 85 0A       STA $0A       [00000A] A:00C0 X:0E68 Y:C42D S:011A D:0000 DB:86 NvMxdizc V:  3 H:187 F:32
							8490DE B5 09       LDA $09,X     [000E71] A:00C0 X:0E68 Y:C42D S:011A D:0000 DB:86 NvMxdizc V:  3 H:192 F:32
							8490E0 65 03       ADC $03       [000003] A:0001 X:0E68 Y:C42D S:011A D:0000 DB:86 nvMxdizc V:  3 H:198 F:32
							8490E2 85 03       STA $03       [000003] A:0001 X:0E68 Y:C42D S:011A D:0000 DB:86 nvMxdizc V:  3 H:203 F:32
							8490E4 85 0B       STA $0B       [00000B] A:0001 X:0E68 Y:C42D S:011A D:0000 DB:86 nvMxdizc V:  3 H:208 F:32
							8490E6 A5 00       LDA $00       [000000] A:0001 X:0E68 Y:C42D S:011A D:0000 DB:86 nvMxdizc V:  3 H:213 F:32
							8490E8 29 0F       AND #$0F               A:0084 X:0E68 Y:C42D S:011A D:0000 DB:86 NvMxdizc V:  3 H:218 F:32
							8490EA 1A          INC                    A:0004 X:0E68 Y:C42D S:011A D:0000 DB:86 nvMxdizc V:  3 H:221 F:32
							8490EB 85 0C       STA $0C       [00000C] A:0005 X:0E68 Y:C42D S:011A D:0000 DB:86 nvMxdizc V:  3 H:224 F:32
							8490ED A5 02       LDA $02       [000002] A:0005 X:0E68 Y:C42D S:011A D:0000 DB:86 nvMxdizc V:  3 H:229 F:32
							8490EF 29 0F       AND #$0F               A:00C3 X:0E68 Y:C42D S:011A D:0000 DB:86 NvMxdizc V:  3 H:234 F:32
							8490F1 1A          INC                    A:0003 X:0E68 Y:C42D S:011A D:0000 DB:86 nvMxdizc V:  3 H:237 F:32
							8490F2 85 0E       STA $0E       [00000E] A:0004 X:0E68 Y:C42D S:011A D:0000 DB:86 nvMxdizc V:  3 H:240 F:32
							8490F4 C2 20       REP #$20               A:0004 X:0E68 Y:C42D S:011A D:0000 DB:86 nvMxdizc V:  3 H:245 F:32
							8490F6 20 6A 91    JSR $916A     [84916A] A:0004 X:0E68 Y:C42D S:011A D:0000 DB:86 nvmxdizc V:  3 H:250 F:32

								84916A A9 00 E8    LDA #$E800             A:0004 X:0E68 Y:C42D S:0118 D:0000 DB:86 nvmxdizc V:  3 H:260 F:32
								84916D 85 10       STA $10       [000010] A:E800 X:0E68 Y:C42D S:0118 D:0000 DB:86 Nvmxdizc V:  3 H:264 F:32
								84916F A9 7E 00    LDA #$007E             A:E800 X:0E68 Y:C42D S:0118 D:0000 DB:86 Nvmxdizc V:  3 H:271 F:32
								849172 85 12       STA $12       [000012] A:007E X:0E68 Y:C42D S:0118 D:0000 DB:86 nvmxdizc V:  3 H:276 F:32
								849174 A5 02       LDA $02       [000002] A:007E X:0E68 Y:C42D S:0118 D:0000 DB:86 nvmxdizc V:  3 H:283 F:32
								849176 29 F0 00    AND #$00F0             A:01C3 X:0E68 Y:C42D S:0118 D:0000 DB:86 nvmxdizc V:  3 H:290 F:32
								849179 0A          ASL A                  A:00C0 X:0E68 Y:C42D S:0118 D:0000 DB:86 nvmxdizc V:  3 H:294 F:32
								84917A 85 04       STA $04       [000004] A:0180 X:0E68 Y:C42D S:0118 D:0000 DB:86 nvmxdizc V:  3 H:297 F:32
								84917C A5 00       LDA $00       [000000] A:0180 X:0E68 Y:C42D S:0118 D:0000 DB:86 nvmxdizc V:  3 H:304 F:32
								84917E 29 FF 00    AND #$00FF             A:1E84 X:0E68 Y:C42D S:0118 D:0000 DB:86 nvmxdizc V:  3 H:311 F:32
								849181 4A          LSR A                  A:0084 X:0E68 Y:C42D S:0118 D:0000 DB:86 nvmxdizc V:  3 H:316 F:32
								849182 4A          LSR A                  A:0042 X:0E68 Y:C42D S:0118 D:0000 DB:86 nvmxdizc V:  3 H:319 F:32
								849183 4A          LSR A                  A:0021 X:0E68 Y:C42D S:0118 D:0000 DB:86 nvmxdizc V:  3 H:322 F:32
								849184 29 FE FF    AND #$FFFE             A:0010 X:0E68 Y:C42D S:0118 D:0000 DB:86 nvmxdizC V:  3 H:324 F:32
								849187 18          CLC                    A:0010 X:0E68 Y:C42D S:0118 D:0000 DB:86 nvmxdizC V:  3 H:328 F:32
								849188 65 04       ADC $04       [000004] A:0010 X:0E68 Y:C42D S:0118 D:0000 DB:86 nvmxdizc V:  3 H:331 F:32
								84918A 85 06       STA $06       [000006] A:0190 X:0E68 Y:C42D S:0118 D:0000 DB:86 nvmxdizc V:  3 H:338 F:32
								84918C A5 00       LDA $00       [000000] A:0190 X:0E68 Y:C42D S:0118 D:0000 DB:86 nvmxdizc V:  4 H:  5 F:32
								84918E EB          XBA                    A:1E84 X:0E68 Y:C42D S:0118 D:0000 DB:86 nvmxdizc V:  4 H: 12 F:32
								84918F 29 1F 00    AND #$001F             A:841E X:0E68 Y:C42D S:0118 D:0000 DB:86 nvmxdizc V:  4 H: 17 F:32
								849192 85 04       STA $04       [000004] A:001E X:0E68 Y:C42D S:0118 D:0000 DB:86 nvmxdizc V:  4 H: 21 F:32
								849194 A5 02       LDA $02       [000002] A:001E X:0E68 Y:C42D S:0118 D:0000 DB:86 nvmxdizc V:  4 H: 28 F:32
								849196 29 00 1F    AND #$1F00             A:01C3 X:0E68 Y:C42D S:0118 D:0000 DB:86 nvmxdizc V:  4 H: 35 F:32
								849199 4A          LSR A                  A:0100 X:0E68 Y:C42D S:0118 D:0000 DB:86 nvmxdizc V:  4 H: 40 F:32
								84919A 4A          LSR A                  A:0080 X:0E68 Y:C42D S:0118 D:0000 DB:86 nvmxdizc V:  4 H: 43 F:32
								84919B 4A          LSR A                  A:0040 X:0E68 Y:C42D S:0118 D:0000 DB:86 nvmxdizc V:  4 H: 46 F:32
								84919C 18          CLC                    A:0020 X:0E68 Y:C42D S:0118 D:0000 DB:86 nvmxdizc V:  4 H: 49 F:32
								84919D 65 04       ADC $04       [000004] A:0020 X:0E68 Y:C42D S:0118 D:0000 DB:86 nvmxdizc V:  4 H: 52 F:32
								84919F A8          TAY                    A:003E X:0E68 Y:C42D S:0118 D:0000 DB:86 nvmxdizc V:  4 H: 59 F:32
								8491A0 B7 10       LDA [$10],Y   [7EE83E] A:003E X:0E68 Y:003E S:0118 D:0000 DB:86 nvmxdizc V:  4 H: 62 F:32
								8491A2 29 FF 00    AND #$00FF             A:0005 X:0E68 Y:003E S:0118 D:0000 DB:86 nvmxdizc V:  4 H: 75 F:32
								8491A5 A8          TAY                    A:0005 X:0E68 Y:003E S:0118 D:0000 DB:86 nvmxdizc V:  4 H: 79 F:32
								8491A6 EB          XBA                    A:0005 X:0E68 Y:0005 S:0118 D:0000 DB:86 nvmxdizc V:  4 H: 82 F:32
								8491A7 0A          ASL A                  A:0500 X:0E68 Y:0005 S:0118 D:0000 DB:86 nvmxdiZc V:  4 H: 87 F:32
								8491A8 18          CLC                    A:0A00 X:0E68 Y:0005 S:0118 D:0000 DB:86 nvmxdizc V:  4 H: 90 F:32
								8491A9 65 06       ADC $06       [000006] A:0A00 X:0E68 Y:0005 S:0118 D:0000 DB:86 nvmxdizc V:  4 H: 93 F:32
								8491AB AA          TAX                    A:0B90 X:0E68 Y:0005 S:0118 D:0000 DB:86 nvmxdizc V:  4 H:100 F:32
								8491AC 60          RTS                    A:0B90 X:0B90 Y:0005 S:0118 D:0000 DB:86 nvmxdizc V:  4 H:103 F:32

							8490F9 BF 00 20 7E LDA $7E2000,X [7E2B90] A:0B90 X:0B90 Y:0005 S:011A D:0000 DB:86 nvmxdizc V:  4 H:113 F:32
							8490FD A8          TAY                    A:0044 X:0B90 Y:0005 S:011A D:0000 DB:86 nvmxdizc V:  4 H:123 F:32
							8490FE AD 92 0B    LDA $0B92     [860B92] A:0044 X:0B90 Y:0044 S:011A D:0000 DB:86 nvmxdizc V:  4 H:126 F:32
							849101 85 10       STA $10       [000010] A:EDC3 X:0B90 Y:0044 S:011A D:0000 DB:86 Nvmxdizc V:  4 H:144 F:32
							849103 AD 94 0B    LDA $0B94     [860B94] A:EDC3 X:0B90 Y:0044 S:011A D:0000 DB:86 Nvmxdizc V:  4 H:151 F:32
							849106 85 12       STA $12       [000012] A:E095 X:0B90 Y:0044 S:011A D:0000 DB:86 Nvmxdizc V:  4 H:160 F:32
							849108 B7 10       LDA [$10],Y   [95EE07] A:E095 X:0B90 Y:0044 S:011A D:0000 DB:86 Nvmxdizc V:  4 H:167 F:32
							84910A 29 FF 00    AND #$00FF             A:3B3B X:0B90 Y:0044 S:011A D:0000 DB:86 nvmxdizc V:  4 H:179 F:32
							84910D 28          PLP                    A:003B X:0B90 Y:0044 S:011A D:0000 DB:86 nvmxdizc V:  4 H:183 F:32
							84910E FA          PLX                    A:003B X:0B90 Y:0044 S:011B D:0000 DB:86 nvMxdizc V:  4 H:190 F:32
							84910F 2B          PLD                    A:003B X:0E68 Y:0044 S:011D D:0000 DB:86 nvMxdizc V:  4 H:198 F:32
							849110 60          RTS                    A:003B X:0E68 Y:0044 S:011F D:0000 DB:86 nvMxdiZc V:  4 H:207 F:32

						8495D3 95 2E       STA $2E,X     [000E96] A:003B X:0E68 Y:0044 S:0121 D:0000 DB:86 nvMxdiZc V:  4 H:217 F:32
						8495D5 85 18       STA $18       [000018] A:003B X:0E68 Y:0044 S:0121 D:0000 DB:86 nvMxdiZc V:  4 H:223 F:32
						8495D7 29 3F       AND #$3F               A:003B X:0E68 Y:0044 S:0121 D:0000 DB:86 nvMxdiZc V:  4 H:228 F:32
						8495D9 0A          ASL A                  A:003B X:0E68 Y:0044 S:0121 D:0000 DB:86 nvMxdizc V:  4 H:231 F:32
						8495DA EB          XBA                    A:0076 X:0E68 Y:0044 S:0121 D:0000 DB:86 nvMxdizc V:  4 H:234 F:32
						8495DB A9 00       LDA #$00               A:7600 X:0E68 Y:0044 S:0121 D:0000 DB:86 nvMxdiZc V:  4 H:239 F:32
						8495DD EB          XBA                    A:7600 X:0E68 Y:0044 S:0121 D:0000 DB:86 nvMxdiZc V:  4 H:242 F:32
						8495DE A8          TAY                    A:0076 X:0E68 Y:0044 S:0121 D:0000 DB:86 nvMxdizc V:  4 H:246 F:32
						8495DF 84 28       STY $28       [000028] A:0076 X:0E68 Y:0076 S:0121 D:0000 DB:86 nvMxdizc V:  4 H:249 F:32
						8495E1 86 2C       STX $2C       [00002C] A:0076 X:0E68 Y:0076 S:0121 D:0000 DB:86 nvMxdizc V:  4 H:256 F:32
						8495E3 68          PLA                    A:0076 X:0E68 Y:0076 S:0121 D:0000 DB:86 nvMxdizc V:  4 H:263 F:32
						8495E4 95 2A       STA $2A,X     [000E92] A:0013 X:0E68 Y:0076 S:0122 D:0000 DB:86 nvMxdizc V:  4 H:270 F:32
						8495E6 A6 2C       LDX $2C       [00002C] A:0013 X:0E68 Y:0076 S:0122 D:0000 DB:86 nvMxdizc V:  4 H:276 F:32
						8495E8 A9 FB       LDA #$FB               A:0013 X:0E68 Y:0076 S:0122 D:0000 DB:86 nvMxdizc V:  4 H:283 F:32
						8495EA 35 2B       AND $2B,X     [000E93] A:00FB X:0E68 Y:0076 S:0122 D:0000 DB:86 NvMxdizc V:  4 H:286 F:32
						8495EC 95 2B       STA $2B,X     [000E93] A:0000 X:0E68 Y:0076 S:0122 D:0000 DB:86 nvMxdiZc V:  4 H:293 F:32
						8495EE 64 01       STZ $01       [000001] A:0000 X:0E68 Y:0076 S:0122 D:0000 DB:86 nvMxdiZc V:  4 H:299 F:32
						8495F0 B5 2A       LDA $2A,X     [000E92] A:0000 X:0E68 Y:0076 S:0122 D:0000 DB:86 nvMxdiZc V:  4 H:304 F:32
						8495F2 85 02       STA $02       [000002] A:0013 X:0E68 Y:0076 S:0122 D:0000 DB:86 nvMxdizc V:  4 H:311 F:32
						8495F4 64 03       STZ $03       [000003] A:0013 X:0E68 Y:0076 S:0122 D:0000 DB:86 nvMxdizc V:  4 H:316 F:32
						8495F6 B4 05       LDY $05,X     [000E6D] A:0013 X:0E68 Y:0076 S:0122 D:0000 DB:86 nvMxdizc V:  4 H:321 F:32
						8495F8 84 10       STY $10       [000010] A:0013 X:0E68 Y:1E84 S:0122 D:0000 DB:86 nvMxdizc V:  4 H:328 F:32
						8495FA B4 08       LDY $08,X     [000E70] A:0013 X:0E68 Y:1E84 S:0122 D:0000 DB:86 nvMxdizc V:  4 H:335 F:32
						8495FC 84 12       STY $12       [000012] A:0013 X:0E68 Y:01AC S:0122 D:0000 DB:86 nvMxdizc V:  5 H:  4 F:32
						8495FE A6 28       LDX $28       [000028] A:0013 X:0E68 Y:01AC S:0122 D:0000 DB:86 nvMxdizc V:  5 H: 11 F:32
						849600 FC 1C 96    JSR ($961C,X) [849692] A:0013 X:0076 Y:01AC S:0122 D:0000 DB:86 nvMxdizc V:  5 H: 18 F:32

							8496B5 A6 2C       LDX $2C       [00002C] A:0013 X:0076 Y:01AC S:0120 D:0000 DB:86 nvMxdizc V:  5 H: 31 F:32
							8496B7 A5 0E       LDA $0E       [00000E] A:0013 X:0E68 Y:01AC S:0120 D:0000 DB:86 nvMxdizc V:  5 H: 38 F:32
							8496B9 85 00       STA $00       [000000] A:0004 X:0E68 Y:01AC S:0120 D:0000 DB:86 nvMxdizc V:  5 H: 43 F:32
							8496BB 64 01       STZ $01       [000001] A:0004 X:0E68 Y:01AC S:0120 D:0000 DB:86 nvMxdizc V:  5 H: 48 F:32
							8496BD C2 20       REP #$20               A:0004 X:0E68 Y:01AC S:0120 D:0000 DB:86 nvMxdizc V:  5 H: 53 F:32
							8496BF A5 08       LDA $08       [000008] A:0004 X:0E68 Y:01AC S:0120 D:0000 DB:86 nvmxdizc V:  5 H: 57 F:32
							8496C1 29 7F 00    AND #$007F             A:FF84 X:0E68 Y:01AC S:0120 D:0000 DB:86 Nvmxdizc V:  5 H: 64 F:32
							8496C4 18          CLC                    A:0004 X:0E68 Y:01AC S:0120 D:0000 DB:86 nvmxdizc V:  5 H: 69 F:32
							8496C5 75 08       ADC $08,X     [000E70] A:0004 X:0E68 Y:01AC S:0120 D:0000 DB:86 nvmxdizc V:  5 H: 72 F:32
							8496C7 38          SEC                    A:01B0 X:0E68 Y:01AC S:0120 D:0000 DB:86 nvmxdizc V:  5 H: 80 F:32
							8496C8 E5 00       SBC $00       [000000] A:01B0 X:0E68 Y:01AC S:0120 D:0000 DB:86 nvmxdizC V:  5 H: 83 F:32
							8496CA 95 08       STA $08,X     [000E70] A:01AC X:0E68 Y:01AC S:0120 D:0000 DB:86 nvmxdizC V:  5 H: 90 F:32
							8496CC E2 20       SEP #$20               A:01AC X:0E68 Y:01AC S:0120 D:0000 DB:86 nvmxdizC V:  5 H: 99 F:32
							8496CE 74 2F       STZ $2F,X     [000E97] A:01AC X:0E68 Y:01AC S:0120 D:0000 DB:86 nvMxdizC V:  5 H:103 F:32
							8496D0 A9 01       LDA #$01               A:01AC X:0E68 Y:01AC S:0120 D:0000 DB:86 nvMxdizC V:  5 H:110 F:32
							8496D2 60          RTS                    A:0101 X:0E68 Y:01AC S:0120 D:0000 DB:86 nvMxdizC V:  5 H:113 F:32

						849603 F0 11       BEQ $0011     [849616] A:0101 X:0E68 Y:01AC S:0122 D:0000 DB:86 nvMxdizC V:  5 H:123 F:32
						849605 A6 2C       LDX $2C       [00002C] A:0101 X:0E68 Y:01AC S:0122 D:0000 DB:86 nvMxdizC V:  5 H:126 F:32
						849607 A9 04       LDA #$04               A:0101 X:0E68 Y:01AC S:0122 D:0000 DB:86 nvMxdizC V:  5 H:133 F:32
						849609 15 2B       ORA $2B,X     [000E93] A:0104 X:0E68 Y:01AC S:0122 D:0000 DB:86 nvMxdizC V:  5 H:146 F:32
						84960B 95 2B       STA $2B,X     [000E93] A:0104 X:0E68 Y:01AC S:0122 D:0000 DB:86 nvMxdizC V:  5 H:152 F:32
						84960D 20 4C 99    JSR $994C     [84994C] A:0104 X:0E68 Y:01AC S:0122 D:0000 DB:86 nvMxdizC V:  5 H:159 F:32

							84994C AD 1C 1F    LDA $1F1C     [861F1C] A:0104 X:0E68 Y:01AC S:0120 D:0000 DB:86 nvMxdizC V:  5 H:169 F:32
							84994F 10 06       BPL $0006     [849957] A:0100 X:0E68 Y:01AC S:0120 D:0000 DB:86 nvMxdiZC V:  5 H:175 F:32
							849957 60          RTS                    A:0100 X:0E68 Y:01AC S:0120 D:0000 DB:86 nvMxdiZC V:  5 H:180 F:32

						849610 20 08 93    JSR $9308     [849308] A:0100 X:0E68 Y:01AC S:0122 D:0000 DB:86 nvMxdiZC V:  5 H:190 F:32

							849308 A5 14       LDA $14       [000014] A:0100 X:0E68 Y:01AC S:0120 D:0000 DB:86 nvMxdiZC V:  5 H:200 F:32
							84930A F0 08       BEQ $0008     [849314] A:0100 X:0E68 Y:01AC S:0120 D:0000 DB:86 nvMxdiZC V:  5 H:205 F:32
							849314 60          RTS                    A:0100 X:0E68 Y:01AC S:0120 D:0000 DB:86 nvMxdiZC V:  5 H:209 F:32

						849613 A9 01       LDA #$01               A:0100 X:0E68 Y:01AC S:0122 D:0000 DB:86 nvMxdiZC V:  5 H:219 F:32
						849615 60          RTS                    A:0101 X:0E68 Y:01AC S:0122 D:0000 DB:86 nvMxdizC V:  5 H:222 F:32

					849275 D0 32       BNE $0032     [8492A9] A:0101 X:0E68 Y:01AC S:0124 D:0000 DB:86 nvMxdizC V:  5 H:232 F:32
					8492A9 C2 30       REP #$30               A:0101 X:0E68 Y:01AC S:0124 D:0000 DB:86 nvMxdizC V:  5 H:237 F:32
					8492AB 60          RTS                    A:0101 X:0E68 Y:01AC S:0124 D:0000 DB:86 nvmxdizC V:  5 H:241 F:32

				8491DB 2B          PLD                    A:0101 X:0E68 Y:01AC S:0126 D:0000 DB:86 nvmxdizC V:  5 H:251 F:32
				8491DC 28          PLP                    A:0101 X:0E68 Y:01AC S:0128 D:0E68 DB:86 nvmxdizC V:  5 H:260 F:32
				8491DD 6B          RTL                    A:0101 X:0068 Y:00AC S:0129 D:0E68 DB:86 NvMXdizc V:  5 H:266 F:32

			81B8F9 C2 20       REP #$20               A:0101 X:0068 Y:00AC S:012C D:0E68 DB:86 NvMXdizc V:  5 H:277 F:32
			81B8FB A5 1A       LDA $1A       [000E82] A:0101 X:0068 Y:00AC S:012C D:0E68 DB:86 NvmXdizc V:  5 H:281 F:32					|Branch if E-X-Vel = #$00
			81B8FD E2 20       SEP #$20               A:FA10 X:0068 Y:00AC S:012C D:0E68 DB:86 NvmXdizc V:  5 H:290 F:32					|
			81B8FF F0 19       BEQ $0019     [81B91A] A:FA10 X:0068 Y:00AC S:012C D:0E68 DB:86 NvMXdizc V:  5 H:294 F:32					|
			81B901 A5 2B       LDA $2B       [000E93] A:FA10 X:0068 Y:00AC S:012C D:0E68 DB:86 NvMXdizc V:  5 H:297 F:32					|Branch because Contact AND #$03 = #$00
			81B903 29 03       AND #$03               A:FA04 X:0068 Y:00AC S:012C D:0E68 DB:86 nvMXdizc V:  5 H:304 F:32					|
			81B905 F0 27       BEQ $0027     [81B92E] A:FA00 X:0068 Y:00AC S:012C D:0E68 DB:86 nvMXdiZc V:  5 H:307 F:32					|
			81B92E 60          RTS                    A:FA00 X:0068 Y:00AC S:012C D:0E68 DB:86 nvMXdiZc V:  5 H:311 F:32					Return

		81B63B A9 09       LDA #$09               A:FA00 X:0068 Y:00AC S:012E D:0E68 DB:86 nvMXdiZc V:  5 H:321 F:32