80D4F6 20 30 D5    JSR $D530     [80D530] A:0E01 X:0000 Y:0027 S:0133 D:0E68 DB:86 nvMXdizC V:248 H:197 F:52

	80D530 C2 20       REP #$20               A:0E01 X:0000 Y:0027 S:0131 D:0E68 DB:86 nvMXdizC V:248 H:207 F:52
	80D532 A5 05       LDA $05       [000E6D] A:0E01 X:0000 Y:0027 S:0131 D:0E68 DB:86 nvmXdizC V:248 H:212 F:52
	80D534 85 22       STA $22       [000E8A] A:1EB4 X:0000 Y:0027 S:0131 D:0E68 DB:86 nvmXdizC V:248 H:220 F:52
	80D536 A5 08       LDA $08       [000E70] A:1EB4 X:0000 Y:0027 S:0131 D:0E68 DB:86 nvmXdizC V:248 H:229 F:52
	80D538 85 24       STA $24       [000E8C] A:0120 X:0000 Y:0027 S:0131 D:0E68 DB:86 nvmXdizC V:248 H:237 F:52
	80D53A E2 20       SEP #$20               A:0120 X:0000 Y:0027 S:0131 D:0E68 DB:86 nvmXdizC V:248 H:246 F:52
	80D53C A9 80       LDA #$80               A:0120 X:0000 Y:0027 S:0131 D:0E68 DB:86 nvMXdizC V:248 H:250 F:52
	80D53E 14 0E       TRB $0E       [000E76] A:0180 X:0000 Y:0027 S:0131 D:0E68 DB:86 NvMXdizC V:248 H:253 F:52
	80D540 A5 0A       LDA $0A       [000E72] A:0180 X:0000 Y:0027 S:0131 D:0E68 DB:86 NvMXdizC V:248 H:263 F:52
	80D542 0A          ASL A                  A:0102 X:0000 Y:0027 S:0131 D:0E68 DB:86 nvMXdizC V:248 H:270 F:52
	80D543 AA          TAX                    A:0104 X:0000 Y:0027 S:0131 D:0E68 DB:86 nvMXdizc V:248 H:273 F:52
	80D544 7C DD F8    JMP ($F8DD,X) [80F8E1] A:0104 X:0004 Y:0027 S:0131 D:0E68 DB:86 nvMXdizc V:248 H:276 F:52

	80F9BB 22 16 B5 81 JSL $81B516   [81B516] A:0104 X:0004 Y:0027 S:0131 D:0E68 DB:86 nvMXdizc V:248 H:285 F:52

		81B516 A6 01       LDX $01       [000E69] A:0104 X:0004 Y:0027 S:012E D:0E68 DB:86 nvMXdizc V:248 H:298 F:52
		81B518 7C 1B B5    JMP ($B51B,X) [81B51F] A:0104 X:0004 Y:0027 S:012E D:0E68 DB:86 nvMXdizc V:248 H:305 F:52

		81B629 A5 33       LDA $33       [000E9B] A:0104 X:0004 Y:0027 S:012E D:0E68 DB:86 nvMXdizc V:248 H:314 F:52
		81B62B 04 11       TSB $11       [000E79] A:0108 X:0004 Y:0027 S:012E D:0E68 DB:86 nvMXdizc V:248 H:320 F:52
		81B62D C2 20       REP #$20               A:0108 X:0004 Y:0027 S:012E D:0E68 DB:86 nvMXdizc V:248 H:329 F:52
		81B62F A9 2D C4    LDA #$C42D             A:0108 X:0004 Y:0027 S:012E D:0E68 DB:86 nvmXdizc V:248 H:334 F:52
		81B632 85 20       STA $20       [000E88] A:C42D X:0004 Y:0027 S:012E D:0E68 DB:86 NvmXdizc V:248 H:338 F:52
		81B634 E2 20       SEP #$20               A:C42D X:0004 Y:0027 S:012E D:0E68 DB:86 NvmXdizc V:249 H:  7 F:52
		81B636 A6 02       LDX $02       [000E6A] A:C42D X:0004 Y:0027 S:012E D:0E68 DB:86 NvMXdizc V:249 H: 11 F:52
		81B638 FC F3 B6    JSR ($B6F3,X) [81B6F9] A:C42D X:0006 Y:0027 S:012E D:0E68 DB:86 nvMXdizc V:249 H: 18 F:52

			81B93B A6 03       LDX $03       [000E6B] A:C42D X:0006 Y:0027 S:012C D:0E68 DB:86 nvMXdizc V:249 H: 31 F:52
			81B93D 7C 40 B9    JMP ($B940,X) [81B946] A:C42D X:0006 Y:0027 S:012C D:0E68 DB:86 nvMXdizc V:249 H: 37 F:52

			81B9A8 22 E8 81 82 JSL $8281E8   [8281E8] A:C42D X:0006 Y:0027 S:012C D:0E68 DB:86 nvMXdizc V:249 H: 46 F:52

				8281E8 08          PHP                    A:C42D X:0006 Y:0027 S:0129 D:0E68 DB:86 nvMXdizc V:249 H: 60 F:52
				8281E9 C2 20       REP #$20               A:C42D X:0006 Y:0027 S:0128 D:0E68 DB:86 nvMXdizc V:249 H: 65 F:52
				8281EB 38          SEC                    A:C42D X:0006 Y:0027 S:0128 D:0E68 DB:86 nvmXdizc V:249 H: 69 F:52
				8281EC A5 1E       LDA $1E       [000E86] A:C42D X:0006 Y:0027 S:0128 D:0E68 DB:86 nvmXdizC V:249 H: 72 F:52
				8281EE 29 FF 00    AND #$00FF             A:1040 X:0006 Y:0027 S:0128 D:0E68 DB:86 nvmXdizC V:249 H: 81 F:52
				8281F1 E5 1C       SBC $1C       [000E84] A:0040 X:0006 Y:0027 S:0128 D:0E68 DB:86 nvmXdizC V:249 H: 85 F:52
				8281F3 49 FF FF    EOR #$FFFF             A:0042 X:0006 Y:0027 S:0128 D:0E68 DB:86 nvmXdizc V:249 H: 94 F:52
				8281F6 1A          INC                    A:FFBD X:0006 Y:0027 S:0128 D:0E68 DB:86 NvmXdizc V:249 H: 98 F:52
				8281F7 85 1C       STA $1C       [000E84] A:FFBE X:0006 Y:0027 S:0128 D:0E68 DB:86 NvmXdizc V:249 H:101 F:52
				8281F9 80 10       BRA $0010     [82820B] A:FFBE X:0006 Y:0027 S:0128 D:0E68 DB:86 NvmXdizc V:249 H:110 F:52
				82820B C2 21       REP #$21               A:FFBE X:0006 Y:0027 S:0128 D:0E68 DB:86 NvmXdizc V:249 H:114 F:52
				82820D A5 04       LDA $04       [000E6C] A:FFBE X:0006 Y:0027 S:0128 D:0E68 DB:86 NvmXdizc V:249 H:119 F:52
				82820F 65 1A       ADC $1A       [000E82] A:B480 X:0006 Y:0027 S:0128 D:0E68 DB:86 NvmXdizc V:249 H:127 F:52
				828211 85 04       STA $04       [000E6C] A:B650 X:0006 Y:0027 S:0128 D:0E68 DB:86 NvmXdizc V:249 H:146 F:52
				828213 E2 20       SEP #$20               A:B650 X:0006 Y:0027 S:0128 D:0E68 DB:86 NvmXdizc V:249 H:154 F:52
				828215 A9 00       LDA #$00               A:B650 X:0006 Y:0027 S:0128 D:0E68 DB:86 NvMXdizc V:249 H:159 F:52
				828217 24 1B       BIT $1B       [000E83] A:B600 X:0006 Y:0027 S:0128 D:0E68 DB:86 nvMXdiZc V:249 H:162 F:52
				828219 10 01       BPL $0001     [82821C] A:B600 X:0006 Y:0027 S:0128 D:0E68 DB:86 nvMXdiZc V:249 H:168 F:52
				82821C 65 06       ADC $06       [000E6E] A:B600 X:0006 Y:0027 S:0128 D:0E68 DB:86 nvMXdiZc V:249 H:173 F:52
				82821E 85 06       STA $06       [000E6E] A:B61E X:0006 Y:0027 S:0128 D:0E68 DB:86 nvMXdizc V:249 H:179 F:52
				828220 C2 20       REP #$20               A:B61E X:0006 Y:0027 S:0128 D:0E68 DB:86 nvMXdizc V:249 H:186 F:52
				828222 38          SEC                    A:B61E X:0006 Y:0027 S:0128 D:0E68 DB:86 nvmXdizc V:249 H:190 F:52
				828223 A5 07       LDA $07       [000E6F] A:B61E X:0006 Y:0027 S:0128 D:0E68 DB:86 nvmXdizC V:249 H:193 F:52
				828225 E5 1C       SBC $1C       [000E84] A:2004 X:0006 Y:0027 S:0128 D:0E68 DB:86 nvmXdizC V:249 H:202 F:52
				828227 85 07       STA $07       [000E6F] A:2046 X:0006 Y:0027 S:0128 D:0E68 DB:86 nvmXdizc V:249 H:210 F:52
				828229 E2 20       SEP #$20               A:2046 X:0006 Y:0027 S:0128 D:0E68 DB:86 nvmXdizc V:249 H:219 F:52
				82822B 9C 00 00    STZ $0000     [860000] A:2046 X:0006 Y:0027 S:0128 D:0E68 DB:86 nvMXdizc V:249 H:223 F:52
				82822E 24 1D       BIT $1D       [000E85] A:2046 X:0006 Y:0027 S:0128 D:0E68 DB:86 nvMXdizc V:249 H:230 F:52
				828230 10 03       BPL $0003     [828235] A:2046 X:0006 Y:0027 S:0128 D:0E68 DB:86 NVMXdizc V:249 H:236 F:52
				828232 CE 00 00    DEC $0000     [860000] A:2046 X:0006 Y:0027 S:0128 D:0E68 DB:86 NVMXdizc V:249 H:239 F:52
				828235 A5 09       LDA $09       [000E71] A:2046 X:0006 Y:0027 S:0128 D:0E68 DB:86 NVMXdizc V:249 H:249 F:52
				828237 ED 00 00    SBC $0000     [860000] A:2001 X:0006 Y:0027 S:0128 D:0E68 DB:86 nVMXdizc V:249 H:256 F:52
				82823A 85 09       STA $09       [000E71] A:2001 X:0006 Y:0027 S:0128 D:0E68 DB:86 nvMXdizc V:249 H:262 F:52
				82823C 28          PLP                    A:2001 X:0006 Y:0027 S:0128 D:0E68 DB:86 nvMXdizc V:249 H:269 F:52
				82823D 6B          RTL                    A:2001 X:0006 Y:0027 S:0129 D:0E68 DB:86 nvMXdizc V:249 H:275 F:52

			81B9AC 22 BE 91 84 JSL $8491BE   [8491BE] A:2001 X:0006 Y:0027 S:012C D:0E68 DB:86 nvMXdizc V:249 H:286 F:52

				8491BE 08          PHP                    A:2001 X:0006 Y:0027 S:0129 D:0E68 DB:86 nvMXdizc V:249 H:299 F:52
				8491BF 0B          PHD                    A:2001 X:0006 Y:0027 S:0128 D:0E68 DB:86 nvMXdizc V:249 H:304 F:52
				8491C0 C2 30       REP #$30               A:2001 X:0006 Y:0027 S:0126 D:0E68 DB:86 nvMXdizc V:249 H:311 F:52
				8491C2 A5 20       LDA $20       [000E88] A:2001 X:0006 Y:0027 S:0126 D:0E68 DB:86 nvmxdizc V:249 H:316 F:52
				8491C4 F0 15       BEQ $0015     [8491DB] A:C42D X:0006 Y:0027 S:0126 D:0E68 DB:86 Nvmxdizc V:249 H:324 F:52
				8491C6 7B          TDC                    A:C42D X:0006 Y:0027 S:0126 D:0E68 DB:86 Nvmxdizc V:249 H:327 F:52
				8491C7 AA          TAX                    A:0E68 X:0006 Y:0027 S:0126 D:0E68 DB:86 nvmxdizc V:249 H:329 F:52
				8491C8 A9 00 00    LDA #$0000             A:0E68 X:0E68 Y:0027 S:0126 D:0E68 DB:86 nvmxdizc V:249 H:332 F:52
				8491CB 5B          TCD                    A:0000 X:0E68 Y:0027 S:0126 D:0E68 DB:86 nvmxdiZc V:249 H:337 F:52
				8491CC 64 14       STZ $14       [000014] A:0000 X:0E68 Y:0027 S:0126 D:0000 DB:86 nvmxdiZc V:250 H:  0 F:52
				8491CE B5 2B       LDA $2B,X     [000E93] A:0000 X:0E68 Y:0027 S:0126 D:0000 DB:86 nvmxdiZc V:250 H:  7 F:52
				8491D0 29 00 FF    AND #$FF00             A:0000 X:0E68 Y:0027 S:0126 D:0000 DB:86 nvmxdiZc V:250 H: 15 F:52
				8491D3 95 2B       STA $2B,X     [000E93] A:0000 X:0E68 Y:0027 S:0126 D:0000 DB:86 nvmxdiZc V:250 H: 20 F:52
				8491D5 20 AC 92    JSR $92AC     [8492AC] A:0000 X:0E68 Y:0027 S:0126 D:0000 DB:86 nvmxdiZc V:250 H: 28 F:52

					8492AC C2 30       REP #$30               A:0000 X:0E68 Y:0027 S:0124 D:0000 DB:86 nvmxdiZc V:250 H: 38 F:52
					8492AE B5 05       LDA $05,X     [000E6D] A:0000 X:0E68 Y:0027 S:0124 D:0000 DB:86 nvmxdiZc V:250 H: 43 F:52
					8492B0 38          SEC                    A:1EB6 X:0E68 Y:0027 S:0124 D:0000 DB:86 nvmxdizc V:250 H: 51 F:52
					8492B1 F5 22       SBC $22,X     [000E8A] A:1EB6 X:0E68 Y:0027 S:0124 D:0000 DB:86 nvmxdizC V:250 H: 54 F:52
					8492B3 85 00       STA $00       [000000] A:0002 X:0E68 Y:0027 S:0124 D:0000 DB:86 nvmxdizC V:250 H: 63 F:52
					8492B5 E2 20       SEP #$20               A:0002 X:0E68 Y:0027 S:0124 D:0000 DB:86 nvmxdizC V:250 H: 70 F:52
					8492B7 F0 4C       BEQ $004C     [849305] A:0002 X:0E68 Y:0027 S:0124 D:0000 DB:86 nvMxdizC V:250 H: 74 F:52
					8492B9 B4 20       LDY $20,X     [000E88] A:0002 X:0E68 Y:0027 S:0124 D:0000 DB:86 nvMxdizC V:250 H: 77 F:52
					8492BB B9 05 00    LDA $0005,Y   [86C432] A:0002 X:0E68 Y:C42D S:0124 D:0000 DB:86 NvMxdizC V:250 H: 86 F:52
					8492BE 34 11       BIT $11,X     [000E79] A:0000 X:0E68 Y:C42D S:0124 D:0000 DB:86 nvMxdiZC V:250 H: 93 F:52
					8492C0 50 03       BVC $0003     [8492C5] A:0000 X:0E68 Y:C42D S:0124 D:0000 DB:86 nVMxdiZC V:250 H:100 F:52
					8492C2 49 FF       EOR #$FF               A:0000 X:0E68 Y:C42D S:0124 D:0000 DB:86 nVMxdiZC V:250 H:103 F:52
					8492C4 1A          INC                    A:00FF X:0E68 Y:C42D S:0124 D:0000 DB:86 NVMxdizC V:250 H:106 F:52
					8492C5 24 00       BIT $00       [000000] A:0000 X:0E68 Y:C42D S:0124 D:0000 DB:86 nVMxdiZC V:250 H:109 F:52
					8492C7 10 06       BPL $0006     [8492CF] A:0000 X:0E68 Y:C42D S:0124 D:0000 DB:86 nvMxdiZC V:250 H:114 F:52
					8492CF 18          CLC                    A:0000 X:0E68 Y:C42D S:0124 D:0000 DB:86 nvMxdiZC V:250 H:118 F:52
					8492D0 79 07 00    ADC $0007,Y   [86C434] A:0000 X:0E68 Y:C42D S:0124 D:0000 DB:86 nvMxdiZc V:250 H:121 F:52
					8492D3 95 29       STA $29,X     [000E91] A:000E X:0E68 Y:C42D S:0124 D:0000 DB:86 nvMxdizc V:250 H:129 F:52
					8492D5 B9 06 00    LDA $0006,Y   [86C433] A:000E X:0E68 Y:C42D S:0124 D:0000 DB:86 nvMxdizc V:250 H:145 F:52
					8492D8 95 2A       STA $2A,X     [000E92] A:0002 X:0E68 Y:C42D S:0124 D:0000 DB:86 nvMxdizc V:250 H:153 F:52
					8492DA 20 15 93    JSR $9315     [849315] A:0002 X:0E68 Y:C42D S:0124 D:0000 DB:86 nvMxdizc V:250 H:159 F:52

						849315 20 B3 90    JSR $90B3     [8490B3] A:0002 X:0E68 Y:C42D S:0122 D:0000 DB:86 nvMxdizc V:250 H:169 F:52

							8490B3 0B          PHD                    A:0002 X:0E68 Y:C42D S:0120 D:0000 DB:86 nvMxdizc V:250 H:179 F:52
							8490B4 DA          PHX                    A:0002 X:0E68 Y:C42D S:011E D:0000 DB:86 nvMxdizc V:250 H:186 F:52
							8490B5 08          PHP                    A:0002 X:0E68 Y:C42D S:011C D:0000 DB:86 nvMxdizc V:250 H:193 F:52
							8490B6 E2 20       SEP #$20               A:0002 X:0E68 Y:C42D S:011B D:0000 DB:86 nvMxdizc V:250 H:198 F:52
							8490B8 C2 10       REP #$10               A:0002 X:0E68 Y:C42D S:011B D:0000 DB:86 nvMxdizc V:250 H:203 F:52
							8490BA 64 01       STZ $01       [000001] A:0002 X:0E68 Y:C42D S:011B D:0000 DB:86 nvMxdizc V:250 H:207 F:52
							8490BC B5 29       LDA $29,X     [000E91] A:0002 X:0E68 Y:C42D S:011B D:0000 DB:86 nvMxdizc V:250 H:212 F:52
							8490BE 10 02       BPL $0002     [8490C2] A:000E X:0E68 Y:C42D S:011B D:0000 DB:86 nvMxdizc V:250 H:219 F:52
							8490C2 18          CLC                    A:000E X:0E68 Y:C42D S:011B D:0000 DB:86 nvMxdizc V:250 H:223 F:52
							8490C3 75 05       ADC $05,X     [000E6D] A:000E X:0E68 Y:C42D S:011B D:0000 DB:86 nvMxdizc V:250 H:226 F:52
							8490C5 85 00       STA $00       [000000] A:00C4 X:0E68 Y:C42D S:011B D:0000 DB:86 NvMxdizc V:250 H:233 F:52
							8490C7 B5 06       LDA $06,X     [000E6E] A:00C4 X:0E68 Y:C42D S:011B D:0000 DB:86 NvMxdizc V:250 H:238 F:52
							8490C9 65 01       ADC $01       [000001] A:001E X:0E68 Y:C42D S:011B D:0000 DB:86 nvMxdizc V:250 H:244 F:52
							8490CB 85 01       STA $01       [000001] A:001E X:0E68 Y:C42D S:011B D:0000 DB:86 nvMxdizc V:250 H:249 F:52
							8490CD 64 03       STZ $03       [000003] A:001E X:0E68 Y:C42D S:011B D:0000 DB:86 nvMxdizc V:250 H:254 F:52
							8490CF B5 2A       LDA $2A,X     [000E92] A:001E X:0E68 Y:C42D S:011B D:0000 DB:86 nvMxdizc V:250 H:259 F:52
							8490D1 10 02       BPL $0002     [8490D5] A:0002 X:0E68 Y:C42D S:011B D:0000 DB:86 nvMxdizc V:250 H:266 F:52
							8490D5 18          CLC                    A:0002 X:0E68 Y:C42D S:011B D:0000 DB:86 nvMxdizc V:250 H:270 F:52
							8490D6 75 08       ADC $08,X     [000E70] A:0002 X:0E68 Y:C42D S:011B D:0000 DB:86 nvMxdizc V:250 H:273 F:52
							8490D8 85 02       STA $02       [000002] A:0022 X:0E68 Y:C42D S:011B D:0000 DB:86 nvMxdizc V:250 H:280 F:52
							8490DA 29 F0       AND #$F0               A:0022 X:0E68 Y:C42D S:011B D:0000 DB:86 nvMxdizc V:250 H:285 F:52
							8490DC 85 0A       STA $0A       [00000A] A:0020 X:0E68 Y:C42D S:011B D:0000 DB:86 nvMxdizc V:250 H:288 F:52
							8490DE B5 09       LDA $09,X     [000E71] A:0020 X:0E68 Y:C42D S:011B D:0000 DB:86 nvMxdizc V:250 H:293 F:52
							8490E0 65 03       ADC $03       [000003] A:0001 X:0E68 Y:C42D S:011B D:0000 DB:86 nvMxdizc V:250 H:299 F:52
							8490E2 85 03       STA $03       [000003] A:0001 X:0E68 Y:C42D S:011B D:0000 DB:86 nvMxdizc V:250 H:304 F:52
							8490E4 85 0B       STA $0B       [00000B] A:0001 X:0E68 Y:C42D S:011B D:0000 DB:86 nvMxdizc V:250 H:309 F:52
							8490E6 A5 00       LDA $00       [000000] A:0001 X:0E68 Y:C42D S:011B D:0000 DB:86 nvMxdizc V:250 H:314 F:52
							8490E8 29 0F       AND #$0F               A:00C4 X:0E68 Y:C42D S:011B D:0000 DB:86 NvMxdizc V:250 H:319 F:52
							8490EA 1A          INC                    A:0004 X:0E68 Y:C42D S:011B D:0000 DB:86 nvMxdizc V:250 H:322 F:52
							8490EB 85 0C       STA $0C       [00000C] A:0005 X:0E68 Y:C42D S:011B D:0000 DB:86 nvMxdizc V:250 H:325 F:52
							8490ED A5 02       LDA $02       [000002] A:0005 X:0E68 Y:C42D S:011B D:0000 DB:86 nvMxdizc V:250 H:329 F:52
							8490EF 29 0F       AND #$0F               A:0022 X:0E68 Y:C42D S:011B D:0000 DB:86 nvMxdizc V:250 H:334 F:52
							8490F1 1A          INC                    A:0002 X:0E68 Y:C42D S:011B D:0000 DB:86 nvMxdizc V:250 H:337 F:52
							8490F2 85 0E       STA $0E       [00000E] A:0003 X:0E68 Y:C42D S:011B D:0000 DB:86 nvMxdizc V:251 H:  0 F:52
							8490F4 C2 20       REP #$20               A:0003 X:0E68 Y:C42D S:011B D:0000 DB:86 nvMxdizc V:251 H:  5 F:52
							8490F6 20 6A 91    JSR $916A     [84916A] A:0003 X:0E68 Y:C42D S:011B D:0000 DB:86 nvmxdizc V:251 H: 10 F:52

								84916A A9 00 E8    LDA #$E800             A:0003 X:0E68 Y:C42D S:0119 D:0000 DB:86 nvmxdizc V:251 H: 20 F:52
								84916D 85 10       STA $10       [000010] A:E800 X:0E68 Y:C42D S:0119 D:0000 DB:86 Nvmxdizc V:251 H: 24 F:52
								84916F A9 7E 00    LDA #$007E             A:E800 X:0E68 Y:C42D S:0119 D:0000 DB:86 Nvmxdizc V:251 H: 31 F:52
								849172 85 12       STA $12       [000012] A:007E X:0E68 Y:C42D S:0119 D:0000 DB:86 nvmxdizc V:251 H: 36 F:52
								849174 A5 02       LDA $02       [000002] A:007E X:0E68 Y:C42D S:0119 D:0000 DB:86 nvmxdizc V:251 H: 43 F:52
								849176 29 F0 00    AND #$00F0             A:0122 X:0E68 Y:C42D S:0119 D:0000 DB:86 nvmxdizc V:251 H: 50 F:52
								849179 0A          ASL A                  A:0020 X:0E68 Y:C42D S:0119 D:0000 DB:86 nvmxdizc V:251 H: 54 F:52
								84917A 85 04       STA $04       [000004] A:0040 X:0E68 Y:C42D S:0119 D:0000 DB:86 nvmxdizc V:251 H: 57 F:52
								84917C A5 00       LDA $00       [000000] A:0040 X:0E68 Y:C42D S:0119 D:0000 DB:86 nvmxdizc V:251 H: 64 F:52
								84917E 29 FF 00    AND #$00FF             A:1EC4 X:0E68 Y:C42D S:0119 D:0000 DB:86 nvmxdizc V:251 H: 71 F:52
								849181 4A          LSR A                  A:00C4 X:0E68 Y:C42D S:0119 D:0000 DB:86 nvmxdizc V:251 H: 76 F:52
								849182 4A          LSR A                  A:0062 X:0E68 Y:C42D S:0119 D:0000 DB:86 nvmxdizc V:251 H: 79 F:52
								849183 4A          LSR A                  A:0031 X:0E68 Y:C42D S:0119 D:0000 DB:86 nvmxdizc V:251 H: 82 F:52
								849184 29 FE FF    AND #$FFFE             A:0018 X:0E68 Y:C42D S:0119 D:0000 DB:86 nvmxdizC V:251 H: 85 F:52
								849187 18          CLC                    A:0018 X:0E68 Y:C42D S:0119 D:0000 DB:86 nvmxdizC V:251 H: 89 F:52
								849188 65 04       ADC $04       [000004] A:0018 X:0E68 Y:C42D S:0119 D:0000 DB:86 nvmxdizc V:251 H: 92 F:52
								84918A 85 06       STA $06       [000006] A:0058 X:0E68 Y:C42D S:0119 D:0000 DB:86 nvmxdizc V:251 H: 99 F:52
								84918C A5 00       LDA $00       [000000] A:0058 X:0E68 Y:C42D S:0119 D:0000 DB:86 nvmxdizc V:251 H:106 F:52
								84918E EB          XBA                    A:1EC4 X:0E68 Y:C42D S:0119 D:0000 DB:86 nvmxdizc V:251 H:113 F:52
								84918F 29 1F 00    AND #$001F             A:C41E X:0E68 Y:C42D S:0119 D:0000 DB:86 nvmxdizc V:251 H:118 F:52
								849192 85 04       STA $04       [000004] A:001E X:0E68 Y:C42D S:0119 D:0000 DB:86 nvmxdizc V:251 H:122 F:52
								849194 A5 02       LDA $02       [000002] A:001E X:0E68 Y:C42D S:0119 D:0000 DB:86 nvmxdizc V:251 H:129 F:52
								849196 29 00 1F    AND #$1F00             A:0122 X:0E68 Y:C42D S:0119 D:0000 DB:86 nvmxdizc V:251 H:146 F:52
								849199 4A          LSR A                  A:0100 X:0E68 Y:C42D S:0119 D:0000 DB:86 nvmxdizc V:251 H:151 F:52
								84919A 4A          LSR A                  A:0080 X:0E68 Y:C42D S:0119 D:0000 DB:86 nvmxdizc V:251 H:154 F:52
								84919B 4A          LSR A                  A:0040 X:0E68 Y:C42D S:0119 D:0000 DB:86 nvmxdizc V:251 H:157 F:52
								84919C 18          CLC                    A:0020 X:0E68 Y:C42D S:0119 D:0000 DB:86 nvmxdizc V:251 H:160 F:52
								84919D 65 04       ADC $04       [000004] A:0020 X:0E68 Y:C42D S:0119 D:0000 DB:86 nvmxdizc V:251 H:163 F:52
								84919F A8          TAY                    A:003E X:0E68 Y:C42D S:0119 D:0000 DB:86 nvmxdizc V:251 H:170 F:52
								8491A0 B7 10       LDA [$10],Y   [7EE83E] A:003E X:0E68 Y:003E S:0119 D:0000 DB:86 nvmxdizc V:251 H:173 F:52
								8491A2 29 FF 00    AND #$00FF             A:0005 X:0E68 Y:003E S:0119 D:0000 DB:86 nvmxdizc V:251 H:186 F:52
								8491A5 A8          TAY                    A:0005 X:0E68 Y:003E S:0119 D:0000 DB:86 nvmxdizc V:251 H:190 F:52
								8491A6 EB          XBA                    A:0005 X:0E68 Y:0005 S:0119 D:0000 DB:86 nvmxdizc V:251 H:193 F:52
								8491A7 0A          ASL A                  A:0500 X:0E68 Y:0005 S:0119 D:0000 DB:86 nvmxdiZc V:251 H:198 F:52
								8491A8 18          CLC                    A:0A00 X:0E68 Y:0005 S:0119 D:0000 DB:86 nvmxdizc V:251 H:201 F:52
								8491A9 65 06       ADC $06       [000006] A:0A00 X:0E68 Y:0005 S:0119 D:0000 DB:86 nvmxdizc V:251 H:204 F:52
								8491AB AA          TAX                    A:0A58 X:0E68 Y:0005 S:0119 D:0000 DB:86 nvmxdizc V:251 H:211 F:52
								8491AC 60          RTS                    A:0A58 X:0A58 Y:0005 S:0119 D:0000 DB:86 nvmxdizc V:251 H:214 F:52

							8490F9 BF 00 20 7E LDA $7E2000,X [7E2A58] A:0A58 X:0A58 Y:0005 S:011B D:0000 DB:86 nvmxdizc V:251 H:224 F:52
							8490FD A8          TAY                    A:02D0 X:0A58 Y:0005 S:011B D:0000 DB:86 nvmxdizc V:251 H:234 F:52
							8490FE AD 92 0B    LDA $0B92     [860B92] A:02D0 X:0A58 Y:02D0 S:011B D:0000 DB:86 nvmxdizc V:251 H:237 F:52
							849101 85 10       STA $10       [000010] A:EDC3 X:0A58 Y:02D0 S:011B D:0000 DB:86 Nvmxdizc V:251 H:245 F:52
							849103 AD 94 0B    LDA $0B94     [860B94] A:EDC3 X:0A58 Y:02D0 S:011B D:0000 DB:86 Nvmxdizc V:251 H:252 F:52
							849106 85 12       STA $12       [000012] A:E095 X:0A58 Y:02D0 S:011B D:0000 DB:86 Nvmxdizc V:251 H:261 F:52
							849108 B7 10       LDA [$10],Y   [95F093] A:E095 X:0A58 Y:02D0 S:011B D:0000 DB:86 Nvmxdizc V:251 H:268 F:52
							84910A 29 FF 00    AND #$00FF             A:0000 X:0A58 Y:02D0 S:011B D:0000 DB:86 nvmxdiZc V:251 H:280 F:52
							84910D 28          PLP                    A:0000 X:0A58 Y:02D0 S:011B D:0000 DB:86 nvmxdiZc V:251 H:284 F:52
							84910E FA          PLX                    A:0000 X:0A58 Y:02D0 S:011C D:0000 DB:86 nvMxdizc V:251 H:291 F:52
							84910F 2B          PLD                    A:0000 X:0E68 Y:02D0 S:011E D:0000 DB:86 nvMxdizc V:251 H:299 F:52
							849110 60          RTS                    A:0000 X:0E68 Y:02D0 S:0120 D:0000 DB:86 nvMxdiZc V:251 H:308 F:52

						849318 B4 05       LDY $05,X     [000E6D] A:0000 X:0E68 Y:02D0 S:0122 D:0000 DB:86 nvMxdiZc V:251 H:318 F:52
						84931A 84 10       STY $10       [000010] A:0000 X:0E68 Y:1EB6 S:0122 D:0000 DB:86 nvMxdizc V:251 H:326 F:52
						84931C B4 08       LDY $08,X     [000E70] A:0000 X:0E68 Y:1EB6 S:0122 D:0000 DB:86 nvMxdizc V:251 H:332 F:52
						84931E 84 12       STY $12       [000012] A:0000 X:0E68 Y:0120 S:0122 D:0000 DB:86 nvMxdizc V:252 H:  1 F:52
						849320 95 2D       STA $2D,X     [000E95] A:0000 X:0E68 Y:0120 S:0122 D:0000 DB:86 nvMxdizc V:252 H:  8 F:52
						849322 86 2C       STX $2C       [00002C] A:0000 X:0E68 Y:0120 S:0122 D:0000 DB:86 nvMxdizc V:252 H: 14 F:52
						849324 29 3F       AND #$3F               A:0000 X:0E68 Y:0120 S:0122 D:0000 DB:86 nvMxdizc V:252 H: 21 F:52
						849326 0A          ASL A                  A:0000 X:0E68 Y:0120 S:0122 D:0000 DB:86 nvMxdiZc V:252 H: 24 F:52
						849327 EB          XBA                    A:0000 X:0E68 Y:0120 S:0122 D:0000 DB:86 nvMxdiZc V:252 H: 27 F:52
						849328 A9 00       LDA #$00               A:0000 X:0E68 Y:0120 S:0122 D:0000 DB:86 nvMxdiZc V:252 H: 32 F:52
						84932A EB          XBA                    A:0000 X:0E68 Y:0120 S:0122 D:0000 DB:86 nvMxdiZc V:252 H: 35 F:52
						84932B AA          TAX                    A:0000 X:0E68 Y:0120 S:0122 D:0000 DB:86 nvMxdiZc V:252 H: 39 F:52
						84932C FC 5D 93    JSR ($935D,X) [84935D] A:0000 X:0000 Y:0120 S:0122 D:0000 DB:86 nvMxdiZc V:252 H: 42 F:52

							84977A A9 00       LDA #$00               A:0000 X:0000 Y:0120 S:0120 D:0000 DB:86 nvMxdiZc V:252 H: 55 F:52
							84977C 60          RTS                    A:0000 X:0000 Y:0120 S:0120 D:0000 DB:86 nvMxdiZc V:252 H: 58 F:52

						84932F 08          PHP                    A:0000 X:0000 Y:0120 S:0122 D:0000 DB:86 nvMxdiZc V:252 H: 68 F:52
						849330 A6 2C       LDX $2C       [00002C] A:0000 X:0000 Y:0120 S:0121 D:0000 DB:86 nvMxdiZc V:252 H: 73 F:52
						849332 A9 01       LDA #$01               A:0000 X:0E68 Y:0120 S:0121 D:0000 DB:86 nvMxdizc V:252 H: 80 F:52
						849334 34 29       BIT $29,X     [000E91] A:0001 X:0E68 Y:0120 S:0121 D:0000 DB:86 nvMxdizc V:252 H: 83 F:52
						849336 10 02       BPL $0002     [84933A] A:0001 X:0E68 Y:0120 S:0121 D:0000 DB:86 nvMxdiZc V:252 H: 90 F:52
						84933A 28          PLP                    A:0001 X:0E68 Y:0120 S:0121 D:0000 DB:86 nvMxdiZc V:252 H: 94 F:52
						84933B F0 0C       BEQ $000C     [849349] A:0001 X:0E68 Y:0120 S:0122 D:0000 DB:86 nvMxdiZc V:252 H:101 F:52
						849349 49 FF       EOR #$FF               A:0001 X:0E68 Y:0120 S:0122 D:0000 DB:86 nvMxdiZc V:252 H:105 F:52
						84934B 35 2B       AND $2B,X     [000E93] A:00FE X:0E68 Y:0120 S:0122 D:0000 DB:86 NvMxdizc V:252 H:108 F:52
						84934D 95 2B       STA $2B,X     [000E93] A:0000 X:0E68 Y:0120 S:0122 D:0000 DB:86 nvMxdiZc V:252 H:115 F:52
						84934F 20 08 93    JSR $9308     [849308] A:0000 X:0E68 Y:0120 S:0122 D:0000 DB:86 nvMxdiZc V:252 H:121 F:52

							849308 A5 14       LDA $14       [000014] A:0000 X:0E68 Y:0120 S:0120 D:0000 DB:86 nvMxdiZc V:252 H:131 F:52
							84930A F0 08       BEQ $0008     [849314] A:0000 X:0E68 Y:0120 S:0120 D:0000 DB:86 nvMxdiZc V:252 H:146 F:52
							849314 60          RTS                    A:0000 X:0E68 Y:0120 S:0120 D:0000 DB:86 nvMxdiZc V:252 H:151 F:52

						849352 A9 00       LDA #$00               A:0000 X:0E68 Y:0120 S:0122 D:0000 DB:86 nvMxdiZc V:252 H:161 F:52
						849354 60          RTS                    A:0000 X:0E68 Y:0120 S:0122 D:0000 DB:86 nvMxdiZc V:252 H:164 F:52

					8492DD D0 26       BNE $0026     [849305] A:0000 X:0E68 Y:0120 S:0124 D:0000 DB:86 nvMxdiZc V:252 H:174 F:52
					8492DF B4 20       LDY $20,X     [000E88] A:0000 X:0E68 Y:0120 S:0124 D:0000 DB:86 nvMxdiZc V:252 H:177 F:52
					8492E1 B9 06 00    LDA $0006,Y   [86C433] A:0000 X:0E68 Y:C42D S:0124 D:0000 DB:86 NvMxdizc V:252 H:185 F:52
					8492E4 38          SEC                    A:0002 X:0E68 Y:C42D S:0124 D:0000 DB:86 nvMxdizc V:252 H:193 F:52
					8492E5 F9 08 00    SBC $0008,Y   [86C435] A:0002 X:0E68 Y:C42D S:0124 D:0000 DB:86 nvMxdizC V:252 H:196 F:52
					8492E8 18          CLC                    A:00F1 X:0E68 Y:C42D S:0124 D:0000 DB:86 NvMxdizc V:252 H:203 F:52
					8492E9 79 09 00    ADC $0009,Y   [86C436] A:00F1 X:0E68 Y:C42D S:0124 D:0000 DB:86 NvMxdizc V:252 H:206 F:52
					8492EC 95 2A       STA $2A,X     [000E92] A:00F6 X:0E68 Y:C42D S:0124 D:0000 DB:86 NvMxdizc V:252 H:214 F:52
					8492EE 20 15 93    JSR $9315     [849315] A:00F6 X:0E68 Y:C42D S:0124 D:0000 DB:86 NvMxdizc V:252 H:220 F:52

						849315 20 B3 90    JSR $90B3     [8490B3] A:00F6 X:0E68 Y:C42D S:0122 D:0000 DB:86 NvMxdizc V:252 H:230 F:52

							8490B3 0B          PHD                    A:00F6 X:0E68 Y:C42D S:0120 D:0000 DB:86 NvMxdizc V:252 H:240 F:52
							8490B4 DA          PHX                    A:00F6 X:0E68 Y:C42D S:011E D:0000 DB:86 NvMxdizc V:252 H:247 F:52
							8490B5 08          PHP                    A:00F6 X:0E68 Y:C42D S:011C D:0000 DB:86 NvMxdizc V:252 H:254 F:52
							8490B6 E2 20       SEP #$20               A:00F6 X:0E68 Y:C42D S:011B D:0000 DB:86 NvMxdizc V:252 H:259 F:52
							8490B8 C2 10       REP #$10               A:00F6 X:0E68 Y:C42D S:011B D:0000 DB:86 NvMxdizc V:252 H:264 F:52
							8490BA 64 01       STZ $01       [000001] A:00F6 X:0E68 Y:C42D S:011B D:0000 DB:86 NvMxdizc V:252 H:268 F:52
							8490BC B5 29       LDA $29,X     [000E91] A:00F6 X:0E68 Y:C42D S:011B D:0000 DB:86 NvMxdizc V:252 H:273 F:52
							8490BE 10 02       BPL $0002     [8490C2] A:000E X:0E68 Y:C42D S:011B D:0000 DB:86 nvMxdizc V:252 H:280 F:52
							8490C2 18          CLC                    A:000E X:0E68 Y:C42D S:011B D:0000 DB:86 nvMxdizc V:252 H:284 F:52
							8490C3 75 05       ADC $05,X     [000E6D] A:000E X:0E68 Y:C42D S:011B D:0000 DB:86 nvMxdizc V:252 H:287 F:52
							8490C5 85 00       STA $00       [000000] A:00C4 X:0E68 Y:C42D S:011B D:0000 DB:86 NvMxdizc V:252 H:294 F:52
							8490C7 B5 06       LDA $06,X     [000E6E] A:00C4 X:0E68 Y:C42D S:011B D:0000 DB:86 NvMxdizc V:252 H:299 F:52
							8490C9 65 01       ADC $01       [000001] A:001E X:0E68 Y:C42D S:011B D:0000 DB:86 nvMxdizc V:252 H:305 F:52
							8490CB 85 01       STA $01       [000001] A:001E X:0E68 Y:C42D S:011B D:0000 DB:86 nvMxdizc V:252 H:310 F:52
							8490CD 64 03       STZ $03       [000003] A:001E X:0E68 Y:C42D S:011B D:0000 DB:86 nvMxdizc V:252 H:315 F:52
							8490CF B5 2A       LDA $2A,X     [000E92] A:001E X:0E68 Y:C42D S:011B D:0000 DB:86 nvMxdizc V:252 H:320 F:52
							8490D1 10 02       BPL $0002     [8490D5] A:00F6 X:0E68 Y:C42D S:011B D:0000 DB:86 NvMxdizc V:252 H:326 F:52
							8490D3 C6 03       DEC $03       [000003] A:00F6 X:0E68 Y:C42D S:011B D:0000 DB:86 NvMxdizc V:252 H:329 F:52
							8490D5 18          CLC                    A:00F6 X:0E68 Y:C42D S:011B D:0000 DB:86 NvMxdizc V:252 H:337 F:52
							8490D6 75 08       ADC $08,X     [000E70] A:00F6 X:0E68 Y:C42D S:011B D:0000 DB:86 NvMxdizc V:253 H:  0 F:52
							8490D8 85 02       STA $02       [000002] A:0016 X:0E68 Y:C42D S:011B D:0000 DB:86 nvMxdizC V:253 H:  7 F:52
							8490DA 29 F0       AND #$F0               A:0016 X:0E68 Y:C42D S:011B D:0000 DB:86 nvMxdizC V:253 H: 12 F:52
							8490DC 85 0A       STA $0A       [00000A] A:0010 X:0E68 Y:C42D S:011B D:0000 DB:86 nvMxdizC V:253 H: 15 F:52
							8490DE B5 09       LDA $09,X     [000E71] A:0010 X:0E68 Y:C42D S:011B D:0000 DB:86 nvMxdizC V:253 H: 20 F:52
							8490E0 65 03       ADC $03       [000003] A:0001 X:0E68 Y:C42D S:011B D:0000 DB:86 nvMxdizC V:253 H: 26 F:52
							8490E2 85 03       STA $03       [000003] A:0001 X:0E68 Y:C42D S:011B D:0000 DB:86 nvMxdizC V:253 H: 31 F:52
							8490E4 85 0B       STA $0B       [00000B] A:0001 X:0E68 Y:C42D S:011B D:0000 DB:86 nvMxdizC V:253 H: 36 F:52
							8490E6 A5 00       LDA $00       [000000] A:0001 X:0E68 Y:C42D S:011B D:0000 DB:86 nvMxdizC V:253 H: 41 F:52
							8490E8 29 0F       AND #$0F               A:00C4 X:0E68 Y:C42D S:011B D:0000 DB:86 NvMxdizC V:253 H: 46 F:52
							8490EA 1A          INC                    A:0004 X:0E68 Y:C42D S:011B D:0000 DB:86 nvMxdizC V:253 H: 49 F:52
							8490EB 85 0C       STA $0C       [00000C] A:0005 X:0E68 Y:C42D S:011B D:0000 DB:86 nvMxdizC V:253 H: 52 F:52
							8490ED A5 02       LDA $02       [000002] A:0005 X:0E68 Y:C42D S:011B D:0000 DB:86 nvMxdizC V:253 H: 57 F:52
							8490EF 29 0F       AND #$0F               A:0016 X:0E68 Y:C42D S:011B D:0000 DB:86 nvMxdizC V:253 H: 62 F:52
							8490F1 1A          INC                    A:0006 X:0E68 Y:C42D S:011B D:0000 DB:86 nvMxdizC V:253 H: 65 F:52
							8490F2 85 0E       STA $0E       [00000E] A:0007 X:0E68 Y:C42D S:011B D:0000 DB:86 nvMxdizC V:253 H: 68 F:52
							8490F4 C2 20       REP #$20               A:0007 X:0E68 Y:C42D S:011B D:0000 DB:86 nvMxdizC V:253 H: 73 F:52
							8490F6 20 6A 91    JSR $916A     [84916A] A:0007 X:0E68 Y:C42D S:011B D:0000 DB:86 nvmxdizC V:253 H: 78 F:52

								84916A A9 00 E8    LDA #$E800             A:0007 X:0E68 Y:C42D S:0119 D:0000 DB:86 nvmxdizC V:253 H: 88 F:52
								84916D 85 10       STA $10       [000010] A:E800 X:0E68 Y:C42D S:0119 D:0000 DB:86 NvmxdizC V:253 H: 92 F:52
								84916F A9 7E 00    LDA #$007E             A:E800 X:0E68 Y:C42D S:0119 D:0000 DB:86 NvmxdizC V:253 H: 99 F:52
								849172 85 12       STA $12       [000012] A:007E X:0E68 Y:C42D S:0119 D:0000 DB:86 nvmxdizC V:253 H:104 F:52
								849174 A5 02       LDA $02       [000002] A:007E X:0E68 Y:C42D S:0119 D:0000 DB:86 nvmxdizC V:253 H:111 F:52
								849176 29 F0 00    AND #$00F0             A:0116 X:0E68 Y:C42D S:0119 D:0000 DB:86 nvmxdizC V:253 H:118 F:52
								849179 0A          ASL A                  A:0010 X:0E68 Y:C42D S:0119 D:0000 DB:86 nvmxdizC V:253 H:122 F:52
								84917A 85 04       STA $04       [000004] A:0020 X:0E68 Y:C42D S:0119 D:0000 DB:86 nvmxdizc V:253 H:125 F:52
								84917C A5 00       LDA $00       [000000] A:0020 X:0E68 Y:C42D S:0119 D:0000 DB:86 nvmxdizc V:253 H:132 F:52
								84917E 29 FF 00    AND #$00FF             A:1EC4 X:0E68 Y:C42D S:0119 D:0000 DB:86 nvmxdizc V:253 H:149 F:52
								849181 4A          LSR A                  A:00C4 X:0E68 Y:C42D S:0119 D:0000 DB:86 nvmxdizc V:253 H:154 F:52
								849182 4A          LSR A                  A:0062 X:0E68 Y:C42D S:0119 D:0000 DB:86 nvmxdizc V:253 H:157 F:52
								849183 4A          LSR A                  A:0031 X:0E68 Y:C42D S:0119 D:0000 DB:86 nvmxdizc V:253 H:160 F:52
								849184 29 FE FF    AND #$FFFE             A:0018 X:0E68 Y:C42D S:0119 D:0000 DB:86 nvmxdizC V:253 H:163 F:52
								849187 18          CLC                    A:0018 X:0E68 Y:C42D S:0119 D:0000 DB:86 nvmxdizC V:253 H:167 F:52
								849188 65 04       ADC $04       [000004] A:0018 X:0E68 Y:C42D S:0119 D:0000 DB:86 nvmxdizc V:253 H:170 F:52
								84918A 85 06       STA $06       [000006] A:0038 X:0E68 Y:C42D S:0119 D:0000 DB:86 nvmxdizc V:253 H:177 F:52
								84918C A5 00       LDA $00       [000000] A:0038 X:0E68 Y:C42D S:0119 D:0000 DB:86 nvmxdizc V:253 H:184 F:52
								84918E EB          XBA                    A:1EC4 X:0E68 Y:C42D S:0119 D:0000 DB:86 nvmxdizc V:253 H:191 F:52
								84918F 29 1F 00    AND #$001F             A:C41E X:0E68 Y:C42D S:0119 D:0000 DB:86 nvmxdizc V:253 H:196 F:52
								849192 85 04       STA $04       [000004] A:001E X:0E68 Y:C42D S:0119 D:0000 DB:86 nvmxdizc V:253 H:200 F:52
								849194 A5 02       LDA $02       [000002] A:001E X:0E68 Y:C42D S:0119 D:0000 DB:86 nvmxdizc V:253 H:207 F:52
								849196 29 00 1F    AND #$1F00             A:0116 X:0E68 Y:C42D S:0119 D:0000 DB:86 nvmxdizc V:253 H:214 F:52
								849199 4A          LSR A                  A:0100 X:0E68 Y:C42D S:0119 D:0000 DB:86 nvmxdizc V:253 H:219 F:52
								84919A 4A          LSR A                  A:0080 X:0E68 Y:C42D S:0119 D:0000 DB:86 nvmxdizc V:253 H:222 F:52
								84919B 4A          LSR A                  A:0040 X:0E68 Y:C42D S:0119 D:0000 DB:86 nvmxdizc V:253 H:225 F:52
								84919C 18          CLC                    A:0020 X:0E68 Y:C42D S:0119 D:0000 DB:86 nvmxdizc V:253 H:228 F:52
								84919D 65 04       ADC $04       [000004] A:0020 X:0E68 Y:C42D S:0119 D:0000 DB:86 nvmxdizc V:253 H:231 F:52
								84919F A8          TAY                    A:003E X:0E68 Y:C42D S:0119 D:0000 DB:86 nvmxdizc V:253 H:238 F:52
								8491A0 B7 10       LDA [$10],Y   [7EE83E] A:003E X:0E68 Y:003E S:0119 D:0000 DB:86 nvmxdizc V:253 H:241 F:52
								8491A2 29 FF 00    AND #$00FF             A:0005 X:0E68 Y:003E S:0119 D:0000 DB:86 nvmxdizc V:253 H:254 F:52
								8491A5 A8          TAY                    A:0005 X:0E68 Y:003E S:0119 D:0000 DB:86 nvmxdizc V:253 H:258 F:52
								8491A6 EB          XBA                    A:0005 X:0E68 Y:0005 S:0119 D:0000 DB:86 nvmxdizc V:253 H:261 F:52
								8491A7 0A          ASL A                  A:0500 X:0E68 Y:0005 S:0119 D:0000 DB:86 nvmxdiZc V:253 H:266 F:52
								8491A8 18          CLC                    A:0A00 X:0E68 Y:0005 S:0119 D:0000 DB:86 nvmxdizc V:253 H:269 F:52
								8491A9 65 06       ADC $06       [000006] A:0A00 X:0E68 Y:0005 S:0119 D:0000 DB:86 nvmxdizc V:253 H:272 F:52
								8491AB AA          TAX                    A:0A38 X:0E68 Y:0005 S:0119 D:0000 DB:86 nvmxdizc V:253 H:279 F:52
								8491AC 60          RTS                    A:0A38 X:0A38 Y:0005 S:0119 D:0000 DB:86 nvmxdizc V:253 H:282 F:52

							8490F9 BF 00 20 7E LDA $7E2000,X [7E2A38] A:0A38 X:0A38 Y:0005 S:011B D:0000 DB:86 nvmxdizc V:253 H:292 F:52
							8490FD A8          TAY                    A:02D3 X:0A38 Y:0005 S:011B D:0000 DB:86 nvmxdizc V:253 H:302 F:52
							8490FE AD 92 0B    LDA $0B92     [860B92] A:02D3 X:0A38 Y:02D3 S:011B D:0000 DB:86 nvmxdizc V:253 H:305 F:52
							849101 85 10       STA $10       [000010] A:EDC3 X:0A38 Y:02D3 S:011B D:0000 DB:86 Nvmxdizc V:253 H:313 F:52
							849103 AD 94 0B    LDA $0B94     [860B94] A:EDC3 X:0A38 Y:02D3 S:011B D:0000 DB:86 Nvmxdizc V:253 H:320 F:52
							849106 85 12       STA $12       [000012] A:E095 X:0A38 Y:02D3 S:011B D:0000 DB:86 Nvmxdizc V:253 H:328 F:52
							849108 B7 10       LDA [$10],Y   [95F096] A:E095 X:0A38 Y:02D3 S:011B D:0000 DB:86 Nvmxdizc V:253 H:335 F:52
							84910A 29 FF 00    AND #$00FF             A:0000 X:0A38 Y:02D3 S:011B D:0000 DB:86 nvmxdiZc V:254 H:  7 F:52
							84910D 28          PLP                    A:0000 X:0A38 Y:02D3 S:011B D:0000 DB:86 nvmxdiZc V:254 H: 11 F:52
							84910E FA          PLX                    A:0000 X:0A38 Y:02D3 S:011C D:0000 DB:86 NvMxdizc V:254 H: 18 F:52
							84910F 2B          PLD                    A:0000 X:0E68 Y:02D3 S:011E D:0000 DB:86 nvMxdizc V:254 H: 26 F:52
							849110 60          RTS                    A:0000 X:0E68 Y:02D3 S:0120 D:0000 DB:86 nvMxdiZc V:254 H: 35 F:52

						849318 B4 05       LDY $05,X     [000E6D] A:0000 X:0E68 Y:02D3 S:0122 D:0000 DB:86 nvMxdiZc V:254 H: 45 F:52
						84931A 84 10       STY $10       [000010] A:0000 X:0E68 Y:1EB6 S:0122 D:0000 DB:86 nvMxdizc V:254 H: 53 F:52
						84931C B4 08       LDY $08,X     [000E70] A:0000 X:0E68 Y:1EB6 S:0122 D:0000 DB:86 nvMxdizc V:254 H: 60 F:52
						84931E 84 12       STY $12       [000012] A:0000 X:0E68 Y:0120 S:0122 D:0000 DB:86 nvMxdizc V:254 H: 69 F:52
						849320 95 2D       STA $2D,X     [000E95] A:0000 X:0E68 Y:0120 S:0122 D:0000 DB:86 nvMxdizc V:254 H: 76 F:52
						849322 86 2C       STX $2C       [00002C] A:0000 X:0E68 Y:0120 S:0122 D:0000 DB:86 nvMxdizc V:254 H: 82 F:52
						849324 29 3F       AND #$3F               A:0000 X:0E68 Y:0120 S:0122 D:0000 DB:86 nvMxdizc V:254 H: 89 F:52
						849326 0A          ASL A                  A:0000 X:0E68 Y:0120 S:0122 D:0000 DB:86 nvMxdiZc V:254 H: 92 F:52
						849327 EB          XBA                    A:0000 X:0E68 Y:0120 S:0122 D:0000 DB:86 nvMxdiZc V:254 H: 95 F:52
						849328 A9 00       LDA #$00               A:0000 X:0E68 Y:0120 S:0122 D:0000 DB:86 nvMxdiZc V:254 H:100 F:52
						84932A EB          XBA                    A:0000 X:0E68 Y:0120 S:0122 D:0000 DB:86 nvMxdiZc V:254 H:103 F:52
						84932B AA          TAX                    A:0000 X:0E68 Y:0120 S:0122 D:0000 DB:86 nvMxdiZc V:254 H:107 F:52
						84932C FC 5D 93    JSR ($935D,X) [84935D] A:0000 X:0000 Y:0120 S:0122 D:0000 DB:86 nvMxdiZc V:254 H:110 F:52

							84977A A9 00       LDA #$00               A:0000 X:0000 Y:0120 S:0120 D:0000 DB:86 nvMxdiZc V:254 H:123 F:52
							84977C 60          RTS                    A:0000 X:0000 Y:0120 S:0120 D:0000 DB:86 nvMxdiZc V:254 H:126 F:52

						84932F 08          PHP                    A:0000 X:0000 Y:0120 S:0122 D:0000 DB:86 nvMxdiZc V:254 H:146 F:52
						849330 A6 2C       LDX $2C       [00002C] A:0000 X:0000 Y:0120 S:0121 D:0000 DB:86 nvMxdiZc V:254 H:151 F:52
						849332 A9 01       LDA #$01               A:0000 X:0E68 Y:0120 S:0121 D:0000 DB:86 nvMxdizc V:254 H:158 F:52
						849334 34 29       BIT $29,X     [000E91] A:0001 X:0E68 Y:0120 S:0121 D:0000 DB:86 nvMxdizc V:254 H:161 F:52
						849336 10 02       BPL $0002     [84933A] A:0001 X:0E68 Y:0120 S:0121 D:0000 DB:86 nvMxdiZc V:254 H:168 F:52
						84933A 28          PLP                    A:0001 X:0E68 Y:0120 S:0121 D:0000 DB:86 nvMxdiZc V:254 H:172 F:52
						84933B F0 0C       BEQ $000C     [849349] A:0001 X:0E68 Y:0120 S:0122 D:0000 DB:86 nvMxdiZc V:254 H:179 F:52
						849349 49 FF       EOR #$FF               A:0001 X:0E68 Y:0120 S:0122 D:0000 DB:86 nvMxdiZc V:254 H:183 F:52
						84934B 35 2B       AND $2B,X     [000E93] A:00FE X:0E68 Y:0120 S:0122 D:0000 DB:86 NvMxdizc V:254 H:186 F:52
						84934D 95 2B       STA $2B,X     [000E93] A:0000 X:0E68 Y:0120 S:0122 D:0000 DB:86 nvMxdiZc V:254 H:193 F:52
						84934F 20 08 93    JSR $9308     [849308] A:0000 X:0E68 Y:0120 S:0122 D:0000 DB:86 nvMxdiZc V:254 H:199 F:52

							849308 A5 14       LDA $14       [000014] A:0000 X:0E68 Y:0120 S:0120 D:0000 DB:86 nvMxdiZc V:254 H:209 F:52
							84930A F0 08       BEQ $0008     [849314] A:0000 X:0E68 Y:0120 S:0120 D:0000 DB:86 nvMxdiZc V:254 H:214 F:52
							849314 60          RTS                    A:0000 X:0E68 Y:0120 S:0120 D:0000 DB:86 nvMxdiZc V:254 H:219 F:52

						849352 A9 00       LDA #$00               A:0000 X:0E68 Y:0120 S:0122 D:0000 DB:86 nvMxdiZc V:254 H:229 F:52
						849354 60          RTS                    A:0000 X:0E68 Y:0120 S:0122 D:0000 DB:86 nvMxdiZc V:254 H:232 F:52

					8492F1 D0 12       BNE $0012     [849305] A:0000 X:0E68 Y:0120 S:0124 D:0000 DB:86 nvMxdiZc V:254 H:242 F:52
					8492F3 B4 20       LDY $20,X     [000E88] A:0000 X:0E68 Y:0120 S:0124 D:0000 DB:86 nvMxdiZc V:254 H:245 F:52
					8492F5 B9 06 00    LDA $0006,Y   [86C433] A:0000 X:0E68 Y:C42D S:0124 D:0000 DB:86 NvMxdizc V:254 H:253 F:52
					8492F8 18          CLC                    A:0002 X:0E68 Y:C42D S:0124 D:0000 DB:86 nvMxdizc V:254 H:261 F:52
					8492F9 79 08 00    ADC $0008,Y   [86C435] A:0002 X:0E68 Y:C42D S:0124 D:0000 DB:86 nvMxdizc V:254 H:264 F:52
					8492FC 38          SEC                    A:0013 X:0E68 Y:C42D S:0124 D:0000 DB:86 nvMxdizc V:254 H:271 F:52
					8492FD F9 09 00    SBC $0009,Y   [86C436] A:0013 X:0E68 Y:C42D S:0124 D:0000 DB:86 nvMxdizC V:254 H:274 F:52
					849300 95 2A       STA $2A,X     [000E92] A:000E X:0E68 Y:C42D S:0124 D:0000 DB:86 nvMxdizC V:254 H:282 F:52
					849302 20 15 93    JSR $9315     [849315] A:000E X:0E68 Y:C42D S:0124 D:0000 DB:86 nvMxdizC V:254 H:288 F:52

						849315 20 B3 90    JSR $90B3     [8490B3] A:000E X:0E68 Y:C42D S:0122 D:0000 DB:86 nvMxdizC V:254 H:298 F:52

							8490B3 0B          PHD                    A:000E X:0E68 Y:C42D S:0120 D:0000 DB:86 nvMxdizC V:254 H:308 F:52
							8490B4 DA          PHX                    A:000E X:0E68 Y:C42D S:011E D:0000 DB:86 nvMxdizC V:254 H:315 F:52
							8490B5 08          PHP                    A:000E X:0E68 Y:C42D S:011C D:0000 DB:86 nvMxdizC V:254 H:322 F:52
							8490B6 E2 20       SEP #$20               A:000E X:0E68 Y:C42D S:011B D:0000 DB:86 nvMxdizC V:254 H:327 F:52
							8490B8 C2 10       REP #$10               A:000E X:0E68 Y:C42D S:011B D:0000 DB:86 nvMxdizC V:254 H:331 F:52
							8490BA 64 01       STZ $01       [000001] A:000E X:0E68 Y:C42D S:011B D:0000 DB:86 nvMxdizC V:254 H:335 F:52
							8490BC B5 29       LDA $29,X     [000E91] A:000E X:0E68 Y:C42D S:011B D:0000 DB:86 nvMxdizC V:255 H:  0 F:52
							8490BE 10 02       BPL $0002     [8490C2] A:000E X:0E68 Y:C42D S:011B D:0000 DB:86 nvMxdizC V:255 H:  7 F:52
							8490C2 18          CLC                    A:000E X:0E68 Y:C42D S:011B D:0000 DB:86 nvMxdizC V:255 H: 11 F:52
							8490C3 75 05       ADC $05,X     [000E6D] A:000E X:0E68 Y:C42D S:011B D:0000 DB:86 nvMxdizc V:255 H: 14 F:52
							8490C5 85 00       STA $00       [000000] A:00C4 X:0E68 Y:C42D S:011B D:0000 DB:86 NvMxdizc V:255 H: 21 F:52
							8490C7 B5 06       LDA $06,X     [000E6E] A:00C4 X:0E68 Y:C42D S:011B D:0000 DB:86 NvMxdizc V:255 H: 26 F:52
							8490C9 65 01       ADC $01       [000001] A:001E X:0E68 Y:C42D S:011B D:0000 DB:86 nvMxdizc V:255 H: 32 F:52
							8490CB 85 01       STA $01       [000001] A:001E X:0E68 Y:C42D S:011B D:0000 DB:86 nvMxdizc V:255 H: 37 F:52
							8490CD 64 03       STZ $03       [000003] A:001E X:0E68 Y:C42D S:011B D:0000 DB:86 nvMxdizc V:255 H: 42 F:52
							8490CF B5 2A       LDA $2A,X     [000E92] A:001E X:0E68 Y:C42D S:011B D:0000 DB:86 nvMxdizc V:255 H: 47 F:52
							8490D1 10 02       BPL $0002     [8490D5] A:000E X:0E68 Y:C42D S:011B D:0000 DB:86 nvMxdizc V:255 H: 54 F:52
							8490D5 18          CLC                    A:000E X:0E68 Y:C42D S:011B D:0000 DB:86 nvMxdizc V:255 H: 58 F:52
							8490D6 75 08       ADC $08,X     [000E70] A:000E X:0E68 Y:C42D S:011B D:0000 DB:86 nvMxdizc V:255 H: 61 F:52
							8490D8 85 02       STA $02       [000002] A:002E X:0E68 Y:C42D S:011B D:0000 DB:86 nvMxdizc V:255 H: 68 F:52
							8490DA 29 F0       AND #$F0               A:002E X:0E68 Y:C42D S:011B D:0000 DB:86 nvMxdizc V:255 H: 73 F:52
							8490DC 85 0A       STA $0A       [00000A] A:0020 X:0E68 Y:C42D S:011B D:0000 DB:86 nvMxdizc V:255 H: 76 F:52
							8490DE B5 09       LDA $09,X     [000E71] A:0020 X:0E68 Y:C42D S:011B D:0000 DB:86 nvMxdizc V:255 H: 81 F:52
							8490E0 65 03       ADC $03       [000003] A:0001 X:0E68 Y:C42D S:011B D:0000 DB:86 nvMxdizc V:255 H: 87 F:52
							8490E2 85 03       STA $03       [000003] A:0001 X:0E68 Y:C42D S:011B D:0000 DB:86 nvMxdizc V:255 H: 92 F:52
							8490E4 85 0B       STA $0B       [00000B] A:0001 X:0E68 Y:C42D S:011B D:0000 DB:86 nvMxdizc V:255 H: 97 F:52
							8490E6 A5 00       LDA $00       [000000] A:0001 X:0E68 Y:C42D S:011B D:0000 DB:86 nvMxdizc V:255 H:102 F:52
							8490E8 29 0F       AND #$0F               A:00C4 X:0E68 Y:C42D S:011B D:0000 DB:86 NvMxdizc V:255 H:107 F:52
							8490EA 1A          INC                    A:0004 X:0E68 Y:C42D S:011B D:0000 DB:86 nvMxdizc V:255 H:110 F:52
							8490EB 85 0C       STA $0C       [00000C] A:0005 X:0E68 Y:C42D S:011B D:0000 DB:86 nvMxdizc V:255 H:113 F:52
							8490ED A5 02       LDA $02       [000002] A:0005 X:0E68 Y:C42D S:011B D:0000 DB:86 nvMxdizc V:255 H:118 F:52
							8490EF 29 0F       AND #$0F               A:002E X:0E68 Y:C42D S:011B D:0000 DB:86 nvMxdizc V:255 H:123 F:52
							8490F1 1A          INC                    A:000E X:0E68 Y:C42D S:011B D:0000 DB:86 nvMxdizc V:255 H:126 F:52
							8490F2 85 0E       STA $0E       [00000E] A:000F X:0E68 Y:C42D S:011B D:0000 DB:86 nvMxdizc V:255 H:129 F:52
							8490F4 C2 20       REP #$20               A:000F X:0E68 Y:C42D S:011B D:0000 DB:86 nvMxdizc V:255 H:144 F:52
							8490F6 20 6A 91    JSR $916A     [84916A] A:000F X:0E68 Y:C42D S:011B D:0000 DB:86 nvmxdizc V:255 H:149 F:52

								84916A A9 00 E8    LDA #$E800             A:000F X:0E68 Y:C42D S:0119 D:0000 DB:86 nvmxdizc V:255 H:159 F:52
								84916D 85 10       STA $10       [000010] A:E800 X:0E68 Y:C42D S:0119 D:0000 DB:86 Nvmxdizc V:255 H:163 F:52
								84916F A9 7E 00    LDA #$007E             A:E800 X:0E68 Y:C42D S:0119 D:0000 DB:86 Nvmxdizc V:255 H:170 F:52
								849172 85 12       STA $12       [000012] A:007E X:0E68 Y:C42D S:0119 D:0000 DB:86 nvmxdizc V:255 H:175 F:52
								849174 A5 02       LDA $02       [000002] A:007E X:0E68 Y:C42D S:0119 D:0000 DB:86 nvmxdizc V:255 H:182 F:52
								849176 29 F0 00    AND #$00F0             A:012E X:0E68 Y:C42D S:0119 D:0000 DB:86 nvmxdizc V:255 H:189 F:52
								849179 0A          ASL A                  A:0020 X:0E68 Y:C42D S:0119 D:0000 DB:86 nvmxdizc V:255 H:193 F:52
								84917A 85 04       STA $04       [000004] A:0040 X:0E68 Y:C42D S:0119 D:0000 DB:86 nvmxdizc V:255 H:196 F:52
								84917C A5 00       LDA $00       [000000] A:0040 X:0E68 Y:C42D S:0119 D:0000 DB:86 nvmxdizc V:255 H:203 F:52
								84917E 29 FF 00    AND #$00FF             A:1EC4 X:0E68 Y:C42D S:0119 D:0000 DB:86 nvmxdizc V:255 H:210 F:52
								849181 4A          LSR A                  A:00C4 X:0E68 Y:C42D S:0119 D:0000 DB:86 nvmxdizc V:255 H:215 F:52
								849182 4A          LSR A                  A:0062 X:0E68 Y:C42D S:0119 D:0000 DB:86 nvmxdizc V:255 H:218 F:52
								849183 4A          LSR A                  A:0031 X:0E68 Y:C42D S:0119 D:0000 DB:86 nvmxdizc V:255 H:221 F:52
								849184 29 FE FF    AND #$FFFE             A:0018 X:0E68 Y:C42D S:0119 D:0000 DB:86 nvmxdizC V:255 H:224 F:52
								849187 18          CLC                    A:0018 X:0E68 Y:C42D S:0119 D:0000 DB:86 nvmxdizC V:255 H:228 F:52
								849188 65 04       ADC $04       [000004] A:0018 X:0E68 Y:C42D S:0119 D:0000 DB:86 nvmxdizc V:255 H:231 F:52
								84918A 85 06       STA $06       [000006] A:0058 X:0E68 Y:C42D S:0119 D:0000 DB:86 nvmxdizc V:255 H:238 F:52
								84918C A5 00       LDA $00       [000000] A:0058 X:0E68 Y:C42D S:0119 D:0000 DB:86 nvmxdizc V:255 H:245 F:52
								84918E EB          XBA                    A:1EC4 X:0E68 Y:C42D S:0119 D:0000 DB:86 nvmxdizc V:255 H:252 F:52
								84918F 29 1F 00    AND #$001F             A:C41E X:0E68 Y:C42D S:0119 D:0000 DB:86 nvmxdizc V:255 H:257 F:52
								849192 85 04       STA $04       [000004] A:001E X:0E68 Y:C42D S:0119 D:0000 DB:86 nvmxdizc V:255 H:261 F:52
								849194 A5 02       LDA $02       [000002] A:001E X:0E68 Y:C42D S:0119 D:0000 DB:86 nvmxdizc V:255 H:268 F:52
								849196 29 00 1F    AND #$1F00             A:012E X:0E68 Y:C42D S:0119 D:0000 DB:86 nvmxdizc V:255 H:275 F:52
								849199 4A          LSR A                  A:0100 X:0E68 Y:C42D S:0119 D:0000 DB:86 nvmxdizc V:255 H:280 F:52
								84919A 4A          LSR A                  A:0080 X:0E68 Y:C42D S:0119 D:0000 DB:86 nvmxdizc V:255 H:283 F:52
								84919B 4A          LSR A                  A:0040 X:0E68 Y:C42D S:0119 D:0000 DB:86 nvmxdizc V:255 H:286 F:52
								84919C 18          CLC                    A:0020 X:0E68 Y:C42D S:0119 D:0000 DB:86 nvmxdizc V:255 H:289 F:52
								84919D 65 04       ADC $04       [000004] A:0020 X:0E68 Y:C42D S:0119 D:0000 DB:86 nvmxdizc V:255 H:292 F:52
								84919F A8          TAY                    A:003E X:0E68 Y:C42D S:0119 D:0000 DB:86 nvmxdizc V:255 H:299 F:52
								8491A0 B7 10       LDA [$10],Y   [7EE83E] A:003E X:0E68 Y:003E S:0119 D:0000 DB:86 nvmxdizc V:255 H:302 F:52
								8491A2 29 FF 00    AND #$00FF             A:0005 X:0E68 Y:003E S:0119 D:0000 DB:86 nvmxdizc V:255 H:315 F:52
								8491A5 A8          TAY                    A:0005 X:0E68 Y:003E S:0119 D:0000 DB:86 nvmxdizc V:255 H:319 F:52
								8491A6 EB          XBA                    A:0005 X:0E68 Y:0005 S:0119 D:0000 DB:86 nvmxdizc V:255 H:322 F:52
								8491A7 0A          ASL A                  A:0500 X:0E68 Y:0005 S:0119 D:0000 DB:86 nvmxdiZc V:255 H:326 F:52
								8491A8 18          CLC                    A:0A00 X:0E68 Y:0005 S:0119 D:0000 DB:86 nvmxdizc V:255 H:329 F:52
								8491A9 65 06       ADC $06       [000006] A:0A00 X:0E68 Y:0005 S:0119 D:0000 DB:86 nvmxdizc V:255 H:332 F:52
								8491AB AA          TAX                    A:0A58 X:0E68 Y:0005 S:0119 D:0000 DB:86 nvmxdizc V:255 H:339 F:52
								8491AC 60          RTS                    A:0A58 X:0A58 Y:0005 S:0119 D:0000 DB:86 nvmxdizc V:256 H:  2 F:52

							8490F9 BF 00 20 7E LDA $7E2000,X [7E2A58] A:0A58 X:0A58 Y:0005 S:011B D:0000 DB:86 nvmxdizc V:256 H: 12 F:52
							8490FD A8          TAY                    A:02D0 X:0A58 Y:0005 S:011B D:0000 DB:86 nvmxdizc V:256 H: 22 F:52
							8490FE AD 92 0B    LDA $0B92     [860B92] A:02D0 X:0A58 Y:02D0 S:011B D:0000 DB:86 nvmxdizc V:256 H: 25 F:52
							849101 85 10       STA $10       [000010] A:EDC3 X:0A58 Y:02D0 S:011B D:0000 DB:86 Nvmxdizc V:256 H: 33 F:52
							849103 AD 94 0B    LDA $0B94     [860B94] A:EDC3 X:0A58 Y:02D0 S:011B D:0000 DB:86 Nvmxdizc V:256 H: 40 F:52
							849106 85 12       STA $12       [000012] A:E095 X:0A58 Y:02D0 S:011B D:0000 DB:86 Nvmxdizc V:256 H: 49 F:52
							849108 B7 10       LDA [$10],Y   [95F093] A:E095 X:0A58 Y:02D0 S:011B D:0000 DB:86 Nvmxdizc V:256 H: 56 F:52
							84910A 29 FF 00    AND #$00FF             A:0000 X:0A58 Y:02D0 S:011B D:0000 DB:86 nvmxdiZc V:256 H: 68 F:52
							84910D 28          PLP                    A:0000 X:0A58 Y:02D0 S:011B D:0000 DB:86 nvmxdiZc V:256 H: 72 F:52
							84910E FA          PLX                    A:0000 X:0A58 Y:02D0 S:011C D:0000 DB:86 nvMxdizC V:256 H: 79 F:52
							84910F 2B          PLD                    A:0000 X:0E68 Y:02D0 S:011E D:0000 DB:86 nvMxdizC V:256 H: 87 F:52
							849110 60          RTS                    A:0000 X:0E68 Y:02D0 S:0120 D:0000 DB:86 nvMxdiZC V:256 H: 96 F:52

						849318 B4 05       LDY $05,X     [000E6D] A:0000 X:0E68 Y:02D0 S:0122 D:0000 DB:86 nvMxdiZC V:256 H:106 F:52
						84931A 84 10       STY $10       [000010] A:0000 X:0E68 Y:1EB6 S:0122 D:0000 DB:86 nvMxdizC V:256 H:114 F:52
						84931C B4 08       LDY $08,X     [000E70] A:0000 X:0E68 Y:1EB6 S:0122 D:0000 DB:86 nvMxdizC V:256 H:121 F:52
						84931E 84 12       STY $12       [000012] A:0000 X:0E68 Y:0120 S:0122 D:0000 DB:86 nvMxdizC V:256 H:130 F:52
						849320 95 2D       STA $2D,X     [000E95] A:0000 X:0E68 Y:0120 S:0122 D:0000 DB:86 nvMxdizC V:256 H:147 F:52
						849322 86 2C       STX $2C       [00002C] A:0000 X:0E68 Y:0120 S:0122 D:0000 DB:86 nvMxdizC V:256 H:153 F:52
						849324 29 3F       AND #$3F               A:0000 X:0E68 Y:0120 S:0122 D:0000 DB:86 nvMxdizC V:256 H:160 F:52
						849326 0A          ASL A                  A:0000 X:0E68 Y:0120 S:0122 D:0000 DB:86 nvMxdiZC V:256 H:163 F:52
						849327 EB          XBA                    A:0000 X:0E68 Y:0120 S:0122 D:0000 DB:86 nvMxdiZc V:256 H:166 F:52
						849328 A9 00       LDA #$00               A:0000 X:0E68 Y:0120 S:0122 D:0000 DB:86 nvMxdiZc V:256 H:171 F:52
						84932A EB          XBA                    A:0000 X:0E68 Y:0120 S:0122 D:0000 DB:86 nvMxdiZc V:256 H:174 F:52
						84932B AA          TAX                    A:0000 X:0E68 Y:0120 S:0122 D:0000 DB:86 nvMxdiZc V:256 H:178 F:52
						84932C FC 5D 93    JSR ($935D,X) [84935D] A:0000 X:0000 Y:0120 S:0122 D:0000 DB:86 nvMxdiZc V:256 H:181 F:52

							84977A A9 00       LDA #$00               A:0000 X:0000 Y:0120 S:0120 D:0000 DB:86 nvMxdiZc V:256 H:194 F:52
							84977C 60          RTS                    A:0000 X:0000 Y:0120 S:0120 D:0000 DB:86 nvMxdiZc V:256 H:197 F:52

						84932F 08          PHP                    A:0000 X:0000 Y:0120 S:0122 D:0000 DB:86 nvMxdiZc V:256 H:207 F:52
						849330 A6 2C       LDX $2C       [00002C] A:0000 X:0000 Y:0120 S:0121 D:0000 DB:86 nvMxdiZc V:256 H:212 F:52
						849332 A9 01       LDA #$01               A:0000 X:0E68 Y:0120 S:0121 D:0000 DB:86 nvMxdizc V:256 H:219 F:52
						849334 34 29       BIT $29,X     [000E91] A:0001 X:0E68 Y:0120 S:0121 D:0000 DB:86 nvMxdizc V:256 H:222 F:52
						849336 10 02       BPL $0002     [84933A] A:0001 X:0E68 Y:0120 S:0121 D:0000 DB:86 nvMxdiZc V:256 H:229 F:52
						84933A 28          PLP                    A:0001 X:0E68 Y:0120 S:0121 D:0000 DB:86 nvMxdiZc V:256 H:233 F:52
						84933B F0 0C       BEQ $000C     [849349] A:0001 X:0E68 Y:0120 S:0122 D:0000 DB:86 nvMxdiZc V:256 H:240 F:52
						849349 49 FF       EOR #$FF               A:0001 X:0E68 Y:0120 S:0122 D:0000 DB:86 nvMxdiZc V:256 H:244 F:52
						84934B 35 2B       AND $2B,X     [000E93] A:00FE X:0E68 Y:0120 S:0122 D:0000 DB:86 NvMxdizc V:256 H:247 F:52
						84934D 95 2B       STA $2B,X     [000E93] A:0000 X:0E68 Y:0120 S:0122 D:0000 DB:86 nvMxdiZc V:256 H:254 F:52
						84934F 20 08 93    JSR $9308     [849308] A:0000 X:0E68 Y:0120 S:0122 D:0000 DB:86 nvMxdiZc V:256 H:260 F:52

							849308 A5 14       LDA $14       [000014] A:0000 X:0E68 Y:0120 S:0120 D:0000 DB:86 nvMxdiZc V:256 H:270 F:52
							84930A F0 08       BEQ $0008     [849314] A:0000 X:0E68 Y:0120 S:0120 D:0000 DB:86 nvMxdiZc V:256 H:275 F:52
							849314 60          RTS                    A:0000 X:0E68 Y:0120 S:0120 D:0000 DB:86 nvMxdiZc V:256 H:280 F:52

						849352 A9 00       LDA #$00               A:0000 X:0E68 Y:0120 S:0122 D:0000 DB:86 nvMxdiZc V:256 H:290 F:52
						849354 60          RTS                    A:0000 X:0E68 Y:0120 S:0122 D:0000 DB:86 nvMxdiZc V:256 H:293 F:52

					849305 C2 30       REP #$30               A:0000 X:0E68 Y:0120 S:0124 D:0000 DB:86 nvMxdiZc V:256 H:303 F:52
					849307 60          RTS                    A:0000 X:0E68 Y:0120 S:0124 D:0000 DB:86 nvmxdiZc V:256 H:307 F:52

				8491D8 20 ED 91    JSR $91ED     [8491ED] A:0000 X:0E68 Y:0120 S:0126 D:0000 DB:86 nvmxdiZc V:256 H:317 F:52

					8491ED B5 08       LDA $08,X     [000E70] A:0000 X:0E68 Y:0120 S:0124 D:0000 DB:86 nvmxdiZc V:256 H:327 F:52
					8491EF D5 24       CMP $24,X     [000E8C] A:0120 X:0E68 Y:0120 S:0124 D:0000 DB:86 nvmxdizc V:256 H:335 F:52
					8491F1 F0 F2       BEQ $00F2     [8491E5] A:0120 X:0E68 Y:0120 S:0124 D:0000 DB:86 nvmxdiZC V:257 H:  3 F:52
					8491E5 B5 1C       LDA $1C,X     [000E84] A:0120 X:0E68 Y:0120 S:0124 D:0000 DB:86 nvmxdiZC V:257 H:  8 F:52
					8491E7 F0 F5       BEQ $00F5     [8491DE] A:FFBE X:0E68 Y:0120 S:0124 D:0000 DB:86 NvmxdizC V:257 H: 16 F:52
					8491E9 10 0A       BPL $000A     [8491F5] A:FFBE X:0E68 Y:0120 S:0124 D:0000 DB:86 NvmxdizC V:257 H: 19 F:52
					8491EB 80 55       BRA $0055     [849242] A:FFBE X:0E68 Y:0120 S:0124 D:0000 DB:86 NvmxdizC V:257 H: 22 F:52
					849242 E2 20       SEP #$20               A:FFBE X:0E68 Y:0120 S:0124 D:0000 DB:86 NvmxdizC V:257 H: 27 F:52
					849244 A0 04 00    LDY #$0004             A:FFBE X:0E68 Y:0120 S:0124 D:0000 DB:86 NvMxdizC V:257 H: 31 F:52
					849247 AD 1C 1F    LDA $1F1C     [861F1C] A:FFBE X:0E68 Y:0004 S:0124 D:0000 DB:86 nvMxdizC V:257 H: 36 F:52
					84924A F0 03       BEQ $0003     [84924F] A:FF00 X:0E68 Y:0004 S:0124 D:0000 DB:86 nvMxdiZC V:257 H: 42 F:52
					84924F B5 2F       LDA $2F,X     [000E97] A:FF00 X:0E68 Y:0004 S:0124 D:0000 DB:86 nvMxdiZC V:257 H: 47 F:52
					849251 F0 03       BEQ $0003     [849256] A:FFFF X:0E68 Y:0004 S:0124 D:0000 DB:86 NvMxdizC V:257 H: 53 F:52
					849253 A0 00 00    LDY #$0000             A:FFFF X:0E68 Y:0004 S:0124 D:0000 DB:86 NvMxdizC V:257 H: 56 F:52
					849256 98          TYA                    A:FFFF X:0E68 Y:0000 S:0124 D:0000 DB:86 nvMxdiZC V:257 H: 61 F:52
					849257 09 80       ORA #$80               A:FF00 X:0E68 Y:0000 S:0124 D:0000 DB:86 nvMxdiZC V:257 H: 64 F:52
					849259 85 08       STA $08       [000008] A:FF80 X:0E68 Y:0000 S:0124 D:0000 DB:86 NvMxdizC V:257 H: 67 F:52
					84925B B4 20       LDY $20,X     [000E88] A:FF80 X:0E68 Y:0000 S:0124 D:0000 DB:86 NvMxdizC V:257 H: 72 F:52
					84925D B9 06 00    LDA $0006,Y   [86C433] A:FF80 X:0E68 Y:C42D S:0124 D:0000 DB:86 NvMxdizC V:257 H: 80 F:52
					849260 18          CLC                    A:FF02 X:0E68 Y:C42D S:0124 D:0000 DB:86 nvMxdizC V:257 H: 88 F:52
					849261 79 08 00    ADC $0008,Y   [86C435] A:FF02 X:0E68 Y:C42D S:0124 D:0000 DB:86 nvMxdizc V:257 H: 91 F:52
					849264 95 2A       STA $2A,X     [000E92] A:FF13 X:0E68 Y:C42D S:0124 D:0000 DB:86 nvMxdizc V:257 H: 98 F:52
					849266 B9 05 00    LDA $0005,Y   [86C432] A:FF13 X:0E68 Y:C42D S:0124 D:0000 DB:86 nvMxdizc V:257 H:105 F:52
					849269 34 11       BIT $11,X     [000E79] A:FF00 X:0E68 Y:C42D S:0124 D:0000 DB:86 nvMxdiZc V:257 H:112 F:52
					84926B 50 03       BVC $0003     [849270] A:FF00 X:0E68 Y:C42D S:0124 D:0000 DB:86 nVMxdiZc V:257 H:119 F:52
					84926D 49 FF       EOR #$FF               A:FF00 X:0E68 Y:C42D S:0124 D:0000 DB:86 nVMxdiZc V:257 H:122 F:52
					84926F 1A          INC                    A:FFFF X:0E68 Y:C42D S:0124 D:0000 DB:86 NVMxdizc V:257 H:125 F:52
					849270 95 29       STA $29,X     [000E91] A:FF00 X:0E68 Y:C42D S:0124 D:0000 DB:86 nVMxdiZc V:257 H:128 F:52
					849272 20 C4 95    JSR $95C4     [8495C4] A:FF00 X:0E68 Y:C42D S:0124 D:0000 DB:86 nVMxdiZc V:257 H:144 F:52

						8495C4 B5 2A       LDA $2A,X     [000E92] A:FF00 X:0E68 Y:C42D S:0122 D:0000 DB:86 nVMxdiZc V:257 H:154 F:52
						8495C6 48          PHA                    A:FF13 X:0E68 Y:C42D S:0122 D:0000 DB:86 nVMxdizc V:257 H:161 F:52
						8495C7 A5 08       LDA $08       [000008] A:FF13 X:0E68 Y:C42D S:0121 D:0000 DB:86 nVMxdizc V:257 H:166 F:52
						8495C9 29 7F       AND #$7F               A:FF80 X:0E68 Y:C42D S:0121 D:0000 DB:86 NVMxdizc V:257 H:171 F:52
						8495CB 18          CLC                    A:FF00 X:0E68 Y:C42D S:0121 D:0000 DB:86 nVMxdiZc V:257 H:174 F:52
						8495CC 75 2A       ADC $2A,X     [000E92] A:FF00 X:0E68 Y:C42D S:0121 D:0000 DB:86 nVMxdiZc V:257 H:177 F:52
						8495CE 95 2A       STA $2A,X     [000E92] A:FF13 X:0E68 Y:C42D S:0121 D:0000 DB:86 nvMxdizc V:257 H:183 F:52
						8495D0 20 B3 90    JSR $90B3     [8490B3] A:FF13 X:0E68 Y:C42D S:0121 D:0000 DB:86 nvMxdizc V:257 H:190 F:52

							8490B3 0B          PHD                    A:FF13 X:0E68 Y:C42D S:011F D:0000 DB:86 nvMxdizc V:257 H:200 F:52
							8490B4 DA          PHX                    A:FF13 X:0E68 Y:C42D S:011D D:0000 DB:86 nvMxdizc V:257 H:207 F:52
							8490B5 08          PHP                    A:FF13 X:0E68 Y:C42D S:011B D:0000 DB:86 nvMxdizc V:257 H:214 F:52
							8490B6 E2 20       SEP #$20               A:FF13 X:0E68 Y:C42D S:011A D:0000 DB:86 nvMxdizc V:257 H:219 F:52
							8490B8 C2 10       REP #$10               A:FF13 X:0E68 Y:C42D S:011A D:0000 DB:86 nvMxdizc V:257 H:223 F:52
							8490BA 64 01       STZ $01       [000001] A:FF13 X:0E68 Y:C42D S:011A D:0000 DB:86 nvMxdizc V:257 H:228 F:52
							8490BC B5 29       LDA $29,X     [000E91] A:FF13 X:0E68 Y:C42D S:011A D:0000 DB:86 nvMxdizc V:257 H:233 F:52
							8490BE 10 02       BPL $0002     [8490C2] A:FF00 X:0E68 Y:C42D S:011A D:0000 DB:86 nvMxdiZc V:257 H:239 F:52
							8490C2 18          CLC                    A:FF00 X:0E68 Y:C42D S:011A D:0000 DB:86 nvMxdiZc V:257 H:244 F:52
							8490C3 75 05       ADC $05,X     [000E6D] A:FF00 X:0E68 Y:C42D S:011A D:0000 DB:86 nvMxdiZc V:257 H:247 F:52
							8490C5 85 00       STA $00       [000000] A:FFB6 X:0E68 Y:C42D S:011A D:0000 DB:86 NvMxdizc V:257 H:253 F:52
							8490C7 B5 06       LDA $06,X     [000E6E] A:FFB6 X:0E68 Y:C42D S:011A D:0000 DB:86 NvMxdizc V:257 H:258 F:52
							8490C9 65 01       ADC $01       [000001] A:FF1E X:0E68 Y:C42D S:011A D:0000 DB:86 nvMxdizc V:257 H:265 F:52
							8490CB 85 01       STA $01       [000001] A:FF1E X:0E68 Y:C42D S:011A D:0000 DB:86 nvMxdizc V:257 H:270 F:52
							8490CD 64 03       STZ $03       [000003] A:FF1E X:0E68 Y:C42D S:011A D:0000 DB:86 nvMxdizc V:257 H:275 F:52
							8490CF B5 2A       LDA $2A,X     [000E92] A:FF1E X:0E68 Y:C42D S:011A D:0000 DB:86 nvMxdizc V:257 H:280 F:52
							8490D1 10 02       BPL $0002     [8490D5] A:FF13 X:0E68 Y:C42D S:011A D:0000 DB:86 nvMxdizc V:257 H:286 F:52
							8490D5 18          CLC                    A:FF13 X:0E68 Y:C42D S:011A D:0000 DB:86 nvMxdizc V:257 H:291 F:52
							8490D6 75 08       ADC $08,X     [000E70] A:FF13 X:0E68 Y:C42D S:011A D:0000 DB:86 nvMxdizc V:257 H:294 F:52
							8490D8 85 02       STA $02       [000002] A:FF33 X:0E68 Y:C42D S:011A D:0000 DB:86 nvMxdizc V:257 H:300 F:52
							8490DA 29 F0       AND #$F0               A:FF33 X:0E68 Y:C42D S:011A D:0000 DB:86 nvMxdizc V:257 H:305 F:52
							8490DC 85 0A       STA $0A       [00000A] A:FF30 X:0E68 Y:C42D S:011A D:0000 DB:86 nvMxdizc V:257 H:308 F:52
							8490DE B5 09       LDA $09,X     [000E71] A:FF30 X:0E68 Y:C42D S:011A D:0000 DB:86 nvMxdizc V:257 H:313 F:52
							8490E0 65 03       ADC $03       [000003] A:FF01 X:0E68 Y:C42D S:011A D:0000 DB:86 nvMxdizc V:257 H:320 F:52
							8490E2 85 03       STA $03       [000003] A:FF01 X:0E68 Y:C42D S:011A D:0000 DB:86 nvMxdizc V:257 H:324 F:52
							8490E4 85 0B       STA $0B       [00000B] A:FF01 X:0E68 Y:C42D S:011A D:0000 DB:86 nvMxdizc V:257 H:329 F:52
							8490E6 A5 00       LDA $00       [000000] A:FF01 X:0E68 Y:C42D S:011A D:0000 DB:86 nvMxdizc V:257 H:334 F:52
							8490E8 29 0F       AND #$0F               A:FFB6 X:0E68 Y:C42D S:011A D:0000 DB:86 NvMxdizc V:257 H:339 F:52
							8490EA 1A          INC                    A:FF06 X:0E68 Y:C42D S:011A D:0000 DB:86 nvMxdizc V:258 H:  2 F:52
							8490EB 85 0C       STA $0C       [00000C] A:FF07 X:0E68 Y:C42D S:011A D:0000 DB:86 nvMxdizc V:258 H:  5 F:52
							8490ED A5 02       LDA $02       [000002] A:FF07 X:0E68 Y:C42D S:011A D:0000 DB:86 nvMxdizc V:258 H: 10 F:52
							8490EF 29 0F       AND #$0F               A:FF33 X:0E68 Y:C42D S:011A D:0000 DB:86 nvMxdizc V:258 H: 15 F:52
							8490F1 1A          INC                    A:FF03 X:0E68 Y:C42D S:011A D:0000 DB:86 nvMxdizc V:258 H: 18 F:52
							8490F2 85 0E       STA $0E       [00000E] A:FF04 X:0E68 Y:C42D S:011A D:0000 DB:86 nvMxdizc V:258 H: 21 F:52
							8490F4 C2 20       REP #$20               A:FF04 X:0E68 Y:C42D S:011A D:0000 DB:86 nvMxdizc V:258 H: 26 F:52
							8490F6 20 6A 91    JSR $916A     [84916A] A:FF04 X:0E68 Y:C42D S:011A D:0000 DB:86 nvmxdizc V:258 H: 30 F:52

								84916A A9 00 E8    LDA #$E800             A:FF04 X:0E68 Y:C42D S:0118 D:0000 DB:86 nvmxdizc V:258 H: 40 F:52
								84916D 85 10       STA $10       [000010] A:E800 X:0E68 Y:C42D S:0118 D:0000 DB:86 Nvmxdizc V:258 H: 45 F:52
								84916F A9 7E 00    LDA #$007E             A:E800 X:0E68 Y:C42D S:0118 D:0000 DB:86 Nvmxdizc V:258 H: 52 F:52
								849172 85 12       STA $12       [000012] A:007E X:0E68 Y:C42D S:0118 D:0000 DB:86 nvmxdizc V:258 H: 56 F:52
								849174 A5 02       LDA $02       [000002] A:007E X:0E68 Y:C42D S:0118 D:0000 DB:86 nvmxdizc V:258 H: 63 F:52
								849176 29 F0 00    AND #$00F0             A:0133 X:0E68 Y:C42D S:0118 D:0000 DB:86 nvmxdizc V:258 H: 70 F:52
								849179 0A          ASL A                  A:0030 X:0E68 Y:C42D S:0118 D:0000 DB:86 nvmxdizc V:258 H: 75 F:52
								84917A 85 04       STA $04       [000004] A:0060 X:0E68 Y:C42D S:0118 D:0000 DB:86 nvmxdizc V:258 H: 78 F:52
								84917C A5 00       LDA $00       [000000] A:0060 X:0E68 Y:C42D S:0118 D:0000 DB:86 nvmxdizc V:258 H: 85 F:52
								84917E 29 FF 00    AND #$00FF             A:1EB6 X:0E68 Y:C42D S:0118 D:0000 DB:86 nvmxdizc V:258 H: 92 F:52
								849181 4A          LSR A                  A:00B6 X:0E68 Y:C42D S:0118 D:0000 DB:86 nvmxdizc V:258 H: 96 F:52
								849182 4A          LSR A                  A:005B X:0E68 Y:C42D S:0118 D:0000 DB:86 nvmxdizc V:258 H: 99 F:52
								849183 4A          LSR A                  A:002D X:0E68 Y:C42D S:0118 D:0000 DB:86 nvmxdizC V:258 H:102 F:52
								849184 29 FE FF    AND #$FFFE             A:0016 X:0E68 Y:C42D S:0118 D:0000 DB:86 nvmxdizC V:258 H:105 F:52
								849187 18          CLC                    A:0016 X:0E68 Y:C42D S:0118 D:0000 DB:86 nvmxdizC V:258 H:110 F:52
								849188 65 04       ADC $04       [000004] A:0016 X:0E68 Y:C42D S:0118 D:0000 DB:86 nvmxdizc V:258 H:113 F:52
								84918A 85 06       STA $06       [000006] A:0076 X:0E68 Y:C42D S:0118 D:0000 DB:86 nvmxdizc V:258 H:120 F:52
								84918C A5 00       LDA $00       [000000] A:0076 X:0E68 Y:C42D S:0118 D:0000 DB:86 nvmxdizc V:258 H:127 F:52
								84918E EB          XBA                    A:1EB6 X:0E68 Y:C42D S:0118 D:0000 DB:86 nvmxdizc V:258 H:134 F:52
								84918F 29 1F 00    AND #$001F             A:B61E X:0E68 Y:C42D S:0118 D:0000 DB:86 nvmxdizc V:258 H:148 F:52
								849192 85 04       STA $04       [000004] A:001E X:0E68 Y:C42D S:0118 D:0000 DB:86 nvmxdizc V:258 H:153 F:52
								849194 A5 02       LDA $02       [000002] A:001E X:0E68 Y:C42D S:0118 D:0000 DB:86 nvmxdizc V:258 H:160 F:52
								849196 29 00 1F    AND #$1F00             A:0133 X:0E68 Y:C42D S:0118 D:0000 DB:86 nvmxdizc V:258 H:167 F:52
								849199 4A          LSR A                  A:0100 X:0E68 Y:C42D S:0118 D:0000 DB:86 nvmxdizc V:258 H:171 F:52
								84919A 4A          LSR A                  A:0080 X:0E68 Y:C42D S:0118 D:0000 DB:86 nvmxdizc V:258 H:174 F:52
								84919B 4A          LSR A                  A:0040 X:0E68 Y:C42D S:0118 D:0000 DB:86 nvmxdizc V:258 H:177 F:52
								84919C 18          CLC                    A:0020 X:0E68 Y:C42D S:0118 D:0000 DB:86 nvmxdizc V:258 H:180 F:52
								84919D 65 04       ADC $04       [000004] A:0020 X:0E68 Y:C42D S:0118 D:0000 DB:86 nvmxdizc V:258 H:183 F:52
								84919F A8          TAY                    A:003E X:0E68 Y:C42D S:0118 D:0000 DB:86 nvmxdizc V:258 H:190 F:52
								8491A0 B7 10       LDA [$10],Y   [7EE83E] A:003E X:0E68 Y:003E S:0118 D:0000 DB:86 nvmxdizc V:258 H:193 F:52
								8491A2 29 FF 00    AND #$00FF             A:0005 X:0E68 Y:003E S:0118 D:0000 DB:86 nvmxdizc V:258 H:206 F:52
								8491A5 A8          TAY                    A:0005 X:0E68 Y:003E S:0118 D:0000 DB:86 nvmxdizc V:258 H:211 F:52
								8491A6 EB          XBA                    A:0005 X:0E68 Y:0005 S:0118 D:0000 DB:86 nvmxdizc V:258 H:214 F:52
								8491A7 0A          ASL A                  A:0500 X:0E68 Y:0005 S:0118 D:0000 DB:86 nvmxdiZc V:258 H:218 F:52
								8491A8 18          CLC                    A:0A00 X:0E68 Y:0005 S:0118 D:0000 DB:86 nvmxdizc V:258 H:221 F:52
								8491A9 65 06       ADC $06       [000006] A:0A00 X:0E68 Y:0005 S:0118 D:0000 DB:86 nvmxdizc V:258 H:224 F:52
								8491AB AA          TAX                    A:0A76 X:0E68 Y:0005 S:0118 D:0000 DB:86 nvmxdizc V:258 H:231 F:52
								8491AC 60          RTS                    A:0A76 X:0A76 Y:0005 S:0118 D:0000 DB:86 nvmxdizc V:258 H:234 F:52

							8490F9 BF 00 20 7E LDA $7E2000,X [7E2A76] A:0A76 X:0A76 Y:0005 S:011A D:0000 DB:86 nvmxdizc V:258 H:244 F:52
							8490FD A8          TAY                    A:02AF X:0A76 Y:0005 S:011A D:0000 DB:86 nvmxdizc V:258 H:254 F:52
							8490FE AD 92 0B    LDA $0B92     [860B92] A:02AF X:0A76 Y:02AF S:011A D:0000 DB:86 nvmxdizc V:258 H:257 F:52
							849101 85 10       STA $10       [000010] A:EDC3 X:0A76 Y:02AF S:011A D:0000 DB:86 Nvmxdizc V:258 H:266 F:52
							849103 AD 94 0B    LDA $0B94     [860B94] A:EDC3 X:0A76 Y:02AF S:011A D:0000 DB:86 Nvmxdizc V:258 H:273 F:52
							849106 85 12       STA $12       [000012] A:E095 X:0A76 Y:02AF S:011A D:0000 DB:86 Nvmxdizc V:258 H:281 F:52
							849108 B7 10       LDA [$10],Y   [95F072] A:E095 X:0A76 Y:02AF S:011A D:0000 DB:86 Nvmxdizc V:258 H:288 F:52
							84910A 29 FF 00    AND #$00FF             A:0000 X:0A76 Y:02AF S:011A D:0000 DB:86 nvmxdiZc V:258 H:300 F:52
							84910D 28          PLP                    A:0000 X:0A76 Y:02AF S:011A D:0000 DB:86 nvmxdiZc V:258 H:305 F:52
							84910E FA          PLX                    A:0000 X:0A76 Y:02AF S:011B D:0000 DB:86 nvMxdizc V:258 H:311 F:52
							84910F 2B          PLD                    A:0000 X:0E68 Y:02AF S:011D D:0000 DB:86 nvMxdizc V:258 H:320 F:52
							849110 60          RTS                    A:0000 X:0E68 Y:02AF S:011F D:0000 DB:86 nvMxdiZc V:258 H:327 F:52

						8495D3 95 2E       STA $2E,X     [000E96] A:0000 X:0E68 Y:02AF S:0121 D:0000 DB:86 nvMxdiZc V:258 H:337 F:52
						8495D5 85 18       STA $18       [000018] A:0000 X:0E68 Y:02AF S:0121 D:0000 DB:86 nvMxdiZc V:259 H:  4 F:52
						8495D7 29 3F       AND #$3F               A:0000 X:0E68 Y:02AF S:0121 D:0000 DB:86 nvMxdiZc V:259 H:  9 F:52
						8495D9 0A          ASL A                  A:0000 X:0E68 Y:02AF S:0121 D:0000 DB:86 nvMxdiZc V:259 H: 12 F:52
						8495DA EB          XBA                    A:0000 X:0E68 Y:02AF S:0121 D:0000 DB:86 nvMxdiZc V:259 H: 15 F:52
						8495DB A9 00       LDA #$00               A:0000 X:0E68 Y:02AF S:0121 D:0000 DB:86 nvMxdiZc V:259 H: 19 F:52
						8495DD EB          XBA                    A:0000 X:0E68 Y:02AF S:0121 D:0000 DB:86 nvMxdiZc V:259 H: 22 F:52
						8495DE A8          TAY                    A:0000 X:0E68 Y:02AF S:0121 D:0000 DB:86 nvMxdiZc V:259 H: 27 F:52
						8495DF 84 28       STY $28       [000028] A:0000 X:0E68 Y:0000 S:0121 D:0000 DB:86 nvMxdiZc V:259 H: 30 F:52
						8495E1 86 2C       STX $2C       [00002C] A:0000 X:0E68 Y:0000 S:0121 D:0000 DB:86 nvMxdiZc V:259 H: 37 F:52
						8495E3 68          PLA                    A:0000 X:0E68 Y:0000 S:0121 D:0000 DB:86 nvMxdiZc V:259 H: 44 F:52
						8495E4 95 2A       STA $2A,X     [000E92] A:0013 X:0E68 Y:0000 S:0122 D:0000 DB:86 nvMxdizc V:259 H: 50 F:52
						8495E6 A6 2C       LDX $2C       [00002C] A:0013 X:0E68 Y:0000 S:0122 D:0000 DB:86 nvMxdizc V:259 H: 57 F:52
						8495E8 A9 FB       LDA #$FB               A:0013 X:0E68 Y:0000 S:0122 D:0000 DB:86 nvMxdizc V:259 H: 64 F:52
						8495EA 35 2B       AND $2B,X     [000E93] A:00FB X:0E68 Y:0000 S:0122 D:0000 DB:86 NvMxdizc V:259 H: 67 F:52
						8495EC 95 2B       STA $2B,X     [000E93] A:0000 X:0E68 Y:0000 S:0122 D:0000 DB:86 nvMxdiZc V:259 H: 73 F:52
						8495EE 64 01       STZ $01       [000001] A:0000 X:0E68 Y:0000 S:0122 D:0000 DB:86 nvMxdiZc V:259 H: 80 F:52
						8495F0 B5 2A       LDA $2A,X     [000E92] A:0000 X:0E68 Y:0000 S:0122 D:0000 DB:86 nvMxdiZc V:259 H: 85 F:52
						8495F2 85 02       STA $02       [000002] A:0013 X:0E68 Y:0000 S:0122 D:0000 DB:86 nvMxdizc V:259 H: 91 F:52
						8495F4 64 03       STZ $03       [000003] A:0013 X:0E68 Y:0000 S:0122 D:0000 DB:86 nvMxdizc V:259 H: 96 F:52
						8495F6 B4 05       LDY $05,X     [000E6D] A:0013 X:0E68 Y:0000 S:0122 D:0000 DB:86 nvMxdizc V:259 H:101 F:52
						8495F8 84 10       STY $10       [000010] A:0013 X:0E68 Y:1EB6 S:0122 D:0000 DB:86 nvMxdizc V:259 H:110 F:52
						8495FA B4 08       LDY $08,X     [000E70] A:0013 X:0E68 Y:1EB6 S:0122 D:0000 DB:86 nvMxdizc V:259 H:117 F:52
						8495FC 84 12       STY $12       [000012] A:0013 X:0E68 Y:0120 S:0122 D:0000 DB:86 nvMxdizc V:259 H:125 F:52
						8495FE A6 28       LDX $28       [000028] A:0013 X:0E68 Y:0120 S:0122 D:0000 DB:86 nvMxdizc V:259 H:132 F:52
						849600 FC 1C 96    JSR ($961C,X) [84961C] A:0013 X:0000 Y:0120 S:0122 D:0000 DB:86 nvMxdiZc V:259 H:149 F:52

							84969C AD 1C 1F    LDA $1F1C     [861F1C] A:0013 X:0000 Y:0120 S:0120 D:0000 DB:86 nvMxdiZc V:259 H:162 F:52
							84969F F0 11       BEQ $0011     [8496B2] A:0000 X:0000 Y:0120 S:0120 D:0000 DB:86 nvMxdiZc V:259 H:169 F:52
							8496B2 A9 00       LDA #$00               A:0000 X:0000 Y:0120 S:0120 D:0000 DB:86 nvMxdiZc V:259 H:173 F:52
							8496B4 60          RTS                    A:0000 X:0000 Y:0120 S:0120 D:0000 DB:86 nvMxdiZc V:259 H:176 F:52

						849603 F0 11       BEQ $0011     [849616] A:0000 X:0000 Y:0120 S:0122 D:0000 DB:86 nvMxdiZc V:259 H:186 F:52
						849616 A6 2C       LDX $2C       [00002C] A:0000 X:0000 Y:0120 S:0122 D:0000 DB:86 nvMxdiZc V:259 H:191 F:52
						849618 20 08 93    JSR $9308     [849308] A:0000 X:0E68 Y:0120 S:0122 D:0000 DB:86 nvMxdizc V:259 H:198 F:52

							849308 A5 14       LDA $14       [000014] A:0000 X:0E68 Y:0120 S:0120 D:0000 DB:86 nvMxdizc V:259 H:208 F:52
							84930A F0 08       BEQ $0008     [849314] A:0000 X:0E68 Y:0120 S:0120 D:0000 DB:86 nvMxdiZc V:259 H:213 F:52
							849314 60          RTS                    A:0000 X:0E68 Y:0120 S:0120 D:0000 DB:86 nvMxdiZc V:259 H:217 F:52

						84961B 60          RTS                    A:0000 X:0E68 Y:0120 S:0122 D:0000 DB:86 nvMxdiZc V:259 H:227 F:52

					849275 D0 32       BNE $0032     [8492A9] A:0000 X:0E68 Y:0120 S:0124 D:0000 DB:86 nvMxdiZc V:259 H:237 F:52
					849277 A5 08       LDA $08       [000008] A:0000 X:0E68 Y:0120 S:0124 D:0000 DB:86 nvMxdiZc V:259 H:240 F:52
					849279 29 7F       AND #$7F               A:0080 X:0E68 Y:0120 S:0124 D:0000 DB:86 NvMxdizc V:259 H:245 F:52
					84927B 85 08       STA $08       [000008] A:0000 X:0E68 Y:0120 S:0124 D:0000 DB:86 nvMxdiZc V:259 H:248 F:52
					84927D B4 20       LDY $20,X     [000E88] A:0000 X:0E68 Y:0120 S:0124 D:0000 DB:86 nvMxdiZc V:259 H:253 F:52
					84927F B9 05 00    LDA $0005,Y   [86C432] A:0000 X:0E68 Y:C42D S:0124 D:0000 DB:86 NvMxdizc V:259 H:262 F:52
					849282 34 11       BIT $11,X     [000E79] A:0000 X:0E68 Y:C42D S:0124 D:0000 DB:86 nvMxdiZc V:259 H:269 F:52
					849284 50 03       BVC $0003     [849289] A:0000 X:0E68 Y:C42D S:0124 D:0000 DB:86 nVMxdiZc V:259 H:276 F:52
					849286 49 FF       EOR #$FF               A:0000 X:0E68 Y:C42D S:0124 D:0000 DB:86 nVMxdiZc V:259 H:279 F:52
					849288 1A          INC                    A:00FF X:0E68 Y:C42D S:0124 D:0000 DB:86 NVMxdizc V:259 H:282 F:52
					849289 38          SEC                    A:0000 X:0E68 Y:C42D S:0124 D:0000 DB:86 nVMxdiZc V:259 H:285 F:52
					84928A F9 07 00    SBC $0007,Y   [86C434] A:0000 X:0E68 Y:C42D S:0124 D:0000 DB:86 nVMxdiZC V:259 H:288 F:52
					84928D 95 29       STA $29,X     [000E91] A:00F2 X:0E68 Y:C42D S:0124 D:0000 DB:86 NvMxdizc V:259 H:295 F:52
					84928F 20 C4 95    JSR $95C4     [8495C4] A:00F2 X:0E68 Y:C42D S:0124 D:0000 DB:86 NvMxdizc V:259 H:302 F:52

						8495C4 B5 2A       LDA $2A,X     [000E92] A:00F2 X:0E68 Y:C42D S:0122 D:0000 DB:86 NvMxdizc V:259 H:312 F:52
						8495C6 48          PHA                    A:0013 X:0E68 Y:C42D S:0122 D:0000 DB:86 nvMxdizc V:259 H:318 F:52
						8495C7 A5 08       LDA $08       [000008] A:0013 X:0E68 Y:C42D S:0121 D:0000 DB:86 nvMxdizc V:259 H:323 F:52
						8495C9 29 7F       AND #$7F               A:0000 X:0E68 Y:C42D S:0121 D:0000 DB:86 nvMxdiZc V:259 H:327 F:52
						8495CB 18          CLC                    A:0000 X:0E68 Y:C42D S:0121 D:0000 DB:86 nvMxdiZc V:259 H:330 F:52
						8495CC 75 2A       ADC $2A,X     [000E92] A:0000 X:0E68 Y:C42D S:0121 D:0000 DB:86 nvMxdiZc V:259 H:333 F:52
						8495CE 95 2A       STA $2A,X     [000E92] A:0013 X:0E68 Y:C42D S:0121 D:0000 DB:86 nvMxdizc V:260 H:  0 F:52
						8495D0 20 B3 90    JSR $90B3     [8490B3] A:0013 X:0E68 Y:C42D S:0121 D:0000 DB:86 nvMxdizc V:260 H:  6 F:52

							8490B3 0B          PHD                    A:0013 X:0E68 Y:C42D S:011F D:0000 DB:86 nvMxdizc V:260 H: 16 F:52
							8490B4 DA          PHX                    A:0013 X:0E68 Y:C42D S:011D D:0000 DB:86 nvMxdizc V:260 H: 23 F:52
							8490B5 08          PHP                    A:0013 X:0E68 Y:C42D S:011B D:0000 DB:86 nvMxdizc V:260 H: 30 F:52
							8490B6 E2 20       SEP #$20               A:0013 X:0E68 Y:C42D S:011A D:0000 DB:86 nvMxdizc V:260 H: 35 F:52
							8490B8 C2 10       REP #$10               A:0013 X:0E68 Y:C42D S:011A D:0000 DB:86 nvMxdizc V:260 H: 40 F:52
							8490BA 64 01       STZ $01       [000001] A:0013 X:0E68 Y:C42D S:011A D:0000 DB:86 nvMxdizc V:260 H: 44 F:52
							8490BC B5 29       LDA $29,X     [000E91] A:0013 X:0E68 Y:C42D S:011A D:0000 DB:86 nvMxdizc V:260 H: 49 F:52
							8490BE 10 02       BPL $0002     [8490C2] A:00F2 X:0E68 Y:C42D S:011A D:0000 DB:86 NvMxdizc V:260 H: 56 F:52
							8490C0 C6 01       DEC $01       [000001] A:00F2 X:0E68 Y:C42D S:011A D:0000 DB:86 NvMxdizc V:260 H: 59 F:52
							8490C2 18          CLC                    A:00F2 X:0E68 Y:C42D S:011A D:0000 DB:86 NvMxdizc V:260 H: 67 F:52
							8490C3 75 05       ADC $05,X     [000E6D] A:00F2 X:0E68 Y:C42D S:011A D:0000 DB:86 NvMxdizc V:260 H: 70 F:52
							8490C5 85 00       STA $00       [000000] A:00A8 X:0E68 Y:C42D S:011A D:0000 DB:86 NvMxdizC V:260 H: 77 F:52
							8490C7 B5 06       LDA $06,X     [000E6E] A:00A8 X:0E68 Y:C42D S:011A D:0000 DB:86 NvMxdizC V:260 H: 82 F:52
							8490C9 65 01       ADC $01       [000001] A:001E X:0E68 Y:C42D S:011A D:0000 DB:86 nvMxdizC V:260 H: 88 F:52
							8490CB 85 01       STA $01       [000001] A:001E X:0E68 Y:C42D S:011A D:0000 DB:86 nvMxdizC V:260 H: 93 F:52
							8490CD 64 03       STZ $03       [000003] A:001E X:0E68 Y:C42D S:011A D:0000 DB:86 nvMxdizC V:260 H: 98 F:52
							8490CF B5 2A       LDA $2A,X     [000E92] A:001E X:0E68 Y:C42D S:011A D:0000 DB:86 nvMxdizC V:260 H:103 F:52
							8490D1 10 02       BPL $0002     [8490D5] A:0013 X:0E68 Y:C42D S:011A D:0000 DB:86 nvMxdizC V:260 H:110 F:52
							8490D5 18          CLC                    A:0013 X:0E68 Y:C42D S:011A D:0000 DB:86 nvMxdizC V:260 H:114 F:52
							8490D6 75 08       ADC $08,X     [000E70] A:0013 X:0E68 Y:C42D S:011A D:0000 DB:86 nvMxdizc V:260 H:117 F:52
							8490D8 85 02       STA $02       [000002] A:0033 X:0E68 Y:C42D S:011A D:0000 DB:86 nvMxdizc V:260 H:124 F:52
							8490DA 29 F0       AND #$F0               A:0033 X:0E68 Y:C42D S:011A D:0000 DB:86 nvMxdizc V:260 H:129 F:52
							8490DC 85 0A       STA $0A       [00000A] A:0030 X:0E68 Y:C42D S:011A D:0000 DB:86 nvMxdizc V:260 H:132 F:52
							8490DE B5 09       LDA $09,X     [000E71] A:0030 X:0E68 Y:C42D S:011A D:0000 DB:86 nvMxdizc V:260 H:147 F:52
							8490E0 65 03       ADC $03       [000003] A:0001 X:0E68 Y:C42D S:011A D:0000 DB:86 nvMxdizc V:260 H:153 F:52
							8490E2 85 03       STA $03       [000003] A:0001 X:0E68 Y:C42D S:011A D:0000 DB:86 nvMxdizc V:260 H:158 F:52
							8490E4 85 0B       STA $0B       [00000B] A:0001 X:0E68 Y:C42D S:011A D:0000 DB:86 nvMxdizc V:260 H:163 F:52
							8490E6 A5 00       LDA $00       [000000] A:0001 X:0E68 Y:C42D S:011A D:0000 DB:86 nvMxdizc V:260 H:168 F:52
							8490E8 29 0F       AND #$0F               A:00A8 X:0E68 Y:C42D S:011A D:0000 DB:86 NvMxdizc V:260 H:173 F:52
							8490EA 1A          INC                    A:0008 X:0E68 Y:C42D S:011A D:0000 DB:86 nvMxdizc V:260 H:176 F:52
							8490EB 85 0C       STA $0C       [00000C] A:0009 X:0E68 Y:C42D S:011A D:0000 DB:86 nvMxdizc V:260 H:179 F:52
							8490ED A5 02       LDA $02       [000002] A:0009 X:0E68 Y:C42D S:011A D:0000 DB:86 nvMxdizc V:260 H:184 F:52
							8490EF 29 0F       AND #$0F               A:0033 X:0E68 Y:C42D S:011A D:0000 DB:86 nvMxdizc V:260 H:189 F:52
							8490F1 1A          INC                    A:0003 X:0E68 Y:C42D S:011A D:0000 DB:86 nvMxdizc V:260 H:192 F:52
							8490F2 85 0E       STA $0E       [00000E] A:0004 X:0E68 Y:C42D S:011A D:0000 DB:86 nvMxdizc V:260 H:195 F:52
							8490F4 C2 20       REP #$20               A:0004 X:0E68 Y:C42D S:011A D:0000 DB:86 nvMxdizc V:260 H:200 F:52
							8490F6 20 6A 91    JSR $916A     [84916A] A:0004 X:0E68 Y:C42D S:011A D:0000 DB:86 nvmxdizc V:260 H:205 F:52

								84916A A9 00 E8    LDA #$E800             A:0004 X:0E68 Y:C42D S:0118 D:0000 DB:86 nvmxdizc V:260 H:215 F:52
								84916D 85 10       STA $10       [000010] A:E800 X:0E68 Y:C42D S:0118 D:0000 DB:86 Nvmxdizc V:260 H:219 F:52
								84916F A9 7E 00    LDA #$007E             A:E800 X:0E68 Y:C42D S:0118 D:0000 DB:86 Nvmxdizc V:260 H:226 F:52
								849172 85 12       STA $12       [000012] A:007E X:0E68 Y:C42D S:0118 D:0000 DB:86 nvmxdizc V:260 H:231 F:52
								849174 A5 02       LDA $02       [000002] A:007E X:0E68 Y:C42D S:0118 D:0000 DB:86 nvmxdizc V:260 H:238 F:52
								849176 29 F0 00    AND #$00F0             A:0133 X:0E68 Y:C42D S:0118 D:0000 DB:86 nvmxdizc V:260 H:245 F:52
								849179 0A          ASL A                  A:0030 X:0E68 Y:C42D S:0118 D:0000 DB:86 nvmxdizc V:260 H:249 F:52
								84917A 85 04       STA $04       [000004] A:0060 X:0E68 Y:C42D S:0118 D:0000 DB:86 nvmxdizc V:260 H:252 F:52
								84917C A5 00       LDA $00       [000000] A:0060 X:0E68 Y:C42D S:0118 D:0000 DB:86 nvmxdizc V:260 H:259 F:52
								84917E 29 FF 00    AND #$00FF             A:1EA8 X:0E68 Y:C42D S:0118 D:0000 DB:86 nvmxdizc V:260 H:266 F:52
								849181 4A          LSR A                  A:00A8 X:0E68 Y:C42D S:0118 D:0000 DB:86 nvmxdizc V:260 H:271 F:52
								849182 4A          LSR A                  A:0054 X:0E68 Y:C42D S:0118 D:0000 DB:86 nvmxdizc V:260 H:274 F:52
								849183 4A          LSR A                  A:002A X:0E68 Y:C42D S:0118 D:0000 DB:86 nvmxdizc V:260 H:277 F:52
								849184 29 FE FF    AND #$FFFE             A:0015 X:0E68 Y:C42D S:0118 D:0000 DB:86 nvmxdizc V:260 H:280 F:52
								849187 18          CLC                    A:0014 X:0E68 Y:C42D S:0118 D:0000 DB:86 nvmxdizc V:260 H:284 F:52
								849188 65 04       ADC $04       [000004] A:0014 X:0E68 Y:C42D S:0118 D:0000 DB:86 nvmxdizc V:260 H:287 F:52
								84918A 85 06       STA $06       [000006] A:0074 X:0E68 Y:C42D S:0118 D:0000 DB:86 nvmxdizc V:260 H:294 F:52
								84918C A5 00       LDA $00       [000000] A:0074 X:0E68 Y:C42D S:0118 D:0000 DB:86 nvmxdizc V:260 H:301 F:52
								84918E EB          XBA                    A:1EA8 X:0E68 Y:C42D S:0118 D:0000 DB:86 nvmxdizc V:260 H:308 F:52
								84918F 29 1F 00    AND #$001F             A:A81E X:0E68 Y:C42D S:0118 D:0000 DB:86 nvmxdizc V:260 H:313 F:52
								849192 85 04       STA $04       [000004] A:001E X:0E68 Y:C42D S:0118 D:0000 DB:86 nvmxdizc V:260 H:317 F:52
								849194 A5 02       LDA $02       [000002] A:001E X:0E68 Y:C42D S:0118 D:0000 DB:86 nvmxdizc V:260 H:324 F:52
								849196 29 00 1F    AND #$1F00             A:0133 X:0E68 Y:C42D S:0118 D:0000 DB:86 nvmxdizc V:260 H:330 F:52
								849199 4A          LSR A                  A:0100 X:0E68 Y:C42D S:0118 D:0000 DB:86 nvmxdizc V:260 H:335 F:52
								84919A 4A          LSR A                  A:0080 X:0E68 Y:C42D S:0118 D:0000 DB:86 nvmxdizc V:260 H:338 F:52
								84919B 4A          LSR A                  A:0040 X:0E68 Y:C42D S:0118 D:0000 DB:86 nvmxdizc V:261 H:  1 F:52
								84919C 18          CLC                    A:0020 X:0E68 Y:C42D S:0118 D:0000 DB:86 nvmxdizc V:261 H:  4 F:52
								84919D 65 04       ADC $04       [000004] A:0020 X:0E68 Y:C42D S:0118 D:0000 DB:86 nvmxdizc V:261 H:  7 F:52
								84919F A8          TAY                    A:003E X:0E68 Y:C42D S:0118 D:0000 DB:86 nvmxdizc V:261 H: 14 F:52
								8491A0 B7 10       LDA [$10],Y   [7EE83E] A:003E X:0E68 Y:003E S:0118 D:0000 DB:86 nvmxdizc V:261 H: 17 F:52
								8491A2 29 FF 00    AND #$00FF             A:0005 X:0E68 Y:003E S:0118 D:0000 DB:86 nvmxdizc V:261 H: 30 F:52
								8491A5 A8          TAY                    A:0005 X:0E68 Y:003E S:0118 D:0000 DB:86 nvmxdizc V:261 H: 34 F:52
								8491A6 EB          XBA                    A:0005 X:0E68 Y:0005 S:0118 D:0000 DB:86 nvmxdizc V:261 H: 37 F:52
								8491A7 0A          ASL A                  A:0500 X:0E68 Y:0005 S:0118 D:0000 DB:86 nvmxdiZc V:261 H: 42 F:52
								8491A8 18          CLC                    A:0A00 X:0E68 Y:0005 S:0118 D:0000 DB:86 nvmxdizc V:261 H: 45 F:52
								8491A9 65 06       ADC $06       [000006] A:0A00 X:0E68 Y:0005 S:0118 D:0000 DB:86 nvmxdizc V:261 H: 48 F:52
								8491AB AA          TAX                    A:0A74 X:0E68 Y:0005 S:0118 D:0000 DB:86 nvmxdizc V:261 H: 55 F:52
								8491AC 60          RTS                    A:0A74 X:0A74 Y:0005 S:0118 D:0000 DB:86 nvmxdizc V:261 H: 58 F:52

							8490F9 BF 00 20 7E LDA $7E2000,X [7E2A74] A:0A74 X:0A74 Y:0005 S:011A D:0000 DB:86 nvmxdizc V:261 H: 68 F:52
							8490FD A8          TAY                    A:02A5 X:0A74 Y:0005 S:011A D:0000 DB:86 nvmxdizc V:261 H: 78 F:52
							8490FE AD 92 0B    LDA $0B92     [860B92] A:02A5 X:0A74 Y:02A5 S:011A D:0000 DB:86 nvmxdizc V:261 H: 81 F:52
							849101 85 10       STA $10       [000010] A:EDC3 X:0A74 Y:02A5 S:011A D:0000 DB:86 Nvmxdizc V:261 H: 89 F:52
							849103 AD 94 0B    LDA $0B94     [860B94] A:EDC3 X:0A74 Y:02A5 S:011A D:0000 DB:86 Nvmxdizc V:261 H: 96 F:52
							849106 85 12       STA $12       [000012] A:E095 X:0A74 Y:02A5 S:011A D:0000 DB:86 Nvmxdizc V:261 H:105 F:52
							849108 B7 10       LDA [$10],Y   [95F068] A:E095 X:0A74 Y:02A5 S:011A D:0000 DB:86 Nvmxdizc V:261 H:112 F:52
							84910A 29 FF 00    AND #$00FF             A:0000 X:0A74 Y:02A5 S:011A D:0000 DB:86 nvmxdiZc V:261 H:124 F:52
							84910D 28          PLP                    A:0000 X:0A74 Y:02A5 S:011A D:0000 DB:86 nvmxdiZc V:261 H:128 F:52
							84910E FA          PLX                    A:0000 X:0A74 Y:02A5 S:011B D:0000 DB:86 nvMxdizc V:261 H:145 F:52
							84910F 2B          PLD                    A:0000 X:0E68 Y:02A5 S:011D D:0000 DB:86 nvMxdizc V:261 H:153 F:52
							849110 60          RTS                    A:0000 X:0E68 Y:02A5 S:011F D:0000 DB:86 nvMxdiZc V:261 H:162 F:52

						8495D3 95 2E       STA $2E,X     [000E96] A:0000 X:0E68 Y:02A5 S:0121 D:0000 DB:86 nvMxdiZc V:261 H:172 F:52
						8495D5 85 18       STA $18       [000018] A:0000 X:0E68 Y:02A5 S:0121 D:0000 DB:86 nvMxdiZc V:261 H:178 F:52
						8495D7 29 3F       AND #$3F               A:0000 X:0E68 Y:02A5 S:0121 D:0000 DB:86 nvMxdiZc V:261 H:183 F:52
						8495D9 0A          ASL A                  A:0000 X:0E68 Y:02A5 S:0121 D:0000 DB:86 nvMxdiZc V:261 H:186 F:52
						8495DA EB          XBA                    A:0000 X:0E68 Y:02A5 S:0121 D:0000 DB:86 nvMxdiZc V:261 H:189 F:52
						8495DB A9 00       LDA #$00               A:0000 X:0E68 Y:02A5 S:0121 D:0000 DB:86 nvMxdiZc V:261 H:194 F:52
						8495DD EB          XBA                    A:0000 X:0E68 Y:02A5 S:0121 D:0000 DB:86 nvMxdiZc V:261 H:197 F:52
						8495DE A8          TAY                    A:0000 X:0E68 Y:02A5 S:0121 D:0000 DB:86 nvMxdiZc V:261 H:201 F:52
						8495DF 84 28       STY $28       [000028] A:0000 X:0E68 Y:0000 S:0121 D:0000 DB:86 nvMxdiZc V:261 H:204 F:52
						8495E1 86 2C       STX $2C       [00002C] A:0000 X:0E68 Y:0000 S:0121 D:0000 DB:86 nvMxdiZc V:261 H:211 F:52
						8495E3 68          PLA                    A:0000 X:0E68 Y:0000 S:0121 D:0000 DB:86 nvMxdiZc V:261 H:218 F:52
						8495E4 95 2A       STA $2A,X     [000E92] A:0013 X:0E68 Y:0000 S:0122 D:0000 DB:86 nvMxdizc V:261 H:225 F:52
						8495E6 A6 2C       LDX $2C       [00002C] A:0013 X:0E68 Y:0000 S:0122 D:0000 DB:86 nvMxdizc V:261 H:231 F:52
						8495E8 A9 FB       LDA #$FB               A:0013 X:0E68 Y:0000 S:0122 D:0000 DB:86 nvMxdizc V:261 H:238 F:52
						8495EA 35 2B       AND $2B,X     [000E93] A:00FB X:0E68 Y:0000 S:0122 D:0000 DB:86 NvMxdizc V:261 H:241 F:52
						8495EC 95 2B       STA $2B,X     [000E93] A:0000 X:0E68 Y:0000 S:0122 D:0000 DB:86 nvMxdiZc V:261 H:248 F:52
						8495EE 64 01       STZ $01       [000001] A:0000 X:0E68 Y:0000 S:0122 D:0000 DB:86 nvMxdiZc V:261 H:254 F:52
						8495F0 B5 2A       LDA $2A,X     [000E92] A:0000 X:0E68 Y:0000 S:0122 D:0000 DB:86 nvMxdiZc V:261 H:259 F:52
						8495F2 85 02       STA $02       [000002] A:0013 X:0E68 Y:0000 S:0122 D:0000 DB:86 nvMxdizc V:261 H:266 F:52
						8495F4 64 03       STZ $03       [000003] A:0013 X:0E68 Y:0000 S:0122 D:0000 DB:86 nvMxdizc V:261 H:271 F:52
						8495F6 B4 05       LDY $05,X     [000E6D] A:0013 X:0E68 Y:0000 S:0122 D:0000 DB:86 nvMxdizc V:261 H:276 F:52
						8495F8 84 10       STY $10       [000010] A:0013 X:0E68 Y:1EB6 S:0122 D:0000 DB:86 nvMxdizc V:261 H:284 F:52
						8495FA B4 08       LDY $08,X     [000E70] A:0013 X:0E68 Y:1EB6 S:0122 D:0000 DB:86 nvMxdizc V:261 H:291 F:52
						8495FC 84 12       STY $12       [000012] A:0013 X:0E68 Y:0120 S:0122 D:0000 DB:86 nvMxdizc V:261 H:300 F:52
						8495FE A6 28       LDX $28       [000028] A:0013 X:0E68 Y:0120 S:0122 D:0000 DB:86 nvMxdizc V:261 H:307 F:52
						849600 FC 1C 96    JSR ($961C,X) [84961C] A:0013 X:0000 Y:0120 S:0122 D:0000 DB:86 nvMxdiZc V:261 H:314 F:52

							84969C AD 1C 1F    LDA $1F1C     [861F1C] A:0013 X:0000 Y:0120 S:0120 D:0000 DB:86 nvMxdiZc V:261 H:326 F:52
							84969F F0 11       BEQ $0011     [8496B2] A:0000 X:0000 Y:0120 S:0120 D:0000 DB:86 nvMxdiZc V:261 H:332 F:52
							8496B2 A9 00       LDA #$00               A:0000 X:0000 Y:0120 S:0120 D:0000 DB:86 nvMxdiZc V:261 H:337 F:52
							8496B4 60          RTS                    A:0000 X:0000 Y:0120 S:0120 D:0000 DB:86 nvMxdiZc V:  0 H:  0 F:53

						849603 F0 11       BEQ $0011     [849616] A:0000 X:0000 Y:0120 S:0122 D:0000 DB:86 nvMxdiZc V:  0 H: 10 F:53
						849616 A6 2C       LDX $2C       [00002C] A:0000 X:0000 Y:0120 S:0122 D:0000 DB:86 nvMxdiZc V:  0 H: 14 F:53
						849618 20 08 93    JSR $9308     [849308] A:0000 X:0E68 Y:0120 S:0122 D:0000 DB:86 nvMxdizc V:  0 H: 21 F:53

							849308 A5 14       LDA $14       [000014] A:0000 X:0E68 Y:0120 S:0120 D:0000 DB:86 nvMxdizc V:  0 H: 31 F:53
							84930A F0 08       BEQ $0008     [849314] A:0000 X:0E68 Y:0120 S:0120 D:0000 DB:86 nvMxdiZc V:  0 H: 36 F:53
							849314 60          RTS                    A:0000 X:0E68 Y:0120 S:0120 D:0000 DB:86 nvMxdiZc V:  0 H: 41 F:53

						84961B 60          RTS                    A:0000 X:0E68 Y:0120 S:0122 D:0000 DB:86 nvMxdiZc V:  0 H: 51 F:53

					849292 D0 15       BNE $0015     [8492A9] A:0000 X:0E68 Y:0120 S:0124 D:0000 DB:86 nvMxdiZc V:  0 H: 61 F:53
					849294 B4 20       LDY $20,X     [000E88] A:0000 X:0E68 Y:0120 S:0124 D:0000 DB:86 nvMxdiZc V:  0 H: 64 F:53
					849296 B9 05 00    LDA $0005,Y   [86C432] A:0000 X:0E68 Y:C42D S:0124 D:0000 DB:86 NvMxdizc V:  0 H: 72 F:53
					849299 34 11       BIT $11,X     [000E79] A:0000 X:0E68 Y:C42D S:0124 D:0000 DB:86 nvMxdiZc V:  0 H: 80 F:53
					84929B 50 03       BVC $0003     [8492A0] A:0000 X:0E68 Y:C42D S:0124 D:0000 DB:86 nVMxdiZc V:  0 H: 86 F:53
					84929D 49 FF       EOR #$FF               A:0000 X:0E68 Y:C42D S:0124 D:0000 DB:86 nVMxdiZc V:  0 H: 89 F:53
					84929F 1A          INC                    A:00FF X:0E68 Y:C42D S:0124 D:0000 DB:86 NVMxdizc V:  0 H: 92 F:53
					8492A0 18          CLC                    A:0000 X:0E68 Y:C42D S:0124 D:0000 DB:86 nVMxdiZc V:  0 H: 95 F:53
					8492A1 79 07 00    ADC $0007,Y   [86C434] A:0000 X:0E68 Y:C42D S:0124 D:0000 DB:86 nVMxdiZc V:  0 H: 98 F:53
					8492A4 95 29       STA $29,X     [000E91] A:000E X:0E68 Y:C42D S:0124 D:0000 DB:86 nvMxdizc V:  0 H:106 F:53
					8492A6 20 C4 95    JSR $95C4     [8495C4] A:000E X:0E68 Y:C42D S:0124 D:0000 DB:86 nvMxdizc V:  0 H:112 F:53

						8495C4 B5 2A       LDA $2A,X     [000E92] A:000E X:0E68 Y:C42D S:0122 D:0000 DB:86 nvMxdizc V:  0 H:122 F:53
						8495C6 48          PHA                    A:0013 X:0E68 Y:C42D S:0122 D:0000 DB:86 nvMxdizc V:  0 H:129 F:53
						8495C7 A5 08       LDA $08       [000008] A:0013 X:0E68 Y:C42D S:0121 D:0000 DB:86 nvMxdizc V:  0 H:134 F:53
						8495C9 29 7F       AND #$7F               A:0000 X:0E68 Y:C42D S:0121 D:0000 DB:86 nvMxdiZc V:  0 H:149 F:53
						8495CB 18          CLC                    A:0000 X:0E68 Y:C42D S:0121 D:0000 DB:86 nvMxdiZc V:  0 H:152 F:53
						8495CC 75 2A       ADC $2A,X     [000E92] A:0000 X:0E68 Y:C42D S:0121 D:0000 DB:86 nvMxdiZc V:  0 H:155 F:53
						8495CE 95 2A       STA $2A,X     [000E92] A:0013 X:0E68 Y:C42D S:0121 D:0000 DB:86 nvMxdizc V:  0 H:161 F:53
						8495D0 20 B3 90    JSR $90B3     [8490B3] A:0013 X:0E68 Y:C42D S:0121 D:0000 DB:86 nvMxdizc V:  0 H:168 F:53

							8490B3 0B          PHD                    A:0013 X:0E68 Y:C42D S:011F D:0000 DB:86 nvMxdizc V:  0 H:178 F:53
							8490B4 DA          PHX                    A:0013 X:0E68 Y:C42D S:011D D:0000 DB:86 nvMxdizc V:  0 H:185 F:53
							8490B5 08          PHP                    A:0013 X:0E68 Y:C42D S:011B D:0000 DB:86 nvMxdizc V:  0 H:192 F:53
							8490B6 E2 20       SEP #$20               A:0013 X:0E68 Y:C42D S:011A D:0000 DB:86 nvMxdizc V:  0 H:197 F:53
							8490B8 C2 10       REP #$10               A:0013 X:0E68 Y:C42D S:011A D:0000 DB:86 nvMxdizc V:  0 H:201 F:53
							8490BA 64 01       STZ $01       [000001] A:0013 X:0E68 Y:C42D S:011A D:0000 DB:86 nvMxdizc V:  0 H:206 F:53
							8490BC B5 29       LDA $29,X     [000E91] A:0013 X:0E68 Y:C42D S:011A D:0000 DB:86 nvMxdizc V:  0 H:211 F:53
							8490BE 10 02       BPL $0002     [8490C2] A:000E X:0E68 Y:C42D S:011A D:0000 DB:86 nvMxdizc V:  0 H:217 F:53
							8490C2 18          CLC                    A:000E X:0E68 Y:C42D S:011A D:0000 DB:86 nvMxdizc V:  0 H:222 F:53
							8490C3 75 05       ADC $05,X     [000E6D] A:000E X:0E68 Y:C42D S:011A D:0000 DB:86 nvMxdizc V:  0 H:225 F:53
							8490C5 85 00       STA $00       [000000] A:00C4 X:0E68 Y:C42D S:011A D:0000 DB:86 NvMxdizc V:  0 H:231 F:53
							8490C7 B5 06       LDA $06,X     [000E6E] A:00C4 X:0E68 Y:C42D S:011A D:0000 DB:86 NvMxdizc V:  0 H:236 F:53
							8490C9 65 01       ADC $01       [000001] A:001E X:0E68 Y:C42D S:011A D:0000 DB:86 nvMxdizc V:  0 H:243 F:53
							8490CB 85 01       STA $01       [000001] A:001E X:0E68 Y:C42D S:011A D:0000 DB:86 nvMxdizc V:  0 H:248 F:53
							8490CD 64 03       STZ $03       [000003] A:001E X:0E68 Y:C42D S:011A D:0000 DB:86 nvMxdizc V:  0 H:253 F:53
							8490CF B5 2A       LDA $2A,X     [000E92] A:001E X:0E68 Y:C42D S:011A D:0000 DB:86 nvMxdizc V:  0 H:258 F:53
							8490D1 10 02       BPL $0002     [8490D5] A:0013 X:0E68 Y:C42D S:011A D:0000 DB:86 nvMxdizc V:  0 H:264 F:53
							8490D5 18          CLC                    A:0013 X:0E68 Y:C42D S:011A D:0000 DB:86 nvMxdizc V:  0 H:269 F:53
							8490D6 75 08       ADC $08,X     [000E70] A:0013 X:0E68 Y:C42D S:011A D:0000 DB:86 nvMxdizc V:  0 H:272 F:53
							8490D8 85 02       STA $02       [000002] A:0033 X:0E68 Y:C42D S:011A D:0000 DB:86 nvMxdizc V:  0 H:278 F:53
							8490DA 29 F0       AND #$F0               A:0033 X:0E68 Y:C42D S:011A D:0000 DB:86 nvMxdizc V:  0 H:283 F:53
							8490DC 85 0A       STA $0A       [00000A] A:0030 X:0E68 Y:C42D S:011A D:0000 DB:86 nvMxdizc V:  0 H:286 F:53
							8490DE B5 09       LDA $09,X     [000E71] A:0030 X:0E68 Y:C42D S:011A D:0000 DB:86 nvMxdizc V:  0 H:291 F:53
							8490E0 65 03       ADC $03       [000003] A:0001 X:0E68 Y:C42D S:011A D:0000 DB:86 nvMxdizc V:  0 H:298 F:53
							8490E2 85 03       STA $03       [000003] A:0001 X:0E68 Y:C42D S:011A D:0000 DB:86 nvMxdizc V:  0 H:303 F:53
							8490E4 85 0B       STA $0B       [00000B] A:0001 X:0E68 Y:C42D S:011A D:0000 DB:86 nvMxdizc V:  0 H:308 F:53
							8490E6 A5 00       LDA $00       [000000] A:0001 X:0E68 Y:C42D S:011A D:0000 DB:86 nvMxdizc V:  0 H:313 F:53
							8490E8 29 0F       AND #$0F               A:00C4 X:0E68 Y:C42D S:011A D:0000 DB:86 NvMxdizc V:  0 H:318 F:53
							8490EA 1A          INC                    A:0004 X:0E68 Y:C42D S:011A D:0000 DB:86 nvMxdizc V:  0 H:321 F:53
							8490EB 85 0C       STA $0C       [00000C] A:0005 X:0E68 Y:C42D S:011A D:0000 DB:86 nvMxdizc V:  0 H:323 F:53
							8490ED A5 02       LDA $02       [000002] A:0005 X:0E68 Y:C42D S:011A D:0000 DB:86 nvMxdizc V:  0 H:328 F:53
							8490EF 29 0F       AND #$0F               A:0033 X:0E68 Y:C42D S:011A D:0000 DB:86 nvMxdizc V:  0 H:333 F:53
							8490F1 1A          INC                    A:0003 X:0E68 Y:C42D S:011A D:0000 DB:86 nvMxdizc V:  0 H:336 F:53
							8490F2 85 0E       STA $0E       [00000E] A:0004 X:0E68 Y:C42D S:011A D:0000 DB:86 nvMxdizc V:  0 H:339 F:53
							8490F4 C2 20       REP #$20               A:0004 X:0E68 Y:C42D S:011A D:0000 DB:86 nvMxdizc V:  1 H:  4 F:53
							8490F6 20 6A 91    JSR $916A     [84916A] A:0004 X:0E68 Y:C42D S:011A D:0000 DB:86 nvmxdizc V:  1 H:  8 F:53

								84916A A9 00 E8    LDA #$E800             A:0004 X:0E68 Y:C42D S:0118 D:0000 DB:86 nvmxdizc V:  1 H: 18 F:53
								84916D 85 10       STA $10       [000010] A:E800 X:0E68 Y:C42D S:0118 D:0000 DB:86 Nvmxdizc V:  1 H: 23 F:53
								84916F A9 7E 00    LDA #$007E             A:E800 X:0E68 Y:C42D S:0118 D:0000 DB:86 Nvmxdizc V:  1 H: 30 F:53
								849172 85 12       STA $12       [000012] A:007E X:0E68 Y:C42D S:0118 D:0000 DB:86 nvmxdizc V:  1 H: 34 F:53
								849174 A5 02       LDA $02       [000002] A:007E X:0E68 Y:C42D S:0118 D:0000 DB:86 nvmxdizc V:  1 H: 41 F:53
								849176 29 F0 00    AND #$00F0             A:0133 X:0E68 Y:C42D S:0118 D:0000 DB:86 nvmxdizc V:  1 H: 48 F:53
								849179 0A          ASL A                  A:0030 X:0E68 Y:C42D S:0118 D:0000 DB:86 nvmxdizc V:  1 H: 53 F:53
								84917A 85 04       STA $04       [000004] A:0060 X:0E68 Y:C42D S:0118 D:0000 DB:86 nvmxdizc V:  1 H: 56 F:53
								84917C A5 00       LDA $00       [000000] A:0060 X:0E68 Y:C42D S:0118 D:0000 DB:86 nvmxdizc V:  1 H: 63 F:53
								84917E 29 FF 00    AND #$00FF             A:1EC4 X:0E68 Y:C42D S:0118 D:0000 DB:86 nvmxdizc V:  1 H: 70 F:53
								849181 4A          LSR A                  A:00C4 X:0E68 Y:C42D S:0118 D:0000 DB:86 nvmxdizc V:  1 H: 74 F:53
								849182 4A          LSR A                  A:0062 X:0E68 Y:C42D S:0118 D:0000 DB:86 nvmxdizc V:  1 H: 77 F:53
								849183 4A          LSR A                  A:0031 X:0E68 Y:C42D S:0118 D:0000 DB:86 nvmxdizc V:  1 H: 80 F:53
								849184 29 FE FF    AND #$FFFE             A:0018 X:0E68 Y:C42D S:0118 D:0000 DB:86 nvmxdizC V:  1 H: 83 F:53
								849187 18          CLC                    A:0018 X:0E68 Y:C42D S:0118 D:0000 DB:86 nvmxdizC V:  1 H: 88 F:53
								849188 65 04       ADC $04       [000004] A:0018 X:0E68 Y:C42D S:0118 D:0000 DB:86 nvmxdizc V:  1 H: 91 F:53
								84918A 85 06       STA $06       [000006] A:0078 X:0E68 Y:C42D S:0118 D:0000 DB:86 nvmxdizc V:  1 H: 98 F:53
								84918C A5 00       LDA $00       [000000] A:0078 X:0E68 Y:C42D S:0118 D:0000 DB:86 nvmxdizc V:  1 H:105 F:53
								84918E EB          XBA                    A:1EC4 X:0E68 Y:C42D S:0118 D:0000 DB:86 nvmxdizc V:  1 H:112 F:53
								84918F 29 1F 00    AND #$001F             A:C41E X:0E68 Y:C42D S:0118 D:0000 DB:86 nvmxdizc V:  1 H:116 F:53
								849192 85 04       STA $04       [000004] A:001E X:0E68 Y:C42D S:0118 D:0000 DB:86 nvmxdizc V:  1 H:121 F:53
								849194 A5 02       LDA $02       [000002] A:001E X:0E68 Y:C42D S:0118 D:0000 DB:86 nvmxdizc V:  1 H:128 F:53
								849196 29 00 1F    AND #$1F00             A:0133 X:0E68 Y:C42D S:0118 D:0000 DB:86 nvmxdizc V:  1 H:145 F:53
								849199 4A          LSR A                  A:0100 X:0E68 Y:C42D S:0118 D:0000 DB:86 nvmxdizc V:  1 H:149 F:53
								84919A 4A          LSR A                  A:0080 X:0E68 Y:C42D S:0118 D:0000 DB:86 nvmxdizc V:  1 H:152 F:53
								84919B 4A          LSR A                  A:0040 X:0E68 Y:C42D S:0118 D:0000 DB:86 nvmxdizc V:  1 H:155 F:53
								84919C 18          CLC                    A:0020 X:0E68 Y:C42D S:0118 D:0000 DB:86 nvmxdizc V:  1 H:158 F:53
								84919D 65 04       ADC $04       [000004] A:0020 X:0E68 Y:C42D S:0118 D:0000 DB:86 nvmxdizc V:  1 H:161 F:53
								84919F A8          TAY                    A:003E X:0E68 Y:C42D S:0118 D:0000 DB:86 nvmxdizc V:  1 H:168 F:53
								8491A0 B7 10       LDA [$10],Y   [7EE83E] A:003E X:0E68 Y:003E S:0118 D:0000 DB:86 nvmxdizc V:  1 H:171 F:53
								8491A2 29 FF 00    AND #$00FF             A:0005 X:0E68 Y:003E S:0118 D:0000 DB:86 nvmxdizc V:  1 H:184 F:53
								8491A5 A8          TAY                    A:0005 X:0E68 Y:003E S:0118 D:0000 DB:86 nvmxdizc V:  1 H:189 F:53
								8491A6 EB          XBA                    A:0005 X:0E68 Y:0005 S:0118 D:0000 DB:86 nvmxdizc V:  1 H:192 F:53
								8491A7 0A          ASL A                  A:0500 X:0E68 Y:0005 S:0118 D:0000 DB:86 nvmxdiZc V:  1 H:196 F:53
								8491A8 18          CLC                    A:0A00 X:0E68 Y:0005 S:0118 D:0000 DB:86 nvmxdizc V:  1 H:199 F:53
								8491A9 65 06       ADC $06       [000006] A:0A00 X:0E68 Y:0005 S:0118 D:0000 DB:86 nvmxdizc V:  1 H:202 F:53
								8491AB AA          TAX                    A:0A78 X:0E68 Y:0005 S:0118 D:0000 DB:86 nvmxdizc V:  1 H:209 F:53
								8491AC 60          RTS                    A:0A78 X:0A78 Y:0005 S:0118 D:0000 DB:86 nvmxdizc V:  1 H:212 F:53

							8490F9 BF 00 20 7E LDA $7E2000,X [7E2A78] A:0A78 X:0A78 Y:0005 S:011A D:0000 DB:86 nvmxdizc V:  1 H:222 F:53
							8490FD A8          TAY                    A:02D9 X:0A78 Y:0005 S:011A D:0000 DB:86 nvmxdizc V:  1 H:232 F:53
							8490FE AD 92 0B    LDA $0B92     [860B92] A:02D9 X:0A78 Y:02D9 S:011A D:0000 DB:86 nvmxdizc V:  1 H:235 F:53
							849101 85 10       STA $10       [000010] A:EDC3 X:0A78 Y:02D9 S:011A D:0000 DB:86 Nvmxdizc V:  1 H:244 F:53
							849103 AD 94 0B    LDA $0B94     [860B94] A:EDC3 X:0A78 Y:02D9 S:011A D:0000 DB:86 Nvmxdizc V:  1 H:251 F:53
							849106 85 12       STA $12       [000012] A:E095 X:0A78 Y:02D9 S:011A D:0000 DB:86 Nvmxdizc V:  1 H:259 F:53
							849108 B7 10       LDA [$10],Y   [95F09C] A:E095 X:0A78 Y:02D9 S:011A D:0000 DB:86 Nvmxdizc V:  1 H:266 F:53
							84910A 29 FF 00    AND #$00FF             A:0000 X:0A78 Y:02D9 S:011A D:0000 DB:86 nvmxdiZc V:  1 H:278 F:53
							84910D 28          PLP                    A:0000 X:0A78 Y:02D9 S:011A D:0000 DB:86 nvmxdiZc V:  1 H:283 F:53
							84910E FA          PLX                    A:0000 X:0A78 Y:02D9 S:011B D:0000 DB:86 nvMxdizc V:  1 H:289 F:53
							84910F 2B          PLD                    A:0000 X:0E68 Y:02D9 S:011D D:0000 DB:86 nvMxdizc V:  1 H:298 F:53
							849110 60          RTS                    A:0000 X:0E68 Y:02D9 S:011F D:0000 DB:86 nvMxdiZc V:  1 H:306 F:53

						8495D3 95 2E       STA $2E,X     [000E96] A:0000 X:0E68 Y:02D9 S:0121 D:0000 DB:86 nvMxdiZc V:  1 H:316 F:53
						8495D5 85 18       STA $18       [000018] A:0000 X:0E68 Y:02D9 S:0121 D:0000 DB:86 nvMxdiZc V:  1 H:323 F:53
						8495D7 29 3F       AND #$3F               A:0000 X:0E68 Y:02D9 S:0121 D:0000 DB:86 nvMxdiZc V:  1 H:327 F:53
						8495D9 0A          ASL A                  A:0000 X:0E68 Y:02D9 S:0121 D:0000 DB:86 nvMxdiZc V:  1 H:330 F:53
						8495DA EB          XBA                    A:0000 X:0E68 Y:02D9 S:0121 D:0000 DB:86 nvMxdiZc V:  1 H:333 F:53
						8495DB A9 00       LDA #$00               A:0000 X:0E68 Y:02D9 S:0121 D:0000 DB:86 nvMxdiZc V:  1 H:337 F:53
						8495DD EB          XBA                    A:0000 X:0E68 Y:02D9 S:0121 D:0000 DB:86 nvMxdiZc V:  2 H:  0 F:53
						8495DE A8          TAY                    A:0000 X:0E68 Y:02D9 S:0121 D:0000 DB:86 nvMxdiZc V:  2 H:  5 F:53
						8495DF 84 28       STY $28       [000028] A:0000 X:0E68 Y:0000 S:0121 D:0000 DB:86 nvMxdiZc V:  2 H:  8 F:53
						8495E1 86 2C       STX $2C       [00002C] A:0000 X:0E68 Y:0000 S:0121 D:0000 DB:86 nvMxdiZc V:  2 H: 15 F:53
						8495E3 68          PLA                    A:0000 X:0E68 Y:0000 S:0121 D:0000 DB:86 nvMxdiZc V:  2 H: 22 F:53
						8495E4 95 2A       STA $2A,X     [000E92] A:0013 X:0E68 Y:0000 S:0122 D:0000 DB:86 nvMxdizc V:  2 H: 28 F:53
						8495E6 A6 2C       LDX $2C       [00002C] A:0013 X:0E68 Y:0000 S:0122 D:0000 DB:86 nvMxdizc V:  2 H: 35 F:53
						8495E8 A9 FB       LDA #$FB               A:0013 X:0E68 Y:0000 S:0122 D:0000 DB:86 nvMxdizc V:  2 H: 42 F:53
						8495EA 35 2B       AND $2B,X     [000E93] A:00FB X:0E68 Y:0000 S:0122 D:0000 DB:86 NvMxdizc V:  2 H: 45 F:53
						8495EC 95 2B       STA $2B,X     [000E93] A:0000 X:0E68 Y:0000 S:0122 D:0000 DB:86 nvMxdiZc V:  2 H: 51 F:53
						8495EE 64 01       STZ $01       [000001] A:0000 X:0E68 Y:0000 S:0122 D:0000 DB:86 nvMxdiZc V:  2 H: 58 F:53
						8495F0 B5 2A       LDA $2A,X     [000E92] A:0000 X:0E68 Y:0000 S:0122 D:0000 DB:86 nvMxdiZc V:  2 H: 63 F:53
						8495F2 85 02       STA $02       [000002] A:0013 X:0E68 Y:0000 S:0122 D:0000 DB:86 nvMxdizc V:  2 H: 69 F:53
						8495F4 64 03       STZ $03       [000003] A:0013 X:0E68 Y:0000 S:0122 D:0000 DB:86 nvMxdizc V:  2 H: 74 F:53
						8495F6 B4 05       LDY $05,X     [000E6D] A:0013 X:0E68 Y:0000 S:0122 D:0000 DB:86 nvMxdizc V:  2 H: 79 F:53
						8495F8 84 10       STY $10       [000010] A:0013 X:0E68 Y:1EB6 S:0122 D:0000 DB:86 nvMxdizc V:  2 H: 88 F:53
						8495FA B4 08       LDY $08,X     [000E70] A:0013 X:0E68 Y:1EB6 S:0122 D:0000 DB:86 nvMxdizc V:  2 H: 95 F:53
						8495FC 84 12       STY $12       [000012] A:0013 X:0E68 Y:0120 S:0122 D:0000 DB:86 nvMxdizc V:  2 H:103 F:53
						8495FE A6 28       LDX $28       [000028] A:0013 X:0E68 Y:0120 S:0122 D:0000 DB:86 nvMxdizc V:  2 H:110 F:53
						849600 FC 1C 96    JSR ($961C,X) [84961C] A:0013 X:0000 Y:0120 S:0122 D:0000 DB:86 nvMxdiZc V:  2 H:117 F:53

							84969C AD 1C 1F    LDA $1F1C     [861F1C] A:0013 X:0000 Y:0120 S:0120 D:0000 DB:86 nvMxdiZc V:  2 H:130 F:53
							84969F F0 11       BEQ $0011     [8496B2] A:0000 X:0000 Y:0120 S:0120 D:0000 DB:86 nvMxdiZc V:  2 H:147 F:53
							8496B2 A9 00       LDA #$00               A:0000 X:0000 Y:0120 S:0120 D:0000 DB:86 nvMxdiZc V:  2 H:151 F:53
							8496B4 60          RTS                    A:0000 X:0000 Y:0120 S:0120 D:0000 DB:86 nvMxdiZc V:  2 H:154 F:53

						849603 F0 11       BEQ $0011     [849616] A:0000 X:0000 Y:0120 S:0122 D:0000 DB:86 nvMxdiZc V:  2 H:164 F:53
						849616 A6 2C       LDX $2C       [00002C] A:0000 X:0000 Y:0120 S:0122 D:0000 DB:86 nvMxdiZc V:  2 H:169 F:53
						849618 20 08 93    JSR $9308     [849308] A:0000 X:0E68 Y:0120 S:0122 D:0000 DB:86 nvMxdizc V:  2 H:176 F:53

							849308 A5 14       LDA $14       [000014] A:0000 X:0E68 Y:0120 S:0120 D:0000 DB:86 nvMxdizc V:  2 H:186 F:53
							84930A F0 08       BEQ $0008     [849314] A:0000 X:0E68 Y:0120 S:0120 D:0000 DB:86 nvMxdiZc V:  2 H:191 F:53
							849314 60          RTS                    A:0000 X:0E68 Y:0120 S:0120 D:0000 DB:86 nvMxdiZc V:  2 H:195 F:53

						84961B 60          RTS                    A:0000 X:0E68 Y:0120 S:0122 D:0000 DB:86 nvMxdiZc V:  2 H:205 F:53

					8492A9 C2 30       REP #$30               A:0000 X:0E68 Y:0120 S:0124 D:0000 DB:86 nvMxdiZc V:  2 H:215 F:53
					8492AB 60          RTS                    A:0000 X:0E68 Y:0120 S:0124 D:0000 DB:86 nvmxdiZc V:  2 H:220 F:53

				8491DB 2B          PLD                    A:0000 X:0E68 Y:0120 S:0126 D:0000 DB:86 nvmxdiZc V:  2 H:230 F:53
				8491DC 28          PLP                    A:0000 X:0E68 Y:0120 S:0128 D:0E68 DB:86 nvmxdizc V:  2 H:238 F:53
				8491DD 6B          RTL                    A:0000 X:0068 Y:0020 S:0129 D:0E68 DB:86 nvMXdizc V:  2 H:245 F:53

			81B9B0 22 EA 8E 84 JSL $848EEA   [848EEA] A:0000 X:0068 Y:0020 S:012C D:0E68 DB:86 nvMXdizc V:  2 H:255 F:53	JSL $848EEA --> Decrease CDSkel, Continue Skeleton

				848EEA 08          PHP                    A:0000 X:0068 Y:0020 S:0129 D:0E68 DB:86 nvMXdizc V:  2 H:269 F:53
				848EEB 8B          PHB                    A:0000 X:0068 Y:0020 S:0128 D:0E68 DB:86 nvMXdizc V:  2 H:274 F:53
				848EEC E2 30       SEP #$30               A:0000 X:0068 Y:0020 S:0127 D:0E68 DB:86 nvMXdizc V:  2 H:279 F:53
				848EEE C6 13       DEC $13       [000E7B] A:0000 X:0068 Y:0020 S:0127 D:0E68 DB:86 nvMXdizc V:  2 H:283 F:53
				848EF0 D0 5D       BNE $005D     [848F4F] A:0000 X:0068 Y:0020 S:0127 D:0E68 DB:86 nvMXdizc V:  2 H:293 F:53
				848F4F AB          PLB                    A:0000 X:0068 Y:0020 S:0127 D:0E68 DB:86 nvMXdizc V:  2 H:298 F:53
				848F50 28          PLP                    A:0000 X:0068 Y:0020 S:0128 D:0E68 DB:86 NvMXdizc V:  2 H:304 F:53
				848F51 6B          RTL                    A:0000 X:0068 Y:0020 S:0129 D:0E68 DB:86 nvMXdizc V:  2 H:311 F:53

			81B9B4 C2 20       REP #$20               A:0000 X:0068 Y:0020 S:012C D:0E68 DB:86 nvMXdizc V:  2 H:321 F:53
			81B9B6 A5 1C       LDA $1C       [000E84] A:0000 X:0068 Y:0020 S:012C D:0E68 DB:86 nvmXdizc V:  2 H:325 F:53	|Branch because (E-Y-Vel - #$F900 is positive)
			81B9B8 C9 00 F9    CMP #$F900             A:FFBE X:0068 Y:0020 S:012C D:0E68 DB:86 NvmXdizc V:  2 H:333 F:53	|
			81B9BB 10 09       BPL $0009     [81B9C6] A:FFBE X:0068 Y:0020 S:012C D:0E68 DB:86 nvmXdizC V:  2 H:338 F:53	|
			81B9C6 E2 20       SEP #$20               A:FFBE X:0068 Y:0020 S:012C D:0E68 DB:86 nvmXdizC V:  3 H:  2 F:53	A:1B
			81B9C8 A5 2B       LDA $2B       [000E93] A:FFBE X:0068 Y:0020 S:012C D:0E68 DB:86 nvMXdizC V:  3 H:  7 F:53	|Branch because #$04 AND Contact = #$00
			81B9CA 29 04       AND #$04               A:FF00 X:0068 Y:0020 S:012C D:0E68 DB:86 nvMXdiZC V:  3 H: 13 F:53	|
			81B9CC F0 0A       BEQ $000A     [81B9D8] A:FF00 X:0068 Y:0020 S:012C D:0E68 DB:86 nvMXdiZC V:  3 H: 16 F:53	|
			81B9D8 60          RTS                    A:FF00 X:0068 Y:0020 S:012C D:0E68 DB:86 nvMXdiZC V:  3 H: 21 F:53	Return

		81B63B A9 09       LDA #$09               A:FF00 X:0068 Y:0020 S:012E D:0E68 DB:86 nvMXdiZC V:  3 H: 31 F:53
