80D4F6 20 30 D5    JSR $D530     [80D530] A:0E01 X:0000 Y:0027 S:0133 D:0E68 DB:86 nvMXdizC V:248 H:198 F:35

	80D530 C2 20       REP #$20               A:0E01 X:0000 Y:0027 S:0131 D:0E68 DB:86 nvMXdizC V:248 H:208 F:35
	80D532 A5 05       LDA $05       [000E6D] A:0E01 X:0000 Y:0027 S:0131 D:0E68 DB:86 nvmXdizC V:248 H:213 F:35
	80D534 85 22       STA $22       [000E8A] A:1ED0 X:0000 Y:0027 S:0131 D:0E68 DB:86 nvmXdizC V:248 H:221 F:35
	80D536 A5 08       LDA $08       [000E70] A:1ED0 X:0000 Y:0027 S:0131 D:0E68 DB:86 nvmXdizC V:248 H:230 F:35
	80D538 85 24       STA $24       [000E8C] A:01AC X:0000 Y:0027 S:0131 D:0E68 DB:86 nvmXdizC V:248 H:238 F:35
	80D53A E2 20       SEP #$20               A:01AC X:0000 Y:0027 S:0131 D:0E68 DB:86 nvmXdizC V:248 H:247 F:35
	80D53C A9 80       LDA #$80               A:01AC X:0000 Y:0027 S:0131 D:0E68 DB:86 nvMXdizC V:248 H:251 F:35
	80D53E 14 0E       TRB $0E       [000E76] A:0180 X:0000 Y:0027 S:0131 D:0E68 DB:86 NvMXdizC V:248 H:254 F:35
	80D540 A5 0A       LDA $0A       [000E72] A:0180 X:0000 Y:0027 S:0131 D:0E68 DB:86 NvMXdizC V:248 H:264 F:35
	80D542 0A          ASL A                  A:0102 X:0000 Y:0027 S:0131 D:0E68 DB:86 nvMXdizC V:248 H:271 F:35
	80D543 AA          TAX                    A:0104 X:0000 Y:0027 S:0131 D:0E68 DB:86 nvMXdizc V:248 H:274 F:35
	80D544 7C DD F8    JMP ($F8DD,X) [80F8E1] A:0104 X:0004 Y:0027 S:0131 D:0E68 DB:86 nvMXdizc V:248 H:277 F:35

	80F9BB 22 16 B5 81 JSL $81B516   [81B516] A:0104 X:0004 Y:0027 S:0131 D:0E68 DB:86 nvMXdizc V:248 H:286 F:35

		81B516 A6 01       LDX $01       [000E69] A:0104 X:0004 Y:0027 S:012E D:0E68 DB:86 nvMXdizc V:248 H:299 F:35
		81B518 7C 1B B5    JMP ($B51B,X) [81B51F] A:0104 X:0004 Y:0027 S:012E D:0E68 DB:86 nvMXdizc V:248 H:306 F:35

		81B629 A5 33       LDA $33       [000E9B] A:0104 X:0004 Y:0027 S:012E D:0E68 DB:86 nvMXdizc V:248 H:315 F:35
		81B62B 04 11       TSB $11       [000E79] A:0108 X:0004 Y:0027 S:012E D:0E68 DB:86 nvMXdizc V:248 H:321 F:35
		81B62D C2 20       REP #$20               A:0108 X:0004 Y:0027 S:012E D:0E68 DB:86 nvMXdizc V:248 H:330 F:35
		81B62F A9 2D C4    LDA #$C42D             A:0108 X:0004 Y:0027 S:012E D:0E68 DB:86 nvmXdizc V:248 H:335 F:35
		81B632 85 20       STA $20       [000E88] A:C42D X:0004 Y:0027 S:012E D:0E68 DB:86 NvmXdizc V:248 H:339 F:35
		81B634 E2 20       SEP #$20               A:C42D X:0004 Y:0027 S:012E D:0E68 DB:86 NvmXdizc V:249 H:  8 F:35
		81B636 A6 02       LDX $02       [000E6A] A:C42D X:0004 Y:0027 S:012E D:0E68 DB:86 NvMXdizc V:249 H: 12 F:35
		81B638 FC F3 B6    JSR ($B6F3,X) [81B6F3] A:C42D X:0000 Y:0027 S:012E D:0E68 DB:86 nvMXdiZc V:249 H: 19 F:35

			81B6FF A6 03       LDX $03       [000E6B] A:C42D X:0000 Y:0027 S:012C D:0E68 DB:86 nvMXdiZc V:249 H: 32 F:35
			81B701 7C 04 B7    JMP ($B704,X) [81B706] A:C42D X:0002 Y:0027 S:012C D:0E68 DB:86 nvMXdizc V:249 H: 38 F:35

			81B721 22 EA 8E 84 JSL $848EEA   [848EEA] A:C42D X:0002 Y:0027 S:012C D:0E68 DB:86 nvMXdizc V:249 H: 47 F:35JSL 			JSL $848EEA --> Countdown skeleton routine -> 00,02 continues from skeleton loaded in 00,00

				848EEA 08          PHP                    A:C42D X:0002 Y:0027 S:0129 D:0E68 DB:86 nvMXdizc V:249 H: 61 F:35			Push Processor Flags
				848EEB 8B          PHB                    A:C42D X:0002 Y:0027 S:0128 D:0E68 DB:86 nvMXdizc V:249 H: 66 F:35			Push DB
				848EEC E2 30       SEP #$30               A:C42D X:0002 Y:0027 S:0127 D:0E68 DB:86 nvMXdizc V:249 H: 71 F:35			A:1B,X:1B
				848EEE C6 13       DEC $13       [000E7B] A:C42D X:0002 Y:0027 S:0127 D:0E68 DB:86 nvMXdizc V:249 H: 75 F:35			Decrease Countdown
				848EF0 D0 5D       BNE $005D     [848F4F] A:C42D X:0002 Y:0027 S:0127 D:0E68 DB:86 nvMXdiZc V:249 H: 85 F:35			Branch if Countdown <> #$00
				848EF2 A9 AF       LDA #$AF               A:C42D X:0002 Y:0027 S:0127 D:0E68 DB:86 nvMXdiZc V:249 H: 88 F:35			|DB = #$AF
				848EF4 48          PHA                    A:C4AF X:0002 Y:0027 S:0127 D:0E68 DB:86 NvMXdizc V:249 H: 91 F:35			|
				848EF5 AB          PLB                    A:C4AF X:0002 Y:0027 S:0126 D:0E68 DB:86 NvMXdizc V:249 H: 96 F:35			|
				848EF6 C2 21       REP #$21               A:C4AF X:0002 Y:0027 S:0127 D:0E68 DB:AF NvMXdizc V:249 H:103 F:35			A:2B,X:1B
				848EF8 A5 14       LDA $14       [000E7C] A:C4AF X:0002 Y:0027 S:0127 D:0E68 DB:AF NvmXdizc V:249 H:107 F:35			
				848EFA 69 03 00    ADC #$0003             A:D031 X:0002 Y:0027 S:0127 D:0E68 DB:AF NvmXdizc V:249 H:116 F:35			
				848EFD A4 0F       LDY $0F       [000E77] A:D034 X:0002 Y:0027 S:0127 D:0E68 DB:AF NvmXdizc V:249 H:120 F:35			Y = CDAction
				848EFF 10 37       BPL $0037     [848F38] A:D034 X:0002 Y:0000 S:0127 D:0E68 DB:AF nvmXdiZc V:249 H:127 F:35			Branch because CDAction is positive
				848F38 85 14       STA $14       [000E7C] A:D034 X:0002 Y:0000 S:0127 D:0E68 DB:AF nvmXdiZc V:249 H:131 F:35			CDPointer = CDPointer + #$03
				848F3A E2 30       SEP #$30               A:D034 X:0002 Y:0000 S:0127 D:0E68 DB:AF nvmXdiZc V:249 H:150 F:35			A:1B,X:1B
				848F3C B2 14       LDA ($14)     [AFD034] A:D034 X:0002 Y:0000 S:0127 D:0E68 DB:AF nvMXdiZc V:249 H:154 F:35			|Countdown = ($14)
				848F3E 85 13       STA $13       [000E7B] A:D005 X:0002 Y:0000 S:0127 D:0E68 DB:AF nvMXdizc V:249 H:164 F:35			|
				848F40 A0 01       LDY #$01               A:D005 X:0002 Y:0000 S:0127 D:0E68 DB:AF nvMXdizc V:249 H:171 F:35			|
				848F42 B1 14       LDA ($14),Y   [AFD035] A:D005 X:0002 Y:0001 S:0127 D:0E68 DB:AF nvMXdizc V:249 H:174 F:35			|CDAction = ($14),1
				848F44 85 0F       STA $0F       [000E77] A:D001 X:0002 Y:0001 S:0127 D:0E68 DB:AF nvMXdizc V:249 H:184 F:35			|
				848F46 C8          INY                    A:D001 X:0002 Y:0001 S:0127 D:0E68 DB:AF nvMXdizc V:249 H:190 F:35			|
				848F47 B1 14       LDA ($14),Y   [AFD036] A:D001 X:0002 Y:0002 S:0127 D:0E68 DB:AF nvMXdizc V:249 H:193 F:35			|Sprite = ($14),2
				848F49 85 17       STA $17       [000E7F] A:D007 X:0002 Y:0002 S:0127 D:0E68 DB:AF nvMXdizc V:249 H:203 F:35			|
				848F4B A9 80       LDA #$80               A:D007 X:0002 Y:0002 S:0127 D:0E68 DB:AF nvMXdizc V:249 H:210 F:35			|Set bit #$80 to Sprite
				848F4D 04 17       TSB $17       [000E7F] A:D080 X:0002 Y:0002 S:0127 D:0E68 DB:AF NvMXdizc V:249 H:213 F:35			|
				848F4F AB          PLB                    A:D080 X:0002 Y:0002 S:0127 D:0E68 DB:AF NvMXdiZc V:249 H:223 F:35			Pull DB
				848F50 28          PLP                    A:D080 X:0002 Y:0002 S:0128 D:0E68 DB:86 NvMXdizc V:249 H:229 F:35			Pull Processor Flags
				848F51 6B          RTL                    A:D080 X:0002 Y:0002 S:0129 D:0E68 DB:86 nvMXdizc V:249 H:236 F:35			Return

			81B725 A5 17       LDA $17       [000E7F] A:D080 X:0002 Y:0002 S:012C D:0E68 DB:86 nvMXdizc V:249 H:246 F:35				Load Sprite
			81B727 10 42       BPL $0042     [81B76B] A:D087 X:0002 Y:0002 S:012C D:0E68 DB:86 NvMXdizc V:249 H:253 F:35				Branch if Sprite is positive
			81B729 29 7F       AND #$7F               A:D087 X:0002 Y:0002 S:012C D:0E68 DB:86 NvMXdizc V:249 H:256 F:35				AND #$7F
			81B72B 85 17       STA $17       [000E7F] A:D007 X:0002 Y:0002 S:012C D:0E68 DB:86 nvMXdizc V:249 H:259 F:35				Store Sprite
			81B72D A5 0F       LDA $0F       [000E77] A:D007 X:0002 Y:0002 S:012C D:0E68 DB:86 nvMXdizc V:249 H:265 F:35				|Branch if CDAction AND #$7F = #$00
			81B72F 29 7F       AND #$7F               A:D001 X:0002 Y:0002 S:012C D:0E68 DB:86 nvMXdizc V:249 H:272 F:35				|
			81B731 F0 38       BEQ $0038     [81B76B] A:D001 X:0002 Y:0002 S:012C D:0E68 DB:86 nvMXdizc V:249 H:275 F:35				|
			81B733 22 58 83 82 JSL $828358   [828358] A:D001 X:0002 Y:0002 S:012C D:0E68 DB:86 nvMXdizc V:249 H:278 F:35				JSL: $828358 --> Loads X with first empty EnemyShot,Z=1

				828358 C2 30       REP #$30               A:D001 X:0002 Y:0002 S:0129 D:0E68 DB:86 nvMXdizc V:249 H:291 F:35			|Loads X with first empty EnemyShot
				82835A A2 28 14    LDX #$1428             A:D001 X:0002 Y:0002 S:0129 D:0E68 DB:86 nvmxdizc V:249 H:296 F:35			|
				82835D BD 00 00    LDA $0000,X   [861428] A:D001 X:1428 Y:0002 S:0129 D:0E68 DB:86 nvmxdizc V:249 H:300 F:35			|
				828360 F0 D9       BEQ $00D9     [82833B] A:0000 X:1428 Y:0002 S:0129 D:0E68 DB:86 nvmxdiZc V:249 H:310 F:35			|
				82833B E2 22       SEP #$22               A:0000 X:1428 Y:0002 S:0129 D:0E68 DB:86 nvmxdiZc V:249 H:315 F:35			A:1B,ZeroFlag = 1
				82833D 6B          RTL                    A:0000 X:1428 Y:0002 S:0129 D:0E68 DB:86 nvMxdiZc V:249 H:319 F:35			Return

			81B737 D0 2E       BNE $002E     [81B767] A:0000 X:1428 Y:0002 S:012C D:0E68 DB:86 nvMxdiZc V:249 H:329 F:35				Branch if ZeroFlag = 0
			81B739 FE 00 00    INC $0000,X   [861428] A:0000 X:1428 Y:0002 S:012C D:0E68 DB:86 nvMxdiZc V:249 H:332 F:35				ES-Exist = #$01
			81B73C A9 06       LDA #$06               A:0000 X:1428 Y:0002 S:012C D:0E68 DB:86 nvMxdizc V:250 H:  3 F:35				|ES-ID = #$06
			81B73E 9D 0A 00    STA $000A,X   [861432] A:0006 X:1428 Y:0002 S:012C D:0E68 DB:86 nvMxdizc V:250 H:  6 F:35				|
			81B741 A5 11       LDA $11       [000E79] A:0006 X:1428 Y:0002 S:012C D:0E68 DB:86 nvMxdizc V:250 H: 14 F:35				ES-Status = E-Status AND #$40 (Facing)
			81B743 29 40       AND #$40               A:0029 X:1428 Y:0002 S:012C D:0E68 DB:86 nvMxdizc V:250 H: 21 F:35				 
			81B745 9D 11 00    STA $0011,X   [861439] A:0000 X:1428 Y:0002 S:012C D:0E68 DB:86 nvMxdiZc V:250 H: 24 F:35				
			81B748 0A          ASL A                  A:0000 X:1428 Y:0002 S:012C D:0E68 DB:86 nvMxdiZc V:250 H: 32 F:35				|A * 4
			81B749 0A          ASL A                  A:0000 X:1428 Y:0002 S:012C D:0E68 DB:86 nvMxdiZc V:250 H: 35 F:35				|
			81B74A C2 20       REP #$20               A:0000 X:1428 Y:0002 S:012C D:0E68 DB:86 nvMxdiZc V:250 H: 38 F:35				A:2B
			81B74C A9 1A 00    LDA #$001A             A:0000 X:1428 Y:0002 S:012C D:0E68 DB:86 nvmxdiZc V:250 H: 42 F:35				A = #$0014
			81B74F B0 03       BCS $0003     [81B754] A:001A X:1428 Y:0002 S:012C D:0E68 DB:86 nvmxdizc V:250 H: 47 F:35				Skip next line if ES-Status #$40 bit is set (Chill is facing right)
			81B751 A9 E6 FF    LDA #$FFE6             A:001A X:1428 Y:0002 S:012C D:0E68 DB:86 nvmxdizc V:250 H: 50 F:35				|ES-X-Pos = E-X-Pos + #$FFE6
			81B754 18          CLC                    A:FFE6 X:1428 Y:0002 S:012C D:0E68 DB:86 Nvmxdizc V:250 H: 54 F:35				|
			81B755 65 05       ADC $05       [000E6D] A:FFE6 X:1428 Y:0002 S:012C D:0E68 DB:86 Nvmxdizc V:250 H: 57 F:35				|
			81B757 9D 05 00    STA $0005,X   [86142D] A:1EB6 X:1428 Y:0002 S:012C D:0E68 DB:86 nvmxdizC V:250 H: 66 F:35				|
			81B75A A5 08       LDA $08       [000E70] A:1EB6 X:1428 Y:0002 S:012C D:0E68 DB:86 nvmxdizC V:250 H: 76 F:35				|ES-Y-Pos = E-Y-Pos - #$0002
			81B75C 38          SEC                    A:01AC X:1428 Y:0002 S:012C D:0E68 DB:86 nvmxdizC V:250 H: 84 F:35				|
			81B75D E9 02 00    SBC #$0002             A:01AC X:1428 Y:0002 S:012C D:0E68 DB:86 nvmxdizC V:250 H: 87 F:35				|
			81B760 9D 08 00    STA $0008,X   [861430] A:01AA X:1428 Y:0002 S:012C D:0E68 DB:86 nvmxdizC V:250 H: 92 F:35				|
			81B763 7B          TDC                    A:01AA X:1428 Y:0002 S:012C D:0E68 DB:86 nvmxdizC V:250 H:102 F:35				X = DB
			81B764 9D 0C 00    STA $000C,X   [861434] A:0E68 X:1428 Y:0002 S:012C D:0E68 DB:86 nvmxdizC V:250 H:105 F:35				$0C = #$0E68 --> Associated Enemy?
			81B767 E2 30       SEP #$30               A:0E68 X:1428 Y:0002 S:012C D:0E68 DB:86 nvmxdizC V:250 H:115 F:35				A:1B,X:1B
			81B769 C6 36       DEC $36       [000E9E] A:0E68 X:0028 Y:0002 S:012C D:0E68 DB:86 nvMXdizC V:250 H:119 F:35				Decrease IceBlocks
			81B76B A5 0F       LDA $0F       [000E77] A:0E68 X:0028 Y:0002 S:012C D:0E68 DB:86 nvMXdizC V:250 H:129 F:35				|Branch because CDAction is positive
			81B76D 10 16       BPL $0016     [81B785] A:0E01 X:0028 Y:0002 S:012C D:0E68 DB:86 nvMXdizC V:250 H:146 F:35				|
			81B785 60          RTS                    A:0E01 X:0028 Y:0002 S:012C D:0E68 DB:86 nvMXdizC V:250 H:150 F:35				Return

		81B63B A9 09       LDA #$09               A:0E01 X:0028 Y:0002 S:012E D:0E68 DB:86 nvMXdizC V:250 H:160 F:35					|Normal routine after Subaction
		81B63D A6 35       LDX $35       [000E9D] A:0E09 X:0028 Y:0002 S:012E D:0E68 DB:86 nvMXdizC V:250 H:163 F:35					|$28 = #$09 (Can be hit) because I-Frames = #$00
		81B63F F0 02       BEQ $0002     [81B643] A:0E09 X:0000 Y:0002 S:012E D:0E68 DB:86 nvMXdiZC V:250 H:170 F:35					|
		81B643 85 28       STA $28       [000E90] A:0E09 X:0000 Y:0002 S:012E D:0E68 DB:86 nvMXdiZC V:250 H:174 F:35					|
		81B645 A5 39       LDA $39       [000EA1] A:0E09 X:0000 Y:0002 S:012E D:0E68 DB:86 nvMXdiZC V:250 H:181 F:35					|Branch because Deflect = #$00
		81B647 F0 02       BEQ $0002     [81B64B] A:0E00 X:0000 Y:0002 S:012E D:0E68 DB:86 nvMXdiZC V:250 H:187 F:35					|
		81B64B A5 17       LDA $17       [000E7F] A:0E00 X:0000 Y:0002 S:012E D:0E68 DB:86 nvMXdiZC V:250 H:192 F:35					|Something with Sprites?
		81B64D 29 7F       AND #$7F               A:0E07 X:0000 Y:0002 S:012E D:0E68 DB:86 nvMXdizC V:250 H:198 F:35					|
		81B64F AA          TAX                    A:0E07 X:0000 Y:0002 S:012E D:0E68 DB:86 nvMXdizC V:250 H:201 F:35					|
		81B650 BD AB C4    LDA $C4AB,X   [86C4B2] A:0E07 X:0007 Y:0002 S:012E D:0E68 DB:86 nvMXdizC V:250 H:204 F:35					|
		81B653 0A          ASL A                  A:0E00 X:0007 Y:0002 S:012E D:0E68 DB:86 nvMXdiZC V:250 H:210 F:35					|
		81B654 0A          ASL A                  A:0E00 X:0007 Y:0002 S:012E D:0E68 DB:86 nvMXdiZc V:250 H:213 F:35					|
		81B655 C2 20       REP #$20               A:0E00 X:0007 Y:0002 S:012E D:0E68 DB:86 nvMXdiZc V:250 H:216 F:35					|
		81B657 29 FF 00    AND #$00FF             A:0E00 X:0007 Y:0002 S:012E D:0E68 DB:86 nvmXdiZc V:250 H:221 F:35					|
		81B65A 18          CLC                    A:0000 X:0007 Y:0002 S:012E D:0E68 DB:86 nvmXdiZc V:250 H:225 F:35					|
		81B65B 69 37 C4    ADC #$C437             A:0000 X:0007 Y:0002 S:012E D:0E68 DB:86 nvmXdiZc V:250 H:228 F:35					|
		81B65E 85 20       STA $20       [000E88] A:C437 X:0007 Y:0002 S:012E D:0E68 DB:86 NvmXdizc V:250 H:233 F:35					|
		81B660 E2 20       SEP #$20               A:C437 X:0007 Y:0002 S:012E D:0E68 DB:86 NvmXdizc V:250 H:241 F:35					A:1B
		81B662 22 43 9B 84 JSL $849B43   [849B43] A:C437 X:0007 Y:0002 S:012E D:0E68 DB:86 NvMXdizc V:250 H:246 F:35					JSL: $849B43 --> Check if MMXShot exists, if there isn't return with A = #$00

			849B43 C2 10       REP #$10               A:C437 X:0007 Y:0002 S:012B D:0E68 DB:86 NvMXdizc V:250 H:259 F:35				
			849B45 A5 27       LDA $27       [000E8F] A:C437 X:0007 Y:0002 S:012B D:0E68 DB:86 NvMxdizc V:250 H:264 F:35				
			849B47 29 7F       AND #$7F               A:C420 X:0007 Y:0002 S:012B D:0E68 DB:86 nvMxdizc V:250 H:270 F:35				
			849B49 85 27       STA $27       [000E8F] A:C420 X:0007 Y:0002 S:012B D:0E68 DB:86 nvMxdizc V:250 H:273 F:35				
			849B4B F0 2C       BEQ $002C     [849B79] A:C420 X:0007 Y:0002 S:012B D:0E68 DB:86 nvMxdizc V:250 H:280 F:35				
			849B4D A5 30       LDA $30       [000E98] A:C420 X:0007 Y:0002 S:012B D:0E68 DB:86 nvMxdizc V:250 H:283 F:35				
			849B4F D0 28       BNE $0028     [849B79] A:C400 X:0007 Y:0002 S:012B D:0E68 DB:86 nvMxdiZc V:250 H:289 F:35				
			849B51 A5 0E       LDA $0E       [000E76] A:C400 X:0007 Y:0002 S:012B D:0E68 DB:86 nvMxdiZc V:250 H:292 F:35				
			849B53 F0 24       BEQ $0024     [849B79] A:C401 X:0007 Y:0002 S:012B D:0E68 DB:86 nvMxdizc V:250 H:299 F:35				
			849B55 A2 28 12    LDX #$1228             A:C401 X:0007 Y:0002 S:012B D:0E68 DB:86 nvMxdizc V:250 H:302 F:35				
			849B58 E2 20       SEP #$20               A:C401 X:1228 Y:0002 S:012B D:0E68 DB:86 nvMxdizc V:250 H:306 F:35				
			849B5A BD 00 00    LDA $0000,X   [861228] A:C401 X:1228 Y:0002 S:012B D:0E68 DB:86 nvMxdizc V:250 H:311 F:35				
			849B5D F0 0E       BEQ $000E     [849B6D] A:C400 X:1228 Y:0002 S:012B D:0E68 DB:86 nvMxdiZc V:250 H:319 F:35				
			849B6D C2 21       REP #$21               A:C400 X:1228 Y:0002 S:012B D:0E68 DB:86 nvMxdiZc V:250 H:323 F:35				
			849B6F 8A          TXA                    A:C400 X:1228 Y:0002 S:012B D:0E68 DB:86 nvmxdiZc V:250 H:327 F:35				
			849B70 69 40 00    ADC #$0040             A:1228 X:1228 Y:0002 S:012B D:0E68 DB:86 nvmxdizc V:250 H:330 F:35				
			849B73 AA          TAX                    A:1268 X:1228 Y:0002 S:012B D:0E68 DB:86 nvmxdizc V:250 H:334 F:35				
			849B74 C9 28 14    CMP #$1428             A:1268 X:1268 Y:0002 S:012B D:0E68 DB:86 nvmxdizc V:250 H:337 F:35				
			849B77 90 DF       BCC $00DF     [849B58] A:1268 X:1268 Y:0002 S:012B D:0E68 DB:86 Nvmxdizc V:251 H:  2 F:35				
			849B58 E2 20       SEP #$20               A:1268 X:1268 Y:0002 S:012B D:0E68 DB:86 Nvmxdizc V:251 H:  6 F:35				
			849B5A BD 00 00    LDA $0000,X   [861268] A:1268 X:1268 Y:0002 S:012B D:0E68 DB:86 NvMxdizc V:251 H: 11 F:35				
			849B5D F0 0E       BEQ $000E     [849B6D] A:1200 X:1268 Y:0002 S:012B D:0E68 DB:86 nvMxdiZc V:251 H: 19 F:35				
			849B6D C2 21       REP #$21               A:1200 X:1268 Y:0002 S:012B D:0E68 DB:86 nvMxdiZc V:251 H: 23 F:35				
			849B6F 8A          TXA                    A:1200 X:1268 Y:0002 S:012B D:0E68 DB:86 nvmxdiZc V:251 H: 28 F:35				
			849B70 69 40 00    ADC #$0040             A:1268 X:1268 Y:0002 S:012B D:0E68 DB:86 nvmxdizc V:251 H: 31 F:35				
			849B73 AA          TAX                    A:12A8 X:1268 Y:0002 S:012B D:0E68 DB:86 nvmxdizc V:251 H: 35 F:35				
			849B74 C9 28 14    CMP #$1428             A:12A8 X:12A8 Y:0002 S:012B D:0E68 DB:86 nvmxdizc V:251 H: 38 F:35				
			849B77 90 DF       BCC $00DF     [849B58] A:12A8 X:12A8 Y:0002 S:012B D:0E68 DB:86 Nvmxdizc V:251 H: 43 F:35				
			849B58 E2 20       SEP #$20               A:12A8 X:12A8 Y:0002 S:012B D:0E68 DB:86 Nvmxdizc V:251 H: 47 F:35				
			849B5A BD 00 00    LDA $0000,X   [8612A8] A:12A8 X:12A8 Y:0002 S:012B D:0E68 DB:86 NvMxdizc V:251 H: 52 F:35				
			849B5D F0 0E       BEQ $000E     [849B6D] A:1200 X:12A8 Y:0002 S:012B D:0E68 DB:86 nvMxdiZc V:251 H: 60 F:35				
			849B6D C2 21       REP #$21               A:1200 X:12A8 Y:0002 S:012B D:0E68 DB:86 nvMxdiZc V:251 H: 64 F:35				
			849B6F 8A          TXA                    A:1200 X:12A8 Y:0002 S:012B D:0E68 DB:86 nvmxdiZc V:251 H: 69 F:35				
			849B70 69 40 00    ADC #$0040             A:12A8 X:12A8 Y:0002 S:012B D:0E68 DB:86 nvmxdizc V:251 H: 72 F:35				
			849B73 AA          TAX                    A:12E8 X:12A8 Y:0002 S:012B D:0E68 DB:86 nvmxdizc V:251 H: 76 F:35				
			849B74 C9 28 14    CMP #$1428             A:12E8 X:12E8 Y:0002 S:012B D:0E68 DB:86 nvmxdizc V:251 H: 79 F:35				
			849B77 90 DF       BCC $00DF     [849B58] A:12E8 X:12E8 Y:0002 S:012B D:0E68 DB:86 Nvmxdizc V:251 H: 84 F:35				
			849B58 E2 20       SEP #$20               A:12E8 X:12E8 Y:0002 S:012B D:0E68 DB:86 Nvmxdizc V:251 H: 88 F:35				
			849B5A BD 00 00    LDA $0000,X   [8612E8] A:12E8 X:12E8 Y:0002 S:012B D:0E68 DB:86 NvMxdizc V:251 H: 93 F:35				
			849B5D F0 0E       BEQ $000E     [849B6D] A:1200 X:12E8 Y:0002 S:012B D:0E68 DB:86 nvMxdiZc V:251 H:101 F:35				
			849B6D C2 21       REP #$21               A:1200 X:12E8 Y:0002 S:012B D:0E68 DB:86 nvMxdiZc V:251 H:105 F:35				
			849B6F 8A          TXA                    A:1200 X:12E8 Y:0002 S:012B D:0E68 DB:86 nvmxdiZc V:251 H:110 F:35				
			849B70 69 40 00    ADC #$0040             A:12E8 X:12E8 Y:0002 S:012B D:0E68 DB:86 nvmxdizc V:251 H:113 F:35				
			849B73 AA          TAX                    A:1328 X:12E8 Y:0002 S:012B D:0E68 DB:86 nvmxdizc V:251 H:117 F:35				
			849B74 C9 28 14    CMP #$1428             A:1328 X:1328 Y:0002 S:012B D:0E68 DB:86 nvmxdizc V:251 H:120 F:35				
			849B77 90 DF       BCC $00DF     [849B58] A:1328 X:1328 Y:0002 S:012B D:0E68 DB:86 Nvmxdizc V:251 H:125 F:35				
			849B58 E2 20       SEP #$20               A:1328 X:1328 Y:0002 S:012B D:0E68 DB:86 Nvmxdizc V:251 H:129 F:35				
			849B5A BD 00 00    LDA $0000,X   [861328] A:1328 X:1328 Y:0002 S:012B D:0E68 DB:86 NvMxdizc V:251 H:144 F:35				
			849B5D F0 0E       BEQ $000E     [849B6D] A:1300 X:1328 Y:0002 S:012B D:0E68 DB:86 nvMxdiZc V:251 H:152 F:35				
			849B6D C2 21       REP #$21               A:1300 X:1328 Y:0002 S:012B D:0E68 DB:86 nvMxdiZc V:251 H:156 F:35				
			849B6F 8A          TXA                    A:1300 X:1328 Y:0002 S:012B D:0E68 DB:86 nvmxdiZc V:251 H:161 F:35				
			849B70 69 40 00    ADC #$0040             A:1328 X:1328 Y:0002 S:012B D:0E68 DB:86 nvmxdizc V:251 H:164 F:35				
			849B73 AA          TAX                    A:1368 X:1328 Y:0002 S:012B D:0E68 DB:86 nvmxdizc V:251 H:168 F:35				
			849B74 C9 28 14    CMP #$1428             A:1368 X:1368 Y:0002 S:012B D:0E68 DB:86 nvmxdizc V:251 H:171 F:35				
			849B77 90 DF       BCC $00DF     [849B58] A:1368 X:1368 Y:0002 S:012B D:0E68 DB:86 Nvmxdizc V:251 H:176 F:35				
			849B58 E2 20       SEP #$20               A:1368 X:1368 Y:0002 S:012B D:0E68 DB:86 Nvmxdizc V:251 H:180 F:35				
			849B5A BD 00 00    LDA $0000,X   [861368] A:1368 X:1368 Y:0002 S:012B D:0E68 DB:86 NvMxdizc V:251 H:185 F:35				
			849B5D F0 0E       BEQ $000E     [849B6D] A:1300 X:1368 Y:0002 S:012B D:0E68 DB:86 nvMxdiZc V:251 H:193 F:35				
			849B6D C2 21       REP #$21               A:1300 X:1368 Y:0002 S:012B D:0E68 DB:86 nvMxdiZc V:251 H:197 F:35				
			849B6F 8A          TXA                    A:1300 X:1368 Y:0002 S:012B D:0E68 DB:86 nvmxdiZc V:251 H:202 F:35				
			849B70 69 40 00    ADC #$0040             A:1368 X:1368 Y:0002 S:012B D:0E68 DB:86 nvmxdizc V:251 H:205 F:35				
			849B73 AA          TAX                    A:13A8 X:1368 Y:0002 S:012B D:0E68 DB:86 nvmxdizc V:251 H:209 F:35				
			849B74 C9 28 14    CMP #$1428             A:13A8 X:13A8 Y:0002 S:012B D:0E68 DB:86 nvmxdizc V:251 H:212 F:35				
			849B77 90 DF       BCC $00DF     [849B58] A:13A8 X:13A8 Y:0002 S:012B D:0E68 DB:86 Nvmxdizc V:251 H:217 F:35				
			849B58 E2 20       SEP #$20               A:13A8 X:13A8 Y:0002 S:012B D:0E68 DB:86 Nvmxdizc V:251 H:221 F:35				
			849B5A BD 00 00    LDA $0000,X   [8613A8] A:13A8 X:13A8 Y:0002 S:012B D:0E68 DB:86 NvMxdizc V:251 H:226 F:35				
			849B5D F0 0E       BEQ $000E     [849B6D] A:1300 X:13A8 Y:0002 S:012B D:0E68 DB:86 nvMxdiZc V:251 H:234 F:35				
			849B6D C2 21       REP #$21               A:1300 X:13A8 Y:0002 S:012B D:0E68 DB:86 nvMxdiZc V:251 H:238 F:35				
			849B6F 8A          TXA                    A:1300 X:13A8 Y:0002 S:012B D:0E68 DB:86 nvmxdiZc V:251 H:243 F:35				
			849B70 69 40 00    ADC #$0040             A:13A8 X:13A8 Y:0002 S:012B D:0E68 DB:86 nvmxdizc V:251 H:246 F:35				
			849B73 AA          TAX                    A:13E8 X:13A8 Y:0002 S:012B D:0E68 DB:86 nvmxdizc V:251 H:250 F:35				
			849B74 C9 28 14    CMP #$1428             A:13E8 X:13E8 Y:0002 S:012B D:0E68 DB:86 nvmxdizc V:251 H:253 F:35				
			849B77 90 DF       BCC $00DF     [849B58] A:13E8 X:13E8 Y:0002 S:012B D:0E68 DB:86 Nvmxdizc V:251 H:258 F:35				
			849B58 E2 20       SEP #$20               A:13E8 X:13E8 Y:0002 S:012B D:0E68 DB:86 Nvmxdizc V:251 H:262 F:35				
			849B5A BD 00 00    LDA $0000,X   [8613E8] A:13E8 X:13E8 Y:0002 S:012B D:0E68 DB:86 NvMxdizc V:251 H:267 F:35				
			849B5D F0 0E       BEQ $000E     [849B6D] A:1300 X:13E8 Y:0002 S:012B D:0E68 DB:86 nvMxdiZc V:251 H:275 F:35				
			849B6D C2 21       REP #$21               A:1300 X:13E8 Y:0002 S:012B D:0E68 DB:86 nvMxdiZc V:251 H:279 F:35				
			849B6F 8A          TXA                    A:1300 X:13E8 Y:0002 S:012B D:0E68 DB:86 nvmxdiZc V:251 H:284 F:35				
			849B70 69 40 00    ADC #$0040             A:13E8 X:13E8 Y:0002 S:012B D:0E68 DB:86 nvmxdizc V:251 H:287 F:35				
			849B73 AA          TAX                    A:1428 X:13E8 Y:0002 S:012B D:0E68 DB:86 nvmxdizc V:251 H:291 F:35				
			849B74 C9 28 14    CMP #$1428             A:1428 X:1428 Y:0002 S:012B D:0E68 DB:86 nvmxdizc V:251 H:294 F:35				
			849B77 90 DF       BCC $00DF     [849B58] A:1428 X:1428 Y:0002 S:012B D:0E68 DB:86 nvmxdiZC V:251 H:299 F:35				
			849B79 E2 30       SEP #$30               A:1428 X:1428 Y:0002 S:012B D:0E68 DB:86 nvmxdiZC V:251 H:302 F:35				
			849B7B A9 00       LDA #$00               A:1428 X:0028 Y:0002 S:012B D:0E68 DB:86 nvMXdiZC V:251 H:306 F:35				
			849B7D 6B          RTL                    A:1400 X:0028 Y:0002 S:012B D:0E68 DB:86 nvMXdiZC V:251 H:309 F:35				Return

		81B666 F0 5C       BEQ $005C     [81B6C4] A:1400 X:0028 Y:0002 S:012E D:0E68 DB:86 nvMXdiZC V:251 H:320 F:35					Branch because there's no MMXShot (from last routine)
		81B6C4 A5 35       LDA $35       [000E9D] A:1400 X:0028 Y:0002 S:012E D:0E68 DB:86 nvMXdiZC V:251 H:324 F:35					|Branch because I-Frames = #$00
		81B6C6 F0 18       BEQ $0018     [81B6E0] A:1400 X:0028 Y:0002 S:012E D:0E68 DB:86 nvMXdiZC V:251 H:330 F:35					|
		81B6E0 22 03 9B 84 JSL $849B03   [849B03] A:1400 X:0028 Y:0002 S:012E D:0E68 DB:86 nvMXdiZC V:251 H:334 F:35					JSL: $849B03 --> Various general checks

			849B03 C2 10       REP #$10               A:1400 X:0028 Y:0002 S:012B D:0E68 DB:86 nvMXdiZC V:252 H:  8 F:35
			849B05 A5 27       LDA $27       [000E8F] A:1400 X:0028 Y:0002 S:012B D:0E68 DB:86 nvMxdiZC V:252 H: 12 F:35
			849B07 F0 70       BEQ $0070     [849B79] A:1420 X:0028 Y:0002 S:012B D:0E68 DB:86 nvMxdizC V:252 H: 19 F:35
			849B09 A5 0E       LDA $0E       [000E76] A:1420 X:0028 Y:0002 S:012B D:0E68 DB:86 nvMxdizC V:252 H: 22 F:35
			849B0B F0 31       BEQ $0031     [849B3E] A:1401 X:0028 Y:0002 S:012B D:0E68 DB:86 nvMxdizC V:252 H: 28 F:35
			849B0D AD 0C 1F    LDA $1F0C     [861F0C] A:1401 X:0028 Y:0002 S:012B D:0E68 DB:86 nvMxdizC V:252 H: 31 F:35
			849B10 D0 2C       BNE $002C     [849B3E] A:1400 X:0028 Y:0002 S:012B D:0E68 DB:86 nvMxdiZC V:252 H: 38 F:35
			849B12 AD 32 0C    LDA $0C32     [860C32] A:1400 X:0028 Y:0002 S:012B D:0E68 DB:86 nvMxdiZC V:252 H: 41 F:35
			849B15 D0 11       BNE $0011     [849B28] A:1400 X:0028 Y:0002 S:012B D:0E68 DB:86 nvMxdiZC V:252 H: 47 F:35
			849B17 AD 30 0C    LDA $0C30     [860C30] A:1400 X:0028 Y:0002 S:012B D:0E68 DB:86 nvMxdiZC V:252 H: 50 F:35
			849B1A D0 0C       BNE $000C     [849B28] A:1400 X:0028 Y:0002 S:012B D:0E68 DB:86 nvMxdiZC V:252 H: 57 F:35
			849B1C A2 A8 0B    LDX #$0BA8             A:1400 X:0028 Y:0002 S:012B D:0E68 DB:86 nvMxdiZC V:252 H: 60 F:35
			849B1F 22 0E 9C 84 JSL $849C0E   [849C0E] A:1400 X:0BA8 Y:0002 S:012B D:0E68 DB:86 nvMxdizC V:252 H: 64 F:35

				849C0E 5A          PHY                    A:1400 X:0BA8 Y:0002 S:0128 D:0E68 DB:86 nvMxdizC V:252 H: 78 F:35
				849C0F A4 20       LDY $20       [000E88] A:1400 X:0BA8 Y:0002 S:0126 D:0E68 DB:86 nvMxdizC V:252 H: 85 F:35
				849C11 D0 03       BNE $0003     [849C16] A:1400 X:0BA8 Y:C437 S:0126 D:0E68 DB:86 NvMxdizC V:252 H: 93 F:35
				849C16 BC 20 00    LDY $0020,X   [860BC8] A:1400 X:0BA8 Y:C437 S:0126 D:0E68 DB:86 NvMxdizC V:252 H: 98 F:35
				849C19 D0 03       BNE $0003     [849C1E] A:1400 X:0BA8 Y:A552 S:0126 D:0E68 DB:86 NvMxdizC V:252 H:108 F:35
				849C1E C2 20       REP #$20               A:1400 X:0BA8 Y:A552 S:0126 D:0E68 DB:86 NvMxdizC V:252 H:112 F:35
				849C20 DA          PHX                    A:1400 X:0BA8 Y:A552 S:0126 D:0E68 DB:86 NvmxdizC V:252 H:117 F:35
				849C21 BD 05 00    LDA $0005,X   [860BAD] A:1400 X:0BA8 Y:A552 S:0124 D:0E68 DB:86 NvmxdizC V:252 H:124 F:35
				849C24 8D 04 00    STA $0004     [860004] A:1E1C X:0BA8 Y:A552 S:0124 D:0E68 DB:86 nvmxdizC V:252 H:134 F:35
				849C27 BD 08 00    LDA $0008,X   [860BB0] A:1E1C X:0BA8 Y:A552 S:0124 D:0E68 DB:86 nvmxdizC V:252 H:152 F:35
				849C2A 8D 06 00    STA $0006     [860006] A:01AF X:0BA8 Y:A552 S:0124 D:0E68 DB:86 nvmxdizC V:252 H:162 F:35
				849C2D A5 05       LDA $05       [000E6D] A:01AF X:0BA8 Y:A552 S:0124 D:0E68 DB:86 nvmxdizC V:252 H:171 F:35
				849C2F 8D 0C 00    STA $000C     [86000C] A:1ED0 X:0BA8 Y:A552 S:0124 D:0E68 DB:86 nvmxdizC V:252 H:179 F:35
				849C32 A5 08       LDA $08       [000E70] A:1ED0 X:0BA8 Y:A552 S:0124 D:0E68 DB:86 nvmxdizC V:252 H:188 F:35
				849C34 8D 0E 00    STA $000E     [86000E] A:01AC X:0BA8 Y:A552 S:0124 D:0E68 DB:86 nvmxdizC V:252 H:196 F:35
				849C37 E2 20       SEP #$20               A:01AC X:0BA8 Y:A552 S:0124 D:0E68 DB:86 nvmxdizC V:252 H:205 F:35
				849C39 BD 11 00    LDA $0011,X   [860BB9] A:01AC X:0BA8 Y:A552 S:0124 D:0E68 DB:86 nvMxdizC V:252 H:209 F:35
				849C3C 8D 08 00    STA $0008     [860008] A:0162 X:0BA8 Y:A552 S:0124 D:0E68 DB:86 nvMxdizC V:252 H:217 F:35
				849C3F A5 11       LDA $11       [000E79] A:0162 X:0BA8 Y:A552 S:0124 D:0E68 DB:86 nvMxdizC V:252 H:224 F:35
				849C41 8D 09 00    STA $0009     [860009] A:0129 X:0BA8 Y:A552 S:0124 D:0E68 DB:86 nvMxdizC V:252 H:230 F:35
				849C44 BC 20 00    LDY $0020,X   [860BC8] A:0129 X:0BA8 Y:A552 S:0124 D:0E68 DB:86 nvMxdizC V:252 H:237 F:35
				849C47 A6 20       LDX $20       [000E88] A:0129 X:0BA8 Y:A552 S:0124 D:0E68 DB:86 NvMxdizC V:252 H:247 F:35
				849C49 0B          PHD                    A:0129 X:C437 Y:A552 S:0124 D:0E68 DB:86 NvMxdizC V:252 H:255 F:35
				849C4A F4 00 00    PEA $0000              A:0129 X:C437 Y:A552 S:0122 D:0E68 DB:86 NvMxdizC V:252 H:262 F:35
				849C4D 2B          PLD                    A:0129 X:C437 Y:A552 S:0120 D:0E68 DB:86 NvMxdizC V:252 H:271 F:35
				849C4E BD 02 00    LDA $0002,X   [86C439] A:0129 X:C437 Y:A552 S:0122 D:0000 DB:86 nvMxdiZC V:252 H:279 F:35
				849C51 18          CLC                    A:010A X:C437 Y:A552 S:0122 D:0000 DB:86 nvMxdizC V:252 H:287 F:35
				849C52 79 02 00    ADC $0002,Y   [86A554] A:010A X:C437 Y:A552 S:0122 D:0000 DB:86 nvMxdizc V:252 H:290 F:35
				849C55 85 00       STA $00       [000000] A:0110 X:C437 Y:A552 S:0122 D:0000 DB:86 nvMxdizc V:252 H:297 F:35
				849C57 64 01       STZ $01       [000001] A:0110 X:C437 Y:A552 S:0122 D:0000 DB:86 nvMxdizc V:252 H:302 F:35
				849C59 BD 03 00    LDA $0003,X   [86C43A] A:0110 X:C437 Y:A552 S:0122 D:0000 DB:86 nvMxdizc V:252 H:307 F:35
				849C5C 18          CLC                    A:010F X:C437 Y:A552 S:0122 D:0000 DB:86 nvMxdizc V:252 H:315 F:35
				849C5D 79 03 00    ADC $0003,Y   [86A555] A:010F X:C437 Y:A552 S:0122 D:0000 DB:86 nvMxdizc V:252 H:318 F:35
				849C60 85 02       STA $02       [000002] A:011D X:C437 Y:A552 S:0122 D:0000 DB:86 nvMxdizc V:252 H:325 F:35
				849C62 64 03       STZ $03       [000003] A:011D X:C437 Y:A552 S:0122 D:0000 DB:86 nvMxdizc V:252 H:329 F:35
				849C64 C2 21       REP #$21               A:011D X:C437 Y:A552 S:0122 D:0000 DB:86 nvMxdizc V:252 H:334 F:35
				849C66 B9 00 00    LDA $0000,Y   [86A552] A:011D X:C437 Y:A552 S:0122 D:0000 DB:86 nvmxdizc V:252 H:339 F:35
				849C69 29 FF 00    AND #$00FF             A:FF00 X:C437 Y:A552 S:0122 D:0000 DB:86 Nvmxdizc V:253 H:  8 F:35
				849C6C 89 80 00    BIT #$0080             A:0000 X:C437 Y:A552 S:0122 D:0000 DB:86 nvmxdiZc V:253 H: 12 F:35
				849C6F F0 03       BEQ $0003     [849C74] A:0000 X:C437 Y:A552 S:0122 D:0000 DB:86 nvmxdiZc V:253 H: 17 F:35
				849C74 24 07       BIT $07       [000007] A:0000 X:C437 Y:A552 S:0122 D:0000 DB:86 nvmxdiZc V:253 H: 21 F:35
				849C76 50 04       BVC $0004     [849C7C] A:0000 X:C437 Y:A552 S:0122 D:0000 DB:86 nVmxdiZc V:253 H: 28 F:35
				849C78 49 FF FF    EOR #$FFFF             A:0000 X:C437 Y:A552 S:0122 D:0000 DB:86 nVmxdiZc V:253 H: 31 F:35
				849C7B 1A          INC                    A:FFFF X:C437 Y:A552 S:0122 D:0000 DB:86 NVmxdizc V:253 H: 36 F:35
				849C7C 85 0A       STA $0A       [00000A] A:0000 X:C437 Y:A552 S:0122 D:0000 DB:86 nVmxdiZc V:253 H: 39 F:35
				849C7E 64 10       STZ $10       [000010] A:0000 X:C437 Y:A552 S:0122 D:0000 DB:86 nVmxdiZc V:253 H: 46 F:35
				849C80 BD 00 00    LDA $0000,X   [86C437] A:0000 X:C437 Y:A552 S:0122 D:0000 DB:86 nVmxdiZc V:253 H: 53 F:35
				849C83 29 FF 00    AND #$00FF             A:0200 X:C437 Y:A552 S:0122 D:0000 DB:86 nVmxdizc V:253 H: 62 F:35
				849C86 89 80 00    BIT #$0080             A:0000 X:C437 Y:A552 S:0122 D:0000 DB:86 nVmxdiZc V:253 H: 66 F:35
				849C89 F0 03       BEQ $0003     [849C8E] A:0000 X:C437 Y:A552 S:0122 D:0000 DB:86 nVmxdiZc V:253 H: 71 F:35
				849C8E 24 08       BIT $08       [000008] A:0000 X:C437 Y:A552 S:0122 D:0000 DB:86 nVmxdiZc V:253 H: 75 F:35
				849C90 50 04       BVC $0004     [849C96] A:0000 X:C437 Y:A552 S:0122 D:0000 DB:86 nvmxdiZc V:253 H: 82 F:35
				849C96 65 0C       ADC $0C       [00000C] A:0000 X:C437 Y:A552 S:0122 D:0000 DB:86 nvmxdiZc V:253 H: 87 F:35
				849C98 38          SEC                    A:1ED0 X:C437 Y:A552 S:0122 D:0000 DB:86 nvmxdizc V:253 H: 94 F:35
				849C99 E5 04       SBC $04       [000004] A:1ED0 X:C437 Y:A552 S:0122 D:0000 DB:86 nvmxdizC V:253 H: 97 F:35
				849C9B 38          SEC                    A:00B4 X:C437 Y:A552 S:0122 D:0000 DB:86 nvmxdizC V:253 H:104 F:35
				849C9C E5 0A       SBC $0A       [00000A] A:00B4 X:C437 Y:A552 S:0122 D:0000 DB:86 nvmxdizC V:253 H:107 F:35
				849C9E 10 06       BPL $0006     [849CA6] A:00B4 X:C437 Y:A552 S:0122 D:0000 DB:86 nvmxdizC V:253 H:114 F:35
				849CA6 85 04       STA $04       [000004] A:00B4 X:C437 Y:A552 S:0122 D:0000 DB:86 nvmxdizC V:253 H:118 F:35
				849CA8 A5 00       LDA $00       [000000] A:00B4 X:C437 Y:A552 S:0122 D:0000 DB:86 nvmxdizC V:253 H:125 F:35
				849CAA 38          SEC                    A:0010 X:C437 Y:A552 S:0122 D:0000 DB:86 nvmxdizC V:253 H:132 F:35
				849CAB E5 04       SBC $04       [000004] A:0010 X:C437 Y:A552 S:0122 D:0000 DB:86 nvmxdizC V:253 H:145 F:35
				849CAD 1A          INC                    A:FF5C X:C437 Y:A552 S:0122 D:0000 DB:86 Nvmxdizc V:253 H:152 F:35
				849CAE 85 04       STA $04       [000004] A:FF5D X:C437 Y:A552 S:0122 D:0000 DB:86 Nvmxdizc V:253 H:155 F:35
				849CB0 24 0F       BIT $0F       [00000F] A:FF5D X:C437 Y:A552 S:0122 D:0000 DB:86 Nvmxdizc V:253 H:162 F:35
				849CB2 30 04       BMI $0004     [849CB8] A:FF5D X:C437 Y:A552 S:0122 D:0000 DB:86 nvmxdizc V:253 H:169 F:35
				849CB4 49 FF FF    EOR #$FFFF             A:FF5D X:C437 Y:A552 S:0122 D:0000 DB:86 nvmxdizc V:253 H:172 F:35
				849CB7 1A          INC                    A:00A2 X:C437 Y:A552 S:0122 D:0000 DB:86 nvmxdizc V:253 H:177 F:35
				849CB8 85 00       STA $00       [000000] A:00A3 X:C437 Y:A552 S:0122 D:0000 DB:86 nvmxdizc V:253 H:180 F:35
				849CBA 90 45       BCC $0045     [849D01] A:00A3 X:C437 Y:A552 S:0122 D:0000 DB:86 nvmxdizc V:253 H:187 F:35
				849D01 E2 20       SEP #$20               A:00A3 X:C437 Y:A552 S:0122 D:0000 DB:86 nvmxdizc V:253 H:191 F:35
				849D03 2B          PLD                    A:00A3 X:C437 Y:A552 S:0122 D:0000 DB:86 nvMxdizc V:253 H:196 F:35
				849D04 FA          PLX                    A:00A3 X:C437 Y:A552 S:0124 D:0E68 DB:86 nvMxdizc V:253 H:204 F:35
				849D05 7A          PLY                    A:00A3 X:0BA8 Y:A552 S:0126 D:0E68 DB:86 nvMxdizc V:253 H:213 F:35
				849D06 6B          RTL                    A:00A3 X:0BA8 Y:0002 S:0128 D:0E68 DB:86 nvMxdizc V:253 H:221 F:35

			849B23 90 19       BCC $0019     [849B3E] A:00A3 X:0BA8 Y:0002 S:012B D:0E68 DB:86 nvMxdizc V:253 H:232 F:35
			849B3E E2 10       SEP #$10               A:00A3 X:0BA8 Y:0002 S:012B D:0E68 DB:86 nvMxdizc V:253 H:236 F:35
			849B40 A9 00       LDA #$00               A:00A3 X:00A8 Y:0002 S:012B D:0E68 DB:86 nvMXdizc V:253 H:241 F:35
			849B42 6B          RTL                    A:0000 X:00A8 Y:0002 S:012B D:0E68 DB:86 nvMXdiZc V:253 H:244 F:35

		81B6E4 AD CF 0B    LDA $0BCF     [860BCF] A:0000 X:00A8 Y:0002 S:012E D:0E68 DB:86 nvMXdiZc V:253 H:254 F:35
		81B6E7 29 7F       AND #$7F               A:0020 X:00A8 Y:0002 S:012E D:0E68 DB:86 nvMXdizc V:253 H:261 F:35
		81B6E9 D0 04       BNE $0004     [81B6EF] A:0020 X:00A8 Y:0002 S:012E D:0E68 DB:86 nvMXdizc V:253 H:264 F:35
		81B6EF 5C B4 80 82 JML $8280B4   [8280B4] A:0020 X:00A8 Y:0002 S:012E D:0E68 DB:86 nvMXdizc V:253 H:268 F:35

		8280B4 C2 20       REP #$20               A:0020 X:00A8 Y:0002 S:012E D:0E68 DB:86 nvMXdizc V:253 H:274 F:35
		8280B6 38          SEC                    A:0020 X:00A8 Y:0002 S:012E D:0E68 DB:86 nvmXdizc V:253 H:279 F:35
		8280B7 A5 05       LDA $05       [000E6D] A:0020 X:00A8 Y:0002 S:012E D:0E68 DB:86 nvmXdizC V:253 H:282 F:35
		8280B9 ED 4D 1E    SBC $1E4D     [861E4D] A:1ED0 X:00A8 Y:0002 S:012E D:0E68 DB:86 nvmXdizC V:253 H:290 F:35
		8280BC 18          CLC                    A:00D0 X:00A8 Y:0002 S:012E D:0E68 DB:86 nvmXdizC V:253 H:299 F:35
		8280BD 69 20 00    ADC #$0020             A:00D0 X:00A8 Y:0002 S:012E D:0E68 DB:86 nvmXdizc V:253 H:302 F:35
		8280C0 C9 40 01    CMP #$0140             A:00F0 X:00A8 Y:0002 S:012E D:0E68 DB:86 nvmXdizc V:253 H:306 F:35
		8280C3 B0 0F       BCS $000F     [8280D4] A:00F0 X:00A8 Y:0002 S:012E D:0E68 DB:86 NvmXdizc V:253 H:311 F:35
		8280C5 38          SEC                    A:00F0 X:00A8 Y:0002 S:012E D:0E68 DB:86 NvmXdizc V:253 H:314 F:35
		8280C6 A5 08       LDA $08       [000E70] A:00F0 X:00A8 Y:0002 S:012E D:0E68 DB:86 NvmXdizC V:253 H:317 F:35
		8280C8 ED 50 1E    SBC $1E50     [861E50] A:01AC X:00A8 Y:0002 S:012E D:0E68 DB:86 nvmXdizC V:253 H:325 F:35
		8280CB 18          CLC                    A:00AC X:00A8 Y:0002 S:012E D:0E68 DB:86 nvmXdizC V:253 H:333 F:35
		8280CC 69 10 00    ADC #$0010             A:00AC X:00A8 Y:0002 S:012E D:0E68 DB:86 nvmXdizc V:253 H:336 F:35
		8280CF C9 00 01    CMP #$0100             A:00BC X:00A8 Y:0002 S:012E D:0E68 DB:86 nvmXdizc V:254 H:  0 F:35
		8280D2 90 05       BCC $0005     [8280D9] A:00BC X:00A8 Y:0002 S:012E D:0E68 DB:86 NvmXdizc V:254 H:  5 F:35
		8280D9 E2 20       SEP #$20               A:00BC X:00A8 Y:0002 S:012E D:0E68 DB:86 NvmXdizc V:254 H:  9 F:35
		8280DB A9 81       LDA #$81               A:00BC X:00A8 Y:0002 S:012E D:0E68 DB:86 NvMXdizc V:254 H: 14 F:35
		8280DD 85 0E       STA $0E       [000E76] A:0081 X:00A8 Y:0002 S:012E D:0E68 DB:86 NvMXdizc V:254 H: 17 F:35
		8280DF E2 30       SEP #$30               A:0081 X:00A8 Y:0002 S:012E D:0E68 DB:86 NvMXdizc V:254 H: 23 F:35
		8280E1 A6 12       LDX $12       [000E7A] A:0081 X:00A8 Y:0002 S:012E D:0E68 DB:86 NvMXdizc V:254 H: 28 F:35
		8280E3 10 02       BPL $0002     [8280E7] A:0081 X:0004 Y:0002 S:012E D:0E68 DB:86 nvMXdizc V:254 H: 34 F:35
		8280E7 7C EA 80    JMP ($80EA,X) [8280EE] A:0081 X:0004 Y:0002 S:012E D:0E68 DB:86 nvMXdizc V:254 H: 39 F:35

		828135 AD EA 00    LDA $00EA     [8600EA] A:0081 X:0004 Y:0002 S:012E D:0E68 DB:86 nvMXdizc V:254 H: 48 F:35
		828138 C9 20       CMP #$20               A:0001 X:0004 Y:0002 S:012E D:0E68 DB:86 nvMXdizc V:254 H: 54 F:35
		82813A B0 0D       BCS $000D     [828149] A:0001 X:0004 Y:0002 S:012E D:0E68 DB:86 NvMXdizc V:254 H: 57 F:35
		82813C 0A          ASL A                  A:0001 X:0004 Y:0002 S:012E D:0E68 DB:86 NvMXdizc V:254 H: 60 F:35
		82813D AA          TAX                    A:0002 X:0004 Y:0002 S:012E D:0E68 DB:86 nvMXdizc V:254 H: 63 F:35
		82813E C2 20       REP #$20               A:0002 X:0002 Y:0002 S:012E D:0E68 DB:86 nvMXdizc V:254 H: 66 F:35
		828140 7B          TDC                    A:0002 X:0002 Y:0002 S:012E D:0E68 DB:86 nvmXdizc V:254 H: 71 F:35
		828141 9D E0 09    STA $09E0,X   [8609E2] A:0E68 X:0002 Y:0002 S:012E D:0E68 DB:86 nvmXdizc V:254 H: 74 F:35
		828144 E2 20       SEP #$20               A:0E68 X:0002 Y:0002 S:012E D:0E68 DB:86 nvmXdizc V:254 H: 84 F:35
		828146 EE EA 00    INC $00EA     [8600EA] A:0E68 X:0002 Y:0002 S:012E D:0E68 DB:86 nvMXdizc V:254 H: 88 F:35
		828149 6B          RTL                    A:0E68 X:0002 Y:0002 S:012E D:0E68 DB:86 nvMXdizc V:254 H: 98 F:35