Countdown skeleton:
AFD028:
0b 00 00
0b 00 02
0b 00 04
0b 00 05	AFD031
05 01 07	AFD034	
06 80 06
ee ff

______________________________________________________________________________________________________________________________________

80D4F6 20 30 D5    JSR $D530     [80D530] A:0E01 X:0000 Y:0027 S:0133 D:0E68 DB:86 nvMXdizC V:252 H: 47 F:42

	80D530 C2 20       REP #$20               A:0E01 X:0000 Y:0027 S:0131 D:0E68 DB:86 nvMXdizC V:252 H: 57 F:42
	80D532 A5 05       LDA $05       [000E6D] A:0E01 X:0000 Y:0027 S:0131 D:0E68 DB:86 nvmXdizC V:252 H: 61 F:42
	80D534 85 22       STA $22       [000E8A] A:1ED0 X:0000 Y:0027 S:0131 D:0E68 DB:86 nvmXdizC V:252 H: 70 F:42
	80D536 A5 08       LDA $08       [000E70] A:1ED0 X:0000 Y:0027 S:0131 D:0E68 DB:86 nvmXdizC V:252 H: 78 F:42
	80D538 85 24       STA $24       [000E8C] A:01AC X:0000 Y:0027 S:0131 D:0E68 DB:86 nvmXdizC V:252 H: 87 F:42
	80D53A E2 20       SEP #$20               A:01AC X:0000 Y:0027 S:0131 D:0E68 DB:86 nvmXdizC V:252 H: 95 F:42
	80D53C A9 80       LDA #$80               A:01AC X:0000 Y:0027 S:0131 D:0E68 DB:86 nvMXdizC V:252 H:100 F:42
	80D53E 14 0E       TRB $0E       [000E76] A:0180 X:0000 Y:0027 S:0131 D:0E68 DB:86 NvMXdizC V:252 H:103 F:42
	80D540 A5 0A       LDA $0A       [000E72] A:0180 X:0000 Y:0027 S:0131 D:0E68 DB:86 NvMXdizC V:252 H:113 F:42					 
	80D542 0A          ASL A                  A:0102 X:0000 Y:0027 S:0131 D:0E68 DB:86 nvMXdizC V:252 H:119 F:42					
	80D543 AA          TAX                    A:0104 X:0000 Y:0027 S:0131 D:0E68 DB:86 nvMXdizc V:252 H:122 F:42					
	80D544 7C DD F8    JMP ($F8DD,X) [80F8E1] A:0104 X:0004 Y:0027 S:0131 D:0E68 DB:86 nvMXdizc V:252 H:125 F:42					

	80F9BB 22 16 B5 81 JSL $81B516   [81B516] A:0104 X:0004 Y:0027 S:0131 D:0E68 DB:86 nvMXdizc V:252 H:144 F:42

		81B516 A6 01       LDX $01       [000E69] A:0104 X:0004 Y:0027 S:012E D:0E68 DB:86 nvMXdizc V:252 H:158 F:42				
		81B518 7C 1B B5    JMP ($B51B,X) [81B51F] A:0104 X:0004 Y:0027 S:012E D:0E68 DB:86 nvMXdizc V:252 H:164 F:42

		81B629 A5 33       LDA $33       [000E9B] A:0104 X:0004 Y:0027 S:012E D:0E68 DB:86 nvMXdizc V:252 H:173 F:42
		81B62B 04 11       TSB $11       [000E79] A:0108 X:0004 Y:0027 S:012E D:0E68 DB:86 nvMXdizc V:252 H:180 F:42
		81B62D C2 20       REP #$20               A:0108 X:0004 Y:0027 S:012E D:0E68 DB:86 nvMXdizc V:252 H:190 F:42
		81B62F A9 2D C4    LDA #$C42D             A:0108 X:0004 Y:0027 S:012E D:0E68 DB:86 nvmXdizc V:252 H:194 F:42
		81B632 85 20       STA $20       [000E88] A:C42D X:0004 Y:0027 S:012E D:0E68 DB:86 NvmXdizc V:252 H:199 F:42
		81B634 E2 20       SEP #$20               A:C42D X:0004 Y:0027 S:012E D:0E68 DB:86 NvmXdizc V:252 H:207 F:42
		81B636 A6 02       LDX $02       [000E6A] A:C42D X:0004 Y:0027 S:012E D:0E68 DB:86 NvMXdizc V:252 H:212 F:42
		81B638 FC F3 B6    JSR ($B6F3,X) [81B6F3] A:C42D X:0000 Y:0027 S:012E D:0E68 DB:86 nvMXdiZc V:252 H:218 F:42

			81B6FF A6 03       LDX $03       [000E6B] A:C42D X:0000 Y:0027 S:012C D:0E68 DB:86 nvMXdiZc V:252 H:231 F:42			
			81B701 7C 04 B7    JMP ($B704,X) [81B704] A:C42D X:0000 Y:0027 S:012C D:0E68 DB:86 nvMXdiZc V:252 H:238 F:42

			81B70A A9 02       LDA #$02               A:C42D X:0000 Y:0027 S:012C D:0E68 DB:86 nvMXdiZc V:252 H:247 F:42			
			81B70C 85 03       STA $03       [000E6B] A:C402 X:0000 Y:0027 S:012C D:0E68 DB:86 nvMXdizc V:252 H:250 F:42			Subaction = #$02
			81B70E A9 01       LDA #$01               A:C402 X:0000 Y:0027 S:012C D:0E68 DB:86 nvMXdizc V:252 H:256 F:42
			81B710 22 07 8F 84 JSL $848F07   [848F07] A:C401 X:0000 Y:0027 S:012C D:0E68 DB:86 nvMXdizc V:252 H:259 F:42			JSL $848F07 --> Skeleton Load (SkelPoint = #$67, b = A = #$01)

				848F07 08          PHP                    A:C401 X:0000 Y:0027 S:0129 D:0E68 DB:86 nvMXdizc V:252 H:273 F:42
				848F08 8B          PHB                    A:C401 X:0000 Y:0027 S:0128 D:0E68 DB:86 nvMXdizc V:252 H:278 F:42
				848F09 C2 30       REP #$30               A:C401 X:0000 Y:0027 S:0127 D:0E68 DB:86 nvMXdizc V:252 H:283 F:42		
				848F0B 8D 0E 00    STA $000E     [86000E] A:C401 X:0000 Y:0027 S:0127 D:0E68 DB:86 nvmxdizc V:252 H:287 F:42		|Base of table:
				848F0E A5 16       LDA $16       [000E7E] A:C401 X:0000 Y:0027 S:0127 D:0E68 DB:86 nvmxdizc V:252 H:296 F:42		|$14'1 = [$AFA000,a*3] = $AFA135 = CFE0
				848F10 29 FF 00    AND #$00FF             A:8067 X:0000 Y:0027 S:0127 D:0E68 DB:86 Nvmxdizc V:252 H:304 F:42		|
				848F13 8D 0C 00    STA $000C     [86000C] A:0067 X:0000 Y:0027 S:0127 D:0E68 DB:86 nvmxdizc V:252 H:309 F:42		|
				848F16 0A          ASL A                  A:0067 X:0000 Y:0027 S:0127 D:0E68 DB:86 nvmxdizc V:252 H:317 F:42		|
				848F17 18          CLC                    A:00CE X:0000 Y:0027 S:0127 D:0E68 DB:86 nvmxdizc V:252 H:320 F:42		|
				848F18 6D 0C 00    ADC $000C     [86000C] A:00CE X:0000 Y:0027 S:0127 D:0E68 DB:86 nvmxdizc V:252 H:323 F:42		|
				848F1B AA          TAX                    A:0135 X:0000 Y:0027 S:0127 D:0E68 DB:86 nvmxdizc V:252 H:331 F:42		|
				848F1C BF 00 A0 AF LDA $AFA000,X [AFA135] A:0135 X:0135 Y:0027 S:0127 D:0E68 DB:86 nvmxdizc V:252 H:334 F:42		|
				848F20 85 14       STA $14       [000E7C] A:CFE0 X:0135 Y:0027 S:0127 D:0E68 DB:86 Nvmxdizc V:253 H:  3 F:42
				848F22 E2 20       SEP #$20               A:CFE0 X:0135 Y:0027 S:0127 D:0E68 DB:86 Nvmxdizc V:253 H: 11 F:42
				848F24 BF 02 A0 AF LDA $AFA002,X [AFA137] A:CFE0 X:0135 Y:0027 S:0127 D:0E68 DB:86 NvMxdizc V:253 H: 16 F:42
				848F28 48          PHA                    A:CFAF X:0135 Y:0027 S:0127 D:0E68 DB:86 NvMxdizc V:253 H: 23 F:42
				848F29 AB          PLB                    A:CFAF X:0135 Y:0027 S:0126 D:0E68 DB:86 NvMxdizc V:253 H: 28 F:42
				848F2A C2 20       REP #$20               A:CFAF X:0135 Y:0027 S:0127 D:0E68 DB:AF NvMxdizc V:253 H: 35 F:42
				848F2C AD 0E 00    LDA $000E     [AF000E] A:CFAF X:0135 Y:0027 S:0127 D:0E68 DB:AF Nvmxdizc V:253 H: 39 F:42		
				848F2F 29 FF 00    AND #$00FF             A:C401 X:0135 Y:0027 S:0127 D:0E68 DB:AF Nvmxdizc V:253 H: 48 F:42		
				848F32 0A          ASL A                  A:0001 X:0135 Y:0027 S:0127 D:0E68 DB:AF nvmxdizc V:253 H: 52 F:42		
				848F33 A8          TAY                    A:0002 X:0135 Y:0027 S:0127 D:0E68 DB:AF nvmxdizc V:253 H: 55 F:42		
				848F34 B1 14       LDA ($14),Y   [AFCFE2] A:0002 X:0135 Y:0002 S:0127 D:0E68 DB:AF nvmxdizc V:253 H: 58 F:42		|$14'2 = $14'1,b*2 + $14'1
				848F36 65 14       ADC $14       [000E7C] A:0048 X:0135 Y:0002 S:0127 D:0E68 DB:AF nvmxdizc V:253 H: 71 F:42		|      = [AFCFE2]  + #$CFE0
				848F38 85 14       STA $14       [000E7C] A:D028 X:0135 Y:0002 S:0127 D:0E68 DB:AF Nvmxdizc V:253 H: 80 F:42		|      = #$48      + #$CFE0
				848F3A E2 30       SEP #$30               A:D028 X:0135 Y:0002 S:0127 D:0E68 DB:AF Nvmxdizc V:253 H: 88 F:42		|      = #$D028
				848F3C B2 14       LDA ($14)     [AFD028] A:D028 X:0035 Y:0002 S:0127 D:0E68 DB:AF NvMXdizc V:253 H: 93 F:42
				848F3E 85 13       STA $13       [000E7B] A:D00B X:0035 Y:0002 S:0127 D:0E68 DB:AF nvMXdizc V:253 H:103 F:42		$13 = ($14'2) = [AFD028] = #$0B
				848F40 A0 01       LDY #$01               A:D00B X:0035 Y:0002 S:0127 D:0E68 DB:AF nvMXdizc V:253 H:109 F:42		
				848F42 B1 14       LDA ($14),Y   [AFD029] A:D00B X:0035 Y:0001 S:0127 D:0E68 DB:AF nvMXdizc V:253 H:112 F:42		
				848F44 85 0F       STA $0F       [000E77] A:D000 X:0035 Y:0001 S:0127 D:0E68 DB:AF nvMXdiZc V:253 H:122 F:42		$0F = ($14'2,1) = [AFD029] = #$00
				848F46 C8          INY                    A:D000 X:0035 Y:0001 S:0127 D:0E68 DB:AF nvMXdiZc V:253 H:129 F:42		
				848F47 B1 14       LDA ($14),Y   [AFD02A] A:D000 X:0035 Y:0002 S:0127 D:0E68 DB:AF nvMXdizc V:253 H:132 F:42		
				848F49 85 17       STA $17       [000E7F] A:D000 X:0035 Y:0002 S:0127 D:0E68 DB:AF nvMXdiZc V:253 H:152 F:42		$17 = ($14'2,2) = [AFD02A] = #$00
				848F4B A9 80       LDA #$80               A:D000 X:0035 Y:0002 S:0127 D:0E68 DB:AF nvMXdiZc V:253 H:158 F:42		Set bit #$80 in $17
				848F4D 04 17       TSB $17       [000E7F] A:D080 X:0035 Y:0002 S:0127 D:0E68 DB:AF NvMXdizc V:253 H:161 F:42		
				848F4F AB          PLB                    A:D080 X:0035 Y:0002 S:0127 D:0E68 DB:AF NvMXdiZc V:253 H:171 F:42		
				848F50 28          PLP                    A:D080 X:0035 Y:0002 S:0128 D:0E68 DB:86 NvMXdizc V:253 H:178 F:42		
				848F51 6B          RTL                    A:D080 X:0035 Y:0002 S:0129 D:0E68 DB:86 nvMXdizc V:253 H:184 F:42		

			81B714 A9 04       LDA #$04               A:D080 X:0035 Y:0002 S:012C D:0E68 DB:86 nvMXdizc V:253 H:195 F:42			
			81B716 85 36       STA $36       [000E9E] A:D004 X:0035 Y:0002 S:012C D:0E68 DB:86 nvMXdizc V:253 H:198 F:42			E-Shots = #$04
			81B718 22 A5 AC 84 JSL $84ACA5   [84ACA5] A:D004 X:0035 Y:0002 S:012C D:0E68 DB:86 nvMXdizc V:253 H:204 F:42			JSL $84ACA5 --> Update Status, Facing bit

				84ACA5 08          PHP                    A:D004 X:0035 Y:0002 S:0129 D:0E68 DB:86 nvMXdizc V:253 H:218 F:42		
				84ACA6 E2 20       SEP #$20               A:D004 X:0035 Y:0002 S:0128 D:0E68 DB:86 nvMXdizc V:253 H:223 F:42		
				84ACA8 A9 40       LDA #$40               A:D004 X:0035 Y:0002 S:0128 D:0E68 DB:86 nvMXdizc V:253 H:227 F:42		
				84ACAA 14 11       TRB $11       [000E79] A:D040 X:0035 Y:0002 S:0128 D:0E68 DB:86 nvMXdizc V:253 H:230 F:42
				84ACAC C2 20       REP #$20               A:D040 X:0035 Y:0002 S:0128 D:0E68 DB:86 nvMXdiZc V:253 H:240 F:42
				84ACAE AD AD 0B    LDA $0BAD     [860BAD] A:D040 X:0035 Y:0002 S:0128 D:0E68 DB:86 nvmXdiZc V:253 H:245 F:42
				84ACB1 38          SEC                    A:1E1B X:0035 Y:0002 S:0128 D:0E68 DB:86 nvmXdizc V:253 H:253 F:42
				84ACB2 E5 05       SBC $05       [000E6D] A:1E1B X:0035 Y:0002 S:0128 D:0E68 DB:86 nvmXdizC V:253 H:256 F:42
				84ACB4 E2 20       SEP #$20               A:FF4B X:0035 Y:0002 S:0128 D:0E68 DB:86 NvmXdizc V:253 H:265 F:42
				84ACB6 A9 00       LDA #$00               A:FF4B X:0035 Y:0002 S:0128 D:0E68 DB:86 NvMXdizc V:253 H:269 F:42
				84ACB8 6A          ROR A                  A:FF00 X:0035 Y:0002 S:0128 D:0E68 DB:86 nvMXdiZc V:253 H:272 F:42
				84ACB9 4A          LSR A                  A:FF00 X:0035 Y:0002 S:0128 D:0E68 DB:86 nvMXdiZc V:253 H:275 F:42
				84ACBA 04 11       TSB $11       [000E79] A:FF00 X:0035 Y:0002 S:0128 D:0E68 DB:86 nvMXdiZc V:253 H:278 F:42
				84ACBC 28          PLP                    A:FF00 X:0035 Y:0002 S:0128 D:0E68 DB:86 nvMXdiZc V:253 H:288 F:42
				84ACBD 6B          RTL                    A:FF00 X:0035 Y:0002 S:0129 D:0E68 DB:86 nvMXdizc V:253 H:295 F:42

			81B71C A9 01       LDA #$01               A:FF00 X:0035 Y:0002 S:012C D:0E68 DB:86 nvMXdizc V:253 H:305 F:42			
			81B71E 85 38       STA $38       [000EA0] A:FF01 X:0035 Y:0002 S:012C D:0E68 DB:86 nvMXdizc V:253 H:308 F:42			Armor = #$01 (Can flinch)
			81B720 60          RTS                    A:FF01 X:0035 Y:0002 S:012C D:0E68 DB:86 nvMXdizc V:253 H:315 F:42			Return

		81B63B A9 09       LDA #$09               A:FF01 X:0035 Y:0002 S:012E D:0E68 DB:86 nvMXdizc V:253 H:324 F:42				|$28 = #$09 (Can be hit) because I-Frames = #$00
		81B63D A6 35       LDX $35       [000E9D] A:FF09 X:0035 Y:0002 S:012E D:0E68 DB:86 nvMXdizc V:253 H:327 F:42				|
		81B63F F0 02       BEQ $0002     [81B643] A:FF09 X:0000 Y:0002 S:012E D:0E68 DB:86 nvMXdiZc V:253 H:333 F:42				|
		81B643 85 28       STA $28       [000E90] A:FF09 X:0000 Y:0002 S:012E D:0E68 DB:86 nvMXdiZc V:253 H:338 F:42				|
		81B645 A5 39       LDA $39       [000EA1] A:FF09 X:0000 Y:0002 S:012E D:0E68 DB:86 nvMXdiZc V:254 H:  4 F:42				|Branch because Deflect = #$00
		81B647 F0 02       BEQ $0002     [81B64B] A:FF00 X:0000 Y:0002 S:012E D:0E68 DB:86 nvMXdiZc V:254 H: 11 F:42				|
		81B64B A5 17       LDA $17       [000E7F] A:FF00 X:0000 Y:0002 S:012E D:0E68 DB:86 nvMXdiZc V:254 H: 15 F:42				|Something with Sprites?
		81B64D 29 7F       AND #$7F               A:FF80 X:0000 Y:0002 S:012E D:0E68 DB:86 NvMXdizc V:254 H: 22 F:42				|
		81B64F AA          TAX                    A:FF00 X:0000 Y:0002 S:012E D:0E68 DB:86 nvMXdiZc V:254 H: 25 F:42				|
		81B650 BD AB C4    LDA $C4AB,X   [86C4AB] A:FF00 X:0000 Y:0002 S:012E D:0E68 DB:86 nvMXdiZc V:254 H: 28 F:42				|
		81B653 0A          ASL A                  A:FF00 X:0000 Y:0002 S:012E D:0E68 DB:86 nvMXdiZc V:254 H: 34 F:42				|
		81B654 0A          ASL A                  A:FF00 X:0000 Y:0002 S:012E D:0E68 DB:86 nvMXdiZc V:254 H: 37 F:42				|
		81B655 C2 20       REP #$20               A:FF00 X:0000 Y:0002 S:012E D:0E68 DB:86 nvMXdiZc V:254 H: 40 F:42				|
		81B657 29 FF 00    AND #$00FF             A:FF00 X:0000 Y:0002 S:012E D:0E68 DB:86 nvmXdiZc V:254 H: 44 F:42				|
		81B65A 18          CLC                    A:0000 X:0000 Y:0002 S:012E D:0E68 DB:86 nvmXdiZc V:254 H: 49 F:42				|
		81B65B 69 37 C4    ADC #$C437             A:0000 X:0000 Y:0002 S:012E D:0E68 DB:86 nvmXdiZc V:254 H: 52 F:42				|
		81B65E 85 20       STA $20       [000E88] A:C437 X:0000 Y:0002 S:012E D:0E68 DB:86 NvmXdizc V:254 H: 56 F:42				|
		81B660 E2 20       SEP #$20               A:C437 X:0000 Y:0002 S:012E D:0E68 DB:86 NvmXdizc V:254 H: 65 F:42				A:1B
		81B662 22 43 9B 84 JSL $849B43   [849B43] A:C437 X:0000 Y:0002 S:012E D:0E68 DB:86 NvMXdizc V:254 H: 69 F:42				JSL $849B43 --> Check if MMXShot exists, if there isn't return with A = #$00

			849B43 C2 10       REP #$10               A:C437 X:0000 Y:0002 S:012B D:0E68 DB:86 NvMXdizc V:254 H: 83 F:42			X:2B
			849B45 A5 27       LDA $27       [000E8F] A:C437 X:0000 Y:0002 S:012B D:0E68 DB:86 NvMxdizc V:254 H: 87 F:42			|Branch if E-HP = #$00
			849B47 29 7F       AND #$7F               A:C420 X:0000 Y:0002 S:012B D:0E68 DB:86 nvMxdizc V:254 H: 94 F:42			|
			849B49 85 27       STA $27       [000E8F] A:C420 X:0000 Y:0002 S:012B D:0E68 DB:86 nvMxdizc V:254 H: 97 F:42			|
			849B4B F0 2C       BEQ $002C     [849B79] A:C420 X:0000 Y:0002 S:012B D:0E68 DB:86 nvMxdizc V:254 H:103 F:42			|
			849B4D A5 30       LDA $30       [000E98] A:C420 X:0000 Y:0002 S:012B D:0E68 DB:86 nvMxdizc V:254 H:106 F:42			|Branch if Invincible <> #$00 
			849B4F D0 28       BNE $0028     [849B79] A:C400 X:0000 Y:0002 S:012B D:0E68 DB:86 nvMxdiZc V:254 H:113 F:42			|
			849B51 A5 0E       LDA $0E       [000E76] A:C400 X:0000 Y:0002 S:012B D:0E68 DB:86 nvMxdiZc V:254 H:116 F:42			|Branch if $0E = #$00
			849B53 F0 24       BEQ $0024     [849B79] A:C401 X:0000 Y:0002 S:012B D:0E68 DB:86 nvMxdizc V:254 H:122 F:42			|
			849B55 A2 28 12    LDX #$1228             A:C401 X:0000 Y:0002 S:012B D:0E68 DB:86 nvMxdizc V:254 H:125 F:42			|Branch because MMXShot-Exist = #$00
			849B58 E2 20       SEP #$20               A:C401 X:1228 Y:0002 S:012B D:0E68 DB:86 nvMxdizc V:254 H:130 F:42			|
			849B5A BD 00 00    LDA $0000,X   [861228] A:C401 X:1228 Y:0002 S:012B D:0E68 DB:86 nvMxdizc V:254 H:144 F:42			|
			849B5D F0 0E       BEQ $000E     [849B6D] A:C400 X:1228 Y:0002 S:012B D:0E68 DB:86 nvMxdiZc V:254 H:152 F:42			|
			849B6D C2 21       REP #$21               A:C400 X:1228 Y:0002 S:012B D:0E68 DB:86 nvMxdiZc V:254 H:157 F:42			|Check for next MMXShot-Exist, branches every time because there's no MMXShot
			849B6F 8A          TXA                    A:C400 X:1228 Y:0002 S:012B D:0E68 DB:86 nvmxdiZc V:254 H:161 F:42			|
			849B70 69 40 00    ADC #$0040             A:1228 X:1228 Y:0002 S:012B D:0E68 DB:86 nvmxdizc V:254 H:164 F:42			|
			849B73 AA          TAX                    A:1268 X:1228 Y:0002 S:012B D:0E68 DB:86 nvmxdizc V:254 H:169 F:42			|
			849B74 C9 28 14    CMP #$1428             A:1268 X:1268 Y:0002 S:012B D:0E68 DB:86 nvmxdizc V:254 H:172 F:42			|
			849B77 90 DF       BCC $00DF     [849B58] A:1268 X:1268 Y:0002 S:012B D:0E68 DB:86 Nvmxdizc V:254 H:176 F:42			|
			849B58 E2 20       SEP #$20               A:1268 X:1268 Y:0002 S:012B D:0E68 DB:86 Nvmxdizc V:254 H:181 F:42			|
			849B5A BD 00 00    LDA $0000,X   [861268] A:1268 X:1268 Y:0002 S:012B D:0E68 DB:86 NvMxdizc V:254 H:185 F:42			|
			849B5D F0 0E       BEQ $000E     [849B6D] A:1200 X:1268 Y:0002 S:012B D:0E68 DB:86 nvMxdiZc V:254 H:193 F:42			|
			849B6D C2 21       REP #$21               A:1200 X:1268 Y:0002 S:012B D:0E68 DB:86 nvMxdiZc V:254 H:198 F:42			|
			849B6F 8A          TXA                    A:1200 X:1268 Y:0002 S:012B D:0E68 DB:86 nvmxdiZc V:254 H:202 F:42			|
			849B70 69 40 00    ADC #$0040             A:1268 X:1268 Y:0002 S:012B D:0E68 DB:86 nvmxdizc V:254 H:205 F:42			|
			849B73 AA          TAX                    A:12A8 X:1268 Y:0002 S:012B D:0E68 DB:86 nvmxdizc V:254 H:210 F:42			|
			849B74 C9 28 14    CMP #$1428             A:12A8 X:12A8 Y:0002 S:012B D:0E68 DB:86 nvmxdizc V:254 H:213 F:42			|
			849B77 90 DF       BCC $00DF     [849B58] A:12A8 X:12A8 Y:0002 S:012B D:0E68 DB:86 Nvmxdizc V:254 H:217 F:42			|
			849B58 E2 20       SEP #$20               A:12A8 X:12A8 Y:0002 S:012B D:0E68 DB:86 Nvmxdizc V:254 H:222 F:42			|
			849B5A BD 00 00    LDA $0000,X   [8612A8] A:12A8 X:12A8 Y:0002 S:012B D:0E68 DB:86 NvMxdizc V:254 H:226 F:42			|
			849B5D F0 0E       BEQ $000E     [849B6D] A:1200 X:12A8 Y:0002 S:012B D:0E68 DB:86 nvMxdiZc V:254 H:234 F:42			|
			849B6D C2 21       REP #$21               A:1200 X:12A8 Y:0002 S:012B D:0E68 DB:86 nvMxdiZc V:254 H:239 F:42			|
			849B6F 8A          TXA                    A:1200 X:12A8 Y:0002 S:012B D:0E68 DB:86 nvmxdiZc V:254 H:243 F:42			|
			849B70 69 40 00    ADC #$0040             A:12A8 X:12A8 Y:0002 S:012B D:0E68 DB:86 nvmxdizc V:254 H:246 F:42			|
			849B73 AA          TAX                    A:12E8 X:12A8 Y:0002 S:012B D:0E68 DB:86 nvmxdizc V:254 H:251 F:42			|
			849B74 C9 28 14    CMP #$1428             A:12E8 X:12E8 Y:0002 S:012B D:0E68 DB:86 nvmxdizc V:254 H:254 F:42			|
			849B77 90 DF       BCC $00DF     [849B58] A:12E8 X:12E8 Y:0002 S:012B D:0E68 DB:86 Nvmxdizc V:254 H:258 F:42			|
			849B58 E2 20       SEP #$20               A:12E8 X:12E8 Y:0002 S:012B D:0E68 DB:86 Nvmxdizc V:254 H:263 F:42			|
			849B5A BD 00 00    LDA $0000,X   [8612E8] A:12E8 X:12E8 Y:0002 S:012B D:0E68 DB:86 NvMxdizc V:254 H:267 F:42			|
			849B5D F0 0E       BEQ $000E     [849B6D] A:1200 X:12E8 Y:0002 S:012B D:0E68 DB:86 nvMxdiZc V:254 H:275 F:42			|
			849B6D C2 21       REP #$21               A:1200 X:12E8 Y:0002 S:012B D:0E68 DB:86 nvMxdiZc V:254 H:280 F:42			|
			849B6F 8A          TXA                    A:1200 X:12E8 Y:0002 S:012B D:0E68 DB:86 nvmxdiZc V:254 H:284 F:42			|
			849B70 69 40 00    ADC #$0040             A:12E8 X:12E8 Y:0002 S:012B D:0E68 DB:86 nvmxdizc V:254 H:287 F:42			|
			849B73 AA          TAX                    A:1328 X:12E8 Y:0002 S:012B D:0E68 DB:86 nvmxdizc V:254 H:292 F:42			|
			849B74 C9 28 14    CMP #$1428             A:1328 X:1328 Y:0002 S:012B D:0E68 DB:86 nvmxdizc V:254 H:295 F:42			|
			849B77 90 DF       BCC $00DF     [849B58] A:1328 X:1328 Y:0002 S:012B D:0E68 DB:86 Nvmxdizc V:254 H:299 F:42			|
			849B58 E2 20       SEP #$20               A:1328 X:1328 Y:0002 S:012B D:0E68 DB:86 Nvmxdizc V:254 H:304 F:42			|
			849B5A BD 00 00    LDA $0000,X   [861328] A:1328 X:1328 Y:0002 S:012B D:0E68 DB:86 NvMxdizc V:254 H:308 F:42			|
			849B5D F0 0E       BEQ $000E     [849B6D] A:1300 X:1328 Y:0002 S:012B D:0E68 DB:86 nvMxdiZc V:254 H:316 F:42			|
			849B6D C2 21       REP #$21               A:1300 X:1328 Y:0002 S:012B D:0E68 DB:86 nvMxdiZc V:254 H:321 F:42			|
			849B6F 8A          TXA                    A:1300 X:1328 Y:0002 S:012B D:0E68 DB:86 nvmxdiZc V:254 H:325 F:42			|
			849B70 69 40 00    ADC #$0040             A:1328 X:1328 Y:0002 S:012B D:0E68 DB:86 nvmxdizc V:254 H:327 F:42			|
			849B73 AA          TAX                    A:1368 X:1328 Y:0002 S:012B D:0E68 DB:86 nvmxdizc V:254 H:332 F:42			|
			849B74 C9 28 14    CMP #$1428             A:1368 X:1368 Y:0002 S:012B D:0E68 DB:86 nvmxdizc V:254 H:335 F:42			|
			849B77 90 DF       BCC $00DF     [849B58] A:1368 X:1368 Y:0002 S:012B D:0E68 DB:86 Nvmxdizc V:254 H:339 F:42			|
			849B58 E2 20       SEP #$20               A:1368 X:1368 Y:0002 S:012B D:0E68 DB:86 Nvmxdizc V:255 H:  4 F:42			|
			849B5A BD 00 00    LDA $0000,X   [861368] A:1368 X:1368 Y:0002 S:012B D:0E68 DB:86 NvMxdizc V:255 H:  8 F:42			|
			849B5D F0 0E       BEQ $000E     [849B6D] A:1300 X:1368 Y:0002 S:012B D:0E68 DB:86 nvMxdiZc V:255 H: 16 F:42			|
			849B6D C2 21       REP #$21               A:1300 X:1368 Y:0002 S:012B D:0E68 DB:86 nvMxdiZc V:255 H: 21 F:42			|
			849B6F 8A          TXA                    A:1300 X:1368 Y:0002 S:012B D:0E68 DB:86 nvmxdiZc V:255 H: 25 F:42			|
			849B70 69 40 00    ADC #$0040             A:1368 X:1368 Y:0002 S:012B D:0E68 DB:86 nvmxdizc V:255 H: 28 F:42			|
			849B73 AA          TAX                    A:13A8 X:1368 Y:0002 S:012B D:0E68 DB:86 nvmxdizc V:255 H: 33 F:42			|
			849B74 C9 28 14    CMP #$1428             A:13A8 X:13A8 Y:0002 S:012B D:0E68 DB:86 nvmxdizc V:255 H: 36 F:42			|
			849B77 90 DF       BCC $00DF     [849B58] A:13A8 X:13A8 Y:0002 S:012B D:0E68 DB:86 Nvmxdizc V:255 H: 40 F:42			|
			849B58 E2 20       SEP #$20               A:13A8 X:13A8 Y:0002 S:012B D:0E68 DB:86 Nvmxdizc V:255 H: 45 F:42			|
			849B5A BD 00 00    LDA $0000,X   [8613A8] A:13A8 X:13A8 Y:0002 S:012B D:0E68 DB:86 NvMxdizc V:255 H: 49 F:42			|
			849B5D F0 0E       BEQ $000E     [849B6D] A:1300 X:13A8 Y:0002 S:012B D:0E68 DB:86 nvMxdiZc V:255 H: 57 F:42			|
			849B6D C2 21       REP #$21               A:1300 X:13A8 Y:0002 S:012B D:0E68 DB:86 nvMxdiZc V:255 H: 62 F:42			|
			849B6F 8A          TXA                    A:1300 X:13A8 Y:0002 S:012B D:0E68 DB:86 nvmxdiZc V:255 H: 66 F:42			|
			849B70 69 40 00    ADC #$0040             A:13A8 X:13A8 Y:0002 S:012B D:0E68 DB:86 nvmxdizc V:255 H: 69 F:42			|
			849B73 AA          TAX                    A:13E8 X:13A8 Y:0002 S:012B D:0E68 DB:86 nvmxdizc V:255 H: 74 F:42			|
			849B74 C9 28 14    CMP #$1428             A:13E8 X:13E8 Y:0002 S:012B D:0E68 DB:86 nvmxdizc V:255 H: 77 F:42			|
			849B77 90 DF       BCC $00DF     [849B58] A:13E8 X:13E8 Y:0002 S:012B D:0E68 DB:86 Nvmxdizc V:255 H: 81 F:42			|
			849B58 E2 20       SEP #$20               A:13E8 X:13E8 Y:0002 S:012B D:0E68 DB:86 Nvmxdizc V:255 H: 86 F:42			|
			849B5A BD 00 00    LDA $0000,X   [8613E8] A:13E8 X:13E8 Y:0002 S:012B D:0E68 DB:86 NvMxdizc V:255 H: 90 F:42			|
			849B5D F0 0E       BEQ $000E     [849B6D] A:1300 X:13E8 Y:0002 S:012B D:0E68 DB:86 nvMxdiZc V:255 H: 98 F:42			|
			849B6D C2 21       REP #$21               A:1300 X:13E8 Y:0002 S:012B D:0E68 DB:86 nvMxdiZc V:255 H:103 F:42			|
			849B6F 8A          TXA                    A:1300 X:13E8 Y:0002 S:012B D:0E68 DB:86 nvmxdiZc V:255 H:107 F:42			|
			849B70 69 40 00    ADC #$0040             A:13E8 X:13E8 Y:0002 S:012B D:0E68 DB:86 nvmxdizc V:255 H:110 F:42			|
			849B73 AA          TAX                    A:1428 X:13E8 Y:0002 S:012B D:0E68 DB:86 nvmxdizc V:255 H:115 F:42			|
			849B74 C9 28 14    CMP #$1428             A:1428 X:1428 Y:0002 S:012B D:0E68 DB:86 nvmxdizc V:255 H:118 F:42			|
			849B77 90 DF       BCC $00DF     [849B58] A:1428 X:1428 Y:0002 S:012B D:0E68 DB:86 nvmxdiZC V:255 H:122 F:42			|
			849B79 E2 30       SEP #$30               A:1428 X:1428 Y:0002 S:012B D:0E68 DB:86 nvmxdiZC V:255 H:125 F:42			A:1B,X:1B
			849B7B A9 00       LDA #$00               A:1428 X:0028 Y:0002 S:012B D:0E68 DB:86 nvMXdiZC V:255 H:130 F:42			A = #$00 because there's no MMXShot
			849B7D 6B          RTL                    A:1400 X:0028 Y:0002 S:012B D:0E68 DB:86 nvMXdiZC V:255 H:133 F:42			Return

		81B666 F0 5C       BEQ $005C     [81B6C4] A:1400 X:0028 Y:0002 S:012E D:0E68 DB:86 nvMXdiZC V:255 H:153 F:42				Branch because there's no MMXShot (from last routine)
		81B6C4 A5 35       LDA $35       [000E9D] A:1400 X:0028 Y:0002 S:012E D:0E68 DB:86 nvMXdiZC V:255 H:158 F:42				|Branch because I-Frames = #$00
		81B6C6 F0 18       BEQ $0018     [81B6E0] A:1400 X:0028 Y:0002 S:012E D:0E68 DB:86 nvMXdiZC V:255 H:164 F:42				|
		81B6E0 22 03 9B 84 JSL $849B03   [849B03] A:1400 X:0028 Y:0002 S:012E D:0E68 DB:86 nvMXdiZC V:255 H:169 F:42				JSL $849B03 --> Various general checks

			849B03 C2 10       REP #$10               A:1400 X:0028 Y:0002 S:012B D:0E68 DB:86 nvMXdiZC V:255 H:182 F:42			X:2B
			849B05 A5 27       LDA $27       [000E8F] A:1400 X:0028 Y:0002 S:012B D:0E68 DB:86 nvMxdiZC V:255 H:187 F:42			|Branch if E-HP = #$00
			849B07 F0 70       BEQ $0070     [849B79] A:1420 X:0028 Y:0002 S:012B D:0E68 DB:86 nvMxdizC V:255 H:193 F:42			|
			849B09 A5 0E       LDA $0E       [000E76] A:1420 X:0028 Y:0002 S:012B D:0E68 DB:86 nvMxdizC V:255 H:196 F:42			|Branch if $0E = #$00
			849B0B F0 31       BEQ $0031     [849B3E] A:1401 X:0028 Y:0002 S:012B D:0E68 DB:86 nvMxdizC V:255 H:203 F:42			|
			849B0D AD 0C 1F    LDA $1F0C     [861F0C] A:1401 X:0028 Y:0002 S:012B D:0E68 DB:86 nvMxdizC V:255 H:206 F:42			|Branch if BossBeatInv <> #$00
			849B10 D0 2C       BNE $002C     [849B3E] A:1400 X:0028 Y:0002 S:012B D:0E68 DB:86 nvMxdiZC V:255 H:212 F:42			|
			849B12 AD 32 0C    LDA $0C32     [860C32] A:1400 X:0028 Y:0002 S:012B D:0E68 DB:86 nvMxdiZC V:255 H:215 F:42			|Branch if StageEndAction <> #$00
			849B15 D0 11       BNE $0011     [849B28] A:1400 X:0028 Y:0002 S:012B D:0E68 DB:86 nvMxdiZC V:255 H:222 F:42			|
			849B17 AD 30 0C    LDA $0C30     [860C30] A:1400 X:0028 Y:0002 S:012B D:0E68 DB:86 nvMxdiZC V:255 H:225 F:42			|Branch if ShieldInvVit <> #$00
			849B1A D0 0C       BNE $000C     [849B28] A:1400 X:0028 Y:0002 S:012B D:0E68 DB:86 nvMxdiZC V:255 H:231 F:42			|
			849B1C A2 A8 0B    LDX #$0BA8             A:1400 X:0028 Y:0002 S:012B D:0E68 DB:86 nvMxdiZC V:255 H:234 F:42
			849B1F 22 0E 9C 84 JSL $849C0E   [849C0E] A:1400 X:0BA8 Y:0002 S:012B D:0E68 DB:86 nvMxdizC V:255 H:239 F:42			JSL $849C0E  --> Something to do with sprites?

				849C0E 5A          PHY                    A:1400 X:0BA8 Y:0002 S:0128 D:0E68 DB:86 nvMxdizC V:255 H:252 F:42
				849C0F A4 20       LDY $20       [000E88] A:1400 X:0BA8 Y:0002 S:0126 D:0E68 DB:86 nvMxdizC V:255 H:259 F:42		
				849C11 D0 03       BNE $0003     [849C16] A:1400 X:0BA8 Y:C437 S:0126 D:0E68 DB:86 NvMxdizC V:255 H:268 F:42		
				849C16 BC 20 00    LDY $0020,X   [860BC8] A:1400 X:0BA8 Y:C437 S:0126 D:0E68 DB:86 NvMxdizC V:255 H:272 F:42		
				849C19 D0 03       BNE $0003     [849C1E] A:1400 X:0BA8 Y:A552 S:0126 D:0E68 DB:86 NvMxdizC V:255 H:282 F:42		
				849C1E C2 20       REP #$20               A:1400 X:0BA8 Y:A552 S:0126 D:0E68 DB:86 NvMxdizC V:255 H:287 F:42		
				849C20 DA          PHX                    A:1400 X:0BA8 Y:A552 S:0126 D:0E68 DB:86 NvmxdizC V:255 H:291 F:42		
				849C21 BD 05 00    LDA $0005,X   [860BAD] A:1400 X:0BA8 Y:A552 S:0124 D:0E68 DB:86 NvmxdizC V:255 H:298 F:42		
				849C24 8D 04 00    STA $0004     [860004] A:1E1B X:0BA8 Y:A552 S:0124 D:0E68 DB:86 nvmxdizC V:255 H:308 F:42		
				849C27 BD 08 00    LDA $0008,X   [860BB0] A:1E1B X:0BA8 Y:A552 S:0124 D:0E68 DB:86 nvmxdizC V:255 H:317 F:42		
				849C2A 8D 06 00    STA $0006     [860006] A:01AF X:0BA8 Y:A552 S:0124 D:0E68 DB:86 nvmxdizC V:255 H:326 F:42		
				849C2D A5 05       LDA $05       [000E6D] A:01AF X:0BA8 Y:A552 S:0124 D:0E68 DB:86 nvmxdizC V:255 H:334 F:42		
				849C2F 8D 0C 00    STA $000C     [86000C] A:1ED0 X:0BA8 Y:A552 S:0124 D:0E68 DB:86 nvmxdizC V:256 H:  3 F:42		
				849C32 A5 08       LDA $08       [000E70] A:1ED0 X:0BA8 Y:A552 S:0124 D:0E68 DB:86 nvmxdizC V:256 H: 11 F:42		
				849C34 8D 0E 00    STA $000E     [86000E] A:01AC X:0BA8 Y:A552 S:0124 D:0E68 DB:86 nvmxdizC V:256 H: 20 F:42		
				849C37 E2 20       SEP #$20               A:01AC X:0BA8 Y:A552 S:0124 D:0E68 DB:86 nvmxdizC V:256 H: 28 F:42		
				849C39 BD 11 00    LDA $0011,X   [860BB9] A:01AC X:0BA8 Y:A552 S:0124 D:0E68 DB:86 nvMxdizC V:256 H: 33 F:42		
				849C3C 8D 08 00    STA $0008     [860008] A:0162 X:0BA8 Y:A552 S:0124 D:0E68 DB:86 nvMxdizC V:256 H: 41 F:42		
				849C3F A5 11       LDA $11       [000E79] A:0162 X:0BA8 Y:A552 S:0124 D:0E68 DB:86 nvMxdizC V:256 H: 47 F:42		
				849C41 8D 09 00    STA $0009     [860009] A:0129 X:0BA8 Y:A552 S:0124 D:0E68 DB:86 nvMxdizC V:256 H: 54 F:42		
				849C44 BC 20 00    LDY $0020,X   [860BC8] A:0129 X:0BA8 Y:A552 S:0124 D:0E68 DB:86 nvMxdizC V:256 H: 60 F:42		
				849C47 A6 20       LDX $20       [000E88] A:0129 X:0BA8 Y:A552 S:0124 D:0E68 DB:86 NvMxdizC V:256 H: 70 F:42		
				849C49 0B          PHD                    A:0129 X:C437 Y:A552 S:0124 D:0E68 DB:86 NvMxdizC V:256 H: 79 F:42		
				849C4A F4 00 00    PEA $0000              A:0129 X:C437 Y:A552 S:0122 D:0E68 DB:86 NvMxdizC V:256 H: 86 F:42		
				849C4D 2B          PLD                    A:0129 X:C437 Y:A552 S:0120 D:0E68 DB:86 NvMxdizC V:256 H: 94 F:42		
				849C4E BD 02 00    LDA $0002,X   [86C439] A:0129 X:C437 Y:A552 S:0122 D:0000 DB:86 nvMxdiZC V:256 H:103 F:42		
				849C51 18          CLC                    A:010A X:C437 Y:A552 S:0122 D:0000 DB:86 nvMxdizC V:256 H:110 F:42		
				849C52 79 02 00    ADC $0002,Y   [86A554] A:010A X:C437 Y:A552 S:0122 D:0000 DB:86 nvMxdizc V:256 H:113 F:42		
				849C55 85 00       STA $00       [000000] A:0110 X:C437 Y:A552 S:0122 D:0000 DB:86 nvMxdizc V:256 H:121 F:42		
				849C57 64 01       STZ $01       [000001] A:0110 X:C437 Y:A552 S:0122 D:0000 DB:86 nvMxdizc V:256 H:126 F:42		
				849C59 BD 03 00    LDA $0003,X   [86C43A] A:0110 X:C437 Y:A552 S:0122 D:0000 DB:86 nvMxdizc V:256 H:131 F:42		
				849C5C 18          CLC                    A:010F X:C437 Y:A552 S:0122 D:0000 DB:86 nvMxdizc V:256 H:148 F:42		
				849C5D 79 03 00    ADC $0003,Y   [86A555] A:010F X:C437 Y:A552 S:0122 D:0000 DB:86 nvMxdizc V:256 H:151 F:42		
				849C60 85 02       STA $02       [000002] A:011D X:C437 Y:A552 S:0122 D:0000 DB:86 nvMxdizc V:256 H:159 F:42		
				849C62 64 03       STZ $03       [000003] A:011D X:C437 Y:A552 S:0122 D:0000 DB:86 nvMxdizc V:256 H:164 F:42		
				849C64 C2 21       REP #$21               A:011D X:C437 Y:A552 S:0122 D:0000 DB:86 nvMxdizc V:256 H:169 F:42		
				849C66 B9 00 00    LDA $0000,Y   [86A552] A:011D X:C437 Y:A552 S:0122 D:0000 DB:86 nvmxdizc V:256 H:173 F:42		
				849C69 29 FF 00    AND #$00FF             A:FF00 X:C437 Y:A552 S:0122 D:0000 DB:86 Nvmxdizc V:256 H:182 F:42		
				849C6C 89 80 00    BIT #$0080             A:0000 X:C437 Y:A552 S:0122 D:0000 DB:86 nvmxdiZc V:256 H:187 F:42		
				849C6F F0 03       BEQ $0003     [849C74] A:0000 X:C437 Y:A552 S:0122 D:0000 DB:86 nvmxdiZc V:256 H:191 F:42		
				849C74 24 07       BIT $07       [000007] A:0000 X:C437 Y:A552 S:0122 D:0000 DB:86 nvmxdiZc V:256 H:196 F:42		
				849C76 50 04       BVC $0004     [849C7C] A:0000 X:C437 Y:A552 S:0122 D:0000 DB:86 nVmxdiZc V:256 H:203 F:42		
				849C78 49 FF FF    EOR #$FFFF             A:0000 X:C437 Y:A552 S:0122 D:0000 DB:86 nVmxdiZc V:256 H:206 F:42		
				849C7B 1A          INC                    A:FFFF X:C437 Y:A552 S:0122 D:0000 DB:86 NVmxdizc V:256 H:210 F:42		
				849C7C 85 0A       STA $0A       [00000A] A:0000 X:C437 Y:A552 S:0122 D:0000 DB:86 nVmxdiZc V:256 H:213 F:42		
				849C7E 64 10       STZ $10       [000010] A:0000 X:C437 Y:A552 S:0122 D:0000 DB:86 nVmxdiZc V:256 H:220 F:42		
				849C80 BD 00 00    LDA $0000,X   [86C437] A:0000 X:C437 Y:A552 S:0122 D:0000 DB:86 nVmxdiZc V:256 H:227 F:42		
				849C83 29 FF 00    AND #$00FF             A:0200 X:C437 Y:A552 S:0122 D:0000 DB:86 nVmxdizc V:256 H:236 F:42		
				849C86 89 80 00    BIT #$0080             A:0000 X:C437 Y:A552 S:0122 D:0000 DB:86 nVmxdiZc V:256 H:241 F:42		
				849C89 F0 03       BEQ $0003     [849C8E] A:0000 X:C437 Y:A552 S:0122 D:0000 DB:86 nVmxdiZc V:256 H:245 F:42		
				849C8E 24 08       BIT $08       [000008] A:0000 X:C437 Y:A552 S:0122 D:0000 DB:86 nVmxdiZc V:256 H:250 F:42		
				849C90 50 04       BVC $0004     [849C96] A:0000 X:C437 Y:A552 S:0122 D:0000 DB:86 nvmxdiZc V:256 H:257 F:42		
				849C96 65 0C       ADC $0C       [00000C] A:0000 X:C437 Y:A552 S:0122 D:0000 DB:86 nvmxdiZc V:256 H:261 F:42		
				849C98 38          SEC                    A:1ED0 X:C437 Y:A552 S:0122 D:0000 DB:86 nvmxdizc V:256 H:268 F:42		
				849C99 E5 04       SBC $04       [000004] A:1ED0 X:C437 Y:A552 S:0122 D:0000 DB:86 nvmxdizC V:256 H:271 F:42		
				849C9B 38          SEC                    A:00B5 X:C437 Y:A552 S:0122 D:0000 DB:86 nvmxdizC V:256 H:278 F:42		
				849C9C E5 0A       SBC $0A       [00000A] A:00B5 X:C437 Y:A552 S:0122 D:0000 DB:86 nvmxdizC V:256 H:281 F:42		
				849C9E 10 06       BPL $0006     [849CA6] A:00B5 X:C437 Y:A552 S:0122 D:0000 DB:86 nvmxdizC V:256 H:288 F:42		
				849CA6 85 04       STA $04       [000004] A:00B5 X:C437 Y:A552 S:0122 D:0000 DB:86 nvmxdizC V:256 H:293 F:42		
				849CA8 A5 00       LDA $00       [000000] A:00B5 X:C437 Y:A552 S:0122 D:0000 DB:86 nvmxdizC V:256 H:300 F:42		
				849CAA 38          SEC                    A:0010 X:C437 Y:A552 S:0122 D:0000 DB:86 nvmxdizC V:256 H:307 F:42		
				849CAB E5 04       SBC $04       [000004] A:0010 X:C437 Y:A552 S:0122 D:0000 DB:86 nvmxdizC V:256 H:310 F:42		
				849CAD 1A          INC                    A:FF5B X:C437 Y:A552 S:0122 D:0000 DB:86 Nvmxdizc V:256 H:317 F:42		
				849CAE 85 04       STA $04       [000004] A:FF5C X:C437 Y:A552 S:0122 D:0000 DB:86 Nvmxdizc V:256 H:320 F:42		
				849CB0 24 0F       BIT $0F       [00000F] A:FF5C X:C437 Y:A552 S:0122 D:0000 DB:86 Nvmxdizc V:256 H:326 F:42		
				849CB2 30 04       BMI $0004     [849CB8] A:FF5C X:C437 Y:A552 S:0122 D:0000 DB:86 nvmxdiZc V:256 H:333 F:42		
				849CB4 49 FF FF    EOR #$FFFF             A:FF5C X:C437 Y:A552 S:0122 D:0000 DB:86 nvmxdiZc V:256 H:336 F:42		
				849CB7 1A          INC                    A:00A3 X:C437 Y:A552 S:0122 D:0000 DB:86 nvmxdizc V:257 H:  0 F:42		
				849CB8 85 00       STA $00       [000000] A:00A4 X:C437 Y:A552 S:0122 D:0000 DB:86 nvmxdizc V:257 H:  3 F:42		
				849CBA 90 45       BCC $0045     [849D01] A:00A4 X:C437 Y:A552 S:0122 D:0000 DB:86 nvmxdizc V:257 H: 10 F:42		
				849D01 E2 20       SEP #$20               A:00A4 X:C437 Y:A552 S:0122 D:0000 DB:86 nvmxdizc V:257 H: 15 F:42		
				849D03 2B          PLD                    A:00A4 X:C437 Y:A552 S:0122 D:0000 DB:86 nvMxdizc V:257 H: 19 F:42		
				849D04 FA          PLX                    A:00A4 X:C437 Y:A552 S:0124 D:0E68 DB:86 nvMxdizc V:257 H: 28 F:42		
				849D05 7A          PLY                    A:00A4 X:0BA8 Y:A552 S:0126 D:0E68 DB:86 nvMxdizc V:257 H: 36 F:42		
				849D06 6B          RTL                    A:00A4 X:0BA8 Y:0002 S:0128 D:0E68 DB:86 nvMxdizc V:257 H: 45 F:42		

			849B23 90 19       BCC $0019     [849B3E] A:00A4 X:0BA8 Y:0002 S:012B D:0E68 DB:86 nvMxdizc V:257 H: 55 F:42			Branch because Carry clear (from last subroutine)
			849B3E E2 10       SEP #$10               A:00A4 X:0BA8 Y:0002 S:012B D:0E68 DB:86 nvMxdizc V:257 H: 60 F:42			X:1B
			849B40 A9 00       LDA #$00               A:00A4 X:00A8 Y:0002 S:012B D:0E68 DB:86 nvMXdizc V:257 H: 64 F:42			A = #$00
			849B42 6B          RTL                    A:0000 X:00A8 Y:0002 S:012B D:0E68 DB:86 nvMXdiZc V:257 H: 67 F:42			Return

		81B6E4 AD CF 0B    LDA $0BCF     [860BCF] A:0000 X:00A8 Y:0002 S:012E D:0E68 DB:86 nvMXdiZc V:257 H: 78 F:42				|Branch because MMX-HP <> #$00
		81B6E7 29 7F       AND #$7F               A:0020 X:00A8 Y:0002 S:012E D:0E68 DB:86 nvMXdizc V:257 H: 84 F:42				|
		81B6E9 D0 04       BNE $0004     [81B6EF] A:0020 X:00A8 Y:0002 S:012E D:0E68 DB:86 nvMXdizc V:257 H: 87 F:42				|
		81B6EF 5C B4 80 82 JML $8280B4   [8280B4] A:0020 X:00A8 Y:0002 S:012E D:0E68 DB:86 nvMXdizc V:257 H: 92 F:42				JML: $8280B4

		8280B4 C2 20       REP #$20               A:0020 X:00A8 Y:0002 S:012E D:0E68 DB:86 nvMXdizc V:257 H: 98 F:42				A:2B
		8280B6 38          SEC                    A:0020 X:00A8 Y:0002 S:012E D:0E68 DB:86 nvmXdizc V:257 H:102 F:42				|Branch if (E-X-pos - X-Cam + #$0020) > #$0140
		8280B7 A5 05       LDA $05       [000E6D] A:0020 X:00A8 Y:0002 S:012E D:0E68 DB:86 nvmXdizC V:257 H:105 F:42				|
		8280B9 ED 4D 1E    SBC $1E4D     [861E4D] A:1ED0 X:00A8 Y:0002 S:012E D:0E68 DB:86 nvmXdizC V:257 H:114 F:42				|
		8280BC 18          CLC                    A:00D0 X:00A8 Y:0002 S:012E D:0E68 DB:86 nvmXdizC V:257 H:122 F:42				|
		8280BD 69 20 00    ADC #$0020             A:00D0 X:00A8 Y:0002 S:012E D:0E68 DB:86 nvmXdizc V:257 H:125 F:42				|
		8280C0 C9 40 01    CMP #$0140             A:00F0 X:00A8 Y:0002 S:012E D:0E68 DB:86 nvmXdizc V:257 H:130 F:42				|
		8280C3 B0 0F       BCS $000F     [8280D4] A:00F0 X:00A8 Y:0002 S:012E D:0E68 DB:86 NvmXdizc V:257 H:144 F:42				|
		8280C5 38          SEC                    A:00F0 X:00A8 Y:0002 S:012E D:0E68 DB:86 NvmXdizc V:257 H:147 F:42				|Branch because (E-Y-pos - Y-Cam + #$0010) < #$0100
		8280C6 A5 08       LDA $08       [000E70] A:00F0 X:00A8 Y:0002 S:012E D:0E68 DB:86 NvmXdizC V:257 H:150 F:42				|
		8280C8 ED 50 1E    SBC $1E50     [861E50] A:01AC X:00A8 Y:0002 S:012E D:0E68 DB:86 nvmXdizC V:257 H:159 F:42				|
		8280CB 18          CLC                    A:00AC X:00A8 Y:0002 S:012E D:0E68 DB:86 nvmXdizC V:257 H:167 F:42				|
		8280CC 69 10 00    ADC #$0010             A:00AC X:00A8 Y:0002 S:012E D:0E68 DB:86 nvmXdizc V:257 H:170 F:42				|
		8280CF C9 00 01    CMP #$0100             A:00BC X:00A8 Y:0002 S:012E D:0E68 DB:86 nvmXdizc V:257 H:175 F:42				|
		8280D2 90 05       BCC $0005     [8280D9] A:00BC X:00A8 Y:0002 S:012E D:0E68 DB:86 NvmXdizc V:257 H:179 F:42				|
		8280D9 E2 20       SEP #$20               A:00BC X:00A8 Y:0002 S:012E D:0E68 DB:86 NvmXdizc V:257 H:184 F:42				A:1B
		8280DB A9 81       LDA #$81               A:00BC X:00A8 Y:0002 S:012E D:0E68 DB:86 NvMXdizc V:257 H:188 F:42				|$0E = #$81 (Might be if Enemy is on screen?)
		8280DD 85 0E       STA $0E       [000E76] A:0081 X:00A8 Y:0002 S:012E D:0E68 DB:86 NvMXdizc V:257 H:191 F:42				|
		8280DF E2 30       SEP #$30               A:0081 X:00A8 Y:0002 S:012E D:0E68 DB:86 NvMXdizc V:257 H:198 F:42				A:1B,X:1B
		8280E1 A6 12       LDX $12       [000E7A] A:0081 X:00A8 Y:0002 S:012E D:0E68 DB:86 NvMXdizc V:257 H:202 F:42				X = $12 = #$04
		8280E3 10 02       BPL $0002     [8280E7] A:0081 X:0004 Y:0002 S:012E D:0E68 DB:86 nvMXdizc V:257 H:209 F:42				Branch because X > 0
		8280E7 7C EA 80    JMP ($80EA,X) [8280EE] A:0081 X:0004 Y:0002 S:012E D:0E68 DB:86 nvMXdizc V:257 H:213 F:42				JMP ($80EA,$12) = ($8280EE) = $828135

		828135 AD EA 00    LDA $00EA     [8600EA] A:0081 X:0004 Y:0002 S:012E D:0E68 DB:86 nvMXdizc V:257 H:222 F:42				|Branch if $00EA=#$01 > #$20				
		828138 C9 20       CMP #$20               A:0001 X:0004 Y:0002 S:012E D:0E68 DB:86 nvMXdizc V:257 H:229 F:42				|
		82813A B0 0D       BCS $000D     [828149] A:0001 X:0004 Y:0002 S:012E D:0E68 DB:86 NvMXdizc V:257 H:232 F:42				|
		82813C 0A          ASL A                  A:0001 X:0004 Y:0002 S:012E D:0E68 DB:86 NvMXdizc V:257 H:235 F:42				|X = $00EA*2 = #$02
		82813D AA          TAX                    A:0002 X:0004 Y:0002 S:012E D:0E68 DB:86 nvMXdizc V:257 H:238 F:42				|
		82813E C2 20       REP #$20               A:0002 X:0002 Y:0002 S:012E D:0E68 DB:86 nvMXdizc V:257 H:241 F:42				A:2B
		828140 7B          TDC                    A:0002 X:0002 Y:0002 S:012E D:0E68 DB:86 nvmXdizc V:257 H:245 F:42				
		828141 9D E0 09    STA $09E0,X   [8609E2] A:0E68 X:0002 Y:0002 S:012E D:0E68 DB:86 nvmXdizc V:257 H:248 F:42				$09E0,X = D = #$0E68 (Location of EnemyData in memory)
		828144 E2 20       SEP #$20               A:0E68 X:0002 Y:0002 S:012E D:0E68 DB:86 nvmXdizc V:257 H:258 F:42				A:1B
		828146 EE EA 00    INC $00EA     [8600EA] A:0E68 X:0002 Y:0002 S:012E D:0E68 DB:86 nvMXdizc V:257 H:263 F:42				INC $00EA
		828149 6B          RTL                    A:0E68 X:0002 Y:0002 S:012E D:0E68 DB:86 nvMXdizc V:257 H:273 F:42				Return

	80F9BF 60          RTS                    A:0E68 X:0002 Y:0002 S:0131 D:0E68 DB:86 nvMXdizc V:257 H:283 F:42					Return
