80D4F6 20 30 D5    JSR $D530     [80D530] A:0E01 X:0000 Y:0027 S:0133 D:0E68 DB:86 nvMXdizC V:255 H:195 F:16

	80D530 C2 20       REP #$20               A:0E01 X:0000 Y:0027 S:0131 D:0E68 DB:86 nvMXdizC V:255 H:205 F:16
	80D532 A5 05       LDA $05       [000E6D] A:0E01 X:0000 Y:0027 S:0131 D:0E68 DB:86 nvmXdizC V:255 H:210 F:16
	80D534 85 22       STA $22       [000E8A] A:1ED0 X:0000 Y:0027 S:0131 D:0E68 DB:86 nvmXdizC V:255 H:218 F:16
	80D536 A5 08       LDA $08       [000E70] A:1ED0 X:0000 Y:0027 S:0131 D:0E68 DB:86 nvmXdizC V:255 H:227 F:16
	80D538 85 24       STA $24       [000E8C] A:01AC X:0000 Y:0027 S:0131 D:0E68 DB:86 nvmXdizC V:255 H:235 F:16
	80D53A E2 20       SEP #$20               A:01AC X:0000 Y:0027 S:0131 D:0E68 DB:86 nvmXdizC V:255 H:244 F:16
	80D53C A9 80       LDA #$80               A:01AC X:0000 Y:0027 S:0131 D:0E68 DB:86 nvMXdizC V:255 H:248 F:16
	80D53E 14 0E       TRB $0E       [000E76] A:0180 X:0000 Y:0027 S:0131 D:0E68 DB:86 NvMXdizC V:255 H:251 F:16
	80D540 A5 0A       LDA $0A       [000E72] A:0180 X:0000 Y:0027 S:0131 D:0E68 DB:86 NvMXdizC V:255 H:261 F:16
	80D542 0A          ASL A                  A:0102 X:0000 Y:0027 S:0131 D:0E68 DB:86 nvMXdizC V:255 H:268 F:16
	80D543 AA          TAX                    A:0104 X:0000 Y:0027 S:0131 D:0E68 DB:86 nvMXdizc V:255 H:271 F:16
	80D544 7C DD F8    JMP ($F8DD,X) [80F8E1] A:0104 X:0004 Y:0027 S:0131 D:0E68 DB:86 nvMXdizc V:255 H:274 F:16

	80F9BB 22 16 B5 81 JSL $81B516   [81B516] A:0104 X:0004 Y:0027 S:0131 D:0E68 DB:86 nvMXdizc V:255 H:283 F:16

		81B516 A6 01       LDX $01       [000E69] A:0104 X:0004 Y:0027 S:012E D:0E68 DB:86 nvMXdizc V:255 H:296 F:16
		81B518 7C 1B B5    JMP ($B51B,X) [81B51F] A:0104 X:0004 Y:0027 S:012E D:0E68 DB:86 nvMXdizc V:255 H:303 F:16

		81B629 A5 33       LDA $33       [000E9B] A:0104 X:0004 Y:0027 S:012E D:0E68 DB:86 nvMXdizc V:255 H:312 F:16
		81B62B 04 11       TSB $11       [000E79] A:0108 X:0004 Y:0027 S:012E D:0E68 DB:86 nvMXdizc V:255 H:318 F:16
		81B62D C2 20       REP #$20               A:0108 X:0004 Y:0027 S:012E D:0E68 DB:86 nvMXdizc V:255 H:327 F:16
		81B62F A9 2D C4    LDA #$C42D             A:0108 X:0004 Y:0027 S:012E D:0E68 DB:86 nvmXdizc V:255 H:332 F:16
		81B632 85 20       STA $20       [000E88] A:C42D X:0004 Y:0027 S:012E D:0E68 DB:86 NvmXdizc V:255 H:336 F:16
		81B634 E2 20       SEP #$20               A:C42D X:0004 Y:0027 S:012E D:0E68 DB:86 NvmXdizc V:256 H:  5 F:16
		81B636 A6 02       LDX $02       [000E6A] A:C42D X:0004 Y:0027 S:012E D:0E68 DB:86 NvMXdizc V:256 H:  9 F:16
		81B638 FC F3 B6    JSR ($B6F3,X) [81B6F3] A:C42D X:0000 Y:0027 S:012E D:0E68 DB:86 nvMXdiZc V:256 H: 16 F:16

			81B6FF A6 03       LDX $03       [000E6B] A:C42D X:0000 Y:0027 S:012C D:0E68 DB:86 nvMXdiZc V:256 H: 29 F:16
			81B701 7C 04 B7    JMP ($B704,X) [81B706] A:C42D X:0002 Y:0027 S:012C D:0E68 DB:86 nvMXdizc V:256 H: 35 F:16				JMP ($B704,Subaction) = ($81B706) = $81B721

			81B721 22 EA 8E 84 JSL $848EEA   [848EEA] A:C42D X:0002 Y:0027 S:012C D:0E68 DB:86 nvMXdizc V:256 H: 44 F:16				JSL $848EEA --> 00,02 routine

				848EEA 08          PHP                    A:C42D X:0002 Y:0027 S:0129 D:0E68 DB:86 nvMXdizc V:256 H: 58 F:16			Push Processor Flags
				848EEB 8B          PHB                    A:C42D X:0002 Y:0027 S:0128 D:0E68 DB:86 nvMXdizc V:256 H: 63 F:16			Push DB
				848EEC E2 30       SEP #$30               A:C42D X:0002 Y:0027 S:0127 D:0E68 DB:86 nvMXdizc V:256 H: 68 F:16			A:1B,X:1B
				848EEE C6 13       DEC $13       [000E7B] A:C42D X:0002 Y:0027 S:0127 D:0E68 DB:86 nvMXdizc V:256 H: 72 F:16			Decrease Countdown
				848EF0 D0 5D       BNE $005D     [848F4F] A:C42D X:0002 Y:0027 S:0127 D:0E68 DB:86 nvMXdizc V:256 H: 82 F:16			Branch because Countdown <> #$00
				848F4F AB          PLB                    A:C42D X:0002 Y:0027 S:0127 D:0E68 DB:86 nvMXdizc V:256 H: 87 F:16			Pull B
				848F50 28          PLP                    A:C42D X:0002 Y:0027 S:0128 D:0E68 DB:86 NvMXdizc V:256 H: 93 F:16			Pull Processor Flags
				848F51 6B          RTL                    A:C42D X:0002 Y:0027 S:0129 D:0E68 DB:86 nvMXdizc V:256 H:100 F:16			Return

			81B725 A5 17       LDA $17       [000E7F] A:C42D X:0002 Y:0027 S:012C D:0E68 DB:86 nvMXdizc V:256 H:110 F:16				Load Sprite	
			81B727 10 42       BPL $0042     [81B76B] A:C480 X:0002 Y:0027 S:012C D:0E68 DB:86 NvMXdizc V:256 H:117 F:16				Branch if Sprite is positive
			81B729 29 7F       AND #$7F               A:C480 X:0002 Y:0027 S:012C D:0E68 DB:86 NvMXdizc V:256 H:120 F:16				AND #$7F
			81B72B 85 17       STA $17       [000E7F] A:C400 X:0002 Y:0027 S:012C D:0E68 DB:86 nvMXdiZc V:256 H:123 F:16				Store Sprite
			81B72D A5 0F       LDA $0F       [000E77] A:C400 X:0002 Y:0027 S:012C D:0E68 DB:86 nvMXdiZc V:256 H:129 F:16				|Branch because CDAction AND #$7F = #$00
			81B72F 29 7F       AND #$7F               A:C400 X:0002 Y:0027 S:012C D:0E68 DB:86 nvMXdiZc V:256 H:146 F:16				|
			81B731 F0 38       BEQ $0038     [81B76B] A:C400 X:0002 Y:0027 S:012C D:0E68 DB:86 nvMXdiZc V:256 H:149 F:16				|
			81B76B A5 0F       LDA $0F       [000E77] A:C400 X:0002 Y:0027 S:012C D:0E68 DB:86 nvMXdiZc V:256 H:153 F:16				|Branch because CDAction is positive
			81B76D 10 16       BPL $0016     [81B785] A:C400 X:0002 Y:0027 S:012C D:0E68 DB:86 nvMXdiZc V:256 H:160 F:16				|
			81B785 60          RTS                    A:C400 X:0002 Y:0027 S:012C D:0E68 DB:86 nvMXdiZc V:256 H:164 F:16				Return

		81B63B A9 09       LDA #$09               A:C400 X:0002 Y:0027 S:012E D:0E68 DB:86 nvMXdiZc V:256 H:174 F:16					Normal routine after Subaction				
		81B63D A6 35       LDX $35       [000E9D] A:C409 X:0002 Y:0027 S:012E D:0E68 DB:86 nvMXdizc V:256 H:177 F:16
		81B63F F0 02       BEQ $0002     [81B643] A:C409 X:0000 Y:0027 S:012E D:0E68 DB:86 nvMXdiZc V:256 H:184 F:16
		81B643 85 28       STA $28       [000E90] A:C409 X:0000 Y:0027 S:012E D:0E68 DB:86 nvMXdiZc V:256 H:188 F:16
		81B645 A5 39       LDA $39       [000EA1] A:C409 X:0000 Y:0027 S:012E D:0E68 DB:86 nvMXdiZc V:256 H:195 F:16
		81B647 F0 02       BEQ $0002     [81B64B] A:C400 X:0000 Y:0027 S:012E D:0E68 DB:86 nvMXdiZc V:256 H:201 F:16
		81B64B A5 17       LDA $17       [000E7F] A:C400 X:0000 Y:0027 S:012E D:0E68 DB:86 nvMXdiZc V:256 H:206 F:16
		81B64D 29 7F       AND #$7F               A:C400 X:0000 Y:0027 S:012E D:0E68 DB:86 nvMXdiZc V:256 H:212 F:16
		81B64F AA          TAX                    A:C400 X:0000 Y:0027 S:012E D:0E68 DB:86 nvMXdiZc V:256 H:215 F:16
		81B650 BD AB C4    LDA $C4AB,X   [86C4AB] A:C400 X:0000 Y:0027 S:012E D:0E68 DB:86 nvMXdiZc V:256 H:218 F:16
		81B653 0A          ASL A                  A:C400 X:0000 Y:0027 S:012E D:0E68 DB:86 nvMXdiZc V:256 H:224 F:16
		81B654 0A          ASL A                  A:C400 X:0000 Y:0027 S:012E D:0E68 DB:86 nvMXdiZc V:256 H:227 F:16
		81B655 C2 20       REP #$20               A:C400 X:0000 Y:0027 S:012E D:0E68 DB:86 nvMXdiZc V:256 H:230 F:16
		81B657 29 FF 00    AND #$00FF             A:C400 X:0000 Y:0027 S:012E D:0E68 DB:86 nvmXdiZc V:256 H:235 F:16
		81B65A 18          CLC                    A:0000 X:0000 Y:0027 S:012E D:0E68 DB:86 nvmXdiZc V:256 H:239 F:16
		81B65B 69 37 C4    ADC #$C437             A:0000 X:0000 Y:0027 S:012E D:0E68 DB:86 nvmXdiZc V:256 H:242 F:16
		81B65E 85 20       STA $20       [000E88] A:C437 X:0000 Y:0027 S:012E D:0E68 DB:86 NvmXdizc V:256 H:247 F:16
		81B660 E2 20       SEP #$20               A:C437 X:0000 Y:0027 S:012E D:0E68 DB:86 NvmXdizc V:256 H:255 F:16
		81B662 22 43 9B 84 JSL $849B43   [849B43] A:C437 X:0000 Y:0027 S:012E D:0E68 DB:86 NvMXdizc V:256 H:260 F:16

			849B43 C2 10       REP #$10               A:C437 X:0000 Y:0027 S:012B D:0E68 DB:86 NvMXdizc V:256 H:273 F:16
			849B45 A5 27       LDA $27       [000E8F] A:C437 X:0000 Y:0027 S:012B D:0E68 DB:86 NvMxdizc V:256 H:278 F:16
			849B47 29 7F       AND #$7F               A:C420 X:0000 Y:0027 S:012B D:0E68 DB:86 nvMxdizc V:256 H:284 F:16
			849B49 85 27       STA $27       [000E8F] A:C420 X:0000 Y:0027 S:012B D:0E68 DB:86 nvMxdizc V:256 H:287 F:16
			849B4B F0 2C       BEQ $002C     [849B79] A:C420 X:0000 Y:0027 S:012B D:0E68 DB:86 nvMxdizc V:256 H:294 F:16
			849B4D A5 30       LDA $30       [000E98] A:C420 X:0000 Y:0027 S:012B D:0E68 DB:86 nvMxdizc V:256 H:297 F:16
			849B4F D0 28       BNE $0028     [849B79] A:C400 X:0000 Y:0027 S:012B D:0E68 DB:86 nvMxdiZc V:256 H:303 F:16
			849B51 A5 0E       LDA $0E       [000E76] A:C400 X:0000 Y:0027 S:012B D:0E68 DB:86 nvMxdiZc V:256 H:306 F:16
			849B53 F0 24       BEQ $0024     [849B79] A:C401 X:0000 Y:0027 S:012B D:0E68 DB:86 nvMxdizc V:256 H:313 F:16
			849B55 A2 28 12    LDX #$1228             A:C401 X:0000 Y:0027 S:012B D:0E68 DB:86 nvMxdizc V:256 H:316 F:16
			849B58 E2 20       SEP #$20               A:C401 X:1228 Y:0027 S:012B D:0E68 DB:86 nvMxdizc V:256 H:320 F:16
			849B5A BD 00 00    LDA $0000,X   [861228] A:C401 X:1228 Y:0027 S:012B D:0E68 DB:86 nvMxdizc V:256 H:324 F:16
			849B5D F0 0E       BEQ $000E     [849B6D] A:C400 X:1228 Y:0027 S:012B D:0E68 DB:86 nvMxdiZc V:256 H:332 F:16
			849B6D C2 21       REP #$21               A:C400 X:1228 Y:0027 S:012B D:0E68 DB:86 nvMxdiZc V:256 H:336 F:16
			849B6F 8A          TXA                    A:C400 X:1228 Y:0027 S:012B D:0E68 DB:86 nvmxdiZc V:257 H:  1 F:16
			849B70 69 40 00    ADC #$0040             A:1228 X:1228 Y:0027 S:012B D:0E68 DB:86 nvmxdizc V:257 H:  4 F:16
			849B73 AA          TAX                    A:1268 X:1228 Y:0027 S:012B D:0E68 DB:86 nvmxdizc V:257 H:  8 F:16
			849B74 C9 28 14    CMP #$1428             A:1268 X:1268 Y:0027 S:012B D:0E68 DB:86 nvmxdizc V:257 H: 11 F:16
			849B77 90 DF       BCC $00DF     [849B58] A:1268 X:1268 Y:0027 S:012B D:0E68 DB:86 Nvmxdizc V:257 H: 16 F:16
			849B58 E2 20       SEP #$20               A:1268 X:1268 Y:0027 S:012B D:0E68 DB:86 Nvmxdizc V:257 H: 20 F:16
			849B5A BD 00 00    LDA $0000,X   [861268] A:1268 X:1268 Y:0027 S:012B D:0E68 DB:86 NvMxdizc V:257 H: 25 F:16
			849B5D F0 0E       BEQ $000E     [849B6D] A:1200 X:1268 Y:0027 S:012B D:0E68 DB:86 nvMxdiZc V:257 H: 33 F:16
			849B6D C2 21       REP #$21               A:1200 X:1268 Y:0027 S:012B D:0E68 DB:86 nvMxdiZc V:257 H: 37 F:16
			849B6F 8A          TXA                    A:1200 X:1268 Y:0027 S:012B D:0E68 DB:86 nvmxdiZc V:257 H: 42 F:16
			849B70 69 40 00    ADC #$0040             A:1268 X:1268 Y:0027 S:012B D:0E68 DB:86 nvmxdizc V:257 H: 45 F:16
			849B73 AA          TAX                    A:12A8 X:1268 Y:0027 S:012B D:0E68 DB:86 nvmxdizc V:257 H: 49 F:16
			849B74 C9 28 14    CMP #$1428             A:12A8 X:12A8 Y:0027 S:012B D:0E68 DB:86 nvmxdizc V:257 H: 52 F:16
			849B77 90 DF       BCC $00DF     [849B58] A:12A8 X:12A8 Y:0027 S:012B D:0E68 DB:86 Nvmxdizc V:257 H: 57 F:16
			849B58 E2 20       SEP #$20               A:12A8 X:12A8 Y:0027 S:012B D:0E68 DB:86 Nvmxdizc V:257 H: 61 F:16
			849B5A BD 00 00    LDA $0000,X   [8612A8] A:12A8 X:12A8 Y:0027 S:012B D:0E68 DB:86 NvMxdizc V:257 H: 66 F:16
			849B5D F0 0E       BEQ $000E     [849B6D] A:1200 X:12A8 Y:0027 S:012B D:0E68 DB:86 nvMxdiZc V:257 H: 74 F:16
			849B6D C2 21       REP #$21               A:1200 X:12A8 Y:0027 S:012B D:0E68 DB:86 nvMxdiZc V:257 H: 78 F:16
			849B6F 8A          TXA                    A:1200 X:12A8 Y:0027 S:012B D:0E68 DB:86 nvmxdiZc V:257 H: 83 F:16
			849B70 69 40 00    ADC #$0040             A:12A8 X:12A8 Y:0027 S:012B D:0E68 DB:86 nvmxdizc V:257 H: 86 F:16
			849B73 AA          TAX                    A:12E8 X:12A8 Y:0027 S:012B D:0E68 DB:86 nvmxdizc V:257 H: 90 F:16
			849B74 C9 28 14    CMP #$1428             A:12E8 X:12E8 Y:0027 S:012B D:0E68 DB:86 nvmxdizc V:257 H: 93 F:16
			849B77 90 DF       BCC $00DF     [849B58] A:12E8 X:12E8 Y:0027 S:012B D:0E68 DB:86 Nvmxdizc V:257 H: 98 F:16
			849B58 E2 20       SEP #$20               A:12E8 X:12E8 Y:0027 S:012B D:0E68 DB:86 Nvmxdizc V:257 H:102 F:16
			849B5A BD 00 00    LDA $0000,X   [8612E8] A:12E8 X:12E8 Y:0027 S:012B D:0E68 DB:86 NvMxdizc V:257 H:107 F:16
			849B5D F0 0E       BEQ $000E     [849B6D] A:1200 X:12E8 Y:0027 S:012B D:0E68 DB:86 nvMxdiZc V:257 H:115 F:16
			849B6D C2 21       REP #$21               A:1200 X:12E8 Y:0027 S:012B D:0E68 DB:86 nvMxdiZc V:257 H:119 F:16
			849B6F 8A          TXA                    A:1200 X:12E8 Y:0027 S:012B D:0E68 DB:86 nvmxdiZc V:257 H:124 F:16
			849B70 69 40 00    ADC #$0040             A:12E8 X:12E8 Y:0027 S:012B D:0E68 DB:86 nvmxdizc V:257 H:127 F:16
			849B73 AA          TAX                    A:1328 X:12E8 Y:0027 S:012B D:0E68 DB:86 nvmxdizc V:257 H:131 F:16
			849B74 C9 28 14    CMP #$1428             A:1328 X:1328 Y:0027 S:012B D:0E68 DB:86 nvmxdizc V:257 H:144 F:16
			849B77 90 DF       BCC $00DF     [849B58] A:1328 X:1328 Y:0027 S:012B D:0E68 DB:86 Nvmxdizc V:257 H:149 F:16
			849B58 E2 20       SEP #$20               A:1328 X:1328 Y:0027 S:012B D:0E68 DB:86 Nvmxdizc V:257 H:153 F:16
			849B5A BD 00 00    LDA $0000,X   [861328] A:1328 X:1328 Y:0027 S:012B D:0E68 DB:86 NvMxdizc V:257 H:158 F:16
			849B5D F0 0E       BEQ $000E     [849B6D] A:1300 X:1328 Y:0027 S:012B D:0E68 DB:86 nvMxdiZc V:257 H:166 F:16
			849B6D C2 21       REP #$21               A:1300 X:1328 Y:0027 S:012B D:0E68 DB:86 nvMxdiZc V:257 H:170 F:16
			849B6F 8A          TXA                    A:1300 X:1328 Y:0027 S:012B D:0E68 DB:86 nvmxdiZc V:257 H:175 F:16
			849B70 69 40 00    ADC #$0040             A:1328 X:1328 Y:0027 S:012B D:0E68 DB:86 nvmxdizc V:257 H:178 F:16
			849B73 AA          TAX                    A:1368 X:1328 Y:0027 S:012B D:0E68 DB:86 nvmxdizc V:257 H:182 F:16
			849B74 C9 28 14    CMP #$1428             A:1368 X:1368 Y:0027 S:012B D:0E68 DB:86 nvmxdizc V:257 H:185 F:16
			849B77 90 DF       BCC $00DF     [849B58] A:1368 X:1368 Y:0027 S:012B D:0E68 DB:86 Nvmxdizc V:257 H:190 F:16
			849B58 E2 20       SEP #$20               A:1368 X:1368 Y:0027 S:012B D:0E68 DB:86 Nvmxdizc V:257 H:194 F:16
			849B5A BD 00 00    LDA $0000,X   [861368] A:1368 X:1368 Y:0027 S:012B D:0E68 DB:86 NvMxdizc V:257 H:199 F:16
			849B5D F0 0E       BEQ $000E     [849B6D] A:1300 X:1368 Y:0027 S:012B D:0E68 DB:86 nvMxdiZc V:257 H:207 F:16
			849B6D C2 21       REP #$21               A:1300 X:1368 Y:0027 S:012B D:0E68 DB:86 nvMxdiZc V:257 H:211 F:16
			849B6F 8A          TXA                    A:1300 X:1368 Y:0027 S:012B D:0E68 DB:86 nvmxdiZc V:257 H:216 F:16
			849B70 69 40 00    ADC #$0040             A:1368 X:1368 Y:0027 S:012B D:0E68 DB:86 nvmxdizc V:257 H:219 F:16
			849B73 AA          TAX                    A:13A8 X:1368 Y:0027 S:012B D:0E68 DB:86 nvmxdizc V:257 H:223 F:16
			849B74 C9 28 14    CMP #$1428             A:13A8 X:13A8 Y:0027 S:012B D:0E68 DB:86 nvmxdizc V:257 H:226 F:16
			849B77 90 DF       BCC $00DF     [849B58] A:13A8 X:13A8 Y:0027 S:012B D:0E68 DB:86 Nvmxdizc V:257 H:231 F:16
			849B58 E2 20       SEP #$20               A:13A8 X:13A8 Y:0027 S:012B D:0E68 DB:86 Nvmxdizc V:257 H:235 F:16
			849B5A BD 00 00    LDA $0000,X   [8613A8] A:13A8 X:13A8 Y:0027 S:012B D:0E68 DB:86 NvMxdizc V:257 H:240 F:16
			849B5D F0 0E       BEQ $000E     [849B6D] A:1300 X:13A8 Y:0027 S:012B D:0E68 DB:86 nvMxdiZc V:257 H:248 F:16
			849B6D C2 21       REP #$21               A:1300 X:13A8 Y:0027 S:012B D:0E68 DB:86 nvMxdiZc V:257 H:252 F:16
			849B6F 8A          TXA                    A:1300 X:13A8 Y:0027 S:012B D:0E68 DB:86 nvmxdiZc V:257 H:257 F:16
			849B70 69 40 00    ADC #$0040             A:13A8 X:13A8 Y:0027 S:012B D:0E68 DB:86 nvmxdizc V:257 H:260 F:16
			849B73 AA          TAX                    A:13E8 X:13A8 Y:0027 S:012B D:0E68 DB:86 nvmxdizc V:257 H:264 F:16
			849B74 C9 28 14    CMP #$1428             A:13E8 X:13E8 Y:0027 S:012B D:0E68 DB:86 nvmxdizc V:257 H:267 F:16
			849B77 90 DF       BCC $00DF     [849B58] A:13E8 X:13E8 Y:0027 S:012B D:0E68 DB:86 Nvmxdizc V:257 H:272 F:16
			849B58 E2 20       SEP #$20               A:13E8 X:13E8 Y:0027 S:012B D:0E68 DB:86 Nvmxdizc V:257 H:276 F:16
			849B5A BD 00 00    LDA $0000,X   [8613E8] A:13E8 X:13E8 Y:0027 S:012B D:0E68 DB:86 NvMxdizc V:257 H:281 F:16
			849B5D F0 0E       BEQ $000E     [849B6D] A:1300 X:13E8 Y:0027 S:012B D:0E68 DB:86 nvMxdiZc V:257 H:289 F:16
			849B6D C2 21       REP #$21               A:1300 X:13E8 Y:0027 S:012B D:0E68 DB:86 nvMxdiZc V:257 H:293 F:16
			849B6F 8A          TXA                    A:1300 X:13E8 Y:0027 S:012B D:0E68 DB:86 nvmxdiZc V:257 H:298 F:16
			849B70 69 40 00    ADC #$0040             A:13E8 X:13E8 Y:0027 S:012B D:0E68 DB:86 nvmxdizc V:257 H:301 F:16
			849B73 AA          TAX                    A:1428 X:13E8 Y:0027 S:012B D:0E68 DB:86 nvmxdizc V:257 H:305 F:16
			849B74 C9 28 14    CMP #$1428             A:1428 X:1428 Y:0027 S:012B D:0E68 DB:86 nvmxdizc V:257 H:308 F:16
			849B77 90 DF       BCC $00DF     [849B58] A:1428 X:1428 Y:0027 S:012B D:0E68 DB:86 nvmxdiZC V:257 H:313 F:16
			849B79 E2 30       SEP #$30               A:1428 X:1428 Y:0027 S:012B D:0E68 DB:86 nvmxdiZC V:257 H:316 F:16
			849B7B A9 00       LDA #$00               A:1428 X:0028 Y:0027 S:012B D:0E68 DB:86 nvMXdiZC V:257 H:320 F:16
			849B7D 6B          RTL                    A:1400 X:0028 Y:0027 S:012B D:0E68 DB:86 nvMXdiZC V:257 H:323 F:16

		81B666 F0 5C       BEQ $005C     [81B6C4] A:1400 X:0028 Y:0027 S:012E D:0E68 DB:86 nvMXdiZC V:257 H:333 F:16
		81B6C4 A5 35       LDA $35       [000E9D] A:1400 X:0028 Y:0027 S:012E D:0E68 DB:86 nvMXdiZC V:257 H:337 F:16
		81B6C6 F0 18       BEQ $0018     [81B6E0] A:1400 X:0028 Y:0027 S:012E D:0E68 DB:86 nvMXdiZC V:258 H:  4 F:16
		81B6E0 22 03 9B 84 JSL $849B03   [849B03] A:1400 X:0028 Y:0027 S:012E D:0E68 DB:86 nvMXdiZC V:258 H:  8 F:16

			849B03 C2 10       REP #$10               A:1400 X:0028 Y:0027 S:012B D:0E68 DB:86 nvMXdiZC V:258 H: 22 F:16
			849B05 A5 27       LDA $27       [000E8F] A:1400 X:0028 Y:0027 S:012B D:0E68 DB:86 nvMxdiZC V:258 H: 26 F:16
			849B07 F0 70       BEQ $0070     [849B79] A:1420 X:0028 Y:0027 S:012B D:0E68 DB:86 nvMxdizC V:258 H: 33 F:16
			849B09 A5 0E       LDA $0E       [000E76] A:1420 X:0028 Y:0027 S:012B D:0E68 DB:86 nvMxdizC V:258 H: 36 F:16
			849B0B F0 31       BEQ $0031     [849B3E] A:1401 X:0028 Y:0027 S:012B D:0E68 DB:86 nvMxdizC V:258 H: 42 F:16
			849B0D AD 0C 1F    LDA $1F0C     [861F0C] A:1401 X:0028 Y:0027 S:012B D:0E68 DB:86 nvMxdizC V:258 H: 45 F:16
			849B10 D0 2C       BNE $002C     [849B3E] A:1400 X:0028 Y:0027 S:012B D:0E68 DB:86 nvMxdiZC V:258 H: 52 F:16
			849B12 AD 32 0C    LDA $0C32     [860C32] A:1400 X:0028 Y:0027 S:012B D:0E68 DB:86 nvMxdiZC V:258 H: 55 F:16
			849B15 D0 11       BNE $0011     [849B28] A:1400 X:0028 Y:0027 S:012B D:0E68 DB:86 nvMxdiZC V:258 H: 61 F:16
			849B17 AD 30 0C    LDA $0C30     [860C30] A:1400 X:0028 Y:0027 S:012B D:0E68 DB:86 nvMxdiZC V:258 H: 64 F:16
			849B1A D0 0C       BNE $000C     [849B28] A:1400 X:0028 Y:0027 S:012B D:0E68 DB:86 nvMxdiZC V:258 H: 71 F:16
			849B1C A2 A8 0B    LDX #$0BA8             A:1400 X:0028 Y:0027 S:012B D:0E68 DB:86 nvMxdiZC V:258 H: 74 F:16
			849B1F 22 0E 9C 84 JSL $849C0E   [849C0E] A:1400 X:0BA8 Y:0027 S:012B D:0E68 DB:86 nvMxdizC V:258 H: 78 F:16

				849C0E 5A          PHY                    A:1400 X:0BA8 Y:0027 S:0128 D:0E68 DB:86 nvMxdizC V:258 H: 92 F:16
				849C0F A4 20       LDY $20       [000E88] A:1400 X:0BA8 Y:0027 S:0126 D:0E68 DB:86 nvMxdizC V:258 H: 99 F:16
				849C11 D0 03       BNE $0003     [849C16] A:1400 X:0BA8 Y:C437 S:0126 D:0E68 DB:86 NvMxdizC V:258 H:107 F:16
				849C16 BC 20 00    LDY $0020,X   [860BC8] A:1400 X:0BA8 Y:C437 S:0126 D:0E68 DB:86 NvMxdizC V:258 H:112 F:16
				849C19 D0 03       BNE $0003     [849C1E] A:1400 X:0BA8 Y:A552 S:0126 D:0E68 DB:86 NvMxdizC V:258 H:122 F:16
				849C1E C2 20       REP #$20               A:1400 X:0BA8 Y:A552 S:0126 D:0E68 DB:86 NvMxdizC V:258 H:126 F:16
				849C20 DA          PHX                    A:1400 X:0BA8 Y:A552 S:0126 D:0E68 DB:86 NvmxdizC V:258 H:131 F:16
				849C21 BD 05 00    LDA $0005,X   [860BAD] A:1400 X:0BA8 Y:A552 S:0124 D:0E68 DB:86 NvmxdizC V:258 H:148 F:16
				849C24 8D 04 00    STA $0004     [860004] A:1E1C X:0BA8 Y:A552 S:0124 D:0E68 DB:86 nvmxdizC V:258 H:158 F:16
				849C27 BD 08 00    LDA $0008,X   [860BB0] A:1E1C X:0BA8 Y:A552 S:0124 D:0E68 DB:86 nvmxdizC V:258 H:166 F:16
				849C2A 8D 06 00    STA $0006     [860006] A:01AF X:0BA8 Y:A552 S:0124 D:0E68 DB:86 nvmxdizC V:258 H:176 F:16
				849C2D A5 05       LDA $05       [000E6D] A:01AF X:0BA8 Y:A552 S:0124 D:0E68 DB:86 nvmxdizC V:258 H:185 F:16
				849C2F 8D 0C 00    STA $000C     [86000C] A:1ED0 X:0BA8 Y:A552 S:0124 D:0E68 DB:86 nvmxdizC V:258 H:193 F:16
				849C32 A5 08       LDA $08       [000E70] A:1ED0 X:0BA8 Y:A552 S:0124 D:0E68 DB:86 nvmxdizC V:258 H:202 F:16
				849C34 8D 0E 00    STA $000E     [86000E] A:01AC X:0BA8 Y:A552 S:0124 D:0E68 DB:86 nvmxdizC V:258 H:210 F:16
				849C37 E2 20       SEP #$20               A:01AC X:0BA8 Y:A552 S:0124 D:0E68 DB:86 nvmxdizC V:258 H:219 F:16
				849C39 BD 11 00    LDA $0011,X   [860BB9] A:01AC X:0BA8 Y:A552 S:0124 D:0E68 DB:86 nvMxdizC V:258 H:223 F:16
				849C3C 8D 08 00    STA $0008     [860008] A:0162 X:0BA8 Y:A552 S:0124 D:0E68 DB:86 nvMxdizC V:258 H:231 F:16
				849C3F A5 11       LDA $11       [000E79] A:0162 X:0BA8 Y:A552 S:0124 D:0E68 DB:86 nvMxdizC V:258 H:238 F:16
				849C41 8D 09 00    STA $0009     [860009] A:0129 X:0BA8 Y:A552 S:0124 D:0E68 DB:86 nvMxdizC V:258 H:244 F:16
				849C44 BC 20 00    LDY $0020,X   [860BC8] A:0129 X:0BA8 Y:A552 S:0124 D:0E68 DB:86 nvMxdizC V:258 H:251 F:16
				849C47 A6 20       LDX $20       [000E88] A:0129 X:0BA8 Y:A552 S:0124 D:0E68 DB:86 NvMxdizC V:258 H:261 F:16
				849C49 0B          PHD                    A:0129 X:C437 Y:A552 S:0124 D:0E68 DB:86 NvMxdizC V:258 H:269 F:16
				849C4A F4 00 00    PEA $0000              A:0129 X:C437 Y:A552 S:0122 D:0E68 DB:86 NvMxdizC V:258 H:276 F:16
				849C4D 2B          PLD                    A:0129 X:C437 Y:A552 S:0120 D:0E68 DB:86 NvMxdizC V:258 H:285 F:16
				849C4E BD 02 00    LDA $0002,X   [86C439] A:0129 X:C437 Y:A552 S:0122 D:0000 DB:86 nvMxdiZC V:258 H:293 F:16
				849C51 18          CLC                    A:010A X:C437 Y:A552 S:0122 D:0000 DB:86 nvMxdizC V:258 H:301 F:16
				849C52 79 02 00    ADC $0002,Y   [86A554] A:010A X:C437 Y:A552 S:0122 D:0000 DB:86 nvMxdizc V:258 H:304 F:16
				849C55 85 00       STA $00       [000000] A:0110 X:C437 Y:A552 S:0122 D:0000 DB:86 nvMxdizc V:258 H:311 F:16
				849C57 64 01       STZ $01       [000001] A:0110 X:C437 Y:A552 S:0122 D:0000 DB:86 nvMxdizc V:258 H:316 F:16
				849C59 BD 03 00    LDA $0003,X   [86C43A] A:0110 X:C437 Y:A552 S:0122 D:0000 DB:86 nvMxdizc V:258 H:321 F:16
				849C5C 18          CLC                    A:010F X:C437 Y:A552 S:0122 D:0000 DB:86 nvMxdizc V:258 H:328 F:16
				849C5D 79 03 00    ADC $0003,Y   [86A555] A:010F X:C437 Y:A552 S:0122 D:0000 DB:86 nvMxdizc V:258 H:331 F:16
				849C60 85 02       STA $02       [000002] A:011D X:C437 Y:A552 S:0122 D:0000 DB:86 nvMxdizc V:258 H:338 F:16
				849C62 64 03       STZ $03       [000003] A:011D X:C437 Y:A552 S:0122 D:0000 DB:86 nvMxdizc V:259 H:  3 F:16
				849C64 C2 21       REP #$21               A:011D X:C437 Y:A552 S:0122 D:0000 DB:86 nvMxdizc V:259 H:  8 F:16
				849C66 B9 00 00    LDA $0000,Y   [86A552] A:011D X:C437 Y:A552 S:0122 D:0000 DB:86 nvmxdizc V:259 H: 13 F:16
				849C69 29 FF 00    AND #$00FF             A:FF00 X:C437 Y:A552 S:0122 D:0000 DB:86 Nvmxdizc V:259 H: 22 F:16
				849C6C 89 80 00    BIT #$0080             A:0000 X:C437 Y:A552 S:0122 D:0000 DB:86 nvmxdiZc V:259 H: 26 F:16
				849C6F F0 03       BEQ $0003     [849C74] A:0000 X:C437 Y:A552 S:0122 D:0000 DB:86 nvmxdiZc V:259 H: 31 F:16
				849C74 24 07       BIT $07       [000007] A:0000 X:C437 Y:A552 S:0122 D:0000 DB:86 nvmxdiZc V:259 H: 35 F:16
				849C76 50 04       BVC $0004     [849C7C] A:0000 X:C437 Y:A552 S:0122 D:0000 DB:86 nVmxdiZc V:259 H: 42 F:16
				849C78 49 FF FF    EOR #$FFFF             A:0000 X:C437 Y:A552 S:0122 D:0000 DB:86 nVmxdiZc V:259 H: 45 F:16
				849C7B 1A          INC                    A:FFFF X:C437 Y:A552 S:0122 D:0000 DB:86 NVmxdizc V:259 H: 50 F:16
				849C7C 85 0A       STA $0A       [00000A] A:0000 X:C437 Y:A552 S:0122 D:0000 DB:86 nVmxdiZc V:259 H: 53 F:16
				849C7E 64 10       STZ $10       [000010] A:0000 X:C437 Y:A552 S:0122 D:0000 DB:86 nVmxdiZc V:259 H: 60 F:16
				849C80 BD 00 00    LDA $0000,X   [86C437] A:0000 X:C437 Y:A552 S:0122 D:0000 DB:86 nVmxdiZc V:259 H: 67 F:16
				849C83 29 FF 00    AND #$00FF             A:0200 X:C437 Y:A552 S:0122 D:0000 DB:86 nVmxdizc V:259 H: 76 F:16
				849C86 89 80 00    BIT #$0080             A:0000 X:C437 Y:A552 S:0122 D:0000 DB:86 nVmxdiZc V:259 H: 80 F:16
				849C89 F0 03       BEQ $0003     [849C8E] A:0000 X:C437 Y:A552 S:0122 D:0000 DB:86 nVmxdiZc V:259 H: 85 F:16
				849C8E 24 08       BIT $08       [000008] A:0000 X:C437 Y:A552 S:0122 D:0000 DB:86 nVmxdiZc V:259 H: 89 F:16
				849C90 50 04       BVC $0004     [849C96] A:0000 X:C437 Y:A552 S:0122 D:0000 DB:86 nvmxdiZc V:259 H: 96 F:16
				849C96 65 0C       ADC $0C       [00000C] A:0000 X:C437 Y:A552 S:0122 D:0000 DB:86 nvmxdiZc V:259 H:101 F:16
				849C98 38          SEC                    A:1ED0 X:C437 Y:A552 S:0122 D:0000 DB:86 nvmxdizc V:259 H:108 F:16
				849C99 E5 04       SBC $04       [000004] A:1ED0 X:C437 Y:A552 S:0122 D:0000 DB:86 nvmxdizC V:259 H:111 F:16
				849C9B 38          SEC                    A:00B4 X:C437 Y:A552 S:0122 D:0000 DB:86 nvmxdizC V:259 H:118 F:16
				849C9C E5 0A       SBC $0A       [00000A] A:00B4 X:C437 Y:A552 S:0122 D:0000 DB:86 nvmxdizC V:259 H:121 F:16
				849C9E 10 06       BPL $0006     [849CA6] A:00B4 X:C437 Y:A552 S:0122 D:0000 DB:86 nvmxdizC V:259 H:128 F:16
				849CA6 85 04       STA $04       [000004] A:00B4 X:C437 Y:A552 S:0122 D:0000 DB:86 nvmxdizC V:259 H:132 F:16
				849CA8 A5 00       LDA $00       [000000] A:00B4 X:C437 Y:A552 S:0122 D:0000 DB:86 nvmxdizC V:259 H:149 F:16
				849CAA 38          SEC                    A:0010 X:C437 Y:A552 S:0122 D:0000 DB:86 nvmxdizC V:259 H:156 F:16
				849CAB E5 04       SBC $04       [000004] A:0010 X:C437 Y:A552 S:0122 D:0000 DB:86 nvmxdizC V:259 H:159 F:16
				849CAD 1A          INC                    A:FF5C X:C437 Y:A552 S:0122 D:0000 DB:86 Nvmxdizc V:259 H:166 F:16
				849CAE 85 04       STA $04       [000004] A:FF5D X:C437 Y:A552 S:0122 D:0000 DB:86 Nvmxdizc V:259 H:169 F:16
				849CB0 24 0F       BIT $0F       [00000F] A:FF5D X:C437 Y:A552 S:0122 D:0000 DB:86 Nvmxdizc V:259 H:176 F:16
				849CB2 30 04       BMI $0004     [849CB8] A:FF5D X:C437 Y:A552 S:0122 D:0000 DB:86 nvmxdizc V:259 H:183 F:16
				849CB4 49 FF FF    EOR #$FFFF             A:FF5D X:C437 Y:A552 S:0122 D:0000 DB:86 nvmxdizc V:259 H:186 F:16
				849CB7 1A          INC                    A:00A2 X:C437 Y:A552 S:0122 D:0000 DB:86 nvmxdizc V:259 H:191 F:16
				849CB8 85 00       STA $00       [000000] A:00A3 X:C437 Y:A552 S:0122 D:0000 DB:86 nvmxdizc V:259 H:194 F:16
				849CBA 90 45       BCC $0045     [849D01] A:00A3 X:C437 Y:A552 S:0122 D:0000 DB:86 nvmxdizc V:259 H:201 F:16
				849D01 E2 20       SEP #$20               A:00A3 X:C437 Y:A552 S:0122 D:0000 DB:86 nvmxdizc V:259 H:205 F:16
				849D03 2B          PLD                    A:00A3 X:C437 Y:A552 S:0122 D:0000 DB:86 nvMxdizc V:259 H:210 F:16
				849D04 FA          PLX                    A:00A3 X:C437 Y:A552 S:0124 D:0E68 DB:86 nvMxdizc V:259 H:218 F:16
				849D05 7A          PLY                    A:00A3 X:0BA8 Y:A552 S:0126 D:0E68 DB:86 nvMxdizc V:259 H:227 F:16
				849D06 6B          RTL                    A:00A3 X:0BA8 Y:0027 S:0128 D:0E68 DB:86 nvMxdizc V:259 H:235 F:16

			849B23 90 19       BCC $0019     [849B3E] A:00A3 X:0BA8 Y:0027 S:012B D:0E68 DB:86 nvMxdizc V:259 H:246 F:16
			849B3E E2 10       SEP #$10               A:00A3 X:0BA8 Y:0027 S:012B D:0E68 DB:86 nvMxdizc V:259 H:250 F:16
			849B40 A9 00       LDA #$00               A:00A3 X:00A8 Y:0027 S:012B D:0E68 DB:86 nvMXdizc V:259 H:255 F:16
			849B42 6B          RTL                    A:0000 X:00A8 Y:0027 S:012B D:0E68 DB:86 nvMXdiZc V:259 H:258 F:16

		81B6E4 AD CF 0B    LDA $0BCF     [860BCF] A:0000 X:00A8 Y:0027 S:012E D:0E68 DB:86 nvMXdiZc V:259 H:268 F:16
		81B6E7 29 7F       AND #$7F               A:0020 X:00A8 Y:0027 S:012E D:0E68 DB:86 nvMXdizc V:259 H:275 F:16
		81B6E9 D0 04       BNE $0004     [81B6EF] A:0020 X:00A8 Y:0027 S:012E D:0E68 DB:86 nvMXdizc V:259 H:278 F:16
		81B6EF 5C B4 80 82 JML $8280B4   [8280B4] A:0020 X:00A8 Y:0027 S:012E D:0E68 DB:86 nvMXdizc V:259 H:282 F:16

		8280B4 C2 20       REP #$20               A:0020 X:00A8 Y:0027 S:012E D:0E68 DB:86 nvMXdizc V:259 H:288 F:16
		8280B6 38          SEC                    A:0020 X:00A8 Y:0027 S:012E D:0E68 DB:86 nvmXdizc V:259 H:293 F:16
		8280B7 A5 05       LDA $05       [000E6D] A:0020 X:00A8 Y:0027 S:012E D:0E68 DB:86 nvmXdizC V:259 H:296 F:16
		8280B9 ED 4D 1E    SBC $1E4D     [861E4D] A:1ED0 X:00A8 Y:0027 S:012E D:0E68 DB:86 nvmXdizC V:259 H:304 F:16
		8280BC 18          CLC                    A:00D0 X:00A8 Y:0027 S:012E D:0E68 DB:86 nvmXdizC V:259 H:313 F:16
		8280BD 69 20 00    ADC #$0020             A:00D0 X:00A8 Y:0027 S:012E D:0E68 DB:86 nvmXdizc V:259 H:316 F:16
		8280C0 C9 40 01    CMP #$0140             A:00F0 X:00A8 Y:0027 S:012E D:0E68 DB:86 nvmXdizc V:259 H:320 F:16
		8280C3 B0 0F       BCS $000F     [8280D4] A:00F0 X:00A8 Y:0027 S:012E D:0E68 DB:86 NvmXdizc V:259 H:324 F:16
		8280C5 38          SEC                    A:00F0 X:00A8 Y:0027 S:012E D:0E68 DB:86 NvmXdizc V:259 H:327 F:16
		8280C6 A5 08       LDA $08       [000E70] A:00F0 X:00A8 Y:0027 S:012E D:0E68 DB:86 NvmXdizC V:259 H:330 F:16
		8280C8 ED 50 1E    SBC $1E50     [861E50] A:01AC X:00A8 Y:0027 S:012E D:0E68 DB:86 nvmXdizC V:259 H:338 F:16
		8280CB 18          CLC                    A:00AC X:00A8 Y:0027 S:012E D:0E68 DB:86 nvmXdizC V:260 H:  7 F:16
		8280CC 69 10 00    ADC #$0010             A:00AC X:00A8 Y:0027 S:012E D:0E68 DB:86 nvmXdizc V:260 H: 10 F:16
		8280CF C9 00 01    CMP #$0100             A:00BC X:00A8 Y:0027 S:012E D:0E68 DB:86 nvmXdizc V:260 H: 14 F:16
		8280D2 90 05       BCC $0005     [8280D9] A:00BC X:00A8 Y:0027 S:012E D:0E68 DB:86 NvmXdizc V:260 H: 19 F:16
		8280D9 E2 20       SEP #$20               A:00BC X:00A8 Y:0027 S:012E D:0E68 DB:86 NvmXdizc V:260 H: 23 F:16
		8280DB A9 81       LDA #$81               A:00BC X:00A8 Y:0027 S:012E D:0E68 DB:86 NvMXdizc V:260 H: 28 F:16
		8280DD 85 0E       STA $0E       [000E76] A:0081 X:00A8 Y:0027 S:012E D:0E68 DB:86 NvMXdizc V:260 H: 31 F:16
		8280DF E2 30       SEP #$30               A:0081 X:00A8 Y:0027 S:012E D:0E68 DB:86 NvMXdizc V:260 H: 37 F:16
		8280E1 A6 12       LDX $12       [000E7A] A:0081 X:00A8 Y:0027 S:012E D:0E68 DB:86 NvMXdizc V:260 H: 42 F:16
		8280E3 10 02       BPL $0002     [8280E7] A:0081 X:0004 Y:0027 S:012E D:0E68 DB:86 nvMXdizc V:260 H: 48 F:16
		8280E7 7C EA 80    JMP ($80EA,X) [8280EE] A:0081 X:0004 Y:0027 S:012E D:0E68 DB:86 nvMXdizc V:260 H: 53 F:16

		828135 AD EA 00    LDA $00EA     [8600EA] A:0081 X:0004 Y:0027 S:012E D:0E68 DB:86 nvMXdizc V:260 H: 62 F:16
		828138 C9 20       CMP #$20               A:0001 X:0004 Y:0027 S:012E D:0E68 DB:86 nvMXdizc V:260 H: 68 F:16
		82813A B0 0D       BCS $000D     [828149] A:0001 X:0004 Y:0027 S:012E D:0E68 DB:86 NvMXdizc V:260 H: 71 F:16
		82813C 0A          ASL A                  A:0001 X:0004 Y:0027 S:012E D:0E68 DB:86 NvMXdizc V:260 H: 74 F:16
		82813D AA          TAX                    A:0002 X:0004 Y:0027 S:012E D:0E68 DB:86 nvMXdizc V:260 H: 77 F:16
		82813E C2 20       REP #$20               A:0002 X:0002 Y:0027 S:012E D:0E68 DB:86 nvMXdizc V:260 H: 80 F:16
		828140 7B          TDC                    A:0002 X:0002 Y:0027 S:012E D:0E68 DB:86 nvmXdizc V:260 H: 85 F:16
		828141 9D E0 09    STA $09E0,X   [8609E2] A:0E68 X:0002 Y:0027 S:012E D:0E68 DB:86 nvmXdizc V:260 H: 88 F:16
		828144 E2 20       SEP #$20               A:0E68 X:0002 Y:0027 S:012E D:0E68 DB:86 nvmXdizc V:260 H: 98 F:16
		828146 EE EA 00    INC $00EA     [8600EA] A:0E68 X:0002 Y:0027 S:012E D:0E68 DB:86 nvMXdizc V:260 H:102 F:16
		828149 6B          RTL                    A:0E68 X:0002 Y:0027 S:012E D:0E68 DB:86 nvMXdizc V:260 H:112 F:16
	80F9BF 60          RTS                    A:0E68 X:0002 Y:0027 S:0131 D:0E68 DB:86 nvMXdizc V:260 H:123 F:16