80D4F6 20 30 D5    JSR $D530     [80D530] A:0E01 X:0000 Y:0027 S:0133 D:0E68 DB:86 nvMXdizC V:  6 H:145 F:45

	80D530 C2 20       REP #$20               A:0E01 X:0000 Y:0027 S:0131 D:0E68 DB:86 nvMXdizC V:  6 H:155 F:45
	80D532 A5 05       LDA $05       [000E6D] A:0E01 X:0000 Y:0027 S:0131 D:0E68 DB:86 nvmXdizC V:  6 H:159 F:45
	80D534 85 22       STA $22       [000E8A] A:1E8A X:0000 Y:0027 S:0131 D:0E68 DB:86 nvmXdizC V:  6 H:168 F:45
	80D536 A5 08       LDA $08       [000E70] A:1E8A X:0000 Y:0027 S:0131 D:0E68 DB:86 nvmXdizC V:  6 H:176 F:45
	80D538 85 24       STA $24       [000E8C] A:01AC X:0000 Y:0027 S:0131 D:0E68 DB:86 nvmXdizC V:  6 H:185 F:45
	80D53A E2 20       SEP #$20               A:01AC X:0000 Y:0027 S:0131 D:0E68 DB:86 nvmXdizC V:  6 H:193 F:45
	80D53C A9 80       LDA #$80               A:01AC X:0000 Y:0027 S:0131 D:0E68 DB:86 nvMXdizC V:  6 H:198 F:45
	80D53E 14 0E       TRB $0E       [000E76] A:0180 X:0000 Y:0027 S:0131 D:0E68 DB:86 NvMXdizC V:  6 H:201 F:45
	80D540 A5 0A       LDA $0A       [000E72] A:0180 X:0000 Y:0027 S:0131 D:0E68 DB:86 NvMXdizC V:  6 H:211 F:45
	80D542 0A          ASL A                  A:0102 X:0000 Y:0027 S:0131 D:0E68 DB:86 nvMXdizC V:  6 H:217 F:45
	80D543 AA          TAX                    A:0104 X:0000 Y:0027 S:0131 D:0E68 DB:86 nvMXdizc V:  6 H:220 F:45
	80D544 7C DD F8    JMP ($F8DD,X) [80F8E1] A:0104 X:0004 Y:0027 S:0131 D:0E68 DB:86 nvMXdizc V:  6 H:223 F:45

	80F9BB 22 16 B5 81 JSL $81B516   [81B516] A:0104 X:0004 Y:0027 S:0131 D:0E68 DB:86 nvMXdizc V:  6 H:232 F:45

		81B516 A6 01       LDX $01       [000E69] A:0104 X:0004 Y:0027 S:012E D:0E68 DB:86 nvMXdizc V:  6 H:246 F:45
		81B518 7C 1B B5    JMP ($B51B,X) [81B51F] A:0104 X:0004 Y:0027 S:012E D:0E68 DB:86 nvMXdizc V:  6 H:252 F:45

		81B629 A5 33       LDA $33       [000E9B] A:0104 X:0004 Y:0027 S:012E D:0E68 DB:86 nvMXdizc V:  6 H:261 F:45
		81B62B 04 11       TSB $11       [000E79] A:0108 X:0004 Y:0027 S:012E D:0E68 DB:86 nvMXdizc V:  6 H:268 F:45
		81B62D C2 20       REP #$20               A:0108 X:0004 Y:0027 S:012E D:0E68 DB:86 nvMXdizc V:  6 H:278 F:45
		81B62F A9 2D C4    LDA #$C42D             A:0108 X:0004 Y:0027 S:012E D:0E68 DB:86 nvmXdizc V:  6 H:282 F:45
		81B632 85 20       STA $20       [000E88] A:C42D X:0004 Y:0027 S:012E D:0E68 DB:86 NvmXdizc V:  6 H:287 F:45
		81B634 E2 20       SEP #$20               A:C42D X:0004 Y:0027 S:012E D:0E68 DB:86 NvmXdizc V:  6 H:295 F:45
		81B636 A6 02       LDX $02       [000E6A] A:C42D X:0004 Y:0027 S:012E D:0E68 DB:86 NvMXdizc V:  6 H:300 F:45
		81B638 FC F3 B6    JSR ($B6F3,X) [81B6F3] A:C42D X:0000 Y:0027 S:012E D:0E68 DB:86 nvMXdiZc V:  6 H:306 F:45

			81B6FF A6 03       LDX $03       [000E6B] A:C42D X:0000 Y:0027 S:012C D:0E68 DB:86 nvMXdiZc V:  6 H:319 F:45
			81B701 7C 04 B7    JMP ($B704,X) [81B706] A:C42D X:0002 Y:0027 S:012C D:0E68 DB:86 nvMXdizc V:  6 H:325 F:45			JMP ($81B704,Subaction) = ($81B706) = $81B721

			81B721 22 EA 8E 84 JSL $848EEA   [848EEA] A:C42D X:0002 Y:0027 S:012C D:0E68 DB:86 nvMXdizc V:  6 H:334 F:45			JSL $848EEA --> Decrease CDSkel, Continue Skeleton

				848EEA 08          PHP                    A:C42D X:0002 Y:0027 S:0129 D:0E68 DB:86 nvMXdizc V:  7 H:  7 F:45
				848EEB 8B          PHB                    A:C42D X:0002 Y:0027 S:0128 D:0E68 DB:86 nvMXdizc V:  7 H: 12 F:45
				848EEC E2 30       SEP #$30               A:C42D X:0002 Y:0027 S:0127 D:0E68 DB:86 nvMXdizc V:  7 H: 17 F:45
				848EEE C6 13       DEC $13       [000E7B] A:C42D X:0002 Y:0027 S:0127 D:0E68 DB:86 nvMXdizc V:  7 H: 22 F:45		Decrease Countdown
				848EF0 D0 5D       BNE $005D     [848F4F] A:C42D X:0002 Y:0027 S:0127 D:0E68 DB:86 nvMXdiZc V:  7 H: 32 F:45		Branch if Countdown <> #$00
				848EF2 A9 AF       LDA #$AF               A:C42D X:0002 Y:0027 S:0127 D:0E68 DB:86 nvMXdiZc V:  7 H: 35 F:45
				848EF4 48          PHA                    A:C4AF X:0002 Y:0027 S:0127 D:0E68 DB:86 NvMXdizc V:  7 H: 38 F:45
				848EF5 AB          PLB                    A:C4AF X:0002 Y:0027 S:0126 D:0E68 DB:86 NvMXdizc V:  7 H: 43 F:45
				848EF6 C2 21       REP #$21               A:C4AF X:0002 Y:0027 S:0127 D:0E68 DB:AF NvMXdizc V:  7 H: 49 F:45
				848EF8 A5 14       LDA $14       [000E7C] A:C4AF X:0002 Y:0027 S:0127 D:0E68 DB:AF NvmXdizc V:  7 H: 54 F:45
				848EFA 69 03 00    ADC #$0003             A:D034 X:0002 Y:0027 S:0127 D:0E68 DB:AF NvmXdizc V:  7 H: 62 F:45
				848EFD A4 0F       LDY $0F       [000E77] A:D037 X:0002 Y:0027 S:0127 D:0E68 DB:AF NvmXdizc V:  7 H: 67 F:45
				848EFF 10 37       BPL $0037     [848F38] A:D037 X:0002 Y:0001 S:0127 D:0E68 DB:AF nvmXdizc V:  7 H: 73 F:45
				848F38 85 14       STA $14       [000E7C] A:D037 X:0002 Y:0001 S:0127 D:0E68 DB:AF nvmXdizc V:  7 H: 78 F:45
				848F3A E2 30       SEP #$30               A:D037 X:0002 Y:0001 S:0127 D:0E68 DB:AF nvmXdizc V:  7 H: 86 F:45
				848F3C B2 14       LDA ($14)     [AFD037] A:D037 X:0002 Y:0001 S:0127 D:0E68 DB:AF nvMXdizc V:  7 H: 91 F:45
				848F3E 85 13       STA $13       [000E7B] A:D006 X:0002 Y:0001 S:0127 D:0E68 DB:AF nvMXdizc V:  7 H:101 F:45
				848F40 A0 01       LDY #$01               A:D006 X:0002 Y:0001 S:0127 D:0E68 DB:AF nvMXdizc V:  7 H:107 F:45
				848F42 B1 14       LDA ($14),Y   [AFD038] A:D006 X:0002 Y:0001 S:0127 D:0E68 DB:AF nvMXdizc V:  7 H:110 F:45
				848F44 85 0F       STA $0F       [000E77] A:D080 X:0002 Y:0001 S:0127 D:0E68 DB:AF NvMXdizc V:  7 H:120 F:45		SkelAction = #$80
				848F46 C8          INY                    A:D080 X:0002 Y:0001 S:0127 D:0E68 DB:AF NvMXdizc V:  7 H:127 F:45
				848F47 B1 14       LDA ($14),Y   [AFD039] A:D080 X:0002 Y:0002 S:0127 D:0E68 DB:AF nvMXdizc V:  7 H:130 F:45
				848F49 85 17       STA $17       [000E7F] A:D006 X:0002 Y:0002 S:0127 D:0E68 DB:AF nvMXdizc V:  7 H:150 F:45
				848F4B A9 80       LDA #$80               A:D006 X:0002 Y:0002 S:0127 D:0E68 DB:AF nvMXdizc V:  7 H:156 F:45
				848F4D 04 17       TSB $17       [000E7F] A:D080 X:0002 Y:0002 S:0127 D:0E68 DB:AF NvMXdizc V:  7 H:159 F:45
				848F4F AB          PLB                    A:D080 X:0002 Y:0002 S:0127 D:0E68 DB:AF NvMXdiZc V:  7 H:169 F:45
				848F50 28          PLP                    A:D080 X:0002 Y:0002 S:0128 D:0E68 DB:86 NvMXdizc V:  7 H:176 F:45
				848F51 6B          RTL                    A:D080 X:0002 Y:0002 S:0129 D:0E68 DB:86 nvMXdizc V:  7 H:182 F:45

			81B725 A5 17       LDA $17       [000E7F] A:D080 X:0002 Y:0002 S:012C D:0E68 DB:86 nvMXdizc V:  7 H:193 F:45
			81B727 10 42       BPL $0042     [81B76B] A:D086 X:0002 Y:0002 S:012C D:0E68 DB:86 NvMXdizc V:  7 H:199 F:45
			81B729 29 7F       AND #$7F               A:D086 X:0002 Y:0002 S:012C D:0E68 DB:86 NvMXdizc V:  7 H:202 F:45
			81B72B 85 17       STA $17       [000E7F] A:D006 X:0002 Y:0002 S:012C D:0E68 DB:86 nvMXdizc V:  7 H:205 F:45
			81B72D A5 0F       LDA $0F       [000E77] A:D006 X:0002 Y:0002 S:012C D:0E68 DB:86 nvMXdizc V:  7 H:212 F:45			|Branch if #$SkelAction = #$00 
			81B72F 29 7F       AND #$7F               A:D080 X:0002 Y:0002 S:012C D:0E68 DB:86 NvMXdizc V:  7 H:218 F:45			|
			81B731 F0 38       BEQ $0038     [81B76B] A:D000 X:0002 Y:0002 S:012C D:0E68 DB:86 nvMXdiZc V:  7 H:221 F:45			|
			81B76B A5 0F       LDA $0F       [000E77] A:D000 X:0002 Y:0002 S:012C D:0E68 DB:86 nvMXdiZc V:  7 H:226 F:45			|Branch if SkelAction is positive
			81B76D 10 16       BPL $0016     [81B785] A:D080 X:0002 Y:0002 S:012C D:0E68 DB:86 NvMXdizc V:  7 H:232 F:45			|
			81B76F 22 A5 AC 84 JSL $84ACA5   [84ACA5] A:D080 X:0002 Y:0002 S:012C D:0E68 DB:86 NvMXdizc V:  7 H:235 F:45			JSL $84ACA5 --> Update Status, Facing Bit

				84ACA5 08          PHP                    A:D080 X:0002 Y:0002 S:0129 D:0E68 DB:86 NvMXdizc V:  7 H:249 F:45		
				84ACA6 E2 20       SEP #$20               A:D080 X:0002 Y:0002 S:0128 D:0E68 DB:86 NvMXdizc V:  7 H:254 F:45		
				84ACA8 A9 40       LDA #$40               A:D080 X:0002 Y:0002 S:0128 D:0E68 DB:86 NvMXdizc V:  7 H:258 F:45		
				84ACAA 14 11       TRB $11       [000E79] A:D040 X:0002 Y:0002 S:0128 D:0E68 DB:86 nvMXdizc V:  7 H:261 F:45
				84ACAC C2 20       REP #$20               A:D040 X:0002 Y:0002 S:0128 D:0E68 DB:86 nvMXdiZc V:  7 H:271 F:45
				84ACAE AD AD 0B    LDA $0BAD     [860BAD] A:D040 X:0002 Y:0002 S:0128 D:0E68 DB:86 nvmXdiZc V:  7 H:276 F:45
				84ACB1 38          SEC                    A:1E17 X:0002 Y:0002 S:0128 D:0E68 DB:86 nvmXdizc V:  7 H:284 F:45
				84ACB2 E5 05       SBC $05       [000E6D] A:1E17 X:0002 Y:0002 S:0128 D:0E68 DB:86 nvmXdizC V:  7 H:287 F:45
				84ACB4 E2 20       SEP #$20               A:FF8D X:0002 Y:0002 S:0128 D:0E68 DB:86 NvmXdizc V:  7 H:296 F:45
				84ACB6 A9 00       LDA #$00               A:FF8D X:0002 Y:0002 S:0128 D:0E68 DB:86 NvMXdizc V:  7 H:300 F:45
				84ACB8 6A          ROR A                  A:FF00 X:0002 Y:0002 S:0128 D:0E68 DB:86 nvMXdiZc V:  7 H:303 F:45
				84ACB9 4A          LSR A                  A:FF00 X:0002 Y:0002 S:0128 D:0E68 DB:86 nvMXdiZc V:  7 H:306 F:45
				84ACBA 04 11       TSB $11       [000E79] A:FF00 X:0002 Y:0002 S:0128 D:0E68 DB:86 nvMXdiZc V:  7 H:309 F:45
				84ACBC 28          PLP                    A:FF00 X:0002 Y:0002 S:0128 D:0E68 DB:86 nvMXdiZc V:  7 H:319 F:45
				84ACBD 6B          RTL                    A:FF00 X:0002 Y:0002 S:0129 D:0E68 DB:86 NvMXdizc V:  7 H:325 F:45

			81B773 A5 36       LDA $36       [000E9E] A:FF00 X:0002 Y:0002 S:012C D:0E68 DB:86 NvMXdizc V:  7 H:335 F:45			|Branch because Number of Ice Blocks left <> #$00
			81B775 D0 0E       BNE $000E     [81B785] A:FF01 X:0002 Y:0002 S:012C D:0E68 DB:86 nvMXdizc V:  8 H:  2 F:45			|
			81B785 60          RTS                    A:FF01 X:0002 Y:0002 S:012C D:0E68 DB:86 nvMXdizc V:  8 H:  6 F:45

		81B63B A9 09       LDA #$09               A:FF01 X:0002 Y:0002 S:012E D:0E68 DB:86 nvMXdizc V:  8 H: 16 F:45				Normal routine after Subaction
