80D4F6 20 30 D5    JSR $D530     [80D530] A:0E01 X:0000 Y:0027 S:0133 D:0E68 DB:86 nvMXdizC V:  6 H:145 F:45

	80D530 C2 20       REP #$20               A:0E01 X:0000 Y:0027 S:0131 D:0E68 DB:86 nvMXdizC V:  6 H:155 F:45
	80D532 A5 05       LDA $05       [000E6D] A:0E01 X:0000 Y:0027 S:0131 D:0E68 DB:86 nvmXdizC V:  6 H:159 F:45
	80D534 85 22       STA $22       [000E8A] A:1E8A X:0000 Y:0027 S:0131 D:0E68 DB:86 nvmXdizC V:  6 H:168 F:45
	80D536 A5 08       LDA $08       [000E70] A:1E8A X:0000 Y:0027 S:0131 D:0E68 DB:86 nvmXdizC V:  6 H:176 F:45
	80D538 85 24       STA $24       [000E8C] A:01AC X:0000 Y:0027 S:0131 D:0E68 DB:86 nvmXdizC V:  6 H:185 F:45
	80D53A E2 20       SEP #$20               A:01AC X:0000 Y:0027 S:0131 D:0E68 DB:86 nvmXdizC V:  6 H:193 F:45
	80D53C A9 80       LDA #$80               A:01AC X:0000 Y:0027 S:0131 D:0E68 DB:86 nvMXdizC V:  6 H:198 F:45
	80D53E 14 0E       TRB $0E       [000E76] A:0180 X:0000 Y:0027 S:0131 D:0E68 DB:86 NvMXdizC V:  6 H:201 F:45
	80D540 A5 0A       LDA $0A       [000E72] A:0180 X:0000 Y:0027 S:0131 D:0E68 DB:86 NvMXdizC V:  6 H:211 F:45
	80D542 0A          ASL A                  A:0102 X:0000 Y:0027 S:0131 D:0E68 DB:86 nvMXdizC V:  6 H:217 F:45
	80D543 AA          TAX                    A:0104 X:0000 Y:0027 S:0131 D:0E68 DB:86 nvMXdizc V:  6 H:220 F:45
	80D544 7C DD F8    JMP ($F8DD,X) [80F8E1] A:0104 X:0004 Y:0027 S:0131 D:0E68 DB:86 nvMXdizc V:  6 H:223 F:45

	80F9BB 22 16 B5 81 JSL $81B516   [81B516] A:0104 X:0004 Y:0027 S:0131 D:0E68 DB:86 nvMXdizc V:  6 H:232 F:45

		81B516 A6 01       LDX $01       [000E69] A:0104 X:0004 Y:0027 S:012E D:0E68 DB:86 nvMXdizc V:  6 H:246 F:45
		81B518 7C 1B B5    JMP ($B51B,X) [81B51F] A:0104 X:0004 Y:0027 S:012E D:0E68 DB:86 nvMXdizc V:  6 H:252 F:45

		81B629 A5 33       LDA $33       [000E9B] A:0104 X:0004 Y:0027 S:012E D:0E68 DB:86 nvMXdizc V:  6 H:261 F:45
		81B62B 04 11       TSB $11       [000E79] A:0108 X:0004 Y:0027 S:012E D:0E68 DB:86 nvMXdizc V:  6 H:268 F:45
		81B62D C2 20       REP #$20               A:0108 X:0004 Y:0027 S:012E D:0E68 DB:86 nvMXdizc V:  6 H:278 F:45
		81B62F A9 2D C4    LDA #$C42D             A:0108 X:0004 Y:0027 S:012E D:0E68 DB:86 nvmXdizc V:  6 H:282 F:45
		81B632 85 20       STA $20       [000E88] A:C42D X:0004 Y:0027 S:012E D:0E68 DB:86 NvmXdizc V:  6 H:287 F:45
		81B634 E2 20       SEP #$20               A:C42D X:0004 Y:0027 S:012E D:0E68 DB:86 NvmXdizc V:  6 H:295 F:45
		81B636 A6 02       LDX $02       [000E6A] A:C42D X:0004 Y:0027 S:012E D:0E68 DB:86 NvMXdizc V:  6 H:300 F:45
		81B638 FC F3 B6    JSR ($B6F3,X) [81B6F3] A:C42D X:0000 Y:0027 S:012E D:0E68 DB:86 nvMXdiZc V:  6 H:306 F:45

			81B6FF A6 03       LDX $03       [000E6B] A:C42D X:0000 Y:0027 S:012C D:0E68 DB:86 nvMXdiZc V:  6 H:319 F:45
			81B701 7C 04 B7    JMP ($B704,X) [81B706] A:C42D X:0002 Y:0027 S:012C D:0E68 DB:86 nvMXdizc V:  6 H:325 F:45			JMP ($81B704,Subaction) = ($81B706) = $81B721

			81B721 22 EA 8E 84 JSL $848EEA   [848EEA] A:C42D X:0002 Y:0027 S:012C D:0E68 DB:86 nvMXdizc V:  6 H:334 F:45			JSL $848EEA --> Countdown skeleton routine

				848EEA 08          PHP                    A:C42D X:0002 Y:0027 S:0129 D:0E68 DB:86 nvMXdizc V:  7 H:  7 F:45
				848EEB 8B          PHB                    A:C42D X:0002 Y:0027 S:0128 D:0E68 DB:86 nvMXdizc V:  7 H: 12 F:45
				848EEC E2 30       SEP #$30               A:C42D X:0002 Y:0027 S:0127 D:0E68 DB:86 nvMXdizc V:  7 H: 17 F:45
				848EEE C6 13       DEC $13       [000E7B] A:C42D X:0002 Y:0027 S:0127 D:0E68 DB:86 nvMXdizc V:  7 H: 22 F:45		Decrease Countdown
				848EF0 D0 5D       BNE $005D     [848F4F] A:C42D X:0002 Y:0027 S:0127 D:0E68 DB:86 nvMXdiZc V:  7 H: 32 F:45		Branch if Countdown <> #$00
				848EF2 A9 AF       LDA #$AF               A:C42D X:0002 Y:0027 S:0127 D:0E68 DB:86 nvMXdiZc V:  7 H: 35 F:45
				848EF4 48          PHA                    A:C4AF X:0002 Y:0027 S:0127 D:0E68 DB:86 NvMXdizc V:  7 H: 38 F:45
				848EF5 AB          PLB                    A:C4AF X:0002 Y:0027 S:0126 D:0E68 DB:86 NvMXdizc V:  7 H: 43 F:45
				848EF6 C2 21       REP #$21               A:C4AF X:0002 Y:0027 S:0127 D:0E68 DB:AF NvMXdizc V:  7 H: 49 F:45
				848EF8 A5 14       LDA $14       [000E7C] A:C4AF X:0002 Y:0027 S:0127 D:0E68 DB:AF NvmXdizc V:  7 H: 54 F:45
				848EFA 69 03 00    ADC #$0003             A:D034 X:0002 Y:0027 S:0127 D:0E68 DB:AF NvmXdizc V:  7 H: 62 F:45
				848EFD A4 0F       LDY $0F       [000E77] A:D037 X:0002 Y:0027 S:0127 D:0E68 DB:AF NvmXdizc V:  7 H: 67 F:45
				848EFF 10 37       BPL $0037     [848F38] A:D037 X:0002 Y:0001 S:0127 D:0E68 DB:AF nvmXdizc V:  7 H: 73 F:45
				848F38 85 14       STA $14       [000E7C] A:D037 X:0002 Y:0001 S:0127 D:0E68 DB:AF nvmXdizc V:  7 H: 78 F:45
				848F3A E2 30       SEP #$30               A:D037 X:0002 Y:0001 S:0127 D:0E68 DB:AF nvmXdizc V:  7 H: 86 F:45
				848F3C B2 14       LDA ($14)     [AFD037] A:D037 X:0002 Y:0001 S:0127 D:0E68 DB:AF nvMXdizc V:  7 H: 91 F:45
				848F3E 85 13       STA $13       [000E7B] A:D006 X:0002 Y:0001 S:0127 D:0E68 DB:AF nvMXdizc V:  7 H:101 F:45
				848F40 A0 01       LDY #$01               A:D006 X:0002 Y:0001 S:0127 D:0E68 DB:AF nvMXdizc V:  7 H:107 F:45
				848F42 B1 14       LDA ($14),Y   [AFD038] A:D006 X:0002 Y:0001 S:0127 D:0E68 DB:AF nvMXdizc V:  7 H:110 F:45
				848F44 85 0F       STA $0F       [000E77] A:D080 X:0002 Y:0001 S:0127 D:0E68 DB:AF NvMXdizc V:  7 H:120 F:45		CDAction = #$80
				848F46 C8          INY                    A:D080 X:0002 Y:0001 S:0127 D:0E68 DB:AF NvMXdizc V:  7 H:127 F:45
				848F47 B1 14       LDA ($14),Y   [AFD039] A:D080 X:0002 Y:0002 S:0127 D:0E68 DB:AF nvMXdizc V:  7 H:130 F:45
				848F49 85 17       STA $17       [000E7F] A:D006 X:0002 Y:0002 S:0127 D:0E68 DB:AF nvMXdizc V:  7 H:150 F:45
				848F4B A9 80       LDA #$80               A:D006 X:0002 Y:0002 S:0127 D:0E68 DB:AF nvMXdizc V:  7 H:156 F:45
				848F4D 04 17       TSB $17       [000E7F] A:D080 X:0002 Y:0002 S:0127 D:0E68 DB:AF NvMXdizc V:  7 H:159 F:45
				848F4F AB          PLB                    A:D080 X:0002 Y:0002 S:0127 D:0E68 DB:AF NvMXdiZc V:  7 H:169 F:45
				848F50 28          PLP                    A:D080 X:0002 Y:0002 S:0128 D:0E68 DB:86 NvMXdizc V:  7 H:176 F:45
				848F51 6B          RTL                    A:D080 X:0002 Y:0002 S:0129 D:0E68 DB:86 nvMXdizc V:  7 H:182 F:45

			81B725 A5 17       LDA $17       [000E7F] A:D080 X:0002 Y:0002 S:012C D:0E68 DB:86 nvMXdizc V:  7 H:193 F:45
			81B727 10 42       BPL $0042     [81B76B] A:D086 X:0002 Y:0002 S:012C D:0E68 DB:86 NvMXdizc V:  7 H:199 F:45
			81B729 29 7F       AND #$7F               A:D086 X:0002 Y:0002 S:012C D:0E68 DB:86 NvMXdizc V:  7 H:202 F:45
			81B72B 85 17       STA $17       [000E7F] A:D006 X:0002 Y:0002 S:012C D:0E68 DB:86 nvMXdizc V:  7 H:205 F:45
			81B72D A5 0F       LDA $0F       [000E77] A:D006 X:0002 Y:0002 S:012C D:0E68 DB:86 nvMXdizc V:  7 H:212 F:45			|Branch if #$CDAction = #$00 
			81B72F 29 7F       AND #$7F               A:D080 X:0002 Y:0002 S:012C D:0E68 DB:86 NvMXdizc V:  7 H:218 F:45			|
			81B731 F0 38       BEQ $0038     [81B76B] A:D000 X:0002 Y:0002 S:012C D:0E68 DB:86 nvMXdiZc V:  7 H:221 F:45			|
			81B76B A5 0F       LDA $0F       [000E77] A:D000 X:0002 Y:0002 S:012C D:0E68 DB:86 nvMXdiZc V:  7 H:226 F:45			|Branch if CDAction is positive
			81B76D 10 16       BPL $0016     [81B785] A:D080 X:0002 Y:0002 S:012C D:0E68 DB:86 NvMXdizc V:  7 H:232 F:45			|
			81B76F 22 A5 AC 84 JSL $84ACA5   [84ACA5] A:D080 X:0002 Y:0002 S:012C D:0E68 DB:86 NvMXdizc V:  7 H:235 F:45			JSL $84ACA5 --> Update Status, Facing Bit

				84ACA5 08          PHP                    A:D080 X:0002 Y:0002 S:0129 D:0E68 DB:86 NvMXdizc V:  7 H:249 F:45		
				84ACA6 E2 20       SEP #$20               A:D080 X:0002 Y:0002 S:0128 D:0E68 DB:86 NvMXdizc V:  7 H:254 F:45		
				84ACA8 A9 40       LDA #$40               A:D080 X:0002 Y:0002 S:0128 D:0E68 DB:86 NvMXdizc V:  7 H:258 F:45		
				84ACAA 14 11       TRB $11       [000E79] A:D040 X:0002 Y:0002 S:0128 D:0E68 DB:86 nvMXdizc V:  7 H:261 F:45
				84ACAC C2 20       REP #$20               A:D040 X:0002 Y:0002 S:0128 D:0E68 DB:86 nvMXdiZc V:  7 H:271 F:45
				84ACAE AD AD 0B    LDA $0BAD     [860BAD] A:D040 X:0002 Y:0002 S:0128 D:0E68 DB:86 nvmXdiZc V:  7 H:276 F:45
				84ACB1 38          SEC                    A:1E17 X:0002 Y:0002 S:0128 D:0E68 DB:86 nvmXdizc V:  7 H:284 F:45
				84ACB2 E5 05       SBC $05       [000E6D] A:1E17 X:0002 Y:0002 S:0128 D:0E68 DB:86 nvmXdizC V:  7 H:287 F:45
				84ACB4 E2 20       SEP #$20               A:FF8D X:0002 Y:0002 S:0128 D:0E68 DB:86 NvmXdizc V:  7 H:296 F:45
				84ACB6 A9 00       LDA #$00               A:FF8D X:0002 Y:0002 S:0128 D:0E68 DB:86 NvMXdizc V:  7 H:300 F:45
				84ACB8 6A          ROR A                  A:FF00 X:0002 Y:0002 S:0128 D:0E68 DB:86 nvMXdiZc V:  7 H:303 F:45
				84ACB9 4A          LSR A                  A:FF00 X:0002 Y:0002 S:0128 D:0E68 DB:86 nvMXdiZc V:  7 H:306 F:45
				84ACBA 04 11       TSB $11       [000E79] A:FF00 X:0002 Y:0002 S:0128 D:0E68 DB:86 nvMXdiZc V:  7 H:309 F:45
				84ACBC 28          PLP                    A:FF00 X:0002 Y:0002 S:0128 D:0E68 DB:86 nvMXdiZc V:  7 H:319 F:45
				84ACBD 6B          RTL                    A:FF00 X:0002 Y:0002 S:0129 D:0E68 DB:86 NvMXdizc V:  7 H:325 F:45

			81B773 A5 36       LDA $36       [000E9E] A:FF00 X:0002 Y:0002 S:012C D:0E68 DB:86 NvMXdizc V:  7 H:335 F:45			|Branch because Number of Ice Blocks left <> #$00
			81B775 D0 0E       BNE $000E     [81B785] A:FF01 X:0002 Y:0002 S:012C D:0E68 DB:86 nvMXdizc V:  8 H:  2 F:45			|
			81B785 60          RTS                    A:FF01 X:0002 Y:0002 S:012C D:0E68 DB:86 nvMXdizc V:  8 H:  6 F:45

		81B63B A9 09       LDA #$09               A:FF01 X:0002 Y:0002 S:012E D:0E68 DB:86 nvMXdizc V:  8 H: 16 F:45				Normal routine after Subaction
		81B63D A6 35       LDX $35       [000E9D] A:FF09 X:0002 Y:0002 S:012E D:0E68 DB:86 nvMXdizc V:  8 H: 19 F:45
		81B63F F0 02       BEQ $0002     [81B643] A:FF09 X:0000 Y:0002 S:012E D:0E68 DB:86 nvMXdiZc V:  8 H: 26 F:45
		81B643 85 28       STA $28       [000E90] A:FF09 X:0000 Y:0002 S:012E D:0E68 DB:86 nvMXdiZc V:  8 H: 30 F:45
		81B645 A5 39       LDA $39       [000EA1] A:FF09 X:0000 Y:0002 S:012E D:0E68 DB:86 nvMXdiZc V:  8 H: 37 F:45
		81B647 F0 02       BEQ $0002     [81B64B] A:FF00 X:0000 Y:0002 S:012E D:0E68 DB:86 nvMXdiZc V:  8 H: 43 F:45
		81B64B A5 17       LDA $17       [000E7F] A:FF00 X:0000 Y:0002 S:012E D:0E68 DB:86 nvMXdiZc V:  8 H: 48 F:45
		81B64D 29 7F       AND #$7F               A:FF06 X:0000 Y:0002 S:012E D:0E68 DB:86 nvMXdizc V:  8 H: 54 F:45
		81B64F AA          TAX                    A:FF06 X:0000 Y:0002 S:012E D:0E68 DB:86 nvMXdizc V:  8 H: 57 F:45
		81B650 BD AB C4    LDA $C4AB,X   [86C4B1] A:FF06 X:0006 Y:0002 S:012E D:0E68 DB:86 nvMXdizc V:  8 H: 60 F:45
		81B653 0A          ASL A                  A:FF00 X:0006 Y:0002 S:012E D:0E68 DB:86 nvMXdiZc V:  8 H: 66 F:45
		81B654 0A          ASL A                  A:FF00 X:0006 Y:0002 S:012E D:0E68 DB:86 nvMXdiZc V:  8 H: 69 F:45
		81B655 C2 20       REP #$20               A:FF00 X:0006 Y:0002 S:012E D:0E68 DB:86 nvMXdiZc V:  8 H: 72 F:45
		81B657 29 FF 00    AND #$00FF             A:FF00 X:0006 Y:0002 S:012E D:0E68 DB:86 nvmXdiZc V:  8 H: 77 F:45
		81B65A 18          CLC                    A:0000 X:0006 Y:0002 S:012E D:0E68 DB:86 nvmXdiZc V:  8 H: 81 F:45
		81B65B 69 37 C4    ADC #$C437             A:0000 X:0006 Y:0002 S:012E D:0E68 DB:86 nvmXdiZc V:  8 H: 84 F:45
		81B65E 85 20       STA $20       [000E88] A:C437 X:0006 Y:0002 S:012E D:0E68 DB:86 NvmXdizc V:  8 H: 89 F:45
		81B660 E2 20       SEP #$20               A:C437 X:0006 Y:0002 S:012E D:0E68 DB:86 NvmXdizc V:  8 H: 97 F:45
		81B662 22 43 9B 84 JSL $849B43   [849B43] A:C437 X:0006 Y:0002 S:012E D:0E68 DB:86 NvMXdizc V:  8 H:102 F:45

			849B43 C2 10       REP #$10               A:C437 X:0006 Y:0002 S:012B D:0E68 DB:86 NvMXdizc V:  8 H:115 F:45
			849B45 A5 27       LDA $27       [000E8F] A:C437 X:0006 Y:0002 S:012B D:0E68 DB:86 NvMxdizc V:  8 H:120 F:45
			849B47 29 7F       AND #$7F               A:C420 X:0006 Y:0002 S:012B D:0E68 DB:86 nvMxdizc V:  8 H:126 F:45
			849B49 85 27       STA $27       [000E8F] A:C420 X:0006 Y:0002 S:012B D:0E68 DB:86 nvMxdizc V:  8 H:129 F:45
			849B4B F0 2C       BEQ $002C     [849B79] A:C420 X:0006 Y:0002 S:012B D:0E68 DB:86 nvMxdizc V:  8 H:146 F:45
			849B4D A5 30       LDA $30       [000E98] A:C420 X:0006 Y:0002 S:012B D:0E68 DB:86 nvMxdizc V:  8 H:149 F:45
			849B4F D0 28       BNE $0028     [849B79] A:C400 X:0006 Y:0002 S:012B D:0E68 DB:86 nvMxdiZc V:  8 H:155 F:45
			849B51 A5 0E       LDA $0E       [000E76] A:C400 X:0006 Y:0002 S:012B D:0E68 DB:86 nvMxdiZc V:  8 H:158 F:45
			849B53 F0 24       BEQ $0024     [849B79] A:C401 X:0006 Y:0002 S:012B D:0E68 DB:86 nvMxdizc V:  8 H:165 F:45
			849B55 A2 28 12    LDX #$1228             A:C401 X:0006 Y:0002 S:012B D:0E68 DB:86 nvMxdizc V:  8 H:168 F:45
			849B58 E2 20       SEP #$20               A:C401 X:1228 Y:0002 S:012B D:0E68 DB:86 nvMxdizc V:  8 H:172 F:45
			849B5A BD 00 00    LDA $0000,X   [861228] A:C401 X:1228 Y:0002 S:012B D:0E68 DB:86 nvMxdizc V:  8 H:177 F:45
			849B5D F0 0E       BEQ $000E     [849B6D] A:C400 X:1228 Y:0002 S:012B D:0E68 DB:86 nvMxdiZc V:  8 H:185 F:45
			849B6D C2 21       REP #$21               A:C400 X:1228 Y:0002 S:012B D:0E68 DB:86 nvMxdiZc V:  8 H:189 F:45
			849B6F 8A          TXA                    A:C400 X:1228 Y:0002 S:012B D:0E68 DB:86 nvmxdiZc V:  8 H:194 F:45
			849B70 69 40 00    ADC #$0040             A:1228 X:1228 Y:0002 S:012B D:0E68 DB:86 nvmxdizc V:  8 H:197 F:45
			849B73 AA          TAX                    A:1268 X:1228 Y:0002 S:012B D:0E68 DB:86 nvmxdizc V:  8 H:201 F:45
			849B74 C9 28 14    CMP #$1428             A:1268 X:1268 Y:0002 S:012B D:0E68 DB:86 nvmxdizc V:  8 H:204 F:45
			849B77 90 DF       BCC $00DF     [849B58] A:1268 X:1268 Y:0002 S:012B D:0E68 DB:86 Nvmxdizc V:  8 H:209 F:45
			849B58 E2 20       SEP #$20               A:1268 X:1268 Y:0002 S:012B D:0E68 DB:86 Nvmxdizc V:  8 H:213 F:45
			849B5A BD 00 00    LDA $0000,X   [861268] A:1268 X:1268 Y:0002 S:012B D:0E68 DB:86 NvMxdizc V:  8 H:218 F:45
			849B5D F0 0E       BEQ $000E     [849B6D] A:1200 X:1268 Y:0002 S:012B D:0E68 DB:86 nvMxdiZc V:  8 H:226 F:45
			849B6D C2 21       REP #$21               A:1200 X:1268 Y:0002 S:012B D:0E68 DB:86 nvMxdiZc V:  8 H:230 F:45
			849B6F 8A          TXA                    A:1200 X:1268 Y:0002 S:012B D:0E68 DB:86 nvmxdiZc V:  8 H:235 F:45
			849B70 69 40 00    ADC #$0040             A:1268 X:1268 Y:0002 S:012B D:0E68 DB:86 nvmxdizc V:  8 H:238 F:45
			849B73 AA          TAX                    A:12A8 X:1268 Y:0002 S:012B D:0E68 DB:86 nvmxdizc V:  8 H:242 F:45
			849B74 C9 28 14    CMP #$1428             A:12A8 X:12A8 Y:0002 S:012B D:0E68 DB:86 nvmxdizc V:  8 H:245 F:45
			849B77 90 DF       BCC $00DF     [849B58] A:12A8 X:12A8 Y:0002 S:012B D:0E68 DB:86 Nvmxdizc V:  8 H:250 F:45
			849B58 E2 20       SEP #$20               A:12A8 X:12A8 Y:0002 S:012B D:0E68 DB:86 Nvmxdizc V:  8 H:254 F:45
			849B5A BD 00 00    LDA $0000,X   [8612A8] A:12A8 X:12A8 Y:0002 S:012B D:0E68 DB:86 NvMxdizc V:  8 H:259 F:45
			849B5D F0 0E       BEQ $000E     [849B6D] A:1200 X:12A8 Y:0002 S:012B D:0E68 DB:86 nvMxdiZc V:  8 H:267 F:45
			849B6D C2 21       REP #$21               A:1200 X:12A8 Y:0002 S:012B D:0E68 DB:86 nvMxdiZc V:  8 H:271 F:45
			849B6F 8A          TXA                    A:1200 X:12A8 Y:0002 S:012B D:0E68 DB:86 nvmxdiZc V:  8 H:276 F:45
			849B70 69 40 00    ADC #$0040             A:12A8 X:12A8 Y:0002 S:012B D:0E68 DB:86 nvmxdizc V:  8 H:279 F:45
			849B73 AA          TAX                    A:12E8 X:12A8 Y:0002 S:012B D:0E68 DB:86 nvmxdizc V:  8 H:283 F:45
			849B74 C9 28 14    CMP #$1428             A:12E8 X:12E8 Y:0002 S:012B D:0E68 DB:86 nvmxdizc V:  8 H:286 F:45
			849B77 90 DF       BCC $00DF     [849B58] A:12E8 X:12E8 Y:0002 S:012B D:0E68 DB:86 Nvmxdizc V:  8 H:291 F:45
			849B58 E2 20       SEP #$20               A:12E8 X:12E8 Y:0002 S:012B D:0E68 DB:86 Nvmxdizc V:  8 H:295 F:45
			849B5A BD 00 00    LDA $0000,X   [8612E8] A:12E8 X:12E8 Y:0002 S:012B D:0E68 DB:86 NvMxdizc V:  8 H:300 F:45
			849B5D F0 0E       BEQ $000E     [849B6D] A:1200 X:12E8 Y:0002 S:012B D:0E68 DB:86 nvMxdiZc V:  8 H:308 F:45
			849B6D C2 21       REP #$21               A:1200 X:12E8 Y:0002 S:012B D:0E68 DB:86 nvMxdiZc V:  8 H:312 F:45
			849B6F 8A          TXA                    A:1200 X:12E8 Y:0002 S:012B D:0E68 DB:86 nvmxdiZc V:  8 H:317 F:45
			849B70 69 40 00    ADC #$0040             A:12E8 X:12E8 Y:0002 S:012B D:0E68 DB:86 nvmxdizc V:  8 H:320 F:45
			849B73 AA          TAX                    A:1328 X:12E8 Y:0002 S:012B D:0E68 DB:86 nvmxdizc V:  8 H:324 F:45
			849B74 C9 28 14    CMP #$1428             A:1328 X:1328 Y:0002 S:012B D:0E68 DB:86 nvmxdizc V:  8 H:327 F:45
			849B77 90 DF       BCC $00DF     [849B58] A:1328 X:1328 Y:0002 S:012B D:0E68 DB:86 Nvmxdizc V:  8 H:331 F:45
			849B58 E2 20       SEP #$20               A:1328 X:1328 Y:0002 S:012B D:0E68 DB:86 Nvmxdizc V:  8 H:335 F:45
			849B5A BD 00 00    LDA $0000,X   [861328] A:1328 X:1328 Y:0002 S:012B D:0E68 DB:86 NvMxdizc V:  9 H:  0 F:45
			849B5D F0 0E       BEQ $000E     [849B6D] A:1300 X:1328 Y:0002 S:012B D:0E68 DB:86 nvMxdiZc V:  9 H:  8 F:45
			849B6D C2 21       REP #$21               A:1300 X:1328 Y:0002 S:012B D:0E68 DB:86 nvMxdiZc V:  9 H: 12 F:45
			849B6F 8A          TXA                    A:1300 X:1328 Y:0002 S:012B D:0E68 DB:86 nvmxdiZc V:  9 H: 17 F:45
			849B70 69 40 00    ADC #$0040             A:1328 X:1328 Y:0002 S:012B D:0E68 DB:86 nvmxdizc V:  9 H: 20 F:45
			849B73 AA          TAX                    A:1368 X:1328 Y:0002 S:012B D:0E68 DB:86 nvmxdizc V:  9 H: 24 F:45
			849B74 C9 28 14    CMP #$1428             A:1368 X:1368 Y:0002 S:012B D:0E68 DB:86 nvmxdizc V:  9 H: 27 F:45
			849B77 90 DF       BCC $00DF     [849B58] A:1368 X:1368 Y:0002 S:012B D:0E68 DB:86 Nvmxdizc V:  9 H: 32 F:45
			849B58 E2 20       SEP #$20               A:1368 X:1368 Y:0002 S:012B D:0E68 DB:86 Nvmxdizc V:  9 H: 36 F:45
			849B5A BD 00 00    LDA $0000,X   [861368] A:1368 X:1368 Y:0002 S:012B D:0E68 DB:86 NvMxdizc V:  9 H: 41 F:45
			849B5D F0 0E       BEQ $000E     [849B6D] A:1300 X:1368 Y:0002 S:012B D:0E68 DB:86 nvMxdiZc V:  9 H: 49 F:45
			849B6D C2 21       REP #$21               A:1300 X:1368 Y:0002 S:012B D:0E68 DB:86 nvMxdiZc V:  9 H: 53 F:45
			849B6F 8A          TXA                    A:1300 X:1368 Y:0002 S:012B D:0E68 DB:86 nvmxdiZc V:  9 H: 58 F:45
			849B70 69 40 00    ADC #$0040             A:1368 X:1368 Y:0002 S:012B D:0E68 DB:86 nvmxdizc V:  9 H: 61 F:45
			849B73 AA          TAX                    A:13A8 X:1368 Y:0002 S:012B D:0E68 DB:86 nvmxdizc V:  9 H: 65 F:45
			849B74 C9 28 14    CMP #$1428             A:13A8 X:13A8 Y:0002 S:012B D:0E68 DB:86 nvmxdizc V:  9 H: 68 F:45
			849B77 90 DF       BCC $00DF     [849B58] A:13A8 X:13A8 Y:0002 S:012B D:0E68 DB:86 Nvmxdizc V:  9 H: 73 F:45
			849B58 E2 20       SEP #$20               A:13A8 X:13A8 Y:0002 S:012B D:0E68 DB:86 Nvmxdizc V:  9 H: 77 F:45
			849B5A BD 00 00    LDA $0000,X   [8613A8] A:13A8 X:13A8 Y:0002 S:012B D:0E68 DB:86 NvMxdizc V:  9 H: 82 F:45
			849B5D F0 0E       BEQ $000E     [849B6D] A:1300 X:13A8 Y:0002 S:012B D:0E68 DB:86 nvMxdiZc V:  9 H: 90 F:45
			849B6D C2 21       REP #$21               A:1300 X:13A8 Y:0002 S:012B D:0E68 DB:86 nvMxdiZc V:  9 H: 94 F:45
			849B6F 8A          TXA                    A:1300 X:13A8 Y:0002 S:012B D:0E68 DB:86 nvmxdiZc V:  9 H: 99 F:45
			849B70 69 40 00    ADC #$0040             A:13A8 X:13A8 Y:0002 S:012B D:0E68 DB:86 nvmxdizc V:  9 H:102 F:45
			849B73 AA          TAX                    A:13E8 X:13A8 Y:0002 S:012B D:0E68 DB:86 nvmxdizc V:  9 H:106 F:45
			849B74 C9 28 14    CMP #$1428             A:13E8 X:13E8 Y:0002 S:012B D:0E68 DB:86 nvmxdizc V:  9 H:109 F:45
			849B77 90 DF       BCC $00DF     [849B58] A:13E8 X:13E8 Y:0002 S:012B D:0E68 DB:86 Nvmxdizc V:  9 H:114 F:45
			849B58 E2 20       SEP #$20               A:13E8 X:13E8 Y:0002 S:012B D:0E68 DB:86 Nvmxdizc V:  9 H:118 F:45
			849B5A BD 00 00    LDA $0000,X   [8613E8] A:13E8 X:13E8 Y:0002 S:012B D:0E68 DB:86 NvMxdizc V:  9 H:123 F:45
			849B5D F0 0E       BEQ $000E     [849B6D] A:1300 X:13E8 Y:0002 S:012B D:0E68 DB:86 nvMxdiZc V:  9 H:131 F:45
			849B6D C2 21       REP #$21               A:1300 X:13E8 Y:0002 S:012B D:0E68 DB:86 nvMxdiZc V:  9 H:145 F:45
			849B6F 8A          TXA                    A:1300 X:13E8 Y:0002 S:012B D:0E68 DB:86 nvmxdiZc V:  9 H:150 F:45
			849B70 69 40 00    ADC #$0040             A:13E8 X:13E8 Y:0002 S:012B D:0E68 DB:86 nvmxdizc V:  9 H:153 F:45
			849B73 AA          TAX                    A:1428 X:13E8 Y:0002 S:012B D:0E68 DB:86 nvmxdizc V:  9 H:157 F:45
			849B74 C9 28 14    CMP #$1428             A:1428 X:1428 Y:0002 S:012B D:0E68 DB:86 nvmxdizc V:  9 H:160 F:45
			849B77 90 DF       BCC $00DF     [849B58] A:1428 X:1428 Y:0002 S:012B D:0E68 DB:86 nvmxdiZC V:  9 H:165 F:45
			849B79 E2 30       SEP #$30               A:1428 X:1428 Y:0002 S:012B D:0E68 DB:86 nvmxdiZC V:  9 H:168 F:45
			849B7B A9 00       LDA #$00               A:1428 X:0028 Y:0002 S:012B D:0E68 DB:86 nvMXdiZC V:  9 H:172 F:45
			849B7D 6B          RTL                    A:1400 X:0028 Y:0002 S:012B D:0E68 DB:86 nvMXdiZC V:  9 H:175 F:45

		81B666 F0 5C       BEQ $005C     [81B6C4] A:1400 X:0028 Y:0002 S:012E D:0E68 DB:86 nvMXdiZC V:  9 H:186 F:45
		81B6C4 A5 35       LDA $35       [000E9D] A:1400 X:0028 Y:0002 S:012E D:0E68 DB:86 nvMXdiZC V:  9 H:190 F:45
		81B6C6 F0 18       BEQ $0018     [81B6E0] A:1400 X:0028 Y:0002 S:012E D:0E68 DB:86 nvMXdiZC V:  9 H:197 F:45
		81B6E0 22 03 9B 84 JSL $849B03   [849B03] A:1400 X:0028 Y:0002 S:012E D:0E68 DB:86 nvMXdiZC V:  9 H:201 F:45

			849B03 C2 10       REP #$10               A:1400 X:0028 Y:0002 S:012B D:0E68 DB:86 nvMXdiZC V:  9 H:215 F:45
			849B05 A5 27       LDA $27       [000E8F] A:1400 X:0028 Y:0002 S:012B D:0E68 DB:86 nvMxdiZC V:  9 H:219 F:45
			849B07 F0 70       BEQ $0070     [849B79] A:1420 X:0028 Y:0002 S:012B D:0E68 DB:86 nvMxdizC V:  9 H:226 F:45
			849B09 A5 0E       LDA $0E       [000E76] A:1420 X:0028 Y:0002 S:012B D:0E68 DB:86 nvMxdizC V:  9 H:229 F:45
			849B0B F0 31       BEQ $0031     [849B3E] A:1401 X:0028 Y:0002 S:012B D:0E68 DB:86 nvMxdizC V:  9 H:235 F:45
			849B0D AD 0C 1F    LDA $1F0C     [861F0C] A:1401 X:0028 Y:0002 S:012B D:0E68 DB:86 nvMxdizC V:  9 H:238 F:45
			849B10 D0 2C       BNE $002C     [849B3E] A:1400 X:0028 Y:0002 S:012B D:0E68 DB:86 nvMxdiZC V:  9 H:245 F:45
			849B12 AD 32 0C    LDA $0C32     [860C32] A:1400 X:0028 Y:0002 S:012B D:0E68 DB:86 nvMxdiZC V:  9 H:248 F:45
			849B15 D0 11       BNE $0011     [849B28] A:1400 X:0028 Y:0002 S:012B D:0E68 DB:86 nvMxdiZC V:  9 H:254 F:45
			849B17 AD 30 0C    LDA $0C30     [860C30] A:1400 X:0028 Y:0002 S:012B D:0E68 DB:86 nvMxdiZC V:  9 H:257 F:45
			849B1A D0 0C       BNE $000C     [849B28] A:1400 X:0028 Y:0002 S:012B D:0E68 DB:86 nvMxdiZC V:  9 H:264 F:45
			849B1C A2 A8 0B    LDX #$0BA8             A:1400 X:0028 Y:0002 S:012B D:0E68 DB:86 nvMxdiZC V:  9 H:267 F:45
			849B1F 22 0E 9C 84 JSL $849C0E   [849C0E] A:1400 X:0BA8 Y:0002 S:012B D:0E68 DB:86 nvMxdizC V:  9 H:271 F:45

				849C0E 5A          PHY                    A:1400 X:0BA8 Y:0002 S:0128 D:0E68 DB:86 nvMxdizC V:  9 H:285 F:45
				849C0F A4 20       LDY $20       [000E88] A:1400 X:0BA8 Y:0002 S:0126 D:0E68 DB:86 nvMxdizC V:  9 H:292 F:45
				849C11 D0 03       BNE $0003     [849C16] A:1400 X:0BA8 Y:C437 S:0126 D:0E68 DB:86 NvMxdizC V:  9 H:300 F:45
				849C16 BC 20 00    LDY $0020,X   [860BC8] A:1400 X:0BA8 Y:C437 S:0126 D:0E68 DB:86 NvMxdizC V:  9 H:305 F:45
				849C19 D0 03       BNE $0003     [849C1E] A:1400 X:0BA8 Y:A552 S:0126 D:0E68 DB:86 NvMxdizC V:  9 H:315 F:45
				849C1E C2 20       REP #$20               A:1400 X:0BA8 Y:A552 S:0126 D:0E68 DB:86 NvMxdizC V:  9 H:319 F:45
				849C20 DA          PHX                    A:1400 X:0BA8 Y:A552 S:0126 D:0E68 DB:86 NvmxdizC V:  9 H:323 F:45
				849C21 BD 05 00    LDA $0005,X   [860BAD] A:1400 X:0BA8 Y:A552 S:0124 D:0E68 DB:86 NvmxdizC V:  9 H:330 F:45
				849C24 8D 04 00    STA $0004     [860004] A:1E17 X:0BA8 Y:A552 S:0124 D:0E68 DB:86 nvmxdizC V: 10 H:  0 F:45
				849C27 BD 08 00    LDA $0008,X   [860BB0] A:1E17 X:0BA8 Y:A552 S:0124 D:0E68 DB:86 nvmxdizC V: 10 H:  8 F:45
				849C2A 8D 06 00    STA $0006     [860006] A:01AF X:0BA8 Y:A552 S:0124 D:0E68 DB:86 nvmxdizC V: 10 H: 18 F:45
				849C2D A5 05       LDA $05       [000E6D] A:01AF X:0BA8 Y:A552 S:0124 D:0E68 DB:86 nvmxdizC V: 10 H: 27 F:45
				849C2F 8D 0C 00    STA $000C     [86000C] A:1E8A X:0BA8 Y:A552 S:0124 D:0E68 DB:86 nvmxdizC V: 10 H: 35 F:45
				849C32 A5 08       LDA $08       [000E70] A:1E8A X:0BA8 Y:A552 S:0124 D:0E68 DB:86 nvmxdizC V: 10 H: 44 F:45
				849C34 8D 0E 00    STA $000E     [86000E] A:01AC X:0BA8 Y:A552 S:0124 D:0E68 DB:86 nvmxdizC V: 10 H: 52 F:45
				849C37 E2 20       SEP #$20               A:01AC X:0BA8 Y:A552 S:0124 D:0E68 DB:86 nvmxdizC V: 10 H: 61 F:45
				849C39 BD 11 00    LDA $0011,X   [860BB9] A:01AC X:0BA8 Y:A552 S:0124 D:0E68 DB:86 nvMxdizC V: 10 H: 65 F:45
				849C3C 8D 08 00    STA $0008     [860008] A:0162 X:0BA8 Y:A552 S:0124 D:0E68 DB:86 nvMxdizC V: 10 H: 73 F:45
				849C3F A5 11       LDA $11       [000E79] A:0162 X:0BA8 Y:A552 S:0124 D:0E68 DB:86 nvMxdizC V: 10 H: 80 F:45
				849C41 8D 09 00    STA $0009     [860009] A:0129 X:0BA8 Y:A552 S:0124 D:0E68 DB:86 nvMxdizC V: 10 H: 86 F:45
				849C44 BC 20 00    LDY $0020,X   [860BC8] A:0129 X:0BA8 Y:A552 S:0124 D:0E68 DB:86 nvMxdizC V: 10 H: 93 F:45
				849C47 A6 20       LDX $20       [000E88] A:0129 X:0BA8 Y:A552 S:0124 D:0E68 DB:86 NvMxdizC V: 10 H:103 F:45
				849C49 0B          PHD                    A:0129 X:C437 Y:A552 S:0124 D:0E68 DB:86 NvMxdizC V: 10 H:111 F:45
				849C4A F4 00 00    PEA $0000              A:0129 X:C437 Y:A552 S:0122 D:0E68 DB:86 NvMxdizC V: 10 H:118 F:45
				849C4D 2B          PLD                    A:0129 X:C437 Y:A552 S:0120 D:0E68 DB:86 NvMxdizC V: 10 H:127 F:45
				849C4E BD 02 00    LDA $0002,X   [86C439] A:0129 X:C437 Y:A552 S:0122 D:0000 DB:86 nvMxdiZC V: 10 H:145 F:45
				849C51 18          CLC                    A:010A X:C437 Y:A552 S:0122 D:0000 DB:86 nvMxdizC V: 10 H:153 F:45
				849C52 79 02 00    ADC $0002,Y   [86A554] A:010A X:C437 Y:A552 S:0122 D:0000 DB:86 nvMxdizc V: 10 H:156 F:45
				849C55 85 00       STA $00       [000000] A:0110 X:C437 Y:A552 S:0122 D:0000 DB:86 nvMxdizc V: 10 H:163 F:45
				849C57 64 01       STZ $01       [000001] A:0110 X:C437 Y:A552 S:0122 D:0000 DB:86 nvMxdizc V: 10 H:168 F:45
				849C59 BD 03 00    LDA $0003,X   [86C43A] A:0110 X:C437 Y:A552 S:0122 D:0000 DB:86 nvMxdizc V: 10 H:173 F:45
				849C5C 18          CLC                    A:010F X:C437 Y:A552 S:0122 D:0000 DB:86 nvMxdizc V: 10 H:181 F:45
				849C5D 79 03 00    ADC $0003,Y   [86A555] A:010F X:C437 Y:A552 S:0122 D:0000 DB:86 nvMxdizc V: 10 H:184 F:45
				849C60 85 02       STA $02       [000002] A:011D X:C437 Y:A552 S:0122 D:0000 DB:86 nvMxdizc V: 10 H:191 F:45
				849C62 64 03       STZ $03       [000003] A:011D X:C437 Y:A552 S:0122 D:0000 DB:86 nvMxdizc V: 10 H:196 F:45
				849C64 C2 21       REP #$21               A:011D X:C437 Y:A552 S:0122 D:0000 DB:86 nvMxdizc V: 10 H:201 F:45
				849C66 B9 00 00    LDA $0000,Y   [86A552] A:011D X:C437 Y:A552 S:0122 D:0000 DB:86 nvmxdizc V: 10 H:206 F:45
				849C69 29 FF 00    AND #$00FF             A:FF00 X:C437 Y:A552 S:0122 D:0000 DB:86 Nvmxdizc V: 10 H:215 F:45
				849C6C 89 80 00    BIT #$0080             A:0000 X:C437 Y:A552 S:0122 D:0000 DB:86 nvmxdiZc V: 10 H:219 F:45
				849C6F F0 03       BEQ $0003     [849C74] A:0000 X:C437 Y:A552 S:0122 D:0000 DB:86 nvmxdiZc V: 10 H:224 F:45
				849C74 24 07       BIT $07       [000007] A:0000 X:C437 Y:A552 S:0122 D:0000 DB:86 nvmxdiZc V: 10 H:228 F:45
				849C76 50 04       BVC $0004     [849C7C] A:0000 X:C437 Y:A552 S:0122 D:0000 DB:86 nVmxdiZc V: 10 H:235 F:45
				849C78 49 FF FF    EOR #$FFFF             A:0000 X:C437 Y:A552 S:0122 D:0000 DB:86 nVmxdiZc V: 10 H:238 F:45
				849C7B 1A          INC                    A:FFFF X:C437 Y:A552 S:0122 D:0000 DB:86 NVmxdizc V: 10 H:243 F:45
				849C7C 85 0A       STA $0A       [00000A] A:0000 X:C437 Y:A552 S:0122 D:0000 DB:86 nVmxdiZc V: 10 H:246 F:45
				849C7E 64 10       STZ $10       [000010] A:0000 X:C437 Y:A552 S:0122 D:0000 DB:86 nVmxdiZc V: 10 H:253 F:45
				849C80 BD 00 00    LDA $0000,X   [86C437] A:0000 X:C437 Y:A552 S:0122 D:0000 DB:86 nVmxdiZc V: 10 H:260 F:45
				849C83 29 FF 00    AND #$00FF             A:0200 X:C437 Y:A552 S:0122 D:0000 DB:86 nVmxdizc V: 10 H:269 F:45
				849C86 89 80 00    BIT #$0080             A:0000 X:C437 Y:A552 S:0122 D:0000 DB:86 nVmxdiZc V: 10 H:273 F:45
				849C89 F0 03       BEQ $0003     [849C8E] A:0000 X:C437 Y:A552 S:0122 D:0000 DB:86 nVmxdiZc V: 10 H:278 F:45
				849C8E 24 08       BIT $08       [000008] A:0000 X:C437 Y:A552 S:0122 D:0000 DB:86 nVmxdiZc V: 10 H:282 F:45
				849C90 50 04       BVC $0004     [849C96] A:0000 X:C437 Y:A552 S:0122 D:0000 DB:86 nvmxdiZc V: 10 H:289 F:45
				849C96 65 0C       ADC $0C       [00000C] A:0000 X:C437 Y:A552 S:0122 D:0000 DB:86 nvmxdiZc V: 10 H:294 F:45
				849C98 38          SEC                    A:1E8A X:C437 Y:A552 S:0122 D:0000 DB:86 nvmxdizc V: 10 H:301 F:45
				849C99 E5 04       SBC $04       [000004] A:1E8A X:C437 Y:A552 S:0122 D:0000 DB:86 nvmxdizC V: 10 H:304 F:45
				849C9B 38          SEC                    A:0073 X:C437 Y:A552 S:0122 D:0000 DB:86 nvmxdizC V: 10 H:311 F:45
				849C9C E5 0A       SBC $0A       [00000A] A:0073 X:C437 Y:A552 S:0122 D:0000 DB:86 nvmxdizC V: 10 H:314 F:45
				849C9E 10 06       BPL $0006     [849CA6] A:0073 X:C437 Y:A552 S:0122 D:0000 DB:86 nvmxdizC V: 10 H:321 F:45
				849CA6 85 04       STA $04       [000004] A:0073 X:C437 Y:A552 S:0122 D:0000 DB:86 nvmxdizC V: 10 H:325 F:45
				849CA8 A5 00       LDA $00       [000000] A:0073 X:C437 Y:A552 S:0122 D:0000 DB:86 nvmxdizC V: 10 H:331 F:45
				849CAA 38          SEC                    A:0010 X:C437 Y:A552 S:0122 D:0000 DB:86 nvmxdizC V: 10 H:338 F:45
				849CAB E5 04       SBC $04       [000004] A:0010 X:C437 Y:A552 S:0122 D:0000 DB:86 nvmxdizC V: 11 H:  1 F:45
				849CAD 1A          INC                    A:FF9D X:C437 Y:A552 S:0122 D:0000 DB:86 Nvmxdizc V: 11 H:  8 F:45
				849CAE 85 04       STA $04       [000004] A:FF9E X:C437 Y:A552 S:0122 D:0000 DB:86 Nvmxdizc V: 11 H: 11 F:45
				849CB0 24 0F       BIT $0F       [00000F] A:FF9E X:C437 Y:A552 S:0122 D:0000 DB:86 Nvmxdizc V: 11 H: 18 F:45
				849CB2 30 04       BMI $0004     [849CB8] A:FF9E X:C437 Y:A552 S:0122 D:0000 DB:86 nvmxdiZc V: 11 H: 25 F:45
				849CB4 49 FF FF    EOR #$FFFF             A:FF9E X:C437 Y:A552 S:0122 D:0000 DB:86 nvmxdiZc V: 11 H: 28 F:45
				849CB7 1A          INC                    A:0061 X:C437 Y:A552 S:0122 D:0000 DB:86 nvmxdizc V: 11 H: 33 F:45
				849CB8 85 00       STA $00       [000000] A:0062 X:C437 Y:A552 S:0122 D:0000 DB:86 nvmxdizc V: 11 H: 36 F:45
				849CBA 90 45       BCC $0045     [849D01] A:0062 X:C437 Y:A552 S:0122 D:0000 DB:86 nvmxdizc V: 11 H: 43 F:45
				849D01 E2 20       SEP #$20               A:0062 X:C437 Y:A552 S:0122 D:0000 DB:86 nvmxdizc V: 11 H: 47 F:45
				849D03 2B          PLD                    A:0062 X:C437 Y:A552 S:0122 D:0000 DB:86 nvMxdizc V: 11 H: 52 F:45
				849D04 FA          PLX                    A:0062 X:C437 Y:A552 S:0124 D:0E68 DB:86 nvMxdizc V: 11 H: 60 F:45
				849D05 7A          PLY                    A:0062 X:0BA8 Y:A552 S:0126 D:0E68 DB:86 nvMxdizc V: 11 H: 69 F:45
				849D06 6B          RTL                    A:0062 X:0BA8 Y:0002 S:0128 D:0E68 DB:86 nvMxdizc V: 11 H: 77 F:45

			849B23 90 19       BCC $0019     [849B3E] A:0062 X:0BA8 Y:0002 S:012B D:0E68 DB:86 nvMxdizc V: 11 H: 88 F:45
			849B3E E2 10       SEP #$10               A:0062 X:0BA8 Y:0002 S:012B D:0E68 DB:86 nvMxdizc V: 11 H: 92 F:45
			849B40 A9 00       LDA #$00               A:0062 X:00A8 Y:0002 S:012B D:0E68 DB:86 nvMXdizc V: 11 H: 97 F:45
			849B42 6B          RTL                    A:0000 X:00A8 Y:0002 S:012B D:0E68 DB:86 nvMXdiZc V: 11 H:100 F:45

		81B6E4 AD CF 0B    LDA $0BCF     [860BCF] A:0000 X:00A8 Y:0002 S:012E D:0E68 DB:86 nvMXdiZc V: 11 H:110 F:45
		81B6E7 29 7F       AND #$7F               A:001A X:00A8 Y:0002 S:012E D:0E68 DB:86 nvMXdizc V: 11 H:117 F:45
		81B6E9 D0 04       BNE $0004     [81B6EF] A:001A X:00A8 Y:0002 S:012E D:0E68 DB:86 nvMXdizc V: 11 H:120 F:45
		81B6EF 5C B4 80 82 JML $8280B4   [8280B4] A:001A X:00A8 Y:0002 S:012E D:0E68 DB:86 nvMXdizc V: 11 H:124 F:45

		8280B4 C2 20       REP #$20               A:001A X:00A8 Y:0002 S:012E D:0E68 DB:86 nvMXdizc V: 11 H:130 F:45
		8280B6 38          SEC                    A:001A X:00A8 Y:0002 S:012E D:0E68 DB:86 nvmXdizc V: 11 H:145 F:45
		8280B7 A5 05       LDA $05       [000E6D] A:001A X:00A8 Y:0002 S:012E D:0E68 DB:86 nvmXdizC V: 11 H:148 F:45
		8280B9 ED 4D 1E    SBC $1E4D     [861E4D] A:1E8A X:00A8 Y:0002 S:012E D:0E68 DB:86 nvmXdizC V: 11 H:156 F:45
		8280BC 18          CLC                    A:008A X:00A8 Y:0002 S:012E D:0E68 DB:86 nvmXdizC V: 11 H:165 F:45
		8280BD 69 20 00    ADC #$0020             A:008A X:00A8 Y:0002 S:012E D:0E68 DB:86 nvmXdizc V: 11 H:168 F:45
		8280C0 C9 40 01    CMP #$0140             A:00AA X:00A8 Y:0002 S:012E D:0E68 DB:86 nvmXdizc V: 11 H:172 F:45
		8280C3 B0 0F       BCS $000F     [8280D4] A:00AA X:00A8 Y:0002 S:012E D:0E68 DB:86 NvmXdizc V: 11 H:177 F:45
		8280C5 38          SEC                    A:00AA X:00A8 Y:0002 S:012E D:0E68 DB:86 NvmXdizc V: 11 H:180 F:45
		8280C6 A5 08       LDA $08       [000E70] A:00AA X:00A8 Y:0002 S:012E D:0E68 DB:86 NvmXdizC V: 11 H:183 F:45
		8280C8 ED 50 1E    SBC $1E50     [861E50] A:01AC X:00A8 Y:0002 S:012E D:0E68 DB:86 nvmXdizC V: 11 H:191 F:45
		8280CB 18          CLC                    A:00AC X:00A8 Y:0002 S:012E D:0E68 DB:86 nvmXdizC V: 11 H:200 F:45
		8280CC 69 10 00    ADC #$0010             A:00AC X:00A8 Y:0002 S:012E D:0E68 DB:86 nvmXdizc V: 11 H:203 F:45
		8280CF C9 00 01    CMP #$0100             A:00BC X:00A8 Y:0002 S:012E D:0E68 DB:86 nvmXdizc V: 11 H:207 F:45
		8280D2 90 05       BCC $0005     [8280D9] A:00BC X:00A8 Y:0002 S:012E D:0E68 DB:86 NvmXdizc V: 11 H:212 F:45
		8280D9 E2 20       SEP #$20               A:00BC X:00A8 Y:0002 S:012E D:0E68 DB:86 NvmXdizc V: 11 H:216 F:45
		8280DB A9 81       LDA #$81               A:00BC X:00A8 Y:0002 S:012E D:0E68 DB:86 NvMXdizc V: 11 H:221 F:45
		8280DD 85 0E       STA $0E       [000E76] A:0081 X:00A8 Y:0002 S:012E D:0E68 DB:86 NvMXdizc V: 11 H:224 F:45
		8280DF E2 30       SEP #$30               A:0081 X:00A8 Y:0002 S:012E D:0E68 DB:86 NvMXdizc V: 11 H:230 F:45
		8280E1 A6 12       LDX $12       [000E7A] A:0081 X:00A8 Y:0002 S:012E D:0E68 DB:86 NvMXdizc V: 11 H:235 F:45
		8280E3 10 02       BPL $0002     [8280E7] A:0081 X:0004 Y:0002 S:012E D:0E68 DB:86 nvMXdizc V: 11 H:241 F:45
		8280E7 7C EA 80    JMP ($80EA,X) [8280EE] A:0081 X:0004 Y:0002 S:012E D:0E68 DB:86 nvMXdizc V: 11 H:246 F:45

		828135 AD EA 00    LDA $00EA     [8600EA] A:0081 X:0004 Y:0002 S:012E D:0E68 DB:86 nvMXdizc V: 11 H:255 F:45
		828138 C9 20       CMP #$20               A:0001 X:0004 Y:0002 S:012E D:0E68 DB:86 nvMXdizc V: 11 H:261 F:45
		82813A B0 0D       BCS $000D     [828149] A:0001 X:0004 Y:0002 S:012E D:0E68 DB:86 NvMXdizc V: 11 H:264 F:45
		82813C 0A          ASL A                  A:0001 X:0004 Y:0002 S:012E D:0E68 DB:86 NvMXdizc V: 11 H:267 F:45
		82813D AA          TAX                    A:0002 X:0004 Y:0002 S:012E D:0E68 DB:86 nvMXdizc V: 11 H:270 F:45
		82813E C2 20       REP #$20               A:0002 X:0002 Y:0002 S:012E D:0E68 DB:86 nvMXdizc V: 11 H:273 F:45
		828140 7B          TDC                    A:0002 X:0002 Y:0002 S:012E D:0E68 DB:86 nvmXdizc V: 11 H:278 F:45
		828141 9D E0 09    STA $09E0,X   [8609E2] A:0E68 X:0002 Y:0002 S:012E D:0E68 DB:86 nvmXdizc V: 11 H:281 F:45
		828144 E2 20       SEP #$20               A:0E68 X:0002 Y:0002 S:012E D:0E68 DB:86 nvmXdizc V: 11 H:291 F:45
		828146 EE EA 00    INC $00EA     [8600EA] A:0E68 X:0002 Y:0002 S:012E D:0E68 DB:86 nvMXdizc V: 11 H:295 F:45
		828149 6B          RTL                    A:0E68 X:0002 Y:0002 S:012E D:0E68 DB:86 nvMXdizc V: 11 H:305 F:45

	80F9BF 60          RTS                    A:0E68 X:0002 Y:0002 S:0131 D:0E68 DB:86 nvMXdizc V: 11 H:316 F:45

80D4F9 C2 21       REP #$21               A:0E68 X:0002 Y:0002 S:0133 D:0E68 DB:86 nvMXdizc V: 11 H:325 F:45
80D4FB 7B          TDC                    A:0E68 X:0002 Y:0002 S:0133 D:0E68 DB:86 nvmXdizc V: 11 H:329 F:45
80D4FC 69 40 00    ADC #$0040             A:0E68 X:0002 Y:0002 S:0133 D:0E68 DB:86 nvmXdizc V: 11 H:332 F:45
80D4FF C9 28 12    CMP #$1228             A:0EA8 X:0002 Y:0002 S:0133 D:0E68 DB:86 nvmXdizc V: 11 H:337 F:45
80D502 90 EB       BCC $00EB     [80D4EF] A:0EA8 X:0002 Y:0002 S:0133 D:0E68 DB:86 NvmXdizc V: 12 H:  1 F:45
80D4EF 5B          TCD                    A:0EA8 X:0002 Y:0002 S:0133 D:0E68 DB:86 NvmXdizc V: 12 H:  6 F:45
80D4F0 E2 30       SEP #$30               A:0EA8 X:0002 Y:0002 S:0133 D:0EA8 DB:86 nvmXdizc V: 12 H:  9 F:45
80D4F2 A5 00       LDA $00       [000EA8] A:0EA8 X:0002 Y:0002 S:0133 D:0EA8 DB:86 nvMXdizc V: 12 H: 13 F:45
80D4F4 F0 03       BEQ $0003     [80D4F9] A:0E00 X:0002 Y:0002 S:0133 D:0EA8 DB:86 nvMXdiZc V: 12 H: 20 F:45
80D4F9 C2 21       REP #$21               A:0E00 X:0002 Y:0002 S:0133 D:0EA8 DB:86 nvMXdiZc V: 12 H: 24 F:45
80D4FB 7B          TDC                    A:0E00 X:0002 Y:0002 S:0133 D:0EA8 DB:86 nvmXdiZc V: 12 H: 29 F:45
80D4FC 69 40 00    ADC #$0040             A:0EA8 X:0002 Y:0002 S:0133 D:0EA8 DB:86 nvmXdizc V: 12 H: 32 F:45
80D4FF C9 28 12    CMP #$1228             A:0EE8 X:0002 Y:0002 S:0133 D:0EA8 DB:86 nvmXdizc V: 12 H: 36 F:45
80D502 90 EB       BCC $00EB     [80D4EF] A:0EE8 X:0002 Y:0002 S:0133 D:0EA8 DB:86 NvmXdizc V: 12 H: 41 F:45
80D4EF 5B          TCD                    A:0EE8 X:0002 Y:0002 S:0133 D:0EA8 DB:86 NvmXdizc V: 12 H: 45 F:45
80D4F0 E2 30       SEP #$30               A:0EE8 X:0002 Y:0002 S:0133 D:0EE8 DB:86 nvmXdizc V: 12 H: 48 F:45
80D4F2 A5 00       LDA $00       [000EE8] A:0EE8 X:0002 Y:0002 S:0133 D:0EE8 DB:86 nvMXdizc V: 12 H: 53 F:45
80D4F4 F0 03       BEQ $0003     [80D4F9] A:0E00 X:0002 Y:0002 S:0133 D:0EE8 DB:86 nvMXdiZc V: 12 H: 59 F:45
80D4F9 C2 21       REP #$21               A:0E00 X:0002 Y:0002 S:0133 D:0EE8 DB:86 nvMXdiZc V: 12 H: 64 F:45
80D4FB 7B          TDC                    A:0E00 X:0002 Y:0002 S:0133 D:0EE8 DB:86 nvmXdiZc V: 12 H: 68 F:45
80D4FC 69 40 00    ADC #$0040             A:0EE8 X:0002 Y:0002 S:0133 D:0EE8 DB:86 nvmXdizc V: 12 H: 71 F:45
80D4FF C9 28 12    CMP #$1228             A:0F28 X:0002 Y:0002 S:0133 D:0EE8 DB:86 nvmXdizc V: 12 H: 76 F:45
80D502 90 EB       BCC $00EB     [80D4EF] A:0F28 X:0002 Y:0002 S:0133 D:0EE8 DB:86 NvmXdizc V: 12 H: 80 F:45
80D4EF 5B          TCD                    A:0F28 X:0002 Y:0002 S:0133 D:0EE8 DB:86 NvmXdizc V: 12 H: 85 F:45
80D4F0 E2 30       SEP #$30               A:0F28 X:0002 Y:0002 S:0133 D:0F28 DB:86 nvmXdizc V: 12 H: 88 F:45
80D4F2 A5 00       LDA $00       [000F28] A:0F28 X:0002 Y:0002 S:0133 D:0F28 DB:86 nvMXdizc V: 12 H: 92 F:45
80D4F4 F0 03       BEQ $0003     [80D4F9] A:0F00 X:0002 Y:0002 S:0133 D:0F28 DB:86 nvMXdiZc V: 12 H: 99 F:45
80D4F9 C2 21       REP #$21               A:0F00 X:0002 Y:0002 S:0133 D:0F28 DB:86 nvMXdiZc V: 12 H:103 F:45
80D4FB 7B          TDC                    A:0F00 X:0002 Y:0002 S:0133 D:0F28 DB:86 nvmXdiZc V: 12 H:108 F:45
80D4FC 69 40 00    ADC #$0040             A:0F28 X:0002 Y:0002 S:0133 D:0F28 DB:86 nvmXdizc V: 12 H:111 F:45
80D4FF C9 28 12    CMP #$1228             A:0F68 X:0002 Y:0002 S:0133 D:0F28 DB:86 nvmXdizc V: 12 H:115 F:45
80D502 90 EB       BCC $00EB     [80D4EF] A:0F68 X:0002 Y:0002 S:0133 D:0F28 DB:86 NvmXdizc V: 12 H:120 F:45
80D4EF 5B          TCD                    A:0F68 X:0002 Y:0002 S:0133 D:0F28 DB:86 NvmXdizc V: 12 H:124 F:45
80D4F0 E2 30       SEP #$30               A:0F68 X:0002 Y:0002 S:0133 D:0F68 DB:86 nvmXdizc V: 12 H:127 F:45
80D4F2 A5 00       LDA $00       [000F68] A:0F68 X:0002 Y:0002 S:0133 D:0F68 DB:86 nvMXdizc V: 12 H:132 F:45
80D4F4 F0 03       BEQ $0003     [80D4F9] A:0F00 X:0002 Y:0002 S:0133 D:0F68 DB:86 nvMXdiZc V: 12 H:148 F:45
80D4F9 C2 21       REP #$21               A:0F00 X:0002 Y:0002 S:0133 D:0F68 DB:86 nvMXdiZc V: 12 H:153 F:45
80D4FB 7B          TDC                    A:0F00 X:0002 Y:0002 S:0133 D:0F68 DB:86 nvmXdiZc V: 12 H:157 F:45
80D4FC 69 40 00    ADC #$0040             A:0F68 X:0002 Y:0002 S:0133 D:0F68 DB:86 nvmXdizc V: 12 H:160 F:45
80D4FF C9 28 12    CMP #$1228             A:0FA8 X:0002 Y:0002 S:0133 D:0F68 DB:86 nvmXdizc V: 12 H:165 F:45
80D502 90 EB       BCC $00EB     [80D4EF] A:0FA8 X:0002 Y:0002 S:0133 D:0F68 DB:86 NvmXdizc V: 12 H:169 F:45
80D4EF 5B          TCD                    A:0FA8 X:0002 Y:0002 S:0133 D:0F68 DB:86 NvmXdizc V: 12 H:174 F:45
80D4F0 E2 30       SEP #$30               A:0FA8 X:0002 Y:0002 S:0133 D:0FA8 DB:86 nvmXdizc V: 12 H:177 F:45
80D4F2 A5 00       LDA $00       [000FA8] A:0FA8 X:0002 Y:0002 S:0133 D:0FA8 DB:86 nvMXdizc V: 12 H:181 F:45
80D4F4 F0 03       BEQ $0003     [80D4F9] A:0F00 X:0002 Y:0002 S:0133 D:0FA8 DB:86 nvMXdiZc V: 12 H:188 F:45
80D4F9 C2 21       REP #$21               A:0F00 X:0002 Y:0002 S:0133 D:0FA8 DB:86 nvMXdiZc V: 12 H:192 F:45
80D4FB 7B          TDC                    A:0F00 X:0002 Y:0002 S:0133 D:0FA8 DB:86 nvmXdiZc V: 12 H:197 F:45
80D4FC 69 40 00    ADC #$0040             A:0FA8 X:0002 Y:0002 S:0133 D:0FA8 DB:86 nvmXdizc V: 12 H:200 F:45
80D4FF C9 28 12    CMP #$1228             A:0FE8 X:0002 Y:0002 S:0133 D:0FA8 DB:86 nvmXdizc V: 12 H:204 F:45
80D502 90 EB       BCC $00EB     [80D4EF] A:0FE8 X:0002 Y:0002 S:0133 D:0FA8 DB:86 NvmXdizc V: 12 H:209 F:45
80D4EF 5B          TCD                    A:0FE8 X:0002 Y:0002 S:0133 D:0FA8 DB:86 NvmXdizc V: 12 H:213 F:45
80D4F0 E2 30       SEP #$30               A:0FE8 X:0002 Y:0002 S:0133 D:0FE8 DB:86 nvmXdizc V: 12 H:216 F:45
80D4F2 A5 00       LDA $00       [000FE8] A:0FE8 X:0002 Y:0002 S:0133 D:0FE8 DB:86 nvMXdizc V: 12 H:221 F:45
80D4F4 F0 03       BEQ $0003     [80D4F9] A:0F00 X:0002 Y:0002 S:0133 D:0FE8 DB:86 nvMXdiZc V: 12 H:227 F:45
80D4F9 C2 21       REP #$21               A:0F00 X:0002 Y:0002 S:0133 D:0FE8 DB:86 nvMXdiZc V: 12 H:232 F:45
80D4FB 7B          TDC                    A:0F00 X:0002 Y:0002 S:0133 D:0FE8 DB:86 nvmXdiZc V: 12 H:236 F:45
80D4FC 69 40 00    ADC #$0040             A:0FE8 X:0002 Y:0002 S:0133 D:0FE8 DB:86 nvmXdizc V: 12 H:239 F:45
80D4FF C9 28 12    CMP #$1228             A:1028 X:0002 Y:0002 S:0133 D:0FE8 DB:86 nvmXdizc V: 12 H:244 F:45
80D502 90 EB       BCC $00EB     [80D4EF] A:1028 X:0002 Y:0002 S:0133 D:0FE8 DB:86 NvmXdizc V: 12 H:248 F:45
80D4EF 5B          TCD                    A:1028 X:0002 Y:0002 S:0133 D:0FE8 DB:86 NvmXdizc V: 12 H:253 F:45
80D4F0 E2 30       SEP #$30               A:1028 X:0002 Y:0002 S:0133 D:1028 DB:86 nvmXdizc V: 12 H:256 F:45
80D4F2 A5 00       LDA $00       [001028] A:1028 X:0002 Y:0002 S:0133 D:1028 DB:86 nvMXdizc V: 12 H:260 F:45
80D4F4 F0 03       BEQ $0003     [80D4F9] A:1000 X:0002 Y:0002 S:0133 D:1028 DB:86 nvMXdiZc V: 12 H:267 F:45
80D4F9 C2 21       REP #$21               A:1000 X:0002 Y:0002 S:0133 D:1028 DB:86 nvMXdiZc V: 12 H:271 F:45
80D4FB 7B          TDC                    A:1000 X:0002 Y:0002 S:0133 D:1028 DB:86 nvmXdiZc V: 12 H:276 F:45
80D4FC 69 40 00    ADC #$0040             A:1028 X:0002 Y:0002 S:0133 D:1028 DB:86 nvmXdizc V: 12 H:279 F:45
80D4FF C9 28 12    CMP #$1228             A:1068 X:0002 Y:0002 S:0133 D:1028 DB:86 nvmXdizc V: 12 H:283 F:45
80D502 90 EB       BCC $00EB     [80D4EF] A:1068 X:0002 Y:0002 S:0133 D:1028 DB:86 NvmXdizc V: 12 H:288 F:45
80D4EF 5B          TCD                    A:1068 X:0002 Y:0002 S:0133 D:1028 DB:86 NvmXdizc V: 12 H:292 F:45
80D4F0 E2 30       SEP #$30               A:1068 X:0002 Y:0002 S:0133 D:1068 DB:86 nvmXdizc V: 12 H:295 F:45
80D4F2 A5 00       LDA $00       [001068] A:1068 X:0002 Y:0002 S:0133 D:1068 DB:86 nvMXdizc V: 12 H:300 F:45
80D4F4 F0 03       BEQ $0003     [80D4F9] A:1000 X:0002 Y:0002 S:0133 D:1068 DB:86 nvMXdiZc V: 12 H:306 F:45
80D4F9 C2 21       REP #$21               A:1000 X:0002 Y:0002 S:0133 D:1068 DB:86 nvMXdiZc V: 12 H:311 F:45
80D4FB 7B          TDC                    A:1000 X:0002 Y:0002 S:0133 D:1068 DB:86 nvmXdiZc V: 12 H:315 F:45
80D4FC 69 40 00    ADC #$0040             A:1068 X:0002 Y:0002 S:0133 D:1068 DB:86 nvmXdizc V: 12 H:318 F:45
80D4FF C9 28 12    CMP #$1228             A:10A8 X:0002 Y:0002 S:0133 D:1068 DB:86 nvmXdizc V: 12 H:323 F:45
80D502 90 EB       BCC $00EB     [80D4EF] A:10A8 X:0002 Y:0002 S:0133 D:1068 DB:86 NvmXdizc V: 12 H:327 F:45
80D4EF 5B          TCD                    A:10A8 X:0002 Y:0002 S:0133 D:1068 DB:86 NvmXdizc V: 12 H:331 F:45
80D4F0 E2 30       SEP #$30               A:10A8 X:0002 Y:0002 S:0133 D:10A8 DB:86 nvmXdizc V: 12 H:334 F:45
80D4F2 A5 00       LDA $00       [0010A8] A:10A8 X:0002 Y:0002 S:0133 D:10A8 DB:86 nvMXdizc V: 12 H:338 F:45
80D4F4 F0 03       BEQ $0003     [80D4F9] A:1000 X:0002 Y:0002 S:0133 D:10A8 DB:86 nvMXdiZc V: 13 H:  5 F:45
80D4F9 C2 21       REP #$21               A:1000 X:0002 Y:0002 S:0133 D:10A8 DB:86 nvMXdiZc V: 13 H:  9 F:45
80D4FB 7B          TDC                    A:1000 X:0002 Y:0002 S:0133 D:10A8 DB:86 nvmXdiZc V: 13 H: 14 F:45
80D4FC 69 40 00    ADC #$0040             A:10A8 X:0002 Y:0002 S:0133 D:10A8 DB:86 nvmXdizc V: 13 H: 17 F:45
80D4FF C9 28 12    CMP #$1228             A:10E8 X:0002 Y:0002 S:0133 D:10A8 DB:86 nvmXdizc V: 13 H: 21 F:45
80D502 90 EB       BCC $00EB     [80D4EF] A:10E8 X:0002 Y:0002 S:0133 D:10A8 DB:86 NvmXdizc V: 13 H: 26 F:45
80D4EF 5B          TCD                    A:10E8 X:0002 Y:0002 S:0133 D:10A8 DB:86 NvmXdizc V: 13 H: 30 F:45
80D4F0 E2 30       SEP #$30               A:10E8 X:0002 Y:0002 S:0133 D:10E8 DB:86 nvmXdizc V: 13 H: 33 F:45
80D4F2 A5 00       LDA $00       [0010E8] A:10E8 X:0002 Y:0002 S:0133 D:10E8 DB:86 nvMXdizc V: 13 H: 38 F:45
80D4F4 F0 03       BEQ $0003     [80D4F9] A:1000 X:0002 Y:0002 S:0133 D:10E8 DB:86 nvMXdiZc V: 13 H: 44 F:45
80D4F9 C2 21       REP #$21               A:1000 X:0002 Y:0002 S:0133 D:10E8 DB:86 nvMXdiZc V: 13 H: 49 F:45
80D4FB 7B          TDC                    A:1000 X:0002 Y:0002 S:0133 D:10E8 DB:86 nvmXdiZc V: 13 H: 53 F:45
80D4FC 69 40 00    ADC #$0040             A:10E8 X:0002 Y:0002 S:0133 D:10E8 DB:86 nvmXdizc V: 13 H: 56 F:45
80D4FF C9 28 12    CMP #$1228             A:1128 X:0002 Y:0002 S:0133 D:10E8 DB:86 nvmXdizc V: 13 H: 61 F:45
80D502 90 EB       BCC $00EB     [80D4EF] A:1128 X:0002 Y:0002 S:0133 D:10E8 DB:86 NvmXdizc V: 13 H: 65 F:45
80D4EF 5B          TCD                    A:1128 X:0002 Y:0002 S:0133 D:10E8 DB:86 NvmXdizc V: 13 H: 70 F:45
80D4F0 E2 30       SEP #$30               A:1128 X:0002 Y:0002 S:0133 D:1128 DB:86 nvmXdizc V: 13 H: 73 F:45
80D4F2 A5 00       LDA $00       [001128] A:1128 X:0002 Y:0002 S:0133 D:1128 DB:86 nvMXdizc V: 13 H: 77 F:45
80D4F4 F0 03       BEQ $0003     [80D4F9] A:1100 X:0002 Y:0002 S:0133 D:1128 DB:86 nvMXdiZc V: 13 H: 84 F:45
80D4F9 C2 21       REP #$21               A:1100 X:0002 Y:0002 S:0133 D:1128 DB:86 nvMXdiZc V: 13 H: 88 F:45
80D4FB 7B          TDC                    A:1100 X:0002 Y:0002 S:0133 D:1128 DB:86 nvmXdiZc V: 13 H: 93 F:45
80D4FC 69 40 00    ADC #$0040             A:1128 X:0002 Y:0002 S:0133 D:1128 DB:86 nvmXdizc V: 13 H: 96 F:45
80D4FF C9 28 12    CMP #$1228             A:1168 X:0002 Y:0002 S:0133 D:1128 DB:86 nvmXdizc V: 13 H:100 F:45
80D502 90 EB       BCC $00EB     [80D4EF] A:1168 X:0002 Y:0002 S:0133 D:1128 DB:86 NvmXdizc V: 13 H:105 F:45
80D4EF 5B          TCD                    A:1168 X:0002 Y:0002 S:0133 D:1128 DB:86 NvmXdizc V: 13 H:109 F:45
80D4F0 E2 30       SEP #$30               A:1168 X:0002 Y:0002 S:0133 D:1168 DB:86 nvmXdizc V: 13 H:112 F:45
80D4F2 A5 00       LDA $00       [001168] A:1168 X:0002 Y:0002 S:0133 D:1168 DB:86 nvMXdizc V: 13 H:117 F:45
80D4F4 F0 03       BEQ $0003     [80D4F9] A:1100 X:0002 Y:0002 S:0133 D:1168 DB:86 nvMXdiZc V: 13 H:123 F:45
80D4F9 C2 21       REP #$21               A:1100 X:0002 Y:0002 S:0133 D:1168 DB:86 nvMXdiZc V: 13 H:128 F:45
80D4FB 7B          TDC                    A:1100 X:0002 Y:0002 S:0133 D:1168 DB:86 nvmXdiZc V: 13 H:132 F:45
80D4FC 69 40 00    ADC #$0040             A:1168 X:0002 Y:0002 S:0133 D:1168 DB:86 nvmXdizc V: 13 H:145 F:45
80D4FF C9 28 12    CMP #$1228             A:11A8 X:0002 Y:0002 S:0133 D:1168 DB:86 nvmXdizc V: 13 H:150 F:45
80D502 90 EB       BCC $00EB     [80D4EF] A:11A8 X:0002 Y:0002 S:0133 D:1168 DB:86 NvmXdizc V: 13 H:154 F:45
80D4EF 5B          TCD                    A:11A8 X:0002 Y:0002 S:0133 D:1168 DB:86 NvmXdizc V: 13 H:159 F:45
80D4F0 E2 30       SEP #$30               A:11A8 X:0002 Y:0002 S:0133 D:11A8 DB:86 nvmXdizc V: 13 H:162 F:45
80D4F2 A5 00       LDA $00       [0011A8] A:11A8 X:0002 Y:0002 S:0133 D:11A8 DB:86 nvMXdizc V: 13 H:166 F:45
80D4F4 F0 03       BEQ $0003     [80D4F9] A:1100 X:0002 Y:0002 S:0133 D:11A8 DB:86 nvMXdiZc V: 13 H:173 F:45
80D4F9 C2 21       REP #$21               A:1100 X:0002 Y:0002 S:0133 D:11A8 DB:86 nvMXdiZc V: 13 H:177 F:45
80D4FB 7B          TDC                    A:1100 X:0002 Y:0002 S:0133 D:11A8 DB:86 nvmXdiZc V: 13 H:182 F:45
80D4FC 69 40 00    ADC #$0040             A:11A8 X:0002 Y:0002 S:0133 D:11A8 DB:86 nvmXdizc V: 13 H:185 F:45
80D4FF C9 28 12    CMP #$1228             A:11E8 X:0002 Y:0002 S:0133 D:11A8 DB:86 nvmXdizc V: 13 H:189 F:45
80D502 90 EB       BCC $00EB     [80D4EF] A:11E8 X:0002 Y:0002 S:0133 D:11A8 DB:86 NvmXdizc V: 13 H:194 F:45
80D4EF 5B          TCD                    A:11E8 X:0002 Y:0002 S:0133 D:11A8 DB:86 NvmXdizc V: 13 H:198 F:45
80D4F0 E2 30       SEP #$30               A:11E8 X:0002 Y:0002 S:0133 D:11E8 DB:86 nvmXdizc V: 13 H:201 F:45
80D4F2 A5 00       LDA $00       [0011E8] A:11E8 X:0002 Y:0002 S:0133 D:11E8 DB:86 nvMXdizc V: 13 H:206 F:45
80D4F4 F0 03       BEQ $0003     [80D4F9] A:1100 X:0002 Y:0002 S:0133 D:11E8 DB:86 nvMXdiZc V: 13 H:212 F:45
80D4F9 C2 21       REP #$21               A:1100 X:0002 Y:0002 S:0133 D:11E8 DB:86 nvMXdiZc V: 13 H:217 F:45
80D4FB 7B          TDC                    A:1100 X:0002 Y:0002 S:0133 D:11E8 DB:86 nvmXdiZc V: 13 H:221 F:45
80D4FC 69 40 00    ADC #$0040             A:11E8 X:0002 Y:0002 S:0133 D:11E8 DB:86 nvmXdizc V: 13 H:224 F:45
80D4FF C9 28 12    CMP #$1228             A:1228 X:0002 Y:0002 S:0133 D:11E8 DB:86 nvmXdizc V: 13 H:229 F:45
80D502 90 EB       BCC $00EB     [80D4EF] A:1228 X:0002 Y:0002 S:0133 D:11E8 DB:86 nvmXdiZC V: 13 H:233 F:45
80D504 E2 30       SEP #$30               A:1228 X:0002 Y:0002 S:0133 D:11E8 DB:86 nvmXdiZC V: 13 H:236 F:45
80D506 60          RTS                    A:1228 X:0002 Y:0002 S:0133 D:11E8 DB:86 nvMXdiZC V: 13 H:241 F:45
