80D4F6 20 30 D5    JSR $D530     [80D530] A:0E01 X:0000 Y:0027 S:0133 D:0E68 DB:86 nvMXdizC V:248 H:197 F:26

	80D530 C2 20       REP #$20               A:0E01 X:0000 Y:0027 S:0131 D:0E68 DB:86 nvMXdizC V:248 H:207 F:26
	80D532 A5 05       LDA $05       [000E6D] A:0E01 X:0000 Y:0027 S:0131 D:0E68 DB:86 nvmXdizC V:248 H:212 F:26
	80D534 85 22       STA $22       [000E8A] A:1ED0 X:0000 Y:0027 S:0131 D:0E68 DB:86 nvmXdizC V:248 H:220 F:26
	80D536 A5 08       LDA $08       [000E70] A:1ED0 X:0000 Y:0027 S:0131 D:0E68 DB:86 nvmXdizC V:248 H:229 F:26
	80D538 85 24       STA $24       [000E8C] A:01AC X:0000 Y:0027 S:0131 D:0E68 DB:86 nvmXdizC V:248 H:237 F:26
	80D53A E2 20       SEP #$20               A:01AC X:0000 Y:0027 S:0131 D:0E68 DB:86 nvmXdizC V:248 H:246 F:26
	80D53C A9 80       LDA #$80               A:01AC X:0000 Y:0027 S:0131 D:0E68 DB:86 nvMXdizC V:248 H:250 F:26
	80D53E 14 0E       TRB $0E       [000E76] A:0180 X:0000 Y:0027 S:0131 D:0E68 DB:86 NvMXdizC V:248 H:253 F:26
	80D540 A5 0A       LDA $0A       [000E72] A:0180 X:0000 Y:0027 S:0131 D:0E68 DB:86 NvMXdizC V:248 H:263 F:26
	80D542 0A          ASL A                  A:0102 X:0000 Y:0027 S:0131 D:0E68 DB:86 nvMXdizC V:248 H:270 F:26
	80D543 AA          TAX                    A:0104 X:0000 Y:0027 S:0131 D:0E68 DB:86 nvMXdizc V:248 H:273 F:26
	80D544 7C DD F8    JMP ($F8DD,X) [80F8E1] A:0104 X:0004 Y:0027 S:0131 D:0E68 DB:86 nvMXdizc V:248 H:276 F:26

	80F9BB 22 16 B5 81 JSL $81B516   [81B516] A:0104 X:0004 Y:0027 S:0131 D:0E68 DB:86 nvMXdizc V:248 H:285 F:26

		81B516 A6 01       LDX $01       [000E69] A:0104 X:0004 Y:0027 S:012E D:0E68 DB:86 nvMXdizc V:248 H:298 F:26
		81B518 7C 1B B5    JMP ($B51B,X) [81B51F] A:0104 X:0004 Y:0027 S:012E D:0E68 DB:86 nvMXdizc V:248 H:305 F:26

		81B629 A5 33       LDA $33       [000E9B] A:0104 X:0004 Y:0027 S:012E D:0E68 DB:86 nvMXdizc V:248 H:314 F:26
		81B62B 04 11       TSB $11       [000E79] A:0108 X:0004 Y:0027 S:012E D:0E68 DB:86 nvMXdizc V:248 H:320 F:26
		81B62D C2 20       REP #$20               A:0108 X:0004 Y:0027 S:012E D:0E68 DB:86 nvMXdizc V:248 H:329 F:26
		81B62F A9 2D C4    LDA #$C42D             A:0108 X:0004 Y:0027 S:012E D:0E68 DB:86 nvmXdizc V:248 H:334 F:26
		81B632 85 20       STA $20       [000E88] A:C42D X:0004 Y:0027 S:012E D:0E68 DB:86 NvmXdizc V:248 H:338 F:26
		81B634 E2 20       SEP #$20               A:C42D X:0004 Y:0027 S:012E D:0E68 DB:86 NvmXdizc V:249 H:  7 F:26
		81B636 A6 02       LDX $02       [000E6A] A:C42D X:0004 Y:0027 S:012E D:0E68 DB:86 NvMXdizc V:249 H: 11 F:26
		81B638 FC F3 B6    JSR ($B6F3,X) [81B6F3] A:C42D X:0000 Y:0027 S:012E D:0E68 DB:86 nvMXdiZc V:249 H: 18 F:26

			81B6FF A6 03       LDX $03       [000E6B] A:C42D X:0000 Y:0027 S:012C D:0E68 DB:86 nvMXdiZc V:249 H: 31 F:26
			81B701 7C 04 B7    JMP ($B704,X) [81B706] A:C42D X:0002 Y:0027 S:012C D:0E68 DB:86 nvMXdizc V:249 H: 37 F:26				JMP ($B706) = $81B721 --> Jump to 00,02 routine

			81B721 22 EA 8E 84 JSL $848EEA   [848EEA] A:C42D X:0002 Y:0027 S:012C D:0E68 DB:86 nvMXdizc V:249 H: 46 F:26				JSL $848EEA --> Countdown skeleton routine -> 00,02 continues from skeleton loaded in 00,00

				848EEA 08          PHP                    A:C42D X:0002 Y:0027 S:0129 D:0E68 DB:86 nvMXdizc V:249 H: 60 F:26			Push Processor Flags
				848EEB 8B          PHB                    A:C42D X:0002 Y:0027 S:0128 D:0E68 DB:86 nvMXdizc V:249 H: 65 F:26			Push DB
				848EEC E2 30       SEP #$30               A:C42D X:0002 Y:0027 S:0127 D:0E68 DB:86 nvMXdizc V:249 H: 70 F:26			A:1B,X:1B
				848EEE C6 13       DEC $13       [000E7B] A:C42D X:0002 Y:0027 S:0127 D:0E68 DB:86 nvMXdizc V:249 H: 74 F:26			Decrease Countdown
				848EF0 D0 5D       BNE $005D     [848F4F] A:C42D X:0002 Y:0027 S:0127 D:0E68 DB:86 nvMXdiZc V:249 H: 84 F:26			Branch if Countdown <> #$00
				848EF2 A9 AF       LDA #$AF               A:C42D X:0002 Y:0027 S:0127 D:0E68 DB:86 nvMXdiZc V:249 H: 87 F:26			|DB = #$AF
				848EF4 48          PHA                    A:C4AF X:0002 Y:0027 S:0127 D:0E68 DB:86 NvMXdizc V:249 H: 90 F:26			|
				848EF5 AB          PLB                    A:C4AF X:0002 Y:0027 S:0126 D:0E68 DB:86 NvMXdizc V:249 H: 95 F:26			|
				848EF6 C2 21       REP #$21               A:C4AF X:0002 Y:0027 S:0127 D:0E68 DB:AF NvMXdizc V:249 H:102 F:26			A:2B,X:1B
				848EF8 A5 14       LDA $14       [000E7C] A:C4AF X:0002 Y:0027 S:0127 D:0E68 DB:AF NvmXdizc V:249 H:106 F:26			
				848EFA 69 03 00    ADC #$0003             A:D028 X:0002 Y:0027 S:0127 D:0E68 DB:AF NvmXdizc V:249 H:115 F:26			
				848EFD A4 0F       LDY $0F       [000E77] A:D02B X:0002 Y:0027 S:0127 D:0E68 DB:AF NvmXdizc V:249 H:119 F:26			Y = CDAction
				848EFF 10 37       BPL $0037     [848F38] A:D02B X:0002 Y:0000 S:0127 D:0E68 DB:AF nvmXdiZc V:249 H:126 F:26			Branch because CDAction is positive
				848F38 85 14       STA $14       [000E7C] A:D02B X:0002 Y:0000 S:0127 D:0E68 DB:AF nvmXdiZc V:249 H:130 F:26			CDPointer = CDPointer + #$03
				848F3A E2 30       SEP #$30               A:D02B X:0002 Y:0000 S:0127 D:0E68 DB:AF nvmXdiZc V:249 H:149 F:26			A:1B,X:1B
				848F3C B2 14       LDA ($14)     [AFD02B] A:D02B X:0002 Y:0000 S:0127 D:0E68 DB:AF nvMXdiZc V:249 H:153 F:26			|Countdown = ($14)
				848F3E 85 13       STA $13       [000E7B] A:D00B X:0002 Y:0000 S:0127 D:0E68 DB:AF nvMXdizc V:249 H:163 F:26			|
				848F40 A0 01       LDY #$01               A:D00B X:0002 Y:0000 S:0127 D:0E68 DB:AF nvMXdizc V:249 H:170 F:26			|
				848F42 B1 14       LDA ($14),Y   [AFD02C] A:D00B X:0002 Y:0001 S:0127 D:0E68 DB:AF nvMXdizc V:249 H:173 F:26			|CDAction = ($14),1
				848F44 85 0F       STA $0F       [000E77] A:D000 X:0002 Y:0001 S:0127 D:0E68 DB:AF nvMXdiZc V:249 H:183 F:26			|
				848F46 C8          INY                    A:D000 X:0002 Y:0001 S:0127 D:0E68 DB:AF nvMXdiZc V:249 H:189 F:26			|
				848F47 B1 14       LDA ($14),Y   [AFD02D] A:D000 X:0002 Y:0002 S:0127 D:0E68 DB:AF nvMXdizc V:249 H:192 F:26			|Sprite = ($14),2
				848F49 85 17       STA $17       [000E7F] A:D002 X:0002 Y:0002 S:0127 D:0E68 DB:AF nvMXdizc V:249 H:202 F:26			|
				848F4B A9 80       LDA #$80               A:D002 X:0002 Y:0002 S:0127 D:0E68 DB:AF nvMXdizc V:249 H:209 F:26			|Set bit #$80 to Sprite
				848F4D 04 17       TSB $17       [000E7F] A:D080 X:0002 Y:0002 S:0127 D:0E68 DB:AF NvMXdizc V:249 H:212 F:26			|
				848F4F AB          PLB                    A:D080 X:0002 Y:0002 S:0127 D:0E68 DB:AF NvMXdiZc V:249 H:222 F:26			Pull DB
				848F50 28          PLP                    A:D080 X:0002 Y:0002 S:0128 D:0E68 DB:86 NvMXdizc V:249 H:228 F:26			Pull Processor Flags
				848F51 6B          RTL                    A:D080 X:0002 Y:0002 S:0129 D:0E68 DB:86 nvMXdizc V:249 H:235 F:26			Return

			81B725 A5 17       LDA $17       [000E7F] A:D080 X:0002 Y:0002 S:012C D:0E68 DB:86 nvMXdizc V:249 H:245 F:26				Load Sprite
			81B727 10 42       BPL $0042     [81B76B] A:D082 X:0002 Y:0002 S:012C D:0E68 DB:86 NvMXdizc V:249 H:252 F:26				Branch if Sprite is positive
			81B729 29 7F       AND #$7F               A:D082 X:0002 Y:0002 S:012C D:0E68 DB:86 NvMXdizc V:249 H:255 F:26				AND #$7F
			81B72B 85 17       STA $17       [000E7F] A:D002 X:0002 Y:0002 S:012C D:0E68 DB:86 nvMXdizc V:249 H:258 F:26				Store Sprite
			81B72D A5 0F       LDA $0F       [000E77] A:D002 X:0002 Y:0002 S:012C D:0E68 DB:86 nvMXdizc V:249 H:264 F:26				|Branch because CDAction AND #$7F = #$00
			81B72F 29 7F       AND #$7F               A:D000 X:0002 Y:0002 S:012C D:0E68 DB:86 nvMXdiZc V:249 H:271 F:26				|
			81B731 F0 38       BEQ $0038     [81B76B] A:D000 X:0002 Y:0002 S:012C D:0E68 DB:86 nvMXdiZc V:249 H:274 F:26				|
			81B76B A5 0F       LDA $0F       [000E77] A:D000 X:0002 Y:0002 S:012C D:0E68 DB:86 nvMXdiZc V:249 H:278 F:26				|Branch because CDAction is positive
			81B76D 10 16       BPL $0016     [81B785] A:D000 X:0002 Y:0002 S:012C D:0E68 DB:86 nvMXdiZc V:249 H:285 F:26				|
			81B785 60          RTS                    A:D000 X:0002 Y:0002 S:012C D:0E68 DB:86 nvMXdiZc V:249 H:289 F:26				Return

		81B63B A9 09       LDA #$09               A:D000 X:0002 Y:0002 S:012E D:0E68 DB:86 nvMXdiZc V:249 H:299 F:26
		81B63D A6 35       LDX $35       [000E9D] A:D009 X:0002 Y:0002 S:012E D:0E68 DB:86 nvMXdizc V:249 H:302 F:26
		81B63F F0 02       BEQ $0002     [81B643] A:D009 X:0000 Y:0002 S:012E D:0E68 DB:86 nvMXdiZc V:249 H:309 F:26
		81B643 85 28       STA $28       [000E90] A:D009 X:0000 Y:0002 S:012E D:0E68 DB:86 nvMXdiZc V:249 H:313 F:26
		81B645 A5 39       LDA $39       [000EA1] A:D009 X:0000 Y:0002 S:012E D:0E68 DB:86 nvMXdiZc V:249 H:320 F:26
		81B647 F0 02       BEQ $0002     [81B64B] A:D000 X:0000 Y:0002 S:012E D:0E68 DB:86 nvMXdiZc V:249 H:326 F:26
		81B64B A5 17       LDA $17       [000E7F] A:D000 X:0000 Y:0002 S:012E D:0E68 DB:86 nvMXdiZc V:249 H:330 F:26
		81B64D 29 7F       AND #$7F               A:D002 X:0000 Y:0002 S:012E D:0E68 DB:86 nvMXdizc V:249 H:336 F:26
		81B64F AA          TAX                    A:D002 X:0000 Y:0002 S:012E D:0E68 DB:86 nvMXdizc V:249 H:339 F:26
		81B650 BD AB C4    LDA $C4AB,X   [86C4AD] A:D002 X:0002 Y:0002 S:012E D:0E68 DB:86 nvMXdizc V:250 H:  2 F:26
		81B653 0A          ASL A                  A:D000 X:0002 Y:0002 S:012E D:0E68 DB:86 nvMXdiZc V:250 H:  8 F:26
		81B654 0A          ASL A                  A:D000 X:0002 Y:0002 S:012E D:0E68 DB:86 nvMXdiZc V:250 H: 11 F:26
		81B655 C2 20       REP #$20               A:D000 X:0002 Y:0002 S:012E D:0E68 DB:86 nvMXdiZc V:250 H: 14 F:26
		81B657 29 FF 00    AND #$00FF             A:D000 X:0002 Y:0002 S:012E D:0E68 DB:86 nvmXdiZc V:250 H: 19 F:26
		81B65A 18          CLC                    A:0000 X:0002 Y:0002 S:012E D:0E68 DB:86 nvmXdiZc V:250 H: 23 F:26
		81B65B 69 37 C4    ADC #$C437             A:0000 X:0002 Y:0002 S:012E D:0E68 DB:86 nvmXdiZc V:250 H: 26 F:26
		81B65E 85 20       STA $20       [000E88] A:C437 X:0002 Y:0002 S:012E D:0E68 DB:86 NvmXdizc V:250 H: 31 F:26
		81B660 E2 20       SEP #$20               A:C437 X:0002 Y:0002 S:012E D:0E68 DB:86 NvmXdizc V:250 H: 39 F:26
		81B662 22 43 9B 84 JSL $849B43   [849B43] A:C437 X:0002 Y:0002 S:012E D:0E68 DB:86 NvMXdizc V:250 H: 44 F:26

			849B43 C2 10       REP #$10               A:C437 X:0002 Y:0002 S:012B D:0E68 DB:86 NvMXdizc V:250 H: 57 F:26
			849B45 A5 27       LDA $27       [000E8F] A:C437 X:0002 Y:0002 S:012B D:0E68 DB:86 NvMxdizc V:250 H: 62 F:26
			849B47 29 7F       AND #$7F               A:C420 X:0002 Y:0002 S:012B D:0E68 DB:86 nvMxdizc V:250 H: 68 F:26
			849B49 85 27       STA $27       [000E8F] A:C420 X:0002 Y:0002 S:012B D:0E68 DB:86 nvMxdizc V:250 H: 71 F:26
			849B4B F0 2C       BEQ $002C     [849B79] A:C420 X:0002 Y:0002 S:012B D:0E68 DB:86 nvMxdizc V:250 H: 78 F:26
			849B4D A5 30       LDA $30       [000E98] A:C420 X:0002 Y:0002 S:012B D:0E68 DB:86 nvMxdizc V:250 H: 81 F:26
			849B4F D0 28       BNE $0028     [849B79] A:C400 X:0002 Y:0002 S:012B D:0E68 DB:86 nvMxdiZc V:250 H: 87 F:26
			849B51 A5 0E       LDA $0E       [000E76] A:C400 X:0002 Y:0002 S:012B D:0E68 DB:86 nvMxdiZc V:250 H: 90 F:26
			849B53 F0 24       BEQ $0024     [849B79] A:C401 X:0002 Y:0002 S:012B D:0E68 DB:86 nvMxdizc V:250 H: 97 F:26
			849B55 A2 28 12    LDX #$1228             A:C401 X:0002 Y:0002 S:012B D:0E68 DB:86 nvMxdizc V:250 H:100 F:26
			849B58 E2 20       SEP #$20               A:C401 X:1228 Y:0002 S:012B D:0E68 DB:86 nvMxdizc V:250 H:104 F:26
			849B5A BD 00 00    LDA $0000,X   [861228] A:C401 X:1228 Y:0002 S:012B D:0E68 DB:86 nvMxdizc V:250 H:109 F:26
			849B5D F0 0E       BEQ $000E     [849B6D] A:C400 X:1228 Y:0002 S:012B D:0E68 DB:86 nvMxdiZc V:250 H:117 F:26
			849B6D C2 21       REP #$21               A:C400 X:1228 Y:0002 S:012B D:0E68 DB:86 nvMxdiZc V:250 H:121 F:26
			849B6F 8A          TXA                    A:C400 X:1228 Y:0002 S:012B D:0E68 DB:86 nvmxdiZc V:250 H:126 F:26
			849B70 69 40 00    ADC #$0040             A:1228 X:1228 Y:0002 S:012B D:0E68 DB:86 nvmxdizc V:250 H:129 F:26
			849B73 AA          TAX                    A:1268 X:1228 Y:0002 S:012B D:0E68 DB:86 nvmxdizc V:250 H:143 F:26
			849B74 C9 28 14    CMP #$1428             A:1268 X:1268 Y:0002 S:012B D:0E68 DB:86 nvmxdizc V:250 H:146 F:26
			849B77 90 DF       BCC $00DF     [849B58] A:1268 X:1268 Y:0002 S:012B D:0E68 DB:86 Nvmxdizc V:250 H:151 F:26
			849B58 E2 20       SEP #$20               A:1268 X:1268 Y:0002 S:012B D:0E68 DB:86 Nvmxdizc V:250 H:155 F:26
			849B5A BD 00 00    LDA $0000,X   [861268] A:1268 X:1268 Y:0002 S:012B D:0E68 DB:86 NvMxdizc V:250 H:160 F:26
			849B5D F0 0E       BEQ $000E     [849B6D] A:1200 X:1268 Y:0002 S:012B D:0E68 DB:86 nvMxdiZc V:250 H:168 F:26
			849B6D C2 21       REP #$21               A:1200 X:1268 Y:0002 S:012B D:0E68 DB:86 nvMxdiZc V:250 H:172 F:26
			849B6F 8A          TXA                    A:1200 X:1268 Y:0002 S:012B D:0E68 DB:86 nvmxdiZc V:250 H:177 F:26
			849B70 69 40 00    ADC #$0040             A:1268 X:1268 Y:0002 S:012B D:0E68 DB:86 nvmxdizc V:250 H:180 F:26
			849B73 AA          TAX                    A:12A8 X:1268 Y:0002 S:012B D:0E68 DB:86 nvmxdizc V:250 H:184 F:26
			849B74 C9 28 14    CMP #$1428             A:12A8 X:12A8 Y:0002 S:012B D:0E68 DB:86 nvmxdizc V:250 H:187 F:26
			849B77 90 DF       BCC $00DF     [849B58] A:12A8 X:12A8 Y:0002 S:012B D:0E68 DB:86 Nvmxdizc V:250 H:192 F:26
			849B58 E2 20       SEP #$20               A:12A8 X:12A8 Y:0002 S:012B D:0E68 DB:86 Nvmxdizc V:250 H:196 F:26
			849B5A BD 00 00    LDA $0000,X   [8612A8] A:12A8 X:12A8 Y:0002 S:012B D:0E68 DB:86 NvMxdizc V:250 H:201 F:26
			849B5D F0 0E       BEQ $000E     [849B6D] A:1200 X:12A8 Y:0002 S:012B D:0E68 DB:86 nvMxdiZc V:250 H:209 F:26
			849B6D C2 21       REP #$21               A:1200 X:12A8 Y:0002 S:012B D:0E68 DB:86 nvMxdiZc V:250 H:213 F:26
			849B6F 8A          TXA                    A:1200 X:12A8 Y:0002 S:012B D:0E68 DB:86 nvmxdiZc V:250 H:218 F:26
			849B70 69 40 00    ADC #$0040             A:12A8 X:12A8 Y:0002 S:012B D:0E68 DB:86 nvmxdizc V:250 H:221 F:26
			849B73 AA          TAX                    A:12E8 X:12A8 Y:0002 S:012B D:0E68 DB:86 nvmxdizc V:250 H:225 F:26
			849B74 C9 28 14    CMP #$1428             A:12E8 X:12E8 Y:0002 S:012B D:0E68 DB:86 nvmxdizc V:250 H:228 F:26
			849B77 90 DF       BCC $00DF     [849B58] A:12E8 X:12E8 Y:0002 S:012B D:0E68 DB:86 Nvmxdizc V:250 H:233 F:26
			849B58 E2 20       SEP #$20               A:12E8 X:12E8 Y:0002 S:012B D:0E68 DB:86 Nvmxdizc V:250 H:237 F:26
			849B5A BD 00 00    LDA $0000,X   [8612E8] A:12E8 X:12E8 Y:0002 S:012B D:0E68 DB:86 NvMxdizc V:250 H:242 F:26
			849B5D F0 0E       BEQ $000E     [849B6D] A:1200 X:12E8 Y:0002 S:012B D:0E68 DB:86 nvMxdiZc V:250 H:250 F:26
			849B6D C2 21       REP #$21               A:1200 X:12E8 Y:0002 S:012B D:0E68 DB:86 nvMxdiZc V:250 H:254 F:26
			849B6F 8A          TXA                    A:1200 X:12E8 Y:0002 S:012B D:0E68 DB:86 nvmxdiZc V:250 H:259 F:26
			849B70 69 40 00    ADC #$0040             A:12E8 X:12E8 Y:0002 S:012B D:0E68 DB:86 nvmxdizc V:250 H:262 F:26
			849B73 AA          TAX                    A:1328 X:12E8 Y:0002 S:012B D:0E68 DB:86 nvmxdizc V:250 H:266 F:26
			849B74 C9 28 14    CMP #$1428             A:1328 X:1328 Y:0002 S:012B D:0E68 DB:86 nvmxdizc V:250 H:269 F:26
			849B77 90 DF       BCC $00DF     [849B58] A:1328 X:1328 Y:0002 S:012B D:0E68 DB:86 Nvmxdizc V:250 H:274 F:26
			849B58 E2 20       SEP #$20               A:1328 X:1328 Y:0002 S:012B D:0E68 DB:86 Nvmxdizc V:250 H:278 F:26
			849B5A BD 00 00    LDA $0000,X   [861328] A:1328 X:1328 Y:0002 S:012B D:0E68 DB:86 NvMxdizc V:250 H:283 F:26
			849B5D F0 0E       BEQ $000E     [849B6D] A:1300 X:1328 Y:0002 S:012B D:0E68 DB:86 nvMxdiZc V:250 H:291 F:26
			849B6D C2 21       REP #$21               A:1300 X:1328 Y:0002 S:012B D:0E68 DB:86 nvMxdiZc V:250 H:295 F:26
			849B6F 8A          TXA                    A:1300 X:1328 Y:0002 S:012B D:0E68 DB:86 nvmxdiZc V:250 H:300 F:26
			849B70 69 40 00    ADC #$0040             A:1328 X:1328 Y:0002 S:012B D:0E68 DB:86 nvmxdizc V:250 H:303 F:26
			849B73 AA          TAX                    A:1368 X:1328 Y:0002 S:012B D:0E68 DB:86 nvmxdizc V:250 H:307 F:26
			849B74 C9 28 14    CMP #$1428             A:1368 X:1368 Y:0002 S:012B D:0E68 DB:86 nvmxdizc V:250 H:310 F:26
			849B77 90 DF       BCC $00DF     [849B58] A:1368 X:1368 Y:0002 S:012B D:0E68 DB:86 Nvmxdizc V:250 H:315 F:26
			849B58 E2 20       SEP #$20               A:1368 X:1368 Y:0002 S:012B D:0E68 DB:86 Nvmxdizc V:250 H:319 F:26
			849B5A BD 00 00    LDA $0000,X   [861368] A:1368 X:1368 Y:0002 S:012B D:0E68 DB:86 NvMxdizc V:250 H:323 F:26
			849B5D F0 0E       BEQ $000E     [849B6D] A:1300 X:1368 Y:0002 S:012B D:0E68 DB:86 nvMxdiZc V:250 H:331 F:26
			849B6D C2 21       REP #$21               A:1300 X:1368 Y:0002 S:012B D:0E68 DB:86 nvMxdiZc V:250 H:335 F:26
			849B6F 8A          TXA                    A:1300 X:1368 Y:0002 S:012B D:0E68 DB:86 nvmxdiZc V:251 H:  0 F:26
			849B70 69 40 00    ADC #$0040             A:1368 X:1368 Y:0002 S:012B D:0E68 DB:86 nvmxdizc V:251 H:  3 F:26
			849B73 AA          TAX                    A:13A8 X:1368 Y:0002 S:012B D:0E68 DB:86 nvmxdizc V:251 H:  7 F:26
			849B74 C9 28 14    CMP #$1428             A:13A8 X:13A8 Y:0002 S:012B D:0E68 DB:86 nvmxdizc V:251 H: 10 F:26
			849B77 90 DF       BCC $00DF     [849B58] A:13A8 X:13A8 Y:0002 S:012B D:0E68 DB:86 Nvmxdizc V:251 H: 15 F:26
			849B58 E2 20       SEP #$20               A:13A8 X:13A8 Y:0002 S:012B D:0E68 DB:86 Nvmxdizc V:251 H: 19 F:26
			849B5A BD 00 00    LDA $0000,X   [8613A8] A:13A8 X:13A8 Y:0002 S:012B D:0E68 DB:86 NvMxdizc V:251 H: 24 F:26
			849B5D F0 0E       BEQ $000E     [849B6D] A:1300 X:13A8 Y:0002 S:012B D:0E68 DB:86 nvMxdiZc V:251 H: 32 F:26
			849B6D C2 21       REP #$21               A:1300 X:13A8 Y:0002 S:012B D:0E68 DB:86 nvMxdiZc V:251 H: 36 F:26
			849B6F 8A          TXA                    A:1300 X:13A8 Y:0002 S:012B D:0E68 DB:86 nvmxdiZc V:251 H: 41 F:26
			849B70 69 40 00    ADC #$0040             A:13A8 X:13A8 Y:0002 S:012B D:0E68 DB:86 nvmxdizc V:251 H: 44 F:26
			849B73 AA          TAX                    A:13E8 X:13A8 Y:0002 S:012B D:0E68 DB:86 nvmxdizc V:251 H: 48 F:26
			849B74 C9 28 14    CMP #$1428             A:13E8 X:13E8 Y:0002 S:012B D:0E68 DB:86 nvmxdizc V:251 H: 51 F:26
			849B77 90 DF       BCC $00DF     [849B58] A:13E8 X:13E8 Y:0002 S:012B D:0E68 DB:86 Nvmxdizc V:251 H: 56 F:26
			849B58 E2 20       SEP #$20               A:13E8 X:13E8 Y:0002 S:012B D:0E68 DB:86 Nvmxdizc V:251 H: 60 F:26
			849B5A BD 00 00    LDA $0000,X   [8613E8] A:13E8 X:13E8 Y:0002 S:012B D:0E68 DB:86 NvMxdizc V:251 H: 65 F:26
			849B5D F0 0E       BEQ $000E     [849B6D] A:1300 X:13E8 Y:0002 S:012B D:0E68 DB:86 nvMxdiZc V:251 H: 73 F:26
			849B6D C2 21       REP #$21               A:1300 X:13E8 Y:0002 S:012B D:0E68 DB:86 nvMxdiZc V:251 H: 77 F:26
			849B6F 8A          TXA                    A:1300 X:13E8 Y:0002 S:012B D:0E68 DB:86 nvmxdiZc V:251 H: 82 F:26
			849B70 69 40 00    ADC #$0040             A:13E8 X:13E8 Y:0002 S:012B D:0E68 DB:86 nvmxdizc V:251 H: 85 F:26
			849B73 AA          TAX                    A:1428 X:13E8 Y:0002 S:012B D:0E68 DB:86 nvmxdizc V:251 H: 89 F:26
			849B74 C9 28 14    CMP #$1428             A:1428 X:1428 Y:0002 S:012B D:0E68 DB:86 nvmxdizc V:251 H: 92 F:26
			849B77 90 DF       BCC $00DF     [849B58] A:1428 X:1428 Y:0002 S:012B D:0E68 DB:86 nvmxdiZC V:251 H: 97 F:26
			849B79 E2 30       SEP #$30               A:1428 X:1428 Y:0002 S:012B D:0E68 DB:86 nvmxdiZC V:251 H:100 F:26
			849B7B A9 00       LDA #$00               A:1428 X:0028 Y:0002 S:012B D:0E68 DB:86 nvMXdiZC V:251 H:104 F:26
			849B7D 6B          RTL                    A:1400 X:0028 Y:0002 S:012B D:0E68 DB:86 nvMXdiZC V:251 H:107 F:26

		81B666 F0 5C       BEQ $005C     [81B6C4] A:1400 X:0028 Y:0002 S:012E D:0E68 DB:86 nvMXdiZC V:251 H:118 F:26
		81B6C4 A5 35       LDA $35       [000E9D] A:1400 X:0028 Y:0002 S:012E D:0E68 DB:86 nvMXdiZC V:251 H:122 F:26
		81B6C6 F0 18       BEQ $0018     [81B6E0] A:1400 X:0028 Y:0002 S:012E D:0E68 DB:86 nvMXdiZC V:251 H:129 F:26
		81B6E0 22 03 9B 84 JSL $849B03   [849B03] A:1400 X:0028 Y:0002 S:012E D:0E68 DB:86 nvMXdiZC V:251 H:133 F:26

			849B03 C2 10       REP #$10               A:1400 X:0028 Y:0002 S:012B D:0E68 DB:86 nvMXdiZC V:251 H:157 F:26
			849B05 A5 27       LDA $27       [000E8F] A:1400 X:0028 Y:0002 S:012B D:0E68 DB:86 nvMxdiZC V:251 H:161 F:26
			849B07 F0 70       BEQ $0070     [849B79] A:1420 X:0028 Y:0002 S:012B D:0E68 DB:86 nvMxdizC V:251 H:168 F:26
			849B09 A5 0E       LDA $0E       [000E76] A:1420 X:0028 Y:0002 S:012B D:0E68 DB:86 nvMxdizC V:251 H:171 F:26
			849B0B F0 31       BEQ $0031     [849B3E] A:1401 X:0028 Y:0002 S:012B D:0E68 DB:86 nvMxdizC V:251 H:177 F:26
			849B0D AD 0C 1F    LDA $1F0C     [861F0C] A:1401 X:0028 Y:0002 S:012B D:0E68 DB:86 nvMxdizC V:251 H:180 F:26
			849B10 D0 2C       BNE $002C     [849B3E] A:1400 X:0028 Y:0002 S:012B D:0E68 DB:86 nvMxdiZC V:251 H:187 F:26
			849B12 AD 32 0C    LDA $0C32     [860C32] A:1400 X:0028 Y:0002 S:012B D:0E68 DB:86 nvMxdiZC V:251 H:190 F:26
			849B15 D0 11       BNE $0011     [849B28] A:1400 X:0028 Y:0002 S:012B D:0E68 DB:86 nvMxdiZC V:251 H:196 F:26
			849B17 AD 30 0C    LDA $0C30     [860C30] A:1400 X:0028 Y:0002 S:012B D:0E68 DB:86 nvMxdiZC V:251 H:199 F:26
			849B1A D0 0C       BNE $000C     [849B28] A:1400 X:0028 Y:0002 S:012B D:0E68 DB:86 nvMxdiZC V:251 H:206 F:26
			849B1C A2 A8 0B    LDX #$0BA8             A:1400 X:0028 Y:0002 S:012B D:0E68 DB:86 nvMxdiZC V:251 H:209 F:26
			849B1F 22 0E 9C 84 JSL $849C0E   [849C0E] A:1400 X:0BA8 Y:0002 S:012B D:0E68 DB:86 nvMxdizC V:251 H:213 F:26

				849C0E 5A          PHY                    A:1400 X:0BA8 Y:0002 S:0128 D:0E68 DB:86 nvMxdizC V:251 H:227 F:26
				849C0F A4 20       LDY $20       [000E88] A:1400 X:0BA8 Y:0002 S:0126 D:0E68 DB:86 nvMxdizC V:251 H:234 F:26
				849C11 D0 03       BNE $0003     [849C16] A:1400 X:0BA8 Y:C437 S:0126 D:0E68 DB:86 NvMxdizC V:251 H:242 F:26
				849C16 BC 20 00    LDY $0020,X   [860BC8] A:1400 X:0BA8 Y:C437 S:0126 D:0E68 DB:86 NvMxdizC V:251 H:247 F:26
				849C19 D0 03       BNE $0003     [849C1E] A:1400 X:0BA8 Y:A552 S:0126 D:0E68 DB:86 NvMxdizC V:251 H:257 F:26
				849C1E C2 20       REP #$20               A:1400 X:0BA8 Y:A552 S:0126 D:0E68 DB:86 NvMxdizC V:251 H:261 F:26
				849C20 DA          PHX                    A:1400 X:0BA8 Y:A552 S:0126 D:0E68 DB:86 NvmxdizC V:251 H:266 F:26
				849C21 BD 05 00    LDA $0005,X   [860BAD] A:1400 X:0BA8 Y:A552 S:0124 D:0E68 DB:86 NvmxdizC V:251 H:273 F:26
				849C24 8D 04 00    STA $0004     [860004] A:1E1C X:0BA8 Y:A552 S:0124 D:0E68 DB:86 nvmxdizC V:251 H:283 F:26
				849C27 BD 08 00    LDA $0008,X   [860BB0] A:1E1C X:0BA8 Y:A552 S:0124 D:0E68 DB:86 nvmxdizC V:251 H:291 F:26
				849C2A 8D 06 00    STA $0006     [860006] A:01AF X:0BA8 Y:A552 S:0124 D:0E68 DB:86 nvmxdizC V:251 H:301 F:26
				849C2D A5 05       LDA $05       [000E6D] A:01AF X:0BA8 Y:A552 S:0124 D:0E68 DB:86 nvmxdizC V:251 H:310 F:26
				849C2F 8D 0C 00    STA $000C     [86000C] A:1ED0 X:0BA8 Y:A552 S:0124 D:0E68 DB:86 nvmxdizC V:251 H:318 F:26
				849C32 A5 08       LDA $08       [000E70] A:1ED0 X:0BA8 Y:A552 S:0124 D:0E68 DB:86 nvmxdizC V:251 H:326 F:26
				849C34 8D 0E 00    STA $000E     [86000E] A:01AC X:0BA8 Y:A552 S:0124 D:0E68 DB:86 nvmxdizC V:251 H:334 F:26
				849C37 E2 20       SEP #$20               A:01AC X:0BA8 Y:A552 S:0124 D:0E68 DB:86 nvmxdizC V:252 H:  3 F:26
				849C39 BD 11 00    LDA $0011,X   [860BB9] A:01AC X:0BA8 Y:A552 S:0124 D:0E68 DB:86 nvMxdizC V:252 H:  7 F:26
				849C3C 8D 08 00    STA $0008     [860008] A:0162 X:0BA8 Y:A552 S:0124 D:0E68 DB:86 nvMxdizC V:252 H: 15 F:26
				849C3F A5 11       LDA $11       [000E79] A:0162 X:0BA8 Y:A552 S:0124 D:0E68 DB:86 nvMxdizC V:252 H: 22 F:26
				849C41 8D 09 00    STA $0009     [860009] A:0129 X:0BA8 Y:A552 S:0124 D:0E68 DB:86 nvMxdizC V:252 H: 28 F:26
				849C44 BC 20 00    LDY $0020,X   [860BC8] A:0129 X:0BA8 Y:A552 S:0124 D:0E68 DB:86 nvMxdizC V:252 H: 35 F:26
				849C47 A6 20       LDX $20       [000E88] A:0129 X:0BA8 Y:A552 S:0124 D:0E68 DB:86 NvMxdizC V:252 H: 45 F:26
				849C49 0B          PHD                    A:0129 X:C437 Y:A552 S:0124 D:0E68 DB:86 NvMxdizC V:252 H: 53 F:26
				849C4A F4 00 00    PEA $0000              A:0129 X:C437 Y:A552 S:0122 D:0E68 DB:86 NvMxdizC V:252 H: 60 F:26
				849C4D 2B          PLD                    A:0129 X:C437 Y:A552 S:0120 D:0E68 DB:86 NvMxdizC V:252 H: 69 F:26
				849C4E BD 02 00    LDA $0002,X   [86C439] A:0129 X:C437 Y:A552 S:0122 D:0000 DB:86 nvMxdiZC V:252 H: 77 F:26
				849C51 18          CLC                    A:010A X:C437 Y:A552 S:0122 D:0000 DB:86 nvMxdizC V:252 H: 85 F:26
				849C52 79 02 00    ADC $0002,Y   [86A554] A:010A X:C437 Y:A552 S:0122 D:0000 DB:86 nvMxdizc V:252 H: 88 F:26
				849C55 85 00       STA $00       [000000] A:0110 X:C437 Y:A552 S:0122 D:0000 DB:86 nvMxdizc V:252 H: 95 F:26
				849C57 64 01       STZ $01       [000001] A:0110 X:C437 Y:A552 S:0122 D:0000 DB:86 nvMxdizc V:252 H:100 F:26
				849C59 BD 03 00    LDA $0003,X   [86C43A] A:0110 X:C437 Y:A552 S:0122 D:0000 DB:86 nvMxdizc V:252 H:105 F:26
				849C5C 18          CLC                    A:010F X:C437 Y:A552 S:0122 D:0000 DB:86 nvMxdizc V:252 H:113 F:26
				849C5D 79 03 00    ADC $0003,Y   [86A555] A:010F X:C437 Y:A552 S:0122 D:0000 DB:86 nvMxdizc V:252 H:116 F:26
				849C60 85 02       STA $02       [000002] A:011D X:C437 Y:A552 S:0122 D:0000 DB:86 nvMxdizc V:252 H:123 F:26
				849C62 64 03       STZ $03       [000003] A:011D X:C437 Y:A552 S:0122 D:0000 DB:86 nvMxdizc V:252 H:128 F:26
				849C64 C2 21       REP #$21               A:011D X:C437 Y:A552 S:0122 D:0000 DB:86 nvMxdizc V:252 H:143 F:26
				849C66 B9 00 00    LDA $0000,Y   [86A552] A:011D X:C437 Y:A552 S:0122 D:0000 DB:86 nvmxdizc V:252 H:148 F:26
				849C69 29 FF 00    AND #$00FF             A:FF00 X:C437 Y:A552 S:0122 D:0000 DB:86 Nvmxdizc V:252 H:157 F:26
				849C6C 89 80 00    BIT #$0080             A:0000 X:C437 Y:A552 S:0122 D:0000 DB:86 nvmxdiZc V:252 H:161 F:26
				849C6F F0 03       BEQ $0003     [849C74] A:0000 X:C437 Y:A552 S:0122 D:0000 DB:86 nvmxdiZc V:252 H:166 F:26
				849C74 24 07       BIT $07       [000007] A:0000 X:C437 Y:A552 S:0122 D:0000 DB:86 nvmxdiZc V:252 H:170 F:26
				849C76 50 04       BVC $0004     [849C7C] A:0000 X:C437 Y:A552 S:0122 D:0000 DB:86 nVmxdiZc V:252 H:177 F:26
				849C78 49 FF FF    EOR #$FFFF             A:0000 X:C437 Y:A552 S:0122 D:0000 DB:86 nVmxdiZc V:252 H:180 F:26
				849C7B 1A          INC                    A:FFFF X:C437 Y:A552 S:0122 D:0000 DB:86 NVmxdizc V:252 H:185 F:26
				849C7C 85 0A       STA $0A       [00000A] A:0000 X:C437 Y:A552 S:0122 D:0000 DB:86 nVmxdiZc V:252 H:188 F:26
				849C7E 64 10       STZ $10       [000010] A:0000 X:C437 Y:A552 S:0122 D:0000 DB:86 nVmxdiZc V:252 H:195 F:26
				849C80 BD 00 00    LDA $0000,X   [86C437] A:0000 X:C437 Y:A552 S:0122 D:0000 DB:86 nVmxdiZc V:252 H:202 F:26
				849C83 29 FF 00    AND #$00FF             A:0200 X:C437 Y:A552 S:0122 D:0000 DB:86 nVmxdizc V:252 H:211 F:26
				849C86 89 80 00    BIT #$0080             A:0000 X:C437 Y:A552 S:0122 D:0000 DB:86 nVmxdiZc V:252 H:215 F:26
				849C89 F0 03       BEQ $0003     [849C8E] A:0000 X:C437 Y:A552 S:0122 D:0000 DB:86 nVmxdiZc V:252 H:220 F:26
				849C8E 24 08       BIT $08       [000008] A:0000 X:C437 Y:A552 S:0122 D:0000 DB:86 nVmxdiZc V:252 H:224 F:26
				849C90 50 04       BVC $0004     [849C96] A:0000 X:C437 Y:A552 S:0122 D:0000 DB:86 nvmxdiZc V:252 H:231 F:26
				849C96 65 0C       ADC $0C       [00000C] A:0000 X:C437 Y:A552 S:0122 D:0000 DB:86 nvmxdiZc V:252 H:236 F:26
				849C98 38          SEC                    A:1ED0 X:C437 Y:A552 S:0122 D:0000 DB:86 nvmxdizc V:252 H:243 F:26
				849C99 E5 04       SBC $04       [000004] A:1ED0 X:C437 Y:A552 S:0122 D:0000 DB:86 nvmxdizC V:252 H:246 F:26
				849C9B 38          SEC                    A:00B4 X:C437 Y:A552 S:0122 D:0000 DB:86 nvmxdizC V:252 H:253 F:26
				849C9C E5 0A       SBC $0A       [00000A] A:00B4 X:C437 Y:A552 S:0122 D:0000 DB:86 nvmxdizC V:252 H:256 F:26
				849C9E 10 06       BPL $0006     [849CA6] A:00B4 X:C437 Y:A552 S:0122 D:0000 DB:86 nvmxdizC V:252 H:263 F:26
				849CA6 85 04       STA $04       [000004] A:00B4 X:C437 Y:A552 S:0122 D:0000 DB:86 nvmxdizC V:252 H:267 F:26
				849CA8 A5 00       LDA $00       [000000] A:00B4 X:C437 Y:A552 S:0122 D:0000 DB:86 nvmxdizC V:252 H:274 F:26
				849CAA 38          SEC                    A:0010 X:C437 Y:A552 S:0122 D:0000 DB:86 nvmxdizC V:252 H:281 F:26
				849CAB E5 04       SBC $04       [000004] A:0010 X:C437 Y:A552 S:0122 D:0000 DB:86 nvmxdizC V:252 H:284 F:26
				849CAD 1A          INC                    A:FF5C X:C437 Y:A552 S:0122 D:0000 DB:86 Nvmxdizc V:252 H:291 F:26
				849CAE 85 04       STA $04       [000004] A:FF5D X:C437 Y:A552 S:0122 D:0000 DB:86 Nvmxdizc V:252 H:294 F:26
				849CB0 24 0F       BIT $0F       [00000F] A:FF5D X:C437 Y:A552 S:0122 D:0000 DB:86 Nvmxdizc V:252 H:301 F:26
				849CB2 30 04       BMI $0004     [849CB8] A:FF5D X:C437 Y:A552 S:0122 D:0000 DB:86 nvmxdizc V:252 H:308 F:26
				849CB4 49 FF FF    EOR #$FFFF             A:FF5D X:C437 Y:A552 S:0122 D:0000 DB:86 nvmxdizc V:252 H:311 F:26
				849CB7 1A          INC                    A:00A2 X:C437 Y:A552 S:0122 D:0000 DB:86 nvmxdizc V:252 H:316 F:26
				849CB8 85 00       STA $00       [000000] A:00A3 X:C437 Y:A552 S:0122 D:0000 DB:86 nvmxdizc V:252 H:319 F:26
				849CBA 90 45       BCC $0045     [849D01] A:00A3 X:C437 Y:A552 S:0122 D:0000 DB:86 nvmxdizc V:252 H:325 F:26
				849D01 E2 20       SEP #$20               A:00A3 X:C437 Y:A552 S:0122 D:0000 DB:86 nvmxdizc V:252 H:329 F:26
				849D03 2B          PLD                    A:00A3 X:C437 Y:A552 S:0122 D:0000 DB:86 nvMxdizc V:252 H:334 F:26
				849D04 FA          PLX                    A:00A3 X:C437 Y:A552 S:0124 D:0E68 DB:86 nvMxdizc V:253 H:  2 F:26
				849D05 7A          PLY                    A:00A3 X:0BA8 Y:A552 S:0126 D:0E68 DB:86 nvMxdizc V:253 H: 11 F:26
				849D06 6B          RTL                    A:00A3 X:0BA8 Y:0002 S:0128 D:0E68 DB:86 nvMxdizc V:253 H: 19 F:26

			849B23 90 19       BCC $0019     [849B3E] A:00A3 X:0BA8 Y:0002 S:012B D:0E68 DB:86 nvMxdizc V:253 H: 30 F:26
			849B3E E2 10       SEP #$10               A:00A3 X:0BA8 Y:0002 S:012B D:0E68 DB:86 nvMxdizc V:253 H: 34 F:26
			849B40 A9 00       LDA #$00               A:00A3 X:00A8 Y:0002 S:012B D:0E68 DB:86 nvMXdizc V:253 H: 39 F:26
			849B42 6B          RTL                    A:0000 X:00A8 Y:0002 S:012B D:0E68 DB:86 nvMXdiZc V:253 H: 42 F:26

		81B6E4 AD CF 0B    LDA $0BCF     [860BCF] A:0000 X:00A8 Y:0002 S:012E D:0E68 DB:86 nvMXdiZc V:253 H: 52 F:26
		81B6E7 29 7F       AND #$7F               A:0020 X:00A8 Y:0002 S:012E D:0E68 DB:86 nvMXdizc V:253 H: 59 F:26
		81B6E9 D0 04       BNE $0004     [81B6EF] A:0020 X:00A8 Y:0002 S:012E D:0E68 DB:86 nvMXdizc V:253 H: 62 F:26
		81B6EF 5C B4 80 82 JML $8280B4   [8280B4] A:0020 X:00A8 Y:0002 S:012E D:0E68 DB:86 nvMXdizc V:253 H: 66 F:26

		8280B4 C2 20       REP #$20               A:0020 X:00A8 Y:0002 S:012E D:0E68 DB:86 nvMXdizc V:253 H: 72 F:26
		8280B6 38          SEC                    A:0020 X:00A8 Y:0002 S:012E D:0E68 DB:86 nvmXdizc V:253 H: 77 F:26
		8280B7 A5 05       LDA $05       [000E6D] A:0020 X:00A8 Y:0002 S:012E D:0E68 DB:86 nvmXdizC V:253 H: 80 F:26
		8280B9 ED 4D 1E    SBC $1E4D     [861E4D] A:1ED0 X:00A8 Y:0002 S:012E D:0E68 DB:86 nvmXdizC V:253 H: 88 F:26
		8280BC 18          CLC                    A:00D0 X:00A8 Y:0002 S:012E D:0E68 DB:86 nvmXdizC V:253 H: 97 F:26
		8280BD 69 20 00    ADC #$0020             A:00D0 X:00A8 Y:0002 S:012E D:0E68 DB:86 nvmXdizc V:253 H:100 F:26
		8280C0 C9 40 01    CMP #$0140             A:00F0 X:00A8 Y:0002 S:012E D:0E68 DB:86 nvmXdizc V:253 H:104 F:26
		8280C3 B0 0F       BCS $000F     [8280D4] A:00F0 X:00A8 Y:0002 S:012E D:0E68 DB:86 NvmXdizc V:253 H:109 F:26
		8280C5 38          SEC                    A:00F0 X:00A8 Y:0002 S:012E D:0E68 DB:86 NvmXdizc V:253 H:112 F:26
		8280C6 A5 08       LDA $08       [000E70] A:00F0 X:00A8 Y:0002 S:012E D:0E68 DB:86 NvmXdizC V:253 H:115 F:26
		8280C8 ED 50 1E    SBC $1E50     [861E50] A:01AC X:00A8 Y:0002 S:012E D:0E68 DB:86 nvmXdizC V:253 H:123 F:26
		8280CB 18          CLC                    A:00AC X:00A8 Y:0002 S:012E D:0E68 DB:86 nvmXdizC V:253 H:132 F:26
		8280CC 69 10 00    ADC #$0010             A:00AC X:00A8 Y:0002 S:012E D:0E68 DB:86 nvmXdizc V:253 H:145 F:26
		8280CF C9 00 01    CMP #$0100             A:00BC X:00A8 Y:0002 S:012E D:0E68 DB:86 nvmXdizc V:253 H:149 F:26
		8280D2 90 05       BCC $0005     [8280D9] A:00BC X:00A8 Y:0002 S:012E D:0E68 DB:86 NvmXdizc V:253 H:154 F:26
		8280D9 E2 20       SEP #$20               A:00BC X:00A8 Y:0002 S:012E D:0E68 DB:86 NvmXdizc V:253 H:158 F:26
		8280DB A9 81       LDA #$81               A:00BC X:00A8 Y:0002 S:012E D:0E68 DB:86 NvMXdizc V:253 H:163 F:26
		8280DD 85 0E       STA $0E       [000E76] A:0081 X:00A8 Y:0002 S:012E D:0E68 DB:86 NvMXdizc V:253 H:166 F:26
		8280DF E2 30       SEP #$30               A:0081 X:00A8 Y:0002 S:012E D:0E68 DB:86 NvMXdizc V:253 H:172 F:26
		8280E1 A6 12       LDX $12       [000E7A] A:0081 X:00A8 Y:0002 S:012E D:0E68 DB:86 NvMXdizc V:253 H:177 F:26
		8280E3 10 02       BPL $0002     [8280E7] A:0081 X:0004 Y:0002 S:012E D:0E68 DB:86 nvMXdizc V:253 H:183 F:26
		8280E7 7C EA 80    JMP ($80EA,X) [8280EE] A:0081 X:0004 Y:0002 S:012E D:0E68 DB:86 nvMXdizc V:253 H:188 F:26

		828135 AD EA 00    LDA $00EA     [8600EA] A:0081 X:0004 Y:0002 S:012E D:0E68 DB:86 nvMXdizc V:253 H:197 F:26
		828138 C9 20       CMP #$20               A:0001 X:0004 Y:0002 S:012E D:0E68 DB:86 nvMXdizc V:253 H:203 F:26
		82813A B0 0D       BCS $000D     [828149] A:0001 X:0004 Y:0002 S:012E D:0E68 DB:86 NvMXdizc V:253 H:206 F:26
		82813C 0A          ASL A                  A:0001 X:0004 Y:0002 S:012E D:0E68 DB:86 NvMXdizc V:253 H:209 F:26
		82813D AA          TAX                    A:0002 X:0004 Y:0002 S:012E D:0E68 DB:86 nvMXdizc V:253 H:212 F:26
		82813E C2 20       REP #$20               A:0002 X:0002 Y:0002 S:012E D:0E68 DB:86 nvMXdizc V:253 H:215 F:26
		828140 7B          TDC                    A:0002 X:0002 Y:0002 S:012E D:0E68 DB:86 nvmXdizc V:253 H:220 F:26
		828141 9D E0 09    STA $09E0,X   [8609E2] A:0E68 X:0002 Y:0002 S:012E D:0E68 DB:86 nvmXdizc V:253 H:223 F:26
		828144 E2 20       SEP #$20               A:0E68 X:0002 Y:0002 S:012E D:0E68 DB:86 nvmXdizc V:253 H:233 F:26
		828146 EE EA 00    INC $00EA     [8600EA] A:0E68 X:0002 Y:0002 S:012E D:0E68 DB:86 nvMXdizc V:253 H:237 F:26
		828149 6B          RTL                    A:0E68 X:0002 Y:0002 S:012E D:0E68 DB:86 nvMXdizc V:253 H:247 F:26
