80D4F6 20 30 D5    JSR $D530     [80D530] A:0E01 X:0000 Y:0027 S:0133 D:0E68 DB:86 nvMXdizC V:  5 H: 40 F:40

	80D530 C2 20       REP #$20               A:0E01 X:0000 Y:0027 S:0131 D:0E68 DB:86 nvMXdizC V:  5 H: 50 F:40
	80D532 A5 05       LDA $05       [000E6D] A:0E01 X:0000 Y:0027 S:0131 D:0E68 DB:86 nvmXdizC V:  5 H: 54 F:40
	80D534 85 22       STA $22       [000E8A] A:1E8A X:0000 Y:0027 S:0131 D:0E68 DB:86 nvmXdizC V:  5 H: 63 F:40
	80D536 A5 08       LDA $08       [000E70] A:1E8A X:0000 Y:0027 S:0131 D:0E68 DB:86 nvmXdizC V:  5 H: 71 F:40
	80D538 85 24       STA $24       [000E8C] A:01AC X:0000 Y:0027 S:0131 D:0E68 DB:86 nvmXdizC V:  5 H: 80 F:40
	80D53A E2 20       SEP #$20               A:01AC X:0000 Y:0027 S:0131 D:0E68 DB:86 nvmXdizC V:  5 H: 88 F:40
	80D53C A9 80       LDA #$80               A:01AC X:0000 Y:0027 S:0131 D:0E68 DB:86 nvMXdizC V:  5 H: 93 F:40
	80D53E 14 0E       TRB $0E       [000E76] A:0180 X:0000 Y:0027 S:0131 D:0E68 DB:86 NvMXdizC V:  5 H: 96 F:40
	80D540 A5 0A       LDA $0A       [000E72] A:0180 X:0000 Y:0027 S:0131 D:0E68 DB:86 NvMXdizC V:  5 H:106 F:40
	80D542 0A          ASL A                  A:0102 X:0000 Y:0027 S:0131 D:0E68 DB:86 nvMXdizC V:  5 H:112 F:40
	80D543 AA          TAX                    A:0104 X:0000 Y:0027 S:0131 D:0E68 DB:86 nvMXdizc V:  5 H:115 F:40
	80D544 7C DD F8    JMP ($F8DD,X) [80F8E1] A:0104 X:0004 Y:0027 S:0131 D:0E68 DB:86 nvMXdizc V:  5 H:118 F:40

	80F9BB 22 16 B5 81 JSL $81B516   [81B516] A:0104 X:0004 Y:0027 S:0131 D:0E68 DB:86 nvMXdizc V:  5 H:127 F:40

		81B516 A6 01       LDX $01       [000E69] A:0104 X:0004 Y:0027 S:012E D:0E68 DB:86 nvMXdizc V:  5 H:151 F:40
		81B518 7C 1B B5    JMP ($B51B,X) [81B51F] A:0104 X:0004 Y:0027 S:012E D:0E68 DB:86 nvMXdizc V:  5 H:157 F:40

		81B629 A5 33       LDA $33       [000E9B] A:0104 X:0004 Y:0027 S:012E D:0E68 DB:86 nvMXdizc V:  5 H:166 F:40
		81B62B 04 11       TSB $11       [000E79] A:0108 X:0004 Y:0027 S:012E D:0E68 DB:86 nvMXdizc V:  5 H:173 F:40
		81B62D C2 20       REP #$20               A:0108 X:0004 Y:0027 S:012E D:0E68 DB:86 nvMXdizc V:  5 H:183 F:40
		81B62F A9 2D C4    LDA #$C42D             A:0108 X:0004 Y:0027 S:012E D:0E68 DB:86 nvmXdizc V:  5 H:187 F:40
		81B632 85 20       STA $20       [000E88] A:C42D X:0004 Y:0027 S:012E D:0E68 DB:86 NvmXdizc V:  5 H:192 F:40
		81B634 E2 20       SEP #$20               A:C42D X:0004 Y:0027 S:012E D:0E68 DB:86 NvmXdizc V:  5 H:200 F:40
		81B636 A6 02       LDX $02       [000E6A] A:C42D X:0004 Y:0027 S:012E D:0E68 DB:86 NvMXdizc V:  5 H:205 F:40
		81B638 FC F3 B6    JSR ($B6F3,X) [81B6F3] A:C42D X:0000 Y:0027 S:012E D:0E68 DB:86 nvMXdiZc V:  5 H:211 F:40

			81B6FF A6 03       LDX $03       [000E6B] A:C42D X:0000 Y:0027 S:012C D:0E68 DB:86 nvMXdiZc V:  5 H:224 F:40
			81B701 7C 04 B7    JMP ($B704,X) [81B706] A:C42D X:0002 Y:0027 S:012C D:0E68 DB:86 nvMXdizc V:  5 H:231 F:40			JMP ($81B704,Subaction) = ($81B706) = $81B721

			81B721 22 EA 8E 84 JSL $848EEA   [848EEA] A:C42D X:0002 Y:0027 S:012C D:0E68 DB:86 nvMXdizc V:  5 H:240 F:40			JSL $848EEA --> Countdown skeleton routine

				848EEA 08          PHP                    A:C42D X:0002 Y:0027 S:0129 D:0E68 DB:86 nvMXdizc V:  5 H:253 F:40
				848EEB 8B          PHB                    A:C42D X:0002 Y:0027 S:0128 D:0E68 DB:86 nvMXdizc V:  5 H:258 F:40
				848EEC E2 30       SEP #$30               A:C42D X:0002 Y:0027 S:0127 D:0E68 DB:86 nvMXdizc V:  5 H:263 F:40
				848EEE C6 13       DEC $13       [000E7B] A:C42D X:0002 Y:0027 S:0127 D:0E68 DB:86 nvMXdizc V:  5 H:268 F:40		Decrease Countdown
				848EF0 D0 5D       BNE $005D     [848F4F] A:C42D X:0002 Y:0027 S:0127 D:0E68 DB:86 nvMXdiZc V:  5 H:278 F:40		Branch if Countdown <> #$00
				848EF2 A9 AF       LDA #$AF               A:C42D X:0002 Y:0027 S:0127 D:0E68 DB:86 nvMXdiZc V:  5 H:281 F:40
				848EF4 48          PHA                    A:C4AF X:0002 Y:0027 S:0127 D:0E68 DB:86 NvMXdizc V:  5 H:284 F:40
				848EF5 AB          PLB                    A:C4AF X:0002 Y:0027 S:0126 D:0E68 DB:86 NvMXdizc V:  5 H:289 F:40
				848EF6 C2 21       REP #$21               A:C4AF X:0002 Y:0027 S:0127 D:0E68 DB:AF NvMXdizc V:  5 H:295 F:40
				848EF8 A5 14       LDA $14       [000E7C] A:C4AF X:0002 Y:0027 S:0127 D:0E68 DB:AF NvmXdizc V:  5 H:300 F:40
				848EFA 69 03 00    ADC #$0003             A:D034 X:0002 Y:0027 S:0127 D:0E68 DB:AF NvmXdizc V:  5 H:308 F:40
				848EFD A4 0F       LDY $0F       [000E77] A:D037 X:0002 Y:0027 S:0127 D:0E68 DB:AF NvmXdizc V:  5 H:313 F:40
				848EFF 10 37       BPL $0037     [848F38] A:D037 X:0002 Y:0001 S:0127 D:0E68 DB:AF nvmXdizc V:  5 H:319 F:40
				848F38 85 14       STA $14       [000E7C] A:D037 X:0002 Y:0001 S:0127 D:0E68 DB:AF nvmXdizc V:  5 H:323 F:40
				848F3A E2 30       SEP #$30               A:D037 X:0002 Y:0001 S:0127 D:0E68 DB:AF nvmXdizc V:  5 H:331 F:40
				848F3C B2 14       LDA ($14)     [AFD037] A:D037 X:0002 Y:0001 S:0127 D:0E68 DB:AF nvMXdizc V:  5 H:336 F:40
				848F3E 85 13       STA $13       [000E7B] A:D006 X:0002 Y:0001 S:0127 D:0E68 DB:AF nvMXdizc V:  6 H:  6 F:40
				848F40 A0 01       LDY #$01               A:D006 X:0002 Y:0001 S:0127 D:0E68 DB:AF nvMXdizc V:  6 H: 12 F:40
				848F42 B1 14       LDA ($14),Y   [AFD038] A:D006 X:0002 Y:0001 S:0127 D:0E68 DB:AF nvMXdizc V:  6 H: 15 F:40
				848F44 85 0F       STA $0F       [000E77] A:D080 X:0002 Y:0001 S:0127 D:0E68 DB:AF NvMXdizc V:  6 H: 25 F:40		CDAction = #$80
				848F46 C8          INY                    A:D080 X:0002 Y:0001 S:0127 D:0E68 DB:AF NvMXdizc V:  6 H: 32 F:40
				848F47 B1 14       LDA ($14),Y   [AFD039] A:D080 X:0002 Y:0002 S:0127 D:0E68 DB:AF nvMXdizc V:  6 H: 35 F:40
				848F49 85 17       STA $17       [000E7F] A:D006 X:0002 Y:0002 S:0127 D:0E68 DB:AF nvMXdizc V:  6 H: 45 F:40
				848F4B A9 80       LDA #$80               A:D006 X:0002 Y:0002 S:0127 D:0E68 DB:AF nvMXdizc V:  6 H: 51 F:40
				848F4D 04 17       TSB $17       [000E7F] A:D080 X:0002 Y:0002 S:0127 D:0E68 DB:AF NvMXdizc V:  6 H: 54 F:40
				848F4F AB          PLB                    A:D080 X:0002 Y:0002 S:0127 D:0E68 DB:AF NvMXdiZc V:  6 H: 64 F:40
				848F50 28          PLP                    A:D080 X:0002 Y:0002 S:0128 D:0E68 DB:86 NvMXdizc V:  6 H: 71 F:40
				848F51 6B          RTL                    A:D080 X:0002 Y:0002 S:0129 D:0E68 DB:86 nvMXdizc V:  6 H: 77 F:40

			81B725 A5 17       LDA $17       [000E7F] A:D080 X:0002 Y:0002 S:012C D:0E68 DB:86 nvMXdizc V:  6 H: 88 F:40
			81B727 10 42       BPL $0042     [81B76B] A:D086 X:0002 Y:0002 S:012C D:0E68 DB:86 NvMXdizc V:  6 H: 94 F:40
			81B729 29 7F       AND #$7F               A:D086 X:0002 Y:0002 S:012C D:0E68 DB:86 NvMXdizc V:  6 H: 97 F:40
			81B72B 85 17       STA $17       [000E7F] A:D006 X:0002 Y:0002 S:012C D:0E68 DB:86 nvMXdizc V:  6 H:100 F:40
			81B72D A5 0F       LDA $0F       [000E77] A:D006 X:0002 Y:0002 S:012C D:0E68 DB:86 nvMXdizc V:  6 H:107 F:40			|Branch if #$CDAction = #$00
			81B72F 29 7F       AND #$7F               A:D080 X:0002 Y:0002 S:012C D:0E68 DB:86 NvMXdizc V:  6 H:113 F:40			|
			81B731 F0 38       BEQ $0038     [81B76B] A:D000 X:0002 Y:0002 S:012C D:0E68 DB:86 nvMXdiZc V:  6 H:116 F:40			|
			81B76B A5 0F       LDA $0F       [000E77] A:D000 X:0002 Y:0002 S:012C D:0E68 DB:86 nvMXdiZc V:  6 H:121 F:40			|Branch if CDAction is positive
			81B76D 10 16       BPL $0016     [81B785] A:D080 X:0002 Y:0002 S:012C D:0E68 DB:86 NvMXdizc V:  6 H:127 F:40			|
			81B76F 22 A5 AC 84 JSL $84ACA5   [84ACA5] A:D080 X:0002 Y:0002 S:012C D:0E68 DB:86 NvMXdizc V:  6 H:130 F:40			JSL $84ACA5 --> Update Status, Facing Bit

				84ACA5 08          PHP                    A:D080 X:0002 Y:0002 S:0129 D:0E68 DB:86 NvMXdizc V:  6 H:154 F:40
				84ACA6 E2 20       SEP #$20               A:D080 X:0002 Y:0002 S:0128 D:0E68 DB:86 NvMXdizc V:  6 H:159 F:40
				84ACA8 A9 40       LDA #$40               A:D080 X:0002 Y:0002 S:0128 D:0E68 DB:86 NvMXdizc V:  6 H:163 F:40
				84ACAA 14 11       TRB $11       [000E79] A:D040 X:0002 Y:0002 S:0128 D:0E68 DB:86 nvMXdizc V:  6 H:166 F:40
				84ACAC C2 20       REP #$20               A:D040 X:0002 Y:0002 S:0128 D:0E68 DB:86 nvMXdiZc V:  6 H:176 F:40
				84ACAE AD AD 0B    LDA $0BAD     [860BAD] A:D040 X:0002 Y:0002 S:0128 D:0E68 DB:86 nvmXdiZc V:  6 H:181 F:40
				84ACB1 38          SEC                    A:1E16 X:0002 Y:0002 S:0128 D:0E68 DB:86 nvmXdizc V:  6 H:189 F:40
				84ACB2 E5 05       SBC $05       [000E6D] A:1E16 X:0002 Y:0002 S:0128 D:0E68 DB:86 nvmXdizC V:  6 H:192 F:40
				84ACB4 E2 20       SEP #$20               A:FF8C X:0002 Y:0002 S:0128 D:0E68 DB:86 NvmXdizc V:  6 H:201 F:40
				84ACB6 A9 00       LDA #$00               A:FF8C X:0002 Y:0002 S:0128 D:0E68 DB:86 NvMXdizc V:  6 H:205 F:40
				84ACB8 6A          ROR A                  A:FF00 X:0002 Y:0002 S:0128 D:0E68 DB:86 nvMXdiZc V:  6 H:208 F:40
				84ACB9 4A          LSR A                  A:FF00 X:0002 Y:0002 S:0128 D:0E68 DB:86 nvMXdiZc V:  6 H:211 F:40
				84ACBA 04 11       TSB $11       [000E79] A:FF00 X:0002 Y:0002 S:0128 D:0E68 DB:86 nvMXdiZc V:  6 H:214 F:40
				84ACBC 28          PLP                    A:FF00 X:0002 Y:0002 S:0128 D:0E68 DB:86 nvMXdiZc V:  6 H:224 F:40
				84ACBD 6B          RTL                    A:FF00 X:0002 Y:0002 S:0129 D:0E68 DB:86 NvMXdizc V:  6 H:231 F:40

			81B773 A5 36       LDA $36       [000E9E] A:FF00 X:0002 Y:0002 S:012C D:0E68 DB:86 NvMXdizc V:  6 H:241 F:40			|Branch if Ice Blocks left <> #$00
			81B775 D0 0E       BNE $000E     [81B785] A:FF00 X:0002 Y:0002 S:012C D:0E68 DB:86 nvMXdiZc V:  6 H:248 F:40			|
			81B777 A9 04       LDA #$04               A:FF00 X:0002 Y:0002 S:012C D:0E68 DB:86 nvMXdiZc V:  6 H:251 F:40			Subaction = #$04
			81B779 85 03       STA $03       [000E6B] A:FF04 X:0002 Y:0002 S:012C D:0E68 DB:86 nvMXdizc V:  6 H:254 F:40
			81B77B A9 00       LDA #$00               A:FF04 X:0002 Y:0002 S:012C D:0E68 DB:86 nvMXdizc V:  6 H:260 F:40
			81B77D 22 07 8F 84 JSL $848F07   [848F07] A:FF00 X:0002 Y:0002 S:012C D:0E68 DB:86 nvMXdiZc V:  6 H:263 F:40			JSL: $848F07 --> Countdown routine (CDBase = #$67, b = A = #$00)

				848F07 08          PHP                    A:FF00 X:0002 Y:0002 S:0129 D:0E68 DB:86 nvMXdiZc V:  6 H:277 F:40
				848F08 8B          PHB                    A:FF00 X:0002 Y:0002 S:0128 D:0E68 DB:86 nvMXdiZc V:  6 H:282 F:40
				848F09 C2 30       REP #$30               A:FF00 X:0002 Y:0002 S:0127 D:0E68 DB:86 nvMXdiZc V:  6 H:287 F:40
				848F0B 8D 0E 00    STA $000E     [86000E] A:FF00 X:0002 Y:0002 S:0127 D:0E68 DB:86 nvmxdiZc V:  6 H:291 F:40
				848F0E A5 16       LDA $16       [000E7E] A:FF00 X:0002 Y:0002 S:0127 D:0E68 DB:86 nvmxdiZc V:  6 H:300 F:40
				848F10 29 FF 00    AND #$00FF             A:0667 X:0002 Y:0002 S:0127 D:0E68 DB:86 nvmxdizc V:  6 H:308 F:40
				848F13 8D 0C 00    STA $000C     [86000C] A:0067 X:0002 Y:0002 S:0127 D:0E68 DB:86 nvmxdizc V:  6 H:313 F:40
				848F16 0A          ASL A                  A:0067 X:0002 Y:0002 S:0127 D:0E68 DB:86 nvmxdizc V:  6 H:321 F:40
				848F17 18          CLC                    A:00CE X:0002 Y:0002 S:0127 D:0E68 DB:86 nvmxdizc V:  6 H:324 F:40
				848F18 6D 0C 00    ADC $000C     [86000C] A:00CE X:0002 Y:0002 S:0127 D:0E68 DB:86 nvmxdizc V:  6 H:327 F:40
				848F1B AA          TAX                    A:0135 X:0002 Y:0002 S:0127 D:0E68 DB:86 nvmxdizc V:  6 H:335 F:40
				848F1C BF 00 A0 AF LDA $AFA000,X [AFA135] A:0135 X:0135 Y:0002 S:0127 D:0E68 DB:86 nvmxdizc V:  6 H:338 F:40
				848F20 85 14       STA $14       [000E7C] A:CFE0 X:0135 Y:0002 S:0127 D:0E68 DB:86 Nvmxdizc V:  7 H:  7 F:40
				848F22 E2 20       SEP #$20               A:CFE0 X:0135 Y:0002 S:0127 D:0E68 DB:86 Nvmxdizc V:  7 H: 15 F:40
				848F24 BF 02 A0 AF LDA $AFA002,X [AFA137] A:CFE0 X:0135 Y:0002 S:0127 D:0E68 DB:86 NvMxdizc V:  7 H: 20 F:40
				848F28 48          PHA                    A:CFAF X:0135 Y:0002 S:0127 D:0E68 DB:86 NvMxdizc V:  7 H: 27 F:40
				848F29 AB          PLB                    A:CFAF X:0135 Y:0002 S:0126 D:0E68 DB:86 NvMxdizc V:  7 H: 32 F:40
				848F2A C2 20       REP #$20               A:CFAF X:0135 Y:0002 S:0127 D:0E68 DB:AF NvMxdizc V:  7 H: 39 F:40
				848F2C AD 0E 00    LDA $000E     [AF000E] A:CFAF X:0135 Y:0002 S:0127 D:0E68 DB:AF Nvmxdizc V:  7 H: 43 F:40
				848F2F 29 FF 00    AND #$00FF             A:FF00 X:0135 Y:0002 S:0127 D:0E68 DB:AF Nvmxdizc V:  7 H: 52 F:40
				848F32 0A          ASL A                  A:0000 X:0135 Y:0002 S:0127 D:0E68 DB:AF nvmxdiZc V:  7 H: 56 F:40
				848F33 A8          TAY                    A:0000 X:0135 Y:0002 S:0127 D:0E68 DB:AF nvmxdiZc V:  7 H: 59 F:40
				848F34 B1 14       LDA ($14),Y   [AFCFE0] A:0000 X:0135 Y:0000 S:0127 D:0E68 DB:AF nvmxdiZc V:  7 H: 62 F:40
				848F36 65 14       ADC $14       [000E7C] A:0022 X:0135 Y:0000 S:0127 D:0E68 DB:AF nvmxdizc V:  7 H: 75 F:40
				848F38 85 14       STA $14       [000E7C] A:D002 X:0135 Y:0000 S:0127 D:0E68 DB:AF Nvmxdizc V:  7 H: 84 F:40
				848F3A E2 30       SEP #$30               A:D002 X:0135 Y:0000 S:0127 D:0E68 DB:AF Nvmxdizc V:  7 H: 92 F:40
				848F3C B2 14       LDA ($14)     [AFD002] A:D002 X:0035 Y:0000 S:0127 D:0E68 DB:AF NvMXdizc V:  7 H: 97 F:40		Skeleton start: [AFD002]
				848F3E 85 13       STA $13       [000E7B] A:D00F X:0035 Y:0000 S:0127 D:0E68 DB:AF nvMXdizc V:  7 H:107 F:40
				848F40 A0 01       LDY #$01               A:D00F X:0035 Y:0000 S:0127 D:0E68 DB:AF nvMXdizc V:  7 H:113 F:40
				848F42 B1 14       LDA ($14),Y   [AFD003] A:D00F X:0035 Y:0001 S:0127 D:0E68 DB:AF nvMXdizc V:  7 H:116 F:40
				848F44 85 0F       STA $0F       [000E77] A:D000 X:0035 Y:0001 S:0127 D:0E68 DB:AF nvMXdiZc V:  7 H:126 F:40
				848F46 C8          INY                    A:D000 X:0035 Y:0001 S:0127 D:0E68 DB:AF nvMXdiZc V:  7 H:133 F:40
				848F47 B1 14       LDA ($14),Y   [AFD004] A:D000 X:0035 Y:0002 S:0127 D:0E68 DB:AF nvMXdizc V:  7 H:146 F:40
				848F49 85 17       STA $17       [000E7F] A:D000 X:0035 Y:0002 S:0127 D:0E68 DB:AF nvMXdiZc V:  7 H:156 F:40
				848F4B A9 80       LDA #$80               A:D000 X:0035 Y:0002 S:0127 D:0E68 DB:AF nvMXdiZc V:  7 H:162 F:40
				848F4D 04 17       TSB $17       [000E7F] A:D080 X:0035 Y:0002 S:0127 D:0E68 DB:AF NvMXdizc V:  7 H:165 F:40
				848F4F AB          PLB                    A:D080 X:0035 Y:0002 S:0127 D:0E68 DB:AF NvMXdiZc V:  7 H:175 F:40
				848F50 28          PLP                    A:D080 X:0035 Y:0002 S:0128 D:0E68 DB:86 NvMXdizc V:  7 H:182 F:40
				848F51 6B          RTL                    A:D080 X:0035 Y:0002 S:0129 D:0E68 DB:86 nvMXdiZc V:  7 H:188 F:40

			81B781 A9 78       LDA #$78               A:D080 X:0035 Y:0002 S:012C D:0E68 DB:86 nvMXdiZc V:  7 H:199 F:40			|Countdown2 = #$78
			81B783 85 34       STA $34       [000E9C] A:D078 X:0035 Y:0002 S:012C D:0E68 DB:86 nvMXdizc V:  7 H:202 F:40			|
			81B785 60          RTS                    A:D078 X:0035 Y:0002 S:012C D:0E68 DB:86 nvMXdizc V:  7 H:208 F:40			Return

		81B63B A9 09       LDA #$09               A:D078 X:0035 Y:0002 S:012E D:0E68 DB:86 nvMXdizc V:  7 H:218 F:40			Normal routine after Subaction
		81B63D A6 35       LDX $35       [000E9D] A:D009 X:0035 Y:0002 S:012E D:0E68 DB:86 nvMXdizc V:  7 H:221 F:40
		81B63F F0 02       BEQ $0002     [81B643] A:D009 X:0000 Y:0002 S:012E D:0E68 DB:86 nvMXdiZc V:  7 H:228 F:40
		81B643 85 28       STA $28       [000E90] A:D009 X:0000 Y:0002 S:012E D:0E68 DB:86 nvMXdiZc V:  7 H:232 F:40
		81B645 A5 39       LDA $39       [000EA1] A:D009 X:0000 Y:0002 S:012E D:0E68 DB:86 nvMXdiZc V:  7 H:239 F:40
		81B647 F0 02       BEQ $0002     [81B64B] A:D000 X:0000 Y:0002 S:012E D:0E68 DB:86 nvMXdiZc V:  7 H:245 F:40
		81B64B A5 17       LDA $17       [000E7F] A:D000 X:0000 Y:0002 S:012E D:0E68 DB:86 nvMXdiZc V:  7 H:250 F:40
		81B64D 29 7F       AND #$7F               A:D080 X:0000 Y:0002 S:012E D:0E68 DB:86 NvMXdizc V:  7 H:256 F:40
		81B64F AA          TAX                    A:D000 X:0000 Y:0002 S:012E D:0E68 DB:86 nvMXdiZc V:  7 H:259 F:40
		81B650 BD AB C4    LDA $C4AB,X   [86C4AB] A:D000 X:0000 Y:0002 S:012E D:0E68 DB:86 nvMXdiZc V:  7 H:262 F:40
		81B653 0A          ASL A                  A:D000 X:0000 Y:0002 S:012E D:0E68 DB:86 nvMXdiZc V:  7 H:268 F:40
		81B654 0A          ASL A                  A:D000 X:0000 Y:0002 S:012E D:0E68 DB:86 nvMXdiZc V:  7 H:271 F:40
		81B655 C2 20       REP #$20               A:D000 X:0000 Y:0002 S:012E D:0E68 DB:86 nvMXdiZc V:  7 H:274 F:40
		81B657 29 FF 00    AND #$00FF             A:D000 X:0000 Y:0002 S:012E D:0E68 DB:86 nvmXdiZc V:  7 H:279 F:40
		81B65A 18          CLC                    A:0000 X:0000 Y:0002 S:012E D:0E68 DB:86 nvmXdiZc V:  7 H:283 F:40
		81B65B 69 37 C4    ADC #$C437             A:0000 X:0000 Y:0002 S:012E D:0E68 DB:86 nvmXdiZc V:  7 H:286 F:40
		81B65E 85 20       STA $20       [000E88] A:C437 X:0000 Y:0002 S:012E D:0E68 DB:86 NvmXdizc V:  7 H:291 F:40
		81B660 E2 20       SEP #$20               A:C437 X:0000 Y:0002 S:012E D:0E68 DB:86 NvmXdizc V:  7 H:299 F:40
		81B662 22 43 9B 84 JSL $849B43   [849B43] A:C437 X:0000 Y:0002 S:012E D:0E68 DB:86 NvMXdizc V:  7 H:304 F:40

			849B43 C2 10       REP #$10               A:C437 X:0000 Y:0002 S:012B D:0E68 DB:86 NvMXdizc V:  7 H:317 F:40
			849B45 A5 27       LDA $27       [000E8F] A:C437 X:0000 Y:0002 S:012B D:0E68 DB:86 NvMxdizc V:  7 H:322 F:40
			849B47 29 7F       AND #$7F               A:C420 X:0000 Y:0002 S:012B D:0E68 DB:86 nvMxdizc V:  7 H:327 F:40
			849B49 85 27       STA $27       [000E8F] A:C420 X:0000 Y:0002 S:012B D:0E68 DB:86 nvMxdizc V:  7 H:330 F:40
			849B4B F0 2C       BEQ $002C     [849B79] A:C420 X:0000 Y:0002 S:012B D:0E68 DB:86 nvMxdizc V:  7 H:337 F:40
			849B4D A5 30       LDA $30       [000E98] A:C420 X:0000 Y:0002 S:012B D:0E68 DB:86 nvMxdizc V:  8 H:  0 F:40
			849B4F D0 28       BNE $0028     [849B79] A:C400 X:0000 Y:0002 S:012B D:0E68 DB:86 nvMxdiZc V:  8 H:  6 F:40
			849B51 A5 0E       LDA $0E       [000E76] A:C400 X:0000 Y:0002 S:012B D:0E68 DB:86 nvMxdiZc V:  8 H:  9 F:40
			849B53 F0 24       BEQ $0024     [849B79] A:C401 X:0000 Y:0002 S:012B D:0E68 DB:86 nvMxdizc V:  8 H: 16 F:40
			849B55 A2 28 12    LDX #$1228             A:C401 X:0000 Y:0002 S:012B D:0E68 DB:86 nvMxdizc V:  8 H: 19 F:40
			849B58 E2 20       SEP #$20               A:C401 X:1228 Y:0002 S:012B D:0E68 DB:86 nvMxdizc V:  8 H: 23 F:40
			849B5A BD 00 00    LDA $0000,X   [861228] A:C401 X:1228 Y:0002 S:012B D:0E68 DB:86 nvMxdizc V:  8 H: 28 F:40
			849B5D F0 0E       BEQ $000E     [849B6D] A:C400 X:1228 Y:0002 S:012B D:0E68 DB:86 nvMxdiZc V:  8 H: 36 F:40
			849B6D C2 21       REP #$21               A:C400 X:1228 Y:0002 S:012B D:0E68 DB:86 nvMxdiZc V:  8 H: 40 F:40
			849B6F 8A          TXA                    A:C400 X:1228 Y:0002 S:012B D:0E68 DB:86 nvmxdiZc V:  8 H: 45 F:40
			849B70 69 40 00    ADC #$0040             A:1228 X:1228 Y:0002 S:012B D:0E68 DB:86 nvmxdizc V:  8 H: 48 F:40
			849B73 AA          TAX                    A:1268 X:1228 Y:0002 S:012B D:0E68 DB:86 nvmxdizc V:  8 H: 52 F:40
			849B74 C9 28 14    CMP #$1428             A:1268 X:1268 Y:0002 S:012B D:0E68 DB:86 nvmxdizc V:  8 H: 55 F:40
			849B77 90 DF       BCC $00DF     [849B58] A:1268 X:1268 Y:0002 S:012B D:0E68 DB:86 Nvmxdizc V:  8 H: 60 F:40
			849B58 E2 20       SEP #$20               A:1268 X:1268 Y:0002 S:012B D:0E68 DB:86 Nvmxdizc V:  8 H: 64 F:40
			849B5A BD 00 00    LDA $0000,X   [861268] A:1268 X:1268 Y:0002 S:012B D:0E68 DB:86 NvMxdizc V:  8 H: 69 F:40
			849B5D F0 0E       BEQ $000E     [849B6D] A:1200 X:1268 Y:0002 S:012B D:0E68 DB:86 nvMxdiZc V:  8 H: 77 F:40
			849B6D C2 21       REP #$21               A:1200 X:1268 Y:0002 S:012B D:0E68 DB:86 nvMxdiZc V:  8 H: 81 F:40
			849B6F 8A          TXA                    A:1200 X:1268 Y:0002 S:012B D:0E68 DB:86 nvmxdiZc V:  8 H: 86 F:40
			849B70 69 40 00    ADC #$0040             A:1268 X:1268 Y:0002 S:012B D:0E68 DB:86 nvmxdizc V:  8 H: 89 F:40
			849B73 AA          TAX                    A:12A8 X:1268 Y:0002 S:012B D:0E68 DB:86 nvmxdizc V:  8 H: 93 F:40
			849B74 C9 28 14    CMP #$1428             A:12A8 X:12A8 Y:0002 S:012B D:0E68 DB:86 nvmxdizc V:  8 H: 96 F:40
			849B77 90 DF       BCC $00DF     [849B58] A:12A8 X:12A8 Y:0002 S:012B D:0E68 DB:86 Nvmxdizc V:  8 H:101 F:40
			849B58 E2 20       SEP #$20               A:12A8 X:12A8 Y:0002 S:012B D:0E68 DB:86 Nvmxdizc V:  8 H:105 F:40
			849B5A BD 00 00    LDA $0000,X   [8612A8] A:12A8 X:12A8 Y:0002 S:012B D:0E68 DB:86 NvMxdizc V:  8 H:110 F:40
			849B5D F0 0E       BEQ $000E     [849B6D] A:1200 X:12A8 Y:0002 S:012B D:0E68 DB:86 nvMxdiZc V:  8 H:118 F:40
			849B6D C2 21       REP #$21               A:1200 X:12A8 Y:0002 S:012B D:0E68 DB:86 nvMxdiZc V:  8 H:122 F:40
			849B6F 8A          TXA                    A:1200 X:12A8 Y:0002 S:012B D:0E68 DB:86 nvmxdiZc V:  8 H:127 F:40
			849B70 69 40 00    ADC #$0040             A:12A8 X:12A8 Y:0002 S:012B D:0E68 DB:86 nvmxdizc V:  8 H:130 F:40
			849B73 AA          TAX                    A:12E8 X:12A8 Y:0002 S:012B D:0E68 DB:86 nvmxdizc V:  8 H:144 F:40
			849B74 C9 28 14    CMP #$1428             A:12E8 X:12E8 Y:0002 S:012B D:0E68 DB:86 nvmxdizc V:  8 H:147 F:40
			849B77 90 DF       BCC $00DF     [849B58] A:12E8 X:12E8 Y:0002 S:012B D:0E68 DB:86 Nvmxdizc V:  8 H:152 F:40
			849B58 E2 20       SEP #$20               A:12E8 X:12E8 Y:0002 S:012B D:0E68 DB:86 Nvmxdizc V:  8 H:156 F:40
			849B5A BD 00 00    LDA $0000,X   [8612E8] A:12E8 X:12E8 Y:0002 S:012B D:0E68 DB:86 NvMxdizc V:  8 H:161 F:40
			849B5D F0 0E       BEQ $000E     [849B6D] A:1200 X:12E8 Y:0002 S:012B D:0E68 DB:86 nvMxdiZc V:  8 H:169 F:40
			849B6D C2 21       REP #$21               A:1200 X:12E8 Y:0002 S:012B D:0E68 DB:86 nvMxdiZc V:  8 H:173 F:40
			849B6F 8A          TXA                    A:1200 X:12E8 Y:0002 S:012B D:0E68 DB:86 nvmxdiZc V:  8 H:178 F:40
			849B70 69 40 00    ADC #$0040             A:12E8 X:12E8 Y:0002 S:012B D:0E68 DB:86 nvmxdizc V:  8 H:181 F:40
			849B73 AA          TAX                    A:1328 X:12E8 Y:0002 S:012B D:0E68 DB:86 nvmxdizc V:  8 H:185 F:40
			849B74 C9 28 14    CMP #$1428             A:1328 X:1328 Y:0002 S:012B D:0E68 DB:86 nvmxdizc V:  8 H:188 F:40
			849B77 90 DF       BCC $00DF     [849B58] A:1328 X:1328 Y:0002 S:012B D:0E68 DB:86 Nvmxdizc V:  8 H:193 F:40
			849B58 E2 20       SEP #$20               A:1328 X:1328 Y:0002 S:012B D:0E68 DB:86 Nvmxdizc V:  8 H:197 F:40
			849B5A BD 00 00    LDA $0000,X   [861328] A:1328 X:1328 Y:0002 S:012B D:0E68 DB:86 NvMxdizc V:  8 H:202 F:40
			849B5D F0 0E       BEQ $000E     [849B6D] A:1300 X:1328 Y:0002 S:012B D:0E68 DB:86 nvMxdiZc V:  8 H:210 F:40
			849B6D C2 21       REP #$21               A:1300 X:1328 Y:0002 S:012B D:0E68 DB:86 nvMxdiZc V:  8 H:214 F:40
			849B6F 8A          TXA                    A:1300 X:1328 Y:0002 S:012B D:0E68 DB:86 nvmxdiZc V:  8 H:219 F:40
			849B70 69 40 00    ADC #$0040             A:1328 X:1328 Y:0002 S:012B D:0E68 DB:86 nvmxdizc V:  8 H:222 F:40
			849B73 AA          TAX                    A:1368 X:1328 Y:0002 S:012B D:0E68 DB:86 nvmxdizc V:  8 H:226 F:40
			849B74 C9 28 14    CMP #$1428             A:1368 X:1368 Y:0002 S:012B D:0E68 DB:86 nvmxdizc V:  8 H:229 F:40
			849B77 90 DF       BCC $00DF     [849B58] A:1368 X:1368 Y:0002 S:012B D:0E68 DB:86 Nvmxdizc V:  8 H:234 F:40
			849B58 E2 20       SEP #$20               A:1368 X:1368 Y:0002 S:012B D:0E68 DB:86 Nvmxdizc V:  8 H:238 F:40
			849B5A BD 00 00    LDA $0000,X   [861368] A:1368 X:1368 Y:0002 S:012B D:0E68 DB:86 NvMxdizc V:  8 H:243 F:40
			849B5D F0 0E       BEQ $000E     [849B6D] A:1300 X:1368 Y:0002 S:012B D:0E68 DB:86 nvMxdiZc V:  8 H:251 F:40
			849B6D C2 21       REP #$21               A:1300 X:1368 Y:0002 S:012B D:0E68 DB:86 nvMxdiZc V:  8 H:255 F:40
			849B6F 8A          TXA                    A:1300 X:1368 Y:0002 S:012B D:0E68 DB:86 nvmxdiZc V:  8 H:260 F:40
			849B70 69 40 00    ADC #$0040             A:1368 X:1368 Y:0002 S:012B D:0E68 DB:86 nvmxdizc V:  8 H:263 F:40
			849B73 AA          TAX                    A:13A8 X:1368 Y:0002 S:012B D:0E68 DB:86 nvmxdizc V:  8 H:267 F:40
			849B74 C9 28 14    CMP #$1428             A:13A8 X:13A8 Y:0002 S:012B D:0E68 DB:86 nvmxdizc V:  8 H:270 F:40
			849B77 90 DF       BCC $00DF     [849B58] A:13A8 X:13A8 Y:0002 S:012B D:0E68 DB:86 Nvmxdizc V:  8 H:275 F:40
			849B58 E2 20       SEP #$20               A:13A8 X:13A8 Y:0002 S:012B D:0E68 DB:86 Nvmxdizc V:  8 H:279 F:40
			849B5A BD 00 00    LDA $0000,X   [8613A8] A:13A8 X:13A8 Y:0002 S:012B D:0E68 DB:86 NvMxdizc V:  8 H:284 F:40
			849B5D F0 0E       BEQ $000E     [849B6D] A:1300 X:13A8 Y:0002 S:012B D:0E68 DB:86 nvMxdiZc V:  8 H:292 F:40
			849B6D C2 21       REP #$21               A:1300 X:13A8 Y:0002 S:012B D:0E68 DB:86 nvMxdiZc V:  8 H:296 F:40
			849B6F 8A          TXA                    A:1300 X:13A8 Y:0002 S:012B D:0E68 DB:86 nvmxdiZc V:  8 H:301 F:40
			849B70 69 40 00    ADC #$0040             A:13A8 X:13A8 Y:0002 S:012B D:0E68 DB:86 nvmxdizc V:  8 H:304 F:40
			849B73 AA          TAX                    A:13E8 X:13A8 Y:0002 S:012B D:0E68 DB:86 nvmxdizc V:  8 H:308 F:40
			849B74 C9 28 14    CMP #$1428             A:13E8 X:13E8 Y:0002 S:012B D:0E68 DB:86 nvmxdizc V:  8 H:311 F:40
			849B77 90 DF       BCC $00DF     [849B58] A:13E8 X:13E8 Y:0002 S:012B D:0E68 DB:86 Nvmxdizc V:  8 H:316 F:40
			849B58 E2 20       SEP #$20               A:13E8 X:13E8 Y:0002 S:012B D:0E68 DB:86 Nvmxdizc V:  8 H:320 F:40
			849B5A BD 00 00    LDA $0000,X   [8613E8] A:13E8 X:13E8 Y:0002 S:012B D:0E68 DB:86 NvMxdizc V:  8 H:324 F:40
			849B5D F0 0E       BEQ $000E     [849B6D] A:1300 X:13E8 Y:0002 S:012B D:0E68 DB:86 nvMxdiZc V:  8 H:332 F:40
			849B6D C2 21       REP #$21               A:1300 X:13E8 Y:0002 S:012B D:0E68 DB:86 nvMxdiZc V:  8 H:336 F:40
			849B6F 8A          TXA                    A:1300 X:13E8 Y:0002 S:012B D:0E68 DB:86 nvmxdiZc V:  9 H:  1 F:40
			849B70 69 40 00    ADC #$0040             A:13E8 X:13E8 Y:0002 S:012B D:0E68 DB:86 nvmxdizc V:  9 H:  4 F:40
			849B73 AA          TAX                    A:1428 X:13E8 Y:0002 S:012B D:0E68 DB:86 nvmxdizc V:  9 H:  8 F:40
			849B74 C9 28 14    CMP #$1428             A:1428 X:1428 Y:0002 S:012B D:0E68 DB:86 nvmxdizc V:  9 H: 11 F:40
			849B77 90 DF       BCC $00DF     [849B58] A:1428 X:1428 Y:0002 S:012B D:0E68 DB:86 nvmxdiZC V:  9 H: 16 F:40
			849B79 E2 30       SEP #$30               A:1428 X:1428 Y:0002 S:012B D:0E68 DB:86 nvmxdiZC V:  9 H: 19 F:40
			849B7B A9 00       LDA #$00               A:1428 X:0028 Y:0002 S:012B D:0E68 DB:86 nvMXdiZC V:  9 H: 23 F:40
			849B7D 6B          RTL                    A:1400 X:0028 Y:0002 S:012B D:0E68 DB:86 nvMXdiZC V:  9 H: 26 F:40

		81B666 F0 5C       BEQ $005C     [81B6C4] A:1400 X:0028 Y:0002 S:012E D:0E68 DB:86 nvMXdiZC V:  9 H: 37 F:40
		81B6C4 A5 35       LDA $35       [000E9D] A:1400 X:0028 Y:0002 S:012E D:0E68 DB:86 nvMXdiZC V:  9 H: 41 F:40
		81B6C6 F0 18       BEQ $0018     [81B6E0] A:1400 X:0028 Y:0002 S:012E D:0E68 DB:86 nvMXdiZC V:  9 H: 48 F:40
		81B6E0 22 03 9B 84 JSL $849B03   [849B03] A:1400 X:0028 Y:0002 S:012E D:0E68 DB:86 nvMXdiZC V:  9 H: 52 F:40

			849B03 C2 10       REP #$10               A:1400 X:0028 Y:0002 S:012B D:0E68 DB:86 nvMXdiZC V:  9 H: 66 F:40
			849B05 A5 27       LDA $27       [000E8F] A:1400 X:0028 Y:0002 S:012B D:0E68 DB:86 nvMxdiZC V:  9 H: 70 F:40
			849B07 F0 70       BEQ $0070     [849B79] A:1420 X:0028 Y:0002 S:012B D:0E68 DB:86 nvMxdizC V:  9 H: 77 F:40
			849B09 A5 0E       LDA $0E       [000E76] A:1420 X:0028 Y:0002 S:012B D:0E68 DB:86 nvMxdizC V:  9 H: 80 F:40
			849B0B F0 31       BEQ $0031     [849B3E] A:1401 X:0028 Y:0002 S:012B D:0E68 DB:86 nvMxdizC V:  9 H: 86 F:40
			849B0D AD 0C 1F    LDA $1F0C     [861F0C] A:1401 X:0028 Y:0002 S:012B D:0E68 DB:86 nvMxdizC V:  9 H: 89 F:40
			849B10 D0 2C       BNE $002C     [849B3E] A:1400 X:0028 Y:0002 S:012B D:0E68 DB:86 nvMxdiZC V:  9 H: 96 F:40
			849B12 AD 32 0C    LDA $0C32     [860C32] A:1400 X:0028 Y:0002 S:012B D:0E68 DB:86 nvMxdiZC V:  9 H: 99 F:40
			849B15 D0 11       BNE $0011     [849B28] A:1408 X:0028 Y:0002 S:012B D:0E68 DB:86 nvMxdizC V:  9 H:105 F:40
			849B28 AD 18 0E    LDA $0E18     [860E18] A:1408 X:0028 Y:0002 S:012B D:0E68 DB:86 nvMxdizC V:  9 H:110 F:40
			849B2B F0 11       BEQ $0011     [849B3E] A:1400 X:0028 Y:0002 S:012B D:0E68 DB:86 nvMxdiZC V:  9 H:116 F:40
			849B3E E2 10       SEP #$10               A:1400 X:0028 Y:0002 S:012B D:0E68 DB:86 nvMxdiZC V:  9 H:121 F:40
			849B40 A9 00       LDA #$00               A:1400 X:0028 Y:0002 S:012B D:0E68 DB:86 nvMXdiZC V:  9 H:125 F:40
			849B42 6B          RTL                    A:1400 X:0028 Y:0002 S:012B D:0E68 DB:86 nvMXdiZC V:  9 H:128 F:40

		81B6E4 AD CF 0B    LDA $0BCF     [860BCF] A:1400 X:0028 Y:0002 S:012E D:0E68 DB:86 nvMXdiZC V:  9 H:149 F:40
		81B6E7 29 7F       AND #$7F               A:1419 X:0028 Y:0002 S:012E D:0E68 DB:86 nvMXdizC V:  9 H:155 F:40
		81B6E9 D0 04       BNE $0004     [81B6EF] A:1419 X:0028 Y:0002 S:012E D:0E68 DB:86 nvMXdizC V:  9 H:158 F:40
		81B6EF 5C B4 80 82 JML $8280B4   [8280B4] A:1419 X:0028 Y:0002 S:012E D:0E68 DB:86 nvMXdizC V:  9 H:163 F:40

		8280B4 C2 20       REP #$20               A:1419 X:0028 Y:0002 S:012E D:0E68 DB:86 nvMXdizC V:  9 H:169 F:40
		8280B6 38          SEC                    A:1419 X:0028 Y:0002 S:012E D:0E68 DB:86 nvmXdizC V:  9 H:173 F:40
		8280B7 A5 05       LDA $05       [000E6D] A:1419 X:0028 Y:0002 S:012E D:0E68 DB:86 nvmXdizC V:  9 H:176 F:40
		8280B9 ED 4D 1E    SBC $1E4D     [861E4D] A:1E8A X:0028 Y:0002 S:012E D:0E68 DB:86 nvmXdizC V:  9 H:185 F:40
		8280BC 18          CLC                    A:008A X:0028 Y:0002 S:012E D:0E68 DB:86 nvmXdizC V:  9 H:193 F:40
		8280BD 69 20 00    ADC #$0020             A:008A X:0028 Y:0002 S:012E D:0E68 DB:86 nvmXdizc V:  9 H:196 F:40
		8280C0 C9 40 01    CMP #$0140             A:00AA X:0028 Y:0002 S:012E D:0E68 DB:86 nvmXdizc V:  9 H:201 F:40
		8280C3 B0 0F       BCS $000F     [8280D4] A:00AA X:0028 Y:0002 S:012E D:0E68 DB:86 NvmXdizc V:  9 H:205 F:40
		8280C5 38          SEC                    A:00AA X:0028 Y:0002 S:012E D:0E68 DB:86 NvmXdizc V:  9 H:208 F:40
		8280C6 A5 08       LDA $08       [000E70] A:00AA X:0028 Y:0002 S:012E D:0E68 DB:86 NvmXdizC V:  9 H:211 F:40
		8280C8 ED 50 1E    SBC $1E50     [861E50] A:01AC X:0028 Y:0002 S:012E D:0E68 DB:86 nvmXdizC V:  9 H:220 F:40
		8280CB 18          CLC                    A:00AC X:0028 Y:0002 S:012E D:0E68 DB:86 nvmXdizC V:  9 H:228 F:40
		8280CC 69 10 00    ADC #$0010             A:00AC X:0028 Y:0002 S:012E D:0E68 DB:86 nvmXdizc V:  9 H:231 F:40
		8280CF C9 00 01    CMP #$0100             A:00BC X:0028 Y:0002 S:012E D:0E68 DB:86 nvmXdizc V:  9 H:236 F:40
		8280D2 90 05       BCC $0005     [8280D9] A:00BC X:0028 Y:0002 S:012E D:0E68 DB:86 NvmXdizc V:  9 H:240 F:40
		8280D9 E2 20       SEP #$20               A:00BC X:0028 Y:0002 S:012E D:0E68 DB:86 NvmXdizc V:  9 H:245 F:40
		8280DB A9 81       LDA #$81               A:00BC X:0028 Y:0002 S:012E D:0E68 DB:86 NvMXdizc V:  9 H:249 F:40
		8280DD 85 0E       STA $0E       [000E76] A:0081 X:0028 Y:0002 S:012E D:0E68 DB:86 NvMXdizc V:  9 H:252 F:40
		8280DF E2 30       SEP #$30               A:0081 X:0028 Y:0002 S:012E D:0E68 DB:86 NvMXdizc V:  9 H:259 F:40
		8280E1 A6 12       LDX $12       [000E7A] A:0081 X:0028 Y:0002 S:012E D:0E68 DB:86 NvMXdizc V:  9 H:263 F:40
		8280E3 10 02       BPL $0002     [8280E7] A:0081 X:0004 Y:0002 S:012E D:0E68 DB:86 nvMXdizc V:  9 H:270 F:40
		8280E7 7C EA 80    JMP ($80EA,X) [8280EE] A:0081 X:0004 Y:0002 S:012E D:0E68 DB:86 nvMXdizc V:  9 H:274 F:40

		828135 AD EA 00    LDA $00EA     [8600EA] A:0081 X:0004 Y:0002 S:012E D:0E68 DB:86 nvMXdizc V:  9 H:283 F:40
		828138 C9 20       CMP #$20               A:0001 X:0004 Y:0002 S:012E D:0E68 DB:86 nvMXdizc V:  9 H:290 F:40
		82813A B0 0D       BCS $000D     [828149] A:0001 X:0004 Y:0002 S:012E D:0E68 DB:86 NvMXdizc V:  9 H:293 F:40
		82813C 0A          ASL A                  A:0001 X:0004 Y:0002 S:012E D:0E68 DB:86 NvMXdizc V:  9 H:296 F:40
		82813D AA          TAX                    A:0002 X:0004 Y:0002 S:012E D:0E68 DB:86 nvMXdizc V:  9 H:299 F:40
		82813E C2 20       REP #$20               A:0002 X:0002 Y:0002 S:012E D:0E68 DB:86 nvMXdizc V:  9 H:302 F:40
		828140 7B          TDC                    A:0002 X:0002 Y:0002 S:012E D:0E68 DB:86 nvmXdizc V:  9 H:306 F:40
		828141 9D E0 09    STA $09E0,X   [8609E2] A:0E68 X:0002 Y:0002 S:012E D:0E68 DB:86 nvmXdizc V:  9 H:309 F:40
		828144 E2 20       SEP #$20               A:0E68 X:0002 Y:0002 S:012E D:0E68 DB:86 nvmXdizc V:  9 H:319 F:40
		828146 EE EA 00    INC $00EA     [8600EA] A:0E68 X:0002 Y:0002 S:012E D:0E68 DB:86 nvMXdizc V:  9 H:323 F:40
		828149 6B          RTL                    A:0E68 X:0002 Y:0002 S:012E D:0E68 DB:86 nvMXdizc V:  9 H:333 F:40

	80F9BF 60          RTS                    A:0E68 X:0002 Y:0002 S:0131 D:0E68 DB:86 nvMXdizc V: 10 H:  3 F:40

80D4F9 C2 21       REP #$21               A:0E68 X:0002 Y:0002 S:0133 D:0E68 DB:86 nvMXdizc V: 10 H: 13 F:40
80D4FB 7B          TDC                    A:0E68 X:0002 Y:0002 S:0133 D:0E68 DB:86 nvmXdizc V: 10 H: 18 F:40
80D4FC 69 40 00    ADC #$0040             A:0E68 X:0002 Y:0002 S:0133 D:0E68 DB:86 nvmXdizc V: 10 H: 21 F:40
80D4FF C9 28 12    CMP #$1228             A:0EA8 X:0002 Y:0002 S:0133 D:0E68 DB:86 nvmXdizc V: 10 H: 25 F:40
80D502 90 EB       BCC $00EB     [80D4EF] A:0EA8 X:0002 Y:0002 S:0133 D:0E68 DB:86 NvmXdizc V: 10 H: 30 F:40
80D4EF 5B          TCD                    A:0EA8 X:0002 Y:0002 S:0133 D:0E68 DB:86 NvmXdizc V: 10 H: 34 F:40
80D4F0 E2 30       SEP #$30               A:0EA8 X:0002 Y:0002 S:0133 D:0EA8 DB:86 nvmXdizc V: 10 H: 37 F:40
80D4F2 A5 00       LDA $00       [000EA8] A:0EA8 X:0002 Y:0002 S:0133 D:0EA8 DB:86 nvMXdizc V: 10 H: 42 F:40
80D4F4 F0 03       BEQ $0003     [80D4F9] A:0E00 X:0002 Y:0002 S:0133 D:0EA8 DB:86 nvMXdiZc V: 10 H: 48 F:40
80D4F9 C2 21       REP #$21               A:0E00 X:0002 Y:0002 S:0133 D:0EA8 DB:86 nvMXdiZc V: 10 H: 53 F:40
80D4FB 7B          TDC                    A:0E00 X:0002 Y:0002 S:0133 D:0EA8 DB:86 nvmXdiZc V: 10 H: 57 F:40
80D4FC 69 40 00    ADC #$0040             A:0EA8 X:0002 Y:0002 S:0133 D:0EA8 DB:86 nvmXdizc V: 10 H: 60 F:40
80D4FF C9 28 12    CMP #$1228             A:0EE8 X:0002 Y:0002 S:0133 D:0EA8 DB:86 nvmXdizc V: 10 H: 65 F:40
80D502 90 EB       BCC $00EB     [80D4EF] A:0EE8 X:0002 Y:0002 S:0133 D:0EA8 DB:86 NvmXdizc V: 10 H: 69 F:40
80D4EF 5B          TCD                    A:0EE8 X:0002 Y:0002 S:0133 D:0EA8 DB:86 NvmXdizc V: 10 H: 74 F:40
80D4F0 E2 30       SEP #$30               A:0EE8 X:0002 Y:0002 S:0133 D:0EE8 DB:86 nvmXdizc V: 10 H: 77 F:40
80D4F2 A5 00       LDA $00       [000EE8] A:0EE8 X:0002 Y:0002 S:0133 D:0EE8 DB:86 nvMXdizc V: 10 H: 81 F:40
80D4F4 F0 03       BEQ $0003     [80D4F9] A:0E00 X:0002 Y:0002 S:0133 D:0EE8 DB:86 nvMXdiZc V: 10 H: 88 F:40
80D4F9 C2 21       REP #$21               A:0E00 X:0002 Y:0002 S:0133 D:0EE8 DB:86 nvMXdiZc V: 10 H: 92 F:40
80D4FB 7B          TDC                    A:0E00 X:0002 Y:0002 S:0133 D:0EE8 DB:86 nvmXdiZc V: 10 H: 97 F:40
80D4FC 69 40 00    ADC #$0040             A:0EE8 X:0002 Y:0002 S:0133 D:0EE8 DB:86 nvmXdizc V: 10 H:100 F:40
80D4FF C9 28 12    CMP #$1228             A:0F28 X:0002 Y:0002 S:0133 D:0EE8 DB:86 nvmXdizc V: 10 H:104 F:40
80D502 90 EB       BCC $00EB     [80D4EF] A:0F28 X:0002 Y:0002 S:0133 D:0EE8 DB:86 NvmXdizc V: 10 H:109 F:40
80D4EF 5B          TCD                    A:0F28 X:0002 Y:0002 S:0133 D:0EE8 DB:86 NvmXdizc V: 10 H:113 F:40
80D4F0 E2 30       SEP #$30               A:0F28 X:0002 Y:0002 S:0133 D:0F28 DB:86 nvmXdizc V: 10 H:116 F:40
80D4F2 A5 00       LDA $00       [000F28] A:0F28 X:0002 Y:0002 S:0133 D:0F28 DB:86 nvMXdizc V: 10 H:121 F:40
80D4F4 F0 03       BEQ $0003     [80D4F9] A:0F00 X:0002 Y:0002 S:0133 D:0F28 DB:86 nvMXdiZc V: 10 H:127 F:40
80D4F9 C2 21       REP #$21               A:0F00 X:0002 Y:0002 S:0133 D:0F28 DB:86 nvMXdiZc V: 10 H:132 F:40
80D4FB 7B          TDC                    A:0F00 X:0002 Y:0002 S:0133 D:0F28 DB:86 nvmXdiZc V: 10 H:146 F:40
80D4FC 69 40 00    ADC #$0040             A:0F28 X:0002 Y:0002 S:0133 D:0F28 DB:86 nvmXdizc V: 10 H:149 F:40
80D4FF C9 28 12    CMP #$1228             A:0F68 X:0002 Y:0002 S:0133 D:0F28 DB:86 nvmXdizc V: 10 H:154 F:40
80D502 90 EB       BCC $00EB     [80D4EF] A:0F68 X:0002 Y:0002 S:0133 D:0F28 DB:86 NvmXdizc V: 10 H:158 F:40
80D4EF 5B          TCD                    A:0F68 X:0002 Y:0002 S:0133 D:0F28 DB:86 NvmXdizc V: 10 H:163 F:40
80D4F0 E2 30       SEP #$30               A:0F68 X:0002 Y:0002 S:0133 D:0F68 DB:86 nvmXdizc V: 10 H:166 F:40
80D4F2 A5 00       LDA $00       [000F68] A:0F68 X:0002 Y:0002 S:0133 D:0F68 DB:86 nvMXdizc V: 10 H:170 F:40
80D4F4 F0 03       BEQ $0003     [80D4F9] A:0F00 X:0002 Y:0002 S:0133 D:0F68 DB:86 nvMXdiZc V: 10 H:177 F:40
80D4F9 C2 21       REP #$21               A:0F00 X:0002 Y:0002 S:0133 D:0F68 DB:86 nvMXdiZc V: 10 H:181 F:40
80D4FB 7B          TDC                    A:0F00 X:0002 Y:0002 S:0133 D:0F68 DB:86 nvmXdiZc V: 10 H:186 F:40
80D4FC 69 40 00    ADC #$0040             A:0F68 X:0002 Y:0002 S:0133 D:0F68 DB:86 nvmXdizc V: 10 H:189 F:40
80D4FF C9 28 12    CMP #$1228             A:0FA8 X:0002 Y:0002 S:0133 D:0F68 DB:86 nvmXdizc V: 10 H:193 F:40
80D502 90 EB       BCC $00EB     [80D4EF] A:0FA8 X:0002 Y:0002 S:0133 D:0F68 DB:86 NvmXdizc V: 10 H:198 F:40
80D4EF 5B          TCD                    A:0FA8 X:0002 Y:0002 S:0133 D:0F68 DB:86 NvmXdizc V: 10 H:202 F:40
80D4F0 E2 30       SEP #$30               A:0FA8 X:0002 Y:0002 S:0133 D:0FA8 DB:86 nvmXdizc V: 10 H:205 F:40
80D4F2 A5 00       LDA $00       [000FA8] A:0FA8 X:0002 Y:0002 S:0133 D:0FA8 DB:86 nvMXdizc V: 10 H:210 F:40
80D4F4 F0 03       BEQ $0003     [80D4F9] A:0F00 X:0002 Y:0002 S:0133 D:0FA8 DB:86 nvMXdiZc V: 10 H:216 F:40
80D4F9 C2 21       REP #$21               A:0F00 X:0002 Y:0002 S:0133 D:0FA8 DB:86 nvMXdiZc V: 10 H:221 F:40
80D4FB 7B          TDC                    A:0F00 X:0002 Y:0002 S:0133 D:0FA8 DB:86 nvmXdiZc V: 10 H:225 F:40
80D4FC 69 40 00    ADC #$0040             A:0FA8 X:0002 Y:0002 S:0133 D:0FA8 DB:86 nvmXdizc V: 10 H:228 F:40
80D4FF C9 28 12    CMP #$1228             A:0FE8 X:0002 Y:0002 S:0133 D:0FA8 DB:86 nvmXdizc V: 10 H:233 F:40
80D502 90 EB       BCC $00EB     [80D4EF] A:0FE8 X:0002 Y:0002 S:0133 D:0FA8 DB:86 NvmXdizc V: 10 H:237 F:40
80D4EF 5B          TCD                    A:0FE8 X:0002 Y:0002 S:0133 D:0FA8 DB:86 NvmXdizc V: 10 H:242 F:40
80D4F0 E2 30       SEP #$30               A:0FE8 X:0002 Y:0002 S:0133 D:0FE8 DB:86 nvmXdizc V: 10 H:245 F:40
80D4F2 A5 00       LDA $00       [000FE8] A:0FE8 X:0002 Y:0002 S:0133 D:0FE8 DB:86 nvMXdizc V: 10 H:249 F:40
80D4F4 F0 03       BEQ $0003     [80D4F9] A:0F00 X:0002 Y:0002 S:0133 D:0FE8 DB:86 nvMXdiZc V: 10 H:256 F:40
80D4F9 C2 21       REP #$21               A:0F00 X:0002 Y:0002 S:0133 D:0FE8 DB:86 nvMXdiZc V: 10 H:260 F:40
80D4FB 7B          TDC                    A:0F00 X:0002 Y:0002 S:0133 D:0FE8 DB:86 nvmXdiZc V: 10 H:265 F:40
80D4FC 69 40 00    ADC #$0040             A:0FE8 X:0002 Y:0002 S:0133 D:0FE8 DB:86 nvmXdizc V: 10 H:268 F:40
80D4FF C9 28 12    CMP #$1228             A:1028 X:0002 Y:0002 S:0133 D:0FE8 DB:86 nvmXdizc V: 10 H:272 F:40
80D502 90 EB       BCC $00EB     [80D4EF] A:1028 X:0002 Y:0002 S:0133 D:0FE8 DB:86 NvmXdizc V: 10 H:277 F:40
80D4EF 5B          TCD                    A:1028 X:0002 Y:0002 S:0133 D:0FE8 DB:86 NvmXdizc V: 10 H:281 F:40
80D4F0 E2 30       SEP #$30               A:1028 X:0002 Y:0002 S:0133 D:1028 DB:86 nvmXdizc V: 10 H:284 F:40
80D4F2 A5 00       LDA $00       [001028] A:1028 X:0002 Y:0002 S:0133 D:1028 DB:86 nvMXdizc V: 10 H:289 F:40
80D4F4 F0 03       BEQ $0003     [80D4F9] A:1000 X:0002 Y:0002 S:0133 D:1028 DB:86 nvMXdiZc V: 10 H:295 F:40
80D4F9 C2 21       REP #$21               A:1000 X:0002 Y:0002 S:0133 D:1028 DB:86 nvMXdiZc V: 10 H:300 F:40
80D4FB 7B          TDC                    A:1000 X:0002 Y:0002 S:0133 D:1028 DB:86 nvmXdiZc V: 10 H:304 F:40
80D4FC 69 40 00    ADC #$0040             A:1028 X:0002 Y:0002 S:0133 D:1028 DB:86 nvmXdizc V: 10 H:307 F:40
80D4FF C9 28 12    CMP #$1228             A:1068 X:0002 Y:0002 S:0133 D:1028 DB:86 nvmXdizc V: 10 H:312 F:40
80D502 90 EB       BCC $00EB     [80D4EF] A:1068 X:0002 Y:0002 S:0133 D:1028 DB:86 NvmXdizc V: 10 H:316 F:40
80D4EF 5B          TCD                    A:1068 X:0002 Y:0002 S:0133 D:1028 DB:86 NvmXdizc V: 10 H:321 F:40
80D4F0 E2 30       SEP #$30               A:1068 X:0002 Y:0002 S:0133 D:1068 DB:86 nvmXdizc V: 10 H:323 F:40
80D4F2 A5 00       LDA $00       [001068] A:1068 X:0002 Y:0002 S:0133 D:1068 DB:86 nvMXdizc V: 10 H:327 F:40
80D4F4 F0 03       BEQ $0003     [80D4F9] A:1000 X:0002 Y:0002 S:0133 D:1068 DB:86 nvMXdiZc V: 10 H:334 F:40
80D4F9 C2 21       REP #$21               A:1000 X:0002 Y:0002 S:0133 D:1068 DB:86 nvMXdiZc V: 10 H:338 F:40
80D4FB 7B          TDC                    A:1000 X:0002 Y:0002 S:0133 D:1068 DB:86 nvmXdiZc V: 11 H:  3 F:40
80D4FC 69 40 00    ADC #$0040             A:1068 X:0002 Y:0002 S:0133 D:1068 DB:86 nvmXdizc V: 11 H:  6 F:40
80D4FF C9 28 12    CMP #$1228             A:10A8 X:0002 Y:0002 S:0133 D:1068 DB:86 nvmXdizc V: 11 H: 10 F:40
80D502 90 EB       BCC $00EB     [80D4EF] A:10A8 X:0002 Y:0002 S:0133 D:1068 DB:86 NvmXdizc V: 11 H: 15 F:40
80D4EF 5B          TCD                    A:10A8 X:0002 Y:0002 S:0133 D:1068 DB:86 NvmXdizc V: 11 H: 19 F:40
80D4F0 E2 30       SEP #$30               A:10A8 X:0002 Y:0002 S:0133 D:10A8 DB:86 nvmXdizc V: 11 H: 22 F:40
80D4F2 A5 00       LDA $00       [0010A8] A:10A8 X:0002 Y:0002 S:0133 D:10A8 DB:86 nvMXdizc V: 11 H: 27 F:40
80D4F4 F0 03       BEQ $0003     [80D4F9] A:1000 X:0002 Y:0002 S:0133 D:10A8 DB:86 nvMXdiZc V: 11 H: 33 F:40
80D4F9 C2 21       REP #$21               A:1000 X:0002 Y:0002 S:0133 D:10A8 DB:86 nvMXdiZc V: 11 H: 38 F:40
80D4FB 7B          TDC                    A:1000 X:0002 Y:0002 S:0133 D:10A8 DB:86 nvmXdiZc V: 11 H: 42 F:40
80D4FC 69 40 00    ADC #$0040             A:10A8 X:0002 Y:0002 S:0133 D:10A8 DB:86 nvmXdizc V: 11 H: 45 F:40
80D4FF C9 28 12    CMP #$1228             A:10E8 X:0002 Y:0002 S:0133 D:10A8 DB:86 nvmXdizc V: 11 H: 50 F:40
80D502 90 EB       BCC $00EB     [80D4EF] A:10E8 X:0002 Y:0002 S:0133 D:10A8 DB:86 NvmXdizc V: 11 H: 54 F:40
80D4EF 5B          TCD                    A:10E8 X:0002 Y:0002 S:0133 D:10A8 DB:86 NvmXdizc V: 11 H: 59 F:40
80D4F0 E2 30       SEP #$30               A:10E8 X:0002 Y:0002 S:0133 D:10E8 DB:86 nvmXdizc V: 11 H: 62 F:40
80D4F2 A5 00       LDA $00       [0010E8] A:10E8 X:0002 Y:0002 S:0133 D:10E8 DB:86 nvMXdizc V: 11 H: 66 F:40
80D4F4 F0 03       BEQ $0003     [80D4F9] A:1000 X:0002 Y:0002 S:0133 D:10E8 DB:86 nvMXdiZc V: 11 H: 73 F:40
80D4F9 C2 21       REP #$21               A:1000 X:0002 Y:0002 S:0133 D:10E8 DB:86 nvMXdiZc V: 11 H: 77 F:40
80D4FB 7B          TDC                    A:1000 X:0002 Y:0002 S:0133 D:10E8 DB:86 nvmXdiZc V: 11 H: 82 F:40
80D4FC 69 40 00    ADC #$0040             A:10E8 X:0002 Y:0002 S:0133 D:10E8 DB:86 nvmXdizc V: 11 H: 85 F:40
80D4FF C9 28 12    CMP #$1228             A:1128 X:0002 Y:0002 S:0133 D:10E8 DB:86 nvmXdizc V: 11 H: 89 F:40
80D502 90 EB       BCC $00EB     [80D4EF] A:1128 X:0002 Y:0002 S:0133 D:10E8 DB:86 NvmXdizc V: 11 H: 94 F:40
80D4EF 5B          TCD                    A:1128 X:0002 Y:0002 S:0133 D:10E8 DB:86 NvmXdizc V: 11 H: 98 F:40
80D4F0 E2 30       SEP #$30               A:1128 X:0002 Y:0002 S:0133 D:1128 DB:86 nvmXdizc V: 11 H:101 F:40
80D4F2 A5 00       LDA $00       [001128] A:1128 X:0002 Y:0002 S:0133 D:1128 DB:86 nvMXdizc V: 11 H:106 F:40
80D4F4 F0 03       BEQ $0003     [80D4F9] A:1100 X:0002 Y:0002 S:0133 D:1128 DB:86 nvMXdiZc V: 11 H:112 F:40
80D4F9 C2 21       REP #$21               A:1100 X:0002 Y:0002 S:0133 D:1128 DB:86 nvMXdiZc V: 11 H:117 F:40
80D4FB 7B          TDC                    A:1100 X:0002 Y:0002 S:0133 D:1128 DB:86 nvmXdiZc V: 11 H:121 F:40
80D4FC 69 40 00    ADC #$0040             A:1128 X:0002 Y:0002 S:0133 D:1128 DB:86 nvmXdizc V: 11 H:124 F:40
80D4FF C9 28 12    CMP #$1228             A:1168 X:0002 Y:0002 S:0133 D:1128 DB:86 nvmXdizc V: 11 H:129 F:40
80D502 90 EB       BCC $00EB     [80D4EF] A:1168 X:0002 Y:0002 S:0133 D:1128 DB:86 NvmXdizc V: 11 H:143 F:40
80D4EF 5B          TCD                    A:1168 X:0002 Y:0002 S:0133 D:1128 DB:86 NvmXdizc V: 11 H:148 F:40
80D4F0 E2 30       SEP #$30               A:1168 X:0002 Y:0002 S:0133 D:1168 DB:86 nvmXdizc V: 11 H:151 F:40
80D4F2 A5 00       LDA $00       [001168] A:1168 X:0002 Y:0002 S:0133 D:1168 DB:86 nvMXdizc V: 11 H:155 F:40
80D4F4 F0 03       BEQ $0003     [80D4F9] A:1100 X:0002 Y:0002 S:0133 D:1168 DB:86 nvMXdiZc V: 11 H:162 F:40
80D4F9 C2 21       REP #$21               A:1100 X:0002 Y:0002 S:0133 D:1168 DB:86 nvMXdiZc V: 11 H:166 F:40
80D4FB 7B          TDC                    A:1100 X:0002 Y:0002 S:0133 D:1168 DB:86 nvmXdiZc V: 11 H:171 F:40
80D4FC 69 40 00    ADC #$0040             A:1168 X:0002 Y:0002 S:0133 D:1168 DB:86 nvmXdizc V: 11 H:174 F:40
80D4FF C9 28 12    CMP #$1228             A:11A8 X:0002 Y:0002 S:0133 D:1168 DB:86 nvmXdizc V: 11 H:178 F:40
80D502 90 EB       BCC $00EB     [80D4EF] A:11A8 X:0002 Y:0002 S:0133 D:1168 DB:86 NvmXdizc V: 11 H:183 F:40
80D4EF 5B          TCD                    A:11A8 X:0002 Y:0002 S:0133 D:1168 DB:86 NvmXdizc V: 11 H:187 F:40
80D4F0 E2 30       SEP #$30               A:11A8 X:0002 Y:0002 S:0133 D:11A8 DB:86 nvmXdizc V: 11 H:190 F:40
80D4F2 A5 00       LDA $00       [0011A8] A:11A8 X:0002 Y:0002 S:0133 D:11A8 DB:86 nvMXdizc V: 11 H:195 F:40
80D4F4 F0 03       BEQ $0003     [80D4F9] A:1100 X:0002 Y:0002 S:0133 D:11A8 DB:86 nvMXdiZc V: 11 H:201 F:40
80D4F9 C2 21       REP #$21               A:1100 X:0002 Y:0002 S:0133 D:11A8 DB:86 nvMXdiZc V: 11 H:206 F:40
80D4FB 7B          TDC                    A:1100 X:0002 Y:0002 S:0133 D:11A8 DB:86 nvmXdiZc V: 11 H:210 F:40
80D4FC 69 40 00    ADC #$0040             A:11A8 X:0002 Y:0002 S:0133 D:11A8 DB:86 nvmXdizc V: 11 H:213 F:40
80D4FF C9 28 12    CMP #$1228             A:11E8 X:0002 Y:0002 S:0133 D:11A8 DB:86 nvmXdizc V: 11 H:218 F:40
80D502 90 EB       BCC $00EB     [80D4EF] A:11E8 X:0002 Y:0002 S:0133 D:11A8 DB:86 NvmXdizc V: 11 H:222 F:40
80D4EF 5B          TCD                    A:11E8 X:0002 Y:0002 S:0133 D:11A8 DB:86 NvmXdizc V: 11 H:227 F:40
80D4F0 E2 30       SEP #$30               A:11E8 X:0002 Y:0002 S:0133 D:11E8 DB:86 nvmXdizc V: 11 H:230 F:40
80D4F2 A5 00       LDA $00       [0011E8] A:11E8 X:0002 Y:0002 S:0133 D:11E8 DB:86 nvMXdizc V: 11 H:234 F:40
80D4F4 F0 03       BEQ $0003     [80D4F9] A:1100 X:0002 Y:0002 S:0133 D:11E8 DB:86 nvMXdiZc V: 11 H:241 F:40
80D4F9 C2 21       REP #$21               A:1100 X:0002 Y:0002 S:0133 D:11E8 DB:86 nvMXdiZc V: 11 H:245 F:40
80D4FB 7B          TDC                    A:1100 X:0002 Y:0002 S:0133 D:11E8 DB:86 nvmXdiZc V: 11 H:250 F:40
80D4FC 69 40 00    ADC #$0040             A:11E8 X:0002 Y:0002 S:0133 D:11E8 DB:86 nvmXdizc V: 11 H:253 F:40
80D4FF C9 28 12    CMP #$1228             A:1228 X:0002 Y:0002 S:0133 D:11E8 DB:86 nvmXdizc V: 11 H:257 F:40
80D502 90 EB       BCC $00EB     [80D4EF] A:1228 X:0002 Y:0002 S:0133 D:11E8 DB:86 nvmXdiZC V: 11 H:262 F:40
80D504 E2 30       SEP #$30               A:1228 X:0002 Y:0002 S:0133 D:11E8 DB:86 nvmXdiZC V: 11 H:265 F:40
80D506 60          RTS                    A:1228 X:0002 Y:0002 S:0133 D:11E8 DB:86 nvMXdiZC V: 11 H:269 F:40
