80D4F6 20 30 D5    JSR $D530     [80D530] A:0E01 X:0000 Y:00AA S:0133 D:0E68 DB:86 nvMXdizC V:246 H:324 F: 6

	80D530 C2 20       REP #$20               A:0E01 X:0000 Y:00AA S:0131 D:0E68 DB:86 nvMXdizC V:246 H:334 F: 6
	80D532 A5 05       LDA $05       [000E6D] A:0E01 X:0000 Y:00AA S:0131 D:0E68 DB:86 nvmXdizC V:246 H:338 F: 6
	80D534 85 22       STA $22       [000E8A] A:1DC0 X:0000 Y:00AA S:0131 D:0E68 DB:86 nvmXdizC V:247 H:  7 F: 6
	80D536 A5 08       LDA $08       [000E70] A:1DC0 X:0000 Y:00AA S:0131 D:0E68 DB:86 nvmXdizC V:247 H: 15 F: 6
	80D538 85 24       STA $24       [000E8C] A:0200 X:0000 Y:00AA S:0131 D:0E68 DB:86 nvmXdizC V:247 H: 24 F: 6
	80D53A E2 20       SEP #$20               A:0200 X:0000 Y:00AA S:0131 D:0E68 DB:86 nvmXdizC V:247 H: 32 F: 6
	80D53C A9 80       LDA #$80               A:0200 X:0000 Y:00AA S:0131 D:0E68 DB:86 nvMXdizC V:247 H: 37 F: 6
	80D53E 14 0E       TRB $0E       [000E76] A:0280 X:0000 Y:00AA S:0131 D:0E68 DB:86 NvMXdizC V:247 H: 40 F: 6
	80D540 A5 0A       LDA $0A       [000E72] A:0280 X:0000 Y:00AA S:0131 D:0E68 DB:86 NvMXdiZC V:247 H: 50 F: 6
	80D542 0A          ASL A                  A:0207 X:0000 Y:00AA S:0131 D:0E68 DB:86 nvMXdizC V:247 H: 56 F: 6
	80D543 AA          TAX                    A:020E X:0000 Y:00AA S:0131 D:0E68 DB:86 nvMXdizc V:247 H: 59 F: 6
	80D544 7C DD F8    JMP ($F8DD,X) [80F8EB] A:020E X:000E Y:00AA S:0131 D:0E68 DB:86 nvMXdizc V:247 H: 62 F: 6

	80F9D4 22 33 C4 81 JSL $81C433   [81C433] A:020E X:000E Y:00AA S:0131 D:0E68 DB:86 nvMXdizc V:247 H: 71 F: 6

		81C433 A6 01       LDX $01       [000E69] A:020E X:000E Y:00AA S:012E D:0E68 DB:86 nvMXdizc V:247 H: 85 F: 6
		81C435 7C 38 C4    JMP ($C438,X) [81C438] A:020E X:0000 Y:00AA S:012E D:0E68 DB:86 nvMXdiZc V:247 H: 91 F: 6

		81C440 A5 02       LDA $02       [000E6A] A:020E X:0000 Y:00AA S:012E D:0E68 DB:86 nvMXdiZc V:247 H:100 F: 6
		81C442 D0 1F       BNE $001F     [81C463] A:0201 X:0000 Y:00AA S:012E D:0E68 DB:86 nvMXdizc V:247 H:107 F: 6
		81C463 C6 34       DEC $34       [000E9C] A:0201 X:0000 Y:00AA S:012E D:0E68 DB:86 nvMXdizc V:247 H:111 F: 6		Decrease E-CD2 = #$00
		81C465 F0 01       BEQ $0001     [81C468] A:0201 X:0000 Y:00AA S:012E D:0E68 DB:86 nvMXdiZc V:247 H:121 F: 6		Branch because E-CD2 = #$00
		81C468 22 7D 82 82 JSL $82827D   [82827D] A:0201 X:0000 Y:00AA S:012E D:0E68 DB:86 nvMXdiZc V:247 H:126 F: 6		JSL $82827D --> State = #$02, Normalize Boss Variables for intro animation

			82827D A9 02       LDA #$02               A:0201 X:0000 Y:00AA S:012B D:0E68 DB:86 nvMXdiZc V:247 H:149 F: 6
			82827F 85 01       STA $01       [000E69] A:0202 X:0000 Y:00AA S:012B D:0E68 DB:86 nvMXdizc V:247 H:152 F: 6	E-State = #$02
			828281 A9 03       LDA #$03               A:0202 X:0000 Y:00AA S:012B D:0E68 DB:86 nvMXdizc V:247 H:159 F: 6
			828283 85 28       STA $28       [000E90] A:0203 X:0000 Y:00AA S:012B D:0E68 DB:86 nvMXdizc V:247 H:162 F: 6
			828285 A5 0A       LDA $0A       [000E72] A:0203 X:0000 Y:00AA S:012B D:0E68 DB:86 nvMXdizc V:247 H:168 F: 6
			828287 3A          DEC                    A:0207 X:0000 Y:00AA S:012B D:0E68 DB:86 nvMXdizc V:247 H:175 F: 6
			828288 0A          ASL A                  A:0206 X:0000 Y:00AA S:012B D:0E68 DB:86 nvMXdizc V:247 H:178 F: 6
			828289 AA          TAX                    A:020C X:0000 Y:00AA S:012B D:0E68 DB:86 nvMXdizc V:247 H:181 F: 6
			82828A BD E4 A5    LDA $A5E4,X   [86A5F0] A:020C X:000C Y:00AA S:012B D:0E68 DB:86 nvMXdizc V:247 H:184 F: 6
			82828D 85 16       STA $16       [000E7E] A:0276 X:000C Y:00AA S:012B D:0E68 DB:86 nvMXdizc V:247 H:190 F: 6
			82828F BD E5 A5    LDA $A5E5,X   [86A5F1] A:0276 X:000C Y:00AA S:012B D:0E68 DB:86 nvMXdizc V:247 H:196 F: 6
			828292 AA          TAX                    A:026A X:000C Y:00AA S:012B D:0E68 DB:86 nvMXdizc V:247 H:202 F: 6
			828293 BF 00 82 7F LDA $7F8200,X [7F826A] A:026A X:006A Y:00AA S:012B D:0E68 DB:86 nvMXdizc V:247 H:205 F: 6
			828297 85 18       STA $18       [000E80] A:0200 X:006A Y:00AA S:012B D:0E68 DB:86 nvMXdiZc V:247 H:213 F: 6
			828299 BF 00 83 7F LDA $7F8300,X [7F836A] A:0200 X:006A Y:00AA S:012B D:0E68 DB:86 nvMXdiZc V:247 H:220 F: 6
			82829D 85 11       STA $11       [000E79] A:0229 X:006A Y:00AA S:012B D:0E68 DB:86 nvMXdizc V:247 H:228 F: 6
			82829F 64 30       STZ $30       [000E98] A:0229 X:006A Y:00AA S:012B D:0E68 DB:86 nvMXdizc V:247 H:234 F: 6
			8282A1 C2 20       REP #$20               A:0229 X:006A Y:00AA S:012B D:0E68 DB:86 nvMXdizc V:247 H:241 F: 6
			8282A3 64 1A       STZ $1A       [000E82] A:0229 X:006A Y:00AA S:012B D:0E68 DB:86 nvmXdizc V:247 H:245 F: 6
			8282A5 64 1C       STZ $1C       [000E84] A:0229 X:006A Y:00AA S:012B D:0E68 DB:86 nvmXdizc V:247 H:254 F: 6
			8282A7 64 1E       STZ $1E       [000E86] A:0229 X:006A Y:00AA S:012B D:0E68 DB:86 nvmXdizc V:247 H:262 F: 6
			8282A9 E2 20       SEP #$20               A:0229 X:006A Y:00AA S:012B D:0E68 DB:86 nvmXdizc V:247 H:271 F: 6
			8282AB 6B          RTL                    A:0229 X:006A Y:00AA S:012B D:0E68 DB:86 nvMXdizc V:247 H:275 F: 6

		81C46C A5 11       LDA $11       [000E79] A:0229 X:006A Y:00AA S:012E D:0E68 DB:86 nvMXdizc V:247 H:286 F: 6
		81C46E 29 0E       AND #$0E               A:0229 X:006A Y:00AA S:012E D:0E68 DB:86 nvMXdizc V:247 H:292 F: 6
		81C470 85 33       STA $33       [000E9B] A:0208 X:006A Y:00AA S:012E D:0E68 DB:86 nvMXdizc V:247 H:295 F: 6		E-$33 = E-Status AND #$0E
		81C472 A9 04       LDA #$04               A:0208 X:006A Y:00AA S:012E D:0E68 DB:86 nvMXdizc V:247 H:302 F: 6
		81C474 85 12       STA $12       [000E7A] A:0204 X:006A Y:00AA S:012E D:0E68 DB:86 nvMXdizc V:247 H:305 F: 6		E-$12 = #$04
		81C476 64 02       STZ $02       [000E6A] A:0204 X:006A Y:00AA S:012E D:0E68 DB:86 nvMXdizc V:247 H:311 F: 6		E-Action = #$00
		81C478 64 36       STZ $36       [000E9E] A:0204 X:006A Y:00AA S:012E D:0E68 DB:86 nvMXdizc V:247 H:318 F: 6		E-$36 = #$00
		81C47A A9 FF       LDA #$FF               A:0204 X:006A Y:00AA S:012E D:0E68 DB:86 nvMXdizc V:247 H:324 F: 6
		81C47C 85 2F       STA $2F       [000E97] A:02FF X:006A Y:00AA S:012E D:0E68 DB:86 NvMXdizc V:247 H:327 F: 6		E-Air = #$FF
		81C47E 64 39       STZ $39       [000EA1] A:02FF X:006A Y:00AA S:012E D:0E68 DB:86 NvMXdizc V:247 H:333 F: 6		E-$39 = #$00
		81C480 64 3A       STZ $3A       [000EA2] A:02FF X:006A Y:00AA S:012E D:0E68 DB:86 NvMXdizc V:247 H:339 F: 6		E-$3A = #$00
		81C482 64 3C       STZ $3C       [000EA4] A:02FF X:006A Y:00AA S:012E D:0E68 DB:86 NvMXdizc V:248 H:  6 F: 6		E-$3C = #$00
		81C484 A9 03       LDA #$03               A:02FF X:006A Y:00AA S:012E D:0E68 DB:86 NvMXdizc V:248 H: 12 F: 6
		81C486 85 0C       STA $0C       [000E74] A:0203 X:006A Y:00AA S:012E D:0E68 DB:86 nvMXdizc V:248 H: 15 F: 6		E-$0C = #$03
		81C488 64 3B       STZ $3B       [000EA3] A:0203 X:006A Y:00AA S:012E D:0E68 DB:86 nvMXdizc V:248 H: 22 F: 6		E-$3C = #$00
		81C48A A9 04       LDA #$04               A:0203 X:006A Y:00AA S:012E D:0E68 DB:86 nvMXdizc V:248 H: 28 F: 6
		81C48C 85 26       STA $26       [000E8E] A:0204 X:006A Y:00AA S:012E D:0E68 DB:86 nvMXdizc V:248 H: 31 F: 6		E-$26 = #$04
		81C48E C2 20       REP #$20               A:0204 X:006A Y:00AA S:012E D:0E68 DB:86 nvMXdizc V:248 H: 38 F: 6
		81C490 A9 07 C6    LDA #$C607             A:0204 X:006A Y:00AA S:012E D:0E68 DB:86 nvmXdizc V:248 H: 42 F: 6
		81C493 85 20       STA $20       [000E88] A:C607 X:006A Y:00AA S:012E D:0E68 DB:86 NvmXdizc V:248 H: 47 F: 6		E-HitPoint = #$C607
		81C495 E2 20       SEP #$20               A:C607 X:006A Y:00AA S:012E D:0E68 DB:86 NvmXdizc V:248 H: 55 F: 6
		81C497 6B          RTL                    A:C607 X:006A Y:00AA S:012E D:0E68 DB:86 NvMXdizc V:248 H: 60 F: 6

	80F9D8 60          RTS                    A:C607 X:006A Y:00AA S:0131 D:0E68 DB:86 NvMXdizc V:248 H: 70 F: 6

80D4F9 C2 21       REP #$21               A:C607 X:006A Y:00AA S:0133 D:0E68 DB:86 NvMXdizc V:248 H: 80 F: 6
