80D4F6 20 30 D5    JSR $D530     [80D530] A:0E01 X:0000 Y:008E S:0133 D:0E68 DB:86 nvMXdizC V:246 H:278 F:10

	80D530 C2 20       REP #$20               A:0E01 X:0000 Y:008E S:0131 D:0E68 DB:86 nvMXdizC V:246 H:288 F:10
	80D532 A5 05       LDA $05       [000E6D] A:0E01 X:0000 Y:008E S:0131 D:0E68 DB:86 nvmXdizC V:246 H:293 F:10
	80D534 85 22       STA $22       [000E8A] A:07A7 X:0000 Y:008E S:0131 D:0E68 DB:86 nvmXdizC V:246 H:301 F:10
	80D536 A5 08       LDA $08       [000E70] A:07A7 X:0000 Y:008E S:0131 D:0E68 DB:86 nvmXdizC V:246 H:310 F:10
	80D538 85 24       STA $24       [000E8C] A:00A8 X:0000 Y:008E S:0131 D:0E68 DB:86 nvmXdizC V:246 H:318 F:10
	80D53A E2 20       SEP #$20               A:00A8 X:0000 Y:008E S:0131 D:0E68 DB:86 nvmXdizC V:246 H:326 F:10
	80D53C A9 80       LDA #$80               A:00A8 X:0000 Y:008E S:0131 D:0E68 DB:86 nvMXdizC V:246 H:330 F:10
	80D53E 14 0E       TRB $0E       [000E76] A:0080 X:0000 Y:008E S:0131 D:0E68 DB:86 NvMXdizC V:246 H:333 F:10
	80D540 A5 0A       LDA $0A       [000E72] A:0080 X:0000 Y:008E S:0131 D:0E68 DB:86 NvMXdizC V:247 H:  3 F:10
	80D542 0A          ASL A                  A:0005 X:0000 Y:008E S:0131 D:0E68 DB:86 nvMXdizC V:247 H: 10 F:10
	80D543 AA          TAX                    A:000A X:0000 Y:008E S:0131 D:0E68 DB:86 nvMXdizc V:247 H: 13 F:10
	80D544 7C DD F8    JMP ($F8DD,X) [80F8E7] A:000A X:000A Y:008E S:0131 D:0E68 DB:86 nvMXdizc V:247 H: 16 F:10

	80F9CA 22 7E 8A 87 JSL $878A7E   [878A7E] A:000A X:000A Y:008E S:0131 D:0E68 DB:86 nvMXdizc V:247 H: 25 F:10

		878A7E A6 01       LDX $01       [000E69] A:000A X:000A Y:008E S:012E D:0E68 DB:86 nvMXdizc V:247 H: 38 F:10
		878A80 7C 83 8A    JMP ($8A83,X) [878A87] A:000A X:0004 Y:008E S:012E D:0E68 DB:86 nvMXdizc V:247 H: 45 F:10

		878C1A A5 33       LDA $33       [000E9B] A:000A X:0004 Y:008E S:012E D:0E68 DB:86 nvMXdizc V:247 H: 54 F:10
		878C1C 04 11       TSB $11       [000E79] A:0008 X:0004 Y:008E S:012E D:0E68 DB:86 nvMXdizc V:247 H: 60 F:10
		878C1E A6 02       LDX $02       [000E6A] A:0008 X:0004 Y:008E S:012E D:0E68 DB:86 nvMXdizc V:247 H: 70 F:10
		878C20 FC F2 8C    JSR ($8CF2,X) [878CF8] A:0008 X:0006 Y:008E S:012E D:0E68 DB:86 nvMXdizc V:247 H: 77 F:10

			878F46 A6 03       LDX $03       [000E6B] A:0008 X:0006 Y:008E S:012C D:0E68 DB:86 nvMXdizc V:247 H: 90 F:10
			878F48 7C 4B 8F    JMP ($8F4B,X) [878F4F] A:0008 X:0004 Y:008E S:012C D:0E68 DB:86 nvMXdizc V:247 H: 96 F:10

			878FA2 A5 11       LDA $11       [000E79] A:0008 X:0004 Y:008E S:012C D:0E68 DB:86 nvMXdizc V:247 H:105 F:10	|A = #$0020 (#$FFE0 because Facing = Left)
			878FA4 0A          ASL A                  A:0029 X:0004 Y:008E S:012C D:0E68 DB:86 nvMXdizc V:247 H:112 F:10	|
			878FA5 0A          ASL A                  A:0052 X:0004 Y:008E S:012C D:0E68 DB:86 nvMXdizc V:247 H:115 F:10	|
			878FA6 C2 20       REP #$20               A:00A4 X:0004 Y:008E S:012C D:0E68 DB:86 NvMXdizc V:247 H:118 F:10	|
			878FA8 A9 20 00    LDA #$0020             A:00A4 X:0004 Y:008E S:012C D:0E68 DB:86 NvmXdizc V:247 H:122 F:10	|
			878FAB B0 03       BCS $0003     [878FB0] A:0020 X:0004 Y:008E S:012C D:0E68 DB:86 nvmXdizc V:247 H:127 F:10	|
			878FAD A9 E0 FF    LDA #$FFE0             A:0020 X:0004 Y:008E S:012C D:0E68 DB:86 nvmXdizc V:247 H:130 F:10	|
			878FB0 18          CLC                    A:FFE0 X:0004 Y:008E S:012C D:0E68 DB:86 NvmXdizc V:247 H:144 F:10
			878FB1 65 05       ADC $05       [000E6D] A:FFE0 X:0004 Y:008E S:012C D:0E68 DB:86 NvmXdizc V:247 H:147 F:10
			878FB3 8D AD 0B    STA $0BAD     [860BAD] A:0787 X:0004 Y:008E S:012C D:0E68 DB:86 nvmXdizC V:247 H:156 F:10	MMX-X-Pos = E-X-Pos + #$0020 (#$FFE0 if E-Facing = Left)
			878FB6 E2 20       SEP #$20               A:0787 X:0004 Y:008E S:012C D:0E68 DB:86 nvmXdizC V:247 H:164 F:10
			878FB8 A5 34       LDA $34       [000E9C] A:0787 X:0004 Y:008E S:012C D:0E68 DB:86 nvMXdizC V:247 H:169 F:10
			878FBA D0 11       BNE $0011     [878FCD] A:0700 X:0004 Y:008E S:012C D:0E68 DB:86 nvMXdiZC V:247 H:175 F:10	Branch if CD2 <> #$00
			878FBC 22 EA 8E 84 JSL $848EEA   [848EEA] A:0700 X:0004 Y:008E S:012C D:0E68 DB:86 nvMXdiZC V:247 H:178 F:10	JSL $848EEA --> Decrease CDSkel, Continue Skeleton

				848EEA 08          PHP                    A:0700 X:0004 Y:008E S:0129 D:0E68 DB:86 nvMXdiZC V:247 H:192 F:10
				848EEB 8B          PHB                    A:0700 X:0004 Y:008E S:0128 D:0E68 DB:86 nvMXdiZC V:247 H:197 F:10
				848EEC E2 30       SEP #$30               A:0700 X:0004 Y:008E S:0127 D:0E68 DB:86 nvMXdiZC V:247 H:202 F:10
				848EEE C6 13       DEC $13       [000E7B] A:0700 X:0004 Y:008E S:0127 D:0E68 DB:86 nvMXdiZC V:247 H:206 F:10
				848EF0 D0 5D       BNE $005D     [848F4F] A:0700 X:0004 Y:008E S:0127 D:0E68 DB:86 nvMXdiZC V:247 H:216 F:10
				848EF2 A9 AF       LDA #$AF               A:0700 X:0004 Y:008E S:0127 D:0E68 DB:86 nvMXdiZC V:247 H:219 F:10
				848EF4 48          PHA                    A:07AF X:0004 Y:008E S:0127 D:0E68 DB:86 NvMXdizC V:247 H:222 F:10
				848EF5 AB          PLB                    A:07AF X:0004 Y:008E S:0126 D:0E68 DB:86 NvMXdizC V:247 H:227 F:10
				848EF6 C2 21       REP #$21               A:07AF X:0004 Y:008E S:0127 D:0E68 DB:AF NvMXdizC V:247 H:234 F:10
				848EF8 A5 14       LDA $14       [000E7C] A:07AF X:0004 Y:008E S:0127 D:0E68 DB:AF NvmXdizc V:247 H:238 F:10
				848EFA 69 03 00    ADC #$0003             A:D430 X:0004 Y:008E S:0127 D:0E68 DB:AF NvmXdizc V:247 H:247 F:10
				848EFD A4 0F       LDY $0F       [000E77] A:D433 X:0004 Y:008E S:0127 D:0E68 DB:AF NvmXdizc V:247 H:251 F:10
				848EFF 10 37       BPL $0037     [848F38] A:D433 X:0004 Y:0001 S:0127 D:0E68 DB:AF nvmXdizc V:247 H:258 F:10
				848F38 85 14       STA $14       [000E7C] A:D433 X:0004 Y:0001 S:0127 D:0E68 DB:AF nvmXdizc V:247 H:262 F:10
				848F3A E2 30       SEP #$30               A:D433 X:0004 Y:0001 S:0127 D:0E68 DB:AF nvmXdizc V:247 H:271 F:10
				848F3C B2 14       LDA ($14)     [AFD433] A:D433 X:0004 Y:0001 S:0127 D:0E68 DB:AF nvMXdizc V:247 H:275 F:10
				848F3E 85 13       STA $13       [000E7B] A:D408 X:0004 Y:0001 S:0127 D:0E68 DB:AF nvMXdizc V:247 H:285 F:10
				848F40 A0 01       LDY #$01               A:D408 X:0004 Y:0001 S:0127 D:0E68 DB:AF nvMXdizc V:247 H:292 F:10
				848F42 B1 14       LDA ($14),Y   [AFD434] A:D408 X:0004 Y:0001 S:0127 D:0E68 DB:AF nvMXdizc V:247 H:295 F:10
				848F44 85 0F       STA $0F       [000E77] A:D400 X:0004 Y:0001 S:0127 D:0E68 DB:AF nvMXdiZc V:247 H:305 F:10
				848F46 C8          INY                    A:D400 X:0004 Y:0001 S:0127 D:0E68 DB:AF nvMXdiZc V:247 H:311 F:10
				848F47 B1 14       LDA ($14),Y   [AFD435] A:D400 X:0004 Y:0002 S:0127 D:0E68 DB:AF nvMXdizc V:247 H:314 F:10
				848F49 85 17       STA $17       [000E7F] A:D419 X:0004 Y:0002 S:0127 D:0E68 DB:AF nvMXdizc V:247 H:324 F:10
				848F4B A9 80       LDA #$80               A:D419 X:0004 Y:0002 S:0127 D:0E68 DB:AF nvMXdizc V:247 H:330 F:10
				848F4D 04 17       TSB $17       [000E7F] A:D480 X:0004 Y:0002 S:0127 D:0E68 DB:AF NvMXdizc V:247 H:333 F:10
				848F4F AB          PLB                    A:D480 X:0004 Y:0002 S:0127 D:0E68 DB:AF NvMXdiZc V:248 H:  3 F:10
				848F50 28          PLP                    A:D480 X:0004 Y:0002 S:0128 D:0E68 DB:86 NvMXdizc V:248 H:  9 F:10
				848F51 6B          RTL                    A:D480 X:0004 Y:0002 S:0129 D:0E68 DB:86 nvMXdiZC V:248 H: 16 F:10

			878FC0 A5 0F       LDA $0F       [000E77] A:D480 X:0004 Y:0002 S:012C D:0E68 DB:86 nvMXdiZC V:248 H: 26 F:10
			878FC2 F0 08       BEQ $0008     [878FCC] A:D400 X:0004 Y:0002 S:012C D:0E68 DB:86 nvMXdiZC V:248 H: 33 F:10	Branch because SkelAction = #$00
			878FCC 60          RTS                    A:D400 X:0004 Y:0002 S:012C D:0E68 DB:86 nvMXdiZC V:248 H: 37 F:10

		878C23 A5 37       LDA $37       [000E9F] A:D400 X:0004 Y:0002 S:012E D:0E68 DB:86 nvMXdiZC V:248 H: 47 F:10
