80D4F6 20 30 D5    JSR $D530     [80D530] A:0E01 X:0000 Y:008F S:0133 D:0E68 DB:86 nvMXdizC V:247 H:170 F:57

	80D530 C2 20       REP #$20               A:0E01 X:0000 Y:008F S:0131 D:0E68 DB:86 nvMXdizC V:247 H:180 F:57
	80D532 A5 05       LDA $05       [000E6D] A:0E01 X:0000 Y:008F S:0131 D:0E68 DB:86 nvmXdizC V:247 H:184 F:57
	80D534 85 22       STA $22       [000E8A] A:07A7 X:0000 Y:008F S:0131 D:0E68 DB:86 nvmXdizC V:247 H:193 F:57
	80D536 A5 08       LDA $08       [000E70] A:07A7 X:0000 Y:008F S:0131 D:0E68 DB:86 nvmXdizC V:247 H:201 F:57
	80D538 85 24       STA $24       [000E8C] A:00A8 X:0000 Y:008F S:0131 D:0E68 DB:86 nvmXdizC V:247 H:210 F:57
	80D53A E2 20       SEP #$20               A:00A8 X:0000 Y:008F S:0131 D:0E68 DB:86 nvmXdizC V:247 H:218 F:57
	80D53C A9 80       LDA #$80               A:00A8 X:0000 Y:008F S:0131 D:0E68 DB:86 nvMXdizC V:247 H:223 F:57
	80D53E 14 0E       TRB $0E       [000E76] A:0080 X:0000 Y:008F S:0131 D:0E68 DB:86 NvMXdizC V:247 H:226 F:57
	80D540 A5 0A       LDA $0A       [000E72] A:0080 X:0000 Y:008F S:0131 D:0E68 DB:86 NvMXdizC V:247 H:236 F:57
	80D542 0A          ASL A                  A:0005 X:0000 Y:008F S:0131 D:0E68 DB:86 nvMXdizC V:247 H:242 F:57
	80D543 AA          TAX                    A:000A X:0000 Y:008F S:0131 D:0E68 DB:86 nvMXdizc V:247 H:245 F:57
	80D544 7C DD F8    JMP ($F8DD,X) [80F8E7] A:000A X:000A Y:008F S:0131 D:0E68 DB:86 nvMXdizc V:247 H:248 F:57

	80F9CA 22 7E 8A 87 JSL $878A7E   [878A7E] A:000A X:000A Y:008F S:0131 D:0E68 DB:86 nvMXdizc V:247 H:257 F:57

		878A7E A6 01       LDX $01       [000E69] A:000A X:000A Y:008F S:012E D:0E68 DB:86 nvMXdizc V:247 H:271 F:57
		878A80 7C 83 8A    JMP ($8A83,X) [878A87] A:000A X:0004 Y:008F S:012E D:0E68 DB:86 nvMXdizc V:247 H:277 F:57

		878C1A A5 33       LDA $33       [000E9B] A:000A X:0004 Y:008F S:012E D:0E68 DB:86 nvMXdizc V:247 H:286 F:57
		878C1C 04 11       TSB $11       [000E79] A:0008 X:0004 Y:008F S:012E D:0E68 DB:86 nvMXdizc V:247 H:293 F:57
		878C1E A6 02       LDX $02       [000E6A] A:0008 X:0004 Y:008F S:012E D:0E68 DB:86 nvMXdizc V:247 H:303 F:57
		878C20 FC F2 8C    JSR ($8CF2,X) [878CF8] A:0008 X:0006 Y:008F S:012E D:0E68 DB:86 nvMXdizc V:247 H:309 F:57

			878F46 A6 03       LDX $03       [000E6B] A:0008 X:0006 Y:008F S:012C D:0E68 DB:86 nvMXdizc V:247 H:322 F:57
			878F48 7C 4B 8F    JMP ($8F4B,X) [878F4B] A:0008 X:0000 Y:008F S:012C D:0E68 DB:86 nvMXdiZc V:247 H:328 F:57

			878F55 A9 06       LDA #$06               A:0008 X:0000 Y:008F S:012C D:0E68 DB:86 nvMXdiZc V:247 H:337 F:57		A = a = #$06
			878F57 20 B1 90    JSR $90B1     [8790B1] A:0006 X:0000 Y:008F S:012C D:0E68 DB:86 nvMXdizc V:248 H:  0 F:57		JSR $8790B1 --> Boomer Kuwanger Custom Skeleton Load

				8790B1 A6 35       LDX $35       [000E9D] A:0006 X:0000 Y:008F S:012A D:0E68 DB:86 nvMXdizc V:248 H: 10 F:57
				8790B3 F0 03       BEQ $0003     [8790B8] A:0006 X:0000 Y:008F S:012A D:0E68 DB:86 nvMXdiZc V:248 H: 16 F:57	Branch because E-BoomOut = #$00
				8790B8 AA          TAX                    A:0006 X:0000 Y:008F S:012A D:0E68 DB:86 nvMXdiZc V:248 H: 21 F:57	X = a = #$06
				8790B9 BD 97 C5    LDA $C597,X   [86C59D] A:0006 X:0006 Y:008F S:012A D:0E68 DB:86 nvMXdizc V:248 H: 24 F:57	A = [$86C597,a] = [$86C59D] = #$17
				8790BC 22 07 8F 84 JSL $848F07   [848F07] A:0017 X:0006 Y:008F S:012A D:0E68 DB:86 nvMXdizc V:248 H: 30 F:57	JSL $848F07 --> Skeleton Load (SkelPoint = #$75, A=#$17)

					848F07 08          PHP                    A:0017 X:0006 Y:008F S:0127 D:0E68 DB:86 nvMXdizc V:248 H: 43 F:57
					848F08 8B          PHB                    A:0017 X:0006 Y:008F S:0126 D:0E68 DB:86 nvMXdizc V:248 H: 48 F:57
					848F09 C2 30       REP #$30               A:0017 X:0006 Y:008F S:0125 D:0E68 DB:86 nvMXdizc V:248 H: 53 F:57
					848F0B 8D 0E 00    STA $000E     [86000E] A:0017 X:0006 Y:008F S:0125 D:0E68 DB:86 nvmxdizc V:248 H: 58 F:57
					848F0E A5 16       LDA $16       [000E7E] A:0017 X:0006 Y:008F S:0125 D:0E68 DB:86 nvmxdizc V:248 H: 66 F:57
					848F10 29 FF 00    AND #$00FF             A:8075 X:0006 Y:008F S:0125 D:0E68 DB:86 Nvmxdizc V:248 H: 75 F:57
					848F13 8D 0C 00    STA $000C     [86000C] A:0075 X:0006 Y:008F S:0125 D:0E68 DB:86 nvmxdizc V:248 H: 79 F:57
					848F16 0A          ASL A                  A:0075 X:0006 Y:008F S:0125 D:0E68 DB:86 nvmxdizc V:248 H: 88 F:57
					848F17 18          CLC                    A:00EA X:0006 Y:008F S:0125 D:0E68 DB:86 nvmxdizc V:248 H: 91 F:57
					848F18 6D 0C 00    ADC $000C     [86000C] A:00EA X:0006 Y:008F S:0125 D:0E68 DB:86 nvmxdizc V:248 H: 94 F:57
					848F1B AA          TAX                    A:015F X:0006 Y:008F S:0125 D:0E68 DB:86 nvmxdizc V:248 H:102 F:57
					848F1C BF 00 A0 AF LDA $AFA000,X [AFA15F] A:015F X:015F Y:008F S:0125 D:0E68 DB:86 nvmxdizc V:248 H:105 F:57
					848F20 85 14       STA $14       [000E7C] A:D367 X:015F Y:008F S:0125 D:0E68 DB:86 Nvmxdizc V:248 H:114 F:57
					848F22 E2 20       SEP #$20               A:D367 X:015F Y:008F S:0125 D:0E68 DB:86 Nvmxdizc V:248 H:123 F:57
					848F24 BF 02 A0 AF LDA $AFA002,X [AFA161] A:D367 X:015F Y:008F S:0125 D:0E68 DB:86 NvMxdizc V:248 H:127 F:57
					848F28 48          PHA                    A:D3AF X:015F Y:008F S:0125 D:0E68 DB:86 NvMxdizc V:248 H:145 F:57
					848F29 AB          PLB                    A:D3AF X:015F Y:008F S:0124 D:0E68 DB:86 NvMxdizc V:248 H:150 F:57
					848F2A C2 20       REP #$20               A:D3AF X:015F Y:008F S:0125 D:0E68 DB:AF NvMxdizc V:248 H:156 F:57
					848F2C AD 0E 00    LDA $000E     [AF000E] A:D3AF X:015F Y:008F S:0125 D:0E68 DB:AF Nvmxdizc V:248 H:161 F:57
					848F2F 29 FF 00    AND #$00FF             A:0017 X:015F Y:008F S:0125 D:0E68 DB:AF nvmxdizc V:248 H:169 F:57
					848F32 0A          ASL A                  A:0017 X:015F Y:008F S:0125 D:0E68 DB:AF nvmxdizc V:248 H:174 F:57
					848F33 A8          TAY                    A:002E X:015F Y:008F S:0125 D:0E68 DB:AF nvmxdizc V:248 H:177 F:57
					848F34 B1 14       LDA ($14),Y   [AFD395] A:002E X:015F Y:002E S:0125 D:0E68 DB:AF nvmxdizc V:248 H:180 F:57
					848F36 65 14       ADC $14       [000E7C] A:00C3 X:015F Y:002E S:0125 D:0E68 DB:AF nvmxdizc V:248 H:193 F:57
					848F38 85 14       STA $14       [000E7C] A:D42A X:015F Y:002E S:0125 D:0E68 DB:AF Nvmxdizc V:248 H:201 F:57
					848F3A E2 30       SEP #$30               A:D42A X:015F Y:002E S:0125 D:0E68 DB:AF Nvmxdizc V:248 H:210 F:57
					848F3C B2 14       LDA ($14)     [AFD42A] A:D42A X:005F Y:002E S:0125 D:0E68 DB:AF NvMXdizc V:248 H:214 F:57	Skeleton start: [AFD42A]
					848F3E 85 13       STA $13       [000E7B] A:D403 X:005F Y:002E S:0125 D:0E68 DB:AF nvMXdizc V:248 H:224 F:57
					848F40 A0 01       LDY #$01               A:D403 X:005F Y:002E S:0125 D:0E68 DB:AF nvMXdizc V:248 H:231 F:57
					848F42 B1 14       LDA ($14),Y   [AFD42B] A:D403 X:005F Y:0001 S:0125 D:0E68 DB:AF nvMXdizc V:248 H:234 F:57
					848F44 85 0F       STA $0F       [000E77] A:D400 X:005F Y:0001 S:0125 D:0E68 DB:AF nvMXdiZc V:248 H:244 F:57
					848F46 C8          INY                    A:D400 X:005F Y:0001 S:0125 D:0E68 DB:AF nvMXdiZc V:248 H:250 F:57
					848F47 B1 14       LDA ($14),Y   [AFD42C] A:D400 X:005F Y:0002 S:0125 D:0E68 DB:AF nvMXdizc V:248 H:253 F:57
					848F49 85 17       STA $17       [000E7F] A:D417 X:005F Y:0002 S:0125 D:0E68 DB:AF nvMXdizc V:248 H:263 F:57
					848F4B A9 80       LDA #$80               A:D417 X:005F Y:0002 S:0125 D:0E68 DB:AF nvMXdizc V:248 H:270 F:57
					848F4D 04 17       TSB $17       [000E7F] A:D480 X:005F Y:0002 S:0125 D:0E68 DB:AF NvMXdizc V:248 H:273 F:57
					848F4F AB          PLB                    A:D480 X:005F Y:0002 S:0125 D:0E68 DB:AF NvMXdiZc V:248 H:283 F:57
					848F50 28          PLP                    A:D480 X:005F Y:0002 S:0126 D:0E68 DB:86 NvMXdizc V:248 H:289 F:57
					848F51 6B          RTL                    A:D480 X:005F Y:0002 S:0127 D:0E68 DB:86 nvMXdizc V:248 H:296 F:57

				8790C0 60          RTS                    A:D480 X:005F Y:0002 S:012A D:0E68 DB:86 nvMXdizc V:248 H:306 F:57

			878F5A A9 02       LDA #$02               A:D480 X:005F Y:0002 S:012C D:0E68 DB:86 nvMXdizc V:248 H:316 F:57
			878F5C 85 03       STA $03       [000E6B] A:D402 X:005F Y:0002 S:012C D:0E68 DB:86 nvMXdizc V:248 H:319 F:57	Subaction = #$02
			878F5E 22 A5 AC 84 JSL $84ACA5   [84ACA5] A:D402 X:005F Y:0002 S:012C D:0E68 DB:86 nvMXdizc V:248 H:325 F:57	JSL $84ACA5 --> Update Facing (40 bit)

				84ACA5 08          PHP                    A:D402 X:005F Y:0002 S:0129 D:0E68 DB:86 nvMXdizc V:248 H:338 F:57
				84ACA6 E2 20       SEP #$20               A:D402 X:005F Y:0002 S:0128 D:0E68 DB:86 nvMXdizc V:249 H:  3 F:57
				84ACA8 A9 40       LDA #$40               A:D402 X:005F Y:0002 S:0128 D:0E68 DB:86 nvMXdizc V:249 H:  8 F:57
				84ACAA 14 11       TRB $11       [000E79] A:D440 X:005F Y:0002 S:0128 D:0E68 DB:86 nvMXdizc V:249 H: 11 F:57
				84ACAC C2 20       REP #$20               A:D440 X:005F Y:0002 S:0128 D:0E68 DB:86 nvMXdiZc V:249 H: 21 F:57
				84ACAE AD AD 0B    LDA $0BAD     [860BAD] A:D440 X:005F Y:0002 S:0128 D:0E68 DB:86 nvmXdiZc V:249 H: 25 F:57
				84ACB1 38          SEC                    A:0794 X:005F Y:0002 S:0128 D:0E68 DB:86 nvmXdizc V:249 H: 34 F:57
				84ACB2 E5 05       SBC $05       [000E6D] A:0794 X:005F Y:0002 S:0128 D:0E68 DB:86 nvmXdizC V:249 H: 37 F:57
				84ACB4 E2 20       SEP #$20               A:FFED X:005F Y:0002 S:0128 D:0E68 DB:86 NvmXdizc V:249 H: 45 F:57
				84ACB6 A9 00       LDA #$00               A:FFED X:005F Y:0002 S:0128 D:0E68 DB:86 NvMXdizc V:249 H: 50 F:57
				84ACB8 6A          ROR A                  A:FF00 X:005F Y:0002 S:0128 D:0E68 DB:86 nvMXdiZc V:249 H: 53 F:57
				84ACB9 4A          LSR A                  A:FF00 X:005F Y:0002 S:0128 D:0E68 DB:86 nvMXdiZc V:249 H: 56 F:57
				84ACBA 04 11       TSB $11       [000E79] A:FF00 X:005F Y:0002 S:0128 D:0E68 DB:86 nvMXdiZc V:249 H: 59 F:57
				84ACBC 28          PLP                    A:FF00 X:005F Y:0002 S:0128 D:0E68 DB:86 nvMXdiZc V:249 H: 69 F:57
				84ACBD 6B          RTL                    A:FF00 X:005F Y:0002 S:0129 D:0E68 DB:86 nvMXdizc V:249 H: 75 F:57

			878F62 60          RTS                    A:FF00 X:005F Y:0002 S:012C D:0E68 DB:86 nvMXdizc V:249 H: 86 F:57	Return

		878C23 A5 37       LDA $37       [000E9F] A:FF00 X:005F Y:0002 S:012E D:0E68 DB:86 nvMXdizc V:249 H: 96 F:57
