80D4F6 20 30 D5    JSR $D530     [80D530] A:0E01 X:0000 Y:0002 S:0133 D:0E68 DB:86 nvMXdizC V:  0 H:146 F:48

	80D530 C2 20       REP #$20               A:0E01 X:0000 Y:0002 S:0131 D:0E68 DB:86 nvMXdizC V:  0 H:156 F:48
	80D532 A5 05       LDA $05       [000E6D] A:0E01 X:0000 Y:0002 S:0131 D:0E68 DB:86 nvmXdizC V:  0 H:161 F:48
	80D534 85 22       STA $22       [000E8A] A:07A7 X:0000 Y:0002 S:0131 D:0E68 DB:86 nvmXdizC V:  0 H:169 F:48
	80D536 A5 08       LDA $08       [000E70] A:07A7 X:0000 Y:0002 S:0131 D:0E68 DB:86 nvmXdizC V:  0 H:178 F:48
	80D538 85 24       STA $24       [000E8C] A:00A8 X:0000 Y:0002 S:0131 D:0E68 DB:86 nvmXdizC V:  0 H:186 F:48
	80D53A E2 20       SEP #$20               A:00A8 X:0000 Y:0002 S:0131 D:0E68 DB:86 nvmXdizC V:  0 H:195 F:48
	80D53C A9 80       LDA #$80               A:00A8 X:0000 Y:0002 S:0131 D:0E68 DB:86 nvMXdizC V:  0 H:199 F:48
	80D53E 14 0E       TRB $0E       [000E76] A:0080 X:0000 Y:0002 S:0131 D:0E68 DB:86 NvMXdizC V:  0 H:202 F:48
	80D540 A5 0A       LDA $0A       [000E72] A:0080 X:0000 Y:0002 S:0131 D:0E68 DB:86 NvMXdizC V:  0 H:212 F:48
	80D542 0A          ASL A                  A:0005 X:0000 Y:0002 S:0131 D:0E68 DB:86 nvMXdizC V:  0 H:219 F:48
	80D543 AA          TAX                    A:000A X:0000 Y:0002 S:0131 D:0E68 DB:86 nvMXdizc V:  0 H:222 F:48
	80D544 7C DD F8    JMP ($F8DD,X) [80F8E7] A:000A X:000A Y:0002 S:0131 D:0E68 DB:86 nvMXdizc V:  0 H:225 F:48

	80F9CA 22 7E 8A 87 JSL $878A7E   [878A7E] A:000A X:000A Y:0002 S:0131 D:0E68 DB:86 nvMXdizc V:  0 H:234 F:48

		878A7E A6 01       LDX $01       [000E69] A:000A X:000A Y:0002 S:012E D:0E68 DB:86 nvMXdizc V:  0 H:247 F:48
		878A80 7C 83 8A    JMP ($8A83,X) [878A87] A:000A X:0004 Y:0002 S:012E D:0E68 DB:86 nvMXdizc V:  0 H:254 F:48

		878C1A A5 33       LDA $33       [000E9B] A:000A X:0004 Y:0002 S:012E D:0E68 DB:86 nvMXdizc V:  0 H:263 F:48
		878C1C 04 11       TSB $11       [000E79] A:0008 X:0004 Y:0002 S:012E D:0E68 DB:86 nvMXdizc V:  0 H:269 F:48
		878C1E A6 02       LDX $02       [000E6A] A:0008 X:0004 Y:0002 S:012E D:0E68 DB:86 nvMXdizc V:  0 H:279 F:48
		878C20 FC F2 8C    JSR ($8CF2,X) [878CF8] A:0008 X:0006 Y:0002 S:012E D:0E68 DB:86 nvMXdizc V:  0 H:286 F:48

			878F46 A6 03       LDX $03       [000E6B] A:0008 X:0006 Y:0002 S:012C D:0E68 DB:86 nvMXdizc V:  0 H:299 F:48
			878F48 7C 4B 8F    JMP ($8F4B,X) [878F51] A:0008 X:0006 Y:0002 S:012C D:0E68 DB:86 nvMXdizc V:  0 H:305 F:48

			878FD0 22 EA 8E 84 JSL $848EEA   [848EEA] A:0008 X:0006 Y:0002 S:012C D:0E68 DB:86 nvMXdizc V:  0 H:314 F:48	JSL $848EEA --> Decrease CDSkel, Continue Skeleton

				848EEA 08          PHP                    A:0008 X:0006 Y:0002 S:0129 D:0E68 DB:86 nvMXdizc V:  0 H:327 F:48
				848EEB 8B          PHB                    A:0008 X:0006 Y:0002 S:0128 D:0E68 DB:86 nvMXdizc V:  0 H:332 F:48
				848EEC E2 30       SEP #$30               A:0008 X:0006 Y:0002 S:0127 D:0E68 DB:86 nvMXdizc V:  0 H:337 F:48
				848EEE C6 13       DEC $13       [000E7B] A:0008 X:0006 Y:0002 S:0127 D:0E68 DB:86 nvMXdizc V:  1 H:  1 F:48
				848EF0 D0 5D       BNE $005D     [848F4F] A:0008 X:0006 Y:0002 S:0127 D:0E68 DB:86 nvMXdiZc V:  1 H: 11 F:48
				848EF2 A9 AF       LDA #$AF               A:0008 X:0006 Y:0002 S:0127 D:0E68 DB:86 nvMXdiZc V:  1 H: 14 F:48
				848EF4 48          PHA                    A:00AF X:0006 Y:0002 S:0127 D:0E68 DB:86 NvMXdizc V:  1 H: 17 F:48
				848EF5 AB          PLB                    A:00AF X:0006 Y:0002 S:0126 D:0E68 DB:86 NvMXdizc V:  1 H: 22 F:48
				848EF6 C2 21       REP #$21               A:00AF X:0006 Y:0002 S:0127 D:0E68 DB:AF NvMXdizc V:  1 H: 29 F:48
				848EF8 A5 14       LDA $14       [000E7C] A:00AF X:0006 Y:0002 S:0127 D:0E68 DB:AF NvmXdizc V:  1 H: 33 F:48
				848EFA 69 03 00    ADC #$0003             A:D43F X:0006 Y:0002 S:0127 D:0E68 DB:AF NvmXdizc V:  1 H: 42 F:48
				848EFD A4 0F       LDY $0F       [000E77] A:D442 X:0006 Y:0002 S:0127 D:0E68 DB:AF NvmXdizc V:  1 H: 46 F:48
				848EFF 10 37       BPL $0037     [848F38] A:D442 X:0006 Y:0000 S:0127 D:0E68 DB:AF nvmXdiZc V:  1 H: 53 F:48
				848F38 85 14       STA $14       [000E7C] A:D442 X:0006 Y:0000 S:0127 D:0E68 DB:AF nvmXdiZc V:  1 H: 57 F:48
				848F3A E2 30       SEP #$30               A:D442 X:0006 Y:0000 S:0127 D:0E68 DB:AF nvmXdiZc V:  1 H: 66 F:48
				848F3C B2 14       LDA ($14)     [AFD442] A:D442 X:0006 Y:0000 S:0127 D:0E68 DB:AF nvMXdiZc V:  1 H: 70 F:48
				848F3E 85 13       STA $13       [000E7B] A:D410 X:0006 Y:0000 S:0127 D:0E68 DB:AF nvMXdizc V:  1 H: 80 F:48
				848F40 A0 01       LDY #$01               A:D410 X:0006 Y:0000 S:0127 D:0E68 DB:AF nvMXdizc V:  1 H: 87 F:48
				848F42 B1 14       LDA ($14),Y   [AFD443] A:D410 X:0006 Y:0001 S:0127 D:0E68 DB:AF nvMXdizc V:  1 H: 90 F:48
				848F44 85 0F       STA $0F       [000E77] A:D480 X:0006 Y:0001 S:0127 D:0E68 DB:AF NvMXdizc V:  1 H:100 F:48
				848F46 C8          INY                    A:D480 X:0006 Y:0001 S:0127 D:0E68 DB:AF NvMXdizc V:  1 H:106 F:48
				848F47 B1 14       LDA ($14),Y   [AFD444] A:D480 X:0006 Y:0002 S:0127 D:0E68 DB:AF nvMXdizc V:  1 H:109 F:48
				848F49 85 17       STA $17       [000E7F] A:D41B X:0006 Y:0002 S:0127 D:0E68 DB:AF nvMXdizc V:  1 H:119 F:48
				848F4B A9 80       LDA #$80               A:D41B X:0006 Y:0002 S:0127 D:0E68 DB:AF nvMXdizc V:  1 H:126 F:48
				848F4D 04 17       TSB $17       [000E7F] A:D480 X:0006 Y:0002 S:0127 D:0E68 DB:AF NvMXdizc V:  1 H:129 F:48
				848F4F AB          PLB                    A:D480 X:0006 Y:0002 S:0127 D:0E68 DB:AF NvMXdiZc V:  1 H:149 F:48
				848F50 28          PLP                    A:D480 X:0006 Y:0002 S:0128 D:0E68 DB:86 NvMXdizc V:  1 H:155 F:48
				848F51 6B          RTL                    A:D480 X:0006 Y:0002 S:0129 D:0E68 DB:86 nvMXdizc V:  1 H:162 F:48

			878FD4 A5 0F       LDA $0F       [000E77] A:D480 X:0006 Y:0002 S:012C D:0E68 DB:86 nvMXdizc V:  1 H:172 F:48
			878FD6 10 0E       BPL $000E     [878FE6] A:D480 X:0006 Y:0002 S:012C D:0E68 DB:86 NvMXdizc V:  1 H:179 F:48	Branch if SkelAction is positive
			878FD8 A9 08       LDA #$08               A:D480 X:0006 Y:0002 S:012C D:0E68 DB:86 NvMXdizc V:  1 H:182 F:48
			878FDA 85 03       STA $03       [000E6B] A:D408 X:0006 Y:0002 S:012C D:0E68 DB:86 nvMXdizc V:  1 H:185 F:48	Subaction = #$08
			878FDC A9 00       LDA #$00               A:D408 X:0006 Y:0002 S:012C D:0E68 DB:86 nvMXdizc V:  1 H:191 F:48
			878FDE 22 07 8F 84 JSL $848F07   [848F07] A:D400 X:0006 Y:0002 S:012C D:0E68 DB:86 nvMXdiZc V:  1 H:194 F:48	JSL $848F07 --> Skeleton Load (SkelPoint = #$75, A=#$00)

				848F07 08          PHP                    A:D400 X:0006 Y:0002 S:0129 D:0E68 DB:86 nvMXdiZc V:  1 H:208 F:48
				848F08 8B          PHB                    A:D400 X:0006 Y:0002 S:0128 D:0E68 DB:86 nvMXdiZc V:  1 H:213 F:48
				848F09 C2 30       REP #$30               A:D400 X:0006 Y:0002 S:0127 D:0E68 DB:86 nvMXdiZc V:  1 H:218 F:48
				848F0B 8D 0E 00    STA $000E     [86000E] A:D400 X:0006 Y:0002 S:0127 D:0E68 DB:86 nvmxdiZc V:  1 H:222 F:48
				848F0E A5 16       LDA $16       [000E7E] A:D400 X:0006 Y:0002 S:0127 D:0E68 DB:86 nvmxdiZc V:  1 H:231 F:48
				848F10 29 FF 00    AND #$00FF             A:9B75 X:0006 Y:0002 S:0127 D:0E68 DB:86 Nvmxdizc V:  1 H:239 F:48
				848F13 8D 0C 00    STA $000C     [86000C] A:0075 X:0006 Y:0002 S:0127 D:0E68 DB:86 nvmxdizc V:  1 H:244 F:48
				848F16 0A          ASL A                  A:0075 X:0006 Y:0002 S:0127 D:0E68 DB:86 nvmxdizc V:  1 H:252 F:48
				848F17 18          CLC                    A:00EA X:0006 Y:0002 S:0127 D:0E68 DB:86 nvmxdizc V:  1 H:255 F:48
				848F18 6D 0C 00    ADC $000C     [86000C] A:00EA X:0006 Y:0002 S:0127 D:0E68 DB:86 nvmxdizc V:  1 H:258 F:48
				848F1B AA          TAX                    A:015F X:0006 Y:0002 S:0127 D:0E68 DB:86 nvmxdizc V:  1 H:267 F:48
				848F1C BF 00 A0 AF LDA $AFA000,X [AFA15F] A:015F X:015F Y:0002 S:0127 D:0E68 DB:86 nvmxdizc V:  1 H:270 F:48
				848F20 85 14       STA $14       [000E7C] A:D367 X:015F Y:0002 S:0127 D:0E68 DB:86 Nvmxdizc V:  1 H:279 F:48
				848F22 E2 20       SEP #$20               A:D367 X:015F Y:0002 S:0127 D:0E68 DB:86 Nvmxdizc V:  1 H:287 F:48
				848F24 BF 02 A0 AF LDA $AFA002,X [AFA161] A:D367 X:015F Y:0002 S:0127 D:0E68 DB:86 NvMxdizc V:  1 H:292 F:48
				848F28 48          PHA                    A:D3AF X:015F Y:0002 S:0127 D:0E68 DB:86 NvMxdizc V:  1 H:299 F:48
				848F29 AB          PLB                    A:D3AF X:015F Y:0002 S:0126 D:0E68 DB:86 NvMxdizc V:  1 H:304 F:48
				848F2A C2 20       REP #$20               A:D3AF X:015F Y:0002 S:0127 D:0E68 DB:AF NvMxdizc V:  1 H:311 F:48
				848F2C AD 0E 00    LDA $000E     [AF000E] A:D3AF X:015F Y:0002 S:0127 D:0E68 DB:AF Nvmxdizc V:  1 H:315 F:48
				848F2F 29 FF 00    AND #$00FF             A:D400 X:015F Y:0002 S:0127 D:0E68 DB:AF Nvmxdizc V:  1 H:323 F:48
				848F32 0A          ASL A                  A:0000 X:015F Y:0002 S:0127 D:0E68 DB:AF nvmxdiZc V:  1 H:327 F:48
				848F33 A8          TAY                    A:0000 X:015F Y:0002 S:0127 D:0E68 DB:AF nvmxdiZc V:  1 H:330 F:48
				848F34 B1 14       LDA ($14),Y   [AFD367] A:0000 X:015F Y:0000 S:0127 D:0E68 DB:AF nvmxdiZc V:  1 H:333 F:48
				848F36 65 14       ADC $14       [000E7C] A:003A X:015F Y:0000 S:0127 D:0E68 DB:AF nvmxdizc V:  2 H:  6 F:48
				848F38 85 14       STA $14       [000E7C] A:D3A1 X:015F Y:0000 S:0127 D:0E68 DB:AF Nvmxdizc V:  2 H: 15 F:48
				848F3A E2 30       SEP #$30               A:D3A1 X:015F Y:0000 S:0127 D:0E68 DB:AF Nvmxdizc V:  2 H: 23 F:48
				848F3C B2 14       LDA ($14)     [AFD3A1] A:D3A1 X:005F Y:0000 S:0127 D:0E68 DB:AF NvMXdizc V:  2 H: 28 F:48	Skeleton start: [AFD3A1]
				848F3E 85 13       STA $13       [000E7B] A:D30B X:005F Y:0000 S:0127 D:0E68 DB:AF nvMXdizc V:  2 H: 38 F:48
				848F40 A0 01       LDY #$01               A:D30B X:005F Y:0000 S:0127 D:0E68 DB:AF nvMXdizc V:  2 H: 44 F:48
				848F42 B1 14       LDA ($14),Y   [AFD3A2] A:D30B X:005F Y:0001 S:0127 D:0E68 DB:AF nvMXdizc V:  2 H: 47 F:48
				848F44 85 0F       STA $0F       [000E77] A:D300 X:005F Y:0001 S:0127 D:0E68 DB:AF nvMXdiZc V:  2 H: 57 F:48
				848F46 C8          INY                    A:D300 X:005F Y:0001 S:0127 D:0E68 DB:AF nvMXdiZc V:  2 H: 64 F:48
				848F47 B1 14       LDA ($14),Y   [AFD3A3] A:D300 X:005F Y:0002 S:0127 D:0E68 DB:AF nvMXdizc V:  2 H: 67 F:48
				848F49 85 17       STA $17       [000E7F] A:D300 X:005F Y:0002 S:0127 D:0E68 DB:AF nvMXdiZc V:  2 H: 77 F:48
				848F4B A9 80       LDA #$80               A:D300 X:005F Y:0002 S:0127 D:0E68 DB:AF nvMXdiZc V:  2 H: 83 F:48
				848F4D 04 17       TSB $17       [000E7F] A:D380 X:005F Y:0002 S:0127 D:0E68 DB:AF NvMXdizc V:  2 H: 86 F:48
				848F4F AB          PLB                    A:D380 X:005F Y:0002 S:0127 D:0E68 DB:AF NvMXdiZc V:  2 H: 96 F:48
				848F50 28          PLP                    A:D380 X:005F Y:0002 S:0128 D:0E68 DB:86 NvMXdizc V:  2 H:103 F:48
				848F51 6B          RTL                    A:D380 X:005F Y:0002 S:0129 D:0E68 DB:86 nvMXdiZc V:  2 H:109 F:48

			878FE2 A9 1E       LDA #$1E               A:D380 X:005F Y:0002 S:012C D:0E68 DB:86 nvMXdiZc V:  2 H:120 F:48
			878FE4 85 34       STA $34       [000E9C] A:D31E X:005F Y:0002 S:012C D:0E68 DB:86 nvMXdizc V:  2 H:123 F:48	CD2 = #$1E
			878FE6 60          RTS                    A:D31E X:005F Y:0002 S:012C D:0E68 DB:86 nvMXdizc V:  2 H:129 F:48

		878C23 A5 37       LDA $37       [000E9F] A:D31E X:005F Y:0002 S:012E D:0E68 DB:86 nvMXdizc V:  2 H:149 F:48
