80D4F6 20 30 D5    JSR $D530     [80D530] A:0E01 X:0000 Y:008F S:0133 D:0E68 DB:86 nvMXdizC V:247 H:165 F:58

	80D530 C2 20       REP #$20               A:0E01 X:0000 Y:008F S:0131 D:0E68 DB:86 nvMXdizC V:247 H:175 F:58
	80D532 A5 05       LDA $05       [000E6D] A:0E01 X:0000 Y:008F S:0131 D:0E68 DB:86 nvmXdizC V:247 H:179 F:58
	80D534 85 22       STA $22       [000E8A] A:07A7 X:0000 Y:008F S:0131 D:0E68 DB:86 nvmXdizC V:247 H:188 F:58
	80D536 A5 08       LDA $08       [000E70] A:07A7 X:0000 Y:008F S:0131 D:0E68 DB:86 nvmXdizC V:247 H:196 F:58
	80D538 85 24       STA $24       [000E8C] A:00A8 X:0000 Y:008F S:0131 D:0E68 DB:86 nvmXdizC V:247 H:205 F:58
	80D53A E2 20       SEP #$20               A:00A8 X:0000 Y:008F S:0131 D:0E68 DB:86 nvmXdizC V:247 H:213 F:58
	80D53C A9 80       LDA #$80               A:00A8 X:0000 Y:008F S:0131 D:0E68 DB:86 nvMXdizC V:247 H:218 F:58
	80D53E 14 0E       TRB $0E       [000E76] A:0080 X:0000 Y:008F S:0131 D:0E68 DB:86 NvMXdizC V:247 H:221 F:58
	80D540 A5 0A       LDA $0A       [000E72] A:0080 X:0000 Y:008F S:0131 D:0E68 DB:86 NvMXdizC V:247 H:231 F:58
	80D542 0A          ASL A                  A:0005 X:0000 Y:008F S:0131 D:0E68 DB:86 nvMXdizC V:247 H:237 F:58
	80D543 AA          TAX                    A:000A X:0000 Y:008F S:0131 D:0E68 DB:86 nvMXdizc V:247 H:240 F:58
	80D544 7C DD F8    JMP ($F8DD,X) [80F8E7] A:000A X:000A Y:008F S:0131 D:0E68 DB:86 nvMXdizc V:247 H:243 F:58

	80F9CA 22 7E 8A 87 JSL $878A7E   [878A7E] A:000A X:000A Y:008F S:0131 D:0E68 DB:86 nvMXdizc V:247 H:252 F:58

		878A7E A6 01       LDX $01       [000E69] A:000A X:000A Y:008F S:012E D:0E68 DB:86 nvMXdizc V:247 H:266 F:58
		878A80 7C 83 8A    JMP ($8A83,X) [878A87] A:000A X:0004 Y:008F S:012E D:0E68 DB:86 nvMXdizc V:247 H:272 F:58

		878C1A A5 33       LDA $33       [000E9B] A:000A X:0004 Y:008F S:012E D:0E68 DB:86 nvMXdizc V:247 H:281 F:58
		878C1C 04 11       TSB $11       [000E79] A:0008 X:0004 Y:008F S:012E D:0E68 DB:86 nvMXdizc V:247 H:288 F:58
		878C1E A6 02       LDX $02       [000E6A] A:0008 X:0004 Y:008F S:012E D:0E68 DB:86 nvMXdizc V:247 H:298 F:58
		878C20 FC F2 8C    JSR ($8CF2,X) [878CF8] A:0008 X:0006 Y:008F S:012E D:0E68 DB:86 nvMXdizc V:247 H:304 F:58

			878F46 A6 03       LDX $03       [000E6B] A:0008 X:0006 Y:008F S:012C D:0E68 DB:86 nvMXdizc V:247 H:317 F:58
			878F48 7C 4B 8F    JMP ($8F4B,X) [878F4D] A:0008 X:0002 Y:008F S:012C D:0E68 DB:86 nvMXdizc V:247 H:323 F:58

			878F63 22 EA 8E 84 JSL $848EEA   [848EEA] A:0008 X:0002 Y:008F S:012C D:0E68 DB:86 nvMXdizc V:247 H:332 F:58	JSL $848EEA --> Decrease CDSkel, Continue Skeleton

				848EEA 08          PHP                    A:0008 X:0002 Y:008F S:0129 D:0E68 DB:86 nvMXdizc V:248 H:  5 F:58
				848EEB 8B          PHB                    A:0008 X:0002 Y:008F S:0128 D:0E68 DB:86 nvMXdizc V:248 H: 10 F:58
				848EEC E2 30       SEP #$30               A:0008 X:0002 Y:008F S:0127 D:0E68 DB:86 nvMXdizc V:248 H: 15 F:58
				848EEE C6 13       DEC $13       [000E7B] A:0008 X:0002 Y:008F S:0127 D:0E68 DB:86 nvMXdizc V:248 H: 20 F:58
				848EF0 D0 5D       BNE $005D     [848F4F] A:0008 X:0002 Y:008F S:0127 D:0E68 DB:86 nvMXdizc V:248 H: 30 F:58
				848F4F AB          PLB                    A:0008 X:0002 Y:008F S:0127 D:0E68 DB:86 nvMXdizc V:248 H: 34 F:58
				848F50 28          PLP                    A:0008 X:0002 Y:008F S:0128 D:0E68 DB:86 NvMXdizc V:248 H: 41 F:58
				848F51 6B          RTL                    A:0008 X:0002 Y:008F S:0129 D:0E68 DB:86 nvMXdizc V:248 H: 47 F:58

			878F67 A5 0F       LDA $0F       [000E77] A:0008 X:0002 Y:008F S:012C D:0E68 DB:86 nvMXdizc V:248 H: 58 F:58
			878F69 F0 36       BEQ $0036     [878FA1] A:0000 X:0002 Y:008F S:012C D:0E68 DB:86 nvMXdiZc V:248 H: 64 F:58	Branch because SkelAction = #$00
			878FA1 60          RTS                    A:0000 X:0002 Y:008F S:012C D:0E68 DB:86 nvMXdiZc V:248 H: 69 F:58

		878C23 A5 37       LDA $37       [000E9F] A:0000 X:0002 Y:008F S:012E D:0E68 DB:86 nvMXdiZc V:248 H: 79 F:58
