80D4F6 20 30 D5    JSR $D530     [80D530] A:0E01 X:0000 Y:0002 S:0133 D:0E68 DB:86 nvMXdizC V:260 H:276 F:17

	80D530 C2 20       REP #$20               A:0E01 X:0000 Y:0002 S:0131 D:0E68 DB:86 nvMXdizC V:260 H:286 F:17
	80D532 A5 05       LDA $05       [000E6D] A:0E01 X:0000 Y:0002 S:0131 D:0E68 DB:86 nvmXdizC V:260 H:291 F:17
	80D534 85 22       STA $22       [000E8A] A:07A7 X:0000 Y:0002 S:0131 D:0E68 DB:86 nvmXdizC V:260 H:299 F:17
	80D536 A5 08       LDA $08       [000E70] A:07A7 X:0000 Y:0002 S:0131 D:0E68 DB:86 nvmXdizC V:260 H:308 F:17
	80D538 85 24       STA $24       [000E8C] A:00A8 X:0000 Y:0002 S:0131 D:0E68 DB:86 nvmXdizC V:260 H:316 F:17
	80D53A E2 20       SEP #$20               A:00A8 X:0000 Y:0002 S:0131 D:0E68 DB:86 nvmXdizC V:260 H:324 F:17
	80D53C A9 80       LDA #$80               A:00A8 X:0000 Y:0002 S:0131 D:0E68 DB:86 nvMXdizC V:260 H:328 F:17
	80D53E 14 0E       TRB $0E       [000E76] A:0080 X:0000 Y:0002 S:0131 D:0E68 DB:86 NvMXdizC V:260 H:331 F:17
	80D540 A5 0A       LDA $0A       [000E72] A:0080 X:0000 Y:0002 S:0131 D:0E68 DB:86 NvMXdizC V:261 H:  1 F:17
	80D542 0A          ASL A                  A:0005 X:0000 Y:0002 S:0131 D:0E68 DB:86 nvMXdizC V:261 H:  8 F:17
	80D543 AA          TAX                    A:000A X:0000 Y:0002 S:0131 D:0E68 DB:86 nvMXdizc V:261 H: 11 F:17
	80D544 7C DD F8    JMP ($F8DD,X) [80F8E7] A:000A X:000A Y:0002 S:0131 D:0E68 DB:86 nvMXdizc V:261 H: 14 F:17

	80F9CA 22 7E 8A 87 JSL $878A7E   [878A7E] A:000A X:000A Y:0002 S:0131 D:0E68 DB:86 nvMXdizc V:261 H: 23 F:17

		878A7E A6 01       LDX $01       [000E69] A:000A X:000A Y:0002 S:012E D:0E68 DB:86 nvMXdizc V:261 H: 36 F:17
		878A80 7C 83 8A    JMP ($8A83,X) [878A87] A:000A X:0004 Y:0002 S:012E D:0E68 DB:86 nvMXdizc V:261 H: 43 F:17

		878C1A A5 33       LDA $33       [000E9B] A:000A X:0004 Y:0002 S:012E D:0E68 DB:86 nvMXdizc V:261 H: 52 F:17
		878C1C 04 11       TSB $11       [000E79] A:0008 X:0004 Y:0002 S:012E D:0E68 DB:86 nvMXdizc V:261 H: 58 F:17
		878C1E A6 02       LDX $02       [000E6A] A:0008 X:0004 Y:0002 S:012E D:0E68 DB:86 nvMXdizc V:261 H: 68 F:17
		878C20 FC F2 8C    JSR ($8CF2,X) [878CF8] A:0008 X:0006 Y:0002 S:012E D:0E68 DB:86 nvMXdizc V:261 H: 75 F:17

			878F46 A6 03       LDX $03       [000E6B] A:0008 X:0006 Y:0002 S:012C D:0E68 DB:86 nvMXdizc V:261 H: 88 F:17
			878F48 7C 4B 8F    JMP ($8F4B,X) [878F53] A:0008 X:0008 Y:0002 S:012C D:0E68 DB:86 nvMXdizc V:261 H: 94 F:17

			878FE7 22 EA 8E 84 JSL $848EEA   [848EEA] A:0008 X:0008 Y:0002 S:012C D:0E68 DB:86 nvMXdizc V:261 H:103 F:17	JSL $848EEA --> Decrease CDSkel, Continue Skeleton

				848EEA 08          PHP                    A:0008 X:0008 Y:0002 S:0129 D:0E68 DB:86 nvMXdizc V:261 H:117 F:17
				848EEB 8B          PHB                    A:0008 X:0008 Y:0002 S:0128 D:0E68 DB:86 nvMXdizc V:261 H:122 F:17
				848EEC E2 30       SEP #$30               A:0008 X:0008 Y:0002 S:0127 D:0E68 DB:86 nvMXdizc V:261 H:127 F:17
				848EEE C6 13       DEC $13       [000E7B] A:0008 X:0008 Y:0002 S:0127 D:0E68 DB:86 nvMXdizc V:261 H:131 F:17
				848EF0 D0 5D       BNE $005D     [848F4F] A:0008 X:0008 Y:0002 S:0127 D:0E68 DB:86 nvMXdizc V:261 H:151 F:17
				848F4F AB          PLB                    A:0008 X:0008 Y:0002 S:0127 D:0E68 DB:86 nvMXdizc V:261 H:156 F:17
				848F50 28          PLP                    A:0008 X:0008 Y:0002 S:0128 D:0E68 DB:86 NvMXdizc V:261 H:162 F:17
				848F51 6B          RTL                    A:0008 X:0008 Y:0002 S:0129 D:0E68 DB:86 nvMXdizc V:261 H:169 F:17

			878FEB C6 34       DEC $34       [000E9C] A:0008 X:0008 Y:0002 S:012C D:0E68 DB:86 nvMXdizc V:261 H:179 F:17	Decrease CD2 = #$00
			878FED D0 04       BNE $0004     [878FF3] A:0008 X:0008 Y:0002 S:012C D:0E68 DB:86 nvMXdiZc V:261 H:189 F:17	Branch if CD2 <> #$00
			878FEF 64 02       STZ $02       [000E6A] A:0008 X:0008 Y:0002 S:012C D:0E68 DB:86 nvMXdiZc V:261 H:192 F:17	Action = #$00
			878FF1 64 03       STZ $03       [000E6B] A:0008 X:0008 Y:0002 S:012C D:0E68 DB:86 nvMXdiZc V:261 H:199 F:17	Subaction = #$00
			878FF3 60          RTS                    A:0008 X:0008 Y:0002 S:012C D:0E68 DB:86 nvMXdiZc V:261 H:205 F:17

		878C23 A5 37       LDA $37       [000E9F] A:0008 X:0008 Y:0002 S:012E D:0E68 DB:86 nvMXdiZc V:261 H:215 F:17
