80D4F6 20 30 D5    JSR $D530     [80D530] A:0E01 X:0000 Y:0008 S:0133 D:0E68 DB:86 nvMXdizC V:251 H: 17 F:53

	80D530 C2 20       REP #$20               A:0E01 X:0000 Y:0008 S:0131 D:0E68 DB:86 nvMXdizC V:251 H: 27 F:53
	80D532 A5 05       LDA $05       [000E6D] A:0E01 X:0000 Y:0008 S:0131 D:0E68 DB:86 nvmXdizC V:251 H: 32 F:53
	80D534 85 22       STA $22       [000E8A] A:07D0 X:0000 Y:0008 S:0131 D:0E68 DB:86 nvmXdizC V:251 H: 40 F:53
	80D536 A5 08       LDA $08       [000E70] A:07D0 X:0000 Y:0008 S:0131 D:0E68 DB:86 nvmXdizC V:251 H: 49 F:53
	80D538 85 24       STA $24       [000E8C] A:00A8 X:0000 Y:0008 S:0131 D:0E68 DB:86 nvmXdizC V:251 H: 57 F:53
	80D53A E2 20       SEP #$20               A:00A8 X:0000 Y:0008 S:0131 D:0E68 DB:86 nvmXdizC V:251 H: 66 F:53
	80D53C A9 80       LDA #$80               A:00A8 X:0000 Y:0008 S:0131 D:0E68 DB:86 nvMXdizC V:251 H: 70 F:53
	80D53E 14 0E       TRB $0E       [000E76] A:0080 X:0000 Y:0008 S:0131 D:0E68 DB:86 NvMXdizC V:251 H: 73 F:53
	80D540 A5 0A       LDA $0A       [000E72] A:0080 X:0000 Y:0008 S:0131 D:0E68 DB:86 NvMXdizC V:251 H: 83 F:53
	80D542 0A          ASL A                  A:0005 X:0000 Y:0008 S:0131 D:0E68 DB:86 nvMXdizC V:251 H: 90 F:53
	80D543 AA          TAX                    A:000A X:0000 Y:0008 S:0131 D:0E68 DB:86 nvMXdizc V:251 H: 93 F:53
	80D544 7C DD F8    JMP ($F8DD,X) [80F8E7] A:000A X:000A Y:0008 S:0131 D:0E68 DB:86 nvMXdizc V:251 H: 96 F:53

	80F9CA 22 7E 8A 87 JSL $878A7E   [878A7E] A:000A X:000A Y:0008 S:0131 D:0E68 DB:86 nvMXdizc V:251 H:105 F:53

		878A7E A6 01       LDX $01       [000E69] A:000A X:000A Y:0008 S:012E D:0E68 DB:86 nvMXdizc V:251 H:118 F:53
		878A80 7C 83 8A    JMP ($8A83,X) [878A87] A:000A X:0004 Y:0008 S:012E D:0E68 DB:86 nvMXdizc V:251 H:125 F:53

		878C1A A5 33       LDA $33       [000E9B] A:000A X:0004 Y:0008 S:012E D:0E68 DB:86 nvMXdizc V:251 H:134 F:53
		878C1C 04 11       TSB $11       [000E79] A:0008 X:0004 Y:0008 S:012E D:0E68 DB:86 nvMXdizc V:251 H:150 F:53
		878C1E A6 02       LDX $02       [000E6A] A:0008 X:0004 Y:0008 S:012E D:0E68 DB:86 nvMXdizc V:251 H:160 F:53
		878C20 FC F2 8C    JSR ($8CF2,X) [878CF2] A:0008 X:0000 Y:0008 S:012E D:0E68 DB:86 nvMXdiZc V:251 H:167 F:53

			878CFC A6 03       LDX $03       [000E6B] A:0008 X:0000 Y:0008 S:012C D:0E68 DB:86 nvMXdiZc V:251 H:180 F:53
			878CFE 7C 01 8D    JMP ($8D01,X) [878D01] A:0008 X:0000 Y:0008 S:012C D:0E68 DB:86 nvMXdiZc V:251 H:186 F:53

			878D09 22 A5 AC 84 JSL $84ACA5   [84ACA5] A:0008 X:0000 Y:0008 S:012C D:0E68 DB:86 nvMXdiZc V:251 H:195 F:53			JSL $84ACA5 --> Update Facing (40 bit)

				84ACA5 08          PHP                    A:0008 X:0000 Y:0008 S:0129 D:0E68 DB:86 nvMXdiZc V:251 H:209 F:53
				84ACA6 E2 20       SEP #$20               A:0008 X:0000 Y:0008 S:0128 D:0E68 DB:86 nvMXdiZc V:251 H:214 F:53
				84ACA8 A9 40       LDA #$40               A:0008 X:0000 Y:0008 S:0128 D:0E68 DB:86 nvMXdiZc V:251 H:218 F:53
				84ACAA 14 11       TRB $11       [000E79] A:0040 X:0000 Y:0008 S:0128 D:0E68 DB:86 nvMXdizc V:251 H:221 F:53
				84ACAC C2 20       REP #$20               A:0040 X:0000 Y:0008 S:0128 D:0E68 DB:86 nvMXdiZc V:251 H:231 F:53
				84ACAE AD AD 0B    LDA $0BAD     [860BAD] A:0040 X:0000 Y:0008 S:0128 D:0E68 DB:86 nvmXdiZc V:251 H:236 F:53
				84ACB1 38          SEC                    A:071A X:0000 Y:0008 S:0128 D:0E68 DB:86 nvmXdizc V:251 H:244 F:53
				84ACB2 E5 05       SBC $05       [000E6D] A:071A X:0000 Y:0008 S:0128 D:0E68 DB:86 nvmXdizC V:251 H:247 F:53
				84ACB4 E2 20       SEP #$20               A:FF4A X:0000 Y:0008 S:0128 D:0E68 DB:86 NvmXdizc V:251 H:256 F:53
				84ACB6 A9 00       LDA #$00               A:FF4A X:0000 Y:0008 S:0128 D:0E68 DB:86 NvMXdizc V:251 H:260 F:53
				84ACB8 6A          ROR A                  A:FF00 X:0000 Y:0008 S:0128 D:0E68 DB:86 nvMXdiZc V:251 H:263 F:53
				84ACB9 4A          LSR A                  A:FF00 X:0000 Y:0008 S:0128 D:0E68 DB:86 nvMXdiZc V:251 H:266 F:53
				84ACBA 04 11       TSB $11       [000E79] A:FF00 X:0000 Y:0008 S:0128 D:0E68 DB:86 nvMXdiZc V:251 H:269 F:53
				84ACBC 28          PLP                    A:FF00 X:0000 Y:0008 S:0128 D:0E68 DB:86 nvMXdiZc V:251 H:279 F:53
				84ACBD 6B          RTL                    A:FF00 X:0000 Y:0008 S:0129 D:0E68 DB:86 nvMXdiZc V:251 H:286 F:53

			878D0D A9 02       LDA #$02               A:FF00 X:0000 Y:0008 S:012C D:0E68 DB:86 nvMXdiZc V:251 H:296 F:53
			878D0F 85 03       STA $03       [000E6B] A:FF02 X:0000 Y:0008 S:012C D:0E68 DB:86 nvMXdizc V:251 H:299 F:53			Subaction = #$02
			878D11 A9 53       LDA #$53               A:FF02 X:0000 Y:0008 S:012C D:0E68 DB:86 nvMXdizc V:251 H:306 F:53
			878D13 22 A2 88 80 JSL $8088A2   [8088A2] A:FF53 X:0000 Y:0008 S:012C D:0E68 DB:86 nvMXdizc V:251 H:309 F:53			Play Sound Effect (A = Sound Effect ID)

				8088A2 DA          PHX                    A:FF53 X:0000 Y:0008 S:0129 D:0E68 DB:86 nvMXdizc V:251 H:322 F:53
				8088A3 5A          PHY                    A:FF53 X:0000 Y:0008 S:0128 D:0E68 DB:86 nvMXdizc V:251 H:327 F:53
				8088A4 08          PHP                    A:FF53 X:0000 Y:0008 S:0127 D:0E68 DB:86 nvMXdizc V:251 H:331 F:53
				8088A5 C2 20       REP #$20               A:FF53 X:0000 Y:0008 S:0126 D:0E68 DB:86 nvMXdizc V:251 H:336 F:53
				8088A7 E2 10       SEP #$10               A:FF53 X:0000 Y:0008 S:0126 D:0E68 DB:86 nvmXdizc V:252 H:  1 F:53
				8088A9 48          PHA                    A:FF53 X:0000 Y:0008 S:0126 D:0E68 DB:86 nvmXdizc V:252 H:  5 F:53
				8088AA A5 05       LDA $05       [000E6D] A:FF53 X:0000 Y:0008 S:0124 D:0E68 DB:86 nvmXdizc V:252 H: 12 F:53
				8088AC 38          SEC                    A:07D0 X:0000 Y:0008 S:0124 D:0E68 DB:86 nvmXdizc V:252 H: 21 F:53
				8088AD ED AD 0B    SBC $0BAD     [860BAD] A:07D0 X:0000 Y:0008 S:0124 D:0E68 DB:86 nvmXdizC V:252 H: 24 F:53
				8088B0 10 0E       BPL $000E     [8088C0] A:00B6 X:0000 Y:0008 S:0124 D:0E68 DB:86 nvmXdizC V:252 H: 32 F:53
				8088C0 4A          LSR A                  A:00B6 X:0000 Y:0008 S:0124 D:0E68 DB:86 nvmXdizC V:252 H: 37 F:53
				8088C1 C9 7F 00    CMP #$007F             A:005B X:0000 Y:0008 S:0124 D:0E68 DB:86 nvmXdizc V:252 H: 40 F:53
				8088C4 30 03       BMI $0003     [8088C9] A:005B X:0000 Y:0008 S:0124 D:0E68 DB:86 NvmXdizc V:252 H: 44 F:53
				8088C9 A8          TAY                    A:005B X:0000 Y:0008 S:0124 D:0E68 DB:86 NvmXdizc V:252 H: 49 F:53
				8088CA 68          PLA                    A:005B X:0000 Y:005B S:0124 D:0E68 DB:86 nvmXdizc V:252 H: 52 F:53
				8088CB 80 07       BRA $0007     [8088D4] A:FF53 X:0000 Y:005B S:0126 D:0E68 DB:86 NvmXdizc V:252 H: 60 F:53
				8088D4 E2 31       SEP #$31               A:FF53 X:0000 Y:005B S:0126 D:0E68 DB:86 NvmXdizc V:252 H: 65 F:53
				8088D6 AE A3 0B    LDX $0BA3     [860BA3] A:FF53 X:0000 Y:005B S:0126 D:0E68 DB:86 NvMXdizC V:252 H: 69 F:53
				8088D9 9D 72 0B    STA $0B72,X   [860B72] A:FF53 X:0000 Y:005B S:0126 D:0E68 DB:86 nvMXdiZC V:252 H: 76 F:53
				8088DC 98          TYA                    A:FF53 X:0000 Y:005B S:0126 D:0E68 DB:86 nvMXdiZC V:252 H: 84 F:53
				8088DD 9D 73 0B    STA $0B73,X   [860B73] A:FF5B X:0000 Y:005B S:0126 D:0E68 DB:86 nvMXdizC V:252 H: 87 F:53
				8088E0 E8          INX                    A:FF5B X:0000 Y:005B S:0126 D:0E68 DB:86 nvMXdizC V:252 H: 95 F:53
				8088E1 E8          INX                    A:FF5B X:0001 Y:005B S:0126 D:0E68 DB:86 nvMXdizC V:252 H: 98 F:53
				8088E2 8A          TXA                    A:FF5B X:0002 Y:005B S:0126 D:0E68 DB:86 nvMXdizC V:252 H:101 F:53
				8088E3 29 1E       AND #$1E               A:FF02 X:0002 Y:005B S:0126 D:0E68 DB:86 nvMXdizC V:252 H:104 F:53
				8088E5 8D A3 0B    STA $0BA3     [860BA3] A:FF02 X:0002 Y:005B S:0126 D:0E68 DB:86 nvMXdizC V:252 H:107 F:53
				8088E8 28          PLP                    A:FF02 X:0002 Y:005B S:0126 D:0E68 DB:86 nvMXdizC V:252 H:113 F:53
				8088E9 7A          PLY                    A:FF02 X:0002 Y:005B S:0127 D:0E68 DB:86 nvMXdizc V:252 H:120 F:53
				8088EA FA          PLX                    A:FF02 X:0002 Y:0008 S:0128 D:0E68 DB:86 nvMXdizc V:252 H:126 F:53
				8088EB 6B          RTL                    A:FF02 X:0000 Y:0008 S:0129 D:0E68 DB:86 nvMXdiZc V:252 H:133 F:53

			878D17 64 31       STZ $31       [000E99] A:FF02 X:0000 Y:0008 S:012C D:0E68 DB:86 nvMXdiZc V:252 H:153 F:53			E-$31 = #$00
			878D19 A9 01       LDA #$01               A:FF02 X:0000 Y:0008 S:012C D:0E68 DB:86 nvMXdiZc V:252 H:160 F:53			A = a = #$01
			878D1B 20 B1 90    JSR $90B1     [8790B1] A:FF01 X:0000 Y:0008 S:012C D:0E68 DB:86 nvMXdizc V:252 H:163 F:53			JSR $8790B1 --> Boomer Kuwanger Custom Skeleton Load

				8790B1 A6 35       LDX $35       [000E9D] A:FF01 X:0000 Y:0008 S:012A D:0E68 DB:86 nvMXdizc V:252 H:173 F:53
				8790B3 F0 03       BEQ $0003     [8790B8] A:FF01 X:0000 Y:0008 S:012A D:0E68 DB:86 nvMXdiZc V:252 H:179 F:53		Branch because E-BoomOut = #$00
				8790B8 AA          TAX                    A:FF01 X:0000 Y:0008 S:012A D:0E68 DB:86 nvMXdiZc V:252 H:184 F:53		
				8790B9 BD 97 C5    LDA $C597,X   [86C598] A:FF01 X:0001 Y:0008 S:012A D:0E68 DB:86 nvMXdizc V:252 H:187 F:53		A = [$86C597,a] = [$86C598] = #$0D
				8790BC 22 07 8F 84 JSL $848F07   [848F07] A:FF0D X:0001 Y:0008 S:012A D:0E68 DB:86 nvMXdizc V:252 H:193 F:53		JSL $848F07 --> Skeleton Load (SkelPoint = #$75, A=#$0D)

					848F07 08          PHP                    A:FF0D X:0001 Y:0008 S:0127 D:0E68 DB:86 nvMXdizc V:252 H:206 F:53
					848F08 8B          PHB                    A:FF0D X:0001 Y:0008 S:0126 D:0E68 DB:86 nvMXdizc V:252 H:211 F:53
					848F09 C2 30       REP #$30               A:FF0D X:0001 Y:0008 S:0125 D:0E68 DB:86 nvMXdizc V:252 H:216 F:53
					848F0B 8D 0E 00    STA $000E     [86000E] A:FF0D X:0001 Y:0008 S:0125 D:0E68 DB:86 nvmxdizc V:252 H:221 F:53
					848F0E A5 16       LDA $16       [000E7E] A:FF0D X:0001 Y:0008 S:0125 D:0E68 DB:86 nvmxdizc V:252 H:229 F:53
					848F10 29 FF 00    AND #$00FF             A:9D75 X:0001 Y:0008 S:0125 D:0E68 DB:86 Nvmxdizc V:252 H:238 F:53
					848F13 8D 0C 00    STA $000C     [86000C] A:0075 X:0001 Y:0008 S:0125 D:0E68 DB:86 nvmxdizc V:252 H:242 F:53
					848F16 0A          ASL A                  A:0075 X:0001 Y:0008 S:0125 D:0E68 DB:86 nvmxdizc V:252 H:251 F:53
					848F17 18          CLC                    A:00EA X:0001 Y:0008 S:0125 D:0E68 DB:86 nvmxdizc V:252 H:254 F:53
					848F18 6D 0C 00    ADC $000C     [86000C] A:00EA X:0001 Y:0008 S:0125 D:0E68 DB:86 nvmxdizc V:252 H:257 F:53
					848F1B AA          TAX                    A:015F X:0001 Y:0008 S:0125 D:0E68 DB:86 nvmxdizc V:252 H:265 F:53
					848F1C BF 00 A0 AF LDA $AFA000,X [AFA15F] A:015F X:015F Y:0008 S:0125 D:0E68 DB:86 nvmxdizc V:252 H:268 F:53
					848F20 85 14       STA $14       [000E7C] A:D367 X:015F Y:0008 S:0125 D:0E68 DB:86 Nvmxdizc V:252 H:277 F:53
					848F22 E2 20       SEP #$20               A:D367 X:015F Y:0008 S:0125 D:0E68 DB:86 Nvmxdizc V:252 H:286 F:53
					848F24 BF 02 A0 AF LDA $AFA002,X [AFA161] A:D367 X:015F Y:0008 S:0125 D:0E68 DB:86 NvMxdizc V:252 H:290 F:53
					848F28 48          PHA                    A:D3AF X:015F Y:0008 S:0125 D:0E68 DB:86 NvMxdizc V:252 H:298 F:53
					848F29 AB          PLB                    A:D3AF X:015F Y:0008 S:0124 D:0E68 DB:86 NvMxdizc V:252 H:303 F:53
					848F2A C2 20       REP #$20               A:D3AF X:015F Y:0008 S:0125 D:0E68 DB:AF NvMxdizc V:252 H:309 F:53
					848F2C AD 0E 00    LDA $000E     [AF000E] A:D3AF X:015F Y:0008 S:0125 D:0E68 DB:AF Nvmxdizc V:252 H:314 F:53
					848F2F 29 FF 00    AND #$00FF             A:FF0D X:015F Y:0008 S:0125 D:0E68 DB:AF Nvmxdizc V:252 H:322 F:53
					848F32 0A          ASL A                  A:000D X:015F Y:0008 S:0125 D:0E68 DB:AF nvmxdizc V:252 H:326 F:53
					848F33 A8          TAY                    A:001A X:015F Y:0008 S:0125 D:0E68 DB:AF nvmxdizc V:252 H:329 F:53
					848F34 B1 14       LDA ($14),Y   [AFD381] A:001A X:015F Y:001A S:0125 D:0E68 DB:AF nvmxdizc V:252 H:332 F:53
					848F36 65 14       ADC $14       [000E7C] A:0063 X:015F Y:001A S:0125 D:0E68 DB:AF nvmxdizc V:253 H:  5 F:53
					848F38 85 14       STA $14       [000E7C] A:D3CA X:015F Y:001A S:0125 D:0E68 DB:AF Nvmxdizc V:253 H: 13 F:53
					848F3A E2 30       SEP #$30               A:D3CA X:015F Y:001A S:0125 D:0E68 DB:AF Nvmxdizc V:253 H: 22 F:53
					848F3C B2 14       LDA ($14)     [AFD3CA] A:D3CA X:005F Y:001A S:0125 D:0E68 DB:AF NvMXdizc V:253 H: 26 F:53	Skeleton start: [AFD3CA]
					848F3E 85 13       STA $13       [000E7B] A:D306 X:005F Y:001A S:0125 D:0E68 DB:AF nvMXdizc V:253 H: 36 F:53
					848F40 A0 01       LDY #$01               A:D306 X:005F Y:001A S:0125 D:0E68 DB:AF nvMXdizc V:253 H: 43 F:53
					848F42 B1 14       LDA ($14),Y   [AFD3CB] A:D306 X:005F Y:0001 S:0125 D:0E68 DB:AF nvMXdizc V:253 H: 46 F:53
					848F44 85 0F       STA $0F       [000E77] A:D30D X:005F Y:0001 S:0125 D:0E68 DB:AF nvMXdizc V:253 H: 56 F:53
					848F46 C8          INY                    A:D30D X:005F Y:0001 S:0125 D:0E68 DB:AF nvMXdizc V:253 H: 62 F:53
					848F47 B1 14       LDA ($14),Y   [AFD3CC] A:D30D X:005F Y:0002 S:0125 D:0E68 DB:AF nvMXdizc V:253 H: 65 F:53
					848F49 85 17       STA $17       [000E7F] A:D30C X:005F Y:0002 S:0125 D:0E68 DB:AF nvMXdizc V:253 H: 75 F:53
					848F4B A9 80       LDA #$80               A:D30C X:005F Y:0002 S:0125 D:0E68 DB:AF nvMXdizc V:253 H: 82 F:53
					848F4D 04 17       TSB $17       [000E7F] A:D380 X:005F Y:0002 S:0125 D:0E68 DB:AF NvMXdizc V:253 H: 85 F:53
					848F4F AB          PLB                    A:D380 X:005F Y:0002 S:0125 D:0E68 DB:AF NvMXdiZc V:253 H: 95 F:53
					848F50 28          PLP                    A:D380 X:005F Y:0002 S:0126 D:0E68 DB:86 NvMXdizc V:253 H:101 F:53
					848F51 6B          RTL                    A:D380 X:005F Y:0002 S:0127 D:0E68 DB:86 nvMXdizc V:253 H:108 F:53

				8790C0 60          RTS                    A:D380 X:005F Y:0002 S:012A D:0E68 DB:86 nvMXdizc V:253 H:118 F:53

			878D1E A5 11       LDA $11       [000E79] A:D380 X:005F Y:0002 S:012C D:0E68 DB:86 nvMXdizc V:253 H:128 F:53
			878D20 0A          ASL A                  A:D329 X:005F Y:0002 S:012C D:0E68 DB:86 nvMXdizc V:253 H:145 F:53
			878D21 0A          ASL A                  A:D352 X:005F Y:0002 S:012C D:0E68 DB:86 nvMXdizc V:253 H:148 F:53
			878D22 C2 20       REP #$20               A:D3A4 X:005F Y:0002 S:012C D:0E68 DB:86 NvMXdizc V:253 H:151 F:53
			878D24 A9 00 04    LDA #$0400             A:D3A4 X:005F Y:0002 S:012C D:0E68 DB:86 NvmXdizc V:253 H:155 F:53
			878D27 B0 03       BCS $0003     [878D2C] A:0400 X:005F Y:0002 S:012C D:0E68 DB:86 nvmXdizc V:253 H:160 F:53
			878D29 A9 00 FC    LDA #$FC00             A:0400 X:005F Y:0002 S:012C D:0E68 DB:86 nvmXdizc V:253 H:163 F:53
			878D2C 85 1A       STA $1A       [000E82] A:FC00 X:005F Y:0002 S:012C D:0E68 DB:86 NvmXdizc V:253 H:167 F:53			E-X-Vel = #$FC00 (#$0400 if Facing = Right)
			878D2E AD AD 0B    LDA $0BAD     [860BAD] A:FC00 X:005F Y:0002 S:012C D:0E68 DB:86 NvmXdizc V:253 H:176 F:53			|A = X-Distance = MMX-X-Pos - E-X-Pos
			878D31 38          SEC                    A:071A X:005F Y:0002 S:012C D:0E68 DB:86 nvmXdizc V:253 H:184 F:53			|Force positive value
			878D32 E5 05       SBC $05       [000E6D] A:071A X:005F Y:0002 S:012C D:0E68 DB:86 nvmXdizC V:253 H:187 F:53			|
			878D34 B0 04       BCS $0004     [878D3A] A:FF4A X:005F Y:0002 S:012C D:0E68 DB:86 NvmXdizc V:253 H:196 F:53			|
			878D36 49 FF FF    EOR #$FFFF             A:FF4A X:005F Y:0002 S:012C D:0E68 DB:86 NvmXdizc V:253 H:199 F:53			|
			878D39 1A          INC                    A:00B5 X:005F Y:0002 S:012C D:0E68 DB:86 nvmXdizc V:253 H:203 F:53			|
			878D3A 4A          LSR A                  A:00B6 X:005F Y:0002 S:012C D:0E68 DB:86 nvmXdizc V:253 H:206 F:53			A / 4
			878D3B 4A          LSR A                  A:005B X:005F Y:0002 S:012C D:0E68 DB:86 nvmXdizc V:253 H:209 F:53
			878D3C AA          TAX                    A:002D X:005F Y:0002 S:012C D:0E68 DB:86 nvmXdizC V:253 H:212 F:53			
			878D3D E8          INX                    A:002D X:002D Y:0002 S:012C D:0E68 DB:86 nvmXdizC V:253 H:215 F:53			
			878D3E 86 34       STX $34       [000E9C] A:002D X:002E Y:0002 S:012C D:0E68 DB:86 nvmXdizC V:253 H:218 F:53			CD2 = (X-Distance / 4) + #$01 = #$2D
			878D40 AD AD 0B    LDA $0BAD     [860BAD] A:002D X:002E Y:0002 S:012C D:0E68 DB:86 nvmXdizC V:253 H:225 F:53			|A = X-Distance = MMX-X-Pos - E-X-Pos
			878D43 38          SEC                    A:071A X:002E Y:0002 S:012C D:0E68 DB:86 nvmXdizC V:253 H:233 F:53			|Force positive value
			878D44 E5 05       SBC $05       [000E6D] A:071A X:002E Y:0002 S:012C D:0E68 DB:86 nvmXdizC V:253 H:236 F:53			|
			878D46 B0 04       BCS $0004     [878D4C] A:FF4A X:002E Y:0002 S:012C D:0E68 DB:86 NvmXdizc V:253 H:245 F:53			|
			878D48 49 FF FF    EOR #$FFFF             A:FF4A X:002E Y:0002 S:012C D:0E68 DB:86 NvmXdizc V:253 H:248 F:53			|
			878D4B 1A          INC                    A:00B5 X:002E Y:0002 S:012C D:0E68 DB:86 nvmXdizc V:253 H:252 F:53			|
			878D4C C9 80 00    CMP #$0080             A:00B6 X:002E Y:0002 S:012C D:0E68 DB:86 nvmXdizc V:253 H:255 F:53
			878D4F E2 20       SEP #$20               A:00B6 X:002E Y:0002 S:012C D:0E68 DB:86 nvmXdizC V:253 H:260 F:53
			878D51 B0 0F       BCS $000F     [878D62] A:00B6 X:002E Y:0002 S:012C D:0E68 DB:86 nvMXdizC V:253 H:264 F:53			Branch because X-Distance > #$0080
			878D62 22 86 90 84 JSL $849086   [849086] A:00B6 X:002E Y:0002 S:012C D:0E68 DB:86 nvMXdizC V:253 H:269 F:53			JSL $849086 --> Load A (2B) with RNG value

				849086 08          PHP                    A:00B6 X:002E Y:0002 S:0129 D:0E68 DB:86 nvMXdizC V:253 H:282 F:53
				849087 C2 20       REP #$20               A:00B6 X:002E Y:0002 S:0128 D:0E68 DB:86 nvMXdizC V:253 H:287 F:53
				849089 AD A6 0B    LDA $0BA6     [860BA6] A:00B6 X:002E Y:0002 S:0128 D:0E68 DB:86 nvmXdizC V:253 H:292 F:53
				84908C 0A          ASL A                  A:E30A X:002E Y:0002 S:0128 D:0E68 DB:86 NvmXdizC V:253 H:300 F:53
				84908D 18          CLC                    A:C614 X:002E Y:0002 S:0128 D:0E68 DB:86 NvmXdizC V:253 H:303 F:53
				84908E 6D A6 0B    ADC $0BA6     [860BA6] A:C614 X:002E Y:0002 S:0128 D:0E68 DB:86 NvmXdizc V:253 H:306 F:53
				849091 EB          XBA                    A:A91E X:002E Y:0002 S:0128 D:0E68 DB:86 NvmXdizC V:253 H:315 F:53
				849092 E2 20       SEP #$20               A:1EA9 X:002E Y:0002 S:0128 D:0E68 DB:86 NvmXdizC V:253 H:319 F:53
				849094 8D A7 0B    STA $0BA7     [860BA7] A:1EA9 X:002E Y:0002 S:0128 D:0E68 DB:86 NvMXdizC V:253 H:323 F:53
				849097 18          CLC                    A:1EA9 X:002E Y:0002 S:0128 D:0E68 DB:86 NvMXdizC V:253 H:329 F:53
				849098 6D A6 0B    ADC $0BA6     [860BA6] A:1EA9 X:002E Y:0002 S:0128 D:0E68 DB:86 NvMXdizc V:253 H:332 F:53
				84909B 8D A6 0B    STA $0BA6     [860BA6] A:1EB3 X:002E Y:0002 S:0128 D:0E68 DB:86 NvMXdizc V:253 H:339 F:53
				84909E 28          PLP                    A:1EB3 X:002E Y:0002 S:0128 D:0E68 DB:86 NvMXdizc V:254 H:  5 F:53
				84909F 6B          RTL                    A:1EB3 X:002E Y:0002 S:0129 D:0E68 DB:86 nvMXdizC V:254 H: 12 F:53

			878D66 29 0F       AND #$0F               A:1EB3 X:002E Y:0002 S:012C D:0E68 DB:86 nvMXdizC V:254 H: 22 F:53
			878D68 C9 06       CMP #$06               A:1E03 X:002E Y:0002 S:012C D:0E68 DB:86 nvMXdizC V:254 H: 25 F:53
			878D6A 90 F1       BCC $00F1     [878D5D] A:1E03 X:002E Y:0002 S:012C D:0E68 DB:86 NvMXdizc V:254 H: 28 F:53			Branch because RNG(00,0F) < #$06
			878D5D A9 08       LDA #$08               A:1E03 X:002E Y:0002 S:012C D:0E68 DB:86 NvMXdizc V:254 H: 33 F:53
			878D5F 85 34       STA $34       [000E9C] A:1E08 X:002E Y:0002 S:012C D:0E68 DB:86 nvMXdizc V:254 H: 36 F:53			CD2 = #$08
			878D61 60          RTS                    A:1E08 X:002E Y:0002 S:012C D:0E68 DB:86 nvMXdizc V:254 H: 42 F:53			Return

		878C23 A5 37       LDA $37       [000E9F] A:1E08 X:002E Y:0002 S:012E D:0E68 DB:86 nvMXdizc V:254 H: 52 F:53				Routine after Action
		878C25 F0 12       BEQ $0012     [878C39] A:1E00 X:002E Y:0002 S:012E D:0E68 DB:86 nvMXdiZc V:254 H: 59 F:53				Branch because E-GrabBoom = #$00
		878C39 A9 0D       LDA #$0D               A:1E00 X:002E Y:0002 S:012E D:0E68 DB:86 nvMXdiZc V:254 H: 63 F:53				A = #$0D
		878C3B A6 3D       LDX $3D       [000EA5] A:1E0D X:002E Y:0002 S:012E D:0E68 DB:86 nvMXdizc V:254 H: 66 F:53
		878C3D F0 02       BEQ $0002     [878C41] A:1E0D X:0000 Y:0002 S:012E D:0E68 DB:86 nvMXdiZc V:254 H: 73 F:53				Branch because E-$3D = #$00
		878C41 85 28       STA $28       [000E90] A:1E0D X:0000 Y:0002 S:012E D:0E68 DB:86 nvMXdiZc V:254 H: 77 F:53				E-DamageState = A = #$0D
		878C43 AD DB 0B    LDA $0BDB     [860BDB] A:1E0D X:0000 Y:0002 S:012E D:0E68 DB:86 nvMXdiZc V:254 H: 84 F:53
		878C46 C9 02       CMP #$02               A:1E00 X:0000 Y:0002 S:012E D:0E68 DB:86 nvMXdiZc V:254 H: 90 F:53
		878C48 F0 04       BEQ $0004     [878C4E] A:1E00 X:0000 Y:0002 S:012E D:0E68 DB:86 NvMXdizc V:254 H: 93 F:53				Branch (Skip next check) if CurrentWeapon = #$02 (Homing Torpedo)
		878C4A A5 38       LDA $38       [000EA0] A:1E00 X:0000 Y:0002 S:012E D:0E68 DB:86 NvMXdizc V:254 H: 96 F:53
		878C4C D0 4D       BNE $004D     [878C9B] A:1E00 X:0000 Y:0002 S:012E D:0E68 DB:86 nvMXdiZc V:254 H:103 F:53				Branch if E-Teleporting <> #$00
		878C4E 22 43 9B 84 JSL $849B43   [849B43] A:1E00 X:0000 Y:0002 S:012E D:0E68 DB:86 nvMXdiZc V:254 H:106 F:53				JSL $849B43 --> Updates CurrMMXShotData,CurrMMXShotID. Loads routine for MMXShot hitting enemy, Sets V flag if MMXShot deals damage. Sets A = #$01 if MMXShotData hits Enemy

			849B43 C2 10       REP #$10               A:1E00 X:0000 Y:0002 S:012B D:0E68 DB:86 nvMXdiZc V:254 H:119 F:53
			849B45 A5 27       LDA $27       [000E8F] A:1E00 X:0000 Y:0002 S:012B D:0E68 DB:86 nvMxdiZc V:254 H:124 F:53
			849B47 29 7F       AND #$7F               A:1E20 X:0000 Y:0002 S:012B D:0E68 DB:86 nvMxdizc V:254 H:130 F:53
			849B49 85 27       STA $27       [000E8F] A:1E20 X:0000 Y:0002 S:012B D:0E68 DB:86 nvMxdizc V:254 H:143 F:53
			849B4B F0 2C       BEQ $002C     [849B79] A:1E20 X:0000 Y:0002 S:012B D:0E68 DB:86 nvMxdizc V:254 H:150 F:53
			849B4D A5 30       LDA $30       [000E98] A:1E20 X:0000 Y:0002 S:012B D:0E68 DB:86 nvMxdizc V:254 H:153 F:53
			849B4F D0 28       BNE $0028     [849B79] A:1E00 X:0000 Y:0002 S:012B D:0E68 DB:86 nvMxdiZc V:254 H:159 F:53
			849B51 A5 0E       LDA $0E       [000E76] A:1E00 X:0000 Y:0002 S:012B D:0E68 DB:86 nvMxdiZc V:254 H:162 F:53
			849B53 F0 24       BEQ $0024     [849B79] A:1E01 X:0000 Y:0002 S:012B D:0E68 DB:86 nvMxdizc V:254 H:169 F:53
			849B55 A2 28 12    LDX #$1228             A:1E01 X:0000 Y:0002 S:012B D:0E68 DB:86 nvMxdizc V:254 H:172 F:53
			849B58 E2 20       SEP #$20               A:1E01 X:1228 Y:0002 S:012B D:0E68 DB:86 nvMxdizc V:254 H:176 F:53
			849B5A BD 00 00    LDA $0000,X   [861228] A:1E01 X:1228 Y:0002 S:012B D:0E68 DB:86 nvMxdizc V:254 H:181 F:53
			849B5D F0 0E       BEQ $000E     [849B6D] A:1E00 X:1228 Y:0002 S:012B D:0E68 DB:86 nvMxdiZc V:254 H:189 F:53
			849B6D C2 21       REP #$21               A:1E00 X:1228 Y:0002 S:012B D:0E68 DB:86 nvMxdiZc V:254 H:193 F:53
			849B6F 8A          TXA                    A:1E00 X:1228 Y:0002 S:012B D:0E68 DB:86 nvmxdiZc V:254 H:198 F:53
			849B70 69 40 00    ADC #$0040             A:1228 X:1228 Y:0002 S:012B D:0E68 DB:86 nvmxdizc V:254 H:201 F:53
			849B73 AA          TAX                    A:1268 X:1228 Y:0002 S:012B D:0E68 DB:86 nvmxdizc V:254 H:205 F:53
			849B74 C9 28 14    CMP #$1428             A:1268 X:1268 Y:0002 S:012B D:0E68 DB:86 nvmxdizc V:254 H:208 F:53
			849B77 90 DF       BCC $00DF     [849B58] A:1268 X:1268 Y:0002 S:012B D:0E68 DB:86 Nvmxdizc V:254 H:213 F:53
			849B58 E2 20       SEP #$20               A:1268 X:1268 Y:0002 S:012B D:0E68 DB:86 Nvmxdizc V:254 H:217 F:53
			849B5A BD 00 00    LDA $0000,X   [861268] A:1268 X:1268 Y:0002 S:012B D:0E68 DB:86 NvMxdizc V:254 H:222 F:53
			849B5D F0 0E       BEQ $000E     [849B6D] A:1200 X:1268 Y:0002 S:012B D:0E68 DB:86 nvMxdiZc V:254 H:230 F:53
			849B6D C2 21       REP #$21               A:1200 X:1268 Y:0002 S:012B D:0E68 DB:86 nvMxdiZc V:254 H:234 F:53
			849B6F 8A          TXA                    A:1200 X:1268 Y:0002 S:012B D:0E68 DB:86 nvmxdiZc V:254 H:239 F:53
			849B70 69 40 00    ADC #$0040             A:1268 X:1268 Y:0002 S:012B D:0E68 DB:86 nvmxdizc V:254 H:242 F:53
			849B73 AA          TAX                    A:12A8 X:1268 Y:0002 S:012B D:0E68 DB:86 nvmxdizc V:254 H:246 F:53
			849B74 C9 28 14    CMP #$1428             A:12A8 X:12A8 Y:0002 S:012B D:0E68 DB:86 nvmxdizc V:254 H:249 F:53
			849B77 90 DF       BCC $00DF     [849B58] A:12A8 X:12A8 Y:0002 S:012B D:0E68 DB:86 Nvmxdizc V:254 H:254 F:53
			849B58 E2 20       SEP #$20               A:12A8 X:12A8 Y:0002 S:012B D:0E68 DB:86 Nvmxdizc V:254 H:258 F:53
			849B5A BD 00 00    LDA $0000,X   [8612A8] A:12A8 X:12A8 Y:0002 S:012B D:0E68 DB:86 NvMxdizc V:254 H:263 F:53
			849B5D F0 0E       BEQ $000E     [849B6D] A:1200 X:12A8 Y:0002 S:012B D:0E68 DB:86 nvMxdiZc V:254 H:271 F:53
			849B6D C2 21       REP #$21               A:1200 X:12A8 Y:0002 S:012B D:0E68 DB:86 nvMxdiZc V:254 H:275 F:53
			849B6F 8A          TXA                    A:1200 X:12A8 Y:0002 S:012B D:0E68 DB:86 nvmxdiZc V:254 H:280 F:53
			849B70 69 40 00    ADC #$0040             A:12A8 X:12A8 Y:0002 S:012B D:0E68 DB:86 nvmxdizc V:254 H:283 F:53
			849B73 AA          TAX                    A:12E8 X:12A8 Y:0002 S:012B D:0E68 DB:86 nvmxdizc V:254 H:287 F:53
			849B74 C9 28 14    CMP #$1428             A:12E8 X:12E8 Y:0002 S:012B D:0E68 DB:86 nvmxdizc V:254 H:290 F:53
			849B77 90 DF       BCC $00DF     [849B58] A:12E8 X:12E8 Y:0002 S:012B D:0E68 DB:86 Nvmxdizc V:254 H:295 F:53
			849B58 E2 20       SEP #$20               A:12E8 X:12E8 Y:0002 S:012B D:0E68 DB:86 Nvmxdizc V:254 H:299 F:53
			849B5A BD 00 00    LDA $0000,X   [8612E8] A:12E8 X:12E8 Y:0002 S:012B D:0E68 DB:86 NvMxdizc V:254 H:304 F:53
			849B5D F0 0E       BEQ $000E     [849B6D] A:1200 X:12E8 Y:0002 S:012B D:0E68 DB:86 nvMxdiZc V:254 H:312 F:53
			849B6D C2 21       REP #$21               A:1200 X:12E8 Y:0002 S:012B D:0E68 DB:86 nvMxdiZc V:254 H:316 F:53
			849B6F 8A          TXA                    A:1200 X:12E8 Y:0002 S:012B D:0E68 DB:86 nvmxdiZc V:254 H:321 F:53
			849B70 69 40 00    ADC #$0040             A:12E8 X:12E8 Y:0002 S:012B D:0E68 DB:86 nvmxdizc V:254 H:323 F:53
			849B73 AA          TAX                    A:1328 X:12E8 Y:0002 S:012B D:0E68 DB:86 nvmxdizc V:254 H:327 F:53
			849B74 C9 28 14    CMP #$1428             A:1328 X:1328 Y:0002 S:012B D:0E68 DB:86 nvmxdizc V:254 H:330 F:53
			849B77 90 DF       BCC $00DF     [849B58] A:1328 X:1328 Y:0002 S:012B D:0E68 DB:86 Nvmxdizc V:254 H:335 F:53
			849B58 E2 20       SEP #$20               A:1328 X:1328 Y:0002 S:012B D:0E68 DB:86 Nvmxdizc V:254 H:339 F:53
			849B5A BD 00 00    LDA $0000,X   [861328] A:1328 X:1328 Y:0002 S:012B D:0E68 DB:86 NvMxdizc V:255 H:  4 F:53
			849B5D F0 0E       BEQ $000E     [849B6D] A:1300 X:1328 Y:0002 S:012B D:0E68 DB:86 nvMxdiZc V:255 H: 12 F:53
			849B6D C2 21       REP #$21               A:1300 X:1328 Y:0002 S:012B D:0E68 DB:86 nvMxdiZc V:255 H: 16 F:53
			849B6F 8A          TXA                    A:1300 X:1328 Y:0002 S:012B D:0E68 DB:86 nvmxdiZc V:255 H: 21 F:53
			849B70 69 40 00    ADC #$0040             A:1328 X:1328 Y:0002 S:012B D:0E68 DB:86 nvmxdizc V:255 H: 24 F:53
			849B73 AA          TAX                    A:1368 X:1328 Y:0002 S:012B D:0E68 DB:86 nvmxdizc V:255 H: 28 F:53
			849B74 C9 28 14    CMP #$1428             A:1368 X:1368 Y:0002 S:012B D:0E68 DB:86 nvmxdizc V:255 H: 31 F:53
			849B77 90 DF       BCC $00DF     [849B58] A:1368 X:1368 Y:0002 S:012B D:0E68 DB:86 Nvmxdizc V:255 H: 36 F:53
			849B58 E2 20       SEP #$20               A:1368 X:1368 Y:0002 S:012B D:0E68 DB:86 Nvmxdizc V:255 H: 40 F:53
			849B5A BD 00 00    LDA $0000,X   [861368] A:1368 X:1368 Y:0002 S:012B D:0E68 DB:86 NvMxdizc V:255 H: 45 F:53
			849B5D F0 0E       BEQ $000E     [849B6D] A:1300 X:1368 Y:0002 S:012B D:0E68 DB:86 nvMxdiZc V:255 H: 53 F:53
			849B6D C2 21       REP #$21               A:1300 X:1368 Y:0002 S:012B D:0E68 DB:86 nvMxdiZc V:255 H: 57 F:53
			849B6F 8A          TXA                    A:1300 X:1368 Y:0002 S:012B D:0E68 DB:86 nvmxdiZc V:255 H: 62 F:53
			849B70 69 40 00    ADC #$0040             A:1368 X:1368 Y:0002 S:012B D:0E68 DB:86 nvmxdizc V:255 H: 65 F:53
			849B73 AA          TAX                    A:13A8 X:1368 Y:0002 S:012B D:0E68 DB:86 nvmxdizc V:255 H: 69 F:53
			849B74 C9 28 14    CMP #$1428             A:13A8 X:13A8 Y:0002 S:012B D:0E68 DB:86 nvmxdizc V:255 H: 72 F:53
			849B77 90 DF       BCC $00DF     [849B58] A:13A8 X:13A8 Y:0002 S:012B D:0E68 DB:86 Nvmxdizc V:255 H: 77 F:53
			849B58 E2 20       SEP #$20               A:13A8 X:13A8 Y:0002 S:012B D:0E68 DB:86 Nvmxdizc V:255 H: 81 F:53
			849B5A BD 00 00    LDA $0000,X   [8613A8] A:13A8 X:13A8 Y:0002 S:012B D:0E68 DB:86 NvMxdizc V:255 H: 86 F:53
			849B5D F0 0E       BEQ $000E     [849B6D] A:1300 X:13A8 Y:0002 S:012B D:0E68 DB:86 nvMxdiZc V:255 H: 94 F:53
			849B6D C2 21       REP #$21               A:1300 X:13A8 Y:0002 S:012B D:0E68 DB:86 nvMxdiZc V:255 H: 98 F:53
			849B6F 8A          TXA                    A:1300 X:13A8 Y:0002 S:012B D:0E68 DB:86 nvmxdiZc V:255 H:103 F:53
			849B70 69 40 00    ADC #$0040             A:13A8 X:13A8 Y:0002 S:012B D:0E68 DB:86 nvmxdizc V:255 H:106 F:53
			849B73 AA          TAX                    A:13E8 X:13A8 Y:0002 S:012B D:0E68 DB:86 nvmxdizc V:255 H:110 F:53
			849B74 C9 28 14    CMP #$1428             A:13E8 X:13E8 Y:0002 S:012B D:0E68 DB:86 nvmxdizc V:255 H:113 F:53
			849B77 90 DF       BCC $00DF     [849B58] A:13E8 X:13E8 Y:0002 S:012B D:0E68 DB:86 Nvmxdizc V:255 H:118 F:53
			849B58 E2 20       SEP #$20               A:13E8 X:13E8 Y:0002 S:012B D:0E68 DB:86 Nvmxdizc V:255 H:122 F:53
			849B5A BD 00 00    LDA $0000,X   [8613E8] A:13E8 X:13E8 Y:0002 S:012B D:0E68 DB:86 NvMxdizc V:255 H:127 F:53
			849B5D F0 0E       BEQ $000E     [849B6D] A:1300 X:13E8 Y:0002 S:012B D:0E68 DB:86 nvMxdiZc V:255 H:145 F:53
			849B6D C2 21       REP #$21               A:1300 X:13E8 Y:0002 S:012B D:0E68 DB:86 nvMxdiZc V:255 H:149 F:53
			849B6F 8A          TXA                    A:1300 X:13E8 Y:0002 S:012B D:0E68 DB:86 nvmxdiZc V:255 H:154 F:53
			849B70 69 40 00    ADC #$0040             A:13E8 X:13E8 Y:0002 S:012B D:0E68 DB:86 nvmxdizc V:255 H:157 F:53
			849B73 AA          TAX                    A:1428 X:13E8 Y:0002 S:012B D:0E68 DB:86 nvmxdizc V:255 H:161 F:53
			849B74 C9 28 14    CMP #$1428             A:1428 X:1428 Y:0002 S:012B D:0E68 DB:86 nvmxdizc V:255 H:164 F:53
			849B77 90 DF       BCC $00DF     [849B58] A:1428 X:1428 Y:0002 S:012B D:0E68 DB:86 nvmxdiZC V:255 H:169 F:53
			849B79 E2 30       SEP #$30               A:1428 X:1428 Y:0002 S:012B D:0E68 DB:86 nvmxdiZC V:255 H:172 F:53
			849B7B A9 00       LDA #$00               A:1428 X:0028 Y:0002 S:012B D:0E68 DB:86 nvMXdiZC V:255 H:176 F:53
			849B7D 6B          RTL                    A:1400 X:0028 Y:0002 S:012B D:0E68 DB:86 nvMXdiZC V:255 H:179 F:53

		878C52 F0 47       BEQ $0047     [878C9B] A:1400 X:0028 Y:0002 S:012E D:0E68 DB:86 nvMXdiZC V:255 H:190 F:53				Branch because A = #$00
		878C9B A5 3D       LDA $3D       [000EA5] A:1400 X:0028 Y:0002 S:012E D:0E68 DB:86 nvMXdiZC V:255 H:194 F:53
		878C9D F0 0B       BEQ $000B     [878CAA] A:1400 X:0028 Y:0002 S:012E D:0E68 DB:86 nvMXdiZC V:255 H:201 F:53				Branch because E-$3D = #$00
		878CAA A5 27       LDA $27       [000E8F] A:1400 X:0028 Y:0002 S:012E D:0E68 DB:86 nvMXdiZC V:255 H:205 F:53
		878CAC 29 7F       AND #$7F               A:1420 X:0028 Y:0002 S:012E D:0E68 DB:86 nvMXdizC V:255 H:212 F:53
		878CAE D0 19       BNE $0019     [878CC9] A:1420 X:0028 Y:0002 S:012E D:0E68 DB:86 nvMXdizC V:255 H:215 F:53				Branch because E-HP <> #$00
		878CC9 A5 38       LDA $38       [000EA0] A:1420 X:0028 Y:0002 S:012E D:0E68 DB:86 nvMXdizC V:255 H:219 F:53
		878CCB D0 13       BNE $0013     [878CE0] A:1400 X:0028 Y:0002 S:012E D:0E68 DB:86 nvMXdiZC V:255 H:226 F:53				Branch if E-Teleporting <> #$00
		878CCD A5 39       LDA $39       [000EA1] A:1400 X:0028 Y:0002 S:012E D:0E68 DB:86 nvMXdiZC V:255 H:229 F:53
		878CCF D0 0F       BNE $000F     [878CE0] A:1400 X:0028 Y:0002 S:012E D:0E68 DB:86 nvMXdiZC V:255 H:235 F:53				Branch if E-CDTeleport <> #$00
		878CD1 22 03 9B 84 JSL $849B03   [849B03] A:1400 X:0028 Y:0002 S:012E D:0E68 DB:86 nvMXdiZC V:255 H:238 F:53				JSL $849B43 --> Various general checks

			849B03 C2 10       REP #$10               A:1400 X:0028 Y:0002 S:012B D:0E68 DB:86 nvMXdiZC V:255 H:252 F:53
			849B05 A5 27       LDA $27       [000E8F] A:1400 X:0028 Y:0002 S:012B D:0E68 DB:86 nvMxdiZC V:255 H:256 F:53
			849B07 F0 70       BEQ $0070     [849B79] A:1420 X:0028 Y:0002 S:012B D:0E68 DB:86 nvMxdizC V:255 H:263 F:53
			849B09 A5 0E       LDA $0E       [000E76] A:1420 X:0028 Y:0002 S:012B D:0E68 DB:86 nvMxdizC V:255 H:266 F:53
			849B0B F0 31       BEQ $0031     [849B3E] A:1401 X:0028 Y:0002 S:012B D:0E68 DB:86 nvMxdizC V:255 H:272 F:53
			849B0D AD 0C 1F    LDA $1F0C     [861F0C] A:1401 X:0028 Y:0002 S:012B D:0E68 DB:86 nvMxdizC V:255 H:275 F:53
			849B10 D0 2C       BNE $002C     [849B3E] A:1400 X:0028 Y:0002 S:012B D:0E68 DB:86 nvMxdiZC V:255 H:282 F:53
			849B12 AD 32 0C    LDA $0C32     [860C32] A:1400 X:0028 Y:0002 S:012B D:0E68 DB:86 nvMxdiZC V:255 H:285 F:53
			849B15 D0 11       BNE $0011     [849B28] A:1400 X:0028 Y:0002 S:012B D:0E68 DB:86 nvMxdiZC V:255 H:291 F:53
			849B17 AD 30 0C    LDA $0C30     [860C30] A:1400 X:0028 Y:0002 S:012B D:0E68 DB:86 nvMxdiZC V:255 H:294 F:53
			849B1A D0 0C       BNE $000C     [849B28] A:1400 X:0028 Y:0002 S:012B D:0E68 DB:86 nvMxdiZC V:255 H:301 F:53
			849B1C A2 A8 0B    LDX #$0BA8             A:1400 X:0028 Y:0002 S:012B D:0E68 DB:86 nvMxdiZC V:255 H:304 F:53
			849B1F 22 0E 9C 84 JSL $849C0E   [849C0E] A:1400 X:0BA8 Y:0002 S:012B D:0E68 DB:86 nvMxdizC V:255 H:308 F:53

				849C0E 5A          PHY                    A:1400 X:0BA8 Y:0002 S:0128 D:0E68 DB:86 nvMxdizC V:255 H:322 F:53
				849C0F A4 20       LDY $20       [000E88] A:1400 X:0BA8 Y:0002 S:0126 D:0E68 DB:86 nvMxdizC V:255 H:328 F:53
				849C11 D0 03       BNE $0003     [849C16] A:1400 X:0BA8 Y:C58D S:0126 D:0E68 DB:86 NvMxdizC V:255 H:336 F:53
				849C16 BC 20 00    LDY $0020,X   [860BC8] A:1400 X:0BA8 Y:C58D S:0126 D:0E68 DB:86 NvMxdizC V:256 H:  1 F:53
				849C19 D0 03       BNE $0003     [849C1E] A:1400 X:0BA8 Y:A552 S:0126 D:0E68 DB:86 NvMxdizC V:256 H: 11 F:53
				849C1E C2 20       REP #$20               A:1400 X:0BA8 Y:A552 S:0126 D:0E68 DB:86 NvMxdizC V:256 H: 15 F:53
				849C20 DA          PHX                    A:1400 X:0BA8 Y:A552 S:0126 D:0E68 DB:86 NvmxdizC V:256 H: 20 F:53
				849C21 BD 05 00    LDA $0005,X   [860BAD] A:1400 X:0BA8 Y:A552 S:0124 D:0E68 DB:86 NvmxdizC V:256 H: 27 F:53
				849C24 8D 04 00    STA $0004     [860004] A:071A X:0BA8 Y:A552 S:0124 D:0E68 DB:86 nvmxdizC V:256 H: 37 F:53
				849C27 BD 08 00    LDA $0008,X   [860BB0] A:071A X:0BA8 Y:A552 S:0124 D:0E68 DB:86 nvmxdizC V:256 H: 45 F:53
				849C2A 8D 06 00    STA $0006     [860006] A:00AF X:0BA8 Y:A552 S:0124 D:0E68 DB:86 nvmxdizC V:256 H: 55 F:53
				849C2D A5 05       LDA $05       [000E6D] A:00AF X:0BA8 Y:A552 S:0124 D:0E68 DB:86 nvmxdizC V:256 H: 64 F:53
				849C2F 8D 0C 00    STA $000C     [86000C] A:07D0 X:0BA8 Y:A552 S:0124 D:0E68 DB:86 nvmxdizC V:256 H: 72 F:53
				849C32 A5 08       LDA $08       [000E70] A:07D0 X:0BA8 Y:A552 S:0124 D:0E68 DB:86 nvmxdizC V:256 H: 81 F:53
				849C34 8D 0E 00    STA $000E     [86000E] A:00A8 X:0BA8 Y:A552 S:0124 D:0E68 DB:86 nvmxdizC V:256 H: 89 F:53
				849C37 E2 20       SEP #$20               A:00A8 X:0BA8 Y:A552 S:0124 D:0E68 DB:86 nvmxdizC V:256 H: 98 F:53
				849C39 BD 11 00    LDA $0011,X   [860BB9] A:00A8 X:0BA8 Y:A552 S:0124 D:0E68 DB:86 nvMxdizC V:256 H:102 F:53
				849C3C 8D 08 00    STA $0008     [860008] A:0062 X:0BA8 Y:A552 S:0124 D:0E68 DB:86 nvMxdizC V:256 H:110 F:53
				849C3F A5 11       LDA $11       [000E79] A:0062 X:0BA8 Y:A552 S:0124 D:0E68 DB:86 nvMxdizC V:256 H:117 F:53
				849C41 8D 09 00    STA $0009     [860009] A:0029 X:0BA8 Y:A552 S:0124 D:0E68 DB:86 nvMxdizC V:256 H:123 F:53
				849C44 BC 20 00    LDY $0020,X   [860BC8] A:0029 X:0BA8 Y:A552 S:0124 D:0E68 DB:86 nvMxdizC V:256 H:130 F:53
				849C47 A6 20       LDX $20       [000E88] A:0029 X:0BA8 Y:A552 S:0124 D:0E68 DB:86 NvMxdizC V:256 H:150 F:53
				849C49 0B          PHD                    A:0029 X:C58D Y:A552 S:0124 D:0E68 DB:86 NvMxdizC V:256 H:158 F:53
				849C4A F4 00 00    PEA $0000              A:0029 X:C58D Y:A552 S:0122 D:0E68 DB:86 NvMxdizC V:256 H:165 F:53
				849C4D 2B          PLD                    A:0029 X:C58D Y:A552 S:0120 D:0E68 DB:86 NvMxdizC V:256 H:174 F:53
				849C4E BD 02 00    LDA $0002,X   [86C58F] A:0029 X:C58D Y:A552 S:0122 D:0000 DB:86 nvMxdiZC V:256 H:182 F:53
				849C51 18          CLC                    A:000A X:C58D Y:A552 S:0122 D:0000 DB:86 nvMxdizC V:256 H:190 F:53
				849C52 79 02 00    ADC $0002,Y   [86A554] A:000A X:C58D Y:A552 S:0122 D:0000 DB:86 nvMxdizc V:256 H:193 F:53
				849C55 85 00       STA $00       [000000] A:0010 X:C58D Y:A552 S:0122 D:0000 DB:86 nvMxdizc V:256 H:200 F:53
				849C57 64 01       STZ $01       [000001] A:0010 X:C58D Y:A552 S:0122 D:0000 DB:86 nvMxdizc V:256 H:205 F:53
				849C59 BD 03 00    LDA $0003,X   [86C590] A:0010 X:C58D Y:A552 S:0122 D:0000 DB:86 nvMxdizc V:256 H:210 F:53
				849C5C 18          CLC                    A:0012 X:C58D Y:A552 S:0122 D:0000 DB:86 nvMxdizc V:256 H:218 F:53
				849C5D 79 03 00    ADC $0003,Y   [86A555] A:0012 X:C58D Y:A552 S:0122 D:0000 DB:86 nvMxdizc V:256 H:221 F:53
				849C60 85 02       STA $02       [000002] A:0020 X:C58D Y:A552 S:0122 D:0000 DB:86 nvMxdizc V:256 H:228 F:53
				849C62 64 03       STZ $03       [000003] A:0020 X:C58D Y:A552 S:0122 D:0000 DB:86 nvMxdizc V:256 H:233 F:53
				849C64 C2 21       REP #$21               A:0020 X:C58D Y:A552 S:0122 D:0000 DB:86 nvMxdizc V:256 H:238 F:53
				849C66 B9 00 00    LDA $0000,Y   [86A552] A:0020 X:C58D Y:A552 S:0122 D:0000 DB:86 nvmxdizc V:256 H:243 F:53
				849C69 29 FF 00    AND #$00FF             A:FF00 X:C58D Y:A552 S:0122 D:0000 DB:86 Nvmxdizc V:256 H:252 F:53
				849C6C 89 80 00    BIT #$0080             A:0000 X:C58D Y:A552 S:0122 D:0000 DB:86 nvmxdiZc V:256 H:256 F:53
				849C6F F0 03       BEQ $0003     [849C74] A:0000 X:C58D Y:A552 S:0122 D:0000 DB:86 nvmxdiZc V:256 H:261 F:53
				849C74 24 07       BIT $07       [000007] A:0000 X:C58D Y:A552 S:0122 D:0000 DB:86 nvmxdiZc V:256 H:265 F:53
				849C76 50 04       BVC $0004     [849C7C] A:0000 X:C58D Y:A552 S:0122 D:0000 DB:86 nVmxdiZc V:256 H:272 F:53
				849C78 49 FF FF    EOR #$FFFF             A:0000 X:C58D Y:A552 S:0122 D:0000 DB:86 nVmxdiZc V:256 H:275 F:53
				849C7B 1A          INC                    A:FFFF X:C58D Y:A552 S:0122 D:0000 DB:86 NVmxdizc V:256 H:280 F:53
				849C7C 85 0A       STA $0A       [00000A] A:0000 X:C58D Y:A552 S:0122 D:0000 DB:86 nVmxdiZc V:256 H:283 F:53
				849C7E 64 10       STZ $10       [000010] A:0000 X:C58D Y:A552 S:0122 D:0000 DB:86 nVmxdiZc V:256 H:290 F:53
				849C80 BD 00 00    LDA $0000,X   [86C58D] A:0000 X:C58D Y:A552 S:0122 D:0000 DB:86 nVmxdiZc V:256 H:297 F:53
				849C83 29 FF 00    AND #$00FF             A:0400 X:C58D Y:A552 S:0122 D:0000 DB:86 nVmxdizc V:256 H:306 F:53
				849C86 89 80 00    BIT #$0080             A:0000 X:C58D Y:A552 S:0122 D:0000 DB:86 nVmxdiZc V:256 H:310 F:53
				849C89 F0 03       BEQ $0003     [849C8E] A:0000 X:C58D Y:A552 S:0122 D:0000 DB:86 nVmxdiZc V:256 H:315 F:53
				849C8E 24 08       BIT $08       [000008] A:0000 X:C58D Y:A552 S:0122 D:0000 DB:86 nVmxdiZc V:256 H:319 F:53
				849C90 50 04       BVC $0004     [849C96] A:0000 X:C58D Y:A552 S:0122 D:0000 DB:86 nvmxdiZc V:256 H:326 F:53
				849C96 65 0C       ADC $0C       [00000C] A:0000 X:C58D Y:A552 S:0122 D:0000 DB:86 nvmxdiZc V:256 H:330 F:53
				849C98 38          SEC                    A:07D0 X:C58D Y:A552 S:0122 D:0000 DB:86 nvmxdizc V:256 H:337 F:53
				849C99 E5 04       SBC $04       [000004] A:07D0 X:C58D Y:A552 S:0122 D:0000 DB:86 nvmxdizC V:257 H:  0 F:53
				849C9B 38          SEC                    A:00B6 X:C58D Y:A552 S:0122 D:0000 DB:86 nvmxdizC V:257 H:  7 F:53
				849C9C E5 0A       SBC $0A       [00000A] A:00B6 X:C58D Y:A552 S:0122 D:0000 DB:86 nvmxdizC V:257 H: 10 F:53
				849C9E 10 06       BPL $0006     [849CA6] A:00B6 X:C58D Y:A552 S:0122 D:0000 DB:86 nvmxdizC V:257 H: 17 F:53
				849CA6 85 04       STA $04       [000004] A:00B6 X:C58D Y:A552 S:0122 D:0000 DB:86 nvmxdizC V:257 H: 21 F:53
				849CA8 A5 00       LDA $00       [000000] A:00B6 X:C58D Y:A552 S:0122 D:0000 DB:86 nvmxdizC V:257 H: 28 F:53
				849CAA 38          SEC                    A:0010 X:C58D Y:A552 S:0122 D:0000 DB:86 nvmxdizC V:257 H: 35 F:53
				849CAB E5 04       SBC $04       [000004] A:0010 X:C58D Y:A552 S:0122 D:0000 DB:86 nvmxdizC V:257 H: 38 F:53
				849CAD 1A          INC                    A:FF5A X:C58D Y:A552 S:0122 D:0000 DB:86 Nvmxdizc V:257 H: 45 F:53
				849CAE 85 04       STA $04       [000004] A:FF5B X:C58D Y:A552 S:0122 D:0000 DB:86 Nvmxdizc V:257 H: 48 F:53
				849CB0 24 0F       BIT $0F       [00000F] A:FF5B X:C58D Y:A552 S:0122 D:0000 DB:86 Nvmxdizc V:257 H: 55 F:53
				849CB2 30 04       BMI $0004     [849CB8] A:FF5B X:C58D Y:A552 S:0122 D:0000 DB:86 nvmxdiZc V:257 H: 62 F:53
				849CB4 49 FF FF    EOR #$FFFF             A:FF5B X:C58D Y:A552 S:0122 D:0000 DB:86 nvmxdiZc V:257 H: 65 F:53
				849CB7 1A          INC                    A:00A4 X:C58D Y:A552 S:0122 D:0000 DB:86 nvmxdizc V:257 H: 70 F:53
				849CB8 85 00       STA $00       [000000] A:00A5 X:C58D Y:A552 S:0122 D:0000 DB:86 nvmxdizc V:257 H: 73 F:53
				849CBA 90 45       BCC $0045     [849D01] A:00A5 X:C58D Y:A552 S:0122 D:0000 DB:86 nvmxdizc V:257 H: 80 F:53
				849D01 E2 20       SEP #$20               A:00A5 X:C58D Y:A552 S:0122 D:0000 DB:86 nvmxdizc V:257 H: 84 F:53
				849D03 2B          PLD                    A:00A5 X:C58D Y:A552 S:0122 D:0000 DB:86 nvMxdizc V:257 H: 89 F:53
				849D04 FA          PLX                    A:00A5 X:C58D Y:A552 S:0124 D:0E68 DB:86 nvMxdizc V:257 H: 97 F:53
				849D05 7A          PLY                    A:00A5 X:0BA8 Y:A552 S:0126 D:0E68 DB:86 nvMxdizc V:257 H:106 F:53
				849D06 6B          RTL                    A:00A5 X:0BA8 Y:0002 S:0128 D:0E68 DB:86 nvMxdizc V:257 H:114 F:53

			849B23 90 19       BCC $0019     [849B3E] A:00A5 X:0BA8 Y:0002 S:012B D:0E68 DB:86 nvMxdizc V:257 H:125 F:53
			849B3E E2 10       SEP #$10               A:00A5 X:0BA8 Y:0002 S:012B D:0E68 DB:86 nvMxdizc V:257 H:129 F:53
			849B40 A9 00       LDA #$00               A:00A5 X:00A8 Y:0002 S:012B D:0E68 DB:86 nvMXdizc V:257 H:134 F:53
			849B42 6B          RTL                    A:0000 X:00A8 Y:0002 S:012B D:0E68 DB:86 nvMXdiZc V:257 H:147 F:53

		878CD5 AD CF 0B    LDA $0BCF     [860BCF] A:0000 X:00A8 Y:0002 S:012E D:0E68 DB:86 nvMXdiZc V:257 H:157 F:53
		878CD8 29 7F       AND #$7F               A:0020 X:00A8 Y:0002 S:012E D:0E68 DB:86 nvMXdizc V:257 H:164 F:53
		878CDA D0 04       BNE $0004     [878CE0] A:0020 X:00A8 Y:0002 S:012E D:0E68 DB:86 nvMXdizc V:257 H:167 F:53				Branch because MMX-HP AND #$7F <> #$00
		878CE0 20 70 91    JSR $9170     [879170] A:0020 X:00A8 Y:0002 S:012E D:0E68 DB:86 nvMXdizc V:257 H:171 F:53				JSR $879170 --> if E-GrabMMX = #$80 Then [Document], Else Return

			879170 A5 3C       LDA $3C       [000EA4] A:0020 X:00A8 Y:0002 S:012C D:0E68 DB:86 nvMXdizc V:257 H:181 F:53
			879172 10 32       BPL $0032     [8791A6] A:0000 X:00A8 Y:0002 S:012C D:0E68 DB:86 nvMXdiZc V:257 H:188 F:53			Branch because E-GrabMMX <> #$80
			8791A6 60          RTS                    A:0000 X:00A8 Y:0002 S:012C D:0E68 DB:86 nvMXdiZc V:257 H:192 F:53			Return

		878CE3 A5 39       LDA $39       [000EA1] A:0000 X:00A8 Y:0002 S:012E D:0E68 DB:86 nvMXdiZc V:257 H:202 F:53
		878CE5 F0 07       BEQ $0007     [878CEE] A:0000 X:00A8 Y:0002 S:012E D:0E68 DB:86 nvMXdiZc V:257 H:209 F:53				Branch because CDTeleport = #$00
		878CEE 5C B4 80 82 JML $8280B4   [8280B4] A:0000 X:00A8 Y:0002 S:012E D:0E68 DB:86 nvMXdiZc V:257 H:213 F:53				JML $8280B4 --> Display sprite? Skipped when Teleporting every 2 frames

		8280B4 C2 20       REP #$20               A:0000 X:00A8 Y:0002 S:012E D:0E68 DB:86 nvMXdiZc V:257 H:219 F:53
		8280B6 38          SEC                    A:0000 X:00A8 Y:0002 S:012E D:0E68 DB:86 nvmXdiZc V:257 H:224 F:53
		8280B7 A5 05       LDA $05       [000E6D] A:0000 X:00A8 Y:0002 S:012E D:0E68 DB:86 nvmXdiZC V:257 H:227 F:53
		8280B9 ED 4D 1E    SBC $1E4D     [861E4D] A:07D0 X:00A8 Y:0002 S:012E D:0E68 DB:86 nvmXdizC V:257 H:235 F:53
		8280BC 18          CLC                    A:00D0 X:00A8 Y:0002 S:012E D:0E68 DB:86 nvmXdizC V:257 H:244 F:53
		8280BD 69 20 00    ADC #$0020             A:00D0 X:00A8 Y:0002 S:012E D:0E68 DB:86 nvmXdizc V:257 H:247 F:53
		8280C0 C9 40 01    CMP #$0140             A:00F0 X:00A8 Y:0002 S:012E D:0E68 DB:86 nvmXdizc V:257 H:251 F:53
		8280C3 B0 0F       BCS $000F     [8280D4] A:00F0 X:00A8 Y:0002 S:012E D:0E68 DB:86 NvmXdizc V:257 H:256 F:53
		8280C5 38          SEC                    A:00F0 X:00A8 Y:0002 S:012E D:0E68 DB:86 NvmXdizc V:257 H:259 F:53
		8280C6 A5 08       LDA $08       [000E70] A:00F0 X:00A8 Y:0002 S:012E D:0E68 DB:86 NvmXdizC V:257 H:262 F:53
		8280C8 ED 50 1E    SBC $1E50     [861E50] A:00A8 X:00A8 Y:0002 S:012E D:0E68 DB:86 nvmXdizC V:257 H:270 F:53
		8280CB 18          CLC                    A:00A8 X:00A8 Y:0002 S:012E D:0E68 DB:86 nvmXdizC V:257 H:279 F:53
		8280CC 69 10 00    ADC #$0010             A:00A8 X:00A8 Y:0002 S:012E D:0E68 DB:86 nvmXdizc V:257 H:282 F:53
		8280CF C9 00 01    CMP #$0100             A:00B8 X:00A8 Y:0002 S:012E D:0E68 DB:86 nvmXdizc V:257 H:286 F:53
		8280D2 90 05       BCC $0005     [8280D9] A:00B8 X:00A8 Y:0002 S:012E D:0E68 DB:86 NvmXdizc V:257 H:291 F:53
		8280D9 E2 20       SEP #$20               A:00B8 X:00A8 Y:0002 S:012E D:0E68 DB:86 NvmXdizc V:257 H:295 F:53
		8280DB A9 81       LDA #$81               A:00B8 X:00A8 Y:0002 S:012E D:0E68 DB:86 NvMXdizc V:257 H:300 F:53
		8280DD 85 0E       STA $0E       [000E76] A:0081 X:00A8 Y:0002 S:012E D:0E68 DB:86 NvMXdizc V:257 H:303 F:53
		8280DF E2 30       SEP #$30               A:0081 X:00A8 Y:0002 S:012E D:0E68 DB:86 NvMXdizc V:257 H:309 F:53
		8280E1 A6 12       LDX $12       [000E7A] A:0081 X:00A8 Y:0002 S:012E D:0E68 DB:86 NvMXdizc V:257 H:314 F:53
		8280E3 10 02       BPL $0002     [8280E7] A:0081 X:0002 Y:0002 S:012E D:0E68 DB:86 nvMXdizc V:257 H:320 F:53
		8280E7 7C EA 80    JMP ($80EA,X) [8280EC] A:0081 X:0002 Y:0002 S:012E D:0E68 DB:86 nvMXdizc V:257 H:324 F:53

		828120 AD E9 00    LDA $00E9     [8600E9] A:0081 X:0002 Y:0002 S:012E D:0E68 DB:86 nvMXdizc V:257 H:333 F:53
		828123 C9 20       CMP #$20               A:0000 X:0002 Y:0002 S:012E D:0E68 DB:86 nvMXdiZc V:257 H:339 F:53
		828125 B0 0D       BCS $000D     [828134] A:0000 X:0002 Y:0002 S:012E D:0E68 DB:86 NvMXdizc V:258 H:  2 F:53
		828127 0A          ASL A                  A:0000 X:0002 Y:0002 S:012E D:0E68 DB:86 NvMXdizc V:258 H:  5 F:53
		828128 AA          TAX                    A:0000 X:0002 Y:0002 S:012E D:0E68 DB:86 nvMXdiZc V:258 H:  8 F:53
		828129 C2 20       REP #$20               A:0000 X:0000 Y:0002 S:012E D:0E68 DB:86 nvMXdiZc V:258 H: 11 F:53
		82812B 7B          TDC                    A:0000 X:0000 Y:0002 S:012E D:0E68 DB:86 nvmXdiZc V:258 H: 16 F:53
		82812C 9D A0 09    STA $09A0,X   [8609A0] A:0E68 X:0000 Y:0002 S:012E D:0E68 DB:86 nvmXdizc V:258 H: 19 F:53
		82812F E2 20       SEP #$20               A:0E68 X:0000 Y:0002 S:012E D:0E68 DB:86 nvmXdizc V:258 H: 29 F:53
		828131 EE E9 00    INC $00E9     [8600E9] A:0E68 X:0000 Y:0002 S:012E D:0E68 DB:86 nvMXdizc V:258 H: 33 F:53
		828134 6B          RTL                    A:0E68 X:0000 Y:0002 S:012E D:0E68 DB:86 nvMXdizc V:258 H: 43 F:53

	80F9CE 60          RTS                    A:0E68 X:0000 Y:0002 S:0131 D:0E68 DB:86 nvMXdizc V:258 H: 54 F:53

80D4F9 C2 21       REP #$21               A:0E68 X:0000 Y:0002 S:0133 D:0E68 DB:86 nvMXdizc V:258 H: 64 F:53
