80D4F6 20 30 D5    JSR $D530     [80D530] A:0E01 X:0000 Y:0091 S:0133 D:0E68 DB:86 nvMXdizC V:247 H:173 F:59

	80D530 C2 20       REP #$20               A:0E01 X:0000 Y:0091 S:0131 D:0E68 DB:86 nvMXdizC V:247 H:183 F:59
	80D532 A5 05       LDA $05       [000E6D] A:0E01 X:0000 Y:0091 S:0131 D:0E68 DB:86 nvmXdizC V:247 H:188 F:59
	80D534 85 22       STA $22       [000E8A] A:07D0 X:0000 Y:0091 S:0131 D:0E68 DB:86 nvmXdizC V:247 H:196 F:59
	80D536 A5 08       LDA $08       [000E70] A:07D0 X:0000 Y:0091 S:0131 D:0E68 DB:86 nvmXdizC V:247 H:205 F:59
	80D538 85 24       STA $24       [000E8C] A:00A8 X:0000 Y:0091 S:0131 D:0E68 DB:86 nvmXdizC V:247 H:213 F:59
	80D53A E2 20       SEP #$20               A:00A8 X:0000 Y:0091 S:0131 D:0E68 DB:86 nvmXdizC V:247 H:222 F:59
	80D53C A9 80       LDA #$80               A:00A8 X:0000 Y:0091 S:0131 D:0E68 DB:86 nvMXdizC V:247 H:226 F:59
	80D53E 14 0E       TRB $0E       [000E76] A:0080 X:0000 Y:0091 S:0131 D:0E68 DB:86 NvMXdizC V:247 H:229 F:59
	80D540 A5 0A       LDA $0A       [000E72] A:0080 X:0000 Y:0091 S:0131 D:0E68 DB:86 NvMXdizC V:247 H:239 F:59
	80D542 0A          ASL A                  A:0005 X:0000 Y:0091 S:0131 D:0E68 DB:86 nvMXdizC V:247 H:246 F:59
	80D543 AA          TAX                    A:000A X:0000 Y:0091 S:0131 D:0E68 DB:86 nvMXdizc V:247 H:249 F:59
	80D544 7C DD F8    JMP ($F8DD,X) [80F8E7] A:000A X:000A Y:0091 S:0131 D:0E68 DB:86 nvMXdizc V:247 H:252 F:59

	80F9CA 22 7E 8A 87 JSL $878A7E   [878A7E] A:000A X:000A Y:0091 S:0131 D:0E68 DB:86 nvMXdizc V:247 H:261 F:59

		878A7E A6 01       LDX $01       [000E69] A:000A X:000A Y:0091 S:012E D:0E68 DB:86 nvMXdizc V:247 H:274 F:59
		878A80 7C 83 8A    JMP ($8A83,X) [878A87] A:000A X:0004 Y:0091 S:012E D:0E68 DB:86 nvMXdizc V:247 H:281 F:59

		878C1A A5 33       LDA $33       [000E9B] A:000A X:0004 Y:0091 S:012E D:0E68 DB:86 nvMXdizc V:247 H:290 F:59
		878C1C 04 11       TSB $11       [000E79] A:0008 X:0004 Y:0091 S:012E D:0E68 DB:86 nvMXdizc V:247 H:296 F:59
		878C1E A6 02       LDX $02       [000E6A] A:0008 X:0004 Y:0091 S:012E D:0E68 DB:86 nvMXdizc V:247 H:306 F:59
		878C20 FC F2 8C    JSR ($8CF2,X) [878CF2] A:0008 X:0000 Y:0091 S:012E D:0E68 DB:86 nvMXdiZc V:247 H:313 F:59

			878CFC A6 03       LDX $03       [000E6B] A:0008 X:0000 Y:0091 S:012C D:0E68 DB:86 nvMXdiZc V:247 H:325 F:59
			878CFE 7C 01 8D    JMP ($8D01,X) [878D03] A:0008 X:0002 Y:0091 S:012C D:0E68 DB:86 nvMXdizc V:247 H:331 F:59

			878D6D 22 EA 8E 84 JSL $848EEA   [848EEA] A:0008 X:0002 Y:0091 S:012C D:0E68 DB:86 nvMXdizc V:248 H:  0 F:59		JSL $848EEA --> Decrease CDSkel, Continue Skeleton

				848EEA 08          PHP                    A:0008 X:0002 Y:0091 S:0129 D:0E68 DB:86 nvMXdizc V:248 H: 14 F:59
				848EEB 8B          PHB                    A:0008 X:0002 Y:0091 S:0128 D:0E68 DB:86 nvMXdizc V:248 H: 19 F:59
				848EEC E2 30       SEP #$30               A:0008 X:0002 Y:0091 S:0127 D:0E68 DB:86 nvMXdizc V:248 H: 24 F:59
				848EEE C6 13       DEC $13       [000E7B] A:0008 X:0002 Y:0091 S:0127 D:0E68 DB:86 nvMXdizc V:248 H: 28 F:59
				848EF0 D0 5D       BNE $005D     [848F4F] A:0008 X:0002 Y:0091 S:0127 D:0E68 DB:86 nvMXdiZc V:248 H: 38 F:59
				848EF2 A9 AF       LDA #$AF               A:0008 X:0002 Y:0091 S:0127 D:0E68 DB:86 nvMXdiZc V:248 H: 41 F:59
				848EF4 48          PHA                    A:00AF X:0002 Y:0091 S:0127 D:0E68 DB:86 NvMXdizc V:248 H: 44 F:59
				848EF5 AB          PLB                    A:00AF X:0002 Y:0091 S:0126 D:0E68 DB:86 NvMXdizc V:248 H: 49 F:59
				848EF6 C2 21       REP #$21               A:00AF X:0002 Y:0091 S:0127 D:0E68 DB:AF NvMXdizc V:248 H: 56 F:59
				848EF8 A5 14       LDA $14       [000E7C] A:00AF X:0002 Y:0091 S:0127 D:0E68 DB:AF NvmXdizc V:248 H: 60 F:59
				848EFA 69 03 00    ADC #$0003             A:D3CA X:0002 Y:0091 S:0127 D:0E68 DB:AF NvmXdizc V:248 H: 69 F:59
				848EFD A4 0F       LDY $0F       [000E77] A:D3CD X:0002 Y:0091 S:0127 D:0E68 DB:AF NvmXdizc V:248 H: 73 F:59
				848EFF 10 37       BPL $0037     [848F38] A:D3CD X:0002 Y:000D S:0127 D:0E68 DB:AF nvmXdizc V:248 H: 80 F:59
				848F38 85 14       STA $14       [000E7C] A:D3CD X:0002 Y:000D S:0127 D:0E68 DB:AF nvmXdizc V:248 H: 84 F:59
				848F3A E2 30       SEP #$30               A:D3CD X:0002 Y:000D S:0127 D:0E68 DB:AF nvmXdizc V:248 H: 93 F:59
				848F3C B2 14       LDA ($14)     [AFD3CD] A:D3CD X:0002 Y:000D S:0127 D:0E68 DB:AF nvMXdizc V:248 H: 97 F:59
				848F3E 85 13       STA $13       [000E7B] A:D326 X:0002 Y:000D S:0127 D:0E68 DB:AF nvMXdizc V:248 H:107 F:59
				848F40 A0 01       LDY #$01               A:D326 X:0002 Y:000D S:0127 D:0E68 DB:AF nvMXdizc V:248 H:114 F:59
				848F42 B1 14       LDA ($14),Y   [AFD3CE] A:D326 X:0002 Y:0001 S:0127 D:0E68 DB:AF nvMXdizc V:248 H:117 F:59
				848F44 85 0F       STA $0F       [000E77] A:D38E X:0002 Y:0001 S:0127 D:0E68 DB:AF NvMXdizc V:248 H:127 F:59
				848F46 C8          INY                    A:D38E X:0002 Y:0001 S:0127 D:0E68 DB:AF NvMXdizc V:248 H:133 F:59
				848F47 B1 14       LDA ($14),Y   [AFD3CF] A:D38E X:0002 Y:0002 S:0127 D:0E68 DB:AF nvMXdizc V:248 H:146 F:59
				848F49 85 17       STA $17       [000E7F] A:D30D X:0002 Y:0002 S:0127 D:0E68 DB:AF nvMXdizc V:248 H:156 F:59
				848F4B A9 80       LDA #$80               A:D30D X:0002 Y:0002 S:0127 D:0E68 DB:AF nvMXdizc V:248 H:163 F:59
				848F4D 04 17       TSB $17       [000E7F] A:D380 X:0002 Y:0002 S:0127 D:0E68 DB:AF NvMXdizc V:248 H:166 F:59
				848F4F AB          PLB                    A:D380 X:0002 Y:0002 S:0127 D:0E68 DB:AF NvMXdiZc V:248 H:176 F:59
				848F50 28          PLP                    A:D380 X:0002 Y:0002 S:0128 D:0E68 DB:86 NvMXdizc V:248 H:182 F:59
				848F51 6B          RTL                    A:D380 X:0002 Y:0002 S:0129 D:0E68 DB:86 nvMXdizc V:248 H:189 F:59

			878D71 A5 0F       LDA $0F       [000E77] A:D380 X:0002 Y:0002 S:012C D:0E68 DB:86 nvMXdizc V:248 H:199 F:59
			878D73 10 1C       BPL $001C     [878D91] A:D38E X:0002 Y:0002 S:012C D:0E68 DB:86 NvMXdizc V:248 H:206 F:59		Branch if SkelAction is positive
			878D75 A9 04       LDA #$04               A:D38E X:0002 Y:0002 S:012C D:0E68 DB:86 NvMXdizc V:248 H:209 F:59
			878D77 85 03       STA $03       [000E6B] A:D304 X:0002 Y:0002 S:012C D:0E68 DB:86 nvMXdizc V:248 H:212 F:59		Subaction = #$04
			878D79 22 D3 82 82 JSL $8282D3   [8282D3] A:D304 X:0002 Y:0002 S:012C D:0E68 DB:86 nvMXdizc V:248 H:218 F:59		X = First empty OtherData

				8282D3 C2 30       REP #$30               A:D304 X:0002 Y:0002 S:0129 D:0E68 DB:86 nvMXdizc V:248 H:232 F:59
				8282D5 A2 28 19    LDX #$1928             A:D304 X:0002 Y:0002 S:0129 D:0E68 DB:86 nvmxdizc V:248 H:236 F:59
				8282D8 BD 00 00    LDA $0000,X   [861928] A:D304 X:1928 Y:0002 S:0129 D:0E68 DB:86 nvmxdizc V:248 H:241 F:59
				8282DB F0 5E       BEQ $005E     [82833B] A:0000 X:1928 Y:0002 S:0129 D:0E68 DB:86 nvmxdiZc V:248 H:251 F:59
				82833B E2 22       SEP #$22               A:0000 X:1928 Y:0002 S:0129 D:0E68 DB:86 nvmxdiZc V:248 H:255 F:59
				82833D 6B          RTL                    A:0000 X:1928 Y:0002 S:0129 D:0E68 DB:86 nvMxdiZc V:248 H:260 F:59

			878D7D D0 10       BNE $0010     [878D8F] A:0000 X:1928 Y:0002 S:012C D:0E68 DB:86 nvMxdiZc V:248 H:270 F:59
			878D7F FE 00 00    INC $0000,X   [861928] A:0000 X:1928 Y:0002 S:012C D:0E68 DB:86 nvMxdiZc V:248 H:273 F:59		Increase O-Exist = #$01
			878D82 A9 34       LDA #$34               A:0000 X:1928 Y:0002 S:012C D:0E68 DB:86 nvMxdizc V:248 H:285 F:59
			878D84 9D 0A 00    STA $000A,X   [861932] A:0034 X:1928 Y:0002 S:012C D:0E68 DB:86 nvMxdizc V:248 H:288 F:59		O-ID = #$34
			878D87 E6 36       INC $36       [000E9E] A:0034 X:1928 Y:0002 S:012C D:0E68 DB:86 nvMxdizc V:248 H:296 F:59		Increase O-$36 = #$01
			878D89 C2 20       REP #$20               A:0034 X:1928 Y:0002 S:012C D:0E68 DB:86 nvMxdizc V:248 H:306 F:59
			878D8B 7B          TDC                    A:0034 X:1928 Y:0002 S:012C D:0E68 DB:86 nvmxdizc V:248 H:310 F:59
			878D8C 9D 0C 00    STA $000C,X   [861934] A:0E68 X:1928 Y:0002 S:012C D:0E68 DB:86 nvmxdizc V:248 H:313 F:59		O-Parent = EnemyData
			878D8F E2 30       SEP #$30               A:0E68 X:1928 Y:0002 S:012C D:0E68 DB:86 nvmxdizc V:248 H:323 F:59
			878D91 4C 13 91    JMP $9113     [879113] A:0E68 X:0028 Y:0002 S:012C D:0E68 DB:86 nvMXdizc V:248 H:327 F:59

			879113 A9 20       LDA #$20               A:0E68 X:0028 Y:0002 S:012C D:0E68 DB:86 nvMXdizc V:248 H:331 F:59
			879115 8D 00 00    STA $0000     [860000] A:0E20 X:0028 Y:0002 S:012C D:0E68 DB:86 nvMXdizc V:248 H:334 F:59		$0000 = #$20
			879118 9C 01 00    STZ $0001     [860001] A:0E20 X:0028 Y:0002 S:012C D:0E68 DB:86 nvMXdizc V:249 H:  1 F:59		$0001 = #$00
			87911B 20 31 91    JSR $9131     [879131] A:0E20 X:0028 Y:0002 S:012C D:0E68 DB:86 nvMXdizc V:249 H:  7 F:59		JSR $879131 --> If (E-$35 ORA E-$3C ORA StageEndAction ORA BossBeatInv) = #$00, If |X-Distance| < $0000 Then [Document], Else A = #$00

				879131 A5 35       LDA $35       [000E9D] A:0E20 X:0028 Y:0002 S:012A D:0E68 DB:86 nvMXdizc V:249 H: 17 F:59
				879133 05 3C       ORA $3C       [000EA4] A:0E00 X:0028 Y:0002 S:012A D:0E68 DB:86 nvMXdiZc V:249 H: 24 F:59
				879135 0D 32 0C    ORA $0C32     [860C32] A:0E00 X:0028 Y:0002 S:012A D:0E68 DB:86 nvMXdiZc V:249 H: 30 F:59
				879138 0D 0C 1F    ORA $1F0C     [861F0C] A:0E00 X:0028 Y:0002 S:012A D:0E68 DB:86 nvMXdiZc V:249 H: 37 F:59
				87913B D0 30       BNE $0030     [87916D] A:0E00 X:0028 Y:0002 S:012A D:0E68 DB:86 nvMXdiZc V:249 H: 43 F:59
				87913D C2 20       REP #$20               A:0E00 X:0028 Y:0002 S:012A D:0E68 DB:86 nvMXdiZc V:249 H: 46 F:59
				87913F AD AD 0B    LDA $0BAD     [860BAD] A:0E00 X:0028 Y:0002 S:012A D:0E68 DB:86 nvmXdiZc V:249 H: 51 F:59
				879142 38          SEC                    A:071A X:0028 Y:0002 S:012A D:0E68 DB:86 nvmXdizc V:249 H: 59 F:59
				879143 E5 05       SBC $05       [000E6D] A:071A X:0028 Y:0002 S:012A D:0E68 DB:86 nvmXdizC V:249 H: 62 F:59
				879145 B0 13       BCS $0013     [87915A] A:FF4A X:0028 Y:0002 S:012A D:0E68 DB:86 NvmXdizc V:249 H: 71 F:59
				879147 49 FF FF    EOR #$FFFF             A:FF4A X:0028 Y:0002 S:012A D:0E68 DB:86 NvmXdizc V:249 H: 74 F:59
				87914A 1A          INC                    A:00B5 X:0028 Y:0002 S:012A D:0E68 DB:86 nvmXdizc V:249 H: 78 F:59
				87914B CD 00 00    CMP $0000     [860000] A:00B6 X:0028 Y:0002 S:012A D:0E68 DB:86 nvmXdizc V:249 H: 81 F:59
				87914E E2 20       SEP #$20               A:00B6 X:0028 Y:0002 S:012A D:0E68 DB:86 nvmXdizC V:249 H: 90 F:59
				879150 B0 1B       BCS $001B     [87916D] A:00B6 X:0028 Y:0002 S:012A D:0E68 DB:86 nvMXdizC V:249 H: 94 F:59
				87916D A9 00       LDA #$00               A:00B6 X:0028 Y:0002 S:012A D:0E68 DB:86 nvMXdizC V:249 H: 99 F:59
				87916F 60          RTS                    A:0000 X:0028 Y:0002 S:012A D:0E68 DB:86 nvMXdiZC V:249 H:102 F:59

			87911E F0 08       BEQ $0008     [879128] A:0000 X:0028 Y:0002 S:012C D:0E68 DB:86 nvMXdiZC V:249 H:112 F:59		Branch because A = #$00
			879128 60          RTS                    A:0000 X:0028 Y:0002 S:012C D:0E68 DB:86 nvMXdiZC V:249 H:116 F:59

		878C23 A5 37       LDA $37       [000E9F] A:0000 X:0028 Y:0002 S:012E D:0E68 DB:86 nvMXdiZC V:249 H:126 F:59
