80D4F6 20 30 D5    JSR $D530     [80D530] A:0E01 X:0000 Y:0091 S:0133 D:0E68 DB:86 nvMXdizC V:247 H:172 F:27

	80D530 C2 20       REP #$20               A:0E01 X:0000 Y:0091 S:0131 D:0E68 DB:86 nvMXdizC V:247 H:182 F:27
	80D532 A5 05       LDA $05       [000E6D] A:0E01 X:0000 Y:0091 S:0131 D:0E68 DB:86 nvmXdizC V:247 H:187 F:27
	80D534 85 22       STA $22       [000E8A] A:07B0 X:0000 Y:0091 S:0131 D:0E68 DB:86 nvmXdizC V:247 H:195 F:27
	80D536 A5 08       LDA $08       [000E70] A:07B0 X:0000 Y:0091 S:0131 D:0E68 DB:86 nvmXdizC V:247 H:204 F:27
	80D538 85 24       STA $24       [000E8C] A:00A8 X:0000 Y:0091 S:0131 D:0E68 DB:86 nvmXdizC V:247 H:212 F:27
	80D53A E2 20       SEP #$20               A:00A8 X:0000 Y:0091 S:0131 D:0E68 DB:86 nvmXdizC V:247 H:221 F:27
	80D53C A9 80       LDA #$80               A:00A8 X:0000 Y:0091 S:0131 D:0E68 DB:86 nvMXdizC V:247 H:225 F:27
	80D53E 14 0E       TRB $0E       [000E76] A:0080 X:0000 Y:0091 S:0131 D:0E68 DB:86 NvMXdizC V:247 H:228 F:27
	80D540 A5 0A       LDA $0A       [000E72] A:0080 X:0000 Y:0091 S:0131 D:0E68 DB:86 NvMXdizC V:247 H:238 F:27
	80D542 0A          ASL A                  A:0005 X:0000 Y:0091 S:0131 D:0E68 DB:86 nvMXdizC V:247 H:245 F:27
	80D543 AA          TAX                    A:000A X:0000 Y:0091 S:0131 D:0E68 DB:86 nvMXdizc V:247 H:248 F:27
	80D544 7C DD F8    JMP ($F8DD,X) [80F8E7] A:000A X:000A Y:0091 S:0131 D:0E68 DB:86 nvMXdizc V:247 H:251 F:27

	80F9CA 22 7E 8A 87 JSL $878A7E   [878A7E] A:000A X:000A Y:0091 S:0131 D:0E68 DB:86 nvMXdizc V:247 H:260 F:27

		878A7E A6 01       LDX $01       [000E69] A:000A X:000A Y:0091 S:012E D:0E68 DB:86 nvMXdizc V:247 H:273 F:27
		878A80 7C 83 8A    JMP ($8A83,X) [878A87] A:000A X:0004 Y:0091 S:012E D:0E68 DB:86 nvMXdizc V:247 H:280 F:27

		878C1A A5 33       LDA $33       [000E9B] A:000A X:0004 Y:0091 S:012E D:0E68 DB:86 nvMXdizc V:247 H:289 F:27
		878C1C 04 11       TSB $11       [000E79] A:0008 X:0004 Y:0091 S:012E D:0E68 DB:86 nvMXdizc V:247 H:295 F:27
		878C1E A6 02       LDX $02       [000E6A] A:0008 X:0004 Y:0091 S:012E D:0E68 DB:86 nvMXdizc V:247 H:305 F:27
		878C20 FC F2 8C    JSR ($8CF2,X) [878CF2] A:0008 X:0000 Y:0091 S:012E D:0E68 DB:86 nvMXdiZc V:247 H:312 F:27

			878CFC A6 03       LDX $03       [000E6B] A:0008 X:0000 Y:0091 S:012C D:0E68 DB:86 nvMXdiZc V:247 H:324 F:27
			878CFE 7C 01 8D    JMP ($8D01,X) [878D07] A:0008 X:0006 Y:0091 S:012C D:0E68 DB:86 nvMXdizc V:247 H:330 F:27

			878DBA 22 A5 AC 84 JSL $84ACA5   [84ACA5] A:0008 X:0006 Y:0091 S:012C D:0E68 DB:86 nvMXdizc V:247 H:339 F:27		JSL $84ACA5 --> Update Facing (40 bit)

				84ACA5 08          PHP                    A:0008 X:0006 Y:0091 S:0129 D:0E68 DB:86 nvMXdizc V:248 H: 13 F:27
				84ACA6 E2 20       SEP #$20               A:0008 X:0006 Y:0091 S:0128 D:0E68 DB:86 nvMXdizc V:248 H: 18 F:27
				84ACA8 A9 40       LDA #$40               A:0008 X:0006 Y:0091 S:0128 D:0E68 DB:86 nvMXdizc V:248 H: 22 F:27
				84ACAA 14 11       TRB $11       [000E79] A:0040 X:0006 Y:0091 S:0128 D:0E68 DB:86 nvMXdizc V:248 H: 25 F:27
				84ACAC C2 20       REP #$20               A:0040 X:0006 Y:0091 S:0128 D:0E68 DB:86 nvMXdiZc V:248 H: 35 F:27
				84ACAE AD AD 0B    LDA $0BAD     [860BAD] A:0040 X:0006 Y:0091 S:0128 D:0E68 DB:86 nvmXdiZc V:248 H: 40 F:27
				84ACB1 38          SEC                    A:071A X:0006 Y:0091 S:0128 D:0E68 DB:86 nvmXdizc V:248 H: 48 F:27
				84ACB2 E5 05       SBC $05       [000E6D] A:071A X:0006 Y:0091 S:0128 D:0E68 DB:86 nvmXdizC V:248 H: 51 F:27
				84ACB4 E2 20       SEP #$20               A:FF6A X:0006 Y:0091 S:0128 D:0E68 DB:86 NvmXdizc V:248 H: 60 F:27
				84ACB6 A9 00       LDA #$00               A:FF6A X:0006 Y:0091 S:0128 D:0E68 DB:86 NvMXdizc V:248 H: 64 F:27
				84ACB8 6A          ROR A                  A:FF00 X:0006 Y:0091 S:0128 D:0E68 DB:86 nvMXdiZc V:248 H: 67 F:27
				84ACB9 4A          LSR A                  A:FF00 X:0006 Y:0091 S:0128 D:0E68 DB:86 nvMXdiZc V:248 H: 70 F:27
				84ACBA 04 11       TSB $11       [000E79] A:FF00 X:0006 Y:0091 S:0128 D:0E68 DB:86 nvMXdiZc V:248 H: 73 F:27
				84ACBC 28          PLP                    A:FF00 X:0006 Y:0091 S:0128 D:0E68 DB:86 nvMXdiZc V:248 H: 83 F:27
				84ACBD 6B          RTL                    A:FF00 X:0006 Y:0091 S:0129 D:0E68 DB:86 nvMXdizc V:248 H: 90 F:27

			878DBE 22 EA 8E 84 JSL $848EEA   [848EEA] A:FF00 X:0006 Y:0091 S:012C D:0E68 DB:86 nvMXdizc V:248 H:100 F:27		JSL $848EEA --> Decrease CDSkel, Continue Skeleton

				848EEA 08          PHP                    A:FF00 X:0006 Y:0091 S:0129 D:0E68 DB:86 nvMXdizc V:248 H:114 F:27
				848EEB 8B          PHB                    A:FF00 X:0006 Y:0091 S:0128 D:0E68 DB:86 nvMXdizc V:248 H:119 F:27
				848EEC E2 30       SEP #$30               A:FF00 X:0006 Y:0091 S:0127 D:0E68 DB:86 nvMXdizc V:248 H:124 F:27
				848EEE C6 13       DEC $13       [000E7B] A:FF00 X:0006 Y:0091 S:0127 D:0E68 DB:86 nvMXdizc V:248 H:128 F:27
				848EF0 D0 5D       BNE $005D     [848F4F] A:FF00 X:0006 Y:0091 S:0127 D:0E68 DB:86 nvMXdizc V:248 H:148 F:27
				848F4F AB          PLB                    A:FF00 X:0006 Y:0091 S:0127 D:0E68 DB:86 nvMXdizc V:248 H:153 F:27
				848F50 28          PLP                    A:FF00 X:0006 Y:0091 S:0128 D:0E68 DB:86 NvMXdizc V:248 H:159 F:27
				848F51 6B          RTL                    A:FF00 X:0006 Y:0091 S:0129 D:0E68 DB:86 nvMXdizc V:248 H:166 F:27

			878DC2 C6 34       DEC $34       [000E9C] A:FF00 X:0006 Y:0091 S:012C D:0E68 DB:86 nvMXdizc V:248 H:176 F:27		Decrease E-CD2 = #$00
			878DC4 D0 1D       BNE $001D     [878DE3] A:FF00 X:0006 Y:0091 S:012C D:0E68 DB:86 nvMXdiZc V:248 H:186 F:27		Branch if E-CD2 <> #$00
			878DC6 A5 35       LDA $35       [000E9D] A:FF00 X:0006 Y:0091 S:012C D:0E68 DB:86 nvMXdiZc V:248 H:189 F:27
			878DC8 D0 17       BNE $0017     [878DE1] A:FF00 X:0006 Y:0091 S:012C D:0E68 DB:86 nvMXdiZc V:248 H:196 F:27		Branch if E-$35 <> #$00
			878DCA 22 86 90 84 JSL $849086   [849086] A:FF00 X:0006 Y:0091 S:012C D:0E68 DB:86 nvMXdiZc V:248 H:199 F:27		JSL $849086 --> Load A (2B) with RNG value

				849086 08          PHP                    A:FF00 X:0006 Y:0091 S:0129 D:0E68 DB:86 nvMXdiZc V:248 H:212 F:27
				849087 C2 20       REP #$20               A:FF00 X:0006 Y:0091 S:0128 D:0E68 DB:86 nvMXdiZc V:248 H:217 F:27
				849089 AD A6 0B    LDA $0BA6     [860BA6] A:FF00 X:0006 Y:0091 S:0128 D:0E68 DB:86 nvmXdiZc V:248 H:222 F:27
				84908C 0A          ASL A                  A:3977 X:0006 Y:0091 S:0128 D:0E68 DB:86 nvmXdizc V:248 H:230 F:27
				84908D 18          CLC                    A:72EE X:0006 Y:0091 S:0128 D:0E68 DB:86 nvmXdizc V:248 H:233 F:27
				84908E 6D A6 0B    ADC $0BA6     [860BA6] A:72EE X:0006 Y:0091 S:0128 D:0E68 DB:86 nvmXdizc V:248 H:236 F:27
				849091 EB          XBA                    A:AC65 X:0006 Y:0091 S:0128 D:0E68 DB:86 NVmXdizc V:248 H:245 F:27
				849092 E2 20       SEP #$20               A:65AC X:0006 Y:0091 S:0128 D:0E68 DB:86 NVmXdizc V:248 H:249 F:27
				849094 8D A7 0B    STA $0BA7     [860BA7] A:65AC X:0006 Y:0091 S:0128 D:0E68 DB:86 NVMXdizc V:248 H:254 F:27
				849097 18          CLC                    A:65AC X:0006 Y:0091 S:0128 D:0E68 DB:86 NVMXdizc V:248 H:260 F:27
				849098 6D A6 0B    ADC $0BA6     [860BA6] A:65AC X:0006 Y:0091 S:0128 D:0E68 DB:86 NVMXdizc V:248 H:263 F:27
				84909B 8D A6 0B    STA $0BA6     [860BA6] A:6523 X:0006 Y:0091 S:0128 D:0E68 DB:86 nvMXdizC V:248 H:270 F:27
				84909E 28          PLP                    A:6523 X:0006 Y:0091 S:0128 D:0E68 DB:86 nvMXdizC V:248 H:276 F:27
				84909F 6B          RTL                    A:6523 X:0006 Y:0091 S:0129 D:0E68 DB:86 nvMXdiZc V:248 H:283 F:27

			878DCE 29 0F       AND #$0F               A:6523 X:0006 Y:0091 S:012C D:0E68 DB:86 nvMXdiZc V:248 H:293 F:27
			878DD0 AA          TAX                    A:6503 X:0006 Y:0091 S:012C D:0E68 DB:86 nvMXdizc V:248 H:296 F:27		X = RNG(00,0F) = #$03
			878DD1 A5 31       LDA $31       [000E99] A:6503 X:0003 Y:0091 S:012C D:0E68 DB:86 nvMXdizc V:248 H:299 F:27
			878DD3 C9 09       CMP #$09               A:6508 X:0003 Y:0091 S:012C D:0E68 DB:86 nvMXdizc V:248 H:306 F:27
			878DD5 B0 05       BCS $0005     [878DDC] A:6508 X:0003 Y:0091 S:012C D:0E68 DB:86 NvMXdizc V:248 H:309 F:27		Branch if E-$31 > #$09
			878DD7 BD A3 C5    LDA $C5A3,X   [86C5A6] A:6508 X:0003 Y:0091 S:012C D:0E68 DB:86 NvMXdizc V:248 H:312 F:27
			878DDA 80 03       BRA $0003     [878DDF] A:6502 X:0003 Y:0091 S:012C D:0E68 DB:86 nvMXdizc V:248 H:318 F:27
			878DDF 85 02       STA $02       [000E6A] A:6502 X:0003 Y:0091 S:012C D:0E68 DB:86 nvMXdizc V:248 H:322 F:27		Action = [$86C5A3,RNG(00,0F)] = [$86C5A6] = #$02
			878DE1 64 03       STZ $03       [000E6B] A:6502 X:0003 Y:0091 S:012C D:0E68 DB:86 nvMXdizc V:248 H:328 F:27		Subaction = #$00
			878DE3 4C 13 91    JMP $9113     [879113] A:6502 X:0003 Y:0091 S:012C D:0E68 DB:86 nvMXdizc V:248 H:334 F:27

			879113 A9 20       LDA #$20               A:6502 X:0003 Y:0091 S:012C D:0E68 DB:86 nvMXdizc V:248 H:339 F:27
			879115 8D 00 00    STA $0000     [860000] A:6520 X:0003 Y:0091 S:012C D:0E68 DB:86 nvMXdizc V:249 H:  2 F:27		$0000 = #$20
			879118 9C 01 00    STZ $0001     [860001] A:6520 X:0003 Y:0091 S:012C D:0E68 DB:86 nvMXdizc V:249 H:  8 F:27		$0001 = #$00
			87911B 20 31 91    JSR $9131     [879131] A:6520 X:0003 Y:0091 S:012C D:0E68 DB:86 nvMXdizc V:249 H: 15 F:27		JSR $879131 --> If (E-$35 ORA E-$3C ORA StageEndAction ORA BossBeatInv) = #$00, If |X-Distance| < $0000 Then [Document], Else A = #$00

				879131 A5 35       LDA $35       [000E9D] A:6520 X:0003 Y:0091 S:012A D:0E68 DB:86 nvMXdizc V:249 H: 25 F:27
				879133 05 3C       ORA $3C       [000EA4] A:6500 X:0003 Y:0091 S:012A D:0E68 DB:86 nvMXdiZc V:249 H: 31 F:27
				879135 0D 32 0C    ORA $0C32     [860C32] A:6500 X:0003 Y:0091 S:012A D:0E68 DB:86 nvMXdiZc V:249 H: 38 F:27
				879138 0D 0C 1F    ORA $1F0C     [861F0C] A:6500 X:0003 Y:0091 S:012A D:0E68 DB:86 nvMXdiZc V:249 H: 44 F:27
				87913B D0 30       BNE $0030     [87916D] A:6500 X:0003 Y:0091 S:012A D:0E68 DB:86 nvMXdiZc V:249 H: 51 F:27
				87913D C2 20       REP #$20               A:6500 X:0003 Y:0091 S:012A D:0E68 DB:86 nvMXdiZc V:249 H: 54 F:27
				87913F AD AD 0B    LDA $0BAD     [860BAD] A:6500 X:0003 Y:0091 S:012A D:0E68 DB:86 nvmXdiZc V:249 H: 58 F:27
				879142 38          SEC                    A:071A X:0003 Y:0091 S:012A D:0E68 DB:86 nvmXdizc V:249 H: 67 F:27
				879143 E5 05       SBC $05       [000E6D] A:071A X:0003 Y:0091 S:012A D:0E68 DB:86 nvmXdizC V:249 H: 70 F:27
				879145 B0 13       BCS $0013     [87915A] A:FF6A X:0003 Y:0091 S:012A D:0E68 DB:86 NvmXdizc V:249 H: 78 F:27
				879147 49 FF FF    EOR #$FFFF             A:FF6A X:0003 Y:0091 S:012A D:0E68 DB:86 NvmXdizc V:249 H: 81 F:27
				87914A 1A          INC                    A:0095 X:0003 Y:0091 S:012A D:0E68 DB:86 nvmXdizc V:249 H: 86 F:27
				87914B CD 00 00    CMP $0000     [860000] A:0096 X:0003 Y:0091 S:012A D:0E68 DB:86 nvmXdizc V:249 H: 89 F:27
				87914E E2 20       SEP #$20               A:0096 X:0003 Y:0091 S:012A D:0E68 DB:86 nvmXdizC V:249 H: 97 F:27
				879150 B0 1B       BCS $001B     [87916D] A:0096 X:0003 Y:0091 S:012A D:0E68 DB:86 nvMXdizC V:249 H:102 F:27
				87916D A9 00       LDA #$00               A:0096 X:0003 Y:0091 S:012A D:0E68 DB:86 nvMXdizC V:249 H:106 F:27
				87916F 60          RTS                    A:0000 X:0003 Y:0091 S:012A D:0E68 DB:86 nvMXdiZC V:249 H:109 F:27

			87911E F0 08       BEQ $0008     [879128] A:0000 X:0003 Y:0091 S:012C D:0E68 DB:86 nvMXdiZC V:249 H:119 F:27		Branch because A = #$00
			879128 60          RTS                    A:0000 X:0003 Y:0091 S:012C D:0E68 DB:86 nvMXdiZC V:249 H:124 F:27

		878C23 A5 37       LDA $37       [000E9F] A:0000 X:0003 Y:0091 S:012E D:0E68 DB:86 nvMXdiZC V:249 H:144 F:27
