80D4F6 20 30 D5    JSR $D530     [80D530] A:0E01 X:0000 Y:0002 S:0133 D:0E68 DB:86 nvMXdizC V:250 H:213 F:29

	80D530 C2 20       REP #$20               A:0E01 X:0000 Y:0002 S:0131 D:0E68 DB:86 nvMXdizC V:250 H:223 F:29
	80D532 A5 05       LDA $05       [000E6D] A:0E01 X:0000 Y:0002 S:0131 D:0E68 DB:86 nvmXdizC V:250 H:228 F:29
	80D534 85 22       STA $22       [000E8A] A:0770 X:0000 Y:0002 S:0131 D:0E68 DB:86 nvmXdizC V:250 H:236 F:29
	80D536 A5 08       LDA $08       [000E70] A:0770 X:0000 Y:0002 S:0131 D:0E68 DB:86 nvmXdizC V:250 H:245 F:29
	80D538 85 24       STA $24       [000E8C] A:00A8 X:0000 Y:0002 S:0131 D:0E68 DB:86 nvmXdizC V:250 H:253 F:29
	80D53A E2 20       SEP #$20               A:00A8 X:0000 Y:0002 S:0131 D:0E68 DB:86 nvmXdizC V:250 H:262 F:29
	80D53C A9 80       LDA #$80               A:00A8 X:0000 Y:0002 S:0131 D:0E68 DB:86 nvMXdizC V:250 H:266 F:29
	80D53E 14 0E       TRB $0E       [000E76] A:0080 X:0000 Y:0002 S:0131 D:0E68 DB:86 NvMXdizC V:250 H:269 F:29
	80D540 A5 0A       LDA $0A       [000E72] A:0080 X:0000 Y:0002 S:0131 D:0E68 DB:86 NvMXdizC V:250 H:279 F:29
	80D542 0A          ASL A                  A:0005 X:0000 Y:0002 S:0131 D:0E68 DB:86 nvMXdizC V:250 H:286 F:29
	80D543 AA          TAX                    A:000A X:0000 Y:0002 S:0131 D:0E68 DB:86 nvMXdizc V:250 H:289 F:29
	80D544 7C DD F8    JMP ($F8DD,X) [80F8E7] A:000A X:000A Y:0002 S:0131 D:0E68 DB:86 nvMXdizc V:250 H:292 F:29

	80F9CA 22 7E 8A 87 JSL $878A7E   [878A7E] A:000A X:000A Y:0002 S:0131 D:0E68 DB:86 nvMXdizc V:250 H:301 F:29

		878A7E A6 01       LDX $01       [000E69] A:000A X:000A Y:0002 S:012E D:0E68 DB:86 nvMXdizc V:250 H:314 F:29
		878A80 7C 83 8A    JMP ($8A83,X) [878A87] A:000A X:0004 Y:0002 S:012E D:0E68 DB:86 nvMXdizc V:250 H:321 F:29

		878C1A A5 33       LDA $33       [000E9B] A:000A X:0004 Y:0002 S:012E D:0E68 DB:86 nvMXdizc V:250 H:329 F:29
		878C1C 04 11       TSB $11       [000E79] A:0008 X:0004 Y:0002 S:012E D:0E68 DB:86 nvMXdizc V:250 H:335 F:29
		878C1E A6 02       LDX $02       [000E6A] A:0008 X:0004 Y:0002 S:012E D:0E68 DB:86 nvMXdizc V:251 H:  5 F:29
		878C20 FC F2 8C    JSR ($8CF2,X) [878CF2] A:0008 X:0000 Y:0002 S:012E D:0E68 DB:86 nvMXdiZc V:251 H: 12 F:29		Action 00

			878CFC A6 03       LDX $03       [000E6B] A:0008 X:0000 Y:0002 S:012C D:0E68 DB:86 nvMXdiZc V:251 H: 25 F:29
			878CFE 7C 01 8D    JMP ($8D01,X) [878D07] A:0008 X:0006 Y:0002 S:012C D:0E68 DB:86 nvMXdizc V:251 H: 31 F:29	Subaction 06

			878DBA 22 A5 AC 84 JSL $84ACA5   [84ACA5] A:0008 X:0006 Y:0002 S:012C D:0E68 DB:86 nvMXdizc V:251 H: 40 F:29	JSL $84ACA5 --> Update Facing (40 bit)

				84ACA5 08          PHP                    A:0008 X:0006 Y:0002 S:0129 D:0E68 DB:86 nvMXdizc V:251 H: 54 F:29
				84ACA6 E2 20       SEP #$20               A:0008 X:0006 Y:0002 S:0128 D:0E68 DB:86 nvMXdizc V:251 H: 59 F:29
				84ACA8 A9 40       LDA #$40               A:0008 X:0006 Y:0002 S:0128 D:0E68 DB:86 nvMXdizc V:251 H: 63 F:29
				84ACAA 14 11       TRB $11       [000E79] A:0040 X:0006 Y:0002 S:0128 D:0E68 DB:86 nvMXdizc V:251 H: 66 F:29
				84ACAC C2 20       REP #$20               A:0040 X:0006 Y:0002 S:0128 D:0E68 DB:86 nvMXdiZc V:251 H: 76 F:29
				84ACAE AD AD 0B    LDA $0BAD     [860BAD] A:0040 X:0006 Y:0002 S:0128 D:0E68 DB:86 nvmXdiZc V:251 H: 81 F:29
				84ACB1 38          SEC                    A:0717 X:0006 Y:0002 S:0128 D:0E68 DB:86 nvmXdizc V:251 H: 89 F:29
				84ACB2 E5 05       SBC $05       [000E6D] A:0717 X:0006 Y:0002 S:0128 D:0E68 DB:86 nvmXdizC V:251 H: 92 F:29
				84ACB4 E2 20       SEP #$20               A:FFA7 X:0006 Y:0002 S:0128 D:0E68 DB:86 NvmXdizc V:251 H:101 F:29
				84ACB6 A9 00       LDA #$00               A:FFA7 X:0006 Y:0002 S:0128 D:0E68 DB:86 NvMXdizc V:251 H:105 F:29
				84ACB8 6A          ROR A                  A:FF00 X:0006 Y:0002 S:0128 D:0E68 DB:86 nvMXdiZc V:251 H:108 F:29
				84ACB9 4A          LSR A                  A:FF00 X:0006 Y:0002 S:0128 D:0E68 DB:86 nvMXdiZc V:251 H:111 F:29
				84ACBA 04 11       TSB $11       [000E79] A:FF00 X:0006 Y:0002 S:0128 D:0E68 DB:86 nvMXdiZc V:251 H:114 F:29
				84ACBC 28          PLP                    A:FF00 X:0006 Y:0002 S:0128 D:0E68 DB:86 nvMXdiZc V:251 H:124 F:29
				84ACBD 6B          RTL                    A:FF00 X:0006 Y:0002 S:0129 D:0E68 DB:86 nvMXdizc V:251 H:131 F:29

			878DBE 22 EA 8E 84 JSL $848EEA   [848EEA] A:FF00 X:0006 Y:0002 S:012C D:0E68 DB:86 nvMXdizc V:251 H:151 F:29	JSL $848EEA --> Decrease CDSkel, Continue Skeleton

				848EEA 08          PHP                    A:FF00 X:0006 Y:0002 S:0129 D:0E68 DB:86 nvMXdizc V:251 H:165 F:29
				848EEB 8B          PHB                    A:FF00 X:0006 Y:0002 S:0128 D:0E68 DB:86 nvMXdizc V:251 H:170 F:29
				848EEC E2 30       SEP #$30               A:FF00 X:0006 Y:0002 S:0127 D:0E68 DB:86 nvMXdizc V:251 H:175 F:29
				848EEE C6 13       DEC $13       [000E7B] A:FF00 X:0006 Y:0002 S:0127 D:0E68 DB:86 nvMXdizc V:251 H:179 F:29
				848EF0 D0 5D       BNE $005D     [848F4F] A:FF00 X:0006 Y:0002 S:0127 D:0E68 DB:86 nvMXdizc V:251 H:189 F:29
				848F4F AB          PLB                    A:FF00 X:0006 Y:0002 S:0127 D:0E68 DB:86 nvMXdizc V:251 H:194 F:29
				848F50 28          PLP                    A:FF00 X:0006 Y:0002 S:0128 D:0E68 DB:86 NvMXdizc V:251 H:200 F:29
				848F51 6B          RTL                    A:FF00 X:0006 Y:0002 S:0129 D:0E68 DB:86 nvMXdizc V:251 H:207 F:29

			878DC2 C6 34       DEC $34       [000E9C] A:FF00 X:0006 Y:0002 S:012C D:0E68 DB:86 nvMXdizc V:251 H:217 F:29	Decrease CD2
			878DC4 D0 1D       BNE $001D     [878DE3] A:FF00 X:0006 Y:0002 S:012C D:0E68 DB:86 nvMXdizc V:251 H:227 F:29	Branch because CD2 <> #$00
			878DE3 4C 13 91    JMP $9113     [879113] A:FF00 X:0006 Y:0002 S:012C D:0E68 DB:86 nvMXdizc V:251 H:232 F:29

			879113 A9 20       LDA #$20               A:FF00 X:0006 Y:0002 S:012C D:0E68 DB:86 nvMXdizc V:251 H:236 F:29
			879115 8D 00 00    STA $0000     [860000] A:FF20 X:0006 Y:0002 S:012C D:0E68 DB:86 nvMXdizc V:251 H:239 F:29	$0000 = #$20
			879118 9C 01 00    STZ $0001     [860001] A:FF20 X:0006 Y:0002 S:012C D:0E68 DB:86 nvMXdizc V:251 H:246 F:29	$0001 = #$00
			87911B 20 31 91    JSR $9131     [879131] A:FF20 X:0006 Y:0002 S:012C D:0E68 DB:86 nvMXdizc V:251 H:252 F:29	JSR $879131 --> If (E-BoomOut ORA E-GrabMMX ORA StageEndAction ORA BossBeatInv) = #$00, If |X-Distance| < $0000 Then [Document], Else A = #$00

				879131 A5 35       LDA $35       [000E9D] A:FF20 X:0006 Y:0002 S:012A D:0E68 DB:86 nvMXdizc V:251 H:262 F:29
				879133 05 3C       ORA $3C       [000EA4] A:FF01 X:0006 Y:0002 S:012A D:0E68 DB:86 nvMXdizc V:251 H:269 F:29
				879135 0D 32 0C    ORA $0C32     [860C32] A:FF01 X:0006 Y:0002 S:012A D:0E68 DB:86 nvMXdizc V:251 H:275 F:29
				879138 0D 0C 1F    ORA $1F0C     [861F0C] A:FF09 X:0006 Y:0002 S:012A D:0E68 DB:86 nvMXdizc V:251 H:282 F:29
				87913B D0 30       BNE $0030     [87916D] A:FF09 X:0006 Y:0002 S:012A D:0E68 DB:86 nvMXdizc V:251 H:288 F:29
				87916D A9 00       LDA #$00               A:FF09 X:0006 Y:0002 S:012A D:0E68 DB:86 nvMXdizc V:251 H:293 F:29
				87916F 60          RTS                    A:FF00 X:0006 Y:0002 S:012A D:0E68 DB:86 nvMXdiZc V:251 H:296 F:29

			87911E F0 08       BEQ $0008     [879128] A:FF00 X:0006 Y:0002 S:012C D:0E68 DB:86 nvMXdiZc V:251 H:306 F:29
			879128 60          RTS                    A:FF00 X:0006 Y:0002 S:012C D:0E68 DB:86 nvMXdiZc V:251 H:310 F:29

		878C23 A5 37       LDA $37       [000E9F] A:FF00 X:0006 Y:0002 S:012E D:0E68 DB:86 nvMXdiZc V:251 H:320 F:29
		878C25 F0 12       BEQ $0012     [878C39] A:FF01 X:0006 Y:0002 S:012E D:0E68 DB:86 nvMXdizc V:251 H:326 F:29		Branch if E-GrabBoom = #$00
		878C27 64 37       STZ $37       [000E9F] A:FF01 X:0006 Y:0002 S:012E D:0E68 DB:86 nvMXdizc V:251 H:329 F:29		E-GrabBoom = #$00
		878C29 64 35       STZ $35       [000E9D] A:FF01 X:0006 Y:0002 S:012E D:0E68 DB:86 nvMXdizc V:251 H:335 F:29		E-BoomOut = #$00
		878C2B A5 13       LDA $13       [000E7B] A:FF01 X:0006 Y:0002 S:012E D:0E68 DB:86 nvMXdizc V:252 H:  2 F:29
		878C2D 48          PHA                    A:FF06 X:0006 Y:0002 S:012E D:0E68 DB:86 nvMXdizc V:252 H:  8 F:29		Push CDSkel
		878C2E A5 0F       LDA $0F       [000E77] A:FF06 X:0006 Y:0002 S:012D D:0E68 DB:86 nvMXdizc V:252 H: 13 F:29
		878C30 29 7F       AND #$7F               A:FF00 X:0006 Y:0002 S:012D D:0E68 DB:86 nvMXdiZc V:252 H: 20 F:29		A = SkelAction AND #$7F
		878C32 22 07 8F 84 JSL $848F07   [848F07] A:FF00 X:0006 Y:0002 S:012D D:0E68 DB:86 nvMXdiZc V:252 H: 23 F:29		JSL $848F07 --> Skeleton Load (SkelPoint = #$75, A=SkelAction=#$00)

			848F07 08          PHP                    A:FF00 X:0006 Y:0002 S:012A D:0E68 DB:86 nvMXdiZc V:252 H: 36 F:29
			848F08 8B          PHB                    A:FF00 X:0006 Y:0002 S:0129 D:0E68 DB:86 nvMXdiZc V:252 H: 41 F:29
			848F09 C2 30       REP #$30               A:FF00 X:0006 Y:0002 S:0128 D:0E68 DB:86 nvMXdiZc V:252 H: 46 F:29
			848F0B 8D 0E 00    STA $000E     [86000E] A:FF00 X:0006 Y:0002 S:0128 D:0E68 DB:86 nvmxdiZc V:252 H: 51 F:29
			848F0E A5 16       LDA $16       [000E7E] A:FF00 X:0006 Y:0002 S:0128 D:0E68 DB:86 nvmxdiZc V:252 H: 59 F:29
			848F10 29 FF 00    AND #$00FF             A:A075 X:0006 Y:0002 S:0128 D:0E68 DB:86 Nvmxdizc V:252 H: 68 F:29
			848F13 8D 0C 00    STA $000C     [86000C] A:0075 X:0006 Y:0002 S:0128 D:0E68 DB:86 nvmxdizc V:252 H: 72 F:29
			848F16 0A          ASL A                  A:0075 X:0006 Y:0002 S:0128 D:0E68 DB:86 nvmxdizc V:252 H: 81 F:29
			848F17 18          CLC                    A:00EA X:0006 Y:0002 S:0128 D:0E68 DB:86 nvmxdizc V:252 H: 84 F:29
			848F18 6D 0C 00    ADC $000C     [86000C] A:00EA X:0006 Y:0002 S:0128 D:0E68 DB:86 nvmxdizc V:252 H: 87 F:29
			848F1B AA          TAX                    A:015F X:0006 Y:0002 S:0128 D:0E68 DB:86 nvmxdizc V:252 H: 95 F:29
			848F1C BF 00 A0 AF LDA $AFA000,X [AFA15F] A:015F X:015F Y:0002 S:0128 D:0E68 DB:86 nvmxdizc V:252 H: 98 F:29
			848F20 85 14       STA $14       [000E7C] A:D367 X:015F Y:0002 S:0128 D:0E68 DB:86 Nvmxdizc V:252 H:107 F:29
			848F22 E2 20       SEP #$20               A:D367 X:015F Y:0002 S:0128 D:0E68 DB:86 Nvmxdizc V:252 H:116 F:29
			848F24 BF 02 A0 AF LDA $AFA002,X [AFA161] A:D367 X:015F Y:0002 S:0128 D:0E68 DB:86 NvMxdizc V:252 H:120 F:29
			848F28 48          PHA                    A:D3AF X:015F Y:0002 S:0128 D:0E68 DB:86 NvMxdizc V:252 H:128 F:29
			848F29 AB          PLB                    A:D3AF X:015F Y:0002 S:0127 D:0E68 DB:86 NvMxdizc V:252 H:133 F:29
			848F2A C2 20       REP #$20               A:D3AF X:015F Y:0002 S:0128 D:0E68 DB:AF NvMxdizc V:252 H:149 F:29
			848F2C AD 0E 00    LDA $000E     [AF000E] A:D3AF X:015F Y:0002 S:0128 D:0E68 DB:AF Nvmxdizc V:252 H:154 F:29
			848F2F 29 FF 00    AND #$00FF             A:FF00 X:015F Y:0002 S:0128 D:0E68 DB:AF Nvmxdizc V:252 H:162 F:29
			848F32 0A          ASL A                  A:0000 X:015F Y:0002 S:0128 D:0E68 DB:AF nvmxdiZc V:252 H:167 F:29
			848F33 A8          TAY                    A:0000 X:015F Y:0002 S:0128 D:0E68 DB:AF nvmxdiZc V:252 H:170 F:29
			848F34 B1 14       LDA ($14),Y   [AFD367] A:0000 X:015F Y:0000 S:0128 D:0E68 DB:AF nvmxdiZc V:252 H:173 F:29
			848F36 65 14       ADC $14       [000E7C] A:003A X:015F Y:0000 S:0128 D:0E68 DB:AF nvmxdizc V:252 H:186 F:29
			848F38 85 14       STA $14       [000E7C] A:D3A1 X:015F Y:0000 S:0128 D:0E68 DB:AF Nvmxdizc V:252 H:194 F:29
			848F3A E2 30       SEP #$30               A:D3A1 X:015F Y:0000 S:0128 D:0E68 DB:AF Nvmxdizc V:252 H:203 F:29
			848F3C B2 14       LDA ($14)     [AFD3A1] A:D3A1 X:005F Y:0000 S:0128 D:0E68 DB:AF NvMXdizc V:252 H:207 F:29	Skeleton start: [AFD3A1]
			848F3E 85 13       STA $13       [000E7B] A:D30B X:005F Y:0000 S:0128 D:0E68 DB:AF nvMXdizc V:252 H:217 F:29
			848F40 A0 01       LDY #$01               A:D30B X:005F Y:0000 S:0128 D:0E68 DB:AF nvMXdizc V:252 H:224 F:29
			848F42 B1 14       LDA ($14),Y   [AFD3A2] A:D30B X:005F Y:0001 S:0128 D:0E68 DB:AF nvMXdizc V:252 H:227 F:29
			848F44 85 0F       STA $0F       [000E77] A:D300 X:005F Y:0001 S:0128 D:0E68 DB:AF nvMXdiZc V:252 H:237 F:29
			848F46 C8          INY                    A:D300 X:005F Y:0001 S:0128 D:0E68 DB:AF nvMXdiZc V:252 H:243 F:29
			848F47 B1 14       LDA ($14),Y   [AFD3A3] A:D300 X:005F Y:0002 S:0128 D:0E68 DB:AF nvMXdizc V:252 H:246 F:29
			848F49 85 17       STA $17       [000E7F] A:D300 X:005F Y:0002 S:0128 D:0E68 DB:AF nvMXdiZc V:252 H:256 F:29
			848F4B A9 80       LDA #$80               A:D300 X:005F Y:0002 S:0128 D:0E68 DB:AF nvMXdiZc V:252 H:263 F:29
			848F4D 04 17       TSB $17       [000E7F] A:D380 X:005F Y:0002 S:0128 D:0E68 DB:AF NvMXdizc V:252 H:266 F:29
			848F4F AB          PLB                    A:D380 X:005F Y:0002 S:0128 D:0E68 DB:AF NvMXdiZc V:252 H:276 F:29
			848F50 28          PLP                    A:D380 X:005F Y:0002 S:0129 D:0E68 DB:86 NvMXdizc V:252 H:282 F:29
			848F51 6B          RTL                    A:D380 X:005F Y:0002 S:012A D:0E68 DB:86 nvMXdiZc V:252 H:289 F:29

		878C36 68          PLA                    A:D380 X:005F Y:0002 S:012D D:0E68 DB:86 nvMXdiZc V:252 H:299 F:29		Pull A (Old CDSkel)
		878C37 85 13       STA $13       [000E7B] A:D306 X:005F Y:0002 S:012E D:0E68 DB:86 nvMXdizc V:252 H:306 F:29		CDSkel = A (Old CDSkel)
		878C39 A9 0D       LDA #$0D               A:D306 X:005F Y:0002 S:012E D:0E68 DB:86 nvMXdizc V:252 H:312 F:29		Resume Routine after Action
		878C3B A6 3D       LDX $3D       [000EA5] A:D30D X:005F Y:0002 S:012E D:0E68 DB:86 nvMXdizc V:252 H:315 F:29
		878C3D F0 02       BEQ $0002     [878C41] A:D30D X:0000 Y:0002 S:012E D:0E68 DB:86 nvMXdiZc V:252 H:322 F:29
		878C41 85 28       STA $28       [000E90] A:D30D X:0000 Y:0002 S:012E D:0E68 DB:86 nvMXdiZc V:252 H:326 F:29
		878C43 AD DB 0B    LDA $0BDB     [860BDB] A:D30D X:0000 Y:0002 S:012E D:0E68 DB:86 nvMXdiZc V:252 H:332 F:29
		878C46 C9 02       CMP #$02               A:D300 X:0000 Y:0002 S:012E D:0E68 DB:86 nvMXdiZc V:252 H:338 F:29
		878C48 F0 04       BEQ $0004     [878C4E] A:D300 X:0000 Y:0002 S:012E D:0E68 DB:86 NvMXdizc V:253 H:  1 F:29
		878C4A A5 38       LDA $38       [000EA0] A:D300 X:0000 Y:0002 S:012E D:0E68 DB:86 NvMXdizc V:253 H:  4 F:29
		878C4C D0 4D       BNE $004D     [878C9B] A:D300 X:0000 Y:0002 S:012E D:0E68 DB:86 nvMXdiZc V:253 H: 11 F:29
		878C4E 22 43 9B 84 JSL $849B43   [849B43] A:D300 X:0000 Y:0002 S:012E D:0E68 DB:86 nvMXdiZc V:253 H: 14 F:29

			849B43 C2 10       REP #$10               A:D300 X:0000 Y:0002 S:012B D:0E68 DB:86 nvMXdiZc V:253 H: 27 F:29
			849B45 A5 27       LDA $27       [000E8F] A:D300 X:0000 Y:0002 S:012B D:0E68 DB:86 nvMxdiZc V:253 H: 32 F:29
			849B47 29 7F       AND #$7F               A:D320 X:0000 Y:0002 S:012B D:0E68 DB:86 nvMxdizc V:253 H: 38 F:29
			849B49 85 27       STA $27       [000E8F] A:D320 X:0000 Y:0002 S:012B D:0E68 DB:86 nvMxdizc V:253 H: 41 F:29
			849B4B F0 2C       BEQ $002C     [849B79] A:D320 X:0000 Y:0002 S:012B D:0E68 DB:86 nvMxdizc V:253 H: 48 F:29
			849B4D A5 30       LDA $30       [000E98] A:D320 X:0000 Y:0002 S:012B D:0E68 DB:86 nvMxdizc V:253 H: 51 F:29
			849B4F D0 28       BNE $0028     [849B79] A:D300 X:0000 Y:0002 S:012B D:0E68 DB:86 nvMxdiZc V:253 H: 57 F:29
			849B51 A5 0E       LDA $0E       [000E76] A:D300 X:0000 Y:0002 S:012B D:0E68 DB:86 nvMxdiZc V:253 H: 60 F:29
			849B53 F0 24       BEQ $0024     [849B79] A:D301 X:0000 Y:0002 S:012B D:0E68 DB:86 nvMxdizc V:253 H: 67 F:29
			849B55 A2 28 12    LDX #$1228             A:D301 X:0000 Y:0002 S:012B D:0E68 DB:86 nvMxdizc V:253 H: 70 F:29
			849B58 E2 20       SEP #$20               A:D301 X:1228 Y:0002 S:012B D:0E68 DB:86 nvMxdizc V:253 H: 74 F:29
			849B5A BD 00 00    LDA $0000,X   [861228] A:D301 X:1228 Y:0002 S:012B D:0E68 DB:86 nvMxdizc V:253 H: 79 F:29
			849B5D F0 0E       BEQ $000E     [849B6D] A:D300 X:1228 Y:0002 S:012B D:0E68 DB:86 nvMxdiZc V:253 H: 87 F:29
			849B6D C2 21       REP #$21               A:D300 X:1228 Y:0002 S:012B D:0E68 DB:86 nvMxdiZc V:253 H: 91 F:29
			849B6F 8A          TXA                    A:D300 X:1228 Y:0002 S:012B D:0E68 DB:86 nvmxdiZc V:253 H: 96 F:29
			849B70 69 40 00    ADC #$0040             A:1228 X:1228 Y:0002 S:012B D:0E68 DB:86 nvmxdizc V:253 H: 99 F:29
			849B73 AA          TAX                    A:1268 X:1228 Y:0002 S:012B D:0E68 DB:86 nvmxdizc V:253 H:103 F:29
			849B74 C9 28 14    CMP #$1428             A:1268 X:1268 Y:0002 S:012B D:0E68 DB:86 nvmxdizc V:253 H:106 F:29
			849B77 90 DF       BCC $00DF     [849B58] A:1268 X:1268 Y:0002 S:012B D:0E68 DB:86 Nvmxdizc V:253 H:111 F:29
			849B58 E2 20       SEP #$20               A:1268 X:1268 Y:0002 S:012B D:0E68 DB:86 Nvmxdizc V:253 H:115 F:29
			849B5A BD 00 00    LDA $0000,X   [861268] A:1268 X:1268 Y:0002 S:012B D:0E68 DB:86 NvMxdizc V:253 H:120 F:29
			849B5D F0 0E       BEQ $000E     [849B6D] A:1200 X:1268 Y:0002 S:012B D:0E68 DB:86 nvMxdiZc V:253 H:128 F:29
			849B6D C2 21       REP #$21               A:1200 X:1268 Y:0002 S:012B D:0E68 DB:86 nvMxdiZc V:253 H:132 F:29
			849B6F 8A          TXA                    A:1200 X:1268 Y:0002 S:012B D:0E68 DB:86 nvmxdiZc V:253 H:147 F:29
			849B70 69 40 00    ADC #$0040             A:1268 X:1268 Y:0002 S:012B D:0E68 DB:86 nvmxdizc V:253 H:150 F:29
			849B73 AA          TAX                    A:12A8 X:1268 Y:0002 S:012B D:0E68 DB:86 nvmxdizc V:253 H:154 F:29
			849B74 C9 28 14    CMP #$1428             A:12A8 X:12A8 Y:0002 S:012B D:0E68 DB:86 nvmxdizc V:253 H:157 F:29
			849B77 90 DF       BCC $00DF     [849B58] A:12A8 X:12A8 Y:0002 S:012B D:0E68 DB:86 Nvmxdizc V:253 H:162 F:29
			849B58 E2 20       SEP #$20               A:12A8 X:12A8 Y:0002 S:012B D:0E68 DB:86 Nvmxdizc V:253 H:166 F:29
			849B5A BD 00 00    LDA $0000,X   [8612A8] A:12A8 X:12A8 Y:0002 S:012B D:0E68 DB:86 NvMxdizc V:253 H:171 F:29
			849B5D F0 0E       BEQ $000E     [849B6D] A:1200 X:12A8 Y:0002 S:012B D:0E68 DB:86 nvMxdiZc V:253 H:179 F:29
			849B6D C2 21       REP #$21               A:1200 X:12A8 Y:0002 S:012B D:0E68 DB:86 nvMxdiZc V:253 H:183 F:29
			849B6F 8A          TXA                    A:1200 X:12A8 Y:0002 S:012B D:0E68 DB:86 nvmxdiZc V:253 H:188 F:29
			849B70 69 40 00    ADC #$0040             A:12A8 X:12A8 Y:0002 S:012B D:0E68 DB:86 nvmxdizc V:253 H:191 F:29
			849B73 AA          TAX                    A:12E8 X:12A8 Y:0002 S:012B D:0E68 DB:86 nvmxdizc V:253 H:195 F:29
			849B74 C9 28 14    CMP #$1428             A:12E8 X:12E8 Y:0002 S:012B D:0E68 DB:86 nvmxdizc V:253 H:198 F:29
			849B77 90 DF       BCC $00DF     [849B58] A:12E8 X:12E8 Y:0002 S:012B D:0E68 DB:86 Nvmxdizc V:253 H:203 F:29
			849B58 E2 20       SEP #$20               A:12E8 X:12E8 Y:0002 S:012B D:0E68 DB:86 Nvmxdizc V:253 H:207 F:29
			849B5A BD 00 00    LDA $0000,X   [8612E8] A:12E8 X:12E8 Y:0002 S:012B D:0E68 DB:86 NvMxdizc V:253 H:212 F:29
			849B5D F0 0E       BEQ $000E     [849B6D] A:1200 X:12E8 Y:0002 S:012B D:0E68 DB:86 nvMxdiZc V:253 H:220 F:29
			849B6D C2 21       REP #$21               A:1200 X:12E8 Y:0002 S:012B D:0E68 DB:86 nvMxdiZc V:253 H:224 F:29
			849B6F 8A          TXA                    A:1200 X:12E8 Y:0002 S:012B D:0E68 DB:86 nvmxdiZc V:253 H:229 F:29
			849B70 69 40 00    ADC #$0040             A:12E8 X:12E8 Y:0002 S:012B D:0E68 DB:86 nvmxdizc V:253 H:232 F:29
			849B73 AA          TAX                    A:1328 X:12E8 Y:0002 S:012B D:0E68 DB:86 nvmxdizc V:253 H:236 F:29
			849B74 C9 28 14    CMP #$1428             A:1328 X:1328 Y:0002 S:012B D:0E68 DB:86 nvmxdizc V:253 H:239 F:29
			849B77 90 DF       BCC $00DF     [849B58] A:1328 X:1328 Y:0002 S:012B D:0E68 DB:86 Nvmxdizc V:253 H:244 F:29
			849B58 E2 20       SEP #$20               A:1328 X:1328 Y:0002 S:012B D:0E68 DB:86 Nvmxdizc V:253 H:248 F:29
			849B5A BD 00 00    LDA $0000,X   [861328] A:1328 X:1328 Y:0002 S:012B D:0E68 DB:86 NvMxdizc V:253 H:253 F:29
			849B5D F0 0E       BEQ $000E     [849B6D] A:1300 X:1328 Y:0002 S:012B D:0E68 DB:86 nvMxdiZc V:253 H:261 F:29
			849B6D C2 21       REP #$21               A:1300 X:1328 Y:0002 S:012B D:0E68 DB:86 nvMxdiZc V:253 H:265 F:29
			849B6F 8A          TXA                    A:1300 X:1328 Y:0002 S:012B D:0E68 DB:86 nvmxdiZc V:253 H:270 F:29
			849B70 69 40 00    ADC #$0040             A:1328 X:1328 Y:0002 S:012B D:0E68 DB:86 nvmxdizc V:253 H:273 F:29
			849B73 AA          TAX                    A:1368 X:1328 Y:0002 S:012B D:0E68 DB:86 nvmxdizc V:253 H:277 F:29
			849B74 C9 28 14    CMP #$1428             A:1368 X:1368 Y:0002 S:012B D:0E68 DB:86 nvmxdizc V:253 H:280 F:29
			849B77 90 DF       BCC $00DF     [849B58] A:1368 X:1368 Y:0002 S:012B D:0E68 DB:86 Nvmxdizc V:253 H:285 F:29
			849B58 E2 20       SEP #$20               A:1368 X:1368 Y:0002 S:012B D:0E68 DB:86 Nvmxdizc V:253 H:289 F:29
			849B5A BD 00 00    LDA $0000,X   [861368] A:1368 X:1368 Y:0002 S:012B D:0E68 DB:86 NvMxdizc V:253 H:294 F:29
			849B5D F0 0E       BEQ $000E     [849B6D] A:1300 X:1368 Y:0002 S:012B D:0E68 DB:86 nvMxdiZc V:253 H:302 F:29
			849B6D C2 21       REP #$21               A:1300 X:1368 Y:0002 S:012B D:0E68 DB:86 nvMxdiZc V:253 H:306 F:29
			849B6F 8A          TXA                    A:1300 X:1368 Y:0002 S:012B D:0E68 DB:86 nvmxdiZc V:253 H:311 F:29
			849B70 69 40 00    ADC #$0040             A:1368 X:1368 Y:0002 S:012B D:0E68 DB:86 nvmxdizc V:253 H:314 F:29
			849B73 AA          TAX                    A:13A8 X:1368 Y:0002 S:012B D:0E68 DB:86 nvmxdizc V:253 H:318 F:29
			849B74 C9 28 14    CMP #$1428             A:13A8 X:13A8 Y:0002 S:012B D:0E68 DB:86 nvmxdizc V:253 H:321 F:29
			849B77 90 DF       BCC $00DF     [849B58] A:13A8 X:13A8 Y:0002 S:012B D:0E68 DB:86 Nvmxdizc V:253 H:325 F:29
			849B58 E2 20       SEP #$20               A:13A8 X:13A8 Y:0002 S:012B D:0E68 DB:86 Nvmxdizc V:253 H:329 F:29
			849B5A BD 00 00    LDA $0000,X   [8613A8] A:13A8 X:13A8 Y:0002 S:012B D:0E68 DB:86 NvMxdizc V:253 H:334 F:29
			849B5D F0 0E       BEQ $000E     [849B6D] A:1300 X:13A8 Y:0002 S:012B D:0E68 DB:86 nvMxdiZc V:254 H:  2 F:29
			849B6D C2 21       REP #$21               A:1300 X:13A8 Y:0002 S:012B D:0E68 DB:86 nvMxdiZc V:254 H:  6 F:29
			849B6F 8A          TXA                    A:1300 X:13A8 Y:0002 S:012B D:0E68 DB:86 nvmxdiZc V:254 H: 11 F:29
			849B70 69 40 00    ADC #$0040             A:13A8 X:13A8 Y:0002 S:012B D:0E68 DB:86 nvmxdizc V:254 H: 14 F:29
			849B73 AA          TAX                    A:13E8 X:13A8 Y:0002 S:012B D:0E68 DB:86 nvmxdizc V:254 H: 18 F:29
			849B74 C9 28 14    CMP #$1428             A:13E8 X:13E8 Y:0002 S:012B D:0E68 DB:86 nvmxdizc V:254 H: 21 F:29
			849B77 90 DF       BCC $00DF     [849B58] A:13E8 X:13E8 Y:0002 S:012B D:0E68 DB:86 Nvmxdizc V:254 H: 26 F:29
			849B58 E2 20       SEP #$20               A:13E8 X:13E8 Y:0002 S:012B D:0E68 DB:86 Nvmxdizc V:254 H: 30 F:29
			849B5A BD 00 00    LDA $0000,X   [8613E8] A:13E8 X:13E8 Y:0002 S:012B D:0E68 DB:86 NvMxdizc V:254 H: 35 F:29
			849B5D F0 0E       BEQ $000E     [849B6D] A:1300 X:13E8 Y:0002 S:012B D:0E68 DB:86 nvMxdiZc V:254 H: 43 F:29
			849B6D C2 21       REP #$21               A:1300 X:13E8 Y:0002 S:012B D:0E68 DB:86 nvMxdiZc V:254 H: 47 F:29
			849B6F 8A          TXA                    A:1300 X:13E8 Y:0002 S:012B D:0E68 DB:86 nvmxdiZc V:254 H: 52 F:29
			849B70 69 40 00    ADC #$0040             A:13E8 X:13E8 Y:0002 S:012B D:0E68 DB:86 nvmxdizc V:254 H: 55 F:29
			849B73 AA          TAX                    A:1428 X:13E8 Y:0002 S:012B D:0E68 DB:86 nvmxdizc V:254 H: 59 F:29
			849B74 C9 28 14    CMP #$1428             A:1428 X:1428 Y:0002 S:012B D:0E68 DB:86 nvmxdizc V:254 H: 62 F:29
			849B77 90 DF       BCC $00DF     [849B58] A:1428 X:1428 Y:0002 S:012B D:0E68 DB:86 nvmxdiZC V:254 H: 67 F:29
			849B79 E2 30       SEP #$30               A:1428 X:1428 Y:0002 S:012B D:0E68 DB:86 nvmxdiZC V:254 H: 70 F:29
			849B7B A9 00       LDA #$00               A:1428 X:0028 Y:0002 S:012B D:0E68 DB:86 nvMXdiZC V:254 H: 74 F:29
			849B7D 6B          RTL                    A:1400 X:0028 Y:0002 S:012B D:0E68 DB:86 nvMXdiZC V:254 H: 77 F:29

		878C52 F0 47       BEQ $0047     [878C9B] A:1400 X:0028 Y:0002 S:012E D:0E68 DB:86 nvMXdiZC V:254 H: 88 F:29
		878C9B A5 3D       LDA $3D       [000EA5] A:1400 X:0028 Y:0002 S:012E D:0E68 DB:86 nvMXdiZC V:254 H: 92 F:29
		878C9D F0 0B       BEQ $000B     [878CAA] A:1400 X:0028 Y:0002 S:012E D:0E68 DB:86 nvMXdiZC V:254 H: 99 F:29
		878CAA A5 27       LDA $27       [000E8F] A:1400 X:0028 Y:0002 S:012E D:0E68 DB:86 nvMXdiZC V:254 H:103 F:29
		878CAC 29 7F       AND #$7F               A:1420 X:0028 Y:0002 S:012E D:0E68 DB:86 nvMXdizC V:254 H:110 F:29
		878CAE D0 19       BNE $0019     [878CC9] A:1420 X:0028 Y:0002 S:012E D:0E68 DB:86 nvMXdizC V:254 H:113 F:29
		878CC9 A5 38       LDA $38       [000EA0] A:1420 X:0028 Y:0002 S:012E D:0E68 DB:86 nvMXdizC V:254 H:117 F:29
		878CCB D0 13       BNE $0013     [878CE0] A:1400 X:0028 Y:0002 S:012E D:0E68 DB:86 nvMXdiZC V:254 H:124 F:29
		878CCD A5 39       LDA $39       [000EA1] A:1400 X:0028 Y:0002 S:012E D:0E68 DB:86 nvMXdiZC V:254 H:127 F:29
		878CCF D0 0F       BNE $000F     [878CE0] A:1400 X:0028 Y:0002 S:012E D:0E68 DB:86 nvMXdiZC V:254 H:143 F:29
		878CD1 22 03 9B 84 JSL $849B03   [849B03] A:1400 X:0028 Y:0002 S:012E D:0E68 DB:86 nvMXdiZC V:254 H:146 F:29

			849B03 C2 10       REP #$10               A:1400 X:0028 Y:0002 S:012B D:0E68 DB:86 nvMXdiZC V:254 H:160 F:29
			849B05 A5 27       LDA $27       [000E8F] A:1400 X:0028 Y:0002 S:012B D:0E68 DB:86 nvMxdiZC V:254 H:164 F:29
			849B07 F0 70       BEQ $0070     [849B79] A:1420 X:0028 Y:0002 S:012B D:0E68 DB:86 nvMxdizC V:254 H:171 F:29
			849B09 A5 0E       LDA $0E       [000E76] A:1420 X:0028 Y:0002 S:012B D:0E68 DB:86 nvMxdizC V:254 H:174 F:29
			849B0B F0 31       BEQ $0031     [849B3E] A:1401 X:0028 Y:0002 S:012B D:0E68 DB:86 nvMxdizC V:254 H:180 F:29
			849B0D AD 0C 1F    LDA $1F0C     [861F0C] A:1401 X:0028 Y:0002 S:012B D:0E68 DB:86 nvMxdizC V:254 H:183 F:29
			849B10 D0 2C       BNE $002C     [849B3E] A:1400 X:0028 Y:0002 S:012B D:0E68 DB:86 nvMxdiZC V:254 H:190 F:29
			849B12 AD 32 0C    LDA $0C32     [860C32] A:1400 X:0028 Y:0002 S:012B D:0E68 DB:86 nvMxdiZC V:254 H:193 F:29
			849B15 D0 11       BNE $0011     [849B28] A:1408 X:0028 Y:0002 S:012B D:0E68 DB:86 nvMxdizC V:254 H:199 F:29
			849B28 AD 18 0E    LDA $0E18     [860E18] A:1408 X:0028 Y:0002 S:012B D:0E68 DB:86 nvMxdizC V:254 H:204 F:29
			849B2B F0 11       BEQ $0011     [849B3E] A:1400 X:0028 Y:0002 S:012B D:0E68 DB:86 nvMxdiZC V:254 H:210 F:29
			849B3E E2 10       SEP #$10               A:1400 X:0028 Y:0002 S:012B D:0E68 DB:86 nvMxdiZC V:254 H:215 F:29
			849B40 A9 00       LDA #$00               A:1400 X:0028 Y:0002 S:012B D:0E68 DB:86 nvMXdiZC V:254 H:219 F:29
			849B42 6B          RTL                    A:1400 X:0028 Y:0002 S:012B D:0E68 DB:86 nvMXdiZC V:254 H:222 F:29

		878CD5 AD CF 0B    LDA $0BCF     [860BCF] A:1400 X:0028 Y:0002 S:012E D:0E68 DB:86 nvMXdiZC V:254 H:233 F:29
		878CD8 29 7F       AND #$7F               A:1420 X:0028 Y:0002 S:012E D:0E68 DB:86 nvMXdizC V:254 H:239 F:29
		878CDA D0 04       BNE $0004     [878CE0] A:1420 X:0028 Y:0002 S:012E D:0E68 DB:86 nvMXdizC V:254 H:242 F:29
		878CE0 20 70 91    JSR $9170     [879170] A:1420 X:0028 Y:0002 S:012E D:0E68 DB:86 nvMXdizC V:254 H:247 F:29

			879170 A5 3C       LDA $3C       [000EA4] A:1420 X:0028 Y:0002 S:012C D:0E68 DB:86 nvMXdizC V:254 H:257 F:29
			879172 10 32       BPL $0032     [8791A6] A:1400 X:0028 Y:0002 S:012C D:0E68 DB:86 nvMXdiZC V:254 H:263 F:29
			8791A6 60          RTS                    A:1400 X:0028 Y:0002 S:012C D:0E68 DB:86 nvMXdiZC V:254 H:268 F:29

		878CE3 A5 39       LDA $39       [000EA1] A:1400 X:0028 Y:0002 S:012E D:0E68 DB:86 nvMXdiZC V:254 H:278 F:29
		878CE5 F0 07       BEQ $0007     [878CEE] A:1400 X:0028 Y:0002 S:012E D:0E68 DB:86 nvMXdiZC V:254 H:284 F:29
		878CEE 5C B4 80 82 JML $8280B4   [8280B4] A:1400 X:0028 Y:0002 S:012E D:0E68 DB:86 nvMXdiZC V:254 H:289 F:29

		8280B4 C2 20       REP #$20               A:1400 X:0028 Y:0002 S:012E D:0E68 DB:86 nvMXdiZC V:254 H:295 F:29
		8280B6 38          SEC                    A:1400 X:0028 Y:0002 S:012E D:0E68 DB:86 nvmXdiZC V:254 H:299 F:29
		8280B7 A5 05       LDA $05       [000E6D] A:1400 X:0028 Y:0002 S:012E D:0E68 DB:86 nvmXdiZC V:254 H:302 F:29
		8280B9 ED 4D 1E    SBC $1E4D     [861E4D] A:0770 X:0028 Y:0002 S:012E D:0E68 DB:86 nvmXdizC V:254 H:311 F:29
		8280BC 18          CLC                    A:0070 X:0028 Y:0002 S:012E D:0E68 DB:86 nvmXdizC V:254 H:319 F:29
		8280BD 69 20 00    ADC #$0020             A:0070 X:0028 Y:0002 S:012E D:0E68 DB:86 nvmXdizc V:254 H:322 F:29
		8280C0 C9 40 01    CMP #$0140             A:0090 X:0028 Y:0002 S:012E D:0E68 DB:86 nvmXdizc V:254 H:326 F:29
		8280C3 B0 0F       BCS $000F     [8280D4] A:0090 X:0028 Y:0002 S:012E D:0E68 DB:86 NvmXdizc V:254 H:330 F:29
		8280C5 38          SEC                    A:0090 X:0028 Y:0002 S:012E D:0E68 DB:86 NvmXdizc V:254 H:333 F:29
		8280C6 A5 08       LDA $08       [000E70] A:0090 X:0028 Y:0002 S:012E D:0E68 DB:86 NvmXdizC V:254 H:336 F:29
		8280C8 ED 50 1E    SBC $1E50     [861E50] A:00A8 X:0028 Y:0002 S:012E D:0E68 DB:86 nvmXdizC V:255 H:  5 F:29
		8280CB 18          CLC                    A:00A8 X:0028 Y:0002 S:012E D:0E68 DB:86 nvmXdizC V:255 H: 13 F:29
		8280CC 69 10 00    ADC #$0010             A:00A8 X:0028 Y:0002 S:012E D:0E68 DB:86 nvmXdizc V:255 H: 16 F:29
		8280CF C9 00 01    CMP #$0100             A:00B8 X:0028 Y:0002 S:012E D:0E68 DB:86 nvmXdizc V:255 H: 21 F:29
		8280D2 90 05       BCC $0005     [8280D9] A:00B8 X:0028 Y:0002 S:012E D:0E68 DB:86 NvmXdizc V:255 H: 25 F:29
		8280D9 E2 20       SEP #$20               A:00B8 X:0028 Y:0002 S:012E D:0E68 DB:86 NvmXdizc V:255 H: 30 F:29
		8280DB A9 81       LDA #$81               A:00B8 X:0028 Y:0002 S:012E D:0E68 DB:86 NvMXdizc V:255 H: 34 F:29
		8280DD 85 0E       STA $0E       [000E76] A:0081 X:0028 Y:0002 S:012E D:0E68 DB:86 NvMXdizc V:255 H: 37 F:29
		8280DF E2 30       SEP #$30               A:0081 X:0028 Y:0002 S:012E D:0E68 DB:86 NvMXdizc V:255 H: 44 F:29
		8280E1 A6 12       LDX $12       [000E7A] A:0081 X:0028 Y:0002 S:012E D:0E68 DB:86 NvMXdizc V:255 H: 48 F:29
		8280E3 10 02       BPL $0002     [8280E7] A:0081 X:0002 Y:0002 S:012E D:0E68 DB:86 nvMXdizc V:255 H: 55 F:29
		8280E7 7C EA 80    JMP ($80EA,X) [8280EC] A:0081 X:0002 Y:0002 S:012E D:0E68 DB:86 nvMXdizc V:255 H: 59 F:29

		828120 AD E9 00    LDA $00E9     [8600E9] A:0081 X:0002 Y:0002 S:012E D:0E68 DB:86 nvMXdizc V:255 H: 68 F:29
		828123 C9 20       CMP #$20               A:0000 X:0002 Y:0002 S:012E D:0E68 DB:86 nvMXdiZc V:255 H: 75 F:29
		828125 B0 0D       BCS $000D     [828134] A:0000 X:0002 Y:0002 S:012E D:0E68 DB:86 NvMXdizc V:255 H: 78 F:29
		828127 0A          ASL A                  A:0000 X:0002 Y:0002 S:012E D:0E68 DB:86 NvMXdizc V:255 H: 81 F:29
		828128 AA          TAX                    A:0000 X:0002 Y:0002 S:012E D:0E68 DB:86 nvMXdiZc V:255 H: 84 F:29
		828129 C2 20       REP #$20               A:0000 X:0000 Y:0002 S:012E D:0E68 DB:86 nvMXdiZc V:255 H: 87 F:29
		82812B 7B          TDC                    A:0000 X:0000 Y:0002 S:012E D:0E68 DB:86 nvmXdiZc V:255 H: 91 F:29
		82812C 9D A0 09    STA $09A0,X   [8609A0] A:0E68 X:0000 Y:0002 S:012E D:0E68 DB:86 nvmXdizc V:255 H: 94 F:29
		82812F E2 20       SEP #$20               A:0E68 X:0000 Y:0002 S:012E D:0E68 DB:86 nvmXdizc V:255 H:104 F:29
		828131 EE E9 00    INC $00E9     [8600E9] A:0E68 X:0000 Y:0002 S:012E D:0E68 DB:86 nvMXdizc V:255 H:109 F:29
		828134 6B          RTL                    A:0E68 X:0000 Y:0002 S:012E D:0E68 DB:86 nvMXdizc V:255 H:119 F:29

	80F9CE 60          RTS                    A:0E68 X:0000 Y:0002 S:0131 D:0E68 DB:86 nvMXdizc V:255 H:129 F:29

80D4F9 C2 21       REP #$21               A:0E68 X:0000 Y:0002 S:0133 D:0E68 DB:86 nvMXdizc V:255 H:149 F:29
