80D4F6 20 30 D5    JSR $D530     [80D530] A:0E01 X:0000 Y:0027 S:0133 D:0E68 DB:86 nvMXdizC V:251 H: 13 F:26

	80D530 C2 20       REP #$20               A:0E01 X:0000 Y:0027 S:0131 D:0E68 DB:86 nvMXdizC V:251 H: 23 F:26
	80D532 A5 05       LDA $05       [000E6D] A:0E01 X:0000 Y:0027 S:0131 D:0E68 DB:86 nvmXdizC V:251 H: 28 F:26
	80D534 85 22       STA $22       [000E8A] A:07B0 X:0000 Y:0027 S:0131 D:0E68 DB:86 nvmXdizC V:251 H: 36 F:26
	80D536 A5 08       LDA $08       [000E70] A:07B0 X:0000 Y:0027 S:0131 D:0E68 DB:86 nvmXdizC V:251 H: 45 F:26
	80D538 85 24       STA $24       [000E8C] A:00A8 X:0000 Y:0027 S:0131 D:0E68 DB:86 nvmXdizC V:251 H: 53 F:26
	80D53A E2 20       SEP #$20               A:00A8 X:0000 Y:0027 S:0131 D:0E68 DB:86 nvmXdizC V:251 H: 62 F:26
	80D53C A9 80       LDA #$80               A:00A8 X:0000 Y:0027 S:0131 D:0E68 DB:86 nvMXdizC V:251 H: 66 F:26
	80D53E 14 0E       TRB $0E       [000E76] A:0080 X:0000 Y:0027 S:0131 D:0E68 DB:86 NvMXdizC V:251 H: 69 F:26
	80D540 A5 0A       LDA $0A       [000E72] A:0080 X:0000 Y:0027 S:0131 D:0E68 DB:86 NvMXdizC V:251 H: 79 F:26
	80D542 0A          ASL A                  A:0005 X:0000 Y:0027 S:0131 D:0E68 DB:86 nvMXdizC V:251 H: 86 F:26
	80D543 AA          TAX                    A:000A X:0000 Y:0027 S:0131 D:0E68 DB:86 nvMXdizc V:251 H: 89 F:26
	80D544 7C DD F8    JMP ($F8DD,X) [80F8E7] A:000A X:000A Y:0027 S:0131 D:0E68 DB:86 nvMXdizc V:251 H: 92 F:26

	80F9CA 22 7E 8A 87 JSL $878A7E   [878A7E] A:000A X:000A Y:0027 S:0131 D:0E68 DB:86 nvMXdizc V:251 H:101 F:26

		878A7E A6 01       LDX $01       [000E69] A:000A X:000A Y:0027 S:012E D:0E68 DB:86 nvMXdizc V:251 H:114 F:26
		878A80 7C 83 8A    JMP ($8A83,X) [878A87] A:000A X:0004 Y:0027 S:012E D:0E68 DB:86 nvMXdizc V:251 H:121 F:26

		878C1A A5 33       LDA $33       [000E9B] A:000A X:0004 Y:0027 S:012E D:0E68 DB:86 nvMXdizc V:251 H:130 F:26
		878C1C 04 11       TSB $11       [000E79] A:0008 X:0004 Y:0027 S:012E D:0E68 DB:86 nvMXdizc V:251 H:146 F:26
		878C1E A6 02       LDX $02       [000E6A] A:0008 X:0004 Y:0027 S:012E D:0E68 DB:86 nvMXdizc V:251 H:156 F:26
		878C20 FC F2 8C    JSR ($8CF2,X) [878CF4] A:0008 X:0002 Y:0027 S:012E D:0E68 DB:86 nvMXdizc V:251 H:163 F:26

			878DE6 A6 03       LDX $03       [000E6B] A:0008 X:0002 Y:0027 S:012C D:0E68 DB:86 nvMXdizc V:251 H:176 F:26
			878DE8 7C EB 8D    JMP ($8DEB,X) [878DED] A:0008 X:0002 Y:0027 S:012C D:0E68 DB:86 nvMXdizc V:251 H:182 F:26

			878DFF 22 A5 AC 84 JSL $84ACA5   [84ACA5] A:0008 X:0002 Y:0027 S:012C D:0E68 DB:86 nvMXdizc V:251 H:191 F:26		JSL $84ACA5 --> Update Facing (40 bit)

				84ACA5 08          PHP                    A:0008 X:0002 Y:0027 S:0129 D:0E68 DB:86 nvMXdizc V:251 H:205 F:26
				84ACA6 E2 20       SEP #$20               A:0008 X:0002 Y:0027 S:0128 D:0E68 DB:86 nvMXdizc V:251 H:210 F:26
				84ACA8 A9 40       LDA #$40               A:0008 X:0002 Y:0027 S:0128 D:0E68 DB:86 nvMXdizc V:251 H:214 F:26
				84ACAA 14 11       TRB $11       [000E79] A:0040 X:0002 Y:0027 S:0128 D:0E68 DB:86 nvMXdizc V:251 H:217 F:26
				84ACAC C2 20       REP #$20               A:0040 X:0002 Y:0027 S:0128 D:0E68 DB:86 nvMXdiZc V:251 H:227 F:26
				84ACAE AD AD 0B    LDA $0BAD     [860BAD] A:0040 X:0002 Y:0027 S:0128 D:0E68 DB:86 nvmXdiZc V:251 H:232 F:26
				84ACB1 38          SEC                    A:071A X:0002 Y:0027 S:0128 D:0E68 DB:86 nvmXdizc V:251 H:240 F:26
				84ACB2 E5 05       SBC $05       [000E6D] A:071A X:0002 Y:0027 S:0128 D:0E68 DB:86 nvmXdizC V:251 H:243 F:26
				84ACB4 E2 20       SEP #$20               A:FF6A X:0002 Y:0027 S:0128 D:0E68 DB:86 NvmXdizc V:251 H:252 F:26
				84ACB6 A9 00       LDA #$00               A:FF6A X:0002 Y:0027 S:0128 D:0E68 DB:86 NvMXdizc V:251 H:256 F:26
				84ACB8 6A          ROR A                  A:FF00 X:0002 Y:0027 S:0128 D:0E68 DB:86 nvMXdiZc V:251 H:259 F:26
				84ACB9 4A          LSR A                  A:FF00 X:0002 Y:0027 S:0128 D:0E68 DB:86 nvMXdiZc V:251 H:262 F:26
				84ACBA 04 11       TSB $11       [000E79] A:FF00 X:0002 Y:0027 S:0128 D:0E68 DB:86 nvMXdiZc V:251 H:265 F:26
				84ACBC 28          PLP                    A:FF00 X:0002 Y:0027 S:0128 D:0E68 DB:86 nvMXdiZc V:251 H:275 F:26
				84ACBD 6B          RTL                    A:FF00 X:0002 Y:0027 S:0129 D:0E68 DB:86 nvMXdizc V:251 H:282 F:26

			878E03 22 EA 8E 84 JSL $848EEA   [848EEA] A:FF00 X:0002 Y:0027 S:012C D:0E68 DB:86 nvMXdizc V:251 H:292 F:26		JSL $848EEA --> Decrease CDSkel, Continue Skeleton

				848EEA 08          PHP                    A:FF00 X:0002 Y:0027 S:0129 D:0E68 DB:86 nvMXdizc V:251 H:306 F:26
				848EEB 8B          PHB                    A:FF00 X:0002 Y:0027 S:0128 D:0E68 DB:86 nvMXdizc V:251 H:311 F:26
				848EEC E2 30       SEP #$30               A:FF00 X:0002 Y:0027 S:0127 D:0E68 DB:86 nvMXdizc V:251 H:316 F:26
				848EEE C6 13       DEC $13       [000E7B] A:FF00 X:0002 Y:0027 S:0127 D:0E68 DB:86 nvMXdizc V:251 H:320 F:26
				848EF0 D0 5D       BNE $005D     [848F4F] A:FF00 X:0002 Y:0027 S:0127 D:0E68 DB:86 nvMXdiZc V:251 H:329 F:26
				848EF2 A9 AF       LDA #$AF               A:FF00 X:0002 Y:0027 S:0127 D:0E68 DB:86 nvMXdiZc V:251 H:332 F:26
				848EF4 48          PHA                    A:FFAF X:0002 Y:0027 S:0127 D:0E68 DB:86 NvMXdizc V:251 H:335 F:26
				848EF5 AB          PLB                    A:FFAF X:0002 Y:0027 S:0126 D:0E68 DB:86 NvMXdizc V:252 H:  0 F:26
				848EF6 C2 21       REP #$21               A:FFAF X:0002 Y:0027 S:0127 D:0E68 DB:AF NvMXdizc V:252 H:  7 F:26
				848EF8 A5 14       LDA $14       [000E7C] A:FFAF X:0002 Y:0027 S:0127 D:0E68 DB:AF NvmXdizc V:252 H: 11 F:26
				848EFA 69 03 00    ADC #$0003             A:D405 X:0002 Y:0027 S:0127 D:0E68 DB:AF NvmXdizc V:252 H: 20 F:26
				848EFD A4 0F       LDY $0F       [000E77] A:D408 X:0002 Y:0027 S:0127 D:0E68 DB:AF NvmXdizc V:252 H: 24 F:26
				848EFF 10 37       BPL $0037     [848F38] A:D408 X:0002 Y:0000 S:0127 D:0E68 DB:AF nvmXdiZc V:252 H: 31 F:26
				848F38 85 14       STA $14       [000E7C] A:D408 X:0002 Y:0000 S:0127 D:0E68 DB:AF nvmXdiZc V:252 H: 35 F:26
				848F3A E2 30       SEP #$30               A:D408 X:0002 Y:0000 S:0127 D:0E68 DB:AF nvmXdiZc V:252 H: 44 F:26
				848F3C B2 14       LDA ($14)     [AFD408] A:D408 X:0002 Y:0000 S:0127 D:0E68 DB:AF nvMXdiZc V:252 H: 48 F:26
				848F3E 85 13       STA $13       [000E7B] A:D410 X:0002 Y:0000 S:0127 D:0E68 DB:AF nvMXdizc V:252 H: 58 F:26
				848F40 A0 01       LDY #$01               A:D410 X:0002 Y:0000 S:0127 D:0E68 DB:AF nvMXdizc V:252 H: 65 F:26
				848F42 B1 14       LDA ($14),Y   [AFD409] A:D410 X:0002 Y:0001 S:0127 D:0E68 DB:AF nvMXdizc V:252 H: 68 F:26
				848F44 85 0F       STA $0F       [000E77] A:D480 X:0002 Y:0001 S:0127 D:0E68 DB:AF NvMXdizc V:252 H: 78 F:26
				848F46 C8          INY                    A:D480 X:0002 Y:0001 S:0127 D:0E68 DB:AF NvMXdizc V:252 H: 84 F:26
				848F47 B1 14       LDA ($14),Y   [AFD40A] A:D480 X:0002 Y:0002 S:0127 D:0E68 DB:AF nvMXdizc V:252 H: 87 F:26
				848F49 85 17       STA $17       [000E7F] A:D40B X:0002 Y:0002 S:0127 D:0E68 DB:AF nvMXdizc V:252 H: 97 F:26
				848F4B A9 80       LDA #$80               A:D40B X:0002 Y:0002 S:0127 D:0E68 DB:AF nvMXdizc V:252 H:104 F:26
				848F4D 04 17       TSB $17       [000E7F] A:D480 X:0002 Y:0002 S:0127 D:0E68 DB:AF NvMXdizc V:252 H:107 F:26
				848F4F AB          PLB                    A:D480 X:0002 Y:0002 S:0127 D:0E68 DB:AF NvMXdiZc V:252 H:117 F:26
				848F50 28          PLP                    A:D480 X:0002 Y:0002 S:0128 D:0E68 DB:86 NvMXdizc V:252 H:123 F:26
				848F51 6B          RTL                    A:D480 X:0002 Y:0002 S:0129 D:0E68 DB:86 nvMXdizc V:252 H:130 F:26

			878E07 A5 17       LDA $17       [000E7F] A:D480 X:0002 Y:0002 S:012C D:0E68 DB:86 nvMXdizc V:252 H:150 F:26
			878E09 10 41       BPL $0041     [878E4C] A:D48B X:0002 Y:0002 S:012C D:0E68 DB:86 NvMXdizc V:252 H:157 F:26
			878E0B 29 7F       AND #$7F               A:D48B X:0002 Y:0002 S:012C D:0E68 DB:86 NvMXdizc V:252 H:160 F:26
			878E0D 85 17       STA $17       [000E7F] A:D40B X:0002 Y:0002 S:012C D:0E68 DB:86 nvMXdizc V:252 H:163 F:26
			878E0F A5 0F       LDA $0F       [000E77] A:D40B X:0002 Y:0002 S:012C D:0E68 DB:86 nvMXdizc V:252 H:169 F:26
			878E11 29 7F       AND #$7F               A:D480 X:0002 Y:0002 S:012C D:0E68 DB:86 NvMXdizc V:252 H:176 F:26
			878E13 F0 26       BEQ $0026     [878E3B] A:D400 X:0002 Y:0002 S:012C D:0E68 DB:86 nvMXdiZc V:252 H:179 F:26		Branch because SkelAction AND #$7F = #$00
			878E3B A5 0F       LDA $0F       [000E77] A:D400 X:0002 Y:0002 S:012C D:0E68 DB:86 nvMXdiZc V:252 H:183 F:26
			878E3D 10 0D       BPL $000D     [878E4C] A:D480 X:0002 Y:0002 S:012C D:0E68 DB:86 NvMXdizc V:252 H:190 F:26		Branch if SkelAction is positive
			878E3F A9 04       LDA #$04               A:D480 X:0002 Y:0002 S:012C D:0E68 DB:86 NvMXdizc V:252 H:193 F:26
			878E41 85 03       STA $03       [000E6B] A:D404 X:0002 Y:0002 S:012C D:0E68 DB:86 nvMXdizc V:252 H:196 F:26		Subaction = #$04
			878E43 A9 00       LDA #$00               A:D404 X:0002 Y:0002 S:012C D:0E68 DB:86 nvMXdizc V:252 H:202 F:26		A = a = #$00
			878E45 20 B1 90    JSR $90B1     [8790B1] A:D400 X:0002 Y:0002 S:012C D:0E68 DB:86 nvMXdiZc V:252 H:205 F:26		JSR $8790B1 --> Boomer Kuwanger Custom Skeleton Load

				8790B1 A6 35       LDX $35       [000E9D] A:D400 X:0002 Y:0002 S:012A D:0E68 DB:86 nvMXdiZc V:252 H:215 F:26
				8790B3 F0 03       BEQ $0003     [8790B8] A:D400 X:0001 Y:0002 S:012A D:0E68 DB:86 nvMXdizc V:252 H:222 F:26	Branch if E-BoomOut = #$00
				8790B5 18          CLC                    A:D400 X:0001 Y:0002 S:012A D:0E68 DB:86 nvMXdizc V:252 H:225 F:26
				8790B6 69 07       ADC #$07               A:D400 X:0001 Y:0002 S:012A D:0E68 DB:86 nvMXdizc V:252 H:228 F:26
				8790B8 AA          TAX                    A:D407 X:0001 Y:0002 S:012A D:0E68 DB:86 nvMXdizc V:252 H:231 F:26
				8790B9 BD 97 C5    LDA $C597,X   [86C59E] A:D407 X:0007 Y:0002 S:012A D:0E68 DB:86 nvMXdizc V:252 H:234 F:26	A = [$86C597,(a + #$07)] = [$86C59E] = #$19
				8790BC 22 07 8F 84 JSL $848F07   [848F07] A:D419 X:0007 Y:0002 S:012A D:0E68 DB:86 nvMXdizc V:252 H:240 F:26	JSL $848F07 --> Skeleton Load (SkelPoint = #$75, A=#$19)

					848F07 08          PHP                    A:D419 X:0007 Y:0002 S:0127 D:0E68 DB:86 nvMXdizc V:252 H:253 F:26
					848F08 8B          PHB                    A:D419 X:0007 Y:0002 S:0126 D:0E68 DB:86 nvMXdizc V:252 H:258 F:26
					848F09 C2 30       REP #$30               A:D419 X:0007 Y:0002 S:0125 D:0E68 DB:86 nvMXdizc V:252 H:263 F:26
					848F0B 8D 0E 00    STA $000E     [86000E] A:D419 X:0007 Y:0002 S:0125 D:0E68 DB:86 nvmxdizc V:252 H:268 F:26
					848F0E A5 16       LDA $16       [000E7E] A:D419 X:0007 Y:0002 S:0125 D:0E68 DB:86 nvmxdizc V:252 H:276 F:26
					848F10 29 FF 00    AND #$00FF             A:0B75 X:0007 Y:0002 S:0125 D:0E68 DB:86 nvmxdizc V:252 H:285 F:26
					848F13 8D 0C 00    STA $000C     [86000C] A:0075 X:0007 Y:0002 S:0125 D:0E68 DB:86 nvmxdizc V:252 H:289 F:26
					848F16 0A          ASL A                  A:0075 X:0007 Y:0002 S:0125 D:0E68 DB:86 nvmxdizc V:252 H:298 F:26
					848F17 18          CLC                    A:00EA X:0007 Y:0002 S:0125 D:0E68 DB:86 nvmxdizc V:252 H:301 F:26
					848F18 6D 0C 00    ADC $000C     [86000C] A:00EA X:0007 Y:0002 S:0125 D:0E68 DB:86 nvmxdizc V:252 H:304 F:26
					848F1B AA          TAX                    A:015F X:0007 Y:0002 S:0125 D:0E68 DB:86 nvmxdizc V:252 H:312 F:26
					848F1C BF 00 A0 AF LDA $AFA000,X [AFA15F] A:015F X:015F Y:0002 S:0125 D:0E68 DB:86 nvmxdizc V:252 H:315 F:26
					848F20 85 14       STA $14       [000E7C] A:D367 X:015F Y:0002 S:0125 D:0E68 DB:86 Nvmxdizc V:252 H:324 F:26
					848F22 E2 20       SEP #$20               A:D367 X:015F Y:0002 S:0125 D:0E68 DB:86 Nvmxdizc V:252 H:332 F:26
					848F24 BF 02 A0 AF LDA $AFA002,X [AFA161] A:D367 X:015F Y:0002 S:0125 D:0E68 DB:86 NvMxdizc V:252 H:336 F:26
					848F28 48          PHA                    A:D3AF X:015F Y:0002 S:0125 D:0E68 DB:86 NvMxdizc V:253 H:  4 F:26
					848F29 AB          PLB                    A:D3AF X:015F Y:0002 S:0124 D:0E68 DB:86 NvMxdizc V:253 H:  9 F:26
					848F2A C2 20       REP #$20               A:D3AF X:015F Y:0002 S:0125 D:0E68 DB:AF NvMxdizc V:253 H: 15 F:26
					848F2C AD 0E 00    LDA $000E     [AF000E] A:D3AF X:015F Y:0002 S:0125 D:0E68 DB:AF Nvmxdizc V:253 H: 20 F:26
					848F2F 29 FF 00    AND #$00FF             A:D419 X:015F Y:0002 S:0125 D:0E68 DB:AF Nvmxdizc V:253 H: 28 F:26
					848F32 0A          ASL A                  A:0019 X:015F Y:0002 S:0125 D:0E68 DB:AF nvmxdizc V:253 H: 33 F:26
					848F33 A8          TAY                    A:0032 X:015F Y:0002 S:0125 D:0E68 DB:AF nvmxdizc V:253 H: 36 F:26
					848F34 B1 14       LDA ($14),Y   [AFD399] A:0032 X:015F Y:0032 S:0125 D:0E68 DB:AF nvmxdizc V:253 H: 39 F:26
					848F36 65 14       ADC $14       [000E7C] A:00F4 X:015F Y:0032 S:0125 D:0E68 DB:AF nvmxdizc V:253 H: 52 F:26
					848F38 85 14       STA $14       [000E7C] A:D45B X:015F Y:0032 S:0125 D:0E68 DB:AF Nvmxdizc V:253 H: 60 F:26
					848F3A E2 30       SEP #$30               A:D45B X:015F Y:0032 S:0125 D:0E68 DB:AF Nvmxdizc V:253 H: 69 F:26
					848F3C B2 14       LDA ($14)     [AFD45B] A:D45B X:005F Y:0032 S:0125 D:0E68 DB:AF NvMXdizc V:253 H: 73 F:26	Skeleton start: [AFD45B]
					848F3E 85 13       STA $13       [000E7B] A:D40B X:005F Y:0032 S:0125 D:0E68 DB:AF nvMXdizc V:253 H: 83 F:26
					848F40 A0 01       LDY #$01               A:D40B X:005F Y:0032 S:0125 D:0E68 DB:AF nvMXdizc V:253 H: 90 F:26
					848F42 B1 14       LDA ($14),Y   [AFD45C] A:D40B X:005F Y:0001 S:0125 D:0E68 DB:AF nvMXdizc V:253 H: 93 F:26
					848F44 85 0F       STA $0F       [000E77] A:D400 X:005F Y:0001 S:0125 D:0E68 DB:AF nvMXdiZc V:253 H:103 F:26
					848F46 C8          INY                    A:D400 X:005F Y:0001 S:0125 D:0E68 DB:AF nvMXdiZc V:253 H:109 F:26
					848F47 B1 14       LDA ($14),Y   [AFD45D] A:D400 X:005F Y:0002 S:0125 D:0E68 DB:AF nvMXdizc V:253 H:112 F:26
					848F49 85 17       STA $17       [000E7F] A:D420 X:005F Y:0002 S:0125 D:0E68 DB:AF nvMXdizc V:253 H:122 F:26
					848F4B A9 80       LDA #$80               A:D420 X:005F Y:0002 S:0125 D:0E68 DB:AF nvMXdizc V:253 H:129 F:26
					848F4D 04 17       TSB $17       [000E7F] A:D480 X:005F Y:0002 S:0125 D:0E68 DB:AF NvMXdizc V:253 H:132 F:26
					848F4F AB          PLB                    A:D480 X:005F Y:0002 S:0125 D:0E68 DB:AF NvMXdiZc V:253 H:152 F:26
					848F50 28          PLP                    A:D480 X:005F Y:0002 S:0126 D:0E68 DB:86 NvMXdizc V:253 H:158 F:26
					848F51 6B          RTL                    A:D480 X:005F Y:0002 S:0127 D:0E68 DB:86 nvMXdizc V:253 H:165 F:26

				8790C0 60          RTS                    A:D480 X:005F Y:0002 S:012A D:0E68 DB:86 nvMXdizc V:253 H:175 F:26

			878E48 A9 08       LDA #$08               A:D480 X:005F Y:0002 S:012C D:0E68 DB:86 nvMXdizc V:253 H:185 F:26
			878E4A 85 34       STA $34       [000E9C] A:D408 X:005F Y:0002 S:012C D:0E68 DB:86 nvMXdizc V:253 H:188 F:26		CD2 = #$08
			878E4C 60          RTS                    A:D408 X:005F Y:0002 S:012C D:0E68 DB:86 nvMXdizc V:253 H:195 F:26

		878C23 A5 37       LDA $37       [000E9F] A:D408 X:005F Y:0002 S:012E D:0E68 DB:86 nvMXdizc V:253 H:205 F:26
