80D4F6 20 30 D5    JSR $D530     [80D530] A:0E01 X:0000 Y:0002 S:0133 D:0E68 DB:86 nvMXdizC V:251 H:102 F: 7

	80D530 C2 20       REP #$20               A:0E01 X:0000 Y:0091 S:0131 D:0E68 DB:86 nvMXdizC V:247 H:182 F: 6
	80D532 A5 05       LDA $05       [000E6D] A:0E01 X:0000 Y:0091 S:0131 D:0E68 DB:86 nvmXdizC V:247 H:186 F: 6
	80D534 85 22       STA $22       [000E8A] A:07B0 X:0000 Y:0091 S:0131 D:0E68 DB:86 nvmXdizC V:247 H:195 F: 6
	80D536 A5 08       LDA $08       [000E70] A:07B0 X:0000 Y:0091 S:0131 D:0E68 DB:86 nvmXdizC V:247 H:203 F: 6
	80D538 85 24       STA $24       [000E8C] A:00A8 X:0000 Y:0091 S:0131 D:0E68 DB:86 nvmXdizC V:247 H:212 F: 6
	80D53A E2 20       SEP #$20               A:00A8 X:0000 Y:0091 S:0131 D:0E68 DB:86 nvmXdizC V:247 H:220 F: 6
	80D53C A9 80       LDA #$80               A:00A8 X:0000 Y:0091 S:0131 D:0E68 DB:86 nvMXdizC V:247 H:225 F: 6
	80D53E 14 0E       TRB $0E       [000E76] A:0080 X:0000 Y:0091 S:0131 D:0E68 DB:86 NvMXdizC V:247 H:228 F: 6
	80D540 A5 0A       LDA $0A       [000E72] A:0080 X:0000 Y:0091 S:0131 D:0E68 DB:86 NvMXdizC V:247 H:238 F: 6
	80D542 0A          ASL A                  A:0005 X:0000 Y:0091 S:0131 D:0E68 DB:86 nvMXdizC V:247 H:244 F: 6
	80D543 AA          TAX                    A:000A X:0000 Y:0091 S:0131 D:0E68 DB:86 nvMXdizc V:247 H:247 F: 6
	80D544 7C DD F8    JMP ($F8DD,X) [80F8E7] A:000A X:000A Y:0091 S:0131 D:0E68 DB:86 nvMXdizc V:247 H:250 F: 6

	80F9CA 22 7E 8A 87 JSL $878A7E   [878A7E] A:000A X:000A Y:0091 S:0131 D:0E68 DB:86 nvMXdizc V:247 H:259 F: 6

		878A7E A6 01       LDX $01       [000E69] A:000A X:000A Y:0091 S:012E D:0E68 DB:86 nvMXdizc V:247 H:273 F: 6
		878A80 7C 83 8A    JMP ($8A83,X) [878A87] A:000A X:0004 Y:0091 S:012E D:0E68 DB:86 nvMXdizc V:247 H:279 F: 6

		878C1A A5 33       LDA $33       [000E9B] A:000A X:0004 Y:0091 S:012E D:0E68 DB:86 nvMXdizc V:247 H:288 F: 6
		878C1C 04 11       TSB $11       [000E79] A:0008 X:0004 Y:0091 S:012E D:0E68 DB:86 nvMXdizc V:247 H:295 F: 6
		878C1E A6 02       LDX $02       [000E6A] A:0008 X:0004 Y:0091 S:012E D:0E68 DB:86 nvMXdizc V:247 H:305 F: 6
		878C20 FC F2 8C    JSR ($8CF2,X) [878CF4] A:0008 X:0002 Y:0091 S:012E D:0E68 DB:86 nvMXdizc V:247 H:311 F: 6

			878DE6 A6 03       LDX $03       [000E6B] A:0008 X:0002 Y:0091 S:012C D:0E68 DB:86 nvMXdizc V:247 H:324 F: 6
			878DE8 7C EB 8D    JMP ($8DEB,X) [878DED] A:0008 X:0002 Y:0091 S:012C D:0E68 DB:86 nvMXdizc V:247 H:330 F: 6

			878DFF 22 A5 AC 84 JSL $84ACA5   [84ACA5] A:0008 X:0002 Y:0091 S:012C D:0E68 DB:86 nvMXdizc V:247 H:339 F: 6	JSL $84ACA5 --> Update Facing (40 bit)

				84ACA5 08          PHP                    A:0008 X:0002 Y:0091 S:0129 D:0E68 DB:86 nvMXdizc V:248 H: 12 F: 6
				84ACA6 E2 20       SEP #$20               A:0008 X:0002 Y:0091 S:0128 D:0E68 DB:86 nvMXdizc V:248 H: 17 F: 6
				84ACA8 A9 40       LDA #$40               A:0008 X:0002 Y:0091 S:0128 D:0E68 DB:86 nvMXdizc V:248 H: 22 F: 6
				84ACAA 14 11       TRB $11       [000E79] A:0040 X:0002 Y:0091 S:0128 D:0E68 DB:86 nvMXdizc V:248 H: 25 F: 6
				84ACAC C2 20       REP #$20               A:0040 X:0002 Y:0091 S:0128 D:0E68 DB:86 nvMXdiZc V:248 H: 35 F: 6
				84ACAE AD AD 0B    LDA $0BAD     [860BAD] A:0040 X:0002 Y:0091 S:0128 D:0E68 DB:86 nvmXdiZc V:248 H: 39 F: 6
				84ACB1 38          SEC                    A:071A X:0002 Y:0091 S:0128 D:0E68 DB:86 nvmXdizc V:248 H: 48 F: 6
				84ACB2 E5 05       SBC $05       [000E6D] A:071A X:0002 Y:0091 S:0128 D:0E68 DB:86 nvmXdizC V:248 H: 51 F: 6
				84ACB4 E2 20       SEP #$20               A:FF6A X:0002 Y:0091 S:0128 D:0E68 DB:86 NvmXdizc V:248 H: 59 F: 6
				84ACB6 A9 00       LDA #$00               A:FF6A X:0002 Y:0091 S:0128 D:0E68 DB:86 NvMXdizc V:248 H: 64 F: 6
				84ACB8 6A          ROR A                  A:FF00 X:0002 Y:0091 S:0128 D:0E68 DB:86 nvMXdiZc V:248 H: 67 F: 6
				84ACB9 4A          LSR A                  A:FF00 X:0002 Y:0091 S:0128 D:0E68 DB:86 nvMXdiZc V:248 H: 70 F: 6
				84ACBA 04 11       TSB $11       [000E79] A:FF00 X:0002 Y:0091 S:0128 D:0E68 DB:86 nvMXdiZc V:248 H: 73 F: 6
				84ACBC 28          PLP                    A:FF00 X:0002 Y:0091 S:0128 D:0E68 DB:86 nvMXdiZc V:248 H: 83 F: 6
				84ACBD 6B          RTL                    A:FF00 X:0002 Y:0091 S:0129 D:0E68 DB:86 nvMXdizc V:248 H: 89 F: 6

			878E03 22 EA 8E 84 JSL $848EEA   [848EEA] A:FF00 X:0002 Y:0091 S:012C D:0E68 DB:86 nvMXdizc V:248 H:100 F: 6	JSL $848EEA --> Decrease CDSkel, Continue Skeleton

				848EEA 08          PHP                    A:FF00 X:0002 Y:0091 S:0129 D:0E68 DB:86 nvMXdizc V:248 H:113 F: 6
				848EEB 8B          PHB                    A:FF00 X:0002 Y:0091 S:0128 D:0E68 DB:86 nvMXdizc V:248 H:118 F: 6
				848EEC E2 30       SEP #$30               A:FF00 X:0002 Y:0091 S:0127 D:0E68 DB:86 nvMXdizc V:248 H:123 F: 6
				848EEE C6 13       DEC $13       [000E7B] A:FF00 X:0002 Y:0091 S:0127 D:0E68 DB:86 nvMXdizc V:248 H:128 F: 6
				848EF0 D0 5D       BNE $005D     [848F4F] A:FF00 X:0002 Y:0091 S:0127 D:0E68 DB:86 nvMXdiZc V:248 H:148 F: 6
				848EF2 A9 AF       LDA #$AF               A:FF00 X:0002 Y:0091 S:0127 D:0E68 DB:86 nvMXdiZc V:248 H:151 F: 6
				848EF4 48          PHA                    A:FFAF X:0002 Y:0091 S:0127 D:0E68 DB:86 NvMXdizc V:248 H:154 F: 6
				848EF5 AB          PLB                    A:FFAF X:0002 Y:0091 S:0126 D:0E68 DB:86 NvMXdizc V:248 H:159 F: 6
				848EF6 C2 21       REP #$21               A:FFAF X:0002 Y:0091 S:0127 D:0E68 DB:AF NvMXdizc V:248 H:165 F: 6
				848EF8 A5 14       LDA $14       [000E7C] A:FFAF X:0002 Y:0091 S:0127 D:0E68 DB:AF NvmXdizc V:248 H:170 F: 6
				848EFA 69 03 00    ADC #$0003             A:D3FC X:0002 Y:0091 S:0127 D:0E68 DB:AF NvmXdizc V:248 H:178 F: 6
				848EFD A4 0F       LDY $0F       [000E77] A:D3FF X:0002 Y:0091 S:0127 D:0E68 DB:AF NvmXdizc V:248 H:183 F: 6
				848EFF 10 37       BPL $0037     [848F38] A:D3FF X:0002 Y:0000 S:0127 D:0E68 DB:AF nvmXdiZc V:248 H:189 F: 6
				848F38 85 14       STA $14       [000E7C] A:D3FF X:0002 Y:0000 S:0127 D:0E68 DB:AF nvmXdiZc V:248 H:194 F: 6
				848F3A E2 30       SEP #$30               A:D3FF X:0002 Y:0000 S:0127 D:0E68 DB:AF nvmXdiZc V:248 H:202 F: 6
				848F3C B2 14       LDA ($14)     [AFD3FF] A:D3FF X:0002 Y:0000 S:0127 D:0E68 DB:AF nvMXdiZc V:248 H:207 F: 6
				848F3E 85 13       STA $13       [000E7B] A:D302 X:0002 Y:0000 S:0127 D:0E68 DB:AF nvMXdizc V:248 H:217 F: 6
				848F40 A0 01       LDY #$01               A:D302 X:0002 Y:0000 S:0127 D:0E68 DB:AF nvMXdizc V:248 H:223 F: 6
				848F42 B1 14       LDA ($14),Y   [AFD400] A:D302 X:0002 Y:0001 S:0127 D:0E68 DB:AF nvMXdizc V:248 H:226 F: 6
				848F44 85 0F       STA $0F       [000E77] A:D301 X:0002 Y:0001 S:0127 D:0E68 DB:AF nvMXdizc V:248 H:238 F: 6
				848F46 C8          INY                    A:D301 X:0002 Y:0001 S:0127 D:0E68 DB:AF nvMXdizc V:248 H:244 F: 6
				848F47 B1 14       LDA ($14),Y   [AFD401] A:D301 X:0002 Y:0002 S:0127 D:0E68 DB:AF nvMXdizc V:248 H:247 F: 6
				848F49 85 17       STA $17       [000E7F] A:D309 X:0002 Y:0002 S:0127 D:0E68 DB:AF nvMXdizc V:248 H:259 F: 6
				848F4B A9 80       LDA #$80               A:D309 X:0002 Y:0002 S:0127 D:0E68 DB:AF nvMXdizc V:248 H:265 F: 6
				848F4D 04 17       TSB $17       [000E7F] A:D380 X:0002 Y:0002 S:0127 D:0E68 DB:AF NvMXdizc V:248 H:268 F: 6
				848F4F AB          PLB                    A:D380 X:0002 Y:0002 S:0127 D:0E68 DB:AF NvMXdiZc V:248 H:278 F: 6
				848F50 28          PLP                    A:D380 X:0002 Y:0002 S:0128 D:0E68 DB:86 NvMXdizc V:248 H:285 F: 6
				848F51 6B          RTL                    A:D380 X:0002 Y:0002 S:0129 D:0E68 DB:86 nvMXdizc V:248 H:291 F: 6

			878E07 A5 17       LDA $17       [000E7F] A:D380 X:0002 Y:0002 S:012C D:0E68 DB:86 nvMXdizc V:248 H:302 F: 6
			878E09 10 41       BPL $0041     [878E4C] A:D389 X:0002 Y:0002 S:012C D:0E68 DB:86 NvMXdizc V:248 H:308 F: 6
			878E0B 29 7F       AND #$7F               A:D389 X:0002 Y:0002 S:012C D:0E68 DB:86 NvMXdizc V:248 H:311 F: 6
			878E0D 85 17       STA $17       [000E7F] A:D309 X:0002 Y:0002 S:012C D:0E68 DB:86 nvMXdizc V:248 H:314 F: 6
			878E0F A5 0F       LDA $0F       [000E77] A:D309 X:0002 Y:0002 S:012C D:0E68 DB:86 nvMXdizc V:248 H:321 F: 6
			878E11 29 7F       AND #$7F               A:D301 X:0002 Y:0002 S:012C D:0E68 DB:86 nvMXdizc V:248 H:327 F: 6
			878E13 F0 26       BEQ $0026     [878E3B] A:D301 X:0002 Y:0002 S:012C D:0E68 DB:86 nvMXdizc V:248 H:329 F: 6	Branch if SkelAction AND #$0F = #$00
			878E15 22 58 83 82 JSL $828358   [828358] A:D301 X:0002 Y:0002 S:012C D:0E68 DB:86 nvMXdizc V:248 H:332 F: 6	JSL $828358 --> X = First empty EnemyShot,Z=1

				828358 C2 30       REP #$30               A:D301 X:0002 Y:0002 S:0129 D:0E68 DB:86 nvMXdizc V:249 H:  6 F: 6
				82835A A2 28 14    LDX #$1428             A:D301 X:0002 Y:0002 S:0129 D:0E68 DB:86 nvmxdizc V:249 H: 10 F: 6
				82835D BD 00 00    LDA $0000,X   [861428] A:D301 X:1428 Y:0002 S:0129 D:0E68 DB:86 nvmxdizc V:249 H: 15 F: 6
				828360 F0 D9       BEQ $00D9     [82833B] A:0000 X:1428 Y:0002 S:0129 D:0E68 DB:86 nvmxdiZc V:249 H: 25 F: 6
				82833B E2 22       SEP #$22               A:0000 X:1428 Y:0002 S:0129 D:0E68 DB:86 nvmxdiZc V:249 H: 29 F: 6
				82833D 6B          RTL                    A:0000 X:1428 Y:0002 S:0129 D:0E68 DB:86 nvMxdiZc V:249 H: 34 F: 6

			878E19 D0 1E       BNE $001E     [878E39] A:0000 X:1428 Y:0002 S:012C D:0E68 DB:86 nvMxdiZc V:249 H: 44 F: 6	Branch if A <> #$00 (No empty EnemyShot)
			878E1B E6 35       INC $35       [000E9D] A:0000 X:1428 Y:0002 S:012C D:0E68 DB:86 nvMxdiZc V:249 H: 47 F: 6	Increment E-BoomOut = #$01
			878E1D FE 00 00    INC $0000,X   [861428] A:0000 X:1428 Y:0002 S:012C D:0E68 DB:86 nvMxdizc V:249 H: 57 F: 6	Increment ES-Exist = #$01
			878E20 A9 1B       LDA #$1B               A:0000 X:1428 Y:0002 S:012C D:0E68 DB:86 nvMxdizc V:249 H: 69 F: 6
			878E22 9D 0A 00    STA $000A,X   [861432] A:001B X:1428 Y:0002 S:012C D:0E68 DB:86 nvMxdizc V:249 H: 72 F: 6	ES-ID = #$1B
			878E25 C2 20       REP #$20               A:001B X:1428 Y:0002 S:012C D:0E68 DB:86 nvMxdizc V:249 H: 80 F: 6
			878E27 A5 05       LDA $05       [000E6D] A:001B X:1428 Y:0002 S:012C D:0E68 DB:86 nvmxdizc V:249 H: 84 F: 6
			878E29 9D 05 00    STA $0005,X   [86142D] A:07B0 X:1428 Y:0002 S:012C D:0E68 DB:86 nvmxdizc V:249 H: 93 F: 6	ES-X-Pos = E-X-Pos
			878E2C A5 08       LDA $08       [000E70] A:07B0 X:1428 Y:0002 S:012C D:0E68 DB:86 nvmxdizc V:249 H:103 F: 6
			878E2E 38          SEC                    A:00A8 X:1428 Y:0002 S:012C D:0E68 DB:86 nvmxdizc V:249 H:111 F: 6
			878E2F E9 18 00    SBC #$0018             A:00A8 X:1428 Y:0002 S:012C D:0E68 DB:86 nvmxdizC V:249 H:114 F: 6
			878E32 9D 08 00    STA $0008,X   [861430] A:0090 X:1428 Y:0002 S:012C D:0E68 DB:86 nvmxdizC V:249 H:119 F: 6	ES-Y-Pos = E-Y-Pos - #$0018
			878E35 7B          TDC                    A:0090 X:1428 Y:0002 S:012C D:0E68 DB:86 nvmxdizC V:249 H:129 F: 6
			878E36 9D 0C 00    STA $000C,X   [861434] A:0E68 X:1428 Y:0002 S:012C D:0E68 DB:86 nvmxdizC V:249 H:132 F: 6	ES-Parent = EnemyData
			878E39 E2 30       SEP #$30               A:0E68 X:1428 Y:0002 S:012C D:0E68 DB:86 nvmxdizC V:249 H:152 F: 6
			878E3B A5 0F       LDA $0F       [000E77] A:0E68 X:0028 Y:0002 S:012C D:0E68 DB:86 nvMXdizC V:249 H:156 F: 6
			878E3D 10 0D       BPL $000D     [878E4C] A:0E01 X:0028 Y:0002 S:012C D:0E68 DB:86 nvMXdizC V:249 H:163 F: 6	Branch because SkelAction is positive
			878E4C 60          RTS                    A:0E01 X:0028 Y:0002 S:012C D:0E68 DB:86 nvMXdizC V:249 H:167 F: 6

		878C23 A5 37       LDA $37       [000E9F] A:0E01 X:0028 Y:0002 S:012E D:0E68 DB:86 nvMXdizC V:249 H:177 F: 6
