80D4F6 20 30 D5    JSR $D530     [80D530] A:0E01 X:0000 Y:0091 S:0133 D:0E68 DB:86 nvMXdizC V:247 H:164 F:28

	80D530 C2 20       REP #$20               A:0E01 X:0000 Y:0091 S:0131 D:0E68 DB:86 nvMXdizC V:247 H:174 F:28
	80D532 A5 05       LDA $05       [000E6D] A:0E01 X:0000 Y:0091 S:0131 D:0E68 DB:86 nvmXdizC V:247 H:178 F:28
	80D534 85 22       STA $22       [000E8A] A:07B0 X:0000 Y:0091 S:0131 D:0E68 DB:86 nvmXdizC V:247 H:187 F:28
	80D536 A5 08       LDA $08       [000E70] A:07B0 X:0000 Y:0091 S:0131 D:0E68 DB:86 nvmXdizC V:247 H:195 F:28
	80D538 85 24       STA $24       [000E8C] A:00A8 X:0000 Y:0091 S:0131 D:0E68 DB:86 nvmXdizC V:247 H:204 F:28
	80D53A E2 20       SEP #$20               A:00A8 X:0000 Y:0091 S:0131 D:0E68 DB:86 nvmXdizC V:247 H:212 F:28
	80D53C A9 80       LDA #$80               A:00A8 X:0000 Y:0091 S:0131 D:0E68 DB:86 nvMXdizC V:247 H:217 F:28
	80D53E 14 0E       TRB $0E       [000E76] A:0080 X:0000 Y:0091 S:0131 D:0E68 DB:86 NvMXdizC V:247 H:220 F:28
	80D540 A5 0A       LDA $0A       [000E72] A:0080 X:0000 Y:0091 S:0131 D:0E68 DB:86 NvMXdizC V:247 H:230 F:28
	80D542 0A          ASL A                  A:0005 X:0000 Y:0091 S:0131 D:0E68 DB:86 nvMXdizC V:247 H:236 F:28
	80D543 AA          TAX                    A:000A X:0000 Y:0091 S:0131 D:0E68 DB:86 nvMXdizc V:247 H:239 F:28
	80D544 7C DD F8    JMP ($F8DD,X) [80F8E7] A:000A X:000A Y:0091 S:0131 D:0E68 DB:86 nvMXdizc V:247 H:242 F:28

	80F9CA 22 7E 8A 87 JSL $878A7E   [878A7E] A:000A X:000A Y:0091 S:0131 D:0E68 DB:86 nvMXdizc V:247 H:251 F:28

		878A7E A6 01       LDX $01       [000E69] A:000A X:000A Y:0091 S:012E D:0E68 DB:86 nvMXdizc V:247 H:265 F:28
		878A80 7C 83 8A    JMP ($8A83,X) [878A87] A:000A X:0004 Y:0091 S:012E D:0E68 DB:86 nvMXdizc V:247 H:271 F:28

		878C1A A5 33       LDA $33       [000E9B] A:000A X:0004 Y:0091 S:012E D:0E68 DB:86 nvMXdizc V:247 H:280 F:28
		878C1C 04 11       TSB $11       [000E79] A:0008 X:0004 Y:0091 S:012E D:0E68 DB:86 nvMXdizc V:247 H:287 F:28
		878C1E A6 02       LDX $02       [000E6A] A:0008 X:0004 Y:0091 S:012E D:0E68 DB:86 nvMXdizc V:247 H:297 F:28
		878C20 FC F2 8C    JSR ($8CF2,X) [878CF4] A:0008 X:0002 Y:0091 S:012E D:0E68 DB:86 nvMXdizc V:247 H:303 F:28

			878DE6 A6 03       LDX $03       [000E6B] A:0008 X:0002 Y:0091 S:012C D:0E68 DB:86 nvMXdizc V:247 H:316 F:28
			878DE8 7C EB 8D    JMP ($8DEB,X) [878DEB] A:0008 X:0000 Y:0091 S:012C D:0E68 DB:86 nvMXdiZc V:247 H:323 F:28

			878DF1 22 A5 AC 84 JSL $84ACA5   [84ACA5] A:0008 X:0000 Y:0091 S:012C D:0E68 DB:86 nvMXdiZc V:247 H:331 F:28		JSL $84ACA5 --> Update Facing (40 bit)

				84ACA5 08          PHP                    A:0008 X:0000 Y:0091 S:0129 D:0E68 DB:86 nvMXdiZc V:248 H:  4 F:28
				84ACA6 E2 20       SEP #$20               A:0008 X:0000 Y:0091 S:0128 D:0E68 DB:86 nvMXdiZc V:248 H:  9 F:28
				84ACA8 A9 40       LDA #$40               A:0008 X:0000 Y:0091 S:0128 D:0E68 DB:86 nvMXdiZc V:248 H: 14 F:28
				84ACAA 14 11       TRB $11       [000E79] A:0040 X:0000 Y:0091 S:0128 D:0E68 DB:86 nvMXdizc V:248 H: 17 F:28
				84ACAC C2 20       REP #$20               A:0040 X:0000 Y:0091 S:0128 D:0E68 DB:86 nvMXdiZc V:248 H: 27 F:28
				84ACAE AD AD 0B    LDA $0BAD     [860BAD] A:0040 X:0000 Y:0091 S:0128 D:0E68 DB:86 nvmXdiZc V:248 H: 31 F:28
				84ACB1 38          SEC                    A:071A X:0000 Y:0091 S:0128 D:0E68 DB:86 nvmXdizc V:248 H: 40 F:28
				84ACB2 E5 05       SBC $05       [000E6D] A:071A X:0000 Y:0091 S:0128 D:0E68 DB:86 nvmXdizC V:248 H: 43 F:28
				84ACB4 E2 20       SEP #$20               A:FF6A X:0000 Y:0091 S:0128 D:0E68 DB:86 NvmXdizc V:248 H: 51 F:28
				84ACB6 A9 00       LDA #$00               A:FF6A X:0000 Y:0091 S:0128 D:0E68 DB:86 NvMXdizc V:248 H: 56 F:28
				84ACB8 6A          ROR A                  A:FF00 X:0000 Y:0091 S:0128 D:0E68 DB:86 nvMXdiZc V:248 H: 59 F:28
				84ACB9 4A          LSR A                  A:FF00 X:0000 Y:0091 S:0128 D:0E68 DB:86 nvMXdiZc V:248 H: 62 F:28
				84ACBA 04 11       TSB $11       [000E79] A:FF00 X:0000 Y:0091 S:0128 D:0E68 DB:86 nvMXdiZc V:248 H: 65 F:28
				84ACBC 28          PLP                    A:FF00 X:0000 Y:0091 S:0128 D:0E68 DB:86 nvMXdiZc V:248 H: 75 F:28
				84ACBD 6B          RTL                    A:FF00 X:0000 Y:0091 S:0129 D:0E68 DB:86 nvMXdiZc V:248 H: 81 F:28

			878DF5 A9 05       LDA #$05               A:FF00 X:0000 Y:0091 S:012C D:0E68 DB:86 nvMXdiZc V:248 H: 92 F:28		A = a = #$05
			878DF7 20 B1 90    JSR $90B1     [8790B1] A:FF05 X:0000 Y:0091 S:012C D:0E68 DB:86 nvMXdizc V:248 H: 95 F:28		JSR $8790B1 --> Boomer Kuwanger Custom Skeleton Load

				8790B1 A6 35       LDX $35       [000E9D] A:FF05 X:0000 Y:0091 S:012A D:0E68 DB:86 nvMXdizc V:248 H:105 F:28
				8790B3 F0 03       BEQ $0003     [8790B8] A:FF05 X:0000 Y:0091 S:012A D:0E68 DB:86 nvMXdiZc V:248 H:111 F:28	Branch because E-BoomOut = #$00
				8790B8 AA          TAX                    A:FF05 X:0000 Y:0091 S:012A D:0E68 DB:86 nvMXdiZc V:248 H:116 F:28
				8790B9 BD 97 C5    LDA $C597,X   [86C59C] A:FF05 X:0005 Y:0091 S:012A D:0E68 DB:86 nvMXdizc V:248 H:119 F:28	A = [$86C597,a] = [$86C59C] = #$15
				8790BC 22 07 8F 84 JSL $848F07   [848F07] A:FF15 X:0005 Y:0091 S:012A D:0E68 DB:86 nvMXdizc V:248 H:125 F:28	JSL $848F07 --> Skeleton Load (SkelPoint = #$75, A=#$15)

					848F07 08          PHP                    A:FF15 X:0005 Y:0091 S:0127 D:0E68 DB:86 nvMXdizc V:248 H:148 F:28
					848F08 8B          PHB                    A:FF15 X:0005 Y:0091 S:0126 D:0E68 DB:86 nvMXdizc V:248 H:153 F:28
					848F09 C2 30       REP #$30               A:FF15 X:0005 Y:0091 S:0125 D:0E68 DB:86 nvMXdizc V:248 H:158 F:28
					848F0B 8D 0E 00    STA $000E     [86000E] A:FF15 X:0005 Y:0091 S:0125 D:0E68 DB:86 nvmxdizc V:248 H:163 F:28
					848F0E A5 16       LDA $16       [000E7E] A:FF15 X:0005 Y:0091 S:0125 D:0E68 DB:86 nvmxdizc V:248 H:171 F:28
					848F10 29 FF 00    AND #$00FF             A:8175 X:0005 Y:0091 S:0125 D:0E68 DB:86 Nvmxdizc V:248 H:180 F:28
					848F13 8D 0C 00    STA $000C     [86000C] A:0075 X:0005 Y:0091 S:0125 D:0E68 DB:86 nvmxdizc V:248 H:184 F:28
					848F16 0A          ASL A                  A:0075 X:0005 Y:0091 S:0125 D:0E68 DB:86 nvmxdizc V:248 H:193 F:28
					848F17 18          CLC                    A:00EA X:0005 Y:0091 S:0125 D:0E68 DB:86 nvmxdizc V:248 H:196 F:28
					848F18 6D 0C 00    ADC $000C     [86000C] A:00EA X:0005 Y:0091 S:0125 D:0E68 DB:86 nvmxdizc V:248 H:199 F:28
					848F1B AA          TAX                    A:015F X:0005 Y:0091 S:0125 D:0E68 DB:86 nvmxdizc V:248 H:207 F:28
					848F1C BF 00 A0 AF LDA $AFA000,X [AFA15F] A:015F X:015F Y:0091 S:0125 D:0E68 DB:86 nvmxdizc V:248 H:210 F:28
					848F20 85 14       STA $14       [000E7C] A:D367 X:015F Y:0091 S:0125 D:0E68 DB:86 Nvmxdizc V:248 H:219 F:28
					848F22 E2 20       SEP #$20               A:D367 X:015F Y:0091 S:0125 D:0E68 DB:86 Nvmxdizc V:248 H:228 F:28
					848F24 BF 02 A0 AF LDA $AFA002,X [AFA161] A:D367 X:015F Y:0091 S:0125 D:0E68 DB:86 NvMxdizc V:248 H:232 F:28
					848F28 48          PHA                    A:D3AF X:015F Y:0091 S:0125 D:0E68 DB:86 NvMxdizc V:248 H:240 F:28
					848F29 AB          PLB                    A:D3AF X:015F Y:0091 S:0124 D:0E68 DB:86 NvMxdizc V:248 H:245 F:28
					848F2A C2 20       REP #$20               A:D3AF X:015F Y:0091 S:0125 D:0E68 DB:AF NvMxdizc V:248 H:251 F:28
					848F2C AD 0E 00    LDA $000E     [AF000E] A:D3AF X:015F Y:0091 S:0125 D:0E68 DB:AF Nvmxdizc V:248 H:256 F:28
					848F2F 29 FF 00    AND #$00FF             A:FF15 X:015F Y:0091 S:0125 D:0E68 DB:AF Nvmxdizc V:248 H:264 F:28
					848F32 0A          ASL A                  A:0015 X:015F Y:0091 S:0125 D:0E68 DB:AF nvmxdizc V:248 H:269 F:28
					848F33 A8          TAY                    A:002A X:015F Y:0091 S:0125 D:0E68 DB:AF nvmxdizc V:248 H:272 F:28
					848F34 B1 14       LDA ($14),Y   [AFD391] A:002A X:015F Y:002A S:0125 D:0E68 DB:AF nvmxdizc V:248 H:275 F:28
					848F36 65 14       ADC $14       [000E7C] A:0089 X:015F Y:002A S:0125 D:0E68 DB:AF nvmxdizc V:248 H:288 F:28
					848F38 85 14       STA $14       [000E7C] A:D3F0 X:015F Y:002A S:0125 D:0E68 DB:AF Nvmxdizc V:248 H:296 F:28
					848F3A E2 30       SEP #$30               A:D3F0 X:015F Y:002A S:0125 D:0E68 DB:AF Nvmxdizc V:248 H:305 F:28
					848F3C B2 14       LDA ($14)     [AFD3F0] A:D3F0 X:005F Y:002A S:0125 D:0E68 DB:AF NvMXdizc V:248 H:309 F:28	Skeleton start: [AFD3F0]
					848F3E 85 13       STA $13       [000E7B] A:D310 X:005F Y:002A S:0125 D:0E68 DB:AF nvMXdizc V:248 H:319 F:28
					848F40 A0 01       LDY #$01               A:D310 X:005F Y:002A S:0125 D:0E68 DB:AF nvMXdizc V:248 H:325 F:28
					848F42 B1 14       LDA ($14),Y   [AFD3F1] A:D310 X:005F Y:0001 S:0125 D:0E68 DB:AF nvMXdizc V:248 H:328 F:28
					848F44 85 0F       STA $0F       [000E77] A:D300 X:005F Y:0001 S:0125 D:0E68 DB:AF nvMXdiZc V:248 H:338 F:28
					848F46 C8          INY                    A:D300 X:005F Y:0001 S:0125 D:0E68 DB:AF nvMXdiZc V:249 H:  4 F:28
					848F47 B1 14       LDA ($14),Y   [AFD3F2] A:D300 X:005F Y:0002 S:0125 D:0E68 DB:AF nvMXdizc V:249 H:  7 F:28
					848F49 85 17       STA $17       [000E7F] A:D300 X:005F Y:0002 S:0125 D:0E68 DB:AF nvMXdiZc V:249 H: 17 F:28
					848F4B A9 80       LDA #$80               A:D300 X:005F Y:0002 S:0125 D:0E68 DB:AF nvMXdiZc V:249 H: 24 F:28
					848F4D 04 17       TSB $17       [000E7F] A:D380 X:005F Y:0002 S:0125 D:0E68 DB:AF NvMXdizc V:249 H: 27 F:28
					848F4F AB          PLB                    A:D380 X:005F Y:0002 S:0125 D:0E68 DB:AF NvMXdiZc V:249 H: 37 F:28
					848F50 28          PLP                    A:D380 X:005F Y:0002 S:0126 D:0E68 DB:86 NvMXdizc V:249 H: 43 F:28
					848F51 6B          RTL                    A:D380 X:005F Y:0002 S:0127 D:0E68 DB:86 nvMXdizc V:249 H: 50 F:28

				8790C0 60          RTS                    A:D380 X:005F Y:0002 S:012A D:0E68 DB:86 nvMXdizc V:249 H: 60 F:28

			878DFA A9 02       LDA #$02               A:D380 X:005F Y:0002 S:012C D:0E68 DB:86 nvMXdizc V:249 H: 70 F:28
			878DFC 85 03       STA $03       [000E6B] A:D302 X:005F Y:0002 S:012C D:0E68 DB:86 nvMXdizc V:249 H: 73 F:28		Subaction = #$02
			878DFE 60          RTS                    A:D302 X:005F Y:0002 S:012C D:0E68 DB:86 nvMXdizc V:249 H: 80 F:28

		878C23 A5 37       LDA $37       [000E9F] A:D302 X:005F Y:0002 S:012E D:0E68 DB:86 nvMXdizc V:249 H: 90 F:28
