80D4F6 20 30 D5    JSR $D530     [80D530] A:0E01 X:0000 Y:00B9 S:0133 D:0E68 DB:86 nvMXdizC V:254 H:164 F:39

	80D530 C2 20       REP #$20               A:0E01 X:0000 Y:00B9 S:0131 D:0E68 DB:86 nvMXdizC V:254 H:174 F:39
	80D532 A5 05       LDA $05       [000E6D] A:0E01 X:0000 Y:00B9 S:0131 D:0E68 DB:86 nvmXdizC V:254 H:179 F:39
	80D534 85 22       STA $22       [000E8A] A:1DD0 X:0000 Y:00B9 S:0131 D:0E68 DB:86 nvmXdizC V:254 H:187 F:39
	80D536 A5 08       LDA $08       [000E70] A:1DD0 X:0000 Y:00B9 S:0131 D:0E68 DB:86 nvmXdizC V:254 H:196 F:39
	80D538 85 24       STA $24       [000E8C] A:03A2 X:0000 Y:00B9 S:0131 D:0E68 DB:86 nvmXdizC V:254 H:204 F:39
	80D53A E2 20       SEP #$20               A:03A2 X:0000 Y:00B9 S:0131 D:0E68 DB:86 nvmXdizC V:254 H:213 F:39
	80D53C A9 80       LDA #$80               A:03A2 X:0000 Y:00B9 S:0131 D:0E68 DB:86 nvMXdizC V:254 H:217 F:39
	80D53E 14 0E       TRB $0E       [000E76] A:0380 X:0000 Y:00B9 S:0131 D:0E68 DB:86 NvMXdizC V:254 H:220 F:39
	80D540 A5 0A       LDA $0A       [000E72] A:0380 X:0000 Y:00B9 S:0131 D:0E68 DB:86 NvMXdizC V:254 H:230 F:39
	80D542 0A          ASL A                  A:0331 X:0000 Y:00B9 S:0131 D:0E68 DB:86 nvMXdizC V:254 H:237 F:39
	80D543 AA          TAX                    A:0362 X:0000 Y:00B9 S:0131 D:0E68 DB:86 nvMXdizc V:254 H:240 F:39
	80D544 7C DD F8    JMP ($F8DD,X) [80F93F] A:0362 X:0062 Y:00B9 S:0131 D:0E68 DB:86 nvMXdizc V:254 H:243 F:39

	80FAA6 22 E1 9B 88 JSL $889BE1   [889BE1] A:0362 X:0062 Y:00B9 S:0131 D:0E68 DB:86 nvMXdizc V:254 H:252 F:39

		889BE1 A6 01       LDX $01       [000E69] A:0362 X:0062 Y:00B9 S:012E D:0E68 DB:86 nvMXdizc V:254 H:265 F:39
		889BE3 7C E6 9B    JMP ($9BE6,X) [889BEA] A:0362 X:0004 Y:00B9 S:012E D:0E68 DB:86 nvMXdizc V:254 H:272 F:39

		889D6E A9 0E       LDA #$0E               A:0362 X:0004 Y:00B9 S:012E D:0E68 DB:86 nvMXdizc V:254 H:281 F:39
		889D70 14 11       TRB $11       [000E79] A:030E X:0004 Y:00B9 S:012E D:0E68 DB:86 nvMXdizc V:254 H:284 F:39
		889D72 A5 33       LDA $33       [000E9B] A:030E X:0004 Y:00B9 S:012E D:0E68 DB:86 nvMXdizc V:254 H:294 F:39
		889D74 04 11       TSB $11       [000E79] A:0308 X:0004 Y:00B9 S:012E D:0E68 DB:86 nvMXdizc V:254 H:300 F:39
		889D76 A6 02       LDX $02       [000E6A] A:0308 X:0004 Y:00B9 S:012E D:0E68 DB:86 nvMXdiZc V:254 H:310 F:39
		889D78 FC 2C 9E    JSR ($9E2C,X) [889E2C] A:0308 X:0000 Y:00B9 S:012E D:0E68 DB:86 nvMXdiZc V:254 H:317 F:39

			889E38 A6 03       LDX $03       [000E6B] A:0308 X:0000 Y:00B9 S:012C D:0E68 DB:86 nvMXdiZc V:254 H:329 F:39
			889E3A 7C 3D 9E    JMP ($9E3D,X) [889E3F] A:0308 X:0002 Y:00B9 S:012C D:0E68 DB:86 nvMXdizc V:254 H:335 F:39

			889E72 22 EA 8E 84 JSL $848EEA   [848EEA] A:0308 X:0002 Y:00B9 S:012C D:0E68 DB:86 nvMXdizc V:255 H:  4 F:39		JSL $848EEA --> Decrease CDSkel, Continue Skeleton

				848EEA 08          PHP                    A:0308 X:0002 Y:00B9 S:0129 D:0E68 DB:86 nvMXdizc V:255 H: 18 F:39
				848EEB 8B          PHB                    A:0308 X:0002 Y:00B9 S:0128 D:0E68 DB:86 nvMXdizc V:255 H: 23 F:39
				848EEC E2 30       SEP #$30               A:0308 X:0002 Y:00B9 S:0127 D:0E68 DB:86 nvMXdizc V:255 H: 28 F:39
				848EEE C6 13       DEC $13       [000E7B] A:0308 X:0002 Y:00B9 S:0127 D:0E68 DB:86 nvMXdizc V:255 H: 32 F:39
				848EF0 D0 5D       BNE $005D     [848F4F] A:0308 X:0002 Y:00B9 S:0127 D:0E68 DB:86 nvMXdizc V:255 H: 42 F:39
				848F4F AB          PLB                    A:0308 X:0002 Y:00B9 S:0127 D:0E68 DB:86 nvMXdizc V:255 H: 47 F:39
				848F50 28          PLP                    A:0308 X:0002 Y:00B9 S:0128 D:0E68 DB:86 NvMXdizc V:255 H: 53 F:39
				848F51 6B          RTL                    A:0308 X:0002 Y:00B9 S:0129 D:0E68 DB:86 nvMXdizc V:255 H: 60 F:39

			889E76 A5 0F       LDA $0F       [000E77] A:0308 X:0002 Y:00B9 S:012C D:0E68 DB:86 nvMXdizc V:255 H: 70 F:39		
			889E78 F0 7B       BEQ $007B     [889EF5] A:0300 X:0002 Y:00B9 S:012C D:0E68 DB:86 nvMXdiZc V:255 H: 77 F:39		Branch because SkelAction = #$00
			889EF5 60          RTS                    A:0300 X:0002 Y:00B9 S:012C D:0E68 DB:86 nvMXdiZc V:255 H: 81 F:39

		889D7B AD CF 0B    LDA $0BCF     [860BCF] A:0300 X:0002 Y:00B9 S:012E D:0E68 DB:86 nvMXdiZc V:255 H: 91 F:39			Normal routine after Action