80D4F6 20 30 D5    JSR $D530     [80D530] A:0E01 X:0000 Y:0097 S:0133 D:0E68 DB:86 nvMXdizC V:247 H:208 F: 7

	80D530 C2 20       REP #$20               A:0E01 X:0000 Y:0097 S:0131 D:0E68 DB:86 nvMXdizC V:247 H:218 F: 7
	80D532 A5 05       LDA $05       [000E6D] A:0E01 X:0000 Y:0097 S:0131 D:0E68 DB:86 nvmXdizC V:247 H:223 F: 7
	80D534 85 22       STA $22       [000E8A] A:075C X:0000 Y:0097 S:0131 D:0E68 DB:86 nvmXdizC V:247 H:231 F: 7
	80D536 A5 08       LDA $08       [000E70] A:075C X:0000 Y:0097 S:0131 D:0E68 DB:86 nvmXdizC V:247 H:240 F: 7
	80D538 85 24       STA $24       [000E8C] A:00A8 X:0000 Y:0097 S:0131 D:0E68 DB:86 nvmXdizC V:247 H:248 F: 7
	80D53A E2 20       SEP #$20               A:00A8 X:0000 Y:0097 S:0131 D:0E68 DB:86 nvmXdizC V:247 H:257 F: 7
	80D53C A9 80       LDA #$80               A:00A8 X:0000 Y:0097 S:0131 D:0E68 DB:86 nvMXdizC V:247 H:261 F: 7
	80D53E 14 0E       TRB $0E       [000E76] A:0080 X:0000 Y:0097 S:0131 D:0E68 DB:86 NvMXdizC V:247 H:264 F: 7
	80D540 A5 0A       LDA $0A       [000E72] A:0080 X:0000 Y:0097 S:0131 D:0E68 DB:86 NvMXdizC V:247 H:274 F: 7
	80D542 0A          ASL A                  A:0005 X:0000 Y:0097 S:0131 D:0E68 DB:86 nvMXdizC V:247 H:281 F: 7
	80D543 AA          TAX                    A:000A X:0000 Y:0097 S:0131 D:0E68 DB:86 nvMXdizc V:247 H:284 F: 7
	80D544 7C DD F8    JMP ($F8DD,X) [80F8E7] A:000A X:000A Y:0097 S:0131 D:0E68 DB:86 nvMXdizc V:247 H:287 F: 7

	80F9CA 22 7E 8A 87 JSL $878A7E   [878A7E] A:000A X:000A Y:0097 S:0131 D:0E68 DB:86 nvMXdizc V:247 H:296 F: 7

		878A7E A6 01       LDX $01       [000E69] A:000A X:000A Y:0097 S:012E D:0E68 DB:86 nvMXdizc V:247 H:309 F: 7
		878A80 7C 83 8A    JMP ($8A83,X) [878A87] A:000A X:0004 Y:0097 S:012E D:0E68 DB:86 nvMXdizc V:247 H:316 F: 7

		878C1A A5 33       LDA $33       [000E9B] A:000A X:0004 Y:0097 S:012E D:0E68 DB:86 nvMXdizc V:247 H:324 F: 7
		878C1C 04 11       TSB $11       [000E79] A:0008 X:0004 Y:0097 S:012E D:0E68 DB:86 nvMXdizc V:247 H:330 F: 7
		878C1E A6 02       LDX $02       [000E6A] A:0008 X:0004 Y:0097 S:012E D:0E68 DB:86 nvMXdizc V:248 H:  0 F: 7
		878C20 FC F2 8C    JSR ($8CF2,X) [878CF6] A:0008 X:0004 Y:0097 S:012E D:0E68 DB:86 nvMXdizc V:248 H:  7 F: 7

			878E5A A6 03       LDX $03       [000E6B] A:0008 X:0004 Y:0097 S:012C D:0E68 DB:86 nvMXdizc V:248 H: 20 F: 7
			878E5C 7C 5F 8E    JMP ($8E5F,X) [878E61] A:0008 X:0002 Y:0097 S:012C D:0E68 DB:86 nvMXdizc V:248 H: 26 F: 7

			878E8F A5 0F       LDA $0F       [000E77] A:0008 X:0002 Y:0097 S:012C D:0E68 DB:86 nvMXdizc V:248 H: 35 F: 7
			878E91 10 0D       BPL $000D     [878EA0] A:0080 X:0002 Y:0097 S:012C D:0E68 DB:86 NvMXdizc V:248 H: 42 F: 7	Branch if SkelAction is positive
			878E93 A5 39       LDA $39       [000EA1] A:0080 X:0002 Y:0097 S:012C D:0E68 DB:86 NvMXdizc V:248 H: 45 F: 7
			878E95 D0 08       BNE $0008     [878E9F] A:0000 X:0002 Y:0097 S:012C D:0E68 DB:86 nvMXdiZc V:248 H: 51 F: 7	Branch if E-CDTeleport <> #$00
			878E97 A9 04       LDA #$04               A:0000 X:0002 Y:0097 S:012C D:0E68 DB:86 nvMXdiZc V:248 H: 54 F: 7
			878E99 85 03       STA $03       [000E6B] A:0004 X:0002 Y:0097 S:012C D:0E68 DB:86 nvMXdizc V:248 H: 57 F: 7	Subaction = #$00
			878E9B A9 02       LDA #$02               A:0004 X:0002 Y:0097 S:012C D:0E68 DB:86 nvMXdizc V:248 H: 64 F: 7
			878E9D 85 39       STA $39       [000EA1] A:0002 X:0002 Y:0097 S:012C D:0E68 DB:86 nvMXdizc V:248 H: 67 F: 7	E-CDTeleport = #$02
			878E9F 60          RTS                    A:0002 X:0002 Y:0097 S:012C D:0E68 DB:86 nvMXdizc V:248 H: 73 F: 7	Return

		878C23 A5 37       LDA $37       [000E9F] A:0002 X:0002 Y:0097 S:012E D:0E68 DB:86 nvMXdizc V:248 H: 83 F: 7
		878C25 F0 12       BEQ $0012     [878C39] A:0000 X:0002 Y:0097 S:012E D:0E68 DB:86 nvMXdiZc V:248 H: 90 F: 7
		878C39 A9 0D       LDA #$0D               A:0000 X:0002 Y:0097 S:012E D:0E68 DB:86 nvMXdiZc V:248 H: 94 F: 7
		878C3B A6 3D       LDX $3D       [000EA5] A:000D X:0002 Y:0097 S:012E D:0E68 DB:86 nvMXdizc V:248 H: 97 F: 7
		878C3D F0 02       BEQ $0002     [878C41] A:000D X:0000 Y:0097 S:012E D:0E68 DB:86 nvMXdiZc V:248 H:104 F: 7
		878C41 85 28       STA $28       [000E90] A:000D X:0000 Y:0097 S:012E D:0E68 DB:86 nvMXdiZc V:248 H:108 F: 7
		878C43 AD DB 0B    LDA $0BDB     [860BDB] A:000D X:0000 Y:0097 S:012E D:0E68 DB:86 nvMXdiZc V:248 H:115 F: 7
		878C46 C9 02       CMP #$02               A:0000 X:0000 Y:0097 S:012E D:0E68 DB:86 nvMXdiZc V:248 H:121 F: 7
		878C48 F0 04       BEQ $0004     [878C4E] A:0000 X:0000 Y:0097 S:012E D:0E68 DB:86 NvMXdizc V:248 H:124 F: 7
		878C4A A5 38       LDA $38       [000EA0] A:0000 X:0000 Y:0097 S:012E D:0E68 DB:86 NvMXdizc V:248 H:127 F: 7
		878C4C D0 4D       BNE $004D     [878C9B] A:0001 X:0000 Y:0097 S:012E D:0E68 DB:86 nvMXdizc V:248 H:134 F: 7
		878C9B A5 3D       LDA $3D       [000EA5] A:0001 X:0000 Y:0097 S:012E D:0E68 DB:86 nvMXdizc V:248 H:148 F: 7
		878C9D F0 0B       BEQ $000B     [878CAA] A:0000 X:0000 Y:0097 S:012E D:0E68 DB:86 nvMXdiZc V:248 H:155 F: 7
		878CAA A5 27       LDA $27       [000E8F] A:0000 X:0000 Y:0097 S:012E D:0E68 DB:86 nvMXdiZc V:248 H:159 F: 7
		878CAC 29 7F       AND #$7F               A:0020 X:0000 Y:0097 S:012E D:0E68 DB:86 nvMXdizc V:248 H:166 F: 7
		878CAE D0 19       BNE $0019     [878CC9] A:0020 X:0000 Y:0097 S:012E D:0E68 DB:86 nvMXdizc V:248 H:169 F: 7
		878CC9 A5 38       LDA $38       [000EA0] A:0020 X:0000 Y:0097 S:012E D:0E68 DB:86 nvMXdizc V:248 H:173 F: 7
		878CCB D0 13       BNE $0013     [878CE0] A:0001 X:0000 Y:0097 S:012E D:0E68 DB:86 nvMXdizc V:248 H:180 F: 7
		878CE0 20 70 91    JSR $9170     [879170] A:0001 X:0000 Y:0097 S:012E D:0E68 DB:86 nvMXdizc V:248 H:184 F: 7

			879170 A5 3C       LDA $3C       [000EA4] A:0001 X:0000 Y:0097 S:012C D:0E68 DB:86 nvMXdizc V:248 H:194 F: 7
			879172 10 32       BPL $0032     [8791A6] A:0000 X:0000 Y:0097 S:012C D:0E68 DB:86 nvMXdiZc V:248 H:201 F: 7
			8791A6 60          RTS                    A:0000 X:0000 Y:0097 S:012C D:0E68 DB:86 nvMXdiZc V:248 H:205 F: 7

		878CE3 A5 39       LDA $39       [000EA1] A:0000 X:0000 Y:0097 S:012E D:0E68 DB:86 nvMXdiZc V:248 H:215 F: 7
		878CE5 F0 07       BEQ $0007     [878CEE] A:0002 X:0000 Y:0097 S:012E D:0E68 DB:86 nvMXdizc V:248 H:222 F: 7		Branch if E-CDTeleport = #$00
		878CE7 3A          DEC                    A:0002 X:0000 Y:0097 S:012E D:0E68 DB:86 nvMXdizc V:248 H:225 F: 7
		878CE8 85 39       STA $39       [000EA1] A:0001 X:0000 Y:0097 S:012E D:0E68 DB:86 nvMXdizc V:248 H:228 F: 7		Decrease E-CDTeleport = #$01
		878CEA 4A          LSR A                  A:0001 X:0000 Y:0097 S:012E D:0E68 DB:86 nvMXdizc V:248 H:234 F: 7
		878CEB 90 01       BCC $0001     [878CEE] A:0000 X:0000 Y:0097 S:012E D:0E68 DB:86 nvMXdiZC V:248 H:237 F: 7
		878CED 6B          RTL                    A:0000 X:0000 Y:0097 S:012E D:0E68 DB:86 nvMXdiZC V:248 H:240 F: 7

	80F9CE 60          RTS                    A:0000 X:0000 Y:0097 S:0131 D:0E68 DB:86 nvMXdiZC V:248 H:251 F: 7

80D4F9 C2 21       REP #$21               A:0000 X:0000 Y:0097 S:0133 D:0E68 DB:86 nvMXdiZC V:248 H:261 F: 7
