80D4F6 20 30 D5    JSR $D530     [80D530] A:0E01 X:0000 Y:0097 S:0133 D:0E68 DB:86 nvMXdizC V:247 H:214 F:47

	80D530 C2 20       REP #$20               A:0E01 X:0000 Y:0097 S:0131 D:0E68 DB:86 nvMXdizC V:247 H:224 F:47
	80D532 A5 05       LDA $05       [000E6D] A:0E01 X:0000 Y:0097 S:0131 D:0E68 DB:86 nvmXdizC V:247 H:228 F:47
	80D534 85 22       STA $22       [000E8A] A:075C X:0000 Y:0097 S:0131 D:0E68 DB:86 nvmXdizC V:247 H:237 F:47
	80D536 A5 08       LDA $08       [000E70] A:075C X:0000 Y:0097 S:0131 D:0E68 DB:86 nvmXdizC V:247 H:245 F:47
	80D538 85 24       STA $24       [000E8C] A:00A8 X:0000 Y:0097 S:0131 D:0E68 DB:86 nvmXdizC V:247 H:254 F:47
	80D53A E2 20       SEP #$20               A:00A8 X:0000 Y:0097 S:0131 D:0E68 DB:86 nvmXdizC V:247 H:262 F:47
	80D53C A9 80       LDA #$80               A:00A8 X:0000 Y:0097 S:0131 D:0E68 DB:86 nvMXdizC V:247 H:267 F:47
	80D53E 14 0E       TRB $0E       [000E76] A:0080 X:0000 Y:0097 S:0131 D:0E68 DB:86 NvMXdizC V:247 H:270 F:47
	80D540 A5 0A       LDA $0A       [000E72] A:0080 X:0000 Y:0097 S:0131 D:0E68 DB:86 NvMXdizC V:247 H:280 F:47
	80D542 0A          ASL A                  A:0005 X:0000 Y:0097 S:0131 D:0E68 DB:86 nvMXdizC V:247 H:286 F:47
	80D543 AA          TAX                    A:000A X:0000 Y:0097 S:0131 D:0E68 DB:86 nvMXdizc V:247 H:289 F:47
	80D544 7C DD F8    JMP ($F8DD,X) [80F8E7] A:000A X:000A Y:0097 S:0131 D:0E68 DB:86 nvMXdizc V:247 H:292 F:47

	80F9CA 22 7E 8A 87 JSL $878A7E   [878A7E] A:000A X:000A Y:0097 S:0131 D:0E68 DB:86 nvMXdizc V:247 H:301 F:47

		878A7E A6 01       LDX $01       [000E69] A:000A X:000A Y:0097 S:012E D:0E68 DB:86 nvMXdizc V:247 H:315 F:47
		878A80 7C 83 8A    JMP ($8A83,X) [878A87] A:000A X:0004 Y:0097 S:012E D:0E68 DB:86 nvMXdizc V:247 H:321 F:47

		878C1A A5 33       LDA $33       [000E9B] A:000A X:0004 Y:0097 S:012E D:0E68 DB:86 nvMXdizc V:247 H:329 F:47
		878C1C 04 11       TSB $11       [000E79] A:0008 X:0004 Y:0097 S:012E D:0E68 DB:86 nvMXdizc V:247 H:336 F:47
		878C1E A6 02       LDX $02       [000E6A] A:0008 X:0004 Y:0097 S:012E D:0E68 DB:86 nvMXdizc V:248 H:  6 F:47
		878C20 FC F2 8C    JSR ($8CF2,X) [878CF6] A:0008 X:0004 Y:0097 S:012E D:0E68 DB:86 nvMXdizc V:248 H: 12 F:47

			878E5A A6 03       LDX $03       [000E6B] A:0008 X:0004 Y:0097 S:012C D:0E68 DB:86 nvMXdizc V:248 H: 25 F:47
			878E5C 7C 5F 8E    JMP ($8E5F,X) [878E61] A:0008 X:0002 Y:0097 S:012C D:0E68 DB:86 nvMXdizc V:248 H: 32 F:47

			878E8F A5 0F       LDA $0F       [000E77] A:0008 X:0002 Y:0097 S:012C D:0E68 DB:86 nvMXdizc V:248 H: 41 F:47
			878E91 10 0D       BPL $000D     [878EA0] A:0000 X:0002 Y:0097 S:012C D:0E68 DB:86 nvMXdiZc V:248 H: 47 F:47	Branch because E-SkelAction is positive
			878EA0 22 EA 8E 84 JSL $848EEA   [848EEA] A:0000 X:0002 Y:0097 S:012C D:0E68 DB:86 nvMXdiZc V:248 H: 52 F:47	JSL $848EEA --> Decrease CDSkel, Continue Skeleton

				848EEA 08          PHP                    A:0000 X:0002 Y:0097 S:0129 D:0E68 DB:86 nvMXdiZc V:248 H: 65 F:47
				848EEB 8B          PHB                    A:0000 X:0002 Y:0097 S:0128 D:0E68 DB:86 nvMXdiZc V:248 H: 70 F:47
				848EEC E2 30       SEP #$30               A:0000 X:0002 Y:0097 S:0127 D:0E68 DB:86 nvMXdiZc V:248 H: 75 F:47
				848EEE C6 13       DEC $13       [000E7B] A:0000 X:0002 Y:0097 S:0127 D:0E68 DB:86 nvMXdiZc V:248 H: 80 F:47
				848EF0 D0 5D       BNE $005D     [848F4F] A:0000 X:0002 Y:0097 S:0127 D:0E68 DB:86 nvMXdiZc V:248 H: 90 F:47
				848EF2 A9 AF       LDA #$AF               A:0000 X:0002 Y:0097 S:0127 D:0E68 DB:86 nvMXdiZc V:248 H: 93 F:47
				848EF4 48          PHA                    A:00AF X:0002 Y:0097 S:0127 D:0E68 DB:86 NvMXdizc V:248 H: 96 F:47
				848EF5 AB          PLB                    A:00AF X:0002 Y:0097 S:0126 D:0E68 DB:86 NvMXdizc V:248 H:101 F:47
				848EF6 C2 21       REP #$21               A:00AF X:0002 Y:0097 S:0127 D:0E68 DB:AF NvMXdizc V:248 H:107 F:47
				848EF8 A5 14       LDA $14       [000E7C] A:00AF X:0002 Y:0097 S:0127 D:0E68 DB:AF NvmXdizc V:248 H:112 F:47
				848EFA 69 03 00    ADC #$0003             A:D3E8 X:0002 Y:0097 S:0127 D:0E68 DB:AF NvmXdizc V:248 H:120 F:47
				848EFD A4 0F       LDY $0F       [000E77] A:D3EB X:0002 Y:0097 S:0127 D:0E68 DB:AF NvmXdizc V:248 H:125 F:47
				848EFF 10 37       BPL $0037     [848F38] A:D3EB X:0002 Y:0000 S:0127 D:0E68 DB:AF nvmXdiZc V:248 H:131 F:47
				848F38 85 14       STA $14       [000E7C] A:D3EB X:0002 Y:0000 S:0127 D:0E68 DB:AF nvmXdiZc V:248 H:146 F:47
				848F3A E2 30       SEP #$30               A:D3EB X:0002 Y:0000 S:0127 D:0E68 DB:AF nvmXdiZc V:248 H:154 F:47
				848F3C B2 14       LDA ($14)     [AFD3EB] A:D3EB X:0002 Y:0000 S:0127 D:0E68 DB:AF nvMXdiZc V:248 H:159 F:47
				848F3E 85 13       STA $13       [000E7B] A:D320 X:0002 Y:0000 S:0127 D:0E68 DB:AF nvMXdizc V:248 H:169 F:47
				848F40 A0 01       LDY #$01               A:D320 X:0002 Y:0000 S:0127 D:0E68 DB:AF nvMXdizc V:248 H:175 F:47
				848F42 B1 14       LDA ($14),Y   [AFD3EC] A:D320 X:0002 Y:0001 S:0127 D:0E68 DB:AF nvMXdizc V:248 H:178 F:47
				848F44 85 0F       STA $0F       [000E77] A:D380 X:0002 Y:0001 S:0127 D:0E68 DB:AF NvMXdizc V:248 H:188 F:47
				848F46 C8          INY                    A:D380 X:0002 Y:0001 S:0127 D:0E68 DB:AF NvMXdizc V:248 H:195 F:47
				848F47 B1 14       LDA ($14),Y   [AFD3ED] A:D380 X:0002 Y:0002 S:0127 D:0E68 DB:AF nvMXdizc V:248 H:198 F:47
				848F49 85 17       STA $17       [000E7F] A:D305 X:0002 Y:0002 S:0127 D:0E68 DB:AF nvMXdizc V:248 H:208 F:47
				848F4B A9 80       LDA #$80               A:D305 X:0002 Y:0002 S:0127 D:0E68 DB:AF nvMXdizc V:248 H:214 F:47
				848F4D 04 17       TSB $17       [000E7F] A:D380 X:0002 Y:0002 S:0127 D:0E68 DB:AF NvMXdizc V:248 H:217 F:47
				848F4F AB          PLB                    A:D380 X:0002 Y:0002 S:0127 D:0E68 DB:AF NvMXdiZc V:248 H:227 F:47
				848F50 28          PLP                    A:D380 X:0002 Y:0002 S:0128 D:0E68 DB:86 NvMXdizc V:248 H:234 F:47
				848F51 6B          RTL                    A:D380 X:0002 Y:0002 S:0129 D:0E68 DB:86 nvMXdiZc V:248 H:240 F:47

			878EA4 A5 0F       LDA $0F       [000E77] A:D380 X:0002 Y:0002 S:012C D:0E68 DB:86 nvMXdiZc V:248 H:251 F:47
			878EA6 10 08       BPL $0008     [878EB0] A:D380 X:0002 Y:0002 S:012C D:0E68 DB:86 NvMXdizc V:248 H:257 F:47	Branch if SkelAction is positive
			878EA8 A9 14       LDA #$14               A:D380 X:0002 Y:0002 S:012C D:0E68 DB:86 NvMXdizc V:248 H:260 F:47
			878EAA 85 39       STA $39       [000EA1] A:D314 X:0002 Y:0002 S:012C D:0E68 DB:86 nvMXdizc V:248 H:263 F:47	E-CDTeleport = #$14
			878EAC A9 01       LDA #$01               A:D314 X:0002 Y:0002 S:012C D:0E68 DB:86 nvMXdizc V:248 H:270 F:47
			878EAE 85 38       STA $38       [000EA0] A:D301 X:0002 Y:0002 S:012C D:0E68 DB:86 nvMXdizc V:248 H:273 F:47	E-Teleporting = #$01
			878EB0 60          RTS                    A:D301 X:0002 Y:0002 S:012C D:0E68 DB:86 nvMXdizc V:248 H:279 F:47	Return

		878C23 A5 37       LDA $37       [000E9F] A:D301 X:0002 Y:0002 S:012E D:0E68 DB:86 nvMXdizc V:248 H:289 F:47
		878C25 F0 12       BEQ $0012     [878C39] A:D300 X:0002 Y:0002 S:012E D:0E68 DB:86 nvMXdiZc V:248 H:296 F:47
		878C39 A9 0D       LDA #$0D               A:D300 X:0002 Y:0002 S:012E D:0E68 DB:86 nvMXdiZc V:248 H:300 F:47
		878C3B A6 3D       LDX $3D       [000EA5] A:D30D X:0002 Y:0002 S:012E D:0E68 DB:86 nvMXdizc V:248 H:303 F:47
		878C3D F0 02       BEQ $0002     [878C41] A:D30D X:0000 Y:0002 S:012E D:0E68 DB:86 nvMXdiZc V:248 H:310 F:47
		878C41 85 28       STA $28       [000E90] A:D30D X:0000 Y:0002 S:012E D:0E68 DB:86 nvMXdiZc V:248 H:314 F:47
		878C43 AD DB 0B    LDA $0BDB     [860BDB] A:D30D X:0000 Y:0002 S:012E D:0E68 DB:86 nvMXdiZc V:248 H:321 F:47
		878C46 C9 02       CMP #$02               A:D300 X:0000 Y:0002 S:012E D:0E68 DB:86 nvMXdiZc V:248 H:327 F:47
		878C48 F0 04       BEQ $0004     [878C4E] A:D300 X:0000 Y:0002 S:012E D:0E68 DB:86 NvMXdizc V:248 H:329 F:47
		878C4A A5 38       LDA $38       [000EA0] A:D300 X:0000 Y:0002 S:012E D:0E68 DB:86 NvMXdizc V:248 H:332 F:47
		878C4C D0 4D       BNE $004D     [878C9B] A:D301 X:0000 Y:0002 S:012E D:0E68 DB:86 nvMXdizc V:248 H:339 F:47
		878C9B A5 3D       LDA $3D       [000EA5] A:D301 X:0000 Y:0002 S:012E D:0E68 DB:86 nvMXdizc V:249 H:  3 F:47
		878C9D F0 0B       BEQ $000B     [878CAA] A:D300 X:0000 Y:0002 S:012E D:0E68 DB:86 nvMXdiZc V:249 H: 10 F:47
		878CAA A5 27       LDA $27       [000E8F] A:D300 X:0000 Y:0002 S:012E D:0E68 DB:86 nvMXdiZc V:249 H: 14 F:47
		878CAC 29 7F       AND #$7F               A:D320 X:0000 Y:0002 S:012E D:0E68 DB:86 nvMXdizc V:249 H: 21 F:47
		878CAE D0 19       BNE $0019     [878CC9] A:D320 X:0000 Y:0002 S:012E D:0E68 DB:86 nvMXdizc V:249 H: 24 F:47
		878CC9 A5 38       LDA $38       [000EA0] A:D320 X:0000 Y:0002 S:012E D:0E68 DB:86 nvMXdizc V:249 H: 28 F:47
		878CCB D0 13       BNE $0013     [878CE0] A:D301 X:0000 Y:0002 S:012E D:0E68 DB:86 nvMXdizc V:249 H: 35 F:47
		878CE0 20 70 91    JSR $9170     [879170] A:D301 X:0000 Y:0002 S:012E D:0E68 DB:86 nvMXdizc V:249 H: 39 F:47

			879170 A5 3C       LDA $3C       [000EA4] A:D301 X:0000 Y:0002 S:012C D:0E68 DB:86 nvMXdizc V:249 H: 49 F:47
			879172 10 32       BPL $0032     [8791A6] A:D300 X:0000 Y:0002 S:012C D:0E68 DB:86 nvMXdiZc V:249 H: 56 F:47
			8791A6 60          RTS                    A:D300 X:0000 Y:0002 S:012C D:0E68 DB:86 nvMXdiZc V:249 H: 60 F:47

		878CE3 A5 39       LDA $39       [000EA1] A:D300 X:0000 Y:0002 S:012E D:0E68 DB:86 nvMXdiZc V:249 H: 70 F:47
		878CE5 F0 07       BEQ $0007     [878CEE] A:D314 X:0000 Y:0002 S:012E D:0E68 DB:86 nvMXdizc V:249 H: 77 F:47		Branch if CDTeleport = #$00
		878CE7 3A          DEC                    A:D314 X:0000 Y:0002 S:012E D:0E68 DB:86 nvMXdizc V:249 H: 80 F:47
		878CE8 85 39       STA $39       [000EA1] A:D313 X:0000 Y:0002 S:012E D:0E68 DB:86 nvMXdizc V:249 H: 83 F:47		Decrease CDTeleport = #$13
		878CEA 4A          LSR A                  A:D313 X:0000 Y:0002 S:012E D:0E68 DB:86 nvMXdizc V:249 H: 89 F:47
		878CEB 90 01       BCC $0001     [878CEE] A:D309 X:0000 Y:0002 S:012E D:0E68 DB:86 nvMXdizC V:249 H: 92 F:47
		878CED 6B          RTL                    A:D309 X:0000 Y:0002 S:012E D:0E68 DB:86 nvMXdizC V:249 H: 95 F:47

	80F9CE 60          RTS                    A:D309 X:0000 Y:0002 S:0131 D:0E68 DB:86 nvMXdizC V:249 H:106 F:47

80D4F9 C2 21       REP #$21               A:D309 X:0000 Y:0002 S:0133 D:0E68 DB:86 nvMXdizC V:249 H:116 F:47
