80D4F6 20 30 D5    JSR $D530     [80D530] A:0E01 X:0000 Y:0095 S:0133 D:0E68 DB:86 nvMXdizC V:247 H:164 F:16

	80D530 C2 20       REP #$20               A:0E01 X:0000 Y:0095 S:0131 D:0E68 DB:86 nvMXdizC V:247 H:174 F:16
	80D532 A5 05       LDA $05       [000E6D] A:0E01 X:0000 Y:0095 S:0131 D:0E68 DB:86 nvmXdizC V:247 H:179 F:16
	80D534 85 22       STA $22       [000E8A] A:0784 X:0000 Y:0095 S:0131 D:0E68 DB:86 nvmXdizC V:247 H:187 F:16
	80D536 A5 08       LDA $08       [000E70] A:0784 X:0000 Y:0095 S:0131 D:0E68 DB:86 nvmXdizC V:247 H:196 F:16
	80D538 85 24       STA $24       [000E8C] A:00A8 X:0000 Y:0095 S:0131 D:0E68 DB:86 nvmXdizC V:247 H:204 F:16
	80D53A E2 20       SEP #$20               A:00A8 X:0000 Y:0095 S:0131 D:0E68 DB:86 nvmXdizC V:247 H:213 F:16
	80D53C A9 80       LDA #$80               A:00A8 X:0000 Y:0095 S:0131 D:0E68 DB:86 nvMXdizC V:247 H:217 F:16
	80D53E 14 0E       TRB $0E       [000E76] A:0080 X:0000 Y:0095 S:0131 D:0E68 DB:86 NvMXdizC V:247 H:220 F:16
	80D540 A5 0A       LDA $0A       [000E72] A:0080 X:0000 Y:0095 S:0131 D:0E68 DB:86 NvMXdiZC V:247 H:230 F:16
	80D542 0A          ASL A                  A:0005 X:0000 Y:0095 S:0131 D:0E68 DB:86 nvMXdizC V:247 H:237 F:16
	80D543 AA          TAX                    A:000A X:0000 Y:0095 S:0131 D:0E68 DB:86 nvMXdizc V:247 H:240 F:16
	80D544 7C DD F8    JMP ($F8DD,X) [80F8E7] A:000A X:000A Y:0095 S:0131 D:0E68 DB:86 nvMXdizc V:247 H:243 F:16

	80F9CA 22 7E 8A 87 JSL $878A7E   [878A7E] A:000A X:000A Y:0095 S:0131 D:0E68 DB:86 nvMXdizc V:247 H:252 F:16

		878A7E A6 01       LDX $01       [000E69] A:000A X:000A Y:0095 S:012E D:0E68 DB:86 nvMXdizc V:247 H:265 F:16
		878A80 7C 83 8A    JMP ($8A83,X) [878A87] A:000A X:0004 Y:0095 S:012E D:0E68 DB:86 nvMXdizc V:247 H:272 F:16

		878C1A A5 33       LDA $33       [000E9B] A:000A X:0004 Y:0095 S:012E D:0E68 DB:86 nvMXdizc V:247 H:281 F:16
		878C1C 04 11       TSB $11       [000E79] A:0008 X:0004 Y:0095 S:012E D:0E68 DB:86 nvMXdizc V:247 H:287 F:16
		878C1E A6 02       LDX $02       [000E6A] A:0008 X:0004 Y:0095 S:012E D:0E68 DB:86 nvMXdizc V:247 H:297 F:16
		878C20 FC F2 8C    JSR ($8CF2,X) [878CF6] A:0008 X:0004 Y:0095 S:012E D:0E68 DB:86 nvMXdizc V:247 H:304 F:16

			878E5A A6 03       LDX $03       [000E6B] A:0008 X:0004 Y:0095 S:012C D:0E68 DB:86 nvMXdizc V:247 H:317 F:16
			878E5C 7C 5F 8E    JMP ($8E5F,X) [878E63] A:0008 X:0004 Y:0095 S:012C D:0E68 DB:86 nvMXdizc V:247 H:323 F:16

			878EB1 A9 02       LDA #$02               A:0008 X:0004 Y:0095 S:012C D:0E68 DB:86 nvMXdizc V:247 H:331 F:16
			878EB3 85 39       STA $39       [000EA1] A:0002 X:0004 Y:0095 S:012C D:0E68 DB:86 nvMXdizc V:247 H:334 F:16		E-CDTeleport = #$02
			878EB5 22 3E 82 82 JSL $82823E   [82823E] A:0002 X:0004 Y:0095 S:012C D:0E68 DB:86 nvMXdizc V:248 H:  1 F:16		JSL $82823E --> Update X-Pos

				82823E 08          PHP                    A:0002 X:0004 Y:0095 S:0129 D:0E68 DB:86 nvMXdizc V:248 H: 14 F:16
				82823F C2 21       REP #$21               A:0002 X:0004 Y:0095 S:0128 D:0E68 DB:86 nvMXdizc V:248 H: 19 F:16
				828241 A5 04       LDA $04       [000E6C] A:0002 X:0004 Y:0095 S:0128 D:0E68 DB:86 nvmXdizc V:248 H: 24 F:16
				828243 65 1A       ADC $1A       [000E82] A:8400 X:0004 Y:0095 S:0128 D:0E68 DB:86 NvmXdizc V:248 H: 32 F:16
				828245 85 04       STA $04       [000E6C] A:8C00 X:0004 Y:0095 S:0128 D:0E68 DB:86 NvmXdizc V:248 H: 41 F:16
				828247 E2 20       SEP #$20               A:8C00 X:0004 Y:0095 S:0128 D:0E68 DB:86 NvmXdizc V:248 H: 49 F:16
				828249 24 1B       BIT $1B       [000E83] A:8C00 X:0004 Y:0095 S:0128 D:0E68 DB:86 NvMXdizc V:248 H: 54 F:16
				82824B 30 08       BMI $0008     [828255] A:8C00 X:0004 Y:0095 S:0128 D:0E68 DB:86 nvMXdiZc V:248 H: 60 F:16
				82824D A5 06       LDA $06       [000E6E] A:8C00 X:0004 Y:0095 S:0128 D:0E68 DB:86 nvMXdiZc V:248 H: 63 F:16
				82824F 69 00       ADC #$00               A:8C07 X:0004 Y:0095 S:0128 D:0E68 DB:86 nvMXdizc V:248 H: 70 F:16
				828251 85 06       STA $06       [000E6E] A:8C07 X:0004 Y:0095 S:0128 D:0E68 DB:86 nvMXdizc V:248 H: 73 F:16
				828253 28          PLP                    A:8C07 X:0004 Y:0095 S:0128 D:0E68 DB:86 nvMXdizc V:248 H: 79 F:16
				828254 6B          RTL                    A:8C07 X:0004 Y:0095 S:0129 D:0E68 DB:86 nvMXdizc V:248 H: 86 F:16

			878EB9 22 BE 91 84 JSL $8491BE   [8491BE] A:8C07 X:0004 Y:0095 S:012C D:0E68 DB:86 nvMXdizc V:248 H: 96 F:16		JSL $8491BE --> Check for colissions, adjust position, update Contact

				8491BE 08          PHP                    A:8C07 X:0004 Y:0095 S:0129 D:0E68 DB:86 nvMXdizc V:248 H:110 F:16
				8491BF 0B          PHD                    A:8C07 X:0004 Y:0095 S:0128 D:0E68 DB:86 nvMXdizc V:248 H:115 F:16
				8491C0 C2 30       REP #$30               A:8C07 X:0004 Y:0095 S:0126 D:0E68 DB:86 nvMXdizc V:248 H:122 F:16
				8491C2 A5 20       LDA $20       [000E88] A:8C07 X:0004 Y:0095 S:0126 D:0E68 DB:86 nvmxdizc V:248 H:126 F:16
				8491C4 F0 15       BEQ $0015     [8491DB] A:C58D X:0004 Y:0095 S:0126 D:0E68 DB:86 Nvmxdizc V:248 H:145 F:16
				8491C6 7B          TDC                    A:C58D X:0004 Y:0095 S:0126 D:0E68 DB:86 Nvmxdizc V:248 H:148 F:16
				8491C7 AA          TAX                    A:0E68 X:0004 Y:0095 S:0126 D:0E68 DB:86 nvmxdizc V:248 H:151 F:16
				8491C8 A9 00 00    LDA #$0000             A:0E68 X:0E68 Y:0095 S:0126 D:0E68 DB:86 nvmxdizc V:248 H:154 F:16
				8491CB 5B          TCD                    A:0000 X:0E68 Y:0095 S:0126 D:0E68 DB:86 nvmxdiZc V:248 H:158 F:16
				8491CC 64 14       STZ $14       [000014] A:0000 X:0E68 Y:0095 S:0126 D:0000 DB:86 nvmxdiZc V:248 H:161 F:16
				8491CE B5 2B       LDA $2B,X     [000E93] A:0000 X:0E68 Y:0095 S:0126 D:0000 DB:86 nvmxdiZc V:248 H:168 F:16
				8491D0 29 00 FF    AND #$FF00             A:0004 X:0E68 Y:0095 S:0126 D:0000 DB:86 nvmxdizc V:248 H:177 F:16
				8491D3 95 2B       STA $2B,X     [000E93] A:0000 X:0E68 Y:0095 S:0126 D:0000 DB:86 nvmxdiZc V:248 H:181 F:16
				8491D5 20 AC 92    JSR $92AC     [8492AC] A:0000 X:0E68 Y:0095 S:0126 D:0000 DB:86 nvmxdiZc V:248 H:190 F:16

				8492AC C2 30       REP #$30               A:0000 X:0E68 Y:0095 S:0124 D:0000 DB:86 nvmxdiZc V:248 H:200 F:16
				8492AE B5 05       LDA $05,X     [000E6D] A:0000 X:0E68 Y:0095 S:0124 D:0000 DB:86 nvmxdiZc V:248 H:204 F:16
				8492B0 38          SEC                    A:078C X:0E68 Y:0095 S:0124 D:0000 DB:86 nvmxdizc V:248 H:213 F:16
				8492B1 F5 22       SBC $22,X     [000E8A] A:078C X:0E68 Y:0095 S:0124 D:0000 DB:86 nvmxdizC V:248 H:216 F:16
				8492B3 85 00       STA $00       [000000] A:0008 X:0E68 Y:0095 S:0124 D:0000 DB:86 nvmxdizC V:248 H:224 F:16
				8492B5 E2 20       SEP #$20               A:0008 X:0E68 Y:0095 S:0124 D:0000 DB:86 nvmxdizC V:248 H:231 F:16
				8492B7 F0 4C       BEQ $004C     [849305] A:0008 X:0E68 Y:0095 S:0124 D:0000 DB:86 nvMxdizC V:248 H:236 F:16
				8492B9 B4 20       LDY $20,X     [000E88] A:0008 X:0E68 Y:0095 S:0124 D:0000 DB:86 nvMxdizC V:248 H:239 F:16
				8492BB B9 05 00    LDA $0005,Y   [86C592] A:0008 X:0E68 Y:C58D S:0124 D:0000 DB:86 NvMxdizC V:248 H:247 F:16
				8492BE 34 11       BIT $11,X     [000E79] A:0000 X:0E68 Y:C58D S:0124 D:0000 DB:86 nvMxdiZC V:248 H:255 F:16
				8492C0 50 03       BVC $0003     [8492C5] A:0000 X:0E68 Y:C58D S:0124 D:0000 DB:86 nvMxdiZC V:248 H:261 F:16
				8492C5 24 00       BIT $00       [000000] A:0000 X:0E68 Y:C58D S:0124 D:0000 DB:86 nvMxdiZC V:248 H:266 F:16
				8492C7 10 06       BPL $0006     [8492CF] A:0000 X:0E68 Y:C58D S:0124 D:0000 DB:86 nvMxdiZC V:248 H:271 F:16
				8492CF 18          CLC                    A:0000 X:0E68 Y:C58D S:0124 D:0000 DB:86 nvMxdiZC V:248 H:275 F:16
				8492D0 79 07 00    ADC $0007,Y   [86C594] A:0000 X:0E68 Y:C58D S:0124 D:0000 DB:86 nvMxdiZc V:248 H:278 F:16
				8492D3 95 29       STA $29,X     [000E91] A:000C X:0E68 Y:C58D S:0124 D:0000 DB:86 nvMxdizc V:248 H:286 F:16
				8492D5 B9 06 00    LDA $0006,Y   [86C593] A:000C X:0E68 Y:C58D S:0124 D:0000 DB:86 nvMxdizc V:248 H:292 F:16
				8492D8 95 2A       STA $2A,X     [000E92] A:0002 X:0E68 Y:C58D S:0124 D:0000 DB:86 nvMxdizc V:248 H:300 F:16
				8492DA 20 15 93    JSR $9315     [849315] A:0002 X:0E68 Y:C58D S:0124 D:0000 DB:86 nvMxdizc V:248 H:306 F:16

				849315 20 B3 90    JSR $90B3     [8490B3] A:0002 X:0E68 Y:C58D S:0122 D:0000 DB:86 nvMxdizc V:248 H:316 F:16

				8490B3 0B          PHD                    A:0002 X:0E68 Y:C58D S:0120 D:0000 DB:86 nvMxdizc V:248 H:326 F:16
				8490B4 DA          PHX                    A:0002 X:0E68 Y:C58D S:011E D:0000 DB:86 nvMxdizc V:248 H:332 F:16
				8490B5 08          PHP                    A:0002 X:0E68 Y:C58D S:011C D:0000 DB:86 nvMxdizc V:248 H:339 F:16
				8490B6 E2 20       SEP #$20               A:0002 X:0E68 Y:C58D S:011B D:0000 DB:86 nvMxdizc V:249 H:  4 F:16
				8490B8 C2 10       REP #$10               A:0002 X:0E68 Y:C58D S:011B D:0000 DB:86 nvMxdizc V:249 H:  9 F:16
				8490BA 64 01       STZ $01       [000001] A:0002 X:0E68 Y:C58D S:011B D:0000 DB:86 nvMxdizc V:249 H: 13 F:16
				8490BC B5 29       LDA $29,X     [000E91] A:0002 X:0E68 Y:C58D S:011B D:0000 DB:86 nvMxdizc V:249 H: 18 F:16
				8490BE 10 02       BPL $0002     [8490C2] A:000C X:0E68 Y:C58D S:011B D:0000 DB:86 nvMxdizc V:249 H: 25 F:16
				8490C2 18          CLC                    A:000C X:0E68 Y:C58D S:011B D:0000 DB:86 nvMxdizc V:249 H: 29 F:16
				8490C3 75 05       ADC $05,X     [000E6D] A:000C X:0E68 Y:C58D S:011B D:0000 DB:86 nvMxdizc V:249 H: 32 F:16
				8490C5 85 00       STA $00       [000000] A:0098 X:0E68 Y:C58D S:011B D:0000 DB:86 NvMxdizc V:249 H: 39 F:16
				8490C7 B5 06       LDA $06,X     [000E6E] A:0098 X:0E68 Y:C58D S:011B D:0000 DB:86 NvMxdizc V:249 H: 44 F:16
				8490C9 65 01       ADC $01       [000001] A:0007 X:0E68 Y:C58D S:011B D:0000 DB:86 nvMxdizc V:249 H: 50 F:16
				8490CB 85 01       STA $01       [000001] A:0007 X:0E68 Y:C58D S:011B D:0000 DB:86 nvMxdizc V:249 H: 55 F:16
				8490CD 64 03       STZ $03       [000003] A:0007 X:0E68 Y:C58D S:011B D:0000 DB:86 nvMxdizc V:249 H: 60 F:16
				8490CF B5 2A       LDA $2A,X     [000E92] A:0007 X:0E68 Y:C58D S:011B D:0000 DB:86 nvMxdizc V:249 H: 65 F:16
				8490D1 10 02       BPL $0002     [8490D5] A:0002 X:0E68 Y:C58D S:011B D:0000 DB:86 nvMxdizc V:249 H: 72 F:16
				8490D5 18          CLC                    A:0002 X:0E68 Y:C58D S:011B D:0000 DB:86 nvMxdizc V:249 H: 76 F:16
				8490D6 75 08       ADC $08,X     [000E70] A:0002 X:0E68 Y:C58D S:011B D:0000 DB:86 nvMxdizc V:249 H: 79 F:16
				8490D8 85 02       STA $02       [000002] A:00AA X:0E68 Y:C58D S:011B D:0000 DB:86 NvMxdizc V:249 H: 86 F:16
				8490DA 29 F0       AND #$F0               A:00AA X:0E68 Y:C58D S:011B D:0000 DB:86 NvMxdizc V:249 H: 91 F:16
				8490DC 85 0A       STA $0A       [00000A] A:00A0 X:0E68 Y:C58D S:011B D:0000 DB:86 NvMxdizc V:249 H: 94 F:16
				8490DE B5 09       LDA $09,X     [000E71] A:00A0 X:0E68 Y:C58D S:011B D:0000 DB:86 NvMxdizc V:249 H: 99 F:16
				8490E0 65 03       ADC $03       [000003] A:0000 X:0E68 Y:C58D S:011B D:0000 DB:86 nvMxdiZc V:249 H:105 F:16
				8490E2 85 03       STA $03       [000003] A:0000 X:0E68 Y:C58D S:011B D:0000 DB:86 nvMxdiZc V:249 H:110 F:16
				8490E4 85 0B       STA $0B       [00000B] A:0000 X:0E68 Y:C58D S:011B D:0000 DB:86 nvMxdiZc V:249 H:115 F:16
				8490E6 A5 00       LDA $00       [000000] A:0000 X:0E68 Y:C58D S:011B D:0000 DB:86 nvMxdiZc V:249 H:120 F:16
				8490E8 29 0F       AND #$0F               A:0098 X:0E68 Y:C58D S:011B D:0000 DB:86 NvMxdizc V:249 H:125 F:16
				8490EA 1A          INC                    A:0008 X:0E68 Y:C58D S:011B D:0000 DB:86 nvMxdizc V:249 H:128 F:16
				8490EB 85 0C       STA $0C       [00000C] A:0009 X:0E68 Y:C58D S:011B D:0000 DB:86 nvMxdizc V:249 H:131 F:16
				8490ED A5 02       LDA $02       [000002] A:0009 X:0E68 Y:C58D S:011B D:0000 DB:86 nvMxdizc V:249 H:146 F:16
				8490EF 29 0F       AND #$0F               A:00AA X:0E68 Y:C58D S:011B D:0000 DB:86 NvMxdizc V:249 H:151 F:16
				8490F1 1A          INC                    A:000A X:0E68 Y:C58D S:011B D:0000 DB:86 nvMxdizc V:249 H:154 F:16
				8490F2 85 0E       STA $0E       [00000E] A:000B X:0E68 Y:C58D S:011B D:0000 DB:86 nvMxdizc V:249 H:157 F:16
				8490F4 C2 20       REP #$20               A:000B X:0E68 Y:C58D S:011B D:0000 DB:86 nvMxdizc V:249 H:162 F:16
				8490F6 20 6A 91    JSR $916A     [84916A] A:000B X:0E68 Y:C58D S:011B D:0000 DB:86 nvmxdizc V:249 H:167 F:16

				84916A A9 00 E8    LDA #$E800             A:000B X:0E68 Y:C58D S:0119 D:0000 DB:86 nvmxdizc V:249 H:177 F:16
				84916D 85 10       STA $10       [000010] A:E800 X:0E68 Y:C58D S:0119 D:0000 DB:86 Nvmxdizc V:249 H:181 F:16
				84916F A9 7E 00    LDA #$007E             A:E800 X:0E68 Y:C58D S:0119 D:0000 DB:86 Nvmxdizc V:249 H:188 F:16
				849172 85 12       STA $12       [000012] A:007E X:0E68 Y:C58D S:0119 D:0000 DB:86 nvmxdizc V:249 H:193 F:16
				849174 A5 02       LDA $02       [000002] A:007E X:0E68 Y:C58D S:0119 D:0000 DB:86 nvmxdizc V:249 H:200 F:16
				849176 29 F0 00    AND #$00F0             A:00AA X:0E68 Y:C58D S:0119 D:0000 DB:86 nvmxdizc V:249 H:207 F:16
				849179 0A          ASL A                  A:00A0 X:0E68 Y:C58D S:0119 D:0000 DB:86 nvmxdizc V:249 H:211 F:16
				84917A 85 04       STA $04       [000004] A:0140 X:0E68 Y:C58D S:0119 D:0000 DB:86 nvmxdizc V:249 H:214 F:16
				84917C A5 00       LDA $00       [000000] A:0140 X:0E68 Y:C58D S:0119 D:0000 DB:86 nvmxdizc V:249 H:221 F:16
				84917E 29 FF 00    AND #$00FF             A:0798 X:0E68 Y:C58D S:0119 D:0000 DB:86 nvmxdizc V:249 H:228 F:16
				849181 4A          LSR A                  A:0098 X:0E68 Y:C58D S:0119 D:0000 DB:86 nvmxdizc V:249 H:233 F:16
				849182 4A          LSR A                  A:004C X:0E68 Y:C58D S:0119 D:0000 DB:86 nvmxdizc V:249 H:236 F:16
				849183 4A          LSR A                  A:0026 X:0E68 Y:C58D S:0119 D:0000 DB:86 nvmxdizc V:249 H:239 F:16
				849184 29 FE FF    AND #$FFFE             A:0013 X:0E68 Y:C58D S:0119 D:0000 DB:86 nvmxdizc V:249 H:242 F:16
				849187 18          CLC                    A:0012 X:0E68 Y:C58D S:0119 D:0000 DB:86 nvmxdizc V:249 H:246 F:16
				849188 65 04       ADC $04       [000004] A:0012 X:0E68 Y:C58D S:0119 D:0000 DB:86 nvmxdizc V:249 H:249 F:16
				84918A 85 06       STA $06       [000006] A:0152 X:0E68 Y:C58D S:0119 D:0000 DB:86 nvmxdizc V:249 H:256 F:16
				84918C A5 00       LDA $00       [000000] A:0152 X:0E68 Y:C58D S:0119 D:0000 DB:86 nvmxdizc V:249 H:263 F:16
				84918E EB          XBA                    A:0798 X:0E68 Y:C58D S:0119 D:0000 DB:86 nvmxdizc V:249 H:270 F:16
				84918F 29 1F 00    AND #$001F             A:9807 X:0E68 Y:C58D S:0119 D:0000 DB:86 nvmxdizc V:249 H:275 F:16
				849192 85 04       STA $04       [000004] A:0007 X:0E68 Y:C58D S:0119 D:0000 DB:86 nvmxdizc V:249 H:279 F:16
				849194 A5 02       LDA $02       [000002] A:0007 X:0E68 Y:C58D S:0119 D:0000 DB:86 nvmxdizc V:249 H:286 F:16
				849196 29 00 1F    AND #$1F00             A:00AA X:0E68 Y:C58D S:0119 D:0000 DB:86 nvmxdizc V:249 H:293 F:16
				849199 4A          LSR A                  A:0000 X:0E68 Y:C58D S:0119 D:0000 DB:86 nvmxdiZc V:249 H:298 F:16
				84919A 4A          LSR A                  A:0000 X:0E68 Y:C58D S:0119 D:0000 DB:86 nvmxdiZc V:249 H:301 F:16
				84919B 4A          LSR A                  A:0000 X:0E68 Y:C58D S:0119 D:0000 DB:86 nvmxdiZc V:249 H:304 F:16
				84919C 18          CLC                    A:0000 X:0E68 Y:C58D S:0119 D:0000 DB:86 nvmxdiZc V:249 H:307 F:16
				84919D 65 04       ADC $04       [000004] A:0000 X:0E68 Y:C58D S:0119 D:0000 DB:86 nvmxdiZc V:249 H:310 F:16
				84919F A8          TAY                    A:0007 X:0E68 Y:C58D S:0119 D:0000 DB:86 nvmxdizc V:249 H:317 F:16
				8491A0 B7 10       LDA [$10],Y   [7EE807] A:0007 X:0E68 Y:0007 S:0119 D:0000 DB:86 nvmxdizc V:249 H:320 F:16
				8491A2 29 FF 00    AND #$00FF             A:0003 X:0E68 Y:0007 S:0119 D:0000 DB:86 nvmxdizc V:249 H:332 F:16
				8491A5 A8          TAY                    A:0003 X:0E68 Y:0007 S:0119 D:0000 DB:86 nvmxdizc V:249 H:336 F:16
				8491A6 EB          XBA                    A:0003 X:0E68 Y:0003 S:0119 D:0000 DB:86 nvmxdizc V:249 H:339 F:16
				8491A7 0A          ASL A                  A:0300 X:0E68 Y:0003 S:0119 D:0000 DB:86 nvmxdiZc V:250 H:  4 F:16
				8491A8 18          CLC                    A:0600 X:0E68 Y:0003 S:0119 D:0000 DB:86 nvmxdizc V:250 H:  7 F:16
				8491A9 65 06       ADC $06       [000006] A:0600 X:0E68 Y:0003 S:0119 D:0000 DB:86 nvmxdizc V:250 H: 10 F:16
				8491AB AA          TAX                    A:0752 X:0E68 Y:0003 S:0119 D:0000 DB:86 nvmxdizc V:250 H: 17 F:16
				8491AC 60          RTS                    A:0752 X:0752 Y:0003 S:0119 D:0000 DB:86 nvmxdizc V:250 H: 20 F:16

				8490F9 BF 00 20 7E LDA $7E2000,X [7E2752] A:0752 X:0752 Y:0003 S:011B D:0000 DB:86 nvmxdizc V:250 H: 30 F:16
				8490FD A8          TAY                    A:027C X:0752 Y:0003 S:011B D:0000 DB:86 nvmxdizc V:250 H: 40 F:16
				8490FE AD 92 0B    LDA $0B92     [860B92] A:027C X:0752 Y:027C S:011B D:0000 DB:86 nvmxdizc V:250 H: 43 F:16
				849101 85 10       STA $10       [000010] A:F0A5 X:0752 Y:027C S:011B D:0000 DB:86 Nvmxdizc V:250 H: 51 F:16
				849103 AD 94 0B    LDA $0B94     [860B94] A:F0A5 X:0752 Y:027C S:011B D:0000 DB:86 Nvmxdizc V:250 H: 58 F:16
				849106 85 12       STA $12       [000012] A:6895 X:0752 Y:027C S:011B D:0000 DB:86 nvmxdizc V:250 H: 67 F:16
				849108 B7 10       LDA [$10],Y   [95F321] A:6895 X:0752 Y:027C S:011B D:0000 DB:86 nvmxdizc V:250 H: 74 F:16
				84910A 29 FF 00    AND #$00FF             A:0000 X:0752 Y:027C S:011B D:0000 DB:86 nvmxdiZc V:250 H: 86 F:16
				84910D 28          PLP                    A:0000 X:0752 Y:027C S:011B D:0000 DB:86 nvmxdiZc V:250 H: 90 F:16
				84910E FA          PLX                    A:0000 X:0752 Y:027C S:011C D:0000 DB:86 nvMxdizc V:250 H: 97 F:16
				84910F 2B          PLD                    A:0000 X:0E68 Y:027C S:011E D:0000 DB:86 nvMxdizc V:250 H:105 F:16
				849110 60          RTS                    A:0000 X:0E68 Y:027C S:0120 D:0000 DB:86 nvMxdiZc V:250 H:114 F:16

				849318 B4 05       LDY $05,X     [000E6D] A:0000 X:0E68 Y:027C S:0122 D:0000 DB:86 nvMxdiZc V:250 H:124 F:16
				84931A 84 10       STY $10       [000010] A:0000 X:0E68 Y:078C S:0122 D:0000 DB:86 nvMxdizc V:250 H:132 F:16
				84931C B4 08       LDY $08,X     [000E70] A:0000 X:0E68 Y:078C S:0122 D:0000 DB:86 nvMxdizc V:250 H:149 F:16
				84931E 84 12       STY $12       [000012] A:0000 X:0E68 Y:00A8 S:0122 D:0000 DB:86 nvMxdizc V:250 H:158 F:16
				849320 95 2D       STA $2D,X     [000E95] A:0000 X:0E68 Y:00A8 S:0122 D:0000 DB:86 nvMxdizc V:250 H:165 F:16
				849322 86 2C       STX $2C       [00002C] A:0000 X:0E68 Y:00A8 S:0122 D:0000 DB:86 nvMxdizc V:250 H:171 F:16
				849324 29 3F       AND #$3F               A:0000 X:0E68 Y:00A8 S:0122 D:0000 DB:86 nvMxdizc V:250 H:178 F:16
				849326 0A          ASL A                  A:0000 X:0E68 Y:00A8 S:0122 D:0000 DB:86 nvMxdiZc V:250 H:181 F:16
				849327 EB          XBA                    A:0000 X:0E68 Y:00A8 S:0122 D:0000 DB:86 nvMxdiZc V:250 H:184 F:16
				849328 A9 00       LDA #$00               A:0000 X:0E68 Y:00A8 S:0122 D:0000 DB:86 nvMxdiZc V:250 H:189 F:16
				84932A EB          XBA                    A:0000 X:0E68 Y:00A8 S:0122 D:0000 DB:86 nvMxdiZc V:250 H:192 F:16
				84932B AA          TAX                    A:0000 X:0E68 Y:00A8 S:0122 D:0000 DB:86 nvMxdiZc V:250 H:196 F:16
				84932C FC 5D 93    JSR ($935D,X) [84935D] A:0000 X:0000 Y:00A8 S:0122 D:0000 DB:86 nvMxdiZc V:250 H:199 F:16

				84977A A9 00       LDA #$00               A:0000 X:0000 Y:00A8 S:0120 D:0000 DB:86 nvMxdiZc V:250 H:212 F:16
				84977C 60          RTS                    A:0000 X:0000 Y:00A8 S:0120 D:0000 DB:86 nvMxdiZc V:250 H:215 F:16

				84932F 08          PHP                    A:0000 X:0000 Y:00A8 S:0122 D:0000 DB:86 nvMxdiZc V:250 H:225 F:16
				849330 A6 2C       LDX $2C       [00002C] A:0000 X:0000 Y:00A8 S:0121 D:0000 DB:86 nvMxdiZc V:250 H:230 F:16
				849332 A9 01       LDA #$01               A:0000 X:0E68 Y:00A8 S:0121 D:0000 DB:86 nvMxdizc V:250 H:237 F:16
				849334 34 29       BIT $29,X     [000E91] A:0001 X:0E68 Y:00A8 S:0121 D:0000 DB:86 nvMxdizc V:250 H:240 F:16
				849336 10 02       BPL $0002     [84933A] A:0001 X:0E68 Y:00A8 S:0121 D:0000 DB:86 nvMxdiZc V:250 H:247 F:16
				84933A 28          PLP                    A:0001 X:0E68 Y:00A8 S:0121 D:0000 DB:86 nvMxdiZc V:250 H:251 F:16
				84933B F0 0C       BEQ $000C     [849349] A:0001 X:0E68 Y:00A8 S:0122 D:0000 DB:86 nvMxdiZc V:250 H:258 F:16
				849349 49 FF       EOR #$FF               A:0001 X:0E68 Y:00A8 S:0122 D:0000 DB:86 nvMxdiZc V:250 H:262 F:16
				84934B 35 2B       AND $2B,X     [000E93] A:00FE X:0E68 Y:00A8 S:0122 D:0000 DB:86 NvMxdizc V:250 H:265 F:16
				84934D 95 2B       STA $2B,X     [000E93] A:0000 X:0E68 Y:00A8 S:0122 D:0000 DB:86 nvMxdiZc V:250 H:272 F:16
				84934F 20 08 93    JSR $9308     [849308] A:0000 X:0E68 Y:00A8 S:0122 D:0000 DB:86 nvMxdiZc V:250 H:278 F:16

				849308 A5 14       LDA $14       [000014] A:0000 X:0E68 Y:00A8 S:0120 D:0000 DB:86 nvMxdiZc V:250 H:288 F:16
				84930A F0 08       BEQ $0008     [849314] A:0000 X:0E68 Y:00A8 S:0120 D:0000 DB:86 nvMxdiZc V:250 H:293 F:16
				849314 60          RTS                    A:0000 X:0E68 Y:00A8 S:0120 D:0000 DB:86 nvMxdiZc V:250 H:298 F:16

				849352 A9 00       LDA #$00               A:0000 X:0E68 Y:00A8 S:0122 D:0000 DB:86 nvMxdiZc V:250 H:308 F:16
				849354 60          RTS                    A:0000 X:0E68 Y:00A8 S:0122 D:0000 DB:86 nvMxdiZc V:250 H:311 F:16

				8492DD D0 26       BNE $0026     [849305] A:0000 X:0E68 Y:00A8 S:0124 D:0000 DB:86 nvMxdiZc V:250 H:321 F:16
				8492DF B4 20       LDY $20,X     [000E88] A:0000 X:0E68 Y:00A8 S:0124 D:0000 DB:86 nvMxdiZc V:250 H:323 F:16
				8492E1 B9 06 00    LDA $0006,Y   [86C593] A:0000 X:0E68 Y:C58D S:0124 D:0000 DB:86 NvMxdizc V:250 H:331 F:16
				8492E4 38          SEC                    A:0002 X:0E68 Y:C58D S:0124 D:0000 DB:86 nvMxdizc V:250 H:339 F:16
				8492E5 F9 08 00    SBC $0008,Y   [86C595] A:0002 X:0E68 Y:C58D S:0124 D:0000 DB:86 nvMxdizC V:251 H:  2 F:16
				8492E8 18          CLC                    A:00ED X:0E68 Y:C58D S:0124 D:0000 DB:86 NvMxdizc V:251 H:  9 F:16
				8492E9 79 09 00    ADC $0009,Y   [86C596] A:00ED X:0E68 Y:C58D S:0124 D:0000 DB:86 NvMxdizc V:251 H: 12 F:16
				8492EC 95 2A       STA $2A,X     [000E92] A:00F9 X:0E68 Y:C58D S:0124 D:0000 DB:86 NvMxdizc V:251 H: 20 F:16
				8492EE 20 15 93    JSR $9315     [849315] A:00F9 X:0E68 Y:C58D S:0124 D:0000 DB:86 NvMxdizc V:251 H: 26 F:16

				849315 20 B3 90    JSR $90B3     [8490B3] A:00F9 X:0E68 Y:C58D S:0122 D:0000 DB:86 NvMxdizc V:251 H: 36 F:16

				8490B3 0B          PHD                    A:00F9 X:0E68 Y:C58D S:0120 D:0000 DB:86 NvMxdizc V:251 H: 46 F:16
				8490B4 DA          PHX                    A:00F9 X:0E68 Y:C58D S:011E D:0000 DB:86 NvMxdizc V:251 H: 53 F:16
				8490B5 08          PHP                    A:00F9 X:0E68 Y:C58D S:011C D:0000 DB:86 NvMxdizc V:251 H: 60 F:16
				8490B6 E2 20       SEP #$20               A:00F9 X:0E68 Y:C58D S:011B D:0000 DB:86 NvMxdizc V:251 H: 65 F:16
				8490B8 C2 10       REP #$10               A:00F9 X:0E68 Y:C58D S:011B D:0000 DB:86 NvMxdizc V:251 H: 70 F:16
				8490BA 64 01       STZ $01       [000001] A:00F9 X:0E68 Y:C58D S:011B D:0000 DB:86 NvMxdizc V:251 H: 74 F:16
				8490BC B5 29       LDA $29,X     [000E91] A:00F9 X:0E68 Y:C58D S:011B D:0000 DB:86 NvMxdizc V:251 H: 79 F:16
				8490BE 10 02       BPL $0002     [8490C2] A:000C X:0E68 Y:C58D S:011B D:0000 DB:86 nvMxdizc V:251 H: 86 F:16
				8490C2 18          CLC                    A:000C X:0E68 Y:C58D S:011B D:0000 DB:86 nvMxdizc V:251 H: 90 F:16
				8490C3 75 05       ADC $05,X     [000E6D] A:000C X:0E68 Y:C58D S:011B D:0000 DB:86 nvMxdizc V:251 H: 93 F:16
				8490C5 85 00       STA $00       [000000] A:0098 X:0E68 Y:C58D S:011B D:0000 DB:86 NvMxdizc V:251 H:100 F:16
				8490C7 B5 06       LDA $06,X     [000E6E] A:0098 X:0E68 Y:C58D S:011B D:0000 DB:86 NvMxdizc V:251 H:105 F:16
				8490C9 65 01       ADC $01       [000001] A:0007 X:0E68 Y:C58D S:011B D:0000 DB:86 nvMxdizc V:251 H:111 F:16
				8490CB 85 01       STA $01       [000001] A:0007 X:0E68 Y:C58D S:011B D:0000 DB:86 nvMxdizc V:251 H:116 F:16
				8490CD 64 03       STZ $03       [000003] A:0007 X:0E68 Y:C58D S:011B D:0000 DB:86 nvMxdizc V:251 H:121 F:16
				8490CF B5 2A       LDA $2A,X     [000E92] A:0007 X:0E68 Y:C58D S:011B D:0000 DB:86 nvMxdizc V:251 H:126 F:16
				8490D1 10 02       BPL $0002     [8490D5] A:00F9 X:0E68 Y:C58D S:011B D:0000 DB:86 NvMxdizc V:251 H:133 F:16
				8490D3 C6 03       DEC $03       [000003] A:00F9 X:0E68 Y:C58D S:011B D:0000 DB:86 NvMxdizc V:251 H:146 F:16
				8490D5 18          CLC                    A:00F9 X:0E68 Y:C58D S:011B D:0000 DB:86 NvMxdizc V:251 H:154 F:16
				8490D6 75 08       ADC $08,X     [000E70] A:00F9 X:0E68 Y:C58D S:011B D:0000 DB:86 NvMxdizc V:251 H:157 F:16
				8490D8 85 02       STA $02       [000002] A:00A1 X:0E68 Y:C58D S:011B D:0000 DB:86 NvMxdizC V:251 H:164 F:16
				8490DA 29 F0       AND #$F0               A:00A1 X:0E68 Y:C58D S:011B D:0000 DB:86 NvMxdizC V:251 H:169 F:16
				8490DC 85 0A       STA $0A       [00000A] A:00A0 X:0E68 Y:C58D S:011B D:0000 DB:86 NvMxdizC V:251 H:172 F:16
				8490DE B5 09       LDA $09,X     [000E71] A:00A0 X:0E68 Y:C58D S:011B D:0000 DB:86 NvMxdizC V:251 H:177 F:16
				8490E0 65 03       ADC $03       [000003] A:0000 X:0E68 Y:C58D S:011B D:0000 DB:86 nvMxdiZC V:251 H:183 F:16
				8490E2 85 03       STA $03       [000003] A:0000 X:0E68 Y:C58D S:011B D:0000 DB:86 nvMxdiZC V:251 H:188 F:16
				8490E4 85 0B       STA $0B       [00000B] A:0000 X:0E68 Y:C58D S:011B D:0000 DB:86 nvMxdiZC V:251 H:193 F:16
				8490E6 A5 00       LDA $00       [000000] A:0000 X:0E68 Y:C58D S:011B D:0000 DB:86 nvMxdiZC V:251 H:198 F:16
				8490E8 29 0F       AND #$0F               A:0098 X:0E68 Y:C58D S:011B D:0000 DB:86 NvMxdizC V:251 H:203 F:16
				8490EA 1A          INC                    A:0008 X:0E68 Y:C58D S:011B D:0000 DB:86 nvMxdizC V:251 H:206 F:16
				8490EB 85 0C       STA $0C       [00000C] A:0009 X:0E68 Y:C58D S:011B D:0000 DB:86 nvMxdizC V:251 H:209 F:16
				8490ED A5 02       LDA $02       [000002] A:0009 X:0E68 Y:C58D S:011B D:0000 DB:86 nvMxdizC V:251 H:214 F:16
				8490EF 29 0F       AND #$0F               A:00A1 X:0E68 Y:C58D S:011B D:0000 DB:86 NvMxdizC V:251 H:219 F:16
				8490F1 1A          INC                    A:0001 X:0E68 Y:C58D S:011B D:0000 DB:86 nvMxdizC V:251 H:222 F:16
				8490F2 85 0E       STA $0E       [00000E] A:0002 X:0E68 Y:C58D S:011B D:0000 DB:86 nvMxdizC V:251 H:225 F:16
				8490F4 C2 20       REP #$20               A:0002 X:0E68 Y:C58D S:011B D:0000 DB:86 nvMxdizC V:251 H:230 F:16
				8490F6 20 6A 91    JSR $916A     [84916A] A:0002 X:0E68 Y:C58D S:011B D:0000 DB:86 nvmxdizC V:251 H:235 F:16

				84916A A9 00 E8    LDA #$E800             A:0002 X:0E68 Y:C58D S:0119 D:0000 DB:86 nvmxdizC V:251 H:245 F:16
				84916D 85 10       STA $10       [000010] A:E800 X:0E68 Y:C58D S:0119 D:0000 DB:86 NvmxdizC V:251 H:249 F:16
				84916F A9 7E 00    LDA #$007E             A:E800 X:0E68 Y:C58D S:0119 D:0000 DB:86 NvmxdizC V:251 H:256 F:16
				849172 85 12       STA $12       [000012] A:007E X:0E68 Y:C58D S:0119 D:0000 DB:86 nvmxdizC V:251 H:261 F:16
				849174 A5 02       LDA $02       [000002] A:007E X:0E68 Y:C58D S:0119 D:0000 DB:86 nvmxdizC V:251 H:268 F:16
				849176 29 F0 00    AND #$00F0             A:00A1 X:0E68 Y:C58D S:0119 D:0000 DB:86 nvmxdizC V:251 H:275 F:16
				849179 0A          ASL A                  A:00A0 X:0E68 Y:C58D S:0119 D:0000 DB:86 nvmxdizC V:251 H:279 F:16
				84917A 85 04       STA $04       [000004] A:0140 X:0E68 Y:C58D S:0119 D:0000 DB:86 nvmxdizc V:251 H:282 F:16
				84917C A5 00       LDA $00       [000000] A:0140 X:0E68 Y:C58D S:0119 D:0000 DB:86 nvmxdizc V:251 H:289 F:16
				84917E 29 FF 00    AND #$00FF             A:0798 X:0E68 Y:C58D S:0119 D:0000 DB:86 nvmxdizc V:251 H:296 F:16
				849181 4A          LSR A                  A:0098 X:0E68 Y:C58D S:0119 D:0000 DB:86 nvmxdizc V:251 H:301 F:16
				849182 4A          LSR A                  A:004C X:0E68 Y:C58D S:0119 D:0000 DB:86 nvmxdizc V:251 H:304 F:16
				849183 4A          LSR A                  A:0026 X:0E68 Y:C58D S:0119 D:0000 DB:86 nvmxdizc V:251 H:307 F:16
				849184 29 FE FF    AND #$FFFE             A:0013 X:0E68 Y:C58D S:0119 D:0000 DB:86 nvmxdizc V:251 H:310 F:16
				849187 18          CLC                    A:0012 X:0E68 Y:C58D S:0119 D:0000 DB:86 nvmxdizc V:251 H:314 F:16
				849188 65 04       ADC $04       [000004] A:0012 X:0E68 Y:C58D S:0119 D:0000 DB:86 nvmxdizc V:251 H:317 F:16
				84918A 85 06       STA $06       [000006] A:0152 X:0E68 Y:C58D S:0119 D:0000 DB:86 nvmxdizc V:251 H:324 F:16
				84918C A5 00       LDA $00       [000000] A:0152 X:0E68 Y:C58D S:0119 D:0000 DB:86 nvmxdizc V:251 H:330 F:16
				84918E EB          XBA                    A:0798 X:0E68 Y:C58D S:0119 D:0000 DB:86 nvmxdizc V:251 H:337 F:16
				84918F 29 1F 00    AND #$001F             A:9807 X:0E68 Y:C58D S:0119 D:0000 DB:86 nvmxdizc V:252 H:  2 F:16
				849192 85 04       STA $04       [000004] A:0007 X:0E68 Y:C58D S:0119 D:0000 DB:86 nvmxdizc V:252 H:  6 F:16
				849194 A5 02       LDA $02       [000002] A:0007 X:0E68 Y:C58D S:0119 D:0000 DB:86 nvmxdizc V:252 H: 13 F:16
				849196 29 00 1F    AND #$1F00             A:00A1 X:0E68 Y:C58D S:0119 D:0000 DB:86 nvmxdizc V:252 H: 20 F:16
				849199 4A          LSR A                  A:0000 X:0E68 Y:C58D S:0119 D:0000 DB:86 nvmxdiZc V:252 H: 25 F:16
				84919A 4A          LSR A                  A:0000 X:0E68 Y:C58D S:0119 D:0000 DB:86 nvmxdiZc V:252 H: 28 F:16
				84919B 4A          LSR A                  A:0000 X:0E68 Y:C58D S:0119 D:0000 DB:86 nvmxdiZc V:252 H: 31 F:16
				84919C 18          CLC                    A:0000 X:0E68 Y:C58D S:0119 D:0000 DB:86 nvmxdiZc V:252 H: 34 F:16
				84919D 65 04       ADC $04       [000004] A:0000 X:0E68 Y:C58D S:0119 D:0000 DB:86 nvmxdiZc V:252 H: 37 F:16
				84919F A8          TAY                    A:0007 X:0E68 Y:C58D S:0119 D:0000 DB:86 nvmxdizc V:252 H: 44 F:16
				8491A0 B7 10       LDA [$10],Y   [7EE807] A:0007 X:0E68 Y:0007 S:0119 D:0000 DB:86 nvmxdizc V:252 H: 47 F:16
				8491A2 29 FF 00    AND #$00FF             A:0003 X:0E68 Y:0007 S:0119 D:0000 DB:86 nvmxdizc V:252 H: 60 F:16
				8491A5 A8          TAY                    A:0003 X:0E68 Y:0007 S:0119 D:0000 DB:86 nvmxdizc V:252 H: 64 F:16
				8491A6 EB          XBA                    A:0003 X:0E68 Y:0003 S:0119 D:0000 DB:86 nvmxdizc V:252 H: 67 F:16
				8491A7 0A          ASL A                  A:0300 X:0E68 Y:0003 S:0119 D:0000 DB:86 nvmxdiZc V:252 H: 72 F:16
				8491A8 18          CLC                    A:0600 X:0E68 Y:0003 S:0119 D:0000 DB:86 nvmxdizc V:252 H: 75 F:16
				8491A9 65 06       ADC $06       [000006] A:0600 X:0E68 Y:0003 S:0119 D:0000 DB:86 nvmxdizc V:252 H: 78 F:16
				8491AB AA          TAX                    A:0752 X:0E68 Y:0003 S:0119 D:0000 DB:86 nvmxdizc V:252 H: 85 F:16
				8491AC 60          RTS                    A:0752 X:0752 Y:0003 S:0119 D:0000 DB:86 nvmxdizc V:252 H: 88 F:16

				8490F9 BF 00 20 7E LDA $7E2000,X [7E2752] A:0752 X:0752 Y:0003 S:011B D:0000 DB:86 nvmxdizc V:252 H: 98 F:16
				8490FD A8          TAY                    A:027C X:0752 Y:0003 S:011B D:0000 DB:86 nvmxdizc V:252 H:108 F:16
				8490FE AD 92 0B    LDA $0B92     [860B92] A:027C X:0752 Y:027C S:011B D:0000 DB:86 nvmxdizc V:252 H:111 F:16
				849101 85 10       STA $10       [000010] A:F0A5 X:0752 Y:027C S:011B D:0000 DB:86 Nvmxdizc V:252 H:119 F:16
				849103 AD 94 0B    LDA $0B94     [860B94] A:F0A5 X:0752 Y:027C S:011B D:0000 DB:86 Nvmxdizc V:252 H:126 F:16
				849106 85 12       STA $12       [000012] A:6895 X:0752 Y:027C S:011B D:0000 DB:86 nvmxdizc V:252 H:145 F:16
				849108 B7 10       LDA [$10],Y   [95F321] A:6895 X:0752 Y:027C S:011B D:0000 DB:86 nvmxdizc V:252 H:152 F:16
				84910A 29 FF 00    AND #$00FF             A:0000 X:0752 Y:027C S:011B D:0000 DB:86 nvmxdiZc V:252 H:164 F:16
				84910D 28          PLP                    A:0000 X:0752 Y:027C S:011B D:0000 DB:86 nvmxdiZc V:252 H:168 F:16
				84910E FA          PLX                    A:0000 X:0752 Y:027C S:011C D:0000 DB:86 NvMxdizc V:252 H:175 F:16
				84910F 2B          PLD                    A:0000 X:0E68 Y:027C S:011E D:0000 DB:86 nvMxdizc V:252 H:183 F:16
				849110 60          RTS                    A:0000 X:0E68 Y:027C S:0120 D:0000 DB:86 nvMxdiZc V:252 H:192 F:16

				849318 B4 05       LDY $05,X     [000E6D] A:0000 X:0E68 Y:027C S:0122 D:0000 DB:86 nvMxdiZc V:252 H:202 F:16
				84931A 84 10       STY $10       [000010] A:0000 X:0E68 Y:078C S:0122 D:0000 DB:86 nvMxdizc V:252 H:210 F:16
				84931C B4 08       LDY $08,X     [000E70] A:0000 X:0E68 Y:078C S:0122 D:0000 DB:86 nvMxdizc V:252 H:217 F:16
				84931E 84 12       STY $12       [000012] A:0000 X:0E68 Y:00A8 S:0122 D:0000 DB:86 nvMxdizc V:252 H:226 F:16
				849320 95 2D       STA $2D,X     [000E95] A:0000 X:0E68 Y:00A8 S:0122 D:0000 DB:86 nvMxdizc V:252 H:233 F:16
				849322 86 2C       STX $2C       [00002C] A:0000 X:0E68 Y:00A8 S:0122 D:0000 DB:86 nvMxdizc V:252 H:239 F:16
				849324 29 3F       AND #$3F               A:0000 X:0E68 Y:00A8 S:0122 D:0000 DB:86 nvMxdizc V:252 H:246 F:16
				849326 0A          ASL A                  A:0000 X:0E68 Y:00A8 S:0122 D:0000 DB:86 nvMxdiZc V:252 H:249 F:16
				849327 EB          XBA                    A:0000 X:0E68 Y:00A8 S:0122 D:0000 DB:86 nvMxdiZc V:252 H:252 F:16
				849328 A9 00       LDA #$00               A:0000 X:0E68 Y:00A8 S:0122 D:0000 DB:86 nvMxdiZc V:252 H:257 F:16
				84932A EB          XBA                    A:0000 X:0E68 Y:00A8 S:0122 D:0000 DB:86 nvMxdiZc V:252 H:260 F:16
				84932B AA          TAX                    A:0000 X:0E68 Y:00A8 S:0122 D:0000 DB:86 nvMxdiZc V:252 H:264 F:16
				84932C FC 5D 93    JSR ($935D,X) [84935D] A:0000 X:0000 Y:00A8 S:0122 D:0000 DB:86 nvMxdiZc V:252 H:267 F:16

				84977A A9 00       LDA #$00               A:0000 X:0000 Y:00A8 S:0120 D:0000 DB:86 nvMxdiZc V:252 H:280 F:16
				84977C 60          RTS                    A:0000 X:0000 Y:00A8 S:0120 D:0000 DB:86 nvMxdiZc V:252 H:283 F:16

				84932F 08          PHP                    A:0000 X:0000 Y:00A8 S:0122 D:0000 DB:86 nvMxdiZc V:252 H:293 F:16
				849330 A6 2C       LDX $2C       [00002C] A:0000 X:0000 Y:00A8 S:0121 D:0000 DB:86 nvMxdiZc V:252 H:298 F:16
				849332 A9 01       LDA #$01               A:0000 X:0E68 Y:00A8 S:0121 D:0000 DB:86 nvMxdizc V:252 H:305 F:16
				849334 34 29       BIT $29,X     [000E91] A:0001 X:0E68 Y:00A8 S:0121 D:0000 DB:86 nvMxdizc V:252 H:308 F:16
				849336 10 02       BPL $0002     [84933A] A:0001 X:0E68 Y:00A8 S:0121 D:0000 DB:86 nvMxdiZc V:252 H:315 F:16
				84933A 28          PLP                    A:0001 X:0E68 Y:00A8 S:0121 D:0000 DB:86 nvMxdiZc V:252 H:319 F:16
				84933B F0 0C       BEQ $000C     [849349] A:0001 X:0E68 Y:00A8 S:0122 D:0000 DB:86 nvMxdiZc V:252 H:325 F:16
				849349 49 FF       EOR #$FF               A:0001 X:0E68 Y:00A8 S:0122 D:0000 DB:86 nvMxdiZc V:252 H:329 F:16
				84934B 35 2B       AND $2B,X     [000E93] A:00FE X:0E68 Y:00A8 S:0122 D:0000 DB:86 NvMxdizc V:252 H:332 F:16
				84934D 95 2B       STA $2B,X     [000E93] A:0000 X:0E68 Y:00A8 S:0122 D:0000 DB:86 nvMxdiZc V:252 H:339 F:16
				84934F 20 08 93    JSR $9308     [849308] A:0000 X:0E68 Y:00A8 S:0122 D:0000 DB:86 nvMxdiZc V:253 H:  5 F:16

				849308 A5 14       LDA $14       [000014] A:0000 X:0E68 Y:00A8 S:0120 D:0000 DB:86 nvMxdiZc V:253 H: 15 F:16
				84930A F0 08       BEQ $0008     [849314] A:0000 X:0E68 Y:00A8 S:0120 D:0000 DB:86 nvMxdiZc V:253 H: 20 F:16
				849314 60          RTS                    A:0000 X:0E68 Y:00A8 S:0120 D:0000 DB:86 nvMxdiZc V:253 H: 25 F:16

				849352 A9 00       LDA #$00               A:0000 X:0E68 Y:00A8 S:0122 D:0000 DB:86 nvMxdiZc V:253 H: 35 F:16
				849354 60          RTS                    A:0000 X:0E68 Y:00A8 S:0122 D:0000 DB:86 nvMxdiZc V:253 H: 38 F:16

				8492F1 D0 12       BNE $0012     [849305] A:0000 X:0E68 Y:00A8 S:0124 D:0000 DB:86 nvMxdiZc V:253 H: 48 F:16
				8492F3 B4 20       LDY $20,X     [000E88] A:0000 X:0E68 Y:00A8 S:0124 D:0000 DB:86 nvMxdiZc V:253 H: 51 F:16
				8492F5 B9 06 00    LDA $0006,Y   [86C593] A:0000 X:0E68 Y:C58D S:0124 D:0000 DB:86 NvMxdizc V:253 H: 59 F:16
				8492F8 18          CLC                    A:0002 X:0E68 Y:C58D S:0124 D:0000 DB:86 nvMxdizc V:253 H: 67 F:16
				8492F9 79 08 00    ADC $0008,Y   [86C595] A:0002 X:0E68 Y:C58D S:0124 D:0000 DB:86 nvMxdizc V:253 H: 70 F:16
				8492FC 38          SEC                    A:0017 X:0E68 Y:C58D S:0124 D:0000 DB:86 nvMxdizc V:253 H: 77 F:16
				8492FD F9 09 00    SBC $0009,Y   [86C596] A:0017 X:0E68 Y:C58D S:0124 D:0000 DB:86 nvMxdizC V:253 H: 80 F:16
				849300 95 2A       STA $2A,X     [000E92] A:000B X:0E68 Y:C58D S:0124 D:0000 DB:86 nvMxdizC V:253 H: 88 F:16
				849302 20 15 93    JSR $9315     [849315] A:000B X:0E68 Y:C58D S:0124 D:0000 DB:86 nvMxdizC V:253 H: 94 F:16

				849315 20 B3 90    JSR $90B3     [8490B3] A:000B X:0E68 Y:C58D S:0122 D:0000 DB:86 nvMxdizC V:253 H:104 F:16

				8490B3 0B          PHD                    A:000B X:0E68 Y:C58D S:0120 D:0000 DB:86 nvMxdizC V:253 H:114 F:16
				8490B4 DA          PHX                    A:000B X:0E68 Y:C58D S:011E D:0000 DB:86 nvMxdizC V:253 H:121 F:16
				8490B5 08          PHP                    A:000B X:0E68 Y:C58D S:011C D:0000 DB:86 nvMxdizC V:253 H:128 F:16
				8490B6 E2 20       SEP #$20               A:000B X:0E68 Y:C58D S:011B D:0000 DB:86 nvMxdizC V:253 H:143 F:16
				8490B8 C2 10       REP #$10               A:000B X:0E68 Y:C58D S:011B D:0000 DB:86 nvMxdizC V:253 H:148 F:16
				8490BA 64 01       STZ $01       [000001] A:000B X:0E68 Y:C58D S:011B D:0000 DB:86 nvMxdizC V:253 H:152 F:16
				8490BC B5 29       LDA $29,X     [000E91] A:000B X:0E68 Y:C58D S:011B D:0000 DB:86 nvMxdizC V:253 H:157 F:16
				8490BE 10 02       BPL $0002     [8490C2] A:000C X:0E68 Y:C58D S:011B D:0000 DB:86 nvMxdizC V:253 H:164 F:16
				8490C2 18          CLC                    A:000C X:0E68 Y:C58D S:011B D:0000 DB:86 nvMxdizC V:253 H:168 F:16
				8490C3 75 05       ADC $05,X     [000E6D] A:000C X:0E68 Y:C58D S:011B D:0000 DB:86 nvMxdizc V:253 H:171 F:16
				8490C5 85 00       STA $00       [000000] A:0098 X:0E68 Y:C58D S:011B D:0000 DB:86 NvMxdizc V:253 H:178 F:16
				8490C7 B5 06       LDA $06,X     [000E6E] A:0098 X:0E68 Y:C58D S:011B D:0000 DB:86 NvMxdizc V:253 H:183 F:16
				8490C9 65 01       ADC $01       [000001] A:0007 X:0E68 Y:C58D S:011B D:0000 DB:86 nvMxdizc V:253 H:189 F:16
				8490CB 85 01       STA $01       [000001] A:0007 X:0E68 Y:C58D S:011B D:0000 DB:86 nvMxdizc V:253 H:194 F:16
				8490CD 64 03       STZ $03       [000003] A:0007 X:0E68 Y:C58D S:011B D:0000 DB:86 nvMxdizc V:253 H:199 F:16
				8490CF B5 2A       LDA $2A,X     [000E92] A:0007 X:0E68 Y:C58D S:011B D:0000 DB:86 nvMxdizc V:253 H:204 F:16
				8490D1 10 02       BPL $0002     [8490D5] A:000B X:0E68 Y:C58D S:011B D:0000 DB:86 nvMxdizc V:253 H:211 F:16
				8490D5 18          CLC                    A:000B X:0E68 Y:C58D S:011B D:0000 DB:86 nvMxdizc V:253 H:215 F:16
				8490D6 75 08       ADC $08,X     [000E70] A:000B X:0E68 Y:C58D S:011B D:0000 DB:86 nvMxdizc V:253 H:218 F:16
				8490D8 85 02       STA $02       [000002] A:00B3 X:0E68 Y:C58D S:011B D:0000 DB:86 NvMxdizc V:253 H:225 F:16
				8490DA 29 F0       AND #$F0               A:00B3 X:0E68 Y:C58D S:011B D:0000 DB:86 NvMxdizc V:253 H:230 F:16
				8490DC 85 0A       STA $0A       [00000A] A:00B0 X:0E68 Y:C58D S:011B D:0000 DB:86 NvMxdizc V:253 H:233 F:16
				8490DE B5 09       LDA $09,X     [000E71] A:00B0 X:0E68 Y:C58D S:011B D:0000 DB:86 NvMxdizc V:253 H:238 F:16
				8490E0 65 03       ADC $03       [000003] A:0000 X:0E68 Y:C58D S:011B D:0000 DB:86 nvMxdiZc V:253 H:244 F:16
				8490E2 85 03       STA $03       [000003] A:0000 X:0E68 Y:C58D S:011B D:0000 DB:86 nvMxdiZc V:253 H:249 F:16
				8490E4 85 0B       STA $0B       [00000B] A:0000 X:0E68 Y:C58D S:011B D:0000 DB:86 nvMxdiZc V:253 H:254 F:16
				8490E6 A5 00       LDA $00       [000000] A:0000 X:0E68 Y:C58D S:011B D:0000 DB:86 nvMxdiZc V:253 H:259 F:16
				8490E8 29 0F       AND #$0F               A:0098 X:0E68 Y:C58D S:011B D:0000 DB:86 NvMxdizc V:253 H:264 F:16
				8490EA 1A          INC                    A:0008 X:0E68 Y:C58D S:011B D:0000 DB:86 nvMxdizc V:253 H:267 F:16
				8490EB 85 0C       STA $0C       [00000C] A:0009 X:0E68 Y:C58D S:011B D:0000 DB:86 nvMxdizc V:253 H:270 F:16
				8490ED A5 02       LDA $02       [000002] A:0009 X:0E68 Y:C58D S:011B D:0000 DB:86 nvMxdizc V:253 H:275 F:16
				8490EF 29 0F       AND #$0F               A:00B3 X:0E68 Y:C58D S:011B D:0000 DB:86 NvMxdizc V:253 H:280 F:16
				8490F1 1A          INC                    A:0003 X:0E68 Y:C58D S:011B D:0000 DB:86 nvMxdizc V:253 H:283 F:16
				8490F2 85 0E       STA $0E       [00000E] A:0004 X:0E68 Y:C58D S:011B D:0000 DB:86 nvMxdizc V:253 H:286 F:16
				8490F4 C2 20       REP #$20               A:0004 X:0E68 Y:C58D S:011B D:0000 DB:86 nvMxdizc V:253 H:291 F:16
				8490F6 20 6A 91    JSR $916A     [84916A] A:0004 X:0E68 Y:C58D S:011B D:0000 DB:86 nvmxdizc V:253 H:296 F:16

				84916A A9 00 E8    LDA #$E800             A:0004 X:0E68 Y:C58D S:0119 D:0000 DB:86 nvmxdizc V:253 H:306 F:16
				84916D 85 10       STA $10       [000010] A:E800 X:0E68 Y:C58D S:0119 D:0000 DB:86 Nvmxdizc V:253 H:310 F:16
				84916F A9 7E 00    LDA #$007E             A:E800 X:0E68 Y:C58D S:0119 D:0000 DB:86 Nvmxdizc V:253 H:317 F:16
				849172 85 12       STA $12       [000012] A:007E X:0E68 Y:C58D S:0119 D:0000 DB:86 nvmxdizc V:253 H:322 F:16
				849174 A5 02       LDA $02       [000002] A:007E X:0E68 Y:C58D S:0119 D:0000 DB:86 nvmxdizc V:253 H:328 F:16
				849176 29 F0 00    AND #$00F0             A:00B3 X:0E68 Y:C58D S:0119 D:0000 DB:86 nvmxdizc V:253 H:335 F:16
				849179 0A          ASL A                  A:00B0 X:0E68 Y:C58D S:0119 D:0000 DB:86 nvmxdizc V:253 H:339 F:16
				84917A 85 04       STA $04       [000004] A:0160 X:0E68 Y:C58D S:0119 D:0000 DB:86 nvmxdizc V:254 H:  2 F:16
				84917C A5 00       LDA $00       [000000] A:0160 X:0E68 Y:C58D S:0119 D:0000 DB:86 nvmxdizc V:254 H:  9 F:16
				84917E 29 FF 00    AND #$00FF             A:0798 X:0E68 Y:C58D S:0119 D:0000 DB:86 nvmxdizc V:254 H: 16 F:16
				849181 4A          LSR A                  A:0098 X:0E68 Y:C58D S:0119 D:0000 DB:86 nvmxdizc V:254 H: 21 F:16
				849182 4A          LSR A                  A:004C X:0E68 Y:C58D S:0119 D:0000 DB:86 nvmxdizc V:254 H: 24 F:16
				849183 4A          LSR A                  A:0026 X:0E68 Y:C58D S:0119 D:0000 DB:86 nvmxdizc V:254 H: 27 F:16
				849184 29 FE FF    AND #$FFFE             A:0013 X:0E68 Y:C58D S:0119 D:0000 DB:86 nvmxdizc V:254 H: 30 F:16
				849187 18          CLC                    A:0012 X:0E68 Y:C58D S:0119 D:0000 DB:86 nvmxdizc V:254 H: 34 F:16
				849188 65 04       ADC $04       [000004] A:0012 X:0E68 Y:C58D S:0119 D:0000 DB:86 nvmxdizc V:254 H: 37 F:16
				84918A 85 06       STA $06       [000006] A:0172 X:0E68 Y:C58D S:0119 D:0000 DB:86 nvmxdizc V:254 H: 44 F:16
				84918C A5 00       LDA $00       [000000] A:0172 X:0E68 Y:C58D S:0119 D:0000 DB:86 nvmxdizc V:254 H: 51 F:16
				84918E EB          XBA                    A:0798 X:0E68 Y:C58D S:0119 D:0000 DB:86 nvmxdizc V:254 H: 58 F:16
				84918F 29 1F 00    AND #$001F             A:9807 X:0E68 Y:C58D S:0119 D:0000 DB:86 nvmxdizc V:254 H: 63 F:16
				849192 85 04       STA $04       [000004] A:0007 X:0E68 Y:C58D S:0119 D:0000 DB:86 nvmxdizc V:254 H: 67 F:16
				849194 A5 02       LDA $02       [000002] A:0007 X:0E68 Y:C58D S:0119 D:0000 DB:86 nvmxdizc V:254 H: 74 F:16
				849196 29 00 1F    AND #$1F00             A:00B3 X:0E68 Y:C58D S:0119 D:0000 DB:86 nvmxdizc V:254 H: 81 F:16
				849199 4A          LSR A                  A:0000 X:0E68 Y:C58D S:0119 D:0000 DB:86 nvmxdiZc V:254 H: 86 F:16
				84919A 4A          LSR A                  A:0000 X:0E68 Y:C58D S:0119 D:0000 DB:86 nvmxdiZc V:254 H: 89 F:16
				84919B 4A          LSR A                  A:0000 X:0E68 Y:C58D S:0119 D:0000 DB:86 nvmxdiZc V:254 H: 92 F:16
				84919C 18          CLC                    A:0000 X:0E68 Y:C58D S:0119 D:0000 DB:86 nvmxdiZc V:254 H: 95 F:16
				84919D 65 04       ADC $04       [000004] A:0000 X:0E68 Y:C58D S:0119 D:0000 DB:86 nvmxdiZc V:254 H: 98 F:16
				84919F A8          TAY                    A:0007 X:0E68 Y:C58D S:0119 D:0000 DB:86 nvmxdizc V:254 H:105 F:16
				8491A0 B7 10       LDA [$10],Y   [7EE807] A:0007 X:0E68 Y:0007 S:0119 D:0000 DB:86 nvmxdizc V:254 H:108 F:16
				8491A2 29 FF 00    AND #$00FF             A:0003 X:0E68 Y:0007 S:0119 D:0000 DB:86 nvmxdizc V:254 H:121 F:16
				8491A5 A8          TAY                    A:0003 X:0E68 Y:0007 S:0119 D:0000 DB:86 nvmxdizc V:254 H:125 F:16
				8491A6 EB          XBA                    A:0003 X:0E68 Y:0003 S:0119 D:0000 DB:86 nvmxdizc V:254 H:128 F:16
				8491A7 0A          ASL A                  A:0300 X:0E68 Y:0003 S:0119 D:0000 DB:86 nvmxdiZc V:254 H:133 F:16
				8491A8 18          CLC                    A:0600 X:0E68 Y:0003 S:0119 D:0000 DB:86 nvmxdizc V:254 H:146 F:16
				8491A9 65 06       ADC $06       [000006] A:0600 X:0E68 Y:0003 S:0119 D:0000 DB:86 nvmxdizc V:254 H:149 F:16
				8491AB AA          TAX                    A:0772 X:0E68 Y:0003 S:0119 D:0000 DB:86 nvmxdizc V:254 H:156 F:16
				8491AC 60          RTS                    A:0772 X:0772 Y:0003 S:0119 D:0000 DB:86 nvmxdizc V:254 H:159 F:16

				8490F9 BF 00 20 7E LDA $7E2000,X [7E2772] A:0772 X:0772 Y:0003 S:011B D:0000 DB:86 nvmxdizc V:254 H:169 F:16
				8490FD A8          TAY                    A:028F X:0772 Y:0003 S:011B D:0000 DB:86 nvmxdizc V:254 H:179 F:16
				8490FE AD 92 0B    LDA $0B92     [860B92] A:028F X:0772 Y:028F S:011B D:0000 DB:86 nvmxdizc V:254 H:182 F:16
				849101 85 10       STA $10       [000010] A:F0A5 X:0772 Y:028F S:011B D:0000 DB:86 Nvmxdizc V:254 H:190 F:16
				849103 AD 94 0B    LDA $0B94     [860B94] A:F0A5 X:0772 Y:028F S:011B D:0000 DB:86 Nvmxdizc V:254 H:197 F:16
				849106 85 12       STA $12       [000012] A:6895 X:0772 Y:028F S:011B D:0000 DB:86 nvmxdizc V:254 H:206 F:16
				849108 B7 10       LDA [$10],Y   [95F334] A:6895 X:0772 Y:028F S:011B D:0000 DB:86 nvmxdizc V:254 H:213 F:16
				84910A 29 FF 00    AND #$00FF             A:0000 X:0772 Y:028F S:011B D:0000 DB:86 nvmxdiZc V:254 H:225 F:16
				84910D 28          PLP                    A:0000 X:0772 Y:028F S:011B D:0000 DB:86 nvmxdiZc V:254 H:229 F:16
				84910E FA          PLX                    A:0000 X:0772 Y:028F S:011C D:0000 DB:86 nvMxdizC V:254 H:236 F:16
				84910F 2B          PLD                    A:0000 X:0E68 Y:028F S:011E D:0000 DB:86 nvMxdizC V:254 H:244 F:16
				849110 60          RTS                    A:0000 X:0E68 Y:028F S:0120 D:0000 DB:86 nvMxdiZC V:254 H:253 F:16

				849318 B4 05       LDY $05,X     [000E6D] A:0000 X:0E68 Y:028F S:0122 D:0000 DB:86 nvMxdiZC V:254 H:263 F:16
				84931A 84 10       STY $10       [000010] A:0000 X:0E68 Y:078C S:0122 D:0000 DB:86 nvMxdizC V:254 H:271 F:16
				84931C B4 08       LDY $08,X     [000E70] A:0000 X:0E68 Y:078C S:0122 D:0000 DB:86 nvMxdizC V:254 H:278 F:16
				84931E 84 12       STY $12       [000012] A:0000 X:0E68 Y:00A8 S:0122 D:0000 DB:86 nvMxdizC V:254 H:287 F:16
				849320 95 2D       STA $2D,X     [000E95] A:0000 X:0E68 Y:00A8 S:0122 D:0000 DB:86 nvMxdizC V:254 H:294 F:16
				849322 86 2C       STX $2C       [00002C] A:0000 X:0E68 Y:00A8 S:0122 D:0000 DB:86 nvMxdizC V:254 H:300 F:16
				849324 29 3F       AND #$3F               A:0000 X:0E68 Y:00A8 S:0122 D:0000 DB:86 nvMxdizC V:254 H:307 F:16
				849326 0A          ASL A                  A:0000 X:0E68 Y:00A8 S:0122 D:0000 DB:86 nvMxdiZC V:254 H:310 F:16
				849327 EB          XBA                    A:0000 X:0E68 Y:00A8 S:0122 D:0000 DB:86 nvMxdiZc V:254 H:313 F:16
				849328 A9 00       LDA #$00               A:0000 X:0E68 Y:00A8 S:0122 D:0000 DB:86 nvMxdiZc V:254 H:318 F:16
				84932A EB          XBA                    A:0000 X:0E68 Y:00A8 S:0122 D:0000 DB:86 nvMxdiZc V:254 H:321 F:16
				84932B AA          TAX                    A:0000 X:0E68 Y:00A8 S:0122 D:0000 DB:86 nvMxdiZc V:254 H:325 F:16
				84932C FC 5D 93    JSR ($935D,X) [84935D] A:0000 X:0000 Y:00A8 S:0122 D:0000 DB:86 nvMxdiZc V:254 H:327 F:16

				84977A A9 00       LDA #$00               A:0000 X:0000 Y:00A8 S:0120 D:0000 DB:86 nvMxdiZc V:255 H:  0 F:16
				84977C 60          RTS                    A:0000 X:0000 Y:00A8 S:0120 D:0000 DB:86 nvMxdiZc V:255 H:  3 F:16

				84932F 08          PHP                    A:0000 X:0000 Y:00A8 S:0122 D:0000 DB:86 nvMxdiZc V:255 H: 13 F:16
				849330 A6 2C       LDX $2C       [00002C] A:0000 X:0000 Y:00A8 S:0121 D:0000 DB:86 nvMxdiZc V:255 H: 18 F:16
				849332 A9 01       LDA #$01               A:0000 X:0E68 Y:00A8 S:0121 D:0000 DB:86 nvMxdizc V:255 H: 25 F:16
				849334 34 29       BIT $29,X     [000E91] A:0001 X:0E68 Y:00A8 S:0121 D:0000 DB:86 nvMxdizc V:255 H: 28 F:16
				849336 10 02       BPL $0002     [84933A] A:0001 X:0E68 Y:00A8 S:0121 D:0000 DB:86 nvMxdiZc V:255 H: 35 F:16
				84933A 28          PLP                    A:0001 X:0E68 Y:00A8 S:0121 D:0000 DB:86 nvMxdiZc V:255 H: 39 F:16
				84933B F0 0C       BEQ $000C     [849349] A:0001 X:0E68 Y:00A8 S:0122 D:0000 DB:86 nvMxdiZc V:255 H: 46 F:16
				849349 49 FF       EOR #$FF               A:0001 X:0E68 Y:00A8 S:0122 D:0000 DB:86 nvMxdiZc V:255 H: 50 F:16
				84934B 35 2B       AND $2B,X     [000E93] A:00FE X:0E68 Y:00A8 S:0122 D:0000 DB:86 NvMxdizc V:255 H: 53 F:16
				84934D 95 2B       STA $2B,X     [000E93] A:0000 X:0E68 Y:00A8 S:0122 D:0000 DB:86 nvMxdiZc V:255 H: 60 F:16
				84934F 20 08 93    JSR $9308     [849308] A:0000 X:0E68 Y:00A8 S:0122 D:0000 DB:86 nvMxdiZc V:255 H: 66 F:16

				849308 A5 14       LDA $14       [000014] A:0000 X:0E68 Y:00A8 S:0120 D:0000 DB:86 nvMxdiZc V:255 H: 76 F:16
				84930A F0 08       BEQ $0008     [849314] A:0000 X:0E68 Y:00A8 S:0120 D:0000 DB:86 nvMxdiZc V:255 H: 81 F:16
				849314 60          RTS                    A:0000 X:0E68 Y:00A8 S:0120 D:0000 DB:86 nvMxdiZc V:255 H: 86 F:16

				849352 A9 00       LDA #$00               A:0000 X:0E68 Y:00A8 S:0122 D:0000 DB:86 nvMxdiZc V:255 H: 96 F:16
				849354 60          RTS                    A:0000 X:0E68 Y:00A8 S:0122 D:0000 DB:86 nvMxdiZc V:255 H: 99 F:16

				849305 C2 30       REP #$30               A:0000 X:0E68 Y:00A8 S:0124 D:0000 DB:86 nvMxdiZc V:255 H:109 F:16
				849307 60          RTS                    A:0000 X:0E68 Y:00A8 S:0124 D:0000 DB:86 nvmxdiZc V:255 H:113 F:16

				8491D8 20 ED 91    JSR $91ED     [8491ED] A:0000 X:0E68 Y:00A8 S:0126 D:0000 DB:86 nvmxdiZc V:255 H:123 F:16

				8491ED B5 08       LDA $08,X     [000E70] A:0000 X:0E68 Y:00A8 S:0124 D:0000 DB:86 nvmxdiZc V:255 H:143 F:16
				8491EF D5 24       CMP $24,X     [000E8C] A:00A8 X:0E68 Y:00A8 S:0124 D:0000 DB:86 nvmxdizc V:255 H:152 F:16
				8491F1 F0 F2       BEQ $00F2     [8491E5] A:00A8 X:0E68 Y:00A8 S:0124 D:0000 DB:86 nvmxdiZC V:255 H:160 F:16
				8491E5 B5 1C       LDA $1C,X     [000E84] A:00A8 X:0E68 Y:00A8 S:0124 D:0000 DB:86 nvmxdiZC V:255 H:165 F:16
				8491E7 F0 F5       BEQ $00F5     [8491DE] A:F000 X:0E68 Y:00A8 S:0124 D:0000 DB:86 NvmxdizC V:255 H:173 F:16
				8491E9 10 0A       BPL $000A     [8491F5] A:F000 X:0E68 Y:00A8 S:0124 D:0000 DB:86 NvmxdizC V:255 H:176 F:16
				8491EB 80 55       BRA $0055     [849242] A:F000 X:0E68 Y:00A8 S:0124 D:0000 DB:86 NvmxdizC V:255 H:179 F:16
				849242 E2 20       SEP #$20               A:F000 X:0E68 Y:00A8 S:0124 D:0000 DB:86 NvmxdizC V:255 H:184 F:16
				849244 A0 04 00    LDY #$0004             A:F000 X:0E68 Y:00A8 S:0124 D:0000 DB:86 NvMxdizC V:255 H:188 F:16
				849247 AD 1C 1F    LDA $1F1C     [861F1C] A:F000 X:0E68 Y:0004 S:0124 D:0000 DB:86 nvMxdizC V:255 H:193 F:16
				84924A F0 03       BEQ $0003     [84924F] A:F000 X:0E68 Y:0004 S:0124 D:0000 DB:86 nvMxdiZC V:255 H:199 F:16
				84924F B5 2F       LDA $2F,X     [000E97] A:F000 X:0E68 Y:0004 S:0124 D:0000 DB:86 nvMxdiZC V:255 H:204 F:16
				849251 F0 03       BEQ $0003     [849256] A:F000 X:0E68 Y:0004 S:0124 D:0000 DB:86 nvMxdiZC V:255 H:210 F:16
				849256 98          TYA                    A:F000 X:0E68 Y:0004 S:0124 D:0000 DB:86 nvMxdiZC V:255 H:215 F:16
				849257 09 80       ORA #$80               A:F004 X:0E68 Y:0004 S:0124 D:0000 DB:86 nvMxdizC V:255 H:218 F:16
				849259 85 08       STA $08       [000008] A:F084 X:0E68 Y:0004 S:0124 D:0000 DB:86 NvMxdizC V:255 H:221 F:16
				84925B B4 20       LDY $20,X     [000E88] A:F084 X:0E68 Y:0004 S:0124 D:0000 DB:86 NvMxdizC V:255 H:226 F:16
				84925D B9 06 00    LDA $0006,Y   [86C593] A:F084 X:0E68 Y:C58D S:0124 D:0000 DB:86 NvMxdizC V:255 H:234 F:16
				849260 18          CLC                    A:F002 X:0E68 Y:C58D S:0124 D:0000 DB:86 nvMxdizC V:255 H:242 F:16
				849261 79 08 00    ADC $0008,Y   [86C595] A:F002 X:0E68 Y:C58D S:0124 D:0000 DB:86 nvMxdizc V:255 H:245 F:16
				849264 95 2A       STA $2A,X     [000E92] A:F017 X:0E68 Y:C58D S:0124 D:0000 DB:86 nvMxdizc V:255 H:252 F:16
				849266 B9 05 00    LDA $0005,Y   [86C592] A:F017 X:0E68 Y:C58D S:0124 D:0000 DB:86 nvMxdizc V:255 H:259 F:16
				849269 34 11       BIT $11,X     [000E79] A:F000 X:0E68 Y:C58D S:0124 D:0000 DB:86 nvMxdiZc V:255 H:266 F:16
				84926B 50 03       BVC $0003     [849270] A:F000 X:0E68 Y:C58D S:0124 D:0000 DB:86 nvMxdiZc V:255 H:273 F:16
				849270 95 29       STA $29,X     [000E91] A:F000 X:0E68 Y:C58D S:0124 D:0000 DB:86 nvMxdiZc V:255 H:277 F:16
				849272 20 C4 95    JSR $95C4     [8495C4] A:F000 X:0E68 Y:C58D S:0124 D:0000 DB:86 nvMxdiZc V:255 H:284 F:16

				8495C4 B5 2A       LDA $2A,X     [000E92] A:F000 X:0E68 Y:C58D S:0122 D:0000 DB:86 nvMxdiZc V:255 H:294 F:16
				8495C6 48          PHA                    A:F017 X:0E68 Y:C58D S:0122 D:0000 DB:86 nvMxdizc V:255 H:300 F:16
				8495C7 A5 08       LDA $08       [000008] A:F017 X:0E68 Y:C58D S:0121 D:0000 DB:86 nvMxdizc V:255 H:305 F:16
				8495C9 29 7F       AND #$7F               A:F084 X:0E68 Y:C58D S:0121 D:0000 DB:86 NvMxdizc V:255 H:310 F:16
				8495CB 18          CLC                    A:F004 X:0E68 Y:C58D S:0121 D:0000 DB:86 nvMxdizc V:255 H:313 F:16
				8495CC 75 2A       ADC $2A,X     [000E92] A:F004 X:0E68 Y:C58D S:0121 D:0000 DB:86 nvMxdizc V:255 H:316 F:16
				8495CE 95 2A       STA $2A,X     [000E92] A:F01B X:0E68 Y:C58D S:0121 D:0000 DB:86 nvMxdizc V:255 H:323 F:16
				8495D0 20 B3 90    JSR $90B3     [8490B3] A:F01B X:0E68 Y:C58D S:0121 D:0000 DB:86 nvMxdizc V:255 H:328 F:16

				8490B3 0B          PHD                    A:F01B X:0E68 Y:C58D S:011F D:0000 DB:86 nvMxdizc V:255 H:338 F:16
				8490B4 DA          PHX                    A:F01B X:0E68 Y:C58D S:011D D:0000 DB:86 nvMxdizc V:256 H:  5 F:16
				8490B5 08          PHP                    A:F01B X:0E68 Y:C58D S:011B D:0000 DB:86 nvMxdizc V:256 H: 12 F:16
				8490B6 E2 20       SEP #$20               A:F01B X:0E68 Y:C58D S:011A D:0000 DB:86 nvMxdizc V:256 H: 17 F:16
				8490B8 C2 10       REP #$10               A:F01B X:0E68 Y:C58D S:011A D:0000 DB:86 nvMxdizc V:256 H: 22 F:16
				8490BA 64 01       STZ $01       [000001] A:F01B X:0E68 Y:C58D S:011A D:0000 DB:86 nvMxdizc V:256 H: 26 F:16
				8490BC B5 29       LDA $29,X     [000E91] A:F01B X:0E68 Y:C58D S:011A D:0000 DB:86 nvMxdizc V:256 H: 31 F:16
				8490BE 10 02       BPL $0002     [8490C2] A:F000 X:0E68 Y:C58D S:011A D:0000 DB:86 nvMxdiZc V:256 H: 38 F:16
				8490C2 18          CLC                    A:F000 X:0E68 Y:C58D S:011A D:0000 DB:86 nvMxdiZc V:256 H: 42 F:16
				8490C3 75 05       ADC $05,X     [000E6D] A:F000 X:0E68 Y:C58D S:011A D:0000 DB:86 nvMxdiZc V:256 H: 45 F:16
				8490C5 85 00       STA $00       [000000] A:F08C X:0E68 Y:C58D S:011A D:0000 DB:86 NvMxdizc V:256 H: 52 F:16
				8490C7 B5 06       LDA $06,X     [000E6E] A:F08C X:0E68 Y:C58D S:011A D:0000 DB:86 NvMxdizc V:256 H: 57 F:16
				8490C9 65 01       ADC $01       [000001] A:F007 X:0E68 Y:C58D S:011A D:0000 DB:86 nvMxdizc V:256 H: 63 F:16
				8490CB 85 01       STA $01       [000001] A:F007 X:0E68 Y:C58D S:011A D:0000 DB:86 nvMxdizc V:256 H: 68 F:16
				8490CD 64 03       STZ $03       [000003] A:F007 X:0E68 Y:C58D S:011A D:0000 DB:86 nvMxdizc V:256 H: 73 F:16
				8490CF B5 2A       LDA $2A,X     [000E92] A:F007 X:0E68 Y:C58D S:011A D:0000 DB:86 nvMxdizc V:256 H: 78 F:16
				8490D1 10 02       BPL $0002     [8490D5] A:F01B X:0E68 Y:C58D S:011A D:0000 DB:86 nvMxdizc V:256 H: 85 F:16
				8490D5 18          CLC                    A:F01B X:0E68 Y:C58D S:011A D:0000 DB:86 nvMxdizc V:256 H: 89 F:16
				8490D6 75 08       ADC $08,X     [000E70] A:F01B X:0E68 Y:C58D S:011A D:0000 DB:86 nvMxdizc V:256 H: 92 F:16
				8490D8 85 02       STA $02       [000002] A:F0C3 X:0E68 Y:C58D S:011A D:0000 DB:86 NvMxdizc V:256 H: 99 F:16
				8490DA 29 F0       AND #$F0               A:F0C3 X:0E68 Y:C58D S:011A D:0000 DB:86 NvMxdizc V:256 H:104 F:16
				8490DC 85 0A       STA $0A       [00000A] A:F0C0 X:0E68 Y:C58D S:011A D:0000 DB:86 NvMxdizc V:256 H:107 F:16
				8490DE B5 09       LDA $09,X     [000E71] A:F0C0 X:0E68 Y:C58D S:011A D:0000 DB:86 NvMxdizc V:256 H:112 F:16
				8490E0 65 03       ADC $03       [000003] A:F000 X:0E68 Y:C58D S:011A D:0000 DB:86 nvMxdiZc V:256 H:118 F:16
				8490E2 85 03       STA $03       [000003] A:F000 X:0E68 Y:C58D S:011A D:0000 DB:86 nvMxdiZc V:256 H:123 F:16
				8490E4 85 0B       STA $0B       [00000B] A:F000 X:0E68 Y:C58D S:011A D:0000 DB:86 nvMxdiZc V:256 H:128 F:16
				8490E6 A5 00       LDA $00       [000000] A:F000 X:0E68 Y:C58D S:011A D:0000 DB:86 nvMxdiZc V:256 H:133 F:16
				8490E8 29 0F       AND #$0F               A:F08C X:0E68 Y:C58D S:011A D:0000 DB:86 NvMxdizc V:256 H:148 F:16
				8490EA 1A          INC                    A:F00C X:0E68 Y:C58D S:011A D:0000 DB:86 nvMxdizc V:256 H:151 F:16
				8490EB 85 0C       STA $0C       [00000C] A:F00D X:0E68 Y:C58D S:011A D:0000 DB:86 nvMxdizc V:256 H:154 F:16
				8490ED A5 02       LDA $02       [000002] A:F00D X:0E68 Y:C58D S:011A D:0000 DB:86 nvMxdizc V:256 H:159 F:16
				8490EF 29 0F       AND #$0F               A:F0C3 X:0E68 Y:C58D S:011A D:0000 DB:86 NvMxdizc V:256 H:164 F:16
				8490F1 1A          INC                    A:F003 X:0E68 Y:C58D S:011A D:0000 DB:86 nvMxdizc V:256 H:167 F:16
				8490F2 85 0E       STA $0E       [00000E] A:F004 X:0E68 Y:C58D S:011A D:0000 DB:86 nvMxdizc V:256 H:170 F:16
				8490F4 C2 20       REP #$20               A:F004 X:0E68 Y:C58D S:011A D:0000 DB:86 nvMxdizc V:256 H:175 F:16
				8490F6 20 6A 91    JSR $916A     [84916A] A:F004 X:0E68 Y:C58D S:011A D:0000 DB:86 nvmxdizc V:256 H:180 F:16

				84916A A9 00 E8    LDA #$E800             A:F004 X:0E68 Y:C58D S:0118 D:0000 DB:86 nvmxdizc V:256 H:190 F:16
				84916D 85 10       STA $10       [000010] A:E800 X:0E68 Y:C58D S:0118 D:0000 DB:86 Nvmxdizc V:256 H:194 F:16
				84916F A9 7E 00    LDA #$007E             A:E800 X:0E68 Y:C58D S:0118 D:0000 DB:86 Nvmxdizc V:256 H:201 F:16
				849172 85 12       STA $12       [000012] A:007E X:0E68 Y:C58D S:0118 D:0000 DB:86 nvmxdizc V:256 H:206 F:16
				849174 A5 02       LDA $02       [000002] A:007E X:0E68 Y:C58D S:0118 D:0000 DB:86 nvmxdizc V:256 H:213 F:16
				849176 29 F0 00    AND #$00F0             A:00C3 X:0E68 Y:C58D S:0118 D:0000 DB:86 nvmxdizc V:256 H:220 F:16
				849179 0A          ASL A                  A:00C0 X:0E68 Y:C58D S:0118 D:0000 DB:86 nvmxdizc V:256 H:224 F:16
				84917A 85 04       STA $04       [000004] A:0180 X:0E68 Y:C58D S:0118 D:0000 DB:86 nvmxdizc V:256 H:227 F:16
				84917C A5 00       LDA $00       [000000] A:0180 X:0E68 Y:C58D S:0118 D:0000 DB:86 nvmxdizc V:256 H:234 F:16
				84917E 29 FF 00    AND #$00FF             A:078C X:0E68 Y:C58D S:0118 D:0000 DB:86 nvmxdizc V:256 H:241 F:16
				849181 4A          LSR A                  A:008C X:0E68 Y:C58D S:0118 D:0000 DB:86 nvmxdizc V:256 H:246 F:16
				849182 4A          LSR A                  A:0046 X:0E68 Y:C58D S:0118 D:0000 DB:86 nvmxdizc V:256 H:249 F:16
				849183 4A          LSR A                  A:0023 X:0E68 Y:C58D S:0118 D:0000 DB:86 nvmxdizc V:256 H:252 F:16
				849184 29 FE FF    AND #$FFFE             A:0011 X:0E68 Y:C58D S:0118 D:0000 DB:86 nvmxdizC V:256 H:255 F:16
				849187 18          CLC                    A:0010 X:0E68 Y:C58D S:0118 D:0000 DB:86 nvmxdizC V:256 H:259 F:16
				849188 65 04       ADC $04       [000004] A:0010 X:0E68 Y:C58D S:0118 D:0000 DB:86 nvmxdizc V:256 H:262 F:16
				84918A 85 06       STA $06       [000006] A:0190 X:0E68 Y:C58D S:0118 D:0000 DB:86 nvmxdizc V:256 H:269 F:16
				84918C A5 00       LDA $00       [000000] A:0190 X:0E68 Y:C58D S:0118 D:0000 DB:86 nvmxdizc V:256 H:276 F:16
				84918E EB          XBA                    A:078C X:0E68 Y:C58D S:0118 D:0000 DB:86 nvmxdizc V:256 H:283 F:16
				84918F 29 1F 00    AND #$001F             A:8C07 X:0E68 Y:C58D S:0118 D:0000 DB:86 nvmxdizc V:256 H:288 F:16
				849192 85 04       STA $04       [000004] A:0007 X:0E68 Y:C58D S:0118 D:0000 DB:86 nvmxdizc V:256 H:292 F:16
				849194 A5 02       LDA $02       [000002] A:0007 X:0E68 Y:C58D S:0118 D:0000 DB:86 nvmxdizc V:256 H:299 F:16
				849196 29 00 1F    AND #$1F00             A:00C3 X:0E68 Y:C58D S:0118 D:0000 DB:86 nvmxdizc V:256 H:306 F:16
				849199 4A          LSR A                  A:0000 X:0E68 Y:C58D S:0118 D:0000 DB:86 nvmxdiZc V:256 H:311 F:16
				84919A 4A          LSR A                  A:0000 X:0E68 Y:C58D S:0118 D:0000 DB:86 nvmxdiZc V:256 H:314 F:16
				84919B 4A          LSR A                  A:0000 X:0E68 Y:C58D S:0118 D:0000 DB:86 nvmxdiZc V:256 H:317 F:16
				84919C 18          CLC                    A:0000 X:0E68 Y:C58D S:0118 D:0000 DB:86 nvmxdiZc V:256 H:320 F:16
				84919D 65 04       ADC $04       [000004] A:0000 X:0E68 Y:C58D S:0118 D:0000 DB:86 nvmxdiZc V:256 H:323 F:16
				84919F A8          TAY                    A:0007 X:0E68 Y:C58D S:0118 D:0000 DB:86 nvmxdizc V:256 H:329 F:16
				8491A0 B7 10       LDA [$10],Y   [7EE807] A:0007 X:0E68 Y:0007 S:0118 D:0000 DB:86 nvmxdizc V:256 H:332 F:16
				8491A2 29 FF 00    AND #$00FF             A:0003 X:0E68 Y:0007 S:0118 D:0000 DB:86 nvmxdizc V:257 H:  5 F:16
				8491A5 A8          TAY                    A:0003 X:0E68 Y:0007 S:0118 D:0000 DB:86 nvmxdizc V:257 H:  9 F:16
				8491A6 EB          XBA                    A:0003 X:0E68 Y:0003 S:0118 D:0000 DB:86 nvmxdizc V:257 H: 12 F:16
				8491A7 0A          ASL A                  A:0300 X:0E68 Y:0003 S:0118 D:0000 DB:86 nvmxdiZc V:257 H: 17 F:16
				8491A8 18          CLC                    A:0600 X:0E68 Y:0003 S:0118 D:0000 DB:86 nvmxdizc V:257 H: 20 F:16
				8491A9 65 06       ADC $06       [000006] A:0600 X:0E68 Y:0003 S:0118 D:0000 DB:86 nvmxdizc V:257 H: 23 F:16
				8491AB AA          TAX                    A:0790 X:0E68 Y:0003 S:0118 D:0000 DB:86 nvmxdizc V:257 H: 30 F:16
				8491AC 60          RTS                    A:0790 X:0790 Y:0003 S:0118 D:0000 DB:86 nvmxdizc V:257 H: 33 F:16

				8490F9 BF 00 20 7E LDA $7E2000,X [7E2790] A:0790 X:0790 Y:0003 S:011A D:0000 DB:86 nvmxdizc V:257 H: 43 F:16
				8490FD A8          TAY                    A:0256 X:0790 Y:0003 S:011A D:0000 DB:86 nvmxdizc V:257 H: 53 F:16
				8490FE AD 92 0B    LDA $0B92     [860B92] A:0256 X:0790 Y:0256 S:011A D:0000 DB:86 nvmxdizc V:257 H: 56 F:16
				849101 85 10       STA $10       [000010] A:F0A5 X:0790 Y:0256 S:011A D:0000 DB:86 Nvmxdizc V:257 H: 64 F:16
				849103 AD 94 0B    LDA $0B94     [860B94] A:F0A5 X:0790 Y:0256 S:011A D:0000 DB:86 Nvmxdizc V:257 H: 71 F:16
				849106 85 12       STA $12       [000012] A:6895 X:0790 Y:0256 S:011A D:0000 DB:86 nvmxdizc V:257 H: 80 F:16
				849108 B7 10       LDA [$10],Y   [95F2FB] A:6895 X:0790 Y:0256 S:011A D:0000 DB:86 nvmxdizc V:257 H: 87 F:16
				84910A 29 FF 00    AND #$00FF             A:3B3B X:0790 Y:0256 S:011A D:0000 DB:86 nvmxdizc V:257 H: 99 F:16
				84910D 28          PLP                    A:003B X:0790 Y:0256 S:011A D:0000 DB:86 nvmxdizc V:257 H:103 F:16
				84910E FA          PLX                    A:003B X:0790 Y:0256 S:011B D:0000 DB:86 nvMxdizc V:257 H:110 F:16
				84910F 2B          PLD                    A:003B X:0E68 Y:0256 S:011D D:0000 DB:86 nvMxdizc V:257 H:118 F:16
				849110 60          RTS                    A:003B X:0E68 Y:0256 S:011F D:0000 DB:86 nvMxdiZc V:257 H:127 F:16

				8495D3 95 2E       STA $2E,X     [000E96] A:003B X:0E68 Y:0256 S:0121 D:0000 DB:86 nvMxdiZc V:257 H:147 F:16
				8495D5 85 18       STA $18       [000018] A:003B X:0E68 Y:0256 S:0121 D:0000 DB:86 nvMxdiZc V:257 H:153 F:16
				8495D7 29 3F       AND #$3F               A:003B X:0E68 Y:0256 S:0121 D:0000 DB:86 nvMxdiZc V:257 H:158 F:16
				8495D9 0A          ASL A                  A:003B X:0E68 Y:0256 S:0121 D:0000 DB:86 nvMxdizc V:257 H:161 F:16
				8495DA EB          XBA                    A:0076 X:0E68 Y:0256 S:0121 D:0000 DB:86 nvMxdizc V:257 H:164 F:16
				8495DB A9 00       LDA #$00               A:7600 X:0E68 Y:0256 S:0121 D:0000 DB:86 nvMxdiZc V:257 H:169 F:16
				8495DD EB          XBA                    A:7600 X:0E68 Y:0256 S:0121 D:0000 DB:86 nvMxdiZc V:257 H:172 F:16
				8495DE A8          TAY                    A:0076 X:0E68 Y:0256 S:0121 D:0000 DB:86 nvMxdizc V:257 H:176 F:16
				8495DF 84 28       STY $28       [000028] A:0076 X:0E68 Y:0076 S:0121 D:0000 DB:86 nvMxdizc V:257 H:179 F:16
				8495E1 86 2C       STX $2C       [00002C] A:0076 X:0E68 Y:0076 S:0121 D:0000 DB:86 nvMxdizc V:257 H:186 F:16
				8495E3 68          PLA                    A:0076 X:0E68 Y:0076 S:0121 D:0000 DB:86 nvMxdizc V:257 H:193 F:16
				8495E4 95 2A       STA $2A,X     [000E92] A:0017 X:0E68 Y:0076 S:0122 D:0000 DB:86 nvMxdizc V:257 H:200 F:16
				8495E6 A6 2C       LDX $2C       [00002C] A:0017 X:0E68 Y:0076 S:0122 D:0000 DB:86 nvMxdizc V:257 H:206 F:16
				8495E8 A9 FB       LDA #$FB               A:0017 X:0E68 Y:0076 S:0122 D:0000 DB:86 nvMxdizc V:257 H:213 F:16
				8495EA 35 2B       AND $2B,X     [000E93] A:00FB X:0E68 Y:0076 S:0122 D:0000 DB:86 NvMxdizc V:257 H:216 F:16
				8495EC 95 2B       STA $2B,X     [000E93] A:0000 X:0E68 Y:0076 S:0122 D:0000 DB:86 nvMxdiZc V:257 H:223 F:16
				8495EE 64 01       STZ $01       [000001] A:0000 X:0E68 Y:0076 S:0122 D:0000 DB:86 nvMxdiZc V:257 H:229 F:16
				8495F0 B5 2A       LDA $2A,X     [000E92] A:0000 X:0E68 Y:0076 S:0122 D:0000 DB:86 nvMxdiZc V:257 H:234 F:16
				8495F2 85 02       STA $02       [000002] A:0017 X:0E68 Y:0076 S:0122 D:0000 DB:86 nvMxdizc V:257 H:241 F:16
				8495F4 64 03       STZ $03       [000003] A:0017 X:0E68 Y:0076 S:0122 D:0000 DB:86 nvMxdizc V:257 H:246 F:16
				8495F6 B4 05       LDY $05,X     [000E6D] A:0017 X:0E68 Y:0076 S:0122 D:0000 DB:86 nvMxdizc V:257 H:251 F:16
				8495F8 84 10       STY $10       [000010] A:0017 X:0E68 Y:078C S:0122 D:0000 DB:86 nvMxdizc V:257 H:259 F:16
				8495FA B4 08       LDY $08,X     [000E70] A:0017 X:0E68 Y:078C S:0122 D:0000 DB:86 nvMxdizc V:257 H:266 F:16
				8495FC 84 12       STY $12       [000012] A:0017 X:0E68 Y:00A8 S:0122 D:0000 DB:86 nvMxdizc V:257 H:275 F:16
				8495FE A6 28       LDX $28       [000028] A:0017 X:0E68 Y:00A8 S:0122 D:0000 DB:86 nvMxdizc V:257 H:282 F:16
				849600 FC 1C 96    JSR ($961C,X) [849692] A:0017 X:0076 Y:00A8 S:0122 D:0000 DB:86 nvMxdizc V:257 H:289 F:16

				8496B5 A6 2C       LDX $2C       [00002C] A:0017 X:0076 Y:00A8 S:0120 D:0000 DB:86 nvMxdizc V:257 H:302 F:16
				8496B7 A5 0E       LDA $0E       [00000E] A:0017 X:0E68 Y:00A8 S:0120 D:0000 DB:86 nvMxdizc V:257 H:309 F:16
				8496B9 85 00       STA $00       [000000] A:0004 X:0E68 Y:00A8 S:0120 D:0000 DB:86 nvMxdizc V:257 H:314 F:16
				8496BB 64 01       STZ $01       [000001] A:0004 X:0E68 Y:00A8 S:0120 D:0000 DB:86 nvMxdizc V:257 H:319 F:16
				8496BD C2 20       REP #$20               A:0004 X:0E68 Y:00A8 S:0120 D:0000 DB:86 nvMxdizc V:257 H:323 F:16
				8496BF A5 08       LDA $08       [000008] A:0004 X:0E68 Y:00A8 S:0120 D:0000 DB:86 nvmxdizc V:257 H:327 F:16
				8496C1 29 7F 00    AND #$007F             A:FF84 X:0E68 Y:00A8 S:0120 D:0000 DB:86 Nvmxdizc V:257 H:334 F:16
				8496C4 18          CLC                    A:0004 X:0E68 Y:00A8 S:0120 D:0000 DB:86 nvmxdizc V:257 H:339 F:16
				8496C5 75 08       ADC $08,X     [000E70] A:0004 X:0E68 Y:00A8 S:0120 D:0000 DB:86 nvmxdizc V:258 H:  2 F:16
				8496C7 38          SEC                    A:00AC X:0E68 Y:00A8 S:0120 D:0000 DB:86 nvmxdizc V:258 H: 10 F:16
				8496C8 E5 00       SBC $00       [000000] A:00AC X:0E68 Y:00A8 S:0120 D:0000 DB:86 nvmxdizC V:258 H: 13 F:16
				8496CA 95 08       STA $08,X     [000E70] A:00A8 X:0E68 Y:00A8 S:0120 D:0000 DB:86 nvmxdizC V:258 H: 20 F:16
				8496CC E2 20       SEP #$20               A:00A8 X:0E68 Y:00A8 S:0120 D:0000 DB:86 nvmxdizC V:258 H: 29 F:16
				8496CE 74 2F       STZ $2F,X     [000E97] A:00A8 X:0E68 Y:00A8 S:0120 D:0000 DB:86 nvMxdizC V:258 H: 33 F:16
				8496D0 A9 01       LDA #$01               A:00A8 X:0E68 Y:00A8 S:0120 D:0000 DB:86 nvMxdizC V:258 H: 40 F:16
				8496D2 60          RTS                    A:0001 X:0E68 Y:00A8 S:0120 D:0000 DB:86 nvMxdizC V:258 H: 43 F:16

				849603 F0 11       BEQ $0011     [849616] A:0001 X:0E68 Y:00A8 S:0122 D:0000 DB:86 nvMxdizC V:258 H: 53 F:16
				849605 A6 2C       LDX $2C       [00002C] A:0001 X:0E68 Y:00A8 S:0122 D:0000 DB:86 nvMxdizC V:258 H: 56 F:16
				849607 A9 04       LDA #$04               A:0001 X:0E68 Y:00A8 S:0122 D:0000 DB:86 nvMxdizC V:258 H: 63 F:16
				849609 15 2B       ORA $2B,X     [000E93] A:0004 X:0E68 Y:00A8 S:0122 D:0000 DB:86 nvMxdizC V:258 H: 66 F:16
				84960B 95 2B       STA $2B,X     [000E93] A:0004 X:0E68 Y:00A8 S:0122 D:0000 DB:86 nvMxdizC V:258 H: 72 F:16
				84960D 20 4C 99    JSR $994C     [84994C] A:0004 X:0E68 Y:00A8 S:0122 D:0000 DB:86 nvMxdizC V:258 H: 79 F:16

				84994C AD 1C 1F    LDA $1F1C     [861F1C] A:0004 X:0E68 Y:00A8 S:0120 D:0000 DB:86 nvMxdizC V:258 H: 89 F:16
				84994F 10 06       BPL $0006     [849957] A:0000 X:0E68 Y:00A8 S:0120 D:0000 DB:86 nvMxdiZC V:258 H: 95 F:16
				849957 60          RTS                    A:0000 X:0E68 Y:00A8 S:0120 D:0000 DB:86 nvMxdiZC V:258 H:100 F:16

				849610 20 08 93    JSR $9308     [849308] A:0000 X:0E68 Y:00A8 S:0122 D:0000 DB:86 nvMxdiZC V:258 H:110 F:16

				849308 A5 14       LDA $14       [000014] A:0000 X:0E68 Y:00A8 S:0120 D:0000 DB:86 nvMxdiZC V:258 H:120 F:16
				84930A F0 08       BEQ $0008     [849314] A:0000 X:0E68 Y:00A8 S:0120 D:0000 DB:86 nvMxdiZC V:258 H:125 F:16
				849314 60          RTS                    A:0000 X:0E68 Y:00A8 S:0120 D:0000 DB:86 nvMxdiZC V:258 H:129 F:16

				849613 A9 01       LDA #$01               A:0000 X:0E68 Y:00A8 S:0122 D:0000 DB:86 nvMxdiZC V:258 H:149 F:16
				849615 60          RTS                    A:0001 X:0E68 Y:00A8 S:0122 D:0000 DB:86 nvMxdizC V:258 H:152 F:16

				849275 D0 32       BNE $0032     [8492A9] A:0001 X:0E68 Y:00A8 S:0124 D:0000 DB:86 nvMxdizC V:258 H:162 F:16
				8492A9 C2 30       REP #$30               A:0001 X:0E68 Y:00A8 S:0124 D:0000 DB:86 nvMxdizC V:258 H:167 F:16
				8492AB 60          RTS                    A:0001 X:0E68 Y:00A8 S:0124 D:0000 DB:86 nvmxdizC V:258 H:171 F:16

				8491DB 2B          PLD                    A:0001 X:0E68 Y:00A8 S:0126 D:0000 DB:86 nvmxdizC V:258 H:181 F:16
				8491DC 28          PLP                    A:0001 X:0E68 Y:00A8 S:0128 D:0E68 DB:86 nvmxdizC V:258 H:190 F:16
				8491DD 6B          RTL                    A:0001 X:0068 Y:00A8 S:0129 D:0E68 DB:86 nvMXdizc V:258 H:196 F:16

			878EBD A5 2B       LDA $2B       [000E93] A:0001 X:0068 Y:00A8 S:012C D:0E68 DB:86 nvMXdizc V:258 H:207 F:16
			878EBF 29 03       AND #$03               A:0004 X:0068 Y:00A8 S:012C D:0E68 DB:86 nvMXdizc V:258 H:213 F:16
			878EC1 D0 16       BNE $0016     [878ED9] A:0000 X:0068 Y:00A8 S:012C D:0E68 DB:86 nvMXdiZc V:258 H:216 F:16		Branch if Contact = Left or Right
			878EC3 C2 20       REP #$20               A:0000 X:0068 Y:00A8 S:012C D:0E68 DB:86 nvMXdiZc V:258 H:219 F:16
			878EC5 A5 05       LDA $05       [000E6D] A:0000 X:0068 Y:00A8 S:012C D:0E68 DB:86 nvmXdiZc V:258 H:224 F:16		|Branch if |E-X-Pos - E-TelePos| > #$0005
			878EC7 38          SEC                    A:078C X:0068 Y:00A8 S:012C D:0E68 DB:86 nvmXdizc V:258 H:232 F:16		|
			878EC8 E5 3A       SBC $3A       [000EA2] A:078C X:0068 Y:00A8 S:012C D:0E68 DB:86 nvmXdizC V:258 H:235 F:16		|
			878ECA B0 04       BCS $0004     [878ED0] A:0000 X:0068 Y:00A8 S:012C D:0E68 DB:86 nvmXdiZC V:258 H:244 F:16		|
			878ED0 C9 05 00    CMP #$0005             A:0000 X:0068 Y:00A8 S:012C D:0E68 DB:86 nvmXdiZC V:258 H:248 F:16		|
			878ED3 B0 14       BCS $0014     [878EE9] A:0000 X:0068 Y:00A8 S:012C D:0E68 DB:86 NvmXdizc V:258 H:253 F:16		|
			878ED5 A5 3A       LDA $3A       [000EA2] A:0000 X:0068 Y:00A8 S:012C D:0E68 DB:86 NvmXdizc V:258 H:256 F:16
			878ED7 85 05       STA $05       [000E6D] A:078C X:0068 Y:00A8 S:012C D:0E68 DB:86 nvmXdizc V:258 H:264 F:16		E-X-Pos = E-TelePos
			878ED9 E2 20       SEP #$20               A:078C X:0068 Y:00A8 S:012C D:0E68 DB:86 nvmXdizc V:258 H:273 F:16
			878EDB A9 06       LDA #$06               A:078C X:0068 Y:00A8 S:012C D:0E68 DB:86 nvMXdizc V:258 H:277 F:16
			878EDD 85 03       STA $03       [000E6B] A:0706 X:0068 Y:00A8 S:012C D:0E68 DB:86 nvMXdizc V:258 H:280 F:16		Subaction = #$06
			878EDF A9 50       LDA #$50               A:0706 X:0068 Y:00A8 S:012C D:0E68 DB:86 nvMXdizc V:258 H:287 F:16
			878EE1 22 A2 88 80 JSL $8088A2   [8088A2] A:0750 X:0068 Y:00A8 S:012C D:0E68 DB:86 nvMXdizc V:258 H:290 F:16		JSL $8088A2 --> Play Sound Effect (A = Sound Effect ID) (Stereo with |X-Distance|)

				8088A2 DA          PHX                    A:0750 X:0068 Y:00A8 S:0129 D:0E68 DB:86 nvMXdizc V:258 H:303 F:16
				8088A3 5A          PHY                    A:0750 X:0068 Y:00A8 S:0128 D:0E68 DB:86 nvMXdizc V:258 H:308 F:16
				8088A4 08          PHP                    A:0750 X:0068 Y:00A8 S:0127 D:0E68 DB:86 nvMXdizc V:258 H:313 F:16
				8088A5 C2 20       REP #$20               A:0750 X:0068 Y:00A8 S:0126 D:0E68 DB:86 nvMXdizc V:258 H:318 F:16
				8088A7 E2 10       SEP #$10               A:0750 X:0068 Y:00A8 S:0126 D:0E68 DB:86 nvmXdizc V:258 H:323 F:16
				8088A9 48          PHA                    A:0750 X:0068 Y:00A8 S:0126 D:0E68 DB:86 nvmXdizc V:258 H:327 F:16
				8088AA A5 05       LDA $05       [000E6D] A:0750 X:0068 Y:00A8 S:0124 D:0E68 DB:86 nvmXdizc V:258 H:333 F:16
				8088AC 38          SEC                    A:078C X:0068 Y:00A8 S:0124 D:0E68 DB:86 nvmXdizc V:259 H:  2 F:16
				8088AD ED AD 0B    SBC $0BAD     [860BAD] A:078C X:0068 Y:00A8 S:0124 D:0E68 DB:86 nvmXdizC V:259 H:  5 F:16
				8088B0 10 0E       BPL $000E     [8088C0] A:0030 X:0068 Y:00A8 S:0124 D:0E68 DB:86 nvmXdizC V:259 H: 13 F:16
				8088C0 4A          LSR A                  A:0030 X:0068 Y:00A8 S:0124 D:0E68 DB:86 nvmXdizC V:259 H: 18 F:16
				8088C1 C9 7F 00    CMP #$007F             A:0018 X:0068 Y:00A8 S:0124 D:0E68 DB:86 nvmXdizc V:259 H: 21 F:16
				8088C4 30 03       BMI $0003     [8088C9] A:0018 X:0068 Y:00A8 S:0124 D:0E68 DB:86 NvmXdizc V:259 H: 25 F:16
				8088C9 A8          TAY                    A:0018 X:0068 Y:00A8 S:0124 D:0E68 DB:86 NvmXdizc V:259 H: 30 F:16
				8088CA 68          PLA                    A:0018 X:0068 Y:0018 S:0124 D:0E68 DB:86 nvmXdizc V:259 H: 33 F:16
				8088CB 80 07       BRA $0007     [8088D4] A:0750 X:0068 Y:0018 S:0126 D:0E68 DB:86 nvmXdizc V:259 H: 41 F:16
				8088D4 E2 31       SEP #$31               A:0750 X:0068 Y:0018 S:0126 D:0E68 DB:86 nvmXdizc V:259 H: 46 F:16
				8088D6 AE A3 0B    LDX $0BA3     [860BA3] A:0750 X:0068 Y:0018 S:0126 D:0E68 DB:86 nvMXdizC V:259 H: 50 F:16
				8088D9 9D 72 0B    STA $0B72,X   [860B7E] A:0750 X:000C Y:0018 S:0126 D:0E68 DB:86 nvMXdizC V:259 H: 57 F:16
				8088DC 98          TYA                    A:0750 X:000C Y:0018 S:0126 D:0E68 DB:86 nvMXdizC V:259 H: 65 F:16
				8088DD 9D 73 0B    STA $0B73,X   [860B7F] A:0718 X:000C Y:0018 S:0126 D:0E68 DB:86 nvMXdizC V:259 H: 68 F:16
				8088E0 E8          INX                    A:0718 X:000C Y:0018 S:0126 D:0E68 DB:86 nvMXdizC V:259 H: 76 F:16
				8088E1 E8          INX                    A:0718 X:000D Y:0018 S:0126 D:0E68 DB:86 nvMXdizC V:259 H: 79 F:16
				8088E2 8A          TXA                    A:0718 X:000E Y:0018 S:0126 D:0E68 DB:86 nvMXdizC V:259 H: 82 F:16
				8088E3 29 1E       AND #$1E               A:070E X:000E Y:0018 S:0126 D:0E68 DB:86 nvMXdizC V:259 H: 85 F:16
				8088E5 8D A3 0B    STA $0BA3     [860BA3] A:070E X:000E Y:0018 S:0126 D:0E68 DB:86 nvMXdizC V:259 H: 88 F:16
				8088E8 28          PLP                    A:070E X:000E Y:0018 S:0126 D:0E68 DB:86 nvMXdizC V:259 H: 94 F:16
				8088E9 7A          PLY                    A:070E X:000E Y:0018 S:0127 D:0E68 DB:86 nvMXdizc V:259 H:101 F:16
				8088EA FA          PLX                    A:070E X:000E Y:00A8 S:0128 D:0E68 DB:86 NvMXdizc V:259 H:107 F:16
				8088EB 6B          RTL                    A:070E X:0068 Y:00A8 S:0129 D:0E68 DB:86 nvMXdizc V:259 H:114 F:16

			878EE5 A9 14       LDA #$14               A:070E X:0068 Y:00A8 S:012C D:0E68 DB:86 nvMXdizc V:259 H:124 F:16
			878EE7 85 39       STA $39       [000EA1] A:0714 X:0068 Y:00A8 S:012C D:0E68 DB:86 nvMXdizc V:259 H:127 F:16		E-CDTeleport = #$14
			878EE9 E2 20       SEP #$20               A:0714 X:0068 Y:00A8 S:012C D:0E68 DB:86 nvMXdizc V:259 H:144 F:16
			878EEB 60          RTS                    A:0714 X:0068 Y:00A8 S:012C D:0E68 DB:86 nvMXdizc V:259 H:148 F:16		Return

		878C23 A5 37       LDA $37       [000E9F] A:0714 X:0068 Y:00A8 S:012E D:0E68 DB:86 nvMXdizc V:259 H:158 F:16
		878C25 F0 12       BEQ $0012     [878C39] A:0700 X:0068 Y:00A8 S:012E D:0E68 DB:86 nvMXdiZc V:259 H:165 F:16
		878C39 A9 0D       LDA #$0D               A:0700 X:0068 Y:00A8 S:012E D:0E68 DB:86 nvMXdiZc V:259 H:169 F:16
		878C3B A6 3D       LDX $3D       [000EA5] A:070D X:0068 Y:00A8 S:012E D:0E68 DB:86 nvMXdizc V:259 H:172 F:16
		878C3D F0 02       BEQ $0002     [878C41] A:070D X:0000 Y:00A8 S:012E D:0E68 DB:86 nvMXdiZc V:259 H:179 F:16
		878C41 85 28       STA $28       [000E90] A:070D X:0000 Y:00A8 S:012E D:0E68 DB:86 nvMXdiZc V:259 H:183 F:16
		878C43 AD DB 0B    LDA $0BDB     [860BDB] A:070D X:0000 Y:00A8 S:012E D:0E68 DB:86 nvMXdiZc V:259 H:190 F:16
		878C46 C9 02       CMP #$02               A:0700 X:0000 Y:00A8 S:012E D:0E68 DB:86 nvMXdiZc V:259 H:196 F:16
		878C48 F0 04       BEQ $0004     [878C4E] A:0700 X:0000 Y:00A8 S:012E D:0E68 DB:86 NvMXdizc V:259 H:199 F:16
		878C4A A5 38       LDA $38       [000EA0] A:0700 X:0000 Y:00A8 S:012E D:0E68 DB:86 NvMXdizc V:259 H:202 F:16
		878C4C D0 4D       BNE $004D     [878C9B] A:0701 X:0000 Y:00A8 S:012E D:0E68 DB:86 nvMXdizc V:259 H:209 F:16
		878C9B A5 3D       LDA $3D       [000EA5] A:0701 X:0000 Y:00A8 S:012E D:0E68 DB:86 nvMXdizc V:259 H:213 F:16
		878C9D F0 0B       BEQ $000B     [878CAA] A:0700 X:0000 Y:00A8 S:012E D:0E68 DB:86 nvMXdiZc V:259 H:220 F:16
		878CAA A5 27       LDA $27       [000E8F] A:0700 X:0000 Y:00A8 S:012E D:0E68 DB:86 nvMXdiZc V:259 H:224 F:16
		878CAC 29 7F       AND #$7F               A:0720 X:0000 Y:00A8 S:012E D:0E68 DB:86 nvMXdizc V:259 H:231 F:16
		878CAE D0 19       BNE $0019     [878CC9] A:0720 X:0000 Y:00A8 S:012E D:0E68 DB:86 nvMXdizc V:259 H:234 F:16
		878CC9 A5 38       LDA $38       [000EA0] A:0720 X:0000 Y:00A8 S:012E D:0E68 DB:86 nvMXdizc V:259 H:238 F:16
		878CCB D0 13       BNE $0013     [878CE0] A:0701 X:0000 Y:00A8 S:012E D:0E68 DB:86 nvMXdizc V:259 H:245 F:16
		878CE0 20 70 91    JSR $9170     [879170] A:0701 X:0000 Y:00A8 S:012E D:0E68 DB:86 nvMXdizc V:259 H:249 F:16

			879170 A5 3C       LDA $3C       [000EA4] A:0701 X:0000 Y:00A8 S:012C D:0E68 DB:86 nvMXdizc V:259 H:259 F:16
			879172 10 32       BPL $0032     [8791A6] A:0700 X:0000 Y:00A8 S:012C D:0E68 DB:86 nvMXdiZc V:259 H:266 F:16
			8791A6 60          RTS                    A:0700 X:0000 Y:00A8 S:012C D:0E68 DB:86 nvMXdiZc V:259 H:270 F:16

		878CE3 A5 39       LDA $39       [000EA1] A:0700 X:0000 Y:00A8 S:012E D:0E68 DB:86 nvMXdiZc V:259 H:280 F:16
		878CE5 F0 07       BEQ $0007     [878CEE] A:0714 X:0000 Y:00A8 S:012E D:0E68 DB:86 nvMXdizc V:259 H:287 F:16
		878CE7 3A          DEC                    A:0714 X:0000 Y:00A8 S:012E D:0E68 DB:86 nvMXdizc V:259 H:290 F:16
		878CE8 85 39       STA $39       [000EA1] A:0713 X:0000 Y:00A8 S:012E D:0E68 DB:86 nvMXdizc V:259 H:293 F:16
		878CEA 4A          LSR A                  A:0713 X:0000 Y:00A8 S:012E D:0E68 DB:86 nvMXdizc V:259 H:299 F:16
		878CEB 90 01       BCC $0001     [878CEE] A:0709 X:0000 Y:00A8 S:012E D:0E68 DB:86 nvMXdizC V:259 H:302 F:16
		878CED 6B          RTL                    A:0709 X:0000 Y:00A8 S:012E D:0E68 DB:86 nvMXdizC V:259 H:305 F:16

	80F9CE 60          RTS                    A:0709 X:0000 Y:00A8 S:0131 D:0E68 DB:86 nvMXdizC V:259 H:316 F:16

80D4F9 C2 21       REP #$21               A:0709 X:0000 Y:00A8 S:0133 D:0E68 DB:86 nvMXdizC V:259 H:325 F:16
