80D4F6 20 30 D5    JSR $D530     [80D530] A:0E01 X:0000 Y:008F S:0133 D:0E68 DB:86 nvMXdizC V:247 H:223 F:59

	80D530 C2 20       REP #$20               A:0E01 X:0000 Y:008F S:0131 D:0E68 DB:86 nvMXdizC V:247 H:233 F:59
	80D532 A5 05       LDA $05       [000E6D] A:0E01 X:0000 Y:008F S:0131 D:0E68 DB:86 nvmXdizC V:247 H:238 F:59
	80D534 85 22       STA $22       [000E8A] A:079F X:0000 Y:008F S:0131 D:0E68 DB:86 nvmXdizC V:247 H:246 F:59
	80D536 A5 08       LDA $08       [000E70] A:079F X:0000 Y:008F S:0131 D:0E68 DB:86 nvmXdizC V:247 H:255 F:59
	80D538 85 24       STA $24       [000E8C] A:00A8 X:0000 Y:008F S:0131 D:0E68 DB:86 nvmXdizC V:247 H:263 F:59
	80D53A E2 20       SEP #$20               A:00A8 X:0000 Y:008F S:0131 D:0E68 DB:86 nvmXdizC V:247 H:272 F:59
	80D53C A9 80       LDA #$80               A:00A8 X:0000 Y:008F S:0131 D:0E68 DB:86 nvMXdizC V:247 H:276 F:59
	80D53E 14 0E       TRB $0E       [000E76] A:0080 X:0000 Y:008F S:0131 D:0E68 DB:86 NvMXdizC V:247 H:279 F:59
	80D540 A5 0A       LDA $0A       [000E72] A:0080 X:0000 Y:008F S:0131 D:0E68 DB:86 NvMXdizC V:247 H:289 F:59
	80D542 0A          ASL A                  A:0005 X:0000 Y:008F S:0131 D:0E68 DB:86 nvMXdizC V:247 H:296 F:59
	80D543 AA          TAX                    A:000A X:0000 Y:008F S:0131 D:0E68 DB:86 nvMXdizc V:247 H:299 F:59
	80D544 7C DD F8    JMP ($F8DD,X) [80F8E7] A:000A X:000A Y:008F S:0131 D:0E68 DB:86 nvMXdizc V:247 H:302 F:59

	80F9CA 22 7E 8A 87 JSL $878A7E   [878A7E] A:000A X:000A Y:008F S:0131 D:0E68 DB:86 nvMXdizc V:247 H:311 F:59

		878A7E A6 01       LDX $01       [000E69] A:000A X:000A Y:008F S:012E D:0E68 DB:86 nvMXdizc V:247 H:324 F:59
		878A80 7C 83 8A    JMP ($8A83,X) [878A87] A:000A X:0004 Y:008F S:012E D:0E68 DB:86 nvMXdizc V:247 H:330 F:59

		878C1A A5 33       LDA $33       [000E9B] A:000A X:0004 Y:008F S:012E D:0E68 DB:86 nvMXdizc V:247 H:339 F:59
		878C1C 04 11       TSB $11       [000E79] A:0008 X:0004 Y:008F S:012E D:0E68 DB:86 nvMXdizc V:248 H:  5 F:59
		878C1E A6 02       LDX $02       [000E6A] A:0008 X:0004 Y:008F S:012E D:0E68 DB:86 nvMXdizc V:248 H: 15 F:59
		878C20 FC F2 8C    JSR ($8CF2,X) [878CF6] A:0008 X:0004 Y:008F S:012E D:0E68 DB:86 nvMXdizc V:248 H: 22 F:59

			878E5A A6 03       LDX $03       [000E6B] A:0008 X:0004 Y:008F S:012C D:0E68 DB:86 nvMXdizc V:248 H: 35 F:59
			878E5C 7C 5F 8E    JMP ($8E5F,X) [878E5F] A:0008 X:0000 Y:008F S:012C D:0E68 DB:86 nvMXdiZc V:248 H: 41 F:59

			878E69 A9 02       LDA #$02               A:0008 X:0000 Y:008F S:012C D:0E68 DB:86 nvMXdiZc V:248 H: 50 F:59
			878E6B 85 03       STA $03       [000E6B] A:0002 X:0000 Y:008F S:012C D:0E68 DB:86 nvMXdizc V:248 H: 53 F:59		Subaction = #$02
			878E6D 20 C1 90    JSR $90C1     [8790C1] A:0002 X:0000 Y:008F S:012C D:0E68 DB:86 nvMXdizc V:248 H: 60 F:59		JSR $8790C1 --> Load E-TelePos based on MMX-X-Pos and RNG(00,03)

				8790C1 22 86 90 84 JSL $849086   [849086] A:0002 X:0000 Y:008F S:012A D:0E68 DB:86 nvMXdizc V:248 H: 70 F:59	JSL $849086 --> Load A (2B) with RNG value

					849086 08          PHP                    A:0002 X:0000 Y:008F S:0127 D:0E68 DB:86 nvMXdizc V:248 H: 83 F:59
					849087 C2 20       REP #$20               A:0002 X:0000 Y:008F S:0126 D:0E68 DB:86 nvMXdizc V:248 H: 88 F:59
					849089 AD A6 0B    LDA $0BA6     [860BA6] A:0002 X:0000 Y:008F S:0126 D:0E68 DB:86 nvmXdizc V:248 H: 93 F:59
					84908C 0A          ASL A                  A:F079 X:0000 Y:008F S:0126 D:0E68 DB:86 NvmXdizc V:248 H:101 F:59
					84908D 18          CLC                    A:E0F2 X:0000 Y:008F S:0126 D:0E68 DB:86 NvmXdizC V:248 H:104 F:59
					84908E 6D A6 0B    ADC $0BA6     [860BA6] A:E0F2 X:0000 Y:008F S:0126 D:0E68 DB:86 NvmXdizc V:248 H:107 F:59
					849091 EB          XBA                    A:D16B X:0000 Y:008F S:0126 D:0E68 DB:86 NvmXdizC V:248 H:116 F:59
					849092 E2 20       SEP #$20               A:6BD1 X:0000 Y:008F S:0126 D:0E68 DB:86 NvmXdizC V:248 H:120 F:59
					849094 8D A7 0B    STA $0BA7     [860BA7] A:6BD1 X:0000 Y:008F S:0126 D:0E68 DB:86 NvMXdizC V:248 H:125 F:59
					849097 18          CLC                    A:6BD1 X:0000 Y:008F S:0126 D:0E68 DB:86 NvMXdizC V:248 H:131 F:59
					849098 6D A6 0B    ADC $0BA6     [860BA6] A:6BD1 X:0000 Y:008F S:0126 D:0E68 DB:86 NvMXdizc V:248 H:144 F:59
					84909B 8D A6 0B    STA $0BA6     [860BA6] A:6B4A X:0000 Y:008F S:0126 D:0E68 DB:86 nvMXdizC V:248 H:151 F:59
					84909E 28          PLP                    A:6B4A X:0000 Y:008F S:0126 D:0E68 DB:86 nvMXdizC V:248 H:157 F:59
					84909F 6B          RTL                    A:6B4A X:0000 Y:008F S:0127 D:0E68 DB:86 nvMXdizc V:248 H:164 F:59

				8790C5 29 03       AND #$03               A:6B4A X:0000 Y:008F S:012A D:0E68 DB:86 nvMXdizc V:248 H:174 F:59
				8790C7 0A          ASL A                  A:6B02 X:0000 Y:008F S:012A D:0E68 DB:86 nvMXdizc V:248 H:177 F:59
				8790C8 AA          TAX                    A:6B04 X:0000 Y:008F S:012A D:0E68 DB:86 nvMXdizc V:248 H:180 F:59	X = RNG(00,03) * 2 = #$04
				8790C9 C2 20       REP #$20               A:6B04 X:0004 Y:008F S:012A D:0E68 DB:86 nvMXdizc V:248 H:183 F:59
				8790CB 7C CE 90    JMP ($90CE,X) [8790D2] A:6B04 X:0004 Y:008F S:012A D:0E68 DB:86 nvmXdizc V:248 H:188 F:59	JMP ($8790CE,X) = ($8790D2) = $8790E0

				8790E0 A9 50 00    LDA #$0050             A:6B04 X:0004 Y:008F S:012A D:0E68 DB:86 nvmXdizc V:248 H:197 F:59
				8790E3 85 3A       STA $3A       [000EA2] A:0050 X:0004 Y:008F S:012A D:0E68 DB:86 nvmXdizc V:248 H:201 F:59	E-TelePos = #$0050
				8790E5 AD AD 0B    LDA $0BAD     [860BAD] A:0050 X:0004 Y:008F S:012A D:0E68 DB:86 nvmXdizc V:248 H:210 F:59	|E-TelePos = MMX-X-Pos (Invert value if MMX-X-Pos - X-Cam < #$0080) - E-TelePos
				8790E8 38          SEC                    A:0798 X:0004 Y:008F S:012A D:0E68 DB:86 nvmXdizc V:248 H:218 F:59	|      		--> Distance to left wall - #$0080 - #$0050
				8790E9 E9 80 00    SBC #$0080             A:0798 X:0004 Y:008F S:012A D:0E68 DB:86 nvmXdizC V:248 H:221 F:59	|E-TelePos = #$0748
				8790EC 38          SEC                    A:0718 X:0004 Y:008F S:012A D:0E68 DB:86 nvmXdizC V:248 H:226 F:59	|
				8790ED ED 4D 1E    SBC $1E4D     [861E4D] A:0718 X:0004 Y:008F S:012A D:0E68 DB:86 nvmXdizC V:248 H:229 F:59	|
				8790F0 AD AD 0B    LDA $0BAD     [860BAD] A:0018 X:0004 Y:008F S:012A D:0E68 DB:86 nvmXdizC V:248 H:237 F:59	|
				8790F3 B0 04       BCS $0004     [8790F9] A:0798 X:0004 Y:008F S:012A D:0E68 DB:86 nvmXdizC V:248 H:246 F:59	|
				8790F9 E5 3A       SBC $3A       [000EA2] A:0798 X:0004 Y:008F S:012A D:0E68 DB:86 nvmXdizC V:248 H:250 F:59	|
				8790FB 85 3A       STA $3A       [000EA2] A:0748 X:0004 Y:008F S:012A D:0E68 DB:86 nvmXdizC V:248 H:259 F:59	|
				8790FD 60          RTS                    A:0748 X:0004 Y:008F S:012A D:0E68 DB:86 nvmXdizC V:248 H:267 F:59	Return

			878E70 C2 20       REP #$20               A:0748 X:0004 Y:008F S:012C D:0E68 DB:86 nvmXdizC V:248 H:277 F:59
			878E72 A5 3A       LDA $3A       [000EA2] A:0748 X:0004 Y:008F S:012C D:0E68 DB:86 nvmXdizC V:248 H:282 F:59		|E-X-Vel = #$0800 (#$F800 because E-TelePos < E-X-Pos)
			878E74 38          SEC                    A:0748 X:0004 Y:008F S:012C D:0E68 DB:86 nvmXdizC V:248 H:290 F:59		|
			878E75 E5 05       SBC $05       [000E6D] A:0748 X:0004 Y:008F S:012C D:0E68 DB:86 nvmXdizC V:248 H:293 F:59		|
			878E77 A9 00 08    LDA #$0800             A:FFA9 X:0004 Y:008F S:012C D:0E68 DB:86 NvmXdizc V:248 H:302 F:59		|
			878E7A B0 03       BCS $0003     [878E7F] A:0800 X:0004 Y:008F S:012C D:0E68 DB:86 nvmXdizc V:248 H:306 F:59		|
			878E7C A9 00 F8    LDA #$F800             A:0800 X:0004 Y:008F S:012C D:0E68 DB:86 nvmXdizc V:248 H:309 F:59		|
			878E7F 85 1A       STA $1A       [000E82] A:F800 X:0004 Y:008F S:012C D:0E68 DB:86 NvmXdizc V:248 H:314 F:59		|
			878E81 E2 20       SEP #$20               A:F800 X:0004 Y:008F S:012C D:0E68 DB:86 NvmXdizc V:248 H:322 F:59
			878E83 A9 02       LDA #$02               A:F800 X:0004 Y:008F S:012C D:0E68 DB:86 NvMXdizc V:248 H:326 F:59		A = a = #$02
			878E85 20 B1 90    JSR $90B1     [8790B1] A:F802 X:0004 Y:008F S:012C D:0E68 DB:86 nvMXdizc V:248 H:329 F:59		JSR $8790B1 --> Boomer Kuwanger Custom Skeleton Load

				8790B1 A6 35       LDX $35       [000E9D] A:F802 X:0004 Y:008F S:012A D:0E68 DB:86 nvMXdizc V:248 H:339 F:59
				8790B3 F0 03       BEQ $0003     [8790B8] A:F802 X:0000 Y:008F S:012A D:0E68 DB:86 nvMXdiZc V:249 H:  5 F:59	Branch because E-BoomOut = #$00
				8790B8 AA          TAX                    A:F802 X:0000 Y:008F S:012A D:0E68 DB:86 nvMXdiZc V:249 H: 10 F:59	
				8790B9 BD 97 C5    LDA $C597,X   [86C599] A:F802 X:0002 Y:008F S:012A D:0E68 DB:86 nvMXdizc V:249 H: 13 F:59	A = [$86C597,a] = [$86C599] = #$14
				8790BC 22 07 8F 84 JSL $848F07   [848F07] A:F814 X:0002 Y:008F S:012A D:0E68 DB:86 nvMXdizc V:249 H: 19 F:59	JSL $848F07 --> Skeleton Load (SkelPoint = #$75, A=14)

					848F07 08          PHP                    A:F814 X:0002 Y:008F S:0127 D:0E68 DB:86 nvMXdizc V:249 H: 32 F:59
					848F08 8B          PHB                    A:F814 X:0002 Y:008F S:0126 D:0E68 DB:86 nvMXdizc V:249 H: 37 F:59
					848F09 C2 30       REP #$30               A:F814 X:0002 Y:008F S:0125 D:0E68 DB:86 nvMXdizc V:249 H: 42 F:59
					848F0B 8D 0E 00    STA $000E     [86000E] A:F814 X:0002 Y:008F S:0125 D:0E68 DB:86 nvmxdizc V:249 H: 47 F:59
					848F0E A5 16       LDA $16       [000E7E] A:F814 X:0002 Y:008F S:0125 D:0E68 DB:86 nvmxdizc V:249 H: 55 F:59
					848F10 29 FF 00    AND #$00FF             A:8175 X:0002 Y:008F S:0125 D:0E68 DB:86 Nvmxdizc V:249 H: 64 F:59
					848F13 8D 0C 00    STA $000C     [86000C] A:0075 X:0002 Y:008F S:0125 D:0E68 DB:86 nvmxdizc V:249 H: 68 F:59
					848F16 0A          ASL A                  A:0075 X:0002 Y:008F S:0125 D:0E68 DB:86 nvmxdizc V:249 H: 77 F:59
					848F17 18          CLC                    A:00EA X:0002 Y:008F S:0125 D:0E68 DB:86 nvmxdizc V:249 H: 80 F:59
					848F18 6D 0C 00    ADC $000C     [86000C] A:00EA X:0002 Y:008F S:0125 D:0E68 DB:86 nvmxdizc V:249 H: 83 F:59
					848F1B AA          TAX                    A:015F X:0002 Y:008F S:0125 D:0E68 DB:86 nvmxdizc V:249 H: 91 F:59
					848F1C BF 00 A0 AF LDA $AFA000,X [AFA15F] A:015F X:015F Y:008F S:0125 D:0E68 DB:86 nvmxdizc V:249 H: 94 F:59
					848F20 85 14       STA $14       [000E7C] A:D367 X:015F Y:008F S:0125 D:0E68 DB:86 Nvmxdizc V:249 H:103 F:59
					848F22 E2 20       SEP #$20               A:D367 X:015F Y:008F S:0125 D:0E68 DB:86 Nvmxdizc V:249 H:112 F:59
					848F24 BF 02 A0 AF LDA $AFA002,X [AFA161] A:D367 X:015F Y:008F S:0125 D:0E68 DB:86 NvMxdizc V:249 H:116 F:59
					848F28 48          PHA                    A:D3AF X:015F Y:008F S:0125 D:0E68 DB:86 NvMxdizc V:249 H:124 F:59
					848F29 AB          PLB                    A:D3AF X:015F Y:008F S:0124 D:0E68 DB:86 NvMxdizc V:249 H:129 F:59
					848F2A C2 20       REP #$20               A:D3AF X:015F Y:008F S:0125 D:0E68 DB:AF NvMxdizc V:249 H:145 F:59
					848F2C AD 0E 00    LDA $000E     [AF000E] A:D3AF X:015F Y:008F S:0125 D:0E68 DB:AF Nvmxdizc V:249 H:150 F:59
					848F2F 29 FF 00    AND #$00FF             A:F814 X:015F Y:008F S:0125 D:0E68 DB:AF Nvmxdizc V:249 H:158 F:59
					848F32 0A          ASL A                  A:0014 X:015F Y:008F S:0125 D:0E68 DB:AF nvmxdizc V:249 H:163 F:59
					848F33 A8          TAY                    A:0028 X:015F Y:008F S:0125 D:0E68 DB:AF nvmxdizc V:249 H:166 F:59
					848F34 B1 14       LDA ($14),Y   [AFD38F] A:0028 X:015F Y:0028 S:0125 D:0E68 DB:AF nvmxdizc V:249 H:169 F:59
					848F36 65 14       ADC $14       [000E7C] A:0081 X:015F Y:0028 S:0125 D:0E68 DB:AF nvmxdizc V:249 H:182 F:59
					848F38 85 14       STA $14       [000E7C] A:D3E8 X:015F Y:0028 S:0125 D:0E68 DB:AF Nvmxdizc V:249 H:190 F:59
					848F3A E2 30       SEP #$30               A:D3E8 X:015F Y:0028 S:0125 D:0E68 DB:AF Nvmxdizc V:249 H:199 F:59
					848F3C B2 14       LDA ($14)     [AFD3E8] A:D3E8 X:005F Y:0028 S:0125 D:0E68 DB:AF NvMXdizc V:249 H:203 F:59	Skeleton start: [AFD3E8]
					848F3E 85 13       STA $13       [000E7B] A:D308 X:005F Y:0028 S:0125 D:0E68 DB:AF nvMXdizc V:249 H:213 F:59
					848F40 A0 01       LDY #$01               A:D308 X:005F Y:0028 S:0125 D:0E68 DB:AF nvMXdizc V:249 H:220 F:59
					848F42 B1 14       LDA ($14),Y   [AFD3E9] A:D308 X:005F Y:0001 S:0125 D:0E68 DB:AF nvMXdizc V:249 H:223 F:59
					848F44 85 0F       STA $0F       [000E77] A:D300 X:005F Y:0001 S:0125 D:0E68 DB:AF nvMXdiZc V:249 H:233 F:59
					848F46 C8          INY                    A:D300 X:005F Y:0001 S:0125 D:0E68 DB:AF nvMXdiZc V:249 H:239 F:59
					848F47 B1 14       LDA ($14),Y   [AFD3EA] A:D300 X:005F Y:0002 S:0125 D:0E68 DB:AF nvMXdizc V:249 H:242 F:59
					848F49 85 17       STA $17       [000E7F] A:D304 X:005F Y:0002 S:0125 D:0E68 DB:AF nvMXdizc V:249 H:252 F:59
					848F4B A9 80       LDA #$80               A:D304 X:005F Y:0002 S:0125 D:0E68 DB:AF nvMXdizc V:249 H:259 F:59
					848F4D 04 17       TSB $17       [000E7F] A:D380 X:005F Y:0002 S:0125 D:0E68 DB:AF NvMXdizc V:249 H:262 F:59
					848F4F AB          PLB                    A:D380 X:005F Y:0002 S:0125 D:0E68 DB:AF NvMXdiZc V:249 H:272 F:59
					848F50 28          PLP                    A:D380 X:005F Y:0002 S:0126 D:0E68 DB:86 NvMXdizc V:249 H:278 F:59
					848F51 6B          RTL                    A:D380 X:005F Y:0002 S:0127 D:0E68 DB:86 nvMXdizc V:249 H:285 F:59

				8790C0 60          RTS                    A:D380 X:005F Y:0002 S:012A D:0E68 DB:86 nvMXdizc V:249 H:295 F:59

			878E88 A9 50       LDA #$50               A:D380 X:005F Y:0002 S:012C D:0E68 DB:86 nvMXdizc V:249 H:305 F:59
			878E8A 22 A2 88 80 JSL $8088A2   [8088A2] A:D350 X:005F Y:0002 S:012C D:0E68 DB:86 nvMXdizc V:249 H:308 F:59			JSL $8088A2 --> Play Sound Effect (A = Sound Effect ID) (Stereo with |X-Distance|)

				8088A2 DA          PHX                    A:D350 X:005F Y:0002 S:0129 D:0E68 DB:86 nvMXdizc V:249 H:322 F:59
				8088A3 5A          PHY                    A:D350 X:005F Y:0002 S:0128 D:0E68 DB:86 nvMXdizc V:249 H:326 F:59
				8088A4 08          PHP                    A:D350 X:005F Y:0002 S:0127 D:0E68 DB:86 nvMXdizc V:249 H:331 F:59
				8088A5 C2 20       REP #$20               A:D350 X:005F Y:0002 S:0126 D:0E68 DB:86 nvMXdizc V:249 H:336 F:59
				8088A7 E2 10       SEP #$10               A:D350 X:005F Y:0002 S:0126 D:0E68 DB:86 nvmXdizc V:250 H:  0 F:59
				8088A9 48          PHA                    A:D350 X:005F Y:0002 S:0126 D:0E68 DB:86 nvmXdizc V:250 H:  5 F:59
				8088AA A5 05       LDA $05       [000E6D] A:D350 X:005F Y:0002 S:0124 D:0E68 DB:86 nvmXdizc V:250 H: 12 F:59
				8088AC 38          SEC                    A:079F X:005F Y:0002 S:0124 D:0E68 DB:86 nvmXdizc V:250 H: 20 F:59
				8088AD ED AD 0B    SBC $0BAD     [860BAD] A:079F X:005F Y:0002 S:0124 D:0E68 DB:86 nvmXdizC V:250 H: 23 F:59
				8088B0 10 0E       BPL $000E     [8088C0] A:0007 X:005F Y:0002 S:0124 D:0E68 DB:86 nvmXdizC V:250 H: 32 F:59
				8088C0 4A          LSR A                  A:0007 X:005F Y:0002 S:0124 D:0E68 DB:86 nvmXdizC V:250 H: 36 F:59
				8088C1 C9 7F 00    CMP #$007F             A:0003 X:005F Y:0002 S:0124 D:0E68 DB:86 nvmXdizC V:250 H: 39 F:59
				8088C4 30 03       BMI $0003     [8088C9] A:0003 X:005F Y:0002 S:0124 D:0E68 DB:86 NvmXdizc V:250 H: 44 F:59
				8088C9 A8          TAY                    A:0003 X:005F Y:0002 S:0124 D:0E68 DB:86 NvmXdizc V:250 H: 48 F:59
				8088CA 68          PLA                    A:0003 X:005F Y:0003 S:0124 D:0E68 DB:86 nvmXdizc V:250 H: 51 F:59
				8088CB 80 07       BRA $0007     [8088D4] A:D350 X:005F Y:0003 S:0126 D:0E68 DB:86 NvmXdizc V:250 H: 60 F:59
				8088D4 E2 31       SEP #$31               A:D350 X:005F Y:0003 S:0126 D:0E68 DB:86 NvmXdizc V:250 H: 64 F:59
				8088D6 AE A3 0B    LDX $0BA3     [860BA3] A:D350 X:005F Y:0003 S:0126 D:0E68 DB:86 NvMXdizC V:250 H: 69 F:59
				8088D9 9D 72 0B    STA $0B72,X   [860B86] A:D350 X:0014 Y:0003 S:0126 D:0E68 DB:86 nvMXdizC V:250 H: 75 F:59
				8088DC 98          TYA                    A:D350 X:0014 Y:0003 S:0126 D:0E68 DB:86 nvMXdizC V:250 H: 83 F:59
				8088DD 9D 73 0B    STA $0B73,X   [860B87] A:D303 X:0014 Y:0003 S:0126 D:0E68 DB:86 nvMXdizC V:250 H: 86 F:59
				8088E0 E8          INX                    A:D303 X:0014 Y:0003 S:0126 D:0E68 DB:86 nvMXdizC V:250 H: 94 F:59
				8088E1 E8          INX                    A:D303 X:0015 Y:0003 S:0126 D:0E68 DB:86 nvMXdizC V:250 H: 97 F:59
				8088E2 8A          TXA                    A:D303 X:0016 Y:0003 S:0126 D:0E68 DB:86 nvMXdizC V:250 H:100 F:59
				8088E3 29 1E       AND #$1E               A:D316 X:0016 Y:0003 S:0126 D:0E68 DB:86 nvMXdizC V:250 H:103 F:59
				8088E5 8D A3 0B    STA $0BA3     [860BA3] A:D316 X:0016 Y:0003 S:0126 D:0E68 DB:86 nvMXdizC V:250 H:106 F:59
				8088E8 28          PLP                    A:D316 X:0016 Y:0003 S:0126 D:0E68 DB:86 nvMXdizC V:250 H:113 F:59
				8088E9 7A          PLY                    A:D316 X:0016 Y:0003 S:0127 D:0E68 DB:86 nvMXdizc V:250 H:119 F:59
				8088EA FA          PLX                    A:D316 X:0016 Y:0002 S:0128 D:0E68 DB:86 nvMXdizc V:250 H:126 F:59
				8088EB 6B          RTL                    A:D316 X:005F Y:0002 S:0129 D:0E68 DB:86 nvMXdizc V:250 H:132 F:59

			878E8E 60          RTS                    A:D316 X:005F Y:0002 S:012C D:0E68 DB:86 nvMXdizc V:250 H:153 F:59

		878C23 A5 37       LDA $37       [000E9F] A:D316 X:005F Y:0002 S:012E D:0E68 DB:86 nvMXdizc V:250 H:163 F:59
