80D2EA 20 2E D3    JSR $D32E     [80D32E] A:1601 X:0000 Y:00CC S:0133 D:1628 DB:86 nvMXdizC V:244 H:112 F:46

	80D32E C2 20       REP #$20               A:1601 X:0000 Y:00CC S:0131 D:1628 DB:86 nvMXdizC V:244 H:122 F:46
	80D330 A5 05       LDA $05       [00162D] A:1601 X:0000 Y:00CC S:0131 D:1628 DB:86 nvmXdizC V:244 H:127 F:46
	80D332 85 22       STA $22       [00164A] A:1CF8 X:0000 Y:00CC S:0131 D:1628 DB:86 nvmXdizC V:244 H:145 F:46
	80D334 A5 08       LDA $08       [001630] A:1CF8 X:0000 Y:00CC S:0131 D:1628 DB:86 nvmXdizC V:244 H:154 F:46
	80D336 85 24       STA $24       [00164C] A:0187 X:0000 Y:00CC S:0131 D:1628 DB:86 nvmXdizC V:244 H:162 F:46
	80D338 E2 20       SEP #$20               A:0187 X:0000 Y:00CC S:0131 D:1628 DB:86 nvmXdizC V:244 H:171 F:46
	80D33A A9 80       LDA #$80               A:0187 X:0000 Y:00CC S:0131 D:1628 DB:86 nvMXdizC V:244 H:175 F:46
	80D33C 14 0E       TRB $0E       [001636] A:0180 X:0000 Y:00CC S:0131 D:1628 DB:86 NvMXdizC V:244 H:178 F:46
	80D33E A5 0A       LDA $0A       [001632] A:0180 X:0000 Y:00CC S:0131 D:1628 DB:86 NvMXdiZC V:244 H:188 F:46
	80D340 0A          ASL A                  A:0112 X:0000 Y:00CC S:0131 D:1628 DB:86 nvMXdizC V:244 H:195 F:46
	80D341 AA          TAX                    A:0124 X:0000 Y:00CC S:0131 D:1628 DB:86 nvMXdizc V:244 H:198 F:46
	80D342 7C 20 F3    JMP ($F320,X) [80F344] A:0124 X:0024 Y:00CC S:0131 D:1628 DB:86 nvMXdizc V:244 H:201 F:46				JMP ($F320,M-ID*2) = ($80F344) = $80F3A0

	80F3A0 22 92 EF 87 JSL $87EF92   [87EF92] A:0124 X:0024 Y:00CC S:0131 D:1628 DB:86 nvMXdizc V:244 H:210 F:46				JSL $87EF92 --> Main Wind routine

		87EF92 A6 01       LDX $01       [001629] A:0124 X:0024 Y:00CC S:012E D:1628 DB:86 nvMXdizc V:244 H:223 F:46
		87EF94 FC 9B EF    JSR ($EF9B,X) [87EF9B] A:0124 X:0000 Y:00CC S:012E D:1628 DB:86 nvMXdiZc V:244 H:230 F:46			JSR ($87EF9B,M-State) = ($87EF9B) = $87EFA5

			87EFA5 A9 02       LDA #$02               A:0124 X:0000 Y:00CC S:012C D:1628 DB:86 nvMXdiZc V:244 H:243 F:46		M-State = #$02
			87EFA7 85 01       STA $01       [001629] A:0102 X:0000 Y:00CC S:012C D:1628 DB:86 nvMXdizc V:244 H:246 F:46
			87EFA9 A9 13       LDA #$13               A:0102 X:0000 Y:00CC S:012C D:1628 DB:86 nvMXdizc V:244 H:252 F:46		$00C0 = #$13
			87EFAB 8D C0 00    STA $00C0     [8600C0] A:0113 X:0000 Y:00CC S:012C D:1628 DB:86 nvMXdizc V:244 H:255 F:46		
			87EFAE 64 1B       STZ $1B       [001643] A:0113 X:0000 Y:00CC S:012C D:1628 DB:86 nvMXdizc V:244 H:262 F:46		M-On = #$00
			87EFB0 9C 3F 1F    STZ $1F3F     [861F3F] A:0113 X:0000 Y:00CC S:012C D:1628 DB:86 nvMXdizc V:244 H:268 F:46		M-WindCD = #$00
			87EFB3 A9 67       LDA #$67               A:0113 X:0000 Y:00CC S:012C D:1628 DB:86 nvMXdizc V:244 H:275 F:46		M-CDBase = #$67
			87EFB5 85 16       STA $16       [00163E] A:0167 X:0000 Y:00CC S:012C D:1628 DB:86 nvMXdizc V:244 H:278 F:46		
			87EFB7 AF 61 82 7F LDA $7F8261   [7F8261] A:0167 X:0000 Y:00CC S:012C D:1628 DB:86 nvMXdizc V:244 H:284 F:46		M-$18 = $7F8261 = #$00
			87EFBB 85 18       STA $18       [001640] A:0100 X:0000 Y:00CC S:012C D:1628 DB:86 nvMXdiZc V:244 H:292 F:46		
			87EFBD AF 61 83 7F LDA $7F8361   [7F8361] A:0100 X:0000 Y:00CC S:012C D:1628 DB:86 nvMXdiZc V:244 H:299 F:46		M-Status = $7F8361 = #$29
			87EFC1 85 11       STA $11       [001639] A:0129 X:0000 Y:00CC S:012C D:1628 DB:86 nvMXdizc V:244 H:307 F:46
			87EFC3 A9 0C       LDA #$0C               A:0129 X:0000 Y:00CC S:012C D:1628 DB:86 nvMXdizc V:244 H:313 F:46
			87EFC5 22 07 8F 84 JSL $848F07   [848F07] A:010C X:0000 Y:00CC S:012C D:1628 DB:86 nvMXdizc V:244 H:316 F:46		JSL $848F07 --> Skeleton Load (SkelPoint = #$67, A = #$0C)

				848F07 08          PHP                    A:010C X:0000 Y:00CC S:0129 D:1628 DB:86 nvMXdizc V:244 H:329 F:46
				848F08 8B          PHB                    A:010C X:0000 Y:00CC S:0128 D:1628 DB:86 nvMXdizc V:244 H:334 F:46
				848F09 C2 30       REP #$30               A:010C X:0000 Y:00CC S:0127 D:1628 DB:86 nvMXdizc V:244 H:339 F:46
				848F0B 8D 0E 00    STA $000E     [86000E] A:010C X:0000 Y:00CC S:0127 D:1628 DB:86 nvmxdizc V:245 H:  3 F:46
				848F0E A5 16       LDA $16       [00163E] A:010C X:0000 Y:00CC S:0127 D:1628 DB:86 nvmxdizc V:245 H: 12 F:46
				848F10 29 FF 00    AND #$00FF             A:8067 X:0000 Y:00CC S:0127 D:1628 DB:86 Nvmxdizc V:245 H: 20 F:46
				848F13 8D 0C 00    STA $000C     [86000C] A:0067 X:0000 Y:00CC S:0127 D:1628 DB:86 nvmxdizc V:245 H: 25 F:46
				848F16 0A          ASL A                  A:0067 X:0000 Y:00CC S:0127 D:1628 DB:86 nvmxdizc V:245 H: 33 F:46
				848F17 18          CLC                    A:00CE X:0000 Y:00CC S:0127 D:1628 DB:86 nvmxdizc V:245 H: 36 F:46
				848F18 6D 0C 00    ADC $000C     [86000C] A:00CE X:0000 Y:00CC S:0127 D:1628 DB:86 nvmxdizc V:245 H: 39 F:46
				848F1B AA          TAX                    A:0135 X:0000 Y:00CC S:0127 D:1628 DB:86 nvmxdizc V:245 H: 48 F:46
				848F1C BF 00 A0 AF LDA $AFA000,X [AFA135] A:0135 X:0135 Y:00CC S:0127 D:1628 DB:86 nvmxdizc V:245 H: 51 F:46
				848F20 85 14       STA $14       [00163C] A:CFE0 X:0135 Y:00CC S:0127 D:1628 DB:86 Nvmxdizc V:245 H: 60 F:46
				848F22 E2 20       SEP #$20               A:CFE0 X:0135 Y:00CC S:0127 D:1628 DB:86 Nvmxdizc V:245 H: 68 F:46
				848F24 BF 02 A0 AF LDA $AFA002,X [AFA137] A:CFE0 X:0135 Y:00CC S:0127 D:1628 DB:86 NvMxdizc V:245 H: 73 F:46
				848F28 48          PHA                    A:CFAF X:0135 Y:00CC S:0127 D:1628 DB:86 NvMxdizc V:245 H: 80 F:46
				848F29 AB          PLB                    A:CFAF X:0135 Y:00CC S:0126 D:1628 DB:86 NvMxdizc V:245 H: 85 F:46
				848F2A C2 20       REP #$20               A:CFAF X:0135 Y:00CC S:0127 D:1628 DB:AF NvMxdizc V:245 H: 92 F:46
				848F2C AD 0E 00    LDA $000E     [AF000E] A:CFAF X:0135 Y:00CC S:0127 D:1628 DB:AF Nvmxdizc V:245 H: 96 F:46
				848F2F 29 FF 00    AND #$00FF             A:010C X:0135 Y:00CC S:0127 D:1628 DB:AF nvmxdizc V:245 H:105 F:46
				848F32 0A          ASL A                  A:000C X:0135 Y:00CC S:0127 D:1628 DB:AF nvmxdizc V:245 H:109 F:46
				848F33 A8          TAY                    A:0018 X:0135 Y:00CC S:0127 D:1628 DB:AF nvmxdizc V:245 H:112 F:46
				848F34 B1 14       LDA ($14),Y   [AFCFF8] A:0018 X:0135 Y:0018 S:0127 D:1628 DB:AF nvmxdizc V:245 H:115 F:46
				848F36 65 14       ADC $14       [00163C] A:00C1 X:0135 Y:0018 S:0127 D:1628 DB:AF nvmxdizc V:245 H:128 F:46
				848F38 85 14       STA $14       [00163C] A:D0A1 X:0135 Y:0018 S:0127 D:1628 DB:AF Nvmxdizc V:245 H:147 F:46
				848F3A E2 30       SEP #$30               A:D0A1 X:0135 Y:0018 S:0127 D:1628 DB:AF Nvmxdizc V:245 H:155 F:46
				848F3C B2 14       LDA ($14)     [AFD0A1] A:D0A1 X:0035 Y:0018 S:0127 D:1628 DB:AF NvMXdizc V:245 H:160 F:46	Skeleton Start: [AFD0A1]
				848F3E 85 13       STA $13       [00163B] A:D004 X:0035 Y:0018 S:0127 D:1628 DB:AF nvMXdizc V:245 H:170 F:46
				848F40 A0 01       LDY #$01               A:D004 X:0035 Y:0018 S:0127 D:1628 DB:AF nvMXdizc V:245 H:176 F:46
				848F42 B1 14       LDA ($14),Y   [AFD0A2] A:D004 X:0035 Y:0001 S:0127 D:1628 DB:AF nvMXdizc V:245 H:179 F:46
				848F44 85 0F       STA $0F       [001637] A:D080 X:0035 Y:0001 S:0127 D:1628 DB:AF NvMXdizc V:245 H:189 F:46
				848F46 C8          INY                    A:D080 X:0035 Y:0001 S:0127 D:1628 DB:AF NvMXdizc V:245 H:196 F:46
				848F47 B1 14       LDA ($14),Y   [AFD0A3] A:D080 X:0035 Y:0002 S:0127 D:1628 DB:AF nvMXdizc V:245 H:199 F:46
				848F49 85 17       STA $17       [00163F] A:D017 X:0035 Y:0002 S:0127 D:1628 DB:AF nvMXdizc V:245 H:209 F:46
				848F4B A9 80       LDA #$80               A:D017 X:0035 Y:0002 S:0127 D:1628 DB:AF nvMXdizc V:245 H:215 F:46
				848F4D 04 17       TSB $17       [00163F] A:D080 X:0035 Y:0002 S:0127 D:1628 DB:AF NvMXdizc V:245 H:218 F:46
				848F4F AB          PLB                    A:D080 X:0035 Y:0002 S:0127 D:1628 DB:AF NvMXdiZc V:245 H:228 F:46
				848F50 28          PLP                    A:D080 X:0035 Y:0002 S:0128 D:1628 DB:86 NvMXdizc V:245 H:235 F:46
				848F51 6B          RTL                    A:D080 X:0035 Y:0002 S:0129 D:1628 DB:86 nvMXdizc V:245 H:241 F:46

			87EFC9 A9 10       LDA #$10               A:D080 X:0035 Y:0002 S:012C D:1628 DB:86 nvMXdizc V:245 H:252 F:46		M-X-Vel = #$10
			87EFCB 85 1A       STA $1A       [001642] A:D010 X:0035 Y:0002 S:012C D:1628 DB:86 nvMXdizc V:245 H:255 F:46
			87EFCD C2 20       REP #$20               A:D010 X:0035 Y:0002 S:012C D:1628 DB:86 nvMXdizc V:245 H:261 F:46
			87EFCF AD 4D 1E    LDA $1E4D     [861E4D] A:D010 X:0035 Y:0002 S:012C D:1628 DB:86 nvmXdizc V:245 H:266 F:46		|M-X-Pos = X-Cam + #$0080
			87EFD2 18          CLC                    A:1E00 X:0035 Y:0002 S:012C D:1628 DB:86 nvmXdizc V:245 H:274 F:46		|
			87EFD3 69 80 00    ADC #$0080             A:1E00 X:0035 Y:0002 S:012C D:1628 DB:86 nvmXdizc V:245 H:277 F:46		|
			87EFD6 85 05       STA $05       [00162D] A:1E80 X:0035 Y:0002 S:012C D:1628 DB:86 nvmXdizc V:245 H:282 F:46		|
			87EFD8 AD 50 1E    LDA $1E50     [861E50] A:1E80 X:0035 Y:0002 S:012C D:1628 DB:86 nvmXdizc V:245 H:290 F:46		|M-Y-Pos = Y-Cam + #$000C
			87EFDB 18          CLC                    A:0100 X:0035 Y:0002 S:012C D:1628 DB:86 nvmXdizc V:245 H:299 F:46		|
			87EFDC 69 0C 00    ADC #$000C             A:0100 X:0035 Y:0002 S:012C D:1628 DB:86 nvmXdizc V:245 H:302 F:46		|
			87EFDF 85 08       STA $08       [001630] A:010C X:0035 Y:0002 S:012C D:1628 DB:86 nvmXdizc V:245 H:306 F:46		|
			87EFE1 E2 20       SEP #$20               A:010C X:0035 Y:0002 S:012C D:1628 DB:86 nvmXdizc V:245 H:315 F:46
			87EFE3 60          RTS                    A:010C X:0035 Y:0002 S:012C D:1628 DB:86 nvMXdizc V:245 H:319 F:46

		87EF97 5C B4 80 82 JML $8280B4   [8280B4] A:010C X:0035 Y:0002 S:012E D:1628 DB:86 nvMXdizc V:245 H:328 F:46

		8280B4 C2 20       REP #$20               A:010C X:0035 Y:0002 S:012E D:1628 DB:86 nvMXdizc V:245 H:334 F:46			Normal routine after action
		8280B6 38          SEC                    A:010C X:0035 Y:0002 S:012E D:1628 DB:86 nvmXdizc V:245 H:339 F:46
		8280B7 A5 05       LDA $05       [00162D] A:010C X:0035 Y:0002 S:012E D:1628 DB:86 nvmXdizC V:246 H:  2 F:46
		8280B9 ED 4D 1E    SBC $1E4D     [861E4D] A:1E80 X:0035 Y:0002 S:012E D:1628 DB:86 nvmXdizC V:246 H: 10 F:46
		8280BC 18          CLC                    A:0080 X:0035 Y:0002 S:012E D:1628 DB:86 nvmXdizC V:246 H: 19 F:46
		8280BD 69 20 00    ADC #$0020             A:0080 X:0035 Y:0002 S:012E D:1628 DB:86 nvmXdizc V:246 H: 22 F:46
		8280C0 C9 40 01    CMP #$0140             A:00A0 X:0035 Y:0002 S:012E D:1628 DB:86 nvmXdizc V:246 H: 26 F:46
		8280C3 B0 0F       BCS $000F     [8280D4] A:00A0 X:0035 Y:0002 S:012E D:1628 DB:86 NvmXdizc V:246 H: 31 F:46
		8280C5 38          SEC                    A:00A0 X:0035 Y:0002 S:012E D:1628 DB:86 NvmXdizc V:246 H: 34 F:46
		8280C6 A5 08       LDA $08       [001630] A:00A0 X:0035 Y:0002 S:012E D:1628 DB:86 NvmXdizC V:246 H: 37 F:46
		8280C8 ED 50 1E    SBC $1E50     [861E50] A:010C X:0035 Y:0002 S:012E D:1628 DB:86 nvmXdizC V:246 H: 45 F:46
		8280CB 18          CLC                    A:000C X:0035 Y:0002 S:012E D:1628 DB:86 nvmXdizC V:246 H: 54 F:46
		8280CC 69 10 00    ADC #$0010             A:000C X:0035 Y:0002 S:012E D:1628 DB:86 nvmXdizc V:246 H: 57 F:46
		8280CF C9 00 01    CMP #$0100             A:001C X:0035 Y:0002 S:012E D:1628 DB:86 nvmXdizc V:246 H: 61 F:46
		8280D2 90 05       BCC $0005     [8280D9] A:001C X:0035 Y:0002 S:012E D:1628 DB:86 NvmXdizc V:246 H: 66 F:46
		8280D9 E2 20       SEP #$20               A:001C X:0035 Y:0002 S:012E D:1628 DB:86 NvmXdizc V:246 H: 70 F:46
		8280DB A9 81       LDA #$81               A:001C X:0035 Y:0002 S:012E D:1628 DB:86 NvMXdizc V:246 H: 75 F:46
		8280DD 85 0E       STA $0E       [001636] A:0081 X:0035 Y:0002 S:012E D:1628 DB:86 NvMXdizc V:246 H: 78 F:46
		8280DF E2 30       SEP #$30               A:0081 X:0035 Y:0002 S:012E D:1628 DB:86 NvMXdizc V:246 H: 84 F:46
		8280E1 A6 12       LDX $12       [00163A] A:0081 X:0035 Y:0002 S:012E D:1628 DB:86 NvMXdizc V:246 H: 89 F:46
		8280E3 10 02       BPL $0002     [8280E7] A:0081 X:0004 Y:0002 S:012E D:1628 DB:86 nvMXdizc V:246 H: 95 F:46
		8280E7 7C EA 80    JMP ($80EA,X) [8280EE] A:0081 X:0004 Y:0002 S:012E D:1628 DB:86 nvMXdizc V:246 H:100 F:46

		828135 AD EA 00    LDA $00EA     [8600EA] A:0081 X:0004 Y:0002 S:012E D:1628 DB:86 nvMXdizc V:246 H:109 F:46
		828138 C9 20       CMP #$20               A:0000 X:0004 Y:0002 S:012E D:1628 DB:86 nvMXdiZc V:246 H:115 F:46
		82813A B0 0D       BCS $000D     [828149] A:0000 X:0004 Y:0002 S:012E D:1628 DB:86 NvMXdizc V:246 H:118 F:46
		82813C 0A          ASL A                  A:0000 X:0004 Y:0002 S:012E D:1628 DB:86 NvMXdizc V:246 H:121 F:46
		82813D AA          TAX                    A:0000 X:0004 Y:0002 S:012E D:1628 DB:86 nvMXdiZc V:246 H:124 F:46
		82813E C2 20       REP #$20               A:0000 X:0000 Y:0002 S:012E D:1628 DB:86 nvMXdiZc V:246 H:127 F:46
		828140 7B          TDC                    A:0000 X:0000 Y:0002 S:012E D:1628 DB:86 nvmXdiZc V:246 H:132 F:46
		828141 9D E0 09    STA $09E0,X   [8609E0] A:1628 X:0000 Y:0002 S:012E D:1628 DB:86 nvmXdizc V:246 H:145 F:46
		828144 E2 20       SEP #$20               A:1628 X:0000 Y:0002 S:012E D:1628 DB:86 nvmXdizc V:246 H:155 F:46
		828146 EE EA 00    INC $00EA     [8600EA] A:1628 X:0000 Y:0002 S:012E D:1628 DB:86 nvMXdizc V:246 H:159 F:46
		828149 6B          RTL                    A:1628 X:0000 Y:0002 S:012E D:1628 DB:86 nvMXdizc V:246 H:169 F:46

	80F3A4 60          RTS                    A:1628 X:0000 Y:0002 S:0131 D:1628 DB:86 nvMXdizc V:246 H:180 F:46

80D2ED AD 16 1F    LDA $1F16     [861F16] A:1628 X:0000 Y:0002 S:0133 D:1628 DB:86 nvMXdizc V:246 H:190 F:46
