80D2EA 20 2E D3    JSR $D32E     [80D32E] A:1601 X:0000 Y:00CC S:0133 D:1628 DB:86 nvMXdizC V:258 H:272 F: 0

	80D32E C2 20       REP #$20               A:1601 X:0000 Y:00CC S:0131 D:1628 DB:86 nvMXdizC V:258 H:282 F: 0
	80D330 A5 05       LDA $05       [00162D] A:1601 X:0000 Y:00CC S:0131 D:1628 DB:86 nvmXdizC V:258 H:286 F: 0
	80D332 85 22       STA $22       [00164A] A:1E80 X:0000 Y:00CC S:0131 D:1628 DB:86 nvmXdizC V:258 H:295 F: 0
	80D334 A5 08       LDA $08       [001630] A:1E80 X:0000 Y:00CC S:0131 D:1628 DB:86 nvmXdizC V:258 H:303 F: 0
	80D336 85 24       STA $24       [00164C] A:011C X:0000 Y:00CC S:0131 D:1628 DB:86 nvmXdizC V:258 H:312 F: 0
	80D338 E2 20       SEP #$20               A:011C X:0000 Y:00CC S:0131 D:1628 DB:86 nvmXdizC V:258 H:320 F: 0
	80D33A A9 80       LDA #$80               A:011C X:0000 Y:00CC S:0131 D:1628 DB:86 nvMXdizC V:258 H:324 F: 0
	80D33C 14 0E       TRB $0E       [001636] A:0180 X:0000 Y:00CC S:0131 D:1628 DB:86 NvMXdizC V:258 H:327 F: 0
	80D33E A5 0A       LDA $0A       [001632] A:0180 X:0000 Y:00CC S:0131 D:1628 DB:86 NvMXdizC V:258 H:337 F: 0
	80D340 0A          ASL A                  A:0112 X:0000 Y:00CC S:0131 D:1628 DB:86 nvMXdizC V:259 H:  3 F: 0
	80D341 AA          TAX                    A:0124 X:0000 Y:00CC S:0131 D:1628 DB:86 nvMXdizc V:259 H:  6 F: 0
	80D342 7C 20 F3    JMP ($F320,X) [80F344] A:0124 X:0024 Y:00CC S:0131 D:1628 DB:86 nvMXdizc V:259 H:  9 F: 0

	80F3A0 22 92 EF 87 JSL $87EF92   [87EF92] A:0124 X:0024 Y:00CC S:0131 D:1628 DB:86 nvMXdizc V:259 H: 18 F: 0

		87EF92 A6 01       LDX $01       [001629] A:0124 X:0024 Y:00CC S:012E D:1628 DB:86 nvMXdizc V:259 H: 32 F: 0
		87EF94 FC 9B EF    JSR ($EF9B,X) [87EFA1] A:0124 X:0006 Y:00CC S:012E D:1628 DB:86 nvMXdizc V:259 H: 38 F: 0

			87F030 CE 3F 1F    DEC $1F3F     [861F3F] A:0124 X:0006 Y:00CC S:012C D:1628 DB:86 nvMXdizc V:259 H: 51 F: 0	Decrease M-WindCD
			87F033 D0 0C       BNE $000C     [87F041] A:0124 X:0006 Y:00CC S:012C D:1628 DB:86 nvMXdizc V:259 H: 61 F: 0	Branch because M-WindCD <> #$00
			87F041 AD 3F 1F    LDA $1F3F     [861F3F] A:0124 X:0006 Y:00CC S:012C D:1628 DB:86 nvMXdizc V:259 H: 66 F: 0	|Y = ((M-WindCD AND #$03) + #$30)*2
			87F044 29 03       AND #$03               A:0177 X:0006 Y:00CC S:012C D:1628 DB:86 nvMXdizc V:259 H: 72 F: 0	|
			87F046 18          CLC                    A:0103 X:0006 Y:00CC S:012C D:1628 DB:86 nvMXdizc V:259 H: 75 F: 0	|
			87F047 69 30       ADC #$30               A:0103 X:0006 Y:00CC S:012C D:1628 DB:86 nvMXdizc V:259 H: 78 F: 0	|
			87F049 0A          ASL A                  A:0133 X:0006 Y:00CC S:012C D:1628 DB:86 nvMXdizc V:259 H: 81 F: 0	|
			87F04A A8          TAY                    A:0166 X:0006 Y:00CC S:012C D:1628 DB:86 nvMXdizc V:259 H: 84 F: 0	|
			87F04B 22 7B 8A 80 JSL $808A7B   [808A7B] A:0166 X:0006 Y:0066 S:012C D:1628 DB:86 nvMXdizc V:259 H: 87 F: 0	JSL $808A7B -->  Loads values relevant to WindCD.

				808A7B C2 20       REP #$20               A:0166 X:0006 Y:0066 S:0129 D:1628 DB:86 nvMXdizc V:259 H:101 F: 0
				808A7D 0B          PHD                    A:0166 X:0006 Y:0066 S:0129 D:1628 DB:86 nvmXdizc V:259 H:105 F: 0
				808A7E A9 00 00    LDA #$0000             A:0166 X:0006 Y:0066 S:0127 D:1628 DB:86 nvmXdizc V:259 H:112 F: 0
				808A81 5B          TCD                    A:0000 X:0006 Y:0066 S:0127 D:1628 DB:86 nvmXdiZc V:259 H:117 F: 0
				808A82 20 87 8A    JSR $8A87     [808A87] A:0000 X:0006 Y:0066 S:0127 D:0000 DB:86 nvmXdiZc V:259 H:120 F: 0

					808A87 C2 20       REP #$20               A:0000 X:0006 Y:0066 S:0125 D:0000 DB:86 nvmXdiZc V:259 H:130 F: 0
					808A89 B9 C5 98    LDA $98C5,Y   [86992B] A:0000 X:0006 Y:0066 S:0125 D:0000 DB:86 nvmXdiZc V:259 H:144 F: 0
					808A8C 85 10       STA $10       [000010] A:9A9B X:0006 Y:0066 S:0125 D:0000 DB:86 NvmXdizc V:259 H:153 F: 0
					808A8E A0 00       LDY #$00               A:9A9B X:0006 Y:0066 S:0125 D:0000 DB:86 NvmXdizc V:259 H:160 F: 0
					808A90 A6 A3       LDX $A3       [0000A3] A:9A9B X:0006 Y:0000 S:0125 D:0000 DB:86 nvmXdiZc V:259 H:163 F: 0
					808A92 C2 21       REP #$21               A:9A9B X:0000 Y:0000 S:0125 D:0000 DB:86 nvmXdiZc V:259 H:168 F: 0
					808A94 B1 10       LDA ($10),Y   [869A9B] A:9A9B X:0000 Y:0000 S:0125 D:0000 DB:86 nvmXdiZc V:259 H:173 F: 0
					808A96 89 01 00    BIT #$0001             A:0040 X:0000 Y:0000 S:0125 D:0000 DB:86 nvmXdizc V:259 H:183 F: 0
					808A99 D0 4A       BNE $004A     [808AE5] A:0040 X:0000 Y:0000 S:0125 D:0000 DB:86 nvmXdiZc V:259 H:187 F: 0
					808A9B 20 EA 8A    JSR $8AEA     [808AEA] A:0040 X:0000 Y:0000 S:0125 D:0000 DB:86 nvmXdiZc V:259 H:190 F: 0

						808AEA 85 00       STA $00       [000000] A:0040 X:0000 Y:0000 S:0123 D:0000 DB:86 nvmXdiZc V:259 H:200 F: 0
						808AEC C8          INY                    A:0040 X:0000 Y:0000 S:0123 D:0000 DB:86 nvmXdiZc V:259 H:207 F: 0
						808AED C8          INY                    A:0040 X:0000 Y:0001 S:0123 D:0000 DB:86 nvmXdizc V:259 H:210 F: 0
						808AEE B1 10       LDA ($10),Y   [869A9D] A:0040 X:0000 Y:0002 S:0123 D:0000 DB:86 nvmXdizc V:259 H:213 F: 0
						808AF0 85 14       STA $14       [000014] A:07E0 X:0000 Y:0002 S:0123 D:0000 DB:86 nvmXdizc V:259 H:223 F: 0
						808AF2 C8          INY                    A:07E0 X:0000 Y:0002 S:0123 D:0000 DB:86 nvmXdizc V:259 H:230 F: 0
						808AF3 C8          INY                    A:07E0 X:0000 Y:0003 S:0123 D:0000 DB:86 nvmXdizc V:259 H:233 F: 0
						808AF4 B1 10       LDA ($10),Y   [869A9F] A:07E0 X:0000 Y:0004 S:0123 D:0000 DB:86 nvmXdizc V:259 H:236 F: 0
						808AF6 85 18       STA $18       [000018] A:CBA0 X:0000 Y:0004 S:0123 D:0000 DB:86 NvmXdizc V:259 H:246 F: 0
						808AF8 C8          INY                    A:CBA0 X:0000 Y:0004 S:0123 D:0000 DB:86 NvmXdizc V:259 H:253 F: 0
						808AF9 C8          INY                    A:CBA0 X:0000 Y:0005 S:0123 D:0000 DB:86 nvmXdizc V:259 H:256 F: 0
						808AFA B1 10       LDA ($10),Y   [869AA1] A:CBA0 X:0000 Y:0006 S:0123 D:0000 DB:86 nvmXdizc V:259 H:259 F: 0
						808AFC 85 1A       STA $1A       [00001A] A:FFAC X:0000 Y:0006 S:0123 D:0000 DB:86 NvmXdizc V:259 H:269 F: 0
						808AFE C8          INY                    A:FFAC X:0000 Y:0006 S:0123 D:0000 DB:86 NvmXdizc V:259 H:276 F: 0
						808AFF A5 18       LDA $18       [000018] A:FFAC X:0000 Y:0007 S:0123 D:0000 DB:86 nvmXdizc V:259 H:279 F: 0
						808B01 65 00       ADC $00       [000000] A:CBA0 X:0000 Y:0007 S:0123 D:0000 DB:86 NvmXdizc V:259 H:286 F: 0
						808B03 90 12       BCC $0012     [808B17] A:CBE0 X:0000 Y:0007 S:0123 D:0000 DB:86 NvmXdizc V:259 H:293 F: 0
						808B17 18          CLC                    A:CBE0 X:0000 Y:0007 S:0123 D:0000 DB:86 NvmXdizc V:259 H:298 F: 0
						808B18 60          RTS                    A:CBE0 X:0000 Y:0007 S:0123 D:0000 DB:86 NvmXdizc V:259 H:301 F: 0

					808A9E A5 00       LDA $00       [000000] A:CBE0 X:0000 Y:0007 S:0125 D:0000 DB:86 NvmXdizc V:259 H:311 F: 0
					808AA0 9D 03 05    STA $0503,X   [860503] A:0040 X:0000 Y:0007 S:0125 D:0000 DB:86 nvmXdizc V:259 H:318 F: 0
					808AA3 A5 14       LDA $14       [000014] A:0040 X:0000 Y:0007 S:0125 D:0000 DB:86 nvmXdizc V:259 H:327 F: 0
					808AA5 9D 01 05    STA $0501,X   [860501] A:07E0 X:0000 Y:0007 S:0125 D:0000 DB:86 nvmXdizc V:259 H:334 F: 0
					808AA8 A5 18       LDA $18       [000018] A:07E0 X:0000 Y:0007 S:0125 D:0000 DB:86 nvmXdizc V:260 H:  4 F: 0
					808AAA 9D 05 05    STA $0505,X   [860505] A:CBA0 X:0000 Y:0007 S:0125 D:0000 DB:86 NvmXdizc V:260 H: 11 F: 0
					808AAD E2 20       SEP #$20               A:CBA0 X:0000 Y:0007 S:0125 D:0000 DB:86 NvmXdizc V:260 H: 21 F: 0
					808AAF A5 1A       LDA $1A       [00001A] A:CBA0 X:0000 Y:0007 S:0125 D:0000 DB:86 NvMXdizc V:260 H: 25 F: 0
					808AB1 9D 07 05    STA $0507,X   [860507] A:CBAC X:0000 Y:0007 S:0125 D:0000 DB:86 NvMXdizc V:260 H: 30 F: 0
					808AB4 A9 80       LDA #$80               A:CBAC X:0000 Y:0007 S:0125 D:0000 DB:86 NvMXdizc V:260 H: 38 F: 0
					808AB6 9D 00 05    STA $0500,X   [860500] A:CB80 X:0000 Y:0007 S:0125 D:0000 DB:86 NvMXdizc V:260 H: 41 F: 0
					808AB9 90 24       BCC $0024     [808ADF] A:CB80 X:0000 Y:0007 S:0125 D:0000 DB:86 NvMXdizc V:260 H: 49 F: 0
					808ADF 8A          TXA                    A:CB80 X:0000 Y:0007 S:0125 D:0000 DB:86 NvMXdizc V:260 H: 54 F: 0
					808AE0 69 08       ADC #$08               A:CB00 X:0000 Y:0007 S:0125 D:0000 DB:86 nvMXdiZc V:260 H: 57 F: 0
					808AE2 AA          TAX                    A:CB08 X:0000 Y:0007 S:0125 D:0000 DB:86 nvMXdizc V:260 H: 60 F: 0
					808AE3 90 AD       BCC $00AD     [808A92] A:CB08 X:0008 Y:0007 S:0125 D:0000 DB:86 nvMXdizc V:260 H: 63 F: 0
					808A92 C2 21       REP #$21               A:CB08 X:0008 Y:0007 S:0125 D:0000 DB:86 nvMXdizc V:260 H: 67 F: 0
					808A94 B1 10       LDA ($10),Y   [869AA2] A:CB08 X:0008 Y:0007 S:0125 D:0000 DB:86 nvmXdizc V:260 H: 72 F: 0
					808A96 89 01 00    BIT #$0001             A:20FF X:0008 Y:0007 S:0125 D:0000 DB:86 nvmXdizc V:260 H: 82 F: 0
					808A99 D0 4A       BNE $004A     [808AE5] A:20FF X:0008 Y:0007 S:0125 D:0000 DB:86 nvmXdizc V:260 H: 86 F: 0
					808AE5 E2 30       SEP #$30               A:20FF X:0008 Y:0007 S:0125 D:0000 DB:86 nvmXdizc V:260 H: 91 F: 0
					808AE7 86 A3       STX $A3       [0000A3] A:20FF X:0008 Y:0007 S:0125 D:0000 DB:86 nvMXdizc V:260 H: 95 F: 0
					808AE9 60          RTS                    A:20FF X:0008 Y:0007 S:0125 D:0000 DB:86 nvMXdizc V:260 H:100 F: 0

				808A85 2B          PLD                    A:20FF X:0008 Y:0007 S:0127 D:0000 DB:86 nvMXdizc V:260 H:110 F: 0
				808A86 6B          RTL                    A:20FF X:0008 Y:0007 S:0129 D:1628 DB:86 nvMXdizc V:260 H:119 F: 0

			87F04F A5 11       LDA $11       [001639] A:20FF X:0008 Y:0007 S:012C D:1628 DB:86 nvMXdizc V:260 H:129 F: 0	
			87F051 0A          ASL A                  A:2029 X:0008 Y:0007 S:012C D:1628 DB:86 nvMXdizc V:260 H:146 F: 0
			87F052 0A          ASL A                  A:2052 X:0008 Y:0007 S:012C D:1628 DB:86 nvMXdizc V:260 H:149 F: 0
			87F053 C2 20       REP #$20               A:20A4 X:0008 Y:0007 S:012C D:1628 DB:86 NvMXdizc V:260 H:152 F: 0
			87F055 A9 02 00    LDA #$0002             A:20A4 X:0008 Y:0007 S:012C D:1628 DB:86 NvmXdizc V:260 H:156 F: 0	A = #$00
			87F058 B0 03       BCS $0003     [87F05D] A:0002 X:0008 Y:0007 S:012C D:1628 DB:86 nvmXdizc V:260 H:161 F: 0	Branch if M-Facing = Right
			87F05A A9 FE FF    LDA #$FFFE             A:0002 X:0008 Y:0007 S:012C D:1628 DB:86 nvmXdizc V:260 H:164 F: 0	A = #$FFFE
			87F05D 18          CLC                    A:FFFE X:0008 Y:0007 S:012C D:1628 DB:86 NvmXdizc V:260 H:168 F: 0
			87F05E 6D AD 0B    ADC $0BAD     [860BAD] A:FFFE X:0008 Y:0007 S:012C D:1628 DB:86 NvmXdizc V:260 H:171 F: 0	MMX-X-Vel = MMX-X-Vel + A
			87F061 8D AD 0B    STA $0BAD     [860BAD] A:1E15 X:0008 Y:0007 S:012C D:1628 DB:86 nvmXdizC V:260 H:180 F: 0
			87F064 E2 20       SEP #$20               A:1E15 X:0008 Y:0007 S:012C D:1628 DB:86 nvmXdizC V:260 H:188 F: 0
			87F066 4C F5 F0    JMP $F0F5     [87F0F5] A:1E15 X:0008 Y:0007 S:012C D:1628 DB:86 nvMXdizC V:260 H:193 F: 0

			87F0F5 A0 27       LDY #$27               A:1E15 X:0008 Y:0007 S:012C D:1628 DB:86 nvMXdizC V:260 H:197 F: 0
			87F0F7 B1 0C       LDA ($0C),Y   [860E8F] A:1E15 X:0008 Y:0027 S:012C D:1628 DB:86 nvMXdizC V:260 H:200 F: 0
			87F0F9 29 7F       AND #$7F               A:1E20 X:0008 Y:0027 S:012C D:1628 DB:86 nvMXdizC V:260 H:211 F: 0
			87F0FB D0 12       BNE $0012     [87F10F] A:1E20 X:0008 Y:0027 S:012C D:1628 DB:86 nvMXdizC V:260 H:214 F: 0	Branch because E-HP <> #$00
			87F10F 60          RTS                    A:1E20 X:0008 Y:0027 S:012C D:1628 DB:86 nvMXdizC V:260 H:218 F: 0	Return

		87EF97 5C B4 80 82 JML $8280B4   [8280B4] A:1E20 X:0008 Y:0027 S:012E D:1628 DB:86 nvMXdizC V:260 H:228 F: 0
		
		8280B4 C2 20       REP #$20               A:1E20 X:0008 Y:0027 S:012E D:1628 DB:86 nvMXdizC V:260 H:234 F: 0		Normal routine after action
		8280B6 38          SEC                    A:1E20 X:0008 Y:0027 S:012E D:1628 DB:86 nvmXdizC V:260 H:239 F: 0
		8280B7 A5 05       LDA $05       [00162D] A:1E20 X:0008 Y:0027 S:012E D:1628 DB:86 nvmXdizC V:260 H:242 F: 0
		8280B9 ED 4D 1E    SBC $1E4D     [861E4D] A:1E80 X:0008 Y:0027 S:012E D:1628 DB:86 nvmXdizC V:260 H:250 F: 0
		8280BC 18          CLC                    A:0080 X:0008 Y:0027 S:012E D:1628 DB:86 nvmXdizC V:260 H:259 F: 0
		8280BD 69 20 00    ADC #$0020             A:0080 X:0008 Y:0027 S:012E D:1628 DB:86 nvmXdizc V:260 H:262 F: 0
		8280C0 C9 40 01    CMP #$0140             A:00A0 X:0008 Y:0027 S:012E D:1628 DB:86 nvmXdizc V:260 H:266 F: 0
		8280C3 B0 0F       BCS $000F     [8280D4] A:00A0 X:0008 Y:0027 S:012E D:1628 DB:86 NvmXdizc V:260 H:271 F: 0
		8280C5 38          SEC                    A:00A0 X:0008 Y:0027 S:012E D:1628 DB:86 NvmXdizc V:260 H:274 F: 0
		8280C6 A5 08       LDA $08       [001630] A:00A0 X:0008 Y:0027 S:012E D:1628 DB:86 NvmXdizC V:260 H:277 F: 0
		8280C8 ED 50 1E    SBC $1E50     [861E50] A:011C X:0008 Y:0027 S:012E D:1628 DB:86 nvmXdizC V:260 H:285 F: 0
		8280CB 18          CLC                    A:001C X:0008 Y:0027 S:012E D:1628 DB:86 nvmXdizC V:260 H:294 F: 0
		8280CC 69 10 00    ADC #$0010             A:001C X:0008 Y:0027 S:012E D:1628 DB:86 nvmXdizc V:260 H:297 F: 0
		8280CF C9 00 01    CMP #$0100             A:002C X:0008 Y:0027 S:012E D:1628 DB:86 nvmXdizc V:260 H:301 F: 0
		8280D2 90 05       BCC $0005     [8280D9] A:002C X:0008 Y:0027 S:012E D:1628 DB:86 NvmXdizc V:260 H:306 F: 0
		8280D9 E2 20       SEP #$20               A:002C X:0008 Y:0027 S:012E D:1628 DB:86 NvmXdizc V:260 H:310 F: 0
		8280DB A9 81       LDA #$81               A:002C X:0008 Y:0027 S:012E D:1628 DB:86 NvMXdizc V:260 H:315 F: 0
		8280DD 85 0E       STA $0E       [001636] A:0081 X:0008 Y:0027 S:012E D:1628 DB:86 NvMXdizc V:260 H:318 F: 0
		8280DF E2 30       SEP #$30               A:0081 X:0008 Y:0027 S:012E D:1628 DB:86 NvMXdizc V:260 H:324 F: 0
		8280E1 A6 12       LDX $12       [00163A] A:0081 X:0008 Y:0027 S:012E D:1628 DB:86 NvMXdizc V:260 H:328 F: 0
		8280E3 10 02       BPL $0002     [8280E7] A:0081 X:0004 Y:0027 S:012E D:1628 DB:86 nvMXdizc V:260 H:334 F: 0
		8280E7 7C EA 80    JMP ($80EA,X) [8280EE] A:0081 X:0004 Y:0027 S:012E D:1628 DB:86 nvMXdizc V:260 H:339 F: 0

		828135 AD EA 00    LDA $00EA     [8600EA] A:0081 X:0004 Y:0027 S:012E D:1628 DB:86 nvMXdizc V:261 H:  8 F: 0
		828138 C9 20       CMP #$20               A:0000 X:0004 Y:0027 S:012E D:1628 DB:86 nvMXdiZc V:261 H: 14 F: 0
		82813A B0 0D       BCS $000D     [828149] A:0000 X:0004 Y:0027 S:012E D:1628 DB:86 NvMXdizc V:261 H: 17 F: 0
		82813C 0A          ASL A                  A:0000 X:0004 Y:0027 S:012E D:1628 DB:86 NvMXdizc V:261 H: 20 F: 0
		82813D AA          TAX                    A:0000 X:0004 Y:0027 S:012E D:1628 DB:86 nvMXdiZc V:261 H: 23 F: 0
		82813E C2 20       REP #$20               A:0000 X:0000 Y:0027 S:012E D:1628 DB:86 nvMXdiZc V:261 H: 26 F: 0
		828140 7B          TDC                    A:0000 X:0000 Y:0027 S:012E D:1628 DB:86 nvmXdiZc V:261 H: 31 F: 0
		828141 9D E0 09    STA $09E0,X   [8609E0] A:1628 X:0000 Y:0027 S:012E D:1628 DB:86 nvmXdizc V:261 H: 34 F: 0
		828144 E2 20       SEP #$20               A:1628 X:0000 Y:0027 S:012E D:1628 DB:86 nvmXdizc V:261 H: 44 F: 0
		828146 EE EA 00    INC $00EA     [8600EA] A:1628 X:0000 Y:0027 S:012E D:1628 DB:86 nvMXdizc V:261 H: 48 F: 0
		828149 6B          RTL                    A:1628 X:0000 Y:0027 S:012E D:1628 DB:86 nvMXdizc V:261 H: 58 F: 0

	80F3A4 60          RTS                    A:1628 X:0000 Y:0027 S:0131 D:1628 DB:86 nvMXdizc V:261 H: 69 F: 0

80D2ED AD 16 1F    LDA $1F16     [861F16] A:1628 X:0000 Y:0027 S:0133 D:1628 DB:86 nvMXdizc V:261 H: 79 F: 0
