80D2EA 20 2E D3    JSR $D32E     [80D32E] A:1601 X:0000 Y:00CC S:0133 D:1628 DB:86 nvMXdizC V:245 H:  0 F:29

	80D32E C2 20       REP #$20               A:1601 X:0000 Y:00CC S:0131 D:1628 DB:86 nvMXdizC V:245 H: 10 F:29
	80D330 A5 05       LDA $05       [00162D] A:1601 X:0000 Y:00CC S:0131 D:1628 DB:86 nvmXdizC V:245 H: 15 F:29
	80D332 85 22       STA $22       [00164A] A:1E80 X:0000 Y:00CC S:0131 D:1628 DB:86 nvmXdizC V:245 H: 23 F:29
	80D334 A5 08       LDA $08       [001630] A:1E80 X:0000 Y:00CC S:0131 D:1628 DB:86 nvmXdizC V:245 H: 32 F:29
	80D336 85 24       STA $24       [00164C] A:011C X:0000 Y:00CC S:0131 D:1628 DB:86 nvmXdizC V:245 H: 40 F:29
	80D338 E2 20       SEP #$20               A:011C X:0000 Y:00CC S:0131 D:1628 DB:86 nvmXdizC V:245 H: 49 F:29
	80D33A A9 80       LDA #$80               A:011C X:0000 Y:00CC S:0131 D:1628 DB:86 nvMXdizC V:245 H: 53 F:29
	80D33C 14 0E       TRB $0E       [001636] A:0180 X:0000 Y:00CC S:0131 D:1628 DB:86 NvMXdizC V:245 H: 56 F:29
	80D33E A5 0A       LDA $0A       [001632] A:0180 X:0000 Y:00CC S:0131 D:1628 DB:86 NvMXdizC V:245 H: 66 F:29
	80D340 0A          ASL A                  A:0112 X:0000 Y:00CC S:0131 D:1628 DB:86 nvMXdizC V:245 H: 73 F:29
	80D341 AA          TAX                    A:0124 X:0000 Y:00CC S:0131 D:1628 DB:86 nvMXdizc V:245 H: 76 F:29
	80D342 7C 20 F3    JMP ($F320,X) [80F344] A:0124 X:0024 Y:00CC S:0131 D:1628 DB:86 nvMXdizc V:245 H: 79 F:29

	80F3A0 22 92 EF 87 JSL $87EF92   [87EF92] A:0124 X:0024 Y:00CC S:0131 D:1628 DB:86 nvMXdizc V:245 H: 88 F:29

		87EF92 A6 01       LDX $01       [001629] A:0124 X:0024 Y:00CC S:012E D:1628 DB:86 nvMXdizc V:245 H:101 F:29
		87EF94 FC 9B EF    JSR ($EF9B,X) [87EF9F] A:0124 X:0004 Y:00CC S:012E D:1628 DB:86 nvMXdizc V:245 H:108 F:29

			87EFF6 A5 1B       LDA $1B       [001643] A:0124 X:0004 Y:00CC S:012C D:1628 DB:86 nvMXdizc V:245 H:121 F:29			|Branch if M-On = #$00
			87EFF8 F0 33       BEQ $0033     [87F02D] A:0101 X:0004 Y:00CC S:012C D:1628 DB:86 nvMXdizc V:245 H:127 F:29			|
			87EFFA 64 1B       STZ $1B       [001643] A:0101 X:0004 Y:00CC S:012C D:1628 DB:86 nvMXdizc V:245 H:130 F:29			M-On = #$00
			87EFFC A9 78       LDA #$78               A:0101 X:0004 Y:00CC S:012C D:1628 DB:86 nvMXdizc V:245 H:147 F:29			$1F3F = M-WindCD = #$78
			87EFFE 8D 3F 1F    STA $1F3F     [861F3F] A:0178 X:0004 Y:00CC S:012C D:1628 DB:86 nvMXdizc V:245 H:150 F:29
			87F001 29 03       AND #$03               A:0178 X:0004 Y:00CC S:012C D:1628 DB:86 nvMXdizc V:245 H:156 F:29			|Y = ((M-WindCD AND #$03) + #$30)*2 = #$60
			87F003 18          CLC                    A:0100 X:0004 Y:00CC S:012C D:1628 DB:86 nvMXdiZc V:245 H:159 F:29			|
			87F004 69 30       ADC #$30               A:0100 X:0004 Y:00CC S:012C D:1628 DB:86 nvMXdiZc V:245 H:162 F:29			|
			87F006 0A          ASL A                  A:0130 X:0004 Y:00CC S:012C D:1628 DB:86 nvMXdizc V:245 H:165 F:29			|
			87F007 A8          TAY                    A:0160 X:0004 Y:00CC S:012C D:1628 DB:86 nvMXdizc V:245 H:168 F:29			|
			87F008 22 7B 8A 80 JSL $808A7B   [808A7B] A:0160 X:0004 Y:0060 S:012C D:1628 DB:86 nvMXdizc V:245 H:171 F:29			JSL $808A7B --> Loads values relevant to WindCD.

				808A7B C2 20       REP #$20               A:0160 X:0004 Y:0060 S:0129 D:1628 DB:86 nvMXdizc V:245 H:185 F:29
				808A7D 0B          PHD                    A:0160 X:0004 Y:0060 S:0129 D:1628 DB:86 nvmXdizc V:245 H:189 F:29
				808A7E A9 00 00    LDA #$0000             A:0160 X:0004 Y:0060 S:0127 D:1628 DB:86 nvmXdizc V:245 H:196 F:29		D = #$0000
				808A81 5B          TCD                    A:0000 X:0004 Y:0060 S:0127 D:1628 DB:86 nvmXdiZc V:245 H:201 F:29
				808A82 20 87 8A    JSR $8A87     [808A87] A:0000 X:0004 Y:0060 S:0127 D:0000 DB:86 nvmXdiZc V:245 H:204 F:29		JSR $808A87 --> 

					808A87 C2 20       REP #$20               A:0000 X:0004 Y:0060 S:0125 D:0000 DB:86 nvmXdiZc V:245 H:214 F:29
					808A89 B9 C5 98    LDA $98C5,Y   [869925] A:0000 X:0004 Y:0060 S:0125 D:0000 DB:86 nvmXdiZc V:245 H:218 F:29	$0010 = $98C5,Y
					808A8C 85 10       STA $10       [000010] A:9A83 X:0004 Y:0060 S:0125 D:0000 DB:86 NvmXdizc V:245 H:227 F:29
					808A8E A0 00       LDY #$00               A:9A83 X:0004 Y:0060 S:0125 D:0000 DB:86 NvmXdizc V:245 H:234 F:29	$00A3 = #$00
					808A90 A6 A3       LDX $A3       [0000A3] A:9A83 X:0004 Y:0000 S:0125 D:0000 DB:86 nvmXdiZc V:245 H:237 F:29
					808A92 C2 21       REP #$21               A:9A83 X:0000 Y:0000 S:0125 D:0000 DB:86 nvmXdiZc V:245 H:242 F:29
					808A94 B1 10       LDA ($10),Y   [869A83] A:9A83 X:0000 Y:0000 S:0125 D:0000 DB:86 nvmXdiZc V:245 H:247 F:29		
					808A96 89 01 00    BIT #$0001             A:0040 X:0000 Y:0000 S:0125 D:0000 DB:86 nvmXdizc V:245 H:257 F:29
					808A99 D0 4A       BNE $004A     [808AE5] A:0040 X:0000 Y:0000 S:0125 D:0000 DB:86 nvmXdiZc V:245 H:261 F:29
					808A9B 20 EA 8A    JSR $8AEA     [808AEA] A:0040 X:0000 Y:0000 S:0125 D:0000 DB:86 nvmXdiZc V:245 H:264 F:29	JSR $808AEA --> Uses A as input

						808AEA 85 00       STA $00       [000000] A:0040 X:0000 Y:0000 S:0123 D:0000 DB:86 nvmXdiZc V:245 H:274 F:29
						808AEC C8          INY                    A:0040 X:0000 Y:0000 S:0123 D:0000 DB:86 nvmXdiZc V:245 H:281 F:29
						808AED C8          INY                    A:0040 X:0000 Y:0001 S:0123 D:0000 DB:86 nvmXdizc V:245 H:284 F:29
						808AEE B1 10       LDA ($10),Y   [869A85] A:0040 X:0000 Y:0002 S:0123 D:0000 DB:86 nvmXdizc V:245 H:287 F:29
						808AF0 85 14       STA $14       [000014] A:07E0 X:0000 Y:0002 S:0123 D:0000 DB:86 nvmXdizc V:245 H:297 F:29
						808AF2 C8          INY                    A:07E0 X:0000 Y:0002 S:0123 D:0000 DB:86 nvmXdizc V:245 H:304 F:29
						808AF3 C8          INY                    A:07E0 X:0000 Y:0003 S:0123 D:0000 DB:86 nvmXdizc V:245 H:307 F:29
						808AF4 B1 10       LDA ($10),Y   [869A87] A:07E0 X:0000 Y:0004 S:0123 D:0000 DB:86 nvmXdizc V:245 H:310 F:29
						808AF6 85 18       STA $18       [000018] A:CC60 X:0000 Y:0004 S:0123 D:0000 DB:86 NvmXdizc V:245 H:320 F:29
						808AF8 C8          INY                    A:CC60 X:0000 Y:0004 S:0123 D:0000 DB:86 NvmXdizc V:245 H:327 F:29
						808AF9 C8          INY                    A:CC60 X:0000 Y:0005 S:0123 D:0000 DB:86 nvmXdizc V:245 H:329 F:29
						808AFA B1 10       LDA ($10),Y   [869A89] A:CC60 X:0000 Y:0006 S:0123 D:0000 DB:86 nvmXdizc V:245 H:332 F:29
						808AFC 85 1A       STA $1A       [00001A] A:FFAC X:0000 Y:0006 S:0123 D:0000 DB:86 NvmXdizc V:246 H:  2 F:29
						808AFE C8          INY                    A:FFAC X:0000 Y:0006 S:0123 D:0000 DB:86 NvmXdizc V:246 H:  9 F:29
						808AFF A5 18       LDA $18       [000018] A:FFAC X:0000 Y:0007 S:0123 D:0000 DB:86 nvmXdizc V:246 H: 12 F:29
						808B01 65 00       ADC $00       [000000] A:CC60 X:0000 Y:0007 S:0123 D:0000 DB:86 NvmXdizc V:246 H: 19 F:29
						808B03 90 12       BCC $0012     [808B17] A:CCA0 X:0000 Y:0007 S:0123 D:0000 DB:86 NvmXdizc V:246 H: 26 F:29
						808B17 18          CLC                    A:CCA0 X:0000 Y:0007 S:0123 D:0000 DB:86 NvmXdizc V:246 H: 31 F:29
						808B18 60          RTS                    A:CCA0 X:0000 Y:0007 S:0123 D:0000 DB:86 NvmXdizc V:246 H: 34 F:29

					808A9E A5 00       LDA $00       [000000] A:CCA0 X:0000 Y:0007 S:0125 D:0000 DB:86 NvmXdizc V:246 H: 44 F:29
					808AA0 9D 03 05    STA $0503,X   [860503] A:0040 X:0000 Y:0007 S:0125 D:0000 DB:86 nvmXdizc V:246 H: 51 F:29
					808AA3 A5 14       LDA $14       [000014] A:0040 X:0000 Y:0007 S:0125 D:0000 DB:86 nvmXdizc V:246 H: 61 F:29
					808AA5 9D 01 05    STA $0501,X   [860501] A:07E0 X:0000 Y:0007 S:0125 D:0000 DB:86 nvmXdizc V:246 H: 68 F:29
					808AA8 A5 18       LDA $18       [000018] A:07E0 X:0000 Y:0007 S:0125 D:0000 DB:86 nvmXdizc V:246 H: 78 F:29
					808AAA 9D 05 05    STA $0505,X   [860505] A:CC60 X:0000 Y:0007 S:0125 D:0000 DB:86 NvmXdizc V:246 H: 85 F:29
					808AAD E2 20       SEP #$20               A:CC60 X:0000 Y:0007 S:0125 D:0000 DB:86 NvmXdizc V:246 H: 95 F:29
					808AAF A5 1A       LDA $1A       [00001A] A:CC60 X:0000 Y:0007 S:0125 D:0000 DB:86 NvMXdizc V:246 H: 99 F:29
					808AB1 9D 07 05    STA $0507,X   [860507] A:CCAC X:0000 Y:0007 S:0125 D:0000 DB:86 NvMXdizc V:246 H:104 F:29
					808AB4 A9 80       LDA #$80               A:CCAC X:0000 Y:0007 S:0125 D:0000 DB:86 NvMXdizc V:246 H:112 F:29
					808AB6 9D 00 05    STA $0500,X   [860500] A:CC80 X:0000 Y:0007 S:0125 D:0000 DB:86 NvMXdizc V:246 H:115 F:29
					808AB9 90 24       BCC $0024     [808ADF] A:CC80 X:0000 Y:0007 S:0125 D:0000 DB:86 NvMXdizc V:246 H:123 F:29
					808ADF 8A          TXA                    A:CC80 X:0000 Y:0007 S:0125 D:0000 DB:86 NvMXdizc V:246 H:128 F:29
					808AE0 69 08       ADC #$08               A:CC00 X:0000 Y:0007 S:0125 D:0000 DB:86 nvMXdiZc V:246 H:131 F:29
					808AE2 AA          TAX                    A:CC08 X:0000 Y:0007 S:0125 D:0000 DB:86 nvMXdizc V:246 H:144 F:29
					808AE3 90 AD       BCC $00AD     [808A92] A:CC08 X:0008 Y:0007 S:0125 D:0000 DB:86 nvMXdizc V:246 H:147 F:29
					808A92 C2 21       REP #$21               A:CC08 X:0008 Y:0007 S:0125 D:0000 DB:86 nvMXdizc V:246 H:151 F:29
					808A94 B1 10       LDA ($10),Y   [869A8A] A:CC08 X:0008 Y:0007 S:0125 D:0000 DB:86 nvmXdizc V:246 H:156 F:29
					808A96 89 01 00    BIT #$0001             A:40FF X:0008 Y:0007 S:0125 D:0000 DB:86 nvmXdizc V:246 H:166 F:29
					808A99 D0 4A       BNE $004A     [808AE5] A:40FF X:0008 Y:0007 S:0125 D:0000 DB:86 nvmXdizc V:246 H:170 F:29
					808AE5 E2 30       SEP #$30               A:40FF X:0008 Y:0007 S:0125 D:0000 DB:86 nvmXdizc V:246 H:175 F:29
					808AE7 86 A3       STX $A3       [0000A3] A:40FF X:0008 Y:0007 S:0125 D:0000 DB:86 nvMXdizc V:246 H:179 F:29
					808AE9 60          RTS                    A:40FF X:0008 Y:0007 S:0125 D:0000 DB:86 nvMXdizc V:246 H:184 F:29

				808A85 2B          PLD                    A:40FF X:0008 Y:0007 S:0127 D:0000 DB:86 nvMXdizc V:246 H:194 F:29
				808A86 6B          RTL                    A:40FF X:0008 Y:0007 S:0129 D:1628 DB:86 nvMXdizc V:246 H:203 F:29

			87F00C A9 17       LDA #$17               A:40FF X:0008 Y:0007 S:012C D:1628 DB:86 nvMXdizc V:246 H:213 F:29			$00C0 = #$17
			87F00E 8D C0 00    STA $00C0     [8600C0] A:4017 X:0008 Y:0007 S:012C D:1628 DB:86 nvMXdizc V:246 H:216 F:29
			87F011 A9 06       LDA #$06               A:4017 X:0008 Y:0007 S:012C D:1628 DB:86 nvMXdizc V:246 H:223 F:29			M-State = #$06
			87F013 85 01       STA $01       [001629] A:4006 X:0008 Y:0007 S:012C D:1628 DB:86 nvMXdizc V:246 H:226 F:29			
			87F015 A9 40       LDA #$40               A:4006 X:0008 Y:0007 S:012C D:1628 DB:86 nvMXdizc V:246 H:232 F:29			|Set M-Facing same as E-Facing
			87F017 14 11       TRB $11       [001639] A:4040 X:0008 Y:0007 S:012C D:1628 DB:86 nvMXdizc V:246 H:235 F:29			|
			87F019 A0 11       LDY #$11               A:4040 X:0008 Y:0007 S:012C D:1628 DB:86 nvMXdiZc V:246 H:245 F:29			|
			87F01B B1 0C       LDA ($0C),Y   [860E79] A:4040 X:0008 Y:0011 S:012C D:1628 DB:86 nvMXdizc V:246 H:248 F:29			|
			87F01D 29 40       AND #$40               A:4029 X:0008 Y:0011 S:012C D:1628 DB:86 nvMXdizc V:246 H:259 F:29			|
			87F01F 04 11       TSB $11       [001639] A:4000 X:0008 Y:0011 S:012C D:1628 DB:86 nvMXdiZc V:246 H:262 F:29			|
			87F021 8D 40 1F    STA $1F40     [861F40] A:4000 X:0008 Y:0011 S:012C D:1628 DB:86 nvMXdiZc V:246 H:272 F:29
			87F024 20 83 F0    JSR $F083     [87F083] A:4000 X:0008 Y:0011 S:012C D:1628 DB:86 nvMXdiZc V:246 H:278 F:29			JSR $87F083 --> Draws Wind on screen

				87F083 A5 11       LDA $11       [001639] A:4000 X:0008 Y:0011 S:012A D:1628 DB:86 nvMXdiZc V:246 H:288 F:29
				87F085 29 40       AND #$40               A:4029 X:0008 Y:0011 S:012A D:1628 DB:86 nvMXdizc V:246 H:295 F:29
				87F087 85 1D       STA $1D       [001645] A:4000 X:0008 Y:0011 S:012A D:1628 DB:86 nvMXdiZc V:246 H:298 F:29
				87F089 64 1C       STZ $1C       [001644] A:4000 X:0008 Y:0011 S:012A D:1628 DB:86 nvMXdiZc V:246 H:304 F:29
				87F08B C2 30       REP #$30               A:4000 X:0008 Y:0011 S:012A D:1628 DB:86 nvMXdiZc V:246 H:311 F:29
				87F08D 9C BE 00    STZ $00BE     [8600BE] A:4000 X:0008 Y:0011 S:012A D:1628 DB:86 nvmxdiZc V:246 H:315 F:29
				87F090 9C BC 00    STZ $00BC     [8600BC] A:4000 X:0008 Y:0011 S:012A D:1628 DB:86 nvmxdiZc V:246 H:323 F:29
				87F093 A2 00 00    LDX #$0000             A:4000 X:0008 Y:0011 S:012A D:1628 DB:86 nvmxdiZc V:246 H:331 F:29
				87F096 A0 10 00    LDY #$0010             A:4000 X:0000 Y:0011 S:012A D:1628 DB:86 nvmxdiZc V:246 H:336 F:29
				87F099 A9 FD 20    LDA #$20FD             A:4000 X:0000 Y:0010 S:012A D:1628 DB:86 nvmxdizc V:247 H:  0 F:29
				87F09C 05 1C       ORA $1C       [001644] A:20FD X:0000 Y:0010 S:012A D:1628 DB:86 nvmxdizc V:247 H:  5 F:29
				87F09E 3A          DEC                    A:20FD X:0000 Y:0010 S:012A D:1628 DB:86 nvmxdizc V:247 H: 13 F:29
				87F09F 9F 00 E0 7F STA $7FE000,X [7FE000] A:20FC X:0000 Y:0010 S:012A D:1628 DB:86 nvmxdizc V:247 H: 16 F:29
				87F0A3 E8          INX                    A:20FC X:0000 Y:0010 S:012A D:1628 DB:86 nvmxdizc V:247 H: 26 F:29
				87F0A4 E8          INX                    A:20FC X:0001 Y:0010 S:012A D:1628 DB:86 nvmxdizc V:247 H: 29 F:29
				87F0A5 1A          INC                    A:20FC X:0002 Y:0010 S:012A D:1628 DB:86 nvmxdizc V:247 H: 32 F:29
				87F0A6 9F 00 E0 7F STA $7FE000,X [7FE002] A:20FD X:0002 Y:0010 S:012A D:1628 DB:86 nvmxdizc V:247 H: 35 F:29
				87F0AA E8          INX                    A:20FD X:0002 Y:0010 S:012A D:1628 DB:86 nvmxdizc V:247 H: 45 F:29
				87F0AB E8          INX                    A:20FD X:0003 Y:0010 S:012A D:1628 DB:86 nvmxdizc V:247 H: 48 F:29
				87F0AC 88          DEY                    A:20FD X:0004 Y:0010 S:012A D:1628 DB:86 nvmxdizc V:247 H: 51 F:29
				87F0AD D0 EF       BNE $00EF     [87F09E] A:20FD X:0004 Y:000F S:012A D:1628 DB:86 nvmxdizc V:247 H: 54 F:29
				87F09E 3A          DEC                    A:20FD X:0004 Y:000F S:012A D:1628 DB:86 nvmxdizc V:247 H: 59 F:29
				87F09F 9F 00 E0 7F STA $7FE000,X [7FE004] A:20FC X:0004 Y:000F S:012A D:1628 DB:86 nvmxdizc V:247 H: 62 F:29
				87F0A3 E8          INX                    A:20FC X:0004 Y:000F S:012A D:1628 DB:86 nvmxdizc V:247 H: 72 F:29
				87F0A4 E8          INX                    A:20FC X:0005 Y:000F S:012A D:1628 DB:86 nvmxdizc V:247 H: 75 F:29
				87F0A5 1A          INC                    A:20FC X:0006 Y:000F S:012A D:1628 DB:86 nvmxdizc V:247 H: 78 F:29
				87F0A6 9F 00 E0 7F STA $7FE000,X [7FE006] A:20FD X:0006 Y:000F S:012A D:1628 DB:86 nvmxdizc V:247 H: 81 F:29
				87F0AA E8          INX                    A:20FD X:0006 Y:000F S:012A D:1628 DB:86 nvmxdizc V:247 H: 91 F:29
				87F0AB E8          INX                    A:20FD X:0007 Y:000F S:012A D:1628 DB:86 nvmxdizc V:247 H: 94 F:29
				87F0AC 88          DEY                    A:20FD X:0008 Y:000F S:012A D:1628 DB:86 nvmxdizc V:247 H: 97 F:29
				87F0AD D0 EF       BNE $00EF     [87F09E] A:20FD X:0008 Y:000E S:012A D:1628 DB:86 nvmxdizc V:247 H:100 F:29
				87F09E 3A          DEC                    A:20FD X:0008 Y:000E S:012A D:1628 DB:86 nvmxdizc V:247 H:104 F:29
				87F09F 9F 00 E0 7F STA $7FE000,X [7FE008] A:20FC X:0008 Y:000E S:012A D:1628 DB:86 nvmxdizc V:247 H:107 F:29
				87F0A3 E8          INX                    A:20FC X:0008 Y:000E S:012A D:1628 DB:86 nvmxdizc V:247 H:117 F:29
				87F0A4 E8          INX                    A:20FC X:0009 Y:000E S:012A D:1628 DB:86 nvmxdizc V:247 H:120 F:29
				87F0A5 1A          INC                    A:20FC X:000A Y:000E S:012A D:1628 DB:86 nvmxdizc V:247 H:123 F:29
				87F0A6 9F 00 E0 7F STA $7FE000,X [7FE00A] A:20FD X:000A Y:000E S:012A D:1628 DB:86 nvmxdizc V:247 H:126 F:29
				87F0AA E8          INX                    A:20FD X:000A Y:000E S:012A D:1628 DB:86 nvmxdizc V:247 H:146 F:29
				87F0AB E8          INX                    A:20FD X:000B Y:000E S:012A D:1628 DB:86 nvmxdizc V:247 H:149 F:29
				87F0AC 88          DEY                    A:20FD X:000C Y:000E S:012A D:1628 DB:86 nvmxdizc V:247 H:152 F:29
				87F0AD D0 EF       BNE $00EF     [87F09E] A:20FD X:000C Y:000D S:012A D:1628 DB:86 nvmxdizc V:247 H:155 F:29
				87F09E 3A          DEC                    A:20FD X:000C Y:000D S:012A D:1628 DB:86 nvmxdizc V:247 H:160 F:29
				87F09F 9F 00 E0 7F STA $7FE000,X [7FE00C] A:20FC X:000C Y:000D S:012A D:1628 DB:86 nvmxdizc V:247 H:163 F:29
				87F0A3 E8          INX                    A:20FC X:000C Y:000D S:012A D:1628 DB:86 nvmxdizc V:247 H:173 F:29
				87F0A4 E8          INX                    A:20FC X:000D Y:000D S:012A D:1628 DB:86 nvmxdizc V:247 H:176 F:29
				87F0A5 1A          INC                    A:20FC X:000E Y:000D S:012A D:1628 DB:86 nvmxdizc V:247 H:179 F:29
				87F0A6 9F 00 E0 7F STA $7FE000,X [7FE00E] A:20FD X:000E Y:000D S:012A D:1628 DB:86 nvmxdizc V:247 H:182 F:29
				87F0AA E8          INX                    A:20FD X:000E Y:000D S:012A D:1628 DB:86 nvmxdizc V:247 H:192 F:29
				87F0AB E8          INX                    A:20FD X:000F Y:000D S:012A D:1628 DB:86 nvmxdizc V:247 H:195 F:29
				87F0AC 88          DEY                    A:20FD X:0010 Y:000D S:012A D:1628 DB:86 nvmxdizc V:247 H:198 F:29
				87F0AD D0 EF       BNE $00EF     [87F09E] A:20FD X:0010 Y:000C S:012A D:1628 DB:86 nvmxdizc V:247 H:201 F:29
				87F09E 3A          DEC                    A:20FD X:0010 Y:000C S:012A D:1628 DB:86 nvmxdizc V:247 H:205 F:29
				87F09F 9F 00 E0 7F STA $7FE000,X [7FE010] A:20FC X:0010 Y:000C S:012A D:1628 DB:86 nvmxdizc V:247 H:208 F:29
				87F0A3 E8          INX                    A:20FC X:0010 Y:000C S:012A D:1628 DB:86 nvmxdizc V:247 H:218 F:29
				87F0A4 E8          INX                    A:20FC X:0011 Y:000C S:012A D:1628 DB:86 nvmxdizc V:247 H:221 F:29
				87F0A5 1A          INC                    A:20FC X:0012 Y:000C S:012A D:1628 DB:86 nvmxdizc V:247 H:224 F:29
				87F0A6 9F 00 E0 7F STA $7FE000,X [7FE012] A:20FD X:0012 Y:000C S:012A D:1628 DB:86 nvmxdizc V:247 H:227 F:29
				87F0AA E8          INX                    A:20FD X:0012 Y:000C S:012A D:1628 DB:86 nvmxdizc V:247 H:237 F:29
				87F0AB E8          INX                    A:20FD X:0013 Y:000C S:012A D:1628 DB:86 nvmxdizc V:247 H:240 F:29
				87F0AC 88          DEY                    A:20FD X:0014 Y:000C S:012A D:1628 DB:86 nvmxdizc V:247 H:243 F:29
				87F0AD D0 EF       BNE $00EF     [87F09E] A:20FD X:0014 Y:000B S:012A D:1628 DB:86 nvmxdizc V:247 H:246 F:29
				87F09E 3A          DEC                    A:20FD X:0014 Y:000B S:012A D:1628 DB:86 nvmxdizc V:247 H:251 F:29
				87F09F 9F 00 E0 7F STA $7FE000,X [7FE014] A:20FC X:0014 Y:000B S:012A D:1628 DB:86 nvmxdizc V:247 H:254 F:29
				87F0A3 E8          INX                    A:20FC X:0014 Y:000B S:012A D:1628 DB:86 nvmxdizc V:247 H:264 F:29
				87F0A4 E8          INX                    A:20FC X:0015 Y:000B S:012A D:1628 DB:86 nvmxdizc V:247 H:267 F:29
				87F0A5 1A          INC                    A:20FC X:0016 Y:000B S:012A D:1628 DB:86 nvmxdizc V:247 H:270 F:29
				87F0A6 9F 00 E0 7F STA $7FE000,X [7FE016] A:20FD X:0016 Y:000B S:012A D:1628 DB:86 nvmxdizc V:247 H:273 F:29
				87F0AA E8          INX                    A:20FD X:0016 Y:000B S:012A D:1628 DB:86 nvmxdizc V:247 H:283 F:29
				87F0AB E8          INX                    A:20FD X:0017 Y:000B S:012A D:1628 DB:86 nvmxdizc V:247 H:286 F:29
				87F0AC 88          DEY                    A:20FD X:0018 Y:000B S:012A D:1628 DB:86 nvmxdizc V:247 H:289 F:29
				87F0AD D0 EF       BNE $00EF     [87F09E] A:20FD X:0018 Y:000A S:012A D:1628 DB:86 nvmxdizc V:247 H:292 F:29
				87F09E 3A          DEC                    A:20FD X:0018 Y:000A S:012A D:1628 DB:86 nvmxdizc V:247 H:296 F:29
				87F09F 9F 00 E0 7F STA $7FE000,X [7FE018] A:20FC X:0018 Y:000A S:012A D:1628 DB:86 nvmxdizc V:247 H:299 F:29
				87F0A3 E8          INX                    A:20FC X:0018 Y:000A S:012A D:1628 DB:86 nvmxdizc V:247 H:309 F:29
				87F0A4 E8          INX                    A:20FC X:0019 Y:000A S:012A D:1628 DB:86 nvmxdizc V:247 H:312 F:29
				87F0A5 1A          INC                    A:20FC X:001A Y:000A S:012A D:1628 DB:86 nvmxdizc V:247 H:315 F:29
				87F0A6 9F 00 E0 7F STA $7FE000,X [7FE01A] A:20FD X:001A Y:000A S:012A D:1628 DB:86 nvmxdizc V:247 H:318 F:29
				87F0AA E8          INX                    A:20FD X:001A Y:000A S:012A D:1628 DB:86 nvmxdizc V:247 H:327 F:29
				87F0AB E8          INX                    A:20FD X:001B Y:000A S:012A D:1628 DB:86 nvmxdizc V:247 H:330 F:29
				87F0AC 88          DEY                    A:20FD X:001C Y:000A S:012A D:1628 DB:86 nvmxdizc V:247 H:333 F:29
				87F0AD D0 EF       BNE $00EF     [87F09E] A:20FD X:001C Y:0009 S:012A D:1628 DB:86 nvmxdizc V:247 H:336 F:29
				87F09E 3A          DEC                    A:20FD X:001C Y:0009 S:012A D:1628 DB:86 nvmxdizc V:248 H:  1 F:29
				87F09F 9F 00 E0 7F STA $7FE000,X [7FE01C] A:20FC X:001C Y:0009 S:012A D:1628 DB:86 nvmxdizc V:248 H:  4 F:29
				87F0A3 E8          INX                    A:20FC X:001C Y:0009 S:012A D:1628 DB:86 nvmxdizc V:248 H: 14 F:29
				87F0A4 E8          INX                    A:20FC X:001D Y:0009 S:012A D:1628 DB:86 nvmxdizc V:248 H: 17 F:29
				87F0A5 1A          INC                    A:20FC X:001E Y:0009 S:012A D:1628 DB:86 nvmxdizc V:248 H: 20 F:29
				87F0A6 9F 00 E0 7F STA $7FE000,X [7FE01E] A:20FD X:001E Y:0009 S:012A D:1628 DB:86 nvmxdizc V:248 H: 23 F:29
				87F0AA E8          INX                    A:20FD X:001E Y:0009 S:012A D:1628 DB:86 nvmxdizc V:248 H: 33 F:29
				87F0AB E8          INX                    A:20FD X:001F Y:0009 S:012A D:1628 DB:86 nvmxdizc V:248 H: 36 F:29
				87F0AC 88          DEY                    A:20FD X:0020 Y:0009 S:012A D:1628 DB:86 nvmxdizc V:248 H: 39 F:29
				87F0AD D0 EF       BNE $00EF     [87F09E] A:20FD X:0020 Y:0008 S:012A D:1628 DB:86 nvmxdizc V:248 H: 42 F:29
				87F09E 3A          DEC                    A:20FD X:0020 Y:0008 S:012A D:1628 DB:86 nvmxdizc V:248 H: 46 F:29
				87F09F 9F 00 E0 7F STA $7FE000,X [7FE020] A:20FC X:0020 Y:0008 S:012A D:1628 DB:86 nvmxdizc V:248 H: 49 F:29
				87F0A3 E8          INX                    A:20FC X:0020 Y:0008 S:012A D:1628 DB:86 nvmxdizc V:248 H: 59 F:29
				87F0A4 E8          INX                    A:20FC X:0021 Y:0008 S:012A D:1628 DB:86 nvmxdizc V:248 H: 62 F:29
				87F0A5 1A          INC                    A:20FC X:0022 Y:0008 S:012A D:1628 DB:86 nvmxdizc V:248 H: 65 F:29
				87F0A6 9F 00 E0 7F STA $7FE000,X [7FE022] A:20FD X:0022 Y:0008 S:012A D:1628 DB:86 nvmxdizc V:248 H: 68 F:29
				87F0AA E8          INX                    A:20FD X:0022 Y:0008 S:012A D:1628 DB:86 nvmxdizc V:248 H: 78 F:29
				87F0AB E8          INX                    A:20FD X:0023 Y:0008 S:012A D:1628 DB:86 nvmxdizc V:248 H: 81 F:29
				87F0AC 88          DEY                    A:20FD X:0024 Y:0008 S:012A D:1628 DB:86 nvmxdizc V:248 H: 84 F:29
				87F0AD D0 EF       BNE $00EF     [87F09E] A:20FD X:0024 Y:0007 S:012A D:1628 DB:86 nvmxdizc V:248 H: 87 F:29
				87F09E 3A          DEC                    A:20FD X:0024 Y:0007 S:012A D:1628 DB:86 nvmxdizc V:248 H: 92 F:29
				87F09F 9F 00 E0 7F STA $7FE000,X [7FE024] A:20FC X:0024 Y:0007 S:012A D:1628 DB:86 nvmxdizc V:248 H: 95 F:29
				87F0A3 E8          INX                    A:20FC X:0024 Y:0007 S:012A D:1628 DB:86 nvmxdizc V:248 H:105 F:29
				87F0A4 E8          INX                    A:20FC X:0025 Y:0007 S:012A D:1628 DB:86 nvmxdizc V:248 H:108 F:29
				87F0A5 1A          INC                    A:20FC X:0026 Y:0007 S:012A D:1628 DB:86 nvmxdizc V:248 H:111 F:29
				87F0A6 9F 00 E0 7F STA $7FE000,X [7FE026] A:20FD X:0026 Y:0007 S:012A D:1628 DB:86 nvmxdizc V:248 H:114 F:29
				87F0AA E8          INX                    A:20FD X:0026 Y:0007 S:012A D:1628 DB:86 nvmxdizc V:248 H:124 F:29
				87F0AB E8          INX                    A:20FD X:0027 Y:0007 S:012A D:1628 DB:86 nvmxdizc V:248 H:127 F:29
				87F0AC 88          DEY                    A:20FD X:0028 Y:0007 S:012A D:1628 DB:86 nvmxdizc V:248 H:130 F:29
				87F0AD D0 EF       BNE $00EF     [87F09E] A:20FD X:0028 Y:0006 S:012A D:1628 DB:86 nvmxdizc V:248 H:133 F:29
				87F09E 3A          DEC                    A:20FD X:0028 Y:0006 S:012A D:1628 DB:86 nvmxdizc V:248 H:147 F:29
				87F09F 9F 00 E0 7F STA $7FE000,X [7FE028] A:20FC X:0028 Y:0006 S:012A D:1628 DB:86 nvmxdizc V:248 H:150 F:29
				87F0A3 E8          INX                    A:20FC X:0028 Y:0006 S:012A D:1628 DB:86 nvmxdizc V:248 H:160 F:29
				87F0A4 E8          INX                    A:20FC X:0029 Y:0006 S:012A D:1628 DB:86 nvmxdizc V:248 H:163 F:29
				87F0A5 1A          INC                    A:20FC X:002A Y:0006 S:012A D:1628 DB:86 nvmxdizc V:248 H:166 F:29
				87F0A6 9F 00 E0 7F STA $7FE000,X [7FE02A] A:20FD X:002A Y:0006 S:012A D:1628 DB:86 nvmxdizc V:248 H:169 F:29
				87F0AA E8          INX                    A:20FD X:002A Y:0006 S:012A D:1628 DB:86 nvmxdizc V:248 H:179 F:29
				87F0AB E8          INX                    A:20FD X:002B Y:0006 S:012A D:1628 DB:86 nvmxdizc V:248 H:182 F:29
				87F0AC 88          DEY                    A:20FD X:002C Y:0006 S:012A D:1628 DB:86 nvmxdizc V:248 H:185 F:29
				87F0AD D0 EF       BNE $00EF     [87F09E] A:20FD X:002C Y:0005 S:012A D:1628 DB:86 nvmxdizc V:248 H:188 F:29
				87F09E 3A          DEC                    A:20FD X:002C Y:0005 S:012A D:1628 DB:86 nvmxdizc V:248 H:193 F:29
				87F09F 9F 00 E0 7F STA $7FE000,X [7FE02C] A:20FC X:002C Y:0005 S:012A D:1628 DB:86 nvmxdizc V:248 H:196 F:29
				87F0A3 E8          INX                    A:20FC X:002C Y:0005 S:012A D:1628 DB:86 nvmxdizc V:248 H:206 F:29
				87F0A4 E8          INX                    A:20FC X:002D Y:0005 S:012A D:1628 DB:86 nvmxdizc V:248 H:209 F:29
				87F0A5 1A          INC                    A:20FC X:002E Y:0005 S:012A D:1628 DB:86 nvmxdizc V:248 H:212 F:29
				87F0A6 9F 00 E0 7F STA $7FE000,X [7FE02E] A:20FD X:002E Y:0005 S:012A D:1628 DB:86 nvmxdizc V:248 H:215 F:29
				87F0AA E8          INX                    A:20FD X:002E Y:0005 S:012A D:1628 DB:86 nvmxdizc V:248 H:225 F:29
				87F0AB E8          INX                    A:20FD X:002F Y:0005 S:012A D:1628 DB:86 nvmxdizc V:248 H:228 F:29
				87F0AC 88          DEY                    A:20FD X:0030 Y:0005 S:012A D:1628 DB:86 nvmxdizc V:248 H:231 F:29
				87F0AD D0 EF       BNE $00EF     [87F09E] A:20FD X:0030 Y:0004 S:012A D:1628 DB:86 nvmxdizc V:248 H:234 F:29
				87F09E 3A          DEC                    A:20FD X:0030 Y:0004 S:012A D:1628 DB:86 nvmxdizc V:248 H:238 F:29
				87F09F 9F 00 E0 7F STA $7FE000,X [7FE030] A:20FC X:0030 Y:0004 S:012A D:1628 DB:86 nvmxdizc V:248 H:241 F:29
				87F0A3 E8          INX                    A:20FC X:0030 Y:0004 S:012A D:1628 DB:86 nvmxdizc V:248 H:251 F:29
				87F0A4 E8          INX                    A:20FC X:0031 Y:0004 S:012A D:1628 DB:86 nvmxdizc V:248 H:254 F:29
				87F0A5 1A          INC                    A:20FC X:0032 Y:0004 S:012A D:1628 DB:86 nvmxdizc V:248 H:257 F:29
				87F0A6 9F 00 E0 7F STA $7FE000,X [7FE032] A:20FD X:0032 Y:0004 S:012A D:1628 DB:86 nvmxdizc V:248 H:260 F:29
				87F0AA E8          INX                    A:20FD X:0032 Y:0004 S:012A D:1628 DB:86 nvmxdizc V:248 H:270 F:29
				87F0AB E8          INX                    A:20FD X:0033 Y:0004 S:012A D:1628 DB:86 nvmxdizc V:248 H:273 F:29
				87F0AC 88          DEY                    A:20FD X:0034 Y:0004 S:012A D:1628 DB:86 nvmxdizc V:248 H:276 F:29
				87F0AD D0 EF       BNE $00EF     [87F09E] A:20FD X:0034 Y:0003 S:012A D:1628 DB:86 nvmxdizc V:248 H:279 F:29
				87F09E 3A          DEC                    A:20FD X:0034 Y:0003 S:012A D:1628 DB:86 nvmxdizc V:248 H:284 F:29
				87F09F 9F 00 E0 7F STA $7FE000,X [7FE034] A:20FC X:0034 Y:0003 S:012A D:1628 DB:86 nvmxdizc V:248 H:287 F:29
				87F0A3 E8          INX                    A:20FC X:0034 Y:0003 S:012A D:1628 DB:86 nvmxdizc V:248 H:297 F:29
				87F0A4 E8          INX                    A:20FC X:0035 Y:0003 S:012A D:1628 DB:86 nvmxdizc V:248 H:300 F:29
				87F0A5 1A          INC                    A:20FC X:0036 Y:0003 S:012A D:1628 DB:86 nvmxdizc V:248 H:303 F:29
				87F0A6 9F 00 E0 7F STA $7FE000,X [7FE036] A:20FD X:0036 Y:0003 S:012A D:1628 DB:86 nvmxdizc V:248 H:306 F:29
				87F0AA E8          INX                    A:20FD X:0036 Y:0003 S:012A D:1628 DB:86 nvmxdizc V:248 H:316 F:29
				87F0AB E8          INX                    A:20FD X:0037 Y:0003 S:012A D:1628 DB:86 nvmxdizc V:248 H:319 F:29
				87F0AC 88          DEY                    A:20FD X:0038 Y:0003 S:012A D:1628 DB:86 nvmxdizc V:248 H:322 F:29
				87F0AD D0 EF       BNE $00EF     [87F09E] A:20FD X:0038 Y:0002 S:012A D:1628 DB:86 nvmxdizc V:248 H:324 F:29
				87F09E 3A          DEC                    A:20FD X:0038 Y:0002 S:012A D:1628 DB:86 nvmxdizc V:248 H:328 F:29
				87F09F 9F 00 E0 7F STA $7FE000,X [7FE038] A:20FC X:0038 Y:0002 S:012A D:1628 DB:86 nvmxdizc V:248 H:331 F:29
				87F0A3 E8          INX                    A:20FC X:0038 Y:0002 S:012A D:1628 DB:86 nvmxdizc V:249 H:  1 F:29
				87F0A4 E8          INX                    A:20FC X:0039 Y:0002 S:012A D:1628 DB:86 nvmxdizc V:249 H:  4 F:29
				87F0A5 1A          INC                    A:20FC X:003A Y:0002 S:012A D:1628 DB:86 nvmxdizc V:249 H:  7 F:29
				87F0A6 9F 00 E0 7F STA $7FE000,X [7FE03A] A:20FD X:003A Y:0002 S:012A D:1628 DB:86 nvmxdizc V:249 H: 10 F:29
				87F0AA E8          INX                    A:20FD X:003A Y:0002 S:012A D:1628 DB:86 nvmxdizc V:249 H: 20 F:29
				87F0AB E8          INX                    A:20FD X:003B Y:0002 S:012A D:1628 DB:86 nvmxdizc V:249 H: 23 F:29
				87F0AC 88          DEY                    A:20FD X:003C Y:0002 S:012A D:1628 DB:86 nvmxdizc V:249 H: 26 F:29
				87F0AD D0 EF       BNE $00EF     [87F09E] A:20FD X:003C Y:0001 S:012A D:1628 DB:86 nvmxdizc V:249 H: 29 F:29
				87F09E 3A          DEC                    A:20FD X:003C Y:0001 S:012A D:1628 DB:86 nvmxdizc V:249 H: 34 F:29
				87F09F 9F 00 E0 7F STA $7FE000,X [7FE03C] A:20FC X:003C Y:0001 S:012A D:1628 DB:86 nvmxdizc V:249 H: 37 F:29
				87F0A3 E8          INX                    A:20FC X:003C Y:0001 S:012A D:1628 DB:86 nvmxdizc V:249 H: 47 F:29
				87F0A4 E8          INX                    A:20FC X:003D Y:0001 S:012A D:1628 DB:86 nvmxdizc V:249 H: 50 F:29
				87F0A5 1A          INC                    A:20FC X:003E Y:0001 S:012A D:1628 DB:86 nvmxdizc V:249 H: 53 F:29
				87F0A6 9F 00 E0 7F STA $7FE000,X [7FE03E] A:20FD X:003E Y:0001 S:012A D:1628 DB:86 nvmxdizc V:249 H: 56 F:29
				87F0AA E8          INX                    A:20FD X:003E Y:0001 S:012A D:1628 DB:86 nvmxdizc V:249 H: 66 F:29
				87F0AB E8          INX                    A:20FD X:003F Y:0001 S:012A D:1628 DB:86 nvmxdizc V:249 H: 69 F:29
				87F0AC 88          DEY                    A:20FD X:0040 Y:0001 S:012A D:1628 DB:86 nvmxdizc V:249 H: 72 F:29
				87F0AD D0 EF       BNE $00EF     [87F09E] A:20FD X:0040 Y:0000 S:012A D:1628 DB:86 nvmxdiZc V:249 H: 75 F:29
				87F0AF A0 10 00    LDY #$0010             A:20FD X:0040 Y:0000 S:012A D:1628 DB:86 nvmxdiZc V:249 H: 78 F:29
				87F0B2 A9 FF 20    LDA #$20FF             A:20FD X:0040 Y:0010 S:012A D:1628 DB:86 nvmxdizc V:249 H: 82 F:29
				87F0B5 05 1C       ORA $1C       [001644] A:20FF X:0040 Y:0010 S:012A D:1628 DB:86 nvmxdizc V:249 H: 87 F:29
				87F0B7 3A          DEC                    A:20FF X:0040 Y:0010 S:012A D:1628 DB:86 nvmxdizc V:249 H: 95 F:29
				87F0B8 9F 00 E0 7F STA $7FE000,X [7FE040] A:20FE X:0040 Y:0010 S:012A D:1628 DB:86 nvmxdizc V:249 H: 98 F:29
				87F0BC E8          INX                    A:20FE X:0040 Y:0010 S:012A D:1628 DB:86 nvmxdizc V:249 H:108 F:29
				87F0BD E8          INX                    A:20FE X:0041 Y:0010 S:012A D:1628 DB:86 nvmxdizc V:249 H:111 F:29
				87F0BE 1A          INC                    A:20FE X:0042 Y:0010 S:012A D:1628 DB:86 nvmxdizc V:249 H:114 F:29
				87F0BF 9F 00 E0 7F STA $7FE000,X [7FE042] A:20FF X:0042 Y:0010 S:012A D:1628 DB:86 nvmxdizc V:249 H:117 F:29
				87F0C3 E8          INX                    A:20FF X:0042 Y:0010 S:012A D:1628 DB:86 nvmxdizc V:249 H:127 F:29
				87F0C4 E8          INX                    A:20FF X:0043 Y:0010 S:012A D:1628 DB:86 nvmxdizc V:249 H:130 F:29
				87F0C5 88          DEY                    A:20FF X:0044 Y:0010 S:012A D:1628 DB:86 nvmxdizc V:249 H:133 F:29
				87F0C6 D0 EF       BNE $00EF     [87F0B7] A:20FF X:0044 Y:000F S:012A D:1628 DB:86 nvmxdizc V:249 H:146 F:29
				87F0B7 3A          DEC                    A:20FF X:0044 Y:000F S:012A D:1628 DB:86 nvmxdizc V:249 H:151 F:29
				87F0B8 9F 00 E0 7F STA $7FE000,X [7FE044] A:20FE X:0044 Y:000F S:012A D:1628 DB:86 nvmxdizc V:249 H:154 F:29
				87F0BC E8          INX                    A:20FE X:0044 Y:000F S:012A D:1628 DB:86 nvmxdizc V:249 H:164 F:29
				87F0BD E8          INX                    A:20FE X:0045 Y:000F S:012A D:1628 DB:86 nvmxdizc V:249 H:167 F:29
				87F0BE 1A          INC                    A:20FE X:0046 Y:000F S:012A D:1628 DB:86 nvmxdizc V:249 H:170 F:29
				87F0BF 9F 00 E0 7F STA $7FE000,X [7FE046] A:20FF X:0046 Y:000F S:012A D:1628 DB:86 nvmxdizc V:249 H:173 F:29
				87F0C3 E8          INX                    A:20FF X:0046 Y:000F S:012A D:1628 DB:86 nvmxdizc V:249 H:183 F:29
				87F0C4 E8          INX                    A:20FF X:0047 Y:000F S:012A D:1628 DB:86 nvmxdizc V:249 H:186 F:29
				87F0C5 88          DEY                    A:20FF X:0048 Y:000F S:012A D:1628 DB:86 nvmxdizc V:249 H:189 F:29
				87F0C6 D0 EF       BNE $00EF     [87F0B7] A:20FF X:0048 Y:000E S:012A D:1628 DB:86 nvmxdizc V:249 H:192 F:29
				87F0B7 3A          DEC                    A:20FF X:0048 Y:000E S:012A D:1628 DB:86 nvmxdizc V:249 H:196 F:29
				87F0B8 9F 00 E0 7F STA $7FE000,X [7FE048] A:20FE X:0048 Y:000E S:012A D:1628 DB:86 nvmxdizc V:249 H:199 F:29
				87F0BC E8          INX                    A:20FE X:0048 Y:000E S:012A D:1628 DB:86 nvmxdizc V:249 H:209 F:29
				87F0BD E8          INX                    A:20FE X:0049 Y:000E S:012A D:1628 DB:86 nvmxdizc V:249 H:212 F:29
				87F0BE 1A          INC                    A:20FE X:004A Y:000E S:012A D:1628 DB:86 nvmxdizc V:249 H:215 F:29
				87F0BF 9F 00 E0 7F STA $7FE000,X [7FE04A] A:20FF X:004A Y:000E S:012A D:1628 DB:86 nvmxdizc V:249 H:218 F:29
				87F0C3 E8          INX                    A:20FF X:004A Y:000E S:012A D:1628 DB:86 nvmxdizc V:249 H:228 F:29
				87F0C4 E8          INX                    A:20FF X:004B Y:000E S:012A D:1628 DB:86 nvmxdizc V:249 H:231 F:29
				87F0C5 88          DEY                    A:20FF X:004C Y:000E S:012A D:1628 DB:86 nvmxdizc V:249 H:234 F:29
				87F0C6 D0 EF       BNE $00EF     [87F0B7] A:20FF X:004C Y:000D S:012A D:1628 DB:86 nvmxdizc V:249 H:237 F:29
				87F0B7 3A          DEC                    A:20FF X:004C Y:000D S:012A D:1628 DB:86 nvmxdizc V:249 H:242 F:29
				87F0B8 9F 00 E0 7F STA $7FE000,X [7FE04C] A:20FE X:004C Y:000D S:012A D:1628 DB:86 nvmxdizc V:249 H:245 F:29
				87F0BC E8          INX                    A:20FE X:004C Y:000D S:012A D:1628 DB:86 nvmxdizc V:249 H:255 F:29
				87F0BD E8          INX                    A:20FE X:004D Y:000D S:012A D:1628 DB:86 nvmxdizc V:249 H:258 F:29
				87F0BE 1A          INC                    A:20FE X:004E Y:000D S:012A D:1628 DB:86 nvmxdizc V:249 H:261 F:29
				87F0BF 9F 00 E0 7F STA $7FE000,X [7FE04E] A:20FF X:004E Y:000D S:012A D:1628 DB:86 nvmxdizc V:249 H:264 F:29
				87F0C3 E8          INX                    A:20FF X:004E Y:000D S:012A D:1628 DB:86 nvmxdizc V:249 H:274 F:29
				87F0C4 E8          INX                    A:20FF X:004F Y:000D S:012A D:1628 DB:86 nvmxdizc V:249 H:277 F:29
				87F0C5 88          DEY                    A:20FF X:0050 Y:000D S:012A D:1628 DB:86 nvmxdizc V:249 H:280 F:29
				87F0C6 D0 EF       BNE $00EF     [87F0B7] A:20FF X:0050 Y:000C S:012A D:1628 DB:86 nvmxdizc V:249 H:283 F:29
				87F0B7 3A          DEC                    A:20FF X:0050 Y:000C S:012A D:1628 DB:86 nvmxdizc V:249 H:287 F:29
				87F0B8 9F 00 E0 7F STA $7FE000,X [7FE050] A:20FE X:0050 Y:000C S:012A D:1628 DB:86 nvmxdizc V:249 H:290 F:29
				87F0BC E8          INX                    A:20FE X:0050 Y:000C S:012A D:1628 DB:86 nvmxdizc V:249 H:300 F:29
				87F0BD E8          INX                    A:20FE X:0051 Y:000C S:012A D:1628 DB:86 nvmxdizc V:249 H:303 F:29
				87F0BE 1A          INC                    A:20FE X:0052 Y:000C S:012A D:1628 DB:86 nvmxdizc V:249 H:306 F:29
				87F0BF 9F 00 E0 7F STA $7FE000,X [7FE052] A:20FF X:0052 Y:000C S:012A D:1628 DB:86 nvmxdizc V:249 H:309 F:29
				87F0C3 E8          INX                    A:20FF X:0052 Y:000C S:012A D:1628 DB:86 nvmxdizc V:249 H:319 F:29
				87F0C4 E8          INX                    A:20FF X:0053 Y:000C S:012A D:1628 DB:86 nvmxdizc V:249 H:322 F:29
				87F0C5 88          DEY                    A:20FF X:0054 Y:000C S:012A D:1628 DB:86 nvmxdizc V:249 H:325 F:29
				87F0C6 D0 EF       BNE $00EF     [87F0B7] A:20FF X:0054 Y:000B S:012A D:1628 DB:86 nvmxdizc V:249 H:327 F:29
				87F0B7 3A          DEC                    A:20FF X:0054 Y:000B S:012A D:1628 DB:86 nvmxdizc V:249 H:332 F:29
				87F0B8 9F 00 E0 7F STA $7FE000,X [7FE054] A:20FE X:0054 Y:000B S:012A D:1628 DB:86 nvmxdizc V:249 H:335 F:29
				87F0BC E8          INX                    A:20FE X:0054 Y:000B S:012A D:1628 DB:86 nvmxdizc V:250 H:  5 F:29
				87F0BD E8          INX                    A:20FE X:0055 Y:000B S:012A D:1628 DB:86 nvmxdizc V:250 H:  8 F:29
				87F0BE 1A          INC                    A:20FE X:0056 Y:000B S:012A D:1628 DB:86 nvmxdizc V:250 H: 11 F:29
				87F0BF 9F 00 E0 7F STA $7FE000,X [7FE056] A:20FF X:0056 Y:000B S:012A D:1628 DB:86 nvmxdizc V:250 H: 14 F:29
				87F0C3 E8          INX                    A:20FF X:0056 Y:000B S:012A D:1628 DB:86 nvmxdizc V:250 H: 24 F:29
				87F0C4 E8          INX                    A:20FF X:0057 Y:000B S:012A D:1628 DB:86 nvmxdizc V:250 H: 27 F:29
				87F0C5 88          DEY                    A:20FF X:0058 Y:000B S:012A D:1628 DB:86 nvmxdizc V:250 H: 30 F:29
				87F0C6 D0 EF       BNE $00EF     [87F0B7] A:20FF X:0058 Y:000A S:012A D:1628 DB:86 nvmxdizc V:250 H: 33 F:29
				87F0B7 3A          DEC                    A:20FF X:0058 Y:000A S:012A D:1628 DB:86 nvmxdizc V:250 H: 37 F:29
				87F0B8 9F 00 E0 7F STA $7FE000,X [7FE058] A:20FE X:0058 Y:000A S:012A D:1628 DB:86 nvmxdizc V:250 H: 40 F:29
				87F0BC E8          INX                    A:20FE X:0058 Y:000A S:012A D:1628 DB:86 nvmxdizc V:250 H: 50 F:29
				87F0BD E8          INX                    A:20FE X:0059 Y:000A S:012A D:1628 DB:86 nvmxdizc V:250 H: 53 F:29
				87F0BE 1A          INC                    A:20FE X:005A Y:000A S:012A D:1628 DB:86 nvmxdizc V:250 H: 56 F:29
				87F0BF 9F 00 E0 7F STA $7FE000,X [7FE05A] A:20FF X:005A Y:000A S:012A D:1628 DB:86 nvmxdizc V:250 H: 59 F:29
				87F0C3 E8          INX                    A:20FF X:005A Y:000A S:012A D:1628 DB:86 nvmxdizc V:250 H: 69 F:29
				87F0C4 E8          INX                    A:20FF X:005B Y:000A S:012A D:1628 DB:86 nvmxdizc V:250 H: 72 F:29
				87F0C5 88          DEY                    A:20FF X:005C Y:000A S:012A D:1628 DB:86 nvmxdizc V:250 H: 75 F:29
				87F0C6 D0 EF       BNE $00EF     [87F0B7] A:20FF X:005C Y:0009 S:012A D:1628 DB:86 nvmxdizc V:250 H: 78 F:29
				87F0B7 3A          DEC                    A:20FF X:005C Y:0009 S:012A D:1628 DB:86 nvmxdizc V:250 H: 83 F:29
				87F0B8 9F 00 E0 7F STA $7FE000,X [7FE05C] A:20FE X:005C Y:0009 S:012A D:1628 DB:86 nvmxdizc V:250 H: 86 F:29
				87F0BC E8          INX                    A:20FE X:005C Y:0009 S:012A D:1628 DB:86 nvmxdizc V:250 H: 96 F:29
				87F0BD E8          INX                    A:20FE X:005D Y:0009 S:012A D:1628 DB:86 nvmxdizc V:250 H: 99 F:29
				87F0BE 1A          INC                    A:20FE X:005E Y:0009 S:012A D:1628 DB:86 nvmxdizc V:250 H:102 F:29
				87F0BF 9F 00 E0 7F STA $7FE000,X [7FE05E] A:20FF X:005E Y:0009 S:012A D:1628 DB:86 nvmxdizc V:250 H:105 F:29
				87F0C3 E8          INX                    A:20FF X:005E Y:0009 S:012A D:1628 DB:86 nvmxdizc V:250 H:115 F:29
				87F0C4 E8          INX                    A:20FF X:005F Y:0009 S:012A D:1628 DB:86 nvmxdizc V:250 H:118 F:29
				87F0C5 88          DEY                    A:20FF X:0060 Y:0009 S:012A D:1628 DB:86 nvmxdizc V:250 H:121 F:29
				87F0C6 D0 EF       BNE $00EF     [87F0B7] A:20FF X:0060 Y:0008 S:012A D:1628 DB:86 nvmxdizc V:250 H:124 F:29
				87F0B7 3A          DEC                    A:20FF X:0060 Y:0008 S:012A D:1628 DB:86 nvmxdizc V:250 H:128 F:29
				87F0B8 9F 00 E0 7F STA $7FE000,X [7FE060] A:20FE X:0060 Y:0008 S:012A D:1628 DB:86 nvmxdizc V:250 H:131 F:29
				87F0BC E8          INX                    A:20FE X:0060 Y:0008 S:012A D:1628 DB:86 nvmxdizc V:250 H:151 F:29
				87F0BD E8          INX                    A:20FE X:0061 Y:0008 S:012A D:1628 DB:86 nvmxdizc V:250 H:154 F:29
				87F0BE 1A          INC                    A:20FE X:0062 Y:0008 S:012A D:1628 DB:86 nvmxdizc V:250 H:157 F:29
				87F0BF 9F 00 E0 7F STA $7FE000,X [7FE062] A:20FF X:0062 Y:0008 S:012A D:1628 DB:86 nvmxdizc V:250 H:160 F:29
				87F0C3 E8          INX                    A:20FF X:0062 Y:0008 S:012A D:1628 DB:86 nvmxdizc V:250 H:170 F:29
				87F0C4 E8          INX                    A:20FF X:0063 Y:0008 S:012A D:1628 DB:86 nvmxdizc V:250 H:173 F:29
				87F0C5 88          DEY                    A:20FF X:0064 Y:0008 S:012A D:1628 DB:86 nvmxdizc V:250 H:176 F:29
				87F0C6 D0 EF       BNE $00EF     [87F0B7] A:20FF X:0064 Y:0007 S:012A D:1628 DB:86 nvmxdizc V:250 H:179 F:29
				87F0B7 3A          DEC                    A:20FF X:0064 Y:0007 S:012A D:1628 DB:86 nvmxdizc V:250 H:184 F:29
				87F0B8 9F 00 E0 7F STA $7FE000,X [7FE064] A:20FE X:0064 Y:0007 S:012A D:1628 DB:86 nvmxdizc V:250 H:187 F:29
				87F0BC E8          INX                    A:20FE X:0064 Y:0007 S:012A D:1628 DB:86 nvmxdizc V:250 H:197 F:29
				87F0BD E8          INX                    A:20FE X:0065 Y:0007 S:012A D:1628 DB:86 nvmxdizc V:250 H:200 F:29
				87F0BE 1A          INC                    A:20FE X:0066 Y:0007 S:012A D:1628 DB:86 nvmxdizc V:250 H:203 F:29
				87F0BF 9F 00 E0 7F STA $7FE000,X [7FE066] A:20FF X:0066 Y:0007 S:012A D:1628 DB:86 nvmxdizc V:250 H:206 F:29
				87F0C3 E8          INX                    A:20FF X:0066 Y:0007 S:012A D:1628 DB:86 nvmxdizc V:250 H:216 F:29
				87F0C4 E8          INX                    A:20FF X:0067 Y:0007 S:012A D:1628 DB:86 nvmxdizc V:250 H:219 F:29
				87F0C5 88          DEY                    A:20FF X:0068 Y:0007 S:012A D:1628 DB:86 nvmxdizc V:250 H:222 F:29
				87F0C6 D0 EF       BNE $00EF     [87F0B7] A:20FF X:0068 Y:0006 S:012A D:1628 DB:86 nvmxdizc V:250 H:225 F:29
				87F0B7 3A          DEC                    A:20FF X:0068 Y:0006 S:012A D:1628 DB:86 nvmxdizc V:250 H:229 F:29
				87F0B8 9F 00 E0 7F STA $7FE000,X [7FE068] A:20FE X:0068 Y:0006 S:012A D:1628 DB:86 nvmxdizc V:250 H:232 F:29
				87F0BC E8          INX                    A:20FE X:0068 Y:0006 S:012A D:1628 DB:86 nvmxdizc V:250 H:242 F:29
				87F0BD E8          INX                    A:20FE X:0069 Y:0006 S:012A D:1628 DB:86 nvmxdizc V:250 H:245 F:29
				87F0BE 1A          INC                    A:20FE X:006A Y:0006 S:012A D:1628 DB:86 nvmxdizc V:250 H:248 F:29
				87F0BF 9F 00 E0 7F STA $7FE000,X [7FE06A] A:20FF X:006A Y:0006 S:012A D:1628 DB:86 nvmxdizc V:250 H:251 F:29
				87F0C3 E8          INX                    A:20FF X:006A Y:0006 S:012A D:1628 DB:86 nvmxdizc V:250 H:261 F:29
				87F0C4 E8          INX                    A:20FF X:006B Y:0006 S:012A D:1628 DB:86 nvmxdizc V:250 H:264 F:29
				87F0C5 88          DEY                    A:20FF X:006C Y:0006 S:012A D:1628 DB:86 nvmxdizc V:250 H:267 F:29
				87F0C6 D0 EF       BNE $00EF     [87F0B7] A:20FF X:006C Y:0005 S:012A D:1628 DB:86 nvmxdizc V:250 H:270 F:29
				87F0B7 3A          DEC                    A:20FF X:006C Y:0005 S:012A D:1628 DB:86 nvmxdizc V:250 H:275 F:29
				87F0B8 9F 00 E0 7F STA $7FE000,X [7FE06C] A:20FE X:006C Y:0005 S:012A D:1628 DB:86 nvmxdizc V:250 H:278 F:29
				87F0BC E8          INX                    A:20FE X:006C Y:0005 S:012A D:1628 DB:86 nvmxdizc V:250 H:288 F:29
				87F0BD E8          INX                    A:20FE X:006D Y:0005 S:012A D:1628 DB:86 nvmxdizc V:250 H:291 F:29
				87F0BE 1A          INC                    A:20FE X:006E Y:0005 S:012A D:1628 DB:86 nvmxdizc V:250 H:294 F:29
				87F0BF 9F 00 E0 7F STA $7FE000,X [7FE06E] A:20FF X:006E Y:0005 S:012A D:1628 DB:86 nvmxdizc V:250 H:297 F:29
				87F0C3 E8          INX                    A:20FF X:006E Y:0005 S:012A D:1628 DB:86 nvmxdizc V:250 H:307 F:29
				87F0C4 E8          INX                    A:20FF X:006F Y:0005 S:012A D:1628 DB:86 nvmxdizc V:250 H:310 F:29
				87F0C5 88          DEY                    A:20FF X:0070 Y:0005 S:012A D:1628 DB:86 nvmxdizc V:250 H:313 F:29
				87F0C6 D0 EF       BNE $00EF     [87F0B7] A:20FF X:0070 Y:0004 S:012A D:1628 DB:86 nvmxdizc V:250 H:316 F:29
				87F0B7 3A          DEC                    A:20FF X:0070 Y:0004 S:012A D:1628 DB:86 nvmxdizc V:250 H:320 F:29
				87F0B8 9F 00 E0 7F STA $7FE000,X [7FE070] A:20FE X:0070 Y:0004 S:012A D:1628 DB:86 nvmxdizc V:250 H:323 F:29
				87F0BC E8          INX                    A:20FE X:0070 Y:0004 S:012A D:1628 DB:86 nvmxdizc V:250 H:332 F:29
				87F0BD E8          INX                    A:20FE X:0071 Y:0004 S:012A D:1628 DB:86 nvmxdizc V:250 H:335 F:29
				87F0BE 1A          INC                    A:20FE X:0072 Y:0004 S:012A D:1628 DB:86 nvmxdizc V:250 H:338 F:29
				87F0BF 9F 00 E0 7F STA $7FE000,X [7FE072] A:20FF X:0072 Y:0004 S:012A D:1628 DB:86 nvmxdizc V:251 H:  1 F:29
				87F0C3 E8          INX                    A:20FF X:0072 Y:0004 S:012A D:1628 DB:86 nvmxdizc V:251 H: 11 F:29
				87F0C4 E8          INX                    A:20FF X:0073 Y:0004 S:012A D:1628 DB:86 nvmxdizc V:251 H: 14 F:29
				87F0C5 88          DEY                    A:20FF X:0074 Y:0004 S:012A D:1628 DB:86 nvmxdizc V:251 H: 17 F:29
				87F0C6 D0 EF       BNE $00EF     [87F0B7] A:20FF X:0074 Y:0003 S:012A D:1628 DB:86 nvmxdizc V:251 H: 20 F:29
				87F0B7 3A          DEC                    A:20FF X:0074 Y:0003 S:012A D:1628 DB:86 nvmxdizc V:251 H: 25 F:29
				87F0B8 9F 00 E0 7F STA $7FE000,X [7FE074] A:20FE X:0074 Y:0003 S:012A D:1628 DB:86 nvmxdizc V:251 H: 28 F:29
				87F0BC E8          INX                    A:20FE X:0074 Y:0003 S:012A D:1628 DB:86 nvmxdizc V:251 H: 38 F:29
				87F0BD E8          INX                    A:20FE X:0075 Y:0003 S:012A D:1628 DB:86 nvmxdizc V:251 H: 41 F:29
				87F0BE 1A          INC                    A:20FE X:0076 Y:0003 S:012A D:1628 DB:86 nvmxdizc V:251 H: 44 F:29
				87F0BF 9F 00 E0 7F STA $7FE000,X [7FE076] A:20FF X:0076 Y:0003 S:012A D:1628 DB:86 nvmxdizc V:251 H: 47 F:29
				87F0C3 E8          INX                    A:20FF X:0076 Y:0003 S:012A D:1628 DB:86 nvmxdizc V:251 H: 57 F:29
				87F0C4 E8          INX                    A:20FF X:0077 Y:0003 S:012A D:1628 DB:86 nvmxdizc V:251 H: 60 F:29
				87F0C5 88          DEY                    A:20FF X:0078 Y:0003 S:012A D:1628 DB:86 nvmxdizc V:251 H: 63 F:29
				87F0C6 D0 EF       BNE $00EF     [87F0B7] A:20FF X:0078 Y:0002 S:012A D:1628 DB:86 nvmxdizc V:251 H: 66 F:29
				87F0B7 3A          DEC                    A:20FF X:0078 Y:0002 S:012A D:1628 DB:86 nvmxdizc V:251 H: 70 F:29
				87F0B8 9F 00 E0 7F STA $7FE000,X [7FE078] A:20FE X:0078 Y:0002 S:012A D:1628 DB:86 nvmxdizc V:251 H: 73 F:29
				87F0BC E8          INX                    A:20FE X:0078 Y:0002 S:012A D:1628 DB:86 nvmxdizc V:251 H: 83 F:29
				87F0BD E8          INX                    A:20FE X:0079 Y:0002 S:012A D:1628 DB:86 nvmxdizc V:251 H: 86 F:29
				87F0BE 1A          INC                    A:20FE X:007A Y:0002 S:012A D:1628 DB:86 nvmxdizc V:251 H: 89 F:29
				87F0BF 9F 00 E0 7F STA $7FE000,X [7FE07A] A:20FF X:007A Y:0002 S:012A D:1628 DB:86 nvmxdizc V:251 H: 92 F:29
				87F0C3 E8          INX                    A:20FF X:007A Y:0002 S:012A D:1628 DB:86 nvmxdizc V:251 H:102 F:29
				87F0C4 E8          INX                    A:20FF X:007B Y:0002 S:012A D:1628 DB:86 nvmxdizc V:251 H:105 F:29
				87F0C5 88          DEY                    A:20FF X:007C Y:0002 S:012A D:1628 DB:86 nvmxdizc V:251 H:108 F:29
				87F0C6 D0 EF       BNE $00EF     [87F0B7] A:20FF X:007C Y:0001 S:012A D:1628 DB:86 nvmxdizc V:251 H:111 F:29
				87F0B7 3A          DEC                    A:20FF X:007C Y:0001 S:012A D:1628 DB:86 nvmxdizc V:251 H:116 F:29
				87F0B8 9F 00 E0 7F STA $7FE000,X [7FE07C] A:20FE X:007C Y:0001 S:012A D:1628 DB:86 nvmxdizc V:251 H:119 F:29
				87F0BC E8          INX                    A:20FE X:007C Y:0001 S:012A D:1628 DB:86 nvmxdizc V:251 H:129 F:29
				87F0BD E8          INX                    A:20FE X:007D Y:0001 S:012A D:1628 DB:86 nvmxdizc V:251 H:132 F:29
				87F0BE 1A          INC                    A:20FE X:007E Y:0001 S:012A D:1628 DB:86 nvmxdizc V:251 H:145 F:29
				87F0BF 9F 00 E0 7F STA $7FE000,X [7FE07E] A:20FF X:007E Y:0001 S:012A D:1628 DB:86 nvmxdizc V:251 H:148 F:29
				87F0C3 E8          INX                    A:20FF X:007E Y:0001 S:012A D:1628 DB:86 nvmxdizc V:251 H:158 F:29
				87F0C4 E8          INX                    A:20FF X:007F Y:0001 S:012A D:1628 DB:86 nvmxdizc V:251 H:161 F:29
				87F0C5 88          DEY                    A:20FF X:0080 Y:0001 S:012A D:1628 DB:86 nvmxdizc V:251 H:164 F:29
				87F0C6 D0 EF       BNE $00EF     [87F0B7] A:20FF X:0080 Y:0000 S:012A D:1628 DB:86 nvmxdiZc V:251 H:167 F:29
				87F0C8 E0 00 08    CPX #$0800             A:20FF X:0080 Y:0000 S:012A D:1628 DB:86 nvmxdiZc V:251 H:170 F:29
				87F0CB 90 C9       BCC $00C9     [87F096] A:20FF X:0080 Y:0000 S:012A D:1628 DB:86 Nvmxdizc V:251 H:174 F:29
				87F096 A0 10 00    LDY #$0010             A:20FF X:0080 Y:0000 S:012A D:1628 DB:86 Nvmxdizc V:251 H:179 F:29
				87F099 A9 FD 20    LDA #$20FD             A:20FF X:0080 Y:0010 S:012A D:1628 DB:86 nvmxdizc V:251 H:183 F:29
				87F09C 05 1C       ORA $1C       [001644] A:20FD X:0080 Y:0010 S:012A D:1628 DB:86 nvmxdizc V:251 H:188 F:29
				87F09E 3A          DEC                    A:20FD X:0080 Y:0010 S:012A D:1628 DB:86 nvmxdizc V:251 H:196 F:29
				87F09F 9F 00 E0 7F STA $7FE000,X [7FE080] A:20FC X:0080 Y:0010 S:012A D:1628 DB:86 nvmxdizc V:251 H:199 F:29
				87F0A3 E8          INX                    A:20FC X:0080 Y:0010 S:012A D:1628 DB:86 nvmxdizc V:251 H:209 F:29
				87F0A4 E8          INX                    A:20FC X:0081 Y:0010 S:012A D:1628 DB:86 nvmxdizc V:251 H:212 F:29
				87F0A5 1A          INC                    A:20FC X:0082 Y:0010 S:012A D:1628 DB:86 nvmxdizc V:251 H:215 F:29
				87F0A6 9F 00 E0 7F STA $7FE000,X [7FE082] A:20FD X:0082 Y:0010 S:012A D:1628 DB:86 nvmxdizc V:251 H:218 F:29
				87F0AA E8          INX                    A:20FD X:0082 Y:0010 S:012A D:1628 DB:86 nvmxdizc V:251 H:228 F:29
				87F0AB E8          INX                    A:20FD X:0083 Y:0010 S:012A D:1628 DB:86 nvmxdizc V:251 H:231 F:29
				87F0AC 88          DEY                    A:20FD X:0084 Y:0010 S:012A D:1628 DB:86 nvmxdizc V:251 H:234 F:29
				87F0AD D0 EF       BNE $00EF     [87F09E] A:20FD X:0084 Y:000F S:012A D:1628 DB:86 nvmxdizc V:251 H:237 F:29
				87F09E 3A          DEC                    A:20FD X:0084 Y:000F S:012A D:1628 DB:86 nvmxdizc V:251 H:242 F:29
				87F09F 9F 00 E0 7F STA $7FE000,X [7FE084] A:20FC X:0084 Y:000F S:012A D:1628 DB:86 nvmxdizc V:251 H:245 F:29
				87F0A3 E8          INX                    A:20FC X:0084 Y:000F S:012A D:1628 DB:86 nvmxdizc V:251 H:255 F:29
				87F0A4 E8          INX                    A:20FC X:0085 Y:000F S:012A D:1628 DB:86 nvmxdizc V:251 H:258 F:29
				87F0A5 1A          INC                    A:20FC X:0086 Y:000F S:012A D:1628 DB:86 nvmxdizc V:251 H:261 F:29
				87F0A6 9F 00 E0 7F STA $7FE000,X [7FE086] A:20FD X:0086 Y:000F S:012A D:1628 DB:86 nvmxdizc V:251 H:264 F:29
				87F0AA E8          INX                    A:20FD X:0086 Y:000F S:012A D:1628 DB:86 nvmxdizc V:251 H:274 F:29
				87F0AB E8          INX                    A:20FD X:0087 Y:000F S:012A D:1628 DB:86 nvmxdizc V:251 H:277 F:29
				87F0AC 88          DEY                    A:20FD X:0088 Y:000F S:012A D:1628 DB:86 nvmxdizc V:251 H:280 F:29
				87F0AD D0 EF       BNE $00EF     [87F09E] A:20FD X:0088 Y:000E S:012A D:1628 DB:86 nvmxdizc V:251 H:283 F:29
				87F09E 3A          DEC                    A:20FD X:0088 Y:000E S:012A D:1628 DB:86 nvmxdizc V:251 H:287 F:29
				87F09F 9F 00 E0 7F STA $7FE000,X [7FE088] A:20FC X:0088 Y:000E S:012A D:1628 DB:86 nvmxdizc V:251 H:290 F:29
				87F0A3 E8          INX                    A:20FC X:0088 Y:000E S:012A D:1628 DB:86 nvmxdizc V:251 H:300 F:29
				87F0A4 E8          INX                    A:20FC X:0089 Y:000E S:012A D:1628 DB:86 nvmxdizc V:251 H:303 F:29
				87F0A5 1A          INC                    A:20FC X:008A Y:000E S:012A D:1628 DB:86 nvmxdizc V:251 H:306 F:29
				87F0A6 9F 00 E0 7F STA $7FE000,X [7FE08A] A:20FD X:008A Y:000E S:012A D:1628 DB:86 nvmxdizc V:251 H:309 F:29
				87F0AA E8          INX                    A:20FD X:008A Y:000E S:012A D:1628 DB:86 nvmxdizc V:251 H:319 F:29
				87F0AB E8          INX                    A:20FD X:008B Y:000E S:012A D:1628 DB:86 nvmxdizc V:251 H:322 F:29
				87F0AC 88          DEY                    A:20FD X:008C Y:000E S:012A D:1628 DB:86 nvmxdizc V:251 H:325 F:29
				87F0AD D0 EF       BNE $00EF     [87F09E] A:20FD X:008C Y:000D S:012A D:1628 DB:86 nvmxdizc V:251 H:327 F:29
				87F09E 3A          DEC                    A:20FD X:008C Y:000D S:012A D:1628 DB:86 nvmxdizc V:251 H:332 F:29
				87F09F 9F 00 E0 7F STA $7FE000,X [7FE08C] A:20FC X:008C Y:000D S:012A D:1628 DB:86 nvmxdizc V:251 H:335 F:29
				87F0A3 E8          INX                    A:20FC X:008C Y:000D S:012A D:1628 DB:86 nvmxdizc V:252 H:  5 F:29
				87F0A4 E8          INX                    A:20FC X:008D Y:000D S:012A D:1628 DB:86 nvmxdizc V:252 H:  8 F:29
				87F0A5 1A          INC                    A:20FC X:008E Y:000D S:012A D:1628 DB:86 nvmxdizc V:252 H: 11 F:29
				87F0A6 9F 00 E0 7F STA $7FE000,X [7FE08E] A:20FD X:008E Y:000D S:012A D:1628 DB:86 nvmxdizc V:252 H: 14 F:29
				87F0AA E8          INX                    A:20FD X:008E Y:000D S:012A D:1628 DB:86 nvmxdizc V:252 H: 24 F:29
				87F0AB E8          INX                    A:20FD X:008F Y:000D S:012A D:1628 DB:86 nvmxdizc V:252 H: 27 F:29
				87F0AC 88          DEY                    A:20FD X:0090 Y:000D S:012A D:1628 DB:86 nvmxdizc V:252 H: 30 F:29
				87F0AD D0 EF       BNE $00EF     [87F09E] A:20FD X:0090 Y:000C S:012A D:1628 DB:86 nvmxdizc V:252 H: 33 F:29
				87F09E 3A          DEC                    A:20FD X:0090 Y:000C S:012A D:1628 DB:86 nvmxdizc V:252 H: 37 F:29
				87F09F 9F 00 E0 7F STA $7FE000,X [7FE090] A:20FC X:0090 Y:000C S:012A D:1628 DB:86 nvmxdizc V:252 H: 40 F:29
				87F0A3 E8          INX                    A:20FC X:0090 Y:000C S:012A D:1628 DB:86 nvmxdizc V:252 H: 50 F:29
				87F0A4 E8          INX                    A:20FC X:0091 Y:000C S:012A D:1628 DB:86 nvmxdizc V:252 H: 53 F:29
				87F0A5 1A          INC                    A:20FC X:0092 Y:000C S:012A D:1628 DB:86 nvmxdizc V:252 H: 56 F:29
				87F0A6 9F 00 E0 7F STA $7FE000,X [7FE092] A:20FD X:0092 Y:000C S:012A D:1628 DB:86 nvmxdizc V:252 H: 59 F:29
				87F0AA E8          INX                    A:20FD X:0092 Y:000C S:012A D:1628 DB:86 nvmxdizc V:252 H: 69 F:29
				87F0AB E8          INX                    A:20FD X:0093 Y:000C S:012A D:1628 DB:86 nvmxdizc V:252 H: 72 F:29
				87F0AC 88          DEY                    A:20FD X:0094 Y:000C S:012A D:1628 DB:86 nvmxdizc V:252 H: 75 F:29
				87F0AD D0 EF       BNE $00EF     [87F09E] A:20FD X:0094 Y:000B S:012A D:1628 DB:86 nvmxdizc V:252 H: 78 F:29
				87F09E 3A          DEC                    A:20FD X:0094 Y:000B S:012A D:1628 DB:86 nvmxdizc V:252 H: 83 F:29
				87F09F 9F 00 E0 7F STA $7FE000,X [7FE094] A:20FC X:0094 Y:000B S:012A D:1628 DB:86 nvmxdizc V:252 H: 86 F:29
				87F0A3 E8          INX                    A:20FC X:0094 Y:000B S:012A D:1628 DB:86 nvmxdizc V:252 H: 96 F:29
				87F0A4 E8          INX                    A:20FC X:0095 Y:000B S:012A D:1628 DB:86 nvmxdizc V:252 H: 99 F:29
				87F0A5 1A          INC                    A:20FC X:0096 Y:000B S:012A D:1628 DB:86 nvmxdizc V:252 H:102 F:29
				87F0A6 9F 00 E0 7F STA $7FE000,X [7FE096] A:20FD X:0096 Y:000B S:012A D:1628 DB:86 nvmxdizc V:252 H:105 F:29
				87F0AA E8          INX                    A:20FD X:0096 Y:000B S:012A D:1628 DB:86 nvmxdizc V:252 H:115 F:29
				87F0AB E8          INX                    A:20FD X:0097 Y:000B S:012A D:1628 DB:86 nvmxdizc V:252 H:118 F:29
				87F0AC 88          DEY                    A:20FD X:0098 Y:000B S:012A D:1628 DB:86 nvmxdizc V:252 H:121 F:29
				87F0AD D0 EF       BNE $00EF     [87F09E] A:20FD X:0098 Y:000A S:012A D:1628 DB:86 nvmxdizc V:252 H:124 F:29
				87F09E 3A          DEC                    A:20FD X:0098 Y:000A S:012A D:1628 DB:86 nvmxdizc V:252 H:128 F:29
				87F09F 9F 00 E0 7F STA $7FE000,X [7FE098] A:20FC X:0098 Y:000A S:012A D:1628 DB:86 nvmxdizc V:252 H:131 F:29
				87F0A3 E8          INX                    A:20FC X:0098 Y:000A S:012A D:1628 DB:86 nvmxdizc V:252 H:151 F:29
				87F0A4 E8          INX                    A:20FC X:0099 Y:000A S:012A D:1628 DB:86 nvmxdizc V:252 H:154 F:29
				87F0A5 1A          INC                    A:20FC X:009A Y:000A S:012A D:1628 DB:86 nvmxdizc V:252 H:157 F:29
				87F0A6 9F 00 E0 7F STA $7FE000,X [7FE09A] A:20FD X:009A Y:000A S:012A D:1628 DB:86 nvmxdizc V:252 H:160 F:29
				87F0AA E8          INX                    A:20FD X:009A Y:000A S:012A D:1628 DB:86 nvmxdizc V:252 H:170 F:29
				87F0AB E8          INX                    A:20FD X:009B Y:000A S:012A D:1628 DB:86 nvmxdizc V:252 H:173 F:29
				87F0AC 88          DEY                    A:20FD X:009C Y:000A S:012A D:1628 DB:86 nvmxdizc V:252 H:176 F:29
				87F0AD D0 EF       BNE $00EF     [87F09E] A:20FD X:009C Y:0009 S:012A D:1628 DB:86 nvmxdizc V:252 H:179 F:29
				87F09E 3A          DEC                    A:20FD X:009C Y:0009 S:012A D:1628 DB:86 nvmxdizc V:252 H:184 F:29
				87F09F 9F 00 E0 7F STA $7FE000,X [7FE09C] A:20FC X:009C Y:0009 S:012A D:1628 DB:86 nvmxdizc V:252 H:187 F:29
				87F0A3 E8          INX                    A:20FC X:009C Y:0009 S:012A D:1628 DB:86 nvmxdizc V:252 H:197 F:29
				87F0A4 E8          INX                    A:20FC X:009D Y:0009 S:012A D:1628 DB:86 nvmxdizc V:252 H:200 F:29
				87F0A5 1A          INC                    A:20FC X:009E Y:0009 S:012A D:1628 DB:86 nvmxdizc V:252 H:203 F:29
				87F0A6 9F 00 E0 7F STA $7FE000,X [7FE09E] A:20FD X:009E Y:0009 S:012A D:1628 DB:86 nvmxdizc V:252 H:206 F:29
				87F0AA E8          INX                    A:20FD X:009E Y:0009 S:012A D:1628 DB:86 nvmxdizc V:252 H:216 F:29
				87F0AB E8          INX                    A:20FD X:009F Y:0009 S:012A D:1628 DB:86 nvmxdizc V:252 H:219 F:29
				87F0AC 88          DEY                    A:20FD X:00A0 Y:0009 S:012A D:1628 DB:86 nvmxdizc V:252 H:222 F:29
				87F0AD D0 EF       BNE $00EF     [87F09E] A:20FD X:00A0 Y:0008 S:012A D:1628 DB:86 nvmxdizc V:252 H:225 F:29
				87F09E 3A          DEC                    A:20FD X:00A0 Y:0008 S:012A D:1628 DB:86 nvmxdizc V:252 H:229 F:29
				87F09F 9F 00 E0 7F STA $7FE000,X [7FE0A0] A:20FC X:00A0 Y:0008 S:012A D:1628 DB:86 nvmxdizc V:252 H:232 F:29
				87F0A3 E8          INX                    A:20FC X:00A0 Y:0008 S:012A D:1628 DB:86 nvmxdizc V:252 H:242 F:29
				87F0A4 E8          INX                    A:20FC X:00A1 Y:0008 S:012A D:1628 DB:86 nvmxdizc V:252 H:245 F:29
				87F0A5 1A          INC                    A:20FC X:00A2 Y:0008 S:012A D:1628 DB:86 nvmxdizc V:252 H:248 F:29
				87F0A6 9F 00 E0 7F STA $7FE000,X [7FE0A2] A:20FD X:00A2 Y:0008 S:012A D:1628 DB:86 nvmxdizc V:252 H:251 F:29
				87F0AA E8          INX                    A:20FD X:00A2 Y:0008 S:012A D:1628 DB:86 nvmxdizc V:252 H:261 F:29
				87F0AB E8          INX                    A:20FD X:00A3 Y:0008 S:012A D:1628 DB:86 nvmxdizc V:252 H:264 F:29
				87F0AC 88          DEY                    A:20FD X:00A4 Y:0008 S:012A D:1628 DB:86 nvmxdizc V:252 H:267 F:29
				87F0AD D0 EF       BNE $00EF     [87F09E] A:20FD X:00A4 Y:0007 S:012A D:1628 DB:86 nvmxdizc V:252 H:270 F:29
				87F09E 3A          DEC                    A:20FD X:00A4 Y:0007 S:012A D:1628 DB:86 nvmxdizc V:252 H:275 F:29
				87F09F 9F 00 E0 7F STA $7FE000,X [7FE0A4] A:20FC X:00A4 Y:0007 S:012A D:1628 DB:86 nvmxdizc V:252 H:278 F:29
				87F0A3 E8          INX                    A:20FC X:00A4 Y:0007 S:012A D:1628 DB:86 nvmxdizc V:252 H:288 F:29
				87F0A4 E8          INX                    A:20FC X:00A5 Y:0007 S:012A D:1628 DB:86 nvmxdizc V:252 H:291 F:29
				87F0A5 1A          INC                    A:20FC X:00A6 Y:0007 S:012A D:1628 DB:86 nvmxdizc V:252 H:294 F:29
				87F0A6 9F 00 E0 7F STA $7FE000,X [7FE0A6] A:20FD X:00A6 Y:0007 S:012A D:1628 DB:86 nvmxdizc V:252 H:297 F:29
				87F0AA E8          INX                    A:20FD X:00A6 Y:0007 S:012A D:1628 DB:86 nvmxdizc V:252 H:307 F:29
				87F0AB E8          INX                    A:20FD X:00A7 Y:0007 S:012A D:1628 DB:86 nvmxdizc V:252 H:310 F:29
				87F0AC 88          DEY                    A:20FD X:00A8 Y:0007 S:012A D:1628 DB:86 nvmxdizc V:252 H:313 F:29
				87F0AD D0 EF       BNE $00EF     [87F09E] A:20FD X:00A8 Y:0006 S:012A D:1628 DB:86 nvmxdizc V:252 H:316 F:29
				87F09E 3A          DEC                    A:20FD X:00A8 Y:0006 S:012A D:1628 DB:86 nvmxdizc V:252 H:320 F:29
				87F09F 9F 00 E0 7F STA $7FE000,X [7FE0A8] A:20FC X:00A8 Y:0006 S:012A D:1628 DB:86 nvmxdizc V:252 H:323 F:29
				87F0A3 E8          INX                    A:20FC X:00A8 Y:0006 S:012A D:1628 DB:86 nvmxdizc V:252 H:332 F:29
				87F0A4 E8          INX                    A:20FC X:00A9 Y:0006 S:012A D:1628 DB:86 nvmxdizc V:252 H:335 F:29
				87F0A5 1A          INC                    A:20FC X:00AA Y:0006 S:012A D:1628 DB:86 nvmxdizc V:252 H:338 F:29
				87F0A6 9F 00 E0 7F STA $7FE000,X [7FE0AA] A:20FD X:00AA Y:0006 S:012A D:1628 DB:86 nvmxdizc V:253 H:  1 F:29
				87F0AA E8          INX                    A:20FD X:00AA Y:0006 S:012A D:1628 DB:86 nvmxdizc V:253 H: 11 F:29
				87F0AB E8          INX                    A:20FD X:00AB Y:0006 S:012A D:1628 DB:86 nvmxdizc V:253 H: 14 F:29
				87F0AC 88          DEY                    A:20FD X:00AC Y:0006 S:012A D:1628 DB:86 nvmxdizc V:253 H: 17 F:29
				87F0AD D0 EF       BNE $00EF     [87F09E] A:20FD X:00AC Y:0005 S:012A D:1628 DB:86 nvmxdizc V:253 H: 20 F:29
				87F09E 3A          DEC                    A:20FD X:00AC Y:0005 S:012A D:1628 DB:86 nvmxdizc V:253 H: 25 F:29
				87F09F 9F 00 E0 7F STA $7FE000,X [7FE0AC] A:20FC X:00AC Y:0005 S:012A D:1628 DB:86 nvmxdizc V:253 H: 28 F:29
				87F0A3 E8          INX                    A:20FC X:00AC Y:0005 S:012A D:1628 DB:86 nvmxdizc V:253 H: 38 F:29
				87F0A4 E8          INX                    A:20FC X:00AD Y:0005 S:012A D:1628 DB:86 nvmxdizc V:253 H: 41 F:29
				87F0A5 1A          INC                    A:20FC X:00AE Y:0005 S:012A D:1628 DB:86 nvmxdizc V:253 H: 44 F:29
				87F0A6 9F 00 E0 7F STA $7FE000,X [7FE0AE] A:20FD X:00AE Y:0005 S:012A D:1628 DB:86 nvmxdizc V:253 H: 47 F:29
				87F0AA E8          INX                    A:20FD X:00AE Y:0005 S:012A D:1628 DB:86 nvmxdizc V:253 H: 57 F:29
				87F0AB E8          INX                    A:20FD X:00AF Y:0005 S:012A D:1628 DB:86 nvmxdizc V:253 H: 60 F:29
				87F0AC 88          DEY                    A:20FD X:00B0 Y:0005 S:012A D:1628 DB:86 nvmxdizc V:253 H: 63 F:29
				87F0AD D0 EF       BNE $00EF     [87F09E] A:20FD X:00B0 Y:0004 S:012A D:1628 DB:86 nvmxdizc V:253 H: 66 F:29
				87F09E 3A          DEC                    A:20FD X:00B0 Y:0004 S:012A D:1628 DB:86 nvmxdizc V:253 H: 70 F:29
				87F09F 9F 00 E0 7F STA $7FE000,X [7FE0B0] A:20FC X:00B0 Y:0004 S:012A D:1628 DB:86 nvmxdizc V:253 H: 73 F:29
				87F0A3 E8          INX                    A:20FC X:00B0 Y:0004 S:012A D:1628 DB:86 nvmxdizc V:253 H: 83 F:29
				87F0A4 E8          INX                    A:20FC X:00B1 Y:0004 S:012A D:1628 DB:86 nvmxdizc V:253 H: 86 F:29
				87F0A5 1A          INC                    A:20FC X:00B2 Y:0004 S:012A D:1628 DB:86 nvmxdizc V:253 H: 89 F:29
				87F0A6 9F 00 E0 7F STA $7FE000,X [7FE0B2] A:20FD X:00B2 Y:0004 S:012A D:1628 DB:86 nvmxdizc V:253 H: 92 F:29
				87F0AA E8          INX                    A:20FD X:00B2 Y:0004 S:012A D:1628 DB:86 nvmxdizc V:253 H:102 F:29
				87F0AB E8          INX                    A:20FD X:00B3 Y:0004 S:012A D:1628 DB:86 nvmxdizc V:253 H:105 F:29
				87F0AC 88          DEY                    A:20FD X:00B4 Y:0004 S:012A D:1628 DB:86 nvmxdizc V:253 H:108 F:29
				87F0AD D0 EF       BNE $00EF     [87F09E] A:20FD X:00B4 Y:0003 S:012A D:1628 DB:86 nvmxdizc V:253 H:111 F:29
				87F09E 3A          DEC                    A:20FD X:00B4 Y:0003 S:012A D:1628 DB:86 nvmxdizc V:253 H:116 F:29
				87F09F 9F 00 E0 7F STA $7FE000,X [7FE0B4] A:20FC X:00B4 Y:0003 S:012A D:1628 DB:86 nvmxdizc V:253 H:119 F:29
				87F0A3 E8          INX                    A:20FC X:00B4 Y:0003 S:012A D:1628 DB:86 nvmxdizc V:253 H:129 F:29
				87F0A4 E8          INX                    A:20FC X:00B5 Y:0003 S:012A D:1628 DB:86 nvmxdizc V:253 H:132 F:29
				87F0A5 1A          INC                    A:20FC X:00B6 Y:0003 S:012A D:1628 DB:86 nvmxdizc V:253 H:145 F:29
				87F0A6 9F 00 E0 7F STA $7FE000,X [7FE0B6] A:20FD X:00B6 Y:0003 S:012A D:1628 DB:86 nvmxdizc V:253 H:148 F:29
				87F0AA E8          INX                    A:20FD X:00B6 Y:0003 S:012A D:1628 DB:86 nvmxdizc V:253 H:158 F:29
				87F0AB E8          INX                    A:20FD X:00B7 Y:0003 S:012A D:1628 DB:86 nvmxdizc V:253 H:161 F:29
				87F0AC 88          DEY                    A:20FD X:00B8 Y:0003 S:012A D:1628 DB:86 nvmxdizc V:253 H:164 F:29
				87F0AD D0 EF       BNE $00EF     [87F09E] A:20FD X:00B8 Y:0002 S:012A D:1628 DB:86 nvmxdizc V:253 H:167 F:29
				87F09E 3A          DEC                    A:20FD X:00B8 Y:0002 S:012A D:1628 DB:86 nvmxdizc V:253 H:171 F:29
				87F09F 9F 00 E0 7F STA $7FE000,X [7FE0B8] A:20FC X:00B8 Y:0002 S:012A D:1628 DB:86 nvmxdizc V:253 H:174 F:29
				87F0A3 E8          INX                    A:20FC X:00B8 Y:0002 S:012A D:1628 DB:86 nvmxdizc V:253 H:184 F:29
				87F0A4 E8          INX                    A:20FC X:00B9 Y:0002 S:012A D:1628 DB:86 nvmxdizc V:253 H:187 F:29
				87F0A5 1A          INC                    A:20FC X:00BA Y:0002 S:012A D:1628 DB:86 nvmxdizc V:253 H:190 F:29
				87F0A6 9F 00 E0 7F STA $7FE000,X [7FE0BA] A:20FD X:00BA Y:0002 S:012A D:1628 DB:86 nvmxdizc V:253 H:193 F:29
				87F0AA E8          INX                    A:20FD X:00BA Y:0002 S:012A D:1628 DB:86 nvmxdizc V:253 H:203 F:29
				87F0AB E8          INX                    A:20FD X:00BB Y:0002 S:012A D:1628 DB:86 nvmxdizc V:253 H:206 F:29
				87F0AC 88          DEY                    A:20FD X:00BC Y:0002 S:012A D:1628 DB:86 nvmxdizc V:253 H:209 F:29
				87F0AD D0 EF       BNE $00EF     [87F09E] A:20FD X:00BC Y:0001 S:012A D:1628 DB:86 nvmxdizc V:253 H:212 F:29
				87F09E 3A          DEC                    A:20FD X:00BC Y:0001 S:012A D:1628 DB:86 nvmxdizc V:253 H:217 F:29
				87F09F 9F 00 E0 7F STA $7FE000,X [7FE0BC] A:20FC X:00BC Y:0001 S:012A D:1628 DB:86 nvmxdizc V:253 H:220 F:29
				87F0A3 E8          INX                    A:20FC X:00BC Y:0001 S:012A D:1628 DB:86 nvmxdizc V:253 H:230 F:29
				87F0A4 E8          INX                    A:20FC X:00BD Y:0001 S:012A D:1628 DB:86 nvmxdizc V:253 H:233 F:29
				87F0A5 1A          INC                    A:20FC X:00BE Y:0001 S:012A D:1628 DB:86 nvmxdizc V:253 H:236 F:29
				87F0A6 9F 00 E0 7F STA $7FE000,X [7FE0BE] A:20FD X:00BE Y:0001 S:012A D:1628 DB:86 nvmxdizc V:253 H:239 F:29
				87F0AA E8          INX                    A:20FD X:00BE Y:0001 S:012A D:1628 DB:86 nvmxdizc V:253 H:249 F:29
				87F0AB E8          INX                    A:20FD X:00BF Y:0001 S:012A D:1628 DB:86 nvmxdizc V:253 H:252 F:29
				87F0AC 88          DEY                    A:20FD X:00C0 Y:0001 S:012A D:1628 DB:86 nvmxdizc V:253 H:255 F:29
				87F0AD D0 EF       BNE $00EF     [87F09E] A:20FD X:00C0 Y:0000 S:012A D:1628 DB:86 nvmxdiZc V:253 H:258 F:29
				87F0AF A0 10 00    LDY #$0010             A:20FD X:00C0 Y:0000 S:012A D:1628 DB:86 nvmxdiZc V:253 H:261 F:29
				87F0B2 A9 FF 20    LDA #$20FF             A:20FD X:00C0 Y:0010 S:012A D:1628 DB:86 nvmxdizc V:253 H:265 F:29
				87F0B5 05 1C       ORA $1C       [001644] A:20FF X:00C0 Y:0010 S:012A D:1628 DB:86 nvmxdizc V:253 H:270 F:29
				87F0B7 3A          DEC                    A:20FF X:00C0 Y:0010 S:012A D:1628 DB:86 nvmxdizc V:253 H:278 F:29
				87F0B8 9F 00 E0 7F STA $7FE000,X [7FE0C0] A:20FE X:00C0 Y:0010 S:012A D:1628 DB:86 nvmxdizc V:253 H:281 F:29
				87F0BC E8          INX                    A:20FE X:00C0 Y:0010 S:012A D:1628 DB:86 nvmxdizc V:253 H:291 F:29
				87F0BD E8          INX                    A:20FE X:00C1 Y:0010 S:012A D:1628 DB:86 nvmxdizc V:253 H:294 F:29
				87F0BE 1A          INC                    A:20FE X:00C2 Y:0010 S:012A D:1628 DB:86 nvmxdizc V:253 H:297 F:29
				87F0BF 9F 00 E0 7F STA $7FE000,X [7FE0C2] A:20FF X:00C2 Y:0010 S:012A D:1628 DB:86 nvmxdizc V:253 H:300 F:29
				87F0C3 E8          INX                    A:20FF X:00C2 Y:0010 S:012A D:1628 DB:86 nvmxdizc V:253 H:310 F:29
				87F0C4 E8          INX                    A:20FF X:00C3 Y:0010 S:012A D:1628 DB:86 nvmxdizc V:253 H:313 F:29
				87F0C5 88          DEY                    A:20FF X:00C4 Y:0010 S:012A D:1628 DB:86 nvmxdizc V:253 H:316 F:29
				87F0C6 D0 EF       BNE $00EF     [87F0B7] A:20FF X:00C4 Y:000F S:012A D:1628 DB:86 nvmxdizc V:253 H:319 F:29
				87F0B7 3A          DEC                    A:20FF X:00C4 Y:000F S:012A D:1628 DB:86 nvmxdizc V:253 H:323 F:29
				87F0B8 9F 00 E0 7F STA $7FE000,X [7FE0C4] A:20FE X:00C4 Y:000F S:012A D:1628 DB:86 nvmxdizc V:253 H:326 F:29
				87F0BC E8          INX                    A:20FE X:00C4 Y:000F S:012A D:1628 DB:86 nvmxdizc V:253 H:336 F:29
				87F0BD E8          INX                    A:20FE X:00C5 Y:000F S:012A D:1628 DB:86 nvmxdizc V:253 H:339 F:29
				87F0BE 1A          INC                    A:20FE X:00C6 Y:000F S:012A D:1628 DB:86 nvmxdizc V:254 H:  2 F:29
				87F0BF 9F 00 E0 7F STA $7FE000,X [7FE0C6] A:20FF X:00C6 Y:000F S:012A D:1628 DB:86 nvmxdizc V:254 H:  5 F:29
				87F0C3 E8          INX                    A:20FF X:00C6 Y:000F S:012A D:1628 DB:86 nvmxdizc V:254 H: 15 F:29
				87F0C4 E8          INX                    A:20FF X:00C7 Y:000F S:012A D:1628 DB:86 nvmxdizc V:254 H: 18 F:29
				87F0C5 88          DEY                    A:20FF X:00C8 Y:000F S:012A D:1628 DB:86 nvmxdizc V:254 H: 21 F:29
				87F0C6 D0 EF       BNE $00EF     [87F0B7] A:20FF X:00C8 Y:000E S:012A D:1628 DB:86 nvmxdizc V:254 H: 24 F:29
				87F0B7 3A          DEC                    A:20FF X:00C8 Y:000E S:012A D:1628 DB:86 nvmxdizc V:254 H: 28 F:29
				87F0B8 9F 00 E0 7F STA $7FE000,X [7FE0C8] A:20FE X:00C8 Y:000E S:012A D:1628 DB:86 nvmxdizc V:254 H: 31 F:29
				87F0BC E8          INX                    A:20FE X:00C8 Y:000E S:012A D:1628 DB:86 nvmxdizc V:254 H: 41 F:29
				87F0BD E8          INX                    A:20FE X:00C9 Y:000E S:012A D:1628 DB:86 nvmxdizc V:254 H: 44 F:29
				87F0BE 1A          INC                    A:20FE X:00CA Y:000E S:012A D:1628 DB:86 nvmxdizc V:254 H: 47 F:29
				87F0BF 9F 00 E0 7F STA $7FE000,X [7FE0CA] A:20FF X:00CA Y:000E S:012A D:1628 DB:86 nvmxdizc V:254 H: 50 F:29
				87F0C3 E8          INX                    A:20FF X:00CA Y:000E S:012A D:1628 DB:86 nvmxdizc V:254 H: 60 F:29
				87F0C4 E8          INX                    A:20FF X:00CB Y:000E S:012A D:1628 DB:86 nvmxdizc V:254 H: 63 F:29
				87F0C5 88          DEY                    A:20FF X:00CC Y:000E S:012A D:1628 DB:86 nvmxdizc V:254 H: 66 F:29
				87F0C6 D0 EF       BNE $00EF     [87F0B7] A:20FF X:00CC Y:000D S:012A D:1628 DB:86 nvmxdizc V:254 H: 69 F:29
				87F0B7 3A          DEC                    A:20FF X:00CC Y:000D S:012A D:1628 DB:86 nvmxdizc V:254 H: 74 F:29
				87F0B8 9F 00 E0 7F STA $7FE000,X [7FE0CC] A:20FE X:00CC Y:000D S:012A D:1628 DB:86 nvmxdizc V:254 H: 77 F:29
				87F0BC E8          INX                    A:20FE X:00CC Y:000D S:012A D:1628 DB:86 nvmxdizc V:254 H: 87 F:29
				87F0BD E8          INX                    A:20FE X:00CD Y:000D S:012A D:1628 DB:86 nvmxdizc V:254 H: 90 F:29
				87F0BE 1A          INC                    A:20FE X:00CE Y:000D S:012A D:1628 DB:86 nvmxdizc V:254 H: 93 F:29
				87F0BF 9F 00 E0 7F STA $7FE000,X [7FE0CE] A:20FF X:00CE Y:000D S:012A D:1628 DB:86 nvmxdizc V:254 H: 96 F:29
				87F0C3 E8          INX                    A:20FF X:00CE Y:000D S:012A D:1628 DB:86 nvmxdizc V:254 H:106 F:29
				87F0C4 E8          INX                    A:20FF X:00CF Y:000D S:012A D:1628 DB:86 nvmxdizc V:254 H:109 F:29
				87F0C5 88          DEY                    A:20FF X:00D0 Y:000D S:012A D:1628 DB:86 nvmxdizc V:254 H:112 F:29
				87F0C6 D0 EF       BNE $00EF     [87F0B7] A:20FF X:00D0 Y:000C S:012A D:1628 DB:86 nvmxdizc V:254 H:115 F:29
				87F0B7 3A          DEC                    A:20FF X:00D0 Y:000C S:012A D:1628 DB:86 nvmxdizc V:254 H:119 F:29
				87F0B8 9F 00 E0 7F STA $7FE000,X [7FE0D0] A:20FE X:00D0 Y:000C S:012A D:1628 DB:86 nvmxdizc V:254 H:122 F:29
				87F0BC E8          INX                    A:20FE X:00D0 Y:000C S:012A D:1628 DB:86 nvmxdizc V:254 H:132 F:29
				87F0BD E8          INX                    A:20FE X:00D1 Y:000C S:012A D:1628 DB:86 nvmxdizc V:254 H:145 F:29
				87F0BE 1A          INC                    A:20FE X:00D2 Y:000C S:012A D:1628 DB:86 nvmxdizc V:254 H:148 F:29
				87F0BF 9F 00 E0 7F STA $7FE000,X [7FE0D2] A:20FF X:00D2 Y:000C S:012A D:1628 DB:86 nvmxdizc V:254 H:151 F:29
				87F0C3 E8          INX                    A:20FF X:00D2 Y:000C S:012A D:1628 DB:86 nvmxdizc V:254 H:161 F:29
				87F0C4 E8          INX                    A:20FF X:00D3 Y:000C S:012A D:1628 DB:86 nvmxdizc V:254 H:164 F:29
				87F0C5 88          DEY                    A:20FF X:00D4 Y:000C S:012A D:1628 DB:86 nvmxdizc V:254 H:167 F:29
				87F0C6 D0 EF       BNE $00EF     [87F0B7] A:20FF X:00D4 Y:000B S:012A D:1628 DB:86 nvmxdizc V:254 H:170 F:29
				87F0B7 3A          DEC                    A:20FF X:00D4 Y:000B S:012A D:1628 DB:86 nvmxdizc V:254 H:175 F:29
				87F0B8 9F 00 E0 7F STA $7FE000,X [7FE0D4] A:20FE X:00D4 Y:000B S:012A D:1628 DB:86 nvmxdizc V:254 H:178 F:29
				87F0BC E8          INX                    A:20FE X:00D4 Y:000B S:012A D:1628 DB:86 nvmxdizc V:254 H:188 F:29
				87F0BD E8          INX                    A:20FE X:00D5 Y:000B S:012A D:1628 DB:86 nvmxdizc V:254 H:191 F:29
				87F0BE 1A          INC                    A:20FE X:00D6 Y:000B S:012A D:1628 DB:86 nvmxdizc V:254 H:194 F:29
				87F0BF 9F 00 E0 7F STA $7FE000,X [7FE0D6] A:20FF X:00D6 Y:000B S:012A D:1628 DB:86 nvmxdizc V:254 H:197 F:29
				87F0C3 E8          INX                    A:20FF X:00D6 Y:000B S:012A D:1628 DB:86 nvmxdizc V:254 H:207 F:29
				87F0C4 E8          INX                    A:20FF X:00D7 Y:000B S:012A D:1628 DB:86 nvmxdizc V:254 H:210 F:29
				87F0C5 88          DEY                    A:20FF X:00D8 Y:000B S:012A D:1628 DB:86 nvmxdizc V:254 H:213 F:29
				87F0C6 D0 EF       BNE $00EF     [87F0B7] A:20FF X:00D8 Y:000A S:012A D:1628 DB:86 nvmxdizc V:254 H:216 F:29
				87F0B7 3A          DEC                    A:20FF X:00D8 Y:000A S:012A D:1628 DB:86 nvmxdizc V:254 H:220 F:29
				87F0B8 9F 00 E0 7F STA $7FE000,X [7FE0D8] A:20FE X:00D8 Y:000A S:012A D:1628 DB:86 nvmxdizc V:254 H:223 F:29
				87F0BC E8          INX                    A:20FE X:00D8 Y:000A S:012A D:1628 DB:86 nvmxdizc V:254 H:233 F:29
				87F0BD E8          INX                    A:20FE X:00D9 Y:000A S:012A D:1628 DB:86 nvmxdizc V:254 H:236 F:29
				87F0BE 1A          INC                    A:20FE X:00DA Y:000A S:012A D:1628 DB:86 nvmxdizc V:254 H:239 F:29
				87F0BF 9F 00 E0 7F STA $7FE000,X [7FE0DA] A:20FF X:00DA Y:000A S:012A D:1628 DB:86 nvmxdizc V:254 H:242 F:29
				87F0C3 E8          INX                    A:20FF X:00DA Y:000A S:012A D:1628 DB:86 nvmxdizc V:254 H:252 F:29
				87F0C4 E8          INX                    A:20FF X:00DB Y:000A S:012A D:1628 DB:86 nvmxdizc V:254 H:255 F:29
				87F0C5 88          DEY                    A:20FF X:00DC Y:000A S:012A D:1628 DB:86 nvmxdizc V:254 H:258 F:29
				87F0C6 D0 EF       BNE $00EF     [87F0B7] A:20FF X:00DC Y:0009 S:012A D:1628 DB:86 nvmxdizc V:254 H:261 F:29
				87F0B7 3A          DEC                    A:20FF X:00DC Y:0009 S:012A D:1628 DB:86 nvmxdizc V:254 H:266 F:29
				87F0B8 9F 00 E0 7F STA $7FE000,X [7FE0DC] A:20FE X:00DC Y:0009 S:012A D:1628 DB:86 nvmxdizc V:254 H:269 F:29
				87F0BC E8          INX                    A:20FE X:00DC Y:0009 S:012A D:1628 DB:86 nvmxdizc V:254 H:279 F:29
				87F0BD E8          INX                    A:20FE X:00DD Y:0009 S:012A D:1628 DB:86 nvmxdizc V:254 H:282 F:29
				87F0BE 1A          INC                    A:20FE X:00DE Y:0009 S:012A D:1628 DB:86 nvmxdizc V:254 H:285 F:29
				87F0BF 9F 00 E0 7F STA $7FE000,X [7FE0DE] A:20FF X:00DE Y:0009 S:012A D:1628 DB:86 nvmxdizc V:254 H:288 F:29
				87F0C3 E8          INX                    A:20FF X:00DE Y:0009 S:012A D:1628 DB:86 nvmxdizc V:254 H:298 F:29
				87F0C4 E8          INX                    A:20FF X:00DF Y:0009 S:012A D:1628 DB:86 nvmxdizc V:254 H:301 F:29
				87F0C5 88          DEY                    A:20FF X:00E0 Y:0009 S:012A D:1628 DB:86 nvmxdizc V:254 H:304 F:29
				87F0C6 D0 EF       BNE $00EF     [87F0B7] A:20FF X:00E0 Y:0008 S:012A D:1628 DB:86 nvmxdizc V:254 H:307 F:29
				87F0B7 3A          DEC                    A:20FF X:00E0 Y:0008 S:012A D:1628 DB:86 nvmxdizc V:254 H:311 F:29
				87F0B8 9F 00 E0 7F STA $7FE000,X [7FE0E0] A:20FE X:00E0 Y:0008 S:012A D:1628 DB:86 nvmxdizc V:254 H:314 F:29
				87F0BC E8          INX                    A:20FE X:00E0 Y:0008 S:012A D:1628 DB:86 nvmxdizc V:254 H:324 F:29
				87F0BD E8          INX                    A:20FE X:00E1 Y:0008 S:012A D:1628 DB:86 nvmxdizc V:254 H:327 F:29
				87F0BE 1A          INC                    A:20FE X:00E2 Y:0008 S:012A D:1628 DB:86 nvmxdizc V:254 H:329 F:29
				87F0BF 9F 00 E0 7F STA $7FE000,X [7FE0E2] A:20FF X:00E2 Y:0008 S:012A D:1628 DB:86 nvmxdizc V:254 H:332 F:29
				87F0C3 E8          INX                    A:20FF X:00E2 Y:0008 S:012A D:1628 DB:86 nvmxdizc V:255 H:  2 F:29
				87F0C4 E8          INX                    A:20FF X:00E3 Y:0008 S:012A D:1628 DB:86 nvmxdizc V:255 H:  5 F:29
				87F0C5 88          DEY                    A:20FF X:00E4 Y:0008 S:012A D:1628 DB:86 nvmxdizc V:255 H:  8 F:29
				87F0C6 D0 EF       BNE $00EF     [87F0B7] A:20FF X:00E4 Y:0007 S:012A D:1628 DB:86 nvmxdizc V:255 H: 11 F:29
				87F0B7 3A          DEC                    A:20FF X:00E4 Y:0007 S:012A D:1628 DB:86 nvmxdizc V:255 H: 16 F:29
				87F0B8 9F 00 E0 7F STA $7FE000,X [7FE0E4] A:20FE X:00E4 Y:0007 S:012A D:1628 DB:86 nvmxdizc V:255 H: 19 F:29
				87F0BC E8          INX                    A:20FE X:00E4 Y:0007 S:012A D:1628 DB:86 nvmxdizc V:255 H: 29 F:29
				87F0BD E8          INX                    A:20FE X:00E5 Y:0007 S:012A D:1628 DB:86 nvmxdizc V:255 H: 32 F:29
				87F0BE 1A          INC                    A:20FE X:00E6 Y:0007 S:012A D:1628 DB:86 nvmxdizc V:255 H: 35 F:29
				87F0BF 9F 00 E0 7F STA $7FE000,X [7FE0E6] A:20FF X:00E6 Y:0007 S:012A D:1628 DB:86 nvmxdizc V:255 H: 38 F:29
				87F0C3 E8          INX                    A:20FF X:00E6 Y:0007 S:012A D:1628 DB:86 nvmxdizc V:255 H: 48 F:29
				87F0C4 E8          INX                    A:20FF X:00E7 Y:0007 S:012A D:1628 DB:86 nvmxdizc V:255 H: 51 F:29
				87F0C5 88          DEY                    A:20FF X:00E8 Y:0007 S:012A D:1628 DB:86 nvmxdizc V:255 H: 54 F:29
				87F0C6 D0 EF       BNE $00EF     [87F0B7] A:20FF X:00E8 Y:0006 S:012A D:1628 DB:86 nvmxdizc V:255 H: 57 F:29
				87F0B7 3A          DEC                    A:20FF X:00E8 Y:0006 S:012A D:1628 DB:86 nvmxdizc V:255 H: 61 F:29
				87F0B8 9F 00 E0 7F STA $7FE000,X [7FE0E8] A:20FE X:00E8 Y:0006 S:012A D:1628 DB:86 nvmxdizc V:255 H: 64 F:29
				87F0BC E8          INX                    A:20FE X:00E8 Y:0006 S:012A D:1628 DB:86 nvmxdizc V:255 H: 74 F:29
				87F0BD E8          INX                    A:20FE X:00E9 Y:0006 S:012A D:1628 DB:86 nvmxdizc V:255 H: 77 F:29
				87F0BE 1A          INC                    A:20FE X:00EA Y:0006 S:012A D:1628 DB:86 nvmxdizc V:255 H: 80 F:29
				87F0BF 9F 00 E0 7F STA $7FE000,X [7FE0EA] A:20FF X:00EA Y:0006 S:012A D:1628 DB:86 nvmxdizc V:255 H: 83 F:29
				87F0C3 E8          INX                    A:20FF X:00EA Y:0006 S:012A D:1628 DB:86 nvmxdizc V:255 H: 93 F:29
				87F0C4 E8          INX                    A:20FF X:00EB Y:0006 S:012A D:1628 DB:86 nvmxdizc V:255 H: 96 F:29
				87F0C5 88          DEY                    A:20FF X:00EC Y:0006 S:012A D:1628 DB:86 nvmxdizc V:255 H: 99 F:29
				87F0C6 D0 EF       BNE $00EF     [87F0B7] A:20FF X:00EC Y:0005 S:012A D:1628 DB:86 nvmxdizc V:255 H:102 F:29
				87F0B7 3A          DEC                    A:20FF X:00EC Y:0005 S:012A D:1628 DB:86 nvmxdizc V:255 H:107 F:29
				87F0B8 9F 00 E0 7F STA $7FE000,X [7FE0EC] A:20FE X:00EC Y:0005 S:012A D:1628 DB:86 nvmxdizc V:255 H:110 F:29
				87F0BC E8          INX                    A:20FE X:00EC Y:0005 S:012A D:1628 DB:86 nvmxdizc V:255 H:120 F:29
				87F0BD E8          INX                    A:20FE X:00ED Y:0005 S:012A D:1628 DB:86 nvmxdizc V:255 H:123 F:29
				87F0BE 1A          INC                    A:20FE X:00EE Y:0005 S:012A D:1628 DB:86 nvmxdizc V:255 H:126 F:29
				87F0BF 9F 00 E0 7F STA $7FE000,X [7FE0EE] A:20FF X:00EE Y:0005 S:012A D:1628 DB:86 nvmxdizc V:255 H:129 F:29
				87F0C3 E8          INX                    A:20FF X:00EE Y:0005 S:012A D:1628 DB:86 nvmxdizc V:255 H:149 F:29
				87F0C4 E8          INX                    A:20FF X:00EF Y:0005 S:012A D:1628 DB:86 nvmxdizc V:255 H:152 F:29
				87F0C5 88          DEY                    A:20FF X:00F0 Y:0005 S:012A D:1628 DB:86 nvmxdizc V:255 H:155 F:29
				87F0C6 D0 EF       BNE $00EF     [87F0B7] A:20FF X:00F0 Y:0004 S:012A D:1628 DB:86 nvmxdizc V:255 H:158 F:29
				87F0B7 3A          DEC                    A:20FF X:00F0 Y:0004 S:012A D:1628 DB:86 nvmxdizc V:255 H:162 F:29
				87F0B8 9F 00 E0 7F STA $7FE000,X [7FE0F0] A:20FE X:00F0 Y:0004 S:012A D:1628 DB:86 nvmxdizc V:255 H:165 F:29
				87F0BC E8          INX                    A:20FE X:00F0 Y:0004 S:012A D:1628 DB:86 nvmxdizc V:255 H:175 F:29
				87F0BD E8          INX                    A:20FE X:00F1 Y:0004 S:012A D:1628 DB:86 nvmxdizc V:255 H:178 F:29
				87F0BE 1A          INC                    A:20FE X:00F2 Y:0004 S:012A D:1628 DB:86 nvmxdizc V:255 H:181 F:29
				87F0BF 9F 00 E0 7F STA $7FE000,X [7FE0F2] A:20FF X:00F2 Y:0004 S:012A D:1628 DB:86 nvmxdizc V:255 H:184 F:29
				87F0C3 E8          INX                    A:20FF X:00F2 Y:0004 S:012A D:1628 DB:86 nvmxdizc V:255 H:194 F:29
				87F0C4 E8          INX                    A:20FF X:00F3 Y:0004 S:012A D:1628 DB:86 nvmxdizc V:255 H:197 F:29
				87F0C5 88          DEY                    A:20FF X:00F4 Y:0004 S:012A D:1628 DB:86 nvmxdizc V:255 H:200 F:29
				87F0C6 D0 EF       BNE $00EF     [87F0B7] A:20FF X:00F4 Y:0003 S:012A D:1628 DB:86 nvmxdizc V:255 H:203 F:29
				87F0B7 3A          DEC                    A:20FF X:00F4 Y:0003 S:012A D:1628 DB:86 nvmxdizc V:255 H:208 F:29
				87F0B8 9F 00 E0 7F STA $7FE000,X [7FE0F4] A:20FE X:00F4 Y:0003 S:012A D:1628 DB:86 nvmxdizc V:255 H:211 F:29
				87F0BC E8          INX                    A:20FE X:00F4 Y:0003 S:012A D:1628 DB:86 nvmxdizc V:255 H:221 F:29
				87F0BD E8          INX                    A:20FE X:00F5 Y:0003 S:012A D:1628 DB:86 nvmxdizc V:255 H:224 F:29
				87F0BE 1A          INC                    A:20FE X:00F6 Y:0003 S:012A D:1628 DB:86 nvmxdizc V:255 H:227 F:29
				87F0BF 9F 00 E0 7F STA $7FE000,X [7FE0F6] A:20FF X:00F6 Y:0003 S:012A D:1628 DB:86 nvmxdizc V:255 H:230 F:29
				87F0C3 E8          INX                    A:20FF X:00F6 Y:0003 S:012A D:1628 DB:86 nvmxdizc V:255 H:240 F:29
				87F0C4 E8          INX                    A:20FF X:00F7 Y:0003 S:012A D:1628 DB:86 nvmxdizc V:255 H:243 F:29
				87F0C5 88          DEY                    A:20FF X:00F8 Y:0003 S:012A D:1628 DB:86 nvmxdizc V:255 H:246 F:29
				87F0C6 D0 EF       BNE $00EF     [87F0B7] A:20FF X:00F8 Y:0002 S:012A D:1628 DB:86 nvmxdizc V:255 H:249 F:29
				87F0B7 3A          DEC                    A:20FF X:00F8 Y:0002 S:012A D:1628 DB:86 nvmxdizc V:255 H:253 F:29
				87F0B8 9F 00 E0 7F STA $7FE000,X [7FE0F8] A:20FE X:00F8 Y:0002 S:012A D:1628 DB:86 nvmxdizc V:255 H:256 F:29
				87F0BC E8          INX                    A:20FE X:00F8 Y:0002 S:012A D:1628 DB:86 nvmxdizc V:255 H:266 F:29
				87F0BD E8          INX                    A:20FE X:00F9 Y:0002 S:012A D:1628 DB:86 nvmxdizc V:255 H:269 F:29
				87F0BE 1A          INC                    A:20FE X:00FA Y:0002 S:012A D:1628 DB:86 nvmxdizc V:255 H:272 F:29
				87F0BF 9F 00 E0 7F STA $7FE000,X [7FE0FA] A:20FF X:00FA Y:0002 S:012A D:1628 DB:86 nvmxdizc V:255 H:275 F:29
				87F0C3 E8          INX                    A:20FF X:00FA Y:0002 S:012A D:1628 DB:86 nvmxdizc V:255 H:285 F:29
				87F0C4 E8          INX                    A:20FF X:00FB Y:0002 S:012A D:1628 DB:86 nvmxdizc V:255 H:288 F:29
				87F0C5 88          DEY                    A:20FF X:00FC Y:0002 S:012A D:1628 DB:86 nvmxdizc V:255 H:291 F:29
				87F0C6 D0 EF       BNE $00EF     [87F0B7] A:20FF X:00FC Y:0001 S:012A D:1628 DB:86 nvmxdizc V:255 H:294 F:29
				87F0B7 3A          DEC                    A:20FF X:00FC Y:0001 S:012A D:1628 DB:86 nvmxdizc V:255 H:299 F:29
				87F0B8 9F 00 E0 7F STA $7FE000,X [7FE0FC] A:20FE X:00FC Y:0001 S:012A D:1628 DB:86 nvmxdizc V:255 H:302 F:29
				87F0BC E8          INX                    A:20FE X:00FC Y:0001 S:012A D:1628 DB:86 nvmxdizc V:255 H:312 F:29
				87F0BD E8          INX                    A:20FE X:00FD Y:0001 S:012A D:1628 DB:86 nvmxdizc V:255 H:315 F:29
				87F0BE 1A          INC                    A:20FE X:00FE Y:0001 S:012A D:1628 DB:86 nvmxdizc V:255 H:318 F:29
				87F0BF 9F 00 E0 7F STA $7FE000,X [7FE0FE] A:20FF X:00FE Y:0001 S:012A D:1628 DB:86 nvmxdizc V:255 H:321 F:29
				87F0C3 E8          INX                    A:20FF X:00FE Y:0001 S:012A D:1628 DB:86 nvmxdizc V:255 H:330 F:29
				87F0C4 E8          INX                    A:20FF X:00FF Y:0001 S:012A D:1628 DB:86 nvmxdizc V:255 H:333 F:29
				87F0C5 88          DEY                    A:20FF X:0100 Y:0001 S:012A D:1628 DB:86 nvmxdizc V:255 H:336 F:29
				87F0C6 D0 EF       BNE $00EF     [87F0B7] A:20FF X:0100 Y:0000 S:012A D:1628 DB:86 nvmxdiZc V:255 H:339 F:29
				87F0C8 E0 00 08    CPX #$0800             A:20FF X:0100 Y:0000 S:012A D:1628 DB:86 nvmxdiZc V:256 H:  2 F:29
				87F0CB 90 C9       BCC $00C9     [87F096] A:20FF X:0100 Y:0000 S:012A D:1628 DB:86 Nvmxdizc V:256 H:  6 F:29
				87F096 A0 10 00    LDY #$0010             A:20FF X:0100 Y:0000 S:012A D:1628 DB:86 Nvmxdizc V:256 H: 11 F:29
				87F099 A9 FD 20    LDA #$20FD             A:20FF X:0100 Y:0010 S:012A D:1628 DB:86 nvmxdizc V:256 H: 15 F:29
				87F09C 05 1C       ORA $1C       [001644] A:20FD X:0100 Y:0010 S:012A D:1628 DB:86 nvmxdizc V:256 H: 20 F:29
				87F09E 3A          DEC                    A:20FD X:0100 Y:0010 S:012A D:1628 DB:86 nvmxdizc V:256 H: 28 F:29
				87F09F 9F 00 E0 7F STA $7FE000,X [7FE100] A:20FC X:0100 Y:0010 S:012A D:1628 DB:86 nvmxdizc V:256 H: 31 F:29
				87F0A3 E8          INX                    A:20FC X:0100 Y:0010 S:012A D:1628 DB:86 nvmxdizc V:256 H: 41 F:29
				87F0A4 E8          INX                    A:20FC X:0101 Y:0010 S:012A D:1628 DB:86 nvmxdizc V:256 H: 44 F:29
				87F0A5 1A          INC                    A:20FC X:0102 Y:0010 S:012A D:1628 DB:86 nvmxdizc V:256 H: 47 F:29
				87F0A6 9F 00 E0 7F STA $7FE000,X [7FE102] A:20FD X:0102 Y:0010 S:012A D:1628 DB:86 nvmxdizc V:256 H: 50 F:29
				87F0AA E8          INX                    A:20FD X:0102 Y:0010 S:012A D:1628 DB:86 nvmxdizc V:256 H: 60 F:29
				87F0AB E8          INX                    A:20FD X:0103 Y:0010 S:012A D:1628 DB:86 nvmxdizc V:256 H: 63 F:29
				87F0AC 88          DEY                    A:20FD X:0104 Y:0010 S:012A D:1628 DB:86 nvmxdizc V:256 H: 66 F:29
				87F0AD D0 EF       BNE $00EF     [87F09E] A:20FD X:0104 Y:000F S:012A D:1628 DB:86 nvmxdizc V:256 H: 69 F:29
				87F09E 3A          DEC                    A:20FD X:0104 Y:000F S:012A D:1628 DB:86 nvmxdizc V:256 H: 74 F:29
				87F09F 9F 00 E0 7F STA $7FE000,X [7FE104] A:20FC X:0104 Y:000F S:012A D:1628 DB:86 nvmxdizc V:256 H: 77 F:29
				87F0A3 E8          INX                    A:20FC X:0104 Y:000F S:012A D:1628 DB:86 nvmxdizc V:256 H: 87 F:29
				87F0A4 E8          INX                    A:20FC X:0105 Y:000F S:012A D:1628 DB:86 nvmxdizc V:256 H: 90 F:29
				87F0A5 1A          INC                    A:20FC X:0106 Y:000F S:012A D:1628 DB:86 nvmxdizc V:256 H: 93 F:29
				87F0A6 9F 00 E0 7F STA $7FE000,X [7FE106] A:20FD X:0106 Y:000F S:012A D:1628 DB:86 nvmxdizc V:256 H: 96 F:29
				87F0AA E8          INX                    A:20FD X:0106 Y:000F S:012A D:1628 DB:86 nvmxdizc V:256 H:106 F:29
				87F0AB E8          INX                    A:20FD X:0107 Y:000F S:012A D:1628 DB:86 nvmxdizc V:256 H:109 F:29
				87F0AC 88          DEY                    A:20FD X:0108 Y:000F S:012A D:1628 DB:86 nvmxdizc V:256 H:112 F:29
				87F0AD D0 EF       BNE $00EF     [87F09E] A:20FD X:0108 Y:000E S:012A D:1628 DB:86 nvmxdizc V:256 H:115 F:29
				87F09E 3A          DEC                    A:20FD X:0108 Y:000E S:012A D:1628 DB:86 nvmxdizc V:256 H:119 F:29
				87F09F 9F 00 E0 7F STA $7FE000,X [7FE108] A:20FC X:0108 Y:000E S:012A D:1628 DB:86 nvmxdizc V:256 H:122 F:29
				87F0A3 E8          INX                    A:20FC X:0108 Y:000E S:012A D:1628 DB:86 nvmxdizc V:256 H:132 F:29
				87F0A4 E8          INX                    A:20FC X:0109 Y:000E S:012A D:1628 DB:86 nvmxdizc V:256 H:145 F:29
				87F0A5 1A          INC                    A:20FC X:010A Y:000E S:012A D:1628 DB:86 nvmxdizc V:256 H:148 F:29
				87F0A6 9F 00 E0 7F STA $7FE000,X [7FE10A] A:20FD X:010A Y:000E S:012A D:1628 DB:86 nvmxdizc V:256 H:151 F:29
				87F0AA E8          INX                    A:20FD X:010A Y:000E S:012A D:1628 DB:86 nvmxdizc V:256 H:161 F:29
				87F0AB E8          INX                    A:20FD X:010B Y:000E S:012A D:1628 DB:86 nvmxdizc V:256 H:164 F:29
				87F0AC 88          DEY                    A:20FD X:010C Y:000E S:012A D:1628 DB:86 nvmxdizc V:256 H:167 F:29
				87F0AD D0 EF       BNE $00EF     [87F09E] A:20FD X:010C Y:000D S:012A D:1628 DB:86 nvmxdizc V:256 H:170 F:29
				87F09E 3A          DEC                    A:20FD X:010C Y:000D S:012A D:1628 DB:86 nvmxdizc V:256 H:175 F:29
				87F09F 9F 00 E0 7F STA $7FE000,X [7FE10C] A:20FC X:010C Y:000D S:012A D:1628 DB:86 nvmxdizc V:256 H:178 F:29
				87F0A3 E8          INX                    A:20FC X:010C Y:000D S:012A D:1628 DB:86 nvmxdizc V:256 H:188 F:29
				87F0A4 E8          INX                    A:20FC X:010D Y:000D S:012A D:1628 DB:86 nvmxdizc V:256 H:191 F:29
				87F0A5 1A          INC                    A:20FC X:010E Y:000D S:012A D:1628 DB:86 nvmxdizc V:256 H:194 F:29
				87F0A6 9F 00 E0 7F STA $7FE000,X [7FE10E] A:20FD X:010E Y:000D S:012A D:1628 DB:86 nvmxdizc V:256 H:197 F:29
				87F0AA E8          INX                    A:20FD X:010E Y:000D S:012A D:1628 DB:86 nvmxdizc V:256 H:207 F:29
				87F0AB E8          INX                    A:20FD X:010F Y:000D S:012A D:1628 DB:86 nvmxdizc V:256 H:210 F:29
				87F0AC 88          DEY                    A:20FD X:0110 Y:000D S:012A D:1628 DB:86 nvmxdizc V:256 H:213 F:29
				87F0AD D0 EF       BNE $00EF     [87F09E] A:20FD X:0110 Y:000C S:012A D:1628 DB:86 nvmxdizc V:256 H:216 F:29
				87F09E 3A          DEC                    A:20FD X:0110 Y:000C S:012A D:1628 DB:86 nvmxdizc V:256 H:220 F:29
				87F09F 9F 00 E0 7F STA $7FE000,X [7FE110] A:20FC X:0110 Y:000C S:012A D:1628 DB:86 nvmxdizc V:256 H:223 F:29
				87F0A3 E8          INX                    A:20FC X:0110 Y:000C S:012A D:1628 DB:86 nvmxdizc V:256 H:233 F:29
				87F0A4 E8          INX                    A:20FC X:0111 Y:000C S:012A D:1628 DB:86 nvmxdizc V:256 H:236 F:29
				87F0A5 1A          INC                    A:20FC X:0112 Y:000C S:012A D:1628 DB:86 nvmxdizc V:256 H:239 F:29
				87F0A6 9F 00 E0 7F STA $7FE000,X [7FE112] A:20FD X:0112 Y:000C S:012A D:1628 DB:86 nvmxdizc V:256 H:242 F:29
				87F0AA E8          INX                    A:20FD X:0112 Y:000C S:012A D:1628 DB:86 nvmxdizc V:256 H:252 F:29
				87F0AB E8          INX                    A:20FD X:0113 Y:000C S:012A D:1628 DB:86 nvmxdizc V:256 H:255 F:29
				87F0AC 88          DEY                    A:20FD X:0114 Y:000C S:012A D:1628 DB:86 nvmxdizc V:256 H:258 F:29
				87F0AD D0 EF       BNE $00EF     [87F09E] A:20FD X:0114 Y:000B S:012A D:1628 DB:86 nvmxdizc V:256 H:261 F:29
				87F09E 3A          DEC                    A:20FD X:0114 Y:000B S:012A D:1628 DB:86 nvmxdizc V:256 H:266 F:29
				87F09F 9F 00 E0 7F STA $7FE000,X [7FE114] A:20FC X:0114 Y:000B S:012A D:1628 DB:86 nvmxdizc V:256 H:269 F:29
				87F0A3 E8          INX                    A:20FC X:0114 Y:000B S:012A D:1628 DB:86 nvmxdizc V:256 H:279 F:29
				87F0A4 E8          INX                    A:20FC X:0115 Y:000B S:012A D:1628 DB:86 nvmxdizc V:256 H:282 F:29
				87F0A5 1A          INC                    A:20FC X:0116 Y:000B S:012A D:1628 DB:86 nvmxdizc V:256 H:285 F:29
				87F0A6 9F 00 E0 7F STA $7FE000,X [7FE116] A:20FD X:0116 Y:000B S:012A D:1628 DB:86 nvmxdizc V:256 H:288 F:29
				87F0AA E8          INX                    A:20FD X:0116 Y:000B S:012A D:1628 DB:86 nvmxdizc V:256 H:298 F:29
				87F0AB E8          INX                    A:20FD X:0117 Y:000B S:012A D:1628 DB:86 nvmxdizc V:256 H:301 F:29
				87F0AC 88          DEY                    A:20FD X:0118 Y:000B S:012A D:1628 DB:86 nvmxdizc V:256 H:304 F:29
				87F0AD D0 EF       BNE $00EF     [87F09E] A:20FD X:0118 Y:000A S:012A D:1628 DB:86 nvmxdizc V:256 H:307 F:29
				87F09E 3A          DEC                    A:20FD X:0118 Y:000A S:012A D:1628 DB:86 nvmxdizc V:256 H:311 F:29
				87F09F 9F 00 E0 7F STA $7FE000,X [7FE118] A:20FC X:0118 Y:000A S:012A D:1628 DB:86 nvmxdizc V:256 H:314 F:29
				87F0A3 E8          INX                    A:20FC X:0118 Y:000A S:012A D:1628 DB:86 nvmxdizc V:256 H:324 F:29
				87F0A4 E8          INX                    A:20FC X:0119 Y:000A S:012A D:1628 DB:86 nvmxdizc V:256 H:327 F:29
				87F0A5 1A          INC                    A:20FC X:011A Y:000A S:012A D:1628 DB:86 nvmxdizc V:256 H:329 F:29
				87F0A6 9F 00 E0 7F STA $7FE000,X [7FE11A] A:20FD X:011A Y:000A S:012A D:1628 DB:86 nvmxdizc V:256 H:332 F:29
				87F0AA E8          INX                    A:20FD X:011A Y:000A S:012A D:1628 DB:86 nvmxdizc V:257 H:  2 F:29
				87F0AB E8          INX                    A:20FD X:011B Y:000A S:012A D:1628 DB:86 nvmxdizc V:257 H:  5 F:29
				87F0AC 88          DEY                    A:20FD X:011C Y:000A S:012A D:1628 DB:86 nvmxdizc V:257 H:  8 F:29
				87F0AD D0 EF       BNE $00EF     [87F09E] A:20FD X:011C Y:0009 S:012A D:1628 DB:86 nvmxdizc V:257 H: 11 F:29
				87F09E 3A          DEC                    A:20FD X:011C Y:0009 S:012A D:1628 DB:86 nvmxdizc V:257 H: 16 F:29
				87F09F 9F 00 E0 7F STA $7FE000,X [7FE11C] A:20FC X:011C Y:0009 S:012A D:1628 DB:86 nvmxdizc V:257 H: 19 F:29
				87F0A3 E8          INX                    A:20FC X:011C Y:0009 S:012A D:1628 DB:86 nvmxdizc V:257 H: 29 F:29
				87F0A4 E8          INX                    A:20FC X:011D Y:0009 S:012A D:1628 DB:86 nvmxdizc V:257 H: 32 F:29
				87F0A5 1A          INC                    A:20FC X:011E Y:0009 S:012A D:1628 DB:86 nvmxdizc V:257 H: 35 F:29
				87F0A6 9F 00 E0 7F STA $7FE000,X [7FE11E] A:20FD X:011E Y:0009 S:012A D:1628 DB:86 nvmxdizc V:257 H: 38 F:29
				87F0AA E8          INX                    A:20FD X:011E Y:0009 S:012A D:1628 DB:86 nvmxdizc V:257 H: 48 F:29
				87F0AB E8          INX                    A:20FD X:011F Y:0009 S:012A D:1628 DB:86 nvmxdizc V:257 H: 51 F:29
				87F0AC 88          DEY                    A:20FD X:0120 Y:0009 S:012A D:1628 DB:86 nvmxdizc V:257 H: 54 F:29
				87F0AD D0 EF       BNE $00EF     [87F09E] A:20FD X:0120 Y:0008 S:012A D:1628 DB:86 nvmxdizc V:257 H: 57 F:29
				87F09E 3A          DEC                    A:20FD X:0120 Y:0008 S:012A D:1628 DB:86 nvmxdizc V:257 H: 61 F:29
				87F09F 9F 00 E0 7F STA $7FE000,X [7FE120] A:20FC X:0120 Y:0008 S:012A D:1628 DB:86 nvmxdizc V:257 H: 64 F:29
				87F0A3 E8          INX                    A:20FC X:0120 Y:0008 S:012A D:1628 DB:86 nvmxdizc V:257 H: 74 F:29
				87F0A4 E8          INX                    A:20FC X:0121 Y:0008 S:012A D:1628 DB:86 nvmxdizc V:257 H: 77 F:29
				87F0A5 1A          INC                    A:20FC X:0122 Y:0008 S:012A D:1628 DB:86 nvmxdizc V:257 H: 80 F:29
				87F0A6 9F 00 E0 7F STA $7FE000,X [7FE122] A:20FD X:0122 Y:0008 S:012A D:1628 DB:86 nvmxdizc V:257 H: 83 F:29
				87F0AA E8          INX                    A:20FD X:0122 Y:0008 S:012A D:1628 DB:86 nvmxdizc V:257 H: 93 F:29
				87F0AB E8          INX                    A:20FD X:0123 Y:0008 S:012A D:1628 DB:86 nvmxdizc V:257 H: 96 F:29
				87F0AC 88          DEY                    A:20FD X:0124 Y:0008 S:012A D:1628 DB:86 nvmxdizc V:257 H: 99 F:29
				87F0AD D0 EF       BNE $00EF     [87F09E] A:20FD X:0124 Y:0007 S:012A D:1628 DB:86 nvmxdizc V:257 H:102 F:29
				87F09E 3A          DEC                    A:20FD X:0124 Y:0007 S:012A D:1628 DB:86 nvmxdizc V:257 H:107 F:29
				87F09F 9F 00 E0 7F STA $7FE000,X [7FE124] A:20FC X:0124 Y:0007 S:012A D:1628 DB:86 nvmxdizc V:257 H:110 F:29
				87F0A3 E8          INX                    A:20FC X:0124 Y:0007 S:012A D:1628 DB:86 nvmxdizc V:257 H:120 F:29
				87F0A4 E8          INX                    A:20FC X:0125 Y:0007 S:012A D:1628 DB:86 nvmxdizc V:257 H:123 F:29
				87F0A5 1A          INC                    A:20FC X:0126 Y:0007 S:012A D:1628 DB:86 nvmxdizc V:257 H:126 F:29
				87F0A6 9F 00 E0 7F STA $7FE000,X [7FE126] A:20FD X:0126 Y:0007 S:012A D:1628 DB:86 nvmxdizc V:257 H:129 F:29
				87F0AA E8          INX                    A:20FD X:0126 Y:0007 S:012A D:1628 DB:86 nvmxdizc V:257 H:149 F:29
				87F0AB E8          INX                    A:20FD X:0127 Y:0007 S:012A D:1628 DB:86 nvmxdizc V:257 H:152 F:29
				87F0AC 88          DEY                    A:20FD X:0128 Y:0007 S:012A D:1628 DB:86 nvmxdizc V:257 H:155 F:29
				87F0AD D0 EF       BNE $00EF     [87F09E] A:20FD X:0128 Y:0006 S:012A D:1628 DB:86 nvmxdizc V:257 H:158 F:29
				87F09E 3A          DEC                    A:20FD X:0128 Y:0006 S:012A D:1628 DB:86 nvmxdizc V:257 H:162 F:29
				87F09F 9F 00 E0 7F STA $7FE000,X [7FE128] A:20FC X:0128 Y:0006 S:012A D:1628 DB:86 nvmxdizc V:257 H:165 F:29
				87F0A3 E8          INX                    A:20FC X:0128 Y:0006 S:012A D:1628 DB:86 nvmxdizc V:257 H:175 F:29
				87F0A4 E8          INX                    A:20FC X:0129 Y:0006 S:012A D:1628 DB:86 nvmxdizc V:257 H:178 F:29
				87F0A5 1A          INC                    A:20FC X:012A Y:0006 S:012A D:1628 DB:86 nvmxdizc V:257 H:181 F:29
				87F0A6 9F 00 E0 7F STA $7FE000,X [7FE12A] A:20FD X:012A Y:0006 S:012A D:1628 DB:86 nvmxdizc V:257 H:184 F:29
				87F0AA E8          INX                    A:20FD X:012A Y:0006 S:012A D:1628 DB:86 nvmxdizc V:257 H:194 F:29
				87F0AB E8          INX                    A:20FD X:012B Y:0006 S:012A D:1628 DB:86 nvmxdizc V:257 H:197 F:29
				87F0AC 88          DEY                    A:20FD X:012C Y:0006 S:012A D:1628 DB:86 nvmxdizc V:257 H:200 F:29
				87F0AD D0 EF       BNE $00EF     [87F09E] A:20FD X:012C Y:0005 S:012A D:1628 DB:86 nvmxdizc V:257 H:203 F:29
				87F09E 3A          DEC                    A:20FD X:012C Y:0005 S:012A D:1628 DB:86 nvmxdizc V:257 H:208 F:29
				87F09F 9F 00 E0 7F STA $7FE000,X [7FE12C] A:20FC X:012C Y:0005 S:012A D:1628 DB:86 nvmxdizc V:257 H:211 F:29
				87F0A3 E8          INX                    A:20FC X:012C Y:0005 S:012A D:1628 DB:86 nvmxdizc V:257 H:221 F:29
				87F0A4 E8          INX                    A:20FC X:012D Y:0005 S:012A D:1628 DB:86 nvmxdizc V:257 H:224 F:29
				87F0A5 1A          INC                    A:20FC X:012E Y:0005 S:012A D:1628 DB:86 nvmxdizc V:257 H:227 F:29
				87F0A6 9F 00 E0 7F STA $7FE000,X [7FE12E] A:20FD X:012E Y:0005 S:012A D:1628 DB:86 nvmxdizc V:257 H:230 F:29
				87F0AA E8          INX                    A:20FD X:012E Y:0005 S:012A D:1628 DB:86 nvmxdizc V:257 H:240 F:29
				87F0AB E8          INX                    A:20FD X:012F Y:0005 S:012A D:1628 DB:86 nvmxdizc V:257 H:243 F:29
				87F0AC 88          DEY                    A:20FD X:0130 Y:0005 S:012A D:1628 DB:86 nvmxdizc V:257 H:246 F:29
				87F0AD D0 EF       BNE $00EF     [87F09E] A:20FD X:0130 Y:0004 S:012A D:1628 DB:86 nvmxdizc V:257 H:249 F:29
				87F09E 3A          DEC                    A:20FD X:0130 Y:0004 S:012A D:1628 DB:86 nvmxdizc V:257 H:253 F:29
				87F09F 9F 00 E0 7F STA $7FE000,X [7FE130] A:20FC X:0130 Y:0004 S:012A D:1628 DB:86 nvmxdizc V:257 H:256 F:29
				87F0A3 E8          INX                    A:20FC X:0130 Y:0004 S:012A D:1628 DB:86 nvmxdizc V:257 H:266 F:29
				87F0A4 E8          INX                    A:20FC X:0131 Y:0004 S:012A D:1628 DB:86 nvmxdizc V:257 H:269 F:29
				87F0A5 1A          INC                    A:20FC X:0132 Y:0004 S:012A D:1628 DB:86 nvmxdizc V:257 H:272 F:29
				87F0A6 9F 00 E0 7F STA $7FE000,X [7FE132] A:20FD X:0132 Y:0004 S:012A D:1628 DB:86 nvmxdizc V:257 H:275 F:29
				87F0AA E8          INX                    A:20FD X:0132 Y:0004 S:012A D:1628 DB:86 nvmxdizc V:257 H:285 F:29
				87F0AB E8          INX                    A:20FD X:0133 Y:0004 S:012A D:1628 DB:86 nvmxdizc V:257 H:288 F:29
				87F0AC 88          DEY                    A:20FD X:0134 Y:0004 S:012A D:1628 DB:86 nvmxdizc V:257 H:291 F:29
				87F0AD D0 EF       BNE $00EF     [87F09E] A:20FD X:0134 Y:0003 S:012A D:1628 DB:86 nvmxdizc V:257 H:294 F:29
				87F09E 3A          DEC                    A:20FD X:0134 Y:0003 S:012A D:1628 DB:86 nvmxdizc V:257 H:299 F:29
				87F09F 9F 00 E0 7F STA $7FE000,X [7FE134] A:20FC X:0134 Y:0003 S:012A D:1628 DB:86 nvmxdizc V:257 H:302 F:29
				87F0A3 E8          INX                    A:20FC X:0134 Y:0003 S:012A D:1628 DB:86 nvmxdizc V:257 H:312 F:29
				87F0A4 E8          INX                    A:20FC X:0135 Y:0003 S:012A D:1628 DB:86 nvmxdizc V:257 H:315 F:29
				87F0A5 1A          INC                    A:20FC X:0136 Y:0003 S:012A D:1628 DB:86 nvmxdizc V:257 H:318 F:29
				87F0A6 9F 00 E0 7F STA $7FE000,X [7FE136] A:20FD X:0136 Y:0003 S:012A D:1628 DB:86 nvmxdizc V:257 H:321 F:29
				87F0AA E8          INX                    A:20FD X:0136 Y:0003 S:012A D:1628 DB:86 nvmxdizc V:257 H:330 F:29
				87F0AB E8          INX                    A:20FD X:0137 Y:0003 S:012A D:1628 DB:86 nvmxdizc V:257 H:333 F:29
				87F0AC 88          DEY                    A:20FD X:0138 Y:0003 S:012A D:1628 DB:86 nvmxdizc V:257 H:336 F:29
				87F0AD D0 EF       BNE $00EF     [87F09E] A:20FD X:0138 Y:0002 S:012A D:1628 DB:86 nvmxdizc V:257 H:339 F:29
				87F09E 3A          DEC                    A:20FD X:0138 Y:0002 S:012A D:1628 DB:86 nvmxdizc V:258 H:  3 F:29
				87F09F 9F 00 E0 7F STA $7FE000,X [7FE138] A:20FC X:0138 Y:0002 S:012A D:1628 DB:86 nvmxdizc V:258 H:  6 F:29
				87F0A3 E8          INX                    A:20FC X:0138 Y:0002 S:012A D:1628 DB:86 nvmxdizc V:258 H: 16 F:29
				87F0A4 E8          INX                    A:20FC X:0139 Y:0002 S:012A D:1628 DB:86 nvmxdizc V:258 H: 19 F:29
				87F0A5 1A          INC                    A:20FC X:013A Y:0002 S:012A D:1628 DB:86 nvmxdizc V:258 H: 22 F:29
				87F0A6 9F 00 E0 7F STA $7FE000,X [7FE13A] A:20FD X:013A Y:0002 S:012A D:1628 DB:86 nvmxdizc V:258 H: 25 F:29
				87F0AA E8          INX                    A:20FD X:013A Y:0002 S:012A D:1628 DB:86 nvmxdizc V:258 H: 35 F:29
				87F0AB E8          INX                    A:20FD X:013B Y:0002 S:012A D:1628 DB:86 nvmxdizc V:258 H: 38 F:29
				87F0AC 88          DEY                    A:20FD X:013C Y:0002 S:012A D:1628 DB:86 nvmxdizc V:258 H: 41 F:29
				87F0AD D0 EF       BNE $00EF     [87F09E] A:20FD X:013C Y:0001 S:012A D:1628 DB:86 nvmxdizc V:258 H: 44 F:29
				87F09E 3A          DEC                    A:20FD X:013C Y:0001 S:012A D:1628 DB:86 nvmxdizc V:258 H: 49 F:29
				87F09F 9F 00 E0 7F STA $7FE000,X [7FE13C] A:20FC X:013C Y:0001 S:012A D:1628 DB:86 nvmxdizc V:258 H: 52 F:29
				87F0A3 E8          INX                    A:20FC X:013C Y:0001 S:012A D:1628 DB:86 nvmxdizc V:258 H: 62 F:29
				87F0A4 E8          INX                    A:20FC X:013D Y:0001 S:012A D:1628 DB:86 nvmxdizc V:258 H: 65 F:29
				87F0A5 1A          INC                    A:20FC X:013E Y:0001 S:012A D:1628 DB:86 nvmxdizc V:258 H: 68 F:29
				87F0A6 9F 00 E0 7F STA $7FE000,X [7FE13E] A:20FD X:013E Y:0001 S:012A D:1628 DB:86 nvmxdizc V:258 H: 71 F:29
				87F0AA E8          INX                    A:20FD X:013E Y:0001 S:012A D:1628 DB:86 nvmxdizc V:258 H: 81 F:29
				87F0AB E8          INX                    A:20FD X:013F Y:0001 S:012A D:1628 DB:86 nvmxdizc V:258 H: 84 F:29
				87F0AC 88          DEY                    A:20FD X:0140 Y:0001 S:012A D:1628 DB:86 nvmxdizc V:258 H: 87 F:29
				87F0AD D0 EF       BNE $00EF     [87F09E] A:20FD X:0140 Y:0000 S:012A D:1628 DB:86 nvmxdiZc V:258 H: 90 F:29
				87F0AF A0 10 00    LDY #$0010             A:20FD X:0140 Y:0000 S:012A D:1628 DB:86 nvmxdiZc V:258 H: 93 F:29
				87F0B2 A9 FF 20    LDA #$20FF             A:20FD X:0140 Y:0010 S:012A D:1628 DB:86 nvmxdizc V:258 H: 97 F:29
				87F0B5 05 1C       ORA $1C       [001644] A:20FF X:0140 Y:0010 S:012A D:1628 DB:86 nvmxdizc V:258 H:102 F:29
				87F0B7 3A          DEC                    A:20FF X:0140 Y:0010 S:012A D:1628 DB:86 nvmxdizc V:258 H:110 F:29
				87F0B8 9F 00 E0 7F STA $7FE000,X [7FE140] A:20FE X:0140 Y:0010 S:012A D:1628 DB:86 nvmxdizc V:258 H:113 F:29
				87F0BC E8          INX                    A:20FE X:0140 Y:0010 S:012A D:1628 DB:86 nvmxdizc V:258 H:123 F:29
				87F0BD E8          INX                    A:20FE X:0141 Y:0010 S:012A D:1628 DB:86 nvmxdizc V:258 H:126 F:29
				87F0BE 1A          INC                    A:20FE X:0142 Y:0010 S:012A D:1628 DB:86 nvmxdizc V:258 H:129 F:29
				87F0BF 9F 00 E0 7F STA $7FE000,X [7FE142] A:20FF X:0142 Y:0010 S:012A D:1628 DB:86 nvmxdizc V:258 H:132 F:29
				87F0C3 E8          INX                    A:20FF X:0142 Y:0010 S:012A D:1628 DB:86 nvmxdizc V:258 H:152 F:29
				87F0C4 E8          INX                    A:20FF X:0143 Y:0010 S:012A D:1628 DB:86 nvmxdizc V:258 H:155 F:29
				87F0C5 88          DEY                    A:20FF X:0144 Y:0010 S:012A D:1628 DB:86 nvmxdizc V:258 H:158 F:29
				87F0C6 D0 EF       BNE $00EF     [87F0B7] A:20FF X:0144 Y:000F S:012A D:1628 DB:86 nvmxdizc V:258 H:161 F:29
				87F0B7 3A          DEC                    A:20FF X:0144 Y:000F S:012A D:1628 DB:86 nvmxdizc V:258 H:166 F:29
				87F0B8 9F 00 E0 7F STA $7FE000,X [7FE144] A:20FE X:0144 Y:000F S:012A D:1628 DB:86 nvmxdizc V:258 H:169 F:29
				87F0BC E8          INX                    A:20FE X:0144 Y:000F S:012A D:1628 DB:86 nvmxdizc V:258 H:179 F:29
				87F0BD E8          INX                    A:20FE X:0145 Y:000F S:012A D:1628 DB:86 nvmxdizc V:258 H:182 F:29
				87F0BE 1A          INC                    A:20FE X:0146 Y:000F S:012A D:1628 DB:86 nvmxdizc V:258 H:185 F:29
				87F0BF 9F 00 E0 7F STA $7FE000,X [7FE146] A:20FF X:0146 Y:000F S:012A D:1628 DB:86 nvmxdizc V:258 H:188 F:29
				87F0C3 E8          INX                    A:20FF X:0146 Y:000F S:012A D:1628 DB:86 nvmxdizc V:258 H:198 F:29
				87F0C4 E8          INX                    A:20FF X:0147 Y:000F S:012A D:1628 DB:86 nvmxdizc V:258 H:201 F:29
				87F0C5 88          DEY                    A:20FF X:0148 Y:000F S:012A D:1628 DB:86 nvmxdizc V:258 H:204 F:29
				87F0C6 D0 EF       BNE $00EF     [87F0B7] A:20FF X:0148 Y:000E S:012A D:1628 DB:86 nvmxdizc V:258 H:207 F:29
				87F0B7 3A          DEC                    A:20FF X:0148 Y:000E S:012A D:1628 DB:86 nvmxdizc V:258 H:211 F:29
				87F0B8 9F 00 E0 7F STA $7FE000,X [7FE148] A:20FE X:0148 Y:000E S:012A D:1628 DB:86 nvmxdizc V:258 H:214 F:29
				87F0BC E8          INX                    A:20FE X:0148 Y:000E S:012A D:1628 DB:86 nvmxdizc V:258 H:224 F:29
				87F0BD E8          INX                    A:20FE X:0149 Y:000E S:012A D:1628 DB:86 nvmxdizc V:258 H:227 F:29
				87F0BE 1A          INC                    A:20FE X:014A Y:000E S:012A D:1628 DB:86 nvmxdizc V:258 H:230 F:29
				87F0BF 9F 00 E0 7F STA $7FE000,X [7FE14A] A:20FF X:014A Y:000E S:012A D:1628 DB:86 nvmxdizc V:258 H:233 F:29
				87F0C3 E8          INX                    A:20FF X:014A Y:000E S:012A D:1628 DB:86 nvmxdizc V:258 H:243 F:29
				87F0C4 E8          INX                    A:20FF X:014B Y:000E S:012A D:1628 DB:86 nvmxdizc V:258 H:246 F:29
				87F0C5 88          DEY                    A:20FF X:014C Y:000E S:012A D:1628 DB:86 nvmxdizc V:258 H:249 F:29
				87F0C6 D0 EF       BNE $00EF     [87F0B7] A:20FF X:014C Y:000D S:012A D:1628 DB:86 nvmxdizc V:258 H:252 F:29
				87F0B7 3A          DEC                    A:20FF X:014C Y:000D S:012A D:1628 DB:86 nvmxdizc V:258 H:257 F:29
				87F0B8 9F 00 E0 7F STA $7FE000,X [7FE14C] A:20FE X:014C Y:000D S:012A D:1628 DB:86 nvmxdizc V:258 H:260 F:29
				87F0BC E8          INX                    A:20FE X:014C Y:000D S:012A D:1628 DB:86 nvmxdizc V:258 H:270 F:29
				87F0BD E8          INX                    A:20FE X:014D Y:000D S:012A D:1628 DB:86 nvmxdizc V:258 H:273 F:29
				87F0BE 1A          INC                    A:20FE X:014E Y:000D S:012A D:1628 DB:86 nvmxdizc V:258 H:276 F:29
				87F0BF 9F 00 E0 7F STA $7FE000,X [7FE14E] A:20FF X:014E Y:000D S:012A D:1628 DB:86 nvmxdizc V:258 H:279 F:29
				87F0C3 E8          INX                    A:20FF X:014E Y:000D S:012A D:1628 DB:86 nvmxdizc V:258 H:289 F:29
				87F0C4 E8          INX                    A:20FF X:014F Y:000D S:012A D:1628 DB:86 nvmxdizc V:258 H:292 F:29
				87F0C5 88          DEY                    A:20FF X:0150 Y:000D S:012A D:1628 DB:86 nvmxdizc V:258 H:295 F:29
				87F0C6 D0 EF       BNE $00EF     [87F0B7] A:20FF X:0150 Y:000C S:012A D:1628 DB:86 nvmxdizc V:258 H:298 F:29
				87F0B7 3A          DEC                    A:20FF X:0150 Y:000C S:012A D:1628 DB:86 nvmxdizc V:258 H:302 F:29
				87F0B8 9F 00 E0 7F STA $7FE000,X [7FE150] A:20FE X:0150 Y:000C S:012A D:1628 DB:86 nvmxdizc V:258 H:305 F:29
				87F0BC E8          INX                    A:20FE X:0150 Y:000C S:012A D:1628 DB:86 nvmxdizc V:258 H:315 F:29
				87F0BD E8          INX                    A:20FE X:0151 Y:000C S:012A D:1628 DB:86 nvmxdizc V:258 H:318 F:29
				87F0BE 1A          INC                    A:20FE X:0152 Y:000C S:012A D:1628 DB:86 nvmxdizc V:258 H:321 F:29
				87F0BF 9F 00 E0 7F STA $7FE000,X [7FE152] A:20FF X:0152 Y:000C S:012A D:1628 DB:86 nvmxdizc V:258 H:324 F:29
				87F0C3 E8          INX                    A:20FF X:0152 Y:000C S:012A D:1628 DB:86 nvmxdizc V:258 H:333 F:29
				87F0C4 E8          INX                    A:20FF X:0153 Y:000C S:012A D:1628 DB:86 nvmxdizc V:258 H:336 F:29
				87F0C5 88          DEY                    A:20FF X:0154 Y:000C S:012A D:1628 DB:86 nvmxdizc V:258 H:339 F:29
				87F0C6 D0 EF       BNE $00EF     [87F0B7] A:20FF X:0154 Y:000B S:012A D:1628 DB:86 nvmxdizc V:259 H:  2 F:29
				87F0B7 3A          DEC                    A:20FF X:0154 Y:000B S:012A D:1628 DB:86 nvmxdizc V:259 H:  7 F:29
				87F0B8 9F 00 E0 7F STA $7FE000,X [7FE154] A:20FE X:0154 Y:000B S:012A D:1628 DB:86 nvmxdizc V:259 H: 10 F:29
				87F0BC E8          INX                    A:20FE X:0154 Y:000B S:012A D:1628 DB:86 nvmxdizc V:259 H: 20 F:29
				87F0BD E8          INX                    A:20FE X:0155 Y:000B S:012A D:1628 DB:86 nvmxdizc V:259 H: 23 F:29
				87F0BE 1A          INC                    A:20FE X:0156 Y:000B S:012A D:1628 DB:86 nvmxdizc V:259 H: 26 F:29
				87F0BF 9F 00 E0 7F STA $7FE000,X [7FE156] A:20FF X:0156 Y:000B S:012A D:1628 DB:86 nvmxdizc V:259 H: 29 F:29
				87F0C3 E8          INX                    A:20FF X:0156 Y:000B S:012A D:1628 DB:86 nvmxdizc V:259 H: 39 F:29
				87F0C4 E8          INX                    A:20FF X:0157 Y:000B S:012A D:1628 DB:86 nvmxdizc V:259 H: 42 F:29
				87F0C5 88          DEY                    A:20FF X:0158 Y:000B S:012A D:1628 DB:86 nvmxdizc V:259 H: 45 F:29
				87F0C6 D0 EF       BNE $00EF     [87F0B7] A:20FF X:0158 Y:000A S:012A D:1628 DB:86 nvmxdizc V:259 H: 48 F:29
				87F0B7 3A          DEC                    A:20FF X:0158 Y:000A S:012A D:1628 DB:86 nvmxdizc V:259 H: 52 F:29
				87F0B8 9F 00 E0 7F STA $7FE000,X [7FE158] A:20FE X:0158 Y:000A S:012A D:1628 DB:86 nvmxdizc V:259 H: 55 F:29
				87F0BC E8          INX                    A:20FE X:0158 Y:000A S:012A D:1628 DB:86 nvmxdizc V:259 H: 65 F:29
				87F0BD E8          INX                    A:20FE X:0159 Y:000A S:012A D:1628 DB:86 nvmxdizc V:259 H: 68 F:29
				87F0BE 1A          INC                    A:20FE X:015A Y:000A S:012A D:1628 DB:86 nvmxdizc V:259 H: 71 F:29
				87F0BF 9F 00 E0 7F STA $7FE000,X [7FE15A] A:20FF X:015A Y:000A S:012A D:1628 DB:86 nvmxdizc V:259 H: 74 F:29
				87F0C3 E8          INX                    A:20FF X:015A Y:000A S:012A D:1628 DB:86 nvmxdizc V:259 H: 84 F:29
				87F0C4 E8          INX                    A:20FF X:015B Y:000A S:012A D:1628 DB:86 nvmxdizc V:259 H: 87 F:29
				87F0C5 88          DEY                    A:20FF X:015C Y:000A S:012A D:1628 DB:86 nvmxdizc V:259 H: 90 F:29
				87F0C6 D0 EF       BNE $00EF     [87F0B7] A:20FF X:015C Y:0009 S:012A D:1628 DB:86 nvmxdizc V:259 H: 93 F:29
				87F0B7 3A          DEC                    A:20FF X:015C Y:0009 S:012A D:1628 DB:86 nvmxdizc V:259 H: 98 F:29
				87F0B8 9F 00 E0 7F STA $7FE000,X [7FE15C] A:20FE X:015C Y:0009 S:012A D:1628 DB:86 nvmxdizc V:259 H:101 F:29
				87F0BC E8          INX                    A:20FE X:015C Y:0009 S:012A D:1628 DB:86 nvmxdizc V:259 H:111 F:29
				87F0BD E8          INX                    A:20FE X:015D Y:0009 S:012A D:1628 DB:86 nvmxdizc V:259 H:114 F:29
				87F0BE 1A          INC                    A:20FE X:015E Y:0009 S:012A D:1628 DB:86 nvmxdizc V:259 H:117 F:29
				87F0BF 9F 00 E0 7F STA $7FE000,X [7FE15E] A:20FF X:015E Y:0009 S:012A D:1628 DB:86 nvmxdizc V:259 H:120 F:29
				87F0C3 E8          INX                    A:20FF X:015E Y:0009 S:012A D:1628 DB:86 nvmxdizc V:259 H:130 F:29
				87F0C4 E8          INX                    A:20FF X:015F Y:0009 S:012A D:1628 DB:86 nvmxdizc V:259 H:133 F:29
				87F0C5 88          DEY                    A:20FF X:0160 Y:0009 S:012A D:1628 DB:86 nvmxdizc V:259 H:146 F:29
				87F0C6 D0 EF       BNE $00EF     [87F0B7] A:20FF X:0160 Y:0008 S:012A D:1628 DB:86 nvmxdizc V:259 H:149 F:29
				87F0B7 3A          DEC                    A:20FF X:0160 Y:0008 S:012A D:1628 DB:86 nvmxdizc V:259 H:153 F:29
				87F0B8 9F 00 E0 7F STA $7FE000,X [7FE160] A:20FE X:0160 Y:0008 S:012A D:1628 DB:86 nvmxdizc V:259 H:156 F:29
				87F0BC E8          INX                    A:20FE X:0160 Y:0008 S:012A D:1628 DB:86 nvmxdizc V:259 H:166 F:29
				87F0BD E8          INX                    A:20FE X:0161 Y:0008 S:012A D:1628 DB:86 nvmxdizc V:259 H:169 F:29
				87F0BE 1A          INC                    A:20FE X:0162 Y:0008 S:012A D:1628 DB:86 nvmxdizc V:259 H:172 F:29
				87F0BF 9F 00 E0 7F STA $7FE000,X [7FE162] A:20FF X:0162 Y:0008 S:012A D:1628 DB:86 nvmxdizc V:259 H:175 F:29
				87F0C3 E8          INX                    A:20FF X:0162 Y:0008 S:012A D:1628 DB:86 nvmxdizc V:259 H:185 F:29
				87F0C4 E8          INX                    A:20FF X:0163 Y:0008 S:012A D:1628 DB:86 nvmxdizc V:259 H:188 F:29
				87F0C5 88          DEY                    A:20FF X:0164 Y:0008 S:012A D:1628 DB:86 nvmxdizc V:259 H:191 F:29
				87F0C6 D0 EF       BNE $00EF     [87F0B7] A:20FF X:0164 Y:0007 S:012A D:1628 DB:86 nvmxdizc V:259 H:194 F:29
				87F0B7 3A          DEC                    A:20FF X:0164 Y:0007 S:012A D:1628 DB:86 nvmxdizc V:259 H:199 F:29
				87F0B8 9F 00 E0 7F STA $7FE000,X [7FE164] A:20FE X:0164 Y:0007 S:012A D:1628 DB:86 nvmxdizc V:259 H:202 F:29
				87F0BC E8          INX                    A:20FE X:0164 Y:0007 S:012A D:1628 DB:86 nvmxdizc V:259 H:212 F:29
				87F0BD E8          INX                    A:20FE X:0165 Y:0007 S:012A D:1628 DB:86 nvmxdizc V:259 H:215 F:29
				87F0BE 1A          INC                    A:20FE X:0166 Y:0007 S:012A D:1628 DB:86 nvmxdizc V:259 H:218 F:29
				87F0BF 9F 00 E0 7F STA $7FE000,X [7FE166] A:20FF X:0166 Y:0007 S:012A D:1628 DB:86 nvmxdizc V:259 H:221 F:29
				87F0C3 E8          INX                    A:20FF X:0166 Y:0007 S:012A D:1628 DB:86 nvmxdizc V:259 H:231 F:29
				87F0C4 E8          INX                    A:20FF X:0167 Y:0007 S:012A D:1628 DB:86 nvmxdizc V:259 H:234 F:29
				87F0C5 88          DEY                    A:20FF X:0168 Y:0007 S:012A D:1628 DB:86 nvmxdizc V:259 H:237 F:29
				87F0C6 D0 EF       BNE $00EF     [87F0B7] A:20FF X:0168 Y:0006 S:012A D:1628 DB:86 nvmxdizc V:259 H:240 F:29
				87F0B7 3A          DEC                    A:20FF X:0168 Y:0006 S:012A D:1628 DB:86 nvmxdizc V:259 H:244 F:29
				87F0B8 9F 00 E0 7F STA $7FE000,X [7FE168] A:20FE X:0168 Y:0006 S:012A D:1628 DB:86 nvmxdizc V:259 H:247 F:29
				87F0BC E8          INX                    A:20FE X:0168 Y:0006 S:012A D:1628 DB:86 nvmxdizc V:259 H:257 F:29
				87F0BD E8          INX                    A:20FE X:0169 Y:0006 S:012A D:1628 DB:86 nvmxdizc V:259 H:260 F:29
				87F0BE 1A          INC                    A:20FE X:016A Y:0006 S:012A D:1628 DB:86 nvmxdizc V:259 H:263 F:29
				87F0BF 9F 00 E0 7F STA $7FE000,X [7FE16A] A:20FF X:016A Y:0006 S:012A D:1628 DB:86 nvmxdizc V:259 H:266 F:29
				87F0C3 E8          INX                    A:20FF X:016A Y:0006 S:012A D:1628 DB:86 nvmxdizc V:259 H:276 F:29
				87F0C4 E8          INX                    A:20FF X:016B Y:0006 S:012A D:1628 DB:86 nvmxdizc V:259 H:279 F:29
				87F0C5 88          DEY                    A:20FF X:016C Y:0006 S:012A D:1628 DB:86 nvmxdizc V:259 H:282 F:29
				87F0C6 D0 EF       BNE $00EF     [87F0B7] A:20FF X:016C Y:0005 S:012A D:1628 DB:86 nvmxdizc V:259 H:285 F:29
				87F0B7 3A          DEC                    A:20FF X:016C Y:0005 S:012A D:1628 DB:86 nvmxdizc V:259 H:290 F:29
				87F0B8 9F 00 E0 7F STA $7FE000,X [7FE16C] A:20FE X:016C Y:0005 S:012A D:1628 DB:86 nvmxdizc V:259 H:293 F:29
				87F0BC E8          INX                    A:20FE X:016C Y:0005 S:012A D:1628 DB:86 nvmxdizc V:259 H:303 F:29
				87F0BD E8          INX                    A:20FE X:016D Y:0005 S:012A D:1628 DB:86 nvmxdizc V:259 H:306 F:29
				87F0BE 1A          INC                    A:20FE X:016E Y:0005 S:012A D:1628 DB:86 nvmxdizc V:259 H:309 F:29
				87F0BF 9F 00 E0 7F STA $7FE000,X [7FE16E] A:20FF X:016E Y:0005 S:012A D:1628 DB:86 nvmxdizc V:259 H:312 F:29
				87F0C3 E8          INX                    A:20FF X:016E Y:0005 S:012A D:1628 DB:86 nvmxdizc V:259 H:322 F:29
				87F0C4 E8          INX                    A:20FF X:016F Y:0005 S:012A D:1628 DB:86 nvmxdizc V:259 H:324 F:29
				87F0C5 88          DEY                    A:20FF X:0170 Y:0005 S:012A D:1628 DB:86 nvmxdizc V:259 H:327 F:29
				87F0C6 D0 EF       BNE $00EF     [87F0B7] A:20FF X:0170 Y:0004 S:012A D:1628 DB:86 nvmxdizc V:259 H:330 F:29
				87F0B7 3A          DEC                    A:20FF X:0170 Y:0004 S:012A D:1628 DB:86 nvmxdizc V:259 H:334 F:29
				87F0B8 9F 00 E0 7F STA $7FE000,X [7FE170] A:20FE X:0170 Y:0004 S:012A D:1628 DB:86 nvmxdizc V:259 H:337 F:29
				87F0BC E8          INX                    A:20FE X:0170 Y:0004 S:012A D:1628 DB:86 nvmxdizc V:260 H:  7 F:29
				87F0BD E8          INX                    A:20FE X:0171 Y:0004 S:012A D:1628 DB:86 nvmxdizc V:260 H: 10 F:29
				87F0BE 1A          INC                    A:20FE X:0172 Y:0004 S:012A D:1628 DB:86 nvmxdizc V:260 H: 13 F:29
				87F0BF 9F 00 E0 7F STA $7FE000,X [7FE172] A:20FF X:0172 Y:0004 S:012A D:1628 DB:86 nvmxdizc V:260 H: 16 F:29
				87F0C3 E8          INX                    A:20FF X:0172 Y:0004 S:012A D:1628 DB:86 nvmxdizc V:260 H: 26 F:29
				87F0C4 E8          INX                    A:20FF X:0173 Y:0004 S:012A D:1628 DB:86 nvmxdizc V:260 H: 29 F:29
				87F0C5 88          DEY                    A:20FF X:0174 Y:0004 S:012A D:1628 DB:86 nvmxdizc V:260 H: 32 F:29
				87F0C6 D0 EF       BNE $00EF     [87F0B7] A:20FF X:0174 Y:0003 S:012A D:1628 DB:86 nvmxdizc V:260 H: 35 F:29
				87F0B7 3A          DEC                    A:20FF X:0174 Y:0003 S:012A D:1628 DB:86 nvmxdizc V:260 H: 40 F:29
				87F0B8 9F 00 E0 7F STA $7FE000,X [7FE174] A:20FE X:0174 Y:0003 S:012A D:1628 DB:86 nvmxdizc V:260 H: 43 F:29
				87F0BC E8          INX                    A:20FE X:0174 Y:0003 S:012A D:1628 DB:86 nvmxdizc V:260 H: 53 F:29
				87F0BD E8          INX                    A:20FE X:0175 Y:0003 S:012A D:1628 DB:86 nvmxdizc V:260 H: 56 F:29
				87F0BE 1A          INC                    A:20FE X:0176 Y:0003 S:012A D:1628 DB:86 nvmxdizc V:260 H: 59 F:29
				87F0BF 9F 00 E0 7F STA $7FE000,X [7FE176] A:20FF X:0176 Y:0003 S:012A D:1628 DB:86 nvmxdizc V:260 H: 62 F:29
				87F0C3 E8          INX                    A:20FF X:0176 Y:0003 S:012A D:1628 DB:86 nvmxdizc V:260 H: 72 F:29
				87F0C4 E8          INX                    A:20FF X:0177 Y:0003 S:012A D:1628 DB:86 nvmxdizc V:260 H: 75 F:29
				87F0C5 88          DEY                    A:20FF X:0178 Y:0003 S:012A D:1628 DB:86 nvmxdizc V:260 H: 78 F:29
				87F0C6 D0 EF       BNE $00EF     [87F0B7] A:20FF X:0178 Y:0002 S:012A D:1628 DB:86 nvmxdizc V:260 H: 81 F:29
				87F0B7 3A          DEC                    A:20FF X:0178 Y:0002 S:012A D:1628 DB:86 nvmxdizc V:260 H: 85 F:29
				87F0B8 9F 00 E0 7F STA $7FE000,X [7FE178] A:20FE X:0178 Y:0002 S:012A D:1628 DB:86 nvmxdizc V:260 H: 88 F:29
				87F0BC E8          INX                    A:20FE X:0178 Y:0002 S:012A D:1628 DB:86 nvmxdizc V:260 H: 98 F:29
				87F0BD E8          INX                    A:20FE X:0179 Y:0002 S:012A D:1628 DB:86 nvmxdizc V:260 H:101 F:29
				87F0BE 1A          INC                    A:20FE X:017A Y:0002 S:012A D:1628 DB:86 nvmxdizc V:260 H:104 F:29
				87F0BF 9F 00 E0 7F STA $7FE000,X [7FE17A] A:20FF X:017A Y:0002 S:012A D:1628 DB:86 nvmxdizc V:260 H:107 F:29
				87F0C3 E8          INX                    A:20FF X:017A Y:0002 S:012A D:1628 DB:86 nvmxdizc V:260 H:117 F:29
				87F0C4 E8          INX                    A:20FF X:017B Y:0002 S:012A D:1628 DB:86 nvmxdizc V:260 H:120 F:29
				87F0C5 88          DEY                    A:20FF X:017C Y:0002 S:012A D:1628 DB:86 nvmxdizc V:260 H:123 F:29
				87F0C6 D0 EF       BNE $00EF     [87F0B7] A:20FF X:017C Y:0001 S:012A D:1628 DB:86 nvmxdizc V:260 H:126 F:29
				87F0B7 3A          DEC                    A:20FF X:017C Y:0001 S:012A D:1628 DB:86 nvmxdizc V:260 H:131 F:29
				87F0B8 9F 00 E0 7F STA $7FE000,X [7FE17C] A:20FE X:017C Y:0001 S:012A D:1628 DB:86 nvmxdizc V:260 H:144 F:29
				87F0BC E8          INX                    A:20FE X:017C Y:0001 S:012A D:1628 DB:86 nvmxdizc V:260 H:154 F:29
				87F0BD E8          INX                    A:20FE X:017D Y:0001 S:012A D:1628 DB:86 nvmxdizc V:260 H:157 F:29
				87F0BE 1A          INC                    A:20FE X:017E Y:0001 S:012A D:1628 DB:86 nvmxdizc V:260 H:160 F:29
				87F0BF 9F 00 E0 7F STA $7FE000,X [7FE17E] A:20FF X:017E Y:0001 S:012A D:1628 DB:86 nvmxdizc V:260 H:163 F:29
				87F0C3 E8          INX                    A:20FF X:017E Y:0001 S:012A D:1628 DB:86 nvmxdizc V:260 H:173 F:29
				87F0C4 E8          INX                    A:20FF X:017F Y:0001 S:012A D:1628 DB:86 nvmxdizc V:260 H:176 F:29
				87F0C5 88          DEY                    A:20FF X:0180 Y:0001 S:012A D:1628 DB:86 nvmxdizc V:260 H:179 F:29
				87F0C6 D0 EF       BNE $00EF     [87F0B7] A:20FF X:0180 Y:0000 S:012A D:1628 DB:86 nvmxdiZc V:260 H:182 F:29
				87F0C8 E0 00 08    CPX #$0800             A:20FF X:0180 Y:0000 S:012A D:1628 DB:86 nvmxdiZc V:260 H:185 F:29
				87F0CB 90 C9       BCC $00C9     [87F096] A:20FF X:0180 Y:0000 S:012A D:1628 DB:86 Nvmxdizc V:260 H:189 F:29
				87F096 A0 10 00    LDY #$0010             A:20FF X:0180 Y:0000 S:012A D:1628 DB:86 Nvmxdizc V:260 H:194 F:29
				87F099 A9 FD 20    LDA #$20FD             A:20FF X:0180 Y:0010 S:012A D:1628 DB:86 nvmxdizc V:260 H:198 F:29
				87F09C 05 1C       ORA $1C       [001644] A:20FD X:0180 Y:0010 S:012A D:1628 DB:86 nvmxdizc V:260 H:203 F:29
				87F09E 3A          DEC                    A:20FD X:0180 Y:0010 S:012A D:1628 DB:86 nvmxdizc V:260 H:211 F:29
				87F09F 9F 00 E0 7F STA $7FE000,X [7FE180] A:20FC X:0180 Y:0010 S:012A D:1628 DB:86 nvmxdizc V:260 H:214 F:29
				87F0A3 E8          INX                    A:20FC X:0180 Y:0010 S:012A D:1628 DB:86 nvmxdizc V:260 H:224 F:29
				87F0A4 E8          INX                    A:20FC X:0181 Y:0010 S:012A D:1628 DB:86 nvmxdizc V:260 H:227 F:29
				87F0A5 1A          INC                    A:20FC X:0182 Y:0010 S:012A D:1628 DB:86 nvmxdizc V:260 H:230 F:29
				87F0A6 9F 00 E0 7F STA $7FE000,X [7FE182] A:20FD X:0182 Y:0010 S:012A D:1628 DB:86 nvmxdizc V:260 H:233 F:29
				87F0AA E8          INX                    A:20FD X:0182 Y:0010 S:012A D:1628 DB:86 nvmxdizc V:260 H:243 F:29
				87F0AB E8          INX                    A:20FD X:0183 Y:0010 S:012A D:1628 DB:86 nvmxdizc V:260 H:246 F:29
				87F0AC 88          DEY                    A:20FD X:0184 Y:0010 S:012A D:1628 DB:86 nvmxdizc V:260 H:249 F:29
				87F0AD D0 EF       BNE $00EF     [87F09E] A:20FD X:0184 Y:000F S:012A D:1628 DB:86 nvmxdizc V:260 H:252 F:29
				87F09E 3A          DEC                    A:20FD X:0184 Y:000F S:012A D:1628 DB:86 nvmxdizc V:260 H:257 F:29
				87F09F 9F 00 E0 7F STA $7FE000,X [7FE184] A:20FC X:0184 Y:000F S:012A D:1628 DB:86 nvmxdizc V:260 H:260 F:29
				87F0A3 E8          INX                    A:20FC X:0184 Y:000F S:012A D:1628 DB:86 nvmxdizc V:260 H:270 F:29
				87F0A4 E8          INX                    A:20FC X:0185 Y:000F S:012A D:1628 DB:86 nvmxdizc V:260 H:273 F:29
				87F0A5 1A          INC                    A:20FC X:0186 Y:000F S:012A D:1628 DB:86 nvmxdizc V:260 H:276 F:29
				87F0A6 9F 00 E0 7F STA $7FE000,X [7FE186] A:20FD X:0186 Y:000F S:012A D:1628 DB:86 nvmxdizc V:260 H:279 F:29
				87F0AA E8          INX                    A:20FD X:0186 Y:000F S:012A D:1628 DB:86 nvmxdizc V:260 H:289 F:29
				87F0AB E8          INX                    A:20FD X:0187 Y:000F S:012A D:1628 DB:86 nvmxdizc V:260 H:292 F:29
				87F0AC 88          DEY                    A:20FD X:0188 Y:000F S:012A D:1628 DB:86 nvmxdizc V:260 H:295 F:29
				87F0AD D0 EF       BNE $00EF     [87F09E] A:20FD X:0188 Y:000E S:012A D:1628 DB:86 nvmxdizc V:260 H:298 F:29
				87F09E 3A          DEC                    A:20FD X:0188 Y:000E S:012A D:1628 DB:86 nvmxdizc V:260 H:302 F:29
				87F09F 9F 00 E0 7F STA $7FE000,X [7FE188] A:20FC X:0188 Y:000E S:012A D:1628 DB:86 nvmxdizc V:260 H:305 F:29
				87F0A3 E8          INX                    A:20FC X:0188 Y:000E S:012A D:1628 DB:86 nvmxdizc V:260 H:315 F:29
				87F0A4 E8          INX                    A:20FC X:0189 Y:000E S:012A D:1628 DB:86 nvmxdizc V:260 H:318 F:29
				87F0A5 1A          INC                    A:20FC X:018A Y:000E S:012A D:1628 DB:86 nvmxdizc V:260 H:321 F:29
				87F0A6 9F 00 E0 7F STA $7FE000,X [7FE18A] A:20FD X:018A Y:000E S:012A D:1628 DB:86 nvmxdizc V:260 H:324 F:29
				87F0AA E8          INX                    A:20FD X:018A Y:000E S:012A D:1628 DB:86 nvmxdizc V:260 H:333 F:29
				87F0AB E8          INX                    A:20FD X:018B Y:000E S:012A D:1628 DB:86 nvmxdizc V:260 H:336 F:29
				87F0AC 88          DEY                    A:20FD X:018C Y:000E S:012A D:1628 DB:86 nvmxdizc V:260 H:339 F:29
				87F0AD D0 EF       BNE $00EF     [87F09E] A:20FD X:018C Y:000D S:012A D:1628 DB:86 nvmxdizc V:261 H:  2 F:29
				87F09E 3A          DEC                    A:20FD X:018C Y:000D S:012A D:1628 DB:86 nvmxdizc V:261 H:  7 F:29
				87F09F 9F 00 E0 7F STA $7FE000,X [7FE18C] A:20FC X:018C Y:000D S:012A D:1628 DB:86 nvmxdizc V:261 H: 10 F:29
				87F0A3 E8          INX                    A:20FC X:018C Y:000D S:012A D:1628 DB:86 nvmxdizc V:261 H: 20 F:29
				87F0A4 E8          INX                    A:20FC X:018D Y:000D S:012A D:1628 DB:86 nvmxdizc V:261 H: 23 F:29
				87F0A5 1A          INC                    A:20FC X:018E Y:000D S:012A D:1628 DB:86 nvmxdizc V:261 H: 26 F:29
				87F0A6 9F 00 E0 7F STA $7FE000,X [7FE18E] A:20FD X:018E Y:000D S:012A D:1628 DB:86 nvmxdizc V:261 H: 29 F:29
				87F0AA E8          INX                    A:20FD X:018E Y:000D S:012A D:1628 DB:86 nvmxdizc V:261 H: 39 F:29
				87F0AB E8          INX                    A:20FD X:018F Y:000D S:012A D:1628 DB:86 nvmxdizc V:261 H: 42 F:29
				87F0AC 88          DEY                    A:20FD X:0190 Y:000D S:012A D:1628 DB:86 nvmxdizc V:261 H: 45 F:29
				87F0AD D0 EF       BNE $00EF     [87F09E] A:20FD X:0190 Y:000C S:012A D:1628 DB:86 nvmxdizc V:261 H: 48 F:29
				87F09E 3A          DEC                    A:20FD X:0190 Y:000C S:012A D:1628 DB:86 nvmxdizc V:261 H: 52 F:29
				87F09F 9F 00 E0 7F STA $7FE000,X [7FE190] A:20FC X:0190 Y:000C S:012A D:1628 DB:86 nvmxdizc V:261 H: 55 F:29
				87F0A3 E8          INX                    A:20FC X:0190 Y:000C S:012A D:1628 DB:86 nvmxdizc V:261 H: 65 F:29
				87F0A4 E8          INX                    A:20FC X:0191 Y:000C S:012A D:1628 DB:86 nvmxdizc V:261 H: 68 F:29
				87F0A5 1A          INC                    A:20FC X:0192 Y:000C S:012A D:1628 DB:86 nvmxdizc V:261 H: 71 F:29
				87F0A6 9F 00 E0 7F STA $7FE000,X [7FE192] A:20FD X:0192 Y:000C S:012A D:1628 DB:86 nvmxdizc V:261 H: 74 F:29
				87F0AA E8          INX                    A:20FD X:0192 Y:000C S:012A D:1628 DB:86 nvmxdizc V:261 H: 84 F:29
				87F0AB E8          INX                    A:20FD X:0193 Y:000C S:012A D:1628 DB:86 nvmxdizc V:261 H: 87 F:29
				87F0AC 88          DEY                    A:20FD X:0194 Y:000C S:012A D:1628 DB:86 nvmxdizc V:261 H: 90 F:29
				87F0AD D0 EF       BNE $00EF     [87F09E] A:20FD X:0194 Y:000B S:012A D:1628 DB:86 nvmxdizc V:261 H: 93 F:29
				87F09E 3A          DEC                    A:20FD X:0194 Y:000B S:012A D:1628 DB:86 nvmxdizc V:261 H: 98 F:29
				87F09F 9F 00 E0 7F STA $7FE000,X [7FE194] A:20FC X:0194 Y:000B S:012A D:1628 DB:86 nvmxdizc V:261 H:101 F:29
				87F0A3 E8          INX                    A:20FC X:0194 Y:000B S:012A D:1628 DB:86 nvmxdizc V:261 H:111 F:29
				87F0A4 E8          INX                    A:20FC X:0195 Y:000B S:012A D:1628 DB:86 nvmxdizc V:261 H:114 F:29
				87F0A5 1A          INC                    A:20FC X:0196 Y:000B S:012A D:1628 DB:86 nvmxdizc V:261 H:117 F:29
				87F0A6 9F 00 E0 7F STA $7FE000,X [7FE196] A:20FD X:0196 Y:000B S:012A D:1628 DB:86 nvmxdizc V:261 H:120 F:29
				87F0AA E8          INX                    A:20FD X:0196 Y:000B S:012A D:1628 DB:86 nvmxdizc V:261 H:130 F:29
				87F0AB E8          INX                    A:20FD X:0197 Y:000B S:012A D:1628 DB:86 nvmxdizc V:261 H:133 F:29
				87F0AC 88          DEY                    A:20FD X:0198 Y:000B S:012A D:1628 DB:86 nvmxdizc V:261 H:146 F:29
				87F0AD D0 EF       BNE $00EF     [87F09E] A:20FD X:0198 Y:000A S:012A D:1628 DB:86 nvmxdizc V:261 H:149 F:29
				87F09E 3A          DEC                    A:20FD X:0198 Y:000A S:012A D:1628 DB:86 nvmxdizc V:261 H:153 F:29
				87F09F 9F 00 E0 7F STA $7FE000,X [7FE198] A:20FC X:0198 Y:000A S:012A D:1628 DB:86 nvmxdizc V:261 H:156 F:29
				87F0A3 E8          INX                    A:20FC X:0198 Y:000A S:012A D:1628 DB:86 nvmxdizc V:261 H:166 F:29
				87F0A4 E8          INX                    A:20FC X:0199 Y:000A S:012A D:1628 DB:86 nvmxdizc V:261 H:169 F:29
				87F0A5 1A          INC                    A:20FC X:019A Y:000A S:012A D:1628 DB:86 nvmxdizc V:261 H:172 F:29
				87F0A6 9F 00 E0 7F STA $7FE000,X [7FE19A] A:20FD X:019A Y:000A S:012A D:1628 DB:86 nvmxdizc V:261 H:175 F:29
				87F0AA E8          INX                    A:20FD X:019A Y:000A S:012A D:1628 DB:86 nvmxdizc V:261 H:185 F:29
				87F0AB E8          INX                    A:20FD X:019B Y:000A S:012A D:1628 DB:86 nvmxdizc V:261 H:188 F:29
				87F0AC 88          DEY                    A:20FD X:019C Y:000A S:012A D:1628 DB:86 nvmxdizc V:261 H:191 F:29
				87F0AD D0 EF       BNE $00EF     [87F09E] A:20FD X:019C Y:0009 S:012A D:1628 DB:86 nvmxdizc V:261 H:194 F:29
				87F09E 3A          DEC                    A:20FD X:019C Y:0009 S:012A D:1628 DB:86 nvmxdizc V:261 H:199 F:29
				87F09F 9F 00 E0 7F STA $7FE000,X [7FE19C] A:20FC X:019C Y:0009 S:012A D:1628 DB:86 nvmxdizc V:261 H:202 F:29
				87F0A3 E8          INX                    A:20FC X:019C Y:0009 S:012A D:1628 DB:86 nvmxdizc V:261 H:212 F:29
				87F0A4 E8          INX                    A:20FC X:019D Y:0009 S:012A D:1628 DB:86 nvmxdizc V:261 H:215 F:29
				87F0A5 1A          INC                    A:20FC X:019E Y:0009 S:012A D:1628 DB:86 nvmxdizc V:261 H:218 F:29
				87F0A6 9F 00 E0 7F STA $7FE000,X [7FE19E] A:20FD X:019E Y:0009 S:012A D:1628 DB:86 nvmxdizc V:261 H:221 F:29
				87F0AA E8          INX                    A:20FD X:019E Y:0009 S:012A D:1628 DB:86 nvmxdizc V:261 H:231 F:29
				87F0AB E8          INX                    A:20FD X:019F Y:0009 S:012A D:1628 DB:86 nvmxdizc V:261 H:234 F:29
				87F0AC 88          DEY                    A:20FD X:01A0 Y:0009 S:012A D:1628 DB:86 nvmxdizc V:261 H:237 F:29
				87F0AD D0 EF       BNE $00EF     [87F09E] A:20FD X:01A0 Y:0008 S:012A D:1628 DB:86 nvmxdizc V:261 H:240 F:29
				87F09E 3A          DEC                    A:20FD X:01A0 Y:0008 S:012A D:1628 DB:86 nvmxdizc V:261 H:244 F:29
				87F09F 9F 00 E0 7F STA $7FE000,X [7FE1A0] A:20FC X:01A0 Y:0008 S:012A D:1628 DB:86 nvmxdizc V:261 H:247 F:29
				87F0A3 E8          INX                    A:20FC X:01A0 Y:0008 S:012A D:1628 DB:86 nvmxdizc V:261 H:257 F:29
				87F0A4 E8          INX                    A:20FC X:01A1 Y:0008 S:012A D:1628 DB:86 nvmxdizc V:261 H:260 F:29
				87F0A5 1A          INC                    A:20FC X:01A2 Y:0008 S:012A D:1628 DB:86 nvmxdizc V:261 H:263 F:29
				87F0A6 9F 00 E0 7F STA $7FE000,X [7FE1A2] A:20FD X:01A2 Y:0008 S:012A D:1628 DB:86 nvmxdizc V:261 H:266 F:29
				87F0AA E8          INX                    A:20FD X:01A2 Y:0008 S:012A D:1628 DB:86 nvmxdizc V:261 H:276 F:29
				87F0AB E8          INX                    A:20FD X:01A3 Y:0008 S:012A D:1628 DB:86 nvmxdizc V:261 H:279 F:29
				87F0AC 88          DEY                    A:20FD X:01A4 Y:0008 S:012A D:1628 DB:86 nvmxdizc V:261 H:282 F:29
				87F0AD D0 EF       BNE $00EF     [87F09E] A:20FD X:01A4 Y:0007 S:012A D:1628 DB:86 nvmxdizc V:261 H:285 F:29
				87F09E 3A          DEC                    A:20FD X:01A4 Y:0007 S:012A D:1628 DB:86 nvmxdizc V:261 H:290 F:29
				87F09F 9F 00 E0 7F STA $7FE000,X [7FE1A4] A:20FC X:01A4 Y:0007 S:012A D:1628 DB:86 nvmxdizc V:261 H:293 F:29
				87F0A3 E8          INX                    A:20FC X:01A4 Y:0007 S:012A D:1628 DB:86 nvmxdizc V:261 H:303 F:29
				87F0A4 E8          INX                    A:20FC X:01A5 Y:0007 S:012A D:1628 DB:86 nvmxdizc V:261 H:306 F:29
				87F0A5 1A          INC                    A:20FC X:01A6 Y:0007 S:012A D:1628 DB:86 nvmxdizc V:261 H:309 F:29
				87F0A6 9F 00 E0 7F STA $7FE000,X [7FE1A6] A:20FD X:01A6 Y:0007 S:012A D:1628 DB:86 nvmxdizc V:261 H:312 F:29
				87F0AA E8          INX                    A:20FD X:01A6 Y:0007 S:012A D:1628 DB:86 nvmxdizc V:261 H:322 F:29
				87F0AB E8          INX                    A:20FD X:01A7 Y:0007 S:012A D:1628 DB:86 nvmxdizc V:261 H:324 F:29
				87F0AC 88          DEY                    A:20FD X:01A8 Y:0007 S:012A D:1628 DB:86 nvmxdizc V:261 H:327 F:29
				87F0AD D0 EF       BNE $00EF     [87F09E] A:20FD X:01A8 Y:0006 S:012A D:1628 DB:86 nvmxdizc V:261 H:330 F:29
				87F09E 3A          DEC                    A:20FD X:01A8 Y:0006 S:012A D:1628 DB:86 nvmxdizc V:261 H:334 F:29
				87F09F 9F 00 E0 7F STA $7FE000,X [7FE1A8] A:20FC X:01A8 Y:0006 S:012A D:1628 DB:86 nvmxdizc V:261 H:337 F:29
				87F0A3 E8          INX                    A:20FC X:01A8 Y:0006 S:012A D:1628 DB:86 nvmxdizc V:  0 H:  7 F:30
				87F0A4 E8          INX                    A:20FC X:01A9 Y:0006 S:012A D:1628 DB:86 nvmxdizc V:  0 H: 10 F:30
				87F0A5 1A          INC                    A:20FC X:01AA Y:0006 S:012A D:1628 DB:86 nvmxdizc V:  0 H: 13 F:30
				87F0A6 9F 00 E0 7F STA $7FE000,X [7FE1AA] A:20FD X:01AA Y:0006 S:012A D:1628 DB:86 nvmxdizc V:  0 H: 16 F:30
				87F0AA E8          INX                    A:20FD X:01AA Y:0006 S:012A D:1628 DB:86 nvmxdizc V:  0 H: 26 F:30
				87F0AB E8          INX                    A:20FD X:01AB Y:0006 S:012A D:1628 DB:86 nvmxdizc V:  0 H: 29 F:30
				87F0AC 88          DEY                    A:20FD X:01AC Y:0006 S:012A D:1628 DB:86 nvmxdizc V:  0 H: 32 F:30
				87F0AD D0 EF       BNE $00EF     [87F09E] A:20FD X:01AC Y:0005 S:012A D:1628 DB:86 nvmxdizc V:  0 H: 35 F:30
				87F09E 3A          DEC                    A:20FD X:01AC Y:0005 S:012A D:1628 DB:86 nvmxdizc V:  0 H: 40 F:30
				87F09F 9F 00 E0 7F STA $7FE000,X [7FE1AC] A:20FC X:01AC Y:0005 S:012A D:1628 DB:86 nvmxdizc V:  0 H: 43 F:30
				87F0A3 E8          INX                    A:20FC X:01AC Y:0005 S:012A D:1628 DB:86 nvmxdizc V:  0 H: 53 F:30
				87F0A4 E8          INX                    A:20FC X:01AD Y:0005 S:012A D:1628 DB:86 nvmxdizc V:  0 H: 56 F:30
				87F0A5 1A          INC                    A:20FC X:01AE Y:0005 S:012A D:1628 DB:86 nvmxdizc V:  0 H: 59 F:30
				87F0A6 9F 00 E0 7F STA $7FE000,X [7FE1AE] A:20FD X:01AE Y:0005 S:012A D:1628 DB:86 nvmxdizc V:  0 H: 62 F:30
				87F0AA E8          INX                    A:20FD X:01AE Y:0005 S:012A D:1628 DB:86 nvmxdizc V:  0 H: 72 F:30
				87F0AB E8          INX                    A:20FD X:01AF Y:0005 S:012A D:1628 DB:86 nvmxdizc V:  0 H: 75 F:30
				87F0AC 88          DEY                    A:20FD X:01B0 Y:0005 S:012A D:1628 DB:86 nvmxdizc V:  0 H: 78 F:30
				87F0AD D0 EF       BNE $00EF     [87F09E] A:20FD X:01B0 Y:0004 S:012A D:1628 DB:86 nvmxdizc V:  0 H: 81 F:30
				87F09E 3A          DEC                    A:20FD X:01B0 Y:0004 S:012A D:1628 DB:86 nvmxdizc V:  0 H: 85 F:30
				87F09F 9F 00 E0 7F STA $7FE000,X [7FE1B0] A:20FC X:01B0 Y:0004 S:012A D:1628 DB:86 nvmxdizc V:  0 H: 88 F:30
				87F0A3 E8          INX                    A:20FC X:01B0 Y:0004 S:012A D:1628 DB:86 nvmxdizc V:  0 H: 98 F:30
				87F0A4 E8          INX                    A:20FC X:01B1 Y:0004 S:012A D:1628 DB:86 nvmxdizc V:  0 H:101 F:30
				87F0A5 1A          INC                    A:20FC X:01B2 Y:0004 S:012A D:1628 DB:86 nvmxdizc V:  0 H:104 F:30
				87F0A6 9F 00 E0 7F STA $7FE000,X [7FE1B2] A:20FD X:01B2 Y:0004 S:012A D:1628 DB:86 nvmxdizc V:  0 H:107 F:30
				87F0AA E8          INX                    A:20FD X:01B2 Y:0004 S:012A D:1628 DB:86 nvmxdizc V:  0 H:117 F:30
				87F0AB E8          INX                    A:20FD X:01B3 Y:0004 S:012A D:1628 DB:86 nvmxdizc V:  0 H:120 F:30
				87F0AC 88          DEY                    A:20FD X:01B4 Y:0004 S:012A D:1628 DB:86 nvmxdizc V:  0 H:123 F:30
				87F0AD D0 EF       BNE $00EF     [87F09E] A:20FD X:01B4 Y:0003 S:012A D:1628 DB:86 nvmxdizc V:  0 H:126 F:30
				87F09E 3A          DEC                    A:20FD X:01B4 Y:0003 S:012A D:1628 DB:86 nvmxdizc V:  0 H:131 F:30
				87F09F 9F 00 E0 7F STA $7FE000,X [7FE1B4] A:20FC X:01B4 Y:0003 S:012A D:1628 DB:86 nvmxdizc V:  0 H:144 F:30
				87F0A3 E8          INX                    A:20FC X:01B4 Y:0003 S:012A D:1628 DB:86 nvmxdizc V:  0 H:154 F:30
				87F0A4 E8          INX                    A:20FC X:01B5 Y:0003 S:012A D:1628 DB:86 nvmxdizc V:  0 H:157 F:30
				87F0A5 1A          INC                    A:20FC X:01B6 Y:0003 S:012A D:1628 DB:86 nvmxdizc V:  0 H:160 F:30
				87F0A6 9F 00 E0 7F STA $7FE000,X [7FE1B6] A:20FD X:01B6 Y:0003 S:012A D:1628 DB:86 nvmxdizc V:  0 H:163 F:30
				87F0AA E8          INX                    A:20FD X:01B6 Y:0003 S:012A D:1628 DB:86 nvmxdizc V:  0 H:173 F:30
				87F0AB E8          INX                    A:20FD X:01B7 Y:0003 S:012A D:1628 DB:86 nvmxdizc V:  0 H:176 F:30
				87F0AC 88          DEY                    A:20FD X:01B8 Y:0003 S:012A D:1628 DB:86 nvmxdizc V:  0 H:179 F:30
				87F0AD D0 EF       BNE $00EF     [87F09E] A:20FD X:01B8 Y:0002 S:012A D:1628 DB:86 nvmxdizc V:  0 H:182 F:30
				87F09E 3A          DEC                    A:20FD X:01B8 Y:0002 S:012A D:1628 DB:86 nvmxdizc V:  0 H:186 F:30
				87F09F 9F 00 E0 7F STA $7FE000,X [7FE1B8] A:20FC X:01B8 Y:0002 S:012A D:1628 DB:86 nvmxdizc V:  0 H:189 F:30
				87F0A3 E8          INX                    A:20FC X:01B8 Y:0002 S:012A D:1628 DB:86 nvmxdizc V:  0 H:199 F:30
				87F0A4 E8          INX                    A:20FC X:01B9 Y:0002 S:012A D:1628 DB:86 nvmxdizc V:  0 H:202 F:30
				87F0A5 1A          INC                    A:20FC X:01BA Y:0002 S:012A D:1628 DB:86 nvmxdizc V:  0 H:205 F:30
				87F0A6 9F 00 E0 7F STA $7FE000,X [7FE1BA] A:20FD X:01BA Y:0002 S:012A D:1628 DB:86 nvmxdizc V:  0 H:208 F:30
				87F0AA E8          INX                    A:20FD X:01BA Y:0002 S:012A D:1628 DB:86 nvmxdizc V:  0 H:218 F:30
				87F0AB E8          INX                    A:20FD X:01BB Y:0002 S:012A D:1628 DB:86 nvmxdizc V:  0 H:221 F:30
				87F0AC 88          DEY                    A:20FD X:01BC Y:0002 S:012A D:1628 DB:86 nvmxdizc V:  0 H:224 F:30
				87F0AD D0 EF       BNE $00EF     [87F09E] A:20FD X:01BC Y:0001 S:012A D:1628 DB:86 nvmxdizc V:  0 H:227 F:30
				87F09E 3A          DEC                    A:20FD X:01BC Y:0001 S:012A D:1628 DB:86 nvmxdizc V:  0 H:232 F:30
				87F09F 9F 00 E0 7F STA $7FE000,X [7FE1BC] A:20FC X:01BC Y:0001 S:012A D:1628 DB:86 nvmxdizc V:  0 H:235 F:30
				87F0A3 E8          INX                    A:20FC X:01BC Y:0001 S:012A D:1628 DB:86 nvmxdizc V:  0 H:245 F:30
				87F0A4 E8          INX                    A:20FC X:01BD Y:0001 S:012A D:1628 DB:86 nvmxdizc V:  0 H:248 F:30
				87F0A5 1A          INC                    A:20FC X:01BE Y:0001 S:012A D:1628 DB:86 nvmxdizc V:  0 H:251 F:30
				87F0A6 9F 00 E0 7F STA $7FE000,X [7FE1BE] A:20FD X:01BE Y:0001 S:012A D:1628 DB:86 nvmxdizc V:  0 H:254 F:30
				87F0AA E8          INX                    A:20FD X:01BE Y:0001 S:012A D:1628 DB:86 nvmxdizc V:  0 H:264 F:30
				87F0AB E8          INX                    A:20FD X:01BF Y:0001 S:012A D:1628 DB:86 nvmxdizc V:  0 H:267 F:30
				87F0AC 88          DEY                    A:20FD X:01C0 Y:0001 S:012A D:1628 DB:86 nvmxdizc V:  0 H:270 F:30
				87F0AD D0 EF       BNE $00EF     [87F09E] A:20FD X:01C0 Y:0000 S:012A D:1628 DB:86 nvmxdiZc V:  0 H:273 F:30
				87F0AF A0 10 00    LDY #$0010             A:20FD X:01C0 Y:0000 S:012A D:1628 DB:86 nvmxdiZc V:  0 H:276 F:30
				87F0B2 A9 FF 20    LDA #$20FF             A:20FD X:01C0 Y:0010 S:012A D:1628 DB:86 nvmxdizc V:  0 H:280 F:30
				87F0B5 05 1C       ORA $1C       [001644] A:20FF X:01C0 Y:0010 S:012A D:1628 DB:86 nvmxdizc V:  0 H:285 F:30
				87F0B7 3A          DEC                    A:20FF X:01C0 Y:0010 S:012A D:1628 DB:86 nvmxdizc V:  0 H:293 F:30
				87F0B8 9F 00 E0 7F STA $7FE000,X [7FE1C0] A:20FE X:01C0 Y:0010 S:012A D:1628 DB:86 nvmxdizc V:  0 H:296 F:30
				87F0BC E8          INX                    A:20FE X:01C0 Y:0010 S:012A D:1628 DB:86 nvmxdizc V:  0 H:306 F:30
				87F0BD E8          INX                    A:20FE X:01C1 Y:0010 S:012A D:1628 DB:86 nvmxdizc V:  0 H:309 F:30
				87F0BE 1A          INC                    A:20FE X:01C2 Y:0010 S:012A D:1628 DB:86 nvmxdizc V:  0 H:312 F:30
				87F0BF 9F 00 E0 7F STA $7FE000,X [7FE1C2] A:20FF X:01C2 Y:0010 S:012A D:1628 DB:86 nvmxdizc V:  0 H:315 F:30
				87F0C3 E8          INX                    A:20FF X:01C2 Y:0010 S:012A D:1628 DB:86 nvmxdizc V:  0 H:325 F:30
				87F0C4 E8          INX                    A:20FF X:01C3 Y:0010 S:012A D:1628 DB:86 nvmxdizc V:  0 H:327 F:30
				87F0C5 88          DEY                    A:20FF X:01C4 Y:0010 S:012A D:1628 DB:86 nvmxdizc V:  0 H:330 F:30
				87F0C6 D0 EF       BNE $00EF     [87F0B7] A:20FF X:01C4 Y:000F S:012A D:1628 DB:86 nvmxdizc V:  0 H:333 F:30
				87F0B7 3A          DEC                    A:20FF X:01C4 Y:000F S:012A D:1628 DB:86 nvmxdizc V:  0 H:338 F:30
				87F0B8 9F 00 E0 7F STA $7FE000,X [7FE1C4] A:20FE X:01C4 Y:000F S:012A D:1628 DB:86 nvmxdizc V:  1 H:  1 F:30
				87F0BC E8          INX                    A:20FE X:01C4 Y:000F S:012A D:1628 DB:86 nvmxdizc V:  1 H: 11 F:30
				87F0BD E8          INX                    A:20FE X:01C5 Y:000F S:012A D:1628 DB:86 nvmxdizc V:  1 H: 14 F:30
				87F0BE 1A          INC                    A:20FE X:01C6 Y:000F S:012A D:1628 DB:86 nvmxdizc V:  1 H: 17 F:30
				87F0BF 9F 00 E0 7F STA $7FE000,X [7FE1C6] A:20FF X:01C6 Y:000F S:012A D:1628 DB:86 nvmxdizc V:  1 H: 20 F:30
				87F0C3 E8          INX                    A:20FF X:01C6 Y:000F S:012A D:1628 DB:86 nvmxdizc V:  1 H: 30 F:30
				87F0C4 E8          INX                    A:20FF X:01C7 Y:000F S:012A D:1628 DB:86 nvmxdizc V:  1 H: 33 F:30
				87F0C5 88          DEY                    A:20FF X:01C8 Y:000F S:012A D:1628 DB:86 nvmxdizc V:  1 H: 36 F:30
				87F0C6 D0 EF       BNE $00EF     [87F0B7] A:20FF X:01C8 Y:000E S:012A D:1628 DB:86 nvmxdizc V:  1 H: 39 F:30
				87F0B7 3A          DEC                    A:20FF X:01C8 Y:000E S:012A D:1628 DB:86 nvmxdizc V:  1 H: 43 F:30
				87F0B8 9F 00 E0 7F STA $7FE000,X [7FE1C8] A:20FE X:01C8 Y:000E S:012A D:1628 DB:86 nvmxdizc V:  1 H: 46 F:30
				87F0BC E8          INX                    A:20FE X:01C8 Y:000E S:012A D:1628 DB:86 nvmxdizc V:  1 H: 56 F:30
				87F0BD E8          INX                    A:20FE X:01C9 Y:000E S:012A D:1628 DB:86 nvmxdizc V:  1 H: 59 F:30
				87F0BE 1A          INC                    A:20FE X:01CA Y:000E S:012A D:1628 DB:86 nvmxdizc V:  1 H: 62 F:30
				87F0BF 9F 00 E0 7F STA $7FE000,X [7FE1CA] A:20FF X:01CA Y:000E S:012A D:1628 DB:86 nvmxdizc V:  1 H: 65 F:30
				87F0C3 E8          INX                    A:20FF X:01CA Y:000E S:012A D:1628 DB:86 nvmxdizc V:  1 H: 75 F:30
				87F0C4 E8          INX                    A:20FF X:01CB Y:000E S:012A D:1628 DB:86 nvmxdizc V:  1 H: 78 F:30
				87F0C5 88          DEY                    A:20FF X:01CC Y:000E S:012A D:1628 DB:86 nvmxdizc V:  1 H: 81 F:30
				87F0C6 D0 EF       BNE $00EF     [87F0B7] A:20FF X:01CC Y:000D S:012A D:1628 DB:86 nvmxdizc V:  1 H: 84 F:30
				87F0B7 3A          DEC                    A:20FF X:01CC Y:000D S:012A D:1628 DB:86 nvmxdizc V:  1 H: 89 F:30
				87F0B8 9F 00 E0 7F STA $7FE000,X [7FE1CC] A:20FE X:01CC Y:000D S:012A D:1628 DB:86 nvmxdizc V:  1 H: 92 F:30
				87F0BC E8          INX                    A:20FE X:01CC Y:000D S:012A D:1628 DB:86 nvmxdizc V:  1 H:102 F:30
				87F0BD E8          INX                    A:20FE X:01CD Y:000D S:012A D:1628 DB:86 nvmxdizc V:  1 H:105 F:30
				87F0BE 1A          INC                    A:20FE X:01CE Y:000D S:012A D:1628 DB:86 nvmxdizc V:  1 H:108 F:30
				87F0BF 9F 00 E0 7F STA $7FE000,X [7FE1CE] A:20FF X:01CE Y:000D S:012A D:1628 DB:86 nvmxdizc V:  1 H:111 F:30
				87F0C3 E8          INX                    A:20FF X:01CE Y:000D S:012A D:1628 DB:86 nvmxdizc V:  1 H:121 F:30
				87F0C4 E8          INX                    A:20FF X:01CF Y:000D S:012A D:1628 DB:86 nvmxdizc V:  1 H:124 F:30
				87F0C5 88          DEY                    A:20FF X:01D0 Y:000D S:012A D:1628 DB:86 nvmxdizc V:  1 H:127 F:30
				87F0C6 D0 EF       BNE $00EF     [87F0B7] A:20FF X:01D0 Y:000C S:012A D:1628 DB:86 nvmxdizc V:  1 H:130 F:30
				87F0B7 3A          DEC                    A:20FF X:01D0 Y:000C S:012A D:1628 DB:86 nvmxdizc V:  1 H:144 F:30
				87F0B8 9F 00 E0 7F STA $7FE000,X [7FE1D0] A:20FE X:01D0 Y:000C S:012A D:1628 DB:86 nvmxdizc V:  1 H:147 F:30
				87F0BC E8          INX                    A:20FE X:01D0 Y:000C S:012A D:1628 DB:86 nvmxdizc V:  1 H:157 F:30
				87F0BD E8          INX                    A:20FE X:01D1 Y:000C S:012A D:1628 DB:86 nvmxdizc V:  1 H:160 F:30
				87F0BE 1A          INC                    A:20FE X:01D2 Y:000C S:012A D:1628 DB:86 nvmxdizc V:  1 H:163 F:30
				87F0BF 9F 00 E0 7F STA $7FE000,X [7FE1D2] A:20FF X:01D2 Y:000C S:012A D:1628 DB:86 nvmxdizc V:  1 H:166 F:30
				87F0C3 E8          INX                    A:20FF X:01D2 Y:000C S:012A D:1628 DB:86 nvmxdizc V:  1 H:176 F:30
				87F0C4 E8          INX                    A:20FF X:01D3 Y:000C S:012A D:1628 DB:86 nvmxdizc V:  1 H:179 F:30
				87F0C5 88          DEY                    A:20FF X:01D4 Y:000C S:012A D:1628 DB:86 nvmxdizc V:  1 H:182 F:30
				87F0C6 D0 EF       BNE $00EF     [87F0B7] A:20FF X:01D4 Y:000B S:012A D:1628 DB:86 nvmxdizc V:  1 H:185 F:30
				87F0B7 3A          DEC                    A:20FF X:01D4 Y:000B S:012A D:1628 DB:86 nvmxdizc V:  1 H:190 F:30
				87F0B8 9F 00 E0 7F STA $7FE000,X [7FE1D4] A:20FE X:01D4 Y:000B S:012A D:1628 DB:86 nvmxdizc V:  1 H:193 F:30
				87F0BC E8          INX                    A:20FE X:01D4 Y:000B S:012A D:1628 DB:86 nvmxdizc V:  1 H:203 F:30
				87F0BD E8          INX                    A:20FE X:01D5 Y:000B S:012A D:1628 DB:86 nvmxdizc V:  1 H:206 F:30
				87F0BE 1A          INC                    A:20FE X:01D6 Y:000B S:012A D:1628 DB:86 nvmxdizc V:  1 H:209 F:30
				87F0BF 9F 00 E0 7F STA $7FE000,X [7FE1D6] A:20FF X:01D6 Y:000B S:012A D:1628 DB:86 nvmxdizc V:  1 H:212 F:30
				87F0C3 E8          INX                    A:20FF X:01D6 Y:000B S:012A D:1628 DB:86 nvmxdizc V:  1 H:222 F:30
				87F0C4 E8          INX                    A:20FF X:01D7 Y:000B S:012A D:1628 DB:86 nvmxdizc V:  1 H:225 F:30
				87F0C5 88          DEY                    A:20FF X:01D8 Y:000B S:012A D:1628 DB:86 nvmxdizc V:  1 H:228 F:30
				87F0C6 D0 EF       BNE $00EF     [87F0B7] A:20FF X:01D8 Y:000A S:012A D:1628 DB:86 nvmxdizc V:  1 H:231 F:30
				87F0B7 3A          DEC                    A:20FF X:01D8 Y:000A S:012A D:1628 DB:86 nvmxdizc V:  1 H:235 F:30
				87F0B8 9F 00 E0 7F STA $7FE000,X [7FE1D8] A:20FE X:01D8 Y:000A S:012A D:1628 DB:86 nvmxdizc V:  1 H:238 F:30
				87F0BC E8          INX                    A:20FE X:01D8 Y:000A S:012A D:1628 DB:86 nvmxdizc V:  1 H:248 F:30
				87F0BD E8          INX                    A:20FE X:01D9 Y:000A S:012A D:1628 DB:86 nvmxdizc V:  1 H:251 F:30
				87F0BE 1A          INC                    A:20FE X:01DA Y:000A S:012A D:1628 DB:86 nvmxdizc V:  1 H:254 F:30
				87F0BF 9F 00 E0 7F STA $7FE000,X [7FE1DA] A:20FF X:01DA Y:000A S:012A D:1628 DB:86 nvmxdizc V:  1 H:257 F:30
				87F0C3 E8          INX                    A:20FF X:01DA Y:000A S:012A D:1628 DB:86 nvmxdizc V:  1 H:267 F:30
				87F0C4 E8          INX                    A:20FF X:01DB Y:000A S:012A D:1628 DB:86 nvmxdizc V:  1 H:270 F:30
				87F0C5 88          DEY                    A:20FF X:01DC Y:000A S:012A D:1628 DB:86 nvmxdizc V:  1 H:273 F:30
				87F0C6 D0 EF       BNE $00EF     [87F0B7] A:20FF X:01DC Y:0009 S:012A D:1628 DB:86 nvmxdizc V:  1 H:276 F:30
				87F0B7 3A          DEC                    A:20FF X:01DC Y:0009 S:012A D:1628 DB:86 nvmxdizc V:  1 H:281 F:30
				87F0B8 9F 00 E0 7F STA $7FE000,X [7FE1DC] A:20FE X:01DC Y:0009 S:012A D:1628 DB:86 nvmxdizc V:  1 H:284 F:30
				87F0BC E8          INX                    A:20FE X:01DC Y:0009 S:012A D:1628 DB:86 nvmxdizc V:  1 H:294 F:30
				87F0BD E8          INX                    A:20FE X:01DD Y:0009 S:012A D:1628 DB:86 nvmxdizc V:  1 H:297 F:30
				87F0BE 1A          INC                    A:20FE X:01DE Y:0009 S:012A D:1628 DB:86 nvmxdizc V:  1 H:300 F:30
				87F0BF 9F 00 E0 7F STA $7FE000,X [7FE1DE] A:20FF X:01DE Y:0009 S:012A D:1628 DB:86 nvmxdizc V:  1 H:303 F:30
				87F0C3 E8          INX                    A:20FF X:01DE Y:0009 S:012A D:1628 DB:86 nvmxdizc V:  1 H:313 F:30
				87F0C4 E8          INX                    A:20FF X:01DF Y:0009 S:012A D:1628 DB:86 nvmxdizc V:  1 H:316 F:30
				87F0C5 88          DEY                    A:20FF X:01E0 Y:0009 S:012A D:1628 DB:86 nvmxdizc V:  1 H:319 F:30
				87F0C6 D0 EF       BNE $00EF     [87F0B7] A:20FF X:01E0 Y:0008 S:012A D:1628 DB:86 nvmxdizc V:  1 H:322 F:30
				87F0B7 3A          DEC                    A:20FF X:01E0 Y:0008 S:012A D:1628 DB:86 nvmxdizc V:  1 H:326 F:30
				87F0B8 9F 00 E0 7F STA $7FE000,X [7FE1E0] A:20FE X:01E0 Y:0008 S:012A D:1628 DB:86 nvmxdizc V:  1 H:328 F:30
				87F0BC E8          INX                    A:20FE X:01E0 Y:0008 S:012A D:1628 DB:86 nvmxdizc V:  1 H:338 F:30
				87F0BD E8          INX                    A:20FE X:01E1 Y:0008 S:012A D:1628 DB:86 nvmxdizc V:  2 H:  1 F:30
				87F0BE 1A          INC                    A:20FE X:01E2 Y:0008 S:012A D:1628 DB:86 nvmxdizc V:  2 H:  4 F:30
				87F0BF 9F 00 E0 7F STA $7FE000,X [7FE1E2] A:20FF X:01E2 Y:0008 S:012A D:1628 DB:86 nvmxdizc V:  2 H:  7 F:30
				87F0C3 E8          INX                    A:20FF X:01E2 Y:0008 S:012A D:1628 DB:86 nvmxdizc V:  2 H: 17 F:30
				87F0C4 E8          INX                    A:20FF X:01E3 Y:0008 S:012A D:1628 DB:86 nvmxdizc V:  2 H: 20 F:30
				87F0C5 88          DEY                    A:20FF X:01E4 Y:0008 S:012A D:1628 DB:86 nvmxdizc V:  2 H: 23 F:30
				87F0C6 D0 EF       BNE $00EF     [87F0B7] A:20FF X:01E4 Y:0007 S:012A D:1628 DB:86 nvmxdizc V:  2 H: 26 F:30
				87F0B7 3A          DEC                    A:20FF X:01E4 Y:0007 S:012A D:1628 DB:86 nvmxdizc V:  2 H: 31 F:30
				87F0B8 9F 00 E0 7F STA $7FE000,X [7FE1E4] A:20FE X:01E4 Y:0007 S:012A D:1628 DB:86 nvmxdizc V:  2 H: 34 F:30
				87F0BC E8          INX                    A:20FE X:01E4 Y:0007 S:012A D:1628 DB:86 nvmxdizc V:  2 H: 44 F:30
				87F0BD E8          INX                    A:20FE X:01E5 Y:0007 S:012A D:1628 DB:86 nvmxdizc V:  2 H: 47 F:30
				87F0BE 1A          INC                    A:20FE X:01E6 Y:0007 S:012A D:1628 DB:86 nvmxdizc V:  2 H: 50 F:30
				87F0BF 9F 00 E0 7F STA $7FE000,X [7FE1E6] A:20FF X:01E6 Y:0007 S:012A D:1628 DB:86 nvmxdizc V:  2 H: 53 F:30
				87F0C3 E8          INX                    A:20FF X:01E6 Y:0007 S:012A D:1628 DB:86 nvmxdizc V:  2 H: 63 F:30
				87F0C4 E8          INX                    A:20FF X:01E7 Y:0007 S:012A D:1628 DB:86 nvmxdizc V:  2 H: 66 F:30
				87F0C5 88          DEY                    A:20FF X:01E8 Y:0007 S:012A D:1628 DB:86 nvmxdizc V:  2 H: 69 F:30
				87F0C6 D0 EF       BNE $00EF     [87F0B7] A:20FF X:01E8 Y:0006 S:012A D:1628 DB:86 nvmxdizc V:  2 H: 72 F:30
				87F0B7 3A          DEC                    A:20FF X:01E8 Y:0006 S:012A D:1628 DB:86 nvmxdizc V:  2 H: 76 F:30
				87F0B8 9F 00 E0 7F STA $7FE000,X [7FE1E8] A:20FE X:01E8 Y:0006 S:012A D:1628 DB:86 nvmxdizc V:  2 H: 79 F:30
				87F0BC E8          INX                    A:20FE X:01E8 Y:0006 S:012A D:1628 DB:86 nvmxdizc V:  2 H: 89 F:30
				87F0BD E8          INX                    A:20FE X:01E9 Y:0006 S:012A D:1628 DB:86 nvmxdizc V:  2 H: 92 F:30
				87F0BE 1A          INC                    A:20FE X:01EA Y:0006 S:012A D:1628 DB:86 nvmxdizc V:  2 H: 95 F:30
				87F0BF 9F 00 E0 7F STA $7FE000,X [7FE1EA] A:20FF X:01EA Y:0006 S:012A D:1628 DB:86 nvmxdizc V:  2 H: 98 F:30
				87F0C3 E8          INX                    A:20FF X:01EA Y:0006 S:012A D:1628 DB:86 nvmxdizc V:  2 H:108 F:30
				87F0C4 E8          INX                    A:20FF X:01EB Y:0006 S:012A D:1628 DB:86 nvmxdizc V:  2 H:111 F:30
				87F0C5 88          DEY                    A:20FF X:01EC Y:0006 S:012A D:1628 DB:86 nvmxdizc V:  2 H:114 F:30
				87F0C6 D0 EF       BNE $00EF     [87F0B7] A:20FF X:01EC Y:0005 S:012A D:1628 DB:86 nvmxdizc V:  2 H:117 F:30
				87F0B7 3A          DEC                    A:20FF X:01EC Y:0005 S:012A D:1628 DB:86 nvmxdizc V:  2 H:122 F:30
				87F0B8 9F 00 E0 7F STA $7FE000,X [7FE1EC] A:20FE X:01EC Y:0005 S:012A D:1628 DB:86 nvmxdizc V:  2 H:125 F:30
				87F0BC E8          INX                    A:20FE X:01EC Y:0005 S:012A D:1628 DB:86 nvmxdizc V:  2 H:145 F:30
				87F0BD E8          INX                    A:20FE X:01ED Y:0005 S:012A D:1628 DB:86 nvmxdizc V:  2 H:148 F:30
				87F0BE 1A          INC                    A:20FE X:01EE Y:0005 S:012A D:1628 DB:86 nvmxdizc V:  2 H:151 F:30
				87F0BF 9F 00 E0 7F STA $7FE000,X [7FE1EE] A:20FF X:01EE Y:0005 S:012A D:1628 DB:86 nvmxdizc V:  2 H:154 F:30
				87F0C3 E8          INX                    A:20FF X:01EE Y:0005 S:012A D:1628 DB:86 nvmxdizc V:  2 H:164 F:30
				87F0C4 E8          INX                    A:20FF X:01EF Y:0005 S:012A D:1628 DB:86 nvmxdizc V:  2 H:167 F:30
				87F0C5 88          DEY                    A:20FF X:01F0 Y:0005 S:012A D:1628 DB:86 nvmxdizc V:  2 H:170 F:30
				87F0C6 D0 EF       BNE $00EF     [87F0B7] A:20FF X:01F0 Y:0004 S:012A D:1628 DB:86 nvmxdizc V:  2 H:173 F:30
				87F0B7 3A          DEC                    A:20FF X:01F0 Y:0004 S:012A D:1628 DB:86 nvmxdizc V:  2 H:177 F:30
				87F0B8 9F 00 E0 7F STA $7FE000,X [7FE1F0] A:20FE X:01F0 Y:0004 S:012A D:1628 DB:86 nvmxdizc V:  2 H:180 F:30
				87F0BC E8          INX                    A:20FE X:01F0 Y:0004 S:012A D:1628 DB:86 nvmxdizc V:  2 H:190 F:30
				87F0BD E8          INX                    A:20FE X:01F1 Y:0004 S:012A D:1628 DB:86 nvmxdizc V:  2 H:193 F:30
				87F0BE 1A          INC                    A:20FE X:01F2 Y:0004 S:012A D:1628 DB:86 nvmxdizc V:  2 H:196 F:30
				87F0BF 9F 00 E0 7F STA $7FE000,X [7FE1F2] A:20FF X:01F2 Y:0004 S:012A D:1628 DB:86 nvmxdizc V:  2 H:199 F:30
				87F0C3 E8          INX                    A:20FF X:01F2 Y:0004 S:012A D:1628 DB:86 nvmxdizc V:  2 H:209 F:30
				87F0C4 E8          INX                    A:20FF X:01F3 Y:0004 S:012A D:1628 DB:86 nvmxdizc V:  2 H:212 F:30
				87F0C5 88          DEY                    A:20FF X:01F4 Y:0004 S:012A D:1628 DB:86 nvmxdizc V:  2 H:215 F:30
				87F0C6 D0 EF       BNE $00EF     [87F0B7] A:20FF X:01F4 Y:0003 S:012A D:1628 DB:86 nvmxdizc V:  2 H:218 F:30
				87F0B7 3A          DEC                    A:20FF X:01F4 Y:0003 S:012A D:1628 DB:86 nvmxdizc V:  2 H:223 F:30
				87F0B8 9F 00 E0 7F STA $7FE000,X [7FE1F4] A:20FE X:01F4 Y:0003 S:012A D:1628 DB:86 nvmxdizc V:  2 H:226 F:30
				87F0BC E8          INX                    A:20FE X:01F4 Y:0003 S:012A D:1628 DB:86 nvmxdizc V:  2 H:236 F:30
				87F0BD E8          INX                    A:20FE X:01F5 Y:0003 S:012A D:1628 DB:86 nvmxdizc V:  2 H:239 F:30
				87F0BE 1A          INC                    A:20FE X:01F6 Y:0003 S:012A D:1628 DB:86 nvmxdizc V:  2 H:242 F:30
				87F0BF 9F 00 E0 7F STA $7FE000,X [7FE1F6] A:20FF X:01F6 Y:0003 S:012A D:1628 DB:86 nvmxdizc V:  2 H:245 F:30
				87F0C3 E8          INX                    A:20FF X:01F6 Y:0003 S:012A D:1628 DB:86 nvmxdizc V:  2 H:255 F:30
				87F0C4 E8          INX                    A:20FF X:01F7 Y:0003 S:012A D:1628 DB:86 nvmxdizc V:  2 H:258 F:30
				87F0C5 88          DEY                    A:20FF X:01F8 Y:0003 S:012A D:1628 DB:86 nvmxdizc V:  2 H:261 F:30
				87F0C6 D0 EF       BNE $00EF     [87F0B7] A:20FF X:01F8 Y:0002 S:012A D:1628 DB:86 nvmxdizc V:  2 H:264 F:30
				87F0B7 3A          DEC                    A:20FF X:01F8 Y:0002 S:012A D:1628 DB:86 nvmxdizc V:  2 H:268 F:30
				87F0B8 9F 00 E0 7F STA $7FE000,X [7FE1F8] A:20FE X:01F8 Y:0002 S:012A D:1628 DB:86 nvmxdizc V:  2 H:271 F:30
				87F0BC E8          INX                    A:20FE X:01F8 Y:0002 S:012A D:1628 DB:86 nvmxdizc V:  2 H:281 F:30
				87F0BD E8          INX                    A:20FE X:01F9 Y:0002 S:012A D:1628 DB:86 nvmxdizc V:  2 H:284 F:30
				87F0BE 1A          INC                    A:20FE X:01FA Y:0002 S:012A D:1628 DB:86 nvmxdizc V:  2 H:287 F:30
				87F0BF 9F 00 E0 7F STA $7FE000,X [7FE1FA] A:20FF X:01FA Y:0002 S:012A D:1628 DB:86 nvmxdizc V:  2 H:290 F:30
				87F0C3 E8          INX                    A:20FF X:01FA Y:0002 S:012A D:1628 DB:86 nvmxdizc V:  2 H:300 F:30
				87F0C4 E8          INX                    A:20FF X:01FB Y:0002 S:012A D:1628 DB:86 nvmxdizc V:  2 H:303 F:30
				87F0C5 88          DEY                    A:20FF X:01FC Y:0002 S:012A D:1628 DB:86 nvmxdizc V:  2 H:306 F:30
				87F0C6 D0 EF       BNE $00EF     [87F0B7] A:20FF X:01FC Y:0001 S:012A D:1628 DB:86 nvmxdizc V:  2 H:309 F:30
				87F0B7 3A          DEC                    A:20FF X:01FC Y:0001 S:012A D:1628 DB:86 nvmxdizc V:  2 H:314 F:30
				87F0B8 9F 00 E0 7F STA $7FE000,X [7FE1FC] A:20FE X:01FC Y:0001 S:012A D:1628 DB:86 nvmxdizc V:  2 H:317 F:30
				87F0BC E8          INX                    A:20FE X:01FC Y:0001 S:012A D:1628 DB:86 nvmxdizc V:  2 H:326 F:30
				87F0BD E8          INX                    A:20FE X:01FD Y:0001 S:012A D:1628 DB:86 nvmxdizc V:  2 H:329 F:30
				87F0BE 1A          INC                    A:20FE X:01FE Y:0001 S:012A D:1628 DB:86 nvmxdizc V:  2 H:332 F:30
				87F0BF 9F 00 E0 7F STA $7FE000,X [7FE1FE] A:20FF X:01FE Y:0001 S:012A D:1628 DB:86 nvmxdizc V:  2 H:335 F:30
				87F0C3 E8          INX                    A:20FF X:01FE Y:0001 S:012A D:1628 DB:86 nvmxdizc V:  3 H:  5 F:30
				87F0C4 E8          INX                    A:20FF X:01FF Y:0001 S:012A D:1628 DB:86 nvmxdizc V:  3 H:  8 F:30
				87F0C5 88          DEY                    A:20FF X:0200 Y:0001 S:012A D:1628 DB:86 nvmxdizc V:  3 H: 11 F:30
				87F0C6 D0 EF       BNE $00EF     [87F0B7] A:20FF X:0200 Y:0000 S:012A D:1628 DB:86 nvmxdiZc V:  3 H: 14 F:30
				87F0C8 E0 00 08    CPX #$0800             A:20FF X:0200 Y:0000 S:012A D:1628 DB:86 nvmxdiZc V:  3 H: 17 F:30
				87F0CB 90 C9       BCC $00C9     [87F096] A:20FF X:0200 Y:0000 S:012A D:1628 DB:86 Nvmxdizc V:  3 H: 21 F:30
				87F096 A0 10 00    LDY #$0010             A:20FF X:0200 Y:0000 S:012A D:1628 DB:86 Nvmxdizc V:  3 H: 26 F:30
				87F099 A9 FD 20    LDA #$20FD             A:20FF X:0200 Y:0010 S:012A D:1628 DB:86 nvmxdizc V:  3 H: 30 F:30
				87F09C 05 1C       ORA $1C       [001644] A:20FD X:0200 Y:0010 S:012A D:1628 DB:86 nvmxdizc V:  3 H: 35 F:30
				87F09E 3A          DEC                    A:20FD X:0200 Y:0010 S:012A D:1628 DB:86 nvmxdizc V:  3 H: 43 F:30
				87F09F 9F 00 E0 7F STA $7FE000,X [7FE200] A:20FC X:0200 Y:0010 S:012A D:1628 DB:86 nvmxdizc V:  3 H: 46 F:30
				87F0A3 E8          INX                    A:20FC X:0200 Y:0010 S:012A D:1628 DB:86 nvmxdizc V:  3 H: 56 F:30
				87F0A4 E8          INX                    A:20FC X:0201 Y:0010 S:012A D:1628 DB:86 nvmxdizc V:  3 H: 59 F:30
				87F0A5 1A          INC                    A:20FC X:0202 Y:0010 S:012A D:1628 DB:86 nvmxdizc V:  3 H: 62 F:30
				87F0A6 9F 00 E0 7F STA $7FE000,X [7FE202] A:20FD X:0202 Y:0010 S:012A D:1628 DB:86 nvmxdizc V:  3 H: 65 F:30
				87F0AA E8          INX                    A:20FD X:0202 Y:0010 S:012A D:1628 DB:86 nvmxdizc V:  3 H: 75 F:30
				87F0AB E8          INX                    A:20FD X:0203 Y:0010 S:012A D:1628 DB:86 nvmxdizc V:  3 H: 78 F:30
				87F0AC 88          DEY                    A:20FD X:0204 Y:0010 S:012A D:1628 DB:86 nvmxdizc V:  3 H: 81 F:30
				87F0AD D0 EF       BNE $00EF     [87F09E] A:20FD X:0204 Y:000F S:012A D:1628 DB:86 nvmxdizc V:  3 H: 84 F:30
				87F09E 3A          DEC                    A:20FD X:0204 Y:000F S:012A D:1628 DB:86 nvmxdizc V:  3 H: 89 F:30
				87F09F 9F 00 E0 7F STA $7FE000,X [7FE204] A:20FC X:0204 Y:000F S:012A D:1628 DB:86 nvmxdizc V:  3 H: 92 F:30
				87F0A3 E8          INX                    A:20FC X:0204 Y:000F S:012A D:1628 DB:86 nvmxdizc V:  3 H:102 F:30
				87F0A4 E8          INX                    A:20FC X:0205 Y:000F S:012A D:1628 DB:86 nvmxdizc V:  3 H:105 F:30
				87F0A5 1A          INC                    A:20FC X:0206 Y:000F S:012A D:1628 DB:86 nvmxdizc V:  3 H:108 F:30
				87F0A6 9F 00 E0 7F STA $7FE000,X [7FE206] A:20FD X:0206 Y:000F S:012A D:1628 DB:86 nvmxdizc V:  3 H:111 F:30
				87F0AA E8          INX                    A:20FD X:0206 Y:000F S:012A D:1628 DB:86 nvmxdizc V:  3 H:121 F:30
				87F0AB E8          INX                    A:20FD X:0207 Y:000F S:012A D:1628 DB:86 nvmxdizc V:  3 H:124 F:30
				87F0AC 88          DEY                    A:20FD X:0208 Y:000F S:012A D:1628 DB:86 nvmxdizc V:  3 H:127 F:30
				87F0AD D0 EF       BNE $00EF     [87F09E] A:20FD X:0208 Y:000E S:012A D:1628 DB:86 nvmxdizc V:  3 H:130 F:30
				87F09E 3A          DEC                    A:20FD X:0208 Y:000E S:012A D:1628 DB:86 nvmxdizc V:  3 H:144 F:30
				87F09F 9F 00 E0 7F STA $7FE000,X [7FE208] A:20FC X:0208 Y:000E S:012A D:1628 DB:86 nvmxdizc V:  3 H:147 F:30
				87F0A3 E8          INX                    A:20FC X:0208 Y:000E S:012A D:1628 DB:86 nvmxdizc V:  3 H:157 F:30
				87F0A4 E8          INX                    A:20FC X:0209 Y:000E S:012A D:1628 DB:86 nvmxdizc V:  3 H:160 F:30
				87F0A5 1A          INC                    A:20FC X:020A Y:000E S:012A D:1628 DB:86 nvmxdizc V:  3 H:163 F:30
				87F0A6 9F 00 E0 7F STA $7FE000,X [7FE20A] A:20FD X:020A Y:000E S:012A D:1628 DB:86 nvmxdizc V:  3 H:166 F:30
				87F0AA E8          INX                    A:20FD X:020A Y:000E S:012A D:1628 DB:86 nvmxdizc V:  3 H:176 F:30
				87F0AB E8          INX                    A:20FD X:020B Y:000E S:012A D:1628 DB:86 nvmxdizc V:  3 H:179 F:30
				87F0AC 88          DEY                    A:20FD X:020C Y:000E S:012A D:1628 DB:86 nvmxdizc V:  3 H:182 F:30
				87F0AD D0 EF       BNE $00EF     [87F09E] A:20FD X:020C Y:000D S:012A D:1628 DB:86 nvmxdizc V:  3 H:185 F:30
				87F09E 3A          DEC                    A:20FD X:020C Y:000D S:012A D:1628 DB:86 nvmxdizc V:  3 H:190 F:30
				87F09F 9F 00 E0 7F STA $7FE000,X [7FE20C] A:20FC X:020C Y:000D S:012A D:1628 DB:86 nvmxdizc V:  3 H:193 F:30
				87F0A3 E8          INX                    A:20FC X:020C Y:000D S:012A D:1628 DB:86 nvmxdizc V:  3 H:203 F:30
				87F0A4 E8          INX                    A:20FC X:020D Y:000D S:012A D:1628 DB:86 nvmxdizc V:  3 H:206 F:30
				87F0A5 1A          INC                    A:20FC X:020E Y:000D S:012A D:1628 DB:86 nvmxdizc V:  3 H:209 F:30
				87F0A6 9F 00 E0 7F STA $7FE000,X [7FE20E] A:20FD X:020E Y:000D S:012A D:1628 DB:86 nvmxdizc V:  3 H:212 F:30
				87F0AA E8          INX                    A:20FD X:020E Y:000D S:012A D:1628 DB:86 nvmxdizc V:  3 H:222 F:30
				87F0AB E8          INX                    A:20FD X:020F Y:000D S:012A D:1628 DB:86 nvmxdizc V:  3 H:225 F:30
				87F0AC 88          DEY                    A:20FD X:0210 Y:000D S:012A D:1628 DB:86 nvmxdizc V:  3 H:228 F:30
				87F0AD D0 EF       BNE $00EF     [87F09E] A:20FD X:0210 Y:000C S:012A D:1628 DB:86 nvmxdizc V:  3 H:231 F:30
				87F09E 3A          DEC                    A:20FD X:0210 Y:000C S:012A D:1628 DB:86 nvmxdizc V:  3 H:235 F:30
				87F09F 9F 00 E0 7F STA $7FE000,X [7FE210] A:20FC X:0210 Y:000C S:012A D:1628 DB:86 nvmxdizc V:  3 H:238 F:30
				87F0A3 E8          INX                    A:20FC X:0210 Y:000C S:012A D:1628 DB:86 nvmxdizc V:  3 H:248 F:30
				87F0A4 E8          INX                    A:20FC X:0211 Y:000C S:012A D:1628 DB:86 nvmxdizc V:  3 H:251 F:30
				87F0A5 1A          INC                    A:20FC X:0212 Y:000C S:012A D:1628 DB:86 nvmxdizc V:  3 H:254 F:30
				87F0A6 9F 00 E0 7F STA $7FE000,X [7FE212] A:20FD X:0212 Y:000C S:012A D:1628 DB:86 nvmxdizc V:  3 H:257 F:30
				87F0AA E8          INX                    A:20FD X:0212 Y:000C S:012A D:1628 DB:86 nvmxdizc V:  3 H:267 F:30
				87F0AB E8          INX                    A:20FD X:0213 Y:000C S:012A D:1628 DB:86 nvmxdizc V:  3 H:270 F:30
				87F0AC 88          DEY                    A:20FD X:0214 Y:000C S:012A D:1628 DB:86 nvmxdizc V:  3 H:273 F:30
				87F0AD D0 EF       BNE $00EF     [87F09E] A:20FD X:0214 Y:000B S:012A D:1628 DB:86 nvmxdizc V:  3 H:276 F:30
				87F09E 3A          DEC                    A:20FD X:0214 Y:000B S:012A D:1628 DB:86 nvmxdizc V:  3 H:281 F:30
				87F09F 9F 00 E0 7F STA $7FE000,X [7FE214] A:20FC X:0214 Y:000B S:012A D:1628 DB:86 nvmxdizc V:  3 H:284 F:30
				87F0A3 E8          INX                    A:20FC X:0214 Y:000B S:012A D:1628 DB:86 nvmxdizc V:  3 H:294 F:30
				87F0A4 E8          INX                    A:20FC X:0215 Y:000B S:012A D:1628 DB:86 nvmxdizc V:  3 H:297 F:30
				87F0A5 1A          INC                    A:20FC X:0216 Y:000B S:012A D:1628 DB:86 nvmxdizc V:  3 H:300 F:30
				87F0A6 9F 00 E0 7F STA $7FE000,X [7FE216] A:20FD X:0216 Y:000B S:012A D:1628 DB:86 nvmxdizc V:  3 H:303 F:30
				87F0AA E8          INX                    A:20FD X:0216 Y:000B S:012A D:1628 DB:86 nvmxdizc V:  3 H:313 F:30
				87F0AB E8          INX                    A:20FD X:0217 Y:000B S:012A D:1628 DB:86 nvmxdizc V:  3 H:316 F:30
				87F0AC 88          DEY                    A:20FD X:0218 Y:000B S:012A D:1628 DB:86 nvmxdizc V:  3 H:319 F:30
				87F0AD D0 EF       BNE $00EF     [87F09E] A:20FD X:0218 Y:000A S:012A D:1628 DB:86 nvmxdizc V:  3 H:322 F:30
				87F09E 3A          DEC                    A:20FD X:0218 Y:000A S:012A D:1628 DB:86 nvmxdizc V:  3 H:326 F:30
				87F09F 9F 00 E0 7F STA $7FE000,X [7FE218] A:20FC X:0218 Y:000A S:012A D:1628 DB:86 nvmxdizc V:  3 H:328 F:30
				87F0A3 E8          INX                    A:20FC X:0218 Y:000A S:012A D:1628 DB:86 nvmxdizc V:  3 H:338 F:30
				87F0A4 E8          INX                    A:20FC X:0219 Y:000A S:012A D:1628 DB:86 nvmxdizc V:  4 H:  1 F:30
				87F0A5 1A          INC                    A:20FC X:021A Y:000A S:012A D:1628 DB:86 nvmxdizc V:  4 H:  4 F:30
				87F0A6 9F 00 E0 7F STA $7FE000,X [7FE21A] A:20FD X:021A Y:000A S:012A D:1628 DB:86 nvmxdizc V:  4 H:  7 F:30
				87F0AA E8          INX                    A:20FD X:021A Y:000A S:012A D:1628 DB:86 nvmxdizc V:  4 H: 17 F:30
				87F0AB E8          INX                    A:20FD X:021B Y:000A S:012A D:1628 DB:86 nvmxdizc V:  4 H: 20 F:30
				87F0AC 88          DEY                    A:20FD X:021C Y:000A S:012A D:1628 DB:86 nvmxdizc V:  4 H: 23 F:30
				87F0AD D0 EF       BNE $00EF     [87F09E] A:20FD X:021C Y:0009 S:012A D:1628 DB:86 nvmxdizc V:  4 H: 26 F:30
				87F09E 3A          DEC                    A:20FD X:021C Y:0009 S:012A D:1628 DB:86 nvmxdizc V:  4 H: 31 F:30
				87F09F 9F 00 E0 7F STA $7FE000,X [7FE21C] A:20FC X:021C Y:0009 S:012A D:1628 DB:86 nvmxdizc V:  4 H: 34 F:30
				87F0A3 E8          INX                    A:20FC X:021C Y:0009 S:012A D:1628 DB:86 nvmxdizc V:  4 H: 44 F:30
				87F0A4 E8          INX                    A:20FC X:021D Y:0009 S:012A D:1628 DB:86 nvmxdizc V:  4 H: 47 F:30
				87F0A5 1A          INC                    A:20FC X:021E Y:0009 S:012A D:1628 DB:86 nvmxdizc V:  4 H: 50 F:30
				87F0A6 9F 00 E0 7F STA $7FE000,X [7FE21E] A:20FD X:021E Y:0009 S:012A D:1628 DB:86 nvmxdizc V:  4 H: 53 F:30
				87F0AA E8          INX                    A:20FD X:021E Y:0009 S:012A D:1628 DB:86 nvmxdizc V:  4 H: 63 F:30
				87F0AB E8          INX                    A:20FD X:021F Y:0009 S:012A D:1628 DB:86 nvmxdizc V:  4 H: 66 F:30
				87F0AC 88          DEY                    A:20FD X:0220 Y:0009 S:012A D:1628 DB:86 nvmxdizc V:  4 H: 69 F:30
				87F0AD D0 EF       BNE $00EF     [87F09E] A:20FD X:0220 Y:0008 S:012A D:1628 DB:86 nvmxdizc V:  4 H: 72 F:30
				87F09E 3A          DEC                    A:20FD X:0220 Y:0008 S:012A D:1628 DB:86 nvmxdizc V:  4 H: 76 F:30
				87F09F 9F 00 E0 7F STA $7FE000,X [7FE220] A:20FC X:0220 Y:0008 S:012A D:1628 DB:86 nvmxdizc V:  4 H: 79 F:30
				87F0A3 E8          INX                    A:20FC X:0220 Y:0008 S:012A D:1628 DB:86 nvmxdizc V:  4 H: 89 F:30
				87F0A4 E8          INX                    A:20FC X:0221 Y:0008 S:012A D:1628 DB:86 nvmxdizc V:  4 H: 92 F:30
				87F0A5 1A          INC                    A:20FC X:0222 Y:0008 S:012A D:1628 DB:86 nvmxdizc V:  4 H: 95 F:30
				87F0A6 9F 00 E0 7F STA $7FE000,X [7FE222] A:20FD X:0222 Y:0008 S:012A D:1628 DB:86 nvmxdizc V:  4 H: 98 F:30
				87F0AA E8          INX                    A:20FD X:0222 Y:0008 S:012A D:1628 DB:86 nvmxdizc V:  4 H:108 F:30
				87F0AB E8          INX                    A:20FD X:0223 Y:0008 S:012A D:1628 DB:86 nvmxdizc V:  4 H:111 F:30
				87F0AC 88          DEY                    A:20FD X:0224 Y:0008 S:012A D:1628 DB:86 nvmxdizc V:  4 H:114 F:30
				87F0AD D0 EF       BNE $00EF     [87F09E] A:20FD X:0224 Y:0007 S:012A D:1628 DB:86 nvmxdizc V:  4 H:117 F:30
				87F09E 3A          DEC                    A:20FD X:0224 Y:0007 S:012A D:1628 DB:86 nvmxdizc V:  4 H:122 F:30
				87F09F 9F 00 E0 7F STA $7FE000,X [7FE224] A:20FC X:0224 Y:0007 S:012A D:1628 DB:86 nvmxdizc V:  4 H:125 F:30
				87F0A3 E8          INX                    A:20FC X:0224 Y:0007 S:012A D:1628 DB:86 nvmxdizc V:  4 H:145 F:30
				87F0A4 E8          INX                    A:20FC X:0225 Y:0007 S:012A D:1628 DB:86 nvmxdizc V:  4 H:148 F:30
				87F0A5 1A          INC                    A:20FC X:0226 Y:0007 S:012A D:1628 DB:86 nvmxdizc V:  4 H:151 F:30
				87F0A6 9F 00 E0 7F STA $7FE000,X [7FE226] A:20FD X:0226 Y:0007 S:012A D:1628 DB:86 nvmxdizc V:  4 H:154 F:30
				87F0AA E8          INX                    A:20FD X:0226 Y:0007 S:012A D:1628 DB:86 nvmxdizc V:  4 H:164 F:30
				87F0AB E8          INX                    A:20FD X:0227 Y:0007 S:012A D:1628 DB:86 nvmxdizc V:  4 H:167 F:30
				87F0AC 88          DEY                    A:20FD X:0228 Y:0007 S:012A D:1628 DB:86 nvmxdizc V:  4 H:170 F:30
				87F0AD D0 EF       BNE $00EF     [87F09E] A:20FD X:0228 Y:0006 S:012A D:1628 DB:86 nvmxdizc V:  4 H:173 F:30
				87F09E 3A          DEC                    A:20FD X:0228 Y:0006 S:012A D:1628 DB:86 nvmxdizc V:  4 H:177 F:30
				87F09F 9F 00 E0 7F STA $7FE000,X [7FE228] A:20FC X:0228 Y:0006 S:012A D:1628 DB:86 nvmxdizc V:  4 H:180 F:30
				87F0A3 E8          INX                    A:20FC X:0228 Y:0006 S:012A D:1628 DB:86 nvmxdizc V:  4 H:190 F:30
				87F0A4 E8          INX                    A:20FC X:0229 Y:0006 S:012A D:1628 DB:86 nvmxdizc V:  4 H:193 F:30
				87F0A5 1A          INC                    A:20FC X:022A Y:0006 S:012A D:1628 DB:86 nvmxdizc V:  4 H:196 F:30
				87F0A6 9F 00 E0 7F STA $7FE000,X [7FE22A] A:20FD X:022A Y:0006 S:012A D:1628 DB:86 nvmxdizc V:  4 H:199 F:30
				87F0AA E8          INX                    A:20FD X:022A Y:0006 S:012A D:1628 DB:86 nvmxdizc V:  4 H:209 F:30
				87F0AB E8          INX                    A:20FD X:022B Y:0006 S:012A D:1628 DB:86 nvmxdizc V:  4 H:212 F:30
				87F0AC 88          DEY                    A:20FD X:022C Y:0006 S:012A D:1628 DB:86 nvmxdizc V:  4 H:215 F:30
				87F0AD D0 EF       BNE $00EF     [87F09E] A:20FD X:022C Y:0005 S:012A D:1628 DB:86 nvmxdizc V:  4 H:218 F:30
				87F09E 3A          DEC                    A:20FD X:022C Y:0005 S:012A D:1628 DB:86 nvmxdizc V:  4 H:223 F:30
				87F09F 9F 00 E0 7F STA $7FE000,X [7FE22C] A:20FC X:022C Y:0005 S:012A D:1628 DB:86 nvmxdizc V:  4 H:226 F:30
				87F0A3 E8          INX                    A:20FC X:022C Y:0005 S:012A D:1628 DB:86 nvmxdizc V:  4 H:236 F:30
				87F0A4 E8          INX                    A:20FC X:022D Y:0005 S:012A D:1628 DB:86 nvmxdizc V:  4 H:239 F:30
				87F0A5 1A          INC                    A:20FC X:022E Y:0005 S:012A D:1628 DB:86 nvmxdizc V:  4 H:242 F:30
				87F0A6 9F 00 E0 7F STA $7FE000,X [7FE22E] A:20FD X:022E Y:0005 S:012A D:1628 DB:86 nvmxdizc V:  4 H:245 F:30
				87F0AA E8          INX                    A:20FD X:022E Y:0005 S:012A D:1628 DB:86 nvmxdizc V:  4 H:255 F:30
				87F0AB E8          INX                    A:20FD X:022F Y:0005 S:012A D:1628 DB:86 nvmxdizc V:  4 H:258 F:30
				87F0AC 88          DEY                    A:20FD X:0230 Y:0005 S:012A D:1628 DB:86 nvmxdizc V:  4 H:261 F:30
				87F0AD D0 EF       BNE $00EF     [87F09E] A:20FD X:0230 Y:0004 S:012A D:1628 DB:86 nvmxdizc V:  4 H:264 F:30
				87F09E 3A          DEC                    A:20FD X:0230 Y:0004 S:012A D:1628 DB:86 nvmxdizc V:  4 H:268 F:30
				87F09F 9F 00 E0 7F STA $7FE000,X [7FE230] A:20FC X:0230 Y:0004 S:012A D:1628 DB:86 nvmxdizc V:  4 H:271 F:30
				87F0A3 E8          INX                    A:20FC X:0230 Y:0004 S:012A D:1628 DB:86 nvmxdizc V:  4 H:281 F:30
				87F0A4 E8          INX                    A:20FC X:0231 Y:0004 S:012A D:1628 DB:86 nvmxdizc V:  4 H:284 F:30
				87F0A5 1A          INC                    A:20FC X:0232 Y:0004 S:012A D:1628 DB:86 nvmxdizc V:  4 H:287 F:30
				87F0A6 9F 00 E0 7F STA $7FE000,X [7FE232] A:20FD X:0232 Y:0004 S:012A D:1628 DB:86 nvmxdizc V:  4 H:290 F:30
				87F0AA E8          INX                    A:20FD X:0232 Y:0004 S:012A D:1628 DB:86 nvmxdizc V:  4 H:300 F:30
				87F0AB E8          INX                    A:20FD X:0233 Y:0004 S:012A D:1628 DB:86 nvmxdizc V:  4 H:303 F:30
				87F0AC 88          DEY                    A:20FD X:0234 Y:0004 S:012A D:1628 DB:86 nvmxdizc V:  4 H:306 F:30
				87F0AD D0 EF       BNE $00EF     [87F09E] A:20FD X:0234 Y:0003 S:012A D:1628 DB:86 nvmxdizc V:  4 H:309 F:30
				87F09E 3A          DEC                    A:20FD X:0234 Y:0003 S:012A D:1628 DB:86 nvmxdizc V:  4 H:314 F:30
				87F09F 9F 00 E0 7F STA $7FE000,X [7FE234] A:20FC X:0234 Y:0003 S:012A D:1628 DB:86 nvmxdizc V:  4 H:317 F:30
				87F0A3 E8          INX                    A:20FC X:0234 Y:0003 S:012A D:1628 DB:86 nvmxdizc V:  4 H:326 F:30
				87F0A4 E8          INX                    A:20FC X:0235 Y:0003 S:012A D:1628 DB:86 nvmxdizc V:  4 H:329 F:30
				87F0A5 1A          INC                    A:20FC X:0236 Y:0003 S:012A D:1628 DB:86 nvmxdizc V:  4 H:332 F:30
				87F0A6 9F 00 E0 7F STA $7FE000,X [7FE236] A:20FD X:0236 Y:0003 S:012A D:1628 DB:86 nvmxdizc V:  4 H:335 F:30
				87F0AA E8          INX                    A:20FD X:0236 Y:0003 S:012A D:1628 DB:86 nvmxdizc V:  5 H:  5 F:30
				87F0AB E8          INX                    A:20FD X:0237 Y:0003 S:012A D:1628 DB:86 nvmxdizc V:  5 H:  8 F:30
				87F0AC 88          DEY                    A:20FD X:0238 Y:0003 S:012A D:1628 DB:86 nvmxdizc V:  5 H: 11 F:30
				87F0AD D0 EF       BNE $00EF     [87F09E] A:20FD X:0238 Y:0002 S:012A D:1628 DB:86 nvmxdizc V:  5 H: 14 F:30
				87F09E 3A          DEC                    A:20FD X:0238 Y:0002 S:012A D:1628 DB:86 nvmxdizc V:  5 H: 18 F:30
				87F09F 9F 00 E0 7F STA $7FE000,X [7FE238] A:20FC X:0238 Y:0002 S:012A D:1628 DB:86 nvmxdizc V:  5 H: 21 F:30
				87F0A3 E8          INX                    A:20FC X:0238 Y:0002 S:012A D:1628 DB:86 nvmxdizc V:  5 H: 31 F:30
				87F0A4 E8          INX                    A:20FC X:0239 Y:0002 S:012A D:1628 DB:86 nvmxdizc V:  5 H: 34 F:30
				87F0A5 1A          INC                    A:20FC X:023A Y:0002 S:012A D:1628 DB:86 nvmxdizc V:  5 H: 37 F:30
				87F0A6 9F 00 E0 7F STA $7FE000,X [7FE23A] A:20FD X:023A Y:0002 S:012A D:1628 DB:86 nvmxdizc V:  5 H: 40 F:30
				87F0AA E8          INX                    A:20FD X:023A Y:0002 S:012A D:1628 DB:86 nvmxdizc V:  5 H: 50 F:30
				87F0AB E8          INX                    A:20FD X:023B Y:0002 S:012A D:1628 DB:86 nvmxdizc V:  5 H: 53 F:30
				87F0AC 88          DEY                    A:20FD X:023C Y:0002 S:012A D:1628 DB:86 nvmxdizc V:  5 H: 56 F:30
				87F0AD D0 EF       BNE $00EF     [87F09E] A:20FD X:023C Y:0001 S:012A D:1628 DB:86 nvmxdizc V:  5 H: 59 F:30
				87F09E 3A          DEC                    A:20FD X:023C Y:0001 S:012A D:1628 DB:86 nvmxdizc V:  5 H: 64 F:30
				87F09F 9F 00 E0 7F STA $7FE000,X [7FE23C] A:20FC X:023C Y:0001 S:012A D:1628 DB:86 nvmxdizc V:  5 H: 67 F:30
				87F0A3 E8          INX                    A:20FC X:023C Y:0001 S:012A D:1628 DB:86 nvmxdizc V:  5 H: 77 F:30
				87F0A4 E8          INX                    A:20FC X:023D Y:0001 S:012A D:1628 DB:86 nvmxdizc V:  5 H: 80 F:30
				87F0A5 1A          INC                    A:20FC X:023E Y:0001 S:012A D:1628 DB:86 nvmxdizc V:  5 H: 83 F:30
				87F0A6 9F 00 E0 7F STA $7FE000,X [7FE23E] A:20FD X:023E Y:0001 S:012A D:1628 DB:86 nvmxdizc V:  5 H: 86 F:30
				87F0AA E8          INX                    A:20FD X:023E Y:0001 S:012A D:1628 DB:86 nvmxdizc V:  5 H: 96 F:30
				87F0AB E8          INX                    A:20FD X:023F Y:0001 S:012A D:1628 DB:86 nvmxdizc V:  5 H: 99 F:30
				87F0AC 88          DEY                    A:20FD X:0240 Y:0001 S:012A D:1628 DB:86 nvmxdizc V:  5 H:102 F:30
				87F0AD D0 EF       BNE $00EF     [87F09E] A:20FD X:0240 Y:0000 S:012A D:1628 DB:86 nvmxdiZc V:  5 H:105 F:30
				87F0AF A0 10 00    LDY #$0010             A:20FD X:0240 Y:0000 S:012A D:1628 DB:86 nvmxdiZc V:  5 H:108 F:30
				87F0B2 A9 FF 20    LDA #$20FF             A:20FD X:0240 Y:0010 S:012A D:1628 DB:86 nvmxdizc V:  5 H:112 F:30
				87F0B5 05 1C       ORA $1C       [001644] A:20FF X:0240 Y:0010 S:012A D:1628 DB:86 nvmxdizc V:  5 H:117 F:30
				87F0B7 3A          DEC                    A:20FF X:0240 Y:0010 S:012A D:1628 DB:86 nvmxdizc V:  5 H:125 F:30
				87F0B8 9F 00 E0 7F STA $7FE000,X [7FE240] A:20FE X:0240 Y:0010 S:012A D:1628 DB:86 nvmxdizc V:  5 H:128 F:30
				87F0BC E8          INX                    A:20FE X:0240 Y:0010 S:012A D:1628 DB:86 nvmxdizc V:  5 H:148 F:30
				87F0BD E8          INX                    A:20FE X:0241 Y:0010 S:012A D:1628 DB:86 nvmxdizc V:  5 H:151 F:30
				87F0BE 1A          INC                    A:20FE X:0242 Y:0010 S:012A D:1628 DB:86 nvmxdizc V:  5 H:154 F:30
				87F0BF 9F 00 E0 7F STA $7FE000,X [7FE242] A:20FF X:0242 Y:0010 S:012A D:1628 DB:86 nvmxdizc V:  5 H:157 F:30
				87F0C3 E8          INX                    A:20FF X:0242 Y:0010 S:012A D:1628 DB:86 nvmxdizc V:  5 H:167 F:30
				87F0C4 E8          INX                    A:20FF X:0243 Y:0010 S:012A D:1628 DB:86 nvmxdizc V:  5 H:170 F:30
				87F0C5 88          DEY                    A:20FF X:0244 Y:0010 S:012A D:1628 DB:86 nvmxdizc V:  5 H:173 F:30
				87F0C6 D0 EF       BNE $00EF     [87F0B7] A:20FF X:0244 Y:000F S:012A D:1628 DB:86 nvmxdizc V:  5 H:176 F:30
				87F0B7 3A          DEC                    A:20FF X:0244 Y:000F S:012A D:1628 DB:86 nvmxdizc V:  5 H:181 F:30
				87F0B8 9F 00 E0 7F STA $7FE000,X [7FE244] A:20FE X:0244 Y:000F S:012A D:1628 DB:86 nvmxdizc V:  5 H:184 F:30
				87F0BC E8          INX                    A:20FE X:0244 Y:000F S:012A D:1628 DB:86 nvmxdizc V:  5 H:194 F:30
				87F0BD E8          INX                    A:20FE X:0245 Y:000F S:012A D:1628 DB:86 nvmxdizc V:  5 H:197 F:30
				87F0BE 1A          INC                    A:20FE X:0246 Y:000F S:012A D:1628 DB:86 nvmxdizc V:  5 H:200 F:30
				87F0BF 9F 00 E0 7F STA $7FE000,X [7FE246] A:20FF X:0246 Y:000F S:012A D:1628 DB:86 nvmxdizc V:  5 H:203 F:30
				87F0C3 E8          INX                    A:20FF X:0246 Y:000F S:012A D:1628 DB:86 nvmxdizc V:  5 H:213 F:30
				87F0C4 E8          INX                    A:20FF X:0247 Y:000F S:012A D:1628 DB:86 nvmxdizc V:  5 H:216 F:30
				87F0C5 88          DEY                    A:20FF X:0248 Y:000F S:012A D:1628 DB:86 nvmxdizc V:  5 H:219 F:30
				87F0C6 D0 EF       BNE $00EF     [87F0B7] A:20FF X:0248 Y:000E S:012A D:1628 DB:86 nvmxdizc V:  5 H:222 F:30
				87F0B7 3A          DEC                    A:20FF X:0248 Y:000E S:012A D:1628 DB:86 nvmxdizc V:  5 H:226 F:30
				87F0B8 9F 00 E0 7F STA $7FE000,X [7FE248] A:20FE X:0248 Y:000E S:012A D:1628 DB:86 nvmxdizc V:  5 H:229 F:30
				87F0BC E8          INX                    A:20FE X:0248 Y:000E S:012A D:1628 DB:86 nvmxdizc V:  5 H:239 F:30
				87F0BD E8          INX                    A:20FE X:0249 Y:000E S:012A D:1628 DB:86 nvmxdizc V:  5 H:242 F:30
				87F0BE 1A          INC                    A:20FE X:024A Y:000E S:012A D:1628 DB:86 nvmxdizc V:  5 H:245 F:30
				87F0BF 9F 00 E0 7F STA $7FE000,X [7FE24A] A:20FF X:024A Y:000E S:012A D:1628 DB:86 nvmxdizc V:  5 H:248 F:30
				87F0C3 E8          INX                    A:20FF X:024A Y:000E S:012A D:1628 DB:86 nvmxdizc V:  5 H:258 F:30
				87F0C4 E8          INX                    A:20FF X:024B Y:000E S:012A D:1628 DB:86 nvmxdizc V:  5 H:261 F:30
				87F0C5 88          DEY                    A:20FF X:024C Y:000E S:012A D:1628 DB:86 nvmxdizc V:  5 H:264 F:30
				87F0C6 D0 EF       BNE $00EF     [87F0B7] A:20FF X:024C Y:000D S:012A D:1628 DB:86 nvmxdizc V:  5 H:267 F:30
				87F0B7 3A          DEC                    A:20FF X:024C Y:000D S:012A D:1628 DB:86 nvmxdizc V:  5 H:272 F:30
				87F0B8 9F 00 E0 7F STA $7FE000,X [7FE24C] A:20FE X:024C Y:000D S:012A D:1628 DB:86 nvmxdizc V:  5 H:275 F:30
				87F0BC E8          INX                    A:20FE X:024C Y:000D S:012A D:1628 DB:86 nvmxdizc V:  5 H:285 F:30
				87F0BD E8          INX                    A:20FE X:024D Y:000D S:012A D:1628 DB:86 nvmxdizc V:  5 H:288 F:30
				87F0BE 1A          INC                    A:20FE X:024E Y:000D S:012A D:1628 DB:86 nvmxdizc V:  5 H:291 F:30
				87F0BF 9F 00 E0 7F STA $7FE000,X [7FE24E] A:20FF X:024E Y:000D S:012A D:1628 DB:86 nvmxdizc V:  5 H:294 F:30
				87F0C3 E8          INX                    A:20FF X:024E Y:000D S:012A D:1628 DB:86 nvmxdizc V:  5 H:304 F:30
				87F0C4 E8          INX                    A:20FF X:024F Y:000D S:012A D:1628 DB:86 nvmxdizc V:  5 H:307 F:30
				87F0C5 88          DEY                    A:20FF X:0250 Y:000D S:012A D:1628 DB:86 nvmxdizc V:  5 H:310 F:30
				87F0C6 D0 EF       BNE $00EF     [87F0B7] A:20FF X:0250 Y:000C S:012A D:1628 DB:86 nvmxdizc V:  5 H:313 F:30
				87F0B7 3A          DEC                    A:20FF X:0250 Y:000C S:012A D:1628 DB:86 nvmxdizc V:  5 H:317 F:30
				87F0B8 9F 00 E0 7F STA $7FE000,X [7FE250] A:20FE X:0250 Y:000C S:012A D:1628 DB:86 nvmxdizc V:  5 H:320 F:30
				87F0BC E8          INX                    A:20FE X:0250 Y:000C S:012A D:1628 DB:86 nvmxdizc V:  5 H:329 F:30
				87F0BD E8          INX                    A:20FE X:0251 Y:000C S:012A D:1628 DB:86 nvmxdizc V:  5 H:332 F:30
				87F0BE 1A          INC                    A:20FE X:0252 Y:000C S:012A D:1628 DB:86 nvmxdizc V:  5 H:335 F:30
				87F0BF 9F 00 E0 7F STA $7FE000,X [7FE252] A:20FF X:0252 Y:000C S:012A D:1628 DB:86 nvmxdizc V:  5 H:338 F:30
				87F0C3 E8          INX                    A:20FF X:0252 Y:000C S:012A D:1628 DB:86 nvmxdizc V:  6 H:  8 F:30
				87F0C4 E8          INX                    A:20FF X:0253 Y:000C S:012A D:1628 DB:86 nvmxdizc V:  6 H: 11 F:30
				87F0C5 88          DEY                    A:20FF X:0254 Y:000C S:012A D:1628 DB:86 nvmxdizc V:  6 H: 14 F:30
				87F0C6 D0 EF       BNE $00EF     [87F0B7] A:20FF X:0254 Y:000B S:012A D:1628 DB:86 nvmxdizc V:  6 H: 17 F:30
				87F0B7 3A          DEC                    A:20FF X:0254 Y:000B S:012A D:1628 DB:86 nvmxdizc V:  6 H: 22 F:30
				87F0B8 9F 00 E0 7F STA $7FE000,X [7FE254] A:20FE X:0254 Y:000B S:012A D:1628 DB:86 nvmxdizc V:  6 H: 25 F:30
				87F0BC E8          INX                    A:20FE X:0254 Y:000B S:012A D:1628 DB:86 nvmxdizc V:  6 H: 35 F:30
				87F0BD E8          INX                    A:20FE X:0255 Y:000B S:012A D:1628 DB:86 nvmxdizc V:  6 H: 38 F:30
				87F0BE 1A          INC                    A:20FE X:0256 Y:000B S:012A D:1628 DB:86 nvmxdizc V:  6 H: 41 F:30
				87F0BF 9F 00 E0 7F STA $7FE000,X [7FE256] A:20FF X:0256 Y:000B S:012A D:1628 DB:86 nvmxdizc V:  6 H: 44 F:30
				87F0C3 E8          INX                    A:20FF X:0256 Y:000B S:012A D:1628 DB:86 nvmxdizc V:  6 H: 54 F:30
				87F0C4 E8          INX                    A:20FF X:0257 Y:000B S:012A D:1628 DB:86 nvmxdizc V:  6 H: 57 F:30
				87F0C5 88          DEY                    A:20FF X:0258 Y:000B S:012A D:1628 DB:86 nvmxdizc V:  6 H: 60 F:30
				87F0C6 D0 EF       BNE $00EF     [87F0B7] A:20FF X:0258 Y:000A S:012A D:1628 DB:86 nvmxdizc V:  6 H: 63 F:30
				87F0B7 3A          DEC                    A:20FF X:0258 Y:000A S:012A D:1628 DB:86 nvmxdizc V:  6 H: 67 F:30
				87F0B8 9F 00 E0 7F STA $7FE000,X [7FE258] A:20FE X:0258 Y:000A S:012A D:1628 DB:86 nvmxdizc V:  6 H: 70 F:30
				87F0BC E8          INX                    A:20FE X:0258 Y:000A S:012A D:1628 DB:86 nvmxdizc V:  6 H: 80 F:30
				87F0BD E8          INX                    A:20FE X:0259 Y:000A S:012A D:1628 DB:86 nvmxdizc V:  6 H: 83 F:30
				87F0BE 1A          INC                    A:20FE X:025A Y:000A S:012A D:1628 DB:86 nvmxdizc V:  6 H: 86 F:30
				87F0BF 9F 00 E0 7F STA $7FE000,X [7FE25A] A:20FF X:025A Y:000A S:012A D:1628 DB:86 nvmxdizc V:  6 H: 89 F:30
				87F0C3 E8          INX                    A:20FF X:025A Y:000A S:012A D:1628 DB:86 nvmxdizc V:  6 H: 99 F:30
				87F0C4 E8          INX                    A:20FF X:025B Y:000A S:012A D:1628 DB:86 nvmxdizc V:  6 H:102 F:30
				87F0C5 88          DEY                    A:20FF X:025C Y:000A S:012A D:1628 DB:86 nvmxdizc V:  6 H:105 F:30
				87F0C6 D0 EF       BNE $00EF     [87F0B7] A:20FF X:025C Y:0009 S:012A D:1628 DB:86 nvmxdizc V:  6 H:108 F:30
				87F0B7 3A          DEC                    A:20FF X:025C Y:0009 S:012A D:1628 DB:86 nvmxdizc V:  6 H:113 F:30
				87F0B8 9F 00 E0 7F STA $7FE000,X [7FE25C] A:20FE X:025C Y:0009 S:012A D:1628 DB:86 nvmxdizc V:  6 H:116 F:30
				87F0BC E8          INX                    A:20FE X:025C Y:0009 S:012A D:1628 DB:86 nvmxdizc V:  6 H:126 F:30
				87F0BD E8          INX                    A:20FE X:025D Y:0009 S:012A D:1628 DB:86 nvmxdizc V:  6 H:129 F:30
				87F0BE 1A          INC                    A:20FE X:025E Y:0009 S:012A D:1628 DB:86 nvmxdizc V:  6 H:132 F:30
				87F0BF 9F 00 E0 7F STA $7FE000,X [7FE25E] A:20FF X:025E Y:0009 S:012A D:1628 DB:86 nvmxdizc V:  6 H:145 F:30
				87F0C3 E8          INX                    A:20FF X:025E Y:0009 S:012A D:1628 DB:86 nvmxdizc V:  6 H:155 F:30
				87F0C4 E8          INX                    A:20FF X:025F Y:0009 S:012A D:1628 DB:86 nvmxdizc V:  6 H:158 F:30
				87F0C5 88          DEY                    A:20FF X:0260 Y:0009 S:012A D:1628 DB:86 nvmxdizc V:  6 H:161 F:30
				87F0C6 D0 EF       BNE $00EF     [87F0B7] A:20FF X:0260 Y:0008 S:012A D:1628 DB:86 nvmxdizc V:  6 H:164 F:30
				87F0B7 3A          DEC                    A:20FF X:0260 Y:0008 S:012A D:1628 DB:86 nvmxdizc V:  6 H:168 F:30
				87F0B8 9F 00 E0 7F STA $7FE000,X [7FE260] A:20FE X:0260 Y:0008 S:012A D:1628 DB:86 nvmxdizc V:  6 H:171 F:30
				87F0BC E8          INX                    A:20FE X:0260 Y:0008 S:012A D:1628 DB:86 nvmxdizc V:  6 H:181 F:30
				87F0BD E8          INX                    A:20FE X:0261 Y:0008 S:012A D:1628 DB:86 nvmxdizc V:  6 H:184 F:30
				87F0BE 1A          INC                    A:20FE X:0262 Y:0008 S:012A D:1628 DB:86 nvmxdizc V:  6 H:187 F:30
				87F0BF 9F 00 E0 7F STA $7FE000,X [7FE262] A:20FF X:0262 Y:0008 S:012A D:1628 DB:86 nvmxdizc V:  6 H:190 F:30
				87F0C3 E8          INX                    A:20FF X:0262 Y:0008 S:012A D:1628 DB:86 nvmxdizc V:  6 H:200 F:30
				87F0C4 E8          INX                    A:20FF X:0263 Y:0008 S:012A D:1628 DB:86 nvmxdizc V:  6 H:203 F:30
				87F0C5 88          DEY                    A:20FF X:0264 Y:0008 S:012A D:1628 DB:86 nvmxdizc V:  6 H:206 F:30
				87F0C6 D0 EF       BNE $00EF     [87F0B7] A:20FF X:0264 Y:0007 S:012A D:1628 DB:86 nvmxdizc V:  6 H:209 F:30
				87F0B7 3A          DEC                    A:20FF X:0264 Y:0007 S:012A D:1628 DB:86 nvmxdizc V:  6 H:214 F:30
				87F0B8 9F 00 E0 7F STA $7FE000,X [7FE264] A:20FE X:0264 Y:0007 S:012A D:1628 DB:86 nvmxdizc V:  6 H:217 F:30
				87F0BC E8          INX                    A:20FE X:0264 Y:0007 S:012A D:1628 DB:86 nvmxdizc V:  6 H:227 F:30
				87F0BD E8          INX                    A:20FE X:0265 Y:0007 S:012A D:1628 DB:86 nvmxdizc V:  6 H:230 F:30
				87F0BE 1A          INC                    A:20FE X:0266 Y:0007 S:012A D:1628 DB:86 nvmxdizc V:  6 H:233 F:30
				87F0BF 9F 00 E0 7F STA $7FE000,X [7FE266] A:20FF X:0266 Y:0007 S:012A D:1628 DB:86 nvmxdizc V:  6 H:236 F:30
				87F0C3 E8          INX                    A:20FF X:0266 Y:0007 S:012A D:1628 DB:86 nvmxdizc V:  6 H:246 F:30
				87F0C4 E8          INX                    A:20FF X:0267 Y:0007 S:012A D:1628 DB:86 nvmxdizc V:  6 H:249 F:30
				87F0C5 88          DEY                    A:20FF X:0268 Y:0007 S:012A D:1628 DB:86 nvmxdizc V:  6 H:252 F:30
				87F0C6 D0 EF       BNE $00EF     [87F0B7] A:20FF X:0268 Y:0006 S:012A D:1628 DB:86 nvmxdizc V:  6 H:255 F:30
				87F0B7 3A          DEC                    A:20FF X:0268 Y:0006 S:012A D:1628 DB:86 nvmxdizc V:  6 H:259 F:30
				87F0B8 9F 00 E0 7F STA $7FE000,X [7FE268] A:20FE X:0268 Y:0006 S:012A D:1628 DB:86 nvmxdizc V:  6 H:262 F:30
				87F0BC E8          INX                    A:20FE X:0268 Y:0006 S:012A D:1628 DB:86 nvmxdizc V:  6 H:272 F:30
				87F0BD E8          INX                    A:20FE X:0269 Y:0006 S:012A D:1628 DB:86 nvmxdizc V:  6 H:275 F:30
				87F0BE 1A          INC                    A:20FE X:026A Y:0006 S:012A D:1628 DB:86 nvmxdizc V:  6 H:278 F:30
				87F0BF 9F 00 E0 7F STA $7FE000,X [7FE26A] A:20FF X:026A Y:0006 S:012A D:1628 DB:86 nvmxdizc V:  6 H:281 F:30
				87F0C3 E8          INX                    A:20FF X:026A Y:0006 S:012A D:1628 DB:86 nvmxdizc V:  6 H:291 F:30
				87F0C4 E8          INX                    A:20FF X:026B Y:0006 S:012A D:1628 DB:86 nvmxdizc V:  6 H:294 F:30
				87F0C5 88          DEY                    A:20FF X:026C Y:0006 S:012A D:1628 DB:86 nvmxdizc V:  6 H:297 F:30
				87F0C6 D0 EF       BNE $00EF     [87F0B7] A:20FF X:026C Y:0005 S:012A D:1628 DB:86 nvmxdizc V:  6 H:300 F:30
				87F0B7 3A          DEC                    A:20FF X:026C Y:0005 S:012A D:1628 DB:86 nvmxdizc V:  6 H:305 F:30
				87F0B8 9F 00 E0 7F STA $7FE000,X [7FE26C] A:20FE X:026C Y:0005 S:012A D:1628 DB:86 nvmxdizc V:  6 H:308 F:30
				87F0BC E8          INX                    A:20FE X:026C Y:0005 S:012A D:1628 DB:86 nvmxdizc V:  6 H:318 F:30
				87F0BD E8          INX                    A:20FE X:026D Y:0005 S:012A D:1628 DB:86 nvmxdizc V:  6 H:321 F:30
				87F0BE 1A          INC                    A:20FE X:026E Y:0005 S:012A D:1628 DB:86 nvmxdizc V:  6 H:323 F:30
				87F0BF 9F 00 E0 7F STA $7FE000,X [7FE26E] A:20FF X:026E Y:0005 S:012A D:1628 DB:86 nvmxdizc V:  6 H:326 F:30
				87F0C3 E8          INX                    A:20FF X:026E Y:0005 S:012A D:1628 DB:86 nvmxdizc V:  6 H:336 F:30
				87F0C4 E8          INX                    A:20FF X:026F Y:0005 S:012A D:1628 DB:86 nvmxdizc V:  6 H:339 F:30
				87F0C5 88          DEY                    A:20FF X:0270 Y:0005 S:012A D:1628 DB:86 nvmxdizc V:  7 H:  2 F:30
				87F0C6 D0 EF       BNE $00EF     [87F0B7] A:20FF X:0270 Y:0004 S:012A D:1628 DB:86 nvmxdizc V:  7 H:  5 F:30
				87F0B7 3A          DEC                    A:20FF X:0270 Y:0004 S:012A D:1628 DB:86 nvmxdizc V:  7 H:  9 F:30
				87F0B8 9F 00 E0 7F STA $7FE000,X [7FE270] A:20FE X:0270 Y:0004 S:012A D:1628 DB:86 nvmxdizc V:  7 H: 12 F:30
				87F0BC E8          INX                    A:20FE X:0270 Y:0004 S:012A D:1628 DB:86 nvmxdizc V:  7 H: 22 F:30
				87F0BD E8          INX                    A:20FE X:0271 Y:0004 S:012A D:1628 DB:86 nvmxdizc V:  7 H: 25 F:30
				87F0BE 1A          INC                    A:20FE X:0272 Y:0004 S:012A D:1628 DB:86 nvmxdizc V:  7 H: 28 F:30
				87F0BF 9F 00 E0 7F STA $7FE000,X [7FE272] A:20FF X:0272 Y:0004 S:012A D:1628 DB:86 nvmxdizc V:  7 H: 31 F:30
				87F0C3 E8          INX                    A:20FF X:0272 Y:0004 S:012A D:1628 DB:86 nvmxdizc V:  7 H: 41 F:30
				87F0C4 E8          INX                    A:20FF X:0273 Y:0004 S:012A D:1628 DB:86 nvmxdizc V:  7 H: 44 F:30
				87F0C5 88          DEY                    A:20FF X:0274 Y:0004 S:012A D:1628 DB:86 nvmxdizc V:  7 H: 47 F:30
				87F0C6 D0 EF       BNE $00EF     [87F0B7] A:20FF X:0274 Y:0003 S:012A D:1628 DB:86 nvmxdizc V:  7 H: 50 F:30
				87F0B7 3A          DEC                    A:20FF X:0274 Y:0003 S:012A D:1628 DB:86 nvmxdizc V:  7 H: 55 F:30
				87F0B8 9F 00 E0 7F STA $7FE000,X [7FE274] A:20FE X:0274 Y:0003 S:012A D:1628 DB:86 nvmxdizc V:  7 H: 58 F:30
				87F0BC E8          INX                    A:20FE X:0274 Y:0003 S:012A D:1628 DB:86 nvmxdizc V:  7 H: 68 F:30
				87F0BD E8          INX                    A:20FE X:0275 Y:0003 S:012A D:1628 DB:86 nvmxdizc V:  7 H: 71 F:30
				87F0BE 1A          INC                    A:20FE X:0276 Y:0003 S:012A D:1628 DB:86 nvmxdizc V:  7 H: 74 F:30
				87F0BF 9F 00 E0 7F STA $7FE000,X [7FE276] A:20FF X:0276 Y:0003 S:012A D:1628 DB:86 nvmxdizc V:  7 H: 77 F:30
				87F0C3 E8          INX                    A:20FF X:0276 Y:0003 S:012A D:1628 DB:86 nvmxdizc V:  7 H: 87 F:30
				87F0C4 E8          INX                    A:20FF X:0277 Y:0003 S:012A D:1628 DB:86 nvmxdizc V:  7 H: 90 F:30
				87F0C5 88          DEY                    A:20FF X:0278 Y:0003 S:012A D:1628 DB:86 nvmxdizc V:  7 H: 93 F:30
				87F0C6 D0 EF       BNE $00EF     [87F0B7] A:20FF X:0278 Y:0002 S:012A D:1628 DB:86 nvmxdizc V:  7 H: 96 F:30
				87F0B7 3A          DEC                    A:20FF X:0278 Y:0002 S:012A D:1628 DB:86 nvmxdizc V:  7 H:100 F:30
				87F0B8 9F 00 E0 7F STA $7FE000,X [7FE278] A:20FE X:0278 Y:0002 S:012A D:1628 DB:86 nvmxdizc V:  7 H:103 F:30
				87F0BC E8          INX                    A:20FE X:0278 Y:0002 S:012A D:1628 DB:86 nvmxdizc V:  7 H:113 F:30
				87F0BD E8          INX                    A:20FE X:0279 Y:0002 S:012A D:1628 DB:86 nvmxdizc V:  7 H:116 F:30
				87F0BE 1A          INC                    A:20FE X:027A Y:0002 S:012A D:1628 DB:86 nvmxdizc V:  7 H:119 F:30
				87F0BF 9F 00 E0 7F STA $7FE000,X [7FE27A] A:20FF X:027A Y:0002 S:012A D:1628 DB:86 nvmxdizc V:  7 H:122 F:30
				87F0C3 E8          INX                    A:20FF X:027A Y:0002 S:012A D:1628 DB:86 nvmxdizc V:  7 H:132 F:30
				87F0C4 E8          INX                    A:20FF X:027B Y:0002 S:012A D:1628 DB:86 nvmxdizc V:  7 H:145 F:30
				87F0C5 88          DEY                    A:20FF X:027C Y:0002 S:012A D:1628 DB:86 nvmxdizc V:  7 H:148 F:30
				87F0C6 D0 EF       BNE $00EF     [87F0B7] A:20FF X:027C Y:0001 S:012A D:1628 DB:86 nvmxdizc V:  7 H:151 F:30
				87F0B7 3A          DEC                    A:20FF X:027C Y:0001 S:012A D:1628 DB:86 nvmxdizc V:  7 H:156 F:30
				87F0B8 9F 00 E0 7F STA $7FE000,X [7FE27C] A:20FE X:027C Y:0001 S:012A D:1628 DB:86 nvmxdizc V:  7 H:159 F:30
				87F0BC E8          INX                    A:20FE X:027C Y:0001 S:012A D:1628 DB:86 nvmxdizc V:  7 H:169 F:30
				87F0BD E8          INX                    A:20FE X:027D Y:0001 S:012A D:1628 DB:86 nvmxdizc V:  7 H:172 F:30
				87F0BE 1A          INC                    A:20FE X:027E Y:0001 S:012A D:1628 DB:86 nvmxdizc V:  7 H:175 F:30
				87F0BF 9F 00 E0 7F STA $7FE000,X [7FE27E] A:20FF X:027E Y:0001 S:012A D:1628 DB:86 nvmxdizc V:  7 H:178 F:30
				87F0C3 E8          INX                    A:20FF X:027E Y:0001 S:012A D:1628 DB:86 nvmxdizc V:  7 H:188 F:30
				87F0C4 E8          INX                    A:20FF X:027F Y:0001 S:012A D:1628 DB:86 nvmxdizc V:  7 H:191 F:30
				87F0C5 88          DEY                    A:20FF X:0280 Y:0001 S:012A D:1628 DB:86 nvmxdizc V:  7 H:194 F:30
				87F0C6 D0 EF       BNE $00EF     [87F0B7] A:20FF X:0280 Y:0000 S:012A D:1628 DB:86 nvmxdiZc V:  7 H:197 F:30
				87F0C8 E0 00 08    CPX #$0800             A:20FF X:0280 Y:0000 S:012A D:1628 DB:86 nvmxdiZc V:  7 H:200 F:30
				87F0CB 90 C9       BCC $00C9     [87F096] A:20FF X:0280 Y:0000 S:012A D:1628 DB:86 Nvmxdizc V:  7 H:204 F:30
				87F096 A0 10 00    LDY #$0010             A:20FF X:0280 Y:0000 S:012A D:1628 DB:86 Nvmxdizc V:  7 H:209 F:30
				87F099 A9 FD 20    LDA #$20FD             A:20FF X:0280 Y:0010 S:012A D:1628 DB:86 nvmxdizc V:  7 H:213 F:30
				87F09C 05 1C       ORA $1C       [001644] A:20FD X:0280 Y:0010 S:012A D:1628 DB:86 nvmxdizc V:  7 H:218 F:30
				87F09E 3A          DEC                    A:20FD X:0280 Y:0010 S:012A D:1628 DB:86 nvmxdizc V:  7 H:226 F:30
				87F09F 9F 00 E0 7F STA $7FE000,X [7FE280] A:20FC X:0280 Y:0010 S:012A D:1628 DB:86 nvmxdizc V:  7 H:229 F:30
				87F0A3 E8          INX                    A:20FC X:0280 Y:0010 S:012A D:1628 DB:86 nvmxdizc V:  7 H:239 F:30
				87F0A4 E8          INX                    A:20FC X:0281 Y:0010 S:012A D:1628 DB:86 nvmxdizc V:  7 H:242 F:30
				87F0A5 1A          INC                    A:20FC X:0282 Y:0010 S:012A D:1628 DB:86 nvmxdizc V:  7 H:245 F:30
				87F0A6 9F 00 E0 7F STA $7FE000,X [7FE282] A:20FD X:0282 Y:0010 S:012A D:1628 DB:86 nvmxdizc V:  7 H:248 F:30
				87F0AA E8          INX                    A:20FD X:0282 Y:0010 S:012A D:1628 DB:86 nvmxdizc V:  7 H:258 F:30
				87F0AB E8          INX                    A:20FD X:0283 Y:0010 S:012A D:1628 DB:86 nvmxdizc V:  7 H:261 F:30
				87F0AC 88          DEY                    A:20FD X:0284 Y:0010 S:012A D:1628 DB:86 nvmxdizc V:  7 H:264 F:30
				87F0AD D0 EF       BNE $00EF     [87F09E] A:20FD X:0284 Y:000F S:012A D:1628 DB:86 nvmxdizc V:  7 H:267 F:30
				87F09E 3A          DEC                    A:20FD X:0284 Y:000F S:012A D:1628 DB:86 nvmxdizc V:  7 H:272 F:30
				87F09F 9F 00 E0 7F STA $7FE000,X [7FE284] A:20FC X:0284 Y:000F S:012A D:1628 DB:86 nvmxdizc V:  7 H:275 F:30
				87F0A3 E8          INX                    A:20FC X:0284 Y:000F S:012A D:1628 DB:86 nvmxdizc V:  7 H:285 F:30
				87F0A4 E8          INX                    A:20FC X:0285 Y:000F S:012A D:1628 DB:86 nvmxdizc V:  7 H:288 F:30
				87F0A5 1A          INC                    A:20FC X:0286 Y:000F S:012A D:1628 DB:86 nvmxdizc V:  7 H:291 F:30
				87F0A6 9F 00 E0 7F STA $7FE000,X [7FE286] A:20FD X:0286 Y:000F S:012A D:1628 DB:86 nvmxdizc V:  7 H:294 F:30
				87F0AA E8          INX                    A:20FD X:0286 Y:000F S:012A D:1628 DB:86 nvmxdizc V:  7 H:304 F:30
				87F0AB E8          INX                    A:20FD X:0287 Y:000F S:012A D:1628 DB:86 nvmxdizc V:  7 H:307 F:30
				87F0AC 88          DEY                    A:20FD X:0288 Y:000F S:012A D:1628 DB:86 nvmxdizc V:  7 H:310 F:30
				87F0AD D0 EF       BNE $00EF     [87F09E] A:20FD X:0288 Y:000E S:012A D:1628 DB:86 nvmxdizc V:  7 H:313 F:30
				87F09E 3A          DEC                    A:20FD X:0288 Y:000E S:012A D:1628 DB:86 nvmxdizc V:  7 H:317 F:30
				87F09F 9F 00 E0 7F STA $7FE000,X [7FE288] A:20FC X:0288 Y:000E S:012A D:1628 DB:86 nvmxdizc V:  7 H:320 F:30
				87F0A3 E8          INX                    A:20FC X:0288 Y:000E S:012A D:1628 DB:86 nvmxdizc V:  7 H:329 F:30
				87F0A4 E8          INX                    A:20FC X:0289 Y:000E S:012A D:1628 DB:86 nvmxdizc V:  7 H:332 F:30
				87F0A5 1A          INC                    A:20FC X:028A Y:000E S:012A D:1628 DB:86 nvmxdizc V:  7 H:335 F:30
				87F0A6 9F 00 E0 7F STA $7FE000,X [7FE28A] A:20FD X:028A Y:000E S:012A D:1628 DB:86 nvmxdizc V:  7 H:338 F:30
				87F0AA E8          INX                    A:20FD X:028A Y:000E S:012A D:1628 DB:86 nvmxdizc V:  8 H:  8 F:30
				87F0AB E8          INX                    A:20FD X:028B Y:000E S:012A D:1628 DB:86 nvmxdizc V:  8 H: 11 F:30
				87F0AC 88          DEY                    A:20FD X:028C Y:000E S:012A D:1628 DB:86 nvmxdizc V:  8 H: 14 F:30
				87F0AD D0 EF       BNE $00EF     [87F09E] A:20FD X:028C Y:000D S:012A D:1628 DB:86 nvmxdizc V:  8 H: 17 F:30
				87F09E 3A          DEC                    A:20FD X:028C Y:000D S:012A D:1628 DB:86 nvmxdizc V:  8 H: 22 F:30
				87F09F 9F 00 E0 7F STA $7FE000,X [7FE28C] A:20FC X:028C Y:000D S:012A D:1628 DB:86 nvmxdizc V:  8 H: 25 F:30
				87F0A3 E8          INX                    A:20FC X:028C Y:000D S:012A D:1628 DB:86 nvmxdizc V:  8 H: 35 F:30
				87F0A4 E8          INX                    A:20FC X:028D Y:000D S:012A D:1628 DB:86 nvmxdizc V:  8 H: 38 F:30
				87F0A5 1A          INC                    A:20FC X:028E Y:000D S:012A D:1628 DB:86 nvmxdizc V:  8 H: 41 F:30
				87F0A6 9F 00 E0 7F STA $7FE000,X [7FE28E] A:20FD X:028E Y:000D S:012A D:1628 DB:86 nvmxdizc V:  8 H: 44 F:30
				87F0AA E8          INX                    A:20FD X:028E Y:000D S:012A D:1628 DB:86 nvmxdizc V:  8 H: 54 F:30
				87F0AB E8          INX                    A:20FD X:028F Y:000D S:012A D:1628 DB:86 nvmxdizc V:  8 H: 57 F:30
				87F0AC 88          DEY                    A:20FD X:0290 Y:000D S:012A D:1628 DB:86 nvmxdizc V:  8 H: 60 F:30
				87F0AD D0 EF       BNE $00EF     [87F09E] A:20FD X:0290 Y:000C S:012A D:1628 DB:86 nvmxdizc V:  8 H: 63 F:30
				87F09E 3A          DEC                    A:20FD X:0290 Y:000C S:012A D:1628 DB:86 nvmxdizc V:  8 H: 67 F:30
				87F09F 9F 00 E0 7F STA $7FE000,X [7FE290] A:20FC X:0290 Y:000C S:012A D:1628 DB:86 nvmxdizc V:  8 H: 70 F:30
				87F0A3 E8          INX                    A:20FC X:0290 Y:000C S:012A D:1628 DB:86 nvmxdizc V:  8 H: 80 F:30
				87F0A4 E8          INX                    A:20FC X:0291 Y:000C S:012A D:1628 DB:86 nvmxdizc V:  8 H: 83 F:30
				87F0A5 1A          INC                    A:20FC X:0292 Y:000C S:012A D:1628 DB:86 nvmxdizc V:  8 H: 86 F:30
				87F0A6 9F 00 E0 7F STA $7FE000,X [7FE292] A:20FD X:0292 Y:000C S:012A D:1628 DB:86 nvmxdizc V:  8 H: 89 F:30
				87F0AA E8          INX                    A:20FD X:0292 Y:000C S:012A D:1628 DB:86 nvmxdizc V:  8 H: 99 F:30
				87F0AB E8          INX                    A:20FD X:0293 Y:000C S:012A D:1628 DB:86 nvmxdizc V:  8 H:102 F:30
				87F0AC 88          DEY                    A:20FD X:0294 Y:000C S:012A D:1628 DB:86 nvmxdizc V:  8 H:105 F:30
				87F0AD D0 EF       BNE $00EF     [87F09E] A:20FD X:0294 Y:000B S:012A D:1628 DB:86 nvmxdizc V:  8 H:108 F:30
				87F09E 3A          DEC                    A:20FD X:0294 Y:000B S:012A D:1628 DB:86 nvmxdizc V:  8 H:113 F:30
				87F09F 9F 00 E0 7F STA $7FE000,X [7FE294] A:20FC X:0294 Y:000B S:012A D:1628 DB:86 nvmxdizc V:  8 H:116 F:30
				87F0A3 E8          INX                    A:20FC X:0294 Y:000B S:012A D:1628 DB:86 nvmxdizc V:  8 H:126 F:30
				87F0A4 E8          INX                    A:20FC X:0295 Y:000B S:012A D:1628 DB:86 nvmxdizc V:  8 H:129 F:30
				87F0A5 1A          INC                    A:20FC X:0296 Y:000B S:012A D:1628 DB:86 nvmxdizc V:  8 H:132 F:30
				87F0A6 9F 00 E0 7F STA $7FE000,X [7FE296] A:20FD X:0296 Y:000B S:012A D:1628 DB:86 nvmxdizc V:  8 H:145 F:30
				87F0AA E8          INX                    A:20FD X:0296 Y:000B S:012A D:1628 DB:86 nvmxdizc V:  8 H:155 F:30
				87F0AB E8          INX                    A:20FD X:0297 Y:000B S:012A D:1628 DB:86 nvmxdizc V:  8 H:158 F:30
				87F0AC 88          DEY                    A:20FD X:0298 Y:000B S:012A D:1628 DB:86 nvmxdizc V:  8 H:161 F:30
				87F0AD D0 EF       BNE $00EF     [87F09E] A:20FD X:0298 Y:000A S:012A D:1628 DB:86 nvmxdizc V:  8 H:164 F:30
				87F09E 3A          DEC                    A:20FD X:0298 Y:000A S:012A D:1628 DB:86 nvmxdizc V:  8 H:168 F:30
				87F09F 9F 00 E0 7F STA $7FE000,X [7FE298] A:20FC X:0298 Y:000A S:012A D:1628 DB:86 nvmxdizc V:  8 H:171 F:30
				87F0A3 E8          INX                    A:20FC X:0298 Y:000A S:012A D:1628 DB:86 nvmxdizc V:  8 H:181 F:30
				87F0A4 E8          INX                    A:20FC X:0299 Y:000A S:012A D:1628 DB:86 nvmxdizc V:  8 H:184 F:30
				87F0A5 1A          INC                    A:20FC X:029A Y:000A S:012A D:1628 DB:86 nvmxdizc V:  8 H:187 F:30
				87F0A6 9F 00 E0 7F STA $7FE000,X [7FE29A] A:20FD X:029A Y:000A S:012A D:1628 DB:86 nvmxdizc V:  8 H:190 F:30
				87F0AA E8          INX                    A:20FD X:029A Y:000A S:012A D:1628 DB:86 nvmxdizc V:  8 H:200 F:30
				87F0AB E8          INX                    A:20FD X:029B Y:000A S:012A D:1628 DB:86 nvmxdizc V:  8 H:203 F:30
				87F0AC 88          DEY                    A:20FD X:029C Y:000A S:012A D:1628 DB:86 nvmxdizc V:  8 H:206 F:30
				87F0AD D0 EF       BNE $00EF     [87F09E] A:20FD X:029C Y:0009 S:012A D:1628 DB:86 nvmxdizc V:  8 H:209 F:30
				87F09E 3A          DEC                    A:20FD X:029C Y:0009 S:012A D:1628 DB:86 nvmxdizc V:  8 H:214 F:30
				87F09F 9F 00 E0 7F STA $7FE000,X [7FE29C] A:20FC X:029C Y:0009 S:012A D:1628 DB:86 nvmxdizc V:  8 H:217 F:30
				87F0A3 E8          INX                    A:20FC X:029C Y:0009 S:012A D:1628 DB:86 nvmxdizc V:  8 H:227 F:30
				87F0A4 E8          INX                    A:20FC X:029D Y:0009 S:012A D:1628 DB:86 nvmxdizc V:  8 H:230 F:30
				87F0A5 1A          INC                    A:20FC X:029E Y:0009 S:012A D:1628 DB:86 nvmxdizc V:  8 H:233 F:30
				87F0A6 9F 00 E0 7F STA $7FE000,X [7FE29E] A:20FD X:029E Y:0009 S:012A D:1628 DB:86 nvmxdizc V:  8 H:236 F:30
				87F0AA E8          INX                    A:20FD X:029E Y:0009 S:012A D:1628 DB:86 nvmxdizc V:  8 H:246 F:30
				87F0AB E8          INX                    A:20FD X:029F Y:0009 S:012A D:1628 DB:86 nvmxdizc V:  8 H:249 F:30
				87F0AC 88          DEY                    A:20FD X:02A0 Y:0009 S:012A D:1628 DB:86 nvmxdizc V:  8 H:252 F:30
				87F0AD D0 EF       BNE $00EF     [87F09E] A:20FD X:02A0 Y:0008 S:012A D:1628 DB:86 nvmxdizc V:  8 H:255 F:30
				87F09E 3A          DEC                    A:20FD X:02A0 Y:0008 S:012A D:1628 DB:86 nvmxdizc V:  8 H:259 F:30
				87F09F 9F 00 E0 7F STA $7FE000,X [7FE2A0] A:20FC X:02A0 Y:0008 S:012A D:1628 DB:86 nvmxdizc V:  8 H:262 F:30
				87F0A3 E8          INX                    A:20FC X:02A0 Y:0008 S:012A D:1628 DB:86 nvmxdizc V:  8 H:272 F:30
				87F0A4 E8          INX                    A:20FC X:02A1 Y:0008 S:012A D:1628 DB:86 nvmxdizc V:  8 H:275 F:30
				87F0A5 1A          INC                    A:20FC X:02A2 Y:0008 S:012A D:1628 DB:86 nvmxdizc V:  8 H:278 F:30
				87F0A6 9F 00 E0 7F STA $7FE000,X [7FE2A2] A:20FD X:02A2 Y:0008 S:012A D:1628 DB:86 nvmxdizc V:  8 H:281 F:30
				87F0AA E8          INX                    A:20FD X:02A2 Y:0008 S:012A D:1628 DB:86 nvmxdizc V:  8 H:291 F:30
				87F0AB E8          INX                    A:20FD X:02A3 Y:0008 S:012A D:1628 DB:86 nvmxdizc V:  8 H:294 F:30
				87F0AC 88          DEY                    A:20FD X:02A4 Y:0008 S:012A D:1628 DB:86 nvmxdizc V:  8 H:297 F:30
				87F0AD D0 EF       BNE $00EF     [87F09E] A:20FD X:02A4 Y:0007 S:012A D:1628 DB:86 nvmxdizc V:  8 H:300 F:30
				87F09E 3A          DEC                    A:20FD X:02A4 Y:0007 S:012A D:1628 DB:86 nvmxdizc V:  8 H:305 F:30
				87F09F 9F 00 E0 7F STA $7FE000,X [7FE2A4] A:20FC X:02A4 Y:0007 S:012A D:1628 DB:86 nvmxdizc V:  8 H:308 F:30
				87F0A3 E8          INX                    A:20FC X:02A4 Y:0007 S:012A D:1628 DB:86 nvmxdizc V:  8 H:318 F:30
				87F0A4 E8          INX                    A:20FC X:02A5 Y:0007 S:012A D:1628 DB:86 nvmxdizc V:  8 H:321 F:30
				87F0A5 1A          INC                    A:20FC X:02A6 Y:0007 S:012A D:1628 DB:86 nvmxdizc V:  8 H:323 F:30
				87F0A6 9F 00 E0 7F STA $7FE000,X [7FE2A6] A:20FD X:02A6 Y:0007 S:012A D:1628 DB:86 nvmxdizc V:  8 H:326 F:30
				87F0AA E8          INX                    A:20FD X:02A6 Y:0007 S:012A D:1628 DB:86 nvmxdizc V:  8 H:336 F:30
				87F0AB E8          INX                    A:20FD X:02A7 Y:0007 S:012A D:1628 DB:86 nvmxdizc V:  8 H:339 F:30
				87F0AC 88          DEY                    A:20FD X:02A8 Y:0007 S:012A D:1628 DB:86 nvmxdizc V:  9 H:  2 F:30
				87F0AD D0 EF       BNE $00EF     [87F09E] A:20FD X:02A8 Y:0006 S:012A D:1628 DB:86 nvmxdizc V:  9 H:  5 F:30
				87F09E 3A          DEC                    A:20FD X:02A8 Y:0006 S:012A D:1628 DB:86 nvmxdizc V:  9 H:  9 F:30
				87F09F 9F 00 E0 7F STA $7FE000,X [7FE2A8] A:20FC X:02A8 Y:0006 S:012A D:1628 DB:86 nvmxdizc V:  9 H: 12 F:30
				87F0A3 E8          INX                    A:20FC X:02A8 Y:0006 S:012A D:1628 DB:86 nvmxdizc V:  9 H: 22 F:30
				87F0A4 E8          INX                    A:20FC X:02A9 Y:0006 S:012A D:1628 DB:86 nvmxdizc V:  9 H: 25 F:30
				87F0A5 1A          INC                    A:20FC X:02AA Y:0006 S:012A D:1628 DB:86 nvmxdizc V:  9 H: 28 F:30
				87F0A6 9F 00 E0 7F STA $7FE000,X [7FE2AA] A:20FD X:02AA Y:0006 S:012A D:1628 DB:86 nvmxdizc V:  9 H: 31 F:30
				87F0AA E8          INX                    A:20FD X:02AA Y:0006 S:012A D:1628 DB:86 nvmxdizc V:  9 H: 41 F:30
				87F0AB E8          INX                    A:20FD X:02AB Y:0006 S:012A D:1628 DB:86 nvmxdizc V:  9 H: 44 F:30
				87F0AC 88          DEY                    A:20FD X:02AC Y:0006 S:012A D:1628 DB:86 nvmxdizc V:  9 H: 47 F:30
				87F0AD D0 EF       BNE $00EF     [87F09E] A:20FD X:02AC Y:0005 S:012A D:1628 DB:86 nvmxdizc V:  9 H: 50 F:30
				87F09E 3A          DEC                    A:20FD X:02AC Y:0005 S:012A D:1628 DB:86 nvmxdizc V:  9 H: 55 F:30
				87F09F 9F 00 E0 7F STA $7FE000,X [7FE2AC] A:20FC X:02AC Y:0005 S:012A D:1628 DB:86 nvmxdizc V:  9 H: 58 F:30
				87F0A3 E8          INX                    A:20FC X:02AC Y:0005 S:012A D:1628 DB:86 nvmxdizc V:  9 H: 68 F:30
				87F0A4 E8          INX                    A:20FC X:02AD Y:0005 S:012A D:1628 DB:86 nvmxdizc V:  9 H: 71 F:30
				87F0A5 1A          INC                    A:20FC X:02AE Y:0005 S:012A D:1628 DB:86 nvmxdizc V:  9 H: 74 F:30
				87F0A6 9F 00 E0 7F STA $7FE000,X [7FE2AE] A:20FD X:02AE Y:0005 S:012A D:1628 DB:86 nvmxdizc V:  9 H: 77 F:30
				87F0AA E8          INX                    A:20FD X:02AE Y:0005 S:012A D:1628 DB:86 nvmxdizc V:  9 H: 87 F:30
				87F0AB E8          INX                    A:20FD X:02AF Y:0005 S:012A D:1628 DB:86 nvmxdizc V:  9 H: 90 F:30
				87F0AC 88          DEY                    A:20FD X:02B0 Y:0005 S:012A D:1628 DB:86 nvmxdizc V:  9 H: 93 F:30
				87F0AD D0 EF       BNE $00EF     [87F09E] A:20FD X:02B0 Y:0004 S:012A D:1628 DB:86 nvmxdizc V:  9 H: 96 F:30
				87F09E 3A          DEC                    A:20FD X:02B0 Y:0004 S:012A D:1628 DB:86 nvmxdizc V:  9 H:100 F:30
				87F09F 9F 00 E0 7F STA $7FE000,X [7FE2B0] A:20FC X:02B0 Y:0004 S:012A D:1628 DB:86 nvmxdizc V:  9 H:103 F:30
				87F0A3 E8          INX                    A:20FC X:02B0 Y:0004 S:012A D:1628 DB:86 nvmxdizc V:  9 H:113 F:30
				87F0A4 E8          INX                    A:20FC X:02B1 Y:0004 S:012A D:1628 DB:86 nvmxdizc V:  9 H:116 F:30
				87F0A5 1A          INC                    A:20FC X:02B2 Y:0004 S:012A D:1628 DB:86 nvmxdizc V:  9 H:119 F:30
				87F0A6 9F 00 E0 7F STA $7FE000,X [7FE2B2] A:20FD X:02B2 Y:0004 S:012A D:1628 DB:86 nvmxdizc V:  9 H:122 F:30
				87F0AA E8          INX                    A:20FD X:02B2 Y:0004 S:012A D:1628 DB:86 nvmxdizc V:  9 H:132 F:30
				87F0AB E8          INX                    A:20FD X:02B3 Y:0004 S:012A D:1628 DB:86 nvmxdizc V:  9 H:145 F:30
				87F0AC 88          DEY                    A:20FD X:02B4 Y:0004 S:012A D:1628 DB:86 nvmxdizc V:  9 H:148 F:30
				87F0AD D0 EF       BNE $00EF     [87F09E] A:20FD X:02B4 Y:0003 S:012A D:1628 DB:86 nvmxdizc V:  9 H:151 F:30
				87F09E 3A          DEC                    A:20FD X:02B4 Y:0003 S:012A D:1628 DB:86 nvmxdizc V:  9 H:156 F:30
				87F09F 9F 00 E0 7F STA $7FE000,X [7FE2B4] A:20FC X:02B4 Y:0003 S:012A D:1628 DB:86 nvmxdizc V:  9 H:159 F:30
				87F0A3 E8          INX                    A:20FC X:02B4 Y:0003 S:012A D:1628 DB:86 nvmxdizc V:  9 H:169 F:30
				87F0A4 E8          INX                    A:20FC X:02B5 Y:0003 S:012A D:1628 DB:86 nvmxdizc V:  9 H:172 F:30
				87F0A5 1A          INC                    A:20FC X:02B6 Y:0003 S:012A D:1628 DB:86 nvmxdizc V:  9 H:175 F:30
				87F0A6 9F 00 E0 7F STA $7FE000,X [7FE2B6] A:20FD X:02B6 Y:0003 S:012A D:1628 DB:86 nvmxdizc V:  9 H:178 F:30
				87F0AA E8          INX                    A:20FD X:02B6 Y:0003 S:012A D:1628 DB:86 nvmxdizc V:  9 H:188 F:30
				87F0AB E8          INX                    A:20FD X:02B7 Y:0003 S:012A D:1628 DB:86 nvmxdizc V:  9 H:191 F:30
				87F0AC 88          DEY                    A:20FD X:02B8 Y:0003 S:012A D:1628 DB:86 nvmxdizc V:  9 H:194 F:30
				87F0AD D0 EF       BNE $00EF     [87F09E] A:20FD X:02B8 Y:0002 S:012A D:1628 DB:86 nvmxdizc V:  9 H:197 F:30
				87F09E 3A          DEC                    A:20FD X:02B8 Y:0002 S:012A D:1628 DB:86 nvmxdizc V:  9 H:201 F:30
				87F09F 9F 00 E0 7F STA $7FE000,X [7FE2B8] A:20FC X:02B8 Y:0002 S:012A D:1628 DB:86 nvmxdizc V:  9 H:204 F:30
				87F0A3 E8          INX                    A:20FC X:02B8 Y:0002 S:012A D:1628 DB:86 nvmxdizc V:  9 H:214 F:30
				87F0A4 E8          INX                    A:20FC X:02B9 Y:0002 S:012A D:1628 DB:86 nvmxdizc V:  9 H:217 F:30
				87F0A5 1A          INC                    A:20FC X:02BA Y:0002 S:012A D:1628 DB:86 nvmxdizc V:  9 H:220 F:30
				87F0A6 9F 00 E0 7F STA $7FE000,X [7FE2BA] A:20FD X:02BA Y:0002 S:012A D:1628 DB:86 nvmxdizc V:  9 H:223 F:30
				87F0AA E8          INX                    A:20FD X:02BA Y:0002 S:012A D:1628 DB:86 nvmxdizc V:  9 H:233 F:30
				87F0AB E8          INX                    A:20FD X:02BB Y:0002 S:012A D:1628 DB:86 nvmxdizc V:  9 H:236 F:30
				87F0AC 88          DEY                    A:20FD X:02BC Y:0002 S:012A D:1628 DB:86 nvmxdizc V:  9 H:239 F:30
				87F0AD D0 EF       BNE $00EF     [87F09E] A:20FD X:02BC Y:0001 S:012A D:1628 DB:86 nvmxdizc V:  9 H:242 F:30
				87F09E 3A          DEC                    A:20FD X:02BC Y:0001 S:012A D:1628 DB:86 nvmxdizc V:  9 H:247 F:30
				87F09F 9F 00 E0 7F STA $7FE000,X [7FE2BC] A:20FC X:02BC Y:0001 S:012A D:1628 DB:86 nvmxdizc V:  9 H:250 F:30
				87F0A3 E8          INX                    A:20FC X:02BC Y:0001 S:012A D:1628 DB:86 nvmxdizc V:  9 H:260 F:30
				87F0A4 E8          INX                    A:20FC X:02BD Y:0001 S:012A D:1628 DB:86 nvmxdizc V:  9 H:263 F:30
				87F0A5 1A          INC                    A:20FC X:02BE Y:0001 S:012A D:1628 DB:86 nvmxdizc V:  9 H:266 F:30
				87F0A6 9F 00 E0 7F STA $7FE000,X [7FE2BE] A:20FD X:02BE Y:0001 S:012A D:1628 DB:86 nvmxdizc V:  9 H:269 F:30
				87F0AA E8          INX                    A:20FD X:02BE Y:0001 S:012A D:1628 DB:86 nvmxdizc V:  9 H:279 F:30
				87F0AB E8          INX                    A:20FD X:02BF Y:0001 S:012A D:1628 DB:86 nvmxdizc V:  9 H:282 F:30
				87F0AC 88          DEY                    A:20FD X:02C0 Y:0001 S:012A D:1628 DB:86 nvmxdizc V:  9 H:285 F:30
				87F0AD D0 EF       BNE $00EF     [87F09E] A:20FD X:02C0 Y:0000 S:012A D:1628 DB:86 nvmxdiZc V:  9 H:288 F:30
				87F0AF A0 10 00    LDY #$0010             A:20FD X:02C0 Y:0000 S:012A D:1628 DB:86 nvmxdiZc V:  9 H:291 F:30
				87F0B2 A9 FF 20    LDA #$20FF             A:20FD X:02C0 Y:0010 S:012A D:1628 DB:86 nvmxdizc V:  9 H:295 F:30
				87F0B5 05 1C       ORA $1C       [001644] A:20FF X:02C0 Y:0010 S:012A D:1628 DB:86 nvmxdizc V:  9 H:300 F:30
				87F0B7 3A          DEC                    A:20FF X:02C0 Y:0010 S:012A D:1628 DB:86 nvmxdizc V:  9 H:308 F:30
				87F0B8 9F 00 E0 7F STA $7FE000,X [7FE2C0] A:20FE X:02C0 Y:0010 S:012A D:1628 DB:86 nvmxdizc V:  9 H:311 F:30
				87F0BC E8          INX                    A:20FE X:02C0 Y:0010 S:012A D:1628 DB:86 nvmxdizc V:  9 H:321 F:30
				87F0BD E8          INX                    A:20FE X:02C1 Y:0010 S:012A D:1628 DB:86 nvmxdizc V:  9 H:324 F:30
				87F0BE 1A          INC                    A:20FE X:02C2 Y:0010 S:012A D:1628 DB:86 nvmxdizc V:  9 H:327 F:30
				87F0BF 9F 00 E0 7F STA $7FE000,X [7FE2C2] A:20FF X:02C2 Y:0010 S:012A D:1628 DB:86 nvmxdizc V:  9 H:329 F:30
				87F0C3 E8          INX                    A:20FF X:02C2 Y:0010 S:012A D:1628 DB:86 nvmxdizc V:  9 H:339 F:30
				87F0C4 E8          INX                    A:20FF X:02C3 Y:0010 S:012A D:1628 DB:86 nvmxdizc V: 10 H:  2 F:30
				87F0C5 88          DEY                    A:20FF X:02C4 Y:0010 S:012A D:1628 DB:86 nvmxdizc V: 10 H:  5 F:30
				87F0C6 D0 EF       BNE $00EF     [87F0B7] A:20FF X:02C4 Y:000F S:012A D:1628 DB:86 nvmxdizc V: 10 H:  8 F:30
				87F0B7 3A          DEC                    A:20FF X:02C4 Y:000F S:012A D:1628 DB:86 nvmxdizc V: 10 H: 13 F:30
				87F0B8 9F 00 E0 7F STA $7FE000,X [7FE2C4] A:20FE X:02C4 Y:000F S:012A D:1628 DB:86 nvmxdizc V: 10 H: 16 F:30
				87F0BC E8          INX                    A:20FE X:02C4 Y:000F S:012A D:1628 DB:86 nvmxdizc V: 10 H: 26 F:30
				87F0BD E8          INX                    A:20FE X:02C5 Y:000F S:012A D:1628 DB:86 nvmxdizc V: 10 H: 29 F:30
				87F0BE 1A          INC                    A:20FE X:02C6 Y:000F S:012A D:1628 DB:86 nvmxdizc V: 10 H: 32 F:30
				87F0BF 9F 00 E0 7F STA $7FE000,X [7FE2C6] A:20FF X:02C6 Y:000F S:012A D:1628 DB:86 nvmxdizc V: 10 H: 35 F:30
				87F0C3 E8          INX                    A:20FF X:02C6 Y:000F S:012A D:1628 DB:86 nvmxdizc V: 10 H: 45 F:30
				87F0C4 E8          INX                    A:20FF X:02C7 Y:000F S:012A D:1628 DB:86 nvmxdizc V: 10 H: 48 F:30
				87F0C5 88          DEY                    A:20FF X:02C8 Y:000F S:012A D:1628 DB:86 nvmxdizc V: 10 H: 51 F:30
				87F0C6 D0 EF       BNE $00EF     [87F0B7] A:20FF X:02C8 Y:000E S:012A D:1628 DB:86 nvmxdizc V: 10 H: 54 F:30
				87F0B7 3A          DEC                    A:20FF X:02C8 Y:000E S:012A D:1628 DB:86 nvmxdizc V: 10 H: 58 F:30
				87F0B8 9F 00 E0 7F STA $7FE000,X [7FE2C8] A:20FE X:02C8 Y:000E S:012A D:1628 DB:86 nvmxdizc V: 10 H: 61 F:30
				87F0BC E8          INX                    A:20FE X:02C8 Y:000E S:012A D:1628 DB:86 nvmxdizc V: 10 H: 71 F:30
				87F0BD E8          INX                    A:20FE X:02C9 Y:000E S:012A D:1628 DB:86 nvmxdizc V: 10 H: 74 F:30
				87F0BE 1A          INC                    A:20FE X:02CA Y:000E S:012A D:1628 DB:86 nvmxdizc V: 10 H: 77 F:30
				87F0BF 9F 00 E0 7F STA $7FE000,X [7FE2CA] A:20FF X:02CA Y:000E S:012A D:1628 DB:86 nvmxdizc V: 10 H: 80 F:30
				87F0C3 E8          INX                    A:20FF X:02CA Y:000E S:012A D:1628 DB:86 nvmxdizc V: 10 H: 90 F:30
				87F0C4 E8          INX                    A:20FF X:02CB Y:000E S:012A D:1628 DB:86 nvmxdizc V: 10 H: 93 F:30
				87F0C5 88          DEY                    A:20FF X:02CC Y:000E S:012A D:1628 DB:86 nvmxdizc V: 10 H: 96 F:30
				87F0C6 D0 EF       BNE $00EF     [87F0B7] A:20FF X:02CC Y:000D S:012A D:1628 DB:86 nvmxdizc V: 10 H: 99 F:30
				87F0B7 3A          DEC                    A:20FF X:02CC Y:000D S:012A D:1628 DB:86 nvmxdizc V: 10 H:104 F:30
				87F0B8 9F 00 E0 7F STA $7FE000,X [7FE2CC] A:20FE X:02CC Y:000D S:012A D:1628 DB:86 nvmxdizc V: 10 H:107 F:30
				87F0BC E8          INX                    A:20FE X:02CC Y:000D S:012A D:1628 DB:86 nvmxdizc V: 10 H:117 F:30
				87F0BD E8          INX                    A:20FE X:02CD Y:000D S:012A D:1628 DB:86 nvmxdizc V: 10 H:120 F:30
				87F0BE 1A          INC                    A:20FE X:02CE Y:000D S:012A D:1628 DB:86 nvmxdizc V: 10 H:123 F:30
				87F0BF 9F 00 E0 7F STA $7FE000,X [7FE2CE] A:20FF X:02CE Y:000D S:012A D:1628 DB:86 nvmxdizc V: 10 H:126 F:30
				87F0C3 E8          INX                    A:20FF X:02CE Y:000D S:012A D:1628 DB:86 nvmxdizc V: 10 H:146 F:30
				87F0C4 E8          INX                    A:20FF X:02CF Y:000D S:012A D:1628 DB:86 nvmxdizc V: 10 H:149 F:30
				87F0C5 88          DEY                    A:20FF X:02D0 Y:000D S:012A D:1628 DB:86 nvmxdizc V: 10 H:152 F:30
				87F0C6 D0 EF       BNE $00EF     [87F0B7] A:20FF X:02D0 Y:000C S:012A D:1628 DB:86 nvmxdizc V: 10 H:155 F:30
				87F0B7 3A          DEC                    A:20FF X:02D0 Y:000C S:012A D:1628 DB:86 nvmxdizc V: 10 H:159 F:30
				87F0B8 9F 00 E0 7F STA $7FE000,X [7FE2D0] A:20FE X:02D0 Y:000C S:012A D:1628 DB:86 nvmxdizc V: 10 H:162 F:30
				87F0BC E8          INX                    A:20FE X:02D0 Y:000C S:012A D:1628 DB:86 nvmxdizc V: 10 H:172 F:30
				87F0BD E8          INX                    A:20FE X:02D1 Y:000C S:012A D:1628 DB:86 nvmxdizc V: 10 H:175 F:30
				87F0BE 1A          INC                    A:20FE X:02D2 Y:000C S:012A D:1628 DB:86 nvmxdizc V: 10 H:178 F:30
				87F0BF 9F 00 E0 7F STA $7FE000,X [7FE2D2] A:20FF X:02D2 Y:000C S:012A D:1628 DB:86 nvmxdizc V: 10 H:181 F:30
				87F0C3 E8          INX                    A:20FF X:02D2 Y:000C S:012A D:1628 DB:86 nvmxdizc V: 10 H:191 F:30
				87F0C4 E8          INX                    A:20FF X:02D3 Y:000C S:012A D:1628 DB:86 nvmxdizc V: 10 H:194 F:30
				87F0C5 88          DEY                    A:20FF X:02D4 Y:000C S:012A D:1628 DB:86 nvmxdizc V: 10 H:197 F:30
				87F0C6 D0 EF       BNE $00EF     [87F0B7] A:20FF X:02D4 Y:000B S:012A D:1628 DB:86 nvmxdizc V: 10 H:200 F:30
				87F0B7 3A          DEC                    A:20FF X:02D4 Y:000B S:012A D:1628 DB:86 nvmxdizc V: 10 H:205 F:30
				87F0B8 9F 00 E0 7F STA $7FE000,X [7FE2D4] A:20FE X:02D4 Y:000B S:012A D:1628 DB:86 nvmxdizc V: 10 H:208 F:30
				87F0BC E8          INX                    A:20FE X:02D4 Y:000B S:012A D:1628 DB:86 nvmxdizc V: 10 H:218 F:30
				87F0BD E8          INX                    A:20FE X:02D5 Y:000B S:012A D:1628 DB:86 nvmxdizc V: 10 H:221 F:30
				87F0BE 1A          INC                    A:20FE X:02D6 Y:000B S:012A D:1628 DB:86 nvmxdizc V: 10 H:224 F:30
				87F0BF 9F 00 E0 7F STA $7FE000,X [7FE2D6] A:20FF X:02D6 Y:000B S:012A D:1628 DB:86 nvmxdizc V: 10 H:227 F:30
				87F0C3 E8          INX                    A:20FF X:02D6 Y:000B S:012A D:1628 DB:86 nvmxdizc V: 10 H:237 F:30
				87F0C4 E8          INX                    A:20FF X:02D7 Y:000B S:012A D:1628 DB:86 nvmxdizc V: 10 H:240 F:30
				87F0C5 88          DEY                    A:20FF X:02D8 Y:000B S:012A D:1628 DB:86 nvmxdizc V: 10 H:243 F:30
				87F0C6 D0 EF       BNE $00EF     [87F0B7] A:20FF X:02D8 Y:000A S:012A D:1628 DB:86 nvmxdizc V: 10 H:246 F:30
				87F0B7 3A          DEC                    A:20FF X:02D8 Y:000A S:012A D:1628 DB:86 nvmxdizc V: 10 H:250 F:30
				87F0B8 9F 00 E0 7F STA $7FE000,X [7FE2D8] A:20FE X:02D8 Y:000A S:012A D:1628 DB:86 nvmxdizc V: 10 H:253 F:30
				87F0BC E8          INX                    A:20FE X:02D8 Y:000A S:012A D:1628 DB:86 nvmxdizc V: 10 H:263 F:30
				87F0BD E8          INX                    A:20FE X:02D9 Y:000A S:012A D:1628 DB:86 nvmxdizc V: 10 H:266 F:30
				87F0BE 1A          INC                    A:20FE X:02DA Y:000A S:012A D:1628 DB:86 nvmxdizc V: 10 H:269 F:30
				87F0BF 9F 00 E0 7F STA $7FE000,X [7FE2DA] A:20FF X:02DA Y:000A S:012A D:1628 DB:86 nvmxdizc V: 10 H:272 F:30
				87F0C3 E8          INX                    A:20FF X:02DA Y:000A S:012A D:1628 DB:86 nvmxdizc V: 10 H:282 F:30
				87F0C4 E8          INX                    A:20FF X:02DB Y:000A S:012A D:1628 DB:86 nvmxdizc V: 10 H:285 F:30
				87F0C5 88          DEY                    A:20FF X:02DC Y:000A S:012A D:1628 DB:86 nvmxdizc V: 10 H:288 F:30
				87F0C6 D0 EF       BNE $00EF     [87F0B7] A:20FF X:02DC Y:0009 S:012A D:1628 DB:86 nvmxdizc V: 10 H:291 F:30
				87F0B7 3A          DEC                    A:20FF X:02DC Y:0009 S:012A D:1628 DB:86 nvmxdizc V: 10 H:296 F:30
				87F0B8 9F 00 E0 7F STA $7FE000,X [7FE2DC] A:20FE X:02DC Y:0009 S:012A D:1628 DB:86 nvmxdizc V: 10 H:299 F:30
				87F0BC E8          INX                    A:20FE X:02DC Y:0009 S:012A D:1628 DB:86 nvmxdizc V: 10 H:309 F:30
				87F0BD E8          INX                    A:20FE X:02DD Y:0009 S:012A D:1628 DB:86 nvmxdizc V: 10 H:312 F:30
				87F0BE 1A          INC                    A:20FE X:02DE Y:0009 S:012A D:1628 DB:86 nvmxdizc V: 10 H:315 F:30
				87F0BF 9F 00 E0 7F STA $7FE000,X [7FE2DE] A:20FF X:02DE Y:0009 S:012A D:1628 DB:86 nvmxdizc V: 10 H:318 F:30
				87F0C3 E8          INX                    A:20FF X:02DE Y:0009 S:012A D:1628 DB:86 nvmxdizc V: 10 H:327 F:30
				87F0C4 E8          INX                    A:20FF X:02DF Y:0009 S:012A D:1628 DB:86 nvmxdizc V: 10 H:330 F:30
				87F0C5 88          DEY                    A:20FF X:02E0 Y:0009 S:012A D:1628 DB:86 nvmxdizc V: 10 H:333 F:30
				87F0C6 D0 EF       BNE $00EF     [87F0B7] A:20FF X:02E0 Y:0008 S:012A D:1628 DB:86 nvmxdizc V: 10 H:336 F:30
				87F0B7 3A          DEC                    A:20FF X:02E0 Y:0008 S:012A D:1628 DB:86 nvmxdizc V: 11 H:  0 F:30
				87F0B8 9F 00 E0 7F STA $7FE000,X [7FE2E0] A:20FE X:02E0 Y:0008 S:012A D:1628 DB:86 nvmxdizc V: 11 H:  3 F:30
				87F0BC E8          INX                    A:20FE X:02E0 Y:0008 S:012A D:1628 DB:86 nvmxdizc V: 11 H: 13 F:30
				87F0BD E8          INX                    A:20FE X:02E1 Y:0008 S:012A D:1628 DB:86 nvmxdizc V: 11 H: 16 F:30
				87F0BE 1A          INC                    A:20FE X:02E2 Y:0008 S:012A D:1628 DB:86 nvmxdizc V: 11 H: 19 F:30
				87F0BF 9F 00 E0 7F STA $7FE000,X [7FE2E2] A:20FF X:02E2 Y:0008 S:012A D:1628 DB:86 nvmxdizc V: 11 H: 22 F:30
				87F0C3 E8          INX                    A:20FF X:02E2 Y:0008 S:012A D:1628 DB:86 nvmxdizc V: 11 H: 32 F:30
				87F0C4 E8          INX                    A:20FF X:02E3 Y:0008 S:012A D:1628 DB:86 nvmxdizc V: 11 H: 35 F:30
				87F0C5 88          DEY                    A:20FF X:02E4 Y:0008 S:012A D:1628 DB:86 nvmxdizc V: 11 H: 38 F:30
				87F0C6 D0 EF       BNE $00EF     [87F0B7] A:20FF X:02E4 Y:0007 S:012A D:1628 DB:86 nvmxdizc V: 11 H: 41 F:30
				87F0B7 3A          DEC                    A:20FF X:02E4 Y:0007 S:012A D:1628 DB:86 nvmxdizc V: 11 H: 46 F:30
				87F0B8 9F 00 E0 7F STA $7FE000,X [7FE2E4] A:20FE X:02E4 Y:0007 S:012A D:1628 DB:86 nvmxdizc V: 11 H: 49 F:30
				87F0BC E8          INX                    A:20FE X:02E4 Y:0007 S:012A D:1628 DB:86 nvmxdizc V: 11 H: 59 F:30
				87F0BD E8          INX                    A:20FE X:02E5 Y:0007 S:012A D:1628 DB:86 nvmxdizc V: 11 H: 62 F:30
				87F0BE 1A          INC                    A:20FE X:02E6 Y:0007 S:012A D:1628 DB:86 nvmxdizc V: 11 H: 65 F:30
				87F0BF 9F 00 E0 7F STA $7FE000,X [7FE2E6] A:20FF X:02E6 Y:0007 S:012A D:1628 DB:86 nvmxdizc V: 11 H: 68 F:30
				87F0C3 E8          INX                    A:20FF X:02E6 Y:0007 S:012A D:1628 DB:86 nvmxdizc V: 11 H: 78 F:30
				87F0C4 E8          INX                    A:20FF X:02E7 Y:0007 S:012A D:1628 DB:86 nvmxdizc V: 11 H: 81 F:30
				87F0C5 88          DEY                    A:20FF X:02E8 Y:0007 S:012A D:1628 DB:86 nvmxdizc V: 11 H: 84 F:30
				87F0C6 D0 EF       BNE $00EF     [87F0B7] A:20FF X:02E8 Y:0006 S:012A D:1628 DB:86 nvmxdizc V: 11 H: 87 F:30
				87F0B7 3A          DEC                    A:20FF X:02E8 Y:0006 S:012A D:1628 DB:86 nvmxdizc V: 11 H: 91 F:30
				87F0B8 9F 00 E0 7F STA $7FE000,X [7FE2E8] A:20FE X:02E8 Y:0006 S:012A D:1628 DB:86 nvmxdizc V: 11 H: 94 F:30
				87F0BC E8          INX                    A:20FE X:02E8 Y:0006 S:012A D:1628 DB:86 nvmxdizc V: 11 H:104 F:30
				87F0BD E8          INX                    A:20FE X:02E9 Y:0006 S:012A D:1628 DB:86 nvmxdizc V: 11 H:107 F:30
				87F0BE 1A          INC                    A:20FE X:02EA Y:0006 S:012A D:1628 DB:86 nvmxdizc V: 11 H:110 F:30
				87F0BF 9F 00 E0 7F STA $7FE000,X [7FE2EA] A:20FF X:02EA Y:0006 S:012A D:1628 DB:86 nvmxdizc V: 11 H:113 F:30
				87F0C3 E8          INX                    A:20FF X:02EA Y:0006 S:012A D:1628 DB:86 nvmxdizc V: 11 H:123 F:30
				87F0C4 E8          INX                    A:20FF X:02EB Y:0006 S:012A D:1628 DB:86 nvmxdizc V: 11 H:126 F:30
				87F0C5 88          DEY                    A:20FF X:02EC Y:0006 S:012A D:1628 DB:86 nvmxdizc V: 11 H:129 F:30
				87F0C6 D0 EF       BNE $00EF     [87F0B7] A:20FF X:02EC Y:0005 S:012A D:1628 DB:86 nvmxdizc V: 11 H:132 F:30
				87F0B7 3A          DEC                    A:20FF X:02EC Y:0005 S:012A D:1628 DB:86 nvmxdizc V: 11 H:147 F:30
				87F0B8 9F 00 E0 7F STA $7FE000,X [7FE2EC] A:20FE X:02EC Y:0005 S:012A D:1628 DB:86 nvmxdizc V: 11 H:150 F:30
				87F0BC E8          INX                    A:20FE X:02EC Y:0005 S:012A D:1628 DB:86 nvmxdizc V: 11 H:160 F:30
				87F0BD E8          INX                    A:20FE X:02ED Y:0005 S:012A D:1628 DB:86 nvmxdizc V: 11 H:163 F:30
				87F0BE 1A          INC                    A:20FE X:02EE Y:0005 S:012A D:1628 DB:86 nvmxdizc V: 11 H:166 F:30
				87F0BF 9F 00 E0 7F STA $7FE000,X [7FE2EE] A:20FF X:02EE Y:0005 S:012A D:1628 DB:86 nvmxdizc V: 11 H:169 F:30
				87F0C3 E8          INX                    A:20FF X:02EE Y:0005 S:012A D:1628 DB:86 nvmxdizc V: 11 H:179 F:30
				87F0C4 E8          INX                    A:20FF X:02EF Y:0005 S:012A D:1628 DB:86 nvmxdizc V: 11 H:182 F:30
				87F0C5 88          DEY                    A:20FF X:02F0 Y:0005 S:012A D:1628 DB:86 nvmxdizc V: 11 H:185 F:30
				87F0C6 D0 EF       BNE $00EF     [87F0B7] A:20FF X:02F0 Y:0004 S:012A D:1628 DB:86 nvmxdizc V: 11 H:188 F:30
				87F0B7 3A          DEC                    A:20FF X:02F0 Y:0004 S:012A D:1628 DB:86 nvmxdizc V: 11 H:192 F:30
				87F0B8 9F 00 E0 7F STA $7FE000,X [7FE2F0] A:20FE X:02F0 Y:0004 S:012A D:1628 DB:86 nvmxdizc V: 11 H:195 F:30
				87F0BC E8          INX                    A:20FE X:02F0 Y:0004 S:012A D:1628 DB:86 nvmxdizc V: 11 H:205 F:30
				87F0BD E8          INX                    A:20FE X:02F1 Y:0004 S:012A D:1628 DB:86 nvmxdizc V: 11 H:208 F:30
				87F0BE 1A          INC                    A:20FE X:02F2 Y:0004 S:012A D:1628 DB:86 nvmxdizc V: 11 H:211 F:30
				87F0BF 9F 00 E0 7F STA $7FE000,X [7FE2F2] A:20FF X:02F2 Y:0004 S:012A D:1628 DB:86 nvmxdizc V: 11 H:214 F:30
				87F0C3 E8          INX                    A:20FF X:02F2 Y:0004 S:012A D:1628 DB:86 nvmxdizc V: 11 H:224 F:30
				87F0C4 E8          INX                    A:20FF X:02F3 Y:0004 S:012A D:1628 DB:86 nvmxdizc V: 11 H:227 F:30
				87F0C5 88          DEY                    A:20FF X:02F4 Y:0004 S:012A D:1628 DB:86 nvmxdizc V: 11 H:230 F:30
				87F0C6 D0 EF       BNE $00EF     [87F0B7] A:20FF X:02F4 Y:0003 S:012A D:1628 DB:86 nvmxdizc V: 11 H:233 F:30
				87F0B7 3A          DEC                    A:20FF X:02F4 Y:0003 S:012A D:1628 DB:86 nvmxdizc V: 11 H:238 F:30
				87F0B8 9F 00 E0 7F STA $7FE000,X [7FE2F4] A:20FE X:02F4 Y:0003 S:012A D:1628 DB:86 nvmxdizc V: 11 H:241 F:30
				87F0BC E8          INX                    A:20FE X:02F4 Y:0003 S:012A D:1628 DB:86 nvmxdizc V: 11 H:251 F:30
				87F0BD E8          INX                    A:20FE X:02F5 Y:0003 S:012A D:1628 DB:86 nvmxdizc V: 11 H:254 F:30
				87F0BE 1A          INC                    A:20FE X:02F6 Y:0003 S:012A D:1628 DB:86 nvmxdizc V: 11 H:257 F:30
				87F0BF 9F 00 E0 7F STA $7FE000,X [7FE2F6] A:20FF X:02F6 Y:0003 S:012A D:1628 DB:86 nvmxdizc V: 11 H:260 F:30
				87F0C3 E8          INX                    A:20FF X:02F6 Y:0003 S:012A D:1628 DB:86 nvmxdizc V: 11 H:270 F:30
				87F0C4 E8          INX                    A:20FF X:02F7 Y:0003 S:012A D:1628 DB:86 nvmxdizc V: 11 H:273 F:30
				87F0C5 88          DEY                    A:20FF X:02F8 Y:0003 S:012A D:1628 DB:86 nvmxdizc V: 11 H:276 F:30
				87F0C6 D0 EF       BNE $00EF     [87F0B7] A:20FF X:02F8 Y:0002 S:012A D:1628 DB:86 nvmxdizc V: 11 H:279 F:30
				87F0B7 3A          DEC                    A:20FF X:02F8 Y:0002 S:012A D:1628 DB:86 nvmxdizc V: 11 H:283 F:30
				87F0B8 9F 00 E0 7F STA $7FE000,X [7FE2F8] A:20FE X:02F8 Y:0002 S:012A D:1628 DB:86 nvmxdizc V: 11 H:286 F:30
				87F0BC E8          INX                    A:20FE X:02F8 Y:0002 S:012A D:1628 DB:86 nvmxdizc V: 11 H:296 F:30
				87F0BD E8          INX                    A:20FE X:02F9 Y:0002 S:012A D:1628 DB:86 nvmxdizc V: 11 H:299 F:30
				87F0BE 1A          INC                    A:20FE X:02FA Y:0002 S:012A D:1628 DB:86 nvmxdizc V: 11 H:302 F:30
				87F0BF 9F 00 E0 7F STA $7FE000,X [7FE2FA] A:20FF X:02FA Y:0002 S:012A D:1628 DB:86 nvmxdizc V: 11 H:305 F:30
				87F0C3 E8          INX                    A:20FF X:02FA Y:0002 S:012A D:1628 DB:86 nvmxdizc V: 11 H:315 F:30
				87F0C4 E8          INX                    A:20FF X:02FB Y:0002 S:012A D:1628 DB:86 nvmxdizc V: 11 H:318 F:30
				87F0C5 88          DEY                    A:20FF X:02FC Y:0002 S:012A D:1628 DB:86 nvmxdizc V: 11 H:321 F:30
				87F0C6 D0 EF       BNE $00EF     [87F0B7] A:20FF X:02FC Y:0001 S:012A D:1628 DB:86 nvmxdizc V: 11 H:324 F:30
				87F0B7 3A          DEC                    A:20FF X:02FC Y:0001 S:012A D:1628 DB:86 nvmxdizc V: 11 H:328 F:30
				87F0B8 9F 00 E0 7F STA $7FE000,X [7FE2FC] A:20FE X:02FC Y:0001 S:012A D:1628 DB:86 nvmxdizc V: 11 H:331 F:30
				87F0BC E8          INX                    A:20FE X:02FC Y:0001 S:012A D:1628 DB:86 nvmxdizc V: 12 H:  1 F:30
				87F0BD E8          INX                    A:20FE X:02FD Y:0001 S:012A D:1628 DB:86 nvmxdizc V: 12 H:  4 F:30
				87F0BE 1A          INC                    A:20FE X:02FE Y:0001 S:012A D:1628 DB:86 nvmxdizc V: 12 H:  7 F:30
				87F0BF 9F 00 E0 7F STA $7FE000,X [7FE2FE] A:20FF X:02FE Y:0001 S:012A D:1628 DB:86 nvmxdizc V: 12 H: 10 F:30
				87F0C3 E8          INX                    A:20FF X:02FE Y:0001 S:012A D:1628 DB:86 nvmxdizc V: 12 H: 20 F:30
				87F0C4 E8          INX                    A:20FF X:02FF Y:0001 S:012A D:1628 DB:86 nvmxdizc V: 12 H: 23 F:30
				87F0C5 88          DEY                    A:20FF X:0300 Y:0001 S:012A D:1628 DB:86 nvmxdizc V: 12 H: 26 F:30
				87F0C6 D0 EF       BNE $00EF     [87F0B7] A:20FF X:0300 Y:0000 S:012A D:1628 DB:86 nvmxdiZc V: 12 H: 29 F:30
				87F0C8 E0 00 08    CPX #$0800             A:20FF X:0300 Y:0000 S:012A D:1628 DB:86 nvmxdiZc V: 12 H: 32 F:30
				87F0CB 90 C9       BCC $00C9     [87F096] A:20FF X:0300 Y:0000 S:012A D:1628 DB:86 Nvmxdizc V: 12 H: 36 F:30
				87F096 A0 10 00    LDY #$0010             A:20FF X:0300 Y:0000 S:012A D:1628 DB:86 Nvmxdizc V: 12 H: 41 F:30
				87F099 A9 FD 20    LDA #$20FD             A:20FF X:0300 Y:0010 S:012A D:1628 DB:86 nvmxdizc V: 12 H: 45 F:30
				87F09C 05 1C       ORA $1C       [001644] A:20FD X:0300 Y:0010 S:012A D:1628 DB:86 nvmxdizc V: 12 H: 50 F:30
				87F09E 3A          DEC                    A:20FD X:0300 Y:0010 S:012A D:1628 DB:86 nvmxdizc V: 12 H: 58 F:30
				87F09F 9F 00 E0 7F STA $7FE000,X [7FE300] A:20FC X:0300 Y:0010 S:012A D:1628 DB:86 nvmxdizc V: 12 H: 61 F:30
				87F0A3 E8          INX                    A:20FC X:0300 Y:0010 S:012A D:1628 DB:86 nvmxdizc V: 12 H: 71 F:30
				87F0A4 E8          INX                    A:20FC X:0301 Y:0010 S:012A D:1628 DB:86 nvmxdizc V: 12 H: 74 F:30
				87F0A5 1A          INC                    A:20FC X:0302 Y:0010 S:012A D:1628 DB:86 nvmxdizc V: 12 H: 77 F:30
				87F0A6 9F 00 E0 7F STA $7FE000,X [7FE302] A:20FD X:0302 Y:0010 S:012A D:1628 DB:86 nvmxdizc V: 12 H: 80 F:30
				87F0AA E8          INX                    A:20FD X:0302 Y:0010 S:012A D:1628 DB:86 nvmxdizc V: 12 H: 90 F:30
				87F0AB E8          INX                    A:20FD X:0303 Y:0010 S:012A D:1628 DB:86 nvmxdizc V: 12 H: 93 F:30
				87F0AC 88          DEY                    A:20FD X:0304 Y:0010 S:012A D:1628 DB:86 nvmxdizc V: 12 H: 96 F:30
				87F0AD D0 EF       BNE $00EF     [87F09E] A:20FD X:0304 Y:000F S:012A D:1628 DB:86 nvmxdizc V: 12 H: 99 F:30
				87F09E 3A          DEC                    A:20FD X:0304 Y:000F S:012A D:1628 DB:86 nvmxdizc V: 12 H:104 F:30
				87F09F 9F 00 E0 7F STA $7FE000,X [7FE304] A:20FC X:0304 Y:000F S:012A D:1628 DB:86 nvmxdizc V: 12 H:107 F:30
				87F0A3 E8          INX                    A:20FC X:0304 Y:000F S:012A D:1628 DB:86 nvmxdizc V: 12 H:117 F:30
				87F0A4 E8          INX                    A:20FC X:0305 Y:000F S:012A D:1628 DB:86 nvmxdizc V: 12 H:120 F:30
				87F0A5 1A          INC                    A:20FC X:0306 Y:000F S:012A D:1628 DB:86 nvmxdizc V: 12 H:123 F:30
				87F0A6 9F 00 E0 7F STA $7FE000,X [7FE306] A:20FD X:0306 Y:000F S:012A D:1628 DB:86 nvmxdizc V: 12 H:126 F:30
				87F0AA E8          INX                    A:20FD X:0306 Y:000F S:012A D:1628 DB:86 nvmxdizc V: 12 H:146 F:30
				87F0AB E8          INX                    A:20FD X:0307 Y:000F S:012A D:1628 DB:86 nvmxdizc V: 12 H:149 F:30
				87F0AC 88          DEY                    A:20FD X:0308 Y:000F S:012A D:1628 DB:86 nvmxdizc V: 12 H:152 F:30
				87F0AD D0 EF       BNE $00EF     [87F09E] A:20FD X:0308 Y:000E S:012A D:1628 DB:86 nvmxdizc V: 12 H:155 F:30
				87F09E 3A          DEC                    A:20FD X:0308 Y:000E S:012A D:1628 DB:86 nvmxdizc V: 12 H:159 F:30
				87F09F 9F 00 E0 7F STA $7FE000,X [7FE308] A:20FC X:0308 Y:000E S:012A D:1628 DB:86 nvmxdizc V: 12 H:162 F:30
				87F0A3 E8          INX                    A:20FC X:0308 Y:000E S:012A D:1628 DB:86 nvmxdizc V: 12 H:172 F:30
				87F0A4 E8          INX                    A:20FC X:0309 Y:000E S:012A D:1628 DB:86 nvmxdizc V: 12 H:175 F:30
				87F0A5 1A          INC                    A:20FC X:030A Y:000E S:012A D:1628 DB:86 nvmxdizc V: 12 H:178 F:30
				87F0A6 9F 00 E0 7F STA $7FE000,X [7FE30A] A:20FD X:030A Y:000E S:012A D:1628 DB:86 nvmxdizc V: 12 H:181 F:30
				87F0AA E8          INX                    A:20FD X:030A Y:000E S:012A D:1628 DB:86 nvmxdizc V: 12 H:191 F:30
				87F0AB E8          INX                    A:20FD X:030B Y:000E S:012A D:1628 DB:86 nvmxdizc V: 12 H:194 F:30
				87F0AC 88          DEY                    A:20FD X:030C Y:000E S:012A D:1628 DB:86 nvmxdizc V: 12 H:197 F:30
				87F0AD D0 EF       BNE $00EF     [87F09E] A:20FD X:030C Y:000D S:012A D:1628 DB:86 nvmxdizc V: 12 H:200 F:30
				87F09E 3A          DEC                    A:20FD X:030C Y:000D S:012A D:1628 DB:86 nvmxdizc V: 12 H:205 F:30
				87F09F 9F 00 E0 7F STA $7FE000,X [7FE30C] A:20FC X:030C Y:000D S:012A D:1628 DB:86 nvmxdizc V: 12 H:208 F:30
				87F0A3 E8          INX                    A:20FC X:030C Y:000D S:012A D:1628 DB:86 nvmxdizc V: 12 H:218 F:30
				87F0A4 E8          INX                    A:20FC X:030D Y:000D S:012A D:1628 DB:86 nvmxdizc V: 12 H:221 F:30
				87F0A5 1A          INC                    A:20FC X:030E Y:000D S:012A D:1628 DB:86 nvmxdizc V: 12 H:224 F:30
				87F0A6 9F 00 E0 7F STA $7FE000,X [7FE30E] A:20FD X:030E Y:000D S:012A D:1628 DB:86 nvmxdizc V: 12 H:227 F:30
				87F0AA E8          INX                    A:20FD X:030E Y:000D S:012A D:1628 DB:86 nvmxdizc V: 12 H:237 F:30
				87F0AB E8          INX                    A:20FD X:030F Y:000D S:012A D:1628 DB:86 nvmxdizc V: 12 H:240 F:30
				87F0AC 88          DEY                    A:20FD X:0310 Y:000D S:012A D:1628 DB:86 nvmxdizc V: 12 H:243 F:30
				87F0AD D0 EF       BNE $00EF     [87F09E] A:20FD X:0310 Y:000C S:012A D:1628 DB:86 nvmxdizc V: 12 H:246 F:30
				87F09E 3A          DEC                    A:20FD X:0310 Y:000C S:012A D:1628 DB:86 nvmxdizc V: 12 H:250 F:30
				87F09F 9F 00 E0 7F STA $7FE000,X [7FE310] A:20FC X:0310 Y:000C S:012A D:1628 DB:86 nvmxdizc V: 12 H:253 F:30
				87F0A3 E8          INX                    A:20FC X:0310 Y:000C S:012A D:1628 DB:86 nvmxdizc V: 12 H:263 F:30
				87F0A4 E8          INX                    A:20FC X:0311 Y:000C S:012A D:1628 DB:86 nvmxdizc V: 12 H:266 F:30
				87F0A5 1A          INC                    A:20FC X:0312 Y:000C S:012A D:1628 DB:86 nvmxdizc V: 12 H:269 F:30
				87F0A6 9F 00 E0 7F STA $7FE000,X [7FE312] A:20FD X:0312 Y:000C S:012A D:1628 DB:86 nvmxdizc V: 12 H:272 F:30
				87F0AA E8          INX                    A:20FD X:0312 Y:000C S:012A D:1628 DB:86 nvmxdizc V: 12 H:282 F:30
				87F0AB E8          INX                    A:20FD X:0313 Y:000C S:012A D:1628 DB:86 nvmxdizc V: 12 H:285 F:30
				87F0AC 88          DEY                    A:20FD X:0314 Y:000C S:012A D:1628 DB:86 nvmxdizc V: 12 H:288 F:30
				87F0AD D0 EF       BNE $00EF     [87F09E] A:20FD X:0314 Y:000B S:012A D:1628 DB:86 nvmxdizc V: 12 H:291 F:30
				87F09E 3A          DEC                    A:20FD X:0314 Y:000B S:012A D:1628 DB:86 nvmxdizc V: 12 H:296 F:30
				87F09F 9F 00 E0 7F STA $7FE000,X [7FE314] A:20FC X:0314 Y:000B S:012A D:1628 DB:86 nvmxdizc V: 12 H:299 F:30
				87F0A3 E8          INX                    A:20FC X:0314 Y:000B S:012A D:1628 DB:86 nvmxdizc V: 12 H:309 F:30
				87F0A4 E8          INX                    A:20FC X:0315 Y:000B S:012A D:1628 DB:86 nvmxdizc V: 12 H:312 F:30
				87F0A5 1A          INC                    A:20FC X:0316 Y:000B S:012A D:1628 DB:86 nvmxdizc V: 12 H:315 F:30
				87F0A6 9F 00 E0 7F STA $7FE000,X [7FE316] A:20FD X:0316 Y:000B S:012A D:1628 DB:86 nvmxdizc V: 12 H:318 F:30
				87F0AA E8          INX                    A:20FD X:0316 Y:000B S:012A D:1628 DB:86 nvmxdizc V: 12 H:327 F:30
				87F0AB E8          INX                    A:20FD X:0317 Y:000B S:012A D:1628 DB:86 nvmxdizc V: 12 H:330 F:30
				87F0AC 88          DEY                    A:20FD X:0318 Y:000B S:012A D:1628 DB:86 nvmxdizc V: 12 H:333 F:30
				87F0AD D0 EF       BNE $00EF     [87F09E] A:20FD X:0318 Y:000A S:012A D:1628 DB:86 nvmxdizc V: 12 H:336 F:30
				87F09E 3A          DEC                    A:20FD X:0318 Y:000A S:012A D:1628 DB:86 nvmxdizc V: 13 H:  0 F:30
				87F09F 9F 00 E0 7F STA $7FE000,X [7FE318] A:20FC X:0318 Y:000A S:012A D:1628 DB:86 nvmxdizc V: 13 H:  3 F:30
				87F0A3 E8          INX                    A:20FC X:0318 Y:000A S:012A D:1628 DB:86 nvmxdizc V: 13 H: 13 F:30
				87F0A4 E8          INX                    A:20FC X:0319 Y:000A S:012A D:1628 DB:86 nvmxdizc V: 13 H: 16 F:30
				87F0A5 1A          INC                    A:20FC X:031A Y:000A S:012A D:1628 DB:86 nvmxdizc V: 13 H: 19 F:30
				87F0A6 9F 00 E0 7F STA $7FE000,X [7FE31A] A:20FD X:031A Y:000A S:012A D:1628 DB:86 nvmxdizc V: 13 H: 22 F:30
				87F0AA E8          INX                    A:20FD X:031A Y:000A S:012A D:1628 DB:86 nvmxdizc V: 13 H: 32 F:30
				87F0AB E8          INX                    A:20FD X:031B Y:000A S:012A D:1628 DB:86 nvmxdizc V: 13 H: 35 F:30
				87F0AC 88          DEY                    A:20FD X:031C Y:000A S:012A D:1628 DB:86 nvmxdizc V: 13 H: 38 F:30
				87F0AD D0 EF       BNE $00EF     [87F09E] A:20FD X:031C Y:0009 S:012A D:1628 DB:86 nvmxdizc V: 13 H: 41 F:30
				87F09E 3A          DEC                    A:20FD X:031C Y:0009 S:012A D:1628 DB:86 nvmxdizc V: 13 H: 46 F:30
				87F09F 9F 00 E0 7F STA $7FE000,X [7FE31C] A:20FC X:031C Y:0009 S:012A D:1628 DB:86 nvmxdizc V: 13 H: 49 F:30
				87F0A3 E8          INX                    A:20FC X:031C Y:0009 S:012A D:1628 DB:86 nvmxdizc V: 13 H: 59 F:30
				87F0A4 E8          INX                    A:20FC X:031D Y:0009 S:012A D:1628 DB:86 nvmxdizc V: 13 H: 62 F:30
				87F0A5 1A          INC                    A:20FC X:031E Y:0009 S:012A D:1628 DB:86 nvmxdizc V: 13 H: 65 F:30
				87F0A6 9F 00 E0 7F STA $7FE000,X [7FE31E] A:20FD X:031E Y:0009 S:012A D:1628 DB:86 nvmxdizc V: 13 H: 68 F:30
				87F0AA E8          INX                    A:20FD X:031E Y:0009 S:012A D:1628 DB:86 nvmxdizc V: 13 H: 78 F:30
				87F0AB E8          INX                    A:20FD X:031F Y:0009 S:012A D:1628 DB:86 nvmxdizc V: 13 H: 81 F:30
				87F0AC 88          DEY                    A:20FD X:0320 Y:0009 S:012A D:1628 DB:86 nvmxdizc V: 13 H: 84 F:30
				87F0AD D0 EF       BNE $00EF     [87F09E] A:20FD X:0320 Y:0008 S:012A D:1628 DB:86 nvmxdizc V: 13 H: 87 F:30
				87F09E 3A          DEC                    A:20FD X:0320 Y:0008 S:012A D:1628 DB:86 nvmxdizc V: 13 H: 91 F:30
				87F09F 9F 00 E0 7F STA $7FE000,X [7FE320] A:20FC X:0320 Y:0008 S:012A D:1628 DB:86 nvmxdizc V: 13 H: 94 F:30
				87F0A3 E8          INX                    A:20FC X:0320 Y:0008 S:012A D:1628 DB:86 nvmxdizc V: 13 H:104 F:30
				87F0A4 E8          INX                    A:20FC X:0321 Y:0008 S:012A D:1628 DB:86 nvmxdizc V: 13 H:107 F:30
				87F0A5 1A          INC                    A:20FC X:0322 Y:0008 S:012A D:1628 DB:86 nvmxdizc V: 13 H:110 F:30
				87F0A6 9F 00 E0 7F STA $7FE000,X [7FE322] A:20FD X:0322 Y:0008 S:012A D:1628 DB:86 nvmxdizc V: 13 H:113 F:30
				87F0AA E8          INX                    A:20FD X:0322 Y:0008 S:012A D:1628 DB:86 nvmxdizc V: 13 H:123 F:30
				87F0AB E8          INX                    A:20FD X:0323 Y:0008 S:012A D:1628 DB:86 nvmxdizc V: 13 H:126 F:30
				87F0AC 88          DEY                    A:20FD X:0324 Y:0008 S:012A D:1628 DB:86 nvmxdizc V: 13 H:129 F:30
				87F0AD D0 EF       BNE $00EF     [87F09E] A:20FD X:0324 Y:0007 S:012A D:1628 DB:86 nvmxdizc V: 13 H:132 F:30
				87F09E 3A          DEC                    A:20FD X:0324 Y:0007 S:012A D:1628 DB:86 nvmxdizc V: 13 H:147 F:30
				87F09F 9F 00 E0 7F STA $7FE000,X [7FE324] A:20FC X:0324 Y:0007 S:012A D:1628 DB:86 nvmxdizc V: 13 H:150 F:30
				87F0A3 E8          INX                    A:20FC X:0324 Y:0007 S:012A D:1628 DB:86 nvmxdizc V: 13 H:160 F:30
				87F0A4 E8          INX                    A:20FC X:0325 Y:0007 S:012A D:1628 DB:86 nvmxdizc V: 13 H:163 F:30
				87F0A5 1A          INC                    A:20FC X:0326 Y:0007 S:012A D:1628 DB:86 nvmxdizc V: 13 H:166 F:30
				87F0A6 9F 00 E0 7F STA $7FE000,X [7FE326] A:20FD X:0326 Y:0007 S:012A D:1628 DB:86 nvmxdizc V: 13 H:169 F:30
				87F0AA E8          INX                    A:20FD X:0326 Y:0007 S:012A D:1628 DB:86 nvmxdizc V: 13 H:179 F:30
				87F0AB E8          INX                    A:20FD X:0327 Y:0007 S:012A D:1628 DB:86 nvmxdizc V: 13 H:182 F:30
				87F0AC 88          DEY                    A:20FD X:0328 Y:0007 S:012A D:1628 DB:86 nvmxdizc V: 13 H:185 F:30
				87F0AD D0 EF       BNE $00EF     [87F09E] A:20FD X:0328 Y:0006 S:012A D:1628 DB:86 nvmxdizc V: 13 H:188 F:30
				87F09E 3A          DEC                    A:20FD X:0328 Y:0006 S:012A D:1628 DB:86 nvmxdizc V: 13 H:192 F:30
				87F09F 9F 00 E0 7F STA $7FE000,X [7FE328] A:20FC X:0328 Y:0006 S:012A D:1628 DB:86 nvmxdizc V: 13 H:195 F:30
				87F0A3 E8          INX                    A:20FC X:0328 Y:0006 S:012A D:1628 DB:86 nvmxdizc V: 13 H:205 F:30
				87F0A4 E8          INX                    A:20FC X:0329 Y:0006 S:012A D:1628 DB:86 nvmxdizc V: 13 H:208 F:30
				87F0A5 1A          INC                    A:20FC X:032A Y:0006 S:012A D:1628 DB:86 nvmxdizc V: 13 H:211 F:30
				87F0A6 9F 00 E0 7F STA $7FE000,X [7FE32A] A:20FD X:032A Y:0006 S:012A D:1628 DB:86 nvmxdizc V: 13 H:214 F:30
				87F0AA E8          INX                    A:20FD X:032A Y:0006 S:012A D:1628 DB:86 nvmxdizc V: 13 H:224 F:30
				87F0AB E8          INX                    A:20FD X:032B Y:0006 S:012A D:1628 DB:86 nvmxdizc V: 13 H:227 F:30
				87F0AC 88          DEY                    A:20FD X:032C Y:0006 S:012A D:1628 DB:86 nvmxdizc V: 13 H:230 F:30
				87F0AD D0 EF       BNE $00EF     [87F09E] A:20FD X:032C Y:0005 S:012A D:1628 DB:86 nvmxdizc V: 13 H:233 F:30
				87F09E 3A          DEC                    A:20FD X:032C Y:0005 S:012A D:1628 DB:86 nvmxdizc V: 13 H:238 F:30
				87F09F 9F 00 E0 7F STA $7FE000,X [7FE32C] A:20FC X:032C Y:0005 S:012A D:1628 DB:86 nvmxdizc V: 13 H:241 F:30
				87F0A3 E8          INX                    A:20FC X:032C Y:0005 S:012A D:1628 DB:86 nvmxdizc V: 13 H:251 F:30
				87F0A4 E8          INX                    A:20FC X:032D Y:0005 S:012A D:1628 DB:86 nvmxdizc V: 13 H:254 F:30
				87F0A5 1A          INC                    A:20FC X:032E Y:0005 S:012A D:1628 DB:86 nvmxdizc V: 13 H:257 F:30
				87F0A6 9F 00 E0 7F STA $7FE000,X [7FE32E] A:20FD X:032E Y:0005 S:012A D:1628 DB:86 nvmxdizc V: 13 H:260 F:30
				87F0AA E8          INX                    A:20FD X:032E Y:0005 S:012A D:1628 DB:86 nvmxdizc V: 13 H:270 F:30
				87F0AB E8          INX                    A:20FD X:032F Y:0005 S:012A D:1628 DB:86 nvmxdizc V: 13 H:273 F:30
				87F0AC 88          DEY                    A:20FD X:0330 Y:0005 S:012A D:1628 DB:86 nvmxdizc V: 13 H:276 F:30
				87F0AD D0 EF       BNE $00EF     [87F09E] A:20FD X:0330 Y:0004 S:012A D:1628 DB:86 nvmxdizc V: 13 H:279 F:30
				87F09E 3A          DEC                    A:20FD X:0330 Y:0004 S:012A D:1628 DB:86 nvmxdizc V: 13 H:283 F:30
				87F09F 9F 00 E0 7F STA $7FE000,X [7FE330] A:20FC X:0330 Y:0004 S:012A D:1628 DB:86 nvmxdizc V: 13 H:286 F:30
				87F0A3 E8          INX                    A:20FC X:0330 Y:0004 S:012A D:1628 DB:86 nvmxdizc V: 13 H:296 F:30
				87F0A4 E8          INX                    A:20FC X:0331 Y:0004 S:012A D:1628 DB:86 nvmxdizc V: 13 H:299 F:30
				87F0A5 1A          INC                    A:20FC X:0332 Y:0004 S:012A D:1628 DB:86 nvmxdizc V: 13 H:302 F:30
				87F0A6 9F 00 E0 7F STA $7FE000,X [7FE332] A:20FD X:0332 Y:0004 S:012A D:1628 DB:86 nvmxdizc V: 13 H:305 F:30
				87F0AA E8          INX                    A:20FD X:0332 Y:0004 S:012A D:1628 DB:86 nvmxdizc V: 13 H:315 F:30
				87F0AB E8          INX                    A:20FD X:0333 Y:0004 S:012A D:1628 DB:86 nvmxdizc V: 13 H:318 F:30
				87F0AC 88          DEY                    A:20FD X:0334 Y:0004 S:012A D:1628 DB:86 nvmxdizc V: 13 H:321 F:30
				87F0AD D0 EF       BNE $00EF     [87F09E] A:20FD X:0334 Y:0003 S:012A D:1628 DB:86 nvmxdizc V: 13 H:324 F:30
				87F09E 3A          DEC                    A:20FD X:0334 Y:0003 S:012A D:1628 DB:86 nvmxdizc V: 13 H:328 F:30
				87F09F 9F 00 E0 7F STA $7FE000,X [7FE334] A:20FC X:0334 Y:0003 S:012A D:1628 DB:86 nvmxdizc V: 13 H:331 F:30
				87F0A3 E8          INX                    A:20FC X:0334 Y:0003 S:012A D:1628 DB:86 nvmxdizc V: 14 H:  1 F:30
				87F0A4 E8          INX                    A:20FC X:0335 Y:0003 S:012A D:1628 DB:86 nvmxdizc V: 14 H:  4 F:30
				87F0A5 1A          INC                    A:20FC X:0336 Y:0003 S:012A D:1628 DB:86 nvmxdizc V: 14 H:  7 F:30
				87F0A6 9F 00 E0 7F STA $7FE000,X [7FE336] A:20FD X:0336 Y:0003 S:012A D:1628 DB:86 nvmxdizc V: 14 H: 10 F:30
				87F0AA E8          INX                    A:20FD X:0336 Y:0003 S:012A D:1628 DB:86 nvmxdizc V: 14 H: 20 F:30
				87F0AB E8          INX                    A:20FD X:0337 Y:0003 S:012A D:1628 DB:86 nvmxdizc V: 14 H: 23 F:30
				87F0AC 88          DEY                    A:20FD X:0338 Y:0003 S:012A D:1628 DB:86 nvmxdizc V: 14 H: 26 F:30
				87F0AD D0 EF       BNE $00EF     [87F09E] A:20FD X:0338 Y:0002 S:012A D:1628 DB:86 nvmxdizc V: 14 H: 29 F:30
				87F09E 3A          DEC                    A:20FD X:0338 Y:0002 S:012A D:1628 DB:86 nvmxdizc V: 14 H: 33 F:30
				87F09F 9F 00 E0 7F STA $7FE000,X [7FE338] A:20FC X:0338 Y:0002 S:012A D:1628 DB:86 nvmxdizc V: 14 H: 36 F:30
				87F0A3 E8          INX                    A:20FC X:0338 Y:0002 S:012A D:1628 DB:86 nvmxdizc V: 14 H: 46 F:30
				87F0A4 E8          INX                    A:20FC X:0339 Y:0002 S:012A D:1628 DB:86 nvmxdizc V: 14 H: 49 F:30
				87F0A5 1A          INC                    A:20FC X:033A Y:0002 S:012A D:1628 DB:86 nvmxdizc V: 14 H: 52 F:30
				87F0A6 9F 00 E0 7F STA $7FE000,X [7FE33A] A:20FD X:033A Y:0002 S:012A D:1628 DB:86 nvmxdizc V: 14 H: 55 F:30
				87F0AA E8          INX                    A:20FD X:033A Y:0002 S:012A D:1628 DB:86 nvmxdizc V: 14 H: 65 F:30
				87F0AB E8          INX                    A:20FD X:033B Y:0002 S:012A D:1628 DB:86 nvmxdizc V: 14 H: 68 F:30
				87F0AC 88          DEY                    A:20FD X:033C Y:0002 S:012A D:1628 DB:86 nvmxdizc V: 14 H: 71 F:30
				87F0AD D0 EF       BNE $00EF     [87F09E] A:20FD X:033C Y:0001 S:012A D:1628 DB:86 nvmxdizc V: 14 H: 74 F:30
				87F09E 3A          DEC                    A:20FD X:033C Y:0001 S:012A D:1628 DB:86 nvmxdizc V: 14 H: 79 F:30
				87F09F 9F 00 E0 7F STA $7FE000,X [7FE33C] A:20FC X:033C Y:0001 S:012A D:1628 DB:86 nvmxdizc V: 14 H: 82 F:30
				87F0A3 E8          INX                    A:20FC X:033C Y:0001 S:012A D:1628 DB:86 nvmxdizc V: 14 H: 92 F:30
				87F0A4 E8          INX                    A:20FC X:033D Y:0001 S:012A D:1628 DB:86 nvmxdizc V: 14 H: 95 F:30
				87F0A5 1A          INC                    A:20FC X:033E Y:0001 S:012A D:1628 DB:86 nvmxdizc V: 14 H: 98 F:30
				87F0A6 9F 00 E0 7F STA $7FE000,X [7FE33E] A:20FD X:033E Y:0001 S:012A D:1628 DB:86 nvmxdizc V: 14 H:101 F:30
				87F0AA E8          INX                    A:20FD X:033E Y:0001 S:012A D:1628 DB:86 nvmxdizc V: 14 H:111 F:30
				87F0AB E8          INX                    A:20FD X:033F Y:0001 S:012A D:1628 DB:86 nvmxdizc V: 14 H:114 F:30
				87F0AC 88          DEY                    A:20FD X:0340 Y:0001 S:012A D:1628 DB:86 nvmxdizc V: 14 H:117 F:30
				87F0AD D0 EF       BNE $00EF     [87F09E] A:20FD X:0340 Y:0000 S:012A D:1628 DB:86 nvmxdiZc V: 14 H:120 F:30
				87F0AF A0 10 00    LDY #$0010             A:20FD X:0340 Y:0000 S:012A D:1628 DB:86 nvmxdiZc V: 14 H:123 F:30
				87F0B2 A9 FF 20    LDA #$20FF             A:20FD X:0340 Y:0010 S:012A D:1628 DB:86 nvmxdizc V: 14 H:127 F:30
				87F0B5 05 1C       ORA $1C       [001644] A:20FF X:0340 Y:0010 S:012A D:1628 DB:86 nvmxdizc V: 14 H:132 F:30
				87F0B7 3A          DEC                    A:20FF X:0340 Y:0010 S:012A D:1628 DB:86 nvmxdizc V: 14 H:150 F:30
				87F0B8 9F 00 E0 7F STA $7FE000,X [7FE340] A:20FE X:0340 Y:0010 S:012A D:1628 DB:86 nvmxdizc V: 14 H:153 F:30
				87F0BC E8          INX                    A:20FE X:0340 Y:0010 S:012A D:1628 DB:86 nvmxdizc V: 14 H:163 F:30
				87F0BD E8          INX                    A:20FE X:0341 Y:0010 S:012A D:1628 DB:86 nvmxdizc V: 14 H:166 F:30
				87F0BE 1A          INC                    A:20FE X:0342 Y:0010 S:012A D:1628 DB:86 nvmxdizc V: 14 H:169 F:30
				87F0BF 9F 00 E0 7F STA $7FE000,X [7FE342] A:20FF X:0342 Y:0010 S:012A D:1628 DB:86 nvmxdizc V: 14 H:172 F:30
				87F0C3 E8          INX                    A:20FF X:0342 Y:0010 S:012A D:1628 DB:86 nvmxdizc V: 14 H:182 F:30
				87F0C4 E8          INX                    A:20FF X:0343 Y:0010 S:012A D:1628 DB:86 nvmxdizc V: 14 H:185 F:30
				87F0C5 88          DEY                    A:20FF X:0344 Y:0010 S:012A D:1628 DB:86 nvmxdizc V: 14 H:188 F:30
				87F0C6 D0 EF       BNE $00EF     [87F0B7] A:20FF X:0344 Y:000F S:012A D:1628 DB:86 nvmxdizc V: 14 H:191 F:30
				87F0B7 3A          DEC                    A:20FF X:0344 Y:000F S:012A D:1628 DB:86 nvmxdizc V: 14 H:196 F:30
				87F0B8 9F 00 E0 7F STA $7FE000,X [7FE344] A:20FE X:0344 Y:000F S:012A D:1628 DB:86 nvmxdizc V: 14 H:199 F:30
				87F0BC E8          INX                    A:20FE X:0344 Y:000F S:012A D:1628 DB:86 nvmxdizc V: 14 H:209 F:30
				87F0BD E8          INX                    A:20FE X:0345 Y:000F S:012A D:1628 DB:86 nvmxdizc V: 14 H:212 F:30
				87F0BE 1A          INC                    A:20FE X:0346 Y:000F S:012A D:1628 DB:86 nvmxdizc V: 14 H:215 F:30
				87F0BF 9F 00 E0 7F STA $7FE000,X [7FE346] A:20FF X:0346 Y:000F S:012A D:1628 DB:86 nvmxdizc V: 14 H:218 F:30
				87F0C3 E8          INX                    A:20FF X:0346 Y:000F S:012A D:1628 DB:86 nvmxdizc V: 14 H:228 F:30
				87F0C4 E8          INX                    A:20FF X:0347 Y:000F S:012A D:1628 DB:86 nvmxdizc V: 14 H:231 F:30
				87F0C5 88          DEY                    A:20FF X:0348 Y:000F S:012A D:1628 DB:86 nvmxdizc V: 14 H:234 F:30
				87F0C6 D0 EF       BNE $00EF     [87F0B7] A:20FF X:0348 Y:000E S:012A D:1628 DB:86 nvmxdizc V: 14 H:237 F:30
				87F0B7 3A          DEC                    A:20FF X:0348 Y:000E S:012A D:1628 DB:86 nvmxdizc V: 14 H:241 F:30
				87F0B8 9F 00 E0 7F STA $7FE000,X [7FE348] A:20FE X:0348 Y:000E S:012A D:1628 DB:86 nvmxdizc V: 14 H:244 F:30
				87F0BC E8          INX                    A:20FE X:0348 Y:000E S:012A D:1628 DB:86 nvmxdizc V: 14 H:254 F:30
				87F0BD E8          INX                    A:20FE X:0349 Y:000E S:012A D:1628 DB:86 nvmxdizc V: 14 H:257 F:30
				87F0BE 1A          INC                    A:20FE X:034A Y:000E S:012A D:1628 DB:86 nvmxdizc V: 14 H:260 F:30
				87F0BF 9F 00 E0 7F STA $7FE000,X [7FE34A] A:20FF X:034A Y:000E S:012A D:1628 DB:86 nvmxdizc V: 14 H:263 F:30
				87F0C3 E8          INX                    A:20FF X:034A Y:000E S:012A D:1628 DB:86 nvmxdizc V: 14 H:273 F:30
				87F0C4 E8          INX                    A:20FF X:034B Y:000E S:012A D:1628 DB:86 nvmxdizc V: 14 H:276 F:30
				87F0C5 88          DEY                    A:20FF X:034C Y:000E S:012A D:1628 DB:86 nvmxdizc V: 14 H:279 F:30
				87F0C6 D0 EF       BNE $00EF     [87F0B7] A:20FF X:034C Y:000D S:012A D:1628 DB:86 nvmxdizc V: 14 H:282 F:30
				87F0B7 3A          DEC                    A:20FF X:034C Y:000D S:012A D:1628 DB:86 nvmxdizc V: 14 H:287 F:30
				87F0B8 9F 00 E0 7F STA $7FE000,X [7FE34C] A:20FE X:034C Y:000D S:012A D:1628 DB:86 nvmxdizc V: 14 H:290 F:30
				87F0BC E8          INX                    A:20FE X:034C Y:000D S:012A D:1628 DB:86 nvmxdizc V: 14 H:300 F:30
				87F0BD E8          INX                    A:20FE X:034D Y:000D S:012A D:1628 DB:86 nvmxdizc V: 14 H:303 F:30
				87F0BE 1A          INC                    A:20FE X:034E Y:000D S:012A D:1628 DB:86 nvmxdizc V: 14 H:306 F:30
				87F0BF 9F 00 E0 7F STA $7FE000,X [7FE34E] A:20FF X:034E Y:000D S:012A D:1628 DB:86 nvmxdizc V: 14 H:309 F:30
				87F0C3 E8          INX                    A:20FF X:034E Y:000D S:012A D:1628 DB:86 nvmxdizc V: 14 H:319 F:30
				87F0C4 E8          INX                    A:20FF X:034F Y:000D S:012A D:1628 DB:86 nvmxdizc V: 14 H:322 F:30
				87F0C5 88          DEY                    A:20FF X:0350 Y:000D S:012A D:1628 DB:86 nvmxdizc V: 14 H:324 F:30
				87F0C6 D0 EF       BNE $00EF     [87F0B7] A:20FF X:0350 Y:000C S:012A D:1628 DB:86 nvmxdizc V: 14 H:327 F:30
				87F0B7 3A          DEC                    A:20FF X:0350 Y:000C S:012A D:1628 DB:86 nvmxdizc V: 14 H:331 F:30
				87F0B8 9F 00 E0 7F STA $7FE000,X [7FE350] A:20FE X:0350 Y:000C S:012A D:1628 DB:86 nvmxdizc V: 14 H:334 F:30
				87F0BC E8          INX                    A:20FE X:0350 Y:000C S:012A D:1628 DB:86 nvmxdizc V: 15 H:  4 F:30
				87F0BD E8          INX                    A:20FE X:0351 Y:000C S:012A D:1628 DB:86 nvmxdizc V: 15 H:  7 F:30
				87F0BE 1A          INC                    A:20FE X:0352 Y:000C S:012A D:1628 DB:86 nvmxdizc V: 15 H: 10 F:30
				87F0BF 9F 00 E0 7F STA $7FE000,X [7FE352] A:20FF X:0352 Y:000C S:012A D:1628 DB:86 nvmxdizc V: 15 H: 13 F:30
				87F0C3 E8          INX                    A:20FF X:0352 Y:000C S:012A D:1628 DB:86 nvmxdizc V: 15 H: 23 F:30
				87F0C4 E8          INX                    A:20FF X:0353 Y:000C S:012A D:1628 DB:86 nvmxdizc V: 15 H: 26 F:30
				87F0C5 88          DEY                    A:20FF X:0354 Y:000C S:012A D:1628 DB:86 nvmxdizc V: 15 H: 29 F:30
				87F0C6 D0 EF       BNE $00EF     [87F0B7] A:20FF X:0354 Y:000B S:012A D:1628 DB:86 nvmxdizc V: 15 H: 32 F:30
				87F0B7 3A          DEC                    A:20FF X:0354 Y:000B S:012A D:1628 DB:86 nvmxdizc V: 15 H: 37 F:30
				87F0B8 9F 00 E0 7F STA $7FE000,X [7FE354] A:20FE X:0354 Y:000B S:012A D:1628 DB:86 nvmxdizc V: 15 H: 40 F:30
				87F0BC E8          INX                    A:20FE X:0354 Y:000B S:012A D:1628 DB:86 nvmxdizc V: 15 H: 50 F:30
				87F0BD E8          INX                    A:20FE X:0355 Y:000B S:012A D:1628 DB:86 nvmxdizc V: 15 H: 53 F:30
				87F0BE 1A          INC                    A:20FE X:0356 Y:000B S:012A D:1628 DB:86 nvmxdizc V: 15 H: 56 F:30
				87F0BF 9F 00 E0 7F STA $7FE000,X [7FE356] A:20FF X:0356 Y:000B S:012A D:1628 DB:86 nvmxdizc V: 15 H: 59 F:30
				87F0C3 E8          INX                    A:20FF X:0356 Y:000B S:012A D:1628 DB:86 nvmxdizc V: 15 H: 69 F:30
				87F0C4 E8          INX                    A:20FF X:0357 Y:000B S:012A D:1628 DB:86 nvmxdizc V: 15 H: 72 F:30
				87F0C5 88          DEY                    A:20FF X:0358 Y:000B S:012A D:1628 DB:86 nvmxdizc V: 15 H: 75 F:30
				87F0C6 D0 EF       BNE $00EF     [87F0B7] A:20FF X:0358 Y:000A S:012A D:1628 DB:86 nvmxdizc V: 15 H: 78 F:30
				87F0B7 3A          DEC                    A:20FF X:0358 Y:000A S:012A D:1628 DB:86 nvmxdizc V: 15 H: 82 F:30
				87F0B8 9F 00 E0 7F STA $7FE000,X [7FE358] A:20FE X:0358 Y:000A S:012A D:1628 DB:86 nvmxdizc V: 15 H: 85 F:30
				87F0BC E8          INX                    A:20FE X:0358 Y:000A S:012A D:1628 DB:86 nvmxdizc V: 15 H: 95 F:30
				87F0BD E8          INX                    A:20FE X:0359 Y:000A S:012A D:1628 DB:86 nvmxdizc V: 15 H: 98 F:30
				87F0BE 1A          INC                    A:20FE X:035A Y:000A S:012A D:1628 DB:86 nvmxdizc V: 15 H:101 F:30
				87F0BF 9F 00 E0 7F STA $7FE000,X [7FE35A] A:20FF X:035A Y:000A S:012A D:1628 DB:86 nvmxdizc V: 15 H:104 F:30
				87F0C3 E8          INX                    A:20FF X:035A Y:000A S:012A D:1628 DB:86 nvmxdizc V: 15 H:114 F:30
				87F0C4 E8          INX                    A:20FF X:035B Y:000A S:012A D:1628 DB:86 nvmxdizc V: 15 H:117 F:30
				87F0C5 88          DEY                    A:20FF X:035C Y:000A S:012A D:1628 DB:86 nvmxdizc V: 15 H:120 F:30
				87F0C6 D0 EF       BNE $00EF     [87F0B7] A:20FF X:035C Y:0009 S:012A D:1628 DB:86 nvmxdizc V: 15 H:123 F:30
				87F0B7 3A          DEC                    A:20FF X:035C Y:0009 S:012A D:1628 DB:86 nvmxdizc V: 15 H:128 F:30
				87F0B8 9F 00 E0 7F STA $7FE000,X [7FE35C] A:20FE X:035C Y:0009 S:012A D:1628 DB:86 nvmxdizc V: 15 H:131 F:30
				87F0BC E8          INX                    A:20FE X:035C Y:0009 S:012A D:1628 DB:86 nvmxdizc V: 15 H:151 F:30
				87F0BD E8          INX                    A:20FE X:035D Y:0009 S:012A D:1628 DB:86 nvmxdizc V: 15 H:154 F:30
				87F0BE 1A          INC                    A:20FE X:035E Y:0009 S:012A D:1628 DB:86 nvmxdizc V: 15 H:157 F:30
				87F0BF 9F 00 E0 7F STA $7FE000,X [7FE35E] A:20FF X:035E Y:0009 S:012A D:1628 DB:86 nvmxdizc V: 15 H:160 F:30
				87F0C3 E8          INX                    A:20FF X:035E Y:0009 S:012A D:1628 DB:86 nvmxdizc V: 15 H:170 F:30
				87F0C4 E8          INX                    A:20FF X:035F Y:0009 S:012A D:1628 DB:86 nvmxdizc V: 15 H:173 F:30
				87F0C5 88          DEY                    A:20FF X:0360 Y:0009 S:012A D:1628 DB:86 nvmxdizc V: 15 H:176 F:30
				87F0C6 D0 EF       BNE $00EF     [87F0B7] A:20FF X:0360 Y:0008 S:012A D:1628 DB:86 nvmxdizc V: 15 H:179 F:30
				87F0B7 3A          DEC                    A:20FF X:0360 Y:0008 S:012A D:1628 DB:86 nvmxdizc V: 15 H:183 F:30
				87F0B8 9F 00 E0 7F STA $7FE000,X [7FE360] A:20FE X:0360 Y:0008 S:012A D:1628 DB:86 nvmxdizc V: 15 H:186 F:30
				87F0BC E8          INX                    A:20FE X:0360 Y:0008 S:012A D:1628 DB:86 nvmxdizc V: 15 H:196 F:30
				87F0BD E8          INX                    A:20FE X:0361 Y:0008 S:012A D:1628 DB:86 nvmxdizc V: 15 H:199 F:30
				87F0BE 1A          INC                    A:20FE X:0362 Y:0008 S:012A D:1628 DB:86 nvmxdizc V: 15 H:202 F:30
				87F0BF 9F 00 E0 7F STA $7FE000,X [7FE362] A:20FF X:0362 Y:0008 S:012A D:1628 DB:86 nvmxdizc V: 15 H:205 F:30
				87F0C3 E8          INX                    A:20FF X:0362 Y:0008 S:012A D:1628 DB:86 nvmxdizc V: 15 H:215 F:30
				87F0C4 E8          INX                    A:20FF X:0363 Y:0008 S:012A D:1628 DB:86 nvmxdizc V: 15 H:218 F:30
				87F0C5 88          DEY                    A:20FF X:0364 Y:0008 S:012A D:1628 DB:86 nvmxdizc V: 15 H:221 F:30
				87F0C6 D0 EF       BNE $00EF     [87F0B7] A:20FF X:0364 Y:0007 S:012A D:1628 DB:86 nvmxdizc V: 15 H:224 F:30
				87F0B7 3A          DEC                    A:20FF X:0364 Y:0007 S:012A D:1628 DB:86 nvmxdizc V: 15 H:229 F:30
				87F0B8 9F 00 E0 7F STA $7FE000,X [7FE364] A:20FE X:0364 Y:0007 S:012A D:1628 DB:86 nvmxdizc V: 15 H:232 F:30
				87F0BC E8          INX                    A:20FE X:0364 Y:0007 S:012A D:1628 DB:86 nvmxdizc V: 15 H:242 F:30
				87F0BD E8          INX                    A:20FE X:0365 Y:0007 S:012A D:1628 DB:86 nvmxdizc V: 15 H:245 F:30
				87F0BE 1A          INC                    A:20FE X:0366 Y:0007 S:012A D:1628 DB:86 nvmxdizc V: 15 H:248 F:30
				87F0BF 9F 00 E0 7F STA $7FE000,X [7FE366] A:20FF X:0366 Y:0007 S:012A D:1628 DB:86 nvmxdizc V: 15 H:251 F:30
				87F0C3 E8          INX                    A:20FF X:0366 Y:0007 S:012A D:1628 DB:86 nvmxdizc V: 15 H:261 F:30
				87F0C4 E8          INX                    A:20FF X:0367 Y:0007 S:012A D:1628 DB:86 nvmxdizc V: 15 H:264 F:30
				87F0C5 88          DEY                    A:20FF X:0368 Y:0007 S:012A D:1628 DB:86 nvmxdizc V: 15 H:267 F:30
				87F0C6 D0 EF       BNE $00EF     [87F0B7] A:20FF X:0368 Y:0006 S:012A D:1628 DB:86 nvmxdizc V: 15 H:270 F:30
				87F0B7 3A          DEC                    A:20FF X:0368 Y:0006 S:012A D:1628 DB:86 nvmxdizc V: 15 H:274 F:30
				87F0B8 9F 00 E0 7F STA $7FE000,X [7FE368] A:20FE X:0368 Y:0006 S:012A D:1628 DB:86 nvmxdizc V: 15 H:277 F:30
				87F0BC E8          INX                    A:20FE X:0368 Y:0006 S:012A D:1628 DB:86 nvmxdizc V: 15 H:287 F:30
				87F0BD E8          INX                    A:20FE X:0369 Y:0006 S:012A D:1628 DB:86 nvmxdizc V: 15 H:290 F:30
				87F0BE 1A          INC                    A:20FE X:036A Y:0006 S:012A D:1628 DB:86 nvmxdizc V: 15 H:293 F:30
				87F0BF 9F 00 E0 7F STA $7FE000,X [7FE36A] A:20FF X:036A Y:0006 S:012A D:1628 DB:86 nvmxdizc V: 15 H:296 F:30
				87F0C3 E8          INX                    A:20FF X:036A Y:0006 S:012A D:1628 DB:86 nvmxdizc V: 15 H:306 F:30
				87F0C4 E8          INX                    A:20FF X:036B Y:0006 S:012A D:1628 DB:86 nvmxdizc V: 15 H:309 F:30
				87F0C5 88          DEY                    A:20FF X:036C Y:0006 S:012A D:1628 DB:86 nvmxdizc V: 15 H:312 F:30
				87F0C6 D0 EF       BNE $00EF     [87F0B7] A:20FF X:036C Y:0005 S:012A D:1628 DB:86 nvmxdizc V: 15 H:315 F:30
				87F0B7 3A          DEC                    A:20FF X:036C Y:0005 S:012A D:1628 DB:86 nvmxdizc V: 15 H:320 F:30
				87F0B8 9F 00 E0 7F STA $7FE000,X [7FE36C] A:20FE X:036C Y:0005 S:012A D:1628 DB:86 nvmxdizc V: 15 H:323 F:30
				87F0BC E8          INX                    A:20FE X:036C Y:0005 S:012A D:1628 DB:86 nvmxdizc V: 15 H:332 F:30
				87F0BD E8          INX                    A:20FE X:036D Y:0005 S:012A D:1628 DB:86 nvmxdizc V: 15 H:335 F:30
				87F0BE 1A          INC                    A:20FE X:036E Y:0005 S:012A D:1628 DB:86 nvmxdizc V: 15 H:338 F:30
				87F0BF 9F 00 E0 7F STA $7FE000,X [7FE36E] A:20FF X:036E Y:0005 S:012A D:1628 DB:86 nvmxdizc V: 16 H:  1 F:30
				87F0C3 E8          INX                    A:20FF X:036E Y:0005 S:012A D:1628 DB:86 nvmxdizc V: 16 H: 11 F:30
				87F0C4 E8          INX                    A:20FF X:036F Y:0005 S:012A D:1628 DB:86 nvmxdizc V: 16 H: 14 F:30
				87F0C5 88          DEY                    A:20FF X:0370 Y:0005 S:012A D:1628 DB:86 nvmxdizc V: 16 H: 17 F:30
				87F0C6 D0 EF       BNE $00EF     [87F0B7] A:20FF X:0370 Y:0004 S:012A D:1628 DB:86 nvmxdizc V: 16 H: 20 F:30
				87F0B7 3A          DEC                    A:20FF X:0370 Y:0004 S:012A D:1628 DB:86 nvmxdizc V: 16 H: 24 F:30
				87F0B8 9F 00 E0 7F STA $7FE000,X [7FE370] A:20FE X:0370 Y:0004 S:012A D:1628 DB:86 nvmxdizc V: 16 H: 27 F:30
				87F0BC E8          INX                    A:20FE X:0370 Y:0004 S:012A D:1628 DB:86 nvmxdizc V: 16 H: 37 F:30
				87F0BD E8          INX                    A:20FE X:0371 Y:0004 S:012A D:1628 DB:86 nvmxdizc V: 16 H: 40 F:30
				87F0BE 1A          INC                    A:20FE X:0372 Y:0004 S:012A D:1628 DB:86 nvmxdizc V: 16 H: 43 F:30
				87F0BF 9F 00 E0 7F STA $7FE000,X [7FE372] A:20FF X:0372 Y:0004 S:012A D:1628 DB:86 nvmxdizc V: 16 H: 46 F:30
				87F0C3 E8          INX                    A:20FF X:0372 Y:0004 S:012A D:1628 DB:86 nvmxdizc V: 16 H: 56 F:30
				87F0C4 E8          INX                    A:20FF X:0373 Y:0004 S:012A D:1628 DB:86 nvmxdizc V: 16 H: 59 F:30
				87F0C5 88          DEY                    A:20FF X:0374 Y:0004 S:012A D:1628 DB:86 nvmxdizc V: 16 H: 62 F:30
				87F0C6 D0 EF       BNE $00EF     [87F0B7] A:20FF X:0374 Y:0003 S:012A D:1628 DB:86 nvmxdizc V: 16 H: 65 F:30
				87F0B7 3A          DEC                    A:20FF X:0374 Y:0003 S:012A D:1628 DB:86 nvmxdizc V: 16 H: 70 F:30
				87F0B8 9F 00 E0 7F STA $7FE000,X [7FE374] A:20FE X:0374 Y:0003 S:012A D:1628 DB:86 nvmxdizc V: 16 H: 73 F:30
				87F0BC E8          INX                    A:20FE X:0374 Y:0003 S:012A D:1628 DB:86 nvmxdizc V: 16 H: 83 F:30
				87F0BD E8          INX                    A:20FE X:0375 Y:0003 S:012A D:1628 DB:86 nvmxdizc V: 16 H: 86 F:30
				87F0BE 1A          INC                    A:20FE X:0376 Y:0003 S:012A D:1628 DB:86 nvmxdizc V: 16 H: 89 F:30
				87F0BF 9F 00 E0 7F STA $7FE000,X [7FE376] A:20FF X:0376 Y:0003 S:012A D:1628 DB:86 nvmxdizc V: 16 H: 92 F:30
				87F0C3 E8          INX                    A:20FF X:0376 Y:0003 S:012A D:1628 DB:86 nvmxdizc V: 16 H:102 F:30
				87F0C4 E8          INX                    A:20FF X:0377 Y:0003 S:012A D:1628 DB:86 nvmxdizc V: 16 H:105 F:30
				87F0C5 88          DEY                    A:20FF X:0378 Y:0003 S:012A D:1628 DB:86 nvmxdizc V: 16 H:108 F:30
				87F0C6 D0 EF       BNE $00EF     [87F0B7] A:20FF X:0378 Y:0002 S:012A D:1628 DB:86 nvmxdizc V: 16 H:111 F:30
				87F0B7 3A          DEC                    A:20FF X:0378 Y:0002 S:012A D:1628 DB:86 nvmxdizc V: 16 H:115 F:30
				87F0B8 9F 00 E0 7F STA $7FE000,X [7FE378] A:20FE X:0378 Y:0002 S:012A D:1628 DB:86 nvmxdizc V: 16 H:118 F:30
				87F0BC E8          INX                    A:20FE X:0378 Y:0002 S:012A D:1628 DB:86 nvmxdizc V: 16 H:128 F:30
				87F0BD E8          INX                    A:20FE X:0379 Y:0002 S:012A D:1628 DB:86 nvmxdizc V: 16 H:131 F:30
				87F0BE 1A          INC                    A:20FE X:037A Y:0002 S:012A D:1628 DB:86 nvmxdizc V: 16 H:144 F:30
				87F0BF 9F 00 E0 7F STA $7FE000,X [7FE37A] A:20FF X:037A Y:0002 S:012A D:1628 DB:86 nvmxdizc V: 16 H:147 F:30
				87F0C3 E8          INX                    A:20FF X:037A Y:0002 S:012A D:1628 DB:86 nvmxdizc V: 16 H:157 F:30
				87F0C4 E8          INX                    A:20FF X:037B Y:0002 S:012A D:1628 DB:86 nvmxdizc V: 16 H:160 F:30
				87F0C5 88          DEY                    A:20FF X:037C Y:0002 S:012A D:1628 DB:86 nvmxdizc V: 16 H:163 F:30
				87F0C6 D0 EF       BNE $00EF     [87F0B7] A:20FF X:037C Y:0001 S:012A D:1628 DB:86 nvmxdizc V: 16 H:166 F:30
				87F0B7 3A          DEC                    A:20FF X:037C Y:0001 S:012A D:1628 DB:86 nvmxdizc V: 16 H:171 F:30
				87F0B8 9F 00 E0 7F STA $7FE000,X [7FE37C] A:20FE X:037C Y:0001 S:012A D:1628 DB:86 nvmxdizc V: 16 H:174 F:30
				87F0BC E8          INX                    A:20FE X:037C Y:0001 S:012A D:1628 DB:86 nvmxdizc V: 16 H:184 F:30
				87F0BD E8          INX                    A:20FE X:037D Y:0001 S:012A D:1628 DB:86 nvmxdizc V: 16 H:187 F:30
				87F0BE 1A          INC                    A:20FE X:037E Y:0001 S:012A D:1628 DB:86 nvmxdizc V: 16 H:190 F:30
				87F0BF 9F 00 E0 7F STA $7FE000,X [7FE37E] A:20FF X:037E Y:0001 S:012A D:1628 DB:86 nvmxdizc V: 16 H:193 F:30
				87F0C3 E8          INX                    A:20FF X:037E Y:0001 S:012A D:1628 DB:86 nvmxdizc V: 16 H:203 F:30
				87F0C4 E8          INX                    A:20FF X:037F Y:0001 S:012A D:1628 DB:86 nvmxdizc V: 16 H:206 F:30
				87F0C5 88          DEY                    A:20FF X:0380 Y:0001 S:012A D:1628 DB:86 nvmxdizc V: 16 H:209 F:30
				87F0C6 D0 EF       BNE $00EF     [87F0B7] A:20FF X:0380 Y:0000 S:012A D:1628 DB:86 nvmxdiZc V: 16 H:212 F:30
				87F0C8 E0 00 08    CPX #$0800             A:20FF X:0380 Y:0000 S:012A D:1628 DB:86 nvmxdiZc V: 16 H:215 F:30
				87F0CB 90 C9       BCC $00C9     [87F096] A:20FF X:0380 Y:0000 S:012A D:1628 DB:86 Nvmxdizc V: 16 H:219 F:30
				87F096 A0 10 00    LDY #$0010             A:20FF X:0380 Y:0000 S:012A D:1628 DB:86 Nvmxdizc V: 16 H:224 F:30
				87F099 A9 FD 20    LDA #$20FD             A:20FF X:0380 Y:0010 S:012A D:1628 DB:86 nvmxdizc V: 16 H:228 F:30
				87F09C 05 1C       ORA $1C       [001644] A:20FD X:0380 Y:0010 S:012A D:1628 DB:86 nvmxdizc V: 16 H:233 F:30
				87F09E 3A          DEC                    A:20FD X:0380 Y:0010 S:012A D:1628 DB:86 nvmxdizc V: 16 H:241 F:30
				87F09F 9F 00 E0 7F STA $7FE000,X [7FE380] A:20FC X:0380 Y:0010 S:012A D:1628 DB:86 nvmxdizc V: 16 H:244 F:30
				87F0A3 E8          INX                    A:20FC X:0380 Y:0010 S:012A D:1628 DB:86 nvmxdizc V: 16 H:254 F:30
				87F0A4 E8          INX                    A:20FC X:0381 Y:0010 S:012A D:1628 DB:86 nvmxdizc V: 16 H:257 F:30
				87F0A5 1A          INC                    A:20FC X:0382 Y:0010 S:012A D:1628 DB:86 nvmxdizc V: 16 H:260 F:30
				87F0A6 9F 00 E0 7F STA $7FE000,X [7FE382] A:20FD X:0382 Y:0010 S:012A D:1628 DB:86 nvmxdizc V: 16 H:263 F:30
				87F0AA E8          INX                    A:20FD X:0382 Y:0010 S:012A D:1628 DB:86 nvmxdizc V: 16 H:273 F:30
				87F0AB E8          INX                    A:20FD X:0383 Y:0010 S:012A D:1628 DB:86 nvmxdizc V: 16 H:276 F:30
				87F0AC 88          DEY                    A:20FD X:0384 Y:0010 S:012A D:1628 DB:86 nvmxdizc V: 16 H:279 F:30
				87F0AD D0 EF       BNE $00EF     [87F09E] A:20FD X:0384 Y:000F S:012A D:1628 DB:86 nvmxdizc V: 16 H:282 F:30
				87F09E 3A          DEC                    A:20FD X:0384 Y:000F S:012A D:1628 DB:86 nvmxdizc V: 16 H:287 F:30
				87F09F 9F 00 E0 7F STA $7FE000,X [7FE384] A:20FC X:0384 Y:000F S:012A D:1628 DB:86 nvmxdizc V: 16 H:290 F:30
				87F0A3 E8          INX                    A:20FC X:0384 Y:000F S:012A D:1628 DB:86 nvmxdizc V: 16 H:300 F:30
				87F0A4 E8          INX                    A:20FC X:0385 Y:000F S:012A D:1628 DB:86 nvmxdizc V: 16 H:303 F:30
				87F0A5 1A          INC                    A:20FC X:0386 Y:000F S:012A D:1628 DB:86 nvmxdizc V: 16 H:306 F:30
				87F0A6 9F 00 E0 7F STA $7FE000,X [7FE386] A:20FD X:0386 Y:000F S:012A D:1628 DB:86 nvmxdizc V: 16 H:309 F:30
				87F0AA E8          INX                    A:20FD X:0386 Y:000F S:012A D:1628 DB:86 nvmxdizc V: 16 H:319 F:30
				87F0AB E8          INX                    A:20FD X:0387 Y:000F S:012A D:1628 DB:86 nvmxdizc V: 16 H:322 F:30
				87F0AC 88          DEY                    A:20FD X:0388 Y:000F S:012A D:1628 DB:86 nvmxdizc V: 16 H:324 F:30
				87F0AD D0 EF       BNE $00EF     [87F09E] A:20FD X:0388 Y:000E S:012A D:1628 DB:86 nvmxdizc V: 16 H:327 F:30
				87F09E 3A          DEC                    A:20FD X:0388 Y:000E S:012A D:1628 DB:86 nvmxdizc V: 16 H:331 F:30
				87F09F 9F 00 E0 7F STA $7FE000,X [7FE388] A:20FC X:0388 Y:000E S:012A D:1628 DB:86 nvmxdizc V: 16 H:334 F:30
				87F0A3 E8          INX                    A:20FC X:0388 Y:000E S:012A D:1628 DB:86 nvmxdizc V: 17 H:  4 F:30
				87F0A4 E8          INX                    A:20FC X:0389 Y:000E S:012A D:1628 DB:86 nvmxdizc V: 17 H:  7 F:30
				87F0A5 1A          INC                    A:20FC X:038A Y:000E S:012A D:1628 DB:86 nvmxdizc V: 17 H: 10 F:30
				87F0A6 9F 00 E0 7F STA $7FE000,X [7FE38A] A:20FD X:038A Y:000E S:012A D:1628 DB:86 nvmxdizc V: 17 H: 13 F:30
				87F0AA E8          INX                    A:20FD X:038A Y:000E S:012A D:1628 DB:86 nvmxdizc V: 17 H: 23 F:30
				87F0AB E8          INX                    A:20FD X:038B Y:000E S:012A D:1628 DB:86 nvmxdizc V: 17 H: 26 F:30
				87F0AC 88          DEY                    A:20FD X:038C Y:000E S:012A D:1628 DB:86 nvmxdizc V: 17 H: 29 F:30
				87F0AD D0 EF       BNE $00EF     [87F09E] A:20FD X:038C Y:000D S:012A D:1628 DB:86 nvmxdizc V: 17 H: 32 F:30
				87F09E 3A          DEC                    A:20FD X:038C Y:000D S:012A D:1628 DB:86 nvmxdizc V: 17 H: 37 F:30
				87F09F 9F 00 E0 7F STA $7FE000,X [7FE38C] A:20FC X:038C Y:000D S:012A D:1628 DB:86 nvmxdizc V: 17 H: 40 F:30
				87F0A3 E8          INX                    A:20FC X:038C Y:000D S:012A D:1628 DB:86 nvmxdizc V: 17 H: 50 F:30
				87F0A4 E8          INX                    A:20FC X:038D Y:000D S:012A D:1628 DB:86 nvmxdizc V: 17 H: 53 F:30
				87F0A5 1A          INC                    A:20FC X:038E Y:000D S:012A D:1628 DB:86 nvmxdizc V: 17 H: 56 F:30
				87F0A6 9F 00 E0 7F STA $7FE000,X [7FE38E] A:20FD X:038E Y:000D S:012A D:1628 DB:86 nvmxdizc V: 17 H: 59 F:30
				87F0AA E8          INX                    A:20FD X:038E Y:000D S:012A D:1628 DB:86 nvmxdizc V: 17 H: 69 F:30
				87F0AB E8          INX                    A:20FD X:038F Y:000D S:012A D:1628 DB:86 nvmxdizc V: 17 H: 72 F:30
				87F0AC 88          DEY                    A:20FD X:0390 Y:000D S:012A D:1628 DB:86 nvmxdizc V: 17 H: 75 F:30
				87F0AD D0 EF       BNE $00EF     [87F09E] A:20FD X:0390 Y:000C S:012A D:1628 DB:86 nvmxdizc V: 17 H: 78 F:30
				87F09E 3A          DEC                    A:20FD X:0390 Y:000C S:012A D:1628 DB:86 nvmxdizc V: 17 H: 82 F:30
				87F09F 9F 00 E0 7F STA $7FE000,X [7FE390] A:20FC X:0390 Y:000C S:012A D:1628 DB:86 nvmxdizc V: 17 H: 85 F:30
				87F0A3 E8          INX                    A:20FC X:0390 Y:000C S:012A D:1628 DB:86 nvmxdizc V: 17 H: 95 F:30
				87F0A4 E8          INX                    A:20FC X:0391 Y:000C S:012A D:1628 DB:86 nvmxdizc V: 17 H: 98 F:30
				87F0A5 1A          INC                    A:20FC X:0392 Y:000C S:012A D:1628 DB:86 nvmxdizc V: 17 H:101 F:30
				87F0A6 9F 00 E0 7F STA $7FE000,X [7FE392] A:20FD X:0392 Y:000C S:012A D:1628 DB:86 nvmxdizc V: 17 H:104 F:30
				87F0AA E8          INX                    A:20FD X:0392 Y:000C S:012A D:1628 DB:86 nvmxdizc V: 17 H:114 F:30
				87F0AB E8          INX                    A:20FD X:0393 Y:000C S:012A D:1628 DB:86 nvmxdizc V: 17 H:117 F:30
				87F0AC 88          DEY                    A:20FD X:0394 Y:000C S:012A D:1628 DB:86 nvmxdizc V: 17 H:120 F:30
				87F0AD D0 EF       BNE $00EF     [87F09E] A:20FD X:0394 Y:000B S:012A D:1628 DB:86 nvmxdizc V: 17 H:123 F:30
				87F09E 3A          DEC                    A:20FD X:0394 Y:000B S:012A D:1628 DB:86 nvmxdizc V: 17 H:128 F:30
				87F09F 9F 00 E0 7F STA $7FE000,X [7FE394] A:20FC X:0394 Y:000B S:012A D:1628 DB:86 nvmxdizc V: 17 H:131 F:30
				87F0A3 E8          INX                    A:20FC X:0394 Y:000B S:012A D:1628 DB:86 nvmxdizc V: 17 H:151 F:30
				87F0A4 E8          INX                    A:20FC X:0395 Y:000B S:012A D:1628 DB:86 nvmxdizc V: 17 H:154 F:30
				87F0A5 1A          INC                    A:20FC X:0396 Y:000B S:012A D:1628 DB:86 nvmxdizc V: 17 H:157 F:30
				87F0A6 9F 00 E0 7F STA $7FE000,X [7FE396] A:20FD X:0396 Y:000B S:012A D:1628 DB:86 nvmxdizc V: 17 H:160 F:30
				87F0AA E8          INX                    A:20FD X:0396 Y:000B S:012A D:1628 DB:86 nvmxdizc V: 17 H:170 F:30
				87F0AB E8          INX                    A:20FD X:0397 Y:000B S:012A D:1628 DB:86 nvmxdizc V: 17 H:173 F:30
				87F0AC 88          DEY                    A:20FD X:0398 Y:000B S:012A D:1628 DB:86 nvmxdizc V: 17 H:176 F:30
				87F0AD D0 EF       BNE $00EF     [87F09E] A:20FD X:0398 Y:000A S:012A D:1628 DB:86 nvmxdizc V: 17 H:179 F:30
				87F09E 3A          DEC                    A:20FD X:0398 Y:000A S:012A D:1628 DB:86 nvmxdizc V: 17 H:183 F:30
				87F09F 9F 00 E0 7F STA $7FE000,X [7FE398] A:20FC X:0398 Y:000A S:012A D:1628 DB:86 nvmxdizc V: 17 H:186 F:30
				87F0A3 E8          INX                    A:20FC X:0398 Y:000A S:012A D:1628 DB:86 nvmxdizc V: 17 H:196 F:30
				87F0A4 E8          INX                    A:20FC X:0399 Y:000A S:012A D:1628 DB:86 nvmxdizc V: 17 H:199 F:30
				87F0A5 1A          INC                    A:20FC X:039A Y:000A S:012A D:1628 DB:86 nvmxdizc V: 17 H:202 F:30
				87F0A6 9F 00 E0 7F STA $7FE000,X [7FE39A] A:20FD X:039A Y:000A S:012A D:1628 DB:86 nvmxdizc V: 17 H:205 F:30
				87F0AA E8          INX                    A:20FD X:039A Y:000A S:012A D:1628 DB:86 nvmxdizc V: 17 H:215 F:30
				87F0AB E8          INX                    A:20FD X:039B Y:000A S:012A D:1628 DB:86 nvmxdizc V: 17 H:218 F:30
				87F0AC 88          DEY                    A:20FD X:039C Y:000A S:012A D:1628 DB:86 nvmxdizc V: 17 H:221 F:30
				87F0AD D0 EF       BNE $00EF     [87F09E] A:20FD X:039C Y:0009 S:012A D:1628 DB:86 nvmxdizc V: 17 H:224 F:30
				87F09E 3A          DEC                    A:20FD X:039C Y:0009 S:012A D:1628 DB:86 nvmxdizc V: 17 H:229 F:30
				87F09F 9F 00 E0 7F STA $7FE000,X [7FE39C] A:20FC X:039C Y:0009 S:012A D:1628 DB:86 nvmxdizc V: 17 H:232 F:30
				87F0A3 E8          INX                    A:20FC X:039C Y:0009 S:012A D:1628 DB:86 nvmxdizc V: 17 H:242 F:30
				87F0A4 E8          INX                    A:20FC X:039D Y:0009 S:012A D:1628 DB:86 nvmxdizc V: 17 H:245 F:30
				87F0A5 1A          INC                    A:20FC X:039E Y:0009 S:012A D:1628 DB:86 nvmxdizc V: 17 H:248 F:30
				87F0A6 9F 00 E0 7F STA $7FE000,X [7FE39E] A:20FD X:039E Y:0009 S:012A D:1628 DB:86 nvmxdizc V: 17 H:251 F:30
				87F0AA E8          INX                    A:20FD X:039E Y:0009 S:012A D:1628 DB:86 nvmxdizc V: 17 H:261 F:30
				87F0AB E8          INX                    A:20FD X:039F Y:0009 S:012A D:1628 DB:86 nvmxdizc V: 17 H:264 F:30
				87F0AC 88          DEY                    A:20FD X:03A0 Y:0009 S:012A D:1628 DB:86 nvmxdizc V: 17 H:267 F:30
				87F0AD D0 EF       BNE $00EF     [87F09E] A:20FD X:03A0 Y:0008 S:012A D:1628 DB:86 nvmxdizc V: 17 H:270 F:30
				87F09E 3A          DEC                    A:20FD X:03A0 Y:0008 S:012A D:1628 DB:86 nvmxdizc V: 17 H:274 F:30
				87F09F 9F 00 E0 7F STA $7FE000,X [7FE3A0] A:20FC X:03A0 Y:0008 S:012A D:1628 DB:86 nvmxdizc V: 17 H:277 F:30
				87F0A3 E8          INX                    A:20FC X:03A0 Y:0008 S:012A D:1628 DB:86 nvmxdizc V: 17 H:287 F:30
				87F0A4 E8          INX                    A:20FC X:03A1 Y:0008 S:012A D:1628 DB:86 nvmxdizc V: 17 H:290 F:30
				87F0A5 1A          INC                    A:20FC X:03A2 Y:0008 S:012A D:1628 DB:86 nvmxdizc V: 17 H:293 F:30
				87F0A6 9F 00 E0 7F STA $7FE000,X [7FE3A2] A:20FD X:03A2 Y:0008 S:012A D:1628 DB:86 nvmxdizc V: 17 H:296 F:30
				87F0AA E8          INX                    A:20FD X:03A2 Y:0008 S:012A D:1628 DB:86 nvmxdizc V: 17 H:306 F:30
				87F0AB E8          INX                    A:20FD X:03A3 Y:0008 S:012A D:1628 DB:86 nvmxdizc V: 17 H:309 F:30
				87F0AC 88          DEY                    A:20FD X:03A4 Y:0008 S:012A D:1628 DB:86 nvmxdizc V: 17 H:312 F:30
				87F0AD D0 EF       BNE $00EF     [87F09E] A:20FD X:03A4 Y:0007 S:012A D:1628 DB:86 nvmxdizc V: 17 H:315 F:30
				87F09E 3A          DEC                    A:20FD X:03A4 Y:0007 S:012A D:1628 DB:86 nvmxdizc V: 17 H:320 F:30
				87F09F 9F 00 E0 7F STA $7FE000,X [7FE3A4] A:20FC X:03A4 Y:0007 S:012A D:1628 DB:86 nvmxdizc V: 17 H:323 F:30
				87F0A3 E8          INX                    A:20FC X:03A4 Y:0007 S:012A D:1628 DB:86 nvmxdizc V: 17 H:332 F:30
				87F0A4 E8          INX                    A:20FC X:03A5 Y:0007 S:012A D:1628 DB:86 nvmxdizc V: 17 H:335 F:30
				87F0A5 1A          INC                    A:20FC X:03A6 Y:0007 S:012A D:1628 DB:86 nvmxdizc V: 17 H:338 F:30
				87F0A6 9F 00 E0 7F STA $7FE000,X [7FE3A6] A:20FD X:03A6 Y:0007 S:012A D:1628 DB:86 nvmxdizc V: 18 H:  1 F:30
				87F0AA E8          INX                    A:20FD X:03A6 Y:0007 S:012A D:1628 DB:86 nvmxdizc V: 18 H: 11 F:30
				87F0AB E8          INX                    A:20FD X:03A7 Y:0007 S:012A D:1628 DB:86 nvmxdizc V: 18 H: 14 F:30
				87F0AC 88          DEY                    A:20FD X:03A8 Y:0007 S:012A D:1628 DB:86 nvmxdizc V: 18 H: 17 F:30
				87F0AD D0 EF       BNE $00EF     [87F09E] A:20FD X:03A8 Y:0006 S:012A D:1628 DB:86 nvmxdizc V: 18 H: 20 F:30
				87F09E 3A          DEC                    A:20FD X:03A8 Y:0006 S:012A D:1628 DB:86 nvmxdizc V: 18 H: 24 F:30
				87F09F 9F 00 E0 7F STA $7FE000,X [7FE3A8] A:20FC X:03A8 Y:0006 S:012A D:1628 DB:86 nvmxdizc V: 18 H: 27 F:30
				87F0A3 E8          INX                    A:20FC X:03A8 Y:0006 S:012A D:1628 DB:86 nvmxdizc V: 18 H: 37 F:30
				87F0A4 E8          INX                    A:20FC X:03A9 Y:0006 S:012A D:1628 DB:86 nvmxdizc V: 18 H: 40 F:30
				87F0A5 1A          INC                    A:20FC X:03AA Y:0006 S:012A D:1628 DB:86 nvmxdizc V: 18 H: 43 F:30
				87F0A6 9F 00 E0 7F STA $7FE000,X [7FE3AA] A:20FD X:03AA Y:0006 S:012A D:1628 DB:86 nvmxdizc V: 18 H: 46 F:30
				87F0AA E8          INX                    A:20FD X:03AA Y:0006 S:012A D:1628 DB:86 nvmxdizc V: 18 H: 56 F:30
				87F0AB E8          INX                    A:20FD X:03AB Y:0006 S:012A D:1628 DB:86 nvmxdizc V: 18 H: 59 F:30
				87F0AC 88          DEY                    A:20FD X:03AC Y:0006 S:012A D:1628 DB:86 nvmxdizc V: 18 H: 62 F:30
				87F0AD D0 EF       BNE $00EF     [87F09E] A:20FD X:03AC Y:0005 S:012A D:1628 DB:86 nvmxdizc V: 18 H: 65 F:30
				87F09E 3A          DEC                    A:20FD X:03AC Y:0005 S:012A D:1628 DB:86 nvmxdizc V: 18 H: 70 F:30
				87F09F 9F 00 E0 7F STA $7FE000,X [7FE3AC] A:20FC X:03AC Y:0005 S:012A D:1628 DB:86 nvmxdizc V: 18 H: 73 F:30
				87F0A3 E8          INX                    A:20FC X:03AC Y:0005 S:012A D:1628 DB:86 nvmxdizc V: 18 H: 83 F:30
				87F0A4 E8          INX                    A:20FC X:03AD Y:0005 S:012A D:1628 DB:86 nvmxdizc V: 18 H: 86 F:30
				87F0A5 1A          INC                    A:20FC X:03AE Y:0005 S:012A D:1628 DB:86 nvmxdizc V: 18 H: 89 F:30
				87F0A6 9F 00 E0 7F STA $7FE000,X [7FE3AE] A:20FD X:03AE Y:0005 S:012A D:1628 DB:86 nvmxdizc V: 18 H: 92 F:30
				87F0AA E8          INX                    A:20FD X:03AE Y:0005 S:012A D:1628 DB:86 nvmxdizc V: 18 H:102 F:30
				87F0AB E8          INX                    A:20FD X:03AF Y:0005 S:012A D:1628 DB:86 nvmxdizc V: 18 H:105 F:30
				87F0AC 88          DEY                    A:20FD X:03B0 Y:0005 S:012A D:1628 DB:86 nvmxdizc V: 18 H:108 F:30
				87F0AD D0 EF       BNE $00EF     [87F09E] A:20FD X:03B0 Y:0004 S:012A D:1628 DB:86 nvmxdizc V: 18 H:111 F:30
				87F09E 3A          DEC                    A:20FD X:03B0 Y:0004 S:012A D:1628 DB:86 nvmxdizc V: 18 H:115 F:30
				87F09F 9F 00 E0 7F STA $7FE000,X [7FE3B0] A:20FC X:03B0 Y:0004 S:012A D:1628 DB:86 nvmxdizc V: 18 H:118 F:30
				87F0A3 E8          INX                    A:20FC X:03B0 Y:0004 S:012A D:1628 DB:86 nvmxdizc V: 18 H:128 F:30
				87F0A4 E8          INX                    A:20FC X:03B1 Y:0004 S:012A D:1628 DB:86 nvmxdizc V: 18 H:131 F:30
				87F0A5 1A          INC                    A:20FC X:03B2 Y:0004 S:012A D:1628 DB:86 nvmxdizc V: 18 H:144 F:30
				87F0A6 9F 00 E0 7F STA $7FE000,X [7FE3B2] A:20FD X:03B2 Y:0004 S:012A D:1628 DB:86 nvmxdizc V: 18 H:147 F:30
				87F0AA E8          INX                    A:20FD X:03B2 Y:0004 S:012A D:1628 DB:86 nvmxdizc V: 18 H:157 F:30
				87F0AB E8          INX                    A:20FD X:03B3 Y:0004 S:012A D:1628 DB:86 nvmxdizc V: 18 H:160 F:30
				87F0AC 88          DEY                    A:20FD X:03B4 Y:0004 S:012A D:1628 DB:86 nvmxdizc V: 18 H:163 F:30
				87F0AD D0 EF       BNE $00EF     [87F09E] A:20FD X:03B4 Y:0003 S:012A D:1628 DB:86 nvmxdizc V: 18 H:166 F:30
				87F09E 3A          DEC                    A:20FD X:03B4 Y:0003 S:012A D:1628 DB:86 nvmxdizc V: 18 H:171 F:30
				87F09F 9F 00 E0 7F STA $7FE000,X [7FE3B4] A:20FC X:03B4 Y:0003 S:012A D:1628 DB:86 nvmxdizc V: 18 H:174 F:30
				87F0A3 E8          INX                    A:20FC X:03B4 Y:0003 S:012A D:1628 DB:86 nvmxdizc V: 18 H:184 F:30
				87F0A4 E8          INX                    A:20FC X:03B5 Y:0003 S:012A D:1628 DB:86 nvmxdizc V: 18 H:187 F:30
				87F0A5 1A          INC                    A:20FC X:03B6 Y:0003 S:012A D:1628 DB:86 nvmxdizc V: 18 H:190 F:30
				87F0A6 9F 00 E0 7F STA $7FE000,X [7FE3B6] A:20FD X:03B6 Y:0003 S:012A D:1628 DB:86 nvmxdizc V: 18 H:193 F:30
				87F0AA E8          INX                    A:20FD X:03B6 Y:0003 S:012A D:1628 DB:86 nvmxdizc V: 18 H:203 F:30
				87F0AB E8          INX                    A:20FD X:03B7 Y:0003 S:012A D:1628 DB:86 nvmxdizc V: 18 H:206 F:30
				87F0AC 88          DEY                    A:20FD X:03B8 Y:0003 S:012A D:1628 DB:86 nvmxdizc V: 18 H:209 F:30
				87F0AD D0 EF       BNE $00EF     [87F09E] A:20FD X:03B8 Y:0002 S:012A D:1628 DB:86 nvmxdizc V: 18 H:212 F:30
				87F09E 3A          DEC                    A:20FD X:03B8 Y:0002 S:012A D:1628 DB:86 nvmxdizc V: 18 H:216 F:30
				87F09F 9F 00 E0 7F STA $7FE000,X [7FE3B8] A:20FC X:03B8 Y:0002 S:012A D:1628 DB:86 nvmxdizc V: 18 H:219 F:30
				87F0A3 E8          INX                    A:20FC X:03B8 Y:0002 S:012A D:1628 DB:86 nvmxdizc V: 18 H:229 F:30
				87F0A4 E8          INX                    A:20FC X:03B9 Y:0002 S:012A D:1628 DB:86 nvmxdizc V: 18 H:232 F:30
				87F0A5 1A          INC                    A:20FC X:03BA Y:0002 S:012A D:1628 DB:86 nvmxdizc V: 18 H:235 F:30
				87F0A6 9F 00 E0 7F STA $7FE000,X [7FE3BA] A:20FD X:03BA Y:0002 S:012A D:1628 DB:86 nvmxdizc V: 18 H:238 F:30
				87F0AA E8          INX                    A:20FD X:03BA Y:0002 S:012A D:1628 DB:86 nvmxdizc V: 18 H:248 F:30
				87F0AB E8          INX                    A:20FD X:03BB Y:0002 S:012A D:1628 DB:86 nvmxdizc V: 18 H:251 F:30
				87F0AC 88          DEY                    A:20FD X:03BC Y:0002 S:012A D:1628 DB:86 nvmxdizc V: 18 H:254 F:30
				87F0AD D0 EF       BNE $00EF     [87F09E] A:20FD X:03BC Y:0001 S:012A D:1628 DB:86 nvmxdizc V: 18 H:257 F:30
				87F09E 3A          DEC                    A:20FD X:03BC Y:0001 S:012A D:1628 DB:86 nvmxdizc V: 18 H:262 F:30
				87F09F 9F 00 E0 7F STA $7FE000,X [7FE3BC] A:20FC X:03BC Y:0001 S:012A D:1628 DB:86 nvmxdizc V: 18 H:265 F:30
				87F0A3 E8          INX                    A:20FC X:03BC Y:0001 S:012A D:1628 DB:86 nvmxdizc V: 18 H:275 F:30
				87F0A4 E8          INX                    A:20FC X:03BD Y:0001 S:012A D:1628 DB:86 nvmxdizc V: 18 H:278 F:30
				87F0A5 1A          INC                    A:20FC X:03BE Y:0001 S:012A D:1628 DB:86 nvmxdizc V: 18 H:281 F:30
				87F0A6 9F 00 E0 7F STA $7FE000,X [7FE3BE] A:20FD X:03BE Y:0001 S:012A D:1628 DB:86 nvmxdizc V: 18 H:284 F:30
				87F0AA E8          INX                    A:20FD X:03BE Y:0001 S:012A D:1628 DB:86 nvmxdizc V: 18 H:294 F:30
				87F0AB E8          INX                    A:20FD X:03BF Y:0001 S:012A D:1628 DB:86 nvmxdizc V: 18 H:297 F:30
				87F0AC 88          DEY                    A:20FD X:03C0 Y:0001 S:012A D:1628 DB:86 nvmxdizc V: 18 H:300 F:30
				87F0AD D0 EF       BNE $00EF     [87F09E] A:20FD X:03C0 Y:0000 S:012A D:1628 DB:86 nvmxdiZc V: 18 H:303 F:30
				87F0AF A0 10 00    LDY #$0010             A:20FD X:03C0 Y:0000 S:012A D:1628 DB:86 nvmxdiZc V: 18 H:306 F:30
				87F0B2 A9 FF 20    LDA #$20FF             A:20FD X:03C0 Y:0010 S:012A D:1628 DB:86 nvmxdizc V: 18 H:310 F:30
				87F0B5 05 1C       ORA $1C       [001644] A:20FF X:03C0 Y:0010 S:012A D:1628 DB:86 nvmxdizc V: 18 H:315 F:30
				87F0B7 3A          DEC                    A:20FF X:03C0 Y:0010 S:012A D:1628 DB:86 nvmxdizc V: 18 H:323 F:30
				87F0B8 9F 00 E0 7F STA $7FE000,X [7FE3C0] A:20FE X:03C0 Y:0010 S:012A D:1628 DB:86 nvmxdizc V: 18 H:326 F:30
				87F0BC E8          INX                    A:20FE X:03C0 Y:0010 S:012A D:1628 DB:86 nvmxdizc V: 18 H:335 F:30
				87F0BD E8          INX                    A:20FE X:03C1 Y:0010 S:012A D:1628 DB:86 nvmxdizc V: 18 H:338 F:30
				87F0BE 1A          INC                    A:20FE X:03C2 Y:0010 S:012A D:1628 DB:86 nvmxdizc V: 19 H:  1 F:30
				87F0BF 9F 00 E0 7F STA $7FE000,X [7FE3C2] A:20FF X:03C2 Y:0010 S:012A D:1628 DB:86 nvmxdizc V: 19 H:  4 F:30
				87F0C3 E8          INX                    A:20FF X:03C2 Y:0010 S:012A D:1628 DB:86 nvmxdizc V: 19 H: 14 F:30
				87F0C4 E8          INX                    A:20FF X:03C3 Y:0010 S:012A D:1628 DB:86 nvmxdizc V: 19 H: 17 F:30
				87F0C5 88          DEY                    A:20FF X:03C4 Y:0010 S:012A D:1628 DB:86 nvmxdizc V: 19 H: 20 F:30
				87F0C6 D0 EF       BNE $00EF     [87F0B7] A:20FF X:03C4 Y:000F S:012A D:1628 DB:86 nvmxdizc V: 19 H: 23 F:30
				87F0B7 3A          DEC                    A:20FF X:03C4 Y:000F S:012A D:1628 DB:86 nvmxdizc V: 19 H: 28 F:30
				87F0B8 9F 00 E0 7F STA $7FE000,X [7FE3C4] A:20FE X:03C4 Y:000F S:012A D:1628 DB:86 nvmxdizc V: 19 H: 31 F:30
				87F0BC E8          INX                    A:20FE X:03C4 Y:000F S:012A D:1628 DB:86 nvmxdizc V: 19 H: 41 F:30
				87F0BD E8          INX                    A:20FE X:03C5 Y:000F S:012A D:1628 DB:86 nvmxdizc V: 19 H: 44 F:30
				87F0BE 1A          INC                    A:20FE X:03C6 Y:000F S:012A D:1628 DB:86 nvmxdizc V: 19 H: 47 F:30
				87F0BF 9F 00 E0 7F STA $7FE000,X [7FE3C6] A:20FF X:03C6 Y:000F S:012A D:1628 DB:86 nvmxdizc V: 19 H: 50 F:30
				87F0C3 E8          INX                    A:20FF X:03C6 Y:000F S:012A D:1628 DB:86 nvmxdizc V: 19 H: 60 F:30
				87F0C4 E8          INX                    A:20FF X:03C7 Y:000F S:012A D:1628 DB:86 nvmxdizc V: 19 H: 63 F:30
				87F0C5 88          DEY                    A:20FF X:03C8 Y:000F S:012A D:1628 DB:86 nvmxdizc V: 19 H: 66 F:30
				87F0C6 D0 EF       BNE $00EF     [87F0B7] A:20FF X:03C8 Y:000E S:012A D:1628 DB:86 nvmxdizc V: 19 H: 69 F:30
				87F0B7 3A          DEC                    A:20FF X:03C8 Y:000E S:012A D:1628 DB:86 nvmxdizc V: 19 H: 73 F:30
				87F0B8 9F 00 E0 7F STA $7FE000,X [7FE3C8] A:20FE X:03C8 Y:000E S:012A D:1628 DB:86 nvmxdizc V: 19 H: 76 F:30
				87F0BC E8          INX                    A:20FE X:03C8 Y:000E S:012A D:1628 DB:86 nvmxdizc V: 19 H: 86 F:30
				87F0BD E8          INX                    A:20FE X:03C9 Y:000E S:012A D:1628 DB:86 nvmxdizc V: 19 H: 89 F:30
				87F0BE 1A          INC                    A:20FE X:03CA Y:000E S:012A D:1628 DB:86 nvmxdizc V: 19 H: 92 F:30
				87F0BF 9F 00 E0 7F STA $7FE000,X [7FE3CA] A:20FF X:03CA Y:000E S:012A D:1628 DB:86 nvmxdizc V: 19 H: 95 F:30
				87F0C3 E8          INX                    A:20FF X:03CA Y:000E S:012A D:1628 DB:86 nvmxdizc V: 19 H:105 F:30
				87F0C4 E8          INX                    A:20FF X:03CB Y:000E S:012A D:1628 DB:86 nvmxdizc V: 19 H:108 F:30
				87F0C5 88          DEY                    A:20FF X:03CC Y:000E S:012A D:1628 DB:86 nvmxdizc V: 19 H:111 F:30
				87F0C6 D0 EF       BNE $00EF     [87F0B7] A:20FF X:03CC Y:000D S:012A D:1628 DB:86 nvmxdizc V: 19 H:114 F:30
				87F0B7 3A          DEC                    A:20FF X:03CC Y:000D S:012A D:1628 DB:86 nvmxdizc V: 19 H:119 F:30
				87F0B8 9F 00 E0 7F STA $7FE000,X [7FE3CC] A:20FE X:03CC Y:000D S:012A D:1628 DB:86 nvmxdizc V: 19 H:122 F:30
				87F0BC E8          INX                    A:20FE X:03CC Y:000D S:012A D:1628 DB:86 nvmxdizc V: 19 H:132 F:30
				87F0BD E8          INX                    A:20FE X:03CD Y:000D S:012A D:1628 DB:86 nvmxdizc V: 19 H:145 F:30
				87F0BE 1A          INC                    A:20FE X:03CE Y:000D S:012A D:1628 DB:86 nvmxdizc V: 19 H:148 F:30
				87F0BF 9F 00 E0 7F STA $7FE000,X [7FE3CE] A:20FF X:03CE Y:000D S:012A D:1628 DB:86 nvmxdizc V: 19 H:151 F:30
				87F0C3 E8          INX                    A:20FF X:03CE Y:000D S:012A D:1628 DB:86 nvmxdizc V: 19 H:161 F:30
				87F0C4 E8          INX                    A:20FF X:03CF Y:000D S:012A D:1628 DB:86 nvmxdizc V: 19 H:164 F:30
				87F0C5 88          DEY                    A:20FF X:03D0 Y:000D S:012A D:1628 DB:86 nvmxdizc V: 19 H:167 F:30
				87F0C6 D0 EF       BNE $00EF     [87F0B7] A:20FF X:03D0 Y:000C S:012A D:1628 DB:86 nvmxdizc V: 19 H:170 F:30
				87F0B7 3A          DEC                    A:20FF X:03D0 Y:000C S:012A D:1628 DB:86 nvmxdizc V: 19 H:174 F:30
				87F0B8 9F 00 E0 7F STA $7FE000,X [7FE3D0] A:20FE X:03D0 Y:000C S:012A D:1628 DB:86 nvmxdizc V: 19 H:177 F:30
				87F0BC E8          INX                    A:20FE X:03D0 Y:000C S:012A D:1628 DB:86 nvmxdizc V: 19 H:187 F:30
				87F0BD E8          INX                    A:20FE X:03D1 Y:000C S:012A D:1628 DB:86 nvmxdizc V: 19 H:190 F:30
				87F0BE 1A          INC                    A:20FE X:03D2 Y:000C S:012A D:1628 DB:86 nvmxdizc V: 19 H:193 F:30
				87F0BF 9F 00 E0 7F STA $7FE000,X [7FE3D2] A:20FF X:03D2 Y:000C S:012A D:1628 DB:86 nvmxdizc V: 19 H:196 F:30
				87F0C3 E8          INX                    A:20FF X:03D2 Y:000C S:012A D:1628 DB:86 nvmxdizc V: 19 H:206 F:30
				87F0C4 E8          INX                    A:20FF X:03D3 Y:000C S:012A D:1628 DB:86 nvmxdizc V: 19 H:209 F:30
				87F0C5 88          DEY                    A:20FF X:03D4 Y:000C S:012A D:1628 DB:86 nvmxdizc V: 19 H:212 F:30
				87F0C6 D0 EF       BNE $00EF     [87F0B7] A:20FF X:03D4 Y:000B S:012A D:1628 DB:86 nvmxdizc V: 19 H:215 F:30
				87F0B7 3A          DEC                    A:20FF X:03D4 Y:000B S:012A D:1628 DB:86 nvmxdizc V: 19 H:220 F:30
				87F0B8 9F 00 E0 7F STA $7FE000,X [7FE3D4] A:20FE X:03D4 Y:000B S:012A D:1628 DB:86 nvmxdizc V: 19 H:223 F:30
				87F0BC E8          INX                    A:20FE X:03D4 Y:000B S:012A D:1628 DB:86 nvmxdizc V: 19 H:233 F:30
				87F0BD E8          INX                    A:20FE X:03D5 Y:000B S:012A D:1628 DB:86 nvmxdizc V: 19 H:236 F:30
				87F0BE 1A          INC                    A:20FE X:03D6 Y:000B S:012A D:1628 DB:86 nvmxdizc V: 19 H:239 F:30
				87F0BF 9F 00 E0 7F STA $7FE000,X [7FE3D6] A:20FF X:03D6 Y:000B S:012A D:1628 DB:86 nvmxdizc V: 19 H:242 F:30
				87F0C3 E8          INX                    A:20FF X:03D6 Y:000B S:012A D:1628 DB:86 nvmxdizc V: 19 H:252 F:30
				87F0C4 E8          INX                    A:20FF X:03D7 Y:000B S:012A D:1628 DB:86 nvmxdizc V: 19 H:255 F:30
				87F0C5 88          DEY                    A:20FF X:03D8 Y:000B S:012A D:1628 DB:86 nvmxdizc V: 19 H:258 F:30
				87F0C6 D0 EF       BNE $00EF     [87F0B7] A:20FF X:03D8 Y:000A S:012A D:1628 DB:86 nvmxdizc V: 19 H:261 F:30
				87F0B7 3A          DEC                    A:20FF X:03D8 Y:000A S:012A D:1628 DB:86 nvmxdizc V: 19 H:265 F:30
				87F0B8 9F 00 E0 7F STA $7FE000,X [7FE3D8] A:20FE X:03D8 Y:000A S:012A D:1628 DB:86 nvmxdizc V: 19 H:268 F:30
				87F0BC E8          INX                    A:20FE X:03D8 Y:000A S:012A D:1628 DB:86 nvmxdizc V: 19 H:278 F:30
				87F0BD E8          INX                    A:20FE X:03D9 Y:000A S:012A D:1628 DB:86 nvmxdizc V: 19 H:281 F:30
				87F0BE 1A          INC                    A:20FE X:03DA Y:000A S:012A D:1628 DB:86 nvmxdizc V: 19 H:284 F:30
				87F0BF 9F 00 E0 7F STA $7FE000,X [7FE3DA] A:20FF X:03DA Y:000A S:012A D:1628 DB:86 nvmxdizc V: 19 H:287 F:30
				87F0C3 E8          INX                    A:20FF X:03DA Y:000A S:012A D:1628 DB:86 nvmxdizc V: 19 H:297 F:30
				87F0C4 E8          INX                    A:20FF X:03DB Y:000A S:012A D:1628 DB:86 nvmxdizc V: 19 H:300 F:30
				87F0C5 88          DEY                    A:20FF X:03DC Y:000A S:012A D:1628 DB:86 nvmxdizc V: 19 H:303 F:30
				87F0C6 D0 EF       BNE $00EF     [87F0B7] A:20FF X:03DC Y:0009 S:012A D:1628 DB:86 nvmxdizc V: 19 H:306 F:30
				87F0B7 3A          DEC                    A:20FF X:03DC Y:0009 S:012A D:1628 DB:86 nvmxdizc V: 19 H:311 F:30
				87F0B8 9F 00 E0 7F STA $7FE000,X [7FE3DC] A:20FE X:03DC Y:0009 S:012A D:1628 DB:86 nvmxdizc V: 19 H:314 F:30
				87F0BC E8          INX                    A:20FE X:03DC Y:0009 S:012A D:1628 DB:86 nvmxdizc V: 19 H:323 F:30
				87F0BD E8          INX                    A:20FE X:03DD Y:0009 S:012A D:1628 DB:86 nvmxdizc V: 19 H:326 F:30
				87F0BE 1A          INC                    A:20FE X:03DE Y:0009 S:012A D:1628 DB:86 nvmxdizc V: 19 H:329 F:30
				87F0BF 9F 00 E0 7F STA $7FE000,X [7FE3DE] A:20FF X:03DE Y:0009 S:012A D:1628 DB:86 nvmxdizc V: 19 H:332 F:30
				87F0C3 E8          INX                    A:20FF X:03DE Y:0009 S:012A D:1628 DB:86 nvmxdizc V: 20 H:  2 F:30
				87F0C4 E8          INX                    A:20FF X:03DF Y:0009 S:012A D:1628 DB:86 nvmxdizc V: 20 H:  5 F:30
				87F0C5 88          DEY                    A:20FF X:03E0 Y:0009 S:012A D:1628 DB:86 nvmxdizc V: 20 H:  8 F:30
				87F0C6 D0 EF       BNE $00EF     [87F0B7] A:20FF X:03E0 Y:0008 S:012A D:1628 DB:86 nvmxdizc V: 20 H: 11 F:30
				87F0B7 3A          DEC                    A:20FF X:03E0 Y:0008 S:012A D:1628 DB:86 nvmxdizc V: 20 H: 15 F:30
				87F0B8 9F 00 E0 7F STA $7FE000,X [7FE3E0] A:20FE X:03E0 Y:0008 S:012A D:1628 DB:86 nvmxdizc V: 20 H: 18 F:30
				87F0BC E8          INX                    A:20FE X:03E0 Y:0008 S:012A D:1628 DB:86 nvmxdizc V: 20 H: 28 F:30
				87F0BD E8          INX                    A:20FE X:03E1 Y:0008 S:012A D:1628 DB:86 nvmxdizc V: 20 H: 31 F:30
				87F0BE 1A          INC                    A:20FE X:03E2 Y:0008 S:012A D:1628 DB:86 nvmxdizc V: 20 H: 34 F:30
				87F0BF 9F 00 E0 7F STA $7FE000,X [7FE3E2] A:20FF X:03E2 Y:0008 S:012A D:1628 DB:86 nvmxdizc V: 20 H: 37 F:30
				87F0C3 E8          INX                    A:20FF X:03E2 Y:0008 S:012A D:1628 DB:86 nvmxdizc V: 20 H: 47 F:30
				87F0C4 E8          INX                    A:20FF X:03E3 Y:0008 S:012A D:1628 DB:86 nvmxdizc V: 20 H: 50 F:30
				87F0C5 88          DEY                    A:20FF X:03E4 Y:0008 S:012A D:1628 DB:86 nvmxdizc V: 20 H: 53 F:30
				87F0C6 D0 EF       BNE $00EF     [87F0B7] A:20FF X:03E4 Y:0007 S:012A D:1628 DB:86 nvmxdizc V: 20 H: 56 F:30
				87F0B7 3A          DEC                    A:20FF X:03E4 Y:0007 S:012A D:1628 DB:86 nvmxdizc V: 20 H: 61 F:30
				87F0B8 9F 00 E0 7F STA $7FE000,X [7FE3E4] A:20FE X:03E4 Y:0007 S:012A D:1628 DB:86 nvmxdizc V: 20 H: 64 F:30
				87F0BC E8          INX                    A:20FE X:03E4 Y:0007 S:012A D:1628 DB:86 nvmxdizc V: 20 H: 74 F:30
				87F0BD E8          INX                    A:20FE X:03E5 Y:0007 S:012A D:1628 DB:86 nvmxdizc V: 20 H: 77 F:30
				87F0BE 1A          INC                    A:20FE X:03E6 Y:0007 S:012A D:1628 DB:86 nvmxdizc V: 20 H: 80 F:30
				87F0BF 9F 00 E0 7F STA $7FE000,X [7FE3E6] A:20FF X:03E6 Y:0007 S:012A D:1628 DB:86 nvmxdizc V: 20 H: 83 F:30
				87F0C3 E8          INX                    A:20FF X:03E6 Y:0007 S:012A D:1628 DB:86 nvmxdizc V: 20 H: 93 F:30
				87F0C4 E8          INX                    A:20FF X:03E7 Y:0007 S:012A D:1628 DB:86 nvmxdizc V: 20 H: 96 F:30
				87F0C5 88          DEY                    A:20FF X:03E8 Y:0007 S:012A D:1628 DB:86 nvmxdizc V: 20 H: 99 F:30
				87F0C6 D0 EF       BNE $00EF     [87F0B7] A:20FF X:03E8 Y:0006 S:012A D:1628 DB:86 nvmxdizc V: 20 H:102 F:30
				87F0B7 3A          DEC                    A:20FF X:03E8 Y:0006 S:012A D:1628 DB:86 nvmxdizc V: 20 H:106 F:30
				87F0B8 9F 00 E0 7F STA $7FE000,X [7FE3E8] A:20FE X:03E8 Y:0006 S:012A D:1628 DB:86 nvmxdizc V: 20 H:109 F:30
				87F0BC E8          INX                    A:20FE X:03E8 Y:0006 S:012A D:1628 DB:86 nvmxdizc V: 20 H:119 F:30
				87F0BD E8          INX                    A:20FE X:03E9 Y:0006 S:012A D:1628 DB:86 nvmxdizc V: 20 H:122 F:30
				87F0BE 1A          INC                    A:20FE X:03EA Y:0006 S:012A D:1628 DB:86 nvmxdizc V: 20 H:125 F:30
				87F0BF 9F 00 E0 7F STA $7FE000,X [7FE3EA] A:20FF X:03EA Y:0006 S:012A D:1628 DB:86 nvmxdizc V: 20 H:128 F:30
				87F0C3 E8          INX                    A:20FF X:03EA Y:0006 S:012A D:1628 DB:86 nvmxdizc V: 20 H:148 F:30
				87F0C4 E8          INX                    A:20FF X:03EB Y:0006 S:012A D:1628 DB:86 nvmxdizc V: 20 H:151 F:30
				87F0C5 88          DEY                    A:20FF X:03EC Y:0006 S:012A D:1628 DB:86 nvmxdizc V: 20 H:154 F:30
				87F0C6 D0 EF       BNE $00EF     [87F0B7] A:20FF X:03EC Y:0005 S:012A D:1628 DB:86 nvmxdizc V: 20 H:157 F:30
				87F0B7 3A          DEC                    A:20FF X:03EC Y:0005 S:012A D:1628 DB:86 nvmxdizc V: 20 H:162 F:30
				87F0B8 9F 00 E0 7F STA $7FE000,X [7FE3EC] A:20FE X:03EC Y:0005 S:012A D:1628 DB:86 nvmxdizc V: 20 H:165 F:30
				87F0BC E8          INX                    A:20FE X:03EC Y:0005 S:012A D:1628 DB:86 nvmxdizc V: 20 H:175 F:30
				87F0BD E8          INX                    A:20FE X:03ED Y:0005 S:012A D:1628 DB:86 nvmxdizc V: 20 H:178 F:30
				87F0BE 1A          INC                    A:20FE X:03EE Y:0005 S:012A D:1628 DB:86 nvmxdizc V: 20 H:181 F:30
				87F0BF 9F 00 E0 7F STA $7FE000,X [7FE3EE] A:20FF X:03EE Y:0005 S:012A D:1628 DB:86 nvmxdizc V: 20 H:184 F:30
				87F0C3 E8          INX                    A:20FF X:03EE Y:0005 S:012A D:1628 DB:86 nvmxdizc V: 20 H:194 F:30
				87F0C4 E8          INX                    A:20FF X:03EF Y:0005 S:012A D:1628 DB:86 nvmxdizc V: 20 H:197 F:30
				87F0C5 88          DEY                    A:20FF X:03F0 Y:0005 S:012A D:1628 DB:86 nvmxdizc V: 20 H:200 F:30
				87F0C6 D0 EF       BNE $00EF     [87F0B7] A:20FF X:03F0 Y:0004 S:012A D:1628 DB:86 nvmxdizc V: 20 H:203 F:30
				87F0B7 3A          DEC                    A:20FF X:03F0 Y:0004 S:012A D:1628 DB:86 nvmxdizc V: 20 H:207 F:30
				87F0B8 9F 00 E0 7F STA $7FE000,X [7FE3F0] A:20FE X:03F0 Y:0004 S:012A D:1628 DB:86 nvmxdizc V: 20 H:210 F:30
				87F0BC E8          INX                    A:20FE X:03F0 Y:0004 S:012A D:1628 DB:86 nvmxdizc V: 20 H:220 F:30
				87F0BD E8          INX                    A:20FE X:03F1 Y:0004 S:012A D:1628 DB:86 nvmxdizc V: 20 H:223 F:30
				87F0BE 1A          INC                    A:20FE X:03F2 Y:0004 S:012A D:1628 DB:86 nvmxdizc V: 20 H:226 F:30
				87F0BF 9F 00 E0 7F STA $7FE000,X [7FE3F2] A:20FF X:03F2 Y:0004 S:012A D:1628 DB:86 nvmxdizc V: 20 H:229 F:30
				87F0C3 E8          INX                    A:20FF X:03F2 Y:0004 S:012A D:1628 DB:86 nvmxdizc V: 20 H:239 F:30
				87F0C4 E8          INX                    A:20FF X:03F3 Y:0004 S:012A D:1628 DB:86 nvmxdizc V: 20 H:242 F:30
				87F0C5 88          DEY                    A:20FF X:03F4 Y:0004 S:012A D:1628 DB:86 nvmxdizc V: 20 H:245 F:30
				87F0C6 D0 EF       BNE $00EF     [87F0B7] A:20FF X:03F4 Y:0003 S:012A D:1628 DB:86 nvmxdizc V: 20 H:248 F:30
				87F0B7 3A          DEC                    A:20FF X:03F4 Y:0003 S:012A D:1628 DB:86 nvmxdizc V: 20 H:253 F:30
				87F0B8 9F 00 E0 7F STA $7FE000,X [7FE3F4] A:20FE X:03F4 Y:0003 S:012A D:1628 DB:86 nvmxdizc V: 20 H:256 F:30
				87F0BC E8          INX                    A:20FE X:03F4 Y:0003 S:012A D:1628 DB:86 nvmxdizc V: 20 H:266 F:30
				87F0BD E8          INX                    A:20FE X:03F5 Y:0003 S:012A D:1628 DB:86 nvmxdizc V: 20 H:269 F:30
				87F0BE 1A          INC                    A:20FE X:03F6 Y:0003 S:012A D:1628 DB:86 nvmxdizc V: 20 H:272 F:30
				87F0BF 9F 00 E0 7F STA $7FE000,X [7FE3F6] A:20FF X:03F6 Y:0003 S:012A D:1628 DB:86 nvmxdizc V: 20 H:275 F:30
				87F0C3 E8          INX                    A:20FF X:03F6 Y:0003 S:012A D:1628 DB:86 nvmxdizc V: 20 H:285 F:30
				87F0C4 E8          INX                    A:20FF X:03F7 Y:0003 S:012A D:1628 DB:86 nvmxdizc V: 20 H:288 F:30
				87F0C5 88          DEY                    A:20FF X:03F8 Y:0003 S:012A D:1628 DB:86 nvmxdizc V: 20 H:291 F:30
				87F0C6 D0 EF       BNE $00EF     [87F0B7] A:20FF X:03F8 Y:0002 S:012A D:1628 DB:86 nvmxdizc V: 20 H:294 F:30
				87F0B7 3A          DEC                    A:20FF X:03F8 Y:0002 S:012A D:1628 DB:86 nvmxdizc V: 20 H:298 F:30
				87F0B8 9F 00 E0 7F STA $7FE000,X [7FE3F8] A:20FE X:03F8 Y:0002 S:012A D:1628 DB:86 nvmxdizc V: 20 H:301 F:30
				87F0BC E8          INX                    A:20FE X:03F8 Y:0002 S:012A D:1628 DB:86 nvmxdizc V: 20 H:311 F:30
				87F0BD E8          INX                    A:20FE X:03F9 Y:0002 S:012A D:1628 DB:86 nvmxdizc V: 20 H:314 F:30
				87F0BE 1A          INC                    A:20FE X:03FA Y:0002 S:012A D:1628 DB:86 nvmxdizc V: 20 H:317 F:30
				87F0BF 9F 00 E0 7F STA $7FE000,X [7FE3FA] A:20FF X:03FA Y:0002 S:012A D:1628 DB:86 nvmxdizc V: 20 H:320 F:30
				87F0C3 E8          INX                    A:20FF X:03FA Y:0002 S:012A D:1628 DB:86 nvmxdizc V: 20 H:329 F:30
				87F0C4 E8          INX                    A:20FF X:03FB Y:0002 S:012A D:1628 DB:86 nvmxdizc V: 20 H:332 F:30
				87F0C5 88          DEY                    A:20FF X:03FC Y:0002 S:012A D:1628 DB:86 nvmxdizc V: 20 H:335 F:30
				87F0C6 D0 EF       BNE $00EF     [87F0B7] A:20FF X:03FC Y:0001 S:012A D:1628 DB:86 nvmxdizc V: 20 H:338 F:30
				87F0B7 3A          DEC                    A:20FF X:03FC Y:0001 S:012A D:1628 DB:86 nvmxdizc V: 21 H:  3 F:30
				87F0B8 9F 00 E0 7F STA $7FE000,X [7FE3FC] A:20FE X:03FC Y:0001 S:012A D:1628 DB:86 nvmxdizc V: 21 H:  6 F:30
				87F0BC E8          INX                    A:20FE X:03FC Y:0001 S:012A D:1628 DB:86 nvmxdizc V: 21 H: 16 F:30
				87F0BD E8          INX                    A:20FE X:03FD Y:0001 S:012A D:1628 DB:86 nvmxdizc V: 21 H: 19 F:30
				87F0BE 1A          INC                    A:20FE X:03FE Y:0001 S:012A D:1628 DB:86 nvmxdizc V: 21 H: 22 F:30
				87F0BF 9F 00 E0 7F STA $7FE000,X [7FE3FE] A:20FF X:03FE Y:0001 S:012A D:1628 DB:86 nvmxdizc V: 21 H: 25 F:30
				87F0C3 E8          INX                    A:20FF X:03FE Y:0001 S:012A D:1628 DB:86 nvmxdizc V: 21 H: 35 F:30
				87F0C4 E8          INX                    A:20FF X:03FF Y:0001 S:012A D:1628 DB:86 nvmxdizc V: 21 H: 38 F:30
				87F0C5 88          DEY                    A:20FF X:0400 Y:0001 S:012A D:1628 DB:86 nvmxdizc V: 21 H: 41 F:30
				87F0C6 D0 EF       BNE $00EF     [87F0B7] A:20FF X:0400 Y:0000 S:012A D:1628 DB:86 nvmxdiZc V: 21 H: 44 F:30
				87F0C8 E0 00 08    CPX #$0800             A:20FF X:0400 Y:0000 S:012A D:1628 DB:86 nvmxdiZc V: 21 H: 47 F:30
				87F0CB 90 C9       BCC $00C9     [87F096] A:20FF X:0400 Y:0000 S:012A D:1628 DB:86 Nvmxdizc V: 21 H: 51 F:30
				87F096 A0 10 00    LDY #$0010             A:20FF X:0400 Y:0000 S:012A D:1628 DB:86 Nvmxdizc V: 21 H: 56 F:30
				87F099 A9 FD 20    LDA #$20FD             A:20FF X:0400 Y:0010 S:012A D:1628 DB:86 nvmxdizc V: 21 H: 60 F:30
				87F09C 05 1C       ORA $1C       [001644] A:20FD X:0400 Y:0010 S:012A D:1628 DB:86 nvmxdizc V: 21 H: 65 F:30
				87F09E 3A          DEC                    A:20FD X:0400 Y:0010 S:012A D:1628 DB:86 nvmxdizc V: 21 H: 73 F:30
				87F09F 9F 00 E0 7F STA $7FE000,X [7FE400] A:20FC X:0400 Y:0010 S:012A D:1628 DB:86 nvmxdizc V: 21 H: 76 F:30
				87F0A3 E8          INX                    A:20FC X:0400 Y:0010 S:012A D:1628 DB:86 nvmxdizc V: 21 H: 86 F:30
				87F0A4 E8          INX                    A:20FC X:0401 Y:0010 S:012A D:1628 DB:86 nvmxdizc V: 21 H: 89 F:30
				87F0A5 1A          INC                    A:20FC X:0402 Y:0010 S:012A D:1628 DB:86 nvmxdizc V: 21 H: 92 F:30
				87F0A6 9F 00 E0 7F STA $7FE000,X [7FE402] A:20FD X:0402 Y:0010 S:012A D:1628 DB:86 nvmxdizc V: 21 H: 95 F:30
				87F0AA E8          INX                    A:20FD X:0402 Y:0010 S:012A D:1628 DB:86 nvmxdizc V: 21 H:105 F:30
				87F0AB E8          INX                    A:20FD X:0403 Y:0010 S:012A D:1628 DB:86 nvmxdizc V: 21 H:108 F:30
				87F0AC 88          DEY                    A:20FD X:0404 Y:0010 S:012A D:1628 DB:86 nvmxdizc V: 21 H:111 F:30
				87F0AD D0 EF       BNE $00EF     [87F09E] A:20FD X:0404 Y:000F S:012A D:1628 DB:86 nvmxdizc V: 21 H:114 F:30
				87F09E 3A          DEC                    A:20FD X:0404 Y:000F S:012A D:1628 DB:86 nvmxdizc V: 21 H:119 F:30
				87F09F 9F 00 E0 7F STA $7FE000,X [7FE404] A:20FC X:0404 Y:000F S:012A D:1628 DB:86 nvmxdizc V: 21 H:122 F:30
				87F0A3 E8          INX                    A:20FC X:0404 Y:000F S:012A D:1628 DB:86 nvmxdizc V: 21 H:132 F:30
				87F0A4 E8          INX                    A:20FC X:0405 Y:000F S:012A D:1628 DB:86 nvmxdizc V: 21 H:145 F:30
				87F0A5 1A          INC                    A:20FC X:0406 Y:000F S:012A D:1628 DB:86 nvmxdizc V: 21 H:148 F:30
				87F0A6 9F 00 E0 7F STA $7FE000,X [7FE406] A:20FD X:0406 Y:000F S:012A D:1628 DB:86 nvmxdizc V: 21 H:151 F:30
				87F0AA E8          INX                    A:20FD X:0406 Y:000F S:012A D:1628 DB:86 nvmxdizc V: 21 H:161 F:30
				87F0AB E8          INX                    A:20FD X:0407 Y:000F S:012A D:1628 DB:86 nvmxdizc V: 21 H:164 F:30
				87F0AC 88          DEY                    A:20FD X:0408 Y:000F S:012A D:1628 DB:86 nvmxdizc V: 21 H:167 F:30
				87F0AD D0 EF       BNE $00EF     [87F09E] A:20FD X:0408 Y:000E S:012A D:1628 DB:86 nvmxdizc V: 21 H:170 F:30
				87F09E 3A          DEC                    A:20FD X:0408 Y:000E S:012A D:1628 DB:86 nvmxdizc V: 21 H:174 F:30
				87F09F 9F 00 E0 7F STA $7FE000,X [7FE408] A:20FC X:0408 Y:000E S:012A D:1628 DB:86 nvmxdizc V: 21 H:177 F:30
				87F0A3 E8          INX                    A:20FC X:0408 Y:000E S:012A D:1628 DB:86 nvmxdizc V: 21 H:187 F:30
				87F0A4 E8          INX                    A:20FC X:0409 Y:000E S:012A D:1628 DB:86 nvmxdizc V: 21 H:190 F:30
				87F0A5 1A          INC                    A:20FC X:040A Y:000E S:012A D:1628 DB:86 nvmxdizc V: 21 H:193 F:30
				87F0A6 9F 00 E0 7F STA $7FE000,X [7FE40A] A:20FD X:040A Y:000E S:012A D:1628 DB:86 nvmxdizc V: 21 H:196 F:30
				87F0AA E8          INX                    A:20FD X:040A Y:000E S:012A D:1628 DB:86 nvmxdizc V: 21 H:206 F:30
				87F0AB E8          INX                    A:20FD X:040B Y:000E S:012A D:1628 DB:86 nvmxdizc V: 21 H:209 F:30
				87F0AC 88          DEY                    A:20FD X:040C Y:000E S:012A D:1628 DB:86 nvmxdizc V: 21 H:212 F:30
				87F0AD D0 EF       BNE $00EF     [87F09E] A:20FD X:040C Y:000D S:012A D:1628 DB:86 nvmxdizc V: 21 H:215 F:30
				87F09E 3A          DEC                    A:20FD X:040C Y:000D S:012A D:1628 DB:86 nvmxdizc V: 21 H:220 F:30
				87F09F 9F 00 E0 7F STA $7FE000,X [7FE40C] A:20FC X:040C Y:000D S:012A D:1628 DB:86 nvmxdizc V: 21 H:223 F:30
				87F0A3 E8          INX                    A:20FC X:040C Y:000D S:012A D:1628 DB:86 nvmxdizc V: 21 H:233 F:30
				87F0A4 E8          INX                    A:20FC X:040D Y:000D S:012A D:1628 DB:86 nvmxdizc V: 21 H:236 F:30
				87F0A5 1A          INC                    A:20FC X:040E Y:000D S:012A D:1628 DB:86 nvmxdizc V: 21 H:239 F:30
				87F0A6 9F 00 E0 7F STA $7FE000,X [7FE40E] A:20FD X:040E Y:000D S:012A D:1628 DB:86 nvmxdizc V: 21 H:242 F:30
				87F0AA E8          INX                    A:20FD X:040E Y:000D S:012A D:1628 DB:86 nvmxdizc V: 21 H:252 F:30
				87F0AB E8          INX                    A:20FD X:040F Y:000D S:012A D:1628 DB:86 nvmxdizc V: 21 H:255 F:30
				87F0AC 88          DEY                    A:20FD X:0410 Y:000D S:012A D:1628 DB:86 nvmxdizc V: 21 H:258 F:30
				87F0AD D0 EF       BNE $00EF     [87F09E] A:20FD X:0410 Y:000C S:012A D:1628 DB:86 nvmxdizc V: 21 H:261 F:30
				87F09E 3A          DEC                    A:20FD X:0410 Y:000C S:012A D:1628 DB:86 nvmxdizc V: 21 H:265 F:30
				87F09F 9F 00 E0 7F STA $7FE000,X [7FE410] A:20FC X:0410 Y:000C S:012A D:1628 DB:86 nvmxdizc V: 21 H:268 F:30
				87F0A3 E8          INX                    A:20FC X:0410 Y:000C S:012A D:1628 DB:86 nvmxdizc V: 21 H:278 F:30
				87F0A4 E8          INX                    A:20FC X:0411 Y:000C S:012A D:1628 DB:86 nvmxdizc V: 21 H:281 F:30
				87F0A5 1A          INC                    A:20FC X:0412 Y:000C S:012A D:1628 DB:86 nvmxdizc V: 21 H:284 F:30
				87F0A6 9F 00 E0 7F STA $7FE000,X [7FE412] A:20FD X:0412 Y:000C S:012A D:1628 DB:86 nvmxdizc V: 21 H:287 F:30
				87F0AA E8          INX                    A:20FD X:0412 Y:000C S:012A D:1628 DB:86 nvmxdizc V: 21 H:297 F:30
				87F0AB E8          INX                    A:20FD X:0413 Y:000C S:012A D:1628 DB:86 nvmxdizc V: 21 H:300 F:30
				87F0AC 88          DEY                    A:20FD X:0414 Y:000C S:012A D:1628 DB:86 nvmxdizc V: 21 H:303 F:30
				87F0AD D0 EF       BNE $00EF     [87F09E] A:20FD X:0414 Y:000B S:012A D:1628 DB:86 nvmxdizc V: 21 H:306 F:30
				87F09E 3A          DEC                    A:20FD X:0414 Y:000B S:012A D:1628 DB:86 nvmxdizc V: 21 H:311 F:30
				87F09F 9F 00 E0 7F STA $7FE000,X [7FE414] A:20FC X:0414 Y:000B S:012A D:1628 DB:86 nvmxdizc V: 21 H:314 F:30
				87F0A3 E8          INX                    A:20FC X:0414 Y:000B S:012A D:1628 DB:86 nvmxdizc V: 21 H:323 F:30
				87F0A4 E8          INX                    A:20FC X:0415 Y:000B S:012A D:1628 DB:86 nvmxdizc V: 21 H:326 F:30
				87F0A5 1A          INC                    A:20FC X:0416 Y:000B S:012A D:1628 DB:86 nvmxdizc V: 21 H:329 F:30
				87F0A6 9F 00 E0 7F STA $7FE000,X [7FE416] A:20FD X:0416 Y:000B S:012A D:1628 DB:86 nvmxdizc V: 21 H:332 F:30
				87F0AA E8          INX                    A:20FD X:0416 Y:000B S:012A D:1628 DB:86 nvmxdizc V: 22 H:  2 F:30
				87F0AB E8          INX                    A:20FD X:0417 Y:000B S:012A D:1628 DB:86 nvmxdizc V: 22 H:  5 F:30
				87F0AC 88          DEY                    A:20FD X:0418 Y:000B S:012A D:1628 DB:86 nvmxdizc V: 22 H:  8 F:30
				87F0AD D0 EF       BNE $00EF     [87F09E] A:20FD X:0418 Y:000A S:012A D:1628 DB:86 nvmxdizc V: 22 H: 11 F:30
				87F09E 3A          DEC                    A:20FD X:0418 Y:000A S:012A D:1628 DB:86 nvmxdizc V: 22 H: 15 F:30
				87F09F 9F 00 E0 7F STA $7FE000,X [7FE418] A:20FC X:0418 Y:000A S:012A D:1628 DB:86 nvmxdizc V: 22 H: 18 F:30
				87F0A3 E8          INX                    A:20FC X:0418 Y:000A S:012A D:1628 DB:86 nvmxdizc V: 22 H: 28 F:30
				87F0A4 E8          INX                    A:20FC X:0419 Y:000A S:012A D:1628 DB:86 nvmxdizc V: 22 H: 31 F:30
				87F0A5 1A          INC                    A:20FC X:041A Y:000A S:012A D:1628 DB:86 nvmxdizc V: 22 H: 34 F:30
				87F0A6 9F 00 E0 7F STA $7FE000,X [7FE41A] A:20FD X:041A Y:000A S:012A D:1628 DB:86 nvmxdizc V: 22 H: 37 F:30
				87F0AA E8          INX                    A:20FD X:041A Y:000A S:012A D:1628 DB:86 nvmxdizc V: 22 H: 47 F:30
				87F0AB E8          INX                    A:20FD X:041B Y:000A S:012A D:1628 DB:86 nvmxdizc V: 22 H: 50 F:30
				87F0AC 88          DEY                    A:20FD X:041C Y:000A S:012A D:1628 DB:86 nvmxdizc V: 22 H: 53 F:30
				87F0AD D0 EF       BNE $00EF     [87F09E] A:20FD X:041C Y:0009 S:012A D:1628 DB:86 nvmxdizc V: 22 H: 56 F:30
				87F09E 3A          DEC                    A:20FD X:041C Y:0009 S:012A D:1628 DB:86 nvmxdizc V: 22 H: 61 F:30
				87F09F 9F 00 E0 7F STA $7FE000,X [7FE41C] A:20FC X:041C Y:0009 S:012A D:1628 DB:86 nvmxdizc V: 22 H: 64 F:30
				87F0A3 E8          INX                    A:20FC X:041C Y:0009 S:012A D:1628 DB:86 nvmxdizc V: 22 H: 74 F:30
				87F0A4 E8          INX                    A:20FC X:041D Y:0009 S:012A D:1628 DB:86 nvmxdizc V: 22 H: 77 F:30
				87F0A5 1A          INC                    A:20FC X:041E Y:0009 S:012A D:1628 DB:86 nvmxdizc V: 22 H: 80 F:30
				87F0A6 9F 00 E0 7F STA $7FE000,X [7FE41E] A:20FD X:041E Y:0009 S:012A D:1628 DB:86 nvmxdizc V: 22 H: 83 F:30
				87F0AA E8          INX                    A:20FD X:041E Y:0009 S:012A D:1628 DB:86 nvmxdizc V: 22 H: 93 F:30
				87F0AB E8          INX                    A:20FD X:041F Y:0009 S:012A D:1628 DB:86 nvmxdizc V: 22 H: 96 F:30
				87F0AC 88          DEY                    A:20FD X:0420 Y:0009 S:012A D:1628 DB:86 nvmxdizc V: 22 H: 99 F:30
				87F0AD D0 EF       BNE $00EF     [87F09E] A:20FD X:0420 Y:0008 S:012A D:1628 DB:86 nvmxdizc V: 22 H:102 F:30
				87F09E 3A          DEC                    A:20FD X:0420 Y:0008 S:012A D:1628 DB:86 nvmxdizc V: 22 H:106 F:30
				87F09F 9F 00 E0 7F STA $7FE000,X [7FE420] A:20FC X:0420 Y:0008 S:012A D:1628 DB:86 nvmxdizc V: 22 H:109 F:30
				87F0A3 E8          INX                    A:20FC X:0420 Y:0008 S:012A D:1628 DB:86 nvmxdizc V: 22 H:119 F:30
				87F0A4 E8          INX                    A:20FC X:0421 Y:0008 S:012A D:1628 DB:86 nvmxdizc V: 22 H:122 F:30
				87F0A5 1A          INC                    A:20FC X:0422 Y:0008 S:012A D:1628 DB:86 nvmxdizc V: 22 H:125 F:30
				87F0A6 9F 00 E0 7F STA $7FE000,X [7FE422] A:20FD X:0422 Y:0008 S:012A D:1628 DB:86 nvmxdizc V: 22 H:128 F:30
				87F0AA E8          INX                    A:20FD X:0422 Y:0008 S:012A D:1628 DB:86 nvmxdizc V: 22 H:148 F:30
				87F0AB E8          INX                    A:20FD X:0423 Y:0008 S:012A D:1628 DB:86 nvmxdizc V: 22 H:151 F:30
				87F0AC 88          DEY                    A:20FD X:0424 Y:0008 S:012A D:1628 DB:86 nvmxdizc V: 22 H:154 F:30
				87F0AD D0 EF       BNE $00EF     [87F09E] A:20FD X:0424 Y:0007 S:012A D:1628 DB:86 nvmxdizc V: 22 H:157 F:30
				87F09E 3A          DEC                    A:20FD X:0424 Y:0007 S:012A D:1628 DB:86 nvmxdizc V: 22 H:162 F:30
				87F09F 9F 00 E0 7F STA $7FE000,X [7FE424] A:20FC X:0424 Y:0007 S:012A D:1628 DB:86 nvmxdizc V: 22 H:165 F:30
				87F0A3 E8          INX                    A:20FC X:0424 Y:0007 S:012A D:1628 DB:86 nvmxdizc V: 22 H:175 F:30
				87F0A4 E8          INX                    A:20FC X:0425 Y:0007 S:012A D:1628 DB:86 nvmxdizc V: 22 H:178 F:30
				87F0A5 1A          INC                    A:20FC X:0426 Y:0007 S:012A D:1628 DB:86 nvmxdizc V: 22 H:181 F:30
				87F0A6 9F 00 E0 7F STA $7FE000,X [7FE426] A:20FD X:0426 Y:0007 S:012A D:1628 DB:86 nvmxdizc V: 22 H:184 F:30
				87F0AA E8          INX                    A:20FD X:0426 Y:0007 S:012A D:1628 DB:86 nvmxdizc V: 22 H:194 F:30
				87F0AB E8          INX                    A:20FD X:0427 Y:0007 S:012A D:1628 DB:86 nvmxdizc V: 22 H:197 F:30
				87F0AC 88          DEY                    A:20FD X:0428 Y:0007 S:012A D:1628 DB:86 nvmxdizc V: 22 H:200 F:30
				87F0AD D0 EF       BNE $00EF     [87F09E] A:20FD X:0428 Y:0006 S:012A D:1628 DB:86 nvmxdizc V: 22 H:203 F:30
				87F09E 3A          DEC                    A:20FD X:0428 Y:0006 S:012A D:1628 DB:86 nvmxdizc V: 22 H:207 F:30
				87F09F 9F 00 E0 7F STA $7FE000,X [7FE428] A:20FC X:0428 Y:0006 S:012A D:1628 DB:86 nvmxdizc V: 22 H:210 F:30
				87F0A3 E8          INX                    A:20FC X:0428 Y:0006 S:012A D:1628 DB:86 nvmxdizc V: 22 H:220 F:30
				87F0A4 E8          INX                    A:20FC X:0429 Y:0006 S:012A D:1628 DB:86 nvmxdizc V: 22 H:223 F:30
				87F0A5 1A          INC                    A:20FC X:042A Y:0006 S:012A D:1628 DB:86 nvmxdizc V: 22 H:226 F:30
				87F0A6 9F 00 E0 7F STA $7FE000,X [7FE42A] A:20FD X:042A Y:0006 S:012A D:1628 DB:86 nvmxdizc V: 22 H:229 F:30
				87F0AA E8          INX                    A:20FD X:042A Y:0006 S:012A D:1628 DB:86 nvmxdizc V: 22 H:239 F:30
				87F0AB E8          INX                    A:20FD X:042B Y:0006 S:012A D:1628 DB:86 nvmxdizc V: 22 H:242 F:30
				87F0AC 88          DEY                    A:20FD X:042C Y:0006 S:012A D:1628 DB:86 nvmxdizc V: 22 H:245 F:30
				87F0AD D0 EF       BNE $00EF     [87F09E] A:20FD X:042C Y:0005 S:012A D:1628 DB:86 nvmxdizc V: 22 H:248 F:30
				87F09E 3A          DEC                    A:20FD X:042C Y:0005 S:012A D:1628 DB:86 nvmxdizc V: 22 H:253 F:30
				87F09F 9F 00 E0 7F STA $7FE000,X [7FE42C] A:20FC X:042C Y:0005 S:012A D:1628 DB:86 nvmxdizc V: 22 H:256 F:30
				87F0A3 E8          INX                    A:20FC X:042C Y:0005 S:012A D:1628 DB:86 nvmxdizc V: 22 H:266 F:30
				87F0A4 E8          INX                    A:20FC X:042D Y:0005 S:012A D:1628 DB:86 nvmxdizc V: 22 H:269 F:30
				87F0A5 1A          INC                    A:20FC X:042E Y:0005 S:012A D:1628 DB:86 nvmxdizc V: 22 H:272 F:30
				87F0A6 9F 00 E0 7F STA $7FE000,X [7FE42E] A:20FD X:042E Y:0005 S:012A D:1628 DB:86 nvmxdizc V: 22 H:275 F:30
				87F0AA E8          INX                    A:20FD X:042E Y:0005 S:012A D:1628 DB:86 nvmxdizc V: 22 H:285 F:30
				87F0AB E8          INX                    A:20FD X:042F Y:0005 S:012A D:1628 DB:86 nvmxdizc V: 22 H:288 F:30
				87F0AC 88          DEY                    A:20FD X:0430 Y:0005 S:012A D:1628 DB:86 nvmxdizc V: 22 H:291 F:30
				87F0AD D0 EF       BNE $00EF     [87F09E] A:20FD X:0430 Y:0004 S:012A D:1628 DB:86 nvmxdizc V: 22 H:294 F:30
				87F09E 3A          DEC                    A:20FD X:0430 Y:0004 S:012A D:1628 DB:86 nvmxdizc V: 22 H:298 F:30
				87F09F 9F 00 E0 7F STA $7FE000,X [7FE430] A:20FC X:0430 Y:0004 S:012A D:1628 DB:86 nvmxdizc V: 22 H:301 F:30
				87F0A3 E8          INX                    A:20FC X:0430 Y:0004 S:012A D:1628 DB:86 nvmxdizc V: 22 H:311 F:30
				87F0A4 E8          INX                    A:20FC X:0431 Y:0004 S:012A D:1628 DB:86 nvmxdizc V: 22 H:314 F:30
				87F0A5 1A          INC                    A:20FC X:0432 Y:0004 S:012A D:1628 DB:86 nvmxdizc V: 22 H:317 F:30
				87F0A6 9F 00 E0 7F STA $7FE000,X [7FE432] A:20FD X:0432 Y:0004 S:012A D:1628 DB:86 nvmxdizc V: 22 H:320 F:30
				87F0AA E8          INX                    A:20FD X:0432 Y:0004 S:012A D:1628 DB:86 nvmxdizc V: 22 H:329 F:30
				87F0AB E8          INX                    A:20FD X:0433 Y:0004 S:012A D:1628 DB:86 nvmxdizc V: 22 H:332 F:30
				87F0AC 88          DEY                    A:20FD X:0434 Y:0004 S:012A D:1628 DB:86 nvmxdizc V: 22 H:335 F:30
				87F0AD D0 EF       BNE $00EF     [87F09E] A:20FD X:0434 Y:0003 S:012A D:1628 DB:86 nvmxdizc V: 22 H:338 F:30
				87F09E 3A          DEC                    A:20FD X:0434 Y:0003 S:012A D:1628 DB:86 nvmxdizc V: 23 H:  3 F:30
				87F09F 9F 00 E0 7F STA $7FE000,X [7FE434] A:20FC X:0434 Y:0003 S:012A D:1628 DB:86 nvmxdizc V: 23 H:  6 F:30
				87F0A3 E8          INX                    A:20FC X:0434 Y:0003 S:012A D:1628 DB:86 nvmxdizc V: 23 H: 16 F:30
				87F0A4 E8          INX                    A:20FC X:0435 Y:0003 S:012A D:1628 DB:86 nvmxdizc V: 23 H: 19 F:30
				87F0A5 1A          INC                    A:20FC X:0436 Y:0003 S:012A D:1628 DB:86 nvmxdizc V: 23 H: 22 F:30
				87F0A6 9F 00 E0 7F STA $7FE000,X [7FE436] A:20FD X:0436 Y:0003 S:012A D:1628 DB:86 nvmxdizc V: 23 H: 25 F:30
				87F0AA E8          INX                    A:20FD X:0436 Y:0003 S:012A D:1628 DB:86 nvmxdizc V: 23 H: 35 F:30
				87F0AB E8          INX                    A:20FD X:0437 Y:0003 S:012A D:1628 DB:86 nvmxdizc V: 23 H: 38 F:30
				87F0AC 88          DEY                    A:20FD X:0438 Y:0003 S:012A D:1628 DB:86 nvmxdizc V: 23 H: 41 F:30
				87F0AD D0 EF       BNE $00EF     [87F09E] A:20FD X:0438 Y:0002 S:012A D:1628 DB:86 nvmxdizc V: 23 H: 44 F:30
				87F09E 3A          DEC                    A:20FD X:0438 Y:0002 S:012A D:1628 DB:86 nvmxdizc V: 23 H: 48 F:30
				87F09F 9F 00 E0 7F STA $7FE000,X [7FE438] A:20FC X:0438 Y:0002 S:012A D:1628 DB:86 nvmxdizc V: 23 H: 51 F:30
				87F0A3 E8          INX                    A:20FC X:0438 Y:0002 S:012A D:1628 DB:86 nvmxdizc V: 23 H: 61 F:30
				87F0A4 E8          INX                    A:20FC X:0439 Y:0002 S:012A D:1628 DB:86 nvmxdizc V: 23 H: 64 F:30
				87F0A5 1A          INC                    A:20FC X:043A Y:0002 S:012A D:1628 DB:86 nvmxdizc V: 23 H: 67 F:30
				87F0A6 9F 00 E0 7F STA $7FE000,X [7FE43A] A:20FD X:043A Y:0002 S:012A D:1628 DB:86 nvmxdizc V: 23 H: 70 F:30
				87F0AA E8          INX                    A:20FD X:043A Y:0002 S:012A D:1628 DB:86 nvmxdizc V: 23 H: 80 F:30
				87F0AB E8          INX                    A:20FD X:043B Y:0002 S:012A D:1628 DB:86 nvmxdizc V: 23 H: 83 F:30
				87F0AC 88          DEY                    A:20FD X:043C Y:0002 S:012A D:1628 DB:86 nvmxdizc V: 23 H: 86 F:30
				87F0AD D0 EF       BNE $00EF     [87F09E] A:20FD X:043C Y:0001 S:012A D:1628 DB:86 nvmxdizc V: 23 H: 89 F:30
				87F09E 3A          DEC                    A:20FD X:043C Y:0001 S:012A D:1628 DB:86 nvmxdizc V: 23 H: 94 F:30
				87F09F 9F 00 E0 7F STA $7FE000,X [7FE43C] A:20FC X:043C Y:0001 S:012A D:1628 DB:86 nvmxdizc V: 23 H: 97 F:30
				87F0A3 E8          INX                    A:20FC X:043C Y:0001 S:012A D:1628 DB:86 nvmxdizc V: 23 H:107 F:30
				87F0A4 E8          INX                    A:20FC X:043D Y:0001 S:012A D:1628 DB:86 nvmxdizc V: 23 H:110 F:30
				87F0A5 1A          INC                    A:20FC X:043E Y:0001 S:012A D:1628 DB:86 nvmxdizc V: 23 H:113 F:30
				87F0A6 9F 00 E0 7F STA $7FE000,X [7FE43E] A:20FD X:043E Y:0001 S:012A D:1628 DB:86 nvmxdizc V: 23 H:116 F:30
				87F0AA E8          INX                    A:20FD X:043E Y:0001 S:012A D:1628 DB:86 nvmxdizc V: 23 H:126 F:30
				87F0AB E8          INX                    A:20FD X:043F Y:0001 S:012A D:1628 DB:86 nvmxdizc V: 23 H:129 F:30
				87F0AC 88          DEY                    A:20FD X:0440 Y:0001 S:012A D:1628 DB:86 nvmxdizc V: 23 H:132 F:30
				87F0AD D0 EF       BNE $00EF     [87F09E] A:20FD X:0440 Y:0000 S:012A D:1628 DB:86 nvmxdiZc V: 23 H:145 F:30
				87F0AF A0 10 00    LDY #$0010             A:20FD X:0440 Y:0000 S:012A D:1628 DB:86 nvmxdiZc V: 23 H:148 F:30
				87F0B2 A9 FF 20    LDA #$20FF             A:20FD X:0440 Y:0010 S:012A D:1628 DB:86 nvmxdizc V: 23 H:152 F:30
				87F0B5 05 1C       ORA $1C       [001644] A:20FF X:0440 Y:0010 S:012A D:1628 DB:86 nvmxdizc V: 23 H:157 F:30
				87F0B7 3A          DEC                    A:20FF X:0440 Y:0010 S:012A D:1628 DB:86 nvmxdizc V: 23 H:165 F:30
				87F0B8 9F 00 E0 7F STA $7FE000,X [7FE440] A:20FE X:0440 Y:0010 S:012A D:1628 DB:86 nvmxdizc V: 23 H:168 F:30
				87F0BC E8          INX                    A:20FE X:0440 Y:0010 S:012A D:1628 DB:86 nvmxdizc V: 23 H:178 F:30
				87F0BD E8          INX                    A:20FE X:0441 Y:0010 S:012A D:1628 DB:86 nvmxdizc V: 23 H:181 F:30
				87F0BE 1A          INC                    A:20FE X:0442 Y:0010 S:012A D:1628 DB:86 nvmxdizc V: 23 H:184 F:30
				87F0BF 9F 00 E0 7F STA $7FE000,X [7FE442] A:20FF X:0442 Y:0010 S:012A D:1628 DB:86 nvmxdizc V: 23 H:187 F:30
				87F0C3 E8          INX                    A:20FF X:0442 Y:0010 S:012A D:1628 DB:86 nvmxdizc V: 23 H:197 F:30
				87F0C4 E8          INX                    A:20FF X:0443 Y:0010 S:012A D:1628 DB:86 nvmxdizc V: 23 H:200 F:30
				87F0C5 88          DEY                    A:20FF X:0444 Y:0010 S:012A D:1628 DB:86 nvmxdizc V: 23 H:203 F:30
				87F0C6 D0 EF       BNE $00EF     [87F0B7] A:20FF X:0444 Y:000F S:012A D:1628 DB:86 nvmxdizc V: 23 H:206 F:30
				87F0B7 3A          DEC                    A:20FF X:0444 Y:000F S:012A D:1628 DB:86 nvmxdizc V: 23 H:211 F:30
				87F0B8 9F 00 E0 7F STA $7FE000,X [7FE444] A:20FE X:0444 Y:000F S:012A D:1628 DB:86 nvmxdizc V: 23 H:214 F:30
				87F0BC E8          INX                    A:20FE X:0444 Y:000F S:012A D:1628 DB:86 nvmxdizc V: 23 H:224 F:30
				87F0BD E8          INX                    A:20FE X:0445 Y:000F S:012A D:1628 DB:86 nvmxdizc V: 23 H:227 F:30
				87F0BE 1A          INC                    A:20FE X:0446 Y:000F S:012A D:1628 DB:86 nvmxdizc V: 23 H:230 F:30
				87F0BF 9F 00 E0 7F STA $7FE000,X [7FE446] A:20FF X:0446 Y:000F S:012A D:1628 DB:86 nvmxdizc V: 23 H:233 F:30
				87F0C3 E8          INX                    A:20FF X:0446 Y:000F S:012A D:1628 DB:86 nvmxdizc V: 23 H:243 F:30
				87F0C4 E8          INX                    A:20FF X:0447 Y:000F S:012A D:1628 DB:86 nvmxdizc V: 23 H:246 F:30
				87F0C5 88          DEY                    A:20FF X:0448 Y:000F S:012A D:1628 DB:86 nvmxdizc V: 23 H:249 F:30
				87F0C6 D0 EF       BNE $00EF     [87F0B7] A:20FF X:0448 Y:000E S:012A D:1628 DB:86 nvmxdizc V: 23 H:252 F:30
				87F0B7 3A          DEC                    A:20FF X:0448 Y:000E S:012A D:1628 DB:86 nvmxdizc V: 23 H:256 F:30
				87F0B8 9F 00 E0 7F STA $7FE000,X [7FE448] A:20FE X:0448 Y:000E S:012A D:1628 DB:86 nvmxdizc V: 23 H:259 F:30
				87F0BC E8          INX                    A:20FE X:0448 Y:000E S:012A D:1628 DB:86 nvmxdizc V: 23 H:269 F:30
				87F0BD E8          INX                    A:20FE X:0449 Y:000E S:012A D:1628 DB:86 nvmxdizc V: 23 H:272 F:30
				87F0BE 1A          INC                    A:20FE X:044A Y:000E S:012A D:1628 DB:86 nvmxdizc V: 23 H:275 F:30
				87F0BF 9F 00 E0 7F STA $7FE000,X [7FE44A] A:20FF X:044A Y:000E S:012A D:1628 DB:86 nvmxdizc V: 23 H:278 F:30
				87F0C3 E8          INX                    A:20FF X:044A Y:000E S:012A D:1628 DB:86 nvmxdizc V: 23 H:288 F:30
				87F0C4 E8          INX                    A:20FF X:044B Y:000E S:012A D:1628 DB:86 nvmxdizc V: 23 H:291 F:30
				87F0C5 88          DEY                    A:20FF X:044C Y:000E S:012A D:1628 DB:86 nvmxdizc V: 23 H:294 F:30
				87F0C6 D0 EF       BNE $00EF     [87F0B7] A:20FF X:044C Y:000D S:012A D:1628 DB:86 nvmxdizc V: 23 H:297 F:30
				87F0B7 3A          DEC                    A:20FF X:044C Y:000D S:012A D:1628 DB:86 nvmxdizc V: 23 H:302 F:30
				87F0B8 9F 00 E0 7F STA $7FE000,X [7FE44C] A:20FE X:044C Y:000D S:012A D:1628 DB:86 nvmxdizc V: 23 H:305 F:30
				87F0BC E8          INX                    A:20FE X:044C Y:000D S:012A D:1628 DB:86 nvmxdizc V: 23 H:315 F:30
				87F0BD E8          INX                    A:20FE X:044D Y:000D S:012A D:1628 DB:86 nvmxdizc V: 23 H:318 F:30
				87F0BE 1A          INC                    A:20FE X:044E Y:000D S:012A D:1628 DB:86 nvmxdizc V: 23 H:321 F:30
				87F0BF 9F 00 E0 7F STA $7FE000,X [7FE44E] A:20FF X:044E Y:000D S:012A D:1628 DB:86 nvmxdizc V: 23 H:323 F:30
				87F0C3 E8          INX                    A:20FF X:044E Y:000D S:012A D:1628 DB:86 nvmxdizc V: 23 H:333 F:30
				87F0C4 E8          INX                    A:20FF X:044F Y:000D S:012A D:1628 DB:86 nvmxdizc V: 23 H:336 F:30
				87F0C5 88          DEY                    A:20FF X:0450 Y:000D S:012A D:1628 DB:86 nvmxdizc V: 23 H:339 F:30
				87F0C6 D0 EF       BNE $00EF     [87F0B7] A:20FF X:0450 Y:000C S:012A D:1628 DB:86 nvmxdizc V: 24 H:  2 F:30
				87F0B7 3A          DEC                    A:20FF X:0450 Y:000C S:012A D:1628 DB:86 nvmxdizc V: 24 H:  6 F:30
				87F0B8 9F 00 E0 7F STA $7FE000,X [7FE450] A:20FE X:0450 Y:000C S:012A D:1628 DB:86 nvmxdizc V: 24 H:  9 F:30
				87F0BC E8          INX                    A:20FE X:0450 Y:000C S:012A D:1628 DB:86 nvmxdizc V: 24 H: 19 F:30
				87F0BD E8          INX                    A:20FE X:0451 Y:000C S:012A D:1628 DB:86 nvmxdizc V: 24 H: 22 F:30
				87F0BE 1A          INC                    A:20FE X:0452 Y:000C S:012A D:1628 DB:86 nvmxdizc V: 24 H: 25 F:30
				87F0BF 9F 00 E0 7F STA $7FE000,X [7FE452] A:20FF X:0452 Y:000C S:012A D:1628 DB:86 nvmxdizc V: 24 H: 28 F:30
				87F0C3 E8          INX                    A:20FF X:0452 Y:000C S:012A D:1628 DB:86 nvmxdizc V: 24 H: 38 F:30
				87F0C4 E8          INX                    A:20FF X:0453 Y:000C S:012A D:1628 DB:86 nvmxdizc V: 24 H: 41 F:30
				87F0C5 88          DEY                    A:20FF X:0454 Y:000C S:012A D:1628 DB:86 nvmxdizc V: 24 H: 44 F:30
				87F0C6 D0 EF       BNE $00EF     [87F0B7] A:20FF X:0454 Y:000B S:012A D:1628 DB:86 nvmxdizc V: 24 H: 47 F:30
				87F0B7 3A          DEC                    A:20FF X:0454 Y:000B S:012A D:1628 DB:86 nvmxdizc V: 24 H: 52 F:30
				87F0B8 9F 00 E0 7F STA $7FE000,X [7FE454] A:20FE X:0454 Y:000B S:012A D:1628 DB:86 nvmxdizc V: 24 H: 55 F:30
				87F0BC E8          INX                    A:20FE X:0454 Y:000B S:012A D:1628 DB:86 nvmxdizc V: 24 H: 65 F:30
				87F0BD E8          INX                    A:20FE X:0455 Y:000B S:012A D:1628 DB:86 nvmxdizc V: 24 H: 68 F:30
				87F0BE 1A          INC                    A:20FE X:0456 Y:000B S:012A D:1628 DB:86 nvmxdizc V: 24 H: 71 F:30
				87F0BF 9F 00 E0 7F STA $7FE000,X [7FE456] A:20FF X:0456 Y:000B S:012A D:1628 DB:86 nvmxdizc V: 24 H: 74 F:30
				87F0C3 E8          INX                    A:20FF X:0456 Y:000B S:012A D:1628 DB:86 nvmxdizc V: 24 H: 84 F:30
				87F0C4 E8          INX                    A:20FF X:0457 Y:000B S:012A D:1628 DB:86 nvmxdizc V: 24 H: 87 F:30
				87F0C5 88          DEY                    A:20FF X:0458 Y:000B S:012A D:1628 DB:86 nvmxdizc V: 24 H: 90 F:30
				87F0C6 D0 EF       BNE $00EF     [87F0B7] A:20FF X:0458 Y:000A S:012A D:1628 DB:86 nvmxdizc V: 24 H: 93 F:30
				87F0B7 3A          DEC                    A:20FF X:0458 Y:000A S:012A D:1628 DB:86 nvmxdizc V: 24 H: 97 F:30
				87F0B8 9F 00 E0 7F STA $7FE000,X [7FE458] A:20FE X:0458 Y:000A S:012A D:1628 DB:86 nvmxdizc V: 24 H:100 F:30
				87F0BC E8          INX                    A:20FE X:0458 Y:000A S:012A D:1628 DB:86 nvmxdizc V: 24 H:110 F:30
				87F0BD E8          INX                    A:20FE X:0459 Y:000A S:012A D:1628 DB:86 nvmxdizc V: 24 H:113 F:30
				87F0BE 1A          INC                    A:20FE X:045A Y:000A S:012A D:1628 DB:86 nvmxdizc V: 24 H:116 F:30
				87F0BF 9F 00 E0 7F STA $7FE000,X [7FE45A] A:20FF X:045A Y:000A S:012A D:1628 DB:86 nvmxdizc V: 24 H:119 F:30
				87F0C3 E8          INX                    A:20FF X:045A Y:000A S:012A D:1628 DB:86 nvmxdizc V: 24 H:129 F:30
				87F0C4 E8          INX                    A:20FF X:045B Y:000A S:012A D:1628 DB:86 nvmxdizc V: 24 H:132 F:30
				87F0C5 88          DEY                    A:20FF X:045C Y:000A S:012A D:1628 DB:86 nvmxdizc V: 24 H:145 F:30
				87F0C6 D0 EF       BNE $00EF     [87F0B7] A:20FF X:045C Y:0009 S:012A D:1628 DB:86 nvmxdizc V: 24 H:148 F:30
				87F0B7 3A          DEC                    A:20FF X:045C Y:0009 S:012A D:1628 DB:86 nvmxdizc V: 24 H:153 F:30
				87F0B8 9F 00 E0 7F STA $7FE000,X [7FE45C] A:20FE X:045C Y:0009 S:012A D:1628 DB:86 nvmxdizc V: 24 H:156 F:30
				87F0BC E8          INX                    A:20FE X:045C Y:0009 S:012A D:1628 DB:86 nvmxdizc V: 24 H:166 F:30
				87F0BD E8          INX                    A:20FE X:045D Y:0009 S:012A D:1628 DB:86 nvmxdizc V: 24 H:169 F:30
				87F0BE 1A          INC                    A:20FE X:045E Y:0009 S:012A D:1628 DB:86 nvmxdizc V: 24 H:172 F:30
				87F0BF 9F 00 E0 7F STA $7FE000,X [7FE45E] A:20FF X:045E Y:0009 S:012A D:1628 DB:86 nvmxdizc V: 24 H:175 F:30
				87F0C3 E8          INX                    A:20FF X:045E Y:0009 S:012A D:1628 DB:86 nvmxdizc V: 24 H:185 F:30
				87F0C4 E8          INX                    A:20FF X:045F Y:0009 S:012A D:1628 DB:86 nvmxdizc V: 24 H:188 F:30
				87F0C5 88          DEY                    A:20FF X:0460 Y:0009 S:012A D:1628 DB:86 nvmxdizc V: 24 H:191 F:30
				87F0C6 D0 EF       BNE $00EF     [87F0B7] A:20FF X:0460 Y:0008 S:012A D:1628 DB:86 nvmxdizc V: 24 H:194 F:30
				87F0B7 3A          DEC                    A:20FF X:0460 Y:0008 S:012A D:1628 DB:86 nvmxdizc V: 24 H:198 F:30
				87F0B8 9F 00 E0 7F STA $7FE000,X [7FE460] A:20FE X:0460 Y:0008 S:012A D:1628 DB:86 nvmxdizc V: 24 H:201 F:30
				87F0BC E8          INX                    A:20FE X:0460 Y:0008 S:012A D:1628 DB:86 nvmxdizc V: 24 H:211 F:30
				87F0BD E8          INX                    A:20FE X:0461 Y:0008 S:012A D:1628 DB:86 nvmxdizc V: 24 H:214 F:30
				87F0BE 1A          INC                    A:20FE X:0462 Y:0008 S:012A D:1628 DB:86 nvmxdizc V: 24 H:217 F:30
				87F0BF 9F 00 E0 7F STA $7FE000,X [7FE462] A:20FF X:0462 Y:0008 S:012A D:1628 DB:86 nvmxdizc V: 24 H:220 F:30
				87F0C3 E8          INX                    A:20FF X:0462 Y:0008 S:012A D:1628 DB:86 nvmxdizc V: 24 H:230 F:30
				87F0C4 E8          INX                    A:20FF X:0463 Y:0008 S:012A D:1628 DB:86 nvmxdizc V: 24 H:233 F:30
				87F0C5 88          DEY                    A:20FF X:0464 Y:0008 S:012A D:1628 DB:86 nvmxdizc V: 24 H:236 F:30
				87F0C6 D0 EF       BNE $00EF     [87F0B7] A:20FF X:0464 Y:0007 S:012A D:1628 DB:86 nvmxdizc V: 24 H:239 F:30
				87F0B7 3A          DEC                    A:20FF X:0464 Y:0007 S:012A D:1628 DB:86 nvmxdizc V: 24 H:244 F:30
				87F0B8 9F 00 E0 7F STA $7FE000,X [7FE464] A:20FE X:0464 Y:0007 S:012A D:1628 DB:86 nvmxdizc V: 24 H:247 F:30
				87F0BC E8          INX                    A:20FE X:0464 Y:0007 S:012A D:1628 DB:86 nvmxdizc V: 24 H:257 F:30
				87F0BD E8          INX                    A:20FE X:0465 Y:0007 S:012A D:1628 DB:86 nvmxdizc V: 24 H:260 F:30
				87F0BE 1A          INC                    A:20FE X:0466 Y:0007 S:012A D:1628 DB:86 nvmxdizc V: 24 H:263 F:30
				87F0BF 9F 00 E0 7F STA $7FE000,X [7FE466] A:20FF X:0466 Y:0007 S:012A D:1628 DB:86 nvmxdizc V: 24 H:266 F:30
				87F0C3 E8          INX                    A:20FF X:0466 Y:0007 S:012A D:1628 DB:86 nvmxdizc V: 24 H:276 F:30
				87F0C4 E8          INX                    A:20FF X:0467 Y:0007 S:012A D:1628 DB:86 nvmxdizc V: 24 H:279 F:30
				87F0C5 88          DEY                    A:20FF X:0468 Y:0007 S:012A D:1628 DB:86 nvmxdizc V: 24 H:282 F:30
				87F0C6 D0 EF       BNE $00EF     [87F0B7] A:20FF X:0468 Y:0006 S:012A D:1628 DB:86 nvmxdizc V: 24 H:285 F:30
				87F0B7 3A          DEC                    A:20FF X:0468 Y:0006 S:012A D:1628 DB:86 nvmxdizc V: 24 H:289 F:30
				87F0B8 9F 00 E0 7F STA $7FE000,X [7FE468] A:20FE X:0468 Y:0006 S:012A D:1628 DB:86 nvmxdizc V: 24 H:292 F:30
				87F0BC E8          INX                    A:20FE X:0468 Y:0006 S:012A D:1628 DB:86 nvmxdizc V: 24 H:302 F:30
				87F0BD E8          INX                    A:20FE X:0469 Y:0006 S:012A D:1628 DB:86 nvmxdizc V: 24 H:305 F:30
				87F0BE 1A          INC                    A:20FE X:046A Y:0006 S:012A D:1628 DB:86 nvmxdizc V: 24 H:308 F:30
				87F0BF 9F 00 E0 7F STA $7FE000,X [7FE46A] A:20FF X:046A Y:0006 S:012A D:1628 DB:86 nvmxdizc V: 24 H:311 F:30
				87F0C3 E8          INX                    A:20FF X:046A Y:0006 S:012A D:1628 DB:86 nvmxdizc V: 24 H:321 F:30
				87F0C4 E8          INX                    A:20FF X:046B Y:0006 S:012A D:1628 DB:86 nvmxdizc V: 24 H:324 F:30
				87F0C5 88          DEY                    A:20FF X:046C Y:0006 S:012A D:1628 DB:86 nvmxdizc V: 24 H:327 F:30
				87F0C6 D0 EF       BNE $00EF     [87F0B7] A:20FF X:046C Y:0005 S:012A D:1628 DB:86 nvmxdizc V: 24 H:329 F:30
				87F0B7 3A          DEC                    A:20FF X:046C Y:0005 S:012A D:1628 DB:86 nvmxdizc V: 24 H:334 F:30
				87F0B8 9F 00 E0 7F STA $7FE000,X [7FE46C] A:20FE X:046C Y:0005 S:012A D:1628 DB:86 nvmxdizc V: 24 H:337 F:30
				87F0BC E8          INX                    A:20FE X:046C Y:0005 S:012A D:1628 DB:86 nvmxdizc V: 25 H:  7 F:30
				87F0BD E8          INX                    A:20FE X:046D Y:0005 S:012A D:1628 DB:86 nvmxdizc V: 25 H: 10 F:30
				87F0BE 1A          INC                    A:20FE X:046E Y:0005 S:012A D:1628 DB:86 nvmxdizc V: 25 H: 13 F:30
				87F0BF 9F 00 E0 7F STA $7FE000,X [7FE46E] A:20FF X:046E Y:0005 S:012A D:1628 DB:86 nvmxdizc V: 25 H: 16 F:30
				87F0C3 E8          INX                    A:20FF X:046E Y:0005 S:012A D:1628 DB:86 nvmxdizc V: 25 H: 26 F:30
				87F0C4 E8          INX                    A:20FF X:046F Y:0005 S:012A D:1628 DB:86 nvmxdizc V: 25 H: 29 F:30
				87F0C5 88          DEY                    A:20FF X:0470 Y:0005 S:012A D:1628 DB:86 nvmxdizc V: 25 H: 32 F:30
				87F0C6 D0 EF       BNE $00EF     [87F0B7] A:20FF X:0470 Y:0004 S:012A D:1628 DB:86 nvmxdizc V: 25 H: 35 F:30
				87F0B7 3A          DEC                    A:20FF X:0470 Y:0004 S:012A D:1628 DB:86 nvmxdizc V: 25 H: 39 F:30
				87F0B8 9F 00 E0 7F STA $7FE000,X [7FE470] A:20FE X:0470 Y:0004 S:012A D:1628 DB:86 nvmxdizc V: 25 H: 42 F:30
				87F0BC E8          INX                    A:20FE X:0470 Y:0004 S:012A D:1628 DB:86 nvmxdizc V: 25 H: 52 F:30
				87F0BD E8          INX                    A:20FE X:0471 Y:0004 S:012A D:1628 DB:86 nvmxdizc V: 25 H: 55 F:30
				87F0BE 1A          INC                    A:20FE X:0472 Y:0004 S:012A D:1628 DB:86 nvmxdizc V: 25 H: 58 F:30
				87F0BF 9F 00 E0 7F STA $7FE000,X [7FE472] A:20FF X:0472 Y:0004 S:012A D:1628 DB:86 nvmxdizc V: 25 H: 61 F:30
				87F0C3 E8          INX                    A:20FF X:0472 Y:0004 S:012A D:1628 DB:86 nvmxdizc V: 25 H: 71 F:30
				87F0C4 E8          INX                    A:20FF X:0473 Y:0004 S:012A D:1628 DB:86 nvmxdizc V: 25 H: 74 F:30
				87F0C5 88          DEY                    A:20FF X:0474 Y:0004 S:012A D:1628 DB:86 nvmxdizc V: 25 H: 77 F:30
				87F0C6 D0 EF       BNE $00EF     [87F0B7] A:20FF X:0474 Y:0003 S:012A D:1628 DB:86 nvmxdizc V: 25 H: 80 F:30
				87F0B7 3A          DEC                    A:20FF X:0474 Y:0003 S:012A D:1628 DB:86 nvmxdizc V: 25 H: 85 F:30
				87F0B8 9F 00 E0 7F STA $7FE000,X [7FE474] A:20FE X:0474 Y:0003 S:012A D:1628 DB:86 nvmxdizc V: 25 H: 88 F:30
				87F0BC E8          INX                    A:20FE X:0474 Y:0003 S:012A D:1628 DB:86 nvmxdizc V: 25 H: 98 F:30
				87F0BD E8          INX                    A:20FE X:0475 Y:0003 S:012A D:1628 DB:86 nvmxdizc V: 25 H:101 F:30
				87F0BE 1A          INC                    A:20FE X:0476 Y:0003 S:012A D:1628 DB:86 nvmxdizc V: 25 H:104 F:30
				87F0BF 9F 00 E0 7F STA $7FE000,X [7FE476] A:20FF X:0476 Y:0003 S:012A D:1628 DB:86 nvmxdizc V: 25 H:107 F:30
				87F0C3 E8          INX                    A:20FF X:0476 Y:0003 S:012A D:1628 DB:86 nvmxdizc V: 25 H:117 F:30
				87F0C4 E8          INX                    A:20FF X:0477 Y:0003 S:012A D:1628 DB:86 nvmxdizc V: 25 H:120 F:30
				87F0C5 88          DEY                    A:20FF X:0478 Y:0003 S:012A D:1628 DB:86 nvmxdizc V: 25 H:123 F:30
				87F0C6 D0 EF       BNE $00EF     [87F0B7] A:20FF X:0478 Y:0002 S:012A D:1628 DB:86 nvmxdizc V: 25 H:126 F:30
				87F0B7 3A          DEC                    A:20FF X:0478 Y:0002 S:012A D:1628 DB:86 nvmxdizc V: 25 H:130 F:30
				87F0B8 9F 00 E0 7F STA $7FE000,X [7FE478] A:20FE X:0478 Y:0002 S:012A D:1628 DB:86 nvmxdizc V: 25 H:133 F:30
				87F0BC E8          INX                    A:20FE X:0478 Y:0002 S:012A D:1628 DB:86 nvmxdizc V: 25 H:153 F:30
				87F0BD E8          INX                    A:20FE X:0479 Y:0002 S:012A D:1628 DB:86 nvmxdizc V: 25 H:156 F:30
				87F0BE 1A          INC                    A:20FE X:047A Y:0002 S:012A D:1628 DB:86 nvmxdizc V: 25 H:159 F:30
				87F0BF 9F 00 E0 7F STA $7FE000,X [7FE47A] A:20FF X:047A Y:0002 S:012A D:1628 DB:86 nvmxdizc V: 25 H:162 F:30
				87F0C3 E8          INX                    A:20FF X:047A Y:0002 S:012A D:1628 DB:86 nvmxdizc V: 25 H:172 F:30
				87F0C4 E8          INX                    A:20FF X:047B Y:0002 S:012A D:1628 DB:86 nvmxdizc V: 25 H:175 F:30
				87F0C5 88          DEY                    A:20FF X:047C Y:0002 S:012A D:1628 DB:86 nvmxdizc V: 25 H:178 F:30
				87F0C6 D0 EF       BNE $00EF     [87F0B7] A:20FF X:047C Y:0001 S:012A D:1628 DB:86 nvmxdizc V: 25 H:181 F:30
				87F0B7 3A          DEC                    A:20FF X:047C Y:0001 S:012A D:1628 DB:86 nvmxdizc V: 25 H:186 F:30
				87F0B8 9F 00 E0 7F STA $7FE000,X [7FE47C] A:20FE X:047C Y:0001 S:012A D:1628 DB:86 nvmxdizc V: 25 H:189 F:30
				87F0BC E8          INX                    A:20FE X:047C Y:0001 S:012A D:1628 DB:86 nvmxdizc V: 25 H:199 F:30
				87F0BD E8          INX                    A:20FE X:047D Y:0001 S:012A D:1628 DB:86 nvmxdizc V: 25 H:202 F:30
				87F0BE 1A          INC                    A:20FE X:047E Y:0001 S:012A D:1628 DB:86 nvmxdizc V: 25 H:205 F:30
				87F0BF 9F 00 E0 7F STA $7FE000,X [7FE47E] A:20FF X:047E Y:0001 S:012A D:1628 DB:86 nvmxdizc V: 25 H:208 F:30
				87F0C3 E8          INX                    A:20FF X:047E Y:0001 S:012A D:1628 DB:86 nvmxdizc V: 25 H:218 F:30
				87F0C4 E8          INX                    A:20FF X:047F Y:0001 S:012A D:1628 DB:86 nvmxdizc V: 25 H:221 F:30
				87F0C5 88          DEY                    A:20FF X:0480 Y:0001 S:012A D:1628 DB:86 nvmxdizc V: 25 H:224 F:30
				87F0C6 D0 EF       BNE $00EF     [87F0B7] A:20FF X:0480 Y:0000 S:012A D:1628 DB:86 nvmxdiZc V: 25 H:227 F:30
				87F0C8 E0 00 08    CPX #$0800             A:20FF X:0480 Y:0000 S:012A D:1628 DB:86 nvmxdiZc V: 25 H:230 F:30
				87F0CB 90 C9       BCC $00C9     [87F096] A:20FF X:0480 Y:0000 S:012A D:1628 DB:86 Nvmxdizc V: 25 H:234 F:30
				87F096 A0 10 00    LDY #$0010             A:20FF X:0480 Y:0000 S:012A D:1628 DB:86 Nvmxdizc V: 25 H:239 F:30
				87F099 A9 FD 20    LDA #$20FD             A:20FF X:0480 Y:0010 S:012A D:1628 DB:86 nvmxdizc V: 25 H:243 F:30
				87F09C 05 1C       ORA $1C       [001644] A:20FD X:0480 Y:0010 S:012A D:1628 DB:86 nvmxdizc V: 25 H:248 F:30
				87F09E 3A          DEC                    A:20FD X:0480 Y:0010 S:012A D:1628 DB:86 nvmxdizc V: 25 H:256 F:30
				87F09F 9F 00 E0 7F STA $7FE000,X [7FE480] A:20FC X:0480 Y:0010 S:012A D:1628 DB:86 nvmxdizc V: 25 H:259 F:30
				87F0A3 E8          INX                    A:20FC X:0480 Y:0010 S:012A D:1628 DB:86 nvmxdizc V: 25 H:269 F:30
				87F0A4 E8          INX                    A:20FC X:0481 Y:0010 S:012A D:1628 DB:86 nvmxdizc V: 25 H:272 F:30
				87F0A5 1A          INC                    A:20FC X:0482 Y:0010 S:012A D:1628 DB:86 nvmxdizc V: 25 H:275 F:30
				87F0A6 9F 00 E0 7F STA $7FE000,X [7FE482] A:20FD X:0482 Y:0010 S:012A D:1628 DB:86 nvmxdizc V: 25 H:278 F:30
				87F0AA E8          INX                    A:20FD X:0482 Y:0010 S:012A D:1628 DB:86 nvmxdizc V: 25 H:288 F:30
				87F0AB E8          INX                    A:20FD X:0483 Y:0010 S:012A D:1628 DB:86 nvmxdizc V: 25 H:291 F:30
				87F0AC 88          DEY                    A:20FD X:0484 Y:0010 S:012A D:1628 DB:86 nvmxdizc V: 25 H:294 F:30
				87F0AD D0 EF       BNE $00EF     [87F09E] A:20FD X:0484 Y:000F S:012A D:1628 DB:86 nvmxdizc V: 25 H:297 F:30
				87F09E 3A          DEC                    A:20FD X:0484 Y:000F S:012A D:1628 DB:86 nvmxdizc V: 25 H:302 F:30
				87F09F 9F 00 E0 7F STA $7FE000,X [7FE484] A:20FC X:0484 Y:000F S:012A D:1628 DB:86 nvmxdizc V: 25 H:305 F:30
				87F0A3 E8          INX                    A:20FC X:0484 Y:000F S:012A D:1628 DB:86 nvmxdizc V: 25 H:315 F:30
				87F0A4 E8          INX                    A:20FC X:0485 Y:000F S:012A D:1628 DB:86 nvmxdizc V: 25 H:318 F:30
				87F0A5 1A          INC                    A:20FC X:0486 Y:000F S:012A D:1628 DB:86 nvmxdizc V: 25 H:321 F:30
				87F0A6 9F 00 E0 7F STA $7FE000,X [7FE486] A:20FD X:0486 Y:000F S:012A D:1628 DB:86 nvmxdizc V: 25 H:323 F:30
				87F0AA E8          INX                    A:20FD X:0486 Y:000F S:012A D:1628 DB:86 nvmxdizc V: 25 H:333 F:30
				87F0AB E8          INX                    A:20FD X:0487 Y:000F S:012A D:1628 DB:86 nvmxdizc V: 25 H:336 F:30
				87F0AC 88          DEY                    A:20FD X:0488 Y:000F S:012A D:1628 DB:86 nvmxdizc V: 25 H:339 F:30
				87F0AD D0 EF       BNE $00EF     [87F09E] A:20FD X:0488 Y:000E S:012A D:1628 DB:86 nvmxdizc V: 26 H:  2 F:30
				87F09E 3A          DEC                    A:20FD X:0488 Y:000E S:012A D:1628 DB:86 nvmxdizc V: 26 H:  6 F:30
				87F09F 9F 00 E0 7F STA $7FE000,X [7FE488] A:20FC X:0488 Y:000E S:012A D:1628 DB:86 nvmxdizc V: 26 H:  9 F:30
				87F0A3 E8          INX                    A:20FC X:0488 Y:000E S:012A D:1628 DB:86 nvmxdizc V: 26 H: 19 F:30
				87F0A4 E8          INX                    A:20FC X:0489 Y:000E S:012A D:1628 DB:86 nvmxdizc V: 26 H: 22 F:30
				87F0A5 1A          INC                    A:20FC X:048A Y:000E S:012A D:1628 DB:86 nvmxdizc V: 26 H: 25 F:30
				87F0A6 9F 00 E0 7F STA $7FE000,X [7FE48A] A:20FD X:048A Y:000E S:012A D:1628 DB:86 nvmxdizc V: 26 H: 28 F:30
				87F0AA E8          INX                    A:20FD X:048A Y:000E S:012A D:1628 DB:86 nvmxdizc V: 26 H: 38 F:30
				87F0AB E8          INX                    A:20FD X:048B Y:000E S:012A D:1628 DB:86 nvmxdizc V: 26 H: 41 F:30
				87F0AC 88          DEY                    A:20FD X:048C Y:000E S:012A D:1628 DB:86 nvmxdizc V: 26 H: 44 F:30
				87F0AD D0 EF       BNE $00EF     [87F09E] A:20FD X:048C Y:000D S:012A D:1628 DB:86 nvmxdizc V: 26 H: 47 F:30
				87F09E 3A          DEC                    A:20FD X:048C Y:000D S:012A D:1628 DB:86 nvmxdizc V: 26 H: 52 F:30
				87F09F 9F 00 E0 7F STA $7FE000,X [7FE48C] A:20FC X:048C Y:000D S:012A D:1628 DB:86 nvmxdizc V: 26 H: 55 F:30
				87F0A3 E8          INX                    A:20FC X:048C Y:000D S:012A D:1628 DB:86 nvmxdizc V: 26 H: 65 F:30
				87F0A4 E8          INX                    A:20FC X:048D Y:000D S:012A D:1628 DB:86 nvmxdizc V: 26 H: 68 F:30
				87F0A5 1A          INC                    A:20FC X:048E Y:000D S:012A D:1628 DB:86 nvmxdizc V: 26 H: 71 F:30
				87F0A6 9F 00 E0 7F STA $7FE000,X [7FE48E] A:20FD X:048E Y:000D S:012A D:1628 DB:86 nvmxdizc V: 26 H: 74 F:30
				87F0AA E8          INX                    A:20FD X:048E Y:000D S:012A D:1628 DB:86 nvmxdizc V: 26 H: 84 F:30
				87F0AB E8          INX                    A:20FD X:048F Y:000D S:012A D:1628 DB:86 nvmxdizc V: 26 H: 87 F:30
				87F0AC 88          DEY                    A:20FD X:0490 Y:000D S:012A D:1628 DB:86 nvmxdizc V: 26 H: 90 F:30
				87F0AD D0 EF       BNE $00EF     [87F09E] A:20FD X:0490 Y:000C S:012A D:1628 DB:86 nvmxdizc V: 26 H: 93 F:30
				87F09E 3A          DEC                    A:20FD X:0490 Y:000C S:012A D:1628 DB:86 nvmxdizc V: 26 H: 97 F:30
				87F09F 9F 00 E0 7F STA $7FE000,X [7FE490] A:20FC X:0490 Y:000C S:012A D:1628 DB:86 nvmxdizc V: 26 H:100 F:30
				87F0A3 E8          INX                    A:20FC X:0490 Y:000C S:012A D:1628 DB:86 nvmxdizc V: 26 H:110 F:30
				87F0A4 E8          INX                    A:20FC X:0491 Y:000C S:012A D:1628 DB:86 nvmxdizc V: 26 H:113 F:30
				87F0A5 1A          INC                    A:20FC X:0492 Y:000C S:012A D:1628 DB:86 nvmxdizc V: 26 H:116 F:30
				87F0A6 9F 00 E0 7F STA $7FE000,X [7FE492] A:20FD X:0492 Y:000C S:012A D:1628 DB:86 nvmxdizc V: 26 H:119 F:30
				87F0AA E8          INX                    A:20FD X:0492 Y:000C S:012A D:1628 DB:86 nvmxdizc V: 26 H:129 F:30
				87F0AB E8          INX                    A:20FD X:0493 Y:000C S:012A D:1628 DB:86 nvmxdizc V: 26 H:132 F:30
				87F0AC 88          DEY                    A:20FD X:0494 Y:000C S:012A D:1628 DB:86 nvmxdizc V: 26 H:145 F:30
				87F0AD D0 EF       BNE $00EF     [87F09E] A:20FD X:0494 Y:000B S:012A D:1628 DB:86 nvmxdizc V: 26 H:148 F:30
				87F09E 3A          DEC                    A:20FD X:0494 Y:000B S:012A D:1628 DB:86 nvmxdizc V: 26 H:153 F:30
				87F09F 9F 00 E0 7F STA $7FE000,X [7FE494] A:20FC X:0494 Y:000B S:012A D:1628 DB:86 nvmxdizc V: 26 H:156 F:30
				87F0A3 E8          INX                    A:20FC X:0494 Y:000B S:012A D:1628 DB:86 nvmxdizc V: 26 H:166 F:30
				87F0A4 E8          INX                    A:20FC X:0495 Y:000B S:012A D:1628 DB:86 nvmxdizc V: 26 H:169 F:30
				87F0A5 1A          INC                    A:20FC X:0496 Y:000B S:012A D:1628 DB:86 nvmxdizc V: 26 H:172 F:30
				87F0A6 9F 00 E0 7F STA $7FE000,X [7FE496] A:20FD X:0496 Y:000B S:012A D:1628 DB:86 nvmxdizc V: 26 H:175 F:30
				87F0AA E8          INX                    A:20FD X:0496 Y:000B S:012A D:1628 DB:86 nvmxdizc V: 26 H:185 F:30
				87F0AB E8          INX                    A:20FD X:0497 Y:000B S:012A D:1628 DB:86 nvmxdizc V: 26 H:188 F:30
				87F0AC 88          DEY                    A:20FD X:0498 Y:000B S:012A D:1628 DB:86 nvmxdizc V: 26 H:191 F:30
				87F0AD D0 EF       BNE $00EF     [87F09E] A:20FD X:0498 Y:000A S:012A D:1628 DB:86 nvmxdizc V: 26 H:194 F:30
				87F09E 3A          DEC                    A:20FD X:0498 Y:000A S:012A D:1628 DB:86 nvmxdizc V: 26 H:198 F:30
				87F09F 9F 00 E0 7F STA $7FE000,X [7FE498] A:20FC X:0498 Y:000A S:012A D:1628 DB:86 nvmxdizc V: 26 H:201 F:30
				87F0A3 E8          INX                    A:20FC X:0498 Y:000A S:012A D:1628 DB:86 nvmxdizc V: 26 H:211 F:30
				87F0A4 E8          INX                    A:20FC X:0499 Y:000A S:012A D:1628 DB:86 nvmxdizc V: 26 H:214 F:30
				87F0A5 1A          INC                    A:20FC X:049A Y:000A S:012A D:1628 DB:86 nvmxdizc V: 26 H:217 F:30
				87F0A6 9F 00 E0 7F STA $7FE000,X [7FE49A] A:20FD X:049A Y:000A S:012A D:1628 DB:86 nvmxdizc V: 26 H:220 F:30
				87F0AA E8          INX                    A:20FD X:049A Y:000A S:012A D:1628 DB:86 nvmxdizc V: 26 H:230 F:30
				87F0AB E8          INX                    A:20FD X:049B Y:000A S:012A D:1628 DB:86 nvmxdizc V: 26 H:233 F:30
				87F0AC 88          DEY                    A:20FD X:049C Y:000A S:012A D:1628 DB:86 nvmxdizc V: 26 H:236 F:30
				87F0AD D0 EF       BNE $00EF     [87F09E] A:20FD X:049C Y:0009 S:012A D:1628 DB:86 nvmxdizc V: 26 H:239 F:30
				87F09E 3A          DEC                    A:20FD X:049C Y:0009 S:012A D:1628 DB:86 nvmxdizc V: 26 H:244 F:30
				87F09F 9F 00 E0 7F STA $7FE000,X [7FE49C] A:20FC X:049C Y:0009 S:012A D:1628 DB:86 nvmxdizc V: 26 H:247 F:30
				87F0A3 E8          INX                    A:20FC X:049C Y:0009 S:012A D:1628 DB:86 nvmxdizc V: 26 H:257 F:30
				87F0A4 E8          INX                    A:20FC X:049D Y:0009 S:012A D:1628 DB:86 nvmxdizc V: 26 H:260 F:30
				87F0A5 1A          INC                    A:20FC X:049E Y:0009 S:012A D:1628 DB:86 nvmxdizc V: 26 H:263 F:30
				87F0A6 9F 00 E0 7F STA $7FE000,X [7FE49E] A:20FD X:049E Y:0009 S:012A D:1628 DB:86 nvmxdizc V: 26 H:266 F:30
				87F0AA E8          INX                    A:20FD X:049E Y:0009 S:012A D:1628 DB:86 nvmxdizc V: 26 H:276 F:30
				87F0AB E8          INX                    A:20FD X:049F Y:0009 S:012A D:1628 DB:86 nvmxdizc V: 26 H:279 F:30
				87F0AC 88          DEY                    A:20FD X:04A0 Y:0009 S:012A D:1628 DB:86 nvmxdizc V: 26 H:282 F:30
				87F0AD D0 EF       BNE $00EF     [87F09E] A:20FD X:04A0 Y:0008 S:012A D:1628 DB:86 nvmxdizc V: 26 H:285 F:30
				87F09E 3A          DEC                    A:20FD X:04A0 Y:0008 S:012A D:1628 DB:86 nvmxdizc V: 26 H:289 F:30
				87F09F 9F 00 E0 7F STA $7FE000,X [7FE4A0] A:20FC X:04A0 Y:0008 S:012A D:1628 DB:86 nvmxdizc V: 26 H:292 F:30
				87F0A3 E8          INX                    A:20FC X:04A0 Y:0008 S:012A D:1628 DB:86 nvmxdizc V: 26 H:302 F:30
				87F0A4 E8          INX                    A:20FC X:04A1 Y:0008 S:012A D:1628 DB:86 nvmxdizc V: 26 H:305 F:30
				87F0A5 1A          INC                    A:20FC X:04A2 Y:0008 S:012A D:1628 DB:86 nvmxdizc V: 26 H:308 F:30
				87F0A6 9F 00 E0 7F STA $7FE000,X [7FE4A2] A:20FD X:04A2 Y:0008 S:012A D:1628 DB:86 nvmxdizc V: 26 H:311 F:30
				87F0AA E8          INX                    A:20FD X:04A2 Y:0008 S:012A D:1628 DB:86 nvmxdizc V: 26 H:321 F:30
				87F0AB E8          INX                    A:20FD X:04A3 Y:0008 S:012A D:1628 DB:86 nvmxdizc V: 26 H:324 F:30
				87F0AC 88          DEY                    A:20FD X:04A4 Y:0008 S:012A D:1628 DB:86 nvmxdizc V: 26 H:327 F:30
				87F0AD D0 EF       BNE $00EF     [87F09E] A:20FD X:04A4 Y:0007 S:012A D:1628 DB:86 nvmxdizc V: 26 H:329 F:30
				87F09E 3A          DEC                    A:20FD X:04A4 Y:0007 S:012A D:1628 DB:86 nvmxdizc V: 26 H:334 F:30
				87F09F 9F 00 E0 7F STA $7FE000,X [7FE4A4] A:20FC X:04A4 Y:0007 S:012A D:1628 DB:86 nvmxdizc V: 26 H:337 F:30
				87F0A3 E8          INX                    A:20FC X:04A4 Y:0007 S:012A D:1628 DB:86 nvmxdizc V: 27 H:  7 F:30
				87F0A4 E8          INX                    A:20FC X:04A5 Y:0007 S:012A D:1628 DB:86 nvmxdizc V: 27 H: 10 F:30
				87F0A5 1A          INC                    A:20FC X:04A6 Y:0007 S:012A D:1628 DB:86 nvmxdizc V: 27 H: 13 F:30
				87F0A6 9F 00 E0 7F STA $7FE000,X [7FE4A6] A:20FD X:04A6 Y:0007 S:012A D:1628 DB:86 nvmxdizc V: 27 H: 16 F:30
				87F0AA E8          INX                    A:20FD X:04A6 Y:0007 S:012A D:1628 DB:86 nvmxdizc V: 27 H: 26 F:30
				87F0AB E8          INX                    A:20FD X:04A7 Y:0007 S:012A D:1628 DB:86 nvmxdizc V: 27 H: 29 F:30
				87F0AC 88          DEY                    A:20FD X:04A8 Y:0007 S:012A D:1628 DB:86 nvmxdizc V: 27 H: 32 F:30
				87F0AD D0 EF       BNE $00EF     [87F09E] A:20FD X:04A8 Y:0006 S:012A D:1628 DB:86 nvmxdizc V: 27 H: 35 F:30
				87F09E 3A          DEC                    A:20FD X:04A8 Y:0006 S:012A D:1628 DB:86 nvmxdizc V: 27 H: 39 F:30
				87F09F 9F 00 E0 7F STA $7FE000,X [7FE4A8] A:20FC X:04A8 Y:0006 S:012A D:1628 DB:86 nvmxdizc V: 27 H: 42 F:30
				87F0A3 E8          INX                    A:20FC X:04A8 Y:0006 S:012A D:1628 DB:86 nvmxdizc V: 27 H: 52 F:30
				87F0A4 E8          INX                    A:20FC X:04A9 Y:0006 S:012A D:1628 DB:86 nvmxdizc V: 27 H: 55 F:30
				87F0A5 1A          INC                    A:20FC X:04AA Y:0006 S:012A D:1628 DB:86 nvmxdizc V: 27 H: 58 F:30
				87F0A6 9F 00 E0 7F STA $7FE000,X [7FE4AA] A:20FD X:04AA Y:0006 S:012A D:1628 DB:86 nvmxdizc V: 27 H: 61 F:30
				87F0AA E8          INX                    A:20FD X:04AA Y:0006 S:012A D:1628 DB:86 nvmxdizc V: 27 H: 71 F:30
				87F0AB E8          INX                    A:20FD X:04AB Y:0006 S:012A D:1628 DB:86 nvmxdizc V: 27 H: 74 F:30
				87F0AC 88          DEY                    A:20FD X:04AC Y:0006 S:012A D:1628 DB:86 nvmxdizc V: 27 H: 77 F:30
				87F0AD D0 EF       BNE $00EF     [87F09E] A:20FD X:04AC Y:0005 S:012A D:1628 DB:86 nvmxdizc V: 27 H: 80 F:30
				87F09E 3A          DEC                    A:20FD X:04AC Y:0005 S:012A D:1628 DB:86 nvmxdizc V: 27 H: 85 F:30
				87F09F 9F 00 E0 7F STA $7FE000,X [7FE4AC] A:20FC X:04AC Y:0005 S:012A D:1628 DB:86 nvmxdizc V: 27 H: 88 F:30
				87F0A3 E8          INX                    A:20FC X:04AC Y:0005 S:012A D:1628 DB:86 nvmxdizc V: 27 H: 98 F:30
				87F0A4 E8          INX                    A:20FC X:04AD Y:0005 S:012A D:1628 DB:86 nvmxdizc V: 27 H:101 F:30
				87F0A5 1A          INC                    A:20FC X:04AE Y:0005 S:012A D:1628 DB:86 nvmxdizc V: 27 H:104 F:30
				87F0A6 9F 00 E0 7F STA $7FE000,X [7FE4AE] A:20FD X:04AE Y:0005 S:012A D:1628 DB:86 nvmxdizc V: 27 H:107 F:30
				87F0AA E8          INX                    A:20FD X:04AE Y:0005 S:012A D:1628 DB:86 nvmxdizc V: 27 H:117 F:30
				87F0AB E8          INX                    A:20FD X:04AF Y:0005 S:012A D:1628 DB:86 nvmxdizc V: 27 H:120 F:30
				87F0AC 88          DEY                    A:20FD X:04B0 Y:0005 S:012A D:1628 DB:86 nvmxdizc V: 27 H:123 F:30
				87F0AD D0 EF       BNE $00EF     [87F09E] A:20FD X:04B0 Y:0004 S:012A D:1628 DB:86 nvmxdizc V: 27 H:126 F:30
				87F09E 3A          DEC                    A:20FD X:04B0 Y:0004 S:012A D:1628 DB:86 nvmxdizc V: 27 H:130 F:30
				87F09F 9F 00 E0 7F STA $7FE000,X [7FE4B0] A:20FC X:04B0 Y:0004 S:012A D:1628 DB:86 nvmxdizc V: 27 H:133 F:30
				87F0A3 E8          INX                    A:20FC X:04B0 Y:0004 S:012A D:1628 DB:86 nvmxdizc V: 27 H:153 F:30
				87F0A4 E8          INX                    A:20FC X:04B1 Y:0004 S:012A D:1628 DB:86 nvmxdizc V: 27 H:156 F:30
				87F0A5 1A          INC                    A:20FC X:04B2 Y:0004 S:012A D:1628 DB:86 nvmxdizc V: 27 H:159 F:30
				87F0A6 9F 00 E0 7F STA $7FE000,X [7FE4B2] A:20FD X:04B2 Y:0004 S:012A D:1628 DB:86 nvmxdizc V: 27 H:162 F:30
				87F0AA E8          INX                    A:20FD X:04B2 Y:0004 S:012A D:1628 DB:86 nvmxdizc V: 27 H:172 F:30
				87F0AB E8          INX                    A:20FD X:04B3 Y:0004 S:012A D:1628 DB:86 nvmxdizc V: 27 H:175 F:30
				87F0AC 88          DEY                    A:20FD X:04B4 Y:0004 S:012A D:1628 DB:86 nvmxdizc V: 27 H:178 F:30
				87F0AD D0 EF       BNE $00EF     [87F09E] A:20FD X:04B4 Y:0003 S:012A D:1628 DB:86 nvmxdizc V: 27 H:181 F:30
				87F09E 3A          DEC                    A:20FD X:04B4 Y:0003 S:012A D:1628 DB:86 nvmxdizc V: 27 H:186 F:30
				87F09F 9F 00 E0 7F STA $7FE000,X [7FE4B4] A:20FC X:04B4 Y:0003 S:012A D:1628 DB:86 nvmxdizc V: 27 H:189 F:30
				87F0A3 E8          INX                    A:20FC X:04B4 Y:0003 S:012A D:1628 DB:86 nvmxdizc V: 27 H:199 F:30
				87F0A4 E8          INX                    A:20FC X:04B5 Y:0003 S:012A D:1628 DB:86 nvmxdizc V: 27 H:202 F:30
				87F0A5 1A          INC                    A:20FC X:04B6 Y:0003 S:012A D:1628 DB:86 nvmxdizc V: 27 H:205 F:30
				87F0A6 9F 00 E0 7F STA $7FE000,X [7FE4B6] A:20FD X:04B6 Y:0003 S:012A D:1628 DB:86 nvmxdizc V: 27 H:208 F:30
				87F0AA E8          INX                    A:20FD X:04B6 Y:0003 S:012A D:1628 DB:86 nvmxdizc V: 27 H:218 F:30
				87F0AB E8          INX                    A:20FD X:04B7 Y:0003 S:012A D:1628 DB:86 nvmxdizc V: 27 H:221 F:30
				87F0AC 88          DEY                    A:20FD X:04B8 Y:0003 S:012A D:1628 DB:86 nvmxdizc V: 27 H:224 F:30
				87F0AD D0 EF       BNE $00EF     [87F09E] A:20FD X:04B8 Y:0002 S:012A D:1628 DB:86 nvmxdizc V: 27 H:227 F:30
				87F09E 3A          DEC                    A:20FD X:04B8 Y:0002 S:012A D:1628 DB:86 nvmxdizc V: 27 H:231 F:30
				87F09F 9F 00 E0 7F STA $7FE000,X [7FE4B8] A:20FC X:04B8 Y:0002 S:012A D:1628 DB:86 nvmxdizc V: 27 H:234 F:30
				87F0A3 E8          INX                    A:20FC X:04B8 Y:0002 S:012A D:1628 DB:86 nvmxdizc V: 27 H:244 F:30
				87F0A4 E8          INX                    A:20FC X:04B9 Y:0002 S:012A D:1628 DB:86 nvmxdizc V: 27 H:247 F:30
				87F0A5 1A          INC                    A:20FC X:04BA Y:0002 S:012A D:1628 DB:86 nvmxdizc V: 27 H:250 F:30
				87F0A6 9F 00 E0 7F STA $7FE000,X [7FE4BA] A:20FD X:04BA Y:0002 S:012A D:1628 DB:86 nvmxdizc V: 27 H:253 F:30
				87F0AA E8          INX                    A:20FD X:04BA Y:0002 S:012A D:1628 DB:86 nvmxdizc V: 27 H:263 F:30
				87F0AB E8          INX                    A:20FD X:04BB Y:0002 S:012A D:1628 DB:86 nvmxdizc V: 27 H:266 F:30
				87F0AC 88          DEY                    A:20FD X:04BC Y:0002 S:012A D:1628 DB:86 nvmxdizc V: 27 H:269 F:30
				87F0AD D0 EF       BNE $00EF     [87F09E] A:20FD X:04BC Y:0001 S:012A D:1628 DB:86 nvmxdizc V: 27 H:272 F:30
				87F09E 3A          DEC                    A:20FD X:04BC Y:0001 S:012A D:1628 DB:86 nvmxdizc V: 27 H:277 F:30
				87F09F 9F 00 E0 7F STA $7FE000,X [7FE4BC] A:20FC X:04BC Y:0001 S:012A D:1628 DB:86 nvmxdizc V: 27 H:280 F:30
				87F0A3 E8          INX                    A:20FC X:04BC Y:0001 S:012A D:1628 DB:86 nvmxdizc V: 27 H:290 F:30
				87F0A4 E8          INX                    A:20FC X:04BD Y:0001 S:012A D:1628 DB:86 nvmxdizc V: 27 H:293 F:30
				87F0A5 1A          INC                    A:20FC X:04BE Y:0001 S:012A D:1628 DB:86 nvmxdizc V: 27 H:296 F:30
				87F0A6 9F 00 E0 7F STA $7FE000,X [7FE4BE] A:20FD X:04BE Y:0001 S:012A D:1628 DB:86 nvmxdizc V: 27 H:299 F:30
				87F0AA E8          INX                    A:20FD X:04BE Y:0001 S:012A D:1628 DB:86 nvmxdizc V: 27 H:309 F:30
				87F0AB E8          INX                    A:20FD X:04BF Y:0001 S:012A D:1628 DB:86 nvmxdizc V: 27 H:312 F:30
				87F0AC 88          DEY                    A:20FD X:04C0 Y:0001 S:012A D:1628 DB:86 nvmxdizc V: 27 H:315 F:30
				87F0AD D0 EF       BNE $00EF     [87F09E] A:20FD X:04C0 Y:0000 S:012A D:1628 DB:86 nvmxdiZc V: 27 H:318 F:30
				87F0AF A0 10 00    LDY #$0010             A:20FD X:04C0 Y:0000 S:012A D:1628 DB:86 nvmxdiZc V: 27 H:321 F:30
				87F0B2 A9 FF 20    LDA #$20FF             A:20FD X:04C0 Y:0010 S:012A D:1628 DB:86 nvmxdizc V: 27 H:325 F:30
				87F0B5 05 1C       ORA $1C       [001644] A:20FF X:04C0 Y:0010 S:012A D:1628 DB:86 nvmxdizc V: 27 H:329 F:30
				87F0B7 3A          DEC                    A:20FF X:04C0 Y:0010 S:012A D:1628 DB:86 nvmxdizc V: 27 H:337 F:30
				87F0B8 9F 00 E0 7F STA $7FE000,X [7FE4C0] A:20FE X:04C0 Y:0010 S:012A D:1628 DB:86 nvmxdizc V: 28 H:  0 F:30
				87F0BC E8          INX                    A:20FE X:04C0 Y:0010 S:012A D:1628 DB:86 nvmxdizc V: 28 H: 10 F:30
				87F0BD E8          INX                    A:20FE X:04C1 Y:0010 S:012A D:1628 DB:86 nvmxdizc V: 28 H: 13 F:30
				87F0BE 1A          INC                    A:20FE X:04C2 Y:0010 S:012A D:1628 DB:86 nvmxdizc V: 28 H: 16 F:30
				87F0BF 9F 00 E0 7F STA $7FE000,X [7FE4C2] A:20FF X:04C2 Y:0010 S:012A D:1628 DB:86 nvmxdizc V: 28 H: 19 F:30
				87F0C3 E8          INX                    A:20FF X:04C2 Y:0010 S:012A D:1628 DB:86 nvmxdizc V: 28 H: 29 F:30
				87F0C4 E8          INX                    A:20FF X:04C3 Y:0010 S:012A D:1628 DB:86 nvmxdizc V: 28 H: 32 F:30
				87F0C5 88          DEY                    A:20FF X:04C4 Y:0010 S:012A D:1628 DB:86 nvmxdizc V: 28 H: 35 F:30
				87F0C6 D0 EF       BNE $00EF     [87F0B7] A:20FF X:04C4 Y:000F S:012A D:1628 DB:86 nvmxdizc V: 28 H: 38 F:30
				87F0B7 3A          DEC                    A:20FF X:04C4 Y:000F S:012A D:1628 DB:86 nvmxdizc V: 28 H: 43 F:30
				87F0B8 9F 00 E0 7F STA $7FE000,X [7FE4C4] A:20FE X:04C4 Y:000F S:012A D:1628 DB:86 nvmxdizc V: 28 H: 46 F:30
				87F0BC E8          INX                    A:20FE X:04C4 Y:000F S:012A D:1628 DB:86 nvmxdizc V: 28 H: 56 F:30
				87F0BD E8          INX                    A:20FE X:04C5 Y:000F S:012A D:1628 DB:86 nvmxdizc V: 28 H: 59 F:30
				87F0BE 1A          INC                    A:20FE X:04C6 Y:000F S:012A D:1628 DB:86 nvmxdizc V: 28 H: 62 F:30
				87F0BF 9F 00 E0 7F STA $7FE000,X [7FE4C6] A:20FF X:04C6 Y:000F S:012A D:1628 DB:86 nvmxdizc V: 28 H: 65 F:30
				87F0C3 E8          INX                    A:20FF X:04C6 Y:000F S:012A D:1628 DB:86 nvmxdizc V: 28 H: 75 F:30
				87F0C4 E8          INX                    A:20FF X:04C7 Y:000F S:012A D:1628 DB:86 nvmxdizc V: 28 H: 78 F:30
				87F0C5 88          DEY                    A:20FF X:04C8 Y:000F S:012A D:1628 DB:86 nvmxdizc V: 28 H: 81 F:30
				87F0C6 D0 EF       BNE $00EF     [87F0B7] A:20FF X:04C8 Y:000E S:012A D:1628 DB:86 nvmxdizc V: 28 H: 84 F:30
				87F0B7 3A          DEC                    A:20FF X:04C8 Y:000E S:012A D:1628 DB:86 nvmxdizc V: 28 H: 88 F:30
				87F0B8 9F 00 E0 7F STA $7FE000,X [7FE4C8] A:20FE X:04C8 Y:000E S:012A D:1628 DB:86 nvmxdizc V: 28 H: 91 F:30
				87F0BC E8          INX                    A:20FE X:04C8 Y:000E S:012A D:1628 DB:86 nvmxdizc V: 28 H:101 F:30
				87F0BD E8          INX                    A:20FE X:04C9 Y:000E S:012A D:1628 DB:86 nvmxdizc V: 28 H:104 F:30
				87F0BE 1A          INC                    A:20FE X:04CA Y:000E S:012A D:1628 DB:86 nvmxdizc V: 28 H:107 F:30
				87F0BF 9F 00 E0 7F STA $7FE000,X [7FE4CA] A:20FF X:04CA Y:000E S:012A D:1628 DB:86 nvmxdizc V: 28 H:110 F:30
				87F0C3 E8          INX                    A:20FF X:04CA Y:000E S:012A D:1628 DB:86 nvmxdizc V: 28 H:120 F:30
				87F0C4 E8          INX                    A:20FF X:04CB Y:000E S:012A D:1628 DB:86 nvmxdizc V: 28 H:123 F:30
				87F0C5 88          DEY                    A:20FF X:04CC Y:000E S:012A D:1628 DB:86 nvmxdizc V: 28 H:126 F:30
				87F0C6 D0 EF       BNE $00EF     [87F0B7] A:20FF X:04CC Y:000D S:012A D:1628 DB:86 nvmxdizc V: 28 H:129 F:30
				87F0B7 3A          DEC                    A:20FF X:04CC Y:000D S:012A D:1628 DB:86 nvmxdizc V: 28 H:144 F:30
				87F0B8 9F 00 E0 7F STA $7FE000,X [7FE4CC] A:20FE X:04CC Y:000D S:012A D:1628 DB:86 nvmxdizc V: 28 H:147 F:30
				87F0BC E8          INX                    A:20FE X:04CC Y:000D S:012A D:1628 DB:86 nvmxdizc V: 28 H:157 F:30
				87F0BD E8          INX                    A:20FE X:04CD Y:000D S:012A D:1628 DB:86 nvmxdizc V: 28 H:160 F:30
				87F0BE 1A          INC                    A:20FE X:04CE Y:000D S:012A D:1628 DB:86 nvmxdizc V: 28 H:163 F:30
				87F0BF 9F 00 E0 7F STA $7FE000,X [7FE4CE] A:20FF X:04CE Y:000D S:012A D:1628 DB:86 nvmxdizc V: 28 H:166 F:30
				87F0C3 E8          INX                    A:20FF X:04CE Y:000D S:012A D:1628 DB:86 nvmxdizc V: 28 H:176 F:30
				87F0C4 E8          INX                    A:20FF X:04CF Y:000D S:012A D:1628 DB:86 nvmxdizc V: 28 H:179 F:30
				87F0C5 88          DEY                    A:20FF X:04D0 Y:000D S:012A D:1628 DB:86 nvmxdizc V: 28 H:182 F:30
				87F0C6 D0 EF       BNE $00EF     [87F0B7] A:20FF X:04D0 Y:000C S:012A D:1628 DB:86 nvmxdizc V: 28 H:185 F:30
				87F0B7 3A          DEC                    A:20FF X:04D0 Y:000C S:012A D:1628 DB:86 nvmxdizc V: 28 H:189 F:30
				87F0B8 9F 00 E0 7F STA $7FE000,X [7FE4D0] A:20FE X:04D0 Y:000C S:012A D:1628 DB:86 nvmxdizc V: 28 H:192 F:30
				87F0BC E8          INX                    A:20FE X:04D0 Y:000C S:012A D:1628 DB:86 nvmxdizc V: 28 H:202 F:30
				87F0BD E8          INX                    A:20FE X:04D1 Y:000C S:012A D:1628 DB:86 nvmxdizc V: 28 H:205 F:30
				87F0BE 1A          INC                    A:20FE X:04D2 Y:000C S:012A D:1628 DB:86 nvmxdizc V: 28 H:208 F:30
				87F0BF 9F 00 E0 7F STA $7FE000,X [7FE4D2] A:20FF X:04D2 Y:000C S:012A D:1628 DB:86 nvmxdizc V: 28 H:211 F:30
				87F0C3 E8          INX                    A:20FF X:04D2 Y:000C S:012A D:1628 DB:86 nvmxdizc V: 28 H:221 F:30
				87F0C4 E8          INX                    A:20FF X:04D3 Y:000C S:012A D:1628 DB:86 nvmxdizc V: 28 H:224 F:30
				87F0C5 88          DEY                    A:20FF X:04D4 Y:000C S:012A D:1628 DB:86 nvmxdizc V: 28 H:227 F:30
				87F0C6 D0 EF       BNE $00EF     [87F0B7] A:20FF X:04D4 Y:000B S:012A D:1628 DB:86 nvmxdizc V: 28 H:230 F:30
				87F0B7 3A          DEC                    A:20FF X:04D4 Y:000B S:012A D:1628 DB:86 nvmxdizc V: 28 H:235 F:30
				87F0B8 9F 00 E0 7F STA $7FE000,X [7FE4D4] A:20FE X:04D4 Y:000B S:012A D:1628 DB:86 nvmxdizc V: 28 H:238 F:30
				87F0BC E8          INX                    A:20FE X:04D4 Y:000B S:012A D:1628 DB:86 nvmxdizc V: 28 H:248 F:30
				87F0BD E8          INX                    A:20FE X:04D5 Y:000B S:012A D:1628 DB:86 nvmxdizc V: 28 H:251 F:30
				87F0BE 1A          INC                    A:20FE X:04D6 Y:000B S:012A D:1628 DB:86 nvmxdizc V: 28 H:254 F:30
				87F0BF 9F 00 E0 7F STA $7FE000,X [7FE4D6] A:20FF X:04D6 Y:000B S:012A D:1628 DB:86 nvmxdizc V: 28 H:257 F:30
				87F0C3 E8          INX                    A:20FF X:04D6 Y:000B S:012A D:1628 DB:86 nvmxdizc V: 28 H:267 F:30
				87F0C4 E8          INX                    A:20FF X:04D7 Y:000B S:012A D:1628 DB:86 nvmxdizc V: 28 H:270 F:30
				87F0C5 88          DEY                    A:20FF X:04D8 Y:000B S:012A D:1628 DB:86 nvmxdizc V: 28 H:273 F:30
				87F0C6 D0 EF       BNE $00EF     [87F0B7] A:20FF X:04D8 Y:000A S:012A D:1628 DB:86 nvmxdizc V: 28 H:276 F:30
				87F0B7 3A          DEC                    A:20FF X:04D8 Y:000A S:012A D:1628 DB:86 nvmxdizc V: 28 H:280 F:30
				87F0B8 9F 00 E0 7F STA $7FE000,X [7FE4D8] A:20FE X:04D8 Y:000A S:012A D:1628 DB:86 nvmxdizc V: 28 H:283 F:30
				87F0BC E8          INX                    A:20FE X:04D8 Y:000A S:012A D:1628 DB:86 nvmxdizc V: 28 H:293 F:30
				87F0BD E8          INX                    A:20FE X:04D9 Y:000A S:012A D:1628 DB:86 nvmxdizc V: 28 H:296 F:30
				87F0BE 1A          INC                    A:20FE X:04DA Y:000A S:012A D:1628 DB:86 nvmxdizc V: 28 H:299 F:30
				87F0BF 9F 00 E0 7F STA $7FE000,X [7FE4DA] A:20FF X:04DA Y:000A S:012A D:1628 DB:86 nvmxdizc V: 28 H:302 F:30
				87F0C3 E8          INX                    A:20FF X:04DA Y:000A S:012A D:1628 DB:86 nvmxdizc V: 28 H:312 F:30
				87F0C4 E8          INX                    A:20FF X:04DB Y:000A S:012A D:1628 DB:86 nvmxdizc V: 28 H:315 F:30
				87F0C5 88          DEY                    A:20FF X:04DC Y:000A S:012A D:1628 DB:86 nvmxdizc V: 28 H:318 F:30
				87F0C6 D0 EF       BNE $00EF     [87F0B7] A:20FF X:04DC Y:0009 S:012A D:1628 DB:86 nvmxdizc V: 28 H:321 F:30
				87F0B7 3A          DEC                    A:20FF X:04DC Y:0009 S:012A D:1628 DB:86 nvmxdizc V: 28 H:325 F:30
				87F0B8 9F 00 E0 7F STA $7FE000,X [7FE4DC] A:20FE X:04DC Y:0009 S:012A D:1628 DB:86 nvmxdizc V: 28 H:328 F:30
				87F0BC E8          INX                    A:20FE X:04DC Y:0009 S:012A D:1628 DB:86 nvmxdizc V: 28 H:338 F:30
				87F0BD E8          INX                    A:20FE X:04DD Y:0009 S:012A D:1628 DB:86 nvmxdizc V: 29 H:  1 F:30
				87F0BE 1A          INC                    A:20FE X:04DE Y:0009 S:012A D:1628 DB:86 nvmxdizc V: 29 H:  4 F:30
				87F0BF 9F 00 E0 7F STA $7FE000,X [7FE4DE] A:20FF X:04DE Y:0009 S:012A D:1628 DB:86 nvmxdizc V: 29 H:  7 F:30
				87F0C3 E8          INX                    A:20FF X:04DE Y:0009 S:012A D:1628 DB:86 nvmxdizc V: 29 H: 17 F:30
				87F0C4 E8          INX                    A:20FF X:04DF Y:0009 S:012A D:1628 DB:86 nvmxdizc V: 29 H: 20 F:30
				87F0C5 88          DEY                    A:20FF X:04E0 Y:0009 S:012A D:1628 DB:86 nvmxdizc V: 29 H: 23 F:30
				87F0C6 D0 EF       BNE $00EF     [87F0B7] A:20FF X:04E0 Y:0008 S:012A D:1628 DB:86 nvmxdizc V: 29 H: 26 F:30
				87F0B7 3A          DEC                    A:20FF X:04E0 Y:0008 S:012A D:1628 DB:86 nvmxdizc V: 29 H: 30 F:30
				87F0B8 9F 00 E0 7F STA $7FE000,X [7FE4E0] A:20FE X:04E0 Y:0008 S:012A D:1628 DB:86 nvmxdizc V: 29 H: 33 F:30
				87F0BC E8          INX                    A:20FE X:04E0 Y:0008 S:012A D:1628 DB:86 nvmxdizc V: 29 H: 43 F:30
				87F0BD E8          INX                    A:20FE X:04E1 Y:0008 S:012A D:1628 DB:86 nvmxdizc V: 29 H: 46 F:30
				87F0BE 1A          INC                    A:20FE X:04E2 Y:0008 S:012A D:1628 DB:86 nvmxdizc V: 29 H: 49 F:30
				87F0BF 9F 00 E0 7F STA $7FE000,X [7FE4E2] A:20FF X:04E2 Y:0008 S:012A D:1628 DB:86 nvmxdizc V: 29 H: 52 F:30
				87F0C3 E8          INX                    A:20FF X:04E2 Y:0008 S:012A D:1628 DB:86 nvmxdizc V: 29 H: 62 F:30
				87F0C4 E8          INX                    A:20FF X:04E3 Y:0008 S:012A D:1628 DB:86 nvmxdizc V: 29 H: 65 F:30
				87F0C5 88          DEY                    A:20FF X:04E4 Y:0008 S:012A D:1628 DB:86 nvmxdizc V: 29 H: 68 F:30
				87F0C6 D0 EF       BNE $00EF     [87F0B7] A:20FF X:04E4 Y:0007 S:012A D:1628 DB:86 nvmxdizc V: 29 H: 71 F:30
				87F0B7 3A          DEC                    A:20FF X:04E4 Y:0007 S:012A D:1628 DB:86 nvmxdizc V: 29 H: 76 F:30
				87F0B8 9F 00 E0 7F STA $7FE000,X [7FE4E4] A:20FE X:04E4 Y:0007 S:012A D:1628 DB:86 nvmxdizc V: 29 H: 79 F:30
				87F0BC E8          INX                    A:20FE X:04E4 Y:0007 S:012A D:1628 DB:86 nvmxdizc V: 29 H: 89 F:30
				87F0BD E8          INX                    A:20FE X:04E5 Y:0007 S:012A D:1628 DB:86 nvmxdizc V: 29 H: 92 F:30
				87F0BE 1A          INC                    A:20FE X:04E6 Y:0007 S:012A D:1628 DB:86 nvmxdizc V: 29 H: 95 F:30
				87F0BF 9F 00 E0 7F STA $7FE000,X [7FE4E6] A:20FF X:04E6 Y:0007 S:012A D:1628 DB:86 nvmxdizc V: 29 H: 98 F:30
				87F0C3 E8          INX                    A:20FF X:04E6 Y:0007 S:012A D:1628 DB:86 nvmxdizc V: 29 H:108 F:30
				87F0C4 E8          INX                    A:20FF X:04E7 Y:0007 S:012A D:1628 DB:86 nvmxdizc V: 29 H:111 F:30
				87F0C5 88          DEY                    A:20FF X:04E8 Y:0007 S:012A D:1628 DB:86 nvmxdizc V: 29 H:114 F:30
				87F0C6 D0 EF       BNE $00EF     [87F0B7] A:20FF X:04E8 Y:0006 S:012A D:1628 DB:86 nvmxdizc V: 29 H:117 F:30
				87F0B7 3A          DEC                    A:20FF X:04E8 Y:0006 S:012A D:1628 DB:86 nvmxdizc V: 29 H:121 F:30
				87F0B8 9F 00 E0 7F STA $7FE000,X [7FE4E8] A:20FE X:04E8 Y:0006 S:012A D:1628 DB:86 nvmxdizc V: 29 H:124 F:30
				87F0BC E8          INX                    A:20FE X:04E8 Y:0006 S:012A D:1628 DB:86 nvmxdizc V: 29 H:144 F:30
				87F0BD E8          INX                    A:20FE X:04E9 Y:0006 S:012A D:1628 DB:86 nvmxdizc V: 29 H:147 F:30
				87F0BE 1A          INC                    A:20FE X:04EA Y:0006 S:012A D:1628 DB:86 nvmxdizc V: 29 H:150 F:30
				87F0BF 9F 00 E0 7F STA $7FE000,X [7FE4EA] A:20FF X:04EA Y:0006 S:012A D:1628 DB:86 nvmxdizc V: 29 H:153 F:30
				87F0C3 E8          INX                    A:20FF X:04EA Y:0006 S:012A D:1628 DB:86 nvmxdizc V: 29 H:163 F:30
				87F0C4 E8          INX                    A:20FF X:04EB Y:0006 S:012A D:1628 DB:86 nvmxdizc V: 29 H:166 F:30
				87F0C5 88          DEY                    A:20FF X:04EC Y:0006 S:012A D:1628 DB:86 nvmxdizc V: 29 H:169 F:30
				87F0C6 D0 EF       BNE $00EF     [87F0B7] A:20FF X:04EC Y:0005 S:012A D:1628 DB:86 nvmxdizc V: 29 H:172 F:30
				87F0B7 3A          DEC                    A:20FF X:04EC Y:0005 S:012A D:1628 DB:86 nvmxdizc V: 29 H:177 F:30
				87F0B8 9F 00 E0 7F STA $7FE000,X [7FE4EC] A:20FE X:04EC Y:0005 S:012A D:1628 DB:86 nvmxdizc V: 29 H:180 F:30
				87F0BC E8          INX                    A:20FE X:04EC Y:0005 S:012A D:1628 DB:86 nvmxdizc V: 29 H:190 F:30
				87F0BD E8          INX                    A:20FE X:04ED Y:0005 S:012A D:1628 DB:86 nvmxdizc V: 29 H:193 F:30
				87F0BE 1A          INC                    A:20FE X:04EE Y:0005 S:012A D:1628 DB:86 nvmxdizc V: 29 H:196 F:30
				87F0BF 9F 00 E0 7F STA $7FE000,X [7FE4EE] A:20FF X:04EE Y:0005 S:012A D:1628 DB:86 nvmxdizc V: 29 H:199 F:30
				87F0C3 E8          INX                    A:20FF X:04EE Y:0005 S:012A D:1628 DB:86 nvmxdizc V: 29 H:209 F:30
				87F0C4 E8          INX                    A:20FF X:04EF Y:0005 S:012A D:1628 DB:86 nvmxdizc V: 29 H:212 F:30
				87F0C5 88          DEY                    A:20FF X:04F0 Y:0005 S:012A D:1628 DB:86 nvmxdizc V: 29 H:215 F:30
				87F0C6 D0 EF       BNE $00EF     [87F0B7] A:20FF X:04F0 Y:0004 S:012A D:1628 DB:86 nvmxdizc V: 29 H:218 F:30
				87F0B7 3A          DEC                    A:20FF X:04F0 Y:0004 S:012A D:1628 DB:86 nvmxdizc V: 29 H:222 F:30
				87F0B8 9F 00 E0 7F STA $7FE000,X [7FE4F0] A:20FE X:04F0 Y:0004 S:012A D:1628 DB:86 nvmxdizc V: 29 H:225 F:30
				87F0BC E8          INX                    A:20FE X:04F0 Y:0004 S:012A D:1628 DB:86 nvmxdizc V: 29 H:235 F:30
				87F0BD E8          INX                    A:20FE X:04F1 Y:0004 S:012A D:1628 DB:86 nvmxdizc V: 29 H:238 F:30
				87F0BE 1A          INC                    A:20FE X:04F2 Y:0004 S:012A D:1628 DB:86 nvmxdizc V: 29 H:241 F:30
				87F0BF 9F 00 E0 7F STA $7FE000,X [7FE4F2] A:20FF X:04F2 Y:0004 S:012A D:1628 DB:86 nvmxdizc V: 29 H:244 F:30
				87F0C3 E8          INX                    A:20FF X:04F2 Y:0004 S:012A D:1628 DB:86 nvmxdizc V: 29 H:254 F:30
				87F0C4 E8          INX                    A:20FF X:04F3 Y:0004 S:012A D:1628 DB:86 nvmxdizc V: 29 H:257 F:30
				87F0C5 88          DEY                    A:20FF X:04F4 Y:0004 S:012A D:1628 DB:86 nvmxdizc V: 29 H:260 F:30
				87F0C6 D0 EF       BNE $00EF     [87F0B7] A:20FF X:04F4 Y:0003 S:012A D:1628 DB:86 nvmxdizc V: 29 H:263 F:30
				87F0B7 3A          DEC                    A:20FF X:04F4 Y:0003 S:012A D:1628 DB:86 nvmxdizc V: 29 H:268 F:30
				87F0B8 9F 00 E0 7F STA $7FE000,X [7FE4F4] A:20FE X:04F4 Y:0003 S:012A D:1628 DB:86 nvmxdizc V: 29 H:271 F:30
				87F0BC E8          INX                    A:20FE X:04F4 Y:0003 S:012A D:1628 DB:86 nvmxdizc V: 29 H:281 F:30
				87F0BD E8          INX                    A:20FE X:04F5 Y:0003 S:012A D:1628 DB:86 nvmxdizc V: 29 H:284 F:30
				87F0BE 1A          INC                    A:20FE X:04F6 Y:0003 S:012A D:1628 DB:86 nvmxdizc V: 29 H:287 F:30
				87F0BF 9F 00 E0 7F STA $7FE000,X [7FE4F6] A:20FF X:04F6 Y:0003 S:012A D:1628 DB:86 nvmxdizc V: 29 H:290 F:30
				87F0C3 E8          INX                    A:20FF X:04F6 Y:0003 S:012A D:1628 DB:86 nvmxdizc V: 29 H:300 F:30
				87F0C4 E8          INX                    A:20FF X:04F7 Y:0003 S:012A D:1628 DB:86 nvmxdizc V: 29 H:303 F:30
				87F0C5 88          DEY                    A:20FF X:04F8 Y:0003 S:012A D:1628 DB:86 nvmxdizc V: 29 H:306 F:30
				87F0C6 D0 EF       BNE $00EF     [87F0B7] A:20FF X:04F8 Y:0002 S:012A D:1628 DB:86 nvmxdizc V: 29 H:309 F:30
				87F0B7 3A          DEC                    A:20FF X:04F8 Y:0002 S:012A D:1628 DB:86 nvmxdizc V: 29 H:313 F:30
				87F0B8 9F 00 E0 7F STA $7FE000,X [7FE4F8] A:20FE X:04F8 Y:0002 S:012A D:1628 DB:86 nvmxdizc V: 29 H:316 F:30
				87F0BC E8          INX                    A:20FE X:04F8 Y:0002 S:012A D:1628 DB:86 nvmxdizc V: 29 H:326 F:30
				87F0BD E8          INX                    A:20FE X:04F9 Y:0002 S:012A D:1628 DB:86 nvmxdizc V: 29 H:328 F:30
				87F0BE 1A          INC                    A:20FE X:04FA Y:0002 S:012A D:1628 DB:86 nvmxdizc V: 29 H:331 F:30
				87F0BF 9F 00 E0 7F STA $7FE000,X [7FE4FA] A:20FF X:04FA Y:0002 S:012A D:1628 DB:86 nvmxdizc V: 29 H:334 F:30
				87F0C3 E8          INX                    A:20FF X:04FA Y:0002 S:012A D:1628 DB:86 nvmxdizc V: 30 H:  4 F:30
				87F0C4 E8          INX                    A:20FF X:04FB Y:0002 S:012A D:1628 DB:86 nvmxdizc V: 30 H:  7 F:30
				87F0C5 88          DEY                    A:20FF X:04FC Y:0002 S:012A D:1628 DB:86 nvmxdizc V: 30 H: 10 F:30
				87F0C6 D0 EF       BNE $00EF     [87F0B7] A:20FF X:04FC Y:0001 S:012A D:1628 DB:86 nvmxdizc V: 30 H: 13 F:30
				87F0B7 3A          DEC                    A:20FF X:04FC Y:0001 S:012A D:1628 DB:86 nvmxdizc V: 30 H: 18 F:30
				87F0B8 9F 00 E0 7F STA $7FE000,X [7FE4FC] A:20FE X:04FC Y:0001 S:012A D:1628 DB:86 nvmxdizc V: 30 H: 21 F:30
				87F0BC E8          INX                    A:20FE X:04FC Y:0001 S:012A D:1628 DB:86 nvmxdizc V: 30 H: 31 F:30
				87F0BD E8          INX                    A:20FE X:04FD Y:0001 S:012A D:1628 DB:86 nvmxdizc V: 30 H: 34 F:30
				87F0BE 1A          INC                    A:20FE X:04FE Y:0001 S:012A D:1628 DB:86 nvmxdizc V: 30 H: 37 F:30
				87F0BF 9F 00 E0 7F STA $7FE000,X [7FE4FE] A:20FF X:04FE Y:0001 S:012A D:1628 DB:86 nvmxdizc V: 30 H: 40 F:30
				87F0C3 E8          INX                    A:20FF X:04FE Y:0001 S:012A D:1628 DB:86 nvmxdizc V: 30 H: 50 F:30
				87F0C4 E8          INX                    A:20FF X:04FF Y:0001 S:012A D:1628 DB:86 nvmxdizc V: 30 H: 53 F:30
				87F0C5 88          DEY                    A:20FF X:0500 Y:0001 S:012A D:1628 DB:86 nvmxdizc V: 30 H: 56 F:30
				87F0C6 D0 EF       BNE $00EF     [87F0B7] A:20FF X:0500 Y:0000 S:012A D:1628 DB:86 nvmxdiZc V: 30 H: 59 F:30
				87F0C8 E0 00 08    CPX #$0800             A:20FF X:0500 Y:0000 S:012A D:1628 DB:86 nvmxdiZc V: 30 H: 62 F:30
				87F0CB 90 C9       BCC $00C9     [87F096] A:20FF X:0500 Y:0000 S:012A D:1628 DB:86 Nvmxdizc V: 30 H: 66 F:30
				87F096 A0 10 00    LDY #$0010             A:20FF X:0500 Y:0000 S:012A D:1628 DB:86 Nvmxdizc V: 30 H: 71 F:30
				87F099 A9 FD 20    LDA #$20FD             A:20FF X:0500 Y:0010 S:012A D:1628 DB:86 nvmxdizc V: 30 H: 75 F:30
				87F09C 05 1C       ORA $1C       [001644] A:20FD X:0500 Y:0010 S:012A D:1628 DB:86 nvmxdizc V: 30 H: 80 F:30
				87F09E 3A          DEC                    A:20FD X:0500 Y:0010 S:012A D:1628 DB:86 nvmxdizc V: 30 H: 88 F:30
				87F09F 9F 00 E0 7F STA $7FE000,X [7FE500] A:20FC X:0500 Y:0010 S:012A D:1628 DB:86 nvmxdizc V: 30 H: 91 F:30
				87F0A3 E8          INX                    A:20FC X:0500 Y:0010 S:012A D:1628 DB:86 nvmxdizc V: 30 H:101 F:30
				87F0A4 E8          INX                    A:20FC X:0501 Y:0010 S:012A D:1628 DB:86 nvmxdizc V: 30 H:104 F:30
				87F0A5 1A          INC                    A:20FC X:0502 Y:0010 S:012A D:1628 DB:86 nvmxdizc V: 30 H:107 F:30
				87F0A6 9F 00 E0 7F STA $7FE000,X [7FE502] A:20FD X:0502 Y:0010 S:012A D:1628 DB:86 nvmxdizc V: 30 H:110 F:30
				87F0AA E8          INX                    A:20FD X:0502 Y:0010 S:012A D:1628 DB:86 nvmxdizc V: 30 H:120 F:30
				87F0AB E8          INX                    A:20FD X:0503 Y:0010 S:012A D:1628 DB:86 nvmxdizc V: 30 H:123 F:30
				87F0AC 88          DEY                    A:20FD X:0504 Y:0010 S:012A D:1628 DB:86 nvmxdizc V: 30 H:126 F:30
				87F0AD D0 EF       BNE $00EF     [87F09E] A:20FD X:0504 Y:000F S:012A D:1628 DB:86 nvmxdizc V: 30 H:129 F:30
				87F09E 3A          DEC                    A:20FD X:0504 Y:000F S:012A D:1628 DB:86 nvmxdizc V: 30 H:144 F:30
				87F09F 9F 00 E0 7F STA $7FE000,X [7FE504] A:20FC X:0504 Y:000F S:012A D:1628 DB:86 nvmxdizc V: 30 H:147 F:30
				87F0A3 E8          INX                    A:20FC X:0504 Y:000F S:012A D:1628 DB:86 nvmxdizc V: 30 H:157 F:30
				87F0A4 E8          INX                    A:20FC X:0505 Y:000F S:012A D:1628 DB:86 nvmxdizc V: 30 H:160 F:30
				87F0A5 1A          INC                    A:20FC X:0506 Y:000F S:012A D:1628 DB:86 nvmxdizc V: 30 H:163 F:30
				87F0A6 9F 00 E0 7F STA $7FE000,X [7FE506] A:20FD X:0506 Y:000F S:012A D:1628 DB:86 nvmxdizc V: 30 H:166 F:30
				87F0AA E8          INX                    A:20FD X:0506 Y:000F S:012A D:1628 DB:86 nvmxdizc V: 30 H:176 F:30
				87F0AB E8          INX                    A:20FD X:0507 Y:000F S:012A D:1628 DB:86 nvmxdizc V: 30 H:179 F:30
				87F0AC 88          DEY                    A:20FD X:0508 Y:000F S:012A D:1628 DB:86 nvmxdizc V: 30 H:182 F:30
				87F0AD D0 EF       BNE $00EF     [87F09E] A:20FD X:0508 Y:000E S:012A D:1628 DB:86 nvmxdizc V: 30 H:185 F:30
				87F09E 3A          DEC                    A:20FD X:0508 Y:000E S:012A D:1628 DB:86 nvmxdizc V: 30 H:189 F:30
				87F09F 9F 00 E0 7F STA $7FE000,X [7FE508] A:20FC X:0508 Y:000E S:012A D:1628 DB:86 nvmxdizc V: 30 H:192 F:30
				87F0A3 E8          INX                    A:20FC X:0508 Y:000E S:012A D:1628 DB:86 nvmxdizc V: 30 H:202 F:30
				87F0A4 E8          INX                    A:20FC X:0509 Y:000E S:012A D:1628 DB:86 nvmxdizc V: 30 H:205 F:30
				87F0A5 1A          INC                    A:20FC X:050A Y:000E S:012A D:1628 DB:86 nvmxdizc V: 30 H:208 F:30
				87F0A6 9F 00 E0 7F STA $7FE000,X [7FE50A] A:20FD X:050A Y:000E S:012A D:1628 DB:86 nvmxdizc V: 30 H:211 F:30
				87F0AA E8          INX                    A:20FD X:050A Y:000E S:012A D:1628 DB:86 nvmxdizc V: 30 H:221 F:30
				87F0AB E8          INX                    A:20FD X:050B Y:000E S:012A D:1628 DB:86 nvmxdizc V: 30 H:224 F:30
				87F0AC 88          DEY                    A:20FD X:050C Y:000E S:012A D:1628 DB:86 nvmxdizc V: 30 H:227 F:30
				87F0AD D0 EF       BNE $00EF     [87F09E] A:20FD X:050C Y:000D S:012A D:1628 DB:86 nvmxdizc V: 30 H:230 F:30
				87F09E 3A          DEC                    A:20FD X:050C Y:000D S:012A D:1628 DB:86 nvmxdizc V: 30 H:235 F:30
				87F09F 9F 00 E0 7F STA $7FE000,X [7FE50C] A:20FC X:050C Y:000D S:012A D:1628 DB:86 nvmxdizc V: 30 H:238 F:30
				87F0A3 E8          INX                    A:20FC X:050C Y:000D S:012A D:1628 DB:86 nvmxdizc V: 30 H:248 F:30
				87F0A4 E8          INX                    A:20FC X:050D Y:000D S:012A D:1628 DB:86 nvmxdizc V: 30 H:251 F:30
				87F0A5 1A          INC                    A:20FC X:050E Y:000D S:012A D:1628 DB:86 nvmxdizc V: 30 H:254 F:30
				87F0A6 9F 00 E0 7F STA $7FE000,X [7FE50E] A:20FD X:050E Y:000D S:012A D:1628 DB:86 nvmxdizc V: 30 H:257 F:30
				87F0AA E8          INX                    A:20FD X:050E Y:000D S:012A D:1628 DB:86 nvmxdizc V: 30 H:267 F:30
				87F0AB E8          INX                    A:20FD X:050F Y:000D S:012A D:1628 DB:86 nvmxdizc V: 30 H:270 F:30
				87F0AC 88          DEY                    A:20FD X:0510 Y:000D S:012A D:1628 DB:86 nvmxdizc V: 30 H:273 F:30
				87F0AD D0 EF       BNE $00EF     [87F09E] A:20FD X:0510 Y:000C S:012A D:1628 DB:86 nvmxdizc V: 30 H:276 F:30
				87F09E 3A          DEC                    A:20FD X:0510 Y:000C S:012A D:1628 DB:86 nvmxdizc V: 30 H:280 F:30
				87F09F 9F 00 E0 7F STA $7FE000,X [7FE510] A:20FC X:0510 Y:000C S:012A D:1628 DB:86 nvmxdizc V: 30 H:283 F:30
				87F0A3 E8          INX                    A:20FC X:0510 Y:000C S:012A D:1628 DB:86 nvmxdizc V: 30 H:293 F:30
				87F0A4 E8          INX                    A:20FC X:0511 Y:000C S:012A D:1628 DB:86 nvmxdizc V: 30 H:296 F:30
				87F0A5 1A          INC                    A:20FC X:0512 Y:000C S:012A D:1628 DB:86 nvmxdizc V: 30 H:299 F:30
				87F0A6 9F 00 E0 7F STA $7FE000,X [7FE512] A:20FD X:0512 Y:000C S:012A D:1628 DB:86 nvmxdizc V: 30 H:302 F:30
				87F0AA E8          INX                    A:20FD X:0512 Y:000C S:012A D:1628 DB:86 nvmxdizc V: 30 H:312 F:30
				87F0AB E8          INX                    A:20FD X:0513 Y:000C S:012A D:1628 DB:86 nvmxdizc V: 30 H:315 F:30
				87F0AC 88          DEY                    A:20FD X:0514 Y:000C S:012A D:1628 DB:86 nvmxdizc V: 30 H:318 F:30
				87F0AD D0 EF       BNE $00EF     [87F09E] A:20FD X:0514 Y:000B S:012A D:1628 DB:86 nvmxdizc V: 30 H:321 F:30
				87F09E 3A          DEC                    A:20FD X:0514 Y:000B S:012A D:1628 DB:86 nvmxdizc V: 30 H:325 F:30
				87F09F 9F 00 E0 7F STA $7FE000,X [7FE514] A:20FC X:0514 Y:000B S:012A D:1628 DB:86 nvmxdizc V: 30 H:328 F:30
				87F0A3 E8          INX                    A:20FC X:0514 Y:000B S:012A D:1628 DB:86 nvmxdizc V: 30 H:338 F:30
				87F0A4 E8          INX                    A:20FC X:0515 Y:000B S:012A D:1628 DB:86 nvmxdizc V: 31 H:  1 F:30
				87F0A5 1A          INC                    A:20FC X:0516 Y:000B S:012A D:1628 DB:86 nvmxdizc V: 31 H:  4 F:30
				87F0A6 9F 00 E0 7F STA $7FE000,X [7FE516] A:20FD X:0516 Y:000B S:012A D:1628 DB:86 nvmxdizc V: 31 H:  7 F:30
				87F0AA E8          INX                    A:20FD X:0516 Y:000B S:012A D:1628 DB:86 nvmxdizc V: 31 H: 17 F:30
				87F0AB E8          INX                    A:20FD X:0517 Y:000B S:012A D:1628 DB:86 nvmxdizc V: 31 H: 20 F:30
				87F0AC 88          DEY                    A:20FD X:0518 Y:000B S:012A D:1628 DB:86 nvmxdizc V: 31 H: 23 F:30
				87F0AD D0 EF       BNE $00EF     [87F09E] A:20FD X:0518 Y:000A S:012A D:1628 DB:86 nvmxdizc V: 31 H: 26 F:30
				87F09E 3A          DEC                    A:20FD X:0518 Y:000A S:012A D:1628 DB:86 nvmxdizc V: 31 H: 30 F:30
				87F09F 9F 00 E0 7F STA $7FE000,X [7FE518] A:20FC X:0518 Y:000A S:012A D:1628 DB:86 nvmxdizc V: 31 H: 33 F:30
				87F0A3 E8          INX                    A:20FC X:0518 Y:000A S:012A D:1628 DB:86 nvmxdizc V: 31 H: 43 F:30
				87F0A4 E8          INX                    A:20FC X:0519 Y:000A S:012A D:1628 DB:86 nvmxdizc V: 31 H: 46 F:30
				87F0A5 1A          INC                    A:20FC X:051A Y:000A S:012A D:1628 DB:86 nvmxdizc V: 31 H: 49 F:30
				87F0A6 9F 00 E0 7F STA $7FE000,X [7FE51A] A:20FD X:051A Y:000A S:012A D:1628 DB:86 nvmxdizc V: 31 H: 52 F:30
				87F0AA E8          INX                    A:20FD X:051A Y:000A S:012A D:1628 DB:86 nvmxdizc V: 31 H: 62 F:30
				87F0AB E8          INX                    A:20FD X:051B Y:000A S:012A D:1628 DB:86 nvmxdizc V: 31 H: 65 F:30
				87F0AC 88          DEY                    A:20FD X:051C Y:000A S:012A D:1628 DB:86 nvmxdizc V: 31 H: 68 F:30
				87F0AD D0 EF       BNE $00EF     [87F09E] A:20FD X:051C Y:0009 S:012A D:1628 DB:86 nvmxdizc V: 31 H: 71 F:30
				87F09E 3A          DEC                    A:20FD X:051C Y:0009 S:012A D:1628 DB:86 nvmxdizc V: 31 H: 76 F:30
				87F09F 9F 00 E0 7F STA $7FE000,X [7FE51C] A:20FC X:051C Y:0009 S:012A D:1628 DB:86 nvmxdizc V: 31 H: 79 F:30
				87F0A3 E8          INX                    A:20FC X:051C Y:0009 S:012A D:1628 DB:86 nvmxdizc V: 31 H: 89 F:30
				87F0A4 E8          INX                    A:20FC X:051D Y:0009 S:012A D:1628 DB:86 nvmxdizc V: 31 H: 92 F:30
				87F0A5 1A          INC                    A:20FC X:051E Y:0009 S:012A D:1628 DB:86 nvmxdizc V: 31 H: 95 F:30
				87F0A6 9F 00 E0 7F STA $7FE000,X [7FE51E] A:20FD X:051E Y:0009 S:012A D:1628 DB:86 nvmxdizc V: 31 H: 98 F:30
				87F0AA E8          INX                    A:20FD X:051E Y:0009 S:012A D:1628 DB:86 nvmxdizc V: 31 H:108 F:30
				87F0AB E8          INX                    A:20FD X:051F Y:0009 S:012A D:1628 DB:86 nvmxdizc V: 31 H:111 F:30
				87F0AC 88          DEY                    A:20FD X:0520 Y:0009 S:012A D:1628 DB:86 nvmxdizc V: 31 H:114 F:30
				87F0AD D0 EF       BNE $00EF     [87F09E] A:20FD X:0520 Y:0008 S:012A D:1628 DB:86 nvmxdizc V: 31 H:117 F:30
				87F09E 3A          DEC                    A:20FD X:0520 Y:0008 S:012A D:1628 DB:86 nvmxdizc V: 31 H:121 F:30
				87F09F 9F 00 E0 7F STA $7FE000,X [7FE520] A:20FC X:0520 Y:0008 S:012A D:1628 DB:86 nvmxdizc V: 31 H:124 F:30
				87F0A3 E8          INX                    A:20FC X:0520 Y:0008 S:012A D:1628 DB:86 nvmxdizc V: 31 H:144 F:30
				87F0A4 E8          INX                    A:20FC X:0521 Y:0008 S:012A D:1628 DB:86 nvmxdizc V: 31 H:147 F:30
				87F0A5 1A          INC                    A:20FC X:0522 Y:0008 S:012A D:1628 DB:86 nvmxdizc V: 31 H:150 F:30
				87F0A6 9F 00 E0 7F STA $7FE000,X [7FE522] A:20FD X:0522 Y:0008 S:012A D:1628 DB:86 nvmxdizc V: 31 H:153 F:30
				87F0AA E8          INX                    A:20FD X:0522 Y:0008 S:012A D:1628 DB:86 nvmxdizc V: 31 H:163 F:30
				87F0AB E8          INX                    A:20FD X:0523 Y:0008 S:012A D:1628 DB:86 nvmxdizc V: 31 H:166 F:30
				87F0AC 88          DEY                    A:20FD X:0524 Y:0008 S:012A D:1628 DB:86 nvmxdizc V: 31 H:169 F:30
				87F0AD D0 EF       BNE $00EF     [87F09E] A:20FD X:0524 Y:0007 S:012A D:1628 DB:86 nvmxdizc V: 31 H:172 F:30
				87F09E 3A          DEC                    A:20FD X:0524 Y:0007 S:012A D:1628 DB:86 nvmxdizc V: 31 H:177 F:30
				87F09F 9F 00 E0 7F STA $7FE000,X [7FE524] A:20FC X:0524 Y:0007 S:012A D:1628 DB:86 nvmxdizc V: 31 H:180 F:30
				87F0A3 E8          INX                    A:20FC X:0524 Y:0007 S:012A D:1628 DB:86 nvmxdizc V: 31 H:190 F:30
				87F0A4 E8          INX                    A:20FC X:0525 Y:0007 S:012A D:1628 DB:86 nvmxdizc V: 31 H:193 F:30
				87F0A5 1A          INC                    A:20FC X:0526 Y:0007 S:012A D:1628 DB:86 nvmxdizc V: 31 H:196 F:30
				87F0A6 9F 00 E0 7F STA $7FE000,X [7FE526] A:20FD X:0526 Y:0007 S:012A D:1628 DB:86 nvmxdizc V: 31 H:199 F:30
				87F0AA E8          INX                    A:20FD X:0526 Y:0007 S:012A D:1628 DB:86 nvmxdizc V: 31 H:209 F:30
				87F0AB E8          INX                    A:20FD X:0527 Y:0007 S:012A D:1628 DB:86 nvmxdizc V: 31 H:212 F:30
				87F0AC 88          DEY                    A:20FD X:0528 Y:0007 S:012A D:1628 DB:86 nvmxdizc V: 31 H:215 F:30
				87F0AD D0 EF       BNE $00EF     [87F09E] A:20FD X:0528 Y:0006 S:012A D:1628 DB:86 nvmxdizc V: 31 H:218 F:30
				87F09E 3A          DEC                    A:20FD X:0528 Y:0006 S:012A D:1628 DB:86 nvmxdizc V: 31 H:222 F:30
				87F09F 9F 00 E0 7F STA $7FE000,X [7FE528] A:20FC X:0528 Y:0006 S:012A D:1628 DB:86 nvmxdizc V: 31 H:225 F:30
				87F0A3 E8          INX                    A:20FC X:0528 Y:0006 S:012A D:1628 DB:86 nvmxdizc V: 31 H:235 F:30
				87F0A4 E8          INX                    A:20FC X:0529 Y:0006 S:012A D:1628 DB:86 nvmxdizc V: 31 H:238 F:30
				87F0A5 1A          INC                    A:20FC X:052A Y:0006 S:012A D:1628 DB:86 nvmxdizc V: 31 H:241 F:30
				87F0A6 9F 00 E0 7F STA $7FE000,X [7FE52A] A:20FD X:052A Y:0006 S:012A D:1628 DB:86 nvmxdizc V: 31 H:244 F:30
				87F0AA E8          INX                    A:20FD X:052A Y:0006 S:012A D:1628 DB:86 nvmxdizc V: 31 H:254 F:30
				87F0AB E8          INX                    A:20FD X:052B Y:0006 S:012A D:1628 DB:86 nvmxdizc V: 31 H:257 F:30
				87F0AC 88          DEY                    A:20FD X:052C Y:0006 S:012A D:1628 DB:86 nvmxdizc V: 31 H:260 F:30
				87F0AD D0 EF       BNE $00EF     [87F09E] A:20FD X:052C Y:0005 S:012A D:1628 DB:86 nvmxdizc V: 31 H:263 F:30
				87F09E 3A          DEC                    A:20FD X:052C Y:0005 S:012A D:1628 DB:86 nvmxdizc V: 31 H:268 F:30
				87F09F 9F 00 E0 7F STA $7FE000,X [7FE52C] A:20FC X:052C Y:0005 S:012A D:1628 DB:86 nvmxdizc V: 31 H:271 F:30
				87F0A3 E8          INX                    A:20FC X:052C Y:0005 S:012A D:1628 DB:86 nvmxdizc V: 31 H:281 F:30
				87F0A4 E8          INX                    A:20FC X:052D Y:0005 S:012A D:1628 DB:86 nvmxdizc V: 31 H:284 F:30
				87F0A5 1A          INC                    A:20FC X:052E Y:0005 S:012A D:1628 DB:86 nvmxdizc V: 31 H:287 F:30
				87F0A6 9F 00 E0 7F STA $7FE000,X [7FE52E] A:20FD X:052E Y:0005 S:012A D:1628 DB:86 nvmxdizc V: 31 H:290 F:30
				87F0AA E8          INX                    A:20FD X:052E Y:0005 S:012A D:1628 DB:86 nvmxdizc V: 31 H:300 F:30
				87F0AB E8          INX                    A:20FD X:052F Y:0005 S:012A D:1628 DB:86 nvmxdizc V: 31 H:303 F:30
				87F0AC 88          DEY                    A:20FD X:0530 Y:0005 S:012A D:1628 DB:86 nvmxdizc V: 31 H:306 F:30
				87F0AD D0 EF       BNE $00EF     [87F09E] A:20FD X:0530 Y:0004 S:012A D:1628 DB:86 nvmxdizc V: 31 H:309 F:30
				87F09E 3A          DEC                    A:20FD X:0530 Y:0004 S:012A D:1628 DB:86 nvmxdizc V: 31 H:313 F:30
				87F09F 9F 00 E0 7F STA $7FE000,X [7FE530] A:20FC X:0530 Y:0004 S:012A D:1628 DB:86 nvmxdizc V: 31 H:316 F:30
				87F0A3 E8          INX                    A:20FC X:0530 Y:0004 S:012A D:1628 DB:86 nvmxdizc V: 31 H:326 F:30
				87F0A4 E8          INX                    A:20FC X:0531 Y:0004 S:012A D:1628 DB:86 nvmxdizc V: 31 H:328 F:30
				87F0A5 1A          INC                    A:20FC X:0532 Y:0004 S:012A D:1628 DB:86 nvmxdizc V: 31 H:331 F:30
				87F0A6 9F 00 E0 7F STA $7FE000,X [7FE532] A:20FD X:0532 Y:0004 S:012A D:1628 DB:86 nvmxdizc V: 31 H:334 F:30
				87F0AA E8          INX                    A:20FD X:0532 Y:0004 S:012A D:1628 DB:86 nvmxdizc V: 32 H:  4 F:30
				87F0AB E8          INX                    A:20FD X:0533 Y:0004 S:012A D:1628 DB:86 nvmxdizc V: 32 H:  7 F:30
				87F0AC 88          DEY                    A:20FD X:0534 Y:0004 S:012A D:1628 DB:86 nvmxdizc V: 32 H: 10 F:30
				87F0AD D0 EF       BNE $00EF     [87F09E] A:20FD X:0534 Y:0003 S:012A D:1628 DB:86 nvmxdizc V: 32 H: 13 F:30
				87F09E 3A          DEC                    A:20FD X:0534 Y:0003 S:012A D:1628 DB:86 nvmxdizc V: 32 H: 18 F:30
				87F09F 9F 00 E0 7F STA $7FE000,X [7FE534] A:20FC X:0534 Y:0003 S:012A D:1628 DB:86 nvmxdizc V: 32 H: 21 F:30
				87F0A3 E8          INX                    A:20FC X:0534 Y:0003 S:012A D:1628 DB:86 nvmxdizc V: 32 H: 31 F:30
				87F0A4 E8          INX                    A:20FC X:0535 Y:0003 S:012A D:1628 DB:86 nvmxdizc V: 32 H: 34 F:30
				87F0A5 1A          INC                    A:20FC X:0536 Y:0003 S:012A D:1628 DB:86 nvmxdizc V: 32 H: 37 F:30
				87F0A6 9F 00 E0 7F STA $7FE000,X [7FE536] A:20FD X:0536 Y:0003 S:012A D:1628 DB:86 nvmxdizc V: 32 H: 40 F:30
				87F0AA E8          INX                    A:20FD X:0536 Y:0003 S:012A D:1628 DB:86 nvmxdizc V: 32 H: 50 F:30
				87F0AB E8          INX                    A:20FD X:0537 Y:0003 S:012A D:1628 DB:86 nvmxdizc V: 32 H: 53 F:30
				87F0AC 88          DEY                    A:20FD X:0538 Y:0003 S:012A D:1628 DB:86 nvmxdizc V: 32 H: 56 F:30
				87F0AD D0 EF       BNE $00EF     [87F09E] A:20FD X:0538 Y:0002 S:012A D:1628 DB:86 nvmxdizc V: 32 H: 59 F:30
				87F09E 3A          DEC                    A:20FD X:0538 Y:0002 S:012A D:1628 DB:86 nvmxdizc V: 32 H: 63 F:30
				87F09F 9F 00 E0 7F STA $7FE000,X [7FE538] A:20FC X:0538 Y:0002 S:012A D:1628 DB:86 nvmxdizc V: 32 H: 66 F:30
				87F0A3 E8          INX                    A:20FC X:0538 Y:0002 S:012A D:1628 DB:86 nvmxdizc V: 32 H: 76 F:30
				87F0A4 E8          INX                    A:20FC X:0539 Y:0002 S:012A D:1628 DB:86 nvmxdizc V: 32 H: 79 F:30
				87F0A5 1A          INC                    A:20FC X:053A Y:0002 S:012A D:1628 DB:86 nvmxdizc V: 32 H: 82 F:30
				87F0A6 9F 00 E0 7F STA $7FE000,X [7FE53A] A:20FD X:053A Y:0002 S:012A D:1628 DB:86 nvmxdizc V: 32 H: 85 F:30
				87F0AA E8          INX                    A:20FD X:053A Y:0002 S:012A D:1628 DB:86 nvmxdizc V: 32 H: 95 F:30
				87F0AB E8          INX                    A:20FD X:053B Y:0002 S:012A D:1628 DB:86 nvmxdizc V: 32 H: 98 F:30
				87F0AC 88          DEY                    A:20FD X:053C Y:0002 S:012A D:1628 DB:86 nvmxdizc V: 32 H:101 F:30
				87F0AD D0 EF       BNE $00EF     [87F09E] A:20FD X:053C Y:0001 S:012A D:1628 DB:86 nvmxdizc V: 32 H:104 F:30
				87F09E 3A          DEC                    A:20FD X:053C Y:0001 S:012A D:1628 DB:86 nvmxdizc V: 32 H:109 F:30
				87F09F 9F 00 E0 7F STA $7FE000,X [7FE53C] A:20FC X:053C Y:0001 S:012A D:1628 DB:86 nvmxdizc V: 32 H:112 F:30
				87F0A3 E8          INX                    A:20FC X:053C Y:0001 S:012A D:1628 DB:86 nvmxdizc V: 32 H:122 F:30
				87F0A4 E8          INX                    A:20FC X:053D Y:0001 S:012A D:1628 DB:86 nvmxdizc V: 32 H:125 F:30
				87F0A5 1A          INC                    A:20FC X:053E Y:0001 S:012A D:1628 DB:86 nvmxdizc V: 32 H:128 F:30
				87F0A6 9F 00 E0 7F STA $7FE000,X [7FE53E] A:20FD X:053E Y:0001 S:012A D:1628 DB:86 nvmxdizc V: 32 H:131 F:30
				87F0AA E8          INX                    A:20FD X:053E Y:0001 S:012A D:1628 DB:86 nvmxdizc V: 32 H:151 F:30
				87F0AB E8          INX                    A:20FD X:053F Y:0001 S:012A D:1628 DB:86 nvmxdizc V: 32 H:154 F:30
				87F0AC 88          DEY                    A:20FD X:0540 Y:0001 S:012A D:1628 DB:86 nvmxdizc V: 32 H:157 F:30
				87F0AD D0 EF       BNE $00EF     [87F09E] A:20FD X:0540 Y:0000 S:012A D:1628 DB:86 nvmxdiZc V: 32 H:160 F:30
				87F0AF A0 10 00    LDY #$0010             A:20FD X:0540 Y:0000 S:012A D:1628 DB:86 nvmxdiZc V: 32 H:163 F:30
				87F0B2 A9 FF 20    LDA #$20FF             A:20FD X:0540 Y:0010 S:012A D:1628 DB:86 nvmxdizc V: 32 H:167 F:30
				87F0B5 05 1C       ORA $1C       [001644] A:20FF X:0540 Y:0010 S:012A D:1628 DB:86 nvmxdizc V: 32 H:172 F:30
				87F0B7 3A          DEC                    A:20FF X:0540 Y:0010 S:012A D:1628 DB:86 nvmxdizc V: 32 H:180 F:30
				87F0B8 9F 00 E0 7F STA $7FE000,X [7FE540] A:20FE X:0540 Y:0010 S:012A D:1628 DB:86 nvmxdizc V: 32 H:183 F:30
				87F0BC E8          INX                    A:20FE X:0540 Y:0010 S:012A D:1628 DB:86 nvmxdizc V: 32 H:193 F:30
				87F0BD E8          INX                    A:20FE X:0541 Y:0010 S:012A D:1628 DB:86 nvmxdizc V: 32 H:196 F:30
				87F0BE 1A          INC                    A:20FE X:0542 Y:0010 S:012A D:1628 DB:86 nvmxdizc V: 32 H:199 F:30
				87F0BF 9F 00 E0 7F STA $7FE000,X [7FE542] A:20FF X:0542 Y:0010 S:012A D:1628 DB:86 nvmxdizc V: 32 H:202 F:30
				87F0C3 E8          INX                    A:20FF X:0542 Y:0010 S:012A D:1628 DB:86 nvmxdizc V: 32 H:212 F:30
				87F0C4 E8          INX                    A:20FF X:0543 Y:0010 S:012A D:1628 DB:86 nvmxdizc V: 32 H:215 F:30
				87F0C5 88          DEY                    A:20FF X:0544 Y:0010 S:012A D:1628 DB:86 nvmxdizc V: 32 H:218 F:30
				87F0C6 D0 EF       BNE $00EF     [87F0B7] A:20FF X:0544 Y:000F S:012A D:1628 DB:86 nvmxdizc V: 32 H:221 F:30
				87F0B7 3A          DEC                    A:20FF X:0544 Y:000F S:012A D:1628 DB:86 nvmxdizc V: 32 H:226 F:30
				87F0B8 9F 00 E0 7F STA $7FE000,X [7FE544] A:20FE X:0544 Y:000F S:012A D:1628 DB:86 nvmxdizc V: 32 H:229 F:30
				87F0BC E8          INX                    A:20FE X:0544 Y:000F S:012A D:1628 DB:86 nvmxdizc V: 32 H:239 F:30
				87F0BD E8          INX                    A:20FE X:0545 Y:000F S:012A D:1628 DB:86 nvmxdizc V: 32 H:242 F:30
				87F0BE 1A          INC                    A:20FE X:0546 Y:000F S:012A D:1628 DB:86 nvmxdizc V: 32 H:245 F:30
				87F0BF 9F 00 E0 7F STA $7FE000,X [7FE546] A:20FF X:0546 Y:000F S:012A D:1628 DB:86 nvmxdizc V: 32 H:248 F:30
				87F0C3 E8          INX                    A:20FF X:0546 Y:000F S:012A D:1628 DB:86 nvmxdizc V: 32 H:258 F:30
				87F0C4 E8          INX                    A:20FF X:0547 Y:000F S:012A D:1628 DB:86 nvmxdizc V: 32 H:261 F:30
				87F0C5 88          DEY                    A:20FF X:0548 Y:000F S:012A D:1628 DB:86 nvmxdizc V: 32 H:264 F:30
				87F0C6 D0 EF       BNE $00EF     [87F0B7] A:20FF X:0548 Y:000E S:012A D:1628 DB:86 nvmxdizc V: 32 H:267 F:30
				87F0B7 3A          DEC                    A:20FF X:0548 Y:000E S:012A D:1628 DB:86 nvmxdizc V: 32 H:271 F:30
				87F0B8 9F 00 E0 7F STA $7FE000,X [7FE548] A:20FE X:0548 Y:000E S:012A D:1628 DB:86 nvmxdizc V: 32 H:274 F:30
				87F0BC E8          INX                    A:20FE X:0548 Y:000E S:012A D:1628 DB:86 nvmxdizc V: 32 H:284 F:30
				87F0BD E8          INX                    A:20FE X:0549 Y:000E S:012A D:1628 DB:86 nvmxdizc V: 32 H:287 F:30
				87F0BE 1A          INC                    A:20FE X:054A Y:000E S:012A D:1628 DB:86 nvmxdizc V: 32 H:290 F:30
				87F0BF 9F 00 E0 7F STA $7FE000,X [7FE54A] A:20FF X:054A Y:000E S:012A D:1628 DB:86 nvmxdizc V: 32 H:293 F:30
				87F0C3 E8          INX                    A:20FF X:054A Y:000E S:012A D:1628 DB:86 nvmxdizc V: 32 H:303 F:30
				87F0C4 E8          INX                    A:20FF X:054B Y:000E S:012A D:1628 DB:86 nvmxdizc V: 32 H:306 F:30
				87F0C5 88          DEY                    A:20FF X:054C Y:000E S:012A D:1628 DB:86 nvmxdizc V: 32 H:309 F:30
				87F0C6 D0 EF       BNE $00EF     [87F0B7] A:20FF X:054C Y:000D S:012A D:1628 DB:86 nvmxdizc V: 32 H:312 F:30
				87F0B7 3A          DEC                    A:20FF X:054C Y:000D S:012A D:1628 DB:86 nvmxdizc V: 32 H:317 F:30
				87F0B8 9F 00 E0 7F STA $7FE000,X [7FE54C] A:20FE X:054C Y:000D S:012A D:1628 DB:86 nvmxdizc V: 32 H:320 F:30
				87F0BC E8          INX                    A:20FE X:054C Y:000D S:012A D:1628 DB:86 nvmxdizc V: 32 H:329 F:30
				87F0BD E8          INX                    A:20FE X:054D Y:000D S:012A D:1628 DB:86 nvmxdizc V: 32 H:332 F:30
				87F0BE 1A          INC                    A:20FE X:054E Y:000D S:012A D:1628 DB:86 nvmxdizc V: 32 H:335 F:30
				87F0BF 9F 00 E0 7F STA $7FE000,X [7FE54E] A:20FF X:054E Y:000D S:012A D:1628 DB:86 nvmxdizc V: 32 H:338 F:30
				87F0C3 E8          INX                    A:20FF X:054E Y:000D S:012A D:1628 DB:86 nvmxdizc V: 33 H:  8 F:30
				87F0C4 E8          INX                    A:20FF X:054F Y:000D S:012A D:1628 DB:86 nvmxdizc V: 33 H: 11 F:30
				87F0C5 88          DEY                    A:20FF X:0550 Y:000D S:012A D:1628 DB:86 nvmxdizc V: 33 H: 14 F:30
				87F0C6 D0 EF       BNE $00EF     [87F0B7] A:20FF X:0550 Y:000C S:012A D:1628 DB:86 nvmxdizc V: 33 H: 17 F:30
				87F0B7 3A          DEC                    A:20FF X:0550 Y:000C S:012A D:1628 DB:86 nvmxdizc V: 33 H: 21 F:30
				87F0B8 9F 00 E0 7F STA $7FE000,X [7FE550] A:20FE X:0550 Y:000C S:012A D:1628 DB:86 nvmxdizc V: 33 H: 24 F:30
				87F0BC E8          INX                    A:20FE X:0550 Y:000C S:012A D:1628 DB:86 nvmxdizc V: 33 H: 34 F:30
				87F0BD E8          INX                    A:20FE X:0551 Y:000C S:012A D:1628 DB:86 nvmxdizc V: 33 H: 37 F:30
				87F0BE 1A          INC                    A:20FE X:0552 Y:000C S:012A D:1628 DB:86 nvmxdizc V: 33 H: 40 F:30
				87F0BF 9F 00 E0 7F STA $7FE000,X [7FE552] A:20FF X:0552 Y:000C S:012A D:1628 DB:86 nvmxdizc V: 33 H: 43 F:30
				87F0C3 E8          INX                    A:20FF X:0552 Y:000C S:012A D:1628 DB:86 nvmxdizc V: 33 H: 53 F:30
				87F0C4 E8          INX                    A:20FF X:0553 Y:000C S:012A D:1628 DB:86 nvmxdizc V: 33 H: 56 F:30
				87F0C5 88          DEY                    A:20FF X:0554 Y:000C S:012A D:1628 DB:86 nvmxdizc V: 33 H: 59 F:30
				87F0C6 D0 EF       BNE $00EF     [87F0B7] A:20FF X:0554 Y:000B S:012A D:1628 DB:86 nvmxdizc V: 33 H: 62 F:30
				87F0B7 3A          DEC                    A:20FF X:0554 Y:000B S:012A D:1628 DB:86 nvmxdizc V: 33 H: 67 F:30
				87F0B8 9F 00 E0 7F STA $7FE000,X [7FE554] A:20FE X:0554 Y:000B S:012A D:1628 DB:86 nvmxdizc V: 33 H: 70 F:30
				87F0BC E8          INX                    A:20FE X:0554 Y:000B S:012A D:1628 DB:86 nvmxdizc V: 33 H: 80 F:30
				87F0BD E8          INX                    A:20FE X:0555 Y:000B S:012A D:1628 DB:86 nvmxdizc V: 33 H: 83 F:30
				87F0BE 1A          INC                    A:20FE X:0556 Y:000B S:012A D:1628 DB:86 nvmxdizc V: 33 H: 86 F:30
				87F0BF 9F 00 E0 7F STA $7FE000,X [7FE556] A:20FF X:0556 Y:000B S:012A D:1628 DB:86 nvmxdizc V: 33 H: 89 F:30
				87F0C3 E8          INX                    A:20FF X:0556 Y:000B S:012A D:1628 DB:86 nvmxdizc V: 33 H: 99 F:30
				87F0C4 E8          INX                    A:20FF X:0557 Y:000B S:012A D:1628 DB:86 nvmxdizc V: 33 H:102 F:30
				87F0C5 88          DEY                    A:20FF X:0558 Y:000B S:012A D:1628 DB:86 nvmxdizc V: 33 H:105 F:30
				87F0C6 D0 EF       BNE $00EF     [87F0B7] A:20FF X:0558 Y:000A S:012A D:1628 DB:86 nvmxdizc V: 33 H:108 F:30
				87F0B7 3A          DEC                    A:20FF X:0558 Y:000A S:012A D:1628 DB:86 nvmxdizc V: 33 H:112 F:30
				87F0B8 9F 00 E0 7F STA $7FE000,X [7FE558] A:20FE X:0558 Y:000A S:012A D:1628 DB:86 nvmxdizc V: 33 H:115 F:30
				87F0BC E8          INX                    A:20FE X:0558 Y:000A S:012A D:1628 DB:86 nvmxdizc V: 33 H:125 F:30
				87F0BD E8          INX                    A:20FE X:0559 Y:000A S:012A D:1628 DB:86 nvmxdizc V: 33 H:128 F:30
				87F0BE 1A          INC                    A:20FE X:055A Y:000A S:012A D:1628 DB:86 nvmxdizc V: 33 H:131 F:30
				87F0BF 9F 00 E0 7F STA $7FE000,X [7FE55A] A:20FF X:055A Y:000A S:012A D:1628 DB:86 nvmxdizc V: 33 H:144 F:30
				87F0C3 E8          INX                    A:20FF X:055A Y:000A S:012A D:1628 DB:86 nvmxdizc V: 33 H:154 F:30
				87F0C4 E8          INX                    A:20FF X:055B Y:000A S:012A D:1628 DB:86 nvmxdizc V: 33 H:157 F:30
				87F0C5 88          DEY                    A:20FF X:055C Y:000A S:012A D:1628 DB:86 nvmxdizc V: 33 H:160 F:30
				87F0C6 D0 EF       BNE $00EF     [87F0B7] A:20FF X:055C Y:0009 S:012A D:1628 DB:86 nvmxdizc V: 33 H:163 F:30
				87F0B7 3A          DEC                    A:20FF X:055C Y:0009 S:012A D:1628 DB:86 nvmxdizc V: 33 H:168 F:30
				87F0B8 9F 00 E0 7F STA $7FE000,X [7FE55C] A:20FE X:055C Y:0009 S:012A D:1628 DB:86 nvmxdizc V: 33 H:171 F:30
				87F0BC E8          INX                    A:20FE X:055C Y:0009 S:012A D:1628 DB:86 nvmxdizc V: 33 H:181 F:30
				87F0BD E8          INX                    A:20FE X:055D Y:0009 S:012A D:1628 DB:86 nvmxdizc V: 33 H:184 F:30
				87F0BE 1A          INC                    A:20FE X:055E Y:0009 S:012A D:1628 DB:86 nvmxdizc V: 33 H:187 F:30
				87F0BF 9F 00 E0 7F STA $7FE000,X [7FE55E] A:20FF X:055E Y:0009 S:012A D:1628 DB:86 nvmxdizc V: 33 H:190 F:30
				87F0C3 E8          INX                    A:20FF X:055E Y:0009 S:012A D:1628 DB:86 nvmxdizc V: 33 H:200 F:30
				87F0C4 E8          INX                    A:20FF X:055F Y:0009 S:012A D:1628 DB:86 nvmxdizc V: 33 H:203 F:30
				87F0C5 88          DEY                    A:20FF X:0560 Y:0009 S:012A D:1628 DB:86 nvmxdizc V: 33 H:206 F:30
				87F0C6 D0 EF       BNE $00EF     [87F0B7] A:20FF X:0560 Y:0008 S:012A D:1628 DB:86 nvmxdizc V: 33 H:209 F:30
				87F0B7 3A          DEC                    A:20FF X:0560 Y:0008 S:012A D:1628 DB:86 nvmxdizc V: 33 H:213 F:30
				87F0B8 9F 00 E0 7F STA $7FE000,X [7FE560] A:20FE X:0560 Y:0008 S:012A D:1628 DB:86 nvmxdizc V: 33 H:216 F:30
				87F0BC E8          INX                    A:20FE X:0560 Y:0008 S:012A D:1628 DB:86 nvmxdizc V: 33 H:226 F:30
				87F0BD E8          INX                    A:20FE X:0561 Y:0008 S:012A D:1628 DB:86 nvmxdizc V: 33 H:229 F:30
				87F0BE 1A          INC                    A:20FE X:0562 Y:0008 S:012A D:1628 DB:86 nvmxdizc V: 33 H:232 F:30
				87F0BF 9F 00 E0 7F STA $7FE000,X [7FE562] A:20FF X:0562 Y:0008 S:012A D:1628 DB:86 nvmxdizc V: 33 H:235 F:30
				87F0C3 E8          INX                    A:20FF X:0562 Y:0008 S:012A D:1628 DB:86 nvmxdizc V: 33 H:245 F:30
				87F0C4 E8          INX                    A:20FF X:0563 Y:0008 S:012A D:1628 DB:86 nvmxdizc V: 33 H:248 F:30
				87F0C5 88          DEY                    A:20FF X:0564 Y:0008 S:012A D:1628 DB:86 nvmxdizc V: 33 H:251 F:30
				87F0C6 D0 EF       BNE $00EF     [87F0B7] A:20FF X:0564 Y:0007 S:012A D:1628 DB:86 nvmxdizc V: 33 H:254 F:30
				87F0B7 3A          DEC                    A:20FF X:0564 Y:0007 S:012A D:1628 DB:86 nvmxdizc V: 33 H:259 F:30
				87F0B8 9F 00 E0 7F STA $7FE000,X [7FE564] A:20FE X:0564 Y:0007 S:012A D:1628 DB:86 nvmxdizc V: 33 H:262 F:30
				87F0BC E8          INX                    A:20FE X:0564 Y:0007 S:012A D:1628 DB:86 nvmxdizc V: 33 H:272 F:30
				87F0BD E8          INX                    A:20FE X:0565 Y:0007 S:012A D:1628 DB:86 nvmxdizc V: 33 H:275 F:30
				87F0BE 1A          INC                    A:20FE X:0566 Y:0007 S:012A D:1628 DB:86 nvmxdizc V: 33 H:278 F:30
				87F0BF 9F 00 E0 7F STA $7FE000,X [7FE566] A:20FF X:0566 Y:0007 S:012A D:1628 DB:86 nvmxdizc V: 33 H:281 F:30
				87F0C3 E8          INX                    A:20FF X:0566 Y:0007 S:012A D:1628 DB:86 nvmxdizc V: 33 H:291 F:30
				87F0C4 E8          INX                    A:20FF X:0567 Y:0007 S:012A D:1628 DB:86 nvmxdizc V: 33 H:294 F:30
				87F0C5 88          DEY                    A:20FF X:0568 Y:0007 S:012A D:1628 DB:86 nvmxdizc V: 33 H:297 F:30
				87F0C6 D0 EF       BNE $00EF     [87F0B7] A:20FF X:0568 Y:0006 S:012A D:1628 DB:86 nvmxdizc V: 33 H:300 F:30
				87F0B7 3A          DEC                    A:20FF X:0568 Y:0006 S:012A D:1628 DB:86 nvmxdizc V: 33 H:304 F:30
				87F0B8 9F 00 E0 7F STA $7FE000,X [7FE568] A:20FE X:0568 Y:0006 S:012A D:1628 DB:86 nvmxdizc V: 33 H:307 F:30
				87F0BC E8          INX                    A:20FE X:0568 Y:0006 S:012A D:1628 DB:86 nvmxdizc V: 33 H:317 F:30
				87F0BD E8          INX                    A:20FE X:0569 Y:0006 S:012A D:1628 DB:86 nvmxdizc V: 33 H:320 F:30
				87F0BE 1A          INC                    A:20FE X:056A Y:0006 S:012A D:1628 DB:86 nvmxdizc V: 33 H:323 F:30
				87F0BF 9F 00 E0 7F STA $7FE000,X [7FE56A] A:20FF X:056A Y:0006 S:012A D:1628 DB:86 nvmxdizc V: 33 H:326 F:30
				87F0C3 E8          INX                    A:20FF X:056A Y:0006 S:012A D:1628 DB:86 nvmxdizc V: 33 H:335 F:30
				87F0C4 E8          INX                    A:20FF X:056B Y:0006 S:012A D:1628 DB:86 nvmxdizc V: 33 H:338 F:30
				87F0C5 88          DEY                    A:20FF X:056C Y:0006 S:012A D:1628 DB:86 nvmxdizc V: 34 H:  1 F:30
				87F0C6 D0 EF       BNE $00EF     [87F0B7] A:20FF X:056C Y:0005 S:012A D:1628 DB:86 nvmxdizc V: 34 H:  4 F:30
				87F0B7 3A          DEC                    A:20FF X:056C Y:0005 S:012A D:1628 DB:86 nvmxdizc V: 34 H:  9 F:30
				87F0B8 9F 00 E0 7F STA $7FE000,X [7FE56C] A:20FE X:056C Y:0005 S:012A D:1628 DB:86 nvmxdizc V: 34 H: 12 F:30
				87F0BC E8          INX                    A:20FE X:056C Y:0005 S:012A D:1628 DB:86 nvmxdizc V: 34 H: 22 F:30
				87F0BD E8          INX                    A:20FE X:056D Y:0005 S:012A D:1628 DB:86 nvmxdizc V: 34 H: 25 F:30
				87F0BE 1A          INC                    A:20FE X:056E Y:0005 S:012A D:1628 DB:86 nvmxdizc V: 34 H: 28 F:30
				87F0BF 9F 00 E0 7F STA $7FE000,X [7FE56E] A:20FF X:056E Y:0005 S:012A D:1628 DB:86 nvmxdizc V: 34 H: 31 F:30
				87F0C3 E8          INX                    A:20FF X:056E Y:0005 S:012A D:1628 DB:86 nvmxdizc V: 34 H: 41 F:30
				87F0C4 E8          INX                    A:20FF X:056F Y:0005 S:012A D:1628 DB:86 nvmxdizc V: 34 H: 44 F:30
				87F0C5 88          DEY                    A:20FF X:0570 Y:0005 S:012A D:1628 DB:86 nvmxdizc V: 34 H: 47 F:30
				87F0C6 D0 EF       BNE $00EF     [87F0B7] A:20FF X:0570 Y:0004 S:012A D:1628 DB:86 nvmxdizc V: 34 H: 50 F:30
				87F0B7 3A          DEC                    A:20FF X:0570 Y:0004 S:012A D:1628 DB:86 nvmxdizc V: 34 H: 54 F:30
				87F0B8 9F 00 E0 7F STA $7FE000,X [7FE570] A:20FE X:0570 Y:0004 S:012A D:1628 DB:86 nvmxdizc V: 34 H: 57 F:30
				87F0BC E8          INX                    A:20FE X:0570 Y:0004 S:012A D:1628 DB:86 nvmxdizc V: 34 H: 67 F:30
				87F0BD E8          INX                    A:20FE X:0571 Y:0004 S:012A D:1628 DB:86 nvmxdizc V: 34 H: 70 F:30
				87F0BE 1A          INC                    A:20FE X:0572 Y:0004 S:012A D:1628 DB:86 nvmxdizc V: 34 H: 73 F:30
				87F0BF 9F 00 E0 7F STA $7FE000,X [7FE572] A:20FF X:0572 Y:0004 S:012A D:1628 DB:86 nvmxdizc V: 34 H: 76 F:30
				87F0C3 E8          INX                    A:20FF X:0572 Y:0004 S:012A D:1628 DB:86 nvmxdizc V: 34 H: 86 F:30
				87F0C4 E8          INX                    A:20FF X:0573 Y:0004 S:012A D:1628 DB:86 nvmxdizc V: 34 H: 89 F:30
				87F0C5 88          DEY                    A:20FF X:0574 Y:0004 S:012A D:1628 DB:86 nvmxdizc V: 34 H: 92 F:30
				87F0C6 D0 EF       BNE $00EF     [87F0B7] A:20FF X:0574 Y:0003 S:012A D:1628 DB:86 nvmxdizc V: 34 H: 95 F:30
				87F0B7 3A          DEC                    A:20FF X:0574 Y:0003 S:012A D:1628 DB:86 nvmxdizc V: 34 H:100 F:30
				87F0B8 9F 00 E0 7F STA $7FE000,X [7FE574] A:20FE X:0574 Y:0003 S:012A D:1628 DB:86 nvmxdizc V: 34 H:103 F:30
				87F0BC E8          INX                    A:20FE X:0574 Y:0003 S:012A D:1628 DB:86 nvmxdizc V: 34 H:113 F:30
				87F0BD E8          INX                    A:20FE X:0575 Y:0003 S:012A D:1628 DB:86 nvmxdizc V: 34 H:116 F:30
				87F0BE 1A          INC                    A:20FE X:0576 Y:0003 S:012A D:1628 DB:86 nvmxdizc V: 34 H:119 F:30
				87F0BF 9F 00 E0 7F STA $7FE000,X [7FE576] A:20FF X:0576 Y:0003 S:012A D:1628 DB:86 nvmxdizc V: 34 H:122 F:30
				87F0C3 E8          INX                    A:20FF X:0576 Y:0003 S:012A D:1628 DB:86 nvmxdizc V: 34 H:132 F:30
				87F0C4 E8          INX                    A:20FF X:0577 Y:0003 S:012A D:1628 DB:86 nvmxdizc V: 34 H:145 F:30
				87F0C5 88          DEY                    A:20FF X:0578 Y:0003 S:012A D:1628 DB:86 nvmxdizc V: 34 H:148 F:30
				87F0C6 D0 EF       BNE $00EF     [87F0B7] A:20FF X:0578 Y:0002 S:012A D:1628 DB:86 nvmxdizc V: 34 H:151 F:30
				87F0B7 3A          DEC                    A:20FF X:0578 Y:0002 S:012A D:1628 DB:86 nvmxdizc V: 34 H:155 F:30
				87F0B8 9F 00 E0 7F STA $7FE000,X [7FE578] A:20FE X:0578 Y:0002 S:012A D:1628 DB:86 nvmxdizc V: 34 H:158 F:30
				87F0BC E8          INX                    A:20FE X:0578 Y:0002 S:012A D:1628 DB:86 nvmxdizc V: 34 H:168 F:30
				87F0BD E8          INX                    A:20FE X:0579 Y:0002 S:012A D:1628 DB:86 nvmxdizc V: 34 H:171 F:30
				87F0BE 1A          INC                    A:20FE X:057A Y:0002 S:012A D:1628 DB:86 nvmxdizc V: 34 H:174 F:30
				87F0BF 9F 00 E0 7F STA $7FE000,X [7FE57A] A:20FF X:057A Y:0002 S:012A D:1628 DB:86 nvmxdizc V: 34 H:177 F:30
				87F0C3 E8          INX                    A:20FF X:057A Y:0002 S:012A D:1628 DB:86 nvmxdizc V: 34 H:187 F:30
				87F0C4 E8          INX                    A:20FF X:057B Y:0002 S:012A D:1628 DB:86 nvmxdizc V: 34 H:190 F:30
				87F0C5 88          DEY                    A:20FF X:057C Y:0002 S:012A D:1628 DB:86 nvmxdizc V: 34 H:193 F:30
				87F0C6 D0 EF       BNE $00EF     [87F0B7] A:20FF X:057C Y:0001 S:012A D:1628 DB:86 nvmxdizc V: 34 H:196 F:30
				87F0B7 3A          DEC                    A:20FF X:057C Y:0001 S:012A D:1628 DB:86 nvmxdizc V: 34 H:201 F:30
				87F0B8 9F 00 E0 7F STA $7FE000,X [7FE57C] A:20FE X:057C Y:0001 S:012A D:1628 DB:86 nvmxdizc V: 34 H:204 F:30
				87F0BC E8          INX                    A:20FE X:057C Y:0001 S:012A D:1628 DB:86 nvmxdizc V: 34 H:214 F:30
				87F0BD E8          INX                    A:20FE X:057D Y:0001 S:012A D:1628 DB:86 nvmxdizc V: 34 H:217 F:30
				87F0BE 1A          INC                    A:20FE X:057E Y:0001 S:012A D:1628 DB:86 nvmxdizc V: 34 H:220 F:30
				87F0BF 9F 00 E0 7F STA $7FE000,X [7FE57E] A:20FF X:057E Y:0001 S:012A D:1628 DB:86 nvmxdizc V: 34 H:223 F:30
				87F0C3 E8          INX                    A:20FF X:057E Y:0001 S:012A D:1628 DB:86 nvmxdizc V: 34 H:233 F:30
				87F0C4 E8          INX                    A:20FF X:057F Y:0001 S:012A D:1628 DB:86 nvmxdizc V: 34 H:236 F:30
				87F0C5 88          DEY                    A:20FF X:0580 Y:0001 S:012A D:1628 DB:86 nvmxdizc V: 34 H:239 F:30
				87F0C6 D0 EF       BNE $00EF     [87F0B7] A:20FF X:0580 Y:0000 S:012A D:1628 DB:86 nvmxdiZc V: 34 H:242 F:30
				87F0C8 E0 00 08    CPX #$0800             A:20FF X:0580 Y:0000 S:012A D:1628 DB:86 nvmxdiZc V: 34 H:245 F:30
				87F0CB 90 C9       BCC $00C9     [87F096] A:20FF X:0580 Y:0000 S:012A D:1628 DB:86 Nvmxdizc V: 34 H:249 F:30
				87F096 A0 10 00    LDY #$0010             A:20FF X:0580 Y:0000 S:012A D:1628 DB:86 Nvmxdizc V: 34 H:254 F:30
				87F099 A9 FD 20    LDA #$20FD             A:20FF X:0580 Y:0010 S:012A D:1628 DB:86 nvmxdizc V: 34 H:258 F:30
				87F09C 05 1C       ORA $1C       [001644] A:20FD X:0580 Y:0010 S:012A D:1628 DB:86 nvmxdizc V: 34 H:263 F:30
				87F09E 3A          DEC                    A:20FD X:0580 Y:0010 S:012A D:1628 DB:86 nvmxdizc V: 34 H:271 F:30
				87F09F 9F 00 E0 7F STA $7FE000,X [7FE580] A:20FC X:0580 Y:0010 S:012A D:1628 DB:86 nvmxdizc V: 34 H:274 F:30
				87F0A3 E8          INX                    A:20FC X:0580 Y:0010 S:012A D:1628 DB:86 nvmxdizc V: 34 H:284 F:30
				87F0A4 E8          INX                    A:20FC X:0581 Y:0010 S:012A D:1628 DB:86 nvmxdizc V: 34 H:287 F:30
				87F0A5 1A          INC                    A:20FC X:0582 Y:0010 S:012A D:1628 DB:86 nvmxdizc V: 34 H:290 F:30
				87F0A6 9F 00 E0 7F STA $7FE000,X [7FE582] A:20FD X:0582 Y:0010 S:012A D:1628 DB:86 nvmxdizc V: 34 H:293 F:30
				87F0AA E8          INX                    A:20FD X:0582 Y:0010 S:012A D:1628 DB:86 nvmxdizc V: 34 H:303 F:30
				87F0AB E8          INX                    A:20FD X:0583 Y:0010 S:012A D:1628 DB:86 nvmxdizc V: 34 H:306 F:30
				87F0AC 88          DEY                    A:20FD X:0584 Y:0010 S:012A D:1628 DB:86 nvmxdizc V: 34 H:309 F:30
				87F0AD D0 EF       BNE $00EF     [87F09E] A:20FD X:0584 Y:000F S:012A D:1628 DB:86 nvmxdizc V: 34 H:312 F:30
				87F09E 3A          DEC                    A:20FD X:0584 Y:000F S:012A D:1628 DB:86 nvmxdizc V: 34 H:317 F:30
				87F09F 9F 00 E0 7F STA $7FE000,X [7FE584] A:20FC X:0584 Y:000F S:012A D:1628 DB:86 nvmxdizc V: 34 H:320 F:30
				87F0A3 E8          INX                    A:20FC X:0584 Y:000F S:012A D:1628 DB:86 nvmxdizc V: 34 H:329 F:30
				87F0A4 E8          INX                    A:20FC X:0585 Y:000F S:012A D:1628 DB:86 nvmxdizc V: 34 H:332 F:30
				87F0A5 1A          INC                    A:20FC X:0586 Y:000F S:012A D:1628 DB:86 nvmxdizc V: 34 H:335 F:30
				87F0A6 9F 00 E0 7F STA $7FE000,X [7FE586] A:20FD X:0586 Y:000F S:012A D:1628 DB:86 nvmxdizc V: 34 H:338 F:30
				87F0AA E8          INX                    A:20FD X:0586 Y:000F S:012A D:1628 DB:86 nvmxdizc V: 35 H:  8 F:30
				87F0AB E8          INX                    A:20FD X:0587 Y:000F S:012A D:1628 DB:86 nvmxdizc V: 35 H: 11 F:30
				87F0AC 88          DEY                    A:20FD X:0588 Y:000F S:012A D:1628 DB:86 nvmxdizc V: 35 H: 14 F:30
				87F0AD D0 EF       BNE $00EF     [87F09E] A:20FD X:0588 Y:000E S:012A D:1628 DB:86 nvmxdizc V: 35 H: 17 F:30
				87F09E 3A          DEC                    A:20FD X:0588 Y:000E S:012A D:1628 DB:86 nvmxdizc V: 35 H: 21 F:30
				87F09F 9F 00 E0 7F STA $7FE000,X [7FE588] A:20FC X:0588 Y:000E S:012A D:1628 DB:86 nvmxdizc V: 35 H: 24 F:30
				87F0A3 E8          INX                    A:20FC X:0588 Y:000E S:012A D:1628 DB:86 nvmxdizc V: 35 H: 34 F:30
				87F0A4 E8          INX                    A:20FC X:0589 Y:000E S:012A D:1628 DB:86 nvmxdizc V: 35 H: 37 F:30
				87F0A5 1A          INC                    A:20FC X:058A Y:000E S:012A D:1628 DB:86 nvmxdizc V: 35 H: 40 F:30
				87F0A6 9F 00 E0 7F STA $7FE000,X [7FE58A] A:20FD X:058A Y:000E S:012A D:1628 DB:86 nvmxdizc V: 35 H: 43 F:30
				87F0AA E8          INX                    A:20FD X:058A Y:000E S:012A D:1628 DB:86 nvmxdizc V: 35 H: 53 F:30
				87F0AB E8          INX                    A:20FD X:058B Y:000E S:012A D:1628 DB:86 nvmxdizc V: 35 H: 56 F:30
				87F0AC 88          DEY                    A:20FD X:058C Y:000E S:012A D:1628 DB:86 nvmxdizc V: 35 H: 59 F:30
				87F0AD D0 EF       BNE $00EF     [87F09E] A:20FD X:058C Y:000D S:012A D:1628 DB:86 nvmxdizc V: 35 H: 62 F:30
				87F09E 3A          DEC                    A:20FD X:058C Y:000D S:012A D:1628 DB:86 nvmxdizc V: 35 H: 67 F:30
				87F09F 9F 00 E0 7F STA $7FE000,X [7FE58C] A:20FC X:058C Y:000D S:012A D:1628 DB:86 nvmxdizc V: 35 H: 70 F:30
				87F0A3 E8          INX                    A:20FC X:058C Y:000D S:012A D:1628 DB:86 nvmxdizc V: 35 H: 80 F:30
				87F0A4 E8          INX                    A:20FC X:058D Y:000D S:012A D:1628 DB:86 nvmxdizc V: 35 H: 83 F:30
				87F0A5 1A          INC                    A:20FC X:058E Y:000D S:012A D:1628 DB:86 nvmxdizc V: 35 H: 86 F:30
				87F0A6 9F 00 E0 7F STA $7FE000,X [7FE58E] A:20FD X:058E Y:000D S:012A D:1628 DB:86 nvmxdizc V: 35 H: 89 F:30
				87F0AA E8          INX                    A:20FD X:058E Y:000D S:012A D:1628 DB:86 nvmxdizc V: 35 H: 99 F:30
				87F0AB E8          INX                    A:20FD X:058F Y:000D S:012A D:1628 DB:86 nvmxdizc V: 35 H:102 F:30
				87F0AC 88          DEY                    A:20FD X:0590 Y:000D S:012A D:1628 DB:86 nvmxdizc V: 35 H:105 F:30
				87F0AD D0 EF       BNE $00EF     [87F09E] A:20FD X:0590 Y:000C S:012A D:1628 DB:86 nvmxdizc V: 35 H:108 F:30
				87F09E 3A          DEC                    A:20FD X:0590 Y:000C S:012A D:1628 DB:86 nvmxdizc V: 35 H:112 F:30
				87F09F 9F 00 E0 7F STA $7FE000,X [7FE590] A:20FC X:0590 Y:000C S:012A D:1628 DB:86 nvmxdizc V: 35 H:115 F:30
				87F0A3 E8          INX                    A:20FC X:0590 Y:000C S:012A D:1628 DB:86 nvmxdizc V: 35 H:125 F:30
				87F0A4 E8          INX                    A:20FC X:0591 Y:000C S:012A D:1628 DB:86 nvmxdizc V: 35 H:128 F:30
				87F0A5 1A          INC                    A:20FC X:0592 Y:000C S:012A D:1628 DB:86 nvmxdizc V: 35 H:131 F:30
				87F0A6 9F 00 E0 7F STA $7FE000,X [7FE592] A:20FD X:0592 Y:000C S:012A D:1628 DB:86 nvmxdizc V: 35 H:144 F:30
				87F0AA E8          INX                    A:20FD X:0592 Y:000C S:012A D:1628 DB:86 nvmxdizc V: 35 H:154 F:30
				87F0AB E8          INX                    A:20FD X:0593 Y:000C S:012A D:1628 DB:86 nvmxdizc V: 35 H:157 F:30
				87F0AC 88          DEY                    A:20FD X:0594 Y:000C S:012A D:1628 DB:86 nvmxdizc V: 35 H:160 F:30
				87F0AD D0 EF       BNE $00EF     [87F09E] A:20FD X:0594 Y:000B S:012A D:1628 DB:86 nvmxdizc V: 35 H:163 F:30
				87F09E 3A          DEC                    A:20FD X:0594 Y:000B S:012A D:1628 DB:86 nvmxdizc V: 35 H:168 F:30
				87F09F 9F 00 E0 7F STA $7FE000,X [7FE594] A:20FC X:0594 Y:000B S:012A D:1628 DB:86 nvmxdizc V: 35 H:171 F:30
				87F0A3 E8          INX                    A:20FC X:0594 Y:000B S:012A D:1628 DB:86 nvmxdizc V: 35 H:181 F:30
				87F0A4 E8          INX                    A:20FC X:0595 Y:000B S:012A D:1628 DB:86 nvmxdizc V: 35 H:184 F:30
				87F0A5 1A          INC                    A:20FC X:0596 Y:000B S:012A D:1628 DB:86 nvmxdizc V: 35 H:187 F:30
				87F0A6 9F 00 E0 7F STA $7FE000,X [7FE596] A:20FD X:0596 Y:000B S:012A D:1628 DB:86 nvmxdizc V: 35 H:190 F:30
				87F0AA E8          INX                    A:20FD X:0596 Y:000B S:012A D:1628 DB:86 nvmxdizc V: 35 H:200 F:30
				87F0AB E8          INX                    A:20FD X:0597 Y:000B S:012A D:1628 DB:86 nvmxdizc V: 35 H:203 F:30
				87F0AC 88          DEY                    A:20FD X:0598 Y:000B S:012A D:1628 DB:86 nvmxdizc V: 35 H:206 F:30
				87F0AD D0 EF       BNE $00EF     [87F09E] A:20FD X:0598 Y:000A S:012A D:1628 DB:86 nvmxdizc V: 35 H:209 F:30
				87F09E 3A          DEC                    A:20FD X:0598 Y:000A S:012A D:1628 DB:86 nvmxdizc V: 35 H:213 F:30
				87F09F 9F 00 E0 7F STA $7FE000,X [7FE598] A:20FC X:0598 Y:000A S:012A D:1628 DB:86 nvmxdizc V: 35 H:216 F:30
				87F0A3 E8          INX                    A:20FC X:0598 Y:000A S:012A D:1628 DB:86 nvmxdizc V: 35 H:226 F:30
				87F0A4 E8          INX                    A:20FC X:0599 Y:000A S:012A D:1628 DB:86 nvmxdizc V: 35 H:229 F:30
				87F0A5 1A          INC                    A:20FC X:059A Y:000A S:012A D:1628 DB:86 nvmxdizc V: 35 H:232 F:30
				87F0A6 9F 00 E0 7F STA $7FE000,X [7FE59A] A:20FD X:059A Y:000A S:012A D:1628 DB:86 nvmxdizc V: 35 H:235 F:30
				87F0AA E8          INX                    A:20FD X:059A Y:000A S:012A D:1628 DB:86 nvmxdizc V: 35 H:245 F:30
				87F0AB E8          INX                    A:20FD X:059B Y:000A S:012A D:1628 DB:86 nvmxdizc V: 35 H:248 F:30
				87F0AC 88          DEY                    A:20FD X:059C Y:000A S:012A D:1628 DB:86 nvmxdizc V: 35 H:251 F:30
				87F0AD D0 EF       BNE $00EF     [87F09E] A:20FD X:059C Y:0009 S:012A D:1628 DB:86 nvmxdizc V: 35 H:254 F:30
				87F09E 3A          DEC                    A:20FD X:059C Y:0009 S:012A D:1628 DB:86 nvmxdizc V: 35 H:259 F:30
				87F09F 9F 00 E0 7F STA $7FE000,X [7FE59C] A:20FC X:059C Y:0009 S:012A D:1628 DB:86 nvmxdizc V: 35 H:262 F:30
				87F0A3 E8          INX                    A:20FC X:059C Y:0009 S:012A D:1628 DB:86 nvmxdizc V: 35 H:272 F:30
				87F0A4 E8          INX                    A:20FC X:059D Y:0009 S:012A D:1628 DB:86 nvmxdizc V: 35 H:275 F:30
				87F0A5 1A          INC                    A:20FC X:059E Y:0009 S:012A D:1628 DB:86 nvmxdizc V: 35 H:278 F:30
				87F0A6 9F 00 E0 7F STA $7FE000,X [7FE59E] A:20FD X:059E Y:0009 S:012A D:1628 DB:86 nvmxdizc V: 35 H:281 F:30
				87F0AA E8          INX                    A:20FD X:059E Y:0009 S:012A D:1628 DB:86 nvmxdizc V: 35 H:291 F:30
				87F0AB E8          INX                    A:20FD X:059F Y:0009 S:012A D:1628 DB:86 nvmxdizc V: 35 H:294 F:30
				87F0AC 88          DEY                    A:20FD X:05A0 Y:0009 S:012A D:1628 DB:86 nvmxdizc V: 35 H:297 F:30
				87F0AD D0 EF       BNE $00EF     [87F09E] A:20FD X:05A0 Y:0008 S:012A D:1628 DB:86 nvmxdizc V: 35 H:300 F:30
				87F09E 3A          DEC                    A:20FD X:05A0 Y:0008 S:012A D:1628 DB:86 nvmxdizc V: 35 H:304 F:30
				87F09F 9F 00 E0 7F STA $7FE000,X [7FE5A0] A:20FC X:05A0 Y:0008 S:012A D:1628 DB:86 nvmxdizc V: 35 H:307 F:30
				87F0A3 E8          INX                    A:20FC X:05A0 Y:0008 S:012A D:1628 DB:86 nvmxdizc V: 35 H:317 F:30
				87F0A4 E8          INX                    A:20FC X:05A1 Y:0008 S:012A D:1628 DB:86 nvmxdizc V: 35 H:320 F:30
				87F0A5 1A          INC                    A:20FC X:05A2 Y:0008 S:012A D:1628 DB:86 nvmxdizc V: 35 H:323 F:30
				87F0A6 9F 00 E0 7F STA $7FE000,X [7FE5A2] A:20FD X:05A2 Y:0008 S:012A D:1628 DB:86 nvmxdizc V: 35 H:326 F:30
				87F0AA E8          INX                    A:20FD X:05A2 Y:0008 S:012A D:1628 DB:86 nvmxdizc V: 35 H:335 F:30
				87F0AB E8          INX                    A:20FD X:05A3 Y:0008 S:012A D:1628 DB:86 nvmxdizc V: 35 H:338 F:30
				87F0AC 88          DEY                    A:20FD X:05A4 Y:0008 S:012A D:1628 DB:86 nvmxdizc V: 36 H:  1 F:30
				87F0AD D0 EF       BNE $00EF     [87F09E] A:20FD X:05A4 Y:0007 S:012A D:1628 DB:86 nvmxdizc V: 36 H:  4 F:30
				87F09E 3A          DEC                    A:20FD X:05A4 Y:0007 S:012A D:1628 DB:86 nvmxdizc V: 36 H:  9 F:30
				87F09F 9F 00 E0 7F STA $7FE000,X [7FE5A4] A:20FC X:05A4 Y:0007 S:012A D:1628 DB:86 nvmxdizc V: 36 H: 12 F:30
				87F0A3 E8          INX                    A:20FC X:05A4 Y:0007 S:012A D:1628 DB:86 nvmxdizc V: 36 H: 22 F:30
				87F0A4 E8          INX                    A:20FC X:05A5 Y:0007 S:012A D:1628 DB:86 nvmxdizc V: 36 H: 25 F:30
				87F0A5 1A          INC                    A:20FC X:05A6 Y:0007 S:012A D:1628 DB:86 nvmxdizc V: 36 H: 28 F:30
				87F0A6 9F 00 E0 7F STA $7FE000,X [7FE5A6] A:20FD X:05A6 Y:0007 S:012A D:1628 DB:86 nvmxdizc V: 36 H: 31 F:30
				87F0AA E8          INX                    A:20FD X:05A6 Y:0007 S:012A D:1628 DB:86 nvmxdizc V: 36 H: 41 F:30
				87F0AB E8          INX                    A:20FD X:05A7 Y:0007 S:012A D:1628 DB:86 nvmxdizc V: 36 H: 44 F:30
				87F0AC 88          DEY                    A:20FD X:05A8 Y:0007 S:012A D:1628 DB:86 nvmxdizc V: 36 H: 47 F:30
				87F0AD D0 EF       BNE $00EF     [87F09E] A:20FD X:05A8 Y:0006 S:012A D:1628 DB:86 nvmxdizc V: 36 H: 50 F:30
				87F09E 3A          DEC                    A:20FD X:05A8 Y:0006 S:012A D:1628 DB:86 nvmxdizc V: 36 H: 54 F:30
				87F09F 9F 00 E0 7F STA $7FE000,X [7FE5A8] A:20FC X:05A8 Y:0006 S:012A D:1628 DB:86 nvmxdizc V: 36 H: 57 F:30
				87F0A3 E8          INX                    A:20FC X:05A8 Y:0006 S:012A D:1628 DB:86 nvmxdizc V: 36 H: 67 F:30
				87F0A4 E8          INX                    A:20FC X:05A9 Y:0006 S:012A D:1628 DB:86 nvmxdizc V: 36 H: 70 F:30
				87F0A5 1A          INC                    A:20FC X:05AA Y:0006 S:012A D:1628 DB:86 nvmxdizc V: 36 H: 73 F:30
				87F0A6 9F 00 E0 7F STA $7FE000,X [7FE5AA] A:20FD X:05AA Y:0006 S:012A D:1628 DB:86 nvmxdizc V: 36 H: 76 F:30
				87F0AA E8          INX                    A:20FD X:05AA Y:0006 S:012A D:1628 DB:86 nvmxdizc V: 36 H: 86 F:30
				87F0AB E8          INX                    A:20FD X:05AB Y:0006 S:012A D:1628 DB:86 nvmxdizc V: 36 H: 89 F:30
				87F0AC 88          DEY                    A:20FD X:05AC Y:0006 S:012A D:1628 DB:86 nvmxdizc V: 36 H: 92 F:30
				87F0AD D0 EF       BNE $00EF     [87F09E] A:20FD X:05AC Y:0005 S:012A D:1628 DB:86 nvmxdizc V: 36 H: 95 F:30
				87F09E 3A          DEC                    A:20FD X:05AC Y:0005 S:012A D:1628 DB:86 nvmxdizc V: 36 H:100 F:30
				87F09F 9F 00 E0 7F STA $7FE000,X [7FE5AC] A:20FC X:05AC Y:0005 S:012A D:1628 DB:86 nvmxdizc V: 36 H:103 F:30
				87F0A3 E8          INX                    A:20FC X:05AC Y:0005 S:012A D:1628 DB:86 nvmxdizc V: 36 H:113 F:30
				87F0A4 E8          INX                    A:20FC X:05AD Y:0005 S:012A D:1628 DB:86 nvmxdizc V: 36 H:116 F:30
				87F0A5 1A          INC                    A:20FC X:05AE Y:0005 S:012A D:1628 DB:86 nvmxdizc V: 36 H:119 F:30
				87F0A6 9F 00 E0 7F STA $7FE000,X [7FE5AE] A:20FD X:05AE Y:0005 S:012A D:1628 DB:86 nvmxdizc V: 36 H:122 F:30
				87F0AA E8          INX                    A:20FD X:05AE Y:0005 S:012A D:1628 DB:86 nvmxdizc V: 36 H:132 F:30
				87F0AB E8          INX                    A:20FD X:05AF Y:0005 S:012A D:1628 DB:86 nvmxdizc V: 36 H:145 F:30
				87F0AC 88          DEY                    A:20FD X:05B0 Y:0005 S:012A D:1628 DB:86 nvmxdizc V: 36 H:148 F:30
				87F0AD D0 EF       BNE $00EF     [87F09E] A:20FD X:05B0 Y:0004 S:012A D:1628 DB:86 nvmxdizc V: 36 H:151 F:30
				87F09E 3A          DEC                    A:20FD X:05B0 Y:0004 S:012A D:1628 DB:86 nvmxdizc V: 36 H:155 F:30
				87F09F 9F 00 E0 7F STA $7FE000,X [7FE5B0] A:20FC X:05B0 Y:0004 S:012A D:1628 DB:86 nvmxdizc V: 36 H:158 F:30
				87F0A3 E8          INX                    A:20FC X:05B0 Y:0004 S:012A D:1628 DB:86 nvmxdizc V: 36 H:168 F:30
				87F0A4 E8          INX                    A:20FC X:05B1 Y:0004 S:012A D:1628 DB:86 nvmxdizc V: 36 H:171 F:30
				87F0A5 1A          INC                    A:20FC X:05B2 Y:0004 S:012A D:1628 DB:86 nvmxdizc V: 36 H:174 F:30
				87F0A6 9F 00 E0 7F STA $7FE000,X [7FE5B2] A:20FD X:05B2 Y:0004 S:012A D:1628 DB:86 nvmxdizc V: 36 H:177 F:30
				87F0AA E8          INX                    A:20FD X:05B2 Y:0004 S:012A D:1628 DB:86 nvmxdizc V: 36 H:187 F:30
				87F0AB E8          INX                    A:20FD X:05B3 Y:0004 S:012A D:1628 DB:86 nvmxdizc V: 36 H:190 F:30
				87F0AC 88          DEY                    A:20FD X:05B4 Y:0004 S:012A D:1628 DB:86 nvmxdizc V: 36 H:193 F:30
				87F0AD D0 EF       BNE $00EF     [87F09E] A:20FD X:05B4 Y:0003 S:012A D:1628 DB:86 nvmxdizc V: 36 H:196 F:30
				87F09E 3A          DEC                    A:20FD X:05B4 Y:0003 S:012A D:1628 DB:86 nvmxdizc V: 36 H:201 F:30
				87F09F 9F 00 E0 7F STA $7FE000,X [7FE5B4] A:20FC X:05B4 Y:0003 S:012A D:1628 DB:86 nvmxdizc V: 36 H:204 F:30
				87F0A3 E8          INX                    A:20FC X:05B4 Y:0003 S:012A D:1628 DB:86 nvmxdizc V: 36 H:214 F:30
				87F0A4 E8          INX                    A:20FC X:05B5 Y:0003 S:012A D:1628 DB:86 nvmxdizc V: 36 H:217 F:30
				87F0A5 1A          INC                    A:20FC X:05B6 Y:0003 S:012A D:1628 DB:86 nvmxdizc V: 36 H:220 F:30
				87F0A6 9F 00 E0 7F STA $7FE000,X [7FE5B6] A:20FD X:05B6 Y:0003 S:012A D:1628 DB:86 nvmxdizc V: 36 H:223 F:30
				87F0AA E8          INX                    A:20FD X:05B6 Y:0003 S:012A D:1628 DB:86 nvmxdizc V: 36 H:233 F:30
				87F0AB E8          INX                    A:20FD X:05B7 Y:0003 S:012A D:1628 DB:86 nvmxdizc V: 36 H:236 F:30
				87F0AC 88          DEY                    A:20FD X:05B8 Y:0003 S:012A D:1628 DB:86 nvmxdizc V: 36 H:239 F:30
				87F0AD D0 EF       BNE $00EF     [87F09E] A:20FD X:05B8 Y:0002 S:012A D:1628 DB:86 nvmxdizc V: 36 H:242 F:30
				87F09E 3A          DEC                    A:20FD X:05B8 Y:0002 S:012A D:1628 DB:86 nvmxdizc V: 36 H:246 F:30
				87F09F 9F 00 E0 7F STA $7FE000,X [7FE5B8] A:20FC X:05B8 Y:0002 S:012A D:1628 DB:86 nvmxdizc V: 36 H:249 F:30
				87F0A3 E8          INX                    A:20FC X:05B8 Y:0002 S:012A D:1628 DB:86 nvmxdizc V: 36 H:259 F:30
				87F0A4 E8          INX                    A:20FC X:05B9 Y:0002 S:012A D:1628 DB:86 nvmxdizc V: 36 H:262 F:30
				87F0A5 1A          INC                    A:20FC X:05BA Y:0002 S:012A D:1628 DB:86 nvmxdizc V: 36 H:265 F:30
				87F0A6 9F 00 E0 7F STA $7FE000,X [7FE5BA] A:20FD X:05BA Y:0002 S:012A D:1628 DB:86 nvmxdizc V: 36 H:268 F:30
				87F0AA E8          INX                    A:20FD X:05BA Y:0002 S:012A D:1628 DB:86 nvmxdizc V: 36 H:278 F:30
				87F0AB E8          INX                    A:20FD X:05BB Y:0002 S:012A D:1628 DB:86 nvmxdizc V: 36 H:281 F:30
				87F0AC 88          DEY                    A:20FD X:05BC Y:0002 S:012A D:1628 DB:86 nvmxdizc V: 36 H:284 F:30
				87F0AD D0 EF       BNE $00EF     [87F09E] A:20FD X:05BC Y:0001 S:012A D:1628 DB:86 nvmxdizc V: 36 H:287 F:30
				87F09E 3A          DEC                    A:20FD X:05BC Y:0001 S:012A D:1628 DB:86 nvmxdizc V: 36 H:292 F:30
				87F09F 9F 00 E0 7F STA $7FE000,X [7FE5BC] A:20FC X:05BC Y:0001 S:012A D:1628 DB:86 nvmxdizc V: 36 H:295 F:30
				87F0A3 E8          INX                    A:20FC X:05BC Y:0001 S:012A D:1628 DB:86 nvmxdizc V: 36 H:305 F:30
				87F0A4 E8          INX                    A:20FC X:05BD Y:0001 S:012A D:1628 DB:86 nvmxdizc V: 36 H:308 F:30
				87F0A5 1A          INC                    A:20FC X:05BE Y:0001 S:012A D:1628 DB:86 nvmxdizc V: 36 H:311 F:30
				87F0A6 9F 00 E0 7F STA $7FE000,X [7FE5BE] A:20FD X:05BE Y:0001 S:012A D:1628 DB:86 nvmxdizc V: 36 H:314 F:30
				87F0AA E8          INX                    A:20FD X:05BE Y:0001 S:012A D:1628 DB:86 nvmxdizc V: 36 H:323 F:30
				87F0AB E8          INX                    A:20FD X:05BF Y:0001 S:012A D:1628 DB:86 nvmxdizc V: 36 H:326 F:30
				87F0AC 88          DEY                    A:20FD X:05C0 Y:0001 S:012A D:1628 DB:86 nvmxdizc V: 36 H:329 F:30
				87F0AD D0 EF       BNE $00EF     [87F09E] A:20FD X:05C0 Y:0000 S:012A D:1628 DB:86 nvmxdiZc V: 36 H:332 F:30
				87F0AF A0 10 00    LDY #$0010             A:20FD X:05C0 Y:0000 S:012A D:1628 DB:86 nvmxdiZc V: 36 H:335 F:30
				87F0B2 A9 FF 20    LDA #$20FF             A:20FD X:05C0 Y:0010 S:012A D:1628 DB:86 nvmxdizc V: 36 H:339 F:30
				87F0B5 05 1C       ORA $1C       [001644] A:20FF X:05C0 Y:0010 S:012A D:1628 DB:86 nvmxdizc V: 37 H:  4 F:30
				87F0B7 3A          DEC                    A:20FF X:05C0 Y:0010 S:012A D:1628 DB:86 nvmxdizc V: 37 H: 12 F:30
				87F0B8 9F 00 E0 7F STA $7FE000,X [7FE5C0] A:20FE X:05C0 Y:0010 S:012A D:1628 DB:86 nvmxdizc V: 37 H: 15 F:30
				87F0BC E8          INX                    A:20FE X:05C0 Y:0010 S:012A D:1628 DB:86 nvmxdizc V: 37 H: 25 F:30
				87F0BD E8          INX                    A:20FE X:05C1 Y:0010 S:012A D:1628 DB:86 nvmxdizc V: 37 H: 28 F:30
				87F0BE 1A          INC                    A:20FE X:05C2 Y:0010 S:012A D:1628 DB:86 nvmxdizc V: 37 H: 31 F:30
				87F0BF 9F 00 E0 7F STA $7FE000,X [7FE5C2] A:20FF X:05C2 Y:0010 S:012A D:1628 DB:86 nvmxdizc V: 37 H: 34 F:30
				87F0C3 E8          INX                    A:20FF X:05C2 Y:0010 S:012A D:1628 DB:86 nvmxdizc V: 37 H: 44 F:30
				87F0C4 E8          INX                    A:20FF X:05C3 Y:0010 S:012A D:1628 DB:86 nvmxdizc V: 37 H: 47 F:30
				87F0C5 88          DEY                    A:20FF X:05C4 Y:0010 S:012A D:1628 DB:86 nvmxdizc V: 37 H: 50 F:30
				87F0C6 D0 EF       BNE $00EF     [87F0B7] A:20FF X:05C4 Y:000F S:012A D:1628 DB:86 nvmxdizc V: 37 H: 53 F:30
				87F0B7 3A          DEC                    A:20FF X:05C4 Y:000F S:012A D:1628 DB:86 nvmxdizc V: 37 H: 58 F:30
				87F0B8 9F 00 E0 7F STA $7FE000,X [7FE5C4] A:20FE X:05C4 Y:000F S:012A D:1628 DB:86 nvmxdizc V: 37 H: 61 F:30
				87F0BC E8          INX                    A:20FE X:05C4 Y:000F S:012A D:1628 DB:86 nvmxdizc V: 37 H: 71 F:30
				87F0BD E8          INX                    A:20FE X:05C5 Y:000F S:012A D:1628 DB:86 nvmxdizc V: 37 H: 74 F:30
				87F0BE 1A          INC                    A:20FE X:05C6 Y:000F S:012A D:1628 DB:86 nvmxdizc V: 37 H: 77 F:30
				87F0BF 9F 00 E0 7F STA $7FE000,X [7FE5C6] A:20FF X:05C6 Y:000F S:012A D:1628 DB:86 nvmxdizc V: 37 H: 80 F:30
				87F0C3 E8          INX                    A:20FF X:05C6 Y:000F S:012A D:1628 DB:86 nvmxdizc V: 37 H: 90 F:30
				87F0C4 E8          INX                    A:20FF X:05C7 Y:000F S:012A D:1628 DB:86 nvmxdizc V: 37 H: 93 F:30
				87F0C5 88          DEY                    A:20FF X:05C8 Y:000F S:012A D:1628 DB:86 nvmxdizc V: 37 H: 96 F:30
				87F0C6 D0 EF       BNE $00EF     [87F0B7] A:20FF X:05C8 Y:000E S:012A D:1628 DB:86 nvmxdizc V: 37 H: 99 F:30
				87F0B7 3A          DEC                    A:20FF X:05C8 Y:000E S:012A D:1628 DB:86 nvmxdizc V: 37 H:103 F:30
				87F0B8 9F 00 E0 7F STA $7FE000,X [7FE5C8] A:20FE X:05C8 Y:000E S:012A D:1628 DB:86 nvmxdizc V: 37 H:106 F:30
				87F0BC E8          INX                    A:20FE X:05C8 Y:000E S:012A D:1628 DB:86 nvmxdizc V: 37 H:116 F:30
				87F0BD E8          INX                    A:20FE X:05C9 Y:000E S:012A D:1628 DB:86 nvmxdizc V: 37 H:119 F:30
				87F0BE 1A          INC                    A:20FE X:05CA Y:000E S:012A D:1628 DB:86 nvmxdizc V: 37 H:122 F:30
				87F0BF 9F 00 E0 7F STA $7FE000,X [7FE5CA] A:20FF X:05CA Y:000E S:012A D:1628 DB:86 nvmxdizc V: 37 H:125 F:30
				87F0C3 E8          INX                    A:20FF X:05CA Y:000E S:012A D:1628 DB:86 nvmxdizc V: 37 H:145 F:30
				87F0C4 E8          INX                    A:20FF X:05CB Y:000E S:012A D:1628 DB:86 nvmxdizc V: 37 H:148 F:30
				87F0C5 88          DEY                    A:20FF X:05CC Y:000E S:012A D:1628 DB:86 nvmxdizc V: 37 H:151 F:30
				87F0C6 D0 EF       BNE $00EF     [87F0B7] A:20FF X:05CC Y:000D S:012A D:1628 DB:86 nvmxdizc V: 37 H:154 F:30
				87F0B7 3A          DEC                    A:20FF X:05CC Y:000D S:012A D:1628 DB:86 nvmxdizc V: 37 H:159 F:30
				87F0B8 9F 00 E0 7F STA $7FE000,X [7FE5CC] A:20FE X:05CC Y:000D S:012A D:1628 DB:86 nvmxdizc V: 37 H:162 F:30
				87F0BC E8          INX                    A:20FE X:05CC Y:000D S:012A D:1628 DB:86 nvmxdizc V: 37 H:172 F:30
				87F0BD E8          INX                    A:20FE X:05CD Y:000D S:012A D:1628 DB:86 nvmxdizc V: 37 H:175 F:30
				87F0BE 1A          INC                    A:20FE X:05CE Y:000D S:012A D:1628 DB:86 nvmxdizc V: 37 H:178 F:30
				87F0BF 9F 00 E0 7F STA $7FE000,X [7FE5CE] A:20FF X:05CE Y:000D S:012A D:1628 DB:86 nvmxdizc V: 37 H:181 F:30
				87F0C3 E8          INX                    A:20FF X:05CE Y:000D S:012A D:1628 DB:86 nvmxdizc V: 37 H:191 F:30
				87F0C4 E8          INX                    A:20FF X:05CF Y:000D S:012A D:1628 DB:86 nvmxdizc V: 37 H:194 F:30
				87F0C5 88          DEY                    A:20FF X:05D0 Y:000D S:012A D:1628 DB:86 nvmxdizc V: 37 H:197 F:30
				87F0C6 D0 EF       BNE $00EF     [87F0B7] A:20FF X:05D0 Y:000C S:012A D:1628 DB:86 nvmxdizc V: 37 H:200 F:30
				87F0B7 3A          DEC                    A:20FF X:05D0 Y:000C S:012A D:1628 DB:86 nvmxdizc V: 37 H:204 F:30
				87F0B8 9F 00 E0 7F STA $7FE000,X [7FE5D0] A:20FE X:05D0 Y:000C S:012A D:1628 DB:86 nvmxdizc V: 37 H:207 F:30
				87F0BC E8          INX                    A:20FE X:05D0 Y:000C S:012A D:1628 DB:86 nvmxdizc V: 37 H:217 F:30
				87F0BD E8          INX                    A:20FE X:05D1 Y:000C S:012A D:1628 DB:86 nvmxdizc V: 37 H:220 F:30
				87F0BE 1A          INC                    A:20FE X:05D2 Y:000C S:012A D:1628 DB:86 nvmxdizc V: 37 H:223 F:30
				87F0BF 9F 00 E0 7F STA $7FE000,X [7FE5D2] A:20FF X:05D2 Y:000C S:012A D:1628 DB:86 nvmxdizc V: 37 H:226 F:30
				87F0C3 E8          INX                    A:20FF X:05D2 Y:000C S:012A D:1628 DB:86 nvmxdizc V: 37 H:236 F:30
				87F0C4 E8          INX                    A:20FF X:05D3 Y:000C S:012A D:1628 DB:86 nvmxdizc V: 37 H:239 F:30
				87F0C5 88          DEY                    A:20FF X:05D4 Y:000C S:012A D:1628 DB:86 nvmxdizc V: 37 H:242 F:30
				87F0C6 D0 EF       BNE $00EF     [87F0B7] A:20FF X:05D4 Y:000B S:012A D:1628 DB:86 nvmxdizc V: 37 H:245 F:30
				87F0B7 3A          DEC                    A:20FF X:05D4 Y:000B S:012A D:1628 DB:86 nvmxdizc V: 37 H:250 F:30
				87F0B8 9F 00 E0 7F STA $7FE000,X [7FE5D4] A:20FE X:05D4 Y:000B S:012A D:1628 DB:86 nvmxdizc V: 37 H:253 F:30
				87F0BC E8          INX                    A:20FE X:05D4 Y:000B S:012A D:1628 DB:86 nvmxdizc V: 37 H:263 F:30
				87F0BD E8          INX                    A:20FE X:05D5 Y:000B S:012A D:1628 DB:86 nvmxdizc V: 37 H:266 F:30
				87F0BE 1A          INC                    A:20FE X:05D6 Y:000B S:012A D:1628 DB:86 nvmxdizc V: 37 H:269 F:30
				87F0BF 9F 00 E0 7F STA $7FE000,X [7FE5D6] A:20FF X:05D6 Y:000B S:012A D:1628 DB:86 nvmxdizc V: 37 H:272 F:30
				87F0C3 E8          INX                    A:20FF X:05D6 Y:000B S:012A D:1628 DB:86 nvmxdizc V: 37 H:282 F:30
				87F0C4 E8          INX                    A:20FF X:05D7 Y:000B S:012A D:1628 DB:86 nvmxdizc V: 37 H:285 F:30
				87F0C5 88          DEY                    A:20FF X:05D8 Y:000B S:012A D:1628 DB:86 nvmxdizc V: 37 H:288 F:30
				87F0C6 D0 EF       BNE $00EF     [87F0B7] A:20FF X:05D8 Y:000A S:012A D:1628 DB:86 nvmxdizc V: 37 H:291 F:30
				87F0B7 3A          DEC                    A:20FF X:05D8 Y:000A S:012A D:1628 DB:86 nvmxdizc V: 37 H:295 F:30
				87F0B8 9F 00 E0 7F STA $7FE000,X [7FE5D8] A:20FE X:05D8 Y:000A S:012A D:1628 DB:86 nvmxdizc V: 37 H:298 F:30
				87F0BC E8          INX                    A:20FE X:05D8 Y:000A S:012A D:1628 DB:86 nvmxdizc V: 37 H:308 F:30
				87F0BD E8          INX                    A:20FE X:05D9 Y:000A S:012A D:1628 DB:86 nvmxdizc V: 37 H:311 F:30
				87F0BE 1A          INC                    A:20FE X:05DA Y:000A S:012A D:1628 DB:86 nvmxdizc V: 37 H:314 F:30
				87F0BF 9F 00 E0 7F STA $7FE000,X [7FE5DA] A:20FF X:05DA Y:000A S:012A D:1628 DB:86 nvmxdizc V: 37 H:317 F:30
				87F0C3 E8          INX                    A:20FF X:05DA Y:000A S:012A D:1628 DB:86 nvmxdizc V: 37 H:327 F:30
				87F0C4 E8          INX                    A:20FF X:05DB Y:000A S:012A D:1628 DB:86 nvmxdizc V: 37 H:329 F:30
				87F0C5 88          DEY                    A:20FF X:05DC Y:000A S:012A D:1628 DB:86 nvmxdizc V: 37 H:332 F:30
				87F0C6 D0 EF       BNE $00EF     [87F0B7] A:20FF X:05DC Y:0009 S:012A D:1628 DB:86 nvmxdizc V: 37 H:335 F:30
				87F0B7 3A          DEC                    A:20FF X:05DC Y:0009 S:012A D:1628 DB:86 nvmxdizc V: 38 H:  0 F:30
				87F0B8 9F 00 E0 7F STA $7FE000,X [7FE5DC] A:20FE X:05DC Y:0009 S:012A D:1628 DB:86 nvmxdizc V: 38 H:  3 F:30
				87F0BC E8          INX                    A:20FE X:05DC Y:0009 S:012A D:1628 DB:86 nvmxdizc V: 38 H: 13 F:30
				87F0BD E8          INX                    A:20FE X:05DD Y:0009 S:012A D:1628 DB:86 nvmxdizc V: 38 H: 16 F:30
				87F0BE 1A          INC                    A:20FE X:05DE Y:0009 S:012A D:1628 DB:86 nvmxdizc V: 38 H: 19 F:30
				87F0BF 9F 00 E0 7F STA $7FE000,X [7FE5DE] A:20FF X:05DE Y:0009 S:012A D:1628 DB:86 nvmxdizc V: 38 H: 22 F:30
				87F0C3 E8          INX                    A:20FF X:05DE Y:0009 S:012A D:1628 DB:86 nvmxdizc V: 38 H: 32 F:30
				87F0C4 E8          INX                    A:20FF X:05DF Y:0009 S:012A D:1628 DB:86 nvmxdizc V: 38 H: 35 F:30
				87F0C5 88          DEY                    A:20FF X:05E0 Y:0009 S:012A D:1628 DB:86 nvmxdizc V: 38 H: 38 F:30
				87F0C6 D0 EF       BNE $00EF     [87F0B7] A:20FF X:05E0 Y:0008 S:012A D:1628 DB:86 nvmxdizc V: 38 H: 41 F:30
				87F0B7 3A          DEC                    A:20FF X:05E0 Y:0008 S:012A D:1628 DB:86 nvmxdizc V: 38 H: 45 F:30
				87F0B8 9F 00 E0 7F STA $7FE000,X [7FE5E0] A:20FE X:05E0 Y:0008 S:012A D:1628 DB:86 nvmxdizc V: 38 H: 48 F:30
				87F0BC E8          INX                    A:20FE X:05E0 Y:0008 S:012A D:1628 DB:86 nvmxdizc V: 38 H: 58 F:30
				87F0BD E8          INX                    A:20FE X:05E1 Y:0008 S:012A D:1628 DB:86 nvmxdizc V: 38 H: 61 F:30
				87F0BE 1A          INC                    A:20FE X:05E2 Y:0008 S:012A D:1628 DB:86 nvmxdizc V: 38 H: 64 F:30
				87F0BF 9F 00 E0 7F STA $7FE000,X [7FE5E2] A:20FF X:05E2 Y:0008 S:012A D:1628 DB:86 nvmxdizc V: 38 H: 67 F:30
				87F0C3 E8          INX                    A:20FF X:05E2 Y:0008 S:012A D:1628 DB:86 nvmxdizc V: 38 H: 77 F:30
				87F0C4 E8          INX                    A:20FF X:05E3 Y:0008 S:012A D:1628 DB:86 nvmxdizc V: 38 H: 80 F:30
				87F0C5 88          DEY                    A:20FF X:05E4 Y:0008 S:012A D:1628 DB:86 nvmxdizc V: 38 H: 83 F:30
				87F0C6 D0 EF       BNE $00EF     [87F0B7] A:20FF X:05E4 Y:0007 S:012A D:1628 DB:86 nvmxdizc V: 38 H: 86 F:30
				87F0B7 3A          DEC                    A:20FF X:05E4 Y:0007 S:012A D:1628 DB:86 nvmxdizc V: 38 H: 91 F:30
				87F0B8 9F 00 E0 7F STA $7FE000,X [7FE5E4] A:20FE X:05E4 Y:0007 S:012A D:1628 DB:86 nvmxdizc V: 38 H: 94 F:30
				87F0BC E8          INX                    A:20FE X:05E4 Y:0007 S:012A D:1628 DB:86 nvmxdizc V: 38 H:104 F:30
				87F0BD E8          INX                    A:20FE X:05E5 Y:0007 S:012A D:1628 DB:86 nvmxdizc V: 38 H:107 F:30
				87F0BE 1A          INC                    A:20FE X:05E6 Y:0007 S:012A D:1628 DB:86 nvmxdizc V: 38 H:110 F:30
				87F0BF 9F 00 E0 7F STA $7FE000,X [7FE5E6] A:20FF X:05E6 Y:0007 S:012A D:1628 DB:86 nvmxdizc V: 38 H:113 F:30
				87F0C3 E8          INX                    A:20FF X:05E6 Y:0007 S:012A D:1628 DB:86 nvmxdizc V: 38 H:123 F:30
				87F0C4 E8          INX                    A:20FF X:05E7 Y:0007 S:012A D:1628 DB:86 nvmxdizc V: 38 H:126 F:30
				87F0C5 88          DEY                    A:20FF X:05E8 Y:0007 S:012A D:1628 DB:86 nvmxdizc V: 38 H:129 F:30
				87F0C6 D0 EF       BNE $00EF     [87F0B7] A:20FF X:05E8 Y:0006 S:012A D:1628 DB:86 nvmxdizc V: 38 H:132 F:30
				87F0B7 3A          DEC                    A:20FF X:05E8 Y:0006 S:012A D:1628 DB:86 nvmxdizc V: 38 H:146 F:30
				87F0B8 9F 00 E0 7F STA $7FE000,X [7FE5E8] A:20FE X:05E8 Y:0006 S:012A D:1628 DB:86 nvmxdizc V: 38 H:149 F:30
				87F0BC E8          INX                    A:20FE X:05E8 Y:0006 S:012A D:1628 DB:86 nvmxdizc V: 38 H:159 F:30
				87F0BD E8          INX                    A:20FE X:05E9 Y:0006 S:012A D:1628 DB:86 nvmxdizc V: 38 H:162 F:30
				87F0BE 1A          INC                    A:20FE X:05EA Y:0006 S:012A D:1628 DB:86 nvmxdizc V: 38 H:165 F:30
				87F0BF 9F 00 E0 7F STA $7FE000,X [7FE5EA] A:20FF X:05EA Y:0006 S:012A D:1628 DB:86 nvmxdizc V: 38 H:168 F:30
				87F0C3 E8          INX                    A:20FF X:05EA Y:0006 S:012A D:1628 DB:86 nvmxdizc V: 38 H:178 F:30
				87F0C4 E8          INX                    A:20FF X:05EB Y:0006 S:012A D:1628 DB:86 nvmxdizc V: 38 H:181 F:30
				87F0C5 88          DEY                    A:20FF X:05EC Y:0006 S:012A D:1628 DB:86 nvmxdizc V: 38 H:184 F:30
				87F0C6 D0 EF       BNE $00EF     [87F0B7] A:20FF X:05EC Y:0005 S:012A D:1628 DB:86 nvmxdizc V: 38 H:187 F:30
				87F0B7 3A          DEC                    A:20FF X:05EC Y:0005 S:012A D:1628 DB:86 nvmxdizc V: 38 H:192 F:30
				87F0B8 9F 00 E0 7F STA $7FE000,X [7FE5EC] A:20FE X:05EC Y:0005 S:012A D:1628 DB:86 nvmxdizc V: 38 H:195 F:30
				87F0BC E8          INX                    A:20FE X:05EC Y:0005 S:012A D:1628 DB:86 nvmxdizc V: 38 H:205 F:30
				87F0BD E8          INX                    A:20FE X:05ED Y:0005 S:012A D:1628 DB:86 nvmxdizc V: 38 H:208 F:30
				87F0BE 1A          INC                    A:20FE X:05EE Y:0005 S:012A D:1628 DB:86 nvmxdizc V: 38 H:211 F:30
				87F0BF 9F 00 E0 7F STA $7FE000,X [7FE5EE] A:20FF X:05EE Y:0005 S:012A D:1628 DB:86 nvmxdizc V: 38 H:214 F:30
				87F0C3 E8          INX                    A:20FF X:05EE Y:0005 S:012A D:1628 DB:86 nvmxdizc V: 38 H:224 F:30
				87F0C4 E8          INX                    A:20FF X:05EF Y:0005 S:012A D:1628 DB:86 nvmxdizc V: 38 H:227 F:30
				87F0C5 88          DEY                    A:20FF X:05F0 Y:0005 S:012A D:1628 DB:86 nvmxdizc V: 38 H:230 F:30
				87F0C6 D0 EF       BNE $00EF     [87F0B7] A:20FF X:05F0 Y:0004 S:012A D:1628 DB:86 nvmxdizc V: 38 H:233 F:30
				87F0B7 3A          DEC                    A:20FF X:05F0 Y:0004 S:012A D:1628 DB:86 nvmxdizc V: 38 H:237 F:30
				87F0B8 9F 00 E0 7F STA $7FE000,X [7FE5F0] A:20FE X:05F0 Y:0004 S:012A D:1628 DB:86 nvmxdizc V: 38 H:240 F:30
				87F0BC E8          INX                    A:20FE X:05F0 Y:0004 S:012A D:1628 DB:86 nvmxdizc V: 38 H:250 F:30
				87F0BD E8          INX                    A:20FE X:05F1 Y:0004 S:012A D:1628 DB:86 nvmxdizc V: 38 H:253 F:30
				87F0BE 1A          INC                    A:20FE X:05F2 Y:0004 S:012A D:1628 DB:86 nvmxdizc V: 38 H:256 F:30
				87F0BF 9F 00 E0 7F STA $7FE000,X [7FE5F2] A:20FF X:05F2 Y:0004 S:012A D:1628 DB:86 nvmxdizc V: 38 H:259 F:30
				87F0C3 E8          INX                    A:20FF X:05F2 Y:0004 S:012A D:1628 DB:86 nvmxdizc V: 38 H:269 F:30
				87F0C4 E8          INX                    A:20FF X:05F3 Y:0004 S:012A D:1628 DB:86 nvmxdizc V: 38 H:272 F:30
				87F0C5 88          DEY                    A:20FF X:05F4 Y:0004 S:012A D:1628 DB:86 nvmxdizc V: 38 H:275 F:30
				87F0C6 D0 EF       BNE $00EF     [87F0B7] A:20FF X:05F4 Y:0003 S:012A D:1628 DB:86 nvmxdizc V: 38 H:278 F:30
				87F0B7 3A          DEC                    A:20FF X:05F4 Y:0003 S:012A D:1628 DB:86 nvmxdizc V: 38 H:283 F:30
				87F0B8 9F 00 E0 7F STA $7FE000,X [7FE5F4] A:20FE X:05F4 Y:0003 S:012A D:1628 DB:86 nvmxdizc V: 38 H:286 F:30
				87F0BC E8          INX                    A:20FE X:05F4 Y:0003 S:012A D:1628 DB:86 nvmxdizc V: 38 H:296 F:30
				87F0BD E8          INX                    A:20FE X:05F5 Y:0003 S:012A D:1628 DB:86 nvmxdizc V: 38 H:299 F:30
				87F0BE 1A          INC                    A:20FE X:05F6 Y:0003 S:012A D:1628 DB:86 nvmxdizc V: 38 H:302 F:30
				87F0BF 9F 00 E0 7F STA $7FE000,X [7FE5F6] A:20FF X:05F6 Y:0003 S:012A D:1628 DB:86 nvmxdizc V: 38 H:305 F:30
				87F0C3 E8          INX                    A:20FF X:05F6 Y:0003 S:012A D:1628 DB:86 nvmxdizc V: 38 H:315 F:30
				87F0C4 E8          INX                    A:20FF X:05F7 Y:0003 S:012A D:1628 DB:86 nvmxdizc V: 38 H:318 F:30
				87F0C5 88          DEY                    A:20FF X:05F8 Y:0003 S:012A D:1628 DB:86 nvmxdizc V: 38 H:321 F:30
				87F0C6 D0 EF       BNE $00EF     [87F0B7] A:20FF X:05F8 Y:0002 S:012A D:1628 DB:86 nvmxdizc V: 38 H:323 F:30
				87F0B7 3A          DEC                    A:20FF X:05F8 Y:0002 S:012A D:1628 DB:86 nvmxdizc V: 38 H:327 F:30
				87F0B8 9F 00 E0 7F STA $7FE000,X [7FE5F8] A:20FE X:05F8 Y:0002 S:012A D:1628 DB:86 nvmxdizc V: 38 H:330 F:30
				87F0BC E8          INX                    A:20FE X:05F8 Y:0002 S:012A D:1628 DB:86 nvmxdizc V: 39 H:  0 F:30
				87F0BD E8          INX                    A:20FE X:05F9 Y:0002 S:012A D:1628 DB:86 nvmxdizc V: 39 H:  3 F:30
				87F0BE 1A          INC                    A:20FE X:05FA Y:0002 S:012A D:1628 DB:86 nvmxdizc V: 39 H:  6 F:30
				87F0BF 9F 00 E0 7F STA $7FE000,X [7FE5FA] A:20FF X:05FA Y:0002 S:012A D:1628 DB:86 nvmxdizc V: 39 H:  9 F:30
				87F0C3 E8          INX                    A:20FF X:05FA Y:0002 S:012A D:1628 DB:86 nvmxdizc V: 39 H: 19 F:30
				87F0C4 E8          INX                    A:20FF X:05FB Y:0002 S:012A D:1628 DB:86 nvmxdizc V: 39 H: 22 F:30
				87F0C5 88          DEY                    A:20FF X:05FC Y:0002 S:012A D:1628 DB:86 nvmxdizc V: 39 H: 25 F:30
				87F0C6 D0 EF       BNE $00EF     [87F0B7] A:20FF X:05FC Y:0001 S:012A D:1628 DB:86 nvmxdizc V: 39 H: 28 F:30
				87F0B7 3A          DEC                    A:20FF X:05FC Y:0001 S:012A D:1628 DB:86 nvmxdizc V: 39 H: 33 F:30
				87F0B8 9F 00 E0 7F STA $7FE000,X [7FE5FC] A:20FE X:05FC Y:0001 S:012A D:1628 DB:86 nvmxdizc V: 39 H: 36 F:30
				87F0BC E8          INX                    A:20FE X:05FC Y:0001 S:012A D:1628 DB:86 nvmxdizc V: 39 H: 46 F:30
				87F0BD E8          INX                    A:20FE X:05FD Y:0001 S:012A D:1628 DB:86 nvmxdizc V: 39 H: 49 F:30
				87F0BE 1A          INC                    A:20FE X:05FE Y:0001 S:012A D:1628 DB:86 nvmxdizc V: 39 H: 52 F:30
				87F0BF 9F 00 E0 7F STA $7FE000,X [7FE5FE] A:20FF X:05FE Y:0001 S:012A D:1628 DB:86 nvmxdizc V: 39 H: 55 F:30
				87F0C3 E8          INX                    A:20FF X:05FE Y:0001 S:012A D:1628 DB:86 nvmxdizc V: 39 H: 65 F:30
				87F0C4 E8          INX                    A:20FF X:05FF Y:0001 S:012A D:1628 DB:86 nvmxdizc V: 39 H: 68 F:30
				87F0C5 88          DEY                    A:20FF X:0600 Y:0001 S:012A D:1628 DB:86 nvmxdizc V: 39 H: 71 F:30
				87F0C6 D0 EF       BNE $00EF     [87F0B7] A:20FF X:0600 Y:0000 S:012A D:1628 DB:86 nvmxdiZc V: 39 H: 74 F:30
				87F0C8 E0 00 08    CPX #$0800             A:20FF X:0600 Y:0000 S:012A D:1628 DB:86 nvmxdiZc V: 39 H: 77 F:30
				87F0CB 90 C9       BCC $00C9     [87F096] A:20FF X:0600 Y:0000 S:012A D:1628 DB:86 Nvmxdizc V: 39 H: 81 F:30
				87F096 A0 10 00    LDY #$0010             A:20FF X:0600 Y:0000 S:012A D:1628 DB:86 Nvmxdizc V: 39 H: 86 F:30
				87F099 A9 FD 20    LDA #$20FD             A:20FF X:0600 Y:0010 S:012A D:1628 DB:86 nvmxdizc V: 39 H: 90 F:30
				87F09C 05 1C       ORA $1C       [001644] A:20FD X:0600 Y:0010 S:012A D:1628 DB:86 nvmxdizc V: 39 H: 95 F:30
				87F09E 3A          DEC                    A:20FD X:0600 Y:0010 S:012A D:1628 DB:86 nvmxdizc V: 39 H:103 F:30
				87F09F 9F 00 E0 7F STA $7FE000,X [7FE600] A:20FC X:0600 Y:0010 S:012A D:1628 DB:86 nvmxdizc V: 39 H:106 F:30
				87F0A3 E8          INX                    A:20FC X:0600 Y:0010 S:012A D:1628 DB:86 nvmxdizc V: 39 H:116 F:30
				87F0A4 E8          INX                    A:20FC X:0601 Y:0010 S:012A D:1628 DB:86 nvmxdizc V: 39 H:119 F:30
				87F0A5 1A          INC                    A:20FC X:0602 Y:0010 S:012A D:1628 DB:86 nvmxdizc V: 39 H:122 F:30
				87F0A6 9F 00 E0 7F STA $7FE000,X [7FE602] A:20FD X:0602 Y:0010 S:012A D:1628 DB:86 nvmxdizc V: 39 H:125 F:30
				87F0AA E8          INX                    A:20FD X:0602 Y:0010 S:012A D:1628 DB:86 nvmxdizc V: 39 H:145 F:30
				87F0AB E8          INX                    A:20FD X:0603 Y:0010 S:012A D:1628 DB:86 nvmxdizc V: 39 H:148 F:30
				87F0AC 88          DEY                    A:20FD X:0604 Y:0010 S:012A D:1628 DB:86 nvmxdizc V: 39 H:151 F:30
				87F0AD D0 EF       BNE $00EF     [87F09E] A:20FD X:0604 Y:000F S:012A D:1628 DB:86 nvmxdizc V: 39 H:154 F:30
				87F09E 3A          DEC                    A:20FD X:0604 Y:000F S:012A D:1628 DB:86 nvmxdizc V: 39 H:159 F:30
				87F09F 9F 00 E0 7F STA $7FE000,X [7FE604] A:20FC X:0604 Y:000F S:012A D:1628 DB:86 nvmxdizc V: 39 H:162 F:30
				87F0A3 E8          INX                    A:20FC X:0604 Y:000F S:012A D:1628 DB:86 nvmxdizc V: 39 H:172 F:30
				87F0A4 E8          INX                    A:20FC X:0605 Y:000F S:012A D:1628 DB:86 nvmxdizc V: 39 H:175 F:30
				87F0A5 1A          INC                    A:20FC X:0606 Y:000F S:012A D:1628 DB:86 nvmxdizc V: 39 H:178 F:30
				87F0A6 9F 00 E0 7F STA $7FE000,X [7FE606] A:20FD X:0606 Y:000F S:012A D:1628 DB:86 nvmxdizc V: 39 H:181 F:30
				87F0AA E8          INX                    A:20FD X:0606 Y:000F S:012A D:1628 DB:86 nvmxdizc V: 39 H:191 F:30
				87F0AB E8          INX                    A:20FD X:0607 Y:000F S:012A D:1628 DB:86 nvmxdizc V: 39 H:194 F:30
				87F0AC 88          DEY                    A:20FD X:0608 Y:000F S:012A D:1628 DB:86 nvmxdizc V: 39 H:197 F:30
				87F0AD D0 EF       BNE $00EF     [87F09E] A:20FD X:0608 Y:000E S:012A D:1628 DB:86 nvmxdizc V: 39 H:200 F:30
				87F09E 3A          DEC                    A:20FD X:0608 Y:000E S:012A D:1628 DB:86 nvmxdizc V: 39 H:204 F:30
				87F09F 9F 00 E0 7F STA $7FE000,X [7FE608] A:20FC X:0608 Y:000E S:012A D:1628 DB:86 nvmxdizc V: 39 H:207 F:30
				87F0A3 E8          INX                    A:20FC X:0608 Y:000E S:012A D:1628 DB:86 nvmxdizc V: 39 H:217 F:30
				87F0A4 E8          INX                    A:20FC X:0609 Y:000E S:012A D:1628 DB:86 nvmxdizc V: 39 H:220 F:30
				87F0A5 1A          INC                    A:20FC X:060A Y:000E S:012A D:1628 DB:86 nvmxdizc V: 39 H:223 F:30
				87F0A6 9F 00 E0 7F STA $7FE000,X [7FE60A] A:20FD X:060A Y:000E S:012A D:1628 DB:86 nvmxdizc V: 39 H:226 F:30
				87F0AA E8          INX                    A:20FD X:060A Y:000E S:012A D:1628 DB:86 nvmxdizc V: 39 H:236 F:30
				87F0AB E8          INX                    A:20FD X:060B Y:000E S:012A D:1628 DB:86 nvmxdizc V: 39 H:239 F:30
				87F0AC 88          DEY                    A:20FD X:060C Y:000E S:012A D:1628 DB:86 nvmxdizc V: 39 H:242 F:30
				87F0AD D0 EF       BNE $00EF     [87F09E] A:20FD X:060C Y:000D S:012A D:1628 DB:86 nvmxdizc V: 39 H:245 F:30
				87F09E 3A          DEC                    A:20FD X:060C Y:000D S:012A D:1628 DB:86 nvmxdizc V: 39 H:250 F:30
				87F09F 9F 00 E0 7F STA $7FE000,X [7FE60C] A:20FC X:060C Y:000D S:012A D:1628 DB:86 nvmxdizc V: 39 H:253 F:30
				87F0A3 E8          INX                    A:20FC X:060C Y:000D S:012A D:1628 DB:86 nvmxdizc V: 39 H:263 F:30
				87F0A4 E8          INX                    A:20FC X:060D Y:000D S:012A D:1628 DB:86 nvmxdizc V: 39 H:266 F:30
				87F0A5 1A          INC                    A:20FC X:060E Y:000D S:012A D:1628 DB:86 nvmxdizc V: 39 H:269 F:30
				87F0A6 9F 00 E0 7F STA $7FE000,X [7FE60E] A:20FD X:060E Y:000D S:012A D:1628 DB:86 nvmxdizc V: 39 H:272 F:30
				87F0AA E8          INX                    A:20FD X:060E Y:000D S:012A D:1628 DB:86 nvmxdizc V: 39 H:282 F:30
				87F0AB E8          INX                    A:20FD X:060F Y:000D S:012A D:1628 DB:86 nvmxdizc V: 39 H:285 F:30
				87F0AC 88          DEY                    A:20FD X:0610 Y:000D S:012A D:1628 DB:86 nvmxdizc V: 39 H:288 F:30
				87F0AD D0 EF       BNE $00EF     [87F09E] A:20FD X:0610 Y:000C S:012A D:1628 DB:86 nvmxdizc V: 39 H:291 F:30
				87F09E 3A          DEC                    A:20FD X:0610 Y:000C S:012A D:1628 DB:86 nvmxdizc V: 39 H:295 F:30
				87F09F 9F 00 E0 7F STA $7FE000,X [7FE610] A:20FC X:0610 Y:000C S:012A D:1628 DB:86 nvmxdizc V: 39 H:298 F:30
				87F0A3 E8          INX                    A:20FC X:0610 Y:000C S:012A D:1628 DB:86 nvmxdizc V: 39 H:308 F:30
				87F0A4 E8          INX                    A:20FC X:0611 Y:000C S:012A D:1628 DB:86 nvmxdizc V: 39 H:311 F:30
				87F0A5 1A          INC                    A:20FC X:0612 Y:000C S:012A D:1628 DB:86 nvmxdizc V: 39 H:314 F:30
				87F0A6 9F 00 E0 7F STA $7FE000,X [7FE612] A:20FD X:0612 Y:000C S:012A D:1628 DB:86 nvmxdizc V: 39 H:317 F:30
				87F0AA E8          INX                    A:20FD X:0612 Y:000C S:012A D:1628 DB:86 nvmxdizc V: 39 H:327 F:30
				87F0AB E8          INX                    A:20FD X:0613 Y:000C S:012A D:1628 DB:86 nvmxdizc V: 39 H:329 F:30
				87F0AC 88          DEY                    A:20FD X:0614 Y:000C S:012A D:1628 DB:86 nvmxdizc V: 39 H:332 F:30
				87F0AD D0 EF       BNE $00EF     [87F09E] A:20FD X:0614 Y:000B S:012A D:1628 DB:86 nvmxdizc V: 39 H:335 F:30
				87F09E 3A          DEC                    A:20FD X:0614 Y:000B S:012A D:1628 DB:86 nvmxdizc V: 40 H:  0 F:30
				87F09F 9F 00 E0 7F STA $7FE000,X [7FE614] A:20FC X:0614 Y:000B S:012A D:1628 DB:86 nvmxdizc V: 40 H:  3 F:30
				87F0A3 E8          INX                    A:20FC X:0614 Y:000B S:012A D:1628 DB:86 nvmxdizc V: 40 H: 13 F:30
				87F0A4 E8          INX                    A:20FC X:0615 Y:000B S:012A D:1628 DB:86 nvmxdizc V: 40 H: 16 F:30
				87F0A5 1A          INC                    A:20FC X:0616 Y:000B S:012A D:1628 DB:86 nvmxdizc V: 40 H: 19 F:30
				87F0A6 9F 00 E0 7F STA $7FE000,X [7FE616] A:20FD X:0616 Y:000B S:012A D:1628 DB:86 nvmxdizc V: 40 H: 22 F:30
				87F0AA E8          INX                    A:20FD X:0616 Y:000B S:012A D:1628 DB:86 nvmxdizc V: 40 H: 32 F:30
				87F0AB E8          INX                    A:20FD X:0617 Y:000B S:012A D:1628 DB:86 nvmxdizc V: 40 H: 35 F:30
				87F0AC 88          DEY                    A:20FD X:0618 Y:000B S:012A D:1628 DB:86 nvmxdizc V: 40 H: 38 F:30
				87F0AD D0 EF       BNE $00EF     [87F09E] A:20FD X:0618 Y:000A S:012A D:1628 DB:86 nvmxdizc V: 40 H: 41 F:30
				87F09E 3A          DEC                    A:20FD X:0618 Y:000A S:012A D:1628 DB:86 nvmxdizc V: 40 H: 45 F:30
				87F09F 9F 00 E0 7F STA $7FE000,X [7FE618] A:20FC X:0618 Y:000A S:012A D:1628 DB:86 nvmxdizc V: 40 H: 48 F:30
				87F0A3 E8          INX                    A:20FC X:0618 Y:000A S:012A D:1628 DB:86 nvmxdizc V: 40 H: 58 F:30
				87F0A4 E8          INX                    A:20FC X:0619 Y:000A S:012A D:1628 DB:86 nvmxdizc V: 40 H: 61 F:30
				87F0A5 1A          INC                    A:20FC X:061A Y:000A S:012A D:1628 DB:86 nvmxdizc V: 40 H: 64 F:30
				87F0A6 9F 00 E0 7F STA $7FE000,X [7FE61A] A:20FD X:061A Y:000A S:012A D:1628 DB:86 nvmxdizc V: 40 H: 67 F:30
				87F0AA E8          INX                    A:20FD X:061A Y:000A S:012A D:1628 DB:86 nvmxdizc V: 40 H: 77 F:30
				87F0AB E8          INX                    A:20FD X:061B Y:000A S:012A D:1628 DB:86 nvmxdizc V: 40 H: 80 F:30
				87F0AC 88          DEY                    A:20FD X:061C Y:000A S:012A D:1628 DB:86 nvmxdizc V: 40 H: 83 F:30
				87F0AD D0 EF       BNE $00EF     [87F09E] A:20FD X:061C Y:0009 S:012A D:1628 DB:86 nvmxdizc V: 40 H: 86 F:30
				87F09E 3A          DEC                    A:20FD X:061C Y:0009 S:012A D:1628 DB:86 nvmxdizc V: 40 H: 91 F:30
				87F09F 9F 00 E0 7F STA $7FE000,X [7FE61C] A:20FC X:061C Y:0009 S:012A D:1628 DB:86 nvmxdizc V: 40 H: 94 F:30
				87F0A3 E8          INX                    A:20FC X:061C Y:0009 S:012A D:1628 DB:86 nvmxdizc V: 40 H:104 F:30
				87F0A4 E8          INX                    A:20FC X:061D Y:0009 S:012A D:1628 DB:86 nvmxdizc V: 40 H:107 F:30
				87F0A5 1A          INC                    A:20FC X:061E Y:0009 S:012A D:1628 DB:86 nvmxdizc V: 40 H:110 F:30
				87F0A6 9F 00 E0 7F STA $7FE000,X [7FE61E] A:20FD X:061E Y:0009 S:012A D:1628 DB:86 nvmxdizc V: 40 H:113 F:30
				87F0AA E8          INX                    A:20FD X:061E Y:0009 S:012A D:1628 DB:86 nvmxdizc V: 40 H:123 F:30
				87F0AB E8          INX                    A:20FD X:061F Y:0009 S:012A D:1628 DB:86 nvmxdizc V: 40 H:126 F:30
				87F0AC 88          DEY                    A:20FD X:0620 Y:0009 S:012A D:1628 DB:86 nvmxdizc V: 40 H:129 F:30
				87F0AD D0 EF       BNE $00EF     [87F09E] A:20FD X:0620 Y:0008 S:012A D:1628 DB:86 nvmxdizc V: 40 H:132 F:30
				87F09E 3A          DEC                    A:20FD X:0620 Y:0008 S:012A D:1628 DB:86 nvmxdizc V: 40 H:146 F:30
				87F09F 9F 00 E0 7F STA $7FE000,X [7FE620] A:20FC X:0620 Y:0008 S:012A D:1628 DB:86 nvmxdizc V: 40 H:149 F:30
				87F0A3 E8          INX                    A:20FC X:0620 Y:0008 S:012A D:1628 DB:86 nvmxdizc V: 40 H:159 F:30
				87F0A4 E8          INX                    A:20FC X:0621 Y:0008 S:012A D:1628 DB:86 nvmxdizc V: 40 H:162 F:30
				87F0A5 1A          INC                    A:20FC X:0622 Y:0008 S:012A D:1628 DB:86 nvmxdizc V: 40 H:165 F:30
				87F0A6 9F 00 E0 7F STA $7FE000,X [7FE622] A:20FD X:0622 Y:0008 S:012A D:1628 DB:86 nvmxdizc V: 40 H:168 F:30
				87F0AA E8          INX                    A:20FD X:0622 Y:0008 S:012A D:1628 DB:86 nvmxdizc V: 40 H:178 F:30
				87F0AB E8          INX                    A:20FD X:0623 Y:0008 S:012A D:1628 DB:86 nvmxdizc V: 40 H:181 F:30
				87F0AC 88          DEY                    A:20FD X:0624 Y:0008 S:012A D:1628 DB:86 nvmxdizc V: 40 H:184 F:30
				87F0AD D0 EF       BNE $00EF     [87F09E] A:20FD X:0624 Y:0007 S:012A D:1628 DB:86 nvmxdizc V: 40 H:187 F:30
				87F09E 3A          DEC                    A:20FD X:0624 Y:0007 S:012A D:1628 DB:86 nvmxdizc V: 40 H:192 F:30
				87F09F 9F 00 E0 7F STA $7FE000,X [7FE624] A:20FC X:0624 Y:0007 S:012A D:1628 DB:86 nvmxdizc V: 40 H:195 F:30
				87F0A3 E8          INX                    A:20FC X:0624 Y:0007 S:012A D:1628 DB:86 nvmxdizc V: 40 H:205 F:30
				87F0A4 E8          INX                    A:20FC X:0625 Y:0007 S:012A D:1628 DB:86 nvmxdizc V: 40 H:208 F:30
				87F0A5 1A          INC                    A:20FC X:0626 Y:0007 S:012A D:1628 DB:86 nvmxdizc V: 40 H:211 F:30
				87F0A6 9F 00 E0 7F STA $7FE000,X [7FE626] A:20FD X:0626 Y:0007 S:012A D:1628 DB:86 nvmxdizc V: 40 H:214 F:30
				87F0AA E8          INX                    A:20FD X:0626 Y:0007 S:012A D:1628 DB:86 nvmxdizc V: 40 H:224 F:30
				87F0AB E8          INX                    A:20FD X:0627 Y:0007 S:012A D:1628 DB:86 nvmxdizc V: 40 H:227 F:30
				87F0AC 88          DEY                    A:20FD X:0628 Y:0007 S:012A D:1628 DB:86 nvmxdizc V: 40 H:230 F:30
				87F0AD D0 EF       BNE $00EF     [87F09E] A:20FD X:0628 Y:0006 S:012A D:1628 DB:86 nvmxdizc V: 40 H:233 F:30
				87F09E 3A          DEC                    A:20FD X:0628 Y:0006 S:012A D:1628 DB:86 nvmxdizc V: 40 H:237 F:30
				87F09F 9F 00 E0 7F STA $7FE000,X [7FE628] A:20FC X:0628 Y:0006 S:012A D:1628 DB:86 nvmxdizc V: 40 H:240 F:30
				87F0A3 E8          INX                    A:20FC X:0628 Y:0006 S:012A D:1628 DB:86 nvmxdizc V: 40 H:250 F:30
				87F0A4 E8          INX                    A:20FC X:0629 Y:0006 S:012A D:1628 DB:86 nvmxdizc V: 40 H:253 F:30
				87F0A5 1A          INC                    A:20FC X:062A Y:0006 S:012A D:1628 DB:86 nvmxdizc V: 40 H:256 F:30
				87F0A6 9F 00 E0 7F STA $7FE000,X [7FE62A] A:20FD X:062A Y:0006 S:012A D:1628 DB:86 nvmxdizc V: 40 H:259 F:30
				87F0AA E8          INX                    A:20FD X:062A Y:0006 S:012A D:1628 DB:86 nvmxdizc V: 40 H:269 F:30
				87F0AB E8          INX                    A:20FD X:062B Y:0006 S:012A D:1628 DB:86 nvmxdizc V: 40 H:272 F:30
				87F0AC 88          DEY                    A:20FD X:062C Y:0006 S:012A D:1628 DB:86 nvmxdizc V: 40 H:275 F:30
				87F0AD D0 EF       BNE $00EF     [87F09E] A:20FD X:062C Y:0005 S:012A D:1628 DB:86 nvmxdizc V: 40 H:278 F:30
				87F09E 3A          DEC                    A:20FD X:062C Y:0005 S:012A D:1628 DB:86 nvmxdizc V: 40 H:283 F:30
				87F09F 9F 00 E0 7F STA $7FE000,X [7FE62C] A:20FC X:062C Y:0005 S:012A D:1628 DB:86 nvmxdizc V: 40 H:286 F:30
				87F0A3 E8          INX                    A:20FC X:062C Y:0005 S:012A D:1628 DB:86 nvmxdizc V: 40 H:296 F:30
				87F0A4 E8          INX                    A:20FC X:062D Y:0005 S:012A D:1628 DB:86 nvmxdizc V: 40 H:299 F:30
				87F0A5 1A          INC                    A:20FC X:062E Y:0005 S:012A D:1628 DB:86 nvmxdizc V: 40 H:302 F:30
				87F0A6 9F 00 E0 7F STA $7FE000,X [7FE62E] A:20FD X:062E Y:0005 S:012A D:1628 DB:86 nvmxdizc V: 40 H:305 F:30
				87F0AA E8          INX                    A:20FD X:062E Y:0005 S:012A D:1628 DB:86 nvmxdizc V: 40 H:315 F:30
				87F0AB E8          INX                    A:20FD X:062F Y:0005 S:012A D:1628 DB:86 nvmxdizc V: 40 H:318 F:30
				87F0AC 88          DEY                    A:20FD X:0630 Y:0005 S:012A D:1628 DB:86 nvmxdizc V: 40 H:321 F:30
				87F0AD D0 EF       BNE $00EF     [87F09E] A:20FD X:0630 Y:0004 S:012A D:1628 DB:86 nvmxdizc V: 40 H:323 F:30
				87F09E 3A          DEC                    A:20FD X:0630 Y:0004 S:012A D:1628 DB:86 nvmxdizc V: 40 H:327 F:30
				87F09F 9F 00 E0 7F STA $7FE000,X [7FE630] A:20FC X:0630 Y:0004 S:012A D:1628 DB:86 nvmxdizc V: 40 H:330 F:30
				87F0A3 E8          INX                    A:20FC X:0630 Y:0004 S:012A D:1628 DB:86 nvmxdizc V: 41 H:  0 F:30
				87F0A4 E8          INX                    A:20FC X:0631 Y:0004 S:012A D:1628 DB:86 nvmxdizc V: 41 H:  3 F:30
				87F0A5 1A          INC                    A:20FC X:0632 Y:0004 S:012A D:1628 DB:86 nvmxdizc V: 41 H:  6 F:30
				87F0A6 9F 00 E0 7F STA $7FE000,X [7FE632] A:20FD X:0632 Y:0004 S:012A D:1628 DB:86 nvmxdizc V: 41 H:  9 F:30
				87F0AA E8          INX                    A:20FD X:0632 Y:0004 S:012A D:1628 DB:86 nvmxdizc V: 41 H: 19 F:30
				87F0AB E8          INX                    A:20FD X:0633 Y:0004 S:012A D:1628 DB:86 nvmxdizc V: 41 H: 22 F:30
				87F0AC 88          DEY                    A:20FD X:0634 Y:0004 S:012A D:1628 DB:86 nvmxdizc V: 41 H: 25 F:30
				87F0AD D0 EF       BNE $00EF     [87F09E] A:20FD X:0634 Y:0003 S:012A D:1628 DB:86 nvmxdizc V: 41 H: 28 F:30
				87F09E 3A          DEC                    A:20FD X:0634 Y:0003 S:012A D:1628 DB:86 nvmxdizc V: 41 H: 33 F:30
				87F09F 9F 00 E0 7F STA $7FE000,X [7FE634] A:20FC X:0634 Y:0003 S:012A D:1628 DB:86 nvmxdizc V: 41 H: 36 F:30
				87F0A3 E8          INX                    A:20FC X:0634 Y:0003 S:012A D:1628 DB:86 nvmxdizc V: 41 H: 46 F:30
				87F0A4 E8          INX                    A:20FC X:0635 Y:0003 S:012A D:1628 DB:86 nvmxdizc V: 41 H: 49 F:30
				87F0A5 1A          INC                    A:20FC X:0636 Y:0003 S:012A D:1628 DB:86 nvmxdizc V: 41 H: 52 F:30
				87F0A6 9F 00 E0 7F STA $7FE000,X [7FE636] A:20FD X:0636 Y:0003 S:012A D:1628 DB:86 nvmxdizc V: 41 H: 55 F:30
				87F0AA E8          INX                    A:20FD X:0636 Y:0003 S:012A D:1628 DB:86 nvmxdizc V: 41 H: 65 F:30
				87F0AB E8          INX                    A:20FD X:0637 Y:0003 S:012A D:1628 DB:86 nvmxdizc V: 41 H: 68 F:30
				87F0AC 88          DEY                    A:20FD X:0638 Y:0003 S:012A D:1628 DB:86 nvmxdizc V: 41 H: 71 F:30
				87F0AD D0 EF       BNE $00EF     [87F09E] A:20FD X:0638 Y:0002 S:012A D:1628 DB:86 nvmxdizc V: 41 H: 74 F:30
				87F09E 3A          DEC                    A:20FD X:0638 Y:0002 S:012A D:1628 DB:86 nvmxdizc V: 41 H: 78 F:30
				87F09F 9F 00 E0 7F STA $7FE000,X [7FE638] A:20FC X:0638 Y:0002 S:012A D:1628 DB:86 nvmxdizc V: 41 H: 81 F:30
				87F0A3 E8          INX                    A:20FC X:0638 Y:0002 S:012A D:1628 DB:86 nvmxdizc V: 41 H: 91 F:30
				87F0A4 E8          INX                    A:20FC X:0639 Y:0002 S:012A D:1628 DB:86 nvmxdizc V: 41 H: 94 F:30
				87F0A5 1A          INC                    A:20FC X:063A Y:0002 S:012A D:1628 DB:86 nvmxdizc V: 41 H: 97 F:30
				87F0A6 9F 00 E0 7F STA $7FE000,X [7FE63A] A:20FD X:063A Y:0002 S:012A D:1628 DB:86 nvmxdizc V: 41 H:100 F:30
				87F0AA E8          INX                    A:20FD X:063A Y:0002 S:012A D:1628 DB:86 nvmxdizc V: 41 H:110 F:30
				87F0AB E8          INX                    A:20FD X:063B Y:0002 S:012A D:1628 DB:86 nvmxdizc V: 41 H:113 F:30
				87F0AC 88          DEY                    A:20FD X:063C Y:0002 S:012A D:1628 DB:86 nvmxdizc V: 41 H:116 F:30
				87F0AD D0 EF       BNE $00EF     [87F09E] A:20FD X:063C Y:0001 S:012A D:1628 DB:86 nvmxdizc V: 41 H:119 F:30
				87F09E 3A          DEC                    A:20FD X:063C Y:0001 S:012A D:1628 DB:86 nvmxdizc V: 41 H:124 F:30
				87F09F 9F 00 E0 7F STA $7FE000,X [7FE63C] A:20FC X:063C Y:0001 S:012A D:1628 DB:86 nvmxdizc V: 41 H:127 F:30
				87F0A3 E8          INX                    A:20FC X:063C Y:0001 S:012A D:1628 DB:86 nvmxdizc V: 41 H:147 F:30
				87F0A4 E8          INX                    A:20FC X:063D Y:0001 S:012A D:1628 DB:86 nvmxdizc V: 41 H:150 F:30
				87F0A5 1A          INC                    A:20FC X:063E Y:0001 S:012A D:1628 DB:86 nvmxdizc V: 41 H:153 F:30
				87F0A6 9F 00 E0 7F STA $7FE000,X [7FE63E] A:20FD X:063E Y:0001 S:012A D:1628 DB:86 nvmxdizc V: 41 H:156 F:30
				87F0AA E8          INX                    A:20FD X:063E Y:0001 S:012A D:1628 DB:86 nvmxdizc V: 41 H:166 F:30
				87F0AB E8          INX                    A:20FD X:063F Y:0001 S:012A D:1628 DB:86 nvmxdizc V: 41 H:169 F:30
				87F0AC 88          DEY                    A:20FD X:0640 Y:0001 S:012A D:1628 DB:86 nvmxdizc V: 41 H:172 F:30
				87F0AD D0 EF       BNE $00EF     [87F09E] A:20FD X:0640 Y:0000 S:012A D:1628 DB:86 nvmxdiZc V: 41 H:175 F:30
				87F0AF A0 10 00    LDY #$0010             A:20FD X:0640 Y:0000 S:012A D:1628 DB:86 nvmxdiZc V: 41 H:178 F:30
				87F0B2 A9 FF 20    LDA #$20FF             A:20FD X:0640 Y:0010 S:012A D:1628 DB:86 nvmxdizc V: 41 H:182 F:30
				87F0B5 05 1C       ORA $1C       [001644] A:20FF X:0640 Y:0010 S:012A D:1628 DB:86 nvmxdizc V: 41 H:187 F:30
				87F0B7 3A          DEC                    A:20FF X:0640 Y:0010 S:012A D:1628 DB:86 nvmxdizc V: 41 H:195 F:30
				87F0B8 9F 00 E0 7F STA $7FE000,X [7FE640] A:20FE X:0640 Y:0010 S:012A D:1628 DB:86 nvmxdizc V: 41 H:198 F:30
				87F0BC E8          INX                    A:20FE X:0640 Y:0010 S:012A D:1628 DB:86 nvmxdizc V: 41 H:208 F:30
				87F0BD E8          INX                    A:20FE X:0641 Y:0010 S:012A D:1628 DB:86 nvmxdizc V: 41 H:211 F:30
				87F0BE 1A          INC                    A:20FE X:0642 Y:0010 S:012A D:1628 DB:86 nvmxdizc V: 41 H:214 F:30
				87F0BF 9F 00 E0 7F STA $7FE000,X [7FE642] A:20FF X:0642 Y:0010 S:012A D:1628 DB:86 nvmxdizc V: 41 H:217 F:30
				87F0C3 E8          INX                    A:20FF X:0642 Y:0010 S:012A D:1628 DB:86 nvmxdizc V: 41 H:227 F:30
				87F0C4 E8          INX                    A:20FF X:0643 Y:0010 S:012A D:1628 DB:86 nvmxdizc V: 41 H:230 F:30
				87F0C5 88          DEY                    A:20FF X:0644 Y:0010 S:012A D:1628 DB:86 nvmxdizc V: 41 H:233 F:30
				87F0C6 D0 EF       BNE $00EF     [87F0B7] A:20FF X:0644 Y:000F S:012A D:1628 DB:86 nvmxdizc V: 41 H:236 F:30
				87F0B7 3A          DEC                    A:20FF X:0644 Y:000F S:012A D:1628 DB:86 nvmxdizc V: 41 H:241 F:30
				87F0B8 9F 00 E0 7F STA $7FE000,X [7FE644] A:20FE X:0644 Y:000F S:012A D:1628 DB:86 nvmxdizc V: 41 H:244 F:30
				87F0BC E8          INX                    A:20FE X:0644 Y:000F S:012A D:1628 DB:86 nvmxdizc V: 41 H:254 F:30
				87F0BD E8          INX                    A:20FE X:0645 Y:000F S:012A D:1628 DB:86 nvmxdizc V: 41 H:257 F:30
				87F0BE 1A          INC                    A:20FE X:0646 Y:000F S:012A D:1628 DB:86 nvmxdizc V: 41 H:260 F:30
				87F0BF 9F 00 E0 7F STA $7FE000,X [7FE646] A:20FF X:0646 Y:000F S:012A D:1628 DB:86 nvmxdizc V: 41 H:263 F:30
				87F0C3 E8          INX                    A:20FF X:0646 Y:000F S:012A D:1628 DB:86 nvmxdizc V: 41 H:273 F:30
				87F0C4 E8          INX                    A:20FF X:0647 Y:000F S:012A D:1628 DB:86 nvmxdizc V: 41 H:276 F:30
				87F0C5 88          DEY                    A:20FF X:0648 Y:000F S:012A D:1628 DB:86 nvmxdizc V: 41 H:279 F:30
				87F0C6 D0 EF       BNE $00EF     [87F0B7] A:20FF X:0648 Y:000E S:012A D:1628 DB:86 nvmxdizc V: 41 H:282 F:30
				87F0B7 3A          DEC                    A:20FF X:0648 Y:000E S:012A D:1628 DB:86 nvmxdizc V: 41 H:286 F:30
				87F0B8 9F 00 E0 7F STA $7FE000,X [7FE648] A:20FE X:0648 Y:000E S:012A D:1628 DB:86 nvmxdizc V: 41 H:289 F:30
				87F0BC E8          INX                    A:20FE X:0648 Y:000E S:012A D:1628 DB:86 nvmxdizc V: 41 H:299 F:30
				87F0BD E8          INX                    A:20FE X:0649 Y:000E S:012A D:1628 DB:86 nvmxdizc V: 41 H:302 F:30
				87F0BE 1A          INC                    A:20FE X:064A Y:000E S:012A D:1628 DB:86 nvmxdizc V: 41 H:305 F:30
				87F0BF 9F 00 E0 7F STA $7FE000,X [7FE64A] A:20FF X:064A Y:000E S:012A D:1628 DB:86 nvmxdizc V: 41 H:308 F:30
				87F0C3 E8          INX                    A:20FF X:064A Y:000E S:012A D:1628 DB:86 nvmxdizc V: 41 H:318 F:30
				87F0C4 E8          INX                    A:20FF X:064B Y:000E S:012A D:1628 DB:86 nvmxdizc V: 41 H:321 F:30
				87F0C5 88          DEY                    A:20FF X:064C Y:000E S:012A D:1628 DB:86 nvmxdizc V: 41 H:324 F:30
				87F0C6 D0 EF       BNE $00EF     [87F0B7] A:20FF X:064C Y:000D S:012A D:1628 DB:86 nvmxdizc V: 41 H:327 F:30
				87F0B7 3A          DEC                    A:20FF X:064C Y:000D S:012A D:1628 DB:86 nvmxdizc V: 41 H:331 F:30
				87F0B8 9F 00 E0 7F STA $7FE000,X [7FE64C] A:20FE X:064C Y:000D S:012A D:1628 DB:86 nvmxdizc V: 41 H:334 F:30
				87F0BC E8          INX                    A:20FE X:064C Y:000D S:012A D:1628 DB:86 nvmxdizc V: 42 H:  4 F:30
				87F0BD E8          INX                    A:20FE X:064D Y:000D S:012A D:1628 DB:86 nvmxdizc V: 42 H:  7 F:30
				87F0BE 1A          INC                    A:20FE X:064E Y:000D S:012A D:1628 DB:86 nvmxdizc V: 42 H: 10 F:30
				87F0BF 9F 00 E0 7F STA $7FE000,X [7FE64E] A:20FF X:064E Y:000D S:012A D:1628 DB:86 nvmxdizc V: 42 H: 13 F:30
				87F0C3 E8          INX                    A:20FF X:064E Y:000D S:012A D:1628 DB:86 nvmxdizc V: 42 H: 23 F:30
				87F0C4 E8          INX                    A:20FF X:064F Y:000D S:012A D:1628 DB:86 nvmxdizc V: 42 H: 26 F:30
				87F0C5 88          DEY                    A:20FF X:0650 Y:000D S:012A D:1628 DB:86 nvmxdizc V: 42 H: 29 F:30
				87F0C6 D0 EF       BNE $00EF     [87F0B7] A:20FF X:0650 Y:000C S:012A D:1628 DB:86 nvmxdizc V: 42 H: 32 F:30
				87F0B7 3A          DEC                    A:20FF X:0650 Y:000C S:012A D:1628 DB:86 nvmxdizc V: 42 H: 36 F:30
				87F0B8 9F 00 E0 7F STA $7FE000,X [7FE650] A:20FE X:0650 Y:000C S:012A D:1628 DB:86 nvmxdizc V: 42 H: 39 F:30
				87F0BC E8          INX                    A:20FE X:0650 Y:000C S:012A D:1628 DB:86 nvmxdizc V: 42 H: 49 F:30
				87F0BD E8          INX                    A:20FE X:0651 Y:000C S:012A D:1628 DB:86 nvmxdizc V: 42 H: 52 F:30
				87F0BE 1A          INC                    A:20FE X:0652 Y:000C S:012A D:1628 DB:86 nvmxdizc V: 42 H: 55 F:30
				87F0BF 9F 00 E0 7F STA $7FE000,X [7FE652] A:20FF X:0652 Y:000C S:012A D:1628 DB:86 nvmxdizc V: 42 H: 58 F:30
				87F0C3 E8          INX                    A:20FF X:0652 Y:000C S:012A D:1628 DB:86 nvmxdizc V: 42 H: 68 F:30
				87F0C4 E8          INX                    A:20FF X:0653 Y:000C S:012A D:1628 DB:86 nvmxdizc V: 42 H: 71 F:30
				87F0C5 88          DEY                    A:20FF X:0654 Y:000C S:012A D:1628 DB:86 nvmxdizc V: 42 H: 74 F:30
				87F0C6 D0 EF       BNE $00EF     [87F0B7] A:20FF X:0654 Y:000B S:012A D:1628 DB:86 nvmxdizc V: 42 H: 77 F:30
				87F0B7 3A          DEC                    A:20FF X:0654 Y:000B S:012A D:1628 DB:86 nvmxdizc V: 42 H: 82 F:30
				87F0B8 9F 00 E0 7F STA $7FE000,X [7FE654] A:20FE X:0654 Y:000B S:012A D:1628 DB:86 nvmxdizc V: 42 H: 85 F:30
				87F0BC E8          INX                    A:20FE X:0654 Y:000B S:012A D:1628 DB:86 nvmxdizc V: 42 H: 95 F:30
				87F0BD E8          INX                    A:20FE X:0655 Y:000B S:012A D:1628 DB:86 nvmxdizc V: 42 H: 98 F:30
				87F0BE 1A          INC                    A:20FE X:0656 Y:000B S:012A D:1628 DB:86 nvmxdizc V: 42 H:101 F:30
				87F0BF 9F 00 E0 7F STA $7FE000,X [7FE656] A:20FF X:0656 Y:000B S:012A D:1628 DB:86 nvmxdizc V: 42 H:104 F:30
				87F0C3 E8          INX                    A:20FF X:0656 Y:000B S:012A D:1628 DB:86 nvmxdizc V: 42 H:114 F:30
				87F0C4 E8          INX                    A:20FF X:0657 Y:000B S:012A D:1628 DB:86 nvmxdizc V: 42 H:117 F:30
				87F0C5 88          DEY                    A:20FF X:0658 Y:000B S:012A D:1628 DB:86 nvmxdizc V: 42 H:120 F:30
				87F0C6 D0 EF       BNE $00EF     [87F0B7] A:20FF X:0658 Y:000A S:012A D:1628 DB:86 nvmxdizc V: 42 H:123 F:30
				87F0B7 3A          DEC                    A:20FF X:0658 Y:000A S:012A D:1628 DB:86 nvmxdizc V: 42 H:127 F:30
				87F0B8 9F 00 E0 7F STA $7FE000,X [7FE658] A:20FE X:0658 Y:000A S:012A D:1628 DB:86 nvmxdizc V: 42 H:130 F:30
				87F0BC E8          INX                    A:20FE X:0658 Y:000A S:012A D:1628 DB:86 nvmxdizc V: 42 H:150 F:30
				87F0BD E8          INX                    A:20FE X:0659 Y:000A S:012A D:1628 DB:86 nvmxdizc V: 42 H:153 F:30
				87F0BE 1A          INC                    A:20FE X:065A Y:000A S:012A D:1628 DB:86 nvmxdizc V: 42 H:156 F:30
				87F0BF 9F 00 E0 7F STA $7FE000,X [7FE65A] A:20FF X:065A Y:000A S:012A D:1628 DB:86 nvmxdizc V: 42 H:159 F:30
				87F0C3 E8          INX                    A:20FF X:065A Y:000A S:012A D:1628 DB:86 nvmxdizc V: 42 H:169 F:30
				87F0C4 E8          INX                    A:20FF X:065B Y:000A S:012A D:1628 DB:86 nvmxdizc V: 42 H:172 F:30
				87F0C5 88          DEY                    A:20FF X:065C Y:000A S:012A D:1628 DB:86 nvmxdizc V: 42 H:175 F:30
				87F0C6 D0 EF       BNE $00EF     [87F0B7] A:20FF X:065C Y:0009 S:012A D:1628 DB:86 nvmxdizc V: 42 H:178 F:30
				87F0B7 3A          DEC                    A:20FF X:065C Y:0009 S:012A D:1628 DB:86 nvmxdizc V: 42 H:183 F:30
				87F0B8 9F 00 E0 7F STA $7FE000,X [7FE65C] A:20FE X:065C Y:0009 S:012A D:1628 DB:86 nvmxdizc V: 42 H:186 F:30
				87F0BC E8          INX                    A:20FE X:065C Y:0009 S:012A D:1628 DB:86 nvmxdizc V: 42 H:196 F:30
				87F0BD E8          INX                    A:20FE X:065D Y:0009 S:012A D:1628 DB:86 nvmxdizc V: 42 H:199 F:30
				87F0BE 1A          INC                    A:20FE X:065E Y:0009 S:012A D:1628 DB:86 nvmxdizc V: 42 H:202 F:30
				87F0BF 9F 00 E0 7F STA $7FE000,X [7FE65E] A:20FF X:065E Y:0009 S:012A D:1628 DB:86 nvmxdizc V: 42 H:205 F:30
				87F0C3 E8          INX                    A:20FF X:065E Y:0009 S:012A D:1628 DB:86 nvmxdizc V: 42 H:215 F:30
				87F0C4 E8          INX                    A:20FF X:065F Y:0009 S:012A D:1628 DB:86 nvmxdizc V: 42 H:218 F:30
				87F0C5 88          DEY                    A:20FF X:0660 Y:0009 S:012A D:1628 DB:86 nvmxdizc V: 42 H:221 F:30
				87F0C6 D0 EF       BNE $00EF     [87F0B7] A:20FF X:0660 Y:0008 S:012A D:1628 DB:86 nvmxdizc V: 42 H:224 F:30
				87F0B7 3A          DEC                    A:20FF X:0660 Y:0008 S:012A D:1628 DB:86 nvmxdizc V: 42 H:228 F:30
				87F0B8 9F 00 E0 7F STA $7FE000,X [7FE660] A:20FE X:0660 Y:0008 S:012A D:1628 DB:86 nvmxdizc V: 42 H:231 F:30
				87F0BC E8          INX                    A:20FE X:0660 Y:0008 S:012A D:1628 DB:86 nvmxdizc V: 42 H:241 F:30
				87F0BD E8          INX                    A:20FE X:0661 Y:0008 S:012A D:1628 DB:86 nvmxdizc V: 42 H:244 F:30
				87F0BE 1A          INC                    A:20FE X:0662 Y:0008 S:012A D:1628 DB:86 nvmxdizc V: 42 H:247 F:30
				87F0BF 9F 00 E0 7F STA $7FE000,X [7FE662] A:20FF X:0662 Y:0008 S:012A D:1628 DB:86 nvmxdizc V: 42 H:250 F:30
				87F0C3 E8          INX                    A:20FF X:0662 Y:0008 S:012A D:1628 DB:86 nvmxdizc V: 42 H:260 F:30
				87F0C4 E8          INX                    A:20FF X:0663 Y:0008 S:012A D:1628 DB:86 nvmxdizc V: 42 H:263 F:30
				87F0C5 88          DEY                    A:20FF X:0664 Y:0008 S:012A D:1628 DB:86 nvmxdizc V: 42 H:266 F:30
				87F0C6 D0 EF       BNE $00EF     [87F0B7] A:20FF X:0664 Y:0007 S:012A D:1628 DB:86 nvmxdizc V: 42 H:269 F:30
				87F0B7 3A          DEC                    A:20FF X:0664 Y:0007 S:012A D:1628 DB:86 nvmxdizc V: 42 H:274 F:30
				87F0B8 9F 00 E0 7F STA $7FE000,X [7FE664] A:20FE X:0664 Y:0007 S:012A D:1628 DB:86 nvmxdizc V: 42 H:277 F:30
				87F0BC E8          INX                    A:20FE X:0664 Y:0007 S:012A D:1628 DB:86 nvmxdizc V: 42 H:287 F:30
				87F0BD E8          INX                    A:20FE X:0665 Y:0007 S:012A D:1628 DB:86 nvmxdizc V: 42 H:290 F:30
				87F0BE 1A          INC                    A:20FE X:0666 Y:0007 S:012A D:1628 DB:86 nvmxdizc V: 42 H:293 F:30
				87F0BF 9F 00 E0 7F STA $7FE000,X [7FE666] A:20FF X:0666 Y:0007 S:012A D:1628 DB:86 nvmxdizc V: 42 H:296 F:30
				87F0C3 E8          INX                    A:20FF X:0666 Y:0007 S:012A D:1628 DB:86 nvmxdizc V: 42 H:306 F:30
				87F0C4 E8          INX                    A:20FF X:0667 Y:0007 S:012A D:1628 DB:86 nvmxdizc V: 42 H:309 F:30
				87F0C5 88          DEY                    A:20FF X:0668 Y:0007 S:012A D:1628 DB:86 nvmxdizc V: 42 H:312 F:30
				87F0C6 D0 EF       BNE $00EF     [87F0B7] A:20FF X:0668 Y:0006 S:012A D:1628 DB:86 nvmxdizc V: 42 H:315 F:30
				87F0B7 3A          DEC                    A:20FF X:0668 Y:0006 S:012A D:1628 DB:86 nvmxdizc V: 42 H:319 F:30
				87F0B8 9F 00 E0 7F STA $7FE000,X [7FE668] A:20FE X:0668 Y:0006 S:012A D:1628 DB:86 nvmxdizc V: 42 H:322 F:30
				87F0BC E8          INX                    A:20FE X:0668 Y:0006 S:012A D:1628 DB:86 nvmxdizc V: 42 H:331 F:30
				87F0BD E8          INX                    A:20FE X:0669 Y:0006 S:012A D:1628 DB:86 nvmxdizc V: 42 H:334 F:30
				87F0BE 1A          INC                    A:20FE X:066A Y:0006 S:012A D:1628 DB:86 nvmxdizc V: 42 H:337 F:30
				87F0BF 9F 00 E0 7F STA $7FE000,X [7FE66A] A:20FF X:066A Y:0006 S:012A D:1628 DB:86 nvmxdizc V: 43 H:  0 F:30
				87F0C3 E8          INX                    A:20FF X:066A Y:0006 S:012A D:1628 DB:86 nvmxdizc V: 43 H: 10 F:30
				87F0C4 E8          INX                    A:20FF X:066B Y:0006 S:012A D:1628 DB:86 nvmxdizc V: 43 H: 13 F:30
				87F0C5 88          DEY                    A:20FF X:066C Y:0006 S:012A D:1628 DB:86 nvmxdizc V: 43 H: 16 F:30
				87F0C6 D0 EF       BNE $00EF     [87F0B7] A:20FF X:066C Y:0005 S:012A D:1628 DB:86 nvmxdizc V: 43 H: 19 F:30
				87F0B7 3A          DEC                    A:20FF X:066C Y:0005 S:012A D:1628 DB:86 nvmxdizc V: 43 H: 24 F:30
				87F0B8 9F 00 E0 7F STA $7FE000,X [7FE66C] A:20FE X:066C Y:0005 S:012A D:1628 DB:86 nvmxdizc V: 43 H: 27 F:30
				87F0BC E8          INX                    A:20FE X:066C Y:0005 S:012A D:1628 DB:86 nvmxdizc V: 43 H: 37 F:30
				87F0BD E8          INX                    A:20FE X:066D Y:0005 S:012A D:1628 DB:86 nvmxdizc V: 43 H: 40 F:30
				87F0BE 1A          INC                    A:20FE X:066E Y:0005 S:012A D:1628 DB:86 nvmxdizc V: 43 H: 43 F:30
				87F0BF 9F 00 E0 7F STA $7FE000,X [7FE66E] A:20FF X:066E Y:0005 S:012A D:1628 DB:86 nvmxdizc V: 43 H: 46 F:30
				87F0C3 E8          INX                    A:20FF X:066E Y:0005 S:012A D:1628 DB:86 nvmxdizc V: 43 H: 56 F:30
				87F0C4 E8          INX                    A:20FF X:066F Y:0005 S:012A D:1628 DB:86 nvmxdizc V: 43 H: 59 F:30
				87F0C5 88          DEY                    A:20FF X:0670 Y:0005 S:012A D:1628 DB:86 nvmxdizc V: 43 H: 62 F:30
				87F0C6 D0 EF       BNE $00EF     [87F0B7] A:20FF X:0670 Y:0004 S:012A D:1628 DB:86 nvmxdizc V: 43 H: 65 F:30
				87F0B7 3A          DEC                    A:20FF X:0670 Y:0004 S:012A D:1628 DB:86 nvmxdizc V: 43 H: 69 F:30
				87F0B8 9F 00 E0 7F STA $7FE000,X [7FE670] A:20FE X:0670 Y:0004 S:012A D:1628 DB:86 nvmxdizc V: 43 H: 72 F:30
				87F0BC E8          INX                    A:20FE X:0670 Y:0004 S:012A D:1628 DB:86 nvmxdizc V: 43 H: 82 F:30
				87F0BD E8          INX                    A:20FE X:0671 Y:0004 S:012A D:1628 DB:86 nvmxdizc V: 43 H: 85 F:30
				87F0BE 1A          INC                    A:20FE X:0672 Y:0004 S:012A D:1628 DB:86 nvmxdizc V: 43 H: 88 F:30
				87F0BF 9F 00 E0 7F STA $7FE000,X [7FE672] A:20FF X:0672 Y:0004 S:012A D:1628 DB:86 nvmxdizc V: 43 H: 91 F:30
				87F0C3 E8          INX                    A:20FF X:0672 Y:0004 S:012A D:1628 DB:86 nvmxdizc V: 43 H:101 F:30
				87F0C4 E8          INX                    A:20FF X:0673 Y:0004 S:012A D:1628 DB:86 nvmxdizc V: 43 H:104 F:30
				87F0C5 88          DEY                    A:20FF X:0674 Y:0004 S:012A D:1628 DB:86 nvmxdizc V: 43 H:107 F:30
				87F0C6 D0 EF       BNE $00EF     [87F0B7] A:20FF X:0674 Y:0003 S:012A D:1628 DB:86 nvmxdizc V: 43 H:110 F:30
				87F0B7 3A          DEC                    A:20FF X:0674 Y:0003 S:012A D:1628 DB:86 nvmxdizc V: 43 H:115 F:30
				87F0B8 9F 00 E0 7F STA $7FE000,X [7FE674] A:20FE X:0674 Y:0003 S:012A D:1628 DB:86 nvmxdizc V: 43 H:118 F:30
				87F0BC E8          INX                    A:20FE X:0674 Y:0003 S:012A D:1628 DB:86 nvmxdizc V: 43 H:128 F:30
				87F0BD E8          INX                    A:20FE X:0675 Y:0003 S:012A D:1628 DB:86 nvmxdizc V: 43 H:131 F:30
				87F0BE 1A          INC                    A:20FE X:0676 Y:0003 S:012A D:1628 DB:86 nvmxdizc V: 43 H:134 F:30
				87F0BF 9F 00 E0 7F STA $7FE000,X [7FE676] A:20FF X:0676 Y:0003 S:012A D:1628 DB:86 nvmxdizc V: 43 H:147 F:30
				87F0C3 E8          INX                    A:20FF X:0676 Y:0003 S:012A D:1628 DB:86 nvmxdizc V: 43 H:157 F:30
				87F0C4 E8          INX                    A:20FF X:0677 Y:0003 S:012A D:1628 DB:86 nvmxdizc V: 43 H:160 F:30
				87F0C5 88          DEY                    A:20FF X:0678 Y:0003 S:012A D:1628 DB:86 nvmxdizc V: 43 H:163 F:30
				87F0C6 D0 EF       BNE $00EF     [87F0B7] A:20FF X:0678 Y:0002 S:012A D:1628 DB:86 nvmxdizc V: 43 H:166 F:30
				87F0B7 3A          DEC                    A:20FF X:0678 Y:0002 S:012A D:1628 DB:86 nvmxdizc V: 43 H:170 F:30
				87F0B8 9F 00 E0 7F STA $7FE000,X [7FE678] A:20FE X:0678 Y:0002 S:012A D:1628 DB:86 nvmxdizc V: 43 H:173 F:30
				87F0BC E8          INX                    A:20FE X:0678 Y:0002 S:012A D:1628 DB:86 nvmxdizc V: 43 H:183 F:30
				87F0BD E8          INX                    A:20FE X:0679 Y:0002 S:012A D:1628 DB:86 nvmxdizc V: 43 H:186 F:30
				87F0BE 1A          INC                    A:20FE X:067A Y:0002 S:012A D:1628 DB:86 nvmxdizc V: 43 H:189 F:30
				87F0BF 9F 00 E0 7F STA $7FE000,X [7FE67A] A:20FF X:067A Y:0002 S:012A D:1628 DB:86 nvmxdizc V: 43 H:192 F:30
				87F0C3 E8          INX                    A:20FF X:067A Y:0002 S:012A D:1628 DB:86 nvmxdizc V: 43 H:202 F:30
				87F0C4 E8          INX                    A:20FF X:067B Y:0002 S:012A D:1628 DB:86 nvmxdizc V: 43 H:205 F:30
				87F0C5 88          DEY                    A:20FF X:067C Y:0002 S:012A D:1628 DB:86 nvmxdizc V: 43 H:208 F:30
				87F0C6 D0 EF       BNE $00EF     [87F0B7] A:20FF X:067C Y:0001 S:012A D:1628 DB:86 nvmxdizc V: 43 H:211 F:30
				87F0B7 3A          DEC                    A:20FF X:067C Y:0001 S:012A D:1628 DB:86 nvmxdizc V: 43 H:216 F:30
				87F0B8 9F 00 E0 7F STA $7FE000,X [7FE67C] A:20FE X:067C Y:0001 S:012A D:1628 DB:86 nvmxdizc V: 43 H:219 F:30
				87F0BC E8          INX                    A:20FE X:067C Y:0001 S:012A D:1628 DB:86 nvmxdizc V: 43 H:229 F:30
				87F0BD E8          INX                    A:20FE X:067D Y:0001 S:012A D:1628 DB:86 nvmxdizc V: 43 H:232 F:30
				87F0BE 1A          INC                    A:20FE X:067E Y:0001 S:012A D:1628 DB:86 nvmxdizc V: 43 H:235 F:30
				87F0BF 9F 00 E0 7F STA $7FE000,X [7FE67E] A:20FF X:067E Y:0001 S:012A D:1628 DB:86 nvmxdizc V: 43 H:238 F:30
				87F0C3 E8          INX                    A:20FF X:067E Y:0001 S:012A D:1628 DB:86 nvmxdizc V: 43 H:248 F:30
				87F0C4 E8          INX                    A:20FF X:067F Y:0001 S:012A D:1628 DB:86 nvmxdizc V: 43 H:251 F:30
				87F0C5 88          DEY                    A:20FF X:0680 Y:0001 S:012A D:1628 DB:86 nvmxdizc V: 43 H:254 F:30
				87F0C6 D0 EF       BNE $00EF     [87F0B7] A:20FF X:0680 Y:0000 S:012A D:1628 DB:86 nvmxdiZc V: 43 H:257 F:30
				87F0C8 E0 00 08    CPX #$0800             A:20FF X:0680 Y:0000 S:012A D:1628 DB:86 nvmxdiZc V: 43 H:260 F:30
				87F0CB 90 C9       BCC $00C9     [87F096] A:20FF X:0680 Y:0000 S:012A D:1628 DB:86 Nvmxdizc V: 43 H:264 F:30
				87F096 A0 10 00    LDY #$0010             A:20FF X:0680 Y:0000 S:012A D:1628 DB:86 Nvmxdizc V: 43 H:269 F:30
				87F099 A9 FD 20    LDA #$20FD             A:20FF X:0680 Y:0010 S:012A D:1628 DB:86 nvmxdizc V: 43 H:273 F:30
				87F09C 05 1C       ORA $1C       [001644] A:20FD X:0680 Y:0010 S:012A D:1628 DB:86 nvmxdizc V: 43 H:278 F:30
				87F09E 3A          DEC                    A:20FD X:0680 Y:0010 S:012A D:1628 DB:86 nvmxdizc V: 43 H:286 F:30
				87F09F 9F 00 E0 7F STA $7FE000,X [7FE680] A:20FC X:0680 Y:0010 S:012A D:1628 DB:86 nvmxdizc V: 43 H:289 F:30
				87F0A3 E8          INX                    A:20FC X:0680 Y:0010 S:012A D:1628 DB:86 nvmxdizc V: 43 H:299 F:30
				87F0A4 E8          INX                    A:20FC X:0681 Y:0010 S:012A D:1628 DB:86 nvmxdizc V: 43 H:302 F:30
				87F0A5 1A          INC                    A:20FC X:0682 Y:0010 S:012A D:1628 DB:86 nvmxdizc V: 43 H:305 F:30
				87F0A6 9F 00 E0 7F STA $7FE000,X [7FE682] A:20FD X:0682 Y:0010 S:012A D:1628 DB:86 nvmxdizc V: 43 H:308 F:30
				87F0AA E8          INX                    A:20FD X:0682 Y:0010 S:012A D:1628 DB:86 nvmxdizc V: 43 H:318 F:30
				87F0AB E8          INX                    A:20FD X:0683 Y:0010 S:012A D:1628 DB:86 nvmxdizc V: 43 H:321 F:30
				87F0AC 88          DEY                    A:20FD X:0684 Y:0010 S:012A D:1628 DB:86 nvmxdizc V: 43 H:324 F:30
				87F0AD D0 EF       BNE $00EF     [87F09E] A:20FD X:0684 Y:000F S:012A D:1628 DB:86 nvmxdizc V: 43 H:327 F:30
				87F09E 3A          DEC                    A:20FD X:0684 Y:000F S:012A D:1628 DB:86 nvmxdizc V: 43 H:331 F:30
				87F09F 9F 00 E0 7F STA $7FE000,X [7FE684] A:20FC X:0684 Y:000F S:012A D:1628 DB:86 nvmxdizc V: 43 H:334 F:30
				87F0A3 E8          INX                    A:20FC X:0684 Y:000F S:012A D:1628 DB:86 nvmxdizc V: 44 H:  4 F:30
				87F0A4 E8          INX                    A:20FC X:0685 Y:000F S:012A D:1628 DB:86 nvmxdizc V: 44 H:  7 F:30
				87F0A5 1A          INC                    A:20FC X:0686 Y:000F S:012A D:1628 DB:86 nvmxdizc V: 44 H: 10 F:30
				87F0A6 9F 00 E0 7F STA $7FE000,X [7FE686] A:20FD X:0686 Y:000F S:012A D:1628 DB:86 nvmxdizc V: 44 H: 13 F:30
				87F0AA E8          INX                    A:20FD X:0686 Y:000F S:012A D:1628 DB:86 nvmxdizc V: 44 H: 23 F:30
				87F0AB E8          INX                    A:20FD X:0687 Y:000F S:012A D:1628 DB:86 nvmxdizc V: 44 H: 26 F:30
				87F0AC 88          DEY                    A:20FD X:0688 Y:000F S:012A D:1628 DB:86 nvmxdizc V: 44 H: 29 F:30
				87F0AD D0 EF       BNE $00EF     [87F09E] A:20FD X:0688 Y:000E S:012A D:1628 DB:86 nvmxdizc V: 44 H: 32 F:30
				87F09E 3A          DEC                    A:20FD X:0688 Y:000E S:012A D:1628 DB:86 nvmxdizc V: 44 H: 36 F:30
				87F09F 9F 00 E0 7F STA $7FE000,X [7FE688] A:20FC X:0688 Y:000E S:012A D:1628 DB:86 nvmxdizc V: 44 H: 39 F:30
				87F0A3 E8          INX                    A:20FC X:0688 Y:000E S:012A D:1628 DB:86 nvmxdizc V: 44 H: 49 F:30
				87F0A4 E8          INX                    A:20FC X:0689 Y:000E S:012A D:1628 DB:86 nvmxdizc V: 44 H: 52 F:30
				87F0A5 1A          INC                    A:20FC X:068A Y:000E S:012A D:1628 DB:86 nvmxdizc V: 44 H: 55 F:30
				87F0A6 9F 00 E0 7F STA $7FE000,X [7FE68A] A:20FD X:068A Y:000E S:012A D:1628 DB:86 nvmxdizc V: 44 H: 58 F:30
				87F0AA E8          INX                    A:20FD X:068A Y:000E S:012A D:1628 DB:86 nvmxdizc V: 44 H: 68 F:30
				87F0AB E8          INX                    A:20FD X:068B Y:000E S:012A D:1628 DB:86 nvmxdizc V: 44 H: 71 F:30
				87F0AC 88          DEY                    A:20FD X:068C Y:000E S:012A D:1628 DB:86 nvmxdizc V: 44 H: 74 F:30
				87F0AD D0 EF       BNE $00EF     [87F09E] A:20FD X:068C Y:000D S:012A D:1628 DB:86 nvmxdizc V: 44 H: 77 F:30
				87F09E 3A          DEC                    A:20FD X:068C Y:000D S:012A D:1628 DB:86 nvmxdizc V: 44 H: 82 F:30
				87F09F 9F 00 E0 7F STA $7FE000,X [7FE68C] A:20FC X:068C Y:000D S:012A D:1628 DB:86 nvmxdizc V: 44 H: 85 F:30
				87F0A3 E8          INX                    A:20FC X:068C Y:000D S:012A D:1628 DB:86 nvmxdizc V: 44 H: 95 F:30
				87F0A4 E8          INX                    A:20FC X:068D Y:000D S:012A D:1628 DB:86 nvmxdizc V: 44 H: 98 F:30
				87F0A5 1A          INC                    A:20FC X:068E Y:000D S:012A D:1628 DB:86 nvmxdizc V: 44 H:101 F:30
				87F0A6 9F 00 E0 7F STA $7FE000,X [7FE68E] A:20FD X:068E Y:000D S:012A D:1628 DB:86 nvmxdizc V: 44 H:104 F:30
				87F0AA E8          INX                    A:20FD X:068E Y:000D S:012A D:1628 DB:86 nvmxdizc V: 44 H:114 F:30
				87F0AB E8          INX                    A:20FD X:068F Y:000D S:012A D:1628 DB:86 nvmxdizc V: 44 H:117 F:30
				87F0AC 88          DEY                    A:20FD X:0690 Y:000D S:012A D:1628 DB:86 nvmxdizc V: 44 H:120 F:30
				87F0AD D0 EF       BNE $00EF     [87F09E] A:20FD X:0690 Y:000C S:012A D:1628 DB:86 nvmxdizc V: 44 H:123 F:30
				87F09E 3A          DEC                    A:20FD X:0690 Y:000C S:012A D:1628 DB:86 nvmxdizc V: 44 H:127 F:30
				87F09F 9F 00 E0 7F STA $7FE000,X [7FE690] A:20FC X:0690 Y:000C S:012A D:1628 DB:86 nvmxdizc V: 44 H:130 F:30
				87F0A3 E8          INX                    A:20FC X:0690 Y:000C S:012A D:1628 DB:86 nvmxdizc V: 44 H:150 F:30
				87F0A4 E8          INX                    A:20FC X:0691 Y:000C S:012A D:1628 DB:86 nvmxdizc V: 44 H:153 F:30
				87F0A5 1A          INC                    A:20FC X:0692 Y:000C S:012A D:1628 DB:86 nvmxdizc V: 44 H:156 F:30
				87F0A6 9F 00 E0 7F STA $7FE000,X [7FE692] A:20FD X:0692 Y:000C S:012A D:1628 DB:86 nvmxdizc V: 44 H:159 F:30
				87F0AA E8          INX                    A:20FD X:0692 Y:000C S:012A D:1628 DB:86 nvmxdizc V: 44 H:169 F:30
				87F0AB E8          INX                    A:20FD X:0693 Y:000C S:012A D:1628 DB:86 nvmxdizc V: 44 H:172 F:30
				87F0AC 88          DEY                    A:20FD X:0694 Y:000C S:012A D:1628 DB:86 nvmxdizc V: 44 H:175 F:30
				87F0AD D0 EF       BNE $00EF     [87F09E] A:20FD X:0694 Y:000B S:012A D:1628 DB:86 nvmxdizc V: 44 H:178 F:30
				87F09E 3A          DEC                    A:20FD X:0694 Y:000B S:012A D:1628 DB:86 nvmxdizc V: 44 H:183 F:30
				87F09F 9F 00 E0 7F STA $7FE000,X [7FE694] A:20FC X:0694 Y:000B S:012A D:1628 DB:86 nvmxdizc V: 44 H:186 F:30
				87F0A3 E8          INX                    A:20FC X:0694 Y:000B S:012A D:1628 DB:86 nvmxdizc V: 44 H:196 F:30
				87F0A4 E8          INX                    A:20FC X:0695 Y:000B S:012A D:1628 DB:86 nvmxdizc V: 44 H:199 F:30
				87F0A5 1A          INC                    A:20FC X:0696 Y:000B S:012A D:1628 DB:86 nvmxdizc V: 44 H:202 F:30
				87F0A6 9F 00 E0 7F STA $7FE000,X [7FE696] A:20FD X:0696 Y:000B S:012A D:1628 DB:86 nvmxdizc V: 44 H:205 F:30
				87F0AA E8          INX                    A:20FD X:0696 Y:000B S:012A D:1628 DB:86 nvmxdizc V: 44 H:215 F:30
				87F0AB E8          INX                    A:20FD X:0697 Y:000B S:012A D:1628 DB:86 nvmxdizc V: 44 H:218 F:30
				87F0AC 88          DEY                    A:20FD X:0698 Y:000B S:012A D:1628 DB:86 nvmxdizc V: 44 H:221 F:30
				87F0AD D0 EF       BNE $00EF     [87F09E] A:20FD X:0698 Y:000A S:012A D:1628 DB:86 nvmxdizc V: 44 H:224 F:30
				87F09E 3A          DEC                    A:20FD X:0698 Y:000A S:012A D:1628 DB:86 nvmxdizc V: 44 H:228 F:30
				87F09F 9F 00 E0 7F STA $7FE000,X [7FE698] A:20FC X:0698 Y:000A S:012A D:1628 DB:86 nvmxdizc V: 44 H:231 F:30
				87F0A3 E8          INX                    A:20FC X:0698 Y:000A S:012A D:1628 DB:86 nvmxdizc V: 44 H:241 F:30
				87F0A4 E8          INX                    A:20FC X:0699 Y:000A S:012A D:1628 DB:86 nvmxdizc V: 44 H:244 F:30
				87F0A5 1A          INC                    A:20FC X:069A Y:000A S:012A D:1628 DB:86 nvmxdizc V: 44 H:247 F:30
				87F0A6 9F 00 E0 7F STA $7FE000,X [7FE69A] A:20FD X:069A Y:000A S:012A D:1628 DB:86 nvmxdizc V: 44 H:250 F:30
				87F0AA E8          INX                    A:20FD X:069A Y:000A S:012A D:1628 DB:86 nvmxdizc V: 44 H:260 F:30
				87F0AB E8          INX                    A:20FD X:069B Y:000A S:012A D:1628 DB:86 nvmxdizc V: 44 H:263 F:30
				87F0AC 88          DEY                    A:20FD X:069C Y:000A S:012A D:1628 DB:86 nvmxdizc V: 44 H:266 F:30
				87F0AD D0 EF       BNE $00EF     [87F09E] A:20FD X:069C Y:0009 S:012A D:1628 DB:86 nvmxdizc V: 44 H:269 F:30
				87F09E 3A          DEC                    A:20FD X:069C Y:0009 S:012A D:1628 DB:86 nvmxdizc V: 44 H:274 F:30
				87F09F 9F 00 E0 7F STA $7FE000,X [7FE69C] A:20FC X:069C Y:0009 S:012A D:1628 DB:86 nvmxdizc V: 44 H:277 F:30
				87F0A3 E8          INX                    A:20FC X:069C Y:0009 S:012A D:1628 DB:86 nvmxdizc V: 44 H:287 F:30
				87F0A4 E8          INX                    A:20FC X:069D Y:0009 S:012A D:1628 DB:86 nvmxdizc V: 44 H:290 F:30
				87F0A5 1A          INC                    A:20FC X:069E Y:0009 S:012A D:1628 DB:86 nvmxdizc V: 44 H:293 F:30
				87F0A6 9F 00 E0 7F STA $7FE000,X [7FE69E] A:20FD X:069E Y:0009 S:012A D:1628 DB:86 nvmxdizc V: 44 H:296 F:30
				87F0AA E8          INX                    A:20FD X:069E Y:0009 S:012A D:1628 DB:86 nvmxdizc V: 44 H:306 F:30
				87F0AB E8          INX                    A:20FD X:069F Y:0009 S:012A D:1628 DB:86 nvmxdizc V: 44 H:309 F:30
				87F0AC 88          DEY                    A:20FD X:06A0 Y:0009 S:012A D:1628 DB:86 nvmxdizc V: 44 H:312 F:30
				87F0AD D0 EF       BNE $00EF     [87F09E] A:20FD X:06A0 Y:0008 S:012A D:1628 DB:86 nvmxdizc V: 44 H:315 F:30
				87F09E 3A          DEC                    A:20FD X:06A0 Y:0008 S:012A D:1628 DB:86 nvmxdizc V: 44 H:319 F:30
				87F09F 9F 00 E0 7F STA $7FE000,X [7FE6A0] A:20FC X:06A0 Y:0008 S:012A D:1628 DB:86 nvmxdizc V: 44 H:322 F:30
				87F0A3 E8          INX                    A:20FC X:06A0 Y:0008 S:012A D:1628 DB:86 nvmxdizc V: 44 H:331 F:30
				87F0A4 E8          INX                    A:20FC X:06A1 Y:0008 S:012A D:1628 DB:86 nvmxdizc V: 44 H:334 F:30
				87F0A5 1A          INC                    A:20FC X:06A2 Y:0008 S:012A D:1628 DB:86 nvmxdizc V: 44 H:337 F:30
				87F0A6 9F 00 E0 7F STA $7FE000,X [7FE6A2] A:20FD X:06A2 Y:0008 S:012A D:1628 DB:86 nvmxdizc V: 45 H:  0 F:30
				87F0AA E8          INX                    A:20FD X:06A2 Y:0008 S:012A D:1628 DB:86 nvmxdizc V: 45 H: 10 F:30
				87F0AB E8          INX                    A:20FD X:06A3 Y:0008 S:012A D:1628 DB:86 nvmxdizc V: 45 H: 13 F:30
				87F0AC 88          DEY                    A:20FD X:06A4 Y:0008 S:012A D:1628 DB:86 nvmxdizc V: 45 H: 16 F:30
				87F0AD D0 EF       BNE $00EF     [87F09E] A:20FD X:06A4 Y:0007 S:012A D:1628 DB:86 nvmxdizc V: 45 H: 19 F:30
				87F09E 3A          DEC                    A:20FD X:06A4 Y:0007 S:012A D:1628 DB:86 nvmxdizc V: 45 H: 24 F:30
				87F09F 9F 00 E0 7F STA $7FE000,X [7FE6A4] A:20FC X:06A4 Y:0007 S:012A D:1628 DB:86 nvmxdizc V: 45 H: 27 F:30
				87F0A3 E8          INX                    A:20FC X:06A4 Y:0007 S:012A D:1628 DB:86 nvmxdizc V: 45 H: 37 F:30
				87F0A4 E8          INX                    A:20FC X:06A5 Y:0007 S:012A D:1628 DB:86 nvmxdizc V: 45 H: 40 F:30
				87F0A5 1A          INC                    A:20FC X:06A6 Y:0007 S:012A D:1628 DB:86 nvmxdizc V: 45 H: 43 F:30
				87F0A6 9F 00 E0 7F STA $7FE000,X [7FE6A6] A:20FD X:06A6 Y:0007 S:012A D:1628 DB:86 nvmxdizc V: 45 H: 46 F:30
				87F0AA E8          INX                    A:20FD X:06A6 Y:0007 S:012A D:1628 DB:86 nvmxdizc V: 45 H: 56 F:30
				87F0AB E8          INX                    A:20FD X:06A7 Y:0007 S:012A D:1628 DB:86 nvmxdizc V: 45 H: 59 F:30
				87F0AC 88          DEY                    A:20FD X:06A8 Y:0007 S:012A D:1628 DB:86 nvmxdizc V: 45 H: 62 F:30
				87F0AD D0 EF       BNE $00EF     [87F09E] A:20FD X:06A8 Y:0006 S:012A D:1628 DB:86 nvmxdizc V: 45 H: 65 F:30
				87F09E 3A          DEC                    A:20FD X:06A8 Y:0006 S:012A D:1628 DB:86 nvmxdizc V: 45 H: 69 F:30
				87F09F 9F 00 E0 7F STA $7FE000,X [7FE6A8] A:20FC X:06A8 Y:0006 S:012A D:1628 DB:86 nvmxdizc V: 45 H: 72 F:30
				87F0A3 E8          INX                    A:20FC X:06A8 Y:0006 S:012A D:1628 DB:86 nvmxdizc V: 45 H: 82 F:30
				87F0A4 E8          INX                    A:20FC X:06A9 Y:0006 S:012A D:1628 DB:86 nvmxdizc V: 45 H: 85 F:30
				87F0A5 1A          INC                    A:20FC X:06AA Y:0006 S:012A D:1628 DB:86 nvmxdizc V: 45 H: 88 F:30
				87F0A6 9F 00 E0 7F STA $7FE000,X [7FE6AA] A:20FD X:06AA Y:0006 S:012A D:1628 DB:86 nvmxdizc V: 45 H: 91 F:30
				87F0AA E8          INX                    A:20FD X:06AA Y:0006 S:012A D:1628 DB:86 nvmxdizc V: 45 H:101 F:30
				87F0AB E8          INX                    A:20FD X:06AB Y:0006 S:012A D:1628 DB:86 nvmxdizc V: 45 H:104 F:30
				87F0AC 88          DEY                    A:20FD X:06AC Y:0006 S:012A D:1628 DB:86 nvmxdizc V: 45 H:107 F:30
				87F0AD D0 EF       BNE $00EF     [87F09E] A:20FD X:06AC Y:0005 S:012A D:1628 DB:86 nvmxdizc V: 45 H:110 F:30
				87F09E 3A          DEC                    A:20FD X:06AC Y:0005 S:012A D:1628 DB:86 nvmxdizc V: 45 H:115 F:30
				87F09F 9F 00 E0 7F STA $7FE000,X [7FE6AC] A:20FC X:06AC Y:0005 S:012A D:1628 DB:86 nvmxdizc V: 45 H:118 F:30
				87F0A3 E8          INX                    A:20FC X:06AC Y:0005 S:012A D:1628 DB:86 nvmxdizc V: 45 H:128 F:30
				87F0A4 E8          INX                    A:20FC X:06AD Y:0005 S:012A D:1628 DB:86 nvmxdizc V: 45 H:131 F:30
				87F0A5 1A          INC                    A:20FC X:06AE Y:0005 S:012A D:1628 DB:86 nvmxdizc V: 45 H:134 F:30
				87F0A6 9F 00 E0 7F STA $7FE000,X [7FE6AE] A:20FD X:06AE Y:0005 S:012A D:1628 DB:86 nvmxdizc V: 45 H:147 F:30
				87F0AA E8          INX                    A:20FD X:06AE Y:0005 S:012A D:1628 DB:86 nvmxdizc V: 45 H:157 F:30
				87F0AB E8          INX                    A:20FD X:06AF Y:0005 S:012A D:1628 DB:86 nvmxdizc V: 45 H:160 F:30
				87F0AC 88          DEY                    A:20FD X:06B0 Y:0005 S:012A D:1628 DB:86 nvmxdizc V: 45 H:163 F:30
				87F0AD D0 EF       BNE $00EF     [87F09E] A:20FD X:06B0 Y:0004 S:012A D:1628 DB:86 nvmxdizc V: 45 H:166 F:30
				87F09E 3A          DEC                    A:20FD X:06B0 Y:0004 S:012A D:1628 DB:86 nvmxdizc V: 45 H:170 F:30
				87F09F 9F 00 E0 7F STA $7FE000,X [7FE6B0] A:20FC X:06B0 Y:0004 S:012A D:1628 DB:86 nvmxdizc V: 45 H:173 F:30
				87F0A3 E8          INX                    A:20FC X:06B0 Y:0004 S:012A D:1628 DB:86 nvmxdizc V: 45 H:183 F:30
				87F0A4 E8          INX                    A:20FC X:06B1 Y:0004 S:012A D:1628 DB:86 nvmxdizc V: 45 H:186 F:30
				87F0A5 1A          INC                    A:20FC X:06B2 Y:0004 S:012A D:1628 DB:86 nvmxdizc V: 45 H:189 F:30
				87F0A6 9F 00 E0 7F STA $7FE000,X [7FE6B2] A:20FD X:06B2 Y:0004 S:012A D:1628 DB:86 nvmxdizc V: 45 H:192 F:30
				87F0AA E8          INX                    A:20FD X:06B2 Y:0004 S:012A D:1628 DB:86 nvmxdizc V: 45 H:202 F:30
				87F0AB E8          INX                    A:20FD X:06B3 Y:0004 S:012A D:1628 DB:86 nvmxdizc V: 45 H:205 F:30
				87F0AC 88          DEY                    A:20FD X:06B4 Y:0004 S:012A D:1628 DB:86 nvmxdizc V: 45 H:208 F:30
				87F0AD D0 EF       BNE $00EF     [87F09E] A:20FD X:06B4 Y:0003 S:012A D:1628 DB:86 nvmxdizc V: 45 H:211 F:30
				87F09E 3A          DEC                    A:20FD X:06B4 Y:0003 S:012A D:1628 DB:86 nvmxdizc V: 45 H:216 F:30
				87F09F 9F 00 E0 7F STA $7FE000,X [7FE6B4] A:20FC X:06B4 Y:0003 S:012A D:1628 DB:86 nvmxdizc V: 45 H:219 F:30
				87F0A3 E8          INX                    A:20FC X:06B4 Y:0003 S:012A D:1628 DB:86 nvmxdizc V: 45 H:229 F:30
				87F0A4 E8          INX                    A:20FC X:06B5 Y:0003 S:012A D:1628 DB:86 nvmxdizc V: 45 H:232 F:30
				87F0A5 1A          INC                    A:20FC X:06B6 Y:0003 S:012A D:1628 DB:86 nvmxdizc V: 45 H:235 F:30
				87F0A6 9F 00 E0 7F STA $7FE000,X [7FE6B6] A:20FD X:06B6 Y:0003 S:012A D:1628 DB:86 nvmxdizc V: 45 H:238 F:30
				87F0AA E8          INX                    A:20FD X:06B6 Y:0003 S:012A D:1628 DB:86 nvmxdizc V: 45 H:248 F:30
				87F0AB E8          INX                    A:20FD X:06B7 Y:0003 S:012A D:1628 DB:86 nvmxdizc V: 45 H:251 F:30
				87F0AC 88          DEY                    A:20FD X:06B8 Y:0003 S:012A D:1628 DB:86 nvmxdizc V: 45 H:254 F:30
				87F0AD D0 EF       BNE $00EF     [87F09E] A:20FD X:06B8 Y:0002 S:012A D:1628 DB:86 nvmxdizc V: 45 H:257 F:30
				87F09E 3A          DEC                    A:20FD X:06B8 Y:0002 S:012A D:1628 DB:86 nvmxdizc V: 45 H:261 F:30
				87F09F 9F 00 E0 7F STA $7FE000,X [7FE6B8] A:20FC X:06B8 Y:0002 S:012A D:1628 DB:86 nvmxdizc V: 45 H:264 F:30
				87F0A3 E8          INX                    A:20FC X:06B8 Y:0002 S:012A D:1628 DB:86 nvmxdizc V: 45 H:274 F:30
				87F0A4 E8          INX                    A:20FC X:06B9 Y:0002 S:012A D:1628 DB:86 nvmxdizc V: 45 H:277 F:30
				87F0A5 1A          INC                    A:20FC X:06BA Y:0002 S:012A D:1628 DB:86 nvmxdizc V: 45 H:280 F:30
				87F0A6 9F 00 E0 7F STA $7FE000,X [7FE6BA] A:20FD X:06BA Y:0002 S:012A D:1628 DB:86 nvmxdizc V: 45 H:283 F:30
				87F0AA E8          INX                    A:20FD X:06BA Y:0002 S:012A D:1628 DB:86 nvmxdizc V: 45 H:293 F:30
				87F0AB E8          INX                    A:20FD X:06BB Y:0002 S:012A D:1628 DB:86 nvmxdizc V: 45 H:296 F:30
				87F0AC 88          DEY                    A:20FD X:06BC Y:0002 S:012A D:1628 DB:86 nvmxdizc V: 45 H:299 F:30
				87F0AD D0 EF       BNE $00EF     [87F09E] A:20FD X:06BC Y:0001 S:012A D:1628 DB:86 nvmxdizc V: 45 H:302 F:30
				87F09E 3A          DEC                    A:20FD X:06BC Y:0001 S:012A D:1628 DB:86 nvmxdizc V: 45 H:307 F:30
				87F09F 9F 00 E0 7F STA $7FE000,X [7FE6BC] A:20FC X:06BC Y:0001 S:012A D:1628 DB:86 nvmxdizc V: 45 H:310 F:30
				87F0A3 E8          INX                    A:20FC X:06BC Y:0001 S:012A D:1628 DB:86 nvmxdizc V: 45 H:320 F:30
				87F0A4 E8          INX                    A:20FC X:06BD Y:0001 S:012A D:1628 DB:86 nvmxdizc V: 45 H:323 F:30
				87F0A5 1A          INC                    A:20FC X:06BE Y:0001 S:012A D:1628 DB:86 nvmxdizc V: 45 H:325 F:30
				87F0A6 9F 00 E0 7F STA $7FE000,X [7FE6BE] A:20FD X:06BE Y:0001 S:012A D:1628 DB:86 nvmxdizc V: 45 H:328 F:30
				87F0AA E8          INX                    A:20FD X:06BE Y:0001 S:012A D:1628 DB:86 nvmxdizc V: 45 H:338 F:30
				87F0AB E8          INX                    A:20FD X:06BF Y:0001 S:012A D:1628 DB:86 nvmxdizc V: 46 H:  1 F:30
				87F0AC 88          DEY                    A:20FD X:06C0 Y:0001 S:012A D:1628 DB:86 nvmxdizc V: 46 H:  4 F:30
				87F0AD D0 EF       BNE $00EF     [87F09E] A:20FD X:06C0 Y:0000 S:012A D:1628 DB:86 nvmxdiZc V: 46 H:  7 F:30
				87F0AF A0 10 00    LDY #$0010             A:20FD X:06C0 Y:0000 S:012A D:1628 DB:86 nvmxdiZc V: 46 H: 10 F:30
				87F0B2 A9 FF 20    LDA #$20FF             A:20FD X:06C0 Y:0010 S:012A D:1628 DB:86 nvmxdizc V: 46 H: 14 F:30
				87F0B5 05 1C       ORA $1C       [001644] A:20FF X:06C0 Y:0010 S:012A D:1628 DB:86 nvmxdizc V: 46 H: 19 F:30
				87F0B7 3A          DEC                    A:20FF X:06C0 Y:0010 S:012A D:1628 DB:86 nvmxdizc V: 46 H: 27 F:30
				87F0B8 9F 00 E0 7F STA $7FE000,X [7FE6C0] A:20FE X:06C0 Y:0010 S:012A D:1628 DB:86 nvmxdizc V: 46 H: 30 F:30
				87F0BC E8          INX                    A:20FE X:06C0 Y:0010 S:012A D:1628 DB:86 nvmxdizc V: 46 H: 40 F:30
				87F0BD E8          INX                    A:20FE X:06C1 Y:0010 S:012A D:1628 DB:86 nvmxdizc V: 46 H: 43 F:30
				87F0BE 1A          INC                    A:20FE X:06C2 Y:0010 S:012A D:1628 DB:86 nvmxdizc V: 46 H: 46 F:30
				87F0BF 9F 00 E0 7F STA $7FE000,X [7FE6C2] A:20FF X:06C2 Y:0010 S:012A D:1628 DB:86 nvmxdizc V: 46 H: 49 F:30
				87F0C3 E8          INX                    A:20FF X:06C2 Y:0010 S:012A D:1628 DB:86 nvmxdizc V: 46 H: 59 F:30
				87F0C4 E8          INX                    A:20FF X:06C3 Y:0010 S:012A D:1628 DB:86 nvmxdizc V: 46 H: 62 F:30
				87F0C5 88          DEY                    A:20FF X:06C4 Y:0010 S:012A D:1628 DB:86 nvmxdizc V: 46 H: 65 F:30
				87F0C6 D0 EF       BNE $00EF     [87F0B7] A:20FF X:06C4 Y:000F S:012A D:1628 DB:86 nvmxdizc V: 46 H: 68 F:30
				87F0B7 3A          DEC                    A:20FF X:06C4 Y:000F S:012A D:1628 DB:86 nvmxdizc V: 46 H: 73 F:30
				87F0B8 9F 00 E0 7F STA $7FE000,X [7FE6C4] A:20FE X:06C4 Y:000F S:012A D:1628 DB:86 nvmxdizc V: 46 H: 76 F:30
				87F0BC E8          INX                    A:20FE X:06C4 Y:000F S:012A D:1628 DB:86 nvmxdizc V: 46 H: 86 F:30
				87F0BD E8          INX                    A:20FE X:06C5 Y:000F S:012A D:1628 DB:86 nvmxdizc V: 46 H: 89 F:30
				87F0BE 1A          INC                    A:20FE X:06C6 Y:000F S:012A D:1628 DB:86 nvmxdizc V: 46 H: 92 F:30
				87F0BF 9F 00 E0 7F STA $7FE000,X [7FE6C6] A:20FF X:06C6 Y:000F S:012A D:1628 DB:86 nvmxdizc V: 46 H: 95 F:30
				87F0C3 E8          INX                    A:20FF X:06C6 Y:000F S:012A D:1628 DB:86 nvmxdizc V: 46 H:105 F:30
				87F0C4 E8          INX                    A:20FF X:06C7 Y:000F S:012A D:1628 DB:86 nvmxdizc V: 46 H:108 F:30
				87F0C5 88          DEY                    A:20FF X:06C8 Y:000F S:012A D:1628 DB:86 nvmxdizc V: 46 H:111 F:30
				87F0C6 D0 EF       BNE $00EF     [87F0B7] A:20FF X:06C8 Y:000E S:012A D:1628 DB:86 nvmxdizc V: 46 H:114 F:30
				87F0B7 3A          DEC                    A:20FF X:06C8 Y:000E S:012A D:1628 DB:86 nvmxdizc V: 46 H:118 F:30
				87F0B8 9F 00 E0 7F STA $7FE000,X [7FE6C8] A:20FE X:06C8 Y:000E S:012A D:1628 DB:86 nvmxdizc V: 46 H:121 F:30
				87F0BC E8          INX                    A:20FE X:06C8 Y:000E S:012A D:1628 DB:86 nvmxdizc V: 46 H:131 F:30
				87F0BD E8          INX                    A:20FE X:06C9 Y:000E S:012A D:1628 DB:86 nvmxdizc V: 46 H:144 F:30
				87F0BE 1A          INC                    A:20FE X:06CA Y:000E S:012A D:1628 DB:86 nvmxdizc V: 46 H:147 F:30
				87F0BF 9F 00 E0 7F STA $7FE000,X [7FE6CA] A:20FF X:06CA Y:000E S:012A D:1628 DB:86 nvmxdizc V: 46 H:150 F:30
				87F0C3 E8          INX                    A:20FF X:06CA Y:000E S:012A D:1628 DB:86 nvmxdizc V: 46 H:160 F:30
				87F0C4 E8          INX                    A:20FF X:06CB Y:000E S:012A D:1628 DB:86 nvmxdizc V: 46 H:163 F:30
				87F0C5 88          DEY                    A:20FF X:06CC Y:000E S:012A D:1628 DB:86 nvmxdizc V: 46 H:166 F:30
				87F0C6 D0 EF       BNE $00EF     [87F0B7] A:20FF X:06CC Y:000D S:012A D:1628 DB:86 nvmxdizc V: 46 H:169 F:30
				87F0B7 3A          DEC                    A:20FF X:06CC Y:000D S:012A D:1628 DB:86 nvmxdizc V: 46 H:174 F:30
				87F0B8 9F 00 E0 7F STA $7FE000,X [7FE6CC] A:20FE X:06CC Y:000D S:012A D:1628 DB:86 nvmxdizc V: 46 H:177 F:30
				87F0BC E8          INX                    A:20FE X:06CC Y:000D S:012A D:1628 DB:86 nvmxdizc V: 46 H:187 F:30
				87F0BD E8          INX                    A:20FE X:06CD Y:000D S:012A D:1628 DB:86 nvmxdizc V: 46 H:190 F:30
				87F0BE 1A          INC                    A:20FE X:06CE Y:000D S:012A D:1628 DB:86 nvmxdizc V: 46 H:193 F:30
				87F0BF 9F 00 E0 7F STA $7FE000,X [7FE6CE] A:20FF X:06CE Y:000D S:012A D:1628 DB:86 nvmxdizc V: 46 H:196 F:30
				87F0C3 E8          INX                    A:20FF X:06CE Y:000D S:012A D:1628 DB:86 nvmxdizc V: 46 H:206 F:30
				87F0C4 E8          INX                    A:20FF X:06CF Y:000D S:012A D:1628 DB:86 nvmxdizc V: 46 H:209 F:30
				87F0C5 88          DEY                    A:20FF X:06D0 Y:000D S:012A D:1628 DB:86 nvmxdizc V: 46 H:212 F:30
				87F0C6 D0 EF       BNE $00EF     [87F0B7] A:20FF X:06D0 Y:000C S:012A D:1628 DB:86 nvmxdizc V: 46 H:215 F:30
				87F0B7 3A          DEC                    A:20FF X:06D0 Y:000C S:012A D:1628 DB:86 nvmxdizc V: 46 H:219 F:30
				87F0B8 9F 00 E0 7F STA $7FE000,X [7FE6D0] A:20FE X:06D0 Y:000C S:012A D:1628 DB:86 nvmxdizc V: 46 H:222 F:30
				87F0BC E8          INX                    A:20FE X:06D0 Y:000C S:012A D:1628 DB:86 nvmxdizc V: 46 H:232 F:30
				87F0BD E8          INX                    A:20FE X:06D1 Y:000C S:012A D:1628 DB:86 nvmxdizc V: 46 H:235 F:30
				87F0BE 1A          INC                    A:20FE X:06D2 Y:000C S:012A D:1628 DB:86 nvmxdizc V: 46 H:238 F:30
				87F0BF 9F 00 E0 7F STA $7FE000,X [7FE6D2] A:20FF X:06D2 Y:000C S:012A D:1628 DB:86 nvmxdizc V: 46 H:241 F:30
				87F0C3 E8          INX                    A:20FF X:06D2 Y:000C S:012A D:1628 DB:86 nvmxdizc V: 46 H:251 F:30
				87F0C4 E8          INX                    A:20FF X:06D3 Y:000C S:012A D:1628 DB:86 nvmxdizc V: 46 H:254 F:30
				87F0C5 88          DEY                    A:20FF X:06D4 Y:000C S:012A D:1628 DB:86 nvmxdizc V: 46 H:257 F:30
				87F0C6 D0 EF       BNE $00EF     [87F0B7] A:20FF X:06D4 Y:000B S:012A D:1628 DB:86 nvmxdizc V: 46 H:260 F:30
				87F0B7 3A          DEC                    A:20FF X:06D4 Y:000B S:012A D:1628 DB:86 nvmxdizc V: 46 H:265 F:30
				87F0B8 9F 00 E0 7F STA $7FE000,X [7FE6D4] A:20FE X:06D4 Y:000B S:012A D:1628 DB:86 nvmxdizc V: 46 H:268 F:30
				87F0BC E8          INX                    A:20FE X:06D4 Y:000B S:012A D:1628 DB:86 nvmxdizc V: 46 H:278 F:30
				87F0BD E8          INX                    A:20FE X:06D5 Y:000B S:012A D:1628 DB:86 nvmxdizc V: 46 H:281 F:30
				87F0BE 1A          INC                    A:20FE X:06D6 Y:000B S:012A D:1628 DB:86 nvmxdizc V: 46 H:284 F:30
				87F0BF 9F 00 E0 7F STA $7FE000,X [7FE6D6] A:20FF X:06D6 Y:000B S:012A D:1628 DB:86 nvmxdizc V: 46 H:287 F:30
				87F0C3 E8          INX                    A:20FF X:06D6 Y:000B S:012A D:1628 DB:86 nvmxdizc V: 46 H:297 F:30
				87F0C4 E8          INX                    A:20FF X:06D7 Y:000B S:012A D:1628 DB:86 nvmxdizc V: 46 H:300 F:30
				87F0C5 88          DEY                    A:20FF X:06D8 Y:000B S:012A D:1628 DB:86 nvmxdizc V: 46 H:303 F:30
				87F0C6 D0 EF       BNE $00EF     [87F0B7] A:20FF X:06D8 Y:000A S:012A D:1628 DB:86 nvmxdizc V: 46 H:306 F:30
				87F0B7 3A          DEC                    A:20FF X:06D8 Y:000A S:012A D:1628 DB:86 nvmxdizc V: 46 H:310 F:30
				87F0B8 9F 00 E0 7F STA $7FE000,X [7FE6D8] A:20FE X:06D8 Y:000A S:012A D:1628 DB:86 nvmxdizc V: 46 H:313 F:30
				87F0BC E8          INX                    A:20FE X:06D8 Y:000A S:012A D:1628 DB:86 nvmxdizc V: 46 H:323 F:30
				87F0BD E8          INX                    A:20FE X:06D9 Y:000A S:012A D:1628 DB:86 nvmxdizc V: 46 H:326 F:30
				87F0BE 1A          INC                    A:20FE X:06DA Y:000A S:012A D:1628 DB:86 nvmxdizc V: 46 H:328 F:30
				87F0BF 9F 00 E0 7F STA $7FE000,X [7FE6DA] A:20FF X:06DA Y:000A S:012A D:1628 DB:86 nvmxdizc V: 46 H:331 F:30
				87F0C3 E8          INX                    A:20FF X:06DA Y:000A S:012A D:1628 DB:86 nvmxdizc V: 47 H:  1 F:30
				87F0C4 E8          INX                    A:20FF X:06DB Y:000A S:012A D:1628 DB:86 nvmxdizc V: 47 H:  4 F:30
				87F0C5 88          DEY                    A:20FF X:06DC Y:000A S:012A D:1628 DB:86 nvmxdizc V: 47 H:  7 F:30
				87F0C6 D0 EF       BNE $00EF     [87F0B7] A:20FF X:06DC Y:0009 S:012A D:1628 DB:86 nvmxdizc V: 47 H: 10 F:30
				87F0B7 3A          DEC                    A:20FF X:06DC Y:0009 S:012A D:1628 DB:86 nvmxdizc V: 47 H: 15 F:30
				87F0B8 9F 00 E0 7F STA $7FE000,X [7FE6DC] A:20FE X:06DC Y:0009 S:012A D:1628 DB:86 nvmxdizc V: 47 H: 18 F:30
				87F0BC E8          INX                    A:20FE X:06DC Y:0009 S:012A D:1628 DB:86 nvmxdizc V: 47 H: 28 F:30
				87F0BD E8          INX                    A:20FE X:06DD Y:0009 S:012A D:1628 DB:86 nvmxdizc V: 47 H: 31 F:30
				87F0BE 1A          INC                    A:20FE X:06DE Y:0009 S:012A D:1628 DB:86 nvmxdizc V: 47 H: 34 F:30
				87F0BF 9F 00 E0 7F STA $7FE000,X [7FE6DE] A:20FF X:06DE Y:0009 S:012A D:1628 DB:86 nvmxdizc V: 47 H: 37 F:30
				87F0C3 E8          INX                    A:20FF X:06DE Y:0009 S:012A D:1628 DB:86 nvmxdizc V: 47 H: 47 F:30
				87F0C4 E8          INX                    A:20FF X:06DF Y:0009 S:012A D:1628 DB:86 nvmxdizc V: 47 H: 50 F:30
				87F0C5 88          DEY                    A:20FF X:06E0 Y:0009 S:012A D:1628 DB:86 nvmxdizc V: 47 H: 53 F:30
				87F0C6 D0 EF       BNE $00EF     [87F0B7] A:20FF X:06E0 Y:0008 S:012A D:1628 DB:86 nvmxdizc V: 47 H: 56 F:30
				87F0B7 3A          DEC                    A:20FF X:06E0 Y:0008 S:012A D:1628 DB:86 nvmxdizc V: 47 H: 60 F:30
				87F0B8 9F 00 E0 7F STA $7FE000,X [7FE6E0] A:20FE X:06E0 Y:0008 S:012A D:1628 DB:86 nvmxdizc V: 47 H: 63 F:30
				87F0BC E8          INX                    A:20FE X:06E0 Y:0008 S:012A D:1628 DB:86 nvmxdizc V: 47 H: 73 F:30
				87F0BD E8          INX                    A:20FE X:06E1 Y:0008 S:012A D:1628 DB:86 nvmxdizc V: 47 H: 76 F:30
				87F0BE 1A          INC                    A:20FE X:06E2 Y:0008 S:012A D:1628 DB:86 nvmxdizc V: 47 H: 79 F:30
				87F0BF 9F 00 E0 7F STA $7FE000,X [7FE6E2] A:20FF X:06E2 Y:0008 S:012A D:1628 DB:86 nvmxdizc V: 47 H: 82 F:30
				87F0C3 E8          INX                    A:20FF X:06E2 Y:0008 S:012A D:1628 DB:86 nvmxdizc V: 47 H: 92 F:30
				87F0C4 E8          INX                    A:20FF X:06E3 Y:0008 S:012A D:1628 DB:86 nvmxdizc V: 47 H: 95 F:30
				87F0C5 88          DEY                    A:20FF X:06E4 Y:0008 S:012A D:1628 DB:86 nvmxdizc V: 47 H: 98 F:30
				87F0C6 D0 EF       BNE $00EF     [87F0B7] A:20FF X:06E4 Y:0007 S:012A D:1628 DB:86 nvmxdizc V: 47 H:101 F:30
				87F0B7 3A          DEC                    A:20FF X:06E4 Y:0007 S:012A D:1628 DB:86 nvmxdizc V: 47 H:106 F:30
				87F0B8 9F 00 E0 7F STA $7FE000,X [7FE6E4] A:20FE X:06E4 Y:0007 S:012A D:1628 DB:86 nvmxdizc V: 47 H:109 F:30
				87F0BC E8          INX                    A:20FE X:06E4 Y:0007 S:012A D:1628 DB:86 nvmxdizc V: 47 H:119 F:30
				87F0BD E8          INX                    A:20FE X:06E5 Y:0007 S:012A D:1628 DB:86 nvmxdizc V: 47 H:122 F:30
				87F0BE 1A          INC                    A:20FE X:06E6 Y:0007 S:012A D:1628 DB:86 nvmxdizc V: 47 H:125 F:30
				87F0BF 9F 00 E0 7F STA $7FE000,X [7FE6E6] A:20FF X:06E6 Y:0007 S:012A D:1628 DB:86 nvmxdizc V: 47 H:128 F:30
				87F0C3 E8          INX                    A:20FF X:06E6 Y:0007 S:012A D:1628 DB:86 nvmxdizc V: 47 H:148 F:30
				87F0C4 E8          INX                    A:20FF X:06E7 Y:0007 S:012A D:1628 DB:86 nvmxdizc V: 47 H:151 F:30
				87F0C5 88          DEY                    A:20FF X:06E8 Y:0007 S:012A D:1628 DB:86 nvmxdizc V: 47 H:154 F:30
				87F0C6 D0 EF       BNE $00EF     [87F0B7] A:20FF X:06E8 Y:0006 S:012A D:1628 DB:86 nvmxdizc V: 47 H:157 F:30
				87F0B7 3A          DEC                    A:20FF X:06E8 Y:0006 S:012A D:1628 DB:86 nvmxdizc V: 47 H:161 F:30
				87F0B8 9F 00 E0 7F STA $7FE000,X [7FE6E8] A:20FE X:06E8 Y:0006 S:012A D:1628 DB:86 nvmxdizc V: 47 H:164 F:30
				87F0BC E8          INX                    A:20FE X:06E8 Y:0006 S:012A D:1628 DB:86 nvmxdizc V: 47 H:174 F:30
				87F0BD E8          INX                    A:20FE X:06E9 Y:0006 S:012A D:1628 DB:86 nvmxdizc V: 47 H:177 F:30
				87F0BE 1A          INC                    A:20FE X:06EA Y:0006 S:012A D:1628 DB:86 nvmxdizc V: 47 H:180 F:30
				87F0BF 9F 00 E0 7F STA $7FE000,X [7FE6EA] A:20FF X:06EA Y:0006 S:012A D:1628 DB:86 nvmxdizc V: 47 H:183 F:30
				87F0C3 E8          INX                    A:20FF X:06EA Y:0006 S:012A D:1628 DB:86 nvmxdizc V: 47 H:193 F:30
				87F0C4 E8          INX                    A:20FF X:06EB Y:0006 S:012A D:1628 DB:86 nvmxdizc V: 47 H:196 F:30
				87F0C5 88          DEY                    A:20FF X:06EC Y:0006 S:012A D:1628 DB:86 nvmxdizc V: 47 H:199 F:30
				87F0C6 D0 EF       BNE $00EF     [87F0B7] A:20FF X:06EC Y:0005 S:012A D:1628 DB:86 nvmxdizc V: 47 H:202 F:30
				87F0B7 3A          DEC                    A:20FF X:06EC Y:0005 S:012A D:1628 DB:86 nvmxdizc V: 47 H:207 F:30
				87F0B8 9F 00 E0 7F STA $7FE000,X [7FE6EC] A:20FE X:06EC Y:0005 S:012A D:1628 DB:86 nvmxdizc V: 47 H:210 F:30
				87F0BC E8          INX                    A:20FE X:06EC Y:0005 S:012A D:1628 DB:86 nvmxdizc V: 47 H:220 F:30
				87F0BD E8          INX                    A:20FE X:06ED Y:0005 S:012A D:1628 DB:86 nvmxdizc V: 47 H:223 F:30
				87F0BE 1A          INC                    A:20FE X:06EE Y:0005 S:012A D:1628 DB:86 nvmxdizc V: 47 H:226 F:30
				87F0BF 9F 00 E0 7F STA $7FE000,X [7FE6EE] A:20FF X:06EE Y:0005 S:012A D:1628 DB:86 nvmxdizc V: 47 H:229 F:30
				87F0C3 E8          INX                    A:20FF X:06EE Y:0005 S:012A D:1628 DB:86 nvmxdizc V: 47 H:239 F:30
				87F0C4 E8          INX                    A:20FF X:06EF Y:0005 S:012A D:1628 DB:86 nvmxdizc V: 47 H:242 F:30
				87F0C5 88          DEY                    A:20FF X:06F0 Y:0005 S:012A D:1628 DB:86 nvmxdizc V: 47 H:245 F:30
				87F0C6 D0 EF       BNE $00EF     [87F0B7] A:20FF X:06F0 Y:0004 S:012A D:1628 DB:86 nvmxdizc V: 47 H:248 F:30
				87F0B7 3A          DEC                    A:20FF X:06F0 Y:0004 S:012A D:1628 DB:86 nvmxdizc V: 47 H:252 F:30
				87F0B8 9F 00 E0 7F STA $7FE000,X [7FE6F0] A:20FE X:06F0 Y:0004 S:012A D:1628 DB:86 nvmxdizc V: 47 H:255 F:30
				87F0BC E8          INX                    A:20FE X:06F0 Y:0004 S:012A D:1628 DB:86 nvmxdizc V: 47 H:265 F:30
				87F0BD E8          INX                    A:20FE X:06F1 Y:0004 S:012A D:1628 DB:86 nvmxdizc V: 47 H:268 F:30
				87F0BE 1A          INC                    A:20FE X:06F2 Y:0004 S:012A D:1628 DB:86 nvmxdizc V: 47 H:271 F:30
				87F0BF 9F 00 E0 7F STA $7FE000,X [7FE6F2] A:20FF X:06F2 Y:0004 S:012A D:1628 DB:86 nvmxdizc V: 47 H:274 F:30
				87F0C3 E8          INX                    A:20FF X:06F2 Y:0004 S:012A D:1628 DB:86 nvmxdizc V: 47 H:284 F:30
				87F0C4 E8          INX                    A:20FF X:06F3 Y:0004 S:012A D:1628 DB:86 nvmxdizc V: 47 H:287 F:30
				87F0C5 88          DEY                    A:20FF X:06F4 Y:0004 S:012A D:1628 DB:86 nvmxdizc V: 47 H:290 F:30
				87F0C6 D0 EF       BNE $00EF     [87F0B7] A:20FF X:06F4 Y:0003 S:012A D:1628 DB:86 nvmxdizc V: 47 H:293 F:30
				87F0B7 3A          DEC                    A:20FF X:06F4 Y:0003 S:012A D:1628 DB:86 nvmxdizc V: 47 H:298 F:30
				87F0B8 9F 00 E0 7F STA $7FE000,X [7FE6F4] A:20FE X:06F4 Y:0003 S:012A D:1628 DB:86 nvmxdizc V: 47 H:301 F:30
				87F0BC E8          INX                    A:20FE X:06F4 Y:0003 S:012A D:1628 DB:86 nvmxdizc V: 47 H:311 F:30
				87F0BD E8          INX                    A:20FE X:06F5 Y:0003 S:012A D:1628 DB:86 nvmxdizc V: 47 H:314 F:30
				87F0BE 1A          INC                    A:20FE X:06F6 Y:0003 S:012A D:1628 DB:86 nvmxdizc V: 47 H:317 F:30
				87F0BF 9F 00 E0 7F STA $7FE000,X [7FE6F6] A:20FF X:06F6 Y:0003 S:012A D:1628 DB:86 nvmxdizc V: 47 H:320 F:30
				87F0C3 E8          INX                    A:20FF X:06F6 Y:0003 S:012A D:1628 DB:86 nvmxdizc V: 47 H:329 F:30
				87F0C4 E8          INX                    A:20FF X:06F7 Y:0003 S:012A D:1628 DB:86 nvmxdizc V: 47 H:332 F:30
				87F0C5 88          DEY                    A:20FF X:06F8 Y:0003 S:012A D:1628 DB:86 nvmxdizc V: 47 H:335 F:30
				87F0C6 D0 EF       BNE $00EF     [87F0B7] A:20FF X:06F8 Y:0002 S:012A D:1628 DB:86 nvmxdizc V: 47 H:338 F:30
				87F0B7 3A          DEC                    A:20FF X:06F8 Y:0002 S:012A D:1628 DB:86 nvmxdizc V: 48 H:  2 F:30
				87F0B8 9F 00 E0 7F STA $7FE000,X [7FE6F8] A:20FE X:06F8 Y:0002 S:012A D:1628 DB:86 nvmxdizc V: 48 H:  5 F:30
				87F0BC E8          INX                    A:20FE X:06F8 Y:0002 S:012A D:1628 DB:86 nvmxdizc V: 48 H: 15 F:30
				87F0BD E8          INX                    A:20FE X:06F9 Y:0002 S:012A D:1628 DB:86 nvmxdizc V: 48 H: 18 F:30
				87F0BE 1A          INC                    A:20FE X:06FA Y:0002 S:012A D:1628 DB:86 nvmxdizc V: 48 H: 21 F:30
				87F0BF 9F 00 E0 7F STA $7FE000,X [7FE6FA] A:20FF X:06FA Y:0002 S:012A D:1628 DB:86 nvmxdizc V: 48 H: 24 F:30
				87F0C3 E8          INX                    A:20FF X:06FA Y:0002 S:012A D:1628 DB:86 nvmxdizc V: 48 H: 34 F:30
				87F0C4 E8          INX                    A:20FF X:06FB Y:0002 S:012A D:1628 DB:86 nvmxdizc V: 48 H: 37 F:30
				87F0C5 88          DEY                    A:20FF X:06FC Y:0002 S:012A D:1628 DB:86 nvmxdizc V: 48 H: 40 F:30
				87F0C6 D0 EF       BNE $00EF     [87F0B7] A:20FF X:06FC Y:0001 S:012A D:1628 DB:86 nvmxdizc V: 48 H: 43 F:30
				87F0B7 3A          DEC                    A:20FF X:06FC Y:0001 S:012A D:1628 DB:86 nvmxdizc V: 48 H: 48 F:30
				87F0B8 9F 00 E0 7F STA $7FE000,X [7FE6FC] A:20FE X:06FC Y:0001 S:012A D:1628 DB:86 nvmxdizc V: 48 H: 51 F:30
				87F0BC E8          INX                    A:20FE X:06FC Y:0001 S:012A D:1628 DB:86 nvmxdizc V: 48 H: 61 F:30
				87F0BD E8          INX                    A:20FE X:06FD Y:0001 S:012A D:1628 DB:86 nvmxdizc V: 48 H: 64 F:30
				87F0BE 1A          INC                    A:20FE X:06FE Y:0001 S:012A D:1628 DB:86 nvmxdizc V: 48 H: 67 F:30
				87F0BF 9F 00 E0 7F STA $7FE000,X [7FE6FE] A:20FF X:06FE Y:0001 S:012A D:1628 DB:86 nvmxdizc V: 48 H: 70 F:30
				87F0C3 E8          INX                    A:20FF X:06FE Y:0001 S:012A D:1628 DB:86 nvmxdizc V: 48 H: 80 F:30
				87F0C4 E8          INX                    A:20FF X:06FF Y:0001 S:012A D:1628 DB:86 nvmxdizc V: 48 H: 83 F:30
				87F0C5 88          DEY                    A:20FF X:0700 Y:0001 S:012A D:1628 DB:86 nvmxdizc V: 48 H: 86 F:30
				87F0C6 D0 EF       BNE $00EF     [87F0B7] A:20FF X:0700 Y:0000 S:012A D:1628 DB:86 nvmxdiZc V: 48 H: 89 F:30
				87F0C8 E0 00 08    CPX #$0800             A:20FF X:0700 Y:0000 S:012A D:1628 DB:86 nvmxdiZc V: 48 H: 92 F:30
				87F0CB 90 C9       BCC $00C9     [87F096] A:20FF X:0700 Y:0000 S:012A D:1628 DB:86 Nvmxdizc V: 48 H: 96 F:30
				87F096 A0 10 00    LDY #$0010             A:20FF X:0700 Y:0000 S:012A D:1628 DB:86 Nvmxdizc V: 48 H:101 F:30
				87F099 A9 FD 20    LDA #$20FD             A:20FF X:0700 Y:0010 S:012A D:1628 DB:86 nvmxdizc V: 48 H:105 F:30
				87F09C 05 1C       ORA $1C       [001644] A:20FD X:0700 Y:0010 S:012A D:1628 DB:86 nvmxdizc V: 48 H:110 F:30
				87F09E 3A          DEC                    A:20FD X:0700 Y:0010 S:012A D:1628 DB:86 nvmxdizc V: 48 H:118 F:30
				87F09F 9F 00 E0 7F STA $7FE000,X [7FE700] A:20FC X:0700 Y:0010 S:012A D:1628 DB:86 nvmxdizc V: 48 H:121 F:30
				87F0A3 E8          INX                    A:20FC X:0700 Y:0010 S:012A D:1628 DB:86 nvmxdizc V: 48 H:131 F:30
				87F0A4 E8          INX                    A:20FC X:0701 Y:0010 S:012A D:1628 DB:86 nvmxdizc V: 48 H:144 F:30
				87F0A5 1A          INC                    A:20FC X:0702 Y:0010 S:012A D:1628 DB:86 nvmxdizc V: 48 H:147 F:30
				87F0A6 9F 00 E0 7F STA $7FE000,X [7FE702] A:20FD X:0702 Y:0010 S:012A D:1628 DB:86 nvmxdizc V: 48 H:150 F:30
				87F0AA E8          INX                    A:20FD X:0702 Y:0010 S:012A D:1628 DB:86 nvmxdizc V: 48 H:160 F:30
				87F0AB E8          INX                    A:20FD X:0703 Y:0010 S:012A D:1628 DB:86 nvmxdizc V: 48 H:163 F:30
				87F0AC 88          DEY                    A:20FD X:0704 Y:0010 S:012A D:1628 DB:86 nvmxdizc V: 48 H:166 F:30
				87F0AD D0 EF       BNE $00EF     [87F09E] A:20FD X:0704 Y:000F S:012A D:1628 DB:86 nvmxdizc V: 48 H:169 F:30
				87F09E 3A          DEC                    A:20FD X:0704 Y:000F S:012A D:1628 DB:86 nvmxdizc V: 48 H:174 F:30
				87F09F 9F 00 E0 7F STA $7FE000,X [7FE704] A:20FC X:0704 Y:000F S:012A D:1628 DB:86 nvmxdizc V: 48 H:177 F:30
				87F0A3 E8          INX                    A:20FC X:0704 Y:000F S:012A D:1628 DB:86 nvmxdizc V: 48 H:187 F:30
				87F0A4 E8          INX                    A:20FC X:0705 Y:000F S:012A D:1628 DB:86 nvmxdizc V: 48 H:190 F:30
				87F0A5 1A          INC                    A:20FC X:0706 Y:000F S:012A D:1628 DB:86 nvmxdizc V: 48 H:193 F:30
				87F0A6 9F 00 E0 7F STA $7FE000,X [7FE706] A:20FD X:0706 Y:000F S:012A D:1628 DB:86 nvmxdizc V: 48 H:196 F:30
				87F0AA E8          INX                    A:20FD X:0706 Y:000F S:012A D:1628 DB:86 nvmxdizc V: 48 H:206 F:30
				87F0AB E8          INX                    A:20FD X:0707 Y:000F S:012A D:1628 DB:86 nvmxdizc V: 48 H:209 F:30
				87F0AC 88          DEY                    A:20FD X:0708 Y:000F S:012A D:1628 DB:86 nvmxdizc V: 48 H:212 F:30
				87F0AD D0 EF       BNE $00EF     [87F09E] A:20FD X:0708 Y:000E S:012A D:1628 DB:86 nvmxdizc V: 48 H:215 F:30
				87F09E 3A          DEC                    A:20FD X:0708 Y:000E S:012A D:1628 DB:86 nvmxdizc V: 48 H:219 F:30
				87F09F 9F 00 E0 7F STA $7FE000,X [7FE708] A:20FC X:0708 Y:000E S:012A D:1628 DB:86 nvmxdizc V: 48 H:222 F:30
				87F0A3 E8          INX                    A:20FC X:0708 Y:000E S:012A D:1628 DB:86 nvmxdizc V: 48 H:232 F:30
				87F0A4 E8          INX                    A:20FC X:0709 Y:000E S:012A D:1628 DB:86 nvmxdizc V: 48 H:235 F:30
				87F0A5 1A          INC                    A:20FC X:070A Y:000E S:012A D:1628 DB:86 nvmxdizc V: 48 H:238 F:30
				87F0A6 9F 00 E0 7F STA $7FE000,X [7FE70A] A:20FD X:070A Y:000E S:012A D:1628 DB:86 nvmxdizc V: 48 H:241 F:30
				87F0AA E8          INX                    A:20FD X:070A Y:000E S:012A D:1628 DB:86 nvmxdizc V: 48 H:251 F:30
				87F0AB E8          INX                    A:20FD X:070B Y:000E S:012A D:1628 DB:86 nvmxdizc V: 48 H:254 F:30
				87F0AC 88          DEY                    A:20FD X:070C Y:000E S:012A D:1628 DB:86 nvmxdizc V: 48 H:257 F:30
				87F0AD D0 EF       BNE $00EF     [87F09E] A:20FD X:070C Y:000D S:012A D:1628 DB:86 nvmxdizc V: 48 H:260 F:30
				87F09E 3A          DEC                    A:20FD X:070C Y:000D S:012A D:1628 DB:86 nvmxdizc V: 48 H:265 F:30
				87F09F 9F 00 E0 7F STA $7FE000,X [7FE70C] A:20FC X:070C Y:000D S:012A D:1628 DB:86 nvmxdizc V: 48 H:268 F:30
				87F0A3 E8          INX                    A:20FC X:070C Y:000D S:012A D:1628 DB:86 nvmxdizc V: 48 H:278 F:30
				87F0A4 E8          INX                    A:20FC X:070D Y:000D S:012A D:1628 DB:86 nvmxdizc V: 48 H:281 F:30
				87F0A5 1A          INC                    A:20FC X:070E Y:000D S:012A D:1628 DB:86 nvmxdizc V: 48 H:284 F:30
				87F0A6 9F 00 E0 7F STA $7FE000,X [7FE70E] A:20FD X:070E Y:000D S:012A D:1628 DB:86 nvmxdizc V: 48 H:287 F:30
				87F0AA E8          INX                    A:20FD X:070E Y:000D S:012A D:1628 DB:86 nvmxdizc V: 48 H:297 F:30
				87F0AB E8          INX                    A:20FD X:070F Y:000D S:012A D:1628 DB:86 nvmxdizc V: 48 H:300 F:30
				87F0AC 88          DEY                    A:20FD X:0710 Y:000D S:012A D:1628 DB:86 nvmxdizc V: 48 H:303 F:30
				87F0AD D0 EF       BNE $00EF     [87F09E] A:20FD X:0710 Y:000C S:012A D:1628 DB:86 nvmxdizc V: 48 H:306 F:30
				87F09E 3A          DEC                    A:20FD X:0710 Y:000C S:012A D:1628 DB:86 nvmxdizc V: 48 H:310 F:30
				87F09F 9F 00 E0 7F STA $7FE000,X [7FE710] A:20FC X:0710 Y:000C S:012A D:1628 DB:86 nvmxdizc V: 48 H:313 F:30
				87F0A3 E8          INX                    A:20FC X:0710 Y:000C S:012A D:1628 DB:86 nvmxdizc V: 48 H:323 F:30
				87F0A4 E8          INX                    A:20FC X:0711 Y:000C S:012A D:1628 DB:86 nvmxdizc V: 48 H:326 F:30
				87F0A5 1A          INC                    A:20FC X:0712 Y:000C S:012A D:1628 DB:86 nvmxdizc V: 48 H:328 F:30
				87F0A6 9F 00 E0 7F STA $7FE000,X [7FE712] A:20FD X:0712 Y:000C S:012A D:1628 DB:86 nvmxdizc V: 48 H:331 F:30
				87F0AA E8          INX                    A:20FD X:0712 Y:000C S:012A D:1628 DB:86 nvmxdizc V: 49 H:  1 F:30
				87F0AB E8          INX                    A:20FD X:0713 Y:000C S:012A D:1628 DB:86 nvmxdizc V: 49 H:  4 F:30
				87F0AC 88          DEY                    A:20FD X:0714 Y:000C S:012A D:1628 DB:86 nvmxdizc V: 49 H:  7 F:30
				87F0AD D0 EF       BNE $00EF     [87F09E] A:20FD X:0714 Y:000B S:012A D:1628 DB:86 nvmxdizc V: 49 H: 10 F:30
				87F09E 3A          DEC                    A:20FD X:0714 Y:000B S:012A D:1628 DB:86 nvmxdizc V: 49 H: 15 F:30
				87F09F 9F 00 E0 7F STA $7FE000,X [7FE714] A:20FC X:0714 Y:000B S:012A D:1628 DB:86 nvmxdizc V: 49 H: 18 F:30
				87F0A3 E8          INX                    A:20FC X:0714 Y:000B S:012A D:1628 DB:86 nvmxdizc V: 49 H: 28 F:30
				87F0A4 E8          INX                    A:20FC X:0715 Y:000B S:012A D:1628 DB:86 nvmxdizc V: 49 H: 31 F:30
				87F0A5 1A          INC                    A:20FC X:0716 Y:000B S:012A D:1628 DB:86 nvmxdizc V: 49 H: 34 F:30
				87F0A6 9F 00 E0 7F STA $7FE000,X [7FE716] A:20FD X:0716 Y:000B S:012A D:1628 DB:86 nvmxdizc V: 49 H: 37 F:30
				87F0AA E8          INX                    A:20FD X:0716 Y:000B S:012A D:1628 DB:86 nvmxdizc V: 49 H: 47 F:30
				87F0AB E8          INX                    A:20FD X:0717 Y:000B S:012A D:1628 DB:86 nvmxdizc V: 49 H: 50 F:30
				87F0AC 88          DEY                    A:20FD X:0718 Y:000B S:012A D:1628 DB:86 nvmxdizc V: 49 H: 53 F:30
				87F0AD D0 EF       BNE $00EF     [87F09E] A:20FD X:0718 Y:000A S:012A D:1628 DB:86 nvmxdizc V: 49 H: 56 F:30
				87F09E 3A          DEC                    A:20FD X:0718 Y:000A S:012A D:1628 DB:86 nvmxdizc V: 49 H: 60 F:30
				87F09F 9F 00 E0 7F STA $7FE000,X [7FE718] A:20FC X:0718 Y:000A S:012A D:1628 DB:86 nvmxdizc V: 49 H: 63 F:30
				87F0A3 E8          INX                    A:20FC X:0718 Y:000A S:012A D:1628 DB:86 nvmxdizc V: 49 H: 73 F:30
				87F0A4 E8          INX                    A:20FC X:0719 Y:000A S:012A D:1628 DB:86 nvmxdizc V: 49 H: 76 F:30
				87F0A5 1A          INC                    A:20FC X:071A Y:000A S:012A D:1628 DB:86 nvmxdizc V: 49 H: 79 F:30
				87F0A6 9F 00 E0 7F STA $7FE000,X [7FE71A] A:20FD X:071A Y:000A S:012A D:1628 DB:86 nvmxdizc V: 49 H: 82 F:30
				87F0AA E8          INX                    A:20FD X:071A Y:000A S:012A D:1628 DB:86 nvmxdizc V: 49 H: 92 F:30
				87F0AB E8          INX                    A:20FD X:071B Y:000A S:012A D:1628 DB:86 nvmxdizc V: 49 H: 95 F:30
				87F0AC 88          DEY                    A:20FD X:071C Y:000A S:012A D:1628 DB:86 nvmxdizc V: 49 H: 98 F:30
				87F0AD D0 EF       BNE $00EF     [87F09E] A:20FD X:071C Y:0009 S:012A D:1628 DB:86 nvmxdizc V: 49 H:101 F:30
				87F09E 3A          DEC                    A:20FD X:071C Y:0009 S:012A D:1628 DB:86 nvmxdizc V: 49 H:106 F:30
				87F09F 9F 00 E0 7F STA $7FE000,X [7FE71C] A:20FC X:071C Y:0009 S:012A D:1628 DB:86 nvmxdizc V: 49 H:109 F:30
				87F0A3 E8          INX                    A:20FC X:071C Y:0009 S:012A D:1628 DB:86 nvmxdizc V: 49 H:119 F:30
				87F0A4 E8          INX                    A:20FC X:071D Y:0009 S:012A D:1628 DB:86 nvmxdizc V: 49 H:122 F:30
				87F0A5 1A          INC                    A:20FC X:071E Y:0009 S:012A D:1628 DB:86 nvmxdizc V: 49 H:125 F:30
				87F0A6 9F 00 E0 7F STA $7FE000,X [7FE71E] A:20FD X:071E Y:0009 S:012A D:1628 DB:86 nvmxdizc V: 49 H:128 F:30
				87F0AA E8          INX                    A:20FD X:071E Y:0009 S:012A D:1628 DB:86 nvmxdizc V: 49 H:148 F:30
				87F0AB E8          INX                    A:20FD X:071F Y:0009 S:012A D:1628 DB:86 nvmxdizc V: 49 H:151 F:30
				87F0AC 88          DEY                    A:20FD X:0720 Y:0009 S:012A D:1628 DB:86 nvmxdizc V: 49 H:154 F:30
				87F0AD D0 EF       BNE $00EF     [87F09E] A:20FD X:0720 Y:0008 S:012A D:1628 DB:86 nvmxdizc V: 49 H:157 F:30
				87F09E 3A          DEC                    A:20FD X:0720 Y:0008 S:012A D:1628 DB:86 nvmxdizc V: 49 H:161 F:30
				87F09F 9F 00 E0 7F STA $7FE000,X [7FE720] A:20FC X:0720 Y:0008 S:012A D:1628 DB:86 nvmxdizc V: 49 H:164 F:30
				87F0A3 E8          INX                    A:20FC X:0720 Y:0008 S:012A D:1628 DB:86 nvmxdizc V: 49 H:174 F:30
				87F0A4 E8          INX                    A:20FC X:0721 Y:0008 S:012A D:1628 DB:86 nvmxdizc V: 49 H:177 F:30
				87F0A5 1A          INC                    A:20FC X:0722 Y:0008 S:012A D:1628 DB:86 nvmxdizc V: 49 H:180 F:30
				87F0A6 9F 00 E0 7F STA $7FE000,X [7FE722] A:20FD X:0722 Y:0008 S:012A D:1628 DB:86 nvmxdizc V: 49 H:183 F:30
				87F0AA E8          INX                    A:20FD X:0722 Y:0008 S:012A D:1628 DB:86 nvmxdizc V: 49 H:193 F:30
				87F0AB E8          INX                    A:20FD X:0723 Y:0008 S:012A D:1628 DB:86 nvmxdizc V: 49 H:196 F:30
				87F0AC 88          DEY                    A:20FD X:0724 Y:0008 S:012A D:1628 DB:86 nvmxdizc V: 49 H:199 F:30
				87F0AD D0 EF       BNE $00EF     [87F09E] A:20FD X:0724 Y:0007 S:012A D:1628 DB:86 nvmxdizc V: 49 H:202 F:30
				87F09E 3A          DEC                    A:20FD X:0724 Y:0007 S:012A D:1628 DB:86 nvmxdizc V: 49 H:207 F:30
				87F09F 9F 00 E0 7F STA $7FE000,X [7FE724] A:20FC X:0724 Y:0007 S:012A D:1628 DB:86 nvmxdizc V: 49 H:210 F:30
				87F0A3 E8          INX                    A:20FC X:0724 Y:0007 S:012A D:1628 DB:86 nvmxdizc V: 49 H:220 F:30
				87F0A4 E8          INX                    A:20FC X:0725 Y:0007 S:012A D:1628 DB:86 nvmxdizc V: 49 H:223 F:30
				87F0A5 1A          INC                    A:20FC X:0726 Y:0007 S:012A D:1628 DB:86 nvmxdizc V: 49 H:226 F:30
				87F0A6 9F 00 E0 7F STA $7FE000,X [7FE726] A:20FD X:0726 Y:0007 S:012A D:1628 DB:86 nvmxdizc V: 49 H:229 F:30
				87F0AA E8          INX                    A:20FD X:0726 Y:0007 S:012A D:1628 DB:86 nvmxdizc V: 49 H:239 F:30
				87F0AB E8          INX                    A:20FD X:0727 Y:0007 S:012A D:1628 DB:86 nvmxdizc V: 49 H:242 F:30
				87F0AC 88          DEY                    A:20FD X:0728 Y:0007 S:012A D:1628 DB:86 nvmxdizc V: 49 H:245 F:30
				87F0AD D0 EF       BNE $00EF     [87F09E] A:20FD X:0728 Y:0006 S:012A D:1628 DB:86 nvmxdizc V: 49 H:248 F:30
				87F09E 3A          DEC                    A:20FD X:0728 Y:0006 S:012A D:1628 DB:86 nvmxdizc V: 49 H:252 F:30
				87F09F 9F 00 E0 7F STA $7FE000,X [7FE728] A:20FC X:0728 Y:0006 S:012A D:1628 DB:86 nvmxdizc V: 49 H:255 F:30
				87F0A3 E8          INX                    A:20FC X:0728 Y:0006 S:012A D:1628 DB:86 nvmxdizc V: 49 H:265 F:30
				87F0A4 E8          INX                    A:20FC X:0729 Y:0006 S:012A D:1628 DB:86 nvmxdizc V: 49 H:268 F:30
				87F0A5 1A          INC                    A:20FC X:072A Y:0006 S:012A D:1628 DB:86 nvmxdizc V: 49 H:271 F:30
				87F0A6 9F 00 E0 7F STA $7FE000,X [7FE72A] A:20FD X:072A Y:0006 S:012A D:1628 DB:86 nvmxdizc V: 49 H:274 F:30
				87F0AA E8          INX                    A:20FD X:072A Y:0006 S:012A D:1628 DB:86 nvmxdizc V: 49 H:284 F:30
				87F0AB E8          INX                    A:20FD X:072B Y:0006 S:012A D:1628 DB:86 nvmxdizc V: 49 H:287 F:30
				87F0AC 88          DEY                    A:20FD X:072C Y:0006 S:012A D:1628 DB:86 nvmxdizc V: 49 H:290 F:30
				87F0AD D0 EF       BNE $00EF     [87F09E] A:20FD X:072C Y:0005 S:012A D:1628 DB:86 nvmxdizc V: 49 H:293 F:30
				87F09E 3A          DEC                    A:20FD X:072C Y:0005 S:012A D:1628 DB:86 nvmxdizc V: 49 H:298 F:30
				87F09F 9F 00 E0 7F STA $7FE000,X [7FE72C] A:20FC X:072C Y:0005 S:012A D:1628 DB:86 nvmxdizc V: 49 H:301 F:30
				87F0A3 E8          INX                    A:20FC X:072C Y:0005 S:012A D:1628 DB:86 nvmxdizc V: 49 H:311 F:30
				87F0A4 E8          INX                    A:20FC X:072D Y:0005 S:012A D:1628 DB:86 nvmxdizc V: 49 H:314 F:30
				87F0A5 1A          INC                    A:20FC X:072E Y:0005 S:012A D:1628 DB:86 nvmxdizc V: 49 H:317 F:30
				87F0A6 9F 00 E0 7F STA $7FE000,X [7FE72E] A:20FD X:072E Y:0005 S:012A D:1628 DB:86 nvmxdizc V: 49 H:320 F:30
				87F0AA E8          INX                    A:20FD X:072E Y:0005 S:012A D:1628 DB:86 nvmxdizc V: 49 H:329 F:30
				87F0AB E8          INX                    A:20FD X:072F Y:0005 S:012A D:1628 DB:86 nvmxdizc V: 49 H:332 F:30
				87F0AC 88          DEY                    A:20FD X:0730 Y:0005 S:012A D:1628 DB:86 nvmxdizc V: 49 H:335 F:30
				87F0AD D0 EF       BNE $00EF     [87F09E] A:20FD X:0730 Y:0004 S:012A D:1628 DB:86 nvmxdizc V: 49 H:338 F:30
				87F09E 3A          DEC                    A:20FD X:0730 Y:0004 S:012A D:1628 DB:86 nvmxdizc V: 50 H:  2 F:30
				87F09F 9F 00 E0 7F STA $7FE000,X [7FE730] A:20FC X:0730 Y:0004 S:012A D:1628 DB:86 nvmxdizc V: 50 H:  5 F:30
				87F0A3 E8          INX                    A:20FC X:0730 Y:0004 S:012A D:1628 DB:86 nvmxdizc V: 50 H: 15 F:30
				87F0A4 E8          INX                    A:20FC X:0731 Y:0004 S:012A D:1628 DB:86 nvmxdizc V: 50 H: 18 F:30
				87F0A5 1A          INC                    A:20FC X:0732 Y:0004 S:012A D:1628 DB:86 nvmxdizc V: 50 H: 21 F:30
				87F0A6 9F 00 E0 7F STA $7FE000,X [7FE732] A:20FD X:0732 Y:0004 S:012A D:1628 DB:86 nvmxdizc V: 50 H: 24 F:30
				87F0AA E8          INX                    A:20FD X:0732 Y:0004 S:012A D:1628 DB:86 nvmxdizc V: 50 H: 34 F:30
				87F0AB E8          INX                    A:20FD X:0733 Y:0004 S:012A D:1628 DB:86 nvmxdizc V: 50 H: 37 F:30
				87F0AC 88          DEY                    A:20FD X:0734 Y:0004 S:012A D:1628 DB:86 nvmxdizc V: 50 H: 40 F:30
				87F0AD D0 EF       BNE $00EF     [87F09E] A:20FD X:0734 Y:0003 S:012A D:1628 DB:86 nvmxdizc V: 50 H: 43 F:30
				87F09E 3A          DEC                    A:20FD X:0734 Y:0003 S:012A D:1628 DB:86 nvmxdizc V: 50 H: 48 F:30
				87F09F 9F 00 E0 7F STA $7FE000,X [7FE734] A:20FC X:0734 Y:0003 S:012A D:1628 DB:86 nvmxdizc V: 50 H: 51 F:30
				87F0A3 E8          INX                    A:20FC X:0734 Y:0003 S:012A D:1628 DB:86 nvmxdizc V: 50 H: 61 F:30
				87F0A4 E8          INX                    A:20FC X:0735 Y:0003 S:012A D:1628 DB:86 nvmxdizc V: 50 H: 64 F:30
				87F0A5 1A          INC                    A:20FC X:0736 Y:0003 S:012A D:1628 DB:86 nvmxdizc V: 50 H: 67 F:30
				87F0A6 9F 00 E0 7F STA $7FE000,X [7FE736] A:20FD X:0736 Y:0003 S:012A D:1628 DB:86 nvmxdizc V: 50 H: 70 F:30
				87F0AA E8          INX                    A:20FD X:0736 Y:0003 S:012A D:1628 DB:86 nvmxdizc V: 50 H: 80 F:30
				87F0AB E8          INX                    A:20FD X:0737 Y:0003 S:012A D:1628 DB:86 nvmxdizc V: 50 H: 83 F:30
				87F0AC 88          DEY                    A:20FD X:0738 Y:0003 S:012A D:1628 DB:86 nvmxdizc V: 50 H: 86 F:30
				87F0AD D0 EF       BNE $00EF     [87F09E] A:20FD X:0738 Y:0002 S:012A D:1628 DB:86 nvmxdizc V: 50 H: 89 F:30
				87F09E 3A          DEC                    A:20FD X:0738 Y:0002 S:012A D:1628 DB:86 nvmxdizc V: 50 H: 93 F:30
				87F09F 9F 00 E0 7F STA $7FE000,X [7FE738] A:20FC X:0738 Y:0002 S:012A D:1628 DB:86 nvmxdizc V: 50 H: 96 F:30
				87F0A3 E8          INX                    A:20FC X:0738 Y:0002 S:012A D:1628 DB:86 nvmxdizc V: 50 H:106 F:30
				87F0A4 E8          INX                    A:20FC X:0739 Y:0002 S:012A D:1628 DB:86 nvmxdizc V: 50 H:109 F:30
				87F0A5 1A          INC                    A:20FC X:073A Y:0002 S:012A D:1628 DB:86 nvmxdizc V: 50 H:112 F:30
				87F0A6 9F 00 E0 7F STA $7FE000,X [7FE73A] A:20FD X:073A Y:0002 S:012A D:1628 DB:86 nvmxdizc V: 50 H:115 F:30
				87F0AA E8          INX                    A:20FD X:073A Y:0002 S:012A D:1628 DB:86 nvmxdizc V: 50 H:125 F:30
				87F0AB E8          INX                    A:20FD X:073B Y:0002 S:012A D:1628 DB:86 nvmxdizc V: 50 H:128 F:30
				87F0AC 88          DEY                    A:20FD X:073C Y:0002 S:012A D:1628 DB:86 nvmxdizc V: 50 H:131 F:30
				87F0AD D0 EF       BNE $00EF     [87F09E] A:20FD X:073C Y:0001 S:012A D:1628 DB:86 nvmxdizc V: 50 H:144 F:30
				87F09E 3A          DEC                    A:20FD X:073C Y:0001 S:012A D:1628 DB:86 nvmxdizc V: 50 H:149 F:30
				87F09F 9F 00 E0 7F STA $7FE000,X [7FE73C] A:20FC X:073C Y:0001 S:012A D:1628 DB:86 nvmxdizc V: 50 H:152 F:30
				87F0A3 E8          INX                    A:20FC X:073C Y:0001 S:012A D:1628 DB:86 nvmxdizc V: 50 H:162 F:30
				87F0A4 E8          INX                    A:20FC X:073D Y:0001 S:012A D:1628 DB:86 nvmxdizc V: 50 H:165 F:30
				87F0A5 1A          INC                    A:20FC X:073E Y:0001 S:012A D:1628 DB:86 nvmxdizc V: 50 H:168 F:30
				87F0A6 9F 00 E0 7F STA $7FE000,X [7FE73E] A:20FD X:073E Y:0001 S:012A D:1628 DB:86 nvmxdizc V: 50 H:171 F:30
				87F0AA E8          INX                    A:20FD X:073E Y:0001 S:012A D:1628 DB:86 nvmxdizc V: 50 H:181 F:30
				87F0AB E8          INX                    A:20FD X:073F Y:0001 S:012A D:1628 DB:86 nvmxdizc V: 50 H:184 F:30
				87F0AC 88          DEY                    A:20FD X:0740 Y:0001 S:012A D:1628 DB:86 nvmxdizc V: 50 H:187 F:30
				87F0AD D0 EF       BNE $00EF     [87F09E] A:20FD X:0740 Y:0000 S:012A D:1628 DB:86 nvmxdiZc V: 50 H:190 F:30
				87F0AF A0 10 00    LDY #$0010             A:20FD X:0740 Y:0000 S:012A D:1628 DB:86 nvmxdiZc V: 50 H:193 F:30
				87F0B2 A9 FF 20    LDA #$20FF             A:20FD X:0740 Y:0010 S:012A D:1628 DB:86 nvmxdizc V: 50 H:197 F:30
				87F0B5 05 1C       ORA $1C       [001644] A:20FF X:0740 Y:0010 S:012A D:1628 DB:86 nvmxdizc V: 50 H:202 F:30
				87F0B7 3A          DEC                    A:20FF X:0740 Y:0010 S:012A D:1628 DB:86 nvmxdizc V: 50 H:210 F:30
				87F0B8 9F 00 E0 7F STA $7FE000,X [7FE740] A:20FE X:0740 Y:0010 S:012A D:1628 DB:86 nvmxdizc V: 50 H:213 F:30
				87F0BC E8          INX                    A:20FE X:0740 Y:0010 S:012A D:1628 DB:86 nvmxdizc V: 50 H:223 F:30
				87F0BD E8          INX                    A:20FE X:0741 Y:0010 S:012A D:1628 DB:86 nvmxdizc V: 50 H:226 F:30
				87F0BE 1A          INC                    A:20FE X:0742 Y:0010 S:012A D:1628 DB:86 nvmxdizc V: 50 H:229 F:30
				87F0BF 9F 00 E0 7F STA $7FE000,X [7FE742] A:20FF X:0742 Y:0010 S:012A D:1628 DB:86 nvmxdizc V: 50 H:232 F:30
				87F0C3 E8          INX                    A:20FF X:0742 Y:0010 S:012A D:1628 DB:86 nvmxdizc V: 50 H:242 F:30
				87F0C4 E8          INX                    A:20FF X:0743 Y:0010 S:012A D:1628 DB:86 nvmxdizc V: 50 H:245 F:30
				87F0C5 88          DEY                    A:20FF X:0744 Y:0010 S:012A D:1628 DB:86 nvmxdizc V: 50 H:248 F:30
				87F0C6 D0 EF       BNE $00EF     [87F0B7] A:20FF X:0744 Y:000F S:012A D:1628 DB:86 nvmxdizc V: 50 H:251 F:30
				87F0B7 3A          DEC                    A:20FF X:0744 Y:000F S:012A D:1628 DB:86 nvmxdizc V: 50 H:256 F:30
				87F0B8 9F 00 E0 7F STA $7FE000,X [7FE744] A:20FE X:0744 Y:000F S:012A D:1628 DB:86 nvmxdizc V: 50 H:259 F:30
				87F0BC E8          INX                    A:20FE X:0744 Y:000F S:012A D:1628 DB:86 nvmxdizc V: 50 H:269 F:30
				87F0BD E8          INX                    A:20FE X:0745 Y:000F S:012A D:1628 DB:86 nvmxdizc V: 50 H:272 F:30
				87F0BE 1A          INC                    A:20FE X:0746 Y:000F S:012A D:1628 DB:86 nvmxdizc V: 50 H:275 F:30
				87F0BF 9F 00 E0 7F STA $7FE000,X [7FE746] A:20FF X:0746 Y:000F S:012A D:1628 DB:86 nvmxdizc V: 50 H:278 F:30
				87F0C3 E8          INX                    A:20FF X:0746 Y:000F S:012A D:1628 DB:86 nvmxdizc V: 50 H:288 F:30
				87F0C4 E8          INX                    A:20FF X:0747 Y:000F S:012A D:1628 DB:86 nvmxdizc V: 50 H:291 F:30
				87F0C5 88          DEY                    A:20FF X:0748 Y:000F S:012A D:1628 DB:86 nvmxdizc V: 50 H:294 F:30
				87F0C6 D0 EF       BNE $00EF     [87F0B7] A:20FF X:0748 Y:000E S:012A D:1628 DB:86 nvmxdizc V: 50 H:297 F:30
				87F0B7 3A          DEC                    A:20FF X:0748 Y:000E S:012A D:1628 DB:86 nvmxdizc V: 50 H:301 F:30
				87F0B8 9F 00 E0 7F STA $7FE000,X [7FE748] A:20FE X:0748 Y:000E S:012A D:1628 DB:86 nvmxdizc V: 50 H:304 F:30
				87F0BC E8          INX                    A:20FE X:0748 Y:000E S:012A D:1628 DB:86 nvmxdizc V: 50 H:314 F:30
				87F0BD E8          INX                    A:20FE X:0749 Y:000E S:012A D:1628 DB:86 nvmxdizc V: 50 H:317 F:30
				87F0BE 1A          INC                    A:20FE X:074A Y:000E S:012A D:1628 DB:86 nvmxdizc V: 50 H:320 F:30
				87F0BF 9F 00 E0 7F STA $7FE000,X [7FE74A] A:20FF X:074A Y:000E S:012A D:1628 DB:86 nvmxdizc V: 50 H:323 F:30
				87F0C3 E8          INX                    A:20FF X:074A Y:000E S:012A D:1628 DB:86 nvmxdizc V: 50 H:332 F:30
				87F0C4 E8          INX                    A:20FF X:074B Y:000E S:012A D:1628 DB:86 nvmxdizc V: 50 H:335 F:30
				87F0C5 88          DEY                    A:20FF X:074C Y:000E S:012A D:1628 DB:86 nvmxdizc V: 50 H:338 F:30
				87F0C6 D0 EF       BNE $00EF     [87F0B7] A:20FF X:074C Y:000D S:012A D:1628 DB:86 nvmxdizc V: 51 H:  1 F:30
				87F0B7 3A          DEC                    A:20FF X:074C Y:000D S:012A D:1628 DB:86 nvmxdizc V: 51 H:  6 F:30
				87F0B8 9F 00 E0 7F STA $7FE000,X [7FE74C] A:20FE X:074C Y:000D S:012A D:1628 DB:86 nvmxdizc V: 51 H:  9 F:30
				87F0BC E8          INX                    A:20FE X:074C Y:000D S:012A D:1628 DB:86 nvmxdizc V: 51 H: 19 F:30
				87F0BD E8          INX                    A:20FE X:074D Y:000D S:012A D:1628 DB:86 nvmxdizc V: 51 H: 22 F:30
				87F0BE 1A          INC                    A:20FE X:074E Y:000D S:012A D:1628 DB:86 nvmxdizc V: 51 H: 25 F:30
				87F0BF 9F 00 E0 7F STA $7FE000,X [7FE74E] A:20FF X:074E Y:000D S:012A D:1628 DB:86 nvmxdizc V: 51 H: 28 F:30
				87F0C3 E8          INX                    A:20FF X:074E Y:000D S:012A D:1628 DB:86 nvmxdizc V: 51 H: 38 F:30
				87F0C4 E8          INX                    A:20FF X:074F Y:000D S:012A D:1628 DB:86 nvmxdizc V: 51 H: 41 F:30
				87F0C5 88          DEY                    A:20FF X:0750 Y:000D S:012A D:1628 DB:86 nvmxdizc V: 51 H: 44 F:30
				87F0C6 D0 EF       BNE $00EF     [87F0B7] A:20FF X:0750 Y:000C S:012A D:1628 DB:86 nvmxdizc V: 51 H: 47 F:30
				87F0B7 3A          DEC                    A:20FF X:0750 Y:000C S:012A D:1628 DB:86 nvmxdizc V: 51 H: 51 F:30
				87F0B8 9F 00 E0 7F STA $7FE000,X [7FE750] A:20FE X:0750 Y:000C S:012A D:1628 DB:86 nvmxdizc V: 51 H: 54 F:30
				87F0BC E8          INX                    A:20FE X:0750 Y:000C S:012A D:1628 DB:86 nvmxdizc V: 51 H: 64 F:30
				87F0BD E8          INX                    A:20FE X:0751 Y:000C S:012A D:1628 DB:86 nvmxdizc V: 51 H: 67 F:30
				87F0BE 1A          INC                    A:20FE X:0752 Y:000C S:012A D:1628 DB:86 nvmxdizc V: 51 H: 70 F:30
				87F0BF 9F 00 E0 7F STA $7FE000,X [7FE752] A:20FF X:0752 Y:000C S:012A D:1628 DB:86 nvmxdizc V: 51 H: 73 F:30
				87F0C3 E8          INX                    A:20FF X:0752 Y:000C S:012A D:1628 DB:86 nvmxdizc V: 51 H: 83 F:30
				87F0C4 E8          INX                    A:20FF X:0753 Y:000C S:012A D:1628 DB:86 nvmxdizc V: 51 H: 86 F:30
				87F0C5 88          DEY                    A:20FF X:0754 Y:000C S:012A D:1628 DB:86 nvmxdizc V: 51 H: 89 F:30
				87F0C6 D0 EF       BNE $00EF     [87F0B7] A:20FF X:0754 Y:000B S:012A D:1628 DB:86 nvmxdizc V: 51 H: 92 F:30
				87F0B7 3A          DEC                    A:20FF X:0754 Y:000B S:012A D:1628 DB:86 nvmxdizc V: 51 H: 97 F:30
				87F0B8 9F 00 E0 7F STA $7FE000,X [7FE754] A:20FE X:0754 Y:000B S:012A D:1628 DB:86 nvmxdizc V: 51 H:100 F:30
				87F0BC E8          INX                    A:20FE X:0754 Y:000B S:012A D:1628 DB:86 nvmxdizc V: 51 H:110 F:30
				87F0BD E8          INX                    A:20FE X:0755 Y:000B S:012A D:1628 DB:86 nvmxdizc V: 51 H:113 F:30
				87F0BE 1A          INC                    A:20FE X:0756 Y:000B S:012A D:1628 DB:86 nvmxdizc V: 51 H:116 F:30
				87F0BF 9F 00 E0 7F STA $7FE000,X [7FE756] A:20FF X:0756 Y:000B S:012A D:1628 DB:86 nvmxdizc V: 51 H:119 F:30
				87F0C3 E8          INX                    A:20FF X:0756 Y:000B S:012A D:1628 DB:86 nvmxdizc V: 51 H:129 F:30
				87F0C4 E8          INX                    A:20FF X:0757 Y:000B S:012A D:1628 DB:86 nvmxdizc V: 51 H:132 F:30
				87F0C5 88          DEY                    A:20FF X:0758 Y:000B S:012A D:1628 DB:86 nvmxdizc V: 51 H:145 F:30
				87F0C6 D0 EF       BNE $00EF     [87F0B7] A:20FF X:0758 Y:000A S:012A D:1628 DB:86 nvmxdizc V: 51 H:148 F:30
				87F0B7 3A          DEC                    A:20FF X:0758 Y:000A S:012A D:1628 DB:86 nvmxdizc V: 51 H:152 F:30
				87F0B8 9F 00 E0 7F STA $7FE000,X [7FE758] A:20FE X:0758 Y:000A S:012A D:1628 DB:86 nvmxdizc V: 51 H:155 F:30
				87F0BC E8          INX                    A:20FE X:0758 Y:000A S:012A D:1628 DB:86 nvmxdizc V: 51 H:165 F:30
				87F0BD E8          INX                    A:20FE X:0759 Y:000A S:012A D:1628 DB:86 nvmxdizc V: 51 H:168 F:30
				87F0BE 1A          INC                    A:20FE X:075A Y:000A S:012A D:1628 DB:86 nvmxdizc V: 51 H:171 F:30
				87F0BF 9F 00 E0 7F STA $7FE000,X [7FE75A] A:20FF X:075A Y:000A S:012A D:1628 DB:86 nvmxdizc V: 51 H:174 F:30
				87F0C3 E8          INX                    A:20FF X:075A Y:000A S:012A D:1628 DB:86 nvmxdizc V: 51 H:184 F:30
				87F0C4 E8          INX                    A:20FF X:075B Y:000A S:012A D:1628 DB:86 nvmxdizc V: 51 H:187 F:30
				87F0C5 88          DEY                    A:20FF X:075C Y:000A S:012A D:1628 DB:86 nvmxdizc V: 51 H:190 F:30
				87F0C6 D0 EF       BNE $00EF     [87F0B7] A:20FF X:075C Y:0009 S:012A D:1628 DB:86 nvmxdizc V: 51 H:193 F:30
				87F0B7 3A          DEC                    A:20FF X:075C Y:0009 S:012A D:1628 DB:86 nvmxdizc V: 51 H:198 F:30
				87F0B8 9F 00 E0 7F STA $7FE000,X [7FE75C] A:20FE X:075C Y:0009 S:012A D:1628 DB:86 nvmxdizc V: 51 H:201 F:30
				87F0BC E8          INX                    A:20FE X:075C Y:0009 S:012A D:1628 DB:86 nvmxdizc V: 51 H:211 F:30
				87F0BD E8          INX                    A:20FE X:075D Y:0009 S:012A D:1628 DB:86 nvmxdizc V: 51 H:214 F:30
				87F0BE 1A          INC                    A:20FE X:075E Y:0009 S:012A D:1628 DB:86 nvmxdizc V: 51 H:217 F:30
				87F0BF 9F 00 E0 7F STA $7FE000,X [7FE75E] A:20FF X:075E Y:0009 S:012A D:1628 DB:86 nvmxdizc V: 51 H:220 F:30
				87F0C3 E8          INX                    A:20FF X:075E Y:0009 S:012A D:1628 DB:86 nvmxdizc V: 51 H:230 F:30
				87F0C4 E8          INX                    A:20FF X:075F Y:0009 S:012A D:1628 DB:86 nvmxdizc V: 51 H:233 F:30
				87F0C5 88          DEY                    A:20FF X:0760 Y:0009 S:012A D:1628 DB:86 nvmxdizc V: 51 H:236 F:30
				87F0C6 D0 EF       BNE $00EF     [87F0B7] A:20FF X:0760 Y:0008 S:012A D:1628 DB:86 nvmxdizc V: 51 H:239 F:30
				87F0B7 3A          DEC                    A:20FF X:0760 Y:0008 S:012A D:1628 DB:86 nvmxdizc V: 51 H:243 F:30
				87F0B8 9F 00 E0 7F STA $7FE000,X [7FE760] A:20FE X:0760 Y:0008 S:012A D:1628 DB:86 nvmxdizc V: 51 H:246 F:30
				87F0BC E8          INX                    A:20FE X:0760 Y:0008 S:012A D:1628 DB:86 nvmxdizc V: 51 H:256 F:30
				87F0BD E8          INX                    A:20FE X:0761 Y:0008 S:012A D:1628 DB:86 nvmxdizc V: 51 H:259 F:30
				87F0BE 1A          INC                    A:20FE X:0762 Y:0008 S:012A D:1628 DB:86 nvmxdizc V: 51 H:262 F:30
				87F0BF 9F 00 E0 7F STA $7FE000,X [7FE762] A:20FF X:0762 Y:0008 S:012A D:1628 DB:86 nvmxdizc V: 51 H:265 F:30
				87F0C3 E8          INX                    A:20FF X:0762 Y:0008 S:012A D:1628 DB:86 nvmxdizc V: 51 H:275 F:30
				87F0C4 E8          INX                    A:20FF X:0763 Y:0008 S:012A D:1628 DB:86 nvmxdizc V: 51 H:278 F:30
				87F0C5 88          DEY                    A:20FF X:0764 Y:0008 S:012A D:1628 DB:86 nvmxdizc V: 51 H:281 F:30
				87F0C6 D0 EF       BNE $00EF     [87F0B7] A:20FF X:0764 Y:0007 S:012A D:1628 DB:86 nvmxdizc V: 51 H:284 F:30
				87F0B7 3A          DEC                    A:20FF X:0764 Y:0007 S:012A D:1628 DB:86 nvmxdizc V: 51 H:289 F:30
				87F0B8 9F 00 E0 7F STA $7FE000,X [7FE764] A:20FE X:0764 Y:0007 S:012A D:1628 DB:86 nvmxdizc V: 51 H:292 F:30
				87F0BC E8          INX                    A:20FE X:0764 Y:0007 S:012A D:1628 DB:86 nvmxdizc V: 51 H:302 F:30
				87F0BD E8          INX                    A:20FE X:0765 Y:0007 S:012A D:1628 DB:86 nvmxdizc V: 51 H:305 F:30
				87F0BE 1A          INC                    A:20FE X:0766 Y:0007 S:012A D:1628 DB:86 nvmxdizc V: 51 H:308 F:30
				87F0BF 9F 00 E0 7F STA $7FE000,X [7FE766] A:20FF X:0766 Y:0007 S:012A D:1628 DB:86 nvmxdizc V: 51 H:311 F:30
				87F0C3 E8          INX                    A:20FF X:0766 Y:0007 S:012A D:1628 DB:86 nvmxdizc V: 51 H:321 F:30
				87F0C4 E8          INX                    A:20FF X:0767 Y:0007 S:012A D:1628 DB:86 nvmxdizc V: 51 H:323 F:30
				87F0C5 88          DEY                    A:20FF X:0768 Y:0007 S:012A D:1628 DB:86 nvmxdizc V: 51 H:326 F:30
				87F0C6 D0 EF       BNE $00EF     [87F0B7] A:20FF X:0768 Y:0006 S:012A D:1628 DB:86 nvmxdizc V: 51 H:329 F:30
				87F0B7 3A          DEC                    A:20FF X:0768 Y:0006 S:012A D:1628 DB:86 nvmxdizc V: 51 H:333 F:30
				87F0B8 9F 00 E0 7F STA $7FE000,X [7FE768] A:20FE X:0768 Y:0006 S:012A D:1628 DB:86 nvmxdizc V: 51 H:336 F:30
				87F0BC E8          INX                    A:20FE X:0768 Y:0006 S:012A D:1628 DB:86 nvmxdizc V: 52 H:  6 F:30
				87F0BD E8          INX                    A:20FE X:0769 Y:0006 S:012A D:1628 DB:86 nvmxdizc V: 52 H:  9 F:30
				87F0BE 1A          INC                    A:20FE X:076A Y:0006 S:012A D:1628 DB:86 nvmxdizc V: 52 H: 12 F:30
				87F0BF 9F 00 E0 7F STA $7FE000,X [7FE76A] A:20FF X:076A Y:0006 S:012A D:1628 DB:86 nvmxdizc V: 52 H: 15 F:30
				87F0C3 E8          INX                    A:20FF X:076A Y:0006 S:012A D:1628 DB:86 nvmxdizc V: 52 H: 25 F:30
				87F0C4 E8          INX                    A:20FF X:076B Y:0006 S:012A D:1628 DB:86 nvmxdizc V: 52 H: 28 F:30
				87F0C5 88          DEY                    A:20FF X:076C Y:0006 S:012A D:1628 DB:86 nvmxdizc V: 52 H: 31 F:30
				87F0C6 D0 EF       BNE $00EF     [87F0B7] A:20FF X:076C Y:0005 S:012A D:1628 DB:86 nvmxdizc V: 52 H: 34 F:30
				87F0B7 3A          DEC                    A:20FF X:076C Y:0005 S:012A D:1628 DB:86 nvmxdizc V: 52 H: 39 F:30
				87F0B8 9F 00 E0 7F STA $7FE000,X [7FE76C] A:20FE X:076C Y:0005 S:012A D:1628 DB:86 nvmxdizc V: 52 H: 42 F:30
				87F0BC E8          INX                    A:20FE X:076C Y:0005 S:012A D:1628 DB:86 nvmxdizc V: 52 H: 52 F:30
				87F0BD E8          INX                    A:20FE X:076D Y:0005 S:012A D:1628 DB:86 nvmxdizc V: 52 H: 55 F:30
				87F0BE 1A          INC                    A:20FE X:076E Y:0005 S:012A D:1628 DB:86 nvmxdizc V: 52 H: 58 F:30
				87F0BF 9F 00 E0 7F STA $7FE000,X [7FE76E] A:20FF X:076E Y:0005 S:012A D:1628 DB:86 nvmxdizc V: 52 H: 61 F:30
				87F0C3 E8          INX                    A:20FF X:076E Y:0005 S:012A D:1628 DB:86 nvmxdizc V: 52 H: 71 F:30
				87F0C4 E8          INX                    A:20FF X:076F Y:0005 S:012A D:1628 DB:86 nvmxdizc V: 52 H: 74 F:30
				87F0C5 88          DEY                    A:20FF X:0770 Y:0005 S:012A D:1628 DB:86 nvmxdizc V: 52 H: 77 F:30
				87F0C6 D0 EF       BNE $00EF     [87F0B7] A:20FF X:0770 Y:0004 S:012A D:1628 DB:86 nvmxdizc V: 52 H: 80 F:30
				87F0B7 3A          DEC                    A:20FF X:0770 Y:0004 S:012A D:1628 DB:86 nvmxdizc V: 52 H: 84 F:30
				87F0B8 9F 00 E0 7F STA $7FE000,X [7FE770] A:20FE X:0770 Y:0004 S:012A D:1628 DB:86 nvmxdizc V: 52 H: 87 F:30
				87F0BC E8          INX                    A:20FE X:0770 Y:0004 S:012A D:1628 DB:86 nvmxdizc V: 52 H: 97 F:30
				87F0BD E8          INX                    A:20FE X:0771 Y:0004 S:012A D:1628 DB:86 nvmxdizc V: 52 H:100 F:30
				87F0BE 1A          INC                    A:20FE X:0772 Y:0004 S:012A D:1628 DB:86 nvmxdizc V: 52 H:103 F:30
				87F0BF 9F 00 E0 7F STA $7FE000,X [7FE772] A:20FF X:0772 Y:0004 S:012A D:1628 DB:86 nvmxdizc V: 52 H:106 F:30
				87F0C3 E8          INX                    A:20FF X:0772 Y:0004 S:012A D:1628 DB:86 nvmxdizc V: 52 H:116 F:30
				87F0C4 E8          INX                    A:20FF X:0773 Y:0004 S:012A D:1628 DB:86 nvmxdizc V: 52 H:119 F:30
				87F0C5 88          DEY                    A:20FF X:0774 Y:0004 S:012A D:1628 DB:86 nvmxdizc V: 52 H:122 F:30
				87F0C6 D0 EF       BNE $00EF     [87F0B7] A:20FF X:0774 Y:0003 S:012A D:1628 DB:86 nvmxdizc V: 52 H:125 F:30
				87F0B7 3A          DEC                    A:20FF X:0774 Y:0003 S:012A D:1628 DB:86 nvmxdizc V: 52 H:130 F:30
				87F0B8 9F 00 E0 7F STA $7FE000,X [7FE774] A:20FE X:0774 Y:0003 S:012A D:1628 DB:86 nvmxdizc V: 52 H:133 F:30
				87F0BC E8          INX                    A:20FE X:0774 Y:0003 S:012A D:1628 DB:86 nvmxdizc V: 52 H:153 F:30
				87F0BD E8          INX                    A:20FE X:0775 Y:0003 S:012A D:1628 DB:86 nvmxdizc V: 52 H:156 F:30
				87F0BE 1A          INC                    A:20FE X:0776 Y:0003 S:012A D:1628 DB:86 nvmxdizc V: 52 H:159 F:30
				87F0BF 9F 00 E0 7F STA $7FE000,X [7FE776] A:20FF X:0776 Y:0003 S:012A D:1628 DB:86 nvmxdizc V: 52 H:162 F:30
				87F0C3 E8          INX                    A:20FF X:0776 Y:0003 S:012A D:1628 DB:86 nvmxdizc V: 52 H:172 F:30
				87F0C4 E8          INX                    A:20FF X:0777 Y:0003 S:012A D:1628 DB:86 nvmxdizc V: 52 H:175 F:30
				87F0C5 88          DEY                    A:20FF X:0778 Y:0003 S:012A D:1628 DB:86 nvmxdizc V: 52 H:178 F:30
				87F0C6 D0 EF       BNE $00EF     [87F0B7] A:20FF X:0778 Y:0002 S:012A D:1628 DB:86 nvmxdizc V: 52 H:181 F:30
				87F0B7 3A          DEC                    A:20FF X:0778 Y:0002 S:012A D:1628 DB:86 nvmxdizc V: 52 H:185 F:30
				87F0B8 9F 00 E0 7F STA $7FE000,X [7FE778] A:20FE X:0778 Y:0002 S:012A D:1628 DB:86 nvmxdizc V: 52 H:188 F:30
				87F0BC E8          INX                    A:20FE X:0778 Y:0002 S:012A D:1628 DB:86 nvmxdizc V: 52 H:198 F:30
				87F0BD E8          INX                    A:20FE X:0779 Y:0002 S:012A D:1628 DB:86 nvmxdizc V: 52 H:201 F:30
				87F0BE 1A          INC                    A:20FE X:077A Y:0002 S:012A D:1628 DB:86 nvmxdizc V: 52 H:204 F:30
				87F0BF 9F 00 E0 7F STA $7FE000,X [7FE77A] A:20FF X:077A Y:0002 S:012A D:1628 DB:86 nvmxdizc V: 52 H:207 F:30
				87F0C3 E8          INX                    A:20FF X:077A Y:0002 S:012A D:1628 DB:86 nvmxdizc V: 52 H:217 F:30
				87F0C4 E8          INX                    A:20FF X:077B Y:0002 S:012A D:1628 DB:86 nvmxdizc V: 52 H:220 F:30
				87F0C5 88          DEY                    A:20FF X:077C Y:0002 S:012A D:1628 DB:86 nvmxdizc V: 52 H:223 F:30
				87F0C6 D0 EF       BNE $00EF     [87F0B7] A:20FF X:077C Y:0001 S:012A D:1628 DB:86 nvmxdizc V: 52 H:226 F:30
				87F0B7 3A          DEC                    A:20FF X:077C Y:0001 S:012A D:1628 DB:86 nvmxdizc V: 52 H:231 F:30
				87F0B8 9F 00 E0 7F STA $7FE000,X [7FE77C] A:20FE X:077C Y:0001 S:012A D:1628 DB:86 nvmxdizc V: 52 H:234 F:30
				87F0BC E8          INX                    A:20FE X:077C Y:0001 S:012A D:1628 DB:86 nvmxdizc V: 52 H:244 F:30
				87F0BD E8          INX                    A:20FE X:077D Y:0001 S:012A D:1628 DB:86 nvmxdizc V: 52 H:247 F:30
				87F0BE 1A          INC                    A:20FE X:077E Y:0001 S:012A D:1628 DB:86 nvmxdizc V: 52 H:250 F:30
				87F0BF 9F 00 E0 7F STA $7FE000,X [7FE77E] A:20FF X:077E Y:0001 S:012A D:1628 DB:86 nvmxdizc V: 52 H:253 F:30
				87F0C3 E8          INX                    A:20FF X:077E Y:0001 S:012A D:1628 DB:86 nvmxdizc V: 52 H:263 F:30
				87F0C4 E8          INX                    A:20FF X:077F Y:0001 S:012A D:1628 DB:86 nvmxdizc V: 52 H:266 F:30
				87F0C5 88          DEY                    A:20FF X:0780 Y:0001 S:012A D:1628 DB:86 nvmxdizc V: 52 H:269 F:30
				87F0C6 D0 EF       BNE $00EF     [87F0B7] A:20FF X:0780 Y:0000 S:012A D:1628 DB:86 nvmxdiZc V: 52 H:272 F:30
				87F0C8 E0 00 08    CPX #$0800             A:20FF X:0780 Y:0000 S:012A D:1628 DB:86 nvmxdiZc V: 52 H:275 F:30
				87F0CB 90 C9       BCC $00C9     [87F096] A:20FF X:0780 Y:0000 S:012A D:1628 DB:86 Nvmxdizc V: 52 H:279 F:30
				87F096 A0 10 00    LDY #$0010             A:20FF X:0780 Y:0000 S:012A D:1628 DB:86 Nvmxdizc V: 52 H:284 F:30
				87F099 A9 FD 20    LDA #$20FD             A:20FF X:0780 Y:0010 S:012A D:1628 DB:86 nvmxdizc V: 52 H:288 F:30
				87F09C 05 1C       ORA $1C       [001644] A:20FD X:0780 Y:0010 S:012A D:1628 DB:86 nvmxdizc V: 52 H:293 F:30
				87F09E 3A          DEC                    A:20FD X:0780 Y:0010 S:012A D:1628 DB:86 nvmxdizc V: 52 H:301 F:30
				87F09F 9F 00 E0 7F STA $7FE000,X [7FE780] A:20FC X:0780 Y:0010 S:012A D:1628 DB:86 nvmxdizc V: 52 H:304 F:30
				87F0A3 E8          INX                    A:20FC X:0780 Y:0010 S:012A D:1628 DB:86 nvmxdizc V: 52 H:314 F:30
				87F0A4 E8          INX                    A:20FC X:0781 Y:0010 S:012A D:1628 DB:86 nvmxdizc V: 52 H:317 F:30
				87F0A5 1A          INC                    A:20FC X:0782 Y:0010 S:012A D:1628 DB:86 nvmxdizc V: 52 H:320 F:30
				87F0A6 9F 00 E0 7F STA $7FE000,X [7FE782] A:20FD X:0782 Y:0010 S:012A D:1628 DB:86 nvmxdizc V: 52 H:323 F:30
				87F0AA E8          INX                    A:20FD X:0782 Y:0010 S:012A D:1628 DB:86 nvmxdizc V: 52 H:332 F:30
				87F0AB E8          INX                    A:20FD X:0783 Y:0010 S:012A D:1628 DB:86 nvmxdizc V: 52 H:335 F:30
				87F0AC 88          DEY                    A:20FD X:0784 Y:0010 S:012A D:1628 DB:86 nvmxdizc V: 52 H:338 F:30
				87F0AD D0 EF       BNE $00EF     [87F09E] A:20FD X:0784 Y:000F S:012A D:1628 DB:86 nvmxdizc V: 53 H:  1 F:30
				87F09E 3A          DEC                    A:20FD X:0784 Y:000F S:012A D:1628 DB:86 nvmxdizc V: 53 H:  6 F:30
				87F09F 9F 00 E0 7F STA $7FE000,X [7FE784] A:20FC X:0784 Y:000F S:012A D:1628 DB:86 nvmxdizc V: 53 H:  9 F:30
				87F0A3 E8          INX                    A:20FC X:0784 Y:000F S:012A D:1628 DB:86 nvmxdizc V: 53 H: 19 F:30
				87F0A4 E8          INX                    A:20FC X:0785 Y:000F S:012A D:1628 DB:86 nvmxdizc V: 53 H: 22 F:30
				87F0A5 1A          INC                    A:20FC X:0786 Y:000F S:012A D:1628 DB:86 nvmxdizc V: 53 H: 25 F:30
				87F0A6 9F 00 E0 7F STA $7FE000,X [7FE786] A:20FD X:0786 Y:000F S:012A D:1628 DB:86 nvmxdizc V: 53 H: 28 F:30
				87F0AA E8          INX                    A:20FD X:0786 Y:000F S:012A D:1628 DB:86 nvmxdizc V: 53 H: 38 F:30
				87F0AB E8          INX                    A:20FD X:0787 Y:000F S:012A D:1628 DB:86 nvmxdizc V: 53 H: 41 F:30
				87F0AC 88          DEY                    A:20FD X:0788 Y:000F S:012A D:1628 DB:86 nvmxdizc V: 53 H: 44 F:30
				87F0AD D0 EF       BNE $00EF     [87F09E] A:20FD X:0788 Y:000E S:012A D:1628 DB:86 nvmxdizc V: 53 H: 47 F:30
				87F09E 3A          DEC                    A:20FD X:0788 Y:000E S:012A D:1628 DB:86 nvmxdizc V: 53 H: 51 F:30
				87F09F 9F 00 E0 7F STA $7FE000,X [7FE788] A:20FC X:0788 Y:000E S:012A D:1628 DB:86 nvmxdizc V: 53 H: 54 F:30
				87F0A3 E8          INX                    A:20FC X:0788 Y:000E S:012A D:1628 DB:86 nvmxdizc V: 53 H: 64 F:30
				87F0A4 E8          INX                    A:20FC X:0789 Y:000E S:012A D:1628 DB:86 nvmxdizc V: 53 H: 67 F:30
				87F0A5 1A          INC                    A:20FC X:078A Y:000E S:012A D:1628 DB:86 nvmxdizc V: 53 H: 70 F:30
				87F0A6 9F 00 E0 7F STA $7FE000,X [7FE78A] A:20FD X:078A Y:000E S:012A D:1628 DB:86 nvmxdizc V: 53 H: 73 F:30
				87F0AA E8          INX                    A:20FD X:078A Y:000E S:012A D:1628 DB:86 nvmxdizc V: 53 H: 83 F:30
				87F0AB E8          INX                    A:20FD X:078B Y:000E S:012A D:1628 DB:86 nvmxdizc V: 53 H: 86 F:30
				87F0AC 88          DEY                    A:20FD X:078C Y:000E S:012A D:1628 DB:86 nvmxdizc V: 53 H: 89 F:30
				87F0AD D0 EF       BNE $00EF     [87F09E] A:20FD X:078C Y:000D S:012A D:1628 DB:86 nvmxdizc V: 53 H: 92 F:30
				87F09E 3A          DEC                    A:20FD X:078C Y:000D S:012A D:1628 DB:86 nvmxdizc V: 53 H: 97 F:30
				87F09F 9F 00 E0 7F STA $7FE000,X [7FE78C] A:20FC X:078C Y:000D S:012A D:1628 DB:86 nvmxdizc V: 53 H:100 F:30
				87F0A3 E8          INX                    A:20FC X:078C Y:000D S:012A D:1628 DB:86 nvmxdizc V: 53 H:110 F:30
				87F0A4 E8          INX                    A:20FC X:078D Y:000D S:012A D:1628 DB:86 nvmxdizc V: 53 H:113 F:30
				87F0A5 1A          INC                    A:20FC X:078E Y:000D S:012A D:1628 DB:86 nvmxdizc V: 53 H:116 F:30
				87F0A6 9F 00 E0 7F STA $7FE000,X [7FE78E] A:20FD X:078E Y:000D S:012A D:1628 DB:86 nvmxdizc V: 53 H:119 F:30
				87F0AA E8          INX                    A:20FD X:078E Y:000D S:012A D:1628 DB:86 nvmxdizc V: 53 H:129 F:30
				87F0AB E8          INX                    A:20FD X:078F Y:000D S:012A D:1628 DB:86 nvmxdizc V: 53 H:132 F:30
				87F0AC 88          DEY                    A:20FD X:0790 Y:000D S:012A D:1628 DB:86 nvmxdizc V: 53 H:145 F:30
				87F0AD D0 EF       BNE $00EF     [87F09E] A:20FD X:0790 Y:000C S:012A D:1628 DB:86 nvmxdizc V: 53 H:148 F:30
				87F09E 3A          DEC                    A:20FD X:0790 Y:000C S:012A D:1628 DB:86 nvmxdizc V: 53 H:152 F:30
				87F09F 9F 00 E0 7F STA $7FE000,X [7FE790] A:20FC X:0790 Y:000C S:012A D:1628 DB:86 nvmxdizc V: 53 H:155 F:30
				87F0A3 E8          INX                    A:20FC X:0790 Y:000C S:012A D:1628 DB:86 nvmxdizc V: 53 H:165 F:30
				87F0A4 E8          INX                    A:20FC X:0791 Y:000C S:012A D:1628 DB:86 nvmxdizc V: 53 H:168 F:30
				87F0A5 1A          INC                    A:20FC X:0792 Y:000C S:012A D:1628 DB:86 nvmxdizc V: 53 H:171 F:30
				87F0A6 9F 00 E0 7F STA $7FE000,X [7FE792] A:20FD X:0792 Y:000C S:012A D:1628 DB:86 nvmxdizc V: 53 H:174 F:30
				87F0AA E8          INX                    A:20FD X:0792 Y:000C S:012A D:1628 DB:86 nvmxdizc V: 53 H:184 F:30
				87F0AB E8          INX                    A:20FD X:0793 Y:000C S:012A D:1628 DB:86 nvmxdizc V: 53 H:187 F:30
				87F0AC 88          DEY                    A:20FD X:0794 Y:000C S:012A D:1628 DB:86 nvmxdizc V: 53 H:190 F:30
				87F0AD D0 EF       BNE $00EF     [87F09E] A:20FD X:0794 Y:000B S:012A D:1628 DB:86 nvmxdizc V: 53 H:193 F:30
				87F09E 3A          DEC                    A:20FD X:0794 Y:000B S:012A D:1628 DB:86 nvmxdizc V: 53 H:198 F:30
				87F09F 9F 00 E0 7F STA $7FE000,X [7FE794] A:20FC X:0794 Y:000B S:012A D:1628 DB:86 nvmxdizc V: 53 H:201 F:30
				87F0A3 E8          INX                    A:20FC X:0794 Y:000B S:012A D:1628 DB:86 nvmxdizc V: 53 H:211 F:30
				87F0A4 E8          INX                    A:20FC X:0795 Y:000B S:012A D:1628 DB:86 nvmxdizc V: 53 H:214 F:30
				87F0A5 1A          INC                    A:20FC X:0796 Y:000B S:012A D:1628 DB:86 nvmxdizc V: 53 H:217 F:30
				87F0A6 9F 00 E0 7F STA $7FE000,X [7FE796] A:20FD X:0796 Y:000B S:012A D:1628 DB:86 nvmxdizc V: 53 H:220 F:30
				87F0AA E8          INX                    A:20FD X:0796 Y:000B S:012A D:1628 DB:86 nvmxdizc V: 53 H:230 F:30
				87F0AB E8          INX                    A:20FD X:0797 Y:000B S:012A D:1628 DB:86 nvmxdizc V: 53 H:233 F:30
				87F0AC 88          DEY                    A:20FD X:0798 Y:000B S:012A D:1628 DB:86 nvmxdizc V: 53 H:236 F:30
				87F0AD D0 EF       BNE $00EF     [87F09E] A:20FD X:0798 Y:000A S:012A D:1628 DB:86 nvmxdizc V: 53 H:239 F:30
				87F09E 3A          DEC                    A:20FD X:0798 Y:000A S:012A D:1628 DB:86 nvmxdizc V: 53 H:243 F:30
				87F09F 9F 00 E0 7F STA $7FE000,X [7FE798] A:20FC X:0798 Y:000A S:012A D:1628 DB:86 nvmxdizc V: 53 H:246 F:30
				87F0A3 E8          INX                    A:20FC X:0798 Y:000A S:012A D:1628 DB:86 nvmxdizc V: 53 H:256 F:30
				87F0A4 E8          INX                    A:20FC X:0799 Y:000A S:012A D:1628 DB:86 nvmxdizc V: 53 H:259 F:30
				87F0A5 1A          INC                    A:20FC X:079A Y:000A S:012A D:1628 DB:86 nvmxdizc V: 53 H:262 F:30
				87F0A6 9F 00 E0 7F STA $7FE000,X [7FE79A] A:20FD X:079A Y:000A S:012A D:1628 DB:86 nvmxdizc V: 53 H:265 F:30
				87F0AA E8          INX                    A:20FD X:079A Y:000A S:012A D:1628 DB:86 nvmxdizc V: 53 H:275 F:30
				87F0AB E8          INX                    A:20FD X:079B Y:000A S:012A D:1628 DB:86 nvmxdizc V: 53 H:278 F:30
				87F0AC 88          DEY                    A:20FD X:079C Y:000A S:012A D:1628 DB:86 nvmxdizc V: 53 H:281 F:30
				87F0AD D0 EF       BNE $00EF     [87F09E] A:20FD X:079C Y:0009 S:012A D:1628 DB:86 nvmxdizc V: 53 H:284 F:30
				87F09E 3A          DEC                    A:20FD X:079C Y:0009 S:012A D:1628 DB:86 nvmxdizc V: 53 H:289 F:30
				87F09F 9F 00 E0 7F STA $7FE000,X [7FE79C] A:20FC X:079C Y:0009 S:012A D:1628 DB:86 nvmxdizc V: 53 H:292 F:30
				87F0A3 E8          INX                    A:20FC X:079C Y:0009 S:012A D:1628 DB:86 nvmxdizc V: 53 H:302 F:30
				87F0A4 E8          INX                    A:20FC X:079D Y:0009 S:012A D:1628 DB:86 nvmxdizc V: 53 H:305 F:30
				87F0A5 1A          INC                    A:20FC X:079E Y:0009 S:012A D:1628 DB:86 nvmxdizc V: 53 H:308 F:30
				87F0A6 9F 00 E0 7F STA $7FE000,X [7FE79E] A:20FD X:079E Y:0009 S:012A D:1628 DB:86 nvmxdizc V: 53 H:311 F:30
				87F0AA E8          INX                    A:20FD X:079E Y:0009 S:012A D:1628 DB:86 nvmxdizc V: 53 H:321 F:30
				87F0AB E8          INX                    A:20FD X:079F Y:0009 S:012A D:1628 DB:86 nvmxdizc V: 53 H:323 F:30
				87F0AC 88          DEY                    A:20FD X:07A0 Y:0009 S:012A D:1628 DB:86 nvmxdizc V: 53 H:326 F:30
				87F0AD D0 EF       BNE $00EF     [87F09E] A:20FD X:07A0 Y:0008 S:012A D:1628 DB:86 nvmxdizc V: 53 H:329 F:30
				87F09E 3A          DEC                    A:20FD X:07A0 Y:0008 S:012A D:1628 DB:86 nvmxdizc V: 53 H:333 F:30
				87F09F 9F 00 E0 7F STA $7FE000,X [7FE7A0] A:20FC X:07A0 Y:0008 S:012A D:1628 DB:86 nvmxdizc V: 53 H:336 F:30
				87F0A3 E8          INX                    A:20FC X:07A0 Y:0008 S:012A D:1628 DB:86 nvmxdizc V: 54 H:  6 F:30
				87F0A4 E8          INX                    A:20FC X:07A1 Y:0008 S:012A D:1628 DB:86 nvmxdizc V: 54 H:  9 F:30
				87F0A5 1A          INC                    A:20FC X:07A2 Y:0008 S:012A D:1628 DB:86 nvmxdizc V: 54 H: 12 F:30
				87F0A6 9F 00 E0 7F STA $7FE000,X [7FE7A2] A:20FD X:07A2 Y:0008 S:012A D:1628 DB:86 nvmxdizc V: 54 H: 15 F:30
				87F0AA E8          INX                    A:20FD X:07A2 Y:0008 S:012A D:1628 DB:86 nvmxdizc V: 54 H: 25 F:30
				87F0AB E8          INX                    A:20FD X:07A3 Y:0008 S:012A D:1628 DB:86 nvmxdizc V: 54 H: 28 F:30
				87F0AC 88          DEY                    A:20FD X:07A4 Y:0008 S:012A D:1628 DB:86 nvmxdizc V: 54 H: 31 F:30
				87F0AD D0 EF       BNE $00EF     [87F09E] A:20FD X:07A4 Y:0007 S:012A D:1628 DB:86 nvmxdizc V: 54 H: 34 F:30
				87F09E 3A          DEC                    A:20FD X:07A4 Y:0007 S:012A D:1628 DB:86 nvmxdizc V: 54 H: 39 F:30
				87F09F 9F 00 E0 7F STA $7FE000,X [7FE7A4] A:20FC X:07A4 Y:0007 S:012A D:1628 DB:86 nvmxdizc V: 54 H: 42 F:30
				87F0A3 E8          INX                    A:20FC X:07A4 Y:0007 S:012A D:1628 DB:86 nvmxdizc V: 54 H: 52 F:30
				87F0A4 E8          INX                    A:20FC X:07A5 Y:0007 S:012A D:1628 DB:86 nvmxdizc V: 54 H: 55 F:30
				87F0A5 1A          INC                    A:20FC X:07A6 Y:0007 S:012A D:1628 DB:86 nvmxdizc V: 54 H: 58 F:30
				87F0A6 9F 00 E0 7F STA $7FE000,X [7FE7A6] A:20FD X:07A6 Y:0007 S:012A D:1628 DB:86 nvmxdizc V: 54 H: 61 F:30
				87F0AA E8          INX                    A:20FD X:07A6 Y:0007 S:012A D:1628 DB:86 nvmxdizc V: 54 H: 71 F:30
				87F0AB E8          INX                    A:20FD X:07A7 Y:0007 S:012A D:1628 DB:86 nvmxdizc V: 54 H: 74 F:30
				87F0AC 88          DEY                    A:20FD X:07A8 Y:0007 S:012A D:1628 DB:86 nvmxdizc V: 54 H: 77 F:30
				87F0AD D0 EF       BNE $00EF     [87F09E] A:20FD X:07A8 Y:0006 S:012A D:1628 DB:86 nvmxdizc V: 54 H: 80 F:30
				87F09E 3A          DEC                    A:20FD X:07A8 Y:0006 S:012A D:1628 DB:86 nvmxdizc V: 54 H: 84 F:30
				87F09F 9F 00 E0 7F STA $7FE000,X [7FE7A8] A:20FC X:07A8 Y:0006 S:012A D:1628 DB:86 nvmxdizc V: 54 H: 87 F:30
				87F0A3 E8          INX                    A:20FC X:07A8 Y:0006 S:012A D:1628 DB:86 nvmxdizc V: 54 H: 97 F:30
				87F0A4 E8          INX                    A:20FC X:07A9 Y:0006 S:012A D:1628 DB:86 nvmxdizc V: 54 H:100 F:30
				87F0A5 1A          INC                    A:20FC X:07AA Y:0006 S:012A D:1628 DB:86 nvmxdizc V: 54 H:103 F:30
				87F0A6 9F 00 E0 7F STA $7FE000,X [7FE7AA] A:20FD X:07AA Y:0006 S:012A D:1628 DB:86 nvmxdizc V: 54 H:106 F:30
				87F0AA E8          INX                    A:20FD X:07AA Y:0006 S:012A D:1628 DB:86 nvmxdizc V: 54 H:116 F:30
				87F0AB E8          INX                    A:20FD X:07AB Y:0006 S:012A D:1628 DB:86 nvmxdizc V: 54 H:119 F:30
				87F0AC 88          DEY                    A:20FD X:07AC Y:0006 S:012A D:1628 DB:86 nvmxdizc V: 54 H:122 F:30
				87F0AD D0 EF       BNE $00EF     [87F09E] A:20FD X:07AC Y:0005 S:012A D:1628 DB:86 nvmxdizc V: 54 H:125 F:30
				87F09E 3A          DEC                    A:20FD X:07AC Y:0005 S:012A D:1628 DB:86 nvmxdizc V: 54 H:130 F:30
				87F09F 9F 00 E0 7F STA $7FE000,X [7FE7AC] A:20FC X:07AC Y:0005 S:012A D:1628 DB:86 nvmxdizc V: 54 H:133 F:30
				87F0A3 E8          INX                    A:20FC X:07AC Y:0005 S:012A D:1628 DB:86 nvmxdizc V: 54 H:153 F:30
				87F0A4 E8          INX                    A:20FC X:07AD Y:0005 S:012A D:1628 DB:86 nvmxdizc V: 54 H:156 F:30
				87F0A5 1A          INC                    A:20FC X:07AE Y:0005 S:012A D:1628 DB:86 nvmxdizc V: 54 H:159 F:30
				87F0A6 9F 00 E0 7F STA $7FE000,X [7FE7AE] A:20FD X:07AE Y:0005 S:012A D:1628 DB:86 nvmxdizc V: 54 H:162 F:30
				87F0AA E8          INX                    A:20FD X:07AE Y:0005 S:012A D:1628 DB:86 nvmxdizc V: 54 H:172 F:30
				87F0AB E8          INX                    A:20FD X:07AF Y:0005 S:012A D:1628 DB:86 nvmxdizc V: 54 H:175 F:30
				87F0AC 88          DEY                    A:20FD X:07B0 Y:0005 S:012A D:1628 DB:86 nvmxdizc V: 54 H:178 F:30
				87F0AD D0 EF       BNE $00EF     [87F09E] A:20FD X:07B0 Y:0004 S:012A D:1628 DB:86 nvmxdizc V: 54 H:181 F:30
				87F09E 3A          DEC                    A:20FD X:07B0 Y:0004 S:012A D:1628 DB:86 nvmxdizc V: 54 H:185 F:30
				87F09F 9F 00 E0 7F STA $7FE000,X [7FE7B0] A:20FC X:07B0 Y:0004 S:012A D:1628 DB:86 nvmxdizc V: 54 H:188 F:30
				87F0A3 E8          INX                    A:20FC X:07B0 Y:0004 S:012A D:1628 DB:86 nvmxdizc V: 54 H:198 F:30
				87F0A4 E8          INX                    A:20FC X:07B1 Y:0004 S:012A D:1628 DB:86 nvmxdizc V: 54 H:201 F:30
				87F0A5 1A          INC                    A:20FC X:07B2 Y:0004 S:012A D:1628 DB:86 nvmxdizc V: 54 H:204 F:30
				87F0A6 9F 00 E0 7F STA $7FE000,X [7FE7B2] A:20FD X:07B2 Y:0004 S:012A D:1628 DB:86 nvmxdizc V: 54 H:207 F:30
				87F0AA E8          INX                    A:20FD X:07B2 Y:0004 S:012A D:1628 DB:86 nvmxdizc V: 54 H:217 F:30
				87F0AB E8          INX                    A:20FD X:07B3 Y:0004 S:012A D:1628 DB:86 nvmxdizc V: 54 H:220 F:30
				87F0AC 88          DEY                    A:20FD X:07B4 Y:0004 S:012A D:1628 DB:86 nvmxdizc V: 54 H:223 F:30
				87F0AD D0 EF       BNE $00EF     [87F09E] A:20FD X:07B4 Y:0003 S:012A D:1628 DB:86 nvmxdizc V: 54 H:226 F:30
				87F09E 3A          DEC                    A:20FD X:07B4 Y:0003 S:012A D:1628 DB:86 nvmxdizc V: 54 H:231 F:30
				87F09F 9F 00 E0 7F STA $7FE000,X [7FE7B4] A:20FC X:07B4 Y:0003 S:012A D:1628 DB:86 nvmxdizc V: 54 H:234 F:30
				87F0A3 E8          INX                    A:20FC X:07B4 Y:0003 S:012A D:1628 DB:86 nvmxdizc V: 54 H:244 F:30
				87F0A4 E8          INX                    A:20FC X:07B5 Y:0003 S:012A D:1628 DB:86 nvmxdizc V: 54 H:247 F:30
				87F0A5 1A          INC                    A:20FC X:07B6 Y:0003 S:012A D:1628 DB:86 nvmxdizc V: 54 H:250 F:30
				87F0A6 9F 00 E0 7F STA $7FE000,X [7FE7B6] A:20FD X:07B6 Y:0003 S:012A D:1628 DB:86 nvmxdizc V: 54 H:253 F:30
				87F0AA E8          INX                    A:20FD X:07B6 Y:0003 S:012A D:1628 DB:86 nvmxdizc V: 54 H:263 F:30
				87F0AB E8          INX                    A:20FD X:07B7 Y:0003 S:012A D:1628 DB:86 nvmxdizc V: 54 H:266 F:30
				87F0AC 88          DEY                    A:20FD X:07B8 Y:0003 S:012A D:1628 DB:86 nvmxdizc V: 54 H:269 F:30
				87F0AD D0 EF       BNE $00EF     [87F09E] A:20FD X:07B8 Y:0002 S:012A D:1628 DB:86 nvmxdizc V: 54 H:272 F:30
				87F09E 3A          DEC                    A:20FD X:07B8 Y:0002 S:012A D:1628 DB:86 nvmxdizc V: 54 H:276 F:30
				87F09F 9F 00 E0 7F STA $7FE000,X [7FE7B8] A:20FC X:07B8 Y:0002 S:012A D:1628 DB:86 nvmxdizc V: 54 H:279 F:30
				87F0A3 E8          INX                    A:20FC X:07B8 Y:0002 S:012A D:1628 DB:86 nvmxdizc V: 54 H:289 F:30
				87F0A4 E8          INX                    A:20FC X:07B9 Y:0002 S:012A D:1628 DB:86 nvmxdizc V: 54 H:292 F:30
				87F0A5 1A          INC                    A:20FC X:07BA Y:0002 S:012A D:1628 DB:86 nvmxdizc V: 54 H:295 F:30
				87F0A6 9F 00 E0 7F STA $7FE000,X [7FE7BA] A:20FD X:07BA Y:0002 S:012A D:1628 DB:86 nvmxdizc V: 54 H:298 F:30
				87F0AA E8          INX                    A:20FD X:07BA Y:0002 S:012A D:1628 DB:86 nvmxdizc V: 54 H:308 F:30
				87F0AB E8          INX                    A:20FD X:07BB Y:0002 S:012A D:1628 DB:86 nvmxdizc V: 54 H:311 F:30
				87F0AC 88          DEY                    A:20FD X:07BC Y:0002 S:012A D:1628 DB:86 nvmxdizc V: 54 H:314 F:30
				87F0AD D0 EF       BNE $00EF     [87F09E] A:20FD X:07BC Y:0001 S:012A D:1628 DB:86 nvmxdizc V: 54 H:317 F:30
				87F09E 3A          DEC                    A:20FD X:07BC Y:0001 S:012A D:1628 DB:86 nvmxdizc V: 54 H:322 F:30
				87F09F 9F 00 E0 7F STA $7FE000,X [7FE7BC] A:20FC X:07BC Y:0001 S:012A D:1628 DB:86 nvmxdizc V: 54 H:324 F:30
				87F0A3 E8          INX                    A:20FC X:07BC Y:0001 S:012A D:1628 DB:86 nvmxdizc V: 54 H:334 F:30
				87F0A4 E8          INX                    A:20FC X:07BD Y:0001 S:012A D:1628 DB:86 nvmxdizc V: 54 H:337 F:30
				87F0A5 1A          INC                    A:20FC X:07BE Y:0001 S:012A D:1628 DB:86 nvmxdizc V: 55 H:  0 F:30
				87F0A6 9F 00 E0 7F STA $7FE000,X [7FE7BE] A:20FD X:07BE Y:0001 S:012A D:1628 DB:86 nvmxdizc V: 55 H:  3 F:30
				87F0AA E8          INX                    A:20FD X:07BE Y:0001 S:012A D:1628 DB:86 nvmxdizc V: 55 H: 13 F:30
				87F0AB E8          INX                    A:20FD X:07BF Y:0001 S:012A D:1628 DB:86 nvmxdizc V: 55 H: 16 F:30
				87F0AC 88          DEY                    A:20FD X:07C0 Y:0001 S:012A D:1628 DB:86 nvmxdizc V: 55 H: 19 F:30
				87F0AD D0 EF       BNE $00EF     [87F09E] A:20FD X:07C0 Y:0000 S:012A D:1628 DB:86 nvmxdiZc V: 55 H: 22 F:30
				87F0AF A0 10 00    LDY #$0010             A:20FD X:07C0 Y:0000 S:012A D:1628 DB:86 nvmxdiZc V: 55 H: 25 F:30
				87F0B2 A9 FF 20    LDA #$20FF             A:20FD X:07C0 Y:0010 S:012A D:1628 DB:86 nvmxdizc V: 55 H: 29 F:30
				87F0B5 05 1C       ORA $1C       [001644] A:20FF X:07C0 Y:0010 S:012A D:1628 DB:86 nvmxdizc V: 55 H: 34 F:30
				87F0B7 3A          DEC                    A:20FF X:07C0 Y:0010 S:012A D:1628 DB:86 nvmxdizc V: 55 H: 42 F:30
				87F0B8 9F 00 E0 7F STA $7FE000,X [7FE7C0] A:20FE X:07C0 Y:0010 S:012A D:1628 DB:86 nvmxdizc V: 55 H: 45 F:30
				87F0BC E8          INX                    A:20FE X:07C0 Y:0010 S:012A D:1628 DB:86 nvmxdizc V: 55 H: 55 F:30
				87F0BD E8          INX                    A:20FE X:07C1 Y:0010 S:012A D:1628 DB:86 nvmxdizc V: 55 H: 58 F:30
				87F0BE 1A          INC                    A:20FE X:07C2 Y:0010 S:012A D:1628 DB:86 nvmxdizc V: 55 H: 61 F:30
				87F0BF 9F 00 E0 7F STA $7FE000,X [7FE7C2] A:20FF X:07C2 Y:0010 S:012A D:1628 DB:86 nvmxdizc V: 55 H: 64 F:30
				87F0C3 E8          INX                    A:20FF X:07C2 Y:0010 S:012A D:1628 DB:86 nvmxdizc V: 55 H: 74 F:30
				87F0C4 E8          INX                    A:20FF X:07C3 Y:0010 S:012A D:1628 DB:86 nvmxdizc V: 55 H: 77 F:30
				87F0C5 88          DEY                    A:20FF X:07C4 Y:0010 S:012A D:1628 DB:86 nvmxdizc V: 55 H: 80 F:30
				87F0C6 D0 EF       BNE $00EF     [87F0B7] A:20FF X:07C4 Y:000F S:012A D:1628 DB:86 nvmxdizc V: 55 H: 83 F:30
				87F0B7 3A          DEC                    A:20FF X:07C4 Y:000F S:012A D:1628 DB:86 nvmxdizc V: 55 H: 88 F:30
				87F0B8 9F 00 E0 7F STA $7FE000,X [7FE7C4] A:20FE X:07C4 Y:000F S:012A D:1628 DB:86 nvmxdizc V: 55 H: 91 F:30
				87F0BC E8          INX                    A:20FE X:07C4 Y:000F S:012A D:1628 DB:86 nvmxdizc V: 55 H:101 F:30
				87F0BD E8          INX                    A:20FE X:07C5 Y:000F S:012A D:1628 DB:86 nvmxdizc V: 55 H:104 F:30
				87F0BE 1A          INC                    A:20FE X:07C6 Y:000F S:012A D:1628 DB:86 nvmxdizc V: 55 H:107 F:30
				87F0BF 9F 00 E0 7F STA $7FE000,X [7FE7C6] A:20FF X:07C6 Y:000F S:012A D:1628 DB:86 nvmxdizc V: 55 H:110 F:30
				87F0C3 E8          INX                    A:20FF X:07C6 Y:000F S:012A D:1628 DB:86 nvmxdizc V: 55 H:120 F:30
				87F0C4 E8          INX                    A:20FF X:07C7 Y:000F S:012A D:1628 DB:86 nvmxdizc V: 55 H:123 F:30
				87F0C5 88          DEY                    A:20FF X:07C8 Y:000F S:012A D:1628 DB:86 nvmxdizc V: 55 H:126 F:30
				87F0C6 D0 EF       BNE $00EF     [87F0B7] A:20FF X:07C8 Y:000E S:012A D:1628 DB:86 nvmxdizc V: 55 H:129 F:30
				87F0B7 3A          DEC                    A:20FF X:07C8 Y:000E S:012A D:1628 DB:86 nvmxdizc V: 55 H:133 F:30
				87F0B8 9F 00 E0 7F STA $7FE000,X [7FE7C8] A:20FE X:07C8 Y:000E S:012A D:1628 DB:86 nvmxdizc V: 55 H:146 F:30
				87F0BC E8          INX                    A:20FE X:07C8 Y:000E S:012A D:1628 DB:86 nvmxdizc V: 55 H:156 F:30
				87F0BD E8          INX                    A:20FE X:07C9 Y:000E S:012A D:1628 DB:86 nvmxdizc V: 55 H:159 F:30
				87F0BE 1A          INC                    A:20FE X:07CA Y:000E S:012A D:1628 DB:86 nvmxdizc V: 55 H:162 F:30
				87F0BF 9F 00 E0 7F STA $7FE000,X [7FE7CA] A:20FF X:07CA Y:000E S:012A D:1628 DB:86 nvmxdizc V: 55 H:165 F:30
				87F0C3 E8          INX                    A:20FF X:07CA Y:000E S:012A D:1628 DB:86 nvmxdizc V: 55 H:175 F:30
				87F0C4 E8          INX                    A:20FF X:07CB Y:000E S:012A D:1628 DB:86 nvmxdizc V: 55 H:178 F:30
				87F0C5 88          DEY                    A:20FF X:07CC Y:000E S:012A D:1628 DB:86 nvmxdizc V: 55 H:181 F:30
				87F0C6 D0 EF       BNE $00EF     [87F0B7] A:20FF X:07CC Y:000D S:012A D:1628 DB:86 nvmxdizc V: 55 H:184 F:30
				87F0B7 3A          DEC                    A:20FF X:07CC Y:000D S:012A D:1628 DB:86 nvmxdizc V: 55 H:189 F:30
				87F0B8 9F 00 E0 7F STA $7FE000,X [7FE7CC] A:20FE X:07CC Y:000D S:012A D:1628 DB:86 nvmxdizc V: 55 H:192 F:30
				87F0BC E8          INX                    A:20FE X:07CC Y:000D S:012A D:1628 DB:86 nvmxdizc V: 55 H:202 F:30
				87F0BD E8          INX                    A:20FE X:07CD Y:000D S:012A D:1628 DB:86 nvmxdizc V: 55 H:205 F:30
				87F0BE 1A          INC                    A:20FE X:07CE Y:000D S:012A D:1628 DB:86 nvmxdizc V: 55 H:208 F:30
				87F0BF 9F 00 E0 7F STA $7FE000,X [7FE7CE] A:20FF X:07CE Y:000D S:012A D:1628 DB:86 nvmxdizc V: 55 H:211 F:30
				87F0C3 E8          INX                    A:20FF X:07CE Y:000D S:012A D:1628 DB:86 nvmxdizc V: 55 H:221 F:30
				87F0C4 E8          INX                    A:20FF X:07CF Y:000D S:012A D:1628 DB:86 nvmxdizc V: 55 H:224 F:30
				87F0C5 88          DEY                    A:20FF X:07D0 Y:000D S:012A D:1628 DB:86 nvmxdizc V: 55 H:227 F:30
				87F0C6 D0 EF       BNE $00EF     [87F0B7] A:20FF X:07D0 Y:000C S:012A D:1628 DB:86 nvmxdizc V: 55 H:230 F:30
				87F0B7 3A          DEC                    A:20FF X:07D0 Y:000C S:012A D:1628 DB:86 nvmxdizc V: 55 H:234 F:30
				87F0B8 9F 00 E0 7F STA $7FE000,X [7FE7D0] A:20FE X:07D0 Y:000C S:012A D:1628 DB:86 nvmxdizc V: 55 H:237 F:30
				87F0BC E8          INX                    A:20FE X:07D0 Y:000C S:012A D:1628 DB:86 nvmxdizc V: 55 H:247 F:30
				87F0BD E8          INX                    A:20FE X:07D1 Y:000C S:012A D:1628 DB:86 nvmxdizc V: 55 H:250 F:30
				87F0BE 1A          INC                    A:20FE X:07D2 Y:000C S:012A D:1628 DB:86 nvmxdizc V: 55 H:253 F:30
				87F0BF 9F 00 E0 7F STA $7FE000,X [7FE7D2] A:20FF X:07D2 Y:000C S:012A D:1628 DB:86 nvmxdizc V: 55 H:256 F:30
				87F0C3 E8          INX                    A:20FF X:07D2 Y:000C S:012A D:1628 DB:86 nvmxdizc V: 55 H:266 F:30
				87F0C4 E8          INX                    A:20FF X:07D3 Y:000C S:012A D:1628 DB:86 nvmxdizc V: 55 H:269 F:30
				87F0C5 88          DEY                    A:20FF X:07D4 Y:000C S:012A D:1628 DB:86 nvmxdizc V: 55 H:272 F:30
				87F0C6 D0 EF       BNE $00EF     [87F0B7] A:20FF X:07D4 Y:000B S:012A D:1628 DB:86 nvmxdizc V: 55 H:275 F:30
				87F0B7 3A          DEC                    A:20FF X:07D4 Y:000B S:012A D:1628 DB:86 nvmxdizc V: 55 H:280 F:30
				87F0B8 9F 00 E0 7F STA $7FE000,X [7FE7D4] A:20FE X:07D4 Y:000B S:012A D:1628 DB:86 nvmxdizc V: 55 H:283 F:30
				87F0BC E8          INX                    A:20FE X:07D4 Y:000B S:012A D:1628 DB:86 nvmxdizc V: 55 H:293 F:30
				87F0BD E8          INX                    A:20FE X:07D5 Y:000B S:012A D:1628 DB:86 nvmxdizc V: 55 H:296 F:30
				87F0BE 1A          INC                    A:20FE X:07D6 Y:000B S:012A D:1628 DB:86 nvmxdizc V: 55 H:299 F:30
				87F0BF 9F 00 E0 7F STA $7FE000,X [7FE7D6] A:20FF X:07D6 Y:000B S:012A D:1628 DB:86 nvmxdizc V: 55 H:302 F:30
				87F0C3 E8          INX                    A:20FF X:07D6 Y:000B S:012A D:1628 DB:86 nvmxdizc V: 55 H:312 F:30
				87F0C4 E8          INX                    A:20FF X:07D7 Y:000B S:012A D:1628 DB:86 nvmxdizc V: 55 H:315 F:30
				87F0C5 88          DEY                    A:20FF X:07D8 Y:000B S:012A D:1628 DB:86 nvmxdizc V: 55 H:318 F:30
				87F0C6 D0 EF       BNE $00EF     [87F0B7] A:20FF X:07D8 Y:000A S:012A D:1628 DB:86 nvmxdizc V: 55 H:321 F:30
				87F0B7 3A          DEC                    A:20FF X:07D8 Y:000A S:012A D:1628 DB:86 nvmxdizc V: 55 H:325 F:30
				87F0B8 9F 00 E0 7F STA $7FE000,X [7FE7D8] A:20FE X:07D8 Y:000A S:012A D:1628 DB:86 nvmxdizc V: 55 H:327 F:30
				87F0BC E8          INX                    A:20FE X:07D8 Y:000A S:012A D:1628 DB:86 nvmxdizc V: 55 H:337 F:30
				87F0BD E8          INX                    A:20FE X:07D9 Y:000A S:012A D:1628 DB:86 nvmxdizc V: 56 H:  0 F:30
				87F0BE 1A          INC                    A:20FE X:07DA Y:000A S:012A D:1628 DB:86 nvmxdizc V: 56 H:  3 F:30
				87F0BF 9F 00 E0 7F STA $7FE000,X [7FE7DA] A:20FF X:07DA Y:000A S:012A D:1628 DB:86 nvmxdizc V: 56 H:  6 F:30
				87F0C3 E8          INX                    A:20FF X:07DA Y:000A S:012A D:1628 DB:86 nvmxdizc V: 56 H: 16 F:30
				87F0C4 E8          INX                    A:20FF X:07DB Y:000A S:012A D:1628 DB:86 nvmxdizc V: 56 H: 19 F:30
				87F0C5 88          DEY                    A:20FF X:07DC Y:000A S:012A D:1628 DB:86 nvmxdizc V: 56 H: 22 F:30
				87F0C6 D0 EF       BNE $00EF     [87F0B7] A:20FF X:07DC Y:0009 S:012A D:1628 DB:86 nvmxdizc V: 56 H: 25 F:30
				87F0B7 3A          DEC                    A:20FF X:07DC Y:0009 S:012A D:1628 DB:86 nvmxdizc V: 56 H: 30 F:30
				87F0B8 9F 00 E0 7F STA $7FE000,X [7FE7DC] A:20FE X:07DC Y:0009 S:012A D:1628 DB:86 nvmxdizc V: 56 H: 33 F:30
				87F0BC E8          INX                    A:20FE X:07DC Y:0009 S:012A D:1628 DB:86 nvmxdizc V: 56 H: 43 F:30
				87F0BD E8          INX                    A:20FE X:07DD Y:0009 S:012A D:1628 DB:86 nvmxdizc V: 56 H: 46 F:30
				87F0BE 1A          INC                    A:20FE X:07DE Y:0009 S:012A D:1628 DB:86 nvmxdizc V: 56 H: 49 F:30
				87F0BF 9F 00 E0 7F STA $7FE000,X [7FE7DE] A:20FF X:07DE Y:0009 S:012A D:1628 DB:86 nvmxdizc V: 56 H: 52 F:30
				87F0C3 E8          INX                    A:20FF X:07DE Y:0009 S:012A D:1628 DB:86 nvmxdizc V: 56 H: 62 F:30
				87F0C4 E8          INX                    A:20FF X:07DF Y:0009 S:012A D:1628 DB:86 nvmxdizc V: 56 H: 65 F:30
				87F0C5 88          DEY                    A:20FF X:07E0 Y:0009 S:012A D:1628 DB:86 nvmxdizc V: 56 H: 68 F:30
				87F0C6 D0 EF       BNE $00EF     [87F0B7] A:20FF X:07E0 Y:0008 S:012A D:1628 DB:86 nvmxdizc V: 56 H: 71 F:30
				87F0B7 3A          DEC                    A:20FF X:07E0 Y:0008 S:012A D:1628 DB:86 nvmxdizc V: 56 H: 75 F:30
				87F0B8 9F 00 E0 7F STA $7FE000,X [7FE7E0] A:20FE X:07E0 Y:0008 S:012A D:1628 DB:86 nvmxdizc V: 56 H: 78 F:30
				87F0BC E8          INX                    A:20FE X:07E0 Y:0008 S:012A D:1628 DB:86 nvmxdizc V: 56 H: 88 F:30
				87F0BD E8          INX                    A:20FE X:07E1 Y:0008 S:012A D:1628 DB:86 nvmxdizc V: 56 H: 91 F:30
				87F0BE 1A          INC                    A:20FE X:07E2 Y:0008 S:012A D:1628 DB:86 nvmxdizc V: 56 H: 94 F:30
				87F0BF 9F 00 E0 7F STA $7FE000,X [7FE7E2] A:20FF X:07E2 Y:0008 S:012A D:1628 DB:86 nvmxdizc V: 56 H: 97 F:30
				87F0C3 E8          INX                    A:20FF X:07E2 Y:0008 S:012A D:1628 DB:86 nvmxdizc V: 56 H:107 F:30
				87F0C4 E8          INX                    A:20FF X:07E3 Y:0008 S:012A D:1628 DB:86 nvmxdizc V: 56 H:110 F:30
				87F0C5 88          DEY                    A:20FF X:07E4 Y:0008 S:012A D:1628 DB:86 nvmxdizc V: 56 H:113 F:30
				87F0C6 D0 EF       BNE $00EF     [87F0B7] A:20FF X:07E4 Y:0007 S:012A D:1628 DB:86 nvmxdizc V: 56 H:116 F:30
				87F0B7 3A          DEC                    A:20FF X:07E4 Y:0007 S:012A D:1628 DB:86 nvmxdizc V: 56 H:121 F:30
				87F0B8 9F 00 E0 7F STA $7FE000,X [7FE7E4] A:20FE X:07E4 Y:0007 S:012A D:1628 DB:86 nvmxdizc V: 56 H:124 F:30
				87F0BC E8          INX                    A:20FE X:07E4 Y:0007 S:012A D:1628 DB:86 nvmxdizc V: 56 H:144 F:30
				87F0BD E8          INX                    A:20FE X:07E5 Y:0007 S:012A D:1628 DB:86 nvmxdizc V: 56 H:147 F:30
				87F0BE 1A          INC                    A:20FE X:07E6 Y:0007 S:012A D:1628 DB:86 nvmxdizc V: 56 H:150 F:30
				87F0BF 9F 00 E0 7F STA $7FE000,X [7FE7E6] A:20FF X:07E6 Y:0007 S:012A D:1628 DB:86 nvmxdizc V: 56 H:153 F:30
				87F0C3 E8          INX                    A:20FF X:07E6 Y:0007 S:012A D:1628 DB:86 nvmxdizc V: 56 H:163 F:30
				87F0C4 E8          INX                    A:20FF X:07E7 Y:0007 S:012A D:1628 DB:86 nvmxdizc V: 56 H:166 F:30
				87F0C5 88          DEY                    A:20FF X:07E8 Y:0007 S:012A D:1628 DB:86 nvmxdizc V: 56 H:169 F:30
				87F0C6 D0 EF       BNE $00EF     [87F0B7] A:20FF X:07E8 Y:0006 S:012A D:1628 DB:86 nvmxdizc V: 56 H:172 F:30
				87F0B7 3A          DEC                    A:20FF X:07E8 Y:0006 S:012A D:1628 DB:86 nvmxdizc V: 56 H:176 F:30
				87F0B8 9F 00 E0 7F STA $7FE000,X [7FE7E8] A:20FE X:07E8 Y:0006 S:012A D:1628 DB:86 nvmxdizc V: 56 H:179 F:30
				87F0BC E8          INX                    A:20FE X:07E8 Y:0006 S:012A D:1628 DB:86 nvmxdizc V: 56 H:189 F:30
				87F0BD E8          INX                    A:20FE X:07E9 Y:0006 S:012A D:1628 DB:86 nvmxdizc V: 56 H:192 F:30
				87F0BE 1A          INC                    A:20FE X:07EA Y:0006 S:012A D:1628 DB:86 nvmxdizc V: 56 H:195 F:30
				87F0BF 9F 00 E0 7F STA $7FE000,X [7FE7EA] A:20FF X:07EA Y:0006 S:012A D:1628 DB:86 nvmxdizc V: 56 H:198 F:30
				87F0C3 E8          INX                    A:20FF X:07EA Y:0006 S:012A D:1628 DB:86 nvmxdizc V: 56 H:208 F:30
				87F0C4 E8          INX                    A:20FF X:07EB Y:0006 S:012A D:1628 DB:86 nvmxdizc V: 56 H:211 F:30
				87F0C5 88          DEY                    A:20FF X:07EC Y:0006 S:012A D:1628 DB:86 nvmxdizc V: 56 H:214 F:30
				87F0C6 D0 EF       BNE $00EF     [87F0B7] A:20FF X:07EC Y:0005 S:012A D:1628 DB:86 nvmxdizc V: 56 H:217 F:30
				87F0B7 3A          DEC                    A:20FF X:07EC Y:0005 S:012A D:1628 DB:86 nvmxdizc V: 56 H:222 F:30
				87F0B8 9F 00 E0 7F STA $7FE000,X [7FE7EC] A:20FE X:07EC Y:0005 S:012A D:1628 DB:86 nvmxdizc V: 56 H:225 F:30
				87F0BC E8          INX                    A:20FE X:07EC Y:0005 S:012A D:1628 DB:86 nvmxdizc V: 56 H:235 F:30
				87F0BD E8          INX                    A:20FE X:07ED Y:0005 S:012A D:1628 DB:86 nvmxdizc V: 56 H:238 F:30
				87F0BE 1A          INC                    A:20FE X:07EE Y:0005 S:012A D:1628 DB:86 nvmxdizc V: 56 H:241 F:30
				87F0BF 9F 00 E0 7F STA $7FE000,X [7FE7EE] A:20FF X:07EE Y:0005 S:012A D:1628 DB:86 nvmxdizc V: 56 H:244 F:30
				87F0C3 E8          INX                    A:20FF X:07EE Y:0005 S:012A D:1628 DB:86 nvmxdizc V: 56 H:254 F:30
				87F0C4 E8          INX                    A:20FF X:07EF Y:0005 S:012A D:1628 DB:86 nvmxdizc V: 56 H:257 F:30
				87F0C5 88          DEY                    A:20FF X:07F0 Y:0005 S:012A D:1628 DB:86 nvmxdizc V: 56 H:260 F:30
				87F0C6 D0 EF       BNE $00EF     [87F0B7] A:20FF X:07F0 Y:0004 S:012A D:1628 DB:86 nvmxdizc V: 56 H:263 F:30
				87F0B7 3A          DEC                    A:20FF X:07F0 Y:0004 S:012A D:1628 DB:86 nvmxdizc V: 56 H:267 F:30
				87F0B8 9F 00 E0 7F STA $7FE000,X [7FE7F0] A:20FE X:07F0 Y:0004 S:012A D:1628 DB:86 nvmxdizc V: 56 H:270 F:30
				87F0BC E8          INX                    A:20FE X:07F0 Y:0004 S:012A D:1628 DB:86 nvmxdizc V: 56 H:280 F:30
				87F0BD E8          INX                    A:20FE X:07F1 Y:0004 S:012A D:1628 DB:86 nvmxdizc V: 56 H:283 F:30
				87F0BE 1A          INC                    A:20FE X:07F2 Y:0004 S:012A D:1628 DB:86 nvmxdizc V: 56 H:286 F:30
				87F0BF 9F 00 E0 7F STA $7FE000,X [7FE7F2] A:20FF X:07F2 Y:0004 S:012A D:1628 DB:86 nvmxdizc V: 56 H:289 F:30
				87F0C3 E8          INX                    A:20FF X:07F2 Y:0004 S:012A D:1628 DB:86 nvmxdizc V: 56 H:299 F:30
				87F0C4 E8          INX                    A:20FF X:07F3 Y:0004 S:012A D:1628 DB:86 nvmxdizc V: 56 H:302 F:30
				87F0C5 88          DEY                    A:20FF X:07F4 Y:0004 S:012A D:1628 DB:86 nvmxdizc V: 56 H:305 F:30
				87F0C6 D0 EF       BNE $00EF     [87F0B7] A:20FF X:07F4 Y:0003 S:012A D:1628 DB:86 nvmxdizc V: 56 H:308 F:30
				87F0B7 3A          DEC                    A:20FF X:07F4 Y:0003 S:012A D:1628 DB:86 nvmxdizc V: 56 H:313 F:30
				87F0B8 9F 00 E0 7F STA $7FE000,X [7FE7F4] A:20FE X:07F4 Y:0003 S:012A D:1628 DB:86 nvmxdizc V: 56 H:316 F:30
				87F0BC E8          INX                    A:20FE X:07F4 Y:0003 S:012A D:1628 DB:86 nvmxdizc V: 56 H:325 F:30
				87F0BD E8          INX                    A:20FE X:07F5 Y:0003 S:012A D:1628 DB:86 nvmxdizc V: 56 H:328 F:30
				87F0BE 1A          INC                    A:20FE X:07F6 Y:0003 S:012A D:1628 DB:86 nvmxdizc V: 56 H:331 F:30
				87F0BF 9F 00 E0 7F STA $7FE000,X [7FE7F6] A:20FF X:07F6 Y:0003 S:012A D:1628 DB:86 nvmxdizc V: 56 H:334 F:30
				87F0C3 E8          INX                    A:20FF X:07F6 Y:0003 S:012A D:1628 DB:86 nvmxdizc V: 57 H:  4 F:30
				87F0C4 E8          INX                    A:20FF X:07F7 Y:0003 S:012A D:1628 DB:86 nvmxdizc V: 57 H:  7 F:30
				87F0C5 88          DEY                    A:20FF X:07F8 Y:0003 S:012A D:1628 DB:86 nvmxdizc V: 57 H: 10 F:30
				87F0C6 D0 EF       BNE $00EF     [87F0B7] A:20FF X:07F8 Y:0002 S:012A D:1628 DB:86 nvmxdizc V: 57 H: 13 F:30
				87F0B7 3A          DEC                    A:20FF X:07F8 Y:0002 S:012A D:1628 DB:86 nvmxdizc V: 57 H: 17 F:30
				87F0B8 9F 00 E0 7F STA $7FE000,X [7FE7F8] A:20FE X:07F8 Y:0002 S:012A D:1628 DB:86 nvmxdizc V: 57 H: 20 F:30
				87F0BC E8          INX                    A:20FE X:07F8 Y:0002 S:012A D:1628 DB:86 nvmxdizc V: 57 H: 30 F:30
				87F0BD E8          INX                    A:20FE X:07F9 Y:0002 S:012A D:1628 DB:86 nvmxdizc V: 57 H: 33 F:30
				87F0BE 1A          INC                    A:20FE X:07FA Y:0002 S:012A D:1628 DB:86 nvmxdizc V: 57 H: 36 F:30
				87F0BF 9F 00 E0 7F STA $7FE000,X [7FE7FA] A:20FF X:07FA Y:0002 S:012A D:1628 DB:86 nvmxdizc V: 57 H: 39 F:30
				87F0C3 E8          INX                    A:20FF X:07FA Y:0002 S:012A D:1628 DB:86 nvmxdizc V: 57 H: 49 F:30
				87F0C4 E8          INX                    A:20FF X:07FB Y:0002 S:012A D:1628 DB:86 nvmxdizc V: 57 H: 52 F:30
				87F0C5 88          DEY                    A:20FF X:07FC Y:0002 S:012A D:1628 DB:86 nvmxdizc V: 57 H: 55 F:30
				87F0C6 D0 EF       BNE $00EF     [87F0B7] A:20FF X:07FC Y:0001 S:012A D:1628 DB:86 nvmxdizc V: 57 H: 58 F:30
				87F0B7 3A          DEC                    A:20FF X:07FC Y:0001 S:012A D:1628 DB:86 nvmxdizc V: 57 H: 63 F:30
				87F0B8 9F 00 E0 7F STA $7FE000,X [7FE7FC] A:20FE X:07FC Y:0001 S:012A D:1628 DB:86 nvmxdizc V: 57 H: 66 F:30
				87F0BC E8          INX                    A:20FE X:07FC Y:0001 S:012A D:1628 DB:86 nvmxdizc V: 57 H: 76 F:30
				87F0BD E8          INX                    A:20FE X:07FD Y:0001 S:012A D:1628 DB:86 nvmxdizc V: 57 H: 79 F:30
				87F0BE 1A          INC                    A:20FE X:07FE Y:0001 S:012A D:1628 DB:86 nvmxdizc V: 57 H: 82 F:30
				87F0BF 9F 00 E0 7F STA $7FE000,X [7FE7FE] A:20FF X:07FE Y:0001 S:012A D:1628 DB:86 nvmxdizc V: 57 H: 85 F:30
				87F0C3 E8          INX                    A:20FF X:07FE Y:0001 S:012A D:1628 DB:86 nvmxdizc V: 57 H: 95 F:30
				87F0C4 E8          INX                    A:20FF X:07FF Y:0001 S:012A D:1628 DB:86 nvmxdizc V: 57 H: 98 F:30
				87F0C5 88          DEY                    A:20FF X:0800 Y:0001 S:012A D:1628 DB:86 nvmxdizc V: 57 H:101 F:30
				87F0C6 D0 EF       BNE $00EF     [87F0B7] A:20FF X:0800 Y:0000 S:012A D:1628 DB:86 nvmxdiZc V: 57 H:104 F:30
				87F0C8 E0 00 08    CPX #$0800             A:20FF X:0800 Y:0000 S:012A D:1628 DB:86 nvmxdiZc V: 57 H:107 F:30
				87F0CB 90 C9       BCC $00C9     [87F096] A:20FF X:0800 Y:0000 S:012A D:1628 DB:86 nvmxdiZC V: 57 H:111 F:30
				87F0CD E2 10       SEP #$10               A:20FF X:0800 Y:0000 S:012A D:1628 DB:86 nvmxdiZC V: 57 H:114 F:30
				87F0CF AE A3 00    LDX $00A3     [8600A3] A:20FF X:0000 Y:0000 S:012A D:1628 DB:86 nvmXdiZC V: 57 H:119 F:30
				87F0D2 A9 00 08    LDA #$0800             A:20FF X:0008 Y:0000 S:012A D:1628 DB:86 nvmXdizC V: 57 H:125 F:30
				87F0D5 9D 01 05    STA $0501,X   [860509] A:0800 X:0008 Y:0000 S:012A D:1628 DB:86 nvmXdizC V: 57 H:130 F:30
				87F0D8 9D 03 05    STA $0503,X   [86050B] A:0800 X:0008 Y:0000 S:012A D:1628 DB:86 nvmXdizC V: 57 H:150 F:30
				87F0DB A9 00 E0    LDA #$E000             A:0800 X:0008 Y:0000 S:012A D:1628 DB:86 nvmXdizC V: 57 H:160 F:30
				87F0DE 9D 05 05    STA $0505,X   [86050D] A:E000 X:0008 Y:0000 S:012A D:1628 DB:86 NvmXdizC V: 57 H:164 F:30
				87F0E1 E2 20       SEP #$20               A:E000 X:0008 Y:0000 S:012A D:1628 DB:86 NvmXdizC V: 57 H:174 F:30
				87F0E3 A9 7F       LDA #$7F               A:E000 X:0008 Y:0000 S:012A D:1628 DB:86 NvMXdizC V: 57 H:179 F:30
				87F0E5 9D 07 05    STA $0507,X   [86050F] A:E07F X:0008 Y:0000 S:012A D:1628 DB:86 nvMXdizC V: 57 H:182 F:30
				87F0E8 A9 80       LDA #$80               A:E07F X:0008 Y:0000 S:012A D:1628 DB:86 nvMXdizC V: 57 H:190 F:30
				87F0EA 9D 00 05    STA $0500,X   [860508] A:E080 X:0008 Y:0000 S:012A D:1628 DB:86 NvMXdizC V: 57 H:193 F:30
				87F0ED 8A          TXA                    A:E080 X:0008 Y:0000 S:012A D:1628 DB:86 NvMXdizC V: 57 H:201 F:30
				87F0EE 18          CLC                    A:E008 X:0008 Y:0000 S:012A D:1628 DB:86 nvMXdizC V: 57 H:204 F:30
				87F0EF 69 08       ADC #$08               A:E008 X:0008 Y:0000 S:012A D:1628 DB:86 nvMXdizc V: 57 H:207 F:30
				87F0F1 8D A3 00    STA $00A3     [8600A3] A:E010 X:0008 Y:0000 S:012A D:1628 DB:86 nvMXdizc V: 57 H:210 F:30
				87F0F4 60          RTS                    A:E010 X:0008 Y:0000 S:012A D:1628 DB:86 nvMXdizc V: 57 H:216 F:30

			87F027 A9 73       LDA #$73               A:E010 X:0008 Y:0000 S:012C D:1628 DB:86 nvMXdizc V: 57 H:226 F:30			A = #$73
			87F029 22 CD 88 80 JSL $8088CD   [8088CD] A:E073 X:0008 Y:0000 S:012C D:1628 DB:86 nvMXdizc V: 57 H:229 F:30			JSL $8088CD --> Unknown. Does something with table starting in $0B72. Uses pointer in $0BA3.

				8088CD DA          PHX                    A:E073 X:0008 Y:0000 S:0129 D:1628 DB:86 nvMXdizc V: 57 H:243 F:30
				8088CE 5A          PHY                    A:E073 X:0008 Y:0000 S:0128 D:1628 DB:86 nvMXdizc V: 57 H:248 F:30
				8088CF 08          PHP                    A:E073 X:0008 Y:0000 S:0127 D:1628 DB:86 nvMXdizc V: 57 H:253 F:30
				8088D0 E2 10       SEP #$10               A:E073 X:0008 Y:0000 S:0126 D:1628 DB:86 nvMXdizc V: 57 H:258 F:30
				8088D2 A0 00       LDY #$00               A:E073 X:0008 Y:0000 S:0126 D:1628 DB:86 nvMXdizc V: 57 H:262 F:30		Y = #$00
				8088D4 E2 31       SEP #$31               A:E073 X:0008 Y:0000 S:0126 D:1628 DB:86 nvMXdiZc V: 57 H:265 F:30
				8088D6 AE A3 0B    LDX $0BA3     [860BA3] A:E073 X:0008 Y:0000 S:0126 D:1628 DB:86 nvMXdiZC V: 57 H:270 F:30		X = $0BA3
				8088D9 9D 72 0B    STA $0B72,X   [860B8A] A:E073 X:0018 Y:0000 S:0126 D:1628 DB:86 nvMXdizC V: 57 H:276 F:30		$0B72,X = A
				8088DC 98          TYA                    A:E073 X:0018 Y:0000 S:0126 D:1628 DB:86 nvMXdizC V: 57 H:284 F:30
				8088DD 9D 73 0B    STA $0B73,X   [860B8B] A:E000 X:0018 Y:0000 S:0126 D:1628 DB:86 nvMXdiZC V: 57 H:287 F:30		$0B73,X = #$00
				8088E0 E8          INX                    A:E000 X:0018 Y:0000 S:0126 D:1628 DB:86 nvMXdiZC V: 57 H:295 F:30
				8088E1 E8          INX                    A:E000 X:0019 Y:0000 S:0126 D:1628 DB:86 nvMXdizC V: 57 H:298 F:30		X = X + #$02
				8088E2 8A          TXA                    A:E000 X:001A Y:0000 S:0126 D:1628 DB:86 nvMXdizC V: 57 H:301 F:30
				8088E3 29 1E       AND #$1E               A:E01A X:001A Y:0000 S:0126 D:1628 DB:86 nvMXdizC V: 57 H:304 F:30		A = (X AND #$1E)
				8088E5 8D A3 0B    STA $0BA3     [860BA3] A:E01A X:001A Y:0000 S:0126 D:1628 DB:86 nvMXdizC V: 57 H:307 F:30		$0BA3 = A
				8088E8 28          PLP                    A:E01A X:001A Y:0000 S:0126 D:1628 DB:86 nvMXdizC V: 57 H:314 F:30
				8088E9 7A          PLY                    A:E01A X:001A Y:0000 S:0127 D:1628 DB:86 nvMXdizc V: 57 H:320 F:30
				8088EA FA          PLX                    A:E01A X:001A Y:0000 S:0128 D:1628 DB:86 nvMXdiZc V: 57 H:326 F:30
				8088EB 6B          RTL                    A:E01A X:0008 Y:0000 S:0129 D:1628 DB:86 nvMXdizc V: 57 H:332 F:30

			87F02D 4C F5 F0    JMP $F0F5     [87F0F5] A:E01A X:0008 Y:0000 S:012C D:1628 DB:86 nvMXdizc V: 58 H:  3 F:30

			87F0F5 A0 27       LDY #$27               A:E01A X:0008 Y:0000 S:012C D:1628 DB:86 nvMXdizc V: 58 H:  7 F:30
			87F0F7 B1 0C       LDA ($0C),Y   [860E8F] A:E01A X:0008 Y:0027 S:012C D:1628 DB:86 nvMXdizc V: 58 H: 10 F:30
			87F0F9 29 7F       AND #$7F               A:E020 X:0008 Y:0027 S:012C D:1628 DB:86 nvMXdizc V: 58 H: 21 F:30
			87F0FB D0 12       BNE $0012     [87F10F] A:E020 X:0008 Y:0027 S:012C D:1628 DB:86 nvMXdizc V: 58 H: 24 F:30			Branch because E-HP <> #$00
			87F10F 60          RTS                    A:E020 X:0008 Y:0027 S:012C D:1628 DB:86 nvMXdizc V: 58 H: 28 F:30			Return

		87EF97 5C B4 80 82 JML $8280B4   [8280B4] A:E020 X:0008 Y:0027 S:012E D:1628 DB:86 nvMXdizc V: 58 H: 38 F:30

		8280B4 C2 20       REP #$20               A:E020 X:0008 Y:0027 S:012E D:1628 DB:86 nvMXdizc V: 58 H: 44 F:30			Normal routine after action
		8280B6 38          SEC                    A:E020 X:0008 Y:0027 S:012E D:1628 DB:86 nvmXdizc V: 58 H: 49 F:30
		8280B7 A5 05       LDA $05       [00162D] A:E020 X:0008 Y:0027 S:012E D:1628 DB:86 nvmXdizC V: 58 H: 52 F:30
		8280B9 ED 4D 1E    SBC $1E4D     [861E4D] A:1E80 X:0008 Y:0027 S:012E D:1628 DB:86 nvmXdizC V: 58 H: 60 F:30
		8280BC 18          CLC                    A:0080 X:0008 Y:0027 S:012E D:1628 DB:86 nvmXdizC V: 58 H: 69 F:30
		8280BD 69 20 00    ADC #$0020             A:0080 X:0008 Y:0027 S:012E D:1628 DB:86 nvmXdizc V: 58 H: 72 F:30
		8280C0 C9 40 01    CMP #$0140             A:00A0 X:0008 Y:0027 S:012E D:1628 DB:86 nvmXdizc V: 58 H: 76 F:30
		8280C3 B0 0F       BCS $000F     [8280D4] A:00A0 X:0008 Y:0027 S:012E D:1628 DB:86 NvmXdizc V: 58 H: 81 F:30
		8280C5 38          SEC                    A:00A0 X:0008 Y:0027 S:012E D:1628 DB:86 NvmXdizc V: 58 H: 84 F:30
		8280C6 A5 08       LDA $08       [001630] A:00A0 X:0008 Y:0027 S:012E D:1628 DB:86 NvmXdizC V: 58 H: 87 F:30
		8280C8 ED 50 1E    SBC $1E50     [861E50] A:011C X:0008 Y:0027 S:012E D:1628 DB:86 nvmXdizC V: 58 H: 95 F:30
		8280CB 18          CLC                    A:001C X:0008 Y:0027 S:012E D:1628 DB:86 nvmXdizC V: 58 H:104 F:30
		8280CC 69 10 00    ADC #$0010             A:001C X:0008 Y:0027 S:012E D:1628 DB:86 nvmXdizc V: 58 H:107 F:30
		8280CF C9 00 01    CMP #$0100             A:002C X:0008 Y:0027 S:012E D:1628 DB:86 nvmXdizc V: 58 H:111 F:30
		8280D2 90 05       BCC $0005     [8280D9] A:002C X:0008 Y:0027 S:012E D:1628 DB:86 NvmXdizc V: 58 H:116 F:30
		8280D9 E2 20       SEP #$20               A:002C X:0008 Y:0027 S:012E D:1628 DB:86 NvmXdizc V: 58 H:120 F:30
		8280DB A9 81       LDA #$81               A:002C X:0008 Y:0027 S:012E D:1628 DB:86 NvMXdizc V: 58 H:125 F:30
		8280DD 85 0E       STA $0E       [001636] A:0081 X:0008 Y:0027 S:012E D:1628 DB:86 NvMXdizc V: 58 H:128 F:30
		8280DF E2 30       SEP #$30               A:0081 X:0008 Y:0027 S:012E D:1628 DB:86 NvMXdizc V: 58 H:144 F:30
		8280E1 A6 12       LDX $12       [00163A] A:0081 X:0008 Y:0027 S:012E D:1628 DB:86 NvMXdizc V: 58 H:149 F:30
		8280E3 10 02       BPL $0002     [8280E7] A:0081 X:0004 Y:0027 S:012E D:1628 DB:86 nvMXdizc V: 58 H:155 F:30
		8280E7 7C EA 80    JMP ($80EA,X) [8280EE] A:0081 X:0004 Y:0027 S:012E D:1628 DB:86 nvMXdizc V: 58 H:160 F:30

		828135 AD EA 00    LDA $00EA     [8600EA] A:0081 X:0004 Y:0027 S:012E D:1628 DB:86 nvMXdizc V: 58 H:169 F:30
		828138 C9 20       CMP #$20               A:0000 X:0004 Y:0027 S:012E D:1628 DB:86 nvMXdiZc V: 58 H:175 F:30
		82813A B0 0D       BCS $000D     [828149] A:0000 X:0004 Y:0027 S:012E D:1628 DB:86 NvMXdizc V: 58 H:178 F:30
		82813C 0A          ASL A                  A:0000 X:0004 Y:0027 S:012E D:1628 DB:86 NvMXdizc V: 58 H:181 F:30
		82813D AA          TAX                    A:0000 X:0004 Y:0027 S:012E D:1628 DB:86 nvMXdiZc V: 58 H:184 F:30
		82813E C2 20       REP #$20               A:0000 X:0000 Y:0027 S:012E D:1628 DB:86 nvMXdiZc V: 58 H:187 F:30
		828140 7B          TDC                    A:0000 X:0000 Y:0027 S:012E D:1628 DB:86 nvmXdiZc V: 58 H:192 F:30
		828141 9D E0 09    STA $09E0,X   [8609E0] A:1628 X:0000 Y:0027 S:012E D:1628 DB:86 nvmXdizc V: 58 H:195 F:30
		828144 E2 20       SEP #$20               A:1628 X:0000 Y:0027 S:012E D:1628 DB:86 nvmXdizc V: 58 H:205 F:30
		828146 EE EA 00    INC $00EA     [8600EA] A:1628 X:0000 Y:0027 S:012E D:1628 DB:86 nvMXdizc V: 58 H:209 F:30
		828149 6B          RTL                    A:1628 X:0000 Y:0027 S:012E D:1628 DB:86 nvMXdizc V: 58 H:219 F:30

	80F3A4 60          RTS                    A:1628 X:0000 Y:0027 S:0131 D:1628 DB:86 nvMXdizc V: 58 H:230 F:30

80D2ED AD 16 1F    LDA $1F16     [861F16] A:1628 X:0000 Y:0027 S:0133 D:1628 DB:86 nvMXdizc V: 58 H:240 F:30
