80D4F6 20 30 D5    JSR $D530     [80D530] A:0E01 X:0000 Y:009B S:0133 D:0E68 DB:86 nvMXdizC V:247 H:163 F:14

	80D530 C2 20       REP #$20               A:0E01 X:0000 Y:009B S:0131 D:0E68 DB:86 nvMXdizC V:247 H:173 F:14
	80D532 A5 05       LDA $05       [000E6D] A:0E01 X:0000 Y:009B S:0131 D:0E68 DB:86 nvmXdizC V:247 H:177 F:14
	80D534 85 22       STA $22       [000E8A] A:076F X:0000 Y:009B S:0131 D:0E68 DB:86 nvmXdizC V:247 H:186 F:14
	80D536 A5 08       LDA $08       [000E70] A:076F X:0000 Y:009B S:0131 D:0E68 DB:86 nvmXdizC V:247 H:194 F:14
	80D538 85 24       STA $24       [000E8C] A:00A8 X:0000 Y:009B S:0131 D:0E68 DB:86 nvmXdizC V:247 H:203 F:14
	80D53A E2 20       SEP #$20               A:00A8 X:0000 Y:009B S:0131 D:0E68 DB:86 nvmXdizC V:247 H:211 F:14
	80D53C A9 80       LDA #$80               A:00A8 X:0000 Y:009B S:0131 D:0E68 DB:86 nvMXdizC V:247 H:216 F:14
	80D53E 14 0E       TRB $0E       [000E76] A:0080 X:0000 Y:009B S:0131 D:0E68 DB:86 NvMXdizC V:247 H:219 F:14
	80D540 A5 0A       LDA $0A       [000E72] A:0080 X:0000 Y:009B S:0131 D:0E68 DB:86 NvMXdizC V:247 H:229 F:14
	80D542 0A          ASL A                  A:0005 X:0000 Y:009B S:0131 D:0E68 DB:86 nvMXdizC V:247 H:235 F:14
	80D543 AA          TAX                    A:000A X:0000 Y:009B S:0131 D:0E68 DB:86 nvMXdizc V:247 H:238 F:14
	80D544 7C DD F8    JMP ($F8DD,X) [80F8E7] A:000A X:000A Y:009B S:0131 D:0E68 DB:86 nvMXdizc V:247 H:241 F:14

	80F9CA 22 7E 8A 87 JSL $878A7E   [878A7E] A:000A X:000A Y:009B S:0131 D:0E68 DB:86 nvMXdizc V:247 H:250 F:14

		878A7E A6 01       LDX $01       [000E69] A:000A X:000A Y:009B S:012E D:0E68 DB:86 nvMXdizc V:247 H:264 F:14
		878A80 7C 83 8A    JMP ($8A83,X) [878A87] A:000A X:0004 Y:009B S:012E D:0E68 DB:86 nvMXdizc V:247 H:270 F:14

		878C1A A5 33       LDA $33       [000E9B] A:000A X:0004 Y:009B S:012E D:0E68 DB:86 nvMXdizc V:247 H:279 F:14
		878C1C 04 11       TSB $11       [000E79] A:0008 X:0004 Y:009B S:012E D:0E68 DB:86 nvMXdizc V:247 H:286 F:14
		878C1E A6 02       LDX $02       [000E6A] A:0008 X:0004 Y:009B S:012E D:0E68 DB:86 nvMXdiZc V:247 H:296 F:14
		878C20 FC F2 8C    JSR ($8CF2,X) [878CFA] A:0008 X:0008 Y:009B S:012E D:0E68 DB:86 nvMXdizc V:247 H:302 F:14

			878FF4 22 EA 8E 84 JSL $848EEA   [848EEA] A:0008 X:0008 Y:009B S:012C D:0E68 DB:86 nvMXdizc V:247 H:315 F:14		JSL $848EEA --> Decrease CDSkel, Continue Skeleton

				848EEA 08          PHP                    A:0008 X:0008 Y:009B S:0129 D:0E68 DB:86 nvMXdizc V:247 H:328 F:14
				848EEB 8B          PHB                    A:0008 X:0008 Y:009B S:0128 D:0E68 DB:86 nvMXdizc V:247 H:333 F:14
				848EEC E2 30       SEP #$30               A:0008 X:0008 Y:009B S:0127 D:0E68 DB:86 nvMXdizc V:247 H:338 F:14
				848EEE C6 13       DEC $13       [000E7B] A:0008 X:0008 Y:009B S:0127 D:0E68 DB:86 nvMXdizc V:248 H:  2 F:14
				848EF0 D0 5D       BNE $005D     [848F4F] A:0008 X:0008 Y:009B S:0127 D:0E68 DB:86 nvMXdizc V:248 H: 12 F:14
				848F4F AB          PLB                    A:0008 X:0008 Y:009B S:0127 D:0E68 DB:86 nvMXdizc V:248 H: 17 F:14
				848F50 28          PLP                    A:0008 X:0008 Y:009B S:0128 D:0E68 DB:86 NvMXdizc V:248 H: 23 F:14
				848F51 6B          RTL                    A:0008 X:0008 Y:009B S:0129 D:0E68 DB:86 nvMXdizc V:248 H: 30 F:14

			878FF8 A5 11       LDA $11       [000E79] A:0008 X:0008 Y:009B S:012C D:0E68 DB:86 nvMXdizc V:248 H: 40 F:14
			878FFA 0A          ASL A                  A:0069 X:0008 Y:009B S:012C D:0E68 DB:86 nvMXdizc V:248 H: 47 F:14
			878FFB 0A          ASL A                  A:00D2 X:0008 Y:009B S:012C D:0E68 DB:86 NvMXdizc V:248 H: 50 F:14
			878FFC C2 20       REP #$20               A:00A4 X:0008 Y:009B S:012C D:0E68 DB:86 NvMXdizC V:248 H: 53 F:14
			878FFE A5 05       LDA $05       [000E6D] A:00A4 X:0008 Y:009B S:012C D:0E68 DB:86 NvmXdizC V:248 H: 57 F:14		|E-X-Pos = E-X-Pos + (#$02 if Facing Left, -#$02 if Facing Right)
			879000 90 04       BCC $0004     [879006] A:076F X:0008 Y:009B S:012C D:0E68 DB:86 nvmXdizC V:248 H: 66 F:14		|
			879002 3A          DEC                    A:076F X:0008 Y:009B S:012C D:0E68 DB:86 nvmXdizC V:248 H: 69 F:14		|
			879003 3A          DEC                    A:076E X:0008 Y:009B S:012C D:0E68 DB:86 nvmXdizC V:248 H: 72 F:14		|
			879004 80 02       BRA $0002     [879008] A:076D X:0008 Y:009B S:012C D:0E68 DB:86 nvmXdizC V:248 H: 75 F:14		|
			879008 85 05       STA $05       [000E6D] A:076D X:0008 Y:009B S:012C D:0E68 DB:86 nvmXdizC V:248 H: 79 F:14		|
			87900A E2 20       SEP #$20               A:076D X:0008 Y:009B S:012C D:0E68 DB:86 nvmXdizC V:248 H: 88 F:14
			87900C 22 BE 91 84 JSL $8491BE   [8491BE] A:076D X:0008 Y:009B S:012C D:0E68 DB:86 nvMXdizC V:248 H: 92 F:14		JSL $8491BE --> Check for colissions, adjust position, update Contact

				8491BE 08          PHP                    A:076D X:0008 Y:009B S:0129 D:0E68 DB:86 nvMXdizC V:248 H:106 F:14
				8491BF 0B          PHD                    A:076D X:0008 Y:009B S:0128 D:0E68 DB:86 nvMXdizC V:248 H:111 F:14
				8491C0 C2 30       REP #$30               A:076D X:0008 Y:009B S:0126 D:0E68 DB:86 nvMXdizC V:248 H:118 F:14
				8491C2 A5 20       LDA $20       [000E88] A:076D X:0008 Y:009B S:0126 D:0E68 DB:86 nvmxdizC V:248 H:122 F:14
				8491C4 F0 15       BEQ $0015     [8491DB] A:C58D X:0008 Y:009B S:0126 D:0E68 DB:86 NvmxdizC V:248 H:131 F:14
				8491C6 7B          TDC                    A:C58D X:0008 Y:009B S:0126 D:0E68 DB:86 NvmxdizC V:248 H:144 F:14
				8491C7 AA          TAX                    A:0E68 X:0008 Y:009B S:0126 D:0E68 DB:86 nvmxdizC V:248 H:147 F:14
				8491C8 A9 00 00    LDA #$0000             A:0E68 X:0E68 Y:009B S:0126 D:0E68 DB:86 nvmxdizC V:248 H:150 F:14
				8491CB 5B          TCD                    A:0000 X:0E68 Y:009B S:0126 D:0E68 DB:86 nvmxdiZC V:248 H:154 F:14
				8491CC 64 14       STZ $14       [000014] A:0000 X:0E68 Y:009B S:0126 D:0000 DB:86 nvmxdiZC V:248 H:157 F:14
				8491CE B5 2B       LDA $2B,X     [000E93] A:0000 X:0E68 Y:009B S:0126 D:0000 DB:86 nvmxdiZC V:248 H:164 F:14
				8491D0 29 00 FF    AND #$FF00             A:0004 X:0E68 Y:009B S:0126 D:0000 DB:86 nvmxdizC V:248 H:173 F:14
				8491D3 95 2B       STA $2B,X     [000E93] A:0000 X:0E68 Y:009B S:0126 D:0000 DB:86 nvmxdiZC V:248 H:177 F:14
				8491D5 20 AC 92    JSR $92AC     [8492AC] A:0000 X:0E68 Y:009B S:0126 D:0000 DB:86 nvmxdiZC V:248 H:186 F:14

				8492AC C2 30       REP #$30               A:0000 X:0E68 Y:009B S:0124 D:0000 DB:86 nvmxdiZC V:248 H:196 F:14
				8492AE B5 05       LDA $05,X     [000E6D] A:0000 X:0E68 Y:009B S:0124 D:0000 DB:86 nvmxdiZC V:248 H:200 F:14
				8492B0 38          SEC                    A:076D X:0E68 Y:009B S:0124 D:0000 DB:86 nvmxdizC V:248 H:209 F:14
				8492B1 F5 22       SBC $22,X     [000E8A] A:076D X:0E68 Y:009B S:0124 D:0000 DB:86 nvmxdizC V:248 H:212 F:14
				8492B3 85 00       STA $00       [000000] A:FFFE X:0E68 Y:009B S:0124 D:0000 DB:86 Nvmxdizc V:248 H:220 F:14
				8492B5 E2 20       SEP #$20               A:FFFE X:0E68 Y:009B S:0124 D:0000 DB:86 Nvmxdizc V:248 H:227 F:14
				8492B7 F0 4C       BEQ $004C     [849305] A:FFFE X:0E68 Y:009B S:0124 D:0000 DB:86 NvMxdizc V:248 H:232 F:14
				8492B9 B4 20       LDY $20,X     [000E88] A:FFFE X:0E68 Y:009B S:0124 D:0000 DB:86 NvMxdizc V:248 H:235 F:14
				8492BB B9 05 00    LDA $0005,Y   [86C592] A:FFFE X:0E68 Y:C58D S:0124 D:0000 DB:86 NvMxdizc V:248 H:243 F:14
				8492BE 34 11       BIT $11,X     [000E79] A:FF00 X:0E68 Y:C58D S:0124 D:0000 DB:86 nvMxdiZc V:248 H:251 F:14
				8492C0 50 03       BVC $0003     [8492C5] A:FF00 X:0E68 Y:C58D S:0124 D:0000 DB:86 nVMxdiZc V:248 H:257 F:14
				8492C2 49 FF       EOR #$FF               A:FF00 X:0E68 Y:C58D S:0124 D:0000 DB:86 nVMxdiZc V:248 H:260 F:14
				8492C4 1A          INC                    A:FFFF X:0E68 Y:C58D S:0124 D:0000 DB:86 NVMxdizc V:248 H:263 F:14
				8492C5 24 00       BIT $00       [000000] A:FF00 X:0E68 Y:C58D S:0124 D:0000 DB:86 nVMxdiZc V:248 H:266 F:14
				8492C7 10 06       BPL $0006     [8492CF] A:FF00 X:0E68 Y:C58D S:0124 D:0000 DB:86 NVMxdiZc V:248 H:271 F:14
				8492C9 38          SEC                    A:FF00 X:0E68 Y:C58D S:0124 D:0000 DB:86 NVMxdiZc V:248 H:274 F:14
				8492CA F9 07 00    SBC $0007,Y   [86C594] A:FF00 X:0E68 Y:C58D S:0124 D:0000 DB:86 NVMxdiZC V:248 H:277 F:14
				8492CD 80 04       BRA $0004     [8492D3] A:FFF4 X:0E68 Y:C58D S:0124 D:0000 DB:86 NvMxdizc V:248 H:285 F:14
				8492D3 95 29       STA $29,X     [000E91] A:FFF4 X:0E68 Y:C58D S:0124 D:0000 DB:86 NvMxdizc V:248 H:289 F:14
				8492D5 B9 06 00    LDA $0006,Y   [86C593] A:FFF4 X:0E68 Y:C58D S:0124 D:0000 DB:86 NvMxdizc V:248 H:296 F:14
				8492D8 95 2A       STA $2A,X     [000E92] A:FF02 X:0E68 Y:C58D S:0124 D:0000 DB:86 nvMxdizc V:248 H:303 F:14
				8492DA 20 15 93    JSR $9315     [849315] A:FF02 X:0E68 Y:C58D S:0124 D:0000 DB:86 nvMxdizc V:248 H:310 F:14

				849315 20 B3 90    JSR $90B3     [8490B3] A:FF02 X:0E68 Y:C58D S:0122 D:0000 DB:86 nvMxdizc V:248 H:320 F:14

				8490B3 0B          PHD                    A:FF02 X:0E68 Y:C58D S:0120 D:0000 DB:86 nvMxdizc V:248 H:329 F:14
				8490B4 DA          PHX                    A:FF02 X:0E68 Y:C58D S:011E D:0000 DB:86 nvMxdizc V:248 H:336 F:14
				8490B5 08          PHP                    A:FF02 X:0E68 Y:C58D S:011C D:0000 DB:86 nvMxdizc V:249 H:  3 F:14
				8490B6 E2 20       SEP #$20               A:FF02 X:0E68 Y:C58D S:011B D:0000 DB:86 nvMxdizc V:249 H:  8 F:14
				8490B8 C2 10       REP #$10               A:FF02 X:0E68 Y:C58D S:011B D:0000 DB:86 nvMxdizc V:249 H: 12 F:14
				8490BA 64 01       STZ $01       [000001] A:FF02 X:0E68 Y:C58D S:011B D:0000 DB:86 nvMxdizc V:249 H: 17 F:14
				8490BC B5 29       LDA $29,X     [000E91] A:FF02 X:0E68 Y:C58D S:011B D:0000 DB:86 nvMxdizc V:249 H: 22 F:14
				8490BE 10 02       BPL $0002     [8490C2] A:FFF4 X:0E68 Y:C58D S:011B D:0000 DB:86 NvMxdizc V:249 H: 28 F:14
				8490C0 C6 01       DEC $01       [000001] A:FFF4 X:0E68 Y:C58D S:011B D:0000 DB:86 NvMxdizc V:249 H: 31 F:14
				8490C2 18          CLC                    A:FFF4 X:0E68 Y:C58D S:011B D:0000 DB:86 NvMxdizc V:249 H: 40 F:14
				8490C3 75 05       ADC $05,X     [000E6D] A:FFF4 X:0E68 Y:C58D S:011B D:0000 DB:86 NvMxdizc V:249 H: 43 F:14
				8490C5 85 00       STA $00       [000000] A:FF61 X:0E68 Y:C58D S:011B D:0000 DB:86 nvMxdizC V:249 H: 49 F:14
				8490C7 B5 06       LDA $06,X     [000E6E] A:FF61 X:0E68 Y:C58D S:011B D:0000 DB:86 nvMxdizC V:249 H: 54 F:14
				8490C9 65 01       ADC $01       [000001] A:FF07 X:0E68 Y:C58D S:011B D:0000 DB:86 nvMxdizC V:249 H: 61 F:14
				8490CB 85 01       STA $01       [000001] A:FF07 X:0E68 Y:C58D S:011B D:0000 DB:86 nvMxdizC V:249 H: 66 F:14
				8490CD 64 03       STZ $03       [000003] A:FF07 X:0E68 Y:C58D S:011B D:0000 DB:86 nvMxdizC V:249 H: 71 F:14
				8490CF B5 2A       LDA $2A,X     [000E92] A:FF07 X:0E68 Y:C58D S:011B D:0000 DB:86 nvMxdizC V:249 H: 76 F:14
				8490D1 10 02       BPL $0002     [8490D5] A:FF02 X:0E68 Y:C58D S:011B D:0000 DB:86 nvMxdizC V:249 H: 82 F:14
				8490D5 18          CLC                    A:FF02 X:0E68 Y:C58D S:011B D:0000 DB:86 nvMxdizC V:249 H: 87 F:14
				8490D6 75 08       ADC $08,X     [000E70] A:FF02 X:0E68 Y:C58D S:011B D:0000 DB:86 nvMxdizc V:249 H: 90 F:14
				8490D8 85 02       STA $02       [000002] A:FFAA X:0E68 Y:C58D S:011B D:0000 DB:86 NvMxdizc V:249 H: 96 F:14
				8490DA 29 F0       AND #$F0               A:FFAA X:0E68 Y:C58D S:011B D:0000 DB:86 NvMxdizc V:249 H:101 F:14
				8490DC 85 0A       STA $0A       [00000A] A:FFA0 X:0E68 Y:C58D S:011B D:0000 DB:86 NvMxdizc V:249 H:104 F:14
				8490DE B5 09       LDA $09,X     [000E71] A:FFA0 X:0E68 Y:C58D S:011B D:0000 DB:86 NvMxdizc V:249 H:109 F:14
				8490E0 65 03       ADC $03       [000003] A:FF00 X:0E68 Y:C58D S:011B D:0000 DB:86 nvMxdiZc V:249 H:116 F:14
				8490E2 85 03       STA $03       [000003] A:FF00 X:0E68 Y:C58D S:011B D:0000 DB:86 nvMxdiZc V:249 H:121 F:14
				8490E4 85 0B       STA $0B       [00000B] A:FF00 X:0E68 Y:C58D S:011B D:0000 DB:86 nvMxdiZc V:249 H:126 F:14
				8490E6 A5 00       LDA $00       [000000] A:FF00 X:0E68 Y:C58D S:011B D:0000 DB:86 nvMxdiZc V:249 H:131 F:14
				8490E8 29 0F       AND #$0F               A:FF61 X:0E68 Y:C58D S:011B D:0000 DB:86 nvMxdizc V:249 H:146 F:14
				8490EA 1A          INC                    A:FF01 X:0E68 Y:C58D S:011B D:0000 DB:86 nvMxdizc V:249 H:149 F:14
				8490EB 85 0C       STA $0C       [00000C] A:FF02 X:0E68 Y:C58D S:011B D:0000 DB:86 nvMxdizc V:249 H:152 F:14
				8490ED A5 02       LDA $02       [000002] A:FF02 X:0E68 Y:C58D S:011B D:0000 DB:86 nvMxdizc V:249 H:157 F:14
				8490EF 29 0F       AND #$0F               A:FFAA X:0E68 Y:C58D S:011B D:0000 DB:86 NvMxdizc V:249 H:162 F:14
				8490F1 1A          INC                    A:FF0A X:0E68 Y:C58D S:011B D:0000 DB:86 nvMxdizc V:249 H:165 F:14
				8490F2 85 0E       STA $0E       [00000E] A:FF0B X:0E68 Y:C58D S:011B D:0000 DB:86 nvMxdizc V:249 H:168 F:14
				8490F4 C2 20       REP #$20               A:FF0B X:0E68 Y:C58D S:011B D:0000 DB:86 nvMxdizc V:249 H:173 F:14
				8490F6 20 6A 91    JSR $916A     [84916A] A:FF0B X:0E68 Y:C58D S:011B D:0000 DB:86 nvmxdizc V:249 H:177 F:14

				84916A A9 00 E8    LDA #$E800             A:FF0B X:0E68 Y:C58D S:0119 D:0000 DB:86 nvmxdizc V:249 H:187 F:14
				84916D 85 10       STA $10       [000010] A:E800 X:0E68 Y:C58D S:0119 D:0000 DB:86 Nvmxdizc V:249 H:192 F:14
				84916F A9 7E 00    LDA #$007E             A:E800 X:0E68 Y:C58D S:0119 D:0000 DB:86 Nvmxdizc V:249 H:199 F:14
				849172 85 12       STA $12       [000012] A:007E X:0E68 Y:C58D S:0119 D:0000 DB:86 nvmxdizc V:249 H:203 F:14
				849174 A5 02       LDA $02       [000002] A:007E X:0E68 Y:C58D S:0119 D:0000 DB:86 nvmxdizc V:249 H:210 F:14
				849176 29 F0 00    AND #$00F0             A:00AA X:0E68 Y:C58D S:0119 D:0000 DB:86 nvmxdizc V:249 H:217 F:14
				849179 0A          ASL A                  A:00A0 X:0E68 Y:C58D S:0119 D:0000 DB:86 nvmxdizc V:249 H:222 F:14
				84917A 85 04       STA $04       [000004] A:0140 X:0E68 Y:C58D S:0119 D:0000 DB:86 nvmxdizc V:249 H:225 F:14
				84917C A5 00       LDA $00       [000000] A:0140 X:0E68 Y:C58D S:0119 D:0000 DB:86 nvmxdizc V:249 H:232 F:14
				84917E 29 FF 00    AND #$00FF             A:0761 X:0E68 Y:C58D S:0119 D:0000 DB:86 nvmxdizc V:249 H:239 F:14
				849181 4A          LSR A                  A:0061 X:0E68 Y:C58D S:0119 D:0000 DB:86 nvmxdizc V:249 H:243 F:14
				849182 4A          LSR A                  A:0030 X:0E68 Y:C58D S:0119 D:0000 DB:86 nvmxdizC V:249 H:246 F:14
				849183 4A          LSR A                  A:0018 X:0E68 Y:C58D S:0119 D:0000 DB:86 nvmxdizc V:249 H:249 F:14
				849184 29 FE FF    AND #$FFFE             A:000C X:0E68 Y:C58D S:0119 D:0000 DB:86 nvmxdizc V:249 H:252 F:14
				849187 18          CLC                    A:000C X:0E68 Y:C58D S:0119 D:0000 DB:86 nvmxdizc V:249 H:257 F:14
				849188 65 04       ADC $04       [000004] A:000C X:0E68 Y:C58D S:0119 D:0000 DB:86 nvmxdizc V:249 H:260 F:14
				84918A 85 06       STA $06       [000006] A:014C X:0E68 Y:C58D S:0119 D:0000 DB:86 nvmxdizc V:249 H:267 F:14
				84918C A5 00       LDA $00       [000000] A:014C X:0E68 Y:C58D S:0119 D:0000 DB:86 nvmxdizc V:249 H:274 F:14
				84918E EB          XBA                    A:0761 X:0E68 Y:C58D S:0119 D:0000 DB:86 nvmxdizc V:249 H:281 F:14
				84918F 29 1F 00    AND #$001F             A:6107 X:0E68 Y:C58D S:0119 D:0000 DB:86 nvmxdizc V:249 H:285 F:14
				849192 85 04       STA $04       [000004] A:0007 X:0E68 Y:C58D S:0119 D:0000 DB:86 nvmxdizc V:249 H:290 F:14
				849194 A5 02       LDA $02       [000002] A:0007 X:0E68 Y:C58D S:0119 D:0000 DB:86 nvmxdizc V:249 H:297 F:14
				849196 29 00 1F    AND #$1F00             A:00AA X:0E68 Y:C58D S:0119 D:0000 DB:86 nvmxdizc V:249 H:304 F:14
				849199 4A          LSR A                  A:0000 X:0E68 Y:C58D S:0119 D:0000 DB:86 nvmxdiZc V:249 H:308 F:14
				84919A 4A          LSR A                  A:0000 X:0E68 Y:C58D S:0119 D:0000 DB:86 nvmxdiZc V:249 H:311 F:14
				84919B 4A          LSR A                  A:0000 X:0E68 Y:C58D S:0119 D:0000 DB:86 nvmxdiZc V:249 H:314 F:14
				84919C 18          CLC                    A:0000 X:0E68 Y:C58D S:0119 D:0000 DB:86 nvmxdiZc V:249 H:317 F:14
				84919D 65 04       ADC $04       [000004] A:0000 X:0E68 Y:C58D S:0119 D:0000 DB:86 nvmxdiZc V:249 H:320 F:14
				84919F A8          TAY                    A:0007 X:0E68 Y:C58D S:0119 D:0000 DB:86 nvmxdizc V:249 H:327 F:14
				8491A0 B7 10       LDA [$10],Y   [7EE807] A:0007 X:0E68 Y:0007 S:0119 D:0000 DB:86 nvmxdizc V:249 H:329 F:14
				8491A2 29 FF 00    AND #$00FF             A:0003 X:0E68 Y:0007 S:0119 D:0000 DB:86 nvmxdizc V:250 H:  2 F:14
				8491A5 A8          TAY                    A:0003 X:0E68 Y:0007 S:0119 D:0000 DB:86 nvmxdizc V:250 H:  7 F:14
				8491A6 EB          XBA                    A:0003 X:0E68 Y:0003 S:0119 D:0000 DB:86 nvmxdizc V:250 H: 10 F:14
				8491A7 0A          ASL A                  A:0300 X:0E68 Y:0003 S:0119 D:0000 DB:86 nvmxdiZc V:250 H: 14 F:14
				8491A8 18          CLC                    A:0600 X:0E68 Y:0003 S:0119 D:0000 DB:86 nvmxdizc V:250 H: 17 F:14
				8491A9 65 06       ADC $06       [000006] A:0600 X:0E68 Y:0003 S:0119 D:0000 DB:86 nvmxdizc V:250 H: 20 F:14
				8491AB AA          TAX                    A:074C X:0E68 Y:0003 S:0119 D:0000 DB:86 nvmxdizc V:250 H: 27 F:14
				8491AC 60          RTS                    A:074C X:074C Y:0003 S:0119 D:0000 DB:86 nvmxdizc V:250 H: 30 F:14

				8490F9 BF 00 20 7E LDA $7E2000,X [7E274C] A:074C X:074C Y:0003 S:011B D:0000 DB:86 nvmxdizc V:250 H: 40 F:14
				8490FD A8          TAY                    A:027D X:074C Y:0003 S:011B D:0000 DB:86 nvmxdizc V:250 H: 50 F:14
				8490FE AD 92 0B    LDA $0B92     [860B92] A:027D X:074C Y:027D S:011B D:0000 DB:86 nvmxdizc V:250 H: 53 F:14
				849101 85 10       STA $10       [000010] A:F0A5 X:074C Y:027D S:011B D:0000 DB:86 Nvmxdizc V:250 H: 62 F:14
				849103 AD 94 0B    LDA $0B94     [860B94] A:F0A5 X:074C Y:027D S:011B D:0000 DB:86 Nvmxdizc V:250 H: 69 F:14
				849106 85 12       STA $12       [000012] A:6895 X:074C Y:027D S:011B D:0000 DB:86 nvmxdizc V:250 H: 77 F:14
				849108 B7 10       LDA [$10],Y   [95F322] A:6895 X:074C Y:027D S:011B D:0000 DB:86 nvmxdizc V:250 H: 84 F:14
				84910A 29 FF 00    AND #$00FF             A:0000 X:074C Y:027D S:011B D:0000 DB:86 nvmxdiZc V:250 H: 96 F:14
				84910D 28          PLP                    A:0000 X:074C Y:027D S:011B D:0000 DB:86 nvmxdiZc V:250 H:101 F:14
				84910E FA          PLX                    A:0000 X:074C Y:027D S:011C D:0000 DB:86 nvMxdizc V:250 H:107 F:14
				84910F 2B          PLD                    A:0000 X:0E68 Y:027D S:011E D:0000 DB:86 nvMxdizc V:250 H:116 F:14
				849110 60          RTS                    A:0000 X:0E68 Y:027D S:0120 D:0000 DB:86 nvMxdiZc V:250 H:124 F:14

				849318 B4 05       LDY $05,X     [000E6D] A:0000 X:0E68 Y:027D S:0122 D:0000 DB:86 nvMxdiZc V:250 H:144 F:14
				84931A 84 10       STY $10       [000010] A:0000 X:0E68 Y:076D S:0122 D:0000 DB:86 nvMxdizc V:250 H:153 F:14
				84931C B4 08       LDY $08,X     [000E70] A:0000 X:0E68 Y:076D S:0122 D:0000 DB:86 nvMxdizc V:250 H:160 F:14
				84931E 84 12       STY $12       [000012] A:0000 X:0E68 Y:00A8 S:0122 D:0000 DB:86 nvMxdizc V:250 H:168 F:14
				849320 95 2D       STA $2D,X     [000E95] A:0000 X:0E68 Y:00A8 S:0122 D:0000 DB:86 nvMxdizc V:250 H:175 F:14
				849322 86 2C       STX $2C       [00002C] A:0000 X:0E68 Y:00A8 S:0122 D:0000 DB:86 nvMxdizc V:250 H:182 F:14
				849324 29 3F       AND #$3F               A:0000 X:0E68 Y:00A8 S:0122 D:0000 DB:86 nvMxdizc V:250 H:189 F:14
				849326 0A          ASL A                  A:0000 X:0E68 Y:00A8 S:0122 D:0000 DB:86 nvMxdiZc V:250 H:192 F:14
				849327 EB          XBA                    A:0000 X:0E68 Y:00A8 S:0122 D:0000 DB:86 nvMxdiZc V:250 H:195 F:14
				849328 A9 00       LDA #$00               A:0000 X:0E68 Y:00A8 S:0122 D:0000 DB:86 nvMxdiZc V:250 H:199 F:14
				84932A EB          XBA                    A:0000 X:0E68 Y:00A8 S:0122 D:0000 DB:86 nvMxdiZc V:250 H:202 F:14
				84932B AA          TAX                    A:0000 X:0E68 Y:00A8 S:0122 D:0000 DB:86 nvMxdiZc V:250 H:207 F:14
				84932C FC 5D 93    JSR ($935D,X) [84935D] A:0000 X:0000 Y:00A8 S:0122 D:0000 DB:86 nvMxdiZc V:250 H:210 F:14

				84977A A9 00       LDA #$00               A:0000 X:0000 Y:00A8 S:0120 D:0000 DB:86 nvMxdiZc V:250 H:223 F:14
				84977C 60          RTS                    A:0000 X:0000 Y:00A8 S:0120 D:0000 DB:86 nvMxdiZc V:250 H:226 F:14

				84932F 08          PHP                    A:0000 X:0000 Y:00A8 S:0122 D:0000 DB:86 nvMxdiZc V:250 H:236 F:14
				849330 A6 2C       LDX $2C       [00002C] A:0000 X:0000 Y:00A8 S:0121 D:0000 DB:86 nvMxdiZc V:250 H:241 F:14
				849332 A9 01       LDA #$01               A:0000 X:0E68 Y:00A8 S:0121 D:0000 DB:86 nvMxdizc V:250 H:248 F:14
				849334 34 29       BIT $29,X     [000E91] A:0001 X:0E68 Y:00A8 S:0121 D:0000 DB:86 nvMxdizc V:250 H:251 F:14
				849336 10 02       BPL $0002     [84933A] A:0001 X:0E68 Y:00A8 S:0121 D:0000 DB:86 NVMxdiZc V:250 H:257 F:14
				849338 A9 02       LDA #$02               A:0001 X:0E68 Y:00A8 S:0121 D:0000 DB:86 NVMxdiZc V:250 H:260 F:14
				84933A 28          PLP                    A:0002 X:0E68 Y:00A8 S:0121 D:0000 DB:86 nVMxdizc V:250 H:263 F:14
				84933B F0 0C       BEQ $000C     [849349] A:0002 X:0E68 Y:00A8 S:0122 D:0000 DB:86 nvMxdiZc V:250 H:270 F:14
				849349 49 FF       EOR #$FF               A:0002 X:0E68 Y:00A8 S:0122 D:0000 DB:86 nvMxdiZc V:250 H:274 F:14
				84934B 35 2B       AND $2B,X     [000E93] A:00FD X:0E68 Y:00A8 S:0122 D:0000 DB:86 NvMxdizc V:250 H:277 F:14
				84934D 95 2B       STA $2B,X     [000E93] A:0000 X:0E68 Y:00A8 S:0122 D:0000 DB:86 nvMxdiZc V:250 H:284 F:14
				84934F 20 08 93    JSR $9308     [849308] A:0000 X:0E68 Y:00A8 S:0122 D:0000 DB:86 nvMxdiZc V:250 H:290 F:14

				849308 A5 14       LDA $14       [000014] A:0000 X:0E68 Y:00A8 S:0120 D:0000 DB:86 nvMxdiZc V:250 H:300 F:14
				84930A F0 08       BEQ $0008     [849314] A:0000 X:0E68 Y:00A8 S:0120 D:0000 DB:86 nvMxdiZc V:250 H:305 F:14
				849314 60          RTS                    A:0000 X:0E68 Y:00A8 S:0120 D:0000 DB:86 nvMxdiZc V:250 H:310 F:14

				849352 A9 00       LDA #$00               A:0000 X:0E68 Y:00A8 S:0122 D:0000 DB:86 nvMxdiZc V:250 H:320 F:14
				849354 60          RTS                    A:0000 X:0E68 Y:00A8 S:0122 D:0000 DB:86 nvMxdiZc V:250 H:323 F:14

				8492DD D0 26       BNE $0026     [849305] A:0000 X:0E68 Y:00A8 S:0124 D:0000 DB:86 nvMxdiZc V:250 H:332 F:14
				8492DF B4 20       LDY $20,X     [000E88] A:0000 X:0E68 Y:00A8 S:0124 D:0000 DB:86 nvMxdiZc V:250 H:335 F:14
				8492E1 B9 06 00    LDA $0006,Y   [86C593] A:0000 X:0E68 Y:C58D S:0124 D:0000 DB:86 NvMxdizc V:251 H:  3 F:14
				8492E4 38          SEC                    A:0002 X:0E68 Y:C58D S:0124 D:0000 DB:86 nvMxdizc V:251 H: 11 F:14
				8492E5 F9 08 00    SBC $0008,Y   [86C595] A:0002 X:0E68 Y:C58D S:0124 D:0000 DB:86 nvMxdizC V:251 H: 14 F:14
				8492E8 18          CLC                    A:00ED X:0E68 Y:C58D S:0124 D:0000 DB:86 NvMxdizc V:251 H: 21 F:14
				8492E9 79 09 00    ADC $0009,Y   [86C596] A:00ED X:0E68 Y:C58D S:0124 D:0000 DB:86 NvMxdizc V:251 H: 24 F:14
				8492EC 95 2A       STA $2A,X     [000E92] A:00F9 X:0E68 Y:C58D S:0124 D:0000 DB:86 NvMxdizc V:251 H: 32 F:14
				8492EE 20 15 93    JSR $9315     [849315] A:00F9 X:0E68 Y:C58D S:0124 D:0000 DB:86 NvMxdizc V:251 H: 38 F:14

				849315 20 B3 90    JSR $90B3     [8490B3] A:00F9 X:0E68 Y:C58D S:0122 D:0000 DB:86 NvMxdizc V:251 H: 48 F:14

				8490B3 0B          PHD                    A:00F9 X:0E68 Y:C58D S:0120 D:0000 DB:86 NvMxdizc V:251 H: 58 F:14
				8490B4 DA          PHX                    A:00F9 X:0E68 Y:C58D S:011E D:0000 DB:86 NvMxdizc V:251 H: 65 F:14
				8490B5 08          PHP                    A:00F9 X:0E68 Y:C58D S:011C D:0000 DB:86 NvMxdizc V:251 H: 72 F:14
				8490B6 E2 20       SEP #$20               A:00F9 X:0E68 Y:C58D S:011B D:0000 DB:86 NvMxdizc V:251 H: 77 F:14
				8490B8 C2 10       REP #$10               A:00F9 X:0E68 Y:C58D S:011B D:0000 DB:86 NvMxdizc V:251 H: 82 F:14
				8490BA 64 01       STZ $01       [000001] A:00F9 X:0E68 Y:C58D S:011B D:0000 DB:86 NvMxdizc V:251 H: 86 F:14
				8490BC B5 29       LDA $29,X     [000E91] A:00F9 X:0E68 Y:C58D S:011B D:0000 DB:86 NvMxdizc V:251 H: 91 F:14
				8490BE 10 02       BPL $0002     [8490C2] A:00F4 X:0E68 Y:C58D S:011B D:0000 DB:86 NvMxdizc V:251 H: 98 F:14
				8490C0 C6 01       DEC $01       [000001] A:00F4 X:0E68 Y:C58D S:011B D:0000 DB:86 NvMxdizc V:251 H:101 F:14
				8490C2 18          CLC                    A:00F4 X:0E68 Y:C58D S:011B D:0000 DB:86 NvMxdizc V:251 H:109 F:14
				8490C3 75 05       ADC $05,X     [000E6D] A:00F4 X:0E68 Y:C58D S:011B D:0000 DB:86 NvMxdizc V:251 H:112 F:14
				8490C5 85 00       STA $00       [000000] A:0061 X:0E68 Y:C58D S:011B D:0000 DB:86 nvMxdizC V:251 H:119 F:14
				8490C7 B5 06       LDA $06,X     [000E6E] A:0061 X:0E68 Y:C58D S:011B D:0000 DB:86 nvMxdizC V:251 H:124 F:14
				8490C9 65 01       ADC $01       [000001] A:0007 X:0E68 Y:C58D S:011B D:0000 DB:86 nvMxdizC V:251 H:130 F:14
				8490CB 85 01       STA $01       [000001] A:0007 X:0E68 Y:C58D S:011B D:0000 DB:86 nvMxdizC V:251 H:145 F:14
				8490CD 64 03       STZ $03       [000003] A:0007 X:0E68 Y:C58D S:011B D:0000 DB:86 nvMxdizC V:251 H:150 F:14
				8490CF B5 2A       LDA $2A,X     [000E92] A:0007 X:0E68 Y:C58D S:011B D:0000 DB:86 nvMxdizC V:251 H:155 F:14
				8490D1 10 02       BPL $0002     [8490D5] A:00F9 X:0E68 Y:C58D S:011B D:0000 DB:86 NvMxdizC V:251 H:162 F:14
				8490D3 C6 03       DEC $03       [000003] A:00F9 X:0E68 Y:C58D S:011B D:0000 DB:86 NvMxdizC V:251 H:165 F:14
				8490D5 18          CLC                    A:00F9 X:0E68 Y:C58D S:011B D:0000 DB:86 NvMxdizC V:251 H:173 F:14
				8490D6 75 08       ADC $08,X     [000E70] A:00F9 X:0E68 Y:C58D S:011B D:0000 DB:86 NvMxdizc V:251 H:176 F:14
				8490D8 85 02       STA $02       [000002] A:00A1 X:0E68 Y:C58D S:011B D:0000 DB:86 NvMxdizC V:251 H:183 F:14
				8490DA 29 F0       AND #$F0               A:00A1 X:0E68 Y:C58D S:011B D:0000 DB:86 NvMxdizC V:251 H:188 F:14
				8490DC 85 0A       STA $0A       [00000A] A:00A0 X:0E68 Y:C58D S:011B D:0000 DB:86 NvMxdizC V:251 H:191 F:14
				8490DE B5 09       LDA $09,X     [000E71] A:00A0 X:0E68 Y:C58D S:011B D:0000 DB:86 NvMxdizC V:251 H:196 F:14
				8490E0 65 03       ADC $03       [000003] A:0000 X:0E68 Y:C58D S:011B D:0000 DB:86 nvMxdiZC V:251 H:202 F:14
				8490E2 85 03       STA $03       [000003] A:0000 X:0E68 Y:C58D S:011B D:0000 DB:86 nvMxdiZC V:251 H:207 F:14
				8490E4 85 0B       STA $0B       [00000B] A:0000 X:0E68 Y:C58D S:011B D:0000 DB:86 nvMxdiZC V:251 H:212 F:14
				8490E6 A5 00       LDA $00       [000000] A:0000 X:0E68 Y:C58D S:011B D:0000 DB:86 nvMxdiZC V:251 H:217 F:14
				8490E8 29 0F       AND #$0F               A:0061 X:0E68 Y:C58D S:011B D:0000 DB:86 nvMxdizC V:251 H:222 F:14
				8490EA 1A          INC                    A:0001 X:0E68 Y:C58D S:011B D:0000 DB:86 nvMxdizC V:251 H:225 F:14
				8490EB 85 0C       STA $0C       [00000C] A:0002 X:0E68 Y:C58D S:011B D:0000 DB:86 nvMxdizC V:251 H:228 F:14
				8490ED A5 02       LDA $02       [000002] A:0002 X:0E68 Y:C58D S:011B D:0000 DB:86 nvMxdizC V:251 H:233 F:14
				8490EF 29 0F       AND #$0F               A:00A1 X:0E68 Y:C58D S:011B D:0000 DB:86 NvMxdizC V:251 H:238 F:14
				8490F1 1A          INC                    A:0001 X:0E68 Y:C58D S:011B D:0000 DB:86 nvMxdizC V:251 H:241 F:14
				8490F2 85 0E       STA $0E       [00000E] A:0002 X:0E68 Y:C58D S:011B D:0000 DB:86 nvMxdizC V:251 H:244 F:14
				8490F4 C2 20       REP #$20               A:0002 X:0E68 Y:C58D S:011B D:0000 DB:86 nvMxdizC V:251 H:249 F:14
				8490F6 20 6A 91    JSR $916A     [84916A] A:0002 X:0E68 Y:C58D S:011B D:0000 DB:86 nvmxdizC V:251 H:254 F:14

				84916A A9 00 E8    LDA #$E800             A:0002 X:0E68 Y:C58D S:0119 D:0000 DB:86 nvmxdizC V:251 H:264 F:14
				84916D 85 10       STA $10       [000010] A:E800 X:0E68 Y:C58D S:0119 D:0000 DB:86 NvmxdizC V:251 H:268 F:14
				84916F A9 7E 00    LDA #$007E             A:E800 X:0E68 Y:C58D S:0119 D:0000 DB:86 NvmxdizC V:251 H:275 F:14
				849172 85 12       STA $12       [000012] A:007E X:0E68 Y:C58D S:0119 D:0000 DB:86 nvmxdizC V:251 H:280 F:14
				849174 A5 02       LDA $02       [000002] A:007E X:0E68 Y:C58D S:0119 D:0000 DB:86 nvmxdizC V:251 H:287 F:14
				849176 29 F0 00    AND #$00F0             A:00A1 X:0E68 Y:C58D S:0119 D:0000 DB:86 nvmxdizC V:251 H:294 F:14
				849179 0A          ASL A                  A:00A0 X:0E68 Y:C58D S:0119 D:0000 DB:86 nvmxdizC V:251 H:298 F:14
				84917A 85 04       STA $04       [000004] A:0140 X:0E68 Y:C58D S:0119 D:0000 DB:86 nvmxdizc V:251 H:301 F:14
				84917C A5 00       LDA $00       [000000] A:0140 X:0E68 Y:C58D S:0119 D:0000 DB:86 nvmxdizc V:251 H:308 F:14
				84917E 29 FF 00    AND #$00FF             A:0761 X:0E68 Y:C58D S:0119 D:0000 DB:86 nvmxdizc V:251 H:315 F:14
				849181 4A          LSR A                  A:0061 X:0E68 Y:C58D S:0119 D:0000 DB:86 nvmxdizc V:251 H:320 F:14
				849182 4A          LSR A                  A:0030 X:0E68 Y:C58D S:0119 D:0000 DB:86 nvmxdizC V:251 H:323 F:14
				849183 4A          LSR A                  A:0018 X:0E68 Y:C58D S:0119 D:0000 DB:86 nvmxdizc V:251 H:325 F:14
				849184 29 FE FF    AND #$FFFE             A:000C X:0E68 Y:C58D S:0119 D:0000 DB:86 nvmxdizc V:251 H:328 F:14
				849187 18          CLC                    A:000C X:0E68 Y:C58D S:0119 D:0000 DB:86 nvmxdizc V:251 H:332 F:14
				849188 65 04       ADC $04       [000004] A:000C X:0E68 Y:C58D S:0119 D:0000 DB:86 nvmxdizc V:251 H:335 F:14
				84918A 85 06       STA $06       [000006] A:014C X:0E68 Y:C58D S:0119 D:0000 DB:86 nvmxdizc V:252 H:  2 F:14
				84918C A5 00       LDA $00       [000000] A:014C X:0E68 Y:C58D S:0119 D:0000 DB:86 nvmxdizc V:252 H:  9 F:14
				84918E EB          XBA                    A:0761 X:0E68 Y:C58D S:0119 D:0000 DB:86 nvmxdizc V:252 H: 16 F:14
				84918F 29 1F 00    AND #$001F             A:6107 X:0E68 Y:C58D S:0119 D:0000 DB:86 nvmxdizc V:252 H: 21 F:14
				849192 85 04       STA $04       [000004] A:0007 X:0E68 Y:C58D S:0119 D:0000 DB:86 nvmxdizc V:252 H: 25 F:14
				849194 A5 02       LDA $02       [000002] A:0007 X:0E68 Y:C58D S:0119 D:0000 DB:86 nvmxdizc V:252 H: 32 F:14
				849196 29 00 1F    AND #$1F00             A:00A1 X:0E68 Y:C58D S:0119 D:0000 DB:86 nvmxdizc V:252 H: 39 F:14
				849199 4A          LSR A                  A:0000 X:0E68 Y:C58D S:0119 D:0000 DB:86 nvmxdiZc V:252 H: 44 F:14
				84919A 4A          LSR A                  A:0000 X:0E68 Y:C58D S:0119 D:0000 DB:86 nvmxdiZc V:252 H: 47 F:14
				84919B 4A          LSR A                  A:0000 X:0E68 Y:C58D S:0119 D:0000 DB:86 nvmxdiZc V:252 H: 50 F:14
				84919C 18          CLC                    A:0000 X:0E68 Y:C58D S:0119 D:0000 DB:86 nvmxdiZc V:252 H: 53 F:14
				84919D 65 04       ADC $04       [000004] A:0000 X:0E68 Y:C58D S:0119 D:0000 DB:86 nvmxdiZc V:252 H: 56 F:14
				84919F A8          TAY                    A:0007 X:0E68 Y:C58D S:0119 D:0000 DB:86 nvmxdizc V:252 H: 63 F:14
				8491A0 B7 10       LDA [$10],Y   [7EE807] A:0007 X:0E68 Y:0007 S:0119 D:0000 DB:86 nvmxdizc V:252 H: 66 F:14
				8491A2 29 FF 00    AND #$00FF             A:0003 X:0E68 Y:0007 S:0119 D:0000 DB:86 nvmxdizc V:252 H: 79 F:14
				8491A5 A8          TAY                    A:0003 X:0E68 Y:0007 S:0119 D:0000 DB:86 nvmxdizc V:252 H: 83 F:14
				8491A6 EB          XBA                    A:0003 X:0E68 Y:0003 S:0119 D:0000 DB:86 nvmxdizc V:252 H: 86 F:14
				8491A7 0A          ASL A                  A:0300 X:0E68 Y:0003 S:0119 D:0000 DB:86 nvmxdiZc V:252 H: 91 F:14
				8491A8 18          CLC                    A:0600 X:0E68 Y:0003 S:0119 D:0000 DB:86 nvmxdizc V:252 H: 94 F:14
				8491A9 65 06       ADC $06       [000006] A:0600 X:0E68 Y:0003 S:0119 D:0000 DB:86 nvmxdizc V:252 H: 97 F:14
				8491AB AA          TAX                    A:074C X:0E68 Y:0003 S:0119 D:0000 DB:86 nvmxdizc V:252 H:104 F:14
				8491AC 60          RTS                    A:074C X:074C Y:0003 S:0119 D:0000 DB:86 nvmxdizc V:252 H:107 F:14

				8490F9 BF 00 20 7E LDA $7E2000,X [7E274C] A:074C X:074C Y:0003 S:011B D:0000 DB:86 nvmxdizc V:252 H:117 F:14
				8490FD A8          TAY                    A:027D X:074C Y:0003 S:011B D:0000 DB:86 nvmxdizc V:252 H:127 F:14
				8490FE AD 92 0B    LDA $0B92     [860B92] A:027D X:074C Y:027D S:011B D:0000 DB:86 nvmxdizc V:252 H:130 F:14
				849101 85 10       STA $10       [000010] A:F0A5 X:074C Y:027D S:011B D:0000 DB:86 Nvmxdizc V:252 H:148 F:14
				849103 AD 94 0B    LDA $0B94     [860B94] A:F0A5 X:074C Y:027D S:011B D:0000 DB:86 Nvmxdizc V:252 H:155 F:14
				849106 85 12       STA $12       [000012] A:6895 X:074C Y:027D S:011B D:0000 DB:86 nvmxdizc V:252 H:164 F:14
				849108 B7 10       LDA [$10],Y   [95F322] A:6895 X:074C Y:027D S:011B D:0000 DB:86 nvmxdizc V:252 H:171 F:14
				84910A 29 FF 00    AND #$00FF             A:0000 X:074C Y:027D S:011B D:0000 DB:86 nvmxdiZc V:252 H:183 F:14
				84910D 28          PLP                    A:0000 X:074C Y:027D S:011B D:0000 DB:86 nvmxdiZc V:252 H:187 F:14
				84910E FA          PLX                    A:0000 X:074C Y:027D S:011C D:0000 DB:86 NvMxdizc V:252 H:194 F:14
				84910F 2B          PLD                    A:0000 X:0E68 Y:027D S:011E D:0000 DB:86 nvMxdizc V:252 H:202 F:14
				849110 60          RTS                    A:0000 X:0E68 Y:027D S:0120 D:0000 DB:86 nvMxdiZc V:252 H:211 F:14

				849318 B4 05       LDY $05,X     [000E6D] A:0000 X:0E68 Y:027D S:0122 D:0000 DB:86 nvMxdiZc V:252 H:221 F:14
				84931A 84 10       STY $10       [000010] A:0000 X:0E68 Y:076D S:0122 D:0000 DB:86 nvMxdizc V:252 H:229 F:14
				84931C B4 08       LDY $08,X     [000E70] A:0000 X:0E68 Y:076D S:0122 D:0000 DB:86 nvMxdizc V:252 H:236 F:14
				84931E 84 12       STY $12       [000012] A:0000 X:0E68 Y:00A8 S:0122 D:0000 DB:86 nvMxdizc V:252 H:245 F:14
				849320 95 2D       STA $2D,X     [000E95] A:0000 X:0E68 Y:00A8 S:0122 D:0000 DB:86 nvMxdizc V:252 H:252 F:14
				849322 86 2C       STX $2C       [00002C] A:0000 X:0E68 Y:00A8 S:0122 D:0000 DB:86 nvMxdizc V:252 H:258 F:14
				849324 29 3F       AND #$3F               A:0000 X:0E68 Y:00A8 S:0122 D:0000 DB:86 nvMxdizc V:252 H:265 F:14
				849326 0A          ASL A                  A:0000 X:0E68 Y:00A8 S:0122 D:0000 DB:86 nvMxdiZc V:252 H:268 F:14
				849327 EB          XBA                    A:0000 X:0E68 Y:00A8 S:0122 D:0000 DB:86 nvMxdiZc V:252 H:271 F:14
				849328 A9 00       LDA #$00               A:0000 X:0E68 Y:00A8 S:0122 D:0000 DB:86 nvMxdiZc V:252 H:276 F:14
				84932A EB          XBA                    A:0000 X:0E68 Y:00A8 S:0122 D:0000 DB:86 nvMxdiZc V:252 H:279 F:14
				84932B AA          TAX                    A:0000 X:0E68 Y:00A8 S:0122 D:0000 DB:86 nvMxdiZc V:252 H:283 F:14
				84932C FC 5D 93    JSR ($935D,X) [84935D] A:0000 X:0000 Y:00A8 S:0122 D:0000 DB:86 nvMxdiZc V:252 H:286 F:14

				84977A A9 00       LDA #$00               A:0000 X:0000 Y:00A8 S:0120 D:0000 DB:86 nvMxdiZc V:252 H:299 F:14
				84977C 60          RTS                    A:0000 X:0000 Y:00A8 S:0120 D:0000 DB:86 nvMxdiZc V:252 H:302 F:14

				84932F 08          PHP                    A:0000 X:0000 Y:00A8 S:0122 D:0000 DB:86 nvMxdiZc V:252 H:312 F:14
				849330 A6 2C       LDX $2C       [00002C] A:0000 X:0000 Y:00A8 S:0121 D:0000 DB:86 nvMxdiZc V:252 H:317 F:14
				849332 A9 01       LDA #$01               A:0000 X:0E68 Y:00A8 S:0121 D:0000 DB:86 nvMxdizc V:252 H:324 F:14
				849334 34 29       BIT $29,X     [000E91] A:0001 X:0E68 Y:00A8 S:0121 D:0000 DB:86 nvMxdizc V:252 H:327 F:14
				849336 10 02       BPL $0002     [84933A] A:0001 X:0E68 Y:00A8 S:0121 D:0000 DB:86 NVMxdiZc V:252 H:333 F:14
				849338 A9 02       LDA #$02               A:0001 X:0E68 Y:00A8 S:0121 D:0000 DB:86 NVMxdiZc V:252 H:336 F:14
				84933A 28          PLP                    A:0002 X:0E68 Y:00A8 S:0121 D:0000 DB:86 nVMxdizc V:252 H:339 F:14
				84933B F0 0C       BEQ $000C     [849349] A:0002 X:0E68 Y:00A8 S:0122 D:0000 DB:86 nvMxdiZc V:253 H:  5 F:14
				849349 49 FF       EOR #$FF               A:0002 X:0E68 Y:00A8 S:0122 D:0000 DB:86 nvMxdiZc V:253 H: 10 F:14
				84934B 35 2B       AND $2B,X     [000E93] A:00FD X:0E68 Y:00A8 S:0122 D:0000 DB:86 NvMxdizc V:253 H: 13 F:14
				84934D 95 2B       STA $2B,X     [000E93] A:0000 X:0E68 Y:00A8 S:0122 D:0000 DB:86 nvMxdiZc V:253 H: 19 F:14
				84934F 20 08 93    JSR $9308     [849308] A:0000 X:0E68 Y:00A8 S:0122 D:0000 DB:86 nvMxdiZc V:253 H: 26 F:14

				849308 A5 14       LDA $14       [000014] A:0000 X:0E68 Y:00A8 S:0120 D:0000 DB:86 nvMxdiZc V:253 H: 36 F:14
				84930A F0 08       BEQ $0008     [849314] A:0000 X:0E68 Y:00A8 S:0120 D:0000 DB:86 nvMxdiZc V:253 H: 41 F:14
				849314 60          RTS                    A:0000 X:0E68 Y:00A8 S:0120 D:0000 DB:86 nvMxdiZc V:253 H: 45 F:14

				849352 A9 00       LDA #$00               A:0000 X:0E68 Y:00A8 S:0122 D:0000 DB:86 nvMxdiZc V:253 H: 55 F:14
				849354 60          RTS                    A:0000 X:0E68 Y:00A8 S:0122 D:0000 DB:86 nvMxdiZc V:253 H: 58 F:14

				8492F1 D0 12       BNE $0012     [849305] A:0000 X:0E68 Y:00A8 S:0124 D:0000 DB:86 nvMxdiZc V:253 H: 68 F:14
				8492F3 B4 20       LDY $20,X     [000E88] A:0000 X:0E68 Y:00A8 S:0124 D:0000 DB:86 nvMxdiZc V:253 H: 71 F:14
				8492F5 B9 06 00    LDA $0006,Y   [86C593] A:0000 X:0E68 Y:C58D S:0124 D:0000 DB:86 NvMxdizc V:253 H: 80 F:14
				8492F8 18          CLC                    A:0002 X:0E68 Y:C58D S:0124 D:0000 DB:86 nvMxdizc V:253 H: 87 F:14
				8492F9 79 08 00    ADC $0008,Y   [86C595] A:0002 X:0E68 Y:C58D S:0124 D:0000 DB:86 nvMxdizc V:253 H: 90 F:14
				8492FC 38          SEC                    A:0017 X:0E68 Y:C58D S:0124 D:0000 DB:86 nvMxdizc V:253 H: 98 F:14
				8492FD F9 09 00    SBC $0009,Y   [86C596] A:0017 X:0E68 Y:C58D S:0124 D:0000 DB:86 nvMxdizC V:253 H:101 F:14
				849300 95 2A       STA $2A,X     [000E92] A:000B X:0E68 Y:C58D S:0124 D:0000 DB:86 nvMxdizC V:253 H:108 F:14
				849302 20 15 93    JSR $9315     [849315] A:000B X:0E68 Y:C58D S:0124 D:0000 DB:86 nvMxdizC V:253 H:115 F:14

				849315 20 B3 90    JSR $90B3     [8490B3] A:000B X:0E68 Y:C58D S:0122 D:0000 DB:86 nvMxdizC V:253 H:125 F:14

				8490B3 0B          PHD                    A:000B X:0E68 Y:C58D S:0120 D:0000 DB:86 nvMxdizC V:253 H:145 F:14
				8490B4 DA          PHX                    A:000B X:0E68 Y:C58D S:011E D:0000 DB:86 nvMxdizC V:253 H:152 F:14
				8490B5 08          PHP                    A:000B X:0E68 Y:C58D S:011C D:0000 DB:86 nvMxdizC V:253 H:159 F:14
				8490B6 E2 20       SEP #$20               A:000B X:0E68 Y:C58D S:011B D:0000 DB:86 nvMxdizC V:253 H:164 F:14
				8490B8 C2 10       REP #$10               A:000B X:0E68 Y:C58D S:011B D:0000 DB:86 nvMxdizC V:253 H:168 F:14
				8490BA 64 01       STZ $01       [000001] A:000B X:0E68 Y:C58D S:011B D:0000 DB:86 nvMxdizC V:253 H:173 F:14
				8490BC B5 29       LDA $29,X     [000E91] A:000B X:0E68 Y:C58D S:011B D:0000 DB:86 nvMxdizC V:253 H:178 F:14
				8490BE 10 02       BPL $0002     [8490C2] A:00F4 X:0E68 Y:C58D S:011B D:0000 DB:86 NvMxdizC V:253 H:184 F:14
				8490C0 C6 01       DEC $01       [000001] A:00F4 X:0E68 Y:C58D S:011B D:0000 DB:86 NvMxdizC V:253 H:187 F:14
				8490C2 18          CLC                    A:00F4 X:0E68 Y:C58D S:011B D:0000 DB:86 NvMxdizC V:253 H:196 F:14
				8490C3 75 05       ADC $05,X     [000E6D] A:00F4 X:0E68 Y:C58D S:011B D:0000 DB:86 NvMxdizc V:253 H:199 F:14
				8490C5 85 00       STA $00       [000000] A:0061 X:0E68 Y:C58D S:011B D:0000 DB:86 nvMxdizC V:253 H:205 F:14
				8490C7 B5 06       LDA $06,X     [000E6E] A:0061 X:0E68 Y:C58D S:011B D:0000 DB:86 nvMxdizC V:253 H:210 F:14
				8490C9 65 01       ADC $01       [000001] A:0007 X:0E68 Y:C58D S:011B D:0000 DB:86 nvMxdizC V:253 H:217 F:14
				8490CB 85 01       STA $01       [000001] A:0007 X:0E68 Y:C58D S:011B D:0000 DB:86 nvMxdizC V:253 H:222 F:14
				8490CD 64 03       STZ $03       [000003] A:0007 X:0E68 Y:C58D S:011B D:0000 DB:86 nvMxdizC V:253 H:227 F:14
				8490CF B5 2A       LDA $2A,X     [000E92] A:0007 X:0E68 Y:C58D S:011B D:0000 DB:86 nvMxdizC V:253 H:232 F:14
				8490D1 10 02       BPL $0002     [8490D5] A:000B X:0E68 Y:C58D S:011B D:0000 DB:86 nvMxdizC V:253 H:238 F:14
				8490D5 18          CLC                    A:000B X:0E68 Y:C58D S:011B D:0000 DB:86 nvMxdizC V:253 H:243 F:14
				8490D6 75 08       ADC $08,X     [000E70] A:000B X:0E68 Y:C58D S:011B D:0000 DB:86 nvMxdizc V:253 H:246 F:14
				8490D8 85 02       STA $02       [000002] A:00B3 X:0E68 Y:C58D S:011B D:0000 DB:86 NvMxdizc V:253 H:252 F:14
				8490DA 29 F0       AND #$F0               A:00B3 X:0E68 Y:C58D S:011B D:0000 DB:86 NvMxdizc V:253 H:257 F:14
				8490DC 85 0A       STA $0A       [00000A] A:00B0 X:0E68 Y:C58D S:011B D:0000 DB:86 NvMxdizc V:253 H:260 F:14
				8490DE B5 09       LDA $09,X     [000E71] A:00B0 X:0E68 Y:C58D S:011B D:0000 DB:86 NvMxdizc V:253 H:265 F:14
				8490E0 65 03       ADC $03       [000003] A:0000 X:0E68 Y:C58D S:011B D:0000 DB:86 nvMxdiZc V:253 H:272 F:14
				8490E2 85 03       STA $03       [000003] A:0000 X:0E68 Y:C58D S:011B D:0000 DB:86 nvMxdiZc V:253 H:277 F:14
				8490E4 85 0B       STA $0B       [00000B] A:0000 X:0E68 Y:C58D S:011B D:0000 DB:86 nvMxdiZc V:253 H:282 F:14
				8490E6 A5 00       LDA $00       [000000] A:0000 X:0E68 Y:C58D S:011B D:0000 DB:86 nvMxdiZc V:253 H:287 F:14
				8490E8 29 0F       AND #$0F               A:0061 X:0E68 Y:C58D S:011B D:0000 DB:86 nvMxdizc V:253 H:292 F:14
				8490EA 1A          INC                    A:0001 X:0E68 Y:C58D S:011B D:0000 DB:86 nvMxdizc V:253 H:295 F:14
				8490EB 85 0C       STA $0C       [00000C] A:0002 X:0E68 Y:C58D S:011B D:0000 DB:86 nvMxdizc V:253 H:298 F:14
				8490ED A5 02       LDA $02       [000002] A:0002 X:0E68 Y:C58D S:011B D:0000 DB:86 nvMxdizc V:253 H:303 F:14
				8490EF 29 0F       AND #$0F               A:00B3 X:0E68 Y:C58D S:011B D:0000 DB:86 NvMxdizc V:253 H:308 F:14
				8490F1 1A          INC                    A:0003 X:0E68 Y:C58D S:011B D:0000 DB:86 nvMxdizc V:253 H:311 F:14
				8490F2 85 0E       STA $0E       [00000E] A:0004 X:0E68 Y:C58D S:011B D:0000 DB:86 nvMxdizc V:253 H:314 F:14
				8490F4 C2 20       REP #$20               A:0004 X:0E68 Y:C58D S:011B D:0000 DB:86 nvMxdizc V:253 H:319 F:14
				8490F6 20 6A 91    JSR $916A     [84916A] A:0004 X:0E68 Y:C58D S:011B D:0000 DB:86 nvmxdizc V:253 H:323 F:14

				84916A A9 00 E8    LDA #$E800             A:0004 X:0E68 Y:C58D S:0119 D:0000 DB:86 nvmxdizc V:253 H:332 F:14
				84916D 85 10       STA $10       [000010] A:E800 X:0E68 Y:C58D S:0119 D:0000 DB:86 Nvmxdizc V:253 H:337 F:14
				84916F A9 7E 00    LDA #$007E             A:E800 X:0E68 Y:C58D S:0119 D:0000 DB:86 Nvmxdizc V:254 H:  4 F:14
				849172 85 12       STA $12       [000012] A:007E X:0E68 Y:C58D S:0119 D:0000 DB:86 nvmxdizc V:254 H:  8 F:14
				849174 A5 02       LDA $02       [000002] A:007E X:0E68 Y:C58D S:0119 D:0000 DB:86 nvmxdizc V:254 H: 15 F:14
				849176 29 F0 00    AND #$00F0             A:00B3 X:0E68 Y:C58D S:0119 D:0000 DB:86 nvmxdizc V:254 H: 22 F:14
				849179 0A          ASL A                  A:00B0 X:0E68 Y:C58D S:0119 D:0000 DB:86 nvmxdizc V:254 H: 27 F:14
				84917A 85 04       STA $04       [000004] A:0160 X:0E68 Y:C58D S:0119 D:0000 DB:86 nvmxdizc V:254 H: 30 F:14
				84917C A5 00       LDA $00       [000000] A:0160 X:0E68 Y:C58D S:0119 D:0000 DB:86 nvmxdizc V:254 H: 37 F:14
				84917E 29 FF 00    AND #$00FF             A:0761 X:0E68 Y:C58D S:0119 D:0000 DB:86 nvmxdizc V:254 H: 44 F:14
				849181 4A          LSR A                  A:0061 X:0E68 Y:C58D S:0119 D:0000 DB:86 nvmxdizc V:254 H: 48 F:14
				849182 4A          LSR A                  A:0030 X:0E68 Y:C58D S:0119 D:0000 DB:86 nvmxdizC V:254 H: 51 F:14
				849183 4A          LSR A                  A:0018 X:0E68 Y:C58D S:0119 D:0000 DB:86 nvmxdizc V:254 H: 54 F:14
				849184 29 FE FF    AND #$FFFE             A:000C X:0E68 Y:C58D S:0119 D:0000 DB:86 nvmxdizc V:254 H: 57 F:14
				849187 18          CLC                    A:000C X:0E68 Y:C58D S:0119 D:0000 DB:86 nvmxdizc V:254 H: 62 F:14
				849188 65 04       ADC $04       [000004] A:000C X:0E68 Y:C58D S:0119 D:0000 DB:86 nvmxdizc V:254 H: 65 F:14
				84918A 85 06       STA $06       [000006] A:016C X:0E68 Y:C58D S:0119 D:0000 DB:86 nvmxdizc V:254 H: 72 F:14
				84918C A5 00       LDA $00       [000000] A:016C X:0E68 Y:C58D S:0119 D:0000 DB:86 nvmxdizc V:254 H: 79 F:14
				84918E EB          XBA                    A:0761 X:0E68 Y:C58D S:0119 D:0000 DB:86 nvmxdizc V:254 H: 86 F:14
				84918F 29 1F 00    AND #$001F             A:6107 X:0E68 Y:C58D S:0119 D:0000 DB:86 nvmxdizc V:254 H: 90 F:14
				849192 85 04       STA $04       [000004] A:0007 X:0E68 Y:C58D S:0119 D:0000 DB:86 nvmxdizc V:254 H: 95 F:14
				849194 A5 02       LDA $02       [000002] A:0007 X:0E68 Y:C58D S:0119 D:0000 DB:86 nvmxdizc V:254 H:102 F:14
				849196 29 00 1F    AND #$1F00             A:00B3 X:0E68 Y:C58D S:0119 D:0000 DB:86 nvmxdizc V:254 H:109 F:14
				849199 4A          LSR A                  A:0000 X:0E68 Y:C58D S:0119 D:0000 DB:86 nvmxdiZc V:254 H:113 F:14
				84919A 4A          LSR A                  A:0000 X:0E68 Y:C58D S:0119 D:0000 DB:86 nvmxdiZc V:254 H:116 F:14
				84919B 4A          LSR A                  A:0000 X:0E68 Y:C58D S:0119 D:0000 DB:86 nvmxdiZc V:254 H:119 F:14
				84919C 18          CLC                    A:0000 X:0E68 Y:C58D S:0119 D:0000 DB:86 nvmxdiZc V:254 H:122 F:14
				84919D 65 04       ADC $04       [000004] A:0000 X:0E68 Y:C58D S:0119 D:0000 DB:86 nvmxdiZc V:254 H:125 F:14
				84919F A8          TAY                    A:0007 X:0E68 Y:C58D S:0119 D:0000 DB:86 nvmxdizc V:254 H:132 F:14
				8491A0 B7 10       LDA [$10],Y   [7EE807] A:0007 X:0E68 Y:0007 S:0119 D:0000 DB:86 nvmxdizc V:254 H:145 F:14
				8491A2 29 FF 00    AND #$00FF             A:0003 X:0E68 Y:0007 S:0119 D:0000 DB:86 nvmxdizc V:254 H:158 F:14
				8491A5 A8          TAY                    A:0003 X:0E68 Y:0007 S:0119 D:0000 DB:86 nvmxdizc V:254 H:163 F:14
				8491A6 EB          XBA                    A:0003 X:0E68 Y:0003 S:0119 D:0000 DB:86 nvmxdizc V:254 H:166 F:14
				8491A7 0A          ASL A                  A:0300 X:0E68 Y:0003 S:0119 D:0000 DB:86 nvmxdiZc V:254 H:170 F:14
				8491A8 18          CLC                    A:0600 X:0E68 Y:0003 S:0119 D:0000 DB:86 nvmxdizc V:254 H:173 F:14
				8491A9 65 06       ADC $06       [000006] A:0600 X:0E68 Y:0003 S:0119 D:0000 DB:86 nvmxdizc V:254 H:176 F:14
				8491AB AA          TAX                    A:076C X:0E68 Y:0003 S:0119 D:0000 DB:86 nvmxdizc V:254 H:183 F:14
				8491AC 60          RTS                    A:076C X:076C Y:0003 S:0119 D:0000 DB:86 nvmxdizc V:254 H:186 F:14

				8490F9 BF 00 20 7E LDA $7E2000,X [7E276C] A:076C X:076C Y:0003 S:011B D:0000 DB:86 nvmxdizc V:254 H:196 F:14
				8490FD A8          TAY                    A:0296 X:076C Y:0003 S:011B D:0000 DB:86 nvmxdizc V:254 H:206 F:14
				8490FE AD 92 0B    LDA $0B92     [860B92] A:0296 X:076C Y:0296 S:011B D:0000 DB:86 nvmxdizc V:254 H:209 F:14
				849101 85 10       STA $10       [000010] A:F0A5 X:076C Y:0296 S:011B D:0000 DB:86 Nvmxdizc V:254 H:218 F:14
				849103 AD 94 0B    LDA $0B94     [860B94] A:F0A5 X:076C Y:0296 S:011B D:0000 DB:86 Nvmxdizc V:254 H:225 F:14
				849106 85 12       STA $12       [000012] A:6895 X:076C Y:0296 S:011B D:0000 DB:86 nvmxdizc V:254 H:233 F:14
				849108 B7 10       LDA [$10],Y   [95F33B] A:6895 X:076C Y:0296 S:011B D:0000 DB:86 nvmxdizc V:254 H:240 F:14
				84910A 29 FF 00    AND #$00FF             A:0000 X:076C Y:0296 S:011B D:0000 DB:86 nvmxdiZc V:254 H:252 F:14
				84910D 28          PLP                    A:0000 X:076C Y:0296 S:011B D:0000 DB:86 nvmxdiZc V:254 H:257 F:14
				84910E FA          PLX                    A:0000 X:076C Y:0296 S:011C D:0000 DB:86 nvMxdizC V:254 H:263 F:14
				84910F 2B          PLD                    A:0000 X:0E68 Y:0296 S:011E D:0000 DB:86 nvMxdizC V:254 H:272 F:14
				849110 60          RTS                    A:0000 X:0E68 Y:0296 S:0120 D:0000 DB:86 nvMxdiZC V:254 H:280 F:14

				849318 B4 05       LDY $05,X     [000E6D] A:0000 X:0E68 Y:0296 S:0122 D:0000 DB:86 nvMxdiZC V:254 H:290 F:14
				84931A 84 10       STY $10       [000010] A:0000 X:0E68 Y:076D S:0122 D:0000 DB:86 nvMxdizC V:254 H:299 F:14
				84931C B4 08       LDY $08,X     [000E70] A:0000 X:0E68 Y:076D S:0122 D:0000 DB:86 nvMxdizC V:254 H:306 F:14
				84931E 84 12       STY $12       [000012] A:0000 X:0E68 Y:00A8 S:0122 D:0000 DB:86 nvMxdizC V:254 H:314 F:14
				849320 95 2D       STA $2D,X     [000E95] A:0000 X:0E68 Y:00A8 S:0122 D:0000 DB:86 nvMxdizC V:254 H:321 F:14
				849322 86 2C       STX $2C       [00002C] A:0000 X:0E68 Y:00A8 S:0122 D:0000 DB:86 nvMxdizC V:254 H:327 F:14
				849324 29 3F       AND #$3F               A:0000 X:0E68 Y:00A8 S:0122 D:0000 DB:86 nvMxdizC V:254 H:334 F:14
				849326 0A          ASL A                  A:0000 X:0E68 Y:00A8 S:0122 D:0000 DB:86 nvMxdiZC V:254 H:337 F:14
				849327 EB          XBA                    A:0000 X:0E68 Y:00A8 S:0122 D:0000 DB:86 nvMxdiZc V:255 H:  0 F:14
				849328 A9 00       LDA #$00               A:0000 X:0E68 Y:00A8 S:0122 D:0000 DB:86 nvMxdiZc V:255 H:  4 F:14
				84932A EB          XBA                    A:0000 X:0E68 Y:00A8 S:0122 D:0000 DB:86 nvMxdiZc V:255 H:  7 F:14
				84932B AA          TAX                    A:0000 X:0E68 Y:00A8 S:0122 D:0000 DB:86 nvMxdiZc V:255 H: 12 F:14
				84932C FC 5D 93    JSR ($935D,X) [84935D] A:0000 X:0000 Y:00A8 S:0122 D:0000 DB:86 nvMxdiZc V:255 H: 15 F:14

				84977A A9 00       LDA #$00               A:0000 X:0000 Y:00A8 S:0120 D:0000 DB:86 nvMxdiZc V:255 H: 28 F:14
				84977C 60          RTS                    A:0000 X:0000 Y:00A8 S:0120 D:0000 DB:86 nvMxdiZc V:255 H: 31 F:14

				84932F 08          PHP                    A:0000 X:0000 Y:00A8 S:0122 D:0000 DB:86 nvMxdiZc V:255 H: 41 F:14
				849330 A6 2C       LDX $2C       [00002C] A:0000 X:0000 Y:00A8 S:0121 D:0000 DB:86 nvMxdiZc V:255 H: 46 F:14
				849332 A9 01       LDA #$01               A:0000 X:0E68 Y:00A8 S:0121 D:0000 DB:86 nvMxdizc V:255 H: 53 F:14
				849334 34 29       BIT $29,X     [000E91] A:0001 X:0E68 Y:00A8 S:0121 D:0000 DB:86 nvMxdizc V:255 H: 56 F:14
				849336 10 02       BPL $0002     [84933A] A:0001 X:0E68 Y:00A8 S:0121 D:0000 DB:86 NVMxdiZc V:255 H: 62 F:14
				849338 A9 02       LDA #$02               A:0001 X:0E68 Y:00A8 S:0121 D:0000 DB:86 NVMxdiZc V:255 H: 65 F:14
				84933A 28          PLP                    A:0002 X:0E68 Y:00A8 S:0121 D:0000 DB:86 nVMxdizc V:255 H: 68 F:14
				84933B F0 0C       BEQ $000C     [849349] A:0002 X:0E68 Y:00A8 S:0122 D:0000 DB:86 nvMxdiZc V:255 H: 75 F:14
				849349 49 FF       EOR #$FF               A:0002 X:0E68 Y:00A8 S:0122 D:0000 DB:86 nvMxdiZc V:255 H: 79 F:14
				84934B 35 2B       AND $2B,X     [000E93] A:00FD X:0E68 Y:00A8 S:0122 D:0000 DB:86 NvMxdizc V:255 H: 82 F:14
				84934D 95 2B       STA $2B,X     [000E93] A:0000 X:0E68 Y:00A8 S:0122 D:0000 DB:86 nvMxdiZc V:255 H: 89 F:14
				84934F 20 08 93    JSR $9308     [849308] A:0000 X:0E68 Y:00A8 S:0122 D:0000 DB:86 nvMxdiZc V:255 H: 95 F:14

				849308 A5 14       LDA $14       [000014] A:0000 X:0E68 Y:00A8 S:0120 D:0000 DB:86 nvMxdiZc V:255 H:105 F:14
				84930A F0 08       BEQ $0008     [849314] A:0000 X:0E68 Y:00A8 S:0120 D:0000 DB:86 nvMxdiZc V:255 H:110 F:14
				849314 60          RTS                    A:0000 X:0E68 Y:00A8 S:0120 D:0000 DB:86 nvMxdiZc V:255 H:115 F:14

				849352 A9 00       LDA #$00               A:0000 X:0E68 Y:00A8 S:0122 D:0000 DB:86 nvMxdiZc V:255 H:125 F:14
				849354 60          RTS                    A:0000 X:0E68 Y:00A8 S:0122 D:0000 DB:86 nvMxdiZc V:255 H:128 F:14

				849305 C2 30       REP #$30               A:0000 X:0E68 Y:00A8 S:0124 D:0000 DB:86 nvMxdiZc V:255 H:148 F:14
				849307 60          RTS                    A:0000 X:0E68 Y:00A8 S:0124 D:0000 DB:86 nvmxdiZc V:255 H:152 F:14

				8491D8 20 ED 91    JSR $91ED     [8491ED] A:0000 X:0E68 Y:00A8 S:0126 D:0000 DB:86 nvmxdiZc V:255 H:162 F:14

				8491ED B5 08       LDA $08,X     [000E70] A:0000 X:0E68 Y:00A8 S:0124 D:0000 DB:86 nvmxdiZc V:255 H:172 F:14
				8491EF D5 24       CMP $24,X     [000E8C] A:00A8 X:0E68 Y:00A8 S:0124 D:0000 DB:86 nvmxdizc V:255 H:181 F:14
				8491F1 F0 F2       BEQ $00F2     [8491E5] A:00A8 X:0E68 Y:00A8 S:0124 D:0000 DB:86 nvmxdiZC V:255 H:189 F:14
				8491E5 B5 1C       LDA $1C,X     [000E84] A:00A8 X:0E68 Y:00A8 S:0124 D:0000 DB:86 nvmxdiZC V:255 H:194 F:14
				8491E7 F0 F5       BEQ $00F5     [8491DE] A:F000 X:0E68 Y:00A8 S:0124 D:0000 DB:86 NvmxdizC V:255 H:202 F:14
				8491E9 10 0A       BPL $000A     [8491F5] A:F000 X:0E68 Y:00A8 S:0124 D:0000 DB:86 NvmxdizC V:255 H:205 F:14
				8491EB 80 55       BRA $0055     [849242] A:F000 X:0E68 Y:00A8 S:0124 D:0000 DB:86 NvmxdizC V:255 H:208 F:14
				849242 E2 20       SEP #$20               A:F000 X:0E68 Y:00A8 S:0124 D:0000 DB:86 NvmxdizC V:255 H:213 F:14
				849244 A0 04 00    LDY #$0004             A:F000 X:0E68 Y:00A8 S:0124 D:0000 DB:86 NvMxdizC V:255 H:217 F:14
				849247 AD 1C 1F    LDA $1F1C     [861F1C] A:F000 X:0E68 Y:0004 S:0124 D:0000 DB:86 nvMxdizC V:255 H:222 F:14
				84924A F0 03       BEQ $0003     [84924F] A:F000 X:0E68 Y:0004 S:0124 D:0000 DB:86 nvMxdiZC V:255 H:228 F:14
				84924F B5 2F       LDA $2F,X     [000E97] A:F000 X:0E68 Y:0004 S:0124 D:0000 DB:86 nvMxdiZC V:255 H:233 F:14
				849251 F0 03       BEQ $0003     [849256] A:F000 X:0E68 Y:0004 S:0124 D:0000 DB:86 nvMxdiZC V:255 H:239 F:14
				849256 98          TYA                    A:F000 X:0E68 Y:0004 S:0124 D:0000 DB:86 nvMxdiZC V:255 H:244 F:14
				849257 09 80       ORA #$80               A:F004 X:0E68 Y:0004 S:0124 D:0000 DB:86 nvMxdizC V:255 H:247 F:14
				849259 85 08       STA $08       [000008] A:F084 X:0E68 Y:0004 S:0124 D:0000 DB:86 NvMxdizC V:255 H:250 F:14
				84925B B4 20       LDY $20,X     [000E88] A:F084 X:0E68 Y:0004 S:0124 D:0000 DB:86 NvMxdizC V:255 H:255 F:14
				84925D B9 06 00    LDA $0006,Y   [86C593] A:F084 X:0E68 Y:C58D S:0124 D:0000 DB:86 NvMxdizC V:255 H:263 F:14
				849260 18          CLC                    A:F002 X:0E68 Y:C58D S:0124 D:0000 DB:86 nvMxdizC V:255 H:271 F:14
				849261 79 08 00    ADC $0008,Y   [86C595] A:F002 X:0E68 Y:C58D S:0124 D:0000 DB:86 nvMxdizc V:255 H:274 F:14
				849264 95 2A       STA $2A,X     [000E92] A:F017 X:0E68 Y:C58D S:0124 D:0000 DB:86 nvMxdizc V:255 H:281 F:14
				849266 B9 05 00    LDA $0005,Y   [86C592] A:F017 X:0E68 Y:C58D S:0124 D:0000 DB:86 nvMxdizc V:255 H:288 F:14
				849269 34 11       BIT $11,X     [000E79] A:F000 X:0E68 Y:C58D S:0124 D:0000 DB:86 nvMxdiZc V:255 H:295 F:14
				84926B 50 03       BVC $0003     [849270] A:F000 X:0E68 Y:C58D S:0124 D:0000 DB:86 nVMxdiZc V:255 H:302 F:14
				84926D 49 FF       EOR #$FF               A:F000 X:0E68 Y:C58D S:0124 D:0000 DB:86 nVMxdiZc V:255 H:305 F:14
				84926F 1A          INC                    A:F0FF X:0E68 Y:C58D S:0124 D:0000 DB:86 NVMxdizc V:255 H:308 F:14
				849270 95 29       STA $29,X     [000E91] A:F000 X:0E68 Y:C58D S:0124 D:0000 DB:86 nVMxdiZc V:255 H:311 F:14
				849272 20 C4 95    JSR $95C4     [8495C4] A:F000 X:0E68 Y:C58D S:0124 D:0000 DB:86 nVMxdiZc V:255 H:317 F:14

				8495C4 B5 2A       LDA $2A,X     [000E92] A:F000 X:0E68 Y:C58D S:0122 D:0000 DB:86 nVMxdiZc V:255 H:327 F:14
				8495C6 48          PHA                    A:F017 X:0E68 Y:C58D S:0122 D:0000 DB:86 nVMxdizc V:255 H:333 F:14
				8495C7 A5 08       LDA $08       [000008] A:F017 X:0E68 Y:C58D S:0121 D:0000 DB:86 nVMxdizc V:255 H:338 F:14
				8495C9 29 7F       AND #$7F               A:F084 X:0E68 Y:C58D S:0121 D:0000 DB:86 NVMxdizc V:256 H:  3 F:14
				8495CB 18          CLC                    A:F004 X:0E68 Y:C58D S:0121 D:0000 DB:86 nVMxdizc V:256 H:  6 F:14
				8495CC 75 2A       ADC $2A,X     [000E92] A:F004 X:0E68 Y:C58D S:0121 D:0000 DB:86 nVMxdizc V:256 H:  9 F:14
				8495CE 95 2A       STA $2A,X     [000E92] A:F01B X:0E68 Y:C58D S:0121 D:0000 DB:86 nvMxdizc V:256 H: 15 F:14
				8495D0 20 B3 90    JSR $90B3     [8490B3] A:F01B X:0E68 Y:C58D S:0121 D:0000 DB:86 nvMxdizc V:256 H: 22 F:14

				8490B3 0B          PHD                    A:F01B X:0E68 Y:C58D S:011F D:0000 DB:86 nvMxdizc V:256 H: 32 F:14
				8490B4 DA          PHX                    A:F01B X:0E68 Y:C58D S:011D D:0000 DB:86 nvMxdizc V:256 H: 39 F:14
				8490B5 08          PHP                    A:F01B X:0E68 Y:C58D S:011B D:0000 DB:86 nvMxdizc V:256 H: 46 F:14
				8490B6 E2 20       SEP #$20               A:F01B X:0E68 Y:C58D S:011A D:0000 DB:86 nvMxdizc V:256 H: 51 F:14
				8490B8 C2 10       REP #$10               A:F01B X:0E68 Y:C58D S:011A D:0000 DB:86 nvMxdizc V:256 H: 55 F:14
				8490BA 64 01       STZ $01       [000001] A:F01B X:0E68 Y:C58D S:011A D:0000 DB:86 nvMxdizc V:256 H: 60 F:14
				8490BC B5 29       LDA $29,X     [000E91] A:F01B X:0E68 Y:C58D S:011A D:0000 DB:86 nvMxdizc V:256 H: 65 F:14
				8490BE 10 02       BPL $0002     [8490C2] A:F000 X:0E68 Y:C58D S:011A D:0000 DB:86 nvMxdiZc V:256 H: 71 F:14
				8490C2 18          CLC                    A:F000 X:0E68 Y:C58D S:011A D:0000 DB:86 nvMxdiZc V:256 H: 76 F:14
				8490C3 75 05       ADC $05,X     [000E6D] A:F000 X:0E68 Y:C58D S:011A D:0000 DB:86 nvMxdiZc V:256 H: 79 F:14
				8490C5 85 00       STA $00       [000000] A:F06D X:0E68 Y:C58D S:011A D:0000 DB:86 nvMxdizc V:256 H: 85 F:14
				8490C7 B5 06       LDA $06,X     [000E6E] A:F06D X:0E68 Y:C58D S:011A D:0000 DB:86 nvMxdizc V:256 H: 90 F:14
				8490C9 65 01       ADC $01       [000001] A:F007 X:0E68 Y:C58D S:011A D:0000 DB:86 nvMxdizc V:256 H: 97 F:14
				8490CB 85 01       STA $01       [000001] A:F007 X:0E68 Y:C58D S:011A D:0000 DB:86 nvMxdizc V:256 H:102 F:14
				8490CD 64 03       STZ $03       [000003] A:F007 X:0E68 Y:C58D S:011A D:0000 DB:86 nvMxdizc V:256 H:107 F:14
				8490CF B5 2A       LDA $2A,X     [000E92] A:F007 X:0E68 Y:C58D S:011A D:0000 DB:86 nvMxdizc V:256 H:112 F:14
				8490D1 10 02       BPL $0002     [8490D5] A:F01B X:0E68 Y:C58D S:011A D:0000 DB:86 nvMxdizc V:256 H:118 F:14
				8490D5 18          CLC                    A:F01B X:0E68 Y:C58D S:011A D:0000 DB:86 nvMxdizc V:256 H:123 F:14
				8490D6 75 08       ADC $08,X     [000E70] A:F01B X:0E68 Y:C58D S:011A D:0000 DB:86 nvMxdizc V:256 H:126 F:14
				8490D8 85 02       STA $02       [000002] A:F0C3 X:0E68 Y:C58D S:011A D:0000 DB:86 NvMxdizc V:256 H:132 F:14
				8490DA 29 F0       AND #$F0               A:F0C3 X:0E68 Y:C58D S:011A D:0000 DB:86 NvMxdizc V:256 H:147 F:14
				8490DC 85 0A       STA $0A       [00000A] A:F0C0 X:0E68 Y:C58D S:011A D:0000 DB:86 NvMxdizc V:256 H:150 F:14
				8490DE B5 09       LDA $09,X     [000E71] A:F0C0 X:0E68 Y:C58D S:011A D:0000 DB:86 NvMxdizc V:256 H:155 F:14
				8490E0 65 03       ADC $03       [000003] A:F000 X:0E68 Y:C58D S:011A D:0000 DB:86 nvMxdiZc V:256 H:162 F:14
				8490E2 85 03       STA $03       [000003] A:F000 X:0E68 Y:C58D S:011A D:0000 DB:86 nvMxdiZc V:256 H:167 F:14
				8490E4 85 0B       STA $0B       [00000B] A:F000 X:0E68 Y:C58D S:011A D:0000 DB:86 nvMxdiZc V:256 H:172 F:14
				8490E6 A5 00       LDA $00       [000000] A:F000 X:0E68 Y:C58D S:011A D:0000 DB:86 nvMxdiZc V:256 H:177 F:14
				8490E8 29 0F       AND #$0F               A:F06D X:0E68 Y:C58D S:011A D:0000 DB:86 nvMxdizc V:256 H:182 F:14
				8490EA 1A          INC                    A:F00D X:0E68 Y:C58D S:011A D:0000 DB:86 nvMxdizc V:256 H:185 F:14
				8490EB 85 0C       STA $0C       [00000C] A:F00E X:0E68 Y:C58D S:011A D:0000 DB:86 nvMxdizc V:256 H:188 F:14
				8490ED A5 02       LDA $02       [000002] A:F00E X:0E68 Y:C58D S:011A D:0000 DB:86 nvMxdizc V:256 H:193 F:14
				8490EF 29 0F       AND #$0F               A:F0C3 X:0E68 Y:C58D S:011A D:0000 DB:86 NvMxdizc V:256 H:198 F:14
				8490F1 1A          INC                    A:F003 X:0E68 Y:C58D S:011A D:0000 DB:86 nvMxdizc V:256 H:201 F:14
				8490F2 85 0E       STA $0E       [00000E] A:F004 X:0E68 Y:C58D S:011A D:0000 DB:86 nvMxdizc V:256 H:204 F:14
				8490F4 C2 20       REP #$20               A:F004 X:0E68 Y:C58D S:011A D:0000 DB:86 nvMxdizc V:256 H:209 F:14
				8490F6 20 6A 91    JSR $916A     [84916A] A:F004 X:0E68 Y:C58D S:011A D:0000 DB:86 nvmxdizc V:256 H:213 F:14

				84916A A9 00 E8    LDA #$E800             A:F004 X:0E68 Y:C58D S:0118 D:0000 DB:86 nvmxdizc V:256 H:223 F:14
				84916D 85 10       STA $10       [000010] A:E800 X:0E68 Y:C58D S:0118 D:0000 DB:86 Nvmxdizc V:256 H:228 F:14
				84916F A9 7E 00    LDA #$007E             A:E800 X:0E68 Y:C58D S:0118 D:0000 DB:86 Nvmxdizc V:256 H:235 F:14
				849172 85 12       STA $12       [000012] A:007E X:0E68 Y:C58D S:0118 D:0000 DB:86 nvmxdizc V:256 H:239 F:14
				849174 A5 02       LDA $02       [000002] A:007E X:0E68 Y:C58D S:0118 D:0000 DB:86 nvmxdizc V:256 H:246 F:14
				849176 29 F0 00    AND #$00F0             A:00C3 X:0E68 Y:C58D S:0118 D:0000 DB:86 nvmxdizc V:256 H:253 F:14
				849179 0A          ASL A                  A:00C0 X:0E68 Y:C58D S:0118 D:0000 DB:86 nvmxdizc V:256 H:258 F:14
				84917A 85 04       STA $04       [000004] A:0180 X:0E68 Y:C58D S:0118 D:0000 DB:86 nvmxdizc V:256 H:261 F:14
				84917C A5 00       LDA $00       [000000] A:0180 X:0E68 Y:C58D S:0118 D:0000 DB:86 nvmxdizc V:256 H:268 F:14
				84917E 29 FF 00    AND #$00FF             A:076D X:0E68 Y:C58D S:0118 D:0000 DB:86 nvmxdizc V:256 H:275 F:14
				849181 4A          LSR A                  A:006D X:0E68 Y:C58D S:0118 D:0000 DB:86 nvmxdizc V:256 H:279 F:14
				849182 4A          LSR A                  A:0036 X:0E68 Y:C58D S:0118 D:0000 DB:86 nvmxdizC V:256 H:282 F:14
				849183 4A          LSR A                  A:001B X:0E68 Y:C58D S:0118 D:0000 DB:86 nvmxdizc V:256 H:285 F:14
				849184 29 FE FF    AND #$FFFE             A:000D X:0E68 Y:C58D S:0118 D:0000 DB:86 nvmxdizC V:256 H:288 F:14
				849187 18          CLC                    A:000C X:0E68 Y:C58D S:0118 D:0000 DB:86 nvmxdizC V:256 H:293 F:14
				849188 65 04       ADC $04       [000004] A:000C X:0E68 Y:C58D S:0118 D:0000 DB:86 nvmxdizc V:256 H:296 F:14
				84918A 85 06       STA $06       [000006] A:018C X:0E68 Y:C58D S:0118 D:0000 DB:86 nvmxdizc V:256 H:303 F:14
				84918C A5 00       LDA $00       [000000] A:018C X:0E68 Y:C58D S:0118 D:0000 DB:86 nvmxdizc V:256 H:310 F:14
				84918E EB          XBA                    A:076D X:0E68 Y:C58D S:0118 D:0000 DB:86 nvmxdizc V:256 H:317 F:14
				84918F 29 1F 00    AND #$001F             A:6D07 X:0E68 Y:C58D S:0118 D:0000 DB:86 nvmxdizc V:256 H:321 F:14
				849192 85 04       STA $04       [000004] A:0007 X:0E68 Y:C58D S:0118 D:0000 DB:86 nvmxdizc V:256 H:325 F:14
				849194 A5 02       LDA $02       [000002] A:0007 X:0E68 Y:C58D S:0118 D:0000 DB:86 nvmxdizc V:256 H:332 F:14
				849196 29 00 1F    AND #$1F00             A:00C3 X:0E68 Y:C58D S:0118 D:0000 DB:86 nvmxdizc V:256 H:339 F:14
				849199 4A          LSR A                  A:0000 X:0E68 Y:C58D S:0118 D:0000 DB:86 nvmxdiZc V:257 H:  3 F:14
				84919A 4A          LSR A                  A:0000 X:0E68 Y:C58D S:0118 D:0000 DB:86 nvmxdiZc V:257 H:  6 F:14
				84919B 4A          LSR A                  A:0000 X:0E68 Y:C58D S:0118 D:0000 DB:86 nvmxdiZc V:257 H:  9 F:14
				84919C 18          CLC                    A:0000 X:0E68 Y:C58D S:0118 D:0000 DB:86 nvmxdiZc V:257 H: 12 F:14
				84919D 65 04       ADC $04       [000004] A:0000 X:0E68 Y:C58D S:0118 D:0000 DB:86 nvmxdiZc V:257 H: 15 F:14
				84919F A8          TAY                    A:0007 X:0E68 Y:C58D S:0118 D:0000 DB:86 nvmxdizc V:257 H: 22 F:14
				8491A0 B7 10       LDA [$10],Y   [7EE807] A:0007 X:0E68 Y:0007 S:0118 D:0000 DB:86 nvmxdizc V:257 H: 25 F:14
				8491A2 29 FF 00    AND #$00FF             A:0003 X:0E68 Y:0007 S:0118 D:0000 DB:86 nvmxdizc V:257 H: 38 F:14
				8491A5 A8          TAY                    A:0003 X:0E68 Y:0007 S:0118 D:0000 DB:86 nvmxdizc V:257 H: 43 F:14
				8491A6 EB          XBA                    A:0003 X:0E68 Y:0003 S:0118 D:0000 DB:86 nvmxdizc V:257 H: 46 F:14
				8491A7 0A          ASL A                  A:0300 X:0E68 Y:0003 S:0118 D:0000 DB:86 nvmxdiZc V:257 H: 50 F:14
				8491A8 18          CLC                    A:0600 X:0E68 Y:0003 S:0118 D:0000 DB:86 nvmxdizc V:257 H: 53 F:14
				8491A9 65 06       ADC $06       [000006] A:0600 X:0E68 Y:0003 S:0118 D:0000 DB:86 nvmxdizc V:257 H: 56 F:14
				8491AB AA          TAX                    A:078C X:0E68 Y:0003 S:0118 D:0000 DB:86 nvmxdizc V:257 H: 63 F:14
				8491AC 60          RTS                    A:078C X:078C Y:0003 S:0118 D:0000 DB:86 nvmxdizc V:257 H: 66 F:14

				8490F9 BF 00 20 7E LDA $7E2000,X [7E278C] A:078C X:078C Y:0003 S:011A D:0000 DB:86 nvmxdizc V:257 H: 76 F:14
				8490FD A8          TAY                    A:0254 X:078C Y:0003 S:011A D:0000 DB:86 nvmxdizc V:257 H: 86 F:14
				8490FE AD 92 0B    LDA $0B92     [860B92] A:0254 X:078C Y:0254 S:011A D:0000 DB:86 nvmxdizc V:257 H: 89 F:14
				849101 85 10       STA $10       [000010] A:F0A5 X:078C Y:0254 S:011A D:0000 DB:86 Nvmxdizc V:257 H: 98 F:14
				849103 AD 94 0B    LDA $0B94     [860B94] A:F0A5 X:078C Y:0254 S:011A D:0000 DB:86 Nvmxdizc V:257 H:105 F:14
				849106 85 12       STA $12       [000012] A:6895 X:078C Y:0254 S:011A D:0000 DB:86 nvmxdizc V:257 H:113 F:14
				849108 B7 10       LDA [$10],Y   [95F2F9] A:6895 X:078C Y:0254 S:011A D:0000 DB:86 nvmxdizc V:257 H:120 F:14
				84910A 29 FF 00    AND #$00FF             A:3B3B X:078C Y:0254 S:011A D:0000 DB:86 nvmxdizc V:257 H:132 F:14
				84910D 28          PLP                    A:003B X:078C Y:0254 S:011A D:0000 DB:86 nvmxdizc V:257 H:147 F:14
				84910E FA          PLX                    A:003B X:078C Y:0254 S:011B D:0000 DB:86 nvMxdizc V:257 H:153 F:14
				84910F 2B          PLD                    A:003B X:0E68 Y:0254 S:011D D:0000 DB:86 nvMxdizc V:257 H:162 F:14
				849110 60          RTS                    A:003B X:0E68 Y:0254 S:011F D:0000 DB:86 nvMxdiZc V:257 H:170 F:14

				8495D3 95 2E       STA $2E,X     [000E96] A:003B X:0E68 Y:0254 S:0121 D:0000 DB:86 nvMxdiZc V:257 H:180 F:14
				8495D5 85 18       STA $18       [000018] A:003B X:0E68 Y:0254 S:0121 D:0000 DB:86 nvMxdiZc V:257 H:187 F:14
				8495D7 29 3F       AND #$3F               A:003B X:0E68 Y:0254 S:0121 D:0000 DB:86 nvMxdiZc V:257 H:192 F:14
				8495D9 0A          ASL A                  A:003B X:0E68 Y:0254 S:0121 D:0000 DB:86 nvMxdizc V:257 H:195 F:14
				8495DA EB          XBA                    A:0076 X:0E68 Y:0254 S:0121 D:0000 DB:86 nvMxdizc V:257 H:198 F:14
				8495DB A9 00       LDA #$00               A:7600 X:0E68 Y:0254 S:0121 D:0000 DB:86 nvMxdiZc V:257 H:202 F:14
				8495DD EB          XBA                    A:7600 X:0E68 Y:0254 S:0121 D:0000 DB:86 nvMxdiZc V:257 H:205 F:14
				8495DE A8          TAY                    A:0076 X:0E68 Y:0254 S:0121 D:0000 DB:86 nvMxdizc V:257 H:210 F:14
				8495DF 84 28       STY $28       [000028] A:0076 X:0E68 Y:0076 S:0121 D:0000 DB:86 nvMxdizc V:257 H:213 F:14
				8495E1 86 2C       STX $2C       [00002C] A:0076 X:0E68 Y:0076 S:0121 D:0000 DB:86 nvMxdizc V:257 H:220 F:14
				8495E3 68          PLA                    A:0076 X:0E68 Y:0076 S:0121 D:0000 DB:86 nvMxdizc V:257 H:227 F:14
				8495E4 95 2A       STA $2A,X     [000E92] A:0017 X:0E68 Y:0076 S:0122 D:0000 DB:86 nvMxdizc V:257 H:233 F:14
				8495E6 A6 2C       LDX $2C       [00002C] A:0017 X:0E68 Y:0076 S:0122 D:0000 DB:86 nvMxdizc V:257 H:240 F:14
				8495E8 A9 FB       LDA #$FB               A:0017 X:0E68 Y:0076 S:0122 D:0000 DB:86 nvMxdizc V:257 H:247 F:14
				8495EA 35 2B       AND $2B,X     [000E93] A:00FB X:0E68 Y:0076 S:0122 D:0000 DB:86 NvMxdizc V:257 H:250 F:14
				8495EC 95 2B       STA $2B,X     [000E93] A:0000 X:0E68 Y:0076 S:0122 D:0000 DB:86 nvMxdiZc V:257 H:256 F:14
				8495EE 64 01       STZ $01       [000001] A:0000 X:0E68 Y:0076 S:0122 D:0000 DB:86 nvMxdiZc V:257 H:263 F:14
				8495F0 B5 2A       LDA $2A,X     [000E92] A:0000 X:0E68 Y:0076 S:0122 D:0000 DB:86 nvMxdiZc V:257 H:268 F:14
				8495F2 85 02       STA $02       [000002] A:0017 X:0E68 Y:0076 S:0122 D:0000 DB:86 nvMxdizc V:257 H:274 F:14
				8495F4 64 03       STZ $03       [000003] A:0017 X:0E68 Y:0076 S:0122 D:0000 DB:86 nvMxdizc V:257 H:279 F:14
				8495F6 B4 05       LDY $05,X     [000E6D] A:0017 X:0E68 Y:0076 S:0122 D:0000 DB:86 nvMxdizc V:257 H:284 F:14
				8495F8 84 10       STY $10       [000010] A:0017 X:0E68 Y:076D S:0122 D:0000 DB:86 nvMxdizc V:257 H:293 F:14
				8495FA B4 08       LDY $08,X     [000E70] A:0017 X:0E68 Y:076D S:0122 D:0000 DB:86 nvMxdizc V:257 H:300 F:14
				8495FC 84 12       STY $12       [000012] A:0017 X:0E68 Y:00A8 S:0122 D:0000 DB:86 nvMxdizc V:257 H:308 F:14
				8495FE A6 28       LDX $28       [000028] A:0017 X:0E68 Y:00A8 S:0122 D:0000 DB:86 nvMxdizc V:257 H:315 F:14
				849600 FC 1C 96    JSR ($961C,X) [849692] A:0017 X:0076 Y:00A8 S:0122 D:0000 DB:86 nvMxdizc V:257 H:322 F:14

				8496B5 A6 2C       LDX $2C       [00002C] A:0017 X:0076 Y:00A8 S:0120 D:0000 DB:86 nvMxdizc V:257 H:334 F:14
				8496B7 A5 0E       LDA $0E       [00000E] A:0017 X:0E68 Y:00A8 S:0120 D:0000 DB:86 nvMxdizc V:258 H:  1 F:14
				8496B9 85 00       STA $00       [000000] A:0004 X:0E68 Y:00A8 S:0120 D:0000 DB:86 nvMxdizc V:258 H:  6 F:14
				8496BB 64 01       STZ $01       [000001] A:0004 X:0E68 Y:00A8 S:0120 D:0000 DB:86 nvMxdizc V:258 H: 11 F:14
				8496BD C2 20       REP #$20               A:0004 X:0E68 Y:00A8 S:0120 D:0000 DB:86 nvMxdizc V:258 H: 16 F:14
				8496BF A5 08       LDA $08       [000008] A:0004 X:0E68 Y:00A8 S:0120 D:0000 DB:86 nvmxdizc V:258 H: 21 F:14
				8496C1 29 7F 00    AND #$007F             A:FF84 X:0E68 Y:00A8 S:0120 D:0000 DB:86 Nvmxdizc V:258 H: 28 F:14
				8496C4 18          CLC                    A:0004 X:0E68 Y:00A8 S:0120 D:0000 DB:86 nvmxdizc V:258 H: 32 F:14
				8496C5 75 08       ADC $08,X     [000E70] A:0004 X:0E68 Y:00A8 S:0120 D:0000 DB:86 nvmxdizc V:258 H: 35 F:14
				8496C7 38          SEC                    A:00AC X:0E68 Y:00A8 S:0120 D:0000 DB:86 nvmxdizc V:258 H: 44 F:14
				8496C8 E5 00       SBC $00       [000000] A:00AC X:0E68 Y:00A8 S:0120 D:0000 DB:86 nvmxdizC V:258 H: 47 F:14
				8496CA 95 08       STA $08,X     [000E70] A:00A8 X:0E68 Y:00A8 S:0120 D:0000 DB:86 nvmxdizC V:258 H: 54 F:14
				8496CC E2 20       SEP #$20               A:00A8 X:0E68 Y:00A8 S:0120 D:0000 DB:86 nvmxdizC V:258 H: 62 F:14
				8496CE 74 2F       STZ $2F,X     [000E97] A:00A8 X:0E68 Y:00A8 S:0120 D:0000 DB:86 nvMxdizC V:258 H: 67 F:14
				8496D0 A9 01       LDA #$01               A:00A8 X:0E68 Y:00A8 S:0120 D:0000 DB:86 nvMxdizC V:258 H: 73 F:14
				8496D2 60          RTS                    A:0001 X:0E68 Y:00A8 S:0120 D:0000 DB:86 nvMxdizC V:258 H: 76 F:14

				849603 F0 11       BEQ $0011     [849616] A:0001 X:0E68 Y:00A8 S:0122 D:0000 DB:86 nvMxdizC V:258 H: 86 F:14
				849605 A6 2C       LDX $2C       [00002C] A:0001 X:0E68 Y:00A8 S:0122 D:0000 DB:86 nvMxdizC V:258 H: 89 F:14
				849607 A9 04       LDA #$04               A:0001 X:0E68 Y:00A8 S:0122 D:0000 DB:86 nvMxdizC V:258 H: 96 F:14
				849609 15 2B       ORA $2B,X     [000E93] A:0004 X:0E68 Y:00A8 S:0122 D:0000 DB:86 nvMxdizC V:258 H: 99 F:14
				84960B 95 2B       STA $2B,X     [000E93] A:0004 X:0E68 Y:00A8 S:0122 D:0000 DB:86 nvMxdizC V:258 H:106 F:14
				84960D 20 4C 99    JSR $994C     [84994C] A:0004 X:0E68 Y:00A8 S:0122 D:0000 DB:86 nvMxdizC V:258 H:112 F:14

				84994C AD 1C 1F    LDA $1F1C     [861F1C] A:0004 X:0E68 Y:00A8 S:0120 D:0000 DB:86 nvMxdizC V:258 H:122 F:14
				84994F 10 06       BPL $0006     [849957] A:0000 X:0E68 Y:00A8 S:0120 D:0000 DB:86 nvMxdiZC V:258 H:129 F:14
				849957 60          RTS                    A:0000 X:0E68 Y:00A8 S:0120 D:0000 DB:86 nvMxdiZC V:258 H:143 F:14

				849610 20 08 93    JSR $9308     [849308] A:0000 X:0E68 Y:00A8 S:0122 D:0000 DB:86 nvMxdiZC V:258 H:153 F:14

				849308 A5 14       LDA $14       [000014] A:0000 X:0E68 Y:00A8 S:0120 D:0000 DB:86 nvMxdiZC V:258 H:163 F:14
				84930A F0 08       BEQ $0008     [849314] A:0000 X:0E68 Y:00A8 S:0120 D:0000 DB:86 nvMxdiZC V:258 H:168 F:14
				849314 60          RTS                    A:0000 X:0E68 Y:00A8 S:0120 D:0000 DB:86 nvMxdiZC V:258 H:173 F:14

				849613 A9 01       LDA #$01               A:0000 X:0E68 Y:00A8 S:0122 D:0000 DB:86 nvMxdiZC V:258 H:183 F:14
				849615 60          RTS                    A:0001 X:0E68 Y:00A8 S:0122 D:0000 DB:86 nvMxdizC V:258 H:186 F:14

				849275 D0 32       BNE $0032     [8492A9] A:0001 X:0E68 Y:00A8 S:0124 D:0000 DB:86 nvMxdizC V:258 H:196 F:14
				8492A9 C2 30       REP #$30               A:0001 X:0E68 Y:00A8 S:0124 D:0000 DB:86 nvMxdizC V:258 H:200 F:14
				8492AB 60          RTS                    A:0001 X:0E68 Y:00A8 S:0124 D:0000 DB:86 nvmxdizC V:258 H:205 F:14

				8491DB 2B          PLD                    A:0001 X:0E68 Y:00A8 S:0126 D:0000 DB:86 nvmxdizC V:258 H:215 F:14
				8491DC 28          PLP                    A:0001 X:0E68 Y:00A8 S:0128 D:0E68 DB:86 nvmxdizC V:258 H:223 F:14
				8491DD 6B          RTL                    A:0001 X:0068 Y:00A8 S:0129 D:0E68 DB:86 nvMXdizC V:258 H:230 F:14

			879010 C6 34       DEC $34       [000E9C] A:0001 X:0068 Y:00A8 S:012C D:0E68 DB:86 nvMXdizC V:258 H:240 F:14		Decrease E-CD2 = #$00
			879012 F0 01       BEQ $0001     [879015] A:0001 X:0068 Y:00A8 S:012C D:0E68 DB:86 nvMXdiZC V:258 H:250 F:14		Branch because E-CD2 = #$00
			879015 A5 35       LDA $35       [000E9D] A:0001 X:0068 Y:00A8 S:012C D:0E68 DB:86 nvMXdiZC V:258 H:255 F:14
			879017 D0 28       BNE $0028     [879041] A:0000 X:0068 Y:00A8 S:012C D:0E68 DB:86 nvMXdiZC V:258 H:261 F:14		Branch if E-BoomOut <> #$00
			879019 A5 32       LDA $32       [000E9A] A:0000 X:0068 Y:00A8 S:012C D:0E68 DB:86 nvMXdiZC V:258 H:264 F:14
			87901B D0 1D       BNE $001D     [87903A] A:0000 X:0068 Y:00A8 S:012C D:0E68 DB:86 nvMXdiZC V:258 H:271 F:14		Branch if E-TeleLeft <> #$00
			87901D A5 27       LDA $27       [000E8F] A:0000 X:0068 Y:00A8 S:012C D:0E68 DB:86 nvMXdiZC V:258 H:274 F:14
			87901F 29 7F       AND #$7F               A:0009 X:0068 Y:00A8 S:012C D:0E68 DB:86 nvMXdizC V:258 H:280 F:14
			879021 C9 11       CMP #$11               A:0009 X:0068 Y:00A8 S:012C D:0E68 DB:86 nvMXdizC V:258 H:283 F:14
			879023 B0 1C       BCS $001C     [879041] A:0009 X:0068 Y:00A8 S:012C D:0E68 DB:86 NvMXdizc V:258 H:286 F:14		Branch if E-HP AND #$7F >= #$11
			879025 22 86 90 84 JSL $849086   [849086] A:0009 X:0068 Y:00A8 S:012C D:0E68 DB:86 NvMXdizc V:258 H:289 F:14		JSL $849086 --> Load A (2B) with RNG value

				849086 08          PHP                    A:0009 X:0068 Y:00A8 S:0129 D:0E68 DB:86 NvMXdizc V:258 H:303 F:14
				849087 C2 20       REP #$20               A:0009 X:0068 Y:00A8 S:0128 D:0E68 DB:86 NvMXdizc V:258 H:308 F:14
				849089 AD A6 0B    LDA $0BA6     [860BA6] A:0009 X:0068 Y:00A8 S:0128 D:0E68 DB:86 NvmXdizc V:258 H:312 F:14
				84908C 0A          ASL A                  A:D603 X:0068 Y:00A8 S:0128 D:0E68 DB:86 NvmXdizc V:258 H:321 F:14
				84908D 18          CLC                    A:AC06 X:0068 Y:00A8 S:0128 D:0E68 DB:86 NvmXdizC V:258 H:323 F:14
				84908E 6D A6 0B    ADC $0BA6     [860BA6] A:AC06 X:0068 Y:00A8 S:0128 D:0E68 DB:86 NvmXdizc V:258 H:326 F:14
				849091 EB          XBA                    A:8209 X:0068 Y:00A8 S:0128 D:0E68 DB:86 NvmXdizC V:258 H:334 F:14
				849092 E2 20       SEP #$20               A:0982 X:0068 Y:00A8 S:0128 D:0E68 DB:86 NvmXdizC V:258 H:339 F:14
				849094 8D A7 0B    STA $0BA7     [860BA7] A:0982 X:0068 Y:00A8 S:0128 D:0E68 DB:86 NvMXdizC V:259 H:  3 F:14
				849097 18          CLC                    A:0982 X:0068 Y:00A8 S:0128 D:0E68 DB:86 NvMXdizC V:259 H: 10 F:14
				849098 6D A6 0B    ADC $0BA6     [860BA6] A:0982 X:0068 Y:00A8 S:0128 D:0E68 DB:86 NvMXdizc V:259 H: 13 F:14
				84909B 8D A6 0B    STA $0BA6     [860BA6] A:0985 X:0068 Y:00A8 S:0128 D:0E68 DB:86 NvMXdizc V:259 H: 19 F:14
				84909E 28          PLP                    A:0985 X:0068 Y:00A8 S:0128 D:0E68 DB:86 NvMXdizc V:259 H: 26 F:14
				84909F 6B          RTL                    A:0985 X:0068 Y:00A8 S:0129 D:0E68 DB:86 NvMXdizc V:259 H: 32 F:14

			879029 29 0F       AND #$0F               A:0985 X:0068 Y:00A8 S:012C D:0E68 DB:86 NvMXdizc V:259 H: 43 F:14		
			87902B C9 06       CMP #$06               A:0905 X:0068 Y:00A8 S:012C D:0E68 DB:86 nvMXdizc V:259 H: 46 F:14
			87902D B0 12       BCS $0012     [879041] A:0905 X:0068 Y:00A8 S:012C D:0E68 DB:86 NvMXdizc V:259 H: 49 F:14		Branch if RNG(00,0F) >= #$06
			87902F 22 86 90 84 JSL $849086   [849086] A:0905 X:0068 Y:00A8 S:012C D:0E68 DB:86 NvMXdizc V:259 H: 52 F:14		JSL $849086 --> Load A (2B) with RNG value

				849086 08          PHP                    A:0905 X:0068 Y:00A8 S:0129 D:0E68 DB:86 NvMXdizc V:259 H: 65 F:14
				849087 C2 20       REP #$20               A:0905 X:0068 Y:00A8 S:0128 D:0E68 DB:86 NvMXdizc V:259 H: 70 F:14
				849089 AD A6 0B    LDA $0BA6     [860BA6] A:0905 X:0068 Y:00A8 S:0128 D:0E68 DB:86 NvmXdizc V:259 H: 75 F:14
				84908C 0A          ASL A                  A:8285 X:0068 Y:00A8 S:0128 D:0E68 DB:86 NvmXdizc V:259 H: 83 F:14
				84908D 18          CLC                    A:050A X:0068 Y:00A8 S:0128 D:0E68 DB:86 nvmXdizC V:259 H: 86 F:14
				84908E 6D A6 0B    ADC $0BA6     [860BA6] A:050A X:0068 Y:00A8 S:0128 D:0E68 DB:86 nvmXdizc V:259 H: 89 F:14
				849091 EB          XBA                    A:878F X:0068 Y:00A8 S:0128 D:0E68 DB:86 NvmXdizc V:259 H: 98 F:14
				849092 E2 20       SEP #$20               A:8F87 X:0068 Y:00A8 S:0128 D:0E68 DB:86 NvmXdizc V:259 H:102 F:14
				849094 8D A7 0B    STA $0BA7     [860BA7] A:8F87 X:0068 Y:00A8 S:0128 D:0E68 DB:86 NvMXdizc V:259 H:107 F:14
				849097 18          CLC                    A:8F87 X:0068 Y:00A8 S:0128 D:0E68 DB:86 NvMXdizc V:259 H:113 F:14
				849098 6D A6 0B    ADC $0BA6     [860BA6] A:8F87 X:0068 Y:00A8 S:0128 D:0E68 DB:86 NvMXdizc V:259 H:116 F:14
				84909B 8D A6 0B    STA $0BA6     [860BA6] A:8F0C X:0068 Y:00A8 S:0128 D:0E68 DB:86 nVMXdizC V:259 H:123 F:14
				84909E 28          PLP                    A:8F0C X:0068 Y:00A8 S:0128 D:0E68 DB:86 nVMXdizC V:259 H:129 F:14
				84909F 6B          RTL                    A:8F0C X:0068 Y:00A8 S:0129 D:0E68 DB:86 NvMXdizc V:259 H:146 F:14

			879033 29 07       AND #$07               A:8F0C X:0068 Y:00A8 S:012C D:0E68 DB:86 NvMXdizc V:259 H:156 F:14
			879035 18          CLC                    A:8F04 X:0068 Y:00A8 S:012C D:0E68 DB:86 nvMXdizc V:259 H:159 F:14
			879036 69 06       ADC #$06               A:8F04 X:0068 Y:00A8 S:012C D:0E68 DB:86 nvMXdizc V:259 H:162 F:14
			879038 85 32       STA $32       [000E9A] A:8F0A X:0068 Y:00A8 S:012C D:0E68 DB:86 nvMXdizc V:259 H:165 F:14		E-TeleLeft = RNG(00,07) + #$06 = #$0A
			87903A A9 04       LDA #$04               A:8F0A X:0068 Y:00A8 S:012C D:0E68 DB:86 nvMXdizc V:259 H:172 F:14
			87903C 85 02       STA $02       [000E6A] A:8F04 X:0068 Y:00A8 S:012C D:0E68 DB:86 nvMXdizc V:259 H:175 F:14		E-Action = #$04
			87903E 64 03       STZ $03       [000E6B] A:8F04 X:0068 Y:00A8 S:012C D:0E68 DB:86 nvMXdizc V:259 H:181 F:14		E-Subaction = #$00
			879040 60          RTS                    A:8F04 X:0068 Y:00A8 S:012C D:0E68 DB:86 nvMXdizc V:259 H:188 F:14

		878C23 A5 37       LDA $37       [000E9F] A:8F04 X:0068 Y:00A8 S:012E D:0E68 DB:86 nvMXdizc V:259 H:198 F:14
		878C25 F0 12       BEQ $0012     [878C39] A:8F00 X:0068 Y:00A8 S:012E D:0E68 DB:86 nvMXdiZc V:259 H:204 F:14
		878C39 A9 0D       LDA #$0D               A:8F00 X:0068 Y:00A8 S:012E D:0E68 DB:86 nvMXdiZc V:259 H:209 F:14
		878C3B A6 3D       LDX $3D       [000EA5] A:8F0D X:0068 Y:00A8 S:012E D:0E68 DB:86 nvMXdizc V:259 H:212 F:14
		878C3D F0 02       BEQ $0002     [878C41] A:8F0D X:002C Y:00A8 S:012E D:0E68 DB:86 nvMXdizc V:259 H:218 F:14
		878C3F A9 05       LDA #$05               A:8F0D X:002C Y:00A8 S:012E D:0E68 DB:86 nvMXdizc V:259 H:221 F:14
		878C41 85 28       STA $28       [000E90] A:8F05 X:002C Y:00A8 S:012E D:0E68 DB:86 nvMXdizc V:259 H:224 F:14
		878C43 AD DB 0B    LDA $0BDB     [860BDB] A:8F05 X:002C Y:00A8 S:012E D:0E68 DB:86 nvMXdizc V:259 H:231 F:14
		878C46 C9 02       CMP #$02               A:8F00 X:002C Y:00A8 S:012E D:0E68 DB:86 nvMXdiZc V:259 H:237 F:14
		878C48 F0 04       BEQ $0004     [878C4E] A:8F00 X:002C Y:00A8 S:012E D:0E68 DB:86 NvMXdizc V:259 H:240 F:14
		878C4A A5 38       LDA $38       [000EA0] A:8F00 X:002C Y:00A8 S:012E D:0E68 DB:86 NvMXdizc V:259 H:243 F:14
		878C4C D0 4D       BNE $004D     [878C9B] A:8F00 X:002C Y:00A8 S:012E D:0E68 DB:86 nvMXdiZc V:259 H:250 F:14
		878C4E 22 43 9B 84 JSL $849B43   [849B43] A:8F00 X:002C Y:00A8 S:012E D:0E68 DB:86 nvMXdiZc V:259 H:253 F:14

			849B43 C2 10       REP #$10               A:8F00 X:002C Y:00A8 S:012B D:0E68 DB:86 nvMXdiZc V:259 H:266 F:14
			849B45 A5 27       LDA $27       [000E8F] A:8F00 X:002C Y:00A8 S:012B D:0E68 DB:86 nvMxdiZc V:259 H:271 F:14
			849B47 29 7F       AND #$7F               A:8F09 X:002C Y:00A8 S:012B D:0E68 DB:86 nvMxdizc V:259 H:277 F:14
			849B49 85 27       STA $27       [000E8F] A:8F09 X:002C Y:00A8 S:012B D:0E68 DB:86 nvMxdizc V:259 H:280 F:14
			849B4B F0 2C       BEQ $002C     [849B79] A:8F09 X:002C Y:00A8 S:012B D:0E68 DB:86 nvMxdizc V:259 H:287 F:14
			849B4D A5 30       LDA $30       [000E98] A:8F09 X:002C Y:00A8 S:012B D:0E68 DB:86 nvMxdizc V:259 H:290 F:14
			849B4F D0 28       BNE $0028     [849B79] A:8F00 X:002C Y:00A8 S:012B D:0E68 DB:86 nvMxdiZc V:259 H:296 F:14
			849B51 A5 0E       LDA $0E       [000E76] A:8F00 X:002C Y:00A8 S:012B D:0E68 DB:86 nvMxdiZc V:259 H:299 F:14
			849B53 F0 24       BEQ $0024     [849B79] A:8F01 X:002C Y:00A8 S:012B D:0E68 DB:86 nvMxdizc V:259 H:306 F:14
			849B55 A2 28 12    LDX #$1228             A:8F01 X:002C Y:00A8 S:012B D:0E68 DB:86 nvMxdizc V:259 H:309 F:14
			849B58 E2 20       SEP #$20               A:8F01 X:1228 Y:00A8 S:012B D:0E68 DB:86 nvMxdizc V:259 H:313 F:14
			849B5A BD 00 00    LDA $0000,X   [861228] A:8F01 X:1228 Y:00A8 S:012B D:0E68 DB:86 nvMxdizc V:259 H:318 F:14
			849B5D F0 0E       BEQ $000E     [849B6D] A:8F00 X:1228 Y:00A8 S:012B D:0E68 DB:86 nvMxdiZc V:259 H:325 F:14
			849B6D C2 21       REP #$21               A:8F00 X:1228 Y:00A8 S:012B D:0E68 DB:86 nvMxdiZc V:259 H:329 F:14
			849B6F 8A          TXA                    A:8F00 X:1228 Y:00A8 S:012B D:0E68 DB:86 nvmxdiZc V:259 H:334 F:14
			849B70 69 40 00    ADC #$0040             A:1228 X:1228 Y:00A8 S:012B D:0E68 DB:86 nvmxdizc V:259 H:337 F:14
			849B73 AA          TAX                    A:1268 X:1228 Y:00A8 S:012B D:0E68 DB:86 nvmxdizc V:260 H:  1 F:14
			849B74 C9 28 14    CMP #$1428             A:1268 X:1268 Y:00A8 S:012B D:0E68 DB:86 nvmxdizc V:260 H:  4 F:14
			849B77 90 DF       BCC $00DF     [849B58] A:1268 X:1268 Y:00A8 S:012B D:0E68 DB:86 Nvmxdizc V:260 H:  9 F:14
			849B58 E2 20       SEP #$20               A:1268 X:1268 Y:00A8 S:012B D:0E68 DB:86 Nvmxdizc V:260 H: 13 F:14
			849B5A BD 00 00    LDA $0000,X   [861268] A:1268 X:1268 Y:00A8 S:012B D:0E68 DB:86 NvMxdizc V:260 H: 18 F:14
			849B5D F0 0E       BEQ $000E     [849B6D] A:1200 X:1268 Y:00A8 S:012B D:0E68 DB:86 nvMxdiZc V:260 H: 26 F:14
			849B6D C2 21       REP #$21               A:1200 X:1268 Y:00A8 S:012B D:0E68 DB:86 nvMxdiZc V:260 H: 30 F:14
			849B6F 8A          TXA                    A:1200 X:1268 Y:00A8 S:012B D:0E68 DB:86 nvmxdiZc V:260 H: 35 F:14
			849B70 69 40 00    ADC #$0040             A:1268 X:1268 Y:00A8 S:012B D:0E68 DB:86 nvmxdizc V:260 H: 38 F:14
			849B73 AA          TAX                    A:12A8 X:1268 Y:00A8 S:012B D:0E68 DB:86 nvmxdizc V:260 H: 42 F:14
			849B74 C9 28 14    CMP #$1428             A:12A8 X:12A8 Y:00A8 S:012B D:0E68 DB:86 nvmxdizc V:260 H: 45 F:14
			849B77 90 DF       BCC $00DF     [849B58] A:12A8 X:12A8 Y:00A8 S:012B D:0E68 DB:86 Nvmxdizc V:260 H: 50 F:14
			849B58 E2 20       SEP #$20               A:12A8 X:12A8 Y:00A8 S:012B D:0E68 DB:86 Nvmxdizc V:260 H: 54 F:14
			849B5A BD 00 00    LDA $0000,X   [8612A8] A:12A8 X:12A8 Y:00A8 S:012B D:0E68 DB:86 NvMxdizc V:260 H: 59 F:14
			849B5D F0 0E       BEQ $000E     [849B6D] A:1200 X:12A8 Y:00A8 S:012B D:0E68 DB:86 nvMxdiZc V:260 H: 67 F:14
			849B6D C2 21       REP #$21               A:1200 X:12A8 Y:00A8 S:012B D:0E68 DB:86 nvMxdiZc V:260 H: 71 F:14
			849B6F 8A          TXA                    A:1200 X:12A8 Y:00A8 S:012B D:0E68 DB:86 nvmxdiZc V:260 H: 76 F:14
			849B70 69 40 00    ADC #$0040             A:12A8 X:12A8 Y:00A8 S:012B D:0E68 DB:86 nvmxdizc V:260 H: 79 F:14
			849B73 AA          TAX                    A:12E8 X:12A8 Y:00A8 S:012B D:0E68 DB:86 nvmxdizc V:260 H: 83 F:14
			849B74 C9 28 14    CMP #$1428             A:12E8 X:12E8 Y:00A8 S:012B D:0E68 DB:86 nvmxdizc V:260 H: 86 F:14
			849B77 90 DF       BCC $00DF     [849B58] A:12E8 X:12E8 Y:00A8 S:012B D:0E68 DB:86 Nvmxdizc V:260 H: 91 F:14
			849B58 E2 20       SEP #$20               A:12E8 X:12E8 Y:00A8 S:012B D:0E68 DB:86 Nvmxdizc V:260 H: 95 F:14
			849B5A BD 00 00    LDA $0000,X   [8612E8] A:12E8 X:12E8 Y:00A8 S:012B D:0E68 DB:86 NvMxdizc V:260 H:100 F:14
			849B5D F0 0E       BEQ $000E     [849B6D] A:1200 X:12E8 Y:00A8 S:012B D:0E68 DB:86 nvMxdiZc V:260 H:108 F:14
			849B6D C2 21       REP #$21               A:1200 X:12E8 Y:00A8 S:012B D:0E68 DB:86 nvMxdiZc V:260 H:112 F:14
			849B6F 8A          TXA                    A:1200 X:12E8 Y:00A8 S:012B D:0E68 DB:86 nvmxdiZc V:260 H:117 F:14
			849B70 69 40 00    ADC #$0040             A:12E8 X:12E8 Y:00A8 S:012B D:0E68 DB:86 nvmxdizc V:260 H:120 F:14
			849B73 AA          TAX                    A:1328 X:12E8 Y:00A8 S:012B D:0E68 DB:86 nvmxdizc V:260 H:124 F:14
			849B74 C9 28 14    CMP #$1428             A:1328 X:1328 Y:00A8 S:012B D:0E68 DB:86 nvmxdizc V:260 H:127 F:14
			849B77 90 DF       BCC $00DF     [849B58] A:1328 X:1328 Y:00A8 S:012B D:0E68 DB:86 Nvmxdizc V:260 H:132 F:14
			849B58 E2 20       SEP #$20               A:1328 X:1328 Y:00A8 S:012B D:0E68 DB:86 Nvmxdizc V:260 H:146 F:14
			849B5A BD 00 00    LDA $0000,X   [861328] A:1328 X:1328 Y:00A8 S:012B D:0E68 DB:86 NvMxdizc V:260 H:151 F:14
			849B5D F0 0E       BEQ $000E     [849B6D] A:1300 X:1328 Y:00A8 S:012B D:0E68 DB:86 nvMxdiZc V:260 H:159 F:14
			849B6D C2 21       REP #$21               A:1300 X:1328 Y:00A8 S:012B D:0E68 DB:86 nvMxdiZc V:260 H:163 F:14
			849B6F 8A          TXA                    A:1300 X:1328 Y:00A8 S:012B D:0E68 DB:86 nvmxdiZc V:260 H:168 F:14
			849B70 69 40 00    ADC #$0040             A:1328 X:1328 Y:00A8 S:012B D:0E68 DB:86 nvmxdizc V:260 H:171 F:14
			849B73 AA          TAX                    A:1368 X:1328 Y:00A8 S:012B D:0E68 DB:86 nvmxdizc V:260 H:175 F:14
			849B74 C9 28 14    CMP #$1428             A:1368 X:1368 Y:00A8 S:012B D:0E68 DB:86 nvmxdizc V:260 H:178 F:14
			849B77 90 DF       BCC $00DF     [849B58] A:1368 X:1368 Y:00A8 S:012B D:0E68 DB:86 Nvmxdizc V:260 H:183 F:14
			849B58 E2 20       SEP #$20               A:1368 X:1368 Y:00A8 S:012B D:0E68 DB:86 Nvmxdizc V:260 H:187 F:14
			849B5A BD 00 00    LDA $0000,X   [861368] A:1368 X:1368 Y:00A8 S:012B D:0E68 DB:86 NvMxdizc V:260 H:192 F:14
			849B5D F0 0E       BEQ $000E     [849B6D] A:1300 X:1368 Y:00A8 S:012B D:0E68 DB:86 nvMxdiZc V:260 H:200 F:14
			849B6D C2 21       REP #$21               A:1300 X:1368 Y:00A8 S:012B D:0E68 DB:86 nvMxdiZc V:260 H:204 F:14
			849B6F 8A          TXA                    A:1300 X:1368 Y:00A8 S:012B D:0E68 DB:86 nvmxdiZc V:260 H:209 F:14
			849B70 69 40 00    ADC #$0040             A:1368 X:1368 Y:00A8 S:012B D:0E68 DB:86 nvmxdizc V:260 H:212 F:14
			849B73 AA          TAX                    A:13A8 X:1368 Y:00A8 S:012B D:0E68 DB:86 nvmxdizc V:260 H:216 F:14
			849B74 C9 28 14    CMP #$1428             A:13A8 X:13A8 Y:00A8 S:012B D:0E68 DB:86 nvmxdizc V:260 H:219 F:14
			849B77 90 DF       BCC $00DF     [849B58] A:13A8 X:13A8 Y:00A8 S:012B D:0E68 DB:86 Nvmxdizc V:260 H:224 F:14
			849B58 E2 20       SEP #$20               A:13A8 X:13A8 Y:00A8 S:012B D:0E68 DB:86 Nvmxdizc V:260 H:228 F:14
			849B5A BD 00 00    LDA $0000,X   [8613A8] A:13A8 X:13A8 Y:00A8 S:012B D:0E68 DB:86 NvMxdizc V:260 H:233 F:14
			849B5D F0 0E       BEQ $000E     [849B6D] A:1300 X:13A8 Y:00A8 S:012B D:0E68 DB:86 nvMxdiZc V:260 H:241 F:14
			849B6D C2 21       REP #$21               A:1300 X:13A8 Y:00A8 S:012B D:0E68 DB:86 nvMxdiZc V:260 H:245 F:14
			849B6F 8A          TXA                    A:1300 X:13A8 Y:00A8 S:012B D:0E68 DB:86 nvmxdiZc V:260 H:250 F:14
			849B70 69 40 00    ADC #$0040             A:13A8 X:13A8 Y:00A8 S:012B D:0E68 DB:86 nvmxdizc V:260 H:253 F:14
			849B73 AA          TAX                    A:13E8 X:13A8 Y:00A8 S:012B D:0E68 DB:86 nvmxdizc V:260 H:257 F:14
			849B74 C9 28 14    CMP #$1428             A:13E8 X:13E8 Y:00A8 S:012B D:0E68 DB:86 nvmxdizc V:260 H:260 F:14
			849B77 90 DF       BCC $00DF     [849B58] A:13E8 X:13E8 Y:00A8 S:012B D:0E68 DB:86 Nvmxdizc V:260 H:265 F:14
			849B58 E2 20       SEP #$20               A:13E8 X:13E8 Y:00A8 S:012B D:0E68 DB:86 Nvmxdizc V:260 H:269 F:14
			849B5A BD 00 00    LDA $0000,X   [8613E8] A:13E8 X:13E8 Y:00A8 S:012B D:0E68 DB:86 NvMxdizc V:260 H:274 F:14
			849B5D F0 0E       BEQ $000E     [849B6D] A:1300 X:13E8 Y:00A8 S:012B D:0E68 DB:86 nvMxdiZc V:260 H:282 F:14
			849B6D C2 21       REP #$21               A:1300 X:13E8 Y:00A8 S:012B D:0E68 DB:86 nvMxdiZc V:260 H:286 F:14
			849B6F 8A          TXA                    A:1300 X:13E8 Y:00A8 S:012B D:0E68 DB:86 nvmxdiZc V:260 H:291 F:14
			849B70 69 40 00    ADC #$0040             A:13E8 X:13E8 Y:00A8 S:012B D:0E68 DB:86 nvmxdizc V:260 H:294 F:14
			849B73 AA          TAX                    A:1428 X:13E8 Y:00A8 S:012B D:0E68 DB:86 nvmxdizc V:260 H:298 F:14
			849B74 C9 28 14    CMP #$1428             A:1428 X:1428 Y:00A8 S:012B D:0E68 DB:86 nvmxdizc V:260 H:301 F:14
			849B77 90 DF       BCC $00DF     [849B58] A:1428 X:1428 Y:00A8 S:012B D:0E68 DB:86 nvmxdiZC V:260 H:306 F:14
			849B79 E2 30       SEP #$30               A:1428 X:1428 Y:00A8 S:012B D:0E68 DB:86 nvmxdiZC V:260 H:309 F:14
			849B7B A9 00       LDA #$00               A:1428 X:0028 Y:00A8 S:012B D:0E68 DB:86 nvMXdiZC V:260 H:313 F:14
			849B7D 6B          RTL                    A:1400 X:0028 Y:00A8 S:012B D:0E68 DB:86 nvMXdiZC V:260 H:316 F:14

		878C52 F0 47       BEQ $0047     [878C9B] A:1400 X:0028 Y:00A8 S:012E D:0E68 DB:86 nvMXdiZC V:260 H:326 F:14
		878C9B A5 3D       LDA $3D       [000EA5] A:1400 X:0028 Y:00A8 S:012E D:0E68 DB:86 nvMXdiZC V:260 H:330 F:14
		878C9D F0 0B       BEQ $000B     [878CAA] A:142C X:0028 Y:00A8 S:012E D:0E68 DB:86 nvMXdizC V:260 H:337 F:14
		878C9F 3A          DEC                    A:142C X:0028 Y:00A8 S:012E D:0E68 DB:86 nvMXdizC V:261 H:  0 F:14
		878CA0 85 3D       STA $3D       [000EA5] A:142B X:0028 Y:00A8 S:012E D:0E68 DB:86 nvMXdizC V:261 H:  3 F:14
		878CA2 29 03       AND #$03               A:142B X:0028 Y:00A8 S:012E D:0E68 DB:86 nvMXdizC V:261 H:  9 F:14
		878CA4 D0 04       BNE $0004     [878CAA] A:1403 X:0028 Y:00A8 S:012E D:0E68 DB:86 nvMXdizC V:261 H: 12 F:14
		878CAA A5 27       LDA $27       [000E8F] A:1403 X:0028 Y:00A8 S:012E D:0E68 DB:86 nvMXdizC V:261 H: 17 F:14
		878CAC 29 7F       AND #$7F               A:1409 X:0028 Y:00A8 S:012E D:0E68 DB:86 nvMXdizC V:261 H: 23 F:14
		878CAE D0 19       BNE $0019     [878CC9] A:1409 X:0028 Y:00A8 S:012E D:0E68 DB:86 nvMXdizC V:261 H: 26 F:14
		878CC9 A5 38       LDA $38       [000EA0] A:1409 X:0028 Y:00A8 S:012E D:0E68 DB:86 nvMXdizC V:261 H: 31 F:14
		878CCB D0 13       BNE $0013     [878CE0] A:1400 X:0028 Y:00A8 S:012E D:0E68 DB:86 nvMXdiZC V:261 H: 37 F:14
		878CCD A5 39       LDA $39       [000EA1] A:1400 X:0028 Y:00A8 S:012E D:0E68 DB:86 nvMXdiZC V:261 H: 40 F:14
		878CCF D0 0F       BNE $000F     [878CE0] A:1400 X:0028 Y:00A8 S:012E D:0E68 DB:86 nvMXdiZC V:261 H: 47 F:14
		878CD1 22 03 9B 84 JSL $849B03   [849B03] A:1400 X:0028 Y:00A8 S:012E D:0E68 DB:86 nvMXdiZC V:261 H: 50 F:14

			849B03 C2 10       REP #$10               A:1400 X:0028 Y:00A8 S:012B D:0E68 DB:86 nvMXdiZC V:261 H: 63 F:14
			849B05 A5 27       LDA $27       [000E8F] A:1400 X:0028 Y:00A8 S:012B D:0E68 DB:86 nvMxdiZC V:261 H: 68 F:14
			849B07 F0 70       BEQ $0070     [849B79] A:1409 X:0028 Y:00A8 S:012B D:0E68 DB:86 nvMxdizC V:261 H: 74 F:14
			849B09 A5 0E       LDA $0E       [000E76] A:1409 X:0028 Y:00A8 S:012B D:0E68 DB:86 nvMxdizC V:261 H: 77 F:14
			849B0B F0 31       BEQ $0031     [849B3E] A:1401 X:0028 Y:00A8 S:012B D:0E68 DB:86 nvMxdizC V:261 H: 84 F:14
			849B0D AD 0C 1F    LDA $1F0C     [861F0C] A:1401 X:0028 Y:00A8 S:012B D:0E68 DB:86 nvMxdizC V:261 H: 87 F:14
			849B10 D0 2C       BNE $002C     [849B3E] A:1400 X:0028 Y:00A8 S:012B D:0E68 DB:86 nvMxdiZC V:261 H: 93 F:14
			849B12 AD 32 0C    LDA $0C32     [860C32] A:1400 X:0028 Y:00A8 S:012B D:0E68 DB:86 nvMxdiZC V:261 H: 96 F:14
			849B15 D0 11       BNE $0011     [849B28] A:1400 X:0028 Y:00A8 S:012B D:0E68 DB:86 nvMxdiZC V:261 H:103 F:14
			849B17 AD 30 0C    LDA $0C30     [860C30] A:1400 X:0028 Y:00A8 S:012B D:0E68 DB:86 nvMxdiZC V:261 H:106 F:14
			849B1A D0 0C       BNE $000C     [849B28] A:1400 X:0028 Y:00A8 S:012B D:0E68 DB:86 nvMxdiZC V:261 H:112 F:14
			849B1C A2 A8 0B    LDX #$0BA8             A:1400 X:0028 Y:00A8 S:012B D:0E68 DB:86 nvMxdiZC V:261 H:115 F:14
			849B1F 22 0E 9C 84 JSL $849C0E   [849C0E] A:1400 X:0BA8 Y:00A8 S:012B D:0E68 DB:86 nvMxdizC V:261 H:120 F:14

				849C0E 5A          PHY                    A:1400 X:0BA8 Y:00A8 S:0128 D:0E68 DB:86 nvMxdizC V:261 H:133 F:14
				849C0F A4 20       LDY $20       [000E88] A:1400 X:0BA8 Y:00A8 S:0126 D:0E68 DB:86 nvMxdizC V:261 H:150 F:14
				849C11 D0 03       BNE $0003     [849C16] A:1400 X:0BA8 Y:C58D S:0126 D:0E68 DB:86 NvMxdizC V:261 H:159 F:14
				849C16 BC 20 00    LDY $0020,X   [860BC8] A:1400 X:0BA8 Y:C58D S:0126 D:0E68 DB:86 NvMxdizC V:261 H:163 F:14
				849C19 D0 03       BNE $0003     [849C1E] A:1400 X:0BA8 Y:A552 S:0126 D:0E68 DB:86 NvMxdizC V:261 H:173 F:14
				849C1E C2 20       REP #$20               A:1400 X:0BA8 Y:A552 S:0126 D:0E68 DB:86 NvMxdizC V:261 H:178 F:14
				849C20 DA          PHX                    A:1400 X:0BA8 Y:A552 S:0126 D:0E68 DB:86 NvmxdizC V:261 H:182 F:14
				849C21 BD 05 00    LDA $0005,X   [860BAD] A:1400 X:0BA8 Y:A552 S:0124 D:0E68 DB:86 NvmxdizC V:261 H:189 F:14
				849C24 8D 04 00    STA $0004     [860004] A:07DD X:0BA8 Y:A552 S:0124 D:0E68 DB:86 nvmxdizC V:261 H:199 F:14
				849C27 BD 08 00    LDA $0008,X   [860BB0] A:07DD X:0BA8 Y:A552 S:0124 D:0E68 DB:86 nvmxdizC V:261 H:208 F:14
				849C2A 8D 06 00    STA $0006     [860006] A:00AF X:0BA8 Y:A552 S:0124 D:0E68 DB:86 nvmxdizC V:261 H:218 F:14
				849C2D A5 05       LDA $05       [000E6D] A:00AF X:0BA8 Y:A552 S:0124 D:0E68 DB:86 nvmxdizC V:261 H:226 F:14
				849C2F 8D 0C 00    STA $000C     [86000C] A:076D X:0BA8 Y:A552 S:0124 D:0E68 DB:86 nvmxdizC V:261 H:235 F:14
				849C32 A5 08       LDA $08       [000E70] A:076D X:0BA8 Y:A552 S:0124 D:0E68 DB:86 nvmxdizC V:261 H:243 F:14
				849C34 8D 0E 00    STA $000E     [86000E] A:00A8 X:0BA8 Y:A552 S:0124 D:0E68 DB:86 nvmxdizC V:261 H:252 F:14
				849C37 E2 20       SEP #$20               A:00A8 X:0BA8 Y:A552 S:0124 D:0E68 DB:86 nvmxdizC V:261 H:260 F:14
				849C39 BD 11 00    LDA $0011,X   [860BB9] A:00A8 X:0BA8 Y:A552 S:0124 D:0E68 DB:86 nvMxdizC V:261 H:265 F:14
				849C3C 8D 08 00    STA $0008     [860008] A:0022 X:0BA8 Y:A552 S:0124 D:0E68 DB:86 nvMxdizC V:261 H:273 F:14
				849C3F A5 11       LDA $11       [000E79] A:0022 X:0BA8 Y:A552 S:0124 D:0E68 DB:86 nvMxdizC V:261 H:279 F:14
				849C41 8D 09 00    STA $0009     [860009] A:0069 X:0BA8 Y:A552 S:0124 D:0E68 DB:86 nvMxdizC V:261 H:286 F:14
				849C44 BC 20 00    LDY $0020,X   [860BC8] A:0069 X:0BA8 Y:A552 S:0124 D:0E68 DB:86 nvMxdizC V:261 H:292 F:14
				849C47 A6 20       LDX $20       [000E88] A:0069 X:0BA8 Y:A552 S:0124 D:0E68 DB:86 NvMxdizC V:261 H:302 F:14
				849C49 0B          PHD                    A:0069 X:C58D Y:A552 S:0124 D:0E68 DB:86 NvMxdizC V:261 H:311 F:14
				849C4A F4 00 00    PEA $0000              A:0069 X:C58D Y:A552 S:0122 D:0E68 DB:86 NvMxdizC V:261 H:318 F:14
				849C4D 2B          PLD                    A:0069 X:C58D Y:A552 S:0120 D:0E68 DB:86 NvMxdizC V:261 H:326 F:14
				849C4E BD 02 00    LDA $0002,X   [86C58F] A:0069 X:C58D Y:A552 S:0122 D:0000 DB:86 nvMxdiZC V:261 H:334 F:14
				849C51 18          CLC                    A:000A X:C58D Y:A552 S:0122 D:0000 DB:86 nvMxdizC V:  0 H:  1 F:15
				849C52 79 02 00    ADC $0002,Y   [86A554] A:000A X:C58D Y:A552 S:0122 D:0000 DB:86 nvMxdizc V:  0 H:  4 F:15
				849C55 85 00       STA $00       [000000] A:0010 X:C58D Y:A552 S:0122 D:0000 DB:86 nvMxdizc V:  0 H: 12 F:15
				849C57 64 01       STZ $01       [000001] A:0010 X:C58D Y:A552 S:0122 D:0000 DB:86 nvMxdizc V:  0 H: 17 F:15
				849C59 BD 03 00    LDA $0003,X   [86C590] A:0010 X:C58D Y:A552 S:0122 D:0000 DB:86 nvMxdizc V:  0 H: 22 F:15
				849C5C 18          CLC                    A:0012 X:C58D Y:A552 S:0122 D:0000 DB:86 nvMxdizc V:  0 H: 29 F:15
				849C5D 79 03 00    ADC $0003,Y   [86A555] A:0012 X:C58D Y:A552 S:0122 D:0000 DB:86 nvMxdizc V:  0 H: 32 F:15
				849C60 85 02       STA $02       [000002] A:0020 X:C58D Y:A552 S:0122 D:0000 DB:86 nvMxdizc V:  0 H: 40 F:15
				849C62 64 03       STZ $03       [000003] A:0020 X:C58D Y:A552 S:0122 D:0000 DB:86 nvMxdizc V:  0 H: 45 F:15
				849C64 C2 21       REP #$21               A:0020 X:C58D Y:A552 S:0122 D:0000 DB:86 nvMxdizc V:  0 H: 50 F:15
				849C66 B9 00 00    LDA $0000,Y   [86A552] A:0020 X:C58D Y:A552 S:0122 D:0000 DB:86 nvmxdizc V:  0 H: 54 F:15
				849C69 29 FF 00    AND #$00FF             A:FF00 X:C58D Y:A552 S:0122 D:0000 DB:86 Nvmxdizc V:  0 H: 63 F:15
				849C6C 89 80 00    BIT #$0080             A:0000 X:C58D Y:A552 S:0122 D:0000 DB:86 nvmxdiZc V:  0 H: 68 F:15
				849C6F F0 03       BEQ $0003     [849C74] A:0000 X:C58D Y:A552 S:0122 D:0000 DB:86 nvmxdiZc V:  0 H: 72 F:15
				849C74 24 07       BIT $07       [000007] A:0000 X:C58D Y:A552 S:0122 D:0000 DB:86 nvmxdiZc V:  0 H: 77 F:15
				849C76 50 04       BVC $0004     [849C7C] A:0000 X:C58D Y:A552 S:0122 D:0000 DB:86 nvmxdiZc V:  0 H: 84 F:15
				849C7C 85 0A       STA $0A       [00000A] A:0000 X:C58D Y:A552 S:0122 D:0000 DB:86 nvmxdiZc V:  0 H: 88 F:15
				849C7E 64 10       STZ $10       [000010] A:0000 X:C58D Y:A552 S:0122 D:0000 DB:86 nvmxdiZc V:  0 H: 95 F:15
				849C80 BD 00 00    LDA $0000,X   [86C58D] A:0000 X:C58D Y:A552 S:0122 D:0000 DB:86 nvmxdiZc V:  0 H:102 F:15
				849C83 29 FF 00    AND #$00FF             A:0400 X:C58D Y:A552 S:0122 D:0000 DB:86 nvmxdizc V:  0 H:111 F:15
				849C86 89 80 00    BIT #$0080             A:0000 X:C58D Y:A552 S:0122 D:0000 DB:86 nvmxdiZc V:  0 H:116 F:15
				849C89 F0 03       BEQ $0003     [849C8E] A:0000 X:C58D Y:A552 S:0122 D:0000 DB:86 nvmxdiZc V:  0 H:120 F:15
				849C8E 24 08       BIT $08       [000008] A:0000 X:C58D Y:A552 S:0122 D:0000 DB:86 nvmxdiZc V:  0 H:125 F:15
				849C90 50 04       BVC $0004     [849C96] A:0000 X:C58D Y:A552 S:0122 D:0000 DB:86 nVmxdiZc V:  0 H:132 F:15
				849C92 49 FF FF    EOR #$FFFF             A:0000 X:C58D Y:A552 S:0122 D:0000 DB:86 nVmxdiZc V:  0 H:145 F:15
				849C95 1A          INC                    A:FFFF X:C58D Y:A552 S:0122 D:0000 DB:86 NVmxdizc V:  0 H:149 F:15
				849C96 65 0C       ADC $0C       [00000C] A:0000 X:C58D Y:A552 S:0122 D:0000 DB:86 nVmxdiZc V:  0 H:152 F:15
				849C98 38          SEC                    A:076D X:C58D Y:A552 S:0122 D:0000 DB:86 nvmxdizc V:  0 H:159 F:15
				849C99 E5 04       SBC $04       [000004] A:076D X:C58D Y:A552 S:0122 D:0000 DB:86 nvmxdizC V:  0 H:162 F:15
				849C9B 38          SEC                    A:FF90 X:C58D Y:A552 S:0122 D:0000 DB:86 Nvmxdizc V:  0 H:169 F:15
				849C9C E5 0A       SBC $0A       [00000A] A:FF90 X:C58D Y:A552 S:0122 D:0000 DB:86 NvmxdizC V:  0 H:172 F:15
				849C9E 10 06       BPL $0006     [849CA6] A:FF90 X:C58D Y:A552 S:0122 D:0000 DB:86 NvmxdizC V:  0 H:179 F:15
				849CA0 C6 10       DEC $10       [000010] A:FF90 X:C58D Y:A552 S:0122 D:0000 DB:86 NvmxdizC V:  0 H:182 F:15
				849CA2 49 FF FF    EOR #$FFFF             A:FF90 X:C58D Y:A552 S:0122 D:0000 DB:86 NvmxdizC V:  0 H:195 F:15
				849CA5 1A          INC                    A:006F X:C58D Y:A552 S:0122 D:0000 DB:86 nvmxdizC V:  0 H:199 F:15
				849CA6 85 04       STA $04       [000004] A:0070 X:C58D Y:A552 S:0122 D:0000 DB:86 nvmxdizC V:  0 H:202 F:15
				849CA8 A5 00       LDA $00       [000000] A:0070 X:C58D Y:A552 S:0122 D:0000 DB:86 nvmxdizC V:  0 H:209 F:15
				849CAA 38          SEC                    A:0010 X:C58D Y:A552 S:0122 D:0000 DB:86 nvmxdizC V:  0 H:216 F:15
				849CAB E5 04       SBC $04       [000004] A:0010 X:C58D Y:A552 S:0122 D:0000 DB:86 nvmxdizC V:  0 H:219 F:15
				849CAD 1A          INC                    A:FFA0 X:C58D Y:A552 S:0122 D:0000 DB:86 Nvmxdizc V:  0 H:226 F:15
				849CAE 85 04       STA $04       [000004] A:FFA1 X:C58D Y:A552 S:0122 D:0000 DB:86 Nvmxdizc V:  0 H:229 F:15
				849CB0 24 0F       BIT $0F       [00000F] A:FFA1 X:C58D Y:A552 S:0122 D:0000 DB:86 Nvmxdizc V:  0 H:236 F:15
				849CB2 30 04       BMI $0004     [849CB8] A:FFA1 X:C58D Y:A552 S:0122 D:0000 DB:86 NVmxdizc V:  0 H:243 F:15
				849CB8 85 00       STA $00       [000000] A:FFA1 X:C58D Y:A552 S:0122 D:0000 DB:86 NVmxdizc V:  0 H:248 F:15
				849CBA 90 45       BCC $0045     [849D01] A:FFA1 X:C58D Y:A552 S:0122 D:0000 DB:86 NVmxdizc V:  0 H:255 F:15
				849D01 E2 20       SEP #$20               A:FFA1 X:C58D Y:A552 S:0122 D:0000 DB:86 NVmxdizc V:  0 H:259 F:15
				849D03 2B          PLD                    A:FFA1 X:C58D Y:A552 S:0122 D:0000 DB:86 NVMxdizc V:  0 H:264 F:15
				849D04 FA          PLX                    A:FFA1 X:C58D Y:A552 S:0124 D:0E68 DB:86 nVMxdizc V:  0 H:272 F:15
				849D05 7A          PLY                    A:FFA1 X:0BA8 Y:A552 S:0126 D:0E68 DB:86 nVMxdizc V:  0 H:281 F:15
				849D06 6B          RTL                    A:FFA1 X:0BA8 Y:00A8 S:0128 D:0E68 DB:86 nVMxdizc V:  0 H:289 F:15

			849B23 90 19       BCC $0019     [849B3E] A:FFA1 X:0BA8 Y:00A8 S:012B D:0E68 DB:86 nVMxdizc V:  0 H:300 F:15
			849B3E E2 10       SEP #$10               A:FFA1 X:0BA8 Y:00A8 S:012B D:0E68 DB:86 nVMxdizc V:  0 H:304 F:15
			849B40 A9 00       LDA #$00               A:FFA1 X:00A8 Y:00A8 S:012B D:0E68 DB:86 nVMXdizc V:  0 H:309 F:15
			849B42 6B          RTL                    A:FF00 X:00A8 Y:00A8 S:012B D:0E68 DB:86 nVMXdiZc V:  0 H:312 F:15

		878CD5 AD CF 0B    LDA $0BCF     [860BCF] A:FF00 X:00A8 Y:00A8 S:012E D:0E68 DB:86 nVMXdiZc V:  0 H:322 F:15
		878CD8 29 7F       AND #$7F               A:FF20 X:00A8 Y:00A8 S:012E D:0E68 DB:86 nVMXdizc V:  0 H:328 F:15
		878CDA D0 04       BNE $0004     [878CE0] A:FF20 X:00A8 Y:00A8 S:012E D:0E68 DB:86 nVMXdizc V:  0 H:331 F:15
		878CE0 20 70 91    JSR $9170     [879170] A:FF20 X:00A8 Y:00A8 S:012E D:0E68 DB:86 nVMXdizc V:  0 H:335 F:15

			879170 A5 3C       LDA $3C       [000EA4] A:FF20 X:00A8 Y:00A8 S:012C D:0E68 DB:86 nVMXdizc V:  1 H:  5 F:15
			879172 10 32       BPL $0032     [8791A6] A:FF00 X:00A8 Y:00A8 S:012C D:0E68 DB:86 nVMXdiZc V:  1 H: 12 F:15
			8791A6 60          RTS                    A:FF00 X:00A8 Y:00A8 S:012C D:0E68 DB:86 nVMXdiZc V:  1 H: 16 F:15

		878CE3 A5 39       LDA $39       [000EA1] A:FF00 X:00A8 Y:00A8 S:012E D:0E68 DB:86 nVMXdiZc V:  1 H: 26 F:15
		878CE5 F0 07       BEQ $0007     [878CEE] A:FF00 X:00A8 Y:00A8 S:012E D:0E68 DB:86 nVMXdiZc V:  1 H: 33 F:15
		878CEE 5C B4 80 82 JML $8280B4   [8280B4] A:FF00 X:00A8 Y:00A8 S:012E D:0E68 DB:86 nVMXdiZc V:  1 H: 37 F:15

		8280B4 C2 20       REP #$20               A:FF00 X:00A8 Y:00A8 S:012E D:0E68 DB:86 nVMXdiZc V:  1 H: 43 F:15
		8280B6 38          SEC                    A:FF00 X:00A8 Y:00A8 S:012E D:0E68 DB:86 nVmXdiZc V:  1 H: 48 F:15
		8280B7 A5 05       LDA $05       [000E6D] A:FF00 X:00A8 Y:00A8 S:012E D:0E68 DB:86 nVmXdiZC V:  1 H: 51 F:15
		8280B9 ED 4D 1E    SBC $1E4D     [861E4D] A:076D X:00A8 Y:00A8 S:012E D:0E68 DB:86 nVmXdizC V:  1 H: 59 F:15
		8280BC 18          CLC                    A:006D X:00A8 Y:00A8 S:012E D:0E68 DB:86 nvmXdizC V:  1 H: 68 F:15
		8280BD 69 20 00    ADC #$0020             A:006D X:00A8 Y:00A8 S:012E D:0E68 DB:86 nvmXdizc V:  1 H: 71 F:15
		8280C0 C9 40 01    CMP #$0140             A:008D X:00A8 Y:00A8 S:012E D:0E68 DB:86 nvmXdizc V:  1 H: 75 F:15
		8280C3 B0 0F       BCS $000F     [8280D4] A:008D X:00A8 Y:00A8 S:012E D:0E68 DB:86 NvmXdizc V:  1 H: 80 F:15
		8280C5 38          SEC                    A:008D X:00A8 Y:00A8 S:012E D:0E68 DB:86 NvmXdizc V:  1 H: 83 F:15
		8280C6 A5 08       LDA $08       [000E70] A:008D X:00A8 Y:00A8 S:012E D:0E68 DB:86 NvmXdizC V:  1 H: 86 F:15
		8280C8 ED 50 1E    SBC $1E50     [861E50] A:00A8 X:00A8 Y:00A8 S:012E D:0E68 DB:86 nvmXdizC V:  1 H: 94 F:15
		8280CB 18          CLC                    A:00A8 X:00A8 Y:00A8 S:012E D:0E68 DB:86 nvmXdizC V:  1 H:103 F:15
		8280CC 69 10 00    ADC #$0010             A:00A8 X:00A8 Y:00A8 S:012E D:0E68 DB:86 nvmXdizc V:  1 H:106 F:15
		8280CF C9 00 01    CMP #$0100             A:00B8 X:00A8 Y:00A8 S:012E D:0E68 DB:86 nvmXdizc V:  1 H:110 F:15
		8280D2 90 05       BCC $0005     [8280D9] A:00B8 X:00A8 Y:00A8 S:012E D:0E68 DB:86 NvmXdizc V:  1 H:115 F:15
		8280D9 E2 20       SEP #$20               A:00B8 X:00A8 Y:00A8 S:012E D:0E68 DB:86 NvmXdizc V:  1 H:119 F:15
		8280DB A9 81       LDA #$81               A:00B8 X:00A8 Y:00A8 S:012E D:0E68 DB:86 NvMXdizc V:  1 H:124 F:15
		8280DD 85 0E       STA $0E       [000E76] A:0081 X:00A8 Y:00A8 S:012E D:0E68 DB:86 NvMXdizc V:  1 H:127 F:15
		8280DF E2 30       SEP #$30               A:0081 X:00A8 Y:00A8 S:012E D:0E68 DB:86 NvMXdizc V:  1 H:133 F:15
		8280E1 A6 12       LDX $12       [000E7A] A:0081 X:00A8 Y:00A8 S:012E D:0E68 DB:86 NvMXdizc V:  1 H:148 F:15
		8280E3 10 02       BPL $0002     [8280E7] A:0081 X:0002 Y:00A8 S:012E D:0E68 DB:86 nvMXdizc V:  1 H:154 F:15
		8280E7 7C EA 80    JMP ($80EA,X) [8280EC] A:0081 X:0002 Y:00A8 S:012E D:0E68 DB:86 nvMXdizc V:  1 H:159 F:15

		828120 AD E9 00    LDA $00E9     [8600E9] A:0081 X:0002 Y:00A8 S:012E D:0E68 DB:86 nvMXdizc V:  1 H:168 F:15
		828123 C9 20       CMP #$20               A:0000 X:0002 Y:00A8 S:012E D:0E68 DB:86 nvMXdiZc V:  1 H:174 F:15
		828125 B0 0D       BCS $000D     [828134] A:0000 X:0002 Y:00A8 S:012E D:0E68 DB:86 NvMXdizc V:  1 H:177 F:15
		828127 0A          ASL A                  A:0000 X:0002 Y:00A8 S:012E D:0E68 DB:86 NvMXdizc V:  1 H:180 F:15
		828128 AA          TAX                    A:0000 X:0002 Y:00A8 S:012E D:0E68 DB:86 nvMXdiZc V:  1 H:183 F:15
		828129 C2 20       REP #$20               A:0000 X:0000 Y:00A8 S:012E D:0E68 DB:86 nvMXdiZc V:  1 H:186 F:15
		82812B 7B          TDC                    A:0000 X:0000 Y:00A8 S:012E D:0E68 DB:86 nvmXdiZc V:  1 H:191 F:15
		82812C 9D A0 09    STA $09A0,X   [8609A0] A:0E68 X:0000 Y:00A8 S:012E D:0E68 DB:86 nvmXdizc V:  1 H:194 F:15
		82812F E2 20       SEP #$20               A:0E68 X:0000 Y:00A8 S:012E D:0E68 DB:86 nvmXdizc V:  1 H:204 F:15
		828131 EE E9 00    INC $00E9     [8600E9] A:0E68 X:0000 Y:00A8 S:012E D:0E68 DB:86 nvMXdizc V:  1 H:208 F:15
		828134 6B          RTL                    A:0E68 X:0000 Y:00A8 S:012E D:0E68 DB:86 nvMXdizc V:  1 H:218 F:15

	80F9CE 60          RTS                    A:0E68 X:0000 Y:00A8 S:0131 D:0E68 DB:86 nvMXdizc V:  1 H:229 F:15

80D4F9 C2 21       REP #$21               A:0E68 X:0000 Y:00A8 S:0133 D:0E68 DB:86 nvMXdizc V:  1 H:239 F:15
