80D4F6 20 30 D5    JSR $D530     [80D530] A:0E01 X:0000 Y:0002 S:0133 D:0E68 DB:86 nvMXdizC V:252 H: 61 F:58

	80D530 C2 20       REP #$20               A:0E01 X:0000 Y:0002 S:0131 D:0E68 DB:86 nvMXdizC V:252 H: 71 F:58
	80D532 A5 05       LDA $05       [000E6D] A:0E01 X:0000 Y:0002 S:0131 D:0E68 DB:86 nvmXdizC V:252 H: 75 F:58
	80D534 85 22       STA $22       [000E8A] A:078D X:0000 Y:0002 S:0131 D:0E68 DB:86 nvmXdizC V:252 H: 84 F:58
	80D536 A5 08       LDA $08       [000E70] A:078D X:0000 Y:0002 S:0131 D:0E68 DB:86 nvmXdizC V:252 H: 92 F:58
	80D538 85 24       STA $24       [000E8C] A:00A8 X:0000 Y:0002 S:0131 D:0E68 DB:86 nvmXdizC V:252 H:101 F:58
	80D53A E2 20       SEP #$20               A:00A8 X:0000 Y:0002 S:0131 D:0E68 DB:86 nvmXdizC V:252 H:109 F:58
	80D53C A9 80       LDA #$80               A:00A8 X:0000 Y:0002 S:0131 D:0E68 DB:86 nvMXdizC V:252 H:114 F:58
	80D53E 14 0E       TRB $0E       [000E76] A:0080 X:0000 Y:0002 S:0131 D:0E68 DB:86 NvMXdizC V:252 H:117 F:58
	80D540 A5 0A       LDA $0A       [000E72] A:0080 X:0000 Y:0002 S:0131 D:0E68 DB:86 NvMXdizC V:252 H:127 F:58
	80D542 0A          ASL A                  A:0005 X:0000 Y:0002 S:0131 D:0E68 DB:86 nvMXdizC V:252 H:143 F:58
	80D543 AA          TAX                    A:000A X:0000 Y:0002 S:0131 D:0E68 DB:86 nvMXdizc V:252 H:146 F:58
	80D544 7C DD F8    JMP ($F8DD,X) [80F8E7] A:000A X:000A Y:0002 S:0131 D:0E68 DB:86 nvMXdizc V:252 H:149 F:58

	80F9CA 22 7E 8A 87 JSL $878A7E   [878A7E] A:000A X:000A Y:0002 S:0131 D:0E68 DB:86 nvMXdizc V:252 H:158 F:58

		878A7E A6 01       LDX $01       [000E69] A:000A X:000A Y:0002 S:012E D:0E68 DB:86 nvMXdizc V:252 H:172 F:58
		878A80 7C 83 8A    JMP ($8A83,X) [878A87] A:000A X:0004 Y:0002 S:012E D:0E68 DB:86 nvMXdizc V:252 H:178 F:58

		878C1A A5 33       LDA $33       [000E9B] A:000A X:0004 Y:0002 S:012E D:0E68 DB:86 nvMXdizc V:252 H:187 F:58
		878C1C 04 11       TSB $11       [000E79] A:0008 X:0004 Y:0002 S:012E D:0E68 DB:86 nvMXdizc V:252 H:194 F:58
		878C1E A6 02       LDX $02       [000E6A] A:0008 X:0004 Y:0002 S:012E D:0E68 DB:86 nvMXdizc V:252 H:204 F:58
		878C20 FC F2 8C    JSR ($8CF2,X) [878CF6] A:0008 X:0004 Y:0002 S:012E D:0E68 DB:86 nvMXdizc V:252 H:210 F:58		Normal Action routine

			878E5A A6 03       LDX $03       [000E6B] A:0008 X:0004 Y:0002 S:012C D:0E68 DB:86 nvMXdizc V:252 H:223 F:58
			878E5C 7C 5F 8E    JMP ($8E5F,X) [878E67] A:0008 X:0008 Y:0002 S:012C D:0E68 DB:86 nvMXdizc V:252 H:230 F:58

			878F05 22 A5 AC 84 JSL $84ACA5   [84ACA5] A:0008 X:0008 Y:0002 S:012C D:0E68 DB:86 nvMXdizc V:252 H:239 F:58

				84ACA5 08          PHP                    A:0008 X:0008 Y:0002 S:0129 D:0E68 DB:86 nvMXdizc V:252 H:252 F:58
				84ACA6 E2 20       SEP #$20               A:0008 X:0008 Y:0002 S:0128 D:0E68 DB:86 nvMXdizc V:252 H:257 F:58
				84ACA8 A9 40       LDA #$40               A:0008 X:0008 Y:0002 S:0128 D:0E68 DB:86 nvMXdizc V:252 H:262 F:58
				84ACAA 14 11       TRB $11       [000E79] A:0040 X:0008 Y:0002 S:0128 D:0E68 DB:86 nvMXdizc V:252 H:265 F:58
				84ACAC C2 20       REP #$20               A:0040 X:0008 Y:0002 S:0128 D:0E68 DB:86 nvMXdizc V:252 H:275 F:58
				84ACAE AD AD 0B    LDA $0BAD     [860BAD] A:0040 X:0008 Y:0002 S:0128 D:0E68 DB:86 nvmXdizc V:252 H:279 F:58
				84ACB1 38          SEC                    A:07DD X:0008 Y:0002 S:0128 D:0E68 DB:86 nvmXdizc V:252 H:288 F:58
				84ACB2 E5 05       SBC $05       [000E6D] A:07DD X:0008 Y:0002 S:0128 D:0E68 DB:86 nvmXdizC V:252 H:291 F:58
				84ACB4 E2 20       SEP #$20               A:0050 X:0008 Y:0002 S:0128 D:0E68 DB:86 nvmXdizC V:252 H:299 F:58
				84ACB6 A9 00       LDA #$00               A:0050 X:0008 Y:0002 S:0128 D:0E68 DB:86 nvMXdizC V:252 H:304 F:58
				84ACB8 6A          ROR A                  A:0000 X:0008 Y:0002 S:0128 D:0E68 DB:86 nvMXdiZC V:252 H:307 F:58
				84ACB9 4A          LSR A                  A:0080 X:0008 Y:0002 S:0128 D:0E68 DB:86 NvMXdizc V:252 H:310 F:58
				84ACBA 04 11       TSB $11       [000E79] A:0040 X:0008 Y:0002 S:0128 D:0E68 DB:86 nvMXdizc V:252 H:313 F:58
				84ACBC 28          PLP                    A:0040 X:0008 Y:0002 S:0128 D:0E68 DB:86 nvMXdiZc V:252 H:323 F:58
				84ACBD 6B          RTL                    A:0040 X:0008 Y:0002 S:0129 D:0E68 DB:86 nvMXdizc V:252 H:328 F:58

			878F09 22 EA 8E 84 JSL $848EEA   [848EEA] A:0040 X:0008 Y:0002 S:012C D:0E68 DB:86 nvMXdizc V:252 H:339 F:58

				848EEA 08          PHP                    A:0040 X:0008 Y:0002 S:0129 D:0E68 DB:86 nvMXdizc V:253 H: 12 F:58
				848EEB 8B          PHB                    A:0040 X:0008 Y:0002 S:0128 D:0E68 DB:86 nvMXdizc V:253 H: 17 F:58
				848EEC E2 30       SEP #$30               A:0040 X:0008 Y:0002 S:0127 D:0E68 DB:86 nvMXdizc V:253 H: 22 F:58
				848EEE C6 13       DEC $13       [000E7B] A:0040 X:0008 Y:0002 S:0127 D:0E68 DB:86 nvMXdizc V:253 H: 27 F:58
				848EF0 D0 5D       BNE $005D     [848F4F] A:0040 X:0008 Y:0002 S:0127 D:0E68 DB:86 nvMXdizc V:253 H: 37 F:58
				848F4F AB          PLB                    A:0040 X:0008 Y:0002 S:0127 D:0E68 DB:86 nvMXdizc V:253 H: 41 F:58
				848F50 28          PLP                    A:0040 X:0008 Y:0002 S:0128 D:0E68 DB:86 NvMXdizc V:253 H: 48 F:58
				848F51 6B          RTL                    A:0040 X:0008 Y:0002 S:0129 D:0E68 DB:86 nvMXdizc V:253 H: 54 F:58

			878F0D C6 34       DEC $34       [000E9C] A:0040 X:0008 Y:0002 S:012C D:0E68 DB:86 nvMXdizc V:253 H: 65 F:58
			878F0F D0 31       BNE $0031     [878F42] A:0040 X:0008 Y:0002 S:012C D:0E68 DB:86 nvMXdizc V:253 H: 75 F:58
			878F42 20 13 91    JSR $9113     [879113] A:0040 X:0008 Y:0002 S:012C D:0E68 DB:86 nvMXdizc V:253 H: 79 F:58

				879113 A9 20       LDA #$20               A:0040 X:0008 Y:0002 S:012A D:0E68 DB:86 nvMXdizc V:253 H: 89 F:58
				879115 8D 00 00    STA $0000     [860000] A:0020 X:0008 Y:0002 S:012A D:0E68 DB:86 nvMXdizc V:253 H: 92 F:58
				879118 9C 01 00    STZ $0001     [860001] A:0020 X:0008 Y:0002 S:012A D:0E68 DB:86 nvMXdizc V:253 H: 99 F:58
				87911B 20 31 91    JSR $9131     [879131] A:0020 X:0008 Y:0002 S:012A D:0E68 DB:86 nvMXdizc V:253 H:105 F:58

					879131 A5 35       LDA $35       [000E9D] A:0020 X:0008 Y:0002 S:0128 D:0E68 DB:86 nvMXdizc V:253 H:115 F:58
					879133 05 3C       ORA $3C       [000EA4] A:0000 X:0008 Y:0002 S:0128 D:0E68 DB:86 nvMXdiZc V:253 H:122 F:58
					879135 0D 32 0C    ORA $0C32     [860C32] A:0000 X:0008 Y:0002 S:0128 D:0E68 DB:86 nvMXdiZc V:253 H:128 F:58
					879138 0D 0C 1F    ORA $1F0C     [861F0C] A:0000 X:0008 Y:0002 S:0128 D:0E68 DB:86 nvMXdiZc V:253 H:145 F:58
					87913B D0 30       BNE $0030     [87916D] A:0000 X:0008 Y:0002 S:0128 D:0E68 DB:86 nvMXdiZc V:253 H:151 F:58
					87913D C2 20       REP #$20               A:0000 X:0008 Y:0002 S:0128 D:0E68 DB:86 nvMXdiZc V:253 H:154 F:58
					87913F AD AD 0B    LDA $0BAD     [860BAD] A:0000 X:0008 Y:0002 S:0128 D:0E68 DB:86 nvmXdiZc V:253 H:159 F:58
					879142 38          SEC                    A:07DD X:0008 Y:0002 S:0128 D:0E68 DB:86 nvmXdizc V:253 H:167 F:58
					879143 E5 05       SBC $05       [000E6D] A:07DD X:0008 Y:0002 S:0128 D:0E68 DB:86 nvmXdizC V:253 H:170 F:58
					879145 B0 13       BCS $0013     [87915A] A:0050 X:0008 Y:0002 S:0128 D:0E68 DB:86 nvmXdizC V:253 H:179 F:58
					87915A CD 00 00    CMP $0000     [860000] A:0050 X:0008 Y:0002 S:0128 D:0E68 DB:86 nvmXdizC V:253 H:183 F:58
					87915D E2 20       SEP #$20               A:0050 X:0008 Y:0002 S:0128 D:0E68 DB:86 nvmXdizC V:253 H:192 F:58
					87915F B0 0C       BCS $000C     [87916D] A:0050 X:0008 Y:0002 S:0128 D:0E68 DB:86 nvMXdizC V:253 H:196 F:58
					87916D A9 00       LDA #$00               A:0050 X:0008 Y:0002 S:0128 D:0E68 DB:86 nvMXdizC V:253 H:201 F:58
					87916F 60          RTS                    A:0000 X:0008 Y:0002 S:0128 D:0E68 DB:86 nvMXdiZC V:253 H:204 F:58

				87911E F0 08       BEQ $0008     [879128] A:0000 X:0008 Y:0002 S:012A D:0E68 DB:86 nvMXdiZC V:253 H:214 F:58
				879128 60          RTS                    A:0000 X:0008 Y:0002 S:012A D:0E68 DB:86 nvMXdiZC V:253 H:218 F:58

			878F45 60          RTS                    A:0000 X:0008 Y:0002 S:012C D:0E68 DB:86 nvMXdiZC V:253 H:228 F:58

		878C23 A5 37       LDA $37       [000E9F] A:0000 X:0008 Y:0002 S:012E D:0E68 DB:86 nvMXdiZC V:253 H:238 F:58
		878C25 F0 12       BEQ $0012     [878C39] A:0000 X:0008 Y:0002 S:012E D:0E68 DB:86 nvMXdiZC V:253 H:245 F:58
		878C39 A9 0D       LDA #$0D               A:0000 X:0008 Y:0002 S:012E D:0E68 DB:86 nvMXdiZC V:253 H:249 F:58
		878C3B A6 3D       LDX $3D       [000EA5] A:000D X:0008 Y:0002 S:012E D:0E68 DB:86 nvMXdizC V:253 H:252 F:58
		878C3D F0 02       BEQ $0002     [878C41] A:000D X:0000 Y:0002 S:012E D:0E68 DB:86 nvMXdiZC V:253 H:259 F:58
		878C41 85 28       STA $28       [000E90] A:000D X:0000 Y:0002 S:012E D:0E68 DB:86 nvMXdiZC V:253 H:263 F:58
		878C43 AD DB 0B    LDA $0BDB     [860BDB] A:000D X:0000 Y:0002 S:012E D:0E68 DB:86 nvMXdiZC V:253 H:270 F:58
		878C46 C9 02       CMP #$02               A:0000 X:0000 Y:0002 S:012E D:0E68 DB:86 nvMXdiZC V:253 H:276 F:58
		878C48 F0 04       BEQ $0004     [878C4E] A:0000 X:0000 Y:0002 S:012E D:0E68 DB:86 NvMXdizc V:253 H:279 F:58		Branch if CurrentWeapon = #$02 (Homing Torpedo)
		878C4A A5 38       LDA $38       [000EA0] A:0000 X:0000 Y:0002 S:012E D:0E68 DB:86 NvMXdizc V:253 H:282 F:58
		878C4C D0 4D       BNE $004D     [878C9B] A:0000 X:0000 Y:0002 S:012E D:0E68 DB:86 nvMXdiZc V:253 H:289 F:58		Branch if Teleporting <> #$00
		878C4E 22 43 9B 84 JSL $849B43   [849B43] A:0000 X:0000 Y:0002 S:012E D:0E68 DB:86 nvMXdiZc V:253 H:292 F:58		JSL $849B43 --> Updates CurrMMXShotData,CurrMMXShotID. Loads routine for MMXShot hitting enemy, Sets V flag if MMXShot deals damage. Sets A = #$01 if MMXShotData hits Enemy

			849B43 C2 10       REP #$10               A:0000 X:0000 Y:0002 S:012B D:0E68 DB:86 nvMXdiZc V:253 H:305 F:58
			849B45 A5 27       LDA $27       [000E8F] A:0000 X:0000 Y:0002 S:012B D:0E68 DB:86 nvMxdiZc V:253 H:310 F:58
			849B47 29 7F       AND #$7F               A:000A X:0000 Y:0002 S:012B D:0E68 DB:86 nvMxdizc V:253 H:316 F:58
			849B49 85 27       STA $27       [000E8F] A:000A X:0000 Y:0002 S:012B D:0E68 DB:86 nvMxdizc V:253 H:319 F:58
			849B4B F0 2C       BEQ $002C     [849B79] A:000A X:0000 Y:0002 S:012B D:0E68 DB:86 nvMxdizc V:253 H:325 F:58
			849B4D A5 30       LDA $30       [000E98] A:000A X:0000 Y:0002 S:012B D:0E68 DB:86 nvMxdizc V:253 H:328 F:58
			849B4F D0 28       BNE $0028     [849B79] A:0000 X:0000 Y:0002 S:012B D:0E68 DB:86 nvMxdiZc V:253 H:334 F:58
			849B51 A5 0E       LDA $0E       [000E76] A:0000 X:0000 Y:0002 S:012B D:0E68 DB:86 nvMxdiZc V:253 H:337 F:58
			849B53 F0 24       BEQ $0024     [849B79] A:0001 X:0000 Y:0002 S:012B D:0E68 DB:86 nvMxdizc V:254 H:  4 F:58
			849B55 A2 28 12    LDX #$1228             A:0001 X:0000 Y:0002 S:012B D:0E68 DB:86 nvMxdizc V:254 H:  7 F:58
			849B58 E2 20       SEP #$20               A:0001 X:1228 Y:0002 S:012B D:0E68 DB:86 nvMxdizc V:254 H: 11 F:58
			849B5A BD 00 00    LDA $0000,X   [861228] A:0001 X:1228 Y:0002 S:012B D:0E68 DB:86 nvMxdizc V:254 H: 16 F:58
			849B5D F0 0E       BEQ $000E     [849B6D] A:0001 X:1228 Y:0002 S:012B D:0E68 DB:86 nvMxdizc V:254 H: 24 F:58
			849B5F BD 30 00    LDA $0030,X   [861258] A:0001 X:1228 Y:0002 S:012B D:0E68 DB:86 nvMxdizc V:254 H: 27 F:58
			849B62 D0 09       BNE $0009     [849B6D] A:0000 X:1228 Y:0002 S:012B D:0E68 DB:86 nvMxdiZc V:254 H: 35 F:58
			849B64 22 0E 9C 84 JSL $849C0E   [849C0E] A:0000 X:1228 Y:0002 S:012B D:0E68 DB:86 nvMxdiZc V:254 H: 38 F:58

				849C0E 5A          PHY                    A:0000 X:1228 Y:0002 S:0128 D:0E68 DB:86 nvMxdiZc V:254 H: 51 F:58
				849C0F A4 20       LDY $20       [000E88] A:0000 X:1228 Y:0002 S:0126 D:0E68 DB:86 nvMxdiZc V:254 H: 58 F:58
				849C11 D0 03       BNE $0003     [849C16] A:0000 X:1228 Y:C58D S:0126 D:0E68 DB:86 NvMxdizc V:254 H: 67 F:58
				849C16 BC 20 00    LDY $0020,X   [861248] A:0000 X:1228 Y:C58D S:0126 D:0E68 DB:86 NvMxdizc V:254 H: 71 F:58
				849C19 D0 03       BNE $0003     [849C1E] A:0000 X:1228 Y:BE1D S:0126 D:0E68 DB:86 NvMxdizc V:254 H: 81 F:58
				849C1E C2 20       REP #$20               A:0000 X:1228 Y:BE1D S:0126 D:0E68 DB:86 NvMxdizc V:254 H: 86 F:58
				849C20 DA          PHX                    A:0000 X:1228 Y:BE1D S:0126 D:0E68 DB:86 Nvmxdizc V:254 H: 90 F:58
				849C21 BD 05 00    LDA $0005,X   [86122D] A:0000 X:1228 Y:BE1D S:0124 D:0E68 DB:86 Nvmxdizc V:254 H: 97 F:58
				849C24 8D 04 00    STA $0004     [860004] A:0798 X:1228 Y:BE1D S:0124 D:0E68 DB:86 nvmxdizc V:254 H:107 F:58
				849C27 BD 08 00    LDA $0008,X   [861230] A:0798 X:1228 Y:BE1D S:0124 D:0E68 DB:86 nvmxdizc V:254 H:116 F:58
				849C2A 8D 06 00    STA $0006     [860006] A:00AC X:1228 Y:BE1D S:0124 D:0E68 DB:86 nvmxdizc V:254 H:126 F:58
				849C2D A5 05       LDA $05       [000E6D] A:00AC X:1228 Y:BE1D S:0124 D:0E68 DB:86 nvmxdizc V:254 H:144 F:58
				849C2F 8D 0C 00    STA $000C     [86000C] A:078D X:1228 Y:BE1D S:0124 D:0E68 DB:86 nvmxdizc V:254 H:153 F:58
				849C32 A5 08       LDA $08       [000E70] A:078D X:1228 Y:BE1D S:0124 D:0E68 DB:86 nvmxdizc V:254 H:161 F:58
				849C34 8D 0E 00    STA $000E     [86000E] A:00A8 X:1228 Y:BE1D S:0124 D:0E68 DB:86 nvmxdizc V:254 H:170 F:58
				849C37 E2 20       SEP #$20               A:00A8 X:1228 Y:BE1D S:0124 D:0E68 DB:86 nvmxdizc V:254 H:178 F:58
				849C39 BD 11 00    LDA $0011,X   [861239] A:00A8 X:1228 Y:BE1D S:0124 D:0E68 DB:86 nvMxdizc V:254 H:183 F:58
				849C3C 8D 08 00    STA $0008     [860008] A:0024 X:1228 Y:BE1D S:0124 D:0E68 DB:86 nvMxdizc V:254 H:191 F:58
				849C3F A5 11       LDA $11       [000E79] A:0024 X:1228 Y:BE1D S:0124 D:0E68 DB:86 nvMxdizc V:254 H:197 F:58
				849C41 8D 09 00    STA $0009     [860009] A:0069 X:1228 Y:BE1D S:0124 D:0E68 DB:86 nvMxdizc V:254 H:204 F:58
				849C44 BC 20 00    LDY $0020,X   [861248] A:0069 X:1228 Y:BE1D S:0124 D:0E68 DB:86 nvMxdizc V:254 H:210 F:58
				849C47 A6 20       LDX $20       [000E88] A:0069 X:1228 Y:BE1D S:0124 D:0E68 DB:86 NvMxdizc V:254 H:220 F:58
				849C49 0B          PHD                    A:0069 X:C58D Y:BE1D S:0124 D:0E68 DB:86 NvMxdizc V:254 H:229 F:58
				849C4A F4 00 00    PEA $0000              A:0069 X:C58D Y:BE1D S:0122 D:0E68 DB:86 NvMxdizc V:254 H:236 F:58
				849C4D 2B          PLD                    A:0069 X:C58D Y:BE1D S:0120 D:0E68 DB:86 NvMxdizc V:254 H:244 F:58
				849C4E BD 02 00    LDA $0002,X   [86C58F] A:0069 X:C58D Y:BE1D S:0122 D:0000 DB:86 nvMxdiZc V:254 H:253 F:58
				849C51 18          CLC                    A:000A X:C58D Y:BE1D S:0122 D:0000 DB:86 nvMxdizc V:254 H:260 F:58
				849C52 79 02 00    ADC $0002,Y   [86BE1F] A:000A X:C58D Y:BE1D S:0122 D:0000 DB:86 nvMxdizc V:254 H:263 F:58
				849C55 85 00       STA $00       [000000] A:000E X:C58D Y:BE1D S:0122 D:0000 DB:86 nvMxdizc V:254 H:271 F:58
				849C57 64 01       STZ $01       [000001] A:000E X:C58D Y:BE1D S:0122 D:0000 DB:86 nvMxdizc V:254 H:276 F:58
				849C59 BD 03 00    LDA $0003,X   [86C590] A:000E X:C58D Y:BE1D S:0122 D:0000 DB:86 nvMxdizc V:254 H:281 F:58
				849C5C 18          CLC                    A:0012 X:C58D Y:BE1D S:0122 D:0000 DB:86 nvMxdizc V:254 H:288 F:58
				849C5D 79 03 00    ADC $0003,Y   [86BE20] A:0012 X:C58D Y:BE1D S:0122 D:0000 DB:86 nvMxdizc V:254 H:291 F:58
				849C60 85 02       STA $02       [000002] A:0016 X:C58D Y:BE1D S:0122 D:0000 DB:86 nvMxdizc V:254 H:299 F:58
				849C62 64 03       STZ $03       [000003] A:0016 X:C58D Y:BE1D S:0122 D:0000 DB:86 nvMxdizc V:254 H:304 F:58
				849C64 C2 21       REP #$21               A:0016 X:C58D Y:BE1D S:0122 D:0000 DB:86 nvMxdizc V:254 H:309 F:58
				849C66 B9 00 00    LDA $0000,Y   [86BE1D] A:0016 X:C58D Y:BE1D S:0122 D:0000 DB:86 nvmxdizc V:254 H:313 F:58
				849C69 29 FF 00    AND #$00FF             A:0000 X:C58D Y:BE1D S:0122 D:0000 DB:86 nvmxdiZc V:254 H:322 F:58
				849C6C 89 80 00    BIT #$0080             A:0000 X:C58D Y:BE1D S:0122 D:0000 DB:86 nvmxdiZc V:254 H:326 F:58
				849C6F F0 03       BEQ $0003     [849C74] A:0000 X:C58D Y:BE1D S:0122 D:0000 DB:86 nvmxdiZc V:254 H:330 F:58
				849C74 24 07       BIT $07       [000007] A:0000 X:C58D Y:BE1D S:0122 D:0000 DB:86 nvmxdiZc V:254 H:335 F:58
				849C76 50 04       BVC $0004     [849C7C] A:0000 X:C58D Y:BE1D S:0122 D:0000 DB:86 nvmxdiZc V:255 H:  2 F:58
				849C7C 85 0A       STA $0A       [00000A] A:0000 X:C58D Y:BE1D S:0122 D:0000 DB:86 nvmxdiZc V:255 H:  6 F:58
				849C7E 64 10       STZ $10       [000010] A:0000 X:C58D Y:BE1D S:0122 D:0000 DB:86 nvmxdiZc V:255 H: 13 F:58
				849C80 BD 00 00    LDA $0000,X   [86C58D] A:0000 X:C58D Y:BE1D S:0122 D:0000 DB:86 nvmxdiZc V:255 H: 20 F:58
				849C83 29 FF 00    AND #$00FF             A:0400 X:C58D Y:BE1D S:0122 D:0000 DB:86 nvmxdizc V:255 H: 29 F:58
				849C86 89 80 00    BIT #$0080             A:0000 X:C58D Y:BE1D S:0122 D:0000 DB:86 nvmxdiZc V:255 H: 34 F:58
				849C89 F0 03       BEQ $0003     [849C8E] A:0000 X:C58D Y:BE1D S:0122 D:0000 DB:86 nvmxdiZc V:255 H: 38 F:58
				849C8E 24 08       BIT $08       [000008] A:0000 X:C58D Y:BE1D S:0122 D:0000 DB:86 nvmxdiZc V:255 H: 43 F:58
				849C90 50 04       BVC $0004     [849C96] A:0000 X:C58D Y:BE1D S:0122 D:0000 DB:86 nVmxdiZc V:255 H: 50 F:58
				849C92 49 FF FF    EOR #$FFFF             A:0000 X:C58D Y:BE1D S:0122 D:0000 DB:86 nVmxdiZc V:255 H: 53 F:58
				849C95 1A          INC                    A:FFFF X:C58D Y:BE1D S:0122 D:0000 DB:86 NVmxdizc V:255 H: 57 F:58
				849C96 65 0C       ADC $0C       [00000C] A:0000 X:C58D Y:BE1D S:0122 D:0000 DB:86 nVmxdiZc V:255 H: 60 F:58
				849C98 38          SEC                    A:078D X:C58D Y:BE1D S:0122 D:0000 DB:86 nvmxdizc V:255 H: 67 F:58
				849C99 E5 04       SBC $04       [000004] A:078D X:C58D Y:BE1D S:0122 D:0000 DB:86 nvmxdizC V:255 H: 70 F:58
				849C9B 38          SEC                    A:FFF5 X:C58D Y:BE1D S:0122 D:0000 DB:86 Nvmxdizc V:255 H: 77 F:58
				849C9C E5 0A       SBC $0A       [00000A] A:FFF5 X:C58D Y:BE1D S:0122 D:0000 DB:86 NvmxdizC V:255 H: 80 F:58
				849C9E 10 06       BPL $0006     [849CA6] A:FFF5 X:C58D Y:BE1D S:0122 D:0000 DB:86 NvmxdizC V:255 H: 87 F:58
				849CA0 C6 10       DEC $10       [000010] A:FFF5 X:C58D Y:BE1D S:0122 D:0000 DB:86 NvmxdizC V:255 H: 90 F:58
				849CA2 49 FF FF    EOR #$FFFF             A:FFF5 X:C58D Y:BE1D S:0122 D:0000 DB:86 NvmxdizC V:255 H:103 F:58
				849CA5 1A          INC                    A:000A X:C58D Y:BE1D S:0122 D:0000 DB:86 nvmxdizC V:255 H:107 F:58
				849CA6 85 04       STA $04       [000004] A:000B X:C58D Y:BE1D S:0122 D:0000 DB:86 nvmxdizC V:255 H:110 F:58
				849CA8 A5 00       LDA $00       [000000] A:000B X:C58D Y:BE1D S:0122 D:0000 DB:86 nvmxdizC V:255 H:117 F:58
				849CAA 38          SEC                    A:000E X:C58D Y:BE1D S:0122 D:0000 DB:86 nvmxdizC V:255 H:124 F:58
				849CAB E5 04       SBC $04       [000004] A:000E X:C58D Y:BE1D S:0122 D:0000 DB:86 nvmxdizC V:255 H:127 F:58
				849CAD 1A          INC                    A:0003 X:C58D Y:BE1D S:0122 D:0000 DB:86 nvmxdizC V:255 H:144 F:58
				849CAE 85 04       STA $04       [000004] A:0004 X:C58D Y:BE1D S:0122 D:0000 DB:86 nvmxdizC V:255 H:147 F:58
				849CB0 24 0F       BIT $0F       [00000F] A:0004 X:C58D Y:BE1D S:0122 D:0000 DB:86 nvmxdizC V:255 H:154 F:58
				849CB2 30 04       BMI $0004     [849CB8] A:0004 X:C58D Y:BE1D S:0122 D:0000 DB:86 NVmxdiZC V:255 H:161 F:58
				849CB8 85 00       STA $00       [000000] A:0004 X:C58D Y:BE1D S:0122 D:0000 DB:86 NVmxdiZC V:255 H:166 F:58
				849CBA 90 45       BCC $0045     [849D01] A:0004 X:C58D Y:BE1D S:0122 D:0000 DB:86 NVmxdiZC V:255 H:173 F:58
				849CBC B9 01 00    LDA $0001,Y   [86BE1E] A:0004 X:C58D Y:BE1D S:0122 D:0000 DB:86 NVmxdiZC V:255 H:176 F:58
				849CBF 29 FF 00    AND #$00FF             A:0400 X:C58D Y:BE1D S:0122 D:0000 DB:86 nVmxdizC V:255 H:185 F:58
				849CC2 89 80 00    BIT #$0080             A:0000 X:C58D Y:BE1D S:0122 D:0000 DB:86 nVmxdiZC V:255 H:189 F:58
				849CC5 F0 03       BEQ $0003     [849CCA] A:0000 X:C58D Y:BE1D S:0122 D:0000 DB:86 nVmxdiZC V:255 H:194 F:58
				849CCA 85 0A       STA $0A       [00000A] A:0000 X:C58D Y:BE1D S:0122 D:0000 DB:86 nVmxdiZC V:255 H:198 F:58
				849CCC 64 10       STZ $10       [000010] A:0000 X:C58D Y:BE1D S:0122 D:0000 DB:86 nVmxdiZC V:255 H:205 F:58
				849CCE BD 01 00    LDA $0001,X   [86C58E] A:0000 X:C58D Y:BE1D S:0122 D:0000 DB:86 nVmxdiZC V:255 H:212 F:58
				849CD1 29 FF 00    AND #$00FF             A:0A04 X:C58D Y:BE1D S:0122 D:0000 DB:86 nVmxdizC V:255 H:221 F:58
				849CD4 89 80 00    BIT #$0080             A:0004 X:C58D Y:BE1D S:0122 D:0000 DB:86 nVmxdizC V:255 H:226 F:58
				849CD7 F0 03       BEQ $0003     [849CDC] A:0004 X:C58D Y:BE1D S:0122 D:0000 DB:86 nVmxdiZC V:255 H:230 F:58
				849CDC 18          CLC                    A:0004 X:C58D Y:BE1D S:0122 D:0000 DB:86 nVmxdiZC V:255 H:235 F:58
				849CDD 65 0E       ADC $0E       [00000E] A:0004 X:C58D Y:BE1D S:0122 D:0000 DB:86 nVmxdiZc V:255 H:238 F:58
				849CDF 38          SEC                    A:00AC X:C58D Y:BE1D S:0122 D:0000 DB:86 nvmxdizc V:255 H:245 F:58
				849CE0 E5 06       SBC $06       [000006] A:00AC X:C58D Y:BE1D S:0122 D:0000 DB:86 nvmxdizC V:255 H:248 F:58
				849CE2 38          SEC                    A:0000 X:C58D Y:BE1D S:0122 D:0000 DB:86 nvmxdiZC V:255 H:255 F:58
				849CE3 E5 0A       SBC $0A       [00000A] A:0000 X:C58D Y:BE1D S:0122 D:0000 DB:86 nvmxdiZC V:255 H:258 F:58
				849CE5 10 06       BPL $0006     [849CED] A:0000 X:C58D Y:BE1D S:0122 D:0000 DB:86 nvmxdiZC V:255 H:265 F:58
				849CED 85 06       STA $06       [000006] A:0000 X:C58D Y:BE1D S:0122 D:0000 DB:86 nvmxdiZC V:255 H:269 F:58
				849CEF A5 02       LDA $02       [000002] A:0000 X:C58D Y:BE1D S:0122 D:0000 DB:86 nvmxdiZC V:255 H:276 F:58
				849CF1 38          SEC                    A:0016 X:C58D Y:BE1D S:0122 D:0000 DB:86 nvmxdizC V:255 H:283 F:58
				849CF2 E5 06       SBC $06       [000006] A:0016 X:C58D Y:BE1D S:0122 D:0000 DB:86 nvmxdizC V:255 H:286 F:58
				849CF4 1A          INC                    A:0016 X:C58D Y:BE1D S:0122 D:0000 DB:86 nvmxdizC V:255 H:293 F:58
				849CF5 85 06       STA $06       [000006] A:0017 X:C58D Y:BE1D S:0122 D:0000 DB:86 nvmxdizC V:255 H:296 F:58
				849CF7 24 0F       BIT $0F       [00000F] A:0017 X:C58D Y:BE1D S:0122 D:0000 DB:86 nvmxdizC V:255 H:303 F:58
				849CF9 30 04       BMI $0004     [849CFF] A:0017 X:C58D Y:BE1D S:0122 D:0000 DB:86 nvmxdiZC V:255 H:310 F:58
				849CFB 49 FF FF    EOR #$FFFF             A:0017 X:C58D Y:BE1D S:0122 D:0000 DB:86 nvmxdiZC V:255 H:313 F:58
				849CFE 1A          INC                    A:FFE8 X:C58D Y:BE1D S:0122 D:0000 DB:86 NvmxdizC V:255 H:318 F:58
				849CFF 85 02       STA $02       [000002] A:FFE9 X:C58D Y:BE1D S:0122 D:0000 DB:86 NvmxdizC V:255 H:321 F:58
				849D01 E2 20       SEP #$20               A:FFE9 X:C58D Y:BE1D S:0122 D:0000 DB:86 NvmxdizC V:255 H:327 F:58
				849D03 2B          PLD                    A:FFE9 X:C58D Y:BE1D S:0122 D:0000 DB:86 NvMxdizC V:255 H:331 F:58
				849D04 FA          PLX                    A:FFE9 X:C58D Y:BE1D S:0124 D:0E68 DB:86 nvMxdizC V:256 H:  0 F:58
				849D05 7A          PLY                    A:FFE9 X:1228 Y:BE1D S:0126 D:0E68 DB:86 nvMxdizC V:256 H:  8 F:58
				849D06 6B          RTL                    A:FFE9 X:1228 Y:0002 S:0128 D:0E68 DB:86 nvMxdizC V:256 H: 17 F:58

			849B68 90 03       BCC $0003     [849B6D] A:FFE9 X:1228 Y:0002 S:012B D:0E68 DB:86 nvMxdizC V:256 H: 27 F:58
			849B6A 4C 15 9E    JMP $9E15     [849E15] A:FFE9 X:1228 Y:0002 S:012B D:0E68 DB:86 nvMxdizC V:256 H: 30 F:58

			849E15 C2 20       REP #$20               A:FFE9 X:1228 Y:0002 S:012B D:0E68 DB:86 nvMxdizC V:256 H: 35 F:58
			849E17 8E 1E 1F    STX $1F1E     [861F1E] A:FFE9 X:1228 Y:0002 S:012B D:0E68 DB:86 nvmxdizC V:256 H: 39 F:58
			849E1A BD 0A 00    LDA $000A,X   [861232] A:FFE9 X:1228 Y:0002 S:012B D:0E68 DB:86 nvmxdizC V:256 H: 48 F:58
			849E1D 29 FF 00    AND #$00FF             A:0000 X:1228 Y:0002 S:012B D:0E68 DB:86 nvmxdiZC V:256 H: 58 F:58
			849E20 8D 00 00    STA $0000     [860000] A:0000 X:1228 Y:0002 S:012B D:0E68 DB:86 nvmxdiZC V:256 H: 62 F:58
			849E23 A5 28       LDA $28       [000E90] A:0000 X:1228 Y:0002 S:012B D:0E68 DB:86 nvmxdiZC V:256 H: 71 F:58
			849E25 29 FF 00    AND #$00FF             A:000D X:1228 Y:0002 S:012B D:0E68 DB:86 nvmxdizC V:256 H: 79 F:58
			849E28 0A          ASL A                  A:000D X:1228 Y:0002 S:012B D:0E68 DB:86 nvmxdizC V:256 H: 84 F:58
			849E29 A8          TAY                    A:001A X:1228 Y:0002 S:012B D:0E68 DB:86 nvmxdizc V:256 H: 87 F:58
			849E2A B9 37 EF    LDA $EF37,Y   [86EF51] A:001A X:1228 Y:001A S:012B D:0E68 DB:86 nvmxdizc V:256 H: 90 F:58
			849E2D 18          CLC                    A:01AE X:1228 Y:001A S:012B D:0E68 DB:86 nvmxdizc V:256 H: 99 F:58
			849E2E 6D 00 00    ADC $0000     [860000] A:01AE X:1228 Y:001A S:012B D:0E68 DB:86 nvmxdizc V:256 H:102 F:58
			849E31 A8          TAY                    A:01AE X:1228 Y:001A S:012B D:0E68 DB:86 nvmxdizc V:256 H:110 F:58
			849E32 E2 20       SEP #$20               A:01AE X:1228 Y:01AE S:012B D:0E68 DB:86 nvmxdizc V:256 H:113 F:58
			849E34 9C 05 00    STZ $0005     [860005] A:01AE X:1228 Y:01AE S:012B D:0E68 DB:86 nvMxdizc V:256 H:118 F:58
			849E37 AD 00 00    LDA $0000     [860000] A:01AE X:1228 Y:01AE S:012B D:0E68 DB:86 nvMxdizc V:256 H:124 F:58
			849E3A 8D 1D 1F    STA $1F1D     [861F1D] A:0100 X:1228 Y:01AE S:012B D:0E68 DB:86 nvMxdiZc V:256 H:131 F:58
			849E3D A9 01       LDA #$01               A:0100 X:1228 Y:01AE S:012B D:0E68 DB:86 nvMxdiZc V:256 H:147 F:58
			849E3F 8D 04 00    STA $0004     [860004] A:0101 X:1228 Y:01AE S:012B D:0E68 DB:86 nvMxdizc V:256 H:150 F:58
			849E42 A9 00       LDA #$00               A:0101 X:1228 Y:01AE S:012B D:0E68 DB:86 nvMxdizc V:256 H:157 F:58
			849E44 EB          XBA                    A:0100 X:1228 Y:01AE S:012B D:0E68 DB:86 nvMxdiZc V:256 H:160 F:58
			849E45 B9 37 EF    LDA $EF37,Y   [86F0E5] A:0001 X:1228 Y:01AE S:012B D:0E68 DB:86 nvMxdizc V:256 H:164 F:58
			849E48 10 0E       BPL $000E     [849E58] A:0001 X:1228 Y:01AE S:012B D:0E68 DB:86 nvMxdizc V:256 H:172 F:58
			849E58 D0 03       BNE $0003     [849E5D] A:0001 X:1228 Y:01AE S:012B D:0E68 DB:86 nvMxdizc V:256 H:176 F:58
			849E5D AD 1D 1F    LDA $1F1D     [861F1D] A:0001 X:1228 Y:01AE S:012B D:0E68 DB:86 nvMxdizc V:256 H:181 F:58
			849E60 C9 19       CMP #$19               A:0000 X:1228 Y:01AE S:012B D:0E68 DB:86 nvMxdiZc V:256 H:187 F:58
			849E62 F0 04       BEQ $0004     [849E68] A:0000 X:1228 Y:01AE S:012B D:0E68 DB:86 NvMxdizc V:256 H:190 F:58
			849E64 C9 1A       CMP #$1A               A:0000 X:1228 Y:01AE S:012B D:0E68 DB:86 NvMxdizc V:256 H:193 F:58
			849E66 D0 06       BNE $0006     [849E6E] A:0000 X:1228 Y:01AE S:012B D:0E68 DB:86 NvMxdizc V:256 H:196 F:58
			849E6E A5 27       LDA $27       [000E8F] A:0000 X:1228 Y:01AE S:012B D:0E68 DB:86 NvMxdizc V:256 H:201 F:58
			849E70 29 7F       AND #$7F               A:000A X:1228 Y:01AE S:012B D:0E68 DB:86 nvMxdizc V:256 H:207 F:58
			849E72 38          SEC                    A:000A X:1228 Y:01AE S:012B D:0E68 DB:86 nvMxdizc V:256 H:210 F:58
			849E73 F9 37 EF    SBC $EF37,Y   [86F0E5] A:000A X:1228 Y:01AE S:012B D:0E68 DB:86 nvMxdizC V:256 H:213 F:58
			849E76 30 21       BMI $0021     [849E99] A:0009 X:1228 Y:01AE S:012B D:0E68 DB:86 nvMxdizC V:256 H:221 F:58
			849E78 F0 1F       BEQ $001F     [849E99] A:0009 X:1228 Y:01AE S:012B D:0E68 DB:86 nvMxdizC V:256 H:224 F:58
			849E7A 85 27       STA $27       [000E8F] A:0009 X:1228 Y:01AE S:012B D:0E68 DB:86 nvMxdizC V:256 H:227 F:58
			849E7C A9 11       LDA #$11               A:0009 X:1228 Y:01AE S:012B D:0E68 DB:86 nvMxdizC V:256 H:233 F:58
			849E7E 22 A2 88 80 JSL $8088A2   [8088A2] A:0011 X:1228 Y:01AE S:012B D:0E68 DB:86 nvMxdizC V:256 H:236 F:58

				8088A2 DA          PHX                    A:0011 X:1228 Y:01AE S:0128 D:0E68 DB:86 nvMxdizC V:256 H:250 F:58
				8088A3 5A          PHY                    A:0011 X:1228 Y:01AE S:0126 D:0E68 DB:86 nvMxdizC V:256 H:257 F:58
				8088A4 08          PHP                    A:0011 X:1228 Y:01AE S:0124 D:0E68 DB:86 nvMxdizC V:256 H:264 F:58
				8088A5 C2 20       REP #$20               A:0011 X:1228 Y:01AE S:0123 D:0E68 DB:86 nvMxdizC V:256 H:269 F:58
				8088A7 E2 10       SEP #$10               A:0011 X:1228 Y:01AE S:0123 D:0E68 DB:86 nvmxdizC V:256 H:273 F:58
				8088A9 48          PHA                    A:0011 X:0028 Y:00AE S:0123 D:0E68 DB:86 nvmXdizC V:256 H:278 F:58
				8088AA A5 05       LDA $05       [000E6D] A:0011 X:0028 Y:00AE S:0121 D:0E68 DB:86 nvmXdizC V:256 H:285 F:58
				8088AC 38          SEC                    A:078D X:0028 Y:00AE S:0121 D:0E68 DB:86 nvmXdizC V:256 H:293 F:58
				8088AD ED AD 0B    SBC $0BAD     [860BAD] A:078D X:0028 Y:00AE S:0121 D:0E68 DB:86 nvmXdizC V:256 H:296 F:58
				8088B0 10 0E       BPL $000E     [8088C0] A:FFB0 X:0028 Y:00AE S:0121 D:0E68 DB:86 NvmXdizc V:256 H:305 F:58
				8088B2 4A          LSR A                  A:FFB0 X:0028 Y:00AE S:0121 D:0E68 DB:86 NvmXdizc V:256 H:308 F:58
				8088B3 09 00 80    ORA #$8000             A:7FD8 X:0028 Y:00AE S:0121 D:0E68 DB:86 nvmXdizc V:256 H:311 F:58
				8088B6 C9 81 FF    CMP #$FF81             A:FFD8 X:0028 Y:00AE S:0121 D:0E68 DB:86 NvmXdizc V:256 H:315 F:58
				8088B9 10 0E       BPL $000E     [8088C9] A:FFD8 X:0028 Y:00AE S:0121 D:0E68 DB:86 nvmXdizC V:256 H:320 F:58
				8088C9 A8          TAY                    A:FFD8 X:0028 Y:00AE S:0121 D:0E68 DB:86 nvmXdizC V:256 H:324 F:58
				8088CA 68          PLA                    A:FFD8 X:0028 Y:00D8 S:0121 D:0E68 DB:86 NvmXdizC V:256 H:327 F:58
				8088CB 80 07       BRA $0007     [8088D4] A:0011 X:0028 Y:00D8 S:0123 D:0E68 DB:86 nvmXdizC V:256 H:335 F:58
				8088D4 E2 31       SEP #$31               A:0011 X:0028 Y:00D8 S:0123 D:0E68 DB:86 nvmXdizC V:256 H:339 F:58
				8088D6 AE A3 0B    LDX $0BA3     [860BA3] A:0011 X:0028 Y:00D8 S:0123 D:0E68 DB:86 nvMXdizC V:257 H:  4 F:58
				8088D9 9D 72 0B    STA $0B72,X   [860B80] A:0011 X:000E Y:00D8 S:0123 D:0E68 DB:86 nvMXdizC V:257 H: 10 F:58
				8088DC 98          TYA                    A:0011 X:000E Y:00D8 S:0123 D:0E68 DB:86 nvMXdizC V:257 H: 18 F:58
				8088DD 9D 73 0B    STA $0B73,X   [860B81] A:00D8 X:000E Y:00D8 S:0123 D:0E68 DB:86 NvMXdizC V:257 H: 21 F:58
				8088E0 E8          INX                    A:00D8 X:000E Y:00D8 S:0123 D:0E68 DB:86 NvMXdizC V:257 H: 29 F:58
				8088E1 E8          INX                    A:00D8 X:000F Y:00D8 S:0123 D:0E68 DB:86 nvMXdizC V:257 H: 32 F:58
				8088E2 8A          TXA                    A:00D8 X:0010 Y:00D8 S:0123 D:0E68 DB:86 nvMXdizC V:257 H: 35 F:58
				8088E3 29 1E       AND #$1E               A:0010 X:0010 Y:00D8 S:0123 D:0E68 DB:86 nvMXdizC V:257 H: 38 F:58
				8088E5 8D A3 0B    STA $0BA3     [860BA3] A:0010 X:0010 Y:00D8 S:0123 D:0E68 DB:86 nvMXdizC V:257 H: 41 F:58
				8088E8 28          PLP                    A:0010 X:0010 Y:00D8 S:0123 D:0E68 DB:86 nvMXdizC V:257 H: 48 F:58
				8088E9 7A          PLY                    A:0010 X:0010 Y:00D8 S:0124 D:0E68 DB:86 nvMxdizC V:257 H: 54 F:58
				8088EA FA          PLX                    A:0010 X:0010 Y:01AE S:0126 D:0E68 DB:86 nvMxdizC V:257 H: 63 F:58
				8088EB 6B          RTL                    A:0010 X:1228 Y:01AE S:0128 D:0E68 DB:86 nvMxdizC V:257 H: 71 F:58

			849E82 A9 08       LDA #$08               A:0010 X:1228 Y:01AE S:012B D:0E68 DB:86 nvMxdizC V:257 H: 82 F:58
			849E84 9D 01 00    STA $0001,X   [861229] A:0008 X:1228 Y:01AE S:012B D:0E68 DB:86 nvMxdizC V:257 H: 85 F:58
			849E87 9E 02 00    STZ $0002,X   [86122A] A:0008 X:1228 Y:01AE S:012B D:0E68 DB:86 nvMxdizC V:257 H: 93 F:58
			849E8A 9E 03 00    STZ $0003,X   [86122B] A:0008 X:1228 Y:01AE S:012B D:0E68 DB:86 nvMxdizC V:257 H:101 F:58
			849E8D BD 0A 00    LDA $000A,X   [861232] A:0008 X:1228 Y:01AE S:012B D:0E68 DB:86 nvMxdizC V:257 H:109 F:58
			849E90 C9 1D       CMP #$1D               A:0000 X:1228 Y:01AE S:012B D:0E68 DB:86 nvMxdiZC V:257 H:117 F:58
			849E92 F0 11       BEQ $0011     [849EA5] A:0000 X:1228 Y:01AE S:012B D:0E68 DB:86 NvMxdizc V:257 H:120 F:58
			849E94 FE 30 00    INC $0030,X   [861258] A:0000 X:1228 Y:01AE S:012B D:0E68 DB:86 NvMxdizc V:257 H:123 F:58
			849E97 80 0C       BRA $000C     [849EA5] A:0000 X:1228 Y:01AE S:012B D:0E68 DB:86 nvMxdizc V:257 H:144 F:58
			849EA5 A9 80       LDA #$80               A:0000 X:1228 Y:01AE S:012B D:0E68 DB:86 nvMxdizc V:257 H:149 F:58
			849EA7 04 27       TSB $27       [000E8F] A:0080 X:1228 Y:01AE S:012B D:0E68 DB:86 NvMxdizc V:257 H:152 F:58
			849EA9 A9 00       LDA #$00               A:0080 X:1228 Y:01AE S:012B D:0E68 DB:86 NvMxdiZc V:257 H:162 F:58
			849EAB 8D 1B 1F    STA $1F1B     [861F1B] A:0000 X:1228 Y:01AE S:012B D:0E68 DB:86 nvMxdiZc V:257 H:165 F:58
			849EAE BC 1A 00    LDY $001A,X   [861242] A:0000 X:1228 Y:01AE S:012B D:0E68 DB:86 nvMxdiZc V:257 H:171 F:58
			849EB1 F0 09       BEQ $0009     [849EBC] A:0000 X:1228 Y:FA00 S:012B D:0E68 DB:86 NvMxdizc V:257 H:181 F:58
			849EB3 10 10       BPL $0010     [849EC5] A:0000 X:1228 Y:FA00 S:012B D:0E68 DB:86 NvMxdizc V:257 H:184 F:58
			849EB5 A9 40       LDA #$40               A:0000 X:1228 Y:FA00 S:012B D:0E68 DB:86 NvMxdizc V:257 H:187 F:58
			849EB7 8D 1B 1F    STA $1F1B     [861F1B] A:0040 X:1228 Y:FA00 S:012B D:0E68 DB:86 nvMxdizc V:257 H:190 F:58
			849EBA 80 09       BRA $0009     [849EC5] A:0040 X:1228 Y:FA00 S:012B D:0E68 DB:86 nvMxdizc V:257 H:197 F:58
			849EC5 AD 04 00    LDA $0004     [860004] A:0040 X:1228 Y:FA00 S:012B D:0E68 DB:86 nvMxdizc V:257 H:201 F:58
			849EC8 48          PHA                    A:0001 X:1228 Y:FA00 S:012B D:0E68 DB:86 nvMxdizc V:257 H:208 F:58
			849EC9 AD 05 00    LDA $0005     [860005] A:0001 X:1228 Y:FA00 S:012A D:0E68 DB:86 nvMxdizc V:257 H:213 F:58
			849ECC 48          PHA                    A:0000 X:1228 Y:FA00 S:012A D:0E68 DB:86 nvMxdiZc V:257 H:219 F:58
			849ECD DA          PHX                    A:0000 X:1228 Y:FA00 S:0129 D:0E68 DB:86 nvMxdiZc V:257 H:224 F:58
			849ECE 22 4E A5 84 JSL $84A54E   [84A54E] A:0000 X:1228 Y:FA00 S:0127 D:0E68 DB:86 nvMxdiZc V:257 H:231 F:58

				84A54E 08          PHP                    A:0000 X:1228 Y:FA00 S:0124 D:0E68 DB:86 nvMxdiZc V:257 H:245 F:58
				84A54F E2 20       SEP #$20               A:0000 X:1228 Y:FA00 S:0123 D:0E68 DB:86 nvMxdiZc V:257 H:250 F:58
				84A551 22 0E 9C 84 JSL $849C0E   [849C0E] A:0000 X:1228 Y:FA00 S:0123 D:0E68 DB:86 nvMxdiZc V:257 H:254 F:58

					849C0E 5A          PHY                    A:0000 X:1228 Y:FA00 S:0120 D:0E68 DB:86 nvMxdiZc V:257 H:268 F:58
					849C0F A4 20       LDY $20       [000E88] A:0000 X:1228 Y:FA00 S:011E D:0E68 DB:86 nvMxdiZc V:257 H:275 F:58
					849C11 D0 03       BNE $0003     [849C16] A:0000 X:1228 Y:C58D S:011E D:0E68 DB:86 NvMxdizc V:257 H:283 F:58
					849C16 BC 20 00    LDY $0020,X   [861248] A:0000 X:1228 Y:C58D S:011E D:0E68 DB:86 NvMxdizc V:257 H:288 F:58
					849C19 D0 03       BNE $0003     [849C1E] A:0000 X:1228 Y:BE1D S:011E D:0E68 DB:86 NvMxdizc V:257 H:298 F:58
					849C1E C2 20       REP #$20               A:0000 X:1228 Y:BE1D S:011E D:0E68 DB:86 NvMxdizc V:257 H:302 F:58
					849C20 DA          PHX                    A:0000 X:1228 Y:BE1D S:011E D:0E68 DB:86 Nvmxdizc V:257 H:307 F:58
					849C21 BD 05 00    LDA $0005,X   [86122D] A:0000 X:1228 Y:BE1D S:011C D:0E68 DB:86 Nvmxdizc V:257 H:314 F:58
					849C24 8D 04 00    STA $0004     [860004] A:0798 X:1228 Y:BE1D S:011C D:0E68 DB:86 nvmxdizc V:257 H:323 F:58
					849C27 BD 08 00    LDA $0008,X   [861230] A:0798 X:1228 Y:BE1D S:011C D:0E68 DB:86 nvmxdizc V:257 H:331 F:58
					849C2A 8D 06 00    STA $0006     [860006] A:00AC X:1228 Y:BE1D S:011C D:0E68 DB:86 nvmxdizc V:258 H:  1 F:58
					849C2D A5 05       LDA $05       [000E6D] A:00AC X:1228 Y:BE1D S:011C D:0E68 DB:86 nvmxdizc V:258 H: 10 F:58
					849C2F 8D 0C 00    STA $000C     [86000C] A:078D X:1228 Y:BE1D S:011C D:0E68 DB:86 nvmxdizc V:258 H: 18 F:58
					849C32 A5 08       LDA $08       [000E70] A:078D X:1228 Y:BE1D S:011C D:0E68 DB:86 nvmxdizc V:258 H: 27 F:58
					849C34 8D 0E 00    STA $000E     [86000E] A:00A8 X:1228 Y:BE1D S:011C D:0E68 DB:86 nvmxdizc V:258 H: 35 F:58
					849C37 E2 20       SEP #$20               A:00A8 X:1228 Y:BE1D S:011C D:0E68 DB:86 nvmxdizc V:258 H: 44 F:58
					849C39 BD 11 00    LDA $0011,X   [861239] A:00A8 X:1228 Y:BE1D S:011C D:0E68 DB:86 nvMxdizc V:258 H: 48 F:58
					849C3C 8D 08 00    STA $0008     [860008] A:0024 X:1228 Y:BE1D S:011C D:0E68 DB:86 nvMxdizc V:258 H: 56 F:58
					849C3F A5 11       LDA $11       [000E79] A:0024 X:1228 Y:BE1D S:011C D:0E68 DB:86 nvMxdizc V:258 H: 63 F:58
					849C41 8D 09 00    STA $0009     [860009] A:0069 X:1228 Y:BE1D S:011C D:0E68 DB:86 nvMxdizc V:258 H: 69 F:58
					849C44 BC 20 00    LDY $0020,X   [861248] A:0069 X:1228 Y:BE1D S:011C D:0E68 DB:86 nvMxdizc V:258 H: 76 F:58
					849C47 A6 20       LDX $20       [000E88] A:0069 X:1228 Y:BE1D S:011C D:0E68 DB:86 NvMxdizc V:258 H: 86 F:58
					849C49 0B          PHD                    A:0069 X:C58D Y:BE1D S:011C D:0E68 DB:86 NvMxdizc V:258 H: 94 F:58
					849C4A F4 00 00    PEA $0000              A:0069 X:C58D Y:BE1D S:011A D:0E68 DB:86 NvMxdizc V:258 H:101 F:58
					849C4D 2B          PLD                    A:0069 X:C58D Y:BE1D S:0118 D:0E68 DB:86 NvMxdizc V:258 H:110 F:58
					849C4E BD 02 00    LDA $0002,X   [86C58F] A:0069 X:C58D Y:BE1D S:011A D:0000 DB:86 nvMxdiZc V:258 H:118 F:58
					849C51 18          CLC                    A:000A X:C58D Y:BE1D S:011A D:0000 DB:86 nvMxdizc V:258 H:126 F:58
					849C52 79 02 00    ADC $0002,Y   [86BE1F] A:000A X:C58D Y:BE1D S:011A D:0000 DB:86 nvMxdizc V:258 H:129 F:58
					849C55 85 00       STA $00       [000000] A:000E X:C58D Y:BE1D S:011A D:0000 DB:86 nvMxdizc V:258 H:146 F:58
					849C57 64 01       STZ $01       [000001] A:000E X:C58D Y:BE1D S:011A D:0000 DB:86 nvMxdizc V:258 H:151 F:58
					849C59 BD 03 00    LDA $0003,X   [86C590] A:000E X:C58D Y:BE1D S:011A D:0000 DB:86 nvMxdizc V:258 H:156 F:58
					849C5C 18          CLC                    A:0012 X:C58D Y:BE1D S:011A D:0000 DB:86 nvMxdizc V:258 H:164 F:58
					849C5D 79 03 00    ADC $0003,Y   [86BE20] A:0012 X:C58D Y:BE1D S:011A D:0000 DB:86 nvMxdizc V:258 H:167 F:58
					849C60 85 02       STA $02       [000002] A:0016 X:C58D Y:BE1D S:011A D:0000 DB:86 nvMxdizc V:258 H:174 F:58
					849C62 64 03       STZ $03       [000003] A:0016 X:C58D Y:BE1D S:011A D:0000 DB:86 nvMxdizc V:258 H:179 F:58
					849C64 C2 21       REP #$21               A:0016 X:C58D Y:BE1D S:011A D:0000 DB:86 nvMxdizc V:258 H:184 F:58
					849C66 B9 00 00    LDA $0000,Y   [86BE1D] A:0016 X:C58D Y:BE1D S:011A D:0000 DB:86 nvmxdizc V:258 H:189 F:58
					849C69 29 FF 00    AND #$00FF             A:0000 X:C58D Y:BE1D S:011A D:0000 DB:86 nvmxdiZc V:258 H:198 F:58
					849C6C 89 80 00    BIT #$0080             A:0000 X:C58D Y:BE1D S:011A D:0000 DB:86 nvmxdiZc V:258 H:202 F:58
					849C6F F0 03       BEQ $0003     [849C74] A:0000 X:C58D Y:BE1D S:011A D:0000 DB:86 nvmxdiZc V:258 H:207 F:58
					849C74 24 07       BIT $07       [000007] A:0000 X:C58D Y:BE1D S:011A D:0000 DB:86 nvmxdiZc V:258 H:211 F:58
					849C76 50 04       BVC $0004     [849C7C] A:0000 X:C58D Y:BE1D S:011A D:0000 DB:86 nvmxdiZc V:258 H:218 F:58
					849C7C 85 0A       STA $0A       [00000A] A:0000 X:C58D Y:BE1D S:011A D:0000 DB:86 nvmxdiZc V:258 H:223 F:58
					849C7E 64 10       STZ $10       [000010] A:0000 X:C58D Y:BE1D S:011A D:0000 DB:86 nvmxdiZc V:258 H:230 F:58
					849C80 BD 00 00    LDA $0000,X   [86C58D] A:0000 X:C58D Y:BE1D S:011A D:0000 DB:86 nvmxdiZc V:258 H:237 F:58
					849C83 29 FF 00    AND #$00FF             A:0400 X:C58D Y:BE1D S:011A D:0000 DB:86 nvmxdizc V:258 H:246 F:58
					849C86 89 80 00    BIT #$0080             A:0000 X:C58D Y:BE1D S:011A D:0000 DB:86 nvmxdiZc V:258 H:250 F:58
					849C89 F0 03       BEQ $0003     [849C8E] A:0000 X:C58D Y:BE1D S:011A D:0000 DB:86 nvmxdiZc V:258 H:255 F:58
					849C8E 24 08       BIT $08       [000008] A:0000 X:C58D Y:BE1D S:011A D:0000 DB:86 nvmxdiZc V:258 H:259 F:58
					849C90 50 04       BVC $0004     [849C96] A:0000 X:C58D Y:BE1D S:011A D:0000 DB:86 nVmxdiZc V:258 H:266 F:58
					849C92 49 FF FF    EOR #$FFFF             A:0000 X:C58D Y:BE1D S:011A D:0000 DB:86 nVmxdiZc V:258 H:269 F:58
					849C95 1A          INC                    A:FFFF X:C58D Y:BE1D S:011A D:0000 DB:86 NVmxdizc V:258 H:274 F:58
					849C96 65 0C       ADC $0C       [00000C] A:0000 X:C58D Y:BE1D S:011A D:0000 DB:86 nVmxdiZc V:258 H:277 F:58
					849C98 38          SEC                    A:078D X:C58D Y:BE1D S:011A D:0000 DB:86 nvmxdizc V:258 H:284 F:58
					849C99 E5 04       SBC $04       [000004] A:078D X:C58D Y:BE1D S:011A D:0000 DB:86 nvmxdizC V:258 H:287 F:58
					849C9B 38          SEC                    A:FFF5 X:C58D Y:BE1D S:011A D:0000 DB:86 Nvmxdizc V:258 H:294 F:58
					849C9C E5 0A       SBC $0A       [00000A] A:FFF5 X:C58D Y:BE1D S:011A D:0000 DB:86 NvmxdizC V:258 H:297 F:58
					849C9E 10 06       BPL $0006     [849CA6] A:FFF5 X:C58D Y:BE1D S:011A D:0000 DB:86 NvmxdizC V:258 H:304 F:58
					849CA0 C6 10       DEC $10       [000010] A:FFF5 X:C58D Y:BE1D S:011A D:0000 DB:86 NvmxdizC V:258 H:307 F:58
					849CA2 49 FF FF    EOR #$FFFF             A:FFF5 X:C58D Y:BE1D S:011A D:0000 DB:86 NvmxdizC V:258 H:319 F:58
					849CA5 1A          INC                    A:000A X:C58D Y:BE1D S:011A D:0000 DB:86 nvmxdizC V:258 H:323 F:58
					849CA6 85 04       STA $04       [000004] A:000B X:C58D Y:BE1D S:011A D:0000 DB:86 nvmxdizC V:258 H:326 F:58
					849CA8 A5 00       LDA $00       [000000] A:000B X:C58D Y:BE1D S:011A D:0000 DB:86 nvmxdizC V:258 H:333 F:58
					849CAA 38          SEC                    A:000E X:C58D Y:BE1D S:011A D:0000 DB:86 nvmxdizC V:259 H:  0 F:58
					849CAB E5 04       SBC $04       [000004] A:000E X:C58D Y:BE1D S:011A D:0000 DB:86 nvmxdizC V:259 H:  3 F:58
					849CAD 1A          INC                    A:0003 X:C58D Y:BE1D S:011A D:0000 DB:86 nvmxdizC V:259 H: 10 F:58
					849CAE 85 04       STA $04       [000004] A:0004 X:C58D Y:BE1D S:011A D:0000 DB:86 nvmxdizC V:259 H: 13 F:58
					849CB0 24 0F       BIT $0F       [00000F] A:0004 X:C58D Y:BE1D S:011A D:0000 DB:86 nvmxdizC V:259 H: 20 F:58
					849CB2 30 04       BMI $0004     [849CB8] A:0004 X:C58D Y:BE1D S:011A D:0000 DB:86 NVmxdiZC V:259 H: 27 F:58
					849CB8 85 00       STA $00       [000000] A:0004 X:C58D Y:BE1D S:011A D:0000 DB:86 NVmxdiZC V:259 H: 31 F:58
					849CBA 90 45       BCC $0045     [849D01] A:0004 X:C58D Y:BE1D S:011A D:0000 DB:86 NVmxdiZC V:259 H: 38 F:58
					849CBC B9 01 00    LDA $0001,Y   [86BE1E] A:0004 X:C58D Y:BE1D S:011A D:0000 DB:86 NVmxdiZC V:259 H: 41 F:58
					849CBF 29 FF 00    AND #$00FF             A:0400 X:C58D Y:BE1D S:011A D:0000 DB:86 nVmxdizC V:259 H: 50 F:58
					849CC2 89 80 00    BIT #$0080             A:0000 X:C58D Y:BE1D S:011A D:0000 DB:86 nVmxdiZC V:259 H: 55 F:58
					849CC5 F0 03       BEQ $0003     [849CCA] A:0000 X:C58D Y:BE1D S:011A D:0000 DB:86 nVmxdiZC V:259 H: 59 F:58
					849CCA 85 0A       STA $0A       [00000A] A:0000 X:C58D Y:BE1D S:011A D:0000 DB:86 nVmxdiZC V:259 H: 64 F:58
					849CCC 64 10       STZ $10       [000010] A:0000 X:C58D Y:BE1D S:011A D:0000 DB:86 nVmxdiZC V:259 H: 71 F:58
					849CCE BD 01 00    LDA $0001,X   [86C58E] A:0000 X:C58D Y:BE1D S:011A D:0000 DB:86 nVmxdiZC V:259 H: 78 F:58
					849CD1 29 FF 00    AND #$00FF             A:0A04 X:C58D Y:BE1D S:011A D:0000 DB:86 nVmxdizC V:259 H: 87 F:58
					849CD4 89 80 00    BIT #$0080             A:0004 X:C58D Y:BE1D S:011A D:0000 DB:86 nVmxdizC V:259 H: 91 F:58
					849CD7 F0 03       BEQ $0003     [849CDC] A:0004 X:C58D Y:BE1D S:011A D:0000 DB:86 nVmxdiZC V:259 H: 96 F:58
					849CDC 18          CLC                    A:0004 X:C58D Y:BE1D S:011A D:0000 DB:86 nVmxdiZC V:259 H:100 F:58
					849CDD 65 0E       ADC $0E       [00000E] A:0004 X:C58D Y:BE1D S:011A D:0000 DB:86 nVmxdiZc V:259 H:103 F:58
					849CDF 38          SEC                    A:00AC X:C58D Y:BE1D S:011A D:0000 DB:86 nvmxdizc V:259 H:110 F:58
					849CE0 E5 06       SBC $06       [000006] A:00AC X:C58D Y:BE1D S:011A D:0000 DB:86 nvmxdizC V:259 H:113 F:58
					849CE2 38          SEC                    A:0000 X:C58D Y:BE1D S:011A D:0000 DB:86 nvmxdiZC V:259 H:120 F:58
					849CE3 E5 0A       SBC $0A       [00000A] A:0000 X:C58D Y:BE1D S:011A D:0000 DB:86 nvmxdiZC V:259 H:123 F:58
					849CE5 10 06       BPL $0006     [849CED] A:0000 X:C58D Y:BE1D S:011A D:0000 DB:86 nvmxdiZC V:259 H:130 F:58
					849CED 85 06       STA $06       [000006] A:0000 X:C58D Y:BE1D S:011A D:0000 DB:86 nvmxdiZC V:259 H:145 F:58
					849CEF A5 02       LDA $02       [000002] A:0000 X:C58D Y:BE1D S:011A D:0000 DB:86 nvmxdiZC V:259 H:152 F:58
					849CF1 38          SEC                    A:0016 X:C58D Y:BE1D S:011A D:0000 DB:86 nvmxdizC V:259 H:159 F:58
					849CF2 E5 06       SBC $06       [000006] A:0016 X:C58D Y:BE1D S:011A D:0000 DB:86 nvmxdizC V:259 H:162 F:58
					849CF4 1A          INC                    A:0016 X:C58D Y:BE1D S:011A D:0000 DB:86 nvmxdizC V:259 H:169 F:58
					849CF5 85 06       STA $06       [000006] A:0017 X:C58D Y:BE1D S:011A D:0000 DB:86 nvmxdizC V:259 H:172 F:58
					849CF7 24 0F       BIT $0F       [00000F] A:0017 X:C58D Y:BE1D S:011A D:0000 DB:86 nvmxdizC V:259 H:179 F:58
					849CF9 30 04       BMI $0004     [849CFF] A:0017 X:C58D Y:BE1D S:011A D:0000 DB:86 nvmxdiZC V:259 H:186 F:58
					849CFB 49 FF FF    EOR #$FFFF             A:0017 X:C58D Y:BE1D S:011A D:0000 DB:86 nvmxdiZC V:259 H:189 F:58
					849CFE 1A          INC                    A:FFE8 X:C58D Y:BE1D S:011A D:0000 DB:86 NvmxdizC V:259 H:193 F:58
					849CFF 85 02       STA $02       [000002] A:FFE9 X:C58D Y:BE1D S:011A D:0000 DB:86 NvmxdizC V:259 H:196 F:58
					849D01 E2 20       SEP #$20               A:FFE9 X:C58D Y:BE1D S:011A D:0000 DB:86 NvmxdizC V:259 H:203 F:58
					849D03 2B          PLD                    A:FFE9 X:C58D Y:BE1D S:011A D:0000 DB:86 NvMxdizC V:259 H:208 F:58
					849D04 FA          PLX                    A:FFE9 X:C58D Y:BE1D S:011C D:0E68 DB:86 nvMxdizC V:259 H:216 F:58
					849D05 7A          PLY                    A:FFE9 X:1228 Y:BE1D S:011E D:0E68 DB:86 nvMxdizC V:259 H:225 F:58
					849D06 6B          RTL                    A:FFE9 X:1228 Y:FA00 S:0120 D:0E68 DB:86 NvMxdizC V:259 H:233 F:58

				84A555 8E 10 00    STX $0010     [860010] A:FFE9 X:1228 Y:FA00 S:0123 D:0E68 DB:86 NvMxdizC V:259 H:244 F:58
				84A558 9B          TXY                    A:FFE9 X:1228 Y:FA00 S:0123 D:0E68 DB:86 NvMxdizC V:259 H:252 F:58
				84A559 BE 20 00    LDX $0020,Y   [861248] A:FFE9 X:1228 Y:1228 S:0123 D:0E68 DB:86 nvMxdizC V:259 H:255 F:58
				84A55C 9B          TXY                    A:FFE9 X:BE1D Y:1228 S:0123 D:0E68 DB:86 NvMxdizC V:259 H:265 F:58
				84A55D A6 20       LDX $20       [000E88] A:FFE9 X:BE1D Y:BE1D S:0123 D:0E68 DB:86 NvMxdizC V:259 H:268 F:58
				84A55F E2 20       SEP #$20               A:FFE9 X:C58D Y:BE1D S:0123 D:0E68 DB:86 NvMxdizC V:259 H:277 F:58
				84A561 B9 02 00    LDA $0002,Y   [86BE1F] A:FFE9 X:C58D Y:BE1D S:0123 D:0E68 DB:86 NvMxdizC V:259 H:281 F:58
				84A564 CD 04 00    CMP $0004     [860004] A:FF04 X:C58D Y:BE1D S:0123 D:0E68 DB:86 nvMxdizC V:259 H:289 F:58
				84A567 90 6F       BCC $006F     [84A5D8] A:FF04 X:C58D Y:BE1D S:0123 D:0E68 DB:86 nvMxdiZC V:259 H:295 F:58
				84A569 4E 05 00    LSR $0005     [860005] A:FF04 X:C58D Y:BE1D S:0123 D:0E68 DB:86 nvMxdiZC V:259 H:298 F:58
				84A56C 6E 04 00    ROR $0004     [860004] A:FF04 X:C58D Y:BE1D S:0123 D:0E68 DB:86 nvMxdiZc V:259 H:308 F:58
				84A56F AD 01 00    LDA $0001     [860001] A:FF04 X:C58D Y:BE1D S:0123 D:0E68 DB:86 nvMxdizc V:259 H:318 F:58
				84A572 30 31       BMI $0031     [84A5A5] A:FF00 X:C58D Y:BE1D S:0123 D:0E68 DB:86 nvMxdiZc V:259 H:324 F:58
				84A574 BD 00 00    LDA $0000,X   [86C58D] A:FF00 X:C58D Y:BE1D S:0123 D:0E68 DB:86 nvMxdiZc V:259 H:327 F:58
				84A577 24 11       BIT $11       [000E79] A:FF00 X:C58D Y:BE1D S:0123 D:0E68 DB:86 nvMxdiZc V:259 H:334 F:58
				84A579 50 03       BVC $0003     [84A57E] A:FF00 X:C58D Y:BE1D S:0123 D:0E68 DB:86 nVMxdiZc V:260 H:  1 F:58
				84A57B 49 FF       EOR #$FF               A:FF00 X:C58D Y:BE1D S:0123 D:0E68 DB:86 nVMxdiZc V:260 H:  4 F:58
				84A57D 1A          INC                    A:FFFF X:C58D Y:BE1D S:0123 D:0E68 DB:86 NVMxdizc V:260 H:  7 F:58
				84A57E C9 00       CMP #$00               A:FF00 X:C58D Y:BE1D S:0123 D:0E68 DB:86 nVMxdiZc V:260 H: 10 F:58
				84A580 C2 20       REP #$20               A:FF00 X:C58D Y:BE1D S:0123 D:0E68 DB:86 nVMxdiZC V:260 H: 13 F:58
				84A582 30 05       BMI $0005     [84A589] A:FF00 X:C58D Y:BE1D S:0123 D:0E68 DB:86 nVmxdiZC V:260 H: 17 F:58
				84A584 29 FF 00    AND #$00FF             A:FF00 X:C58D Y:BE1D S:0123 D:0E68 DB:86 nVmxdiZC V:260 H: 20 F:58
				84A587 80 03       BRA $0003     [84A58C] A:0000 X:C58D Y:BE1D S:0123 D:0E68 DB:86 nVmxdiZC V:260 H: 25 F:58
				84A58C 18          CLC                    A:0000 X:C58D Y:BE1D S:0123 D:0E68 DB:86 nVmxdiZC V:260 H: 29 F:58
				84A58D 65 05       ADC $05       [000E6D] A:0000 X:C58D Y:BE1D S:0123 D:0E68 DB:86 nVmxdiZc V:260 H: 32 F:58
				84A58F 8D 08 00    STA $0008     [860008] A:078D X:C58D Y:BE1D S:0123 D:0E68 DB:86 nvmxdizc V:260 H: 41 F:58
				84A592 BD 02 00    LDA $0002,X   [86C58F] A:078D X:C58D Y:BE1D S:0123 D:0E68 DB:86 nvmxdizc V:260 H: 49 F:58
				84A595 29 FF 00    AND #$00FF             A:120A X:C58D Y:BE1D S:0123 D:0E68 DB:86 nvmxdizc V:260 H: 58 F:58
				84A598 18          CLC                    A:000A X:C58D Y:BE1D S:0123 D:0E68 DB:86 nvmxdizc V:260 H: 63 F:58
				84A599 6D 08 00    ADC $0008     [860008] A:000A X:C58D Y:BE1D S:0123 D:0E68 DB:86 nvmxdizc V:260 H: 66 F:58
				84A59C 38          SEC                    A:0797 X:C58D Y:BE1D S:0123 D:0E68 DB:86 nvmxdizc V:260 H: 74 F:58
				84A59D ED 04 00    SBC $0004     [860004] A:0797 X:C58D Y:BE1D S:0123 D:0E68 DB:86 nvmxdizC V:260 H: 77 F:58
				84A5A0 8D 00 00    STA $0000     [860000] A:0795 X:C58D Y:BE1D S:0123 D:0E68 DB:86 nvmxdizC V:260 H: 86 F:58
				84A5A3 80 40       BRA $0040     [84A5E5] A:0795 X:C58D Y:BE1D S:0123 D:0E68 DB:86 nvmxdizC V:260 H: 94 F:58
				84A5E5 E2 20       SEP #$20               A:0795 X:C58D Y:BE1D S:0123 D:0E68 DB:86 nvmxdizC V:260 H: 99 F:58
				84A5E7 B9 03 00    LDA $0003,Y   [86BE20] A:0795 X:C58D Y:BE1D S:0123 D:0E68 DB:86 nvMxdizC V:260 H:103 F:58
				84A5EA CD 06 00    CMP $0006     [860006] A:0704 X:C58D Y:BE1D S:0123 D:0E68 DB:86 nvMxdizC V:260 H:111 F:58
				84A5ED 90 5D       BCC $005D     [84A64C] A:0704 X:C58D Y:BE1D S:0123 D:0E68 DB:86 NvMxdizc V:260 H:117 F:58
				84A64C C2 20       REP #$20               A:0704 X:C58D Y:BE1D S:0123 D:0E68 DB:86 NvMxdizc V:260 H:122 F:58
				84A64E AC 10 00    LDY $0010     [860010] A:0704 X:C58D Y:BE1D S:0123 D:0E68 DB:86 Nvmxdizc V:260 H:126 F:58
				84A651 B9 08 00    LDA $0008,Y   [861230] A:0704 X:C58D Y:1228 S:0123 D:0E68 DB:86 nvmxdizc V:260 H:145 F:58
				84A654 8D 02 00    STA $0002     [860002] A:00AC X:C58D Y:1228 S:0123 D:0E68 DB:86 nvmxdizc V:260 H:155 F:58
				84A657 28          PLP                    A:00AC X:C58D Y:1228 S:0123 D:0E68 DB:86 nvmxdizc V:260 H:163 F:58
				84A658 6B          RTL                    A:00AC X:C58D Y:1228 S:0124 D:0E68 DB:86 nvMxdiZc V:260 H:170 F:58

			849ED2 FA          PLX                    A:00AC X:C58D Y:1228 S:0127 D:0E68 DB:86 nvMxdiZc V:260 H:180 F:58
			849ED3 C2 20       REP #$20               A:00AC X:1228 Y:1228 S:0129 D:0E68 DB:86 nvMxdizc V:260 H:189 F:58
			849ED5 AD 00 00    LDA $0000     [860000] A:00AC X:1228 Y:1228 S:0129 D:0E68 DB:86 nvmxdizc V:260 H:193 F:58
			849ED8 9D 33 00    STA $0033,X   [86125B] A:0795 X:1228 Y:1228 S:0129 D:0E68 DB:86 nvmxdizc V:260 H:202 F:58
			849EDB AD 02 00    LDA $0002     [860002] A:0795 X:1228 Y:1228 S:0129 D:0E68 DB:86 nvmxdizc V:260 H:212 F:58
			849EDE 9D 35 00    STA $0035,X   [86125D] A:00AC X:1228 Y:1228 S:0129 D:0E68 DB:86 nvmxdizc V:260 H:220 F:58
			849EE1 E2 30       SEP #$30               A:00AC X:1228 Y:1228 S:0129 D:0E68 DB:86 nvmxdizc V:260 H:230 F:58
			849EE3 68          PLA                    A:00AC X:0028 Y:0028 S:0129 D:0E68 DB:86 nvMXdizc V:260 H:235 F:58
			849EE4 F0 02       BEQ $0002     [849EE8] A:0000 X:0028 Y:0028 S:012A D:0E68 DB:86 nvMXdiZc V:260 H:241 F:58
			849EE8 68          PLA                    A:0000 X:0028 Y:0028 S:012A D:0E68 DB:86 nvMXdiZc V:260 H:246 F:58
			849EE9 6B          RTL                    A:0001 X:0028 Y:0028 S:012B D:0E68 DB:86 nvMXdizc V:260 H:252 F:58

		878C52 F0 47       BEQ $0047     [878C9B] A:0001 X:0028 Y:0028 S:012E D:0E68 DB:86 nvMXdizc V:260 H:263 F:58		Branch if A = #$00
		878C54 A5 3D       LDA $3D       [000EA5] A:0001 X:0028 Y:0028 S:012E D:0E68 DB:86 nvMXdizc V:260 H:266 F:58
		878C56 D0 43       BNE $0043     [878C9B] A:0000 X:0028 Y:0028 S:012E D:0E68 DB:86 nvMXdiZc V:260 H:272 F:58		Branch if E-I_Frames <> #$00
		878C58 A9 3C       LDA #$3C               A:0000 X:0028 Y:0028 S:012E D:0E68 DB:86 nvMXdiZc V:260 H:275 F:58
		878C5A 85 3D       STA $3D       [000EA5] A:003C X:0028 Y:0028 S:012E D:0E68 DB:86 nvMXdizc V:260 H:278 F:58		E-I-Frames = #$3C
		878C5C A5 02       LDA $02       [000E6A] A:003C X:0028 Y:0028 S:012E D:0E68 DB:86 nvMXdizc V:260 H:285 F:58
		878C5E 85 3E       STA $3E       [000EA6] A:0004 X:0028 Y:0028 S:012E D:0E68 DB:86 nvMXdizc V:260 H:291 F:58		E-OldAction = E-Action
		878C60 A9 08       LDA #$08               A:0004 X:0028 Y:0028 S:012E D:0E68 DB:86 nvMXdizc V:260 H:298 F:58
		878C62 85 02       STA $02       [000E6A] A:0008 X:0028 Y:0028 S:012E D:0E68 DB:86 nvMXdizc V:260 H:301 F:58		E-Action = #$08
		878C64 A9 40       LDA #$40               A:0008 X:0028 Y:0028 S:012E D:0E68 DB:86 nvMXdizc V:260 H:307 F:58		|E-Facing = CurrMMXShotFac
		878C66 14 11       TRB $11       [000E79] A:0040 X:0028 Y:0028 S:012E D:0E68 DB:86 nvMXdizc V:260 H:310 F:58		|
		878C68 AD 1B 1F    LDA $1F1B     [861F1B] A:0040 X:0028 Y:0028 S:012E D:0E68 DB:86 nvMXdizc V:260 H:320 F:58		|
		878C6B 04 11       TSB $11       [000E79] A:0040 X:0028 Y:0028 S:012E D:0E68 DB:86 nvMXdizc V:260 H:326 F:58		|
		878C6D A9 10       LDA #$10               A:0040 X:0028 Y:0028 S:012E D:0E68 DB:86 nvMXdiZc V:260 H:336 F:58
		878C6F 85 34       STA $34       [000E9C] A:0010 X:0028 Y:0028 S:012E D:0E68 DB:86 nvMXdizc V:260 H:339 F:58		E-CD2 = #$10
		878C71 64 38       STZ $38       [000EA0] A:0010 X:0028 Y:0028 S:012E D:0E68 DB:86 nvMXdizc V:261 H:  5 F:58		E-Teleporting = #$00
		878C73 64 36       STZ $36       [000E9E] A:0010 X:0028 Y:0028 S:012E D:0E68 DB:86 nvMXdizc V:261 H: 12 F:58		E-$36 = 00
		878C75 A5 3C       LDA $3C       [000EA4] A:0010 X:0028 Y:0028 S:012E D:0E68 DB:86 nvMXdizc V:261 H: 18 F:58
		878C77 F0 06       BEQ $0006     [878C7F] A:0000 X:0028 Y:0028 S:012E D:0E68 DB:86 nvMXdiZc V:261 H: 25 F:58		Branch because E-GrabMMX = #$00
		878C7F A9 03       LDA #$03               A:0000 X:0028 Y:0028 S:012E D:0E68 DB:86 nvMXdiZc V:261 H: 29 F:58		A = a = #$03
		878C81 AE 1D 1F    LDX $1F1D     [861F1D] A:0003 X:0028 Y:0028 S:012E D:0E68 DB:86 nvMXdizc V:261 H: 32 F:58
		878C84 E0 07       CPX #$07               A:0003 X:0000 Y:0028 S:012E D:0E68 DB:86 nvMXdiZc V:261 H: 39 F:58
		878C86 F0 04       BEQ $0004     [878C8C] A:0003 X:0000 Y:0028 S:012E D:0E68 DB:86 NvMXdizc V:261 H: 42 F:58		Branch if CurrMMXShotID = #$07
		878C88 E0 10       CPX #$10               A:0003 X:0000 Y:0028 S:012E D:0E68 DB:86 NvMXdizc V:261 H: 45 F:58
		878C8A D0 06       BNE $0006     [878C92] A:0003 X:0000 Y:0028 S:012E D:0E68 DB:86 NvMXdizc V:261 H: 48 F:58		Branch because CurrMMXShotID <> #$10
		878C92 20 B1 90    JSR $90B1     [8790B1] A:0003 X:0000 Y:0028 S:012E D:0E68 DB:86 NvMXdizc V:261 H: 52 F:58		JSR $8790B1 --> Boomer Kuwanger Custom Skeleton Load

			8790B1 A6 35       LDX $35       [000E9D] A:0003 X:0000 Y:0028 S:012C D:0E68 DB:86 NvMXdizc V:261 H: 62 F:58
			8790B3 F0 03       BEQ $0003     [8790B8] A:0003 X:0000 Y:0028 S:012C D:0E68 DB:86 nvMXdiZc V:261 H: 69 F:58	Branch because E-$35 = #$00
			8790B8 AA          TAX                    A:0003 X:0000 Y:0028 S:012C D:0E68 DB:86 nvMXdiZc V:261 H: 73 F:58
			8790B9 BD 97 C5    LDA $C597,X   [86C59A] A:0003 X:0003 Y:0028 S:012C D:0E68 DB:86 nvMXdizc V:261 H: 76 F:58	A = [$86C597,a] = [$86C59A]
			8790BC 22 07 8F 84 JSL $848F07   [848F07] A:0013 X:0003 Y:0028 S:012C D:0E68 DB:86 nvMXdizc V:261 H: 82 F:58	JSL $848F07 --> Skeleton Load (SkelPoint = #$75, A=#$13)

				848F07 08          PHP                    A:0013 X:0003 Y:0028 S:0129 D:0E68 DB:86 nvMXdizc V:261 H: 96 F:58
				848F08 8B          PHB                    A:0013 X:0003 Y:0028 S:0128 D:0E68 DB:86 nvMXdizc V:261 H:101 F:58
				848F09 C2 30       REP #$30               A:0013 X:0003 Y:0028 S:0127 D:0E68 DB:86 nvMXdizc V:261 H:106 F:58
				848F0B 8D 0E 00    STA $000E     [86000E] A:0013 X:0003 Y:0028 S:0127 D:0E68 DB:86 nvmxdizc V:261 H:110 F:58
				848F0E A5 16       LDA $16       [000E7E] A:0013 X:0003 Y:0028 S:0127 D:0E68 DB:86 nvmxdizc V:261 H:119 F:58
				848F10 29 FF 00    AND #$00FF             A:8075 X:0003 Y:0028 S:0127 D:0E68 DB:86 Nvmxdizc V:261 H:127 F:58
				848F13 8D 0C 00    STA $000C     [86000C] A:0075 X:0003 Y:0028 S:0127 D:0E68 DB:86 nvmxdizc V:261 H:132 F:58
				848F16 0A          ASL A                  A:0075 X:0003 Y:0028 S:0127 D:0E68 DB:86 nvmxdizc V:261 H:150 F:58
				848F17 18          CLC                    A:00EA X:0003 Y:0028 S:0127 D:0E68 DB:86 nvmxdizc V:261 H:153 F:58
				848F18 6D 0C 00    ADC $000C     [86000C] A:00EA X:0003 Y:0028 S:0127 D:0E68 DB:86 nvmxdizc V:261 H:156 F:58
				848F1B AA          TAX                    A:015F X:0003 Y:0028 S:0127 D:0E68 DB:86 nvmxdizc V:261 H:165 F:58
				848F1C BF 00 A0 AF LDA $AFA000,X [AFA15F] A:015F X:015F Y:0028 S:0127 D:0E68 DB:86 nvmxdizc V:261 H:168 F:58
				848F20 85 14       STA $14       [000E7C] A:D367 X:015F Y:0028 S:0127 D:0E68 DB:86 Nvmxdizc V:261 H:177 F:58
				848F22 E2 20       SEP #$20               A:D367 X:015F Y:0028 S:0127 D:0E68 DB:86 Nvmxdizc V:261 H:185 F:58
				848F24 BF 02 A0 AF LDA $AFA002,X [AFA161] A:D367 X:015F Y:0028 S:0127 D:0E68 DB:86 NvMxdizc V:261 H:190 F:58
				848F28 48          PHA                    A:D3AF X:015F Y:0028 S:0127 D:0E68 DB:86 NvMxdizc V:261 H:197 F:58
				848F29 AB          PLB                    A:D3AF X:015F Y:0028 S:0126 D:0E68 DB:86 NvMxdizc V:261 H:202 F:58
				848F2A C2 20       REP #$20               A:D3AF X:015F Y:0028 S:0127 D:0E68 DB:AF NvMxdizc V:261 H:209 F:58
				848F2C AD 0E 00    LDA $000E     [AF000E] A:D3AF X:015F Y:0028 S:0127 D:0E68 DB:AF Nvmxdizc V:261 H:213 F:58
				848F2F 29 FF 00    AND #$00FF             A:0013 X:015F Y:0028 S:0127 D:0E68 DB:AF nvmxdizc V:261 H:222 F:58
				848F32 0A          ASL A                  A:0013 X:015F Y:0028 S:0127 D:0E68 DB:AF nvmxdizc V:261 H:226 F:58
				848F33 A8          TAY                    A:0026 X:015F Y:0028 S:0127 D:0E68 DB:AF nvmxdizc V:261 H:229 F:58
				848F34 B1 14       LDA ($14),Y   [AFD38D] A:0026 X:015F Y:0026 S:0127 D:0E68 DB:AF nvmxdizc V:261 H:232 F:58
				848F36 65 14       ADC $14       [000E7C] A:0079 X:015F Y:0026 S:0127 D:0E68 DB:AF nvmxdizc V:261 H:245 F:58
				848F38 85 14       STA $14       [000E7C] A:D3E0 X:015F Y:0026 S:0127 D:0E68 DB:AF Nvmxdizc V:261 H:254 F:58
				848F3A E2 30       SEP #$30               A:D3E0 X:015F Y:0026 S:0127 D:0E68 DB:AF Nvmxdizc V:261 H:262 F:58
				848F3C B2 14       LDA ($14)     [AFD3E0] A:D3E0 X:005F Y:0026 S:0127 D:0E68 DB:AF NvMXdizc V:261 H:267 F:58	Skeleton start: [AFD3E0]
				848F3E 85 13       STA $13       [000E7B] A:D320 X:005F Y:0026 S:0127 D:0E68 DB:AF nvMXdizc V:261 H:277 F:58
				848F40 A0 01       LDY #$01               A:D320 X:005F Y:0026 S:0127 D:0E68 DB:AF nvMXdizc V:261 H:283 F:58
				848F42 B1 14       LDA ($14),Y   [AFD3E1] A:D320 X:005F Y:0001 S:0127 D:0E68 DB:AF nvMXdizc V:261 H:286 F:58
				848F44 85 0F       STA $0F       [000E77] A:D313 X:005F Y:0001 S:0127 D:0E68 DB:AF nvMXdizc V:261 H:296 F:58
				848F46 C8          INY                    A:D313 X:005F Y:0001 S:0127 D:0E68 DB:AF nvMXdizc V:261 H:303 F:58
				848F47 B1 14       LDA ($14),Y   [AFD3E2] A:D313 X:005F Y:0002 S:0127 D:0E68 DB:AF nvMXdizc V:261 H:306 F:58
				848F49 85 17       STA $17       [000E7F] A:D32A X:005F Y:0002 S:0127 D:0E68 DB:AF nvMXdizc V:261 H:316 F:58
				848F4B A9 80       LDA #$80               A:D32A X:005F Y:0002 S:0127 D:0E68 DB:AF nvMXdizc V:261 H:322 F:58
				848F4D 04 17       TSB $17       [000E7F] A:D380 X:005F Y:0002 S:0127 D:0E68 DB:AF NvMXdizc V:261 H:325 F:58
				848F4F AB          PLB                    A:D380 X:005F Y:0002 S:0127 D:0E68 DB:AF NvMXdiZc V:261 H:334 F:58
				848F50 28          PLP                    A:D380 X:005F Y:0002 S:0128 D:0E68 DB:86 NvMXdizc V:  0 H:  1 F:59
				848F51 6B          RTL                    A:D380 X:005F Y:0002 S:0129 D:0E68 DB:86 nvMXdizc V:  0 H:  7 F:59

			8790C0 60          RTS                    A:D380 X:005F Y:0002 S:012C D:0E68 DB:86 nvMXdizc V:  0 H: 18 F:59

		878C95 A9 13       LDA #$13               A:D380 X:005F Y:0002 S:012E D:0E68 DB:86 nvMXdizc V:  0 H: 28 F:59
		878C97 22 A2 88 80 JSL $8088A2   [8088A2] A:D313 X:005F Y:0002 S:012E D:0E68 DB:86 nvMXdizc V:  0 H: 31 F:59		JSL $8088A2 --> Play Sound Effect (A = Sound Effect ID) (Stereo with |X-Distance|)

			8088A2 DA          PHX                    A:D313 X:005F Y:0002 S:012B D:0E68 DB:86 nvMXdizc V:  0 H: 44 F:59
			8088A3 5A          PHY                    A:D313 X:005F Y:0002 S:012A D:0E68 DB:86 nvMXdizc V:  0 H: 49 F:59
			8088A4 08          PHP                    A:D313 X:005F Y:0002 S:0129 D:0E68 DB:86 nvMXdizc V:  0 H: 54 F:59
			8088A5 C2 20       REP #$20               A:D313 X:005F Y:0002 S:0128 D:0E68 DB:86 nvMXdizc V:  0 H: 59 F:59
			8088A7 E2 10       SEP #$10               A:D313 X:005F Y:0002 S:0128 D:0E68 DB:86 nvmXdizc V:  0 H: 64 F:59
			8088A9 48          PHA                    A:D313 X:005F Y:0002 S:0128 D:0E68 DB:86 nvmXdizc V:  0 H: 68 F:59
			8088AA A5 05       LDA $05       [000E6D] A:D313 X:005F Y:0002 S:0126 D:0E68 DB:86 nvmXdizc V:  0 H: 75 F:59
			8088AC 38          SEC                    A:078D X:005F Y:0002 S:0126 D:0E68 DB:86 nvmXdizc V:  0 H: 84 F:59
			8088AD ED AD 0B    SBC $0BAD     [860BAD] A:078D X:005F Y:0002 S:0126 D:0E68 DB:86 nvmXdizC V:  0 H: 87 F:59
			8088B0 10 0E       BPL $000E     [8088C0] A:FFB0 X:005F Y:0002 S:0126 D:0E68 DB:86 NvmXdizc V:  0 H: 95 F:59
			8088B2 4A          LSR A                  A:FFB0 X:005F Y:0002 S:0126 D:0E68 DB:86 NvmXdizc V:  0 H: 98 F:59
			8088B3 09 00 80    ORA #$8000             A:7FD8 X:005F Y:0002 S:0126 D:0E68 DB:86 nvmXdizc V:  0 H:101 F:59
			8088B6 C9 81 FF    CMP #$FF81             A:FFD8 X:005F Y:0002 S:0126 D:0E68 DB:86 NvmXdizc V:  0 H:106 F:59
			8088B9 10 0E       BPL $000E     [8088C9] A:FFD8 X:005F Y:0002 S:0126 D:0E68 DB:86 nvmXdizC V:  0 H:110 F:59
			8088C9 A8          TAY                    A:FFD8 X:005F Y:0002 S:0126 D:0E68 DB:86 nvmXdizC V:  0 H:115 F:59
			8088CA 68          PLA                    A:FFD8 X:005F Y:00D8 S:0126 D:0E68 DB:86 NvmXdizC V:  0 H:118 F:59
			8088CB 80 07       BRA $0007     [8088D4] A:D313 X:005F Y:00D8 S:0128 D:0E68 DB:86 NvmXdizC V:  0 H:126 F:59
			8088D4 E2 31       SEP #$31               A:D313 X:005F Y:00D8 S:0128 D:0E68 DB:86 NvmXdizC V:  0 H:131 F:59
			8088D6 AE A3 0B    LDX $0BA3     [860BA3] A:D313 X:005F Y:00D8 S:0128 D:0E68 DB:86 NvMXdizC V:  0 H:145 F:59
			8088D9 9D 72 0B    STA $0B72,X   [860B82] A:D313 X:0010 Y:00D8 S:0128 D:0E68 DB:86 nvMXdizC V:  0 H:152 F:59
			8088DC 98          TYA                    A:D313 X:0010 Y:00D8 S:0128 D:0E68 DB:86 nvMXdizC V:  0 H:160 F:59
			8088DD 9D 73 0B    STA $0B73,X   [860B83] A:D3D8 X:0010 Y:00D8 S:0128 D:0E68 DB:86 NvMXdizC V:  0 H:163 F:59
			8088E0 E8          INX                    A:D3D8 X:0010 Y:00D8 S:0128 D:0E68 DB:86 NvMXdizC V:  0 H:171 F:59
			8088E1 E8          INX                    A:D3D8 X:0011 Y:00D8 S:0128 D:0E68 DB:86 nvMXdizC V:  0 H:174 F:59
			8088E2 8A          TXA                    A:D3D8 X:0012 Y:00D8 S:0128 D:0E68 DB:86 nvMXdizC V:  0 H:177 F:59
			8088E3 29 1E       AND #$1E               A:D312 X:0012 Y:00D8 S:0128 D:0E68 DB:86 nvMXdizC V:  0 H:180 F:59
			8088E5 8D A3 0B    STA $0BA3     [860BA3] A:D312 X:0012 Y:00D8 S:0128 D:0E68 DB:86 nvMXdizC V:  0 H:183 F:59
			8088E8 28          PLP                    A:D312 X:0012 Y:00D8 S:0128 D:0E68 DB:86 nvMXdizC V:  0 H:189 F:59
			8088E9 7A          PLY                    A:D312 X:0012 Y:00D8 S:0129 D:0E68 DB:86 nvMXdizc V:  0 H:196 F:59
			8088EA FA          PLX                    A:D312 X:0012 Y:0002 S:012A D:0E68 DB:86 nvMXdizc V:  0 H:202 F:59
			8088EB 6B          RTL                    A:D312 X:005F Y:0002 S:012B D:0E68 DB:86 nvMXdizc V:  0 H:209 F:59

		878C9B A5 3D       LDA $3D       [000EA5] A:D312 X:005F Y:0002 S:012E D:0E68 DB:86 nvMXdizc V:  0 H:219 F:59
		878C9D F0 0B       BEQ $000B     [878CAA] A:D33C X:005F Y:0002 S:012E D:0E68 DB:86 nvMXdizc V:  0 H:226 F:59		Branch if E-I_Frames = #$00
		878C9F 3A          DEC                    A:D33C X:005F Y:0002 S:012E D:0E68 DB:86 nvMXdizc V:  0 H:229 F:59
		878CA0 85 3D       STA $3D       [000EA5] A:D33B X:005F Y:0002 S:012E D:0E68 DB:86 nvMXdizc V:  0 H:232 F:59		Decrease E-I_Frames
		878CA2 29 03       AND #$03               A:D33B X:005F Y:0002 S:012E D:0E68 DB:86 nvMXdizc V:  0 H:238 F:59
		878CA4 D0 04       BNE $0004     [878CAA] A:D303 X:005F Y:0002 S:012E D:0E68 DB:86 nvMXdizc V:  0 H:241 F:59		Branch because E-I_Frames AND #$03 <> #$00
		878CAA A5 27       LDA $27       [000E8F] A:D303 X:005F Y:0002 S:012E D:0E68 DB:86 nvMXdizc V:  0 H:246 F:59
		878CAC 29 7F       AND #$7F               A:D389 X:005F Y:0002 S:012E D:0E68 DB:86 NvMXdizc V:  0 H:252 F:59
		878CAE D0 19       BNE $0019     [878CC9] A:D309 X:005F Y:0002 S:012E D:0E68 DB:86 nvMXdizc V:  0 H:255 F:59
		878CC9 A5 38       LDA $38       [000EA0] A:D309 X:005F Y:0002 S:012E D:0E68 DB:86 nvMXdizc V:  0 H:260 F:59
		878CCB D0 13       BNE $0013     [878CE0] A:D300 X:005F Y:0002 S:012E D:0E68 DB:86 nvMXdiZc V:  0 H:266 F:59
		878CCD A5 39       LDA $39       [000EA1] A:D300 X:005F Y:0002 S:012E D:0E68 DB:86 nvMXdiZc V:  0 H:269 F:59
		878CCF D0 0F       BNE $000F     [878CE0] A:D300 X:005F Y:0002 S:012E D:0E68 DB:86 nvMXdiZc V:  0 H:276 F:59
		878CD1 22 03 9B 84 JSL $849B03   [849B03] A:D300 X:005F Y:0002 S:012E D:0E68 DB:86 nvMXdiZc V:  0 H:279 F:59

			849B03 C2 10       REP #$10               A:D300 X:005F Y:0002 S:012B D:0E68 DB:86 nvMXdiZc V:  0 H:292 F:59
			849B05 A5 27       LDA $27       [000E8F] A:D300 X:005F Y:0002 S:012B D:0E68 DB:86 nvMxdiZc V:  0 H:297 F:59
			849B07 F0 70       BEQ $0070     [849B79] A:D389 X:005F Y:0002 S:012B D:0E68 DB:86 NvMxdizc V:  0 H:303 F:59
			849B09 A5 0E       LDA $0E       [000E76] A:D389 X:005F Y:0002 S:012B D:0E68 DB:86 NvMxdizc V:  0 H:306 F:59
			849B0B F0 31       BEQ $0031     [849B3E] A:D301 X:005F Y:0002 S:012B D:0E68 DB:86 nvMxdizc V:  0 H:313 F:59
			849B0D AD 0C 1F    LDA $1F0C     [861F0C] A:D301 X:005F Y:0002 S:012B D:0E68 DB:86 nvMxdizc V:  0 H:316 F:59
			849B10 D0 2C       BNE $002C     [849B3E] A:D300 X:005F Y:0002 S:012B D:0E68 DB:86 nvMxdiZc V:  0 H:322 F:59
			849B12 AD 32 0C    LDA $0C32     [860C32] A:D300 X:005F Y:0002 S:012B D:0E68 DB:86 nvMxdiZc V:  0 H:325 F:59
			849B15 D0 11       BNE $0011     [849B28] A:D300 X:005F Y:0002 S:012B D:0E68 DB:86 nvMxdiZc V:  0 H:331 F:59
			849B17 AD 30 0C    LDA $0C30     [860C30] A:D300 X:005F Y:0002 S:012B D:0E68 DB:86 nvMxdiZc V:  0 H:334 F:59
			849B1A D0 0C       BNE $000C     [849B28] A:D300 X:005F Y:0002 S:012B D:0E68 DB:86 nvMxdiZc V:  1 H:  0 F:59
			849B1C A2 A8 0B    LDX #$0BA8             A:D300 X:005F Y:0002 S:012B D:0E68 DB:86 nvMxdiZc V:  1 H:  3 F:59
			849B1F 22 0E 9C 84 JSL $849C0E   [849C0E] A:D300 X:0BA8 Y:0002 S:012B D:0E68 DB:86 nvMxdizc V:  1 H:  8 F:59

				849C0E 5A          PHY                    A:D300 X:0BA8 Y:0002 S:0128 D:0E68 DB:86 nvMxdizc V:  1 H: 21 F:59
				849C0F A4 20       LDY $20       [000E88] A:D300 X:0BA8 Y:0002 S:0126 D:0E68 DB:86 nvMxdizc V:  1 H: 28 F:59
				849C11 D0 03       BNE $0003     [849C16] A:D300 X:0BA8 Y:C58D S:0126 D:0E68 DB:86 NvMxdizc V:  1 H: 37 F:59
				849C16 BC 20 00    LDY $0020,X   [860BC8] A:D300 X:0BA8 Y:C58D S:0126 D:0E68 DB:86 NvMxdizc V:  1 H: 41 F:59
				849C19 D0 03       BNE $0003     [849C1E] A:D300 X:0BA8 Y:A552 S:0126 D:0E68 DB:86 NvMxdizc V:  1 H: 51 F:59
				849C1E C2 20       REP #$20               A:D300 X:0BA8 Y:A552 S:0126 D:0E68 DB:86 NvMxdizc V:  1 H: 56 F:59
				849C20 DA          PHX                    A:D300 X:0BA8 Y:A552 S:0126 D:0E68 DB:86 Nvmxdizc V:  1 H: 60 F:59
				849C21 BD 05 00    LDA $0005,X   [860BAD] A:D300 X:0BA8 Y:A552 S:0124 D:0E68 DB:86 Nvmxdizc V:  1 H: 67 F:59
				849C24 8D 04 00    STA $0004     [860004] A:07DD X:0BA8 Y:A552 S:0124 D:0E68 DB:86 nvmxdizc V:  1 H: 77 F:59
				849C27 BD 08 00    LDA $0008,X   [860BB0] A:07DD X:0BA8 Y:A552 S:0124 D:0E68 DB:86 nvmxdizc V:  1 H: 86 F:59
				849C2A 8D 06 00    STA $0006     [860006] A:00AF X:0BA8 Y:A552 S:0124 D:0E68 DB:86 nvmxdizc V:  1 H: 96 F:59
				849C2D A5 05       LDA $05       [000E6D] A:00AF X:0BA8 Y:A552 S:0124 D:0E68 DB:86 nvmxdizc V:  1 H:104 F:59
				849C2F 8D 0C 00    STA $000C     [86000C] A:078D X:0BA8 Y:A552 S:0124 D:0E68 DB:86 nvmxdizc V:  1 H:113 F:59
				849C32 A5 08       LDA $08       [000E70] A:078D X:0BA8 Y:A552 S:0124 D:0E68 DB:86 nvmxdizc V:  1 H:121 F:59
				849C34 8D 0E 00    STA $000E     [86000E] A:00A8 X:0BA8 Y:A552 S:0124 D:0E68 DB:86 nvmxdizc V:  1 H:130 F:59
				849C37 E2 20       SEP #$20               A:00A8 X:0BA8 Y:A552 S:0124 D:0E68 DB:86 nvmxdizc V:  1 H:148 F:59
				849C39 BD 11 00    LDA $0011,X   [860BB9] A:00A8 X:0BA8 Y:A552 S:0124 D:0E68 DB:86 nvMxdizc V:  1 H:153 F:59
				849C3C 8D 08 00    STA $0008     [860008] A:0022 X:0BA8 Y:A552 S:0124 D:0E68 DB:86 nvMxdizc V:  1 H:161 F:59
				849C3F A5 11       LDA $11       [000E79] A:0022 X:0BA8 Y:A552 S:0124 D:0E68 DB:86 nvMxdizc V:  1 H:167 F:59
				849C41 8D 09 00    STA $0009     [860009] A:0069 X:0BA8 Y:A552 S:0124 D:0E68 DB:86 nvMxdizc V:  1 H:174 F:59
				849C44 BC 20 00    LDY $0020,X   [860BC8] A:0069 X:0BA8 Y:A552 S:0124 D:0E68 DB:86 nvMxdizc V:  1 H:180 F:59
				849C47 A6 20       LDX $20       [000E88] A:0069 X:0BA8 Y:A552 S:0124 D:0E68 DB:86 NvMxdizc V:  1 H:190 F:59
				849C49 0B          PHD                    A:0069 X:C58D Y:A552 S:0124 D:0E68 DB:86 NvMxdizc V:  1 H:199 F:59
				849C4A F4 00 00    PEA $0000              A:0069 X:C58D Y:A552 S:0122 D:0E68 DB:86 NvMxdizc V:  1 H:206 F:59
				849C4D 2B          PLD                    A:0069 X:C58D Y:A552 S:0120 D:0E68 DB:86 NvMxdizc V:  1 H:214 F:59
				849C4E BD 02 00    LDA $0002,X   [86C58F] A:0069 X:C58D Y:A552 S:0122 D:0000 DB:86 nvMxdiZc V:  1 H:223 F:59
				849C51 18          CLC                    A:000A X:C58D Y:A552 S:0122 D:0000 DB:86 nvMxdizc V:  1 H:230 F:59
				849C52 79 02 00    ADC $0002,Y   [86A554] A:000A X:C58D Y:A552 S:0122 D:0000 DB:86 nvMxdizc V:  1 H:233 F:59
				849C55 85 00       STA $00       [000000] A:0010 X:C58D Y:A552 S:0122 D:0000 DB:86 nvMxdizc V:  1 H:241 F:59
				849C57 64 01       STZ $01       [000001] A:0010 X:C58D Y:A552 S:0122 D:0000 DB:86 nvMxdizc V:  1 H:246 F:59
				849C59 BD 03 00    LDA $0003,X   [86C590] A:0010 X:C58D Y:A552 S:0122 D:0000 DB:86 nvMxdizc V:  1 H:251 F:59
				849C5C 18          CLC                    A:0012 X:C58D Y:A552 S:0122 D:0000 DB:86 nvMxdizc V:  1 H:258 F:59
				849C5D 79 03 00    ADC $0003,Y   [86A555] A:0012 X:C58D Y:A552 S:0122 D:0000 DB:86 nvMxdizc V:  1 H:261 F:59
				849C60 85 02       STA $02       [000002] A:0020 X:C58D Y:A552 S:0122 D:0000 DB:86 nvMxdizc V:  1 H:269 F:59
				849C62 64 03       STZ $03       [000003] A:0020 X:C58D Y:A552 S:0122 D:0000 DB:86 nvMxdizc V:  1 H:274 F:59
				849C64 C2 21       REP #$21               A:0020 X:C58D Y:A552 S:0122 D:0000 DB:86 nvMxdizc V:  1 H:279 F:59
				849C66 B9 00 00    LDA $0000,Y   [86A552] A:0020 X:C58D Y:A552 S:0122 D:0000 DB:86 nvmxdizc V:  1 H:283 F:59
				849C69 29 FF 00    AND #$00FF             A:FF00 X:C58D Y:A552 S:0122 D:0000 DB:86 Nvmxdizc V:  1 H:292 F:59
				849C6C 89 80 00    BIT #$0080             A:0000 X:C58D Y:A552 S:0122 D:0000 DB:86 nvmxdiZc V:  1 H:297 F:59
				849C6F F0 03       BEQ $0003     [849C74] A:0000 X:C58D Y:A552 S:0122 D:0000 DB:86 nvmxdiZc V:  1 H:301 F:59
				849C74 24 07       BIT $07       [000007] A:0000 X:C58D Y:A552 S:0122 D:0000 DB:86 nvmxdiZc V:  1 H:306 F:59
				849C76 50 04       BVC $0004     [849C7C] A:0000 X:C58D Y:A552 S:0122 D:0000 DB:86 nvmxdiZc V:  1 H:313 F:59
				849C7C 85 0A       STA $0A       [00000A] A:0000 X:C58D Y:A552 S:0122 D:0000 DB:86 nvmxdiZc V:  1 H:317 F:59
				849C7E 64 10       STZ $10       [000010] A:0000 X:C58D Y:A552 S:0122 D:0000 DB:86 nvmxdiZc V:  1 H:324 F:59
				849C80 BD 00 00    LDA $0000,X   [86C58D] A:0000 X:C58D Y:A552 S:0122 D:0000 DB:86 nvmxdiZc V:  1 H:330 F:59
				849C83 29 FF 00    AND #$00FF             A:0400 X:C58D Y:A552 S:0122 D:0000 DB:86 nvmxdizc V:  1 H:339 F:59
				849C86 89 80 00    BIT #$0080             A:0000 X:C58D Y:A552 S:0122 D:0000 DB:86 nvmxdiZc V:  2 H:  4 F:59
				849C89 F0 03       BEQ $0003     [849C8E] A:0000 X:C58D Y:A552 S:0122 D:0000 DB:86 nvmxdiZc V:  2 H:  8 F:59
				849C8E 24 08       BIT $08       [000008] A:0000 X:C58D Y:A552 S:0122 D:0000 DB:86 nvmxdiZc V:  2 H: 13 F:59
				849C90 50 04       BVC $0004     [849C96] A:0000 X:C58D Y:A552 S:0122 D:0000 DB:86 nVmxdiZc V:  2 H: 20 F:59
				849C92 49 FF FF    EOR #$FFFF             A:0000 X:C58D Y:A552 S:0122 D:0000 DB:86 nVmxdiZc V:  2 H: 23 F:59
				849C95 1A          INC                    A:FFFF X:C58D Y:A552 S:0122 D:0000 DB:86 NVmxdizc V:  2 H: 27 F:59
				849C96 65 0C       ADC $0C       [00000C] A:0000 X:C58D Y:A552 S:0122 D:0000 DB:86 nVmxdiZc V:  2 H: 30 F:59
				849C98 38          SEC                    A:078D X:C58D Y:A552 S:0122 D:0000 DB:86 nvmxdizc V:  2 H: 37 F:59
				849C99 E5 04       SBC $04       [000004] A:078D X:C58D Y:A552 S:0122 D:0000 DB:86 nvmxdizC V:  2 H: 40 F:59
				849C9B 38          SEC                    A:FFB0 X:C58D Y:A552 S:0122 D:0000 DB:86 Nvmxdizc V:  2 H: 47 F:59
				849C9C E5 0A       SBC $0A       [00000A] A:FFB0 X:C58D Y:A552 S:0122 D:0000 DB:86 NvmxdizC V:  2 H: 50 F:59
				849C9E 10 06       BPL $0006     [849CA6] A:FFB0 X:C58D Y:A552 S:0122 D:0000 DB:86 NvmxdizC V:  2 H: 57 F:59
				849CA0 C6 10       DEC $10       [000010] A:FFB0 X:C58D Y:A552 S:0122 D:0000 DB:86 NvmxdizC V:  2 H: 60 F:59
				849CA2 49 FF FF    EOR #$FFFF             A:FFB0 X:C58D Y:A552 S:0122 D:0000 DB:86 NvmxdizC V:  2 H: 73 F:59
				849CA5 1A          INC                    A:004F X:C58D Y:A552 S:0122 D:0000 DB:86 nvmxdizC V:  2 H: 77 F:59
				849CA6 85 04       STA $04       [000004] A:0050 X:C58D Y:A552 S:0122 D:0000 DB:86 nvmxdizC V:  2 H: 80 F:59
				849CA8 A5 00       LDA $00       [000000] A:0050 X:C58D Y:A552 S:0122 D:0000 DB:86 nvmxdizC V:  2 H: 87 F:59
				849CAA 38          SEC                    A:0010 X:C58D Y:A552 S:0122 D:0000 DB:86 nvmxdizC V:  2 H: 94 F:59
				849CAB E5 04       SBC $04       [000004] A:0010 X:C58D Y:A552 S:0122 D:0000 DB:86 nvmxdizC V:  2 H: 97 F:59
				849CAD 1A          INC                    A:FFC0 X:C58D Y:A552 S:0122 D:0000 DB:86 Nvmxdizc V:  2 H:104 F:59
				849CAE 85 04       STA $04       [000004] A:FFC1 X:C58D Y:A552 S:0122 D:0000 DB:86 Nvmxdizc V:  2 H:107 F:59
				849CB0 24 0F       BIT $0F       [00000F] A:FFC1 X:C58D Y:A552 S:0122 D:0000 DB:86 Nvmxdizc V:  2 H:114 F:59
				849CB2 30 04       BMI $0004     [849CB8] A:FFC1 X:C58D Y:A552 S:0122 D:0000 DB:86 NVmxdizc V:  2 H:121 F:59
				849CB8 85 00       STA $00       [000000] A:FFC1 X:C58D Y:A552 S:0122 D:0000 DB:86 NVmxdizc V:  2 H:126 F:59
				849CBA 90 45       BCC $0045     [849D01] A:FFC1 X:C58D Y:A552 S:0122 D:0000 DB:86 NVmxdizc V:  2 H:133 F:59
				849D01 E2 20       SEP #$20               A:FFC1 X:C58D Y:A552 S:0122 D:0000 DB:86 NVmxdizc V:  2 H:147 F:59
				849D03 2B          PLD                    A:FFC1 X:C58D Y:A552 S:0122 D:0000 DB:86 NVMxdizc V:  2 H:152 F:59
				849D04 FA          PLX                    A:FFC1 X:C58D Y:A552 S:0124 D:0E68 DB:86 nVMxdizc V:  2 H:160 F:59
				849D05 7A          PLY                    A:FFC1 X:0BA8 Y:A552 S:0126 D:0E68 DB:86 nVMxdizc V:  2 H:169 F:59
				849D06 6B          RTL                    A:FFC1 X:0BA8 Y:0002 S:0128 D:0E68 DB:86 nVMxdizc V:  2 H:177 F:59

			849B23 90 19       BCC $0019     [849B3E] A:FFC1 X:0BA8 Y:0002 S:012B D:0E68 DB:86 nVMxdizc V:  2 H:188 F:59
			849B3E E2 10       SEP #$10               A:FFC1 X:0BA8 Y:0002 S:012B D:0E68 DB:86 nVMxdizc V:  2 H:192 F:59
			849B40 A9 00       LDA #$00               A:FFC1 X:00A8 Y:0002 S:012B D:0E68 DB:86 nVMXdizc V:  2 H:197 F:59
			849B42 6B          RTL                    A:FF00 X:00A8 Y:0002 S:012B D:0E68 DB:86 nVMXdiZc V:  2 H:200 F:59

		878CD5 AD CF 0B    LDA $0BCF     [860BCF] A:FF00 X:00A8 Y:0002 S:012E D:0E68 DB:86 nVMXdiZc V:  2 H:210 F:59
		878CD8 29 7F       AND #$7F               A:FF20 X:00A8 Y:0002 S:012E D:0E68 DB:86 nVMXdizc V:  2 H:217 F:59
		878CDA D0 04       BNE $0004     [878CE0] A:FF20 X:00A8 Y:0002 S:012E D:0E68 DB:86 nVMXdizc V:  2 H:220 F:59
		878CE0 20 70 91    JSR $9170     [879170] A:FF20 X:00A8 Y:0002 S:012E D:0E68 DB:86 nVMXdizc V:  2 H:224 F:59

			879170 A5 3C       LDA $3C       [000EA4] A:FF20 X:00A8 Y:0002 S:012C D:0E68 DB:86 nVMXdizc V:  2 H:234 F:59
			879172 10 32       BPL $0032     [8791A6] A:FF00 X:00A8 Y:0002 S:012C D:0E68 DB:86 nVMXdiZc V:  2 H:241 F:59
			8791A6 60          RTS                    A:FF00 X:00A8 Y:0002 S:012C D:0E68 DB:86 nVMXdiZc V:  2 H:245 F:59

		878CE3 A5 39       LDA $39       [000EA1] A:FF00 X:00A8 Y:0002 S:012E D:0E68 DB:86 nVMXdiZc V:  2 H:255 F:59
		878CE5 F0 07       BEQ $0007     [878CEE] A:FF00 X:00A8 Y:0002 S:012E D:0E68 DB:86 nVMXdiZc V:  2 H:262 F:59
		878CEE 5C B4 80 82 JML $8280B4   [8280B4] A:FF00 X:00A8 Y:0002 S:012E D:0E68 DB:86 nVMXdiZc V:  2 H:266 F:59

		8280B4 C2 20       REP #$20               A:FF00 X:00A8 Y:0002 S:012E D:0E68 DB:86 nVMXdiZc V:  2 H:272 F:59
		8280B6 38          SEC                    A:FF00 X:00A8 Y:0002 S:012E D:0E68 DB:86 nVmXdiZc V:  2 H:277 F:59
		8280B7 A5 05       LDA $05       [000E6D] A:FF00 X:00A8 Y:0002 S:012E D:0E68 DB:86 nVmXdiZC V:  2 H:280 F:59
		8280B9 ED 4D 1E    SBC $1E4D     [861E4D] A:078D X:00A8 Y:0002 S:012E D:0E68 DB:86 nVmXdizC V:  2 H:288 F:59
		8280BC 18          CLC                    A:008D X:00A8 Y:0002 S:012E D:0E68 DB:86 nvmXdizC V:  2 H:297 F:59
		8280BD 69 20 00    ADC #$0020             A:008D X:00A8 Y:0002 S:012E D:0E68 DB:86 nvmXdizc V:  2 H:300 F:59
		8280C0 C9 40 01    CMP #$0140             A:00AD X:00A8 Y:0002 S:012E D:0E68 DB:86 nvmXdizc V:  2 H:304 F:59
		8280C3 B0 0F       BCS $000F     [8280D4] A:00AD X:00A8 Y:0002 S:012E D:0E68 DB:86 NvmXdizc V:  2 H:309 F:59
		8280C5 38          SEC                    A:00AD X:00A8 Y:0002 S:012E D:0E68 DB:86 NvmXdizc V:  2 H:312 F:59
		8280C6 A5 08       LDA $08       [000E70] A:00AD X:00A8 Y:0002 S:012E D:0E68 DB:86 NvmXdizC V:  2 H:315 F:59
		8280C8 ED 50 1E    SBC $1E50     [861E50] A:00A8 X:00A8 Y:0002 S:012E D:0E68 DB:86 nvmXdizC V:  2 H:323 F:59
		8280CB 18          CLC                    A:00A8 X:00A8 Y:0002 S:012E D:0E68 DB:86 nvmXdizC V:  2 H:331 F:59
		8280CC 69 10 00    ADC #$0010             A:00A8 X:00A8 Y:0002 S:012E D:0E68 DB:86 nvmXdizc V:  2 H:334 F:59
		8280CF C9 00 01    CMP #$0100             A:00B8 X:00A8 Y:0002 S:012E D:0E68 DB:86 nvmXdizc V:  2 H:338 F:59
		8280D2 90 05       BCC $0005     [8280D9] A:00B8 X:00A8 Y:0002 S:012E D:0E68 DB:86 NvmXdizc V:  3 H:  3 F:59
		8280D9 E2 20       SEP #$20               A:00B8 X:00A8 Y:0002 S:012E D:0E68 DB:86 NvmXdizc V:  3 H:  7 F:59
		8280DB A9 81       LDA #$81               A:00B8 X:00A8 Y:0002 S:012E D:0E68 DB:86 NvMXdizc V:  3 H: 12 F:59
		8280DD 85 0E       STA $0E       [000E76] A:0081 X:00A8 Y:0002 S:012E D:0E68 DB:86 NvMXdizc V:  3 H: 15 F:59
		8280DF E2 30       SEP #$30               A:0081 X:00A8 Y:0002 S:012E D:0E68 DB:86 NvMXdizc V:  3 H: 21 F:59
		8280E1 A6 12       LDX $12       [000E7A] A:0081 X:00A8 Y:0002 S:012E D:0E68 DB:86 NvMXdizc V:  3 H: 26 F:59
		8280E3 10 02       BPL $0002     [8280E7] A:0081 X:0002 Y:0002 S:012E D:0E68 DB:86 nvMXdizc V:  3 H: 32 F:59
		8280E7 7C EA 80    JMP ($80EA,X) [8280EC] A:0081 X:0002 Y:0002 S:012E D:0E68 DB:86 nvMXdizc V:  3 H: 37 F:59

		828120 AD E9 00    LDA $00E9     [8600E9] A:0081 X:0002 Y:0002 S:012E D:0E68 DB:86 nvMXdizc V:  3 H: 46 F:59
		828123 C9 20       CMP #$20               A:0000 X:0002 Y:0002 S:012E D:0E68 DB:86 nvMXdiZc V:  3 H: 52 F:59
		828125 B0 0D       BCS $000D     [828134] A:0000 X:0002 Y:0002 S:012E D:0E68 DB:86 NvMXdizc V:  3 H: 55 F:59
		828127 0A          ASL A                  A:0000 X:0002 Y:0002 S:012E D:0E68 DB:86 NvMXdizc V:  3 H: 58 F:59
		828128 AA          TAX                    A:0000 X:0002 Y:0002 S:012E D:0E68 DB:86 nvMXdiZc V:  3 H: 61 F:59
		828129 C2 20       REP #$20               A:0000 X:0000 Y:0002 S:012E D:0E68 DB:86 nvMXdiZc V:  3 H: 64 F:59
		82812B 7B          TDC                    A:0000 X:0000 Y:0002 S:012E D:0E68 DB:86 nvmXdiZc V:  3 H: 69 F:59
		82812C 9D A0 09    STA $09A0,X   [8609A0] A:0E68 X:0000 Y:0002 S:012E D:0E68 DB:86 nvmXdizc V:  3 H: 72 F:59
		82812F E2 20       SEP #$20               A:0E68 X:0000 Y:0002 S:012E D:0E68 DB:86 nvmXdizc V:  3 H: 82 F:59
		828131 EE E9 00    INC $00E9     [8600E9] A:0E68 X:0000 Y:0002 S:012E D:0E68 DB:86 nvMXdizc V:  3 H: 86 F:59
		828134 6B          RTL                    A:0E68 X:0000 Y:0002 S:012E D:0E68 DB:86 nvMXdizc V:  3 H: 96 F:59

	80F9CE 60          RTS                    A:0E68 X:0000 Y:0002 S:0131 D:0E68 DB:86 nvMXdizc V:  3 H:107 F:59

80D4F9 C2 21       REP #$21               A:0E68 X:0000 Y:0002 S:0133 D:0E68 DB:86 nvMXdizc V:  3 H:117 F:59
