80D4F6 20 30 D5    JSR $D530     [80D530] A:0E01 X:0000 Y:0004 S:0133 D:0E68 DB:86 nvMXdizC V:251 H: 94 F:24

	80D530 C2 20       REP #$20               A:0E01 X:0000 Y:0004 S:0131 D:0E68 DB:86 nvMXdizC V:251 H:104 F:24
	80D532 A5 05       LDA $05       [000E6D] A:0E01 X:0000 Y:0004 S:0131 D:0E68 DB:86 nvmXdizC V:251 H:108 F:24
	80D534 85 22       STA $22       [000E8A] A:07C0 X:0000 Y:0004 S:0131 D:0E68 DB:86 nvmXdizC V:251 H:117 F:24
	80D536 A5 08       LDA $08       [000E70] A:07C0 X:0000 Y:0004 S:0131 D:0E68 DB:86 nvmXdizC V:251 H:125 F:24
	80D538 85 24       STA $24       [000E8C] A:00A8 X:0000 Y:0004 S:0131 D:0E68 DB:86 nvmXdizC V:251 H:144 F:24
	80D53A E2 20       SEP #$20               A:00A8 X:0000 Y:0004 S:0131 D:0E68 DB:86 nvmXdizC V:251 H:152 F:24
	80D53C A9 80       LDA #$80               A:00A8 X:0000 Y:0004 S:0131 D:0E68 DB:86 nvMXdizC V:251 H:157 F:24
	80D53E 14 0E       TRB $0E       [000E76] A:0080 X:0000 Y:0004 S:0131 D:0E68 DB:86 NvMXdizC V:251 H:160 F:24
	80D540 A5 0A       LDA $0A       [000E72] A:0080 X:0000 Y:0004 S:0131 D:0E68 DB:86 NvMXdizC V:251 H:170 F:24
	80D542 0A          ASL A                  A:0005 X:0000 Y:0004 S:0131 D:0E68 DB:86 nvMXdizC V:251 H:176 F:24
	80D543 AA          TAX                    A:000A X:0000 Y:0004 S:0131 D:0E68 DB:86 nvMXdizc V:251 H:179 F:24
	80D544 7C DD F8    JMP ($F8DD,X) [80F8E7] A:000A X:000A Y:0004 S:0131 D:0E68 DB:86 nvMXdizc V:251 H:182 F:24

	80F9CA 22 7E 8A 87 JSL $878A7E   [878A7E] A:000A X:000A Y:0004 S:0131 D:0E68 DB:86 nvMXdizc V:251 H:191 F:24

		878A7E A6 01       LDX $01       [000E69] A:000A X:000A Y:0004 S:012E D:0E68 DB:86 nvMXdizc V:251 H:205 F:24
		878A80 7C 83 8A    JMP ($8A83,X) [878A87] A:000A X:0004 Y:0004 S:012E D:0E68 DB:86 nvMXdizc V:251 H:211 F:24

		878C1A A5 33       LDA $33       [000E9B] A:000A X:0004 Y:0004 S:012E D:0E68 DB:86 nvMXdizc V:251 H:220 F:24
		878C1C 04 11       TSB $11       [000E79] A:0008 X:0004 Y:0004 S:012E D:0E68 DB:86 nvMXdizc V:251 H:227 F:24
		878C1E A6 02       LDX $02       [000E6A] A:0008 X:0004 Y:0004 S:012E D:0E68 DB:86 nvMXdizc V:251 H:237 F:24
		878C20 FC F2 8C    JSR ($8CF2,X) [878CF4] A:0008 X:0002 Y:0004 S:012E D:0E68 DB:86 nvMXdizc V:251 H:243 F:24		Normal Action Routine

			878DE6 A6 03       LDX $03       [000E6B] A:0008 X:0002 Y:0004 S:012C D:0E68 DB:86 nvMXdizc V:251 H:256 F:24
			878DE8 7C EB 8D    JMP ($8DEB,X) [878DED] A:0008 X:0002 Y:0004 S:012C D:0E68 DB:86 nvMXdizc V:251 H:263 F:24

			878DFF 22 A5 AC 84 JSL $84ACA5   [84ACA5] A:0008 X:0002 Y:0004 S:012C D:0E68 DB:86 nvMXdizc V:251 H:272 F:24

				84ACA5 08          PHP                    A:0008 X:0002 Y:0004 S:0129 D:0E68 DB:86 nvMXdizc V:251 H:285 F:24
				84ACA6 E2 20       SEP #$20               A:0008 X:0002 Y:0004 S:0128 D:0E68 DB:86 nvMXdizc V:251 H:290 F:24
				84ACA8 A9 40       LDA #$40               A:0008 X:0002 Y:0004 S:0128 D:0E68 DB:86 nvMXdizc V:251 H:295 F:24
				84ACAA 14 11       TRB $11       [000E79] A:0040 X:0002 Y:0004 S:0128 D:0E68 DB:86 nvMXdizc V:251 H:298 F:24
				84ACAC C2 20       REP #$20               A:0040 X:0002 Y:0004 S:0128 D:0E68 DB:86 nvMXdiZc V:251 H:308 F:24
				84ACAE AD AD 0B    LDA $0BAD     [860BAD] A:0040 X:0002 Y:0004 S:0128 D:0E68 DB:86 nvmXdiZc V:251 H:312 F:24
				84ACB1 38          SEC                    A:077D X:0002 Y:0004 S:0128 D:0E68 DB:86 nvmXdizc V:251 H:321 F:24
				84ACB2 E5 05       SBC $05       [000E6D] A:077D X:0002 Y:0004 S:0128 D:0E68 DB:86 nvmXdizC V:251 H:323 F:24
				84ACB4 E2 20       SEP #$20               A:FFBD X:0002 Y:0004 S:0128 D:0E68 DB:86 NvmXdizc V:251 H:331 F:24
				84ACB6 A9 00       LDA #$00               A:FFBD X:0002 Y:0004 S:0128 D:0E68 DB:86 NvMXdizc V:251 H:336 F:24
				84ACB8 6A          ROR A                  A:FF00 X:0002 Y:0004 S:0128 D:0E68 DB:86 nvMXdiZc V:251 H:339 F:24
				84ACB9 4A          LSR A                  A:FF00 X:0002 Y:0004 S:0128 D:0E68 DB:86 nvMXdiZc V:252 H:  2 F:24
				84ACBA 04 11       TSB $11       [000E79] A:FF00 X:0002 Y:0004 S:0128 D:0E68 DB:86 nvMXdiZc V:252 H:  5 F:24
				84ACBC 28          PLP                    A:FF00 X:0002 Y:0004 S:0128 D:0E68 DB:86 nvMXdiZc V:252 H: 15 F:24
				84ACBD 6B          RTL                    A:FF00 X:0002 Y:0004 S:0129 D:0E68 DB:86 nvMXdizc V:252 H: 21 F:24

			878E03 22 EA 8E 84 JSL $848EEA   [848EEA] A:FF00 X:0002 Y:0004 S:012C D:0E68 DB:86 nvMXdizc V:252 H: 32 F:24

				848EEA 08          PHP                    A:FF00 X:0002 Y:0004 S:0129 D:0E68 DB:86 nvMXdizc V:252 H: 45 F:24
				848EEB 8B          PHB                    A:FF00 X:0002 Y:0004 S:0128 D:0E68 DB:86 nvMXdizc V:252 H: 50 F:24
				848EEC E2 30       SEP #$30               A:FF00 X:0002 Y:0004 S:0127 D:0E68 DB:86 nvMXdizc V:252 H: 55 F:24
				848EEE C6 13       DEC $13       [000E7B] A:FF00 X:0002 Y:0004 S:0127 D:0E68 DB:86 nvMXdizc V:252 H: 60 F:24
				848EF0 D0 5D       BNE $005D     [848F4F] A:FF00 X:0002 Y:0004 S:0127 D:0E68 DB:86 nvMXdizc V:252 H: 70 F:24
				848F4F AB          PLB                    A:FF00 X:0002 Y:0004 S:0127 D:0E68 DB:86 nvMXdizc V:252 H: 74 F:24
				848F50 28          PLP                    A:FF00 X:0002 Y:0004 S:0128 D:0E68 DB:86 NvMXdizc V:252 H: 81 F:24
				848F51 6B          RTL                    A:FF00 X:0002 Y:0004 S:0129 D:0E68 DB:86 nvMXdizc V:252 H: 87 F:24

			878E07 A5 17       LDA $17       [000E7F] A:FF00 X:0002 Y:0004 S:012C D:0E68 DB:86 nvMXdizc V:252 H: 98 F:24
			878E09 10 41       BPL $0041     [878E4C] A:FF08 X:0002 Y:0004 S:012C D:0E68 DB:86 nvMXdizc V:252 H:104 F:24
			878E4C 60          RTS                    A:FF08 X:0002 Y:0004 S:012C D:0E68 DB:86 nvMXdizc V:252 H:109 F:24

		878C23 A5 37       LDA $37       [000E9F] A:FF08 X:0002 Y:0004 S:012E D:0E68 DB:86 nvMXdizc V:252 H:119 F:24
		878C25 F0 12       BEQ $0012     [878C39] A:FF00 X:0002 Y:0004 S:012E D:0E68 DB:86 nvMXdiZc V:252 H:125 F:24
		878C39 A9 0D       LDA #$0D               A:FF00 X:0002 Y:0004 S:012E D:0E68 DB:86 nvMXdiZc V:252 H:130 F:24
		878C3B A6 3D       LDX $3D       [000EA5] A:FF0D X:0002 Y:0004 S:012E D:0E68 DB:86 nvMXdizc V:252 H:133 F:24
		878C3D F0 02       BEQ $0002     [878C41] A:FF0D X:0000 Y:0004 S:012E D:0E68 DB:86 nvMXdiZc V:252 H:149 F:24
		878C41 85 28       STA $28       [000E90] A:FF0D X:0000 Y:0004 S:012E D:0E68 DB:86 nvMXdiZc V:252 H:154 F:24
		878C43 AD DB 0B    LDA $0BDB     [860BDB] A:FF0D X:0000 Y:0004 S:012E D:0E68 DB:86 nvMXdiZc V:252 H:160 F:24
		878C46 C9 02       CMP #$02               A:FF02 X:0000 Y:0004 S:012E D:0E68 DB:86 nvMXdizc V:252 H:167 F:24
		878C48 F0 04       BEQ $0004     [878C4E] A:FF02 X:0000 Y:0004 S:012E D:0E68 DB:86 nvMXdiZC V:252 H:170 F:24		Branch because CurrentWeapon = #$02 (Homing Torpedo)
		878C4E 22 43 9B 84 JSL $849B43   [849B43] A:FF02 X:0000 Y:0004 S:012E D:0E68 DB:86 nvMXdiZC V:252 H:174 F:24		JSL $849B43 --> Updates CurrMMXShotData,CurrMMXShotID. Loads routine for MMXShot hitting enemy, Sets V flag if MMXShot deals damage. Sets A = #$01 if MMXShotData hits Enemy

			849B43 C2 10       REP #$10               A:FF02 X:0000 Y:0004 S:012B D:0E68 DB:86 nvMXdiZC V:252 H:188 F:24
			849B45 A5 27       LDA $27       [000E8F] A:FF02 X:0000 Y:0004 S:012B D:0E68 DB:86 nvMxdiZC V:252 H:192 F:24
			849B47 29 7F       AND #$7F               A:FF20 X:0000 Y:0004 S:012B D:0E68 DB:86 nvMxdizC V:252 H:199 F:24
			849B49 85 27       STA $27       [000E8F] A:FF20 X:0000 Y:0004 S:012B D:0E68 DB:86 nvMxdizC V:252 H:202 F:24
			849B4B F0 2C       BEQ $002C     [849B79] A:FF20 X:0000 Y:0004 S:012B D:0E68 DB:86 nvMxdizC V:252 H:208 F:24
			849B4D A5 30       LDA $30       [000E98] A:FF20 X:0000 Y:0004 S:012B D:0E68 DB:86 nvMxdizC V:252 H:211 F:24
			849B4F D0 28       BNE $0028     [849B79] A:FF00 X:0000 Y:0004 S:012B D:0E68 DB:86 nvMxdiZC V:252 H:218 F:24
			849B51 A5 0E       LDA $0E       [000E76] A:FF00 X:0000 Y:0004 S:012B D:0E68 DB:86 nvMxdiZC V:252 H:221 F:24
			849B53 F0 24       BEQ $0024     [849B79] A:FF01 X:0000 Y:0004 S:012B D:0E68 DB:86 nvMxdizC V:252 H:227 F:24
			849B55 A2 28 12    LDX #$1228             A:FF01 X:0000 Y:0004 S:012B D:0E68 DB:86 nvMxdizC V:252 H:230 F:24
			849B58 E2 20       SEP #$20               A:FF01 X:1228 Y:0004 S:012B D:0E68 DB:86 nvMxdizC V:252 H:235 F:24
			849B5A BD 00 00    LDA $0000,X   [861228] A:FF01 X:1228 Y:0004 S:012B D:0E68 DB:86 nvMxdizC V:252 H:239 F:24
			849B5D F0 0E       BEQ $000E     [849B6D] A:FF01 X:1228 Y:0004 S:012B D:0E68 DB:86 nvMxdizC V:252 H:247 F:24
			849B5F BD 30 00    LDA $0030,X   [861258] A:FF01 X:1228 Y:0004 S:012B D:0E68 DB:86 nvMxdizC V:252 H:250 F:24
			849B62 D0 09       BNE $0009     [849B6D] A:FF00 X:1228 Y:0004 S:012B D:0E68 DB:86 nvMxdiZC V:252 H:258 F:24
			849B64 22 0E 9C 84 JSL $849C0E   [849C0E] A:FF00 X:1228 Y:0004 S:012B D:0E68 DB:86 nvMxdiZC V:252 H:261 F:24

			849C0E 5A          PHY                    A:FF00 X:1228 Y:0004 S:0128 D:0E68 DB:86 nvMxdiZC V:252 H:275 F:24
			849C0F A4 20       LDY $20       [000E88] A:FF00 X:1228 Y:0004 S:0126 D:0E68 DB:86 nvMxdiZC V:252 H:282 F:24
			849C11 D0 03       BNE $0003     [849C16] A:FF00 X:1228 Y:C58D S:0126 D:0E68 DB:86 NvMxdizC V:252 H:290 F:24
			849C16 BC 20 00    LDY $0020,X   [861248] A:FF00 X:1228 Y:C58D S:0126 D:0E68 DB:86 NvMxdizC V:252 H:295 F:24
			849C19 D0 03       BNE $0003     [849C1E] A:FF00 X:1228 Y:BED0 S:0126 D:0E68 DB:86 NvMxdizC V:252 H:305 F:24
			849C1E C2 20       REP #$20               A:FF00 X:1228 Y:BED0 S:0126 D:0E68 DB:86 NvMxdizC V:252 H:309 F:24
			849C20 DA          PHX                    A:FF00 X:1228 Y:BED0 S:0126 D:0E68 DB:86 NvmxdizC V:252 H:314 F:24
			849C21 BD 05 00    LDA $0005,X   [86122D] A:FF00 X:1228 Y:BED0 S:0124 D:0E68 DB:86 NvmxdizC V:252 H:321 F:24
			849C24 8D 04 00    STA $0004     [860004] A:07B2 X:1228 Y:BED0 S:0124 D:0E68 DB:86 nvmxdizC V:252 H:330 F:24
			849C27 BD 08 00    LDA $0008,X   [861230] A:07B2 X:1228 Y:BED0 S:0124 D:0E68 DB:86 nvmxdizC V:252 H:338 F:24
			849C2A 8D 06 00    STA $0006     [860006] A:00AA X:1228 Y:BED0 S:0124 D:0E68 DB:86 nvmxdizC V:253 H:  8 F:24
			849C2D A5 05       LDA $05       [000E6D] A:00AA X:1228 Y:BED0 S:0124 D:0E68 DB:86 nvmxdizC V:253 H: 17 F:24
			849C2F 8D 0C 00    STA $000C     [86000C] A:07C0 X:1228 Y:BED0 S:0124 D:0E68 DB:86 nvmxdizC V:253 H: 25 F:24
			849C32 A5 08       LDA $08       [000E70] A:07C0 X:1228 Y:BED0 S:0124 D:0E68 DB:86 nvmxdizC V:253 H: 34 F:24
			849C34 8D 0E 00    STA $000E     [86000E] A:00A8 X:1228 Y:BED0 S:0124 D:0E68 DB:86 nvmxdizC V:253 H: 42 F:24
			849C37 E2 20       SEP #$20               A:00A8 X:1228 Y:BED0 S:0124 D:0E68 DB:86 nvmxdizC V:253 H: 51 F:24
			849C39 BD 11 00    LDA $0011,X   [861239] A:00A8 X:1228 Y:BED0 S:0124 D:0E68 DB:86 nvMxdizC V:253 H: 55 F:24
			849C3C 8D 08 00    STA $0008     [860008] A:0026 X:1228 Y:BED0 S:0124 D:0E68 DB:86 nvMxdizC V:253 H: 63 F:24
			849C3F A5 11       LDA $11       [000E79] A:0026 X:1228 Y:BED0 S:0124 D:0E68 DB:86 nvMxdizC V:253 H: 70 F:24
			849C41 8D 09 00    STA $0009     [860009] A:0029 X:1228 Y:BED0 S:0124 D:0E68 DB:86 nvMxdizC V:253 H: 76 F:24
			849C44 BC 20 00    LDY $0020,X   [861248] A:0029 X:1228 Y:BED0 S:0124 D:0E68 DB:86 nvMxdizC V:253 H: 83 F:24
			849C47 A6 20       LDX $20       [000E88] A:0029 X:1228 Y:BED0 S:0124 D:0E68 DB:86 NvMxdizC V:253 H: 93 F:24
			849C49 0B          PHD                    A:0029 X:C58D Y:BED0 S:0124 D:0E68 DB:86 NvMxdizC V:253 H:101 F:24
			849C4A F4 00 00    PEA $0000              A:0029 X:C58D Y:BED0 S:0122 D:0E68 DB:86 NvMxdizC V:253 H:108 F:24
			849C4D 2B          PLD                    A:0029 X:C58D Y:BED0 S:0120 D:0E68 DB:86 NvMxdizC V:253 H:117 F:24
			849C4E BD 02 00    LDA $0002,X   [86C58F] A:0029 X:C58D Y:BED0 S:0122 D:0000 DB:86 nvMxdiZC V:253 H:125 F:24
			849C51 18          CLC                    A:000A X:C58D Y:BED0 S:0122 D:0000 DB:86 nvMxdizC V:253 H:133 F:24
			849C52 79 02 00    ADC $0002,Y   [86BED2] A:000A X:C58D Y:BED0 S:0122 D:0000 DB:86 nvMxdizc V:253 H:146 F:24
			849C55 85 00       STA $00       [000000] A:0011 X:C58D Y:BED0 S:0122 D:0000 DB:86 nvMxdizc V:253 H:153 F:24
			849C57 64 01       STZ $01       [000001] A:0011 X:C58D Y:BED0 S:0122 D:0000 DB:86 nvMxdizc V:253 H:158 F:24
			849C59 BD 03 00    LDA $0003,X   [86C590] A:0011 X:C58D Y:BED0 S:0122 D:0000 DB:86 nvMxdizc V:253 H:163 F:24
			849C5C 18          CLC                    A:0012 X:C58D Y:BED0 S:0122 D:0000 DB:86 nvMxdizc V:253 H:171 F:24
			849C5D 79 03 00    ADC $0003,Y   [86BED3] A:0012 X:C58D Y:BED0 S:0122 D:0000 DB:86 nvMxdizc V:253 H:174 F:24
			849C60 85 02       STA $02       [000002] A:0019 X:C58D Y:BED0 S:0122 D:0000 DB:86 nvMxdizc V:253 H:181 F:24
			849C62 64 03       STZ $03       [000003] A:0019 X:C58D Y:BED0 S:0122 D:0000 DB:86 nvMxdizc V:253 H:186 F:24
			849C64 C2 21       REP #$21               A:0019 X:C58D Y:BED0 S:0122 D:0000 DB:86 nvMxdizc V:253 H:191 F:24
			849C66 B9 00 00    LDA $0000,Y   [86BED0] A:0019 X:C58D Y:BED0 S:0122 D:0000 DB:86 nvmxdizc V:253 H:196 F:24
			849C69 29 FF 00    AND #$00FF             A:0000 X:C58D Y:BED0 S:0122 D:0000 DB:86 nvmxdiZc V:253 H:205 F:24
			849C6C 89 80 00    BIT #$0080             A:0000 X:C58D Y:BED0 S:0122 D:0000 DB:86 nvmxdiZc V:253 H:209 F:24
			849C6F F0 03       BEQ $0003     [849C74] A:0000 X:C58D Y:BED0 S:0122 D:0000 DB:86 nvmxdiZc V:253 H:214 F:24
			849C74 24 07       BIT $07       [000007] A:0000 X:C58D Y:BED0 S:0122 D:0000 DB:86 nvmxdiZc V:253 H:218 F:24
			849C76 50 04       BVC $0004     [849C7C] A:0000 X:C58D Y:BED0 S:0122 D:0000 DB:86 nvmxdiZc V:253 H:225 F:24
			849C7C 85 0A       STA $0A       [00000A] A:0000 X:C58D Y:BED0 S:0122 D:0000 DB:86 nvmxdiZc V:253 H:230 F:24
			849C7E 64 10       STZ $10       [000010] A:0000 X:C58D Y:BED0 S:0122 D:0000 DB:86 nvmxdiZc V:253 H:237 F:24
			849C80 BD 00 00    LDA $0000,X   [86C58D] A:0000 X:C58D Y:BED0 S:0122 D:0000 DB:86 nvmxdiZc V:253 H:244 F:24
			849C83 29 FF 00    AND #$00FF             A:0400 X:C58D Y:BED0 S:0122 D:0000 DB:86 nvmxdizc V:253 H:253 F:24
			849C86 89 80 00    BIT #$0080             A:0000 X:C58D Y:BED0 S:0122 D:0000 DB:86 nvmxdiZc V:253 H:257 F:24
			849C89 F0 03       BEQ $0003     [849C8E] A:0000 X:C58D Y:BED0 S:0122 D:0000 DB:86 nvmxdiZc V:253 H:262 F:24
			849C8E 24 08       BIT $08       [000008] A:0000 X:C58D Y:BED0 S:0122 D:0000 DB:86 nvmxdiZc V:253 H:266 F:24
			849C90 50 04       BVC $0004     [849C96] A:0000 X:C58D Y:BED0 S:0122 D:0000 DB:86 nvmxdiZc V:253 H:273 F:24
			849C96 65 0C       ADC $0C       [00000C] A:0000 X:C58D Y:BED0 S:0122 D:0000 DB:86 nvmxdiZc V:253 H:278 F:24
			849C98 38          SEC                    A:07C0 X:C58D Y:BED0 S:0122 D:0000 DB:86 nvmxdizc V:253 H:285 F:24
			849C99 E5 04       SBC $04       [000004] A:07C0 X:C58D Y:BED0 S:0122 D:0000 DB:86 nvmxdizC V:253 H:288 F:24
			849C9B 38          SEC                    A:000E X:C58D Y:BED0 S:0122 D:0000 DB:86 nvmxdizC V:253 H:295 F:24
			849C9C E5 0A       SBC $0A       [00000A] A:000E X:C58D Y:BED0 S:0122 D:0000 DB:86 nvmxdizC V:253 H:298 F:24
			849C9E 10 06       BPL $0006     [849CA6] A:000E X:C58D Y:BED0 S:0122 D:0000 DB:86 nvmxdizC V:253 H:305 F:24
			849CA6 85 04       STA $04       [000004] A:000E X:C58D Y:BED0 S:0122 D:0000 DB:86 nvmxdizC V:253 H:309 F:24
			849CA8 A5 00       LDA $00       [000000] A:000E X:C58D Y:BED0 S:0122 D:0000 DB:86 nvmxdizC V:253 H:316 F:24
			849CAA 38          SEC                    A:0011 X:C58D Y:BED0 S:0122 D:0000 DB:86 nvmxdizC V:253 H:323 F:24
			849CAB E5 04       SBC $04       [000004] A:0011 X:C58D Y:BED0 S:0122 D:0000 DB:86 nvmxdizC V:253 H:326 F:24
			849CAD 1A          INC                    A:0003 X:C58D Y:BED0 S:0122 D:0000 DB:86 nvmxdizC V:253 H:332 F:24
			849CAE 85 04       STA $04       [000004] A:0004 X:C58D Y:BED0 S:0122 D:0000 DB:86 nvmxdizC V:253 H:335 F:24
			849CB0 24 0F       BIT $0F       [00000F] A:0004 X:C58D Y:BED0 S:0122 D:0000 DB:86 nvmxdizC V:254 H:  2 F:24
			849CB2 30 04       BMI $0004     [849CB8] A:0004 X:C58D Y:BED0 S:0122 D:0000 DB:86 nvmxdiZC V:254 H:  9 F:24
			849CB4 49 FF FF    EOR #$FFFF             A:0004 X:C58D Y:BED0 S:0122 D:0000 DB:86 nvmxdiZC V:254 H: 12 F:24
			849CB7 1A          INC                    A:FFFB X:C58D Y:BED0 S:0122 D:0000 DB:86 NvmxdizC V:254 H: 17 F:24
			849CB8 85 00       STA $00       [000000] A:FFFC X:C58D Y:BED0 S:0122 D:0000 DB:86 NvmxdizC V:254 H: 20 F:24
			849CBA 90 45       BCC $0045     [849D01] A:FFFC X:C58D Y:BED0 S:0122 D:0000 DB:86 NvmxdizC V:254 H: 27 F:24
			849CBC B9 01 00    LDA $0001,Y   [86BED1] A:FFFC X:C58D Y:BED0 S:0122 D:0000 DB:86 NvmxdizC V:254 H: 30 F:24
			849CBF 29 FF 00    AND #$00FF             A:0700 X:C58D Y:BED0 S:0122 D:0000 DB:86 nvmxdizC V:254 H: 39 F:24
			849CC2 89 80 00    BIT #$0080             A:0000 X:C58D Y:BED0 S:0122 D:0000 DB:86 nvmxdiZC V:254 H: 43 F:24
			849CC5 F0 03       BEQ $0003     [849CCA] A:0000 X:C58D Y:BED0 S:0122 D:0000 DB:86 nvmxdiZC V:254 H: 48 F:24
			849CCA 85 0A       STA $0A       [00000A] A:0000 X:C58D Y:BED0 S:0122 D:0000 DB:86 nvmxdiZC V:254 H: 52 F:24
			849CCC 64 10       STZ $10       [000010] A:0000 X:C58D Y:BED0 S:0122 D:0000 DB:86 nvmxdiZC V:254 H: 59 F:24
			849CCE BD 01 00    LDA $0001,X   [86C58E] A:0000 X:C58D Y:BED0 S:0122 D:0000 DB:86 nvmxdiZC V:254 H: 66 F:24
			849CD1 29 FF 00    AND #$00FF             A:0A04 X:C58D Y:BED0 S:0122 D:0000 DB:86 nvmxdizC V:254 H: 75 F:24
			849CD4 89 80 00    BIT #$0080             A:0004 X:C58D Y:BED0 S:0122 D:0000 DB:86 nvmxdizC V:254 H: 80 F:24
			849CD7 F0 03       BEQ $0003     [849CDC] A:0004 X:C58D Y:BED0 S:0122 D:0000 DB:86 nvmxdiZC V:254 H: 84 F:24
			849CDC 18          CLC                    A:0004 X:C58D Y:BED0 S:0122 D:0000 DB:86 nvmxdiZC V:254 H: 89 F:24
			849CDD 65 0E       ADC $0E       [00000E] A:0004 X:C58D Y:BED0 S:0122 D:0000 DB:86 nvmxdiZc V:254 H: 92 F:24
			849CDF 38          SEC                    A:00AC X:C58D Y:BED0 S:0122 D:0000 DB:86 nvmxdizc V:254 H: 99 F:24
			849CE0 E5 06       SBC $06       [000006] A:00AC X:C58D Y:BED0 S:0122 D:0000 DB:86 nvmxdizC V:254 H:102 F:24
			849CE2 38          SEC                    A:0002 X:C58D Y:BED0 S:0122 D:0000 DB:86 nvmxdizC V:254 H:109 F:24
			849CE3 E5 0A       SBC $0A       [00000A] A:0002 X:C58D Y:BED0 S:0122 D:0000 DB:86 nvmxdizC V:254 H:112 F:24
			849CE5 10 06       BPL $0006     [849CED] A:0002 X:C58D Y:BED0 S:0122 D:0000 DB:86 nvmxdizC V:254 H:119 F:24
			849CED 85 06       STA $06       [000006] A:0002 X:C58D Y:BED0 S:0122 D:0000 DB:86 nvmxdizC V:254 H:123 F:24
			849CEF A5 02       LDA $02       [000002] A:0002 X:C58D Y:BED0 S:0122 D:0000 DB:86 nvmxdizC V:254 H:130 F:24
			849CF1 38          SEC                    A:0019 X:C58D Y:BED0 S:0122 D:0000 DB:86 nvmxdizC V:254 H:147 F:24
			849CF2 E5 06       SBC $06       [000006] A:0019 X:C58D Y:BED0 S:0122 D:0000 DB:86 nvmxdizC V:254 H:150 F:24
			849CF4 1A          INC                    A:0017 X:C58D Y:BED0 S:0122 D:0000 DB:86 nvmxdizC V:254 H:157 F:24
			849CF5 85 06       STA $06       [000006] A:0018 X:C58D Y:BED0 S:0122 D:0000 DB:86 nvmxdizC V:254 H:160 F:24
			849CF7 24 0F       BIT $0F       [00000F] A:0018 X:C58D Y:BED0 S:0122 D:0000 DB:86 nvmxdizC V:254 H:167 F:24
			849CF9 30 04       BMI $0004     [849CFF] A:0018 X:C58D Y:BED0 S:0122 D:0000 DB:86 nvmxdiZC V:254 H:174 F:24
			849CFB 49 FF FF    EOR #$FFFF             A:0018 X:C58D Y:BED0 S:0122 D:0000 DB:86 nvmxdiZC V:254 H:177 F:24
			849CFE 1A          INC                    A:FFE7 X:C58D Y:BED0 S:0122 D:0000 DB:86 NvmxdizC V:254 H:182 F:24
			849CFF 85 02       STA $02       [000002] A:FFE8 X:C58D Y:BED0 S:0122 D:0000 DB:86 NvmxdizC V:254 H:185 F:24
			849D01 E2 20       SEP #$20               A:FFE8 X:C58D Y:BED0 S:0122 D:0000 DB:86 NvmxdizC V:254 H:192 F:24
			849D03 2B          PLD                    A:FFE8 X:C58D Y:BED0 S:0122 D:0000 DB:86 NvMxdizC V:254 H:196 F:24
			849D04 FA          PLX                    A:FFE8 X:C58D Y:BED0 S:0124 D:0E68 DB:86 nvMxdizC V:254 H:205 F:24
			849D05 7A          PLY                    A:FFE8 X:1228 Y:BED0 S:0126 D:0E68 DB:86 nvMxdizC V:254 H:213 F:24
			849D06 6B          RTL                    A:FFE8 X:1228 Y:0004 S:0128 D:0E68 DB:86 nvMxdizC V:254 H:222 F:24

			849B68 90 03       BCC $0003     [849B6D] A:FFE8 X:1228 Y:0004 S:012B D:0E68 DB:86 nvMxdizC V:254 H:232 F:24
			849B6A 4C 15 9E    JMP $9E15     [849E15] A:FFE8 X:1228 Y:0004 S:012B D:0E68 DB:86 nvMxdizC V:254 H:235 F:24

			849E15 C2 20       REP #$20               A:FFE8 X:1228 Y:0004 S:012B D:0E68 DB:86 nvMxdizC V:254 H:240 F:24
			849E17 8E 1E 1F    STX $1F1E     [861F1E] A:FFE8 X:1228 Y:0004 S:012B D:0E68 DB:86 nvmxdizC V:254 H:244 F:24
			849E1A BD 0A 00    LDA $000A,X   [861232] A:FFE8 X:1228 Y:0004 S:012B D:0E68 DB:86 nvmxdizC V:254 H:253 F:24
			849E1D 29 FF 00    AND #$00FF             A:0007 X:1228 Y:0004 S:012B D:0E68 DB:86 nvmxdizC V:254 H:263 F:24
			849E20 8D 00 00    STA $0000     [860000] A:0007 X:1228 Y:0004 S:012B D:0E68 DB:86 nvmxdizC V:254 H:267 F:24
			849E23 A5 28       LDA $28       [000E90] A:0007 X:1228 Y:0004 S:012B D:0E68 DB:86 nvmxdizC V:254 H:276 F:24
			849E25 29 FF 00    AND #$00FF             A:000D X:1228 Y:0004 S:012B D:0E68 DB:86 nvmxdizC V:254 H:284 F:24
			849E28 0A          ASL A                  A:000D X:1228 Y:0004 S:012B D:0E68 DB:86 nvmxdizC V:254 H:289 F:24
			849E29 A8          TAY                    A:001A X:1228 Y:0004 S:012B D:0E68 DB:86 nvmxdizc V:254 H:292 F:24
			849E2A B9 37 EF    LDA $EF37,Y   [86EF51] A:001A X:1228 Y:001A S:012B D:0E68 DB:86 nvmxdizc V:254 H:295 F:24
			849E2D 18          CLC                    A:01AE X:1228 Y:001A S:012B D:0E68 DB:86 nvmxdizc V:254 H:304 F:24
			849E2E 6D 00 00    ADC $0000     [860000] A:01AE X:1228 Y:001A S:012B D:0E68 DB:86 nvmxdizc V:254 H:307 F:24
			849E31 A8          TAY                    A:01B5 X:1228 Y:001A S:012B D:0E68 DB:86 nvmxdizc V:254 H:315 F:24
			849E32 E2 20       SEP #$20               A:01B5 X:1228 Y:01B5 S:012B D:0E68 DB:86 nvmxdizc V:254 H:318 F:24
			849E34 9C 05 00    STZ $0005     [860005] A:01B5 X:1228 Y:01B5 S:012B D:0E68 DB:86 nvMxdizc V:254 H:323 F:24
			849E37 AD 00 00    LDA $0000     [860000] A:01B5 X:1228 Y:01B5 S:012B D:0E68 DB:86 nvMxdizc V:254 H:328 F:24
			849E3A 8D 1D 1F    STA $1F1D     [861F1D] A:0107 X:1228 Y:01B5 S:012B D:0E68 DB:86 nvMxdizc V:254 H:335 F:24
			849E3D A9 01       LDA #$01               A:0107 X:1228 Y:01B5 S:012B D:0E68 DB:86 nvMxdizc V:255 H:  1 F:24
			849E3F 8D 04 00    STA $0004     [860004] A:0101 X:1228 Y:01B5 S:012B D:0E68 DB:86 nvMxdizc V:255 H:  4 F:24
			849E42 A9 00       LDA #$00               A:0101 X:1228 Y:01B5 S:012B D:0E68 DB:86 nvMxdizc V:255 H: 11 F:24
			849E44 EB          XBA                    A:0100 X:1228 Y:01B5 S:012B D:0E68 DB:86 nvMxdiZc V:255 H: 14 F:24
			849E45 B9 37 EF    LDA $EF37,Y   [86F0EC] A:0001 X:1228 Y:01B5 S:012B D:0E68 DB:86 nvMxdizc V:255 H: 18 F:24
			849E48 10 0E       BPL $000E     [849E58] A:0003 X:1228 Y:01B5 S:012B D:0E68 DB:86 nvMxdizc V:255 H: 26 F:24
			849E58 D0 03       BNE $0003     [849E5D] A:0003 X:1228 Y:01B5 S:012B D:0E68 DB:86 nvMxdizc V:255 H: 30 F:24
			849E5D AD 1D 1F    LDA $1F1D     [861F1D] A:0003 X:1228 Y:01B5 S:012B D:0E68 DB:86 nvMxdizc V:255 H: 35 F:24
			849E60 C9 19       CMP #$19               A:0007 X:1228 Y:01B5 S:012B D:0E68 DB:86 nvMxdizc V:255 H: 41 F:24
			849E62 F0 04       BEQ $0004     [849E68] A:0007 X:1228 Y:01B5 S:012B D:0E68 DB:86 NvMxdizc V:255 H: 44 F:24
			849E64 C9 1A       CMP #$1A               A:0007 X:1228 Y:01B5 S:012B D:0E68 DB:86 NvMxdizc V:255 H: 47 F:24
			849E66 D0 06       BNE $0006     [849E6E] A:0007 X:1228 Y:01B5 S:012B D:0E68 DB:86 NvMxdizc V:255 H: 50 F:24
			849E6E A5 27       LDA $27       [000E8F] A:0007 X:1228 Y:01B5 S:012B D:0E68 DB:86 NvMxdizc V:255 H: 55 F:24
			849E70 29 7F       AND #$7F               A:0020 X:1228 Y:01B5 S:012B D:0E68 DB:86 nvMxdizc V:255 H: 61 F:24
			849E72 38          SEC                    A:0020 X:1228 Y:01B5 S:012B D:0E68 DB:86 nvMxdizc V:255 H: 64 F:24
			849E73 F9 37 EF    SBC $EF37,Y   [86F0EC] A:0020 X:1228 Y:01B5 S:012B D:0E68 DB:86 nvMxdizC V:255 H: 67 F:24
			849E76 30 21       BMI $0021     [849E99] A:001D X:1228 Y:01B5 S:012B D:0E68 DB:86 nvMxdizC V:255 H: 75 F:24
			849E78 F0 1F       BEQ $001F     [849E99] A:001D X:1228 Y:01B5 S:012B D:0E68 DB:86 nvMxdizC V:255 H: 78 F:24
			849E7A 85 27       STA $27       [000E8F] A:001D X:1228 Y:01B5 S:012B D:0E68 DB:86 nvMxdizC V:255 H: 81 F:24
			849E7C A9 11       LDA #$11               A:001D X:1228 Y:01B5 S:012B D:0E68 DB:86 nvMxdizC V:255 H: 87 F:24
			849E7E 22 A2 88 80 JSL $8088A2   [8088A2] A:0011 X:1228 Y:01B5 S:012B D:0E68 DB:86 nvMxdizC V:255 H: 90 F:24

			8088A2 DA          PHX                    A:0011 X:1228 Y:01B5 S:0128 D:0E68 DB:86 nvMxdizC V:255 H:104 F:24
			8088A3 5A          PHY                    A:0011 X:1228 Y:01B5 S:0126 D:0E68 DB:86 nvMxdizC V:255 H:111 F:24
			8088A4 08          PHP                    A:0011 X:1228 Y:01B5 S:0124 D:0E68 DB:86 nvMxdizC V:255 H:118 F:24
			8088A5 C2 20       REP #$20               A:0011 X:1228 Y:01B5 S:0123 D:0E68 DB:86 nvMxdizC V:255 H:123 F:24
			8088A7 E2 10       SEP #$10               A:0011 X:1228 Y:01B5 S:0123 D:0E68 DB:86 nvmxdizC V:255 H:127 F:24
			8088A9 48          PHA                    A:0011 X:0028 Y:00B5 S:0123 D:0E68 DB:86 nvmXdizC V:255 H:132 F:24
			8088AA A5 05       LDA $05       [000E6D] A:0011 X:0028 Y:00B5 S:0121 D:0E68 DB:86 nvmXdizC V:255 H:149 F:24
			8088AC 38          SEC                    A:07C0 X:0028 Y:00B5 S:0121 D:0E68 DB:86 nvmXdizC V:255 H:157 F:24
			8088AD ED AD 0B    SBC $0BAD     [860BAD] A:07C0 X:0028 Y:00B5 S:0121 D:0E68 DB:86 nvmXdizC V:255 H:160 F:24
			8088B0 10 0E       BPL $000E     [8088C0] A:0043 X:0028 Y:00B5 S:0121 D:0E68 DB:86 nvmXdizC V:255 H:169 F:24
			8088C0 4A          LSR A                  A:0043 X:0028 Y:00B5 S:0121 D:0E68 DB:86 nvmXdizC V:255 H:173 F:24
			8088C1 C9 7F 00    CMP #$007F             A:0021 X:0028 Y:00B5 S:0121 D:0E68 DB:86 nvmXdizC V:255 H:176 F:24
			8088C4 30 03       BMI $0003     [8088C9] A:0021 X:0028 Y:00B5 S:0121 D:0E68 DB:86 NvmXdizc V:255 H:181 F:24
			8088C9 A8          TAY                    A:0021 X:0028 Y:00B5 S:0121 D:0E68 DB:86 NvmXdizc V:255 H:185 F:24
			8088CA 68          PLA                    A:0021 X:0028 Y:0021 S:0121 D:0E68 DB:86 nvmXdizc V:255 H:188 F:24
			8088CB 80 07       BRA $0007     [8088D4] A:0011 X:0028 Y:0021 S:0123 D:0E68 DB:86 nvmXdizc V:255 H:197 F:24
			8088D4 E2 31       SEP #$31               A:0011 X:0028 Y:0021 S:0123 D:0E68 DB:86 nvmXdizc V:255 H:201 F:24
			8088D6 AE A3 0B    LDX $0BA3     [860BA3] A:0011 X:0028 Y:0021 S:0123 D:0E68 DB:86 nvMXdizC V:255 H:206 F:24
			8088D9 9D 72 0B    STA $0B72,X   [860B74] A:0011 X:0002 Y:0021 S:0123 D:0E68 DB:86 nvMXdizC V:255 H:212 F:24
			8088DC 98          TYA                    A:0011 X:0002 Y:0021 S:0123 D:0E68 DB:86 nvMXdizC V:255 H:220 F:24
			8088DD 9D 73 0B    STA $0B73,X   [860B75] A:0021 X:0002 Y:0021 S:0123 D:0E68 DB:86 nvMXdizC V:255 H:223 F:24
			8088E0 E8          INX                    A:0021 X:0002 Y:0021 S:0123 D:0E68 DB:86 nvMXdizC V:255 H:231 F:24
			8088E1 E8          INX                    A:0021 X:0003 Y:0021 S:0123 D:0E68 DB:86 nvMXdizC V:255 H:234 F:24
			8088E2 8A          TXA                    A:0021 X:0004 Y:0021 S:0123 D:0E68 DB:86 nvMXdizC V:255 H:237 F:24
			8088E3 29 1E       AND #$1E               A:0004 X:0004 Y:0021 S:0123 D:0E68 DB:86 nvMXdizC V:255 H:240 F:24
			8088E5 8D A3 0B    STA $0BA3     [860BA3] A:0004 X:0004 Y:0021 S:0123 D:0E68 DB:86 nvMXdizC V:255 H:243 F:24
			8088E8 28          PLP                    A:0004 X:0004 Y:0021 S:0123 D:0E68 DB:86 nvMXdizC V:255 H:250 F:24
			8088E9 7A          PLY                    A:0004 X:0004 Y:0021 S:0124 D:0E68 DB:86 nvMxdizC V:255 H:256 F:24
			8088EA FA          PLX                    A:0004 X:0004 Y:01B5 S:0126 D:0E68 DB:86 nvMxdizC V:255 H:265 F:24
			8088EB 6B          RTL                    A:0004 X:1228 Y:01B5 S:0128 D:0E68 DB:86 nvMxdizC V:255 H:273 F:24

			849E82 A9 08       LDA #$08               A:0004 X:1228 Y:01B5 S:012B D:0E68 DB:86 nvMxdizC V:255 H:284 F:24
			849E84 9D 01 00    STA $0001,X   [861229] A:0008 X:1228 Y:01B5 S:012B D:0E68 DB:86 nvMxdizC V:255 H:287 F:24
			849E87 9E 02 00    STZ $0002,X   [86122A] A:0008 X:1228 Y:01B5 S:012B D:0E68 DB:86 nvMxdizC V:255 H:295 F:24
			849E8A 9E 03 00    STZ $0003,X   [86122B] A:0008 X:1228 Y:01B5 S:012B D:0E68 DB:86 nvMxdizC V:255 H:303 F:24
			849E8D BD 0A 00    LDA $000A,X   [861232] A:0008 X:1228 Y:01B5 S:012B D:0E68 DB:86 nvMxdizC V:255 H:311 F:24
			849E90 C9 1D       CMP #$1D               A:0007 X:1228 Y:01B5 S:012B D:0E68 DB:86 nvMxdizC V:255 H:319 F:24
			849E92 F0 11       BEQ $0011     [849EA5] A:0007 X:1228 Y:01B5 S:012B D:0E68 DB:86 NvMxdizc V:255 H:322 F:24
			849E94 FE 30 00    INC $0030,X   [861258] A:0007 X:1228 Y:01B5 S:012B D:0E68 DB:86 NvMxdizc V:255 H:324 F:24
			849E97 80 0C       BRA $000C     [849EA5] A:0007 X:1228 Y:01B5 S:012B D:0E68 DB:86 nvMxdizc V:255 H:335 F:24
			849EA5 A9 80       LDA #$80               A:0007 X:1228 Y:01B5 S:012B D:0E68 DB:86 nvMxdizc V:256 H:  0 F:24
			849EA7 04 27       TSB $27       [000E8F] A:0080 X:1228 Y:01B5 S:012B D:0E68 DB:86 NvMxdizc V:256 H:  3 F:24
			849EA9 A9 00       LDA #$00               A:0080 X:1228 Y:01B5 S:012B D:0E68 DB:86 NvMxdiZc V:256 H: 13 F:24
			849EAB 8D 1B 1F    STA $1F1B     [861F1B] A:0000 X:1228 Y:01B5 S:012B D:0E68 DB:86 nvMxdiZc V:256 H: 16 F:24
			849EAE BC 1A 00    LDY $001A,X   [861242] A:0000 X:1228 Y:01B5 S:012B D:0E68 DB:86 nvMxdiZc V:256 H: 22 F:24
			849EB1 F0 09       BEQ $0009     [849EBC] A:0000 X:1228 Y:04A0 S:012B D:0E68 DB:86 nvMxdizc V:256 H: 32 F:24
			849EB3 10 10       BPL $0010     [849EC5] A:0000 X:1228 Y:04A0 S:012B D:0E68 DB:86 nvMxdizc V:256 H: 35 F:24
			849EC5 AD 04 00    LDA $0004     [860004] A:0000 X:1228 Y:04A0 S:012B D:0E68 DB:86 nvMxdizc V:256 H: 40 F:24
			849EC8 48          PHA                    A:0001 X:1228 Y:04A0 S:012B D:0E68 DB:86 nvMxdizc V:256 H: 46 F:24
			849EC9 AD 05 00    LDA $0005     [860005] A:0001 X:1228 Y:04A0 S:012A D:0E68 DB:86 nvMxdizc V:256 H: 51 F:24
			849ECC 48          PHA                    A:0000 X:1228 Y:04A0 S:012A D:0E68 DB:86 nvMxdiZc V:256 H: 58 F:24
			849ECD DA          PHX                    A:0000 X:1228 Y:04A0 S:0129 D:0E68 DB:86 nvMxdiZc V:256 H: 63 F:24
			849ECE 22 4E A5 84 JSL $84A54E   [84A54E] A:0000 X:1228 Y:04A0 S:0127 D:0E68 DB:86 nvMxdiZc V:256 H: 70 F:24

			84A54E 08          PHP                    A:0000 X:1228 Y:04A0 S:0124 D:0E68 DB:86 nvMxdiZc V:256 H: 83 F:24
			84A54F E2 20       SEP #$20               A:0000 X:1228 Y:04A0 S:0123 D:0E68 DB:86 nvMxdiZc V:256 H: 88 F:24
			84A551 22 0E 9C 84 JSL $849C0E   [849C0E] A:0000 X:1228 Y:04A0 S:0123 D:0E68 DB:86 nvMxdiZc V:256 H: 93 F:24

			849C0E 5A          PHY                    A:0000 X:1228 Y:04A0 S:0120 D:0E68 DB:86 nvMxdiZc V:256 H:106 F:24
			849C0F A4 20       LDY $20       [000E88] A:0000 X:1228 Y:04A0 S:011E D:0E68 DB:86 nvMxdiZc V:256 H:113 F:24
			849C11 D0 03       BNE $0003     [849C16] A:0000 X:1228 Y:C58D S:011E D:0E68 DB:86 NvMxdizc V:256 H:122 F:24
			849C16 BC 20 00    LDY $0020,X   [861248] A:0000 X:1228 Y:C58D S:011E D:0E68 DB:86 NvMxdizc V:256 H:126 F:24
			849C19 D0 03       BNE $0003     [849C1E] A:0000 X:1228 Y:BED0 S:011E D:0E68 DB:86 NvMxdizc V:256 H:146 F:24
			849C1E C2 20       REP #$20               A:0000 X:1228 Y:BED0 S:011E D:0E68 DB:86 NvMxdizc V:256 H:151 F:24
			849C20 DA          PHX                    A:0000 X:1228 Y:BED0 S:011E D:0E68 DB:86 Nvmxdizc V:256 H:155 F:24
			849C21 BD 05 00    LDA $0005,X   [86122D] A:0000 X:1228 Y:BED0 S:011C D:0E68 DB:86 Nvmxdizc V:256 H:162 F:24
			849C24 8D 04 00    STA $0004     [860004] A:07B2 X:1228 Y:BED0 S:011C D:0E68 DB:86 nvmxdizc V:256 H:172 F:24
			849C27 BD 08 00    LDA $0008,X   [861230] A:07B2 X:1228 Y:BED0 S:011C D:0E68 DB:86 nvmxdizc V:256 H:181 F:24
			849C2A 8D 06 00    STA $0006     [860006] A:00AA X:1228 Y:BED0 S:011C D:0E68 DB:86 nvmxdizc V:256 H:191 F:24
			849C2D A5 05       LDA $05       [000E6D] A:00AA X:1228 Y:BED0 S:011C D:0E68 DB:86 nvmxdizc V:256 H:199 F:24
			849C2F 8D 0C 00    STA $000C     [86000C] A:07C0 X:1228 Y:BED0 S:011C D:0E68 DB:86 nvmxdizc V:256 H:208 F:24
			849C32 A5 08       LDA $08       [000E70] A:07C0 X:1228 Y:BED0 S:011C D:0E68 DB:86 nvmxdizc V:256 H:216 F:24
			849C34 8D 0E 00    STA $000E     [86000E] A:00A8 X:1228 Y:BED0 S:011C D:0E68 DB:86 nvmxdizc V:256 H:225 F:24
			849C37 E2 20       SEP #$20               A:00A8 X:1228 Y:BED0 S:011C D:0E68 DB:86 nvmxdizc V:256 H:233 F:24
			849C39 BD 11 00    LDA $0011,X   [861239] A:00A8 X:1228 Y:BED0 S:011C D:0E68 DB:86 nvMxdizc V:256 H:238 F:24
			849C3C 8D 08 00    STA $0008     [860008] A:0026 X:1228 Y:BED0 S:011C D:0E68 DB:86 nvMxdizc V:256 H:246 F:24
			849C3F A5 11       LDA $11       [000E79] A:0026 X:1228 Y:BED0 S:011C D:0E68 DB:86 nvMxdizc V:256 H:252 F:24
			849C41 8D 09 00    STA $0009     [860009] A:0029 X:1228 Y:BED0 S:011C D:0E68 DB:86 nvMxdizc V:256 H:259 F:24
			849C44 BC 20 00    LDY $0020,X   [861248] A:0029 X:1228 Y:BED0 S:011C D:0E68 DB:86 nvMxdizc V:256 H:265 F:24
			849C47 A6 20       LDX $20       [000E88] A:0029 X:1228 Y:BED0 S:011C D:0E68 DB:86 NvMxdizc V:256 H:275 F:24
			849C49 0B          PHD                    A:0029 X:C58D Y:BED0 S:011C D:0E68 DB:86 NvMxdizc V:256 H:284 F:24
			849C4A F4 00 00    PEA $0000              A:0029 X:C58D Y:BED0 S:011A D:0E68 DB:86 NvMxdizc V:256 H:291 F:24
			849C4D 2B          PLD                    A:0029 X:C58D Y:BED0 S:0118 D:0E68 DB:86 NvMxdizc V:256 H:299 F:24
			849C4E BD 02 00    LDA $0002,X   [86C58F] A:0029 X:C58D Y:BED0 S:011A D:0000 DB:86 nvMxdiZc V:256 H:308 F:24
			849C51 18          CLC                    A:000A X:C58D Y:BED0 S:011A D:0000 DB:86 nvMxdizc V:256 H:315 F:24
			849C52 79 02 00    ADC $0002,Y   [86BED2] A:000A X:C58D Y:BED0 S:011A D:0000 DB:86 nvMxdizc V:256 H:318 F:24
			849C55 85 00       STA $00       [000000] A:0011 X:C58D Y:BED0 S:011A D:0000 DB:86 nvMxdizc V:256 H:325 F:24
			849C57 64 01       STZ $01       [000001] A:0011 X:C58D Y:BED0 S:011A D:0000 DB:86 nvMxdizc V:256 H:330 F:24
			849C59 BD 03 00    LDA $0003,X   [86C590] A:0011 X:C58D Y:BED0 S:011A D:0000 DB:86 nvMxdizc V:256 H:335 F:24
			849C5C 18          CLC                    A:0012 X:C58D Y:BED0 S:011A D:0000 DB:86 nvMxdizc V:257 H:  2 F:24
			849C5D 79 03 00    ADC $0003,Y   [86BED3] A:0012 X:C58D Y:BED0 S:011A D:0000 DB:86 nvMxdizc V:257 H:  5 F:24
			849C60 85 02       STA $02       [000002] A:0019 X:C58D Y:BED0 S:011A D:0000 DB:86 nvMxdizc V:257 H: 13 F:24
			849C62 64 03       STZ $03       [000003] A:0019 X:C58D Y:BED0 S:011A D:0000 DB:86 nvMxdizc V:257 H: 18 F:24
			849C64 C2 21       REP #$21               A:0019 X:C58D Y:BED0 S:011A D:0000 DB:86 nvMxdizc V:257 H: 23 F:24
			849C66 B9 00 00    LDA $0000,Y   [86BED0] A:0019 X:C58D Y:BED0 S:011A D:0000 DB:86 nvmxdizc V:257 H: 27 F:24
			849C69 29 FF 00    AND #$00FF             A:0000 X:C58D Y:BED0 S:011A D:0000 DB:86 nvmxdiZc V:257 H: 36 F:24
			849C6C 89 80 00    BIT #$0080             A:0000 X:C58D Y:BED0 S:011A D:0000 DB:86 nvmxdiZc V:257 H: 41 F:24
			849C6F F0 03       BEQ $0003     [849C74] A:0000 X:C58D Y:BED0 S:011A D:0000 DB:86 nvmxdiZc V:257 H: 45 F:24
			849C74 24 07       BIT $07       [000007] A:0000 X:C58D Y:BED0 S:011A D:0000 DB:86 nvmxdiZc V:257 H: 50 F:24
			849C76 50 04       BVC $0004     [849C7C] A:0000 X:C58D Y:BED0 S:011A D:0000 DB:86 nvmxdiZc V:257 H: 57 F:24
			849C7C 85 0A       STA $0A       [00000A] A:0000 X:C58D Y:BED0 S:011A D:0000 DB:86 nvmxdiZc V:257 H: 61 F:24
			849C7E 64 10       STZ $10       [000010] A:0000 X:C58D Y:BED0 S:011A D:0000 DB:86 nvmxdiZc V:257 H: 68 F:24
			849C80 BD 00 00    LDA $0000,X   [86C58D] A:0000 X:C58D Y:BED0 S:011A D:0000 DB:86 nvmxdiZc V:257 H: 75 F:24
			849C83 29 FF 00    AND #$00FF             A:0400 X:C58D Y:BED0 S:011A D:0000 DB:86 nvmxdizc V:257 H: 84 F:24
			849C86 89 80 00    BIT #$0080             A:0000 X:C58D Y:BED0 S:011A D:0000 DB:86 nvmxdiZc V:257 H: 89 F:24
			849C89 F0 03       BEQ $0003     [849C8E] A:0000 X:C58D Y:BED0 S:011A D:0000 DB:86 nvmxdiZc V:257 H: 93 F:24
			849C8E 24 08       BIT $08       [000008] A:0000 X:C58D Y:BED0 S:011A D:0000 DB:86 nvmxdiZc V:257 H: 98 F:24
			849C90 50 04       BVC $0004     [849C96] A:0000 X:C58D Y:BED0 S:011A D:0000 DB:86 nvmxdiZc V:257 H:105 F:24
			849C96 65 0C       ADC $0C       [00000C] A:0000 X:C58D Y:BED0 S:011A D:0000 DB:86 nvmxdiZc V:257 H:109 F:24
			849C98 38          SEC                    A:07C0 X:C58D Y:BED0 S:011A D:0000 DB:86 nvmxdizc V:257 H:116 F:24
			849C99 E5 04       SBC $04       [000004] A:07C0 X:C58D Y:BED0 S:011A D:0000 DB:86 nvmxdizC V:257 H:119 F:24
			849C9B 38          SEC                    A:000E X:C58D Y:BED0 S:011A D:0000 DB:86 nvmxdizC V:257 H:126 F:24
			849C9C E5 0A       SBC $0A       [00000A] A:000E X:C58D Y:BED0 S:011A D:0000 DB:86 nvmxdizC V:257 H:129 F:24
			849C9E 10 06       BPL $0006     [849CA6] A:000E X:C58D Y:BED0 S:011A D:0000 DB:86 nvmxdizC V:257 H:146 F:24
			849CA6 85 04       STA $04       [000004] A:000E X:C58D Y:BED0 S:011A D:0000 DB:86 nvmxdizC V:257 H:151 F:24
			849CA8 A5 00       LDA $00       [000000] A:000E X:C58D Y:BED0 S:011A D:0000 DB:86 nvmxdizC V:257 H:158 F:24
			849CAA 38          SEC                    A:0011 X:C58D Y:BED0 S:011A D:0000 DB:86 nvmxdizC V:257 H:165 F:24
			849CAB E5 04       SBC $04       [000004] A:0011 X:C58D Y:BED0 S:011A D:0000 DB:86 nvmxdizC V:257 H:168 F:24
			849CAD 1A          INC                    A:0003 X:C58D Y:BED0 S:011A D:0000 DB:86 nvmxdizC V:257 H:175 F:24
			849CAE 85 04       STA $04       [000004] A:0004 X:C58D Y:BED0 S:011A D:0000 DB:86 nvmxdizC V:257 H:178 F:24
			849CB0 24 0F       BIT $0F       [00000F] A:0004 X:C58D Y:BED0 S:011A D:0000 DB:86 nvmxdizC V:257 H:185 F:24
			849CB2 30 04       BMI $0004     [849CB8] A:0004 X:C58D Y:BED0 S:011A D:0000 DB:86 nvmxdiZC V:257 H:192 F:24
			849CB4 49 FF FF    EOR #$FFFF             A:0004 X:C58D Y:BED0 S:011A D:0000 DB:86 nvmxdiZC V:257 H:195 F:24
			849CB7 1A          INC                    A:FFFB X:C58D Y:BED0 S:011A D:0000 DB:86 NvmxdizC V:257 H:199 F:24
			849CB8 85 00       STA $00       [000000] A:FFFC X:C58D Y:BED0 S:011A D:0000 DB:86 NvmxdizC V:257 H:202 F:24
			849CBA 90 45       BCC $0045     [849D01] A:FFFC X:C58D Y:BED0 S:011A D:0000 DB:86 NvmxdizC V:257 H:209 F:24
			849CBC B9 01 00    LDA $0001,Y   [86BED1] A:FFFC X:C58D Y:BED0 S:011A D:0000 DB:86 NvmxdizC V:257 H:212 F:24
			849CBF 29 FF 00    AND #$00FF             A:0700 X:C58D Y:BED0 S:011A D:0000 DB:86 nvmxdizC V:257 H:221 F:24
			849CC2 89 80 00    BIT #$0080             A:0000 X:C58D Y:BED0 S:011A D:0000 DB:86 nvmxdiZC V:257 H:226 F:24
			849CC5 F0 03       BEQ $0003     [849CCA] A:0000 X:C58D Y:BED0 S:011A D:0000 DB:86 nvmxdiZC V:257 H:230 F:24
			849CCA 85 0A       STA $0A       [00000A] A:0000 X:C58D Y:BED0 S:011A D:0000 DB:86 nvmxdiZC V:257 H:235 F:24
			849CCC 64 10       STZ $10       [000010] A:0000 X:C58D Y:BED0 S:011A D:0000 DB:86 nvmxdiZC V:257 H:242 F:24
			849CCE BD 01 00    LDA $0001,X   [86C58E] A:0000 X:C58D Y:BED0 S:011A D:0000 DB:86 nvmxdiZC V:257 H:249 F:24
			849CD1 29 FF 00    AND #$00FF             A:0A04 X:C58D Y:BED0 S:011A D:0000 DB:86 nvmxdizC V:257 H:258 F:24
			849CD4 89 80 00    BIT #$0080             A:0004 X:C58D Y:BED0 S:011A D:0000 DB:86 nvmxdizC V:257 H:262 F:24
			849CD7 F0 03       BEQ $0003     [849CDC] A:0004 X:C58D Y:BED0 S:011A D:0000 DB:86 nvmxdiZC V:257 H:267 F:24
			849CDC 18          CLC                    A:0004 X:C58D Y:BED0 S:011A D:0000 DB:86 nvmxdiZC V:257 H:271 F:24
			849CDD 65 0E       ADC $0E       [00000E] A:0004 X:C58D Y:BED0 S:011A D:0000 DB:86 nvmxdiZc V:257 H:274 F:24
			849CDF 38          SEC                    A:00AC X:C58D Y:BED0 S:011A D:0000 DB:86 nvmxdizc V:257 H:281 F:24
			849CE0 E5 06       SBC $06       [000006] A:00AC X:C58D Y:BED0 S:011A D:0000 DB:86 nvmxdizC V:257 H:284 F:24
			849CE2 38          SEC                    A:0002 X:C58D Y:BED0 S:011A D:0000 DB:86 nvmxdizC V:257 H:291 F:24
			849CE3 E5 0A       SBC $0A       [00000A] A:0002 X:C58D Y:BED0 S:011A D:0000 DB:86 nvmxdizC V:257 H:294 F:24
			849CE5 10 06       BPL $0006     [849CED] A:0002 X:C58D Y:BED0 S:011A D:0000 DB:86 nvmxdizC V:257 H:301 F:24
			849CED 85 06       STA $06       [000006] A:0002 X:C58D Y:BED0 S:011A D:0000 DB:86 nvmxdizC V:257 H:306 F:24
			849CEF A5 02       LDA $02       [000002] A:0002 X:C58D Y:BED0 S:011A D:0000 DB:86 nvmxdizC V:257 H:313 F:24
			849CF1 38          SEC                    A:0019 X:C58D Y:BED0 S:011A D:0000 DB:86 nvmxdizC V:257 H:320 F:24
			849CF2 E5 06       SBC $06       [000006] A:0019 X:C58D Y:BED0 S:011A D:0000 DB:86 nvmxdizC V:257 H:323 F:24
			849CF4 1A          INC                    A:0017 X:C58D Y:BED0 S:011A D:0000 DB:86 nvmxdizC V:257 H:329 F:24
			849CF5 85 06       STA $06       [000006] A:0018 X:C58D Y:BED0 S:011A D:0000 DB:86 nvmxdizC V:257 H:332 F:24
			849CF7 24 0F       BIT $0F       [00000F] A:0018 X:C58D Y:BED0 S:011A D:0000 DB:86 nvmxdizC V:257 H:339 F:24
			849CF9 30 04       BMI $0004     [849CFF] A:0018 X:C58D Y:BED0 S:011A D:0000 DB:86 nvmxdiZC V:258 H:  6 F:24
			849CFB 49 FF FF    EOR #$FFFF             A:0018 X:C58D Y:BED0 S:011A D:0000 DB:86 nvmxdiZC V:258 H:  9 F:24
			849CFE 1A          INC                    A:FFE7 X:C58D Y:BED0 S:011A D:0000 DB:86 NvmxdizC V:258 H: 13 F:24
			849CFF 85 02       STA $02       [000002] A:FFE8 X:C58D Y:BED0 S:011A D:0000 DB:86 NvmxdizC V:258 H: 16 F:24
			849D01 E2 20       SEP #$20               A:FFE8 X:C58D Y:BED0 S:011A D:0000 DB:86 NvmxdizC V:258 H: 23 F:24
			849D03 2B          PLD                    A:FFE8 X:C58D Y:BED0 S:011A D:0000 DB:86 NvMxdizC V:258 H: 28 F:24
			849D04 FA          PLX                    A:FFE8 X:C58D Y:BED0 S:011C D:0E68 DB:86 nvMxdizC V:258 H: 36 F:24
			849D05 7A          PLY                    A:FFE8 X:1228 Y:BED0 S:011E D:0E68 DB:86 nvMxdizC V:258 H: 45 F:24
			849D06 6B          RTL                    A:FFE8 X:1228 Y:04A0 S:0120 D:0E68 DB:86 nvMxdizC V:258 H: 53 F:24

			84A555 8E 10 00    STX $0010     [860010] A:FFE8 X:1228 Y:04A0 S:0123 D:0E68 DB:86 nvMxdizC V:258 H: 64 F:24
			84A558 9B          TXY                    A:FFE8 X:1228 Y:04A0 S:0123 D:0E68 DB:86 nvMxdizC V:258 H: 72 F:24
			84A559 BE 20 00    LDX $0020,Y   [861248] A:FFE8 X:1228 Y:1228 S:0123 D:0E68 DB:86 nvMxdizC V:258 H: 75 F:24
			84A55C 9B          TXY                    A:FFE8 X:BED0 Y:1228 S:0123 D:0E68 DB:86 NvMxdizC V:258 H: 85 F:24
			84A55D A6 20       LDX $20       [000E88] A:FFE8 X:BED0 Y:BED0 S:0123 D:0E68 DB:86 NvMxdizC V:258 H: 88 F:24
			84A55F E2 20       SEP #$20               A:FFE8 X:C58D Y:BED0 S:0123 D:0E68 DB:86 NvMxdizC V:258 H: 97 F:24
			84A561 B9 02 00    LDA $0002,Y   [86BED2] A:FFE8 X:C58D Y:BED0 S:0123 D:0E68 DB:86 NvMxdizC V:258 H:101 F:24
			84A564 CD 04 00    CMP $0004     [860004] A:FF07 X:C58D Y:BED0 S:0123 D:0E68 DB:86 nvMxdizC V:258 H:109 F:24
			84A567 90 6F       BCC $006F     [84A5D8] A:FF07 X:C58D Y:BED0 S:0123 D:0E68 DB:86 nvMxdizC V:258 H:115 F:24
			84A569 4E 05 00    LSR $0005     [860005] A:FF07 X:C58D Y:BED0 S:0123 D:0E68 DB:86 nvMxdizC V:258 H:118 F:24
			84A56C 6E 04 00    ROR $0004     [860004] A:FF07 X:C58D Y:BED0 S:0123 D:0E68 DB:86 nvMxdiZc V:258 H:128 F:24
			84A56F AD 01 00    LDA $0001     [860001] A:FF07 X:C58D Y:BED0 S:0123 D:0E68 DB:86 nvMxdizc V:258 H:148 F:24
			84A572 30 31       BMI $0031     [84A5A5] A:FFFF X:C58D Y:BED0 S:0123 D:0E68 DB:86 NvMxdizc V:258 H:155 F:24
			84A5A5 BD 00 00    LDA $0000,X   [86C58D] A:FFFF X:C58D Y:BED0 S:0123 D:0E68 DB:86 NvMxdizc V:258 H:159 F:24
			84A5A8 24 11       BIT $11       [000E79] A:FF00 X:C58D Y:BED0 S:0123 D:0E68 DB:86 nvMxdiZc V:258 H:167 F:24
			84A5AA 50 03       BVC $0003     [84A5AF] A:FF00 X:C58D Y:BED0 S:0123 D:0E68 DB:86 nvMxdiZc V:258 H:173 F:24
			84A5AF C9 00       CMP #$00               A:FF00 X:C58D Y:BED0 S:0123 D:0E68 DB:86 nvMxdiZc V:258 H:178 F:24
			84A5B1 C2 20       REP #$20               A:FF00 X:C58D Y:BED0 S:0123 D:0E68 DB:86 nvMxdiZC V:258 H:181 F:24
			84A5B3 30 05       BMI $0005     [84A5BA] A:FF00 X:C58D Y:BED0 S:0123 D:0E68 DB:86 nvmxdiZC V:258 H:185 F:24
			84A5B5 29 FF 00    AND #$00FF             A:FF00 X:C58D Y:BED0 S:0123 D:0E68 DB:86 nvmxdiZC V:258 H:188 F:24
			84A5B8 80 03       BRA $0003     [84A5BD] A:0000 X:C58D Y:BED0 S:0123 D:0E68 DB:86 nvmxdiZC V:258 H:193 F:24
			84A5BD 18          CLC                    A:0000 X:C58D Y:BED0 S:0123 D:0E68 DB:86 nvmxdiZC V:258 H:197 F:24
			84A5BE 65 05       ADC $05       [000E6D] A:0000 X:C58D Y:BED0 S:0123 D:0E68 DB:86 nvmxdiZc V:258 H:200 F:24
			84A5C0 48          PHA                    A:07C0 X:C58D Y:BED0 S:0123 D:0E68 DB:86 nvmxdizc V:258 H:209 F:24
			84A5C1 BD 02 00    LDA $0002,X   [86C58F] A:07C0 X:C58D Y:BED0 S:0121 D:0E68 DB:86 nvmxdizc V:258 H:216 F:24
			84A5C4 29 FF 00    AND #$00FF             A:120A X:C58D Y:BED0 S:0121 D:0E68 DB:86 nvmxdizc V:258 H:225 F:24
			84A5C7 8D 08 00    STA $0008     [860008] A:000A X:C58D Y:BED0 S:0121 D:0E68 DB:86 nvmxdizc V:258 H:229 F:24
			84A5CA 68          PLA                    A:000A X:C58D Y:BED0 S:0121 D:0E68 DB:86 nvmxdizc V:258 H:238 F:24
			84A5CB 38          SEC                    A:07C0 X:C58D Y:BED0 S:0123 D:0E68 DB:86 nvmxdizc V:258 H:246 F:24
			84A5CC ED 08 00    SBC $0008     [860008] A:07C0 X:C58D Y:BED0 S:0123 D:0E68 DB:86 nvmxdizC V:258 H:249 F:24
			84A5CF 18          CLC                    A:07B6 X:C58D Y:BED0 S:0123 D:0E68 DB:86 nvmxdizC V:258 H:258 F:24
			84A5D0 6D 04 00    ADC $0004     [860004] A:07B6 X:C58D Y:BED0 S:0123 D:0E68 DB:86 nvmxdizc V:258 H:261 F:24
			84A5D3 8D 00 00    STA $0000     [860000] A:07B8 X:C58D Y:BED0 S:0123 D:0E68 DB:86 nvmxdizc V:258 H:269 F:24
			84A5D6 80 0D       BRA $000D     [84A5E5] A:07B8 X:C58D Y:BED0 S:0123 D:0E68 DB:86 nvmxdizc V:258 H:278 F:24
			84A5E5 E2 20       SEP #$20               A:07B8 X:C58D Y:BED0 S:0123 D:0E68 DB:86 nvmxdizc V:258 H:282 F:24
			84A5E7 B9 03 00    LDA $0003,Y   [86BED3] A:07B8 X:C58D Y:BED0 S:0123 D:0E68 DB:86 nvMxdizc V:258 H:287 F:24
			84A5EA CD 06 00    CMP $0006     [860006] A:0707 X:C58D Y:BED0 S:0123 D:0E68 DB:86 nvMxdizc V:258 H:294 F:24
			84A5ED 90 5D       BCC $005D     [84A64C] A:0707 X:C58D Y:BED0 S:0123 D:0E68 DB:86 NvMxdizc V:258 H:301 F:24
			84A64C C2 20       REP #$20               A:0707 X:C58D Y:BED0 S:0123 D:0E68 DB:86 NvMxdizc V:258 H:305 F:24
			84A64E AC 10 00    LDY $0010     [860010] A:0707 X:C58D Y:BED0 S:0123 D:0E68 DB:86 Nvmxdizc V:258 H:310 F:24
			84A651 B9 08 00    LDA $0008,Y   [861230] A:0707 X:C58D Y:1228 S:0123 D:0E68 DB:86 nvmxdizc V:258 H:318 F:24
			84A654 8D 02 00    STA $0002     [860002] A:00AA X:C58D Y:1228 S:0123 D:0E68 DB:86 nvmxdizc V:258 H:327 F:24
			84A657 28          PLP                    A:00AA X:C58D Y:1228 S:0123 D:0E68 DB:86 nvmxdizc V:258 H:336 F:24
			84A658 6B          RTL                    A:00AA X:C58D Y:1228 S:0124 D:0E68 DB:86 nvMxdiZc V:259 H:  2 F:24

			849ED2 FA          PLX                    A:00AA X:C58D Y:1228 S:0127 D:0E68 DB:86 nvMxdiZc V:259 H: 13 F:24
			849ED3 C2 20       REP #$20               A:00AA X:1228 Y:1228 S:0129 D:0E68 DB:86 nvMxdizc V:259 H: 21 F:24
			849ED5 AD 00 00    LDA $0000     [860000] A:00AA X:1228 Y:1228 S:0129 D:0E68 DB:86 nvmxdizc V:259 H: 26 F:24
			849ED8 9D 33 00    STA $0033,X   [86125B] A:07B8 X:1228 Y:1228 S:0129 D:0E68 DB:86 nvmxdizc V:259 H: 34 F:24
			849EDB AD 02 00    LDA $0002     [860002] A:07B8 X:1228 Y:1228 S:0129 D:0E68 DB:86 nvmxdizc V:259 H: 44 F:24
			849EDE 9D 35 00    STA $0035,X   [86125D] A:00AA X:1228 Y:1228 S:0129 D:0E68 DB:86 nvmxdizc V:259 H: 53 F:24
			849EE1 E2 30       SEP #$30               A:00AA X:1228 Y:1228 S:0129 D:0E68 DB:86 nvmxdizc V:259 H: 63 F:24
			849EE3 68          PLA                    A:00AA X:0028 Y:0028 S:0129 D:0E68 DB:86 nvMXdizc V:259 H: 67 F:24
			849EE4 F0 02       BEQ $0002     [849EE8] A:0000 X:0028 Y:0028 S:012A D:0E68 DB:86 nvMXdiZc V:259 H: 74 F:24
			849EE8 68          PLA                    A:0000 X:0028 Y:0028 S:012A D:0E68 DB:86 nvMXdiZc V:259 H: 78 F:24
			849EE9 6B          RTL                    A:0001 X:0028 Y:0028 S:012B D:0E68 DB:86 nvMXdizc V:259 H: 85 F:24

		878C52 F0 47       BEQ $0047     [878C9B] A:0001 X:0028 Y:0028 S:012E D:0E68 DB:86 nvMXdizc V:259 H: 95 F:24		Branch if A = #$00
		878C54 A5 3D       LDA $3D       [000EA5] A:0001 X:0028 Y:0028 S:012E D:0E68 DB:86 nvMXdizc V:259 H: 98 F:24	
		878C56 D0 43       BNE $0043     [878C9B] A:0000 X:0028 Y:0028 S:012E D:0E68 DB:86 nvMXdiZc V:259 H:105 F:24		Branch if E-I_Frames <> #$00
		878C58 A9 3C       LDA #$3C               A:0000 X:0028 Y:0028 S:012E D:0E68 DB:86 nvMXdiZc V:259 H:108 F:24
		878C5A 85 3D       STA $3D       [000EA5] A:003C X:0028 Y:0028 S:012E D:0E68 DB:86 nvMXdizc V:259 H:111 F:24		E-I_Frames = #$3C
		878C5C A5 02       LDA $02       [000E6A] A:003C X:0028 Y:0028 S:012E D:0E68 DB:86 nvMXdizc V:259 H:117 F:24
		878C5E 85 3E       STA $3E       [000EA6] A:0002 X:0028 Y:0028 S:012E D:0E68 DB:86 nvMXdizc V:259 H:124 F:24		E-OldAction = E-Action
		878C60 A9 08       LDA #$08               A:0002 X:0028 Y:0028 S:012E D:0E68 DB:86 nvMXdizc V:259 H:130 F:24
		878C62 85 02       STA $02       [000E6A] A:0008 X:0028 Y:0028 S:012E D:0E68 DB:86 nvMXdizc V:259 H:143 F:24		Action = #$08
		878C64 A9 40       LDA #$40               A:0008 X:0028 Y:0028 S:012E D:0E68 DB:86 nvMXdizc V:259 H:150 F:24		|E-Facing = CurrMMXShotFac
		878C66 14 11       TRB $11       [000E79] A:0040 X:0028 Y:0028 S:012E D:0E68 DB:86 nvMXdizc V:259 H:153 F:24		|
		878C68 AD 1B 1F    LDA $1F1B     [861F1B] A:0040 X:0028 Y:0028 S:012E D:0E68 DB:86 nvMXdiZc V:259 H:163 F:24		|
		878C6B 04 11       TSB $11       [000E79] A:0000 X:0028 Y:0028 S:012E D:0E68 DB:86 nvMXdiZc V:259 H:169 F:24		|
		878C6D A9 10       LDA #$10               A:0000 X:0028 Y:0028 S:012E D:0E68 DB:86 nvMXdiZc V:259 H:179 F:24
		878C6F 85 34       STA $34       [000E9C] A:0010 X:0028 Y:0028 S:012E D:0E68 DB:86 nvMXdizc V:259 H:182 F:24		E-CD2 = #$10
		878C71 64 38       STZ $38       [000EA0] A:0010 X:0028 Y:0028 S:012E D:0E68 DB:86 nvMXdizc V:259 H:189 F:24		E-Teleporting = #$00
		878C73 64 36       STZ $36       [000E9E] A:0010 X:0028 Y:0028 S:012E D:0E68 DB:86 nvMXdizc V:259 H:195 F:24		E-$36 = #$00
		878C75 A5 3C       LDA $3C       [000EA4] A:0010 X:0028 Y:0028 S:012E D:0E68 DB:86 nvMXdizc V:259 H:202 F:24
		878C77 F0 06       BEQ $0006     [878C7F] A:0000 X:0028 Y:0028 S:012E D:0E68 DB:86 nvMXdiZc V:259 H:208 F:24		Branch because E-GrabMMX = #$00
		878C7F A9 03       LDA #$03               A:0000 X:0028 Y:0028 S:012E D:0E68 DB:86 nvMXdiZc V:259 H:213 F:24		A = a = #$03
		878C81 AE 1D 1F    LDX $1F1D     [861F1D] A:0003 X:0028 Y:0028 S:012E D:0E68 DB:86 nvMXdizc V:259 H:216 F:24		|If CurrMMXShotID = #$06 or #$07 Then:
		878C84 E0 07       CPX #$07               A:0003 X:0007 Y:0028 S:012E D:0E68 DB:86 nvMXdizc V:259 H:222 F:24		|	E-$CD2 = #$18
		878C86 F0 04       BEQ $0004     [878C8C] A:0003 X:0007 Y:0028 S:012E D:0E68 DB:86 nvMXdiZC V:259 H:225 F:24		|	A = a = #$04
		878C8C A9 18       LDA #$18               A:0003 X:0007 Y:0028 S:012E D:0E68 DB:86 nvMXdiZC V:259 H:230 F:24		|
		878C8E 85 34       STA $34       [000E9C] A:0018 X:0007 Y:0028 S:012E D:0E68 DB:86 nvMXdizC V:259 H:233 F:24		|
		878C90 A9 04       LDA #$04               A:0018 X:0007 Y:0028 S:012E D:0E68 DB:86 nvMXdizC V:259 H:239 F:24		|
		878C92 20 B1 90    JSR $90B1     [8790B1] A:0004 X:0007 Y:0028 S:012E D:0E68 DB:86 nvMXdizC V:259 H:242 F:24		JSR $8790B1 --> Boomer Kuwanger Custom Skeleton Load

			8790B1 A6 35       LDX $35       [000E9D] A:0004 X:0007 Y:0028 S:012C D:0E68 DB:86 nvMXdizC V:259 H:252 F:24
			8790B3 F0 03       BEQ $0003     [8790B8] A:0004 X:0000 Y:0028 S:012C D:0E68 DB:86 nvMXdiZC V:259 H:259 F:24	Branch because E-$35 = #$00
			8790B8 AA          TAX                    A:0004 X:0000 Y:0028 S:012C D:0E68 DB:86 nvMXdiZC V:259 H:263 F:24
			8790B9 BD 97 C5    LDA $C597,X   [86C59B] A:0004 X:0004 Y:0028 S:012C D:0E68 DB:86 nvMXdizC V:259 H:266 F:24	A = [$86C597,a] = [$86C59B]
			8790BC 22 07 8F 84 JSL $848F07   [848F07] A:000F X:0004 Y:0028 S:012C D:0E68 DB:86 nvMXdizC V:259 H:272 F:24	JSL $848F07 --> Skeleton Load (SkelPoint = #$75, A=#$0F)

				848F07 08          PHP                    A:000F X:0004 Y:0028 S:0129 D:0E68 DB:86 nvMXdizC V:259 H:286 F:24
				848F08 8B          PHB                    A:000F X:0004 Y:0028 S:0128 D:0E68 DB:86 nvMXdizC V:259 H:291 F:24
				848F09 C2 30       REP #$30               A:000F X:0004 Y:0028 S:0127 D:0E68 DB:86 nvMXdizC V:259 H:296 F:24
				848F0B 8D 0E 00    STA $000E     [86000E] A:000F X:0004 Y:0028 S:0127 D:0E68 DB:86 nvmxdizC V:259 H:300 F:24
				848F0E A5 16       LDA $16       [000E7E] A:000F X:0004 Y:0028 S:0127 D:0E68 DB:86 nvmxdizC V:259 H:309 F:24
				848F10 29 FF 00    AND #$00FF             A:0875 X:0004 Y:0028 S:0127 D:0E68 DB:86 nvmxdizC V:259 H:317 F:24
				848F13 8D 0C 00    STA $000C     [86000C] A:0075 X:0004 Y:0028 S:0127 D:0E68 DB:86 nvmxdizC V:259 H:322 F:24
				848F16 0A          ASL A                  A:0075 X:0004 Y:0028 S:0127 D:0E68 DB:86 nvmxdizC V:259 H:329 F:24
				848F17 18          CLC                    A:00EA X:0004 Y:0028 S:0127 D:0E68 DB:86 nvmxdizc V:259 H:332 F:24
				848F18 6D 0C 00    ADC $000C     [86000C] A:00EA X:0004 Y:0028 S:0127 D:0E68 DB:86 nvmxdizc V:259 H:335 F:24
				848F1B AA          TAX                    A:015F X:0004 Y:0028 S:0127 D:0E68 DB:86 nvmxdizc V:260 H:  4 F:24
				848F1C BF 00 A0 AF LDA $AFA000,X [AFA15F] A:015F X:015F Y:0028 S:0127 D:0E68 DB:86 nvmxdizc V:260 H:  7 F:24
				848F20 85 14       STA $14       [000E7C] A:D367 X:015F Y:0028 S:0127 D:0E68 DB:86 Nvmxdizc V:260 H: 16 F:24
				848F22 E2 20       SEP #$20               A:D367 X:015F Y:0028 S:0127 D:0E68 DB:86 Nvmxdizc V:260 H: 24 F:24
				848F24 BF 02 A0 AF LDA $AFA002,X [AFA161] A:D367 X:015F Y:0028 S:0127 D:0E68 DB:86 NvMxdizc V:260 H: 29 F:24
				848F28 48          PHA                    A:D3AF X:015F Y:0028 S:0127 D:0E68 DB:86 NvMxdizc V:260 H: 36 F:24
				848F29 AB          PLB                    A:D3AF X:015F Y:0028 S:0126 D:0E68 DB:86 NvMxdizc V:260 H: 41 F:24
				848F2A C2 20       REP #$20               A:D3AF X:015F Y:0028 S:0127 D:0E68 DB:AF NvMxdizc V:260 H: 48 F:24
				848F2C AD 0E 00    LDA $000E     [AF000E] A:D3AF X:015F Y:0028 S:0127 D:0E68 DB:AF Nvmxdizc V:260 H: 52 F:24
				848F2F 29 FF 00    AND #$00FF             A:000F X:015F Y:0028 S:0127 D:0E68 DB:AF nvmxdizc V:260 H: 61 F:24
				848F32 0A          ASL A                  A:000F X:015F Y:0028 S:0127 D:0E68 DB:AF nvmxdizc V:260 H: 65 F:24
				848F33 A8          TAY                    A:001E X:015F Y:0028 S:0127 D:0E68 DB:AF nvmxdizc V:260 H: 68 F:24
				848F34 B1 14       LDA ($14),Y   [AFD385] A:001E X:015F Y:001E S:0127 D:0E68 DB:AF nvmxdizc V:260 H: 71 F:24
				848F36 65 14       ADC $14       [000E7C] A:006B X:015F Y:001E S:0127 D:0E68 DB:AF nvmxdizc V:260 H: 84 F:24
				848F38 85 14       STA $14       [000E7C] A:D3D2 X:015F Y:001E S:0127 D:0E68 DB:AF Nvmxdizc V:260 H: 93 F:24
				848F3A E2 30       SEP #$30               A:D3D2 X:015F Y:001E S:0127 D:0E68 DB:AF Nvmxdizc V:260 H:101 F:24
				848F3C B2 14       LDA ($14)     [AFD3D2] A:D3D2 X:005F Y:001E S:0127 D:0E68 DB:AF NvMXdizc V:260 H:106 F:24	Skeleton start: [AFD3D2]
				848F3E 85 13       STA $13       [000E7B] A:D303 X:005F Y:001E S:0127 D:0E68 DB:AF nvMXdizc V:260 H:116 F:24
				848F40 A0 01       LDY #$01               A:D303 X:005F Y:001E S:0127 D:0E68 DB:AF nvMXdizc V:260 H:122 F:24
				848F42 B1 14       LDA ($14),Y   [AFD3D3] A:D303 X:005F Y:0001 S:0127 D:0E68 DB:AF nvMXdizc V:260 H:125 F:24
				848F44 85 0F       STA $0F       [000E77] A:D30F X:005F Y:0001 S:0127 D:0E68 DB:AF nvMXdizc V:260 H:145 F:24
				848F46 C8          INY                    A:D30F X:005F Y:0001 S:0127 D:0E68 DB:AF nvMXdizc V:260 H:152 F:24
				848F47 B1 14       LDA ($14),Y   [AFD3D4] A:D30F X:005F Y:0002 S:0127 D:0E68 DB:AF nvMXdizc V:260 H:155 F:24
				848F49 85 17       STA $17       [000E7F] A:D31B X:005F Y:0002 S:0127 D:0E68 DB:AF nvMXdizc V:260 H:165 F:24
				848F4B A9 80       LDA #$80               A:D31B X:005F Y:0002 S:0127 D:0E68 DB:AF nvMXdizc V:260 H:171 F:24
				848F4D 04 17       TSB $17       [000E7F] A:D380 X:005F Y:0002 S:0127 D:0E68 DB:AF NvMXdizc V:260 H:174 F:24
				848F4F AB          PLB                    A:D380 X:005F Y:0002 S:0127 D:0E68 DB:AF NvMXdiZc V:260 H:184 F:24
				848F50 28          PLP                    A:D380 X:005F Y:0002 S:0128 D:0E68 DB:86 NvMXdizc V:260 H:191 F:24
				848F51 6B          RTL                    A:D380 X:005F Y:0002 S:0129 D:0E68 DB:86 nvMXdizC V:260 H:197 F:24

			8790C0 60          RTS                    A:D380 X:005F Y:0002 S:012C D:0E68 DB:86 nvMXdizC V:260 H:208 F:24

		878C95 A9 13       LDA #$13               A:D380 X:005F Y:0002 S:012E D:0E68 DB:86 nvMXdizC V:260 H:218 F:24
		878C97 22 A2 88 80 JSL $8088A2   [8088A2] A:D313 X:005F Y:0002 S:012E D:0E68 DB:86 nvMXdizC V:260 H:221 F:24		JSL $8088A2 --> Play Sound Effect (A = Sound Effect ID) (Stereo with |X-Distance|)

			8088A2 DA          PHX                    A:D313 X:005F Y:0002 S:012B D:0E68 DB:86 nvMXdizC V:260 H:234 F:24
			8088A3 5A          PHY                    A:D313 X:005F Y:0002 S:012A D:0E68 DB:86 nvMXdizC V:260 H:239 F:24
			8088A4 08          PHP                    A:D313 X:005F Y:0002 S:0129 D:0E68 DB:86 nvMXdizC V:260 H:244 F:24
			8088A5 C2 20       REP #$20               A:D313 X:005F Y:0002 S:0128 D:0E68 DB:86 nvMXdizC V:260 H:249 F:24
			8088A7 E2 10       SEP #$10               A:D313 X:005F Y:0002 S:0128 D:0E68 DB:86 nvmXdizC V:260 H:254 F:24
			8088A9 48          PHA                    A:D313 X:005F Y:0002 S:0128 D:0E68 DB:86 nvmXdizC V:260 H:258 F:24
			8088AA A5 05       LDA $05       [000E6D] A:D313 X:005F Y:0002 S:0126 D:0E68 DB:86 nvmXdizC V:260 H:265 F:24
			8088AC 38          SEC                    A:07C0 X:005F Y:0002 S:0126 D:0E68 DB:86 nvmXdizC V:260 H:274 F:24
			8088AD ED AD 0B    SBC $0BAD     [860BAD] A:07C0 X:005F Y:0002 S:0126 D:0E68 DB:86 nvmXdizC V:260 H:277 F:24
			8088B0 10 0E       BPL $000E     [8088C0] A:0043 X:005F Y:0002 S:0126 D:0E68 DB:86 nvmXdizC V:260 H:285 F:24
			8088C0 4A          LSR A                  A:0043 X:005F Y:0002 S:0126 D:0E68 DB:86 nvmXdizC V:260 H:290 F:24
			8088C1 C9 7F 00    CMP #$007F             A:0021 X:005F Y:0002 S:0126 D:0E68 DB:86 nvmXdizC V:260 H:293 F:24
			8088C4 30 03       BMI $0003     [8088C9] A:0021 X:005F Y:0002 S:0126 D:0E68 DB:86 NvmXdizc V:260 H:297 F:24
			8088C9 A8          TAY                    A:0021 X:005F Y:0002 S:0126 D:0E68 DB:86 NvmXdizc V:260 H:302 F:24
			8088CA 68          PLA                    A:0021 X:005F Y:0021 S:0126 D:0E68 DB:86 nvmXdizc V:260 H:305 F:24
			8088CB 80 07       BRA $0007     [8088D4] A:D313 X:005F Y:0021 S:0128 D:0E68 DB:86 NvmXdizc V:260 H:313 F:24
			8088D4 E2 31       SEP #$31               A:D313 X:005F Y:0021 S:0128 D:0E68 DB:86 NvmXdizc V:260 H:318 F:24
			8088D6 AE A3 0B    LDX $0BA3     [860BA3] A:D313 X:005F Y:0021 S:0128 D:0E68 DB:86 NvMXdizC V:260 H:322 F:24
			8088D9 9D 72 0B    STA $0B72,X   [860B76] A:D313 X:0004 Y:0021 S:0128 D:0E68 DB:86 nvMXdizC V:260 H:328 F:24
			8088DC 98          TYA                    A:D313 X:0004 Y:0021 S:0128 D:0E68 DB:86 nvMXdizC V:260 H:336 F:24
			8088DD 9D 73 0B    STA $0B73,X   [860B77] A:D321 X:0004 Y:0021 S:0128 D:0E68 DB:86 nvMXdizC V:260 H:339 F:24
			8088E0 E8          INX                    A:D321 X:0004 Y:0021 S:0128 D:0E68 DB:86 nvMXdizC V:261 H:  7 F:24
			8088E1 E8          INX                    A:D321 X:0005 Y:0021 S:0128 D:0E68 DB:86 nvMXdizC V:261 H: 10 F:24
			8088E2 8A          TXA                    A:D321 X:0006 Y:0021 S:0128 D:0E68 DB:86 nvMXdizC V:261 H: 13 F:24
			8088E3 29 1E       AND #$1E               A:D306 X:0006 Y:0021 S:0128 D:0E68 DB:86 nvMXdizC V:261 H: 16 F:24
			8088E5 8D A3 0B    STA $0BA3     [860BA3] A:D306 X:0006 Y:0021 S:0128 D:0E68 DB:86 nvMXdizC V:261 H: 19 F:24
			8088E8 28          PLP                    A:D306 X:0006 Y:0021 S:0128 D:0E68 DB:86 nvMXdizC V:261 H: 25 F:24
			8088E9 7A          PLY                    A:D306 X:0006 Y:0021 S:0129 D:0E68 DB:86 nvMXdizC V:261 H: 32 F:24
			8088EA FA          PLX                    A:D306 X:0006 Y:0002 S:012A D:0E68 DB:86 nvMXdizC V:261 H: 38 F:24
			8088EB 6B          RTL                    A:D306 X:005F Y:0002 S:012B D:0E68 DB:86 nvMXdizC V:261 H: 45 F:24

		878C9B A5 3D       LDA $3D       [000EA5] A:D306 X:005F Y:0002 S:012E D:0E68 DB:86 nvMXdizC V:261 H: 55 F:24
		878C9D F0 0B       BEQ $000B     [878CAA] A:D33C X:005F Y:0002 S:012E D:0E68 DB:86 nvMXdizC V:261 H: 62 F:24		Branch if E-I_Frames = #$00
		878C9F 3A          DEC                    A:D33C X:005F Y:0002 S:012E D:0E68 DB:86 nvMXdizC V:261 H: 65 F:24		
		878CA0 85 3D       STA $3D       [000EA5] A:D33B X:005F Y:0002 S:012E D:0E68 DB:86 nvMXdizC V:261 H: 68 F:24		Decrease E-I_Frames
		878CA2 29 03       AND #$03               A:D33B X:005F Y:0002 S:012E D:0E68 DB:86 nvMXdizC V:261 H: 74 F:24
		878CA4 D0 04       BNE $0004     [878CAA] A:D303 X:005F Y:0002 S:012E D:0E68 DB:86 nvMXdizC V:261 H: 77 F:24		Branch because E-I_Frames AND #$03 <> #$00
		878CAA A5 27       LDA $27       [000E8F] A:D303 X:005F Y:0002 S:012E D:0E68 DB:86 nvMXdizC V:261 H: 82 F:24
		878CAC 29 7F       AND #$7F               A:D39D X:005F Y:0002 S:012E D:0E68 DB:86 NvMXdizC V:261 H: 88 F:24
		878CAE D0 19       BNE $0019     [878CC9] A:D31D X:005F Y:0002 S:012E D:0E68 DB:86 nvMXdizC V:261 H: 91 F:24
		878CC9 A5 38       LDA $38       [000EA0] A:D31D X:005F Y:0002 S:012E D:0E68 DB:86 nvMXdizC V:261 H: 96 F:24
		878CCB D0 13       BNE $0013     [878CE0] A:D300 X:005F Y:0002 S:012E D:0E68 DB:86 nvMXdiZC V:261 H:102 F:24
		878CCD A5 39       LDA $39       [000EA1] A:D300 X:005F Y:0002 S:012E D:0E68 DB:86 nvMXdiZC V:261 H:105 F:24
		878CCF D0 0F       BNE $000F     [878CE0] A:D300 X:005F Y:0002 S:012E D:0E68 DB:86 nvMXdiZC V:261 H:112 F:24
		878CD1 22 03 9B 84 JSL $849B03   [849B03] A:D300 X:005F Y:0002 S:012E D:0E68 DB:86 nvMXdiZC V:261 H:115 F:24

			849B03 C2 10       REP #$10               A:D300 X:005F Y:0002 S:012B D:0E68 DB:86 nvMXdiZC V:261 H:128 F:24
			849B05 A5 27       LDA $27       [000E8F] A:D300 X:005F Y:0002 S:012B D:0E68 DB:86 nvMxdiZC V:261 H:133 F:24
			849B07 F0 70       BEQ $0070     [849B79] A:D39D X:005F Y:0002 S:012B D:0E68 DB:86 NvMxdizC V:261 H:149 F:24
			849B09 A5 0E       LDA $0E       [000E76] A:D39D X:005F Y:0002 S:012B D:0E68 DB:86 NvMxdizC V:261 H:152 F:24
			849B0B F0 31       BEQ $0031     [849B3E] A:D301 X:005F Y:0002 S:012B D:0E68 DB:86 nvMxdizC V:261 H:159 F:24
			849B0D AD 0C 1F    LDA $1F0C     [861F0C] A:D301 X:005F Y:0002 S:012B D:0E68 DB:86 nvMxdizC V:261 H:162 F:24
			849B10 D0 2C       BNE $002C     [849B3E] A:D300 X:005F Y:0002 S:012B D:0E68 DB:86 nvMxdiZC V:261 H:168 F:24
			849B12 AD 32 0C    LDA $0C32     [860C32] A:D300 X:005F Y:0002 S:012B D:0E68 DB:86 nvMxdiZC V:261 H:171 F:24
			849B15 D0 11       BNE $0011     [849B28] A:D300 X:005F Y:0002 S:012B D:0E68 DB:86 nvMxdiZC V:261 H:178 F:24
			849B17 AD 30 0C    LDA $0C30     [860C30] A:D300 X:005F Y:0002 S:012B D:0E68 DB:86 nvMxdiZC V:261 H:181 F:24
			849B1A D0 0C       BNE $000C     [849B28] A:D300 X:005F Y:0002 S:012B D:0E68 DB:86 nvMxdiZC V:261 H:187 F:24
			849B1C A2 A8 0B    LDX #$0BA8             A:D300 X:005F Y:0002 S:012B D:0E68 DB:86 nvMxdiZC V:261 H:190 F:24
			849B1F 22 0E 9C 84 JSL $849C0E   [849C0E] A:D300 X:0BA8 Y:0002 S:012B D:0E68 DB:86 nvMxdizC V:261 H:195 F:24

				849C0E 5A          PHY                    A:D300 X:0BA8 Y:0002 S:0128 D:0E68 DB:86 nvMxdizC V:261 H:208 F:24
				849C0F A4 20       LDY $20       [000E88] A:D300 X:0BA8 Y:0002 S:0126 D:0E68 DB:86 nvMxdizC V:261 H:215 F:24
				849C11 D0 03       BNE $0003     [849C16] A:D300 X:0BA8 Y:C58D S:0126 D:0E68 DB:86 NvMxdizC V:261 H:224 F:24
				849C16 BC 20 00    LDY $0020,X   [860BC8] A:D300 X:0BA8 Y:C58D S:0126 D:0E68 DB:86 NvMxdizC V:261 H:228 F:24
				849C19 D0 03       BNE $0003     [849C1E] A:D300 X:0BA8 Y:A552 S:0126 D:0E68 DB:86 NvMxdizC V:261 H:238 F:24
				849C1E C2 20       REP #$20               A:D300 X:0BA8 Y:A552 S:0126 D:0E68 DB:86 NvMxdizC V:261 H:243 F:24
				849C20 DA          PHX                    A:D300 X:0BA8 Y:A552 S:0126 D:0E68 DB:86 NvmxdizC V:261 H:247 F:24
				849C21 BD 05 00    LDA $0005,X   [860BAD] A:D300 X:0BA8 Y:A552 S:0124 D:0E68 DB:86 NvmxdizC V:261 H:254 F:24
				849C24 8D 04 00    STA $0004     [860004] A:077D X:0BA8 Y:A552 S:0124 D:0E68 DB:86 nvmxdizC V:261 H:264 F:24
				849C27 BD 08 00    LDA $0008,X   [860BB0] A:077D X:0BA8 Y:A552 S:0124 D:0E68 DB:86 nvmxdizC V:261 H:273 F:24
				849C2A 8D 06 00    STA $0006     [860006] A:00AF X:0BA8 Y:A552 S:0124 D:0E68 DB:86 nvmxdizC V:261 H:283 F:24
				849C2D A5 05       LDA $05       [000E6D] A:00AF X:0BA8 Y:A552 S:0124 D:0E68 DB:86 nvmxdizC V:261 H:291 F:24
				849C2F 8D 0C 00    STA $000C     [86000C] A:07C0 X:0BA8 Y:A552 S:0124 D:0E68 DB:86 nvmxdizC V:261 H:300 F:24
				849C32 A5 08       LDA $08       [000E70] A:07C0 X:0BA8 Y:A552 S:0124 D:0E68 DB:86 nvmxdizC V:261 H:308 F:24
				849C34 8D 0E 00    STA $000E     [86000E] A:00A8 X:0BA8 Y:A552 S:0124 D:0E68 DB:86 nvmxdizC V:261 H:317 F:24
				849C37 E2 20       SEP #$20               A:00A8 X:0BA8 Y:A552 S:0124 D:0E68 DB:86 nvmxdizC V:261 H:325 F:24
				849C39 BD 11 00    LDA $0011,X   [860BB9] A:00A8 X:0BA8 Y:A552 S:0124 D:0E68 DB:86 nvMxdizC V:261 H:329 F:24
				849C3C 8D 08 00    STA $0008     [860008] A:0022 X:0BA8 Y:A552 S:0124 D:0E68 DB:86 nvMxdizC V:261 H:337 F:24
				849C3F A5 11       LDA $11       [000E79] A:0022 X:0BA8 Y:A552 S:0124 D:0E68 DB:86 nvMxdizC V:  0 H:  3 F:25
				849C41 8D 09 00    STA $0009     [860009] A:0029 X:0BA8 Y:A552 S:0124 D:0E68 DB:86 nvMxdizC V:  0 H: 10 F:25
				849C44 BC 20 00    LDY $0020,X   [860BC8] A:0029 X:0BA8 Y:A552 S:0124 D:0E68 DB:86 nvMxdizC V:  0 H: 16 F:25
				849C47 A6 20       LDX $20       [000E88] A:0029 X:0BA8 Y:A552 S:0124 D:0E68 DB:86 NvMxdizC V:  0 H: 26 F:25
				849C49 0B          PHD                    A:0029 X:C58D Y:A552 S:0124 D:0E68 DB:86 NvMxdizC V:  0 H: 35 F:25
				849C4A F4 00 00    PEA $0000              A:0029 X:C58D Y:A552 S:0122 D:0E68 DB:86 NvMxdizC V:  0 H: 42 F:25
				849C4D 2B          PLD                    A:0029 X:C58D Y:A552 S:0120 D:0E68 DB:86 NvMxdizC V:  0 H: 50 F:25
				849C4E BD 02 00    LDA $0002,X   [86C58F] A:0029 X:C58D Y:A552 S:0122 D:0000 DB:86 nvMxdiZC V:  0 H: 59 F:25
				849C51 18          CLC                    A:000A X:C58D Y:A552 S:0122 D:0000 DB:86 nvMxdizC V:  0 H: 66 F:25
				849C52 79 02 00    ADC $0002,Y   [86A554] A:000A X:C58D Y:A552 S:0122 D:0000 DB:86 nvMxdizc V:  0 H: 69 F:25
				849C55 85 00       STA $00       [000000] A:0010 X:C58D Y:A552 S:0122 D:0000 DB:86 nvMxdizc V:  0 H: 77 F:25
				849C57 64 01       STZ $01       [000001] A:0010 X:C58D Y:A552 S:0122 D:0000 DB:86 nvMxdizc V:  0 H: 82 F:25
				849C59 BD 03 00    LDA $0003,X   [86C590] A:0010 X:C58D Y:A552 S:0122 D:0000 DB:86 nvMxdizc V:  0 H: 87 F:25
				849C5C 18          CLC                    A:0012 X:C58D Y:A552 S:0122 D:0000 DB:86 nvMxdizc V:  0 H: 94 F:25
				849C5D 79 03 00    ADC $0003,Y   [86A555] A:0012 X:C58D Y:A552 S:0122 D:0000 DB:86 nvMxdizc V:  0 H: 97 F:25
				849C60 85 02       STA $02       [000002] A:0020 X:C58D Y:A552 S:0122 D:0000 DB:86 nvMxdizc V:  0 H:105 F:25
				849C62 64 03       STZ $03       [000003] A:0020 X:C58D Y:A552 S:0122 D:0000 DB:86 nvMxdizc V:  0 H:110 F:25
				849C64 C2 21       REP #$21               A:0020 X:C58D Y:A552 S:0122 D:0000 DB:86 nvMxdizc V:  0 H:115 F:25
				849C66 B9 00 00    LDA $0000,Y   [86A552] A:0020 X:C58D Y:A552 S:0122 D:0000 DB:86 nvmxdizc V:  0 H:119 F:25
				849C69 29 FF 00    AND #$00FF             A:FF00 X:C58D Y:A552 S:0122 D:0000 DB:86 Nvmxdizc V:  0 H:128 F:25
				849C6C 89 80 00    BIT #$0080             A:0000 X:C58D Y:A552 S:0122 D:0000 DB:86 nvmxdiZc V:  0 H:133 F:25
				849C6F F0 03       BEQ $0003     [849C74] A:0000 X:C58D Y:A552 S:0122 D:0000 DB:86 nvmxdiZc V:  0 H:147 F:25
				849C74 24 07       BIT $07       [000007] A:0000 X:C58D Y:A552 S:0122 D:0000 DB:86 nvmxdiZc V:  0 H:152 F:25
				849C76 50 04       BVC $0004     [849C7C] A:0000 X:C58D Y:A552 S:0122 D:0000 DB:86 nvmxdiZc V:  0 H:159 F:25
				849C7C 85 0A       STA $0A       [00000A] A:0000 X:C58D Y:A552 S:0122 D:0000 DB:86 nvmxdiZc V:  0 H:163 F:25
				849C7E 64 10       STZ $10       [000010] A:0000 X:C58D Y:A552 S:0122 D:0000 DB:86 nvmxdiZc V:  0 H:170 F:25
				849C80 BD 00 00    LDA $0000,X   [86C58D] A:0000 X:C58D Y:A552 S:0122 D:0000 DB:86 nvmxdiZc V:  0 H:177 F:25
				849C83 29 FF 00    AND #$00FF             A:0400 X:C58D Y:A552 S:0122 D:0000 DB:86 nvmxdizc V:  0 H:186 F:25
				849C86 89 80 00    BIT #$0080             A:0000 X:C58D Y:A552 S:0122 D:0000 DB:86 nvmxdiZc V:  0 H:191 F:25
				849C89 F0 03       BEQ $0003     [849C8E] A:0000 X:C58D Y:A552 S:0122 D:0000 DB:86 nvmxdiZc V:  0 H:195 F:25
				849C8E 24 08       BIT $08       [000008] A:0000 X:C58D Y:A552 S:0122 D:0000 DB:86 nvmxdiZc V:  0 H:200 F:25
				849C90 50 04       BVC $0004     [849C96] A:0000 X:C58D Y:A552 S:0122 D:0000 DB:86 nvmxdiZc V:  0 H:207 F:25
				849C96 65 0C       ADC $0C       [00000C] A:0000 X:C58D Y:A552 S:0122 D:0000 DB:86 nvmxdiZc V:  0 H:211 F:25
				849C98 38          SEC                    A:07C0 X:C58D Y:A552 S:0122 D:0000 DB:86 nvmxdizc V:  0 H:218 F:25
				849C99 E5 04       SBC $04       [000004] A:07C0 X:C58D Y:A552 S:0122 D:0000 DB:86 nvmxdizC V:  0 H:221 F:25
				849C9B 38          SEC                    A:0043 X:C58D Y:A552 S:0122 D:0000 DB:86 nvmxdizC V:  0 H:228 F:25
				849C9C E5 0A       SBC $0A       [00000A] A:0043 X:C58D Y:A552 S:0122 D:0000 DB:86 nvmxdizC V:  0 H:231 F:25
				849C9E 10 06       BPL $0006     [849CA6] A:0043 X:C58D Y:A552 S:0122 D:0000 DB:86 nvmxdizC V:  0 H:238 F:25
				849CA6 85 04       STA $04       [000004] A:0043 X:C58D Y:A552 S:0122 D:0000 DB:86 nvmxdizC V:  0 H:243 F:25
				849CA8 A5 00       LDA $00       [000000] A:0043 X:C58D Y:A552 S:0122 D:0000 DB:86 nvmxdizC V:  0 H:250 F:25
				849CAA 38          SEC                    A:0010 X:C58D Y:A552 S:0122 D:0000 DB:86 nvmxdizC V:  0 H:257 F:25
				849CAB E5 04       SBC $04       [000004] A:0010 X:C58D Y:A552 S:0122 D:0000 DB:86 nvmxdizC V:  0 H:260 F:25
				849CAD 1A          INC                    A:FFCD X:C58D Y:A552 S:0122 D:0000 DB:86 Nvmxdizc V:  0 H:267 F:25
				849CAE 85 04       STA $04       [000004] A:FFCE X:C58D Y:A552 S:0122 D:0000 DB:86 Nvmxdizc V:  0 H:270 F:25
				849CB0 24 0F       BIT $0F       [00000F] A:FFCE X:C58D Y:A552 S:0122 D:0000 DB:86 Nvmxdizc V:  0 H:277 F:25
				849CB2 30 04       BMI $0004     [849CB8] A:FFCE X:C58D Y:A552 S:0122 D:0000 DB:86 nvmxdiZc V:  0 H:284 F:25
				849CB4 49 FF FF    EOR #$FFFF             A:FFCE X:C58D Y:A552 S:0122 D:0000 DB:86 nvmxdiZc V:  0 H:287 F:25
				849CB7 1A          INC                    A:0031 X:C58D Y:A552 S:0122 D:0000 DB:86 nvmxdizc V:  0 H:291 F:25
				849CB8 85 00       STA $00       [000000] A:0032 X:C58D Y:A552 S:0122 D:0000 DB:86 nvmxdizc V:  0 H:294 F:25
				849CBA 90 45       BCC $0045     [849D01] A:0032 X:C58D Y:A552 S:0122 D:0000 DB:86 nvmxdizc V:  0 H:301 F:25
				849D01 E2 20       SEP #$20               A:0032 X:C58D Y:A552 S:0122 D:0000 DB:86 nvmxdizc V:  0 H:306 F:25
				849D03 2B          PLD                    A:0032 X:C58D Y:A552 S:0122 D:0000 DB:86 nvMxdizc V:  0 H:310 F:25
				849D04 FA          PLX                    A:0032 X:C58D Y:A552 S:0124 D:0E68 DB:86 nvMxdizc V:  0 H:319 F:25
				849D05 7A          PLY                    A:0032 X:0BA8 Y:A552 S:0126 D:0E68 DB:86 nvMxdizc V:  0 H:327 F:25
				849D06 6B          RTL                    A:0032 X:0BA8 Y:0002 S:0128 D:0E68 DB:86 nvMxdizc V:  0 H:335 F:25

			849B23 90 19       BCC $0019     [849B3E] A:0032 X:0BA8 Y:0002 S:012B D:0E68 DB:86 nvMxdizc V:  1 H:  5 F:25
			849B3E E2 10       SEP #$10               A:0032 X:0BA8 Y:0002 S:012B D:0E68 DB:86 nvMxdizc V:  1 H: 10 F:25
			849B40 A9 00       LDA #$00               A:0032 X:00A8 Y:0002 S:012B D:0E68 DB:86 nvMXdizc V:  1 H: 14 F:25
			849B42 6B          RTL                    A:0000 X:00A8 Y:0002 S:012B D:0E68 DB:86 nvMXdiZc V:  1 H: 17 F:25

		878CD5 AD CF 0B    LDA $0BCF     [860BCF] A:0000 X:00A8 Y:0002 S:012E D:0E68 DB:86 nvMXdiZc V:  1 H: 28 F:25
		878CD8 29 7F       AND #$7F               A:0020 X:00A8 Y:0002 S:012E D:0E68 DB:86 nvMXdizc V:  1 H: 34 F:25
		878CDA D0 04       BNE $0004     [878CE0] A:0020 X:00A8 Y:0002 S:012E D:0E68 DB:86 nvMXdizc V:  1 H: 37 F:25
		878CE0 20 70 91    JSR $9170     [879170] A:0020 X:00A8 Y:0002 S:012E D:0E68 DB:86 nvMXdizc V:  1 H: 42 F:25

			879170 A5 3C       LDA $3C       [000EA4] A:0020 X:00A8 Y:0002 S:012C D:0E68 DB:86 nvMXdizc V:  1 H: 52 F:25
			879172 10 32       BPL $0032     [8791A6] A:0000 X:00A8 Y:0002 S:012C D:0E68 DB:86 nvMXdiZc V:  1 H: 58 F:25
			8791A6 60          RTS                    A:0000 X:00A8 Y:0002 S:012C D:0E68 DB:86 nvMXdiZc V:  1 H: 63 F:25

		878CE3 A5 39       LDA $39       [000EA1] A:0000 X:00A8 Y:0002 S:012E D:0E68 DB:86 nvMXdiZc V:  1 H: 73 F:25
		878CE5 F0 07       BEQ $0007     [878CEE] A:0000 X:00A8 Y:0002 S:012E D:0E68 DB:86 nvMXdiZc V:  1 H: 79 F:25
		878CEE 5C B4 80 82 JML $8280B4   [8280B4] A:0000 X:00A8 Y:0002 S:012E D:0E68 DB:86 nvMXdiZc V:  1 H: 84 F:25

		8280B4 C2 20       REP #$20               A:0000 X:00A8 Y:0002 S:012E D:0E68 DB:86 nvMXdiZc V:  1 H: 90 F:25
		8280B6 38          SEC                    A:0000 X:00A8 Y:0002 S:012E D:0E68 DB:86 nvmXdiZc V:  1 H: 94 F:25
		8280B7 A5 05       LDA $05       [000E6D] A:0000 X:00A8 Y:0002 S:012E D:0E68 DB:86 nvmXdiZC V:  1 H: 97 F:25
		8280B9 ED 4D 1E    SBC $1E4D     [861E4D] A:07C0 X:00A8 Y:0002 S:012E D:0E68 DB:86 nvmXdizC V:  1 H:106 F:25
		8280BC 18          CLC                    A:00C0 X:00A8 Y:0002 S:012E D:0E68 DB:86 nvmXdizC V:  1 H:114 F:25
		8280BD 69 20 00    ADC #$0020             A:00C0 X:00A8 Y:0002 S:012E D:0E68 DB:86 nvmXdizc V:  1 H:117 F:25
		8280C0 C9 40 01    CMP #$0140             A:00E0 X:00A8 Y:0002 S:012E D:0E68 DB:86 nvmXdizc V:  1 H:122 F:25
		8280C3 B0 0F       BCS $000F     [8280D4] A:00E0 X:00A8 Y:0002 S:012E D:0E68 DB:86 NvmXdizc V:  1 H:126 F:25
		8280C5 38          SEC                    A:00E0 X:00A8 Y:0002 S:012E D:0E68 DB:86 NvmXdizc V:  1 H:129 F:25
		8280C6 A5 08       LDA $08       [000E70] A:00E0 X:00A8 Y:0002 S:012E D:0E68 DB:86 NvmXdizC V:  1 H:132 F:25
		8280C8 ED 50 1E    SBC $1E50     [861E50] A:00A8 X:00A8 Y:0002 S:012E D:0E68 DB:86 nvmXdizC V:  1 H:151 F:25
		8280CB 18          CLC                    A:00A8 X:00A8 Y:0002 S:012E D:0E68 DB:86 nvmXdizC V:  1 H:159 F:25
		8280CC 69 10 00    ADC #$0010             A:00A8 X:00A8 Y:0002 S:012E D:0E68 DB:86 nvmXdizc V:  1 H:162 F:25
		8280CF C9 00 01    CMP #$0100             A:00B8 X:00A8 Y:0002 S:012E D:0E68 DB:86 nvmXdizc V:  1 H:167 F:25
		8280D2 90 05       BCC $0005     [8280D9] A:00B8 X:00A8 Y:0002 S:012E D:0E68 DB:86 NvmXdizc V:  1 H:171 F:25
		8280D9 E2 20       SEP #$20               A:00B8 X:00A8 Y:0002 S:012E D:0E68 DB:86 NvmXdizc V:  1 H:176 F:25
		8280DB A9 81       LDA #$81               A:00B8 X:00A8 Y:0002 S:012E D:0E68 DB:86 NvMXdizc V:  1 H:180 F:25
		8280DD 85 0E       STA $0E       [000E76] A:0081 X:00A8 Y:0002 S:012E D:0E68 DB:86 NvMXdizc V:  1 H:183 F:25
		8280DF E2 30       SEP #$30               A:0081 X:00A8 Y:0002 S:012E D:0E68 DB:86 NvMXdizc V:  1 H:190 F:25
		8280E1 A6 12       LDX $12       [000E7A] A:0081 X:00A8 Y:0002 S:012E D:0E68 DB:86 NvMXdizc V:  1 H:194 F:25
		8280E3 10 02       BPL $0002     [8280E7] A:0081 X:0002 Y:0002 S:012E D:0E68 DB:86 nvMXdizc V:  1 H:201 F:25
		8280E7 7C EA 80    JMP ($80EA,X) [8280EC] A:0081 X:0002 Y:0002 S:012E D:0E68 DB:86 nvMXdizc V:  1 H:205 F:25

		828120 AD E9 00    LDA $00E9     [8600E9] A:0081 X:0002 Y:0002 S:012E D:0E68 DB:86 nvMXdizc V:  1 H:214 F:25
		828123 C9 20       CMP #$20               A:0000 X:0002 Y:0002 S:012E D:0E68 DB:86 nvMXdiZc V:  1 H:221 F:25
		828125 B0 0D       BCS $000D     [828134] A:0000 X:0002 Y:0002 S:012E D:0E68 DB:86 NvMXdizc V:  1 H:224 F:25
		828127 0A          ASL A                  A:0000 X:0002 Y:0002 S:012E D:0E68 DB:86 NvMXdizc V:  1 H:227 F:25
		828128 AA          TAX                    A:0000 X:0002 Y:0002 S:012E D:0E68 DB:86 nvMXdiZc V:  1 H:230 F:25
		828129 C2 20       REP #$20               A:0000 X:0000 Y:0002 S:012E D:0E68 DB:86 nvMXdiZc V:  1 H:233 F:25
		82812B 7B          TDC                    A:0000 X:0000 Y:0002 S:012E D:0E68 DB:86 nvmXdiZc V:  1 H:237 F:25
		82812C 9D A0 09    STA $09A0,X   [8609A0] A:0E68 X:0000 Y:0002 S:012E D:0E68 DB:86 nvmXdizc V:  1 H:240 F:25
		82812F E2 20       SEP #$20               A:0E68 X:0000 Y:0002 S:012E D:0E68 DB:86 nvmXdizc V:  1 H:250 F:25
		828131 EE E9 00    INC $00E9     [8600E9] A:0E68 X:0000 Y:0002 S:012E D:0E68 DB:86 nvMXdizc V:  1 H:255 F:25
		828134 6B          RTL                    A:0E68 X:0000 Y:0002 S:012E D:0E68 DB:86 nvMXdizc V:  1 H:265 F:25

	80F9CE 60          RTS                    A:0E68 X:0000 Y:0002 S:0131 D:0E68 DB:86 nvMXdizc V:  1 H:275 F:25

80D4F9 C2 21       REP #$21               A:0E68 X:0000 Y:0002 S:0133 D:0E68 DB:86 nvMXdizc V:  1 H:285 F:25
