80D4F6 20 30 D5    JSR $D530     [80D530] A:0E01 X:0000 Y:00BC S:0133 D:0E68 DB:86 nvMXdizC V:255 H: 32 F:49

	80D530 C2 20       REP #$20               A:0E01 X:0000 Y:00BC S:0131 D:0E68 DB:86 nvMXdizC V:255 H: 42 F:49
	80D532 A5 05       LDA $05       [000E6D] A:0E01 X:0000 Y:00BC S:0131 D:0E68 DB:86 nvmXdizC V:255 H: 47 F:49
	80D534 85 22       STA $22       [000E8A] A:1D44 X:0000 Y:00BC S:0131 D:0E68 DB:86 nvmXdizC V:255 H: 55 F:49
	80D536 A5 08       LDA $08       [000E70] A:1D44 X:0000 Y:00BC S:0131 D:0E68 DB:86 nvmXdizC V:255 H: 64 F:49
	80D538 85 24       STA $24       [000E8C] A:03A2 X:0000 Y:00BC S:0131 D:0E68 DB:86 nvmXdizC V:255 H: 72 F:49
	80D53A E2 20       SEP #$20               A:03A2 X:0000 Y:00BC S:0131 D:0E68 DB:86 nvmXdizC V:255 H: 81 F:49
	80D53C A9 80       LDA #$80               A:03A2 X:0000 Y:00BC S:0131 D:0E68 DB:86 nvMXdizC V:255 H: 85 F:49
	80D53E 14 0E       TRB $0E       [000E76] A:0380 X:0000 Y:00BC S:0131 D:0E68 DB:86 NvMXdizC V:255 H: 88 F:49
	80D540 A5 0A       LDA $0A       [000E72] A:0380 X:0000 Y:00BC S:0131 D:0E68 DB:86 NvMXdizC V:255 H: 98 F:49
	80D542 0A          ASL A                  A:0331 X:0000 Y:00BC S:0131 D:0E68 DB:86 nvMXdizC V:255 H:105 F:49
	80D543 AA          TAX                    A:0362 X:0000 Y:00BC S:0131 D:0E68 DB:86 nvMXdizc V:255 H:108 F:49
	80D544 7C DD F8    JMP ($F8DD,X) [80F93F] A:0362 X:0062 Y:00BC S:0131 D:0E68 DB:86 nvMXdizc V:255 H:111 F:49

	80FAA6 22 E1 9B 88 JSL $889BE1   [889BE1] A:0362 X:0062 Y:00BC S:0131 D:0E68 DB:86 nvMXdizc V:255 H:120 F:49

		889BE1 A6 01       LDX $01       [000E69] A:0362 X:0062 Y:00BC S:012E D:0E68 DB:86 nvMXdizc V:255 H:133 F:49
		889BE3 7C E6 9B    JMP ($9BE6,X) [889BEA] A:0362 X:0004 Y:00BC S:012E D:0E68 DB:86 nvMXdizc V:255 H:150 F:49

		889D6E A9 0E       LDA #$0E               A:0362 X:0004 Y:00BC S:012E D:0E68 DB:86 nvMXdizc V:255 H:159 F:49
		889D70 14 11       TRB $11       [000E79] A:030E X:0004 Y:00BC S:012E D:0E68 DB:86 nvMXdizc V:255 H:162 F:49
		889D72 A5 33       LDA $33       [000E9B] A:030E X:0004 Y:00BC S:012E D:0E68 DB:86 nvMXdizc V:255 H:172 F:49
		889D74 04 11       TSB $11       [000E79] A:0308 X:0004 Y:00BC S:012E D:0E68 DB:86 nvMXdizc V:255 H:178 F:49
		889D76 A6 02       LDX $02       [000E6A] A:0308 X:0004 Y:00BC S:012E D:0E68 DB:86 nvMXdiZc V:255 H:188 F:49
		889D78 FC 2C 9E    JSR ($9E2C,X) [889E2E] A:0308 X:0002 Y:00BC S:012E D:0E68 DB:86 nvMXdizc V:255 H:195 F:49

			889F24 A6 03       LDX $03       [000E6B] A:0308 X:0002 Y:00BC S:012C D:0E68 DB:86 nvMXdizc V:255 H:208 F:49
			889F26 7C 29 9F    JMP ($9F29,X) [889F35] A:0308 X:000C Y:00BC S:012C D:0E68 DB:86 nvMXdizc V:255 H:214 F:49

			88A049 22 A5 AC 84 JSL $84ACA5   [84ACA5] A:0308 X:000C Y:00BC S:012C D:0E68 DB:86 nvMXdizc V:255 H:223 F:49		JSL $84ACA5 --> Update Facing (40 bit)

				84ACA5 08          PHP                    A:0308 X:000C Y:00BC S:0129 D:0E68 DB:86 nvMXdizc V:255 H:237 F:49
				84ACA6 E2 20       SEP #$20               A:0308 X:000C Y:00BC S:0128 D:0E68 DB:86 nvMXdizc V:255 H:242 F:49
				84ACA8 A9 40       LDA #$40               A:0308 X:000C Y:00BC S:0128 D:0E68 DB:86 nvMXdizc V:255 H:246 F:49
				84ACAA 14 11       TRB $11       [000E79] A:0340 X:000C Y:00BC S:0128 D:0E68 DB:86 nvMXdizc V:255 H:249 F:49
				84ACAC C2 20       REP #$20               A:0340 X:000C Y:00BC S:0128 D:0E68 DB:86 nvMXdiZc V:255 H:259 F:49
				84ACAE AD AD 0B    LDA $0BAD     [860BAD] A:0340 X:000C Y:00BC S:0128 D:0E68 DB:86 nvmXdiZc V:255 H:264 F:49
				84ACB1 38          SEC                    A:1D62 X:000C Y:00BC S:0128 D:0E68 DB:86 nvmXdizc V:255 H:272 F:49
				84ACB2 E5 05       SBC $05       [000E6D] A:1D62 X:000C Y:00BC S:0128 D:0E68 DB:86 nvmXdizC V:255 H:275 F:49
				84ACB4 E2 20       SEP #$20               A:001E X:000C Y:00BC S:0128 D:0E68 DB:86 nvmXdizC V:255 H:284 F:49
				84ACB6 A9 00       LDA #$00               A:001E X:000C Y:00BC S:0128 D:0E68 DB:86 nvMXdizC V:255 H:288 F:49
				84ACB8 6A          ROR A                  A:0000 X:000C Y:00BC S:0128 D:0E68 DB:86 nvMXdiZC V:255 H:291 F:49
				84ACB9 4A          LSR A                  A:0080 X:000C Y:00BC S:0128 D:0E68 DB:86 NvMXdizc V:255 H:294 F:49
				84ACBA 04 11       TSB $11       [000E79] A:0040 X:000C Y:00BC S:0128 D:0E68 DB:86 nvMXdizc V:255 H:297 F:49
				84ACBC 28          PLP                    A:0040 X:000C Y:00BC S:0128 D:0E68 DB:86 nvMXdiZc V:255 H:307 F:49
				84ACBD 6B          RTL                    A:0040 X:000C Y:00BC S:0129 D:0E68 DB:86 nvMXdizc V:255 H:314 F:49

			88A04D 22 EA 8E 84 JSL $848EEA   [848EEA] A:0040 X:000C Y:00BC S:012C D:0E68 DB:86 nvMXdizc V:255 H:324 F:49		JSL $848EEA --> Decrease Countdown Routine

				848EEA 08          PHP                    A:0040 X:000C Y:00BC S:0129 D:0E68 DB:86 nvMXdizc V:255 H:337 F:49
				848EEB 8B          PHB                    A:0040 X:000C Y:00BC S:0128 D:0E68 DB:86 nvMXdizc V:256 H:  2 F:49
				848EEC E2 30       SEP #$30               A:0040 X:000C Y:00BC S:0127 D:0E68 DB:86 nvMXdizc V:256 H:  7 F:49
				848EEE C6 13       DEC $13       [000E7B] A:0040 X:000C Y:00BC S:0127 D:0E68 DB:86 nvMXdizc V:256 H: 11 F:49
				848EF0 D0 5D       BNE $005D     [848F4F] A:0040 X:000C Y:00BC S:0127 D:0E68 DB:86 nvMXdizc V:256 H: 21 F:49
				848F4F AB          PLB                    A:0040 X:000C Y:00BC S:0127 D:0E68 DB:86 nvMXdizc V:256 H: 26 F:49
				848F50 28          PLP                    A:0040 X:000C Y:00BC S:0128 D:0E68 DB:86 NvMXdizc V:256 H: 32 F:49
				848F51 6B          RTL                    A:0040 X:000C Y:00BC S:0129 D:0E68 DB:86 nvMXdizc V:256 H: 39 F:49

			88A051 C6 34       DEC $34       [000E9C] A:0040 X:000C Y:00BC S:012C D:0E68 DB:86 nvMXdizc V:256 H: 49 F:49		Decrease Countdown2
			88A053 D0 03       BNE $0003     [88A058] A:0040 X:000C Y:00BC S:012C D:0E68 DB:86 nvMXdizc V:256 H: 59 F:49		Branch because Countdown2 <> #$00
			88A058 60          RTS                    A:0040 X:000C Y:00BC S:012C D:0E68 DB:86 nvMXdizc V:256 H: 64 F:49

		889D7B AD CF 0B    LDA $0BCF     [860BCF] A:0040 X:000C Y:00BC S:012E D:0E68 DB:86 nvMXdizc V:256 H: 74 F:49
