80D4F6 20 30 D5    JSR $D530     [80D530] A:0E01 X:0000 Y:00BB S:0133 D:0E68 DB:86 nvMXdizC V:247 H:172 F: 9

	80D530 C2 20       REP #$20               A:0E01 X:0000 Y:00BB S:0131 D:0E68 DB:86 nvMXdizC V:247 H:182 F: 9
	80D532 A5 05       LDA $05       [000E6D] A:0E01 X:0000 Y:00BB S:0131 D:0E68 DB:86 nvmXdizC V:247 H:187 F: 9
	80D534 85 22       STA $22       [000E8A] A:1D60 X:0000 Y:00BB S:0131 D:0E68 DB:86 nvmXdizC V:247 H:195 F: 9
	80D536 A5 08       LDA $08       [000E70] A:1D60 X:0000 Y:00BB S:0131 D:0E68 DB:86 nvmXdizC V:247 H:204 F: 9
	80D538 85 24       STA $24       [000E8C] A:034A X:0000 Y:00BB S:0131 D:0E68 DB:86 nvmXdizC V:247 H:212 F: 9
	80D53A E2 20       SEP #$20               A:034A X:0000 Y:00BB S:0131 D:0E68 DB:86 nvmXdizC V:247 H:221 F: 9
	80D53C A9 80       LDA #$80               A:034A X:0000 Y:00BB S:0131 D:0E68 DB:86 nvMXdizC V:247 H:225 F: 9
	80D53E 14 0E       TRB $0E       [000E76] A:0380 X:0000 Y:00BB S:0131 D:0E68 DB:86 NvMXdizC V:247 H:228 F: 9
	80D540 A5 0A       LDA $0A       [000E72] A:0380 X:0000 Y:00BB S:0131 D:0E68 DB:86 NvMXdizC V:247 H:238 F: 9
	80D542 0A          ASL A                  A:0331 X:0000 Y:00BB S:0131 D:0E68 DB:86 nvMXdizC V:247 H:245 F: 9
	80D543 AA          TAX                    A:0362 X:0000 Y:00BB S:0131 D:0E68 DB:86 nvMXdizc V:247 H:248 F: 9
	80D544 7C DD F8    JMP ($F8DD,X) [80F93F] A:0362 X:0062 Y:00BB S:0131 D:0E68 DB:86 nvMXdizc V:247 H:251 F: 9

	80FAA6 22 E1 9B 88 JSL $889BE1   [889BE1] A:0362 X:0062 Y:00BB S:0131 D:0E68 DB:86 nvMXdizc V:247 H:260 F: 9

		889BE1 A6 01       LDX $01       [000E69] A:0362 X:0062 Y:00BB S:012E D:0E68 DB:86 nvMXdizc V:247 H:273 F: 9
		889BE3 7C E6 9B    JMP ($9BE6,X) [889BEA] A:0362 X:0004 Y:00BB S:012E D:0E68 DB:86 nvMXdizc V:247 H:280 F: 9

		889D6E A9 0E       LDA #$0E               A:0362 X:0004 Y:00BB S:012E D:0E68 DB:86 nvMXdizc V:247 H:289 F: 9
		889D70 14 11       TRB $11       [000E79] A:030E X:0004 Y:00BB S:012E D:0E68 DB:86 nvMXdizc V:247 H:292 F: 9
		889D72 A5 33       LDA $33       [000E9B] A:030E X:0004 Y:00BB S:012E D:0E68 DB:86 nvMXdizc V:247 H:302 F: 9
		889D74 04 11       TSB $11       [000E79] A:0308 X:0004 Y:00BB S:012E D:0E68 DB:86 nvMXdizc V:247 H:308 F: 9
		889D76 A6 02       LDX $02       [000E6A] A:0308 X:0004 Y:00BB S:012E D:0E68 DB:86 nvMXdiZc V:247 H:318 F: 9
		889D78 FC 2C 9E    JSR ($9E2C,X) [889E2E] A:0308 X:0002 Y:00BB S:012E D:0E68 DB:86 nvMXdizc V:247 H:324 F: 9

			889F24 A6 03       LDX $03       [000E6B] A:0308 X:0002 Y:00BB S:012C D:0E68 DB:86 nvMXdizc V:247 H:337 F: 9
			889F26 7C 29 9F    JMP ($9F29,X) [889F2F] A:0308 X:0006 Y:00BB S:012C D:0E68 DB:86 nvMXdizc V:248 H:  3 F: 9

			889F8D A5 0F       LDA $0F       [000E77] A:0308 X:0006 Y:00BB S:012C D:0E68 DB:86 nvMXdizc V:248 H: 12 F: 9
			889F8F 10 15       BPL $0015     [889FA6] A:0383 X:0006 Y:00BB S:012C D:0E68 DB:86 NvMXdizc V:248 H: 19 F: 9
			889F91 A5 11       LDA $11       [000E79] A:0383 X:0006 Y:00BB S:012C D:0E68 DB:86 NvMXdizc V:248 H: 22 F: 9
			889F93 0A          ASL A                  A:0329 X:0006 Y:00BB S:012C D:0E68 DB:86 nvMXdizc V:248 H: 28 F: 9
			889F94 0A          ASL A                  A:0352 X:0006 Y:00BB S:012C D:0E68 DB:86 nvMXdizc V:248 H: 31 F: 9
			889F95 C2 20       REP #$20               A:03A4 X:0006 Y:00BB S:012C D:0E68 DB:86 NvMXdizc V:248 H: 34 F: 9
			889F97 A9 1C 00    LDA #$001C             A:03A4 X:0006 Y:00BB S:012C D:0E68 DB:86 NvmXdizc V:248 H: 39 F: 9
			889F9A B0 03       BCS $0003     [889F9F] A:001C X:0006 Y:00BB S:012C D:0E68 DB:86 nvmXdizc V:248 H: 43 F: 9
			889F9C A9 E4 FF    LDA #$FFE4             A:001C X:0006 Y:00BB S:012C D:0E68 DB:86 nvmXdizc V:248 H: 46 F: 9
			889F9F 18          CLC                    A:FFE4 X:0006 Y:00BB S:012C D:0E68 DB:86 NvmXdizc V:248 H: 51 F: 9
			889FA0 65 05       ADC $05       [000E6D] A:FFE4 X:0006 Y:00BB S:012C D:0E68 DB:86 NvmXdizc V:248 H: 54 F: 9
			889FA2 85 05       STA $05       [000E6D] A:1D44 X:0006 Y:00BB S:012C D:0E68 DB:86 nvmXdizC V:248 H: 62 F: 9
			889FA4 E2 20       SEP #$20               A:1D44 X:0006 Y:00BB S:012C D:0E68 DB:86 nvmXdizC V:248 H: 71 F: 9
			889FA6 22 EA 8E 84 JSL $848EEA   [848EEA] A:1D44 X:0006 Y:00BB S:012C D:0E68 DB:86 nvMXdizC V:248 H: 75 F: 9		JSL $848EEA --> Decrease Countdown Routine

				848EEA 08          PHP                    A:1D44 X:0006 Y:00BB S:0129 D:0E68 DB:86 nvMXdizC V:248 H: 89 F: 9
				848EEB 8B          PHB                    A:1D44 X:0006 Y:00BB S:0128 D:0E68 DB:86 nvMXdizC V:248 H: 94 F: 9
				848EEC E2 30       SEP #$30               A:1D44 X:0006 Y:00BB S:0127 D:0E68 DB:86 nvMXdizC V:248 H: 99 F: 9
				848EEE C6 13       DEC $13       [000E7B] A:1D44 X:0006 Y:00BB S:0127 D:0E68 DB:86 nvMXdizC V:248 H:103 F: 9
				848EF0 D0 5D       BNE $005D     [848F4F] A:1D44 X:0006 Y:00BB S:0127 D:0E68 DB:86 nvMXdiZC V:248 H:113 F: 9
				848EF2 A9 AF       LDA #$AF               A:1D44 X:0006 Y:00BB S:0127 D:0E68 DB:86 nvMXdiZC V:248 H:116 F: 9
				848EF4 48          PHA                    A:1DAF X:0006 Y:00BB S:0127 D:0E68 DB:86 NvMXdizC V:248 H:119 F: 9
				848EF5 AB          PLB                    A:1DAF X:0006 Y:00BB S:0126 D:0E68 DB:86 NvMXdizC V:248 H:124 F: 9
				848EF6 C2 21       REP #$21               A:1DAF X:0006 Y:00BB S:0127 D:0E68 DB:AF NvMXdizC V:248 H:131 F: 9
				848EF8 A5 14       LDA $14       [000E7C] A:1DAF X:0006 Y:00BB S:0127 D:0E68 DB:AF NvmXdizc V:248 H:145 F: 9
				848EFA 69 03 00    ADC #$0003             A:DF7C X:0006 Y:00BB S:0127 D:0E68 DB:AF NvmXdizc V:248 H:154 F: 9
				848EFD A4 0F       LDY $0F       [000E77] A:DF7F X:0006 Y:00BB S:0127 D:0E68 DB:AF NvmXdizc V:248 H:158 F: 9
				848EFF 10 37       BPL $0037     [848F38] A:DF7F X:0006 Y:0083 S:0127 D:0E68 DB:AF NvmXdizc V:248 H:165 F: 9
				848F01 85 14       STA $14       [000E7C] A:DF7F X:0006 Y:0083 S:0127 D:0E68 DB:AF NvmXdizc V:248 H:168 F: 9
				848F03 72 14       ADC ($14)     [AFDF7F] A:DF7F X:0006 Y:0083 S:0127 D:0E68 DB:AF NvmXdizc V:248 H:176 F: 9
				848F05 80 31       BRA $0031     [848F38] A:DF70 X:0006 Y:0083 S:0127 D:0E68 DB:AF NvmXdizC V:248 H:188 F: 9
				848F38 85 14       STA $14       [000E7C] A:DF70 X:0006 Y:0083 S:0127 D:0E68 DB:AF NvmXdizC V:248 H:192 F: 9
				848F3A E2 30       SEP #$30               A:DF70 X:0006 Y:0083 S:0127 D:0E68 DB:AF NvmXdizC V:248 H:201 F: 9
				848F3C B2 14       LDA ($14)     [AFDF70] A:DF70 X:0006 Y:0083 S:0127 D:0E68 DB:AF NvMXdizC V:248 H:205 F: 9
				848F3E 85 13       STA $13       [000E7B] A:DF08 X:0006 Y:0083 S:0127 D:0E68 DB:AF nvMXdizC V:248 H:215 F: 9
				848F40 A0 01       LDY #$01               A:DF08 X:0006 Y:0083 S:0127 D:0E68 DB:AF nvMXdizC V:248 H:222 F: 9
				848F42 B1 14       LDA ($14),Y   [AFDF71] A:DF08 X:0006 Y:0001 S:0127 D:0E68 DB:AF nvMXdizC V:248 H:225 F: 9
				848F44 85 0F       STA $0F       [000E77] A:DF00 X:0006 Y:0001 S:0127 D:0E68 DB:AF nvMXdiZC V:248 H:235 F: 9
				848F46 C8          INY                    A:DF00 X:0006 Y:0001 S:0127 D:0E68 DB:AF nvMXdiZC V:248 H:241 F: 9
				848F47 B1 14       LDA ($14),Y   [AFDF72] A:DF00 X:0006 Y:0002 S:0127 D:0E68 DB:AF nvMXdizC V:248 H:244 F: 9
				848F49 85 17       STA $17       [000E7F] A:DF13 X:0006 Y:0002 S:0127 D:0E68 DB:AF nvMXdizC V:248 H:254 F: 9
				848F4B A9 80       LDA #$80               A:DF13 X:0006 Y:0002 S:0127 D:0E68 DB:AF nvMXdizC V:248 H:261 F: 9
				848F4D 04 17       TSB $17       [000E7F] A:DF80 X:0006 Y:0002 S:0127 D:0E68 DB:AF NvMXdizC V:248 H:264 F: 9
				848F4F AB          PLB                    A:DF80 X:0006 Y:0002 S:0127 D:0E68 DB:AF NvMXdiZC V:248 H:274 F: 9
				848F50 28          PLP                    A:DF80 X:0006 Y:0002 S:0128 D:0E68 DB:86 NvMXdizC V:248 H:280 F: 9
				848F51 6B          RTL                    A:DF80 X:0006 Y:0002 S:0129 D:0E68 DB:86 nvMXdizC V:248 H:287 F: 9

			889FAA A5 0F       LDA $0F       [000E77] A:DF80 X:0006 Y:0002 S:012C D:0E68 DB:86 nvMXdizC V:248 H:297 F: 9
			889FAC 29 0F       AND #$0F               A:DF00 X:0006 Y:0002 S:012C D:0E68 DB:86 nvMXdiZC V:248 H:304 F: 9
			889FAE 8D 00 00    STA $0000     [860000] A:DF00 X:0006 Y:0002 S:012C D:0E68 DB:86 nvMXdiZC V:248 H:307 F: 9
			889FB1 0A          ASL A                  A:DF00 X:0006 Y:0002 S:012C D:0E68 DB:86 nvMXdiZC V:248 H:313 F: 9
			889FB2 0A          ASL A                  A:DF00 X:0006 Y:0002 S:012C D:0E68 DB:86 nvMXdiZc V:248 H:316 F: 9
			889FB3 6D 00 00    ADC $0000     [860000] A:DF00 X:0006 Y:0002 S:012C D:0E68 DB:86 nvMXdiZc V:248 H:319 F: 9
			889FB6 C2 20       REP #$20               A:DF00 X:0006 Y:0002 S:012C D:0E68 DB:86 nvMXdiZc V:248 H:325 F: 9
			889FB8 29 FF 00    AND #$00FF             A:DF00 X:0006 Y:0002 S:012C D:0E68 DB:86 nvmXdiZc V:248 H:329 F: 9
			889FBB 18          CLC                    A:0000 X:0006 Y:0002 S:012C D:0E68 DB:86 nvmXdiZc V:248 H:334 F: 9
			889FBC 69 BD CF    ADC #$CFBD             A:0000 X:0006 Y:0002 S:012C D:0E68 DB:86 nvmXdiZc V:248 H:337 F: 9
			889FBF 85 20       STA $20       [000E88] A:CFBD X:0006 Y:0002 S:012C D:0E68 DB:86 NvmXdizc V:249 H:  1 F: 9
			889FC1 A5 10       LDA $10       [000E78] A:CFBD X:0006 Y:0002 S:012C D:0E68 DB:86 NvmXdizc V:249 H: 10 F: 9
			889FC3 0A          ASL A                  A:2900 X:0006 Y:0002 S:012C D:0E68 DB:86 nvmXdizc V:249 H: 18 F: 9
			889FC4 0A          ASL A                  A:5200 X:0006 Y:0002 S:012C D:0E68 DB:86 nvmXdizc V:249 H: 21 F: 9
			889FC5 B0 04       BCS $0004     [889FCB] A:A400 X:0006 Y:0002 S:012C D:0E68 DB:86 NvmXdizc V:249 H: 24 F: 9
			889FC7 E6 22       INC $22       [000E8A] A:A400 X:0006 Y:0002 S:012C D:0E68 DB:86 NvmXdizc V:249 H: 27 F: 9
			889FC9 80 02       BRA $0002     [889FCD] A:A400 X:0006 Y:0002 S:012C D:0E68 DB:86 nvmXdizc V:249 H: 41 F: 9
			889FCD E2 20       SEP #$20               A:A400 X:0006 Y:0002 S:012C D:0E68 DB:86 nvmXdizc V:249 H: 46 F: 9
			889FCF 22 BE 91 84 JSL $8491BE   [8491BE] A:A400 X:0006 Y:0002 S:012C D:0E68 DB:86 nvMXdizc V:249 H: 50 F: 9		JSL $8491BE --> Check for colissions and adjust position

				8491BE 08          PHP                    A:A400 X:0006 Y:0002 S:0129 D:0E68 DB:86 nvMXdizc V:249 H: 64 F: 9
				8491BF 0B          PHD                    A:A400 X:0006 Y:0002 S:0128 D:0E68 DB:86 nvMXdizc V:249 H: 69 F: 9
				8491C0 C2 30       REP #$30               A:A400 X:0006 Y:0002 S:0126 D:0E68 DB:86 nvMXdizc V:249 H: 76 F: 9
				8491C2 A5 20       LDA $20       [000E88] A:A400 X:0006 Y:0002 S:0126 D:0E68 DB:86 nvmxdizc V:249 H: 80 F: 9
				8491C4 F0 15       BEQ $0015     [8491DB] A:CFBD X:0006 Y:0002 S:0126 D:0E68 DB:86 Nvmxdizc V:249 H: 89 F: 9
				8491C6 7B          TDC                    A:CFBD X:0006 Y:0002 S:0126 D:0E68 DB:86 Nvmxdizc V:249 H: 92 F: 9
				8491C7 AA          TAX                    A:0E68 X:0006 Y:0002 S:0126 D:0E68 DB:86 nvmxdizc V:249 H: 95 F: 9
				8491C8 A9 00 00    LDA #$0000             A:0E68 X:0E68 Y:0002 S:0126 D:0E68 DB:86 nvmxdizc V:249 H: 98 F: 9
				8491CB 5B          TCD                    A:0000 X:0E68 Y:0002 S:0126 D:0E68 DB:86 nvmxdiZc V:249 H:102 F: 9
				8491CC 64 14       STZ $14       [000014] A:0000 X:0E68 Y:0002 S:0126 D:0000 DB:86 nvmxdiZc V:249 H:105 F: 9
				8491CE B5 2B       LDA $2B,X     [000E93] A:0000 X:0E68 Y:0002 S:0126 D:0000 DB:86 nvmxdiZc V:249 H:112 F: 9
				8491D0 29 00 FF    AND #$FF00             A:0000 X:0E68 Y:0002 S:0126 D:0000 DB:86 nvmxdiZc V:249 H:121 F: 9
				8491D3 95 2B       STA $2B,X     [000E93] A:0000 X:0E68 Y:0002 S:0126 D:0000 DB:86 nvmxdiZc V:249 H:125 F: 9
				8491D5 20 AC 92    JSR $92AC     [8492AC] A:0000 X:0E68 Y:0002 S:0126 D:0000 DB:86 nvmxdiZc V:249 H:134 F: 9

					8492AC C2 30       REP #$30               A:0000 X:0E68 Y:0002 S:0124 D:0000 DB:86 nvmxdiZc V:249 H:154 F: 9
					8492AE B5 05       LDA $05,X     [000E6D] A:0000 X:0E68 Y:0002 S:0124 D:0000 DB:86 nvmxdiZc V:249 H:158 F: 9
					8492B0 38          SEC                    A:1D44 X:0E68 Y:0002 S:0124 D:0000 DB:86 nvmxdizc V:249 H:167 F: 9
					8492B1 F5 22       SBC $22,X     [000E8A] A:1D44 X:0E68 Y:0002 S:0124 D:0000 DB:86 nvmxdizC V:249 H:170 F: 9
					8492B3 85 00       STA $00       [000000] A:FFE3 X:0E68 Y:0002 S:0124 D:0000 DB:86 Nvmxdizc V:249 H:178 F: 9
					8492B5 E2 20       SEP #$20               A:FFE3 X:0E68 Y:0002 S:0124 D:0000 DB:86 Nvmxdizc V:249 H:185 F: 9
					8492B7 F0 4C       BEQ $004C     [849305] A:FFE3 X:0E68 Y:0002 S:0124 D:0000 DB:86 NvMxdizc V:249 H:190 F: 9
					8492B9 B4 20       LDY $20,X     [000E88] A:FFE3 X:0E68 Y:0002 S:0124 D:0000 DB:86 NvMxdizc V:249 H:193 F: 9
					8492BB B9 05 00    LDA $0005,Y   [86CFC2] A:FFE3 X:0E68 Y:CFBD S:0124 D:0000 DB:86 NvMxdizc V:249 H:201 F: 9
					8492BE 34 11       BIT $11,X     [000E79] A:FFF0 X:0E68 Y:CFBD S:0124 D:0000 DB:86 NvMxdizc V:249 H:209 F: 9
					8492C0 50 03       BVC $0003     [8492C5] A:FFF0 X:0E68 Y:CFBD S:0124 D:0000 DB:86 nvMxdizc V:249 H:215 F: 9
					8492C5 24 00       BIT $00       [000000] A:FFF0 X:0E68 Y:CFBD S:0124 D:0000 DB:86 nvMxdizc V:249 H:220 F: 9
					8492C7 10 06       BPL $0006     [8492CF] A:FFF0 X:0E68 Y:CFBD S:0124 D:0000 DB:86 NVMxdizc V:249 H:225 F: 9
					8492C9 38          SEC                    A:FFF0 X:0E68 Y:CFBD S:0124 D:0000 DB:86 NVMxdizc V:249 H:228 F: 9
					8492CA F9 07 00    SBC $0007,Y   [86CFC4] A:FFF0 X:0E68 Y:CFBD S:0124 D:0000 DB:86 NVMxdizC V:249 H:231 F: 9
					8492CD 80 04       BRA $0004     [8492D3] A:FFE4 X:0E68 Y:CFBD S:0124 D:0000 DB:86 NvMxdizC V:249 H:238 F: 9
					8492D3 95 29       STA $29,X     [000E91] A:FFE4 X:0E68 Y:CFBD S:0124 D:0000 DB:86 NvMxdizC V:249 H:243 F: 9
					8492D5 B9 06 00    LDA $0006,Y   [86CFC3] A:FFE4 X:0E68 Y:CFBD S:0124 D:0000 DB:86 NvMxdizC V:249 H:249 F: 9
					8492D8 95 2A       STA $2A,X     [000E92] A:FFE5 X:0E68 Y:CFBD S:0124 D:0000 DB:86 NvMxdizC V:249 H:257 F: 9
					8492DA 20 15 93    JSR $9315     [849315] A:FFE5 X:0E68 Y:CFBD S:0124 D:0000 DB:86 NvMxdizC V:249 H:263 F: 9

						849315 20 B3 90    JSR $90B3     [8490B3] A:FFE5 X:0E68 Y:CFBD S:0122 D:0000 DB:86 NvMxdizC V:249 H:273 F: 9

							8490B3 0B          PHD                    A:FFE5 X:0E68 Y:CFBD S:0120 D:0000 DB:86 NvMxdizC V:249 H:283 F: 9
							8490B4 DA          PHX                    A:FFE5 X:0E68 Y:CFBD S:011E D:0000 DB:86 NvMxdizC V:249 H:290 F: 9
							8490B5 08          PHP                    A:FFE5 X:0E68 Y:CFBD S:011C D:0000 DB:86 NvMxdizC V:249 H:297 F: 9
							8490B6 E2 20       SEP #$20               A:FFE5 X:0E68 Y:CFBD S:011B D:0000 DB:86 NvMxdizC V:249 H:302 F: 9
							8490B8 C2 10       REP #$10               A:FFE5 X:0E68 Y:CFBD S:011B D:0000 DB:86 NvMxdizC V:249 H:307 F: 9
							8490BA 64 01       STZ $01       [000001] A:FFE5 X:0E68 Y:CFBD S:011B D:0000 DB:86 NvMxdizC V:249 H:311 F: 9
							8490BC B5 29       LDA $29,X     [000E91] A:FFE5 X:0E68 Y:CFBD S:011B D:0000 DB:86 NvMxdizC V:249 H:316 F: 9
							8490BE 10 02       BPL $0002     [8490C2] A:FFE4 X:0E68 Y:CFBD S:011B D:0000 DB:86 NvMxdizC V:249 H:323 F: 9
							8490C0 C6 01       DEC $01       [000001] A:FFE4 X:0E68 Y:CFBD S:011B D:0000 DB:86 NvMxdizC V:249 H:325 F: 9
							8490C2 18          CLC                    A:FFE4 X:0E68 Y:CFBD S:011B D:0000 DB:86 NvMxdizC V:249 H:333 F: 9
							8490C3 75 05       ADC $05,X     [000E6D] A:FFE4 X:0E68 Y:CFBD S:011B D:0000 DB:86 NvMxdizc V:249 H:336 F: 9
							8490C5 85 00       STA $00       [000000] A:FF28 X:0E68 Y:CFBD S:011B D:0000 DB:86 nvMxdizC V:250 H:  3 F: 9
							8490C7 B5 06       LDA $06,X     [000E6E] A:FF28 X:0E68 Y:CFBD S:011B D:0000 DB:86 nvMxdizC V:250 H:  8 F: 9
							8490C9 65 01       ADC $01       [000001] A:FF1D X:0E68 Y:CFBD S:011B D:0000 DB:86 nvMxdizC V:250 H: 14 F: 9
							8490CB 85 01       STA $01       [000001] A:FF1D X:0E68 Y:CFBD S:011B D:0000 DB:86 nvMxdizC V:250 H: 19 F: 9
							8490CD 64 03       STZ $03       [000003] A:FF1D X:0E68 Y:CFBD S:011B D:0000 DB:86 nvMxdizC V:250 H: 24 F: 9
							8490CF B5 2A       LDA $2A,X     [000E92] A:FF1D X:0E68 Y:CFBD S:011B D:0000 DB:86 nvMxdizC V:250 H: 29 F: 9
							8490D1 10 02       BPL $0002     [8490D5] A:FFE5 X:0E68 Y:CFBD S:011B D:0000 DB:86 NvMxdizC V:250 H: 36 F: 9
							8490D3 C6 03       DEC $03       [000003] A:FFE5 X:0E68 Y:CFBD S:011B D:0000 DB:86 NvMxdizC V:250 H: 39 F: 9
							8490D5 18          CLC                    A:FFE5 X:0E68 Y:CFBD S:011B D:0000 DB:86 NvMxdizC V:250 H: 47 F: 9
							8490D6 75 08       ADC $08,X     [000E70] A:FFE5 X:0E68 Y:CFBD S:011B D:0000 DB:86 NvMxdizc V:250 H: 50 F: 9
							8490D8 85 02       STA $02       [000002] A:FF2F X:0E68 Y:CFBD S:011B D:0000 DB:86 nvMxdizC V:250 H: 57 F: 9
							8490DA 29 F0       AND #$F0               A:FF2F X:0E68 Y:CFBD S:011B D:0000 DB:86 nvMxdizC V:250 H: 62 F: 9
							8490DC 85 0A       STA $0A       [00000A] A:FF20 X:0E68 Y:CFBD S:011B D:0000 DB:86 nvMxdizC V:250 H: 65 F: 9
							8490DE B5 09       LDA $09,X     [000E71] A:FF20 X:0E68 Y:CFBD S:011B D:0000 DB:86 nvMxdizC V:250 H: 70 F: 9
							8490E0 65 03       ADC $03       [000003] A:FF03 X:0E68 Y:CFBD S:011B D:0000 DB:86 nvMxdizC V:250 H: 76 F: 9
							8490E2 85 03       STA $03       [000003] A:FF03 X:0E68 Y:CFBD S:011B D:0000 DB:86 nvMxdizC V:250 H: 81 F: 9
							8490E4 85 0B       STA $0B       [00000B] A:FF03 X:0E68 Y:CFBD S:011B D:0000 DB:86 nvMxdizC V:250 H: 86 F: 9
							8490E6 A5 00       LDA $00       [000000] A:FF03 X:0E68 Y:CFBD S:011B D:0000 DB:86 nvMxdizC V:250 H: 91 F: 9
							8490E8 29 0F       AND #$0F               A:FF28 X:0E68 Y:CFBD S:011B D:0000 DB:86 nvMxdizC V:250 H: 96 F: 9
							8490EA 1A          INC                    A:FF08 X:0E68 Y:CFBD S:011B D:0000 DB:86 nvMxdizC V:250 H: 99 F: 9
							8490EB 85 0C       STA $0C       [00000C] A:FF09 X:0E68 Y:CFBD S:011B D:0000 DB:86 nvMxdizC V:250 H:102 F: 9
							8490ED A5 02       LDA $02       [000002] A:FF09 X:0E68 Y:CFBD S:011B D:0000 DB:86 nvMxdizC V:250 H:107 F: 9
							8490EF 29 0F       AND #$0F               A:FF2F X:0E68 Y:CFBD S:011B D:0000 DB:86 nvMxdizC V:250 H:112 F: 9
							8490F1 1A          INC                    A:FF0F X:0E68 Y:CFBD S:011B D:0000 DB:86 nvMxdizC V:250 H:115 F: 9
							8490F2 85 0E       STA $0E       [00000E] A:FF10 X:0E68 Y:CFBD S:011B D:0000 DB:86 nvMxdizC V:250 H:118 F: 9
							8490F4 C2 20       REP #$20               A:FF10 X:0E68 Y:CFBD S:011B D:0000 DB:86 nvMxdizC V:250 H:123 F: 9
							8490F6 20 6A 91    JSR $916A     [84916A] A:FF10 X:0E68 Y:CFBD S:011B D:0000 DB:86 nvmxdizC V:250 H:128 F: 9

								84916A A9 00 E8    LDA #$E800             A:FF10 X:0E68 Y:CFBD S:0119 D:0000 DB:86 nvmxdizC V:250 H:148 F: 9
								84916D 85 10       STA $10       [000010] A:E800 X:0E68 Y:CFBD S:0119 D:0000 DB:86 NvmxdizC V:250 H:152 F: 9
								84916F A9 7E 00    LDA #$007E             A:E800 X:0E68 Y:CFBD S:0119 D:0000 DB:86 NvmxdizC V:250 H:159 F: 9
								849172 85 12       STA $12       [000012] A:007E X:0E68 Y:CFBD S:0119 D:0000 DB:86 nvmxdizC V:250 H:164 F: 9
								849174 A5 02       LDA $02       [000002] A:007E X:0E68 Y:CFBD S:0119 D:0000 DB:86 nvmxdizC V:250 H:171 F: 9
								849176 29 F0 00    AND #$00F0             A:032F X:0E68 Y:CFBD S:0119 D:0000 DB:86 nvmxdizC V:250 H:178 F: 9
								849179 0A          ASL A                  A:0020 X:0E68 Y:CFBD S:0119 D:0000 DB:86 nvmxdizC V:250 H:182 F: 9
								84917A 85 04       STA $04       [000004] A:0040 X:0E68 Y:CFBD S:0119 D:0000 DB:86 nvmxdizc V:250 H:185 F: 9
								84917C A5 00       LDA $00       [000000] A:0040 X:0E68 Y:CFBD S:0119 D:0000 DB:86 nvmxdizc V:250 H:192 F: 9
								84917E 29 FF 00    AND #$00FF             A:1D28 X:0E68 Y:CFBD S:0119 D:0000 DB:86 nvmxdizc V:250 H:199 F: 9
								849181 4A          LSR A                  A:0028 X:0E68 Y:CFBD S:0119 D:0000 DB:86 nvmxdizc V:250 H:204 F: 9
								849182 4A          LSR A                  A:0014 X:0E68 Y:CFBD S:0119 D:0000 DB:86 nvmxdizc V:250 H:207 F: 9
								849183 4A          LSR A                  A:000A X:0E68 Y:CFBD S:0119 D:0000 DB:86 nvmxdizc V:250 H:210 F: 9
								849184 29 FE FF    AND #$FFFE             A:0005 X:0E68 Y:CFBD S:0119 D:0000 DB:86 nvmxdizc V:250 H:213 F: 9
								849187 18          CLC                    A:0004 X:0E68 Y:CFBD S:0119 D:0000 DB:86 nvmxdizc V:250 H:217 F: 9
								849188 65 04       ADC $04       [000004] A:0004 X:0E68 Y:CFBD S:0119 D:0000 DB:86 nvmxdizc V:250 H:220 F: 9
								84918A 85 06       STA $06       [000006] A:0044 X:0E68 Y:CFBD S:0119 D:0000 DB:86 nvmxdizc V:250 H:227 F: 9
								84918C A5 00       LDA $00       [000000] A:0044 X:0E68 Y:CFBD S:0119 D:0000 DB:86 nvmxdizc V:250 H:234 F: 9
								84918E EB          XBA                    A:1D28 X:0E68 Y:CFBD S:0119 D:0000 DB:86 nvmxdizc V:250 H:241 F: 9
								84918F 29 1F 00    AND #$001F             A:281D X:0E68 Y:CFBD S:0119 D:0000 DB:86 nvmxdizc V:250 H:246 F: 9
								849192 85 04       STA $04       [000004] A:001D X:0E68 Y:CFBD S:0119 D:0000 DB:86 nvmxdizc V:250 H:250 F: 9
								849194 A5 02       LDA $02       [000002] A:001D X:0E68 Y:CFBD S:0119 D:0000 DB:86 nvmxdizc V:250 H:257 F: 9
								849196 29 00 1F    AND #$1F00             A:032F X:0E68 Y:CFBD S:0119 D:0000 DB:86 nvmxdizc V:250 H:264 F: 9
								849199 4A          LSR A                  A:0300 X:0E68 Y:CFBD S:0119 D:0000 DB:86 nvmxdizc V:250 H:269 F: 9
								84919A 4A          LSR A                  A:0180 X:0E68 Y:CFBD S:0119 D:0000 DB:86 nvmxdizc V:250 H:272 F: 9
								84919B 4A          LSR A                  A:00C0 X:0E68 Y:CFBD S:0119 D:0000 DB:86 nvmxdizc V:250 H:275 F: 9
								84919C 18          CLC                    A:0060 X:0E68 Y:CFBD S:0119 D:0000 DB:86 nvmxdizc V:250 H:278 F: 9
								84919D 65 04       ADC $04       [000004] A:0060 X:0E68 Y:CFBD S:0119 D:0000 DB:86 nvmxdizc V:250 H:281 F: 9
								84919F A8          TAY                    A:007D X:0E68 Y:CFBD S:0119 D:0000 DB:86 nvmxdizc V:250 H:288 F: 9
								8491A0 B7 10       LDA [$10],Y   [7EE87D] A:007D X:0E68 Y:007D S:0119 D:0000 DB:86 nvmxdizc V:250 H:291 F: 9
								8491A2 29 FF 00    AND #$00FF             A:0024 X:0E68 Y:007D S:0119 D:0000 DB:86 nvmxdizc V:250 H:304 F: 9
								8491A5 A8          TAY                    A:0024 X:0E68 Y:007D S:0119 D:0000 DB:86 nvmxdizc V:250 H:308 F: 9
								8491A6 EB          XBA                    A:0024 X:0E68 Y:0024 S:0119 D:0000 DB:86 nvmxdizc V:250 H:311 F: 9
								8491A7 0A          ASL A                  A:2400 X:0E68 Y:0024 S:0119 D:0000 DB:86 nvmxdiZc V:250 H:316 F: 9
								8491A8 18          CLC                    A:4800 X:0E68 Y:0024 S:0119 D:0000 DB:86 nvmxdizc V:250 H:319 F: 9
								8491A9 65 06       ADC $06       [000006] A:4800 X:0E68 Y:0024 S:0119 D:0000 DB:86 nvmxdizc V:250 H:322 F: 9
								8491AB AA          TAX                    A:4844 X:0E68 Y:0024 S:0119 D:0000 DB:86 nvmxdizc V:250 H:328 F: 9
								8491AC 60          RTS                    A:4844 X:4844 Y:0024 S:0119 D:0000 DB:86 nvmxdizc V:250 H:331 F: 9

							8490F9 BF 00 20 7E LDA $7E2000,X [7E6844] A:4844 X:4844 Y:0024 S:011B D:0000 DB:86 nvmxdizc V:251 H:  1 F: 9
							8490FD A8          TAY                    A:0173 X:4844 Y:0024 S:011B D:0000 DB:86 nvmxdizc V:251 H: 11 F: 9
							8490FE AD 92 0B    LDA $0B92     [860B92] A:0173 X:4844 Y:0173 S:011B D:0000 DB:86 nvmxdizc V:251 H: 14 F: 9
							849101 85 10       STA $10       [000010] A:EB15 X:4844 Y:0173 S:011B D:0000 DB:86 Nvmxdizc V:251 H: 22 F: 9
							849103 AD 94 0B    LDA $0B94     [860B94] A:EB15 X:4844 Y:0173 S:011B D:0000 DB:86 Nvmxdizc V:251 H: 29 F: 9
							849106 85 12       STA $12       [000012] A:F895 X:4844 Y:0173 S:011B D:0000 DB:86 Nvmxdizc V:251 H: 38 F: 9
							849108 B7 10       LDA [$10],Y   [95EC88] A:F895 X:4844 Y:0173 S:011B D:0000 DB:86 Nvmxdizc V:251 H: 45 F: 9
							84910A 29 FF 00    AND #$00FF             A:0000 X:4844 Y:0173 S:011B D:0000 DB:86 nvmxdiZc V:251 H: 57 F: 9
							84910D 28          PLP                    A:0000 X:4844 Y:0173 S:011B D:0000 DB:86 nvmxdiZc V:251 H: 61 F: 9
							84910E FA          PLX                    A:0000 X:4844 Y:0173 S:011C D:0000 DB:86 NvMxdizC V:251 H: 68 F: 9
							84910F 2B          PLD                    A:0000 X:0E68 Y:0173 S:011E D:0000 DB:86 nvMxdizC V:251 H: 76 F: 9
							849110 60          RTS                    A:0000 X:0E68 Y:0173 S:0120 D:0000 DB:86 nvMxdiZC V:251 H: 85 F: 9

						849318 B4 05       LDY $05,X     [000E6D] A:0000 X:0E68 Y:0173 S:0122 D:0000 DB:86 nvMxdiZC V:251 H: 95 F: 9
						84931A 84 10       STY $10       [000010] A:0000 X:0E68 Y:1D44 S:0122 D:0000 DB:86 nvMxdizC V:251 H:103 F: 9
						84931C B4 08       LDY $08,X     [000E70] A:0000 X:0E68 Y:1D44 S:0122 D:0000 DB:86 nvMxdizC V:251 H:110 F: 9
						84931E 84 12       STY $12       [000012] A:0000 X:0E68 Y:034A S:0122 D:0000 DB:86 nvMxdizC V:251 H:119 F: 9
						849320 95 2D       STA $2D,X     [000E95] A:0000 X:0E68 Y:034A S:0122 D:0000 DB:86 nvMxdizC V:251 H:126 F: 9
						849322 86 2C       STX $2C       [00002C] A:0000 X:0E68 Y:034A S:0122 D:0000 DB:86 nvMxdizC V:251 H:132 F: 9
						849324 29 3F       AND #$3F               A:0000 X:0E68 Y:034A S:0122 D:0000 DB:86 nvMxdizC V:251 H:149 F: 9
						849326 0A          ASL A                  A:0000 X:0E68 Y:034A S:0122 D:0000 DB:86 nvMxdiZC V:251 H:152 F: 9
						849327 EB          XBA                    A:0000 X:0E68 Y:034A S:0122 D:0000 DB:86 nvMxdiZc V:251 H:155 F: 9
						849328 A9 00       LDA #$00               A:0000 X:0E68 Y:034A S:0122 D:0000 DB:86 nvMxdiZc V:251 H:160 F: 9
						84932A EB          XBA                    A:0000 X:0E68 Y:034A S:0122 D:0000 DB:86 nvMxdiZc V:251 H:163 F: 9
						84932B AA          TAX                    A:0000 X:0E68 Y:034A S:0122 D:0000 DB:86 nvMxdiZc V:251 H:167 F: 9
						84932C FC 5D 93    JSR ($935D,X) [84935D] A:0000 X:0000 Y:034A S:0122 D:0000 DB:86 nvMxdiZc V:251 H:170 F: 9

							84977A A9 00       LDA #$00               A:0000 X:0000 Y:034A S:0120 D:0000 DB:86 nvMxdiZc V:251 H:183 F: 9
							84977C 60          RTS                    A:0000 X:0000 Y:034A S:0120 D:0000 DB:86 nvMxdiZc V:251 H:186 F: 9

						84932F 08          PHP                    A:0000 X:0000 Y:034A S:0122 D:0000 DB:86 nvMxdiZc V:251 H:196 F: 9
						849330 A6 2C       LDX $2C       [00002C] A:0000 X:0000 Y:034A S:0121 D:0000 DB:86 nvMxdiZc V:251 H:201 F: 9
						849332 A9 01       LDA #$01               A:0000 X:0E68 Y:034A S:0121 D:0000 DB:86 nvMxdizc V:251 H:208 F: 9
						849334 34 29       BIT $29,X     [000E91] A:0001 X:0E68 Y:034A S:0121 D:0000 DB:86 nvMxdizc V:251 H:211 F: 9
						849336 10 02       BPL $0002     [84933A] A:0001 X:0E68 Y:034A S:0121 D:0000 DB:86 NVMxdiZc V:251 H:218 F: 9
						849338 A9 02       LDA #$02               A:0001 X:0E68 Y:034A S:0121 D:0000 DB:86 NVMxdiZc V:251 H:221 F: 9
						84933A 28          PLP                    A:0002 X:0E68 Y:034A S:0121 D:0000 DB:86 nVMxdizc V:251 H:224 F: 9
						84933B F0 0C       BEQ $000C     [849349] A:0002 X:0E68 Y:034A S:0122 D:0000 DB:86 nvMxdiZc V:251 H:230 F: 9
						849349 49 FF       EOR #$FF               A:0002 X:0E68 Y:034A S:0122 D:0000 DB:86 nvMxdiZc V:251 H:235 F: 9
						84934B 35 2B       AND $2B,X     [000E93] A:00FD X:0E68 Y:034A S:0122 D:0000 DB:86 NvMxdizc V:251 H:238 F: 9
						84934D 95 2B       STA $2B,X     [000E93] A:0000 X:0E68 Y:034A S:0122 D:0000 DB:86 nvMxdiZc V:251 H:244 F: 9
						84934F 20 08 93    JSR $9308     [849308] A:0000 X:0E68 Y:034A S:0122 D:0000 DB:86 nvMxdiZc V:251 H:251 F: 9

							849308 A5 14       LDA $14       [000014] A:0000 X:0E68 Y:034A S:0120 D:0000 DB:86 nvMxdiZc V:251 H:261 F: 9
							84930A F0 08       BEQ $0008     [849314] A:0000 X:0E68 Y:034A S:0120 D:0000 DB:86 nvMxdiZc V:251 H:266 F: 9
							849314 60          RTS                    A:0000 X:0E68 Y:034A S:0120 D:0000 DB:86 nvMxdiZc V:251 H:270 F: 9

						849352 A9 00       LDA #$00               A:0000 X:0E68 Y:034A S:0122 D:0000 DB:86 nvMxdiZc V:251 H:280 F: 9
						849354 60          RTS                    A:0000 X:0E68 Y:034A S:0122 D:0000 DB:86 nvMxdiZc V:251 H:283 F: 9

					8492DD D0 26       BNE $0026     [849305] A:0000 X:0E68 Y:034A S:0124 D:0000 DB:86 nvMxdiZc V:251 H:293 F: 9
					8492DF B4 20       LDY $20,X     [000E88] A:0000 X:0E68 Y:034A S:0124 D:0000 DB:86 nvMxdiZc V:251 H:296 F: 9
					8492E1 B9 06 00    LDA $0006,Y   [86CFC3] A:0000 X:0E68 Y:CFBD S:0124 D:0000 DB:86 NvMxdizc V:251 H:305 F: 9
					8492E4 38          SEC                    A:00E5 X:0E68 Y:CFBD S:0124 D:0000 DB:86 NvMxdizc V:251 H:312 F: 9
					8492E5 F9 08 00    SBC $0008,Y   [86CFC5] A:00E5 X:0E68 Y:CFBD S:0124 D:0000 DB:86 NvMxdizC V:251 H:315 F: 9
					8492E8 18          CLC                    A:00D6 X:0E68 Y:CFBD S:0124 D:0000 DB:86 NvMxdizC V:251 H:323 F: 9
					8492E9 79 09 00    ADC $0009,Y   [86CFC6] A:00D6 X:0E68 Y:CFBD S:0124 D:0000 DB:86 NvMxdizc V:251 H:325 F: 9
					8492EC 95 2A       STA $2A,X     [000E92] A:00D6 X:0E68 Y:CFBD S:0124 D:0000 DB:86 NvMxdizc V:251 H:332 F: 9
					8492EE 20 15 93    JSR $9315     [849315] A:00D6 X:0E68 Y:CFBD S:0124 D:0000 DB:86 NvMxdizc V:251 H:339 F: 9

						849315 20 B3 90    JSR $90B3     [8490B3] A:00D6 X:0E68 Y:CFBD S:0122 D:0000 DB:86 NvMxdizc V:252 H:  9 F: 9

							8490B3 0B          PHD                    A:00D6 X:0E68 Y:CFBD S:0120 D:0000 DB:86 NvMxdizc V:252 H: 19 F: 9
							8490B4 DA          PHX                    A:00D6 X:0E68 Y:CFBD S:011E D:0000 DB:86 NvMxdizc V:252 H: 26 F: 9
							8490B5 08          PHP                    A:00D6 X:0E68 Y:CFBD S:011C D:0000 DB:86 NvMxdizc V:252 H: 33 F: 9
							8490B6 E2 20       SEP #$20               A:00D6 X:0E68 Y:CFBD S:011B D:0000 DB:86 NvMxdizc V:252 H: 38 F: 9
							8490B8 C2 10       REP #$10               A:00D6 X:0E68 Y:CFBD S:011B D:0000 DB:86 NvMxdizc V:252 H: 42 F: 9
							8490BA 64 01       STZ $01       [000001] A:00D6 X:0E68 Y:CFBD S:011B D:0000 DB:86 NvMxdizc V:252 H: 47 F: 9
							8490BC B5 29       LDA $29,X     [000E91] A:00D6 X:0E68 Y:CFBD S:011B D:0000 DB:86 NvMxdizc V:252 H: 52 F: 9
							8490BE 10 02       BPL $0002     [8490C2] A:00E4 X:0E68 Y:CFBD S:011B D:0000 DB:86 NvMxdizc V:252 H: 58 F: 9
							8490C0 C6 01       DEC $01       [000001] A:00E4 X:0E68 Y:CFBD S:011B D:0000 DB:86 NvMxdizc V:252 H: 61 F: 9
							8490C2 18          CLC                    A:00E4 X:0E68 Y:CFBD S:011B D:0000 DB:86 NvMxdizc V:252 H: 70 F: 9
							8490C3 75 05       ADC $05,X     [000E6D] A:00E4 X:0E68 Y:CFBD S:011B D:0000 DB:86 NvMxdizc V:252 H: 73 F: 9
							8490C5 85 00       STA $00       [000000] A:0028 X:0E68 Y:CFBD S:011B D:0000 DB:86 nvMxdizC V:252 H: 79 F: 9
							8490C7 B5 06       LDA $06,X     [000E6E] A:0028 X:0E68 Y:CFBD S:011B D:0000 DB:86 nvMxdizC V:252 H: 84 F: 9
							8490C9 65 01       ADC $01       [000001] A:001D X:0E68 Y:CFBD S:011B D:0000 DB:86 nvMxdizC V:252 H: 91 F: 9
							8490CB 85 01       STA $01       [000001] A:001D X:0E68 Y:CFBD S:011B D:0000 DB:86 nvMxdizC V:252 H: 96 F: 9
							8490CD 64 03       STZ $03       [000003] A:001D X:0E68 Y:CFBD S:011B D:0000 DB:86 nvMxdizC V:252 H:101 F: 9
							8490CF B5 2A       LDA $2A,X     [000E92] A:001D X:0E68 Y:CFBD S:011B D:0000 DB:86 nvMxdizC V:252 H:106 F: 9
							8490D1 10 02       BPL $0002     [8490D5] A:00D6 X:0E68 Y:CFBD S:011B D:0000 DB:86 NvMxdizC V:252 H:112 F: 9
							8490D3 C6 03       DEC $03       [000003] A:00D6 X:0E68 Y:CFBD S:011B D:0000 DB:86 NvMxdizC V:252 H:115 F: 9
							8490D5 18          CLC                    A:00D6 X:0E68 Y:CFBD S:011B D:0000 DB:86 NvMxdizC V:252 H:124 F: 9
							8490D6 75 08       ADC $08,X     [000E70] A:00D6 X:0E68 Y:CFBD S:011B D:0000 DB:86 NvMxdizc V:252 H:127 F: 9
							8490D8 85 02       STA $02       [000002] A:0020 X:0E68 Y:CFBD S:011B D:0000 DB:86 nvMxdizC V:252 H:143 F: 9
							8490DA 29 F0       AND #$F0               A:0020 X:0E68 Y:CFBD S:011B D:0000 DB:86 nvMxdizC V:252 H:148 F: 9
							8490DC 85 0A       STA $0A       [00000A] A:0020 X:0E68 Y:CFBD S:011B D:0000 DB:86 nvMxdizC V:252 H:151 F: 9
							8490DE B5 09       LDA $09,X     [000E71] A:0020 X:0E68 Y:CFBD S:011B D:0000 DB:86 nvMxdizC V:252 H:156 F: 9
							8490E0 65 03       ADC $03       [000003] A:0003 X:0E68 Y:CFBD S:011B D:0000 DB:86 nvMxdizC V:252 H:163 F: 9
							8490E2 85 03       STA $03       [000003] A:0003 X:0E68 Y:CFBD S:011B D:0000 DB:86 nvMxdizC V:252 H:168 F: 9
							8490E4 85 0B       STA $0B       [00000B] A:0003 X:0E68 Y:CFBD S:011B D:0000 DB:86 nvMxdizC V:252 H:173 F: 9
							8490E6 A5 00       LDA $00       [000000] A:0003 X:0E68 Y:CFBD S:011B D:0000 DB:86 nvMxdizC V:252 H:178 F: 9
							8490E8 29 0F       AND #$0F               A:0028 X:0E68 Y:CFBD S:011B D:0000 DB:86 nvMxdizC V:252 H:183 F: 9
							8490EA 1A          INC                    A:0008 X:0E68 Y:CFBD S:011B D:0000 DB:86 nvMxdizC V:252 H:186 F: 9
							8490EB 85 0C       STA $0C       [00000C] A:0009 X:0E68 Y:CFBD S:011B D:0000 DB:86 nvMxdizC V:252 H:189 F: 9
							8490ED A5 02       LDA $02       [000002] A:0009 X:0E68 Y:CFBD S:011B D:0000 DB:86 nvMxdizC V:252 H:194 F: 9
							8490EF 29 0F       AND #$0F               A:0020 X:0E68 Y:CFBD S:011B D:0000 DB:86 nvMxdizC V:252 H:199 F: 9
							8490F1 1A          INC                    A:0000 X:0E68 Y:CFBD S:011B D:0000 DB:86 nvMxdiZC V:252 H:202 F: 9
							8490F2 85 0E       STA $0E       [00000E] A:0001 X:0E68 Y:CFBD S:011B D:0000 DB:86 nvMxdizC V:252 H:205 F: 9
							8490F4 C2 20       REP #$20               A:0001 X:0E68 Y:CFBD S:011B D:0000 DB:86 nvMxdizC V:252 H:210 F: 9
							8490F6 20 6A 91    JSR $916A     [84916A] A:0001 X:0E68 Y:CFBD S:011B D:0000 DB:86 nvmxdizC V:252 H:214 F: 9

								84916A A9 00 E8    LDA #$E800             A:0001 X:0E68 Y:CFBD S:0119 D:0000 DB:86 nvmxdizC V:252 H:224 F: 9
								84916D 85 10       STA $10       [000010] A:E800 X:0E68 Y:CFBD S:0119 D:0000 DB:86 NvmxdizC V:252 H:229 F: 9
								84916F A9 7E 00    LDA #$007E             A:E800 X:0E68 Y:CFBD S:0119 D:0000 DB:86 NvmxdizC V:252 H:236 F: 9
								849172 85 12       STA $12       [000012] A:007E X:0E68 Y:CFBD S:0119 D:0000 DB:86 nvmxdizC V:252 H:240 F: 9
								849174 A5 02       LDA $02       [000002] A:007E X:0E68 Y:CFBD S:0119 D:0000 DB:86 nvmxdizC V:252 H:247 F: 9
								849176 29 F0 00    AND #$00F0             A:0320 X:0E68 Y:CFBD S:0119 D:0000 DB:86 nvmxdizC V:252 H:254 F: 9
								849179 0A          ASL A                  A:0020 X:0E68 Y:CFBD S:0119 D:0000 DB:86 nvmxdizC V:252 H:259 F: 9
								84917A 85 04       STA $04       [000004] A:0040 X:0E68 Y:CFBD S:0119 D:0000 DB:86 nvmxdizc V:252 H:262 F: 9
								84917C A5 00       LDA $00       [000000] A:0040 X:0E68 Y:CFBD S:0119 D:0000 DB:86 nvmxdizc V:252 H:269 F: 9
								84917E 29 FF 00    AND #$00FF             A:1D28 X:0E68 Y:CFBD S:0119 D:0000 DB:86 nvmxdizc V:252 H:276 F: 9
								849181 4A          LSR A                  A:0028 X:0E68 Y:CFBD S:0119 D:0000 DB:86 nvmxdizc V:252 H:280 F: 9
								849182 4A          LSR A                  A:0014 X:0E68 Y:CFBD S:0119 D:0000 DB:86 nvmxdizc V:252 H:283 F: 9
								849183 4A          LSR A                  A:000A X:0E68 Y:CFBD S:0119 D:0000 DB:86 nvmxdizc V:252 H:286 F: 9
								849184 29 FE FF    AND #$FFFE             A:0005 X:0E68 Y:CFBD S:0119 D:0000 DB:86 nvmxdizc V:252 H:289 F: 9
								849187 18          CLC                    A:0004 X:0E68 Y:CFBD S:0119 D:0000 DB:86 nvmxdizc V:252 H:294 F: 9
								849188 65 04       ADC $04       [000004] A:0004 X:0E68 Y:CFBD S:0119 D:0000 DB:86 nvmxdizc V:252 H:297 F: 9
								84918A 85 06       STA $06       [000006] A:0044 X:0E68 Y:CFBD S:0119 D:0000 DB:86 nvmxdizc V:252 H:304 F: 9
								84918C A5 00       LDA $00       [000000] A:0044 X:0E68 Y:CFBD S:0119 D:0000 DB:86 nvmxdizc V:252 H:311 F: 9
								84918E EB          XBA                    A:1D28 X:0E68 Y:CFBD S:0119 D:0000 DB:86 nvmxdizc V:252 H:318 F: 9
								84918F 29 1F 00    AND #$001F             A:281D X:0E68 Y:CFBD S:0119 D:0000 DB:86 nvmxdizc V:252 H:322 F: 9
								849192 85 04       STA $04       [000004] A:001D X:0E68 Y:CFBD S:0119 D:0000 DB:86 nvmxdizc V:252 H:326 F: 9
								849194 A5 02       LDA $02       [000002] A:001D X:0E68 Y:CFBD S:0119 D:0000 DB:86 nvmxdizc V:252 H:333 F: 9
								849196 29 00 1F    AND #$1F00             A:0320 X:0E68 Y:CFBD S:0119 D:0000 DB:86 nvmxdizc V:253 H:  0 F: 9
								849199 4A          LSR A                  A:0300 X:0E68 Y:CFBD S:0119 D:0000 DB:86 nvmxdizc V:253 H:  4 F: 9
								84919A 4A          LSR A                  A:0180 X:0E68 Y:CFBD S:0119 D:0000 DB:86 nvmxdizc V:253 H:  7 F: 9
								84919B 4A          LSR A                  A:00C0 X:0E68 Y:CFBD S:0119 D:0000 DB:86 nvmxdizc V:253 H: 10 F: 9
								84919C 18          CLC                    A:0060 X:0E68 Y:CFBD S:0119 D:0000 DB:86 nvmxdizc V:253 H: 13 F: 9
								84919D 65 04       ADC $04       [000004] A:0060 X:0E68 Y:CFBD S:0119 D:0000 DB:86 nvmxdizc V:253 H: 16 F: 9
								84919F A8          TAY                    A:007D X:0E68 Y:CFBD S:0119 D:0000 DB:86 nvmxdizc V:253 H: 23 F: 9
								8491A0 B7 10       LDA [$10],Y   [7EE87D] A:007D X:0E68 Y:007D S:0119 D:0000 DB:86 nvmxdizc V:253 H: 26 F: 9
								8491A2 29 FF 00    AND #$00FF             A:0024 X:0E68 Y:007D S:0119 D:0000 DB:86 nvmxdizc V:253 H: 39 F: 9
								8491A5 A8          TAY                    A:0024 X:0E68 Y:007D S:0119 D:0000 DB:86 nvmxdizc V:253 H: 44 F: 9
								8491A6 EB          XBA                    A:0024 X:0E68 Y:0024 S:0119 D:0000 DB:86 nvmxdizc V:253 H: 47 F: 9
								8491A7 0A          ASL A                  A:2400 X:0E68 Y:0024 S:0119 D:0000 DB:86 nvmxdiZc V:253 H: 51 F: 9
								8491A8 18          CLC                    A:4800 X:0E68 Y:0024 S:0119 D:0000 DB:86 nvmxdizc V:253 H: 54 F: 9
								8491A9 65 06       ADC $06       [000006] A:4800 X:0E68 Y:0024 S:0119 D:0000 DB:86 nvmxdizc V:253 H: 57 F: 9
								8491AB AA          TAX                    A:4844 X:0E68 Y:0024 S:0119 D:0000 DB:86 nvmxdizc V:253 H: 64 F: 9
								8491AC 60          RTS                    A:4844 X:4844 Y:0024 S:0119 D:0000 DB:86 nvmxdizc V:253 H: 67 F: 9

							8490F9 BF 00 20 7E LDA $7E2000,X [7E6844] A:4844 X:4844 Y:0024 S:011B D:0000 DB:86 nvmxdizc V:253 H: 77 F: 9
							8490FD A8          TAY                    A:0173 X:4844 Y:0024 S:011B D:0000 DB:86 nvmxdizc V:253 H: 87 F: 9
							8490FE AD 92 0B    LDA $0B92     [860B92] A:0173 X:4844 Y:0173 S:011B D:0000 DB:86 nvmxdizc V:253 H: 90 F: 9
							849101 85 10       STA $10       [000010] A:EB15 X:4844 Y:0173 S:011B D:0000 DB:86 Nvmxdizc V:253 H: 99 F: 9
							849103 AD 94 0B    LDA $0B94     [860B94] A:EB15 X:4844 Y:0173 S:011B D:0000 DB:86 Nvmxdizc V:253 H:106 F: 9
							849106 85 12       STA $12       [000012] A:F895 X:4844 Y:0173 S:011B D:0000 DB:86 Nvmxdizc V:253 H:114 F: 9
							849108 B7 10       LDA [$10],Y   [95EC88] A:F895 X:4844 Y:0173 S:011B D:0000 DB:86 Nvmxdizc V:253 H:121 F: 9
							84910A 29 FF 00    AND #$00FF             A:0000 X:4844 Y:0173 S:011B D:0000 DB:86 nvmxdiZc V:253 H:133 F: 9
							84910D 28          PLP                    A:0000 X:4844 Y:0173 S:011B D:0000 DB:86 nvmxdiZc V:253 H:148 F: 9
							84910E FA          PLX                    A:0000 X:4844 Y:0173 S:011C D:0000 DB:86 NvMxdizc V:253 H:154 F: 9
							84910F 2B          PLD                    A:0000 X:0E68 Y:0173 S:011E D:0000 DB:86 nvMxdizc V:253 H:163 F: 9
							849110 60          RTS                    A:0000 X:0E68 Y:0173 S:0120 D:0000 DB:86 nvMxdiZc V:253 H:171 F: 9

						849318 B4 05       LDY $05,X     [000E6D] A:0000 X:0E68 Y:0173 S:0122 D:0000 DB:86 nvMxdiZc V:253 H:181 F: 9
						84931A 84 10       STY $10       [000010] A:0000 X:0E68 Y:1D44 S:0122 D:0000 DB:86 nvMxdizc V:253 H:190 F: 9
						84931C B4 08       LDY $08,X     [000E70] A:0000 X:0E68 Y:1D44 S:0122 D:0000 DB:86 nvMxdizc V:253 H:197 F: 9
						84931E 84 12       STY $12       [000012] A:0000 X:0E68 Y:034A S:0122 D:0000 DB:86 nvMxdizc V:253 H:205 F: 9
						849320 95 2D       STA $2D,X     [000E95] A:0000 X:0E68 Y:034A S:0122 D:0000 DB:86 nvMxdizc V:253 H:212 F: 9
						849322 86 2C       STX $2C       [00002C] A:0000 X:0E68 Y:034A S:0122 D:0000 DB:86 nvMxdizc V:253 H:219 F: 9
						849324 29 3F       AND #$3F               A:0000 X:0E68 Y:034A S:0122 D:0000 DB:86 nvMxdizc V:253 H:226 F: 9
						849326 0A          ASL A                  A:0000 X:0E68 Y:034A S:0122 D:0000 DB:86 nvMxdiZc V:253 H:229 F: 9
						849327 EB          XBA                    A:0000 X:0E68 Y:034A S:0122 D:0000 DB:86 nvMxdiZc V:253 H:232 F: 9
						849328 A9 00       LDA #$00               A:0000 X:0E68 Y:034A S:0122 D:0000 DB:86 nvMxdiZc V:253 H:236 F: 9
						84932A EB          XBA                    A:0000 X:0E68 Y:034A S:0122 D:0000 DB:86 nvMxdiZc V:253 H:239 F: 9
						84932B AA          TAX                    A:0000 X:0E68 Y:034A S:0122 D:0000 DB:86 nvMxdiZc V:253 H:244 F: 9
						84932C FC 5D 93    JSR ($935D,X) [84935D] A:0000 X:0000 Y:034A S:0122 D:0000 DB:86 nvMxdiZc V:253 H:247 F: 9

							84977A A9 00       LDA #$00               A:0000 X:0000 Y:034A S:0120 D:0000 DB:86 nvMxdiZc V:253 H:260 F: 9
							84977C 60          RTS                    A:0000 X:0000 Y:034A S:0120 D:0000 DB:86 nvMxdiZc V:253 H:263 F: 9

						84932F 08          PHP                    A:0000 X:0000 Y:034A S:0122 D:0000 DB:86 nvMxdiZc V:253 H:273 F: 9
						849330 A6 2C       LDX $2C       [00002C] A:0000 X:0000 Y:034A S:0121 D:0000 DB:86 nvMxdiZc V:253 H:278 F: 9
						849332 A9 01       LDA #$01               A:0000 X:0E68 Y:034A S:0121 D:0000 DB:86 nvMxdizc V:253 H:285 F: 9
						849334 34 29       BIT $29,X     [000E91] A:0001 X:0E68 Y:034A S:0121 D:0000 DB:86 nvMxdizc V:253 H:288 F: 9
						849336 10 02       BPL $0002     [84933A] A:0001 X:0E68 Y:034A S:0121 D:0000 DB:86 NVMxdiZc V:253 H:294 F: 9
						849338 A9 02       LDA #$02               A:0001 X:0E68 Y:034A S:0121 D:0000 DB:86 NVMxdiZc V:253 H:297 F: 9
						84933A 28          PLP                    A:0002 X:0E68 Y:034A S:0121 D:0000 DB:86 nVMxdizc V:253 H:300 F: 9
						84933B F0 0C       BEQ $000C     [849349] A:0002 X:0E68 Y:034A S:0122 D:0000 DB:86 nvMxdiZc V:253 H:307 F: 9
						849349 49 FF       EOR #$FF               A:0002 X:0E68 Y:034A S:0122 D:0000 DB:86 nvMxdiZc V:253 H:311 F: 9
						84934B 35 2B       AND $2B,X     [000E93] A:00FD X:0E68 Y:034A S:0122 D:0000 DB:86 NvMxdizc V:253 H:314 F: 9
						84934D 95 2B       STA $2B,X     [000E93] A:0000 X:0E68 Y:034A S:0122 D:0000 DB:86 nvMxdiZc V:253 H:321 F: 9
						84934F 20 08 93    JSR $9308     [849308] A:0000 X:0E68 Y:034A S:0122 D:0000 DB:86 nvMxdiZc V:253 H:327 F: 9

							849308 A5 14       LDA $14       [000014] A:0000 X:0E68 Y:034A S:0120 D:0000 DB:86 nvMxdiZc V:253 H:336 F: 9
							84930A F0 08       BEQ $0008     [849314] A:0000 X:0E68 Y:034A S:0120 D:0000 DB:86 nvMxdiZc V:254 H:  1 F: 9
							849314 60          RTS                    A:0000 X:0E68 Y:034A S:0120 D:0000 DB:86 nvMxdiZc V:254 H:  6 F: 9

						849352 A9 00       LDA #$00               A:0000 X:0E68 Y:034A S:0122 D:0000 DB:86 nvMxdiZc V:254 H: 16 F: 9
						849354 60          RTS                    A:0000 X:0E68 Y:034A S:0122 D:0000 DB:86 nvMxdiZc V:254 H: 19 F: 9

					8492F1 D0 12       BNE $0012     [849305] A:0000 X:0E68 Y:034A S:0124 D:0000 DB:86 nvMxdiZc V:254 H: 29 F: 9
					8492F3 B4 20       LDY $20,X     [000E88] A:0000 X:0E68 Y:034A S:0124 D:0000 DB:86 nvMxdiZc V:254 H: 32 F: 9
					8492F5 B9 06 00    LDA $0006,Y   [86CFC3] A:0000 X:0E68 Y:CFBD S:0124 D:0000 DB:86 NvMxdizc V:254 H: 40 F: 9
					8492F8 18          CLC                    A:00E5 X:0E68 Y:CFBD S:0124 D:0000 DB:86 NvMxdizc V:254 H: 48 F: 9
					8492F9 79 08 00    ADC $0008,Y   [86CFC5] A:00E5 X:0E68 Y:CFBD S:0124 D:0000 DB:86 NvMxdizc V:254 H: 51 F: 9
					8492FC 38          SEC                    A:00F4 X:0E68 Y:CFBD S:0124 D:0000 DB:86 NvMxdizc V:254 H: 58 F: 9
					8492FD F9 09 00    SBC $0009,Y   [86CFC6] A:00F4 X:0E68 Y:CFBD S:0124 D:0000 DB:86 NvMxdizC V:254 H: 61 F: 9
					849300 95 2A       STA $2A,X     [000E92] A:00F4 X:0E68 Y:CFBD S:0124 D:0000 DB:86 NvMxdizC V:254 H: 69 F: 9
					849302 20 15 93    JSR $9315     [849315] A:00F4 X:0E68 Y:CFBD S:0124 D:0000 DB:86 NvMxdizC V:254 H: 75 F: 9

						849315 20 B3 90    JSR $90B3     [8490B3] A:00F4 X:0E68 Y:CFBD S:0122 D:0000 DB:86 NvMxdizC V:254 H: 85 F: 9

							8490B3 0B          PHD                    A:00F4 X:0E68 Y:CFBD S:0120 D:0000 DB:86 NvMxdizC V:254 H: 95 F: 9
							8490B4 DA          PHX                    A:00F4 X:0E68 Y:CFBD S:011E D:0000 DB:86 NvMxdizC V:254 H:102 F: 9
							8490B5 08          PHP                    A:00F4 X:0E68 Y:CFBD S:011C D:0000 DB:86 NvMxdizC V:254 H:109 F: 9
							8490B6 E2 20       SEP #$20               A:00F4 X:0E68 Y:CFBD S:011B D:0000 DB:86 NvMxdizC V:254 H:114 F: 9
							8490B8 C2 10       REP #$10               A:00F4 X:0E68 Y:CFBD S:011B D:0000 DB:86 NvMxdizC V:254 H:119 F: 9
							8490BA 64 01       STZ $01       [000001] A:00F4 X:0E68 Y:CFBD S:011B D:0000 DB:86 NvMxdizC V:254 H:123 F: 9
							8490BC B5 29       LDA $29,X     [000E91] A:00F4 X:0E68 Y:CFBD S:011B D:0000 DB:86 NvMxdizC V:254 H:128 F: 9
							8490BE 10 02       BPL $0002     [8490C2] A:00E4 X:0E68 Y:CFBD S:011B D:0000 DB:86 NvMxdizC V:254 H:145 F: 9
							8490C0 C6 01       DEC $01       [000001] A:00E4 X:0E68 Y:CFBD S:011B D:0000 DB:86 NvMxdizC V:254 H:148 F: 9
							8490C2 18          CLC                    A:00E4 X:0E68 Y:CFBD S:011B D:0000 DB:86 NvMxdizC V:254 H:156 F: 9
							8490C3 75 05       ADC $05,X     [000E6D] A:00E4 X:0E68 Y:CFBD S:011B D:0000 DB:86 NvMxdizc V:254 H:159 F: 9
							8490C5 85 00       STA $00       [000000] A:0028 X:0E68 Y:CFBD S:011B D:0000 DB:86 nvMxdizC V:254 H:166 F: 9
							8490C7 B5 06       LDA $06,X     [000E6E] A:0028 X:0E68 Y:CFBD S:011B D:0000 DB:86 nvMxdizC V:254 H:171 F: 9
							8490C9 65 01       ADC $01       [000001] A:001D X:0E68 Y:CFBD S:011B D:0000 DB:86 nvMxdizC V:254 H:177 F: 9
							8490CB 85 01       STA $01       [000001] A:001D X:0E68 Y:CFBD S:011B D:0000 DB:86 nvMxdizC V:254 H:182 F: 9
							8490CD 64 03       STZ $03       [000003] A:001D X:0E68 Y:CFBD S:011B D:0000 DB:86 nvMxdizC V:254 H:187 F: 9
							8490CF B5 2A       LDA $2A,X     [000E92] A:001D X:0E68 Y:CFBD S:011B D:0000 DB:86 nvMxdizC V:254 H:192 F: 9
							8490D1 10 02       BPL $0002     [8490D5] A:00F4 X:0E68 Y:CFBD S:011B D:0000 DB:86 NvMxdizC V:254 H:199 F: 9
							8490D3 C6 03       DEC $03       [000003] A:00F4 X:0E68 Y:CFBD S:011B D:0000 DB:86 NvMxdizC V:254 H:202 F: 9
							8490D5 18          CLC                    A:00F4 X:0E68 Y:CFBD S:011B D:0000 DB:86 NvMxdizC V:254 H:210 F: 9
							8490D6 75 08       ADC $08,X     [000E70] A:00F4 X:0E68 Y:CFBD S:011B D:0000 DB:86 NvMxdizc V:254 H:213 F: 9
							8490D8 85 02       STA $02       [000002] A:003E X:0E68 Y:CFBD S:011B D:0000 DB:86 nvMxdizC V:254 H:220 F: 9
							8490DA 29 F0       AND #$F0               A:003E X:0E68 Y:CFBD S:011B D:0000 DB:86 nvMxdizC V:254 H:225 F: 9
							8490DC 85 0A       STA $0A       [00000A] A:0030 X:0E68 Y:CFBD S:011B D:0000 DB:86 nvMxdizC V:254 H:228 F: 9
							8490DE B5 09       LDA $09,X     [000E71] A:0030 X:0E68 Y:CFBD S:011B D:0000 DB:86 nvMxdizC V:254 H:233 F: 9
							8490E0 65 03       ADC $03       [000003] A:0003 X:0E68 Y:CFBD S:011B D:0000 DB:86 nvMxdizC V:254 H:239 F: 9
							8490E2 85 03       STA $03       [000003] A:0003 X:0E68 Y:CFBD S:011B D:0000 DB:86 nvMxdizC V:254 H:244 F: 9
							8490E4 85 0B       STA $0B       [00000B] A:0003 X:0E68 Y:CFBD S:011B D:0000 DB:86 nvMxdizC V:254 H:249 F: 9
							8490E6 A5 00       LDA $00       [000000] A:0003 X:0E68 Y:CFBD S:011B D:0000 DB:86 nvMxdizC V:254 H:254 F: 9
							8490E8 29 0F       AND #$0F               A:0028 X:0E68 Y:CFBD S:011B D:0000 DB:86 nvMxdizC V:254 H:259 F: 9
							8490EA 1A          INC                    A:0008 X:0E68 Y:CFBD S:011B D:0000 DB:86 nvMxdizC V:254 H:262 F: 9
							8490EB 85 0C       STA $0C       [00000C] A:0009 X:0E68 Y:CFBD S:011B D:0000 DB:86 nvMxdizC V:254 H:265 F: 9
							8490ED A5 02       LDA $02       [000002] A:0009 X:0E68 Y:CFBD S:011B D:0000 DB:86 nvMxdizC V:254 H:270 F: 9
							8490EF 29 0F       AND #$0F               A:003E X:0E68 Y:CFBD S:011B D:0000 DB:86 nvMxdizC V:254 H:275 F: 9
							8490F1 1A          INC                    A:000E X:0E68 Y:CFBD S:011B D:0000 DB:86 nvMxdizC V:254 H:278 F: 9
							8490F2 85 0E       STA $0E       [00000E] A:000F X:0E68 Y:CFBD S:011B D:0000 DB:86 nvMxdizC V:254 H:281 F: 9
							8490F4 C2 20       REP #$20               A:000F X:0E68 Y:CFBD S:011B D:0000 DB:86 nvMxdizC V:254 H:286 F: 9
							8490F6 20 6A 91    JSR $916A     [84916A] A:000F X:0E68 Y:CFBD S:011B D:0000 DB:86 nvmxdizC V:254 H:291 F: 9

								84916A A9 00 E8    LDA #$E800             A:000F X:0E68 Y:CFBD S:0119 D:0000 DB:86 nvmxdizC V:254 H:301 F: 9
								84916D 85 10       STA $10       [000010] A:E800 X:0E68 Y:CFBD S:0119 D:0000 DB:86 NvmxdizC V:254 H:305 F: 9
								84916F A9 7E 00    LDA #$007E             A:E800 X:0E68 Y:CFBD S:0119 D:0000 DB:86 NvmxdizC V:254 H:312 F: 9
								849172 85 12       STA $12       [000012] A:007E X:0E68 Y:CFBD S:0119 D:0000 DB:86 nvmxdizC V:254 H:317 F: 9
								849174 A5 02       LDA $02       [000002] A:007E X:0E68 Y:CFBD S:0119 D:0000 DB:86 nvmxdizC V:254 H:323 F: 9
								849176 29 F0 00    AND #$00F0             A:033E X:0E68 Y:CFBD S:0119 D:0000 DB:86 nvmxdizC V:254 H:330 F: 9
								849179 0A          ASL A                  A:0030 X:0E68 Y:CFBD S:0119 D:0000 DB:86 nvmxdizC V:254 H:334 F: 9
								84917A 85 04       STA $04       [000004] A:0060 X:0E68 Y:CFBD S:0119 D:0000 DB:86 nvmxdizc V:254 H:337 F: 9
								84917C A5 00       LDA $00       [000000] A:0060 X:0E68 Y:CFBD S:0119 D:0000 DB:86 nvmxdizc V:255 H:  4 F: 9
								84917E 29 FF 00    AND #$00FF             A:1D28 X:0E68 Y:CFBD S:0119 D:0000 DB:86 nvmxdizc V:255 H: 11 F: 9
								849181 4A          LSR A                  A:0028 X:0E68 Y:CFBD S:0119 D:0000 DB:86 nvmxdizc V:255 H: 16 F: 9
								849182 4A          LSR A                  A:0014 X:0E68 Y:CFBD S:0119 D:0000 DB:86 nvmxdizc V:255 H: 19 F: 9
								849183 4A          LSR A                  A:000A X:0E68 Y:CFBD S:0119 D:0000 DB:86 nvmxdizc V:255 H: 22 F: 9
								849184 29 FE FF    AND #$FFFE             A:0005 X:0E68 Y:CFBD S:0119 D:0000 DB:86 nvmxdizc V:255 H: 25 F: 9
								849187 18          CLC                    A:0004 X:0E68 Y:CFBD S:0119 D:0000 DB:86 nvmxdizc V:255 H: 29 F: 9
								849188 65 04       ADC $04       [000004] A:0004 X:0E68 Y:CFBD S:0119 D:0000 DB:86 nvmxdizc V:255 H: 32 F: 9
								84918A 85 06       STA $06       [000006] A:0064 X:0E68 Y:CFBD S:0119 D:0000 DB:86 nvmxdizc V:255 H: 39 F: 9
								84918C A5 00       LDA $00       [000000] A:0064 X:0E68 Y:CFBD S:0119 D:0000 DB:86 nvmxdizc V:255 H: 46 F: 9
								84918E EB          XBA                    A:1D28 X:0E68 Y:CFBD S:0119 D:0000 DB:86 nvmxdizc V:255 H: 53 F: 9
								84918F 29 1F 00    AND #$001F             A:281D X:0E68 Y:CFBD S:0119 D:0000 DB:86 nvmxdizc V:255 H: 58 F: 9
								849192 85 04       STA $04       [000004] A:001D X:0E68 Y:CFBD S:0119 D:0000 DB:86 nvmxdizc V:255 H: 62 F: 9
								849194 A5 02       LDA $02       [000002] A:001D X:0E68 Y:CFBD S:0119 D:0000 DB:86 nvmxdizc V:255 H: 69 F: 9
								849196 29 00 1F    AND #$1F00             A:033E X:0E68 Y:CFBD S:0119 D:0000 DB:86 nvmxdizc V:255 H: 76 F: 9
								849199 4A          LSR A                  A:0300 X:0E68 Y:CFBD S:0119 D:0000 DB:86 nvmxdizc V:255 H: 81 F: 9
								84919A 4A          LSR A                  A:0180 X:0E68 Y:CFBD S:0119 D:0000 DB:86 nvmxdizc V:255 H: 84 F: 9
								84919B 4A          LSR A                  A:00C0 X:0E68 Y:CFBD S:0119 D:0000 DB:86 nvmxdizc V:255 H: 87 F: 9
								84919C 18          CLC                    A:0060 X:0E68 Y:CFBD S:0119 D:0000 DB:86 nvmxdizc V:255 H: 90 F: 9
								84919D 65 04       ADC $04       [000004] A:0060 X:0E68 Y:CFBD S:0119 D:0000 DB:86 nvmxdizc V:255 H: 93 F: 9
								84919F A8          TAY                    A:007D X:0E68 Y:CFBD S:0119 D:0000 DB:86 nvmxdizc V:255 H:100 F: 9
								8491A0 B7 10       LDA [$10],Y   [7EE87D] A:007D X:0E68 Y:007D S:0119 D:0000 DB:86 nvmxdizc V:255 H:103 F: 9
								8491A2 29 FF 00    AND #$00FF             A:0024 X:0E68 Y:007D S:0119 D:0000 DB:86 nvmxdizc V:255 H:116 F: 9
								8491A5 A8          TAY                    A:0024 X:0E68 Y:007D S:0119 D:0000 DB:86 nvmxdizc V:255 H:120 F: 9
								8491A6 EB          XBA                    A:0024 X:0E68 Y:0024 S:0119 D:0000 DB:86 nvmxdizc V:255 H:123 F: 9
								8491A7 0A          ASL A                  A:2400 X:0E68 Y:0024 S:0119 D:0000 DB:86 nvmxdiZc V:255 H:128 F: 9
								8491A8 18          CLC                    A:4800 X:0E68 Y:0024 S:0119 D:0000 DB:86 nvmxdizc V:255 H:131 F: 9
								8491A9 65 06       ADC $06       [000006] A:4800 X:0E68 Y:0024 S:0119 D:0000 DB:86 nvmxdizc V:255 H:134 F: 9
								8491AB AA          TAX                    A:4864 X:0E68 Y:0024 S:0119 D:0000 DB:86 nvmxdizc V:255 H:151 F: 9
								8491AC 60          RTS                    A:4864 X:4864 Y:0024 S:0119 D:0000 DB:86 nvmxdizc V:255 H:154 F: 9

							8490F9 BF 00 20 7E LDA $7E2000,X [7E6864] A:4864 X:4864 Y:0024 S:011B D:0000 DB:86 nvmxdizc V:255 H:164 F: 9
							8490FD A8          TAY                    A:017F X:4864 Y:0024 S:011B D:0000 DB:86 nvmxdizc V:255 H:174 F: 9
							8490FE AD 92 0B    LDA $0B92     [860B92] A:017F X:4864 Y:017F S:011B D:0000 DB:86 nvmxdizc V:255 H:177 F: 9
							849101 85 10       STA $10       [000010] A:EB15 X:4864 Y:017F S:011B D:0000 DB:86 Nvmxdizc V:255 H:185 F: 9
							849103 AD 94 0B    LDA $0B94     [860B94] A:EB15 X:4864 Y:017F S:011B D:0000 DB:86 Nvmxdizc V:255 H:192 F: 9
							849106 85 12       STA $12       [000012] A:F895 X:4864 Y:017F S:011B D:0000 DB:86 Nvmxdizc V:255 H:201 F: 9
							849108 B7 10       LDA [$10],Y   [95EC94] A:F895 X:4864 Y:017F S:011B D:0000 DB:86 Nvmxdizc V:255 H:208 F: 9
							84910A 29 FF 00    AND #$00FF             A:0000 X:4864 Y:017F S:011B D:0000 DB:86 nvmxdiZc V:255 H:220 F: 9
							84910D 28          PLP                    A:0000 X:4864 Y:017F S:011B D:0000 DB:86 nvmxdiZc V:255 H:224 F: 9
							84910E FA          PLX                    A:0000 X:4864 Y:017F S:011C D:0000 DB:86 NvMxdizC V:255 H:231 F: 9
							84910F 2B          PLD                    A:0000 X:0E68 Y:017F S:011E D:0000 DB:86 nvMxdizC V:255 H:239 F: 9
							849110 60          RTS                    A:0000 X:0E68 Y:017F S:0120 D:0000 DB:86 nvMxdiZC V:255 H:248 F: 9

						849318 B4 05       LDY $05,X     [000E6D] A:0000 X:0E68 Y:017F S:0122 D:0000 DB:86 nvMxdiZC V:255 H:258 F: 9
						84931A 84 10       STY $10       [000010] A:0000 X:0E68 Y:1D44 S:0122 D:0000 DB:86 nvMxdizC V:255 H:266 F: 9
						84931C B4 08       LDY $08,X     [000E70] A:0000 X:0E68 Y:1D44 S:0122 D:0000 DB:86 nvMxdizC V:255 H:273 F: 9
						84931E 84 12       STY $12       [000012] A:0000 X:0E68 Y:034A S:0122 D:0000 DB:86 nvMxdizC V:255 H:282 F: 9
						849320 95 2D       STA $2D,X     [000E95] A:0000 X:0E68 Y:034A S:0122 D:0000 DB:86 nvMxdizC V:255 H:289 F: 9
						849322 86 2C       STX $2C       [00002C] A:0000 X:0E68 Y:034A S:0122 D:0000 DB:86 nvMxdizC V:255 H:295 F: 9
						849324 29 3F       AND #$3F               A:0000 X:0E68 Y:034A S:0122 D:0000 DB:86 nvMxdizC V:255 H:302 F: 9
						849326 0A          ASL A                  A:0000 X:0E68 Y:034A S:0122 D:0000 DB:86 nvMxdiZC V:255 H:305 F: 9
						849327 EB          XBA                    A:0000 X:0E68 Y:034A S:0122 D:0000 DB:86 nvMxdiZc V:255 H:308 F: 9
						849328 A9 00       LDA #$00               A:0000 X:0E68 Y:034A S:0122 D:0000 DB:86 nvMxdiZc V:255 H:313 F: 9
						84932A EB          XBA                    A:0000 X:0E68 Y:034A S:0122 D:0000 DB:86 nvMxdiZc V:255 H:316 F: 9
						84932B AA          TAX                    A:0000 X:0E68 Y:034A S:0122 D:0000 DB:86 nvMxdiZc V:255 H:320 F: 9
						84932C FC 5D 93    JSR ($935D,X) [84935D] A:0000 X:0000 Y:034A S:0122 D:0000 DB:86 nvMxdiZc V:255 H:323 F: 9

							84977A A9 00       LDA #$00               A:0000 X:0000 Y:034A S:0120 D:0000 DB:86 nvMxdiZc V:255 H:335 F: 9
							84977C 60          RTS                    A:0000 X:0000 Y:034A S:0120 D:0000 DB:86 nvMxdiZc V:255 H:338 F: 9

						84932F 08          PHP                    A:0000 X:0000 Y:034A S:0122 D:0000 DB:86 nvMxdiZc V:256 H:  8 F: 9
						849330 A6 2C       LDX $2C       [00002C] A:0000 X:0000 Y:034A S:0121 D:0000 DB:86 nvMxdiZc V:256 H: 13 F: 9
						849332 A9 01       LDA #$01               A:0000 X:0E68 Y:034A S:0121 D:0000 DB:86 nvMxdizc V:256 H: 20 F: 9
						849334 34 29       BIT $29,X     [000E91] A:0001 X:0E68 Y:034A S:0121 D:0000 DB:86 nvMxdizc V:256 H: 23 F: 9
						849336 10 02       BPL $0002     [84933A] A:0001 X:0E68 Y:034A S:0121 D:0000 DB:86 NVMxdiZc V:256 H: 30 F: 9
						849338 A9 02       LDA #$02               A:0001 X:0E68 Y:034A S:0121 D:0000 DB:86 NVMxdiZc V:256 H: 33 F: 9
						84933A 28          PLP                    A:0002 X:0E68 Y:034A S:0121 D:0000 DB:86 nVMxdizc V:256 H: 36 F: 9
						84933B F0 0C       BEQ $000C     [849349] A:0002 X:0E68 Y:034A S:0122 D:0000 DB:86 nvMxdiZc V:256 H: 42 F: 9
						849349 49 FF       EOR #$FF               A:0002 X:0E68 Y:034A S:0122 D:0000 DB:86 nvMxdiZc V:256 H: 47 F: 9
						84934B 35 2B       AND $2B,X     [000E93] A:00FD X:0E68 Y:034A S:0122 D:0000 DB:86 NvMxdizc V:256 H: 50 F: 9
						84934D 95 2B       STA $2B,X     [000E93] A:0000 X:0E68 Y:034A S:0122 D:0000 DB:86 nvMxdiZc V:256 H: 56 F: 9
						84934F 20 08 93    JSR $9308     [849308] A:0000 X:0E68 Y:034A S:0122 D:0000 DB:86 nvMxdiZc V:256 H: 63 F: 9

							849308 A5 14       LDA $14       [000014] A:0000 X:0E68 Y:034A S:0120 D:0000 DB:86 nvMxdiZc V:256 H: 73 F: 9
							84930A F0 08       BEQ $0008     [849314] A:0000 X:0E68 Y:034A S:0120 D:0000 DB:86 nvMxdiZc V:256 H: 78 F: 9
							849314 60          RTS                    A:0000 X:0E68 Y:034A S:0120 D:0000 DB:86 nvMxdiZc V:256 H: 82 F: 9

						849352 A9 00       LDA #$00               A:0000 X:0E68 Y:034A S:0122 D:0000 DB:86 nvMxdiZc V:256 H: 92 F: 9
						849354 60          RTS                    A:0000 X:0E68 Y:034A S:0122 D:0000 DB:86 nvMxdiZc V:256 H: 95 F: 9

					849305 C2 30       REP #$30               A:0000 X:0E68 Y:034A S:0124 D:0000 DB:86 nvMxdiZc V:256 H:105 F: 9
					849307 60          RTS                    A:0000 X:0E68 Y:034A S:0124 D:0000 DB:86 nvmxdiZc V:256 H:110 F: 9

				8491D8 20 ED 91    JSR $91ED     [8491ED] A:0000 X:0E68 Y:034A S:0126 D:0000 DB:86 nvmxdiZc V:256 H:120 F: 9

					8491ED B5 08       LDA $08,X     [000E70] A:0000 X:0E68 Y:034A S:0124 D:0000 DB:86 nvmxdiZc V:256 H:130 F: 9
					8491EF D5 24       CMP $24,X     [000E8C] A:034A X:0E68 Y:034A S:0124 D:0000 DB:86 nvmxdizc V:256 H:148 F: 9
					8491F1 F0 F2       BEQ $00F2     [8491E5] A:034A X:0E68 Y:034A S:0124 D:0000 DB:86 nvmxdiZC V:256 H:157 F: 9
					8491E5 B5 1C       LDA $1C,X     [000E84] A:034A X:0E68 Y:034A S:0124 D:0000 DB:86 nvmxdiZC V:256 H:161 F: 9
					8491E7 F0 F5       BEQ $00F5     [8491DE] A:FFC3 X:0E68 Y:034A S:0124 D:0000 DB:86 NvmxdizC V:256 H:170 F: 9
					8491E9 10 0A       BPL $000A     [8491F5] A:FFC3 X:0E68 Y:034A S:0124 D:0000 DB:86 NvmxdizC V:256 H:173 F: 9
					8491EB 80 55       BRA $0055     [849242] A:FFC3 X:0E68 Y:034A S:0124 D:0000 DB:86 NvmxdizC V:256 H:176 F: 9
					849242 E2 20       SEP #$20               A:FFC3 X:0E68 Y:034A S:0124 D:0000 DB:86 NvmxdizC V:256 H:180 F: 9
					849244 A0 04 00    LDY #$0004             A:FFC3 X:0E68 Y:034A S:0124 D:0000 DB:86 NvMxdizC V:256 H:185 F: 9
					849247 AD 1C 1F    LDA $1F1C     [861F1C] A:FFC3 X:0E68 Y:0004 S:0124 D:0000 DB:86 nvMxdizC V:256 H:189 F: 9
					84924A F0 03       BEQ $0003     [84924F] A:FF00 X:0E68 Y:0004 S:0124 D:0000 DB:86 nvMxdiZC V:256 H:196 F: 9
					84924F B5 2F       LDA $2F,X     [000E97] A:FF00 X:0E68 Y:0004 S:0124 D:0000 DB:86 nvMxdiZC V:256 H:200 F: 9
					849251 F0 03       BEQ $0003     [849256] A:FFFF X:0E68 Y:0004 S:0124 D:0000 DB:86 NvMxdizC V:256 H:207 F: 9
					849253 A0 00 00    LDY #$0000             A:FFFF X:0E68 Y:0004 S:0124 D:0000 DB:86 NvMxdizC V:256 H:210 F: 9
					849256 98          TYA                    A:FFFF X:0E68 Y:0000 S:0124 D:0000 DB:86 nvMxdiZC V:256 H:214 F: 9
					849257 09 80       ORA #$80               A:FF00 X:0E68 Y:0000 S:0124 D:0000 DB:86 nvMxdiZC V:256 H:217 F: 9
					849259 85 08       STA $08       [000008] A:FF80 X:0E68 Y:0000 S:0124 D:0000 DB:86 NvMxdizC V:256 H:220 F: 9
					84925B B4 20       LDY $20,X     [000E88] A:FF80 X:0E68 Y:0000 S:0124 D:0000 DB:86 NvMxdizC V:256 H:225 F: 9
					84925D B9 06 00    LDA $0006,Y   [86CFC3] A:FF80 X:0E68 Y:CFBD S:0124 D:0000 DB:86 NvMxdizC V:256 H:234 F: 9
					849260 18          CLC                    A:FFE5 X:0E68 Y:CFBD S:0124 D:0000 DB:86 NvMxdizC V:256 H:241 F: 9
					849261 79 08 00    ADC $0008,Y   [86CFC5] A:FFE5 X:0E68 Y:CFBD S:0124 D:0000 DB:86 NvMxdizc V:256 H:244 F: 9
					849264 95 2A       STA $2A,X     [000E92] A:FFF4 X:0E68 Y:CFBD S:0124 D:0000 DB:86 NvMxdizc V:256 H:252 F: 9
					849266 B9 05 00    LDA $0005,Y   [86CFC2] A:FFF4 X:0E68 Y:CFBD S:0124 D:0000 DB:86 NvMxdizc V:256 H:258 F: 9
					849269 34 11       BIT $11,X     [000E79] A:FFF0 X:0E68 Y:CFBD S:0124 D:0000 DB:86 NvMxdizc V:256 H:266 F: 9
					84926B 50 03       BVC $0003     [849270] A:FFF0 X:0E68 Y:CFBD S:0124 D:0000 DB:86 nvMxdizc V:256 H:272 F: 9
					849270 95 29       STA $29,X     [000E91] A:FFF0 X:0E68 Y:CFBD S:0124 D:0000 DB:86 nvMxdizc V:256 H:277 F: 9
					849272 20 C4 95    JSR $95C4     [8495C4] A:FFF0 X:0E68 Y:CFBD S:0124 D:0000 DB:86 nvMxdizc V:256 H:283 F: 9

						8495C4 B5 2A       LDA $2A,X     [000E92] A:FFF0 X:0E68 Y:CFBD S:0122 D:0000 DB:86 nvMxdizc V:256 H:293 F: 9
						8495C6 48          PHA                    A:FFF4 X:0E68 Y:CFBD S:0122 D:0000 DB:86 NvMxdizc V:256 H:300 F: 9
						8495C7 A5 08       LDA $08       [000008] A:FFF4 X:0E68 Y:CFBD S:0121 D:0000 DB:86 NvMxdizc V:256 H:305 F: 9
						8495C9 29 7F       AND #$7F               A:FF80 X:0E68 Y:CFBD S:0121 D:0000 DB:86 NvMxdizc V:256 H:310 F: 9
						8495CB 18          CLC                    A:FF00 X:0E68 Y:CFBD S:0121 D:0000 DB:86 nvMxdiZc V:256 H:313 F: 9
						8495CC 75 2A       ADC $2A,X     [000E92] A:FF00 X:0E68 Y:CFBD S:0121 D:0000 DB:86 nvMxdiZc V:256 H:316 F: 9
						8495CE 95 2A       STA $2A,X     [000E92] A:FFF4 X:0E68 Y:CFBD S:0121 D:0000 DB:86 NvMxdizc V:256 H:322 F: 9
						8495D0 20 B3 90    JSR $90B3     [8490B3] A:FFF4 X:0E68 Y:CFBD S:0121 D:0000 DB:86 NvMxdizc V:256 H:328 F: 9

							8490B3 0B          PHD                    A:FFF4 X:0E68 Y:CFBD S:011F D:0000 DB:86 NvMxdizc V:256 H:338 F: 9
							8490B4 DA          PHX                    A:FFF4 X:0E68 Y:CFBD S:011D D:0000 DB:86 NvMxdizc V:257 H:  5 F: 9
							8490B5 08          PHP                    A:FFF4 X:0E68 Y:CFBD S:011B D:0000 DB:86 NvMxdizc V:257 H: 12 F: 9
							8490B6 E2 20       SEP #$20               A:FFF4 X:0E68 Y:CFBD S:011A D:0000 DB:86 NvMxdizc V:257 H: 17 F: 9
							8490B8 C2 10       REP #$10               A:FFF4 X:0E68 Y:CFBD S:011A D:0000 DB:86 NvMxdizc V:257 H: 21 F: 9
							8490BA 64 01       STZ $01       [000001] A:FFF4 X:0E68 Y:CFBD S:011A D:0000 DB:86 NvMxdizc V:257 H: 26 F: 9
							8490BC B5 29       LDA $29,X     [000E91] A:FFF4 X:0E68 Y:CFBD S:011A D:0000 DB:86 NvMxdizc V:257 H: 31 F: 9
							8490BE 10 02       BPL $0002     [8490C2] A:FFF0 X:0E68 Y:CFBD S:011A D:0000 DB:86 NvMxdizc V:257 H: 37 F: 9
							8490C0 C6 01       DEC $01       [000001] A:FFF0 X:0E68 Y:CFBD S:011A D:0000 DB:86 NvMxdizc V:257 H: 40 F: 9
							8490C2 18          CLC                    A:FFF0 X:0E68 Y:CFBD S:011A D:0000 DB:86 NvMxdizc V:257 H: 49 F: 9
							8490C3 75 05       ADC $05,X     [000E6D] A:FFF0 X:0E68 Y:CFBD S:011A D:0000 DB:86 NvMxdizc V:257 H: 52 F: 9
							8490C5 85 00       STA $00       [000000] A:FF34 X:0E68 Y:CFBD S:011A D:0000 DB:86 nvMxdizC V:257 H: 58 F: 9
							8490C7 B5 06       LDA $06,X     [000E6E] A:FF34 X:0E68 Y:CFBD S:011A D:0000 DB:86 nvMxdizC V:257 H: 63 F: 9
							8490C9 65 01       ADC $01       [000001] A:FF1D X:0E68 Y:CFBD S:011A D:0000 DB:86 nvMxdizC V:257 H: 70 F: 9
							8490CB 85 01       STA $01       [000001] A:FF1D X:0E68 Y:CFBD S:011A D:0000 DB:86 nvMxdizC V:257 H: 75 F: 9
							8490CD 64 03       STZ $03       [000003] A:FF1D X:0E68 Y:CFBD S:011A D:0000 DB:86 nvMxdizC V:257 H: 80 F: 9
							8490CF B5 2A       LDA $2A,X     [000E92] A:FF1D X:0E68 Y:CFBD S:011A D:0000 DB:86 nvMxdizC V:257 H: 85 F: 9
							8490D1 10 02       BPL $0002     [8490D5] A:FFF4 X:0E68 Y:CFBD S:011A D:0000 DB:86 NvMxdizC V:257 H: 91 F: 9
							8490D3 C6 03       DEC $03       [000003] A:FFF4 X:0E68 Y:CFBD S:011A D:0000 DB:86 NvMxdizC V:257 H: 94 F: 9
							8490D5 18          CLC                    A:FFF4 X:0E68 Y:CFBD S:011A D:0000 DB:86 NvMxdizC V:257 H:103 F: 9
							8490D6 75 08       ADC $08,X     [000E70] A:FFF4 X:0E68 Y:CFBD S:011A D:0000 DB:86 NvMxdizc V:257 H:106 F: 9
							8490D8 85 02       STA $02       [000002] A:FF3E X:0E68 Y:CFBD S:011A D:0000 DB:86 nvMxdizC V:257 H:112 F: 9
							8490DA 29 F0       AND #$F0               A:FF3E X:0E68 Y:CFBD S:011A D:0000 DB:86 nvMxdizC V:257 H:117 F: 9
							8490DC 85 0A       STA $0A       [00000A] A:FF30 X:0E68 Y:CFBD S:011A D:0000 DB:86 nvMxdizC V:257 H:120 F: 9
							8490DE B5 09       LDA $09,X     [000E71] A:FF30 X:0E68 Y:CFBD S:011A D:0000 DB:86 nvMxdizC V:257 H:125 F: 9
							8490E0 65 03       ADC $03       [000003] A:FF03 X:0E68 Y:CFBD S:011A D:0000 DB:86 nvMxdizC V:257 H:132 F: 9
							8490E2 85 03       STA $03       [000003] A:FF03 X:0E68 Y:CFBD S:011A D:0000 DB:86 nvMxdizC V:257 H:147 F: 9
							8490E4 85 0B       STA $0B       [00000B] A:FF03 X:0E68 Y:CFBD S:011A D:0000 DB:86 nvMxdizC V:257 H:152 F: 9
							8490E6 A5 00       LDA $00       [000000] A:FF03 X:0E68 Y:CFBD S:011A D:0000 DB:86 nvMxdizC V:257 H:157 F: 9
							8490E8 29 0F       AND #$0F               A:FF34 X:0E68 Y:CFBD S:011A D:0000 DB:86 nvMxdizC V:257 H:162 F: 9
							8490EA 1A          INC                    A:FF04 X:0E68 Y:CFBD S:011A D:0000 DB:86 nvMxdizC V:257 H:165 F: 9
							8490EB 85 0C       STA $0C       [00000C] A:FF05 X:0E68 Y:CFBD S:011A D:0000 DB:86 nvMxdizC V:257 H:168 F: 9
							8490ED A5 02       LDA $02       [000002] A:FF05 X:0E68 Y:CFBD S:011A D:0000 DB:86 nvMxdizC V:257 H:173 F: 9
							8490EF 29 0F       AND #$0F               A:FF3E X:0E68 Y:CFBD S:011A D:0000 DB:86 nvMxdizC V:257 H:178 F: 9
							8490F1 1A          INC                    A:FF0E X:0E68 Y:CFBD S:011A D:0000 DB:86 nvMxdizC V:257 H:181 F: 9
							8490F2 85 0E       STA $0E       [00000E] A:FF0F X:0E68 Y:CFBD S:011A D:0000 DB:86 nvMxdizC V:257 H:184 F: 9
							8490F4 C2 20       REP #$20               A:FF0F X:0E68 Y:CFBD S:011A D:0000 DB:86 nvMxdizC V:257 H:189 F: 9
							8490F6 20 6A 91    JSR $916A     [84916A] A:FF0F X:0E68 Y:CFBD S:011A D:0000 DB:86 nvmxdizC V:257 H:193 F: 9

								84916A A9 00 E8    LDA #$E800             A:FF0F X:0E68 Y:CFBD S:0118 D:0000 DB:86 nvmxdizC V:257 H:203 F: 9
								84916D 85 10       STA $10       [000010] A:E800 X:0E68 Y:CFBD S:0118 D:0000 DB:86 NvmxdizC V:257 H:208 F: 9
								84916F A9 7E 00    LDA #$007E             A:E800 X:0E68 Y:CFBD S:0118 D:0000 DB:86 NvmxdizC V:257 H:215 F: 9
								849172 85 12       STA $12       [000012] A:007E X:0E68 Y:CFBD S:0118 D:0000 DB:86 nvmxdizC V:257 H:219 F: 9
								849174 A5 02       LDA $02       [000002] A:007E X:0E68 Y:CFBD S:0118 D:0000 DB:86 nvmxdizC V:257 H:226 F: 9
								849176 29 F0 00    AND #$00F0             A:033E X:0E68 Y:CFBD S:0118 D:0000 DB:86 nvmxdizC V:257 H:233 F: 9
								849179 0A          ASL A                  A:0030 X:0E68 Y:CFBD S:0118 D:0000 DB:86 nvmxdizC V:257 H:238 F: 9
								84917A 85 04       STA $04       [000004] A:0060 X:0E68 Y:CFBD S:0118 D:0000 DB:86 nvmxdizc V:257 H:241 F: 9
								84917C A5 00       LDA $00       [000000] A:0060 X:0E68 Y:CFBD S:0118 D:0000 DB:86 nvmxdizc V:257 H:248 F: 9
								84917E 29 FF 00    AND #$00FF             A:1D34 X:0E68 Y:CFBD S:0118 D:0000 DB:86 nvmxdizc V:257 H:255 F: 9
								849181 4A          LSR A                  A:0034 X:0E68 Y:CFBD S:0118 D:0000 DB:86 nvmxdizc V:257 H:259 F: 9
								849182 4A          LSR A                  A:001A X:0E68 Y:CFBD S:0118 D:0000 DB:86 nvmxdizc V:257 H:262 F: 9
								849183 4A          LSR A                  A:000D X:0E68 Y:CFBD S:0118 D:0000 DB:86 nvmxdizc V:257 H:265 F: 9
								849184 29 FE FF    AND #$FFFE             A:0006 X:0E68 Y:CFBD S:0118 D:0000 DB:86 nvmxdizC V:257 H:268 F: 9
								849187 18          CLC                    A:0006 X:0E68 Y:CFBD S:0118 D:0000 DB:86 nvmxdizC V:257 H:273 F: 9
								849188 65 04       ADC $04       [000004] A:0006 X:0E68 Y:CFBD S:0118 D:0000 DB:86 nvmxdizc V:257 H:276 F: 9
								84918A 85 06       STA $06       [000006] A:0066 X:0E68 Y:CFBD S:0118 D:0000 DB:86 nvmxdizc V:257 H:283 F: 9
								84918C A5 00       LDA $00       [000000] A:0066 X:0E68 Y:CFBD S:0118 D:0000 DB:86 nvmxdizc V:257 H:290 F: 9
								84918E EB          XBA                    A:1D34 X:0E68 Y:CFBD S:0118 D:0000 DB:86 nvmxdizc V:257 H:297 F: 9
								84918F 29 1F 00    AND #$001F             A:341D X:0E68 Y:CFBD S:0118 D:0000 DB:86 nvmxdizc V:257 H:301 F: 9
								849192 85 04       STA $04       [000004] A:001D X:0E68 Y:CFBD S:0118 D:0000 DB:86 nvmxdizc V:257 H:306 F: 9
								849194 A5 02       LDA $02       [000002] A:001D X:0E68 Y:CFBD S:0118 D:0000 DB:86 nvmxdizc V:257 H:313 F: 9
								849196 29 00 1F    AND #$1F00             A:033E X:0E68 Y:CFBD S:0118 D:0000 DB:86 nvmxdizc V:257 H:320 F: 9
								849199 4A          LSR A                  A:0300 X:0E68 Y:CFBD S:0118 D:0000 DB:86 nvmxdizc V:257 H:324 F: 9
								84919A 4A          LSR A                  A:0180 X:0E68 Y:CFBD S:0118 D:0000 DB:86 nvmxdizc V:257 H:327 F: 9
								84919B 4A          LSR A                  A:00C0 X:0E68 Y:CFBD S:0118 D:0000 DB:86 nvmxdizc V:257 H:329 F: 9
								84919C 18          CLC                    A:0060 X:0E68 Y:CFBD S:0118 D:0000 DB:86 nvmxdizc V:257 H:332 F: 9
								84919D 65 04       ADC $04       [000004] A:0060 X:0E68 Y:CFBD S:0118 D:0000 DB:86 nvmxdizc V:257 H:335 F: 9
								84919F A8          TAY                    A:007D X:0E68 Y:CFBD S:0118 D:0000 DB:86 nvmxdizc V:258 H:  2 F: 9
								8491A0 B7 10       LDA [$10],Y   [7EE87D] A:007D X:0E68 Y:007D S:0118 D:0000 DB:86 nvmxdizc V:258 H:  5 F: 9
								8491A2 29 FF 00    AND #$00FF             A:0024 X:0E68 Y:007D S:0118 D:0000 DB:86 nvmxdizc V:258 H: 18 F: 9
								8491A5 A8          TAY                    A:0024 X:0E68 Y:007D S:0118 D:0000 DB:86 nvmxdizc V:258 H: 23 F: 9
								8491A6 EB          XBA                    A:0024 X:0E68 Y:0024 S:0118 D:0000 DB:86 nvmxdizc V:258 H: 26 F: 9
								8491A7 0A          ASL A                  A:2400 X:0E68 Y:0024 S:0118 D:0000 DB:86 nvmxdiZc V:258 H: 30 F: 9
								8491A8 18          CLC                    A:4800 X:0E68 Y:0024 S:0118 D:0000 DB:86 nvmxdizc V:258 H: 33 F: 9
								8491A9 65 06       ADC $06       [000006] A:4800 X:0E68 Y:0024 S:0118 D:0000 DB:86 nvmxdizc V:258 H: 36 F: 9
								8491AB AA          TAX                    A:4866 X:0E68 Y:0024 S:0118 D:0000 DB:86 nvmxdizc V:258 H: 43 F: 9
								8491AC 60          RTS                    A:4866 X:4866 Y:0024 S:0118 D:0000 DB:86 nvmxdizc V:258 H: 46 F: 9

							8490F9 BF 00 20 7E LDA $7E2000,X [7E6866] A:4866 X:4866 Y:0024 S:011A D:0000 DB:86 nvmxdizc V:258 H: 56 F: 9
							8490FD A8          TAY                    A:017F X:4866 Y:0024 S:011A D:0000 DB:86 nvmxdizc V:258 H: 66 F: 9
							8490FE AD 92 0B    LDA $0B92     [860B92] A:017F X:4866 Y:017F S:011A D:0000 DB:86 nvmxdizc V:258 H: 69 F: 9
							849101 85 10       STA $10       [000010] A:EB15 X:4866 Y:017F S:011A D:0000 DB:86 Nvmxdizc V:258 H: 78 F: 9
							849103 AD 94 0B    LDA $0B94     [860B94] A:EB15 X:4866 Y:017F S:011A D:0000 DB:86 Nvmxdizc V:258 H: 85 F: 9
							849106 85 12       STA $12       [000012] A:F895 X:4866 Y:017F S:011A D:0000 DB:86 Nvmxdizc V:258 H: 93 F: 9
							849108 B7 10       LDA [$10],Y   [95EC94] A:F895 X:4866 Y:017F S:011A D:0000 DB:86 Nvmxdizc V:258 H:100 F: 9
							84910A 29 FF 00    AND #$00FF             A:0000 X:4866 Y:017F S:011A D:0000 DB:86 nvmxdiZc V:258 H:112 F: 9
							84910D 28          PLP                    A:0000 X:4866 Y:017F S:011A D:0000 DB:86 nvmxdiZc V:258 H:117 F: 9
							84910E FA          PLX                    A:0000 X:4866 Y:017F S:011B D:0000 DB:86 NvMxdizc V:258 H:123 F: 9
							84910F 2B          PLD                    A:0000 X:0E68 Y:017F S:011D D:0000 DB:86 nvMxdizc V:258 H:132 F: 9
							849110 60          RTS                    A:0000 X:0E68 Y:017F S:011F D:0000 DB:86 nvMxdiZc V:258 H:150 F: 9

						8495D3 95 2E       STA $2E,X     [000E96] A:0000 X:0E68 Y:017F S:0121 D:0000 DB:86 nvMxdiZc V:258 H:160 F: 9
						8495D5 85 18       STA $18       [000018] A:0000 X:0E68 Y:017F S:0121 D:0000 DB:86 nvMxdiZc V:258 H:167 F: 9
						8495D7 29 3F       AND #$3F               A:0000 X:0E68 Y:017F S:0121 D:0000 DB:86 nvMxdiZc V:258 H:172 F: 9
						8495D9 0A          ASL A                  A:0000 X:0E68 Y:017F S:0121 D:0000 DB:86 nvMxdiZc V:258 H:175 F: 9
						8495DA EB          XBA                    A:0000 X:0E68 Y:017F S:0121 D:0000 DB:86 nvMxdiZc V:258 H:178 F: 9
						8495DB A9 00       LDA #$00               A:0000 X:0E68 Y:017F S:0121 D:0000 DB:86 nvMxdiZc V:258 H:182 F: 9
						8495DD EB          XBA                    A:0000 X:0E68 Y:017F S:0121 D:0000 DB:86 nvMxdiZc V:258 H:185 F: 9
						8495DE A8          TAY                    A:0000 X:0E68 Y:017F S:0121 D:0000 DB:86 nvMxdiZc V:258 H:190 F: 9
						8495DF 84 28       STY $28       [000028] A:0000 X:0E68 Y:0000 S:0121 D:0000 DB:86 nvMxdiZc V:258 H:193 F: 9
						8495E1 86 2C       STX $2C       [00002C] A:0000 X:0E68 Y:0000 S:0121 D:0000 DB:86 nvMxdiZc V:258 H:200 F: 9
						8495E3 68          PLA                    A:0000 X:0E68 Y:0000 S:0121 D:0000 DB:86 nvMxdiZc V:258 H:207 F: 9
						8495E4 95 2A       STA $2A,X     [000E92] A:00F4 X:0E68 Y:0000 S:0122 D:0000 DB:86 NvMxdizc V:258 H:213 F: 9
						8495E6 A6 2C       LDX $2C       [00002C] A:00F4 X:0E68 Y:0000 S:0122 D:0000 DB:86 NvMxdizc V:258 H:220 F: 9
						8495E8 A9 FB       LDA #$FB               A:00F4 X:0E68 Y:0000 S:0122 D:0000 DB:86 nvMxdizc V:258 H:227 F: 9
						8495EA 35 2B       AND $2B,X     [000E93] A:00FB X:0E68 Y:0000 S:0122 D:0000 DB:86 NvMxdizc V:258 H:230 F: 9
						8495EC 95 2B       STA $2B,X     [000E93] A:0000 X:0E68 Y:0000 S:0122 D:0000 DB:86 nvMxdiZc V:258 H:236 F: 9
						8495EE 64 01       STZ $01       [000001] A:0000 X:0E68 Y:0000 S:0122 D:0000 DB:86 nvMxdiZc V:258 H:243 F: 9
						8495F0 B5 2A       LDA $2A,X     [000E92] A:0000 X:0E68 Y:0000 S:0122 D:0000 DB:86 nvMxdiZc V:258 H:248 F: 9
						8495F2 85 02       STA $02       [000002] A:00F4 X:0E68 Y:0000 S:0122 D:0000 DB:86 NvMxdizc V:258 H:254 F: 9
						8495F4 64 03       STZ $03       [000003] A:00F4 X:0E68 Y:0000 S:0122 D:0000 DB:86 NvMxdizc V:258 H:259 F: 9
						8495F6 B4 05       LDY $05,X     [000E6D] A:00F4 X:0E68 Y:0000 S:0122 D:0000 DB:86 NvMxdizc V:258 H:264 F: 9
						8495F8 84 10       STY $10       [000010] A:00F4 X:0E68 Y:1D44 S:0122 D:0000 DB:86 nvMxdizc V:258 H:273 F: 9
						8495FA B4 08       LDY $08,X     [000E70] A:00F4 X:0E68 Y:1D44 S:0122 D:0000 DB:86 nvMxdizc V:258 H:280 F: 9
						8495FC 84 12       STY $12       [000012] A:00F4 X:0E68 Y:034A S:0122 D:0000 DB:86 nvMxdizc V:258 H:288 F: 9
						8495FE A6 28       LDX $28       [000028] A:00F4 X:0E68 Y:034A S:0122 D:0000 DB:86 nvMxdizc V:258 H:295 F: 9
						849600 FC 1C 96    JSR ($961C,X) [84961C] A:00F4 X:0000 Y:034A S:0122 D:0000 DB:86 nvMxdiZc V:258 H:302 F: 9

							84969C AD 1C 1F    LDA $1F1C     [861F1C] A:00F4 X:0000 Y:034A S:0120 D:0000 DB:86 nvMxdiZc V:258 H:315 F: 9
							84969F F0 11       BEQ $0011     [8496B2] A:0000 X:0000 Y:034A S:0120 D:0000 DB:86 nvMxdiZc V:258 H:322 F: 9
							8496B2 A9 00       LDA #$00               A:0000 X:0000 Y:034A S:0120 D:0000 DB:86 nvMxdiZc V:258 H:326 F: 9
							8496B4 60          RTS                    A:0000 X:0000 Y:034A S:0120 D:0000 DB:86 nvMxdiZc V:258 H:328 F: 9

						849603 F0 11       BEQ $0011     [849616] A:0000 X:0000 Y:034A S:0122 D:0000 DB:86 nvMxdiZc V:258 H:338 F: 9
						849616 A6 2C       LDX $2C       [00002C] A:0000 X:0000 Y:034A S:0122 D:0000 DB:86 nvMxdiZc V:259 H:  3 F: 9
						849618 20 08 93    JSR $9308     [849308] A:0000 X:0E68 Y:034A S:0122 D:0000 DB:86 nvMxdizc V:259 H: 10 F: 9

							849308 A5 14       LDA $14       [000014] A:0000 X:0E68 Y:034A S:0120 D:0000 DB:86 nvMxdizc V:259 H: 20 F: 9
							84930A F0 08       BEQ $0008     [849314] A:0000 X:0E68 Y:034A S:0120 D:0000 DB:86 nvMxdiZc V:259 H: 25 F: 9
							849314 60          RTS                    A:0000 X:0E68 Y:034A S:0120 D:0000 DB:86 nvMxdiZc V:259 H: 29 F: 9

						84961B 60          RTS                    A:0000 X:0E68 Y:034A S:0122 D:0000 DB:86 nvMxdiZc V:259 H: 39 F: 9

					849275 D0 32       BNE $0032     [8492A9] A:0000 X:0E68 Y:034A S:0124 D:0000 DB:86 nvMxdiZc V:259 H: 49 F: 9
					849277 A5 08       LDA $08       [000008] A:0000 X:0E68 Y:034A S:0124 D:0000 DB:86 nvMxdiZc V:259 H: 52 F: 9
					849279 29 7F       AND #$7F               A:0080 X:0E68 Y:034A S:0124 D:0000 DB:86 NvMxdizc V:259 H: 57 F: 9
					84927B 85 08       STA $08       [000008] A:0000 X:0E68 Y:034A S:0124 D:0000 DB:86 nvMxdiZc V:259 H: 60 F: 9
					84927D B4 20       LDY $20,X     [000E88] A:0000 X:0E68 Y:034A S:0124 D:0000 DB:86 nvMxdiZc V:259 H: 65 F: 9
					84927F B9 05 00    LDA $0005,Y   [86CFC2] A:0000 X:0E68 Y:CFBD S:0124 D:0000 DB:86 NvMxdizc V:259 H: 74 F: 9
					849282 34 11       BIT $11,X     [000E79] A:00F0 X:0E68 Y:CFBD S:0124 D:0000 DB:86 NvMxdizc V:259 H: 81 F: 9
					849284 50 03       BVC $0003     [849289] A:00F0 X:0E68 Y:CFBD S:0124 D:0000 DB:86 nvMxdizc V:259 H: 88 F: 9
					849289 38          SEC                    A:00F0 X:0E68 Y:CFBD S:0124 D:0000 DB:86 nvMxdizc V:259 H: 92 F: 9
					84928A F9 07 00    SBC $0007,Y   [86CFC4] A:00F0 X:0E68 Y:CFBD S:0124 D:0000 DB:86 nvMxdizC V:259 H: 95 F: 9
					84928D 95 29       STA $29,X     [000E91] A:00E4 X:0E68 Y:CFBD S:0124 D:0000 DB:86 NvMxdizC V:259 H:103 F: 9
					84928F 20 C4 95    JSR $95C4     [8495C4] A:00E4 X:0E68 Y:CFBD S:0124 D:0000 DB:86 NvMxdizC V:259 H:109 F: 9

						8495C4 B5 2A       LDA $2A,X     [000E92] A:00E4 X:0E68 Y:CFBD S:0122 D:0000 DB:86 NvMxdizC V:259 H:119 F: 9
						8495C6 48          PHA                    A:00F4 X:0E68 Y:CFBD S:0122 D:0000 DB:86 NvMxdizC V:259 H:126 F: 9
						8495C7 A5 08       LDA $08       [000008] A:00F4 X:0E68 Y:CFBD S:0121 D:0000 DB:86 NvMxdizC V:259 H:131 F: 9
						8495C9 29 7F       AND #$7F               A:0000 X:0E68 Y:CFBD S:0121 D:0000 DB:86 nvMxdiZC V:259 H:146 F: 9
						8495CB 18          CLC                    A:0000 X:0E68 Y:CFBD S:0121 D:0000 DB:86 nvMxdiZC V:259 H:149 F: 9
						8495CC 75 2A       ADC $2A,X     [000E92] A:0000 X:0E68 Y:CFBD S:0121 D:0000 DB:86 nvMxdiZc V:259 H:152 F: 9
						8495CE 95 2A       STA $2A,X     [000E92] A:00F4 X:0E68 Y:CFBD S:0121 D:0000 DB:86 NvMxdizc V:259 H:158 F: 9
						8495D0 20 B3 90    JSR $90B3     [8490B3] A:00F4 X:0E68 Y:CFBD S:0121 D:0000 DB:86 NvMxdizc V:259 H:165 F: 9

							8490B3 0B          PHD                    A:00F4 X:0E68 Y:CFBD S:011F D:0000 DB:86 NvMxdizc V:259 H:175 F: 9
							8490B4 DA          PHX                    A:00F4 X:0E68 Y:CFBD S:011D D:0000 DB:86 NvMxdizc V:259 H:182 F: 9
							8490B5 08          PHP                    A:00F4 X:0E68 Y:CFBD S:011B D:0000 DB:86 NvMxdizc V:259 H:189 F: 9
							8490B6 E2 20       SEP #$20               A:00F4 X:0E68 Y:CFBD S:011A D:0000 DB:86 NvMxdizc V:259 H:194 F: 9
							8490B8 C2 10       REP #$10               A:00F4 X:0E68 Y:CFBD S:011A D:0000 DB:86 NvMxdizc V:259 H:198 F: 9
							8490BA 64 01       STZ $01       [000001] A:00F4 X:0E68 Y:CFBD S:011A D:0000 DB:86 NvMxdizc V:259 H:203 F: 9
							8490BC B5 29       LDA $29,X     [000E91] A:00F4 X:0E68 Y:CFBD S:011A D:0000 DB:86 NvMxdizc V:259 H:208 F: 9
							8490BE 10 02       BPL $0002     [8490C2] A:00E4 X:0E68 Y:CFBD S:011A D:0000 DB:86 NvMxdizc V:259 H:214 F: 9
							8490C0 C6 01       DEC $01       [000001] A:00E4 X:0E68 Y:CFBD S:011A D:0000 DB:86 NvMxdizc V:259 H:217 F: 9
							8490C2 18          CLC                    A:00E4 X:0E68 Y:CFBD S:011A D:0000 DB:86 NvMxdizc V:259 H:226 F: 9
							8490C3 75 05       ADC $05,X     [000E6D] A:00E4 X:0E68 Y:CFBD S:011A D:0000 DB:86 NvMxdizc V:259 H:229 F: 9
							8490C5 85 00       STA $00       [000000] A:0028 X:0E68 Y:CFBD S:011A D:0000 DB:86 nvMxdizC V:259 H:235 F: 9
							8490C7 B5 06       LDA $06,X     [000E6E] A:0028 X:0E68 Y:CFBD S:011A D:0000 DB:86 nvMxdizC V:259 H:240 F: 9
							8490C9 65 01       ADC $01       [000001] A:001D X:0E68 Y:CFBD S:011A D:0000 DB:86 nvMxdizC V:259 H:247 F: 9
							8490CB 85 01       STA $01       [000001] A:001D X:0E68 Y:CFBD S:011A D:0000 DB:86 nvMxdizC V:259 H:252 F: 9
							8490CD 64 03       STZ $03       [000003] A:001D X:0E68 Y:CFBD S:011A D:0000 DB:86 nvMxdizC V:259 H:257 F: 9
							8490CF B5 2A       LDA $2A,X     [000E92] A:001D X:0E68 Y:CFBD S:011A D:0000 DB:86 nvMxdizC V:259 H:262 F: 9
							8490D1 10 02       BPL $0002     [8490D5] A:00F4 X:0E68 Y:CFBD S:011A D:0000 DB:86 NvMxdizC V:259 H:268 F: 9
							8490D3 C6 03       DEC $03       [000003] A:00F4 X:0E68 Y:CFBD S:011A D:0000 DB:86 NvMxdizC V:259 H:271 F: 9
							8490D5 18          CLC                    A:00F4 X:0E68 Y:CFBD S:011A D:0000 DB:86 NvMxdizC V:259 H:280 F: 9
							8490D6 75 08       ADC $08,X     [000E70] A:00F4 X:0E68 Y:CFBD S:011A D:0000 DB:86 NvMxdizc V:259 H:283 F: 9
							8490D8 85 02       STA $02       [000002] A:003E X:0E68 Y:CFBD S:011A D:0000 DB:86 nvMxdizC V:259 H:289 F: 9
							8490DA 29 F0       AND #$F0               A:003E X:0E68 Y:CFBD S:011A D:0000 DB:86 nvMxdizC V:259 H:294 F: 9
							8490DC 85 0A       STA $0A       [00000A] A:0030 X:0E68 Y:CFBD S:011A D:0000 DB:86 nvMxdizC V:259 H:297 F: 9
							8490DE B5 09       LDA $09,X     [000E71] A:0030 X:0E68 Y:CFBD S:011A D:0000 DB:86 nvMxdizC V:259 H:302 F: 9
							8490E0 65 03       ADC $03       [000003] A:0003 X:0E68 Y:CFBD S:011A D:0000 DB:86 nvMxdizC V:259 H:309 F: 9
							8490E2 85 03       STA $03       [000003] A:0003 X:0E68 Y:CFBD S:011A D:0000 DB:86 nvMxdizC V:259 H:314 F: 9
							8490E4 85 0B       STA $0B       [00000B] A:0003 X:0E68 Y:CFBD S:011A D:0000 DB:86 nvMxdizC V:259 H:319 F: 9
							8490E6 A5 00       LDA $00       [000000] A:0003 X:0E68 Y:CFBD S:011A D:0000 DB:86 nvMxdizC V:259 H:323 F: 9
							8490E8 29 0F       AND #$0F               A:0028 X:0E68 Y:CFBD S:011A D:0000 DB:86 nvMxdizC V:259 H:328 F: 9
							8490EA 1A          INC                    A:0008 X:0E68 Y:CFBD S:011A D:0000 DB:86 nvMxdizC V:259 H:331 F: 9
							8490EB 85 0C       STA $0C       [00000C] A:0009 X:0E68 Y:CFBD S:011A D:0000 DB:86 nvMxdizC V:259 H:334 F: 9
							8490ED A5 02       LDA $02       [000002] A:0009 X:0E68 Y:CFBD S:011A D:0000 DB:86 nvMxdizC V:259 H:339 F: 9
							8490EF 29 0F       AND #$0F               A:003E X:0E68 Y:CFBD S:011A D:0000 DB:86 nvMxdizC V:260 H:  4 F: 9
							8490F1 1A          INC                    A:000E X:0E68 Y:CFBD S:011A D:0000 DB:86 nvMxdizC V:260 H:  7 F: 9
							8490F2 85 0E       STA $0E       [00000E] A:000F X:0E68 Y:CFBD S:011A D:0000 DB:86 nvMxdizC V:260 H: 10 F: 9
							8490F4 C2 20       REP #$20               A:000F X:0E68 Y:CFBD S:011A D:0000 DB:86 nvMxdizC V:260 H: 15 F: 9
							8490F6 20 6A 91    JSR $916A     [84916A] A:000F X:0E68 Y:CFBD S:011A D:0000 DB:86 nvmxdizC V:260 H: 19 F: 9

								84916A A9 00 E8    LDA #$E800             A:000F X:0E68 Y:CFBD S:0118 D:0000 DB:86 nvmxdizC V:260 H: 29 F: 9
								84916D 85 10       STA $10       [000010] A:E800 X:0E68 Y:CFBD S:0118 D:0000 DB:86 NvmxdizC V:260 H: 34 F: 9
								84916F A9 7E 00    LDA #$007E             A:E800 X:0E68 Y:CFBD S:0118 D:0000 DB:86 NvmxdizC V:260 H: 41 F: 9
								849172 85 12       STA $12       [000012] A:007E X:0E68 Y:CFBD S:0118 D:0000 DB:86 nvmxdizC V:260 H: 45 F: 9
								849174 A5 02       LDA $02       [000002] A:007E X:0E68 Y:CFBD S:0118 D:0000 DB:86 nvmxdizC V:260 H: 52 F: 9
								849176 29 F0 00    AND #$00F0             A:033E X:0E68 Y:CFBD S:0118 D:0000 DB:86 nvmxdizC V:260 H: 59 F: 9
								849179 0A          ASL A                  A:0030 X:0E68 Y:CFBD S:0118 D:0000 DB:86 nvmxdizC V:260 H: 64 F: 9
								84917A 85 04       STA $04       [000004] A:0060 X:0E68 Y:CFBD S:0118 D:0000 DB:86 nvmxdizc V:260 H: 67 F: 9
								84917C A5 00       LDA $00       [000000] A:0060 X:0E68 Y:CFBD S:0118 D:0000 DB:86 nvmxdizc V:260 H: 74 F: 9
								84917E 29 FF 00    AND #$00FF             A:1D28 X:0E68 Y:CFBD S:0118 D:0000 DB:86 nvmxdizc V:260 H: 81 F: 9
								849181 4A          LSR A                  A:0028 X:0E68 Y:CFBD S:0118 D:0000 DB:86 nvmxdizc V:260 H: 85 F: 9
								849182 4A          LSR A                  A:0014 X:0E68 Y:CFBD S:0118 D:0000 DB:86 nvmxdizc V:260 H: 88 F: 9
								849183 4A          LSR A                  A:000A X:0E68 Y:CFBD S:0118 D:0000 DB:86 nvmxdizc V:260 H: 91 F: 9
								849184 29 FE FF    AND #$FFFE             A:0005 X:0E68 Y:CFBD S:0118 D:0000 DB:86 nvmxdizc V:260 H: 94 F: 9
								849187 18          CLC                    A:0004 X:0E68 Y:CFBD S:0118 D:0000 DB:86 nvmxdizc V:260 H: 99 F: 9
								849188 65 04       ADC $04       [000004] A:0004 X:0E68 Y:CFBD S:0118 D:0000 DB:86 nvmxdizc V:260 H:102 F: 9
								84918A 85 06       STA $06       [000006] A:0064 X:0E68 Y:CFBD S:0118 D:0000 DB:86 nvmxdizc V:260 H:109 F: 9
								84918C A5 00       LDA $00       [000000] A:0064 X:0E68 Y:CFBD S:0118 D:0000 DB:86 nvmxdizc V:260 H:116 F: 9
								84918E EB          XBA                    A:1D28 X:0E68 Y:CFBD S:0118 D:0000 DB:86 nvmxdizc V:260 H:123 F: 9
								84918F 29 1F 00    AND #$001F             A:281D X:0E68 Y:CFBD S:0118 D:0000 DB:86 nvmxdizc V:260 H:127 F: 9
								849192 85 04       STA $04       [000004] A:001D X:0E68 Y:CFBD S:0118 D:0000 DB:86 nvmxdizc V:260 H:132 F: 9
								849194 A5 02       LDA $02       [000002] A:001D X:0E68 Y:CFBD S:0118 D:0000 DB:86 nvmxdizc V:260 H:149 F: 9
								849196 29 00 1F    AND #$1F00             A:033E X:0E68 Y:CFBD S:0118 D:0000 DB:86 nvmxdizc V:260 H:156 F: 9
								849199 4A          LSR A                  A:0300 X:0E68 Y:CFBD S:0118 D:0000 DB:86 nvmxdizc V:260 H:160 F: 9
								84919A 4A          LSR A                  A:0180 X:0E68 Y:CFBD S:0118 D:0000 DB:86 nvmxdizc V:260 H:163 F: 9
								84919B 4A          LSR A                  A:00C0 X:0E68 Y:CFBD S:0118 D:0000 DB:86 nvmxdizc V:260 H:166 F: 9
								84919C 18          CLC                    A:0060 X:0E68 Y:CFBD S:0118 D:0000 DB:86 nvmxdizc V:260 H:169 F: 9
								84919D 65 04       ADC $04       [000004] A:0060 X:0E68 Y:CFBD S:0118 D:0000 DB:86 nvmxdizc V:260 H:172 F: 9
								84919F A8          TAY                    A:007D X:0E68 Y:CFBD S:0118 D:0000 DB:86 nvmxdizc V:260 H:179 F: 9
								8491A0 B7 10       LDA [$10],Y   [7EE87D] A:007D X:0E68 Y:007D S:0118 D:0000 DB:86 nvmxdizc V:260 H:182 F: 9
								8491A2 29 FF 00    AND #$00FF             A:0024 X:0E68 Y:007D S:0118 D:0000 DB:86 nvmxdizc V:260 H:195 F: 9
								8491A5 A8          TAY                    A:0024 X:0E68 Y:007D S:0118 D:0000 DB:86 nvmxdizc V:260 H:200 F: 9
								8491A6 EB          XBA                    A:0024 X:0E68 Y:0024 S:0118 D:0000 DB:86 nvmxdizc V:260 H:203 F: 9
								8491A7 0A          ASL A                  A:2400 X:0E68 Y:0024 S:0118 D:0000 DB:86 nvmxdiZc V:260 H:207 F: 9
								8491A8 18          CLC                    A:4800 X:0E68 Y:0024 S:0118 D:0000 DB:86 nvmxdizc V:260 H:210 F: 9
								8491A9 65 06       ADC $06       [000006] A:4800 X:0E68 Y:0024 S:0118 D:0000 DB:86 nvmxdizc V:260 H:213 F: 9
								8491AB AA          TAX                    A:4864 X:0E68 Y:0024 S:0118 D:0000 DB:86 nvmxdizc V:260 H:220 F: 9
								8491AC 60          RTS                    A:4864 X:4864 Y:0024 S:0118 D:0000 DB:86 nvmxdizc V:260 H:223 F: 9

							8490F9 BF 00 20 7E LDA $7E2000,X [7E6864] A:4864 X:4864 Y:0024 S:011A D:0000 DB:86 nvmxdizc V:260 H:233 F: 9
							8490FD A8          TAY                    A:017F X:4864 Y:0024 S:011A D:0000 DB:86 nvmxdizc V:260 H:243 F: 9
							8490FE AD 92 0B    LDA $0B92     [860B92] A:017F X:4864 Y:017F S:011A D:0000 DB:86 nvmxdizc V:260 H:246 F: 9
							849101 85 10       STA $10       [000010] A:EB15 X:4864 Y:017F S:011A D:0000 DB:86 Nvmxdizc V:260 H:255 F: 9
							849103 AD 94 0B    LDA $0B94     [860B94] A:EB15 X:4864 Y:017F S:011A D:0000 DB:86 Nvmxdizc V:260 H:262 F: 9
							849106 85 12       STA $12       [000012] A:F895 X:4864 Y:017F S:011A D:0000 DB:86 Nvmxdizc V:260 H:270 F: 9
							849108 B7 10       LDA [$10],Y   [95EC94] A:F895 X:4864 Y:017F S:011A D:0000 DB:86 Nvmxdizc V:260 H:277 F: 9
							84910A 29 FF 00    AND #$00FF             A:0000 X:4864 Y:017F S:011A D:0000 DB:86 nvmxdiZc V:260 H:289 F: 9
							84910D 28          PLP                    A:0000 X:4864 Y:017F S:011A D:0000 DB:86 nvmxdiZc V:260 H:294 F: 9
							84910E FA          PLX                    A:0000 X:4864 Y:017F S:011B D:0000 DB:86 NvMxdizc V:260 H:300 F: 9
							84910F 2B          PLD                    A:0000 X:0E68 Y:017F S:011D D:0000 DB:86 nvMxdizc V:260 H:309 F: 9
							849110 60          RTS                    A:0000 X:0E68 Y:017F S:011F D:0000 DB:86 nvMxdiZc V:260 H:317 F: 9

						8495D3 95 2E       STA $2E,X     [000E96] A:0000 X:0E68 Y:017F S:0121 D:0000 DB:86 nvMxdiZc V:260 H:327 F: 9
						8495D5 85 18       STA $18       [000018] A:0000 X:0E68 Y:017F S:0121 D:0000 DB:86 nvMxdiZc V:260 H:333 F: 9
						8495D7 29 3F       AND #$3F               A:0000 X:0E68 Y:017F S:0121 D:0000 DB:86 nvMxdiZc V:260 H:338 F: 9
						8495D9 0A          ASL A                  A:0000 X:0E68 Y:017F S:0121 D:0000 DB:86 nvMxdiZc V:261 H:  1 F: 9
						8495DA EB          XBA                    A:0000 X:0E68 Y:017F S:0121 D:0000 DB:86 nvMxdiZc V:261 H:  4 F: 9
						8495DB A9 00       LDA #$00               A:0000 X:0E68 Y:017F S:0121 D:0000 DB:86 nvMxdiZc V:261 H:  8 F: 9
						8495DD EB          XBA                    A:0000 X:0E68 Y:017F S:0121 D:0000 DB:86 nvMxdiZc V:261 H: 11 F: 9
						8495DE A8          TAY                    A:0000 X:0E68 Y:017F S:0121 D:0000 DB:86 nvMxdiZc V:261 H: 16 F: 9
						8495DF 84 28       STY $28       [000028] A:0000 X:0E68 Y:0000 S:0121 D:0000 DB:86 nvMxdiZc V:261 H: 19 F: 9
						8495E1 86 2C       STX $2C       [00002C] A:0000 X:0E68 Y:0000 S:0121 D:0000 DB:86 nvMxdiZc V:261 H: 26 F: 9
						8495E3 68          PLA                    A:0000 X:0E68 Y:0000 S:0121 D:0000 DB:86 nvMxdiZc V:261 H: 33 F: 9
						8495E4 95 2A       STA $2A,X     [000E92] A:00F4 X:0E68 Y:0000 S:0122 D:0000 DB:86 NvMxdizc V:261 H: 39 F: 9
						8495E6 A6 2C       LDX $2C       [00002C] A:00F4 X:0E68 Y:0000 S:0122 D:0000 DB:86 NvMxdizc V:261 H: 46 F: 9
						8495E8 A9 FB       LDA #$FB               A:00F4 X:0E68 Y:0000 S:0122 D:0000 DB:86 nvMxdizc V:261 H: 53 F: 9
						8495EA 35 2B       AND $2B,X     [000E93] A:00FB X:0E68 Y:0000 S:0122 D:0000 DB:86 NvMxdizc V:261 H: 56 F: 9
						8495EC 95 2B       STA $2B,X     [000E93] A:0000 X:0E68 Y:0000 S:0122 D:0000 DB:86 nvMxdiZc V:261 H: 62 F: 9
						8495EE 64 01       STZ $01       [000001] A:0000 X:0E68 Y:0000 S:0122 D:0000 DB:86 nvMxdiZc V:261 H: 69 F: 9
						8495F0 B5 2A       LDA $2A,X     [000E92] A:0000 X:0E68 Y:0000 S:0122 D:0000 DB:86 nvMxdiZc V:261 H: 74 F: 9
						8495F2 85 02       STA $02       [000002] A:00F4 X:0E68 Y:0000 S:0122 D:0000 DB:86 NvMxdizc V:261 H: 80 F: 9
						8495F4 64 03       STZ $03       [000003] A:00F4 X:0E68 Y:0000 S:0122 D:0000 DB:86 NvMxdizc V:261 H: 85 F: 9
						8495F6 B4 05       LDY $05,X     [000E6D] A:00F4 X:0E68 Y:0000 S:0122 D:0000 DB:86 NvMxdizc V:261 H: 90 F: 9
						8495F8 84 10       STY $10       [000010] A:00F4 X:0E68 Y:1D44 S:0122 D:0000 DB:86 nvMxdizc V:261 H: 99 F: 9
						8495FA B4 08       LDY $08,X     [000E70] A:00F4 X:0E68 Y:1D44 S:0122 D:0000 DB:86 nvMxdizc V:261 H:106 F: 9
						8495FC 84 12       STY $12       [000012] A:00F4 X:0E68 Y:034A S:0122 D:0000 DB:86 nvMxdizc V:261 H:114 F: 9
						8495FE A6 28       LDX $28       [000028] A:00F4 X:0E68 Y:034A S:0122 D:0000 DB:86 nvMxdizc V:261 H:121 F: 9
						849600 FC 1C 96    JSR ($961C,X) [84961C] A:00F4 X:0000 Y:034A S:0122 D:0000 DB:86 nvMxdiZc V:261 H:128 F: 9

							84969C AD 1C 1F    LDA $1F1C     [861F1C] A:00F4 X:0000 Y:034A S:0120 D:0000 DB:86 nvMxdiZc V:261 H:151 F: 9
							84969F F0 11       BEQ $0011     [8496B2] A:0000 X:0000 Y:034A S:0120 D:0000 DB:86 nvMxdiZc V:261 H:158 F: 9
							8496B2 A9 00       LDA #$00               A:0000 X:0000 Y:034A S:0120 D:0000 DB:86 nvMxdiZc V:261 H:162 F: 9
							8496B4 60          RTS                    A:0000 X:0000 Y:034A S:0120 D:0000 DB:86 nvMxdiZc V:261 H:165 F: 9

						849603 F0 11       BEQ $0011     [849616] A:0000 X:0000 Y:034A S:0122 D:0000 DB:86 nvMxdiZc V:261 H:175 F: 9
						849616 A6 2C       LDX $2C       [00002C] A:0000 X:0000 Y:034A S:0122 D:0000 DB:86 nvMxdiZc V:261 H:180 F: 9
						849618 20 08 93    JSR $9308     [849308] A:0000 X:0E68 Y:034A S:0122 D:0000 DB:86 nvMxdizc V:261 H:187 F: 9

							849308 A5 14       LDA $14       [000014] A:0000 X:0E68 Y:034A S:0120 D:0000 DB:86 nvMxdizc V:261 H:197 F: 9
							84930A F0 08       BEQ $0008     [849314] A:0000 X:0E68 Y:034A S:0120 D:0000 DB:86 nvMxdiZc V:261 H:202 F: 9
							849314 60          RTS                    A:0000 X:0E68 Y:034A S:0120 D:0000 DB:86 nvMxdiZc V:261 H:206 F: 9

						84961B 60          RTS                    A:0000 X:0E68 Y:034A S:0122 D:0000 DB:86 nvMxdiZc V:261 H:216 F: 9

					849292 D0 15       BNE $0015     [8492A9] A:0000 X:0E68 Y:034A S:0124 D:0000 DB:86 nvMxdiZc V:261 H:226 F: 9
					849294 B4 20       LDY $20,X     [000E88] A:0000 X:0E68 Y:034A S:0124 D:0000 DB:86 nvMxdiZc V:261 H:229 F: 9
					849296 B9 05 00    LDA $0005,Y   [86CFC2] A:0000 X:0E68 Y:CFBD S:0124 D:0000 DB:86 NvMxdizc V:261 H:238 F: 9
					849299 34 11       BIT $11,X     [000E79] A:00F0 X:0E68 Y:CFBD S:0124 D:0000 DB:86 NvMxdizc V:261 H:245 F: 9
					84929B 50 03       BVC $0003     [8492A0] A:00F0 X:0E68 Y:CFBD S:0124 D:0000 DB:86 nvMxdizc V:261 H:252 F: 9
					8492A0 18          CLC                    A:00F0 X:0E68 Y:CFBD S:0124 D:0000 DB:86 nvMxdizc V:261 H:256 F: 9
					8492A1 79 07 00    ADC $0007,Y   [86CFC4] A:00F0 X:0E68 Y:CFBD S:0124 D:0000 DB:86 nvMxdizc V:261 H:259 F: 9
					8492A4 95 29       STA $29,X     [000E91] A:00FC X:0E68 Y:CFBD S:0124 D:0000 DB:86 NvMxdizc V:261 H:267 F: 9
					8492A6 20 C4 95    JSR $95C4     [8495C4] A:00FC X:0E68 Y:CFBD S:0124 D:0000 DB:86 NvMxdizc V:261 H:273 F: 9

						8495C4 B5 2A       LDA $2A,X     [000E92] A:00FC X:0E68 Y:CFBD S:0122 D:0000 DB:86 NvMxdizc V:261 H:283 F: 9
						8495C6 48          PHA                    A:00F4 X:0E68 Y:CFBD S:0122 D:0000 DB:86 NvMxdizc V:261 H:290 F: 9
						8495C7 A5 08       LDA $08       [000008] A:00F4 X:0E68 Y:CFBD S:0121 D:0000 DB:86 NvMxdizc V:261 H:295 F: 9
						8495C9 29 7F       AND #$7F               A:0000 X:0E68 Y:CFBD S:0121 D:0000 DB:86 nvMxdiZc V:261 H:300 F: 9
						8495CB 18          CLC                    A:0000 X:0E68 Y:CFBD S:0121 D:0000 DB:86 nvMxdiZc V:261 H:303 F: 9
						8495CC 75 2A       ADC $2A,X     [000E92] A:0000 X:0E68 Y:CFBD S:0121 D:0000 DB:86 nvMxdiZc V:261 H:306 F: 9
						8495CE 95 2A       STA $2A,X     [000E92] A:00F4 X:0E68 Y:CFBD S:0121 D:0000 DB:86 NvMxdizc V:261 H:312 F: 9
						8495D0 20 B3 90    JSR $90B3     [8490B3] A:00F4 X:0E68 Y:CFBD S:0121 D:0000 DB:86 NvMxdizc V:261 H:319 F: 9

							8490B3 0B          PHD                    A:00F4 X:0E68 Y:CFBD S:011F D:0000 DB:86 NvMxdizc V:261 H:328 F: 9
							8490B4 DA          PHX                    A:00F4 X:0E68 Y:CFBD S:011D D:0000 DB:86 NvMxdizc V:261 H:335 F: 9
							8490B5 08          PHP                    A:00F4 X:0E68 Y:CFBD S:011B D:0000 DB:86 NvMxdizc V:  0 H:  2 F:10
							8490B6 E2 20       SEP #$20               A:00F4 X:0E68 Y:CFBD S:011A D:0000 DB:86 NvMxdizc V:  0 H:  7 F:10
							8490B8 C2 10       REP #$10               A:00F4 X:0E68 Y:CFBD S:011A D:0000 DB:86 NvMxdizc V:  0 H: 11 F:10
							8490BA 64 01       STZ $01       [000001] A:00F4 X:0E68 Y:CFBD S:011A D:0000 DB:86 NvMxdizc V:  0 H: 16 F:10
							8490BC B5 29       LDA $29,X     [000E91] A:00F4 X:0E68 Y:CFBD S:011A D:0000 DB:86 NvMxdizc V:  0 H: 21 F:10
							8490BE 10 02       BPL $0002     [8490C2] A:00FC X:0E68 Y:CFBD S:011A D:0000 DB:86 NvMxdizc V:  0 H: 27 F:10
							8490C0 C6 01       DEC $01       [000001] A:00FC X:0E68 Y:CFBD S:011A D:0000 DB:86 NvMxdizc V:  0 H: 30 F:10
							8490C2 18          CLC                    A:00FC X:0E68 Y:CFBD S:011A D:0000 DB:86 NvMxdizc V:  0 H: 39 F:10
							8490C3 75 05       ADC $05,X     [000E6D] A:00FC X:0E68 Y:CFBD S:011A D:0000 DB:86 NvMxdizc V:  0 H: 42 F:10
							8490C5 85 00       STA $00       [000000] A:0040 X:0E68 Y:CFBD S:011A D:0000 DB:86 nvMxdizC V:  0 H: 48 F:10
							8490C7 B5 06       LDA $06,X     [000E6E] A:0040 X:0E68 Y:CFBD S:011A D:0000 DB:86 nvMxdizC V:  0 H: 53 F:10
							8490C9 65 01       ADC $01       [000001] A:001D X:0E68 Y:CFBD S:011A D:0000 DB:86 nvMxdizC V:  0 H: 60 F:10
							8490CB 85 01       STA $01       [000001] A:001D X:0E68 Y:CFBD S:011A D:0000 DB:86 nvMxdizC V:  0 H: 65 F:10
							8490CD 64 03       STZ $03       [000003] A:001D X:0E68 Y:CFBD S:011A D:0000 DB:86 nvMxdizC V:  0 H: 70 F:10
							8490CF B5 2A       LDA $2A,X     [000E92] A:001D X:0E68 Y:CFBD S:011A D:0000 DB:86 nvMxdizC V:  0 H: 75 F:10
							8490D1 10 02       BPL $0002     [8490D5] A:00F4 X:0E68 Y:CFBD S:011A D:0000 DB:86 NvMxdizC V:  0 H: 81 F:10
							8490D3 C6 03       DEC $03       [000003] A:00F4 X:0E68 Y:CFBD S:011A D:0000 DB:86 NvMxdizC V:  0 H: 84 F:10
							8490D5 18          CLC                    A:00F4 X:0E68 Y:CFBD S:011A D:0000 DB:86 NvMxdizC V:  0 H: 93 F:10
							8490D6 75 08       ADC $08,X     [000E70] A:00F4 X:0E68 Y:CFBD S:011A D:0000 DB:86 NvMxdizc V:  0 H: 96 F:10
							8490D8 85 02       STA $02       [000002] A:003E X:0E68 Y:CFBD S:011A D:0000 DB:86 nvMxdizC V:  0 H:102 F:10
							8490DA 29 F0       AND #$F0               A:003E X:0E68 Y:CFBD S:011A D:0000 DB:86 nvMxdizC V:  0 H:107 F:10
							8490DC 85 0A       STA $0A       [00000A] A:0030 X:0E68 Y:CFBD S:011A D:0000 DB:86 nvMxdizC V:  0 H:110 F:10
							8490DE B5 09       LDA $09,X     [000E71] A:0030 X:0E68 Y:CFBD S:011A D:0000 DB:86 nvMxdizC V:  0 H:115 F:10
							8490E0 65 03       ADC $03       [000003] A:0003 X:0E68 Y:CFBD S:011A D:0000 DB:86 nvMxdizC V:  0 H:122 F:10
							8490E2 85 03       STA $03       [000003] A:0003 X:0E68 Y:CFBD S:011A D:0000 DB:86 nvMxdizC V:  0 H:127 F:10
							8490E4 85 0B       STA $0B       [00000B] A:0003 X:0E68 Y:CFBD S:011A D:0000 DB:86 nvMxdizC V:  0 H:132 F:10
							8490E6 A5 00       LDA $00       [000000] A:0003 X:0E68 Y:CFBD S:011A D:0000 DB:86 nvMxdizC V:  0 H:147 F:10
							8490E8 29 0F       AND #$0F               A:0040 X:0E68 Y:CFBD S:011A D:0000 DB:86 nvMxdizC V:  0 H:152 F:10
							8490EA 1A          INC                    A:0000 X:0E68 Y:CFBD S:011A D:0000 DB:86 nvMxdiZC V:  0 H:155 F:10
							8490EB 85 0C       STA $0C       [00000C] A:0001 X:0E68 Y:CFBD S:011A D:0000 DB:86 nvMxdizC V:  0 H:158 F:10
							8490ED A5 02       LDA $02       [000002] A:0001 X:0E68 Y:CFBD S:011A D:0000 DB:86 nvMxdizC V:  0 H:163 F:10
							8490EF 29 0F       AND #$0F               A:003E X:0E68 Y:CFBD S:011A D:0000 DB:86 nvMxdizC V:  0 H:168 F:10
							8490F1 1A          INC                    A:000E X:0E68 Y:CFBD S:011A D:0000 DB:86 nvMxdizC V:  0 H:171 F:10
							8490F2 85 0E       STA $0E       [00000E] A:000F X:0E68 Y:CFBD S:011A D:0000 DB:86 nvMxdizC V:  0 H:174 F:10
							8490F4 C2 20       REP #$20               A:000F X:0E68 Y:CFBD S:011A D:0000 DB:86 nvMxdizC V:  0 H:179 F:10
							8490F6 20 6A 91    JSR $916A     [84916A] A:000F X:0E68 Y:CFBD S:011A D:0000 DB:86 nvmxdizC V:  0 H:183 F:10

								84916A A9 00 E8    LDA #$E800             A:000F X:0E68 Y:CFBD S:0118 D:0000 DB:86 nvmxdizC V:  0 H:193 F:10
								84916D 85 10       STA $10       [000010] A:E800 X:0E68 Y:CFBD S:0118 D:0000 DB:86 NvmxdizC V:  0 H:198 F:10
								84916F A9 7E 00    LDA #$007E             A:E800 X:0E68 Y:CFBD S:0118 D:0000 DB:86 NvmxdizC V:  0 H:205 F:10
								849172 85 12       STA $12       [000012] A:007E X:0E68 Y:CFBD S:0118 D:0000 DB:86 nvmxdizC V:  0 H:209 F:10
								849174 A5 02       LDA $02       [000002] A:007E X:0E68 Y:CFBD S:0118 D:0000 DB:86 nvmxdizC V:  0 H:216 F:10
								849176 29 F0 00    AND #$00F0             A:033E X:0E68 Y:CFBD S:0118 D:0000 DB:86 nvmxdizC V:  0 H:223 F:10
								849179 0A          ASL A                  A:0030 X:0E68 Y:CFBD S:0118 D:0000 DB:86 nvmxdizC V:  0 H:228 F:10
								84917A 85 04       STA $04       [000004] A:0060 X:0E68 Y:CFBD S:0118 D:0000 DB:86 nvmxdizc V:  0 H:231 F:10
								84917C A5 00       LDA $00       [000000] A:0060 X:0E68 Y:CFBD S:0118 D:0000 DB:86 nvmxdizc V:  0 H:238 F:10
								84917E 29 FF 00    AND #$00FF             A:1D40 X:0E68 Y:CFBD S:0118 D:0000 DB:86 nvmxdizc V:  0 H:245 F:10
								849181 4A          LSR A                  A:0040 X:0E68 Y:CFBD S:0118 D:0000 DB:86 nvmxdizc V:  0 H:249 F:10
								849182 4A          LSR A                  A:0020 X:0E68 Y:CFBD S:0118 D:0000 DB:86 nvmxdizc V:  0 H:252 F:10
								849183 4A          LSR A                  A:0010 X:0E68 Y:CFBD S:0118 D:0000 DB:86 nvmxdizc V:  0 H:255 F:10
								849184 29 FE FF    AND #$FFFE             A:0008 X:0E68 Y:CFBD S:0118 D:0000 DB:86 nvmxdizc V:  0 H:258 F:10
								849187 18          CLC                    A:0008 X:0E68 Y:CFBD S:0118 D:0000 DB:86 nvmxdizc V:  0 H:263 F:10
								849188 65 04       ADC $04       [000004] A:0008 X:0E68 Y:CFBD S:0118 D:0000 DB:86 nvmxdizc V:  0 H:266 F:10
								84918A 85 06       STA $06       [000006] A:0068 X:0E68 Y:CFBD S:0118 D:0000 DB:86 nvmxdizc V:  0 H:273 F:10
								84918C A5 00       LDA $00       [000000] A:0068 X:0E68 Y:CFBD S:0118 D:0000 DB:86 nvmxdizc V:  0 H:280 F:10
								84918E EB          XBA                    A:1D40 X:0E68 Y:CFBD S:0118 D:0000 DB:86 nvmxdizc V:  0 H:287 F:10
								84918F 29 1F 00    AND #$001F             A:401D X:0E68 Y:CFBD S:0118 D:0000 DB:86 nvmxdizc V:  0 H:291 F:10
								849192 85 04       STA $04       [000004] A:001D X:0E68 Y:CFBD S:0118 D:0000 DB:86 nvmxdizc V:  0 H:296 F:10
								849194 A5 02       LDA $02       [000002] A:001D X:0E68 Y:CFBD S:0118 D:0000 DB:86 nvmxdizc V:  0 H:303 F:10
								849196 29 00 1F    AND #$1F00             A:033E X:0E68 Y:CFBD S:0118 D:0000 DB:86 nvmxdizc V:  0 H:310 F:10
								849199 4A          LSR A                  A:0300 X:0E68 Y:CFBD S:0118 D:0000 DB:86 nvmxdizc V:  0 H:314 F:10
								84919A 4A          LSR A                  A:0180 X:0E68 Y:CFBD S:0118 D:0000 DB:86 nvmxdizc V:  0 H:317 F:10
								84919B 4A          LSR A                  A:00C0 X:0E68 Y:CFBD S:0118 D:0000 DB:86 nvmxdizc V:  0 H:320 F:10
								84919C 18          CLC                    A:0060 X:0E68 Y:CFBD S:0118 D:0000 DB:86 nvmxdizc V:  0 H:323 F:10
								84919D 65 04       ADC $04       [000004] A:0060 X:0E68 Y:CFBD S:0118 D:0000 DB:86 nvmxdizc V:  0 H:326 F:10
								84919F A8          TAY                    A:007D X:0E68 Y:CFBD S:0118 D:0000 DB:86 nvmxdizc V:  0 H:332 F:10
								8491A0 B7 10       LDA [$10],Y   [7EE87D] A:007D X:0E68 Y:007D S:0118 D:0000 DB:86 nvmxdizc V:  0 H:335 F:10
								8491A2 29 FF 00    AND #$00FF             A:0024 X:0E68 Y:007D S:0118 D:0000 DB:86 nvmxdizc V:  1 H:  8 F:10
								8491A5 A8          TAY                    A:0024 X:0E68 Y:007D S:0118 D:0000 DB:86 nvmxdizc V:  1 H: 13 F:10
								8491A6 EB          XBA                    A:0024 X:0E68 Y:0024 S:0118 D:0000 DB:86 nvmxdizc V:  1 H: 16 F:10
								8491A7 0A          ASL A                  A:2400 X:0E68 Y:0024 S:0118 D:0000 DB:86 nvmxdiZc V:  1 H: 20 F:10
								8491A8 18          CLC                    A:4800 X:0E68 Y:0024 S:0118 D:0000 DB:86 nvmxdizc V:  1 H: 23 F:10
								8491A9 65 06       ADC $06       [000006] A:4800 X:0E68 Y:0024 S:0118 D:0000 DB:86 nvmxdizc V:  1 H: 26 F:10
								8491AB AA          TAX                    A:4868 X:0E68 Y:0024 S:0118 D:0000 DB:86 nvmxdizc V:  1 H: 33 F:10
								8491AC 60          RTS                    A:4868 X:4868 Y:0024 S:0118 D:0000 DB:86 nvmxdizc V:  1 H: 36 F:10

							8490F9 BF 00 20 7E LDA $7E2000,X [7E6868] A:4868 X:4868 Y:0024 S:011A D:0000 DB:86 nvmxdizc V:  1 H: 46 F:10
							8490FD A8          TAY                    A:0180 X:4868 Y:0024 S:011A D:0000 DB:86 nvmxdizc V:  1 H: 56 F:10
							8490FE AD 92 0B    LDA $0B92     [860B92] A:0180 X:4868 Y:0180 S:011A D:0000 DB:86 nvmxdizc V:  1 H: 59 F:10
							849101 85 10       STA $10       [000010] A:EB15 X:4868 Y:0180 S:011A D:0000 DB:86 Nvmxdizc V:  1 H: 68 F:10
							849103 AD 94 0B    LDA $0B94     [860B94] A:EB15 X:4868 Y:0180 S:011A D:0000 DB:86 Nvmxdizc V:  1 H: 75 F:10
							849106 85 12       STA $12       [000012] A:F895 X:4868 Y:0180 S:011A D:0000 DB:86 Nvmxdizc V:  1 H: 83 F:10
							849108 B7 10       LDA [$10],Y   [95EC95] A:F895 X:4868 Y:0180 S:011A D:0000 DB:86 Nvmxdizc V:  1 H: 90 F:10
							84910A 29 FF 00    AND #$00FF             A:0000 X:4868 Y:0180 S:011A D:0000 DB:86 nvmxdiZc V:  1 H:102 F:10
							84910D 28          PLP                    A:0000 X:4868 Y:0180 S:011A D:0000 DB:86 nvmxdiZc V:  1 H:107 F:10
							84910E FA          PLX                    A:0000 X:4868 Y:0180 S:011B D:0000 DB:86 NvMxdizc V:  1 H:113 F:10
							84910F 2B          PLD                    A:0000 X:0E68 Y:0180 S:011D D:0000 DB:86 nvMxdizc V:  1 H:122 F:10
							849110 60          RTS                    A:0000 X:0E68 Y:0180 S:011F D:0000 DB:86 nvMxdiZc V:  1 H:130 F:10

						8495D3 95 2E       STA $2E,X     [000E96] A:0000 X:0E68 Y:0180 S:0121 D:0000 DB:86 nvMxdiZc V:  1 H:150 F:10
						8495D5 85 18       STA $18       [000018] A:0000 X:0E68 Y:0180 S:0121 D:0000 DB:86 nvMxdiZc V:  1 H:157 F:10
						8495D7 29 3F       AND #$3F               A:0000 X:0E68 Y:0180 S:0121 D:0000 DB:86 nvMxdiZc V:  1 H:162 F:10
						8495D9 0A          ASL A                  A:0000 X:0E68 Y:0180 S:0121 D:0000 DB:86 nvMxdiZc V:  1 H:165 F:10
						8495DA EB          XBA                    A:0000 X:0E68 Y:0180 S:0121 D:0000 DB:86 nvMxdiZc V:  1 H:168 F:10
						8495DB A9 00       LDA #$00               A:0000 X:0E68 Y:0180 S:0121 D:0000 DB:86 nvMxdiZc V:  1 H:172 F:10
						8495DD EB          XBA                    A:0000 X:0E68 Y:0180 S:0121 D:0000 DB:86 nvMxdiZc V:  1 H:175 F:10
						8495DE A8          TAY                    A:0000 X:0E68 Y:0180 S:0121 D:0000 DB:86 nvMxdiZc V:  1 H:180 F:10
						8495DF 84 28       STY $28       [000028] A:0000 X:0E68 Y:0000 S:0121 D:0000 DB:86 nvMxdiZc V:  1 H:183 F:10
						8495E1 86 2C       STX $2C       [00002C] A:0000 X:0E68 Y:0000 S:0121 D:0000 DB:86 nvMxdiZc V:  1 H:190 F:10
						8495E3 68          PLA                    A:0000 X:0E68 Y:0000 S:0121 D:0000 DB:86 nvMxdiZc V:  1 H:197 F:10
						8495E4 95 2A       STA $2A,X     [000E92] A:00F4 X:0E68 Y:0000 S:0122 D:0000 DB:86 NvMxdizc V:  1 H:203 F:10
						8495E6 A6 2C       LDX $2C       [00002C] A:00F4 X:0E68 Y:0000 S:0122 D:0000 DB:86 NvMxdizc V:  1 H:210 F:10
						8495E8 A9 FB       LDA #$FB               A:00F4 X:0E68 Y:0000 S:0122 D:0000 DB:86 nvMxdizc V:  1 H:217 F:10
						8495EA 35 2B       AND $2B,X     [000E93] A:00FB X:0E68 Y:0000 S:0122 D:0000 DB:86 NvMxdizc V:  1 H:220 F:10
						8495EC 95 2B       STA $2B,X     [000E93] A:0000 X:0E68 Y:0000 S:0122 D:0000 DB:86 nvMxdiZc V:  1 H:226 F:10
						8495EE 64 01       STZ $01       [000001] A:0000 X:0E68 Y:0000 S:0122 D:0000 DB:86 nvMxdiZc V:  1 H:233 F:10
						8495F0 B5 2A       LDA $2A,X     [000E92] A:0000 X:0E68 Y:0000 S:0122 D:0000 DB:86 nvMxdiZc V:  1 H:238 F:10
						8495F2 85 02       STA $02       [000002] A:00F4 X:0E68 Y:0000 S:0122 D:0000 DB:86 NvMxdizc V:  1 H:244 F:10
						8495F4 64 03       STZ $03       [000003] A:00F4 X:0E68 Y:0000 S:0122 D:0000 DB:86 NvMxdizc V:  1 H:249 F:10
						8495F6 B4 05       LDY $05,X     [000E6D] A:00F4 X:0E68 Y:0000 S:0122 D:0000 DB:86 NvMxdizc V:  1 H:254 F:10
						8495F8 84 10       STY $10       [000010] A:00F4 X:0E68 Y:1D44 S:0122 D:0000 DB:86 nvMxdizc V:  1 H:263 F:10
						8495FA B4 08       LDY $08,X     [000E70] A:00F4 X:0E68 Y:1D44 S:0122 D:0000 DB:86 nvMxdizc V:  1 H:270 F:10
						8495FC 84 12       STY $12       [000012] A:00F4 X:0E68 Y:034A S:0122 D:0000 DB:86 nvMxdizc V:  1 H:278 F:10
						8495FE A6 28       LDX $28       [000028] A:00F4 X:0E68 Y:034A S:0122 D:0000 DB:86 nvMxdizc V:  1 H:285 F:10
						849600 FC 1C 96    JSR ($961C,X) [84961C] A:00F4 X:0000 Y:034A S:0122 D:0000 DB:86 nvMxdiZc V:  1 H:292 F:10

							84969C AD 1C 1F    LDA $1F1C     [861F1C] A:00F4 X:0000 Y:034A S:0120 D:0000 DB:86 nvMxdiZc V:  1 H:305 F:10
							84969F F0 11       BEQ $0011     [8496B2] A:0000 X:0000 Y:034A S:0120 D:0000 DB:86 nvMxdiZc V:  1 H:312 F:10
							8496B2 A9 00       LDA #$00               A:0000 X:0000 Y:034A S:0120 D:0000 DB:86 nvMxdiZc V:  1 H:316 F:10
							8496B4 60          RTS                    A:0000 X:0000 Y:034A S:0120 D:0000 DB:86 nvMxdiZc V:  1 H:319 F:10

						849603 F0 11       BEQ $0011     [849616] A:0000 X:0000 Y:034A S:0122 D:0000 DB:86 nvMxdiZc V:  1 H:328 F:10
						849616 A6 2C       LDX $2C       [00002C] A:0000 X:0000 Y:034A S:0122 D:0000 DB:86 nvMxdiZc V:  1 H:333 F:10
						849618 20 08 93    JSR $9308     [849308] A:0000 X:0E68 Y:034A S:0122 D:0000 DB:86 nvMxdizc V:  2 H:  0 F:10

							849308 A5 14       LDA $14       [000014] A:0000 X:0E68 Y:034A S:0120 D:0000 DB:86 nvMxdizc V:  2 H: 10 F:10
							84930A F0 08       BEQ $0008     [849314] A:0000 X:0E68 Y:034A S:0120 D:0000 DB:86 nvMxdiZc V:  2 H: 15 F:10
							849314 60          RTS                    A:0000 X:0E68 Y:034A S:0120 D:0000 DB:86 nvMxdiZc V:  2 H: 19 F:10

						84961B 60          RTS                    A:0000 X:0E68 Y:034A S:0122 D:0000 DB:86 nvMxdiZc V:  2 H: 29 F:10

					8492A9 C2 30       REP #$30               A:0000 X:0E68 Y:034A S:0124 D:0000 DB:86 nvMxdiZc V:  2 H: 39 F:10
					8492AB 60          RTS                    A:0000 X:0E68 Y:034A S:0124 D:0000 DB:86 nvmxdiZc V:  2 H: 44 F:10

				8491DB 2B          PLD                    A:0000 X:0E68 Y:034A S:0126 D:0000 DB:86 nvmxdiZc V:  2 H: 54 F:10
				8491DC 28          PLP                    A:0000 X:0E68 Y:034A S:0128 D:0E68 DB:86 nvmxdizc V:  2 H: 62 F:10
				8491DD 6B          RTL                    A:0000 X:0068 Y:004A S:0129 D:0E68 DB:86 nvMXdizc V:  2 H: 69 F:10

			889FD3 A5 2B       LDA $2B       [000E93] A:0000 X:0068 Y:004A S:012C D:0E68 DB:86 nvMXdizc V:  2 H: 79 F:10
			889FD5 29 03       AND #$03               A:0000 X:0068 Y:004A S:012C D:0E68 DB:86 nvMXdiZc V:  2 H: 86 F:10
			889FD7 D0 12       BNE $0012     [889FEB] A:0000 X:0068 Y:004A S:012C D:0E68 DB:86 nvMXdiZc V:  2 H: 89 F:10
			889FD9 C2 20       REP #$20               A:0000 X:0068 Y:004A S:012C D:0E68 DB:86 nvMXdiZc V:  2 H: 92 F:10
			889FDB AD AD 0B    LDA $0BAD     [860BAD] A:0000 X:0068 Y:004A S:012C D:0E68 DB:86 nvmXdiZc V:  2 H: 96 F:10
			889FDE 38          SEC                    A:1D59 X:0068 Y:004A S:012C D:0E68 DB:86 nvmXdizc V:  2 H:105 F:10
			889FDF E5 05       SBC $05       [000E6D] A:1D59 X:0068 Y:004A S:012C D:0E68 DB:86 nvmXdizC V:  2 H:108 F:10
			889FE1 E2 20       SEP #$20               A:0015 X:0068 Y:004A S:012C D:0E68 DB:86 nvmXdizC V:  2 H:116 F:10
			889FE3 6A          ROR A                  A:0015 X:0068 Y:004A S:012C D:0E68 DB:86 nvMXdizC V:  2 H:121 F:10
			889FE4 4A          LSR A                  A:008A X:0068 Y:004A S:012C D:0E68 DB:86 NvMXdizC V:  2 H:124 F:10
			889FE5 45 11       EOR $11       [000E79] A:0045 X:0068 Y:004A S:012C D:0E68 DB:86 nvMXdizc V:  2 H:127 F:10
			889FE7 29 40       AND #$40               A:006C X:0068 Y:004A S:012C D:0E68 DB:86 nvMXdizc V:  2 H:143 F:10
			889FE9 F0 16       BEQ $0016     [88A001] A:0040 X:0068 Y:004A S:012C D:0E68 DB:86 nvMXdizc V:  2 H:146 F:10		Branch if condition isn't met (Mandrill has passed MMX)
			889FEB A9 07       LDA #$07               A:0040 X:0068 Y:004A S:012C D:0E68 DB:86 nvMXdizc V:  2 H:149 F:10
			889FED 22 07 8F 84 JSL $848F07   [848F07] A:0007 X:0068 Y:004A S:012C D:0E68 DB:86 nvMXdizc V:  2 H:152 F:10		JSL $848F07 --> New Countdown Routine ($16=#$91, A=#$07)

				848F07 08          PHP                    A:0007 X:0068 Y:004A S:0129 D:0E68 DB:86 nvMXdizc V:  2 H:166 F:10
				848F08 8B          PHB                    A:0007 X:0068 Y:004A S:0128 D:0E68 DB:86 nvMXdizc V:  2 H:171 F:10
				848F09 C2 30       REP #$30               A:0007 X:0068 Y:004A S:0127 D:0E68 DB:86 nvMXdizc V:  2 H:176 F:10
				848F0B 8D 0E 00    STA $000E     [86000E] A:0007 X:0068 Y:004A S:0127 D:0E68 DB:86 nvmxdizc V:  2 H:180 F:10
				848F0E A5 16       LDA $16       [000E7E] A:0007 X:0068 Y:004A S:0127 D:0E68 DB:86 nvmxdizc V:  2 H:189 F:10
				848F10 29 FF 00    AND #$00FF             A:9391 X:0068 Y:004A S:0127 D:0E68 DB:86 Nvmxdizc V:  2 H:197 F:10
				848F13 8D 0C 00    STA $000C     [86000C] A:0091 X:0068 Y:004A S:0127 D:0E68 DB:86 nvmxdizc V:  2 H:202 F:10
				848F16 0A          ASL A                  A:0091 X:0068 Y:004A S:0127 D:0E68 DB:86 nvmxdizc V:  2 H:210 F:10
				848F17 18          CLC                    A:0122 X:0068 Y:004A S:0127 D:0E68 DB:86 nvmxdizc V:  2 H:213 F:10
				848F18 6D 0C 00    ADC $000C     [86000C] A:0122 X:0068 Y:004A S:0127 D:0E68 DB:86 nvmxdizc V:  2 H:216 F:10
				848F1B AA          TAX                    A:01B3 X:0068 Y:004A S:0127 D:0E68 DB:86 nvmxdizc V:  2 H:225 F:10
				848F1C BF 00 A0 AF LDA $AFA000,X [AFA1B3] A:01B3 X:01B3 Y:004A S:0127 D:0E68 DB:86 nvmxdizc V:  2 H:228 F:10
				848F20 85 14       STA $14       [000E7C] A:DE6B X:01B3 Y:004A S:0127 D:0E68 DB:86 Nvmxdizc V:  2 H:237 F:10
				848F22 E2 20       SEP #$20               A:DE6B X:01B3 Y:004A S:0127 D:0E68 DB:86 Nvmxdizc V:  2 H:245 F:10
				848F24 BF 02 A0 AF LDA $AFA002,X [AFA1B5] A:DE6B X:01B3 Y:004A S:0127 D:0E68 DB:86 NvMxdizc V:  2 H:250 F:10
				848F28 48          PHA                    A:DEAF X:01B3 Y:004A S:0127 D:0E68 DB:86 NvMxdizc V:  2 H:257 F:10
				848F29 AB          PLB                    A:DEAF X:01B3 Y:004A S:0126 D:0E68 DB:86 NvMxdizc V:  2 H:262 F:10
				848F2A C2 20       REP #$20               A:DEAF X:01B3 Y:004A S:0127 D:0E68 DB:AF NvMxdizc V:  2 H:269 F:10
				848F2C AD 0E 00    LDA $000E     [AF000E] A:DEAF X:01B3 Y:004A S:0127 D:0E68 DB:AF Nvmxdizc V:  2 H:273 F:10
				848F2F 29 FF 00    AND #$00FF             A:0007 X:01B3 Y:004A S:0127 D:0E68 DB:AF nvmxdizc V:  2 H:282 F:10
				848F32 0A          ASL A                  A:0007 X:01B3 Y:004A S:0127 D:0E68 DB:AF nvmxdizc V:  2 H:286 F:10
				848F33 A8          TAY                    A:000E X:01B3 Y:004A S:0127 D:0E68 DB:AF nvmxdizc V:  2 H:289 F:10
				848F34 B1 14       LDA ($14),Y   [AFDE79] A:000E X:01B3 Y:000E S:0127 D:0E68 DB:AF nvmxdizc V:  2 H:292 F:10
				848F36 65 14       ADC $14       [000E7C] A:00EE X:01B3 Y:000E S:0127 D:0E68 DB:AF nvmxdizc V:  2 H:305 F:10
				848F38 85 14       STA $14       [000E7C] A:DF59 X:01B3 Y:000E S:0127 D:0E68 DB:AF Nvmxdizc V:  2 H:314 F:10
				848F3A E2 30       SEP #$30               A:DF59 X:01B3 Y:000E S:0127 D:0E68 DB:AF Nvmxdizc V:  2 H:322 F:10
				848F3C B2 14       LDA ($14)     [AFDF59] A:DF59 X:00B3 Y:000E S:0127 D:0E68 DB:AF NvMXdizc V:  2 H:326 F:10	Skeleton start: [AFDF59]
				848F3E 85 13       STA $13       [000E7B] A:DF02 X:00B3 Y:000E S:0127 D:0E68 DB:AF nvMXdizc V:  2 H:336 F:10
				848F40 A0 01       LDY #$01               A:DF02 X:00B3 Y:000E S:0127 D:0E68 DB:AF nvMXdizc V:  3 H:  2 F:10
				848F42 B1 14       LDA ($14),Y   [AFDF5A] A:DF02 X:00B3 Y:0001 S:0127 D:0E68 DB:AF nvMXdizc V:  3 H:  5 F:10
				848F44 85 0F       STA $0F       [000E77] A:DF00 X:00B3 Y:0001 S:0127 D:0E68 DB:AF nvMXdiZc V:  3 H: 15 F:10
				848F46 C8          INY                    A:DF00 X:00B3 Y:0001 S:0127 D:0E68 DB:AF nvMXdiZc V:  3 H: 22 F:10
				848F47 B1 14       LDA ($14),Y   [AFDF5B] A:DF00 X:00B3 Y:0002 S:0127 D:0E68 DB:AF nvMXdizc V:  3 H: 25 F:10
				848F49 85 17       STA $17       [000E7F] A:DF0D X:00B3 Y:0002 S:0127 D:0E68 DB:AF nvMXdizc V:  3 H: 35 F:10
				848F4B A9 80       LDA #$80               A:DF0D X:00B3 Y:0002 S:0127 D:0E68 DB:AF nvMXdizc V:  3 H: 41 F:10
				848F4D 04 17       TSB $17       [000E7F] A:DF80 X:00B3 Y:0002 S:0127 D:0E68 DB:AF NvMXdizc V:  3 H: 44 F:10
				848F4F AB          PLB                    A:DF80 X:00B3 Y:0002 S:0127 D:0E68 DB:AF NvMXdiZc V:  3 H: 54 F:10
				848F50 28          PLP                    A:DF80 X:00B3 Y:0002 S:0128 D:0E68 DB:86 NvMXdizc V:  3 H: 61 F:10
				848F51 6B          RTL                    A:DF80 X:00B3 Y:0002 S:0129 D:0E68 DB:86 nvMXdizc V:  3 H: 67 F:10

			889FF1 A9 08       LDA #$08               A:DF80 X:00B3 Y:0002 S:012C D:0E68 DB:86 nvMXdizc V:  3 H: 78 F:10		Subaction = #$08
			889FF3 85 03       STA $03       [000E6B] A:DF08 X:00B3 Y:0002 S:012C D:0E68 DB:86 nvMXdizc V:  3 H: 81 F:10
			889FF5 C2 20       REP #$20               A:DF08 X:00B3 Y:0002 S:012C D:0E68 DB:86 nvMXdizc V:  3 H: 87 F:10
			889FF7 64 1A       STZ $1A       [000E82] A:DF08 X:00B3 Y:0002 S:012C D:0E68 DB:86 nvmXdizc V:  3 H: 92 F:10		E-X-Vel = #$0000
			889FF9 64 1C       STZ $1C       [000E84] A:DF08 X:00B3 Y:0002 S:012C D:0E68 DB:86 nvmXdizc V:  3 H:100 F:10		E-Y-Vel = #$0000
			889FFB E2 20       SEP #$20               A:DF08 X:00B3 Y:0002 S:012C D:0E68 DB:86 nvmXdizc V:  3 H:109 F:10
			889FFD A9 40       LDA #$40               A:DF08 X:00B3 Y:0002 S:012C D:0E68 DB:86 nvMXdizc V:  3 H:113 F:10
			889FFF 85 1E       STA $1E       [000E86] A:DF40 X:00B3 Y:0002 S:012C D:0E68 DB:86 nvMXdizc V:  3 H:116 F:10		E-Y-Acc = #$40
			88A001 60          RTS                    A:DF40 X:00B3 Y:0002 S:012C D:0E68 DB:86 nvMXdizc V:  3 H:123 F:10		Return

		889D7B AD CF 0B    LDA $0BCF     [860BCF] A:DF40 X:00B3 Y:0002 S:012E D:0E68 DB:86 nvMXdizc V:  3 H:133 F:10
