80D4F6 20 30 D5    JSR $D530     [80D530] A:0E01 X:0000 Y:0002 S:0133 D:0E68 DB:86 nvMXdizC V: 20 H:238 F:44

	80D530 C2 20       REP #$20               A:0E01 X:0000 Y:0002 S:0131 D:0E68 DB:86 nvMXdizC V: 20 H:248 F:44
	80D532 A5 05       LDA $05       [000E6D] A:0E01 X:0000 Y:0002 S:0131 D:0E68 DB:86 nvmXdizC V: 20 H:252 F:44
	80D534 85 22       STA $22       [000E8A] A:1DD0 X:0000 Y:0002 S:0131 D:0E68 DB:86 nvmXdizC V: 20 H:261 F:44
	80D536 A5 08       LDA $08       [000E70] A:1DD0 X:0000 Y:0002 S:0131 D:0E68 DB:86 nvmXdizC V: 20 H:269 F:44
	80D538 85 24       STA $24       [000E8C] A:034A X:0000 Y:0002 S:0131 D:0E68 DB:86 nvmXdizC V: 20 H:278 F:44
	80D53A E2 20       SEP #$20               A:034A X:0000 Y:0002 S:0131 D:0E68 DB:86 nvmXdizC V: 20 H:286 F:44
	80D53C A9 80       LDA #$80               A:034A X:0000 Y:0002 S:0131 D:0E68 DB:86 nvMXdizC V: 20 H:291 F:44
	80D53E 14 0E       TRB $0E       [000E76] A:0380 X:0000 Y:0002 S:0131 D:0E68 DB:86 NvMXdizC V: 20 H:294 F:44
	80D540 A5 0A       LDA $0A       [000E72] A:0380 X:0000 Y:0002 S:0131 D:0E68 DB:86 NvMXdizC V: 20 H:304 F:44
	80D542 0A          ASL A                  A:0331 X:0000 Y:0002 S:0131 D:0E68 DB:86 nvMXdizC V: 20 H:310 F:44
	80D543 AA          TAX                    A:0362 X:0000 Y:0002 S:0131 D:0E68 DB:86 nvMXdizc V: 20 H:313 F:44
	80D544 7C DD F8    JMP ($F8DD,X) [80F93F] A:0362 X:0062 Y:0002 S:0131 D:0E68 DB:86 nvMXdizc V: 20 H:316 F:44

	80FAA6 22 E1 9B 88 JSL $889BE1   [889BE1] A:0362 X:0062 Y:0002 S:0131 D:0E68 DB:86 nvMXdizc V: 20 H:325 F:44

		889BE1 A6 01       LDX $01       [000E69] A:0362 X:0062 Y:0002 S:012E D:0E68 DB:86 nvMXdizc V: 20 H:338 F:44
		889BE3 7C E6 9B    JMP ($9BE6,X) [889BEA] A:0362 X:0004 Y:0002 S:012E D:0E68 DB:86 nvMXdizc V: 21 H:  4 F:44

		889D6E A9 0E       LDA #$0E               A:0362 X:0004 Y:0002 S:012E D:0E68 DB:86 nvMXdizc V: 21 H: 13 F:44
		889D70 14 11       TRB $11       [000E79] A:030E X:0004 Y:0002 S:012E D:0E68 DB:86 nvMXdizc V: 21 H: 16 F:44
		889D72 A5 33       LDA $33       [000E9B] A:030E X:0004 Y:0002 S:012E D:0E68 DB:86 nvMXdizc V: 21 H: 26 F:44
		889D74 04 11       TSB $11       [000E79] A:0308 X:0004 Y:0002 S:012E D:0E68 DB:86 nvMXdizc V: 21 H: 33 F:44
		889D76 A6 02       LDX $02       [000E6A] A:0308 X:0004 Y:0002 S:012E D:0E68 DB:86 nvMXdiZc V: 21 H: 43 F:44
		889D78 FC 2C 9E    JSR ($9E2C,X) [889E2E] A:0308 X:0002 Y:0002 S:012E D:0E68 DB:86 nvMXdizc V: 21 H: 49 F:44

			889F24 A6 03       LDX $03       [000E6B] A:0308 X:0002 Y:0002 S:012C D:0E68 DB:86 nvMXdizc V: 21 H: 62 F:44
			889F26 7C 29 9F    JMP ($9F29,X) [889F2B] A:0308 X:0002 Y:0002 S:012C D:0E68 DB:86 nvMXdizc V: 21 H: 69 F:44

			889F59 22 EA 8E 84 JSL $848EEA   [848EEA] A:0308 X:0002 Y:0002 S:012C D:0E68 DB:86 nvMXdizc V: 21 H: 78 F:44		JSL $848EEA --> Decrease Countdown Routine

				848EEA 08          PHP                    A:0308 X:0002 Y:0002 S:0129 D:0E68 DB:86 nvMXdizc V: 21 H: 91 F:44
				848EEB 8B          PHB                    A:0308 X:0002 Y:0002 S:0128 D:0E68 DB:86 nvMXdizc V: 21 H: 96 F:44
				848EEC E2 30       SEP #$30               A:0308 X:0002 Y:0002 S:0127 D:0E68 DB:86 nvMXdizc V: 21 H:101 F:44
				848EEE C6 13       DEC $13       [000E7B] A:0308 X:0002 Y:0002 S:0127 D:0E68 DB:86 nvMXdizc V: 21 H:106 F:44
				848EF0 D0 5D       BNE $005D     [848F4F] A:0308 X:0002 Y:0002 S:0127 D:0E68 DB:86 nvMXdizc V: 21 H:116 F:44
				848F4F AB          PLB                    A:0308 X:0002 Y:0002 S:0127 D:0E68 DB:86 nvMXdizc V: 21 H:120 F:44
				848F50 28          PLP                    A:0308 X:0002 Y:0002 S:0128 D:0E68 DB:86 NvMXdizc V: 21 H:127 F:44
				848F51 6B          RTL                    A:0308 X:0002 Y:0002 S:0129 D:0E68 DB:86 nvMXdizc V: 21 H:143 F:44

			889F5D A5 0F       LDA $0F       [000E77] A:0308 X:0002 Y:0002 S:012C D:0E68 DB:86 nvMXdizc V: 21 H:154 F:44		Branch if CDAction is positive
			889F5F 10 18       BPL $0018     [889F79] A:0380 X:0002 Y:0002 S:012C D:0E68 DB:86 NvMXdizc V: 21 H:160 F:44
			889F61 22 E8 81 82 JSL $8281E8   [8281E8] A:0380 X:0002 Y:0002 S:012C D:0E68 DB:86 NvMXdizc V: 21 H:163 F:44		JSL $8281E8 --> Update X-Pos, Y-Pos, Y-Vel

				8281E8 08          PHP                    A:0380 X:0002 Y:0002 S:0129 D:0E68 DB:86 NvMXdizc V: 21 H:177 F:44
				8281E9 C2 20       REP #$20               A:0380 X:0002 Y:0002 S:0128 D:0E68 DB:86 NvMXdizc V: 21 H:182 F:44
				8281EB 38          SEC                    A:0380 X:0002 Y:0002 S:0128 D:0E68 DB:86 NvmXdizc V: 21 H:186 F:44
				8281EC A5 1E       LDA $1E       [000E86] A:0380 X:0002 Y:0002 S:0128 D:0E68 DB:86 NvmXdizC V: 21 H:189 F:44
				8281EE 29 FF 00    AND #$00FF             A:0040 X:0002 Y:0002 S:0128 D:0E68 DB:86 nvmXdizC V: 21 H:198 F:44
				8281F1 E5 1C       SBC $1C       [000E84] A:0040 X:0002 Y:0002 S:0128 D:0E68 DB:86 nvmXdizC V: 21 H:202 F:44
				8281F3 49 FF FF    EOR #$FFFF             A:003D X:0002 Y:0002 S:0128 D:0E68 DB:86 nvmXdizC V: 21 H:211 F:44
				8281F6 1A          INC                    A:FFC2 X:0002 Y:0002 S:0128 D:0E68 DB:86 NvmXdizC V: 21 H:215 F:44
				8281F7 85 1C       STA $1C       [000E84] A:FFC3 X:0002 Y:0002 S:0128 D:0E68 DB:86 NvmXdizC V: 21 H:218 F:44
				8281F9 80 10       BRA $0010     [82820B] A:FFC3 X:0002 Y:0002 S:0128 D:0E68 DB:86 NvmXdizC V: 21 H:227 F:44
				82820B C2 21       REP #$21               A:FFC3 X:0002 Y:0002 S:0128 D:0E68 DB:86 NvmXdizC V: 21 H:231 F:44
				82820D A5 04       LDA $04       [000E6C] A:FFC3 X:0002 Y:0002 S:0128 D:0E68 DB:86 NvmXdizc V: 21 H:236 F:44
				82820F 65 1A       ADC $1A       [000E82] A:D000 X:0002 Y:0002 S:0128 D:0E68 DB:86 NvmXdizc V: 21 H:244 F:44
				828211 85 04       STA $04       [000E6C] A:D000 X:0002 Y:0002 S:0128 D:0E68 DB:86 NvmXdizc V: 21 H:253 F:44
				828213 E2 20       SEP #$20               A:D000 X:0002 Y:0002 S:0128 D:0E68 DB:86 NvmXdizc V: 21 H:261 F:44
				828215 A9 00       LDA #$00               A:D000 X:0002 Y:0002 S:0128 D:0E68 DB:86 NvMXdizc V: 21 H:266 F:44
				828217 24 1B       BIT $1B       [000E83] A:D000 X:0002 Y:0002 S:0128 D:0E68 DB:86 nvMXdiZc V: 21 H:269 F:44
				828219 10 01       BPL $0001     [82821C] A:D000 X:0002 Y:0002 S:0128 D:0E68 DB:86 nvMXdiZc V: 21 H:275 F:44
				82821C 65 06       ADC $06       [000E6E] A:D000 X:0002 Y:0002 S:0128 D:0E68 DB:86 nvMXdiZc V: 21 H:280 F:44
				82821E 85 06       STA $06       [000E6E] A:D01D X:0002 Y:0002 S:0128 D:0E68 DB:86 nvMXdizc V: 21 H:286 F:44
				828220 C2 20       REP #$20               A:D01D X:0002 Y:0002 S:0128 D:0E68 DB:86 nvMXdizc V: 21 H:293 F:44
				828222 38          SEC                    A:D01D X:0002 Y:0002 S:0128 D:0E68 DB:86 nvmXdizc V: 21 H:297 F:44
				828223 A5 07       LDA $07       [000E6F] A:D01D X:0002 Y:0002 S:0128 D:0E68 DB:86 nvmXdizC V: 21 H:300 F:44
				828225 E5 1C       SBC $1C       [000E84] A:4A6F X:0002 Y:0002 S:0128 D:0E68 DB:86 nvmXdizC V: 21 H:309 F:44
				828227 85 07       STA $07       [000E6F] A:4AAC X:0002 Y:0002 S:0128 D:0E68 DB:86 nvmXdizc V: 21 H:317 F:44
				828229 E2 20       SEP #$20               A:4AAC X:0002 Y:0002 S:0128 D:0E68 DB:86 nvmXdizc V: 21 H:325 F:44
				82822B 9C 00 00    STZ $0000     [860000] A:4AAC X:0002 Y:0002 S:0128 D:0E68 DB:86 nvMXdizc V: 21 H:329 F:44
				82822E 24 1D       BIT $1D       [000E85] A:4AAC X:0002 Y:0002 S:0128 D:0E68 DB:86 nvMXdizc V: 21 H:336 F:44
				828230 10 03       BPL $0003     [828235] A:4AAC X:0002 Y:0002 S:0128 D:0E68 DB:86 NVMXdizc V: 22 H:  2 F:44
				828232 CE 00 00    DEC $0000     [860000] A:4AAC X:0002 Y:0002 S:0128 D:0E68 DB:86 NVMXdizc V: 22 H:  5 F:44
				828235 A5 09       LDA $09       [000E71] A:4AAC X:0002 Y:0002 S:0128 D:0E68 DB:86 NVMXdizc V: 22 H: 15 F:44
				828237 ED 00 00    SBC $0000     [860000] A:4A03 X:0002 Y:0002 S:0128 D:0E68 DB:86 nVMXdizc V: 22 H: 22 F:44
				82823A 85 09       STA $09       [000E71] A:4A03 X:0002 Y:0002 S:0128 D:0E68 DB:86 nvMXdizc V: 22 H: 28 F:44
				82823C 28          PLP                    A:4A03 X:0002 Y:0002 S:0128 D:0E68 DB:86 nvMXdizc V: 22 H: 35 F:44
				82823D 6B          RTL                    A:4A03 X:0002 Y:0002 S:0129 D:0E68 DB:86 NvMXdizc V: 22 H: 41 F:44

			889F65 A5 1D       LDA $1D       [000E85] A:4A03 X:0002 Y:0002 S:012C D:0E68 DB:86 NvMXdizc V: 22 H: 52 F:44
			889F67 10 10       BPL $0010     [889F79] A:4AFF X:0002 Y:0002 S:012C D:0E68 DB:86 NvMXdizc V: 22 H: 58 F:44		Branch if E-Y-Vel (last byte) is positive
			889F69 A9 07       LDA #$07               A:4AFF X:0002 Y:0002 S:012C D:0E68 DB:86 NvMXdizc V: 22 H: 61 F:44
			889F6B 22 07 8F 84 JSL $848F07   [848F07] A:4A07 X:0002 Y:0002 S:012C D:0E68 DB:86 nvMXdizc V: 22 H: 64 F:44		JSL $848F07 --> New Countdown Routine ($16=#$91, A=#$07)

				848F07 08          PHP                    A:4A07 X:0002 Y:0002 S:0129 D:0E68 DB:86 nvMXdizc V: 22 H: 78 F:44
				848F08 8B          PHB                    A:4A07 X:0002 Y:0002 S:0128 D:0E68 DB:86 nvMXdizc V: 22 H: 83 F:44
				848F09 C2 30       REP #$30               A:4A07 X:0002 Y:0002 S:0127 D:0E68 DB:86 nvMXdizc V: 22 H: 88 F:44
				848F0B 8D 0E 00    STA $000E     [86000E] A:4A07 X:0002 Y:0002 S:0127 D:0E68 DB:86 nvmxdizc V: 22 H: 92 F:44
				848F0E A5 16       LDA $16       [000E7E] A:4A07 X:0002 Y:0002 S:0127 D:0E68 DB:86 nvmxdizc V: 22 H:101 F:44
				848F10 29 FF 00    AND #$00FF             A:8791 X:0002 Y:0002 S:0127 D:0E68 DB:86 Nvmxdizc V: 22 H:109 F:44
				848F13 8D 0C 00    STA $000C     [86000C] A:0091 X:0002 Y:0002 S:0127 D:0E68 DB:86 nvmxdizc V: 22 H:114 F:44
				848F16 0A          ASL A                  A:0091 X:0002 Y:0002 S:0127 D:0E68 DB:86 nvmxdizc V: 22 H:122 F:44
				848F17 18          CLC                    A:0122 X:0002 Y:0002 S:0127 D:0E68 DB:86 nvmxdizc V: 22 H:125 F:44
				848F18 6D 0C 00    ADC $000C     [86000C] A:0122 X:0002 Y:0002 S:0127 D:0E68 DB:86 nvmxdizc V: 22 H:128 F:44
				848F1B AA          TAX                    A:01B3 X:0002 Y:0002 S:0127 D:0E68 DB:86 nvmxdizc V: 22 H:147 F:44
				848F1C BF 00 A0 AF LDA $AFA000,X [AFA1B3] A:01B3 X:01B3 Y:0002 S:0127 D:0E68 DB:86 nvmxdizc V: 22 H:150 F:44
				848F20 85 14       STA $14       [000E7C] A:DE6B X:01B3 Y:0002 S:0127 D:0E68 DB:86 Nvmxdizc V: 22 H:159 F:44
				848F22 E2 20       SEP #$20               A:DE6B X:01B3 Y:0002 S:0127 D:0E68 DB:86 Nvmxdizc V: 22 H:167 F:44
				848F24 BF 02 A0 AF LDA $AFA002,X [AFA1B5] A:DE6B X:01B3 Y:0002 S:0127 D:0E68 DB:86 NvMxdizc V: 22 H:172 F:44
				848F28 48          PHA                    A:DEAF X:01B3 Y:0002 S:0127 D:0E68 DB:86 NvMxdizc V: 22 H:179 F:44
				848F29 AB          PLB                    A:DEAF X:01B3 Y:0002 S:0126 D:0E68 DB:86 NvMxdizc V: 22 H:184 F:44
				848F2A C2 20       REP #$20               A:DEAF X:01B3 Y:0002 S:0127 D:0E68 DB:AF NvMxdizc V: 22 H:191 F:44
				848F2C AD 0E 00    LDA $000E     [AF000E] A:DEAF X:01B3 Y:0002 S:0127 D:0E68 DB:AF Nvmxdizc V: 22 H:195 F:44
				848F2F 29 FF 00    AND #$00FF             A:4A07 X:01B3 Y:0002 S:0127 D:0E68 DB:AF nvmxdizc V: 22 H:204 F:44
				848F32 0A          ASL A                  A:0007 X:01B3 Y:0002 S:0127 D:0E68 DB:AF nvmxdizc V: 22 H:208 F:44
				848F33 A8          TAY                    A:000E X:01B3 Y:0002 S:0127 D:0E68 DB:AF nvmxdizc V: 22 H:211 F:44
				848F34 B1 14       LDA ($14),Y   [AFDE79] A:000E X:01B3 Y:000E S:0127 D:0E68 DB:AF nvmxdizc V: 22 H:214 F:44
				848F36 65 14       ADC $14       [000E7C] A:00EE X:01B3 Y:000E S:0127 D:0E68 DB:AF nvmxdizc V: 22 H:227 F:44
				848F38 85 14       STA $14       [000E7C] A:DF59 X:01B3 Y:000E S:0127 D:0E68 DB:AF Nvmxdizc V: 22 H:236 F:44
				848F3A E2 30       SEP #$30               A:DF59 X:01B3 Y:000E S:0127 D:0E68 DB:AF Nvmxdizc V: 22 H:244 F:44
				848F3C B2 14       LDA ($14)     [AFDF59] A:DF59 X:00B3 Y:000E S:0127 D:0E68 DB:AF NvMXdizc V: 22 H:249 F:44	Skeleton start: [AFDF59]
				848F3E 85 13       STA $13       [000E7B] A:DF02 X:00B3 Y:000E S:0127 D:0E68 DB:AF nvMXdizc V: 22 H:259 F:44
				848F40 A0 01       LDY #$01               A:DF02 X:00B3 Y:000E S:0127 D:0E68 DB:AF nvMXdizc V: 22 H:265 F:44
				848F42 B1 14       LDA ($14),Y   [AFDF5A] A:DF02 X:00B3 Y:0001 S:0127 D:0E68 DB:AF nvMXdizc V: 22 H:268 F:44
				848F44 85 0F       STA $0F       [000E77] A:DF00 X:00B3 Y:0001 S:0127 D:0E68 DB:AF nvMXdiZc V: 22 H:278 F:44
				848F46 C8          INY                    A:DF00 X:00B3 Y:0001 S:0127 D:0E68 DB:AF nvMXdiZc V: 22 H:285 F:44
				848F47 B1 14       LDA ($14),Y   [AFDF5B] A:DF00 X:00B3 Y:0002 S:0127 D:0E68 DB:AF nvMXdizc V: 22 H:288 F:44
				848F49 85 17       STA $17       [000E7F] A:DF0D X:00B3 Y:0002 S:0127 D:0E68 DB:AF nvMXdizc V: 22 H:298 F:44
				848F4B A9 80       LDA #$80               A:DF0D X:00B3 Y:0002 S:0127 D:0E68 DB:AF nvMXdizc V: 22 H:304 F:44
				848F4D 04 17       TSB $17       [000E7F] A:DF80 X:00B3 Y:0002 S:0127 D:0E68 DB:AF NvMXdizc V: 22 H:307 F:44
				848F4F AB          PLB                    A:DF80 X:00B3 Y:0002 S:0127 D:0E68 DB:AF NvMXdiZc V: 22 H:317 F:44
				848F50 28          PLP                    A:DF80 X:00B3 Y:0002 S:0128 D:0E68 DB:86 NvMXdizc V: 22 H:323 F:44
				848F51 6B          RTL                    A:DF80 X:00B3 Y:0002 S:0129 D:0E68 DB:86 nvMXdizc V: 22 H:329 F:44

			889F6F A9 04       LDA #$04               A:DF80 X:00B3 Y:0002 S:012C D:0E68 DB:86 nvMXdizc V: 23 H:  0 F:44
			889F71 85 03       STA $03       [000E6B] A:DF04 X:00B3 Y:0002 S:012C D:0E68 DB:86 nvMXdizc V: 23 H:  3 F:44
			889F73 A9 0A       LDA #$0A               A:DF04 X:00B3 Y:0002 S:012C D:0E68 DB:86 nvMXdizc V: 23 H:  9 F:44		
			889F75 22 38 A3 84 JSL $84A338   [84A338] A:DF0A X:00B3 Y:0002 S:012C D:0E68 DB:86 nvMXdizc V: 23 H: 12 F:44		JSL $84A338 --> JSL $84A338 --> $1E78: Set #$02 bit. $1E7A=A $1E7F=#$01 $1E81=#$01 $1E83=#$03 $1E85=#$00

				84A338 08          PHP                    A:DF0A X:00B3 Y:0002 S:0129 D:0E68 DB:86 nvMXdizc V: 23 H: 26 F:44
				84A339 E2 30       SEP #$30               A:DF0A X:00B3 Y:0002 S:0128 D:0E68 DB:86 nvMXdizc V: 23 H: 31 F:44
				84A33B A2 03       LDX #$03               A:DF0A X:00B3 Y:0002 S:0128 D:0E68 DB:86 nvMXdizc V: 23 H: 35 F:44
				84A33D A0 01       LDY #$01               A:DF0A X:0003 Y:0002 S:0128 D:0E68 DB:86 nvMXdizc V: 23 H: 38 F:44
				84A33F 80 03       BRA $0003     [84A344] A:DF0A X:0003 Y:0001 S:0128 D:0E68 DB:86 nvMXdizc V: 23 H: 41 F:44
				84A344 8D 7A 1E    STA $1E7A     [861E7A] A:DF0A X:0003 Y:0001 S:0128 D:0E68 DB:86 nvMXdizc V: 23 H: 46 F:44
				84A347 8E 83 1E    STX $1E83     [861E83] A:DF0A X:0003 Y:0001 S:0128 D:0E68 DB:86 nvMXdizc V: 23 H: 52 F:44
				84A34A 8C 7F 1E    STY $1E7F     [861E7F] A:DF0A X:0003 Y:0001 S:0128 D:0E68 DB:86 nvMXdizc V: 23 H: 59 F:44
				84A34D 8C 81 1E    STY $1E81     [861E81] A:DF0A X:0003 Y:0001 S:0128 D:0E68 DB:86 nvMXdizc V: 23 H: 65 F:44
				84A350 9C 85 1E    STZ $1E85     [861E85] A:DF0A X:0003 Y:0001 S:0128 D:0E68 DB:86 nvMXdizc V: 23 H: 72 F:44
				84A353 A9 02       LDA #$02               A:DF0A X:0003 Y:0001 S:0128 D:0E68 DB:86 nvMXdizc V: 23 H: 78 F:44
				84A355 0C 78 1E    TSB $1E78     [861E78] A:DF02 X:0003 Y:0001 S:0128 D:0E68 DB:86 nvMXdizc V: 23 H: 81 F:44
				84A358 28          PLP                    A:DF02 X:0003 Y:0001 S:0128 D:0E68 DB:86 nvMXdiZc V: 23 H: 91 F:44
				84A359 6B          RTL                    A:DF02 X:0003 Y:0001 S:0129 D:0E68 DB:86 nvMXdizc V: 23 H: 98 F:44

			889F79 60          RTS                    A:DF02 X:0003 Y:0001 S:012C D:0E68 DB:86 nvMXdizc V: 23 H:108 F:44		Return

		889D7B AD CF 0B    LDA $0BCF     [860BCF] A:DF02 X:0003 Y:0001 S:012E D:0E68 DB:86 nvMXdizc V: 23 H:118 F:44