80D4F6 20 30 D5    JSR $D530     [80D530] A:0E01 X:0000 Y:00BB S:0133 D:0E68 DB:86 nvMXdizC V:247 H:172 F:10

	80D530 C2 20       REP #$20               A:0E01 X:0000 Y:00BB S:0131 D:0E68 DB:86 nvMXdizC V:247 H:182 F:10
	80D532 A5 05       LDA $05       [000E6D] A:0E01 X:0000 Y:00BB S:0131 D:0E68 DB:86 nvmXdizC V:247 H:186 F:10
	80D534 85 22       STA $22       [000E8A] A:1D44 X:0000 Y:00BB S:0131 D:0E68 DB:86 nvmXdizC V:247 H:195 F:10
	80D536 A5 08       LDA $08       [000E70] A:1D44 X:0000 Y:00BB S:0131 D:0E68 DB:86 nvmXdizC V:247 H:203 F:10
	80D538 85 24       STA $24       [000E8C] A:034A X:0000 Y:00BB S:0131 D:0E68 DB:86 nvmXdizC V:247 H:212 F:10
	80D53A E2 20       SEP #$20               A:034A X:0000 Y:00BB S:0131 D:0E68 DB:86 nvmXdizC V:247 H:220 F:10
	80D53C A9 80       LDA #$80               A:034A X:0000 Y:00BB S:0131 D:0E68 DB:86 nvMXdizC V:247 H:225 F:10
	80D53E 14 0E       TRB $0E       [000E76] A:0380 X:0000 Y:00BB S:0131 D:0E68 DB:86 NvMXdizC V:247 H:228 F:10
	80D540 A5 0A       LDA $0A       [000E72] A:0380 X:0000 Y:00BB S:0131 D:0E68 DB:86 NvMXdizC V:247 H:238 F:10
	80D542 0A          ASL A                  A:0331 X:0000 Y:00BB S:0131 D:0E68 DB:86 nvMXdizC V:247 H:244 F:10
	80D543 AA          TAX                    A:0362 X:0000 Y:00BB S:0131 D:0E68 DB:86 nvMXdizc V:247 H:247 F:10
	80D544 7C DD F8    JMP ($F8DD,X) [80F93F] A:0362 X:0062 Y:00BB S:0131 D:0E68 DB:86 nvMXdizc V:247 H:250 F:10

	80FAA6 22 E1 9B 88 JSL $889BE1   [889BE1] A:0362 X:0062 Y:00BB S:0131 D:0E68 DB:86 nvMXdizc V:247 H:259 F:10

		889BE1 A6 01       LDX $01       [000E69] A:0362 X:0062 Y:00BB S:012E D:0E68 DB:86 nvMXdizc V:247 H:273 F:10
		889BE3 7C E6 9B    JMP ($9BE6,X) [889BEA] A:0362 X:0004 Y:00BB S:012E D:0E68 DB:86 nvMXdizc V:247 H:279 F:10

		889D6E A9 0E       LDA #$0E               A:0362 X:0004 Y:00BB S:012E D:0E68 DB:86 nvMXdizc V:247 H:288 F:10
		889D70 14 11       TRB $11       [000E79] A:030E X:0004 Y:00BB S:012E D:0E68 DB:86 nvMXdizc V:247 H:291 F:10
		889D72 A5 33       LDA $33       [000E9B] A:030E X:0004 Y:00BB S:012E D:0E68 DB:86 nvMXdizc V:247 H:301 F:10
		889D74 04 11       TSB $11       [000E79] A:0308 X:0004 Y:00BB S:012E D:0E68 DB:86 nvMXdizc V:247 H:308 F:10
		889D76 A6 02       LDX $02       [000E6A] A:0308 X:0004 Y:00BB S:012E D:0E68 DB:86 nvMXdiZc V:247 H:318 F:10
		889D78 FC 2C 9E    JSR ($9E2C,X) [889E2E] A:0308 X:0002 Y:00BB S:012E D:0E68 DB:86 nvMXdizc V:247 H:324 F:10

			889F24 A6 03       LDX $03       [000E6B] A:0308 X:0002 Y:00BB S:012C D:0E68 DB:86 nvMXdizc V:247 H:336 F:10
			889F26 7C 29 9F    JMP ($9F29,X) [889F31] A:0308 X:0008 Y:00BB S:012C D:0E68 DB:86 nvMXdizc V:248 H:  3 F:10

			88A002 22 E8 81 82 JSL $8281E8   [8281E8] A:0308 X:0008 Y:00BB S:012C D:0E68 DB:86 nvMXdizc V:248 H: 12 F:10	JSL $8281E8 --> Update X-Pos, Y-Pos, Y-Vel

				8281E8 08          PHP                    A:0308 X:0008 Y:00BB S:0129 D:0E68 DB:86 nvMXdizc V:248 H: 25 F:10
				8281E9 C2 20       REP #$20               A:0308 X:0008 Y:00BB S:0128 D:0E68 DB:86 nvMXdizc V:248 H: 30 F:10
				8281EB 38          SEC                    A:0308 X:0008 Y:00BB S:0128 D:0E68 DB:86 nvmXdizc V:248 H: 35 F:10
				8281EC A5 1E       LDA $1E       [000E86] A:0308 X:0008 Y:00BB S:0128 D:0E68 DB:86 nvmXdizC V:248 H: 38 F:10
				8281EE 29 FF 00    AND #$00FF             A:0040 X:0008 Y:00BB S:0128 D:0E68 DB:86 nvmXdizC V:248 H: 46 F:10
				8281F1 E5 1C       SBC $1C       [000E84] A:0040 X:0008 Y:00BB S:0128 D:0E68 DB:86 nvmXdizC V:248 H: 51 F:10
				8281F3 49 FF FF    EOR #$FFFF             A:0040 X:0008 Y:00BB S:0128 D:0E68 DB:86 nvmXdizC V:248 H: 59 F:10
				8281F6 1A          INC                    A:FFBF X:0008 Y:00BB S:0128 D:0E68 DB:86 NvmXdizC V:248 H: 64 F:10
				8281F7 85 1C       STA $1C       [000E84] A:FFC0 X:0008 Y:00BB S:0128 D:0E68 DB:86 NvmXdizC V:248 H: 67 F:10
				8281F9 80 10       BRA $0010     [82820B] A:FFC0 X:0008 Y:00BB S:0128 D:0E68 DB:86 NvmXdizC V:248 H: 75 F:10
				82820B C2 21       REP #$21               A:FFC0 X:0008 Y:00BB S:0128 D:0E68 DB:86 NvmXdizC V:248 H: 80 F:10
				82820D A5 04       LDA $04       [000E6C] A:FFC0 X:0008 Y:00BB S:0128 D:0E68 DB:86 NvmXdizc V:248 H: 84 F:10
				82820F 65 1A       ADC $1A       [000E82] A:4400 X:0008 Y:00BB S:0128 D:0E68 DB:86 nvmXdizc V:248 H: 93 F:10
				828211 85 04       STA $04       [000E6C] A:4400 X:0008 Y:00BB S:0128 D:0E68 DB:86 nvmXdizc V:248 H:101 F:10
				828213 E2 20       SEP #$20               A:4400 X:0008 Y:00BB S:0128 D:0E68 DB:86 nvmXdizc V:248 H:110 F:10
				828215 A9 00       LDA #$00               A:4400 X:0008 Y:00BB S:0128 D:0E68 DB:86 nvMXdizc V:248 H:114 F:10
				828217 24 1B       BIT $1B       [000E83] A:4400 X:0008 Y:00BB S:0128 D:0E68 DB:86 nvMXdiZc V:248 H:117 F:10
				828219 10 01       BPL $0001     [82821C] A:4400 X:0008 Y:00BB S:0128 D:0E68 DB:86 nvMXdiZc V:248 H:124 F:10
				82821C 65 06       ADC $06       [000E6E] A:4400 X:0008 Y:00BB S:0128 D:0E68 DB:86 nvMXdiZc V:248 H:128 F:10
				82821E 85 06       STA $06       [000E6E] A:441D X:0008 Y:00BB S:0128 D:0E68 DB:86 nvMXdizc V:248 H:145 F:10
				828220 C2 20       REP #$20               A:441D X:0008 Y:00BB S:0128 D:0E68 DB:86 nvMXdizc V:248 H:151 F:10
				828222 38          SEC                    A:441D X:0008 Y:00BB S:0128 D:0E68 DB:86 nvmXdizc V:248 H:156 F:10
				828223 A5 07       LDA $07       [000E6F] A:441D X:0008 Y:00BB S:0128 D:0E68 DB:86 nvmXdizC V:248 H:159 F:10
				828225 E5 1C       SBC $1C       [000E84] A:4AAC X:0008 Y:00BB S:0128 D:0E68 DB:86 nvmXdizC V:248 H:167 F:10
				828227 85 07       STA $07       [000E6F] A:4AEC X:0008 Y:00BB S:0128 D:0E68 DB:86 nvmXdizc V:248 H:176 F:10
				828229 E2 20       SEP #$20               A:4AEC X:0008 Y:00BB S:0128 D:0E68 DB:86 nvmXdizc V:248 H:184 F:10
				82822B 9C 00 00    STZ $0000     [860000] A:4AEC X:0008 Y:00BB S:0128 D:0E68 DB:86 nvMXdizc V:248 H:189 F:10
				82822E 24 1D       BIT $1D       [000E85] A:4AEC X:0008 Y:00BB S:0128 D:0E68 DB:86 nvMXdizc V:248 H:195 F:10
				828230 10 03       BPL $0003     [828235] A:4AEC X:0008 Y:00BB S:0128 D:0E68 DB:86 NVMXdizc V:248 H:202 F:10
				828232 CE 00 00    DEC $0000     [860000] A:4AEC X:0008 Y:00BB S:0128 D:0E68 DB:86 NVMXdizc V:248 H:205 F:10
				828235 A5 09       LDA $09       [000E71] A:4AEC X:0008 Y:00BB S:0128 D:0E68 DB:86 NVMXdizc V:248 H:215 F:10
				828237 ED 00 00    SBC $0000     [860000] A:4A03 X:0008 Y:00BB S:0128 D:0E68 DB:86 nVMXdizc V:248 H:221 F:10
				82823A 85 09       STA $09       [000E71] A:4A03 X:0008 Y:00BB S:0128 D:0E68 DB:86 nvMXdizc V:248 H:228 F:10
				82823C 28          PLP                    A:4A03 X:0008 Y:00BB S:0128 D:0E68 DB:86 nvMXdizc V:248 H:234 F:10
				82823D 6B          RTL                    A:4A03 X:0008 Y:00BB S:0129 D:0E68 DB:86 nvMXdizc V:248 H:241 F:10

			88A006 C2 20       REP #$20               A:4A03 X:0008 Y:00BB S:012C D:0E68 DB:86 nvMXdizc V:248 H:251 F:10
			88A008 A9 B8 CF    LDA #$CFB8             A:4A03 X:0008 Y:00BB S:012C D:0E68 DB:86 nvmXdizc V:248 H:256 F:10	E-$20 = #$CDB8
			88A00B 85 20       STA $20       [000E88] A:CFB8 X:0008 Y:00BB S:012C D:0E68 DB:86 NvmXdizc V:248 H:260 F:10	
			88A00D E2 20       SEP #$20               A:CFB8 X:0008 Y:00BB S:012C D:0E68 DB:86 NvmXdizc V:248 H:269 F:10
			88A00F 22 BE 91 84 JSL $8491BE   [8491BE] A:CFB8 X:0008 Y:00BB S:012C D:0E68 DB:86 NvMXdizc V:248 H:273 F:10	JSL $8491BE --> Check for colissions and adjust position

				8491BE 08          PHP                    A:CFB8 X:0008 Y:00BB S:0129 D:0E68 DB:86 NvMXdizc V:248 H:287 F:10
				8491BF 0B          PHD                    A:CFB8 X:0008 Y:00BB S:0128 D:0E68 DB:86 NvMXdizc V:248 H:292 F:10
				8491C0 C2 30       REP #$30               A:CFB8 X:0008 Y:00BB S:0126 D:0E68 DB:86 NvMXdizc V:248 H:299 F:10
				8491C2 A5 20       LDA $20       [000E88] A:CFB8 X:0008 Y:00BB S:0126 D:0E68 DB:86 Nvmxdizc V:248 H:303 F:10
				8491C4 F0 15       BEQ $0015     [8491DB] A:CFB8 X:0008 Y:00BB S:0126 D:0E68 DB:86 Nvmxdizc V:248 H:312 F:10
				8491C6 7B          TDC                    A:CFB8 X:0008 Y:00BB S:0126 D:0E68 DB:86 Nvmxdizc V:248 H:315 F:10
				8491C7 AA          TAX                    A:0E68 X:0008 Y:00BB S:0126 D:0E68 DB:86 nvmxdizc V:248 H:318 F:10
				8491C8 A9 00 00    LDA #$0000             A:0E68 X:0E68 Y:00BB S:0126 D:0E68 DB:86 nvmxdizc V:248 H:321 F:10
				8491CB 5B          TCD                    A:0000 X:0E68 Y:00BB S:0126 D:0E68 DB:86 nvmxdiZc V:248 H:325 F:10
				8491CC 64 14       STZ $14       [000014] A:0000 X:0E68 Y:00BB S:0126 D:0000 DB:86 nvmxdiZc V:248 H:327 F:10
				8491CE B5 2B       LDA $2B,X     [000E93] A:0000 X:0E68 Y:00BB S:0126 D:0000 DB:86 nvmxdiZc V:248 H:334 F:10
				8491D0 29 00 FF    AND #$FF00             A:0000 X:0E68 Y:00BB S:0126 D:0000 DB:86 nvmxdiZc V:249 H:  3 F:10
				8491D3 95 2B       STA $2B,X     [000E93] A:0000 X:0E68 Y:00BB S:0126 D:0000 DB:86 nvmxdiZc V:249 H:  7 F:10
				8491D5 20 AC 92    JSR $92AC     [8492AC] A:0000 X:0E68 Y:00BB S:0126 D:0000 DB:86 nvmxdiZc V:249 H: 16 F:10

					8492AC C2 30       REP #$30               A:0000 X:0E68 Y:00BB S:0124 D:0000 DB:86 nvmxdiZc V:249 H: 26 F:10
					8492AE B5 05       LDA $05,X     [000E6D] A:0000 X:0E68 Y:00BB S:0124 D:0000 DB:86 nvmxdiZc V:249 H: 30 F:10
					8492B0 38          SEC                    A:1D44 X:0E68 Y:00BB S:0124 D:0000 DB:86 nvmxdizc V:249 H: 39 F:10
					8492B1 F5 22       SBC $22,X     [000E8A] A:1D44 X:0E68 Y:00BB S:0124 D:0000 DB:86 nvmxdizC V:249 H: 42 F:10
					8492B3 85 00       STA $00       [000000] A:0000 X:0E68 Y:00BB S:0124 D:0000 DB:86 nvmxdiZC V:249 H: 50 F:10
					8492B5 E2 20       SEP #$20               A:0000 X:0E68 Y:00BB S:0124 D:0000 DB:86 nvmxdiZC V:249 H: 57 F:10
					8492B7 F0 4C       BEQ $004C     [849305] A:0000 X:0E68 Y:00BB S:0124 D:0000 DB:86 nvMxdiZC V:249 H: 62 F:10
					849305 C2 30       REP #$30               A:0000 X:0E68 Y:00BB S:0124 D:0000 DB:86 nvMxdiZC V:249 H: 66 F:10
					849307 60          RTS                    A:0000 X:0E68 Y:00BB S:0124 D:0000 DB:86 nvmxdiZC V:249 H: 71 F:10

				8491D8 20 ED 91    JSR $91ED     [8491ED] A:0000 X:0E68 Y:00BB S:0126 D:0000 DB:86 nvmxdiZC V:249 H: 81 F:10

					8491ED B5 08       LDA $08,X     [000E70] A:0000 X:0E68 Y:00BB S:0124 D:0000 DB:86 nvmxdiZC V:249 H: 91 F:10
					8491EF D5 24       CMP $24,X     [000E8C] A:034A X:0E68 Y:00BB S:0124 D:0000 DB:86 nvmxdizC V:249 H: 99 F:10
					8491F1 F0 F2       BEQ $00F2     [8491E5] A:034A X:0E68 Y:00BB S:0124 D:0000 DB:86 nvmxdiZC V:249 H:108 F:10
					8491E5 B5 1C       LDA $1C,X     [000E84] A:034A X:0E68 Y:00BB S:0124 D:0000 DB:86 nvmxdiZC V:249 H:112 F:10
					8491E7 F0 F5       BEQ $00F5     [8491DE] A:FFC0 X:0E68 Y:00BB S:0124 D:0000 DB:86 NvmxdizC V:249 H:121 F:10
					8491E9 10 0A       BPL $000A     [8491F5] A:FFC0 X:0E68 Y:00BB S:0124 D:0000 DB:86 NvmxdizC V:249 H:124 F:10
					8491EB 80 55       BRA $0055     [849242] A:FFC0 X:0E68 Y:00BB S:0124 D:0000 DB:86 NvmxdizC V:249 H:127 F:10
					849242 E2 20       SEP #$20               A:FFC0 X:0E68 Y:00BB S:0124 D:0000 DB:86 NvmxdizC V:249 H:131 F:10
					849244 A0 04 00    LDY #$0004             A:FFC0 X:0E68 Y:00BB S:0124 D:0000 DB:86 NvMxdizC V:249 H:146 F:10
					849247 AD 1C 1F    LDA $1F1C     [861F1C] A:FFC0 X:0E68 Y:0004 S:0124 D:0000 DB:86 nvMxdizC V:249 H:150 F:10
					84924A F0 03       BEQ $0003     [84924F] A:FF00 X:0E68 Y:0004 S:0124 D:0000 DB:86 nvMxdiZC V:249 H:157 F:10
					84924F B5 2F       LDA $2F,X     [000E97] A:FF00 X:0E68 Y:0004 S:0124 D:0000 DB:86 nvMxdiZC V:249 H:161 F:10
					849251 F0 03       BEQ $0003     [849256] A:FFFF X:0E68 Y:0004 S:0124 D:0000 DB:86 NvMxdizC V:249 H:168 F:10
					849253 A0 00 00    LDY #$0000             A:FFFF X:0E68 Y:0004 S:0124 D:0000 DB:86 NvMxdizC V:249 H:171 F:10
					849256 98          TYA                    A:FFFF X:0E68 Y:0000 S:0124 D:0000 DB:86 nvMxdiZC V:249 H:175 F:10
					849257 09 80       ORA #$80               A:FF00 X:0E68 Y:0000 S:0124 D:0000 DB:86 nvMxdiZC V:249 H:178 F:10
					849259 85 08       STA $08       [000008] A:FF80 X:0E68 Y:0000 S:0124 D:0000 DB:86 NvMxdizC V:249 H:181 F:10
					84925B B4 20       LDY $20,X     [000E88] A:FF80 X:0E68 Y:0000 S:0124 D:0000 DB:86 NvMxdizC V:249 H:186 F:10
					84925D B9 06 00    LDA $0006,Y   [86CFBE] A:FF80 X:0E68 Y:CFB8 S:0124 D:0000 DB:86 NvMxdizC V:249 H:195 F:10
					849260 18          CLC                    A:FF00 X:0E68 Y:CFB8 S:0124 D:0000 DB:86 nvMxdiZC V:249 H:202 F:10
					849261 79 08 00    ADC $0008,Y   [86CFC0] A:FF00 X:0E68 Y:CFB8 S:0124 D:0000 DB:86 nvMxdiZc V:249 H:205 F:10
					849264 95 2A       STA $2A,X     [000E92] A:FF1D X:0E68 Y:CFB8 S:0124 D:0000 DB:86 nvMxdizc V:249 H:213 F:10
					849266 B9 05 00    LDA $0005,Y   [86CFBD] A:FF1D X:0E68 Y:CFB8 S:0124 D:0000 DB:86 nvMxdizc V:249 H:219 F:10
					849269 34 11       BIT $11,X     [000E79] A:FF00 X:0E68 Y:CFB8 S:0124 D:0000 DB:86 nvMxdiZc V:249 H:227 F:10
					84926B 50 03       BVC $0003     [849270] A:FF00 X:0E68 Y:CFB8 S:0124 D:0000 DB:86 nvMxdiZc V:249 H:233 F:10
					849270 95 29       STA $29,X     [000E91] A:FF00 X:0E68 Y:CFB8 S:0124 D:0000 DB:86 nvMxdiZc V:249 H:238 F:10
					849272 20 C4 95    JSR $95C4     [8495C4] A:FF00 X:0E68 Y:CFB8 S:0124 D:0000 DB:86 nvMxdiZc V:249 H:244 F:10

						8495C4 B5 2A       LDA $2A,X     [000E92] A:FF00 X:0E68 Y:CFB8 S:0122 D:0000 DB:86 nvMxdiZc V:249 H:254 F:10
						8495C6 48          PHA                    A:FF1D X:0E68 Y:CFB8 S:0122 D:0000 DB:86 nvMxdizc V:249 H:261 F:10
						8495C7 A5 08       LDA $08       [000008] A:FF1D X:0E68 Y:CFB8 S:0121 D:0000 DB:86 nvMxdizc V:249 H:266 F:10
						8495C9 29 7F       AND #$7F               A:FF80 X:0E68 Y:CFB8 S:0121 D:0000 DB:86 NvMxdizc V:249 H:271 F:10
						8495CB 18          CLC                    A:FF00 X:0E68 Y:CFB8 S:0121 D:0000 DB:86 nvMxdiZc V:249 H:274 F:10
						8495CC 75 2A       ADC $2A,X     [000E92] A:FF00 X:0E68 Y:CFB8 S:0121 D:0000 DB:86 nvMxdiZc V:249 H:277 F:10
						8495CE 95 2A       STA $2A,X     [000E92] A:FF1D X:0E68 Y:CFB8 S:0121 D:0000 DB:86 nvMxdizc V:249 H:283 F:10
						8495D0 20 B3 90    JSR $90B3     [8490B3] A:FF1D X:0E68 Y:CFB8 S:0121 D:0000 DB:86 nvMxdizc V:249 H:290 F:10

							8490B3 0B          PHD                    A:FF1D X:0E68 Y:CFB8 S:011F D:0000 DB:86 nvMxdizc V:249 H:300 F:10
							8490B4 DA          PHX                    A:FF1D X:0E68 Y:CFB8 S:011D D:0000 DB:86 nvMxdizc V:249 H:307 F:10
							8490B5 08          PHP                    A:FF1D X:0E68 Y:CFB8 S:011B D:0000 DB:86 nvMxdizc V:249 H:314 F:10
							8490B6 E2 20       SEP #$20               A:FF1D X:0E68 Y:CFB8 S:011A D:0000 DB:86 nvMxdizc V:249 H:319 F:10
							8490B8 C2 10       REP #$10               A:FF1D X:0E68 Y:CFB8 S:011A D:0000 DB:86 nvMxdizc V:249 H:323 F:10
							8490BA 64 01       STZ $01       [000001] A:FF1D X:0E68 Y:CFB8 S:011A D:0000 DB:86 nvMxdizc V:249 H:327 F:10
							8490BC B5 29       LDA $29,X     [000E91] A:FF1D X:0E68 Y:CFB8 S:011A D:0000 DB:86 nvMxdizc V:249 H:332 F:10
							8490BE 10 02       BPL $0002     [8490C2] A:FF00 X:0E68 Y:CFB8 S:011A D:0000 DB:86 nvMxdiZc V:249 H:338 F:10
							8490C2 18          CLC                    A:FF00 X:0E68 Y:CFB8 S:011A D:0000 DB:86 nvMxdiZc V:250 H:  3 F:10
							8490C3 75 05       ADC $05,X     [000E6D] A:FF00 X:0E68 Y:CFB8 S:011A D:0000 DB:86 nvMxdiZc V:250 H:  6 F:10
							8490C5 85 00       STA $00       [000000] A:FF44 X:0E68 Y:CFB8 S:011A D:0000 DB:86 nvMxdizc V:250 H: 12 F:10
							8490C7 B5 06       LDA $06,X     [000E6E] A:FF44 X:0E68 Y:CFB8 S:011A D:0000 DB:86 nvMxdizc V:250 H: 17 F:10
							8490C9 65 01       ADC $01       [000001] A:FF1D X:0E68 Y:CFB8 S:011A D:0000 DB:86 nvMxdizc V:250 H: 24 F:10
							8490CB 85 01       STA $01       [000001] A:FF1D X:0E68 Y:CFB8 S:011A D:0000 DB:86 nvMxdizc V:250 H: 29 F:10
							8490CD 64 03       STZ $03       [000003] A:FF1D X:0E68 Y:CFB8 S:011A D:0000 DB:86 nvMxdizc V:250 H: 34 F:10
							8490CF B5 2A       LDA $2A,X     [000E92] A:FF1D X:0E68 Y:CFB8 S:011A D:0000 DB:86 nvMxdizc V:250 H: 39 F:10
							8490D1 10 02       BPL $0002     [8490D5] A:FF1D X:0E68 Y:CFB8 S:011A D:0000 DB:86 nvMxdizc V:250 H: 45 F:10
							8490D5 18          CLC                    A:FF1D X:0E68 Y:CFB8 S:011A D:0000 DB:86 nvMxdizc V:250 H: 50 F:10
							8490D6 75 08       ADC $08,X     [000E70] A:FF1D X:0E68 Y:CFB8 S:011A D:0000 DB:86 nvMxdizc V:250 H: 53 F:10
							8490D8 85 02       STA $02       [000002] A:FF67 X:0E68 Y:CFB8 S:011A D:0000 DB:86 nvMxdizc V:250 H: 59 F:10
							8490DA 29 F0       AND #$F0               A:FF67 X:0E68 Y:CFB8 S:011A D:0000 DB:86 nvMxdizc V:250 H: 64 F:10
							8490DC 85 0A       STA $0A       [00000A] A:FF60 X:0E68 Y:CFB8 S:011A D:0000 DB:86 nvMxdizc V:250 H: 67 F:10
							8490DE B5 09       LDA $09,X     [000E71] A:FF60 X:0E68 Y:CFB8 S:011A D:0000 DB:86 nvMxdizc V:250 H: 72 F:10
							8490E0 65 03       ADC $03       [000003] A:FF03 X:0E68 Y:CFB8 S:011A D:0000 DB:86 nvMxdizc V:250 H: 79 F:10
							8490E2 85 03       STA $03       [000003] A:FF03 X:0E68 Y:CFB8 S:011A D:0000 DB:86 nvMxdizc V:250 H: 84 F:10
							8490E4 85 0B       STA $0B       [00000B] A:FF03 X:0E68 Y:CFB8 S:011A D:0000 DB:86 nvMxdizc V:250 H: 89 F:10
							8490E6 A5 00       LDA $00       [000000] A:FF03 X:0E68 Y:CFB8 S:011A D:0000 DB:86 nvMxdizc V:250 H: 94 F:10
							8490E8 29 0F       AND #$0F               A:FF44 X:0E68 Y:CFB8 S:011A D:0000 DB:86 nvMxdizc V:250 H: 99 F:10
							8490EA 1A          INC                    A:FF04 X:0E68 Y:CFB8 S:011A D:0000 DB:86 nvMxdizc V:250 H:102 F:10
							8490EB 85 0C       STA $0C       [00000C] A:FF05 X:0E68 Y:CFB8 S:011A D:0000 DB:86 nvMxdizc V:250 H:105 F:10
							8490ED A5 02       LDA $02       [000002] A:FF05 X:0E68 Y:CFB8 S:011A D:0000 DB:86 nvMxdizc V:250 H:110 F:10
							8490EF 29 0F       AND #$0F               A:FF67 X:0E68 Y:CFB8 S:011A D:0000 DB:86 nvMxdizc V:250 H:115 F:10
							8490F1 1A          INC                    A:FF07 X:0E68 Y:CFB8 S:011A D:0000 DB:86 nvMxdizc V:250 H:118 F:10
							8490F2 85 0E       STA $0E       [00000E] A:FF08 X:0E68 Y:CFB8 S:011A D:0000 DB:86 nvMxdizc V:250 H:121 F:10
							8490F4 C2 20       REP #$20               A:FF08 X:0E68 Y:CFB8 S:011A D:0000 DB:86 nvMxdizc V:250 H:126 F:10
							8490F6 20 6A 91    JSR $916A     [84916A] A:FF08 X:0E68 Y:CFB8 S:011A D:0000 DB:86 nvmxdizc V:250 H:130 F:10

								84916A A9 00 E8    LDA #$E800             A:FF08 X:0E68 Y:CFB8 S:0118 D:0000 DB:86 nvmxdizc V:250 H:150 F:10
								84916D 85 10       STA $10       [000010] A:E800 X:0E68 Y:CFB8 S:0118 D:0000 DB:86 Nvmxdizc V:250 H:155 F:10
								84916F A9 7E 00    LDA #$007E             A:E800 X:0E68 Y:CFB8 S:0118 D:0000 DB:86 Nvmxdizc V:250 H:162 F:10
								849172 85 12       STA $12       [000012] A:007E X:0E68 Y:CFB8 S:0118 D:0000 DB:86 nvmxdizc V:250 H:166 F:10
								849174 A5 02       LDA $02       [000002] A:007E X:0E68 Y:CFB8 S:0118 D:0000 DB:86 nvmxdizc V:250 H:173 F:10
								849176 29 F0 00    AND #$00F0             A:0367 X:0E68 Y:CFB8 S:0118 D:0000 DB:86 nvmxdizc V:250 H:180 F:10
								849179 0A          ASL A                  A:0060 X:0E68 Y:CFB8 S:0118 D:0000 DB:86 nvmxdizc V:250 H:185 F:10
								84917A 85 04       STA $04       [000004] A:00C0 X:0E68 Y:CFB8 S:0118 D:0000 DB:86 nvmxdizc V:250 H:188 F:10
								84917C A5 00       LDA $00       [000000] A:00C0 X:0E68 Y:CFB8 S:0118 D:0000 DB:86 nvmxdizc V:250 H:195 F:10
								84917E 29 FF 00    AND #$00FF             A:1D44 X:0E68 Y:CFB8 S:0118 D:0000 DB:86 nvmxdizc V:250 H:202 F:10
								849181 4A          LSR A                  A:0044 X:0E68 Y:CFB8 S:0118 D:0000 DB:86 nvmxdizc V:250 H:206 F:10
								849182 4A          LSR A                  A:0022 X:0E68 Y:CFB8 S:0118 D:0000 DB:86 nvmxdizc V:250 H:209 F:10
								849183 4A          LSR A                  A:0011 X:0E68 Y:CFB8 S:0118 D:0000 DB:86 nvmxdizc V:250 H:212 F:10
								849184 29 FE FF    AND #$FFFE             A:0008 X:0E68 Y:CFB8 S:0118 D:0000 DB:86 nvmxdizC V:250 H:215 F:10
								849187 18          CLC                    A:0008 X:0E68 Y:CFB8 S:0118 D:0000 DB:86 nvmxdizC V:250 H:220 F:10
								849188 65 04       ADC $04       [000004] A:0008 X:0E68 Y:CFB8 S:0118 D:0000 DB:86 nvmxdizc V:250 H:223 F:10
								84918A 85 06       STA $06       [000006] A:00C8 X:0E68 Y:CFB8 S:0118 D:0000 DB:86 nvmxdizc V:250 H:230 F:10
								84918C A5 00       LDA $00       [000000] A:00C8 X:0E68 Y:CFB8 S:0118 D:0000 DB:86 nvmxdizc V:250 H:237 F:10
								84918E EB          XBA                    A:1D44 X:0E68 Y:CFB8 S:0118 D:0000 DB:86 nvmxdizc V:250 H:244 F:10
								84918F 29 1F 00    AND #$001F             A:441D X:0E68 Y:CFB8 S:0118 D:0000 DB:86 nvmxdizc V:250 H:248 F:10
								849192 85 04       STA $04       [000004] A:001D X:0E68 Y:CFB8 S:0118 D:0000 DB:86 nvmxdizc V:250 H:253 F:10
								849194 A5 02       LDA $02       [000002] A:001D X:0E68 Y:CFB8 S:0118 D:0000 DB:86 nvmxdizc V:250 H:260 F:10
								849196 29 00 1F    AND #$1F00             A:0367 X:0E68 Y:CFB8 S:0118 D:0000 DB:86 nvmxdizc V:250 H:267 F:10
								849199 4A          LSR A                  A:0300 X:0E68 Y:CFB8 S:0118 D:0000 DB:86 nvmxdizc V:250 H:271 F:10
								84919A 4A          LSR A                  A:0180 X:0E68 Y:CFB8 S:0118 D:0000 DB:86 nvmxdizc V:250 H:274 F:10
								84919B 4A          LSR A                  A:00C0 X:0E68 Y:CFB8 S:0118 D:0000 DB:86 nvmxdizc V:250 H:277 F:10
								84919C 18          CLC                    A:0060 X:0E68 Y:CFB8 S:0118 D:0000 DB:86 nvmxdizc V:250 H:280 F:10
								84919D 65 04       ADC $04       [000004] A:0060 X:0E68 Y:CFB8 S:0118 D:0000 DB:86 nvmxdizc V:250 H:283 F:10
								84919F A8          TAY                    A:007D X:0E68 Y:CFB8 S:0118 D:0000 DB:86 nvmxdizc V:250 H:290 F:10
								8491A0 B7 10       LDA [$10],Y   [7EE87D] A:007D X:0E68 Y:007D S:0118 D:0000 DB:86 nvmxdizc V:250 H:293 F:10
								8491A2 29 FF 00    AND #$00FF             A:0024 X:0E68 Y:007D S:0118 D:0000 DB:86 nvmxdizc V:250 H:306 F:10
								8491A5 A8          TAY                    A:0024 X:0E68 Y:007D S:0118 D:0000 DB:86 nvmxdizc V:250 H:311 F:10
								8491A6 EB          XBA                    A:0024 X:0E68 Y:0024 S:0118 D:0000 DB:86 nvmxdizc V:250 H:314 F:10
								8491A7 0A          ASL A                  A:2400 X:0E68 Y:0024 S:0118 D:0000 DB:86 nvmxdiZc V:250 H:318 F:10
								8491A8 18          CLC                    A:4800 X:0E68 Y:0024 S:0118 D:0000 DB:86 nvmxdizc V:250 H:321 F:10
								8491A9 65 06       ADC $06       [000006] A:4800 X:0E68 Y:0024 S:0118 D:0000 DB:86 nvmxdizc V:250 H:324 F:10
								8491AB AA          TAX                    A:48C8 X:0E68 Y:0024 S:0118 D:0000 DB:86 nvmxdizc V:250 H:330 F:10
								8491AC 60          RTS                    A:48C8 X:48C8 Y:0024 S:0118 D:0000 DB:86 nvmxdizc V:250 H:333 F:10

							8490F9 BF 00 20 7E LDA $7E2000,X [7E68C8] A:48C8 X:48C8 Y:0024 S:011A D:0000 DB:86 nvmxdizc V:251 H:  3 F:10
							8490FD A8          TAY                    A:018A X:48C8 Y:0024 S:011A D:0000 DB:86 nvmxdizc V:251 H: 13 F:10
							8490FE AD 92 0B    LDA $0B92     [860B92] A:018A X:48C8 Y:018A S:011A D:0000 DB:86 nvmxdizc V:251 H: 16 F:10
							849101 85 10       STA $10       [000010] A:EB15 X:48C8 Y:018A S:011A D:0000 DB:86 Nvmxdizc V:251 H: 25 F:10
							849103 AD 94 0B    LDA $0B94     [860B94] A:EB15 X:48C8 Y:018A S:011A D:0000 DB:86 Nvmxdizc V:251 H: 32 F:10
							849106 85 12       STA $12       [000012] A:F895 X:48C8 Y:018A S:011A D:0000 DB:86 Nvmxdizc V:251 H: 40 F:10
							849108 B7 10       LDA [$10],Y   [95EC9F] A:F895 X:48C8 Y:018A S:011A D:0000 DB:86 Nvmxdizc V:251 H: 47 F:10
							84910A 29 FF 00    AND #$00FF             A:0000 X:48C8 Y:018A S:011A D:0000 DB:86 nvmxdiZc V:251 H: 59 F:10
							84910D 28          PLP                    A:0000 X:48C8 Y:018A S:011A D:0000 DB:86 nvmxdiZc V:251 H: 64 F:10
							84910E FA          PLX                    A:0000 X:48C8 Y:018A S:011B D:0000 DB:86 nvMxdizc V:251 H: 70 F:10
							84910F 2B          PLD                    A:0000 X:0E68 Y:018A S:011D D:0000 DB:86 nvMxdizc V:251 H: 79 F:10
							849110 60          RTS                    A:0000 X:0E68 Y:018A S:011F D:0000 DB:86 nvMxdiZc V:251 H: 87 F:10

						8495D3 95 2E       STA $2E,X     [000E96] A:0000 X:0E68 Y:018A S:0121 D:0000 DB:86 nvMxdiZc V:251 H: 97 F:10
						8495D5 85 18       STA $18       [000018] A:0000 X:0E68 Y:018A S:0121 D:0000 DB:86 nvMxdiZc V:251 H:104 F:10
						8495D7 29 3F       AND #$3F               A:0000 X:0E68 Y:018A S:0121 D:0000 DB:86 nvMxdiZc V:251 H:109 F:10
						8495D9 0A          ASL A                  A:0000 X:0E68 Y:018A S:0121 D:0000 DB:86 nvMxdiZc V:251 H:112 F:10
						8495DA EB          XBA                    A:0000 X:0E68 Y:018A S:0121 D:0000 DB:86 nvMxdiZc V:251 H:115 F:10
						8495DB A9 00       LDA #$00               A:0000 X:0E68 Y:018A S:0121 D:0000 DB:86 nvMxdiZc V:251 H:119 F:10
						8495DD EB          XBA                    A:0000 X:0E68 Y:018A S:0121 D:0000 DB:86 nvMxdiZc V:251 H:122 F:10
						8495DE A8          TAY                    A:0000 X:0E68 Y:018A S:0121 D:0000 DB:86 nvMxdiZc V:251 H:127 F:10
						8495DF 84 28       STY $28       [000028] A:0000 X:0E68 Y:0000 S:0121 D:0000 DB:86 nvMxdiZc V:251 H:130 F:10
						8495E1 86 2C       STX $2C       [00002C] A:0000 X:0E68 Y:0000 S:0121 D:0000 DB:86 nvMxdiZc V:251 H:147 F:10
						8495E3 68          PLA                    A:0000 X:0E68 Y:0000 S:0121 D:0000 DB:86 nvMxdiZc V:251 H:154 F:10
						8495E4 95 2A       STA $2A,X     [000E92] A:001D X:0E68 Y:0000 S:0122 D:0000 DB:86 nvMxdizc V:251 H:160 F:10
						8495E6 A6 2C       LDX $2C       [00002C] A:001D X:0E68 Y:0000 S:0122 D:0000 DB:86 nvMxdizc V:251 H:167 F:10
						8495E8 A9 FB       LDA #$FB               A:001D X:0E68 Y:0000 S:0122 D:0000 DB:86 nvMxdizc V:251 H:174 F:10
						8495EA 35 2B       AND $2B,X     [000E93] A:00FB X:0E68 Y:0000 S:0122 D:0000 DB:86 NvMxdizc V:251 H:177 F:10
						8495EC 95 2B       STA $2B,X     [000E93] A:0000 X:0E68 Y:0000 S:0122 D:0000 DB:86 nvMxdiZc V:251 H:183 F:10
						8495EE 64 01       STZ $01       [000001] A:0000 X:0E68 Y:0000 S:0122 D:0000 DB:86 nvMxdiZc V:251 H:190 F:10
						8495F0 B5 2A       LDA $2A,X     [000E92] A:0000 X:0E68 Y:0000 S:0122 D:0000 DB:86 nvMxdiZc V:251 H:195 F:10
						8495F2 85 02       STA $02       [000002] A:001D X:0E68 Y:0000 S:0122 D:0000 DB:86 nvMxdizc V:251 H:201 F:10
						8495F4 64 03       STZ $03       [000003] A:001D X:0E68 Y:0000 S:0122 D:0000 DB:86 nvMxdizc V:251 H:206 F:10
						8495F6 B4 05       LDY $05,X     [000E6D] A:001D X:0E68 Y:0000 S:0122 D:0000 DB:86 nvMxdizc V:251 H:211 F:10
						8495F8 84 10       STY $10       [000010] A:001D X:0E68 Y:1D44 S:0122 D:0000 DB:86 nvMxdizc V:251 H:220 F:10
						8495FA B4 08       LDY $08,X     [000E70] A:001D X:0E68 Y:1D44 S:0122 D:0000 DB:86 nvMxdizc V:251 H:227 F:10
						8495FC 84 12       STY $12       [000012] A:001D X:0E68 Y:034A S:0122 D:0000 DB:86 nvMxdizc V:251 H:235 F:10
						8495FE A6 28       LDX $28       [000028] A:001D X:0E68 Y:034A S:0122 D:0000 DB:86 nvMxdizc V:251 H:242 F:10
						849600 FC 1C 96    JSR ($961C,X) [84961C] A:001D X:0000 Y:034A S:0122 D:0000 DB:86 nvMxdiZc V:251 H:249 F:10

							84969C AD 1C 1F    LDA $1F1C     [861F1C] A:001D X:0000 Y:034A S:0120 D:0000 DB:86 nvMxdiZc V:251 H:262 F:10
							84969F F0 11       BEQ $0011     [8496B2] A:0000 X:0000 Y:034A S:0120 D:0000 DB:86 nvMxdiZc V:251 H:269 F:10
							8496B2 A9 00       LDA #$00               A:0000 X:0000 Y:034A S:0120 D:0000 DB:86 nvMxdiZc V:251 H:273 F:10
							8496B4 60          RTS                    A:0000 X:0000 Y:034A S:0120 D:0000 DB:86 nvMxdiZc V:251 H:276 F:10

						849603 F0 11       BEQ $0011     [849616] A:0000 X:0000 Y:034A S:0122 D:0000 DB:86 nvMxdiZc V:251 H:286 F:10
						849616 A6 2C       LDX $2C       [00002C] A:0000 X:0000 Y:034A S:0122 D:0000 DB:86 nvMxdiZc V:251 H:291 F:10
						849618 20 08 93    JSR $9308     [849308] A:0000 X:0E68 Y:034A S:0122 D:0000 DB:86 nvMxdizc V:251 H:298 F:10

							849308 A5 14       LDA $14       [000014] A:0000 X:0E68 Y:034A S:0120 D:0000 DB:86 nvMxdizc V:251 H:308 F:10
							84930A F0 08       BEQ $0008     [849314] A:0000 X:0E68 Y:034A S:0120 D:0000 DB:86 nvMxdiZc V:251 H:313 F:10
							849314 60          RTS                    A:0000 X:0E68 Y:034A S:0120 D:0000 DB:86 nvMxdiZc V:251 H:317 F:10

						84961B 60          RTS                    A:0000 X:0E68 Y:034A S:0122 D:0000 DB:86 nvMxdiZc V:251 H:327 F:10

					849275 D0 32       BNE $0032     [8492A9] A:0000 X:0E68 Y:034A S:0124 D:0000 DB:86 nvMxdiZc V:251 H:336 F:10
					849277 A5 08       LDA $08       [000008] A:0000 X:0E68 Y:034A S:0124 D:0000 DB:86 nvMxdiZc V:251 H:339 F:10
					849279 29 7F       AND #$7F               A:0080 X:0E68 Y:034A S:0124 D:0000 DB:86 NvMxdizc V:252 H:  4 F:10
					84927B 85 08       STA $08       [000008] A:0000 X:0E68 Y:034A S:0124 D:0000 DB:86 nvMxdiZc V:252 H:  7 F:10
					84927D B4 20       LDY $20,X     [000E88] A:0000 X:0E68 Y:034A S:0124 D:0000 DB:86 nvMxdiZc V:252 H: 12 F:10
					84927F B9 05 00    LDA $0005,Y   [86CFBD] A:0000 X:0E68 Y:CFB8 S:0124 D:0000 DB:86 NvMxdizc V:252 H: 21 F:10
					849282 34 11       BIT $11,X     [000E79] A:0000 X:0E68 Y:CFB8 S:0124 D:0000 DB:86 nvMxdiZc V:252 H: 28 F:10
					849284 50 03       BVC $0003     [849289] A:0000 X:0E68 Y:CFB8 S:0124 D:0000 DB:86 nvMxdiZc V:252 H: 35 F:10
					849289 38          SEC                    A:0000 X:0E68 Y:CFB8 S:0124 D:0000 DB:86 nvMxdiZc V:252 H: 39 F:10
					84928A F9 07 00    SBC $0007,Y   [86CFBF] A:0000 X:0E68 Y:CFB8 S:0124 D:0000 DB:86 nvMxdiZC V:252 H: 42 F:10
					84928D 95 29       STA $29,X     [000E91] A:00EE X:0E68 Y:CFB8 S:0124 D:0000 DB:86 NvMxdizc V:252 H: 50 F:10
					84928F 20 C4 95    JSR $95C4     [8495C4] A:00EE X:0E68 Y:CFB8 S:0124 D:0000 DB:86 NvMxdizc V:252 H: 56 F:10

						8495C4 B5 2A       LDA $2A,X     [000E92] A:00EE X:0E68 Y:CFB8 S:0122 D:0000 DB:86 NvMxdizc V:252 H: 66 F:10
						8495C6 48          PHA                    A:001D X:0E68 Y:CFB8 S:0122 D:0000 DB:86 nvMxdizc V:252 H: 73 F:10
						8495C7 A5 08       LDA $08       [000008] A:001D X:0E68 Y:CFB8 S:0121 D:0000 DB:86 nvMxdizc V:252 H: 78 F:10
						8495C9 29 7F       AND #$7F               A:0000 X:0E68 Y:CFB8 S:0121 D:0000 DB:86 nvMxdiZc V:252 H: 83 F:10
						8495CB 18          CLC                    A:0000 X:0E68 Y:CFB8 S:0121 D:0000 DB:86 nvMxdiZc V:252 H: 86 F:10
						8495CC 75 2A       ADC $2A,X     [000E92] A:0000 X:0E68 Y:CFB8 S:0121 D:0000 DB:86 nvMxdiZc V:252 H: 89 F:10
						8495CE 95 2A       STA $2A,X     [000E92] A:001D X:0E68 Y:CFB8 S:0121 D:0000 DB:86 nvMxdizc V:252 H: 95 F:10
						8495D0 20 B3 90    JSR $90B3     [8490B3] A:001D X:0E68 Y:CFB8 S:0121 D:0000 DB:86 nvMxdizc V:252 H:102 F:10

							8490B3 0B          PHD                    A:001D X:0E68 Y:CFB8 S:011F D:0000 DB:86 nvMxdizc V:252 H:112 F:10
							8490B4 DA          PHX                    A:001D X:0E68 Y:CFB8 S:011D D:0000 DB:86 nvMxdizc V:252 H:119 F:10
							8490B5 08          PHP                    A:001D X:0E68 Y:CFB8 S:011B D:0000 DB:86 nvMxdizc V:252 H:126 F:10
							8490B6 E2 20       SEP #$20               A:001D X:0E68 Y:CFB8 S:011A D:0000 DB:86 nvMxdizc V:252 H:131 F:10
							8490B8 C2 10       REP #$10               A:001D X:0E68 Y:CFB8 S:011A D:0000 DB:86 nvMxdizc V:252 H:145 F:10
							8490BA 64 01       STZ $01       [000001] A:001D X:0E68 Y:CFB8 S:011A D:0000 DB:86 nvMxdizc V:252 H:150 F:10
							8490BC B5 29       LDA $29,X     [000E91] A:001D X:0E68 Y:CFB8 S:011A D:0000 DB:86 nvMxdizc V:252 H:155 F:10
							8490BE 10 02       BPL $0002     [8490C2] A:00EE X:0E68 Y:CFB8 S:011A D:0000 DB:86 NvMxdizc V:252 H:161 F:10
							8490C0 C6 01       DEC $01       [000001] A:00EE X:0E68 Y:CFB8 S:011A D:0000 DB:86 NvMxdizc V:252 H:164 F:10
							8490C2 18          CLC                    A:00EE X:0E68 Y:CFB8 S:011A D:0000 DB:86 NvMxdizc V:252 H:173 F:10
							8490C3 75 05       ADC $05,X     [000E6D] A:00EE X:0E68 Y:CFB8 S:011A D:0000 DB:86 NvMxdizc V:252 H:176 F:10
							8490C5 85 00       STA $00       [000000] A:0032 X:0E68 Y:CFB8 S:011A D:0000 DB:86 nvMxdizC V:252 H:182 F:10
							8490C7 B5 06       LDA $06,X     [000E6E] A:0032 X:0E68 Y:CFB8 S:011A D:0000 DB:86 nvMxdizC V:252 H:187 F:10
							8490C9 65 01       ADC $01       [000001] A:001D X:0E68 Y:CFB8 S:011A D:0000 DB:86 nvMxdizC V:252 H:194 F:10
							8490CB 85 01       STA $01       [000001] A:001D X:0E68 Y:CFB8 S:011A D:0000 DB:86 nvMxdizC V:252 H:199 F:10
							8490CD 64 03       STZ $03       [000003] A:001D X:0E68 Y:CFB8 S:011A D:0000 DB:86 nvMxdizC V:252 H:204 F:10
							8490CF B5 2A       LDA $2A,X     [000E92] A:001D X:0E68 Y:CFB8 S:011A D:0000 DB:86 nvMxdizC V:252 H:209 F:10
							8490D1 10 02       BPL $0002     [8490D5] A:001D X:0E68 Y:CFB8 S:011A D:0000 DB:86 nvMxdizC V:252 H:215 F:10
							8490D5 18          CLC                    A:001D X:0E68 Y:CFB8 S:011A D:0000 DB:86 nvMxdizC V:252 H:220 F:10
							8490D6 75 08       ADC $08,X     [000E70] A:001D X:0E68 Y:CFB8 S:011A D:0000 DB:86 nvMxdizc V:252 H:223 F:10
							8490D8 85 02       STA $02       [000002] A:0067 X:0E68 Y:CFB8 S:011A D:0000 DB:86 nvMxdizc V:252 H:229 F:10
							8490DA 29 F0       AND #$F0               A:0067 X:0E68 Y:CFB8 S:011A D:0000 DB:86 nvMxdizc V:252 H:234 F:10
							8490DC 85 0A       STA $0A       [00000A] A:0060 X:0E68 Y:CFB8 S:011A D:0000 DB:86 nvMxdizc V:252 H:237 F:10
							8490DE B5 09       LDA $09,X     [000E71] A:0060 X:0E68 Y:CFB8 S:011A D:0000 DB:86 nvMxdizc V:252 H:242 F:10
							8490E0 65 03       ADC $03       [000003] A:0003 X:0E68 Y:CFB8 S:011A D:0000 DB:86 nvMxdizc V:252 H:249 F:10
							8490E2 85 03       STA $03       [000003] A:0003 X:0E68 Y:CFB8 S:011A D:0000 DB:86 nvMxdizc V:252 H:254 F:10
							8490E4 85 0B       STA $0B       [00000B] A:0003 X:0E68 Y:CFB8 S:011A D:0000 DB:86 nvMxdizc V:252 H:259 F:10
							8490E6 A5 00       LDA $00       [000000] A:0003 X:0E68 Y:CFB8 S:011A D:0000 DB:86 nvMxdizc V:252 H:264 F:10
							8490E8 29 0F       AND #$0F               A:0032 X:0E68 Y:CFB8 S:011A D:0000 DB:86 nvMxdizc V:252 H:269 F:10
							8490EA 1A          INC                    A:0002 X:0E68 Y:CFB8 S:011A D:0000 DB:86 nvMxdizc V:252 H:272 F:10
							8490EB 85 0C       STA $0C       [00000C] A:0003 X:0E68 Y:CFB8 S:011A D:0000 DB:86 nvMxdizc V:252 H:275 F:10
							8490ED A5 02       LDA $02       [000002] A:0003 X:0E68 Y:CFB8 S:011A D:0000 DB:86 nvMxdizc V:252 H:280 F:10
							8490EF 29 0F       AND #$0F               A:0067 X:0E68 Y:CFB8 S:011A D:0000 DB:86 nvMxdizc V:252 H:285 F:10
							8490F1 1A          INC                    A:0007 X:0E68 Y:CFB8 S:011A D:0000 DB:86 nvMxdizc V:252 H:288 F:10
							8490F2 85 0E       STA $0E       [00000E] A:0008 X:0E68 Y:CFB8 S:011A D:0000 DB:86 nvMxdizc V:252 H:291 F:10
							8490F4 C2 20       REP #$20               A:0008 X:0E68 Y:CFB8 S:011A D:0000 DB:86 nvMxdizc V:252 H:296 F:10
							8490F6 20 6A 91    JSR $916A     [84916A] A:0008 X:0E68 Y:CFB8 S:011A D:0000 DB:86 nvmxdizc V:252 H:300 F:10

								84916A A9 00 E8    LDA #$E800             A:0008 X:0E68 Y:CFB8 S:0118 D:0000 DB:86 nvmxdizc V:252 H:310 F:10
								84916D 85 10       STA $10       [000010] A:E800 X:0E68 Y:CFB8 S:0118 D:0000 DB:86 Nvmxdizc V:252 H:315 F:10
								84916F A9 7E 00    LDA #$007E             A:E800 X:0E68 Y:CFB8 S:0118 D:0000 DB:86 Nvmxdizc V:252 H:322 F:10
								849172 85 12       STA $12       [000012] A:007E X:0E68 Y:CFB8 S:0118 D:0000 DB:86 nvmxdizc V:252 H:326 F:10
								849174 A5 02       LDA $02       [000002] A:007E X:0E68 Y:CFB8 S:0118 D:0000 DB:86 nvmxdizc V:252 H:332 F:10
								849176 29 F0 00    AND #$00F0             A:0367 X:0E68 Y:CFB8 S:0118 D:0000 DB:86 nvmxdizc V:252 H:339 F:10
								849179 0A          ASL A                  A:0060 X:0E68 Y:CFB8 S:0118 D:0000 DB:86 nvmxdizc V:253 H:  4 F:10
								84917A 85 04       STA $04       [000004] A:00C0 X:0E68 Y:CFB8 S:0118 D:0000 DB:86 nvmxdizc V:253 H:  7 F:10
								84917C A5 00       LDA $00       [000000] A:00C0 X:0E68 Y:CFB8 S:0118 D:0000 DB:86 nvmxdizc V:253 H: 14 F:10
								84917E 29 FF 00    AND #$00FF             A:1D32 X:0E68 Y:CFB8 S:0118 D:0000 DB:86 nvmxdizc V:253 H: 21 F:10
								849181 4A          LSR A                  A:0032 X:0E68 Y:CFB8 S:0118 D:0000 DB:86 nvmxdizc V:253 H: 25 F:10
								849182 4A          LSR A                  A:0019 X:0E68 Y:CFB8 S:0118 D:0000 DB:86 nvmxdizc V:253 H: 28 F:10
								849183 4A          LSR A                  A:000C X:0E68 Y:CFB8 S:0118 D:0000 DB:86 nvmxdizC V:253 H: 31 F:10
								849184 29 FE FF    AND #$FFFE             A:0006 X:0E68 Y:CFB8 S:0118 D:0000 DB:86 nvmxdizc V:253 H: 34 F:10
								849187 18          CLC                    A:0006 X:0E68 Y:CFB8 S:0118 D:0000 DB:86 nvmxdizc V:253 H: 39 F:10
								849188 65 04       ADC $04       [000004] A:0006 X:0E68 Y:CFB8 S:0118 D:0000 DB:86 nvmxdizc V:253 H: 42 F:10
								84918A 85 06       STA $06       [000006] A:00C6 X:0E68 Y:CFB8 S:0118 D:0000 DB:86 nvmxdizc V:253 H: 49 F:10
								84918C A5 00       LDA $00       [000000] A:00C6 X:0E68 Y:CFB8 S:0118 D:0000 DB:86 nvmxdizc V:253 H: 56 F:10
								84918E EB          XBA                    A:1D32 X:0E68 Y:CFB8 S:0118 D:0000 DB:86 nvmxdizc V:253 H: 63 F:10
								84918F 29 1F 00    AND #$001F             A:321D X:0E68 Y:CFB8 S:0118 D:0000 DB:86 nvmxdizc V:253 H: 67 F:10
								849192 85 04       STA $04       [000004] A:001D X:0E68 Y:CFB8 S:0118 D:0000 DB:86 nvmxdizc V:253 H: 72 F:10
								849194 A5 02       LDA $02       [000002] A:001D X:0E68 Y:CFB8 S:0118 D:0000 DB:86 nvmxdizc V:253 H: 79 F:10
								849196 29 00 1F    AND #$1F00             A:0367 X:0E68 Y:CFB8 S:0118 D:0000 DB:86 nvmxdizc V:253 H: 86 F:10
								849199 4A          LSR A                  A:0300 X:0E68 Y:CFB8 S:0118 D:0000 DB:86 nvmxdizc V:253 H: 90 F:10
								84919A 4A          LSR A                  A:0180 X:0E68 Y:CFB8 S:0118 D:0000 DB:86 nvmxdizc V:253 H: 93 F:10
								84919B 4A          LSR A                  A:00C0 X:0E68 Y:CFB8 S:0118 D:0000 DB:86 nvmxdizc V:253 H: 96 F:10
								84919C 18          CLC                    A:0060 X:0E68 Y:CFB8 S:0118 D:0000 DB:86 nvmxdizc V:253 H: 99 F:10
								84919D 65 04       ADC $04       [000004] A:0060 X:0E68 Y:CFB8 S:0118 D:0000 DB:86 nvmxdizc V:253 H:102 F:10
								84919F A8          TAY                    A:007D X:0E68 Y:CFB8 S:0118 D:0000 DB:86 nvmxdizc V:253 H:109 F:10
								8491A0 B7 10       LDA [$10],Y   [7EE87D] A:007D X:0E68 Y:007D S:0118 D:0000 DB:86 nvmxdizc V:253 H:112 F:10
								8491A2 29 FF 00    AND #$00FF             A:0024 X:0E68 Y:007D S:0118 D:0000 DB:86 nvmxdizc V:253 H:125 F:10
								8491A5 A8          TAY                    A:0024 X:0E68 Y:007D S:0118 D:0000 DB:86 nvmxdizc V:253 H:130 F:10
								8491A6 EB          XBA                    A:0024 X:0E68 Y:0024 S:0118 D:0000 DB:86 nvmxdizc V:253 H:133 F:10
								8491A7 0A          ASL A                  A:2400 X:0E68 Y:0024 S:0118 D:0000 DB:86 nvmxdiZc V:253 H:147 F:10
								8491A8 18          CLC                    A:4800 X:0E68 Y:0024 S:0118 D:0000 DB:86 nvmxdizc V:253 H:150 F:10
								8491A9 65 06       ADC $06       [000006] A:4800 X:0E68 Y:0024 S:0118 D:0000 DB:86 nvmxdizc V:253 H:153 F:10
								8491AB AA          TAX                    A:48C6 X:0E68 Y:0024 S:0118 D:0000 DB:86 nvmxdizc V:253 H:160 F:10
								8491AC 60          RTS                    A:48C6 X:48C6 Y:0024 S:0118 D:0000 DB:86 nvmxdizc V:253 H:163 F:10

							8490F9 BF 00 20 7E LDA $7E2000,X [7E68C6] A:48C6 X:48C6 Y:0024 S:011A D:0000 DB:86 nvmxdizc V:253 H:173 F:10
							8490FD A8          TAY                    A:018A X:48C6 Y:0024 S:011A D:0000 DB:86 nvmxdizc V:253 H:183 F:10
							8490FE AD 92 0B    LDA $0B92     [860B92] A:018A X:48C6 Y:018A S:011A D:0000 DB:86 nvmxdizc V:253 H:186 F:10
							849101 85 10       STA $10       [000010] A:EB15 X:48C6 Y:018A S:011A D:0000 DB:86 Nvmxdizc V:253 H:195 F:10
							849103 AD 94 0B    LDA $0B94     [860B94] A:EB15 X:48C6 Y:018A S:011A D:0000 DB:86 Nvmxdizc V:253 H:202 F:10
							849106 85 12       STA $12       [000012] A:F895 X:48C6 Y:018A S:011A D:0000 DB:86 Nvmxdizc V:253 H:210 F:10
							849108 B7 10       LDA [$10],Y   [95EC9F] A:F895 X:48C6 Y:018A S:011A D:0000 DB:86 Nvmxdizc V:253 H:217 F:10
							84910A 29 FF 00    AND #$00FF             A:0000 X:48C6 Y:018A S:011A D:0000 DB:86 nvmxdiZc V:253 H:229 F:10
							84910D 28          PLP                    A:0000 X:48C6 Y:018A S:011A D:0000 DB:86 nvmxdiZc V:253 H:234 F:10
							84910E FA          PLX                    A:0000 X:48C6 Y:018A S:011B D:0000 DB:86 nvMxdizc V:253 H:240 F:10
							84910F 2B          PLD                    A:0000 X:0E68 Y:018A S:011D D:0000 DB:86 nvMxdizc V:253 H:249 F:10
							849110 60          RTS                    A:0000 X:0E68 Y:018A S:011F D:0000 DB:86 nvMxdiZc V:253 H:257 F:10

						8495D3 95 2E       STA $2E,X     [000E96] A:0000 X:0E68 Y:018A S:0121 D:0000 DB:86 nvMxdiZc V:253 H:267 F:10
						8495D5 85 18       STA $18       [000018] A:0000 X:0E68 Y:018A S:0121 D:0000 DB:86 nvMxdiZc V:253 H:274 F:10
						8495D7 29 3F       AND #$3F               A:0000 X:0E68 Y:018A S:0121 D:0000 DB:86 nvMxdiZc V:253 H:279 F:10
						8495D9 0A          ASL A                  A:0000 X:0E68 Y:018A S:0121 D:0000 DB:86 nvMxdiZc V:253 H:282 F:10
						8495DA EB          XBA                    A:0000 X:0E68 Y:018A S:0121 D:0000 DB:86 nvMxdiZc V:253 H:285 F:10
						8495DB A9 00       LDA #$00               A:0000 X:0E68 Y:018A S:0121 D:0000 DB:86 nvMxdiZc V:253 H:289 F:10
						8495DD EB          XBA                    A:0000 X:0E68 Y:018A S:0121 D:0000 DB:86 nvMxdiZc V:253 H:292 F:10
						8495DE A8          TAY                    A:0000 X:0E68 Y:018A S:0121 D:0000 DB:86 nvMxdiZc V:253 H:297 F:10
						8495DF 84 28       STY $28       [000028] A:0000 X:0E68 Y:0000 S:0121 D:0000 DB:86 nvMxdiZc V:253 H:300 F:10
						8495E1 86 2C       STX $2C       [00002C] A:0000 X:0E68 Y:0000 S:0121 D:0000 DB:86 nvMxdiZc V:253 H:307 F:10
						8495E3 68          PLA                    A:0000 X:0E68 Y:0000 S:0121 D:0000 DB:86 nvMxdiZc V:253 H:314 F:10
						8495E4 95 2A       STA $2A,X     [000E92] A:001D X:0E68 Y:0000 S:0122 D:0000 DB:86 nvMxdizc V:253 H:320 F:10
						8495E6 A6 2C       LDX $2C       [00002C] A:001D X:0E68 Y:0000 S:0122 D:0000 DB:86 nvMxdizc V:253 H:326 F:10
						8495E8 A9 FB       LDA #$FB               A:001D X:0E68 Y:0000 S:0122 D:0000 DB:86 nvMxdizc V:253 H:333 F:10
						8495EA 35 2B       AND $2B,X     [000E93] A:00FB X:0E68 Y:0000 S:0122 D:0000 DB:86 NvMxdizc V:253 H:336 F:10
						8495EC 95 2B       STA $2B,X     [000E93] A:0000 X:0E68 Y:0000 S:0122 D:0000 DB:86 nvMxdiZc V:254 H:  2 F:10
						8495EE 64 01       STZ $01       [000001] A:0000 X:0E68 Y:0000 S:0122 D:0000 DB:86 nvMxdiZc V:254 H:  9 F:10
						8495F0 B5 2A       LDA $2A,X     [000E92] A:0000 X:0E68 Y:0000 S:0122 D:0000 DB:86 nvMxdiZc V:254 H: 14 F:10
						8495F2 85 02       STA $02       [000002] A:001D X:0E68 Y:0000 S:0122 D:0000 DB:86 nvMxdizc V:254 H: 20 F:10
						8495F4 64 03       STZ $03       [000003] A:001D X:0E68 Y:0000 S:0122 D:0000 DB:86 nvMxdizc V:254 H: 25 F:10
						8495F6 B4 05       LDY $05,X     [000E6D] A:001D X:0E68 Y:0000 S:0122 D:0000 DB:86 nvMxdizc V:254 H: 30 F:10
						8495F8 84 10       STY $10       [000010] A:001D X:0E68 Y:1D44 S:0122 D:0000 DB:86 nvMxdizc V:254 H: 39 F:10
						8495FA B4 08       LDY $08,X     [000E70] A:001D X:0E68 Y:1D44 S:0122 D:0000 DB:86 nvMxdizc V:254 H: 46 F:10
						8495FC 84 12       STY $12       [000012] A:001D X:0E68 Y:034A S:0122 D:0000 DB:86 nvMxdizc V:254 H: 54 F:10
						8495FE A6 28       LDX $28       [000028] A:001D X:0E68 Y:034A S:0122 D:0000 DB:86 nvMxdizc V:254 H: 61 F:10
						849600 FC 1C 96    JSR ($961C,X) [84961C] A:001D X:0000 Y:034A S:0122 D:0000 DB:86 nvMxdiZc V:254 H: 68 F:10

							84969C AD 1C 1F    LDA $1F1C     [861F1C] A:001D X:0000 Y:034A S:0120 D:0000 DB:86 nvMxdiZc V:254 H: 81 F:10
							84969F F0 11       BEQ $0011     [8496B2] A:0000 X:0000 Y:034A S:0120 D:0000 DB:86 nvMxdiZc V:254 H: 88 F:10
							8496B2 A9 00       LDA #$00               A:0000 X:0000 Y:034A S:0120 D:0000 DB:86 nvMxdiZc V:254 H: 92 F:10
							8496B4 60          RTS                    A:0000 X:0000 Y:034A S:0120 D:0000 DB:86 nvMxdiZc V:254 H: 95 F:10

						849603 F0 11       BEQ $0011     [849616] A:0000 X:0000 Y:034A S:0122 D:0000 DB:86 nvMxdiZc V:254 H:105 F:10
						849616 A6 2C       LDX $2C       [00002C] A:0000 X:0000 Y:034A S:0122 D:0000 DB:86 nvMxdiZc V:254 H:110 F:10
						849618 20 08 93    JSR $9308     [849308] A:0000 X:0E68 Y:034A S:0122 D:0000 DB:86 nvMxdizc V:254 H:117 F:10

							849308 A5 14       LDA $14       [000014] A:0000 X:0E68 Y:034A S:0120 D:0000 DB:86 nvMxdizc V:254 H:127 F:10
							84930A F0 08       BEQ $0008     [849314] A:0000 X:0E68 Y:034A S:0120 D:0000 DB:86 nvMxdiZc V:254 H:132 F:10
							849314 60          RTS                    A:0000 X:0E68 Y:034A S:0120 D:0000 DB:86 nvMxdiZc V:254 H:146 F:10

						84961B 60          RTS                    A:0000 X:0E68 Y:034A S:0122 D:0000 DB:86 nvMxdiZc V:254 H:156 F:10

					849292 D0 15       BNE $0015     [8492A9] A:0000 X:0E68 Y:034A S:0124 D:0000 DB:86 nvMxdiZc V:254 H:166 F:10
					849294 B4 20       LDY $20,X     [000E88] A:0000 X:0E68 Y:034A S:0124 D:0000 DB:86 nvMxdiZc V:254 H:169 F:10
					849296 B9 05 00    LDA $0005,Y   [86CFBD] A:0000 X:0E68 Y:CFB8 S:0124 D:0000 DB:86 NvMxdizc V:254 H:178 F:10
					849299 34 11       BIT $11,X     [000E79] A:0000 X:0E68 Y:CFB8 S:0124 D:0000 DB:86 nvMxdiZc V:254 H:185 F:10
					84929B 50 03       BVC $0003     [8492A0] A:0000 X:0E68 Y:CFB8 S:0124 D:0000 DB:86 nvMxdiZc V:254 H:192 F:10
					8492A0 18          CLC                    A:0000 X:0E68 Y:CFB8 S:0124 D:0000 DB:86 nvMxdiZc V:254 H:196 F:10
					8492A1 79 07 00    ADC $0007,Y   [86CFBF] A:0000 X:0E68 Y:CFB8 S:0124 D:0000 DB:86 nvMxdiZc V:254 H:199 F:10
					8492A4 95 29       STA $29,X     [000E91] A:0012 X:0E68 Y:CFB8 S:0124 D:0000 DB:86 nvMxdizc V:254 H:207 F:10
					8492A6 20 C4 95    JSR $95C4     [8495C4] A:0012 X:0E68 Y:CFB8 S:0124 D:0000 DB:86 nvMxdizc V:254 H:213 F:10

						8495C4 B5 2A       LDA $2A,X     [000E92] A:0012 X:0E68 Y:CFB8 S:0122 D:0000 DB:86 nvMxdizc V:254 H:223 F:10
						8495C6 48          PHA                    A:001D X:0E68 Y:CFB8 S:0122 D:0000 DB:86 nvMxdizc V:254 H:230 F:10
						8495C7 A5 08       LDA $08       [000008] A:001D X:0E68 Y:CFB8 S:0121 D:0000 DB:86 nvMxdizc V:254 H:235 F:10
						8495C9 29 7F       AND #$7F               A:0000 X:0E68 Y:CFB8 S:0121 D:0000 DB:86 nvMxdiZc V:254 H:240 F:10
						8495CB 18          CLC                    A:0000 X:0E68 Y:CFB8 S:0121 D:0000 DB:86 nvMxdiZc V:254 H:243 F:10
						8495CC 75 2A       ADC $2A,X     [000E92] A:0000 X:0E68 Y:CFB8 S:0121 D:0000 DB:86 nvMxdiZc V:254 H:246 F:10
						8495CE 95 2A       STA $2A,X     [000E92] A:001D X:0E68 Y:CFB8 S:0121 D:0000 DB:86 nvMxdizc V:254 H:252 F:10
						8495D0 20 B3 90    JSR $90B3     [8490B3] A:001D X:0E68 Y:CFB8 S:0121 D:0000 DB:86 nvMxdizc V:254 H:259 F:10

							8490B3 0B          PHD                    A:001D X:0E68 Y:CFB8 S:011F D:0000 DB:86 nvMxdizc V:254 H:269 F:10
							8490B4 DA          PHX                    A:001D X:0E68 Y:CFB8 S:011D D:0000 DB:86 nvMxdizc V:254 H:276 F:10
							8490B5 08          PHP                    A:001D X:0E68 Y:CFB8 S:011B D:0000 DB:86 nvMxdizc V:254 H:283 F:10
							8490B6 E2 20       SEP #$20               A:001D X:0E68 Y:CFB8 S:011A D:0000 DB:86 nvMxdizc V:254 H:288 F:10
							8490B8 C2 10       REP #$10               A:001D X:0E68 Y:CFB8 S:011A D:0000 DB:86 nvMxdizc V:254 H:292 F:10
							8490BA 64 01       STZ $01       [000001] A:001D X:0E68 Y:CFB8 S:011A D:0000 DB:86 nvMxdizc V:254 H:297 F:10
							8490BC B5 29       LDA $29,X     [000E91] A:001D X:0E68 Y:CFB8 S:011A D:0000 DB:86 nvMxdizc V:254 H:302 F:10
							8490BE 10 02       BPL $0002     [8490C2] A:0012 X:0E68 Y:CFB8 S:011A D:0000 DB:86 nvMxdizc V:254 H:308 F:10
							8490C2 18          CLC                    A:0012 X:0E68 Y:CFB8 S:011A D:0000 DB:86 nvMxdizc V:254 H:313 F:10
							8490C3 75 05       ADC $05,X     [000E6D] A:0012 X:0E68 Y:CFB8 S:011A D:0000 DB:86 nvMxdizc V:254 H:316 F:10
							8490C5 85 00       STA $00       [000000] A:0056 X:0E68 Y:CFB8 S:011A D:0000 DB:86 nvMxdizc V:254 H:322 F:10
							8490C7 B5 06       LDA $06,X     [000E6E] A:0056 X:0E68 Y:CFB8 S:011A D:0000 DB:86 nvMxdizc V:254 H:327 F:10
							8490C9 65 01       ADC $01       [000001] A:001D X:0E68 Y:CFB8 S:011A D:0000 DB:86 nvMxdizc V:254 H:333 F:10
							8490CB 85 01       STA $01       [000001] A:001D X:0E68 Y:CFB8 S:011A D:0000 DB:86 nvMxdizc V:254 H:338 F:10
							8490CD 64 03       STZ $03       [000003] A:001D X:0E68 Y:CFB8 S:011A D:0000 DB:86 nvMxdizc V:255 H:  3 F:10
							8490CF B5 2A       LDA $2A,X     [000E92] A:001D X:0E68 Y:CFB8 S:011A D:0000 DB:86 nvMxdizc V:255 H:  8 F:10
							8490D1 10 02       BPL $0002     [8490D5] A:001D X:0E68 Y:CFB8 S:011A D:0000 DB:86 nvMxdizc V:255 H: 14 F:10
							8490D5 18          CLC                    A:001D X:0E68 Y:CFB8 S:011A D:0000 DB:86 nvMxdizc V:255 H: 19 F:10
							8490D6 75 08       ADC $08,X     [000E70] A:001D X:0E68 Y:CFB8 S:011A D:0000 DB:86 nvMxdizc V:255 H: 22 F:10
							8490D8 85 02       STA $02       [000002] A:0067 X:0E68 Y:CFB8 S:011A D:0000 DB:86 nvMxdizc V:255 H: 28 F:10
							8490DA 29 F0       AND #$F0               A:0067 X:0E68 Y:CFB8 S:011A D:0000 DB:86 nvMxdizc V:255 H: 33 F:10
							8490DC 85 0A       STA $0A       [00000A] A:0060 X:0E68 Y:CFB8 S:011A D:0000 DB:86 nvMxdizc V:255 H: 36 F:10
							8490DE B5 09       LDA $09,X     [000E71] A:0060 X:0E68 Y:CFB8 S:011A D:0000 DB:86 nvMxdizc V:255 H: 41 F:10
							8490E0 65 03       ADC $03       [000003] A:0003 X:0E68 Y:CFB8 S:011A D:0000 DB:86 nvMxdizc V:255 H: 48 F:10
							8490E2 85 03       STA $03       [000003] A:0003 X:0E68 Y:CFB8 S:011A D:0000 DB:86 nvMxdizc V:255 H: 53 F:10
							8490E4 85 0B       STA $0B       [00000B] A:0003 X:0E68 Y:CFB8 S:011A D:0000 DB:86 nvMxdizc V:255 H: 58 F:10
							8490E6 A5 00       LDA $00       [000000] A:0003 X:0E68 Y:CFB8 S:011A D:0000 DB:86 nvMxdizc V:255 H: 63 F:10
							8490E8 29 0F       AND #$0F               A:0056 X:0E68 Y:CFB8 S:011A D:0000 DB:86 nvMxdizc V:255 H: 68 F:10
							8490EA 1A          INC                    A:0006 X:0E68 Y:CFB8 S:011A D:0000 DB:86 nvMxdizc V:255 H: 71 F:10
							8490EB 85 0C       STA $0C       [00000C] A:0007 X:0E68 Y:CFB8 S:011A D:0000 DB:86 nvMxdizc V:255 H: 74 F:10
							8490ED A5 02       LDA $02       [000002] A:0007 X:0E68 Y:CFB8 S:011A D:0000 DB:86 nvMxdizc V:255 H: 79 F:10
							8490EF 29 0F       AND #$0F               A:0067 X:0E68 Y:CFB8 S:011A D:0000 DB:86 nvMxdizc V:255 H: 84 F:10
							8490F1 1A          INC                    A:0007 X:0E68 Y:CFB8 S:011A D:0000 DB:86 nvMxdizc V:255 H: 87 F:10
							8490F2 85 0E       STA $0E       [00000E] A:0008 X:0E68 Y:CFB8 S:011A D:0000 DB:86 nvMxdizc V:255 H: 90 F:10
							8490F4 C2 20       REP #$20               A:0008 X:0E68 Y:CFB8 S:011A D:0000 DB:86 nvMxdizc V:255 H: 95 F:10
							8490F6 20 6A 91    JSR $916A     [84916A] A:0008 X:0E68 Y:CFB8 S:011A D:0000 DB:86 nvmxdizc V:255 H: 99 F:10

								84916A A9 00 E8    LDA #$E800             A:0008 X:0E68 Y:CFB8 S:0118 D:0000 DB:86 nvmxdizc V:255 H:109 F:10
								84916D 85 10       STA $10       [000010] A:E800 X:0E68 Y:CFB8 S:0118 D:0000 DB:86 Nvmxdizc V:255 H:114 F:10
								84916F A9 7E 00    LDA #$007E             A:E800 X:0E68 Y:CFB8 S:0118 D:0000 DB:86 Nvmxdizc V:255 H:121 F:10
								849172 85 12       STA $12       [000012] A:007E X:0E68 Y:CFB8 S:0118 D:0000 DB:86 nvmxdizc V:255 H:125 F:10
								849174 A5 02       LDA $02       [000002] A:007E X:0E68 Y:CFB8 S:0118 D:0000 DB:86 nvmxdizc V:255 H:132 F:10
								849176 29 F0 00    AND #$00F0             A:0367 X:0E68 Y:CFB8 S:0118 D:0000 DB:86 nvmxdizc V:255 H:149 F:10
								849179 0A          ASL A                  A:0060 X:0E68 Y:CFB8 S:0118 D:0000 DB:86 nvmxdizc V:255 H:154 F:10
								84917A 85 04       STA $04       [000004] A:00C0 X:0E68 Y:CFB8 S:0118 D:0000 DB:86 nvmxdizc V:255 H:157 F:10
								84917C A5 00       LDA $00       [000000] A:00C0 X:0E68 Y:CFB8 S:0118 D:0000 DB:86 nvmxdizc V:255 H:164 F:10
								84917E 29 FF 00    AND #$00FF             A:1D56 X:0E68 Y:CFB8 S:0118 D:0000 DB:86 nvmxdizc V:255 H:171 F:10
								849181 4A          LSR A                  A:0056 X:0E68 Y:CFB8 S:0118 D:0000 DB:86 nvmxdizc V:255 H:175 F:10
								849182 4A          LSR A                  A:002B X:0E68 Y:CFB8 S:0118 D:0000 DB:86 nvmxdizc V:255 H:178 F:10
								849183 4A          LSR A                  A:0015 X:0E68 Y:CFB8 S:0118 D:0000 DB:86 nvmxdizC V:255 H:181 F:10
								849184 29 FE FF    AND #$FFFE             A:000A X:0E68 Y:CFB8 S:0118 D:0000 DB:86 nvmxdizC V:255 H:184 F:10
								849187 18          CLC                    A:000A X:0E68 Y:CFB8 S:0118 D:0000 DB:86 nvmxdizC V:255 H:189 F:10
								849188 65 04       ADC $04       [000004] A:000A X:0E68 Y:CFB8 S:0118 D:0000 DB:86 nvmxdizc V:255 H:192 F:10
								84918A 85 06       STA $06       [000006] A:00CA X:0E68 Y:CFB8 S:0118 D:0000 DB:86 nvmxdizc V:255 H:199 F:10
								84918C A5 00       LDA $00       [000000] A:00CA X:0E68 Y:CFB8 S:0118 D:0000 DB:86 nvmxdizc V:255 H:206 F:10
								84918E EB          XBA                    A:1D56 X:0E68 Y:CFB8 S:0118 D:0000 DB:86 nvmxdizc V:255 H:213 F:10
								84918F 29 1F 00    AND #$001F             A:561D X:0E68 Y:CFB8 S:0118 D:0000 DB:86 nvmxdizc V:255 H:217 F:10
								849192 85 04       STA $04       [000004] A:001D X:0E68 Y:CFB8 S:0118 D:0000 DB:86 nvmxdizc V:255 H:222 F:10
								849194 A5 02       LDA $02       [000002] A:001D X:0E68 Y:CFB8 S:0118 D:0000 DB:86 nvmxdizc V:255 H:229 F:10
								849196 29 00 1F    AND #$1F00             A:0367 X:0E68 Y:CFB8 S:0118 D:0000 DB:86 nvmxdizc V:255 H:236 F:10
								849199 4A          LSR A                  A:0300 X:0E68 Y:CFB8 S:0118 D:0000 DB:86 nvmxdizc V:255 H:240 F:10
								84919A 4A          LSR A                  A:0180 X:0E68 Y:CFB8 S:0118 D:0000 DB:86 nvmxdizc V:255 H:243 F:10
								84919B 4A          LSR A                  A:00C0 X:0E68 Y:CFB8 S:0118 D:0000 DB:86 nvmxdizc V:255 H:246 F:10
								84919C 18          CLC                    A:0060 X:0E68 Y:CFB8 S:0118 D:0000 DB:86 nvmxdizc V:255 H:249 F:10
								84919D 65 04       ADC $04       [000004] A:0060 X:0E68 Y:CFB8 S:0118 D:0000 DB:86 nvmxdizc V:255 H:252 F:10
								84919F A8          TAY                    A:007D X:0E68 Y:CFB8 S:0118 D:0000 DB:86 nvmxdizc V:255 H:259 F:10
								8491A0 B7 10       LDA [$10],Y   [7EE87D] A:007D X:0E68 Y:007D S:0118 D:0000 DB:86 nvmxdizc V:255 H:262 F:10
								8491A2 29 FF 00    AND #$00FF             A:0024 X:0E68 Y:007D S:0118 D:0000 DB:86 nvmxdizc V:255 H:275 F:10
								8491A5 A8          TAY                    A:0024 X:0E68 Y:007D S:0118 D:0000 DB:86 nvmxdizc V:255 H:280 F:10
								8491A6 EB          XBA                    A:0024 X:0E68 Y:0024 S:0118 D:0000 DB:86 nvmxdizc V:255 H:283 F:10
								8491A7 0A          ASL A                  A:2400 X:0E68 Y:0024 S:0118 D:0000 DB:86 nvmxdiZc V:255 H:287 F:10
								8491A8 18          CLC                    A:4800 X:0E68 Y:0024 S:0118 D:0000 DB:86 nvmxdizc V:255 H:290 F:10
								8491A9 65 06       ADC $06       [000006] A:4800 X:0E68 Y:0024 S:0118 D:0000 DB:86 nvmxdizc V:255 H:293 F:10
								8491AB AA          TAX                    A:48CA X:0E68 Y:0024 S:0118 D:0000 DB:86 nvmxdizc V:255 H:300 F:10
								8491AC 60          RTS                    A:48CA X:48CA Y:0024 S:0118 D:0000 DB:86 nvmxdizc V:255 H:303 F:10

							8490F9 BF 00 20 7E LDA $7E2000,X [7E68CA] A:48CA X:48CA Y:0024 S:011A D:0000 DB:86 nvmxdizc V:255 H:313 F:10
							8490FD A8          TAY                    A:0194 X:48CA Y:0024 S:011A D:0000 DB:86 nvmxdizc V:255 H:323 F:10
							8490FE AD 92 0B    LDA $0B92     [860B92] A:0194 X:48CA Y:0194 S:011A D:0000 DB:86 nvmxdizc V:255 H:326 F:10
							849101 85 10       STA $10       [000010] A:EB15 X:48CA Y:0194 S:011A D:0000 DB:86 Nvmxdizc V:255 H:334 F:10
							849103 AD 94 0B    LDA $0B94     [860B94] A:EB15 X:48CA Y:0194 S:011A D:0000 DB:86 Nvmxdizc V:256 H:  1 F:10
							849106 85 12       STA $12       [000012] A:F895 X:48CA Y:0194 S:011A D:0000 DB:86 Nvmxdizc V:256 H:  9 F:10
							849108 B7 10       LDA [$10],Y   [95ECA9] A:F895 X:48CA Y:0194 S:011A D:0000 DB:86 Nvmxdizc V:256 H: 16 F:10
							84910A 29 FF 00    AND #$00FF             A:0000 X:48CA Y:0194 S:011A D:0000 DB:86 nvmxdiZc V:256 H: 28 F:10
							84910D 28          PLP                    A:0000 X:48CA Y:0194 S:011A D:0000 DB:86 nvmxdiZc V:256 H: 33 F:10
							84910E FA          PLX                    A:0000 X:48CA Y:0194 S:011B D:0000 DB:86 nvMxdizc V:256 H: 39 F:10
							84910F 2B          PLD                    A:0000 X:0E68 Y:0194 S:011D D:0000 DB:86 nvMxdizc V:256 H: 48 F:10
							849110 60          RTS                    A:0000 X:0E68 Y:0194 S:011F D:0000 DB:86 nvMxdiZc V:256 H: 56 F:10

						8495D3 95 2E       STA $2E,X     [000E96] A:0000 X:0E68 Y:0194 S:0121 D:0000 DB:86 nvMxdiZc V:256 H: 66 F:10
						8495D5 85 18       STA $18       [000018] A:0000 X:0E68 Y:0194 S:0121 D:0000 DB:86 nvMxdiZc V:256 H: 73 F:10
						8495D7 29 3F       AND #$3F               A:0000 X:0E68 Y:0194 S:0121 D:0000 DB:86 nvMxdiZc V:256 H: 78 F:10
						8495D9 0A          ASL A                  A:0000 X:0E68 Y:0194 S:0121 D:0000 DB:86 nvMxdiZc V:256 H: 81 F:10
						8495DA EB          XBA                    A:0000 X:0E68 Y:0194 S:0121 D:0000 DB:86 nvMxdiZc V:256 H: 84 F:10
						8495DB A9 00       LDA #$00               A:0000 X:0E68 Y:0194 S:0121 D:0000 DB:86 nvMxdiZc V:256 H: 88 F:10
						8495DD EB          XBA                    A:0000 X:0E68 Y:0194 S:0121 D:0000 DB:86 nvMxdiZc V:256 H: 91 F:10
						8495DE A8          TAY                    A:0000 X:0E68 Y:0194 S:0121 D:0000 DB:86 nvMxdiZc V:256 H: 96 F:10
						8495DF 84 28       STY $28       [000028] A:0000 X:0E68 Y:0000 S:0121 D:0000 DB:86 nvMxdiZc V:256 H: 99 F:10
						8495E1 86 2C       STX $2C       [00002C] A:0000 X:0E68 Y:0000 S:0121 D:0000 DB:86 nvMxdiZc V:256 H:106 F:10
						8495E3 68          PLA                    A:0000 X:0E68 Y:0000 S:0121 D:0000 DB:86 nvMxdiZc V:256 H:113 F:10
						8495E4 95 2A       STA $2A,X     [000E92] A:001D X:0E68 Y:0000 S:0122 D:0000 DB:86 nvMxdizc V:256 H:119 F:10
						8495E6 A6 2C       LDX $2C       [00002C] A:001D X:0E68 Y:0000 S:0122 D:0000 DB:86 nvMxdizc V:256 H:126 F:10
						8495E8 A9 FB       LDA #$FB               A:001D X:0E68 Y:0000 S:0122 D:0000 DB:86 nvMxdizc V:256 H:133 F:10
						8495EA 35 2B       AND $2B,X     [000E93] A:00FB X:0E68 Y:0000 S:0122 D:0000 DB:86 NvMxdizc V:256 H:146 F:10
						8495EC 95 2B       STA $2B,X     [000E93] A:0000 X:0E68 Y:0000 S:0122 D:0000 DB:86 nvMxdiZc V:256 H:152 F:10
						8495EE 64 01       STZ $01       [000001] A:0000 X:0E68 Y:0000 S:0122 D:0000 DB:86 nvMxdiZc V:256 H:159 F:10
						8495F0 B5 2A       LDA $2A,X     [000E92] A:0000 X:0E68 Y:0000 S:0122 D:0000 DB:86 nvMxdiZc V:256 H:164 F:10
						8495F2 85 02       STA $02       [000002] A:001D X:0E68 Y:0000 S:0122 D:0000 DB:86 nvMxdizc V:256 H:170 F:10
						8495F4 64 03       STZ $03       [000003] A:001D X:0E68 Y:0000 S:0122 D:0000 DB:86 nvMxdizc V:256 H:175 F:10
						8495F6 B4 05       LDY $05,X     [000E6D] A:001D X:0E68 Y:0000 S:0122 D:0000 DB:86 nvMxdizc V:256 H:180 F:10
						8495F8 84 10       STY $10       [000010] A:001D X:0E68 Y:1D44 S:0122 D:0000 DB:86 nvMxdizc V:256 H:189 F:10
						8495FA B4 08       LDY $08,X     [000E70] A:001D X:0E68 Y:1D44 S:0122 D:0000 DB:86 nvMxdizc V:256 H:196 F:10
						8495FC 84 12       STY $12       [000012] A:001D X:0E68 Y:034A S:0122 D:0000 DB:86 nvMxdizc V:256 H:204 F:10
						8495FE A6 28       LDX $28       [000028] A:001D X:0E68 Y:034A S:0122 D:0000 DB:86 nvMxdizc V:256 H:211 F:10
						849600 FC 1C 96    JSR ($961C,X) [84961C] A:001D X:0000 Y:034A S:0122 D:0000 DB:86 nvMxdiZc V:256 H:218 F:10

							84969C AD 1C 1F    LDA $1F1C     [861F1C] A:001D X:0000 Y:034A S:0120 D:0000 DB:86 nvMxdiZc V:256 H:231 F:10
							84969F F0 11       BEQ $0011     [8496B2] A:0000 X:0000 Y:034A S:0120 D:0000 DB:86 nvMxdiZc V:256 H:238 F:10
							8496B2 A9 00       LDA #$00               A:0000 X:0000 Y:034A S:0120 D:0000 DB:86 nvMxdiZc V:256 H:242 F:10
							8496B4 60          RTS                    A:0000 X:0000 Y:034A S:0120 D:0000 DB:86 nvMxdiZc V:256 H:245 F:10

						849603 F0 11       BEQ $0011     [849616] A:0000 X:0000 Y:034A S:0122 D:0000 DB:86 nvMxdiZc V:256 H:255 F:10
						849616 A6 2C       LDX $2C       [00002C] A:0000 X:0000 Y:034A S:0122 D:0000 DB:86 nvMxdiZc V:256 H:260 F:10
						849618 20 08 93    JSR $9308     [849308] A:0000 X:0E68 Y:034A S:0122 D:0000 DB:86 nvMxdizc V:256 H:267 F:10

							849308 A5 14       LDA $14       [000014] A:0000 X:0E68 Y:034A S:0120 D:0000 DB:86 nvMxdizc V:256 H:277 F:10
							84930A F0 08       BEQ $0008     [849314] A:0000 X:0E68 Y:034A S:0120 D:0000 DB:86 nvMxdiZc V:256 H:282 F:10
							849314 60          RTS                    A:0000 X:0E68 Y:034A S:0120 D:0000 DB:86 nvMxdiZc V:256 H:286 F:10

						84961B 60          RTS                    A:0000 X:0E68 Y:034A S:0122 D:0000 DB:86 nvMxdiZc V:256 H:296 F:10

					8492A9 C2 30       REP #$30               A:0000 X:0E68 Y:034A S:0124 D:0000 DB:86 nvMxdiZc V:256 H:306 F:10
					8492AB 60          RTS                    A:0000 X:0E68 Y:034A S:0124 D:0000 DB:86 nvmxdiZc V:256 H:311 F:10

				8491DB 2B          PLD                    A:0000 X:0E68 Y:034A S:0126 D:0000 DB:86 nvmxdiZc V:256 H:321 F:10
				8491DC 28          PLP                    A:0000 X:0E68 Y:034A S:0128 D:0E68 DB:86 nvmxdizc V:256 H:328 F:10
				8491DD 6B          RTL                    A:0000 X:0068 Y:004A S:0129 D:0E68 DB:86 NvMXdizc V:256 H:335 F:10

			88A013 A5 2B       LDA $2B       [000E93] A:0000 X:0068 Y:004A S:012C D:0E68 DB:86 NvMXdizc V:257 H:  5 F:10
			88A015 29 04       AND #$04               A:0000 X:0068 Y:004A S:012C D:0E68 DB:86 nvMXdiZc V:257 H: 12 F:10
			88A017 F0 18       BEQ $0018     [88A031] A:0000 X:0068 Y:004A S:012C D:0E68 DB:86 nvMXdiZc V:257 H: 15 F:10	Branch because E-MiscBitflag bit 04 is not set (In the air)
			88A031 60          RTS                    A:0000 X:0068 Y:004A S:012C D:0E68 DB:86 nvMXdiZc V:257 H: 19 F:10

		889D7B AD CF 0B    LDA $0BCF     [860BCF] A:0000 X:0068 Y:004A S:012E D:0E68 DB:86 nvMXdiZc V:257 H: 29 F:10
