80D4F6 20 30 D5    JSR $D530     [80D530] A:0E01 X:0000 Y:00BC S:0133 D:0E68 DB:86 nvMXdizC V:247 H:214 F:20

	80D530 C2 20       REP #$20               A:0E01 X:0000 Y:00BC S:0131 D:0E68 DB:86 nvMXdizC V:247 H:224 F:20
	80D532 A5 05       LDA $05       [000E6D] A:0E01 X:0000 Y:00BC S:0131 D:0E68 DB:86 nvmXdizC V:247 H:229 F:20
	80D534 85 22       STA $22       [000E8A] A:1D44 X:0000 Y:00BC S:0131 D:0E68 DB:86 nvmXdizC V:247 H:237 F:20
	80D536 A5 08       LDA $08       [000E70] A:1D44 X:0000 Y:00BC S:0131 D:0E68 DB:86 nvmXdizC V:247 H:246 F:20
	80D538 85 24       STA $24       [000E8C] A:03A2 X:0000 Y:00BC S:0131 D:0E68 DB:86 nvmXdizC V:247 H:254 F:20
	80D53A E2 20       SEP #$20               A:03A2 X:0000 Y:00BC S:0131 D:0E68 DB:86 nvmXdizC V:247 H:263 F:20
	80D53C A9 80       LDA #$80               A:03A2 X:0000 Y:00BC S:0131 D:0E68 DB:86 nvMXdizC V:247 H:267 F:20
	80D53E 14 0E       TRB $0E       [000E76] A:0380 X:0000 Y:00BC S:0131 D:0E68 DB:86 NvMXdizC V:247 H:270 F:20
	80D540 A5 0A       LDA $0A       [000E72] A:0380 X:0000 Y:00BC S:0131 D:0E68 DB:86 NvMXdizC V:247 H:280 F:20
	80D542 0A          ASL A                  A:0331 X:0000 Y:00BC S:0131 D:0E68 DB:86 nvMXdizC V:247 H:287 F:20
	80D543 AA          TAX                    A:0362 X:0000 Y:00BC S:0131 D:0E68 DB:86 nvMXdizc V:247 H:290 F:20
	80D544 7C DD F8    JMP ($F8DD,X) [80F93F] A:0362 X:0062 Y:00BC S:0131 D:0E68 DB:86 nvMXdizc V:247 H:293 F:20

	80FAA6 22 E1 9B 88 JSL $889BE1   [889BE1] A:0362 X:0062 Y:00BC S:0131 D:0E68 DB:86 nvMXdizc V:247 H:302 F:20

		889BE1 A6 01       LDX $01       [000E69] A:0362 X:0062 Y:00BC S:012E D:0E68 DB:86 nvMXdizc V:247 H:315 F:20
		889BE3 7C E6 9B    JMP ($9BE6,X) [889BEA] A:0362 X:0004 Y:00BC S:012E D:0E68 DB:86 nvMXdizc V:247 H:322 F:20

		889D6E A9 0E       LDA #$0E               A:0362 X:0004 Y:00BC S:012E D:0E68 DB:86 nvMXdizc V:247 H:330 F:20
		889D70 14 11       TRB $11       [000E79] A:030E X:0004 Y:00BC S:012E D:0E68 DB:86 nvMXdizc V:247 H:333 F:20
		889D72 A5 33       LDA $33       [000E9B] A:030E X:0004 Y:00BC S:012E D:0E68 DB:86 nvMXdizc V:248 H:  3 F:20
		889D74 04 11       TSB $11       [000E79] A:0308 X:0004 Y:00BC S:012E D:0E68 DB:86 nvMXdizc V:248 H:  9 F:20
		889D76 A6 02       LDX $02       [000E6A] A:0308 X:0004 Y:00BC S:012E D:0E68 DB:86 nvMXdiZc V:248 H: 19 F:20
		889D78 FC 2C 9E    JSR ($9E2C,X) [889E2E] A:0308 X:0002 Y:00BC S:012E D:0E68 DB:86 nvMXdizc V:248 H: 26 F:20

			889F24 A6 03       LDX $03       [000E6B] A:0308 X:0002 Y:00BC S:012C D:0E68 DB:86 nvMXdizc V:248 H: 39 F:20
			889F26 7C 29 9F    JMP ($9F29,X) [889F35] A:0308 X:000C Y:00BC S:012C D:0E68 DB:86 nvMXdizc V:248 H: 45 F:20

			88A049 22 A5 AC 84 JSL $84ACA5   [84ACA5] A:0308 X:000C Y:00BC S:012C D:0E68 DB:86 nvMXdizc V:248 H: 54 F:20		JSL $84ACA5 --> Update Facing (40 bit)

				84ACA5 08          PHP                    A:0308 X:000C Y:00BC S:0129 D:0E68 DB:86 nvMXdizc V:248 H: 68 F:20
				84ACA6 E2 20       SEP #$20               A:0308 X:000C Y:00BC S:0128 D:0E68 DB:86 nvMXdizc V:248 H: 73 F:20
				84ACA8 A9 40       LDA #$40               A:0308 X:000C Y:00BC S:0128 D:0E68 DB:86 nvMXdizc V:248 H: 77 F:20
				84ACAA 14 11       TRB $11       [000E79] A:0340 X:000C Y:00BC S:0128 D:0E68 DB:86 nvMXdizc V:248 H: 80 F:20
				84ACAC C2 20       REP #$20               A:0340 X:000C Y:00BC S:0128 D:0E68 DB:86 nvMXdizc V:248 H: 90 F:20
				84ACAE AD AD 0B    LDA $0BAD     [860BAD] A:0340 X:000C Y:00BC S:0128 D:0E68 DB:86 nvmXdizc V:248 H: 95 F:20
				84ACB1 38          SEC                    A:1D68 X:000C Y:00BC S:0128 D:0E68 DB:86 nvmXdizc V:248 H:103 F:20
				84ACB2 E5 05       SBC $05       [000E6D] A:1D68 X:000C Y:00BC S:0128 D:0E68 DB:86 nvmXdizC V:248 H:106 F:20
				84ACB4 E2 20       SEP #$20               A:0024 X:000C Y:00BC S:0128 D:0E68 DB:86 nvmXdizC V:248 H:115 F:20
				84ACB6 A9 00       LDA #$00               A:0024 X:000C Y:00BC S:0128 D:0E68 DB:86 nvMXdizC V:248 H:119 F:20
				84ACB8 6A          ROR A                  A:0000 X:000C Y:00BC S:0128 D:0E68 DB:86 nvMXdiZC V:248 H:122 F:20
				84ACB9 4A          LSR A                  A:0080 X:000C Y:00BC S:0128 D:0E68 DB:86 NvMXdizc V:248 H:125 F:20
				84ACBA 04 11       TSB $11       [000E79] A:0040 X:000C Y:00BC S:0128 D:0E68 DB:86 nvMXdizc V:248 H:128 F:20
				84ACBC 28          PLP                    A:0040 X:000C Y:00BC S:0128 D:0E68 DB:86 nvMXdiZc V:248 H:148 F:20
				84ACBD 6B          RTL                    A:0040 X:000C Y:00BC S:0129 D:0E68 DB:86 nvMXdizc V:248 H:155 F:20

			88A04D 22 EA 8E 84 JSL $848EEA   [848EEA] A:0040 X:000C Y:00BC S:012C D:0E68 DB:86 nvMXdizc V:248 H:165 F:20		JSL $848EEA --> Decrease Countdown Routine

				848EEA 08          PHP                    A:0040 X:000C Y:00BC S:0129 D:0E68 DB:86 nvMXdizc V:248 H:179 F:20
				848EEB 8B          PHB                    A:0040 X:000C Y:00BC S:0128 D:0E68 DB:86 nvMXdizc V:248 H:184 F:20
				848EEC E2 30       SEP #$30               A:0040 X:000C Y:00BC S:0127 D:0E68 DB:86 nvMXdizc V:248 H:189 F:20
				848EEE C6 13       DEC $13       [000E7B] A:0040 X:000C Y:00BC S:0127 D:0E68 DB:86 nvMXdizc V:248 H:193 F:20
				848EF0 D0 5D       BNE $005D     [848F4F] A:0040 X:000C Y:00BC S:0127 D:0E68 DB:86 nvMXdizc V:248 H:203 F:20
				848F4F AB          PLB                    A:0040 X:000C Y:00BC S:0127 D:0E68 DB:86 nvMXdizc V:248 H:208 F:20
				848F50 28          PLP                    A:0040 X:000C Y:00BC S:0128 D:0E68 DB:86 NvMXdizc V:248 H:214 F:20
				848F51 6B          RTL                    A:0040 X:000C Y:00BC S:0129 D:0E68 DB:86 nvMXdizc V:248 H:221 F:20

			88A051 C6 34       DEC $34       [000E9C] A:0040 X:000C Y:00BC S:012C D:0E68 DB:86 nvMXdizc V:248 H:231 F:20		Decrease Countdown2
			88A053 D0 03       BNE $0003     [88A058] A:0040 X:000C Y:00BC S:012C D:0E68 DB:86 nvMXdiZc V:248 H:241 F:20		Branch if Countdown2 <> #$00
			88A055 4C 62 A3    JMP $A362     [88A362] A:0040 X:000C Y:00BC S:012C D:0E68 DB:86 nvMXdiZc V:248 H:244 F:20		JMP $88A362 --> Changes Action from table in $86CFDB, with 2B RNG value

			88A362 A5 02       LDA $02       [000E6A] A:0040 X:000C Y:00BC S:012C D:0E68 DB:86 nvMXdiZc V:248 H:249 F:20		|Change action routine
			88A364 0A          ASL A                  A:0002 X:000C Y:00BC S:012C D:0E68 DB:86 nvMXdizc V:248 H:255 F:20		|
			88A365 18          CLC                    A:0004 X:000C Y:00BC S:012C D:0E68 DB:86 nvMXdizc V:248 H:258 F:20		|
			88A366 69 03       ADC #$03               A:0004 X:000C Y:00BC S:012C D:0E68 DB:86 nvMXdizc V:248 H:261 F:20		|
			88A368 AA          TAX                    A:0007 X:000C Y:00BC S:012C D:0E68 DB:86 nvMXdizc V:248 H:264 F:20		|
			88A369 A0 03       LDY #$03               A:0007 X:0007 Y:00BC S:012C D:0E68 DB:86 nvMXdizc V:248 H:267 F:20		|
			88A36B 22 86 90 84 JSL $849086   [849086] A:0007 X:0007 Y:0003 S:012C D:0E68 DB:86 nvMXdizc V:248 H:270 F:20

				849086 08          PHP                    A:0007 X:0007 Y:0003 S:0129 D:0E68 DB:86 nvMXdizc V:248 H:284 F:20
				849087 C2 20       REP #$20               A:0007 X:0007 Y:0003 S:0128 D:0E68 DB:86 nvMXdizc V:248 H:289 F:20
				849089 AD A6 0B    LDA $0BA6     [860BA6] A:0007 X:0007 Y:0003 S:0128 D:0E68 DB:86 nvmXdizc V:248 H:293 F:20
				84908C 0A          ASL A                  A:D6C4 X:0007 Y:0003 S:0128 D:0E68 DB:86 NvmXdizc V:248 H:302 F:20
				84908D 18          CLC                    A:AD88 X:0007 Y:0003 S:0128 D:0E68 DB:86 NvmXdizC V:248 H:305 F:20
				84908E 6D A6 0B    ADC $0BA6     [860BA6] A:AD88 X:0007 Y:0003 S:0128 D:0E68 DB:86 NvmXdizc V:248 H:308 F:20
				849091 EB          XBA                    A:844C X:0007 Y:0003 S:0128 D:0E68 DB:86 NvmXdizC V:248 H:316 F:20
				849092 E2 20       SEP #$20               A:4C84 X:0007 Y:0003 S:0128 D:0E68 DB:86 NvmXdizC V:248 H:321 F:20
				849094 8D A7 0B    STA $0BA7     [860BA7] A:4C84 X:0007 Y:0003 S:0128 D:0E68 DB:86 NvMXdizC V:248 H:325 F:20
				849097 18          CLC                    A:4C84 X:0007 Y:0003 S:0128 D:0E68 DB:86 NvMXdizC V:248 H:331 F:20
				849098 6D A6 0B    ADC $0BA6     [860BA6] A:4C84 X:0007 Y:0003 S:0128 D:0E68 DB:86 NvMXdizc V:248 H:334 F:20
				84909B 8D A6 0B    STA $0BA6     [860BA6] A:4C48 X:0007 Y:0003 S:0128 D:0E68 DB:86 nVMXdizC V:249 H:  0 F:20
				84909E 28          PLP                    A:4C48 X:0007 Y:0003 S:0128 D:0E68 DB:86 nVMXdizC V:249 H:  7 F:20
				84909F 6B          RTL                    A:4C48 X:0007 Y:0003 S:0129 D:0E68 DB:86 nvMXdizc V:249 H: 13 F:20

			88A36F 29 1F       AND #$1F               A:4C48 X:0007 Y:0003 S:012C D:0E68 DB:86 nvMXdizc V:249 H: 24 F:20		|
			88A371 38          SEC                    A:4C08 X:0007 Y:0003 S:012C D:0E68 DB:86 nvMXdizc V:249 H: 27 F:20		|
			88A372 FD DB CF    SBC $CFDB,X   [86CFE2] A:4C08 X:0007 Y:0003 S:012C D:0E68 DB:86 nvMXdizC V:249 H: 30 F:20		|
			88A375 90 04       BCC $0004     [88A37B] A:4C02 X:0007 Y:0003 S:012C D:0E68 DB:86 nvMXdizC V:249 H: 36 F:20		|
			88A377 CA          DEX                    A:4C02 X:0007 Y:0003 S:012C D:0E68 DB:86 nvMXdizC V:249 H: 39 F:20		|
			88A378 88          DEY                    A:4C02 X:0006 Y:0003 S:012C D:0E68 DB:86 nvMXdizC V:249 H: 42 F:20		|
			88A379 D0 F6       BNE $00F6     [88A371] A:4C02 X:0006 Y:0002 S:012C D:0E68 DB:86 nvMXdizC V:249 H: 45 F:20		|
			88A371 38          SEC                    A:4C02 X:0006 Y:0002 S:012C D:0E68 DB:86 nvMXdizC V:249 H: 49 F:20		|
			88A372 FD DB CF    SBC $CFDB,X   [86CFE1] A:4C02 X:0006 Y:0002 S:012C D:0E68 DB:86 nvMXdizC V:249 H: 52 F:20		|
			88A375 90 04       BCC $0004     [88A37B] A:4CF2 X:0006 Y:0002 S:012C D:0E68 DB:86 NvMXdizc V:249 H: 58 F:20		|
			88A37B 98          TYA                    A:4CF2 X:0006 Y:0002 S:012C D:0E68 DB:86 NvMXdizc V:249 H: 63 F:20		|
			88A37C 0A          ASL A                  A:4C02 X:0006 Y:0002 S:012C D:0E68 DB:86 nvMXdizc V:249 H: 66 F:20		|
			88A37D 85 02       STA $02       [000E6A] A:4C04 X:0006 Y:0002 S:012C D:0E68 DB:86 nvMXdizc V:249 H: 69 F:20		|
			88A37F 64 03       STZ $03       [000E6B] A:4C04 X:0006 Y:0002 S:012C D:0E68 DB:86 nvMXdizc V:249 H: 75 F:20		|
			88A381 60          RTS                    A:4C04 X:0006 Y:0002 S:012C D:0E68 DB:86 nvMXdizc V:249 H: 82 F:20		Return

		889D7B AD CF 0B    LDA $0BCF     [860BCF] A:4C04 X:0006 Y:0002 S:012E D:0E68 DB:86 nvMXdizc V:249 H: 92 F:20
