80D4F6 20 30 D5    JSR $D530     [80D530] A:0E01 X:0000 Y:00B9 S:0133 D:0E68 DB:86 nvMXdizC V:247 H:168 F:29

	80D530 C2 20       REP #$20               A:0E01 X:0000 Y:00B9 S:0131 D:0E68 DB:86 nvMXdizC V:247 H:178 F:29
	80D532 A5 05       LDA $05       [000E6D] A:0E01 X:0000 Y:00B9 S:0131 D:0E68 DB:86 nvmXdizC V:247 H:182 F:29
	80D534 85 22       STA $22       [000E8A] A:1DD0 X:0000 Y:00B9 S:0131 D:0E68 DB:86 nvmXdizC V:247 H:191 F:29
	80D536 A5 08       LDA $08       [000E70] A:1DD0 X:0000 Y:00B9 S:0131 D:0E68 DB:86 nvmXdizC V:247 H:199 F:29
	80D538 85 24       STA $24       [000E8C] A:034A X:0000 Y:00B9 S:0131 D:0E68 DB:86 nvmXdizC V:247 H:208 F:29
	80D53A E2 20       SEP #$20               A:034A X:0000 Y:00B9 S:0131 D:0E68 DB:86 nvmXdizC V:247 H:216 F:29
	80D53C A9 80       LDA #$80               A:034A X:0000 Y:00B9 S:0131 D:0E68 DB:86 nvMXdizC V:247 H:221 F:29
	80D53E 14 0E       TRB $0E       [000E76] A:0380 X:0000 Y:00B9 S:0131 D:0E68 DB:86 NvMXdizC V:247 H:224 F:29
	80D540 A5 0A       LDA $0A       [000E72] A:0380 X:0000 Y:00B9 S:0131 D:0E68 DB:86 NvMXdizC V:247 H:234 F:29
	80D542 0A          ASL A                  A:0331 X:0000 Y:00B9 S:0131 D:0E68 DB:86 nvMXdizC V:247 H:240 F:29
	80D543 AA          TAX                    A:0362 X:0000 Y:00B9 S:0131 D:0E68 DB:86 nvMXdizc V:247 H:243 F:29
	80D544 7C DD F8    JMP ($F8DD,X) [80F93F] A:0362 X:0062 Y:00B9 S:0131 D:0E68 DB:86 nvMXdizc V:247 H:246 F:29

	80FAA6 22 E1 9B 88 JSL $889BE1   [889BE1] A:0362 X:0062 Y:00B9 S:0131 D:0E68 DB:86 nvMXdizc V:247 H:255 F:29

		889BE1 A6 01       LDX $01       [000E69] A:0362 X:0062 Y:00B9 S:012E D:0E68 DB:86 nvMXdizc V:247 H:269 F:29
		889BE3 7C E6 9B    JMP ($9BE6,X) [889BEA] A:0362 X:0004 Y:00B9 S:012E D:0E68 DB:86 nvMXdizc V:247 H:275 F:29

		889D6E A9 0E       LDA #$0E               A:0362 X:0004 Y:00B9 S:012E D:0E68 DB:86 nvMXdizc V:247 H:284 F:29
		889D70 14 11       TRB $11       [000E79] A:030E X:0004 Y:00B9 S:012E D:0E68 DB:86 nvMXdizc V:247 H:287 F:29
		889D72 A5 33       LDA $33       [000E9B] A:030E X:0004 Y:00B9 S:012E D:0E68 DB:86 nvMXdizc V:247 H:297 F:29
		889D74 04 11       TSB $11       [000E79] A:0308 X:0004 Y:00B9 S:012E D:0E68 DB:86 nvMXdizc V:247 H:304 F:29
		889D76 A6 02       LDX $02       [000E6A] A:0308 X:0004 Y:00B9 S:012E D:0E68 DB:86 nvMXdiZc V:247 H:314 F:29
		889D78 FC 2C 9E    JSR ($9E2C,X) [889E2E] A:0308 X:0002 Y:00B9 S:012E D:0E68 DB:86 nvMXdizc V:247 H:320 F:29

			889F24 A6 03       LDX $03       [000E6B] A:0308 X:0002 Y:00B9 S:012C D:0E68 DB:86 nvMXdizc V:247 H:332 F:29
			889F26 7C 29 9F    JMP ($9F29,X) [889F2D] A:0308 X:0004 Y:00B9 S:012C D:0E68 DB:86 nvMXdizc V:247 H:339 F:29

			889F7A 22 EA 8E 84 JSL $848EEA   [848EEA] A:0308 X:0004 Y:00B9 S:012C D:0E68 DB:86 nvMXdizc V:248 H:  8 F:29		JSL $848EEA --> Decrease Countdown Routine

				848EEA 08          PHP                    A:0308 X:0004 Y:00B9 S:0129 D:0E68 DB:86 nvMXdizc V:248 H: 21 F:29
				848EEB 8B          PHB                    A:0308 X:0004 Y:00B9 S:0128 D:0E68 DB:86 nvMXdizc V:248 H: 26 F:29
				848EEC E2 30       SEP #$30               A:0308 X:0004 Y:00B9 S:0127 D:0E68 DB:86 nvMXdizc V:248 H: 31 F:29
				848EEE C6 13       DEC $13       [000E7B] A:0308 X:0004 Y:00B9 S:0127 D:0E68 DB:86 nvMXdizc V:248 H: 36 F:29
				848EF0 D0 5D       BNE $005D     [848F4F] A:0308 X:0004 Y:00B9 S:0127 D:0E68 DB:86 nvMXdiZc V:248 H: 46 F:29
				848EF2 A9 AF       LDA #$AF               A:0308 X:0004 Y:00B9 S:0127 D:0E68 DB:86 nvMXdiZc V:248 H: 49 F:29
				848EF4 48          PHA                    A:03AF X:0004 Y:00B9 S:0127 D:0E68 DB:86 NvMXdizc V:248 H: 52 F:29
				848EF5 AB          PLB                    A:03AF X:0004 Y:00B9 S:0126 D:0E68 DB:86 NvMXdizc V:248 H: 57 F:29
				848EF6 C2 21       REP #$21               A:03AF X:0004 Y:00B9 S:0127 D:0E68 DB:AF NvMXdizc V:248 H: 63 F:29
				848EF8 A5 14       LDA $14       [000E7C] A:03AF X:0004 Y:00B9 S:0127 D:0E68 DB:AF NvmXdizc V:248 H: 68 F:29
				848EFA 69 03 00    ADC #$0003             A:DF68 X:0004 Y:00B9 S:0127 D:0E68 DB:AF NvmXdizc V:248 H: 76 F:29
				848EFD A4 0F       LDY $0F       [000E77] A:DF6B X:0004 Y:00B9 S:0127 D:0E68 DB:AF NvmXdizc V:248 H: 81 F:29
				848EFF 10 37       BPL $0037     [848F38] A:DF6B X:0004 Y:0000 S:0127 D:0E68 DB:AF nvmXdiZc V:248 H: 87 F:29
				848F38 85 14       STA $14       [000E7C] A:DF6B X:0004 Y:0000 S:0127 D:0E68 DB:AF nvmXdiZc V:248 H: 92 F:29
				848F3A E2 30       SEP #$30               A:DF6B X:0004 Y:0000 S:0127 D:0E68 DB:AF nvmXdiZc V:248 H:100 F:29
				848F3C B2 14       LDA ($14)     [AFDF6B] A:DF6B X:0004 Y:0000 S:0127 D:0E68 DB:AF nvMXdiZc V:248 H:105 F:29
				848F3E 85 13       STA $13       [000E7B] A:DF18 X:0004 Y:0000 S:0127 D:0E68 DB:AF nvMXdizc V:248 H:115 F:29
				848F40 A0 01       LDY #$01               A:DF18 X:0004 Y:0000 S:0127 D:0E68 DB:AF nvMXdizc V:248 H:121 F:29
				848F42 B1 14       LDA ($14),Y   [AFDF6C] A:DF18 X:0004 Y:0001 S:0127 D:0E68 DB:AF nvMXdizc V:248 H:124 F:29
				848F44 85 0F       STA $0F       [000E77] A:DF80 X:0004 Y:0001 S:0127 D:0E68 DB:AF NvMXdizc V:248 H:144 F:29	CDAction = #$80
				848F46 C8          INY                    A:DF80 X:0004 Y:0001 S:0127 D:0E68 DB:AF NvMXdizc V:248 H:151 F:29
				848F47 B1 14       LDA ($14),Y   [AFDF6D] A:DF80 X:0004 Y:0002 S:0127 D:0E68 DB:AF nvMXdizc V:248 H:154 F:29
				848F49 85 17       STA $17       [000E7F] A:DF12 X:0004 Y:0002 S:0127 D:0E68 DB:AF nvMXdizc V:248 H:164 F:29	
				848F4B A9 80       LDA #$80               A:DF12 X:0004 Y:0002 S:0127 D:0E68 DB:AF nvMXdizc V:248 H:170 F:29
				848F4D 04 17       TSB $17       [000E7F] A:DF80 X:0004 Y:0002 S:0127 D:0E68 DB:AF NvMXdizc V:248 H:173 F:29
				848F4F AB          PLB                    A:DF80 X:0004 Y:0002 S:0127 D:0E68 DB:AF NvMXdiZc V:248 H:183 F:29
				848F50 28          PLP                    A:DF80 X:0004 Y:0002 S:0128 D:0E68 DB:86 NvMXdizc V:248 H:190 F:29
				848F51 6B          RTL                    A:DF80 X:0004 Y:0002 S:0129 D:0E68 DB:86 nvMXdizc V:248 H:196 F:29

			889F7E A5 0F       LDA $0F       [000E77] A:DF80 X:0004 Y:0002 S:012C D:0E68 DB:86 nvMXdizc V:248 H:207 F:29
			889F80 10 0A       BPL $000A     [889F8C] A:DF80 X:0004 Y:0002 S:012C D:0E68 DB:86 NvMXdizc V:248 H:213 F:29		Branch if CDAction is positive
			889F82 A9 08       LDA #$08               A:DF80 X:0004 Y:0002 S:012C D:0E68 DB:86 NvMXdizc V:248 H:216 F:29
			889F84 22 07 8F 84 JSL $848F07   [848F07] A:DF08 X:0004 Y:0002 S:012C D:0E68 DB:86 nvMXdizc V:248 H:219 F:29		JSL $848F07 --> New Countdown Routine ($16=#$91, A=#$08)

				848F07 08          PHP                    A:DF08 X:0004 Y:0002 S:0129 D:0E68 DB:86 nvMXdizc V:248 H:233 F:29
				848F08 8B          PHB                    A:DF08 X:0004 Y:0002 S:0128 D:0E68 DB:86 nvMXdizc V:248 H:238 F:29
				848F09 C2 30       REP #$30               A:DF08 X:0004 Y:0002 S:0127 D:0E68 DB:86 nvMXdizc V:248 H:243 F:29
				848F0B 8D 0E 00    STA $000E     [86000E] A:DF08 X:0004 Y:0002 S:0127 D:0E68 DB:86 nvmxdizc V:248 H:247 F:29
				848F0E A5 16       LDA $16       [000E7E] A:DF08 X:0004 Y:0002 S:0127 D:0E68 DB:86 nvmxdizc V:248 H:256 F:29
				848F10 29 FF 00    AND #$00FF             A:9291 X:0004 Y:0002 S:0127 D:0E68 DB:86 Nvmxdizc V:248 H:264 F:29
				848F13 8D 0C 00    STA $000C     [86000C] A:0091 X:0004 Y:0002 S:0127 D:0E68 DB:86 nvmxdizc V:248 H:269 F:29
				848F16 0A          ASL A                  A:0091 X:0004 Y:0002 S:0127 D:0E68 DB:86 nvmxdizc V:248 H:277 F:29
				848F17 18          CLC                    A:0122 X:0004 Y:0002 S:0127 D:0E68 DB:86 nvmxdizc V:248 H:280 F:29
				848F18 6D 0C 00    ADC $000C     [86000C] A:0122 X:0004 Y:0002 S:0127 D:0E68 DB:86 nvmxdizc V:248 H:283 F:29
				848F1B AA          TAX                    A:01B3 X:0004 Y:0002 S:0127 D:0E68 DB:86 nvmxdizc V:248 H:292 F:29
				848F1C BF 00 A0 AF LDA $AFA000,X [AFA1B3] A:01B3 X:01B3 Y:0002 S:0127 D:0E68 DB:86 nvmxdizc V:248 H:295 F:29
				848F20 85 14       STA $14       [000E7C] A:DE6B X:01B3 Y:0002 S:0127 D:0E68 DB:86 Nvmxdizc V:248 H:304 F:29
				848F22 E2 20       SEP #$20               A:DE6B X:01B3 Y:0002 S:0127 D:0E68 DB:86 Nvmxdizc V:248 H:312 F:29
				848F24 BF 02 A0 AF LDA $AFA002,X [AFA1B5] A:DE6B X:01B3 Y:0002 S:0127 D:0E68 DB:86 NvMxdizc V:248 H:317 F:29
				848F28 48          PHA                    A:DEAF X:01B3 Y:0002 S:0127 D:0E68 DB:86 NvMxdizc V:248 H:324 F:29
				848F29 AB          PLB                    A:DEAF X:01B3 Y:0002 S:0126 D:0E68 DB:86 NvMxdizc V:248 H:328 F:29
				848F2A C2 20       REP #$20               A:DEAF X:01B3 Y:0002 S:0127 D:0E68 DB:AF NvMxdizc V:248 H:335 F:29
				848F2C AD 0E 00    LDA $000E     [AF000E] A:DEAF X:01B3 Y:0002 S:0127 D:0E68 DB:AF Nvmxdizc V:248 H:339 F:29
				848F2F 29 FF 00    AND #$00FF             A:DF08 X:01B3 Y:0002 S:0127 D:0E68 DB:AF Nvmxdizc V:249 H:  8 F:29
				848F32 0A          ASL A                  A:0008 X:01B3 Y:0002 S:0127 D:0E68 DB:AF nvmxdizc V:249 H: 12 F:29
				848F33 A8          TAY                    A:0010 X:01B3 Y:0002 S:0127 D:0E68 DB:AF nvmxdizc V:249 H: 15 F:29
				848F34 B1 14       LDA ($14),Y   [AFDE7B] A:0010 X:01B3 Y:0010 S:0127 D:0E68 DB:AF nvmxdizc V:249 H: 18 F:29
				848F36 65 14       ADC $14       [000E7C] A:0105 X:01B3 Y:0010 S:0127 D:0E68 DB:AF nvmxdizc V:249 H: 31 F:29
				848F38 85 14       STA $14       [000E7C] A:DF70 X:01B3 Y:0010 S:0127 D:0E68 DB:AF Nvmxdizc V:249 H: 40 F:29
				848F3A E2 30       SEP #$30               A:DF70 X:01B3 Y:0010 S:0127 D:0E68 DB:AF Nvmxdizc V:249 H: 48 F:29
				848F3C B2 14       LDA ($14)     [AFDF70] A:DF70 X:00B3 Y:0010 S:0127 D:0E68 DB:AF NvMXdizc V:249 H: 53 F:29	Skeleton start: [AFDF70]
				848F3E 85 13       STA $13       [000E7B] A:DF08 X:00B3 Y:0010 S:0127 D:0E68 DB:AF nvMXdizc V:249 H: 63 F:29
				848F40 A0 01       LDY #$01               A:DF08 X:00B3 Y:0010 S:0127 D:0E68 DB:AF nvMXdizc V:249 H: 69 F:29
				848F42 B1 14       LDA ($14),Y   [AFDF71] A:DF08 X:00B3 Y:0001 S:0127 D:0E68 DB:AF nvMXdizc V:249 H: 72 F:29
				848F44 85 0F       STA $0F       [000E77] A:DF00 X:00B3 Y:0001 S:0127 D:0E68 DB:AF nvMXdiZc V:249 H: 82 F:29
				848F46 C8          INY                    A:DF00 X:00B3 Y:0001 S:0127 D:0E68 DB:AF nvMXdiZc V:249 H: 89 F:29
				848F47 B1 14       LDA ($14),Y   [AFDF72] A:DF00 X:00B3 Y:0002 S:0127 D:0E68 DB:AF nvMXdizc V:249 H: 92 F:29
				848F49 85 17       STA $17       [000E7F] A:DF13 X:00B3 Y:0002 S:0127 D:0E68 DB:AF nvMXdizc V:249 H:102 F:29
				848F4B A9 80       LDA #$80               A:DF13 X:00B3 Y:0002 S:0127 D:0E68 DB:AF nvMXdizc V:249 H:108 F:29
				848F4D 04 17       TSB $17       [000E7F] A:DF80 X:00B3 Y:0002 S:0127 D:0E68 DB:AF NvMXdizc V:249 H:111 F:29
				848F4F AB          PLB                    A:DF80 X:00B3 Y:0002 S:0127 D:0E68 DB:AF NvMXdiZc V:249 H:121 F:29
				848F50 28          PLP                    A:DF80 X:00B3 Y:0002 S:0128 D:0E68 DB:86 NvMXdizc V:249 H:128 F:29
				848F51 6B          RTL                    A:DF80 X:00B3 Y:0002 S:0129 D:0E68 DB:86 nvMXdizc V:249 H:144 F:29

			889F88 A9 06       LDA #$06               A:DF80 X:00B3 Y:0002 S:012C D:0E68 DB:86 nvMXdizc V:249 H:155 F:29		Subaction = #$06
			889F8A 85 03       STA $03       [000E6B] A:DF06 X:00B3 Y:0002 S:012C D:0E68 DB:86 nvMXdizc V:249 H:158 F:29
			889F8C 60          RTS                    A:DF06 X:00B3 Y:0002 S:012C D:0E68 DB:86 nvMXdizc V:249 H:164 F:29		Return

		889D7B AD CF 0B    LDA $0BCF     [860BCF] A:DF06 X:00B3 Y:0002 S:012E D:0E68 DB:86 nvMXdizc V:249 H:174 F:29
