80D4F6 20 30 D5    JSR $D530     [80D530] A:0E01 X:0000 Y:0002 S:0133 D:0E68 DB:86 nvMXdizC V: 11 H: 50 F:17

	80D530 C2 20       REP #$20               A:0E01 X:0000 Y:0002 S:0131 D:0E68 DB:86 nvMXdizC V: 11 H: 60 F:17
	80D532 A5 05       LDA $05       [000E6D] A:0E01 X:0000 Y:0002 S:0131 D:0E68 DB:86 nvmXdizC V: 11 H: 64 F:17
	80D534 85 22       STA $22       [000E8A] A:1DD0 X:0000 Y:0002 S:0131 D:0E68 DB:86 nvmXdizC V: 11 H: 73 F:17
	80D536 A5 08       LDA $08       [000E70] A:1DD0 X:0000 Y:0002 S:0131 D:0E68 DB:86 nvmXdizC V: 11 H: 81 F:17
	80D538 85 24       STA $24       [000E8C] A:03A2 X:0000 Y:0002 S:0131 D:0E68 DB:86 nvmXdizC V: 11 H: 90 F:17
	80D53A E2 20       SEP #$20               A:03A2 X:0000 Y:0002 S:0131 D:0E68 DB:86 nvmXdizC V: 11 H: 98 F:17
	80D53C A9 80       LDA #$80               A:03A2 X:0000 Y:0002 S:0131 D:0E68 DB:86 nvMXdizC V: 11 H:103 F:17
	80D53E 14 0E       TRB $0E       [000E76] A:0380 X:0000 Y:0002 S:0131 D:0E68 DB:86 NvMXdizC V: 11 H:106 F:17
	80D540 A5 0A       LDA $0A       [000E72] A:0380 X:0000 Y:0002 S:0131 D:0E68 DB:86 NvMXdizC V: 11 H:116 F:17
	80D542 0A          ASL A                  A:0331 X:0000 Y:0002 S:0131 D:0E68 DB:86 nvMXdizC V: 11 H:122 F:17
	80D543 AA          TAX                    A:0362 X:0000 Y:0002 S:0131 D:0E68 DB:86 nvMXdizc V: 11 H:125 F:17
	80D544 7C DD F8    JMP ($F8DD,X) [80F93F] A:0362 X:0062 Y:0002 S:0131 D:0E68 DB:86 nvMXdizc V: 11 H:128 F:17

	80FAA6 22 E1 9B 88 JSL $889BE1   [889BE1] A:0362 X:0062 Y:0002 S:0131 D:0E68 DB:86 nvMXdizc V: 11 H:147 F:17

		889BE1 A6 01       LDX $01       [000E69] A:0362 X:0062 Y:0002 S:012E D:0E68 DB:86 nvMXdizc V: 11 H:161 F:17
		889BE3 7C E6 9B    JMP ($9BE6,X) [889BEA] A:0362 X:0004 Y:0002 S:012E D:0E68 DB:86 nvMXdizc V: 11 H:167 F:17

		889D6E A9 0E       LDA #$0E               A:0362 X:0004 Y:0002 S:012E D:0E68 DB:86 nvMXdizc V: 11 H:176 F:17
		889D70 14 11       TRB $11       [000E79] A:030E X:0004 Y:0002 S:012E D:0E68 DB:86 nvMXdizc V: 11 H:179 F:17
		889D72 A5 33       LDA $33       [000E9B] A:030E X:0004 Y:0002 S:012E D:0E68 DB:86 nvMXdizc V: 11 H:189 F:17
		889D74 04 11       TSB $11       [000E79] A:0308 X:0004 Y:0002 S:012E D:0E68 DB:86 nvMXdizc V: 11 H:196 F:17
		889D76 A6 02       LDX $02       [000E6A] A:0308 X:0004 Y:0002 S:012E D:0E68 DB:86 nvMXdiZc V: 11 H:206 F:17
		889D78 FC 2C 9E    JSR ($9E2C,X) [889E2E] A:0308 X:0002 Y:0002 S:012E D:0E68 DB:86 nvMXdizc V: 11 H:212 F:17

			889F24 A6 03       LDX $03       [000E6B] A:0308 X:0002 Y:0002 S:012C D:0E68 DB:86 nvMXdizc V: 11 H:225 F:17
			889F26 7C 29 9F    JMP ($9F29,X) [889F2B] A:0308 X:0002 Y:0002 S:012C D:0E68 DB:86 nvMXdizc V: 11 H:232 F:17

			889F59 22 EA 8E 84 JSL $848EEA   [848EEA] A:0308 X:0002 Y:0002 S:012C D:0E68 DB:86 nvMXdizc V: 11 H:241 F:17		JSL $848EEA --> Decrease Countdown Routine

				848EEA 08          PHP                    A:0308 X:0002 Y:0002 S:0129 D:0E68 DB:86 nvMXdizc V: 11 H:254 F:17
				848EEB 8B          PHB                    A:0308 X:0002 Y:0002 S:0128 D:0E68 DB:86 nvMXdizc V: 11 H:259 F:17
				848EEC E2 30       SEP #$30               A:0308 X:0002 Y:0002 S:0127 D:0E68 DB:86 nvMXdizc V: 11 H:264 F:17
				848EEE C6 13       DEC $13       [000E7B] A:0308 X:0002 Y:0002 S:0127 D:0E68 DB:86 nvMXdizc V: 11 H:269 F:17
				848EF0 D0 5D       BNE $005D     [848F4F] A:0308 X:0002 Y:0002 S:0127 D:0E68 DB:86 nvMXdiZc V: 11 H:279 F:17
				848EF2 A9 AF       LDA #$AF               A:0308 X:0002 Y:0002 S:0127 D:0E68 DB:86 nvMXdiZc V: 11 H:282 F:17
				848EF4 48          PHA                    A:03AF X:0002 Y:0002 S:0127 D:0E68 DB:86 NvMXdizc V: 11 H:285 F:17
				848EF5 AB          PLB                    A:03AF X:0002 Y:0002 S:0126 D:0E68 DB:86 NvMXdizc V: 11 H:290 F:17
				848EF6 C2 21       REP #$21               A:03AF X:0002 Y:0002 S:0127 D:0E68 DB:AF NvMXdizc V: 11 H:296 F:17
				848EF8 A5 14       LDA $14       [000E7C] A:03AF X:0002 Y:0002 S:0127 D:0E68 DB:AF NvmXdizc V: 11 H:301 F:17
				848EFA 69 03 00    ADC #$0003             A:DED1 X:0002 Y:0002 S:0127 D:0E68 DB:AF NvmXdizc V: 11 H:309 F:17
				848EFD A4 0F       LDY $0F       [000E77] A:DED4 X:0002 Y:0002 S:0127 D:0E68 DB:AF NvmXdizc V: 11 H:314 F:17
				848EFF 10 37       BPL $0037     [848F38] A:DED4 X:0002 Y:0000 S:0127 D:0E68 DB:AF nvmXdiZc V: 11 H:320 F:17
				848F38 85 14       STA $14       [000E7C] A:DED4 X:0002 Y:0000 S:0127 D:0E68 DB:AF nvmXdiZc V: 11 H:324 F:17
				848F3A E2 30       SEP #$30               A:DED4 X:0002 Y:0000 S:0127 D:0E68 DB:AF nvmXdiZc V: 11 H:332 F:17
				848F3C B2 14       LDA ($14)     [AFDED4] A:DED4 X:0002 Y:0000 S:0127 D:0E68 DB:AF nvMXdiZc V: 11 H:337 F:17
				848F3E 85 13       STA $13       [000E7B] A:DE08 X:0002 Y:0000 S:0127 D:0E68 DB:AF nvMXdizc V: 12 H:  7 F:17
				848F40 A0 01       LDY #$01               A:DE08 X:0002 Y:0000 S:0127 D:0E68 DB:AF nvMXdizc V: 12 H: 13 F:17
				848F42 B1 14       LDA ($14),Y   [AFDED5] A:DE08 X:0002 Y:0001 S:0127 D:0E68 DB:AF nvMXdizc V: 12 H: 16 F:17
				848F44 85 0F       STA $0F       [000E77] A:DE80 X:0002 Y:0001 S:0127 D:0E68 DB:AF NvMXdizc V: 12 H: 26 F:17	CDAction = #$80
				848F46 C8          INY                    A:DE80 X:0002 Y:0001 S:0127 D:0E68 DB:AF NvMXdizc V: 12 H: 33 F:17
				848F47 B1 14       LDA ($14),Y   [AFDED6] A:DE80 X:0002 Y:0002 S:0127 D:0E68 DB:AF nvMXdizc V: 12 H: 36 F:17
				848F49 85 17       STA $17       [000E7F] A:DE07 X:0002 Y:0002 S:0127 D:0E68 DB:AF nvMXdizc V: 12 H: 46 F:17
				848F4B A9 80       LDA #$80               A:DE07 X:0002 Y:0002 S:0127 D:0E68 DB:AF nvMXdizc V: 12 H: 52 F:17
				848F4D 04 17       TSB $17       [000E7F] A:DE80 X:0002 Y:0002 S:0127 D:0E68 DB:AF NvMXdizc V: 12 H: 55 F:17
				848F4F AB          PLB                    A:DE80 X:0002 Y:0002 S:0127 D:0E68 DB:AF NvMXdiZc V: 12 H: 65 F:17
				848F50 28          PLP                    A:DE80 X:0002 Y:0002 S:0128 D:0E68 DB:86 NvMXdizc V: 12 H: 72 F:17
				848F51 6B          RTL                    A:DE80 X:0002 Y:0002 S:0129 D:0E68 DB:86 nvMXdizc V: 12 H: 78 F:17

			889F5D A5 0F       LDA $0F       [000E77] A:DE80 X:0002 Y:0002 S:012C D:0E68 DB:86 nvMXdizc V: 12 H: 89 F:17
			889F5F 10 18       BPL $0018     [889F79] A:DE80 X:0002 Y:0002 S:012C D:0E68 DB:86 NvMXdizc V: 12 H: 95 F:17		Branch if CDAction is positive
			889F61 22 E8 81 82 JSL $8281E8   [8281E8] A:DE80 X:0002 Y:0002 S:012C D:0E68 DB:86 NvMXdizc V: 12 H: 98 F:17		JSL $8281E8 --> Update X-Pos, Y-Pos, Y-Vel

				8281E8 08          PHP                    A:DE80 X:0002 Y:0002 S:0129 D:0E68 DB:86 NvMXdizc V: 12 H:112 F:17
				8281E9 C2 20       REP #$20               A:DE80 X:0002 Y:0002 S:0128 D:0E68 DB:86 NvMXdizc V: 12 H:117 F:17
				8281EB 38          SEC                    A:DE80 X:0002 Y:0002 S:0128 D:0E68 DB:86 NvmXdizc V: 12 H:121 F:17
				8281EC A5 1E       LDA $1E       [000E86] A:DE80 X:0002 Y:0002 S:0128 D:0E68 DB:86 NvmXdizC V: 12 H:124 F:17
				8281EE 29 FF 00    AND #$00FF             A:0040 X:0002 Y:0002 S:0128 D:0E68 DB:86 nvmXdizC V: 12 H:133 F:17
				8281F1 E5 1C       SBC $1C       [000E84] A:0040 X:0002 Y:0002 S:0128 D:0E68 DB:86 nvmXdizC V: 12 H:147 F:17
				8281F3 49 FF FF    EOR #$FFFF             A:F97D X:0002 Y:0002 S:0128 D:0E68 DB:86 NvmXdizc V: 12 H:156 F:17
				8281F6 1A          INC                    A:0682 X:0002 Y:0002 S:0128 D:0E68 DB:86 nvmXdizc V: 12 H:160 F:17
				8281F7 85 1C       STA $1C       [000E84] A:0683 X:0002 Y:0002 S:0128 D:0E68 DB:86 nvmXdizc V: 12 H:163 F:17
				8281F9 80 10       BRA $0010     [82820B] A:0683 X:0002 Y:0002 S:0128 D:0E68 DB:86 nvmXdizc V: 12 H:172 F:17
				82820B C2 21       REP #$21               A:0683 X:0002 Y:0002 S:0128 D:0E68 DB:86 nvmXdizc V: 12 H:176 F:17
				82820D A5 04       LDA $04       [000E6C] A:0683 X:0002 Y:0002 S:0128 D:0E68 DB:86 nvmXdizc V: 12 H:181 F:17
				82820F 65 1A       ADC $1A       [000E82] A:D000 X:0002 Y:0002 S:0128 D:0E68 DB:86 NvmXdizc V: 12 H:189 F:17
				828211 85 04       STA $04       [000E6C] A:D000 X:0002 Y:0002 S:0128 D:0E68 DB:86 NvmXdizc V: 12 H:198 F:17
				828213 E2 20       SEP #$20               A:D000 X:0002 Y:0002 S:0128 D:0E68 DB:86 NvmXdizc V: 12 H:206 F:17
				828215 A9 00       LDA #$00               A:D000 X:0002 Y:0002 S:0128 D:0E68 DB:86 NvMXdizc V: 12 H:211 F:17
				828217 24 1B       BIT $1B       [000E83] A:D000 X:0002 Y:0002 S:0128 D:0E68 DB:86 nvMXdiZc V: 12 H:214 F:17
				828219 10 01       BPL $0001     [82821C] A:D000 X:0002 Y:0002 S:0128 D:0E68 DB:86 nvMXdiZc V: 12 H:220 F:17
				82821C 65 06       ADC $06       [000E6E] A:D000 X:0002 Y:0002 S:0128 D:0E68 DB:86 nvMXdiZc V: 12 H:225 F:17
				82821E 85 06       STA $06       [000E6E] A:D01D X:0002 Y:0002 S:0128 D:0E68 DB:86 nvMXdizc V: 12 H:231 F:17
				828220 C2 20       REP #$20               A:D01D X:0002 Y:0002 S:0128 D:0E68 DB:86 nvMXdizc V: 12 H:238 F:17
				828222 38          SEC                    A:D01D X:0002 Y:0002 S:0128 D:0E68 DB:86 nvmXdizc V: 12 H:242 F:17
				828223 A5 07       LDA $07       [000E6F] A:D01D X:0002 Y:0002 S:0128 D:0E68 DB:86 nvmXdizC V: 12 H:245 F:17
				828225 E5 1C       SBC $1C       [000E84] A:A280 X:0002 Y:0002 S:0128 D:0E68 DB:86 NvmXdizC V: 12 H:254 F:17
				828227 85 07       STA $07       [000E6F] A:9BFD X:0002 Y:0002 S:0128 D:0E68 DB:86 NvmXdizC V: 12 H:262 F:17
				828229 E2 20       SEP #$20               A:9BFD X:0002 Y:0002 S:0128 D:0E68 DB:86 NvmXdizC V: 12 H:271 F:17
				82822B 9C 00 00    STZ $0000     [860000] A:9BFD X:0002 Y:0002 S:0128 D:0E68 DB:86 NvMXdizC V: 12 H:275 F:17
				82822E 24 1D       BIT $1D       [000E85] A:9BFD X:0002 Y:0002 S:0128 D:0E68 DB:86 NvMXdizC V: 12 H:282 F:17
				828230 10 03       BPL $0003     [828235] A:9BFD X:0002 Y:0002 S:0128 D:0E68 DB:86 nvMXdizC V: 12 H:288 F:17
				828235 A5 09       LDA $09       [000E71] A:9BFD X:0002 Y:0002 S:0128 D:0E68 DB:86 nvMXdizC V: 12 H:293 F:17
				828237 ED 00 00    SBC $0000     [860000] A:9B03 X:0002 Y:0002 S:0128 D:0E68 DB:86 nvMXdizC V: 12 H:299 F:17
				82823A 85 09       STA $09       [000E71] A:9B03 X:0002 Y:0002 S:0128 D:0E68 DB:86 nvMXdizC V: 12 H:306 F:17
				82823C 28          PLP                    A:9B03 X:0002 Y:0002 S:0128 D:0E68 DB:86 nvMXdizC V: 12 H:312 F:17
				82823D 6B          RTL                    A:9B03 X:0002 Y:0002 S:0129 D:0E68 DB:86 NvMXdizc V: 12 H:319 F:17

			889F65 A5 1D       LDA $1D       [000E85] A:9B03 X:0002 Y:0002 S:012C D:0E68 DB:86 NvMXdizc V: 12 H:328 F:17		|Return because E-Y-Vel (last byte) is positive		
			889F67 10 10       BPL $0010     [889F79] A:9B06 X:0002 Y:0002 S:012C D:0E68 DB:86 nvMXdizc V: 12 H:335 F:17		|
			889F79 60          RTS                    A:9B06 X:0002 Y:0002 S:012C D:0E68 DB:86 nvMXdizc V: 12 H:339 F:17		Return

		889D7B AD CF 0B    LDA $0BCF     [860BCF] A:9B06 X:0002 Y:0002 S:012E D:0E68 DB:86 nvMXdizc V: 13 H:  9 F:17
