80D4F6 20 30 D5    JSR $D530     [80D530] A:0E01 X:0000 Y:002E S:0133 D:0E68 DB:86 nvMXdizC V: 36 H: 10 F:58

	80D530 C2 20       REP #$20               A:0E01 X:0000 Y:002E S:0131 D:0E68 DB:86 nvMXdizC V: 36 H: 20 F:58
	80D532 A5 05       LDA $05       [000E6D] A:0E01 X:0000 Y:002E S:0131 D:0E68 DB:86 nvmXdizC V: 36 H: 24 F:58
	80D534 85 22       STA $22       [000E8A] A:1DD0 X:0000 Y:002E S:0131 D:0E68 DB:86 nvmXdizC V: 36 H: 33 F:58
	80D536 A5 08       LDA $08       [000E70] A:1DD0 X:0000 Y:002E S:0131 D:0E68 DB:86 nvmXdizC V: 36 H: 41 F:58
	80D538 85 24       STA $24       [000E8C] A:03A2 X:0000 Y:002E S:0131 D:0E68 DB:86 nvmXdizC V: 36 H: 50 F:58
	80D53A E2 20       SEP #$20               A:03A2 X:0000 Y:002E S:0131 D:0E68 DB:86 nvmXdizC V: 36 H: 58 F:58
	80D53C A9 80       LDA #$80               A:03A2 X:0000 Y:002E S:0131 D:0E68 DB:86 nvMXdizC V: 36 H: 63 F:58
	80D53E 14 0E       TRB $0E       [000E76] A:0380 X:0000 Y:002E S:0131 D:0E68 DB:86 NvMXdizC V: 36 H: 66 F:58
	80D540 A5 0A       LDA $0A       [000E72] A:0380 X:0000 Y:002E S:0131 D:0E68 DB:86 NvMXdizC V: 36 H: 76 F:58
	80D542 0A          ASL A                  A:0331 X:0000 Y:002E S:0131 D:0E68 DB:86 nvMXdizC V: 36 H: 82 F:58
	80D543 AA          TAX                    A:0362 X:0000 Y:002E S:0131 D:0E68 DB:86 nvMXdizc V: 36 H: 85 F:58
	80D544 7C DD F8    JMP ($F8DD,X) [80F93F] A:0362 X:0062 Y:002E S:0131 D:0E68 DB:86 nvMXdizc V: 36 H: 88 F:58

	80FAA6 22 E1 9B 88 JSL $889BE1   [889BE1] A:0362 X:0062 Y:002E S:0131 D:0E68 DB:86 nvMXdizc V: 36 H: 97 F:58

		889BE1 A6 01       LDX $01       [000E69] A:0362 X:0062 Y:002E S:012E D:0E68 DB:86 nvMXdizc V: 36 H:111 F:58
		889BE3 7C E6 9B    JMP ($9BE6,X) [889BEA] A:0362 X:0004 Y:002E S:012E D:0E68 DB:86 nvMXdizc V: 36 H:117 F:58

		889D6E A9 0E       LDA #$0E               A:0362 X:0004 Y:002E S:012E D:0E68 DB:86 nvMXdizc V: 36 H:126 F:58
		889D70 14 11       TRB $11       [000E79] A:030E X:0004 Y:002E S:012E D:0E68 DB:86 nvMXdizc V: 36 H:129 F:58
		889D72 A5 33       LDA $33       [000E9B] A:030E X:0004 Y:002E S:012E D:0E68 DB:86 nvMXdizc V: 36 H:149 F:58
		889D74 04 11       TSB $11       [000E79] A:0308 X:0004 Y:002E S:012E D:0E68 DB:86 nvMXdizc V: 36 H:156 F:58
		889D76 A6 02       LDX $02       [000E6A] A:0308 X:0004 Y:002E S:012E D:0E68 DB:86 nvMXdiZc V: 36 H:166 F:58
		889D78 FC 2C 9E    JSR ($9E2C,X) [889E2E] A:0308 X:0002 Y:002E S:012E D:0E68 DB:86 nvMXdizc V: 36 H:172 F:58

			889F24 A6 03       LDX $03       [000E6B] A:0308 X:0002 Y:002E S:012C D:0E68 DB:86 nvMXdizc V: 36 H:185 F:58
			889F26 7C 29 9F    JMP ($9F29,X) [889F2B] A:0308 X:0002 Y:002E S:012C D:0E68 DB:86 nvMXdizc V: 36 H:192 F:58

			889F59 22 EA 8E 84 JSL $848EEA   [848EEA] A:0308 X:0002 Y:002E S:012C D:0E68 DB:86 nvMXdizc V: 36 H:201 F:58		JSL $848EEA --> Decrease Countdown Routine

				848EEA 08          PHP                    A:0308 X:0002 Y:002E S:0129 D:0E68 DB:86 nvMXdizc V: 36 H:214 F:58
				848EEB 8B          PHB                    A:0308 X:0002 Y:002E S:0128 D:0E68 DB:86 nvMXdizc V: 36 H:219 F:58
				848EEC E2 30       SEP #$30               A:0308 X:0002 Y:002E S:0127 D:0E68 DB:86 nvMXdizc V: 36 H:224 F:58
				848EEE C6 13       DEC $13       [000E7B] A:0308 X:0002 Y:002E S:0127 D:0E68 DB:86 nvMXdizc V: 36 H:229 F:58
				848EF0 D0 5D       BNE $005D     [848F4F] A:0308 X:0002 Y:002E S:0127 D:0E68 DB:86 nvMXdizc V: 36 H:239 F:58
				848F4F AB          PLB                    A:0308 X:0002 Y:002E S:0127 D:0E68 DB:86 nvMXdizc V: 36 H:243 F:58
				848F50 28          PLP                    A:0308 X:0002 Y:002E S:0128 D:0E68 DB:86 NvMXdizc V: 36 H:250 F:58
				848F51 6B          RTL                    A:0308 X:0002 Y:002E S:0129 D:0E68 DB:86 nvMXdizc V: 36 H:256 F:58

			889F5D A5 0F       LDA $0F       [000E77] A:0308 X:0002 Y:002E S:012C D:0E68 DB:86 nvMXdizc V: 36 H:267 F:58
			889F5F 10 18       BPL $0018     [889F79] A:0300 X:0002 Y:002E S:012C D:0E68 DB:86 nvMXdiZc V: 36 H:273 F:58		Branch because CDAction is positive
			889F79 60          RTS                    A:0300 X:0002 Y:002E S:012C D:0E68 DB:86 nvMXdiZc V: 36 H:278 F:58		Return

		889D7B AD CF 0B    LDA $0BCF     [860BCF] A:0300 X:0002 Y:002E S:012E D:0E68 DB:86 nvMXdiZc V: 36 H:288 F:58
