80D4F6 20 30 D5    JSR $D530     [80D530] A:0E01 X:0000 Y:0027 S:0133 D:0E68 DB:86 nvMXdizC V: 29 H:240 F:12

	80D530 C2 20       REP #$20               A:0E01 X:0000 Y:0027 S:0131 D:0E68 DB:86 nvMXdizC V: 29 H:250 F:12
	80D532 A5 05       LDA $05       [000E6D] A:0E01 X:0000 Y:0027 S:0131 D:0E68 DB:86 nvmXdizC V: 29 H:254 F:12
	80D534 85 22       STA $22       [000E8A] A:1ED0 X:0000 Y:0027 S:0131 D:0E68 DB:86 nvmXdizC V: 29 H:263 F:12
	80D536 A5 08       LDA $08       [000E70] A:1ED0 X:0000 Y:0027 S:0131 D:0E68 DB:86 nvmXdizC V: 29 H:271 F:12
	80D538 85 24       STA $24       [000E8C] A:01AC X:0000 Y:0027 S:0131 D:0E68 DB:86 nvmXdizC V: 29 H:280 F:12
	80D53A E2 20       SEP #$20               A:01AC X:0000 Y:0027 S:0131 D:0E68 DB:86 nvmXdizC V: 29 H:288 F:12
	80D53C A9 80       LDA #$80               A:01AC X:0000 Y:0027 S:0131 D:0E68 DB:86 nvMXdizC V: 29 H:293 F:12
	80D53E 14 0E       TRB $0E       [000E76] A:0180 X:0000 Y:0027 S:0131 D:0E68 DB:86 NvMXdizC V: 29 H:296 F:12
	80D540 A5 0A       LDA $0A       [000E72] A:0180 X:0000 Y:0027 S:0131 D:0E68 DB:86 NvMXdizC V: 29 H:306 F:12
	80D542 0A          ASL A                  A:0102 X:0000 Y:0027 S:0131 D:0E68 DB:86 nvMXdizC V: 29 H:312 F:12
	80D543 AA          TAX                    A:0104 X:0000 Y:0027 S:0131 D:0E68 DB:86 nvMXdizc V: 29 H:315 F:12
	80D544 7C DD F8    JMP ($F8DD,X) [80F8E1] A:0104 X:0004 Y:0027 S:0131 D:0E68 DB:86 nvMXdizc V: 29 H:318 F:12

	80F9BB 22 16 B5 81 JSL $81B516   [81B516] A:0104 X:0004 Y:0027 S:0131 D:0E68 DB:86 nvMXdizc V: 29 H:327 F:12

		81B516 A6 01       LDX $01       [000E69] A:0104 X:0004 Y:0027 S:012E D:0E68 DB:86 nvMXdizc V: 30 H:  0 F:12
		81B518 7C 1B B5    JMP ($B51B,X) [81B51F] A:0104 X:0004 Y:0027 S:012E D:0E68 DB:86 nvMXdizc V: 30 H:  6 F:12

		81B629 A5 33       LDA $33       [000E9B] A:0104 X:0004 Y:0027 S:012E D:0E68 DB:86 nvMXdizc V: 30 H: 15 F:12
		81B62B 04 11       TSB $11       [000E79] A:0108 X:0004 Y:0027 S:012E D:0E68 DB:86 nvMXdizc V: 30 H: 22 F:12
		81B62D C2 20       REP #$20               A:0108 X:0004 Y:0027 S:012E D:0E68 DB:86 nvMXdizc V: 30 H: 32 F:12
		81B62F A9 2D C4    LDA #$C42D             A:0108 X:0004 Y:0027 S:012E D:0E68 DB:86 nvmXdizc V: 30 H: 36 F:12
		81B632 85 20       STA $20       [000E88] A:C42D X:0004 Y:0027 S:012E D:0E68 DB:86 NvmXdizc V: 30 H: 41 F:12
		81B634 E2 20       SEP #$20               A:C42D X:0004 Y:0027 S:012E D:0E68 DB:86 NvmXdizc V: 30 H: 49 F:12
		81B636 A6 02       LDX $02       [000E6A] A:C42D X:0004 Y:0027 S:012E D:0E68 DB:86 NvMXdizc V: 30 H: 54 F:12
		81B638 FC F3 B6    JSR ($B6F3,X) [81B6FB] A:C42D X:0008 Y:0027 S:012E D:0E68 DB:86 nvMXdizc V: 30 H: 60 F:12

			81B9FC A6 03       LDX $03       [000E6B] A:C42D X:0008 Y:0027 S:012C D:0E68 DB:86 nvMXdizc V: 30 H: 73 F:12
			81B9FE 7C 01 BA    JMP ($BA01,X) [81BA07] A:C42D X:0006 Y:0027 S:012C D:0E68 DB:86 nvMXdizc V: 30 H: 80 F:12		JMP ($81BA01,Subaction) = ($81BA07) = $81BA95

			81BA95 22 EA 8E 84 JSL $848EEA   [848EEA] A:C42D X:0006 Y:0027 S:012C D:0E68 DB:86 nvMXdizc V: 30 H: 89 F:12		JSL $848EEA --> Decrease CDSkel, Continue Skeleton

				848EEA 08          PHP                    A:C42D X:0006 Y:0027 S:0129 D:0E68 DB:86 nvMXdizc V: 30 H:102 F:12
				848EEB 8B          PHB                    A:C42D X:0006 Y:0027 S:0128 D:0E68 DB:86 nvMXdizc V: 30 H:107 F:12
				848EEC E2 30       SEP #$30               A:C42D X:0006 Y:0027 S:0127 D:0E68 DB:86 nvMXdizc V: 30 H:112 F:12
				848EEE C6 13       DEC $13       [000E7B] A:C42D X:0006 Y:0027 S:0127 D:0E68 DB:86 nvMXdizc V: 30 H:117 F:12
				848EF0 D0 5D       BNE $005D     [848F4F] A:C42D X:0006 Y:0027 S:0127 D:0E68 DB:86 nvMXdiZc V: 30 H:127 F:12
				848EF2 A9 AF       LDA #$AF               A:C42D X:0006 Y:0027 S:0127 D:0E68 DB:86 nvMXdiZc V: 30 H:130 F:12
				848EF4 48          PHA                    A:C4AF X:0006 Y:0027 S:0127 D:0E68 DB:86 NvMXdizc V: 30 H:133 F:12
				848EF5 AB          PLB                    A:C4AF X:0006 Y:0027 S:0126 D:0E68 DB:86 NvMXdizc V: 30 H:148 F:12
				848EF6 C2 21       REP #$21               A:C4AF X:0006 Y:0027 S:0127 D:0E68 DB:AF NvMXdizc V: 30 H:154 F:12
				848EF8 A5 14       LDA $14       [000E7C] A:C4AF X:0006 Y:0027 S:0127 D:0E68 DB:AF NvmXdizc V: 30 H:159 F:12
				848EFA 69 03 00    ADC #$0003             A:D0B4 X:0006 Y:0027 S:0127 D:0E68 DB:AF NvmXdizc V: 30 H:167 F:12
				848EFD A4 0F       LDY $0F       [000E77] A:D0B7 X:0006 Y:0027 S:0127 D:0E68 DB:AF NvmXdizc V: 30 H:172 F:12
				848EFF 10 37       BPL $0037     [848F38] A:D0B7 X:0006 Y:0080 S:0127 D:0E68 DB:AF NvmXdizc V: 30 H:178 F:12
				848F01 85 14       STA $14       [000E7C] A:D0B7 X:0006 Y:0080 S:0127 D:0E68 DB:AF NvmXdizc V: 30 H:181 F:12
				848F03 72 14       ADC ($14)     [AFD0B7] A:D0B7 X:0006 Y:0080 S:0127 D:0E68 DB:AF NvmXdizc V: 30 H:190 F:12
				848F05 80 31       BRA $0031     [848F38] A:D0B1 X:0006 Y:0080 S:0127 D:0E68 DB:AF NvmXdizC V: 30 H:201 F:12
				848F38 85 14       STA $14       [000E7C] A:D0B1 X:0006 Y:0080 S:0127 D:0E68 DB:AF NvmXdizC V: 30 H:206 F:12
				848F3A E2 30       SEP #$30               A:D0B1 X:0006 Y:0080 S:0127 D:0E68 DB:AF NvmXdizC V: 30 H:214 F:12
				848F3C B2 14       LDA ($14)     [AFD0B1] A:D0B1 X:0006 Y:0080 S:0127 D:0E68 DB:AF NvMXdizC V: 30 H:219 F:12
				848F3E 85 13       STA $13       [000E7B] A:D004 X:0006 Y:0080 S:0127 D:0E68 DB:AF nvMXdizC V: 30 H:229 F:12
				848F40 A0 01       LDY #$01               A:D004 X:0006 Y:0080 S:0127 D:0E68 DB:AF nvMXdizC V: 30 H:235 F:12
				848F42 B1 14       LDA ($14),Y   [AFD0B2] A:D004 X:0006 Y:0001 S:0127 D:0E68 DB:AF nvMXdizC V: 30 H:238 F:12
				848F44 85 0F       STA $0F       [000E77] A:D000 X:0006 Y:0001 S:0127 D:0E68 DB:AF nvMXdiZC V: 30 H:248 F:12	SkelAction = #$00
				848F46 C8          INY                    A:D000 X:0006 Y:0001 S:0127 D:0E68 DB:AF nvMXdiZC V: 30 H:255 F:12
				848F47 B1 14       LDA ($14),Y   [AFD0B3] A:D000 X:0006 Y:0002 S:0127 D:0E68 DB:AF nvMXdizC V: 30 H:258 F:12
				848F49 85 17       STA $17       [000E7F] A:D006 X:0006 Y:0002 S:0127 D:0E68 DB:AF nvMXdizC V: 30 H:268 F:12
				848F4B A9 80       LDA #$80               A:D006 X:0006 Y:0002 S:0127 D:0E68 DB:AF nvMXdizC V: 30 H:274 F:12
				848F4D 04 17       TSB $17       [000E7F] A:D080 X:0006 Y:0002 S:0127 D:0E68 DB:AF NvMXdizC V: 30 H:277 F:12
				848F4F AB          PLB                    A:D080 X:0006 Y:0002 S:0127 D:0E68 DB:AF NvMXdiZC V: 30 H:287 F:12
				848F50 28          PLP                    A:D080 X:0006 Y:0002 S:0128 D:0E68 DB:86 NvMXdizC V: 30 H:294 F:12
				848F51 6B          RTL                    A:D080 X:0006 Y:0002 S:0129 D:0E68 DB:86 nvMXdizc V: 30 H:300 F:12

			81BA99 20 16 BF    JSR $BF16     [81BF16] A:D080 X:0006 Y:0002 S:012C D:0E68 DB:86 nvMXdizc V: 30 H:311 F:12		JSR $81BF16 --> If SkelAction is not positive, Spawn Breath

				81BF16 A5 17       LDA $17       [000E7F] A:D080 X:0006 Y:0002 S:012A D:0E68 DB:86 nvMXdizc V: 30 H:321 F:12
				81BF18 10 41       BPL $0041     [81BF5B] A:D086 X:0006 Y:0002 S:012A D:0E68 DB:86 NvMXdizc V: 30 H:327 F:12
				81BF1A 29 7F       AND #$7F               A:D086 X:0006 Y:0002 S:012A D:0E68 DB:86 NvMXdizc V: 30 H:329 F:12
				81BF1C 85 17       STA $17       [000E7F] A:D006 X:0006 Y:0002 S:012A D:0E68 DB:86 nvMXdizc V: 30 H:332 F:12
				81BF1E A5 0F       LDA $0F       [000E77] A:D006 X:0006 Y:0002 S:012A D:0E68 DB:86 nvMXdizc V: 30 H:339 F:12
				81BF20 10 39       BPL $0039     [81BF5B] A:D000 X:0006 Y:0002 S:012A D:0E68 DB:86 nvMXdiZc V: 31 H:  5 F:12
				81BF5B 60          RTS                    A:D000 X:0006 Y:0002 S:012A D:0E68 DB:86 nvMXdiZc V: 31 H: 10 F:12

			81BA9C C6 34       DEC $34       [000E9C] A:D000 X:0006 Y:0002 S:012C D:0E68 DB:86 nvMXdiZc V: 31 H: 20 F:12		Decrease CD2
			81BA9E D0 12       BNE $0012     [81BAB2] A:D000 X:0006 Y:0002 S:012C D:0E68 DB:86 nvMXdiZc V: 31 H: 30 F:12		Branch if CD2 <> #$00
			81BAA0 A9 08       LDA #$08               A:D000 X:0006 Y:0002 S:012C D:0E68 DB:86 nvMXdiZc V: 31 H: 33 F:12		Subaction = #$08
			81BAA2 85 03       STA $03       [000E6B] A:D008 X:0006 Y:0002 S:012C D:0E68 DB:86 nvMXdizc V: 31 H: 36 F:12
			81BAA4 A9 1E       LDA #$1E               A:D008 X:0006 Y:0002 S:012C D:0E68 DB:86 nvMXdizc V: 31 H: 42 F:12		CD2 = #$1E
			81BAA6 85 34       STA $34       [000E9C] A:D01E X:0006 Y:0002 S:012C D:0E68 DB:86 nvMXdizc V: 31 H: 45 F:12
			81BAA8 A9 00       LDA #$00               A:D01E X:0006 Y:0002 S:012C D:0E68 DB:86 nvMXdizc V: 31 H: 52 F:12
			81BAAA 22 07 8F 84 JSL $848F07   [848F07] A:D000 X:0006 Y:0002 S:012C D:0E68 DB:86 nvMXdiZc V: 31 H: 55 F:12		JSL $848F07 --> Skeleton Load (SkelPoint = #$67, b = A = #$00)

				848F07 08          PHP                    A:D000 X:0006 Y:0002 S:0129 D:0E68 DB:86 nvMXdiZc V: 31 H: 68 F:12
				848F08 8B          PHB                    A:D000 X:0006 Y:0002 S:0128 D:0E68 DB:86 nvMXdiZc V: 31 H: 73 F:12
				848F09 C2 30       REP #$30               A:D000 X:0006 Y:0002 S:0127 D:0E68 DB:86 nvMXdiZc V: 31 H: 78 F:12
				848F0B 8D 0E 00    STA $000E     [86000E] A:D000 X:0006 Y:0002 S:0127 D:0E68 DB:86 nvmxdiZc V: 31 H: 83 F:12
				848F0E A5 16       LDA $16       [000E7E] A:D000 X:0006 Y:0002 S:0127 D:0E68 DB:86 nvmxdiZc V: 31 H: 91 F:12
				848F10 29 FF 00    AND #$00FF             A:0667 X:0006 Y:0002 S:0127 D:0E68 DB:86 nvmxdizc V: 31 H:100 F:12
				848F13 8D 0C 00    STA $000C     [86000C] A:0067 X:0006 Y:0002 S:0127 D:0E68 DB:86 nvmxdizc V: 31 H:104 F:12
				848F16 0A          ASL A                  A:0067 X:0006 Y:0002 S:0127 D:0E68 DB:86 nvmxdizc V: 31 H:113 F:12
				848F17 18          CLC                    A:00CE X:0006 Y:0002 S:0127 D:0E68 DB:86 nvmxdizc V: 31 H:116 F:12
				848F18 6D 0C 00    ADC $000C     [86000C] A:00CE X:0006 Y:0002 S:0127 D:0E68 DB:86 nvmxdizc V: 31 H:119 F:12
				848F1B AA          TAX                    A:0135 X:0006 Y:0002 S:0127 D:0E68 DB:86 nvmxdizc V: 31 H:127 F:12
				848F1C BF 00 A0 AF LDA $AFA000,X [AFA135] A:0135 X:0135 Y:0002 S:0127 D:0E68 DB:86 nvmxdizc V: 31 H:130 F:12
				848F20 85 14       STA $14       [000E7C] A:CFE0 X:0135 Y:0002 S:0127 D:0E68 DB:86 Nvmxdizc V: 31 H:149 F:12
				848F22 E2 20       SEP #$20               A:CFE0 X:0135 Y:0002 S:0127 D:0E68 DB:86 Nvmxdizc V: 31 H:158 F:12
				848F24 BF 02 A0 AF LDA $AFA002,X [AFA137] A:CFE0 X:0135 Y:0002 S:0127 D:0E68 DB:86 NvMxdizc V: 31 H:162 F:12
				848F28 48          PHA                    A:CFAF X:0135 Y:0002 S:0127 D:0E68 DB:86 NvMxdizc V: 31 H:170 F:12
				848F29 AB          PLB                    A:CFAF X:0135 Y:0002 S:0126 D:0E68 DB:86 NvMxdizc V: 31 H:175 F:12
				848F2A C2 20       REP #$20               A:CFAF X:0135 Y:0002 S:0127 D:0E68 DB:AF NvMxdizc V: 31 H:181 F:12
				848F2C AD 0E 00    LDA $000E     [AF000E] A:CFAF X:0135 Y:0002 S:0127 D:0E68 DB:AF Nvmxdizc V: 31 H:186 F:12
				848F2F 29 FF 00    AND #$00FF             A:D000 X:0135 Y:0002 S:0127 D:0E68 DB:AF Nvmxdizc V: 31 H:194 F:12
				848F32 0A          ASL A                  A:0000 X:0135 Y:0002 S:0127 D:0E68 DB:AF nvmxdiZc V: 31 H:199 F:12
				848F33 A8          TAY                    A:0000 X:0135 Y:0002 S:0127 D:0E68 DB:AF nvmxdiZc V: 31 H:202 F:12
				848F34 B1 14       LDA ($14),Y   [AFCFE0] A:0000 X:0135 Y:0000 S:0127 D:0E68 DB:AF nvmxdiZc V: 31 H:205 F:12
				848F36 65 14       ADC $14       [000E7C] A:0022 X:0135 Y:0000 S:0127 D:0E68 DB:AF nvmxdizc V: 31 H:218 F:12
				848F38 85 14       STA $14       [000E7C] A:D002 X:0135 Y:0000 S:0127 D:0E68 DB:AF Nvmxdizc V: 31 H:226 F:12
				848F3A E2 30       SEP #$30               A:D002 X:0135 Y:0000 S:0127 D:0E68 DB:AF Nvmxdizc V: 31 H:235 F:12
				848F3C B2 14       LDA ($14)     [AFD002] A:D002 X:0035 Y:0000 S:0127 D:0E68 DB:AF NvMXdizc V: 31 H:239 F:12	Skeleton start: [AFD002]
				848F3E 85 13       STA $13       [000E7B] A:D00F X:0035 Y:0000 S:0127 D:0E68 DB:AF nvMXdizc V: 31 H:249 F:12
				848F40 A0 01       LDY #$01               A:D00F X:0035 Y:0000 S:0127 D:0E68 DB:AF nvMXdizc V: 31 H:256 F:12
				848F42 B1 14       LDA ($14),Y   [AFD003] A:D00F X:0035 Y:0001 S:0127 D:0E68 DB:AF nvMXdizc V: 31 H:259 F:12
				848F44 85 0F       STA $0F       [000E77] A:D000 X:0035 Y:0001 S:0127 D:0E68 DB:AF nvMXdiZc V: 31 H:269 F:12
				848F46 C8          INY                    A:D000 X:0035 Y:0001 S:0127 D:0E68 DB:AF nvMXdiZc V: 31 H:275 F:12
				848F47 B1 14       LDA ($14),Y   [AFD004] A:D000 X:0035 Y:0002 S:0127 D:0E68 DB:AF nvMXdizc V: 31 H:278 F:12
				848F49 85 17       STA $17       [000E7F] A:D000 X:0035 Y:0002 S:0127 D:0E68 DB:AF nvMXdiZc V: 31 H:288 F:12
				848F4B A9 80       LDA #$80               A:D000 X:0035 Y:0002 S:0127 D:0E68 DB:AF nvMXdiZc V: 31 H:295 F:12
				848F4D 04 17       TSB $17       [000E7F] A:D080 X:0035 Y:0002 S:0127 D:0E68 DB:AF NvMXdizc V: 31 H:298 F:12
				848F4F AB          PLB                    A:D080 X:0035 Y:0002 S:0127 D:0E68 DB:AF NvMXdiZc V: 31 H:308 F:12
				848F50 28          PLP                    A:D080 X:0035 Y:0002 S:0128 D:0E68 DB:86 NvMXdizc V: 31 H:314 F:12
				848F51 6B          RTL                    A:D080 X:0035 Y:0002 S:0129 D:0E68 DB:86 nvMXdiZc V: 31 H:321 F:12

			81BAAE A9 01       LDA #$01               A:D080 X:0035 Y:0002 S:012C D:0E68 DB:86 nvMXdiZc V: 31 H:330 F:12		Disable Armor
			81BAB0 85 38       STA $38       [000EA0] A:D001 X:0035 Y:0002 S:012C D:0E68 DB:86 nvMXdizc V: 31 H:333 F:12
			81BAB2 60          RTS                    A:D001 X:0035 Y:0002 S:012C D:0E68 DB:86 nvMXdizc V: 32 H:  0 F:12		Return

		81B63B A9 09       LDA #$09               A:D001 X:0035 Y:0002 S:012E D:0E68 DB:86 nvMXdizc V: 32 H: 10 F:12
