80D4F6 20 30 D5    JSR $D530     [80D530] A:0E01 X:0000 Y:0027 S:0133 D:0E68 DB:86 nvMXdizC V: 15 H:281 F:42

	80D530 C2 20       REP #$20               A:0E01 X:0000 Y:0027 S:0131 D:0E68 DB:86 nvMXdizC V: 15 H:291 F:42
	80D532 A5 05       LDA $05       [000E6D] A:0E01 X:0000 Y:0027 S:0131 D:0E68 DB:86 nvmXdizC V: 15 H:295 F:42
	80D534 85 22       STA $22       [000E8A] A:1ED0 X:0000 Y:0027 S:0131 D:0E68 DB:86 nvmXdizC V: 15 H:304 F:42
	80D536 A5 08       LDA $08       [000E70] A:1ED0 X:0000 Y:0027 S:0131 D:0E68 DB:86 nvmXdizC V: 15 H:312 F:42
	80D538 85 24       STA $24       [000E8C] A:01AC X:0000 Y:0027 S:0131 D:0E68 DB:86 nvmXdizC V: 15 H:321 F:42
	80D53A E2 20       SEP #$20               A:01AC X:0000 Y:0027 S:0131 D:0E68 DB:86 nvmXdizC V: 15 H:328 F:42
	80D53C A9 80       LDA #$80               A:01AC X:0000 Y:0027 S:0131 D:0E68 DB:86 nvMXdizC V: 15 H:333 F:42
	80D53E 14 0E       TRB $0E       [000E76] A:0180 X:0000 Y:0027 S:0131 D:0E68 DB:86 NvMXdizC V: 15 H:336 F:42
	80D540 A5 0A       LDA $0A       [000E72] A:0180 X:0000 Y:0027 S:0131 D:0E68 DB:86 NvMXdizC V: 16 H:  6 F:42
	80D542 0A          ASL A                  A:0102 X:0000 Y:0027 S:0131 D:0E68 DB:86 nvMXdizC V: 16 H: 12 F:42
	80D543 AA          TAX                    A:0104 X:0000 Y:0027 S:0131 D:0E68 DB:86 nvMXdizc V: 16 H: 15 F:42
	80D544 7C DD F8    JMP ($F8DD,X) [80F8E1] A:0104 X:0004 Y:0027 S:0131 D:0E68 DB:86 nvMXdizc V: 16 H: 18 F:42

	80F9BB 22 16 B5 81 JSL $81B516   [81B516] A:0104 X:0004 Y:0027 S:0131 D:0E68 DB:86 nvMXdizc V: 16 H: 27 F:42

		81B516 A6 01       LDX $01       [000E69] A:0104 X:0004 Y:0027 S:012E D:0E68 DB:86 nvMXdizc V: 16 H: 41 F:42
		81B518 7C 1B B5    JMP ($B51B,X) [81B51F] A:0104 X:0004 Y:0027 S:012E D:0E68 DB:86 nvMXdizc V: 16 H: 47 F:42

		81B629 A5 33       LDA $33       [000E9B] A:0104 X:0004 Y:0027 S:012E D:0E68 DB:86 nvMXdizc V: 16 H: 56 F:42
		81B62B 04 11       TSB $11       [000E79] A:0108 X:0004 Y:0027 S:012E D:0E68 DB:86 nvMXdizc V: 16 H: 63 F:42
		81B62D C2 20       REP #$20               A:0108 X:0004 Y:0027 S:012E D:0E68 DB:86 nvMXdizc V: 16 H: 73 F:42
		81B62F A9 2D C4    LDA #$C42D             A:0108 X:0004 Y:0027 S:012E D:0E68 DB:86 nvmXdizc V: 16 H: 77 F:42
		81B632 85 20       STA $20       [000E88] A:C42D X:0004 Y:0027 S:012E D:0E68 DB:86 NvmXdizc V: 16 H: 82 F:42
		81B634 E2 20       SEP #$20               A:C42D X:0004 Y:0027 S:012E D:0E68 DB:86 NvmXdizc V: 16 H: 90 F:42
		81B636 A6 02       LDX $02       [000E6A] A:C42D X:0004 Y:0027 S:012E D:0E68 DB:86 NvMXdizc V: 16 H: 95 F:42
		81B638 FC F3 B6    JSR ($B6F3,X) [81B6FB] A:C42D X:0008 Y:0027 S:012E D:0E68 DB:86 nvMXdizc V: 16 H:101 F:42

			81B9FC A6 03       LDX $03       [000E6B] A:C42D X:0008 Y:0027 S:012C D:0E68 DB:86 nvMXdizc V: 16 H:114 F:42
			81B9FE 7C 01 BA    JMP ($BA01,X) [81BA09] A:C42D X:0008 Y:0027 S:012C D:0E68 DB:86 nvMXdizc V: 16 H:121 F:42

			81BAB3 22 EA 8E 84 JSL $848EEA   [848EEA] A:C42D X:0008 Y:0027 S:012C D:0E68 DB:86 nvMXdizc V: 16 H:130 F:42		JSL $848EEA --> Decrease CDSkel, Continue Skeleton

				848EEA 08          PHP                    A:C42D X:0008 Y:0027 S:0129 D:0E68 DB:86 nvMXdizc V: 16 H:153 F:42
				848EEB 8B          PHB                    A:C42D X:0008 Y:0027 S:0128 D:0E68 DB:86 nvMXdizc V: 16 H:158 F:42
				848EEC E2 30       SEP #$30               A:C42D X:0008 Y:0027 S:0127 D:0E68 DB:86 nvMXdizc V: 16 H:163 F:42
				848EEE C6 13       DEC $13       [000E7B] A:C42D X:0008 Y:0027 S:0127 D:0E68 DB:86 nvMXdizc V: 16 H:168 F:42
				848EF0 D0 5D       BNE $005D     [848F4F] A:C42D X:0008 Y:0027 S:0127 D:0E68 DB:86 nvMXdiZc V: 16 H:178 F:42
				848EF2 A9 AF       LDA #$AF               A:C42D X:0008 Y:0027 S:0127 D:0E68 DB:86 nvMXdiZc V: 16 H:181 F:42
				848EF4 48          PHA                    A:C4AF X:0008 Y:0027 S:0127 D:0E68 DB:86 NvMXdizc V: 16 H:184 F:42
				848EF5 AB          PLB                    A:C4AF X:0008 Y:0027 S:0126 D:0E68 DB:86 NvMXdizc V: 16 H:189 F:42
				848EF6 C2 21       REP #$21               A:C4AF X:0008 Y:0027 S:0127 D:0E68 DB:AF NvMXdizc V: 16 H:195 F:42
				848EF8 A5 14       LDA $14       [000E7C] A:C4AF X:0008 Y:0027 S:0127 D:0E68 DB:AF NvmXdizc V: 16 H:200 F:42
				848EFA 69 03 00    ADC #$0003             A:D005 X:0008 Y:0027 S:0127 D:0E68 DB:AF NvmXdizc V: 16 H:208 F:42
				848EFD A4 0F       LDY $0F       [000E77] A:D008 X:0008 Y:0027 S:0127 D:0E68 DB:AF NvmXdizc V: 16 H:213 F:42
				848EFF 10 37       BPL $0037     [848F38] A:D008 X:0008 Y:0000 S:0127 D:0E68 DB:AF nvmXdiZc V: 16 H:219 F:42
				848F38 85 14       STA $14       [000E7C] A:D008 X:0008 Y:0000 S:0127 D:0E68 DB:AF nvmXdiZc V: 16 H:224 F:42
				848F3A E2 30       SEP #$30               A:D008 X:0008 Y:0000 S:0127 D:0E68 DB:AF nvmXdiZc V: 16 H:232 F:42
				848F3C B2 14       LDA ($14)     [AFD008] A:D008 X:0008 Y:0000 S:0127 D:0E68 DB:AF nvMXdiZc V: 16 H:237 F:42
				848F3E 85 13       STA $13       [000E7B] A:D00F X:0008 Y:0000 S:0127 D:0E68 DB:AF nvMXdizc V: 16 H:247 F:42
				848F40 A0 01       LDY #$01               A:D00F X:0008 Y:0000 S:0127 D:0E68 DB:AF nvMXdizc V: 16 H:253 F:42
				848F42 B1 14       LDA ($14),Y   [AFD009] A:D00F X:0008 Y:0001 S:0127 D:0E68 DB:AF nvMXdizc V: 16 H:256 F:42
				848F44 85 0F       STA $0F       [000E77] A:D000 X:0008 Y:0001 S:0127 D:0E68 DB:AF nvMXdiZc V: 16 H:266 F:42
				848F46 C8          INY                    A:D000 X:0008 Y:0001 S:0127 D:0E68 DB:AF nvMXdiZc V: 16 H:273 F:42
				848F47 B1 14       LDA ($14),Y   [AFD00A] A:D000 X:0008 Y:0002 S:0127 D:0E68 DB:AF nvMXdizc V: 16 H:276 F:42
				848F49 85 17       STA $17       [000E7F] A:D000 X:0008 Y:0002 S:0127 D:0E68 DB:AF nvMXdiZc V: 16 H:286 F:42
				848F4B A9 80       LDA #$80               A:D000 X:0008 Y:0002 S:0127 D:0E68 DB:AF nvMXdiZc V: 16 H:292 F:42
				848F4D 04 17       TSB $17       [000E7F] A:D080 X:0008 Y:0002 S:0127 D:0E68 DB:AF NvMXdizc V: 16 H:295 F:42
				848F4F AB          PLB                    A:D080 X:0008 Y:0002 S:0127 D:0E68 DB:AF NvMXdiZc V: 16 H:305 F:42
				848F50 28          PLP                    A:D080 X:0008 Y:0002 S:0128 D:0E68 DB:86 NvMXdizc V: 16 H:312 F:42
				848F51 6B          RTL                    A:D080 X:0008 Y:0002 S:0129 D:0E68 DB:86 nvMXdizc V: 16 H:318 F:42

			81BAB7 C6 34       DEC $34       [000E9C] A:D080 X:0008 Y:0002 S:012C D:0E68 DB:86 nvMXdizc V: 16 H:328 F:42		Decrease CD2
			81BAB9 D0 03       BNE $0003     [81BABE] A:D080 X:0008 Y:0002 S:012C D:0E68 DB:86 nvMXdiZc V: 16 H:338 F:42		Branch if CD2 <> #$00
			81BABB 20 19 C0    JSR $C019     [81C019] A:D080 X:0008 Y:0002 S:012C D:0E68 DB:86 nvMXdiZc V: 17 H:  1 F:42		JSR $81C019 --> Changes Action from table in $86C45B, with 1B RNG value

				81C019 A5 02       LDA $02       [000E6A] A:D080 X:0008 Y:0002 S:012A D:0E68 DB:86 nvMXdiZc V: 17 H: 11 F:42
				81C01B 0A          ASL A                  A:D008 X:0008 Y:0002 S:012A D:0E68 DB:86 nvMXdizc V: 17 H: 17 F:42
				81C01C 0A          ASL A                  A:D010 X:0008 Y:0002 S:012A D:0E68 DB:86 nvMXdizc V: 17 H: 20 F:42
				81C01D 0A          ASL A                  A:D020 X:0008 Y:0002 S:012A D:0E68 DB:86 nvMXdizc V: 17 H: 23 F:42
				81C01E 8D 00 00    STA $0000     [860000] A:D040 X:0008 Y:0002 S:012A D:0E68 DB:86 nvMXdizc V: 17 H: 26 F:42
				81C021 22 86 90 84 JSL $849086   [849086] A:D040 X:0008 Y:0002 S:012A D:0E68 DB:86 nvMXdizc V: 17 H: 33 F:42

					849086 08          PHP                    A:D040 X:0008 Y:0002 S:0127 D:0E68 DB:86 nvMXdizc V: 17 H: 46 F:42
					849087 C2 20       REP #$20               A:D040 X:0008 Y:0002 S:0126 D:0E68 DB:86 nvMXdizc V: 17 H: 51 F:42
					849089 AD A6 0B    LDA $0BA6     [860BA6] A:D040 X:0008 Y:0002 S:0126 D:0E68 DB:86 nvmXdizc V: 17 H: 56 F:42
					84908C 0A          ASL A                  A:52D0 X:0008 Y:0002 S:0126 D:0E68 DB:86 nvmXdizc V: 17 H: 64 F:42
					84908D 18          CLC                    A:A5A0 X:0008 Y:0002 S:0126 D:0E68 DB:86 NvmXdizc V: 17 H: 67 F:42
					84908E 6D A6 0B    ADC $0BA6     [860BA6] A:A5A0 X:0008 Y:0002 S:0126 D:0E68 DB:86 NvmXdizc V: 17 H: 70 F:42
					849091 EB          XBA                    A:F870 X:0008 Y:0002 S:0126 D:0E68 DB:86 NvmXdizc V: 17 H: 79 F:42
					849092 E2 20       SEP #$20               A:70F8 X:0008 Y:0002 S:0126 D:0E68 DB:86 NvmXdizc V: 17 H: 83 F:42
					849094 8D A7 0B    STA $0BA7     [860BA7] A:70F8 X:0008 Y:0002 S:0126 D:0E68 DB:86 NvMXdizc V: 17 H: 88 F:42
					849097 18          CLC                    A:70F8 X:0008 Y:0002 S:0126 D:0E68 DB:86 NvMXdizc V: 17 H: 94 F:42
					849098 6D A6 0B    ADC $0BA6     [860BA6] A:70F8 X:0008 Y:0002 S:0126 D:0E68 DB:86 NvMXdizc V: 17 H: 97 F:42
					84909B 8D A6 0B    STA $0BA6     [860BA6] A:70C8 X:0008 Y:0002 S:0126 D:0E68 DB:86 NvMXdizC V: 17 H:104 F:42
					84909E 28          PLP                    A:70C8 X:0008 Y:0002 S:0126 D:0E68 DB:86 NvMXdizC V: 17 H:110 F:42
					84909F 6B          RTL                    A:70C8 X:0008 Y:0002 S:0127 D:0E68 DB:86 nvMXdizc V: 17 H:117 F:42

				81C025 29 0F       AND #$0F               A:70C8 X:0008 Y:0002 S:012A D:0E68 DB:86 nvMXdizc V: 17 H:127 F:42
				81C027 18          CLC                    A:7008 X:0008 Y:0002 S:012A D:0E68 DB:86 nvMXdizc V: 17 H:130 F:42
				81C028 6D 00 00    ADC $0000     [860000] A:7008 X:0008 Y:0002 S:012A D:0E68 DB:86 nvMXdizc V: 17 H:133 F:42
				81C02B AA          TAX                    A:7048 X:0008 Y:0002 S:012A D:0E68 DB:86 nvMXdizc V: 17 H:150 F:42
				81C02C BD 5B C4    LDA $C45B,X   [86C4A3] A:7048 X:0048 Y:0002 S:012A D:0E68 DB:86 nvMXdizc V: 17 H:153 F:42
				81C02F 85 02       STA $02       [000E6A] A:7002 X:0048 Y:0002 S:012A D:0E68 DB:86 nvMXdizc V: 17 H:159 F:42
				81C031 64 03       STZ $03       [000E6B] A:7002 X:0048 Y:0002 S:012A D:0E68 DB:86 nvMXdizc V: 17 H:165 F:42
				81C033 60          RTS                    A:7002 X:0048 Y:0002 S:012A D:0E68 DB:86 nvMXdizc V: 17 H:172 F:42

			81BABE 60          RTS                    A:7002 X:0048 Y:0002 S:012C D:0E68 DB:86 nvMXdizc V: 17 H:182 F:42		Return

		81B63B A9 09       LDA #$09               A:7002 X:0048 Y:0002 S:012E D:0E68 DB:86 nvMXdizc V: 17 H:192 F:42
