80D4F6 20 30 D5    JSR $D530     [80D530] A:0E01 X:0000 Y:0027 S:0133 D:0E68 DB:86 nvMXdizC V:248 H:194 F:15

	80D530 C2 20       REP #$20               A:0E01 X:0000 Y:0027 S:0131 D:0E68 DB:86 nvMXdizC V:248 H:204 F:15
	80D532 A5 05       LDA $05       [000E6D] A:0E01 X:0000 Y:0027 S:0131 D:0E68 DB:86 nvmXdizC V:248 H:208 F:15
	80D534 85 22       STA $22       [000E8A] A:1ED0 X:0000 Y:0027 S:0131 D:0E68 DB:86 nvmXdizC V:248 H:217 F:15
	80D536 A5 08       LDA $08       [000E70] A:1ED0 X:0000 Y:0027 S:0131 D:0E68 DB:86 nvmXdizC V:248 H:225 F:15
	80D538 85 24       STA $24       [000E8C] A:01AC X:0000 Y:0027 S:0131 D:0E68 DB:86 nvmXdizC V:248 H:234 F:15
	80D53A E2 20       SEP #$20               A:01AC X:0000 Y:0027 S:0131 D:0E68 DB:86 nvmXdizC V:248 H:242 F:15
	80D53C A9 80       LDA #$80               A:01AC X:0000 Y:0027 S:0131 D:0E68 DB:86 nvMXdizC V:248 H:247 F:15
	80D53E 14 0E       TRB $0E       [000E76] A:0180 X:0000 Y:0027 S:0131 D:0E68 DB:86 NvMXdizC V:248 H:250 F:15
	80D540 A5 0A       LDA $0A       [000E72] A:0180 X:0000 Y:0027 S:0131 D:0E68 DB:86 NvMXdizC V:248 H:260 F:15
	80D542 0A          ASL A                  A:0102 X:0000 Y:0027 S:0131 D:0E68 DB:86 nvMXdizC V:248 H:266 F:15
	80D543 AA          TAX                    A:0104 X:0000 Y:0027 S:0131 D:0E68 DB:86 nvMXdizc V:248 H:269 F:15
	80D544 7C DD F8    JMP ($F8DD,X) [80F8E1] A:0104 X:0004 Y:0027 S:0131 D:0E68 DB:86 nvMXdizc V:248 H:272 F:15

	80F9BB 22 16 B5 81 JSL $81B516   [81B516] A:0104 X:0004 Y:0027 S:0131 D:0E68 DB:86 nvMXdizc V:248 H:281 F:15

		81B516 A6 01       LDX $01       [000E69] A:0104 X:0004 Y:0027 S:012E D:0E68 DB:86 nvMXdizc V:248 H:295 F:15
		81B518 7C 1B B5    JMP ($B51B,X) [81B51F] A:0104 X:0004 Y:0027 S:012E D:0E68 DB:86 nvMXdizc V:248 H:301 F:15

		81B629 A5 33       LDA $33       [000E9B] A:0104 X:0004 Y:0027 S:012E D:0E68 DB:86 nvMXdizc V:248 H:310 F:15
		81B62B 04 11       TSB $11       [000E79] A:0108 X:0004 Y:0027 S:012E D:0E68 DB:86 nvMXdizc V:248 H:317 F:15
		81B62D C2 20       REP #$20               A:0108 X:0004 Y:0027 S:012E D:0E68 DB:86 nvMXdizc V:248 H:326 F:15
		81B62F A9 2D C4    LDA #$C42D             A:0108 X:0004 Y:0027 S:012E D:0E68 DB:86 nvmXdizc V:248 H:330 F:15
		81B632 85 20       STA $20       [000E88] A:C42D X:0004 Y:0027 S:012E D:0E68 DB:86 NvmXdizc V:248 H:335 F:15
		81B634 E2 20       SEP #$20               A:C42D X:0004 Y:0027 S:012E D:0E68 DB:86 NvmXdizc V:249 H:  3 F:15
		81B636 A6 02       LDX $02       [000E6A] A:C42D X:0004 Y:0027 S:012E D:0E68 DB:86 NvMXdizc V:249 H:  8 F:15
		81B638 FC F3 B6    JSR ($B6F3,X) [81B6FB] A:C42D X:0008 Y:0027 S:012E D:0E68 DB:86 nvMXdizc V:249 H: 14 F:15

			81B9FC A6 03       LDX $03       [000E6B] A:C42D X:0008 Y:0027 S:012C D:0E68 DB:86 nvMXdizc V:249 H: 27 F:15
			81B9FE 7C 01 BA    JMP ($BA01,X) [81BA05] A:C42D X:0004 Y:0027 S:012C D:0E68 DB:86 nvMXdizc V:249 H: 34 F:15			JMP ($81BA01,Subaction) = ($81BA05) = $81BA6B

			81BA6B 22 EA 8E 84 JSL $848EEA   [848EEA] A:C42D X:0004 Y:0027 S:012C D:0E68 DB:86 nvMXdizc V:249 H: 43 F:15			JSL $848EEA --> Decrease CDSkel, Continue Skeleton

				848EEA 08          PHP                    A:C42D X:0004 Y:0027 S:0129 D:0E68 DB:86 nvMXdizc V:249 H: 56 F:15
				848EEB 8B          PHB                    A:C42D X:0004 Y:0027 S:0128 D:0E68 DB:86 nvMXdizc V:249 H: 61 F:15
				848EEC E2 30       SEP #$30               A:C42D X:0004 Y:0027 S:0127 D:0E68 DB:86 nvMXdizc V:249 H: 66 F:15
				848EEE C6 13       DEC $13       [000E7B] A:C42D X:0004 Y:0027 S:0127 D:0E68 DB:86 nvMXdizc V:249 H: 71 F:15
				848EF0 D0 5D       BNE $005D     [848F4F] A:C42D X:0004 Y:0027 S:0127 D:0E68 DB:86 nvMXdiZc V:249 H: 81 F:15
				848EF2 A9 AF       LDA #$AF               A:C42D X:0004 Y:0027 S:0127 D:0E68 DB:86 nvMXdiZc V:249 H: 84 F:15
				848EF4 48          PHA                    A:C4AF X:0004 Y:0027 S:0127 D:0E68 DB:86 NvMXdizc V:249 H: 87 F:15
				848EF5 AB          PLB                    A:C4AF X:0004 Y:0027 S:0126 D:0E68 DB:86 NvMXdizc V:249 H: 92 F:15
				848EF6 C2 21       REP #$21               A:C4AF X:0004 Y:0027 S:0127 D:0E68 DB:AF NvMXdizc V:249 H: 98 F:15
				848EF8 A5 14       LDA $14       [000E7C] A:C4AF X:0004 Y:0027 S:0127 D:0E68 DB:AF NvmXdizc V:249 H:103 F:15
				848EFA 69 03 00    ADC #$0003             A:D0B1 X:0004 Y:0027 S:0127 D:0E68 DB:AF NvmXdizc V:249 H:111 F:15
				848EFD A4 0F       LDY $0F       [000E77] A:D0B4 X:0004 Y:0027 S:0127 D:0E68 DB:AF NvmXdizc V:249 H:116 F:15
				848EFF 10 37       BPL $0037     [848F38] A:D0B4 X:0004 Y:0000 S:0127 D:0E68 DB:AF nvmXdiZc V:249 H:122 F:15
				848F38 85 14       STA $14       [000E7C] A:D0B4 X:0004 Y:0000 S:0127 D:0E68 DB:AF nvmXdiZc V:249 H:127 F:15
				848F3A E2 30       SEP #$30               A:D0B4 X:0004 Y:0000 S:0127 D:0E68 DB:AF nvmXdiZc V:249 H:145 F:15
				848F3C B2 14       LDA ($14)     [AFD0B4] A:D0B4 X:0004 Y:0000 S:0127 D:0E68 DB:AF nvMXdiZc V:249 H:150 F:15
				848F3E 85 13       STA $13       [000E7B] A:D004 X:0004 Y:0000 S:0127 D:0E68 DB:AF nvMXdizc V:249 H:160 F:15
				848F40 A0 01       LDY #$01               A:D004 X:0004 Y:0000 S:0127 D:0E68 DB:AF nvMXdizc V:249 H:166 F:15
				848F42 B1 14       LDA ($14),Y   [AFD0B5] A:D004 X:0004 Y:0001 S:0127 D:0E68 DB:AF nvMXdizc V:249 H:169 F:15
				848F44 85 0F       STA $0F       [000E77] A:D080 X:0004 Y:0001 S:0127 D:0E68 DB:AF NvMXdizc V:249 H:179 F:15	SkelAction = #$80
				848F46 C8          INY                    A:D080 X:0004 Y:0001 S:0127 D:0E68 DB:AF NvMXdizc V:249 H:186 F:15
				848F47 B1 14       LDA ($14),Y   [AFD0B6] A:D080 X:0004 Y:0002 S:0127 D:0E68 DB:AF nvMXdizc V:249 H:189 F:15
				848F49 85 17       STA $17       [000E7F] A:D007 X:0004 Y:0002 S:0127 D:0E68 DB:AF nvMXdizc V:249 H:199 F:15
				848F4B A9 80       LDA #$80               A:D007 X:0004 Y:0002 S:0127 D:0E68 DB:AF nvMXdizc V:249 H:205 F:15
				848F4D 04 17       TSB $17       [000E7F] A:D080 X:0004 Y:0002 S:0127 D:0E68 DB:AF NvMXdizc V:249 H:208 F:15
				848F4F AB          PLB                    A:D080 X:0004 Y:0002 S:0127 D:0E68 DB:AF NvMXdiZc V:249 H:218 F:15
				848F50 28          PLP                    A:D080 X:0004 Y:0002 S:0128 D:0E68 DB:86 NvMXdizc V:249 H:225 F:15
				848F51 6B          RTL                    A:D080 X:0004 Y:0002 S:0129 D:0E68 DB:86 nvMXdizc V:249 H:231 F:15

			81BA6F 20 16 BF    JSR $BF16     [81BF16] A:D080 X:0004 Y:0002 S:012C D:0E68 DB:86 nvMXdizc V:249 H:242 F:15			JSR $81BF16 --> If SkelAction is not positive, Spawn Breath

				81BF16 A5 17       LDA $17       [000E7F] A:D080 X:0004 Y:0002 S:012A D:0E68 DB:86 nvMXdizc V:249 H:252 F:15
				81BF18 10 41       BPL $0041     [81BF5B] A:D087 X:0004 Y:0002 S:012A D:0E68 DB:86 NvMXdizc V:249 H:258 F:15
				81BF1A 29 7F       AND #$7F               A:D087 X:0004 Y:0002 S:012A D:0E68 DB:86 NvMXdizc V:249 H:261 F:15
				81BF1C 85 17       STA $17       [000E7F] A:D007 X:0004 Y:0002 S:012A D:0E68 DB:86 nvMXdizc V:249 H:264 F:15
				81BF1E A5 0F       LDA $0F       [000E77] A:D007 X:0004 Y:0002 S:012A D:0E68 DB:86 nvMXdizc V:249 H:271 F:15
				81BF20 10 39       BPL $0039     [81BF5B] A:D080 X:0004 Y:0002 S:012A D:0E68 DB:86 NvMXdizc V:249 H:277 F:15		Branch if SkelAction is positive
				81BF22 22 58 83 82 JSL $828358   [828358] A:D080 X:0004 Y:0002 S:012A D:0E68 DB:86 NvMXdizc V:249 H:280 F:15		JSL $828358 --> Loads X with first empty EnemyShot, Z=1

					828358 C2 30       REP #$30               A:D080 X:0004 Y:0002 S:0127 D:0E68 DB:86 NvMXdizc V:249 H:294 F:15	A:2B,X:2B
					82835A A2 28 14    LDX #$1428             A:D080 X:0004 Y:0002 S:0127 D:0E68 DB:86 Nvmxdizc V:249 H:298 F:15	X = EnemyShot1
					82835D BD 00 00    LDA $0000,X   [861428] A:D080 X:1428 Y:0002 S:0127 D:0E68 DB:86 nvmxdizc V:249 H:303 F:15
					828360 F0 D9       BEQ $00D9     [82833B] A:0000 X:1428 Y:0002 S:0127 D:0E68 DB:86 nvmxdiZc V:249 H:313 F:15	Branch because ES-Exist = #$00
					82833B E2 22       SEP #$22               A:0000 X:1428 Y:0002 S:0127 D:0E68 DB:86 nvmxdiZc V:249 H:317 F:15	A:1B,Z=1
					82833D 6B          RTL                    A:0000 X:1428 Y:0002 S:0127 D:0E68 DB:86 nvMxdiZc V:249 H:322 F:15	Return

				81BF26 D0 31       BNE $0031     [81BF59] A:0000 X:1428 Y:0002 S:012A D:0E68 DB:86 nvMxdiZc V:249 H:331 F:15		Branch if Z=0
				81BF28 FE 00 00    INC $0000,X   [861428] A:0000 X:1428 Y:0002 S:012A D:0E68 DB:86 nvMxdiZc V:249 H:334 F:15		ES-Exist = #$01
				81BF2B A9 1A       LDA #$1A               A:0000 X:1428 Y:0002 S:012A D:0E68 DB:86 nvMxdizc V:250 H:  6 F:15		ES-ID = #$1A (Breath/Statue)
				81BF2D 9D 0A 00    STA $000A,X   [861432] A:001A X:1428 Y:0002 S:012A D:0E68 DB:86 nvMxdizc V:250 H:  9 F:15
				81BF30 9E 0B 00    STZ $000B,X   [861433] A:001A X:1428 Y:0002 S:012A D:0E68 DB:86 nvMxdizc V:250 H: 17 F:15		ES-SubID = #$00 (Breath)
				81BF33 A5 11       LDA $11       [000E79] A:001A X:1428 Y:0002 S:012A D:0E68 DB:86 nvMxdizc V:250 H: 25 F:15		|ES-Status = E-Status AND #$40 (Facing)
				81BF35 29 40       AND #$40               A:0029 X:1428 Y:0002 S:012A D:0E68 DB:86 nvMxdizc V:250 H: 31 F:15		|
				81BF37 9D 11 00    STA $0011,X   [861439] A:0000 X:1428 Y:0002 S:012A D:0E68 DB:86 nvMxdiZc V:250 H: 34 F:15		|
				81BF3A 0A          ASL A                  A:0000 X:1428 Y:0002 S:012A D:0E68 DB:86 nvMxdiZc V:250 H: 42 F:15		
				81BF3B 0A          ASL A                  A:0000 X:1428 Y:0002 S:012A D:0E68 DB:86 nvMxdiZc V:250 H: 45 F:15		
				81BF3C C2 20       REP #$20               A:0000 X:1428 Y:0002 S:012A D:0E68 DB:86 nvMxdiZc V:250 H: 48 F:15		A:2B
				81BF3E A9 1A 00    LDA #$001A             A:0000 X:1428 Y:0002 S:012A D:0E68 DB:86 nvmxdiZc V:250 H: 53 F:15		A = #$001A
				81BF41 B0 03       BCS $0003     [81BF46] A:001A X:1428 Y:0002 S:012A D:0E68 DB:86 nvmxdizc V:250 H: 57 F:15		Branch if Facing right
				81BF43 A9 E6 FF    LDA #$FFE6             A:001A X:1428 Y:0002 S:012A D:0E68 DB:86 nvmxdizc V:250 H: 60 F:15		A = #$FFE6
				81BF46 18          CLC                    A:FFE6 X:1428 Y:0002 S:012A D:0E68 DB:86 Nvmxdizc V:250 H: 65 F:15		
				81BF47 65 05       ADC $05       [000E6D] A:FFE6 X:1428 Y:0002 S:012A D:0E68 DB:86 Nvmxdizc V:250 H: 68 F:15		Add E-X-Pos
				81BF49 9D 05 00    STA $0005,X   [86142D] A:1EB6 X:1428 Y:0002 S:012A D:0E68 DB:86 nvmxdizC V:250 H: 76 F:15		Store ES-X-Pos
				81BF4C A5 08       LDA $08       [000E70] A:1EB6 X:1428 Y:0002 S:012A D:0E68 DB:86 nvmxdizC V:250 H: 86 F:15		|ES-Y-Pos = E-Y-Pos - #$0002
				81BF4E 38          SEC                    A:01AC X:1428 Y:0002 S:012A D:0E68 DB:86 nvmxdizC V:250 H: 95 F:15		|
				81BF4F E9 02 00    SBC #$0002             A:01AC X:1428 Y:0002 S:012A D:0E68 DB:86 nvmxdizC V:250 H: 98 F:15		|
				81BF52 9D 08 00    STA $0008,X   [861430] A:01AA X:1428 Y:0002 S:012A D:0E68 DB:86 nvmxdizC V:250 H:102 F:15		|
				81BF55 7B          TDC                    A:01AA X:1428 Y:0002 S:012A D:0E68 DB:86 nvmxdizC V:250 H:112 F:15		
				81BF56 9D 0C 00    STA $000C,X   [861434] A:0E68 X:1428 Y:0002 S:012A D:0E68 DB:86 nvmxdizC V:250 H:115 F:15		ES-Parent = EnemyData
				81BF59 E2 30       SEP #$30               A:0E68 X:1428 Y:0002 S:012A D:0E68 DB:86 nvmxdizC V:250 H:125 F:15
				81BF5B 60          RTS                    A:0E68 X:0028 Y:0002 S:012A D:0E68 DB:86 nvMXdizC V:250 H:130 F:15		Return

			81BA72 C6 34       DEC $34       [000E9C] A:0E68 X:0028 Y:0002 S:012C D:0E68 DB:86 nvMXdizC V:250 H:150 F:15			Decrease CD2
			81BA74 D0 1E       BNE $001E     [81BA94] A:0E68 X:0028 Y:0002 S:012C D:0E68 DB:86 nvMXdizC V:250 H:160 F:15			Branch because CD2 <> #$00
			81BA94 60          RTS                    A:0E68 X:0028 Y:0002 S:012C D:0E68 DB:86 nvMXdizC V:250 H:164 F:15

		81B63B A9 09       LDA #$09               A:0E68 X:0028 Y:0002 S:012E D:0E68 DB:86 nvMXdizC V:250 H:174 F:15
