80D4F6 20 30 D5    JSR $D530     [80D530] A:0E01 X:0000 Y:0008 S:0133 D:0E68 DB:86 nvMXdizC V:249 H:169 F: 3

	80D530 C2 20       REP #$20               A:0E01 X:0000 Y:0008 S:0131 D:0E68 DB:86 nvMXdizC V:249 H:179 F: 3
	80D532 A5 05       LDA $05       [000E6D] A:0E01 X:0000 Y:0008 S:0131 D:0E68 DB:86 nvmXdizC V:249 H:184 F: 3
	80D534 85 22       STA $22       [000E8A] A:07A7 X:0000 Y:0008 S:0131 D:0E68 DB:86 nvmXdizC V:249 H:192 F: 3
	80D536 A5 08       LDA $08       [000E70] A:07A7 X:0000 Y:0008 S:0131 D:0E68 DB:86 nvmXdizC V:249 H:201 F: 3
	80D538 85 24       STA $24       [000E8C] A:00A8 X:0000 Y:0008 S:0131 D:0E68 DB:86 nvmXdizC V:249 H:209 F: 3
	80D53A E2 20       SEP #$20               A:00A8 X:0000 Y:0008 S:0131 D:0E68 DB:86 nvmXdizC V:249 H:218 F: 3
	80D53C A9 80       LDA #$80               A:00A8 X:0000 Y:0008 S:0131 D:0E68 DB:86 nvMXdizC V:249 H:222 F: 3
	80D53E 14 0E       TRB $0E       [000E76] A:0080 X:0000 Y:0008 S:0131 D:0E68 DB:86 NvMXdizC V:249 H:225 F: 3
	80D540 A5 0A       LDA $0A       [000E72] A:0080 X:0000 Y:0008 S:0131 D:0E68 DB:86 NvMXdizC V:249 H:235 F: 3
	80D542 0A          ASL A                  A:0005 X:0000 Y:0008 S:0131 D:0E68 DB:86 nvMXdizC V:249 H:242 F: 3
	80D543 AA          TAX                    A:000A X:0000 Y:0008 S:0131 D:0E68 DB:86 nvMXdizc V:249 H:245 F: 3
	80D544 7C DD F8    JMP ($F8DD,X) [80F8E7] A:000A X:000A Y:0008 S:0131 D:0E68 DB:86 nvMXdizc V:249 H:248 F: 3

	80F9CA 22 7E 8A 87 JSL $878A7E   [878A7E] A:000A X:000A Y:0008 S:0131 D:0E68 DB:86 nvMXdizc V:249 H:257 F: 3

		878A7E A6 01       LDX $01       [000E69] A:000A X:000A Y:0008 S:012E D:0E68 DB:86 nvMXdizc V:249 H:270 F: 3
		878A80 7C 83 8A    JMP ($8A83,X) [878A87] A:000A X:0004 Y:0008 S:012E D:0E68 DB:86 nvMXdizc V:249 H:277 F: 3

		878C1A A5 33       LDA $33       [000E9B] A:000A X:0004 Y:0008 S:012E D:0E68 DB:86 nvMXdizc V:249 H:286 F: 3
		878C1C 04 11       TSB $11       [000E79] A:0008 X:0004 Y:0008 S:012E D:0E68 DB:86 nvMXdizc V:249 H:292 F: 3
		878C1E A6 02       LDX $02       [000E6A] A:0008 X:0004 Y:0008 S:012E D:0E68 DB:86 nvMXdizc V:249 H:302 F: 3
		878C20 FC F2 8C    JSR ($8CF2,X) [878CF8] A:0008 X:0006 Y:0008 S:012E D:0E68 DB:86 nvMXdizc V:249 H:309 F: 3

			878F46 A6 03       LDX $03       [000E6B] A:0008 X:0006 Y:0008 S:012C D:0E68 DB:86 nvMXdizc V:249 H:322 F: 3
			878F48 7C 4B 8F    JMP ($8F4B,X) [878F4F] A:0008 X:0004 Y:0008 S:012C D:0E68 DB:86 nvMXdizc V:249 H:327 F: 3

			878FA2 A5 11       LDA $11       [000E79] A:0008 X:0004 Y:0008 S:012C D:0E68 DB:86 nvMXdizc V:249 H:336 F: 3	|A = #$0020 (#$FFE0 because Facing = Left)
			878FA4 0A          ASL A                  A:0029 X:0004 Y:0008 S:012C D:0E68 DB:86 nvMXdizc V:250 H:  3 F: 3	|
			878FA5 0A          ASL A                  A:0052 X:0004 Y:0008 S:012C D:0E68 DB:86 nvMXdizc V:250 H:  6 F: 3	|
			878FA6 C2 20       REP #$20               A:00A4 X:0004 Y:0008 S:012C D:0E68 DB:86 NvMXdizc V:250 H:  9 F: 3	|
			878FA8 A9 20 00    LDA #$0020             A:00A4 X:0004 Y:0008 S:012C D:0E68 DB:86 NvmXdizc V:250 H: 13 F: 3	|
			878FAB B0 03       BCS $0003     [878FB0] A:0020 X:0004 Y:0008 S:012C D:0E68 DB:86 nvmXdizc V:250 H: 18 F: 3	|
			878FAD A9 E0 FF    LDA #$FFE0             A:0020 X:0004 Y:0008 S:012C D:0E68 DB:86 nvmXdizc V:250 H: 21 F: 3	| 
			878FB0 18          CLC                    A:FFE0 X:0004 Y:0008 S:012C D:0E68 DB:86 NvmXdizc V:250 H: 25 F: 3
			878FB1 65 05       ADC $05       [000E6D] A:FFE0 X:0004 Y:0008 S:012C D:0E68 DB:86 NvmXdizc V:250 H: 28 F: 3
			878FB3 8D AD 0B    STA $0BAD     [860BAD] A:0787 X:0004 Y:0008 S:012C D:0E68 DB:86 nvmXdizC V:250 H: 37 F: 3	MMX-X-Pos = E-X-Pos + #$0020 (#$FFE0 if E-Facing = Left)
			878FB6 E2 20       SEP #$20               A:0787 X:0004 Y:0008 S:012C D:0E68 DB:86 nvmXdizC V:250 H: 45 F: 3
			878FB8 A5 34       LDA $34       [000E9C] A:0787 X:0004 Y:0008 S:012C D:0E68 DB:86 nvMXdizC V:250 H: 50 F: 3	
			878FBA D0 11       BNE $0011     [878FCD] A:0714 X:0004 Y:0008 S:012C D:0E68 DB:86 nvMXdizC V:250 H: 56 F: 3	Branch because CD2 <> #$00
			878FCD C6 34       DEC $34       [000E9C] A:0714 X:0004 Y:0008 S:012C D:0E68 DB:86 nvMXdizC V:250 H: 61 F: 3	Decrease CD2
			878FCF 60          RTS                    A:0714 X:0004 Y:0008 S:012C D:0E68 DB:86 nvMXdizC V:250 H: 71 F: 3

		878C23 A5 37       LDA $37       [000E9F] A:0714 X:0004 Y:0008 S:012E D:0E68 DB:86 nvMXdizC V:250 H: 81 F: 3
