80D4F6 20 30 D5    JSR $D530     [80D530] A:0E01 X:0000 Y:0008 S:0133 D:0E68 DB:86 nvMXdizC V:261 H:188 F:47

	80D530 C2 20       REP #$20               A:0E01 X:0000 Y:0008 S:0131 D:0E68 DB:86 nvMXdizC V:261 H:198 F:47
	80D532 A5 05       LDA $05       [000E6D] A:0E01 X:0000 Y:0008 S:0131 D:0E68 DB:86 nvmXdizC V:261 H:202 F:47
	80D534 85 22       STA $22       [000E8A] A:076B X:0000 Y:0008 S:0131 D:0E68 DB:86 nvmXdizC V:261 H:211 F:47
	80D536 A5 08       LDA $08       [000E70] A:076B X:0000 Y:0008 S:0131 D:0E68 DB:86 nvmXdizC V:261 H:219 F:47
	80D538 85 24       STA $24       [000E8C] A:00A8 X:0000 Y:0008 S:0131 D:0E68 DB:86 nvmXdizC V:261 H:228 F:47
	80D53A E2 20       SEP #$20               A:00A8 X:0000 Y:0008 S:0131 D:0E68 DB:86 nvmXdizC V:261 H:236 F:47
	80D53C A9 80       LDA #$80               A:00A8 X:0000 Y:0008 S:0131 D:0E68 DB:86 nvMXdizC V:261 H:241 F:47
	80D53E 14 0E       TRB $0E       [000E76] A:0080 X:0000 Y:0008 S:0131 D:0E68 DB:86 NvMXdizC V:261 H:244 F:47
	80D540 A5 0A       LDA $0A       [000E72] A:0080 X:0000 Y:0008 S:0131 D:0E68 DB:86 NvMXdizC V:261 H:254 F:47
	80D542 0A          ASL A                  A:0005 X:0000 Y:0008 S:0131 D:0E68 DB:86 nvMXdizC V:261 H:260 F:47
	80D543 AA          TAX                    A:000A X:0000 Y:0008 S:0131 D:0E68 DB:86 nvMXdizc V:261 H:263 F:47
	80D544 7C DD F8    JMP ($F8DD,X) [80F8E7] A:000A X:000A Y:0008 S:0131 D:0E68 DB:86 nvMXdizc V:261 H:266 F:47

	80F9CA 22 7E 8A 87 JSL $878A7E   [878A7E] A:000A X:000A Y:0008 S:0131 D:0E68 DB:86 nvMXdizc V:261 H:275 F:47

		878A7E A6 01       LDX $01       [000E69] A:000A X:000A Y:0008 S:012E D:0E68 DB:86 nvMXdizc V:261 H:289 F:47
		878A80 7C 83 8A    JMP ($8A83,X) [878A87] A:000A X:0004 Y:0008 S:012E D:0E68 DB:86 nvMXdizc V:261 H:295 F:47

		878C1A A5 33       LDA $33       [000E9B] A:000A X:0004 Y:0008 S:012E D:0E68 DB:86 nvMXdizc V:261 H:304 F:47
		878C1C 04 11       TSB $11       [000E79] A:0008 X:0004 Y:0008 S:012E D:0E68 DB:86 nvMXdizc V:261 H:311 F:47
		878C1E A6 02       LDX $02       [000E6A] A:0008 X:0004 Y:0008 S:012E D:0E68 DB:86 nvMXdizc V:261 H:321 F:47
		878C20 FC F2 8C    JSR ($8CF2,X) [878CF8] A:0008 X:0006 Y:0008 S:012E D:0E68 DB:86 nvMXdizc V:261 H:327 F:47

			878F46 A6 03       LDX $03       [000E6B] A:0008 X:0006 Y:0008 S:012C D:0E68 DB:86 nvMXdizc V:261 H:339 F:47
			878F48 7C 4B 8F    JMP ($8F4B,X) [878F4D] A:0008 X:0002 Y:0008 S:012C D:0E68 DB:86 nvMXdizc V:  0 H:  6 F:48

			878F63 22 EA 8E 84 JSL $848EEA   [848EEA] A:0008 X:0002 Y:0008 S:012C D:0E68 DB:86 nvMXdizc V:  0 H: 15 F:48		JSL $848EEA --> Decrease CDSkel, Continue Skeleton

				848EEA 08          PHP                    A:0008 X:0002 Y:0008 S:0129 D:0E68 DB:86 nvMXdizc V:  0 H: 28 F:48
				848EEB 8B          PHB                    A:0008 X:0002 Y:0008 S:0128 D:0E68 DB:86 nvMXdizc V:  0 H: 33 F:48
				848EEC E2 30       SEP #$30               A:0008 X:0002 Y:0008 S:0127 D:0E68 DB:86 nvMXdizc V:  0 H: 38 F:48
				848EEE C6 13       DEC $13       [000E7B] A:0008 X:0002 Y:0008 S:0127 D:0E68 DB:86 nvMXdizc V:  0 H: 43 F:48
				848EF0 D0 5D       BNE $005D     [848F4F] A:0008 X:0002 Y:0008 S:0127 D:0E68 DB:86 nvMXdiZc V:  0 H: 53 F:48
				848EF2 A9 AF       LDA #$AF               A:0008 X:0002 Y:0008 S:0127 D:0E68 DB:86 nvMXdiZc V:  0 H: 56 F:48
				848EF4 48          PHA                    A:00AF X:0002 Y:0008 S:0127 D:0E68 DB:86 NvMXdizc V:  0 H: 59 F:48
				848EF5 AB          PLB                    A:00AF X:0002 Y:0008 S:0126 D:0E68 DB:86 NvMXdizc V:  0 H: 64 F:48
				848EF6 C2 21       REP #$21               A:00AF X:0002 Y:0008 S:0127 D:0E68 DB:AF NvMXdizc V:  0 H: 70 F:48
				848EF8 A5 14       LDA $14       [000E7C] A:00AF X:0002 Y:0008 S:0127 D:0E68 DB:AF NvmXdizc V:  0 H: 75 F:48
				848EFA 69 03 00    ADC #$0003             A:D42D X:0002 Y:0008 S:0127 D:0E68 DB:AF NvmXdizc V:  0 H: 83 F:48
				848EFD A4 0F       LDY $0F       [000E77] A:D430 X:0002 Y:0008 S:0127 D:0E68 DB:AF NvmXdizc V:  0 H: 88 F:48
				848EFF 10 37       BPL $0037     [848F38] A:D430 X:0002 Y:0000 S:0127 D:0E68 DB:AF nvmXdiZc V:  0 H: 94 F:48
				848F38 85 14       STA $14       [000E7C] A:D430 X:0002 Y:0000 S:0127 D:0E68 DB:AF nvmXdiZc V:  0 H: 99 F:48
				848F3A E2 30       SEP #$30               A:D430 X:0002 Y:0000 S:0127 D:0E68 DB:AF nvmXdiZc V:  0 H:107 F:48
				848F3C B2 14       LDA ($14)     [AFD430] A:D430 X:0002 Y:0000 S:0127 D:0E68 DB:AF nvMXdiZc V:  0 H:112 F:48
				848F3E 85 13       STA $13       [000E7B] A:D401 X:0002 Y:0000 S:0127 D:0E68 DB:AF nvMXdizc V:  0 H:122 F:48
				848F40 A0 01       LDY #$01               A:D401 X:0002 Y:0000 S:0127 D:0E68 DB:AF nvMXdizc V:  0 H:128 F:48
				848F42 B1 14       LDA ($14),Y   [AFD431] A:D401 X:0002 Y:0001 S:0127 D:0E68 DB:AF nvMXdizc V:  0 H:131 F:48
				848F44 85 0F       STA $0F       [000E77] A:D401 X:0002 Y:0001 S:0127 D:0E68 DB:AF nvMXdizc V:  0 H:151 F:48
				848F46 C8          INY                    A:D401 X:0002 Y:0001 S:0127 D:0E68 DB:AF nvMXdizc V:  0 H:158 F:48
				848F47 B1 14       LDA ($14),Y   [AFD432] A:D401 X:0002 Y:0002 S:0127 D:0E68 DB:AF nvMXdizc V:  0 H:161 F:48
				848F49 85 17       STA $17       [000E7F] A:D418 X:0002 Y:0002 S:0127 D:0E68 DB:AF nvMXdizc V:  0 H:171 F:48
				848F4B A9 80       LDA #$80               A:D418 X:0002 Y:0002 S:0127 D:0E68 DB:AF nvMXdizc V:  0 H:177 F:48
				848F4D 04 17       TSB $17       [000E7F] A:D480 X:0002 Y:0002 S:0127 D:0E68 DB:AF NvMXdizc V:  0 H:180 F:48
				848F4F AB          PLB                    A:D480 X:0002 Y:0002 S:0127 D:0E68 DB:AF NvMXdiZc V:  0 H:190 F:48
				848F50 28          PLP                    A:D480 X:0002 Y:0002 S:0128 D:0E68 DB:86 NvMXdizc V:  0 H:197 F:48
				848F51 6B          RTL                    A:D480 X:0002 Y:0002 S:0129 D:0E68 DB:86 nvMXdizc V:  0 H:203 F:48

			878F67 A5 0F       LDA $0F       [000E77] A:D480 X:0002 Y:0002 S:012C D:0E68 DB:86 nvMXdizc V:  0 H:214 F:48
			878F69 F0 36       BEQ $0036     [878FA1] A:D401 X:0002 Y:0002 S:012C D:0E68 DB:86 nvMXdizc V:  0 H:220 F:48
			878F6B 20 29 91    JSR $9129     [879129] A:D401 X:0002 Y:0002 S:012C D:0E68 DB:86 nvMXdizc V:  0 H:223 F:48		JSR $879129 --> If (E-BoomGrab ORA E-GrabMMX ORA StageEndAction ORA BossBeatInv) = #$00, If |X-Distance| < #$0028 Then A = E-Air AND #$04, Else A = #$00

				879129 A9 28       LDA #$28               A:D401 X:0002 Y:0002 S:012A D:0E68 DB:86 nvMXdizc V:  0 H:233 F:48
				87912B 8D 00 00    STA $0000     [860000] A:D428 X:0002 Y:0002 S:012A D:0E68 DB:86 nvMXdizc V:  0 H:236 F:48
				87912E 9C 01 00    STZ $0001     [860001] A:D428 X:0002 Y:0002 S:012A D:0E68 DB:86 nvMXdizc V:  0 H:243 F:48
				879131 A5 35       LDA $35       [000E9D] A:D428 X:0002 Y:0002 S:012A D:0E68 DB:86 nvMXdizc V:  0 H:249 F:48
				879133 05 3C       ORA $3C       [000EA4] A:D400 X:0002 Y:0002 S:012A D:0E68 DB:86 nvMXdiZc V:  0 H:256 F:48
				879135 0D 32 0C    ORA $0C32     [860C32] A:D400 X:0002 Y:0002 S:012A D:0E68 DB:86 nvMXdiZc V:  0 H:262 F:48
				879138 0D 0C 1F    ORA $1F0C     [861F0C] A:D400 X:0002 Y:0002 S:012A D:0E68 DB:86 nvMXdiZc V:  0 H:269 F:48
				87913B D0 30       BNE $0030     [87916D] A:D400 X:0002 Y:0002 S:012A D:0E68 DB:86 nvMXdiZc V:  0 H:275 F:48
				87913D C2 20       REP #$20               A:D400 X:0002 Y:0002 S:012A D:0E68 DB:86 nvMXdiZc V:  0 H:278 F:48
				87913F AD AD 0B    LDA $0BAD     [860BAD] A:D400 X:0002 Y:0002 S:012A D:0E68 DB:86 nvmXdiZc V:  0 H:283 F:48	A = |X-Distance|
				879142 38          SEC                    A:0741 X:0002 Y:0002 S:012A D:0E68 DB:86 nvmXdizc V:  0 H:291 F:48
				879143 E5 05       SBC $05       [000E6D] A:0741 X:0002 Y:0002 S:012A D:0E68 DB:86 nvmXdizC V:  0 H:294 F:48
				879145 B0 13       BCS $0013     [87915A] A:FFD6 X:0002 Y:0002 S:012A D:0E68 DB:86 NvmXdizc V:  0 H:303 F:48
				879147 49 FF FF    EOR #$FFFF             A:FFD6 X:0002 Y:0002 S:012A D:0E68 DB:86 NvmXdizc V:  0 H:306 F:48
				87914A 1A          INC                    A:0029 X:0002 Y:0002 S:012A D:0E68 DB:86 nvmXdizc V:  0 H:310 F:48
				87914B CD 00 00    CMP $0000     [860000] A:002A X:0002 Y:0002 S:012A D:0E68 DB:86 nvmXdizc V:  0 H:313 F:48
				87914E E2 20       SEP #$20               A:002A X:0002 Y:0002 S:012A D:0E68 DB:86 nvmXdizC V:  0 H:322 F:48
				879150 B0 1B       BCS $001B     [87916D] A:002A X:0002 Y:0002 S:012A D:0E68 DB:86 nvMXdizC V:  0 H:326 F:48	Branch because |X-Distance| > #$0028
				87916D A9 00       LDA #$00               A:002A X:0002 Y:0002 S:012A D:0E68 DB:86 nvMXdizC V:  0 H:330 F:48	A = #$00
				87916F 60          RTS                    A:0000 X:0002 Y:0002 S:012A D:0E68 DB:86 nvMXdiZC V:  0 H:333 F:48	Return

			878F6E F0 2D       BEQ $002D     [878F9D] A:0000 X:0002 Y:0002 S:012C D:0E68 DB:86 nvMXdiZC V:  1 H:  3 F:48		Branch because A = #$00
			878F9D A9 06       LDA #$06               A:0000 X:0002 Y:0002 S:012C D:0E68 DB:86 nvMXdiZC V:  1 H:  7 F:48
			878F9F 85 03       STA $03       [000E6B] A:0006 X:0002 Y:0002 S:012C D:0E68 DB:86 nvMXdizC V:  1 H: 10 F:48		Subaction = #$06
			878FA1 60          RTS                    A:0006 X:0002 Y:0002 S:012C D:0E68 DB:86 nvMXdizC V:  1 H: 17 F:48

		878C23 A5 37       LDA $37       [000E9F] A:0006 X:0002 Y:0002 S:012E D:0E68 DB:86 nvMXdizC V:  1 H: 27 F:48
