80D4F6 20 30 D5    JSR $D530     [80D530] A:0E01 X:0000 Y:0002 S:0133 D:0E68 DB:86 nvMXdizC V:  0 H:228 F:49

	80D530 C2 20       REP #$20               A:0E01 X:0000 Y:0002 S:0131 D:0E68 DB:86 nvMXdizC V:  0 H:238 F:49
	80D532 A5 05       LDA $05       [000E6D] A:0E01 X:0000 Y:0002 S:0131 D:0E68 DB:86 nvmXdizC V:  0 H:242 F:49
	80D534 85 22       STA $22       [000E8A] A:07A7 X:0000 Y:0002 S:0131 D:0E68 DB:86 nvmXdizC V:  0 H:251 F:49
	80D536 A5 08       LDA $08       [000E70] A:07A7 X:0000 Y:0002 S:0131 D:0E68 DB:86 nvmXdizC V:  0 H:259 F:49
	80D538 85 24       STA $24       [000E8C] A:00A8 X:0000 Y:0002 S:0131 D:0E68 DB:86 nvmXdizC V:  0 H:268 F:49
	80D53A E2 20       SEP #$20               A:00A8 X:0000 Y:0002 S:0131 D:0E68 DB:86 nvmXdizC V:  0 H:276 F:49
	80D53C A9 80       LDA #$80               A:00A8 X:0000 Y:0002 S:0131 D:0E68 DB:86 nvMXdizC V:  0 H:281 F:49
	80D53E 14 0E       TRB $0E       [000E76] A:0080 X:0000 Y:0002 S:0131 D:0E68 DB:86 NvMXdizC V:  0 H:284 F:49
	80D540 A5 0A       LDA $0A       [000E72] A:0080 X:0000 Y:0002 S:0131 D:0E68 DB:86 NvMXdizC V:  0 H:294 F:49
	80D542 0A          ASL A                  A:0005 X:0000 Y:0002 S:0131 D:0E68 DB:86 nvMXdizC V:  0 H:300 F:49
	80D543 AA          TAX                    A:000A X:0000 Y:0002 S:0131 D:0E68 DB:86 nvMXdizc V:  0 H:303 F:49
	80D544 7C DD F8    JMP ($F8DD,X) [80F8E7] A:000A X:000A Y:0002 S:0131 D:0E68 DB:86 nvMXdizc V:  0 H:306 F:49

	80F9CA 22 7E 8A 87 JSL $878A7E   [878A7E] A:000A X:000A Y:0002 S:0131 D:0E68 DB:86 nvMXdizc V:  0 H:315 F:49

		878A7E A6 01       LDX $01       [000E69] A:000A X:000A Y:0002 S:012E D:0E68 DB:86 nvMXdizc V:  0 H:328 F:49
		878A80 7C 83 8A    JMP ($8A83,X) [878A87] A:000A X:0004 Y:0002 S:012E D:0E68 DB:86 nvMXdizc V:  0 H:334 F:49

		878C1A A5 33       LDA $33       [000E9B] A:000A X:0004 Y:0002 S:012E D:0E68 DB:86 nvMXdizc V:  1 H:  3 F:49
		878C1C 04 11       TSB $11       [000E79] A:0008 X:0004 Y:0002 S:012E D:0E68 DB:86 nvMXdizc V:  1 H: 10 F:49
		878C1E A6 02       LDX $02       [000E6A] A:0008 X:0004 Y:0002 S:012E D:0E68 DB:86 nvMXdizc V:  1 H: 20 F:49
		878C20 FC F2 8C    JSR ($8CF2,X) [878CF8] A:0008 X:0006 Y:0002 S:012E D:0E68 DB:86 nvMXdizc V:  1 H: 26 F:49

			878F46 A6 03       LDX $03       [000E6B] A:0008 X:0006 Y:0002 S:012C D:0E68 DB:86 nvMXdizc V:  1 H: 39 F:49
			878F48 7C 4B 8F    JMP ($8F4B,X) [878F53] A:0008 X:0008 Y:0002 S:012C D:0E68 DB:86 nvMXdizc V:  1 H: 46 F:49

			878FE7 22 EA 8E 84 JSL $848EEA   [848EEA] A:0008 X:0008 Y:0002 S:012C D:0E68 DB:86 nvMXdizc V:  1 H: 55 F:49	JSL $848EEA --> Decrease CDSkel, Continue Skeleton

				848EEA 08          PHP                    A:0008 X:0008 Y:0002 S:0129 D:0E68 DB:86 nvMXdizc V:  1 H: 68 F:49
				848EEB 8B          PHB                    A:0008 X:0008 Y:0002 S:0128 D:0E68 DB:86 nvMXdizc V:  1 H: 73 F:49
				848EEC E2 30       SEP #$30               A:0008 X:0008 Y:0002 S:0127 D:0E68 DB:86 nvMXdizc V:  1 H: 78 F:49
				848EEE C6 13       DEC $13       [000E7B] A:0008 X:0008 Y:0002 S:0127 D:0E68 DB:86 nvMXdizc V:  1 H: 83 F:49
				848EF0 D0 5D       BNE $005D     [848F4F] A:0008 X:0008 Y:0002 S:0127 D:0E68 DB:86 nvMXdizc V:  1 H: 93 F:49
				848F4F AB          PLB                    A:0008 X:0008 Y:0002 S:0127 D:0E68 DB:86 nvMXdizc V:  1 H: 97 F:49
				848F50 28          PLP                    A:0008 X:0008 Y:0002 S:0128 D:0E68 DB:86 NvMXdizc V:  1 H:104 F:49
				848F51 6B          RTL                    A:0008 X:0008 Y:0002 S:0129 D:0E68 DB:86 nvMXdizc V:  1 H:110 F:49

			878FEB C6 34       DEC $34       [000E9C] A:0008 X:0008 Y:0002 S:012C D:0E68 DB:86 nvMXdizc V:  1 H:121 F:49	Decrease CD2
			878FED D0 04       BNE $0004     [878FF3] A:0008 X:0008 Y:0002 S:012C D:0E68 DB:86 nvMXdizc V:  1 H:131 F:49	Branch because CD2 <> #$00
			878FF3 60          RTS                    A:0008 X:0008 Y:0002 S:012C D:0E68 DB:86 nvMXdizc V:  1 H:145 F:49

		878C23 A5 37       LDA $37       [000E9F] A:0008 X:0008 Y:0002 S:012E D:0E68 DB:86 nvMXdizc V:  1 H:155 F:49
