80D4F6 20 30 D5    JSR $D530     [80D530] A:0E01 X:0000 Y:0046 S:0133 D:0E68 DB:86 nvMXdizC V:246 H:292 F: 4

	80D530 C2 20       REP #$20               A:0E01 X:0000 Y:0046 S:0131 D:0E68 DB:86 nvMXdizC V:246 H:302 F: 4
	80D532 A5 05       LDA $05       [000E6D] A:0E01 X:0000 Y:0046 S:0131 D:0E68 DB:86 nvmXdizC V:246 H:306 F: 4
	80D534 85 22       STA $22       [000E8A] A:14D0 X:0000 Y:0046 S:0131 D:0E68 DB:86 nvmXdizC V:246 H:315 F: 4
	80D536 A5 08       LDA $08       [000E70] A:14D0 X:0000 Y:0046 S:0131 D:0E68 DB:86 nvmXdizC V:246 H:323 F: 4
	80D538 85 24       STA $24       [000E8C] A:0A9D X:0000 Y:0046 S:0131 D:0E68 DB:86 nvmXdizC V:246 H:331 F: 4
	80D53A E2 20       SEP #$20               A:0A9D X:0000 Y:0046 S:0131 D:0E68 DB:86 nvmXdizC V:246 H:339 F: 4
	80D53C A9 80       LDA #$80               A:0A9D X:0000 Y:0046 S:0131 D:0E68 DB:86 nvMXdizC V:247 H:  4 F: 4
	80D53E 14 0E       TRB $0E       [000E76] A:0A80 X:0000 Y:0046 S:0131 D:0E68 DB:86 NvMXdizC V:247 H:  7 F: 4
	80D540 A5 0A       LDA $0A       [000E72] A:0A80 X:0000 Y:0046 S:0131 D:0E68 DB:86 NvMXdizC V:247 H: 17 F: 4					X = E-ID*2
	80D542 0A          ASL A                  A:0A14 X:0000 Y:0046 S:0131 D:0E68 DB:86 nvMXdizC V:247 H: 23 F: 4
	80D543 AA          TAX                    A:0A28 X:0000 Y:0046 S:0131 D:0E68 DB:86 nvMXdizc V:247 H: 26 F: 4
	80D544 7C DD F8    JMP ($F8DD,X) [80F905] A:0A28 X:0028 Y:0046 S:0131 D:0E68 DB:86 nvMXdizc V:247 H: 29 F: 4

	80FA15 22 44 B1 83 JSL $83B144   [83B144] A:0A28 X:0028 Y:0046 S:0131 D:0E68 DB:86 nvMXdizc V:247 H: 38 F: 4

		83B144 A6 01       LDX $01       [000E69] A:0A28 X:0028 Y:0046 S:012E D:0E68 DB:86 nvMXdizc V:247 H: 52 F: 4
		83B146 7C 49 B1    JMP ($B149,X) [83B14B] A:0A28 X:0002 Y:0046 S:012E D:0E68 DB:86 nvMXdizc V:247 H: 58 F: 4

		83B1FC A6 02       LDX $02       [000E6A] A:0A28 X:0002 Y:0046 S:012E D:0E68 DB:86 nvMXdizc V:247 H: 67 F: 4
		83B1FE FC 05 B2    JSR ($B205,X) [83B20D] A:0A28 X:0008 Y:0046 S:012E D:0E68 DB:86 nvMXdizc V:247 H: 74 F: 4

			83B2C6 C6 34       DEC $34       [000E9C] A:0A28 X:0008 Y:0046 S:012C D:0E68 DB:86 nvMXdizc V:247 H: 87 F: 4
			83B2C8 D0 1D       BNE $001D     [83B2E7] A:0A28 X:0008 Y:0046 S:012C D:0E68 DB:86 nvMXdiZc V:247 H: 97 F: 4			Branch if Countdown2 <> #$00
			83B2CA A9 04       LDA #$04               A:0A28 X:0008 Y:0046 S:012C D:0E68 DB:86 nvMXdiZc V:247 H:100 F: 4			State = #$04
			83B2CC 85 01       STA $01       [000E69] A:0A04 X:0008 Y:0046 S:012C D:0E68 DB:86 nvMXdizc V:247 H:103 F: 4
			83B2CE 64 02       STZ $02       [000E6A] A:0A04 X:0008 Y:0046 S:012C D:0E68 DB:86 nvMXdizc V:247 H:109 F: 4			Action = #$00
			83B2D0 64 03       STZ $03       [000E6B] A:0A04 X:0008 Y:0046 S:012C D:0E68 DB:86 nvMXdizc V:247 H:116 F: 4			Subaction = #$00
			83B2D2 64 31       STZ $31       [000E99] A:0A04 X:0008 Y:0046 S:012C D:0E68 DB:86 nvMXdizc V:247 H:122 F: 4			E-$31 = #$00
			83B2D4 A9 01       LDA #$01               A:0A04 X:0008 Y:0046 S:012C D:0E68 DB:86 nvMXdizc V:247 H:129 F: 4			E-$32 = #$01
			83B2D6 85 32       STA $32       [000E9A] A:0A01 X:0008 Y:0046 S:012C D:0E68 DB:86 nvMXdizc V:247 H:132 F: 4
			83B2D8 22 03 A0 84 JSL $84A003   [84A003] A:0A01 X:0008 Y:0046 S:012C D:0E68 DB:86 nvMXdizc V:247 H:148 F: 4			SL $84A003 --> MMX-State, MMX Substate, TakingItem = #$00

				84A003 9C AA 0B    STZ $0BAA     [860BAA] A:0A01 X:0008 Y:0046 S:0129 D:0E68 DB:86 nvMXdizc V:247 H:162 F: 4
				84A006 9C AB 0B    STZ $0BAB     [860BAB] A:0A01 X:0008 Y:0046 S:0129 D:0E68 DB:86 nvMXdizc V:247 H:168 F: 4
				84A009 9C 16 0C    STZ $0C16     [860C16] A:0A01 X:0008 Y:0046 S:0129 D:0E68 DB:86 nvMXdizc V:247 H:175 F: 4
				84A00C 6B          RTL                    A:0A01 X:0008 Y:0046 S:0129 D:0E68 DB:86 nvMXdizc V:247 H:181 F: 4

			83B2DC AD 26 1F    LDA $1F26     [861F26] A:0A01 X:0008 Y:0046 S:012C D:0E68 DB:86 nvMXdizc V:247 H:192 F: 4
			83B2DF F0 06       BEQ $0006     [83B2E7] A:0A01 X:0008 Y:0046 S:012C D:0E68 DB:86 nvMXdizc V:247 H:198 F: 4
			83B2E1 A9 1E       LDA #$1E               A:0A01 X:0008 Y:0046 S:012C D:0E68 DB:86 nvMXdizc V:247 H:201 F: 4
			83B2E3 22 A2 87 80 JSL $8087A2   [8087A2] A:0A1E X:0008 Y:0046 S:012C D:0E68 DB:86 nvMXdizc V:247 H:204 F: 4

				8087A2 08          PHP                    A:0A1E X:0008 Y:0046 S:0129 D:0E68 DB:86 nvMXdizc V:247 H:218 F: 4
				8087A3 C2 20       REP #$20               A:0A1E X:0008 Y:0046 S:0128 D:0E68 DB:86 nvMXdizc V:247 H:223 F: 4
				8087A5 0B          PHD                    A:0A1E X:0008 Y:0046 S:0128 D:0E68 DB:86 nvmXdizc V:247 H:227 F: 4
				8087A6 F4 00 00    PEA $0000              A:0A1E X:0008 Y:0046 S:0126 D:0E68 DB:86 nvmXdizc V:247 H:234 F: 4
				8087A9 2B          PLD                    A:0A1E X:0008 Y:0046 S:0124 D:0E68 DB:86 nvmXdizc V:247 H:243 F: 4
				8087AA 20 B0 87    JSR $87B0     [8087B0] A:0A1E X:0008 Y:0046 S:0126 D:0000 DB:86 nvmXdiZc V:247 H:251 F: 4		JSR $8087B0 --> 100K long routine

					[...]
					808792 CD 40 21    CMP $2140     [862140] A:001D X:0000 Y:13DD S:0124 D:0000 DB:86 nvMxdizC V: 57 H:205 F:11
					808795 D0 FB       BNE $00FB     [808792] A:001D X:0000 Y:13DD S:0124 D:0000 DB:86 nvMxdiZC V: 57 H:211 F:11
					808797 70 82       BVS $0082     [80871B] A:001D X:0000 Y:13DD S:0124 D:0000 DB:86 nvMxdiZC V: 57 H:214 F:11
					808799 E2 30       SEP #$30               A:001D X:0000 Y:13DD S:0124 D:0000 DB:86 nvMxdiZC V: 57 H:217 F:11
					80879B A9 01       LDA #$01               A:001D X:0000 Y:00DD S:0124 D:0000 DB:86 nvMXdiZC V: 57 H:222 F:11
					80879D 8F FE FF 7E STA $7EFFFE   [7EFFFE] A:0001 X:0000 Y:00DD S:0124 D:0000 DB:86 nvMXdizC V: 57 H:225 F:11
					8087A1 60          RTS                    A:0001 X:0000 Y:00DD S:0124 D:0000 DB:86 nvMXdizC V: 57 H:233 F:11

				8087AD 2B          PLD                    A:0001 X:0000 Y:00DD S:0126 D:0000 DB:86 nvMXdizC V: 57 H:243 F:11
				8087AE 28          PLP                    A:0001 X:0000 Y:00DD S:0128 D:0E68 DB:86 nvMXdizC V: 57 H:251 F:11
				8087AF 6B          RTL                    A:0001 X:0000 Y:00DD S:0129 D:0E68 DB:86 nvMXdizc V: 57 H:258 F:11

			83B2E7 60          RTS                    A:0001 X:0000 Y:00DD S:012C D:0E68 DB:86 nvMXdizc V: 57 H:268 F:11

		83B201 5C B4 80 82 JML $8280B4   [8280B4] A:0001 X:0000 Y:00DD S:012E D:0E68 DB:86 nvMXdizc V: 57 H:278 F:11

		8280B4 C2 20       REP #$20               A:0001 X:0000 Y:00DD S:012E D:0E68 DB:86 nvMXdizc V: 57 H:284 F:11
		8280B6 38          SEC                    A:0001 X:0000 Y:00DD S:012E D:0E68 DB:86 nvmXdizc V: 57 H:289 F:11
		8280B7 A5 05       LDA $05       [000E6D] A:0001 X:0000 Y:00DD S:012E D:0E68 DB:86 nvmXdizC V: 57 H:292 F:11
		8280B9 ED 4D 1E    SBC $1E4D     [861E4D] A:14D0 X:0000 Y:00DD S:012E D:0E68 DB:86 nvmXdizC V: 57 H:300 F:11
		8280BC 18          CLC                    A:00D0 X:0000 Y:00DD S:012E D:0E68 DB:86 nvmXdizC V: 57 H:309 F:11
		8280BD 69 20 00    ADC #$0020             A:00D0 X:0000 Y:00DD S:012E D:0E68 DB:86 nvmXdizc V: 57 H:312 F:11
		8280C0 C9 40 01    CMP #$0140             A:00F0 X:0000 Y:00DD S:012E D:0E68 DB:86 nvmXdizc V: 57 H:316 F:11
		8280C3 B0 0F       BCS $000F     [8280D4] A:00F0 X:0000 Y:00DD S:012E D:0E68 DB:86 NvmXdizc V: 57 H:321 F:11
		8280C5 38          SEC                    A:00F0 X:0000 Y:00DD S:012E D:0E68 DB:86 NvmXdizc V: 57 H:323 F:11
		8280C6 A5 08       LDA $08       [000E70] A:00F0 X:0000 Y:00DD S:012E D:0E68 DB:86 NvmXdizC V: 57 H:326 F:11
		8280C8 ED 50 1E    SBC $1E50     [861E50] A:0A9D X:0000 Y:00DD S:012E D:0E68 DB:86 nvmXdizC V: 57 H:334 F:11
		8280CB 18          CLC                    A:009D X:0000 Y:00DD S:012E D:0E68 DB:86 nvmXdizC V: 58 H:  3 F:11
		8280CC 69 10 00    ADC #$0010             A:009D X:0000 Y:00DD S:012E D:0E68 DB:86 nvmXdizc V: 58 H:  6 F:11
		8280CF C9 00 01    CMP #$0100             A:00AD X:0000 Y:00DD S:012E D:0E68 DB:86 nvmXdizc V: 58 H: 10 F:11
		8280D2 90 05       BCC $0005     [8280D9] A:00AD X:0000 Y:00DD S:012E D:0E68 DB:86 NvmXdizc V: 58 H: 15 F:11
		8280D9 E2 20       SEP #$20               A:00AD X:0000 Y:00DD S:012E D:0E68 DB:86 NvmXdizc V: 58 H: 19 F:11
		8280DB A9 81       LDA #$81               A:00AD X:0000 Y:00DD S:012E D:0E68 DB:86 NvMXdizc V: 58 H: 24 F:11
		8280DD 85 0E       STA $0E       [000E76] A:0081 X:0000 Y:00DD S:012E D:0E68 DB:86 NvMXdizc V: 58 H: 27 F:11
		8280DF E2 30       SEP #$30               A:0081 X:0000 Y:00DD S:012E D:0E68 DB:86 NvMXdizc V: 58 H: 33 F:11
		8280E1 A6 12       LDX $12       [000E7A] A:0081 X:0000 Y:00DD S:012E D:0E68 DB:86 NvMXdizc V: 58 H: 38 F:11
		8280E3 10 02       BPL $0002     [8280E7] A:0081 X:0004 Y:00DD S:012E D:0E68 DB:86 nvMXdizc V: 58 H: 44 F:11
		8280E7 7C EA 80    JMP ($80EA,X) [8280EE] A:0081 X:0004 Y:00DD S:012E D:0E68 DB:86 nvMXdizc V: 58 H: 49 F:11

		828135 AD EA 00    LDA $00EA     [8600EA] A:0081 X:0004 Y:00DD S:012E D:0E68 DB:86 nvMXdizc V: 58 H: 58 F:11
		828138 C9 20       CMP #$20               A:0000 X:0004 Y:00DD S:012E D:0E68 DB:86 nvMXdiZc V: 58 H: 64 F:11
		82813A B0 0D       BCS $000D     [828149] A:0000 X:0004 Y:00DD S:012E D:0E68 DB:86 NvMXdizc V: 58 H: 67 F:11
		82813C 0A          ASL A                  A:0000 X:0004 Y:00DD S:012E D:0E68 DB:86 NvMXdizc V: 58 H: 70 F:11
		82813D AA          TAX                    A:0000 X:0004 Y:00DD S:012E D:0E68 DB:86 nvMXdiZc V: 58 H: 73 F:11
		82813E C2 20       REP #$20               A:0000 X:0000 Y:00DD S:012E D:0E68 DB:86 nvMXdiZc V: 58 H: 76 F:11
		828140 7B          TDC                    A:0000 X:0000 Y:00DD S:012E D:0E68 DB:86 nvmXdiZc V: 58 H: 81 F:11
		828141 9D E0 09    STA $09E0,X   [8609E0] A:0E68 X:0000 Y:00DD S:012E D:0E68 DB:86 nvmXdizc V: 58 H: 84 F:11
		828144 E2 20       SEP #$20               A:0E68 X:0000 Y:00DD S:012E D:0E68 DB:86 nvmXdizc V: 58 H: 94 F:11
		828146 EE EA 00    INC $00EA     [8600EA] A:0E68 X:0000 Y:00DD S:012E D:0E68 DB:86 nvMXdizc V: 58 H: 98 F:11
		828149 6B          RTL                    A:0E68 X:0000 Y:00DD S:012E D:0E68 DB:86 nvMXdizc V: 58 H:108 F:11

	80FA19 60          RTS                    A:0E68 X:0000 Y:00DD S:0131 D:0E68 DB:86 nvMXdizc V: 58 H:119 F:11
