80D4F6 20 30 D5    JSR $D530     [80D530] A:0E01 X:0000 Y:0027 S:0133 D:0E68 DB:86 nvMXdizC V:250 H:256 F:54

	80D530 C2 20       REP #$20               A:0E01 X:0000 Y:0027 S:0131 D:0E68 DB:86 nvMXdizC V:250 H:266 F:54
	80D532 A5 05       LDA $05       [000E6D] A:0E01 X:0000 Y:0027 S:0131 D:0E68 DB:86 nvmXdizC V:250 H:270 F:54
	80D534 85 22       STA $22       [000E8A] A:1E8A X:0000 Y:0027 S:0131 D:0E68 DB:86 nvmXdizC V:250 H:279 F:54
	80D536 A5 08       LDA $08       [000E70] A:1E8A X:0000 Y:0027 S:0131 D:0E68 DB:86 nvmXdizC V:250 H:287 F:54
	80D538 85 24       STA $24       [000E8C] A:01AC X:0000 Y:0027 S:0131 D:0E68 DB:86 nvmXdizC V:250 H:296 F:54
	80D53A E2 20       SEP #$20               A:01AC X:0000 Y:0027 S:0131 D:0E68 DB:86 nvmXdizC V:250 H:304 F:54
	80D53C A9 80       LDA #$80               A:01AC X:0000 Y:0027 S:0131 D:0E68 DB:86 nvMXdizC V:250 H:309 F:54
	80D53E 14 0E       TRB $0E       [000E76] A:0180 X:0000 Y:0027 S:0131 D:0E68 DB:86 NvMXdizC V:250 H:312 F:54
	80D540 A5 0A       LDA $0A       [000E72] A:0180 X:0000 Y:0027 S:0131 D:0E68 DB:86 NvMXdizC V:250 H:322 F:54
	80D542 0A          ASL A                  A:0102 X:0000 Y:0027 S:0131 D:0E68 DB:86 nvMXdizC V:250 H:327 F:54
	80D543 AA          TAX                    A:0104 X:0000 Y:0027 S:0131 D:0E68 DB:86 nvMXdizc V:250 H:330 F:54
	80D544 7C DD F8    JMP ($F8DD,X) [80F8E1] A:0104 X:0004 Y:0027 S:0131 D:0E68 DB:86 nvMXdizc V:250 H:333 F:54

	80F9BB 22 16 B5 81 JSL $81B516   [81B516] A:0104 X:0004 Y:0027 S:0131 D:0E68 DB:86 nvMXdizc V:251 H:  2 F:54

		81B516 A6 01       LDX $01       [000E69] A:0104 X:0004 Y:0027 S:012E D:0E68 DB:86 nvMXdizc V:251 H: 16 F:54
		81B518 7C 1B B5    JMP ($B51B,X) [81B51F] A:0104 X:0004 Y:0027 S:012E D:0E68 DB:86 nvMXdizc V:251 H: 22 F:54

		81B629 A5 33       LDA $33       [000E9B] A:0104 X:0004 Y:0027 S:012E D:0E68 DB:86 nvMXdizc V:251 H: 31 F:54
		81B62B 04 11       TSB $11       [000E79] A:0108 X:0004 Y:0027 S:012E D:0E68 DB:86 nvMXdizc V:251 H: 38 F:54
		81B62D C2 20       REP #$20               A:0108 X:0004 Y:0027 S:012E D:0E68 DB:86 nvMXdizc V:251 H: 48 F:54
		81B62F A9 2D C4    LDA #$C42D             A:0108 X:0004 Y:0027 S:012E D:0E68 DB:86 nvmXdizc V:251 H: 52 F:54
		81B632 85 20       STA $20       [000E88] A:C42D X:0004 Y:0027 S:012E D:0E68 DB:86 NvmXdizc V:251 H: 57 F:54
		81B634 E2 20       SEP #$20               A:C42D X:0004 Y:0027 S:012E D:0E68 DB:86 NvmXdizc V:251 H: 65 F:54
		81B636 A6 02       LDX $02       [000E6A] A:C42D X:0004 Y:0027 S:012E D:0E68 DB:86 NvMXdizc V:251 H: 70 F:54
		81B638 FC F3 B6    JSR ($B6F3,X) [81B6F5] A:C42D X:0002 Y:0027 S:012E D:0E68 DB:86 nvMXdizc V:251 H: 76 F:54

			81B796 A6 03       LDX $03       [000E6B] A:C42D X:0002 Y:0027 S:012C D:0E68 DB:86 nvMXdizc V:251 H: 89 F:54
			81B798 7C 9B B7    JMP ($B79B,X) [81B7A3] A:C42D X:0008 Y:0027 S:012C D:0E68 DB:86 nvMXdizc V:251 H: 96 F:54						JMP ($B79B,Subaction) = ($81B7A3) = $81B86B

			81B86B 22 EA 8E 84 JSL $848EEA   [848EEA] A:C42D X:0008 Y:0027 S:012C D:0E68 DB:86 nvMXdizc V:251 H:105 F:54						JSL $848EEA --> Decrease CDSkel, Continue Skeleton

				848EEA 08          PHP                    A:C42D X:0008 Y:0027 S:0129 D:0E68 DB:86 nvMXdizc V:251 H:118 F:54
				848EEB 8B          PHB                    A:C42D X:0008 Y:0027 S:0128 D:0E68 DB:86 nvMXdizc V:251 H:123 F:54
				848EEC E2 30       SEP #$30               A:C42D X:0008 Y:0027 S:0127 D:0E68 DB:86 nvMXdizc V:251 H:128 F:54
				848EEE C6 13       DEC $13       [000E7B] A:C42D X:0008 Y:0027 S:0127 D:0E68 DB:86 nvMXdizc V:251 H:133 F:54
				848EF0 D0 5D       BNE $005D     [848F4F] A:C42D X:0008 Y:0027 S:0127 D:0E68 DB:86 nvMXdiZc V:251 H:153 F:54
				848EF2 A9 AF       LDA #$AF               A:C42D X:0008 Y:0027 S:0127 D:0E68 DB:86 nvMXdiZc V:251 H:156 F:54
				848EF4 48          PHA                    A:C4AF X:0008 Y:0027 S:0127 D:0E68 DB:86 NvMXdizc V:251 H:159 F:54
				848EF5 AB          PLB                    A:C4AF X:0008 Y:0027 S:0126 D:0E68 DB:86 NvMXdizc V:251 H:164 F:54
				848EF6 C2 21       REP #$21               A:C4AF X:0008 Y:0027 S:0127 D:0E68 DB:AF NvMXdizc V:251 H:170 F:54
				848EF8 A5 14       LDA $14       [000E7C] A:C4AF X:0008 Y:0027 S:0127 D:0E68 DB:AF NvmXdizc V:251 H:175 F:54
				848EFA 69 03 00    ADC #$0003             A:D081 X:0008 Y:0027 S:0127 D:0E68 DB:AF NvmXdizc V:251 H:183 F:54
				848EFD A4 0F       LDY $0F       [000E77] A:D084 X:0008 Y:0027 S:0127 D:0E68 DB:AF NvmXdizc V:251 H:188 F:54
				848EFF 10 37       BPL $0037     [848F38] A:D084 X:0008 Y:0000 S:0127 D:0E68 DB:AF nvmXdiZc V:251 H:194 F:54
				848F38 85 14       STA $14       [000E7C] A:D084 X:0008 Y:0000 S:0127 D:0E68 DB:AF nvmXdiZc V:251 H:199 F:54
				848F3A E2 30       SEP #$30               A:D084 X:0008 Y:0000 S:0127 D:0E68 DB:AF nvmXdiZc V:251 H:207 F:54
				848F3C B2 14       LDA ($14)     [AFD084] A:D084 X:0008 Y:0000 S:0127 D:0E68 DB:AF nvMXdiZc V:251 H:212 F:54
				848F3E 85 13       STA $13       [000E7B] A:D010 X:0008 Y:0000 S:0127 D:0E68 DB:AF nvMXdizc V:251 H:222 F:54
				848F40 A0 01       LDY #$01               A:D010 X:0008 Y:0000 S:0127 D:0E68 DB:AF nvMXdizc V:251 H:228 F:54
				848F42 B1 14       LDA ($14),Y   [AFD085] A:D010 X:0008 Y:0001 S:0127 D:0E68 DB:AF nvMXdizc V:251 H:231 F:54
				848F44 85 0F       STA $0F       [000E77] A:D080 X:0008 Y:0001 S:0127 D:0E68 DB:AF NvMXdizc V:251 H:241 F:54					SkelAction = #$80
				848F46 C8          INY                    A:D080 X:0008 Y:0001 S:0127 D:0E68 DB:AF NvMXdizc V:251 H:248 F:54
				848F47 B1 14       LDA ($14),Y   [AFD086] A:D080 X:0008 Y:0002 S:0127 D:0E68 DB:AF nvMXdizc V:251 H:251 F:54
				848F49 85 17       STA $17       [000E7F] A:D000 X:0008 Y:0002 S:0127 D:0E68 DB:AF nvMXdiZc V:251 H:261 F:54
				848F4B A9 80       LDA #$80               A:D000 X:0008 Y:0002 S:0127 D:0E68 DB:AF nvMXdiZc V:251 H:267 F:54
				848F4D 04 17       TSB $17       [000E7F] A:D080 X:0008 Y:0002 S:0127 D:0E68 DB:AF NvMXdizc V:251 H:270 F:54
				848F4F AB          PLB                    A:D080 X:0008 Y:0002 S:0127 D:0E68 DB:AF NvMXdiZc V:251 H:280 F:54
				848F50 28          PLP                    A:D080 X:0008 Y:0002 S:0128 D:0E68 DB:86 NvMXdizc V:251 H:287 F:54
				848F51 6B          RTL                    A:D080 X:0008 Y:0002 S:0129 D:0E68 DB:86 nvMXdizc V:251 H:293 F:54

			81B86F A5 0F       LDA $0F       [000E77] A:D080 X:0008 Y:0002 S:012C D:0E68 DB:86 nvMXdizc V:251 H:304 F:54						|Branch if SkelAction is positive
			81B871 10 0E       BPL $000E     [81B881] A:D080 X:0008 Y:0002 S:012C D:0E68 DB:86 NvMXdizc V:251 H:310 F:54						|
			81B873 A9 0A       LDA #$0A               A:D080 X:0008 Y:0002 S:012C D:0E68 DB:86 NvMXdizc V:251 H:313 F:54						Subaction = #$0A
			81B875 85 03       STA $03       [000E6B] A:D00A X:0008 Y:0002 S:012C D:0E68 DB:86 nvMXdizc V:251 H:316 F:54
			81B877 A9 00       LDA #$00               A:D00A X:0008 Y:0002 S:012C D:0E68 DB:86 nvMXdizc V:251 H:323 F:54						
			81B879 22 07 8F 84 JSL $848F07   [848F07] A:D000 X:0008 Y:0002 S:012C D:0E68 DB:86 nvMXdiZc V:251 H:325 F:54						JSL $848F07 --> Skeleton Load (SkelPoint = #$67, b = A = #$00)

				848F07 08          PHP                    A:D000 X:0008 Y:0002 S:0129 D:0E68 DB:86 nvMXdiZc V:251 H:338 F:54
				848F08 8B          PHB                    A:D000 X:0008 Y:0002 S:0128 D:0E68 DB:86 nvMXdiZc V:252 H:  3 F:54
				848F09 C2 30       REP #$30               A:D000 X:0008 Y:0002 S:0127 D:0E68 DB:86 nvMXdiZc V:252 H:  8 F:54
				848F0B 8D 0E 00    STA $000E     [86000E] A:D000 X:0008 Y:0002 S:0127 D:0E68 DB:86 nvmxdiZc V:252 H: 13 F:54
				848F0E A5 16       LDA $16       [000E7E] A:D000 X:0008 Y:0002 S:0127 D:0E68 DB:86 nvmxdiZc V:252 H: 21 F:54
				848F10 29 FF 00    AND #$00FF             A:8067 X:0008 Y:0002 S:0127 D:0E68 DB:86 Nvmxdizc V:252 H: 30 F:54
				848F13 8D 0C 00    STA $000C     [86000C] A:0067 X:0008 Y:0002 S:0127 D:0E68 DB:86 nvmxdizc V:252 H: 34 F:54
				848F16 0A          ASL A                  A:0067 X:0008 Y:0002 S:0127 D:0E68 DB:86 nvmxdizc V:252 H: 43 F:54
				848F17 18          CLC                    A:00CE X:0008 Y:0002 S:0127 D:0E68 DB:86 nvmxdizc V:252 H: 46 F:54
				848F18 6D 0C 00    ADC $000C     [86000C] A:00CE X:0008 Y:0002 S:0127 D:0E68 DB:86 nvmxdizc V:252 H: 49 F:54
				848F1B AA          TAX                    A:0135 X:0008 Y:0002 S:0127 D:0E68 DB:86 nvmxdizc V:252 H: 57 F:54
				848F1C BF 00 A0 AF LDA $AFA000,X [AFA135] A:0135 X:0135 Y:0002 S:0127 D:0E68 DB:86 nvmxdizc V:252 H: 60 F:54
				848F20 85 14       STA $14       [000E7C] A:CFE0 X:0135 Y:0002 S:0127 D:0E68 DB:86 Nvmxdizc V:252 H: 69 F:54
				848F22 E2 20       SEP #$20               A:CFE0 X:0135 Y:0002 S:0127 D:0E68 DB:86 Nvmxdizc V:252 H: 78 F:54
				848F24 BF 02 A0 AF LDA $AFA002,X [AFA137] A:CFE0 X:0135 Y:0002 S:0127 D:0E68 DB:86 NvMxdizc V:252 H: 82 F:54
				848F28 48          PHA                    A:CFAF X:0135 Y:0002 S:0127 D:0E68 DB:86 NvMxdizc V:252 H: 90 F:54
				848F29 AB          PLB                    A:CFAF X:0135 Y:0002 S:0126 D:0E68 DB:86 NvMxdizc V:252 H: 95 F:54
				848F2A C2 20       REP #$20               A:CFAF X:0135 Y:0002 S:0127 D:0E68 DB:AF NvMxdizc V:252 H:101 F:54
				848F2C AD 0E 00    LDA $000E     [AF000E] A:CFAF X:0135 Y:0002 S:0127 D:0E68 DB:AF Nvmxdizc V:252 H:106 F:54
				848F2F 29 FF 00    AND #$00FF             A:D000 X:0135 Y:0002 S:0127 D:0E68 DB:AF Nvmxdizc V:252 H:114 F:54
				848F32 0A          ASL A                  A:0000 X:0135 Y:0002 S:0127 D:0E68 DB:AF nvmxdiZc V:252 H:119 F:54
				848F33 A8          TAY                    A:0000 X:0135 Y:0002 S:0127 D:0E68 DB:AF nvmxdiZc V:252 H:122 F:54
				848F34 B1 14       LDA ($14),Y   [AFCFE0] A:0000 X:0135 Y:0000 S:0127 D:0E68 DB:AF nvmxdiZc V:252 H:125 F:54
				848F36 65 14       ADC $14       [000E7C] A:0022 X:0135 Y:0000 S:0127 D:0E68 DB:AF nvmxdizc V:252 H:148 F:54
				848F38 85 14       STA $14       [000E7C] A:D002 X:0135 Y:0000 S:0127 D:0E68 DB:AF Nvmxdizc V:252 H:156 F:54
				848F3A E2 30       SEP #$30               A:D002 X:0135 Y:0000 S:0127 D:0E68 DB:AF Nvmxdizc V:252 H:165 F:54
				848F3C B2 14       LDA ($14)     [AFD002] A:D002 X:0035 Y:0000 S:0127 D:0E68 DB:AF NvMXdizc V:252 H:169 F:54					Skeleton start: [AFD002]
				848F3E 85 13       STA $13       [000E7B] A:D00F X:0035 Y:0000 S:0127 D:0E68 DB:AF nvMXdizc V:252 H:179 F:54
				848F40 A0 01       LDY #$01               A:D00F X:0035 Y:0000 S:0127 D:0E68 DB:AF nvMXdizc V:252 H:186 F:54
				848F42 B1 14       LDA ($14),Y   [AFD003] A:D00F X:0035 Y:0001 S:0127 D:0E68 DB:AF nvMXdizc V:252 H:189 F:54
				848F44 85 0F       STA $0F       [000E77] A:D000 X:0035 Y:0001 S:0127 D:0E68 DB:AF nvMXdiZc V:252 H:199 F:54
				848F46 C8          INY                    A:D000 X:0035 Y:0001 S:0127 D:0E68 DB:AF nvMXdiZc V:252 H:205 F:54
				848F47 B1 14       LDA ($14),Y   [AFD004] A:D000 X:0035 Y:0002 S:0127 D:0E68 DB:AF nvMXdizc V:252 H:208 F:54
				848F49 85 17       STA $17       [000E7F] A:D000 X:0035 Y:0002 S:0127 D:0E68 DB:AF nvMXdiZc V:252 H:218 F:54
				848F4B A9 80       LDA #$80               A:D000 X:0035 Y:0002 S:0127 D:0E68 DB:AF nvMXdiZc V:252 H:225 F:54
				848F4D 04 17       TSB $17       [000E7F] A:D080 X:0035 Y:0002 S:0127 D:0E68 DB:AF NvMXdizc V:252 H:228 F:54
				848F4F AB          PLB                    A:D080 X:0035 Y:0002 S:0127 D:0E68 DB:AF NvMXdiZc V:252 H:238 F:54
				848F50 28          PLP                    A:D080 X:0035 Y:0002 S:0128 D:0E68 DB:86 NvMXdizc V:252 H:244 F:54
				848F51 6B          RTL                    A:D080 X:0035 Y:0002 S:0129 D:0E68 DB:86 nvMXdiZc V:252 H:251 F:54

			81B87D A9 1E       LDA #$1E               A:D080 X:0035 Y:0002 S:012C D:0E68 DB:86 nvMXdiZc V:252 H:261 F:54						|CD2 = #$1E
			81B87F 85 34       STA $34       [000E9C] A:D01E X:0035 Y:0002 S:012C D:0E68 DB:86 nvMXdizc V:252 H:264 F:54						|
			81B881 60          RTS                    A:D01E X:0035 Y:0002 S:012C D:0E68 DB:86 nvMXdizc V:252 H:271 F:54						Return

		81B63B A9 09       LDA #$09               A:D01E X:0035 Y:0002 S:012E D:0E68 DB:86 nvMXdizc V:252 H:281 F:54							Normal routine after Subaction
		