80D4F6 20 30 D5    JSR $D530     [80D530] A:0E01 X:0000 Y:0027 S:0133 D:0E68 DB:86 nvMXdizC V: 16 H:  0 F:27

	80D530 C2 20       REP #$20               A:0E01 X:0000 Y:0027 S:0131 D:0E68 DB:86 nvMXdizC V: 16 H: 10 F:27
	80D532 A5 05       LDA $05       [000E6D] A:0E01 X:0000 Y:0027 S:0131 D:0E68 DB:86 nvmXdizC V: 16 H: 15 F:27
	80D534 85 22       STA $22       [000E8A] A:1E20 X:0000 Y:0027 S:0131 D:0E68 DB:86 nvmXdizC V: 16 H: 23 F:27
	80D536 A5 08       LDA $08       [000E70] A:1E20 X:0000 Y:0027 S:0131 D:0E68 DB:86 nvmXdizC V: 16 H: 32 F:27
	80D538 85 24       STA $24       [000E8C] A:01AC X:0000 Y:0027 S:0131 D:0E68 DB:86 nvmXdizC V: 16 H: 40 F:27
	80D53A E2 20       SEP #$20               A:01AC X:0000 Y:0027 S:0131 D:0E68 DB:86 nvmXdizC V: 16 H: 49 F:27
	80D53C A9 80       LDA #$80               A:01AC X:0000 Y:0027 S:0131 D:0E68 DB:86 nvMXdizC V: 16 H: 53 F:27
	80D53E 14 0E       TRB $0E       [000E76] A:0180 X:0000 Y:0027 S:0131 D:0E68 DB:86 NvMXdizC V: 16 H: 56 F:27
	80D540 A5 0A       LDA $0A       [000E72] A:0180 X:0000 Y:0027 S:0131 D:0E68 DB:86 NvMXdizC V: 16 H: 66 F:27
	80D542 0A          ASL A                  A:0102 X:0000 Y:0027 S:0131 D:0E68 DB:86 nvMXdizC V: 16 H: 73 F:27
	80D543 AA          TAX                    A:0104 X:0000 Y:0027 S:0131 D:0E68 DB:86 nvMXdizc V: 16 H: 76 F:27
	80D544 7C DD F8    JMP ($F8DD,X) [80F8E1] A:0104 X:0004 Y:0027 S:0131 D:0E68 DB:86 nvMXdizc V: 16 H: 79 F:27

	80F9BB 22 16 B5 81 JSL $81B516   [81B516] A:0104 X:0004 Y:0027 S:0131 D:0E68 DB:86 nvMXdizc V: 16 H: 88 F:27					JSL $81B516 (Main routine for Chill Penguin)

		81B516 A6 01       LDX $01       [000E69] A:0104 X:0004 Y:0027 S:012E D:0E68 DB:86 nvMXdizc V: 16 H:101 F:27
		81B518 7C 1B B5    JMP ($B51B,X) [81B51F] A:0104 X:0004 Y:0027 S:012E D:0E68 DB:86 nvMXdizc V: 16 H:108 F:27				JMP ($B51B,E-State)

		81B629 A5 33       LDA $33       [000E9B] A:0104 X:0004 Y:0027 S:012E D:0E68 DB:86 nvMXdizc V: 16 H:117 F:27				|Set Spawn08Bit in Status
		81B62B 04 11       TSB $11       [000E79] A:0108 X:0004 Y:0027 S:012E D:0E68 DB:86 nvMXdizc V: 16 H:123 F:27				|
		81B62D C2 20       REP #$20               A:0108 X:0004 Y:0027 S:012E D:0E68 DB:86 nvMXdizc V: 16 H:143 F:27				A:2B
		81B62F A9 2D C4    LDA #$C42D             A:0108 X:0004 Y:0027 S:012E D:0E68 DB:86 nvmXdizc V: 16 H:148 F:27				|Something with physics apparently
		81B632 85 20       STA $20       [000E88] A:C42D X:0004 Y:0027 S:012E D:0E68 DB:86 NvmXdizc V: 16 H:152 F:27				|
		81B634 E2 20       SEP #$20               A:C42D X:0004 Y:0027 S:012E D:0E68 DB:86 NvmXdizc V: 16 H:161 F:27
		81B636 A6 02       LDX $02       [000E6A] A:C42D X:0004 Y:0027 S:012E D:0E68 DB:86 NvMXdizc V: 16 H:165 F:27
		81B638 FC F3 B6    JSR ($B6F3,X) [81B6F5] A:C42D X:0002 Y:0027 S:012E D:0E68 DB:86 nvMXdizc V: 16 H:172 F:27				JSR ($B6F3,Action) = ($81B6F5) = $81B796 --> Main Routine for Attack 02

			81B796 A6 03       LDX $03       [000E6B] A:C42D X:0002 Y:0027 S:012C D:0E68 DB:86 nvMXdizc V: 16 H:185 F:27			
			81B798 7C 9B B7    JMP ($B79B,X) [81B79B] A:C42D X:0000 Y:0027 S:012C D:0E68 DB:86 nvMXdiZc V: 16 H:191 F:27			JMP ($B79B,Subaction)

			81B7A7 A9 02       LDA #$02               A:C42D X:0000 Y:0027 S:012C D:0E68 DB:86 nvMXdiZc V: 16 H:200 F:27			|Subaction = #$02
			81B7A9 85 03       STA $03       [000E6B] A:C402 X:0000 Y:0027 S:012C D:0E68 DB:86 nvMXdizc V: 16 H:203 F:27			|
			81B7AB A9 05       LDA #$05               A:C402 X:0000 Y:0027 S:012C D:0E68 DB:86 nvMXdizc V: 16 H:210 F:27			A = #$05
			81B7AD 22 07 8F 84 JSL $848F07   [848F07] A:C405 X:0000 Y:0027 S:012C D:0E68 DB:86 nvMXdizc V: 16 H:213 F:27			JSL $848F07 --> Skeleton Load (SkelPoint = #$67, b = A = #$05)

				848F07 08          PHP                    A:C405 X:0000 Y:0027 S:0129 D:0E68 DB:86 nvMXdizc V: 16 H:226 F:27
				848F08 8B          PHB                    A:C405 X:0000 Y:0027 S:0128 D:0E68 DB:86 nvMXdizc V: 16 H:231 F:27
				848F09 C2 30       REP #$30               A:C405 X:0000 Y:0027 S:0127 D:0E68 DB:86 nvMXdizc V: 16 H:236 F:27
				848F0B 8D 0E 00    STA $000E     [86000E] A:C405 X:0000 Y:0027 S:0127 D:0E68 DB:86 nvmxdizc V: 16 H:241 F:27
				848F0E A5 16       LDA $16       [000E7E] A:C405 X:0000 Y:0027 S:0127 D:0E68 DB:86 nvmxdizc V: 16 H:249 F:27
				848F10 29 FF 00    AND #$00FF             A:8067 X:0000 Y:0027 S:0127 D:0E68 DB:86 Nvmxdizc V: 16 H:258 F:27
				848F13 8D 0C 00    STA $000C     [86000C] A:0067 X:0000 Y:0027 S:0127 D:0E68 DB:86 nvmxdizc V: 16 H:262 F:27
				848F16 0A          ASL A                  A:0067 X:0000 Y:0027 S:0127 D:0E68 DB:86 nvmxdizc V: 16 H:271 F:27
				848F17 18          CLC                    A:00CE X:0000 Y:0027 S:0127 D:0E68 DB:86 nvmxdizc V: 16 H:274 F:27
				848F18 6D 0C 00    ADC $000C     [86000C] A:00CE X:0000 Y:0027 S:0127 D:0E68 DB:86 nvmxdizc V: 16 H:277 F:27
				848F1B AA          TAX                    A:0135 X:0000 Y:0027 S:0127 D:0E68 DB:86 nvmxdizc V: 16 H:285 F:27
				848F1C BF 00 A0 AF LDA $AFA000,X [AFA135] A:0135 X:0135 Y:0027 S:0127 D:0E68 DB:86 nvmxdizc V: 16 H:288 F:27
				848F20 85 14       STA $14       [000E7C] A:CFE0 X:0135 Y:0027 S:0127 D:0E68 DB:86 Nvmxdizc V: 16 H:297 F:27
				848F22 E2 20       SEP #$20               A:CFE0 X:0135 Y:0027 S:0127 D:0E68 DB:86 Nvmxdizc V: 16 H:306 F:27
				848F24 BF 02 A0 AF LDA $AFA002,X [AFA137] A:CFE0 X:0135 Y:0027 S:0127 D:0E68 DB:86 NvMxdizc V: 16 H:310 F:27
				848F28 48          PHA                    A:CFAF X:0135 Y:0027 S:0127 D:0E68 DB:86 NvMxdizc V: 16 H:318 F:27
				848F29 AB          PLB                    A:CFAF X:0135 Y:0027 S:0126 D:0E68 DB:86 NvMxdizc V: 16 H:323 F:27
				848F2A C2 20       REP #$20               A:CFAF X:0135 Y:0027 S:0127 D:0E68 DB:AF NvMxdizc V: 16 H:328 F:27
				848F2C AD 0E 00    LDA $000E     [AF000E] A:CFAF X:0135 Y:0027 S:0127 D:0E68 DB:AF Nvmxdizc V: 16 H:333 F:27
				848F2F 29 FF 00    AND #$00FF             A:C405 X:0135 Y:0027 S:0127 D:0E68 DB:AF Nvmxdizc V: 17 H:  1 F:27
				848F32 0A          ASL A                  A:0005 X:0135 Y:0027 S:0127 D:0E68 DB:AF nvmxdizc V: 17 H:  6 F:27
				848F33 A8          TAY                    A:000A X:0135 Y:0027 S:0127 D:0E68 DB:AF nvmxdizc V: 17 H:  9 F:27
				848F34 B1 14       LDA ($14),Y   [AFCFEA] A:000A X:0135 Y:000A S:0127 D:0E68 DB:AF nvmxdizc V: 17 H: 12 F:27
				848F36 65 14       ADC $14       [000E7C] A:0080 X:0135 Y:000A S:0127 D:0E68 DB:AF nvmxdizc V: 17 H: 25 F:27
				848F38 85 14       STA $14       [000E7C] A:D060 X:0135 Y:000A S:0127 D:0E68 DB:AF Nvmxdizc V: 17 H: 33 F:27
				848F3A E2 30       SEP #$30               A:D060 X:0135 Y:000A S:0127 D:0E68 DB:AF Nvmxdizc V: 17 H: 42 F:27
				848F3C B2 14       LDA ($14)     [AFD060] A:D060 X:0035 Y:000A S:0127 D:0E68 DB:AF NvMXdizc V: 17 H: 46 F:27		Skeleton start: [AFD060]
				848F3E 85 13       STA $13       [000E7B] A:D010 X:0035 Y:000A S:0127 D:0E68 DB:AF nvMXdizc V: 17 H: 56 F:27
				848F40 A0 01       LDY #$01               A:D010 X:0035 Y:000A S:0127 D:0E68 DB:AF nvMXdizc V: 17 H: 63 F:27
				848F42 B1 14       LDA ($14),Y   [AFD061] A:D010 X:0035 Y:0001 S:0127 D:0E68 DB:AF nvMXdizc V: 17 H: 66 F:27
				848F44 85 0F       STA $0F       [000E77] A:D000 X:0035 Y:0001 S:0127 D:0E68 DB:AF nvMXdiZc V: 17 H: 76 F:27
				848F46 C8          INY                    A:D000 X:0035 Y:0001 S:0127 D:0E68 DB:AF nvMXdiZc V: 17 H: 82 F:27
				848F47 B1 14       LDA ($14),Y   [AFD062] A:D000 X:0035 Y:0002 S:0127 D:0E68 DB:AF nvMXdizc V: 17 H: 85 F:27
				848F49 85 17       STA $17       [000E7F] A:D000 X:0035 Y:0002 S:0127 D:0E68 DB:AF nvMXdiZc V: 17 H: 95 F:27
				848F4B A9 80       LDA #$80               A:D000 X:0035 Y:0002 S:0127 D:0E68 DB:AF nvMXdiZc V: 17 H:102 F:27
				848F4D 04 17       TSB $17       [000E7F] A:D080 X:0035 Y:0002 S:0127 D:0E68 DB:AF NvMXdizc V: 17 H:105 F:27
				848F4F AB          PLB                    A:D080 X:0035 Y:0002 S:0127 D:0E68 DB:AF NvMXdiZc V: 17 H:115 F:27
				848F50 28          PLP                    A:D080 X:0035 Y:0002 S:0128 D:0E68 DB:86 NvMXdizc V: 17 H:121 F:27
				848F51 6B          RTL                    A:D080 X:0035 Y:0002 S:0129 D:0E68 DB:86 nvMXdizc V: 17 H:128 F:27

			81B7B1 A9 40       LDA #$40               A:D080 X:0035 Y:0002 S:012C D:0E68 DB:86 nvMXdizc V: 17 H:148 F:27			|E-Y-Acc = #$40
			81B7B3 85 1E       STA $1E       [000E86] A:D040 X:0035 Y:0002 S:012C D:0E68 DB:86 nvMXdizc V: 17 H:151 F:27			|
			81B7B5 C2 20       REP #$20               A:D040 X:0035 Y:0002 S:012C D:0E68 DB:86 nvMXdizc V: 17 H:158 F:27			A:2B
			81B7B7 A9 DE 07    LDA #$07DE             A:D040 X:0035 Y:0002 S:012C D:0E68 DB:86 nvmXdizc V: 17 H:162 F:27			|E-Y-Vel = #$07DE
			81B7BA 85 1C       STA $1C       [000E84] A:07DE X:0035 Y:0002 S:012C D:0E68 DB:86 nvmXdizc V: 17 H:167 F:27			|
			81B7BC AD 60 1E    LDA $1E60     [861E60] A:07DE X:0035 Y:0002 S:012C D:0E68 DB:86 nvmXdizc V: 17 H:175 F:27			|Load CamLockRight + #$0080
			81B7BF 18          CLC                    A:1E00 X:0035 Y:0002 S:012C D:0E68 DB:86 nvmXdizc V: 17 H:184 F:27			|Branch if (CamLockRight + #$0080 < E-X-Pos) --> Enemy offscreen
			81B7C0 69 80 00    ADC #$0080             A:1E00 X:0035 Y:0002 S:012C D:0E68 DB:86 nvmXdizc V: 17 H:187 F:27			|
			81B7C3 C5 05       CMP $05       [000E6D] A:1E80 X:0035 Y:0002 S:012C D:0E68 DB:86 nvmXdizc V: 17 H:191 F:27			|
			81B7C5 90 08       BCC $0008     [81B7CF] A:1E80 X:0035 Y:0002 S:012C D:0E68 DB:86 nvmXdizC V: 17 H:200 F:27			|
			81B7C7 A2 40       LDX #$40               A:1E80 X:0035 Y:0002 S:012C D:0E68 DB:86 nvmXdizC V: 17 H:203 F:27			X = #$40
			81B7C9 38          SEC                    A:1E80 X:0040 Y:0002 S:012C D:0E68 DB:86 nvmXdizC V: 17 H:206 F:27			|E-X-Vel = 8 * (CamLockRight + #$0076 - E-X-Pos)
			81B7CA E9 0A 00    SBC #$000A             A:1E80 X:0040 Y:0002 S:012C D:0E68 DB:86 nvmXdizC V: 17 H:209 F:27			|
			81B7CD 80 06       BRA $0006     [81B7D5] A:1E76 X:0040 Y:0002 S:012C D:0E68 DB:86 nvmXdizC V: 17 H:213 F:27			|
			81B7D5 38          SEC                    A:1E76 X:0040 Y:0002 S:012C D:0E68 DB:86 nvmXdizC V: 17 H:218 F:27			|
			81B7D6 E5 05       SBC $05       [000E6D] A:1E76 X:0040 Y:0002 S:012C D:0E68 DB:86 nvmXdizC V: 17 H:221 F:27			|
			81B7D8 0A          ASL A                  A:0056 X:0040 Y:0002 S:012C D:0E68 DB:86 nvmXdizC V: 17 H:229 F:27			|
			81B7D9 0A          ASL A                  A:00AC X:0040 Y:0002 S:012C D:0E68 DB:86 nvmXdizc V: 17 H:232 F:27			|
			81B7DA 0A          ASL A                  A:0158 X:0040 Y:0002 S:012C D:0E68 DB:86 nvmXdizc V: 17 H:235 F:27			|
			81B7DB 85 1A       STA $1A       [000E82] A:02B0 X:0040 Y:0002 S:012C D:0E68 DB:86 nvmXdizc V: 17 H:238 F:27			|
			81B7DD E2 20       SEP #$20               A:02B0 X:0040 Y:0002 S:012C D:0E68 DB:86 nvmXdizc V: 17 H:247 F:27			A:1B
			81B7DF A9 40       LDA #$40               A:02B0 X:0040 Y:0002 S:012C D:0E68 DB:86 nvMXdizc V: 17 H:251 F:27			|Update Facing towards the middle
			81B7E1 14 11       TRB $11       [000E79] A:0240 X:0040 Y:0002 S:012C D:0E68 DB:86 nvMXdizc V: 17 H:254 F:27			|
			81B7E3 8A          TXA                    A:0240 X:0040 Y:0002 S:012C D:0E68 DB:86 nvMXdizc V: 17 H:264 F:27			|
			81B7E4 04 11       TSB $11       [000E79] A:0240 X:0040 Y:0002 S:012C D:0E68 DB:86 nvMXdizc V: 17 H:267 F:27			|
			81B7E6 A9 FF       LDA #$FF               A:0240 X:0040 Y:0002 S:012C D:0E68 DB:86 nvMXdiZc V: 17 H:277 F:27			|$2F = #$FF ????
			81B7E8 85 2F       STA $2F       [000E97] A:02FF X:0040 Y:0002 S:012C D:0E68 DB:86 NvMXdizc V: 17 H:280 F:27			|
			81B7EA 60          RTS                    A:02FF X:0040 Y:0002 S:012C D:0E68 DB:86 NvMXdizc V: 17 H:287 F:27			Return

		81B63B A9 09       LDA #$09               A:02FF X:0040 Y:0002 S:012E D:0E68 DB:86 NvMXdizc V: 17 H:297 F:27				Normal routine after Subaction
		81B63D A6 35       LDX $35       [000E9D] A:0209 X:0040 Y:0002 S:012E D:0E68 DB:86 nvMXdizc V: 17 H:300 F:27
		81B63F F0 02       BEQ $0002     [81B643] A:0209 X:0000 Y:0002 S:012E D:0E68 DB:86 nvMXdiZc V: 17 H:306 F:27
		81B643 85 28       STA $28       [000E90] A:0209 X:0000 Y:0002 S:012E D:0E68 DB:86 nvMXdiZc V: 17 H:311 F:27
		81B645 A5 39       LDA $39       [000EA1] A:0209 X:0000 Y:0002 S:012E D:0E68 DB:86 nvMXdiZc V: 17 H:317 F:27
		81B647 F0 02       BEQ $0002     [81B64B] A:0200 X:0000 Y:0002 S:012E D:0E68 DB:86 nvMXdiZc V: 17 H:323 F:27
		81B64B A5 17       LDA $17       [000E7F] A:0200 X:0000 Y:0002 S:012E D:0E68 DB:86 nvMXdiZc V: 17 H:327 F:27
		81B64D 29 7F       AND #$7F               A:0280 X:0000 Y:0002 S:012E D:0E68 DB:86 NvMXdizc V: 17 H:334 F:27
		81B64F AA          TAX                    A:0200 X:0000 Y:0002 S:012E D:0E68 DB:86 nvMXdiZc V: 17 H:337 F:27
		81B650 BD AB C4    LDA $C4AB,X   [86C4AB] A:0200 X:0000 Y:0002 S:012E D:0E68 DB:86 nvMXdiZc V: 18 H:  0 F:27
		81B653 0A          ASL A                  A:0200 X:0000 Y:0002 S:012E D:0E68 DB:86 nvMXdiZc V: 18 H:  6 F:27
		81B654 0A          ASL A                  A:0200 X:0000 Y:0002 S:012E D:0E68 DB:86 nvMXdiZc V: 18 H:  9 F:27
		81B655 C2 20       REP #$20               A:0200 X:0000 Y:0002 S:012E D:0E68 DB:86 nvMXdiZc V: 18 H: 12 F:27
		81B657 29 FF 00    AND #$00FF             A:0200 X:0000 Y:0002 S:012E D:0E68 DB:86 nvmXdiZc V: 18 H: 16 F:27
		81B65A 18          CLC                    A:0000 X:0000 Y:0002 S:012E D:0E68 DB:86 nvmXdiZc V: 18 H: 21 F:27
		81B65B 69 37 C4    ADC #$C437             A:0000 X:0000 Y:0002 S:012E D:0E68 DB:86 nvmXdiZc V: 18 H: 24 F:27
		81B65E 85 20       STA $20       [000E88] A:C437 X:0000 Y:0002 S:012E D:0E68 DB:86 NvmXdizc V: 18 H: 28 F:27
		81B660 E2 20       SEP #$20               A:C437 X:0000 Y:0002 S:012E D:0E68 DB:86 NvmXdizc V: 18 H: 37 F:27
		81B662 22 43 9B 84 JSL $849B43   [849B43] A:C437 X:0000 Y:0002 S:012E D:0E68 DB:86 NvMXdizc V: 18 H: 41 F:27

			849B43 C2 10       REP #$10               A:C437 X:0000 Y:0002 S:012B D:0E68 DB:86 NvMXdizc V: 18 H: 55 F:27
			849B45 A5 27       LDA $27       [000E8F] A:C437 X:0000 Y:0002 S:012B D:0E68 DB:86 NvMxdizc V: 18 H: 59 F:27
			849B47 29 7F       AND #$7F               A:C420 X:0000 Y:0002 S:012B D:0E68 DB:86 nvMxdizc V: 18 H: 66 F:27
			849B49 85 27       STA $27       [000E8F] A:C420 X:0000 Y:0002 S:012B D:0E68 DB:86 nvMxdizc V: 18 H: 69 F:27
			849B4B F0 2C       BEQ $002C     [849B79] A:C420 X:0000 Y:0002 S:012B D:0E68 DB:86 nvMxdizc V: 18 H: 75 F:27
			849B4D A5 30       LDA $30       [000E98] A:C420 X:0000 Y:0002 S:012B D:0E68 DB:86 nvMxdizc V: 18 H: 78 F:27
			849B4F D0 28       BNE $0028     [849B79] A:C400 X:0000 Y:0002 S:012B D:0E68 DB:86 nvMxdiZc V: 18 H: 85 F:27
			849B51 A5 0E       LDA $0E       [000E76] A:C400 X:0000 Y:0002 S:012B D:0E68 DB:86 nvMxdiZc V: 18 H: 88 F:27
			849B53 F0 24       BEQ $0024     [849B79] A:C401 X:0000 Y:0002 S:012B D:0E68 DB:86 nvMxdizc V: 18 H: 94 F:27
			849B55 A2 28 12    LDX #$1228             A:C401 X:0000 Y:0002 S:012B D:0E68 DB:86 nvMxdizc V: 18 H: 97 F:27
			849B58 E2 20       SEP #$20               A:C401 X:1228 Y:0002 S:012B D:0E68 DB:86 nvMxdizc V: 18 H:102 F:27
			849B5A BD 00 00    LDA $0000,X   [861228] A:C401 X:1228 Y:0002 S:012B D:0E68 DB:86 nvMxdizc V: 18 H:106 F:27
			849B5D F0 0E       BEQ $000E     [849B6D] A:C400 X:1228 Y:0002 S:012B D:0E68 DB:86 nvMxdiZc V: 18 H:114 F:27
			849B6D C2 21       REP #$21               A:C400 X:1228 Y:0002 S:012B D:0E68 DB:86 nvMxdiZc V: 18 H:119 F:27
			849B6F 8A          TXA                    A:C400 X:1228 Y:0002 S:012B D:0E68 DB:86 nvmxdiZc V: 18 H:123 F:27
			849B70 69 40 00    ADC #$0040             A:1228 X:1228 Y:0002 S:012B D:0E68 DB:86 nvmxdizc V: 18 H:126 F:27
			849B73 AA          TAX                    A:1268 X:1228 Y:0002 S:012B D:0E68 DB:86 nvmxdizc V: 18 H:131 F:27
			849B74 C9 28 14    CMP #$1428             A:1268 X:1268 Y:0002 S:012B D:0E68 DB:86 nvmxdizc V: 18 H:144 F:27
			849B77 90 DF       BCC $00DF     [849B58] A:1268 X:1268 Y:0002 S:012B D:0E68 DB:86 Nvmxdizc V: 18 H:148 F:27
			849B58 E2 20       SEP #$20               A:1268 X:1268 Y:0002 S:012B D:0E68 DB:86 Nvmxdizc V: 18 H:153 F:27
			849B5A BD 00 00    LDA $0000,X   [861268] A:1268 X:1268 Y:0002 S:012B D:0E68 DB:86 NvMxdizc V: 18 H:157 F:27
			849B5D F0 0E       BEQ $000E     [849B6D] A:1200 X:1268 Y:0002 S:012B D:0E68 DB:86 nvMxdiZc V: 18 H:165 F:27
			849B6D C2 21       REP #$21               A:1200 X:1268 Y:0002 S:012B D:0E68 DB:86 nvMxdiZc V: 18 H:170 F:27
			849B6F 8A          TXA                    A:1200 X:1268 Y:0002 S:012B D:0E68 DB:86 nvmxdiZc V: 18 H:174 F:27
			849B70 69 40 00    ADC #$0040             A:1268 X:1268 Y:0002 S:012B D:0E68 DB:86 nvmxdizc V: 18 H:177 F:27
			849B73 AA          TAX                    A:12A8 X:1268 Y:0002 S:012B D:0E68 DB:86 nvmxdizc V: 18 H:182 F:27
			849B74 C9 28 14    CMP #$1428             A:12A8 X:12A8 Y:0002 S:012B D:0E68 DB:86 nvmxdizc V: 18 H:185 F:27
			849B77 90 DF       BCC $00DF     [849B58] A:12A8 X:12A8 Y:0002 S:012B D:0E68 DB:86 Nvmxdizc V: 18 H:189 F:27
			849B58 E2 20       SEP #$20               A:12A8 X:12A8 Y:0002 S:012B D:0E68 DB:86 Nvmxdizc V: 18 H:194 F:27
			849B5A BD 00 00    LDA $0000,X   [8612A8] A:12A8 X:12A8 Y:0002 S:012B D:0E68 DB:86 NvMxdizc V: 18 H:198 F:27
			849B5D F0 0E       BEQ $000E     [849B6D] A:1200 X:12A8 Y:0002 S:012B D:0E68 DB:86 nvMxdiZc V: 18 H:206 F:27
			849B6D C2 21       REP #$21               A:1200 X:12A8 Y:0002 S:012B D:0E68 DB:86 nvMxdiZc V: 18 H:211 F:27
			849B6F 8A          TXA                    A:1200 X:12A8 Y:0002 S:012B D:0E68 DB:86 nvmxdiZc V: 18 H:215 F:27
			849B70 69 40 00    ADC #$0040             A:12A8 X:12A8 Y:0002 S:012B D:0E68 DB:86 nvmxdizc V: 18 H:218 F:27
			849B73 AA          TAX                    A:12E8 X:12A8 Y:0002 S:012B D:0E68 DB:86 nvmxdizc V: 18 H:223 F:27
			849B74 C9 28 14    CMP #$1428             A:12E8 X:12E8 Y:0002 S:012B D:0E68 DB:86 nvmxdizc V: 18 H:226 F:27
			849B77 90 DF       BCC $00DF     [849B58] A:12E8 X:12E8 Y:0002 S:012B D:0E68 DB:86 Nvmxdizc V: 18 H:230 F:27
			849B58 E2 20       SEP #$20               A:12E8 X:12E8 Y:0002 S:012B D:0E68 DB:86 Nvmxdizc V: 18 H:235 F:27
			849B5A BD 00 00    LDA $0000,X   [8612E8] A:12E8 X:12E8 Y:0002 S:012B D:0E68 DB:86 NvMxdizc V: 18 H:239 F:27
			849B5D F0 0E       BEQ $000E     [849B6D] A:1200 X:12E8 Y:0002 S:012B D:0E68 DB:86 nvMxdiZc V: 18 H:247 F:27
			849B6D C2 21       REP #$21               A:1200 X:12E8 Y:0002 S:012B D:0E68 DB:86 nvMxdiZc V: 18 H:252 F:27
			849B6F 8A          TXA                    A:1200 X:12E8 Y:0002 S:012B D:0E68 DB:86 nvmxdiZc V: 18 H:256 F:27
			849B70 69 40 00    ADC #$0040             A:12E8 X:12E8 Y:0002 S:012B D:0E68 DB:86 nvmxdizc V: 18 H:259 F:27
			849B73 AA          TAX                    A:1328 X:12E8 Y:0002 S:012B D:0E68 DB:86 nvmxdizc V: 18 H:264 F:27
			849B74 C9 28 14    CMP #$1428             A:1328 X:1328 Y:0002 S:012B D:0E68 DB:86 nvmxdizc V: 18 H:267 F:27
			849B77 90 DF       BCC $00DF     [849B58] A:1328 X:1328 Y:0002 S:012B D:0E68 DB:86 Nvmxdizc V: 18 H:271 F:27
			849B58 E2 20       SEP #$20               A:1328 X:1328 Y:0002 S:012B D:0E68 DB:86 Nvmxdizc V: 18 H:276 F:27
			849B5A BD 00 00    LDA $0000,X   [861328] A:1328 X:1328 Y:0002 S:012B D:0E68 DB:86 NvMxdizc V: 18 H:280 F:27
			849B5D F0 0E       BEQ $000E     [849B6D] A:1300 X:1328 Y:0002 S:012B D:0E68 DB:86 nvMxdiZc V: 18 H:288 F:27
			849B6D C2 21       REP #$21               A:1300 X:1328 Y:0002 S:012B D:0E68 DB:86 nvMxdiZc V: 18 H:293 F:27
			849B6F 8A          TXA                    A:1300 X:1328 Y:0002 S:012B D:0E68 DB:86 nvmxdiZc V: 18 H:297 F:27
			849B70 69 40 00    ADC #$0040             A:1328 X:1328 Y:0002 S:012B D:0E68 DB:86 nvmxdizc V: 18 H:300 F:27
			849B73 AA          TAX                    A:1368 X:1328 Y:0002 S:012B D:0E68 DB:86 nvmxdizc V: 18 H:305 F:27
			849B74 C9 28 14    CMP #$1428             A:1368 X:1368 Y:0002 S:012B D:0E68 DB:86 nvmxdizc V: 18 H:308 F:27
			849B77 90 DF       BCC $00DF     [849B58] A:1368 X:1368 Y:0002 S:012B D:0E68 DB:86 Nvmxdizc V: 18 H:312 F:27
			849B58 E2 20       SEP #$20               A:1368 X:1368 Y:0002 S:012B D:0E68 DB:86 Nvmxdizc V: 18 H:317 F:27
			849B5A BD 00 00    LDA $0000,X   [861368] A:1368 X:1368 Y:0002 S:012B D:0E68 DB:86 NvMxdizc V: 18 H:321 F:27
			849B5D F0 0E       BEQ $000E     [849B6D] A:1300 X:1368 Y:0002 S:012B D:0E68 DB:86 nvMxdiZc V: 18 H:328 F:27
			849B6D C2 21       REP #$21               A:1300 X:1368 Y:0002 S:012B D:0E68 DB:86 nvMxdiZc V: 18 H:333 F:27
			849B6F 8A          TXA                    A:1300 X:1368 Y:0002 S:012B D:0E68 DB:86 nvmxdiZc V: 18 H:337 F:27
			849B70 69 40 00    ADC #$0040             A:1368 X:1368 Y:0002 S:012B D:0E68 DB:86 nvmxdizc V: 19 H:  0 F:27
			849B73 AA          TAX                    A:13A8 X:1368 Y:0002 S:012B D:0E68 DB:86 nvmxdizc V: 19 H:  5 F:27
			849B74 C9 28 14    CMP #$1428             A:13A8 X:13A8 Y:0002 S:012B D:0E68 DB:86 nvmxdizc V: 19 H:  8 F:27
			849B77 90 DF       BCC $00DF     [849B58] A:13A8 X:13A8 Y:0002 S:012B D:0E68 DB:86 Nvmxdizc V: 19 H: 12 F:27
			849B58 E2 20       SEP #$20               A:13A8 X:13A8 Y:0002 S:012B D:0E68 DB:86 Nvmxdizc V: 19 H: 17 F:27
			849B5A BD 00 00    LDA $0000,X   [8613A8] A:13A8 X:13A8 Y:0002 S:012B D:0E68 DB:86 NvMxdizc V: 19 H: 21 F:27
			849B5D F0 0E       BEQ $000E     [849B6D] A:1300 X:13A8 Y:0002 S:012B D:0E68 DB:86 nvMxdiZc V: 19 H: 29 F:27
			849B6D C2 21       REP #$21               A:1300 X:13A8 Y:0002 S:012B D:0E68 DB:86 nvMxdiZc V: 19 H: 34 F:27
			849B6F 8A          TXA                    A:1300 X:13A8 Y:0002 S:012B D:0E68 DB:86 nvmxdiZc V: 19 H: 38 F:27
			849B70 69 40 00    ADC #$0040             A:13A8 X:13A8 Y:0002 S:012B D:0E68 DB:86 nvmxdizc V: 19 H: 41 F:27
			849B73 AA          TAX                    A:13E8 X:13A8 Y:0002 S:012B D:0E68 DB:86 nvmxdizc V: 19 H: 46 F:27
			849B74 C9 28 14    CMP #$1428             A:13E8 X:13E8 Y:0002 S:012B D:0E68 DB:86 nvmxdizc V: 19 H: 49 F:27
			849B77 90 DF       BCC $00DF     [849B58] A:13E8 X:13E8 Y:0002 S:012B D:0E68 DB:86 Nvmxdizc V: 19 H: 53 F:27
			849B58 E2 20       SEP #$20               A:13E8 X:13E8 Y:0002 S:012B D:0E68 DB:86 Nvmxdizc V: 19 H: 58 F:27
			849B5A BD 00 00    LDA $0000,X   [8613E8] A:13E8 X:13E8 Y:0002 S:012B D:0E68 DB:86 NvMxdizc V: 19 H: 62 F:27
			849B5D F0 0E       BEQ $000E     [849B6D] A:1300 X:13E8 Y:0002 S:012B D:0E68 DB:86 nvMxdiZc V: 19 H: 70 F:27
			849B6D C2 21       REP #$21               A:1300 X:13E8 Y:0002 S:012B D:0E68 DB:86 nvMxdiZc V: 19 H: 75 F:27
			849B6F 8A          TXA                    A:1300 X:13E8 Y:0002 S:012B D:0E68 DB:86 nvmxdiZc V: 19 H: 79 F:27
			849B70 69 40 00    ADC #$0040             A:13E8 X:13E8 Y:0002 S:012B D:0E68 DB:86 nvmxdizc V: 19 H: 82 F:27
			849B73 AA          TAX                    A:1428 X:13E8 Y:0002 S:012B D:0E68 DB:86 nvmxdizc V: 19 H: 87 F:27
			849B74 C9 28 14    CMP #$1428             A:1428 X:1428 Y:0002 S:012B D:0E68 DB:86 nvmxdizc V: 19 H: 90 F:27
			849B77 90 DF       BCC $00DF     [849B58] A:1428 X:1428 Y:0002 S:012B D:0E68 DB:86 nvmxdiZC V: 19 H: 94 F:27
			849B79 E2 30       SEP #$30               A:1428 X:1428 Y:0002 S:012B D:0E68 DB:86 nvmxdiZC V: 19 H: 97 F:27
			849B7B A9 00       LDA #$00               A:1428 X:0028 Y:0002 S:012B D:0E68 DB:86 nvMXdiZC V: 19 H:102 F:27
			849B7D 6B          RTL                    A:1400 X:0028 Y:0002 S:012B D:0E68 DB:86 nvMXdiZC V: 19 H:105 F:27

		81B666 F0 5C       BEQ $005C     [81B6C4] A:1400 X:0028 Y:0002 S:012E D:0E68 DB:86 nvMXdiZC V: 19 H:115 F:27
		81B6C4 A5 35       LDA $35       [000E9D] A:1400 X:0028 Y:0002 S:012E D:0E68 DB:86 nvMXdiZC V: 19 H:120 F:27
		81B6C6 F0 18       BEQ $0018     [81B6E0] A:1400 X:0028 Y:0002 S:012E D:0E68 DB:86 nvMXdiZC V: 19 H:126 F:27
		81B6E0 22 03 9B 84 JSL $849B03   [849B03] A:1400 X:0028 Y:0002 S:012E D:0E68 DB:86 nvMXdiZC V: 19 H:131 F:27

			849B03 C2 10       REP #$10               A:1400 X:0028 Y:0002 S:012B D:0E68 DB:86 nvMXdiZC V: 19 H:154 F:27
			849B05 A5 27       LDA $27       [000E8F] A:1400 X:0028 Y:0002 S:012B D:0E68 DB:86 nvMxdiZC V: 19 H:159 F:27
			849B07 F0 70       BEQ $0070     [849B79] A:1420 X:0028 Y:0002 S:012B D:0E68 DB:86 nvMxdizC V: 19 H:165 F:27
			849B09 A5 0E       LDA $0E       [000E76] A:1420 X:0028 Y:0002 S:012B D:0E68 DB:86 nvMxdizC V: 19 H:168 F:27
			849B0B F0 31       BEQ $0031     [849B3E] A:1401 X:0028 Y:0002 S:012B D:0E68 DB:86 nvMxdizC V: 19 H:175 F:27
			849B0D AD 0C 1F    LDA $1F0C     [861F0C] A:1401 X:0028 Y:0002 S:012B D:0E68 DB:86 nvMxdizC V: 19 H:178 F:27
			849B10 D0 2C       BNE $002C     [849B3E] A:1400 X:0028 Y:0002 S:012B D:0E68 DB:86 nvMxdiZC V: 19 H:184 F:27
			849B12 AD 32 0C    LDA $0C32     [860C32] A:1400 X:0028 Y:0002 S:012B D:0E68 DB:86 nvMxdiZC V: 19 H:187 F:27
			849B15 D0 11       BNE $0011     [849B28] A:1400 X:0028 Y:0002 S:012B D:0E68 DB:86 nvMxdiZC V: 19 H:194 F:27
			849B17 AD 30 0C    LDA $0C30     [860C30] A:1400 X:0028 Y:0002 S:012B D:0E68 DB:86 nvMxdiZC V: 19 H:197 F:27
			849B1A D0 0C       BNE $000C     [849B28] A:1400 X:0028 Y:0002 S:012B D:0E68 DB:86 nvMxdiZC V: 19 H:203 F:27
			849B1C A2 A8 0B    LDX #$0BA8             A:1400 X:0028 Y:0002 S:012B D:0E68 DB:86 nvMxdiZC V: 19 H:206 F:27
			849B1F 22 0E 9C 84 JSL $849C0E   [849C0E] A:1400 X:0BA8 Y:0002 S:012B D:0E68 DB:86 nvMxdizC V: 19 H:211 F:27

				849C0E 5A          PHY                    A:1400 X:0BA8 Y:0002 S:0128 D:0E68 DB:86 nvMxdizC V: 19 H:224 F:27
				849C0F A4 20       LDY $20       [000E88] A:1400 X:0BA8 Y:0002 S:0126 D:0E68 DB:86 nvMxdizC V: 19 H:231 F:27
				849C11 D0 03       BNE $0003     [849C16] A:1400 X:0BA8 Y:C437 S:0126 D:0E68 DB:86 NvMxdizC V: 19 H:240 F:27
				849C16 BC 20 00    LDY $0020,X   [860BC8] A:1400 X:0BA8 Y:C437 S:0126 D:0E68 DB:86 NvMxdizC V: 19 H:244 F:27
				849C19 D0 03       BNE $0003     [849C1E] A:1400 X:0BA8 Y:A552 S:0126 D:0E68 DB:86 NvMxdizC V: 19 H:254 F:27
				849C1E C2 20       REP #$20               A:1400 X:0BA8 Y:A552 S:0126 D:0E68 DB:86 NvMxdizC V: 19 H:259 F:27
				849C20 DA          PHX                    A:1400 X:0BA8 Y:A552 S:0126 D:0E68 DB:86 NvmxdizC V: 19 H:263 F:27
				849C21 BD 05 00    LDA $0005,X   [860BAD] A:1400 X:0BA8 Y:A552 S:0124 D:0E68 DB:86 NvmxdizC V: 19 H:270 F:27
				849C24 8D 04 00    STA $0004     [860004] A:1EE0 X:0BA8 Y:A552 S:0124 D:0E68 DB:86 nvmxdizC V: 19 H:280 F:27
				849C27 BD 08 00    LDA $0008,X   [860BB0] A:1EE0 X:0BA8 Y:A552 S:0124 D:0E68 DB:86 nvmxdizC V: 19 H:289 F:27
				849C2A 8D 06 00    STA $0006     [860006] A:01AF X:0BA8 Y:A552 S:0124 D:0E68 DB:86 nvmxdizC V: 19 H:299 F:27
				849C2D A5 05       LDA $05       [000E6D] A:01AF X:0BA8 Y:A552 S:0124 D:0E68 DB:86 nvmxdizC V: 19 H:307 F:27
				849C2F 8D 0C 00    STA $000C     [86000C] A:1E20 X:0BA8 Y:A552 S:0124 D:0E68 DB:86 nvmxdizC V: 19 H:316 F:27
				849C32 A5 08       LDA $08       [000E70] A:1E20 X:0BA8 Y:A552 S:0124 D:0E68 DB:86 nvmxdizC V: 19 H:324 F:27
				849C34 8D 0E 00    STA $000E     [86000E] A:01AC X:0BA8 Y:A552 S:0124 D:0E68 DB:86 nvmxdizC V: 19 H:332 F:27
				849C37 E2 20       SEP #$20               A:01AC X:0BA8 Y:A552 S:0124 D:0E68 DB:86 nvmxdizC V: 20 H:  0 F:27
				849C39 BD 11 00    LDA $0011,X   [860BB9] A:01AC X:0BA8 Y:A552 S:0124 D:0E68 DB:86 nvMxdizC V: 20 H:  5 F:27
				849C3C 8D 08 00    STA $0008     [860008] A:0122 X:0BA8 Y:A552 S:0124 D:0E68 DB:86 nvMxdizC V: 20 H: 13 F:27
				849C3F A5 11       LDA $11       [000E79] A:0122 X:0BA8 Y:A552 S:0124 D:0E68 DB:86 nvMxdizC V: 20 H: 19 F:27
				849C41 8D 09 00    STA $0009     [860009] A:0169 X:0BA8 Y:A552 S:0124 D:0E68 DB:86 nvMxdizC V: 20 H: 26 F:27
				849C44 BC 20 00    LDY $0020,X   [860BC8] A:0169 X:0BA8 Y:A552 S:0124 D:0E68 DB:86 nvMxdizC V: 20 H: 32 F:27
				849C47 A6 20       LDX $20       [000E88] A:0169 X:0BA8 Y:A552 S:0124 D:0E68 DB:86 NvMxdizC V: 20 H: 42 F:27
				849C49 0B          PHD                    A:0169 X:C437 Y:A552 S:0124 D:0E68 DB:86 NvMxdizC V: 20 H: 51 F:27
				849C4A F4 00 00    PEA $0000              A:0169 X:C437 Y:A552 S:0122 D:0E68 DB:86 NvMxdizC V: 20 H: 58 F:27
				849C4D 2B          PLD                    A:0169 X:C437 Y:A552 S:0120 D:0E68 DB:86 NvMxdizC V: 20 H: 66 F:27
				849C4E BD 02 00    LDA $0002,X   [86C439] A:0169 X:C437 Y:A552 S:0122 D:0000 DB:86 nvMxdiZC V: 20 H: 75 F:27
				849C51 18          CLC                    A:010A X:C437 Y:A552 S:0122 D:0000 DB:86 nvMxdizC V: 20 H: 82 F:27
				849C52 79 02 00    ADC $0002,Y   [86A554] A:010A X:C437 Y:A552 S:0122 D:0000 DB:86 nvMxdizc V: 20 H: 85 F:27
				849C55 85 00       STA $00       [000000] A:0110 X:C437 Y:A552 S:0122 D:0000 DB:86 nvMxdizc V: 20 H: 93 F:27
				849C57 64 01       STZ $01       [000001] A:0110 X:C437 Y:A552 S:0122 D:0000 DB:86 nvMxdizc V: 20 H: 98 F:27
				849C59 BD 03 00    LDA $0003,X   [86C43A] A:0110 X:C437 Y:A552 S:0122 D:0000 DB:86 nvMxdizc V: 20 H:103 F:27
				849C5C 18          CLC                    A:010F X:C437 Y:A552 S:0122 D:0000 DB:86 nvMxdizc V: 20 H:110 F:27
				849C5D 79 03 00    ADC $0003,Y   [86A555] A:010F X:C437 Y:A552 S:0122 D:0000 DB:86 nvMxdizc V: 20 H:113 F:27
				849C60 85 02       STA $02       [000002] A:011D X:C437 Y:A552 S:0122 D:0000 DB:86 nvMxdizc V: 20 H:121 F:27
				849C62 64 03       STZ $03       [000003] A:011D X:C437 Y:A552 S:0122 D:0000 DB:86 nvMxdizc V: 20 H:126 F:27
				849C64 C2 21       REP #$21               A:011D X:C437 Y:A552 S:0122 D:0000 DB:86 nvMxdizc V: 20 H:131 F:27
				849C66 B9 00 00    LDA $0000,Y   [86A552] A:011D X:C437 Y:A552 S:0122 D:0000 DB:86 nvmxdizc V: 20 H:145 F:27
				849C69 29 FF 00    AND #$00FF             A:FF00 X:C437 Y:A552 S:0122 D:0000 DB:86 Nvmxdizc V: 20 H:154 F:27
				849C6C 89 80 00    BIT #$0080             A:0000 X:C437 Y:A552 S:0122 D:0000 DB:86 nvmxdiZc V: 20 H:159 F:27
				849C6F F0 03       BEQ $0003     [849C74] A:0000 X:C437 Y:A552 S:0122 D:0000 DB:86 nvmxdiZc V: 20 H:163 F:27
				849C74 24 07       BIT $07       [000007] A:0000 X:C437 Y:A552 S:0122 D:0000 DB:86 nvmxdiZc V: 20 H:168 F:27
				849C76 50 04       BVC $0004     [849C7C] A:0000 X:C437 Y:A552 S:0122 D:0000 DB:86 nvmxdiZc V: 20 H:175 F:27
				849C7C 85 0A       STA $0A       [00000A] A:0000 X:C437 Y:A552 S:0122 D:0000 DB:86 nvmxdiZc V: 20 H:179 F:27
				849C7E 64 10       STZ $10       [000010] A:0000 X:C437 Y:A552 S:0122 D:0000 DB:86 nvmxdiZc V: 20 H:186 F:27
				849C80 BD 00 00    LDA $0000,X   [86C437] A:0000 X:C437 Y:A552 S:0122 D:0000 DB:86 nvmxdiZc V: 20 H:193 F:27
				849C83 29 FF 00    AND #$00FF             A:0200 X:C437 Y:A552 S:0122 D:0000 DB:86 nvmxdizc V: 20 H:202 F:27
				849C86 89 80 00    BIT #$0080             A:0000 X:C437 Y:A552 S:0122 D:0000 DB:86 nvmxdiZc V: 20 H:207 F:27
				849C89 F0 03       BEQ $0003     [849C8E] A:0000 X:C437 Y:A552 S:0122 D:0000 DB:86 nvmxdiZc V: 20 H:211 F:27
				849C8E 24 08       BIT $08       [000008] A:0000 X:C437 Y:A552 S:0122 D:0000 DB:86 nvmxdiZc V: 20 H:216 F:27
				849C90 50 04       BVC $0004     [849C96] A:0000 X:C437 Y:A552 S:0122 D:0000 DB:86 nVmxdiZc V: 20 H:223 F:27
				849C92 49 FF FF    EOR #$FFFF             A:0000 X:C437 Y:A552 S:0122 D:0000 DB:86 nVmxdiZc V: 20 H:226 F:27
				849C95 1A          INC                    A:FFFF X:C437 Y:A552 S:0122 D:0000 DB:86 NVmxdizc V: 20 H:230 F:27
				849C96 65 0C       ADC $0C       [00000C] A:0000 X:C437 Y:A552 S:0122 D:0000 DB:86 nVmxdiZc V: 20 H:233 F:27
				849C98 38          SEC                    A:1E20 X:C437 Y:A552 S:0122 D:0000 DB:86 nvmxdizc V: 20 H:240 F:27
				849C99 E5 04       SBC $04       [000004] A:1E20 X:C437 Y:A552 S:0122 D:0000 DB:86 nvmxdizC V: 20 H:243 F:27
				849C9B 38          SEC                    A:FF40 X:C437 Y:A552 S:0122 D:0000 DB:86 Nvmxdizc V: 20 H:250 F:27
				849C9C E5 0A       SBC $0A       [00000A] A:FF40 X:C437 Y:A552 S:0122 D:0000 DB:86 NvmxdizC V: 20 H:253 F:27
				849C9E 10 06       BPL $0006     [849CA6] A:FF40 X:C437 Y:A552 S:0122 D:0000 DB:86 NvmxdizC V: 20 H:260 F:27
				849CA0 C6 10       DEC $10       [000010] A:FF40 X:C437 Y:A552 S:0122 D:0000 DB:86 NvmxdizC V: 20 H:263 F:27
				849CA2 49 FF FF    EOR #$FFFF             A:FF40 X:C437 Y:A552 S:0122 D:0000 DB:86 NvmxdizC V: 20 H:276 F:27
				849CA5 1A          INC                    A:00BF X:C437 Y:A552 S:0122 D:0000 DB:86 nvmxdizC V: 20 H:280 F:27
				849CA6 85 04       STA $04       [000004] A:00C0 X:C437 Y:A552 S:0122 D:0000 DB:86 nvmxdizC V: 20 H:283 F:27
				849CA8 A5 00       LDA $00       [000000] A:00C0 X:C437 Y:A552 S:0122 D:0000 DB:86 nvmxdizC V: 20 H:290 F:27
				849CAA 38          SEC                    A:0010 X:C437 Y:A552 S:0122 D:0000 DB:86 nvmxdizC V: 20 H:297 F:27
				849CAB E5 04       SBC $04       [000004] A:0010 X:C437 Y:A552 S:0122 D:0000 DB:86 nvmxdizC V: 20 H:300 F:27
				849CAD 1A          INC                    A:FF50 X:C437 Y:A552 S:0122 D:0000 DB:86 Nvmxdizc V: 20 H:307 F:27
				849CAE 85 04       STA $04       [000004] A:FF51 X:C437 Y:A552 S:0122 D:0000 DB:86 Nvmxdizc V: 20 H:310 F:27
				849CB0 24 0F       BIT $0F       [00000F] A:FF51 X:C437 Y:A552 S:0122 D:0000 DB:86 Nvmxdizc V: 20 H:317 F:27
				849CB2 30 04       BMI $0004     [849CB8] A:FF51 X:C437 Y:A552 S:0122 D:0000 DB:86 NVmxdizc V: 20 H:324 F:27
				849CB8 85 00       STA $00       [000000] A:FF51 X:C437 Y:A552 S:0122 D:0000 DB:86 NVmxdizc V: 20 H:328 F:27
				849CBA 90 45       BCC $0045     [849D01] A:FF51 X:C437 Y:A552 S:0122 D:0000 DB:86 NVmxdizc V: 20 H:335 F:27
				849D01 E2 20       SEP #$20               A:FF51 X:C437 Y:A552 S:0122 D:0000 DB:86 NVmxdizc V: 20 H:339 F:27
				849D03 2B          PLD                    A:FF51 X:C437 Y:A552 S:0122 D:0000 DB:86 NVMxdizc V: 21 H:  4 F:27
				849D04 FA          PLX                    A:FF51 X:C437 Y:A552 S:0124 D:0E68 DB:86 nVMxdizc V: 21 H: 12 F:27
				849D05 7A          PLY                    A:FF51 X:0BA8 Y:A552 S:0126 D:0E68 DB:86 nVMxdizc V: 21 H: 21 F:27
				849D06 6B          RTL                    A:FF51 X:0BA8 Y:0002 S:0128 D:0E68 DB:86 nVMxdizc V: 21 H: 29 F:27

			849B23 90 19       BCC $0019     [849B3E] A:FF51 X:0BA8 Y:0002 S:012B D:0E68 DB:86 nVMxdizc V: 21 H: 40 F:27
			849B3E E2 10       SEP #$10               A:FF51 X:0BA8 Y:0002 S:012B D:0E68 DB:86 nVMxdizc V: 21 H: 44 F:27
			849B40 A9 00       LDA #$00               A:FF51 X:00A8 Y:0002 S:012B D:0E68 DB:86 nVMXdizc V: 21 H: 49 F:27
			849B42 6B          RTL                    A:FF00 X:00A8 Y:0002 S:012B D:0E68 DB:86 nVMXdiZc V: 21 H: 52 F:27

		81B6E4 AD CF 0B    LDA $0BCF     [860BCF] A:FF00 X:00A8 Y:0002 S:012E D:0E68 DB:86 nVMXdiZc V: 21 H: 62 F:27
		81B6E7 29 7F       AND #$7F               A:FF20 X:00A8 Y:0002 S:012E D:0E68 DB:86 nVMXdizc V: 21 H: 69 F:27
		81B6E9 D0 04       BNE $0004     [81B6EF] A:FF20 X:00A8 Y:0002 S:012E D:0E68 DB:86 nVMXdizc V: 21 H: 72 F:27
		81B6EF 5C B4 80 82 JML $8280B4   [8280B4] A:FF20 X:00A8 Y:0002 S:012E D:0E68 DB:86 nVMXdizc V: 21 H: 76 F:27

		8280B4 C2 20       REP #$20               A:FF20 X:00A8 Y:0002 S:012E D:0E68 DB:86 nVMXdizc V: 21 H: 82 F:27
		8280B6 38          SEC                    A:FF20 X:00A8 Y:0002 S:012E D:0E68 DB:86 nVmXdizc V: 21 H: 87 F:27
		8280B7 A5 05       LDA $05       [000E6D] A:FF20 X:00A8 Y:0002 S:012E D:0E68 DB:86 nVmXdizC V: 21 H: 90 F:27
		8280B9 ED 4D 1E    SBC $1E4D     [861E4D] A:1E20 X:00A8 Y:0002 S:012E D:0E68 DB:86 nVmXdizC V: 21 H: 98 F:27
		8280BC 18          CLC                    A:0020 X:00A8 Y:0002 S:012E D:0E68 DB:86 nvmXdizC V: 21 H:107 F:27
		8280BD 69 20 00    ADC #$0020             A:0020 X:00A8 Y:0002 S:012E D:0E68 DB:86 nvmXdizc V: 21 H:110 F:27
		8280C0 C9 40 01    CMP #$0140             A:0040 X:00A8 Y:0002 S:012E D:0E68 DB:86 nvmXdizc V: 21 H:114 F:27
		8280C3 B0 0F       BCS $000F     [8280D4] A:0040 X:00A8 Y:0002 S:012E D:0E68 DB:86 NvmXdizc V: 21 H:119 F:27
		8280C5 38          SEC                    A:0040 X:00A8 Y:0002 S:012E D:0E68 DB:86 NvmXdizc V: 21 H:122 F:27
		8280C6 A5 08       LDA $08       [000E70] A:0040 X:00A8 Y:0002 S:012E D:0E68 DB:86 NvmXdizC V: 21 H:125 F:27
		8280C8 ED 50 1E    SBC $1E50     [861E50] A:01AC X:00A8 Y:0002 S:012E D:0E68 DB:86 nvmXdizC V: 21 H:133 F:27
		8280CB 18          CLC                    A:00AC X:00A8 Y:0002 S:012E D:0E68 DB:86 nvmXdizC V: 21 H:152 F:27
		8280CC 69 10 00    ADC #$0010             A:00AC X:00A8 Y:0002 S:012E D:0E68 DB:86 nvmXdizc V: 21 H:155 F:27
		8280CF C9 00 01    CMP #$0100             A:00BC X:00A8 Y:0002 S:012E D:0E68 DB:86 nvmXdizc V: 21 H:159 F:27
		8280D2 90 05       BCC $0005     [8280D9] A:00BC X:00A8 Y:0002 S:012E D:0E68 DB:86 NvmXdizc V: 21 H:164 F:27
		8280D9 E2 20       SEP #$20               A:00BC X:00A8 Y:0002 S:012E D:0E68 DB:86 NvmXdizc V: 21 H:168 F:27
		8280DB A9 81       LDA #$81               A:00BC X:00A8 Y:0002 S:012E D:0E68 DB:86 NvMXdizc V: 21 H:173 F:27
		8280DD 85 0E       STA $0E       [000E76] A:0081 X:00A8 Y:0002 S:012E D:0E68 DB:86 NvMXdizc V: 21 H:176 F:27
		8280DF E2 30       SEP #$30               A:0081 X:00A8 Y:0002 S:012E D:0E68 DB:86 NvMXdizc V: 21 H:182 F:27
		8280E1 A6 12       LDX $12       [000E7A] A:0081 X:00A8 Y:0002 S:012E D:0E68 DB:86 NvMXdizc V: 21 H:187 F:27
		8280E3 10 02       BPL $0002     [8280E7] A:0081 X:0004 Y:0002 S:012E D:0E68 DB:86 nvMXdizc V: 21 H:193 F:27
		8280E7 7C EA 80    JMP ($80EA,X) [8280EE] A:0081 X:0004 Y:0002 S:012E D:0E68 DB:86 nvMXdizc V: 21 H:198 F:27

		828135 AD EA 00    LDA $00EA     [8600EA] A:0081 X:0004 Y:0002 S:012E D:0E68 DB:86 nvMXdizc V: 21 H:207 F:27
		828138 C9 20       CMP #$20               A:0001 X:0004 Y:0002 S:012E D:0E68 DB:86 nvMXdizc V: 21 H:213 F:27
		82813A B0 0D       BCS $000D     [828149] A:0001 X:0004 Y:0002 S:012E D:0E68 DB:86 NvMXdizc V: 21 H:216 F:27
		82813C 0A          ASL A                  A:0001 X:0004 Y:0002 S:012E D:0E68 DB:86 NvMXdizc V: 21 H:219 F:27
		82813D AA          TAX                    A:0002 X:0004 Y:0002 S:012E D:0E68 DB:86 nvMXdizc V: 21 H:222 F:27
		82813E C2 20       REP #$20               A:0002 X:0002 Y:0002 S:012E D:0E68 DB:86 nvMXdizc V: 21 H:225 F:27
		828140 7B          TDC                    A:0002 X:0002 Y:0002 S:012E D:0E68 DB:86 nvmXdizc V: 21 H:230 F:27
		828141 9D E0 09    STA $09E0,X   [8609E2] A:0E68 X:0002 Y:0002 S:012E D:0E68 DB:86 nvmXdizc V: 21 H:233 F:27
		828144 E2 20       SEP #$20               A:0E68 X:0002 Y:0002 S:012E D:0E68 DB:86 nvmXdizc V: 21 H:243 F:27
		828146 EE EA 00    INC $00EA     [8600EA] A:0E68 X:0002 Y:0002 S:012E D:0E68 DB:86 nvMXdizc V: 21 H:247 F:27
		828149 6B          RTL                    A:0E68 X:0002 Y:0002 S:012E D:0E68 DB:86 nvMXdizc V: 21 H:257 F:27

	80F9BF 60          RTS                    A:0E68 X:0002 Y:0002 S:0131 D:0E68 DB:86 nvMXdizc V: 21 H:268 F:27

80D4F9 C2 21       REP #$21               A:0E68 X:0002 Y:0002 S:0133 D:0E68 DB:86 nvMXdizc V: 21 H:278 F:27
80D4FB 7B          TDC                    A:0E68 X:0002 Y:0002 S:0133 D:0E68 DB:86 nvmXdizc V: 21 H:282 F:27
80D4FC 69 40 00    ADC #$0040             A:0E68 X:0002 Y:0002 S:0133 D:0E68 DB:86 nvmXdizc V: 21 H:285 F:27
80D4FF C9 28 12    CMP #$1228             A:0EA8 X:0002 Y:0002 S:0133 D:0E68 DB:86 nvmXdizc V: 21 H:290 F:27
80D502 90 EB       BCC $00EB     [80D4EF] A:0EA8 X:0002 Y:0002 S:0133 D:0E68 DB:86 NvmXdizc V: 21 H:294 F:27
80D4EF 5B          TCD                    A:0EA8 X:0002 Y:0002 S:0133 D:0E68 DB:86 NvmXdizc V: 21 H:299 F:27
80D4F0 E2 30       SEP #$30               A:0EA8 X:0002 Y:0002 S:0133 D:0EA8 DB:86 nvmXdizc V: 21 H:302 F:27
80D4F2 A5 00       LDA $00       [000EA8] A:0EA8 X:0002 Y:0002 S:0133 D:0EA8 DB:86 nvMXdizc V: 21 H:306 F:27
80D4F4 F0 03       BEQ $0003     [80D4F9] A:0E00 X:0002 Y:0002 S:0133 D:0EA8 DB:86 nvMXdiZc V: 21 H:313 F:27
80D4F9 C2 21       REP #$21               A:0E00 X:0002 Y:0002 S:0133 D:0EA8 DB:86 nvMXdiZc V: 21 H:317 F:27
80D4FB 7B          TDC                    A:0E00 X:0002 Y:0002 S:0133 D:0EA8 DB:86 nvmXdiZc V: 21 H:322 F:27
80D4FC 69 40 00    ADC #$0040             A:0EA8 X:0002 Y:0002 S:0133 D:0EA8 DB:86 nvmXdizc V: 21 H:324 F:27
80D4FF C9 28 12    CMP #$1228             A:0EE8 X:0002 Y:0002 S:0133 D:0EA8 DB:86 nvmXdizc V: 21 H:328 F:27
80D502 90 EB       BCC $00EB     [80D4EF] A:0EE8 X:0002 Y:0002 S:0133 D:0EA8 DB:86 NvmXdizc V: 21 H:333 F:27
80D4EF 5B          TCD                    A:0EE8 X:0002 Y:0002 S:0133 D:0EA8 DB:86 NvmXdizc V: 21 H:337 F:27
80D4F0 E2 30       SEP #$30               A:0EE8 X:0002 Y:0002 S:0133 D:0EE8 DB:86 nvmXdizc V: 22 H:  0 F:27
80D4F2 A5 00       LDA $00       [000EE8] A:0EE8 X:0002 Y:0002 S:0133 D:0EE8 DB:86 nvMXdizc V: 22 H:  5 F:27
80D4F4 F0 03       BEQ $0003     [80D4F9] A:0E00 X:0002 Y:0002 S:0133 D:0EE8 DB:86 nvMXdiZc V: 22 H: 11 F:27
80D4F9 C2 21       REP #$21               A:0E00 X:0002 Y:0002 S:0133 D:0EE8 DB:86 nvMXdiZc V: 22 H: 16 F:27
80D4FB 7B          TDC                    A:0E00 X:0002 Y:0002 S:0133 D:0EE8 DB:86 nvmXdiZc V: 22 H: 20 F:27
80D4FC 69 40 00    ADC #$0040             A:0EE8 X:0002 Y:0002 S:0133 D:0EE8 DB:86 nvmXdizc V: 22 H: 23 F:27
80D4FF C9 28 12    CMP #$1228             A:0F28 X:0002 Y:0002 S:0133 D:0EE8 DB:86 nvmXdizc V: 22 H: 28 F:27
80D502 90 EB       BCC $00EB     [80D4EF] A:0F28 X:0002 Y:0002 S:0133 D:0EE8 DB:86 NvmXdizc V: 22 H: 32 F:27
80D4EF 5B          TCD                    A:0F28 X:0002 Y:0002 S:0133 D:0EE8 DB:86 NvmXdizc V: 22 H: 37 F:27
80D4F0 E2 30       SEP #$30               A:0F28 X:0002 Y:0002 S:0133 D:0F28 DB:86 nvmXdizc V: 22 H: 40 F:27
80D4F2 A5 00       LDA $00       [000F28] A:0F28 X:0002 Y:0002 S:0133 D:0F28 DB:86 nvMXdizc V: 22 H: 44 F:27
80D4F4 F0 03       BEQ $0003     [80D4F9] A:0F00 X:0002 Y:0002 S:0133 D:0F28 DB:86 nvMXdiZc V: 22 H: 51 F:27
80D4F9 C2 21       REP #$21               A:0F00 X:0002 Y:0002 S:0133 D:0F28 DB:86 nvMXdiZc V: 22 H: 55 F:27
80D4FB 7B          TDC                    A:0F00 X:0002 Y:0002 S:0133 D:0F28 DB:86 nvmXdiZc V: 22 H: 60 F:27
80D4FC 69 40 00    ADC #$0040             A:0F28 X:0002 Y:0002 S:0133 D:0F28 DB:86 nvmXdizc V: 22 H: 63 F:27
80D4FF C9 28 12    CMP #$1228             A:0F68 X:0002 Y:0002 S:0133 D:0F28 DB:86 nvmXdizc V: 22 H: 67 F:27
80D502 90 EB       BCC $00EB     [80D4EF] A:0F68 X:0002 Y:0002 S:0133 D:0F28 DB:86 NvmXdizc V: 22 H: 72 F:27
80D4EF 5B          TCD                    A:0F68 X:0002 Y:0002 S:0133 D:0F28 DB:86 NvmXdizc V: 22 H: 76 F:27
80D4F0 E2 30       SEP #$30               A:0F68 X:0002 Y:0002 S:0133 D:0F68 DB:86 nvmXdizc V: 22 H: 79 F:27
80D4F2 A5 00       LDA $00       [000F68] A:0F68 X:0002 Y:0002 S:0133 D:0F68 DB:86 nvMXdizc V: 22 H: 84 F:27
80D4F4 F0 03       BEQ $0003     [80D4F9] A:0F00 X:0002 Y:0002 S:0133 D:0F68 DB:86 nvMXdiZc V: 22 H: 90 F:27
80D4F9 C2 21       REP #$21               A:0F00 X:0002 Y:0002 S:0133 D:0F68 DB:86 nvMXdiZc V: 22 H: 95 F:27
80D4FB 7B          TDC                    A:0F00 X:0002 Y:0002 S:0133 D:0F68 DB:86 nvmXdiZc V: 22 H: 99 F:27
80D4FC 69 40 00    ADC #$0040             A:0F68 X:0002 Y:0002 S:0133 D:0F68 DB:86 nvmXdizc V: 22 H:102 F:27
80D4FF C9 28 12    CMP #$1228             A:0FA8 X:0002 Y:0002 S:0133 D:0F68 DB:86 nvmXdizc V: 22 H:107 F:27
80D502 90 EB       BCC $00EB     [80D4EF] A:0FA8 X:0002 Y:0002 S:0133 D:0F68 DB:86 NvmXdizc V: 22 H:111 F:27
80D4EF 5B          TCD                    A:0FA8 X:0002 Y:0002 S:0133 D:0F68 DB:86 NvmXdizc V: 22 H:116 F:27
80D4F0 E2 30       SEP #$30               A:0FA8 X:0002 Y:0002 S:0133 D:0FA8 DB:86 nvmXdizc V: 22 H:119 F:27
80D4F2 A5 00       LDA $00       [000FA8] A:0FA8 X:0002 Y:0002 S:0133 D:0FA8 DB:86 nvMXdizc V: 22 H:123 F:27
80D4F4 F0 03       BEQ $0003     [80D4F9] A:0F00 X:0002 Y:0002 S:0133 D:0FA8 DB:86 nvMXdiZc V: 22 H:130 F:27
80D4F9 C2 21       REP #$21               A:0F00 X:0002 Y:0002 S:0133 D:0FA8 DB:86 nvMXdiZc V: 22 H:144 F:27
80D4FB 7B          TDC                    A:0F00 X:0002 Y:0002 S:0133 D:0FA8 DB:86 nvmXdiZc V: 22 H:149 F:27
80D4FC 69 40 00    ADC #$0040             A:0FA8 X:0002 Y:0002 S:0133 D:0FA8 DB:86 nvmXdizc V: 22 H:152 F:27
80D4FF C9 28 12    CMP #$1228             A:0FE8 X:0002 Y:0002 S:0133 D:0FA8 DB:86 nvmXdizc V: 22 H:156 F:27
80D502 90 EB       BCC $00EB     [80D4EF] A:0FE8 X:0002 Y:0002 S:0133 D:0FA8 DB:86 NvmXdizc V: 22 H:161 F:27
80D4EF 5B          TCD                    A:0FE8 X:0002 Y:0002 S:0133 D:0FA8 DB:86 NvmXdizc V: 22 H:165 F:27
80D4F0 E2 30       SEP #$30               A:0FE8 X:0002 Y:0002 S:0133 D:0FE8 DB:86 nvmXdizc V: 22 H:168 F:27
80D4F2 A5 00       LDA $00       [000FE8] A:0FE8 X:0002 Y:0002 S:0133 D:0FE8 DB:86 nvMXdizc V: 22 H:173 F:27
80D4F4 F0 03       BEQ $0003     [80D4F9] A:0F00 X:0002 Y:0002 S:0133 D:0FE8 DB:86 nvMXdiZc V: 22 H:179 F:27
80D4F9 C2 21       REP #$21               A:0F00 X:0002 Y:0002 S:0133 D:0FE8 DB:86 nvMXdiZc V: 22 H:184 F:27
80D4FB 7B          TDC                    A:0F00 X:0002 Y:0002 S:0133 D:0FE8 DB:86 nvmXdiZc V: 22 H:188 F:27
80D4FC 69 40 00    ADC #$0040             A:0FE8 X:0002 Y:0002 S:0133 D:0FE8 DB:86 nvmXdizc V: 22 H:191 F:27
80D4FF C9 28 12    CMP #$1228             A:1028 X:0002 Y:0002 S:0133 D:0FE8 DB:86 nvmXdizc V: 22 H:196 F:27
80D502 90 EB       BCC $00EB     [80D4EF] A:1028 X:0002 Y:0002 S:0133 D:0FE8 DB:86 NvmXdizc V: 22 H:200 F:27
80D4EF 5B          TCD                    A:1028 X:0002 Y:0002 S:0133 D:0FE8 DB:86 NvmXdizc V: 22 H:205 F:27
80D4F0 E2 30       SEP #$30               A:1028 X:0002 Y:0002 S:0133 D:1028 DB:86 nvmXdizc V: 22 H:208 F:27
80D4F2 A5 00       LDA $00       [001028] A:1028 X:0002 Y:0002 S:0133 D:1028 DB:86 nvMXdizc V: 22 H:212 F:27
80D4F4 F0 03       BEQ $0003     [80D4F9] A:1000 X:0002 Y:0002 S:0133 D:1028 DB:86 nvMXdiZc V: 22 H:219 F:27
80D4F9 C2 21       REP #$21               A:1000 X:0002 Y:0002 S:0133 D:1028 DB:86 nvMXdiZc V: 22 H:223 F:27
80D4FB 7B          TDC                    A:1000 X:0002 Y:0002 S:0133 D:1028 DB:86 nvmXdiZc V: 22 H:228 F:27
80D4FC 69 40 00    ADC #$0040             A:1028 X:0002 Y:0002 S:0133 D:1028 DB:86 nvmXdizc V: 22 H:231 F:27
80D4FF C9 28 12    CMP #$1228             A:1068 X:0002 Y:0002 S:0133 D:1028 DB:86 nvmXdizc V: 22 H:235 F:27
80D502 90 EB       BCC $00EB     [80D4EF] A:1068 X:0002 Y:0002 S:0133 D:1028 DB:86 NvmXdizc V: 22 H:240 F:27
80D4EF 5B          TCD                    A:1068 X:0002 Y:0002 S:0133 D:1028 DB:86 NvmXdizc V: 22 H:244 F:27
80D4F0 E2 30       SEP #$30               A:1068 X:0002 Y:0002 S:0133 D:1068 DB:86 nvmXdizc V: 22 H:247 F:27
80D4F2 A5 00       LDA $00       [001068] A:1068 X:0002 Y:0002 S:0133 D:1068 DB:86 nvMXdizc V: 22 H:252 F:27
80D4F4 F0 03       BEQ $0003     [80D4F9] A:1000 X:0002 Y:0002 S:0133 D:1068 DB:86 nvMXdiZc V: 22 H:258 F:27
80D4F9 C2 21       REP #$21               A:1000 X:0002 Y:0002 S:0133 D:1068 DB:86 nvMXdiZc V: 22 H:263 F:27
80D4FB 7B          TDC                    A:1000 X:0002 Y:0002 S:0133 D:1068 DB:86 nvmXdiZc V: 22 H:267 F:27
80D4FC 69 40 00    ADC #$0040             A:1068 X:0002 Y:0002 S:0133 D:1068 DB:86 nvmXdizc V: 22 H:270 F:27
80D4FF C9 28 12    CMP #$1228             A:10A8 X:0002 Y:0002 S:0133 D:1068 DB:86 nvmXdizc V: 22 H:275 F:27
80D502 90 EB       BCC $00EB     [80D4EF] A:10A8 X:0002 Y:0002 S:0133 D:1068 DB:86 NvmXdizc V: 22 H:279 F:27
80D4EF 5B          TCD                    A:10A8 X:0002 Y:0002 S:0133 D:1068 DB:86 NvmXdizc V: 22 H:284 F:27
80D4F0 E2 30       SEP #$30               A:10A8 X:0002 Y:0002 S:0133 D:10A8 DB:86 nvmXdizc V: 22 H:287 F:27
80D4F2 A5 00       LDA $00       [0010A8] A:10A8 X:0002 Y:0002 S:0133 D:10A8 DB:86 nvMXdizc V: 22 H:291 F:27
80D4F4 F0 03       BEQ $0003     [80D4F9] A:1000 X:0002 Y:0002 S:0133 D:10A8 DB:86 nvMXdiZc V: 22 H:298 F:27
80D4F9 C2 21       REP #$21               A:1000 X:0002 Y:0002 S:0133 D:10A8 DB:86 nvMXdiZc V: 22 H:302 F:27
80D4FB 7B          TDC                    A:1000 X:0002 Y:0002 S:0133 D:10A8 DB:86 nvmXdiZc V: 22 H:307 F:27
80D4FC 69 40 00    ADC #$0040             A:10A8 X:0002 Y:0002 S:0133 D:10A8 DB:86 nvmXdizc V: 22 H:310 F:27
80D4FF C9 28 12    CMP #$1228             A:10E8 X:0002 Y:0002 S:0133 D:10A8 DB:86 nvmXdizc V: 22 H:314 F:27
80D502 90 EB       BCC $00EB     [80D4EF] A:10E8 X:0002 Y:0002 S:0133 D:10A8 DB:86 NvmXdizc V: 22 H:319 F:27
80D4EF 5B          TCD                    A:10E8 X:0002 Y:0002 S:0133 D:10A8 DB:86 NvmXdizc V: 22 H:323 F:27
80D4F0 E2 30       SEP #$30               A:10E8 X:0002 Y:0002 S:0133 D:10E8 DB:86 nvmXdizc V: 22 H:326 F:27
80D4F2 A5 00       LDA $00       [0010E8] A:10E8 X:0002 Y:0002 S:0133 D:10E8 DB:86 nvMXdizc V: 22 H:330 F:27
80D4F4 F0 03       BEQ $0003     [80D4F9] A:1000 X:0002 Y:0002 S:0133 D:10E8 DB:86 nvMXdiZc V: 22 H:336 F:27
80D4F9 C2 21       REP #$21               A:1000 X:0002 Y:0002 S:0133 D:10E8 DB:86 nvMXdiZc V: 23 H:  1 F:27
80D4FB 7B          TDC                    A:1000 X:0002 Y:0002 S:0133 D:10E8 DB:86 nvmXdiZc V: 23 H:  5 F:27
80D4FC 69 40 00    ADC #$0040             A:10E8 X:0002 Y:0002 S:0133 D:10E8 DB:86 nvmXdizc V: 23 H:  8 F:27
80D4FF C9 28 12    CMP #$1228             A:1128 X:0002 Y:0002 S:0133 D:10E8 DB:86 nvmXdizc V: 23 H: 13 F:27
80D502 90 EB       BCC $00EB     [80D4EF] A:1128 X:0002 Y:0002 S:0133 D:10E8 DB:86 NvmXdizc V: 23 H: 17 F:27
80D4EF 5B          TCD                    A:1128 X:0002 Y:0002 S:0133 D:10E8 DB:86 NvmXdizc V: 23 H: 22 F:27
80D4F0 E2 30       SEP #$30               A:1128 X:0002 Y:0002 S:0133 D:1128 DB:86 nvmXdizc V: 23 H: 25 F:27
80D4F2 A5 00       LDA $00       [001128] A:1128 X:0002 Y:0002 S:0133 D:1128 DB:86 nvMXdizc V: 23 H: 29 F:27
80D4F4 F0 03       BEQ $0003     [80D4F9] A:1100 X:0002 Y:0002 S:0133 D:1128 DB:86 nvMXdiZc V: 23 H: 36 F:27
80D4F9 C2 21       REP #$21               A:1100 X:0002 Y:0002 S:0133 D:1128 DB:86 nvMXdiZc V: 23 H: 40 F:27
80D4FB 7B          TDC                    A:1100 X:0002 Y:0002 S:0133 D:1128 DB:86 nvmXdiZc V: 23 H: 45 F:27
80D4FC 69 40 00    ADC #$0040             A:1128 X:0002 Y:0002 S:0133 D:1128 DB:86 nvmXdizc V: 23 H: 48 F:27
80D4FF C9 28 12    CMP #$1228             A:1168 X:0002 Y:0002 S:0133 D:1128 DB:86 nvmXdizc V: 23 H: 52 F:27
80D502 90 EB       BCC $00EB     [80D4EF] A:1168 X:0002 Y:0002 S:0133 D:1128 DB:86 NvmXdizc V: 23 H: 57 F:27
80D4EF 5B          TCD                    A:1168 X:0002 Y:0002 S:0133 D:1128 DB:86 NvmXdizc V: 23 H: 61 F:27
80D4F0 E2 30       SEP #$30               A:1168 X:0002 Y:0002 S:0133 D:1168 DB:86 nvmXdizc V: 23 H: 64 F:27
80D4F2 A5 00       LDA $00       [001168] A:1168 X:0002 Y:0002 S:0133 D:1168 DB:86 nvMXdizc V: 23 H: 69 F:27
80D4F4 F0 03       BEQ $0003     [80D4F9] A:1100 X:0002 Y:0002 S:0133 D:1168 DB:86 nvMXdiZc V: 23 H: 75 F:27
80D4F9 C2 21       REP #$21               A:1100 X:0002 Y:0002 S:0133 D:1168 DB:86 nvMXdiZc V: 23 H: 80 F:27
80D4FB 7B          TDC                    A:1100 X:0002 Y:0002 S:0133 D:1168 DB:86 nvmXdiZc V: 23 H: 84 F:27
80D4FC 69 40 00    ADC #$0040             A:1168 X:0002 Y:0002 S:0133 D:1168 DB:86 nvmXdizc V: 23 H: 87 F:27
80D4FF C9 28 12    CMP #$1228             A:11A8 X:0002 Y:0002 S:0133 D:1168 DB:86 nvmXdizc V: 23 H: 92 F:27
80D502 90 EB       BCC $00EB     [80D4EF] A:11A8 X:0002 Y:0002 S:0133 D:1168 DB:86 NvmXdizc V: 23 H: 96 F:27
80D4EF 5B          TCD                    A:11A8 X:0002 Y:0002 S:0133 D:1168 DB:86 NvmXdizc V: 23 H:101 F:27
80D4F0 E2 30       SEP #$30               A:11A8 X:0002 Y:0002 S:0133 D:11A8 DB:86 nvmXdizc V: 23 H:104 F:27
80D4F2 A5 00       LDA $00       [0011A8] A:11A8 X:0002 Y:0002 S:0133 D:11A8 DB:86 nvMXdizc V: 23 H:108 F:27
80D4F4 F0 03       BEQ $0003     [80D4F9] A:1100 X:0002 Y:0002 S:0133 D:11A8 DB:86 nvMXdiZc V: 23 H:115 F:27
80D4F9 C2 21       REP #$21               A:1100 X:0002 Y:0002 S:0133 D:11A8 DB:86 nvMXdiZc V: 23 H:119 F:27
80D4FB 7B          TDC                    A:1100 X:0002 Y:0002 S:0133 D:11A8 DB:86 nvmXdiZc V: 23 H:124 F:27
80D4FC 69 40 00    ADC #$0040             A:11A8 X:0002 Y:0002 S:0133 D:11A8 DB:86 nvmXdizc V: 23 H:127 F:27
80D4FF C9 28 12    CMP #$1228             A:11E8 X:0002 Y:0002 S:0133 D:11A8 DB:86 nvmXdizc V: 23 H:131 F:27
80D502 90 EB       BCC $00EB     [80D4EF] A:11E8 X:0002 Y:0002 S:0133 D:11A8 DB:86 NvmXdizc V: 23 H:146 F:27
80D4EF 5B          TCD                    A:11E8 X:0002 Y:0002 S:0133 D:11A8 DB:86 NvmXdizc V: 23 H:150 F:27
80D4F0 E2 30       SEP #$30               A:11E8 X:0002 Y:0002 S:0133 D:11E8 DB:86 nvmXdizc V: 23 H:153 F:27
80D4F2 A5 00       LDA $00       [0011E8] A:11E8 X:0002 Y:0002 S:0133 D:11E8 DB:86 nvMXdizc V: 23 H:158 F:27
80D4F4 F0 03       BEQ $0003     [80D4F9] A:1100 X:0002 Y:0002 S:0133 D:11E8 DB:86 nvMXdiZc V: 23 H:164 F:27
80D4F9 C2 21       REP #$21               A:1100 X:0002 Y:0002 S:0133 D:11E8 DB:86 nvMXdiZc V: 23 H:169 F:27
80D4FB 7B          TDC                    A:1100 X:0002 Y:0002 S:0133 D:11E8 DB:86 nvmXdiZc V: 23 H:173 F:27
80D4FC 69 40 00    ADC #$0040             A:11E8 X:0002 Y:0002 S:0133 D:11E8 DB:86 nvmXdizc V: 23 H:176 F:27
80D4FF C9 28 12    CMP #$1228             A:1228 X:0002 Y:0002 S:0133 D:11E8 DB:86 nvmXdizc V: 23 H:181 F:27
80D502 90 EB       BCC $00EB     [80D4EF] A:1228 X:0002 Y:0002 S:0133 D:11E8 DB:86 nvmXdiZC V: 23 H:185 F:27
80D504 E2 30       SEP #$30               A:1228 X:0002 Y:0002 S:0133 D:11E8 DB:86 nvmXdiZC V: 23 H:188 F:27
80D506 60          RTS                    A:1228 X:0002 Y:0002 S:0133 D:11E8 DB:86 nvMXdiZC V: 23 H:193 F:27
