80D4F6 20 30 D5    JSR $D530     [80D530] A:0E01 X:0000 Y:0027 S:0133 D:0E68 DB:86 nvMXdizC V:248 H:242 F: 9

	80D530 C2 20       REP #$20               A:0E01 X:0000 Y:0027 S:0131 D:0E68 DB:86 nvMXdizC V:248 H:252 F: 9
	80D532 A5 05       LDA $05       [000E6D] A:0E01 X:0000 Y:0027 S:0131 D:0E68 DB:86 nvmXdizC V:248 H:257 F: 9
	80D534 85 22       STA $22       [000E8A] A:1EE1 X:0000 Y:0027 S:0131 D:0E68 DB:86 nvmXdizC V:248 H:265 F: 9
	80D536 A5 08       LDA $08       [000E70] A:1EE1 X:0000 Y:0027 S:0131 D:0E68 DB:86 nvmXdizC V:248 H:274 F: 9
	80D538 85 24       STA $24       [000E8C] A:01AC X:0000 Y:0027 S:0131 D:0E68 DB:86 nvmXdizC V:248 H:282 F: 9
	80D53A E2 20       SEP #$20               A:01AC X:0000 Y:0027 S:0131 D:0E68 DB:86 nvmXdizC V:248 H:291 F: 9
	80D53C A9 80       LDA #$80               A:01AC X:0000 Y:0027 S:0131 D:0E68 DB:86 nvMXdizC V:248 H:295 F: 9
	80D53E 14 0E       TRB $0E       [000E76] A:0180 X:0000 Y:0027 S:0131 D:0E68 DB:86 NvMXdizC V:248 H:298 F: 9
	80D540 A5 0A       LDA $0A       [000E72] A:0180 X:0000 Y:0027 S:0131 D:0E68 DB:86 NvMXdizC V:248 H:308 F: 9
	80D542 0A          ASL A                  A:0102 X:0000 Y:0027 S:0131 D:0E68 DB:86 nvMXdizC V:248 H:315 F: 9
	80D543 AA          TAX                    A:0104 X:0000 Y:0027 S:0131 D:0E68 DB:86 nvMXdizc V:248 H:318 F: 9
	80D544 7C DD F8    JMP ($F8DD,X) [80F8E1] A:0104 X:0004 Y:0027 S:0131 D:0E68 DB:86 nvMXdizc V:248 H:321 F: 9

	80F9BB 22 16 B5 81 JSL $81B516   [81B516] A:0104 X:0004 Y:0027 S:0131 D:0E68 DB:86 nvMXdizc V:248 H:329 F: 9

		81B516 A6 01       LDX $01       [000E69] A:0104 X:0004 Y:0027 S:012E D:0E68 DB:86 nvMXdizc V:249 H:  2 F: 9
		81B518 7C 1B B5    JMP ($B51B,X) [81B51F] A:0104 X:0004 Y:0027 S:012E D:0E68 DB:86 nvMXdizc V:249 H:  9 F: 9

		81B629 A5 33       LDA $33       [000E9B] A:0104 X:0004 Y:0027 S:012E D:0E68 DB:86 nvMXdizc V:249 H: 18 F: 9
		81B62B 04 11       TSB $11       [000E79] A:0108 X:0004 Y:0027 S:012E D:0E68 DB:86 nvMXdizc V:249 H: 24 F: 9
		81B62D C2 20       REP #$20               A:0108 X:0004 Y:0027 S:012E D:0E68 DB:86 nvMXdizc V:249 H: 34 F: 9
		81B62F A9 2D C4    LDA #$C42D             A:0108 X:0004 Y:0027 S:012E D:0E68 DB:86 nvmXdizc V:249 H: 39 F: 9
		81B632 85 20       STA $20       [000E88] A:C42D X:0004 Y:0027 S:012E D:0E68 DB:86 NvmXdizc V:249 H: 43 F: 9
		81B634 E2 20       SEP #$20               A:C42D X:0004 Y:0027 S:012E D:0E68 DB:86 NvmXdizc V:249 H: 52 F: 9
		81B636 A6 02       LDX $02       [000E6A] A:C42D X:0004 Y:0027 S:012E D:0E68 DB:86 NvMXdizc V:249 H: 56 F: 9
		81B638 FC F3 B6    JSR ($B6F3,X) [81B6FB] A:C42D X:0008 Y:0027 S:012E D:0E68 DB:86 nvMXdizc V:249 H: 63 F: 9

			81B9FC A6 03       LDX $03       [000E6B] A:C42D X:0008 Y:0027 S:012C D:0E68 DB:86 nvMXdizc V:249 H: 76 F: 9
			81B9FE 7C 01 BA    JMP ($BA01,X) [81BA03] A:C42D X:0002 Y:0027 S:012C D:0E68 DB:86 nvMXdizc V:249 H: 82 F: 9

			81BA4E 22 EA 8E 84 JSL $848EEA   [848EEA] A:C42D X:0002 Y:0027 S:012C D:0E68 DB:86 nvMXdizc V:249 H: 91 F: 9		JSL $848EEA

				848EEA 08          PHP                    A:C42D X:0002 Y:0027 S:0129 D:0E68 DB:86 nvMXdizc V:249 H:105 F: 9
				848EEB 8B          PHB                    A:C42D X:0002 Y:0027 S:0128 D:0E68 DB:86 nvMXdizc V:249 H:110 F: 9
				848EEC E2 30       SEP #$30               A:C42D X:0002 Y:0027 S:0127 D:0E68 DB:86 nvMXdizc V:249 H:115 F: 9
				848EEE C6 13       DEC $13       [000E7B] A:C42D X:0002 Y:0027 S:0127 D:0E68 DB:86 nvMXdizc V:249 H:119 F: 9	Decrease countdown
				848EF0 D0 5D       BNE $005D     [848F4F] A:C42D X:0002 Y:0027 S:0127 D:0E68 DB:86 nvMXdizc V:249 H:129 F: 9	Branch because Countdown <> #$00
				848F4F AB          PLB                    A:C42D X:0002 Y:0027 S:0127 D:0E68 DB:86 nvMXdizc V:249 H:134 F: 9
				848F50 28          PLP                    A:C42D X:0002 Y:0027 S:0128 D:0E68 DB:86 NvMXdizc V:249 H:150 F: 9
				848F51 6B          RTL                    A:C42D X:0002 Y:0027 S:0129 D:0E68 DB:86 nvMXdizc V:249 H:157 F: 9

			81BA52 A5 0F       LDA $0F       [000E77] A:C42D X:0002 Y:0027 S:012C D:0E68 DB:86 nvMXdizc V:249 H:167 F: 9
			81BA54 F0 14       BEQ $0014     [81BA6A] A:C400 X:0002 Y:0027 S:012C D:0E68 DB:86 nvMXdiZc V:249 H:174 F: 9		Branch because CDAction = #$00
			81BA6A 60          RTS                    A:C400 X:0002 Y:0027 S:012C D:0E68 DB:86 nvMXdiZc V:249 H:178 F: 9		Return

		81B63B A9 09       LDA #$09               A:C400 X:0002 Y:0027 S:012E D:0E68 DB:86 nvMXdiZc V:249 H:188 F: 9
