80D4F6 20 30 D5    JSR $D530     [80D530] A:0E01 X:0000 Y:0027 S:0133 D:0E68 DB:86 nvMXdizC V:248 H:192 F:52

	80D530 C2 20       REP #$20               A:0E01 X:0000 Y:0027 S:0131 D:0E68 DB:86 nvMXdizC V:248 H:202 F:52
	80D532 A5 05       LDA $05       [000E6D] A:0E01 X:0000 Y:0027 S:0131 D:0E68 DB:86 nvmXdizC V:248 H:206 F:52
	80D534 85 22       STA $22       [000E8A] A:1EE1 X:0000 Y:0027 S:0131 D:0E68 DB:86 nvmXdizC V:248 H:215 F:52
	80D536 A5 08       LDA $08       [000E70] A:1EE1 X:0000 Y:0027 S:0131 D:0E68 DB:86 nvmXdizC V:248 H:223 F:52
	80D538 85 24       STA $24       [000E8C] A:01AC X:0000 Y:0027 S:0131 D:0E68 DB:86 nvmXdizC V:248 H:232 F:52
	80D53A E2 20       SEP #$20               A:01AC X:0000 Y:0027 S:0131 D:0E68 DB:86 nvmXdizC V:248 H:240 F:52
	80D53C A9 80       LDA #$80               A:01AC X:0000 Y:0027 S:0131 D:0E68 DB:86 nvMXdizC V:248 H:245 F:52
	80D53E 14 0E       TRB $0E       [000E76] A:0180 X:0000 Y:0027 S:0131 D:0E68 DB:86 NvMXdizC V:248 H:248 F:52
	80D540 A5 0A       LDA $0A       [000E72] A:0180 X:0000 Y:0027 S:0131 D:0E68 DB:86 NvMXdizC V:248 H:258 F:52
	80D542 0A          ASL A                  A:0102 X:0000 Y:0027 S:0131 D:0E68 DB:86 nvMXdizC V:248 H:264 F:52
	80D543 AA          TAX                    A:0104 X:0000 Y:0027 S:0131 D:0E68 DB:86 nvMXdizc V:248 H:267 F:52
	80D544 7C DD F8    JMP ($F8DD,X) [80F8E1] A:0104 X:0004 Y:0027 S:0131 D:0E68 DB:86 nvMXdizc V:248 H:270 F:52

	80F9BB 22 16 B5 81 JSL $81B516   [81B516] A:0104 X:0004 Y:0027 S:0131 D:0E68 DB:86 nvMXdizc V:248 H:279 F:52

		81B516 A6 01       LDX $01       [000E69] A:0104 X:0004 Y:0027 S:012E D:0E68 DB:86 nvMXdizc V:248 H:293 F:52
		81B518 7C 1B B5    JMP ($B51B,X) [81B51F] A:0104 X:0004 Y:0027 S:012E D:0E68 DB:86 nvMXdizc V:248 H:299 F:52

		81B629 A5 33       LDA $33       [000E9B] A:0104 X:0004 Y:0027 S:012E D:0E68 DB:86 nvMXdizc V:248 H:308 F:52
		81B62B 04 11       TSB $11       [000E79] A:0108 X:0004 Y:0027 S:012E D:0E68 DB:86 nvMXdizc V:248 H:315 F:52
		81B62D C2 20       REP #$20               A:0108 X:0004 Y:0027 S:012E D:0E68 DB:86 nvMXdizc V:248 H:324 F:52
		81B62F A9 2D C4    LDA #$C42D             A:0108 X:0004 Y:0027 S:012E D:0E68 DB:86 nvmXdizc V:248 H:328 F:52
		81B632 85 20       STA $20       [000E88] A:C42D X:0004 Y:0027 S:012E D:0E68 DB:86 NvmXdizc V:248 H:333 F:52
		81B634 E2 20       SEP #$20               A:C42D X:0004 Y:0027 S:012E D:0E68 DB:86 NvmXdizc V:249 H:  1 F:52
		81B636 A6 02       LDX $02       [000E6A] A:C42D X:0004 Y:0027 S:012E D:0E68 DB:86 NvMXdizc V:249 H:  6 F:52
		81B638 FC F3 B6    JSR ($B6F3,X) [81B6FB] A:C42D X:0008 Y:0027 S:012E D:0E68 DB:86 nvMXdizc V:249 H: 12 F:52

			81B9FC A6 03       LDX $03       [000E6B] A:C42D X:0008 Y:0027 S:012C D:0E68 DB:86 nvMXdizc V:249 H: 25 F:52
			81B9FE 7C 01 BA    JMP ($BA01,X) [81BA03] A:C42D X:0002 Y:0027 S:012C D:0E68 DB:86 nvMXdizc V:249 H: 32 F:52

			81BA4E 22 EA 8E 84 JSL $848EEA   [848EEA] A:C42D X:0002 Y:0027 S:012C D:0E68 DB:86 nvMXdizc V:249 H: 41 F:52		JSL $848EEA --> Decrease CDSkel, Continue Skeleton

				848EEA 08          PHP                    A:C42D X:0002 Y:0027 S:0129 D:0E68 DB:86 nvMXdizc V:249 H: 54 F:52
				848EEB 8B          PHB                    A:C42D X:0002 Y:0027 S:0128 D:0E68 DB:86 nvMXdizc V:249 H: 59 F:52
				848EEC E2 30       SEP #$30               A:C42D X:0002 Y:0027 S:0127 D:0E68 DB:86 nvMXdizc V:249 H: 64 F:52
				848EEE C6 13       DEC $13       [000E7B] A:C42D X:0002 Y:0027 S:0127 D:0E68 DB:86 nvMXdizc V:249 H: 69 F:52
				848EF0 D0 5D       BNE $005D     [848F4F] A:C42D X:0002 Y:0027 S:0127 D:0E68 DB:86 nvMXdiZc V:249 H: 79 F:52
				848EF2 A9 AF       LDA #$AF               A:C42D X:0002 Y:0027 S:0127 D:0E68 DB:86 nvMXdiZc V:249 H: 82 F:52
				848EF4 48          PHA                    A:C4AF X:0002 Y:0027 S:0127 D:0E68 DB:86 NvMXdizc V:249 H: 85 F:52
				848EF5 AB          PLB                    A:C4AF X:0002 Y:0027 S:0126 D:0E68 DB:86 NvMXdizc V:249 H: 90 F:52
				848EF6 C2 21       REP #$21               A:C4AF X:0002 Y:0027 S:0127 D:0E68 DB:AF NvMXdizc V:249 H: 96 F:52
				848EF8 A5 14       LDA $14       [000E7C] A:C4AF X:0002 Y:0027 S:0127 D:0E68 DB:AF NvmXdizc V:249 H:101 F:52
				848EFA 69 03 00    ADC #$0003             A:D031 X:0002 Y:0027 S:0127 D:0E68 DB:AF NvmXdizc V:249 H:109 F:52
				848EFD A4 0F       LDY $0F       [000E77] A:D034 X:0002 Y:0027 S:0127 D:0E68 DB:AF NvmXdizc V:249 H:114 F:52
				848EFF 10 37       BPL $0037     [848F38] A:D034 X:0002 Y:0000 S:0127 D:0E68 DB:AF nvmXdiZc V:249 H:120 F:52
				848F38 85 14       STA $14       [000E7C] A:D034 X:0002 Y:0000 S:0127 D:0E68 DB:AF nvmXdiZc V:249 H:125 F:52
				848F3A E2 30       SEP #$30               A:D034 X:0002 Y:0000 S:0127 D:0E68 DB:AF nvmXdiZc V:249 H:143 F:52
				848F3C B2 14       LDA ($14)     [AFD034] A:D034 X:0002 Y:0000 S:0127 D:0E68 DB:AF nvMXdiZc V:249 H:148 F:52
				848F3E 85 13       STA $13       [000E7B] A:D005 X:0002 Y:0000 S:0127 D:0E68 DB:AF nvMXdizc V:249 H:158 F:52
				848F40 A0 01       LDY #$01               A:D005 X:0002 Y:0000 S:0127 D:0E68 DB:AF nvMXdizc V:249 H:164 F:52
				848F42 B1 14       LDA ($14),Y   [AFD035] A:D005 X:0002 Y:0001 S:0127 D:0E68 DB:AF nvMXdizc V:249 H:167 F:52
				848F44 85 0F       STA $0F       [000E77] A:D001 X:0002 Y:0001 S:0127 D:0E68 DB:AF nvMXdizc V:249 H:177 F:52	SkelAction = #$01
				848F46 C8          INY                    A:D001 X:0002 Y:0001 S:0127 D:0E68 DB:AF nvMXdizc V:249 H:184 F:52
				848F47 B1 14       LDA ($14),Y   [AFD036] A:D001 X:0002 Y:0002 S:0127 D:0E68 DB:AF nvMXdizc V:249 H:187 F:52
				848F49 85 17       STA $17       [000E7F] A:D007 X:0002 Y:0002 S:0127 D:0E68 DB:AF nvMXdizc V:249 H:197 F:52
				848F4B A9 80       LDA #$80               A:D007 X:0002 Y:0002 S:0127 D:0E68 DB:AF nvMXdizc V:249 H:203 F:52
				848F4D 04 17       TSB $17       [000E7F] A:D080 X:0002 Y:0002 S:0127 D:0E68 DB:AF NvMXdizc V:249 H:206 F:52
				848F4F AB          PLB                    A:D080 X:0002 Y:0002 S:0127 D:0E68 DB:AF NvMXdiZc V:249 H:216 F:52
				848F50 28          PLP                    A:D080 X:0002 Y:0002 S:0128 D:0E68 DB:86 NvMXdizc V:249 H:223 F:52
				848F51 6B          RTL                    A:D080 X:0002 Y:0002 S:0129 D:0E68 DB:86 nvMXdizc V:249 H:229 F:52

			81BA52 A5 0F       LDA $0F       [000E77] A:D080 X:0002 Y:0002 S:012C D:0E68 DB:86 nvMXdizc V:249 H:240 F:52
			81BA54 F0 14       BEQ $0014     [81BA6A] A:D001 X:0002 Y:0002 S:012C D:0E68 DB:86 nvMXdizc V:249 H:246 F:52		Branch if SkelAction = #$00
			81BA56 A9 04       LDA #$04               A:D001 X:0002 Y:0002 S:012C D:0E68 DB:86 nvMXdizc V:249 H:249 F:52		Subaction = #$04
			81BA58 85 03       STA $03       [000E6B] A:D004 X:0002 Y:0002 S:012C D:0E68 DB:86 nvMXdizc V:249 H:252 F:52
			81BA5A A9 0E       LDA #$0E               A:D004 X:0002 Y:0002 S:012C D:0E68 DB:86 nvMXdizc V:249 H:259 F:52
			81BA5C 22 07 8F 84 JSL $848F07   [848F07] A:D00E X:0002 Y:0002 S:012C D:0E68 DB:86 nvMXdizc V:249 H:262 F:52		JSL $848F07 --> Skeleton Load (SkelPoint = #$67, b = A = #$0E)

				848F07 08          PHP                    A:D00E X:0002 Y:0002 S:0129 D:0E68 DB:86 nvMXdizc V:249 H:275 F:52
				848F08 8B          PHB                    A:D00E X:0002 Y:0002 S:0128 D:0E68 DB:86 nvMXdizc V:249 H:280 F:52
				848F09 C2 30       REP #$30               A:D00E X:0002 Y:0002 S:0127 D:0E68 DB:86 nvMXdizc V:249 H:285 F:52
				848F0B 8D 0E 00    STA $000E     [86000E] A:D00E X:0002 Y:0002 S:0127 D:0E68 DB:86 nvmxdizc V:249 H:290 F:52
				848F0E A5 16       LDA $16       [000E7E] A:D00E X:0002 Y:0002 S:0127 D:0E68 DB:86 nvmxdizc V:249 H:298 F:52
				848F10 29 FF 00    AND #$00FF             A:8767 X:0002 Y:0002 S:0127 D:0E68 DB:86 Nvmxdizc V:249 H:307 F:52
				848F13 8D 0C 00    STA $000C     [86000C] A:0067 X:0002 Y:0002 S:0127 D:0E68 DB:86 nvmxdizc V:249 H:311 F:52
				848F16 0A          ASL A                  A:0067 X:0002 Y:0002 S:0127 D:0E68 DB:86 nvmxdizc V:249 H:320 F:52
				848F17 18          CLC                    A:00CE X:0002 Y:0002 S:0127 D:0E68 DB:86 nvmxdizc V:249 H:323 F:52
				848F18 6D 0C 00    ADC $000C     [86000C] A:00CE X:0002 Y:0002 S:0127 D:0E68 DB:86 nvmxdizc V:249 H:325 F:52
				848F1B AA          TAX                    A:0135 X:0002 Y:0002 S:0127 D:0E68 DB:86 nvmxdizc V:249 H:333 F:52
				848F1C BF 00 A0 AF LDA $AFA000,X [AFA135] A:0135 X:0135 Y:0002 S:0127 D:0E68 DB:86 nvmxdizc V:249 H:336 F:52
				848F20 85 14       STA $14       [000E7C] A:CFE0 X:0135 Y:0002 S:0127 D:0E68 DB:86 Nvmxdizc V:250 H:  5 F:52
				848F22 E2 20       SEP #$20               A:CFE0 X:0135 Y:0002 S:0127 D:0E68 DB:86 Nvmxdizc V:250 H: 14 F:52
				848F24 BF 02 A0 AF LDA $AFA002,X [AFA137] A:CFE0 X:0135 Y:0002 S:0127 D:0E68 DB:86 NvMxdizc V:250 H: 18 F:52
				848F28 48          PHA                    A:CFAF X:0135 Y:0002 S:0127 D:0E68 DB:86 NvMxdizc V:250 H: 26 F:52
				848F29 AB          PLB                    A:CFAF X:0135 Y:0002 S:0126 D:0E68 DB:86 NvMxdizc V:250 H: 31 F:52
				848F2A C2 20       REP #$20               A:CFAF X:0135 Y:0002 S:0127 D:0E68 DB:AF NvMxdizc V:250 H: 37 F:52
				848F2C AD 0E 00    LDA $000E     [AF000E] A:CFAF X:0135 Y:0002 S:0127 D:0E68 DB:AF Nvmxdizc V:250 H: 42 F:52
				848F2F 29 FF 00    AND #$00FF             A:D00E X:0135 Y:0002 S:0127 D:0E68 DB:AF Nvmxdizc V:250 H: 50 F:52
				848F32 0A          ASL A                  A:000E X:0135 Y:0002 S:0127 D:0E68 DB:AF nvmxdizc V:250 H: 55 F:52
				848F33 A8          TAY                    A:001C X:0135 Y:0002 S:0127 D:0E68 DB:AF nvmxdizc V:250 H: 58 F:52
				848F34 B1 14       LDA ($14),Y   [AFCFFC] A:001C X:0135 Y:001C S:0127 D:0E68 DB:AF nvmxdizc V:250 H: 61 F:52
				848F36 65 14       ADC $14       [000E7C] A:00D1 X:0135 Y:001C S:0127 D:0E68 DB:AF nvmxdizc V:250 H: 74 F:52
				848F38 85 14       STA $14       [000E7C] A:D0B1 X:0135 Y:001C S:0127 D:0E68 DB:AF Nvmxdizc V:250 H: 82 F:52
				848F3A E2 30       SEP #$30               A:D0B1 X:0135 Y:001C S:0127 D:0E68 DB:AF Nvmxdizc V:250 H: 91 F:52
				848F3C B2 14       LDA ($14)     [AFD0B1] A:D0B1 X:0035 Y:001C S:0127 D:0E68 DB:AF NvMXdizc V:250 H: 95 F:52	Skeleton start: [AFD0B1]
				848F3E 85 13       STA $13       [000E7B] A:D004 X:0035 Y:001C S:0127 D:0E68 DB:AF nvMXdizc V:250 H:105 F:52
				848F40 A0 01       LDY #$01               A:D004 X:0035 Y:001C S:0127 D:0E68 DB:AF nvMXdizc V:250 H:112 F:52
				848F42 B1 14       LDA ($14),Y   [AFD0B2] A:D004 X:0035 Y:0001 S:0127 D:0E68 DB:AF nvMXdizc V:250 H:115 F:52
				848F44 85 0F       STA $0F       [000E77] A:D000 X:0035 Y:0001 S:0127 D:0E68 DB:AF nvMXdiZc V:250 H:125 F:52
				848F46 C8          INY                    A:D000 X:0035 Y:0001 S:0127 D:0E68 DB:AF nvMXdiZc V:250 H:131 F:52
				848F47 B1 14       LDA ($14),Y   [AFD0B3] A:D000 X:0035 Y:0002 S:0127 D:0E68 DB:AF nvMXdizc V:250 H:144 F:52
				848F49 85 17       STA $17       [000E7F] A:D006 X:0035 Y:0002 S:0127 D:0E68 DB:AF nvMXdizc V:250 H:154 F:52
				848F4B A9 80       LDA #$80               A:D006 X:0035 Y:0002 S:0127 D:0E68 DB:AF nvMXdizc V:250 H:161 F:52
				848F4D 04 17       TSB $17       [000E7F] A:D080 X:0035 Y:0002 S:0127 D:0E68 DB:AF NvMXdizc V:250 H:164 F:52
				848F4F AB          PLB                    A:D080 X:0035 Y:0002 S:0127 D:0E68 DB:AF NvMXdiZc V:250 H:174 F:52
				848F50 28          PLP                    A:D080 X:0035 Y:0002 S:0128 D:0E68 DB:86 NvMXdizc V:250 H:180 F:52
				848F51 6B          RTL                    A:D080 X:0035 Y:0002 S:0129 D:0E68 DB:86 nvMXdizc V:250 H:187 F:52

			81BA60 A9 3C       LDA #$3C               A:D080 X:0035 Y:0002 S:012C D:0E68 DB:86 nvMXdizc V:250 H:197 F:52		CD2 = #$3C
			81BA62 85 34       STA $34       [000E9C] A:D03C X:0035 Y:0002 S:012C D:0E68 DB:86 nvMXdizc V:250 H:200 F:52
			81BA64 A9 72       LDA #$72               A:D03C X:0035 Y:0002 S:012C D:0E68 DB:86 nvMXdizc V:250 H:207 F:52
			81BA66 22 A2 88 80 JSL $8088A2   [8088A2] A:D072 X:0035 Y:0002 S:012C D:0E68 DB:86 nvMXdizc V:250 H:210 F:52		JSL $8088A2 (A = #$72) --> Play SE #$72

				8088A2 DA          PHX                    A:D072 X:0035 Y:0002 S:0129 D:0E68 DB:86 nvMXdizc V:250 H:223 F:52
				8088A3 5A          PHY                    A:D072 X:0035 Y:0002 S:0128 D:0E68 DB:86 nvMXdizc V:250 H:228 F:52
				8088A4 08          PHP                    A:D072 X:0035 Y:0002 S:0127 D:0E68 DB:86 nvMXdizc V:250 H:233 F:52
				8088A5 C2 20       REP #$20               A:D072 X:0035 Y:0002 S:0126 D:0E68 DB:86 nvMXdizc V:250 H:238 F:52
				8088A7 E2 10       SEP #$10               A:D072 X:0035 Y:0002 S:0126 D:0E68 DB:86 nvmXdizc V:250 H:243 F:52
				8088A9 48          PHA                    A:D072 X:0035 Y:0002 S:0126 D:0E68 DB:86 nvmXdizc V:250 H:247 F:52
				8088AA A5 05       LDA $05       [000E6D] A:D072 X:0035 Y:0002 S:0124 D:0E68 DB:86 nvmXdizc V:250 H:254 F:52
				8088AC 38          SEC                    A:1EE1 X:0035 Y:0002 S:0124 D:0E68 DB:86 nvmXdizc V:250 H:263 F:52
				8088AD ED AD 0B    SBC $0BAD     [860BAD] A:1EE1 X:0035 Y:0002 S:0124 D:0E68 DB:86 nvmXdizC V:250 H:266 F:52
				8088B0 10 0E       BPL $000E     [8088C0] A:FFF9 X:0035 Y:0002 S:0124 D:0E68 DB:86 NvmXdizc V:250 H:274 F:52
				8088B2 4A          LSR A                  A:FFF9 X:0035 Y:0002 S:0124 D:0E68 DB:86 NvmXdizc V:250 H:277 F:52
				8088B3 09 00 80    ORA #$8000             A:7FFC X:0035 Y:0002 S:0124 D:0E68 DB:86 nvmXdizC V:250 H:280 F:52
				8088B6 C9 81 FF    CMP #$FF81             A:FFFC X:0035 Y:0002 S:0124 D:0E68 DB:86 NvmXdizC V:250 H:285 F:52
				8088B9 10 0E       BPL $000E     [8088C9] A:FFFC X:0035 Y:0002 S:0124 D:0E68 DB:86 nvmXdizC V:250 H:289 F:52
				8088C9 A8          TAY                    A:FFFC X:0035 Y:0002 S:0124 D:0E68 DB:86 nvmXdizC V:250 H:294 F:52
				8088CA 68          PLA                    A:FFFC X:0035 Y:00FC S:0124 D:0E68 DB:86 NvmXdizC V:250 H:297 F:52
				8088CB 80 07       BRA $0007     [8088D4] A:D072 X:0035 Y:00FC S:0126 D:0E68 DB:86 NvmXdizC V:250 H:305 F:52
				8088D4 E2 31       SEP #$31               A:D072 X:0035 Y:00FC S:0126 D:0E68 DB:86 NvmXdizC V:250 H:310 F:52
				8088D6 AE A3 0B    LDX $0BA3     [860BA3] A:D072 X:0035 Y:00FC S:0126 D:0E68 DB:86 NvMXdizC V:250 H:314 F:52
				8088D9 9D 72 0B    STA $0B72,X   [860B76] A:D072 X:0004 Y:00FC S:0126 D:0E68 DB:86 nvMXdizC V:250 H:321 F:52
				8088DC 98          TYA                    A:D072 X:0004 Y:00FC S:0126 D:0E68 DB:86 nvMXdizC V:250 H:328 F:52
				8088DD 9D 73 0B    STA $0B73,X   [860B77] A:D0FC X:0004 Y:00FC S:0126 D:0E68 DB:86 NvMXdizC V:250 H:331 F:52
				8088E0 E8          INX                    A:D0FC X:0004 Y:00FC S:0126 D:0E68 DB:86 NvMXdizC V:250 H:339 F:52
				8088E1 E8          INX                    A:D0FC X:0005 Y:00FC S:0126 D:0E68 DB:86 nvMXdizC V:251 H:  2 F:52
				8088E2 8A          TXA                    A:D0FC X:0006 Y:00FC S:0126 D:0E68 DB:86 nvMXdizC V:251 H:  5 F:52
				8088E3 29 1E       AND #$1E               A:D006 X:0006 Y:00FC S:0126 D:0E68 DB:86 nvMXdizC V:251 H:  8 F:52
				8088E5 8D A3 0B    STA $0BA3     [860BA3] A:D006 X:0006 Y:00FC S:0126 D:0E68 DB:86 nvMXdizC V:251 H: 11 F:52
				8088E8 28          PLP                    A:D006 X:0006 Y:00FC S:0126 D:0E68 DB:86 nvMXdizC V:251 H: 17 F:52
				8088E9 7A          PLY                    A:D006 X:0006 Y:00FC S:0127 D:0E68 DB:86 nvMXdizc V:251 H: 24 F:52
				8088EA FA          PLX                    A:D006 X:0006 Y:0002 S:0128 D:0E68 DB:86 nvMXdizc V:251 H: 30 F:52
				8088EB 6B          RTL                    A:D006 X:0035 Y:0002 S:0129 D:0E68 DB:86 nvMXdizc V:251 H: 37 F:52

			81BA6A 60          RTS                    A:D006 X:0035 Y:0002 S:012C D:0E68 DB:86 nvMXdizc V:251 H: 47 F:52		Return

		81B63B A9 09       LDA #$09               A:D006 X:0035 Y:0002 S:012E D:0E68 DB:86 nvMXdizc V:251 H: 57 F:52
