80D4F6 20 30 D5    JSR $D530     [80D530] A:0E01 X:0000 Y:0027 S:0133 D:0E68 DB:86 nvMXdizC V:248 H:241 F: 8

	80D530 C2 20       REP #$20               A:0E01 X:0000 Y:0027 S:0131 D:0E68 DB:86 nvMXdizC V:248 H:251 F: 8
	80D532 A5 05       LDA $05       [000E6D] A:0E01 X:0000 Y:0027 S:0131 D:0E68 DB:86 nvmXdizC V:248 H:256 F: 8
	80D534 85 22       STA $22       [000E8A] A:1EE1 X:0000 Y:0027 S:0131 D:0E68 DB:86 nvmXdizC V:248 H:264 F: 8
	80D536 A5 08       LDA $08       [000E70] A:1EE1 X:0000 Y:0027 S:0131 D:0E68 DB:86 nvmXdizC V:248 H:273 F: 8
	80D538 85 24       STA $24       [000E8C] A:01AC X:0000 Y:0027 S:0131 D:0E68 DB:86 nvmXdizC V:248 H:281 F: 8
	80D53A E2 20       SEP #$20               A:01AC X:0000 Y:0027 S:0131 D:0E68 DB:86 nvmXdizC V:248 H:290 F: 8
	80D53C A9 80       LDA #$80               A:01AC X:0000 Y:0027 S:0131 D:0E68 DB:86 nvMXdizC V:248 H:294 F: 8
	80D53E 14 0E       TRB $0E       [000E76] A:0180 X:0000 Y:0027 S:0131 D:0E68 DB:86 NvMXdizC V:248 H:297 F: 8
	80D540 A5 0A       LDA $0A       [000E72] A:0180 X:0000 Y:0027 S:0131 D:0E68 DB:86 NvMXdizC V:248 H:307 F: 8
	80D542 0A          ASL A                  A:0102 X:0000 Y:0027 S:0131 D:0E68 DB:86 nvMXdizC V:248 H:314 F: 8
	80D543 AA          TAX                    A:0104 X:0000 Y:0027 S:0131 D:0E68 DB:86 nvMXdizc V:248 H:317 F: 8
	80D544 7C DD F8    JMP ($F8DD,X) [80F8E1] A:0104 X:0004 Y:0027 S:0131 D:0E68 DB:86 nvMXdizc V:248 H:320 F: 8

	80F9BB 22 16 B5 81 JSL $81B516   [81B516] A:0104 X:0004 Y:0027 S:0131 D:0E68 DB:86 nvMXdizc V:248 H:328 F: 8

		81B516 A6 01       LDX $01       [000E69] A:0104 X:0004 Y:0027 S:012E D:0E68 DB:86 nvMXdizc V:249 H:  1 F: 8
		81B518 7C 1B B5    JMP ($B51B,X) [81B51F] A:0104 X:0004 Y:0027 S:012E D:0E68 DB:86 nvMXdizc V:249 H:  8 F: 8

		81B629 A5 33       LDA $33       [000E9B] A:0104 X:0004 Y:0027 S:012E D:0E68 DB:86 nvMXdizc V:249 H: 17 F: 8
		81B62B 04 11       TSB $11       [000E79] A:0108 X:0004 Y:0027 S:012E D:0E68 DB:86 nvMXdizc V:249 H: 23 F: 8
		81B62D C2 20       REP #$20               A:0108 X:0004 Y:0027 S:012E D:0E68 DB:86 nvMXdizc V:249 H: 33 F: 8
		81B62F A9 2D C4    LDA #$C42D             A:0108 X:0004 Y:0027 S:012E D:0E68 DB:86 nvmXdizc V:249 H: 38 F: 8
		81B632 85 20       STA $20       [000E88] A:C42D X:0004 Y:0027 S:012E D:0E68 DB:86 NvmXdizc V:249 H: 42 F: 8
		81B634 E2 20       SEP #$20               A:C42D X:0004 Y:0027 S:012E D:0E68 DB:86 NvmXdizc V:249 H: 51 F: 8
		81B636 A6 02       LDX $02       [000E6A] A:C42D X:0004 Y:0027 S:012E D:0E68 DB:86 NvMXdizc V:249 H: 55 F: 8
		81B638 FC F3 B6    JSR ($B6F3,X) [81B6FB] A:C42D X:0008 Y:0027 S:012E D:0E68 DB:86 nvMXdizc V:249 H: 62 F: 8

			81B9FC A6 03       LDX $03       [000E6B] A:C42D X:0008 Y:0027 S:012C D:0E68 DB:86 nvMXdizc V:249 H: 75 F: 8
			81B9FE 7C 01 BA    JMP ($BA01,X) [81BA01] A:C42D X:0000 Y:0027 S:012C D:0E68 DB:86 nvMXdiZc V:249 H: 81 F: 8		JMP ($81BA01,Subaction) = ($81BA01) = $81BA0B

			81BA0B 22 A5 AC 84 JSL $84ACA5   [84ACA5] A:C42D X:0000 Y:0027 S:012C D:0E68 DB:86 nvMXdiZc V:249 H: 90 F: 8		JSL $84ACA5 --> Update Status, Facing bit

				84ACA5 08          PHP                    A:C42D X:0000 Y:0027 S:0129 D:0E68 DB:86 nvMXdiZc V:249 H:104 F: 8
				84ACA6 E2 20       SEP #$20               A:C42D X:0000 Y:0027 S:0128 D:0E68 DB:86 nvMXdiZc V:249 H:109 F: 8	A:1B
				84ACA8 A9 40       LDA #$40               A:C42D X:0000 Y:0027 S:0128 D:0E68 DB:86 nvMXdiZc V:249 H:113 F: 8
				84ACAA 14 11       TRB $11       [000E79] A:C440 X:0000 Y:0027 S:0128 D:0E68 DB:86 nvMXdizc V:249 H:116 F: 8
				84ACAC C2 20       REP #$20               A:C440 X:0000 Y:0027 S:0128 D:0E68 DB:86 nvMXdizc V:249 H:126 F: 8
				84ACAE AD AD 0B    LDA $0BAD     [860BAD] A:C440 X:0000 Y:0027 S:0128 D:0E68 DB:86 nvmXdizc V:249 H:131 F: 8
				84ACB1 38          SEC                    A:1EE8 X:0000 Y:0027 S:0128 D:0E68 DB:86 nvmXdizc V:249 H:149 F: 8
				84ACB2 E5 05       SBC $05       [000E6D] A:1EE8 X:0000 Y:0027 S:0128 D:0E68 DB:86 nvmXdizC V:249 H:152 F: 8
				84ACB4 E2 20       SEP #$20               A:0007 X:0000 Y:0027 S:0128 D:0E68 DB:86 nvmXdizC V:249 H:161 F: 8
				84ACB6 A9 00       LDA #$00               A:0007 X:0000 Y:0027 S:0128 D:0E68 DB:86 nvMXdizC V:249 H:165 F: 8
				84ACB8 6A          ROR A                  A:0000 X:0000 Y:0027 S:0128 D:0E68 DB:86 nvMXdiZC V:249 H:168 F: 8
				84ACB9 4A          LSR A                  A:0080 X:0000 Y:0027 S:0128 D:0E68 DB:86 NvMXdizc V:249 H:171 F: 8
				84ACBA 04 11       TSB $11       [000E79] A:0040 X:0000 Y:0027 S:0128 D:0E68 DB:86 nvMXdizc V:249 H:174 F: 8
				84ACBC 28          PLP                    A:0040 X:0000 Y:0027 S:0128 D:0E68 DB:86 nvMXdiZc V:249 H:184 F: 8
				84ACBD 6B          RTL                    A:0040 X:0000 Y:0027 S:0129 D:0E68 DB:86 nvMXdiZc V:249 H:191 F: 8

			81BA0F 64 38       STZ $38       [000EA0] A:0040 X:0000 Y:0027 S:012C D:0E68 DB:86 nvMXdiZc V:249 H:201 F: 8		Set Armor
			81BA11 C2 30       REP #$30               A:0040 X:0000 Y:0027 S:012C D:0E68 DB:86 nvMXdiZc V:249 H:208 F: 8
			81BA13 A2 28 14    LDX #$1428             A:0040 X:0000 Y:0027 S:012C D:0E68 DB:86 nvmxdiZc V:249 H:212 F: 8		X = EnemyShot1
			81BA16 E2 20       SEP #$20               A:0040 X:1428 Y:0027 S:012C D:0E68 DB:86 nvmxdizc V:249 H:217 F: 8
			81BA18 BD 00 00    LDA $0000,X   [861428] A:0040 X:1428 Y:0027 S:012C D:0E68 DB:86 nvMxdizc V:249 H:221 F: 8
			81BA1B F0 17       BEQ $0017     [81BA34] A:0000 X:1428 Y:0027 S:012C D:0E68 DB:86 nvMxdiZc V:249 H:229 F: 8		Branch because ES-Exist = #$00
			81BA34 C2 20       REP #$20               A:0000 X:1428 Y:0027 S:012C D:0E68 DB:86 nvMxdiZc V:249 H:234 F: 8
			81BA36 8A          TXA                    A:0000 X:1428 Y:0027 S:012C D:0E68 DB:86 nvmxdiZc V:249 H:238 F: 8	
			81BA37 18          CLC                    A:1428 X:1428 Y:0027 S:012C D:0E68 DB:86 nvmxdizc V:249 H:241 F: 8
			81BA38 69 40 00    ADC #$0040             A:1428 X:1428 Y:0027 S:012C D:0E68 DB:86 nvmxdizc V:249 H:244 F: 8
			81BA3B AA          TAX                    A:1468 X:1428 Y:0027 S:012C D:0E68 DB:86 nvmxdizc V:249 H:249 F: 8		X = Next EnemyShot
			81BA3C C9 28 16    CMP #$1628             A:1468 X:1468 Y:0027 S:012C D:0E68 DB:86 nvmxdizc V:249 H:252 F: 8
			81BA3F 90 D5       BCC $00D5     [81BA16] A:1468 X:1468 Y:0027 S:012C D:0E68 DB:86 Nvmxdizc V:249 H:256 F: 8		Branch (repeat) until last EnemyShot Data
			81BA16 E2 20       SEP #$20               A:1468 X:1468 Y:0027 S:012C D:0E68 DB:86 Nvmxdizc V:249 H:261 F: 8
			81BA18 BD 00 00    LDA $0000,X   [861468] A:1468 X:1468 Y:0027 S:012C D:0E68 DB:86 NvMxdizc V:249 H:265 F: 8
			81BA1B F0 17       BEQ $0017     [81BA34] A:1400 X:1468 Y:0027 S:012C D:0E68 DB:86 nvMxdiZc V:249 H:273 F: 8
			81BA34 C2 20       REP #$20               A:1400 X:1468 Y:0027 S:012C D:0E68 DB:86 nvMxdiZc V:249 H:278 F: 8
			81BA36 8A          TXA                    A:1400 X:1468 Y:0027 S:012C D:0E68 DB:86 nvmxdiZc V:249 H:282 F: 8
			81BA37 18          CLC                    A:1468 X:1468 Y:0027 S:012C D:0E68 DB:86 nvmxdizc V:249 H:285 F: 8
			81BA38 69 40 00    ADC #$0040             A:1468 X:1468 Y:0027 S:012C D:0E68 DB:86 nvmxdizc V:249 H:288 F: 8
			81BA3B AA          TAX                    A:14A8 X:1468 Y:0027 S:012C D:0E68 DB:86 nvmxdizc V:249 H:293 F: 8
			81BA3C C9 28 16    CMP #$1628             A:14A8 X:14A8 Y:0027 S:012C D:0E68 DB:86 nvmxdizc V:249 H:296 F: 8
			81BA3F 90 D5       BCC $00D5     [81BA16] A:14A8 X:14A8 Y:0027 S:012C D:0E68 DB:86 Nvmxdizc V:249 H:300 F: 8
			81BA16 E2 20       SEP #$20               A:14A8 X:14A8 Y:0027 S:012C D:0E68 DB:86 Nvmxdizc V:249 H:305 F: 8
			81BA18 BD 00 00    LDA $0000,X   [8614A8] A:14A8 X:14A8 Y:0027 S:012C D:0E68 DB:86 NvMxdizc V:249 H:309 F: 8
			81BA1B F0 17       BEQ $0017     [81BA34] A:1400 X:14A8 Y:0027 S:012C D:0E68 DB:86 nvMxdiZc V:249 H:317 F: 8
			81BA34 C2 20       REP #$20               A:1400 X:14A8 Y:0027 S:012C D:0E68 DB:86 nvMxdiZc V:249 H:322 F: 8
			81BA36 8A          TXA                    A:1400 X:14A8 Y:0027 S:012C D:0E68 DB:86 nvmxdiZc V:249 H:326 F: 8
			81BA37 18          CLC                    A:14A8 X:14A8 Y:0027 S:012C D:0E68 DB:86 nvmxdizc V:249 H:328 F: 8
			81BA38 69 40 00    ADC #$0040             A:14A8 X:14A8 Y:0027 S:012C D:0E68 DB:86 nvmxdizc V:249 H:331 F: 8
			81BA3B AA          TAX                    A:14E8 X:14A8 Y:0027 S:012C D:0E68 DB:86 nvmxdizc V:249 H:336 F: 8
			81BA3C C9 28 16    CMP #$1628             A:14E8 X:14E8 Y:0027 S:012C D:0E68 DB:86 nvmxdizc V:249 H:339 F: 8
			81BA3F 90 D5       BCC $00D5     [81BA16] A:14E8 X:14E8 Y:0027 S:012C D:0E68 DB:86 Nvmxdizc V:250 H:  3 F: 8
			81BA16 E2 20       SEP #$20               A:14E8 X:14E8 Y:0027 S:012C D:0E68 DB:86 Nvmxdizc V:250 H:  8 F: 8
			81BA18 BD 00 00    LDA $0000,X   [8614E8] A:14E8 X:14E8 Y:0027 S:012C D:0E68 DB:86 NvMxdizc V:250 H: 12 F: 8
			81BA1B F0 17       BEQ $0017     [81BA34] A:1400 X:14E8 Y:0027 S:012C D:0E68 DB:86 nvMxdiZc V:250 H: 20 F: 8
			81BA34 C2 20       REP #$20               A:1400 X:14E8 Y:0027 S:012C D:0E68 DB:86 nvMxdiZc V:250 H: 25 F: 8
			81BA36 8A          TXA                    A:1400 X:14E8 Y:0027 S:012C D:0E68 DB:86 nvmxdiZc V:250 H: 29 F: 8
			81BA37 18          CLC                    A:14E8 X:14E8 Y:0027 S:012C D:0E68 DB:86 nvmxdizc V:250 H: 32 F: 8
			81BA38 69 40 00    ADC #$0040             A:14E8 X:14E8 Y:0027 S:012C D:0E68 DB:86 nvmxdizc V:250 H: 35 F: 8
			81BA3B AA          TAX                    A:1528 X:14E8 Y:0027 S:012C D:0E68 DB:86 nvmxdizc V:250 H: 40 F: 8
			81BA3C C9 28 16    CMP #$1628             A:1528 X:1528 Y:0027 S:012C D:0E68 DB:86 nvmxdizc V:250 H: 43 F: 8
			81BA3F 90 D5       BCC $00D5     [81BA16] A:1528 X:1528 Y:0027 S:012C D:0E68 DB:86 Nvmxdizc V:250 H: 47 F: 8
			81BA16 E2 20       SEP #$20               A:1528 X:1528 Y:0027 S:012C D:0E68 DB:86 Nvmxdizc V:250 H: 52 F: 8
			81BA18 BD 00 00    LDA $0000,X   [861528] A:1528 X:1528 Y:0027 S:012C D:0E68 DB:86 NvMxdizc V:250 H: 56 F: 8
			81BA1B F0 17       BEQ $0017     [81BA34] A:1500 X:1528 Y:0027 S:012C D:0E68 DB:86 nvMxdiZc V:250 H: 64 F: 8
			81BA34 C2 20       REP #$20               A:1500 X:1528 Y:0027 S:012C D:0E68 DB:86 nvMxdiZc V:250 H: 69 F: 8
			81BA36 8A          TXA                    A:1500 X:1528 Y:0027 S:012C D:0E68 DB:86 nvmxdiZc V:250 H: 73 F: 8
			81BA37 18          CLC                    A:1528 X:1528 Y:0027 S:012C D:0E68 DB:86 nvmxdizc V:250 H: 76 F: 8
			81BA38 69 40 00    ADC #$0040             A:1528 X:1528 Y:0027 S:012C D:0E68 DB:86 nvmxdizc V:250 H: 79 F: 8
			81BA3B AA          TAX                    A:1568 X:1528 Y:0027 S:012C D:0E68 DB:86 nvmxdizc V:250 H: 84 F: 8
			81BA3C C9 28 16    CMP #$1628             A:1568 X:1568 Y:0027 S:012C D:0E68 DB:86 nvmxdizc V:250 H: 87 F: 8
			81BA3F 90 D5       BCC $00D5     [81BA16] A:1568 X:1568 Y:0027 S:012C D:0E68 DB:86 Nvmxdizc V:250 H: 91 F: 8
			81BA16 E2 20       SEP #$20               A:1568 X:1568 Y:0027 S:012C D:0E68 DB:86 Nvmxdizc V:250 H: 96 F: 8
			81BA18 BD 00 00    LDA $0000,X   [861568] A:1568 X:1568 Y:0027 S:012C D:0E68 DB:86 NvMxdizc V:250 H:100 F: 8
			81BA1B F0 17       BEQ $0017     [81BA34] A:1500 X:1568 Y:0027 S:012C D:0E68 DB:86 nvMxdiZc V:250 H:108 F: 8
			81BA34 C2 20       REP #$20               A:1500 X:1568 Y:0027 S:012C D:0E68 DB:86 nvMxdiZc V:250 H:113 F: 8
			81BA36 8A          TXA                    A:1500 X:1568 Y:0027 S:012C D:0E68 DB:86 nvmxdiZc V:250 H:117 F: 8
			81BA37 18          CLC                    A:1568 X:1568 Y:0027 S:012C D:0E68 DB:86 nvmxdizc V:250 H:120 F: 8
			81BA38 69 40 00    ADC #$0040             A:1568 X:1568 Y:0027 S:012C D:0E68 DB:86 nvmxdizc V:250 H:123 F: 8
			81BA3B AA          TAX                    A:15A8 X:1568 Y:0027 S:012C D:0E68 DB:86 nvmxdizc V:250 H:128 F: 8
			81BA3C C9 28 16    CMP #$1628             A:15A8 X:15A8 Y:0027 S:012C D:0E68 DB:86 nvmxdizc V:250 H:131 F: 8
			81BA3F 90 D5       BCC $00D5     [81BA16] A:15A8 X:15A8 Y:0027 S:012C D:0E68 DB:86 Nvmxdizc V:250 H:145 F: 8
			81BA16 E2 20       SEP #$20               A:15A8 X:15A8 Y:0027 S:012C D:0E68 DB:86 Nvmxdizc V:250 H:150 F: 8
			81BA18 BD 00 00    LDA $0000,X   [8615A8] A:15A8 X:15A8 Y:0027 S:012C D:0E68 DB:86 NvMxdizc V:250 H:154 F: 8
			81BA1B F0 17       BEQ $0017     [81BA34] A:1500 X:15A8 Y:0027 S:012C D:0E68 DB:86 nvMxdiZc V:250 H:162 F: 8
			81BA34 C2 20       REP #$20               A:1500 X:15A8 Y:0027 S:012C D:0E68 DB:86 nvMxdiZc V:250 H:167 F: 8
			81BA36 8A          TXA                    A:1500 X:15A8 Y:0027 S:012C D:0E68 DB:86 nvmxdiZc V:250 H:171 F: 8
			81BA37 18          CLC                    A:15A8 X:15A8 Y:0027 S:012C D:0E68 DB:86 nvmxdizc V:250 H:174 F: 8
			81BA38 69 40 00    ADC #$0040             A:15A8 X:15A8 Y:0027 S:012C D:0E68 DB:86 nvmxdizc V:250 H:177 F: 8
			81BA3B AA          TAX                    A:15E8 X:15A8 Y:0027 S:012C D:0E68 DB:86 nvmxdizc V:250 H:182 F: 8
			81BA3C C9 28 16    CMP #$1628             A:15E8 X:15E8 Y:0027 S:012C D:0E68 DB:86 nvmxdizc V:250 H:185 F: 8
			81BA3F 90 D5       BCC $00D5     [81BA16] A:15E8 X:15E8 Y:0027 S:012C D:0E68 DB:86 Nvmxdizc V:250 H:189 F: 8
			81BA16 E2 20       SEP #$20               A:15E8 X:15E8 Y:0027 S:012C D:0E68 DB:86 Nvmxdizc V:250 H:194 F: 8
			81BA18 BD 00 00    LDA $0000,X   [8615E8] A:15E8 X:15E8 Y:0027 S:012C D:0E68 DB:86 NvMxdizc V:250 H:198 F: 8
			81BA1B F0 17       BEQ $0017     [81BA34] A:1500 X:15E8 Y:0027 S:012C D:0E68 DB:86 nvMxdiZc V:250 H:206 F: 8
			81BA34 C2 20       REP #$20               A:1500 X:15E8 Y:0027 S:012C D:0E68 DB:86 nvMxdiZc V:250 H:211 F: 8
			81BA36 8A          TXA                    A:1500 X:15E8 Y:0027 S:012C D:0E68 DB:86 nvmxdiZc V:250 H:215 F: 8
			81BA37 18          CLC                    A:15E8 X:15E8 Y:0027 S:012C D:0E68 DB:86 nvmxdizc V:250 H:218 F: 8
			81BA38 69 40 00    ADC #$0040             A:15E8 X:15E8 Y:0027 S:012C D:0E68 DB:86 nvmxdizc V:250 H:221 F: 8
			81BA3B AA          TAX                    A:1628 X:15E8 Y:0027 S:012C D:0E68 DB:86 nvmxdizc V:250 H:226 F: 8
			81BA3C C9 28 16    CMP #$1628             A:1628 X:1628 Y:0027 S:012C D:0E68 DB:86 nvmxdizc V:250 H:229 F: 8
			81BA3F 90 D5       BCC $00D5     [81BA16] A:1628 X:1628 Y:0027 S:012C D:0E68 DB:86 nvmxdiZC V:250 H:233 F: 8		
			81BA41 E2 30       SEP #$30               A:1628 X:1628 Y:0027 S:012C D:0E68 DB:86 nvmxdiZC V:250 H:236 F: 8		A:1B,X:1B
			81BA43 A9 01       LDA #$01               A:1628 X:0028 Y:0027 S:012C D:0E68 DB:86 nvMXdiZC V:250 H:241 F: 8		
			81BA45 22 07 8F 84 JSL $848F07   [848F07] A:1601 X:0028 Y:0027 S:012C D:0E68 DB:86 nvMXdizC V:250 H:244 F: 8		JSL: $848F07 --> Countdown routine (CDBase = #$67, b = A = #$01)

				848F07 08          PHP                    A:1601 X:0028 Y:0027 S:0129 D:0E68 DB:86 nvMXdizC V:250 H:257 F: 8
				848F08 8B          PHB                    A:1601 X:0028 Y:0027 S:0128 D:0E68 DB:86 nvMXdizC V:250 H:262 F: 8
				848F09 C2 30       REP #$30               A:1601 X:0028 Y:0027 S:0127 D:0E68 DB:86 nvMXdizC V:250 H:267 F: 8
				848F0B 8D 0E 00    STA $000E     [86000E] A:1601 X:0028 Y:0027 S:0127 D:0E68 DB:86 nvmxdizC V:250 H:272 F: 8
				848F0E A5 16       LDA $16       [000E7E] A:1601 X:0028 Y:0027 S:0127 D:0E68 DB:86 nvmxdizC V:250 H:280 F: 8
				848F10 29 FF 00    AND #$00FF             A:8067 X:0028 Y:0027 S:0127 D:0E68 DB:86 NvmxdizC V:250 H:289 F: 8
				848F13 8D 0C 00    STA $000C     [86000C] A:0067 X:0028 Y:0027 S:0127 D:0E68 DB:86 nvmxdizC V:250 H:293 F: 8
				848F16 0A          ASL A                  A:0067 X:0028 Y:0027 S:0127 D:0E68 DB:86 nvmxdizC V:250 H:302 F: 8
				848F17 18          CLC                    A:00CE X:0028 Y:0027 S:0127 D:0E68 DB:86 nvmxdizc V:250 H:305 F: 8
				848F18 6D 0C 00    ADC $000C     [86000C] A:00CE X:0028 Y:0027 S:0127 D:0E68 DB:86 nvmxdizc V:250 H:308 F: 8
				848F1B AA          TAX                    A:0135 X:0028 Y:0027 S:0127 D:0E68 DB:86 nvmxdizc V:250 H:316 F: 8
				848F1C BF 00 A0 AF LDA $AFA000,X [AFA135] A:0135 X:0135 Y:0027 S:0127 D:0E68 DB:86 nvmxdizc V:250 H:319 F: 8
				848F20 85 14       STA $14       [000E7C] A:CFE0 X:0135 Y:0027 S:0127 D:0E68 DB:86 Nvmxdizc V:250 H:327 F: 8
				848F22 E2 20       SEP #$20               A:CFE0 X:0135 Y:0027 S:0127 D:0E68 DB:86 Nvmxdizc V:250 H:336 F: 8
				848F24 BF 02 A0 AF LDA $AFA002,X [AFA137] A:CFE0 X:0135 Y:0027 S:0127 D:0E68 DB:86 NvMxdizc V:251 H:  0 F: 8
				848F28 48          PHA                    A:CFAF X:0135 Y:0027 S:0127 D:0E68 DB:86 NvMxdizc V:251 H:  8 F: 8
				848F29 AB          PLB                    A:CFAF X:0135 Y:0027 S:0126 D:0E68 DB:86 NvMxdizc V:251 H: 13 F: 8
				848F2A C2 20       REP #$20               A:CFAF X:0135 Y:0027 S:0127 D:0E68 DB:AF NvMxdizc V:251 H: 19 F: 8
				848F2C AD 0E 00    LDA $000E     [AF000E] A:CFAF X:0135 Y:0027 S:0127 D:0E68 DB:AF Nvmxdizc V:251 H: 24 F: 8
				848F2F 29 FF 00    AND #$00FF             A:1601 X:0135 Y:0027 S:0127 D:0E68 DB:AF nvmxdizc V:251 H: 32 F: 8
				848F32 0A          ASL A                  A:0001 X:0135 Y:0027 S:0127 D:0E68 DB:AF nvmxdizc V:251 H: 37 F: 8
				848F33 A8          TAY                    A:0002 X:0135 Y:0027 S:0127 D:0E68 DB:AF nvmxdizc V:251 H: 40 F: 8
				848F34 B1 14       LDA ($14),Y   [AFCFE2] A:0002 X:0135 Y:0002 S:0127 D:0E68 DB:AF nvmxdizc V:251 H: 43 F: 8
				848F36 65 14       ADC $14       [000E7C] A:0048 X:0135 Y:0002 S:0127 D:0E68 DB:AF nvmxdizc V:251 H: 56 F: 8
				848F38 85 14       STA $14       [000E7C] A:D028 X:0135 Y:0002 S:0127 D:0E68 DB:AF Nvmxdizc V:251 H: 64 F: 8
				848F3A E2 30       SEP #$30               A:D028 X:0135 Y:0002 S:0127 D:0E68 DB:AF Nvmxdizc V:251 H: 73 F: 8
				848F3C B2 14       LDA ($14)     [AFD028] A:D028 X:0035 Y:0002 S:0127 D:0E68 DB:AF NvMXdizc V:251 H: 77 F: 8	Skeleton start: [AFD028]
				848F3E 85 13       STA $13       [000E7B] A:D00B X:0035 Y:0002 S:0127 D:0E68 DB:AF nvMXdizc V:251 H: 87 F: 8
				848F40 A0 01       LDY #$01               A:D00B X:0035 Y:0002 S:0127 D:0E68 DB:AF nvMXdizc V:251 H: 94 F: 8
				848F42 B1 14       LDA ($14),Y   [AFD029] A:D00B X:0035 Y:0001 S:0127 D:0E68 DB:AF nvMXdizc V:251 H: 97 F: 8
				848F44 85 0F       STA $0F       [000E77] A:D000 X:0035 Y:0001 S:0127 D:0E68 DB:AF nvMXdiZc V:251 H:107 F: 8
				848F46 C8          INY                    A:D000 X:0035 Y:0001 S:0127 D:0E68 DB:AF nvMXdiZc V:251 H:113 F: 8
				848F47 B1 14       LDA ($14),Y   [AFD02A] A:D000 X:0035 Y:0002 S:0127 D:0E68 DB:AF nvMXdizc V:251 H:116 F: 8
				848F49 85 17       STA $17       [000E7F] A:D000 X:0035 Y:0002 S:0127 D:0E68 DB:AF nvMXdiZc V:251 H:126 F: 8
				848F4B A9 80       LDA #$80               A:D000 X:0035 Y:0002 S:0127 D:0E68 DB:AF nvMXdiZc V:251 H:133 F: 8
				848F4D 04 17       TSB $17       [000E7F] A:D080 X:0035 Y:0002 S:0127 D:0E68 DB:AF NvMXdizc V:251 H:146 F: 8
				848F4F AB          PLB                    A:D080 X:0035 Y:0002 S:0127 D:0E68 DB:AF NvMXdiZc V:251 H:156 F: 8
				848F50 28          PLP                    A:D080 X:0035 Y:0002 S:0128 D:0E68 DB:86 NvMXdizc V:251 H:162 F: 8
				848F51 6B          RTL                    A:D080 X:0035 Y:0002 S:0129 D:0E68 DB:86 nvMXdizC V:251 H:169 F: 8

			81BA49 A9 02       LDA #$02               A:D080 X:0035 Y:0002 S:012C D:0E68 DB:86 nvMXdizC V:251 H:179 F: 8		Subaction = #$02
			81BA4B 85 03       STA $03       [000E6B] A:D002 X:0035 Y:0002 S:012C D:0E68 DB:86 nvMXdizC V:251 H:182 F: 8
			81BA4D 60          RTS                    A:D002 X:0035 Y:0002 S:012C D:0E68 DB:86 nvMXdizC V:251 H:189 F: 8		Return

		81B63B A9 09       LDA #$09               A:D002 X:0035 Y:0002 S:012E D:0E68 DB:86 nvMXdizC V:251 H:199 F: 8
