80D499 20 D3 D4    JSR $D4D3     [80D4D3] A:1401 X:0000 Y:00CE S:0133 D:1428 DB:86 nvMXdizC V:243 H:312 F: 7

	80D4D3 C2 20       REP #$20               A:1401 X:0000 Y:00CE S:0131 D:1428 DB:86 nvMXdizC V:243 H:322 F: 7
	80D4D5 A5 05       LDA $05       [00142D] A:1401 X:0000 Y:00CE S:0131 D:1428 DB:86 nvmXdizC V:243 H:326 F: 7
	80D4D7 85 22       STA $22       [00144A] A:1EB6 X:0000 Y:00CE S:0131 D:1428 DB:86 nvmXdizC V:243 H:334 F: 7
	80D4D9 A5 08       LDA $08       [001430] A:1EB6 X:0000 Y:00CE S:0131 D:1428 DB:86 nvmXdizC V:244 H:  2 F: 7
	80D4DB 85 24       STA $24       [00144C] A:01AA X:0000 Y:00CE S:0131 D:1428 DB:86 nvmXdizC V:244 H: 11 F: 7
	80D4DD E2 20       SEP #$20               A:01AA X:0000 Y:00CE S:0131 D:1428 DB:86 nvmXdizC V:244 H: 19 F: 7
	80D4DF A9 80       LDA #$80               A:01AA X:0000 Y:00CE S:0131 D:1428 DB:86 nvMXdizC V:244 H: 24 F: 7
	80D4E1 14 0E       TRB $0E       [001436] A:0180 X:0000 Y:00CE S:0131 D:1428 DB:86 NvMXdizC V:244 H: 27 F: 7
	80D4E3 A5 0A       LDA $0A       [001432] A:0180 X:0000 Y:00CE S:0131 D:1428 DB:86 NvMXdizC V:244 H: 37 F: 7
	80D4E5 0A          ASL A                  A:011A X:0000 Y:00CE S:0131 D:1428 DB:86 nvMXdizC V:244 H: 43 F: 7
	80D4E6 AA          TAX                    A:0134 X:0000 Y:00CE S:0131 D:1428 DB:86 nvMXdizc V:244 H: 46 F: 7
	80D4E7 7C 7D F7    JMP ($F77D,X) [80F7B1] A:0134 X:0034 Y:00CE S:0131 D:1428 DB:86 nvMXdizc V:244 H: 49 F: 7

	80F860 22 85 BC 81 JSL $81BC85   [81BC85] A:0134 X:0034 Y:00CE S:0131 D:1428 DB:86 nvMXdizc V:244 H: 58 F: 7

		81BC85 A0 27       LDY #$27               A:0134 X:0034 Y:00CE S:012E D:1428 DB:86 nvMXdizc V:244 H: 72 F: 7
		81BC87 B1 0C       LDA ($0C),Y   [860E8F] A:0134 X:0034 Y:0027 S:012E D:1428 DB:86 nvMXdizc V:244 H: 75 F: 7
		81BC89 29 7F       AND #$7F               A:0120 X:0034 Y:0027 S:012E D:1428 DB:86 nvMXdizc V:244 H: 85 F: 7
		81BC8B D0 04       BNE $0004     [81BC91] A:0120 X:0034 Y:0027 S:012E D:1428 DB:86 nvMXdizc V:244 H: 88 F: 7
		81BC91 A6 01       LDX $01       [001429] A:0120 X:0034 Y:0027 S:012E D:1428 DB:86 nvMXdizc V:244 H: 93 F: 7
		81BC93 7C 96 BC    JMP ($BC96,X) [81BC98] A:0120 X:0002 Y:0027 S:012E D:1428 DB:86 nvMXdizc V:244 H: 99 F: 7		JMP ($81BC96,State) = ($81BC98) = $81BD16

		81BD16 22 3E 82 82 JSL $82823E   [82823E] A:0120 X:0002 Y:0027 S:012E D:1428 DB:86 nvMXdizc V:244 H:108 F: 7		JSL $82823E --> Update ES-X-Pos + ES-X-Vel

			82823E 08          PHP                    A:0120 X:0002 Y:0027 S:012B D:1428 DB:86 nvMXdizc V:244 H:122 F: 7
			82823F C2 21       REP #$21               A:0120 X:0002 Y:0027 S:012A D:1428 DB:86 nvMXdizc V:244 H:127 F: 7
			828241 A5 04       LDA $04       [00142C] A:0120 X:0002 Y:0027 S:012A D:1428 DB:86 nvmXdizc V:244 H:131 F: 7
			828243 65 1A       ADC $1A       [001442] A:B600 X:0002 Y:0027 S:012A D:1428 DB:86 NvmXdizc V:244 H:150 F: 7
			828245 85 04       STA $04       [00142C] A:B400 X:0002 Y:0027 S:012A D:1428 DB:86 NvmXdizC V:244 H:158 F: 7
			828247 E2 20       SEP #$20               A:B400 X:0002 Y:0027 S:012A D:1428 DB:86 NvmXdizC V:244 H:167 F: 7
			828249 24 1B       BIT $1B       [001443] A:B400 X:0002 Y:0027 S:012A D:1428 DB:86 NvMXdizC V:244 H:171 F: 7
			82824B 30 08       BMI $0008     [828255] A:B400 X:0002 Y:0027 S:012A D:1428 DB:86 NVMXdiZC V:244 H:178 F: 7
			828255 A5 06       LDA $06       [00142E] A:B400 X:0002 Y:0027 S:012A D:1428 DB:86 NVMXdiZC V:244 H:182 F: 7
			828257 69 FF       ADC #$FF               A:B41E X:0002 Y:0027 S:012A D:1428 DB:86 nVMXdizC V:244 H:189 F: 7
			828259 85 06       STA $06       [00142E] A:B41E X:0002 Y:0027 S:012A D:1428 DB:86 nvMXdizC V:244 H:192 F: 7
			82825B 28          PLP                    A:B41E X:0002 Y:0027 S:012A D:1428 DB:86 nvMXdizC V:244 H:198 F: 7
			82825C 6B          RTL                    A:B41E X:0002 Y:0027 S:012B D:1428 DB:86 nvMXdizc V:244 H:205 F: 7

		81BD1A 22 EA 8E 84 JSL $848EEA   [848EEA] A:B41E X:0002 Y:0027 S:012E D:1428 DB:86 nvMXdizc V:244 H:215 F: 7		JSL $848EEA --> Decrease CDSkel, Continue Skeleton

			848EEA 08          PHP                    A:B41E X:0002 Y:0027 S:012B D:1428 DB:86 nvMXdizc V:244 H:229 F: 7
			848EEB 8B          PHB                    A:B41E X:0002 Y:0027 S:012A D:1428 DB:86 nvMXdizc V:244 H:234 F: 7
			848EEC E2 30       SEP #$30               A:B41E X:0002 Y:0027 S:0129 D:1428 DB:86 nvMXdizc V:244 H:239 F: 7
			848EEE C6 13       DEC $13       [00143B] A:B41E X:0002 Y:0027 S:0129 D:1428 DB:86 nvMXdizc V:244 H:243 F: 7
			848EF0 D0 5D       BNE $005D     [848F4F] A:B41E X:0002 Y:0027 S:0129 D:1428 DB:86 nvMXdiZc V:244 H:253 F: 7
			848EF2 A9 AF       LDA #$AF               A:B41E X:0002 Y:0027 S:0129 D:1428 DB:86 nvMXdiZc V:244 H:256 F: 7
			848EF4 48          PHA                    A:B4AF X:0002 Y:0027 S:0129 D:1428 DB:86 NvMXdizc V:244 H:259 F: 7
			848EF5 AB          PLB                    A:B4AF X:0002 Y:0027 S:0128 D:1428 DB:86 NvMXdizc V:244 H:264 F: 7
			848EF6 C2 21       REP #$21               A:B4AF X:0002 Y:0027 S:0129 D:1428 DB:AF NvMXdizc V:244 H:271 F: 7
			848EF8 A5 14       LDA $14       [00143C] A:B4AF X:0002 Y:0027 S:0129 D:1428 DB:AF NvmXdizc V:244 H:275 F: 7
			848EFA 69 03 00    ADC #$0003             A:D0B9 X:0002 Y:0027 S:0129 D:1428 DB:AF NvmXdizc V:244 H:284 F: 7
			848EFD A4 0F       LDY $0F       [001437] A:D0BC X:0002 Y:0027 S:0129 D:1428 DB:AF NvmXdizc V:244 H:288 F: 7
			848EFF 10 37       BPL $0037     [848F38] A:D0BC X:0002 Y:0000 S:0129 D:1428 DB:AF nvmXdiZc V:244 H:295 F: 7
			848F38 85 14       STA $14       [00143C] A:D0BC X:0002 Y:0000 S:0129 D:1428 DB:AF nvmXdiZc V:244 H:299 F: 7
			848F3A E2 30       SEP #$30               A:D0BC X:0002 Y:0000 S:0129 D:1428 DB:AF nvmXdiZc V:244 H:308 F: 7
			848F3C B2 14       LDA ($14)     [AFD0BC] A:D0BC X:0002 Y:0000 S:0129 D:1428 DB:AF nvMXdiZc V:244 H:312 F: 7
			848F3E 85 13       STA $13       [00143B] A:D001 X:0002 Y:0000 S:0129 D:1428 DB:AF nvMXdizc V:244 H:322 F: 7
			848F40 A0 01       LDY #$01               A:D001 X:0002 Y:0000 S:0129 D:1428 DB:AF nvMXdizc V:244 H:328 F: 7
			848F42 B1 14       LDA ($14),Y   [AFD0BD] A:D001 X:0002 Y:0001 S:0129 D:1428 DB:AF nvMXdizc V:244 H:331 F: 7
			848F44 85 0F       STA $0F       [001437] A:D000 X:0002 Y:0001 S:0129 D:1428 DB:AF nvMXdiZc V:245 H:  1 F: 7	SkelAction = #$00
			848F46 C8          INY                    A:D000 X:0002 Y:0001 S:0129 D:1428 DB:AF nvMXdiZc V:245 H:  7 F: 7
			848F47 B1 14       LDA ($14),Y   [AFD0BE] A:D000 X:0002 Y:0002 S:0129 D:1428 DB:AF nvMXdizc V:245 H: 10 F: 7
			848F49 85 17       STA $17       [00143F] A:D021 X:0002 Y:0002 S:0129 D:1428 DB:AF nvMXdizc V:245 H: 20 F: 7
			848F4B A9 80       LDA #$80               A:D021 X:0002 Y:0002 S:0129 D:1428 DB:AF nvMXdizc V:245 H: 27 F: 7
			848F4D 04 17       TSB $17       [00143F] A:D080 X:0002 Y:0002 S:0129 D:1428 DB:AF NvMXdizc V:245 H: 30 F: 7
			848F4F AB          PLB                    A:D080 X:0002 Y:0002 S:0129 D:1428 DB:AF NvMXdiZc V:245 H: 40 F: 7
			848F50 28          PLP                    A:D080 X:0002 Y:0002 S:012A D:1428 DB:86 NvMXdizc V:245 H: 46 F: 7
			848F51 6B          RTL                    A:D080 X:0002 Y:0002 S:012B D:1428 DB:86 nvMXdizc V:245 H: 53 F: 7

		81BD1E C6 34       DEC $34       [00145C] A:D080 X:0002 Y:0002 S:012E D:1428 DB:86 nvMXdizc V:245 H: 63 F: 7		Decrease CD2
		81BD20 D0 04       BNE $0004     [81BD26] A:D080 X:0002 Y:0002 S:012E D:1428 DB:86 nvMXdizc V:245 H: 73 F: 7		Branch because CD2 <> #$00
		81BD26 AD 16 0C    LDA $0C16     [860C16] A:D080 X:0002 Y:0002 S:012E D:1428 DB:86 nvMXdizc V:245 H: 78 F: 7
		81BD29 D0 25       BNE $0025     [81BD50] A:D000 X:0002 Y:0002 S:012E D:1428 DB:86 nvMXdiZc V:245 H: 84 F: 7		Branch if TakingItem <> #$00
		81BD2B C2 10       REP #$10               A:D000 X:0002 Y:0002 S:012E D:1428 DB:86 nvMXdiZc V:245 H: 87 F: 7
		81BD2D A2 A8 0B    LDX #$0BA8             A:D000 X:0002 Y:0002 S:012E D:1428 DB:86 nvMxdiZc V:245 H: 92 F: 7		X = MMXData
		81BD30 22 0E 9C 84 JSL $849C0E   [849C0E] A:D000 X:0BA8 Y:0002 S:012E D:1428 DB:86 nvMxdizc V:245 H: 96 F: 7		JSL $849C0E --> Something to do with Hitboxes?

			849C0E 5A          PHY                    A:D000 X:0BA8 Y:0002 S:012B D:1428 DB:86 nvMxdizc V:245 H:110 F: 7
			849C0F A4 20       LDY $20       [001448] A:D000 X:0BA8 Y:0002 S:0129 D:1428 DB:86 nvMxdizc V:245 H:117 F: 7
			849C11 D0 03       BNE $0003     [849C16] A:D000 X:0BA8 Y:C447 S:0129 D:1428 DB:86 NvMxdizc V:245 H:125 F: 7
			849C16 BC 20 00    LDY $0020,X   [860BC8] A:D000 X:0BA8 Y:C447 S:0129 D:1428 DB:86 NvMxdizc V:245 H:130 F: 7
			849C19 D0 03       BNE $0003     [849C1E] A:D000 X:0BA8 Y:A552 S:0129 D:1428 DB:86 NvMxdizc V:245 H:150 F: 7
			849C1E C2 20       REP #$20               A:D000 X:0BA8 Y:A552 S:0129 D:1428 DB:86 NvMxdizc V:245 H:154 F: 7
			849C20 DA          PHX                    A:D000 X:0BA8 Y:A552 S:0129 D:1428 DB:86 Nvmxdizc V:245 H:159 F: 7
			849C21 BD 05 00    LDA $0005,X   [860BAD] A:D000 X:0BA8 Y:A552 S:0127 D:1428 DB:86 Nvmxdizc V:245 H:166 F: 7
			849C24 8D 04 00    STA $0004     [860004] A:1E37 X:0BA8 Y:A552 S:0127 D:1428 DB:86 nvmxdizc V:245 H:176 F: 7
			849C27 BD 08 00    LDA $0008,X   [860BB0] A:1E37 X:0BA8 Y:A552 S:0127 D:1428 DB:86 nvmxdizc V:245 H:184 F: 7
			849C2A 8D 06 00    STA $0006     [860006] A:01AF X:0BA8 Y:A552 S:0127 D:1428 DB:86 nvmxdizc V:245 H:194 F: 7
			849C2D A5 05       LDA $05       [00142D] A:01AF X:0BA8 Y:A552 S:0127 D:1428 DB:86 nvmxdizc V:245 H:203 F: 7
			849C2F 8D 0C 00    STA $000C     [86000C] A:1EB4 X:0BA8 Y:A552 S:0127 D:1428 DB:86 nvmxdizc V:245 H:211 F: 7
			849C32 A5 08       LDA $08       [001430] A:1EB4 X:0BA8 Y:A552 S:0127 D:1428 DB:86 nvmxdizc V:245 H:220 F: 7
			849C34 8D 0E 00    STA $000E     [86000E] A:01AA X:0BA8 Y:A552 S:0127 D:1428 DB:86 nvmxdizc V:245 H:228 F: 7
			849C37 E2 20       SEP #$20               A:01AA X:0BA8 Y:A552 S:0127 D:1428 DB:86 nvmxdizc V:245 H:237 F: 7
			849C39 BD 11 00    LDA $0011,X   [860BB9] A:01AA X:0BA8 Y:A552 S:0127 D:1428 DB:86 nvMxdizc V:245 H:241 F: 7
			849C3C 8D 08 00    STA $0008     [860008] A:0162 X:0BA8 Y:A552 S:0127 D:1428 DB:86 nvMxdizc V:245 H:249 F: 7
			849C3F A5 11       LDA $11       [001439] A:0162 X:0BA8 Y:A552 S:0127 D:1428 DB:86 nvMxdizc V:245 H:256 F: 7
			849C41 8D 09 00    STA $0009     [860009] A:012B X:0BA8 Y:A552 S:0127 D:1428 DB:86 nvMxdizc V:245 H:262 F: 7
			849C44 BC 20 00    LDY $0020,X   [860BC8] A:012B X:0BA8 Y:A552 S:0127 D:1428 DB:86 nvMxdizc V:245 H:269 F: 7
			849C47 A6 20       LDX $20       [001448] A:012B X:0BA8 Y:A552 S:0127 D:1428 DB:86 NvMxdizc V:245 H:279 F: 7
			849C49 0B          PHD                    A:012B X:C447 Y:A552 S:0127 D:1428 DB:86 NvMxdizc V:245 H:287 F: 7
			849C4A F4 00 00    PEA $0000              A:012B X:C447 Y:A552 S:0125 D:1428 DB:86 NvMxdizc V:245 H:294 F: 7
			849C4D 2B          PLD                    A:012B X:C447 Y:A552 S:0123 D:1428 DB:86 NvMxdizc V:245 H:303 F: 7
			849C4E BD 02 00    LDA $0002,X   [86C449] A:012B X:C447 Y:A552 S:0125 D:0000 DB:86 nvMxdiZc V:245 H:311 F: 7
			849C51 18          CLC                    A:0105 X:C447 Y:A552 S:0125 D:0000 DB:86 nvMxdizc V:245 H:319 F: 7
			849C52 79 02 00    ADC $0002,Y   [86A554] A:0105 X:C447 Y:A552 S:0125 D:0000 DB:86 nvMxdizc V:245 H:322 F: 7
			849C55 85 00       STA $00       [000000] A:010B X:C447 Y:A552 S:0125 D:0000 DB:86 nvMxdizc V:245 H:328 F: 7
			849C57 64 01       STZ $01       [000001] A:010B X:C447 Y:A552 S:0125 D:0000 DB:86 nvMxdizc V:245 H:333 F: 7
			849C59 BD 03 00    LDA $0003,X   [86C44A] A:010B X:C447 Y:A552 S:0125 D:0000 DB:86 nvMxdizc V:245 H:338 F: 7
			849C5C 18          CLC                    A:0105 X:C447 Y:A552 S:0125 D:0000 DB:86 nvMxdizc V:246 H:  6 F: 7
			849C5D 79 03 00    ADC $0003,Y   [86A555] A:0105 X:C447 Y:A552 S:0125 D:0000 DB:86 nvMxdizc V:246 H:  9 F: 7
			849C60 85 02       STA $02       [000002] A:0113 X:C447 Y:A552 S:0125 D:0000 DB:86 nvMxdizc V:246 H: 16 F: 7
			849C62 64 03       STZ $03       [000003] A:0113 X:C447 Y:A552 S:0125 D:0000 DB:86 nvMxdizc V:246 H: 21 F: 7
			849C64 C2 21       REP #$21               A:0113 X:C447 Y:A552 S:0125 D:0000 DB:86 nvMxdizc V:246 H: 26 F: 7
			849C66 B9 00 00    LDA $0000,Y   [86A552] A:0113 X:C447 Y:A552 S:0125 D:0000 DB:86 nvmxdizc V:246 H: 31 F: 7
			849C69 29 FF 00    AND #$00FF             A:FF00 X:C447 Y:A552 S:0125 D:0000 DB:86 Nvmxdizc V:246 H: 40 F: 7
			849C6C 89 80 00    BIT #$0080             A:0000 X:C447 Y:A552 S:0125 D:0000 DB:86 nvmxdiZc V:246 H: 44 F: 7
			849C6F F0 03       BEQ $0003     [849C74] A:0000 X:C447 Y:A552 S:0125 D:0000 DB:86 nvmxdiZc V:246 H: 49 F: 7
			849C74 24 07       BIT $07       [000007] A:0000 X:C447 Y:A552 S:0125 D:0000 DB:86 nvmxdiZc V:246 H: 53 F: 7
			849C76 50 04       BVC $0004     [849C7C] A:0000 X:C447 Y:A552 S:0125 D:0000 DB:86 nVmxdiZc V:246 H: 60 F: 7
			849C78 49 FF FF    EOR #$FFFF             A:0000 X:C447 Y:A552 S:0125 D:0000 DB:86 nVmxdiZc V:246 H: 63 F: 7
			849C7B 1A          INC                    A:FFFF X:C447 Y:A552 S:0125 D:0000 DB:86 NVmxdizc V:246 H: 68 F: 7
			849C7C 85 0A       STA $0A       [00000A] A:0000 X:C447 Y:A552 S:0125 D:0000 DB:86 nVmxdiZc V:246 H: 71 F: 7
			849C7E 64 10       STZ $10       [000010] A:0000 X:C447 Y:A552 S:0125 D:0000 DB:86 nVmxdiZc V:246 H: 78 F: 7
			849C80 BD 00 00    LDA $0000,X   [86C447] A:0000 X:C447 Y:A552 S:0125 D:0000 DB:86 nVmxdiZc V:246 H: 85 F: 7
			849C83 29 FF 00    AND #$00FF             A:0000 X:C447 Y:A552 S:0125 D:0000 DB:86 nVmxdiZc V:246 H: 94 F: 7
			849C86 89 80 00    BIT #$0080             A:0000 X:C447 Y:A552 S:0125 D:0000 DB:86 nVmxdiZc V:246 H: 98 F: 7
			849C89 F0 03       BEQ $0003     [849C8E] A:0000 X:C447 Y:A552 S:0125 D:0000 DB:86 nVmxdiZc V:246 H:103 F: 7
			849C8E 24 08       BIT $08       [000008] A:0000 X:C447 Y:A552 S:0125 D:0000 DB:86 nVmxdiZc V:246 H:107 F: 7
			849C90 50 04       BVC $0004     [849C96] A:0000 X:C447 Y:A552 S:0125 D:0000 DB:86 nvmxdiZc V:246 H:114 F: 7
			849C96 65 0C       ADC $0C       [00000C] A:0000 X:C447 Y:A552 S:0125 D:0000 DB:86 nvmxdiZc V:246 H:119 F: 7
			849C98 38          SEC                    A:1EB4 X:C447 Y:A552 S:0125 D:0000 DB:86 nvmxdizc V:246 H:126 F: 7
			849C99 E5 04       SBC $04       [000004] A:1EB4 X:C447 Y:A552 S:0125 D:0000 DB:86 nvmxdizC V:246 H:129 F: 7
			849C9B 38          SEC                    A:007D X:C447 Y:A552 S:0125 D:0000 DB:86 nvmxdizC V:246 H:146 F: 7
			849C9C E5 0A       SBC $0A       [00000A] A:007D X:C447 Y:A552 S:0125 D:0000 DB:86 nvmxdizC V:246 H:149 F: 7
			849C9E 10 06       BPL $0006     [849CA6] A:007D X:C447 Y:A552 S:0125 D:0000 DB:86 nvmxdizC V:246 H:156 F: 7
			849CA6 85 04       STA $04       [000004] A:007D X:C447 Y:A552 S:0125 D:0000 DB:86 nvmxdizC V:246 H:160 F: 7
			849CA8 A5 00       LDA $00       [000000] A:007D X:C447 Y:A552 S:0125 D:0000 DB:86 nvmxdizC V:246 H:167 F: 7
			849CAA 38          SEC                    A:000B X:C447 Y:A552 S:0125 D:0000 DB:86 nvmxdizC V:246 H:174 F: 7
			849CAB E5 04       SBC $04       [000004] A:000B X:C447 Y:A552 S:0125 D:0000 DB:86 nvmxdizC V:246 H:177 F: 7
			849CAD 1A          INC                    A:FF8E X:C447 Y:A552 S:0125 D:0000 DB:86 Nvmxdizc V:246 H:184 F: 7
			849CAE 85 04       STA $04       [000004] A:FF8F X:C447 Y:A552 S:0125 D:0000 DB:86 Nvmxdizc V:246 H:187 F: 7
			849CB0 24 0F       BIT $0F       [00000F] A:FF8F X:C447 Y:A552 S:0125 D:0000 DB:86 Nvmxdizc V:246 H:194 F: 7
			849CB2 30 04       BMI $0004     [849CB8] A:FF8F X:C447 Y:A552 S:0125 D:0000 DB:86 nvmxdizc V:246 H:201 F: 7
			849CB4 49 FF FF    EOR #$FFFF             A:FF8F X:C447 Y:A552 S:0125 D:0000 DB:86 nvmxdizc V:246 H:204 F: 7
			849CB7 1A          INC                    A:0070 X:C447 Y:A552 S:0125 D:0000 DB:86 nvmxdizc V:246 H:209 F: 7
			849CB8 85 00       STA $00       [000000] A:0071 X:C447 Y:A552 S:0125 D:0000 DB:86 nvmxdizc V:246 H:212 F: 7
			849CBA 90 45       BCC $0045     [849D01] A:0071 X:C447 Y:A552 S:0125 D:0000 DB:86 nvmxdizc V:246 H:219 F: 7
			849D01 E2 20       SEP #$20               A:0071 X:C447 Y:A552 S:0125 D:0000 DB:86 nvmxdizc V:246 H:223 F: 7
			849D03 2B          PLD                    A:0071 X:C447 Y:A552 S:0125 D:0000 DB:86 nvMxdizc V:246 H:228 F: 7
			849D04 FA          PLX                    A:0071 X:C447 Y:A552 S:0127 D:1428 DB:86 nvMxdizc V:246 H:236 F: 7
			849D05 7A          PLY                    A:0071 X:0BA8 Y:A552 S:0129 D:1428 DB:86 nvMxdizc V:246 H:245 F: 7
			849D06 6B          RTL                    A:0071 X:0BA8 Y:0002 S:012B D:1428 DB:86 nvMxdizc V:246 H:253 F: 7

		81BD34 90 18       BCC $0018     [81BD4E] A:0071 X:0BA8 Y:0002 S:012E D:1428 DB:86 nvMxdizc V:246 H:264 F: 7
		81BD4E E2 30       SEP #$30               A:0071 X:0BA8 Y:0002 S:012E D:1428 DB:86 nvMxdizc V:246 H:268 F: 7
		81BD50 5C B4 80 82 JML $8280B4   [8280B4] A:0071 X:00A8 Y:0002 S:012E D:1428 DB:86 nvMXdizc V:246 H:273 F: 7

		8280B4 C2 20       REP #$20               A:0071 X:00A8 Y:0002 S:012E D:1428 DB:86 nvMXdizc V:246 H:279 F: 7		Normal routine after ES-Shot
		8280B6 38          SEC                    A:0071 X:00A8 Y:0002 S:012E D:1428 DB:86 nvmXdizc V:246 H:283 F: 7
		8280B7 A5 05       LDA $05       [00142D] A:0071 X:00A8 Y:0002 S:012E D:1428 DB:86 nvmXdizC V:246 H:286 F: 7
		8280B9 ED 4D 1E    SBC $1E4D     [861E4D] A:1EB4 X:00A8 Y:0002 S:012E D:1428 DB:86 nvmXdizC V:246 H:295 F: 7
		8280BC 18          CLC                    A:00B4 X:00A8 Y:0002 S:012E D:1428 DB:86 nvmXdizC V:246 H:303 F: 7
		8280BD 69 20 00    ADC #$0020             A:00B4 X:00A8 Y:0002 S:012E D:1428 DB:86 nvmXdizc V:246 H:306 F: 7
		8280C0 C9 40 01    CMP #$0140             A:00D4 X:00A8 Y:0002 S:012E D:1428 DB:86 nvmXdizc V:246 H:311 F: 7
		8280C3 B0 0F       BCS $000F     [8280D4] A:00D4 X:00A8 Y:0002 S:012E D:1428 DB:86 NvmXdizc V:246 H:315 F: 7
		8280C5 38          SEC                    A:00D4 X:00A8 Y:0002 S:012E D:1428 DB:86 NvmXdizc V:246 H:318 F: 7
		8280C6 A5 08       LDA $08       [001430] A:00D4 X:00A8 Y:0002 S:012E D:1428 DB:86 NvmXdizC V:246 H:321 F: 7
		8280C8 ED 50 1E    SBC $1E50     [861E50] A:01AA X:00A8 Y:0002 S:012E D:1428 DB:86 nvmXdizC V:246 H:329 F: 7
		8280CB 18          CLC                    A:00AA X:00A8 Y:0002 S:012E D:1428 DB:86 nvmXdizC V:246 H:337 F: 7
		8280CC 69 10 00    ADC #$0010             A:00AA X:00A8 Y:0002 S:012E D:1428 DB:86 nvmXdizc V:247 H:  0 F: 7
		8280CF C9 00 01    CMP #$0100             A:00BA X:00A8 Y:0002 S:012E D:1428 DB:86 nvmXdizc V:247 H:  5 F: 7
		8280D2 90 05       BCC $0005     [8280D9] A:00BA X:00A8 Y:0002 S:012E D:1428 DB:86 NvmXdizc V:247 H:  9 F: 7
		8280D9 E2 20       SEP #$20               A:00BA X:00A8 Y:0002 S:012E D:1428 DB:86 NvmXdizc V:247 H: 14 F: 7
		8280DB A9 81       LDA #$81               A:00BA X:00A8 Y:0002 S:012E D:1428 DB:86 NvMXdizc V:247 H: 18 F: 7
		8280DD 85 0E       STA $0E       [001436] A:0081 X:00A8 Y:0002 S:012E D:1428 DB:86 NvMXdizc V:247 H: 21 F: 7
		8280DF E2 30       SEP #$30               A:0081 X:00A8 Y:0002 S:012E D:1428 DB:86 NvMXdizc V:247 H: 28 F: 7
		8280E1 A6 12       LDX $12       [00143A] A:0081 X:00A8 Y:0002 S:012E D:1428 DB:86 NvMXdizc V:247 H: 32 F: 7
		8280E3 10 02       BPL $0002     [8280E7] A:0081 X:0002 Y:0002 S:012E D:1428 DB:86 nvMXdizc V:247 H: 39 F: 7
		8280E7 7C EA 80    JMP ($80EA,X) [8280EC] A:0081 X:0002 Y:0002 S:012E D:1428 DB:86 nvMXdizc V:247 H: 43 F: 7

		828120 AD E9 00    LDA $00E9     [8600E9] A:0081 X:0002 Y:0002 S:012E D:1428 DB:86 nvMXdizc V:247 H: 52 F: 7
		828123 C9 20       CMP #$20               A:0000 X:0002 Y:0002 S:012E D:1428 DB:86 nvMXdiZc V:247 H: 59 F: 7
		828125 B0 0D       BCS $000D     [828134] A:0000 X:0002 Y:0002 S:012E D:1428 DB:86 NvMXdizc V:247 H: 62 F: 7
		828127 0A          ASL A                  A:0000 X:0002 Y:0002 S:012E D:1428 DB:86 NvMXdizc V:247 H: 65 F: 7
		828128 AA          TAX                    A:0000 X:0002 Y:0002 S:012E D:1428 DB:86 nvMXdiZc V:247 H: 68 F: 7
		828129 C2 20       REP #$20               A:0000 X:0000 Y:0002 S:012E D:1428 DB:86 nvMXdiZc V:247 H: 71 F: 7
		82812B 7B          TDC                    A:0000 X:0000 Y:0002 S:012E D:1428 DB:86 nvmXdiZc V:247 H: 75 F: 7
		82812C 9D A0 09    STA $09A0,X   [8609A0] A:1428 X:0000 Y:0002 S:012E D:1428 DB:86 nvmXdizc V:247 H: 78 F: 7
		82812F E2 20       SEP #$20               A:1428 X:0000 Y:0002 S:012E D:1428 DB:86 nvmXdizc V:247 H: 88 F: 7
		828131 EE E9 00    INC $00E9     [8600E9] A:1428 X:0000 Y:0002 S:012E D:1428 DB:86 nvMXdizc V:247 H: 93 F: 7
		828134 6B          RTL                    A:1428 X:0000 Y:0002 S:012E D:1428 DB:86 nvMXdizc V:247 H:103 F: 7

	80F864 60          RTS                    A:1428 X:0000 Y:0002 S:0131 D:1428 DB:86 nvMXdizc V:247 H:113 F: 7

80D49C C2 21       REP #$21               A:1428 X:0000 Y:0002 S:0133 D:1428 DB:86 nvMXdizc V:247 H:123 F: 7
