80D499 20 D3 D4    JSR $D4D3     [80D4D3] A:1401 X:0000 Y:00CE S:0133 D:1428 DB:86 nvMXdizC V:243 H:311 F: 6

	80D4D3 C2 20       REP #$20               A:1401 X:0000 Y:00CE S:0131 D:1428 DB:86 nvMXdizC V:243 H:321 F: 6
	80D4D5 A5 05       LDA $05       [00142D] A:1401 X:0000 Y:00CE S:0131 D:1428 DB:86 nvmXdizC V:243 H:325 F: 6
	80D4D7 85 22       STA $22       [00144A] A:1EB6 X:0000 Y:00CE S:0131 D:1428 DB:86 nvmXdizC V:243 H:333 F: 6
	80D4D9 A5 08       LDA $08       [001430] A:1EB6 X:0000 Y:00CE S:0131 D:1428 DB:86 nvmXdizC V:244 H:  2 F: 6
	80D4DB 85 24       STA $24       [00144C] A:01AA X:0000 Y:00CE S:0131 D:1428 DB:86 nvmXdizC V:244 H: 10 F: 6
	80D4DD E2 20       SEP #$20               A:01AA X:0000 Y:00CE S:0131 D:1428 DB:86 nvmXdizC V:244 H: 19 F: 6
	80D4DF A9 80       LDA #$80               A:01AA X:0000 Y:00CE S:0131 D:1428 DB:86 nvMXdizC V:244 H: 23 F: 6
	80D4E1 14 0E       TRB $0E       [001436] A:0180 X:0000 Y:00CE S:0131 D:1428 DB:86 NvMXdizC V:244 H: 26 F: 6
	80D4E3 A5 0A       LDA $0A       [001432] A:0180 X:0000 Y:00CE S:0131 D:1428 DB:86 NvMXdiZC V:244 H: 36 F: 6
	80D4E5 0A          ASL A                  A:011A X:0000 Y:00CE S:0131 D:1428 DB:86 nvMXdizC V:244 H: 43 F: 6
	80D4E6 AA          TAX                    A:0134 X:0000 Y:00CE S:0131 D:1428 DB:86 nvMXdizc V:244 H: 46 F: 6
	80D4E7 7C 7D F7    JMP ($F77D,X) [80F7B1] A:0134 X:0034 Y:00CE S:0131 D:1428 DB:86 nvMXdizc V:244 H: 49 F: 6

	80F860 22 85 BC 81 JSL $81BC85   [81BC85] A:0134 X:0034 Y:00CE S:0131 D:1428 DB:86 nvMXdizc V:244 H: 58 F: 6			Main Breath/Statue routine

		81BC85 A0 27       LDY #$27               A:0134 X:0034 Y:00CE S:012E D:1428 DB:86 nvMXdizc V:244 H: 71 F: 6		
		81BC87 B1 0C       LDA ($0C),Y   [860E8F] A:0134 X:0034 Y:0027 S:012E D:1428 DB:86 nvMXdizc V:244 H: 74 F: 6		Load E-HP
		81BC89 29 7F       AND #$7F               A:0120 X:0034 Y:0027 S:012E D:1428 DB:86 nvMXdizc V:244 H: 85 F: 6
		81BC8B D0 04       BNE $0004     [81BC91] A:0120 X:0034 Y:0027 S:012E D:1428 DB:86 nvMXdizc V:244 H: 88 F: 6		Branch because (E-HP AND #$7F) <> #$00
		81BC91 A6 01       LDX $01       [001429] A:0120 X:0034 Y:0027 S:012E D:1428 DB:86 nvMXdizc V:244 H: 92 F: 6
		81BC93 7C 96 BC    JMP ($BC96,X) [81BC96] A:0120 X:0000 Y:0027 S:012E D:1428 DB:86 nvMXdiZc V:244 H: 99 F: 6		JMP ($81BC96,State) = ($81BC96) = $81BCA2

		81BCA2 A5 0B       LDA $0B       [001433] A:0120 X:0000 Y:0027 S:012E D:1428 DB:86 nvMXdiZc V:244 H:108 F: 6		
		81BCA4 D0 3B       BNE $003B     [81BCE1] A:0100 X:0000 Y:0027 S:012E D:1428 DB:86 nvMXdiZc V:244 H:114 F: 6		Branch if SubID <> #$00
		81BCA6 A9 02       LDA #$02               A:0100 X:0000 Y:0027 S:012E D:1428 DB:86 nvMXdiZc V:244 H:117 F: 6		State = #$02
		81BCA8 85 01       STA $01       [001429] A:0102 X:0000 Y:0027 S:012E D:1428 DB:86 nvMXdizc V:244 H:120 F: 6
		81BCAA AF 61 82 7F LDA $7F8261   [7F8261] A:0102 X:0000 Y:0027 S:012E D:1428 DB:86 nvMXdizc V:244 H:127 F: 6		|ES-$18 = $7F8261 --> Something with graphics or palettes?
		81BCAE 85 18       STA $18       [001440] A:0100 X:0000 Y:0027 S:012E D:1428 DB:86 nvMXdiZc V:244 H:145 F: 6		|
		81BCB0 AF 62 83 7F LDA $7F8362   [7F8362] A:0100 X:0000 Y:0027 S:012E D:1428 DB:86 nvMXdiZc V:244 H:151 F: 6		A = $7F8362 ORA #$01
		81BCB4 09 01       ORA #$01               A:012A X:0000 Y:0027 S:012E D:1428 DB:86 nvMXdizc V:244 H:159 F: 6
		81BCB6 04 11       TSB $11       [001439] A:012B X:0000 Y:0027 S:012E D:1428 DB:86 nvMXdizc V:244 H:162 F: 6		Set A bits in ES-$11
		81BCB8 A9 67       LDA #$67               A:012B X:0000 Y:0027 S:012E D:1428 DB:86 nvMXdiZc V:244 H:172 F: 6		|CDBase = #$67
		81BCBA 85 16       STA $16       [00143E] A:0167 X:0000 Y:0027 S:012E D:1428 DB:86 nvMXdizc V:244 H:175 F: 6		|
		81BCBC A9 0F       LDA #$0F               A:0167 X:0000 Y:0027 S:012E D:1428 DB:86 nvMXdizc V:244 H:182 F: 6
		81BCBE 22 07 8F 84 JSL $848F07   [848F07] A:010F X:0000 Y:0027 S:012E D:1428 DB:86 nvMXdizc V:244 H:185 F: 6		JSL $848F07 --> Skeleton Load (SkelPoint = #$67, b = A = #$0F)

			848F07 08          PHP                    A:010F X:0000 Y:0027 S:012B D:1428 DB:86 nvMXdizc V:244 H:198 F: 6
			848F08 8B          PHB                    A:010F X:0000 Y:0027 S:012A D:1428 DB:86 nvMXdizc V:244 H:203 F: 6
			848F09 C2 30       REP #$30               A:010F X:0000 Y:0027 S:0129 D:1428 DB:86 nvMXdizc V:244 H:208 F: 6
			848F0B 8D 0E 00    STA $000E     [86000E] A:010F X:0000 Y:0027 S:0129 D:1428 DB:86 nvmxdizc V:244 H:213 F: 6
			848F0E A5 16       LDA $16       [00143E] A:010F X:0000 Y:0027 S:0129 D:1428 DB:86 nvmxdizc V:244 H:221 F: 6
			848F10 29 FF 00    AND #$00FF             A:9B67 X:0000 Y:0027 S:0129 D:1428 DB:86 Nvmxdizc V:244 H:230 F: 6
			848F13 8D 0C 00    STA $000C     [86000C] A:0067 X:0000 Y:0027 S:0129 D:1428 DB:86 nvmxdizc V:244 H:234 F: 6
			848F16 0A          ASL A                  A:0067 X:0000 Y:0027 S:0129 D:1428 DB:86 nvmxdizc V:244 H:243 F: 6
			848F17 18          CLC                    A:00CE X:0000 Y:0027 S:0129 D:1428 DB:86 nvmxdizc V:244 H:246 F: 6
			848F18 6D 0C 00    ADC $000C     [86000C] A:00CE X:0000 Y:0027 S:0129 D:1428 DB:86 nvmxdizc V:244 H:249 F: 6
			848F1B AA          TAX                    A:0135 X:0000 Y:0027 S:0129 D:1428 DB:86 nvmxdizc V:244 H:257 F: 6
			848F1C BF 00 A0 AF LDA $AFA000,X [AFA135] A:0135 X:0135 Y:0027 S:0129 D:1428 DB:86 nvmxdizc V:244 H:260 F: 6
			848F20 85 14       STA $14       [00143C] A:CFE0 X:0135 Y:0027 S:0129 D:1428 DB:86 Nvmxdizc V:244 H:269 F: 6
			848F22 E2 20       SEP #$20               A:CFE0 X:0135 Y:0027 S:0129 D:1428 DB:86 Nvmxdizc V:244 H:278 F: 6
			848F24 BF 02 A0 AF LDA $AFA002,X [AFA137] A:CFE0 X:0135 Y:0027 S:0129 D:1428 DB:86 NvMxdizc V:244 H:282 F: 6
			848F28 48          PHA                    A:CFAF X:0135 Y:0027 S:0129 D:1428 DB:86 NvMxdizc V:244 H:290 F: 6
			848F29 AB          PLB                    A:CFAF X:0135 Y:0027 S:0128 D:1428 DB:86 NvMxdizc V:244 H:295 F: 6
			848F2A C2 20       REP #$20               A:CFAF X:0135 Y:0027 S:0129 D:1428 DB:AF NvMxdizc V:244 H:301 F: 6
			848F2C AD 0E 00    LDA $000E     [AF000E] A:CFAF X:0135 Y:0027 S:0129 D:1428 DB:AF Nvmxdizc V:244 H:306 F: 6
			848F2F 29 FF 00    AND #$00FF             A:010F X:0135 Y:0027 S:0129 D:1428 DB:AF nvmxdizc V:244 H:314 F: 6
			848F32 0A          ASL A                  A:000F X:0135 Y:0027 S:0129 D:1428 DB:AF nvmxdizc V:244 H:319 F: 6
			848F33 A8          TAY                    A:001E X:0135 Y:0027 S:0129 D:1428 DB:AF nvmxdizc V:244 H:322 F: 6
			848F34 B1 14       LDA ($14),Y   [AFCFFE] A:001E X:0135 Y:001E S:0129 D:1428 DB:AF nvmxdizc V:244 H:324 F: 6
			848F36 65 14       ADC $14       [00143C] A:00D9 X:0135 Y:001E S:0129 D:1428 DB:AF nvmxdizc V:244 H:337 F: 6
			848F38 85 14       STA $14       [00143C] A:D0B9 X:0135 Y:001E S:0129 D:1428 DB:AF Nvmxdizc V:245 H:  5 F: 6
			848F3A E2 30       SEP #$30               A:D0B9 X:0135 Y:001E S:0129 D:1428 DB:AF Nvmxdizc V:245 H: 14 F: 6
			848F3C B2 14       LDA ($14)     [AFD0B9] A:D0B9 X:0035 Y:001E S:0129 D:1428 DB:AF NvMXdizc V:245 H: 18 F: 6	Skeleton start: [AFD0B9]
			848F3E 85 13       STA $13       [00143B] A:D001 X:0035 Y:001E S:0129 D:1428 DB:AF nvMXdizc V:245 H: 28 F: 6
			848F40 A0 01       LDY #$01               A:D001 X:0035 Y:001E S:0129 D:1428 DB:AF nvMXdizc V:245 H: 35 F: 6
			848F42 B1 14       LDA ($14),Y   [AFD0BA] A:D001 X:0035 Y:0001 S:0129 D:1428 DB:AF nvMXdizc V:245 H: 38 F: 6
			848F44 85 0F       STA $0F       [001437] A:D000 X:0035 Y:0001 S:0129 D:1428 DB:AF nvMXdiZc V:245 H: 48 F: 6
			848F46 C8          INY                    A:D000 X:0035 Y:0001 S:0129 D:1428 DB:AF nvMXdiZc V:245 H: 54 F: 6
			848F47 B1 14       LDA ($14),Y   [AFD0BB] A:D000 X:0035 Y:0002 S:0129 D:1428 DB:AF nvMXdizc V:245 H: 57 F: 6
			848F49 85 17       STA $17       [00143F] A:D020 X:0035 Y:0002 S:0129 D:1428 DB:AF nvMXdizc V:245 H: 67 F: 6
			848F4B A9 80       LDA #$80               A:D020 X:0035 Y:0002 S:0129 D:1428 DB:AF nvMXdizc V:245 H: 74 F: 6
			848F4D 04 17       TSB $17       [00143F] A:D080 X:0035 Y:0002 S:0129 D:1428 DB:AF NvMXdizc V:245 H: 77 F: 6
			848F4F AB          PLB                    A:D080 X:0035 Y:0002 S:0129 D:1428 DB:AF NvMXdiZc V:245 H: 87 F: 6
			848F50 28          PLP                    A:D080 X:0035 Y:0002 S:012A D:1428 DB:86 NvMXdizc V:245 H: 93 F: 6
			848F51 6B          RTL                    A:D080 X:0035 Y:0002 S:012B D:1428 DB:86 nvMXdizc V:245 H:100 F: 6

		81BCC2 A5 11       LDA $11       [001439] A:D080 X:0035 Y:0002 S:012E D:1428 DB:86 nvMXdizc V:245 H:110 F: 6		
		81BCC4 0A          ASL A                  A:D02B X:0035 Y:0002 S:012E D:1428 DB:86 nvMXdizc V:245 H:117 F: 6
		81BCC5 0A          ASL A                  A:D056 X:0035 Y:0002 S:012E D:1428 DB:86 nvMXdizc V:245 H:120 F: 6
		81BCC6 C2 20       REP #$20               A:D0AC X:0035 Y:0002 S:012E D:1428 DB:86 NvMXdizc V:245 H:123 F: 6
		81BCC8 A9 00 02    LDA #$0200             A:D0AC X:0035 Y:0002 S:012E D:1428 DB:86 NvmXdizc V:245 H:127 F: 6		Load #$0200
		81BCCB B0 03       BCS $0003     [81BCD0] A:0200 X:0035 Y:0002 S:012E D:1428 DB:86 nvmXdizc V:245 H:132 F: 6		Branch if Facing Right
		81BCCD A9 00 FE    LDA #$FE00             A:0200 X:0035 Y:0002 S:012E D:1428 DB:86 nvmXdizc V:245 H:145 F: 6		Load #$FE00
		81BCD0 85 1A       STA $1A       [001442] A:FE00 X:0035 Y:0002 S:012E D:1428 DB:86 NvmXdizc V:245 H:149 F: 6		Store ES-X-Vel
		81BCD2 A9 47 C4    LDA #$C447             A:FE00 X:0035 Y:0002 S:012E D:1428 DB:86 NvmXdizc V:245 H:158 F: 6		HitPoint = #$C447
		81BCD5 85 20       STA $20       [001448] A:C447 X:0035 Y:0002 S:012E D:1428 DB:86 NvmXdizc V:245 H:162 F: 6
		81BCD7 E2 20       SEP #$20               A:C447 X:0035 Y:0002 S:012E D:1428 DB:86 NvmXdizc V:245 H:171 F: 6		A:1B
		81BCD9 A9 28       LDA #$28               A:C447 X:0035 Y:0002 S:012E D:1428 DB:86 NvMXdizc V:245 H:175 F: 6		CD2 = #$28
		81BCDB 85 34       STA $34       [00145C] A:C428 X:0035 Y:0002 S:012E D:1428 DB:86 nvMXdizc V:245 H:178 F: 6
		81BCDD 5C B4 80 82 JML $8280B4   [8280B4] A:C428 X:0035 Y:0002 S:012E D:1428 DB:86 nvMXdizc V:245 H:185 F: 6

		8280B4 C2 20       REP #$20               A:C428 X:0035 Y:0002 S:012E D:1428 DB:86 nvMXdizc V:245 H:191 F: 6		Normal routine after action
		8280B6 38          SEC                    A:C428 X:0035 Y:0002 S:012E D:1428 DB:86 nvmXdizc V:245 H:195 F: 6
		8280B7 A5 05       LDA $05       [00142D] A:C428 X:0035 Y:0002 S:012E D:1428 DB:86 nvmXdizC V:245 H:198 F: 6		|Branch if (ES-X-Pos - X-Cam + #$0020) < #$0140
		8280B9 ED 4D 1E    SBC $1E4D     [861E4D] A:1EB6 X:0035 Y:0002 S:012E D:1428 DB:86 nvmXdizC V:245 H:207 F: 6		|
		8280BC 18          CLC                    A:00B6 X:0035 Y:0002 S:012E D:1428 DB:86 nvmXdizC V:245 H:215 F: 6		|
		8280BD 69 20 00    ADC #$0020             A:00B6 X:0035 Y:0002 S:012E D:1428 DB:86 nvmXdizc V:245 H:218 F: 6		|
		8280C0 C9 40 01    CMP #$0140             A:00D6 X:0035 Y:0002 S:012E D:1428 DB:86 nvmXdizc V:245 H:223 F: 6		|
		8280C3 B0 0F       BCS $000F     [8280D4] A:00D6 X:0035 Y:0002 S:012E D:1428 DB:86 NvmXdizc V:245 H:227 F: 6		|
		8280C5 38          SEC                    A:00D6 X:0035 Y:0002 S:012E D:1428 DB:86 NvmXdizc V:245 H:230 F: 6
		8280C6 A5 08       LDA $08       [001430] A:00D6 X:0035 Y:0002 S:012E D:1428 DB:86 NvmXdizC V:245 H:233 F: 6		|Branch because (ES-Y-Pos - Y-Cam + #$0010) > #$0100
		8280C8 ED 50 1E    SBC $1E50     [861E50] A:01AA X:0035 Y:0002 S:012E D:1428 DB:86 nvmXdizC V:245 H:242 F: 6		|
		8280CB 18          CLC                    A:00AA X:0035 Y:0002 S:012E D:1428 DB:86 nvmXdizC V:245 H:250 F: 6		|
		8280CC 69 10 00    ADC #$0010             A:00AA X:0035 Y:0002 S:012E D:1428 DB:86 nvmXdizc V:245 H:253 F: 6		|
		8280CF C9 00 01    CMP #$0100             A:00BA X:0035 Y:0002 S:012E D:1428 DB:86 nvmXdizc V:245 H:258 F: 6		|
		8280D2 90 05       BCC $0005     [8280D9] A:00BA X:0035 Y:0002 S:012E D:1428 DB:86 NvmXdizc V:245 H:262 F: 6		|
		8280D9 E2 20       SEP #$20               A:00BA X:0035 Y:0002 S:012E D:1428 DB:86 NvmXdizc V:245 H:267 F: 6		A:1B
		8280DB A9 81       LDA #$81               A:00BA X:0035 Y:0002 S:012E D:1428 DB:86 NvMXdizc V:245 H:271 F: 6		ES-$0E = #$81
		8280DD 85 0E       STA $0E       [001436] A:0081 X:0035 Y:0002 S:012E D:1428 DB:86 NvMXdizc V:245 H:274 F: 6
		8280DF E2 30       SEP #$30               A:0081 X:0035 Y:0002 S:012E D:1428 DB:86 NvMXdizc V:245 H:281 F: 6		A:1B,X:1B
		8280E1 A6 12       LDX $12       [00143A] A:0081 X:0035 Y:0002 S:012E D:1428 DB:86 NvMXdizc V:245 H:285 F: 6		X = ES-$12
		8280E3 10 02       BPL $0002     [8280E7] A:0081 X:0002 Y:0002 S:012E D:1428 DB:86 nvMXdizc V:245 H:292 F: 6		Branch because ES-$12 is positive
		8280E7 7C EA 80    JMP ($80EA,X) [8280EC] A:0081 X:0002 Y:0002 S:012E D:1428 DB:86 nvMXdizc V:245 H:296 F: 6		JMP ($80EA,ES-$12) = ($8280EC) = $828120

		828120 AD E9 00    LDA $00E9     [8600E9] A:0081 X:0002 Y:0002 S:012E D:1428 DB:86 nvMXdizc V:245 H:305 F: 6		|A = $00E9 = #$00
		828123 C9 20       CMP #$20               A:0000 X:0002 Y:0002 S:012E D:1428 DB:86 nvMXdiZc V:245 H:312 F: 6		|
		828125 B0 0D       BCS $000D     [828134] A:0000 X:0002 Y:0002 S:012E D:1428 DB:86 NvMXdizc V:245 H:315 F: 6		|Branch if $00E9 < #$20
		828127 0A          ASL A                  A:0000 X:0002 Y:0002 S:012E D:1428 DB:86 NvMXdizc V:245 H:318 F: 6		
		828128 AA          TAX                    A:0000 X:0002 Y:0002 S:012E D:1428 DB:86 nvMXdiZc V:245 H:321 F: 6		X = #00E9 * 2
		828129 C2 20       REP #$20               A:0000 X:0000 Y:0002 S:012E D:1428 DB:86 nvMXdiZc V:245 H:323 F: 6		A:2B
		82812B 7B          TDC                    A:0000 X:0000 Y:0002 S:012E D:1428 DB:86 nvmXdiZc V:245 H:327 F: 6		
		82812C 9D A0 09    STA $09A0,X   [8609A0] A:1428 X:0000 Y:0002 S:012E D:1428 DB:86 nvmXdizc V:245 H:330 F: 6		$09A0,X = EnemyShot
		82812F E2 20       SEP #$20               A:1428 X:0000 Y:0002 S:012E D:1428 DB:86 nvmXdizc V:246 H:  0 F: 6		A:1B
		828131 EE E9 00    INC $00E9     [8600E9] A:1428 X:0000 Y:0002 S:012E D:1428 DB:86 nvMXdizc V:246 H:  5 F: 6		Inc $00E9
		828134 6B          RTL                    A:1428 X:0000 Y:0002 S:012E D:1428 DB:86 nvMXdizc V:246 H: 15 F: 6		Return

	80F864 60          RTS                    A:1428 X:0000 Y:0002 S:0131 D:1428 DB:86 nvMXdizc V:246 H: 25 F: 6			Return

80D49C C2 21       REP #$21               A:1428 X:0000 Y:0002 S:0133 D:1428 DB:86 nvMXdizc V:246 H: 35 F: 6
