80D499 20 D3 D4    JSR $D4D3     [80D4D3] A:1401 X:0000 Y:0047 S:0133 D:1428 DB:86 nvMXdizC V:247 H:178 F: 4

	80D4D3 C2 20       REP #$20               A:1401 X:0000 Y:0047 S:0131 D:1428 DB:86 nvMXdizC V:247 H:188 F: 4
	80D4D5 A5 05       LDA $05       [00142D] A:1401 X:0000 Y:0047 S:0131 D:1428 DB:86 nvmXdizC V:247 H:193 F: 4
	80D4D7 85 22       STA $22       [00144A] A:142D X:0000 Y:0047 S:0131 D:1428 DB:86 nvmXdizC V:247 H:201 F: 4
	80D4D9 A5 08       LDA $08       [001430] A:142D X:0000 Y:0047 S:0131 D:1428 DB:86 nvmXdizC V:247 H:210 F: 4
	80D4DB 85 24       STA $24       [00144C] A:0A9D X:0000 Y:0047 S:0131 D:1428 DB:86 nvmXdizC V:247 H:218 F: 4
	80D4DD E2 20       SEP #$20               A:0A9D X:0000 Y:0047 S:0131 D:1428 DB:86 nvmXdizC V:247 H:227 F: 4
	80D4DF A9 80       LDA #$80               A:0A9D X:0000 Y:0047 S:0131 D:1428 DB:86 nvMXdizC V:247 H:231 F: 4
	80D4E1 14 0E       TRB $0E       [001436] A:0A80 X:0000 Y:0047 S:0131 D:1428 DB:86 NvMXdizC V:247 H:234 F: 4
	80D4E3 A5 0A       LDA $0A       [001432] A:0A80 X:0000 Y:0047 S:0131 D:1428 DB:86 NvMXdiZC V:247 H:244 F: 4
	80D4E5 0A          ASL A                  A:0A04 X:0000 Y:0047 S:0131 D:1428 DB:86 nvMXdizC V:247 H:251 F: 4
	80D4E6 AA          TAX                    A:0A08 X:0000 Y:0047 S:0131 D:1428 DB:86 nvMXdizc V:247 H:254 F: 4
	80D4E7 7C 7D F7    JMP ($F77D,X) [80F785] A:0A08 X:0008 Y:0047 S:0131 D:1428 DB:86 nvMXdizc V:247 H:257 F: 4

	80F7F2 22 3B B9 83 JSL $83B93B   [83B93B] A:0A08 X:0008 Y:0047 S:0131 D:1428 DB:86 nvMXdizc V:247 H:266 F: 4

		83B93B A5 01       LDA $01       [001429] A:0A08 X:0008 Y:0047 S:012E D:1428 DB:86 nvMXdizc V:247 H:279 F: 4
		83B93D D0 6E       BNE $006E     [83B9AD] A:0A00 X:0008 Y:0047 S:012E D:1428 DB:86 nvMXdiZc V:247 H:286 F: 4	Branch if E-State <> #$00
		83B93F E6 01       INC $01       [001429] A:0A00 X:0008 Y:0047 S:012E D:1428 DB:86 nvMXdiZc V:247 H:289 F: 4	Increase E-State = #$01
		83B941 A9 01       LDA #$01               A:0A00 X:0008 Y:0047 S:012E D:1428 DB:86 nvMXdizc V:247 H:299 F: 4
		83B943 85 28       STA $28       [001450] A:0A01 X:0008 Y:0047 S:012E D:1428 DB:86 nvMXdizc V:247 H:302 F: 4	ES-$28 = #$01
		83B945 A9 40       LDA #$40               A:0A01 X:0008 Y:0047 S:012E D:1428 DB:86 nvMXdizc V:247 H:308 F: 4
		83B947 85 18       STA $18       [001440] A:0A40 X:0008 Y:0047 S:012E D:1428 DB:86 nvMXdizc V:247 H:311 F: 4	ES-$18 = #$40
		83B949 A9 28       LDA #$28               A:0A40 X:0008 Y:0047 S:012E D:1428 DB:86 nvMXdizc V:247 H:318 F: 4
		83B94B 04 11       TSB $11       [001439] A:0A28 X:0008 Y:0047 S:012E D:1428 DB:86 nvMXdizc V:247 H:321 F: 4	ES-Status = Set bits #$28
		83B94D A9 63       LDA #$63               A:0A28 X:0008 Y:0047 S:012E D:1428 DB:86 nvMXdiZc V:247 H:330 F: 4
		83B94F 85 16       STA $16       [00143E] A:0A63 X:0008 Y:0047 S:012E D:1428 DB:86 nvMXdizc V:247 H:333 F: 4	ES-CountPoint = #$63
		83B951 A9 02       LDA #$02               A:0A63 X:0008 Y:0047 S:012E D:1428 DB:86 nvMXdizc V:247 H:339 F: 4
		83B953 85 12       STA $12       [00143A] A:0A02 X:0008 Y:0047 S:012E D:1428 DB:86 nvMXdizc V:248 H:  2 F: 4	ES-$12 = #$02
		83B955 A5 0B       LDA $0B       [001433] A:0A02 X:0008 Y:0047 S:012E D:1428 DB:86 nvMXdizc V:248 H:  9 F: 4
		83B957 F0 2D       BEQ $002D     [83B986] A:0A08 X:0008 Y:0047 S:012E D:1428 DB:86 nvMXdizc V:248 H: 15 F: 4	Branch if ES-SubID = #$00
		83B959 3A          DEC                    A:0A08 X:0008 Y:0047 S:012E D:1428 DB:86 nvMXdizc V:248 H: 18 F: 4	|X = (ES-SubID - #$01)*#$10
		83B95A 0A          ASL A                  A:0A07 X:0008 Y:0047 S:012E D:1428 DB:86 nvMXdizc V:248 H: 21 F: 4	|
		83B95B 0A          ASL A                  A:0A0E X:0008 Y:0047 S:012E D:1428 DB:86 nvMXdizc V:248 H: 24 F: 4	|
		83B95C 0A          ASL A                  A:0A1C X:0008 Y:0047 S:012E D:1428 DB:86 nvMXdizc V:248 H: 27 F: 4	|
		83B95D 0A          ASL A                  A:0A38 X:0008 Y:0047 S:012E D:1428 DB:86 nvMXdizc V:248 H: 30 F: 4	|
		83B95E AA          TAX                    A:0A70 X:0008 Y:0047 S:012E D:1428 DB:86 nvMXdizc V:248 H: 33 F: 4	|
		83B95F C2 20       REP #$20               A:0A70 X:0070 Y:0047 S:012E D:1428 DB:86 nvMXdizc V:248 H: 36 F: 4
		83B961 BD 37 EE    LDA $EE37,X   [86EEA7] A:0A70 X:0070 Y:0047 S:012E D:1428 DB:86 nvmXdizc V:248 H: 41 F: 4	|ES-X-Vel = [$86EE37,X]*4
		83B964 0A          ASL A                  A:FE97 X:0070 Y:0047 S:012E D:1428 DB:86 NvmXdizc V:248 H: 48 F: 4	|
		83B965 0A          ASL A                  A:FD2E X:0070 Y:0047 S:012E D:1428 DB:86 NvmXdizC V:248 H: 51 F: 4	|
		83B966 85 1A       STA $1A       [001442] A:FA5C X:0070 Y:0047 S:012E D:1428 DB:86 NvmXdizC V:248 H: 54 F: 4	|
		83B968 BD 39 EE    LDA $EE39,X   [86EEA9] A:FA5C X:0070 Y:0047 S:012E D:1428 DB:86 NvmXdizC V:248 H: 63 F: 4	|ES-Y-Vel = [$86EE39,X]*4
		83B96B 0A          ASL A                  A:0169 X:0070 Y:0047 S:012E D:1428 DB:86 nvmXdizC V:248 H: 70 F: 4	|
		83B96C 0A          ASL A                  A:02D2 X:0070 Y:0047 S:012E D:1428 DB:86 nvmXdizc V:248 H: 73 F: 4	|
		83B96D 85 1C       STA $1C       [001444] A:05A4 X:0070 Y:0047 S:012E D:1428 DB:86 nvmXdizc V:248 H: 76 F: 4	|
		83B96F A9 59 C9    LDA #$C959             A:05A4 X:0070 Y:0047 S:012E D:1428 DB:86 nvmXdizc V:248 H: 85 F: 4
		83B972 85 20       STA $20       [001448] A:C959 X:0070 Y:0047 S:012E D:1428 DB:86 NvmXdizc V:248 H: 89 F: 4	ES-HitPoint = #$C959
		83B974 E2 20       SEP #$20               A:C959 X:0070 Y:0047 S:012E D:1428 DB:86 NvmXdizc V:248 H: 98 F: 4
		83B976 A9 06       LDA #$06               A:C959 X:0070 Y:0047 S:012E D:1428 DB:86 NvMXdizc V:248 H:102 F: 4
		83B978 85 26       STA $26       [00144E] A:C906 X:0070 Y:0047 S:012E D:1428 DB:86 nvMXdizc V:248 H:105 F: 4	ES-$26 = #$06
		83B97A A9 01       LDA #$01               A:C906 X:0070 Y:0047 S:012E D:1428 DB:86 nvMXdizc V:248 H:112 F: 4
		83B97C 85 27       STA $27       [00144F] A:C901 X:0070 Y:0047 S:012E D:1428 DB:86 nvMXdizc V:248 H:115 F: 4	ES-$27 = #$01
		83B97E A9 03       LDA #$03               A:C901 X:0070 Y:0047 S:012E D:1428 DB:86 nvMXdizc V:248 H:121 F: 4
		83B980 22 07 8F 84 JSL $848F07   [848F07] A:C903 X:0070 Y:0047 S:012E D:1428 DB:86 nvMXdizc V:248 H:124 F: 4	JSL $848F07 --> Skeleton Load (SkelPoint = #$63, A=#$03)

			848F07 08          PHP                    A:C903 X:0070 Y:0047 S:012B D:1428 DB:86 nvMXdizc V:248 H:148 F: 4
			848F08 8B          PHB                    A:C903 X:0070 Y:0047 S:012A D:1428 DB:86 nvMXdizc V:248 H:153 F: 4
			848F09 C2 30       REP #$30               A:C903 X:0070 Y:0047 S:0129 D:1428 DB:86 nvMXdizc V:248 H:158 F: 4
			848F0B 8D 0E 00    STA $000E     [86000E] A:C903 X:0070 Y:0047 S:0129 D:1428 DB:86 nvmxdizc V:248 H:162 F: 4
			848F0E A5 16       LDA $16       [00143E] A:C903 X:0070 Y:0047 S:0129 D:1428 DB:86 nvmxdizc V:248 H:171 F: 4
			848F10 29 FF 00    AND #$00FF             A:8A63 X:0070 Y:0047 S:0129 D:1428 DB:86 Nvmxdizc V:248 H:179 F: 4
			848F13 8D 0C 00    STA $000C     [86000C] A:0063 X:0070 Y:0047 S:0129 D:1428 DB:86 nvmxdizc V:248 H:184 F: 4
			848F16 0A          ASL A                  A:0063 X:0070 Y:0047 S:0129 D:1428 DB:86 nvmxdizc V:248 H:192 F: 4
			848F17 18          CLC                    A:00C6 X:0070 Y:0047 S:0129 D:1428 DB:86 nvmxdizc V:248 H:195 F: 4
			848F18 6D 0C 00    ADC $000C     [86000C] A:00C6 X:0070 Y:0047 S:0129 D:1428 DB:86 nvmxdizc V:248 H:198 F: 4
			848F1B AA          TAX                    A:0129 X:0070 Y:0047 S:0129 D:1428 DB:86 nvmxdizc V:248 H:207 F: 4
			848F1C BF 00 A0 AF LDA $AFA000,X [AFA129] A:0129 X:0129 Y:0047 S:0129 D:1428 DB:86 nvmxdizc V:248 H:210 F: 4
			848F20 85 14       STA $14       [00143C] A:CE13 X:0129 Y:0047 S:0129 D:1428 DB:86 Nvmxdizc V:248 H:219 F: 4
			848F22 E2 20       SEP #$20               A:CE13 X:0129 Y:0047 S:0129 D:1428 DB:86 Nvmxdizc V:248 H:227 F: 4
			848F24 BF 02 A0 AF LDA $AFA002,X [AFA12B] A:CE13 X:0129 Y:0047 S:0129 D:1428 DB:86 NvMxdizc V:248 H:232 F: 4
			848F28 48          PHA                    A:CEAF X:0129 Y:0047 S:0129 D:1428 DB:86 NvMxdizc V:248 H:239 F: 4
			848F29 AB          PLB                    A:CEAF X:0129 Y:0047 S:0128 D:1428 DB:86 NvMxdizc V:248 H:244 F: 4
			848F2A C2 20       REP #$20               A:CEAF X:0129 Y:0047 S:0129 D:1428 DB:AF NvMxdizc V:248 H:251 F: 4
			848F2C AD 0E 00    LDA $000E     [AF000E] A:CEAF X:0129 Y:0047 S:0129 D:1428 DB:AF Nvmxdizc V:248 H:255 F: 4
			848F2F 29 FF 00    AND #$00FF             A:C903 X:0129 Y:0047 S:0129 D:1428 DB:AF Nvmxdizc V:248 H:264 F: 4
			848F32 0A          ASL A                  A:0003 X:0129 Y:0047 S:0129 D:1428 DB:AF nvmxdizc V:248 H:268 F: 4
			848F33 A8          TAY                    A:0006 X:0129 Y:0047 S:0129 D:1428 DB:AF nvmxdizc V:248 H:271 F: 4
			848F34 B1 14       LDA ($14),Y   [AFCE19] A:0006 X:0129 Y:0006 S:0129 D:1428 DB:AF nvmxdizc V:248 H:274 F: 4
			848F36 65 14       ADC $14       [00143C] A:0035 X:0129 Y:0006 S:0129 D:1428 DB:AF nvmxdizc V:248 H:287 F: 4
			848F38 85 14       STA $14       [00143C] A:CE48 X:0129 Y:0006 S:0129 D:1428 DB:AF Nvmxdizc V:248 H:296 F: 4
			848F3A E2 30       SEP #$30               A:CE48 X:0129 Y:0006 S:0129 D:1428 DB:AF Nvmxdizc V:248 H:304 F: 4
			848F3C B2 14       LDA ($14)     [AFCE48] A:CE48 X:0029 Y:0006 S:0129 D:1428 DB:AF NvMXdizc V:248 H:309 F: 4	Skeleton start: [$AFCE48]
			848F3E 85 13       STA $13       [00143B] A:CE02 X:0029 Y:0006 S:0129 D:1428 DB:AF nvMXdizc V:248 H:319 F: 4
			848F40 A0 01       LDY #$01               A:CE02 X:0029 Y:0006 S:0129 D:1428 DB:AF nvMXdizc V:248 H:325 F: 4
			848F42 B1 14       LDA ($14),Y   [AFCE49] A:CE02 X:0029 Y:0001 S:0129 D:1428 DB:AF nvMXdizc V:248 H:327 F: 4
			848F44 85 0F       STA $0F       [001437] A:CE00 X:0029 Y:0001 S:0129 D:1428 DB:AF nvMXdiZc V:248 H:337 F: 4
			848F46 C8          INY                    A:CE00 X:0029 Y:0001 S:0129 D:1428 DB:AF nvMXdiZc V:249 H:  4 F: 4
			848F47 B1 14       LDA ($14),Y   [AFCE4A] A:CE00 X:0029 Y:0002 S:0129 D:1428 DB:AF nvMXdizc V:249 H:  7 F: 4
			848F49 85 17       STA $17       [00143F] A:CE0B X:0029 Y:0002 S:0129 D:1428 DB:AF nvMXdizc V:249 H: 17 F: 4
			848F4B A9 80       LDA #$80               A:CE0B X:0029 Y:0002 S:0129 D:1428 DB:AF nvMXdizc V:249 H: 23 F: 4
			848F4D 04 17       TSB $17       [00143F] A:CE80 X:0029 Y:0002 S:0129 D:1428 DB:AF NvMXdizc V:249 H: 26 F: 4
			848F4F AB          PLB                    A:CE80 X:0029 Y:0002 S:0129 D:1428 DB:AF NvMXdiZc V:249 H: 36 F: 4
			848F50 28          PLP                    A:CE80 X:0029 Y:0002 S:012A D:1428 DB:86 NvMXdizc V:249 H: 43 F: 4
			848F51 6B          RTL                    A:CE80 X:0029 Y:0002 S:012B D:1428 DB:86 nvMXdizc V:249 H: 49 F: 4

		83B984 80 27       BRA $0027     [83B9AD] A:CE80 X:0029 Y:0002 S:012E D:1428 DB:86 nvMXdizc V:249 H: 60 F: 4
		83B9AD 22 EA 8E 84 JSL $848EEA   [848EEA] A:CE80 X:0029 Y:0002 S:012E D:1428 DB:86 nvMXdizc V:249 H: 64 F: 4	JSL $848EEA --> Decrease CDSkel, Continue Skeleton

			848EEA 08          PHP                    A:CE80 X:0029 Y:0002 S:012B D:1428 DB:86 nvMXdizc V:249 H: 78 F: 4
			848EEB 8B          PHB                    A:CE80 X:0029 Y:0002 S:012A D:1428 DB:86 nvMXdizc V:249 H: 83 F: 4
			848EEC E2 30       SEP #$30               A:CE80 X:0029 Y:0002 S:0129 D:1428 DB:86 nvMXdizc V:249 H: 88 F: 4
			848EEE C6 13       DEC $13       [00143B] A:CE80 X:0029 Y:0002 S:0129 D:1428 DB:86 nvMXdizc V:249 H: 92 F: 4
			848EF0 D0 5D       BNE $005D     [848F4F] A:CE80 X:0029 Y:0002 S:0129 D:1428 DB:86 nvMXdizc V:249 H:102 F: 4
			848F4F AB          PLB                    A:CE80 X:0029 Y:0002 S:0129 D:1428 DB:86 nvMXdizc V:249 H:107 F: 4
			848F50 28          PLP                    A:CE80 X:0029 Y:0002 S:012A D:1428 DB:86 NvMXdizc V:249 H:113 F: 4
			848F51 6B          RTL                    A:CE80 X:0029 Y:0002 S:012B D:1428 DB:86 nvMXdizc V:249 H:120 F: 4

		83B9B1 22 0A 82 82 JSL $82820A   [82820A] A:CE80 X:0029 Y:0002 S:012E D:1428 DB:86 nvMXdizc V:249 H:130 F: 4	JSL $82820A --> Update X-Pos, Y-Pos

			82820A 08          PHP                    A:CE80 X:0029 Y:0002 S:012B D:1428 DB:86 nvMXdizc V:249 H:154 F: 4
			82820B C2 21       REP #$21               A:CE80 X:0029 Y:0002 S:012A D:1428 DB:86 nvMXdizc V:249 H:159 F: 4
			82820D A5 04       LDA $04       [00142C] A:CE80 X:0029 Y:0002 S:012A D:1428 DB:86 nvmXdizc V:249 H:163 F: 4
			82820F 65 1A       ADC $1A       [001442] A:2D00 X:0029 Y:0002 S:012A D:1428 DB:86 nvmXdizc V:249 H:172 F: 4
			828211 85 04       STA $04       [00142C] A:275C X:0029 Y:0002 S:012A D:1428 DB:86 nvmXdizC V:249 H:180 F: 4
			828213 E2 20       SEP #$20               A:275C X:0029 Y:0002 S:012A D:1428 DB:86 nvmXdizC V:249 H:189 F: 4
			828215 A9 00       LDA #$00               A:275C X:0029 Y:0002 S:012A D:1428 DB:86 nvMXdizC V:249 H:193 F: 4
			828217 24 1B       BIT $1B       [001443] A:2700 X:0029 Y:0002 S:012A D:1428 DB:86 nvMXdiZC V:249 H:196 F: 4
			828219 10 01       BPL $0001     [82821C] A:2700 X:0029 Y:0002 S:012A D:1428 DB:86 NVMXdiZC V:249 H:203 F: 4
			82821B 3A          DEC                    A:2700 X:0029 Y:0002 S:012A D:1428 DB:86 NVMXdiZC V:249 H:206 F: 4
			82821C 65 06       ADC $06       [00142E] A:27FF X:0029 Y:0002 S:012A D:1428 DB:86 NVMXdizC V:249 H:209 F: 4
			82821E 85 06       STA $06       [00142E] A:2714 X:0029 Y:0002 S:012A D:1428 DB:86 nvMXdizC V:249 H:215 F: 4
			828220 C2 20       REP #$20               A:2714 X:0029 Y:0002 S:012A D:1428 DB:86 nvMXdizC V:249 H:222 F: 4
			828222 38          SEC                    A:2714 X:0029 Y:0002 S:012A D:1428 DB:86 nvmXdizC V:249 H:226 F: 4
			828223 A5 07       LDA $07       [00142F] A:2714 X:0029 Y:0002 S:012A D:1428 DB:86 nvmXdizC V:249 H:229 F: 4
			828225 E5 1C       SBC $1C       [001444] A:9D00 X:0029 Y:0002 S:012A D:1428 DB:86 NvmXdizC V:249 H:238 F: 4
			828227 85 07       STA $07       [00142F] A:975C X:0029 Y:0002 S:012A D:1428 DB:86 NvmXdizC V:249 H:246 F: 4
			828229 E2 20       SEP #$20               A:975C X:0029 Y:0002 S:012A D:1428 DB:86 NvmXdizC V:249 H:255 F: 4
			82822B 9C 00 00    STZ $0000     [860000] A:975C X:0029 Y:0002 S:012A D:1428 DB:86 NvMXdizC V:249 H:259 F: 4
			82822E 24 1D       BIT $1D       [001445] A:975C X:0029 Y:0002 S:012A D:1428 DB:86 NvMXdizC V:249 H:266 F: 4
			828230 10 03       BPL $0003     [828235] A:975C X:0029 Y:0002 S:012A D:1428 DB:86 nvMXdizC V:249 H:272 F: 4
			828235 A5 09       LDA $09       [001431] A:975C X:0029 Y:0002 S:012A D:1428 DB:86 nvMXdizC V:249 H:277 F: 4
			828237 ED 00 00    SBC $0000     [860000] A:970A X:0029 Y:0002 S:012A D:1428 DB:86 nvMXdizC V:249 H:283 F: 4
			82823A 85 09       STA $09       [001431] A:970A X:0029 Y:0002 S:012A D:1428 DB:86 nvMXdizC V:249 H:290 F: 4
			82823C 28          PLP                    A:970A X:0029 Y:0002 S:012A D:1428 DB:86 nvMXdizC V:249 H:296 F: 4
			82823D 6B          RTL                    A:970A X:0029 Y:0002 S:012B D:1428 DB:86 nvMXdizc V:249 H:303 F: 4

		83B9B5 22 03 9B 84 JSL $849B03   [849B03] A:970A X:0029 Y:0002 S:012E D:1428 DB:86 nvMXdizc V:249 H:313 F: 4	JSL $849B03 --> Various general checks

			849B03 C2 10       REP #$10               A:970A X:0029 Y:0002 S:012B D:1428 DB:86 nvMXdizc V:249 H:326 F: 4
			849B05 A5 27       LDA $27       [00144F] A:970A X:0029 Y:0002 S:012B D:1428 DB:86 nvMxdizc V:249 H:330 F: 4
			849B07 F0 70       BEQ $0070     [849B79] A:9701 X:0029 Y:0002 S:012B D:1428 DB:86 nvMxdizc V:249 H:337 F: 4
			849B09 A5 0E       LDA $0E       [001436] A:9701 X:0029 Y:0002 S:012B D:1428 DB:86 nvMxdizc V:250 H:  0 F: 4
			849B0B F0 31       BEQ $0031     [849B3E] A:9700 X:0029 Y:0002 S:012B D:1428 DB:86 nvMxdiZc V:250 H:  6 F: 4
			849B3E E2 10       SEP #$10               A:9700 X:0029 Y:0002 S:012B D:1428 DB:86 nvMxdiZc V:250 H: 11 F: 4
			849B40 A9 00       LDA #$00               A:9700 X:0029 Y:0002 S:012B D:1428 DB:86 nvMXdiZc V:250 H: 15 F: 4
			849B42 6B          RTL                    A:9700 X:0029 Y:0002 S:012B D:1428 DB:86 nvMXdiZc V:250 H: 18 F: 4

		83B9B9 D0 09       BNE $0009     [83B9C4] A:9700 X:0029 Y:0002 S:012E D:1428 DB:86 nvMXdiZc V:250 H: 29 F: 4	Branch if A <> #$00
		83B9BB 22 B4 80 82 JSL $8280B4   [8280B4] A:9700 X:0029 Y:0002 S:012E D:1428 DB:86 nvMXdiZc V:250 H: 32 F: 4	JSL $8280B4 --> Updates unknown variables

			8280B4 C2 20       REP #$20               A:9700 X:0029 Y:0002 S:012B D:1428 DB:86 nvMXdiZc V:250 H: 45 F: 4
			8280B6 38          SEC                    A:9700 X:0029 Y:0002 S:012B D:1428 DB:86 nvmXdiZc V:250 H: 50 F: 4
			8280B7 A5 05       LDA $05       [00142D] A:9700 X:0029 Y:0002 S:012B D:1428 DB:86 nvmXdiZC V:250 H: 53 F: 4
			8280B9 ED 4D 1E    SBC $1E4D     [861E4D] A:1427 X:0029 Y:0002 S:012B D:1428 DB:86 nvmXdizC V:250 H: 61 F: 4
			8280BC 18          CLC                    A:0027 X:0029 Y:0002 S:012B D:1428 DB:86 nvmXdizC V:250 H: 70 F: 4
			8280BD 69 20 00    ADC #$0020             A:0027 X:0029 Y:0002 S:012B D:1428 DB:86 nvmXdizc V:250 H: 73 F: 4
			8280C0 C9 40 01    CMP #$0140             A:0047 X:0029 Y:0002 S:012B D:1428 DB:86 nvmXdizc V:250 H: 77 F: 4
			8280C3 B0 0F       BCS $000F     [8280D4] A:0047 X:0029 Y:0002 S:012B D:1428 DB:86 NvmXdizc V:250 H: 82 F: 4
			8280C5 38          SEC                    A:0047 X:0029 Y:0002 S:012B D:1428 DB:86 NvmXdizc V:250 H: 85 F: 4
			8280C6 A5 08       LDA $08       [001430] A:0047 X:0029 Y:0002 S:012B D:1428 DB:86 NvmXdizC V:250 H: 88 F: 4
			8280C8 ED 50 1E    SBC $1E50     [861E50] A:0A97 X:0029 Y:0002 S:012B D:1428 DB:86 nvmXdizC V:250 H: 96 F: 4
			8280CB 18          CLC                    A:0097 X:0029 Y:0002 S:012B D:1428 DB:86 nvmXdizC V:250 H:105 F: 4
			8280CC 69 10 00    ADC #$0010             A:0097 X:0029 Y:0002 S:012B D:1428 DB:86 nvmXdizc V:250 H:108 F: 4
			8280CF C9 00 01    CMP #$0100             A:00A7 X:0029 Y:0002 S:012B D:1428 DB:86 nvmXdizc V:250 H:112 F: 4
			8280D2 90 05       BCC $0005     [8280D9] A:00A7 X:0029 Y:0002 S:012B D:1428 DB:86 NvmXdizc V:250 H:117 F: 4
			8280D9 E2 20       SEP #$20               A:00A7 X:0029 Y:0002 S:012B D:1428 DB:86 NvmXdizc V:250 H:121 F: 4
			8280DB A9 81       LDA #$81               A:00A7 X:0029 Y:0002 S:012B D:1428 DB:86 NvMXdizc V:250 H:126 F: 4
			8280DD 85 0E       STA $0E       [001436] A:0081 X:0029 Y:0002 S:012B D:1428 DB:86 NvMXdizc V:250 H:129 F: 4
			8280DF E2 30       SEP #$30               A:0081 X:0029 Y:0002 S:012B D:1428 DB:86 NvMXdizc V:250 H:145 F: 4
			8280E1 A6 12       LDX $12       [00143A] A:0081 X:0029 Y:0002 S:012B D:1428 DB:86 NvMXdizc V:250 H:150 F: 4
			8280E3 10 02       BPL $0002     [8280E7] A:0081 X:0002 Y:0002 S:012B D:1428 DB:86 nvMXdizc V:250 H:156 F: 4
			8280E7 7C EA 80    JMP ($80EA,X) [8280EC] A:0081 X:0002 Y:0002 S:012B D:1428 DB:86 nvMXdizc V:250 H:161 F: 4

			828120 AD E9 00    LDA $00E9     [8600E9] A:0081 X:0002 Y:0002 S:012B D:1428 DB:86 nvMXdizc V:250 H:170 F: 4
			828123 C9 20       CMP #$20               A:0000 X:0002 Y:0002 S:012B D:1428 DB:86 nvMXdiZc V:250 H:176 F: 4
			828125 B0 0D       BCS $000D     [828134] A:0000 X:0002 Y:0002 S:012B D:1428 DB:86 NvMXdizc V:250 H:179 F: 4
			828127 0A          ASL A                  A:0000 X:0002 Y:0002 S:012B D:1428 DB:86 NvMXdizc V:250 H:182 F: 4
			828128 AA          TAX                    A:0000 X:0002 Y:0002 S:012B D:1428 DB:86 nvMXdiZc V:250 H:185 F: 4
			828129 C2 20       REP #$20               A:0000 X:0000 Y:0002 S:012B D:1428 DB:86 nvMXdiZc V:250 H:188 F: 4
			82812B 7B          TDC                    A:0000 X:0000 Y:0002 S:012B D:1428 DB:86 nvmXdiZc V:250 H:193 F: 4
			82812C 9D A0 09    STA $09A0,X   [8609A0] A:1428 X:0000 Y:0002 S:012B D:1428 DB:86 nvmXdizc V:250 H:196 F: 4
			82812F E2 20       SEP #$20               A:1428 X:0000 Y:0002 S:012B D:1428 DB:86 nvmXdizc V:250 H:206 F: 4
			828131 EE E9 00    INC $00E9     [8600E9] A:1428 X:0000 Y:0002 S:012B D:1428 DB:86 nvMXdizc V:250 H:210 F: 4
			828134 6B          RTL                    A:1428 X:0000 Y:0002 S:012B D:1428 DB:86 nvMXdizc V:250 H:220 F: 4

		83B9BF A5 0E       LDA $0E       [001436] A:1428 X:0000 Y:0002 S:012E D:1428 DB:86 nvMXdizc V:250 H:231 F: 4
		83B9C1 F0 01       BEQ $0001     [83B9C4] A:1481 X:0000 Y:0002 S:012E D:1428 DB:86 NvMXdizc V:250 H:237 F: 4
		83B9C3 6B          RTL                    A:1481 X:0000 Y:0002 S:012E D:1428 DB:86 NvMXdizc V:250 H:240 F: 4

	80F7F6 60          RTS                    A:1481 X:0000 Y:0002 S:0131 D:1428 DB:86 NvMXdizc V:250 H:251 F: 4

80D49C C2 21       REP #$21               A:1481 X:0000 Y:0002 S:0133 D:1428 DB:86 NvMXdizc V:250 H:261 F: 4
