80D4F6 20 30 D5    JSR $D530     [80D530] A:0E01 X:0000 Y:0027 S:0133 D:0E68 DB:86 nvMXdizC V:248 H:192 F:18

	80D530 C2 20       REP #$20               A:0E01 X:0000 Y:0027 S:0131 D:0E68 DB:86 nvMXdizC V:248 H:202 F:18
	80D532 A5 05       LDA $05       [000E6D] A:0E01 X:0000 Y:0027 S:0131 D:0E68 DB:86 nvmXdizC V:248 H:206 F:18
	80D534 85 22       STA $22       [000E8A] A:1E76 X:0000 Y:0027 S:0131 D:0E68 DB:86 nvmXdizC V:248 H:215 F:18
	80D536 A5 08       LDA $08       [000E70] A:1E76 X:0000 Y:0027 S:0131 D:0E68 DB:86 nvmXdizC V:248 H:223 F:18
	80D538 85 24       STA $24       [000E8C] A:0134 X:0000 Y:0027 S:0131 D:0E68 DB:86 nvmXdizC V:248 H:232 F:18
	80D53A E2 20       SEP #$20               A:0134 X:0000 Y:0027 S:0131 D:0E68 DB:86 nvmXdizC V:248 H:240 F:18
	80D53C A9 80       LDA #$80               A:0134 X:0000 Y:0027 S:0131 D:0E68 DB:86 nvMXdizC V:248 H:245 F:18
	80D53E 14 0E       TRB $0E       [000E76] A:0180 X:0000 Y:0027 S:0131 D:0E68 DB:86 NvMXdizC V:248 H:248 F:18
	80D540 A5 0A       LDA $0A       [000E72] A:0180 X:0000 Y:0027 S:0131 D:0E68 DB:86 NvMXdizC V:248 H:258 F:18
	80D542 0A          ASL A                  A:0102 X:0000 Y:0027 S:0131 D:0E68 DB:86 nvMXdizC V:248 H:264 F:18
	80D543 AA          TAX                    A:0104 X:0000 Y:0027 S:0131 D:0E68 DB:86 nvMXdizc V:248 H:267 F:18
	80D544 7C DD F8    JMP ($F8DD,X) [80F8E1] A:0104 X:0004 Y:0027 S:0131 D:0E68 DB:86 nvMXdizc V:248 H:270 F:18

	80F9BB 22 16 B5 81 JSL $81B516   [81B516] A:0104 X:0004 Y:0027 S:0131 D:0E68 DB:86 nvMXdizc V:248 H:279 F:18

		81B516 A6 01       LDX $01       [000E69] A:0104 X:0004 Y:0027 S:012E D:0E68 DB:86 nvMXdizc V:248 H:293 F:18
		81B518 7C 1B B5    JMP ($B51B,X) [81B51F] A:0104 X:0004 Y:0027 S:012E D:0E68 DB:86 nvMXdizc V:248 H:299 F:18

		81B629 A5 33       LDA $33       [000E9B] A:0104 X:0004 Y:0027 S:012E D:0E68 DB:86 nvMXdizc V:248 H:308 F:18
		81B62B 04 11       TSB $11       [000E79] A:0108 X:0004 Y:0027 S:012E D:0E68 DB:86 nvMXdizc V:248 H:315 F:18
		81B62D C2 20       REP #$20               A:0108 X:0004 Y:0027 S:012E D:0E68 DB:86 nvMXdizc V:248 H:324 F:18
		81B62F A9 2D C4    LDA #$C42D             A:0108 X:0004 Y:0027 S:012E D:0E68 DB:86 nvmXdizc V:248 H:328 F:18
		81B632 85 20       STA $20       [000E88] A:C42D X:0004 Y:0027 S:012E D:0E68 DB:86 NvmXdizc V:248 H:333 F:18
		81B634 E2 20       SEP #$20               A:C42D X:0004 Y:0027 S:012E D:0E68 DB:86 NvmXdizc V:249 H:  1 F:18
		81B636 A6 02       LDX $02       [000E6A] A:C42D X:0004 Y:0027 S:012E D:0E68 DB:86 NvMXdizc V:249 H:  6 F:18
		81B638 FC F3 B6    JSR ($B6F3,X) [81B6F5] A:C42D X:0002 Y:0027 S:012E D:0E68 DB:86 nvMXdizc V:249 H: 12 F:18

			81B796 A6 03       LDX $03       [000E6B] A:C42D X:0002 Y:0027 S:012C D:0E68 DB:86 nvMXdizc V:249 H: 25 F:18
			81B798 7C 9B B7    JMP ($B79B,X) [81B79D] A:C42D X:0002 Y:0027 S:012C D:0E68 DB:86 nvMXdizc V:249 H: 32 F:18			JMP ($B79B,Subaction) = ($81B79D) = $81B7EB

			81B7EB 22 EA 8E 84 JSL $848EEA   [848EEA] A:C42D X:0002 Y:0027 S:012C D:0E68 DB:86 nvMXdizc V:249 H: 41 F:18			JSL $848EEA --> Countdown skeleton routine

				848EEA 08          PHP                    A:C42D X:0002 Y:0027 S:0129 D:0E68 DB:86 nvMXdizc V:249 H: 54 F:18		|Decrease Countdown, return because Countdown <> #$00
				848EEB 8B          PHB                    A:C42D X:0002 Y:0027 S:0128 D:0E68 DB:86 nvMXdizc V:249 H: 59 F:18		|
				848EEC E2 30       SEP #$30               A:C42D X:0002 Y:0027 S:0127 D:0E68 DB:86 nvMXdizc V:249 H: 64 F:18		|
				848EEE C6 13       DEC $13       [000E7B] A:C42D X:0002 Y:0027 S:0127 D:0E68 DB:86 nvMXdizc V:249 H: 69 F:18		|
				848EF0 D0 5D       BNE $005D     [848F4F] A:C42D X:0002 Y:0027 S:0127 D:0E68 DB:86 nvMXdizc V:249 H: 79 F:18		|
				848F4F AB          PLB                    A:C42D X:0002 Y:0027 S:0127 D:0E68 DB:86 nvMXdizc V:249 H: 83 F:18		|
				848F50 28          PLP                    A:C42D X:0002 Y:0027 S:0128 D:0E68 DB:86 NvMXdizc V:249 H: 90 F:18		|
				848F51 6B          RTL                    A:C42D X:0002 Y:0027 S:0129 D:0E68 DB:86 nvMXdizc V:249 H: 96 F:18		Return

			81B7EF A5 0F       LDA $0F       [000E77] A:C42D X:0002 Y:0027 S:012C D:0E68 DB:86 nvMXdizc V:249 H:107 F:18			|Branch if CDAction = #$00
			81B7F1 F0 32       BEQ $0032     [81B825] A:C480 X:0002 Y:0027 S:012C D:0E68 DB:86 NvMXdizc V:249 H:113 F:18			|
			81B7F3 22 E8 81 82 JSL $8281E8   [8281E8] A:C480 X:0002 Y:0027 S:012C D:0E68 DB:86 NvMXdizc V:249 H:116 F:18			JSL	$8281E8 --> Update E-Y-Vel, E-Positions

				8281E8 08          PHP                    A:C480 X:0002 Y:0027 S:0129 D:0E68 DB:86 NvMXdizc V:249 H:130 F:18
				8281E9 C2 20       REP #$20               A:C480 X:0002 Y:0027 S:0128 D:0E68 DB:86 NvMXdizc V:249 H:145 F:18
				8281EB 38          SEC                    A:C480 X:0002 Y:0027 S:0128 D:0E68 DB:86 NvmXdizc V:249 H:149 F:18
				8281EC A5 1E       LDA $1E       [000E86] A:C480 X:0002 Y:0027 S:0128 D:0E68 DB:86 NvmXdizC V:249 H:152 F:18
				8281EE 29 FF 00    AND #$00FF             A:1040 X:0002 Y:0027 S:0128 D:0E68 DB:86 nvmXdizC V:249 H:161 F:18
				8281F1 E5 1C       SBC $1C       [000E84] A:0040 X:0002 Y:0027 S:0128 D:0E68 DB:86 nvmXdizC V:249 H:165 F:18
				8281F3 49 FF FF    EOR #$FFFF             A:0022 X:0002 Y:0027 S:0128 D:0E68 DB:86 nvmXdizC V:249 H:174 F:18
				8281F6 1A          INC                    A:FFDD X:0002 Y:0027 S:0128 D:0E68 DB:86 NvmXdizC V:249 H:178 F:18
				8281F7 85 1C       STA $1C       [000E84] A:FFDE X:0002 Y:0027 S:0128 D:0E68 DB:86 NvmXdizC V:249 H:181 F:18
				8281F9 80 10       BRA $0010     [82820B] A:FFDE X:0002 Y:0027 S:0128 D:0E68 DB:86 NvmXdizC V:249 H:190 F:18
				82820B C2 21       REP #$21               A:FFDE X:0002 Y:0027 S:0128 D:0E68 DB:86 NvmXdizC V:249 H:194 F:18
				82820D A5 04       LDA $04       [000E6C] A:FFDE X:0002 Y:0027 S:0128 D:0E68 DB:86 NvmXdizc V:249 H:199 F:18
				82820F 65 1A       ADC $1A       [000E82] A:76C0 X:0002 Y:0027 S:0128 D:0E68 DB:86 nvmXdizc V:249 H:207 F:18
				828211 85 04       STA $04       [000E6C] A:76C0 X:0002 Y:0027 S:0128 D:0E68 DB:86 nvmXdizc V:249 H:216 F:18
				828213 E2 20       SEP #$20               A:76C0 X:0002 Y:0027 S:0128 D:0E68 DB:86 nvmXdizc V:249 H:224 F:18
				828215 A9 00       LDA #$00               A:76C0 X:0002 Y:0027 S:0128 D:0E68 DB:86 nvMXdizc V:249 H:229 F:18
				828217 24 1B       BIT $1B       [000E83] A:7600 X:0002 Y:0027 S:0128 D:0E68 DB:86 nvMXdiZc V:249 H:232 F:18
				828219 10 01       BPL $0001     [82821C] A:7600 X:0002 Y:0027 S:0128 D:0E68 DB:86 nvMXdiZc V:249 H:238 F:18
				82821C 65 06       ADC $06       [000E6E] A:7600 X:0002 Y:0027 S:0128 D:0E68 DB:86 nvMXdiZc V:249 H:243 F:18
				82821E 85 06       STA $06       [000E6E] A:761E X:0002 Y:0027 S:0128 D:0E68 DB:86 nvMXdizc V:249 H:249 F:18
				828220 C2 20       REP #$20               A:761E X:0002 Y:0027 S:0128 D:0E68 DB:86 nvMXdizc V:249 H:256 F:18
				828222 38          SEC                    A:761E X:0002 Y:0027 S:0128 D:0E68 DB:86 nvmXdizc V:249 H:260 F:18
				828223 A5 07       LDA $07       [000E6F] A:761E X:0002 Y:0027 S:0128 D:0E68 DB:86 nvmXdizC V:249 H:263 F:18
				828225 E5 1C       SBC $1C       [000E84] A:345E X:0002 Y:0027 S:0128 D:0E68 DB:86 nvmXdizC V:249 H:272 F:18
				828227 85 07       STA $07       [000E6F] A:3480 X:0002 Y:0027 S:0128 D:0E68 DB:86 nvmXdizc V:249 H:280 F:18
				828229 E2 20       SEP #$20               A:3480 X:0002 Y:0027 S:0128 D:0E68 DB:86 nvmXdizc V:249 H:289 F:18
				82822B 9C 00 00    STZ $0000     [860000] A:3480 X:0002 Y:0027 S:0128 D:0E68 DB:86 nvMXdizc V:249 H:293 F:18
				82822E 24 1D       BIT $1D       [000E85] A:3480 X:0002 Y:0027 S:0128 D:0E68 DB:86 nvMXdizc V:249 H:300 F:18
				828230 10 03       BPL $0003     [828235] A:3480 X:0002 Y:0027 S:0128 D:0E68 DB:86 NVMXdizc V:249 H:306 F:18
				828232 CE 00 00    DEC $0000     [860000] A:3480 X:0002 Y:0027 S:0128 D:0E68 DB:86 NVMXdizc V:249 H:309 F:18
				828235 A5 09       LDA $09       [000E71] A:3480 X:0002 Y:0027 S:0128 D:0E68 DB:86 NVMXdizc V:249 H:319 F:18
				828237 ED 00 00    SBC $0000     [860000] A:3401 X:0002 Y:0027 S:0128 D:0E68 DB:86 nVMXdizc V:249 H:325 F:18
				82823A 85 09       STA $09       [000E71] A:3401 X:0002 Y:0027 S:0128 D:0E68 DB:86 nvMXdizc V:249 H:331 F:18
				82823C 28          PLP                    A:3401 X:0002 Y:0027 S:0128 D:0E68 DB:86 nvMXdizc V:249 H:338 F:18
				82823D 6B          RTL                    A:3401 X:0002 Y:0027 S:0129 D:0E68 DB:86 NvMXdizc V:250 H:  4 F:18

			81B7F7 A5 1D       LDA $1D       [000E85] A:3401 X:0002 Y:0027 S:012C D:0E68 DB:86 NvMXdizc V:250 H: 15 F:18			|Return if E-Y-Vel is positive
			81B7F9 10 2A       BPL $002A     [81B825] A:34FF X:0002 Y:0027 S:012C D:0E68 DB:86 NvMXdizc V:250 H: 21 F:18			|
			81B7FB A9 04       LDA #$04               A:34FF X:0002 Y:0027 S:012C D:0E68 DB:86 NvMXdizc V:250 H: 24 F:18			|Subaction = #$04
			81B7FD 85 03       STA $03       [000E6B] A:3404 X:0002 Y:0027 S:012C D:0E68 DB:86 nvMXdizc V:250 H: 27 F:18			|
			81B7FF A9 09       LDA #$09               A:3404 X:0002 Y:0027 S:012C D:0E68 DB:86 nvMXdizc V:250 H: 34 F:18			
			81B801 22 07 8F 84 JSL $848F07   [848F07] A:3409 X:0002 Y:0027 S:012C D:0E68 DB:86 nvMXdizc V:250 H: 37 F:18			JSL: $848F07 --> Countdown routine (CDBase = #$67, b = A = #$09)

				848F07 08          PHP                    A:3409 X:0002 Y:0027 S:0129 D:0E68 DB:86 nvMXdizc V:250 H: 50 F:18
				848F08 8B          PHB                    A:3409 X:0002 Y:0027 S:0128 D:0E68 DB:86 nvMXdizc V:250 H: 55 F:18
				848F09 C2 30       REP #$30               A:3409 X:0002 Y:0027 S:0127 D:0E68 DB:86 nvMXdizc V:250 H: 60 F:18
				848F0B 8D 0E 00    STA $000E     [86000E] A:3409 X:0002 Y:0027 S:0127 D:0E68 DB:86 nvmxdizc V:250 H: 65 F:18
				848F0E A5 16       LDA $16       [000E7E] A:3409 X:0002 Y:0027 S:0127 D:0E68 DB:86 nvmxdizc V:250 H: 73 F:18
				848F10 29 FF 00    AND #$00FF             A:8F67 X:0002 Y:0027 S:0127 D:0E68 DB:86 Nvmxdizc V:250 H: 82 F:18
				848F13 8D 0C 00    STA $000C     [86000C] A:0067 X:0002 Y:0027 S:0127 D:0E68 DB:86 nvmxdizc V:250 H: 86 F:18
				848F16 0A          ASL A                  A:0067 X:0002 Y:0027 S:0127 D:0E68 DB:86 nvmxdizc V:250 H: 95 F:18
				848F17 18          CLC                    A:00CE X:0002 Y:0027 S:0127 D:0E68 DB:86 nvmxdizc V:250 H: 98 F:18
				848F18 6D 0C 00    ADC $000C     [86000C] A:00CE X:0002 Y:0027 S:0127 D:0E68 DB:86 nvmxdizc V:250 H:101 F:18
				848F1B AA          TAX                    A:0135 X:0002 Y:0027 S:0127 D:0E68 DB:86 nvmxdizc V:250 H:109 F:18
				848F1C BF 00 A0 AF LDA $AFA000,X [AFA135] A:0135 X:0135 Y:0027 S:0127 D:0E68 DB:86 nvmxdizc V:250 H:112 F:18
				848F20 85 14       STA $14       [000E7C] A:CFE0 X:0135 Y:0027 S:0127 D:0E68 DB:86 Nvmxdizc V:250 H:121 F:18
				848F22 E2 20       SEP #$20               A:CFE0 X:0135 Y:0027 S:0127 D:0E68 DB:86 Nvmxdizc V:250 H:130 F:18
				848F24 BF 02 A0 AF LDA $AFA002,X [AFA137] A:CFE0 X:0135 Y:0027 S:0127 D:0E68 DB:86 NvMxdizc V:250 H:144 F:18
				848F28 48          PHA                    A:CFAF X:0135 Y:0027 S:0127 D:0E68 DB:86 NvMxdizc V:250 H:152 F:18
				848F29 AB          PLB                    A:CFAF X:0135 Y:0027 S:0126 D:0E68 DB:86 NvMxdizc V:250 H:157 F:18
				848F2A C2 20       REP #$20               A:CFAF X:0135 Y:0027 S:0127 D:0E68 DB:AF NvMxdizc V:250 H:163 F:18
				848F2C AD 0E 00    LDA $000E     [AF000E] A:CFAF X:0135 Y:0027 S:0127 D:0E68 DB:AF Nvmxdizc V:250 H:168 F:18
				848F2F 29 FF 00    AND #$00FF             A:3409 X:0135 Y:0027 S:0127 D:0E68 DB:AF nvmxdizc V:250 H:176 F:18
				848F32 0A          ASL A                  A:0009 X:0135 Y:0027 S:0127 D:0E68 DB:AF nvmxdizc V:250 H:181 F:18
				848F33 A8          TAY                    A:0012 X:0135 Y:0027 S:0127 D:0E68 DB:AF nvmxdizc V:250 H:184 F:18
				848F34 B1 14       LDA ($14),Y   [AFCFF2] A:0012 X:0135 Y:0012 S:0127 D:0E68 DB:AF nvmxdizc V:250 H:187 F:18
				848F36 65 14       ADC $14       [000E7C] A:00A9 X:0135 Y:0012 S:0127 D:0E68 DB:AF nvmxdizc V:250 H:200 F:18
				848F38 85 14       STA $14       [000E7C] A:D089 X:0135 Y:0012 S:0127 D:0E68 DB:AF Nvmxdizc V:250 H:208 F:18
				848F3A E2 30       SEP #$30               A:D089 X:0135 Y:0012 S:0127 D:0E68 DB:AF Nvmxdizc V:250 H:217 F:18
				848F3C B2 14       LDA ($14)     [AFD089] A:D089 X:0035 Y:0012 S:0127 D:0E68 DB:AF NvMXdizc V:250 H:221 F:18		Skeleton start: [AFD089]
				848F3E 85 13       STA $13       [000E7B] A:D008 X:0035 Y:0012 S:0127 D:0E68 DB:AF nvMXdizc V:250 H:231 F:18
				848F40 A0 01       LDY #$01               A:D008 X:0035 Y:0012 S:0127 D:0E68 DB:AF nvMXdizc V:250 H:238 F:18
				848F42 B1 14       LDA ($14),Y   [AFD08A] A:D008 X:0035 Y:0001 S:0127 D:0E68 DB:AF nvMXdizc V:250 H:241 F:18
				848F44 85 0F       STA $0F       [000E77] A:D000 X:0035 Y:0001 S:0127 D:0E68 DB:AF nvMXdiZc V:250 H:251 F:18
				848F46 C8          INY                    A:D000 X:0035 Y:0001 S:0127 D:0E68 DB:AF nvMXdiZc V:250 H:257 F:18
				848F47 B1 14       LDA ($14),Y   [AFD08B] A:D000 X:0035 Y:0002 S:0127 D:0E68 DB:AF nvMXdizc V:250 H:260 F:18
				848F49 85 17       STA $17       [000E7F] A:D011 X:0035 Y:0002 S:0127 D:0E68 DB:AF nvMXdizc V:250 H:270 F:18
				848F4B A9 80       LDA #$80               A:D011 X:0035 Y:0002 S:0127 D:0E68 DB:AF nvMXdizc V:250 H:277 F:18
				848F4D 04 17       TSB $17       [000E7F] A:D080 X:0035 Y:0002 S:0127 D:0E68 DB:AF NvMXdizc V:250 H:280 F:18
				848F4F AB          PLB                    A:D080 X:0035 Y:0002 S:0127 D:0E68 DB:AF NvMXdiZc V:250 H:290 F:18
				848F50 28          PLP                    A:D080 X:0035 Y:0002 S:0128 D:0E68 DB:86 NvMXdizc V:250 H:296 F:18
				848F51 6B          RTL                    A:D080 X:0035 Y:0002 S:0129 D:0E68 DB:86 nvMXdizc V:250 H:303 F:18

			81B805 A5 11       LDA $11       [000E79] A:D080 X:0035 Y:0002 S:012C D:0E68 DB:86 nvMXdizc V:250 H:313 F:18			|Branch if Facing right
			81B807 0A          ASL A                  A:D069 X:0035 Y:0002 S:012C D:0E68 DB:86 nvMXdizc V:250 H:320 F:18			|
			81B808 0A          ASL A                  A:D0D2 X:0035 Y:0002 S:012C D:0E68 DB:86 NvMXdizc V:250 H:323 F:18			|
			81B809 C2 20       REP #$20               A:D0A4 X:0035 Y:0002 S:012C D:0E68 DB:86 NvMXdizC V:250 H:325 F:18			|
			81B80B A9 0A 00    LDA #$000A             A:D0A4 X:0035 Y:0002 S:012C D:0E68 DB:86 NvmXdizC V:250 H:329 F:18			|
			81B80E 90 03       BCC $0003     [81B813] A:000A X:0035 Y:0002 S:012C D:0E68 DB:86 nvmXdizC V:250 H:334 F:18			|
			81B810 A9 F6 FF    LDA #$FFF6             A:000A X:0035 Y:0002 S:012C D:0E68 DB:86 nvmXdizC V:250 H:337 F:18			|Force E-X-Pos in exact claw position
			81B813 18          CLC                    A:FFF6 X:0035 Y:0002 S:012C D:0E68 DB:86 NvmXdizC V:251 H:  1 F:18			|
			81B814 69 80 00    ADC #$0080             A:FFF6 X:0035 Y:0002 S:012C D:0E68 DB:86 NvmXdizc V:251 H:  4 F:18			|
			81B817 18          CLC                    A:0076 X:0035 Y:0002 S:012C D:0E68 DB:86 nvmXdizC V:251 H:  9 F:18			|
			81B818 6D 60 1E    ADC $1E60     [861E60] A:0076 X:0035 Y:0002 S:012C D:0E68 DB:86 nvmXdizc V:251 H: 12 F:18			|
			81B81B 85 05       STA $05       [000E6D] A:1E76 X:0035 Y:0002 S:012C D:0E68 DB:86 nvmXdizc V:251 H: 20 F:18			|
			81B81D 64 1C       STZ $1C       [000E84] A:1E76 X:0035 Y:0002 S:012C D:0E68 DB:86 nvmXdizc V:251 H: 29 F:18			E-Y-Vel = #$00
			81B81F 64 1A       STZ $1A       [000E82] A:1E76 X:0035 Y:0002 S:012C D:0E68 DB:86 nvmXdizc V:251 H: 37 F:18			E-X-Vel = #$00
			81B821 E2 20       SEP #$20               A:1E76 X:0035 Y:0002 S:012C D:0E68 DB:86 nvmXdizc V:251 H: 46 F:18			A:1B
			81B823 64 34       STZ $34       [000E9C] A:1E76 X:0035 Y:0002 S:012C D:0E68 DB:86 nvMXdizc V:251 H: 50 F:18			Countdown2 = #$00
			81B825 60          RTS                    A:1E76 X:0035 Y:0002 S:012C D:0E68 DB:86 nvMXdizc V:251 H: 57 F:18			Return

		81B63B A9 09       LDA #$09               A:1E76 X:0035 Y:0002 S:012E D:0E68 DB:86 nvMXdizc V:251 H: 67 F:18
