80D4F6 20 30 D5    JSR $D530     [80D530] A:0E01 X:0000 Y:0027 S:0133 D:0E68 DB:86 nvMXdizC V:248 H:194 F: 2

	80D530 C2 20       REP #$20               A:0E01 X:0000 Y:0027 S:0131 D:0E68 DB:86 nvMXdizC V:248 H:204 F: 2
	80D532 A5 05       LDA $05       [000E6D] A:0E01 X:0000 Y:0027 S:0131 D:0E68 DB:86 nvmXdizC V:248 H:208 F: 2
	80D534 85 22       STA $22       [000E8A] A:1E76 X:0000 Y:0027 S:0131 D:0E68 DB:86 nvmXdizC V:248 H:217 F: 2
	80D536 A5 08       LDA $08       [000E70] A:1E76 X:0000 Y:0027 S:0131 D:0E68 DB:86 nvmXdizC V:248 H:225 F: 2
	80D538 85 24       STA $24       [000E8C] A:0135 X:0000 Y:0027 S:0131 D:0E68 DB:86 nvmXdizC V:248 H:234 F: 2
	80D53A E2 20       SEP #$20               A:0135 X:0000 Y:0027 S:0131 D:0E68 DB:86 nvmXdizC V:248 H:242 F: 2
	80D53C A9 80       LDA #$80               A:0135 X:0000 Y:0027 S:0131 D:0E68 DB:86 nvMXdizC V:248 H:247 F: 2
	80D53E 14 0E       TRB $0E       [000E76] A:0180 X:0000 Y:0027 S:0131 D:0E68 DB:86 NvMXdizC V:248 H:250 F: 2
	80D540 A5 0A       LDA $0A       [000E72] A:0180 X:0000 Y:0027 S:0131 D:0E68 DB:86 NvMXdizC V:248 H:260 F: 2
	80D542 0A          ASL A                  A:0102 X:0000 Y:0027 S:0131 D:0E68 DB:86 nvMXdizC V:248 H:266 F: 2
	80D543 AA          TAX                    A:0104 X:0000 Y:0027 S:0131 D:0E68 DB:86 nvMXdizc V:248 H:269 F: 2
	80D544 7C DD F8    JMP ($F8DD,X) [80F8E1] A:0104 X:0004 Y:0027 S:0131 D:0E68 DB:86 nvMXdizc V:248 H:272 F: 2

	80F9BB 22 16 B5 81 JSL $81B516   [81B516] A:0104 X:0004 Y:0027 S:0131 D:0E68 DB:86 nvMXdizc V:248 H:281 F: 2

		81B516 A6 01       LDX $01       [000E69] A:0104 X:0004 Y:0027 S:012E D:0E68 DB:86 nvMXdizc V:248 H:295 F: 2
		81B518 7C 1B B5    JMP ($B51B,X) [81B51F] A:0104 X:0004 Y:0027 S:012E D:0E68 DB:86 nvMXdizc V:248 H:301 F: 2

		81B629 A5 33       LDA $33       [000E9B] A:0104 X:0004 Y:0027 S:012E D:0E68 DB:86 nvMXdizc V:248 H:310 F: 2
		81B62B 04 11       TSB $11       [000E79] A:0108 X:0004 Y:0027 S:012E D:0E68 DB:86 nvMXdizc V:248 H:317 F: 2
		81B62D C2 20       REP #$20               A:0108 X:0004 Y:0027 S:012E D:0E68 DB:86 nvMXdizc V:248 H:326 F: 2
		81B62F A9 2D C4    LDA #$C42D             A:0108 X:0004 Y:0027 S:012E D:0E68 DB:86 nvmXdizc V:248 H:330 F: 2
		81B632 85 20       STA $20       [000E88] A:C42D X:0004 Y:0027 S:012E D:0E68 DB:86 NvmXdizc V:248 H:335 F: 2
		81B634 E2 20       SEP #$20               A:C42D X:0004 Y:0027 S:012E D:0E68 DB:86 NvmXdizc V:249 H:  3 F: 2
		81B636 A6 02       LDX $02       [000E6A] A:C42D X:0004 Y:0027 S:012E D:0E68 DB:86 NvMXdizc V:249 H:  8 F: 2
		81B638 FC F3 B6    JSR ($B6F3,X) [81B6F5] A:C42D X:0002 Y:0027 S:012E D:0E68 DB:86 nvMXdizc V:249 H: 14 F: 2

			81B796 A6 03       LDX $03       [000E6B] A:C42D X:0002 Y:0027 S:012C D:0E68 DB:86 nvMXdizc V:249 H: 27 F: 2
			81B798 7C 9B B7    JMP ($B79B,X) [81B79F] A:C42D X:0004 Y:0027 S:012C D:0E68 DB:86 nvMXdizc V:249 H: 34 F: 2			JMP ($B79B,Subaction) = ($81B79F) = $81B826

			81B826 A5 34       LDA $34       [000E9C] A:C42D X:0004 Y:0027 S:012C D:0E68 DB:86 nvMXdizc V:249 H: 43 F: 2			|Branch because Countdown2 = #$00
			81B828 F0 0F       BEQ $000F     [81B839] A:C400 X:0004 Y:0027 S:012C D:0E68 DB:86 nvMXdiZc V:249 H: 49 F: 2			|
			81B839 22 EA 8E 84 JSL $848EEA   [848EEA] A:C400 X:0004 Y:0027 S:012C D:0E68 DB:86 nvMXdiZc V:249 H: 54 F: 2			JSL $848EEA --> Countdown skeleton routine

				848EEA 08          PHP                    A:C400 X:0004 Y:0027 S:0129 D:0E68 DB:86 nvMXdiZc V:249 H: 67 F: 2
				848EEB 8B          PHB                    A:C400 X:0004 Y:0027 S:0128 D:0E68 DB:86 nvMXdiZc V:249 H: 72 F: 2
				848EEC E2 30       SEP #$30               A:C400 X:0004 Y:0027 S:0127 D:0E68 DB:86 nvMXdiZc V:249 H: 77 F: 2
				848EEE C6 13       DEC $13       [000E7B] A:C400 X:0004 Y:0027 S:0127 D:0E68 DB:86 nvMXdiZc V:249 H: 82 F: 2		Decrease Countdown
				848EF0 D0 5D       BNE $005D     [848F4F] A:C400 X:0004 Y:0027 S:0127 D:0E68 DB:86 nvMXdiZc V:249 H: 92 F: 2		Branch if Countdown <> #$00
				848EF2 A9 AF       LDA #$AF               A:C400 X:0004 Y:0027 S:0127 D:0E68 DB:86 nvMXdiZc V:249 H: 95 F: 2
				848EF4 48          PHA                    A:C4AF X:0004 Y:0027 S:0127 D:0E68 DB:86 NvMXdizc V:249 H: 98 F: 2
				848EF5 AB          PLB                    A:C4AF X:0004 Y:0027 S:0126 D:0E68 DB:86 NvMXdizc V:249 H:103 F: 2
				848EF6 C2 21       REP #$21               A:C4AF X:0004 Y:0027 S:0127 D:0E68 DB:AF NvMXdizc V:249 H:109 F: 2
				848EF8 A5 14       LDA $14       [000E7C] A:C4AF X:0004 Y:0027 S:0127 D:0E68 DB:AF NvmXdizc V:249 H:114 F: 2
				848EFA 69 03 00    ADC #$0003             A:D08F X:0004 Y:0027 S:0127 D:0E68 DB:AF NvmXdizc V:249 H:122 F: 2
				848EFD A4 0F       LDY $0F       [000E77] A:D092 X:0004 Y:0027 S:0127 D:0E68 DB:AF NvmXdizc V:249 H:127 F: 2
				848EFF 10 37       BPL $0037     [848F38] A:D092 X:0004 Y:0000 S:0127 D:0E68 DB:AF nvmXdiZc V:249 H:133 F: 2
				848F38 85 14       STA $14       [000E7C] A:D092 X:0004 Y:0000 S:0127 D:0E68 DB:AF nvmXdiZc V:249 H:148 F: 2
				848F3A E2 30       SEP #$30               A:D092 X:0004 Y:0000 S:0127 D:0E68 DB:AF nvmXdiZc V:249 H:156 F: 2
				848F3C B2 14       LDA ($14)     [AFD092] A:D092 X:0004 Y:0000 S:0127 D:0E68 DB:AF nvMXdiZc V:249 H:161 F: 2
				848F3E 85 13       STA $13       [000E7B] A:D020 X:0004 Y:0000 S:0127 D:0E68 DB:AF nvMXdizc V:249 H:171 F: 2
				848F40 A0 01       LDY #$01               A:D020 X:0004 Y:0000 S:0127 D:0E68 DB:AF nvMXdizc V:249 H:177 F: 2
				848F42 B1 14       LDA ($14),Y   [AFD093] A:D020 X:0004 Y:0001 S:0127 D:0E68 DB:AF nvMXdizc V:249 H:180 F: 2		CDAction = #$80
				848F44 85 0F       STA $0F       [000E77] A:D080 X:0004 Y:0001 S:0127 D:0E68 DB:AF NvMXdizc V:249 H:190 F: 2
				848F46 C8          INY                    A:D080 X:0004 Y:0001 S:0127 D:0E68 DB:AF NvMXdizc V:249 H:197 F: 2
				848F47 B1 14       LDA ($14),Y   [AFD094] A:D080 X:0004 Y:0002 S:0127 D:0E68 DB:AF nvMXdizc V:249 H:200 F: 2
				848F49 85 17       STA $17       [000E7F] A:D014 X:0004 Y:0002 S:0127 D:0E68 DB:AF nvMXdizc V:249 H:210 F: 2
				848F4B A9 80       LDA #$80               A:D014 X:0004 Y:0002 S:0127 D:0E68 DB:AF nvMXdizc V:249 H:216 F: 2
				848F4D 04 17       TSB $17       [000E7F] A:D080 X:0004 Y:0002 S:0127 D:0E68 DB:AF NvMXdizc V:249 H:219 F: 2
				848F4F AB          PLB                    A:D080 X:0004 Y:0002 S:0127 D:0E68 DB:AF NvMXdiZc V:249 H:229 F: 2
				848F50 28          PLP                    A:D080 X:0004 Y:0002 S:0128 D:0E68 DB:86 NvMXdizc V:249 H:236 F: 2
				848F51 6B          RTL                    A:D080 X:0004 Y:0002 S:0129 D:0E68 DB:86 nvMXdiZc V:249 H:242 F: 2

			81B83D A5 0F       LDA $0F       [000E77] A:D080 X:0004 Y:0002 S:012C D:0E68 DB:86 nvMXdiZc V:249 H:253 F: 2			|Branch if CDAction = Positive
			81B83F 10 0A       BPL $000A     [81B84B] A:D080 X:0004 Y:0002 S:012C D:0E68 DB:86 NvMXdizc V:249 H:259 F: 2			|
			81B841 A9 1E       LDA #$1E               A:D080 X:0004 Y:0002 S:012C D:0E68 DB:86 NvMXdizc V:249 H:262 F: 2			|Countdown2 = #$1E
			81B843 85 34       STA $34       [000E9C] A:D01E X:0004 Y:0002 S:012C D:0E68 DB:86 nvMXdizc V:249 H:265 F: 2			|
			81B845 A0 1B       LDY #$1B               A:D01E X:0004 Y:0002 S:012C D:0E68 DB:86 nvMXdizc V:249 H:272 F: 2			|M-$1B = #$01 (Wind activated)
			81B847 A9 01       LDA #$01               A:D01E X:0004 Y:001B S:012C D:0E68 DB:86 nvMXdizc V:249 H:275 F: 2			|
			81B849 91 0C       STA ($0C),Y   [861643] A:D001 X:0004 Y:001B S:012C D:0E68 DB:86 nvMXdizc V:249 H:278 F: 2			|
			81B84B 60          RTS                    A:D001 X:0004 Y:001B S:012C D:0E68 DB:86 nvMXdizc V:249 H:290 F: 2			Return

		81B63B A9 09       LDA #$09               A:D001 X:0004 Y:001B S:012E D:0E68 DB:86 nvMXdizc V:249 H:300 F: 2				Normal routine after Subaction
		81B63D A6 35       LDX $35       [000E9D] A:D009 X:0004 Y:001B S:012E D:0E68 DB:86 nvMXdizc V:249 H:303 F: 2
		81B63F F0 02       BEQ $0002     [81B643] A:D009 X:0000 Y:001B S:012E D:0E68 DB:86 nvMXdiZc V:249 H:309 F: 2
		81B643 85 28       STA $28       [000E90] A:D009 X:0000 Y:001B S:012E D:0E68 DB:86 nvMXdiZc V:249 H:314 F: 2
		81B645 A5 39       LDA $39       [000EA1] A:D009 X:0000 Y:001B S:012E D:0E68 DB:86 nvMXdiZc V:249 H:320 F: 2
		81B647 F0 02       BEQ $0002     [81B64B] A:D000 X:0000 Y:001B S:012E D:0E68 DB:86 nvMXdiZc V:249 H:326 F: 2
		81B64B A5 17       LDA $17       [000E7F] A:D000 X:0000 Y:001B S:012E D:0E68 DB:86 nvMXdiZc V:249 H:330 F: 2
		81B64D 29 7F       AND #$7F               A:D094 X:0000 Y:001B S:012E D:0E68 DB:86 NvMXdizc V:249 H:337 F: 2
		81B64F AA          TAX                    A:D014 X:0000 Y:001B S:012E D:0E68 DB:86 nvMXdizc V:250 H:  0 F: 2
		81B650 BD AB C4    LDA $C4AB,X   [86C4BF] A:D014 X:0014 Y:001B S:012E D:0E68 DB:86 nvMXdizc V:250 H:  3 F: 2
		81B653 0A          ASL A                  A:D000 X:0014 Y:001B S:012E D:0E68 DB:86 nvMXdiZc V:250 H:  9 F: 2
		81B654 0A          ASL A                  A:D000 X:0014 Y:001B S:012E D:0E68 DB:86 nvMXdiZc V:250 H: 12 F: 2
		81B655 C2 20       REP #$20               A:D000 X:0014 Y:001B S:012E D:0E68 DB:86 nvMXdiZc V:250 H: 15 F: 2
		81B657 29 FF 00    AND #$00FF             A:D000 X:0014 Y:001B S:012E D:0E68 DB:86 nvmXdiZc V:250 H: 19 F: 2
		81B65A 18          CLC                    A:0000 X:0014 Y:001B S:012E D:0E68 DB:86 nvmXdiZc V:250 H: 24 F: 2
		81B65B 69 37 C4    ADC #$C437             A:0000 X:0014 Y:001B S:012E D:0E68 DB:86 nvmXdiZc V:250 H: 27 F: 2
		81B65E 85 20       STA $20       [000E88] A:C437 X:0014 Y:001B S:012E D:0E68 DB:86 NvmXdizc V:250 H: 31 F: 2
		81B660 E2 20       SEP #$20               A:C437 X:0014 Y:001B S:012E D:0E68 DB:86 NvmXdizc V:250 H: 40 F: 2
		81B662 22 43 9B 84 JSL $849B43   [849B43] A:C437 X:0014 Y:001B S:012E D:0E68 DB:86 NvMXdizc V:250 H: 44 F: 2

			849B43 C2 10       REP #$10               A:C437 X:0014 Y:001B S:012B D:0E68 DB:86 NvMXdizc V:250 H: 58 F: 2
			849B45 A5 27       LDA $27       [000E8F] A:C437 X:0014 Y:001B S:012B D:0E68 DB:86 NvMxdizc V:250 H: 62 F: 2
			849B47 29 7F       AND #$7F               A:C420 X:0014 Y:001B S:012B D:0E68 DB:86 nvMxdizc V:250 H: 69 F: 2
			849B49 85 27       STA $27       [000E8F] A:C420 X:0014 Y:001B S:012B D:0E68 DB:86 nvMxdizc V:250 H: 72 F: 2
			849B4B F0 2C       BEQ $002C     [849B79] A:C420 X:0014 Y:001B S:012B D:0E68 DB:86 nvMxdizc V:250 H: 78 F: 2
			849B4D A5 30       LDA $30       [000E98] A:C420 X:0014 Y:001B S:012B D:0E68 DB:86 nvMxdizc V:250 H: 81 F: 2
			849B4F D0 28       BNE $0028     [849B79] A:C400 X:0014 Y:001B S:012B D:0E68 DB:86 nvMxdiZc V:250 H: 88 F: 2
			849B51 A5 0E       LDA $0E       [000E76] A:C400 X:0014 Y:001B S:012B D:0E68 DB:86 nvMxdiZc V:250 H: 91 F: 2
			849B53 F0 24       BEQ $0024     [849B79] A:C401 X:0014 Y:001B S:012B D:0E68 DB:86 nvMxdizc V:250 H: 97 F: 2
			849B55 A2 28 12    LDX #$1228             A:C401 X:0014 Y:001B S:012B D:0E68 DB:86 nvMxdizc V:250 H:100 F: 2
			849B58 E2 20       SEP #$20               A:C401 X:1228 Y:001B S:012B D:0E68 DB:86 nvMxdizc V:250 H:105 F: 2
			849B5A BD 00 00    LDA $0000,X   [861228] A:C401 X:1228 Y:001B S:012B D:0E68 DB:86 nvMxdizc V:250 H:109 F: 2
			849B5D F0 0E       BEQ $000E     [849B6D] A:C400 X:1228 Y:001B S:012B D:0E68 DB:86 nvMxdiZc V:250 H:117 F: 2
			849B6D C2 21       REP #$21               A:C400 X:1228 Y:001B S:012B D:0E68 DB:86 nvMxdiZc V:250 H:122 F: 2
			849B6F 8A          TXA                    A:C400 X:1228 Y:001B S:012B D:0E68 DB:86 nvmxdiZc V:250 H:126 F: 2
			849B70 69 40 00    ADC #$0040             A:1228 X:1228 Y:001B S:012B D:0E68 DB:86 nvmxdizc V:250 H:129 F: 2
			849B73 AA          TAX                    A:1268 X:1228 Y:001B S:012B D:0E68 DB:86 nvmxdizc V:250 H:144 F: 2
			849B74 C9 28 14    CMP #$1428             A:1268 X:1268 Y:001B S:012B D:0E68 DB:86 nvmxdizc V:250 H:147 F: 2
			849B77 90 DF       BCC $00DF     [849B58] A:1268 X:1268 Y:001B S:012B D:0E68 DB:86 Nvmxdizc V:250 H:151 F: 2
			849B58 E2 20       SEP #$20               A:1268 X:1268 Y:001B S:012B D:0E68 DB:86 Nvmxdizc V:250 H:156 F: 2
			849B5A BD 00 00    LDA $0000,X   [861268] A:1268 X:1268 Y:001B S:012B D:0E68 DB:86 NvMxdizc V:250 H:160 F: 2
			849B5D F0 0E       BEQ $000E     [849B6D] A:1200 X:1268 Y:001B S:012B D:0E68 DB:86 nvMxdiZc V:250 H:168 F: 2
			849B6D C2 21       REP #$21               A:1200 X:1268 Y:001B S:012B D:0E68 DB:86 nvMxdiZc V:250 H:173 F: 2
			849B6F 8A          TXA                    A:1200 X:1268 Y:001B S:012B D:0E68 DB:86 nvmxdiZc V:250 H:177 F: 2
			849B70 69 40 00    ADC #$0040             A:1268 X:1268 Y:001B S:012B D:0E68 DB:86 nvmxdizc V:250 H:180 F: 2
			849B73 AA          TAX                    A:12A8 X:1268 Y:001B S:012B D:0E68 DB:86 nvmxdizc V:250 H:185 F: 2
			849B74 C9 28 14    CMP #$1428             A:12A8 X:12A8 Y:001B S:012B D:0E68 DB:86 nvmxdizc V:250 H:188 F: 2
			849B77 90 DF       BCC $00DF     [849B58] A:12A8 X:12A8 Y:001B S:012B D:0E68 DB:86 Nvmxdizc V:250 H:192 F: 2
			849B58 E2 20       SEP #$20               A:12A8 X:12A8 Y:001B S:012B D:0E68 DB:86 Nvmxdizc V:250 H:197 F: 2
			849B5A BD 00 00    LDA $0000,X   [8612A8] A:12A8 X:12A8 Y:001B S:012B D:0E68 DB:86 NvMxdizc V:250 H:201 F: 2
			849B5D F0 0E       BEQ $000E     [849B6D] A:1200 X:12A8 Y:001B S:012B D:0E68 DB:86 nvMxdiZc V:250 H:209 F: 2
			849B6D C2 21       REP #$21               A:1200 X:12A8 Y:001B S:012B D:0E68 DB:86 nvMxdiZc V:250 H:214 F: 2
			849B6F 8A          TXA                    A:1200 X:12A8 Y:001B S:012B D:0E68 DB:86 nvmxdiZc V:250 H:218 F: 2
			849B70 69 40 00    ADC #$0040             A:12A8 X:12A8 Y:001B S:012B D:0E68 DB:86 nvmxdizc V:250 H:221 F: 2
			849B73 AA          TAX                    A:12E8 X:12A8 Y:001B S:012B D:0E68 DB:86 nvmxdizc V:250 H:226 F: 2
			849B74 C9 28 14    CMP #$1428             A:12E8 X:12E8 Y:001B S:012B D:0E68 DB:86 nvmxdizc V:250 H:229 F: 2
			849B77 90 DF       BCC $00DF     [849B58] A:12E8 X:12E8 Y:001B S:012B D:0E68 DB:86 Nvmxdizc V:250 H:233 F: 2
			849B58 E2 20       SEP #$20               A:12E8 X:12E8 Y:001B S:012B D:0E68 DB:86 Nvmxdizc V:250 H:238 F: 2
			849B5A BD 00 00    LDA $0000,X   [8612E8] A:12E8 X:12E8 Y:001B S:012B D:0E68 DB:86 NvMxdizc V:250 H:242 F: 2
			849B5D F0 0E       BEQ $000E     [849B6D] A:1200 X:12E8 Y:001B S:012B D:0E68 DB:86 nvMxdiZc V:250 H:250 F: 2
			849B6D C2 21       REP #$21               A:1200 X:12E8 Y:001B S:012B D:0E68 DB:86 nvMxdiZc V:250 H:255 F: 2
			849B6F 8A          TXA                    A:1200 X:12E8 Y:001B S:012B D:0E68 DB:86 nvmxdiZc V:250 H:259 F: 2
			849B70 69 40 00    ADC #$0040             A:12E8 X:12E8 Y:001B S:012B D:0E68 DB:86 nvmxdizc V:250 H:262 F: 2
			849B73 AA          TAX                    A:1328 X:12E8 Y:001B S:012B D:0E68 DB:86 nvmxdizc V:250 H:267 F: 2
			849B74 C9 28 14    CMP #$1428             A:1328 X:1328 Y:001B S:012B D:0E68 DB:86 nvmxdizc V:250 H:270 F: 2
			849B77 90 DF       BCC $00DF     [849B58] A:1328 X:1328 Y:001B S:012B D:0E68 DB:86 Nvmxdizc V:250 H:274 F: 2
			849B58 E2 20       SEP #$20               A:1328 X:1328 Y:001B S:012B D:0E68 DB:86 Nvmxdizc V:250 H:279 F: 2
			849B5A BD 00 00    LDA $0000,X   [861328] A:1328 X:1328 Y:001B S:012B D:0E68 DB:86 NvMxdizc V:250 H:283 F: 2
			849B5D F0 0E       BEQ $000E     [849B6D] A:1300 X:1328 Y:001B S:012B D:0E68 DB:86 nvMxdiZc V:250 H:291 F: 2
			849B6D C2 21       REP #$21               A:1300 X:1328 Y:001B S:012B D:0E68 DB:86 nvMxdiZc V:250 H:296 F: 2
			849B6F 8A          TXA                    A:1300 X:1328 Y:001B S:012B D:0E68 DB:86 nvmxdiZc V:250 H:300 F: 2
			849B70 69 40 00    ADC #$0040             A:1328 X:1328 Y:001B S:012B D:0E68 DB:86 nvmxdizc V:250 H:303 F: 2
			849B73 AA          TAX                    A:1368 X:1328 Y:001B S:012B D:0E68 DB:86 nvmxdizc V:250 H:308 F: 2
			849B74 C9 28 14    CMP #$1428             A:1368 X:1368 Y:001B S:012B D:0E68 DB:86 nvmxdizc V:250 H:311 F: 2
			849B77 90 DF       BCC $00DF     [849B58] A:1368 X:1368 Y:001B S:012B D:0E68 DB:86 Nvmxdizc V:250 H:315 F: 2
			849B58 E2 20       SEP #$20               A:1368 X:1368 Y:001B S:012B D:0E68 DB:86 Nvmxdizc V:250 H:320 F: 2
			849B5A BD 00 00    LDA $0000,X   [861368] A:1368 X:1368 Y:001B S:012B D:0E68 DB:86 NvMxdizc V:250 H:324 F: 2
			849B5D F0 0E       BEQ $000E     [849B6D] A:1300 X:1368 Y:001B S:012B D:0E68 DB:86 nvMxdiZc V:250 H:331 F: 2
			849B6D C2 21       REP #$21               A:1300 X:1368 Y:001B S:012B D:0E68 DB:86 nvMxdiZc V:250 H:336 F: 2
			849B6F 8A          TXA                    A:1300 X:1368 Y:001B S:012B D:0E68 DB:86 nvmxdiZc V:251 H:  0 F: 2
			849B70 69 40 00    ADC #$0040             A:1368 X:1368 Y:001B S:012B D:0E68 DB:86 nvmxdizc V:251 H:  3 F: 2
			849B73 AA          TAX                    A:13A8 X:1368 Y:001B S:012B D:0E68 DB:86 nvmxdizc V:251 H:  8 F: 2
			849B74 C9 28 14    CMP #$1428             A:13A8 X:13A8 Y:001B S:012B D:0E68 DB:86 nvmxdizc V:251 H: 11 F: 2
			849B77 90 DF       BCC $00DF     [849B58] A:13A8 X:13A8 Y:001B S:012B D:0E68 DB:86 Nvmxdizc V:251 H: 15 F: 2
			849B58 E2 20       SEP #$20               A:13A8 X:13A8 Y:001B S:012B D:0E68 DB:86 Nvmxdizc V:251 H: 20 F: 2
			849B5A BD 00 00    LDA $0000,X   [8613A8] A:13A8 X:13A8 Y:001B S:012B D:0E68 DB:86 NvMxdizc V:251 H: 24 F: 2
			849B5D F0 0E       BEQ $000E     [849B6D] A:1300 X:13A8 Y:001B S:012B D:0E68 DB:86 nvMxdiZc V:251 H: 32 F: 2
			849B6D C2 21       REP #$21               A:1300 X:13A8 Y:001B S:012B D:0E68 DB:86 nvMxdiZc V:251 H: 37 F: 2
			849B6F 8A          TXA                    A:1300 X:13A8 Y:001B S:012B D:0E68 DB:86 nvmxdiZc V:251 H: 41 F: 2
			849B70 69 40 00    ADC #$0040             A:13A8 X:13A8 Y:001B S:012B D:0E68 DB:86 nvmxdizc V:251 H: 44 F: 2
			849B73 AA          TAX                    A:13E8 X:13A8 Y:001B S:012B D:0E68 DB:86 nvmxdizc V:251 H: 49 F: 2
			849B74 C9 28 14    CMP #$1428             A:13E8 X:13E8 Y:001B S:012B D:0E68 DB:86 nvmxdizc V:251 H: 52 F: 2
			849B77 90 DF       BCC $00DF     [849B58] A:13E8 X:13E8 Y:001B S:012B D:0E68 DB:86 Nvmxdizc V:251 H: 56 F: 2
			849B58 E2 20       SEP #$20               A:13E8 X:13E8 Y:001B S:012B D:0E68 DB:86 Nvmxdizc V:251 H: 61 F: 2
			849B5A BD 00 00    LDA $0000,X   [8613E8] A:13E8 X:13E8 Y:001B S:012B D:0E68 DB:86 NvMxdizc V:251 H: 65 F: 2
			849B5D F0 0E       BEQ $000E     [849B6D] A:1300 X:13E8 Y:001B S:012B D:0E68 DB:86 nvMxdiZc V:251 H: 73 F: 2
			849B6D C2 21       REP #$21               A:1300 X:13E8 Y:001B S:012B D:0E68 DB:86 nvMxdiZc V:251 H: 78 F: 2
			849B6F 8A          TXA                    A:1300 X:13E8 Y:001B S:012B D:0E68 DB:86 nvmxdiZc V:251 H: 82 F: 2
			849B70 69 40 00    ADC #$0040             A:13E8 X:13E8 Y:001B S:012B D:0E68 DB:86 nvmxdizc V:251 H: 85 F: 2
			849B73 AA          TAX                    A:1428 X:13E8 Y:001B S:012B D:0E68 DB:86 nvmxdizc V:251 H: 90 F: 2
			849B74 C9 28 14    CMP #$1428             A:1428 X:1428 Y:001B S:012B D:0E68 DB:86 nvmxdizc V:251 H: 93 F: 2
			849B77 90 DF       BCC $00DF     [849B58] A:1428 X:1428 Y:001B S:012B D:0E68 DB:86 nvmxdiZC V:251 H: 97 F: 2
			849B79 E2 30       SEP #$30               A:1428 X:1428 Y:001B S:012B D:0E68 DB:86 nvmxdiZC V:251 H:100 F: 2
			849B7B A9 00       LDA #$00               A:1428 X:0028 Y:001B S:012B D:0E68 DB:86 nvMXdiZC V:251 H:105 F: 2
			849B7D 6B          RTL                    A:1400 X:0028 Y:001B S:012B D:0E68 DB:86 nvMXdiZC V:251 H:108 F: 2

		81B666 F0 5C       BEQ $005C     [81B6C4] A:1400 X:0028 Y:001B S:012E D:0E68 DB:86 nvMXdiZC V:251 H:118 F: 2
		81B6C4 A5 35       LDA $35       [000E9D] A:1400 X:0028 Y:001B S:012E D:0E68 DB:86 nvMXdiZC V:251 H:123 F: 2
		81B6C6 F0 18       BEQ $0018     [81B6E0] A:1400 X:0028 Y:001B S:012E D:0E68 DB:86 nvMXdiZC V:251 H:129 F: 2
		81B6E0 22 03 9B 84 JSL $849B03   [849B03] A:1400 X:0028 Y:001B S:012E D:0E68 DB:86 nvMXdiZC V:251 H:134 F: 2

			849B03 C2 10       REP #$10               A:1400 X:0028 Y:001B S:012B D:0E68 DB:86 nvMXdiZC V:251 H:157 F: 2
			849B05 A5 27       LDA $27       [000E8F] A:1400 X:0028 Y:001B S:012B D:0E68 DB:86 nvMxdiZC V:251 H:162 F: 2
			849B07 F0 70       BEQ $0070     [849B79] A:1420 X:0028 Y:001B S:012B D:0E68 DB:86 nvMxdizC V:251 H:168 F: 2
			849B09 A5 0E       LDA $0E       [000E76] A:1420 X:0028 Y:001B S:012B D:0E68 DB:86 nvMxdizC V:251 H:171 F: 2
			849B0B F0 31       BEQ $0031     [849B3E] A:1401 X:0028 Y:001B S:012B D:0E68 DB:86 nvMxdizC V:251 H:178 F: 2
			849B0D AD 0C 1F    LDA $1F0C     [861F0C] A:1401 X:0028 Y:001B S:012B D:0E68 DB:86 nvMxdizC V:251 H:181 F: 2
			849B10 D0 2C       BNE $002C     [849B3E] A:1400 X:0028 Y:001B S:012B D:0E68 DB:86 nvMxdiZC V:251 H:187 F: 2
			849B12 AD 32 0C    LDA $0C32     [860C32] A:1400 X:0028 Y:001B S:012B D:0E68 DB:86 nvMxdiZC V:251 H:190 F: 2
			849B15 D0 11       BNE $0011     [849B28] A:1400 X:0028 Y:001B S:012B D:0E68 DB:86 nvMxdiZC V:251 H:197 F: 2
			849B17 AD 30 0C    LDA $0C30     [860C30] A:1400 X:0028 Y:001B S:012B D:0E68 DB:86 nvMxdiZC V:251 H:200 F: 2
			849B1A D0 0C       BNE $000C     [849B28] A:1400 X:0028 Y:001B S:012B D:0E68 DB:86 nvMxdiZC V:251 H:206 F: 2
			849B1C A2 A8 0B    LDX #$0BA8             A:1400 X:0028 Y:001B S:012B D:0E68 DB:86 nvMxdiZC V:251 H:209 F: 2
			849B1F 22 0E 9C 84 JSL $849C0E   [849C0E] A:1400 X:0BA8 Y:001B S:012B D:0E68 DB:86 nvMxdizC V:251 H:214 F: 2

				849C0E 5A          PHY                    A:1400 X:0BA8 Y:001B S:0128 D:0E68 DB:86 nvMxdizC V:251 H:227 F: 2
				849C0F A4 20       LDY $20       [000E88] A:1400 X:0BA8 Y:001B S:0126 D:0E68 DB:86 nvMxdizC V:251 H:234 F: 2
				849C11 D0 03       BNE $0003     [849C16] A:1400 X:0BA8 Y:C437 S:0126 D:0E68 DB:86 NvMxdizC V:251 H:243 F: 2
				849C16 BC 20 00    LDY $0020,X   [860BC8] A:1400 X:0BA8 Y:C437 S:0126 D:0E68 DB:86 NvMxdizC V:251 H:247 F: 2
				849C19 D0 03       BNE $0003     [849C1E] A:1400 X:0BA8 Y:A552 S:0126 D:0E68 DB:86 NvMxdizC V:251 H:257 F: 2
				849C1E C2 20       REP #$20               A:1400 X:0BA8 Y:A552 S:0126 D:0E68 DB:86 NvMxdizC V:251 H:262 F: 2
				849C20 DA          PHX                    A:1400 X:0BA8 Y:A552 S:0126 D:0E68 DB:86 NvmxdizC V:251 H:266 F: 2
				849C21 BD 05 00    LDA $0005,X   [860BAD] A:1400 X:0BA8 Y:A552 S:0124 D:0E68 DB:86 NvmxdizC V:251 H:273 F: 2
				849C24 8D 04 00    STA $0004     [860004] A:1EE8 X:0BA8 Y:A552 S:0124 D:0E68 DB:86 nvmxdizC V:251 H:283 F: 2
				849C27 BD 08 00    LDA $0008,X   [860BB0] A:1EE8 X:0BA8 Y:A552 S:0124 D:0E68 DB:86 nvmxdizC V:251 H:292 F: 2
				849C2A 8D 06 00    STA $0006     [860006] A:01AF X:0BA8 Y:A552 S:0124 D:0E68 DB:86 nvmxdizC V:251 H:302 F: 2
				849C2D A5 05       LDA $05       [000E6D] A:01AF X:0BA8 Y:A552 S:0124 D:0E68 DB:86 nvmxdizC V:251 H:310 F: 2
				849C2F 8D 0C 00    STA $000C     [86000C] A:1E76 X:0BA8 Y:A552 S:0124 D:0E68 DB:86 nvmxdizC V:251 H:319 F: 2
				849C32 A5 08       LDA $08       [000E70] A:1E76 X:0BA8 Y:A552 S:0124 D:0E68 DB:86 nvmxdizC V:251 H:327 F: 2
				849C34 8D 0E 00    STA $000E     [86000E] A:0135 X:0BA8 Y:A552 S:0124 D:0E68 DB:86 nvmxdizC V:251 H:335 F: 2
				849C37 E2 20       SEP #$20               A:0135 X:0BA8 Y:A552 S:0124 D:0E68 DB:86 nvmxdizC V:252 H:  3 F: 2
				849C39 BD 11 00    LDA $0011,X   [860BB9] A:0135 X:0BA8 Y:A552 S:0124 D:0E68 DB:86 nvMxdizC V:252 H:  8 F: 2
				849C3C 8D 08 00    STA $0008     [860008] A:0122 X:0BA8 Y:A552 S:0124 D:0E68 DB:86 nvMxdizC V:252 H: 16 F: 2
				849C3F A5 11       LDA $11       [000E79] A:0122 X:0BA8 Y:A552 S:0124 D:0E68 DB:86 nvMxdizC V:252 H: 22 F: 2
				849C41 8D 09 00    STA $0009     [860009] A:0169 X:0BA8 Y:A552 S:0124 D:0E68 DB:86 nvMxdizC V:252 H: 29 F: 2
				849C44 BC 20 00    LDY $0020,X   [860BC8] A:0169 X:0BA8 Y:A552 S:0124 D:0E68 DB:86 nvMxdizC V:252 H: 35 F: 2
				849C47 A6 20       LDX $20       [000E88] A:0169 X:0BA8 Y:A552 S:0124 D:0E68 DB:86 NvMxdizC V:252 H: 45 F: 2
				849C49 0B          PHD                    A:0169 X:C437 Y:A552 S:0124 D:0E68 DB:86 NvMxdizC V:252 H: 54 F: 2
				849C4A F4 00 00    PEA $0000              A:0169 X:C437 Y:A552 S:0122 D:0E68 DB:86 NvMxdizC V:252 H: 61 F: 2
				849C4D 2B          PLD                    A:0169 X:C437 Y:A552 S:0120 D:0E68 DB:86 NvMxdizC V:252 H: 69 F: 2
				849C4E BD 02 00    LDA $0002,X   [86C439] A:0169 X:C437 Y:A552 S:0122 D:0000 DB:86 nvMxdiZC V:252 H: 78 F: 2
				849C51 18          CLC                    A:010A X:C437 Y:A552 S:0122 D:0000 DB:86 nvMxdizC V:252 H: 85 F: 2
				849C52 79 02 00    ADC $0002,Y   [86A554] A:010A X:C437 Y:A552 S:0122 D:0000 DB:86 nvMxdizc V:252 H: 88 F: 2
				849C55 85 00       STA $00       [000000] A:0110 X:C437 Y:A552 S:0122 D:0000 DB:86 nvMxdizc V:252 H: 96 F: 2
				849C57 64 01       STZ $01       [000001] A:0110 X:C437 Y:A552 S:0122 D:0000 DB:86 nvMxdizc V:252 H:101 F: 2
				849C59 BD 03 00    LDA $0003,X   [86C43A] A:0110 X:C437 Y:A552 S:0122 D:0000 DB:86 nvMxdizc V:252 H:106 F: 2
				849C5C 18          CLC                    A:010F X:C437 Y:A552 S:0122 D:0000 DB:86 nvMxdizc V:252 H:113 F: 2
				849C5D 79 03 00    ADC $0003,Y   [86A555] A:010F X:C437 Y:A552 S:0122 D:0000 DB:86 nvMxdizc V:252 H:116 F: 2
				849C60 85 02       STA $02       [000002] A:011D X:C437 Y:A552 S:0122 D:0000 DB:86 nvMxdizc V:252 H:124 F: 2
				849C62 64 03       STZ $03       [000003] A:011D X:C437 Y:A552 S:0122 D:0000 DB:86 nvMxdizc V:252 H:129 F: 2
				849C64 C2 21       REP #$21               A:011D X:C437 Y:A552 S:0122 D:0000 DB:86 nvMxdizc V:252 H:144 F: 2
				849C66 B9 00 00    LDA $0000,Y   [86A552] A:011D X:C437 Y:A552 S:0122 D:0000 DB:86 nvmxdizc V:252 H:148 F: 2
				849C69 29 FF 00    AND #$00FF             A:FF00 X:C437 Y:A552 S:0122 D:0000 DB:86 Nvmxdizc V:252 H:157 F: 2
				849C6C 89 80 00    BIT #$0080             A:0000 X:C437 Y:A552 S:0122 D:0000 DB:86 nvmxdiZc V:252 H:162 F: 2
				849C6F F0 03       BEQ $0003     [849C74] A:0000 X:C437 Y:A552 S:0122 D:0000 DB:86 nvmxdiZc V:252 H:166 F: 2
				849C74 24 07       BIT $07       [000007] A:0000 X:C437 Y:A552 S:0122 D:0000 DB:86 nvmxdiZc V:252 H:171 F: 2
				849C76 50 04       BVC $0004     [849C7C] A:0000 X:C437 Y:A552 S:0122 D:0000 DB:86 nvmxdiZc V:252 H:178 F: 2
				849C7C 85 0A       STA $0A       [00000A] A:0000 X:C437 Y:A552 S:0122 D:0000 DB:86 nvmxdiZc V:252 H:182 F: 2
				849C7E 64 10       STZ $10       [000010] A:0000 X:C437 Y:A552 S:0122 D:0000 DB:86 nvmxdiZc V:252 H:189 F: 2
				849C80 BD 00 00    LDA $0000,X   [86C437] A:0000 X:C437 Y:A552 S:0122 D:0000 DB:86 nvmxdiZc V:252 H:196 F: 2
				849C83 29 FF 00    AND #$00FF             A:0200 X:C437 Y:A552 S:0122 D:0000 DB:86 nvmxdizc V:252 H:205 F: 2
				849C86 89 80 00    BIT #$0080             A:0000 X:C437 Y:A552 S:0122 D:0000 DB:86 nvmxdiZc V:252 H:210 F: 2
				849C89 F0 03       BEQ $0003     [849C8E] A:0000 X:C437 Y:A552 S:0122 D:0000 DB:86 nvmxdiZc V:252 H:214 F: 2
				849C8E 24 08       BIT $08       [000008] A:0000 X:C437 Y:A552 S:0122 D:0000 DB:86 nvmxdiZc V:252 H:219 F: 2
				849C90 50 04       BVC $0004     [849C96] A:0000 X:C437 Y:A552 S:0122 D:0000 DB:86 nVmxdiZc V:252 H:226 F: 2
				849C92 49 FF FF    EOR #$FFFF             A:0000 X:C437 Y:A552 S:0122 D:0000 DB:86 nVmxdiZc V:252 H:229 F: 2
				849C95 1A          INC                    A:FFFF X:C437 Y:A552 S:0122 D:0000 DB:86 NVmxdizc V:252 H:233 F: 2
				849C96 65 0C       ADC $0C       [00000C] A:0000 X:C437 Y:A552 S:0122 D:0000 DB:86 nVmxdiZc V:252 H:236 F: 2
				849C98 38          SEC                    A:1E76 X:C437 Y:A552 S:0122 D:0000 DB:86 nvmxdizc V:252 H:243 F: 2
				849C99 E5 04       SBC $04       [000004] A:1E76 X:C437 Y:A552 S:0122 D:0000 DB:86 nvmxdizC V:252 H:246 F: 2
				849C9B 38          SEC                    A:FF8E X:C437 Y:A552 S:0122 D:0000 DB:86 Nvmxdizc V:252 H:253 F: 2
				849C9C E5 0A       SBC $0A       [00000A] A:FF8E X:C437 Y:A552 S:0122 D:0000 DB:86 NvmxdizC V:252 H:256 F: 2
				849C9E 10 06       BPL $0006     [849CA6] A:FF8E X:C437 Y:A552 S:0122 D:0000 DB:86 NvmxdizC V:252 H:263 F: 2
				849CA0 C6 10       DEC $10       [000010] A:FF8E X:C437 Y:A552 S:0122 D:0000 DB:86 NvmxdizC V:252 H:266 F: 2
				849CA2 49 FF FF    EOR #$FFFF             A:FF8E X:C437 Y:A552 S:0122 D:0000 DB:86 NvmxdizC V:252 H:279 F: 2
				849CA5 1A          INC                    A:0071 X:C437 Y:A552 S:0122 D:0000 DB:86 nvmxdizC V:252 H:283 F: 2
				849CA6 85 04       STA $04       [000004] A:0072 X:C437 Y:A552 S:0122 D:0000 DB:86 nvmxdizC V:252 H:286 F: 2
				849CA8 A5 00       LDA $00       [000000] A:0072 X:C437 Y:A552 S:0122 D:0000 DB:86 nvmxdizC V:252 H:293 F: 2
				849CAA 38          SEC                    A:0010 X:C437 Y:A552 S:0122 D:0000 DB:86 nvmxdizC V:252 H:300 F: 2
				849CAB E5 04       SBC $04       [000004] A:0010 X:C437 Y:A552 S:0122 D:0000 DB:86 nvmxdizC V:252 H:303 F: 2
				849CAD 1A          INC                    A:FF9E X:C437 Y:A552 S:0122 D:0000 DB:86 Nvmxdizc V:252 H:310 F: 2
				849CAE 85 04       STA $04       [000004] A:FF9F X:C437 Y:A552 S:0122 D:0000 DB:86 Nvmxdizc V:252 H:313 F: 2
				849CB0 24 0F       BIT $0F       [00000F] A:FF9F X:C437 Y:A552 S:0122 D:0000 DB:86 Nvmxdizc V:252 H:320 F: 2
				849CB2 30 04       BMI $0004     [849CB8] A:FF9F X:C437 Y:A552 S:0122 D:0000 DB:86 NVmxdizc V:252 H:327 F: 2
				849CB8 85 00       STA $00       [000000] A:FF9F X:C437 Y:A552 S:0122 D:0000 DB:86 NVmxdizc V:252 H:331 F: 2
				849CBA 90 45       BCC $0045     [849D01] A:FF9F X:C437 Y:A552 S:0122 D:0000 DB:86 NVmxdizc V:252 H:338 F: 2
				849D01 E2 20       SEP #$20               A:FF9F X:C437 Y:A552 S:0122 D:0000 DB:86 NVmxdizc V:253 H:  2 F: 2
				849D03 2B          PLD                    A:FF9F X:C437 Y:A552 S:0122 D:0000 DB:86 NVMxdizc V:253 H:  7 F: 2
				849D04 FA          PLX                    A:FF9F X:C437 Y:A552 S:0124 D:0E68 DB:86 nVMxdizc V:253 H: 15 F: 2
				849D05 7A          PLY                    A:FF9F X:0BA8 Y:A552 S:0126 D:0E68 DB:86 nVMxdizc V:253 H: 24 F: 2
				849D06 6B          RTL                    A:FF9F X:0BA8 Y:001B S:0128 D:0E68 DB:86 nVMxdizc V:253 H: 32 F: 2

			849B23 90 19       BCC $0019     [849B3E] A:FF9F X:0BA8 Y:001B S:012B D:0E68 DB:86 nVMxdizc V:253 H: 43 F: 2
			849B3E E2 10       SEP #$10               A:FF9F X:0BA8 Y:001B S:012B D:0E68 DB:86 nVMxdizc V:253 H: 47 F: 2
			849B40 A9 00       LDA #$00               A:FF9F X:00A8 Y:001B S:012B D:0E68 DB:86 nVMXdizc V:253 H: 52 F: 2
			849B42 6B          RTL                    A:FF00 X:00A8 Y:001B S:012B D:0E68 DB:86 nVMXdiZc V:253 H: 55 F: 2

		81B6E4 AD CF 0B    LDA $0BCF     [860BCF] A:FF00 X:00A8 Y:001B S:012E D:0E68 DB:86 nVMXdiZc V:253 H: 65 F: 2
		81B6E7 29 7F       AND #$7F               A:FF1E X:00A8 Y:001B S:012E D:0E68 DB:86 nVMXdizc V:253 H: 72 F: 2
		81B6E9 D0 04       BNE $0004     [81B6EF] A:FF1E X:00A8 Y:001B S:012E D:0E68 DB:86 nVMXdizc V:253 H: 75 F: 2
		81B6EF 5C B4 80 82 JML $8280B4   [8280B4] A:FF1E X:00A8 Y:001B S:012E D:0E68 DB:86 nVMXdizc V:253 H: 79 F: 2

		8280B4 C2 20       REP #$20               A:FF1E X:00A8 Y:001B S:012E D:0E68 DB:86 nVMXdizc V:253 H: 85 F: 2
		8280B6 38          SEC                    A:FF1E X:00A8 Y:001B S:012E D:0E68 DB:86 nVmXdizc V:253 H: 90 F: 2
		8280B7 A5 05       LDA $05       [000E6D] A:FF1E X:00A8 Y:001B S:012E D:0E68 DB:86 nVmXdizC V:253 H: 93 F: 2
		8280B9 ED 4D 1E    SBC $1E4D     [861E4D] A:1E76 X:00A8 Y:001B S:012E D:0E68 DB:86 nVmXdizC V:253 H:101 F: 2
		8280BC 18          CLC                    A:0076 X:00A8 Y:001B S:012E D:0E68 DB:86 nvmXdizC V:253 H:110 F: 2
		8280BD 69 20 00    ADC #$0020             A:0076 X:00A8 Y:001B S:012E D:0E68 DB:86 nvmXdizc V:253 H:113 F: 2
		8280C0 C9 40 01    CMP #$0140             A:0096 X:00A8 Y:001B S:012E D:0E68 DB:86 nvmXdizc V:253 H:117 F: 2
		8280C3 B0 0F       BCS $000F     [8280D4] A:0096 X:00A8 Y:001B S:012E D:0E68 DB:86 NvmXdizc V:253 H:122 F: 2
		8280C5 38          SEC                    A:0096 X:00A8 Y:001B S:012E D:0E68 DB:86 NvmXdizc V:253 H:125 F: 2
		8280C6 A5 08       LDA $08       [000E70] A:0096 X:00A8 Y:001B S:012E D:0E68 DB:86 NvmXdizC V:253 H:128 F: 2
		8280C8 ED 50 1E    SBC $1E50     [861E50] A:0135 X:00A8 Y:001B S:012E D:0E68 DB:86 nvmXdizC V:253 H:146 F: 2
		8280CB 18          CLC                    A:0035 X:00A8 Y:001B S:012E D:0E68 DB:86 nvmXdizC V:253 H:155 F: 2
		8280CC 69 10 00    ADC #$0010             A:0035 X:00A8 Y:001B S:012E D:0E68 DB:86 nvmXdizc V:253 H:158 F: 2
		8280CF C9 00 01    CMP #$0100             A:0045 X:00A8 Y:001B S:012E D:0E68 DB:86 nvmXdizc V:253 H:162 F: 2
		8280D2 90 05       BCC $0005     [8280D9] A:0045 X:00A8 Y:001B S:012E D:0E68 DB:86 NvmXdizc V:253 H:167 F: 2
		8280D9 E2 20       SEP #$20               A:0045 X:00A8 Y:001B S:012E D:0E68 DB:86 NvmXdizc V:253 H:171 F: 2
		8280DB A9 81       LDA #$81               A:0045 X:00A8 Y:001B S:012E D:0E68 DB:86 NvMXdizc V:253 H:176 F: 2
		8280DD 85 0E       STA $0E       [000E76] A:0081 X:00A8 Y:001B S:012E D:0E68 DB:86 NvMXdizc V:253 H:179 F: 2
		8280DF E2 30       SEP #$30               A:0081 X:00A8 Y:001B S:012E D:0E68 DB:86 NvMXdizc V:253 H:185 F: 2
		8280E1 A6 12       LDX $12       [000E7A] A:0081 X:00A8 Y:001B S:012E D:0E68 DB:86 NvMXdizc V:253 H:190 F: 2
		8280E3 10 02       BPL $0002     [8280E7] A:0081 X:0004 Y:001B S:012E D:0E68 DB:86 nvMXdizc V:253 H:196 F: 2
		8280E7 7C EA 80    JMP ($80EA,X) [8280EE] A:0081 X:0004 Y:001B S:012E D:0E68 DB:86 nvMXdizc V:253 H:201 F: 2

		828135 AD EA 00    LDA $00EA     [8600EA] A:0081 X:0004 Y:001B S:012E D:0E68 DB:86 nvMXdizc V:253 H:210 F: 2
		828138 C9 20       CMP #$20               A:0001 X:0004 Y:001B S:012E D:0E68 DB:86 nvMXdizc V:253 H:216 F: 2
		82813A B0 0D       BCS $000D     [828149] A:0001 X:0004 Y:001B S:012E D:0E68 DB:86 NvMXdizc V:253 H:219 F: 2
		82813C 0A          ASL A                  A:0001 X:0004 Y:001B S:012E D:0E68 DB:86 NvMXdizc V:253 H:222 F: 2
		82813D AA          TAX                    A:0002 X:0004 Y:001B S:012E D:0E68 DB:86 nvMXdizc V:253 H:225 F: 2
		82813E C2 20       REP #$20               A:0002 X:0002 Y:001B S:012E D:0E68 DB:86 nvMXdizc V:253 H:228 F: 2
		828140 7B          TDC                    A:0002 X:0002 Y:001B S:012E D:0E68 DB:86 nvmXdizc V:253 H:233 F: 2
		828141 9D E0 09    STA $09E0,X   [8609E2] A:0E68 X:0002 Y:001B S:012E D:0E68 DB:86 nvmXdizc V:253 H:236 F: 2
		828144 E2 20       SEP #$20               A:0E68 X:0002 Y:001B S:012E D:0E68 DB:86 nvmXdizc V:253 H:246 F: 2
		828146 EE EA 00    INC $00EA     [8600EA] A:0E68 X:0002 Y:001B S:012E D:0E68 DB:86 nvMXdizc V:253 H:250 F: 2
		828149 6B          RTL                    A:0E68 X:0002 Y:001B S:012E D:0E68 DB:86 nvMXdizc V:253 H:260 F: 2

	80F9BF 60          RTS                    A:0E68 X:0002 Y:001B S:0131 D:0E68 DB:86 nvMXdizc V:253 H:271 F: 2

80D4F9 C2 21       REP #$21               A:0E68 X:0002 Y:001B S:0133 D:0E68 DB:86 nvMXdizc V:253 H:281 F: 2
80D4FB 7B          TDC                    A:0E68 X:0002 Y:001B S:0133 D:0E68 DB:86 nvmXdizc V:253 H:285 F: 2
80D4FC 69 40 00    ADC #$0040             A:0E68 X:0002 Y:001B S:0133 D:0E68 DB:86 nvmXdizc V:253 H:288 F: 2
80D4FF C9 28 12    CMP #$1228             A:0EA8 X:0002 Y:001B S:0133 D:0E68 DB:86 nvmXdizc V:253 H:293 F: 2
80D502 90 EB       BCC $00EB     [80D4EF] A:0EA8 X:0002 Y:001B S:0133 D:0E68 DB:86 NvmXdizc V:253 H:297 F: 2
80D4EF 5B          TCD                    A:0EA8 X:0002 Y:001B S:0133 D:0E68 DB:86 NvmXdizc V:253 H:302 F: 2
80D4F0 E2 30       SEP #$30               A:0EA8 X:0002 Y:001B S:0133 D:0EA8 DB:86 nvmXdizc V:253 H:305 F: 2
80D4F2 A5 00       LDA $00       [000EA8] A:0EA8 X:0002 Y:001B S:0133 D:0EA8 DB:86 nvMXdizc V:253 H:309 F: 2
80D4F4 F0 03       BEQ $0003     [80D4F9] A:0E00 X:0002 Y:001B S:0133 D:0EA8 DB:86 nvMXdiZc V:253 H:316 F: 2
80D4F9 C2 21       REP #$21               A:0E00 X:0002 Y:001B S:0133 D:0EA8 DB:86 nvMXdiZc V:253 H:320 F: 2
80D4FB 7B          TDC                    A:0E00 X:0002 Y:001B S:0133 D:0EA8 DB:86 nvmXdiZc V:253 H:324 F: 2
80D4FC 69 40 00    ADC #$0040             A:0EA8 X:0002 Y:001B S:0133 D:0EA8 DB:86 nvmXdizc V:253 H:327 F: 2
80D4FF C9 28 12    CMP #$1228             A:0EE8 X:0002 Y:001B S:0133 D:0EA8 DB:86 nvmXdizc V:253 H:331 F: 2
80D502 90 EB       BCC $00EB     [80D4EF] A:0EE8 X:0002 Y:001B S:0133 D:0EA8 DB:86 NvmXdizc V:253 H:336 F: 2
80D4EF 5B          TCD                    A:0EE8 X:0002 Y:001B S:0133 D:0EA8 DB:86 NvmXdizc V:254 H:  0 F: 2
80D4F0 E2 30       SEP #$30               A:0EE8 X:0002 Y:001B S:0133 D:0EE8 DB:86 nvmXdizc V:254 H:  3 F: 2
80D4F2 A5 00       LDA $00       [000EE8] A:0EE8 X:0002 Y:001B S:0133 D:0EE8 DB:86 nvMXdizc V:254 H:  8 F: 2
80D4F4 F0 03       BEQ $0003     [80D4F9] A:0E00 X:0002 Y:001B S:0133 D:0EE8 DB:86 nvMXdiZc V:254 H: 14 F: 2
80D4F9 C2 21       REP #$21               A:0E00 X:0002 Y:001B S:0133 D:0EE8 DB:86 nvMXdiZc V:254 H: 19 F: 2
80D4FB 7B          TDC                    A:0E00 X:0002 Y:001B S:0133 D:0EE8 DB:86 nvmXdiZc V:254 H: 23 F: 2
80D4FC 69 40 00    ADC #$0040             A:0EE8 X:0002 Y:001B S:0133 D:0EE8 DB:86 nvmXdizc V:254 H: 26 F: 2
80D4FF C9 28 12    CMP #$1228             A:0F28 X:0002 Y:001B S:0133 D:0EE8 DB:86 nvmXdizc V:254 H: 31 F: 2
80D502 90 EB       BCC $00EB     [80D4EF] A:0F28 X:0002 Y:001B S:0133 D:0EE8 DB:86 NvmXdizc V:254 H: 35 F: 2
80D4EF 5B          TCD                    A:0F28 X:0002 Y:001B S:0133 D:0EE8 DB:86 NvmXdizc V:254 H: 40 F: 2
80D4F0 E2 30       SEP #$30               A:0F28 X:0002 Y:001B S:0133 D:0F28 DB:86 nvmXdizc V:254 H: 43 F: 2
80D4F2 A5 00       LDA $00       [000F28] A:0F28 X:0002 Y:001B S:0133 D:0F28 DB:86 nvMXdizc V:254 H: 47 F: 2
80D4F4 F0 03       BEQ $0003     [80D4F9] A:0F00 X:0002 Y:001B S:0133 D:0F28 DB:86 nvMXdiZc V:254 H: 54 F: 2
80D4F9 C2 21       REP #$21               A:0F00 X:0002 Y:001B S:0133 D:0F28 DB:86 nvMXdiZc V:254 H: 58 F: 2
80D4FB 7B          TDC                    A:0F00 X:0002 Y:001B S:0133 D:0F28 DB:86 nvmXdiZc V:254 H: 63 F: 2
80D4FC 69 40 00    ADC #$0040             A:0F28 X:0002 Y:001B S:0133 D:0F28 DB:86 nvmXdizc V:254 H: 66 F: 2
80D4FF C9 28 12    CMP #$1228             A:0F68 X:0002 Y:001B S:0133 D:0F28 DB:86 nvmXdizc V:254 H: 70 F: 2
80D502 90 EB       BCC $00EB     [80D4EF] A:0F68 X:0002 Y:001B S:0133 D:0F28 DB:86 NvmXdizc V:254 H: 75 F: 2
80D4EF 5B          TCD                    A:0F68 X:0002 Y:001B S:0133 D:0F28 DB:86 NvmXdizc V:254 H: 79 F: 2
80D4F0 E2 30       SEP #$30               A:0F68 X:0002 Y:001B S:0133 D:0F68 DB:86 nvmXdizc V:254 H: 82 F: 2
80D4F2 A5 00       LDA $00       [000F68] A:0F68 X:0002 Y:001B S:0133 D:0F68 DB:86 nvMXdizc V:254 H: 87 F: 2
80D4F4 F0 03       BEQ $0003     [80D4F9] A:0F00 X:0002 Y:001B S:0133 D:0F68 DB:86 nvMXdiZc V:254 H: 93 F: 2
80D4F9 C2 21       REP #$21               A:0F00 X:0002 Y:001B S:0133 D:0F68 DB:86 nvMXdiZc V:254 H: 98 F: 2
80D4FB 7B          TDC                    A:0F00 X:0002 Y:001B S:0133 D:0F68 DB:86 nvmXdiZc V:254 H:102 F: 2
80D4FC 69 40 00    ADC #$0040             A:0F68 X:0002 Y:001B S:0133 D:0F68 DB:86 nvmXdizc V:254 H:105 F: 2
80D4FF C9 28 12    CMP #$1228             A:0FA8 X:0002 Y:001B S:0133 D:0F68 DB:86 nvmXdizc V:254 H:110 F: 2
80D502 90 EB       BCC $00EB     [80D4EF] A:0FA8 X:0002 Y:001B S:0133 D:0F68 DB:86 NvmXdizc V:254 H:114 F: 2
80D4EF 5B          TCD                    A:0FA8 X:0002 Y:001B S:0133 D:0F68 DB:86 NvmXdizc V:254 H:119 F: 2
80D4F0 E2 30       SEP #$30               A:0FA8 X:0002 Y:001B S:0133 D:0FA8 DB:86 nvmXdizc V:254 H:122 F: 2
80D4F2 A5 00       LDA $00       [000FA8] A:0FA8 X:0002 Y:001B S:0133 D:0FA8 DB:86 nvMXdizc V:254 H:126 F: 2
80D4F4 F0 03       BEQ $0003     [80D4F9] A:0F00 X:0002 Y:001B S:0133 D:0FA8 DB:86 nvMXdiZc V:254 H:133 F: 2
80D4F9 C2 21       REP #$21               A:0F00 X:0002 Y:001B S:0133 D:0FA8 DB:86 nvMXdiZc V:254 H:147 F: 2
80D4FB 7B          TDC                    A:0F00 X:0002 Y:001B S:0133 D:0FA8 DB:86 nvmXdiZc V:254 H:152 F: 2
80D4FC 69 40 00    ADC #$0040             A:0FA8 X:0002 Y:001B S:0133 D:0FA8 DB:86 nvmXdizc V:254 H:155 F: 2
80D4FF C9 28 12    CMP #$1228             A:0FE8 X:0002 Y:001B S:0133 D:0FA8 DB:86 nvmXdizc V:254 H:159 F: 2
80D502 90 EB       BCC $00EB     [80D4EF] A:0FE8 X:0002 Y:001B S:0133 D:0FA8 DB:86 NvmXdizc V:254 H:164 F: 2
80D4EF 5B          TCD                    A:0FE8 X:0002 Y:001B S:0133 D:0FA8 DB:86 NvmXdizc V:254 H:168 F: 2
80D4F0 E2 30       SEP #$30               A:0FE8 X:0002 Y:001B S:0133 D:0FE8 DB:86 nvmXdizc V:254 H:171 F: 2
80D4F2 A5 00       LDA $00       [000FE8] A:0FE8 X:0002 Y:001B S:0133 D:0FE8 DB:86 nvMXdizc V:254 H:176 F: 2
80D4F4 F0 03       BEQ $0003     [80D4F9] A:0F00 X:0002 Y:001B S:0133 D:0FE8 DB:86 nvMXdiZc V:254 H:182 F: 2
80D4F9 C2 21       REP #$21               A:0F00 X:0002 Y:001B S:0133 D:0FE8 DB:86 nvMXdiZc V:254 H:187 F: 2
80D4FB 7B          TDC                    A:0F00 X:0002 Y:001B S:0133 D:0FE8 DB:86 nvmXdiZc V:254 H:191 F: 2
80D4FC 69 40 00    ADC #$0040             A:0FE8 X:0002 Y:001B S:0133 D:0FE8 DB:86 nvmXdizc V:254 H:194 F: 2
80D4FF C9 28 12    CMP #$1228             A:1028 X:0002 Y:001B S:0133 D:0FE8 DB:86 nvmXdizc V:254 H:199 F: 2
80D502 90 EB       BCC $00EB     [80D4EF] A:1028 X:0002 Y:001B S:0133 D:0FE8 DB:86 NvmXdizc V:254 H:203 F: 2
80D4EF 5B          TCD                    A:1028 X:0002 Y:001B S:0133 D:0FE8 DB:86 NvmXdizc V:254 H:208 F: 2
80D4F0 E2 30       SEP #$30               A:1028 X:0002 Y:001B S:0133 D:1028 DB:86 nvmXdizc V:254 H:211 F: 2
80D4F2 A5 00       LDA $00       [001028] A:1028 X:0002 Y:001B S:0133 D:1028 DB:86 nvMXdizc V:254 H:215 F: 2
80D4F4 F0 03       BEQ $0003     [80D4F9] A:1000 X:0002 Y:001B S:0133 D:1028 DB:86 nvMXdiZc V:254 H:222 F: 2
80D4F9 C2 21       REP #$21               A:1000 X:0002 Y:001B S:0133 D:1028 DB:86 nvMXdiZc V:254 H:226 F: 2
80D4FB 7B          TDC                    A:1000 X:0002 Y:001B S:0133 D:1028 DB:86 nvmXdiZc V:254 H:231 F: 2
80D4FC 69 40 00    ADC #$0040             A:1028 X:0002 Y:001B S:0133 D:1028 DB:86 nvmXdizc V:254 H:234 F: 2
80D4FF C9 28 12    CMP #$1228             A:1068 X:0002 Y:001B S:0133 D:1028 DB:86 nvmXdizc V:254 H:238 F: 2
80D502 90 EB       BCC $00EB     [80D4EF] A:1068 X:0002 Y:001B S:0133 D:1028 DB:86 NvmXdizc V:254 H:243 F: 2
80D4EF 5B          TCD                    A:1068 X:0002 Y:001B S:0133 D:1028 DB:86 NvmXdizc V:254 H:247 F: 2
80D4F0 E2 30       SEP #$30               A:1068 X:0002 Y:001B S:0133 D:1068 DB:86 nvmXdizc V:254 H:250 F: 2
80D4F2 A5 00       LDA $00       [001068] A:1068 X:0002 Y:001B S:0133 D:1068 DB:86 nvMXdizc V:254 H:255 F: 2
80D4F4 F0 03       BEQ $0003     [80D4F9] A:1000 X:0002 Y:001B S:0133 D:1068 DB:86 nvMXdiZc V:254 H:261 F: 2
80D4F9 C2 21       REP #$21               A:1000 X:0002 Y:001B S:0133 D:1068 DB:86 nvMXdiZc V:254 H:266 F: 2
80D4FB 7B          TDC                    A:1000 X:0002 Y:001B S:0133 D:1068 DB:86 nvmXdiZc V:254 H:270 F: 2
80D4FC 69 40 00    ADC #$0040             A:1068 X:0002 Y:001B S:0133 D:1068 DB:86 nvmXdizc V:254 H:273 F: 2
80D4FF C9 28 12    CMP #$1228             A:10A8 X:0002 Y:001B S:0133 D:1068 DB:86 nvmXdizc V:254 H:278 F: 2
80D502 90 EB       BCC $00EB     [80D4EF] A:10A8 X:0002 Y:001B S:0133 D:1068 DB:86 NvmXdizc V:254 H:282 F: 2
80D4EF 5B          TCD                    A:10A8 X:0002 Y:001B S:0133 D:1068 DB:86 NvmXdizc V:254 H:287 F: 2
80D4F0 E2 30       SEP #$30               A:10A8 X:0002 Y:001B S:0133 D:10A8 DB:86 nvmXdizc V:254 H:290 F: 2
80D4F2 A5 00       LDA $00       [0010A8] A:10A8 X:0002 Y:001B S:0133 D:10A8 DB:86 nvMXdizc V:254 H:294 F: 2
80D4F4 F0 03       BEQ $0003     [80D4F9] A:1000 X:0002 Y:001B S:0133 D:10A8 DB:86 nvMXdiZc V:254 H:301 F: 2
80D4F9 C2 21       REP #$21               A:1000 X:0002 Y:001B S:0133 D:10A8 DB:86 nvMXdiZc V:254 H:305 F: 2
80D4FB 7B          TDC                    A:1000 X:0002 Y:001B S:0133 D:10A8 DB:86 nvmXdiZc V:254 H:310 F: 2
80D4FC 69 40 00    ADC #$0040             A:10A8 X:0002 Y:001B S:0133 D:10A8 DB:86 nvmXdizc V:254 H:313 F: 2
80D4FF C9 28 12    CMP #$1228             A:10E8 X:0002 Y:001B S:0133 D:10A8 DB:86 nvmXdizc V:254 H:317 F: 2
80D502 90 EB       BCC $00EB     [80D4EF] A:10E8 X:0002 Y:001B S:0133 D:10A8 DB:86 NvmXdizc V:254 H:322 F: 2
80D4EF 5B          TCD                    A:10E8 X:0002 Y:001B S:0133 D:10A8 DB:86 NvmXdizc V:254 H:326 F: 2
80D4F0 E2 30       SEP #$30               A:10E8 X:0002 Y:001B S:0133 D:10E8 DB:86 nvmXdizc V:254 H:328 F: 2
80D4F2 A5 00       LDA $00       [0010E8] A:10E8 X:0002 Y:001B S:0133 D:10E8 DB:86 nvMXdizc V:254 H:333 F: 2
80D4F4 F0 03       BEQ $0003     [80D4F9] A:1000 X:0002 Y:001B S:0133 D:10E8 DB:86 nvMXdiZc V:254 H:339 F: 2
80D4F9 C2 21       REP #$21               A:1000 X:0002 Y:001B S:0133 D:10E8 DB:86 nvMXdiZc V:255 H:  4 F: 2
80D4FB 7B          TDC                    A:1000 X:0002 Y:001B S:0133 D:10E8 DB:86 nvmXdiZc V:255 H:  8 F: 2
80D4FC 69 40 00    ADC #$0040             A:10E8 X:0002 Y:001B S:0133 D:10E8 DB:86 nvmXdizc V:255 H: 11 F: 2
80D4FF C9 28 12    CMP #$1228             A:1128 X:0002 Y:001B S:0133 D:10E8 DB:86 nvmXdizc V:255 H: 16 F: 2
80D502 90 EB       BCC $00EB     [80D4EF] A:1128 X:0002 Y:001B S:0133 D:10E8 DB:86 NvmXdizc V:255 H: 20 F: 2
80D4EF 5B          TCD                    A:1128 X:0002 Y:001B S:0133 D:10E8 DB:86 NvmXdizc V:255 H: 25 F: 2
80D4F0 E2 30       SEP #$30               A:1128 X:0002 Y:001B S:0133 D:1128 DB:86 nvmXdizc V:255 H: 28 F: 2
80D4F2 A5 00       LDA $00       [001128] A:1128 X:0002 Y:001B S:0133 D:1128 DB:86 nvMXdizc V:255 H: 32 F: 2
80D4F4 F0 03       BEQ $0003     [80D4F9] A:1100 X:0002 Y:001B S:0133 D:1128 DB:86 nvMXdiZc V:255 H: 39 F: 2
80D4F9 C2 21       REP #$21               A:1100 X:0002 Y:001B S:0133 D:1128 DB:86 nvMXdiZc V:255 H: 43 F: 2
80D4FB 7B          TDC                    A:1100 X:0002 Y:001B S:0133 D:1128 DB:86 nvmXdiZc V:255 H: 48 F: 2
80D4FC 69 40 00    ADC #$0040             A:1128 X:0002 Y:001B S:0133 D:1128 DB:86 nvmXdizc V:255 H: 51 F: 2
80D4FF C9 28 12    CMP #$1228             A:1168 X:0002 Y:001B S:0133 D:1128 DB:86 nvmXdizc V:255 H: 55 F: 2
80D502 90 EB       BCC $00EB     [80D4EF] A:1168 X:0002 Y:001B S:0133 D:1128 DB:86 NvmXdizc V:255 H: 60 F: 2
80D4EF 5B          TCD                    A:1168 X:0002 Y:001B S:0133 D:1128 DB:86 NvmXdizc V:255 H: 64 F: 2
80D4F0 E2 30       SEP #$30               A:1168 X:0002 Y:001B S:0133 D:1168 DB:86 nvmXdizc V:255 H: 67 F: 2
80D4F2 A5 00       LDA $00       [001168] A:1168 X:0002 Y:001B S:0133 D:1168 DB:86 nvMXdizc V:255 H: 72 F: 2
80D4F4 F0 03       BEQ $0003     [80D4F9] A:1100 X:0002 Y:001B S:0133 D:1168 DB:86 nvMXdiZc V:255 H: 78 F: 2
80D4F9 C2 21       REP #$21               A:1100 X:0002 Y:001B S:0133 D:1168 DB:86 nvMXdiZc V:255 H: 83 F: 2
80D4FB 7B          TDC                    A:1100 X:0002 Y:001B S:0133 D:1168 DB:86 nvmXdiZc V:255 H: 87 F: 2
80D4FC 69 40 00    ADC #$0040             A:1168 X:0002 Y:001B S:0133 D:1168 DB:86 nvmXdizc V:255 H: 90 F: 2
80D4FF C9 28 12    CMP #$1228             A:11A8 X:0002 Y:001B S:0133 D:1168 DB:86 nvmXdizc V:255 H: 95 F: 2
80D502 90 EB       BCC $00EB     [80D4EF] A:11A8 X:0002 Y:001B S:0133 D:1168 DB:86 NvmXdizc V:255 H: 99 F: 2
80D4EF 5B          TCD                    A:11A8 X:0002 Y:001B S:0133 D:1168 DB:86 NvmXdizc V:255 H:104 F: 2
80D4F0 E2 30       SEP #$30               A:11A8 X:0002 Y:001B S:0133 D:11A8 DB:86 nvmXdizc V:255 H:107 F: 2
80D4F2 A5 00       LDA $00       [0011A8] A:11A8 X:0002 Y:001B S:0133 D:11A8 DB:86 nvMXdizc V:255 H:111 F: 2
80D4F4 F0 03       BEQ $0003     [80D4F9] A:1100 X:0002 Y:001B S:0133 D:11A8 DB:86 nvMXdiZc V:255 H:118 F: 2
80D4F9 C2 21       REP #$21               A:1100 X:0002 Y:001B S:0133 D:11A8 DB:86 nvMXdiZc V:255 H:122 F: 2
80D4FB 7B          TDC                    A:1100 X:0002 Y:001B S:0133 D:11A8 DB:86 nvmXdiZc V:255 H:127 F: 2
80D4FC 69 40 00    ADC #$0040             A:11A8 X:0002 Y:001B S:0133 D:11A8 DB:86 nvmXdizc V:255 H:130 F: 2
80D4FF C9 28 12    CMP #$1228             A:11E8 X:0002 Y:001B S:0133 D:11A8 DB:86 nvmXdizc V:255 H:144 F: 2
80D502 90 EB       BCC $00EB     [80D4EF] A:11E8 X:0002 Y:001B S:0133 D:11A8 DB:86 NvmXdizc V:255 H:149 F: 2
80D4EF 5B          TCD                    A:11E8 X:0002 Y:001B S:0133 D:11A8 DB:86 NvmXdizc V:255 H:153 F: 2
80D4F0 E2 30       SEP #$30               A:11E8 X:0002 Y:001B S:0133 D:11E8 DB:86 nvmXdizc V:255 H:156 F: 2
80D4F2 A5 00       LDA $00       [0011E8] A:11E8 X:0002 Y:001B S:0133 D:11E8 DB:86 nvMXdizc V:255 H:161 F: 2
80D4F4 F0 03       BEQ $0003     [80D4F9] A:1100 X:0002 Y:001B S:0133 D:11E8 DB:86 nvMXdiZc V:255 H:167 F: 2
80D4F9 C2 21       REP #$21               A:1100 X:0002 Y:001B S:0133 D:11E8 DB:86 nvMXdiZc V:255 H:172 F: 2
80D4FB 7B          TDC                    A:1100 X:0002 Y:001B S:0133 D:11E8 DB:86 nvmXdiZc V:255 H:176 F: 2
80D4FC 69 40 00    ADC #$0040             A:11E8 X:0002 Y:001B S:0133 D:11E8 DB:86 nvmXdizc V:255 H:179 F: 2
80D4FF C9 28 12    CMP #$1228             A:1228 X:0002 Y:001B S:0133 D:11E8 DB:86 nvmXdizc V:255 H:184 F: 2
80D502 90 EB       BCC $00EB     [80D4EF] A:1228 X:0002 Y:001B S:0133 D:11E8 DB:86 nvmXdiZC V:255 H:188 F: 2
80D504 E2 30       SEP #$30               A:1228 X:0002 Y:001B S:0133 D:11E8 DB:86 nvmXdiZC V:255 H:191 F: 2
80D506 60          RTS                    A:1228 X:0002 Y:001B S:0133 D:11E8 DB:86 nvMXdiZC V:255 H:196 F: 2
