80D4F6 20 30 D5    JSR $D530     [80D530] A:0E01 X:0000 Y:0027 S:0133 D:0E68 DB:86 nvMXdizC V:250 H:260 F:34

	80D530 C2 20       REP #$20               A:0E01 X:0000 Y:0027 S:0131 D:0E68 DB:86 nvMXdizC V:250 H:270 F:34
	80D532 A5 05       LDA $05       [000E6D] A:0E01 X:0000 Y:0027 S:0131 D:0E68 DB:86 nvmXdizC V:250 H:275 F:34
	80D534 85 22       STA $22       [000E8A] A:1E8A X:0000 Y:0027 S:0131 D:0E68 DB:86 nvmXdizC V:250 H:283 F:34
	80D536 A5 08       LDA $08       [000E70] A:1E8A X:0000 Y:0027 S:0131 D:0E68 DB:86 nvmXdizC V:250 H:292 F:34
	80D538 85 24       STA $24       [000E8C] A:01AC X:0000 Y:0027 S:0131 D:0E68 DB:86 nvmXdizC V:250 H:300 F:34
	80D53A E2 20       SEP #$20               A:01AC X:0000 Y:0027 S:0131 D:0E68 DB:86 nvmXdizC V:250 H:309 F:34
	80D53C A9 80       LDA #$80               A:01AC X:0000 Y:0027 S:0131 D:0E68 DB:86 nvMXdizC V:250 H:313 F:34
	80D53E 14 0E       TRB $0E       [000E76] A:0180 X:0000 Y:0027 S:0131 D:0E68 DB:86 NvMXdizC V:250 H:316 F:34
	80D540 A5 0A       LDA $0A       [000E72] A:0180 X:0000 Y:0027 S:0131 D:0E68 DB:86 NvMXdizC V:250 H:326 F:34
	80D542 0A          ASL A                  A:0102 X:0000 Y:0027 S:0131 D:0E68 DB:86 nvMXdizC V:250 H:332 F:34
	80D543 AA          TAX                    A:0104 X:0000 Y:0027 S:0131 D:0E68 DB:86 nvMXdizc V:250 H:335 F:34
	80D544 7C DD F8    JMP ($F8DD,X) [80F8E1] A:0104 X:0004 Y:0027 S:0131 D:0E68 DB:86 nvMXdizc V:250 H:338 F:34

	80F9BB 22 16 B5 81 JSL $81B516   [81B516] A:0104 X:0004 Y:0027 S:0131 D:0E68 DB:86 nvMXdizc V:251 H:  7 F:34

		81B516 A6 01       LDX $01       [000E69] A:0104 X:0004 Y:0027 S:012E D:0E68 DB:86 nvMXdizc V:251 H: 20 F:34
		81B518 7C 1B B5    JMP ($B51B,X) [81B51F] A:0104 X:0004 Y:0027 S:012E D:0E68 DB:86 nvMXdizc V:251 H: 27 F:34

		81B629 A5 33       LDA $33       [000E9B] A:0104 X:0004 Y:0027 S:012E D:0E68 DB:86 nvMXdizc V:251 H: 36 F:34
		81B62B 04 11       TSB $11       [000E79] A:0108 X:0004 Y:0027 S:012E D:0E68 DB:86 nvMXdizc V:251 H: 42 F:34
		81B62D C2 20       REP #$20               A:0108 X:0004 Y:0027 S:012E D:0E68 DB:86 nvMXdizc V:251 H: 52 F:34
		81B62F A9 2D C4    LDA #$C42D             A:0108 X:0004 Y:0027 S:012E D:0E68 DB:86 nvmXdizc V:251 H: 57 F:34
		81B632 85 20       STA $20       [000E88] A:C42D X:0004 Y:0027 S:012E D:0E68 DB:86 NvmXdizc V:251 H: 61 F:34
		81B634 E2 20       SEP #$20               A:C42D X:0004 Y:0027 S:012E D:0E68 DB:86 NvmXdizc V:251 H: 70 F:34
		81B636 A6 02       LDX $02       [000E6A] A:C42D X:0004 Y:0027 S:012E D:0E68 DB:86 NvMXdizc V:251 H: 74 F:34
		81B638 FC F3 B6    JSR ($B6F3,X) [81B6F5] A:C42D X:0002 Y:0027 S:012E D:0E68 DB:86 nvMXdizc V:251 H: 81 F:34

			81B796 A6 03       LDX $03       [000E6B] A:C42D X:0002 Y:0027 S:012C D:0E68 DB:86 nvMXdizc V:251 H: 94 F:34
			81B798 7C 9B B7    JMP ($B79B,X) [81B7A5] A:C42D X:000A Y:0027 S:012C D:0E68 DB:86 nvMXdizc V:251 H:100 F:34					JMP ($B79B,Subaction) = ($81B7A5) = $81B882

			81B882 22 EA 8E 84 JSL $848EEA   [848EEA] A:C42D X:000A Y:0027 S:012C D:0E68 DB:86 nvMXdizc V:251 H:109 F:34					JSL $848EEA --> Countdown routine

				848EEA 08          PHP                    A:C42D X:000A Y:0027 S:0129 D:0E68 DB:86 nvMXdizc V:251 H:123 F:34
				848EEB 8B          PHB                    A:C42D X:000A Y:0027 S:0128 D:0E68 DB:86 nvMXdizc V:251 H:128 F:34
				848EEC E2 30       SEP #$30               A:C42D X:000A Y:0027 S:0127 D:0E68 DB:86 nvMXdizc V:251 H:133 F:34
				848EEE C6 13       DEC $13       [000E7B] A:C42D X:000A Y:0027 S:0127 D:0E68 DB:86 nvMXdizc V:251 H:147 F:34
				848EF0 D0 5D       BNE $005D     [848F4F] A:C42D X:000A Y:0027 S:0127 D:0E68 DB:86 nvMXdiZc V:251 H:157 F:34
				848EF2 A9 AF       LDA #$AF               A:C42D X:000A Y:0027 S:0127 D:0E68 DB:86 nvMXdiZc V:251 H:160 F:34
				848EF4 48          PHA                    A:C4AF X:000A Y:0027 S:0127 D:0E68 DB:86 NvMXdizc V:251 H:163 F:34
				848EF5 AB          PLB                    A:C4AF X:000A Y:0027 S:0126 D:0E68 DB:86 NvMXdizc V:251 H:168 F:34
				848EF6 C2 21       REP #$21               A:C4AF X:000A Y:0027 S:0127 D:0E68 DB:AF NvMXdizc V:251 H:175 F:34
				848EF8 A5 14       LDA $14       [000E7C] A:C4AF X:000A Y:0027 S:0127 D:0E68 DB:AF NvmXdizc V:251 H:179 F:34
				848EFA 69 03 00    ADC #$0003             A:D005 X:000A Y:0027 S:0127 D:0E68 DB:AF NvmXdizc V:251 H:188 F:34
				848EFD A4 0F       LDY $0F       [000E77] A:D008 X:000A Y:0027 S:0127 D:0E68 DB:AF NvmXdizc V:251 H:192 F:34
				848EFF 10 37       BPL $0037     [848F38] A:D008 X:000A Y:0000 S:0127 D:0E68 DB:AF nvmXdiZc V:251 H:199 F:34
				848F38 85 14       STA $14       [000E7C] A:D008 X:000A Y:0000 S:0127 D:0E68 DB:AF nvmXdiZc V:251 H:203 F:34
				848F3A E2 30       SEP #$30               A:D008 X:000A Y:0000 S:0127 D:0E68 DB:AF nvmXdiZc V:251 H:212 F:34
				848F3C B2 14       LDA ($14)     [AFD008] A:D008 X:000A Y:0000 S:0127 D:0E68 DB:AF nvMXdiZc V:251 H:216 F:34
				848F3E 85 13       STA $13       [000E7B] A:D00F X:000A Y:0000 S:0127 D:0E68 DB:AF nvMXdizc V:251 H:226 F:34
				848F40 A0 01       LDY #$01               A:D00F X:000A Y:0000 S:0127 D:0E68 DB:AF nvMXdizc V:251 H:233 F:34
				848F42 B1 14       LDA ($14),Y   [AFD009] A:D00F X:000A Y:0001 S:0127 D:0E68 DB:AF nvMXdizc V:251 H:236 F:34
				848F44 85 0F       STA $0F       [000E77] A:D000 X:000A Y:0001 S:0127 D:0E68 DB:AF nvMXdiZc V:251 H:246 F:34
				848F46 C8          INY                    A:D000 X:000A Y:0001 S:0127 D:0E68 DB:AF nvMXdiZc V:251 H:252 F:34
				848F47 B1 14       LDA ($14),Y   [AFD00A] A:D000 X:000A Y:0002 S:0127 D:0E68 DB:AF nvMXdizc V:251 H:255 F:34
				848F49 85 17       STA $17       [000E7F] A:D000 X:000A Y:0002 S:0127 D:0E68 DB:AF nvMXdiZc V:251 H:265 F:34
				848F4B A9 80       LDA #$80               A:D000 X:000A Y:0002 S:0127 D:0E68 DB:AF nvMXdiZc V:251 H:272 F:34
				848F4D 04 17       TSB $17       [000E7F] A:D080 X:000A Y:0002 S:0127 D:0E68 DB:AF NvMXdizc V:251 H:275 F:34
				848F4F AB          PLB                    A:D080 X:000A Y:0002 S:0127 D:0E68 DB:AF NvMXdiZc V:251 H:285 F:34
				848F50 28          PLP                    A:D080 X:000A Y:0002 S:0128 D:0E68 DB:86 NvMXdizc V:251 H:291 F:34
				848F51 6B          RTL                    A:D080 X:000A Y:0002 S:0129 D:0E68 DB:86 nvMXdizc V:251 H:298 F:34

			81B886 C6 34       DEC $34       [000E9C] A:D080 X:000A Y:0002 S:012C D:0E68 DB:86 nvMXdizc V:251 H:308 F:34					Decrease Countdown2
			81B888 D0 03       BNE $0003     [81B88D] A:D080 X:000A Y:0002 S:012C D:0E68 DB:86 nvMXdiZc V:251 H:318 F:34					Branch if Countdown2 <> #$00
			81B88A 20 19 C0    JSR $C019     [81C019] A:D080 X:000A Y:0002 S:012C D:0E68 DB:86 nvMXdiZc V:251 H:321 F:34					JSR $81C019 --> Changes Action from table in $86C45B, with 2B RNG value.

				81C019 A5 02       LDA $02       [000E6A] A:D080 X:000A Y:0002 S:012A D:0E68 DB:86 nvMXdiZc V:251 H:330 F:34				$0000 = E-Action*8 = #$10
				81C01B 0A          ASL A                  A:D002 X:000A Y:0002 S:012A D:0E68 DB:86 nvMXdizc V:251 H:337 F:34
				81C01C 0A          ASL A                  A:D004 X:000A Y:0002 S:012A D:0E68 DB:86 nvMXdizc V:252 H:  0 F:34
				81C01D 0A          ASL A                  A:D008 X:000A Y:0002 S:012A D:0E68 DB:86 nvMXdizc V:252 H:  3 F:34
				81C01E 8D 00 00    STA $0000     [860000] A:D010 X:000A Y:0002 S:012A D:0E68 DB:86 nvMXdizc V:252 H:  6 F:34
				81C021 22 86 90 84 JSL $849086   [849086] A:D010 X:000A Y:0002 S:012A D:0E68 DB:86 nvMXdizc V:252 H: 12 F:34				JSL $849086 --> Loads A with a RNG value

					849086 08          PHP                    A:D010 X:000A Y:0002 S:0127 D:0E68 DB:86 nvMXdizc V:252 H: 26 F:34
					849087 C2 20       REP #$20               A:D010 X:000A Y:0002 S:0126 D:0E68 DB:86 nvMXdizc V:252 H: 31 F:34
					849089 AD A6 0B    LDA $0BA6     [860BA6] A:D010 X:000A Y:0002 S:0126 D:0E68 DB:86 nvmXdizc V:252 H: 35 F:34
					84908C 0A          ASL A                  A:2366 X:000A Y:0002 S:0126 D:0E68 DB:86 nvmXdizc V:252 H: 44 F:34
					84908D 18          CLC                    A:46CC X:000A Y:0002 S:0126 D:0E68 DB:86 nvmXdizc V:252 H: 47 F:34
					84908E 6D A6 0B    ADC $0BA6     [860BA6] A:46CC X:000A Y:0002 S:0126 D:0E68 DB:86 nvmXdizc V:252 H: 50 F:34
					849091 EB          XBA                    A:6A32 X:000A Y:0002 S:0126 D:0E68 DB:86 nvmXdizc V:252 H: 58 F:34
					849092 E2 20       SEP #$20               A:326A X:000A Y:0002 S:0126 D:0E68 DB:86 nvmXdizc V:252 H: 63 F:34
					849094 8D A7 0B    STA $0BA7     [860BA7] A:326A X:000A Y:0002 S:0126 D:0E68 DB:86 nvMXdizc V:252 H: 67 F:34
					849097 18          CLC                    A:326A X:000A Y:0002 S:0126 D:0E68 DB:86 nvMXdizc V:252 H: 74 F:34
					849098 6D A6 0B    ADC $0BA6     [860BA6] A:326A X:000A Y:0002 S:0126 D:0E68 DB:86 nvMXdizc V:252 H: 77 F:34
					84909B 8D A6 0B    STA $0BA6     [860BA6] A:32D0 X:000A Y:0002 S:0126 D:0E68 DB:86 NVMXdizc V:252 H: 83 F:34
					84909E 28          PLP                    A:32D0 X:000A Y:0002 S:0126 D:0E68 DB:86 NVMXdizc V:252 H: 90 F:34
					84909F 6B          RTL                    A:32D0 X:000A Y:0002 S:0127 D:0E68 DB:86 nvMXdizc V:252 H: 96 F:34

				81C025 29 0F       AND #$0F               A:32D0 X:000A Y:0002 S:012A D:0E68 DB:86 nvMXdizc V:252 H:107 F:34				Only takes last RNG byte
				81C027 18          CLC                    A:3200 X:000A Y:0002 S:012A D:0E68 DB:86 nvMXdiZc V:252 H:110 F:34				
				81C028 6D 00 00    ADC $0000     [860000] A:3200 X:000A Y:0002 S:012A D:0E68 DB:86 nvMXdiZc V:252 H:113 F:34				Add to Action offset in RNG table
				81C02B AA          TAX                    A:3210 X:000A Y:0002 S:012A D:0E68 DB:86 nvMXdizc V:252 H:119 F:34				Transfer to X
				81C02C BD 5B C4    LDA $C45B,X   [86C46B] A:3210 X:0010 Y:0002 S:012A D:0E68 DB:86 nvMXdizc V:252 H:122 F:34				Load new Action
				81C02F 85 02       STA $02       [000E6A] A:3200 X:0010 Y:0002 S:012A D:0E68 DB:86 nvMXdiZc V:252 H:128 F:34				Store Action
				81C031 64 03       STZ $03       [000E6B] A:3200 X:0010 Y:0002 S:012A D:0E68 DB:86 nvMXdiZc V:252 H:145 F:34				Subaction = #$00
				81C033 60          RTS                    A:3200 X:0010 Y:0002 S:012A D:0E68 DB:86 nvMXdiZc V:252 H:151 F:34				Return

			81B88D 60          RTS                    A:3200 X:0010 Y:0002 S:012C D:0E68 DB:86 nvMXdiZc V:252 H:161 F:34					Return

		81B63B A9 09       LDA #$09               A:3200 X:0010 Y:0002 S:012E D:0E68 DB:86 nvMXdiZc V:252 H:171 F:34					Normal routine after Subaction
		81B63D A6 35       LDX $35       [000E9D] A:3209 X:0010 Y:0002 S:012E D:0E68 DB:86 nvMXdizc V:252 H:174 F:34
		81B63F F0 02       BEQ $0002     [81B643] A:3209 X:0000 Y:0002 S:012E D:0E68 DB:86 nvMXdiZc V:252 H:181 F:34
		81B643 85 28       STA $28       [000E90] A:3209 X:0000 Y:0002 S:012E D:0E68 DB:86 nvMXdiZc V:252 H:185 F:34
		81B645 A5 39       LDA $39       [000EA1] A:3209 X:0000 Y:0002 S:012E D:0E68 DB:86 nvMXdiZc V:252 H:192 F:34
		81B647 F0 02       BEQ $0002     [81B64B] A:3200 X:0000 Y:0002 S:012E D:0E68 DB:86 nvMXdiZc V:252 H:198 F:34
		81B64B A5 17       LDA $17       [000E7F] A:3200 X:0000 Y:0002 S:012E D:0E68 DB:86 nvMXdiZc V:252 H:203 F:34
		81B64D 29 7F       AND #$7F               A:3280 X:0000 Y:0002 S:012E D:0E68 DB:86 NvMXdizc V:252 H:209 F:34
		81B64F AA          TAX                    A:3200 X:0000 Y:0002 S:012E D:0E68 DB:86 nvMXdiZc V:252 H:212 F:34
		81B650 BD AB C4    LDA $C4AB,X   [86C4AB] A:3200 X:0000 Y:0002 S:012E D:0E68 DB:86 nvMXdiZc V:252 H:215 F:34
		81B653 0A          ASL A                  A:3200 X:0000 Y:0002 S:012E D:0E68 DB:86 nvMXdiZc V:252 H:221 F:34
		81B654 0A          ASL A                  A:3200 X:0000 Y:0002 S:012E D:0E68 DB:86 nvMXdiZc V:252 H:224 F:34
		81B655 C2 20       REP #$20               A:3200 X:0000 Y:0002 S:012E D:0E68 DB:86 nvMXdiZc V:252 H:227 F:34
		81B657 29 FF 00    AND #$00FF             A:3200 X:0000 Y:0002 S:012E D:0E68 DB:86 nvmXdiZc V:252 H:232 F:34
		81B65A 18          CLC                    A:0000 X:0000 Y:0002 S:012E D:0E68 DB:86 nvmXdiZc V:252 H:236 F:34
		81B65B 69 37 C4    ADC #$C437             A:0000 X:0000 Y:0002 S:012E D:0E68 DB:86 nvmXdiZc V:252 H:239 F:34
		81B65E 85 20       STA $20       [000E88] A:C437 X:0000 Y:0002 S:012E D:0E68 DB:86 NvmXdizc V:252 H:244 F:34
		81B660 E2 20       SEP #$20               A:C437 X:0000 Y:0002 S:012E D:0E68 DB:86 NvmXdizc V:252 H:252 F:34
		81B662 22 43 9B 84 JSL $849B43   [849B43] A:C437 X:0000 Y:0002 S:012E D:0E68 DB:86 NvMXdizc V:252 H:257 F:34

			849B43 C2 10       REP #$10               A:C437 X:0000 Y:0002 S:012B D:0E68 DB:86 NvMXdizc V:252 H:270 F:34
			849B45 A5 27       LDA $27       [000E8F] A:C437 X:0000 Y:0002 S:012B D:0E68 DB:86 NvMxdizc V:252 H:275 F:34
			849B47 29 7F       AND #$7F               A:C420 X:0000 Y:0002 S:012B D:0E68 DB:86 nvMxdizc V:252 H:281 F:34
			849B49 85 27       STA $27       [000E8F] A:C420 X:0000 Y:0002 S:012B D:0E68 DB:86 nvMxdizc V:252 H:284 F:34
			849B4B F0 2C       BEQ $002C     [849B79] A:C420 X:0000 Y:0002 S:012B D:0E68 DB:86 nvMxdizc V:252 H:291 F:34
			849B4D A5 30       LDA $30       [000E98] A:C420 X:0000 Y:0002 S:012B D:0E68 DB:86 nvMxdizc V:252 H:294 F:34
			849B4F D0 28       BNE $0028     [849B79] A:C400 X:0000 Y:0002 S:012B D:0E68 DB:86 nvMxdiZc V:252 H:300 F:34
			849B51 A5 0E       LDA $0E       [000E76] A:C400 X:0000 Y:0002 S:012B D:0E68 DB:86 nvMxdiZc V:252 H:303 F:34
			849B53 F0 24       BEQ $0024     [849B79] A:C401 X:0000 Y:0002 S:012B D:0E68 DB:86 nvMxdizc V:252 H:310 F:34
			849B55 A2 28 12    LDX #$1228             A:C401 X:0000 Y:0002 S:012B D:0E68 DB:86 nvMxdizc V:252 H:313 F:34
			849B58 E2 20       SEP #$20               A:C401 X:1228 Y:0002 S:012B D:0E68 DB:86 nvMxdizc V:252 H:317 F:34
			849B5A BD 00 00    LDA $0000,X   [861228] A:C401 X:1228 Y:0002 S:012B D:0E68 DB:86 nvMxdizc V:252 H:322 F:34
			849B5D F0 0E       BEQ $000E     [849B6D] A:C400 X:1228 Y:0002 S:012B D:0E68 DB:86 nvMxdiZc V:252 H:329 F:34
			849B6D C2 21       REP #$21               A:C400 X:1228 Y:0002 S:012B D:0E68 DB:86 nvMxdiZc V:252 H:333 F:34
			849B6F 8A          TXA                    A:C400 X:1228 Y:0002 S:012B D:0E68 DB:86 nvmxdiZc V:252 H:338 F:34
			849B70 69 40 00    ADC #$0040             A:1228 X:1228 Y:0002 S:012B D:0E68 DB:86 nvmxdizc V:253 H:  1 F:34
			849B73 AA          TAX                    A:1268 X:1228 Y:0002 S:012B D:0E68 DB:86 nvmxdizc V:253 H:  5 F:34
			849B74 C9 28 14    CMP #$1428             A:1268 X:1268 Y:0002 S:012B D:0E68 DB:86 nvmxdizc V:253 H:  8 F:34
			849B77 90 DF       BCC $00DF     [849B58] A:1268 X:1268 Y:0002 S:012B D:0E68 DB:86 Nvmxdizc V:253 H: 13 F:34
			849B58 E2 20       SEP #$20               A:1268 X:1268 Y:0002 S:012B D:0E68 DB:86 Nvmxdizc V:253 H: 17 F:34
			849B5A BD 00 00    LDA $0000,X   [861268] A:1268 X:1268 Y:0002 S:012B D:0E68 DB:86 NvMxdizc V:253 H: 22 F:34
			849B5D F0 0E       BEQ $000E     [849B6D] A:1200 X:1268 Y:0002 S:012B D:0E68 DB:86 nvMxdiZc V:253 H: 30 F:34
			849B6D C2 21       REP #$21               A:1200 X:1268 Y:0002 S:012B D:0E68 DB:86 nvMxdiZc V:253 H: 34 F:34
			849B6F 8A          TXA                    A:1200 X:1268 Y:0002 S:012B D:0E68 DB:86 nvmxdiZc V:253 H: 39 F:34
			849B70 69 40 00    ADC #$0040             A:1268 X:1268 Y:0002 S:012B D:0E68 DB:86 nvmxdizc V:253 H: 42 F:34
			849B73 AA          TAX                    A:12A8 X:1268 Y:0002 S:012B D:0E68 DB:86 nvmxdizc V:253 H: 46 F:34
			849B74 C9 28 14    CMP #$1428             A:12A8 X:12A8 Y:0002 S:012B D:0E68 DB:86 nvmxdizc V:253 H: 49 F:34
			849B77 90 DF       BCC $00DF     [849B58] A:12A8 X:12A8 Y:0002 S:012B D:0E68 DB:86 Nvmxdizc V:253 H: 54 F:34
			849B58 E2 20       SEP #$20               A:12A8 X:12A8 Y:0002 S:012B D:0E68 DB:86 Nvmxdizc V:253 H: 58 F:34
			849B5A BD 00 00    LDA $0000,X   [8612A8] A:12A8 X:12A8 Y:0002 S:012B D:0E68 DB:86 NvMxdizc V:253 H: 63 F:34
			849B5D F0 0E       BEQ $000E     [849B6D] A:1200 X:12A8 Y:0002 S:012B D:0E68 DB:86 nvMxdiZc V:253 H: 71 F:34
			849B6D C2 21       REP #$21               A:1200 X:12A8 Y:0002 S:012B D:0E68 DB:86 nvMxdiZc V:253 H: 75 F:34
			849B6F 8A          TXA                    A:1200 X:12A8 Y:0002 S:012B D:0E68 DB:86 nvmxdiZc V:253 H: 80 F:34
			849B70 69 40 00    ADC #$0040             A:12A8 X:12A8 Y:0002 S:012B D:0E68 DB:86 nvmxdizc V:253 H: 83 F:34
			849B73 AA          TAX                    A:12E8 X:12A8 Y:0002 S:012B D:0E68 DB:86 nvmxdizc V:253 H: 87 F:34
			849B74 C9 28 14    CMP #$1428             A:12E8 X:12E8 Y:0002 S:012B D:0E68 DB:86 nvmxdizc V:253 H: 90 F:34
			849B77 90 DF       BCC $00DF     [849B58] A:12E8 X:12E8 Y:0002 S:012B D:0E68 DB:86 Nvmxdizc V:253 H: 95 F:34
			849B58 E2 20       SEP #$20               A:12E8 X:12E8 Y:0002 S:012B D:0E68 DB:86 Nvmxdizc V:253 H: 99 F:34
			849B5A BD 00 00    LDA $0000,X   [8612E8] A:12E8 X:12E8 Y:0002 S:012B D:0E68 DB:86 NvMxdizc V:253 H:104 F:34
			849B5D F0 0E       BEQ $000E     [849B6D] A:1200 X:12E8 Y:0002 S:012B D:0E68 DB:86 nvMxdiZc V:253 H:112 F:34
			849B6D C2 21       REP #$21               A:1200 X:12E8 Y:0002 S:012B D:0E68 DB:86 nvMxdiZc V:253 H:116 F:34
			849B6F 8A          TXA                    A:1200 X:12E8 Y:0002 S:012B D:0E68 DB:86 nvmxdiZc V:253 H:121 F:34
			849B70 69 40 00    ADC #$0040             A:12E8 X:12E8 Y:0002 S:012B D:0E68 DB:86 nvmxdizc V:253 H:124 F:34
			849B73 AA          TAX                    A:1328 X:12E8 Y:0002 S:012B D:0E68 DB:86 nvmxdizc V:253 H:128 F:34
			849B74 C9 28 14    CMP #$1428             A:1328 X:1328 Y:0002 S:012B D:0E68 DB:86 nvmxdizc V:253 H:131 F:34
			849B77 90 DF       BCC $00DF     [849B58] A:1328 X:1328 Y:0002 S:012B D:0E68 DB:86 Nvmxdizc V:253 H:146 F:34
			849B58 E2 20       SEP #$20               A:1328 X:1328 Y:0002 S:012B D:0E68 DB:86 Nvmxdizc V:253 H:150 F:34
			849B5A BD 00 00    LDA $0000,X   [861328] A:1328 X:1328 Y:0002 S:012B D:0E68 DB:86 NvMxdizc V:253 H:155 F:34
			849B5D F0 0E       BEQ $000E     [849B6D] A:1300 X:1328 Y:0002 S:012B D:0E68 DB:86 nvMxdiZc V:253 H:163 F:34
			849B6D C2 21       REP #$21               A:1300 X:1328 Y:0002 S:012B D:0E68 DB:86 nvMxdiZc V:253 H:167 F:34
			849B6F 8A          TXA                    A:1300 X:1328 Y:0002 S:012B D:0E68 DB:86 nvmxdiZc V:253 H:172 F:34
			849B70 69 40 00    ADC #$0040             A:1328 X:1328 Y:0002 S:012B D:0E68 DB:86 nvmxdizc V:253 H:175 F:34
			849B73 AA          TAX                    A:1368 X:1328 Y:0002 S:012B D:0E68 DB:86 nvmxdizc V:253 H:179 F:34
			849B74 C9 28 14    CMP #$1428             A:1368 X:1368 Y:0002 S:012B D:0E68 DB:86 nvmxdizc V:253 H:182 F:34
			849B77 90 DF       BCC $00DF     [849B58] A:1368 X:1368 Y:0002 S:012B D:0E68 DB:86 Nvmxdizc V:253 H:187 F:34
			849B58 E2 20       SEP #$20               A:1368 X:1368 Y:0002 S:012B D:0E68 DB:86 Nvmxdizc V:253 H:191 F:34
			849B5A BD 00 00    LDA $0000,X   [861368] A:1368 X:1368 Y:0002 S:012B D:0E68 DB:86 NvMxdizc V:253 H:196 F:34
			849B5D F0 0E       BEQ $000E     [849B6D] A:1300 X:1368 Y:0002 S:012B D:0E68 DB:86 nvMxdiZc V:253 H:204 F:34
			849B6D C2 21       REP #$21               A:1300 X:1368 Y:0002 S:012B D:0E68 DB:86 nvMxdiZc V:253 H:208 F:34
			849B6F 8A          TXA                    A:1300 X:1368 Y:0002 S:012B D:0E68 DB:86 nvmxdiZc V:253 H:213 F:34
			849B70 69 40 00    ADC #$0040             A:1368 X:1368 Y:0002 S:012B D:0E68 DB:86 nvmxdizc V:253 H:216 F:34
			849B73 AA          TAX                    A:13A8 X:1368 Y:0002 S:012B D:0E68 DB:86 nvmxdizc V:253 H:220 F:34
			849B74 C9 28 14    CMP #$1428             A:13A8 X:13A8 Y:0002 S:012B D:0E68 DB:86 nvmxdizc V:253 H:223 F:34
			849B77 90 DF       BCC $00DF     [849B58] A:13A8 X:13A8 Y:0002 S:012B D:0E68 DB:86 Nvmxdizc V:253 H:228 F:34
			849B58 E2 20       SEP #$20               A:13A8 X:13A8 Y:0002 S:012B D:0E68 DB:86 Nvmxdizc V:253 H:232 F:34
			849B5A BD 00 00    LDA $0000,X   [8613A8] A:13A8 X:13A8 Y:0002 S:012B D:0E68 DB:86 NvMxdizc V:253 H:237 F:34
			849B5D F0 0E       BEQ $000E     [849B6D] A:1300 X:13A8 Y:0002 S:012B D:0E68 DB:86 nvMxdiZc V:253 H:245 F:34
			849B6D C2 21       REP #$21               A:1300 X:13A8 Y:0002 S:012B D:0E68 DB:86 nvMxdiZc V:253 H:249 F:34
			849B6F 8A          TXA                    A:1300 X:13A8 Y:0002 S:012B D:0E68 DB:86 nvmxdiZc V:253 H:254 F:34
			849B70 69 40 00    ADC #$0040             A:13A8 X:13A8 Y:0002 S:012B D:0E68 DB:86 nvmxdizc V:253 H:257 F:34
			849B73 AA          TAX                    A:13E8 X:13A8 Y:0002 S:012B D:0E68 DB:86 nvmxdizc V:253 H:261 F:34
			849B74 C9 28 14    CMP #$1428             A:13E8 X:13E8 Y:0002 S:012B D:0E68 DB:86 nvmxdizc V:253 H:264 F:34
			849B77 90 DF       BCC $00DF     [849B58] A:13E8 X:13E8 Y:0002 S:012B D:0E68 DB:86 Nvmxdizc V:253 H:269 F:34
			849B58 E2 20       SEP #$20               A:13E8 X:13E8 Y:0002 S:012B D:0E68 DB:86 Nvmxdizc V:253 H:273 F:34
			849B5A BD 00 00    LDA $0000,X   [8613E8] A:13E8 X:13E8 Y:0002 S:012B D:0E68 DB:86 NvMxdizc V:253 H:278 F:34
			849B5D F0 0E       BEQ $000E     [849B6D] A:1300 X:13E8 Y:0002 S:012B D:0E68 DB:86 nvMxdiZc V:253 H:286 F:34
			849B6D C2 21       REP #$21               A:1300 X:13E8 Y:0002 S:012B D:0E68 DB:86 nvMxdiZc V:253 H:290 F:34
			849B6F 8A          TXA                    A:1300 X:13E8 Y:0002 S:012B D:0E68 DB:86 nvmxdiZc V:253 H:295 F:34
			849B70 69 40 00    ADC #$0040             A:13E8 X:13E8 Y:0002 S:012B D:0E68 DB:86 nvmxdizc V:253 H:298 F:34
			849B73 AA          TAX                    A:1428 X:13E8 Y:0002 S:012B D:0E68 DB:86 nvmxdizc V:253 H:302 F:34
			849B74 C9 28 14    CMP #$1428             A:1428 X:1428 Y:0002 S:012B D:0E68 DB:86 nvmxdizc V:253 H:305 F:34
			849B77 90 DF       BCC $00DF     [849B58] A:1428 X:1428 Y:0002 S:012B D:0E68 DB:86 nvmxdiZC V:253 H:310 F:34
			849B79 E2 30       SEP #$30               A:1428 X:1428 Y:0002 S:012B D:0E68 DB:86 nvmxdiZC V:253 H:313 F:34
			849B7B A9 00       LDA #$00               A:1428 X:0028 Y:0002 S:012B D:0E68 DB:86 nvMXdiZC V:253 H:317 F:34
			849B7D 6B          RTL                    A:1400 X:0028 Y:0002 S:012B D:0E68 DB:86 nvMXdiZC V:253 H:320 F:34

		81B666 F0 5C       BEQ $005C     [81B6C4] A:1400 X:0028 Y:0002 S:012E D:0E68 DB:86 nvMXdiZC V:253 H:330 F:34
		81B6C4 A5 35       LDA $35       [000E9D] A:1400 X:0028 Y:0002 S:012E D:0E68 DB:86 nvMXdiZC V:253 H:334 F:34
		81B6C6 F0 18       BEQ $0018     [81B6E0] A:1400 X:0028 Y:0002 S:012E D:0E68 DB:86 nvMXdiZC V:254 H:  1 F:34
		81B6E0 22 03 9B 84 JSL $849B03   [849B03] A:1400 X:0028 Y:0002 S:012E D:0E68 DB:86 nvMXdiZC V:254 H:  5 F:34

			849B03 C2 10       REP #$10               A:1400 X:0028 Y:0002 S:012B D:0E68 DB:86 nvMXdiZC V:254 H: 19 F:34
			849B05 A5 27       LDA $27       [000E8F] A:1400 X:0028 Y:0002 S:012B D:0E68 DB:86 nvMxdiZC V:254 H: 23 F:34
			849B07 F0 70       BEQ $0070     [849B79] A:1420 X:0028 Y:0002 S:012B D:0E68 DB:86 nvMxdizC V:254 H: 30 F:34
			849B09 A5 0E       LDA $0E       [000E76] A:1420 X:0028 Y:0002 S:012B D:0E68 DB:86 nvMxdizC V:254 H: 33 F:34
			849B0B F0 31       BEQ $0031     [849B3E] A:1401 X:0028 Y:0002 S:012B D:0E68 DB:86 nvMxdizC V:254 H: 39 F:34
			849B0D AD 0C 1F    LDA $1F0C     [861F0C] A:1401 X:0028 Y:0002 S:012B D:0E68 DB:86 nvMxdizC V:254 H: 42 F:34
			849B10 D0 2C       BNE $002C     [849B3E] A:1400 X:0028 Y:0002 S:012B D:0E68 DB:86 nvMxdiZC V:254 H: 49 F:34
			849B12 AD 32 0C    LDA $0C32     [860C32] A:1400 X:0028 Y:0002 S:012B D:0E68 DB:86 nvMxdiZC V:254 H: 52 F:34
			849B15 D0 11       BNE $0011     [849B28] A:1400 X:0028 Y:0002 S:012B D:0E68 DB:86 nvMxdiZC V:254 H: 58 F:34
			849B17 AD 30 0C    LDA $0C30     [860C30] A:1400 X:0028 Y:0002 S:012B D:0E68 DB:86 nvMxdiZC V:254 H: 61 F:34
			849B1A D0 0C       BNE $000C     [849B28] A:1400 X:0028 Y:0002 S:012B D:0E68 DB:86 nvMxdiZC V:254 H: 68 F:34
			849B1C A2 A8 0B    LDX #$0BA8             A:1400 X:0028 Y:0002 S:012B D:0E68 DB:86 nvMxdiZC V:254 H: 71 F:34
			849B1F 22 0E 9C 84 JSL $849C0E   [849C0E] A:1400 X:0BA8 Y:0002 S:012B D:0E68 DB:86 nvMxdizC V:254 H: 75 F:34

				849C0E 5A          PHY                    A:1400 X:0BA8 Y:0002 S:0128 D:0E68 DB:86 nvMxdizC V:254 H: 89 F:34
				849C0F A4 20       LDY $20       [000E88] A:1400 X:0BA8 Y:0002 S:0126 D:0E68 DB:86 nvMxdizC V:254 H: 96 F:34
				849C11 D0 03       BNE $0003     [849C16] A:1400 X:0BA8 Y:C437 S:0126 D:0E68 DB:86 NvMxdizC V:254 H:104 F:34
				849C16 BC 20 00    LDY $0020,X   [860BC8] A:1400 X:0BA8 Y:C437 S:0126 D:0E68 DB:86 NvMxdizC V:254 H:109 F:34
				849C19 D0 03       BNE $0003     [849C1E] A:1400 X:0BA8 Y:A552 S:0126 D:0E68 DB:86 NvMxdizC V:254 H:119 F:34
				849C1E C2 20       REP #$20               A:1400 X:0BA8 Y:A552 S:0126 D:0E68 DB:86 NvMxdizC V:254 H:123 F:34
				849C20 DA          PHX                    A:1400 X:0BA8 Y:A552 S:0126 D:0E68 DB:86 NvmxdizC V:254 H:128 F:34
				849C21 BD 05 00    LDA $0005,X   [860BAD] A:1400 X:0BA8 Y:A552 S:0124 D:0E68 DB:86 NvmxdizC V:254 H:145 F:34
				849C24 8D 04 00    STA $0004     [860004] A:1E15 X:0BA8 Y:A552 S:0124 D:0E68 DB:86 nvmxdizC V:254 H:155 F:34
				849C27 BD 08 00    LDA $0008,X   [860BB0] A:1E15 X:0BA8 Y:A552 S:0124 D:0E68 DB:86 nvmxdizC V:254 H:163 F:34
				849C2A 8D 06 00    STA $0006     [860006] A:01AF X:0BA8 Y:A552 S:0124 D:0E68 DB:86 nvmxdizC V:254 H:173 F:34
				849C2D A5 05       LDA $05       [000E6D] A:01AF X:0BA8 Y:A552 S:0124 D:0E68 DB:86 nvmxdizC V:254 H:182 F:34
				849C2F 8D 0C 00    STA $000C     [86000C] A:1E8A X:0BA8 Y:A552 S:0124 D:0E68 DB:86 nvmxdizC V:254 H:190 F:34
				849C32 A5 08       LDA $08       [000E70] A:1E8A X:0BA8 Y:A552 S:0124 D:0E68 DB:86 nvmxdizC V:254 H:199 F:34
				849C34 8D 0E 00    STA $000E     [86000E] A:01AC X:0BA8 Y:A552 S:0124 D:0E68 DB:86 nvmxdizC V:254 H:207 F:34
				849C37 E2 20       SEP #$20               A:01AC X:0BA8 Y:A552 S:0124 D:0E68 DB:86 nvmxdizC V:254 H:216 F:34
				849C39 BD 11 00    LDA $0011,X   [860BB9] A:01AC X:0BA8 Y:A552 S:0124 D:0E68 DB:86 nvMxdizC V:254 H:220 F:34
				849C3C 8D 08 00    STA $0008     [860008] A:0162 X:0BA8 Y:A552 S:0124 D:0E68 DB:86 nvMxdizC V:254 H:228 F:34
				849C3F A5 11       LDA $11       [000E79] A:0162 X:0BA8 Y:A552 S:0124 D:0E68 DB:86 nvMxdizC V:254 H:235 F:34
				849C41 8D 09 00    STA $0009     [860009] A:0129 X:0BA8 Y:A552 S:0124 D:0E68 DB:86 nvMxdizC V:254 H:241 F:34
				849C44 BC 20 00    LDY $0020,X   [860BC8] A:0129 X:0BA8 Y:A552 S:0124 D:0E68 DB:86 nvMxdizC V:254 H:248 F:34
				849C47 A6 20       LDX $20       [000E88] A:0129 X:0BA8 Y:A552 S:0124 D:0E68 DB:86 NvMxdizC V:254 H:258 F:34
				849C49 0B          PHD                    A:0129 X:C437 Y:A552 S:0124 D:0E68 DB:86 NvMxdizC V:254 H:266 F:34
				849C4A F4 00 00    PEA $0000              A:0129 X:C437 Y:A552 S:0122 D:0E68 DB:86 NvMxdizC V:254 H:273 F:34
				849C4D 2B          PLD                    A:0129 X:C437 Y:A552 S:0120 D:0E68 DB:86 NvMxdizC V:254 H:282 F:34
				849C4E BD 02 00    LDA $0002,X   [86C439] A:0129 X:C437 Y:A552 S:0122 D:0000 DB:86 nvMxdiZC V:254 H:290 F:34
				849C51 18          CLC                    A:010A X:C437 Y:A552 S:0122 D:0000 DB:86 nvMxdizC V:254 H:298 F:34
				849C52 79 02 00    ADC $0002,Y   [86A554] A:010A X:C437 Y:A552 S:0122 D:0000 DB:86 nvMxdizc V:254 H:301 F:34
				849C55 85 00       STA $00       [000000] A:0110 X:C437 Y:A552 S:0122 D:0000 DB:86 nvMxdizc V:254 H:308 F:34
				849C57 64 01       STZ $01       [000001] A:0110 X:C437 Y:A552 S:0122 D:0000 DB:86 nvMxdizc V:254 H:313 F:34
				849C59 BD 03 00    LDA $0003,X   [86C43A] A:0110 X:C437 Y:A552 S:0122 D:0000 DB:86 nvMxdizc V:254 H:318 F:34
				849C5C 18          CLC                    A:010F X:C437 Y:A552 S:0122 D:0000 DB:86 nvMxdizc V:254 H:325 F:34
				849C5D 79 03 00    ADC $0003,Y   [86A555] A:010F X:C437 Y:A552 S:0122 D:0000 DB:86 nvMxdizc V:254 H:328 F:34
				849C60 85 02       STA $02       [000002] A:011D X:C437 Y:A552 S:0122 D:0000 DB:86 nvMxdizc V:254 H:335 F:34
				849C62 64 03       STZ $03       [000003] A:011D X:C437 Y:A552 S:0122 D:0000 DB:86 nvMxdizc V:255 H:  0 F:34
				849C64 C2 21       REP #$21               A:011D X:C437 Y:A552 S:0122 D:0000 DB:86 nvMxdizc V:255 H:  5 F:34
				849C66 B9 00 00    LDA $0000,Y   [86A552] A:011D X:C437 Y:A552 S:0122 D:0000 DB:86 nvmxdizc V:255 H: 10 F:34
				849C69 29 FF 00    AND #$00FF             A:FF00 X:C437 Y:A552 S:0122 D:0000 DB:86 Nvmxdizc V:255 H: 19 F:34
				849C6C 89 80 00    BIT #$0080             A:0000 X:C437 Y:A552 S:0122 D:0000 DB:86 nvmxdiZc V:255 H: 23 F:34
				849C6F F0 03       BEQ $0003     [849C74] A:0000 X:C437 Y:A552 S:0122 D:0000 DB:86 nvmxdiZc V:255 H: 28 F:34
				849C74 24 07       BIT $07       [000007] A:0000 X:C437 Y:A552 S:0122 D:0000 DB:86 nvmxdiZc V:255 H: 32 F:34
				849C76 50 04       BVC $0004     [849C7C] A:0000 X:C437 Y:A552 S:0122 D:0000 DB:86 nVmxdiZc V:255 H: 39 F:34
				849C78 49 FF FF    EOR #$FFFF             A:0000 X:C437 Y:A552 S:0122 D:0000 DB:86 nVmxdiZc V:255 H: 42 F:34
				849C7B 1A          INC                    A:FFFF X:C437 Y:A552 S:0122 D:0000 DB:86 NVmxdizc V:255 H: 47 F:34
				849C7C 85 0A       STA $0A       [00000A] A:0000 X:C437 Y:A552 S:0122 D:0000 DB:86 nVmxdiZc V:255 H: 50 F:34
				849C7E 64 10       STZ $10       [000010] A:0000 X:C437 Y:A552 S:0122 D:0000 DB:86 nVmxdiZc V:255 H: 57 F:34
				849C80 BD 00 00    LDA $0000,X   [86C437] A:0000 X:C437 Y:A552 S:0122 D:0000 DB:86 nVmxdiZc V:255 H: 64 F:34
				849C83 29 FF 00    AND #$00FF             A:0200 X:C437 Y:A552 S:0122 D:0000 DB:86 nVmxdizc V:255 H: 73 F:34
				849C86 89 80 00    BIT #$0080             A:0000 X:C437 Y:A552 S:0122 D:0000 DB:86 nVmxdiZc V:255 H: 77 F:34
				849C89 F0 03       BEQ $0003     [849C8E] A:0000 X:C437 Y:A552 S:0122 D:0000 DB:86 nVmxdiZc V:255 H: 82 F:34
				849C8E 24 08       BIT $08       [000008] A:0000 X:C437 Y:A552 S:0122 D:0000 DB:86 nVmxdiZc V:255 H: 86 F:34
				849C90 50 04       BVC $0004     [849C96] A:0000 X:C437 Y:A552 S:0122 D:0000 DB:86 nvmxdiZc V:255 H: 93 F:34
				849C96 65 0C       ADC $0C       [00000C] A:0000 X:C437 Y:A552 S:0122 D:0000 DB:86 nvmxdiZc V:255 H: 98 F:34
				849C98 38          SEC                    A:1E8A X:C437 Y:A552 S:0122 D:0000 DB:86 nvmxdizc V:255 H:105 F:34
				849C99 E5 04       SBC $04       [000004] A:1E8A X:C437 Y:A552 S:0122 D:0000 DB:86 nvmxdizC V:255 H:108 F:34
				849C9B 38          SEC                    A:0075 X:C437 Y:A552 S:0122 D:0000 DB:86 nvmxdizC V:255 H:115 F:34
				849C9C E5 0A       SBC $0A       [00000A] A:0075 X:C437 Y:A552 S:0122 D:0000 DB:86 nvmxdizC V:255 H:118 F:34
				849C9E 10 06       BPL $0006     [849CA6] A:0075 X:C437 Y:A552 S:0122 D:0000 DB:86 nvmxdizC V:255 H:125 F:34
				849CA6 85 04       STA $04       [000004] A:0075 X:C437 Y:A552 S:0122 D:0000 DB:86 nvmxdizC V:255 H:129 F:34
				849CA8 A5 00       LDA $00       [000000] A:0075 X:C437 Y:A552 S:0122 D:0000 DB:86 nvmxdizC V:255 H:146 F:34
				849CAA 38          SEC                    A:0010 X:C437 Y:A552 S:0122 D:0000 DB:86 nvmxdizC V:255 H:153 F:34
				849CAB E5 04       SBC $04       [000004] A:0010 X:C437 Y:A552 S:0122 D:0000 DB:86 nvmxdizC V:255 H:156 F:34
				849CAD 1A          INC                    A:FF9B X:C437 Y:A552 S:0122 D:0000 DB:86 Nvmxdizc V:255 H:163 F:34
				849CAE 85 04       STA $04       [000004] A:FF9C X:C437 Y:A552 S:0122 D:0000 DB:86 Nvmxdizc V:255 H:166 F:34
				849CB0 24 0F       BIT $0F       [00000F] A:FF9C X:C437 Y:A552 S:0122 D:0000 DB:86 Nvmxdizc V:255 H:173 F:34
				849CB2 30 04       BMI $0004     [849CB8] A:FF9C X:C437 Y:A552 S:0122 D:0000 DB:86 nvmxdiZc V:255 H:180 F:34
				849CB4 49 FF FF    EOR #$FFFF             A:FF9C X:C437 Y:A552 S:0122 D:0000 DB:86 nvmxdiZc V:255 H:183 F:34
				849CB7 1A          INC                    A:0063 X:C437 Y:A552 S:0122 D:0000 DB:86 nvmxdizc V:255 H:188 F:34
				849CB8 85 00       STA $00       [000000] A:0064 X:C437 Y:A552 S:0122 D:0000 DB:86 nvmxdizc V:255 H:191 F:34
				849CBA 90 45       BCC $0045     [849D01] A:0064 X:C437 Y:A552 S:0122 D:0000 DB:86 nvmxdizc V:255 H:198 F:34
				849D01 E2 20       SEP #$20               A:0064 X:C437 Y:A552 S:0122 D:0000 DB:86 nvmxdizc V:255 H:202 F:34
				849D03 2B          PLD                    A:0064 X:C437 Y:A552 S:0122 D:0000 DB:86 nvMxdizc V:255 H:207 F:34
				849D04 FA          PLX                    A:0064 X:C437 Y:A552 S:0124 D:0E68 DB:86 nvMxdizc V:255 H:215 F:34
				849D05 7A          PLY                    A:0064 X:0BA8 Y:A552 S:0126 D:0E68 DB:86 nvMxdizc V:255 H:224 F:34
				849D06 6B          RTL                    A:0064 X:0BA8 Y:0002 S:0128 D:0E68 DB:86 nvMxdizc V:255 H:232 F:34

			849B23 90 19       BCC $0019     [849B3E] A:0064 X:0BA8 Y:0002 S:012B D:0E68 DB:86 nvMxdizc V:255 H:243 F:34
			849B3E E2 10       SEP #$10               A:0064 X:0BA8 Y:0002 S:012B D:0E68 DB:86 nvMxdizc V:255 H:247 F:34
			849B40 A9 00       LDA #$00               A:0064 X:00A8 Y:0002 S:012B D:0E68 DB:86 nvMXdizc V:255 H:252 F:34
			849B42 6B          RTL                    A:0000 X:00A8 Y:0002 S:012B D:0E68 DB:86 nvMXdiZc V:255 H:255 F:34

		81B6E4 AD CF 0B    LDA $0BCF     [860BCF] A:0000 X:00A8 Y:0002 S:012E D:0E68 DB:86 nvMXdiZc V:255 H:265 F:34
		81B6E7 29 7F       AND #$7F               A:001E X:00A8 Y:0002 S:012E D:0E68 DB:86 nvMXdizc V:255 H:272 F:34
		81B6E9 D0 04       BNE $0004     [81B6EF] A:001E X:00A8 Y:0002 S:012E D:0E68 DB:86 nvMXdizc V:255 H:275 F:34
		81B6EF 5C B4 80 82 JML $8280B4   [8280B4] A:001E X:00A8 Y:0002 S:012E D:0E68 DB:86 nvMXdizc V:255 H:279 F:34

		8280B4 C2 20       REP #$20               A:001E X:00A8 Y:0002 S:012E D:0E68 DB:86 nvMXdizc V:255 H:285 F:34
		8280B6 38          SEC                    A:001E X:00A8 Y:0002 S:012E D:0E68 DB:86 nvmXdizc V:255 H:290 F:34
		8280B7 A5 05       LDA $05       [000E6D] A:001E X:00A8 Y:0002 S:012E D:0E68 DB:86 nvmXdizC V:255 H:293 F:34
		8280B9 ED 4D 1E    SBC $1E4D     [861E4D] A:1E8A X:00A8 Y:0002 S:012E D:0E68 DB:86 nvmXdizC V:255 H:301 F:34
		8280BC 18          CLC                    A:008A X:00A8 Y:0002 S:012E D:0E68 DB:86 nvmXdizC V:255 H:310 F:34
		8280BD 69 20 00    ADC #$0020             A:008A X:00A8 Y:0002 S:012E D:0E68 DB:86 nvmXdizc V:255 H:313 F:34
		8280C0 C9 40 01    CMP #$0140             A:00AA X:00A8 Y:0002 S:012E D:0E68 DB:86 nvmXdizc V:255 H:317 F:34
		8280C3 B0 0F       BCS $000F     [8280D4] A:00AA X:00A8 Y:0002 S:012E D:0E68 DB:86 NvmXdizc V:255 H:322 F:34
		8280C5 38          SEC                    A:00AA X:00A8 Y:0002 S:012E D:0E68 DB:86 NvmXdizc V:255 H:324 F:34
		8280C6 A5 08       LDA $08       [000E70] A:00AA X:00A8 Y:0002 S:012E D:0E68 DB:86 NvmXdizC V:255 H:327 F:34
		8280C8 ED 50 1E    SBC $1E50     [861E50] A:01AC X:00A8 Y:0002 S:012E D:0E68 DB:86 nvmXdizC V:255 H:335 F:34
		8280CB 18          CLC                    A:00AC X:00A8 Y:0002 S:012E D:0E68 DB:86 nvmXdizC V:256 H:  4 F:34
		8280CC 69 10 00    ADC #$0010             A:00AC X:00A8 Y:0002 S:012E D:0E68 DB:86 nvmXdizc V:256 H:  7 F:34
		8280CF C9 00 01    CMP #$0100             A:00BC X:00A8 Y:0002 S:012E D:0E68 DB:86 nvmXdizc V:256 H: 11 F:34
		8280D2 90 05       BCC $0005     [8280D9] A:00BC X:00A8 Y:0002 S:012E D:0E68 DB:86 NvmXdizc V:256 H: 16 F:34
		8280D9 E2 20       SEP #$20               A:00BC X:00A8 Y:0002 S:012E D:0E68 DB:86 NvmXdizc V:256 H: 20 F:34
		8280DB A9 81       LDA #$81               A:00BC X:00A8 Y:0002 S:012E D:0E68 DB:86 NvMXdizc V:256 H: 25 F:34
		8280DD 85 0E       STA $0E       [000E76] A:0081 X:00A8 Y:0002 S:012E D:0E68 DB:86 NvMXdizc V:256 H: 28 F:34
		8280DF E2 30       SEP #$30               A:0081 X:00A8 Y:0002 S:012E D:0E68 DB:86 NvMXdizc V:256 H: 34 F:34
		8280E1 A6 12       LDX $12       [000E7A] A:0081 X:00A8 Y:0002 S:012E D:0E68 DB:86 NvMXdizc V:256 H: 39 F:34
		8280E3 10 02       BPL $0002     [8280E7] A:0081 X:0004 Y:0002 S:012E D:0E68 DB:86 nvMXdizc V:256 H: 45 F:34
		8280E7 7C EA 80    JMP ($80EA,X) [8280EE] A:0081 X:0004 Y:0002 S:012E D:0E68 DB:86 nvMXdizc V:256 H: 50 F:34

		828135 AD EA 00    LDA $00EA     [8600EA] A:0081 X:0004 Y:0002 S:012E D:0E68 DB:86 nvMXdizc V:256 H: 59 F:34
		828138 C9 20       CMP #$20               A:0001 X:0004 Y:0002 S:012E D:0E68 DB:86 nvMXdizc V:256 H: 65 F:34
		82813A B0 0D       BCS $000D     [828149] A:0001 X:0004 Y:0002 S:012E D:0E68 DB:86 NvMXdizc V:256 H: 68 F:34
		82813C 0A          ASL A                  A:0001 X:0004 Y:0002 S:012E D:0E68 DB:86 NvMXdizc V:256 H: 71 F:34
		82813D AA          TAX                    A:0002 X:0004 Y:0002 S:012E D:0E68 DB:86 nvMXdizc V:256 H: 74 F:34
		82813E C2 20       REP #$20               A:0002 X:0002 Y:0002 S:012E D:0E68 DB:86 nvMXdizc V:256 H: 77 F:34
		828140 7B          TDC                    A:0002 X:0002 Y:0002 S:012E D:0E68 DB:86 nvmXdizc V:256 H: 82 F:34
		828141 9D E0 09    STA $09E0,X   [8609E2] A:0E68 X:0002 Y:0002 S:012E D:0E68 DB:86 nvmXdizc V:256 H: 85 F:34
		828144 E2 20       SEP #$20               A:0E68 X:0002 Y:0002 S:012E D:0E68 DB:86 nvmXdizc V:256 H: 95 F:34
		828146 EE EA 00    INC $00EA     [8600EA] A:0E68 X:0002 Y:0002 S:012E D:0E68 DB:86 nvMXdizc V:256 H: 99 F:34
		828149 6B          RTL                    A:0E68 X:0002 Y:0002 S:012E D:0E68 DB:86 nvMXdizc V:256 H:109 F:34

	80F9BF 60          RTS                    A:0E68 X:0002 Y:0002 S:0131 D:0E68 DB:86 nvMXdizc V:256 H:120 F:34

80D4F9 C2 21       REP #$21               A:0E68 X:0002 Y:0002 S:0133 D:0E68 DB:86 nvMXdizc V:256 H:130 F:34
80D4FB 7B          TDC                    A:0E68 X:0002 Y:0002 S:0133 D:0E68 DB:86 nvmXdizc V:256 H:144 F:34
80D4FC 69 40 00    ADC #$0040             A:0E68 X:0002 Y:0002 S:0133 D:0E68 DB:86 nvmXdizc V:256 H:147 F:34
80D4FF C9 28 12    CMP #$1228             A:0EA8 X:0002 Y:0002 S:0133 D:0E68 DB:86 nvmXdizc V:256 H:152 F:34
80D502 90 EB       BCC $00EB     [80D4EF] A:0EA8 X:0002 Y:0002 S:0133 D:0E68 DB:86 NvmXdizc V:256 H:156 F:34
80D4EF 5B          TCD                    A:0EA8 X:0002 Y:0002 S:0133 D:0E68 DB:86 NvmXdizc V:256 H:161 F:34
80D4F0 E2 30       SEP #$30               A:0EA8 X:0002 Y:0002 S:0133 D:0EA8 DB:86 nvmXdizc V:256 H:164 F:34
80D4F2 A5 00       LDA $00       [000EA8] A:0EA8 X:0002 Y:0002 S:0133 D:0EA8 DB:86 nvMXdizc V:256 H:168 F:34
80D4F4 F0 03       BEQ $0003     [80D4F9] A:0E00 X:0002 Y:0002 S:0133 D:0EA8 DB:86 nvMXdiZc V:256 H:175 F:34
80D4F9 C2 21       REP #$21               A:0E00 X:0002 Y:0002 S:0133 D:0EA8 DB:86 nvMXdiZc V:256 H:179 F:34
80D4FB 7B          TDC                    A:0E00 X:0002 Y:0002 S:0133 D:0EA8 DB:86 nvmXdiZc V:256 H:184 F:34
80D4FC 69 40 00    ADC #$0040             A:0EA8 X:0002 Y:0002 S:0133 D:0EA8 DB:86 nvmXdizc V:256 H:187 F:34
80D4FF C9 28 12    CMP #$1228             A:0EE8 X:0002 Y:0002 S:0133 D:0EA8 DB:86 nvmXdizc V:256 H:191 F:34
80D502 90 EB       BCC $00EB     [80D4EF] A:0EE8 X:0002 Y:0002 S:0133 D:0EA8 DB:86 NvmXdizc V:256 H:196 F:34
80D4EF 5B          TCD                    A:0EE8 X:0002 Y:0002 S:0133 D:0EA8 DB:86 NvmXdizc V:256 H:200 F:34
80D4F0 E2 30       SEP #$30               A:0EE8 X:0002 Y:0002 S:0133 D:0EE8 DB:86 nvmXdizc V:256 H:203 F:34
80D4F2 A5 00       LDA $00       [000EE8] A:0EE8 X:0002 Y:0002 S:0133 D:0EE8 DB:86 nvMXdizc V:256 H:208 F:34
80D4F4 F0 03       BEQ $0003     [80D4F9] A:0E00 X:0002 Y:0002 S:0133 D:0EE8 DB:86 nvMXdiZc V:256 H:214 F:34
80D4F9 C2 21       REP #$21               A:0E00 X:0002 Y:0002 S:0133 D:0EE8 DB:86 nvMXdiZc V:256 H:219 F:34
80D4FB 7B          TDC                    A:0E00 X:0002 Y:0002 S:0133 D:0EE8 DB:86 nvmXdiZc V:256 H:223 F:34
80D4FC 69 40 00    ADC #$0040             A:0EE8 X:0002 Y:0002 S:0133 D:0EE8 DB:86 nvmXdizc V:256 H:226 F:34
80D4FF C9 28 12    CMP #$1228             A:0F28 X:0002 Y:0002 S:0133 D:0EE8 DB:86 nvmXdizc V:256 H:231 F:34
80D502 90 EB       BCC $00EB     [80D4EF] A:0F28 X:0002 Y:0002 S:0133 D:0EE8 DB:86 NvmXdizc V:256 H:235 F:34
80D4EF 5B          TCD                    A:0F28 X:0002 Y:0002 S:0133 D:0EE8 DB:86 NvmXdizc V:256 H:240 F:34
80D4F0 E2 30       SEP #$30               A:0F28 X:0002 Y:0002 S:0133 D:0F28 DB:86 nvmXdizc V:256 H:243 F:34
80D4F2 A5 00       LDA $00       [000F28] A:0F28 X:0002 Y:0002 S:0133 D:0F28 DB:86 nvMXdizc V:256 H:247 F:34
80D4F4 F0 03       BEQ $0003     [80D4F9] A:0F00 X:0002 Y:0002 S:0133 D:0F28 DB:86 nvMXdiZc V:256 H:254 F:34
80D4F9 C2 21       REP #$21               A:0F00 X:0002 Y:0002 S:0133 D:0F28 DB:86 nvMXdiZc V:256 H:258 F:34
80D4FB 7B          TDC                    A:0F00 X:0002 Y:0002 S:0133 D:0F28 DB:86 nvmXdiZc V:256 H:263 F:34
80D4FC 69 40 00    ADC #$0040             A:0F28 X:0002 Y:0002 S:0133 D:0F28 DB:86 nvmXdizc V:256 H:266 F:34
80D4FF C9 28 12    CMP #$1228             A:0F68 X:0002 Y:0002 S:0133 D:0F28 DB:86 nvmXdizc V:256 H:270 F:34
80D502 90 EB       BCC $00EB     [80D4EF] A:0F68 X:0002 Y:0002 S:0133 D:0F28 DB:86 NvmXdizc V:256 H:275 F:34
80D4EF 5B          TCD                    A:0F68 X:0002 Y:0002 S:0133 D:0F28 DB:86 NvmXdizc V:256 H:279 F:34
80D4F0 E2 30       SEP #$30               A:0F68 X:0002 Y:0002 S:0133 D:0F68 DB:86 nvmXdizc V:256 H:282 F:34
80D4F2 A5 00       LDA $00       [000F68] A:0F68 X:0002 Y:0002 S:0133 D:0F68 DB:86 nvMXdizc V:256 H:287 F:34
80D4F4 F0 03       BEQ $0003     [80D4F9] A:0F00 X:0002 Y:0002 S:0133 D:0F68 DB:86 nvMXdiZc V:256 H:293 F:34
80D4F9 C2 21       REP #$21               A:0F00 X:0002 Y:0002 S:0133 D:0F68 DB:86 nvMXdiZc V:256 H:298 F:34
80D4FB 7B          TDC                    A:0F00 X:0002 Y:0002 S:0133 D:0F68 DB:86 nvmXdiZc V:256 H:302 F:34
80D4FC 69 40 00    ADC #$0040             A:0F68 X:0002 Y:0002 S:0133 D:0F68 DB:86 nvmXdizc V:256 H:305 F:34
80D4FF C9 28 12    CMP #$1228             A:0FA8 X:0002 Y:0002 S:0133 D:0F68 DB:86 nvmXdizc V:256 H:310 F:34
80D502 90 EB       BCC $00EB     [80D4EF] A:0FA8 X:0002 Y:0002 S:0133 D:0F68 DB:86 NvmXdizc V:256 H:314 F:34
80D4EF 5B          TCD                    A:0FA8 X:0002 Y:0002 S:0133 D:0F68 DB:86 NvmXdizc V:256 H:319 F:34
80D4F0 E2 30       SEP #$30               A:0FA8 X:0002 Y:0002 S:0133 D:0FA8 DB:86 nvmXdizc V:256 H:322 F:34
80D4F2 A5 00       LDA $00       [000FA8] A:0FA8 X:0002 Y:0002 S:0133 D:0FA8 DB:86 nvMXdizc V:256 H:326 F:34
80D4F4 F0 03       BEQ $0003     [80D4F9] A:0F00 X:0002 Y:0002 S:0133 D:0FA8 DB:86 nvMXdiZc V:256 H:332 F:34
80D4F9 C2 21       REP #$21               A:0F00 X:0002 Y:0002 S:0133 D:0FA8 DB:86 nvMXdiZc V:256 H:336 F:34
80D4FB 7B          TDC                    A:0F00 X:0002 Y:0002 S:0133 D:0FA8 DB:86 nvmXdiZc V:257 H:  1 F:34
80D4FC 69 40 00    ADC #$0040             A:0FA8 X:0002 Y:0002 S:0133 D:0FA8 DB:86 nvmXdizc V:257 H:  4 F:34
80D4FF C9 28 12    CMP #$1228             A:0FE8 X:0002 Y:0002 S:0133 D:0FA8 DB:86 nvmXdizc V:257 H:  8 F:34
80D502 90 EB       BCC $00EB     [80D4EF] A:0FE8 X:0002 Y:0002 S:0133 D:0FA8 DB:86 NvmXdizc V:257 H: 13 F:34
80D4EF 5B          TCD                    A:0FE8 X:0002 Y:0002 S:0133 D:0FA8 DB:86 NvmXdizc V:257 H: 17 F:34
80D4F0 E2 30       SEP #$30               A:0FE8 X:0002 Y:0002 S:0133 D:0FE8 DB:86 nvmXdizc V:257 H: 20 F:34
80D4F2 A5 00       LDA $00       [000FE8] A:0FE8 X:0002 Y:0002 S:0133 D:0FE8 DB:86 nvMXdizc V:257 H: 25 F:34
80D4F4 F0 03       BEQ $0003     [80D4F9] A:0F00 X:0002 Y:0002 S:0133 D:0FE8 DB:86 nvMXdiZc V:257 H: 31 F:34
80D4F9 C2 21       REP #$21               A:0F00 X:0002 Y:0002 S:0133 D:0FE8 DB:86 nvMXdiZc V:257 H: 36 F:34
80D4FB 7B          TDC                    A:0F00 X:0002 Y:0002 S:0133 D:0FE8 DB:86 nvmXdiZc V:257 H: 40 F:34
80D4FC 69 40 00    ADC #$0040             A:0FE8 X:0002 Y:0002 S:0133 D:0FE8 DB:86 nvmXdizc V:257 H: 43 F:34
80D4FF C9 28 12    CMP #$1228             A:1028 X:0002 Y:0002 S:0133 D:0FE8 DB:86 nvmXdizc V:257 H: 48 F:34
80D502 90 EB       BCC $00EB     [80D4EF] A:1028 X:0002 Y:0002 S:0133 D:0FE8 DB:86 NvmXdizc V:257 H: 52 F:34
80D4EF 5B          TCD                    A:1028 X:0002 Y:0002 S:0133 D:0FE8 DB:86 NvmXdizc V:257 H: 57 F:34
80D4F0 E2 30       SEP #$30               A:1028 X:0002 Y:0002 S:0133 D:1028 DB:86 nvmXdizc V:257 H: 60 F:34
80D4F2 A5 00       LDA $00       [001028] A:1028 X:0002 Y:0002 S:0133 D:1028 DB:86 nvMXdizc V:257 H: 64 F:34
80D4F4 F0 03       BEQ $0003     [80D4F9] A:1000 X:0002 Y:0002 S:0133 D:1028 DB:86 nvMXdiZc V:257 H: 71 F:34
80D4F9 C2 21       REP #$21               A:1000 X:0002 Y:0002 S:0133 D:1028 DB:86 nvMXdiZc V:257 H: 75 F:34
80D4FB 7B          TDC                    A:1000 X:0002 Y:0002 S:0133 D:1028 DB:86 nvmXdiZc V:257 H: 80 F:34
80D4FC 69 40 00    ADC #$0040             A:1028 X:0002 Y:0002 S:0133 D:1028 DB:86 nvmXdizc V:257 H: 83 F:34
80D4FF C9 28 12    CMP #$1228             A:1068 X:0002 Y:0002 S:0133 D:1028 DB:86 nvmXdizc V:257 H: 87 F:34
80D502 90 EB       BCC $00EB     [80D4EF] A:1068 X:0002 Y:0002 S:0133 D:1028 DB:86 NvmXdizc V:257 H: 92 F:34
80D4EF 5B          TCD                    A:1068 X:0002 Y:0002 S:0133 D:1028 DB:86 NvmXdizc V:257 H: 96 F:34
80D4F0 E2 30       SEP #$30               A:1068 X:0002 Y:0002 S:0133 D:1068 DB:86 nvmXdizc V:257 H: 99 F:34
80D4F2 A5 00       LDA $00       [001068] A:1068 X:0002 Y:0002 S:0133 D:1068 DB:86 nvMXdizc V:257 H:104 F:34
80D4F4 F0 03       BEQ $0003     [80D4F9] A:1000 X:0002 Y:0002 S:0133 D:1068 DB:86 nvMXdiZc V:257 H:110 F:34
80D4F9 C2 21       REP #$21               A:1000 X:0002 Y:0002 S:0133 D:1068 DB:86 nvMXdiZc V:257 H:115 F:34
80D4FB 7B          TDC                    A:1000 X:0002 Y:0002 S:0133 D:1068 DB:86 nvmXdiZc V:257 H:119 F:34
80D4FC 69 40 00    ADC #$0040             A:1068 X:0002 Y:0002 S:0133 D:1068 DB:86 nvmXdizc V:257 H:122 F:34
80D4FF C9 28 12    CMP #$1228             A:10A8 X:0002 Y:0002 S:0133 D:1068 DB:86 nvmXdizc V:257 H:127 F:34
80D502 90 EB       BCC $00EB     [80D4EF] A:10A8 X:0002 Y:0002 S:0133 D:1068 DB:86 NvmXdizc V:257 H:131 F:34
80D4EF 5B          TCD                    A:10A8 X:0002 Y:0002 S:0133 D:1068 DB:86 NvmXdizc V:257 H:146 F:34
80D4F0 E2 30       SEP #$30               A:10A8 X:0002 Y:0002 S:0133 D:10A8 DB:86 nvmXdizc V:257 H:149 F:34
80D4F2 A5 00       LDA $00       [0010A8] A:10A8 X:0002 Y:0002 S:0133 D:10A8 DB:86 nvMXdizc V:257 H:153 F:34
80D4F4 F0 03       BEQ $0003     [80D4F9] A:1000 X:0002 Y:0002 S:0133 D:10A8 DB:86 nvMXdiZc V:257 H:160 F:34
80D4F9 C2 21       REP #$21               A:1000 X:0002 Y:0002 S:0133 D:10A8 DB:86 nvMXdiZc V:257 H:164 F:34
80D4FB 7B          TDC                    A:1000 X:0002 Y:0002 S:0133 D:10A8 DB:86 nvmXdiZc V:257 H:169 F:34
80D4FC 69 40 00    ADC #$0040             A:10A8 X:0002 Y:0002 S:0133 D:10A8 DB:86 nvmXdizc V:257 H:172 F:34
80D4FF C9 28 12    CMP #$1228             A:10E8 X:0002 Y:0002 S:0133 D:10A8 DB:86 nvmXdizc V:257 H:176 F:34
80D502 90 EB       BCC $00EB     [80D4EF] A:10E8 X:0002 Y:0002 S:0133 D:10A8 DB:86 NvmXdizc V:257 H:181 F:34
80D4EF 5B          TCD                    A:10E8 X:0002 Y:0002 S:0133 D:10A8 DB:86 NvmXdizc V:257 H:185 F:34
80D4F0 E2 30       SEP #$30               A:10E8 X:0002 Y:0002 S:0133 D:10E8 DB:86 nvmXdizc V:257 H:188 F:34
80D4F2 A5 00       LDA $00       [0010E8] A:10E8 X:0002 Y:0002 S:0133 D:10E8 DB:86 nvMXdizc V:257 H:193 F:34
80D4F4 F0 03       BEQ $0003     [80D4F9] A:1000 X:0002 Y:0002 S:0133 D:10E8 DB:86 nvMXdiZc V:257 H:199 F:34
80D4F9 C2 21       REP #$21               A:1000 X:0002 Y:0002 S:0133 D:10E8 DB:86 nvMXdiZc V:257 H:204 F:34
80D4FB 7B          TDC                    A:1000 X:0002 Y:0002 S:0133 D:10E8 DB:86 nvmXdiZc V:257 H:208 F:34
80D4FC 69 40 00    ADC #$0040             A:10E8 X:0002 Y:0002 S:0133 D:10E8 DB:86 nvmXdizc V:257 H:211 F:34
80D4FF C9 28 12    CMP #$1228             A:1128 X:0002 Y:0002 S:0133 D:10E8 DB:86 nvmXdizc V:257 H:216 F:34
80D502 90 EB       BCC $00EB     [80D4EF] A:1128 X:0002 Y:0002 S:0133 D:10E8 DB:86 NvmXdizc V:257 H:220 F:34
80D4EF 5B          TCD                    A:1128 X:0002 Y:0002 S:0133 D:10E8 DB:86 NvmXdizc V:257 H:225 F:34
80D4F0 E2 30       SEP #$30               A:1128 X:0002 Y:0002 S:0133 D:1128 DB:86 nvmXdizc V:257 H:228 F:34
80D4F2 A5 00       LDA $00       [001128] A:1128 X:0002 Y:0002 S:0133 D:1128 DB:86 nvMXdizc V:257 H:232 F:34
80D4F4 F0 03       BEQ $0003     [80D4F9] A:1100 X:0002 Y:0002 S:0133 D:1128 DB:86 nvMXdiZc V:257 H:239 F:34
80D4F9 C2 21       REP #$21               A:1100 X:0002 Y:0002 S:0133 D:1128 DB:86 nvMXdiZc V:257 H:243 F:34
80D4FB 7B          TDC                    A:1100 X:0002 Y:0002 S:0133 D:1128 DB:86 nvmXdiZc V:257 H:248 F:34
80D4FC 69 40 00    ADC #$0040             A:1128 X:0002 Y:0002 S:0133 D:1128 DB:86 nvmXdizc V:257 H:251 F:34
80D4FF C9 28 12    CMP #$1228             A:1168 X:0002 Y:0002 S:0133 D:1128 DB:86 nvmXdizc V:257 H:255 F:34
80D502 90 EB       BCC $00EB     [80D4EF] A:1168 X:0002 Y:0002 S:0133 D:1128 DB:86 NvmXdizc V:257 H:260 F:34
80D4EF 5B          TCD                    A:1168 X:0002 Y:0002 S:0133 D:1128 DB:86 NvmXdizc V:257 H:264 F:34
80D4F0 E2 30       SEP #$30               A:1168 X:0002 Y:0002 S:0133 D:1168 DB:86 nvmXdizc V:257 H:267 F:34
80D4F2 A5 00       LDA $00       [001168] A:1168 X:0002 Y:0002 S:0133 D:1168 DB:86 nvMXdizc V:257 H:272 F:34
80D4F4 F0 03       BEQ $0003     [80D4F9] A:1100 X:0002 Y:0002 S:0133 D:1168 DB:86 nvMXdiZc V:257 H:278 F:34
80D4F9 C2 21       REP #$21               A:1100 X:0002 Y:0002 S:0133 D:1168 DB:86 nvMXdiZc V:257 H:283 F:34
80D4FB 7B          TDC                    A:1100 X:0002 Y:0002 S:0133 D:1168 DB:86 nvmXdiZc V:257 H:287 F:34
80D4FC 69 40 00    ADC #$0040             A:1168 X:0002 Y:0002 S:0133 D:1168 DB:86 nvmXdizc V:257 H:290 F:34
80D4FF C9 28 12    CMP #$1228             A:11A8 X:0002 Y:0002 S:0133 D:1168 DB:86 nvmXdizc V:257 H:295 F:34
80D502 90 EB       BCC $00EB     [80D4EF] A:11A8 X:0002 Y:0002 S:0133 D:1168 DB:86 NvmXdizc V:257 H:299 F:34
80D4EF 5B          TCD                    A:11A8 X:0002 Y:0002 S:0133 D:1168 DB:86 NvmXdizc V:257 H:304 F:34
80D4F0 E2 30       SEP #$30               A:11A8 X:0002 Y:0002 S:0133 D:11A8 DB:86 nvmXdizc V:257 H:307 F:34
80D4F2 A5 00       LDA $00       [0011A8] A:11A8 X:0002 Y:0002 S:0133 D:11A8 DB:86 nvMXdizc V:257 H:311 F:34
80D4F4 F0 03       BEQ $0003     [80D4F9] A:1100 X:0002 Y:0002 S:0133 D:11A8 DB:86 nvMXdiZc V:257 H:318 F:34
80D4F9 C2 21       REP #$21               A:1100 X:0002 Y:0002 S:0133 D:11A8 DB:86 nvMXdiZc V:257 H:322 F:34
80D4FB 7B          TDC                    A:1100 X:0002 Y:0002 S:0133 D:11A8 DB:86 nvmXdiZc V:257 H:326 F:34
80D4FC 69 40 00    ADC #$0040             A:11A8 X:0002 Y:0002 S:0133 D:11A8 DB:86 nvmXdizc V:257 H:329 F:34
80D4FF C9 28 12    CMP #$1228             A:11E8 X:0002 Y:0002 S:0133 D:11A8 DB:86 nvmXdizc V:257 H:333 F:34
80D502 90 EB       BCC $00EB     [80D4EF] A:11E8 X:0002 Y:0002 S:0133 D:11A8 DB:86 NvmXdizc V:257 H:338 F:34
80D4EF 5B          TCD                    A:11E8 X:0002 Y:0002 S:0133 D:11A8 DB:86 NvmXdizc V:258 H:  2 F:34
80D4F0 E2 30       SEP #$30               A:11E8 X:0002 Y:0002 S:0133 D:11E8 DB:86 nvmXdizc V:258 H:  5 F:34
80D4F2 A5 00       LDA $00       [0011E8] A:11E8 X:0002 Y:0002 S:0133 D:11E8 DB:86 nvMXdizc V:258 H: 10 F:34
80D4F4 F0 03       BEQ $0003     [80D4F9] A:1100 X:0002 Y:0002 S:0133 D:11E8 DB:86 nvMXdiZc V:258 H: 16 F:34
80D4F9 C2 21       REP #$21               A:1100 X:0002 Y:0002 S:0133 D:11E8 DB:86 nvMXdiZc V:258 H: 21 F:34
80D4FB 7B          TDC                    A:1100 X:0002 Y:0002 S:0133 D:11E8 DB:86 nvmXdiZc V:258 H: 25 F:34
80D4FC 69 40 00    ADC #$0040             A:11E8 X:0002 Y:0002 S:0133 D:11E8 DB:86 nvmXdizc V:258 H: 28 F:34
80D4FF C9 28 12    CMP #$1228             A:1228 X:0002 Y:0002 S:0133 D:11E8 DB:86 nvmXdizc V:258 H: 33 F:34
80D502 90 EB       BCC $00EB     [80D4EF] A:1228 X:0002 Y:0002 S:0133 D:11E8 DB:86 nvmXdiZC V:258 H: 37 F:34
80D504 E2 30       SEP #$30               A:1228 X:0002 Y:0002 S:0133 D:11E8 DB:86 nvmXdiZC V:258 H: 40 F:34
