80D4F6 20 30 D5    JSR $D530     [80D530] A:0E01 X:0000 Y:0027 S:0133 D:0E68 DB:86 nvMXdizC V:250 H:258 F:49

	80D530 C2 20       REP #$20               A:0E01 X:0000 Y:0027 S:0131 D:0E68 DB:86 nvMXdizC V:250 H:268 F:49
	80D532 A5 05       LDA $05       [000E6D] A:0E01 X:0000 Y:0027 S:0131 D:0E68 DB:86 nvmXdizC V:250 H:272 F:49
	80D534 85 22       STA $22       [000E8A] A:1E8A X:0000 Y:0027 S:0131 D:0E68 DB:86 nvmXdizC V:250 H:281 F:49
	80D536 A5 08       LDA $08       [000E70] A:1E8A X:0000 Y:0027 S:0131 D:0E68 DB:86 nvmXdizC V:250 H:289 F:49
	80D538 85 24       STA $24       [000E8C] A:01A8 X:0000 Y:0027 S:0131 D:0E68 DB:86 nvmXdizC V:250 H:298 F:49
	80D53A E2 20       SEP #$20               A:01A8 X:0000 Y:0027 S:0131 D:0E68 DB:86 nvmXdizC V:250 H:306 F:49
	80D53C A9 80       LDA #$80               A:01A8 X:0000 Y:0027 S:0131 D:0E68 DB:86 nvMXdizC V:250 H:311 F:49
	80D53E 14 0E       TRB $0E       [000E76] A:0180 X:0000 Y:0027 S:0131 D:0E68 DB:86 NvMXdizC V:250 H:314 F:49
	80D540 A5 0A       LDA $0A       [000E72] A:0180 X:0000 Y:0027 S:0131 D:0E68 DB:86 NvMXdizC V:250 H:323 F:49
	80D542 0A          ASL A                  A:0102 X:0000 Y:0027 S:0131 D:0E68 DB:86 nvMXdizC V:250 H:329 F:49
	80D543 AA          TAX                    A:0104 X:0000 Y:0027 S:0131 D:0E68 DB:86 nvMXdizc V:250 H:332 F:49
	80D544 7C DD F8    JMP ($F8DD,X) [80F8E1] A:0104 X:0004 Y:0027 S:0131 D:0E68 DB:86 nvMXdizc V:250 H:335 F:49

	80F9BB 22 16 B5 81 JSL $81B516   [81B516] A:0104 X:0004 Y:0027 S:0131 D:0E68 DB:86 nvMXdizc V:251 H:  4 F:49

		81B516 A6 01       LDX $01       [000E69] A:0104 X:0004 Y:0027 S:012E D:0E68 DB:86 nvMXdizc V:251 H: 18 F:49
		81B518 7C 1B B5    JMP ($B51B,X) [81B51F] A:0104 X:0004 Y:0027 S:012E D:0E68 DB:86 nvMXdizc V:251 H: 24 F:49

		81B629 A5 33       LDA $33       [000E9B] A:0104 X:0004 Y:0027 S:012E D:0E68 DB:86 nvMXdizc V:251 H: 33 F:49
		81B62B 04 11       TSB $11       [000E79] A:0108 X:0004 Y:0027 S:012E D:0E68 DB:86 nvMXdizc V:251 H: 40 F:49
		81B62D C2 20       REP #$20               A:0108 X:0004 Y:0027 S:012E D:0E68 DB:86 nvMXdizc V:251 H: 50 F:49
		81B62F A9 2D C4    LDA #$C42D             A:0108 X:0004 Y:0027 S:012E D:0E68 DB:86 nvmXdizc V:251 H: 54 F:49
		81B632 85 20       STA $20       [000E88] A:C42D X:0004 Y:0027 S:012E D:0E68 DB:86 NvmXdizc V:251 H: 59 F:49
		81B634 E2 20       SEP #$20               A:C42D X:0004 Y:0027 S:012E D:0E68 DB:86 NvmXdizc V:251 H: 67 F:49
		81B636 A6 02       LDX $02       [000E6A] A:C42D X:0004 Y:0027 S:012E D:0E68 DB:86 NvMXdizc V:251 H: 72 F:49
		81B638 FC F3 B6    JSR ($B6F3,X) [81B6F5] A:C42D X:0002 Y:0027 S:012E D:0E68 DB:86 nvMXdizc V:251 H: 78 F:49

			81B796 A6 03       LDX $03       [000E6B] A:C42D X:0002 Y:0027 S:012C D:0E68 DB:86 nvMXdizc V:251 H: 91 F:49
			81B798 7C 9B B7    JMP ($B79B,X) [81B7A1] A:C42D X:0006 Y:0027 S:012C D:0E68 DB:86 nvMXdizc V:251 H: 98 F:49						JMP ($B79B,Subaction) = ($81B7A1) = $81B84C

			81B84C 22 EA 8E 84 JSL $848EEA   [848EEA] A:C42D X:0006 Y:0027 S:012C D:0E68 DB:86 nvMXdizc V:251 H:107 F:49						JSL $848EEA --> Decrease CDSkel, Continue Skeleton

				848EEA 08          PHP                    A:C42D X:0006 Y:0027 S:0129 D:0E68 DB:86 nvMXdizc V:251 H:120 F:49
				848EEB 8B          PHB                    A:C42D X:0006 Y:0027 S:0128 D:0E68 DB:86 nvMXdizc V:251 H:125 F:49
				848EEC E2 30       SEP #$30               A:C42D X:0006 Y:0027 S:0127 D:0E68 DB:86 nvMXdizc V:251 H:130 F:49
				848EEE C6 13       DEC $13       [000E7B] A:C42D X:0006 Y:0027 S:0127 D:0E68 DB:86 nvMXdizc V:251 H:145 F:49					Decrease Countdown
				848EF0 D0 5D       BNE $005D     [848F4F] A:C42D X:0006 Y:0027 S:0127 D:0E68 DB:86 nvMXdizc V:251 H:155 F:49					Branch because Countdown <> #$00
				848F4F AB          PLB                    A:C42D X:0006 Y:0027 S:0127 D:0E68 DB:86 nvMXdizc V:251 H:159 F:49
				848F50 28          PLP                    A:C42D X:0006 Y:0027 S:0128 D:0E68 DB:86 NvMXdizc V:251 H:166 F:49
				848F51 6B          RTL                    A:C42D X:0006 Y:0027 S:0129 D:0E68 DB:86 nvMXdizc V:251 H:172 F:49					Return

			81B850 22 E8 81 82 JSL $8281E8   [8281E8] A:C42D X:0006 Y:0027 S:012C D:0E68 DB:86 nvMXdizc V:251 H:183 F:49						JSL	$8281E8 --> Update E-Y-Vel, E-Positions

				8281E8 08          PHP                    A:C42D X:0006 Y:0027 S:0129 D:0E68 DB:86 nvMXdizc V:251 H:196 F:49					
				8281E9 C2 20       REP #$20               A:C42D X:0006 Y:0027 S:0128 D:0E68 DB:86 nvMXdizc V:251 H:201 F:49					
				8281EB 38          SEC                    A:C42D X:0006 Y:0027 S:0128 D:0E68 DB:86 nvmXdizc V:251 H:206 F:49
				8281EC A5 1E       LDA $1E       [000E86] A:C42D X:0006 Y:0027 S:0128 D:0E68 DB:86 nvmXdizC V:251 H:209 F:49					
				8281EE 29 FF 00    AND #$00FF             A:0040 X:0006 Y:0027 S:0128 D:0E68 DB:86 nvmXdizC V:251 H:217 F:49
				8281F1 E5 1C       SBC $1C       [000E84] A:0040 X:0006 Y:0027 S:0128 D:0E68 DB:86 nvmXdizC V:251 H:222 F:49
				8281F3 49 FF FF    EOR #$FFFF             A:07C0 X:0006 Y:0027 S:0128 D:0E68 DB:86 nvmXdizc V:251 H:230 F:49
				8281F6 1A          INC                    A:F83F X:0006 Y:0027 S:0128 D:0E68 DB:86 NvmXdizc V:251 H:235 F:49
				8281F7 85 1C       STA $1C       [000E84] A:F840 X:0006 Y:0027 S:0128 D:0E68 DB:86 NvmXdizc V:251 H:238 F:49
				8281F9 80 10       BRA $0010     [82820B] A:F840 X:0006 Y:0027 S:0128 D:0E68 DB:86 NvmXdizc V:251 H:246 F:49
				82820B C2 21       REP #$21               A:F840 X:0006 Y:0027 S:0128 D:0E68 DB:86 NvmXdizc V:251 H:251 F:49
				82820D A5 04       LDA $04       [000E6C] A:F840 X:0006 Y:0027 S:0128 D:0E68 DB:86 NvmXdizc V:251 H:255 F:49
				82820F 65 1A       ADC $1A       [000E82] A:8A00 X:0006 Y:0027 S:0128 D:0E68 DB:86 NvmXdizc V:251 H:264 F:49
				828211 85 04       STA $04       [000E6C] A:8A00 X:0006 Y:0027 S:0128 D:0E68 DB:86 NvmXdizc V:251 H:272 F:49
				828213 E2 20       SEP #$20               A:8A00 X:0006 Y:0027 S:0128 D:0E68 DB:86 NvmXdizc V:251 H:281 F:49
				828215 A9 00       LDA #$00               A:8A00 X:0006 Y:0027 S:0128 D:0E68 DB:86 NvMXdizc V:251 H:285 F:49
				828217 24 1B       BIT $1B       [000E83] A:8A00 X:0006 Y:0027 S:0128 D:0E68 DB:86 nvMXdiZc V:251 H:288 F:49
				828219 10 01       BPL $0001     [82821C] A:8A00 X:0006 Y:0027 S:0128 D:0E68 DB:86 nvMXdiZc V:251 H:295 F:49
				82821C 65 06       ADC $06       [000E6E] A:8A00 X:0006 Y:0027 S:0128 D:0E68 DB:86 nvMXdiZc V:251 H:299 F:49
				82821E 85 06       STA $06       [000E6E] A:8A1E X:0006 Y:0027 S:0128 D:0E68 DB:86 nvMXdizc V:251 H:306 F:49
				828220 C2 20       REP #$20               A:8A1E X:0006 Y:0027 S:0128 D:0E68 DB:86 nvMXdizc V:251 H:312 F:49
				828222 38          SEC                    A:8A1E X:0006 Y:0027 S:0128 D:0E68 DB:86 nvmXdizc V:251 H:317 F:49
				828223 A5 07       LDA $07       [000E6F] A:8A1E X:0006 Y:0027 S:0128 D:0E68 DB:86 nvmXdizC V:251 H:320 F:49
				828225 E5 1C       SBC $1C       [000E84] A:A880 X:0006 Y:0027 S:0128 D:0E68 DB:86 NvmXdizC V:251 H:327 F:49
				828227 85 07       STA $07       [000E6F] A:B040 X:0006 Y:0027 S:0128 D:0E68 DB:86 NvmXdizc V:251 H:336 F:49
				828229 E2 20       SEP #$20               A:B040 X:0006 Y:0027 S:0128 D:0E68 DB:86 NvmXdizc V:252 H:  4 F:49
				82822B 9C 00 00    STZ $0000     [860000] A:B040 X:0006 Y:0027 S:0128 D:0E68 DB:86 NvMXdizc V:252 H:  9 F:49
				82822E 24 1D       BIT $1D       [000E85] A:B040 X:0006 Y:0027 S:0128 D:0E68 DB:86 NvMXdizc V:252 H: 15 F:49
				828230 10 03       BPL $0003     [828235] A:B040 X:0006 Y:0027 S:0128 D:0E68 DB:86 NVMXdizc V:252 H: 22 F:49
				828232 CE 00 00    DEC $0000     [860000] A:B040 X:0006 Y:0027 S:0128 D:0E68 DB:86 NVMXdizc V:252 H: 25 F:49
				828235 A5 09       LDA $09       [000E71] A:B040 X:0006 Y:0027 S:0128 D:0E68 DB:86 NVMXdizc V:252 H: 35 F:49
				828237 ED 00 00    SBC $0000     [860000] A:B001 X:0006 Y:0027 S:0128 D:0E68 DB:86 nVMXdizc V:252 H: 41 F:49
				82823A 85 09       STA $09       [000E71] A:B001 X:0006 Y:0027 S:0128 D:0E68 DB:86 nvMXdizc V:252 H: 48 F:49
				82823C 28          PLP                    A:B001 X:0006 Y:0027 S:0128 D:0E68 DB:86 nvMXdizc V:252 H: 54 F:49
				82823D 6B          RTL                    A:B001 X:0006 Y:0027 S:0129 D:0E68 DB:86 nvMXdizc V:252 H: 61 F:49

			81B854 22 BE 91 84 JSL $8491BE   [8491BE] A:B001 X:0006 Y:0027 S:012C D:0E68 DB:86 nvMXdizc V:252 H: 71 F:49						JSL $8491BE

				8491BE 08          PHP                    A:B001 X:0006 Y:0027 S:0129 D:0E68 DB:86 nvMXdizc V:252 H: 85 F:49					Push Processor Flags
				8491BF 0B          PHD                    A:B001 X:0006 Y:0027 S:0128 D:0E68 DB:86 nvMXdizc V:252 H: 90 F:49					Push D
				8491C0 C2 30       REP #$30               A:B001 X:0006 Y:0027 S:0126 D:0E68 DB:86 nvMXdizc V:252 H: 97 F:49					A:2B,X:2B
				8491C2 A5 20       LDA $20       [000E88] A:B001 X:0006 Y:0027 S:0126 D:0E68 DB:86 nvmxdizc V:252 H:101 F:49					|Branch if $20 = #$0000
				8491C4 F0 15       BEQ $0015     [8491DB] A:C42D X:0006 Y:0027 S:0126 D:0E68 DB:86 Nvmxdizc V:252 H:110 F:49					|
				8491C6 7B          TDC                    A:C42D X:0006 Y:0027 S:0126 D:0E68 DB:86 Nvmxdizc V:252 H:113 F:49					|X = D = #$0E68
				8491C7 AA          TAX                    A:0E68 X:0006 Y:0027 S:0126 D:0E68 DB:86 nvmxdizc V:252 H:116 F:49					D = #$0000
				8491C8 A9 00 00    LDA #$0000             A:0E68 X:0E68 Y:0027 S:0126 D:0E68 DB:86 nvmxdizc V:252 H:119 F:49					|
				8491CB 5B          TCD                    A:0000 X:0E68 Y:0027 S:0126 D:0E68 DB:86 nvmxdiZc V:252 H:123 F:49					|
				8491CC 64 14       STZ $14       [000014] A:0000 X:0E68 Y:0027 S:0126 D:0000 DB:86 nvmxdiZc V:252 H:126 F:49					$0014 = #$00
				8491CE B5 2B       LDA $2B,X     [000E93] A:0000 X:0E68 Y:0027 S:0126 D:0000 DB:86 nvmxdiZc V:252 H:143 F:49					|E-Contact = #$00 (Enemy in the air)
				8491D0 29 00 FF    AND #$FF00             A:0000 X:0E68 Y:0027 S:0126 D:0000 DB:86 nvmxdiZc V:252 H:152 F:49					|
				8491D3 95 2B       STA $2B,X     [000E93] A:0000 X:0E68 Y:0027 S:0126 D:0000 DB:86 nvmxdiZc V:252 H:156 F:49					|
				8491D5 20 AC 92    JSR $92AC     [8492AC] A:0000 X:0E68 Y:0027 S:0126 D:0000 DB:86 nvmxdiZc V:252 H:165 F:49					JSR $8492AC

					8492AC C2 30       REP #$30               A:0000 X:0E68 Y:0027 S:0124 D:0000 DB:86 nvmxdiZc V:252 H:175 F:49				A:2B,X:2B
					8492AE B5 05       LDA $05,X     [000E6D] A:0000 X:0E68 Y:0027 S:0124 D:0000 DB:86 nvmxdiZc V:252 H:179 F:49				|$0000 = E-X-Pos - E-X-Pos-Old
					8492B0 38          SEC                    A:1E8A X:0E68 Y:0027 S:0124 D:0000 DB:86 nvmxdizc V:252 H:188 F:49				|
					8492B1 F5 22       SBC $22,X     [000E8A] A:1E8A X:0E68 Y:0027 S:0124 D:0000 DB:86 nvmxdizC V:252 H:191 F:49				|
					8492B3 85 00       STA $00       [000000] A:0000 X:0E68 Y:0027 S:0124 D:0000 DB:86 nvmxdiZC V:252 H:199 F:49				|
					8492B5 E2 20       SEP #$20               A:0000 X:0E68 Y:0027 S:0124 D:0000 DB:86 nvmxdiZC V:252 H:206 F:49				A:1B
					8492B7 F0 4C       BEQ $004C     [849305] A:0000 X:0E68 Y:0027 S:0124 D:0000 DB:86 nvMxdiZC V:252 H:211 F:49				Branch because A = #$00 --> Enemy didn't move horizontally
					849305 C2 30       REP #$30               A:0000 X:0E68 Y:0027 S:0124 D:0000 DB:86 nvMxdiZC V:252 H:215 F:49				A:2B,X:2B
					849307 60          RTS                    A:0000 X:0E68 Y:0027 S:0124 D:0000 DB:86 nvmxdiZC V:252 H:220 F:49				Return--> Return because Enemy didn't move horizontally

				8491D8 20 ED 91    JSR $91ED     [8491ED] A:0000 X:0E68 Y:0027 S:0126 D:0000 DB:86 nvmxdiZC V:252 H:230 F:49					JSR $8491ED

					8491ED B5 08       LDA $08,X     [000E70] A:0000 X:0E68 Y:0027 S:0124 D:0000 DB:86 nvmxdiZC V:252 H:240 F:49				|
					8491EF D5 24       CMP $24,X     [000E8C] A:01B0 X:0E68 Y:0027 S:0124 D:0000 DB:86 nvmxdizC V:252 H:248 F:49				|
					8491F1 F0 F2       BEQ $00F2     [8491E5] A:01B0 X:0E68 Y:0027 S:0124 D:0000 DB:86 nvmxdizC V:252 H:257 F:49				|Branch if E-Y-Pos = E-Y-Pos-Old
					8491F3 10 4D       BPL $004D     [849242] A:01B0 X:0E68 Y:0027 S:0124 D:0000 DB:86 nvmxdizC V:252 H:260 F:49				|Branch because E-Y-Pos > E-Y-Pos-Old --> Penguin fell vertically this frame
					849242 E2 20       SEP #$20               A:01B0 X:0E68 Y:0027 S:0124 D:0000 DB:86 nvmxdizC V:252 H:264 F:49				A:1B
					849244 A0 04 00    LDY #$0004             A:01B0 X:0E68 Y:0027 S:0124 D:0000 DB:86 nvMxdizC V:252 H:269 F:49				Y = #$0004
					849247 AD 1C 1F    LDA $1F1C     [861F1C] A:01B0 X:0E68 Y:0004 S:0124 D:0000 DB:86 nvMxdizC V:252 H:273 F:49				|Branch because $7E1F1C ???? = #$00
					84924A F0 03       BEQ $0003     [84924F] A:0100 X:0E68 Y:0004 S:0124 D:0000 DB:86 nvMxdiZC V:252 H:280 F:49				|
					84924F B5 2F       LDA $2F,X     [000E97] A:0100 X:0E68 Y:0004 S:0124 D:0000 DB:86 nvMxdiZC V:252 H:284 F:49				|Branch if E-Air = #$00 (Enemy in the ground)
					849251 F0 03       BEQ $0003     [849256] A:01FF X:0E68 Y:0004 S:0124 D:0000 DB:86 NvMxdizC V:252 H:291 F:49				|
					849253 A0 00 00    LDY #$0000             A:01FF X:0E68 Y:0004 S:0124 D:0000 DB:86 NvMxdizC V:252 H:294 F:49				|To do with graphics or physics?
					849256 98          TYA                    A:01FF X:0E68 Y:0000 S:0124 D:0000 DB:86 nvMxdiZC V:252 H:298 F:49				|
					849257 09 80       ORA #$80               A:0100 X:0E68 Y:0000 S:0124 D:0000 DB:86 nvMxdiZC V:252 H:301 F:49				|
					849259 85 08       STA $08       [000008] A:0180 X:0E68 Y:0000 S:0124 D:0000 DB:86 NvMxdizC V:252 H:304 F:49				|$0008 = #$80
					84925B B4 20       LDY $20,X     [000E88] A:0180 X:0E68 Y:0000 S:0124 D:0000 DB:86 NvMxdizC V:252 H:309 F:49				|
					84925D B9 06 00    LDA $0006,Y   [86C433] A:0180 X:0E68 Y:C42D S:0124 D:0000 DB:86 NvMxdizC V:252 H:318 F:49				|
					849260 18          CLC                    A:0102 X:0E68 Y:C42D S:0124 D:0000 DB:86 nvMxdizC V:252 H:325 F:49				|
					849261 79 08 00    ADC $0008,Y   [86C435] A:0102 X:0E68 Y:C42D S:0124 D:0000 DB:86 nvMxdizc V:252 H:327 F:49				|
					849264 95 2A       STA $2A,X     [000E92] A:0113 X:0E68 Y:C42D S:0124 D:0000 DB:86 nvMxdizc V:252 H:335 F:49				|
					849266 B9 05 00    LDA $0005,Y   [86C432] A:0113 X:0E68 Y:C42D S:0124 D:0000 DB:86 nvMxdizc V:253 H:  1 F:49				|
					849269 34 11       BIT $11,X     [000E79] A:0100 X:0E68 Y:C42D S:0124 D:0000 DB:86 nvMxdiZc V:253 H:  9 F:49				|
					84926B 50 03       BVC $0003     [849270] A:0100 X:0E68 Y:C42D S:0124 D:0000 DB:86 nvMxdiZc V:253 H: 15 F:49				|
					849270 95 29       STA $29,X     [000E91] A:0100 X:0E68 Y:C42D S:0124 D:0000 DB:86 nvMxdiZc V:253 H: 20 F:49				|
					849272 20 C4 95    JSR $95C4     [8495C4] A:0100 X:0E68 Y:C42D S:0124 D:0000 DB:86 nvMxdiZc V:253 H: 26 F:49				JSR $8495C4 --> Checks E-Colission, ends jump if Enemy hits ground, if that happens A = #$01

						8495C4 B5 2A       LDA $2A,X     [000E92] A:0100 X:0E68 Y:C42D S:0122 D:0000 DB:86 nvMxdiZc V:253 H: 36 F:49			
						8495C6 48          PHA                    A:0113 X:0E68 Y:C42D S:0122 D:0000 DB:86 nvMxdizc V:253 H: 43 F:49
						8495C7 A5 08       LDA $08       [000008] A:0113 X:0E68 Y:C42D S:0121 D:0000 DB:86 nvMxdizc V:253 H: 48 F:49
						8495C9 29 7F       AND #$7F               A:0180 X:0E68 Y:C42D S:0121 D:0000 DB:86 NvMxdizc V:253 H: 53 F:49
						8495CB 18          CLC                    A:0100 X:0E68 Y:C42D S:0121 D:0000 DB:86 nvMxdiZc V:253 H: 56 F:49
						8495CC 75 2A       ADC $2A,X     [000E92] A:0100 X:0E68 Y:C42D S:0121 D:0000 DB:86 nvMxdiZc V:253 H: 59 F:49
						8495CE 95 2A       STA $2A,X     [000E92] A:0113 X:0E68 Y:C42D S:0121 D:0000 DB:86 nvMxdizc V:253 H: 65 F:49
						8495D0 20 B3 90    JSR $90B3     [8490B3] A:0113 X:0E68 Y:C42D S:0121 D:0000 DB:86 nvMxdizc V:253 H: 72 F:49			JSR $8490B3 --> A = Collision of tile Enemy is on

							8490B3 0B          PHD                    A:0113 X:0E68 Y:C42D S:011F D:0000 DB:86 nvMxdizc V:253 H: 82 F:49
							8490B4 DA          PHX                    A:0113 X:0E68 Y:C42D S:011D D:0000 DB:86 nvMxdizc V:253 H: 89 F:49
							8490B5 08          PHP                    A:0113 X:0E68 Y:C42D S:011B D:0000 DB:86 nvMxdizc V:253 H: 96 F:49
							8490B6 E2 20       SEP #$20               A:0113 X:0E68 Y:C42D S:011A D:0000 DB:86 nvMxdizc V:253 H:101 F:49
							8490B8 C2 10       REP #$10               A:0113 X:0E68 Y:C42D S:011A D:0000 DB:86 nvMxdizc V:253 H:105 F:49
							8490BA 64 01       STZ $01       [000001] A:0113 X:0E68 Y:C42D S:011A D:0000 DB:86 nvMxdizc V:253 H:110 F:49
							8490BC B5 29       LDA $29,X     [000E91] A:0113 X:0E68 Y:C42D S:011A D:0000 DB:86 nvMxdizc V:253 H:115 F:49
							8490BE 10 02       BPL $0002     [8490C2] A:0100 X:0E68 Y:C42D S:011A D:0000 DB:86 nvMxdiZc V:253 H:121 F:49
							8490C2 18          CLC                    A:0100 X:0E68 Y:C42D S:011A D:0000 DB:86 nvMxdiZc V:253 H:126 F:49
							8490C3 75 05       ADC $05,X     [000E6D] A:0100 X:0E68 Y:C42D S:011A D:0000 DB:86 nvMxdiZc V:253 H:129 F:49
							8490C5 85 00       STA $00       [000000] A:018A X:0E68 Y:C42D S:011A D:0000 DB:86 NvMxdizc V:253 H:145 F:49
							8490C7 B5 06       LDA $06,X     [000E6E] A:018A X:0E68 Y:C42D S:011A D:0000 DB:86 NvMxdizc V:253 H:150 F:49
							8490C9 65 01       ADC $01       [000001] A:011E X:0E68 Y:C42D S:011A D:0000 DB:86 nvMxdizc V:253 H:157 F:49
							8490CB 85 01       STA $01       [000001] A:011E X:0E68 Y:C42D S:011A D:0000 DB:86 nvMxdizc V:253 H:162 F:49
							8490CD 64 03       STZ $03       [000003] A:011E X:0E68 Y:C42D S:011A D:0000 DB:86 nvMxdizc V:253 H:167 F:49
							8490CF B5 2A       LDA $2A,X     [000E92] A:011E X:0E68 Y:C42D S:011A D:0000 DB:86 nvMxdizc V:253 H:172 F:49
							8490D1 10 02       BPL $0002     [8490D5] A:0113 X:0E68 Y:C42D S:011A D:0000 DB:86 nvMxdizc V:253 H:178 F:49
							8490D5 18          CLC                    A:0113 X:0E68 Y:C42D S:011A D:0000 DB:86 nvMxdizc V:253 H:183 F:49
							8490D6 75 08       ADC $08,X     [000E70] A:0113 X:0E68 Y:C42D S:011A D:0000 DB:86 nvMxdizc V:253 H:186 F:49
							8490D8 85 02       STA $02       [000002] A:01C3 X:0E68 Y:C42D S:011A D:0000 DB:86 NvMxdizc V:253 H:192 F:49
							8490DA 29 F0       AND #$F0               A:01C3 X:0E68 Y:C42D S:011A D:0000 DB:86 NvMxdizc V:253 H:197 F:49
							8490DC 85 0A       STA $0A       [00000A] A:01C0 X:0E68 Y:C42D S:011A D:0000 DB:86 NvMxdizc V:253 H:200 F:49
							8490DE B5 09       LDA $09,X     [000E71] A:01C0 X:0E68 Y:C42D S:011A D:0000 DB:86 NvMxdizc V:253 H:205 F:49
							8490E0 65 03       ADC $03       [000003] A:0101 X:0E68 Y:C42D S:011A D:0000 DB:86 nvMxdizc V:253 H:212 F:49
							8490E2 85 03       STA $03       [000003] A:0101 X:0E68 Y:C42D S:011A D:0000 DB:86 nvMxdizc V:253 H:217 F:49
							8490E4 85 0B       STA $0B       [00000B] A:0101 X:0E68 Y:C42D S:011A D:0000 DB:86 nvMxdizc V:253 H:222 F:49
							8490E6 A5 00       LDA $00       [000000] A:0101 X:0E68 Y:C42D S:011A D:0000 DB:86 nvMxdizc V:253 H:227 F:49
							8490E8 29 0F       AND #$0F               A:018A X:0E68 Y:C42D S:011A D:0000 DB:86 NvMxdizc V:253 H:232 F:49
							8490EA 1A          INC                    A:010A X:0E68 Y:C42D S:011A D:0000 DB:86 nvMxdizc V:253 H:235 F:49
							8490EB 85 0C       STA $0C       [00000C] A:010B X:0E68 Y:C42D S:011A D:0000 DB:86 nvMxdizc V:253 H:238 F:49
							8490ED A5 02       LDA $02       [000002] A:010B X:0E68 Y:C42D S:011A D:0000 DB:86 nvMxdizc V:253 H:243 F:49
							8490EF 29 0F       AND #$0F               A:01C3 X:0E68 Y:C42D S:011A D:0000 DB:86 NvMxdizc V:253 H:248 F:49
							8490F1 1A          INC                    A:0103 X:0E68 Y:C42D S:011A D:0000 DB:86 nvMxdizc V:253 H:251 F:49
							8490F2 85 0E       STA $0E       [00000E] A:0104 X:0E68 Y:C42D S:011A D:0000 DB:86 nvMxdizc V:253 H:254 F:49
							8490F4 C2 20       REP #$20               A:0104 X:0E68 Y:C42D S:011A D:0000 DB:86 nvMxdizc V:253 H:259 F:49
							8490F6 20 6A 91    JSR $916A     [84916A] A:0104 X:0E68 Y:C42D S:011A D:0000 DB:86 nvmxdizc V:253 H:263 F:49		JSR $84916A --> X = Pointer, where to look in Tilemap

								84916A A9 00 E8    LDA #$E800             A:0104 X:0E68 Y:C42D S:0118 D:0000 DB:86 nvmxdizc V:253 H:273 F:49
								84916D 85 10       STA $10       [000010] A:E800 X:0E68 Y:C42D S:0118 D:0000 DB:86 Nvmxdizc V:253 H:278 F:49
								84916F A9 7E 00    LDA #$007E             A:E800 X:0E68 Y:C42D S:0118 D:0000 DB:86 Nvmxdizc V:253 H:285 F:49
								849172 85 12       STA $12       [000012] A:007E X:0E68 Y:C42D S:0118 D:0000 DB:86 nvmxdizc V:253 H:289 F:49
								849174 A5 02       LDA $02       [000002] A:007E X:0E68 Y:C42D S:0118 D:0000 DB:86 nvmxdizc V:253 H:296 F:49
								849176 29 F0 00    AND #$00F0             A:01C3 X:0E68 Y:C42D S:0118 D:0000 DB:86 nvmxdizc V:253 H:303 F:49
								849179 0A          ASL A                  A:00C0 X:0E68 Y:C42D S:0118 D:0000 DB:86 nvmxdizc V:253 H:308 F:49
								84917A 85 04       STA $04       [000004] A:0180 X:0E68 Y:C42D S:0118 D:0000 DB:86 nvmxdizc V:253 H:311 F:49
								84917C A5 00       LDA $00       [000000] A:0180 X:0E68 Y:C42D S:0118 D:0000 DB:86 nvmxdizc V:253 H:318 F:49
								84917E 29 FF 00    AND #$00FF             A:1E8A X:0E68 Y:C42D S:0118 D:0000 DB:86 nvmxdizc V:253 H:324 F:49
								849181 4A          LSR A                  A:008A X:0E68 Y:C42D S:0118 D:0000 DB:86 nvmxdizc V:253 H:328 F:49
								849182 4A          LSR A                  A:0045 X:0E68 Y:C42D S:0118 D:0000 DB:86 nvmxdizc V:253 H:331 F:49
								849183 4A          LSR A                  A:0022 X:0E68 Y:C42D S:0118 D:0000 DB:86 nvmxdizC V:253 H:334 F:49
								849184 29 FE FF    AND #$FFFE             A:0011 X:0E68 Y:C42D S:0118 D:0000 DB:86 nvmxdizc V:253 H:337 F:49
								849187 18          CLC                    A:0010 X:0E68 Y:C42D S:0118 D:0000 DB:86 nvmxdizc V:254 H:  2 F:49
								849188 65 04       ADC $04       [000004] A:0010 X:0E68 Y:C42D S:0118 D:0000 DB:86 nvmxdizc V:254 H:  5 F:49
								84918A 85 06       STA $06       [000006] A:0190 X:0E68 Y:C42D S:0118 D:0000 DB:86 nvmxdizc V:254 H: 12 F:49
								84918C A5 00       LDA $00       [000000] A:0190 X:0E68 Y:C42D S:0118 D:0000 DB:86 nvmxdizc V:254 H: 19 F:49
								84918E EB          XBA                    A:1E8A X:0E68 Y:C42D S:0118 D:0000 DB:86 nvmxdizc V:254 H: 26 F:49
								84918F 29 1F 00    AND #$001F             A:8A1E X:0E68 Y:C42D S:0118 D:0000 DB:86 nvmxdizc V:254 H: 30 F:49
								849192 85 04       STA $04       [000004] A:001E X:0E68 Y:C42D S:0118 D:0000 DB:86 nvmxdizc V:254 H: 35 F:49
								849194 A5 02       LDA $02       [000002] A:001E X:0E68 Y:C42D S:0118 D:0000 DB:86 nvmxdizc V:254 H: 42 F:49
								849196 29 00 1F    AND #$1F00             A:01C3 X:0E68 Y:C42D S:0118 D:0000 DB:86 nvmxdizc V:254 H: 49 F:49
								849199 4A          LSR A                  A:0100 X:0E68 Y:C42D S:0118 D:0000 DB:86 nvmxdizc V:254 H: 53 F:49
								84919A 4A          LSR A                  A:0080 X:0E68 Y:C42D S:0118 D:0000 DB:86 nvmxdizc V:254 H: 56 F:49
								84919B 4A          LSR A                  A:0040 X:0E68 Y:C42D S:0118 D:0000 DB:86 nvmxdizc V:254 H: 59 F:49
								84919C 18          CLC                    A:0020 X:0E68 Y:C42D S:0118 D:0000 DB:86 nvmxdizc V:254 H: 62 F:49
								84919D 65 04       ADC $04       [000004] A:0020 X:0E68 Y:C42D S:0118 D:0000 DB:86 nvmxdizc V:254 H: 65 F:49
								84919F A8          TAY                    A:003E X:0E68 Y:C42D S:0118 D:0000 DB:86 nvmxdizc V:254 H: 72 F:49
								8491A0 B7 10       LDA [$10],Y   [7EE83E] A:003E X:0E68 Y:003E S:0118 D:0000 DB:86 nvmxdizc V:254 H: 75 F:49
								8491A2 29 FF 00    AND #$00FF             A:0005 X:0E68 Y:003E S:0118 D:0000 DB:86 nvmxdizc V:254 H: 88 F:49
								8491A5 A8          TAY                    A:0005 X:0E68 Y:003E S:0118 D:0000 DB:86 nvmxdizc V:254 H: 93 F:49
								8491A6 EB          XBA                    A:0005 X:0E68 Y:0005 S:0118 D:0000 DB:86 nvmxdizc V:254 H: 96 F:49
								8491A7 0A          ASL A                  A:0500 X:0E68 Y:0005 S:0118 D:0000 DB:86 nvmxdiZc V:254 H:100 F:49
								8491A8 18          CLC                    A:0A00 X:0E68 Y:0005 S:0118 D:0000 DB:86 nvmxdizc V:254 H:103 F:49
								8491A9 65 06       ADC $06       [000006] A:0A00 X:0E68 Y:0005 S:0118 D:0000 DB:86 nvmxdizc V:254 H:106 F:49
								8491AB AA          TAX                    A:0B90 X:0E68 Y:0005 S:0118 D:0000 DB:86 nvmxdizc V:254 H:113 F:49
								8491AC 60          RTS                    A:0B90 X:0B90 Y:0005 S:0118 D:0000 DB:86 nvmxdizc V:254 H:116 F:49

							8490F9 BF 00 20 7E LDA $7E2000,X [7E2B90] A:0B90 X:0B90 Y:0005 S:011A D:0000 DB:86 nvmxdizc V:254 H:126 F:49		|Y = Tile
							8490FD A8          TAY                    A:0044 X:0B90 Y:0005 S:011A D:0000 DB:86 nvmxdizc V:254 H:146 F:49		|
							8490FE AD 92 0B    LDA $0B92     [860B92] A:0044 X:0B90 Y:0044 S:011A D:0000 DB:86 nvmxdizc V:254 H:149 F:49		
							849101 85 10       STA $10       [000010] A:EDC3 X:0B90 Y:0044 S:011A D:0000 DB:86 Nvmxdizc V:254 H:158 F:49
							849103 AD 94 0B    LDA $0B94     [860B94] A:EDC3 X:0B90 Y:0044 S:011A D:0000 DB:86 Nvmxdizc V:254 H:165 F:49		|$12 = MMX-Col-Sprite
							849106 85 12       STA $12       [000012] A:E095 X:0B90 Y:0044 S:011A D:0000 DB:86 Nvmxdizc V:254 H:173 F:49		|
							849108 B7 10       LDA [$10],Y   [95EE07] A:E095 X:0B90 Y:0044 S:011A D:0000 DB:86 Nvmxdizc V:254 H:180 F:49		A = Collision of tile enemy is falling into
							84910A 29 FF 00    AND #$00FF             A:3B3B X:0B90 Y:0044 S:011A D:0000 DB:86 nvmxdizc V:254 H:192 F:49
							84910D 28          PLP                    A:003B X:0B90 Y:0044 S:011A D:0000 DB:86 nvmxdizc V:254 H:197 F:49
							84910E FA          PLX                    A:003B X:0B90 Y:0044 S:011B D:0000 DB:86 nvMxdizc V:254 H:203 F:49
							84910F 2B          PLD                    A:003B X:0E68 Y:0044 S:011D D:0000 DB:86 nvMxdizc V:254 H:212 F:49
							849110 60          RTS                    A:003B X:0E68 Y:0044 S:011F D:0000 DB:86 nvMxdiZc V:254 H:220 F:49		Return

						8495D3 95 2E       STA $2E,X     [000E96] A:003B X:0E68 Y:0044 S:0121 D:0000 DB:86 nvMxdiZc V:254 H:230 F:49			Store E-Colission
						8495D5 85 18       STA $18       [000018] A:003B X:0E68 Y:0044 S:0121 D:0000 DB:86 nvMxdiZc V:254 H:237 F:49			$0018 = E-Colission
						8495D7 29 3F       AND #$3F               A:003B X:0E68 Y:0044 S:0121 D:0000 DB:86 nvMxdiZc V:254 H:242 F:49			|$0028 = E-Colission*2 (2B)
						8495D9 0A          ASL A                  A:003B X:0E68 Y:0044 S:0121 D:0000 DB:86 nvMxdizc V:254 H:245 F:49			|
						8495DA EB          XBA                    A:0076 X:0E68 Y:0044 S:0121 D:0000 DB:86 nvMxdizc V:254 H:248 F:49			|
						8495DB A9 00       LDA #$00               A:7600 X:0E68 Y:0044 S:0121 D:0000 DB:86 nvMxdiZc V:254 H:252 F:49			|
						8495DD EB          XBA                    A:7600 X:0E68 Y:0044 S:0121 D:0000 DB:86 nvMxdiZc V:254 H:255 F:49			|
						8495DE A8          TAY                    A:0076 X:0E68 Y:0044 S:0121 D:0000 DB:86 nvMxdizc V:254 H:260 F:49			|
						8495DF 84 28       STY $28       [000028] A:0076 X:0E68 Y:0076 S:0121 D:0000 DB:86 nvMxdizc V:254 H:263 F:49			|
						8495E1 86 2C       STX $2C       [00002C] A:0076 X:0E68 Y:0076 S:0121 D:0000 DB:86 nvMxdizc V:254 H:270 F:49			|$002C = EnemyData
						8495E3 68          PLA                    A:0076 X:0E68 Y:0076 S:0121 D:0000 DB:86 nvMxdizc V:254 H:277 F:49			|
						8495E4 95 2A       STA $2A,X     [000E92] A:0013 X:0E68 Y:0076 S:0122 D:0000 DB:86 nvMxdizc V:254 H:283 F:49			|
						8495E6 A6 2C       LDX $2C       [00002C] A:0013 X:0E68 Y:0076 S:0122 D:0000 DB:86 nvMxdizc V:254 H:290 F:49			|X = EnemyData
						8495E8 A9 FB       LDA #$FB               A:0013 X:0E68 Y:0076 S:0122 D:0000 DB:86 nvMxdizc V:254 H:297 F:49			|E-Contact = #$FB AND E-Contact
						8495EA 35 2B       AND $2B,X     [000E93] A:00FB X:0E68 Y:0076 S:0122 D:0000 DB:86 NvMxdizc V:254 H:300 F:49			|
						8495EC 95 2B       STA $2B,X     [000E93] A:0000 X:0E68 Y:0076 S:0122 D:0000 DB:86 nvMxdiZc V:254 H:306 F:49			|
						8495EE 64 01       STZ $01       [000001] A:0000 X:0E68 Y:0076 S:0122 D:0000 DB:86 nvMxdiZc V:254 H:313 F:49			|$0001 = #$00
						8495F0 B5 2A       LDA $2A,X     [000E92] A:0000 X:0E68 Y:0076 S:0122 D:0000 DB:86 nvMxdiZc V:254 H:318 F:49			|$0002 = E-$2A
						8495F2 85 02       STA $02       [000002] A:0013 X:0E68 Y:0076 S:0122 D:0000 DB:86 nvMxdizc V:254 H:324 F:49			|
						8495F4 64 03       STZ $03       [000003] A:0013 X:0E68 Y:0076 S:0122 D:0000 DB:86 nvMxdizc V:254 H:328 F:49			|$0003 = #$00
						8495F6 B4 05       LDY $05,X     [000E6D] A:0013 X:0E68 Y:0076 S:0122 D:0000 DB:86 nvMxdizc V:254 H:333 F:49			|$0010 = E-X-Pos
						8495F8 84 10       STY $10       [000010] A:0013 X:0E68 Y:1E8A S:0122 D:0000 DB:86 nvMxdizc V:255 H:  2 F:49			|
						8495FA B4 08       LDY $08,X     [000E70] A:0013 X:0E68 Y:1E8A S:0122 D:0000 DB:86 nvMxdizc V:255 H:  9 F:49			|$0012 = E-Y-Pos
						8495FC 84 12       STY $12       [000012] A:0013 X:0E68 Y:01B0 S:0122 D:0000 DB:86 nvMxdizc V:255 H: 17 F:49			|
						8495FE A6 28       LDX $28       [000028] A:0013 X:0E68 Y:01B0 S:0122 D:0000 DB:86 nvMxdizc V:255 H: 24 F:49			X = E-Colission*2
						849600 FC 1C 96    JSR ($961C,X) [849692] A:0013 X:0076 Y:01B0 S:0122 D:0000 DB:86 nvMxdizc V:255 H: 31 F:49			JSR ($961C,E-Colission*2) = ($849692) = $8496B5 --> E-Air = #$00, A = #$01

							8496B5 A6 2C       LDX $2C       [00002C] A:0013 X:0076 Y:01B0 S:0120 D:0000 DB:86 nvMxdizc V:255 H: 44 F:49		X = EnemyData
							8496B7 A5 0E       LDA $0E       [00000E] A:0013 X:0E68 Y:01B0 S:0120 D:0000 DB:86 nvMxdizc V:255 H: 51 F:49		
							8496B9 85 00       STA $00       [000000] A:0004 X:0E68 Y:01B0 S:0120 D:0000 DB:86 nvMxdizc V:255 H: 56 F:49
							8496BB 64 01       STZ $01       [000001] A:0004 X:0E68 Y:01B0 S:0120 D:0000 DB:86 nvMxdizc V:255 H: 61 F:49
							8496BD C2 20       REP #$20               A:0004 X:0E68 Y:01B0 S:0120 D:0000 DB:86 nvMxdizc V:255 H: 66 F:49
							8496BF A5 08       LDA $08       [000008] A:0004 X:0E68 Y:01B0 S:0120 D:0000 DB:86 nvmxdizc V:255 H: 71 F:49
							8496C1 29 7F 00    AND #$007F             A:FF80 X:0E68 Y:01B0 S:0120 D:0000 DB:86 Nvmxdizc V:255 H: 78 F:49
							8496C4 18          CLC                    A:0000 X:0E68 Y:01B0 S:0120 D:0000 DB:86 nvmxdiZc V:255 H: 82 F:49
							8496C5 75 08       ADC $08,X     [000E70] A:0000 X:0E68 Y:01B0 S:0120 D:0000 DB:86 nvmxdiZc V:255 H: 85 F:49
							8496C7 38          SEC                    A:01B0 X:0E68 Y:01B0 S:0120 D:0000 DB:86 nvmxdizc V:255 H: 94 F:49
							8496C8 E5 00       SBC $00       [000000] A:01B0 X:0E68 Y:01B0 S:0120 D:0000 DB:86 nvmxdizC V:255 H: 97 F:49
							8496CA 95 08       STA $08,X     [000E70] A:01AC X:0E68 Y:01B0 S:0120 D:0000 DB:86 nvmxdizC V:255 H:104 F:49		Store E-Y-Pos --> Adjusts Y-Position to the ground
							8496CC E2 20       SEP #$20               A:01AC X:0E68 Y:01B0 S:0120 D:0000 DB:86 nvmxdizC V:255 H:112 F:49
							8496CE 74 2F       STZ $2F,X     [000E97] A:01AC X:0E68 Y:01B0 S:0120 D:0000 DB:86 nvMxdizC V:255 H:117 F:49		E-Air = #$00 (Ground)
							8496D0 A9 01       LDA #$01               A:01AC X:0E68 Y:01B0 S:0120 D:0000 DB:86 nvMxdizC V:255 H:123 F:49		A = #$01
							8496D2 60          RTS                    A:0101 X:0E68 Y:01B0 S:0120 D:0000 DB:86 nvMxdizC V:255 H:126 F:49

						849603 F0 11       BEQ $0011     [849616] A:0101 X:0E68 Y:01B0 S:0122 D:0000 DB:86 nvMxdizC V:255 H:146 F:49			Branch if A = #$00 (Penguin is still in the air)
						849605 A6 2C       LDX $2C       [00002C] A:0101 X:0E68 Y:01B0 S:0122 D:0000 DB:86 nvMxdizC V:255 H:149 F:49			X = EnemyData
						849607 A9 04       LDA #$04               A:0101 X:0E68 Y:01B0 S:0122 D:0000 DB:86 nvMxdizC V:255 H:156 F:49			|E-$2B = E-$2B OR #$04 ???? 
						849609 15 2B       ORA $2B,X     [000E93] A:0104 X:0E68 Y:01B0 S:0122 D:0000 DB:86 nvMxdizC V:255 H:159 F:49			|
						84960B 95 2B       STA $2B,X     [000E93] A:0104 X:0E68 Y:01B0 S:0122 D:0000 DB:86 nvMxdizC V:255 H:166 F:49			|
						84960D 20 4C 99    JSR $994C     [84994C] A:0104 X:0E68 Y:01B0 S:0122 D:0000 DB:86 nvMxdizC V:255 H:172 F:49			JSR $84994C --> Skipped because $7E1F1C is positive

							84994C AD 1C 1F    LDA $1F1C     [861F1C] A:0104 X:0E68 Y:01B0 S:0120 D:0000 DB:86 nvMxdizC V:255 H:182 F:49		|Branch because $7E1F1C is positive
							84994F 10 06       BPL $0006     [849957] A:0100 X:0E68 Y:01B0 S:0120 D:0000 DB:86 nvMxdiZC V:255 H:189 F:49		|
							849957 60          RTS                    A:0100 X:0E68 Y:01B0 S:0120 D:0000 DB:86 nvMxdiZC V:255 H:193 F:49		Return

						849610 20 08 93    JSR $9308     [849308] A:0100 X:0E68 Y:01B0 S:0122 D:0000 DB:86 nvMxdiZC V:255 H:203 F:49			JSR $849308 --> Skipped because $0014 = #$00

							849308 A5 14       LDA $14       [000014] A:0100 X:0E68 Y:01B0 S:0120 D:0000 DB:86 nvMxdiZC V:255 H:213 F:49		|Branch because $0014 = #$00
							84930A F0 08       BEQ $0008     [849314] A:0100 X:0E68 Y:01B0 S:0120 D:0000 DB:86 nvMxdiZC V:255 H:218 F:49		|
							849314 60          RTS                    A:0100 X:0E68 Y:01B0 S:0120 D:0000 DB:86 nvMxdiZC V:255 H:223 F:49		Return

						849613 A9 01       LDA #$01               A:0100 X:0E68 Y:01B0 S:0122 D:0000 DB:86 nvMxdiZC V:255 H:233 F:49			A = #$01
						849615 60          RTS                    A:0101 X:0E68 Y:01B0 S:0122 D:0000 DB:86 nvMxdizC V:255 H:236 F:49			Return

					849275 D0 32       BNE $0032     [8492A9] A:0101 X:0E68 Y:01B0 S:0124 D:0000 DB:86 nvMxdizC V:255 H:246 F:49				Branch because A <> #$00 (Enemy hit the ground)
					8492A9 C2 30       REP #$30               A:0101 X:0E68 Y:01B0 S:0124 D:0000 DB:86 nvMxdizC V:255 H:250 F:49				A:2B,Y:2B
					8492AB 60          RTS                    A:0101 X:0E68 Y:01B0 S:0124 D:0000 DB:86 nvmxdizC V:255 H:255 F:49				Return

				8491DB 2B          PLD                    A:0101 X:0E68 Y:01B0 S:0126 D:0000 DB:86 nvmxdizC V:255 H:265 F:49					Pull D
				8491DC 28          PLP                    A:0101 X:0E68 Y:01B0 S:0128 D:0E68 DB:86 nvmxdizC V:255 H:273 F:49					Pull Processor Flags
				8491DD 6B          RTL                    A:0101 X:0068 Y:00B0 S:0129 D:0E68 DB:86 nvMXdizc V:255 H:280 F:49					Return

			81B858 A5 2B       LDA $2B       [000E93] A:0101 X:0068 Y:00B0 S:012C D:0E68 DB:86 nvMXdizc V:255 H:290 F:49						|Branch if E-Contact bit 04 is not set (Enemy still in the air)
			81B85A 29 04       AND #$04               A:0104 X:0068 Y:00B0 S:012C D:0E68 DB:86 nvMXdizc V:255 H:297 F:49						|
			81B85C F0 0C       BEQ $000C     [81B86A] A:0104 X:0068 Y:00B0 S:012C D:0E68 DB:86 nvMXdizc V:255 H:300 F:49						|
			81B85E A9 08       LDA #$08               A:0104 X:0068 Y:00B0 S:012C D:0E68 DB:86 nvMXdizc V:255 H:303 F:49						Subaction = #$08
			81B860 85 03       STA $03       [000E6B] A:0108 X:0068 Y:00B0 S:012C D:0E68 DB:86 nvMXdizc V:255 H:306 F:49						
			81B862 A9 08       LDA #$08               A:0108 X:0068 Y:00B0 S:012C D:0E68 DB:86 nvMXdizc V:255 H:312 F:49
			81B864 22 07 8F 84 JSL $848F07   [848F07] A:0108 X:0068 Y:00B0 S:012C D:0E68 DB:86 nvMXdizc V:255 H:315 F:49						JSL $848F07 --> Skeleton Load (SkelPoint = #$67, b = A = #$08)

				848F07 08          PHP                    A:0108 X:0068 Y:00B0 S:0129 D:0E68 DB:86 nvMXdizc V:255 H:328 F:49
				848F08 8B          PHB                    A:0108 X:0068 Y:00B0 S:0128 D:0E68 DB:86 nvMXdizc V:255 H:333 F:49
				848F09 C2 30       REP #$30               A:0108 X:0068 Y:00B0 S:0127 D:0E68 DB:86 nvMXdizc V:255 H:338 F:49
				848F0B 8D 0E 00    STA $000E     [86000E] A:0108 X:0068 Y:00B0 S:0127 D:0E68 DB:86 nvmxdizc V:256 H:  2 F:49
				848F0E A5 16       LDA $16       [000E7E] A:0108 X:0068 Y:00B0 S:0127 D:0E68 DB:86 nvmxdizc V:256 H: 11 F:49
				848F10 29 FF 00    AND #$00FF             A:9067 X:0068 Y:00B0 S:0127 D:0E68 DB:86 Nvmxdizc V:256 H: 19 F:49
				848F13 8D 0C 00    STA $000C     [86000C] A:0067 X:0068 Y:00B0 S:0127 D:0E68 DB:86 nvmxdizc V:256 H: 24 F:49
				848F16 0A          ASL A                  A:0067 X:0068 Y:00B0 S:0127 D:0E68 DB:86 nvmxdizc V:256 H: 32 F:49
				848F17 18          CLC                    A:00CE X:0068 Y:00B0 S:0127 D:0E68 DB:86 nvmxdizc V:256 H: 35 F:49
				848F18 6D 0C 00    ADC $000C     [86000C] A:00CE X:0068 Y:00B0 S:0127 D:0E68 DB:86 nvmxdizc V:256 H: 38 F:49
				848F1B AA          TAX                    A:0135 X:0068 Y:00B0 S:0127 D:0E68 DB:86 nvmxdizc V:256 H: 47 F:49
				848F1C BF 00 A0 AF LDA $AFA000,X [AFA135] A:0135 X:0135 Y:00B0 S:0127 D:0E68 DB:86 nvmxdizc V:256 H: 50 F:49
				848F20 85 14       STA $14       [000E7C] A:CFE0 X:0135 Y:00B0 S:0127 D:0E68 DB:86 Nvmxdizc V:256 H: 59 F:49
				848F22 E2 20       SEP #$20               A:CFE0 X:0135 Y:00B0 S:0127 D:0E68 DB:86 Nvmxdizc V:256 H: 67 F:49
				848F24 BF 02 A0 AF LDA $AFA002,X [AFA137] A:CFE0 X:0135 Y:00B0 S:0127 D:0E68 DB:86 NvMxdizc V:256 H: 72 F:49
				848F28 48          PHA                    A:CFAF X:0135 Y:00B0 S:0127 D:0E68 DB:86 NvMxdizc V:256 H: 79 F:49
				848F29 AB          PLB                    A:CFAF X:0135 Y:00B0 S:0126 D:0E68 DB:86 NvMxdizc V:256 H: 84 F:49
				848F2A C2 20       REP #$20               A:CFAF X:0135 Y:00B0 S:0127 D:0E68 DB:AF NvMxdizc V:256 H: 91 F:49
				848F2C AD 0E 00    LDA $000E     [AF000E] A:CFAF X:0135 Y:00B0 S:0127 D:0E68 DB:AF Nvmxdizc V:256 H: 95 F:49
				848F2F 29 FF 00    AND #$00FF             A:0108 X:0135 Y:00B0 S:0127 D:0E68 DB:AF nvmxdizc V:256 H:104 F:49
				848F32 0A          ASL A                  A:0008 X:0135 Y:00B0 S:0127 D:0E68 DB:AF nvmxdizc V:256 H:108 F:49
				848F33 A8          TAY                    A:0010 X:0135 Y:00B0 S:0127 D:0E68 DB:AF nvmxdizc V:256 H:111 F:49
				848F34 B1 14       LDA ($14),Y   [AFCFF0] A:0010 X:0135 Y:0010 S:0127 D:0E68 DB:AF nvmxdizc V:256 H:114 F:49
				848F36 65 14       ADC $14       [000E7C] A:009E X:0135 Y:0010 S:0127 D:0E68 DB:AF nvmxdizc V:256 H:127 F:49
				848F38 85 14       STA $14       [000E7C] A:D07E X:0135 Y:0010 S:0127 D:0E68 DB:AF Nvmxdizc V:256 H:146 F:49
				848F3A E2 30       SEP #$30               A:D07E X:0135 Y:0010 S:0127 D:0E68 DB:AF Nvmxdizc V:256 H:154 F:49
				848F3C B2 14       LDA ($14)     [AFD07E] A:D07E X:0035 Y:0010 S:0127 D:0E68 DB:AF NvMXdizc V:256 H:159 F:49				Skeleton start: [AFD07E]
				848F3E 85 13       STA $13       [000E7B] A:D006 X:0035 Y:0010 S:0127 D:0E68 DB:AF nvMXdizc V:256 H:169 F:49
				848F40 A0 01       LDY #$01               A:D006 X:0035 Y:0010 S:0127 D:0E68 DB:AF nvMXdizc V:256 H:175 F:49
				848F42 B1 14       LDA ($14),Y   [AFD07F] A:D006 X:0035 Y:0001 S:0127 D:0E68 DB:AF nvMXdizc V:256 H:178 F:49
				848F44 85 0F       STA $0F       [000E77] A:D000 X:0035 Y:0001 S:0127 D:0E68 DB:AF nvMXdiZc V:256 H:188 F:49
				848F46 C8          INY                    A:D000 X:0035 Y:0001 S:0127 D:0E68 DB:AF nvMXdiZc V:256 H:195 F:49
				848F47 B1 14       LDA ($14),Y   [AFD080] A:D000 X:0035 Y:0002 S:0127 D:0E68 DB:AF nvMXdizc V:256 H:198 F:49
				848F49 85 17       STA $17       [000E7F] A:D002 X:0035 Y:0002 S:0127 D:0E68 DB:AF nvMXdizc V:256 H:208 F:49
				848F4B A9 80       LDA #$80               A:D002 X:0035 Y:0002 S:0127 D:0E68 DB:AF nvMXdizc V:256 H:214 F:49
				848F4D 04 17       TSB $17       [000E7F] A:D080 X:0035 Y:0002 S:0127 D:0E68 DB:AF NvMXdizc V:256 H:217 F:49
				848F4F AB          PLB                    A:D080 X:0035 Y:0002 S:0127 D:0E68 DB:AF NvMXdiZc V:256 H:227 F:49
				848F50 28          PLP                    A:D080 X:0035 Y:0002 S:0128 D:0E68 DB:86 NvMXdizc V:256 H:234 F:49
				848F51 6B          RTL                    A:D080 X:0035 Y:0002 S:0129 D:0E68 DB:86 nvMXdizc V:256 H:240 F:49

			81B868 64 2F       STZ $2F       [000E97] A:D080 X:0035 Y:0002 S:012C D:0E68 DB:86 nvMXdizc V:256 H:251 F:49					E-Air = #$00 (Ground)
			81B86A 60          RTS                    A:D080 X:0035 Y:0002 S:012C D:0E68 DB:86 nvMXdizc V:256 H:257 F:49					Return

		81B63B A9 09       LDA #$09               A:D080 X:0035 Y:0002 S:012E D:0E68 DB:86 nvMXdizc V:256 H:267 F:49						Normal routine after Subaction