80D4F6 20 30 D5    JSR $D530     [80D530] A:0E01 X:0000 Y:0027 S:0133 D:0E68 DB:86 nvMXdizC V: 12 H:183 F:58

	80D530 C2 20       REP #$20               A:0E01 X:0000 Y:0027 S:0131 D:0E68 DB:86 nvMXdizC V: 12 H:193 F:58
	80D532 A5 05       LDA $05       [000E6D] A:0E01 X:0000 Y:0027 S:0131 D:0E68 DB:86 nvmXdizC V: 12 H:197 F:58
	80D534 85 22       STA $22       [000E8A] A:1E20 X:0000 Y:0027 S:0131 D:0E68 DB:86 nvmXdizC V: 12 H:206 F:58
	80D536 A5 08       LDA $08       [000E70] A:1E20 X:0000 Y:0027 S:0131 D:0E68 DB:86 nvmXdizC V: 12 H:214 F:58
	80D538 85 24       STA $24       [000E8C] A:01AC X:0000 Y:0027 S:0131 D:0E68 DB:86 nvmXdizC V: 12 H:223 F:58
	80D53A E2 20       SEP #$20               A:01AC X:0000 Y:0027 S:0131 D:0E68 DB:86 nvmXdizC V: 12 H:231 F:58
	80D53C A9 80       LDA #$80               A:01AC X:0000 Y:0027 S:0131 D:0E68 DB:86 nvMXdizC V: 12 H:236 F:58
	80D53E 14 0E       TRB $0E       [000E76] A:0180 X:0000 Y:0027 S:0131 D:0E68 DB:86 NvMXdizC V: 12 H:239 F:58
	80D540 A5 0A       LDA $0A       [000E72] A:0180 X:0000 Y:0027 S:0131 D:0E68 DB:86 NvMXdizC V: 12 H:249 F:58
	80D542 0A          ASL A                  A:0102 X:0000 Y:0027 S:0131 D:0E68 DB:86 nvMXdizC V: 12 H:255 F:58
	80D543 AA          TAX                    A:0104 X:0000 Y:0027 S:0131 D:0E68 DB:86 nvMXdizc V: 12 H:258 F:58
	80D544 7C DD F8    JMP ($F8DD,X) [80F8E1] A:0104 X:0004 Y:0027 S:0131 D:0E68 DB:86 nvMXdizc V: 12 H:261 F:58

	80F9BB 22 16 B5 81 JSL $81B516   [81B516] A:0104 X:0004 Y:0027 S:0131 D:0E68 DB:86 nvMXdizc V: 12 H:270 F:58

		81B516 A6 01       LDX $01       [000E69] A:0104 X:0004 Y:0027 S:012E D:0E68 DB:86 nvMXdizc V: 12 H:284 F:58
		81B518 7C 1B B5    JMP ($B51B,X) [81B51F] A:0104 X:0004 Y:0027 S:012E D:0E68 DB:86 nvMXdizc V: 12 H:290 F:58

		81B629 A5 33       LDA $33       [000E9B] A:0104 X:0004 Y:0027 S:012E D:0E68 DB:86 nvMXdizc V: 12 H:299 F:58
		81B62B 04 11       TSB $11       [000E79] A:0108 X:0004 Y:0027 S:012E D:0E68 DB:86 nvMXdizc V: 12 H:306 F:58
		81B62D C2 20       REP #$20               A:0108 X:0004 Y:0027 S:012E D:0E68 DB:86 nvMXdizc V: 12 H:316 F:58
		81B62F A9 2D C4    LDA #$C42D             A:0108 X:0004 Y:0027 S:012E D:0E68 DB:86 nvmXdizc V: 12 H:320 F:58
		81B632 85 20       STA $20       [000E88] A:C42D X:0004 Y:0027 S:012E D:0E68 DB:86 NvmXdizc V: 12 H:324 F:58
		81B634 E2 20       SEP #$20               A:C42D X:0004 Y:0027 S:012E D:0E68 DB:86 NvmXdizc V: 12 H:332 F:58
		81B636 A6 02       LDX $02       [000E6A] A:C42D X:0004 Y:0027 S:012E D:0E68 DB:86 NvMXdizc V: 12 H:337 F:58
		81B638 FC F3 B6    JSR ($B6F3,X) [81B6F5] A:C42D X:0002 Y:0027 S:012E D:0E68 DB:86 nvMXdizc V: 13 H:  3 F:58

			81B796 A6 03       LDX $03       [000E6B] A:C42D X:0002 Y:0027 S:012C D:0E68 DB:86 nvMXdizc V: 13 H: 16 F:58
			81B798 7C 9B B7    JMP ($B79B,X) [81B79D] A:C42D X:0002 Y:0027 S:012C D:0E68 DB:86 nvMXdizc V: 13 H: 23 F:58			JMP ($B79B,Subaction) = ($81B79D) = $81B7EB

			81B7EB 22 EA 8E 84 JSL $848EEA   [848EEA] A:C42D X:0002 Y:0027 S:012C D:0E68 DB:86 nvMXdizc V: 13 H: 32 F:58			JSL $848EEA --> Countdown skeleton routine

				848EEA 08          PHP                    A:C42D X:0002 Y:0027 S:0129 D:0E68 DB:86 nvMXdizc V: 13 H: 45 F:58
				848EEB 8B          PHB                    A:C42D X:0002 Y:0027 S:0128 D:0E68 DB:86 nvMXdizc V: 13 H: 50 F:58
				848EEC E2 30       SEP #$30               A:C42D X:0002 Y:0027 S:0127 D:0E68 DB:86 nvMXdizc V: 13 H: 55 F:58
				848EEE C6 13       DEC $13       [000E7B] A:C42D X:0002 Y:0027 S:0127 D:0E68 DB:86 nvMXdizc V: 13 H: 60 F:58
				848EF0 D0 5D       BNE $005D     [848F4F] A:C42D X:0002 Y:0027 S:0127 D:0E68 DB:86 nvMXdiZc V: 13 H: 70 F:58
				848EF2 A9 AF       LDA #$AF               A:C42D X:0002 Y:0027 S:0127 D:0E68 DB:86 nvMXdiZc V: 13 H: 73 F:58
				848EF4 48          PHA                    A:C4AF X:0002 Y:0027 S:0127 D:0E68 DB:86 NvMXdizc V: 13 H: 76 F:58
				848EF5 AB          PLB                    A:C4AF X:0002 Y:0027 S:0126 D:0E68 DB:86 NvMXdizc V: 13 H: 81 F:58
				848EF6 C2 21       REP #$21               A:C4AF X:0002 Y:0027 S:0127 D:0E68 DB:AF NvMXdizc V: 13 H: 87 F:58
				848EF8 A5 14       LDA $14       [000E7C] A:C4AF X:0002 Y:0027 S:0127 D:0E68 DB:AF NvmXdizc V: 13 H: 92 F:58
				848EFA 69 03 00    ADC #$0003             A:D069 X:0002 Y:0027 S:0127 D:0E68 DB:AF NvmXdizc V: 13 H:100 F:58
				848EFD A4 0F       LDY $0F       [000E77] A:D06C X:0002 Y:0027 S:0127 D:0E68 DB:AF NvmXdizc V: 13 H:105 F:58
				848EFF 10 37       BPL $0037     [848F38] A:D06C X:0002 Y:0000 S:0127 D:0E68 DB:AF nvmXdiZc V: 13 H:111 F:58
				848F38 85 14       STA $14       [000E7C] A:D06C X:0002 Y:0000 S:0127 D:0E68 DB:AF nvmXdiZc V: 13 H:116 F:58
				848F3A E2 30       SEP #$30               A:D06C X:0002 Y:0000 S:0127 D:0E68 DB:AF nvmXdiZc V: 13 H:124 F:58
				848F3C B2 14       LDA ($14)     [AFD06C] A:D06C X:0002 Y:0000 S:0127 D:0E68 DB:AF nvMXdiZc V: 13 H:129 F:58
				848F3E 85 13       STA $13       [000E7B] A:D005 X:0002 Y:0000 S:0127 D:0E68 DB:AF nvMXdizc V: 13 H:149 F:58
				848F40 A0 01       LDY #$01               A:D005 X:0002 Y:0000 S:0127 D:0E68 DB:AF nvMXdizc V: 13 H:155 F:58
				848F42 B1 14       LDA ($14),Y   [AFD06D] A:D005 X:0002 Y:0001 S:0127 D:0E68 DB:AF nvMXdizc V: 13 H:158 F:58
				848F44 85 0F       STA $0F       [000E77] A:D001 X:0002 Y:0001 S:0127 D:0E68 DB:AF nvMXdizc V: 13 H:168 F:58
				848F46 C8          INY                    A:D001 X:0002 Y:0001 S:0127 D:0E68 DB:AF nvMXdizc V: 13 H:175 F:58
				848F47 B1 14       LDA ($14),Y   [AFD06E] A:D001 X:0002 Y:0002 S:0127 D:0E68 DB:AF nvMXdizc V: 13 H:178 F:58		CDAction = #$01
				848F49 85 17       STA $17       [000E7F] A:D00E X:0002 Y:0002 S:0127 D:0E68 DB:AF nvMXdizc V: 13 H:188 F:58
				848F4B A9 80       LDA #$80               A:D00E X:0002 Y:0002 S:0127 D:0E68 DB:AF nvMXdizc V: 13 H:194 F:58
				848F4D 04 17       TSB $17       [000E7F] A:D080 X:0002 Y:0002 S:0127 D:0E68 DB:AF NvMXdizc V: 13 H:197 F:58
				848F4F AB          PLB                    A:D080 X:0002 Y:0002 S:0127 D:0E68 DB:AF NvMXdiZc V: 13 H:207 F:58
				848F50 28          PLP                    A:D080 X:0002 Y:0002 S:0128 D:0E68 DB:86 NvMXdizc V: 13 H:214 F:58
				848F51 6B          RTL                    A:D080 X:0002 Y:0002 S:0129 D:0E68 DB:86 nvMXdizc V: 13 H:220 F:58

			81B7EF A5 0F       LDA $0F       [000E77] A:D080 X:0002 Y:0002 S:012C D:0E68 DB:86 nvMXdizc V: 13 H:231 F:58			|Branch if CDAction = #$00
			81B7F1 F0 32       BEQ $0032     [81B825] A:D001 X:0002 Y:0002 S:012C D:0E68 DB:86 nvMXdizc V: 13 H:237 F:58			|
			81B7F3 22 E8 81 82 JSL $8281E8   [8281E8] A:D001 X:0002 Y:0002 S:012C D:0E68 DB:86 nvMXdizc V: 13 H:240 F:58			JSL	$8281E8 --> Update E-Y-Vel, E-Positions

				8281E8 08          PHP                    A:D001 X:0002 Y:0002 S:0129 D:0E68 DB:86 nvMXdizc V: 13 H:254 F:58		Push Processor Flags
				8281E9 C2 20       REP #$20               A:D001 X:0002 Y:0002 S:0128 D:0E68 DB:86 nvMXdizc V: 13 H:259 F:58		A:2B
				8281EB 38          SEC                    A:D001 X:0002 Y:0002 S:0128 D:0E68 DB:86 nvmXdizc V: 13 H:263 F:58		|
				8281EC A5 1E       LDA $1E       [000E86] A:D001 X:0002 Y:0002 S:0128 D:0E68 DB:86 nvmXdizC V: 13 H:266 F:58		|E-Y-Vel = E-Y-Vel - E-Y-Acc 
				8281EE 29 FF 00    AND #$00FF             A:1040 X:0002 Y:0002 S:0128 D:0E68 DB:86 nvmXdizC V: 13 H:275 F:58		|
				8281F1 E5 1C       SBC $1C       [000E84] A:0040 X:0002 Y:0002 S:0128 D:0E68 DB:86 nvmXdizC V: 13 H:279 F:58		|
				8281F3 49 FF FF    EOR #$FFFF             A:F862 X:0002 Y:0002 S:0128 D:0E68 DB:86 NvmXdizc V: 13 H:288 F:58		|
				8281F6 1A          INC                    A:079D X:0002 Y:0002 S:0128 D:0E68 DB:86 nvmXdizc V: 13 H:292 F:58		|
				8281F7 85 1C       STA $1C       [000E84] A:079E X:0002 Y:0002 S:0128 D:0E68 DB:86 nvmXdizc V: 13 H:295 F:58		|
				8281F9 80 10       BRA $0010     [82820B] A:079E X:0002 Y:0002 S:0128 D:0E68 DB:86 nvmXdizc V: 13 H:304 F:58		...
				82820B C2 21       REP #$21               A:079E X:0002 Y:0002 S:0128 D:0E68 DB:86 nvmXdizc V: 13 H:308 F:58		
				82820D A5 04       LDA $04       [000E6C] A:079E X:0002 Y:0002 S:0128 D:0E68 DB:86 nvmXdizc V: 13 H:313 F:58		
				82820F 65 1A       ADC $1A       [000E82] A:20C0 X:0002 Y:0002 S:0128 D:0E68 DB:86 nvmXdizc V: 13 H:321 F:58		
				828211 85 04       STA $04       [000E6C] A:2370 X:0002 Y:0002 S:0128 D:0E68 DB:86 nvmXdizc V: 13 H:329 F:58		Store E-X-Subpos
				828213 E2 20       SEP #$20               A:2370 X:0002 Y:0002 S:0128 D:0E68 DB:86 nvmXdizc V: 13 H:337 F:58
				828215 A9 00       LDA #$00               A:2370 X:0002 Y:0002 S:0128 D:0E68 DB:86 nvMXdizc V: 14 H:  2 F:58		
				828217 24 1B       BIT $1B       [000E83] A:2300 X:0002 Y:0002 S:0128 D:0E68 DB:86 nvMXdiZc V: 14 H:  5 F:58				
				828219 10 01       BPL $0001     [82821C] A:2300 X:0002 Y:0002 S:0128 D:0E68 DB:86 nvMXdiZc V: 14 H: 11 F:58		
				82821C 65 06       ADC $06       [000E6E] A:2300 X:0002 Y:0002 S:0128 D:0E68 DB:86 nvMXdiZc V: 14 H: 16 F:58		
				82821E 85 06       STA $06       [000E6E] A:231E X:0002 Y:0002 S:0128 D:0E68 DB:86 nvMXdizc V: 14 H: 22 F:58		Store E-X-Pos (low byte)
				828220 C2 20       REP #$20               A:231E X:0002 Y:0002 S:0128 D:0E68 DB:86 nvMXdizc V: 14 H: 29 F:58
				828222 38          SEC                    A:231E X:0002 Y:0002 S:0128 D:0E68 DB:86 nvmXdizc V: 14 H: 33 F:58
				828223 A5 07       LDA $07       [000E6F] A:231E X:0002 Y:0002 S:0128 D:0E68 DB:86 nvmXdizC V: 14 H: 36 F:58		
				828225 E5 1C       SBC $1C       [000E84] A:AC80 X:0002 Y:0002 S:0128 D:0E68 DB:86 NvmXdizC V: 14 H: 45 F:58		
				828227 85 07       STA $07       [000E6F] A:A4E2 X:0002 Y:0002 S:0128 D:0E68 DB:86 NvmXdizC V: 14 H: 53 F:58		Update E-X-Pos and E-X-Subpos
				828229 E2 20       SEP #$20               A:A4E2 X:0002 Y:0002 S:0128 D:0E68 DB:86 NvmXdizC V: 14 H: 62 F:58		
				82822B 9C 00 00    STZ $0000     [860000] A:A4E2 X:0002 Y:0002 S:0128 D:0E68 DB:86 NvMXdizC V: 14 H: 66 F:58		
				82822E 24 1D       BIT $1D       [000E85] A:A4E2 X:0002 Y:0002 S:0128 D:0E68 DB:86 NvMXdizC V: 14 H: 73 F:58		
				828230 10 03       BPL $0003     [828235] A:A4E2 X:0002 Y:0002 S:0128 D:0E68 DB:86 nvMXdizC V: 14 H: 79 F:58		
				828235 A5 09       LDA $09       [000E71] A:A4E2 X:0002 Y:0002 S:0128 D:0E68 DB:86 nvMXdizC V: 14 H: 84 F:58		
				828237 ED 00 00    SBC $0000     [860000] A:A401 X:0002 Y:0002 S:0128 D:0E68 DB:86 nvMXdizC V: 14 H: 90 F:58		
				82823A 85 09       STA $09       [000E71] A:A401 X:0002 Y:0002 S:0128 D:0E68 DB:86 nvMXdizC V: 14 H: 97 F:58		Update E-Y-Pos (low byte)
				82823C 28          PLP                    A:A401 X:0002 Y:0002 S:0128 D:0E68 DB:86 nvMXdizC V: 14 H:103 F:58		Pull Processor Flags
				82823D 6B          RTL                    A:A401 X:0002 Y:0002 S:0129 D:0E68 DB:86 nvMXdizc V: 14 H:110 F:58		Return

			81B7F7 A5 1D       LDA $1D       [000E85] A:A401 X:0002 Y:0002 S:012C D:0E68 DB:86 nvMXdizc V: 14 H:120 F:58			|Return because E-Y-Vel (last byte) is positive
			81B7F9 10 2A       BPL $002A     [81B825] A:A407 X:0002 Y:0002 S:012C D:0E68 DB:86 nvMXdizc V: 14 H:127 F:58			|
			81B825 60          RTS                    A:A407 X:0002 Y:0002 S:012C D:0E68 DB:86 nvMXdizc V: 14 H:131 F:58			Return

		81B63B A9 09       LDA #$09               A:A407 X:0002 Y:0002 S:012E D:0E68 DB:86 nvMXdizc V: 14 H:151 F:58				Normal routine after subaction
		81B63D A6 35       LDX $35       [000E9D] A:A409 X:0002 Y:0002 S:012E D:0E68 DB:86 nvMXdizc V: 14 H:154 F:58
		81B63F F0 02       BEQ $0002     [81B643] A:A409 X:0000 Y:0002 S:012E D:0E68 DB:86 nvMXdiZc V: 14 H:161 F:58
		81B643 85 28       STA $28       [000E90] A:A409 X:0000 Y:0002 S:012E D:0E68 DB:86 nvMXdiZc V: 14 H:165 F:58
		81B645 A5 39       LDA $39       [000EA1] A:A409 X:0000 Y:0002 S:012E D:0E68 DB:86 nvMXdiZc V: 14 H:172 F:58
		81B647 F0 02       BEQ $0002     [81B64B] A:A400 X:0000 Y:0002 S:012E D:0E68 DB:86 nvMXdiZc V: 14 H:178 F:58
		81B64B A5 17       LDA $17       [000E7F] A:A400 X:0000 Y:0002 S:012E D:0E68 DB:86 nvMXdiZc V: 14 H:183 F:58
		81B64D 29 7F       AND #$7F               A:A48E X:0000 Y:0002 S:012E D:0E68 DB:86 NvMXdizc V: 14 H:189 F:58
		81B64F AA          TAX                    A:A40E X:0000 Y:0002 S:012E D:0E68 DB:86 nvMXdizc V: 14 H:192 F:58
		81B650 BD AB C4    LDA $C4AB,X   [86C4B9] A:A40E X:000E Y:0002 S:012E D:0E68 DB:86 nvMXdizc V: 14 H:195 F:58
		81B653 0A          ASL A                  A:A403 X:000E Y:0002 S:012E D:0E68 DB:86 nvMXdizc V: 14 H:201 F:58
		81B654 0A          ASL A                  A:A406 X:000E Y:0002 S:012E D:0E68 DB:86 nvMXdizc V: 14 H:204 F:58
		81B655 C2 20       REP #$20               A:A40C X:000E Y:0002 S:012E D:0E68 DB:86 nvMXdizc V: 14 H:207 F:58
		81B657 29 FF 00    AND #$00FF             A:A40C X:000E Y:0002 S:012E D:0E68 DB:86 nvmXdizc V: 14 H:212 F:58
		81B65A 18          CLC                    A:000C X:000E Y:0002 S:012E D:0E68 DB:86 nvmXdizc V: 14 H:216 F:58
		81B65B 69 37 C4    ADC #$C437             A:000C X:000E Y:0002 S:012E D:0E68 DB:86 nvmXdizc V: 14 H:219 F:58
		81B65E 85 20       STA $20       [000E88] A:C443 X:000E Y:0002 S:012E D:0E68 DB:86 NvmXdizc V: 14 H:224 F:58
		81B660 E2 20       SEP #$20               A:C443 X:000E Y:0002 S:012E D:0E68 DB:86 NvmXdizc V: 14 H:232 F:58
		81B662 22 43 9B 84 JSL $849B43   [849B43] A:C443 X:000E Y:0002 S:012E D:0E68 DB:86 NvMXdizc V: 14 H:237 F:58

			849B43 C2 10       REP #$10               A:C443 X:000E Y:0002 S:012B D:0E68 DB:86 NvMXdizc V: 14 H:250 F:58
			849B45 A5 27       LDA $27       [000E8F] A:C443 X:000E Y:0002 S:012B D:0E68 DB:86 NvMxdizc V: 14 H:255 F:58
			849B47 29 7F       AND #$7F               A:C420 X:000E Y:0002 S:012B D:0E68 DB:86 nvMxdizc V: 14 H:261 F:58
			849B49 85 27       STA $27       [000E8F] A:C420 X:000E Y:0002 S:012B D:0E68 DB:86 nvMxdizc V: 14 H:264 F:58
			849B4B F0 2C       BEQ $002C     [849B79] A:C420 X:000E Y:0002 S:012B D:0E68 DB:86 nvMxdizc V: 14 H:271 F:58
			849B4D A5 30       LDA $30       [000E98] A:C420 X:000E Y:0002 S:012B D:0E68 DB:86 nvMxdizc V: 14 H:274 F:58
			849B4F D0 28       BNE $0028     [849B79] A:C400 X:000E Y:0002 S:012B D:0E68 DB:86 nvMxdiZc V: 14 H:280 F:58
			849B51 A5 0E       LDA $0E       [000E76] A:C400 X:000E Y:0002 S:012B D:0E68 DB:86 nvMxdiZc V: 14 H:283 F:58
			849B53 F0 24       BEQ $0024     [849B79] A:C401 X:000E Y:0002 S:012B D:0E68 DB:86 nvMxdizc V: 14 H:290 F:58
			849B55 A2 28 12    LDX #$1228             A:C401 X:000E Y:0002 S:012B D:0E68 DB:86 nvMxdizc V: 14 H:293 F:58
			849B58 E2 20       SEP #$20               A:C401 X:1228 Y:0002 S:012B D:0E68 DB:86 nvMxdizc V: 14 H:297 F:58
			849B5A BD 00 00    LDA $0000,X   [861228] A:C401 X:1228 Y:0002 S:012B D:0E68 DB:86 nvMxdizc V: 14 H:302 F:58
			849B5D F0 0E       BEQ $000E     [849B6D] A:C400 X:1228 Y:0002 S:012B D:0E68 DB:86 nvMxdiZc V: 14 H:310 F:58
			849B6D C2 21       REP #$21               A:C400 X:1228 Y:0002 S:012B D:0E68 DB:86 nvMxdiZc V: 14 H:314 F:58
			849B6F 8A          TXA                    A:C400 X:1228 Y:0002 S:012B D:0E68 DB:86 nvmxdiZc V: 14 H:319 F:58
			849B70 69 40 00    ADC #$0040             A:1228 X:1228 Y:0002 S:012B D:0E68 DB:86 nvmxdizc V: 14 H:322 F:58
			849B73 AA          TAX                    A:1268 X:1228 Y:0002 S:012B D:0E68 DB:86 nvmxdizc V: 14 H:326 F:58
			849B74 C9 28 14    CMP #$1428             A:1268 X:1268 Y:0002 S:012B D:0E68 DB:86 nvmxdizc V: 14 H:328 F:58
			849B77 90 DF       BCC $00DF     [849B58] A:1268 X:1268 Y:0002 S:012B D:0E68 DB:86 Nvmxdizc V: 14 H:333 F:58
			849B58 E2 20       SEP #$20               A:1268 X:1268 Y:0002 S:012B D:0E68 DB:86 Nvmxdizc V: 14 H:337 F:58
			849B5A BD 00 00    LDA $0000,X   [861268] A:1268 X:1268 Y:0002 S:012B D:0E68 DB:86 NvMxdizc V: 15 H:  2 F:58
			849B5D F0 0E       BEQ $000E     [849B6D] A:1200 X:1268 Y:0002 S:012B D:0E68 DB:86 nvMxdiZc V: 15 H: 10 F:58
			849B6D C2 21       REP #$21               A:1200 X:1268 Y:0002 S:012B D:0E68 DB:86 nvMxdiZc V: 15 H: 14 F:58
			849B6F 8A          TXA                    A:1200 X:1268 Y:0002 S:012B D:0E68 DB:86 nvmxdiZc V: 15 H: 19 F:58
			849B70 69 40 00    ADC #$0040             A:1268 X:1268 Y:0002 S:012B D:0E68 DB:86 nvmxdizc V: 15 H: 22 F:58
			849B73 AA          TAX                    A:12A8 X:1268 Y:0002 S:012B D:0E68 DB:86 nvmxdizc V: 15 H: 26 F:58
			849B74 C9 28 14    CMP #$1428             A:12A8 X:12A8 Y:0002 S:012B D:0E68 DB:86 nvmxdizc V: 15 H: 29 F:58
			849B77 90 DF       BCC $00DF     [849B58] A:12A8 X:12A8 Y:0002 S:012B D:0E68 DB:86 Nvmxdizc V: 15 H: 34 F:58
			849B58 E2 20       SEP #$20               A:12A8 X:12A8 Y:0002 S:012B D:0E68 DB:86 Nvmxdizc V: 15 H: 38 F:58
			849B5A BD 00 00    LDA $0000,X   [8612A8] A:12A8 X:12A8 Y:0002 S:012B D:0E68 DB:86 NvMxdizc V: 15 H: 43 F:58
			849B5D F0 0E       BEQ $000E     [849B6D] A:1200 X:12A8 Y:0002 S:012B D:0E68 DB:86 nvMxdiZc V: 15 H: 51 F:58
			849B6D C2 21       REP #$21               A:1200 X:12A8 Y:0002 S:012B D:0E68 DB:86 nvMxdiZc V: 15 H: 55 F:58
			849B6F 8A          TXA                    A:1200 X:12A8 Y:0002 S:012B D:0E68 DB:86 nvmxdiZc V: 15 H: 60 F:58
			849B70 69 40 00    ADC #$0040             A:12A8 X:12A8 Y:0002 S:012B D:0E68 DB:86 nvmxdizc V: 15 H: 63 F:58
			849B73 AA          TAX                    A:12E8 X:12A8 Y:0002 S:012B D:0E68 DB:86 nvmxdizc V: 15 H: 67 F:58
			849B74 C9 28 14    CMP #$1428             A:12E8 X:12E8 Y:0002 S:012B D:0E68 DB:86 nvmxdizc V: 15 H: 70 F:58
			849B77 90 DF       BCC $00DF     [849B58] A:12E8 X:12E8 Y:0002 S:012B D:0E68 DB:86 Nvmxdizc V: 15 H: 75 F:58
			849B58 E2 20       SEP #$20               A:12E8 X:12E8 Y:0002 S:012B D:0E68 DB:86 Nvmxdizc V: 15 H: 79 F:58
			849B5A BD 00 00    LDA $0000,X   [8612E8] A:12E8 X:12E8 Y:0002 S:012B D:0E68 DB:86 NvMxdizc V: 15 H: 84 F:58
			849B5D F0 0E       BEQ $000E     [849B6D] A:1200 X:12E8 Y:0002 S:012B D:0E68 DB:86 nvMxdiZc V: 15 H: 92 F:58
			849B6D C2 21       REP #$21               A:1200 X:12E8 Y:0002 S:012B D:0E68 DB:86 nvMxdiZc V: 15 H: 96 F:58
			849B6F 8A          TXA                    A:1200 X:12E8 Y:0002 S:012B D:0E68 DB:86 nvmxdiZc V: 15 H:101 F:58
			849B70 69 40 00    ADC #$0040             A:12E8 X:12E8 Y:0002 S:012B D:0E68 DB:86 nvmxdizc V: 15 H:104 F:58
			849B73 AA          TAX                    A:1328 X:12E8 Y:0002 S:012B D:0E68 DB:86 nvmxdizc V: 15 H:108 F:58
			849B74 C9 28 14    CMP #$1428             A:1328 X:1328 Y:0002 S:012B D:0E68 DB:86 nvmxdizc V: 15 H:111 F:58
			849B77 90 DF       BCC $00DF     [849B58] A:1328 X:1328 Y:0002 S:012B D:0E68 DB:86 Nvmxdizc V: 15 H:116 F:58
			849B58 E2 20       SEP #$20               A:1328 X:1328 Y:0002 S:012B D:0E68 DB:86 Nvmxdizc V: 15 H:120 F:58
			849B5A BD 00 00    LDA $0000,X   [861328] A:1328 X:1328 Y:0002 S:012B D:0E68 DB:86 NvMxdizc V: 15 H:125 F:58
			849B5D F0 0E       BEQ $000E     [849B6D] A:1300 X:1328 Y:0002 S:012B D:0E68 DB:86 nvMxdiZc V: 15 H:133 F:58
			849B6D C2 21       REP #$21               A:1300 X:1328 Y:0002 S:012B D:0E68 DB:86 nvMxdiZc V: 15 H:147 F:58
			849B6F 8A          TXA                    A:1300 X:1328 Y:0002 S:012B D:0E68 DB:86 nvmxdiZc V: 15 H:152 F:58
			849B70 69 40 00    ADC #$0040             A:1328 X:1328 Y:0002 S:012B D:0E68 DB:86 nvmxdizc V: 15 H:155 F:58
			849B73 AA          TAX                    A:1368 X:1328 Y:0002 S:012B D:0E68 DB:86 nvmxdizc V: 15 H:159 F:58
			849B74 C9 28 14    CMP #$1428             A:1368 X:1368 Y:0002 S:012B D:0E68 DB:86 nvmxdizc V: 15 H:162 F:58
			849B77 90 DF       BCC $00DF     [849B58] A:1368 X:1368 Y:0002 S:012B D:0E68 DB:86 Nvmxdizc V: 15 H:167 F:58
			849B58 E2 20       SEP #$20               A:1368 X:1368 Y:0002 S:012B D:0E68 DB:86 Nvmxdizc V: 15 H:171 F:58
			849B5A BD 00 00    LDA $0000,X   [861368] A:1368 X:1368 Y:0002 S:012B D:0E68 DB:86 NvMxdizc V: 15 H:176 F:58
			849B5D F0 0E       BEQ $000E     [849B6D] A:1300 X:1368 Y:0002 S:012B D:0E68 DB:86 nvMxdiZc V: 15 H:184 F:58
			849B6D C2 21       REP #$21               A:1300 X:1368 Y:0002 S:012B D:0E68 DB:86 nvMxdiZc V: 15 H:188 F:58
			849B6F 8A          TXA                    A:1300 X:1368 Y:0002 S:012B D:0E68 DB:86 nvmxdiZc V: 15 H:193 F:58
			849B70 69 40 00    ADC #$0040             A:1368 X:1368 Y:0002 S:012B D:0E68 DB:86 nvmxdizc V: 15 H:196 F:58
			849B73 AA          TAX                    A:13A8 X:1368 Y:0002 S:012B D:0E68 DB:86 nvmxdizc V: 15 H:200 F:58
			849B74 C9 28 14    CMP #$1428             A:13A8 X:13A8 Y:0002 S:012B D:0E68 DB:86 nvmxdizc V: 15 H:203 F:58
			849B77 90 DF       BCC $00DF     [849B58] A:13A8 X:13A8 Y:0002 S:012B D:0E68 DB:86 Nvmxdizc V: 15 H:208 F:58
			849B58 E2 20       SEP #$20               A:13A8 X:13A8 Y:0002 S:012B D:0E68 DB:86 Nvmxdizc V: 15 H:212 F:58
			849B5A BD 00 00    LDA $0000,X   [8613A8] A:13A8 X:13A8 Y:0002 S:012B D:0E68 DB:86 NvMxdizc V: 15 H:217 F:58
			849B5D F0 0E       BEQ $000E     [849B6D] A:1300 X:13A8 Y:0002 S:012B D:0E68 DB:86 nvMxdiZc V: 15 H:225 F:58
			849B6D C2 21       REP #$21               A:1300 X:13A8 Y:0002 S:012B D:0E68 DB:86 nvMxdiZc V: 15 H:229 F:58
			849B6F 8A          TXA                    A:1300 X:13A8 Y:0002 S:012B D:0E68 DB:86 nvmxdiZc V: 15 H:234 F:58
			849B70 69 40 00    ADC #$0040             A:13A8 X:13A8 Y:0002 S:012B D:0E68 DB:86 nvmxdizc V: 15 H:237 F:58
			849B73 AA          TAX                    A:13E8 X:13A8 Y:0002 S:012B D:0E68 DB:86 nvmxdizc V: 15 H:241 F:58
			849B74 C9 28 14    CMP #$1428             A:13E8 X:13E8 Y:0002 S:012B D:0E68 DB:86 nvmxdizc V: 15 H:244 F:58
			849B77 90 DF       BCC $00DF     [849B58] A:13E8 X:13E8 Y:0002 S:012B D:0E68 DB:86 Nvmxdizc V: 15 H:249 F:58
			849B58 E2 20       SEP #$20               A:13E8 X:13E8 Y:0002 S:012B D:0E68 DB:86 Nvmxdizc V: 15 H:253 F:58
			849B5A BD 00 00    LDA $0000,X   [8613E8] A:13E8 X:13E8 Y:0002 S:012B D:0E68 DB:86 NvMxdizc V: 15 H:258 F:58
			849B5D F0 0E       BEQ $000E     [849B6D] A:1300 X:13E8 Y:0002 S:012B D:0E68 DB:86 nvMxdiZc V: 15 H:266 F:58
			849B6D C2 21       REP #$21               A:1300 X:13E8 Y:0002 S:012B D:0E68 DB:86 nvMxdiZc V: 15 H:270 F:58
			849B6F 8A          TXA                    A:1300 X:13E8 Y:0002 S:012B D:0E68 DB:86 nvmxdiZc V: 15 H:275 F:58
			849B70 69 40 00    ADC #$0040             A:13E8 X:13E8 Y:0002 S:012B D:0E68 DB:86 nvmxdizc V: 15 H:278 F:58
			849B73 AA          TAX                    A:1428 X:13E8 Y:0002 S:012B D:0E68 DB:86 nvmxdizc V: 15 H:282 F:58
			849B74 C9 28 14    CMP #$1428             A:1428 X:1428 Y:0002 S:012B D:0E68 DB:86 nvmxdizc V: 15 H:285 F:58
			849B77 90 DF       BCC $00DF     [849B58] A:1428 X:1428 Y:0002 S:012B D:0E68 DB:86 nvmxdiZC V: 15 H:290 F:58
			849B79 E2 30       SEP #$30               A:1428 X:1428 Y:0002 S:012B D:0E68 DB:86 nvmxdiZC V: 15 H:293 F:58
			849B7B A9 00       LDA #$00               A:1428 X:0028 Y:0002 S:012B D:0E68 DB:86 nvMXdiZC V: 15 H:297 F:58
			849B7D 6B          RTL                    A:1400 X:0028 Y:0002 S:012B D:0E68 DB:86 nvMXdiZC V: 15 H:300 F:58

		81B666 F0 5C       BEQ $005C     [81B6C4] A:1400 X:0028 Y:0002 S:012E D:0E68 DB:86 nvMXdiZC V: 15 H:311 F:58
		81B6C4 A5 35       LDA $35       [000E9D] A:1400 X:0028 Y:0002 S:012E D:0E68 DB:86 nvMXdiZC V: 15 H:315 F:58
		81B6C6 F0 18       BEQ $0018     [81B6E0] A:1400 X:0028 Y:0002 S:012E D:0E68 DB:86 nvMXdiZC V: 15 H:322 F:58
		81B6E0 22 03 9B 84 JSL $849B03   [849B03] A:1400 X:0028 Y:0002 S:012E D:0E68 DB:86 nvMXdiZC V: 15 H:326 F:58

			849B03 C2 10       REP #$10               A:1400 X:0028 Y:0002 S:012B D:0E68 DB:86 nvMXdiZC V: 15 H:339 F:58
			849B05 A5 27       LDA $27       [000E8F] A:1400 X:0028 Y:0002 S:012B D:0E68 DB:86 nvMxdiZC V: 16 H:  3 F:58
			849B07 F0 70       BEQ $0070     [849B79] A:1420 X:0028 Y:0002 S:012B D:0E68 DB:86 nvMxdizC V: 16 H: 10 F:58
			849B09 A5 0E       LDA $0E       [000E76] A:1420 X:0028 Y:0002 S:012B D:0E68 DB:86 nvMxdizC V: 16 H: 13 F:58
			849B0B F0 31       BEQ $0031     [849B3E] A:1401 X:0028 Y:0002 S:012B D:0E68 DB:86 nvMxdizC V: 16 H: 19 F:58
			849B0D AD 0C 1F    LDA $1F0C     [861F0C] A:1401 X:0028 Y:0002 S:012B D:0E68 DB:86 nvMxdizC V: 16 H: 22 F:58
			849B10 D0 2C       BNE $002C     [849B3E] A:1400 X:0028 Y:0002 S:012B D:0E68 DB:86 nvMxdiZC V: 16 H: 29 F:58
			849B12 AD 32 0C    LDA $0C32     [860C32] A:1400 X:0028 Y:0002 S:012B D:0E68 DB:86 nvMxdiZC V: 16 H: 32 F:58
			849B15 D0 11       BNE $0011     [849B28] A:1400 X:0028 Y:0002 S:012B D:0E68 DB:86 nvMxdiZC V: 16 H: 38 F:58
			849B17 AD 30 0C    LDA $0C30     [860C30] A:1400 X:0028 Y:0002 S:012B D:0E68 DB:86 nvMxdiZC V: 16 H: 41 F:58
			849B1A D0 0C       BNE $000C     [849B28] A:1400 X:0028 Y:0002 S:012B D:0E68 DB:86 nvMxdiZC V: 16 H: 48 F:58
			849B1C A2 A8 0B    LDX #$0BA8             A:1400 X:0028 Y:0002 S:012B D:0E68 DB:86 nvMxdiZC V: 16 H: 51 F:58
			849B1F 22 0E 9C 84 JSL $849C0E   [849C0E] A:1400 X:0BA8 Y:0002 S:012B D:0E68 DB:86 nvMxdizC V: 16 H: 55 F:58

				849C0E 5A          PHY                    A:1400 X:0BA8 Y:0002 S:0128 D:0E68 DB:86 nvMxdizC V: 16 H: 69 F:58
				849C0F A4 20       LDY $20       [000E88] A:1400 X:0BA8 Y:0002 S:0126 D:0E68 DB:86 nvMxdizC V: 16 H: 76 F:58
				849C11 D0 03       BNE $0003     [849C16] A:1400 X:0BA8 Y:C443 S:0126 D:0E68 DB:86 NvMxdizC V: 16 H: 84 F:58
				849C16 BC 20 00    LDY $0020,X   [860BC8] A:1400 X:0BA8 Y:C443 S:0126 D:0E68 DB:86 NvMxdizC V: 16 H: 89 F:58
				849C19 D0 03       BNE $0003     [849C1E] A:1400 X:0BA8 Y:A552 S:0126 D:0E68 DB:86 NvMxdizC V: 16 H: 99 F:58
				849C1E C2 20       REP #$20               A:1400 X:0BA8 Y:A552 S:0126 D:0E68 DB:86 NvMxdizC V: 16 H:103 F:58
				849C20 DA          PHX                    A:1400 X:0BA8 Y:A552 S:0126 D:0E68 DB:86 NvmxdizC V: 16 H:108 F:58
				849C21 BD 05 00    LDA $0005,X   [860BAD] A:1400 X:0BA8 Y:A552 S:0124 D:0E68 DB:86 NvmxdizC V: 16 H:115 F:58
				849C24 8D 04 00    STA $0004     [860004] A:1EE0 X:0BA8 Y:A552 S:0124 D:0E68 DB:86 nvmxdizC V: 16 H:125 F:58
				849C27 BD 08 00    LDA $0008,X   [860BB0] A:1EE0 X:0BA8 Y:A552 S:0124 D:0E68 DB:86 nvmxdizC V: 16 H:143 F:58
				849C2A 8D 06 00    STA $0006     [860006] A:01AF X:0BA8 Y:A552 S:0124 D:0E68 DB:86 nvmxdizC V: 16 H:153 F:58
				849C2D A5 05       LDA $05       [000E6D] A:01AF X:0BA8 Y:A552 S:0124 D:0E68 DB:86 nvmxdizC V: 16 H:162 F:58
				849C2F 8D 0C 00    STA $000C     [86000C] A:1E23 X:0BA8 Y:A552 S:0124 D:0E68 DB:86 nvmxdizC V: 16 H:170 F:58
				849C32 A5 08       LDA $08       [000E70] A:1E23 X:0BA8 Y:A552 S:0124 D:0E68 DB:86 nvmxdizC V: 16 H:179 F:58
				849C34 8D 0E 00    STA $000E     [86000E] A:01A4 X:0BA8 Y:A552 S:0124 D:0E68 DB:86 nvmxdizC V: 16 H:187 F:58
				849C37 E2 20       SEP #$20               A:01A4 X:0BA8 Y:A552 S:0124 D:0E68 DB:86 nvmxdizC V: 16 H:196 F:58
				849C39 BD 11 00    LDA $0011,X   [860BB9] A:01A4 X:0BA8 Y:A552 S:0124 D:0E68 DB:86 nvMxdizC V: 16 H:200 F:58
				849C3C 8D 08 00    STA $0008     [860008] A:0122 X:0BA8 Y:A552 S:0124 D:0E68 DB:86 nvMxdizC V: 16 H:208 F:58
				849C3F A5 11       LDA $11       [000E79] A:0122 X:0BA8 Y:A552 S:0124 D:0E68 DB:86 nvMxdizC V: 16 H:215 F:58
				849C41 8D 09 00    STA $0009     [860009] A:0169 X:0BA8 Y:A552 S:0124 D:0E68 DB:86 nvMxdizC V: 16 H:221 F:58
				849C44 BC 20 00    LDY $0020,X   [860BC8] A:0169 X:0BA8 Y:A552 S:0124 D:0E68 DB:86 nvMxdizC V: 16 H:228 F:58
				849C47 A6 20       LDX $20       [000E88] A:0169 X:0BA8 Y:A552 S:0124 D:0E68 DB:86 NvMxdizC V: 16 H:238 F:58
				849C49 0B          PHD                    A:0169 X:C443 Y:A552 S:0124 D:0E68 DB:86 NvMxdizC V: 16 H:246 F:58
				849C4A F4 00 00    PEA $0000              A:0169 X:C443 Y:A552 S:0122 D:0E68 DB:86 NvMxdizC V: 16 H:253 F:58
				849C4D 2B          PLD                    A:0169 X:C443 Y:A552 S:0120 D:0E68 DB:86 NvMxdizC V: 16 H:262 F:58
				849C4E BD 02 00    LDA $0002,X   [86C445] A:0169 X:C443 Y:A552 S:0122 D:0000 DB:86 nvMxdiZC V: 16 H:270 F:58
				849C51 18          CLC                    A:0109 X:C443 Y:A552 S:0122 D:0000 DB:86 nvMxdizC V: 16 H:278 F:58
				849C52 79 02 00    ADC $0002,Y   [86A554] A:0109 X:C443 Y:A552 S:0122 D:0000 DB:86 nvMxdizc V: 16 H:281 F:58
				849C55 85 00       STA $00       [000000] A:010F X:C443 Y:A552 S:0122 D:0000 DB:86 nvMxdizc V: 16 H:288 F:58
				849C57 64 01       STZ $01       [000001] A:010F X:C443 Y:A552 S:0122 D:0000 DB:86 nvMxdizc V: 16 H:293 F:58
				849C59 BD 03 00    LDA $0003,X   [86C446] A:010F X:C443 Y:A552 S:0122 D:0000 DB:86 nvMxdizc V: 16 H:298 F:58
				849C5C 18          CLC                    A:010C X:C443 Y:A552 S:0122 D:0000 DB:86 nvMxdizc V: 16 H:306 F:58
				849C5D 79 03 00    ADC $0003,Y   [86A555] A:010C X:C443 Y:A552 S:0122 D:0000 DB:86 nvMxdizc V: 16 H:309 F:58
				849C60 85 02       STA $02       [000002] A:011A X:C443 Y:A552 S:0122 D:0000 DB:86 nvMxdizc V: 16 H:316 F:58
				849C62 64 03       STZ $03       [000003] A:011A X:C443 Y:A552 S:0122 D:0000 DB:86 nvMxdizc V: 16 H:321 F:58
				849C64 C2 21       REP #$21               A:011A X:C443 Y:A552 S:0122 D:0000 DB:86 nvMxdizc V: 16 H:326 F:58
				849C66 B9 00 00    LDA $0000,Y   [86A552] A:011A X:C443 Y:A552 S:0122 D:0000 DB:86 nvmxdizc V: 16 H:330 F:58
				849C69 29 FF 00    AND #$00FF             A:FF00 X:C443 Y:A552 S:0122 D:0000 DB:86 Nvmxdizc V: 16 H:339 F:58
				849C6C 89 80 00    BIT #$0080             A:0000 X:C443 Y:A552 S:0122 D:0000 DB:86 nvmxdiZc V: 17 H:  3 F:58
				849C6F F0 03       BEQ $0003     [849C74] A:0000 X:C443 Y:A552 S:0122 D:0000 DB:86 nvmxdiZc V: 17 H:  8 F:58
				849C74 24 07       BIT $07       [000007] A:0000 X:C443 Y:A552 S:0122 D:0000 DB:86 nvmxdiZc V: 17 H: 12 F:58
				849C76 50 04       BVC $0004     [849C7C] A:0000 X:C443 Y:A552 S:0122 D:0000 DB:86 nvmxdiZc V: 17 H: 19 F:58
				849C7C 85 0A       STA $0A       [00000A] A:0000 X:C443 Y:A552 S:0122 D:0000 DB:86 nvmxdiZc V: 17 H: 24 F:58
				849C7E 64 10       STZ $10       [000010] A:0000 X:C443 Y:A552 S:0122 D:0000 DB:86 nvmxdiZc V: 17 H: 31 F:58
				849C80 BD 00 00    LDA $0000,X   [86C443] A:0000 X:C443 Y:A552 S:0122 D:0000 DB:86 nvmxdiZc V: 17 H: 38 F:58
				849C83 29 FF 00    AND #$00FF             A:F4FE X:C443 Y:A552 S:0122 D:0000 DB:86 Nvmxdizc V: 17 H: 47 F:58
				849C86 89 80 00    BIT #$0080             A:00FE X:C443 Y:A552 S:0122 D:0000 DB:86 nvmxdizc V: 17 H: 51 F:58
				849C89 F0 03       BEQ $0003     [849C8E] A:00FE X:C443 Y:A552 S:0122 D:0000 DB:86 nvmxdizc V: 17 H: 56 F:58
				849C8B 09 00 FF    ORA #$FF00             A:00FE X:C443 Y:A552 S:0122 D:0000 DB:86 nvmxdizc V: 17 H: 59 F:58
				849C8E 24 08       BIT $08       [000008] A:FFFE X:C443 Y:A552 S:0122 D:0000 DB:86 Nvmxdizc V: 17 H: 63 F:58
				849C90 50 04       BVC $0004     [849C96] A:FFFE X:C443 Y:A552 S:0122 D:0000 DB:86 nVmxdizc V: 17 H: 70 F:58
				849C92 49 FF FF    EOR #$FFFF             A:FFFE X:C443 Y:A552 S:0122 D:0000 DB:86 nVmxdizc V: 17 H: 73 F:58
				849C95 1A          INC                    A:0001 X:C443 Y:A552 S:0122 D:0000 DB:86 nVmxdizc V: 17 H: 78 F:58
				849C96 65 0C       ADC $0C       [00000C] A:0002 X:C443 Y:A552 S:0122 D:0000 DB:86 nVmxdizc V: 17 H: 81 F:58
				849C98 38          SEC                    A:1E25 X:C443 Y:A552 S:0122 D:0000 DB:86 nvmxdizc V: 17 H: 88 F:58
				849C99 E5 04       SBC $04       [000004] A:1E25 X:C443 Y:A552 S:0122 D:0000 DB:86 nvmxdizC V: 17 H: 91 F:58
				849C9B 38          SEC                    A:FF45 X:C443 Y:A552 S:0122 D:0000 DB:86 Nvmxdizc V: 17 H: 98 F:58
				849C9C E5 0A       SBC $0A       [00000A] A:FF45 X:C443 Y:A552 S:0122 D:0000 DB:86 NvmxdizC V: 17 H:101 F:58
				849C9E 10 06       BPL $0006     [849CA6] A:FF45 X:C443 Y:A552 S:0122 D:0000 DB:86 NvmxdizC V: 17 H:108 F:58
				849CA0 C6 10       DEC $10       [000010] A:FF45 X:C443 Y:A552 S:0122 D:0000 DB:86 NvmxdizC V: 17 H:111 F:58
				849CA2 49 FF FF    EOR #$FFFF             A:FF45 X:C443 Y:A552 S:0122 D:0000 DB:86 NvmxdizC V: 17 H:123 F:58
				849CA5 1A          INC                    A:00BA X:C443 Y:A552 S:0122 D:0000 DB:86 nvmxdizC V: 17 H:128 F:58
				849CA6 85 04       STA $04       [000004] A:00BB X:C443 Y:A552 S:0122 D:0000 DB:86 nvmxdizC V: 17 H:131 F:58
				849CA8 A5 00       LDA $00       [000000] A:00BB X:C443 Y:A552 S:0122 D:0000 DB:86 nvmxdizC V: 17 H:148 F:58
				849CAA 38          SEC                    A:000F X:C443 Y:A552 S:0122 D:0000 DB:86 nvmxdizC V: 17 H:155 F:58
				849CAB E5 04       SBC $04       [000004] A:000F X:C443 Y:A552 S:0122 D:0000 DB:86 nvmxdizC V: 17 H:158 F:58
				849CAD 1A          INC                    A:FF54 X:C443 Y:A552 S:0122 D:0000 DB:86 Nvmxdizc V: 17 H:165 F:58
				849CAE 85 04       STA $04       [000004] A:FF55 X:C443 Y:A552 S:0122 D:0000 DB:86 Nvmxdizc V: 17 H:168 F:58
				849CB0 24 0F       BIT $0F       [00000F] A:FF55 X:C443 Y:A552 S:0122 D:0000 DB:86 Nvmxdizc V: 17 H:175 F:58
				849CB2 30 04       BMI $0004     [849CB8] A:FF55 X:C443 Y:A552 S:0122 D:0000 DB:86 NVmxdizc V: 17 H:182 F:58
				849CB8 85 00       STA $00       [000000] A:FF55 X:C443 Y:A552 S:0122 D:0000 DB:86 NVmxdizc V: 17 H:186 F:58
				849CBA 90 45       BCC $0045     [849D01] A:FF55 X:C443 Y:A552 S:0122 D:0000 DB:86 NVmxdizc V: 17 H:193 F:58
				849D01 E2 20       SEP #$20               A:FF55 X:C443 Y:A552 S:0122 D:0000 DB:86 NVmxdizc V: 17 H:198 F:58
				849D03 2B          PLD                    A:FF55 X:C443 Y:A552 S:0122 D:0000 DB:86 NVMxdizc V: 17 H:202 F:58
				849D04 FA          PLX                    A:FF55 X:C443 Y:A552 S:0124 D:0E68 DB:86 nVMxdizc V: 17 H:211 F:58
				849D05 7A          PLY                    A:FF55 X:0BA8 Y:A552 S:0126 D:0E68 DB:86 nVMxdizc V: 17 H:219 F:58
				849D06 6B          RTL                    A:FF55 X:0BA8 Y:0002 S:0128 D:0E68 DB:86 nVMxdizc V: 17 H:228 F:58

			849B23 90 19       BCC $0019     [849B3E] A:FF55 X:0BA8 Y:0002 S:012B D:0E68 DB:86 nVMxdizc V: 17 H:238 F:58
			849B3E E2 10       SEP #$10               A:FF55 X:0BA8 Y:0002 S:012B D:0E68 DB:86 nVMxdizc V: 17 H:243 F:58
			849B40 A9 00       LDA #$00               A:FF55 X:00A8 Y:0002 S:012B D:0E68 DB:86 nVMXdizc V: 17 H:247 F:58
			849B42 6B          RTL                    A:FF00 X:00A8 Y:0002 S:012B D:0E68 DB:86 nVMXdiZc V: 17 H:250 F:58

		81B6E4 AD CF 0B    LDA $0BCF     [860BCF] A:FF00 X:00A8 Y:0002 S:012E D:0E68 DB:86 nVMXdiZc V: 17 H:261 F:58
		81B6E7 29 7F       AND #$7F               A:FF20 X:00A8 Y:0002 S:012E D:0E68 DB:86 nVMXdizc V: 17 H:267 F:58
		81B6E9 D0 04       BNE $0004     [81B6EF] A:FF20 X:00A8 Y:0002 S:012E D:0E68 DB:86 nVMXdizc V: 17 H:270 F:58
		81B6EF 5C B4 80 82 JML $8280B4   [8280B4] A:FF20 X:00A8 Y:0002 S:012E D:0E68 DB:86 nVMXdizc V: 17 H:275 F:58

		8280B4 C2 20       REP #$20               A:FF20 X:00A8 Y:0002 S:012E D:0E68 DB:86 nVMXdizc V: 17 H:281 F:58
		8280B6 38          SEC                    A:FF20 X:00A8 Y:0002 S:012E D:0E68 DB:86 nVmXdizc V: 17 H:285 F:58
		8280B7 A5 05       LDA $05       [000E6D] A:FF20 X:00A8 Y:0002 S:012E D:0E68 DB:86 nVmXdizC V: 17 H:288 F:58
		8280B9 ED 4D 1E    SBC $1E4D     [861E4D] A:1E23 X:00A8 Y:0002 S:012E D:0E68 DB:86 nVmXdizC V: 17 H:297 F:58
		8280BC 18          CLC                    A:0023 X:00A8 Y:0002 S:012E D:0E68 DB:86 nvmXdizC V: 17 H:305 F:58
		8280BD 69 20 00    ADC #$0020             A:0023 X:00A8 Y:0002 S:012E D:0E68 DB:86 nvmXdizc V: 17 H:308 F:58
		8280C0 C9 40 01    CMP #$0140             A:0043 X:00A8 Y:0002 S:012E D:0E68 DB:86 nvmXdizc V: 17 H:313 F:58
		8280C3 B0 0F       BCS $000F     [8280D4] A:0043 X:00A8 Y:0002 S:012E D:0E68 DB:86 NvmXdizc V: 17 H:317 F:58
		8280C5 38          SEC                    A:0043 X:00A8 Y:0002 S:012E D:0E68 DB:86 NvmXdizc V: 17 H:320 F:58
		8280C6 A5 08       LDA $08       [000E70] A:0043 X:00A8 Y:0002 S:012E D:0E68 DB:86 NvmXdizC V: 17 H:323 F:58
		8280C8 ED 50 1E    SBC $1E50     [861E50] A:01A4 X:00A8 Y:0002 S:012E D:0E68 DB:86 nvmXdizC V: 17 H:331 F:58
		8280CB 18          CLC                    A:00A4 X:00A8 Y:0002 S:012E D:0E68 DB:86 nvmXdizC V: 17 H:339 F:58
		8280CC 69 10 00    ADC #$0010             A:00A4 X:00A8 Y:0002 S:012E D:0E68 DB:86 nvmXdizc V: 18 H:  2 F:58
		8280CF C9 00 01    CMP #$0100             A:00B4 X:00A8 Y:0002 S:012E D:0E68 DB:86 nvmXdizc V: 18 H:  7 F:58
		8280D2 90 05       BCC $0005     [8280D9] A:00B4 X:00A8 Y:0002 S:012E D:0E68 DB:86 NvmXdizc V: 18 H: 11 F:58
		8280D9 E2 20       SEP #$20               A:00B4 X:00A8 Y:0002 S:012E D:0E68 DB:86 NvmXdizc V: 18 H: 16 F:58
		8280DB A9 81       LDA #$81               A:00B4 X:00A8 Y:0002 S:012E D:0E68 DB:86 NvMXdizc V: 18 H: 20 F:58
		8280DD 85 0E       STA $0E       [000E76] A:0081 X:00A8 Y:0002 S:012E D:0E68 DB:86 NvMXdizc V: 18 H: 23 F:58
		8280DF E2 30       SEP #$30               A:0081 X:00A8 Y:0002 S:012E D:0E68 DB:86 NvMXdizc V: 18 H: 30 F:58
		8280E1 A6 12       LDX $12       [000E7A] A:0081 X:00A8 Y:0002 S:012E D:0E68 DB:86 NvMXdizc V: 18 H: 34 F:58
		8280E3 10 02       BPL $0002     [8280E7] A:0081 X:0004 Y:0002 S:012E D:0E68 DB:86 nvMXdizc V: 18 H: 41 F:58
		8280E7 7C EA 80    JMP ($80EA,X) [8280EE] A:0081 X:0004 Y:0002 S:012E D:0E68 DB:86 nvMXdizc V: 18 H: 45 F:58

		828135 AD EA 00    LDA $00EA     [8600EA] A:0081 X:0004 Y:0002 S:012E D:0E68 DB:86 nvMXdizc V: 18 H: 54 F:58
		828138 C9 20       CMP #$20               A:0001 X:0004 Y:0002 S:012E D:0E68 DB:86 nvMXdizc V: 18 H: 61 F:58
		82813A B0 0D       BCS $000D     [828149] A:0001 X:0004 Y:0002 S:012E D:0E68 DB:86 NvMXdizc V: 18 H: 64 F:58
		82813C 0A          ASL A                  A:0001 X:0004 Y:0002 S:012E D:0E68 DB:86 NvMXdizc V: 18 H: 67 F:58
		82813D AA          TAX                    A:0002 X:0004 Y:0002 S:012E D:0E68 DB:86 nvMXdizc V: 18 H: 70 F:58
		82813E C2 20       REP #$20               A:0002 X:0002 Y:0002 S:012E D:0E68 DB:86 nvMXdizc V: 18 H: 73 F:58
		828140 7B          TDC                    A:0002 X:0002 Y:0002 S:012E D:0E68 DB:86 nvmXdizc V: 18 H: 77 F:58
		828141 9D E0 09    STA $09E0,X   [8609E2] A:0E68 X:0002 Y:0002 S:012E D:0E68 DB:86 nvmXdizc V: 18 H: 80 F:58
		828144 E2 20       SEP #$20               A:0E68 X:0002 Y:0002 S:012E D:0E68 DB:86 nvmXdizc V: 18 H: 90 F:58
		828146 EE EA 00    INC $00EA     [8600EA] A:0E68 X:0002 Y:0002 S:012E D:0E68 DB:86 nvMXdizc V: 18 H: 95 F:58
		828149 6B          RTL                    A:0E68 X:0002 Y:0002 S:012E D:0E68 DB:86 nvMXdizc V: 18 H:105 F:58

	80F9BF 60          RTS                    A:0E68 X:0002 Y:0002 S:0131 D:0E68 DB:86 nvMXdizc V: 18 H:115 F:58

80D4F9 C2 21       REP #$21               A:0E68 X:0002 Y:0002 S:0133 D:0E68 DB:86 nvMXdizc V: 18 H:125 F:58
80D4FB 7B          TDC                    A:0E68 X:0002 Y:0002 S:0133 D:0E68 DB:86 nvmXdizc V: 18 H:130 F:58
80D4FC 69 40 00    ADC #$0040             A:0E68 X:0002 Y:0002 S:0133 D:0E68 DB:86 nvmXdizc V: 18 H:133 F:58
80D4FF C9 28 12    CMP #$1228             A:0EA8 X:0002 Y:0002 S:0133 D:0E68 DB:86 nvmXdizc V: 18 H:147 F:58
80D502 90 EB       BCC $00EB     [80D4EF] A:0EA8 X:0002 Y:0002 S:0133 D:0E68 DB:86 NvmXdizc V: 18 H:152 F:58
80D4EF 5B          TCD                    A:0EA8 X:0002 Y:0002 S:0133 D:0E68 DB:86 NvmXdizc V: 18 H:156 F:58
80D4F0 E2 30       SEP #$30               A:0EA8 X:0002 Y:0002 S:0133 D:0EA8 DB:86 nvmXdizc V: 18 H:159 F:58
80D4F2 A5 00       LDA $00       [000EA8] A:0EA8 X:0002 Y:0002 S:0133 D:0EA8 DB:86 nvMXdizc V: 18 H:164 F:58
80D4F4 F0 03       BEQ $0003     [80D4F9] A:0E00 X:0002 Y:0002 S:0133 D:0EA8 DB:86 nvMXdiZc V: 18 H:170 F:58
80D4F9 C2 21       REP #$21               A:0E00 X:0002 Y:0002 S:0133 D:0EA8 DB:86 nvMXdiZc V: 18 H:175 F:58
80D4FB 7B          TDC                    A:0E00 X:0002 Y:0002 S:0133 D:0EA8 DB:86 nvmXdiZc V: 18 H:179 F:58
80D4FC 69 40 00    ADC #$0040             A:0EA8 X:0002 Y:0002 S:0133 D:0EA8 DB:86 nvmXdizc V: 18 H:182 F:58
80D4FF C9 28 12    CMP #$1228             A:0EE8 X:0002 Y:0002 S:0133 D:0EA8 DB:86 nvmXdizc V: 18 H:187 F:58
80D502 90 EB       BCC $00EB     [80D4EF] A:0EE8 X:0002 Y:0002 S:0133 D:0EA8 DB:86 NvmXdizc V: 18 H:191 F:58
80D4EF 5B          TCD                    A:0EE8 X:0002 Y:0002 S:0133 D:0EA8 DB:86 NvmXdizc V: 18 H:196 F:58
80D4F0 E2 30       SEP #$30               A:0EE8 X:0002 Y:0002 S:0133 D:0EE8 DB:86 nvmXdizc V: 18 H:199 F:58
80D4F2 A5 00       LDA $00       [000EE8] A:0EE8 X:0002 Y:0002 S:0133 D:0EE8 DB:86 nvMXdizc V: 18 H:203 F:58
80D4F4 F0 03       BEQ $0003     [80D4F9] A:0E00 X:0002 Y:0002 S:0133 D:0EE8 DB:86 nvMXdiZc V: 18 H:210 F:58
80D4F9 C2 21       REP #$21               A:0E00 X:0002 Y:0002 S:0133 D:0EE8 DB:86 nvMXdiZc V: 18 H:214 F:58
80D4FB 7B          TDC                    A:0E00 X:0002 Y:0002 S:0133 D:0EE8 DB:86 nvmXdiZc V: 18 H:219 F:58
80D4FC 69 40 00    ADC #$0040             A:0EE8 X:0002 Y:0002 S:0133 D:0EE8 DB:86 nvmXdizc V: 18 H:222 F:58
80D4FF C9 28 12    CMP #$1228             A:0F28 X:0002 Y:0002 S:0133 D:0EE8 DB:86 nvmXdizc V: 18 H:226 F:58
80D502 90 EB       BCC $00EB     [80D4EF] A:0F28 X:0002 Y:0002 S:0133 D:0EE8 DB:86 NvmXdizc V: 18 H:231 F:58
80D4EF 5B          TCD                    A:0F28 X:0002 Y:0002 S:0133 D:0EE8 DB:86 NvmXdizc V: 18 H:235 F:58
80D4F0 E2 30       SEP #$30               A:0F28 X:0002 Y:0002 S:0133 D:0F28 DB:86 nvmXdizc V: 18 H:238 F:58
80D4F2 A5 00       LDA $00       [000F28] A:0F28 X:0002 Y:0002 S:0133 D:0F28 DB:86 nvMXdizc V: 18 H:243 F:58
80D4F4 F0 03       BEQ $0003     [80D4F9] A:0F00 X:0002 Y:0002 S:0133 D:0F28 DB:86 nvMXdiZc V: 18 H:249 F:58
80D4F9 C2 21       REP #$21               A:0F00 X:0002 Y:0002 S:0133 D:0F28 DB:86 nvMXdiZc V: 18 H:254 F:58
80D4FB 7B          TDC                    A:0F00 X:0002 Y:0002 S:0133 D:0F28 DB:86 nvmXdiZc V: 18 H:258 F:58
80D4FC 69 40 00    ADC #$0040             A:0F28 X:0002 Y:0002 S:0133 D:0F28 DB:86 nvmXdizc V: 18 H:261 F:58
80D4FF C9 28 12    CMP #$1228             A:0F68 X:0002 Y:0002 S:0133 D:0F28 DB:86 nvmXdizc V: 18 H:266 F:58
80D502 90 EB       BCC $00EB     [80D4EF] A:0F68 X:0002 Y:0002 S:0133 D:0F28 DB:86 NvmXdizc V: 18 H:270 F:58
80D4EF 5B          TCD                    A:0F68 X:0002 Y:0002 S:0133 D:0F28 DB:86 NvmXdizc V: 18 H:275 F:58
80D4F0 E2 30       SEP #$30               A:0F68 X:0002 Y:0002 S:0133 D:0F68 DB:86 nvmXdizc V: 18 H:278 F:58
80D4F2 A5 00       LDA $00       [000F68] A:0F68 X:0002 Y:0002 S:0133 D:0F68 DB:86 nvMXdizc V: 18 H:282 F:58
80D4F4 F0 03       BEQ $0003     [80D4F9] A:0F00 X:0002 Y:0002 S:0133 D:0F68 DB:86 nvMXdiZc V: 18 H:289 F:58
80D4F9 C2 21       REP #$21               A:0F00 X:0002 Y:0002 S:0133 D:0F68 DB:86 nvMXdiZc V: 18 H:293 F:58
80D4FB 7B          TDC                    A:0F00 X:0002 Y:0002 S:0133 D:0F68 DB:86 nvmXdiZc V: 18 H:298 F:58
80D4FC 69 40 00    ADC #$0040             A:0F68 X:0002 Y:0002 S:0133 D:0F68 DB:86 nvmXdizc V: 18 H:301 F:58
80D4FF C9 28 12    CMP #$1228             A:0FA8 X:0002 Y:0002 S:0133 D:0F68 DB:86 nvmXdizc V: 18 H:305 F:58
80D502 90 EB       BCC $00EB     [80D4EF] A:0FA8 X:0002 Y:0002 S:0133 D:0F68 DB:86 NvmXdizc V: 18 H:310 F:58
80D4EF 5B          TCD                    A:0FA8 X:0002 Y:0002 S:0133 D:0F68 DB:86 NvmXdizc V: 18 H:314 F:58
80D4F0 E2 30       SEP #$30               A:0FA8 X:0002 Y:0002 S:0133 D:0FA8 DB:86 nvmXdizc V: 18 H:317 F:58
80D4F2 A5 00       LDA $00       [000FA8] A:0FA8 X:0002 Y:0002 S:0133 D:0FA8 DB:86 nvMXdizc V: 18 H:322 F:58
80D4F4 F0 03       BEQ $0003     [80D4F9] A:0F00 X:0002 Y:0002 S:0133 D:0FA8 DB:86 nvMXdiZc V: 18 H:327 F:58
80D4F9 C2 21       REP #$21               A:0F00 X:0002 Y:0002 S:0133 D:0FA8 DB:86 nvMXdiZc V: 18 H:332 F:58
80D4FB 7B          TDC                    A:0F00 X:0002 Y:0002 S:0133 D:0FA8 DB:86 nvmXdiZc V: 18 H:336 F:58
80D4FC 69 40 00    ADC #$0040             A:0FA8 X:0002 Y:0002 S:0133 D:0FA8 DB:86 nvmXdizc V: 18 H:339 F:58
80D4FF C9 28 12    CMP #$1228             A:0FE8 X:0002 Y:0002 S:0133 D:0FA8 DB:86 nvmXdizc V: 19 H:  4 F:58
80D502 90 EB       BCC $00EB     [80D4EF] A:0FE8 X:0002 Y:0002 S:0133 D:0FA8 DB:86 NvmXdizc V: 19 H:  8 F:58
80D4EF 5B          TCD                    A:0FE8 X:0002 Y:0002 S:0133 D:0FA8 DB:86 NvmXdizc V: 19 H: 13 F:58
80D4F0 E2 30       SEP #$30               A:0FE8 X:0002 Y:0002 S:0133 D:0FE8 DB:86 nvmXdizc V: 19 H: 16 F:58
80D4F2 A5 00       LDA $00       [000FE8] A:0FE8 X:0002 Y:0002 S:0133 D:0FE8 DB:86 nvMXdizc V: 19 H: 20 F:58
80D4F4 F0 03       BEQ $0003     [80D4F9] A:0F00 X:0002 Y:0002 S:0133 D:0FE8 DB:86 nvMXdiZc V: 19 H: 27 F:58
80D4F9 C2 21       REP #$21               A:0F00 X:0002 Y:0002 S:0133 D:0FE8 DB:86 nvMXdiZc V: 19 H: 31 F:58
80D4FB 7B          TDC                    A:0F00 X:0002 Y:0002 S:0133 D:0FE8 DB:86 nvmXdiZc V: 19 H: 36 F:58
80D4FC 69 40 00    ADC #$0040             A:0FE8 X:0002 Y:0002 S:0133 D:0FE8 DB:86 nvmXdizc V: 19 H: 39 F:58
80D4FF C9 28 12    CMP #$1228             A:1028 X:0002 Y:0002 S:0133 D:0FE8 DB:86 nvmXdizc V: 19 H: 43 F:58
80D502 90 EB       BCC $00EB     [80D4EF] A:1028 X:0002 Y:0002 S:0133 D:0FE8 DB:86 NvmXdizc V: 19 H: 48 F:58
80D4EF 5B          TCD                    A:1028 X:0002 Y:0002 S:0133 D:0FE8 DB:86 NvmXdizc V: 19 H: 52 F:58
80D4F0 E2 30       SEP #$30               A:1028 X:0002 Y:0002 S:0133 D:1028 DB:86 nvmXdizc V: 19 H: 55 F:58
80D4F2 A5 00       LDA $00       [001028] A:1028 X:0002 Y:0002 S:0133 D:1028 DB:86 nvMXdizc V: 19 H: 60 F:58
80D4F4 F0 03       BEQ $0003     [80D4F9] A:1000 X:0002 Y:0002 S:0133 D:1028 DB:86 nvMXdiZc V: 19 H: 66 F:58
80D4F9 C2 21       REP #$21               A:1000 X:0002 Y:0002 S:0133 D:1028 DB:86 nvMXdiZc V: 19 H: 71 F:58
80D4FB 7B          TDC                    A:1000 X:0002 Y:0002 S:0133 D:1028 DB:86 nvmXdiZc V: 19 H: 75 F:58
80D4FC 69 40 00    ADC #$0040             A:1028 X:0002 Y:0002 S:0133 D:1028 DB:86 nvmXdizc V: 19 H: 78 F:58
80D4FF C9 28 12    CMP #$1228             A:1068 X:0002 Y:0002 S:0133 D:1028 DB:86 nvmXdizc V: 19 H: 83 F:58
80D502 90 EB       BCC $00EB     [80D4EF] A:1068 X:0002 Y:0002 S:0133 D:1028 DB:86 NvmXdizc V: 19 H: 87 F:58
80D4EF 5B          TCD                    A:1068 X:0002 Y:0002 S:0133 D:1028 DB:86 NvmXdizc V: 19 H: 92 F:58
80D4F0 E2 30       SEP #$30               A:1068 X:0002 Y:0002 S:0133 D:1068 DB:86 nvmXdizc V: 19 H: 95 F:58
80D4F2 A5 00       LDA $00       [001068] A:1068 X:0002 Y:0002 S:0133 D:1068 DB:86 nvMXdizc V: 19 H: 99 F:58
80D4F4 F0 03       BEQ $0003     [80D4F9] A:1000 X:0002 Y:0002 S:0133 D:1068 DB:86 nvMXdiZc V: 19 H:106 F:58
80D4F9 C2 21       REP #$21               A:1000 X:0002 Y:0002 S:0133 D:1068 DB:86 nvMXdiZc V: 19 H:110 F:58
80D4FB 7B          TDC                    A:1000 X:0002 Y:0002 S:0133 D:1068 DB:86 nvmXdiZc V: 19 H:115 F:58
80D4FC 69 40 00    ADC #$0040             A:1068 X:0002 Y:0002 S:0133 D:1068 DB:86 nvmXdizc V: 19 H:118 F:58
80D4FF C9 28 12    CMP #$1228             A:10A8 X:0002 Y:0002 S:0133 D:1068 DB:86 nvmXdizc V: 19 H:122 F:58
80D502 90 EB       BCC $00EB     [80D4EF] A:10A8 X:0002 Y:0002 S:0133 D:1068 DB:86 NvmXdizc V: 19 H:127 F:58
80D4EF 5B          TCD                    A:10A8 X:0002 Y:0002 S:0133 D:1068 DB:86 NvmXdizc V: 19 H:131 F:58
80D4F0 E2 30       SEP #$30               A:10A8 X:0002 Y:0002 S:0133 D:10A8 DB:86 nvmXdizc V: 19 H:144 F:58
80D4F2 A5 00       LDA $00       [0010A8] A:10A8 X:0002 Y:0002 S:0133 D:10A8 DB:86 nvMXdizc V: 19 H:149 F:58
80D4F4 F0 03       BEQ $0003     [80D4F9] A:1000 X:0002 Y:0002 S:0133 D:10A8 DB:86 nvMXdiZc V: 19 H:155 F:58
80D4F9 C2 21       REP #$21               A:1000 X:0002 Y:0002 S:0133 D:10A8 DB:86 nvMXdiZc V: 19 H:160 F:58
80D4FB 7B          TDC                    A:1000 X:0002 Y:0002 S:0133 D:10A8 DB:86 nvmXdiZc V: 19 H:164 F:58
80D4FC 69 40 00    ADC #$0040             A:10A8 X:0002 Y:0002 S:0133 D:10A8 DB:86 nvmXdizc V: 19 H:167 F:58
80D4FF C9 28 12    CMP #$1228             A:10E8 X:0002 Y:0002 S:0133 D:10A8 DB:86 nvmXdizc V: 19 H:172 F:58
80D502 90 EB       BCC $00EB     [80D4EF] A:10E8 X:0002 Y:0002 S:0133 D:10A8 DB:86 NvmXdizc V: 19 H:176 F:58
80D4EF 5B          TCD                    A:10E8 X:0002 Y:0002 S:0133 D:10A8 DB:86 NvmXdizc V: 19 H:181 F:58
80D4F0 E2 30       SEP #$30               A:10E8 X:0002 Y:0002 S:0133 D:10E8 DB:86 nvmXdizc V: 19 H:184 F:58
80D4F2 A5 00       LDA $00       [0010E8] A:10E8 X:0002 Y:0002 S:0133 D:10E8 DB:86 nvMXdizc V: 19 H:188 F:58
80D4F4 F0 03       BEQ $0003     [80D4F9] A:1000 X:0002 Y:0002 S:0133 D:10E8 DB:86 nvMXdiZc V: 19 H:195 F:58
80D4F9 C2 21       REP #$21               A:1000 X:0002 Y:0002 S:0133 D:10E8 DB:86 nvMXdiZc V: 19 H:199 F:58
80D4FB 7B          TDC                    A:1000 X:0002 Y:0002 S:0133 D:10E8 DB:86 nvmXdiZc V: 19 H:204 F:58
80D4FC 69 40 00    ADC #$0040             A:10E8 X:0002 Y:0002 S:0133 D:10E8 DB:86 nvmXdizc V: 19 H:207 F:58
80D4FF C9 28 12    CMP #$1228             A:1128 X:0002 Y:0002 S:0133 D:10E8 DB:86 nvmXdizc V: 19 H:211 F:58
80D502 90 EB       BCC $00EB     [80D4EF] A:1128 X:0002 Y:0002 S:0133 D:10E8 DB:86 NvmXdizc V: 19 H:216 F:58
80D4EF 5B          TCD                    A:1128 X:0002 Y:0002 S:0133 D:10E8 DB:86 NvmXdizc V: 19 H:220 F:58
80D4F0 E2 30       SEP #$30               A:1128 X:0002 Y:0002 S:0133 D:1128 DB:86 nvmXdizc V: 19 H:223 F:58
80D4F2 A5 00       LDA $00       [001128] A:1128 X:0002 Y:0002 S:0133 D:1128 DB:86 nvMXdizc V: 19 H:228 F:58
80D4F4 F0 03       BEQ $0003     [80D4F9] A:1100 X:0002 Y:0002 S:0133 D:1128 DB:86 nvMXdiZc V: 19 H:234 F:58
80D4F9 C2 21       REP #$21               A:1100 X:0002 Y:0002 S:0133 D:1128 DB:86 nvMXdiZc V: 19 H:239 F:58
80D4FB 7B          TDC                    A:1100 X:0002 Y:0002 S:0133 D:1128 DB:86 nvmXdiZc V: 19 H:243 F:58
80D4FC 69 40 00    ADC #$0040             A:1128 X:0002 Y:0002 S:0133 D:1128 DB:86 nvmXdizc V: 19 H:246 F:58
80D4FF C9 28 12    CMP #$1228             A:1168 X:0002 Y:0002 S:0133 D:1128 DB:86 nvmXdizc V: 19 H:251 F:58
80D502 90 EB       BCC $00EB     [80D4EF] A:1168 X:0002 Y:0002 S:0133 D:1128 DB:86 NvmXdizc V: 19 H:255 F:58
80D4EF 5B          TCD                    A:1168 X:0002 Y:0002 S:0133 D:1128 DB:86 NvmXdizc V: 19 H:260 F:58
80D4F0 E2 30       SEP #$30               A:1168 X:0002 Y:0002 S:0133 D:1168 DB:86 nvmXdizc V: 19 H:263 F:58
80D4F2 A5 00       LDA $00       [001168] A:1168 X:0002 Y:0002 S:0133 D:1168 DB:86 nvMXdizc V: 19 H:267 F:58
80D4F4 F0 03       BEQ $0003     [80D4F9] A:1100 X:0002 Y:0002 S:0133 D:1168 DB:86 nvMXdiZc V: 19 H:274 F:58
80D4F9 C2 21       REP #$21               A:1100 X:0002 Y:0002 S:0133 D:1168 DB:86 nvMXdiZc V: 19 H:278 F:58
80D4FB 7B          TDC                    A:1100 X:0002 Y:0002 S:0133 D:1168 DB:86 nvmXdiZc V: 19 H:283 F:58
80D4FC 69 40 00    ADC #$0040             A:1168 X:0002 Y:0002 S:0133 D:1168 DB:86 nvmXdizc V: 19 H:286 F:58
80D4FF C9 28 12    CMP #$1228             A:11A8 X:0002 Y:0002 S:0133 D:1168 DB:86 nvmXdizc V: 19 H:290 F:58
80D502 90 EB       BCC $00EB     [80D4EF] A:11A8 X:0002 Y:0002 S:0133 D:1168 DB:86 NvmXdizc V: 19 H:295 F:58
80D4EF 5B          TCD                    A:11A8 X:0002 Y:0002 S:0133 D:1168 DB:86 NvmXdizc V: 19 H:299 F:58
80D4F0 E2 30       SEP #$30               A:11A8 X:0002 Y:0002 S:0133 D:11A8 DB:86 nvmXdizc V: 19 H:302 F:58
80D4F2 A5 00       LDA $00       [0011A8] A:11A8 X:0002 Y:0002 S:0133 D:11A8 DB:86 nvMXdizc V: 19 H:307 F:58
80D4F4 F0 03       BEQ $0003     [80D4F9] A:1100 X:0002 Y:0002 S:0133 D:11A8 DB:86 nvMXdiZc V: 19 H:313 F:58
80D4F9 C2 21       REP #$21               A:1100 X:0002 Y:0002 S:0133 D:11A8 DB:86 nvMXdiZc V: 19 H:318 F:58
80D4FB 7B          TDC                    A:1100 X:0002 Y:0002 S:0133 D:11A8 DB:86 nvmXdiZc V: 19 H:322 F:58
80D4FC 69 40 00    ADC #$0040             A:11A8 X:0002 Y:0002 S:0133 D:11A8 DB:86 nvmXdizc V: 19 H:325 F:58
80D4FF C9 28 12    CMP #$1228             A:11E8 X:0002 Y:0002 S:0133 D:11A8 DB:86 nvmXdizc V: 19 H:329 F:58
80D502 90 EB       BCC $00EB     [80D4EF] A:11E8 X:0002 Y:0002 S:0133 D:11A8 DB:86 NvmXdizc V: 19 H:333 F:58
80D4EF 5B          TCD                    A:11E8 X:0002 Y:0002 S:0133 D:11A8 DB:86 NvmXdizc V: 19 H:338 F:58
80D4F0 E2 30       SEP #$30               A:11E8 X:0002 Y:0002 S:0133 D:11E8 DB:86 nvmXdizc V: 20 H:  1 F:58
80D4F2 A5 00       LDA $00       [0011E8] A:11E8 X:0002 Y:0002 S:0133 D:11E8 DB:86 nvMXdizc V: 20 H:  5 F:58
80D4F4 F0 03       BEQ $0003     [80D4F9] A:1100 X:0002 Y:0002 S:0133 D:11E8 DB:86 nvMXdiZc V: 20 H: 12 F:58
80D4F9 C2 21       REP #$21               A:1100 X:0002 Y:0002 S:0133 D:11E8 DB:86 nvMXdiZc V: 20 H: 16 F:58
80D4FB 7B          TDC                    A:1100 X:0002 Y:0002 S:0133 D:11E8 DB:86 nvmXdiZc V: 20 H: 21 F:58
80D4FC 69 40 00    ADC #$0040             A:11E8 X:0002 Y:0002 S:0133 D:11E8 DB:86 nvmXdizc V: 20 H: 24 F:58
80D4FF C9 28 12    CMP #$1228             A:1228 X:0002 Y:0002 S:0133 D:11E8 DB:86 nvmXdizc V: 20 H: 28 F:58
80D502 90 EB       BCC $00EB     [80D4EF] A:1228 X:0002 Y:0002 S:0133 D:11E8 DB:86 nvmXdiZC V: 20 H: 33 F:58
80D504 E2 30       SEP #$30               A:1228 X:0002 Y:0002 S:0133 D:11E8 DB:86 nvmXdiZC V: 20 H: 36 F:58
80D506 60          RTS                    A:1228 X:0002 Y:0002 S:0133 D:11E8 DB:86 nvMXdiZC V: 20 H: 40 F:58
