80D4F6 20 30 D5    JSR $D530     [80D530] A:0E01 X:0000 Y:0027 S:0133 D:0E68 DB:86 nvMXdizC V:248 H:190 F:40

	80D530 C2 20       REP #$20               A:0E01 X:0000 Y:0027 S:0131 D:0E68 DB:86 nvMXdizC V:248 H:200 F:40
	80D532 A5 05       LDA $05       [000E6D] A:0E01 X:0000 Y:0027 S:0131 D:0E68 DB:86 nvmXdizC V:248 H:204 F:40
	80D534 85 22       STA $22       [000E8A] A:1E8A X:0000 Y:0027 S:0131 D:0E68 DB:86 nvmXdizC V:248 H:213 F:40
	80D536 A5 08       LDA $08       [000E70] A:1E8A X:0000 Y:0027 S:0131 D:0E68 DB:86 nvmXdizC V:248 H:221 F:40
	80D538 85 24       STA $24       [000E8C] A:01AC X:0000 Y:0027 S:0131 D:0E68 DB:86 nvmXdizC V:248 H:230 F:40
	80D53A E2 20       SEP #$20               A:01AC X:0000 Y:0027 S:0131 D:0E68 DB:86 nvmXdizC V:248 H:238 F:40
	80D53C A9 80       LDA #$80               A:01AC X:0000 Y:0027 S:0131 D:0E68 DB:86 nvMXdizC V:248 H:243 F:40
	80D53E 14 0E       TRB $0E       [000E76] A:0180 X:0000 Y:0027 S:0131 D:0E68 DB:86 NvMXdizC V:248 H:246 F:40
	80D540 A5 0A       LDA $0A       [000E72] A:0180 X:0000 Y:0027 S:0131 D:0E68 DB:86 NvMXdizC V:248 H:256 F:40
	80D542 0A          ASL A                  A:0102 X:0000 Y:0027 S:0131 D:0E68 DB:86 nvMXdizC V:248 H:262 F:40
	80D543 AA          TAX                    A:0104 X:0000 Y:0027 S:0131 D:0E68 DB:86 nvMXdizc V:248 H:265 F:40
	80D544 7C DD F8    JMP ($F8DD,X) [80F8E1] A:0104 X:0004 Y:0027 S:0131 D:0E68 DB:86 nvMXdizc V:248 H:268 F:40

	80F9BB 22 16 B5 81 JSL $81B516   [81B516] A:0104 X:0004 Y:0027 S:0131 D:0E68 DB:86 nvMXdizc V:248 H:277 F:40

		81B516 A6 01       LDX $01       [000E69] A:0104 X:0004 Y:0027 S:012E D:0E68 DB:86 nvMXdizc V:248 H:291 F:40
		81B518 7C 1B B5    JMP ($B51B,X) [81B51F] A:0104 X:0004 Y:0027 S:012E D:0E68 DB:86 nvMXdizc V:248 H:297 F:40

		81B629 A5 33       LDA $33       [000E9B] A:0104 X:0004 Y:0027 S:012E D:0E68 DB:86 nvMXdizc V:248 H:306 F:40
		81B62B 04 11       TSB $11       [000E79] A:0108 X:0004 Y:0027 S:012E D:0E68 DB:86 nvMXdizc V:248 H:313 F:40
		81B62D C2 20       REP #$20               A:0108 X:0004 Y:0027 S:012E D:0E68 DB:86 nvMXdizc V:248 H:323 F:40
		81B62F A9 2D C4    LDA #$C42D             A:0108 X:0004 Y:0027 S:012E D:0E68 DB:86 nvmXdizc V:248 H:327 F:40
		81B632 85 20       STA $20       [000E88] A:C42D X:0004 Y:0027 S:012E D:0E68 DB:86 NvmXdizc V:248 H:331 F:40
		81B634 E2 20       SEP #$20               A:C42D X:0004 Y:0027 S:012E D:0E68 DB:86 NvmXdizc V:248 H:339 F:40
		81B636 A6 02       LDX $02       [000E6A] A:C42D X:0004 Y:0027 S:012E D:0E68 DB:86 NvMXdizc V:249 H:  4 F:40
		81B638 FC F3 B6    JSR ($B6F3,X) [81B6F7] A:C42D X:0004 Y:0027 S:012E D:0E68 DB:86 nvMXdizc V:249 H: 10 F:40			JSR ($81B6F3,Action) = ($81B6F7) = 81B88E

			81B88E A6 03       LDX $03       [000E6B] A:C42D X:0004 Y:0027 S:012C D:0E68 DB:86 nvMXdizc V:249 H: 23 F:40
			81B890 7C 93 B8    JMP ($B893,X) [81B893] A:C42D X:0000 Y:0027 S:012C D:0E68 DB:86 nvMXdiZc V:249 H: 30 F:40		JMP ($B893,Subaction) = ($81B893) = $81B89B

			81B89B A9 02       LDA #$02               A:C42D X:0000 Y:0027 S:012C D:0E68 DB:86 nvMXdiZc V:249 H: 39 F:40		Subaction = #$02
			81B89D 85 03       STA $03       [000E6B] A:C402 X:0000 Y:0027 S:012C D:0E68 DB:86 nvMXdizc V:249 H: 42 F:40
			81B89F 64 38       STZ $38       [000EA0] A:C402 X:0000 Y:0027 S:012C D:0E68 DB:86 nvMXdizc V:249 H: 48 F:40		Armor = Yes
			81B8A1 22 A5 AC 84 JSL $84ACA5   [84ACA5] A:C402 X:0000 Y:0027 S:012C D:0E68 DB:86 nvMXdizc V:249 H: 55 F:40		JSL: $84ACA5 --> Update Status, Facing bit

				84ACA5 08          PHP                    A:C402 X:0000 Y:0027 S:0129 D:0E68 DB:86 nvMXdizc V:249 H: 68 F:40
				84ACA6 E2 20       SEP #$20               A:C402 X:0000 Y:0027 S:0128 D:0E68 DB:86 nvMXdizc V:249 H: 73 F:40
				84ACA8 A9 40       LDA #$40               A:C402 X:0000 Y:0027 S:0128 D:0E68 DB:86 nvMXdizc V:249 H: 78 F:40
				84ACAA 14 11       TRB $11       [000E79] A:C440 X:0000 Y:0027 S:0128 D:0E68 DB:86 nvMXdizc V:249 H: 81 F:40
				84ACAC C2 20       REP #$20               A:C440 X:0000 Y:0027 S:0128 D:0E68 DB:86 nvMXdiZc V:249 H: 91 F:40
				84ACAE AD AD 0B    LDA $0BAD     [860BAD] A:C440 X:0000 Y:0027 S:0128 D:0E68 DB:86 nvmXdiZc V:249 H: 95 F:40
				84ACB1 38          SEC                    A:1E17 X:0000 Y:0027 S:0128 D:0E68 DB:86 nvmXdizc V:249 H:104 F:40
				84ACB2 E5 05       SBC $05       [000E6D] A:1E17 X:0000 Y:0027 S:0128 D:0E68 DB:86 nvmXdizC V:249 H:107 F:40
				84ACB4 E2 20       SEP #$20               A:FF8D X:0000 Y:0027 S:0128 D:0E68 DB:86 NvmXdizc V:249 H:115 F:40
				84ACB6 A9 00       LDA #$00               A:FF8D X:0000 Y:0027 S:0128 D:0E68 DB:86 NvMXdizc V:249 H:120 F:40
				84ACB8 6A          ROR A                  A:FF00 X:0000 Y:0027 S:0128 D:0E68 DB:86 nvMXdiZc V:249 H:123 F:40
				84ACB9 4A          LSR A                  A:FF00 X:0000 Y:0027 S:0128 D:0E68 DB:86 nvMXdiZc V:249 H:126 F:40
				84ACBA 04 11       TSB $11       [000E79] A:FF00 X:0000 Y:0027 S:0128 D:0E68 DB:86 nvMXdiZc V:249 H:129 F:40
				84ACBC 28          PLP                    A:FF00 X:0000 Y:0027 S:0128 D:0E68 DB:86 nvMXdiZc V:249 H:149 F:40
				84ACBD 6B          RTL                    A:FF00 X:0000 Y:0027 S:0129 D:0E68 DB:86 nvMXdizc V:249 H:155 F:40

			81B8A5 A9 02       LDA #$02               A:FF00 X:0000 Y:0027 S:012C D:0E68 DB:86 nvMXdizc V:249 H:166 F:40		
			81B8A7 22 07 8F 84 JSL $848F07   [848F07] A:FF02 X:0000 Y:0027 S:012C D:0E68 DB:86 nvMXdizc V:249 H:169 F:40		JSL: $848F07 --> Countdown routine (CDBase = #$67, b = A = #$02)

				848F07 08          PHP                    A:FF02 X:0000 Y:0027 S:0129 D:0E68 DB:86 nvMXdizc V:249 H:182 F:40
				848F08 8B          PHB                    A:FF02 X:0000 Y:0027 S:0128 D:0E68 DB:86 nvMXdizc V:249 H:187 F:40
				848F09 C2 30       REP #$30               A:FF02 X:0000 Y:0027 S:0127 D:0E68 DB:86 nvMXdizc V:249 H:192 F:40
				848F0B 8D 0E 00    STA $000E     [86000E] A:FF02 X:0000 Y:0027 S:0127 D:0E68 DB:86 nvmxdizc V:249 H:197 F:40
				848F0E A5 16       LDA $16       [000E7E] A:FF02 X:0000 Y:0027 S:0127 D:0E68 DB:86 nvmxdizc V:249 H:205 F:40
				848F10 29 FF 00    AND #$00FF             A:8067 X:0000 Y:0027 S:0127 D:0E68 DB:86 Nvmxdizc V:249 H:214 F:40
				848F13 8D 0C 00    STA $000C     [86000C] A:0067 X:0000 Y:0027 S:0127 D:0E68 DB:86 nvmxdizc V:249 H:218 F:40
				848F16 0A          ASL A                  A:0067 X:0000 Y:0027 S:0127 D:0E68 DB:86 nvmxdizc V:249 H:227 F:40
				848F17 18          CLC                    A:00CE X:0000 Y:0027 S:0127 D:0E68 DB:86 nvmxdizc V:249 H:230 F:40
				848F18 6D 0C 00    ADC $000C     [86000C] A:00CE X:0000 Y:0027 S:0127 D:0E68 DB:86 nvmxdizc V:249 H:233 F:40
				848F1B AA          TAX                    A:0135 X:0000 Y:0027 S:0127 D:0E68 DB:86 nvmxdizc V:249 H:241 F:40
				848F1C BF 00 A0 AF LDA $AFA000,X [AFA135] A:0135 X:0135 Y:0027 S:0127 D:0E68 DB:86 nvmxdizc V:249 H:244 F:40
				848F20 85 14       STA $14       [000E7C] A:CFE0 X:0135 Y:0027 S:0127 D:0E68 DB:86 Nvmxdizc V:249 H:253 F:40
				848F22 E2 20       SEP #$20               A:CFE0 X:0135 Y:0027 S:0127 D:0E68 DB:86 Nvmxdizc V:249 H:262 F:40
				848F24 BF 02 A0 AF LDA $AFA002,X [AFA137] A:CFE0 X:0135 Y:0027 S:0127 D:0E68 DB:86 NvMxdizc V:249 H:266 F:40
				848F28 48          PHA                    A:CFAF X:0135 Y:0027 S:0127 D:0E68 DB:86 NvMxdizc V:249 H:274 F:40
				848F29 AB          PLB                    A:CFAF X:0135 Y:0027 S:0126 D:0E68 DB:86 NvMxdizc V:249 H:279 F:40
				848F2A C2 20       REP #$20               A:CFAF X:0135 Y:0027 S:0127 D:0E68 DB:AF NvMxdizc V:249 H:285 F:40
				848F2C AD 0E 00    LDA $000E     [AF000E] A:CFAF X:0135 Y:0027 S:0127 D:0E68 DB:AF Nvmxdizc V:249 H:290 F:40
				848F2F 29 FF 00    AND #$00FF             A:FF02 X:0135 Y:0027 S:0127 D:0E68 DB:AF Nvmxdizc V:249 H:298 F:40
				848F32 0A          ASL A                  A:0002 X:0135 Y:0027 S:0127 D:0E68 DB:AF nvmxdizc V:249 H:303 F:40
				848F33 A8          TAY                    A:0004 X:0135 Y:0027 S:0127 D:0E68 DB:AF nvmxdizc V:249 H:306 F:40
				848F34 B1 14       LDA ($14),Y   [AFCFE4] A:0004 X:0135 Y:0004 S:0127 D:0E68 DB:AF nvmxdizc V:249 H:309 F:40
				848F36 65 14       ADC $14       [000E7C] A:005C X:0135 Y:0004 S:0127 D:0E68 DB:AF nvmxdizc V:249 H:322 F:40
				848F38 85 14       STA $14       [000E7C] A:D03C X:0135 Y:0004 S:0127 D:0E68 DB:AF Nvmxdizc V:249 H:329 F:40
				848F3A E2 30       SEP #$30               A:D03C X:0135 Y:0004 S:0127 D:0E68 DB:AF Nvmxdizc V:249 H:338 F:40
				848F3C B2 14       LDA ($14)     [AFD03C] A:D03C X:0035 Y:0004 S:0127 D:0E68 DB:AF NvMXdizc V:250 H:  2 F:40	Skeleton start: [AFD03C]
				848F3E 85 13       STA $13       [000E7B] A:D00B X:0035 Y:0004 S:0127 D:0E68 DB:AF nvMXdizc V:250 H: 12 F:40
				848F40 A0 01       LDY #$01               A:D00B X:0035 Y:0004 S:0127 D:0E68 DB:AF nvMXdizc V:250 H: 19 F:40
				848F42 B1 14       LDA ($14),Y   [AFD03D] A:D00B X:0035 Y:0001 S:0127 D:0E68 DB:AF nvMXdizc V:250 H: 22 F:40
				848F44 85 0F       STA $0F       [000E77] A:D000 X:0035 Y:0001 S:0127 D:0E68 DB:AF nvMXdiZc V:250 H: 32 F:40
				848F46 C8          INY                    A:D000 X:0035 Y:0001 S:0127 D:0E68 DB:AF nvMXdiZc V:250 H: 38 F:40
				848F47 B1 14       LDA ($14),Y   [AFD03E] A:D000 X:0035 Y:0002 S:0127 D:0E68 DB:AF nvMXdizc V:250 H: 41 F:40
				848F49 85 17       STA $17       [000E7F] A:D000 X:0035 Y:0002 S:0127 D:0E68 DB:AF nvMXdiZc V:250 H: 51 F:40
				848F4B A9 80       LDA #$80               A:D000 X:0035 Y:0002 S:0127 D:0E68 DB:AF nvMXdiZc V:250 H: 58 F:40
				848F4D 04 17       TSB $17       [000E7F] A:D080 X:0035 Y:0002 S:0127 D:0E68 DB:AF NvMXdizc V:250 H: 61 F:40
				848F4F AB          PLB                    A:D080 X:0035 Y:0002 S:0127 D:0E68 DB:AF NvMXdiZc V:250 H: 71 F:40
				848F50 28          PLP                    A:D080 X:0035 Y:0002 S:0128 D:0E68 DB:86 NvMXdizc V:250 H: 77 F:40
				848F51 6B          RTL                    A:D080 X:0035 Y:0002 S:0129 D:0E68 DB:86 nvMXdizc V:250 H: 84 F:40

			81B8AB 64 2F       STZ $2F       [000E97] A:D080 X:0035 Y:0002 S:012C D:0E68 DB:86 nvMXdizc V:250 H: 94 F:40		Air = Ground
			81B8AD A9 10       LDA #$10               A:D080 X:0035 Y:0002 S:012C D:0E68 DB:86 nvMXdizc V:250 H:101 F:40		X-acc = #$10
			81B8AF 85 1F       STA $1F       [000E87] A:D010 X:0035 Y:0002 S:012C D:0E68 DB:86 nvMXdizc V:250 H:104 F:40
			81B8B1 64 1E       STZ $1E       [000E86] A:D010 X:0035 Y:0002 S:012C D:0E68 DB:86 nvMXdizc V:250 H:110 F:40		Y-acc = $00
			81B8B3 A5 11       LDA $11       [000E79] A:D010 X:0035 Y:0002 S:012C D:0E68 DB:86 nvMXdizc V:250 H:117 F:40		|
			81B8B5 0A          ASL A                  A:D029 X:0035 Y:0002 S:012C D:0E68 DB:86 nvMXdizc V:250 H:123 F:40		|
			81B8B6 0A          ASL A                  A:D052 X:0035 Y:0002 S:012C D:0E68 DB:86 nvMXdizc V:250 H:126 F:40		|
			81B8B7 C2 20       REP #$20               A:D0A4 X:0035 Y:0002 S:012C D:0E68 DB:86 NvMXdizc V:250 H:129 F:40		|A:2B
			81B8B9 A9 00 06    LDA #$0600             A:D0A4 X:0035 Y:0002 S:012C D:0E68 DB:86 NvmXdizc V:250 H:134 F:40		|Load X-Vel if facing left
			81B8BC B0 03       BCS $0003     [81B8C1] A:0600 X:0035 Y:0002 S:012C D:0E68 DB:86 nvmXdizc V:250 H:148 F:40		Branch because Facing = Right
			81B8BE A9 00 FA    LDA #$FA00             A:0600 X:0035 Y:0002 S:012C D:0E68 DB:86 nvmXdizc V:250 H:151 F:40		Load X-Vel if facing right
			81B8C1 85 1A       STA $1A       [000E82] A:FA00 X:0035 Y:0002 S:012C D:0E68 DB:86 NvmXdizc V:250 H:156 F:40		Store X-Vel
			81B8C3 64 1C       STZ $1C       [000E84] A:FA00 X:0035 Y:0002 S:012C D:0E68 DB:86 NvmXdizc V:250 H:164 F:40		Y-Vel = #$00
			81B8C5 E2 20       SEP #$20               A:FA00 X:0035 Y:0002 S:012C D:0E68 DB:86 NvmXdizc V:250 H:173 F:40		A:1B
			81B8C7 A9 01       LDA #$01               A:FA00 X:0035 Y:0002 S:012C D:0E68 DB:86 NvMXdizc V:250 H:177 F:40		|Deflect = Yes
			81B8C9 85 39       STA $39       [000EA1] A:FA01 X:0035 Y:0002 S:012C D:0E68 DB:86 nvMXdizc V:250 H:180 F:40		|
			81B8CB 60          RTS                    A:FA01 X:0035 Y:0002 S:012C D:0E68 DB:86 nvMXdizc V:250 H:187 F:40		Return

		81B63B A9 09       LDA #$09               A:FA01 X:0035 Y:0002 S:012E D:0E68 DB:86 nvMXdizc V:250 H:197 F:40			...
