80D4F6 20 30 D5    JSR $D530     [80D530] A:0E01 X:0000 Y:0027 S:0133 D:0E68 DB:86 nvMXdizC V:248 H:240 F: 7

	80D530 C2 20       REP #$20               A:0E01 X:0000 Y:0027 S:0131 D:0E68 DB:86 nvMXdizC V:248 H:250 F: 7
	80D532 A5 05       LDA $05       [000E6D] A:0E01 X:0000 Y:0027 S:0131 D:0E68 DB:86 nvmXdizC V:248 H:254 F: 7
	80D534 85 22       STA $22       [000E8A] A:1ECB X:0000 Y:0027 S:0131 D:0E68 DB:86 nvmXdizC V:248 H:263 F: 7
	80D536 A5 08       LDA $08       [000E70] A:1ECB X:0000 Y:0027 S:0131 D:0E68 DB:86 nvmXdizC V:248 H:271 F: 7
	80D538 85 24       STA $24       [000E8C] A:01AC X:0000 Y:0027 S:0131 D:0E68 DB:86 nvmXdizC V:248 H:280 F: 7
	80D53A E2 20       SEP #$20               A:01AC X:0000 Y:0027 S:0131 D:0E68 DB:86 nvmXdizC V:248 H:288 F: 7
	80D53C A9 80       LDA #$80               A:01AC X:0000 Y:0027 S:0131 D:0E68 DB:86 nvMXdizC V:248 H:293 F: 7
	80D53E 14 0E       TRB $0E       [000E76] A:0180 X:0000 Y:0027 S:0131 D:0E68 DB:86 NvMXdizC V:248 H:296 F: 7
	80D540 A5 0A       LDA $0A       [000E72] A:0180 X:0000 Y:0027 S:0131 D:0E68 DB:86 NvMXdizC V:248 H:306 F: 7
	80D542 0A          ASL A                  A:0102 X:0000 Y:0027 S:0131 D:0E68 DB:86 nvMXdizC V:248 H:312 F: 7
	80D543 AA          TAX                    A:0104 X:0000 Y:0027 S:0131 D:0E68 DB:86 nvMXdizc V:248 H:315 F: 7
	80D544 7C DD F8    JMP ($F8DD,X) [80F8E1] A:0104 X:0004 Y:0027 S:0131 D:0E68 DB:86 nvMXdizc V:248 H:318 F: 7

	80F9BB 22 16 B5 81 JSL $81B516   [81B516] A:0104 X:0004 Y:0027 S:0131 D:0E68 DB:86 nvMXdizc V:248 H:327 F: 7

		81B516 A6 01       LDX $01       [000E69] A:0104 X:0004 Y:0027 S:012E D:0E68 DB:86 nvMXdizc V:249 H:  0 F: 7
		81B518 7C 1B B5    JMP ($B51B,X) [81B51F] A:0104 X:0004 Y:0027 S:012E D:0E68 DB:86 nvMXdizc V:249 H:  6 F: 7

		81B629 A5 33       LDA $33       [000E9B] A:0104 X:0004 Y:0027 S:012E D:0E68 DB:86 nvMXdizc V:249 H: 15 F: 7
		81B62B 04 11       TSB $11       [000E79] A:0108 X:0004 Y:0027 S:012E D:0E68 DB:86 nvMXdizc V:249 H: 22 F: 7
		81B62D C2 20       REP #$20               A:0108 X:0004 Y:0027 S:012E D:0E68 DB:86 nvMXdizc V:249 H: 32 F: 7
		81B62F A9 2D C4    LDA #$C42D             A:0108 X:0004 Y:0027 S:012E D:0E68 DB:86 nvmXdizc V:249 H: 36 F: 7
		81B632 85 20       STA $20       [000E88] A:C42D X:0004 Y:0027 S:012E D:0E68 DB:86 NvmXdizc V:249 H: 41 F: 7
		81B634 E2 20       SEP #$20               A:C42D X:0004 Y:0027 S:012E D:0E68 DB:86 NvmXdizc V:249 H: 49 F: 7
		81B636 A6 02       LDX $02       [000E6A] A:C42D X:0004 Y:0027 S:012E D:0E68 DB:86 NvMXdizc V:249 H: 54 F: 7
		81B638 FC F3 B6    JSR ($B6F3,X) [81B6F7] A:C42D X:0004 Y:0027 S:012E D:0E68 DB:86 nvMXdizc V:249 H: 60 F: 7

			81B88E A6 03       LDX $03       [000E6B] A:C42D X:0004 Y:0027 S:012C D:0E68 DB:86 nvMXdizc V:249 H: 73 F: 7
			81B890 7C 93 B8    JMP ($B893,X) [81B899] A:C42D X:0006 Y:0027 S:012C D:0E68 DB:86 nvMXdizc V:249 H: 80 F: 7			JSR ($81B893,Subaction) = JSR ($81B899) = $81B92F

			81B92F 22 EA 8E 84 JSL $848EEA   [848EEA] A:C42D X:0006 Y:0027 S:012C D:0E68 DB:86 nvMXdizc V:249 H: 89 F: 7			Countdown routine

				848EEA 08          PHP                    A:C42D X:0006 Y:0027 S:0129 D:0E68 DB:86 nvMXdizc V:249 H:102 F: 7
				848EEB 8B          PHB                    A:C42D X:0006 Y:0027 S:0128 D:0E68 DB:86 nvMXdizc V:249 H:107 F: 7
				848EEC E2 30       SEP #$30               A:C42D X:0006 Y:0027 S:0127 D:0E68 DB:86 nvMXdizc V:249 H:112 F: 7
				848EEE C6 13       DEC $13       [000E7B] A:C42D X:0006 Y:0027 S:0127 D:0E68 DB:86 nvMXdizc V:249 H:117 F: 7		Decrease Countdown
				848EF0 D0 5D       BNE $005D     [848F4F] A:C42D X:0006 Y:0027 S:0127 D:0E68 DB:86 nvMXdizc V:249 H:127 F: 7		Branch because Countdown <> #$00 
				848F4F AB          PLB                    A:C42D X:0006 Y:0027 S:0127 D:0E68 DB:86 nvMXdizc V:249 H:131 F: 7
				848F50 28          PLP                    A:C42D X:0006 Y:0027 S:0128 D:0E68 DB:86 NvMXdizc V:249 H:148 F: 7
				848F51 6B          RTL                    A:C42D X:0006 Y:0027 S:0129 D:0E68 DB:86 nvMXdizc V:249 H:154 F: 7

			81B933 C6 34       DEC $34       [000E9C] A:C42D X:0006 Y:0027 S:012C D:0E68 DB:86 nvMXdizc V:249 H:165 F: 7			Decrease Countdown2
			81B935 F0 03       BEQ $0003     [81B93A] A:C42D X:0006 Y:0027 S:012C D:0E68 DB:86 nvMXdizc V:249 H:175 F: 7			Branch if Countdown2 <> #$00
			81B937 20 19 C0    JSR $C019     [81C019] A:C42D X:0006 Y:0027 S:012C D:0E68 DB:86 nvMXdizc V:249 H:178 F: 7			JSR $81C019 --> Changes Action from table in $86C45B, with 2B RNG value. 

				81C019 A5 02       LDA $02       [000E6A] A:C42D X:0006 Y:0027 S:012A D:0E68 DB:86 nvMXdizc V:249 H:188 F: 7		
				81C01B 0A          ASL A                  A:C404 X:0006 Y:0027 S:012A D:0E68 DB:86 nvMXdizc V:249 H:194 F: 7		
				81C01C 0A          ASL A                  A:C408 X:0006 Y:0027 S:012A D:0E68 DB:86 nvMXdizc V:249 H:197 F: 7		
				81C01D 0A          ASL A                  A:C410 X:0006 Y:0027 S:012A D:0E68 DB:86 nvMXdizc V:249 H:200 F: 7		
				81C01E 8D 00 00    STA $0000     [860000] A:C420 X:0006 Y:0027 S:012A D:0E68 DB:86 nvMXdizc V:249 H:203 F: 7		
				81C021 22 86 90 84 JSL $849086   [849086] A:C420 X:0006 Y:0027 S:012A D:0E68 DB:86 nvMXdizc V:249 H:210 F: 7		JSL $849086 --> Loads A with a RNG value

					849086 08          PHP                    A:C420 X:0006 Y:0027 S:0127 D:0E68 DB:86 nvMXdizc V:249 H:223 F: 7
					849087 C2 20       REP #$20               A:C420 X:0006 Y:0027 S:0126 D:0E68 DB:86 nvMXdizc V:249 H:228 F: 7
					849089 AD A6 0B    LDA $0BA6     [860BA6] A:C420 X:0006 Y:0027 S:0126 D:0E68 DB:86 nvmXdizc V:249 H:233 F: 7
					84908C 0A          ASL A                  A:00D8 X:0006 Y:0027 S:0126 D:0E68 DB:86 nvmXdizc V:249 H:241 F: 7
					84908D 18          CLC                    A:01B0 X:0006 Y:0027 S:0126 D:0E68 DB:86 nvmXdizc V:249 H:244 F: 7
					84908E 6D A6 0B    ADC $0BA6     [860BA6] A:01B0 X:0006 Y:0027 S:0126 D:0E68 DB:86 nvmXdizc V:249 H:247 F: 7
					849091 EB          XBA                    A:0288 X:0006 Y:0027 S:0126 D:0E68 DB:86 nvmXdizc V:249 H:256 F: 7
					849092 E2 20       SEP #$20               A:8802 X:0006 Y:0027 S:0126 D:0E68 DB:86 nvmXdizc V:249 H:260 F: 7
					849094 8D A7 0B    STA $0BA7     [860BA7] A:8802 X:0006 Y:0027 S:0126 D:0E68 DB:86 nvMXdizc V:249 H:265 F: 7
					849097 18          CLC                    A:8802 X:0006 Y:0027 S:0126 D:0E68 DB:86 nvMXdizc V:249 H:271 F: 7
					849098 6D A6 0B    ADC $0BA6     [860BA6] A:8802 X:0006 Y:0027 S:0126 D:0E68 DB:86 nvMXdizc V:249 H:274 F: 7
					84909B 8D A6 0B    STA $0BA6     [860BA6] A:88DA X:0006 Y:0027 S:0126 D:0E68 DB:86 NvMXdizc V:249 H:281 F: 7
					84909E 28          PLP                    A:88DA X:0006 Y:0027 S:0126 D:0E68 DB:86 NvMXdizc V:249 H:287 F: 7
					84909F 6B          RTL                    A:88DA X:0006 Y:0027 S:0127 D:0E68 DB:86 nvMXdizc V:249 H:294 F: 7

				81C025 29 0F       AND #$0F               A:88DA X:0006 Y:0027 S:012A D:0E68 DB:86 nvMXdizc V:249 H:304 F: 7		
				81C027 18          CLC                    A:880A X:0006 Y:0027 S:012A D:0E68 DB:86 nvMXdizc V:249 H:307 F: 7		
				81C028 6D 00 00    ADC $0000     [860000] A:880A X:0006 Y:0027 S:012A D:0E68 DB:86 nvMXdizc V:249 H:310 F: 7		
				81C02B AA          TAX                    A:882A X:0006 Y:0027 S:012A D:0E68 DB:86 nvMXdizc V:249 H:317 F: 7		
				81C02C BD 5B C4    LDA $C45B,X   [86C485] A:882A X:002A Y:0027 S:012A D:0E68 DB:86 nvMXdizc V:249 H:320 F: 7
				81C02F 85 02       STA $02       [000E6A] A:8808 X:002A Y:0027 S:012A D:0E68 DB:86 nvMXdizc V:249 H:325 F: 7
				81C031 64 03       STZ $03       [000E6B] A:8808 X:002A Y:0027 S:012A D:0E68 DB:86 nvMXdizc V:249 H:331 F: 7
				81C033 60          RTS                    A:8808 X:002A Y:0027 S:012A D:0E68 DB:86 nvMXdizc V:249 H:338 F: 7

			81B93A 60          RTS                    A:8808 X:002A Y:0027 S:012C D:0E68 DB:86 nvMXdizc V:250 H:  8 F: 7

		81B63B A9 09       LDA #$09               A:8808 X:002A Y:0027 S:012E D:0E68 DB:86 nvMXdizc V:250 H: 18 F: 7
