80D4F6 20 30 D5    JSR $D530     [80D530] A:0E01 X:0000 Y:0027 S:0133 D:0E68 DB:86 nvMXdizC V:250 H:273 F:30

	80D530 C2 20       REP #$20               A:0E01 X:0000 Y:0027 S:0131 D:0E68 DB:86 nvMXdizC V:250 H:283 F:30
	80D532 A5 05       LDA $05       [000E6D] A:0E01 X:0000 Y:0027 S:0131 D:0E68 DB:86 nvmXdizC V:250 H:288 F:30
	80D534 85 22       STA $22       [000E8A] A:1E8A X:0000 Y:0027 S:0131 D:0E68 DB:86 nvmXdizC V:250 H:296 F:30
	80D536 A5 08       LDA $08       [000E70] A:1E8A X:0000 Y:0027 S:0131 D:0E68 DB:86 nvmXdizC V:250 H:305 F:30
	80D538 85 24       STA $24       [000E8C] A:01AC X:0000 Y:0027 S:0131 D:0E68 DB:86 nvmXdizC V:250 H:313 F:30
	80D53A E2 20       SEP #$20               A:01AC X:0000 Y:0027 S:0131 D:0E68 DB:86 nvmXdizC V:250 H:322 F:30
	80D53C A9 80       LDA #$80               A:01AC X:0000 Y:0027 S:0131 D:0E68 DB:86 nvMXdizC V:250 H:326 F:30
	80D53E 14 0E       TRB $0E       [000E76] A:0180 X:0000 Y:0027 S:0131 D:0E68 DB:86 NvMXdizC V:250 H:328 F:30
	80D540 A5 0A       LDA $0A       [000E72] A:0180 X:0000 Y:0027 S:0131 D:0E68 DB:86 NvMXdizC V:250 H:338 F:30
	80D542 0A          ASL A                  A:0102 X:0000 Y:0027 S:0131 D:0E68 DB:86 nvMXdizC V:251 H:  5 F:30
	80D543 AA          TAX                    A:0104 X:0000 Y:0027 S:0131 D:0E68 DB:86 nvMXdizc V:251 H:  8 F:30
	80D544 7C DD F8    JMP ($F8DD,X) [80F8E1] A:0104 X:0004 Y:0027 S:0131 D:0E68 DB:86 nvMXdizc V:251 H: 11 F:30

	80F9BB 22 16 B5 81 JSL $81B516   [81B516] A:0104 X:0004 Y:0027 S:0131 D:0E68 DB:86 nvMXdizc V:251 H: 20 F:30

		81B516 A6 01       LDX $01       [000E69] A:0104 X:0004 Y:0027 S:012E D:0E68 DB:86 nvMXdizc V:251 H: 33 F:30
		81B518 7C 1B B5    JMP ($B51B,X) [81B51F] A:0104 X:0004 Y:0027 S:012E D:0E68 DB:86 nvMXdizc V:251 H: 40 F:30

		81B629 A5 33       LDA $33       [000E9B] A:0104 X:0004 Y:0027 S:012E D:0E68 DB:86 nvMXdizc V:251 H: 49 F:30
		81B62B 04 11       TSB $11       [000E79] A:0108 X:0004 Y:0027 S:012E D:0E68 DB:86 nvMXdizc V:251 H: 55 F:30
		81B62D C2 20       REP #$20               A:0108 X:0004 Y:0027 S:012E D:0E68 DB:86 nvMXdizc V:251 H: 65 F:30
		81B62F A9 2D C4    LDA #$C42D             A:0108 X:0004 Y:0027 S:012E D:0E68 DB:86 nvmXdizc V:251 H: 70 F:30
		81B632 85 20       STA $20       [000E88] A:C42D X:0004 Y:0027 S:012E D:0E68 DB:86 NvmXdizc V:251 H: 74 F:30
		81B634 E2 20       SEP #$20               A:C42D X:0004 Y:0027 S:012E D:0E68 DB:86 NvmXdizc V:251 H: 83 F:30
		81B636 A6 02       LDX $02       [000E6A] A:C42D X:0004 Y:0027 S:012E D:0E68 DB:86 NvMXdizc V:251 H: 87 F:30
		81B638 FC F3 B6    JSR ($B6F3,X) [81B6F7] A:C42D X:0004 Y:0027 S:012E D:0E68 DB:86 nvMXdizc V:251 H: 94 F:30

			81B88E A6 03       LDX $03       [000E6B] A:C42D X:0004 Y:0027 S:012C D:0E68 DB:86 nvMXdizc V:251 H:107 F:30
			81B890 7C 93 B8    JMP ($B893,X) [81B895] A:C42D X:0002 Y:0027 S:012C D:0E68 DB:86 nvMXdizc V:251 H:113 F:30

			81B8CC 22 EA 8E 84 JSL $848EEA   [848EEA] A:C42D X:0002 Y:0027 S:012C D:0E68 DB:86 nvMXdizc V:251 H:122 F:30		JSL $848EEA --> Countdown Routine

				848EEA 08          PHP                    A:C42D X:0002 Y:0027 S:0129 D:0E68 DB:86 nvMXdizc V:251 H:146 F:30
				848EEB 8B          PHB                    A:C42D X:0002 Y:0027 S:0128 D:0E68 DB:86 nvMXdizc V:251 H:151 F:30
				848EEC E2 30       SEP #$30               A:C42D X:0002 Y:0027 S:0127 D:0E68 DB:86 nvMXdizc V:251 H:156 F:30
				848EEE C6 13       DEC $13       [000E7B] A:C42D X:0002 Y:0027 S:0127 D:0E68 DB:86 nvMXdizc V:251 H:160 F:30
				848EF0 D0 5D       BNE $005D     [848F4F] A:C42D X:0002 Y:0027 S:0127 D:0E68 DB:86 nvMXdiZc V:251 H:170 F:30
				848EF2 A9 AF       LDA #$AF               A:C42D X:0002 Y:0027 S:0127 D:0E68 DB:86 nvMXdiZc V:251 H:173 F:30
				848EF4 48          PHA                    A:C4AF X:0002 Y:0027 S:0127 D:0E68 DB:86 NvMXdizc V:251 H:176 F:30
				848EF5 AB          PLB                    A:C4AF X:0002 Y:0027 S:0126 D:0E68 DB:86 NvMXdizc V:251 H:181 F:30
				848EF6 C2 21       REP #$21               A:C4AF X:0002 Y:0027 S:0127 D:0E68 DB:AF NvMXdizc V:251 H:188 F:30
				848EF8 A5 14       LDA $14       [000E7C] A:C4AF X:0002 Y:0027 S:0127 D:0E68 DB:AF NvmXdizc V:251 H:192 F:30
				848EFA 69 03 00    ADC #$0003             A:D048 X:0002 Y:0027 S:0127 D:0E68 DB:AF NvmXdizc V:251 H:201 F:30
				848EFD A4 0F       LDY $0F       [000E77] A:D04B X:0002 Y:0027 S:0127 D:0E68 DB:AF NvmXdizc V:251 H:205 F:30
				848EFF 10 37       BPL $0037     [848F38] A:D04B X:0002 Y:0000 S:0127 D:0E68 DB:AF nvmXdiZc V:251 H:212 F:30
				848F38 85 14       STA $14       [000E7C] A:D04B X:0002 Y:0000 S:0127 D:0E68 DB:AF nvmXdiZc V:251 H:216 F:30
				848F3A E2 30       SEP #$30               A:D04B X:0002 Y:0000 S:0127 D:0E68 DB:AF nvmXdiZc V:251 H:225 F:30
				848F3C B2 14       LDA ($14)     [AFD04B] A:D04B X:0002 Y:0000 S:0127 D:0E68 DB:AF nvMXdiZc V:251 H:229 F:30
				848F3E 85 13       STA $13       [000E7B] A:D006 X:0002 Y:0000 S:0127 D:0E68 DB:AF nvMXdizc V:251 H:239 F:30
				848F40 A0 01       LDY #$01               A:D006 X:0002 Y:0000 S:0127 D:0E68 DB:AF nvMXdizc V:251 H:246 F:30
				848F42 B1 14       LDA ($14),Y   [AFD04C] A:D006 X:0002 Y:0001 S:0127 D:0E68 DB:AF nvMXdizc V:251 H:249 F:30	CDAction = #$01
				848F44 85 0F       STA $0F       [000E77] A:D001 X:0002 Y:0001 S:0127 D:0E68 DB:AF nvMXdizc V:251 H:259 F:30
				848F46 C8          INY                    A:D001 X:0002 Y:0001 S:0127 D:0E68 DB:AF nvMXdizc V:251 H:265 F:30
				848F47 B1 14       LDA ($14),Y   [AFD04D] A:D001 X:0002 Y:0002 S:0127 D:0E68 DB:AF nvMXdizc V:251 H:268 F:30
				848F49 85 17       STA $17       [000E7F] A:D00A X:0002 Y:0002 S:0127 D:0E68 DB:AF nvMXdizc V:251 H:278 F:30
				848F4B A9 80       LDA #$80               A:D00A X:0002 Y:0002 S:0127 D:0E68 DB:AF nvMXdizc V:251 H:285 F:30
				848F4D 04 17       TSB $17       [000E7F] A:D080 X:0002 Y:0002 S:0127 D:0E68 DB:AF NvMXdizc V:251 H:288 F:30
				848F4F AB          PLB                    A:D080 X:0002 Y:0002 S:0127 D:0E68 DB:AF NvMXdiZc V:251 H:298 F:30
				848F50 28          PLP                    A:D080 X:0002 Y:0002 S:0128 D:0E68 DB:86 NvMXdizc V:251 H:304 F:30
				848F51 6B          RTL                    A:D080 X:0002 Y:0002 S:0129 D:0E68 DB:86 nvMXdizc V:251 H:311 F:30

			81B8D0 A5 0F       LDA $0F       [000E77] A:D080 X:0002 Y:0002 S:012C D:0E68 DB:86 nvMXdizc V:251 H:321 F:30		|Branch if CDAction = #$00
			81B8D2 29 7F       AND #$7F               A:D001 X:0002 Y:0002 S:012C D:0E68 DB:86 nvMXdizc V:251 H:327 F:30		|
			81B8D4 F0 0A       BEQ $000A     [81B8E0] A:D001 X:0002 Y:0002 S:012C D:0E68 DB:86 nvMXdizc V:251 H:330 F:30		|
			81B8D6 A9 04       LDA #$04               A:D001 X:0002 Y:0002 S:012C D:0E68 DB:86 nvMXdizc V:251 H:333 F:30		Subaction = #$04
			81B8D8 85 03       STA $03       [000E6B] A:D004 X:0002 Y:0002 S:012C D:0E68 DB:86 nvMXdizc V:251 H:336 F:30
			81B8DA A9 49       LDA #$49               A:D004 X:0002 Y:0002 S:012C D:0E68 DB:86 nvMXdizc V:252 H:  2 F:30
			81B8DC 22 A2 88 80 JSL $8088A2   [8088A2] A:D049 X:0002 Y:0002 S:012C D:0E68 DB:86 nvMXdizc V:252 H:  5 F:30		JSL: $8088A2 (A = #$49) --> Play Sound Effect number A 

				8088A2 DA          PHX                    A:D049 X:0002 Y:0002 S:0129 D:0E68 DB:86 nvMXdizc V:252 H: 19 F:30	Push X
				8088A3 5A          PHY                    A:D049 X:0002 Y:0002 S:0128 D:0E68 DB:86 nvMXdizc V:252 H: 24 F:30	Push Y
				8088A4 08          PHP                    A:D049 X:0002 Y:0002 S:0127 D:0E68 DB:86 nvMXdizc V:252 H: 29 F:30	Push Processor Flags
				8088A5 C2 20       REP #$20               A:D049 X:0002 Y:0002 S:0126 D:0E68 DB:86 nvMXdizc V:252 H: 34 F:30	A:2B
				8088A7 E2 10       SEP #$10               A:D049 X:0002 Y:0002 S:0126 D:0E68 DB:86 nvmXdizc V:252 H: 38 F:30	X:1B
				8088A9 48          PHA                    A:D049 X:0002 Y:0002 S:0126 D:0E68 DB:86 nvmXdizc V:252 H: 43 F:30	Push A
				8088AA A5 05       LDA $05       [000E6D] A:D049 X:0002 Y:0002 S:0124 D:0E68 DB:86 nvmXdizc V:252 H: 50 F:30	|Load E-X-Pos - MMX-X-Pos
				8088AC 38          SEC                    A:1E8A X:0002 Y:0002 S:0124 D:0E68 DB:86 nvmXdizc V:252 H: 58 F:30	|
				8088AD ED AD 0B    SBC $0BAD     [860BAD] A:1E8A X:0002 Y:0002 S:0124 D:0E68 DB:86 nvmXdizC V:252 H: 61 F:30	|
				8088B0 10 0E       BPL $000E     [8088C0] A:0073 X:0002 Y:0002 S:0124 D:0E68 DB:86 nvmXdizC V:252 H: 70 F:30	Branch because A is positive
				8088C0 4A          LSR A                  A:0073 X:0002 Y:0002 S:0124 D:0E68 DB:86 nvmXdizC V:252 H: 74 F:30	A/2
				8088C1 C9 7F 00    CMP #$007F             A:0039 X:0002 Y:0002 S:0124 D:0E68 DB:86 nvmXdizC V:252 H: 77 F:30	|Branch because A < #$007F
				8088C4 30 03       BMI $0003     [8088C9] A:0039 X:0002 Y:0002 S:0124 D:0E68 DB:86 NvmXdizc V:252 H: 82 F:30	|
				8088C9 A8          TAY                    A:0039 X:0002 Y:0002 S:0124 D:0E68 DB:86 NvmXdizc V:252 H: 86 F:30	Y = (E-X-Pos - MMX-X-Pos)/2
				8088CA 68          PLA                    A:0039 X:0002 Y:0039 S:0124 D:0E68 DB:86 nvmXdizc V:252 H: 89 F:30	Pull A (A = #$49)
				8088CB 80 07       BRA $0007     [8088D4] A:D049 X:0002 Y:0039 S:0126 D:0E68 DB:86 NvmXdizc V:252 H: 98 F:30	
				8088D4 E2 31       SEP #$31               A:D049 X:0002 Y:0039 S:0126 D:0E68 DB:86 NvmXdizc V:252 H:102 F:30	A:1B,C=Set
				8088D6 AE A3 0B    LDX $0BA3     [860BA3] A:D049 X:0002 Y:0039 S:0126 D:0E68 DB:86 NvMXdizC V:252 H:107 F:30	X = $7E0BA3 = #$02 
				8088D9 9D 72 0B    STA $0B72,X   [860B7E] A:D049 X:000C Y:0039 S:0126 D:0E68 DB:86 nvMXdizC V:252 H:113 F:30	Store X in $7E0B72,X = $7E0B7E --> ID of sound effect to play
				8088DC 98          TYA                    A:D049 X:000C Y:0039 S:0126 D:0E68 DB:86 nvMXdizC V:252 H:121 F:30	
				8088DD 9D 73 0B    STA $0B73,X   [860B7F] A:D039 X:000C Y:0039 S:0126 D:0E68 DB:86 nvMXdizC V:252 H:124 F:30	Store Y in $7E0B73,X = $7E0B7F --> ????
				8088E0 E8          INX                    A:D039 X:000C Y:0039 S:0126 D:0E68 DB:86 nvMXdizC V:252 H:132 F:30
				8088E1 E8          INX                    A:D039 X:000D Y:0039 S:0126 D:0E68 DB:86 nvMXdizC V:252 H:145 F:30
				8088E2 8A          TXA                    A:D039 X:000E Y:0039 S:0126 D:0E68 DB:86 nvMXdizC V:252 H:148 F:30
				8088E3 29 1E       AND #$1E               A:D00E X:000E Y:0039 S:0126 D:0E68 DB:86 nvMXdizC V:252 H:151 F:30
				8088E5 8D A3 0B    STA $0BA3     [860BA3] A:D00E X:000E Y:0039 S:0126 D:0E68 DB:86 nvMXdizC V:252 H:154 F:30
				8088E8 28          PLP                    A:D00E X:000E Y:0039 S:0126 D:0E68 DB:86 nvMXdizC V:252 H:161 F:30
				8088E9 7A          PLY                    A:D00E X:000E Y:0039 S:0127 D:0E68 DB:86 nvMXdizc V:252 H:167 F:30
				8088EA FA          PLX                    A:D00E X:000E Y:0002 S:0128 D:0E68 DB:86 nvMXdizc V:252 H:174 F:30
				8088EB 6B          RTL                    A:D00E X:0002 Y:0002 S:0129 D:0E68 DB:86 nvMXdizc V:252 H:180 F:30

			81B8E0 60          RTS                    A:D00E X:0002 Y:0002 S:012C D:0E68 DB:86 nvMXdizc V:252 H:191 F:30		Return

		81B63B A9 09       LDA #$09               A:D00E X:0002 Y:0002 S:012E D:0E68 DB:86 nvMXdizc V:252 H:201 F:30
