8094D9 A6 D1       LDX $D1       [0000D1] A:0137 X:0008 Y:004C S:013C D:0000 DB:86 nvMXdizc V:232 H:256 F:51
8094DB FC E3 94    JSR ($94E3,X) [8094E5] A:0137 X:0002 Y:004C S:013C D:0000 DB:86 nvMXdizc V:232 H:261 F:51

	80953F A6 D2       LDX $D2       [0000D2] A:0137 X:0002 Y:004C S:013A D:0000 DB:86 nvMXdizc V:232 H:274 F:51
	809541 7C 44 95    JMP ($9544,X) [809548] A:0137 X:0004 Y:004C S:013A D:0000 DB:86 nvMXdizc V:232 H:279 F:51

	809976 A6 D3       LDX $D3       [0000D3] A:0137 X:0004 Y:004C S:013A D:0000 DB:86 nvMXdizc V:232 H:288 F:51
	809978 7C 7B 99    JMP ($997B,X) [80997F] A:0137 X:0004 Y:004C S:013A D:0000 DB:86 nvMXdizc V:232 H:293 F:51

	809A6A EE 9C 0B    INC $0B9C     [860B9C] A:0137 X:0004 Y:004C S:013A D:0000 DB:86 nvMXdizc V:232 H:302 F:51
	809A6D AD 7F 1F    LDA $1F7F     [861F7F] A:0137 X:0004 Y:004C S:013A D:0000 DB:86 nvMXdizc V:232 H:312 F:51
	809A70 D0 03       BNE $0003     [809A75] A:0100 X:0004 Y:004C S:013A D:0000 DB:86 nvMXdiZc V:232 H:319 F:51
	809A72 20 43 E5    JSR $E543     [80E543] A:0100 X:0004 Y:004C S:013A D:0000 DB:86 nvMXdiZc V:232 H:322 F:51

		80E543 C2 20       REP #$20               A:0100 X:0004 Y:004C S:0138 D:0000 DB:86 nvMXdiZc V:232 H:331 F:51
		80E545 AD DE 0B    LDA $0BDE     [860BDE] A:0100 X:0004 Y:004C S:0138 D:0000 DB:86 nvmXdiZc V:232 H:335 F:51
		80E548 8D E0 0B    STA $0BE0     [860BE0] A:0000 X:0004 Y:004C S:0138 D:0000 DB:86 nvmXdiZc V:233 H:  4 F:51
		80E54B E2 30       SEP #$30               A:0000 X:0004 Y:004C S:0138 D:0000 DB:86 nvmXdiZc V:233 H: 12 F:51
		80E54D A5 A7       LDA $A7       [0000A7] A:0000 X:0004 Y:004C S:0138 D:0000 DB:86 nvMXdiZc V:233 H: 17 F:51
		80E54F 4A          LSR A                  A:0000 X:0004 Y:004C S:0138 D:0000 DB:86 nvMXdiZc V:233 H: 22 F:51
		80E550 4A          LSR A                  A:0000 X:0004 Y:004C S:0138 D:0000 DB:86 nvMXdiZc V:233 H: 25 F:51
		80E551 29 3C       AND #$3C               A:0000 X:0004 Y:004C S:0138 D:0000 DB:86 nvMXdiZc V:233 H: 28 F:51
		80E553 85 02       STA $02       [000002] A:0000 X:0004 Y:004C S:0138 D:0000 DB:86 nvMXdiZc V:233 H: 31 F:51
		80E555 A5 A8       LDA $A8       [0000A8] A:0000 X:0004 Y:004C S:0138 D:0000 DB:86 nvMXdiZc V:233 H: 36 F:51
		80E557 29 C0       AND #$C0               A:0000 X:0004 Y:004C S:0138 D:0000 DB:86 nvMXdiZc V:233 H: 41 F:51
		80E559 04 02       TSB $02       [000002] A:0000 X:0004 Y:004C S:0138 D:0000 DB:86 nvMXdiZc V:233 H: 44 F:51
		80E55B A5 A8       LDA $A8       [0000A8] A:0000 X:0004 Y:004C S:0138 D:0000 DB:86 nvMXdiZc V:233 H: 52 F:51
		80E55D 4A          LSR A                  A:0000 X:0004 Y:004C S:0138 D:0000 DB:86 nvMXdiZc V:233 H: 57 F:51
		80E55E 4A          LSR A                  A:0000 X:0004 Y:004C S:0138 D:0000 DB:86 nvMXdiZc V:233 H: 60 F:51
		80E55F 4A          LSR A                  A:0000 X:0004 Y:004C S:0138 D:0000 DB:86 nvMXdiZc V:233 H: 63 F:51
		80E560 4A          LSR A                  A:0000 X:0004 Y:004C S:0138 D:0000 DB:86 nvMXdiZc V:233 H: 66 F:51
		80E561 29 03       AND #$03               A:0000 X:0004 Y:004C S:0138 D:0000 DB:86 nvMXdiZc V:233 H: 69 F:51
		80E563 04 02       TSB $02       [000002] A:0000 X:0004 Y:004C S:0138 D:0000 DB:86 nvMXdiZc V:233 H: 72 F:51
		80E565 A5 A8       LDA $A8       [0000A8] A:0000 X:0004 Y:004C S:0138 D:0000 DB:86 nvMXdiZc V:233 H: 81 F:51
		80E567 29 0F       AND #$0F               A:0000 X:0004 Y:004C S:0138 D:0000 DB:86 nvMXdiZc V:233 H: 86 F:51
		80E569 8D DF 0B    STA $0BDF     [860BDF] A:0000 X:0004 Y:004C S:0138 D:0000 DB:86 nvMXdiZc V:233 H: 89 F:51
		80E56C 20 80 E5    JSR $E580     [80E580] A:0000 X:0004 Y:004C S:0138 D:0000 DB:86 nvMXdiZc V:233 H: 95 F:51

			80E580 64 00       STZ $00       [000000] A:0000 X:0004 Y:004C S:0136 D:0000 DB:86 nvMXdiZc V:233 H:105 F:51
			80E582 64 01       STZ $01       [000001] A:0000 X:0004 Y:004C S:0136 D:0000 DB:86 nvMXdiZc V:233 H:110 F:51
			80E584 AF C4 FF 7E LDA $7EFFC4   [7EFFC4] A:0000 X:0004 Y:004C S:0136 D:0000 DB:86 nvMXdiZc V:233 H:115 F:51
			80E588 D0 03       BNE $0003     [80E58D] A:0004 X:0004 Y:004C S:0136 D:0000 DB:86 nvMXdizc V:233 H:123 F:51
			80E58D 25 02       AND $02       [000002] A:0004 X:0004 Y:004C S:0136 D:0000 DB:86 nvMXdizc V:233 H:128 F:51
			80E58F CF C4 FF 7E CMP $7EFFC4   [7EFFC4] A:0000 X:0004 Y:004C S:0136 D:0000 DB:86 nvMXdiZc V:233 H:133 F:51
			80E593 66 00       ROR $00       [000000] A:0000 X:0004 Y:004C S:0136 D:0000 DB:86 NvMXdizc V:233 H:151 F:51
			80E595 AF C3 FF 7E LDA $7EFFC3   [7EFFC3] A:0000 X:0004 Y:004C S:0136 D:0000 DB:86 nvMXdiZc V:233 H:159 F:51
			80E599 D0 03       BNE $0003     [80E59E] A:0008 X:0004 Y:004C S:0136 D:0000 DB:86 nvMXdizc V:233 H:167 F:51
			80E59E 25 02       AND $02       [000002] A:0008 X:0004 Y:004C S:0136 D:0000 DB:86 nvMXdizc V:233 H:172 F:51
			80E5A0 CF C3 FF 7E CMP $7EFFC3   [7EFFC3] A:0000 X:0004 Y:004C S:0136 D:0000 DB:86 nvMXdiZc V:233 H:177 F:51
			80E5A4 66 00       ROR $00       [000000] A:0000 X:0004 Y:004C S:0136 D:0000 DB:86 NvMXdizc V:233 H:185 F:51
			80E5A6 46 00       LSR $00       [000000] A:0000 X:0004 Y:004C S:0136 D:0000 DB:86 nvMXdiZc V:233 H:193 F:51
			80E5A8 AF C2 FF 7E LDA $7EFFC2   [7EFFC2] A:0000 X:0004 Y:004C S:0136 D:0000 DB:86 nvMXdiZc V:233 H:202 F:51
			80E5AC D0 03       BNE $0003     [80E5B1] A:0020 X:0004 Y:004C S:0136 D:0000 DB:86 nvMXdizc V:233 H:210 F:51
			80E5B1 25 02       AND $02       [000002] A:0020 X:0004 Y:004C S:0136 D:0000 DB:86 nvMXdizc V:233 H:214 F:51
			80E5B3 CF C2 FF 7E CMP $7EFFC2   [7EFFC2] A:0000 X:0004 Y:004C S:0136 D:0000 DB:86 nvMXdiZc V:233 H:219 F:51
			80E5B7 A5 00       LDA $00       [000000] A:0000 X:0004 Y:004C S:0136 D:0000 DB:86 NvMXdizc V:233 H:227 F:51
			80E5B9 6A          ROR A                  A:0000 X:0004 Y:004C S:0136 D:0000 DB:86 nvMXdiZc V:233 H:232 F:51
			80E5BA 8D DE 0B    STA $0BDE     [860BDE] A:0000 X:0004 Y:004C S:0136 D:0000 DB:86 nvMXdiZc V:233 H:235 F:51
			80E5BD AF C5 FF 7E LDA $7EFFC5   [7EFFC5] A:0000 X:0004 Y:004C S:0136 D:0000 DB:86 nvMXdiZc V:233 H:242 F:51
			80E5C1 D0 03       BNE $0003     [80E5C6] A:0001 X:0004 Y:004C S:0136 D:0000 DB:86 nvMXdizc V:233 H:250 F:51
			80E5C6 25 02       AND $02       [000002] A:0001 X:0004 Y:004C S:0136 D:0000 DB:86 nvMXdizc V:233 H:254 F:51
			80E5C8 CF C5 FF 7E CMP $7EFFC5   [7EFFC5] A:0000 X:0004 Y:004C S:0136 D:0000 DB:86 nvMXdiZc V:233 H:259 F:51
			80E5CC 66 01       ROR $01       [000001] A:0000 X:0004 Y:004C S:0136 D:0000 DB:86 NvMXdizc V:233 H:267 F:51
			80E5CE 46 01       LSR $01       [000001] A:0000 X:0004 Y:004C S:0136 D:0000 DB:86 nvMXdiZc V:233 H:276 F:51
			80E5D0 AF C0 FF 7E LDA $7EFFC0   [7EFFC0] A:0000 X:0004 Y:004C S:0136 D:0000 DB:86 nvMXdiZc V:233 H:284 F:51
			80E5D4 D0 03       BNE $0003     [80E5D9] A:0040 X:0004 Y:004C S:0136 D:0000 DB:86 nvMXdizc V:233 H:292 F:51
			80E5D9 25 02       AND $02       [000002] A:0040 X:0004 Y:004C S:0136 D:0000 DB:86 nvMXdizc V:233 H:297 F:51
			80E5DB CF C0 FF 7E CMP $7EFFC0   [7EFFC0] A:0000 X:0004 Y:004C S:0136 D:0000 DB:86 nvMXdiZc V:233 H:302 F:51
			80E5DF 66 01       ROR $01       [000001] A:0000 X:0004 Y:004C S:0136 D:0000 DB:86 NvMXdizc V:233 H:310 F:51
			80E5E1 AF C1 FF 7E LDA $7EFFC1   [7EFFC1] A:0000 X:0004 Y:004C S:0136 D:0000 DB:86 nvMXdiZc V:233 H:318 F:51
			80E5E5 D0 03       BNE $0003     [80E5EA] A:0080 X:0004 Y:004C S:0136 D:0000 DB:86 NvMXdizc V:233 H:326 F:51
			80E5EA 25 02       AND $02       [000002] A:0080 X:0004 Y:004C S:0136 D:0000 DB:86 NvMXdizc V:233 H:330 F:51
			80E5EC CF C1 FF 7E CMP $7EFFC1   [7EFFC1] A:0000 X:0004 Y:004C S:0136 D:0000 DB:86 nvMXdiZc V:233 H:335 F:51
			80E5F0 A5 01       LDA $01       [000001] A:0000 X:0004 Y:004C S:0136 D:0000 DB:86 NvMXdizc V:234 H:  3 F:51
			80E5F2 6A          ROR A                  A:0000 X:0004 Y:004C S:0136 D:0000 DB:86 nvMXdiZc V:234 H:  8 F:51
			80E5F3 0C DF 0B    TSB $0BDF     [860BDF] A:0000 X:0004 Y:004C S:0136 D:0000 DB:86 nvMXdiZc V:234 H: 11 F:51
			80E5F6 60          RTS                    A:0000 X:0004 Y:004C S:0136 D:0000 DB:86 nvMXdiZc V:234 H: 21 F:51

		80E56F C2 20       REP #$20               A:0000 X:0004 Y:004C S:0138 D:0000 DB:86 nvMXdiZc V:234 H: 31 F:51
		80E571 AD E0 0B    LDA $0BE0     [860BE0] A:0000 X:0004 Y:004C S:0138 D:0000 DB:86 nvmXdiZc V:234 H: 35 F:51
		80E574 49 FF FF    EOR #$FFFF             A:0000 X:0004 Y:004C S:0138 D:0000 DB:86 nvmXdiZc V:234 H: 44 F:51
		80E577 2D DE 0B    AND $0BDE     [860BDE] A:FFFF X:0004 Y:004C S:0138 D:0000 DB:86 NvmXdizc V:234 H: 48 F:51
		80E57A 8D E2 0B    STA $0BE2     [860BE2] A:0000 X:0004 Y:004C S:0138 D:0000 DB:86 nvmXdiZc V:234 H: 57 F:51
		80E57D E2 20       SEP #$20               A:0000 X:0004 Y:004C S:0138 D:0000 DB:86 nvmXdiZc V:234 H: 65 F:51
		80E57F 60          RTS                    A:0000 X:0004 Y:004C S:0138 D:0000 DB:86 nvMXdiZc V:234 H: 70 F:51

	809A75 AD 9F 1F    LDA $1F9F     [861F9F] A:0000 X:0004 Y:004C S:013A D:0000 DB:86 nvMXdiZc V:234 H: 80 F:51
	809A78 10 17       BPL $0017     [809A91] A:0000 X:0004 Y:004C S:013A D:0000 DB:86 nvMXdiZc V:234 H: 86 F:51
	809A91 AD 24 1F    LDA $1F24     [861F24] A:0000 X:0004 Y:004C S:013A D:0000 DB:86 nvMXdiZc V:234 H: 91 F:51
	809A94 D0 59       BNE $0059     [809AEF] A:0000 X:0004 Y:004C S:013A D:0000 DB:86 nvMXdiZc V:234 H: 97 F:51
	809A96 22 86 90 84 JSL $849086   [849086] A:0000 X:0004 Y:004C S:013A D:0000 DB:86 nvMXdiZc V:234 H:100 F:51

		849086 08          PHP                    A:0000 X:0004 Y:004C S:0137 D:0000 DB:86 nvMXdiZc V:234 H:114 F:51
		849087 C2 20       REP #$20               A:0000 X:0004 Y:004C S:0136 D:0000 DB:86 nvMXdiZc V:234 H:119 F:51
		849089 AD A6 0B    LDA $0BA6     [860BA6] A:0000 X:0004 Y:004C S:0136 D:0000 DB:86 nvmXdiZc V:234 H:123 F:51
		84908C 0A          ASL A                  A:1DB0 X:0004 Y:004C S:0136 D:0000 DB:86 nvmXdizc V:234 H:132 F:51
		84908D 18          CLC                    A:3B60 X:0004 Y:004C S:0136 D:0000 DB:86 nvmXdizc V:234 H:145 F:51
		84908E 6D A6 0B    ADC $0BA6     [860BA6] A:3B60 X:0004 Y:004C S:0136 D:0000 DB:86 nvmXdizc V:234 H:148 F:51
		849091 EB          XBA                    A:5910 X:0004 Y:004C S:0136 D:0000 DB:86 nvmXdizc V:234 H:156 F:51
		849092 E2 20       SEP #$20               A:1059 X:0004 Y:004C S:0136 D:0000 DB:86 nvmXdizc V:234 H:161 F:51
		849094 8D A7 0B    STA $0BA7     [860BA7] A:1059 X:0004 Y:004C S:0136 D:0000 DB:86 nvMXdizc V:234 H:165 F:51
		849097 18          CLC                    A:1059 X:0004 Y:004C S:0136 D:0000 DB:86 nvMXdizc V:234 H:172 F:51
		849098 6D A6 0B    ADC $0BA6     [860BA6] A:1059 X:0004 Y:004C S:0136 D:0000 DB:86 nvMXdizc V:234 H:175 F:51
		84909B 8D A6 0B    STA $0BA6     [860BA6] A:1009 X:0004 Y:004C S:0136 D:0000 DB:86 nvMXdizC V:234 H:181 F:51
		84909E 28          PLP                    A:1009 X:0004 Y:004C S:0136 D:0000 DB:86 nvMXdizC V:234 H:188 F:51
		84909F 6B          RTL                    A:1009 X:0004 Y:004C S:0137 D:0000 DB:86 nvMXdiZc V:234 H:194 F:51

	809A9A 20 ED D1    JSR $D1ED     [80D1ED] A:1009 X:0004 Y:004C S:013A D:0000 DB:86 nvMXdiZc V:234 H:205 F:51

		80D1ED 08          PHP                    A:1009 X:0004 Y:004C S:0138 D:0000 DB:86 nvMXdiZc V:234 H:215 F:51
		80D1EE 0B          PHD                    A:1009 X:0004 Y:004C S:0137 D:0000 DB:86 nvMXdiZc V:234 H:220 F:51
		80D1EF C2 20       REP #$20               A:1009 X:0004 Y:004C S:0135 D:0000 DB:86 nvMXdiZc V:234 H:227 F:51
		80D1F1 E2 10       SEP #$10               A:1009 X:0004 Y:004C S:0135 D:0000 DB:86 nvmXdiZc V:234 H:231 F:51
		80D1F3 AE 19 1F    LDX $1F19     [861F19] A:1009 X:0004 Y:004C S:0135 D:0000 DB:86 nvmXdiZc V:234 H:236 F:51
		80D1F6 D0 0C       BNE $000C     [80D204] A:1009 X:0000 Y:004C S:0135 D:0000 DB:86 nvmXdiZc V:234 H:242 F:51
		80D1F8 AD AD 0B    LDA $0BAD     [860BAD] A:1009 X:0000 Y:004C S:0135 D:0000 DB:86 nvmXdiZc V:234 H:245 F:51
		80D1FB 8D CA 0B    STA $0BCA     [860BCA] A:1E1D X:0000 Y:004C S:0135 D:0000 DB:86 nvmXdizc V:234 H:254 F:51
		80D1FE AD B0 0B    LDA $0BB0     [860BB0] A:1E1D X:0000 Y:004C S:0135 D:0000 DB:86 nvmXdizc V:234 H:262 F:51
		80D201 8D CC 0B    STA $0BCC     [860BCC] A:01AF X:0000 Y:004C S:0135 D:0000 DB:86 nvmXdizc V:234 H:271 F:51
		80D204 E2 20       SEP #$20               A:01AF X:0000 Y:004C S:0135 D:0000 DB:86 nvmXdizc V:234 H:279 F:51
		80D206 9C 0D 1F    STZ $1F0D     [861F0D] A:01AF X:0000 Y:004C S:0135 D:0000 DB:86 nvMXdizc V:234 H:284 F:51
		80D209 AE 15 1F    LDX $1F15     [861F15] A:01AF X:0000 Y:004C S:0135 D:0000 DB:86 nvMXdizc V:234 H:290 F:51
		80D20C F0 05       BEQ $0005     [80D213] A:01AF X:0000 Y:004C S:0135 D:0000 DB:86 nvMXdiZc V:234 H:297 F:51
		80D213 20 9D D2    JSR $D29D     [80D29D] A:01AF X:0000 Y:004C S:0135 D:0000 DB:86 nvMXdiZc V:234 H:301 F:51

			80D29D AD 18 0E    LDA $0E18     [860E18] A:01AF X:0000 Y:004C S:0133 D:0000 DB:86 nvMXdiZc V:234 H:311 F:51
			80D2A0 F0 08       BEQ $0008     [80D2AA] A:0100 X:0000 Y:004C S:0133 D:0000 DB:86 nvMXdiZc V:234 H:318 F:51
			80D2AA 60          RTS                    A:0100 X:0000 Y:004C S:0133 D:0000 DB:86 nvMXdiZc V:234 H:322 F:51

		80D216 22 2E 81 81 JSL $81812E   [81812E] A:0100 X:0000 Y:004C S:0135 D:0000 DB:86 nvMXdiZc V:234 H:331 F:51

			81812E 08          PHP                    A:0100 X:0000 Y:004C S:0132 D:0000 DB:86 nvMXdiZc V:235 H:  5 F:51
			81812F 0B          PHD                    A:0100 X:0000 Y:004C S:0131 D:0000 DB:86 nvMXdiZc V:235 H: 10 F:51
			818130 E2 30       SEP #$30               A:0100 X:0000 Y:004C S:012F D:0000 DB:86 nvMXdiZc V:235 H: 17 F:51
			818132 F4 A8 0B    PEA $0BA8              A:0100 X:0000 Y:004C S:012F D:0000 DB:86 nvMXdiZc V:235 H: 21 F:51
			818135 2B          PLD                    A:0100 X:0000 Y:004C S:012D D:0000 DB:86 nvMXdiZc V:235 H: 30 F:51
			818136 22 CD 9A 84 JSL $849ACD   [849ACD] A:0100 X:0000 Y:004C S:012F D:0BA8 DB:86 nvMXdizc V:235 H: 38 F:51

				849ACD A5 1B       LDA $1B       [000BC3] A:0100 X:0000 Y:004C S:012C D:0BA8 DB:86 nvMXdizc V:235 H: 52 F:51
				849ACF 05 1A       ORA $1A       [000BC2] A:0103 X:0000 Y:004C S:012C D:0BA8 DB:86 nvMXdizc V:235 H: 58 F:51
				849AD1 F0 18       BEQ $0018     [849AEB] A:0177 X:0000 Y:004C S:012C D:0BA8 DB:86 nvMXdizc V:235 H: 65 F:51
				849AD3 22 AB 9A 84 JSL $849AAB   [849AAB] A:0177 X:0000 Y:004C S:012C D:0BA8 DB:86 nvMXdizc V:235 H: 68 F:51

					849AAB A9 00       LDA #$00               A:0177 X:0000 Y:004C S:0129 D:0BA8 DB:86 nvMXdizc V:235 H: 81 F:51
					849AAD A6 2E       LDX $2E       [000BD6] A:0100 X:0000 Y:004C S:0129 D:0BA8 DB:86 nvMXdiZc V:235 H: 84 F:51
					849AAF D0 03       BNE $0003     [849AB4] A:0100 X:003B Y:004C S:0129 D:0BA8 DB:86 nvMXdizc V:235 H: 91 F:51
					849AB4 E0 03       CPX #$03               A:0100 X:003B Y:004C S:0129 D:0BA8 DB:86 nvMXdizc V:235 H: 95 F:51
					849AB6 10 01       BPL $0001     [849AB9] A:0100 X:003B Y:004C S:0129 D:0BA8 DB:86 nvMXdizC V:235 H: 98 F:51
					849AB9 1A          INC                    A:0100 X:003B Y:004C S:0129 D:0BA8 DB:86 nvMXdizC V:235 H:103 F:51
					849ABA E0 05       CPX #$05               A:0101 X:003B Y:004C S:0129 D:0BA8 DB:86 nvMXdizC V:235 H:106 F:51
					849ABC 10 01       BPL $0001     [849ABF] A:0101 X:003B Y:004C S:0129 D:0BA8 DB:86 nvMXdizC V:235 H:109 F:51
					849ABF 1A          INC                    A:0101 X:003B Y:004C S:0129 D:0BA8 DB:86 nvMXdizC V:235 H:113 F:51
					849AC0 E0 09       CPX #$09               A:0102 X:003B Y:004C S:0129 D:0BA8 DB:86 nvMXdizC V:235 H:116 F:51
					849AC2 10 01       BPL $0001     [849AC5] A:0102 X:003B Y:004C S:0129 D:0BA8 DB:86 nvMXdizC V:235 H:119 F:51
					849AC5 1A          INC                    A:0102 X:003B Y:004C S:0129 D:0BA8 DB:86 nvMXdizC V:235 H:124 F:51
					849AC6 E0 0D       CPX #$0D               A:0103 X:003B Y:004C S:0129 D:0BA8 DB:86 nvMXdizC V:235 H:127 F:51
					849AC8 10 01       BPL $0001     [849ACB] A:0103 X:003B Y:004C S:0129 D:0BA8 DB:86 nvMXdizC V:235 H:130 F:51
					849ACB 1A          INC                    A:0103 X:003B Y:004C S:0129 D:0BA8 DB:86 nvMXdizC V:235 H:144 F:51
					849ACC 6B          RTL                    A:0104 X:003B Y:004C S:0129 D:0BA8 DB:86 nvMXdizC V:235 H:147 F:51

				849AD7 C9 04       CMP #$04               A:0104 X:003B Y:004C S:012C D:0BA8 DB:86 nvMXdizC V:235 H:158 F:51
				849AD9 D0 07       BNE $0007     [849AE2] A:0104 X:003B Y:004C S:012C D:0BA8 DB:86 nvMXdiZC V:235 H:161 F:51
				849ADB 24 1B       BIT $1B       [000BC3] A:0104 X:003B Y:004C S:012C D:0BA8 DB:86 nvMXdiZC V:235 H:164 F:51
				849ADD 10 02       BPL $0002     [849AE1] A:0104 X:003B Y:004C S:012C D:0BA8 DB:86 nvMXdiZC V:235 H:170 F:51
				849AE1 6B          RTL                    A:0104 X:003B Y:004C S:012C D:0BA8 DB:86 nvMXdiZC V:235 H:175 F:51

			81813A 85 65       STA $65       [000C0D] A:0104 X:003B Y:004C S:012F D:0BA8 DB:86 nvMXdiZC V:235 H:185 F:51
			81813C A5 2B       LDA $2B       [000BD3] A:0104 X:003B Y:004C S:012F D:0BA8 DB:86 nvMXdiZC V:235 H:192 F:51
			81813E 05 2C       ORA $2C       [000BD4] A:0104 X:003B Y:004C S:012F D:0BA8 DB:86 nvMXdizC V:235 H:198 F:51
			818140 85 5E       STA $5E       [000C06] A:0104 X:003B Y:004C S:012F D:0BA8 DB:86 nvMXdizC V:235 H:205 F:51
			818142 AD 0C 1F    LDA $1F0C     [861F0C] A:0104 X:003B Y:004C S:012F D:0BA8 DB:86 nvMXdizC V:235 H:211 F:51
			818145 05 30       ORA $30       [000BD8] A:0100 X:003B Y:004C S:012F D:0BA8 DB:86 nvMXdiZC V:235 H:218 F:51
			818147 05 89       ORA $89       [000C31] A:0100 X:003B Y:004C S:012F D:0BA8 DB:86 nvMXdiZC V:235 H:224 F:51
			818149 85 8A       STA $8A       [000C32] A:0100 X:003B Y:004C S:012F D:0BA8 DB:86 nvMXdiZC V:235 H:231 F:51
			81814B 20 CC 9A    JSR $9ACC     [819ACC] A:0100 X:003B Y:004C S:012F D:0BA8 DB:86 nvMXdiZC V:235 H:237 F:51

				819ACC 06 72       ASL $72       [000C1A] A:0100 X:003B Y:004C S:012D D:0BA8 DB:86 nvMXdiZC V:235 H:247 F:51
				819ACE 64 29       STZ $29       [000BD1] A:0100 X:003B Y:004C S:012D D:0BA8 DB:86 nvMXdiZc V:235 H:257 F:51
				819AD0 A9 08       LDA #$08               A:0100 X:003B Y:004C S:012D D:0BA8 DB:86 nvMXdiZc V:235 H:264 F:51
				819AD2 85 2A       STA $2A       [000BD2] A:0108 X:003B Y:004C S:012D D:0BA8 DB:86 nvMXdizc V:235 H:267 F:51
				819AD4 20 7A 9D    JSR $9D7A     [819D7A] A:0108 X:003B Y:004C S:012D D:0BA8 DB:86 nvMXdizc V:235 H:273 F:51

					819D7A A5 7E       LDA $7E       [000C26] A:0108 X:003B Y:004C S:012B D:0BA8 DB:86 nvMXdizc V:235 H:283 F:51
					819D7C 89 10       BIT #$10               A:0140 X:003B Y:004C S:012B D:0BA8 DB:86 nvMXdizc V:235 H:290 F:51
					819D7E D0 05       BNE $0005     [819D85] A:0140 X:003B Y:004C S:012B D:0BA8 DB:86 nvMXdiZc V:235 H:293 F:51
					819D80 22 A0 90 84 JSL $8490A0   [8490A0] A:0140 X:003B Y:004C S:012B D:0BA8 DB:86 nvMXdiZc V:235 H:296 F:51

						8490A0 20 A4 90    JSR $90A4     [8490A4] A:0140 X:003B Y:004C S:0128 D:0BA8 DB:86 nvMXdiZc V:235 H:309 F:51

							8490A4 0B          PHD                    A:0140 X:003B Y:004C S:0126 D:0BA8 DB:86 nvMXdiZc V:235 H:319 F:51
							8490A5 DA          PHX                    A:0140 X:003B Y:004C S:0124 D:0BA8 DB:86 nvMXdiZc V:235 H:326 F:51
							8490A6 08          PHP                    A:0140 X:003B Y:004C S:0123 D:0BA8 DB:86 nvMXdiZc V:235 H:330 F:51
							8490A7 C2 30       REP #$30               A:0140 X:003B Y:004C S:0122 D:0BA8 DB:86 nvMXdiZc V:235 H:335 F:51
							8490A9 7B          TDC                    A:0140 X:003B Y:004C S:0122 D:0BA8 DB:86 nvmxdiZc V:236 H:  0 F:51
							8490AA AA          TAX                    A:0BA8 X:003B Y:004C S:0122 D:0BA8 DB:86 nvmxdizc V:236 H:  3 F:51
							8490AB A9 00 00    LDA #$0000             A:0BA8 X:0BA8 Y:004C S:0122 D:0BA8 DB:86 nvmxdizc V:236 H:  6 F:51
							8490AE 5B          TCD                    A:0000 X:0BA8 Y:004C S:0122 D:0BA8 DB:86 nvmxdiZc V:236 H: 10 F:51
							8490AF E2 20       SEP #$20               A:0000 X:0BA8 Y:004C S:0122 D:0000 DB:86 nvmxdiZc V:236 H: 13 F:51
							8490B1 80 07       BRA $0007     [8490BA] A:0000 X:0BA8 Y:004C S:0122 D:0000 DB:86 nvMxdiZc V:236 H: 18 F:51
							8490BA 64 01       STZ $01       [000001] A:0000 X:0BA8 Y:004C S:0122 D:0000 DB:86 nvMxdiZc V:236 H: 22 F:51
							8490BC B5 29       LDA $29,X     [000BD1] A:0000 X:0BA8 Y:004C S:0122 D:0000 DB:86 nvMxdiZc V:236 H: 27 F:51
							8490BE 10 02       BPL $0002     [8490C2] A:0000 X:0BA8 Y:004C S:0122 D:0000 DB:86 nvMxdiZc V:236 H: 34 F:51
							8490C2 18          CLC                    A:0000 X:0BA8 Y:004C S:0122 D:0000 DB:86 nvMxdiZc V:236 H: 38 F:51
							8490C3 75 05       ADC $05,X     [000BAD] A:0000 X:0BA8 Y:004C S:0122 D:0000 DB:86 nvMxdiZc V:236 H: 41 F:51
							8490C5 85 00       STA $00       [000000] A:001D X:0BA8 Y:004C S:0122 D:0000 DB:86 nvMxdizc V:236 H: 48 F:51
							8490C7 B5 06       LDA $06,X     [000BAE] A:001D X:0BA8 Y:004C S:0122 D:0000 DB:86 nvMxdizc V:236 H: 53 F:51
							8490C9 65 01       ADC $01       [000001] A:001E X:0BA8 Y:004C S:0122 D:0000 DB:86 nvMxdizc V:236 H: 59 F:51
							8490CB 85 01       STA $01       [000001] A:001E X:0BA8 Y:004C S:0122 D:0000 DB:86 nvMxdizc V:236 H: 64 F:51
							8490CD 64 03       STZ $03       [000003] A:001E X:0BA8 Y:004C S:0122 D:0000 DB:86 nvMxdizc V:236 H: 69 F:51
							8490CF B5 2A       LDA $2A,X     [000BD2] A:001E X:0BA8 Y:004C S:0122 D:0000 DB:86 nvMxdizc V:236 H: 74 F:51
							8490D1 10 02       BPL $0002     [8490D5] A:0008 X:0BA8 Y:004C S:0122 D:0000 DB:86 nvMxdizc V:236 H: 81 F:51
							8490D5 18          CLC                    A:0008 X:0BA8 Y:004C S:0122 D:0000 DB:86 nvMxdizc V:236 H: 85 F:51
							8490D6 75 08       ADC $08,X     [000BB0] A:0008 X:0BA8 Y:004C S:0122 D:0000 DB:86 nvMxdizc V:236 H: 88 F:51
							8490D8 85 02       STA $02       [000002] A:00B7 X:0BA8 Y:004C S:0122 D:0000 DB:86 NvMxdizc V:236 H: 95 F:51
							8490DA 29 F0       AND #$F0               A:00B7 X:0BA8 Y:004C S:0122 D:0000 DB:86 NvMxdizc V:236 H:100 F:51
							8490DC 85 0A       STA $0A       [00000A] A:00B0 X:0BA8 Y:004C S:0122 D:0000 DB:86 NvMxdizc V:236 H:103 F:51
							8490DE B5 09       LDA $09,X     [000BB1] A:00B0 X:0BA8 Y:004C S:0122 D:0000 DB:86 NvMxdizc V:236 H:108 F:51
							8490E0 65 03       ADC $03       [000003] A:0001 X:0BA8 Y:004C S:0122 D:0000 DB:86 nvMxdizc V:236 H:114 F:51
							8490E2 85 03       STA $03       [000003] A:0001 X:0BA8 Y:004C S:0122 D:0000 DB:86 nvMxdizc V:236 H:119 F:51
							8490E4 85 0B       STA $0B       [00000B] A:0001 X:0BA8 Y:004C S:0122 D:0000 DB:86 nvMxdizc V:236 H:124 F:51
							8490E6 A5 00       LDA $00       [000000] A:0001 X:0BA8 Y:004C S:0122 D:0000 DB:86 nvMxdizc V:236 H:129 F:51
							8490E8 29 0F       AND #$0F               A:001D X:0BA8 Y:004C S:0122 D:0000 DB:86 nvMxdizc V:236 H:144 F:51
							8490EA 1A          INC                    A:000D X:0BA8 Y:004C S:0122 D:0000 DB:86 nvMxdizc V:236 H:147 F:51
							8490EB 85 0C       STA $0C       [00000C] A:000E X:0BA8 Y:004C S:0122 D:0000 DB:86 nvMxdizc V:236 H:150 F:51
							8490ED A5 02       LDA $02       [000002] A:000E X:0BA8 Y:004C S:0122 D:0000 DB:86 nvMxdizc V:236 H:155 F:51
							8490EF 29 0F       AND #$0F               A:00B7 X:0BA8 Y:004C S:0122 D:0000 DB:86 NvMxdizc V:236 H:160 F:51
							8490F1 1A          INC                    A:0007 X:0BA8 Y:004C S:0122 D:0000 DB:86 nvMxdizc V:236 H:163 F:51
							8490F2 85 0E       STA $0E       [00000E] A:0008 X:0BA8 Y:004C S:0122 D:0000 DB:86 nvMxdizc V:236 H:166 F:51
							8490F4 C2 20       REP #$20               A:0008 X:0BA8 Y:004C S:0122 D:0000 DB:86 nvMxdizc V:236 H:171 F:51
							8490F6 20 6A 91    JSR $916A     [84916A] A:0008 X:0BA8 Y:004C S:0122 D:0000 DB:86 nvmxdizc V:236 H:176 F:51

								84916A A9 00 E8    LDA #$E800             A:0008 X:0BA8 Y:004C S:0120 D:0000 DB:86 nvmxdizc V:236 H:186 F:51
								84916D 85 10       STA $10       [000010] A:E800 X:0BA8 Y:004C S:0120 D:0000 DB:86 Nvmxdizc V:236 H:190 F:51
								84916F A9 7E 00    LDA #$007E             A:E800 X:0BA8 Y:004C S:0120 D:0000 DB:86 Nvmxdizc V:236 H:197 F:51
								849172 85 12       STA $12       [000012] A:007E X:0BA8 Y:004C S:0120 D:0000 DB:86 nvmxdizc V:236 H:202 F:51
								849174 A5 02       LDA $02       [000002] A:007E X:0BA8 Y:004C S:0120 D:0000 DB:86 nvmxdizc V:236 H:209 F:51
								849176 29 F0 00    AND #$00F0             A:01B7 X:0BA8 Y:004C S:0120 D:0000 DB:86 nvmxdizc V:236 H:216 F:51
								849179 0A          ASL A                  A:00B0 X:0BA8 Y:004C S:0120 D:0000 DB:86 nvmxdizc V:236 H:220 F:51
								84917A 85 04       STA $04       [000004] A:0160 X:0BA8 Y:004C S:0120 D:0000 DB:86 nvmxdizc V:236 H:223 F:51
								84917C A5 00       LDA $00       [000000] A:0160 X:0BA8 Y:004C S:0120 D:0000 DB:86 nvmxdizc V:236 H:230 F:51
								84917E 29 FF 00    AND #$00FF             A:1E1D X:0BA8 Y:004C S:0120 D:0000 DB:86 nvmxdizc V:236 H:237 F:51
								849181 4A          LSR A                  A:001D X:0BA8 Y:004C S:0120 D:0000 DB:86 nvmxdizc V:236 H:242 F:51
								849182 4A          LSR A                  A:000E X:0BA8 Y:004C S:0120 D:0000 DB:86 nvmxdizC V:236 H:245 F:51
								849183 4A          LSR A                  A:0007 X:0BA8 Y:004C S:0120 D:0000 DB:86 nvmxdizc V:236 H:248 F:51
								849184 29 FE FF    AND #$FFFE             A:0003 X:0BA8 Y:004C S:0120 D:0000 DB:86 nvmxdizC V:236 H:251 F:51
								849187 18          CLC                    A:0002 X:0BA8 Y:004C S:0120 D:0000 DB:86 nvmxdizC V:236 H:255 F:51
								849188 65 04       ADC $04       [000004] A:0002 X:0BA8 Y:004C S:0120 D:0000 DB:86 nvmxdizc V:236 H:258 F:51
								84918A 85 06       STA $06       [000006] A:0162 X:0BA8 Y:004C S:0120 D:0000 DB:86 nvmxdizc V:236 H:265 F:51
								84918C A5 00       LDA $00       [000000] A:0162 X:0BA8 Y:004C S:0120 D:0000 DB:86 nvmxdizc V:236 H:272 F:51
								84918E EB          XBA                    A:1E1D X:0BA8 Y:004C S:0120 D:0000 DB:86 nvmxdizc V:236 H:279 F:51
								84918F 29 1F 00    AND #$001F             A:1D1E X:0BA8 Y:004C S:0120 D:0000 DB:86 nvmxdizc V:236 H:284 F:51
								849192 85 04       STA $04       [000004] A:001E X:0BA8 Y:004C S:0120 D:0000 DB:86 nvmxdizc V:236 H:288 F:51
								849194 A5 02       LDA $02       [000002] A:001E X:0BA8 Y:004C S:0120 D:0000 DB:86 nvmxdizc V:236 H:295 F:51
								849196 29 00 1F    AND #$1F00             A:01B7 X:0BA8 Y:004C S:0120 D:0000 DB:86 nvmxdizc V:236 H:302 F:51
								849199 4A          LSR A                  A:0100 X:0BA8 Y:004C S:0120 D:0000 DB:86 nvmxdizc V:236 H:307 F:51
								84919A 4A          LSR A                  A:0080 X:0BA8 Y:004C S:0120 D:0000 DB:86 nvmxdizc V:236 H:310 F:51
								84919B 4A          LSR A                  A:0040 X:0BA8 Y:004C S:0120 D:0000 DB:86 nvmxdizc V:236 H:313 F:51
								84919C 18          CLC                    A:0020 X:0BA8 Y:004C S:0120 D:0000 DB:86 nvmxdizc V:236 H:316 F:51
								84919D 65 04       ADC $04       [000004] A:0020 X:0BA8 Y:004C S:0120 D:0000 DB:86 nvmxdizc V:236 H:319 F:51
								84919F A8          TAY                    A:003E X:0BA8 Y:004C S:0120 D:0000 DB:86 nvmxdizc V:236 H:325 F:51
								8491A0 B7 10       LDA [$10],Y   [7EE83E] A:003E X:0BA8 Y:003E S:0120 D:0000 DB:86 nvmxdizc V:236 H:328 F:51
								8491A2 29 FF 00    AND #$00FF             A:0005 X:0BA8 Y:003E S:0120 D:0000 DB:86 nvmxdizc V:237 H:  1 F:51
								8491A5 A8          TAY                    A:0005 X:0BA8 Y:003E S:0120 D:0000 DB:86 nvmxdizc V:237 H:  5 F:51
								8491A6 EB          XBA                    A:0005 X:0BA8 Y:0005 S:0120 D:0000 DB:86 nvmxdizc V:237 H:  8 F:51
								8491A7 0A          ASL A                  A:0500 X:0BA8 Y:0005 S:0120 D:0000 DB:86 nvmxdiZc V:237 H: 13 F:51
								8491A8 18          CLC                    A:0A00 X:0BA8 Y:0005 S:0120 D:0000 DB:86 nvmxdizc V:237 H: 16 F:51
								8491A9 65 06       ADC $06       [000006] A:0A00 X:0BA8 Y:0005 S:0120 D:0000 DB:86 nvmxdizc V:237 H: 19 F:51
								8491AB AA          TAX                    A:0B62 X:0BA8 Y:0005 S:0120 D:0000 DB:86 nvmxdizc V:237 H: 26 F:51
								8491AC 60          RTS                    A:0B62 X:0B62 Y:0005 S:0120 D:0000 DB:86 nvmxdizc V:237 H: 29 F:51

							8490F9 BF 00 20 7E LDA $7E2000,X [7E2B62] A:0B62 X:0B62 Y:0005 S:0122 D:0000 DB:86 nvmxdizc V:237 H: 39 F:51
							8490FD A8          TAY                    A:02CC X:0B62 Y:0005 S:0122 D:0000 DB:86 nvmxdizc V:237 H: 49 F:51
							8490FE AD 92 0B    LDA $0B92     [860B92] A:02CC X:0B62 Y:02CC S:0122 D:0000 DB:86 nvmxdizc V:237 H: 52 F:51
							849101 85 10       STA $10       [000010] A:EDC3 X:0B62 Y:02CC S:0122 D:0000 DB:86 Nvmxdizc V:237 H: 60 F:51
							849103 AD 94 0B    LDA $0B94     [860B94] A:EDC3 X:0B62 Y:02CC S:0122 D:0000 DB:86 Nvmxdizc V:237 H: 67 F:51
							849106 85 12       STA $12       [000012] A:E095 X:0B62 Y:02CC S:0122 D:0000 DB:86 Nvmxdizc V:237 H: 76 F:51
							849108 B7 10       LDA [$10],Y   [95F08F] A:E095 X:0B62 Y:02CC S:0122 D:0000 DB:86 Nvmxdizc V:237 H: 83 F:51
							84910A 29 FF 00    AND #$00FF             A:0000 X:0B62 Y:02CC S:0122 D:0000 DB:86 nvmxdiZc V:237 H: 95 F:51
							84910D 28          PLP                    A:0000 X:0B62 Y:02CC S:0122 D:0000 DB:86 nvmxdiZc V:237 H: 99 F:51
							84910E FA          PLX                    A:0000 X:0062 Y:00CC S:0123 D:0000 DB:86 nvMXdiZc V:237 H:106 F:51
							84910F 2B          PLD                    A:0000 X:003B Y:00CC S:0124 D:0000 DB:86 nvMXdizc V:237 H:112 F:51
							849110 60          RTS                    A:0000 X:003B Y:00CC S:0126 D:0BA8 DB:86 nvMXdizc V:237 H:121 F:51

						8490A3 6B          RTL                    A:0000 X:003B Y:00CC S:0128 D:0BA8 DB:86 nvMXdizc V:237 H:131 F:51

					819D84 60          RTS                    A:0000 X:003B Y:00CC S:012B D:0BA8 DB:86 nvMXdizc V:237 H:151 F:51

				819AD7 C9 0E       CMP #$0E               A:0000 X:003B Y:00CC S:012D D:0BA8 DB:86 nvMXdizc V:237 H:161 F:51
				819AD9 D0 4F       BNE $004F     [819B2A] A:0000 X:003B Y:00CC S:012D D:0BA8 DB:86 NvMXdizc V:237 H:164 F:51
				819B2A E2 30       SEP #$30               A:0000 X:003B Y:00CC S:012D D:0BA8 DB:86 NvMXdizc V:237 H:169 F:51
				819B2C 60          RTS                    A:0000 X:003B Y:00CC S:012D D:0BA8 DB:86 NvMXdizc V:237 H:173 F:51

			81814E 20 2D 9B    JSR $9B2D     [819B2D] A:0000 X:003B Y:00CC S:012F D:0BA8 DB:86 NvMXdizc V:237 H:183 F:51

				819B2D C2 10       REP #$10               A:0000 X:003B Y:00CC S:012D D:0BA8 DB:86 NvMXdizc V:237 H:193 F:51
				819B2F A5 74       LDA $74       [000C1C] A:0000 X:003B Y:00CC S:012D D:0BA8 DB:86 NvMxdizc V:237 H:198 F:51
				819B31 F0 45       BEQ $0045     [819B78] A:0000 X:003B Y:00CC S:012D D:0BA8 DB:86 nvMxdiZc V:237 H:204 F:51
				819B78 E2 30       SEP #$30               A:0000 X:003B Y:00CC S:012D D:0BA8 DB:86 nvMxdiZc V:237 H:209 F:51
				819B7A 60          RTS                    A:0000 X:003B Y:00CC S:012D D:0BA8 DB:86 nvMXdiZc V:237 H:213 F:51

			818151 20 E1 9F    JSR $9FE1     [819FE1] A:0000 X:003B Y:00CC S:012F D:0BA8 DB:86 nvMXdiZc V:237 H:223 F:51

				819FE1 A5 33       LDA $33       [000BDB] A:0000 X:003B Y:00CC S:012D D:0BA8 DB:86 nvMXdiZc V:237 H:233 F:51
				819FE3 C9 08       CMP #$08               A:0000 X:003B Y:00CC S:012D D:0BA8 DB:86 nvMXdiZc V:237 H:240 F:51
				819FE5 D0 1C       BNE $001C     [81A003] A:0000 X:003B Y:00CC S:012D D:0BA8 DB:86 NvMXdizc V:237 H:243 F:51
				81A003 60          RTS                    A:0000 X:003B Y:00CC S:012D D:0BA8 DB:86 NvMXdizc V:237 H:247 F:51

			818154 A5 02       LDA $02       [000BAA] A:0000 X:003B Y:00CC S:012F D:0BA8 DB:86 NvMXdizc V:237 H:257 F:51
			818156 C9 40       CMP #$40               A:001E X:003B Y:00CC S:012F D:0BA8 DB:86 nvMXdizc V:237 H:264 F:51
			818158 D0 02       BNE $0002     [81815C] A:001E X:003B Y:00CC S:012F D:0BA8 DB:86 NvMXdizc V:237 H:267 F:51
			81815C A5 8C       LDA $8C       [000C34] A:001E X:003B Y:00CC S:012F D:0BA8 DB:86 NvMXdizc V:237 H:271 F:51
			81815E 04 37       TSB $37       [000BDF] A:0000 X:003B Y:00CC S:012F D:0BA8 DB:86 nvMXdiZc V:237 H:278 F:51
			818160 A6 01       LDX $01       [000BA9] A:0000 X:003B Y:00CC S:012F D:0BA8 DB:86 nvMXdiZc V:237 H:288 F:51
			818162 FC 9F 81    JSR ($819F,X) [8181A1] A:0000 X:0002 Y:00CC S:012F D:0BA8 DB:86 nvMXdizc V:237 H:294 F:51


				81825D AD 23 1F    LDA $1F23     [861F23] A:0000 X:0002 Y:00CC S:012D D:0BA8 DB:86 nvMXdizc V:237 H:307 F:51
				818260 F0 0F       BEQ $000F     [818271] A:0000 X:0002 Y:00CC S:012D D:0BA8 DB:86 nvMXdiZc V:237 H:314 F:51
				818271 A5 6B       LDA $6B       [000C13] A:0000 X:0002 Y:00CC S:012D D:0BA8 DB:86 nvMXdiZc V:237 H:318 F:51
				818273 F0 17       BEQ $0017     [81828C] A:0000 X:0002 Y:00CC S:012D D:0BA8 DB:86 nvMXdiZc V:237 H:324 F:51
				81828C A5 56       LDA $56       [000BFE] A:0000 X:0002 Y:00CC S:012D D:0BA8 DB:86 nvMXdiZc V:237 H:328 F:51
				81828E F0 02       BEQ $0002     [818292] A:0000 X:0002 Y:00CC S:012D D:0BA8 DB:86 nvMXdiZc V:237 H:335 F:51
				818292 20 62 A0    JSR $A062     [81A062] A:0000 X:0002 Y:00CC S:012D D:0BA8 DB:86 nvMXdiZc V:237 H:339 F:51

					81A062 A6 7F       LDX $7F       [000C27] A:0000 X:0002 Y:00CC S:012B D:0BA8 DB:86 nvMXdiZc V:238 H:  9 F:51
					81A064 7C 67 A0    JMP ($A067,X) [81A067] A:0000 X:0000 Y:00CC S:012B D:0BA8 DB:86 nvMXdiZc V:238 H: 16 F:51

					81A06F A5 37       LDA $37       [000BDF] A:0000 X:0000 Y:00CC S:012B D:0BA8 DB:86 nvMXdiZc V:238 H: 25 F:51
					81A071 29 0F       AND #$0F               A:0000 X:0000 Y:00CC S:012B D:0BA8 DB:86 nvMXdiZc V:238 H: 31 F:51
					81A073 C9 04       CMP #$04               A:0000 X:0000 Y:00CC S:012B D:0BA8 DB:86 nvMXdiZc V:238 H: 34 F:51
					81A075 D0 08       BNE $0008     [81A07F] A:0000 X:0000 Y:00CC S:012B D:0BA8 DB:86 NvMXdizc V:238 H: 37 F:51
					81A07F 60          RTS                    A:0000 X:0000 Y:00CC S:012B D:0BA8 DB:86 NvMXdizc V:238 H: 42 F:51

				818295 20 D2 97    JSR $97D2     [8197D2] A:0000 X:0000 Y:00CC S:012D D:0BA8 DB:86 NvMXdizc V:238 H: 52 F:51

					8197D2 A5 7D       LDA $7D       [000C25] A:0000 X:0000 Y:00CC S:012B D:0BA8 DB:86 NvMXdizc V:238 H: 62 F:51
					8197D4 D0 2C       BNE $002C     [819802] A:0000 X:0000 Y:00CC S:012B D:0BA8 DB:86 nvMXdiZc V:238 H: 68 F:51
					8197D6 A5 27       LDA $27       [000BCF] A:0000 X:0000 Y:00CC S:012B D:0BA8 DB:86 nvMXdiZc V:238 H: 71 F:51
					8197D8 F0 28       BEQ $0028     [819802] A:0020 X:0000 Y:00CC S:012B D:0BA8 DB:86 nvMXdizc V:238 H: 78 F:51
					8197DA AD 99 1F    LDA $1F99     [861F99] A:0020 X:0000 Y:00CC S:012B D:0BA8 DB:86 nvMXdizc V:238 H: 81 F:51
					8197DD 89 02       BIT #$02               A:00FF X:0000 Y:00CC S:012B D:0BA8 DB:86 NvMXdizc V:238 H: 87 F:51
					8197DF D0 04       BNE $0004     [8197E5] A:00FF X:0000 Y:00CC S:012B D:0BA8 DB:86 NvMXdizc V:238 H: 90 F:51
					8197E5 A5 7C       LDA $7C       [000C24] A:00FF X:0000 Y:00CC S:012B D:0BA8 DB:86 NvMXdizc V:238 H: 95 F:51
					8197E7 D0 05       BNE $0005     [8197EE] A:0000 X:0000 Y:00CC S:012B D:0BA8 DB:86 nvMXdiZc V:238 H:101 F:51
					8197E9 AD 23 1F    LDA $1F23     [861F23] A:0000 X:0000 Y:00CC S:012B D:0BA8 DB:86 nvMXdiZc V:238 H:104 F:51
					8197EC F0 15       BEQ $0015     [819803] A:0000 X:0000 Y:00CC S:012B D:0BA8 DB:86 nvMXdiZc V:238 H:111 F:51
					819803 A5 5B       LDA $5B       [000C03] A:0000 X:0000 Y:00CC S:012B D:0BA8 DB:86 nvMXdiZc V:238 H:115 F:51
					819805 F0 34       BEQ $0034     [81983B] A:0000 X:0000 Y:00CC S:012B D:0BA8 DB:86 nvMXdiZc V:238 H:122 F:51
					81983B A5 6E       LDA $6E       [000C16] A:0000 X:0000 Y:00CC S:012B D:0BA8 DB:86 nvMXdiZc V:238 H:126 F:51
					81983D D0 C3       BNE $00C3     [819802] A:001E X:0000 Y:00CC S:012B D:0BA8 DB:86 nvMXdizc V:238 H:133 F:51
					819802 60          RTS                    A:001E X:0000 Y:00CC S:012B D:0BA8 DB:86 nvMXdizc V:238 H:147 F:51

				818298 20 1C 97    JSR $971C     [81971C] A:001E X:0000 Y:00CC S:012D D:0BA8 DB:86 nvMXdizc V:238 H:157 F:51

					81971C AD 99 1F    LDA $1F99     [861F99] A:001E X:0000 Y:00CC S:012B D:0BA8 DB:86 nvMXdizc V:238 H:167 F:51
					81971F 89 08       BIT #$08               A:00FF X:0000 Y:00CC S:012B D:0BA8 DB:86 NvMXdizc V:238 H:174 F:51
					819721 F0 B1       BEQ $00B1     [8196D4] A:00FF X:0000 Y:00CC S:012B D:0BA8 DB:86 NvMXdizc V:238 H:177 F:51
					819723 AD 23 1F    LDA $1F23     [861F23] A:00FF X:0000 Y:00CC S:012B D:0BA8 DB:86 NvMXdizc V:238 H:180 F:51
					819726 D0 AC       BNE $00AC     [8196D4] A:0000 X:0000 Y:00CC S:012B D:0BA8 DB:86 nvMXdiZc V:238 H:186 F:51
					819728 A6 54       LDX $54       [000BFC] A:0000 X:0000 Y:00CC S:012B D:0BA8 DB:86 nvMXdiZc V:238 H:189 F:51
					81972A 7C 2D 97    JMP ($972D,X) [81972D] A:0000 X:0000 Y:00CC S:012B D:0BA8 DB:86 nvMXdiZc V:238 H:196 F:51

					819731 A5 3B       LDA $3B       [000BE3] A:0000 X:0000 Y:00CC S:012B D:0BA8 DB:86 nvMXdiZc V:238 H:205 F:51
					819733 29 03       AND #$03               A:0000 X:0000 Y:00CC S:012B D:0BA8 DB:86 nvMXdiZc V:238 H:211 F:51
					819735 F0 0A       BEQ $000A     [819741] A:0000 X:0000 Y:00CC S:012B D:0BA8 DB:86 nvMXdiZc V:238 H:214 F:51
					819741 60          RTS                    A:0000 X:0000 Y:00CC S:012B D:0BA8 DB:86 nvMXdiZc V:238 H:219 F:51

				81829B 20 93 97    JSR $9793     [819793] A:0000 X:0000 Y:00CC S:012D D:0BA8 DB:86 nvMXdiZc V:238 H:229 F:51

					819793 AD 99 1F    LDA $1F99     [861F99] A:0000 X:0000 Y:00CC S:012B D:0BA8 DB:86 nvMXdiZc V:238 H:239 F:51
					819796 89 08       BIT #$08               A:00FF X:0000 Y:00CC S:012B D:0BA8 DB:86 NvMXdizc V:238 H:245 F:51
					819798 F0 F8       BEQ $00F8     [819792] A:00FF X:0000 Y:00CC S:012B D:0BA8 DB:86 NvMXdizc V:238 H:248 F:51
					81979A AD 23 1F    LDA $1F23     [861F23] A:00FF X:0000 Y:00CC S:012B D:0BA8 DB:86 NvMXdizc V:238 H:251 F:51
					81979D D0 F3       BNE $00F3     [819792] A:0000 X:0000 Y:00CC S:012B D:0BA8 DB:86 nvMXdiZc V:238 H:258 F:51
					81979F A5 3A       LDA $3A       [000BE2] A:0000 X:0000 Y:00CC S:012B D:0BA8 DB:86 nvMXdiZc V:238 H:261 F:51
					8197A1 89 80       BIT #$80               A:0000 X:0000 Y:00CC S:012B D:0BA8 DB:86 nvMXdiZc V:238 H:267 F:51
					8197A3 F0 ED       BEQ $00ED     [819792] A:0000 X:0000 Y:00CC S:012B D:0BA8 DB:86 nvMXdiZc V:238 H:270 F:51
					819792 60          RTS                    A:0000 X:0000 Y:00CC S:012B D:0BA8 DB:86 nvMXdiZc V:238 H:275 F:51

				81829E 20 70 9A    JSR $9A70     [819A70] A:0000 X:0000 Y:00CC S:012D D:0BA8 DB:86 nvMXdiZc V:238 H:285 F:51

					819A70 AD 9A 1F    LDA $1F9A     [861F9A] A:0000 X:0000 Y:00CC S:012B D:0BA8 DB:86 nvMXdiZc V:238 H:295 F:51
					819A73 4A          LSR A                  A:0020 X:0000 Y:00CC S:012B D:0BA8 DB:86 nvMXdizc V:238 H:301 F:51
					819A74 4A          LSR A                  A:0010 X:0000 Y:00CC S:012B D:0BA8 DB:86 nvMXdizc V:238 H:304 F:51
					819A75 C5 27       CMP $27       [000BCF] A:0008 X:0000 Y:00CC S:012B D:0BA8 DB:86 nvMXdizc V:238 H:307 F:51
					819A77 90 05       BCC $0005     [819A7E] A:0008 X:0000 Y:00CC S:012B D:0BA8 DB:86 NvMXdizc V:238 H:314 F:51
					819A7E A5 73       LDA $73       [000C1B] A:0008 X:0000 Y:00CC S:012B D:0BA8 DB:86 NvMXdizc V:238 H:318 F:51
					819A80 F0 10       BEQ $0010     [819A92] A:0000 X:0000 Y:00CC S:012B D:0BA8 DB:86 nvMXdiZc V:238 H:324 F:51
					819A92 60          RTS                    A:0000 X:0000 Y:00CC S:012B D:0BA8 DB:86 nvMXdiZc V:238 H:328 F:51

				8182A1 A6 02       LDX $02       [000BAA] A:0000 X:0000 Y:00CC S:012D D:0BA8 DB:86 nvMXdiZc V:238 H:338 F:51
				8182A3 7C A6 82    JMP ($82A6,X) [8182C4] A:0000 X:001E Y:00CC S:012D D:0BA8 DB:86 nvMXdizc V:239 H:  5 F:51

				818B57 A6 03       LDX $03       [000BAB] A:0000 X:001E Y:00CC S:012D D:0BA8 DB:86 nvMXdizc V:239 H: 14 F:51
				818B59 7C 5C 8B    JMP ($8B5C,X) [818B60] A:0000 X:0004 Y:00CC S:012D D:0BA8 DB:86 nvMXdizc V:239 H: 20 F:51

				818B9E A5 02       LDA $02       [000BAA] A:0000 X:0004 Y:00CC S:012D D:0BA8 DB:86 nvMXdizc V:239 H: 29 F:51
				818BA0 C9 46       CMP #$46               A:001E X:0004 Y:00CC S:012D D:0BA8 DB:86 nvMXdizc V:239 H: 36 F:51
				818BA2 F0 08       BEQ $0008     [818BAC] A:001E X:0004 Y:00CC S:012D D:0BA8 DB:86 NvMXdizc V:239 H: 39 F:51
				818BA4 A5 5E       LDA $5E       [000C06] A:001E X:0004 Y:00CC S:012D D:0BA8 DB:86 NvMXdizc V:239 H: 42 F:51
				818BA6 89 04       BIT #$04               A:0004 X:0004 Y:00CC S:012D D:0BA8 DB:86 nvMXdizc V:239 H: 48 F:51
				818BA8 D0 02       BNE $0002     [818BAC] A:0004 X:0004 Y:00CC S:012D D:0BA8 DB:86 nvMXdizc V:239 H: 51 F:51
				818BAC 22 EA 8E 84 JSL $848EEA   [848EEA] A:0004 X:0004 Y:00CC S:012D D:0BA8 DB:86 nvMXdizc V:239 H: 56 F:51

					848EEA 08          PHP                    A:0004 X:0004 Y:00CC S:012A D:0BA8 DB:86 nvMXdizc V:239 H: 69 F:51
					848EEB 8B          PHB                    A:0004 X:0004 Y:00CC S:0129 D:0BA8 DB:86 nvMXdizc V:239 H: 74 F:51
					848EEC E2 30       SEP #$30               A:0004 X:0004 Y:00CC S:0128 D:0BA8 DB:86 nvMXdizc V:239 H: 79 F:51
					848EEE C6 13       DEC $13       [000BBB] A:0004 X:0004 Y:00CC S:0128 D:0BA8 DB:86 nvMXdizc V:239 H: 84 F:51
					848EF0 D0 5D       BNE $005D     [848F4F] A:0004 X:0004 Y:00CC S:0128 D:0BA8 DB:86 nvMXdizc V:239 H: 94 F:51
					848F4F AB          PLB                    A:0004 X:0004 Y:00CC S:0128 D:0BA8 DB:86 nvMXdizc V:239 H: 98 F:51
					848F50 28          PLP                    A:0004 X:0004 Y:00CC S:0129 D:0BA8 DB:86 NvMXdizc V:239 H:105 F:51
					848F51 6B          RTL                    A:0004 X:0004 Y:00CC S:012A D:0BA8 DB:86 nvMXdizc V:239 H:111 F:51

				818BB0 60          RTS                    A:0004 X:0004 Y:00CC S:012D D:0BA8 DB:86 nvMXdizc V:239 H:122 F:51

			818165 64 2C       STZ $2C       [000BD4] A:0004 X:0004 Y:00CC S:012F D:0BA8 DB:86 nvMXdizc V:239 H:132 F:51
			818167 A5 65       LDA $65       [000C0D] A:0004 X:0004 Y:00CC S:012F D:0BA8 DB:86 nvMXdizc V:239 H:148 F:51
			818169 85 66       STA $66       [000C0E] A:0004 X:0004 Y:00CC S:012F D:0BA8 DB:86 nvMXdizc V:239 H:155 F:51
			81816B AF 00 08 70 LDA $700800   [700800] A:0004 X:0004 Y:00CC S:012F D:0BA8 DB:86 nvMXdizc V:239 H:161 F:51
			81816F 1A          INC                    A:0070 X:0004 Y:00CC S:012F D:0BA8 DB:86 nvMXdizc V:239 H:169 F:51
			818170 8F 00 08 70 STA $700800   [700800] A:0071 X:0004 Y:00CC S:012F D:0BA8 DB:86 nvMXdizc V:239 H:172 F:51
			818174 CF 00 08 70 CMP $700800   [700800] A:0071 X:0004 Y:00CC S:012F D:0BA8 DB:86 nvMXdizc V:239 H:180 F:51
			818178 F0 08       BEQ $0008     [818182] A:0071 X:0004 Y:00CC S:012F D:0BA8 DB:86 nvMXdizC V:239 H:188 F:51
			81817A C6 83       DEC $83       [000C2B] A:0071 X:0004 Y:00CC S:012F D:0BA8 DB:86 nvMXdizC V:239 H:191 F:51
			81817C 10 06       BPL $0006     [818184] A:0071 X:0004 Y:00CC S:012F D:0BA8 DB:86 NvMXdizC V:239 H:201 F:51
			81817E 64 83       STZ $83       [000C2B] A:0071 X:0004 Y:00CC S:012F D:0BA8 DB:86 NvMXdizC V:239 H:204 F:51
			818180 80 02       BRA $0002     [818184] A:0071 X:0004 Y:00CC S:012F D:0BA8 DB:86 NvMXdizC V:239 H:211 F:51
			818184 20 D3 99    JSR $99D3     [8199D3] A:0071 X:0004 Y:00CC S:012F D:0BA8 DB:86 NvMXdizC V:239 H:215 F:51

				8199D3 AD 23 1F    LDA $1F23     [861F23] A:0071 X:0004 Y:00CC S:012D D:0BA8 DB:86 NvMXdizC V:239 H:225 F:51
				8199D6 D0 FA       BNE $00FA     [8199D2] A:0000 X:0004 Y:00CC S:012D D:0BA8 DB:86 nvMXdiZC V:239 H:232 F:51
				8199D8 A5 35       LDA $35       [000BDD] A:0000 X:0004 Y:00CC S:012D D:0BA8 DB:86 nvMXdiZC V:239 H:235 F:51
				8199DA D0 F6       BNE $00F6     [8199D2] A:0000 X:0004 Y:00CC S:012D D:0BA8 DB:86 nvMXdiZC V:239 H:241 F:51
				8199DC AD 31 1F    LDA $1F31     [861F31] A:0000 X:0004 Y:00CC S:012D D:0BA8 DB:86 nvMXdiZC V:239 H:244 F:51
				8199DF D0 F1       BNE $00F1     [8199D2] A:0000 X:0004 Y:00CC S:012D D:0BA8 DB:86 nvMXdiZC V:239 H:251 F:51
				8199E1 A5 02       LDA $02       [000BAA] A:0000 X:0004 Y:00CC S:012D D:0BA8 DB:86 nvMXdiZC V:239 H:254 F:51
				8199E3 C9 18       CMP #$18               A:001E X:0004 Y:00CC S:012D D:0BA8 DB:86 nvMXdizC V:239 H:260 F:51
				8199E5 F0 EB       BEQ $00EB     [8199D2] A:001E X:0004 Y:00CC S:012D D:0BA8 DB:86 nvMXdizC V:239 H:263 F:51
				8199E7 C9 42       CMP #$42               A:001E X:0004 Y:00CC S:012D D:0BA8 DB:86 nvMXdizC V:239 H:266 F:51
				8199E9 F0 E7       BEQ $00E7     [8199D2] A:001E X:0004 Y:00CC S:012D D:0BA8 DB:86 NvMXdizc V:239 H:269 F:51
				8199EB A5 36       LDA $36       [000BDE] A:001E X:0004 Y:00CC S:012D D:0BA8 DB:86 NvMXdizc V:239 H:272 F:51
				8199ED 29 30       AND #$30               A:0000 X:0004 Y:00CC S:012D D:0BA8 DB:86 nvMXdiZc V:239 H:279 F:51
				8199EF C9 30       CMP #$30               A:0000 X:0004 Y:00CC S:012D D:0BA8 DB:86 nvMXdiZc V:239 H:282 F:51
				8199F1 F0 21       BEQ $0021     [819A14] A:0000 X:0004 Y:00CC S:012D D:0BA8 DB:86 NvMXdizc V:239 H:285 F:51
				8199F3 A5 3A       LDA $3A       [000BE2] A:0000 X:0004 Y:00CC S:012D D:0BA8 DB:86 NvMXdizc V:239 H:288 F:51
				8199F5 89 20       BIT #$20               A:0000 X:0004 Y:00CC S:012D D:0BA8 DB:86 nvMXdiZc V:239 H:294 F:51
				8199F7 F0 24       BEQ $0024     [819A1D] A:0000 X:0004 Y:00CC S:012D D:0BA8 DB:86 nvMXdiZc V:239 H:297 F:51
				819A1D 89 10       BIT #$10               A:0000 X:0004 Y:00CC S:012D D:0BA8 DB:86 nvMXdiZc V:239 H:302 F:51
				819A1F F0 4E       BEQ $004E     [819A6F] A:0000 X:0004 Y:00CC S:012D D:0BA8 DB:86 nvMXdiZc V:239 H:305 F:51
				819A6F 60          RTS                    A:0000 X:0004 Y:00CC S:012D D:0BA8 DB:86 nvMXdiZc V:239 H:309 F:51

			818187 20 7B 9B    JSR $9B7B     [819B7B] A:0000 X:0004 Y:00CC S:012F D:0BA8 DB:86 nvMXdiZc V:239 H:319 F:51

				819B7B A5 70       LDA $70       [000C18] A:0000 X:0004 Y:00CC S:012D D:0BA8 DB:86 nvMXdiZc V:239 H:328 F:51
				819B7D F0 3D       BEQ $003D     [819BBC] A:0000 X:0004 Y:00CC S:012D D:0BA8 DB:86 nvMXdiZc V:239 H:335 F:51
				819BBC E2 30       SEP #$30               A:0000 X:0004 Y:00CC S:012D D:0BA8 DB:86 nvMXdiZc V:239 H:339 F:51
				819BBE 60          RTS                    A:0000 X:0004 Y:00CC S:012D D:0BA8 DB:86 nvMXdiZc V:240 H:  4 F:51

			81818A 22 CA 8F 84 JSL $848FCA   [848FCA] A:0000 X:0004 Y:00CC S:012F D:0BA8 DB:86 nvMXdiZc V:240 H: 14 F:51

				848FCA 08          PHP                    A:0000 X:0004 Y:00CC S:012C D:0BA8 DB:86 nvMXdiZc V:240 H: 27 F:51
				848FCB E2 30       SEP #$30               A:0000 X:0004 Y:00CC S:012B D:0BA8 DB:86 nvMXdiZc V:240 H: 32 F:51
				848FCD AF 8B A4 84 LDA $84A48B   [84A48B] A:0000 X:0004 Y:00CC S:012B D:0BA8 DB:86 nvMXdiZc V:240 H: 37 F:51
				848FD1 CF 2E 9D 84 CMP $849D2E   [849D2E] A:00EE X:0004 Y:00CC S:012B D:0BA8 DB:86 NvMXdizc V:240 H: 44 F:51
				848FD5 F0 03       BEQ $0003     [848FDA] A:00EE X:0004 Y:00CC S:012B D:0BA8 DB:86 nvMXdiZC V:240 H: 52 F:51
				848FDA A5 17       LDA $17       [000BBF] A:00EE X:0004 Y:00CC S:012B D:0BA8 DB:86 nvMXdiZC V:240 H: 56 F:51
				848FDC 10 EA       BPL $00EA     [848FC8] A:0000 X:0004 Y:00CC S:012B D:0BA8 DB:86 nvMXdiZC V:240 H: 63 F:51
				848FC8 28          PLP                    A:0000 X:0004 Y:00CC S:012B D:0BA8 DB:86 nvMXdiZC V:240 H: 67 F:51
				848FC9 6B          RTL                    A:0000 X:0004 Y:00CC S:012C D:0BA8 DB:86 nvMXdiZc V:240 H: 74 F:51

			81818E A9 08       LDA #$08               A:0000 X:0004 Y:00CC S:012F D:0BA8 DB:86 nvMXdiZc V:240 H: 84 F:51
			818190 14 7E       TRB $7E       [000C26] A:0008 X:0004 Y:00CC S:012F D:0BA8 DB:86 nvMXdizc V:240 H: 87 F:51
			818192 64 19       STZ $19       [000BC1] A:0008 X:0004 Y:00CC S:012F D:0BA8 DB:86 nvMXdiZc V:240 H: 97 F:51
			818194 A5 11       LDA $11       [000BB9] A:0008 X:0004 Y:00CC S:012F D:0BA8 DB:86 nvMXdiZc V:240 H:104 F:51
			818196 29 3F       AND #$3F               A:0062 X:0004 Y:00CC S:012F D:0BA8 DB:86 nvMXdizc V:240 H:110 F:51
			818198 05 69       ORA $69       [000C11] A:0022 X:0004 Y:00CC S:012F D:0BA8 DB:86 nvMXdizc V:240 H:113 F:51
			81819A 85 11       STA $11       [000BB9] A:0062 X:0004 Y:00CC S:012F D:0BA8 DB:86 nvMXdizc V:240 H:120 F:51
			81819C 2B          PLD                    A:0062 X:0004 Y:00CC S:012F D:0BA8 DB:86 nvMXdizc V:240 H:126 F:51
			81819D 28          PLP                    A:0062 X:0004 Y:00CC S:0131 D:0000 DB:86 nvMXdiZc V:240 H:145 F:51
			81819E 6B          RTL                    A:0062 X:0004 Y:00CC S:0132 D:0000 DB:86 nvMXdiZc V:240 H:151 F:51

		80D21A 9C D4 0B    STZ $0BD4     [860BD4] A:0062 X:0004 Y:00CC S:0135 D:0000 DB:86 nvMXdiZc V:240 H:162 F:51
		80D21D AE 13 1F    LDX $1F13     [861F13] A:0062 X:0004 Y:00CC S:0135 D:0000 DB:86 nvMXdiZc V:240 H:168 F:51
		80D220 F0 05       BEQ $0005     [80D227] A:0062 X:0000 Y:00CC S:0135 D:0000 DB:86 nvMXdiZc V:240 H:175 F:51
		80D227 20 DD D3    JSR $D3DD     [80D3DD] A:0062 X:0000 Y:00CC S:0135 D:0000 DB:86 nvMXdiZc V:240 H:179 F:51

			80D3DD C2 20       REP #$20               A:0062 X:0000 Y:00CC S:0133 D:0000 DB:86 nvMXdiZc V:240 H:189 F:51
			80D3DF A9 28 12    LDA #$1228             A:0062 X:0000 Y:00CC S:0133 D:0000 DB:86 nvmXdiZc V:240 H:194 F:51
			80D3E2 5B          TCD                    A:1228 X:0000 Y:00CC S:0133 D:0000 DB:86 nvmXdizc V:240 H:198 F:51
			80D3E3 E2 30       SEP #$30               A:1228 X:0000 Y:00CC S:0133 D:1228 DB:86 nvmXdizc V:240 H:201 F:51
			80D3E5 A5 00       LDA $00       [001228] A:1228 X:0000 Y:00CC S:0133 D:1228 DB:86 nvMXdizc V:240 H:206 F:51
			80D3E7 F0 03       BEQ $0003     [80D3EC] A:1200 X:0000 Y:00CC S:0133 D:1228 DB:86 nvMXdiZc V:240 H:212 F:51
			80D3EC C2 21       REP #$21               A:1200 X:0000 Y:00CC S:0133 D:1228 DB:86 nvMXdiZc V:240 H:217 F:51
			80D3EE 7B          TDC                    A:1200 X:0000 Y:00CC S:0133 D:1228 DB:86 nvmXdiZc V:240 H:221 F:51
			80D3EF 69 40 00    ADC #$0040             A:1228 X:0000 Y:00CC S:0133 D:1228 DB:86 nvmXdizc V:240 H:224 F:51
			80D3F2 C9 28 14    CMP #$1428             A:1268 X:0000 Y:00CC S:0133 D:1228 DB:86 nvmXdizc V:240 H:229 F:51
			80D3F5 90 EB       BCC $00EB     [80D3E2] A:1268 X:0000 Y:00CC S:0133 D:1228 DB:86 NvmXdizc V:240 H:233 F:51
			80D3F7 E2 30       SEP #$30               A:1428 X:0000 Y:00CC S:0133 D:13E8 DB:86 nvmXdiZC V:241 H:183 F:51
			80D3F9 60          RTS                    A:1428 X:0000 Y:00CC S:0133 D:13E8 DB:86 nvMXdiZC V:241 H:187 F:51

		80D22A AE 13 1F    LDX $1F13     [861F13] A:1428 X:0000 Y:00CC S:0135 D:13E8 DB:86 nvMXdiZC V:241 H:197 F:51
		80D22D F0 05       BEQ $0005     [80D234] A:1428 X:0000 Y:00CC S:0135 D:13E8 DB:86 nvMXdiZC V:241 H:204 F:51
		80D234 20 3A D4    JSR $D43A     [80D43A] A:1428 X:0000 Y:00CC S:0135 D:13E8 DB:86 nvMXdiZC V:241 H:208 F:51

			80D43A C2 20       REP #$20               A:1428 X:0000 Y:00CC S:0133 D:13E8 DB:86 nvMXdiZC V:241 H:218 F:51
			80D43C A9 98 0C    LDA #$0C98             A:1428 X:0000 Y:00CC S:0133 D:13E8 DB:86 nvmXdiZC V:241 H:223 F:51
			80D43F 5B          TCD                    A:0C98 X:0000 Y:00CC S:0133 D:13E8 DB:86 nvmXdizC V:241 H:227 F:51
			80D440 E2 30       SEP #$30               A:0C98 X:0000 Y:00CC S:0133 D:0C98 DB:86 nvmXdizC V:241 H:230 F:51
			80D442 A5 00       LDA $00       [000C98] A:0C98 X:0000 Y:00CC S:0133 D:0C98 DB:86 nvMXdizC V:241 H:235 F:51
			80D444 F0 03       BEQ $0003     [80D449] A:0C00 X:0000 Y:00CC S:0133 D:0C98 DB:86 nvMXdiZC V:241 H:241 F:51
			80D449 C2 21       REP #$21               A:0C00 X:0000 Y:00CC S:0133 D:0C98 DB:86 nvMXdiZC V:241 H:246 F:51
			80D44B 7B          TDC                    A:0C00 X:0000 Y:00CC S:0133 D:0C98 DB:86 nvmXdiZc V:241 H:250 F:51
			80D44C 69 20 00    ADC #$0020             A:0C98 X:0000 Y:00CC S:0133 D:0C98 DB:86 nvmXdizc V:241 H:253 F:51
			80D44F C9 18 0E    CMP #$0E18             A:0CB8 X:0000 Y:00CC S:0133 D:0C98 DB:86 nvmXdizc V:241 H:258 F:51
			80D452 90 EB       BCC $00EB     [80D43F] A:0CB8 X:0000 Y:00CC S:0133 D:0C98 DB:86 NvmXdizc V:241 H:262 F:51
			80D454 E2 30       SEP #$30               A:0E18 X:0000 Y:00CC S:0133 D:0DF8 DB:86 nvmXdiZC V:243 H: 28 F:51
			80D456 60          RTS                    A:0E18 X:0000 Y:00CC S:0133 D:0DF8 DB:86 nvMXdiZC V:243 H: 32 F:51

		80D237 AE 14 1F    LDX $1F14     [861F14] A:0E18 X:0000 Y:00CC S:0135 D:0DF8 DB:86 nvMXdiZC V:243 H: 42 F:51
		80D23A F0 05       BEQ $0005     [80D241] A:0E18 X:0000 Y:00CC S:0135 D:0DF8 DB:86 nvMXdiZC V:243 H: 49 F:51
		80D241 20 8D D4    JSR $D48D     [80D48D] A:0E18 X:0000 Y:00CC S:0135 D:0DF8 DB:86 nvMXdiZC V:243 H: 53 F:51

			80D48D C2 20       REP #$20               A:0E18 X:0000 Y:00CC S:0133 D:0DF8 DB:86 nvMXdiZC V:243 H: 63 F:51
			80D48F A9 28 14    LDA #$1428             A:0E18 X:0000 Y:00CC S:0133 D:0DF8 DB:86 nvmXdiZC V:243 H: 68 F:51
			80D492 5B          TCD                    A:1428 X:0000 Y:00CC S:0133 D:0DF8 DB:86 nvmXdizC V:243 H: 72 F:51
			80D493 E2 30       SEP #$30               A:1428 X:0000 Y:00CC S:0133 D:1428 DB:86 nvmXdizC V:243 H: 75 F:51
			80D495 A5 00       LDA $00       [001428] A:1428 X:0000 Y:00CC S:0133 D:1428 DB:86 nvMXdizC V:243 H: 80 F:51
			80D497 F0 03       BEQ $0003     [80D49C] A:1400 X:0000 Y:00CC S:0133 D:1428 DB:86 nvMXdiZC V:243 H: 86 F:51
			80D49C C2 21       REP #$21               A:1400 X:0000 Y:00CC S:0133 D:1428 DB:86 nvMXdiZC V:243 H: 91 F:51
			80D49E 7B          TDC                    A:1400 X:0000 Y:00CC S:0133 D:1428 DB:86 nvmXdiZc V:243 H: 95 F:51
			80D49F 69 40 00    ADC #$0040             A:1428 X:0000 Y:00CC S:0133 D:1428 DB:86 nvmXdizc V:243 H: 98 F:51
			80D4A2 C9 28 16    CMP #$1628             A:1468 X:0000 Y:00CC S:0133 D:1428 DB:86 nvmXdizc V:243 H:103 F:51
			80D4A5 90 EB       BCC $00EB     [80D492] A:1468 X:0000 Y:00CC S:0133 D:1428 DB:86 NvmXdizc V:243 H:107 F:51
			80D4A7 E2 30       SEP #$30               A:1628 X:0000 Y:00CC S:0133 D:15E8 DB:86 nvmXdiZC V:244 H: 56 F:51
			80D4A9 60          RTS                    A:1628 X:0000 Y:00CC S:0133 D:15E8 DB:86 nvMXdiZC V:244 H: 60 F:51

		80D244 AE 16 1F    LDX $1F16     [861F16] A:1628 X:0000 Y:00CC S:0135 D:15E8 DB:86 nvMXdiZC V:244 H: 70 F:51
		80D247 F0 05       BEQ $0005     [80D24E] A:1628 X:0000 Y:00CC S:0135 D:15E8 DB:86 nvMXdiZC V:244 H: 77 F:51
		80D24E 20 DE D2    JSR $D2DE     [80D2DE] A:1628 X:0000 Y:00CC S:0135 D:15E8 DB:86 nvMXdiZC V:244 H: 81 F:51

			80D2DE C2 20       REP #$20               A:1628 X:0000 Y:00CC S:0133 D:15E8 DB:86 nvMXdiZC V:244 H: 91 F:51
			80D2E0 A9 28 16    LDA #$1628             A:1628 X:0000 Y:00CC S:0133 D:15E8 DB:86 nvmXdiZC V:244 H: 96 F:51
			80D2E3 5B          TCD                    A:1628 X:0000 Y:00CC S:0133 D:15E8 DB:86 nvmXdizC V:244 H:100 F:51
			80D2E4 E2 30       SEP #$30               A:1628 X:0000 Y:00CC S:0133 D:1628 DB:86 nvmXdizC V:244 H:103 F:51
			80D2E6 A5 00       LDA $00       [001628] A:1628 X:0000 Y:00CC S:0133 D:1628 DB:86 nvMXdizC V:244 H:108 F:51
			80D2E8 F0 03       BEQ $0003     [80D2ED] A:1601 X:0000 Y:00CC S:0133 D:1628 DB:86 nvMXdizC V:244 H:114 F:51
			80D2EA 20 2E D3    JSR $D32E     [80D32E] A:1601 X:0000 Y:00CC S:0133 D:1628 DB:86 nvMXdizC V:244 H:117 F:51

				80D32E C2 20       REP #$20               A:1601 X:0000 Y:00CC S:0131 D:1628 DB:86 nvMXdizC V:244 H:127 F:51
				80D330 A5 05       LDA $05       [00162D] A:1601 X:0000 Y:00CC S:0131 D:1628 DB:86 nvmXdizC V:244 H:132 F:51
				80D332 85 22       STA $22       [00164A] A:1E80 X:0000 Y:00CC S:0131 D:1628 DB:86 nvmXdizC V:244 H:150 F:51
				80D334 A5 08       LDA $08       [001630] A:1E80 X:0000 Y:00CC S:0131 D:1628 DB:86 nvmXdizC V:244 H:159 F:51
				80D336 85 24       STA $24       [00164C] A:011C X:0000 Y:00CC S:0131 D:1628 DB:86 nvmXdizC V:244 H:167 F:51
				80D338 E2 20       SEP #$20               A:011C X:0000 Y:00CC S:0131 D:1628 DB:86 nvmXdizC V:244 H:176 F:51
				80D33A A9 80       LDA #$80               A:011C X:0000 Y:00CC S:0131 D:1628 DB:86 nvMXdizC V:244 H:180 F:51
				80D33C 14 0E       TRB $0E       [001636] A:0180 X:0000 Y:00CC S:0131 D:1628 DB:86 NvMXdizC V:244 H:183 F:51
				80D33E A5 0A       LDA $0A       [001632] A:0180 X:0000 Y:00CC S:0131 D:1628 DB:86 NvMXdizC V:244 H:193 F:51
				80D340 0A          ASL A                  A:0112 X:0000 Y:00CC S:0131 D:1628 DB:86 nvMXdizC V:244 H:200 F:51
				80D341 AA          TAX                    A:0124 X:0000 Y:00CC S:0131 D:1628 DB:86 nvMXdizc V:244 H:203 F:51
				80D342 7C 20 F3    JMP ($F320,X) [80F344] A:0124 X:0024 Y:00CC S:0131 D:1628 DB:86 nvMXdizc V:244 H:206 F:51

				80F3A0 22 92 EF 87 JSL $87EF92   [87EF92] A:0124 X:0024 Y:00CC S:0131 D:1628 DB:86 nvMXdizc V:244 H:215 F:51

					87EF92 A6 01       LDX $01       [001629] A:0124 X:0024 Y:00CC S:012E D:1628 DB:86 nvMXdizc V:244 H:228 F:51
					87EF94 FC 9B EF    JSR ($EF9B,X) [87EF9F] A:0124 X:0004 Y:00CC S:012E D:1628 DB:86 nvMXdizc V:244 H:235 F:51

						87EFF6 A5 1B       LDA $1B       [001643] A:0124 X:0004 Y:00CC S:012C D:1628 DB:86 nvMXdizc V:244 H:248 F:51
						87EFF8 F0 33       BEQ $0033     [87F02D] A:0100 X:0004 Y:00CC S:012C D:1628 DB:86 nvMXdiZc V:244 H:254 F:51
						87F02D 4C F5 F0    JMP $F0F5     [87F0F5] A:0100 X:0004 Y:00CC S:012C D:1628 DB:86 nvMXdiZc V:244 H:259 F:51

						87F0F5 A0 27       LDY #$27               A:0100 X:0004 Y:00CC S:012C D:1628 DB:86 nvMXdiZc V:244 H:263 F:51
						87F0F7 B1 0C       LDA ($0C),Y   [860E8F] A:0100 X:0004 Y:0027 S:012C D:1628 DB:86 nvMXdizc V:244 H:266 F:51
						87F0F9 29 7F       AND #$7F               A:0120 X:0004 Y:0027 S:012C D:1628 DB:86 nvMXdizc V:244 H:277 F:51
						87F0FB D0 12       BNE $0012     [87F10F] A:0120 X:0004 Y:0027 S:012C D:1628 DB:86 nvMXdizc V:244 H:280 F:51
						87F10F 60          RTS                    A:0120 X:0004 Y:0027 S:012C D:1628 DB:86 nvMXdizc V:244 H:284 F:51

					87EF97 5C B4 80 82 JML $8280B4   [8280B4] A:0120 X:0004 Y:0027 S:012E D:1628 DB:86 nvMXdizc V:244 H:294 F:51					JML $8280B4 --> Updates Hook coordinates and an unknown variable [7E09E0], [7E00EA]

					8280B4 C2 20       REP #$20               A:0120 X:0004 Y:0027 S:012E D:1628 DB:86 nvMXdizc V:244 H:300 F:51					A:2B
					8280B6 38          SEC                    A:0120 X:0004 Y:0027 S:012E D:1628 DB:86 nvmXdizc V:244 H:305 F:51
					8280B7 A5 05       LDA $05       [00162D] A:0120 X:0004 Y:0027 S:012E D:1628 DB:86 nvmXdizC V:244 H:308 F:51					|Branch if #$0140 > Hook X-pos - X-Cam + #$0020
					8280B9 ED 4D 1E    SBC $1E4D     [861E4D] A:1E80 X:0004 Y:0027 S:012E D:1628 DB:86 nvmXdizC V:244 H:316 F:51					|
					8280BC 18          CLC                    A:0080 X:0004 Y:0027 S:012E D:1628 DB:86 nvmXdizC V:244 H:324 F:51					|
					8280BD 69 20 00    ADC #$0020             A:0080 X:0004 Y:0027 S:012E D:1628 DB:86 nvmXdizc V:244 H:327 F:51					|
					8280C0 C9 40 01    CMP #$0140             A:00A0 X:0004 Y:0027 S:012E D:1628 DB:86 nvmXdizc V:244 H:331 F:51					|
					8280C3 B0 0F       BCS $000F     [8280D4] A:00A0 X:0004 Y:0027 S:012E D:1628 DB:86 NvmXdizc V:244 H:336 F:51					|
					8280C5 38          SEC                    A:00A0 X:0004 Y:0027 S:012E D:1628 DB:86 NvmXdizc V:244 H:339 F:51
					8280C6 A5 08       LDA $08       [001630] A:00A0 X:0004 Y:0027 S:012E D:1628 DB:86 NvmXdizC V:245 H:  2 F:51					|Branch because #$0100 > Hook Y-pos - Y-Cam + #$0010
					8280C8 ED 50 1E    SBC $1E50     [861E50] A:011C X:0004 Y:0027 S:012E D:1628 DB:86 nvmXdizC V:245 H: 10 F:51					|
					8280CB 18          CLC                    A:001C X:0004 Y:0027 S:012E D:1628 DB:86 nvmXdizC V:245 H: 19 F:51					|
					8280CC 69 10 00    ADC #$0010             A:001C X:0004 Y:0027 S:012E D:1628 DB:86 nvmXdizc V:245 H: 22 F:51					|
					8280CF C9 00 01    CMP #$0100             A:002C X:0004 Y:0027 S:012E D:1628 DB:86 nvmXdizc V:245 H: 26 F:51					|
					8280D2 90 05       BCC $0005     [8280D9] A:002C X:0004 Y:0027 S:012E D:1628 DB:86 NvmXdizc V:245 H: 31 F:51					|
					8280D9 E2 20       SEP #$20               A:002C X:0004 Y:0027 S:012E D:1628 DB:86 NvmXdizc V:245 H: 35 F:51					A:1B
					8280DB A9 81       LDA #$81               A:002C X:0004 Y:0027 S:012E D:1628 DB:86 NvMXdizc V:245 H: 40 F:51					|$0E [7E1636] = #$81
					8280DD 85 0E       STA $0E       [001636] A:0081 X:0004 Y:0027 S:012E D:1628 DB:86 NvMXdizc V:245 H: 43 F:51					|
					8280DF E2 30       SEP #$30               A:0081 X:0004 Y:0027 S:012E D:1628 DB:86 NvMXdizc V:245 H: 49 F:51					A:1B,X:1B
					8280E1 A6 12       LDX $12       [00163A] A:0081 X:0004 Y:0027 S:012E D:1628 DB:86 NvMXdizc V:245 H: 54 F:51					X = $12 [7E163A] = #$04
					8280E3 10 02       BPL $0002     [8280E7] A:0081 X:0004 Y:0027 S:012E D:1628 DB:86 nvMXdizc V:245 H: 60 F:51					Branch because $12 > #$00
					8280E7 7C EA 80    JMP ($80EA,X) [8280EE] A:0081 X:0004 Y:0027 S:012E D:1628 DB:86 nvMXdizc V:245 H: 65 F:51					

					828135 AD EA 00    LDA $00EA     [8600EA] A:0081 X:0004 Y:0027 S:012E D:1628 DB:86 nvMXdizc V:245 H: 74 F:51					|????
					828138 C9 20       CMP #$20               A:0000 X:0004 Y:0027 S:012E D:1628 DB:86 nvMXdiZc V:245 H: 80 F:51					|
					82813A B0 0D       BCS $000D     [828149] A:0000 X:0004 Y:0027 S:012E D:1628 DB:86 NvMXdizc V:245 H: 83 F:51					|
					82813C 0A          ASL A                  A:0000 X:0004 Y:0027 S:012E D:1628 DB:86 NvMXdizc V:245 H: 86 F:51					|
					82813D AA          TAX                    A:0000 X:0004 Y:0027 S:012E D:1628 DB:86 nvMXdiZc V:245 H: 89 F:51					|
					82813E C2 20       REP #$20               A:0000 X:0000 Y:0027 S:012E D:1628 DB:86 nvMXdiZc V:245 H: 92 F:51					|
					828140 7B          TDC                    A:0000 X:0000 Y:0027 S:012E D:1628 DB:86 nvmXdiZc V:245 H: 97 F:51					|
					828141 9D E0 09    STA $09E0,X   [8609E0] A:1628 X:0000 Y:0027 S:012E D:1628 DB:86 nvmXdizc V:245 H:100 F:51					|
					828144 E2 20       SEP #$20               A:1628 X:0000 Y:0027 S:012E D:1628 DB:86 nvmXdizc V:245 H:110 F:51					|
					828146 EE EA 00    INC $00EA     [8600EA] A:1628 X:0000 Y:0027 S:012E D:1628 DB:86 nvMXdizc V:245 H:114 F:51					|
					828149 6B          RTL                    A:1628 X:0000 Y:0027 S:012E D:1628 DB:86 nvMXdizc V:245 H:124 F:51					Return

				80F3A4 60          RTS                    A:1628 X:0000 Y:0027 S:0131 D:1628 DB:86 nvMXdizc V:245 H:145 F:51						Return

			80D2ED AD 16 1F    LDA $1F16     [861F16] A:1628 X:0000 Y:0027 S:0133 D:1628 DB:86 nvMXdizc V:245 H:155 F:51
			80D2F0 D0 29       BNE $0029     [80D31B] A:1600 X:0000 Y:0027 S:0133 D:1628 DB:86 nvMXdiZc V:245 H:161 F:51
			80D2F2 C2 21       REP #$21               A:1600 X:0000 Y:0027 S:0133 D:1628 DB:86 nvMXdiZc V:245 H:164 F:51
			80D2F4 7B          TDC                    A:1600 X:0000 Y:0027 S:0133 D:1628 DB:86 nvmXdiZc V:245 H:169 F:51
			80D2F5 69 30 00    ADC #$0030             A:1628 X:0000 Y:0027 S:0133 D:1628 DB:86 nvmXdizc V:245 H:172 F:51
			80D2F8 C9 28 19    CMP #$1928             A:1658 X:0000 Y:0027 S:0133 D:1628 DB:86 nvmXdizc V:245 H:176 F:51
			80D2FB 90 E6       BCC $00E6     [80D2E3] A:1658 X:0000 Y:0027 S:0133 D:1628 DB:86 NvmXdizc V:245 H:181 F:51
			80D2FD E2 30       SEP #$30               A:1928 X:0000 Y:0027 S:0133 D:18F8 DB:86 nvmXdiZC V:247 H:257 F:51
			80D2FF 60          RTS                    A:1928 X:0000 Y:0027 S:0133 D:18F8 DB:86 nvMXdiZC V:247 H:261 F:51

		80D251 AE 15 1F    LDX $1F15     [861F15] A:1928 X:0000 Y:0027 S:0135 D:18F8 DB:86 nvMXdiZC V:247 H:271 F:51
		80D254 F0 05       BEQ $0005     [80D25B] A:1928 X:0000 Y:0027 S:0135 D:18F8 DB:86 nvMXdiZC V:247 H:278 F:51
		80D25B 20 EA D4    JSR $D4EA     [80D4EA] A:1928 X:0000 Y:0027 S:0135 D:18F8 DB:86 nvMXdiZC V:247 H:282 F:51

			80D4EA C2 20       REP #$20               A:1928 X:0000 Y:0027 S:0133 D:18F8 DB:86 nvMXdiZC V:247 H:292 F:51
			80D4EC A9 68 0E    LDA #$0E68             A:1928 X:0000 Y:0027 S:0133 D:18F8 DB:86 nvmXdiZC V:247 H:297 F:51
			80D4EF 5B          TCD                    A:0E68 X:0000 Y:0027 S:0133 D:18F8 DB:86 nvmXdizC V:247 H:301 F:51
			80D4F0 E2 30       SEP #$30               A:0E68 X:0000 Y:0027 S:0133 D:0E68 DB:86 nvmXdizC V:247 H:304 F:51
			80D4F2 A5 00       LDA $00       [000E68] A:0E68 X:0000 Y:0027 S:0133 D:0E68 DB:86 nvMXdizC V:247 H:309 F:51							|Skip if there's no enemy
			80D4F4 F0 03       BEQ $0003     [80D4F9] A:0E01 X:0000 Y:0027 S:0133 D:0E68 DB:86 nvMXdizC V:247 H:315 F:51							|
			80D4F6 20 30 D5    JSR $D530     [80D530] A:0E01 X:0000 Y:0027 S:0133 D:0E68 DB:86 nvMXdizC V:247 H:318 F:51							JSR: $80D530 --> Main enemy routine

				80D530 C2 20       REP #$20               A:0E01 X:0000 Y:0027 S:0131 D:0E68 DB:86 nvMXdizC V:247 H:327 F:51						A:2B
				80D532 A5 05       LDA $05       [000E6D] A:0E01 X:0000 Y:0027 S:0131 D:0E68 DB:86 nvmXdizC V:247 H:332 F:51						|Update E-X-pos-old
				80D534 85 22       STA $22       [000E8A] A:1ED0 X:0000 Y:0027 S:0131 D:0E68 DB:86 nvmXdizC V:248 H:  0 F:51						|
				80D536 A5 08       LDA $08       [000E70] A:1ED0 X:0000 Y:0027 S:0131 D:0E68 DB:86 nvmXdizC V:248 H:  9 F:51						|
				80D538 85 24       STA $24       [000E8C] A:01AC X:0000 Y:0027 S:0131 D:0E68 DB:86 nvmXdizC V:248 H: 17 F:51						|Update E-Y-pos-old
				80D53A E2 20       SEP #$20               A:01AC X:0000 Y:0027 S:0131 D:0E68 DB:86 nvmXdizC V:248 H: 26 F:51						A:1B
				80D53C A9 80       LDA #$80               A:01AC X:0000 Y:0027 S:0131 D:0E68 DB:86 nvMXdizC V:248 H: 30 F:51						|Reset bit #$80 in $0E ??
				80D53E 14 0E       TRB $0E       [000E76] A:0180 X:0000 Y:0027 S:0131 D:0E68 DB:86 NvMXdizC V:248 H: 33 F:51						|
				80D540 A5 0A       LDA $0A       [000E72] A:0180 X:0000 Y:0027 S:0131 D:0E68 DB:86 NvMXdizC V:248 H: 43 F:51						E-ID
				80D542 0A          ASL A                  A:0102 X:0000 Y:0027 S:0131 D:0E68 DB:86 nvMXdizC V:248 H: 50 F:51
				80D543 AA          TAX                    A:0104 X:0000 Y:0027 S:0131 D:0E68 DB:86 nvMXdizc V:248 H: 53 F:51
				80D544 7C DD F8    JMP ($F8DD,X) [80F8E1] A:0104 X:0004 Y:0027 S:0131 D:0E68 DB:86 nvMXdizc V:248 H: 56 F:51						JMP ($F8DD,E-ID*2)	Jump to Chill Penguin's routine

				80F9BB 22 16 B5 81 JSL $81B516   [81B516] A:0104 X:0004 Y:0027 S:0131 D:0E68 DB:86 nvMXdizc V:248 H: 65 F:51						JML $81B516 --> Jumps to routines depending on the E-State and E-Action, then updates Hook coordinates and an unknwon variable [7E09E0], [7E00EA]

					81B516 A6 01       LDX $01       [000E69] A:0104 X:0004 Y:0027 S:012E D:0E68 DB:86 nvMXdizc V:248 H: 78 F:51					
					81B518 7C 1B B5    JMP ($B51B,X) [81B51D] A:0104 X:0002 Y:0027 S:012E D:0E68 DB:86 nvMXdizc V:248 H: 85 F:51					JMP $B51B,E-State (Intro animation)

					81B581 A6 02       LDX $02       [000E6A] A:0104 X:0002 Y:0027 S:012E D:0E68 DB:86 nvMXdizc V:248 H: 94 F:51					
					81B583 FC 8A B5    JSR ($B58A,X) [81B592] A:0104 X:0008 Y:0027 S:012E D:0E68 DB:86 nvMXdizc V:248 H:100 F:51					JSR $B58A,E-Action (#$08 - End of intro animation)

						81B61E A9 04       LDA #$04               A:0104 X:0008 Y:0027 S:012C D:0E68 DB:86 nvMXdizc V:248 H:113 F:51				
						81B620 85 01       STA $01       [000E69] A:0104 X:0008 Y:0027 S:012C D:0E68 DB:86 nvMXdizc V:248 H:116 F:51				E-State = #$04 (Battle)
						81B622 64 02       STZ $02       [000E6A] A:0104 X:0008 Y:0027 S:012C D:0E68 DB:86 nvMXdizc V:248 H:123 F:51				First Action = #$00
						81B624 22 03 A0 84 JSL $84A003   [84A003] A:0104 X:0008 Y:0027 S:012C D:0E68 DB:86 nvMXdizc V:248 H:129 F:51				JSL $84A003 - MMX-State = #$00

							84A003 9C AA 0B    STZ $0BAA     [860BAA] A:0104 X:0008 Y:0027 S:0129 D:0E68 DB:86 nvMXdizc V:248 H:153 F:51			MMX-State = #$00 (Standing)
							84A006 9C AB 0B    STZ $0BAB     [860BAB] A:0104 X:0008 Y:0027 S:0129 D:0E68 DB:86 nvMXdizc V:248 H:159 F:51			MMX-Substate = #$00
							84A009 9C 16 0C    STZ $0C16     [860C16] A:0104 X:0008 Y:0027 S:0129 D:0E68 DB:86 nvMXdizc V:248 H:166 F:51			TakingItem = #$00
							84A00C 6B          RTL                    A:0104 X:0008 Y:0027 S:0129 D:0E68 DB:86 nvMXdizc V:248 H:172 F:51			Return

						81B628 60          RTS                    A:0104 X:0008 Y:0027 S:012C D:0E68 DB:86 nvMXdizc V:248 H:183 F:51				Return

					81B586 5C B4 80 82 JML $8280B4   [8280B4] A:0104 X:0008 Y:0027 S:012E D:0E68 DB:86 nvMXdizc V:248 H:193 F:51					JML $8280B4 --> Updates Hook coordinates and an unknown variable [7E09E0], [7E00EA], then RTL
					[...]
					828149 6B          RTL                    																						Return

				80F9BF 60          RTS                    A:0E68 X:0002 Y:0027 S:0131 D:0E68 DB:86 nvMXdizc V:249 H: 33 F:51						Return

			80D4F9 C2 21       REP #$21               A:0E68 X:0002 Y:0027 S:0133 D:0E68 DB:86 nvMXdizc V:249 H: 43 F:51							|Check for next enemy in memory. If there's no more enemies, return
			80D4FB 7B          TDC                    A:0E68 X:0002 Y:0027 S:0133 D:0E68 DB:86 nvmXdizc V:249 H: 48 F:51							|
			80D4FC 69 40 00    ADC #$0040             A:0E68 X:0002 Y:0027 S:0133 D:0E68 DB:86 nvmXdizc V:249 H: 51 F:51							|
			80D4FF C9 28 12    CMP #$1228             A:0EA8 X:0002 Y:0027 S:0133 D:0E68 DB:86 nvmXdizc V:249 H: 55 F:51							|
			80D502 90 EB       BCC $00EB     [80D4EF] A:0EA8 X:0002 Y:0027 S:0133 D:0E68 DB:86 NvmXdizc V:249 H: 60 F:51							|
			80D504 E2 30       SEP #$30               A:1228 X:0002 Y:0027 S:0133 D:11E8 DB:86 nvmXdiZC V:250 H:295 F:51							|
			80D506 60          RTS                    A:1228 X:0002 Y:0027 S:0133 D:11E8 DB:86 nvMXdiZC V:250 H:299 F:51							|

		80D25E A9 80       LDA #$80               A:1228 X:0002 Y:0027 S:0135 D:11E8 DB:86 nvMXdiZC V:250 H:309 F:51
		80D260 8D 1C 1F    STA $1F1C     [861F1C] A:1280 X:0002 Y:0027 S:0135 D:11E8 DB:86 NvMXdizC V:250 H:312 F:51
		80D263 AE 19 1F    LDX $1F19     [861F19] A:1280 X:0002 Y:0027 S:0135 D:11E8 DB:86 NvMXdizC V:250 H:319 F:51
		80D266 D0 04       BNE $0004     [80D26C] A:1280 X:0000 Y:0027 S:0135 D:11E8 DB:86 nvMXdiZC V:250 H:325 F:51
		80D268 22 67 9D 81 JSL $819D67   [819D67] A:1280 X:0000 Y:0027 S:0135 D:11E8 DB:86 nvMXdiZC V:250 H:327 F:51

			819D67 0B          PHD                    A:1280 X:0000 Y:0027 S:0132 D:11E8 DB:86 nvMXdiZC V:251 H:  1 F:51
			819D68 C2 20       REP #$20               A:1280 X:0000 Y:0027 S:0130 D:11E8 DB:86 nvMXdiZC V:251 H:  8 F:51
			819D6A A9 A8 0B    LDA #$0BA8             A:1280 X:0000 Y:0027 S:0130 D:11E8 DB:86 nvmXdiZC V:251 H: 12 F:51
			819D6D 5B          TCD                    A:0BA8 X:0000 Y:0027 S:0130 D:11E8 DB:86 nvmXdizC V:251 H: 17 F:51
			819D6E E2 20       SEP #$20               A:0BA8 X:0000 Y:0027 S:0130 D:0BA8 DB:86 nvmXdizC V:251 H: 20 F:51
			819D70 A5 64       LDA $64       [000C0C] A:0BA8 X:0000 Y:0027 S:0130 D:0BA8 DB:86 nvMXdizC V:251 H: 24 F:51
			819D72 D0 04       BNE $0004     [819D78] A:0B00 X:0000 Y:0027 S:0130 D:0BA8 DB:86 nvMXdiZC V:251 H: 31 F:51
			819D74 22 BE 91 84 JSL $8491BE   [8491BE] A:0B00 X:0000 Y:0027 S:0130 D:0BA8 DB:86 nvMXdiZC V:251 H: 34 F:51

				8491BE 08          PHP                    A:0B00 X:0000 Y:0027 S:012D D:0BA8 DB:86 nvMXdiZC V:251 H: 47 F:51
				8491BF 0B          PHD                    A:0B00 X:0000 Y:0027 S:012C D:0BA8 DB:86 nvMXdiZC V:251 H: 52 F:51
				8491C0 C2 30       REP #$30               A:0B00 X:0000 Y:0027 S:012A D:0BA8 DB:86 nvMXdiZC V:251 H: 59 F:51
				8491C2 A5 20       LDA $20       [000BC8] A:0B00 X:0000 Y:0027 S:012A D:0BA8 DB:86 nvmxdiZC V:251 H: 64 F:51
				8491C4 F0 15       BEQ $0015     [8491DB] A:BB38 X:0000 Y:0027 S:012A D:0BA8 DB:86 NvmxdizC V:251 H: 72 F:51
				8491C6 7B          TDC                    A:BB38 X:0000 Y:0027 S:012A D:0BA8 DB:86 NvmxdizC V:251 H: 75 F:51
				8491C7 AA          TAX                    A:0BA8 X:0000 Y:0027 S:012A D:0BA8 DB:86 nvmxdizC V:251 H: 78 F:51
				8491C8 A9 00 00    LDA #$0000             A:0BA8 X:0BA8 Y:0027 S:012A D:0BA8 DB:86 nvmxdizC V:251 H: 81 F:51
				8491CB 5B          TCD                    A:0000 X:0BA8 Y:0027 S:012A D:0BA8 DB:86 nvmxdiZC V:251 H: 86 F:51
				8491CC 64 14       STZ $14       [000014] A:0000 X:0BA8 Y:0027 S:012A D:0000 DB:86 nvmxdiZC V:251 H: 89 F:51
				8491CE B5 2B       LDA $2B,X     [000BD3] A:0000 X:0BA8 Y:0027 S:012A D:0000 DB:86 nvmxdiZC V:251 H: 96 F:51
				8491D0 29 00 FF    AND #$FF00             A:0004 X:0BA8 Y:0027 S:012A D:0000 DB:86 nvmxdizC V:251 H:104 F:51
				8491D3 95 2B       STA $2B,X     [000BD3] A:0000 X:0BA8 Y:0027 S:012A D:0000 DB:86 nvmxdiZC V:251 H:109 F:51
				8491D5 20 AC 92    JSR $92AC     [8492AC] A:0000 X:0BA8 Y:0027 S:012A D:0000 DB:86 nvmxdiZC V:251 H:117 F:51

					8492AC C2 30       REP #$30               A:0000 X:0BA8 Y:0027 S:0128 D:0000 DB:86 nvmxdiZC V:251 H:127 F:51
					8492AE B5 05       LDA $05,X     [000BAD] A:0000 X:0BA8 Y:0027 S:0128 D:0000 DB:86 nvmxdiZC V:251 H:132 F:51
					8492B0 38          SEC                    A:1E1D X:0BA8 Y:0027 S:0128 D:0000 DB:86 nvmxdizC V:251 H:150 F:51
					8492B1 F5 22       SBC $22,X     [000BCA] A:1E1D X:0BA8 Y:0027 S:0128 D:0000 DB:86 nvmxdizC V:251 H:153 F:51
					8492B3 85 00       STA $00       [000000] A:0000 X:0BA8 Y:0027 S:0128 D:0000 DB:86 nvmxdiZC V:251 H:162 F:51
					8492B5 E2 20       SEP #$20               A:0000 X:0BA8 Y:0027 S:0128 D:0000 DB:86 nvmxdiZC V:251 H:169 F:51
					8492B7 F0 4C       BEQ $004C     [849305] A:0000 X:0BA8 Y:0027 S:0128 D:0000 DB:86 nvMxdiZC V:251 H:173 F:51
					849305 C2 30       REP #$30               A:0000 X:0BA8 Y:0027 S:0128 D:0000 DB:86 nvMxdiZC V:251 H:178 F:51
					849307 60          RTS                    A:0000 X:0BA8 Y:0027 S:0128 D:0000 DB:86 nvmxdiZC V:251 H:182 F:51

				8491D8 20 ED 91    JSR $91ED     [8491ED] A:0000 X:0BA8 Y:0027 S:012A D:0000 DB:86 nvmxdiZC V:251 H:192 F:51

					8491ED B5 08       LDA $08,X     [000BB0] A:0000 X:0BA8 Y:0027 S:0128 D:0000 DB:86 nvmxdiZC V:251 H:202 F:51
					8491EF D5 24       CMP $24,X     [000BCC] A:01AF X:0BA8 Y:0027 S:0128 D:0000 DB:86 nvmxdizC V:251 H:211 F:51
					8491F1 F0 F2       BEQ $00F2     [8491E5] A:01AF X:0BA8 Y:0027 S:0128 D:0000 DB:86 nvmxdiZC V:251 H:219 F:51
					8491E5 B5 1C       LDA $1C,X     [000BC4] A:01AF X:0BA8 Y:0027 S:0128 D:0000 DB:86 nvmxdiZC V:251 H:224 F:51
					8491E7 F0 F5       BEQ $00F5     [8491DE] A:FC40 X:0BA8 Y:0027 S:0128 D:0000 DB:86 NvmxdizC V:251 H:232 F:51
					8491E9 10 0A       BPL $000A     [8491F5] A:FC40 X:0BA8 Y:0027 S:0128 D:0000 DB:86 NvmxdizC V:251 H:235 F:51
					8491EB 80 55       BRA $0055     [849242] A:FC40 X:0BA8 Y:0027 S:0128 D:0000 DB:86 NvmxdizC V:251 H:238 F:51
					849242 E2 20       SEP #$20               A:FC40 X:0BA8 Y:0027 S:0128 D:0000 DB:86 NvmxdizC V:251 H:243 F:51
					849244 A0 04 00    LDY #$0004             A:FC40 X:0BA8 Y:0027 S:0128 D:0000 DB:86 NvMxdizC V:251 H:247 F:51
					849247 AD 1C 1F    LDA $1F1C     [861F1C] A:FC40 X:0BA8 Y:0004 S:0128 D:0000 DB:86 nvMxdizC V:251 H:252 F:51
					84924A F0 03       BEQ $0003     [84924F] A:FC80 X:0BA8 Y:0004 S:0128 D:0000 DB:86 NvMxdizC V:251 H:258 F:51
					84924C A0 06 00    LDY #$0006             A:FC80 X:0BA8 Y:0004 S:0128 D:0000 DB:86 NvMxdizC V:251 H:261 F:51
					84924F B5 2F       LDA $2F,X     [000BD7] A:FC80 X:0BA8 Y:0006 S:0128 D:0000 DB:86 nvMxdizC V:251 H:266 F:51
					849251 F0 03       BEQ $0003     [849256] A:FC00 X:0BA8 Y:0006 S:0128 D:0000 DB:86 nvMxdiZC V:251 H:272 F:51
					849256 98          TYA                    A:FC00 X:0BA8 Y:0006 S:0128 D:0000 DB:86 nvMxdiZC V:251 H:277 F:51
					849257 09 80       ORA #$80               A:FC06 X:0BA8 Y:0006 S:0128 D:0000 DB:86 nvMxdizC V:251 H:280 F:51
					849259 85 08       STA $08       [000008] A:FC86 X:0BA8 Y:0006 S:0128 D:0000 DB:86 NvMxdizC V:251 H:283 F:51
					84925B B4 20       LDY $20,X     [000BC8] A:FC86 X:0BA8 Y:0006 S:0128 D:0000 DB:86 NvMxdizC V:251 H:288 F:51
					84925D B9 06 00    LDA $0006,Y   [86BB3E] A:FC86 X:0BA8 Y:BB38 S:0128 D:0000 DB:86 NvMxdizC V:251 H:296 F:51
					849260 18          CLC                    A:FCFF X:0BA8 Y:BB38 S:0128 D:0000 DB:86 NvMxdizC V:251 H:304 F:51
					849261 79 08 00    ADC $0008,Y   [86BB40] A:FCFF X:0BA8 Y:BB38 S:0128 D:0000 DB:86 NvMxdizc V:251 H:307 F:51
					849264 95 2A       STA $2A,X     [000BD2] A:FC10 X:0BA8 Y:BB38 S:0128 D:0000 DB:86 nvMxdizC V:251 H:314 F:51
					849266 B9 05 00    LDA $0005,Y   [86BB3D] A:FC10 X:0BA8 Y:BB38 S:0128 D:0000 DB:86 nvMxdizC V:251 H:321 F:51
					849269 34 11       BIT $11,X     [000BB9] A:FC00 X:0BA8 Y:BB38 S:0128 D:0000 DB:86 nvMxdiZC V:251 H:327 F:51
					84926B 50 03       BVC $0003     [849270] A:FC00 X:0BA8 Y:BB38 S:0128 D:0000 DB:86 nVMxdiZC V:251 H:334 F:51
					84926D 49 FF       EOR #$FF               A:FC00 X:0BA8 Y:BB38 S:0128 D:0000 DB:86 nVMxdiZC V:251 H:337 F:51
					84926F 1A          INC                    A:FCFF X:0BA8 Y:BB38 S:0128 D:0000 DB:86 NVMxdizC V:252 H:  0 F:51
					849270 95 29       STA $29,X     [000BD1] A:FC00 X:0BA8 Y:BB38 S:0128 D:0000 DB:86 nVMxdiZC V:252 H:  3 F:51
					849272 20 C4 95    JSR $95C4     [8495C4] A:FC00 X:0BA8 Y:BB38 S:0128 D:0000 DB:86 nVMxdiZC V:252 H:  9 F:51

						8495C4 B5 2A       LDA $2A,X     [000BD2] A:FC00 X:0BA8 Y:BB38 S:0126 D:0000 DB:86 nVMxdiZC V:252 H: 19 F:51
						8495C6 48          PHA                    A:FC10 X:0BA8 Y:BB38 S:0126 D:0000 DB:86 nVMxdizC V:252 H: 26 F:51
						8495C7 A5 08       LDA $08       [000008] A:FC10 X:0BA8 Y:BB38 S:0125 D:0000 DB:86 nVMxdizC V:252 H: 31 F:51
						8495C9 29 7F       AND #$7F               A:FC86 X:0BA8 Y:BB38 S:0125 D:0000 DB:86 NVMxdizC V:252 H: 36 F:51
						8495CB 18          CLC                    A:FC06 X:0BA8 Y:BB38 S:0125 D:0000 DB:86 nVMxdizC V:252 H: 39 F:51
						8495CC 75 2A       ADC $2A,X     [000BD2] A:FC06 X:0BA8 Y:BB38 S:0125 D:0000 DB:86 nVMxdizc V:252 H: 42 F:51
						8495CE 95 2A       STA $2A,X     [000BD2] A:FC16 X:0BA8 Y:BB38 S:0125 D:0000 DB:86 nvMxdizc V:252 H: 48 F:51
						8495D0 20 B3 90    JSR $90B3     [8490B3] A:FC16 X:0BA8 Y:BB38 S:0125 D:0000 DB:86 nvMxdizc V:252 H: 55 F:51

							8490B3 0B          PHD                    A:FC16 X:0BA8 Y:BB38 S:0123 D:0000 DB:86 nvMxdizc V:252 H: 65 F:51
							8490B4 DA          PHX                    A:FC16 X:0BA8 Y:BB38 S:0121 D:0000 DB:86 nvMxdizc V:252 H: 72 F:51
							8490B5 08          PHP                    A:FC16 X:0BA8 Y:BB38 S:011F D:0000 DB:86 nvMxdizc V:252 H: 79 F:51
							8490B6 E2 20       SEP #$20               A:FC16 X:0BA8 Y:BB38 S:011E D:0000 DB:86 nvMxdizc V:252 H: 84 F:51
							8490B8 C2 10       REP #$10               A:FC16 X:0BA8 Y:BB38 S:011E D:0000 DB:86 nvMxdizc V:252 H: 88 F:51
							8495D3 95 2E       STA $2E,X     [000BD6] A:003B X:0BA8 Y:0045 S:0125 D:0000 DB:86 nvMxdiZc V:253 H:213 F:51
							8495D5 85 18       STA $18       [000018] A:003B X:0BA8 Y:0045 S:0125 D:0000 DB:86 nvMxdiZc V:253 H:220 F:51
							8495D7 29 3F       AND #$3F               A:003B X:0BA8 Y:0045 S:0125 D:0000 DB:86 nvMxdiZc V:253 H:225 F:51
							8495D9 0A          ASL A                  A:003B X:0BA8 Y:0045 S:0125 D:0000 DB:86 nvMxdizc V:253 H:228 F:51
							8495DA EB          XBA                    A:0076 X:0BA8 Y:0045 S:0125 D:0000 DB:86 nvMxdizc V:253 H:231 F:51
							8495DB A9 00       LDA #$00               A:7600 X:0BA8 Y:0045 S:0125 D:0000 DB:86 nvMxdiZc V:253 H:235 F:51
							8495DD EB          XBA                    A:7600 X:0BA8 Y:0045 S:0125 D:0000 DB:86 nvMxdiZc V:253 H:238 F:51
							8495DE A8          TAY                    A:0076 X:0BA8 Y:0045 S:0125 D:0000 DB:86 nvMxdizc V:253 H:243 F:51
							8495DF 84 28       STY $28       [000028] A:0076 X:0BA8 Y:0076 S:0125 D:0000 DB:86 nvMxdizc V:253 H:246 F:51
							8495E1 86 2C       STX $2C       [00002C] A:0076 X:0BA8 Y:0076 S:0125 D:0000 DB:86 nvMxdizc V:253 H:253 F:51
							8495E3 68          PLA                    A:0076 X:0BA8 Y:0076 S:0125 D:0000 DB:86 nvMxdizc V:253 H:260 F:51
							8495E4 95 2A       STA $2A,X     [000BD2] A:0010 X:0BA8 Y:0076 S:0126 D:0000 DB:86 nvMxdizc V:253 H:266 F:51
							8495E6 A6 2C       LDX $2C       [00002C] A:0010 X:0BA8 Y:0076 S:0126 D:0000 DB:86 nvMxdizc V:253 H:273 F:51
							8495E8 A9 FB       LDA #$FB               A:0010 X:0BA8 Y:0076 S:0126 D:0000 DB:86 nvMxdizc V:253 H:280 F:51
							8495EA 35 2B       AND $2B,X     [000BD3] A:00FB X:0BA8 Y:0076 S:0126 D:0000 DB:86 NvMxdizc V:253 H:283 F:51
							8495EC 95 2B       STA $2B,X     [000BD3] A:0000 X:0BA8 Y:0076 S:0126 D:0000 DB:86 nvMxdiZc V:253 H:289 F:51
							8495EE 64 01       STZ $01       [000001] A:0000 X:0BA8 Y:0076 S:0126 D:0000 DB:86 nvMxdiZc V:253 H:296 F:51
							8495F0 B5 2A       LDA $2A,X     [000BD2] A:0000 X:0BA8 Y:0076 S:0126 D:0000 DB:86 nvMxdiZc V:253 H:301 F:51
							8495F2 85 02       STA $02       [000002] A:0010 X:0BA8 Y:0076 S:0126 D:0000 DB:86 nvMxdizc V:253 H:307 F:51
							8495F4 64 03       STZ $03       [000003] A:0010 X:0BA8 Y:0076 S:0126 D:0000 DB:86 nvMxdizc V:253 H:312 F:51
							8495F6 B4 05       LDY $05,X     [000BAD] A:0010 X:0BA8 Y:0076 S:0126 D:0000 DB:86 nvMxdizc V:253 H:317 F:51
							8495F8 84 10       STY $10       [000010] A:0010 X:0BA8 Y:1E1D S:0126 D:0000 DB:86 nvMxdizc V:253 H:325 F:51
							8495FA B4 08       LDY $08,X     [000BB0] A:0010 X:0BA8 Y:1E1D S:0126 D:0000 DB:86 nvMxdizc V:253 H:332 F:51
							8495FC 84 12       STY $12       [000012] A:0010 X:0BA8 Y:01AF S:0126 D:0000 DB:86 nvMxdizc V:254 H:  0 F:51
							8495FE A6 28       LDX $28       [000028] A:0010 X:0BA8 Y:01AF S:0126 D:0000 DB:86 nvMxdizc V:254 H:  7 F:51
							849600 FC 1C 96    JSR ($961C,X) [849692] A:0010 X:0076 Y:01AF S:0126 D:0000 DB:86 nvMxdizc V:254 H: 14 F:51

								8496B5 A6 2C       LDX $2C       [00002C] A:0010 X:0076 Y:01AF S:0124 D:0000 DB:86 nvMxdizc V:254 H: 27 F:51
								8496B7 A5 0E       LDA $0E       [00000E] A:0010 X:0BA8 Y:01AF S:0124 D:0000 DB:86 nvMxdizc V:254 H: 34 F:51
								8496B9 85 00       STA $00       [000000] A:0006 X:0BA8 Y:01AF S:0124 D:0000 DB:86 nvMxdizc V:254 H: 39 F:51
								8496BB 64 01       STZ $01       [000001] A:0006 X:0BA8 Y:01AF S:0124 D:0000 DB:86 nvMxdizc V:254 H: 44 F:51
								8496BD C2 20       REP #$20               A:0006 X:0BA8 Y:01AF S:0124 D:0000 DB:86 nvMxdizc V:254 H: 49 F:51
								8496BF A5 08       LDA $08       [000008] A:0006 X:0BA8 Y:01AF S:0124 D:0000 DB:86 nvmxdizc V:254 H: 54 F:51
								8496C1 29 7F 00    AND #$007F             A:FF86 X:0BA8 Y:01AF S:0124 D:0000 DB:86 Nvmxdizc V:254 H: 61 F:51
								8496C4 18          CLC                    A:0006 X:0BA8 Y:01AF S:0124 D:0000 DB:86 nvmxdizc V:254 H: 65 F:51
								8496C5 75 08       ADC $08,X     [000BB0] A:0006 X:0BA8 Y:01AF S:0124 D:0000 DB:86 nvmxdizc V:254 H: 68 F:51
								8496C7 38          SEC                    A:01B5 X:0BA8 Y:01AF S:0124 D:0000 DB:86 nvmxdizc V:254 H: 77 F:51
								8496C8 E5 00       SBC $00       [000000] A:01B5 X:0BA8 Y:01AF S:0124 D:0000 DB:86 nvmxdizC V:254 H: 80 F:51
								8496CA 95 08       STA $08,X     [000BB0] A:01AF X:0BA8 Y:01AF S:0124 D:0000 DB:86 nvmxdizC V:254 H: 87 F:51
								8496CC E2 20       SEP #$20               A:01AF X:0BA8 Y:01AF S:0124 D:0000 DB:86 nvmxdizC V:254 H: 95 F:51
								8496CE 74 2F       STZ $2F,X     [000BD7] A:01AF X:0BA8 Y:01AF S:0124 D:0000 DB:86 nvMxdizC V:254 H:100 F:51
								8496D0 A9 01       LDA #$01               A:01AF X:0BA8 Y:01AF S:0124 D:0000 DB:86 nvMxdizC V:254 H:106 F:51
								8496D2 60          RTS                    A:0101 X:0BA8 Y:01AF S:0124 D:0000 DB:86 nvMxdizC V:254 H:109 F:51

							849603 F0 11       BEQ $0011     [849616] A:0101 X:0BA8 Y:01AF S:0126 D:0000 DB:86 nvMxdizC V:254 H:119 F:51
							849605 A6 2C       LDX $2C       [00002C] A:0101 X:0BA8 Y:01AF S:0126 D:0000 DB:86 nvMxdizC V:254 H:122 F:51
							849607 A9 04       LDA #$04               A:0101 X:0BA8 Y:01AF S:0126 D:0000 DB:86 nvMxdizC V:254 H:129 F:51
							849609 15 2B       ORA $2B,X     [000BD3] A:0104 X:0BA8 Y:01AF S:0126 D:0000 DB:86 nvMxdizC V:254 H:132 F:51
							84960B 95 2B       STA $2B,X     [000BD3] A:0104 X:0BA8 Y:01AF S:0126 D:0000 DB:86 nvMxdizC V:254 H:149 F:51
							84960D 20 4C 99    JSR $994C     [84994C] A:0104 X:0BA8 Y:01AF S:0126 D:0000 DB:86 nvMxdizC V:254 H:155 F:51

								84994C AD 1C 1F    LDA $1F1C     [861F1C] A:0104 X:0BA8 Y:01AF S:0124 D:0000 DB:86 nvMxdizC V:254 H:165 F:51
								84994F 10 06       BPL $0006     [849957] A:0180 X:0BA8 Y:01AF S:0124 D:0000 DB:86 NvMxdizC V:254 H:172 F:51
								849951 9C 21 0C    STZ $0C21     [860C21] A:0180 X:0BA8 Y:01AF S:0124 D:0000 DB:86 NvMxdizC V:254 H:175 F:51
								849954 9C 22 0C    STZ $0C22     [860C22] A:0180 X:0BA8 Y:01AF S:0124 D:0000 DB:86 NvMxdizC V:254 H:181 F:51
								849957 60          RTS                    A:0180 X:0BA8 Y:01AF S:0124 D:0000 DB:86 NvMxdizC V:254 H:188 F:51

							849610 20 08 93    JSR $9308     [849308] A:0180 X:0BA8 Y:01AF S:0126 D:0000 DB:86 NvMxdizC V:254 H:198 F:51

								849308 A5 14       LDA $14       [000014] A:0180 X:0BA8 Y:01AF S:0124 D:0000 DB:86 NvMxdizC V:254 H:208 F:51
								84930A F0 08       BEQ $0008     [849314] A:0100 X:0BA8 Y:01AF S:0124 D:0000 DB:86 nvMxdiZC V:254 H:213 F:51
								849314 60          RTS                    A:0100 X:0BA8 Y:01AF S:0124 D:0000 DB:86 nvMxdiZC V:254 H:217 F:51

							849613 A9 01       LDA #$01               A:0100 X:0BA8 Y:01AF S:0126 D:0000 DB:86 nvMxdiZC V:254 H:227 F:51
							849615 60          RTS                    A:0101 X:0BA8 Y:01AF S:0126 D:0000 DB:86 nvMxdizC V:254 H:230 F:51

					849275 D0 32       BNE $0032     [8492A9] A:0101 X:0BA8 Y:01AF S:0128 D:0000 DB:86 nvMxdizC V:254 H:240 F:51
					8492A9 C2 30       REP #$30               A:0101 X:0BA8 Y:01AF S:0128 D:0000 DB:86 nvMxdizC V:254 H:245 F:51
					8492AB 60          RTS                    A:0101 X:0BA8 Y:01AF S:0128 D:0000 DB:86 nvmxdizC V:254 H:249 F:51

				8491DB 2B          PLD                    A:0101 X:0BA8 Y:01AF S:012A D:0000 DB:86 nvmxdizC V:254 H:259 F:51
				8491DC 28          PLP                    A:0101 X:0BA8 Y:01AF S:012C D:0BA8 DB:86 nvmxdizC V:254 H:268 F:51
				8491DD 6B          RTL                    A:0101 X:00A8 Y:00AF S:012D D:0BA8 DB:86 nvMXdiZC V:254 H:274 F:51

			819D78 2B          PLD                    A:0101 X:00A8 Y:00AF S:0130 D:0BA8 DB:86 nvMXdiZC V:254 H:285 F:51
			819D79 6B          RTL                    A:0101 X:00A8 Y:00AF S:0132 D:11E8 DB:86 nvMXdizC V:254 H:293 F:51

		80D26C 9C 1C 1F    STZ $1F1C     [861F1C] A:0101 X:00A8 Y:00AF S:0135 D:11E8 DB:86 nvMXdizC V:254 H:304 F:51
		80D26F AE 19 1F    LDX $1F19     [861F19] A:0101 X:00A8 Y:00AF S:0135 D:11E8 DB:86 nvMXdizC V:254 H:310 F:51
		80D272 D0 09       BNE $0009     [80D27D] A:0101 X:0000 Y:00AF S:0135 D:11E8 DB:86 nvMXdiZC V:254 H:317 F:51
		80D274 20 DB DD    JSR $DDDB     [80DDDB] A:0101 X:0000 Y:00AF S:0135 D:11E8 DB:86 nvMXdiZC V:254 H:320 F:51

			80DDDB 08          PHP                    A:0101 X:0000 Y:00AF S:0133 D:11E8 DB:86 nvMXdiZC V:254 H:329 F:51
			80DDDC 0B          PHD                    A:0101 X:0000 Y:00AF S:0132 D:11E8 DB:86 nvMXdiZC V:254 H:334 F:51
			80DDDD C2 20       REP #$20               A:0101 X:0000 Y:00AF S:0130 D:11E8 DB:86 nvMXdiZC V:255 H:  1 F:51
			80DDDF A9 48 1E    LDA #$1E48             A:0101 X:0000 Y:00AF S:0130 D:11E8 DB:86 nvmXdiZC V:255 H:  5 F:51
			80DDE2 5B          TCD                    A:1E48 X:0000 Y:00AF S:0130 D:11E8 DB:86 nvmXdizC V:255 H: 10 F:51
			80DDE3 A6 01       LDX $01       [001E49] A:1E48 X:0000 Y:00AF S:0130 D:1E48 DB:86 nvmXdizC V:255 H: 13 F:51
			80DDE5 FC 13 DE    JSR ($DE13,X) [80DE15] A:1E48 X:0002 Y:00AF S:0130 D:1E48 DB:86 nvmXdizC V:255 H: 19 F:51

				80DE40 A5 05       LDA $05       [001E4D] A:1E48 X:0002 Y:00AF S:012E D:1E48 DB:86 nvmXdizC V:255 H: 32 F:51
				80DE42 85 22       STA $22       [001E6A] A:1E00 X:0002 Y:00AF S:012E D:1E48 DB:86 nvmXdizC V:255 H: 41 F:51
				80DE44 A5 08       LDA $08       [001E50] A:1E00 X:0002 Y:00AF S:012E D:1E48 DB:86 nvmXdizC V:255 H: 49 F:51
				80DE46 85 24       STA $24       [001E6C] A:0100 X:0002 Y:00AF S:012E D:1E48 DB:86 nvmXdizC V:255 H: 58 F:51
				80DE48 A5 0C       LDA $0C       [001E54] A:0100 X:0002 Y:00AF S:012E D:1E48 DB:86 nvmXdizC V:255 H: 66 F:51
				80DE4A 49 FF FF    EOR #$FFFF             A:0008 X:0002 Y:00AF S:012E D:1E48 DB:86 nvmXdizC V:255 H: 75 F:51
				80DE4D 1A          INC                    A:FFF7 X:0002 Y:00AF S:012E D:1E48 DB:86 NvmXdizC V:255 H: 79 F:51
				80DE4E 85 1A       STA $1A       [001E62] A:FFF8 X:0002 Y:00AF S:012E D:1E48 DB:86 NvmXdizC V:255 H: 82 F:51
				80DE50 20 BC DE    JSR $DEBC     [80DEBC] A:FFF8 X:0002 Y:00AF S:012E D:1E48 DB:86 NvmXdizC V:255 H: 91 F:51

					80DEBC AD B0 0B    LDA $0BB0     [860BB0] A:FFF8 X:0002 Y:00AF S:012C D:1E48 DB:86 NvmXdizC V:255 H:101 F:51
					80DEBF 38          SEC                    A:01AF X:0002 Y:00AF S:012C D:1E48 DB:86 nvmXdizC V:255 H:109 F:51
					80DEC0 E5 08       SBC $08       [001E50] A:01AF X:0002 Y:00AF S:012C D:1E48 DB:86 nvmXdizC V:255 H:112 F:51
					80DEC2 38          SEC                    A:00AF X:0002 Y:00AF S:012C D:1E48 DB:86 nvmXdizC V:255 H:121 F:51
					80DEC3 E5 28       SBC $28       [001E70] A:00AF X:0002 Y:00AF S:012C D:1E48 DB:86 nvmXdizC V:255 H:124 F:51
					80DEC5 30 0E       BMI $000E     [80DED5] A:004F X:0002 Y:00AF S:012C D:1E48 DB:86 nvmXdizC V:255 H:132 F:51
					80DEC7 AD B0 0B    LDA $0BB0     [860BB0] A:004F X:0002 Y:00AF S:012C D:1E48 DB:86 nvmXdizC V:255 H:145 F:51
					80DECA 38          SEC                    A:01AF X:0002 Y:00AF S:012C D:1E48 DB:86 nvmXdizC V:255 H:154 F:51
					80DECB E5 08       SBC $08       [001E50] A:01AF X:0002 Y:00AF S:012C D:1E48 DB:86 nvmXdizC V:255 H:157 F:51
					80DECD 38          SEC                    A:00AF X:0002 Y:00AF S:012C D:1E48 DB:86 nvmXdizC V:255 H:165 F:51
					80DECE E5 2A       SBC $2A       [001E72] A:00AF X:0002 Y:00AF S:012C D:1E48 DB:86 nvmXdizC V:255 H:168 F:51
					80DED0 F0 02       BEQ $0002     [80DED4] A:002F X:0002 Y:00AF S:012C D:1E48 DB:86 nvmXdizC V:255 H:177 F:51
					80DED2 10 01       BPL $0001     [80DED5] A:002F X:0002 Y:00AF S:012C D:1E48 DB:86 nvmXdizC V:255 H:180 F:51
					80DED5 18          CLC                    A:002F X:0002 Y:00AF S:012C D:1E48 DB:86 nvmXdizC V:255 H:184 F:51
					80DED6 65 08       ADC $08       [001E50] A:002F X:0002 Y:00AF S:012C D:1E48 DB:86 nvmXdizc V:255 H:187 F:51
					80DED8 85 08       STA $08       [001E50] A:012F X:0002 Y:00AF S:012C D:1E48 DB:86 nvmXdizc V:255 H:196 F:51
					80DEDA 60          RTS                    A:012F X:0002 Y:00AF S:012C D:1E48 DB:86 nvmXdizc V:255 H:204 F:51

				80DE53 20 9D DE    JSR $DE9D     [80DE9D] A:012F X:0002 Y:00AF S:012E D:1E48 DB:86 nvmXdizc V:255 H:214 F:51

					80DE9D AD AD 0B    LDA $0BAD     [860BAD] A:012F X:0002 Y:00AF S:012C D:1E48 DB:86 nvmXdizc V:255 H:224 F:51
					80DEA0 38          SEC                    A:1E1D X:0002 Y:00AF S:012C D:1E48 DB:86 nvmXdizc V:255 H:233 F:51
					80DEA1 E5 05       SBC $05       [001E4D] A:1E1D X:0002 Y:00AF S:012C D:1E48 DB:86 nvmXdizC V:255 H:236 F:51
					80DEA3 38          SEC                    A:001D X:0002 Y:00AF S:012C D:1E48 DB:86 nvmXdizC V:255 H:244 F:51
					80DEA4 E5 2C       SBC $2C       [001E74] A:001D X:0002 Y:00AF S:012C D:1E48 DB:86 nvmXdizC V:255 H:247 F:51
					80DEA6 30 0E       BMI $000E     [80DEB6] A:FF9D X:0002 Y:00AF S:012C D:1E48 DB:86 NvmXdizc V:255 H:256 F:51
					80DEB6 18          CLC                    A:FF9D X:0002 Y:00AF S:012C D:1E48 DB:86 NvmXdizc V:255 H:260 F:51
					80DEB7 65 05       ADC $05       [001E4D] A:FF9D X:0002 Y:00AF S:012C D:1E48 DB:86 NvmXdizc V:255 H:263 F:51
					80DEB9 85 05       STA $05       [001E4D] A:1D9D X:0002 Y:00AF S:012C D:1E48 DB:86 nvmXdizC V:255 H:272 F:51
					80DEBB 60          RTS                    A:1D9D X:0002 Y:00AF S:012C D:1E48 DB:86 nvmXdizC V:255 H:280 F:51

				80DE56 20 7E DE    JSR $DE7E     [80DE7E] A:1D9D X:0002 Y:00AF S:012E D:1E48 DB:86 nvmXdizC V:255 H:290 F:51

					80DE7E A5 05       LDA $05       [001E4D] A:1D9D X:0002 Y:00AF S:012C D:1E48 DB:86 nvmXdizC V:255 H:300 F:51
					80DE80 38          SEC                    A:1D9D X:0002 Y:00AF S:012C D:1E48 DB:86 nvmXdizC V:255 H:309 F:51
					80DE81 E5 22       SBC $22       [001E6A] A:1D9D X:0002 Y:00AF S:012C D:1E48 DB:86 nvmXdizC V:255 H:312 F:51
					80DE83 30 0C       BMI $000C     [80DE91] A:FF9D X:0002 Y:00AF S:012C D:1E48 DB:86 NvmXdizc V:255 H:320 F:51
					80DE91 C5 1A       CMP $1A       [001E62] A:FF9D X:0002 Y:00AF S:012C D:1E48 DB:86 NvmXdizc V:255 H:324 F:51
					80DE93 10 02       BPL $0002     [80DE97] A:FF9D X:0002 Y:00AF S:012C D:1E48 DB:86 NvmXdizc V:255 H:332 F:51
					80DE95 A5 1A       LDA $1A       [001E62] A:FF9D X:0002 Y:00AF S:012C D:1E48 DB:86 NvmXdizc V:255 H:335 F:51
					80DE97 18          CLC                    A:FFF8 X:0002 Y:00AF S:012C D:1E48 DB:86 NvmXdizc V:256 H:  4 F:51
					80DE98 65 22       ADC $22       [001E6A] A:FFF8 X:0002 Y:00AF S:012C D:1E48 DB:86 NvmXdizc V:256 H:  7 F:51
					80DE9A 85 05       STA $05       [001E4D] A:1DF8 X:0002 Y:00AF S:012C D:1E48 DB:86 nvmXdizC V:256 H: 15 F:51
					80DE9C 60          RTS                    A:1DF8 X:0002 Y:00AF S:012C D:1E48 DB:86 nvmXdizC V:256 H: 24 F:51

				80DE59 20 5F DE    JSR $DE5F     [80DE5F] A:1DF8 X:0002 Y:00AF S:012E D:1E48 DB:86 nvmXdizC V:256 H: 34 F:51

					80DE5F A5 08       LDA $08       [001E50] A:1DF8 X:0002 Y:00AF S:012C D:1E48 DB:86 nvmXdizC V:256 H: 44 F:51
					80DE61 38          SEC                    A:012F X:0002 Y:00AF S:012C D:1E48 DB:86 nvmXdizC V:256 H: 52 F:51
					80DE62 E5 24       SBC $24       [001E6C] A:012F X:0002 Y:00AF S:012C D:1E48 DB:86 nvmXdizC V:256 H: 55 F:51
					80DE64 30 0C       BMI $000C     [80DE72] A:002F X:0002 Y:00AF S:012C D:1E48 DB:86 nvmXdizC V:256 H: 64 F:51
					80DE66 C5 0C       CMP $0C       [001E54] A:002F X:0002 Y:00AF S:012C D:1E48 DB:86 nvmXdizC V:256 H: 67 F:51
					80DE68 30 02       BMI $0002     [80DE6C] A:002F X:0002 Y:00AF S:012C D:1E48 DB:86 nvmXdizC V:256 H: 75 F:51
					80DE6A A5 0C       LDA $0C       [001E54] A:002F X:0002 Y:00AF S:012C D:1E48 DB:86 nvmXdizC V:256 H: 78 F:51
					80DE6C 18          CLC                    A:0008 X:0002 Y:00AF S:012C D:1E48 DB:86 nvmXdizC V:256 H: 87 F:51
					80DE6D 65 24       ADC $24       [001E6C] A:0008 X:0002 Y:00AF S:012C D:1E48 DB:86 nvmXdizc V:256 H: 90 F:51
					80DE6F 85 08       STA $08       [001E50] A:0108 X:0002 Y:00AF S:012C D:1E48 DB:86 nvmXdizc V:256 H: 98 F:51
					80DE71 60          RTS                    A:0108 X:0002 Y:00AF S:012C D:1E48 DB:86 nvmXdizc V:256 H:107 F:51

				80DE5C 4C DE E0    JMP $E0DE     [80E0DE] A:0108 X:0002 Y:00AF S:012E D:1E48 DB:86 nvmXdizc V:256 H:117 F:51

				80E0DE A5 10       LDA $10       [001E58] A:0108 X:0002 Y:00AF S:012E D:1E48 DB:86 nvmXdizc V:256 H:121 F:51
				80E0E0 C5 05       CMP $05       [001E4D] A:1E00 X:0002 Y:00AF S:012E D:1E48 DB:86 nvmXdizc V:256 H:130 F:51
				80E0E2 10 1E       BPL $001E     [80E102] A:1E00 X:0002 Y:00AF S:012E D:1E48 DB:86 nvmXdizC V:256 H:148 F:51
				80E102 A5 0E       LDA $0E       [001E56] A:1E00 X:0002 Y:00AF S:012E D:1E48 DB:86 nvmXdizC V:256 H:153 F:51
				80E104 C5 05       CMP $05       [001E4D] A:1E00 X:0002 Y:00AF S:012E D:1E48 DB:86 nvmXdizC V:256 H:161 F:51
				80E106 30 16       BMI $0016     [80E11E] A:1E00 X:0002 Y:00AF S:012E D:1E48 DB:86 nvmXdizC V:256 H:170 F:51
				80E108 85 05       STA $05       [001E4D] A:1E00 X:0002 Y:00AF S:012E D:1E48 DB:86 nvmXdizC V:256 H:173 F:51
				80E10A AD AD 0B    LDA $0BAD     [860BAD] A:1E00 X:0002 Y:00AF S:012E D:1E48 DB:86 nvmXdizC V:256 H:181 F:51
				80E10D 38          SEC                    A:1E1D X:0002 Y:00AF S:012E D:1E48 DB:86 nvmXdizC V:256 H:190 F:51
				80E10E E9 08 00    SBC #$0008             A:1E1D X:0002 Y:00AF S:012E D:1E48 DB:86 nvmXdizC V:256 H:193 F:51
				80E111 C5 0E       CMP $0E       [001E56] A:1E15 X:0002 Y:00AF S:012E D:1E48 DB:86 nvmXdizC V:256 H:197 F:51
				80E113 10 09       BPL $0009     [80E11E] A:1E15 X:0002 Y:00AF S:012E D:1E48 DB:86 nvmXdizC V:256 H:206 F:51
				80E11E A5 14       LDA $14       [001E5C] A:1E15 X:0002 Y:00AF S:012E D:1E48 DB:86 nvmXdizC V:256 H:210 F:51
				80E120 C5 08       CMP $08       [001E50] A:0100 X:0002 Y:00AF S:012E D:1E48 DB:86 nvmXdizC V:256 H:219 F:51
				80E122 10 26       BPL $0026     [80E14A] A:0100 X:0002 Y:00AF S:012E D:1E48 DB:86 NvmXdizc V:256 H:227 F:51
				80E124 85 08       STA $08       [001E50] A:0100 X:0002 Y:00AF S:012E D:1E48 DB:86 NvmXdizc V:256 H:230 F:51
				80E126 18          CLC                    A:0100 X:0002 Y:00AF S:012E D:1E48 DB:86 NvmXdizc V:256 H:239 F:51
				80E127 69 E0 00    ADC #$00E0             A:0100 X:0002 Y:00AF S:012E D:1E48 DB:86 NvmXdizc V:256 H:242 F:51
				80E12A 8D 00 00    STA $0000     [860000] A:01E0 X:0002 Y:00AF S:012E D:1E48 DB:86 nvmXdizc V:256 H:246 F:51
				80E12D AD B0 0B    LDA $0BB0     [860BB0] A:01E0 X:0002 Y:00AF S:012E D:1E48 DB:86 nvmXdizc V:256 H:255 F:51
				80E130 18          CLC                    A:01AF X:0002 Y:00AF S:012E D:1E48 DB:86 nvmXdizc V:256 H:263 F:51
				80E131 69 E0 FF    ADC #$FFE0             A:01AF X:0002 Y:00AF S:012E D:1E48 DB:86 nvmXdizc V:256 H:266 F:51
				80E134 CD 00 00    CMP $0000     [860000] A:018F X:0002 Y:00AF S:012E D:1E48 DB:86 nvmXdizC V:256 H:271 F:51
				80E137 30 19       BMI $0019     [80E152] A:018F X:0002 Y:00AF S:012E D:1E48 DB:86 NvmXdizc V:256 H:279 F:51
				80E152 60          RTS                    A:018F X:0002 Y:00AF S:012E D:1E48 DB:86 NvmXdizc V:256 H:284 F:51

			80DDE8 A5 30       LDA $30       [001E78] A:018F X:0002 Y:00AF S:0130 D:1E48 DB:86 NvmXdizc V:256 H:294 F:51
			80DDEA 89 01 00    BIT #$0001             A:0000 X:0002 Y:00AF S:0130 D:1E48 DB:86 nvmXdiZc V:256 H:302 F:51
			80DDED F0 03       BEQ $0003     [80DDF2] A:0000 X:0002 Y:00AF S:0130 D:1E48 DB:86 nvmXdiZc V:256 H:307 F:51
			80DDF2 A5 30       LDA $30       [001E78] A:0000 X:0002 Y:00AF S:0130 D:1E48 DB:86 nvmXdiZc V:256 H:311 F:51
			80DDF4 89 02 00    BIT #$0002             A:0000 X:0002 Y:00AF S:0130 D:1E48 DB:86 nvmXdiZc V:256 H:320 F:51
			80DDF7 F0 03       BEQ $0003     [80DDFC] A:0000 X:0002 Y:00AF S:0130 D:1E48 DB:86 nvmXdiZc V:256 H:324 F:51
			80DDFC 20 B5 E1    JSR $E1B5     [80E1B5] A:0000 X:0002 Y:00AF S:0130 D:1E48 DB:86 nvmXdiZc V:256 H:328 F:51

				80E1B5 A5 16       LDA $16       [001E5E] A:0000 X:0002 Y:00AF S:012E D:1E48 DB:86 nvmXdiZc V:256 H:338 F:51
				80E1B7 C5 0E       CMP $0E       [001E56] A:1E00 X:0002 Y:00AF S:012E D:1E48 DB:86 nvmXdizc V:257 H:  6 F:51
				80E1B9 F0 3A       BEQ $003A     [80E1F5] A:1E00 X:0002 Y:00AF S:012E D:1E48 DB:86 nvmXdiZC V:257 H: 15 F:51
				80E1F5 A5 18       LDA $18       [001E60] A:1E00 X:0002 Y:00AF S:012E D:1E48 DB:86 nvmXdiZC V:257 H: 19 F:51
				80E1F7 C5 10       CMP $10       [001E58] A:1E00 X:0002 Y:00AF S:012E D:1E48 DB:86 nvmXdizC V:257 H: 28 F:51
				80E1F9 F0 3A       BEQ $003A     [80E235] A:1E00 X:0002 Y:00AF S:012E D:1E48 DB:86 nvmXdiZC V:257 H: 36 F:51
				80E235 A5 20       LDA $20       [001E68] A:1E00 X:0002 Y:00AF S:012E D:1E48 DB:86 nvmXdiZC V:257 H: 41 F:51
				80E237 C5 12       CMP $12       [001E5A] A:0100 X:0002 Y:00AF S:012E D:1E48 DB:86 nvmXdizC V:257 H: 49 F:51
				80E239 F0 3D       BEQ $003D     [80E278] A:0100 X:0002 Y:00AF S:012E D:1E48 DB:86 nvmXdiZC V:257 H: 58 F:51
				80E278 A5 26       LDA $26       [001E6E] A:0100 X:0002 Y:00AF S:012E D:1E48 DB:86 nvmXdiZC V:257 H: 62 F:51
				80E27A C5 14       CMP $14       [001E5C] A:0100 X:0002 Y:00AF S:012E D:1E48 DB:86 nvmXdizC V:257 H: 71 F:51
				80E27C F0 3D       BEQ $003D     [80E2BB] A:0100 X:0002 Y:00AF S:012E D:1E48 DB:86 nvmXdiZC V:257 H: 79 F:51
				80E2BB 60          RTS                    A:0100 X:0002 Y:00AF S:012E D:1E48 DB:86 nvmXdiZC V:257 H: 84 F:51

			80DDFF A6 00       LDX $00       [001E48] A:0100 X:0002 Y:00AF S:0130 D:1E48 DB:86 nvmXdiZC V:257 H: 94 F:51
			80DE01 F0 03       BEQ $0003     [80DE06] A:0100 X:0001 Y:00AF S:0130 D:1E48 DB:86 nvmXdizC V:257 H:100 F:51
			80DE03 20 D0 B5    JSR $B5D0     [80B5D0] A:0100 X:0001 Y:00AF S:0130 D:1E48 DB:86 nvmXdizC V:257 H:103 F:51

				80B5D0 08          PHP                    A:0100 X:0001 Y:00AF S:012E D:1E48 DB:86 nvmXdizC V:257 H:113 F:51
				80B5D1 0B          PHD                    A:0100 X:0001 Y:00AF S:012D D:1E48 DB:86 nvmXdizC V:257 H:118 F:51
				80B5D2 8B          PHB                    A:0100 X:0001 Y:00AF S:012B D:1E48 DB:86 nvmXdizC V:257 H:125 F:51
				80B5D3 C2 30       REP #$30               A:0100 X:0001 Y:00AF S:012A D:1E48 DB:86 nvmXdizC V:257 H:130 F:51
				80B5D5 A9 00 00    LDA #$0000             A:0100 X:0001 Y:00AF S:012A D:1E48 DB:86 nvmxdizC V:257 H:145 F:51
				80B5D8 5B          TCD                    A:0000 X:0001 Y:00AF S:012A D:1E48 DB:86 nvmxdiZC V:257 H:149 F:51
				80B5D9 20 53 BA    JSR $BA53     [80BA53] A:0000 X:0001 Y:00AF S:012A D:0000 DB:86 nvmxdiZC V:257 H:152 F:51

					80BA53 A9 00 50    LDA #$5000             A:0000 X:0001 Y:00AF S:0128 D:0000 DB:86 nvmxdiZC V:257 H:162 F:51
					80BA56 8D A1 1F    STA $1FA1     [861FA1] A:5000 X:0001 Y:00AF S:0128 D:0000 DB:86 nvmxdizC V:257 H:167 F:51
					80BA59 AD 4D 1E    LDA $1E4D     [861E4D] A:5000 X:0001 Y:00AF S:0128 D:0000 DB:86 nvmxdizC V:257 H:175 F:51
					80BA5C 8D A3 1F    STA $1FA3     [861FA3] A:1E00 X:0001 Y:00AF S:0128 D:0000 DB:86 nvmxdizC V:257 H:184 F:51
					80BA5F AD 50 1E    LDA $1E50     [861E50] A:1E00 X:0001 Y:00AF S:0128 D:0000 DB:86 nvmxdizC V:257 H:192 F:51
					80BA62 8D A5 1F    STA $1FA5     [861FA5] A:0100 X:0001 Y:00AF S:0128 D:0000 DB:86 nvmxdizC V:257 H:201 F:51
					80BA65 AD 6A 1E    LDA $1E6A     [861E6A] A:0100 X:0001 Y:00AF S:0128 D:0000 DB:86 nvmxdizC V:257 H:209 F:51
					80BA68 8D A7 1F    STA $1FA7     [861FA7] A:1E00 X:0001 Y:00AF S:0128 D:0000 DB:86 nvmxdizC V:257 H:218 F:51
					80BA6B AD 6C 1E    LDA $1E6C     [861E6C] A:1E00 X:0001 Y:00AF S:0128 D:0000 DB:86 nvmxdizC V:257 H:226 F:51
					80BA6E 8D A9 1F    STA $1FA9     [861FA9] A:0100 X:0001 Y:00AF S:0128 D:0000 DB:86 nvmxdizC V:257 H:235 F:51
					80BA71 A9 00 E8    LDA #$E800             A:0100 X:0001 Y:00AF S:0128 D:0000 DB:86 nvmxdizC V:257 H:243 F:51
					80BA74 8D B0 1F    STA $1FB0     [861FB0] A:E800 X:0001 Y:00AF S:0128 D:0000 DB:86 NvmxdizC V:257 H:248 F:51
					80BA77 A9 00 20    LDA #$2000             A:E800 X:0001 Y:00AF S:0128 D:0000 DB:86 NvmxdizC V:257 H:256 F:51
					80BA7A 8D AB 1F    STA $1FAB     [861FAB] A:2000 X:0001 Y:00AF S:0128 D:0000 DB:86 nvmxdizC V:257 H:261 F:51
					80BA7D AD 95 0B    LDA $0B95     [860B95] A:2000 X:0001 Y:00AF S:0128 D:0000 DB:86 nvmxdizC V:257 H:269 F:51
					80BA80 8D AD 1F    STA $1FAD     [861FAD] A:B5E0 X:0001 Y:00AF S:0128 D:0000 DB:86 NvmxdizC V:257 H:278 F:51
					80BA83 AD 96 0B    LDA $0B96     [860B96] A:B5E0 X:0001 Y:00AF S:0128 D:0000 DB:86 NvmxdizC V:257 H:286 F:51
					80BA86 8D AE 1F    STA $1FAE     [861FAE] A:98B5 X:0001 Y:00AF S:0128 D:0000 DB:86 NvmxdizC V:257 H:295 F:51
					80BA89 60          RTS                    A:98B5 X:0001 Y:00AF S:0128 D:0000 DB:86 NvmxdizC V:257 H:303 F:51

				80B5DC 80 0C       BRA $000C     [80B5EA] A:98B5 X:0001 Y:00AF S:012A D:0000 DB:86 NvmxdizC V:257 H:313 F:51
				80B5EA 20 FE B5    JSR $B5FE     [80B5FE] A:98B5 X:0001 Y:00AF S:012A D:0000 DB:86 NvmxdizC V:257 H:318 F:51

					80B5FE AD A3 1F    LDA $1FA3     [861FA3] A:98B5 X:0001 Y:00AF S:0128 D:0000 DB:86 NvmxdizC V:257 H:327 F:51
					80B601 29 F8 FF    AND #$FFF8             A:1E00 X:0001 Y:00AF S:0128 D:0000 DB:86 nvmxdizC V:257 H:335 F:51
					80B604 85 00       STA $00       [000000] A:1E00 X:0001 Y:00AF S:0128 D:0000 DB:86 nvmxdizC V:258 H:  0 F:51
					80B606 AD A7 1F    LDA $1FA7     [861FA7] A:1E00 X:0001 Y:00AF S:0128 D:0000 DB:86 nvmxdizC V:258 H:  7 F:51
					80B609 29 F8 FF    AND #$FFF8             A:1E00 X:0001 Y:00AF S:0128 D:0000 DB:86 nvmxdizC V:258 H: 15 F:51
					80B60C C5 00       CMP $00       [000000] A:1E00 X:0001 Y:00AF S:0128 D:0000 DB:86 nvmxdizC V:258 H: 20 F:51
					80B60E 60          RTS                    A:1E00 X:0001 Y:00AF S:0128 D:0000 DB:86 nvmxdiZC V:258 H: 27 F:51

				80B5ED F0 03       BEQ $0003     [80B5F2] A:1E00 X:0001 Y:00AF S:012A D:0000 DB:86 nvmxdiZC V:258 H: 37 F:51
				80B5F2 20 0F B6    JSR $B60F     [80B60F] A:1E00 X:0001 Y:00AF S:012A D:0000 DB:86 nvmxdiZC V:258 H: 41 F:51

					80B60F AD A5 1F    LDA $1FA5     [861FA5] A:1E00 X:0001 Y:00AF S:0128 D:0000 DB:86 nvmxdiZC V:258 H: 51 F:51
					80B612 29 F8 FF    AND #$FFF8             A:0100 X:0001 Y:00AF S:0128 D:0000 DB:86 nvmxdizC V:258 H: 60 F:51
					80B615 85 00       STA $00       [000000] A:0100 X:0001 Y:00AF S:0128 D:0000 DB:86 nvmxdizC V:258 H: 64 F:51
					80B617 AD A9 1F    LDA $1FA9     [861FA9] A:0100 X:0001 Y:00AF S:0128 D:0000 DB:86 nvmxdizC V:258 H: 71 F:51
					80B61A 29 F8 FF    AND #$FFF8             A:0100 X:0001 Y:00AF S:0128 D:0000 DB:86 nvmxdizC V:258 H: 80 F:51
					80B61D C5 00       CMP $00       [000000] A:0100 X:0001 Y:00AF S:0128 D:0000 DB:86 nvmxdizC V:258 H: 84 F:51
					80B61F 60          RTS                    A:0100 X:0001 Y:00AF S:0128 D:0000 DB:86 nvmxdiZC V:258 H: 91 F:51

				80B5F5 F0 03       BEQ $0003     [80B5FA] A:0100 X:0001 Y:00AF S:012A D:0000 DB:86 nvmxdiZC V:258 H:101 F:51
				80B5FA AB          PLB                    A:0100 X:0001 Y:00AF S:012A D:0000 DB:86 nvmxdiZC V:258 H:106 F:51
				80B5FB 2B          PLD                    A:0100 X:0001 Y:00AF S:012B D:0000 DB:86 NvmxdizC V:258 H:112 F:51
				80B5FC 28          PLP                    A:0100 X:0001 Y:00AF S:012D D:1E48 DB:86 nvmxdizC V:258 H:121 F:51
				80B5FD 60          RTS                    A:0100 X:0001 Y:00AF S:012E D:1E48 DB:86 nvmXdizC V:258 H:127 F:51

			80DE06 A5 05       LDA $05       [001E4D] A:0100 X:0001 Y:00AF S:0130 D:1E48 DB:86 nvmXdizC V:258 H:147 F:51
			80DE08 8D B4 00    STA $00B4     [8600B4] A:1E00 X:0001 Y:00AF S:0130 D:1E48 DB:86 nvmXdizC V:258 H:156 F:51
			80DE0B A5 08       LDA $08       [001E50] A:1E00 X:0001 Y:00AF S:0130 D:1E48 DB:86 nvmXdizC V:258 H:164 F:51
			80DE0D 8D B6 00    STA $00B6     [8600B6] A:0100 X:0001 Y:00AF S:0130 D:1E48 DB:86 nvmXdizC V:258 H:173 F:51
			80DE10 2B          PLD                    A:0100 X:0001 Y:00AF S:0130 D:1E48 DB:86 nvmXdizC V:258 H:181 F:51
			80DE11 28          PLP                    A:0100 X:0001 Y:00AF S:0132 D:11E8 DB:86 nvmXdizC V:258 H:190 F:51
			80DE12 60          RTS                    A:0100 X:0001 Y:00AF S:0133 D:11E8 DB:86 nvMXdiZC V:258 H:196 F:51

		80D277 20 47 D5    JSR $D547     [80D547] A:0100 X:0001 Y:00AF S:0135 D:11E8 DB:86 nvMXdiZC V:258 H:206 F:51

			80D547 C2 31       REP #$31               A:0100 X:0001 Y:00AF S:0133 D:11E8 DB:86 nvMXdiZC V:258 H:216 F:51
			80D549 AE 2E 1F    LDX $1F2E     [861F2E] A:0100 X:0001 Y:00AF S:0133 D:11E8 DB:86 nvmxdiZc V:258 H:221 F:51
			80D54C F0 1E       BEQ $001E     [80D56C] A:0100 X:0000 Y:00AF S:0133 D:11E8 DB:86 nvmxdiZc V:258 H:229 F:51
			80D56C E2 30       SEP #$30               A:0100 X:0000 Y:00AF S:0133 D:11E8 DB:86 nvmxdiZc V:258 H:234 F:51
			80D56E 60          RTS                    A:0100 X:0000 Y:00AF S:0133 D:11E8 DB:86 nvMXdiZc V:258 H:238 F:51

		80D27A 20 DB DE    JSR $DEDB     [80DEDB] A:0100 X:0000 Y:00AF S:0135 D:11E8 DB:86 nvMXdiZc V:258 H:248 F:51

			80DEDB 08          PHP                    A:0100 X:0000 Y:00AF S:0133 D:11E8 DB:86 nvMXdiZc V:258 H:258 F:51
			80DEDC 0B          PHD                    A:0100 X:0000 Y:00AF S:0132 D:11E8 DB:86 nvMXdiZc V:258 H:263 F:51
			80DEDD C2 20       REP #$20               A:0100 X:0000 Y:00AF S:0130 D:11E8 DB:86 nvMXdiZc V:258 H:270 F:51
			80DEDF A9 88 1E    LDA #$1E88             A:0100 X:0000 Y:00AF S:0130 D:11E8 DB:86 nvmXdiZc V:258 H:275 F:51
			80DEE2 5B          TCD                    A:1E88 X:0000 Y:00AF S:0130 D:11E8 DB:86 nvmXdizc V:258 H:279 F:51
			80DEE3 A6 12       LDX $12       [001E9A] A:1E88 X:0000 Y:00AF S:0130 D:1E88 DB:86 nvmXdizc V:258 H:282 F:51
			80DEE5 D0 08       BNE $0008     [80DEEF] A:1E88 X:0000 Y:00AF S:0130 D:1E88 DB:86 nvmXdiZc V:258 H:289 F:51
			80DEE7 A5 05       LDA $05       [001E8D] A:1E88 X:0000 Y:00AF S:0130 D:1E88 DB:86 nvmXdiZc V:258 H:292 F:51
			80DEE9 85 22       STA $22       [001EAA] A:0F00 X:0000 Y:00AF S:0130 D:1E88 DB:86 nvmXdizc V:258 H:300 F:51
			80DEEB A5 08       LDA $08       [001E90] A:0F00 X:0000 Y:00AF S:0130 D:1E88 DB:86 nvmXdizc V:258 H:309 F:51
			80DEED 85 24       STA $24       [001EAC] A:0280 X:0000 Y:00AF S:0130 D:1E88 DB:86 nvmXdizc V:258 H:317 F:51
			80DEEF A6 01       LDX $01       [001E89] A:0280 X:0000 Y:00AF S:0130 D:1E88 DB:86 nvmXdizc V:258 H:325 F:51
			80DEF1 FC 08 DF    JSR ($DF08,X) [80DF0A] A:0280 X:0002 Y:00AF S:0130 D:1E88 DB:86 nvmXdizc V:258 H:331 F:51

				80DF23 20 D4 E0    JSR $E0D4     [80E0D4] A:0280 X:0002 Y:00AF S:012E D:1E88 DB:86 nvmXdizc V:259 H:  4 F:51

					80E0D4 AD 50 1E    LDA $1E50     [861E50] A:0280 X:0002 Y:00AF S:012C D:1E88 DB:86 nvmXdizc V:259 H: 14 F:51
					80E0D7 4A          LSR A                  A:0100 X:0002 Y:00AF S:012C D:1E88 DB:86 nvmXdizc V:259 H: 23 F:51
					80E0D8 18          CLC                    A:0080 X:0002 Y:00AF S:012C D:1E88 DB:86 nvmXdizc V:259 H: 26 F:51
					80E0D9 65 0C       ADC $0C       [001E94] A:0080 X:0002 Y:00AF S:012C D:1E88 DB:86 nvmXdizc V:259 H: 29 F:51
					80E0DB 85 08       STA $08       [001E90] A:0280 X:0002 Y:00AF S:012C D:1E88 DB:86 nvmXdizc V:259 H: 37 F:51
					80E0DD 60          RTS                    A:0280 X:0002 Y:00AF S:012C D:1E88 DB:86 nvmXdizc V:259 H: 46 F:51

				80DF26 20 CA E0    JSR $E0CA     [80E0CA] A:0280 X:0002 Y:00AF S:012E D:1E88 DB:86 nvmXdizc V:259 H: 56 F:51

					80E0CA AD 4D 1E    LDA $1E4D     [861E4D] A:0280 X:0002 Y:00AF S:012C D:1E88 DB:86 nvmXdizc V:259 H: 66 F:51
					80E0CD 4A          LSR A                  A:1E00 X:0002 Y:00AF S:012C D:1E88 DB:86 nvmXdizc V:259 H: 74 F:51
					80E0CE 18          CLC                    A:0F00 X:0002 Y:00AF S:012C D:1E88 DB:86 nvmXdizc V:259 H: 77 F:51
					80E0CF 65 0A       ADC $0A       [001E92] A:0F00 X:0002 Y:00AF S:012C D:1E88 DB:86 nvmXdizc V:259 H: 80 F:51
					80E0D1 85 05       STA $05       [001E8D] A:0F00 X:0002 Y:00AF S:012C D:1E88 DB:86 nvmXdizc V:259 H: 89 F:51
					80E0D3 60          RTS                    A:0F00 X:0002 Y:00AF S:012C D:1E88 DB:86 nvmXdizc V:259 H: 97 F:51

				80DF29 38          SEC                    A:0F00 X:0002 Y:00AF S:012E D:1E88 DB:86 nvmXdizc V:259 H:107 F:51
				80DF2A A5 05       LDA $05       [001E8D] A:0F00 X:0002 Y:00AF S:012E D:1E88 DB:86 nvmXdizC V:259 H:110 F:51
				80DF2C E5 22       SBC $22       [001EAA] A:0F00 X:0002 Y:00AF S:012E D:1E88 DB:86 nvmXdizC V:259 H:119 F:51
				80DF2E 30 1E       BMI $001E     [80DF4E] A:0000 X:0002 Y:00AF S:012E D:1E88 DB:86 nvmXdiZC V:259 H:127 F:51
				80DF30 C9 10 00    CMP #$0010             A:0000 X:0002 Y:00AF S:012E D:1E88 DB:86 nvmXdiZC V:259 H:130 F:51
				80DF33 30 39       BMI $0039     [80DF6E] A:0000 X:0002 Y:00AF S:012E D:1E88 DB:86 NvmXdizc V:259 H:145 F:51
				80DF6E 38          SEC                    A:0000 X:0002 Y:00AF S:012E D:1E88 DB:86 NvmXdizc V:259 H:149 F:51
				80DF6F A5 08       LDA $08       [001E90] A:0000 X:0002 Y:00AF S:012E D:1E88 DB:86 NvmXdizC V:259 H:152 F:51
				80DF71 E5 24       SBC $24       [001EAC] A:0280 X:0002 Y:00AF S:012E D:1E88 DB:86 nvmXdizC V:259 H:161 F:51
				80DF73 30 1E       BMI $001E     [80DF93] A:0000 X:0002 Y:00AF S:012E D:1E88 DB:86 nvmXdiZC V:259 H:169 F:51
				80DF75 C9 10 00    CMP #$0010             A:0000 X:0002 Y:00AF S:012E D:1E88 DB:86 nvmXdiZC V:259 H:172 F:51
				80DF78 30 39       BMI $0039     [80DFB3] A:0000 X:0002 Y:00AF S:012E D:1E88 DB:86 NvmXdizc V:259 H:177 F:51
				80DFB3 60          RTS                    A:0000 X:0002 Y:00AF S:012E D:1E88 DB:86 NvmXdizc V:259 H:181 F:51

			80DEF4 A6 00       LDX $00       [001E88] A:0000 X:0002 Y:00AF S:0130 D:1E88 DB:86 NvmXdizc V:259 H:191 F:51
			80DEF6 F0 03       BEQ $0003     [80DEFB] A:0000 X:0001 Y:00AF S:0130 D:1E88 DB:86 nvmXdizc V:259 H:198 F:51
			80DEF8 20 DE B5    JSR $B5DE     [80B5DE] A:0000 X:0001 Y:00AF S:0130 D:1E88 DB:86 nvmXdizc V:259 H:201 F:51

				80B5DE 08          PHP                    A:0000 X:0001 Y:00AF S:012E D:1E88 DB:86 nvmXdizc V:259 H:211 F:51
				80B5DF 0B          PHD                    A:0000 X:0001 Y:00AF S:012D D:1E88 DB:86 nvmXdizc V:259 H:216 F:51
				80B5E0 8B          PHB                    A:0000 X:0001 Y:00AF S:012B D:1E88 DB:86 nvmXdizc V:259 H:223 F:51
				80B5E1 C2 30       REP #$30               A:0000 X:0001 Y:00AF S:012A D:1E88 DB:86 nvmXdizc V:259 H:228 F:51
				80B5E3 A9 00 00    LDA #$0000             A:0000 X:0001 Y:00AF S:012A D:1E88 DB:86 nvmxdizc V:259 H:232 F:51
				80B5E6 5B          TCD                    A:0000 X:0001 Y:00AF S:012A D:1E88 DB:86 nvmxdiZc V:259 H:237 F:51
				80B5E7 20 8A BA    JSR $BA8A     [80BA8A] A:0000 X:0001 Y:00AF S:012A D:0000 DB:86 nvmxdiZc V:259 H:240 F:51

					80BA8A A9 00 58    LDA #$5800             A:0000 X:0001 Y:00AF S:0128 D:0000 DB:86 nvmxdiZc V:259 H:250 F:51
					80BA8D 8D A1 1F    STA $1FA1     [861FA1] A:5800 X:0001 Y:00AF S:0128 D:0000 DB:86 nvmxdizc V:259 H:254 F:51
					80BA90 AD 8D 1E    LDA $1E8D     [861E8D] A:5800 X:0001 Y:00AF S:0128 D:0000 DB:86 nvmxdizc V:259 H:263 F:51
					80BA93 8D A3 1F    STA $1FA3     [861FA3] A:0F00 X:0001 Y:00AF S:0128 D:0000 DB:86 nvmxdizc V:259 H:271 F:51
					80BA96 AD 90 1E    LDA $1E90     [861E90] A:0F00 X:0001 Y:00AF S:0128 D:0000 DB:86 nvmxdizc V:259 H:280 F:51
					80BA99 8D A5 1F    STA $1FA5     [861FA5] A:0280 X:0001 Y:00AF S:0128 D:0000 DB:86 nvmxdizc V:259 H:288 F:51
					80BA9C AD AA 1E    LDA $1EAA     [861EAA] A:0280 X:0001 Y:00AF S:0128 D:0000 DB:86 nvmxdizc V:259 H:297 F:51
					80BA9F 8D A7 1F    STA $1FA7     [861FA7] A:0F00 X:0001 Y:00AF S:0128 D:0000 DB:86 nvmxdizc V:259 H:305 F:51
					80BAA2 AD AC 1E    LDA $1EAC     [861EAC] A:0F00 X:0001 Y:00AF S:0128 D:0000 DB:86 nvmxdizc V:259 H:314 F:51
					80BAA5 8D A9 1F    STA $1FA9     [861FA9] A:0280 X:0001 Y:00AF S:0128 D:0000 DB:86 nvmxdizc V:259 H:322 F:51
					80BAA8 A9 00 EC    LDA #$EC00             A:0280 X:0001 Y:00AF S:0128 D:0000 DB:86 nvmxdizc V:259 H:330 F:51
					80BAAB 8D B0 1F    STA $1FB0     [861FB0] A:EC00 X:0001 Y:00AF S:0128 D:0000 DB:86 Nvmxdizc V:259 H:334 F:51
					80BAAE A9 00 A6    LDA #$A600             A:EC00 X:0001 Y:00AF S:0128 D:0000 DB:86 Nvmxdizc V:260 H:  3 F:51
					80BAB1 8D AB 1F    STA $1FAB     [861FAB] A:A600 X:0001 Y:00AF S:0128 D:0000 DB:86 Nvmxdizc V:260 H:  7 F:51
					80BAB4 AD 98 0B    LDA $0B98     [860B98] A:A600 X:0001 Y:00AF S:0128 D:0000 DB:86 Nvmxdizc V:260 H: 16 F:51
					80BAB7 8D AD 1F    STA $1FAD     [861FAD] A:B5E0 X:0001 Y:00AF S:0128 D:0000 DB:86 Nvmxdizc V:260 H: 24 F:51
					80BABA AD 99 0B    LDA $0B99     [860B99] A:B5E0 X:0001 Y:00AF S:0128 D:0000 DB:86 Nvmxdizc V:260 H: 33 F:51
					80BABD 8D AE 1F    STA $1FAE     [861FAE] A:98B5 X:0001 Y:00AF S:0128 D:0000 DB:86 Nvmxdizc V:260 H: 41 F:51
					80BAC0 60          RTS                    A:98B5 X:0001 Y:00AF S:0128 D:0000 DB:86 Nvmxdizc V:260 H: 50 F:51

			80DEFB A5 05       LDA $05       [001E8D] A:0280 X:0001 Y:00AF S:0130 D:1E88 DB:86 nvmXdizc V:260 H:230 F:51
			80DEFD 8D B8 00    STA $00B8     [8600B8] A:0F00 X:0001 Y:00AF S:0130 D:1E88 DB:86 nvmXdizc V:260 H:239 F:51
			80DF00 A5 08       LDA $08       [001E90] A:0F00 X:0001 Y:00AF S:0130 D:1E88 DB:86 nvmXdizc V:260 H:247 F:51
			80DF02 8D BA 00    STA $00BA     [8600BA] A:0280 X:0001 Y:00AF S:0130 D:1E88 DB:86 nvmXdizc V:260 H:256 F:51
			80DF05 2B          PLD                    A:0280 X:0001 Y:00AF S:0130 D:1E88 DB:86 nvmXdizc V:260 H:264 F:51
			80DF06 28          PLP                    A:0280 X:0001 Y:00AF S:0132 D:11E8 DB:86 nvmXdizc V:260 H:273 F:51
			80DF07 60          RTS                    A:0280 X:0001 Y:00AF S:0133 D:11E8 DB:86 nvMXdiZc V:260 H:279 F:51

		80D27D AE 17 1F    LDX $1F17     [861F17] A:0280 X:0001 Y:00AF S:0135 D:11E8 DB:86 nvMXdiZc V:260 H:289 F:51
		80D280 F0 05       BEQ $0005     [80D287] A:0280 X:0000 Y:00AF S:0135 D:11E8 DB:86 nvMXdiZc V:260 H:296 F:51
		80D287 20 45 D3    JSR $D345     [80D345] A:0280 X:0000 Y:00AF S:0135 D:11E8 DB:86 nvMXdiZc V:260 H:300 F:51

			80D345 C2 20       REP #$20               A:0280 X:0000 Y:00AF S:0133 D:11E8 DB:86 nvMXdiZc V:260 H:310 F:51
			80D347 A9 28 19    LDA #$1928             A:0280 X:0000 Y:00AF S:0133 D:11E8 DB:86 nvmXdiZc V:260 H:315 F:51
			80D34A 5B          TCD                    A:1928 X:0000 Y:00AF S:0133 D:11E8 DB:86 nvmXdizc V:260 H:319 F:51
			80D34B E2 30       SEP #$30               A:1928 X:0000 Y:00AF S:0133 D:1928 DB:86 nvmXdizc V:260 H:322 F:51
			80D34D A5 00       LDA $00       [001928] A:1928 X:0000 Y:00AF S:0133 D:1928 DB:86 nvMXdizc V:260 H:326 F:51
			80D34F F0 0B       BEQ $000B     [80D35C] A:1900 X:0000 Y:00AF S:0133 D:1928 DB:86 nvMXdiZc V:260 H:332 F:51
			80D35C C2 21       REP #$21               A:1900 X:0000 Y:00AF S:0133 D:1928 DB:86 nvMXdiZc V:260 H:337 F:51
			80D35E 7B          TDC                    A:1900 X:0000 Y:00AF S:0133 D:1928 DB:86 nvmXdiZc V:261 H:  1 F:51
			80D35F 69 20 00    ADC #$0020             A:1928 X:0000 Y:00AF S:0133 D:1928 DB:86 nvmXdizc V:261 H:  4 F:51
			80D362 C9 08 1D    CMP #$1D08             A:1948 X:0000 Y:00AF S:0133 D:1928 DB:86 nvmXdizc V:261 H:  9 F:51
			80D365 90 E3       BCC $00E3     [80D34A] A:1948 X:0000 Y:00AF S:0133 D:1928 DB:86 NvmXdizc V:261 H: 13 F:51
			80D367 E2 30       SEP #$30               A:1D08 X:0000 Y:00AF S:0133 D:1CE8 DB:86 nvmXdiZC V:  2 H:218 F:52
			80D369 60          RTS                    A:1D08 X:0000 Y:00AF S:0133 D:1CE8 DB:86 nvMXdiZC V:  2 H:223 F:52

		80D28A AE 18 1F    LDX $1F18     [861F18] A:1D08 X:0000 Y:00AF S:0135 D:1CE8 DB:86 nvMXdiZC V:  2 H:233 F:52
		80D28D F0 05       BEQ $0005     [80D294] A:1D08 X:0000 Y:00AF S:0135 D:1CE8 DB:86 nvMXdiZC V:  2 H:239 F:52
		80D294 20 9B D3    JSR $D39B     [80D39B] A:1D08 X:0000 Y:00AF S:0135 D:1CE8 DB:86 nvMXdiZC V:  2 H:244 F:52

			80D39B C2 20       REP #$20               A:1D08 X:0000 Y:00AF S:0133 D:1CE8 DB:86 nvMXdiZC V:  2 H:254 F:52
			80D39D A9 08 1D    LDA #$1D08             A:1D08 X:0000 Y:00AF S:0133 D:1CE8 DB:86 nvmXdiZC V:  2 H:258 F:52
			80D3A0 5B          TCD                    A:1D08 X:0000 Y:00AF S:0133 D:1CE8 DB:86 nvmXdizC V:  2 H:263 F:52
			80D3A1 E2 30       SEP #$30               A:1D08 X:0000 Y:00AF S:0133 D:1D08 DB:86 nvmXdizC V:  2 H:266 F:52
			80D3A3 A5 00       LDA $00       [001D08] A:1D08 X:0000 Y:00AF S:0133 D:1D08 DB:86 nvMXdizC V:  2 H:270 F:52
			80D3A5 F0 07       BEQ $0007     [80D3AE] A:1D00 X:0000 Y:00AF S:0133 D:1D08 DB:86 nvMXdiZC V:  2 H:277 F:52
			80D3AE C2 21       REP #$21               A:1D00 X:0000 Y:00AF S:0133 D:1D08 DB:86 nvMXdiZC V:  2 H:281 F:52
			80D3B0 7B          TDC                    A:1D00 X:0000 Y:00AF S:0133 D:1D08 DB:86 nvmXdiZc V:  2 H:286 F:52
			80D3B1 69 10 00    ADC #$0010             A:1D08 X:0000 Y:00AF S:0133 D:1D08 DB:86 nvmXdizc V:  2 H:289 F:52
			80D3B4 C9 08 1E    CMP #$1E08             A:1D18 X:0000 Y:00AF S:0133 D:1D08 DB:86 nvmXdizc V:  2 H:293 F:52
			80D3B7 90 E7       BCC $00E7     [80D3A0] A:1D18 X:0000 Y:00AF S:0133 D:1D08 DB:86 NvmXdizc V:  2 H:298 F:52
			80D3A7 A5 0A       LDA $0A       [001D22] A:1D01 X:0000 Y:00AF S:0133 D:1D18 DB:86 nvMXdizc V:  2 H:319 F:52
			80D3A9 0A          ASL A                  A:1D15 X:0000 Y:00AF S:0133 D:1D18 DB:86 nvMXdizc V:  2 H:325 F:52
			80D3AA AA          TAX                    A:1D2A X:0000 Y:00AF S:0133 D:1D18 DB:86 nvMXdizc V:  2 H:328 F:52
			80D3AB FC 9A F5    JSR ($F59A,X) [80F5C4] A:1D2A X:002A Y:00AF S:0133 D:1D18 DB:86 nvMXdizc V:  2 H:331 F:52

				80F649 22 7B FD 83 JSL $83FD7B   [83FD7B] A:1D2A X:002A Y:00AF S:0131 D:1D18 DB:86 nvMXdizc V:  3 H:  4 F:52

					83FD7B 08          PHP                    A:1D2A X:002A Y:00AF S:012E D:1D18 DB:86 nvMXdizc V:  3 H: 17 F:52
					83FD7C C2 20       REP #$20               A:1D2A X:002A Y:00AF S:012D D:1D18 DB:86 nvMXdizc V:  3 H: 22 F:52
					83FD7E E2 10       SEP #$10               A:1D2A X:002A Y:00AF S:012D D:1D18 DB:86 nvmXdizc V:  3 H: 27 F:52
					83FD80 A6 01       LDX $01       [001D19] A:1D2A X:002A Y:00AF S:012D D:1D18 DB:86 nvmXdizc V:  3 H: 31 F:52
					83FD82 FC 91 FD    JSR ($FD91,X) [83FD93] A:1D2A X:0002 Y:00AF S:012D D:1D18 DB:86 nvmXdizc V:  3 H: 38 F:52

						83FDA2 A6 02       LDX $02       [001D1A] A:1D2A X:0002 Y:00AF S:012B D:1D18 DB:86 nvmXdizc V:  3 H: 51 F:52
						83FDA4 7C A7 FD    JMP ($FDA7,X) [83FDA7] A:1D2A X:0000 Y:00AF S:012B D:1D18 DB:86 nvmXdiZc V:  3 H: 57 F:52

						83FDAB 20 D3 FD    JSR $FDD3     [83FDD3] A:1D2A X:0000 Y:00AF S:012B D:1D18 DB:86 nvmXdiZc V:  3 H: 66 F:52

							83FDD3 A5 0A       LDA $0A       [001D22] A:1D2A X:0000 Y:00AF S:0129 D:1D18 DB:86 nvmXdiZc V:  3 H: 76 F:52
							83FDD5 38          SEC                    A:5615 X:0000 Y:00AF S:0129 D:1D18 DB:86 nvmXdizc V:  3 H: 85 F:52
							83FDD6 E9 15 00    SBC #$0015             A:5615 X:0000 Y:00AF S:0129 D:1D18 DB:86 nvmXdizC V:  3 H: 88 F:52
							83FDD9 AA          TAX                    A:5600 X:0000 Y:00AF S:0129 D:1D18 DB:86 nvmXdizC V:  3 H: 92 F:52
							83FDDA BD DC E4    LDA $E4DC,X   [86E4DC] A:5600 X:0000 Y:00AF S:0129 D:1D18 DB:86 nvmXdiZC V:  3 H: 95 F:52
							83FDDD AA          TAX                    A:0505 X:0000 Y:00AF S:0129 D:1D18 DB:86 nvmXdizC V:  3 H:103 F:52
							83FDDE BD A8 0B    LDA $0BA8,X   [860BAD] A:0505 X:0005 Y:00AF S:0129 D:1D18 DB:86 nvmXdizC V:  3 H:106 F:52
							83FDE1 D5 00       CMP $00,X     [001D1D] A:1E1D X:0005 Y:00AF S:0129 D:1D18 DB:86 nvmXdizC V:  3 H:114 F:52
							83FDE3 60          RTS                    A:1E1D X:0005 Y:00AF S:0129 D:1D18 DB:86 nvmXdizC V:  3 H:124 F:52

						83FDAE 10 0F       BPL $000F     [83FDBF] A:1E1D X:0005 Y:00AF S:012B D:1D18 DB:86 nvmXdizC V:  3 H:144 F:52
						83FDBF 60          RTS                    A:1E1D X:0005 Y:00AF S:012B D:1D18 DB:86 nvmXdizC V:  3 H:149 F:52

					83FD85 22 6E 80 82 JSL $82806E   [82806E] A:1E1D X:0005 Y:00AF S:012D D:1D18 DB:86 nvmXdizC V:  3 H:159 F:52

						82806E C2 20       REP #$20               A:1E1D X:0005 Y:00AF S:012A D:1D18 DB:86 nvmXdizC V:  3 H:172 F:52
						828070 38          SEC                    A:1E1D X:0005 Y:00AF S:012A D:1D18 DB:86 nvmXdizC V:  3 H:177 F:52
						828071 A5 05       LDA $05       [001D1D] A:1E1D X:0005 Y:00AF S:012A D:1D18 DB:86 nvmXdizC V:  3 H:180 F:52
						828073 ED 4D 1E    SBC $1E4D     [861E4D] A:1E00 X:0005 Y:00AF S:012A D:1D18 DB:86 nvmXdizC V:  3 H:188 F:52
						828076 18          CLC                    A:0000 X:0005 Y:00AF S:012A D:1D18 DB:86 nvmXdiZC V:  3 H:197 F:52
						828077 69 40 00    ADC #$0040             A:0000 X:0005 Y:00AF S:012A D:1D18 DB:86 nvmXdiZc V:  3 H:200 F:52
						82807A C9 80 01    CMP #$0180             A:0040 X:0005 Y:00AF S:012A D:1D18 DB:86 nvmXdizc V:  3 H:204 F:52
						82807D B0 0D       BCS $000D     [82808C] A:0040 X:0005 Y:00AF S:012A D:1D18 DB:86 NvmXdizc V:  3 H:209 F:52
						82807F 38          SEC                    A:0040 X:0005 Y:00AF S:012A D:1D18 DB:86 NvmXdizc V:  3 H:212 F:52
						828080 A5 08       LDA $08       [001D20] A:0040 X:0005 Y:00AF S:012A D:1D18 DB:86 NvmXdizC V:  3 H:215 F:52
						828082 ED 50 1E    SBC $1E50     [861E50] A:0178 X:0005 Y:00AF S:012A D:1D18 DB:86 nvmXdizC V:  3 H:223 F:52
						828085 18          CLC                    A:0078 X:0005 Y:00AF S:012A D:1D18 DB:86 nvmXdizC V:  3 H:232 F:52
						828086 69 40 00    ADC #$0040             A:0078 X:0005 Y:00AF S:012A D:1D18 DB:86 nvmXdizc V:  3 H:235 F:52
						828089 C9 60 01    CMP #$0160             A:00B8 X:0005 Y:00AF S:012A D:1D18 DB:86 nvmXdizc V:  3 H:239 F:52
						82808C E2 20       SEP #$20               A:00B8 X:0005 Y:00AF S:012A D:1D18 DB:86 NvmXdizc V:  3 H:244 F:52
						82808E 6B          RTL                    A:00B8 X:0005 Y:00AF S:012A D:1D18 DB:86 NvMXdizc V:  3 H:248 F:52

					83FD89 90 04       BCC $0004     [83FD8F] A:00B8 X:0005 Y:00AF S:012D D:1D18 DB:86 NvMXdizc V:  3 H:259 F:52
					83FD8F 28          PLP                    A:00B8 X:0005 Y:00AF S:012D D:1D18 DB:86 NvMXdizc V:  3 H:263 F:52
					83FD90 6B          RTL                    A:00B8 X:0005 Y:00AF S:012E D:1D18 DB:86 nvMXdizc V:  3 H:270 F:52

				80F64D 60          RTS                    A:00B8 X:0005 Y:00AF S:0131 D:1D18 DB:86 nvMXdizc V:  3 H:280 F:52

			80D3B9 E2 30       SEP #$30               A:1E08 X:0005 Y:00AF S:0133 D:1DF8 DB:86 nvmXdiZC V:  5 H:201 F:52
			80D3BB 60          RTS                    A:1E08 X:0005 Y:00AF S:0133 D:1DF8 DB:86 nvMXdiZC V:  5 H:205 F:52

		80D297 20 BD D2    JSR $D2BD     [80D2BD] A:1E08 X:0005 Y:00AF S:0135 D:1DF8 DB:86 nvMXdiZC V:  5 H:215 F:52

			80D2BD C2 20       REP #$20               A:1E08 X:0005 Y:00AF S:0133 D:1DF8 DB:86 nvMXdiZC V:  5 H:225 F:52
			80D2BF A9 38 0C    LDA #$0C38             A:1E08 X:0005 Y:00AF S:0133 D:1DF8 DB:86 nvmXdiZC V:  5 H:230 F:52
			80D2C2 5B          TCD                    A:0C38 X:0005 Y:00AF S:0133 D:1DF8 DB:86 nvmXdizC V:  5 H:234 F:52
			80D2C3 E2 30       SEP #$30               A:0C38 X:0005 Y:00AF S:0133 D:0C38 DB:86 nvmXdizC V:  5 H:237 F:52
			80D2C5 A5 00       LDA $00       [000C38] A:0C38 X:0005 Y:00AF S:0133 D:0C38 DB:86 nvMXdizC V:  5 H:242 F:52
			80D2C7 F0 07       BEQ $0007     [80D2D0] A:0C01 X:0005 Y:00AF S:0133 D:0C38 DB:86 nvMXdizC V:  5 H:248 F:52
			80D2C9 A5 0A       LDA $0A       [000C42] A:0C01 X:0005 Y:00AF S:0133 D:0C38 DB:86 nvMXdizC V:  5 H:251 F:52
			80D2CB 0A          ASL A                  A:0C00 X:0005 Y:00AF S:0133 D:0C38 DB:86 nvMXdiZC V:  5 H:258 F:52
			80D2CC AA          TAX                    A:0C00 X:0005 Y:00AF S:0133 D:0C38 DB:86 nvMXdiZc V:  5 H:261 F:52
			80D2CD FC 93 F5    JSR ($F593,X) [80F593] A:0C00 X:0000 Y:00AF S:0133 D:0C38 DB:86 nvMXdiZc V:  5 H:264 F:52

				80F595 22 3D A1 81 JSL $81A13D   [81A13D] A:0C00 X:0000 Y:00AF S:0131 D:0C38 DB:86 nvMXdiZc V:  5 H:277 F:52

					81A13D A6 01       LDX $01       [000C39] A:0C00 X:0000 Y:00AF S:012E D:0C38 DB:86 nvMXdiZc V:  5 H:290 F:52
					81A13F D0 0B       BNE $000B     [81A14C] A:0C00 X:0001 Y:00AF S:012E D:0C38 DB:86 nvMXdizc V:  5 H:297 F:52
					81A14C AD B6 0B    LDA $0BB6     [860BB6] A:0C00 X:0001 Y:00AF S:012E D:0C38 DB:86 nvMXdizc V:  5 H:301 F:52
					81A14F 85 0E       STA $0E       [000C46] A:0C01 X:0001 Y:00AF S:012E D:0C38 DB:86 nvMXdizc V:  5 H:308 F:52
					81A151 AD BF 0B    LDA $0BBF     [860BBF] A:0C01 X:0001 Y:00AF S:012E D:0C38 DB:86 nvMXdizc V:  5 H:314 F:52
					81A154 85 17       STA $17       [000C4F] A:0C00 X:0001 Y:00AF S:012E D:0C38 DB:86 nvMXdiZc V:  5 H:321 F:52
					81A156 AD B9 0B    LDA $0BB9     [860BB9] A:0C00 X:0001 Y:00AF S:012E D:0C38 DB:86 nvMXdiZc V:  5 H:327 F:52
					81A159 85 11       STA $11       [000C49] A:0C62 X:0001 Y:00AF S:012E D:0C38 DB:86 nvMXdizc V:  5 H:333 F:52
					81A15B AD C1 0B    LDA $0BC1     [860BC1] A:0C62 X:0001 Y:00AF S:012E D:0C38 DB:86 nvMXdizc V:  5 H:339 F:52
					81A15E 85 19       STA $19       [000C51] A:0C00 X:0001 Y:00AF S:012E D:0C38 DB:86 nvMXdiZc V:  6 H:  6 F:52
					81A160 C2 20       REP #$20               A:0C00 X:0001 Y:00AF S:012E D:0C38 DB:86 nvMXdiZc V:  6 H: 12 F:52
					81A162 AD AD 0B    LDA $0BAD     [860BAD] A:0C00 X:0001 Y:00AF S:012E D:0C38 DB:86 nvmXdiZc V:  6 H: 17 F:52
					81A165 85 05       STA $05       [000C3D] A:1E1D X:0001 Y:00AF S:012E D:0C38 DB:86 nvmXdizc V:  6 H: 25 F:52
					81A167 AD B0 0B    LDA $0BB0     [860BB0] A:1E1D X:0001 Y:00AF S:012E D:0C38 DB:86 nvmXdizc V:  6 H: 34 F:52
					81A16A 85 08       STA $08       [000C40] A:01AF X:0001 Y:00AF S:012E D:0C38 DB:86 nvmXdizc V:  6 H: 42 F:52
					81A16C 6B          RTL                    A:01AF X:0001 Y:00AF S:012E D:0C38 DB:86 nvmXdizc V:  6 H: 51 F:52

				80F599 60          RTS                    A:01AF X:0001 Y:00AF S:0131 D:0C38 DB:86 nvmXdizc V:  6 H: 61 F:52

			80D2D0 C2 21       REP #$21               A:01AF X:0001 Y:00AF S:0133 D:0C38 DB:86 nvmXdizc V:  6 H: 71 F:52
			80D2D2 7B          TDC                    A:01AF X:0001 Y:00AF S:0133 D:0C38 DB:86 nvmXdizc V:  6 H: 76 F:52
			80D2D3 69 20 00    ADC #$0020             A:0C38 X:0001 Y:00AF S:0133 D:0C38 DB:86 nvmXdizc V:  6 H: 79 F:52
			80D2D6 C9 98 0C    CMP #$0C98             A:0C58 X:0001 Y:00AF S:0133 D:0C38 DB:86 nvmXdizc V:  6 H: 83 F:52
			80D2D9 90 E7       BCC $00E7     [80D2C2] A:0C58 X:0001 Y:00AF S:0133 D:0C38 DB:86 NvmXdizc V:  6 H: 88 F:52
			80D2DB E2 30       SEP #$30               A:0C98 X:0001 Y:00AF S:0133 D:0C78 DB:86 nvmXdiZC V:  7 H:168 F:52
			80D2DD 60          RTS                    A:0C98 X:0001 Y:00AF S:0133 D:0C78 DB:86 nvMXdiZC V:  7 H:172 F:52

		80D29A 2B          PLD                    A:0C98 X:0001 Y:00AF S:0135 D:0C78 DB:86 nvMXdiZC V:  7 H:182 F:52
		80D29B 28          PLP                    A:0C98 X:0001 Y:00AF S:0137 D:0000 DB:86 nvMXdiZC V:  7 H:191 F:52
		80D29C 60          RTS                    A:0C98 X:0001 Y:00AF S:0138 D:0000 DB:86 nvMXdiZc V:  7 H:197 F:52

	809A9D 20 36 DC    JSR $DC36     [80DC36] A:0C98 X:0001 Y:00AF S:013A D:0000 DB:86 nvMXdiZc V:  7 H:207 F:52

		80DC36 8B          PHB                    A:0C98 X:0001 Y:00AF S:0138 D:0000 DB:86 nvMXdiZc V:  7 H:217 F:52
		80DC37 0B          PHD                    A:0C98 X:0001 Y:00AF S:0137 D:0000 DB:86 nvMXdiZc V:  7 H:222 F:52
		80DC38 08          PHP                    A:0C98 X:0001 Y:00AF S:0135 D:0000 DB:86 nvMXdiZc V:  7 H:229 F:52
		80DC39 E2 20       SEP #$20               A:0C98 X:0001 Y:00AF S:0134 D:0000 DB:86 nvMXdiZc V:  7 H:234 F:52
		80DC3B AD 20 1F    LDA $1F20     [861F20] A:0C98 X:0001 Y:00AF S:0134 D:0000 DB:86 nvMXdiZc V:  7 H:239 F:52
		80DC3E 0A          ASL A                  A:0C00 X:0001 Y:00AF S:0134 D:0000 DB:86 nvMXdiZc V:  7 H:245 F:52
		80DC3F 0A          ASL A                  A:0C00 X:0001 Y:00AF S:0134 D:0000 DB:86 nvMXdiZc V:  7 H:248 F:52
		80DC40 0A          ASL A                  A:0C00 X:0001 Y:00AF S:0134 D:0000 DB:86 nvMXdiZc V:  7 H:251 F:52
		80DC41 0A          ASL A                  A:0C00 X:0001 Y:00AF S:0134 D:0000 DB:86 nvMXdiZc V:  7 H:254 F:52
		80DC42 8D FE 1F    STA $1FFE     [861FFE] A:0C00 X:0001 Y:00AF S:0134 D:0000 DB:86 nvMXdiZc V:  7 H:257 F:52
		80DC45 C2 30       REP #$30               A:0C00 X:0001 Y:00AF S:0134 D:0000 DB:86 nvMXdiZc V:  7 H:264 F:52
		80DC47 A9 00 00    LDA #$0000             A:0C00 X:0001 Y:00AF S:0134 D:0000 DB:86 nvmxdiZc V:  7 H:268 F:52
		80DC4A 5B          TCD                    A:0000 X:0001 Y:00AF S:0134 D:0000 DB:86 nvmxdiZc V:  7 H:273 F:52
		80DC4B AD 6A 1E    LDA $1E6A     [861E6A] A:0000 X:0001 Y:00AF S:0134 D:0000 DB:86 nvmxdiZc V:  7 H:276 F:52
		80DC4E CD 4D 1E    CMP $1E4D     [861E4D] A:1E00 X:0001 Y:00AF S:0134 D:0000 DB:86 nvmxdizc V:  7 H:284 F:52
		80DC51 30 16       BMI $0016     [80DC69] A:1E00 X:0001 Y:00AF S:0134 D:0000 DB:86 nvmxdiZC V:  7 H:293 F:52
		80DC53 29 E0 FF    AND #$FFE0             A:1E00 X:0001 Y:00AF S:0134 D:0000 DB:86 nvmxdiZC V:  7 H:296 F:52
		80DC56 85 00       STA $00       [000000] A:1E00 X:0001 Y:00AF S:0134 D:0000 DB:86 nvmxdizC V:  7 H:300 F:52
		80DC58 AD 4D 1E    LDA $1E4D     [861E4D] A:1E00 X:0001 Y:00AF S:0134 D:0000 DB:86 nvmxdizC V:  7 H:307 F:52
		80DC5B 29 E0 FF    AND #$FFE0             A:1E00 X:0001 Y:00AF S:0134 D:0000 DB:86 nvmxdizC V:  7 H:316 F:52
		80DC5E C5 00       CMP $00       [000000] A:1E00 X:0001 Y:00AF S:0134 D:0000 DB:86 nvmxdizC V:  7 H:320 F:52
		80DC60 F0 30       BEQ $0030     [80DC92] A:1E00 X:0001 Y:00AF S:0134 D:0000 DB:86 nvmxdiZC V:  7 H:327 F:52
		80DC92 AD 50 1E    LDA $1E50     [861E50] A:1E00 X:0001 Y:00AF S:0134 D:0000 DB:86 nvmxdiZC V:  7 H:331 F:52
		80DC95 CD 6C 1E    CMP $1E6C     [861E6C] A:0100 X:0001 Y:00AF S:0134 D:0000 DB:86 nvmxdizC V:  7 H:339 F:52
		80DC98 F0 3D       BEQ $003D     [80DCD7] A:0100 X:0001 Y:00AF S:0134 D:0000 DB:86 nvmxdiZC V:  8 H:  8 F:52
		80DCD7 28          PLP                    A:0100 X:0001 Y:00AF S:0134 D:0000 DB:86 nvmxdiZC V:  8 H: 12 F:52
		80DCD8 2B          PLD                    A:0100 X:0001 Y:00AF S:0135 D:0000 DB:86 nvMXdiZc V:  8 H: 19 F:52
		80DCD9 AB          PLB                    A:0100 X:0001 Y:00AF S:0137 D:0000 DB:86 nvMXdiZc V:  8 H: 27 F:52
		80DCDA 60          RTS                    A:0100 X:0001 Y:00AF S:0138 D:0000 DB:86 NvMXdizc V:  8 H: 34 F:52

	809AA0 20 68 9E    JSR $9E68     [809E68] A:0100 X:0001 Y:00AF S:013A D:0000 DB:86 NvMXdizc V:  8 H: 44 F:52

		809E68 AD 3B 1F    LDA $1F3B     [861F3B] A:0100 X:0001 Y:00AF S:0138 D:0000 DB:86 NvMXdizc V:  8 H: 54 F:52
		809E6B D0 3F       BNE $003F     [809EAC] A:0100 X:0001 Y:00AF S:0138 D:0000 DB:86 nvMXdiZc V:  8 H: 60 F:52
		809E6D AD CF 0B    LDA $0BCF     [860BCF] A:0100 X:0001 Y:00AF S:0138 D:0000 DB:86 nvMXdiZc V:  8 H: 63 F:52
		809E70 29 7F       AND #$7F               A:0120 X:0001 Y:00AF S:0138 D:0000 DB:86 nvMXdizc V:  8 H: 70 F:52
		809E72 F0 38       BEQ $0038     [809EAC] A:0120 X:0001 Y:00AF S:0138 D:0000 DB:86 nvMXdizc V:  8 H: 73 F:52
		809E74 AD E3 0B    LDA $0BE3     [860BE3] A:0120 X:0001 Y:00AF S:0138 D:0000 DB:86 nvMXdizc V:  8 H: 76 F:52
		809E77 29 10       AND #$10               A:0100 X:0001 Y:00AF S:0138 D:0000 DB:86 nvMXdiZc V:  8 H: 82 F:52
		809E79 F0 31       BEQ $0031     [809EAC] A:0100 X:0001 Y:00AF S:0138 D:0000 DB:86 nvMXdiZc V:  8 H: 85 F:52
		809EAC 60          RTS                    A:0100 X:0001 Y:00AF S:0138 D:0000 DB:86 nvMXdiZc V:  8 H: 90 F:52

	809AA3 20 6F D5    JSR $D56F     [80D56F] A:0100 X:0001 Y:00AF S:013A D:0000 DB:86 nvMXdiZc V:  8 H:100 F:52

		80D56F 08          PHP                    A:0100 X:0001 Y:00AF S:0138 D:0000 DB:86 nvMXdiZc V:  8 H:110 F:52
		80D570 8B          PHB                    A:0100 X:0001 Y:00AF S:0137 D:0000 DB:86 nvMXdiZc V:  8 H:115 F:52
		80D571 E2 20       SEP #$20               A:0100 X:0001 Y:00AF S:0136 D:0000 DB:86 nvMXdiZc V:  8 H:120 F:52
		80D573 C2 10       REP #$10               A:0100 X:0001 Y:00AF S:0136 D:0000 DB:86 nvMXdiZc V:  8 H:124 F:52
		80D575 20 CE D7    JSR $D7CE     [80D7CE] A:0100 X:0001 Y:00AF S:0136 D:0000 DB:86 nvMxdiZc V:  8 H:129 F:52

			80D7CE A9 00       LDA #$00               A:0100 X:0001 Y:00AF S:0134 D:0000 DB:86 nvMxdiZc V:  8 H:149 F:52
			80D7D0 EB          XBA                    A:0100 X:0001 Y:00AF S:0134 D:0000 DB:86 nvMxdiZc V:  8 H:152 F:52
			80D7D1 AD 11 1F    LDA $1F11     [861F11] A:0001 X:0001 Y:00AF S:0134 D:0000 DB:86 nvMxdizc V:  8 H:156 F:52
			80D7D4 AA          TAX                    A:0002 X:0001 Y:00AF S:0134 D:0000 DB:86 nvMxdizc V:  8 H:163 F:52
			80D7D5 7C D8 D7    JMP ($D7D8,X) [80D7DA] A:0002 X:0002 Y:00AF S:0134 D:0000 DB:86 nvMxdizc V:  8 H:166 F:52

			80D82C A9 10       LDA #$10               A:0002 X:0002 Y:00AF S:0134 D:0000 DB:86 nvMxdizc V:  8 H:175 F:52
			80D82E 85 E4       STA $E4       [0000E4] A:0010 X:0002 Y:00AF S:0134 D:0000 DB:86 nvMxdizc V:  8 H:178 F:52
			80D830 A9 04       LDA #$04               A:0010 X:0002 Y:00AF S:0134 D:0000 DB:86 nvMxdizc V:  8 H:183 F:52
			80D832 85 E5       STA $E5       [0000E5] A:0004 X:0002 Y:00AF S:0134 D:0000 DB:86 nvMxdizc V:  8 H:186 F:52
			80D834 AD CF 0B    LDA $0BCF     [860BCF] A:0004 X:0002 Y:00AF S:0134 D:0000 DB:86 nvMxdizc V:  8 H:191 F:52
			80D837 30 03       BMI $0003     [80D83C] A:0020 X:0002 Y:00AF S:0134 D:0000 DB:86 nvMxdizc V:  8 H:197 F:52
			80D839 4C EC D8    JMP $D8EC     [80D8EC] A:0020 X:0002 Y:00AF S:0134 D:0000 DB:86 nvMxdizc V:  8 H:200 F:52

			80D8EC A9 10       LDA #$10               A:0020 X:0002 Y:00AF S:0134 D:0000 DB:86 nvMxdizc V:  8 H:205 F:52
			80D8EE 85 E4       STA $E4       [0000E4] A:0010 X:0002 Y:00AF S:0134 D:0000 DB:86 nvMxdizc V:  8 H:208 F:52
			80D8F0 A9 04       LDA #$04               A:0010 X:0002 Y:00AF S:0134 D:0000 DB:86 nvMxdizc V:  8 H:213 F:52
			80D8F2 85 E5       STA $E5       [0000E5] A:0004 X:0002 Y:00AF S:0134 D:0000 DB:86 nvMxdizc V:  8 H:216 F:52
			80D8F4 60          RTS                    A:0004 X:0002 Y:00AF S:0134 D:0000 DB:86 nvMxdizc V:  8 H:221 F:52

		80D578 20 F5 D8    JSR $D8F5     [80D8F5] A:0004 X:0002 Y:00AF S:0136 D:0000 DB:86 nvMxdizc V:  8 H:231 F:52

			80D8F5 A9 00       LDA #$00               A:0004 X:0002 Y:00AF S:0134 D:0000 DB:86 nvMxdizc V:  8 H:241 F:52
			80D8F7 EB          XBA                    A:0000 X:0002 Y:00AF S:0134 D:0000 DB:86 nvMxdiZc V:  8 H:244 F:52
			80D8F8 AD 12 1F    LDA $1F12     [861F12] A:0000 X:0002 Y:00AF S:0134 D:0000 DB:86 nvMxdiZc V:  8 H:248 F:52
			80D8FB AA          TAX                    A:0006 X:0002 Y:00AF S:0134 D:0000 DB:86 nvMxdizc V:  8 H:255 F:52
			80D8FC 7C FF D8    JMP ($D8FF,X) [80D905] A:0006 X:0006 Y:00AF S:0134 D:0000 DB:86 nvMxdizc V:  8 H:258 F:52

			80D9F9 60          RTS                    A:0006 X:0006 Y:00AF S:0134 D:0000 DB:86 nvMxdizc V:  8 H:267 F:52

		80D57B 20 0E DA    JSR $DA0E     [80DA0E] A:0006 X:0006 Y:00AF S:0136 D:0000 DB:86 nvMxdizc V:  8 H:277 F:52

			80DA0E AE 0E 1F    LDX $1F0E     [861F0E] A:0006 X:0006 Y:00AF S:0134 D:0000 DB:86 nvMxdizc V:  8 H:287 F:52
			80DA11 F0 FA       BEQ $00FA     [80DA0D] A:0006 X:0E68 Y:00AF S:0134 D:0000 DB:86 nvMxdizc V:  8 H:295 F:52
			80DA13 A9 18       LDA #$18               A:0006 X:0E68 Y:00AF S:0134 D:0000 DB:86 nvMxdizc V:  8 H:298 F:52
			80DA15 85 E4       STA $E4       [0000E4] A:0018 X:0E68 Y:00AF S:0134 D:0000 DB:86 nvMxdizc V:  8 H:301 F:52
			80DA17 A9 06       LDA #$06               A:0018 X:0E68 Y:00AF S:0134 D:0000 DB:86 nvMxdizc V:  8 H:306 F:52
			80DA19 85 E5       STA $E5       [0000E5] A:0006 X:0E68 Y:00AF S:0134 D:0000 DB:86 nvMxdizc V:  8 H:309 F:52
			80DA1B A9 00       LDA #$00               A:0006 X:0E68 Y:00AF S:0134 D:0000 DB:86 nvMxdizc V:  8 H:314 F:52
			80DA1D EB          XBA                    A:0000 X:0E68 Y:00AF S:0134 D:0000 DB:86 nvMxdiZc V:  8 H:317 F:52
			80DA1E AD 10 1F    LDA $1F10     [861F10] A:0000 X:0E68 Y:00AF S:0134 D:0000 DB:86 nvMxdiZc V:  8 H:322 F:52
			80DA21 AA          TAX                    A:0002 X:0E68 Y:00AF S:0134 D:0000 DB:86 nvMxdizc V:  8 H:327 F:52
			80DA22 7C 25 DA    JMP ($DA25,X) [80DA27] A:0002 X:0002 Y:00AF S:0134 D:0000 DB:86 nvMxdizc V:  8 H:330 F:52

			80DA74 AC 0E 1F    LDY $1F0E     [861F0E] A:0002 X:0002 Y:00AF S:0134 D:0000 DB:86 nvMxdizc V:  8 H:339 F:52
			80DA77 B9 27 00    LDA $0027,Y   [860E8F] A:0002 X:0002 Y:0E68 S:0134 D:0000 DB:86 nvMxdizc V:  9 H:  8 F:52
			80DA7A 30 03       BMI $0003     [80DA7F] A:0020 X:0002 Y:0E68 S:0134 D:0000 DB:86 nvMxdizc V:  9 H: 16 F:52
			80DA7C 4C 12 DB    JMP $DB12     [80DB12] A:0020 X:0002 Y:0E68 S:0134 D:0000 DB:86 nvMxdizc V:  9 H: 19 F:52

			80DB12 60          RTS                    A:0020 X:0002 Y:0E68 S:0134 D:0000 DB:86 nvMxdizc V:  9 H: 23 F:52

		80D57E A9 8D       LDA #$8D               A:0020 X:0002 Y:0E68 S:0136 D:0000 DB:86 nvMxdizc V:  9 H: 33 F:52
		80D580 48          PHA                    A:008D X:0002 Y:0E68 S:0136 D:0000 DB:86 NvMxdizc V:  9 H: 36 F:52
		80D581 AB          PLB                    A:008D X:0002 Y:0E68 S:0135 D:0000 DB:86 NvMxdizc V:  9 H: 41 F:52
		80D582 20 DF D5    JSR $D5DF     [80D5DF] A:008D X:0002 Y:0E68 S:0136 D:0000 DB:8D NvMxdizc V:  9 H: 48 F:52

			80D5DF 64 0E       STZ $0E       [00000E] A:008D X:0002 Y:0E68 S:0134 D:0000 DB:8D NvMxdizc V:  9 H: 58 F:52
			80D5E1 A9 00       LDA #$00               A:008D X:0002 Y:0E68 S:0134 D:0000 DB:8D NvMxdizc V:  9 H: 63 F:52
			80D5E3 EB          XBA                    A:0000 X:0002 Y:0E68 S:0134 D:0000 DB:8D nvMxdiZc V:  9 H: 66 F:52
			80D5E4 A5 0E       LDA $0E       [00000E] A:0000 X:0002 Y:0E68 S:0134 D:0000 DB:8D nvMxdiZc V:  9 H: 70 F:52
			80D5E6 C5 E7       CMP $E7       [0000E7] A:0000 X:0002 Y:0E68 S:0134 D:0000 DB:8D nvMxdiZc V:  9 H: 75 F:52
			80D5E8 B0 0C       BCS $000C     [80D5F6] A:0000 X:0002 Y:0E68 S:0134 D:0000 DB:8D nvMxdiZC V:  9 H: 80 F:52
			80D5F6 64 0E       STZ $0E       [00000E] A:0000 X:0002 Y:0E68 S:0134 D:0000 DB:8D nvMxdiZC V:  9 H: 85 F:52
			80D5F8 A9 00       LDA #$00               A:0000 X:0002 Y:0E68 S:0134 D:0000 DB:8D nvMxdiZC V:  9 H: 90 F:52
			80D5FA EB          XBA                    A:0000 X:0002 Y:0E68 S:0134 D:0000 DB:8D nvMxdiZC V:  9 H: 93 F:52
			80D5FB A5 0E       LDA $0E       [00000E] A:0000 X:0002 Y:0E68 S:0134 D:0000 DB:8D nvMxdiZC V:  9 H: 97 F:52
			80D5FD C5 E8       CMP $E8       [0000E8] A:0000 X:0002 Y:0E68 S:0134 D:0000 DB:8D nvMxdiZC V:  9 H:102 F:52
			80D5FF B0 0C       BCS $000C     [80D60D] A:0000 X:0002 Y:0E68 S:0134 D:0000 DB:8D nvMxdiZC V:  9 H:107 F:52
			80D60D 64 0E       STZ $0E       [00000E] A:0000 X:0002 Y:0E68 S:0134 D:0000 DB:8D nvMxdiZC V:  9 H:112 F:52
			80D60F A9 00       LDA #$00               A:0000 X:0002 Y:0E68 S:0134 D:0000 DB:8D nvMxdiZC V:  9 H:117 F:52
			80D611 EB          XBA                    A:0000 X:0002 Y:0E68 S:0134 D:0000 DB:8D nvMxdiZC V:  9 H:120 F:52
			80D612 A5 0E       LDA $0E       [00000E] A:0000 X:0002 Y:0E68 S:0134 D:0000 DB:8D nvMxdiZC V:  9 H:124 F:52
			80D614 C5 E9       CMP $E9       [0000E9] A:0000 X:0002 Y:0E68 S:0134 D:0000 DB:8D nvMxdiZC V:  9 H:129 F:52
			80D616 B0 0C       BCS $000C     [80D624] A:0000 X:0002 Y:0E68 S:0134 D:0000 DB:8D nvMxdiZC V:  9 H:144 F:52
			80D624 60          RTS                    A:0000 X:0002 Y:0E68 S:0134 D:0000 DB:8D nvMxdiZC V:  9 H:149 F:52

		80D585 20 6B D6    JSR $D66B     [80D66B] A:0000 X:0002 Y:0E68 S:0136 D:0000 DB:8D nvMxdiZC V:  9 H:159 F:52

			80D66B AD 38 0C    LDA $0C38     [8D0C38] A:0000 X:0002 Y:0E68 S:0134 D:0000 DB:8D nvMxdiZC V:  9 H:169 F:52
			80D66E F0 0B       BEQ $000B     [80D67B] A:0001 X:0002 Y:0E68 S:0134 D:0000 DB:8D nvMxdizC V:  9 H:175 F:52
			80D670 AD 46 0C    LDA $0C46     [8D0C46] A:0001 X:0002 Y:0E68 S:0134 D:0000 DB:8D nvMxdizC V:  9 H:178 F:52
			80D673 F0 06       BEQ $0006     [80D67B] A:0001 X:0002 Y:0E68 S:0134 D:0000 DB:8D nvMxdizC V:  9 H:185 F:52
			80D675 A2 38 0C    LDX #$0C38             A:0001 X:0002 Y:0E68 S:0134 D:0000 DB:8D nvMxdizC V:  9 H:188 F:52
			80D678 20 A7 D6    JSR $D6A7     [80D6A7] A:0001 X:0C38 Y:0E68 S:0134 D:0000 DB:8D nvMxdizC V:  9 H:192 F:52

				80D6A7 B5 11       LDA $11,X     [000C49] A:0001 X:0C38 Y:0E68 S:0132 D:0000 DB:8D nvMxdizC V:  9 H:202 F:52
				80D6A9 29 40       AND #$40               A:0062 X:0C38 Y:0E68 S:0132 D:0000 DB:8D nvMxdizC V:  9 H:209 F:52
				80D6AB 85 0B       STA $0B       [00000B] A:0040 X:0C38 Y:0E68 S:0132 D:0000 DB:8D nvMxdizC V:  9 H:212 F:52
				80D6AD B5 11       LDA $11,X     [000C49] A:0040 X:0C38 Y:0E68 S:0132 D:0000 DB:8D nvMxdizC V:  9 H:217 F:52
				80D6AF 29 3F       AND #$3F               A:0062 X:0C38 Y:0E68 S:0132 D:0000 DB:8D nvMxdizC V:  9 H:223 F:52
				80D6B1 85 0F       STA $0F       [00000F] A:0022 X:0C38 Y:0E68 S:0132 D:0000 DB:8D nvMxdizC V:  9 H:226 F:52
				80D6B3 B5 18       LDA $18,X     [000C50] A:0022 X:0C38 Y:0E68 S:0132 D:0000 DB:8D nvMxdizC V:  9 H:231 F:52
				80D6B5 85 10       STA $10       [000010] A:0000 X:0C38 Y:0E68 S:0132 D:0000 DB:8D nvMxdiZC V:  9 H:238 F:52
				80D6B7 64 19       STZ $19       [000019] A:0000 X:0C38 Y:0E68 S:0132 D:0000 DB:8D nvMxdiZC V:  9 H:243 F:52
				80D6B9 B5 19       LDA $19,X     [000C51] A:0000 X:0C38 Y:0E68 S:0132 D:0000 DB:8D nvMxdiZC V:  9 H:248 F:52
				80D6BB 10 02       BPL $0002     [80D6BF] A:0000 X:0C38 Y:0E68 S:0132 D:0000 DB:8D nvMxdiZC V:  9 H:254 F:52
				80D6BF 85 18       STA $18       [000018] A:0000 X:0C38 Y:0E68 S:0132 D:0000 DB:8D nvMxdiZC V:  9 H:259 F:52
				80D6C1 C2 21       REP #$21               A:0000 X:0C38 Y:0E68 S:0132 D:0000 DB:8D nvMxdiZC V:  9 H:264 F:52
				80D6C3 B5 08       LDA $08,X     [000C40] A:0000 X:0C38 Y:0E68 S:0132 D:0000 DB:8D nvmxdiZc V:  9 H:268 F:52
				80D6C5 65 18       ADC $18       [000018] A:01AF X:0C38 Y:0E68 S:0132 D:0000 DB:8D nvmxdizc V:  9 H:277 F:52
				80D6C7 38          SEC                    A:01AF X:0C38 Y:0E68 S:0132 D:0000 DB:8D nvmxdizc V:  9 H:284 F:52
				80D6C8 ED 50 1E    SBC $1E50     [8D1E50] A:01AF X:0C38 Y:0E68 S:0132 D:0000 DB:8D nvmxdizC V:  9 H:287 F:52
				80D6CB 85 02       STA $02       [000002] A:00AF X:0C38 Y:0E68 S:0132 D:0000 DB:8D nvmxdizC V:  9 H:295 F:52
				80D6CD B5 05       LDA $05,X     [000C3D] A:00AF X:0C38 Y:0E68 S:0132 D:0000 DB:8D nvmxdizC V:  9 H:302 F:52
				80D6CF 38          SEC                    A:1E1D X:0C38 Y:0E68 S:0132 D:0000 DB:8D nvmxdizC V:  9 H:311 F:52
				80D6D0 ED 4D 1E    SBC $1E4D     [8D1E4D] A:1E1D X:0C38 Y:0E68 S:0132 D:0000 DB:8D nvmxdizC V:  9 H:314 F:52
				80D6D3 85 00       STA $00       [000000] A:001D X:0C38 Y:0E68 S:0132 D:0000 DB:8D nvmxdizC V:  9 H:322 F:52
				80D6D5 DA          PHX                    A:001D X:0C38 Y:0E68 S:0132 D:0000 DB:8D nvmxdizC V:  9 H:328 F:52
				80D6D6 B5 16       LDA $16,X     [000C4E] A:001D X:0C38 Y:0E68 S:0130 D:0000 DB:8D nvmxdizC V:  9 H:335 F:52
				80D6D8 29 FF 00    AND #$00FF             A:005D X:0C38 Y:0E68 S:0130 D:0000 DB:8D nvmxdizC V: 10 H:  4 F:52
				80D6DB 85 14       STA $14       [000014] A:005D X:0C38 Y:0E68 S:0130 D:0000 DB:8D nvmxdizC V: 10 H:  8 F:52
				80D6DD 0A          ASL A                  A:005D X:0C38 Y:0E68 S:0130 D:0000 DB:8D nvmxdizC V: 10 H: 15 F:52
				80D6DE 18          CLC                    A:00BA X:0C38 Y:0E68 S:0130 D:0000 DB:8D nvmxdizc V: 10 H: 18 F:52
				80D6DF 65 14       ADC $14       [000014] A:00BA X:0C38 Y:0E68 S:0130 D:0000 DB:8D nvmxdizc V: 10 H: 21 F:52
				80D6E1 AA          TAX                    A:0117 X:0C38 Y:0E68 S:0130 D:0000 DB:8D nvmxdizc V: 10 H: 28 F:52
				80D6E2 BF 00 80 8D LDA $8D8000,X [8D8117] A:0117 X:0117 Y:0E68 S:0130 D:0000 DB:8D nvmxdizc V: 10 H: 31 F:52
				80D6E6 85 1C       STA $1C       [00001C] A:979D X:0117 Y:0E68 S:0130 D:0000 DB:8D Nvmxdizc V: 10 H: 40 F:52
				80D6E8 BF 02 80 8D LDA $8D8002,X [8D8119] A:979D X:0117 Y:0E68 S:0130 D:0000 DB:8D Nvmxdizc V: 10 H: 47 F:52
				80D6EC 85 1E       STA $1E       [00001E] A:9C8D X:0117 Y:0E68 S:0130 D:0000 DB:8D Nvmxdizc V: 10 H: 56 F:52
				80D6EE FA          PLX                    A:9C8D X:0117 Y:0E68 S:0130 D:0000 DB:8D Nvmxdizc V: 10 H: 63 F:52
				80D6EF B5 17       LDA $17,X     [000C4F] A:9C8D X:0C38 Y:0E68 S:0132 D:0000 DB:8D nvmxdizc V: 10 H: 72 F:52
				80D6F1 29 7F 00    AND #$007F             A:0000 X:0C38 Y:0E68 S:0132 D:0000 DB:8D nvmxdiZc V: 10 H: 80 F:52
				80D6F4 85 14       STA $14       [000014] A:0000 X:0C38 Y:0E68 S:0132 D:0000 DB:8D nvmxdiZc V: 10 H: 85 F:52
				80D6F6 0A          ASL A                  A:0000 X:0C38 Y:0E68 S:0132 D:0000 DB:8D nvmxdiZc V: 10 H: 92 F:52
				80D6F7 18          CLC                    A:0000 X:0C38 Y:0E68 S:0132 D:0000 DB:8D nvmxdiZc V: 10 H: 95 F:52
				80D6F8 65 14       ADC $14       [000014] A:0000 X:0C38 Y:0E68 S:0132 D:0000 DB:8D nvmxdiZc V: 10 H: 98 F:52
				80D6FA A8          TAY                    A:0000 X:0C38 Y:0E68 S:0132 D:0000 DB:8D nvmxdiZc V: 10 H:105 F:52
				80D6FB B7 1C       LDA [$1C],Y   [8D979D] A:0000 X:0C38 Y:0000 S:0132 D:0000 DB:8D nvmxdiZc V: 10 H:108 F:52
				80D6FD 85 18       STA $18       [000018] A:F5E2 X:0C38 Y:0000 S:0132 D:0000 DB:8D Nvmxdizc V: 10 H:120 F:52
				80D6FF C8          INY                    A:F5E2 X:0C38 Y:0000 S:0132 D:0000 DB:8D Nvmxdizc V: 10 H:127 F:52
				80D700 B7 1C       LDA [$1C],Y   [8D979E] A:F5E2 X:0C38 Y:0001 S:0132 D:0000 DB:8D nvmxdizc V: 10 H:130 F:52
				80D702 85 19       STA $19       [000019] A:8FF5 X:0C38 Y:0001 S:0132 D:0000 DB:8D Nvmxdizc V: 10 H:152 F:52
				80D704 A5 E4       LDA $E4       [0000E4] A:8FF5 X:0C38 Y:0001 S:0132 D:0000 DB:8D Nvmxdizc V: 10 H:159 F:52
				80D706 29 7F 00    AND #$007F             A:0618 X:0C38 Y:0001 S:0132 D:0000 DB:8D nvmxdizc V: 10 H:166 F:52
				80D709 0A          ASL A                  A:0018 X:0C38 Y:0001 S:0132 D:0000 DB:8D nvmxdizc V: 10 H:170 F:52
				80D70A 0A          ASL A                  A:0030 X:0C38 Y:0001 S:0132 D:0000 DB:8D nvmxdizc V: 10 H:173 F:52
				80D70B AA          TAX                    A:0060 X:0C38 Y:0001 S:0132 D:0000 DB:8D nvmxdizc V: 10 H:176 F:52
				80D70C E2 20       SEP #$20               A:0060 X:0060 Y:0001 S:0132 D:0000 DB:8D nvmxdizc V: 10 H:179 F:52
				80D70E A0 00 00    LDY #$0000             A:0060 X:0060 Y:0001 S:0132 D:0000 DB:8D nvMxdizc V: 10 H:184 F:52
				80D711 B7 18       LDA [$18],Y   [8FF5E2] A:0060 X:0060 Y:0000 S:0132 D:0000 DB:8D nvMxdiZc V: 10 H:188 F:52
				80D713 85 0C       STA $0C       [00000C] A:0002 X:0060 Y:0000 S:0132 D:0000 DB:8D nvMxdizc V: 10 H:199 F:52
				80D715 20 6A D7    JSR $D76A     [80D76A] A:0002 X:0060 Y:0000 S:0132 D:0000 DB:8D nvMxdizc V: 10 H:204 F:52

					80D76A A0 04 00    LDY #$0004             A:0002 X:0060 Y:0000 S:0130 D:0000 DB:8D nvMxdizc V: 10 H:214 F:52
					80D76D B7 18       LDA [$18],Y   [8FF5E6] A:0002 X:0060 Y:0004 S:0130 D:0000 DB:8D nvMxdizc V: 10 H:218 F:52
					80D76F 29 20       AND #$20               A:0000 X:0060 Y:0004 S:0130 D:0000 DB:8D nvMxdiZc V: 10 H:229 F:52
					80D771 0A          ASL A                  A:0000 X:0060 Y:0004 S:0130 D:0000 DB:8D nvMxdiZc V: 10 H:232 F:52
					80D772 0A          ASL A                  A:0000 X:0060 Y:0004 S:0130 D:0000 DB:8D nvMxdiZc V: 10 H:235 F:52
					80D773 85 0D       STA $0D       [00000D] A:0000 X:0060 Y:0004 S:0130 D:0000 DB:8D nvMxdiZc V: 10 H:238 F:52
					80D775 C2 20       REP #$20               A:0000 X:0060 Y:0004 S:0130 D:0000 DB:8D nvMxdiZc V: 10 H:243 F:52
					80D777 D0 05       BNE $0005     [80D77E] A:0000 X:0060 Y:0004 S:0130 D:0000 DB:8D nvmxdiZc V: 10 H:247 F:52
					80D779 A9 F8 FF    LDA #$FFF8             A:0000 X:0060 Y:0004 S:0130 D:0000 DB:8D nvmxdiZc V: 10 H:250 F:52
					80D77C 80 03       BRA $0003     [80D781] A:FFF8 X:0060 Y:0004 S:0130 D:0000 DB:8D Nvmxdizc V: 10 H:255 F:52
					80D781 85 08       STA $08       [000008] A:FFF8 X:0060 Y:0004 S:0130 D:0000 DB:8D Nvmxdizc V: 10 H:259 F:52
					80D783 A0 01 00    LDY #$0001             A:FFF8 X:0060 Y:0004 S:0130 D:0000 DB:8D Nvmxdizc V: 10 H:266 F:52
					80D786 B7 18       LDA [$18],Y   [8FF5E3] A:FFF8 X:0060 Y:0001 S:0130 D:0000 DB:8D nvmxdizc V: 10 H:271 F:52
					80D788 89 80 00    BIT #$0080             A:FC01 X:0060 Y:0001 S:0130 D:0000 DB:8D Nvmxdizc V: 10 H:283 F:52
					80D78B D0 05       BNE $0005     [80D792] A:FC01 X:0060 Y:0001 S:0130 D:0000 DB:8D NvmxdiZc V: 10 H:287 F:52
					80D78D 29 FF 00    AND #$00FF             A:FC01 X:0060 Y:0001 S:0130 D:0000 DB:8D NvmxdiZc V: 10 H:290 F:52
					80D790 80 03       BRA $0003     [80D795] A:0001 X:0060 Y:0001 S:0130 D:0000 DB:8D nvmxdizc V: 10 H:295 F:52
					80D795 24 0A       BIT $0A       [00000A] A:0001 X:0060 Y:0001 S:0130 D:0000 DB:8D nvmxdizc V: 10 H:299 F:52
					80D797 50 06       BVC $0006     [80D79F] A:0001 X:0060 Y:0001 S:0130 D:0000 DB:8D nVmxdiZc V: 10 H:306 F:52
					80D799 38          SEC                    A:0001 X:0060 Y:0001 S:0130 D:0000 DB:8D nVmxdiZc V: 10 H:309 F:52
					80D79A 49 FF FF    EOR #$FFFF             A:0001 X:0060 Y:0001 S:0130 D:0000 DB:8D nVmxdiZC V: 10 H:312 F:52
					80D79D 65 08       ADC $08       [000008] A:FFFE X:0060 Y:0001 S:0130 D:0000 DB:8D NVmxdizC V: 10 H:317 F:52
					80D79F 18          CLC                    A:FFF7 X:0060 Y:0001 S:0130 D:0000 DB:8D NvmxdizC V: 10 H:323 F:52
					80D7A0 65 00       ADC $00       [000000] A:FFF7 X:0060 Y:0001 S:0130 D:0000 DB:8D Nvmxdizc V: 10 H:326 F:52
					80D7A2 9D 00 07    STA $0700,X   [8D0760] A:0014 X:0060 Y:0001 S:0130 D:0000 DB:8D nvmxdizC V: 10 H:333 F:52
					80D7A5 85 04       STA $04       [000004] A:0014 X:0060 Y:0001 S:0130 D:0000 DB:8D nvmxdizC V: 11 H:  3 F:52
					80D7A7 18          CLC                    A:0014 X:0060 Y:0001 S:0130 D:0000 DB:8D nvmxdizC V: 11 H: 10 F:52
					80D7A8 69 10 00    ADC #$0010             A:0014 X:0060 Y:0001 S:0130 D:0000 DB:8D nvmxdizc V: 11 H: 13 F:52
					80D7AB C9 0F 01    CMP #$010F             A:0024 X:0060 Y:0001 S:0130 D:0000 DB:8D nvmxdizc V: 11 H: 17 F:52
					80D7AE B0 1D       BCS $001D     [80D7CD] A:0024 X:0060 Y:0001 S:0130 D:0000 DB:8D Nvmxdizc V: 11 H: 22 F:52
					80D7B0 C8          INY                    A:0024 X:0060 Y:0001 S:0130 D:0000 DB:8D Nvmxdizc V: 11 H: 25 F:52
					80D7B1 B7 18       LDA [$18],Y   [8FF5E4] A:0024 X:0060 Y:0002 S:0130 D:0000 DB:8D nvmxdizc V: 11 H: 28 F:52
					80D7B3 89 80 00    BIT #$0080             A:0DFC X:0060 Y:0002 S:0130 D:0000 DB:8D nvmxdizc V: 11 H: 40 F:52
					80D7B6 D0 05       BNE $0005     [80D7BD] A:0DFC X:0060 Y:0002 S:0130 D:0000 DB:8D nvmxdizc V: 11 H: 44 F:52
					80D7BD 09 00 FF    ORA #$FF00             A:0DFC X:0060 Y:0002 S:0130 D:0000 DB:8D nvmxdizc V: 11 H: 49 F:52
					80D7C0 18          CLC                    A:FFFC X:0060 Y:0002 S:0130 D:0000 DB:8D Nvmxdizc V: 11 H: 53 F:52
					80D7C1 65 02       ADC $02       [000002] A:FFFC X:0060 Y:0002 S:0130 D:0000 DB:8D Nvmxdizc V: 11 H: 56 F:52
					80D7C3 9D 01 07    STA $0701,X   [8D0761] A:00AB X:0060 Y:0002 S:0130 D:0000 DB:8D nvmxdizC V: 11 H: 63 F:52
					80D7C6 18          CLC                    A:00AB X:0060 Y:0002 S:0130 D:0000 DB:8D nvmxdizC V: 11 H: 73 F:52
					80D7C7 69 0F 00    ADC #$000F             A:00AB X:0060 Y:0002 S:0130 D:0000 DB:8D nvmxdizc V: 11 H: 76 F:52
					80D7CA C9 EF 00    CMP #$00EF             A:00BA X:0060 Y:0002 S:0130 D:0000 DB:8D nvmxdizc V: 11 H: 81 F:52
					80D7CD 60          RTS                    A:00BA X:0060 Y:0002 S:0130 D:0000 DB:8D Nvmxdizc V: 11 H: 85 F:52

				80D718 E2 20       SEP #$20               A:00BA X:0060 Y:0002 S:0132 D:0000 DB:8D Nvmxdizc V: 11 H: 95 F:52
				80D71A B0 3C       BCS $003C     [80D758] A:00BA X:0060 Y:0002 S:0132 D:0000 DB:8D NvMxdizc V: 11 H:100 F:52
				80D71C A0 03 00    LDY #$0003             A:00BA X:0060 Y:0002 S:0132 D:0000 DB:8D NvMxdizc V: 11 H:103 F:52
				80D71F B7 18       LDA [$18],Y   [8FF5E5] A:00BA X:0060 Y:0003 S:0132 D:0000 DB:8D nvMxdizc V: 11 H:107 F:52
				80D721 65 10       ADC $10       [000010] A:000D X:0060 Y:0003 S:0132 D:0000 DB:8D nvMxdizc V: 11 H:118 F:52
				80D723 9D 02 07    STA $0702,X   [8D0762] A:000D X:0060 Y:0003 S:0132 D:0000 DB:8D nvMxdizc V: 11 H:123 F:52
				80D726 C8          INY                    A:000D X:0060 Y:0003 S:0132 D:0000 DB:8D nvMxdizc V: 11 H:131 F:52
				80D727 B7 18       LDA [$18],Y   [8FF5E6] A:000D X:0060 Y:0004 S:0132 D:0000 DB:8D nvMxdizc V: 11 H:144 F:52
				80D729 29 CE       AND #$CE               A:0000 X:0060 Y:0004 S:0132 D:0000 DB:8D nvMxdiZc V: 11 H:154 F:52
				80D72B 05 0F       ORA $0F       [00000F] A:0000 X:0060 Y:0004 S:0132 D:0000 DB:8D nvMxdiZc V: 11 H:157 F:52
				80D72D 45 0B       EOR $0B       [00000B] A:0022 X:0060 Y:0004 S:0132 D:0000 DB:8D nvMxdizc V: 11 H:162 F:52
				80D72F 9D 03 07    STA $0703,X   [8D0763] A:0062 X:0060 Y:0004 S:0132 D:0000 DB:8D nvMxdizc V: 11 H:167 F:52
				80D732 E8          INX                    A:0062 X:0060 Y:0004 S:0132 D:0000 DB:8D nvMxdizc V: 11 H:175 F:52
				80D733 E8          INX                    A:0062 X:0061 Y:0004 S:0132 D:0000 DB:8D nvMxdizc V: 11 H:178 F:52
				80D734 E8          INX                    A:0062 X:0062 Y:0004 S:0132 D:0000 DB:8D nvMxdizc V: 11 H:181 F:52
				80D735 E8          INX                    A:0062 X:0063 Y:0004 S:0132 D:0000 DB:8D nvMxdizc V: 11 H:184 F:52
				80D736 A5 05       LDA $05       [000005] A:0062 X:0064 Y:0004 S:0132 D:0000 DB:8D nvMxdizc V: 11 H:187 F:52
				80D738 4A          LSR A                  A:0000 X:0064 Y:0004 S:0132 D:0000 DB:8D nvMxdiZc V: 11 H:192 F:52
				80D739 66 E6       ROR $E6       [0000E6] A:0000 X:0064 Y:0004 S:0132 D:0000 DB:8D nvMxdiZc V: 11 H:195 F:52
				80D73B 06 0D       ASL $0D       [00000D] A:0000 X:0064 Y:0004 S:0132 D:0000 DB:8D nvMxdiZc V: 11 H:204 F:52
				80D73D 66 E6       ROR $E6       [0000E6] A:0000 X:0064 Y:0004 S:0132 D:0000 DB:8D nvMxdiZc V: 11 H:212 F:52
				80D73F E6 E4       INC $E4       [0000E4] A:0000 X:0064 Y:0004 S:0132 D:0000 DB:8D nvMxdiZc V: 11 H:221 F:52
				80D741 A5 E4       LDA $E4       [0000E4] A:0000 X:0064 Y:0004 S:0132 D:0000 DB:8D nvMxdizc V: 11 H:229 F:52
				80D743 29 03       AND #$03               A:0019 X:0064 Y:0004 S:0132 D:0000 DB:8D nvMxdizc V: 11 H:234 F:52
				80D745 D0 11       BNE $0011     [80D758] A:0001 X:0064 Y:0004 S:0132 D:0000 DB:8D nvMxdizc V: 11 H:237 F:52
				80D758 A4 18       LDY $18       [000018] A:0001 X:0064 Y:0004 S:0132 D:0000 DB:8D nvMxdizc V: 11 H:242 F:52
				80D75A C8          INY                    A:0001 X:0064 Y:F5E2 S:0132 D:0000 DB:8D NvMxdizc V: 11 H:249 F:52
				80D75B C8          INY                    A:0001 X:0064 Y:F5E3 S:0132 D:0000 DB:8D NvMxdizc V: 11 H:252 F:52
				80D75C C8          INY                    A:0001 X:0064 Y:F5E4 S:0132 D:0000 DB:8D NvMxdizc V: 11 H:255 F:52
				80D75D C8          INY                    A:0001 X:0064 Y:F5E5 S:0132 D:0000 DB:8D NvMxdizc V: 11 H:258 F:52
				80D75E 84 18       STY $18       [000018] A:0001 X:0064 Y:F5E6 S:0132 D:0000 DB:8D NvMxdizc V: 11 H:261 F:52
				80D760 C6 0C       DEC $0C       [00000C] A:0001 X:0064 Y:F5E6 S:0132 D:0000 DB:8D NvMxdizc V: 11 H:268 F:52
				80D762 D0 B1       BNE $00B1     [80D715] A:0001 X:0064 Y:F5E6 S:0132 D:0000 DB:8D nvMxdizc V: 11 H:276 F:52
				80D792 09 00 FF    ORA #$FF00             A:FCF1 X:0064 Y:0001 S:0130 D:0000 DB:8D Nvmxdizc V: 12 H: 28 F:52
				80D764 60          RTS                    A:0002 X:0068 Y:F5EA S:0132 D:0000 DB:8D nvMxdiZc V: 13 H: 12 F:52

			80D67B AD 58 0C    LDA $0C58     [8D0C58] A:0002 X:0068 Y:F5EA S:0134 D:0000 DB:8D nvMxdiZc V: 13 H: 22 F:52
			80D67E F0 0B       BEQ $000B     [80D68B] A:0001 X:0068 Y:F5EA S:0134 D:0000 DB:8D nvMxdizc V: 13 H: 29 F:52
			80D680 AD 66 0C    LDA $0C66     [8D0C66] A:0001 X:0068 Y:F5EA S:0134 D:0000 DB:8D nvMxdizc V: 13 H: 32 F:52
			80D683 F0 06       BEQ $0006     [80D68B] A:0001 X:0068 Y:F5EA S:0134 D:0000 DB:8D nvMxdizc V: 13 H: 38 F:52
			80D685 A2 58 0C    LDX #$0C58             A:0001 X:0068 Y:F5EA S:0134 D:0000 DB:8D nvMxdizc V: 13 H: 41 F:52
			80D688 20 A7 D6    JSR $D6A7     [80D6A7] A:0001 X:0C58 Y:F5EA S:0134 D:0000 DB:8D nvMxdizc V: 13 H: 46 F:52

				80D747 DA          PHX                    A:0000 X:0070 Y:0004 S:0132 D:0000 DB:8D nvMxdiZc V: 16 H:178 F:52
				80D748 A5 E5       LDA $E5       [0000E5] A:0000 X:0070 Y:0004 S:0130 D:0000 DB:8D nvMxdiZc V: 16 H:185 F:52
				80D74A AA          TAX                    A:0006 X:0070 Y:0004 S:0130 D:0000 DB:8D nvMxdizc V: 16 H:190 F:52
				80D74B A5 E6       LDA $E6       [0000E6] A:0006 X:0006 Y:0004 S:0130 D:0000 DB:8D nvMxdizc V: 16 H:193 F:52
				80D74D 9D 00 09    STA $0900,X   [8D0906] A:0000 X:0006 Y:0004 S:0130 D:0000 DB:8D nvMxdiZc V: 16 H:198 F:52
				80D750 E6 E5       INC $E5       [0000E5] A:0000 X:0006 Y:0004 S:0130 D:0000 DB:8D nvMxdiZc V: 16 H:206 F:52
				80D752 E0 1F 00    CPX #$001F             A:0000 X:0006 Y:0004 S:0130 D:0000 DB:8D nvMxdizc V: 16 H:214 F:52
				80D755 FA          PLX                    A:0000 X:0006 Y:0004 S:0130 D:0000 DB:8D NvMxdizc V: 16 H:219 F:52
				80D756 B0 0D       BCS $000D     [80D765] A:0000 X:0070 Y:0004 S:0132 D:0000 DB:8D nvMxdizc V: 16 H:227 F:52
				80D68B AD 78 0C    LDA $0C78     [8D0C78] A:0001 X:0074 Y:F96E S:0134 D:0000 DB:8D nvMxdiZc V: 18 H: 11 F:52
				80D68E F0 0B       BEQ $000B     [80D69B] A:0001 X:0074 Y:F96E S:0134 D:0000 DB:8D nvMxdizc V: 18 H: 17 F:52
				80D690 AD 86 0C    LDA $0C86     [8D0C86] A:0001 X:0074 Y:F96E S:0134 D:0000 DB:8D nvMxdizc V: 18 H: 20 F:52
				80D693 F0 06       BEQ $0006     [80D69B] A:0001 X:0074 Y:F96E S:0134 D:0000 DB:8D nvMxdizc V: 18 H: 27 F:52
				80D695 A2 78 0C    LDX #$0C78             A:0001 X:0074 Y:F96E S:0134 D:0000 DB:8D nvMxdizc V: 18 H: 30 F:52
				80D698 20 A7 D6    JSR $D6A7     [80D6A7] A:0001 X:0C78 Y:F96E S:0134 D:0000 DB:8D nvMxdizc V: 18 H: 34 F:52

					80D7B8 29 FF 00    AND #$00FF             A:1B00 X:0074 Y:0002 S:0130 D:0000 DB:8D nvmxdiZc V: 19 H:237 F:52
					80D7BB 80 03       BRA $0003     [80D7C0] A:0000 X:0074 Y:0002 S:0130 D:0000 DB:8D nvmxdiZc V: 19 H:242 F:52

			80D69B 60          RTS                    A:0003 X:008C Y:FBD3 S:0134 D:0000 DB:8D nvMxdiZc V: 26 H:255 F:52

		80D588 20 9C D6    JSR $D69C     [80D69C] A:0003 X:008C Y:FBD3 S:0136 D:0000 DB:8D nvMxdiZc V: 26 H:265 F:52

			80D69C A2 A8 0B    LDX #$0BA8             A:0003 X:008C Y:FBD3 S:0134 D:0000 DB:8D nvMxdiZc V: 26 H:275 F:52
			80D69F B5 0E       LDA $0E,X     [000BB6] A:0003 X:0BA8 Y:FBD3 S:0134 D:0000 DB:8D nvMxdizc V: 26 H:280 F:52
			80D6A1 F0 03       BEQ $0003     [80D6A6] A:0001 X:0BA8 Y:FBD3 S:0134 D:0000 DB:8D nvMxdizc V: 26 H:286 F:52
			80D6A3 20 A7 D6    JSR $D6A7     [80D6A7] A:0001 X:0BA8 Y:FBD3 S:0134 D:0000 DB:8D nvMxdizc V: 26 H:289 F:52

			80D77E A9 F0 FF    LDA #$FFF0             A:0080 X:0090 Y:0004 S:0130 D:0000 DB:8D Nvmxdizc V: 29 H:133 F:52
			80D6A6 60          RTS                    A:0003 X:00AC Y:F162 S:0134 D:0000 DB:8D nvMxdiZc V: 38 H: 18 F:52

		80D58B 20 25 D6    JSR $D625     [80D625] A:0003 X:00AC Y:F162 S:0136 D:0000 DB:8D nvMxdiZc V: 38 H: 28 F:52

			80D625 64 0E       STZ $0E       [00000E] A:0003 X:00AC Y:F162 S:0134 D:0000 DB:8D nvMxdiZc V: 38 H: 38 F:52
			80D627 A9 00       LDA #$00               A:0003 X:00AC Y:F162 S:0134 D:0000 DB:8D nvMxdiZc V: 38 H: 43 F:52
			80D629 EB          XBA                    A:0000 X:00AC Y:F162 S:0134 D:0000 DB:8D nvMxdiZc V: 38 H: 46 F:52
			80D62A A5 0E       LDA $0E       [00000E] A:0000 X:00AC Y:F162 S:0134 D:0000 DB:8D nvMxdiZc V: 38 H: 51 F:52
			80D62C C5 EA       CMP $EA       [0000EA] A:0000 X:00AC Y:F162 S:0134 D:0000 DB:8D nvMxdiZc V: 38 H: 56 F:52
			80D62E B0 0C       BCS $000C     [80D63C] A:0000 X:00AC Y:F162 S:0134 D:0000 DB:8D NvMxdizc V: 38 H: 61 F:52
			80D630 0A          ASL A                  A:0000 X:00AC Y:F162 S:0134 D:0000 DB:8D NvMxdizc V: 38 H: 64 F:52
			80D631 A8          TAY                    A:0000 X:00AC Y:F162 S:0134 D:0000 DB:8D nvMxdiZc V: 38 H: 67 F:52
			80D632 BE E0 09    LDX $09E0,Y   [8D09E0] A:0000 X:00AC Y:0000 S:0134 D:0000 DB:8D nvMxdiZc V: 38 H: 70 F:52
			80D635 20 A7 D6    JSR $D6A7     [80D6A7] A:0000 X:1628 Y:0000 S:0134 D:0000 DB:8D nvMxdizc V: 38 H: 80 F:52

			80D638 E6 0E       INC $0E       [00000E] A:0002 X:00B8 Y:A835 S:0134 D:0000 DB:8D nvMxdiZc V: 43 H: 12 F:52
			80D63A 80 EB       BRA $00EB     [80D627] A:0002 X:00B8 Y:A835 S:0134 D:0000 DB:8D nvMxdizc V: 43 H: 20 F:52
			80D63C 64 0E       STZ $0E       [00000E] A:0002 X:0104 Y:A24C S:0134 D:0000 DB:8D nvMxdiZC V: 67 H:246 F:52
			80D63E A9 00       LDA #$00               A:0002 X:0104 Y:A24C S:0134 D:0000 DB:8D nvMxdiZC V: 67 H:251 F:52
			80D640 EB          XBA                    A:0000 X:0104 Y:A24C S:0134 D:0000 DB:8D nvMxdiZC V: 67 H:254 F:52
			80D641 A5 0E       LDA $0E       [00000E] A:0000 X:0104 Y:A24C S:0134 D:0000 DB:8D nvMxdiZC V: 67 H:259 F:52
			80D643 C5 EB       CMP $EB       [0000EB] A:0000 X:0104 Y:A24C S:0134 D:0000 DB:8D nvMxdiZC V: 67 H:264 F:52
			80D645 B0 0C       BCS $000C     [80D653] A:0000 X:0104 Y:A24C S:0134 D:0000 DB:8D nvMxdiZC V: 67 H:269 F:52
			80D653 64 0E       STZ $0E       [00000E] A:0000 X:0104 Y:A24C S:0134 D:0000 DB:8D nvMxdiZC V: 67 H:273 F:52
			80D655 A9 00       LDA #$00               A:0000 X:0104 Y:A24C S:0134 D:0000 DB:8D nvMxdiZC V: 67 H:278 F:52
			80D657 EB          XBA                    A:0000 X:0104 Y:A24C S:0134 D:0000 DB:8D nvMxdiZC V: 67 H:281 F:52
			80D658 A5 0E       LDA $0E       [00000E] A:0000 X:0104 Y:A24C S:0134 D:0000 DB:8D nvMxdiZC V: 67 H:286 F:52
			80D65A C5 EC       CMP $EC       [0000EC] A:0000 X:0104 Y:A24C S:0134 D:0000 DB:8D nvMxdiZC V: 67 H:291 F:52
			80D65C B0 0C       BCS $000C     [80D66A] A:0000 X:0104 Y:A24C S:0134 D:0000 DB:8D nvMxdiZC V: 67 H:296 F:52
			80D66A 60          RTS                    A:0000 X:0104 Y:A24C S:0134 D:0000 DB:8D nvMxdiZC V: 67 H:300 F:52

		80D58E E2 30       SEP #$30               A:0000 X:0104 Y:A24C S:0136 D:0000 DB:8D nvMxdiZC V: 67 H:310 F:52
		80D590 A5 E4       LDA $E4       [0000E4] A:0000 X:0004 Y:004C S:0136 D:0000 DB:8D nvMXdiZC V: 67 H:315 F:52
		80D592 29 03       AND #$03               A:0041 X:0004 Y:004C S:0136 D:0000 DB:8D nvMXdizC V: 67 H:320 F:52
		80D594 F0 10       BEQ $0010     [80D5A6] A:0001 X:0004 Y:004C S:0136 D:0000 DB:8D nvMXdizC V: 67 H:323 F:52
		80D596 46 E6       LSR $E6       [0000E6] A:0001 X:0004 Y:004C S:0136 D:0000 DB:8D nvMXdizC V: 67 H:325 F:52
		80D598 46 E6       LSR $E6       [0000E6] A:0001 X:0004 Y:004C S:0136 D:0000 DB:8D nvMXdizc V: 67 H:333 F:52
		80D59A 1A          INC                    A:0001 X:0004 Y:004C S:0136 D:0000 DB:8D nvMXdizc V: 68 H:  2 F:52
		80D59B 29 03       AND #$03               A:0002 X:0004 Y:004C S:0136 D:0000 DB:8D nvMXdizc V: 68 H:  5 F:52
		80D59D D0 F7       BNE $00F7     [80D596] A:0002 X:0004 Y:004C S:0136 D:0000 DB:8D nvMXdizc V: 68 H:  8 F:52
		80D59F A6 E5       LDX $E5       [0000E5] A:0000 X:0004 Y:004C S:0136 D:0000 DB:8D nvMXdiZC V: 68 H: 66 F:52
		80D5A1 A5 E6       LDA $E6       [0000E6] A:0000 X:0010 Y:004C S:0136 D:0000 DB:8D nvMXdizC V: 68 H: 71 F:52
		80D5A3 9D 00 09    STA $0900,X   [8D0910] A:0000 X:0010 Y:004C S:0136 D:0000 DB:8D nvMXdiZC V: 68 H: 76 F:52
		80D5A6 A5 E3       LDA $E3       [0000E3] A:0000 X:0010 Y:004C S:0136 D:0000 DB:8D nvMXdiZC V: 68 H: 84 F:52
		80D5A8 38          SEC                    A:0041 X:0010 Y:004C S:0136 D:0000 DB:8D nvMXdizC V: 68 H: 89 F:52
		80D5A9 E5 E4       SBC $E4       [0000E4] A:0041 X:0010 Y:004C S:0136 D:0000 DB:8D nvMXdizC V: 68 H: 92 F:52
		80D5AB F0 02       BEQ $0002     [80D5AF] A:0000 X:0010 Y:004C S:0136 D:0000 DB:8D nvMXdiZC V: 68 H: 97 F:52
		80D5AF A9 01       LDA #$01               A:0000 X:0010 Y:004C S:0136 D:0000 DB:8D nvMXdiZC V: 68 H:101 F:52
		80D5B1 85 00       STA $00       [000000] A:0001 X:0010 Y:004C S:0136 D:0000 DB:8D nvMXdizC V: 68 H:104 F:52
		80D5B3 C2 30       REP #$30               A:0001 X:0010 Y:004C S:0136 D:0000 DB:8D nvMXdizC V: 68 H:109 F:52
		80D5B5 A5 E4       LDA $E4       [0000E4] A:0001 X:0010 Y:004C S:0136 D:0000 DB:8D nvmxdizC V: 68 H:114 F:52
		80D5B7 29 7F 00    AND #$007F             A:1041 X:0010 Y:004C S:0136 D:0000 DB:8D nvmxdizC V: 68 H:121 F:52
		80D5BA 0A          ASL A                  A:0041 X:0010 Y:004C S:0136 D:0000 DB:8D nvmxdizC V: 68 H:125 F:52
		80D5BB 0A          ASL A                  A:0082 X:0010 Y:004C S:0136 D:0000 DB:8D nvmxdizc V: 68 H:128 F:52
		80D5BC AA          TAX                    A:0104 X:0010 Y:004C S:0136 D:0000 DB:8D nvmxdizc V: 68 H:131 F:52
		80D5BD E2 20       SEP #$20               A:0104 X:0104 Y:004C S:0136 D:0000 DB:8D nvmxdizc V: 68 H:144 F:52
		80D5BF A9 E0       LDA #$E0               A:0104 X:0104 Y:004C S:0136 D:0000 DB:8D nvMxdizc V: 68 H:149 F:52
		80D5C1 9D 01 07    STA $0701,X   [8D0805] A:01E0 X:0104 Y:004C S:0136 D:0000 DB:8D NvMxdizc V: 68 H:152 F:52
		80D5C4 E8          INX                    A:01E0 X:0104 Y:004C S:0136 D:0000 DB:8D NvMxdizc V: 68 H:160 F:52
		80D5C5 E8          INX                    A:01E0 X:0105 Y:004C S:0136 D:0000 DB:8D nvMxdizc V: 68 H:163 F:52
		80D5C6 E8          INX                    A:01E0 X:0106 Y:004C S:0136 D:0000 DB:8D nvMxdizc V: 68 H:166 F:52
		80D5C7 E8          INX                    A:01E0 X:0107 Y:004C S:0136 D:0000 DB:8D nvMxdizc V: 68 H:169 F:52
		80D5C8 C6 00       DEC $00       [000000] A:01E0 X:0108 Y:004C S:0136 D:0000 DB:8D nvMxdizc V: 68 H:172 F:52
		80D5CA D0 F5       BNE $00F5     [80D5C1] A:01E0 X:0108 Y:004C S:0136 D:0000 DB:8D nvMxdiZc V: 68 H:180 F:52
		80D5CC A5 E4       LDA $E4       [0000E4] A:01E0 X:0108 Y:004C S:0136 D:0000 DB:8D nvMxdiZc V: 68 H:183 F:52
		80D5CE 85 E3       STA $E3       [0000E3] A:0141 X:0108 Y:004C S:0136 D:0000 DB:8D nvMxdizc V: 68 H:188 F:52
		80D5D0 C2 20       REP #$20               A:0141 X:0108 Y:004C S:0136 D:0000 DB:8D nvMxdizc V: 68 H:193 F:52
		80D5D2 64 E4       STZ $E4       [0000E4] A:0141 X:0108 Y:004C S:0136 D:0000 DB:8D nvmxdizc V: 68 H:198 F:52
		80D5D4 64 E6       STZ $E6       [0000E6] A:0141 X:0108 Y:004C S:0136 D:0000 DB:8D nvmxdizc V: 68 H:205 F:52
		80D5D6 64 E8       STZ $E8       [0000E8] A:0141 X:0108 Y:004C S:0136 D:0000 DB:8D nvmxdizc V: 68 H:212 F:52
		80D5D8 64 EA       STZ $EA       [0000EA] A:0141 X:0108 Y:004C S:0136 D:0000 DB:8D nvmxdizc V: 68 H:219 F:52
		80D5DA 64 EB       STZ $EB       [0000EB] A:0141 X:0108 Y:004C S:0136 D:0000 DB:8D nvmxdizc V: 68 H:226 F:52
		80D5DC AB          PLB                    A:0141 X:0108 Y:004C S:0136 D:0000 DB:8D nvmxdizc V: 68 H:233 F:52
		80D5DD 28          PLP                    A:0141 X:0108 Y:004C S:0137 D:0000 DB:86 Nvmxdizc V: 68 H:239 F:52
		80D5DE 60          RTS                    A:0141 X:0008 Y:004C S:0138 D:0000 DB:86 nvMXdiZc V: 68 H:246 F:52

	809AA6 AD 30 1F    LDA $1F30     [861F30] A:0141 X:0008 Y:004C S:013A D:0000 DB:86 nvMXdiZc V: 68 H:256 F:52
	809AA9 C9 80       CMP #$80               A:0100 X:0008 Y:004C S:013A D:0000 DB:86 nvMXdiZc V: 68 H:262 F:52
	809AAB D0 07       BNE $0007     [809AB4] A:0100 X:0008 Y:004C S:013A D:0000 DB:86 NvMXdizc V: 68 H:265 F:52
	809AB4 AD 30 1F    LDA $1F30     [861F30] A:0100 X:0008 Y:004C S:013A D:0000 DB:86 NvMXdizc V: 68 H:270 F:52
	809AB7 F0 09       BEQ $0009     [809AC2] A:0100 X:0008 Y:004C S:013A D:0000 DB:86 nvMXdiZc V: 68 H:276 F:52
	809AC2 AD CF 0B    LDA $0BCF     [860BCF] A:0100 X:0008 Y:004C S:013A D:0000 DB:86 nvMXdiZc V: 68 H:281 F:52
	809AC5 D0 12       BNE $0012     [809AD9] A:0120 X:0008 Y:004C S:013A D:0000 DB:86 nvMXdizc V: 68 H:287 F:52
	809AD9 AD 7F 1F    LDA $1F7F     [861F7F] A:0120 X:0008 Y:004C S:013A D:0000 DB:86 nvMXdizc V: 68 H:292 F:52
	809ADC 10 07       BPL $0007     [809AE5] A:0100 X:0008 Y:004C S:013A D:0000 DB:86 nvMXdiZc V: 68 H:298 F:52
	809AE5 AD 23 1F    LDA $1F23     [861F23] A:0100 X:0008 Y:004C S:013A D:0000 DB:86 nvMXdiZc V: 68 H:303 F:52
	809AE8 F0 04       BEQ $0004     [809AEE] A:0100 X:0008 Y:004C S:013A D:0000 DB:86 nvMXdiZc V: 68 H:309 F:52
	809AEE 60          RTS                    A:0100 X:0008 Y:004C S:013A D:0000 DB:86 nvMXdiZc V: 68 H:314 F:52

8094DE 20 00 81    JSR $8100     [808100] A:0100 X:0008 Y:004C S:013C D:0000 DB:86 nvMXdiZc V: 68 H:323 F:52

	808100 DA          PHX                    A:0100 X:0008 Y:004C S:013A D:0000 DB:86 nvMXdiZc V: 68 H:333 F:52
	808101 5A          PHY                    A:0100 X:0008 Y:004C S:0139 D:0000 DB:86 nvMXdiZc V: 68 H:338 F:52
	808102 08          PHP                    A:0100 X:0008 Y:004C S:0138 D:0000 DB:86 nvMXdiZc V: 69 H:  3 F:52
	808103 C2 20       REP #$20               A:0100 X:0008 Y:004C S:0137 D:0000 DB:86 nvMXdiZc V: 69 H:  8 F:52
	808105 E2 10       SEP #$10               A:0100 X:0008 Y:004C S:0137 D:0000 DB:86 nvmXdiZc V: 69 H: 12 F:52
	808107 A9 02 01    LDA #$0102             A:0100 X:0008 Y:004C S:0137 D:0000 DB:86 nvmXdiZc V: 69 H: 17 F:52
	80810A 80 0A       BRA $000A     [808116] A:0102 X:0008 Y:004C S:0137 D:0000 DB:86 nvmXdizc V: 69 H: 21 F:52
	808116 A6 A0       LDX $A0       [0000A0] A:0102 X:0008 Y:004C S:0137 D:0000 DB:86 nvmXdizc V: 69 H: 26 F:52
	808118 95 30       STA $30,X     [000030] A:0102 X:0000 Y:004C S:0137 D:0000 DB:86 nvmXdiZc V: 69 H: 31 F:52
	80811A 3B          TSC                    A:0102 X:0000 Y:004C S:0137 D:0000 DB:86 nvmXdiZc V: 69 H: 39 F:52
	80811B 95 34       STA $34,X     [000034] A:0137 X:0000 Y:004C S:0137 D:0000 DB:86 nvmXdizc V: 69 H: 42 F:52
	80811D E2 30       SEP #$30               A:0137 X:0000 Y:004C S:0137 D:0000 DB:86 nvmXdizc V: 69 H: 51 F:52
	80811F 80 98       BRA $0098     [8080B9] A:0137 X:0000 Y:004C S:0137 D:0000 DB:86 nvMXdizc V: 69 H: 55 F:52
	8080B9 8A          TXA                    A:0137 X:0000 Y:004C S:0137 D:0000 DB:86 nvMXdizc V: 69 H: 60 F:52
	8080BA 18          CLC                    A:0100 X:0000 Y:004C S:0137 D:0000 DB:86 nvMXdiZc V: 69 H: 63 F:52
	8080BB 69 10       ADC #$10               A:0100 X:0000 Y:004C S:0137 D:0000 DB:86 nvMXdiZc V: 69 H: 66 F:52
	8080BD AA          TAX                    A:0110 X:0000 Y:004C S:0137 D:0000 DB:86 nvMXdizc V: 69 H: 69 F:52
	8080BE E0 60       CPX #$60               A:0110 X:0010 Y:004C S:0137 D:0000 DB:86 nvMXdizc V: 69 H: 72 F:52
	8080C0 F0 0A       BEQ $000A     [8080CC] A:0110 X:0010 Y:004C S:0137 D:0000 DB:86 NvMXdizc V: 69 H: 75 F:52
	8080C2 E0 70       CPX #$70               A:0110 X:0010 Y:004C S:0137 D:0000 DB:86 NvMXdizc V: 69 H: 78 F:52
	8080C4 D0 E5       BNE $00E5     [8080AB] A:0110 X:0010 Y:004C S:0137 D:0000 DB:86 NvMXdizc V: 69 H: 81 F:52
	8080AB B5 30       LDA $30,X     [000040] A:0110 X:0010 Y:004C S:0137 D:0000 DB:86 NvMXdizc V: 69 H: 85 F:52
	8080AD C9 01       CMP #$01               A:0100 X:0010 Y:004C S:0137 D:0000 DB:86 nvMXdiZc V: 69 H: 92 F:52
	8080AF F0 29       BEQ $0029     [8080DA] A:0100 X:0010 Y:004C S:0137 D:0000 DB:86 NvMXdizc V: 69 H: 95 F:52
	8080B1 C9 02       CMP #$02               A:0100 X:0010 Y:004C S:0137 D:0000 DB:86 NvMXdizc V: 69 H: 98 F:52
	8080B3 D0 04       BNE $0004     [8080B9] A:0100 X:0010 Y:004C S:0137 D:0000 DB:86 NvMXdizc V: 69 H:101 F:52
	8080CC 9C 9D 0B    STZ $0B9D     [860B9D] A:0160 X:0060 Y:004C S:0137 D:0000 DB:86 nvMXdiZC V: 69 H:317 F:52
	8080CF B5 30       LDA $30,X     [000090] A:0160 X:0060 Y:004C S:0137 D:0000 DB:86 nvMXdiZC V: 69 H:323 F:52
	8080D1 C9 01       CMP #$01               A:0100 X:0060 Y:004C S:0137 D:0000 DB:86 nvMXdiZC V: 69 H:329 F:52
	8080D3 F0 05       BEQ $0005     [8080DA] A:0100 X:0060 Y:004C S:0137 D:0000 DB:86 NvMXdizc V: 69 H:332 F:52
	8080D5 B0 12       BCS $0012     [8080E9] A:0100 X:0060 Y:004C S:0137 D:0000 DB:86 NvMXdizc V: 69 H:335 F:52
	8080D7 4C 99 80    JMP $8099     [808099] A:0100 X:0060 Y:004C S:0137 D:0000 DB:86 NvMXdizc V: 69 H:338 F:52

	808099 C2 10       REP #$10               A:0100 X:0060 Y:004C S:0137 D:0000 DB:86 NvMXdizc V: 70 H:  2 F:52
	80809B A2 FF 02    LDX #$02FF             A:0100 X:0060 Y:004C S:0137 D:0000 DB:86 NvMxdizc V: 70 H:  7 F:52
	80809E 9A          TXS                    A:0100 X:02FF Y:004C S:0137 D:0000 DB:86 nvMxdizc V: 70 H: 11 F:52
	80809F E2 30       SEP #$30               A:0100 X:02FF Y:004C S:02FF D:0000 DB:86 nvMxdizc V: 70 H: 14 F:52
	8080A1 AD 9D 0B    LDA $0B9D     [860B9D] A:0100 X:00FF Y:004C S:02FF D:0000 DB:86 nvMXdizc V: 70 H: 19 F:52	Load RunCheck
	8080A4 F0 FB       BEQ $00FB     [8080A1] A:0100 X:00FF Y:004C S:02FF D:0000 DB:86 nvMXdiZc V: 70 H: 25 F:52	If value is #$00; go back and repeat
	00FFA8 5C A1 84 80 JML $8084A1   [8084A1] A:0100 X:00FF Y:004C S:02FB D:0000 DB:86 nvMXdIZc V: 96 H:118 F:52	Routine interrupted to the next jump

	8084A1 C2 38       REP #$38               A:0100 X:00FF Y:004C S:02FB D:0000 DB:86 nvMXdIZc V: 96 H:126 F:52
	8084A3 48          PHA                    A:0100 X:00FF Y:004C S:02FB D:0000 DB:86 nvmxdIZc V: 96 H:130 F:52
	8084A4 DA          PHX                    A:0100 X:00FF Y:004C S:02F9 D:0000 DB:86 nvmxdIZc V: 96 H:147 F:52
	8084A5 5A          PHY                    A:0100 X:00FF Y:004C S:02F7 D:0000 DB:86 nvmxdIZc V: 96 H:154 F:52
	8084A6 0B          PHD                    A:0100 X:00FF Y:004C S:02F5 D:0000 DB:86 nvmxdIZc V: 96 H:161 F:52
	8084A7 8B          PHB                    A:0100 X:00FF Y:004C S:02F3 D:0000 DB:86 nvmxdIZc V: 96 H:168 F:52
	8084A8 A9 00 00    LDA #$0000             A:0100 X:00FF Y:004C S:02F2 D:0000 DB:86 nvmxdIZc V: 96 H:173 F:52
	8084AB 5B          TCD                    A:0000 X:00FF Y:004C S:02F2 D:0000 DB:86 nvmxdIZc V: 96 H:178 F:52
	8084AC 4B          PHK                    A:0000 X:00FF Y:004C S:02F2 D:0000 DB:86 nvmxdIZc V: 96 H:181 F:52
	8084AD AB          PLB                    A:0000 X:00FF Y:004C S:02F1 D:0000 DB:86 nvmxdIZc V: 96 H:186 F:52
	8084AE E2 30       SEP #$30               A:0000 X:00FF Y:004C S:02F2 D:0000 DB:80 NvmxdIzc V: 96 H:192 F:52
	8084B0 AD 11 42    LDA $4211     [804211] A:0000 X:00FF Y:004C S:02F2 D:0000 DB:80 NvMXdIzc V: 96 H:197 F:52
	8084B3 AE A2 0B    LDX $0BA2     [800BA2] A:00C2 X:00FF Y:004C S:02F2 D:0000 DB:80 NvMXdIzc V: 96 H:203 F:52
	8084B6 30 5F       BMI $005F     [808517] A:00C2 X:0000 Y:004C S:02F2 D:0000 DB:80 nvMXdIZc V: 96 H:209 F:52
	8084B8 7C BB 84    JMP ($84BB,X) [8084BB] A:00C2 X:0000 Y:004C S:02F2 D:0000 DB:80 nvMXdIZc V: 96 H:212 F:52

	8084C3 9C A2 0B    STZ $0BA2     [800BA2] A:00C2 X:0000 Y:004C S:02F2 D:0000 DB:80 nvMXdIZc V: 96 H:221 F:52
	8084C6 9C A0 0B    STZ $0BA0     [800BA0] A:00C2 X:0000 Y:004C S:02F2 D:0000 DB:80 nvMXdIZc V: 96 H:228 F:52
	8084C9 80 59       BRA $0059     [808524] A:00C2 X:0000 Y:004C S:02F2 D:0000 DB:80 nvMXdIZc V: 96 H:234 F:52
	808524 C2 30       REP #$30               A:00C2 X:0000 Y:004C S:02F2 D:0000 DB:80 nvMXdIZc V: 96 H:239 F:52
	808526 AB          PLB                    A:00C2 X:0000 Y:004C S:02F2 D:0000 DB:80 nvmxdIZc V: 96 H:243 F:52
	808527 2B          PLD                    A:00C2 X:0000 Y:004C S:02F3 D:0000 DB:86 NvmxdIzc V: 96 H:250 F:52
	808528 7A          PLY                    A:00C2 X:0000 Y:004C S:02F5 D:0000 DB:86 nvmxdIZc V: 96 H:258 F:52
	808529 FA          PLX                    A:00C2 X:0000 Y:004C S:02F7 D:0000 DB:86 nvmxdIzc V: 96 H:267 F:52
	80852A 68          PLA                    A:00C2 X:00FF Y:004C S:02F9 D:0000 DB:86 nvmxdIzc V: 96 H:275 F:52
	80852B 40          RTI                    A:0100 X:00FF Y:004C S:02FB D:0000 DB:86 nvmxdIzc V: 96 H:284 F:52
	00FFA4 5C 68 81 80 JML $808168   [808168] A:0100 X:00FF Y:004C S:02FB D:0000 DB:86 nvMXdIZc V:225 H: 18 F:52

	808168 C2 38       REP #$38               A:0100 X:00FF Y:004C S:02FB D:0000 DB:86 nvMXdIZc V:225 H: 26 F:52
	80816A 48          PHA                    A:0100 X:00FF Y:004C S:02FB D:0000 DB:86 nvmxdIZc V:225 H: 31 F:52
	80816B DA          PHX                    A:0100 X:00FF Y:004C S:02F9 D:0000 DB:86 nvmxdIZc V:225 H: 38 F:52
	80816C 5A          PHY                    A:0100 X:00FF Y:004C S:02F7 D:0000 DB:86 nvmxdIZc V:225 H: 45 F:52
	80816D 0B          PHD                    A:0100 X:00FF Y:004C S:02F5 D:0000 DB:86 nvmxdIZc V:225 H: 52 F:52
	80816E 8B          PHB                    A:0100 X:00FF Y:004C S:02F3 D:0000 DB:86 nvmxdIZc V:225 H: 59 F:52
	80816F A9 00 00    LDA #$0000             A:0100 X:00FF Y:004C S:02F2 D:0000 DB:86 nvmxdIZc V:225 H: 64 F:52
	808172 5B          TCD                    A:0000 X:00FF Y:004C S:02F2 D:0000 DB:86 nvmxdIZc V:225 H: 68 F:52
	808173 4B          PHK                    A:0000 X:00FF Y:004C S:02F2 D:0000 DB:86 nvmxdIZc V:225 H: 71 F:52
	808174 AB          PLB                    A:0000 X:00FF Y:004C S:02F1 D:0000 DB:86 nvmxdIZc V:225 H: 76 F:52
	808175 E2 30       SEP #$30               A:0000 X:00FF Y:004C S:02F2 D:0000 DB:80 NvmxdIzc V:225 H: 83 F:52
	808177 9C 08 1E    STZ $1E08     [801E08] A:0000 X:00FF Y:004C S:02F2 D:0000 DB:80 NvMXdIzc V:225 H: 87 F:52
	80817A EE 9E 0B    INC $0B9E     [800B9E] A:0000 X:00FF Y:004C S:02F2 D:0000 DB:80 NvMXdIzc V:225 H: 94 F:52
	80817D AD 10 42    LDA $4210     [804210] A:0000 X:00FF Y:004C S:02F2 D:0000 DB:80 NvMXdIzc V:225 H:104 F:52
	808180 A9 80       LDA #$80               A:00C2 X:00FF Y:004C S:02F2 D:0000 DB:80 NvMXdIzc V:225 H:110 F:52
	808182 8D 00 21    STA $2100     [802100] A:0080 X:00FF Y:004C S:02F2 D:0000 DB:80 NvMXdIzc V:225 H:113 F:52
	808185 20 D9 83    JSR $83D9     [8083D9] A:0080 X:00FF Y:004C S:02F2 D:0000 DB:80 NvMXdIzc V:225 H:119 F:52

		8083D9 A2 04       LDX #$04               A:0080 X:00FF Y:004C S:02F0 D:0000 DB:80 NvMXdIzc V:225 H:129 F:52
		8083DB AD A5 0B    LDA $0BA5     [800BA5] A:0080 X:0004 Y:004C S:02F0 D:0000 DB:80 nvMXdIzc V:225 H:132 F:52
		8083DE D0 08       BNE $0008     [8083E8] A:0000 X:0004 Y:004C S:02F0 D:0000 DB:80 nvMXdIZc V:225 H:148 F:52
		8083E0 A5 C2       LDA $C2       [0000C2] A:0000 X:0004 Y:004C S:02F0 D:0000 DB:80 nvMXdIZc V:225 H:151 F:52
		8083E2 8D 00 42    STA $4200     [804200] A:00B1 X:0004 Y:004C S:02F0 D:0000 DB:80 NvMXdIzc V:225 H:156 F:52
		8083E5 AE A1 0B    LDX $0BA1     [800BA1] A:00B1 X:0004 Y:004C S:02F0 D:0000 DB:80 NvMXdIzc V:225 H:162 F:52
		8083E8 7C EB 83    JMP ($83EB,X) [8083EB] A:00B1 X:0000 Y:004C S:02F0 D:0000 DB:80 nvMXdIZc V:225 H:169 F:52

		8083F1 9C A2 0B    STZ $0BA2     [800BA2] A:00B1 X:0000 Y:004C S:02F0 D:0000 DB:80 nvMXdIZc V:225 H:178 F:52
		8083F4 A9 60       LDA #$60               A:00B1 X:0000 Y:004C S:02F0 D:0000 DB:80 nvMXdIZc V:225 H:184 F:52
		8083F6 8D 07 42    STA $4207     [804207] A:0060 X:0000 Y:004C S:02F0 D:0000 DB:80 nvMXdIzc V:225 H:187 F:52
		8083F9 8D 09 42    STA $4209     [804209] A:0060 X:0000 Y:004C S:02F0 D:0000 DB:80 nvMXdIzc V:225 H:193 F:52
		8083FC AD 9D 0B    LDA $0B9D     [800B9D] A:0060 X:0000 Y:004C S:02F0 D:0000 DB:80 nvMXdIzc V:225 H:199 F:52
		8083FF 0D A0 0B    ORA $0BA0     [800BA0] A:0000 X:0000 Y:004C S:02F0 D:0000 DB:80 nvMXdIZc V:225 H:206 F:52
		808402 D0 1D       BNE $001D     [808421] A:0000 X:0000 Y:004C S:02F0 D:0000 DB:80 nvMXdIZc V:225 H:212 F:52
		808404 20 E3 81    JSR $81E3     [8081E3] A:0000 X:0000 Y:004C S:02F0 D:0000 DB:80 nvMXdIZc V:225 H:215 F:52

			8081E3 C2 10       REP #$10               A:0000 X:0000 Y:004C S:02EE D:0000 DB:80 nvMXdIZc V:225 H:225 F:52
			8081E5 9C 00 43    STZ $4300     [804300] A:0000 X:0000 Y:004C S:02EE D:0000 DB:80 nvMxdIZc V:225 H:230 F:52
			8081E8 9C 04 43    STZ $4304     [804304] A:0000 X:0000 Y:004C S:02EE D:0000 DB:80 nvMxdIZc V:225 H:236 F:52
			8081EB 9C 02 21    STZ $2102     [802102] A:0000 X:0000 Y:004C S:02EE D:0000 DB:80 nvMxdIZc V:225 H:242 F:52
			8081EE 9C 03 21    STZ $2103     [802103] A:0000 X:0000 Y:004C S:02EE D:0000 DB:80 nvMxdIZc V:225 H:248 F:52
			8081F1 A9 04       LDA #$04               A:0000 X:0000 Y:004C S:02EE D:0000 DB:80 nvMxdIZc V:225 H:254 F:52
			8081F3 8D 01 43    STA $4301     [804301] A:0004 X:0000 Y:004C S:02EE D:0000 DB:80 nvMxdIzc V:225 H:257 F:52
			8081F6 A0 00 07    LDY #$0700             A:0004 X:0000 Y:004C S:02EE D:0000 DB:80 nvMxdIzc V:225 H:263 F:52
			8081F9 8C 02 43    STY $4302     [804302] A:0004 X:0000 Y:0700 S:02EE D:0000 DB:80 nvMxdIzc V:225 H:267 F:52
			8081FC A0 20 02    LDY #$0220             A:0004 X:0000 Y:0700 S:02EE D:0000 DB:80 nvMxdIzc V:225 H:275 F:52
			8081FF 8C 05 43    STY $4305     [804305] A:0004 X:0000 Y:0220 S:02EE D:0000 DB:80 nvMxdIzc V:225 H:279 F:52
			808202 A9 01       LDA #$01               A:0004 X:0000 Y:0220 S:02EE D:0000 DB:80 nvMxdIzc V:225 H:287 F:52
			808204 8D 0B 42    STA $420B     [80420B] A:0001 X:0000 Y:0220 S:02EE D:0000 DB:80 nvMxdIzc V:225 H:290 F:52
			808207 A5 A1       LDA $A1       [0000A1] A:0001 X:0000 Y:0220 S:02EE D:0000 DB:80 nvMxdIzc V:225 H:296 F:52
			808209 F0 1B       BEQ $001B     [808226] A:0000 X:0000 Y:0220 S:02EE D:0000 DB:80 nvMxdIZc V:229 H: 62 F:52
			808226 A5 B4       LDA $B4       [0000B4] A:0000 X:0000 Y:0220 S:02EE D:0000 DB:80 nvMxdIZc V:229 H: 66 F:52
			808228 8D 0D 21    STA $210D     [80210D] A:0000 X:0000 Y:0220 S:02EE D:0000 DB:80 nvMxdIZc V:229 H: 71 F:52
			80822B A5 B5       LDA $B5       [0000B5] A:0000 X:0000 Y:0220 S:02EE D:0000 DB:80 nvMxdIZc V:229 H: 77 F:52
			80822D 8D 0D 21    STA $210D     [80210D] A:001E X:0000 Y:0220 S:02EE D:0000 DB:80 nvMxdIzc V:229 H: 82 F:52
			808230 A5 B6       LDA $B6       [0000B6] A:001E X:0000 Y:0220 S:02EE D:0000 DB:80 nvMxdIzc V:229 H: 88 F:52
			808232 8D 0E 21    STA $210E     [80210E] A:0000 X:0000 Y:0220 S:02EE D:0000 DB:80 nvMxdIZc V:229 H: 93 F:52
			808235 A5 B7       LDA $B7       [0000B7] A:0000 X:0000 Y:0220 S:02EE D:0000 DB:80 nvMxdIZc V:229 H: 99 F:52
			808237 8D 0E 21    STA $210E     [80210E] A:0001 X:0000 Y:0220 S:02EE D:0000 DB:80 nvMxdIzc V:229 H:104 F:52
			80823A A5 B8       LDA $B8       [0000B8] A:0001 X:0000 Y:0220 S:02EE D:0000 DB:80 nvMxdIzc V:229 H:110 F:52
			80823C 8D 0F 21    STA $210F     [80210F] A:0000 X:0000 Y:0220 S:02EE D:0000 DB:80 nvMxdIZc V:229 H:115 F:52
			80823F A5 B9       LDA $B9       [0000B9] A:0000 X:0000 Y:0220 S:02EE D:0000 DB:80 nvMxdIZc V:229 H:121 F:52
			808241 8D 0F 21    STA $210F     [80210F] A:000F X:0000 Y:0220 S:02EE D:0000 DB:80 nvMxdIzc V:229 H:126 F:52
			808244 A5 BA       LDA $BA       [0000BA] A:000F X:0000 Y:0220 S:02EE D:0000 DB:80 nvMxdIzc V:229 H:132 F:52
			808246 8D 10 21    STA $2110     [802110] A:0080 X:0000 Y:0220 S:02EE D:0000 DB:80 NvMxdIzc V:229 H:147 F:52
			808249 A5 BB       LDA $BB       [0000BB] A:0080 X:0000 Y:0220 S:02EE D:0000 DB:80 NvMxdIzc V:229 H:153 F:52
			80824B 8D 10 21    STA $2110     [802110] A:0002 X:0000 Y:0220 S:02EE D:0000 DB:80 nvMxdIzc V:229 H:158 F:52
			80824E A5 BC       LDA $BC       [0000BC] A:0002 X:0000 Y:0220 S:02EE D:0000 DB:80 nvMxdIzc V:229 H:164 F:52
			808250 8D 11 21    STA $2111     [802111] A:0000 X:0000 Y:0220 S:02EE D:0000 DB:80 nvMxdIZc V:229 H:169 F:52
			808253 A5 BD       LDA $BD       [0000BD] A:0000 X:0000 Y:0220 S:02EE D:0000 DB:80 nvMxdIZc V:229 H:175 F:52
			808255 8D 11 21    STA $2111     [802111] A:0000 X:0000 Y:0220 S:02EE D:0000 DB:80 nvMxdIZc V:229 H:180 F:52
			808258 A5 BE       LDA $BE       [0000BE] A:0000 X:0000 Y:0220 S:02EE D:0000 DB:80 nvMxdIZc V:229 H:186 F:52
			80825A 8D 12 21    STA $2112     [802112] A:0000 X:0000 Y:0220 S:02EE D:0000 DB:80 nvMxdIZc V:229 H:191 F:52
			80825D A5 BF       LDA $BF       [0000BF] A:0000 X:0000 Y:0220 S:02EE D:0000 DB:80 nvMxdIZc V:229 H:197 F:52
			80825F 8D 12 21    STA $2112     [802112] A:0000 X:0000 Y:0220 S:02EE D:0000 DB:80 nvMxdIZc V:229 H:202 F:52
			808262 A5 C9       LDA $C9       [0000C9] A:0000 X:0000 Y:0220 S:02EE D:0000 DB:80 nvMxdIZc V:229 H:208 F:52
			808264 8D 30 21    STA $2130     [802130] A:0000 X:0000 Y:0220 S:02EE D:0000 DB:80 nvMxdIZc V:229 H:213 F:52
			808267 A5 CA       LDA $CA       [0000CA] A:0000 X:0000 Y:0220 S:02EE D:0000 DB:80 nvMxdIZc V:229 H:219 F:52
			808269 8D 31 21    STA $2131     [802131] A:0000 X:0000 Y:0220 S:02EE D:0000 DB:80 nvMxdIZc V:229 H:224 F:52
			80826C A5 CB       LDA $CB       [0000CB] A:0000 X:0000 Y:0220 S:02EE D:0000 DB:80 nvMxdIZc V:229 H:230 F:52
			80826E 09 20       ORA #$20               A:00E0 X:0000 Y:0220 S:02EE D:0000 DB:80 NvMxdIzc V:229 H:235 F:52
			808270 8D 32 21    STA $2132     [802132] A:00E0 X:0000 Y:0220 S:02EE D:0000 DB:80 NvMxdIzc V:229 H:238 F:52
			808273 A5 CC       LDA $CC       [0000CC] A:00E0 X:0000 Y:0220 S:02EE D:0000 DB:80 NvMxdIzc V:229 H:244 F:52
			808275 09 40       ORA #$40               A:00E0 X:0000 Y:0220 S:02EE D:0000 DB:80 NvMxdIzc V:229 H:249 F:52
			808277 8D 32 21    STA $2132     [802132] A:00E0 X:0000 Y:0220 S:02EE D:0000 DB:80 NvMxdIzc V:229 H:252 F:52
			80827A A5 CD       LDA $CD       [0000CD] A:00E0 X:0000 Y:0220 S:02EE D:0000 DB:80 NvMxdIzc V:229 H:258 F:52
			80827C 09 80       ORA #$80               A:00E0 X:0000 Y:0220 S:02EE D:0000 DB:80 NvMxdIzc V:229 H:263 F:52
			80827E 8D 32 21    STA $2132     [802132] A:00E0 X:0000 Y:0220 S:02EE D:0000 DB:80 NvMxdIzc V:229 H:266 F:52
			808281 E2 30       SEP #$30               A:00E0 X:0000 Y:0220 S:02EE D:0000 DB:80 NvMxdIzc V:229 H:272 F:52
			808283 64 C3       STZ $C3       [0000C3] A:00E0 X:0000 Y:0020 S:02EE D:0000 DB:80 NvMXdIzc V:229 H:277 F:52
			808285 A2 00       LDX #$00               A:00E0 X:0000 Y:0020 S:02EE D:0000 DB:80 NvMXdIzc V:229 H:282 F:52
			808287 A0 70       LDY #$70               A:00E0 X:0000 Y:0020 S:02EE D:0000 DB:80 nvMXdIZc V:229 H:285 F:52
			808289 BD A1 0A    LDA $0AA1,X   [800AA1] A:00E0 X:0000 Y:0070 S:02EE D:0000 DB:80 nvMXdIzc V:229 H:288 F:52
			80828C D0 03       BNE $0003     [808291] A:0000 X:0000 Y:0070 S:02EE D:0000 DB:80 nvMXdIZc V:229 H:294 F:52
			80828E 18          CLC                    A:0000 X:0000 Y:0070 S:02EE D:0000 DB:80 nvMXdIZc V:229 H:297 F:52
			80828F 80 25       BRA $0025     [8082B6] A:0000 X:0000 Y:0070 S:02EE D:0000 DB:80 nvMXdIZc V:229 H:300 F:52
			8082B6 26 C3       ROL $C3       [0000C3] A:0000 X:0000 Y:0070 S:02EE D:0000 DB:80 nvMXdIZc V:229 H:305 F:52
			8082B8 8A          TXA                    A:0000 X:0000 Y:0070 S:02EE D:0000 DB:80 nvMXdIZc V:229 H:313 F:52
			8082B9 18          CLC                    A:0000 X:0000 Y:0070 S:02EE D:0000 DB:80 nvMXdIZc V:229 H:316 F:52
			8082BA 69 07       ADC #$07               A:0000 X:0000 Y:0070 S:02EE D:0000 DB:80 nvMXdIZc V:229 H:319 F:52
			8082BC AA          TAX                    A:0007 X:0000 Y:0070 S:02EE D:0000 DB:80 nvMXdIzc V:229 H:322 F:52
			8082BD 98          TYA                    A:0007 X:0007 Y:0070 S:02EE D:0000 DB:80 nvMXdIzc V:229 H:325 F:52
			8082BE 38          SEC                    A:0070 X:0007 Y:0070 S:02EE D:0000 DB:80 nvMXdIzc V:229 H:327 F:52
			8082BF E9 10       SBC #$10               A:0070 X:0007 Y:0070 S:02EE D:0000 DB:80 nvMXdIzC V:229 H:330 F:52
			8082C1 A8          TAY                    A:0060 X:0007 Y:0070 S:02EE D:0000 DB:80 nvMXdIzC V:229 H:333 F:52
			8082C2 D0 C5       BNE $00C5     [808289] A:0060 X:0007 Y:0060 S:02EE D:0000 DB:80 nvMXdIzC V:229 H:336 F:52
			8082C4 18          CLC                    A:0000 X:0031 Y:0000 S:02EE D:0000 DB:80 nvMXdIZC V:230 H:332 F:52
			8082C5 26 C3       ROL $C3       [0000C3] A:0000 X:0031 Y:0000 S:02EE D:0000 DB:80 nvMXdIZc V:230 H:335 F:52
			8082C7 60          RTS                    A:0000 X:0031 Y:0000 S:02EE D:0000 DB:80 nvMXdIZc V:231 H:  4 F:52

		808407 20 C8 82    JSR $82C8     [8082C8] A:0000 X:0031 Y:0000 S:02F0 D:0000 DB:80 nvMXdIZc V:231 H: 14 F:52

			8082C8 A5 A2       LDA $A2       [0000A2] A:0000 X:0031 Y:0000 S:02EE D:0000 DB:80 nvMXdIZc V:231 H: 24 F:52
			8082CA F0 66       BEQ $0066     [808332] A:0000 X:0031 Y:0000 S:02EE D:0000 DB:80 nvMXdIZc V:231 H: 29 F:52
			808332 A5 A3       LDA $A3       [0000A3] A:0000 X:0031 Y:0000 S:02EE D:0000 DB:80 nvMXdIZc V:231 H: 33 F:52
			808334 F0 42       BEQ $0042     [808378] A:0000 X:0031 Y:0000 S:02EE D:0000 DB:80 nvMXdIZc V:231 H: 38 F:52
			808378 A5 A4       LDA $A4       [0000A4] A:0000 X:0031 Y:0000 S:02EE D:0000 DB:80 nvMXdIZc V:231 H: 43 F:52
			80837A F0 49       BEQ $0049     [8083C5] A:0000 X:0031 Y:0000 S:02EE D:0000 DB:80 nvMXdIZc V:231 H: 48 F:52
			8083C5 4C F3 B9    JMP $B9F3     [80B9F3] A:0000 X:0031 Y:0000 S:02EE D:0000 DB:80 nvMXdIZc V:231 H: 52 F:52

			80B9F3 08          PHP                    A:0000 X:0031 Y:0000 S:02EE D:0000 DB:80 nvMXdIZc V:231 H: 57 F:52
			80B9F4 E2 20       SEP #$20               A:0000 X:0031 Y:0000 S:02ED D:0000 DB:80 nvMXdIZc V:231 H: 62 F:52
			80B9F6 C2 10       REP #$10               A:0000 X:0031 Y:0000 S:02ED D:0000 DB:80 nvMXdIZc V:231 H: 66 F:52
			80B9F8 A6 A5       LDX $A5       [0000A5] A:0000 X:0031 Y:0000 S:02ED D:0000 DB:80 nvMxdIZc V:231 H: 71 F:52
			80B9FA F0 55       BEQ $0055     [80BA51] A:0000 X:0000 Y:0000 S:02ED D:0000 DB:80 nvMxdIZc V:231 H: 78 F:52
			80BA51 28          PLP                    A:0000 X:0000 Y:0000 S:02ED D:0000 DB:80 nvMxdIZc V:231 H: 82 F:52
			80BA52 60          RTS                    A:0000 X:0000 Y:0000 S:02EE D:0000 DB:80 nvMXdIZc V:231 H: 89 F:52

		80840A A5 C3       LDA $C3       [0000C3] A:0000 X:0000 Y:0000 S:02F0 D:0000 DB:80 nvMXdIZc V:231 H: 99 F:52
		80840C 8D 0C 42    STA $420C     [80420C] A:0000 X:0000 Y:0000 S:02F0 D:0000 DB:80 nvMXdIZc V:231 H:104 F:52
		80840F F0 10       BEQ $0010     [808421] A:0000 X:0000 Y:0000 S:02F0 D:0000 DB:80 nvMXdIZc V:231 H:110 F:52
		808421 A5 B3       LDA $B3       [0000B3] A:0000 X:0000 Y:0000 S:02F0 D:0000 DB:80 nvMXdIZc V:231 H:114 F:52
		808423 8D 00 21    STA $2100     [802100] A:000F X:0000 Y:0000 S:02F0 D:0000 DB:80 nvMXdIzc V:231 H:119 F:52
		808426 80 25       BRA $0025     [80844D] A:000F X:0000 Y:0000 S:02F0 D:0000 DB:80 nvMXdIzc V:231 H:125 F:52
		80844D A5 C0       LDA $C0       [0000C0] A:000F X:0000 Y:0000 S:02F0 D:0000 DB:80 nvMXdIzc V:231 H:130 F:52
		80844F 8D 2C 21    STA $212C     [80212C] A:0013 X:0000 Y:0000 S:02F0 D:0000 DB:80 nvMXdIzc V:231 H:145 F:52
		808452 A5 C1       LDA $C1       [0000C1] A:0013 X:0000 Y:0000 S:02F0 D:0000 DB:80 nvMXdIzc V:231 H:151 F:52
		808454 8D 2D 21    STA $212D     [80212D] A:0000 X:0000 Y:0000 S:02F0 D:0000 DB:80 nvMXdIZc V:231 H:156 F:52
		808457 60          RTS                    A:0000 X:0000 Y:0000 S:02F0 D:0000 DB:80 nvMXdIZc V:231 H:162 F:52

	808188 AD 9D 0B    LDA $0B9D     [800B9D] A:0000 X:0000 Y:0000 S:02F2 D:0000 DB:80 nvMXdIZc V:231 H:172 F:52
	80818B 0D A0 0B    ORA $0BA0     [800BA0] A:0000 X:0000 Y:0000 S:02F2 D:0000 DB:80 nvMXdIZc V:231 H:178 F:52
	80818E D0 03       BNE $0003     [808193] A:0000 X:0000 Y:0000 S:02F2 D:0000 DB:80 nvMXdIZc V:231 H:185 F:52
	808190 20 22 88    JSR $8822     [808822] A:0000 X:0000 Y:0000 S:02F2 D:0000 DB:80 nvMXdIZc V:231 H:188 F:52

		808822 E2 30       SEP #$30               A:0000 X:0000 Y:0000 S:02F0 D:0000 DB:80 nvMXdIZc V:231 H:198 F:52
		808824 AE A4 0B    LDX $0BA4     [800BA4] A:0000 X:0000 Y:0000 S:02F0 D:0000 DB:80 nvMXdIZc V:231 H:202 F:52
		808827 EC A3 0B    CPX $0BA3     [800BA3] A:0000 X:0000 Y:0000 S:02F0 D:0000 DB:80 nvMXdIZc V:231 H:209 F:52
		80882A F0 3A       BEQ $003A     [808866] A:0000 X:0000 Y:0000 S:02F0 D:0000 DB:80 nvMXdIZC V:231 H:215 F:52
		808866 60          RTS                    A:0000 X:0000 Y:0000 S:02F0 D:0000 DB:80 nvMXdIZC V:231 H:220 F:52

	808193 A9 FF       LDA #$FF               A:0000 X:0000 Y:0000 S:02F2 D:0000 DB:80 nvMXdIZC V:231 H:230 F:52
	808195 8D 9D 0B    STA $0B9D     [800B9D] A:00FF X:0000 Y:0000 S:02F2 D:0000 DB:80 NvMXdIzC V:231 H:233 F:52
	808198 8D A0 0B    STA $0BA0     [800BA0] A:00FF X:0000 Y:0000 S:02F2 D:0000 DB:80 NvMXdIzC V:231 H:239 F:52
	80819B AD 12 42    LDA $4212     [804212] A:00FF X:0000 Y:0000 S:02F2 D:0000 DB:80 NvMXdIzC V:231 H:246 F:52
	80819E 4A          LSR A                  A:0082 X:0000 Y:0000 S:02F2 D:0000 DB:80 NvMXdIzC V:231 H:252 F:52
	80819F B0 FA       BCS $00FA     [80819B] A:0041 X:0000 Y:0000 S:02F2 D:0000 DB:80 nvMXdIzc V:231 H:255 F:52
	8081A1 C2 30       REP #$30               A:0041 X:0000 Y:0000 S:02F2 D:0000 DB:80 nvMXdIzc V:231 H:258 F:52
	8081A3 AD 48 1F    LDA $1F48     [801F48] A:0041 X:0000 Y:0000 S:02F2 D:0000 DB:80 nvmxdIzc V:231 H:262 F:52
	8081A6 29 FF 00    AND #$00FF             A:0000 X:0000 Y:0000 S:02F2 D:0000 DB:80 nvmxdIZc V:231 H:271 F:52
	8081A9 D0 19       BNE $0019     [8081C4] A:0000 X:0000 Y:0000 S:02F2 D:0000 DB:80 nvmxdIZc V:231 H:275 F:52
	8081AB A5 A7       LDA $A7       [0000A7] A:0000 X:0000 Y:0000 S:02F2 D:0000 DB:80 nvmxdIZc V:231 H:278 F:52
	8081AD 85 A9       STA $A9       [0000A9] A:0000 X:0000 Y:0000 S:02F2 D:0000 DB:80 nvmxdIZc V:231 H:285 F:52
	8081AF AD 18 42    LDA $4218     [804218] A:0000 X:0000 Y:0000 S:02F2 D:0000 DB:80 nvmxdIZc V:231 H:292 F:52
	8081B2 AA          TAX                    A:0000 X:0000 Y:0000 S:02F2 D:0000 DB:80 nvmxdIZc V:231 H:300 F:52
	8081B3 29 0F 00    AND #$000F             A:0000 X:0000 Y:0000 S:02F2 D:0000 DB:80 nvmxdIZc V:231 H:303 F:52
	8081B6 F0 03       BEQ $0003     [8081BB] A:0000 X:0000 Y:0000 S:02F2 D:0000 DB:80 nvmxdIZc V:231 H:307 F:52
	8081BB 86 A7       STX $A7       [0000A7] A:0000 X:0000 Y:0000 S:02F2 D:0000 DB:80 nvmxdIZc V:231 H:312 F:52
	8081BD 8A          TXA                    A:0000 X:0000 Y:0000 S:02F2 D:0000 DB:80 nvmxdIZc V:231 H:319 F:52
	8081BE 45 A9       EOR $A9       [0000A9] A:0000 X:0000 Y:0000 S:02F2 D:0000 DB:80 nvmxdIZc V:231 H:322 F:52
	8081C0 25 A7       AND $A7       [0000A7] A:0000 X:0000 Y:0000 S:02F2 D:0000 DB:80 nvmxdIZc V:231 H:328 F:52
	8081C2 85 AB       STA $AB       [0000AB] A:0000 X:0000 Y:0000 S:02F2 D:0000 DB:80 nvmxdIZc V:231 H:335 F:52
	8081C4 A5 AD       LDA $AD       [0000AD] A:0000 X:0000 Y:0000 S:02F2 D:0000 DB:80 nvmxdIZc V:232 H:  2 F:52
	8081C6 85 AF       STA $AF       [0000AF] A:0000 X:0000 Y:0000 S:02F2 D:0000 DB:80 nvmxdIZc V:232 H:  9 F:52
	8081C8 AD 1A 42    LDA $421A     [80421A] A:0000 X:0000 Y:0000 S:02F2 D:0000 DB:80 nvmxdIZc V:232 H: 16 F:52
	8081CB AA          TAX                    A:0000 X:0000 Y:0000 S:02F2 D:0000 DB:80 nvmxdIZc V:232 H: 23 F:52
	8081CC 29 0F 00    AND #$000F             A:0000 X:0000 Y:0000 S:02F2 D:0000 DB:80 nvmxdIZc V:232 H: 26 F:52
	8081CF F0 03       BEQ $0003     [8081D4] A:0000 X:0000 Y:0000 S:02F2 D:0000 DB:80 nvmxdIZc V:232 H: 31 F:52
	8081D4 86 AD       STX $AD       [0000AD] A:0000 X:0000 Y:0000 S:02F2 D:0000 DB:80 nvmxdIZc V:232 H: 35 F:52
	8081D6 8A          TXA                    A:0000 X:0000 Y:0000 S:02F2 D:0000 DB:80 nvmxdIZc V:232 H: 42 F:52
	8081D7 45 AF       EOR $AF       [0000AF] A:0000 X:0000 Y:0000 S:02F2 D:0000 DB:80 nvmxdIZc V:232 H: 45 F:52
	8081D9 25 AD       AND $AD       [0000AD] A:0000 X:0000 Y:0000 S:02F2 D:0000 DB:80 nvmxdIZc V:232 H: 52 F:52
	8081DB 85 B1       STA $B1       [0000B1] A:0000 X:0000 Y:0000 S:02F2 D:0000 DB:80 nvmxdIZc V:232 H: 59 F:52
	8081DD AB          PLB                    A:0000 X:0000 Y:0000 S:02F2 D:0000 DB:80 nvmxdIZc V:232 H: 66 F:52
	8081DE 2B          PLD                    A:0000 X:0000 Y:0000 S:02F3 D:0000 DB:86 NvmxdIzc V:232 H: 73 F:52
	8081DF 7A          PLY                    A:0000 X:0000 Y:0000 S:02F5 D:0000 DB:86 nvmxdIZc V:232 H: 81 F:52
	8081E0 FA          PLX                    A:0000 X:0000 Y:004C S:02F7 D:0000 DB:86 nvmxdIzc V:232 H: 90 F:52
	8081E1 68          PLA                    A:0000 X:00FF Y:004C S:02F9 D:0000 DB:86 nvmxdIzc V:232 H: 98 F:52
	8081E2 40          RTI                    A:0100 X:00FF Y:004C S:02FB D:0000 DB:86 nvmxdIzc V:232 H:107 F:52
	8080A6 EE 9B 0B    INC $0B9B     [860B9B] A:01FF X:00FF Y:004C S:02FF D:0000 DB:86 NvMXdizc V:232 H:129 F:52
	8080A9 A2 00       LDX #$00               A:01FF X:00FF Y:004C S:02FF D:0000 DB:86 NvMXdizc V:232 H:149 F:52
	8080B5 D6 31       DEC $31,X     [000031] A:0102 X:0000 Y:004C S:02FF D:0000 DB:86 nvMXdiZC V:232 H:170 F:52
	8080B7 F0 30       BEQ $0030     [8080E9] A:0102 X:0000 Y:004C S:02FF D:0000 DB:86 nvMXdiZC V:232 H:180 F:52
	8080E9 86 A0       STX $A0       [0000A0] A:0102 X:0000 Y:004C S:02FF D:0000 DB:86 nvMXdiZC V:232 H:185 F:52
	8080EB A9 03       LDA #$03               A:0102 X:0000 Y:004C S:02FF D:0000 DB:86 nvMXdiZC V:232 H:190 F:52
	8080ED 95 30       STA $30,X     [000030] A:0103 X:0000 Y:004C S:02FF D:0000 DB:86 nvMXdizC V:232 H:193 F:52
	8080EF C2 30       REP #$30               A:0103 X:0000 Y:004C S:02FF D:0000 DB:86 nvMXdizC V:232 H:199 F:52
	8080F1 B5 34       LDA $34,X     [000034] A:0103 X:0000 Y:004C S:02FF D:0000 DB:86 nvmxdizC V:232 H:204 F:52
	8080F3 1B          TCS                    A:0137 X:0000 Y:004C S:02FF D:0000 DB:86 nvmxdizC V:232 H:212 F:52
	8080F4 28          PLP                    A:0137 X:0000 Y:004C S:0137 D:0000 DB:86 nvmxdizC V:232 H:215 F:52
	8080F5 7A          PLY                    A:0137 X:0000 Y:004C S:0138 D:0000 DB:86 nvMXdiZc V:232 H:222 F:52
	8080F6 FA          PLX                    A:0137 X:0000 Y:004C S:0139 D:0000 DB:86 nvMXdizc V:232 H:228 F:52
	8080F7 60          RTS                    A:0137 X:0008 Y:004C S:013A D:0000 DB:86 nvMXdizc V:232 H:235 F:52







;End of frame_______________________________________________________________________________________________




8094E1 80 F6       BRA $00F6     [8094D9] A:0137 X:0008 Y:004C S:013C D:0000 DB:86 nvMXdizc V:232 H:245 F:52

81983F A6 58       LDX $58       [000C00] A:0000 X:0000 Y:00CC S:012B D:0BA8 DB:86 nvMXdiZc V:238 H:129 F:52
819841 7C 44 98    JMP ($9844,X) [819844] A:0000 X:0000 Y:00CC S:012B D:0BA8 DB:86 nvMXdiZc V:238 H:145 F:52

81984A A5 37       LDA $37       [000BDF] A:0000 X:0000 Y:00CC S:012B D:0BA8 DB:86 nvMXdiZc V:238 H:154 F:52
81984C 89 40       BIT #$40               A:0000 X:0000 Y:00CC S:012B D:0BA8 DB:86 nvMXdiZc V:238 H:161 F:52
81984E F0 08       BEQ $0008     [819858] A:0000 X:0000 Y:00CC S:012B D:0BA8 DB:86 nvMXdiZc V:238 H:164 F:52
819858 60          RTS                    A:0000 X:0000 Y:00CC S:012B D:0BA8 DB:86 nvMXdiZc V:238 H:168 F:52


____________________________________________________________________________________________________________
Routine that loads countdown into 

8182EE A6 03       LDX $03       [000BAB] A:0000 X:0000 Y:00CC S:012D D:0BA8 DB:86 nvMXdiZc V:239 H: 35 F:52
8182F0 7C F3 82    JMP ($82F3,X) [8182F3] A:0000 X:0000 Y:00CC S:012D D:0BA8 DB:86 nvMXdiZc V:239 H: 41 F:52

8182F7 A9 02       LDA #$02               A:0000 X:0000 Y:00CC S:012D D:0BA8 DB:86 nvMXdiZc V:239 H: 50 F:52
8182F9 85 03       STA $03       [000BAB] A:0002 X:0000 Y:00CC S:012D D:0BA8 DB:86 nvMXdizc V:239 H: 53 F:52
8182FB C2 20       REP #$20               A:0002 X:0000 Y:00CC S:012D D:0BA8 DB:86 nvMXdizc V:239 H: 60 F:52
8182FD A9 78 01    LDA #$0178             A:0002 X:0000 Y:00CC S:012D D:0BA8 DB:86 nvmXdizc V:239 H: 64 F:52
818300 85 5C       STA $5C       [000C04] A:0178 X:0000 Y:00CC S:012D D:0BA8 DB:86 nvmXdizc V:239 H: 69 F:52
818302 A9 52 A5    LDA #$A552             A:0178 X:0000 Y:00CC S:012D D:0BA8 DB:86 nvmXdizc V:239 H: 77 F:52
818305 85 20       STA $20       [000BC8] A:A552 X:0000 Y:00CC S:012D D:0BA8 DB:86 NvmXdizc V:239 H: 82 F:52
818307 A9 97 A5    LDA #$A597             A:A552 X:0000 Y:00CC S:012D D:0BA8 DB:86 NvmXdizc V:239 H: 90 F:52
81830A 85 31       STA $31       [000BD9] A:A597 X:0000 Y:00CC S:012D D:0BA8 DB:86 NvmXdizc V:239 H: 95 F:52
81830C 20 34 99    JSR $9934     [819934] A:A597 X:0000 Y:00CC S:012D D:0BA8 DB:86 NvmXdizc V:239 H:103 F:52

	819934 A5 02       LDA $02       [000BAA] A:A597 X:0000 Y:00CC S:012B D:0BA8 DB:86 NvmXdizc V:239 H:113 F:52
	819936 8D 00 00    STA $0000     [860000] A:0200 X:0000 Y:00CC S:012B D:0BA8 DB:86 nvmXdizc V:239 H:122 F:52
	819939 0A          ASL A                  A:0200 X:0000 Y:00CC S:012B D:0BA8 DB:86 nvmXdizc V:239 H:130 F:52
	81993A 18          CLC                    A:0400 X:0000 Y:00CC S:012B D:0BA8 DB:86 nvmXdizc V:239 H:143 F:52
	81993B 6D 00 00    ADC $0000     [860000] A:0400 X:0000 Y:00CC S:012B D:0BA8 DB:86 nvmXdizc V:239 H:146 F:52
	81993E AA          TAX                    A:0600 X:0000 Y:00CC S:012B D:0BA8 DB:86 nvmXdizc V:239 H:155 F:52
	81993F C2 20       REP #$20               A:0600 X:0000 Y:00CC S:012B D:0BA8 DB:86 nvmXdiZc V:239 H:158 F:52
	819941 BD B1 B9    LDA $B9B1,X   [86B9B1] A:0600 X:0000 Y:00CC S:012B D:0BA8 DB:86 nvmXdiZc V:239 H:162 F:52
	819944 24 68       BIT $68       [000C10] A:0000 X:0000 Y:00CC S:012B D:0BA8 DB:86 nvmXdiZc V:239 H:170 F:52
	819946 70 04       BVS $0004     [81994C] A:0000 X:0000 Y:00CC S:012B D:0BA8 DB:86 nVmXdiZc V:239 H:178 F:52
	81994C 85 1A       STA $1A       [000BC2] A:0000 X:0000 Y:00CC S:012B D:0BA8 DB:86 nVmXdiZc V:239 H:183 F:52
	81994E BD B3 B9    LDA $B9B3,X   [86B9B3] A:0000 X:0000 Y:00CC S:012B D:0BA8 DB:86 nVmXdiZc V:239 H:191 F:52
	819951 85 1C       STA $1C       [000BC4] A:0000 X:0000 Y:00CC S:012B D:0BA8 DB:86 nVmXdiZc V:239 H:199 F:52
	819953 E2 20       SEP #$20               A:0000 X:0000 Y:00CC S:012B D:0BA8 DB:86 nVmXdiZc V:239 H:207 F:52
	819955 BD B5 B9    LDA $B9B5,X   [86B9B5] A:0000 X:0000 Y:00CC S:012B D:0BA8 DB:86 nVMXdiZc V:239 H:212 F:52
	819958 85 1E       STA $1E       [000BC6] A:0000 X:0000 Y:00CC S:012B D:0BA8 DB:86 nVMXdiZc V:239 H:218 F:52
	81995A AF 3D 85 81 LDA $81853D   [81853D] A:0000 X:0000 Y:00CC S:012B D:0BA8 DB:86 nVMXdiZc V:239 H:224 F:52
	81995E CF 74 96 81 CMP $819674   [819674] A:0010 X:0000 Y:00CC S:012B D:0BA8 DB:86 nVMXdizc V:239 H:232 F:52
	819962 F0 05       BEQ $0005     [819969] A:0010 X:0000 Y:00CC S:012B D:0BA8 DB:86 nVMXdiZC V:239 H:239 F:52
	819969 60          RTS                    A:0010 X:0000 Y:00CC S:012B D:0BA8 DB:86 nVMXdiZC V:239 H:244 F:52

81830F E2 20       SEP #$20               A:0010 X:0000 Y:00CC S:012D D:0BA8 DB:86 nVMXdiZC V:239 H:254 F:52
818311 20 92 95    JSR $9592     [819592] A:0010 X:0000 Y:00CC S:012D D:0BA8 DB:86 nVMXdiZC V:239 H:258 F:52					JSR: $819592

	819592 A2 00       LDX #$00               A:0010 X:0000 Y:00CC S:012B D:0BA8 DB:86 nVMXdiZC V:239 H:268 F:52				X = #$00
	819594 AD 99 1F    LDA $1F99     [861F99] A:0010 X:0000 Y:00CC S:012B D:0BA8 DB:86 nVMXdiZC V:239 H:271 F:52				|Skip if you don't have Head Upgrade
	819597 89 01       BIT #$01               A:00FF X:0000 Y:00CC S:012B D:0BA8 DB:86 NVMXdizC V:239 H:278 F:52				|
	819599 F0 02       BEQ $0002     [81959D] A:00FF X:0000 Y:00CC S:012B D:0BA8 DB:86 NVMXdizC V:239 H:281 F:52				|
	81959B A2 18       LDX #$18               A:00FF X:0000 Y:00CC S:012B D:0BA8 DB:86 NVMXdizC V:239 H:284 F:52				|$0BBE = #$18
	81959D 86 16       STX $16       [000BBE] A:00FF X:0018 Y:00CC S:012B D:0BA8 DB:86 nVMXdizC V:239 H:287 F:52				|
	81959F A9 5D       LDA #$5D               A:00FF X:0018 Y:00CC S:012B D:0BA8 DB:86 nVMXdizC V:239 H:293 F:52				
	8195A1 8D 48 0C    STA $0C48     [860C48] A:005D X:0018 Y:00CC S:012B D:0BA8 DB:86 nVMXdizC V:239 H:296 F:52				|$0C48 = #$5D
	8195A4 8D 68 0C    STA $0C68     [860C68] A:005D X:0018 Y:00CC S:012B D:0BA8 DB:86 nVMXdizC V:239 H:303 F:52				|$0C68 = #$5D
	8195A7 8D 88 0C    STA $0C88     [860C88] A:005D X:0018 Y:00CC S:012B D:0BA8 DB:86 nVMXdizC V:239 H:309 F:52				|$0C88 = #$5D
	8195AA 9C 39 0C    STZ $0C39     [860C39] A:005D X:0018 Y:00CC S:012B D:0BA8 DB:86 nVMXdizC V:239 H:316 F:52				|$0C39 = #$00
	8195AD 9C 59 0C    STZ $0C59     [860C59] A:005D X:0018 Y:00CC S:012B D:0BA8 DB:86 nVMXdizC V:239 H:322 F:52				|$0C59 = #$00
	8195B0 9C 79 0C    STZ $0C79     [860C79] A:005D X:0018 Y:00CC S:012B D:0BA8 DB:86 nVMXdizC V:239 H:328 F:52				|$0C79 = #$00
	8195B3 60          RTS                    A:005D X:0018 Y:00CC S:012B D:0BA8 DB:86 nVMXdizC V:239 H:334 F:52				Return

818314 A9 00       LDA #$00               A:005D X:0018 Y:00CC S:012D D:0BA8 DB:86 nVMXdizC V:240 H:  4 F:52					|A = #$00 + $0C17 + $0C1B
818316 18          CLC                    A:0000 X:0018 Y:00CC S:012D D:0BA8 DB:86 nVMXdiZC V:240 H:  7 F:52					|
818317 65 6F       ADC $6F       [000C17] A:0000 X:0018 Y:00CC S:012D D:0BA8 DB:86 nVMXdiZc V:240 H: 10 F:52					|
818319 18          CLC                    A:0022 X:0018 Y:00CC S:012D D:0BA8 DB:86 nvMXdizc V:240 H: 17 F:52					|
81831A 65 73       ADC $73       [000C1B] A:0022 X:0018 Y:00CC S:012D D:0BA8 DB:86 nvMXdizc V:240 H: 20 F:52					|
81831C 22 07 8F 84 JSL $848F07   [848F07] A:0022 X:0018 Y:00CC S:012D D:0BA8 DB:86 nvMXdizc V:240 H: 26 F:52					JSL $848F07 --> Skeleton Load

	848F07 08          PHP                    A:0022 X:0018 Y:00CC S:012A D:0BA8 DB:86 nvMXdizc V:240 H: 40 F:52				Push Processor Flags
	848F08 8B          PHB                    A:0022 X:0018 Y:00CC S:0129 D:0BA8 DB:86 nvMXdizc V:240 H: 45 F:52				Push Bank Register
	848F09 C2 30       REP #$30               A:0022 X:0018 Y:00CC S:0128 D:0BA8 DB:86 nvMXdizc V:240 H: 50 F:52				A:2B,X:1B
	848F0B 8D 0E 00    STA $000E     [86000E] A:0022 X:0018 Y:00CC S:0128 D:0BA8 DB:86 nvmxdizc V:240 H: 54 F:52				$000E = A
	848F0E A5 16       LDA $16       [000BBE] A:0022 X:0018 Y:00CC S:0128 D:0BA8 DB:86 nvmxdizc V:240 H: 63 F:52				|$14 [7E0BBC] = $AFA000,[7E0BBE]*3 = $AFA048 = #$A210
	848F10 29 FF 00    AND #$00FF             A:0018 X:0018 Y:00CC S:0128 D:0BA8 DB:86 nvmxdizc V:240 H: 71 F:52				|
	848F13 8D 0C 00    STA $000C     [86000C] A:0018 X:0018 Y:00CC S:0128 D:0BA8 DB:86 nvmxdizc V:240 H: 76 F:52				|
	848F16 0A          ASL A                  A:0018 X:0018 Y:00CC S:0128 D:0BA8 DB:86 nvmxdizc V:240 H: 84 F:52				|
	848F17 18          CLC                    A:0030 X:0018 Y:00CC S:0128 D:0BA8 DB:86 nvmxdizc V:240 H: 87 F:52				|
	848F18 6D 0C 00    ADC $000C     [86000C] A:0030 X:0018 Y:00CC S:0128 D:0BA8 DB:86 nvmxdizc V:240 H: 90 F:52				|
	848F1B AA          TAX                    A:0048 X:0018 Y:00CC S:0128 D:0BA8 DB:86 nvmxdizc V:240 H: 99 F:52				|
	848F1C BF 00 A0 AF LDA $AFA000,X [AFA048] A:0048 X:0048 Y:00CC S:0128 D:0BA8 DB:86 nvmxdizc V:240 H:102 F:52				|	$14'1
	848F20 85 14       STA $14       [000BBC] A:A210 X:0048 Y:00CC S:0128 D:0BA8 DB:86 Nvmxdizc V:240 H:111 F:52				|
	848F22 E2 20       SEP #$20               A:A210 X:0048 Y:00CC S:0128 D:0BA8 DB:86 Nvmxdizc V:240 H:119 F:52				A:1B
	848F24 BF 02 A0 AF LDA $AFA002,X [AFA04A] A:A210 X:0048 Y:00CC S:0128 D:0BA8 DB:86 NvMxdizc V:240 H:124 F:52				|DB = $AFA002,[7E0BBE]*3 = $AFA04A = #$AF
	848F28 48          PHA                    A:A2AF X:0048 Y:00CC S:0128 D:0BA8 DB:86 NvMxdizc V:240 H:131 F:52				|
	848F29 AB          PLB                    A:A2AF X:0048 Y:00CC S:0127 D:0BA8 DB:86 NvMxdizc V:240 H:146 F:52				|
	848F2A C2 20       REP #$20               A:A2AF X:0048 Y:00CC S:0128 D:0BA8 DB:AF NvMxdizc V:240 H:153 F:52				A:2B
	848F2C AD 0E 00    LDA $000E     [AF000E] A:A2AF X:0048 Y:00CC S:0128 D:0BA8 DB:AF Nvmxdizc V:240 H:157 F:52				|Y = $000E * 2
	848F2F 29 FF 00    AND #$00FF             A:0022 X:0048 Y:00CC S:0128 D:0BA8 DB:AF nvmxdizc V:240 H:166 F:52				|$14 [7E0BBC] = ($14),Y + $14 = [#$A210 + #$0048] + [7E0BBC] = [AFA254] + [7E0BBC] = #$0168 + #$A210 = #$A378
	848F32 0A          ASL A                  A:0022 X:0048 Y:00CC S:0128 D:0BA8 DB:AF nvmxdizc V:240 H:170 F:52				|
	848F33 A8          TAY                    A:0044 X:0048 Y:00CC S:0128 D:0BA8 DB:AF nvmxdizc V:240 H:173 F:52				|
	848F34 B1 14       LDA ($14),Y   [AFA254] A:0044 X:0048 Y:0044 S:0128 D:0BA8 DB:AF nvmxdizc V:240 H:176 F:52				|	($14'1),$000E*2
	848F36 65 14       ADC $14       [000BBC] A:0168 X:0048 Y:0044 S:0128 D:0BA8 DB:AF nvmxdizc V:240 H:189 F:52				|
	848F38 85 14       STA $14       [000BBC] A:A378 X:0048 Y:0044 S:0128 D:0BA8 DB:AF Nvmxdizc V:240 H:198 F:52				|
	848F3A E2 30       SEP #$30               A:A378 X:0048 Y:0044 S:0128 D:0BA8 DB:AF Nvmxdizc V:240 H:206 F:52				A:1B,X:1B
	848F3C B2 14       LDA ($14)     [AFA378] A:A378 X:0048 Y:0044 S:0128 D:0BA8 DB:AF NvMXdizc V:240 H:211 F:52				|Countdown = ($14) = [AFA378] = #$50
	848F3E 85 13       STA $13       [000BBB] A:A350 X:0048 Y:0044 S:0128 D:0BA8 DB:AF nvMXdizc V:240 H:221 F:52				|
	848F40 A0 01       LDY #$01               A:A350 X:0048 Y:0044 S:0128 D:0BA8 DB:AF nvMXdizc V:240 H:227 F:52				|$0F = ($14),1 = [AFA379] = 00
	848F42 B1 14       LDA ($14),Y   [AFA379] A:A350 X:0048 Y:0001 S:0128 D:0BA8 DB:AF nvMXdizc V:240 H:230 F:52				|
	848F44 85 0F       STA $0F       [000BB7] A:A300 X:0048 Y:0001 S:0128 D:0BA8 DB:AF nvMXdiZc V:240 H:240 F:52				|
	848F46 C8          INY                    A:A300 X:0048 Y:0001 S:0128 D:0BA8 DB:AF nvMXdiZc V:240 H:247 F:52				|$17 = ($14),2 = [AFA37A] = 00 + Set bit $#80
	848F47 B1 14       LDA ($14),Y   [AFA37A] A:A300 X:0048 Y:0002 S:0128 D:0BA8 DB:AF nvMXdizc V:240 H:250 F:52				|
	848F49 85 17       STA $17       [000BBF] A:A300 X:0048 Y:0002 S:0128 D:0BA8 DB:AF nvMXdiZc V:240 H:260 F:52				|
	848F4B A9 80       LDA #$80               A:A300 X:0048 Y:0002 S:0128 D:0BA8 DB:AF nvMXdiZc V:240 H:266 F:52				|
	848F4D 04 17       TSB $17       [000BBF] A:A380 X:0048 Y:0002 S:0128 D:0BA8 DB:AF NvMXdizc V:240 H:269 F:52				|
	[...]																														[...]

____________________________________________________________________________________________________________

Sum up routine #848F07

Initial parameters:
a	$16				$0BBE				#$18
b	A = $6F + $73	$#0C17 + #0C1B		#$22

$000E = b	[AFA048]

$14'1 = $AFA000,a*3 = #$A210
DB = $AFA002,a*3 = #$AF

$14'2 = ($14'1),b*2 + $14'1
      = [A210 + 44] + $14'1
      = [AFA254]    + $14'1
      = #$0168      + #$A210
      = #$A378

$13 = ($14'2)   = [AFA378] = #$50		Countdown
$0F = ($14'2),1 = [AFA379]
$17 = ($14'2),2 = [AFA37A] + Bit #$80	CurrentSprite2 


In other words:
[Base +          Offset'1]
[Base + [Base + Offset'2]]
[A210 + [Base +      b*2]]	Value in b determines which value offsets from base.
[A210 + [A210 +       44]]
[A210 +            [A258]]
[A210 +              0168]
[AFA378] = #$50

____________________________________________________________________________________________________________



818320 20 4F 9E    JSR $9E4F     [819E4F] A:A380 X:0048 Y:0002 S:012D D:0BA8 DB:86 nvMXdizc V:240 H:303 F:52				JSR: $819EAF --> Skipped because #$0F does not have #$40 bit set

	819E4F AD 7A 1F    LDA $1F7A     [861F7A] A:A380 X:0048 Y:0002 S:012B D:0BA8 DB:86 nvMXdizc V:240 H:313 F:52			|Return if LevelID <> Chill Penguin
	819E52 C9 08       CMP #$08               A:A308 X:0048 Y:0002 S:012B D:0BA8 DB:86 nvMXdizc V:240 H:319 F:52			|
	819E54 D0 38       BNE $0038     [819E8E] A:A308 X:0048 Y:0002 S:012B D:0BA8 DB:86 nvMXdiZC V:240 H:322 F:52			|
	819E56 24 0F       BIT $0F       [000BB7] A:A308 X:0048 Y:0002 S:012B D:0BA8 DB:86 nvMXdiZC V:240 H:325 F:52			|Skipped because #0F does not have #$40 bit set 
	819E58 50 34       BVC $0034     [819E8E] A:A308 X:0048 Y:0002 S:012B D:0BA8 DB:86 nvMXdiZC V:240 H:331 F:52			|
	819E8E 60          RTS                    A:A308 X:0048 Y:0002 S:012B D:0BA8 DB:86 nvMXdiZC V:240 H:335 F:52			Return

818323 A5 5E       LDA $5E       [000C06] A:A308 X:0048 Y:0002 S:012D D:0BA8 DB:86 nvMXdiZC V:241 H:  5 F:52				|Branch because StateBitflag = Standing
818325 89 04       BIT #$04               A:A304 X:0048 Y:0002 S:012D D:0BA8 DB:86 nvMXdizC V:241 H: 12 F:52				|
818327 D0 03       BNE $0003     [81832C] A:A304 X:0048 Y:0002 S:012D D:0BA8 DB:86 nvMXdizC V:241 H: 15 F:52				|
81832C A5 59       LDA $59       [000C01] A:A304 X:0048 Y:0002 S:012D D:0BA8 DB:86 nvMXdizC V:241 H: 19 F:52				
81832E D0 06       BNE $0006     [818336] A:A300 X:0048 Y:0002 S:012D D:0BA8 DB:86 nvMXdiZC V:241 H: 26 F:52
818330 A5 3B       LDA $3B       [000BE3] A:A300 X:0048 Y:0002 S:012D D:0BA8 DB:86 nvMXdiZC V:241 H: 29 F:52
818332 89 40       BIT #$40               A:A300 X:0048 Y:0002 S:012D D:0BA8 DB:86 nvMXdiZC V:241 H: 35 F:52
818334 F0 08       BEQ $0008     [81833E] A:A300 X:0048 Y:0002 S:012D D:0BA8 DB:86 nvMXdiZC V:241 H: 38 F:52
81833E A5 3B       LDA $3B       [000BE3] A:A300 X:0048 Y:0002 S:012D D:0BA8 DB:86 nvMXdiZC V:241 H: 43 F:52
818340 89 80       BIT #$80               A:A300 X:0048 Y:0002 S:012D D:0BA8 DB:86 nvMXdiZC V:241 H: 49 F:52
818342 F0 09       BEQ $0009     [81834D] A:A300 X:0048 Y:0002 S:012D D:0BA8 DB:86 nvMXdiZC V:241 H: 52 F:52
81834D A5 4F       LDA $4F       [000BF7] A:A300 X:0048 Y:0002 S:012D D:0BA8 DB:86 nvMXdiZC V:241 H: 57 F:52
81834F F0 02       BEQ $0002     [818353] A:A300 X:0048 Y:0002 S:012D D:0BA8 DB:86 nvMXdiZC V:241 H: 63 F:52
818353 20 80 95    JSR $9580     [819580] A:A300 X:0048 Y:0002 S:012D D:0BA8 DB:86 nvMXdiZC V:241 H: 68 F:52

	819580 A5 37       LDA $37       [000BDF] A:A300 X:0048 Y:0002 S:012B D:0BA8 DB:86 nvMXdiZC V:241 H: 78 F:52
	819582 89 02       BIT #$02               A:A300 X:0048 Y:0002 S:012B D:0BA8 DB:86 nvMXdiZC V:241 H: 84 F:52
	819584 F0 03       BEQ $0003     [819589] A:A300 X:0048 Y:0002 S:012B D:0BA8 DB:86 nvMXdiZC V:241 H: 87 F:52
	819589 89 01       BIT #$01               A:A300 X:0048 Y:0002 S:012B D:0BA8 DB:86 nvMXdiZC V:241 H: 92 F:52
	81958B F0 04       BEQ $0004     [819591] A:A300 X:0048 Y:0002 S:012B D:0BA8 DB:86 nvMXdiZC V:241 H: 95 F:52
	819591 60          RTS                    A:A300 X:0048 Y:0002 S:012B D:0BA8 DB:86 nvMXdiZC V:241 H: 99 F:52

818356 F0 15       BEQ $0015     [81836D] A:A300 X:0048 Y:0002 S:012D D:0BA8 DB:86 nvMXdiZC V:241 H:109 F:52
81836D A5 37       LDA $37       [000BDF] A:A300 X:0048 Y:0002 S:012D D:0BA8 DB:86 nvMXdiZC V:241 H:114 F:52
81836F 89 04       BIT #$04               A:A300 X:0048 Y:0002 S:012D D:0BA8 DB:86 nvMXdiZC V:241 H:120 F:52
818371 F0 10       BEQ $0010     [818383] A:A300 X:0048 Y:0002 S:012D D:0BA8 DB:86 nvMXdiZC V:241 H:123 F:52
818383 A5 37       LDA $37       [000BDF] A:A300 X:0048 Y:0002 S:012D D:0BA8 DB:86 nvMXdiZC V:241 H:128 F:52
818385 89 08       BIT #$08               A:A300 X:0048 Y:0002 S:012D D:0BA8 DB:86 nvMXdiZC V:241 H:144 F:52
818387 F0 0C       BEQ $000C     [818395] A:A300 X:0048 Y:0002 S:012D D:0BA8 DB:86 nvMXdiZC V:241 H:147 F:52
818395 A9 22       LDA #$22               A:A300 X:0048 Y:0002 S:012D D:0BA8 DB:86 nvMXdiZC V:241 H:152 F:52
818397 18          CLC                    A:A322 X:0048 Y:0002 S:012D D:0BA8 DB:86 nvMXdizC V:241 H:155 F:52
818398 65 73       ADC $73       [000C1B] A:A322 X:0048 Y:0002 S:012D D:0BA8 DB:86 nvMXdizc V:241 H:158 F:52
81839A 4C 6A 95    JMP $956A     [81956A] A:A322 X:0048 Y:0002 S:012D D:0BA8 DB:86 nvMXdizc V:241 H:164 F:52

81956A A6 50       LDX $50       [000BF8] A:A322 X:0048 Y:0002 S:012D D:0BA8 DB:86 nvMXdizc V:241 H:169 F:52
81956C 30 0D       BMI $000D     [81957B] A:A322 X:00FF Y:0002 S:012D D:0BA8 DB:86 NvMXdizc V:241 H:175 F:52
81957B 22 EA 8E 84 JSL $848EEA   [848EEA] A:A322 X:00FF Y:0002 S:012D D:0BA8 DB:86 NvMXdizc V:241 H:180 F:52

81957F 60          RTS                    A:A322 X:00FF Y:0002 S:012D D:0BA8 DB:86 NvMXdizc V:241 H:246 F:52

____________________________________________________________________________________________________________


848FDE 29 7F       AND #$7F               A:A380 X:00FF Y:0002 S:012B D:0BA8 DB:86 NvMXdizC V:242 H:190 F:52
848FE0 85 17       STA $17       [000BBF] A:A300 X:00FF Y:0002 S:012B D:0BA8 DB:86 nvMXdiZC V:242 H:193 F:52
848FE2 F4 85 86    PEA $8685              A:A300 X:00FF Y:0002 S:012B D:0BA8 DB:86 nvMXdiZC V:242 H:199 F:52
848FE5 AB          PLB                    A:A300 X:00FF Y:0002 S:0129 D:0BA8 DB:86 nvMXdiZC V:242 H:208 F:52
848FE6 C2 30       REP #$30               A:A300 X:00FF Y:0002 S:012A D:0BA8 DB:85 NvMXdizC V:242 H:214 F:52
848FE8 A5 10       LDA $10       [000BB8] A:A300 X:00FF Y:0002 S:012A D:0BA8 DB:85 NvmxdizC V:242 H:219 F:52
848FEA 29 FF 00    AND #$00FF             A:62FF X:00FF Y:0002 S:012A D:0BA8 DB:85 nvmxdizC V:242 H:227 F:52
848FED 0A          ASL A                  A:00FF X:00FF Y:0002 S:012A D:0BA8 DB:85 nvmxdizC V:242 H:232 F:52
848FEE AA          TAX                    A:01FE X:00FF Y:0002 S:012A D:0BA8 DB:85 nvmxdizc V:242 H:235 F:52
848FEF BF 00 80 7F LDA $7F8000,X [7F81FE] A:01FE X:01FE Y:0002 S:012A D:0BA8 DB:85 nvmxdizc V:242 H:238 F:52
848FF3 8D 00 00    STA $0000     [850000] A:0000 X:01FE Y:0002 S:012A D:0BA8 DB:85 nvmxdiZc V:242 H:248 F:52
848FF6 A5 17       LDA $17       [000BBF] A:0000 X:01FE Y:0002 S:012A D:0BA8 DB:85 nvmxdiZc V:242 H:256 F:52
848FF8 29 FF 00    AND #$00FF             A:0000 X:01FE Y:0002 S:012A D:0BA8 DB:85 nvmxdiZc V:242 H:265 F:52
848FFB 0A          ASL A                  A:0000 X:01FE Y:0002 S:012A D:0BA8 DB:85 nvmxdiZc V:242 H:269 F:52
848FFC A8          TAY                    A:0000 X:01FE Y:0002 S:012A D:0BA8 DB:85 nvmxdiZc V:242 H:272 F:52
848FFD 18          CLC                    A:0000 X:01FE Y:0000 S:012A D:0BA8 DB:85 nvmxdiZc V:242 H:275 F:52
848FFE B1 31       LDA ($31),Y   [85A597] A:0000 X:01FE Y:0000 S:012A D:0BA8 DB:85 nvmxdiZc V:242 H:278 F:52
849000 65 31       ADC $31       [000BD9] A:00AB X:01FE Y:0000 S:012A D:0BA8 DB:85 nvmxdizc V:242 H:291 F:52
849002 AA          TAX                    A:A642 X:01FE Y:0000 S:012A D:0BA8 DB:85 Nvmxdizc V:242 H:300 F:52
849003 AD A3 00    LDA $00A3     [8500A3] A:A642 X:A642 Y:0000 S:012A D:0BA8 DB:85 Nvmxdizc V:242 H:303 F:52
849006 29 FF 00    AND #$00FF             A:0000 X:A642 Y:0000 S:012A D:0BA8 DB:85 nvmxdiZc V:242 H:311 F:52
849009 A8          TAY                    A:0000 X:A642 Y:0000 S:012A D:0BA8 DB:85 nvmxdiZc V:242 H:316 F:52
84900A E2 20       SEP #$20               A:0000 X:A642 Y:0000 S:012A D:0BA8 DB:85 nvmxdiZc V:242 H:319 F:52
84900C BD 00 00    LDA $0000,X   [85A642] A:0000 X:A642 Y:0000 S:012A D:0BA8 DB:85 nvMxdiZc V:242 H:323 F:52
84900F F0 72       BEQ $0072     [849083] A:0020 X:A642 Y:0000 S:012A D:0BA8 DB:85 nvMxdizc V:242 H:330 F:52
849011 E2 20       SEP #$20               A:0020 X:A642 Y:0000 S:012A D:0BA8 DB:85 nvMxdizc V:242 H:333 F:52
849013 A9 80       LDA #$80               A:0020 X:A642 Y:0000 S:012A D:0BA8 DB:85 nvMxdizc V:242 H:337 F:52
849015 99 00 05    STA $0500,Y   [850500] A:0080 X:A642 Y:0000 S:012A D:0BA8 DB:85 NvMxdizc V:243 H:  0 F:52
849018 BD 00 00    LDA $0000,X   [85A642] A:0080 X:A642 Y:0000 S:012A D:0BA8 DB:85 NvMxdizc V:243 H:  8 F:52
84901B 4A          LSR A                  A:0020 X:A642 Y:0000 S:012A D:0BA8 DB:85 nvMxdizc V:243 H: 16 F:52
84901C 18          CLC                    A:0010 X:A642 Y:0000 S:012A D:0BA8 DB:85 nvMxdizc V:243 H: 19 F:52
84901D 6D 25 1F    ADC $1F25     [851F25] A:0010 X:A642 Y:0000 S:012A D:0BA8 DB:85 nvMxdizc V:243 H: 22 F:52
849020 8D 25 1F    STA $1F25     [851F25] A:0010 X:A642 Y:0000 S:012A D:0BA8 DB:85 nvMxdizc V:243 H: 28 F:52
849023 BD 00 00    LDA $0000,X   [85A642] A:0010 X:A642 Y:0000 S:012A D:0BA8 DB:85 nvMxdizc V:243 H: 35 F:52
849026 C2 21       REP #$21               A:0020 X:A642 Y:0000 S:012A D:0BA8 DB:85 nvMxdizc V:243 H: 42 F:52
849028 29 FF 00    AND #$00FF             A:0020 X:A642 Y:0000 S:012A D:0BA8 DB:85 nvmxdizc V:243 H: 47 F:52
84902B 0A          ASL A                  A:0020 X:A642 Y:0000 S:012A D:0BA8 DB:85 nvmxdizc V:243 H: 51 F:52
84902C 0A          ASL A                  A:0040 X:A642 Y:0000 S:012A D:0BA8 DB:85 nvmxdizc V:243 H: 54 F:52
84902D 0A          ASL A                  A:0080 X:A642 Y:0000 S:012A D:0BA8 DB:85 nvmxdizc V:243 H: 57 F:52
84902E 0A          ASL A                  A:0100 X:A642 Y:0000 S:012A D:0BA8 DB:85 nvmxdizc V:243 H: 60 F:52
84902F 99 03 05    STA $0503,Y   [850503] A:0200 X:A642 Y:0000 S:012A D:0BA8 DB:85 nvmxdizc V:243 H: 63 F:52
849032 BD 01 00    LDA $0001,X   [85A643] A:0200 X:A642 Y:0000 S:012A D:0BA8 DB:85 nvmxdizc V:243 H: 73 F:52
849035 18          CLC                    A:8000 X:A642 Y:0000 S:012A D:0BA8 DB:85 Nvmxdizc V:243 H: 82 F:52
849036 6D 00 00    ADC $0000     [850000] A:8000 X:A642 Y:0000 S:012A D:0BA8 DB:85 Nvmxdizc V:243 H: 85 F:52
849039 99 05 05    STA $0505,Y   [850505] A:8000 X:A642 Y:0000 S:012A D:0BA8 DB:85 Nvmxdizc V:243 H: 94 F:52
84903C A5 17       LDA $17       [000BBF] A:8000 X:A642 Y:0000 S:012A D:0BA8 DB:85 Nvmxdizc V:243 H:104 F:52
84903E 29 00 FF    AND #$FF00             A:0000 X:A642 Y:0000 S:012A D:0BA8 DB:85 nvmxdiZc V:243 H:112 F:52
849041 4A          LSR A                  A:0000 X:A642 Y:0000 S:012A D:0BA8 DB:85 nvmxdiZc V:243 H:117 F:52
849042 4A          LSR A                  A:0000 X:A642 Y:0000 S:012A D:0BA8 DB:85 nvmxdiZc V:243 H:120 F:52
849043 4A          LSR A                  A:0000 X:A642 Y:0000 S:012A D:0BA8 DB:85 nvmxdiZc V:243 H:123 F:52
849044 4A          LSR A                  A:0000 X:A642 Y:0000 S:012A D:0BA8 DB:85 nvmxdiZc V:243 H:126 F:52
849045 8D 02 00    STA $0002     [850002] A:0000 X:A642 Y:0000 S:012A D:0BA8 DB:85 nvmxdiZc V:243 H:129 F:52
849048 E2 20       SEP #$20               A:0000 X:A642 Y:0000 S:012A D:0BA8 DB:85 nvmxdiZc V:243 H:147 F:52
84904A BD 03 00    LDA $0003,X   [85A645] A:0000 X:A642 Y:0000 S:012A D:0BA8 DB:85 nvMxdiZc V:243 H:152 F:52
84904D 99 07 05    STA $0507,Y   [850507] A:00AE X:A642 Y:0000 S:012A D:0BA8 DB:85 NvMxdizc V:243 H:159 F:52
849050 AD 02 00    LDA $0002     [850002] A:00AE X:A642 Y:0000 S:012A D:0BA8 DB:85 NvMxdizc V:243 H:167 F:52
849053 99 01 05    STA $0501,Y   [850501] A:0000 X:A642 Y:0000 S:012A D:0BA8 DB:85 nvMxdiZc V:243 H:174 F:52
849056 BD 04 00    LDA $0004,X   [85A646] A:0000 X:A642 Y:0000 S:012A D:0BA8 DB:85 nvMxdiZc V:243 H:182 F:52
849059 30 17       BMI $0017     [849072] A:0060 X:A642 Y:0000 S:012A D:0BA8 DB:85 nvMxdizc V:243 H:189 F:52
84905B 29 7F       AND #$7F               A:0060 X:A642 Y:0000 S:012A D:0BA8 DB:85 nvMxdizc V:243 H:192 F:52
84905D 18          CLC                    A:0060 X:A642 Y:0000 S:012A D:0BA8 DB:85 nvMxdizc V:243 H:195 F:52
84905E 6D 03 00    ADC $0003     [850003] A:0060 X:A642 Y:0000 S:012A D:0BA8 DB:85 nvMxdizc V:243 H:198 F:52
849061 99 02 05    STA $0502,Y   [850502] A:0060 X:A642 Y:0000 S:012A D:0BA8 DB:85 nvMxdizc V:243 H:205 F:52
849064 C2 21       REP #$21               A:0060 X:A642 Y:0000 S:012A D:0BA8 DB:85 nvMxdizc V:243 H:213 F:52
849066 98          TYA                    A:0060 X:A642 Y:0000 S:012A D:0BA8 DB:85 nvmxdizc V:243 H:217 F:52
849067 69 08 00    ADC #$0008             A:0000 X:A642 Y:0000 S:012A D:0BA8 DB:85 nvmxdiZc V:243 H:220 F:52
84906A A8          TAY                    A:0008 X:A642 Y:0000 S:012A D:0BA8 DB:85 nvmxdizc V:243 H:225 F:52
84906B 8A          TXA                    A:0008 X:A642 Y:0008 S:012A D:0BA8 DB:85 nvmxdizc V:243 H:228 F:52
84906C 69 05 00    ADC #$0005             A:A642 X:A642 Y:0008 S:012A D:0BA8 DB:85 Nvmxdizc V:243 H:231 F:52
84906F AA          TAX                    A:A647 X:A642 Y:0008 S:012A D:0BA8 DB:85 Nvmxdizc V:243 H:235 F:52
849070 80 9F       BRA $009F     [849011] A:A647 X:A647 Y:0008 S:012A D:0BA8 DB:85 Nvmxdizc V:243 H:238 F:52
849072 E2 30       SEP #$30               A:00E1 X:A647 Y:0008 S:012A D:0BA8 DB:85 NvMxdizc V:244 H: 93 F:52
849074 29 7F       AND #$7F               A:00E1 X:0047 Y:0008 S:012A D:0BA8 DB:85 NvMXdizc V:244 H: 97 F:52
849076 18          CLC                    A:0061 X:0047 Y:0008 S:012A D:0BA8 DB:85 nvMXdizc V:244 H:100 F:52
849077 6D 03 00    ADC $0003     [850003] A:0061 X:0047 Y:0008 S:012A D:0BA8 DB:85 nvMXdizc V:244 H:103 F:52
84907A 99 02 05    STA $0502,Y   [85050A] A:0061 X:0047 Y:0008 S:012A D:0BA8 DB:85 nvMXdizc V:244 H:110 F:52
84907D 98          TYA                    A:0061 X:0047 Y:0008 S:012A D:0BA8 DB:85 nvMXdizc V:244 H:118 F:52
84907E 69 08       ADC #$08               A:0008 X:0047 Y:0008 S:012A D:0BA8 DB:85 nvMXdizc V:244 H:121 F:52
849080 8D A3 00    STA $00A3     [8500A3] A:0010 X:0047 Y:0008 S:012A D:0BA8 DB:85 nvMXdizc V:244 H:124 F:52
849083 AB          PLB                    A:0010 X:0047 Y:0008 S:012A D:0BA8 DB:85 nvMXdizc V:244 H:130 F:52
849084 28          PLP                    A:0010 X:0047 Y:0008 S:012B D:0BA8 DB:86 NvMXdizc V:244 H:147 F:52
849085 6B          RTL                    A:0010 X:0047 Y:0008 S:012C D:0BA8 DB:86 nvMXdiZc V:244 H:153 F:52

81B629 A5 33       LDA $33       [000E9B] A:0104 X:0004 Y:0027 S:012E D:0E68 DB:86 nvMXdizc V:252 H:172 F:52
81B62B 04 11       TSB $11       [000E79] A:0108 X:0004 Y:0027 S:012E D:0E68 DB:86 nvMXdizc V:252 H:179 F:52
81B62D C2 20       REP #$20               A:0108 X:0004 Y:0027 S:012E D:0E68 DB:86 nvMXdizc V:252 H:189 F:52
81B62F A9 2D C4    LDA #$C42D             A:0108 X:0004 Y:0027 S:012E D:0E68 DB:86 nvmXdizc V:252 H:193 F:52
81B632 85 20       STA $20       [000E88] A:C42D X:0004 Y:0027 S:012E D:0E68 DB:86 NvmXdizc V:252 H:198 F:52
81B634 E2 20       SEP #$20               A:C42D X:0004 Y:0027 S:012E D:0E68 DB:86 NvmXdizc V:252 H:206 F:52
81B636 A6 02       LDX $02       [000E6A] A:C42D X:0004 Y:0027 S:012E D:0E68 DB:86 NvMXdizc V:252 H:211 F:52
81B638 FC F3 B6    JSR ($B6F3,X) [81B6F3] A:C42D X:0000 Y:0027 S:012E D:0E68 DB:86 nvMXdiZc V:252 H:217 F:52

81B6FF A6 03       LDX $03       [000E6B] A:C42D X:0000 Y:0027 S:012C D:0E68 DB:86 nvMXdiZc V:252 H:230 F:52
81B701 7C 04 B7    JMP ($B704,X) [81B704] A:C42D X:0000 Y:0027 S:012C D:0E68 DB:86 nvMXdiZc V:252 H:237 F:52

81B70A A9 02       LDA #$02               A:C42D X:0000 Y:0027 S:012C D:0E68 DB:86 nvMXdiZc V:252 H:246 F:52
81B70C 85 03       STA $03       [000E6B] A:C402 X:0000 Y:0027 S:012C D:0E68 DB:86 nvMXdizc V:252 H:249 F:52
81B70E A9 01       LDA #$01               A:C402 X:0000 Y:0027 S:012C D:0E68 DB:86 nvMXdizc V:252 H:255 F:52
81B710 22 07 8F 84 JSL $848F07   [848F07] A:C401 X:0000 Y:0027 S:012C D:0E68 DB:86 nvMXdizc V:252 H:258 F:52

81B714 A9 04       LDA #$04               A:D080 X:0035 Y:0002 S:012C D:0E68 DB:86 nvMXdizc V:253 H:194 F:52
81B716 85 36       STA $36       [000E9E] A:D004 X:0035 Y:0002 S:012C D:0E68 DB:86 nvMXdizc V:253 H:197 F:52
81B718 22 A5 AC 84 JSL $84ACA5   [84ACA5] A:D004 X:0035 Y:0002 S:012C D:0E68 DB:86 nvMXdizc V:253 H:203 F:52

84ACA5 08          PHP                    A:D004 X:0035 Y:0002 S:0129 D:0E68 DB:86 nvMXdizc V:253 H:217 F:52
84ACA6 E2 20       SEP #$20               A:D004 X:0035 Y:0002 S:0128 D:0E68 DB:86 nvMXdizc V:253 H:222 F:52
84ACA8 A9 40       LDA #$40               A:D004 X:0035 Y:0002 S:0128 D:0E68 DB:86 nvMXdizc V:253 H:226 F:52
84ACAA 14 11       TRB $11       [000E79] A:D040 X:0035 Y:0002 S:0128 D:0E68 DB:86 nvMXdizc V:253 H:229 F:52
84ACAC C2 20       REP #$20               A:D040 X:0035 Y:0002 S:0128 D:0E68 DB:86 nvMXdiZc V:253 H:239 F:52
84ACAE AD AD 0B    LDA $0BAD     [860BAD] A:D040 X:0035 Y:0002 S:0128 D:0E68 DB:86 nvmXdiZc V:253 H:244 F:52
84ACB1 38          SEC                    A:1E1D X:0035 Y:0002 S:0128 D:0E68 DB:86 nvmXdizc V:253 H:252 F:52
84ACB2 E5 05       SBC $05       [000E6D] A:1E1D X:0035 Y:0002 S:0128 D:0E68 DB:86 nvmXdizC V:253 H:255 F:52
84ACB4 E2 20       SEP #$20               A:FF4D X:0035 Y:0002 S:0128 D:0E68 DB:86 NvmXdizc V:253 H:264 F:52
84ACB6 A9 00       LDA #$00               A:FF4D X:0035 Y:0002 S:0128 D:0E68 DB:86 NvMXdizc V:253 H:268 F:52
84ACB8 6A          ROR A                  A:FF00 X:0035 Y:0002 S:0128 D:0E68 DB:86 nvMXdiZc V:253 H:271 F:52
84ACB9 4A          LSR A                  A:FF00 X:0035 Y:0002 S:0128 D:0E68 DB:86 nvMXdiZc V:253 H:274 F:52
84ACBA 04 11       TSB $11       [000E79] A:FF00 X:0035 Y:0002 S:0128 D:0E68 DB:86 nvMXdiZc V:253 H:277 F:52
84ACBC 28          PLP                    A:FF00 X:0035 Y:0002 S:0128 D:0E68 DB:86 nvMXdiZc V:253 H:287 F:52
84ACBD 6B          RTL                    A:FF00 X:0035 Y:0002 S:0129 D:0E68 DB:86 nvMXdizc V:253 H:294 F:52

81B71C A9 01       LDA #$01               A:FF00 X:0035 Y:0002 S:012C D:0E68 DB:86 nvMXdizc V:253 H:304 F:52
81B71E 85 38       STA $38       [000EA0] A:FF01 X:0035 Y:0002 S:012C D:0E68 DB:86 nvMXdizc V:253 H:307 F:52
81B720 60          RTS                    A:FF01 X:0035 Y:0002 S:012C D:0E68 DB:86 nvMXdizc V:253 H:314 F:52

81B63B A9 09       LDA #$09               A:FF01 X:0035 Y:0002 S:012E D:0E68 DB:86 nvMXdizc V:253 H:323 F:52
81B63D A6 35       LDX $35       [000E9D] A:FF09 X:0035 Y:0002 S:012E D:0E68 DB:86 nvMXdizc V:253 H:326 F:52
81B63F F0 02       BEQ $0002     [81B643] A:FF09 X:0000 Y:0002 S:012E D:0E68 DB:86 nvMXdiZc V:253 H:332 F:52
81B643 85 28       STA $28       [000E90] A:FF09 X:0000 Y:0002 S:012E D:0E68 DB:86 nvMXdiZc V:253 H:337 F:52
81B645 A5 39       LDA $39       [000EA1] A:FF09 X:0000 Y:0002 S:012E D:0E68 DB:86 nvMXdiZc V:254 H:  3 F:52
81B647 F0 02       BEQ $0002     [81B64B] A:FF00 X:0000 Y:0002 S:012E D:0E68 DB:86 nvMXdiZc V:254 H: 10 F:52
81B64B A5 17       LDA $17       [000E7F] A:FF00 X:0000 Y:0002 S:012E D:0E68 DB:86 nvMXdiZc V:254 H: 14 F:52
81B64D 29 7F       AND #$7F               A:FF80 X:0000 Y:0002 S:012E D:0E68 DB:86 NvMXdizc V:254 H: 21 F:52
81B64F AA          TAX                    A:FF00 X:0000 Y:0002 S:012E D:0E68 DB:86 nvMXdiZc V:254 H: 24 F:52
81B650 BD AB C4    LDA $C4AB,X   [86C4AB] A:FF00 X:0000 Y:0002 S:012E D:0E68 DB:86 nvMXdiZc V:254 H: 27 F:52
81B653 0A          ASL A                  A:FF00 X:0000 Y:0002 S:012E D:0E68 DB:86 nvMXdiZc V:254 H: 33 F:52
81B654 0A          ASL A                  A:FF00 X:0000 Y:0002 S:012E D:0E68 DB:86 nvMXdiZc V:254 H: 36 F:52
81B655 C2 20       REP #$20               A:FF00 X:0000 Y:0002 S:012E D:0E68 DB:86 nvMXdiZc V:254 H: 39 F:52
81B657 29 FF 00    AND #$00FF             A:FF00 X:0000 Y:0002 S:012E D:0E68 DB:86 nvmXdiZc V:254 H: 43 F:52
81B65A 18          CLC                    A:0000 X:0000 Y:0002 S:012E D:0E68 DB:86 nvmXdiZc V:254 H: 48 F:52
81B65B 69 37 C4    ADC #$C437             A:0000 X:0000 Y:0002 S:012E D:0E68 DB:86 nvmXdiZc V:254 H: 51 F:52
81B65E 85 20       STA $20       [000E88] A:C437 X:0000 Y:0002 S:012E D:0E68 DB:86 NvmXdizc V:254 H: 55 F:52
81B660 E2 20       SEP #$20               A:C437 X:0000 Y:0002 S:012E D:0E68 DB:86 NvmXdizc V:254 H: 64 F:52
81B662 22 43 9B 84 JSL $849B43   [849B43] A:C437 X:0000 Y:0002 S:012E D:0E68 DB:86 NvMXdizc V:254 H: 68 F:52

849B43 C2 10       REP #$10               A:C437 X:0000 Y:0002 S:012B D:0E68 DB:86 NvMXdizc V:254 H: 82 F:52
849B45 A5 27       LDA $27       [000E8F] A:C437 X:0000 Y:0002 S:012B D:0E68 DB:86 NvMxdizc V:254 H: 86 F:52
849B47 29 7F       AND #$7F               A:C420 X:0000 Y:0002 S:012B D:0E68 DB:86 nvMxdizc V:254 H: 93 F:52
849B49 85 27       STA $27       [000E8F] A:C420 X:0000 Y:0002 S:012B D:0E68 DB:86 nvMxdizc V:254 H: 96 F:52
849B4B F0 2C       BEQ $002C     [849B79] A:C420 X:0000 Y:0002 S:012B D:0E68 DB:86 nvMxdizc V:254 H:102 F:52
849B4D A5 30       LDA $30       [000E98] A:C420 X:0000 Y:0002 S:012B D:0E68 DB:86 nvMxdizc V:254 H:105 F:52
849B4F D0 28       BNE $0028     [849B79] A:C400 X:0000 Y:0002 S:012B D:0E68 DB:86 nvMxdiZc V:254 H:112 F:52
849B51 A5 0E       LDA $0E       [000E76] A:C400 X:0000 Y:0002 S:012B D:0E68 DB:86 nvMxdiZc V:254 H:115 F:52
849B53 F0 24       BEQ $0024     [849B79] A:C401 X:0000 Y:0002 S:012B D:0E68 DB:86 nvMxdizc V:254 H:121 F:52
849B55 A2 28 12    LDX #$1228             A:C401 X:0000 Y:0002 S:012B D:0E68 DB:86 nvMxdizc V:254 H:124 F:52
849B58 E2 20       SEP #$20               A:C401 X:1228 Y:0002 S:012B D:0E68 DB:86 nvMxdizc V:254 H:129 F:52
849B5A BD 00 00    LDA $0000,X   [861228] A:C401 X:1228 Y:0002 S:012B D:0E68 DB:86 nvMxdizc V:254 H:133 F:52
849B5D F0 0E       BEQ $000E     [849B6D] A:C400 X:1228 Y:0002 S:012B D:0E68 DB:86 nvMxdiZc V:254 H:151 F:52
849B6D C2 21       REP #$21               A:C400 X:1228 Y:0002 S:012B D:0E68 DB:86 nvMxdiZc V:254 H:156 F:52
849B6F 8A          TXA                    A:C400 X:1228 Y:0002 S:012B D:0E68 DB:86 nvmxdiZc V:254 H:160 F:52
849B70 69 40 00    ADC #$0040             A:1228 X:1228 Y:0002 S:012B D:0E68 DB:86 nvmxdizc V:254 H:163 F:52
849B73 AA          TAX                    A:1268 X:1228 Y:0002 S:012B D:0E68 DB:86 nvmxdizc V:254 H:168 F:52
849B74 C9 28 14    CMP #$1428             A:1268 X:1268 Y:0002 S:012B D:0E68 DB:86 nvmxdizc V:254 H:171 F:52
849B77 90 DF       BCC $00DF     [849B58] A:1268 X:1268 Y:0002 S:012B D:0E68 DB:86 Nvmxdizc V:254 H:175 F:52
849B79 E2 30       SEP #$30               A:1428 X:1428 Y:0002 S:012B D:0E68 DB:86 nvmxdiZC V:255 H:124 F:52
849B7B A9 00       LDA #$00               A:1428 X:0028 Y:0002 S:012B D:0E68 DB:86 nvMXdiZC V:255 H:129 F:52
849B7D 6B          RTL                    A:1400 X:0028 Y:0002 S:012B D:0E68 DB:86 nvMXdiZC V:255 H:132 F:52

81B666 F0 5C       BEQ $005C     [81B6C4] A:1400 X:0028 Y:0002 S:012E D:0E68 DB:86 nvMXdiZC V:255 H:152 F:52
81B6C4 A5 35       LDA $35       [000E9D] A:1400 X:0028 Y:0002 S:012E D:0E68 DB:86 nvMXdiZC V:255 H:157 F:52
81B6C6 F0 18       BEQ $0018     [81B6E0] A:1400 X:0028 Y:0002 S:012E D:0E68 DB:86 nvMXdiZC V:255 H:163 F:52
81B6E0 22 03 9B 84 JSL $849B03   [849B03] A:1400 X:0028 Y:0002 S:012E D:0E68 DB:86 nvMXdiZC V:255 H:168 F:52

849B03 C2 10       REP #$10               A:1400 X:0028 Y:0002 S:012B D:0E68 DB:86 nvMXdiZC V:255 H:181 F:52
849B05 A5 27       LDA $27       [000E8F] A:1400 X:0028 Y:0002 S:012B D:0E68 DB:86 nvMxdiZC V:255 H:186 F:52
849B07 F0 70       BEQ $0070     [849B79] A:1420 X:0028 Y:0002 S:012B D:0E68 DB:86 nvMxdizC V:255 H:192 F:52
849B09 A5 0E       LDA $0E       [000E76] A:1420 X:0028 Y:0002 S:012B D:0E68 DB:86 nvMxdizC V:255 H:195 F:52
849B0B F0 31       BEQ $0031     [849B3E] A:1401 X:0028 Y:0002 S:012B D:0E68 DB:86 nvMxdizC V:255 H:202 F:52
849B0D AD 0C 1F    LDA $1F0C     [861F0C] A:1401 X:0028 Y:0002 S:012B D:0E68 DB:86 nvMxdizC V:255 H:205 F:52
849B10 D0 2C       BNE $002C     [849B3E] A:1400 X:0028 Y:0002 S:012B D:0E68 DB:86 nvMxdiZC V:255 H:211 F:52
849B12 AD 32 0C    LDA $0C32     [860C32] A:1400 X:0028 Y:0002 S:012B D:0E68 DB:86 nvMxdiZC V:255 H:214 F:52
849B15 D0 11       BNE $0011     [849B28] A:1400 X:0028 Y:0002 S:012B D:0E68 DB:86 nvMxdiZC V:255 H:221 F:52
849B17 AD 30 0C    LDA $0C30     [860C30] A:1400 X:0028 Y:0002 S:012B D:0E68 DB:86 nvMxdiZC V:255 H:224 F:52
849B1A D0 0C       BNE $000C     [849B28] A:1400 X:0028 Y:0002 S:012B D:0E68 DB:86 nvMxdiZC V:255 H:230 F:52
849B1C A2 A8 0B    LDX #$0BA8             A:1400 X:0028 Y:0002 S:012B D:0E68 DB:86 nvMxdiZC V:255 H:233 F:52
849B1F 22 0E 9C 84 JSL $849C0E   [849C0E] A:1400 X:0BA8 Y:0002 S:012B D:0E68 DB:86 nvMxdizC V:255 H:238 F:52

849C0E 5A          PHY                    A:1400 X:0BA8 Y:0002 S:0128 D:0E68 DB:86 nvMxdizC V:255 H:251 F:52
849C0F A4 20       LDY $20       [000E88] A:1400 X:0BA8 Y:0002 S:0126 D:0E68 DB:86 nvMxdizC V:255 H:258 F:52
849C11 D0 03       BNE $0003     [849C16] A:1400 X:0BA8 Y:C437 S:0126 D:0E68 DB:86 NvMxdizC V:255 H:267 F:52
849C16 BC 20 00    LDY $0020,X   [860BC8] A:1400 X:0BA8 Y:C437 S:0126 D:0E68 DB:86 NvMxdizC V:255 H:271 F:52
849C19 D0 03       BNE $0003     [849C1E] A:1400 X:0BA8 Y:A552 S:0126 D:0E68 DB:86 NvMxdizC V:255 H:281 F:52
849C1E C2 20       REP #$20               A:1400 X:0BA8 Y:A552 S:0126 D:0E68 DB:86 NvMxdizC V:255 H:286 F:52
849C20 DA          PHX                    A:1400 X:0BA8 Y:A552 S:0126 D:0E68 DB:86 NvmxdizC V:255 H:290 F:52
849C21 BD 05 00    LDA $0005,X   [860BAD] A:1400 X:0BA8 Y:A552 S:0124 D:0E68 DB:86 NvmxdizC V:255 H:297 F:52
849C24 8D 04 00    STA $0004     [860004] A:1E1D X:0BA8 Y:A552 S:0124 D:0E68 DB:86 nvmxdizC V:255 H:307 F:52
849C27 BD 08 00    LDA $0008,X   [860BB0] A:1E1D X:0BA8 Y:A552 S:0124 D:0E68 DB:86 nvmxdizC V:255 H:316 F:52
849C2A 8D 06 00    STA $0006     [860006] A:01AF X:0BA8 Y:A552 S:0124 D:0E68 DB:86 nvmxdizC V:255 H:325 F:52
849C2D A5 05       LDA $05       [000E6D] A:01AF X:0BA8 Y:A552 S:0124 D:0E68 DB:86 nvmxdizC V:255 H:333 F:52
849C2F 8D 0C 00    STA $000C     [86000C] A:1ED0 X:0BA8 Y:A552 S:0124 D:0E68 DB:86 nvmxdizC V:256 H:  2 F:52
849C32 A5 08       LDA $08       [000E70] A:1ED0 X:0BA8 Y:A552 S:0124 D:0E68 DB:86 nvmxdizC V:256 H: 10 F:52
849C34 8D 0E 00    STA $000E     [86000E] A:01AC X:0BA8 Y:A552 S:0124 D:0E68 DB:86 nvmxdizC V:256 H: 19 F:52
849C37 E2 20       SEP #$20               A:01AC X:0BA8 Y:A552 S:0124 D:0E68 DB:86 nvmxdizC V:256 H: 27 F:52
849C39 BD 11 00    LDA $0011,X   [860BB9] A:01AC X:0BA8 Y:A552 S:0124 D:0E68 DB:86 nvMxdizC V:256 H: 32 F:52
849C3C 8D 08 00    STA $0008     [860008] A:0162 X:0BA8 Y:A552 S:0124 D:0E68 DB:86 nvMxdizC V:256 H: 40 F:52
849C3F A5 11       LDA $11       [000E79] A:0162 X:0BA8 Y:A552 S:0124 D:0E68 DB:86 nvMxdizC V:256 H: 46 F:52
849C41 8D 09 00    STA $0009     [860009] A:0129 X:0BA8 Y:A552 S:0124 D:0E68 DB:86 nvMxdizC V:256 H: 53 F:52
849C44 BC 20 00    LDY $0020,X   [860BC8] A:0129 X:0BA8 Y:A552 S:0124 D:0E68 DB:86 nvMxdizC V:256 H: 59 F:52
849C47 A6 20       LDX $20       [000E88] A:0129 X:0BA8 Y:A552 S:0124 D:0E68 DB:86 NvMxdizC V:256 H: 69 F:52
849C49 0B          PHD                    A:0129 X:C437 Y:A552 S:0124 D:0E68 DB:86 NvMxdizC V:256 H: 78 F:52
849C4A F4 00 00    PEA $0000              A:0129 X:C437 Y:A552 S:0122 D:0E68 DB:86 NvMxdizC V:256 H: 85 F:52
849C4D 2B          PLD                    A:0129 X:C437 Y:A552 S:0120 D:0E68 DB:86 NvMxdizC V:256 H: 93 F:52
849C4E BD 02 00    LDA $0002,X   [86C439] A:0129 X:C437 Y:A552 S:0122 D:0000 DB:86 nvMxdiZC V:256 H:102 F:52
849C51 18          CLC                    A:010A X:C437 Y:A552 S:0122 D:0000 DB:86 nvMxdizC V:256 H:109 F:52
849C52 79 02 00    ADC $0002,Y   [86A554] A:010A X:C437 Y:A552 S:0122 D:0000 DB:86 nvMxdizc V:256 H:112 F:52
849C55 85 00       STA $00       [000000] A:0110 X:C437 Y:A552 S:0122 D:0000 DB:86 nvMxdizc V:256 H:120 F:52
849C57 64 01       STZ $01       [000001] A:0110 X:C437 Y:A552 S:0122 D:0000 DB:86 nvMxdizc V:256 H:125 F:52
849C59 BD 03 00    LDA $0003,X   [86C43A] A:0110 X:C437 Y:A552 S:0122 D:0000 DB:86 nvMxdizc V:256 H:130 F:52
849C5C 18          CLC                    A:010F X:C437 Y:A552 S:0122 D:0000 DB:86 nvMxdizc V:256 H:147 F:52
849C5D 79 03 00    ADC $0003,Y   [86A555] A:010F X:C437 Y:A552 S:0122 D:0000 DB:86 nvMxdizc V:256 H:150 F:52
849C60 85 02       STA $02       [000002] A:011D X:C437 Y:A552 S:0122 D:0000 DB:86 nvMxdizc V:256 H:158 F:52
849C62 64 03       STZ $03       [000003] A:011D X:C437 Y:A552 S:0122 D:0000 DB:86 nvMxdizc V:256 H:163 F:52
849C64 C2 21       REP #$21               A:011D X:C437 Y:A552 S:0122 D:0000 DB:86 nvMxdizc V:256 H:168 F:52
849C66 B9 00 00    LDA $0000,Y   [86A552] A:011D X:C437 Y:A552 S:0122 D:0000 DB:86 nvmxdizc V:256 H:172 F:52
849C69 29 FF 00    AND #$00FF             A:FF00 X:C437 Y:A552 S:0122 D:0000 DB:86 Nvmxdizc V:256 H:181 F:52
849C6C 89 80 00    BIT #$0080             A:0000 X:C437 Y:A552 S:0122 D:0000 DB:86 nvmxdiZc V:256 H:186 F:52
849C6F F0 03       BEQ $0003     [849C74] A:0000 X:C437 Y:A552 S:0122 D:0000 DB:86 nvmxdiZc V:256 H:190 F:52
849C74 24 07       BIT $07       [000007] A:0000 X:C437 Y:A552 S:0122 D:0000 DB:86 nvmxdiZc V:256 H:195 F:52
849C76 50 04       BVC $0004     [849C7C] A:0000 X:C437 Y:A552 S:0122 D:0000 DB:86 nVmxdiZc V:256 H:202 F:52
849C78 49 FF FF    EOR #$FFFF             A:0000 X:C437 Y:A552 S:0122 D:0000 DB:86 nVmxdiZc V:256 H:205 F:52
849C7B 1A          INC                    A:FFFF X:C437 Y:A552 S:0122 D:0000 DB:86 NVmxdizc V:256 H:209 F:52
849C7C 85 0A       STA $0A       [00000A] A:0000 X:C437 Y:A552 S:0122 D:0000 DB:86 nVmxdiZc V:256 H:212 F:52
849C7E 64 10       STZ $10       [000010] A:0000 X:C437 Y:A552 S:0122 D:0000 DB:86 nVmxdiZc V:256 H:219 F:52
849C80 BD 00 00    LDA $0000,X   [86C437] A:0000 X:C437 Y:A552 S:0122 D:0000 DB:86 nVmxdiZc V:256 H:226 F:52
849C83 29 FF 00    AND #$00FF             A:0200 X:C437 Y:A552 S:0122 D:0000 DB:86 nVmxdizc V:256 H:235 F:52
849C86 89 80 00    BIT #$0080             A:0000 X:C437 Y:A552 S:0122 D:0000 DB:86 nVmxdiZc V:256 H:240 F:52
849C89 F0 03       BEQ $0003     [849C8E] A:0000 X:C437 Y:A552 S:0122 D:0000 DB:86 nVmxdiZc V:256 H:244 F:52
849C8E 24 08       BIT $08       [000008] A:0000 X:C437 Y:A552 S:0122 D:0000 DB:86 nVmxdiZc V:256 H:249 F:52
849C90 50 04       BVC $0004     [849C96] A:0000 X:C437 Y:A552 S:0122 D:0000 DB:86 nvmxdiZc V:256 H:256 F:52
849C96 65 0C       ADC $0C       [00000C] A:0000 X:C437 Y:A552 S:0122 D:0000 DB:86 nvmxdiZc V:256 H:260 F:52
849C98 38          SEC                    A:1ED0 X:C437 Y:A552 S:0122 D:0000 DB:86 nvmxdizc V:256 H:267 F:52
849C99 E5 04       SBC $04       [000004] A:1ED0 X:C437 Y:A552 S:0122 D:0000 DB:86 nvmxdizC V:256 H:270 F:52
849C9B 38          SEC                    A:00B3 X:C437 Y:A552 S:0122 D:0000 DB:86 nvmxdizC V:256 H:277 F:52
849C9C E5 0A       SBC $0A       [00000A] A:00B3 X:C437 Y:A552 S:0122 D:0000 DB:86 nvmxdizC V:256 H:280 F:52
849C9E 10 06       BPL $0006     [849CA6] A:00B3 X:C437 Y:A552 S:0122 D:0000 DB:86 nvmxdizC V:256 H:287 F:52
849CA6 85 04       STA $04       [000004] A:00B3 X:C437 Y:A552 S:0122 D:0000 DB:86 nvmxdizC V:256 H:292 F:52
849CA8 A5 00       LDA $00       [000000] A:00B3 X:C437 Y:A552 S:0122 D:0000 DB:86 nvmxdizC V:256 H:299 F:52
849CAA 38          SEC                    A:0010 X:C437 Y:A552 S:0122 D:0000 DB:86 nvmxdizC V:256 H:306 F:52
849CAB E5 04       SBC $04       [000004] A:0010 X:C437 Y:A552 S:0122 D:0000 DB:86 nvmxdizC V:256 H:309 F:52
849CAD 1A          INC                    A:FF5D X:C437 Y:A552 S:0122 D:0000 DB:86 Nvmxdizc V:256 H:316 F:52
849CAE 85 04       STA $04       [000004] A:FF5E X:C437 Y:A552 S:0122 D:0000 DB:86 Nvmxdizc V:256 H:319 F:52
849CB0 24 0F       BIT $0F       [00000F] A:FF5E X:C437 Y:A552 S:0122 D:0000 DB:86 Nvmxdizc V:256 H:325 F:52
849CB2 30 04       BMI $0004     [849CB8] A:FF5E X:C437 Y:A552 S:0122 D:0000 DB:86 nvmxdiZc V:256 H:332 F:52
849CB4 49 FF FF    EOR #$FFFF             A:FF5E X:C437 Y:A552 S:0122 D:0000 DB:86 nvmxdiZc V:256 H:335 F:52
849CB7 1A          INC                    A:00A1 X:C437 Y:A552 S:0122 D:0000 DB:86 nvmxdizc V:256 H:339 F:52
849CB8 85 00       STA $00       [000000] A:00A2 X:C437 Y:A552 S:0122 D:0000 DB:86 nvmxdizc V:257 H:  2 F:52
849CBA 90 45       BCC $0045     [849D01] A:00A2 X:C437 Y:A552 S:0122 D:0000 DB:86 nvmxdizc V:257 H:  9 F:52
849D01 E2 20       SEP #$20               A:00A2 X:C437 Y:A552 S:0122 D:0000 DB:86 nvmxdizc V:257 H: 14 F:52
849D03 2B          PLD                    A:00A2 X:C437 Y:A552 S:0122 D:0000 DB:86 nvMxdizc V:257 H: 18 F:52
849D04 FA          PLX                    A:00A2 X:C437 Y:A552 S:0124 D:0E68 DB:86 nvMxdizc V:257 H: 27 F:52
849D05 7A          PLY                    A:00A2 X:0BA8 Y:A552 S:0126 D:0E68 DB:86 nvMxdizc V:257 H: 35 F:52
849D06 6B          RTL                    A:00A2 X:0BA8 Y:0002 S:0128 D:0E68 DB:86 nvMxdizc V:257 H: 44 F:52

849B23 90 19       BCC $0019     [849B3E] A:00A2 X:0BA8 Y:0002 S:012B D:0E68 DB:86 nvMxdizc V:257 H: 54 F:52
849B3E E2 10       SEP #$10               A:00A2 X:0BA8 Y:0002 S:012B D:0E68 DB:86 nvMxdizc V:257 H: 59 F:52
849B40 A9 00       LDA #$00               A:00A2 X:00A8 Y:0002 S:012B D:0E68 DB:86 nvMXdizc V:257 H: 63 F:52
849B42 6B          RTL                    A:0000 X:00A8 Y:0002 S:012B D:0E68 DB:86 nvMXdiZc V:257 H: 66 F:52

81B6E4 AD CF 0B    LDA $0BCF     [860BCF] A:0000 X:00A8 Y:0002 S:012E D:0E68 DB:86 nvMXdiZc V:257 H: 77 F:52
81B6E7 29 7F       AND #$7F               A:0020 X:00A8 Y:0002 S:012E D:0E68 DB:86 nvMXdizc V:257 H: 83 F:52
81B6E9 D0 04       BNE $0004     [81B6EF] A:0020 X:00A8 Y:0002 S:012E D:0E68 DB:86 nvMXdizc V:257 H: 86 F:52
81B6EF 5C B4 80 82 JML $8280B4   [8280B4] A:0020 X:00A8 Y:0002 S:012E D:0E68 DB:86 nvMXdizc V:257 H: 91 F:52

8491DE A5 14       LDA $14       [000014] A:0000 X:0BA8 Y:0002 S:0128 D:0000 DB:86 nvmxdiZC V:260 H:145 F:52
8491E0 F0 60       BEQ $0060     [849242] A:0000 X:0BA8 Y:0002 S:0128 D:0000 DB:86 nvmxdiZC V:260 H:152 F:52
81A141 E6 01       INC $01       [000C39] A:0C00 X:0000 Y:00AF S:012E D:0C38 DB:86 nvMXdiZc V: 14 H:213 F:53
81A143 64 18       STZ $18       [000C50] A:0C00 X:0000 Y:00AF S:012E D:0C38 DB:86 nvMXdizc V: 14 H:223 F:53
81A145 A5 0B       LDA $0B       [000C43] A:0C00 X:0000 Y:00AF S:012E D:0C38 DB:86 nvMXdizc V: 14 H:230 F:53
81A147 18          CLC                    A:0C00 X:0000 Y:00AF S:012E D:0C38 DB:86 nvMXdiZc V: 14 H:236 F:53
81A148 65 10       ADC $10       [000C48] A:0C00 X:0000 Y:00AF S:012E D:0C38 DB:86 nvMXdiZc V: 14 H:239 F:53
81A14A 85 16       STA $16       [000C4E] A:0C5D X:0000 Y:00AF S:012E D:0C38 DB:86 nvMXdizc V: 14 H:246 F:53
808336 A9 18       LDA #$18               A:0010 X:0031 Y:0000 S:02EE D:0000 DB:80 nvMXdIzc V:231 H: 43 F:53
808338 8D 01 43    STA $4301     [804301] A:0018 X:0031 Y:0000 S:02EE D:0000 DB:80 nvMXdIzc V:231 H: 46 F:53
80833B A9 01       LDA #$01               A:0018 X:0031 Y:0000 S:02EE D:0000 DB:80 nvMXdIzc V:231 H: 52 F:53
80833D 8D 00 43    STA $4300     [804300] A:0001 X:0031 Y:0000 S:02EE D:0000 DB:80 nvMXdIzc V:231 H: 55 F:53
808340 A2 00       LDX #$00               A:0001 X:0031 Y:0000 S:02EE D:0000 DB:80 nvMXdIzc V:231 H: 61 F:53
808342 BD 00 05    LDA $0500,X   [800500] A:0001 X:0000 Y:0000 S:02EE D:0000 DB:80 nvMXdIZc V:231 H: 64 F:53
808345 8D 15 21    STA $2115     [802115] A:0080 X:0000 Y:0000 S:02EE D:0000 DB:80 NvMXdIzc V:231 H: 71 F:53
808348 C2 21       REP #$21               A:0080 X:0000 Y:0000 S:02EE D:0000 DB:80 NvMXdIzc V:231 H: 77 F:53
80834A BD 01 05    LDA $0501,X   [800501] A:0080 X:0000 Y:0000 S:02EE D:0000 DB:80 NvmXdIzc V:231 H: 81 F:53
80834D 8D 16 21    STA $2116     [802116] A:6000 X:0000 Y:0000 S:02EE D:0000 DB:80 nvmXdIzc V:231 H: 90 F:53
808350 BD 03 05    LDA $0503,X   [800503] A:6000 X:0000 Y:0000 S:02EE D:0000 DB:80 nvmXdIzc V:231 H: 97 F:53
808353 8D 05 43    STA $4305     [804305] A:0200 X:0000 Y:0000 S:02EE D:0000 DB:80 nvmXdIzc V:231 H:106 F:53
808356 BD 05 05    LDA $0505,X   [800505] A:0200 X:0000 Y:0000 S:02EE D:0000 DB:80 nvmXdIzc V:231 H:113 F:53
808359 8D 02 43    STA $4302     [804302] A:8000 X:0000 Y:0000 S:02EE D:0000 DB:80 NvmXdIzc V:231 H:122 F:53
80835C E2 20       SEP #$20               A:8000 X:0000 Y:0000 S:02EE D:0000 DB:80 NvmXdIzc V:231 H:129 F:53
80835E BD 07 05    LDA $0507,X   [800507] A:8000 X:0000 Y:0000 S:02EE D:0000 DB:80 NvMXdIzc V:231 H:144 F:53
808361 8D 04 43    STA $4304     [804304] A:80AE X:0000 Y:0000 S:02EE D:0000 DB:80 NvMXdIzc V:231 H:150 F:53
808364 A9 01       LDA #$01               A:80AE X:0000 Y:0000 S:02EE D:0000 DB:80 NvMXdIzc V:231 H:156 F:53
808366 8D 0B 42    STA $420B     [80420B] A:8001 X:0000 Y:0000 S:02EE D:0000 DB:80 nvMXdIzc V:231 H:159 F:53
808369 8A          TXA                    A:8001 X:0000 Y:0000 S:02EE D:0000 DB:80 nvMXdIzc V:231 H:165 F:53
80836A 69 08       ADC #$08               A:8000 X:0000 Y:0000 S:02EE D:0000 DB:80 nvMXdIZc V:234 H:206 F:53
80836C B0 FE       BCS $00FE     [80836C] A:8008 X:0000 Y:0000 S:02EE D:0000 DB:80 nvMXdIzc V:234 H:209 F:53
80836E AA          TAX                    A:8008 X:0000 Y:0000 S:02EE D:0000 DB:80 nvMXdIzc V:234 H:212 F:53
80836F E4 A3       CPX $A3       [0000A3] A:8008 X:0008 Y:0000 S:02EE D:0000 DB:80 nvMXdIzc V:234 H:215 F:53
808371 D0 CF       BNE $00CF     [808342] A:8008 X:0008 Y:0000 S:02EE D:0000 DB:80 NvMXdIzc V:234 H:220 F:53
808373 64 A3       STZ $A3       [0000A3] A:8210 X:0010 Y:0000 S:02EE D:0000 DB:80 nvMXdIZC V:238 H: 32 F:53
808375 9C 25 1F    STZ $1F25     [801F25] A:8210 X:0010 Y:0000 S:02EE D:0000 DB:80 nvMXdIZC V:238 H: 37 F:53
849AEB 22 AB 9A 84 JSL $849AAB   [849AAB] A:0100 X:0000 Y:004C S:012C D:0BA8 DB:86 nvMXdiZc V:242 H: 64 F:53

849AEF C9 04       CMP #$04               A:0104 X:003B Y:004C S:012C D:0BA8 DB:86 nvMXdizC V:242 H:154 F:53
849AF1 D0 07       BNE $0007     [849AFA] A:0104 X:003B Y:004C S:012C D:0BA8 DB:86 nvMXdiZC V:242 H:157 F:53
849AF3 24 11       BIT $11       [000BB9] A:0104 X:003B Y:004C S:012C D:0BA8 DB:86 nvMXdiZC V:242 H:160 F:53
849AF5 70 02       BVS $0002     [849AF9] A:0104 X:003B Y:004C S:012C D:0BA8 DB:86 nVMXdiZC V:242 H:166 F:53
849AF9 6B          RTL                    A:0104 X:003B Y:004C S:012C D:0BA8 DB:86 nVMXdiZC V:242 H:171 F:53

81B721 22 EA 8E 84 JSL $848EEA   [848EEA] A:C42D X:0002 Y:0027 S:012C D:0E68 DB:86 nvMXdizc V:256 H: 41 F:53

81B725 A5 17       LDA $17       [000E7F] A:C42D X:0002 Y:0027 S:012C D:0E68 DB:86 nvMXdizc V:256 H:107 F:53
81B727 10 42       BPL $0042     [81B76B] A:C480 X:0002 Y:0027 S:012C D:0E68 DB:86 NvMXdizc V:256 H:113 F:53
81B729 29 7F       AND #$7F               A:C480 X:0002 Y:0027 S:012C D:0E68 DB:86 NvMXdizc V:256 H:116 F:53
81B72B 85 17       STA $17       [000E7F] A:C400 X:0002 Y:0027 S:012C D:0E68 DB:86 nvMXdiZc V:256 H:119 F:53
81B72D A5 0F       LDA $0F       [000E77] A:C400 X:0002 Y:0027 S:012C D:0E68 DB:86 nvMXdiZc V:256 H:126 F:53
81B72F 29 7F       AND #$7F               A:C400 X:0002 Y:0027 S:012C D:0E68 DB:86 nvMXdiZc V:256 H:132 F:53
81B731 F0 38       BEQ $0038     [81B76B] A:C400 X:0002 Y:0027 S:012C D:0E68 DB:86 nvMXdiZc V:256 H:145 F:53
81B76B A5 0F       LDA $0F       [000E77] A:C400 X:0002 Y:0027 S:012C D:0E68 DB:86 nvMXdiZc V:256 H:150 F:53
81B76D 10 16       BPL $0016     [81B785] A:C400 X:0002 Y:0027 S:012C D:0E68 DB:86 nvMXdiZc V:256 H:156 F:53
81B785 60          RTS                    A:C400 X:0002 Y:0027 S:012C D:0E68 DB:86 nvMXdiZc V:256 H:161 F:53
