80D499 20 D3 D4    JSR $D4D3     [80D4D3] A:1401 X:0000 Y:0091 S:0133 D:1428 DB:86 nvMXdizC V:244 H: 10 F:46

	80D4D3 C2 20       REP #$20               A:1401 X:0000 Y:0091 S:0131 D:1428 DB:86 nvMXdizC V:244 H: 20 F:46
	80D4D5 A5 05       LDA $05       [00142D] A:1401 X:0000 Y:0091 S:0131 D:1428 DB:86 nvmXdizC V:244 H: 24 F:46
	80D4D7 85 22       STA $22       [00144A] A:0726 X:0000 Y:0091 S:0131 D:1428 DB:86 nvmXdizC V:244 H: 33 F:46
	80D4D9 A5 08       LDA $08       [001430] A:0726 X:0000 Y:0091 S:0131 D:1428 DB:86 nvmXdizC V:244 H: 41 F:46
	80D4DB 85 24       STA $24       [00144C] A:009E X:0000 Y:0091 S:0131 D:1428 DB:86 nvmXdizC V:244 H: 50 F:46
	80D4DD E2 20       SEP #$20               A:009E X:0000 Y:0091 S:0131 D:1428 DB:86 nvmXdizC V:244 H: 58 F:46
	80D4DF A9 80       LDA #$80               A:009E X:0000 Y:0091 S:0131 D:1428 DB:86 nvMXdizC V:244 H: 63 F:46
	80D4E1 14 0E       TRB $0E       [001436] A:0080 X:0000 Y:0091 S:0131 D:1428 DB:86 NvMXdizC V:244 H: 66 F:46
	80D4E3 A5 0A       LDA $0A       [001432] A:0080 X:0000 Y:0091 S:0131 D:1428 DB:86 NvMXdizC V:244 H: 76 F:46
	80D4E5 0A          ASL A                  A:001B X:0000 Y:0091 S:0131 D:1428 DB:86 nvMXdizC V:244 H: 82 F:46
	80D4E6 AA          TAX                    A:0036 X:0000 Y:0091 S:0131 D:1428 DB:86 nvMXdizc V:244 H: 85 F:46
	80D4E7 7C 7D F7    JMP ($F77D,X) [80F7B3] A:0036 X:0036 Y:0091 S:0131 D:1428 DB:86 nvMXdizc V:244 H: 88 F:46

	80F865 22 58 AB 83 JSL $83AB58   [83AB58] A:0036 X:0036 Y:0091 S:0131 D:1428 DB:86 nvMXdizc V:244 H: 97 F:46

		83AB58 A0 27       LDY #$27               A:0036 X:0036 Y:0091 S:012E D:1428 DB:86 nvMXdizc V:244 H:111 F:46
		83AB5A B1 0C       LDA ($0C),Y   [860E8F] A:0036 X:0036 Y:0027 S:012E D:1428 DB:86 nvMXdizc V:244 H:114 F:46
		83AB5C 29 7F       AND #$7F               A:0020 X:0036 Y:0027 S:012E D:1428 DB:86 nvMXdizc V:244 H:124 F:46
		83AB5E D0 04       BNE $0004     [83AB64] A:0020 X:0036 Y:0027 S:012E D:1428 DB:86 nvMXdizc V:244 H:127 F:46
		83AB64 A5 0F       LDA $0F       [001437] A:0020 X:0036 Y:0027 S:012E D:1428 DB:86 nvMXdizc V:244 H:132 F:46
		83AB66 10 06       BPL $0006     [83AB6E] A:0000 X:0036 Y:0027 S:012E D:1428 DB:86 nvMXdiZc V:244 H:148 F:46
		83AB6E A6 01       LDX $01       [001429] A:0000 X:0036 Y:0027 S:012E D:1428 DB:86 nvMXdiZc V:244 H:153 F:46
		83AB70 7C 73 AB    JMP ($AB73,X) [83AB77] A:0000 X:0004 Y:0027 S:012E D:1428 DB:86 nvMXdizc V:244 H:159 F:46

		83ABDD C2 30       REP #$30               A:0000 X:0004 Y:0027 S:012E D:1428 DB:86 nvMXdizc V:244 H:168 F:46	|Routine calculates next boomerang speed
		83ABDF A6 0C       LDX $0C       [001434] A:0000 X:0004 Y:0027 S:012E D:1428 DB:86 nvmxdizc V:244 H:173 F:46	|							X = ES-Parent
		83ABE1 BD 05 00    LDA $0005,X   [860E6D] A:0000 X:0E68 Y:0027 S:012E D:1428 DB:86 nvmxdizc V:244 H:181 F:46	|
		83ABE4 8D 04 00    STA $0004     [860004] A:0720 X:0E68 Y:0027 S:012E D:1428 DB:86 nvmxdizc V:244 H:191 F:46	|							$0004 = E-X-Pos
		83ABE7 BD 08 00    LDA $0008,X   [860E70] A:0720 X:0E68 Y:0027 S:012E D:1428 DB:86 nvmxdizc V:244 H:200 F:46	|
		83ABEA 38          SEC                    A:00A8 X:0E68 Y:0027 S:012E D:1428 DB:86 nvmxdizc V:244 H:210 F:46	|
		83ABEB E9 10 00    SBC #$0010             A:00A8 X:0E68 Y:0027 S:012E D:1428 DB:86 nvmxdizC V:244 H:213 F:46	|
		83ABEE 8D 06 00    STA $0006     [860006] A:0098 X:0E68 Y:0027 S:012E D:1428 DB:86 nvmxdizC V:244 H:217 F:46	|							$0006 = E-Y-Pos - #$0010
		83ABF1 A5 05       LDA $05       [00142D] A:0098 X:0E68 Y:0027 S:012E D:1428 DB:86 nvmxdizC V:244 H:226 F:46	|
		83ABF3 8D 00 00    STA $0000     [860000] A:0726 X:0E68 Y:0027 S:012E D:1428 DB:86 nvmxdizC V:244 H:234 F:46	|							$0000 = ES-X-Pos
		83ABF6 A5 08       LDA $08       [001430] A:0726 X:0E68 Y:0027 S:012E D:1428 DB:86 nvmxdizC V:244 H:243 F:46	|
		83ABF8 8D 02 00    STA $0002     [860002] A:009E X:0E68 Y:0027 S:012E D:1428 DB:86 nvmxdizC V:244 H:251 F:46	|							$0002 = ES-Y-Pos
		83ABFB E2 30       SEP #$30               A:009E X:0E68 Y:0027 S:012E D:1428 DB:86 nvmxdizC V:244 H:260 F:46	|
		83ABFD 22 9C A0 84 JSL $84A09C   [84A09C] A:009E X:0068 Y:0027 S:012E D:1428 DB:86 nvMXdizC V:244 H:264 F:46	|							$84A09C --> 

			84A09C 08          PHP                    A:009E X:0068 Y:0027 S:012B D:1428 DB:86 nvMXdizC V:244 H:278 F:46
			84A09D C2 20       REP #$20               A:009E X:0068 Y:0027 S:012A D:1428 DB:86 nvMXdizC V:244 H:283 F:46
			84A09F E2 10       SEP #$10               A:009E X:0068 Y:0027 S:012A D:1428 DB:86 nvmXdizC V:244 H:287 F:46
			84A0A1 0B          PHD                    A:009E X:0068 Y:0027 S:012A D:1428 DB:86 nvmXdizC V:244 H:292 F:46
			84A0A2 A9 00 00    LDA #$0000             A:009E X:0068 Y:0027 S:0128 D:1428 DB:86 nvmXdizC V:244 H:299 F:46
			84A0A5 5B          TCD                    A:0000 X:0068 Y:0027 S:0128 D:1428 DB:86 nvmXdiZC V:244 H:303 F:46	D = #$0000
			84A0A6 A2 00       LDX #$00               A:0000 X:0068 Y:0027 S:0128 D:0000 DB:86 nvmXdiZC V:244 H:306 F:46	X = #$00
			84A0A8 A5 04       LDA $04       [000004] A:0000 X:0000 Y:0027 S:0128 D:0000 DB:86 nvmXdiZC V:244 H:309 F:46	|$0008 = $0004 - $0000 = X-Distance (E - ES) = #$FFFA
			84A0AA 38          SEC                    A:0720 X:0000 Y:0027 S:0128 D:0000 DB:86 nvmXdizC V:244 H:316 F:46	|
			84A0AB E5 00       SBC $00       [000000] A:0720 X:0000 Y:0027 S:0128 D:0000 DB:86 nvmXdizC V:244 H:319 F:46	|
			84A0AD 85 08       STA $08       [000008] A:FFFA X:0000 Y:0027 S:0128 D:0000 DB:86 NvmXdizc V:244 H:326 F:46	|
			84A0AF 10 0C       BPL $000C     [84A0BD] A:FFFA X:0000 Y:0027 S:0128 D:0000 DB:86 NvmXdizc V:244 H:332 F:46	Branch if X-Distance is positive
			84A0B1 49 FF FF    EOR #$FFFF             A:FFFA X:0000 Y:0027 S:0128 D:0000 DB:86 NvmXdizc V:244 H:335 F:46	|$0008 = |$0008| = |X-Distance| = #$0006
			84A0B4 1A          INC                    A:0005 X:0000 Y:0027 S:0128 D:0000 DB:86 nvmXdizc V:245 H:  0 F:46	|
			84A0B5 85 08       STA $08       [000008] A:0006 X:0000 Y:0027 S:0128 D:0000 DB:86 nvmXdizc V:245 H:  3 F:46	|
			84A0B7 8A          TXA                    A:0006 X:0000 Y:0027 S:0128 D:0000 DB:86 nvmXdizc V:245 H: 10 F:46	|X = X + #$0020 = #$0020
			84A0B8 18          CLC                    A:0000 X:0000 Y:0027 S:0128 D:0000 DB:86 nvmXdiZc V:245 H: 13 F:46	|
			84A0B9 69 20 00    ADC #$0020             A:0000 X:0000 Y:0027 S:0128 D:0000 DB:86 nvmXdiZc V:245 H: 16 F:46	|
			84A0BC AA          TAX                    A:0020 X:0000 Y:0027 S:0128 D:0000 DB:86 nvmXdizc V:245 H: 20 F:46	|
			84A0BD A5 02       LDA $02       [000002] A:0020 X:0020 Y:0027 S:0128 D:0000 DB:86 nvmXdizc V:245 H: 23 F:46	|$000A = $0002 - $0006 = Y-Distance (ES - E) = #$0006
			84A0BF 38          SEC                    A:009E X:0020 Y:0027 S:0128 D:0000 DB:86 nvmXdizc V:245 H: 30 F:46	|
			84A0C0 E5 06       SBC $06       [000006] A:009E X:0020 Y:0027 S:0128 D:0000 DB:86 nvmXdizC V:245 H: 33 F:46	|
			84A0C2 85 0A       STA $0A       [00000A] A:0006 X:0020 Y:0027 S:0128 D:0000 DB:86 nvmXdizC V:245 H: 40 F:46	|
			84A0C4 10 0C       BPL $000C     [84A0D2] A:0006 X:0020 Y:0027 S:0128 D:0000 DB:86 nvmXdizC V:245 H: 47 F:46	Branch because Y-Distance is positive
			84A0D2 A5 0A       LDA $0A       [00000A] A:0006 X:0020 Y:0027 S:0128 D:0000 DB:86 nvmXdizC V:245 H: 52 F:46
			84A0D4 C5 08       CMP $08       [000008] A:0006 X:0020 Y:0027 S:0128 D:0000 DB:86 nvmXdizC V:245 H: 59 F:46
			84A0D6 B0 0E       BCS $000E     [84A0E6] A:0006 X:0020 Y:0027 S:0128 D:0000 DB:86 nvmXdiZC V:245 H: 66 F:46	Branch because X-Distance < Y-Distance
			84A0E6 A5 08       LDA $08       [000008] A:0006 X:0020 Y:0027 S:0128 D:0000 DB:86 nvmXdiZC V:245 H: 70 F:46	|$0008 = $0008 * 8 = |X-Distance| * 8 = #$18
			84A0E8 0A          ASL A                  A:0006 X:0020 Y:0027 S:0128 D:0000 DB:86 nvmXdizC V:245 H: 77 F:46	|
			84A0E9 0A          ASL A                  A:000C X:0020 Y:0027 S:0128 D:0000 DB:86 nvmXdizc V:245 H: 80 F:46	|
			84A0EA 0A          ASL A                  A:0018 X:0020 Y:0027 S:0128 D:0000 DB:86 nvmXdizc V:245 H: 83 F:46	|
			84A0EB 85 08       STA $08       [000008] A:0030 X:0020 Y:0027 S:0128 D:0000 DB:86 nvmXdizc V:245 H: 86 F:46	|
			84A0ED A5 0A       LDA $0A       [00000A] A:0030 X:0020 Y:0027 S:0128 D:0000 DB:86 nvmXdizc V:245 H: 93 F:46
			84A0EF 0A          ASL A                  A:0006 X:0020 Y:0027 S:0128 D:0000 DB:86 nvmXdizc V:245 H:100 F:46
			84A0F0 85 0C       STA $0C       [00000C] A:000C X:0020 Y:0027 S:0128 D:0000 DB:86 nvmXdizc V:245 H:103 F:46	$000C = $000A * 2 = Y-Distance * 2 = #$000C
			84A0F2 A0 04       LDY #$04               A:000C X:0020 Y:0027 S:0128 D:0000 DB:86 nvmXdizc V:245 H:110 F:46	Y = #$0004
			84A0F4 A5 0A       LDA $0A       [00000A] A:000C X:0020 Y:0004 S:0128 D:0000 DB:86 nvmXdizc V:245 H:113 F:46
			84A0F6 C5 08       CMP $08       [000008] A:0006 X:0020 Y:0004 S:0128 D:0000 DB:86 nvmXdizc V:245 H:120 F:46
			84A0F8 B0 0B       BCS $000B     [84A105] A:0006 X:0020 Y:0004 S:0128 D:0000 DB:86 NvmXdizc V:245 H:127 F:46	Branch if $0004 < $0008 <=> E-X-Pos < |X-Distance| * 8
			84A0FA A5 0A       LDA $0A       [00000A] A:0006 X:0020 Y:0004 S:0128 D:0000 DB:86 NvmXdizc V:245 H:130 F:46
			84A0FC 18          CLC                    A:0006 X:0020 Y:0004 S:0128 D:0000 DB:86 nvmXdizc V:245 H:147 F:46
			84A0FD 65 0C       ADC $0C       [00000C] A:0006 X:0020 Y:0004 S:0128 D:0000 DB:86 nvmXdizc V:245 H:150 F:46
			84A0FF 85 0A       STA $0A       [00000A] A:0012 X:0020 Y:0004 S:0128 D:0000 DB:86 nvmXdizc V:245 H:157 F:46
			84A101 E8          INX                    A:0012 X:0020 Y:0004 S:0128 D:0000 DB:86 nvmXdizc V:245 H:164 F:46
			84A102 88          DEY                    A:0012 X:0021 Y:0004 S:0128 D:0000 DB:86 nvmXdizc V:245 H:167 F:46
			84A103 D0 EF       BNE $00EF     [84A0F4] A:0012 X:0021 Y:0003 S:0128 D:0000 DB:86 nvmXdizc V:245 H:170 F:46
			84A0F4 A5 0A       LDA $0A       [00000A] A:0012 X:0021 Y:0003 S:0128 D:0000 DB:86 nvmXdizc V:245 H:175 F:46
			84A0F6 C5 08       CMP $08       [000008] A:0012 X:0021 Y:0003 S:0128 D:0000 DB:86 nvmXdizc V:245 H:182 F:46
			84A0F8 B0 0B       BCS $000B     [84A105] A:0012 X:0021 Y:0003 S:0128 D:0000 DB:86 NvmXdizc V:245 H:189 F:46
			84A0FA A5 0A       LDA $0A       [00000A] A:0012 X:0021 Y:0003 S:0128 D:0000 DB:86 NvmXdizc V:245 H:192 F:46
			84A0FC 18          CLC                    A:0012 X:0021 Y:0003 S:0128 D:0000 DB:86 nvmXdizc V:245 H:199 F:46
			84A0FD 65 0C       ADC $0C       [00000C] A:0012 X:0021 Y:0003 S:0128 D:0000 DB:86 nvmXdizc V:245 H:202 F:46
			84A0FF 85 0A       STA $0A       [00000A] A:001E X:0021 Y:0003 S:0128 D:0000 DB:86 nvmXdizc V:245 H:209 F:46
			84A101 E8          INX                    A:001E X:0021 Y:0003 S:0128 D:0000 DB:86 nvmXdizc V:245 H:216 F:46
			84A102 88          DEY                    A:001E X:0022 Y:0003 S:0128 D:0000 DB:86 nvmXdizc V:245 H:219 F:46
			84A103 D0 EF       BNE $00EF     [84A0F4] A:001E X:0022 Y:0002 S:0128 D:0000 DB:86 nvmXdizc V:245 H:222 F:46
			84A0F4 A5 0A       LDA $0A       [00000A] A:001E X:0022 Y:0002 S:0128 D:0000 DB:86 nvmXdizc V:245 H:226 F:46
			84A0F6 C5 08       CMP $08       [000008] A:001E X:0022 Y:0002 S:0128 D:0000 DB:86 nvmXdizc V:245 H:233 F:46
			84A0F8 B0 0B       BCS $000B     [84A105] A:001E X:0022 Y:0002 S:0128 D:0000 DB:86 NvmXdizc V:245 H:240 F:46
			84A0FA A5 0A       LDA $0A       [00000A] A:001E X:0022 Y:0002 S:0128 D:0000 DB:86 NvmXdizc V:245 H:243 F:46
			84A0FC 18          CLC                    A:001E X:0022 Y:0002 S:0128 D:0000 DB:86 nvmXdizc V:245 H:250 F:46
			84A0FD 65 0C       ADC $0C       [00000C] A:001E X:0022 Y:0002 S:0128 D:0000 DB:86 nvmXdizc V:245 H:253 F:46
			84A0FF 85 0A       STA $0A       [00000A] A:002A X:0022 Y:0002 S:0128 D:0000 DB:86 nvmXdizc V:245 H:260 F:46
			84A101 E8          INX                    A:002A X:0022 Y:0002 S:0128 D:0000 DB:86 nvmXdizc V:245 H:267 F:46
			84A102 88          DEY                    A:002A X:0023 Y:0002 S:0128 D:0000 DB:86 nvmXdizc V:245 H:270 F:46
			84A103 D0 EF       BNE $00EF     [84A0F4] A:002A X:0023 Y:0001 S:0128 D:0000 DB:86 nvmXdizc V:245 H:273 F:46
			84A0F4 A5 0A       LDA $0A       [00000A] A:002A X:0023 Y:0001 S:0128 D:0000 DB:86 nvmXdizc V:245 H:278 F:46
			84A0F6 C5 08       CMP $08       [000008] A:002A X:0023 Y:0001 S:0128 D:0000 DB:86 nvmXdizc V:245 H:285 F:46
			84A0F8 B0 0B       BCS $000B     [84A105] A:002A X:0023 Y:0001 S:0128 D:0000 DB:86 NvmXdizc V:245 H:292 F:46
			84A0FA A5 0A       LDA $0A       [00000A] A:002A X:0023 Y:0001 S:0128 D:0000 DB:86 NvmXdizc V:245 H:295 F:46
			84A0FC 18          CLC                    A:002A X:0023 Y:0001 S:0128 D:0000 DB:86 nvmXdizc V:245 H:302 F:46
			84A0FD 65 0C       ADC $0C       [00000C] A:002A X:0023 Y:0001 S:0128 D:0000 DB:86 nvmXdizc V:245 H:305 F:46
			84A0FF 85 0A       STA $0A       [00000A] A:0036 X:0023 Y:0001 S:0128 D:0000 DB:86 nvmXdizc V:245 H:312 F:46
			84A101 E8          INX                    A:0036 X:0023 Y:0001 S:0128 D:0000 DB:86 nvmXdizc V:245 H:319 F:46
			84A102 88          DEY                    A:0036 X:0024 Y:0001 S:0128 D:0000 DB:86 nvmXdizc V:245 H:322 F:46
			84A103 D0 EF       BNE $00EF     [84A0F4] A:0036 X:0024 Y:0000 S:0128 D:0000 DB:86 nvmXdiZc V:245 H:324 F:46
			84A105 2B          PLD                    A:0036 X:0024 Y:0000 S:0128 D:0000 DB:86 nvmXdiZc V:245 H:327 F:46
			84A106 E2 20       SEP #$20               A:0036 X:0024 Y:0000 S:012A D:1428 DB:86 nvmXdizc V:245 H:335 F:46
			84A108 BD 5A BB    LDA $BB5A,X   [86BB7E] A:0036 X:0024 Y:0000 S:012A D:1428 DB:86 nvMXdizc V:246 H:  0 F:46
			84A10B 28          PLP                    A:001C X:0024 Y:0000 S:012A D:1428 DB:86 nvMXdizc V:246 H:  6 F:46
			84A10C 6B          RTL                    A:001C X:0024 Y:0000 S:012B D:1428 DB:86 nvMXdizC V:246 H: 12 F:46

		83AC01 38          SEC                    A:001C X:0024 Y:0000 S:012E D:1428 DB:86 nvMXdizC V:246 H: 23 F:46	|
		83AC02 E5 37       SBC $37       [00145F] A:001C X:0024 Y:0000 S:012E D:1428 DB:86 nvMXdizC V:246 H: 26 F:46	|
		83AC04 F0 0A       BEQ $000A     [83AC10] A:00FD X:0024 Y:0000 S:012E D:1428 DB:86 NvMXdizc V:246 H: 32 F:46	|
		83AC06 29 10       AND #$10               A:00FD X:0024 Y:0000 S:012E D:1428 DB:86 NvMXdizc V:246 H: 35 F:46	|
		83AC08 F0 04       BEQ $0004     [83AC0E] A:0010 X:0024 Y:0000 S:012E D:1428 DB:86 nvMXdizc V:246 H: 38 F:46	|
		83AC0A C6 37       DEC $37       [00145F] A:0010 X:0024 Y:0000 S:012E D:1428 DB:86 nvMXdizc V:246 H: 41 F:46	|
		83AC0C 80 02       BRA $0002     [83AC10] A:0010 X:0024 Y:0000 S:012E D:1428 DB:86 nvMXdizc V:246 H: 51 F:46	|
		83AC10 A5 37       LDA $37       [00145F] A:0010 X:0024 Y:0000 S:012E D:1428 DB:86 nvMXdizc V:246 H: 56 F:46	|
		83AC12 29 1F       AND #$1F               A:001E X:0024 Y:0000 S:012E D:1428 DB:86 nvMXdizc V:246 H: 62 F:46	|
		83AC14 85 37       STA $37       [00145F] A:001E X:0024 Y:0000 S:012E D:1428 DB:86 nvMXdizc V:246 H: 65 F:46	|
		83AC16 0A          ASL A                  A:001E X:0024 Y:0000 S:012E D:1428 DB:86 nvMXdizc V:246 H: 72 F:46
		83AC17 0A          ASL A                  A:003C X:0024 Y:0000 S:012E D:1428 DB:86 nvMXdizc V:246 H: 75 F:46
		83AC18 AA          TAX                    A:0078 X:0024 Y:0000 S:012E D:1428 DB:86 nvMXdizc V:246 H: 78 F:46
		83AC19 C2 30       REP #$30               A:0078 X:0078 Y:0000 S:012E D:1428 DB:86 nvMXdizc V:246 H: 81 F:46
		83AC1B BD 37 EE    LDA $EE37,X   [86EEAF] A:0078 X:0078 Y:0000 S:012E D:1428 DB:86 nvmxdizc V:246 H: 85 F:46	|ES-X-Vel = [$86EE37,X]*2
		83AC1E 0A          ASL A                  A:FF1C X:0078 Y:0000 S:012E D:1428 DB:86 Nvmxdizc V:246 H: 94 F:46	|
		83AC1F 85 1A       STA $1A       [001442] A:FE38 X:0078 Y:0000 S:012E D:1428 DB:86 NvmxdizC V:246 H: 97 F:46	|
		83AC21 BD 39 EE    LDA $EE39,X   [86EEB1] A:FE38 X:0078 Y:0000 S:012E D:1428 DB:86 NvmxdizC V:246 H:106 F:46	|ES-Y-Vel = [$86EE39,X]*2
		83AC24 0A          ASL A                  A:01C9 X:0078 Y:0000 S:012E D:1428 DB:86 nvmxdizC V:246 H:115 F:46	|
		83AC25 85 1C       STA $1C       [001444] A:0392 X:0078 Y:0000 S:012E D:1428 DB:86 nvmxdizc V:246 H:118 F:46	|
		83AC27 22 0A 82 82 JSL $82820A   [82820A] A:0392 X:0078 Y:0000 S:012E D:1428 DB:86 nvmxdizc V:246 H:126 F:46	JSL $82820A --> Update X-Pos, Y-Pos

			82820A 08          PHP                    A:0392 X:0078 Y:0000 S:012B D:1428 DB:86 nvmxdizc V:246 H:150 F:46
			82820B C2 21       REP #$21               A:0392 X:0078 Y:0000 S:012A D:1428 DB:86 nvmxdizc V:246 H:155 F:46
			82820D A5 04       LDA $04       [00142C] A:0392 X:0078 Y:0000 S:012A D:1428 DB:86 nvmxdizc V:246 H:159 F:46
			82820F 65 1A       ADC $1A       [001442] A:26C0 X:0078 Y:0000 S:012A D:1428 DB:86 nvmxdizc V:246 H:168 F:46
			828211 85 04       STA $04       [00142C] A:24F8 X:0078 Y:0000 S:012A D:1428 DB:86 nvmxdizC V:246 H:176 F:46
			828213 E2 20       SEP #$20               A:24F8 X:0078 Y:0000 S:012A D:1428 DB:86 nvmxdizC V:246 H:185 F:46
			828215 A9 00       LDA #$00               A:24F8 X:0078 Y:0000 S:012A D:1428 DB:86 nvMxdizC V:246 H:189 F:46
			828217 24 1B       BIT $1B       [001443] A:2400 X:0078 Y:0000 S:012A D:1428 DB:86 nvMxdiZC V:246 H:192 F:46
			828219 10 01       BPL $0001     [82821C] A:2400 X:0078 Y:0000 S:012A D:1428 DB:86 NVMxdiZC V:246 H:199 F:46
			82821B 3A          DEC                    A:2400 X:0078 Y:0000 S:012A D:1428 DB:86 NVMxdiZC V:246 H:202 F:46
			82821C 65 06       ADC $06       [00142E] A:24FF X:0078 Y:0000 S:012A D:1428 DB:86 NVMxdizC V:246 H:205 F:46
			82821E 85 06       STA $06       [00142E] A:2407 X:0078 Y:0000 S:012A D:1428 DB:86 nvMxdizC V:246 H:211 F:46
			828220 C2 20       REP #$20               A:2407 X:0078 Y:0000 S:012A D:1428 DB:86 nvMxdizC V:246 H:218 F:46
			828222 38          SEC                    A:2407 X:0078 Y:0000 S:012A D:1428 DB:86 nvmxdizC V:246 H:222 F:46
			828223 A5 07       LDA $07       [00142F] A:2407 X:0078 Y:0000 S:012A D:1428 DB:86 nvmxdizC V:246 H:225 F:46
			828225 E5 1C       SBC $1C       [001444] A:9E86 X:0078 Y:0000 S:012A D:1428 DB:86 NvmxdizC V:246 H:234 F:46
			828227 85 07       STA $07       [00142F] A:9AF4 X:0078 Y:0000 S:012A D:1428 DB:86 NvmxdizC V:246 H:242 F:46
			828229 E2 20       SEP #$20               A:9AF4 X:0078 Y:0000 S:012A D:1428 DB:86 NvmxdizC V:246 H:251 F:46
			82822B 9C 00 00    STZ $0000     [860000] A:9AF4 X:0078 Y:0000 S:012A D:1428 DB:86 NvMxdizC V:246 H:255 F:46
			82822E 24 1D       BIT $1D       [001445] A:9AF4 X:0078 Y:0000 S:012A D:1428 DB:86 NvMxdizC V:246 H:262 F:46
			828230 10 03       BPL $0003     [828235] A:9AF4 X:0078 Y:0000 S:012A D:1428 DB:86 nvMxdiZC V:246 H:268 F:46
			828235 A5 09       LDA $09       [001431] A:9AF4 X:0078 Y:0000 S:012A D:1428 DB:86 nvMxdiZC V:246 H:273 F:46
			828237 ED 00 00    SBC $0000     [860000] A:9A00 X:0078 Y:0000 S:012A D:1428 DB:86 nvMxdiZC V:246 H:279 F:46
			82823A 85 09       STA $09       [001431] A:9A00 X:0078 Y:0000 S:012A D:1428 DB:86 nvMxdiZC V:246 H:286 F:46
			82823C 28          PLP                    A:9A00 X:0078 Y:0000 S:012A D:1428 DB:86 nvMxdiZC V:246 H:292 F:46
			82823D 6B          RTL                    A:9A00 X:0078 Y:0000 S:012B D:1428 DB:86 nvmxdizc V:246 H:299 F:46

		83AC2B A6 0C       LDX $0C       [001434] A:9A00 X:0078 Y:0000 S:012E D:1428 DB:86 nvmxdizc V:246 H:309 F:46	X = ES-Parent
		83AC2D A5 05       LDA $05       [00142D] A:9A00 X:0E68 Y:0000 S:012E D:1428 DB:86 nvmxdizc V:246 H:318 F:46	|Branch if |X-Distance| > #$0006
		83AC2F 38          SEC                    A:0724 X:0E68 Y:0000 S:012E D:1428 DB:86 nvmxdizc V:246 H:326 F:46	|
		83AC30 FD 05 00    SBC $0005,X   [860E6D] A:0724 X:0E68 Y:0000 S:012E D:1428 DB:86 nvmxdizC V:246 H:328 F:46	|
		83AC33 B0 04       BCS $0004     [83AC39] A:0004 X:0E68 Y:0000 S:012E D:1428 DB:86 nvmxdizC V:246 H:338 F:46	|
		83AC39 C9 06 00    CMP #$0006             A:0004 X:0E68 Y:0000 S:012E D:1428 DB:86 nvmxdizC V:247 H:  3 F:46	|
		83AC3C B0 1E       BCS $001E     [83AC5C] A:0004 X:0E68 Y:0000 S:012E D:1428 DB:86 Nvmxdizc V:247 H:  7 F:46	|
		83AC3E A5 08       LDA $08       [001430] A:0004 X:0E68 Y:0000 S:012E D:1428 DB:86 Nvmxdizc V:247 H: 10 F:46	|Branch if |Y-distance (ES - E) + #$0010| > #$0006
		83AC40 18          CLC                    A:009A X:0E68 Y:0000 S:012E D:1428 DB:86 nvmxdizc V:247 H: 19 F:46	|
		83AC41 69 10 00    ADC #$0010             A:009A X:0E68 Y:0000 S:012E D:1428 DB:86 nvmxdizc V:247 H: 22 F:46	|
		83AC44 38          SEC                    A:00AA X:0E68 Y:0000 S:012E D:1428 DB:86 nvmxdizc V:247 H: 26 F:46	|
		83AC45 FD 08 00    SBC $0008,X   [860E70] A:00AA X:0E68 Y:0000 S:012E D:1428 DB:86 nvmxdizC V:247 H: 29 F:46	|
		83AC48 B0 04       BCS $0004     [83AC4E] A:0002 X:0E68 Y:0000 S:012E D:1428 DB:86 nvmxdizC V:247 H: 39 F:46	|
		83AC4E C9 06 00    CMP #$0006             A:0002 X:0E68 Y:0000 S:012E D:1428 DB:86 nvmxdizC V:247 H: 44 F:46	|
		83AC51 B0 09       BCS $0009     [83AC5C] A:0002 X:0E68 Y:0000 S:012E D:1428 DB:86 Nvmxdizc V:247 H: 48 F:46	|
		83AC53 E2 20       SEP #$20               A:0002 X:0E68 Y:0000 S:012E D:1428 DB:86 Nvmxdizc V:247 H: 51 F:46
		83AC55 FE 37 00    INC $0037,X   [860E9F] A:0002 X:0E68 Y:0000 S:012E D:1428 DB:86 NvMxdizc V:247 H: 56 F:46	Increase E-GrabBoom = #$01
		83AC58 5C A3 83 82 JML $8283A3   [8283A3] A:0002 X:0E68 Y:0000 S:012E D:1428 DB:86 nvMxdizc V:247 H: 67 F:46

		8283A3 C2 20       REP #$20               A:0002 X:0E68 Y:0000 S:012E D:1428 DB:86 nvMxdizc V:247 H: 73 F:46
		8283A5 64 00       STZ $00       [001428] A:0002 X:0E68 Y:0000 S:012E D:1428 DB:86 nvmxdizc V:247 H: 78 F:46	E-Exist = #$00
		8283A7 64 02       STZ $02       [00142A] A:0002 X:0E68 Y:0000 S:012E D:1428 DB:86 nvmxdizc V:247 H: 86 F:46	E-State = #$00
		8283A9 64 0E       STZ $0E       [001436] A:0002 X:0E68 Y:0000 S:012E D:1428 DB:86 nvmxdizc V:247 H: 95 F:46	E-$0E = #$00
		8283AB 64 2C       STZ $2C       [001454] A:0002 X:0E68 Y:0000 S:012E D:1428 DB:86 nvmxdizc V:247 H:103 F:46	E-$2C = #$00
		8283AD E2 20       SEP #$20               A:0002 X:0E68 Y:0000 S:012E D:1428 DB:86 nvmxdizc V:247 H:112 F:46
		8283AF 6B          RTL                    A:0002 X:0E68 Y:0000 S:012E D:1428 DB:86 nvMxdizc V:247 H:116 F:46

	80F869 60          RTS                    A:0002 X:0E68 Y:0000 S:0131 D:1428 DB:86 nvMxdizc V:247 H:127 F:46

80D49C C2 21       REP #$21               A:0002 X:0E68 Y:0000 S:0133 D:1428 DB:86 nvMxdizc V:247 H:147 F:46
