80D4F6 20 30 D5    JSR $D530     [80D530] A:0E01 X:0000 Y:00BC S:0133 D:0E68 DB:86 nvMXdizC V:247 H:174 F:25

	80D530 C2 20       REP #$20               A:0E01 X:0000 Y:00BC S:0131 D:0E68 DB:86 nvMXdizC V:247 H:184 F:25
	80D532 A5 05       LDA $05       [000E6D] A:0E01 X:0000 Y:00BC S:0131 D:0E68 DB:86 nvmXdizC V:247 H:188 F:25
	80D534 85 22       STA $22       [000E8A] A:1DBF X:0000 Y:00BC S:0131 D:0E68 DB:86 nvmXdizC V:247 H:197 F:25
	80D536 A5 08       LDA $08       [000E70] A:1DBF X:0000 Y:00BC S:0131 D:0E68 DB:86 nvmXdizC V:247 H:205 F:25
	80D538 85 24       STA $24       [000E8C] A:03A2 X:0000 Y:00BC S:0131 D:0E68 DB:86 nvmXdizC V:247 H:214 F:25
	80D53A E2 20       SEP #$20               A:03A2 X:0000 Y:00BC S:0131 D:0E68 DB:86 nvmXdizC V:247 H:222 F:25
	80D53C A9 80       LDA #$80               A:03A2 X:0000 Y:00BC S:0131 D:0E68 DB:86 nvMXdizC V:247 H:227 F:25
	80D53E 14 0E       TRB $0E       [000E76] A:0380 X:0000 Y:00BC S:0131 D:0E68 DB:86 NvMXdizC V:247 H:230 F:25
	80D540 A5 0A       LDA $0A       [000E72] A:0380 X:0000 Y:00BC S:0131 D:0E68 DB:86 NvMXdizC V:247 H:240 F:25
	80D542 0A          ASL A                  A:0331 X:0000 Y:00BC S:0131 D:0E68 DB:86 nvMXdizC V:247 H:246 F:25
	80D543 AA          TAX                    A:0362 X:0000 Y:00BC S:0131 D:0E68 DB:86 nvMXdizc V:247 H:249 F:25
	80D544 7C DD F8    JMP ($F8DD,X) [80F93F] A:0362 X:0062 Y:00BC S:0131 D:0E68 DB:86 nvMXdizc V:247 H:252 F:25

	80FAA6 22 E1 9B 88 JSL $889BE1   [889BE1] A:0362 X:0062 Y:00BC S:0131 D:0E68 DB:86 nvMXdizc V:247 H:261 F:25

		889BE1 A6 01       LDX $01       [000E69] A:0362 X:0062 Y:00BC S:012E D:0E68 DB:86 nvMXdizc V:247 H:275 F:25
		889BE3 7C E6 9B    JMP ($9BE6,X) [889BEA] A:0362 X:0004 Y:00BC S:012E D:0E68 DB:86 nvMXdizc V:247 H:281 F:25

		889D6E A9 0E       LDA #$0E               A:0362 X:0004 Y:00BC S:012E D:0E68 DB:86 nvMXdizc V:247 H:290 F:25
		889D70 14 11       TRB $11       [000E79] A:030E X:0004 Y:00BC S:012E D:0E68 DB:86 nvMXdizc V:247 H:293 F:25
		889D72 A5 33       LDA $33       [000E9B] A:030E X:0004 Y:00BC S:012E D:0E68 DB:86 nvMXdizc V:247 H:303 F:25
		889D74 04 11       TSB $11       [000E79] A:0308 X:0004 Y:00BC S:012E D:0E68 DB:86 nvMXdizc V:247 H:310 F:25
		889D76 A6 02       LDX $02       [000E6A] A:0308 X:0004 Y:00BC S:012E D:0E68 DB:86 nvMXdiZc V:247 H:320 F:25
		889D78 FC 2C 9E    JSR ($9E2C,X) [889E30] A:0308 X:0004 Y:00BC S:012E D:0E68 DB:86 nvMXdizc V:247 H:326 F:25

			88A059 A6 03       LDX $03       [000E6B] A:0308 X:0004 Y:00BC S:012C D:0E68 DB:86 nvMXdizc V:247 H:338 F:25
			88A05B 7C 5E A0    JMP ($A05E,X) [88A064] A:0308 X:0006 Y:00BC S:012C D:0E68 DB:86 nvMXdizc V:248 H:  5 F:25

			88A122 C2 20       REP #$20               A:0308 X:0006 Y:00BC S:012C D:0E68 DB:86 nvMXdizc V:248 H: 14 F:25
			88A124 A9 D6 CF    LDA #$CFD6             A:0308 X:0006 Y:00BC S:012C D:0E68 DB:86 nvmXdizc V:248 H: 18 F:25
			88A127 85 20       STA $20       [000E88] A:CFD6 X:0006 Y:00BC S:012C D:0E68 DB:86 NvmXdizc V:248 H: 23 F:25
			88A129 E2 20       SEP #$20               A:CFD6 X:0006 Y:00BC S:012C D:0E68 DB:86 NvmXdizc V:248 H: 31 F:25
			88A12B 22 03 9B 84 JSL $849B03   [849B03] A:CFD6 X:0006 Y:00BC S:012C D:0E68 DB:86 NvMXdizc V:248 H: 36 F:25			JSL $849B03 --> Various general checks

				849B03 C2 10       REP #$10               A:CFD6 X:0006 Y:00BC S:0129 D:0E68 DB:86 NvMXdizc V:248 H: 49 F:25
				849B05 A5 27       LDA $27       [000E8F] A:CFD6 X:0006 Y:00BC S:0129 D:0E68 DB:86 NvMxdizc V:248 H: 54 F:25
				849B07 F0 70       BEQ $0070     [849B79] A:CF20 X:0006 Y:00BC S:0129 D:0E68 DB:86 nvMxdizc V:248 H: 60 F:25
				849B09 A5 0E       LDA $0E       [000E76] A:CF20 X:0006 Y:00BC S:0129 D:0E68 DB:86 nvMxdizc V:248 H: 63 F:25
				849B0B F0 31       BEQ $0031     [849B3E] A:CF01 X:0006 Y:00BC S:0129 D:0E68 DB:86 nvMxdizc V:248 H: 70 F:25
				849B0D AD 0C 1F    LDA $1F0C     [861F0C] A:CF01 X:0006 Y:00BC S:0129 D:0E68 DB:86 nvMxdizc V:248 H: 73 F:25
				849B10 D0 2C       BNE $002C     [849B3E] A:CF00 X:0006 Y:00BC S:0129 D:0E68 DB:86 nvMxdiZc V:248 H: 79 F:25
				849B12 AD 32 0C    LDA $0C32     [860C32] A:CF00 X:0006 Y:00BC S:0129 D:0E68 DB:86 nvMxdiZc V:248 H: 82 F:25
				849B15 D0 11       BNE $0011     [849B28] A:CF00 X:0006 Y:00BC S:0129 D:0E68 DB:86 nvMxdiZc V:248 H: 89 F:25
				849B17 AD 30 0C    LDA $0C30     [860C30] A:CF00 X:0006 Y:00BC S:0129 D:0E68 DB:86 nvMxdiZc V:248 H: 92 F:25
				849B1A D0 0C       BNE $000C     [849B28] A:CF00 X:0006 Y:00BC S:0129 D:0E68 DB:86 nvMxdiZc V:248 H: 98 F:25
				849B1C A2 A8 0B    LDX #$0BA8             A:CF00 X:0006 Y:00BC S:0129 D:0E68 DB:86 nvMxdiZc V:248 H:101 F:25
				849B1F 22 0E 9C 84 JSL $849C0E   [849C0E] A:CF00 X:0BA8 Y:00BC S:0129 D:0E68 DB:86 nvMxdizc V:248 H:106 F:25		JSL $849C0E --> Something to do with sprites?

					849C0E 5A          PHY                    A:CF00 X:0BA8 Y:00BC S:0126 D:0E68 DB:86 nvMxdizc V:248 H:119 F:25
					849C0F A4 20       LDY $20       [000E88] A:CF00 X:0BA8 Y:00BC S:0124 D:0E68 DB:86 nvMxdizc V:248 H:126 F:25
					849C11 D0 03       BNE $0003     [849C16] A:CF00 X:0BA8 Y:CFD6 S:0124 D:0E68 DB:86 NvMxdizc V:248 H:145 F:25
					849C16 BC 20 00    LDY $0020,X   [860BC8] A:CF00 X:0BA8 Y:CFD6 S:0124 D:0E68 DB:86 NvMxdizc V:248 H:149 F:25
					849C19 D0 03       BNE $0003     [849C1E] A:CF00 X:0BA8 Y:A552 S:0124 D:0E68 DB:86 NvMxdizc V:248 H:159 F:25
					849C1E C2 20       REP #$20               A:CF00 X:0BA8 Y:A552 S:0124 D:0E68 DB:86 NvMxdizc V:248 H:164 F:25
					849C20 DA          PHX                    A:CF00 X:0BA8 Y:A552 S:0124 D:0E68 DB:86 Nvmxdizc V:248 H:168 F:25
					849C21 BD 05 00    LDA $0005,X   [860BAD] A:CF00 X:0BA8 Y:A552 S:0122 D:0E68 DB:86 Nvmxdizc V:248 H:175 F:25
					849C24 8D 04 00    STA $0004     [860004] A:1D68 X:0BA8 Y:A552 S:0122 D:0E68 DB:86 nvmxdizc V:248 H:185 F:25
					849C27 BD 08 00    LDA $0008,X   [860BB0] A:1D68 X:0BA8 Y:A552 S:0122 D:0E68 DB:86 nvmxdizc V:248 H:194 F:25
					849C2A 8D 06 00    STA $0006     [860006] A:03AF X:0BA8 Y:A552 S:0122 D:0E68 DB:86 nvmxdizc V:248 H:204 F:25
					849C2D A5 05       LDA $05       [000E6D] A:03AF X:0BA8 Y:A552 S:0122 D:0E68 DB:86 nvmxdizc V:248 H:212 F:25
					849C2F 8D 0C 00    STA $000C     [86000C] A:1DBF X:0BA8 Y:A552 S:0122 D:0E68 DB:86 nvmxdizc V:248 H:221 F:25
					849C32 A5 08       LDA $08       [000E70] A:1DBF X:0BA8 Y:A552 S:0122 D:0E68 DB:86 nvmxdizc V:248 H:229 F:25
					849C34 8D 0E 00    STA $000E     [86000E] A:03A2 X:0BA8 Y:A552 S:0122 D:0E68 DB:86 nvmxdizc V:248 H:238 F:25
					849C37 E2 20       SEP #$20               A:03A2 X:0BA8 Y:A552 S:0122 D:0E68 DB:86 nvmxdizc V:248 H:246 F:25
					849C39 BD 11 00    LDA $0011,X   [860BB9] A:03A2 X:0BA8 Y:A552 S:0122 D:0E68 DB:86 nvMxdizc V:248 H:251 F:25
					849C3C 8D 08 00    STA $0008     [860008] A:0322 X:0BA8 Y:A552 S:0122 D:0E68 DB:86 nvMxdizc V:248 H:259 F:25
					849C3F A5 11       LDA $11       [000E79] A:0322 X:0BA8 Y:A552 S:0122 D:0E68 DB:86 nvMxdizc V:248 H:265 F:25
					849C41 8D 09 00    STA $0009     [860009] A:0369 X:0BA8 Y:A552 S:0122 D:0E68 DB:86 nvMxdizc V:248 H:272 F:25
					849C44 BC 20 00    LDY $0020,X   [860BC8] A:0369 X:0BA8 Y:A552 S:0122 D:0E68 DB:86 nvMxdizc V:248 H:278 F:25
					849C47 A6 20       LDX $20       [000E88] A:0369 X:0BA8 Y:A552 S:0122 D:0E68 DB:86 NvMxdizc V:248 H:288 F:25
					849C49 0B          PHD                    A:0369 X:CFD6 Y:A552 S:0122 D:0E68 DB:86 NvMxdizc V:248 H:297 F:25
					849C4A F4 00 00    PEA $0000              A:0369 X:CFD6 Y:A552 S:0120 D:0E68 DB:86 NvMxdizc V:248 H:304 F:25
					849C4D 2B          PLD                    A:0369 X:CFD6 Y:A552 S:011E D:0E68 DB:86 NvMxdizc V:248 H:312 F:25
					849C4E BD 02 00    LDA $0002,X   [86CFD8] A:0369 X:CFD6 Y:A552 S:0120 D:0000 DB:86 nvMxdiZc V:248 H:321 F:25
					849C51 18          CLC                    A:0318 X:CFD6 Y:A552 S:0120 D:0000 DB:86 nvMxdizc V:248 H:327 F:25
					849C52 79 02 00    ADC $0002,Y   [86A554] A:0318 X:CFD6 Y:A552 S:0120 D:0000 DB:86 nvMxdizc V:248 H:330 F:25
					849C55 85 00       STA $00       [000000] A:031E X:CFD6 Y:A552 S:0120 D:0000 DB:86 nvMxdizc V:248 H:338 F:25
					849C57 64 01       STZ $01       [000001] A:031E X:CFD6 Y:A552 S:0120 D:0000 DB:86 nvMxdizc V:249 H:  3 F:25
					849C59 BD 03 00    LDA $0003,X   [86CFD9] A:031E X:CFD6 Y:A552 S:0120 D:0000 DB:86 nvMxdizc V:249 H:  8 F:25
					849C5C 18          CLC                    A:0307 X:CFD6 Y:A552 S:0120 D:0000 DB:86 nvMxdizc V:249 H: 15 F:25
					849C5D 79 03 00    ADC $0003,Y   [86A555] A:0307 X:CFD6 Y:A552 S:0120 D:0000 DB:86 nvMxdizc V:249 H: 18 F:25
					849C60 85 02       STA $02       [000002] A:0315 X:CFD6 Y:A552 S:0120 D:0000 DB:86 nvMxdizc V:249 H: 26 F:25
					849C62 64 03       STZ $03       [000003] A:0315 X:CFD6 Y:A552 S:0120 D:0000 DB:86 nvMxdizc V:249 H: 31 F:25
					849C64 C2 21       REP #$21               A:0315 X:CFD6 Y:A552 S:0120 D:0000 DB:86 nvMxdizc V:249 H: 36 F:25
					849C66 B9 00 00    LDA $0000,Y   [86A552] A:0315 X:CFD6 Y:A552 S:0120 D:0000 DB:86 nvmxdizc V:249 H: 40 F:25
					849C69 29 FF 00    AND #$00FF             A:FF00 X:CFD6 Y:A552 S:0120 D:0000 DB:86 Nvmxdizc V:249 H: 49 F:25
					849C6C 89 80 00    BIT #$0080             A:0000 X:CFD6 Y:A552 S:0120 D:0000 DB:86 nvmxdiZc V:249 H: 54 F:25
					849C6F F0 03       BEQ $0003     [849C74] A:0000 X:CFD6 Y:A552 S:0120 D:0000 DB:86 nvmxdiZc V:249 H: 58 F:25
					849C74 24 07       BIT $07       [000007] A:0000 X:CFD6 Y:A552 S:0120 D:0000 DB:86 nvmxdiZc V:249 H: 63 F:25
					849C76 50 04       BVC $0004     [849C7C] A:0000 X:CFD6 Y:A552 S:0120 D:0000 DB:86 nvmxdiZc V:249 H: 70 F:25
					849C7C 85 0A       STA $0A       [00000A] A:0000 X:CFD6 Y:A552 S:0120 D:0000 DB:86 nvmxdiZc V:249 H: 74 F:25
					849C7E 64 10       STZ $10       [000010] A:0000 X:CFD6 Y:A552 S:0120 D:0000 DB:86 nvmxdiZc V:249 H: 81 F:25
					849C80 BD 00 00    LDA $0000,X   [86CFD6] A:0000 X:CFD6 Y:A552 S:0120 D:0000 DB:86 nvmxdiZc V:249 H: 88 F:25
					849C83 29 FF 00    AND #$00FF             A:FCE8 X:CFD6 Y:A552 S:0120 D:0000 DB:86 Nvmxdizc V:249 H: 97 F:25
					849C86 89 80 00    BIT #$0080             A:00E8 X:CFD6 Y:A552 S:0120 D:0000 DB:86 nvmxdizc V:249 H:102 F:25
					849C89 F0 03       BEQ $0003     [849C8E] A:00E8 X:CFD6 Y:A552 S:0120 D:0000 DB:86 nvmxdizc V:249 H:106 F:25
					849C8B 09 00 FF    ORA #$FF00             A:00E8 X:CFD6 Y:A552 S:0120 D:0000 DB:86 nvmxdizc V:249 H:109 F:25
					849C8E 24 08       BIT $08       [000008] A:FFE8 X:CFD6 Y:A552 S:0120 D:0000 DB:86 Nvmxdizc V:249 H:114 F:25
					849C90 50 04       BVC $0004     [849C96] A:FFE8 X:CFD6 Y:A552 S:0120 D:0000 DB:86 nVmxdizc V:249 H:121 F:25
					849C92 49 FF FF    EOR #$FFFF             A:FFE8 X:CFD6 Y:A552 S:0120 D:0000 DB:86 nVmxdizc V:249 H:124 F:25
					849C95 1A          INC                    A:0017 X:CFD6 Y:A552 S:0120 D:0000 DB:86 nVmxdizc V:249 H:128 F:25
					849C96 65 0C       ADC $0C       [00000C] A:0018 X:CFD6 Y:A552 S:0120 D:0000 DB:86 nVmxdizc V:249 H:131 F:25
					849C98 38          SEC                    A:1DD7 X:CFD6 Y:A552 S:0120 D:0000 DB:86 nvmxdizc V:249 H:148 F:25
					849C99 E5 04       SBC $04       [000004] A:1DD7 X:CFD6 Y:A552 S:0120 D:0000 DB:86 nvmxdizC V:249 H:151 F:25
					849C9B 38          SEC                    A:006F X:CFD6 Y:A552 S:0120 D:0000 DB:86 nvmxdizC V:249 H:158 F:25
					849C9C E5 0A       SBC $0A       [00000A] A:006F X:CFD6 Y:A552 S:0120 D:0000 DB:86 nvmxdizC V:249 H:161 F:25
					849C9E 10 06       BPL $0006     [849CA6] A:006F X:CFD6 Y:A552 S:0120 D:0000 DB:86 nvmxdizC V:249 H:168 F:25
					849CA6 85 04       STA $04       [000004] A:006F X:CFD6 Y:A552 S:0120 D:0000 DB:86 nvmxdizC V:249 H:173 F:25
					849CA8 A5 00       LDA $00       [000000] A:006F X:CFD6 Y:A552 S:0120 D:0000 DB:86 nvmxdizC V:249 H:180 F:25
					849CAA 38          SEC                    A:001E X:CFD6 Y:A552 S:0120 D:0000 DB:86 nvmxdizC V:249 H:187 F:25
					849CAB E5 04       SBC $04       [000004] A:001E X:CFD6 Y:A552 S:0120 D:0000 DB:86 nvmxdizC V:249 H:190 F:25
					849CAD 1A          INC                    A:FFAF X:CFD6 Y:A552 S:0120 D:0000 DB:86 Nvmxdizc V:249 H:197 F:25
					849CAE 85 04       STA $04       [000004] A:FFB0 X:CFD6 Y:A552 S:0120 D:0000 DB:86 Nvmxdizc V:249 H:200 F:25
					849CB0 24 0F       BIT $0F       [00000F] A:FFB0 X:CFD6 Y:A552 S:0120 D:0000 DB:86 Nvmxdizc V:249 H:207 F:25
					849CB2 30 04       BMI $0004     [849CB8] A:FFB0 X:CFD6 Y:A552 S:0120 D:0000 DB:86 nvmxdiZc V:249 H:214 F:25
					849CB4 49 FF FF    EOR #$FFFF             A:FFB0 X:CFD6 Y:A552 S:0120 D:0000 DB:86 nvmxdiZc V:249 H:217 F:25
					849CB7 1A          INC                    A:004F X:CFD6 Y:A552 S:0120 D:0000 DB:86 nvmxdizc V:249 H:221 F:25
					849CB8 85 00       STA $00       [000000] A:0050 X:CFD6 Y:A552 S:0120 D:0000 DB:86 nvmxdizc V:249 H:224 F:25
					849CBA 90 45       BCC $0045     [849D01] A:0050 X:CFD6 Y:A552 S:0120 D:0000 DB:86 nvmxdizc V:249 H:231 F:25
					849D01 E2 20       SEP #$20               A:0050 X:CFD6 Y:A552 S:0120 D:0000 DB:86 nvmxdizc V:249 H:236 F:25
					849D03 2B          PLD                    A:0050 X:CFD6 Y:A552 S:0120 D:0000 DB:86 nvMxdizc V:249 H:240 F:25
					849D04 FA          PLX                    A:0050 X:CFD6 Y:A552 S:0122 D:0E68 DB:86 nvMxdizc V:249 H:249 F:25
					849D05 7A          PLY                    A:0050 X:0BA8 Y:A552 S:0124 D:0E68 DB:86 nvMxdizc V:249 H:257 F:25
					849D06 6B          RTL                    A:0050 X:0BA8 Y:00BC S:0126 D:0E68 DB:86 nvMxdizc V:249 H:266 F:25

				849B23 90 19       BCC $0019     [849B3E] A:0050 X:0BA8 Y:00BC S:0129 D:0E68 DB:86 nvMxdizc V:249 H:276 F:25		Branch because Carry is not set
				849B3E E2 10       SEP #$10               A:0050 X:0BA8 Y:00BC S:0129 D:0E68 DB:86 nvMxdizc V:249 H:281 F:25
				849B40 A9 00       LDA #$00               A:0050 X:00A8 Y:00BC S:0129 D:0E68 DB:86 nvMXdizc V:249 H:285 F:25
				849B42 6B          RTL                    A:0000 X:00A8 Y:00BC S:0129 D:0E68 DB:86 nvMXdiZc V:249 H:288 F:25

			88A12F 22 EA 8E 84 JSL $848EEA   [848EEA] A:0000 X:00A8 Y:00BC S:012C D:0E68 DB:86 nvMXdiZc V:249 H:299 F:25			JSL $848EEA --> Decrease CDSkel, Continue Skeleton

				848EEA 08          PHP                    A:0000 X:00A8 Y:00BC S:0129 D:0E68 DB:86 nvMXdiZc V:249 H:312 F:25
				848EEB 8B          PHB                    A:0000 X:00A8 Y:00BC S:0128 D:0E68 DB:86 nvMXdiZc V:249 H:317 F:25
				848EEC E2 30       SEP #$30               A:0000 X:00A8 Y:00BC S:0127 D:0E68 DB:86 nvMXdiZc V:249 H:322 F:25
				848EEE C6 13       DEC $13       [000E7B] A:0000 X:00A8 Y:00BC S:0127 D:0E68 DB:86 nvMXdiZc V:249 H:326 F:25
				848EF0 D0 5D       BNE $005D     [848F4F] A:0000 X:00A8 Y:00BC S:0127 D:0E68 DB:86 nvMXdizc V:249 H:336 F:25
				848F4F AB          PLB                    A:0000 X:00A8 Y:00BC S:0127 D:0E68 DB:86 nvMXdizc V:250 H:  0 F:25
				848F50 28          PLP                    A:0000 X:00A8 Y:00BC S:0128 D:0E68 DB:86 NvMXdizc V:250 H:  7 F:25
				848F51 6B          RTL                    A:0000 X:00A8 Y:00BC S:0129 D:0E68 DB:86 nvMXdiZc V:250 H: 13 F:25

			88A133 C6 34       DEC $34       [000E9C] A:0000 X:00A8 Y:00BC S:012C D:0E68 DB:86 nvMXdiZc V:250 H: 24 F:25
			88A135 D0 0F       BNE $000F     [88A146] A:0000 X:00A8 Y:00BC S:012C D:0E68 DB:86 nvMXdiZc V:250 H: 34 F:25
			88A137 A9 08       LDA #$08               A:0000 X:00A8 Y:00BC S:012C D:0E68 DB:86 nvMXdiZc V:250 H: 37 F:25
			88A139 85 03       STA $03       [000E6B] A:0008 X:00A8 Y:00BC S:012C D:0E68 DB:86 nvMXdizc V:250 H: 40 F:25
			88A13B A9 00       LDA #$00               A:0008 X:00A8 Y:00BC S:012C D:0E68 DB:86 nvMXdizc V:250 H: 46 F:25
			88A13D 22 07 8F 84 JSL $848F07   [848F07] A:0000 X:00A8 Y:00BC S:012C D:0E68 DB:86 nvMXdiZc V:250 H: 49 F:25			JSL $848F07 --> Skeleton Load (SkelPoint = #$91, A=#$00)

				848F07 08          PHP                    A:0000 X:00A8 Y:00BC S:0129 D:0E68 DB:86 nvMXdiZc V:250 H: 63 F:25
				848F08 8B          PHB                    A:0000 X:00A8 Y:00BC S:0128 D:0E68 DB:86 nvMXdiZc V:250 H: 68 F:25
				848F09 C2 30       REP #$30               A:0000 X:00A8 Y:00BC S:0127 D:0E68 DB:86 nvMXdiZc V:250 H: 73 F:25
				848F0B 8D 0E 00    STA $000E     [86000E] A:0000 X:00A8 Y:00BC S:0127 D:0E68 DB:86 nvmxdiZc V:250 H: 77 F:25
				848F0E A5 16       LDA $16       [000E7E] A:0000 X:00A8 Y:00BC S:0127 D:0E68 DB:86 nvmxdiZc V:250 H: 86 F:25
				848F10 29 FF 00    AND #$00FF             A:9691 X:00A8 Y:00BC S:0127 D:0E68 DB:86 Nvmxdizc V:250 H: 94 F:25
				848F13 8D 0C 00    STA $000C     [86000C] A:0091 X:00A8 Y:00BC S:0127 D:0E68 DB:86 nvmxdizc V:250 H: 99 F:25
				848F16 0A          ASL A                  A:0091 X:00A8 Y:00BC S:0127 D:0E68 DB:86 nvmxdizc V:250 H:107 F:25
				848F17 18          CLC                    A:0122 X:00A8 Y:00BC S:0127 D:0E68 DB:86 nvmxdizc V:250 H:110 F:25
				848F18 6D 0C 00    ADC $000C     [86000C] A:0122 X:00A8 Y:00BC S:0127 D:0E68 DB:86 nvmxdizc V:250 H:113 F:25
				848F1B AA          TAX                    A:01B3 X:00A8 Y:00BC S:0127 D:0E68 DB:86 nvmxdizc V:250 H:122 F:25
				848F1C BF 00 A0 AF LDA $AFA000,X [AFA1B3] A:01B3 X:01B3 Y:00BC S:0127 D:0E68 DB:86 nvmxdizc V:250 H:125 F:25
				848F20 85 14       STA $14       [000E7C] A:DE6B X:01B3 Y:00BC S:0127 D:0E68 DB:86 Nvmxdizc V:250 H:144 F:25
				848F22 E2 20       SEP #$20               A:DE6B X:01B3 Y:00BC S:0127 D:0E68 DB:86 Nvmxdizc V:250 H:152 F:25
				848F24 BF 02 A0 AF LDA $AFA002,X [AFA1B5] A:DE6B X:01B3 Y:00BC S:0127 D:0E68 DB:86 NvMxdizc V:250 H:157 F:25
				848F28 48          PHA                    A:DEAF X:01B3 Y:00BC S:0127 D:0E68 DB:86 NvMxdizc V:250 H:164 F:25
				848F29 AB          PLB                    A:DEAF X:01B3 Y:00BC S:0126 D:0E68 DB:86 NvMxdizc V:250 H:169 F:25
				848F2A C2 20       REP #$20               A:DEAF X:01B3 Y:00BC S:0127 D:0E68 DB:AF NvMxdizc V:250 H:176 F:25
				848F2C AD 0E 00    LDA $000E     [AF000E] A:DEAF X:01B3 Y:00BC S:0127 D:0E68 DB:AF Nvmxdizc V:250 H:180 F:25
				848F2F 29 FF 00    AND #$00FF             A:0000 X:01B3 Y:00BC S:0127 D:0E68 DB:AF nvmxdiZc V:250 H:189 F:25
				848F32 0A          ASL A                  A:0000 X:01B3 Y:00BC S:0127 D:0E68 DB:AF nvmxdiZc V:250 H:193 F:25
				848F33 A8          TAY                    A:0000 X:01B3 Y:00BC S:0127 D:0E68 DB:AF nvmxdiZc V:250 H:196 F:25
				848F34 B1 14       LDA ($14),Y   [AFDE6B] A:0000 X:01B3 Y:0000 S:0127 D:0E68 DB:AF nvmxdiZc V:250 H:199 F:25
				848F36 65 14       ADC $14       [000E7C] A:0026 X:01B3 Y:0000 S:0127 D:0E68 DB:AF nvmxdizc V:250 H:212 F:25
				848F38 85 14       STA $14       [000E7C] A:DE91 X:01B3 Y:0000 S:0127 D:0E68 DB:AF Nvmxdizc V:250 H:221 F:25
				848F3A E2 30       SEP #$30               A:DE91 X:01B3 Y:0000 S:0127 D:0E68 DB:AF Nvmxdizc V:250 H:229 F:25
				848F3C B2 14       LDA ($14)     [AFDE91] A:DE91 X:00B3 Y:0000 S:0127 D:0E68 DB:AF NvMXdizc V:250 H:234 F:25		Skeleton start: AFDE91
				848F3E 85 13       STA $13       [000E7B] A:DE06 X:00B3 Y:0000 S:0127 D:0E68 DB:AF nvMXdizc V:250 H:244 F:25
				848F40 A0 01       LDY #$01               A:DE06 X:00B3 Y:0000 S:0127 D:0E68 DB:AF nvMXdizc V:250 H:250 F:25
				848F42 B1 14       LDA ($14),Y   [AFDE92] A:DE06 X:00B3 Y:0001 S:0127 D:0E68 DB:AF nvMXdizc V:250 H:253 F:25
				848F44 85 0F       STA $0F       [000E77] A:DE00 X:00B3 Y:0001 S:0127 D:0E68 DB:AF nvMXdiZc V:250 H:263 F:25
				848F46 C8          INY                    A:DE00 X:00B3 Y:0001 S:0127 D:0E68 DB:AF nvMXdiZc V:250 H:270 F:25
				848F47 B1 14       LDA ($14),Y   [AFDE93] A:DE00 X:00B3 Y:0002 S:0127 D:0E68 DB:AF nvMXdizc V:250 H:273 F:25
				848F49 85 17       STA $17       [000E7F] A:DE00 X:00B3 Y:0002 S:0127 D:0E68 DB:AF nvMXdiZc V:250 H:283 F:25
				848F4B A9 80       LDA #$80               A:DE00 X:00B3 Y:0002 S:0127 D:0E68 DB:AF nvMXdiZc V:250 H:289 F:25
				848F4D 04 17       TSB $17       [000E7F] A:DE80 X:00B3 Y:0002 S:0127 D:0E68 DB:AF NvMXdizc V:250 H:292 F:25
				848F4F AB          PLB                    A:DE80 X:00B3 Y:0002 S:0127 D:0E68 DB:AF NvMXdiZc V:250 H:302 F:25
				848F50 28          PLP                    A:DE80 X:00B3 Y:0002 S:0128 D:0E68 DB:86 NvMXdizc V:250 H:309 F:25
				848F51 6B          RTL                    A:DE80 X:00B3 Y:0002 S:0129 D:0E68 DB:86 nvMXdiZc V:250 H:315 F:25

			88A141 A9 20       LDA #$20               A:DE80 X:00B3 Y:0002 S:012C D:0E68 DB:86 nvMXdiZc V:250 H:325 F:25
			88A143 85 34       STA $34       [000E9C] A:DE20 X:00B3 Y:0002 S:012C D:0E68 DB:86 nvMXdizc V:250 H:328 F:25
			88A145 60          RTS                    A:DE20 X:00B3 Y:0002 S:012C D:0E68 DB:86 nvMXdizc V:250 H:334 F:25

		889D7B AD CF 0B    LDA $0BCF     [860BCF] A:DE20 X:00B3 Y:0002 S:012E D:0E68 DB:86 nvMXdizc V:251 H:  4 F:25
