80D4F6 20 30 D5    JSR $D530     [80D530] A:0E01 X:0000 Y:00BC S:0133 D:0E68 DB:86 nvMXdizC V:247 H:206 F:22

	80D530 C2 20       REP #$20               A:0E01 X:0000 Y:00BC S:0131 D:0E68 DB:86 nvMXdizC V:247 H:216 F:22
	80D532 A5 05       LDA $05       [000E6D] A:0E01 X:0000 Y:00BC S:0131 D:0E68 DB:86 nvmXdizC V:247 H:220 F:22
	80D534 85 22       STA $22       [000E8A] A:1D44 X:0000 Y:00BC S:0131 D:0E68 DB:86 nvmXdizC V:247 H:229 F:22
	80D536 A5 08       LDA $08       [000E70] A:1D44 X:0000 Y:00BC S:0131 D:0E68 DB:86 nvmXdizC V:247 H:237 F:22
	80D538 85 24       STA $24       [000E8C] A:03A2 X:0000 Y:00BC S:0131 D:0E68 DB:86 nvmXdizC V:247 H:246 F:22
	80D53A E2 20       SEP #$20               A:03A2 X:0000 Y:00BC S:0131 D:0E68 DB:86 nvmXdizC V:247 H:254 F:22
	80D53C A9 80       LDA #$80               A:03A2 X:0000 Y:00BC S:0131 D:0E68 DB:86 nvMXdizC V:247 H:259 F:22
	80D53E 14 0E       TRB $0E       [000E76] A:0380 X:0000 Y:00BC S:0131 D:0E68 DB:86 NvMXdizC V:247 H:262 F:22
	80D540 A5 0A       LDA $0A       [000E72] A:0380 X:0000 Y:00BC S:0131 D:0E68 DB:86 NvMXdizC V:247 H:272 F:22
	80D542 0A          ASL A                  A:0331 X:0000 Y:00BC S:0131 D:0E68 DB:86 nvMXdizC V:247 H:278 F:22
	80D543 AA          TAX                    A:0362 X:0000 Y:00BC S:0131 D:0E68 DB:86 nvMXdizc V:247 H:281 F:22
	80D544 7C DD F8    JMP ($F8DD,X) [80F93F] A:0362 X:0062 Y:00BC S:0131 D:0E68 DB:86 nvMXdizc V:247 H:284 F:22

	80FAA6 22 E1 9B 88 JSL $889BE1   [889BE1] A:0362 X:0062 Y:00BC S:0131 D:0E68 DB:86 nvMXdizc V:247 H:293 F:22

		889BE1 A6 01       LDX $01       [000E69] A:0362 X:0062 Y:00BC S:012E D:0E68 DB:86 nvMXdizc V:247 H:307 F:22
		889BE3 7C E6 9B    JMP ($9BE6,X) [889BEA] A:0362 X:0004 Y:00BC S:012E D:0E68 DB:86 nvMXdizc V:247 H:313 F:22

		889D6E A9 0E       LDA #$0E               A:0362 X:0004 Y:00BC S:012E D:0E68 DB:86 nvMXdizc V:247 H:322 F:22
		889D70 14 11       TRB $11       [000E79] A:030E X:0004 Y:00BC S:012E D:0E68 DB:86 nvMXdizc V:247 H:325 F:22
		889D72 A5 33       LDA $33       [000E9B] A:030E X:0004 Y:00BC S:012E D:0E68 DB:86 nvMXdizc V:247 H:334 F:22
		889D74 04 11       TSB $11       [000E79] A:0308 X:0004 Y:00BC S:012E D:0E68 DB:86 nvMXdizc V:248 H:  1 F:22
		889D76 A6 02       LDX $02       [000E6A] A:0308 X:0004 Y:00BC S:012E D:0E68 DB:86 nvMXdiZc V:248 H: 11 F:22
		889D78 FC 2C 9E    JSR ($9E2C,X) [889E30] A:0308 X:0004 Y:00BC S:012E D:0E68 DB:86 nvMXdizc V:248 H: 17 F:22

			88A059 A6 03       LDX $03       [000E6B] A:0308 X:0004 Y:00BC S:012C D:0E68 DB:86 nvMXdizc V:248 H: 30 F:22
			88A05B 7C 5E A0    JMP ($A05E,X) [88A060] A:0308 X:0002 Y:00BC S:012C D:0E68 DB:86 nvMXdizc V:248 H: 37 F:22

			88A0CE 22 EA 8E 84 JSL $848EEA   [848EEA] A:0308 X:0002 Y:00BC S:012C D:0E68 DB:86 nvMXdizc V:248 H: 46 F:22		JSL $848EEA --> Decrease CDSkel, Continue Skeleton

				848EEA 08          PHP                    A:0308 X:0002 Y:00BC S:0129 D:0E68 DB:86 nvMXdizc V:248 H: 59 F:22
				848EEB 8B          PHB                    A:0308 X:0002 Y:00BC S:0128 D:0E68 DB:86 nvMXdizc V:248 H: 64 F:22
				848EEC E2 30       SEP #$30               A:0308 X:0002 Y:00BC S:0127 D:0E68 DB:86 nvMXdizc V:248 H: 69 F:22
				848EEE C6 13       DEC $13       [000E7B] A:0308 X:0002 Y:00BC S:0127 D:0E68 DB:86 nvMXdizc V:248 H: 74 F:22
				848EF0 D0 5D       BNE $005D     [848F4F] A:0308 X:0002 Y:00BC S:0127 D:0E68 DB:86 nvMXdizc V:248 H: 84 F:22
				848F4F AB          PLB                    A:0308 X:0002 Y:00BC S:0127 D:0E68 DB:86 nvMXdizc V:248 H: 88 F:22
				848F50 28          PLP                    A:0308 X:0002 Y:00BC S:0128 D:0E68 DB:86 NvMXdizc V:248 H: 95 F:22
				848F51 6B          RTL                    A:0308 X:0002 Y:00BC S:0129 D:0E68 DB:86 nvMXdizc V:248 H:101 F:22

			88A0D2 A5 0F       LDA $0F       [000E77] A:0308 X:0002 Y:00BC S:012C D:0E68 DB:86 nvMXdizc V:248 H:112 F:22
			88A0D4 10 29       BPL $0029     [88A0FF] A:0300 X:0002 Y:00BC S:012C D:0E68 DB:86 nvMXdiZc V:248 H:118 F:22		Branch because SkelAction is positive
			88A0FF C2 20       REP #$20               A:0300 X:0002 Y:00BC S:012C D:0E68 DB:86 nvMXdiZc V:248 H:123 F:22
			88A101 A9 D6 CF    LDA #$CFD6             A:0300 X:0002 Y:00BC S:012C D:0E68 DB:86 nvmXdiZc V:248 H:127 F:22		E-HitPoint = #$CFD6
			88A104 85 20       STA $20       [000E88] A:CFD6 X:0002 Y:00BC S:012C D:0E68 DB:86 NvmXdizc V:248 H:132 F:22
			88A106 E2 20       SEP #$20               A:CFD6 X:0002 Y:00BC S:012C D:0E68 DB:86 NvmXdizc V:248 H:150 F:22
			88A108 22 03 9B 84 JSL $849B03   [849B03] A:CFD6 X:0002 Y:00BC S:012C D:0E68 DB:86 NvMXdizc V:248 H:155 F:22		JSL $849B03 --> Various general checks

				849B03 C2 10       REP #$10               A:CFD6 X:0002 Y:00BC S:0129 D:0E68 DB:86 NvMXdizc V:248 H:168 F:22
				849B05 A5 27       LDA $27       [000E8F] A:CFD6 X:0002 Y:00BC S:0129 D:0E68 DB:86 NvMxdizc V:248 H:173 F:22
				849B07 F0 70       BEQ $0070     [849B79] A:CF20 X:0002 Y:00BC S:0129 D:0E68 DB:86 nvMxdizc V:248 H:179 F:22
				849B09 A5 0E       LDA $0E       [000E76] A:CF20 X:0002 Y:00BC S:0129 D:0E68 DB:86 nvMxdizc V:248 H:182 F:22
				849B0B F0 31       BEQ $0031     [849B3E] A:CF01 X:0002 Y:00BC S:0129 D:0E68 DB:86 nvMxdizc V:248 H:189 F:22
				849B0D AD 0C 1F    LDA $1F0C     [861F0C] A:CF01 X:0002 Y:00BC S:0129 D:0E68 DB:86 nvMxdizc V:248 H:192 F:22
				849B10 D0 2C       BNE $002C     [849B3E] A:CF00 X:0002 Y:00BC S:0129 D:0E68 DB:86 nvMxdiZc V:248 H:198 F:22
				849B12 AD 32 0C    LDA $0C32     [860C32] A:CF00 X:0002 Y:00BC S:0129 D:0E68 DB:86 nvMxdiZc V:248 H:201 F:22
				849B15 D0 11       BNE $0011     [849B28] A:CF08 X:0002 Y:00BC S:0129 D:0E68 DB:86 nvMxdizc V:248 H:208 F:22
				849B28 AD 18 0E    LDA $0E18     [860E18] A:CF08 X:0002 Y:00BC S:0129 D:0E68 DB:86 nvMxdizc V:248 H:212 F:22
				849B2B F0 11       BEQ $0011     [849B3E] A:CF00 X:0002 Y:00BC S:0129 D:0E68 DB:86 nvMxdiZc V:248 H:219 F:22
				849B3E E2 10       SEP #$10               A:CF00 X:0002 Y:00BC S:0129 D:0E68 DB:86 nvMxdiZc V:248 H:223 F:22
				849B40 A9 00       LDA #$00               A:CF00 X:0002 Y:00BC S:0129 D:0E68 DB:86 nvMXdiZc V:248 H:228 F:22
				849B42 6B          RTL                    A:CF00 X:0002 Y:00BC S:0129 D:0E68 DB:86 nvMXdiZc V:248 H:231 F:22

			88A10C 60          RTS                    A:CF00 X:0002 Y:00BC S:012C D:0E68 DB:86 nvMXdiZc V:248 H:241 F:22

		889D7B AD CF 0B    LDA $0BCF     [860BCF] A:CF00 X:0002 Y:00BC S:012E D:0E68 DB:86 nvMXdiZc V:248 H:251 F:22
