80D4F6 20 30 D5    JSR $D530     [80D530] A:0E01 X:0000 Y:00BC S:0133 D:0E68 DB:86 nvMXdizC V:247 H:207 F:21

	80D530 C2 20       REP #$20               A:0E01 X:0000 Y:00BC S:0131 D:0E68 DB:86 nvMXdizC V:247 H:217 F:21
	80D532 A5 05       LDA $05       [000E6D] A:0E01 X:0000 Y:00BC S:0131 D:0E68 DB:86 nvmXdizC V:247 H:221 F:21
	80D534 85 22       STA $22       [000E8A] A:1D44 X:0000 Y:00BC S:0131 D:0E68 DB:86 nvmXdizC V:247 H:230 F:21
	80D536 A5 08       LDA $08       [000E70] A:1D44 X:0000 Y:00BC S:0131 D:0E68 DB:86 nvmXdizC V:247 H:238 F:21
	80D538 85 24       STA $24       [000E8C] A:03A2 X:0000 Y:00BC S:0131 D:0E68 DB:86 nvmXdizC V:247 H:247 F:21
	80D53A E2 20       SEP #$20               A:03A2 X:0000 Y:00BC S:0131 D:0E68 DB:86 nvmXdizC V:247 H:255 F:21
	80D53C A9 80       LDA #$80               A:03A2 X:0000 Y:00BC S:0131 D:0E68 DB:86 nvMXdizC V:247 H:260 F:21
	80D53E 14 0E       TRB $0E       [000E76] A:0380 X:0000 Y:00BC S:0131 D:0E68 DB:86 NvMXdizC V:247 H:263 F:21
	80D540 A5 0A       LDA $0A       [000E72] A:0380 X:0000 Y:00BC S:0131 D:0E68 DB:86 NvMXdizC V:247 H:273 F:21
	80D542 0A          ASL A                  A:0331 X:0000 Y:00BC S:0131 D:0E68 DB:86 nvMXdizC V:247 H:279 F:21
	80D543 AA          TAX                    A:0362 X:0000 Y:00BC S:0131 D:0E68 DB:86 nvMXdizc V:247 H:282 F:21
	80D544 7C DD F8    JMP ($F8DD,X) [80F93F] A:0362 X:0062 Y:00BC S:0131 D:0E68 DB:86 nvMXdizc V:247 H:285 F:21

	80FAA6 22 E1 9B 88 JSL $889BE1   [889BE1] A:0362 X:0062 Y:00BC S:0131 D:0E68 DB:86 nvMXdizc V:247 H:294 F:21

		889BE1 A6 01       LDX $01       [000E69] A:0362 X:0062 Y:00BC S:012E D:0E68 DB:86 nvMXdizc V:247 H:308 F:21
		889BE3 7C E6 9B    JMP ($9BE6,X) [889BEA] A:0362 X:0004 Y:00BC S:012E D:0E68 DB:86 nvMXdizc V:247 H:314 F:21

		889D6E A9 0E       LDA #$0E               A:0362 X:0004 Y:00BC S:012E D:0E68 DB:86 nvMXdizc V:247 H:323 F:21
		889D70 14 11       TRB $11       [000E79] A:030E X:0004 Y:00BC S:012E D:0E68 DB:86 nvMXdizc V:247 H:326 F:21
		889D72 A5 33       LDA $33       [000E9B] A:030E X:0004 Y:00BC S:012E D:0E68 DB:86 nvMXdizc V:247 H:335 F:21
		889D74 04 11       TSB $11       [000E79] A:0308 X:0004 Y:00BC S:012E D:0E68 DB:86 nvMXdizc V:248 H:  2 F:21
		889D76 A6 02       LDX $02       [000E6A] A:0308 X:0004 Y:00BC S:012E D:0E68 DB:86 nvMXdiZc V:248 H: 12 F:21
		889D78 FC 2C 9E    JSR ($9E2C,X) [889E30] A:0308 X:0004 Y:00BC S:012E D:0E68 DB:86 nvMXdizc V:248 H: 18 F:21

			88A059 A6 03       LDX $03       [000E6B] A:0308 X:0004 Y:00BC S:012C D:0E68 DB:86 nvMXdizc V:248 H: 31 F:21
			88A05B 7C 5E A0    JMP ($A05E,X) [88A05E] A:0308 X:0000 Y:00BC S:012C D:0E68 DB:86 nvMXdiZc V:248 H: 38 F:21

			88A068 22 A5 AC 84 JSL $84ACA5   [84ACA5] A:0308 X:0000 Y:00BC S:012C D:0E68 DB:86 nvMXdiZc V:248 H: 47 F:21		JSL $84ACA5 --> Update Facing (40 bit)

				84ACA5 08          PHP                    A:0308 X:0000 Y:00BC S:0129 D:0E68 DB:86 nvMXdiZc V:248 H: 60 F:21
				84ACA6 E2 20       SEP #$20               A:0308 X:0000 Y:00BC S:0128 D:0E68 DB:86 nvMXdiZc V:248 H: 65 F:21
				84ACA8 A9 40       LDA #$40               A:0308 X:0000 Y:00BC S:0128 D:0E68 DB:86 nvMXdiZc V:248 H: 70 F:21
				84ACAA 14 11       TRB $11       [000E79] A:0340 X:0000 Y:00BC S:0128 D:0E68 DB:86 nvMXdizc V:248 H: 73 F:21
				84ACAC C2 20       REP #$20               A:0340 X:0000 Y:00BC S:0128 D:0E68 DB:86 nvMXdizc V:248 H: 83 F:21
				84ACAE AD AD 0B    LDA $0BAD     [860BAD] A:0340 X:0000 Y:00BC S:0128 D:0E68 DB:86 nvmXdizc V:248 H: 87 F:21
				84ACB1 38          SEC                    A:1D68 X:0000 Y:00BC S:0128 D:0E68 DB:86 nvmXdizc V:248 H: 96 F:21
				84ACB2 E5 05       SBC $05       [000E6D] A:1D68 X:0000 Y:00BC S:0128 D:0E68 DB:86 nvmXdizC V:248 H: 99 F:21
				84ACB4 E2 20       SEP #$20               A:0024 X:0000 Y:00BC S:0128 D:0E68 DB:86 nvmXdizC V:248 H:107 F:21
				84ACB6 A9 00       LDA #$00               A:0024 X:0000 Y:00BC S:0128 D:0E68 DB:86 nvMXdizC V:248 H:112 F:21
				84ACB8 6A          ROR A                  A:0000 X:0000 Y:00BC S:0128 D:0E68 DB:86 nvMXdiZC V:248 H:115 F:21
				84ACB9 4A          LSR A                  A:0080 X:0000 Y:00BC S:0128 D:0E68 DB:86 NvMXdizc V:248 H:118 F:21
				84ACBA 04 11       TSB $11       [000E79] A:0040 X:0000 Y:00BC S:0128 D:0E68 DB:86 nvMXdizc V:248 H:121 F:21
				84ACBC 28          PLP                    A:0040 X:0000 Y:00BC S:0128 D:0E68 DB:86 nvMXdiZc V:248 H:131 F:21
				84ACBD 6B          RTL                    A:0040 X:0000 Y:00BC S:0129 D:0E68 DB:86 nvMXdiZc V:248 H:147 F:21

			88A06C 64 2A       STZ $2A       [000E92] A:0040 X:0000 Y:00BC S:012C D:0E68 DB:86 nvMXdiZc V:248 H:158 F:21		E-$2A = #$00
			88A06E A5 11       LDA $11       [000E79] A:0040 X:0000 Y:00BC S:012C D:0E68 DB:86 nvMXdiZc V:248 H:164 F:21
			88A070 0A          ASL A                  A:0069 X:0000 Y:00BC S:012C D:0E68 DB:86 nvMXdizc V:248 H:171 F:21
			88A071 0A          ASL A                  A:00D2 X:0000 Y:00BC S:012C D:0E68 DB:86 NvMXdizc V:248 H:174 F:21
			88A072 A9 22       LDA #$22               A:00A4 X:0000 Y:00BC S:012C D:0E68 DB:86 NvMXdizC V:248 H:177 F:21		A = #$22
			88A074 B0 02       BCS $0002     [88A078] A:0022 X:0000 Y:00BC S:012C D:0E68 DB:86 nvMXdizC V:248 H:180 F:21		Branch because Facing = Right
			88A078 85 29       STA $29       [000E91] A:0022 X:0000 Y:00BC S:012C D:0E68 DB:86 nvMXdizC V:248 H:184 F:21		E-$29 = A = #$22
			88A07A 22 A0 90 84 JSL $8490A0   [8490A0] A:0022 X:0000 Y:00BC S:012C D:0E68 DB:86 nvMXdizC V:248 H:191 F:21		JSL $8490A0 --> Checks tile from current Data in D, offset E-$29 tiles. A = Tile Colission, Y = Tile ID

				8490A0 20 A4 90    JSR $90A4     [8490A4] A:0022 X:0000 Y:00BC S:0129 D:0E68 DB:86 nvMXdizC V:248 H:204 F:21

					8490A4 0B          PHD                    A:0022 X:0000 Y:00BC S:0127 D:0E68 DB:86 nvMXdizC V:248 H:214 F:21
					8490A5 DA          PHX                    A:0022 X:0000 Y:00BC S:0125 D:0E68 DB:86 nvMXdizC V:248 H:221 F:21
					8490A6 08          PHP                    A:0022 X:0000 Y:00BC S:0124 D:0E68 DB:86 nvMXdizC V:248 H:226 F:21
					8490A7 C2 30       REP #$30               A:0022 X:0000 Y:00BC S:0123 D:0E68 DB:86 nvMXdizC V:248 H:231 F:21
					8490A9 7B          TDC                    A:0022 X:0000 Y:00BC S:0123 D:0E68 DB:86 nvmxdizC V:248 H:236 F:21
					8490AA AA          TAX                    A:0E68 X:0000 Y:00BC S:0123 D:0E68 DB:86 nvmxdizC V:248 H:239 F:21
					8490AB A9 00 00    LDA #$0000             A:0E68 X:0E68 Y:00BC S:0123 D:0E68 DB:86 nvmxdizC V:248 H:242 F:21
					8490AE 5B          TCD                    A:0000 X:0E68 Y:00BC S:0123 D:0E68 DB:86 nvmxdiZC V:248 H:246 F:21
					8490AF E2 20       SEP #$20               A:0000 X:0E68 Y:00BC S:0123 D:0000 DB:86 nvmxdiZC V:248 H:249 F:21
					8490B1 80 07       BRA $0007     [8490BA] A:0000 X:0E68 Y:00BC S:0123 D:0000 DB:86 nvMxdiZC V:248 H:254 F:21
					8490BA 64 01       STZ $01       [000001] A:0000 X:0E68 Y:00BC S:0123 D:0000 DB:86 nvMxdiZC V:248 H:258 F:21
					8490BC B5 29       LDA $29,X     [000E91] A:0000 X:0E68 Y:00BC S:0123 D:0000 DB:86 nvMxdiZC V:248 H:263 F:21		A = E-$29 = #$22
					8490BE 10 02       BPL $0002     [8490C2] A:0022 X:0E68 Y:00BC S:0123 D:0000 DB:86 nvMxdizC V:248 H:270 F:21		Branch because E-$29 is positive
					8490C2 18          CLC                    A:0022 X:0E68 Y:00BC S:0123 D:0000 DB:86 nvMxdizC V:248 H:274 F:21
					8490C3 75 05       ADC $05,X     [000E6D] A:0022 X:0E68 Y:00BC S:0123 D:0000 DB:86 nvMxdizc V:248 H:277 F:21	
					8490C5 85 00       STA $00       [000000] A:0066 X:0E68 Y:00BC S:0123 D:0000 DB:86 nvMxdizc V:248 H:284 F:21		$0000 = E-$29 + E-X-Pos = #$66
					8490C7 B5 06       LDA $06,X     [000E6E] A:0066 X:0E68 Y:00BC S:0123 D:0000 DB:86 nvMxdizc V:248 H:289 F:21		$0001 = E-X-Pos (High byte) = #$1D
					8490C9 65 01       ADC $01       [000001] A:001D X:0E68 Y:00BC S:0123 D:0000 DB:86 nvMxdizc V:248 H:295 F:21
					8490CB 85 01       STA $01       [000001] A:001D X:0E68 Y:00BC S:0123 D:0000 DB:86 nvMxdizc V:248 H:300 F:21
					8490CD 64 03       STZ $03       [000003] A:001D X:0E68 Y:00BC S:0123 D:0000 DB:86 nvMxdizc V:248 H:305 F:21		$0003 = #$00
					8490CF B5 2A       LDA $2A,X     [000E92] A:001D X:0E68 Y:00BC S:0123 D:0000 DB:86 nvMxdizc V:248 H:310 F:21		A = E-$2A = #$00
					8490D1 10 02       BPL $0002     [8490D5] A:0000 X:0E68 Y:00BC S:0123 D:0000 DB:86 nvMxdiZc V:248 H:317 F:21		Branch because E-$2A is positive
					8490D5 18          CLC                    A:0000 X:0E68 Y:00BC S:0123 D:0000 DB:86 nvMxdiZc V:248 H:321 F:21
					8490D6 75 08       ADC $08,X     [000E70] A:0000 X:0E68 Y:00BC S:0123 D:0000 DB:86 nvMxdiZc V:248 H:324 F:21	
					8490D8 85 02       STA $02       [000002] A:00A2 X:0E68 Y:00BC S:0123 D:0000 DB:86 NvMxdizc V:248 H:330 F:21		$0002 = E-$2A + E-Y-Pos (Low byte) = #$A2
					8490DA 29 F0       AND #$F0               A:00A2 X:0E68 Y:00BC S:0123 D:0000 DB:86 NvMxdizc V:248 H:335 F:21		$000A = (E-$2A + E-Y-Pos) AND #$F0 = #$A0
					8490DC 85 0A       STA $0A       [00000A] A:00A0 X:0E68 Y:00BC S:0123 D:0000 DB:86 NvMxdizc V:248 H:338 F:21
					8490DE B5 09       LDA $09,X     [000E71] A:00A0 X:0E68 Y:00BC S:0123 D:0000 DB:86 NvMxdizc V:249 H:  3 F:21		$0003 =| $0003 + E-Y-Pos (High byte) = #$03
					8490E0 65 03       ADC $03       [000003] A:0003 X:0E68 Y:00BC S:0123 D:0000 DB:86 nvMxdizc V:249 H:  9 F:21		$000B =|
					8490E2 85 03       STA $03       [000003] A:0003 X:0E68 Y:00BC S:0123 D:0000 DB:86 nvMxdizc V:249 H: 14 F:21
					8490E4 85 0B       STA $0B       [00000B] A:0003 X:0E68 Y:00BC S:0123 D:0000 DB:86 nvMxdizc V:249 H: 19 F:21	
					8490E6 A5 00       LDA $00       [000000] A:0003 X:0E68 Y:00BC S:0123 D:0000 DB:86 nvMxdizc V:249 H: 24 F:21		$000C = ($0000 AND #$0F) + #$01 = #$07
					8490E8 29 0F       AND #$0F               A:0066 X:0E68 Y:00BC S:0123 D:0000 DB:86 nvMxdizc V:249 H: 29 F:21
					8490EA 1A          INC                    A:0006 X:0E68 Y:00BC S:0123 D:0000 DB:86 nvMxdizc V:249 H: 32 F:21
					8490EB 85 0C       STA $0C       [00000C] A:0007 X:0E68 Y:00BC S:0123 D:0000 DB:86 nvMxdizc V:249 H: 35 F:21
					8490ED A5 02       LDA $02       [000002] A:0007 X:0E68 Y:00BC S:0123 D:0000 DB:86 nvMxdizc V:249 H: 40 F:21		$000E = ($0002 AND #$0F) + #$01 = #$03
					8490EF 29 0F       AND #$0F               A:00A2 X:0E68 Y:00BC S:0123 D:0000 DB:86 NvMxdizc V:249 H: 45 F:21
					8490F1 1A          INC                    A:0002 X:0E68 Y:00BC S:0123 D:0000 DB:86 nvMxdizc V:249 H: 48 F:21
					8490F2 85 0E       STA $0E       [00000E] A:0003 X:0E68 Y:00BC S:0123 D:0000 DB:86 nvMxdizc V:249 H: 51 F:21
					8490F4 C2 20       REP #$20               A:0003 X:0E68 Y:00BC S:0123 D:0000 DB:86 nvMxdizc V:249 H: 56 F:21		A:2B
					8490F6 20 6A 91    JSR $916A     [84916A] A:0003 X:0E68 Y:00BC S:0123 D:0000 DB:86 nvmxdizc V:249 H: 61 F:21		JSR $84916A --> X = Tile Pointer, Y = Scene ID

						84916A A9 00 E8    LDA #$E800             A:0003 X:0E68 Y:00BC S:0121 D:0000 DB:86 nvmxdizc V:249 H: 71 F:21	$0010 = #$E800
						84916D 85 10       STA $10       [000010] A:E800 X:0E68 Y:00BC S:0121 D:0000 DB:86 Nvmxdizc V:249 H: 75 F:21
						84916F A9 7E 00    LDA #$007E             A:E800 X:0E68 Y:00BC S:0121 D:0000 DB:86 Nvmxdizc V:249 H: 82 F:21	$0012 = #$007E
						849172 85 12       STA $12       [000012] A:007E X:0E68 Y:00BC S:0121 D:0000 DB:86 nvmxdizc V:249 H: 87 F:21
						849174 A5 02       LDA $02       [000002] A:007E X:0E68 Y:00BC S:0121 D:0000 DB:86 nvmxdizc V:249 H: 94 F:21	$0004 = ($0002 AND #$00F0)*2 = #$0140
						849176 29 F0 00    AND #$00F0             A:03A2 X:0E68 Y:00BC S:0121 D:0000 DB:86 nvmxdizc V:249 H:101 F:21
						849179 0A          ASL A                  A:00A0 X:0E68 Y:00BC S:0121 D:0000 DB:86 nvmxdizc V:249 H:105 F:21
						84917A 85 04       STA $04       [000004] A:0140 X:0E68 Y:00BC S:0121 D:0000 DB:86 nvmxdizc V:249 H:108 F:21
						84917C A5 00       LDA $00       [000000] A:0140 X:0E68 Y:00BC S:0121 D:0000 DB:86 nvmxdizc V:249 H:115 F:21	|$0006 = (($0000 AND #$00FF)/8 AND #$FFFE) + $0004
						84917E 29 FF 00    AND #$00FF             A:1D66 X:0E68 Y:00BC S:0121 D:0000 DB:86 nvmxdizc V:249 H:122 F:21	|      = ( #$0066           /8 AND #$FFFE) + $0004
						849181 4A          LSR A                  A:0066 X:0E68 Y:00BC S:0121 D:0000 DB:86 nvmxdizc V:249 H:127 F:21	|      = ( #$000C              AND #$FFFE) + $0004
						849182 4A          LSR A                  A:0033 X:0E68 Y:00BC S:0121 D:0000 DB:86 nvmxdizc V:249 H:130 F:21	|      = #$000C + $0004
						849183 4A          LSR A                  A:0019 X:0E68 Y:00BC S:0121 D:0000 DB:86 nvmxdizC V:249 H:133 F:21	|$0006 = #$014C
						849184 29 FE FF    AND #$FFFE             A:000C X:0E68 Y:00BC S:0121 D:0000 DB:86 nvmxdizC V:249 H:146 F:21	|
						849187 18          CLC                    A:000C X:0E68 Y:00BC S:0121 D:0000 DB:86 nvmxdizC V:249 H:150 F:21	|
						849188 65 04       ADC $04       [000004] A:000C X:0E68 Y:00BC S:0121 D:0000 DB:86 nvmxdizc V:249 H:153 F:21	|
						84918A 85 06       STA $06       [000006] A:014C X:0E68 Y:00BC S:0121 D:0000 DB:86 nvmxdizc V:249 H:160 F:21	|
						84918C A5 00       LDA $00       [000000] A:014C X:0E68 Y:00BC S:0121 D:0000 DB:86 nvmxdizc V:249 H:167 F:21	$0004 = $0001 AND #$001F = #$001D
						84918E EB          XBA                    A:1D66 X:0E68 Y:00BC S:0121 D:0000 DB:86 nvmxdizc V:249 H:174 F:21
						84918F 29 1F 00    AND #$001F             A:661D X:0E68 Y:00BC S:0121 D:0000 DB:86 nvmxdizc V:249 H:179 F:21
						849192 85 04       STA $04       [000004] A:001D X:0E68 Y:00BC S:0121 D:0000 DB:86 nvmxdizc V:249 H:183 F:21
						849194 A5 02       LDA $02       [000002] A:001D X:0E68 Y:00BC S:0121 D:0000 DB:86 nvmxdizc V:249 H:190 F:21	|Y = ($0002 AND #$1F00)/8 + $0004
						849196 29 00 1F    AND #$1F00             A:03A2 X:0E68 Y:00BC S:0121 D:0000 DB:86 nvmxdizc V:249 H:197 F:21	|  = #$0300            /8 + $0004
						849199 4A          LSR A                  A:0300 X:0E68 Y:00BC S:0121 D:0000 DB:86 nvmxdizc V:249 H:202 F:21	|  = #$0060               + $0004
						84919A 4A          LSR A                  A:0180 X:0E68 Y:00BC S:0121 D:0000 DB:86 nvmxdizc V:249 H:205 F:21	|Y = #$007D
						84919B 4A          LSR A                  A:00C0 X:0E68 Y:00BC S:0121 D:0000 DB:86 nvmxdizc V:249 H:208 F:21	|
						84919C 18          CLC                    A:0060 X:0E68 Y:00BC S:0121 D:0000 DB:86 nvmxdizc V:249 H:211 F:21	|
						84919D 65 04       ADC $04       [000004] A:0060 X:0E68 Y:00BC S:0121 D:0000 DB:86 nvmxdizc V:249 H:214 F:21	|
						84919F A8          TAY                    A:007D X:0E68 Y:00BC S:0121 D:0000 DB:86 nvmxdizc V:249 H:221 F:21	|
						8491A0 B7 10       LDA [$10],Y   [7EE87D] A:007D X:0E68 Y:007D S:0121 D:0000 DB:86 nvmxdizc V:249 H:224 F:21	|Y = ([$10],Y        AND #$00FF
						8491A2 29 FF 00    AND #$00FF             A:0024 X:0E68 Y:007D S:0121 D:0000 DB:86 nvmxdizc V:249 H:237 F:21	|  = ([#$95E800+007D]  AND #$00FF
						8491A5 A8          TAY                    A:0024 X:0E68 Y:007D S:0121 D:0000 DB:86 nvmxdizc V:249 H:241 F:21	|  = $7EE87D         AND #$00FF = #$0024
						8491A6 EB          XBA                    A:0024 X:0E68 Y:0024 S:0121 D:0000 DB:86 nvmxdizc V:249 H:244 F:21	X = (Rotate A)*2 + $0006 = #$494C
						8491A7 0A          ASL A                  A:2400 X:0E68 Y:0024 S:0121 D:0000 DB:86 nvmxdiZc V:249 H:249 F:21	
						8491A8 18          CLC                    A:4800 X:0E68 Y:0024 S:0121 D:0000 DB:86 nvmxdizc V:249 H:252 F:21	
						8491A9 65 06       ADC $06       [000006] A:4800 X:0E68 Y:0024 S:0121 D:0000 DB:86 nvmxdizc V:249 H:255 F:21
						8491AB AA          TAX                    A:494C X:0E68 Y:0024 S:0121 D:0000 DB:86 nvmxdizc V:249 H:262 F:21
						8491AC 60          RTS                    A:494C X:494C Y:0024 S:0121 D:0000 DB:86 nvmxdizc V:249 H:265 F:21	Return

					8490F9 BF 00 20 7E LDA $7E2000,X [7E694C] A:494C X:494C Y:0024 S:0123 D:0000 DB:86 nvmxdizc V:249 H:275 F:21		Y = $7E2000,X = Current Tile = #$01BC 
					8490FD A8          TAY                    A:01BC X:494C Y:0024 S:0123 D:0000 DB:86 nvmxdizc V:249 H:285 F:21
					8490FE AD 92 0B    LDA $0B92     [860B92] A:01BC X:494C Y:01BC S:0123 D:0000 DB:86 nvmxdizc V:249 H:288 F:21		$0010 = $0B92 = #$EB15
					849101 85 10       STA $10       [000010] A:EB15 X:494C Y:01BC S:0123 D:0000 DB:86 Nvmxdizc V:249 H:296 F:21
					849103 AD 94 0B    LDA $0B94     [860B94] A:EB15 X:494C Y:01BC S:0123 D:0000 DB:86 Nvmxdizc V:249 H:303 F:21		$0012 = $0B94 = #$F895
					849106 85 12       STA $12       [000012] A:F895 X:494C Y:01BC S:0123 D:0000 DB:86 Nvmxdizc V:249 H:312 F:21
					849108 B7 10       LDA [$10],Y   [95ECD1] A:F895 X:494C Y:01BC S:0123 D:0000 DB:86 Nvmxdizc V:249 H:319 F:21		|A = [$10],Y       AND #$00FF  
					84910A 29 FF 00    AND #$00FF             A:0000 X:494C Y:01BC S:0123 D:0000 DB:86 nvmxdiZc V:249 H:330 F:21		|  = [#$95EB15,Y]  AND #$00FF
					84910D 28          PLP                    A:0000 X:494C Y:01BC S:0123 D:0000 DB:86 nvmxdiZc V:249 H:334 F:21		|  = [95ECD1]      AND #$00FF = #$0000 --> Current Colission
					84910E FA          PLX                    A:0000 X:004C Y:00BC S:0124 D:0000 DB:86 nvMXdizC V:250 H:  1 F:21
					84910F 2B          PLD                    A:0000 X:0000 Y:00BC S:0125 D:0000 DB:86 nvMXdiZC V:250 H:  7 F:21
					849110 60          RTS                    A:0000 X:0000 Y:00BC S:0127 D:0E68 DB:86 nvMXdizC V:250 H: 16 F:21

				8490A3 6B          RTL                    A:0000 X:0000 Y:00BC S:0129 D:0E68 DB:86 nvMXdizC V:250 H: 26 F:21

			88A07E C9 34       CMP #$34               A:0000 X:0000 Y:00BC S:012C D:0E68 DB:86 nvMXdizC V:250 H: 36 F:21
			88A080 B0 41       BCS $0041     [88A0C3] A:0000 X:0000 Y:00BC S:012C D:0E68 DB:86 NvMXdizc V:250 H: 39 F:21		Branch if A > #$34 (Subaction #$04)
			88A082 A9 32       LDA #$32               A:0000 X:0000 Y:00BC S:012C D:0E68 DB:86 NvMXdizc V:250 H: 42 F:21		A = #$32
			88A084 A6 29       LDX $29       [000E91] A:0032 X:0000 Y:00BC S:012C D:0E68 DB:86 nvMXdizc V:250 H: 45 F:21		X = E-$29 = #$22
			88A086 10 02       BPL $0002     [88A08A] A:0032 X:0022 Y:00BC S:012C D:0E68 DB:86 nvMXdizc V:250 H: 52 F:21		Branch because E-$29 is positive
			88A08A 85 29       STA $29       [000E91] A:0032 X:0022 Y:00BC S:012C D:0E68 DB:86 nvMXdizc V:250 H: 56 F:21		E-$29 = A = #$32
			88A08C 22 A0 90 84 JSL $8490A0   [8490A0] A:0032 X:0022 Y:00BC S:012C D:0E68 DB:86 nvMXdizc V:250 H: 63 F:21		JSL $8490A0 --> Checks tile from current Data in D, offset E-$29 tiles. A = Tile Colission, Y = Tile ID

				8490A0 20 A4 90    JSR $90A4     [8490A4] A:0032 X:0022 Y:00BC S:0129 D:0E68 DB:86 nvMXdizc V:250 H: 76 F:21

					8490A4 0B          PHD                    A:0032 X:0022 Y:00BC S:0127 D:0E68 DB:86 nvMXdizc V:250 H: 86 F:21
					8490A5 DA          PHX                    A:0032 X:0022 Y:00BC S:0125 D:0E68 DB:86 nvMXdizc V:250 H: 93 F:21
					8490A6 08          PHP                    A:0032 X:0022 Y:00BC S:0124 D:0E68 DB:86 nvMXdizc V:250 H: 98 F:21
					8490A7 C2 30       REP #$30               A:0032 X:0022 Y:00BC S:0123 D:0E68 DB:86 nvMXdizc V:250 H:103 F:21
					8490A9 7B          TDC                    A:0032 X:0022 Y:00BC S:0123 D:0E68 DB:86 nvmxdizc V:250 H:108 F:21
					8490AA AA          TAX                    A:0E68 X:0022 Y:00BC S:0123 D:0E68 DB:86 nvmxdizc V:250 H:111 F:21
					8490AB A9 00 00    LDA #$0000             A:0E68 X:0E68 Y:00BC S:0123 D:0E68 DB:86 nvmxdizc V:250 H:114 F:21
					8490AE 5B          TCD                    A:0000 X:0E68 Y:00BC S:0123 D:0E68 DB:86 nvmxdiZc V:250 H:118 F:21
					8490AF E2 20       SEP #$20               A:0000 X:0E68 Y:00BC S:0123 D:0000 DB:86 nvmxdiZc V:250 H:121 F:21
					8490B1 80 07       BRA $0007     [8490BA] A:0000 X:0E68 Y:00BC S:0123 D:0000 DB:86 nvMxdiZc V:250 H:126 F:21
					8490BA 64 01       STZ $01       [000001] A:0000 X:0E68 Y:00BC S:0123 D:0000 DB:86 nvMxdiZc V:250 H:130 F:21
					8490BC B5 29       LDA $29,X     [000E91] A:0000 X:0E68 Y:00BC S:0123 D:0000 DB:86 nvMxdiZc V:250 H:145 F:21
					8490BE 10 02       BPL $0002     [8490C2] A:0032 X:0E68 Y:00BC S:0123 D:0000 DB:86 nvMxdizc V:250 H:152 F:21
					8490C2 18          CLC                    A:0032 X:0E68 Y:00BC S:0123 D:0000 DB:86 nvMxdizc V:250 H:156 F:21
					8490C3 75 05       ADC $05,X     [000E6D] A:0032 X:0E68 Y:00BC S:0123 D:0000 DB:86 nvMxdizc V:250 H:159 F:21
					8490C5 85 00       STA $00       [000000] A:0076 X:0E68 Y:00BC S:0123 D:0000 DB:86 nvMxdizc V:250 H:166 F:21
					8490C7 B5 06       LDA $06,X     [000E6E] A:0076 X:0E68 Y:00BC S:0123 D:0000 DB:86 nvMxdizc V:250 H:171 F:21
					8490C9 65 01       ADC $01       [000001] A:001D X:0E68 Y:00BC S:0123 D:0000 DB:86 nvMxdizc V:250 H:177 F:21
					8490CB 85 01       STA $01       [000001] A:001D X:0E68 Y:00BC S:0123 D:0000 DB:86 nvMxdizc V:250 H:182 F:21
					8490CD 64 03       STZ $03       [000003] A:001D X:0E68 Y:00BC S:0123 D:0000 DB:86 nvMxdizc V:250 H:187 F:21
					8490CF B5 2A       LDA $2A,X     [000E92] A:001D X:0E68 Y:00BC S:0123 D:0000 DB:86 nvMxdizc V:250 H:192 F:21
					8490D1 10 02       BPL $0002     [8490D5] A:0000 X:0E68 Y:00BC S:0123 D:0000 DB:86 nvMxdiZc V:250 H:199 F:21
					8490D5 18          CLC                    A:0000 X:0E68 Y:00BC S:0123 D:0000 DB:86 nvMxdiZc V:250 H:203 F:21
					8490D6 75 08       ADC $08,X     [000E70] A:0000 X:0E68 Y:00BC S:0123 D:0000 DB:86 nvMxdiZc V:250 H:206 F:21
					8490D8 85 02       STA $02       [000002] A:00A2 X:0E68 Y:00BC S:0123 D:0000 DB:86 NvMxdizc V:250 H:213 F:21
					8490DA 29 F0       AND #$F0               A:00A2 X:0E68 Y:00BC S:0123 D:0000 DB:86 NvMxdizc V:250 H:218 F:21
					8490DC 85 0A       STA $0A       [00000A] A:00A0 X:0E68 Y:00BC S:0123 D:0000 DB:86 NvMxdizc V:250 H:221 F:21
					8490DE B5 09       LDA $09,X     [000E71] A:00A0 X:0E68 Y:00BC S:0123 D:0000 DB:86 NvMxdizc V:250 H:226 F:21
					8490E0 65 03       ADC $03       [000003] A:0003 X:0E68 Y:00BC S:0123 D:0000 DB:86 nvMxdizc V:250 H:232 F:21
					8490E2 85 03       STA $03       [000003] A:0003 X:0E68 Y:00BC S:0123 D:0000 DB:86 nvMxdizc V:250 H:237 F:21
					8490E4 85 0B       STA $0B       [00000B] A:0003 X:0E68 Y:00BC S:0123 D:0000 DB:86 nvMxdizc V:250 H:242 F:21
					8490E6 A5 00       LDA $00       [000000] A:0003 X:0E68 Y:00BC S:0123 D:0000 DB:86 nvMxdizc V:250 H:247 F:21
					8490E8 29 0F       AND #$0F               A:0076 X:0E68 Y:00BC S:0123 D:0000 DB:86 nvMxdizc V:250 H:252 F:21
					8490EA 1A          INC                    A:0006 X:0E68 Y:00BC S:0123 D:0000 DB:86 nvMxdizc V:250 H:255 F:21
					8490EB 85 0C       STA $0C       [00000C] A:0007 X:0E68 Y:00BC S:0123 D:0000 DB:86 nvMxdizc V:250 H:258 F:21
					8490ED A5 02       LDA $02       [000002] A:0007 X:0E68 Y:00BC S:0123 D:0000 DB:86 nvMxdizc V:250 H:263 F:21
					8490EF 29 0F       AND #$0F               A:00A2 X:0E68 Y:00BC S:0123 D:0000 DB:86 NvMxdizc V:250 H:268 F:21
					8490F1 1A          INC                    A:0002 X:0E68 Y:00BC S:0123 D:0000 DB:86 nvMxdizc V:250 H:271 F:21
					8490F2 85 0E       STA $0E       [00000E] A:0003 X:0E68 Y:00BC S:0123 D:0000 DB:86 nvMxdizc V:250 H:274 F:21
					8490F4 C2 20       REP #$20               A:0003 X:0E68 Y:00BC S:0123 D:0000 DB:86 nvMxdizc V:250 H:279 F:21
					8490F6 20 6A 91    JSR $916A     [84916A] A:0003 X:0E68 Y:00BC S:0123 D:0000 DB:86 nvmxdizc V:250 H:284 F:21

						84916A A9 00 E8    LDA #$E800             A:0003 X:0E68 Y:00BC S:0121 D:0000 DB:86 nvmxdizc V:250 H:294 F:21
						84916D 85 10       STA $10       [000010] A:E800 X:0E68 Y:00BC S:0121 D:0000 DB:86 Nvmxdizc V:250 H:298 F:21
						84916F A9 7E 00    LDA #$007E             A:E800 X:0E68 Y:00BC S:0121 D:0000 DB:86 Nvmxdizc V:250 H:305 F:21
						849172 85 12       STA $12       [000012] A:007E X:0E68 Y:00BC S:0121 D:0000 DB:86 nvmxdizc V:250 H:310 F:21
						849174 A5 02       LDA $02       [000002] A:007E X:0E68 Y:00BC S:0121 D:0000 DB:86 nvmxdizc V:250 H:317 F:21
						849176 29 F0 00    AND #$00F0             A:03A2 X:0E68 Y:00BC S:0121 D:0000 DB:86 nvmxdizc V:250 H:323 F:21
						849179 0A          ASL A                  A:00A0 X:0E68 Y:00BC S:0121 D:0000 DB:86 nvmxdizc V:250 H:327 F:21
						84917A 85 04       STA $04       [000004] A:0140 X:0E68 Y:00BC S:0121 D:0000 DB:86 nvmxdizc V:250 H:330 F:21
						84917C A5 00       LDA $00       [000000] A:0140 X:0E68 Y:00BC S:0121 D:0000 DB:86 nvmxdizc V:250 H:337 F:21
						84917E 29 FF 00    AND #$00FF             A:1D76 X:0E68 Y:00BC S:0121 D:0000 DB:86 nvmxdizc V:251 H:  4 F:21
						849181 4A          LSR A                  A:0076 X:0E68 Y:00BC S:0121 D:0000 DB:86 nvmxdizc V:251 H:  9 F:21
						849182 4A          LSR A                  A:003B X:0E68 Y:00BC S:0121 D:0000 DB:86 nvmxdizc V:251 H: 12 F:21
						849183 4A          LSR A                  A:001D X:0E68 Y:00BC S:0121 D:0000 DB:86 nvmxdizC V:251 H: 15 F:21
						849184 29 FE FF    AND #$FFFE             A:000E X:0E68 Y:00BC S:0121 D:0000 DB:86 nvmxdizC V:251 H: 18 F:21
						849187 18          CLC                    A:000E X:0E68 Y:00BC S:0121 D:0000 DB:86 nvmxdizC V:251 H: 22 F:21
						849188 65 04       ADC $04       [000004] A:000E X:0E68 Y:00BC S:0121 D:0000 DB:86 nvmxdizc V:251 H: 25 F:21
						84918A 85 06       STA $06       [000006] A:014E X:0E68 Y:00BC S:0121 D:0000 DB:86 nvmxdizc V:251 H: 32 F:21
						84918C A5 00       LDA $00       [000000] A:014E X:0E68 Y:00BC S:0121 D:0000 DB:86 nvmxdizc V:251 H: 39 F:21
						84918E EB          XBA                    A:1D76 X:0E68 Y:00BC S:0121 D:0000 DB:86 nvmxdizc V:251 H: 46 F:21
						84918F 29 1F 00    AND #$001F             A:761D X:0E68 Y:00BC S:0121 D:0000 DB:86 nvmxdizc V:251 H: 51 F:21
						849192 85 04       STA $04       [000004] A:001D X:0E68 Y:00BC S:0121 D:0000 DB:86 nvmxdizc V:251 H: 55 F:21
						849194 A5 02       LDA $02       [000002] A:001D X:0E68 Y:00BC S:0121 D:0000 DB:86 nvmxdizc V:251 H: 62 F:21
						849196 29 00 1F    AND #$1F00             A:03A2 X:0E68 Y:00BC S:0121 D:0000 DB:86 nvmxdizc V:251 H: 69 F:21
						849199 4A          LSR A                  A:0300 X:0E68 Y:00BC S:0121 D:0000 DB:86 nvmxdizc V:251 H: 74 F:21
						84919A 4A          LSR A                  A:0180 X:0E68 Y:00BC S:0121 D:0000 DB:86 nvmxdizc V:251 H: 77 F:21
						84919B 4A          LSR A                  A:00C0 X:0E68 Y:00BC S:0121 D:0000 DB:86 nvmxdizc V:251 H: 80 F:21
						84919C 18          CLC                    A:0060 X:0E68 Y:00BC S:0121 D:0000 DB:86 nvmxdizc V:251 H: 83 F:21
						84919D 65 04       ADC $04       [000004] A:0060 X:0E68 Y:00BC S:0121 D:0000 DB:86 nvmxdizc V:251 H: 86 F:21
						84919F A8          TAY                    A:007D X:0E68 Y:00BC S:0121 D:0000 DB:86 nvmxdizc V:251 H: 93 F:21
						8491A0 B7 10       LDA [$10],Y   [7EE87D] A:007D X:0E68 Y:007D S:0121 D:0000 DB:86 nvmxdizc V:251 H: 96 F:21
						8491A2 29 FF 00    AND #$00FF             A:0024 X:0E68 Y:007D S:0121 D:0000 DB:86 nvmxdizc V:251 H:109 F:21
						8491A5 A8          TAY                    A:0024 X:0E68 Y:007D S:0121 D:0000 DB:86 nvmxdizc V:251 H:113 F:21
						8491A6 EB          XBA                    A:0024 X:0E68 Y:0024 S:0121 D:0000 DB:86 nvmxdizc V:251 H:116 F:21
						8491A7 0A          ASL A                  A:2400 X:0E68 Y:0024 S:0121 D:0000 DB:86 nvmxdiZc V:251 H:121 F:21
						8491A8 18          CLC                    A:4800 X:0E68 Y:0024 S:0121 D:0000 DB:86 nvmxdizc V:251 H:124 F:21
						8491A9 65 06       ADC $06       [000006] A:4800 X:0E68 Y:0024 S:0121 D:0000 DB:86 nvmxdizc V:251 H:127 F:21
						8491AB AA          TAX                    A:494E X:0E68 Y:0024 S:0121 D:0000 DB:86 nvmxdizc V:251 H:134 F:21
						8491AC 60          RTS                    A:494E X:494E Y:0024 S:0121 D:0000 DB:86 nvmxdizc V:251 H:147 F:21

					8490F9 BF 00 20 7E LDA $7E2000,X [7E694E] A:494E X:494E Y:0024 S:0123 D:0000 DB:86 nvmxdizc V:251 H:157 F:21
					8490FD A8          TAY                    A:01BD X:494E Y:0024 S:0123 D:0000 DB:86 nvmxdizc V:251 H:167 F:21
					8490FE AD 92 0B    LDA $0B92     [860B92] A:01BD X:494E Y:01BD S:0123 D:0000 DB:86 nvmxdizc V:251 H:170 F:21
					849101 85 10       STA $10       [000010] A:EB15 X:494E Y:01BD S:0123 D:0000 DB:86 Nvmxdizc V:251 H:178 F:21
					849103 AD 94 0B    LDA $0B94     [860B94] A:EB15 X:494E Y:01BD S:0123 D:0000 DB:86 Nvmxdizc V:251 H:185 F:21
					849106 85 12       STA $12       [000012] A:F895 X:494E Y:01BD S:0123 D:0000 DB:86 Nvmxdizc V:251 H:194 F:21
					849108 B7 10       LDA [$10],Y   [95ECD2] A:F895 X:494E Y:01BD S:0123 D:0000 DB:86 Nvmxdizc V:251 H:201 F:21
					84910A 29 FF 00    AND #$00FF             A:0000 X:494E Y:01BD S:0123 D:0000 DB:86 nvmxdiZc V:251 H:213 F:21
					84910D 28          PLP                    A:0000 X:494E Y:01BD S:0123 D:0000 DB:86 nvmxdiZc V:251 H:217 F:21
					84910E FA          PLX                    A:0000 X:004E Y:00BD S:0124 D:0000 DB:86 nvMXdizc V:251 H:224 F:21
					84910F 2B          PLD                    A:0000 X:0022 Y:00BD S:0125 D:0000 DB:86 nvMXdizc V:251 H:230 F:21
					849110 60          RTS                    A:0000 X:0022 Y:00BD S:0127 D:0E68 DB:86 nvMXdizc V:251 H:239 F:21

				8490A3 6B          RTL                    A:0000 X:0022 Y:00BD S:0129 D:0E68 DB:86 nvMXdizc V:251 H:249 F:21

			88A090 C9 34       CMP #$34               A:0000 X:0022 Y:00BD S:012C D:0E68 DB:86 nvMXdizc V:251 H:259 F:21
			88A092 B0 2F       BCS $002F     [88A0C3] A:0000 X:0022 Y:00BD S:012C D:0E68 DB:86 NvMXdizc V:251 H:262 F:21		Branch if A > #$34 (Subaction #$04)
			88A094 A9 38       LDA #$38               A:0000 X:0022 Y:00BD S:012C D:0E68 DB:86 NvMXdizc V:251 H:265 F:21		A = #$38
			88A096 A6 29       LDX $29       [000E91] A:0038 X:0022 Y:00BD S:012C D:0E68 DB:86 nvMXdizc V:251 H:268 F:21		X = E-$29 = #$32
			88A098 10 02       BPL $0002     [88A09C] A:0038 X:0032 Y:00BD S:012C D:0E68 DB:86 nvMXdizc V:251 H:275 F:21		Branch because E-$29 is positive
			88A09C 85 29       STA $29       [000E91] A:0038 X:0032 Y:00BD S:012C D:0E68 DB:86 nvMXdizc V:251 H:279 F:21		E-$29 = A = #$38
			88A09E 22 A0 90 84 JSL $8490A0   [8490A0] A:0038 X:0032 Y:00BD S:012C D:0E68 DB:86 nvMXdizc V:251 H:286 F:21		JSL $8490A0 --> Checks tile from current Data in D, offset E-$29 tiles. A = Tile Colission, Y = Tile ID

				8490A0 20 A4 90    JSR $90A4     [8490A4] A:0038 X:0032 Y:00BD S:0129 D:0E68 DB:86 nvMXdizc V:251 H:299 F:21

					8490A4 0B          PHD                    A:0038 X:0032 Y:00BD S:0127 D:0E68 DB:86 nvMXdizc V:251 H:309 F:21
					8490A5 DA          PHX                    A:0038 X:0032 Y:00BD S:0125 D:0E68 DB:86 nvMXdizc V:251 H:316 F:21
					8490A6 08          PHP                    A:0038 X:0032 Y:00BD S:0124 D:0E68 DB:86 nvMXdizc V:251 H:321 F:21
					8490A7 C2 30       REP #$30               A:0038 X:0032 Y:00BD S:0123 D:0E68 DB:86 nvMXdizc V:251 H:326 F:21
					8490A9 7B          TDC                    A:0038 X:0032 Y:00BD S:0123 D:0E68 DB:86 nvmxdizc V:251 H:330 F:21
					8490AA AA          TAX                    A:0E68 X:0032 Y:00BD S:0123 D:0E68 DB:86 nvmxdizc V:251 H:333 F:21
					8490AB A9 00 00    LDA #$0000             A:0E68 X:0E68 Y:00BD S:0123 D:0E68 DB:86 nvmxdizc V:251 H:336 F:21
					8490AE 5B          TCD                    A:0000 X:0E68 Y:00BD S:0123 D:0E68 DB:86 nvmxdiZc V:252 H:  0 F:21
					8490AF E2 20       SEP #$20               A:0000 X:0E68 Y:00BD S:0123 D:0000 DB:86 nvmxdiZc V:252 H:  3 F:21
					8490B1 80 07       BRA $0007     [8490BA] A:0000 X:0E68 Y:00BD S:0123 D:0000 DB:86 nvMxdiZc V:252 H:  8 F:21
					8490BA 64 01       STZ $01       [000001] A:0000 X:0E68 Y:00BD S:0123 D:0000 DB:86 nvMxdiZc V:252 H: 12 F:21
					8490BC B5 29       LDA $29,X     [000E91] A:0000 X:0E68 Y:00BD S:0123 D:0000 DB:86 nvMxdiZc V:252 H: 17 F:21
					8490BE 10 02       BPL $0002     [8490C2] A:0038 X:0E68 Y:00BD S:0123 D:0000 DB:86 nvMxdizc V:252 H: 24 F:21
					8490C2 18          CLC                    A:0038 X:0E68 Y:00BD S:0123 D:0000 DB:86 nvMxdizc V:252 H: 28 F:21
					8490C3 75 05       ADC $05,X     [000E6D] A:0038 X:0E68 Y:00BD S:0123 D:0000 DB:86 nvMxdizc V:252 H: 31 F:21
					8490C5 85 00       STA $00       [000000] A:007C X:0E68 Y:00BD S:0123 D:0000 DB:86 nvMxdizc V:252 H: 38 F:21
					8490C7 B5 06       LDA $06,X     [000E6E] A:007C X:0E68 Y:00BD S:0123 D:0000 DB:86 nvMxdizc V:252 H: 43 F:21
					8490C9 65 01       ADC $01       [000001] A:001D X:0E68 Y:00BD S:0123 D:0000 DB:86 nvMxdizc V:252 H: 49 F:21
					8490CB 85 01       STA $01       [000001] A:001D X:0E68 Y:00BD S:0123 D:0000 DB:86 nvMxdizc V:252 H: 54 F:21
					8490CD 64 03       STZ $03       [000003] A:001D X:0E68 Y:00BD S:0123 D:0000 DB:86 nvMxdizc V:252 H: 59 F:21
					8490CF B5 2A       LDA $2A,X     [000E92] A:001D X:0E68 Y:00BD S:0123 D:0000 DB:86 nvMxdizc V:252 H: 64 F:21
					8490D1 10 02       BPL $0002     [8490D5] A:0000 X:0E68 Y:00BD S:0123 D:0000 DB:86 nvMxdiZc V:252 H: 71 F:21
					8490D5 18          CLC                    A:0000 X:0E68 Y:00BD S:0123 D:0000 DB:86 nvMxdiZc V:252 H: 75 F:21
					8490D6 75 08       ADC $08,X     [000E70] A:0000 X:0E68 Y:00BD S:0123 D:0000 DB:86 nvMxdiZc V:252 H: 78 F:21
					8490D8 85 02       STA $02       [000002] A:00A2 X:0E68 Y:00BD S:0123 D:0000 DB:86 NvMxdizc V:252 H: 85 F:21
					8490DA 29 F0       AND #$F0               A:00A2 X:0E68 Y:00BD S:0123 D:0000 DB:86 NvMxdizc V:252 H: 90 F:21
					8490DC 85 0A       STA $0A       [00000A] A:00A0 X:0E68 Y:00BD S:0123 D:0000 DB:86 NvMxdizc V:252 H: 93 F:21
					8490DE B5 09       LDA $09,X     [000E71] A:00A0 X:0E68 Y:00BD S:0123 D:0000 DB:86 NvMxdizc V:252 H: 98 F:21
					8490E0 65 03       ADC $03       [000003] A:0003 X:0E68 Y:00BD S:0123 D:0000 DB:86 nvMxdizc V:252 H:104 F:21
					8490E2 85 03       STA $03       [000003] A:0003 X:0E68 Y:00BD S:0123 D:0000 DB:86 nvMxdizc V:252 H:109 F:21
					8490E4 85 0B       STA $0B       [00000B] A:0003 X:0E68 Y:00BD S:0123 D:0000 DB:86 nvMxdizc V:252 H:114 F:21
					8490E6 A5 00       LDA $00       [000000] A:0003 X:0E68 Y:00BD S:0123 D:0000 DB:86 nvMxdizc V:252 H:119 F:21
					8490E8 29 0F       AND #$0F               A:007C X:0E68 Y:00BD S:0123 D:0000 DB:86 nvMxdizc V:252 H:124 F:21
					8490EA 1A          INC                    A:000C X:0E68 Y:00BD S:0123 D:0000 DB:86 nvMxdizc V:252 H:127 F:21
					8490EB 85 0C       STA $0C       [00000C] A:000D X:0E68 Y:00BD S:0123 D:0000 DB:86 nvMxdizc V:252 H:130 F:21
					8490ED A5 02       LDA $02       [000002] A:000D X:0E68 Y:00BD S:0123 D:0000 DB:86 nvMxdizc V:252 H:145 F:21
					8490EF 29 0F       AND #$0F               A:00A2 X:0E68 Y:00BD S:0123 D:0000 DB:86 NvMxdizc V:252 H:150 F:21
					8490F1 1A          INC                    A:0002 X:0E68 Y:00BD S:0123 D:0000 DB:86 nvMxdizc V:252 H:153 F:21
					8490F2 85 0E       STA $0E       [00000E] A:0003 X:0E68 Y:00BD S:0123 D:0000 DB:86 nvMxdizc V:252 H:156 F:21
					8490F4 C2 20       REP #$20               A:0003 X:0E68 Y:00BD S:0123 D:0000 DB:86 nvMxdizc V:252 H:161 F:21
					8490F6 20 6A 91    JSR $916A     [84916A] A:0003 X:0E68 Y:00BD S:0123 D:0000 DB:86 nvmxdizc V:252 H:166 F:21

						84916A A9 00 E8    LDA #$E800             A:0003 X:0E68 Y:00BD S:0121 D:0000 DB:86 nvmxdizc V:252 H:176 F:21
						84916D 85 10       STA $10       [000010] A:E800 X:0E68 Y:00BD S:0121 D:0000 DB:86 Nvmxdizc V:252 H:180 F:21
						84916F A9 7E 00    LDA #$007E             A:E800 X:0E68 Y:00BD S:0121 D:0000 DB:86 Nvmxdizc V:252 H:187 F:21
						849172 85 12       STA $12       [000012] A:007E X:0E68 Y:00BD S:0121 D:0000 DB:86 nvmxdizc V:252 H:192 F:21
						849174 A5 02       LDA $02       [000002] A:007E X:0E68 Y:00BD S:0121 D:0000 DB:86 nvmxdizc V:252 H:199 F:21
						849176 29 F0 00    AND #$00F0             A:03A2 X:0E68 Y:00BD S:0121 D:0000 DB:86 nvmxdizc V:252 H:206 F:21
						849179 0A          ASL A                  A:00A0 X:0E68 Y:00BD S:0121 D:0000 DB:86 nvmxdizc V:252 H:210 F:21
						84917A 85 04       STA $04       [000004] A:0140 X:0E68 Y:00BD S:0121 D:0000 DB:86 nvmxdizc V:252 H:213 F:21
						84917C A5 00       LDA $00       [000000] A:0140 X:0E68 Y:00BD S:0121 D:0000 DB:86 nvmxdizc V:252 H:220 F:21
						84917E 29 FF 00    AND #$00FF             A:1D7C X:0E68 Y:00BD S:0121 D:0000 DB:86 nvmxdizc V:252 H:227 F:21
						849181 4A          LSR A                  A:007C X:0E68 Y:00BD S:0121 D:0000 DB:86 nvmxdizc V:252 H:232 F:21
						849182 4A          LSR A                  A:003E X:0E68 Y:00BD S:0121 D:0000 DB:86 nvmxdizc V:252 H:235 F:21
						849183 4A          LSR A                  A:001F X:0E68 Y:00BD S:0121 D:0000 DB:86 nvmxdizc V:252 H:238 F:21
						849184 29 FE FF    AND #$FFFE             A:000F X:0E68 Y:00BD S:0121 D:0000 DB:86 nvmxdizC V:252 H:241 F:21
						849187 18          CLC                    A:000E X:0E68 Y:00BD S:0121 D:0000 DB:86 nvmxdizC V:252 H:245 F:21
						849188 65 04       ADC $04       [000004] A:000E X:0E68 Y:00BD S:0121 D:0000 DB:86 nvmxdizc V:252 H:248 F:21
						84918A 85 06       STA $06       [000006] A:014E X:0E68 Y:00BD S:0121 D:0000 DB:86 nvmxdizc V:252 H:255 F:21
						84918C A5 00       LDA $00       [000000] A:014E X:0E68 Y:00BD S:0121 D:0000 DB:86 nvmxdizc V:252 H:262 F:21
						84918E EB          XBA                    A:1D7C X:0E68 Y:00BD S:0121 D:0000 DB:86 nvmxdizc V:252 H:269 F:21
						84918F 29 1F 00    AND #$001F             A:7C1D X:0E68 Y:00BD S:0121 D:0000 DB:86 nvmxdizc V:252 H:274 F:21
						849192 85 04       STA $04       [000004] A:001D X:0E68 Y:00BD S:0121 D:0000 DB:86 nvmxdizc V:252 H:278 F:21
						849194 A5 02       LDA $02       [000002] A:001D X:0E68 Y:00BD S:0121 D:0000 DB:86 nvmxdizc V:252 H:285 F:21
						849196 29 00 1F    AND #$1F00             A:03A2 X:0E68 Y:00BD S:0121 D:0000 DB:86 nvmxdizc V:252 H:292 F:21
						849199 4A          LSR A                  A:0300 X:0E68 Y:00BD S:0121 D:0000 DB:86 nvmxdizc V:252 H:297 F:21
						84919A 4A          LSR A                  A:0180 X:0E68 Y:00BD S:0121 D:0000 DB:86 nvmxdizc V:252 H:300 F:21
						84919B 4A          LSR A                  A:00C0 X:0E68 Y:00BD S:0121 D:0000 DB:86 nvmxdizc V:252 H:303 F:21
						84919C 18          CLC                    A:0060 X:0E68 Y:00BD S:0121 D:0000 DB:86 nvmxdizc V:252 H:306 F:21
						84919D 65 04       ADC $04       [000004] A:0060 X:0E68 Y:00BD S:0121 D:0000 DB:86 nvmxdizc V:252 H:309 F:21
						84919F A8          TAY                    A:007D X:0E68 Y:00BD S:0121 D:0000 DB:86 nvmxdizc V:252 H:316 F:21
						8491A0 B7 10       LDA [$10],Y   [7EE87D] A:007D X:0E68 Y:007D S:0121 D:0000 DB:86 nvmxdizc V:252 H:319 F:21
						8491A2 29 FF 00    AND #$00FF             A:0024 X:0E68 Y:007D S:0121 D:0000 DB:86 nvmxdizc V:252 H:331 F:21
						8491A5 A8          TAY                    A:0024 X:0E68 Y:007D S:0121 D:0000 DB:86 nvmxdizc V:252 H:335 F:21
						8491A6 EB          XBA                    A:0024 X:0E68 Y:0024 S:0121 D:0000 DB:86 nvmxdizc V:252 H:338 F:21
						8491A7 0A          ASL A                  A:2400 X:0E68 Y:0024 S:0121 D:0000 DB:86 nvmxdiZc V:253 H:  3 F:21
						8491A8 18          CLC                    A:4800 X:0E68 Y:0024 S:0121 D:0000 DB:86 nvmxdizc V:253 H:  6 F:21
						8491A9 65 06       ADC $06       [000006] A:4800 X:0E68 Y:0024 S:0121 D:0000 DB:86 nvmxdizc V:253 H:  9 F:21
						8491AB AA          TAX                    A:494E X:0E68 Y:0024 S:0121 D:0000 DB:86 nvmxdizc V:253 H: 16 F:21
						8491AC 60          RTS                    A:494E X:494E Y:0024 S:0121 D:0000 DB:86 nvmxdizc V:253 H: 19 F:21

					8490F9 BF 00 20 7E LDA $7E2000,X [7E694E] A:494E X:494E Y:0024 S:0123 D:0000 DB:86 nvmxdizc V:253 H: 29 F:21
					8490FD A8          TAY                    A:01BD X:494E Y:0024 S:0123 D:0000 DB:86 nvmxdizc V:253 H: 39 F:21
					8490FE AD 92 0B    LDA $0B92     [860B92] A:01BD X:494E Y:01BD S:0123 D:0000 DB:86 nvmxdizc V:253 H: 42 F:21
					849101 85 10       STA $10       [000010] A:EB15 X:494E Y:01BD S:0123 D:0000 DB:86 Nvmxdizc V:253 H: 50 F:21
					849103 AD 94 0B    LDA $0B94     [860B94] A:EB15 X:494E Y:01BD S:0123 D:0000 DB:86 Nvmxdizc V:253 H: 57 F:21
					849106 85 12       STA $12       [000012] A:F895 X:494E Y:01BD S:0123 D:0000 DB:86 Nvmxdizc V:253 H: 66 F:21
					849108 B7 10       LDA [$10],Y   [95ECD2] A:F895 X:494E Y:01BD S:0123 D:0000 DB:86 Nvmxdizc V:253 H: 73 F:21
					84910A 29 FF 00    AND #$00FF             A:0000 X:494E Y:01BD S:0123 D:0000 DB:86 nvmxdiZc V:253 H: 85 F:21
					84910D 28          PLP                    A:0000 X:494E Y:01BD S:0123 D:0000 DB:86 nvmxdiZc V:253 H: 89 F:21
					84910E FA          PLX                    A:0000 X:004E Y:00BD S:0124 D:0000 DB:86 nvMXdizc V:253 H: 96 F:21
					84910F 2B          PLD                    A:0000 X:0032 Y:00BD S:0125 D:0000 DB:86 nvMXdizc V:253 H:102 F:21
					849110 60          RTS                    A:0000 X:0032 Y:00BD S:0127 D:0E68 DB:86 nvMXdizc V:253 H:111 F:21

				8490A3 6B          RTL                    A:0000 X:0032 Y:00BD S:0129 D:0E68 DB:86 nvMXdizc V:253 H:121 F:21

			88A0A2 C9 34       CMP #$34               A:0000 X:0032 Y:00BD S:012C D:0E68 DB:86 nvMXdizc V:253 H:131 F:21		
			88A0A4 B0 1D       BCS $001D     [88A0C3] A:0000 X:0032 Y:00BD S:012C D:0E68 DB:86 NvMXdizc V:253 H:144 F:21		Branch if A > #$34 (Subaction #$04)
			88A0A6 A9 0A       LDA #$0A               A:0000 X:0032 Y:00BD S:012C D:0E68 DB:86 NvMXdizc V:253 H:147 F:21
			88A0A8 22 07 8F 84 JSL $848F07   [848F07] A:000A X:0032 Y:00BD S:012C D:0E68 DB:86 nvMXdizc V:253 H:150 F:21		JSL $848F07 --> Skeleton Load (SkelPoint = #$91, A=#$0A)

				848F07 08          PHP                    A:000A X:0032 Y:00BD S:0129 D:0E68 DB:86 nvMXdizc V:253 H:164 F:21
				848F08 8B          PHB                    A:000A X:0032 Y:00BD S:0128 D:0E68 DB:86 nvMXdizc V:253 H:169 F:21
				848F09 C2 30       REP #$30               A:000A X:0032 Y:00BD S:0127 D:0E68 DB:86 nvMXdizc V:253 H:174 F:21
				848F0B 8D 0E 00    STA $000E     [86000E] A:000A X:0032 Y:00BD S:0127 D:0E68 DB:86 nvmxdizc V:253 H:178 F:21
				848F0E A5 16       LDA $16       [000E7E] A:000A X:0032 Y:00BD S:0127 D:0E68 DB:86 nvmxdizc V:253 H:187 F:21
				848F10 29 FF 00    AND #$00FF             A:8291 X:0032 Y:00BD S:0127 D:0E68 DB:86 Nvmxdizc V:253 H:195 F:21
				848F13 8D 0C 00    STA $000C     [86000C] A:0091 X:0032 Y:00BD S:0127 D:0E68 DB:86 nvmxdizc V:253 H:200 F:21
				848F16 0A          ASL A                  A:0091 X:0032 Y:00BD S:0127 D:0E68 DB:86 nvmxdizc V:253 H:208 F:21
				848F17 18          CLC                    A:0122 X:0032 Y:00BD S:0127 D:0E68 DB:86 nvmxdizc V:253 H:211 F:21
				848F18 6D 0C 00    ADC $000C     [86000C] A:0122 X:0032 Y:00BD S:0127 D:0E68 DB:86 nvmxdizc V:253 H:214 F:21
				848F1B AA          TAX                    A:01B3 X:0032 Y:00BD S:0127 D:0E68 DB:86 nvmxdizc V:253 H:223 F:21
				848F1C BF 00 A0 AF LDA $AFA000,X [AFA1B3] A:01B3 X:01B3 Y:00BD S:0127 D:0E68 DB:86 nvmxdizc V:253 H:226 F:21
				848F20 85 14       STA $14       [000E7C] A:DE6B X:01B3 Y:00BD S:0127 D:0E68 DB:86 Nvmxdizc V:253 H:235 F:21
				848F22 E2 20       SEP #$20               A:DE6B X:01B3 Y:00BD S:0127 D:0E68 DB:86 Nvmxdizc V:253 H:243 F:21
				848F24 BF 02 A0 AF LDA $AFA002,X [AFA1B5] A:DE6B X:01B3 Y:00BD S:0127 D:0E68 DB:86 NvMxdizc V:253 H:248 F:21
				848F28 48          PHA                    A:DEAF X:01B3 Y:00BD S:0127 D:0E68 DB:86 NvMxdizc V:253 H:255 F:21
				848F29 AB          PLB                    A:DEAF X:01B3 Y:00BD S:0126 D:0E68 DB:86 NvMxdizc V:253 H:260 F:21
				848F2A C2 20       REP #$20               A:DEAF X:01B3 Y:00BD S:0127 D:0E68 DB:AF NvMxdizc V:253 H:267 F:21
				848F2C AD 0E 00    LDA $000E     [AF000E] A:DEAF X:01B3 Y:00BD S:0127 D:0E68 DB:AF Nvmxdizc V:253 H:271 F:21
				848F2F 29 FF 00    AND #$00FF             A:000A X:01B3 Y:00BD S:0127 D:0E68 DB:AF nvmxdizc V:253 H:280 F:21
				848F32 0A          ASL A                  A:000A X:01B3 Y:00BD S:0127 D:0E68 DB:AF nvmxdizc V:253 H:284 F:21
				848F33 A8          TAY                    A:0014 X:01B3 Y:00BD S:0127 D:0E68 DB:AF nvmxdizc V:253 H:287 F:21
				848F34 B1 14       LDA ($14),Y   [AFDE7F] A:0014 X:01B3 Y:0014 S:0127 D:0E68 DB:AF nvmxdizc V:253 H:290 F:21
				848F36 65 14       ADC $14       [000E7C] A:0127 X:01B3 Y:0014 S:0127 D:0E68 DB:AF nvmxdizc V:253 H:303 F:21
				848F38 85 14       STA $14       [000E7C] A:DF92 X:01B3 Y:0014 S:0127 D:0E68 DB:AF Nvmxdizc V:253 H:312 F:21
				848F3A E2 30       SEP #$30               A:DF92 X:01B3 Y:0014 S:0127 D:0E68 DB:AF Nvmxdizc V:253 H:320 F:21
				848F3C B2 14       LDA ($14)     [AFDF92] A:DF92 X:00B3 Y:0014 S:0127 D:0E68 DB:AF NvMXdizc V:253 H:324 F:21	Skeleton start: [AFDF92]
				848F3E 85 13       STA $13       [000E7B] A:DF04 X:00B3 Y:0014 S:0127 D:0E68 DB:AF nvMXdizc V:253 H:334 F:21
				848F40 A0 01       LDY #$01               A:DF04 X:00B3 Y:0014 S:0127 D:0E68 DB:AF nvMXdizc V:254 H:  0 F:21
				848F42 B1 14       LDA ($14),Y   [AFDF93] A:DF04 X:00B3 Y:0001 S:0127 D:0E68 DB:AF nvMXdizc V:254 H:  3 F:21
				848F44 85 0F       STA $0F       [000E77] A:DF00 X:00B3 Y:0001 S:0127 D:0E68 DB:AF nvMXdiZc V:254 H: 13 F:21
				848F46 C8          INY                    A:DF00 X:00B3 Y:0001 S:0127 D:0E68 DB:AF nvMXdiZc V:254 H: 20 F:21
				848F47 B1 14       LDA ($14),Y   [AFDF94] A:DF00 X:00B3 Y:0002 S:0127 D:0E68 DB:AF nvMXdizc V:254 H: 23 F:21
				848F49 85 17       STA $17       [000E7F] A:DF00 X:00B3 Y:0002 S:0127 D:0E68 DB:AF nvMXdiZc V:254 H: 33 F:21
				848F4B A9 80       LDA #$80               A:DF00 X:00B3 Y:0002 S:0127 D:0E68 DB:AF nvMXdiZc V:254 H: 39 F:21
				848F4D 04 17       TSB $17       [000E7F] A:DF80 X:00B3 Y:0002 S:0127 D:0E68 DB:AF NvMXdizc V:254 H: 42 F:21
				848F4F AB          PLB                    A:DF80 X:00B3 Y:0002 S:0127 D:0E68 DB:AF NvMXdiZc V:254 H: 52 F:21
				848F50 28          PLP                    A:DF80 X:00B3 Y:0002 S:0128 D:0E68 DB:86 NvMXdizc V:254 H: 59 F:21
				848F51 6B          RTL                    A:DF80 X:00B3 Y:0002 S:0129 D:0E68 DB:86 nvMXdizc V:254 H: 65 F:21

			88A0AC A5 11       LDA $11       [000E79] A:DF80 X:00B3 Y:0002 S:012C D:0E68 DB:86 nvMXdizc V:254 H: 76 F:21
			88A0AE 0A          ASL A                  A:DF69 X:00B3 Y:0002 S:012C D:0E68 DB:86 nvMXdizc V:254 H: 82 F:21
			88A0AF 0A          ASL A                  A:DFD2 X:00B3 Y:0002 S:012C D:0E68 DB:86 NvMXdizc V:254 H: 85 F:21
			88A0B0 C2 20       REP #$20               A:DFA4 X:00B3 Y:0002 S:012C D:0E68 DB:86 NvMXdizC V:254 H: 88 F:21
			88A0B2 A9 00 04    LDA #$0400             A:DFA4 X:00B3 Y:0002 S:012C D:0E68 DB:86 NvmXdizC V:254 H: 93 F:21		A = #$0400
			88A0B5 B0 03       BCS $0003     [88A0BA] A:0400 X:00B3 Y:0002 S:012C D:0E68 DB:86 nvmXdizC V:254 H: 97 F:21		Branch because Facing = Right
			88A0BA 85 1A       STA $1A       [000E82] A:0400 X:00B3 Y:0002 S:012C D:0E68 DB:86 nvmXdizC V:254 H:102 F:21		Store E-X-Vel
			88A0BC E2 20       SEP #$20               A:0400 X:00B3 Y:0002 S:012C D:0E68 DB:86 nvmXdizC V:254 H:110 F:21
			88A0BE A9 02       LDA #$02               A:0400 X:00B3 Y:0002 S:012C D:0E68 DB:86 nvMXdizC V:254 H:115 F:21		Subaction = #$02
			88A0C0 85 03       STA $03       [000E6B] A:0402 X:00B3 Y:0002 S:012C D:0E68 DB:86 nvMXdizC V:254 H:118 F:21
			88A0C2 60          RTS                    A:0402 X:00B3 Y:0002 S:012C D:0E68 DB:86 nvMXdizC V:254 H:124 F:21

		889D7B AD CF 0B    LDA $0BCF     [860BCF] A:0402 X:00B3 Y:0002 S:012E D:0E68 DB:86 nvMXdizC V:254 H:144 F:21
