80D4F6 20 30 D5    JSR $D530     [80D530] A:0E01 X:0000 Y:0027 S:0133 D:0E68 DB:86 nvMXdizC V:248 H:232 F: 7

	80D530 C2 20       REP #$20               A:0E01 X:0000 Y:0027 S:0131 D:0E68 DB:86 nvMXdizC V:248 H:242 F: 7
	80D532 A5 05       LDA $05       [000E6D] A:0E01 X:0000 Y:0027 S:0131 D:0E68 DB:86 nvmXdizC V:248 H:247 F: 7
	80D534 85 22       STA $22       [000E8A] A:1EE1 X:0000 Y:0027 S:0131 D:0E68 DB:86 nvmXdizC V:248 H:255 F: 7
	80D536 A5 08       LDA $08       [000E70] A:1EE1 X:0000 Y:0027 S:0131 D:0E68 DB:86 nvmXdizC V:248 H:264 F: 7
	80D538 85 24       STA $24       [000E8C] A:01AC X:0000 Y:0027 S:0131 D:0E68 DB:86 nvmXdizC V:248 H:272 F: 7
	80D53A E2 20       SEP #$20               A:01AC X:0000 Y:0027 S:0131 D:0E68 DB:86 nvmXdizC V:248 H:281 F: 7
	80D53C A9 80       LDA #$80               A:01AC X:0000 Y:0027 S:0131 D:0E68 DB:86 nvMXdizC V:248 H:285 F: 7
	80D53E 14 0E       TRB $0E       [000E76] A:0180 X:0000 Y:0027 S:0131 D:0E68 DB:86 NvMXdizC V:248 H:288 F: 7
	80D540 A5 0A       LDA $0A       [000E72] A:0180 X:0000 Y:0027 S:0131 D:0E68 DB:86 NvMXdizC V:248 H:298 F: 7
	80D542 0A          ASL A                  A:0102 X:0000 Y:0027 S:0131 D:0E68 DB:86 nvMXdizC V:248 H:305 F: 7
	80D543 AA          TAX                    A:0104 X:0000 Y:0027 S:0131 D:0E68 DB:86 nvMXdizc V:248 H:308 F: 7
	80D544 7C DD F8    JMP ($F8DD,X) [80F8E1] A:0104 X:0004 Y:0027 S:0131 D:0E68 DB:86 nvMXdizc V:248 H:311 F: 7

	80F9BB 22 16 B5 81 JSL $81B516   [81B516] A:0104 X:0004 Y:0027 S:0131 D:0E68 DB:86 nvMXdizc V:248 H:320 F: 7

		81B516 A6 01       LDX $01       [000E69] A:0104 X:0004 Y:0027 S:012E D:0E68 DB:86 nvMXdizc V:248 H:332 F: 7
		81B518 7C 1B B5    JMP ($B51B,X) [81B51F] A:0104 X:0004 Y:0027 S:012E D:0E68 DB:86 nvMXdizc V:248 H:339 F: 7

		81B629 A5 33       LDA $33       [000E9B] A:0104 X:0004 Y:0027 S:012E D:0E68 DB:86 nvMXdizc V:249 H:  8 F: 7
		81B62B 04 11       TSB $11       [000E79] A:0108 X:0004 Y:0027 S:012E D:0E68 DB:86 nvMXdizc V:249 H: 14 F: 7
		81B62D C2 20       REP #$20               A:0108 X:0004 Y:0027 S:012E D:0E68 DB:86 nvMXdizc V:249 H: 24 F: 7
		81B62F A9 2D C4    LDA #$C42D             A:0108 X:0004 Y:0027 S:012E D:0E68 DB:86 nvmXdizc V:249 H: 29 F: 7
		81B632 85 20       STA $20       [000E88] A:C42D X:0004 Y:0027 S:012E D:0E68 DB:86 NvmXdizc V:249 H: 33 F: 7
		81B634 E2 20       SEP #$20               A:C42D X:0004 Y:0027 S:012E D:0E68 DB:86 NvmXdizc V:249 H: 42 F: 7
		81B636 A6 02       LDX $02       [000E6A] A:C42D X:0004 Y:0027 S:012E D:0E68 DB:86 NvMXdizc V:249 H: 46 F: 7
		81B638 FC F3 B6    JSR ($B6F3,X) [81B6F9] A:C42D X:0006 Y:0027 S:012E D:0E68 DB:86 nvMXdizc V:249 H: 53 F: 7

			81B93B A6 03       LDX $03       [000E6B] A:C42D X:0006 Y:0027 S:012C D:0E68 DB:86 nvMXdizc V:249 H: 66 F: 7
			81B93D 7C 40 B9    JMP ($B940,X) [81B94A] A:C42D X:000A Y:0027 S:012C D:0E68 DB:86 nvMXdizc V:249 H: 72 F: 7

			81B9F0 22 EA 8E 84 JSL $848EEA   [848EEA] A:C42D X:000A Y:0027 S:012C D:0E68 DB:86 nvMXdizc V:249 H: 81 F: 7				JSL $848EEA --> Decrease CDSkel, Continue Skeleton

				848EEA 08          PHP                    A:C42D X:000A Y:0027 S:0129 D:0E68 DB:86 nvMXdizc V:249 H: 95 F: 7
				848EEB 8B          PHB                    A:C42D X:000A Y:0027 S:0128 D:0E68 DB:86 nvMXdizc V:249 H:100 F: 7
				848EEC E2 30       SEP #$30               A:C42D X:000A Y:0027 S:0127 D:0E68 DB:86 nvMXdizc V:249 H:105 F: 7
				848EEE C6 13       DEC $13       [000E7B] A:C42D X:000A Y:0027 S:0127 D:0E68 DB:86 nvMXdizc V:249 H:109 F: 7
				848EF0 D0 5D       BNE $005D     [848F4F] A:C42D X:000A Y:0027 S:0127 D:0E68 DB:86 nvMXdiZc V:249 H:119 F: 7
				848EF2 A9 AF       LDA #$AF               A:C42D X:000A Y:0027 S:0127 D:0E68 DB:86 nvMXdiZc V:249 H:122 F: 7
				848EF4 48          PHA                    A:C4AF X:000A Y:0027 S:0127 D:0E68 DB:86 NvMXdizc V:249 H:125 F: 7
				848EF5 AB          PLB                    A:C4AF X:000A Y:0027 S:0126 D:0E68 DB:86 NvMXdizc V:249 H:130 F: 7
				848EF6 C2 21       REP #$21               A:C4AF X:000A Y:0027 S:0127 D:0E68 DB:AF NvMXdizc V:249 H:147 F: 7
				848EF8 A5 14       LDA $14       [000E7C] A:C4AF X:000A Y:0027 S:0127 D:0E68 DB:AF NvmXdizc V:249 H:151 F: 7
				848EFA 69 03 00    ADC #$0003             A:D005 X:000A Y:0027 S:0127 D:0E68 DB:AF NvmXdizc V:249 H:160 F: 7
				848EFD A4 0F       LDY $0F       [000E77] A:D008 X:000A Y:0027 S:0127 D:0E68 DB:AF NvmXdizc V:249 H:164 F: 7
				848EFF 10 37       BPL $0037     [848F38] A:D008 X:000A Y:0000 S:0127 D:0E68 DB:AF nvmXdiZc V:249 H:171 F: 7
				848F38 85 14       STA $14       [000E7C] A:D008 X:000A Y:0000 S:0127 D:0E68 DB:AF nvmXdiZc V:249 H:175 F: 7
				848F3A E2 30       SEP #$30               A:D008 X:000A Y:0000 S:0127 D:0E68 DB:AF nvmXdiZc V:249 H:184 F: 7
				848F3C B2 14       LDA ($14)     [AFD008] A:D008 X:000A Y:0000 S:0127 D:0E68 DB:AF nvMXdiZc V:249 H:188 F: 7
				848F3E 85 13       STA $13       [000E7B] A:D00F X:000A Y:0000 S:0127 D:0E68 DB:AF nvMXdizc V:249 H:198 F: 7
				848F40 A0 01       LDY #$01               A:D00F X:000A Y:0000 S:0127 D:0E68 DB:AF nvMXdizc V:249 H:205 F: 7
				848F42 B1 14       LDA ($14),Y   [AFD009] A:D00F X:000A Y:0001 S:0127 D:0E68 DB:AF nvMXdizc V:249 H:208 F: 7
				848F44 85 0F       STA $0F       [000E77] A:D000 X:000A Y:0001 S:0127 D:0E68 DB:AF nvMXdiZc V:249 H:218 F: 7
				848F46 C8          INY                    A:D000 X:000A Y:0001 S:0127 D:0E68 DB:AF nvMXdiZc V:249 H:224 F: 7
				848F47 B1 14       LDA ($14),Y   [AFD00A] A:D000 X:000A Y:0002 S:0127 D:0E68 DB:AF nvMXdizc V:249 H:227 F: 7
				848F49 85 17       STA $17       [000E7F] A:D000 X:000A Y:0002 S:0127 D:0E68 DB:AF nvMXdiZc V:249 H:237 F: 7
				848F4B A9 80       LDA #$80               A:D000 X:000A Y:0002 S:0127 D:0E68 DB:AF nvMXdiZc V:249 H:244 F: 7
				848F4D 04 17       TSB $17       [000E7F] A:D080 X:000A Y:0002 S:0127 D:0E68 DB:AF NvMXdizc V:249 H:247 F: 7
				848F4F AB          PLB                    A:D080 X:000A Y:0002 S:0127 D:0E68 DB:AF NvMXdiZc V:249 H:257 F: 7
				848F50 28          PLP                    A:D080 X:000A Y:0002 S:0128 D:0E68 DB:86 NvMXdizc V:249 H:263 F: 7
				848F51 6B          RTL                    A:D080 X:000A Y:0002 S:0129 D:0E68 DB:86 nvMXdizc V:249 H:270 F: 7

			81B9F4 C6 34       DEC $34       [000E9C] A:D080 X:000A Y:0002 S:012C D:0E68 DB:86 nvMXdizc V:249 H:280 F: 7			Decrease CD2
			81B9F6 D0 03       BNE $0003     [81B9FB] A:D080 X:000A Y:0002 S:012C D:0E68 DB:86 nvMXdiZc V:249 H:290 F: 7			Branch if CD2 <> #$00
			81B9F8 20 19 C0    JSR $C019     [81C019] A:D080 X:000A Y:0002 S:012C D:0E68 DB:86 nvMXdiZc V:249 H:293 F: 7			JSR $81C019 --> Change action

				81C019 A5 02       LDA $02       [000E6A] A:D080 X:000A Y:0002 S:012A D:0E68 DB:86 nvMXdiZc V:249 H:303 F: 7
				81C01B 0A          ASL A                  A:D006 X:000A Y:0002 S:012A D:0E68 DB:86 nvMXdizc V:249 H:310 F: 7
				81C01C 0A          ASL A                  A:D00C X:000A Y:0002 S:012A D:0E68 DB:86 nvMXdizc V:249 H:313 F: 7
				81C01D 0A          ASL A                  A:D018 X:000A Y:0002 S:012A D:0E68 DB:86 nvMXdizc V:249 H:316 F: 7
				81C01E 8D 00 00    STA $0000     [860000] A:D030 X:000A Y:0002 S:012A D:0E68 DB:86 nvMXdizc V:249 H:319 F: 7
				81C021 22 86 90 84 JSL $849086   [849086] A:D030 X:000A Y:0002 S:012A D:0E68 DB:86 nvMXdizc V:249 H:325 F: 7

					849086 08          PHP                    A:D030 X:000A Y:0002 S:0127 D:0E68 DB:86 nvMXdizc V:249 H:338 F: 7
					849087 C2 20       REP #$20               A:D030 X:000A Y:0002 S:0126 D:0E68 DB:86 nvMXdizc V:250 H:  3 F: 7
					849089 AD A6 0B    LDA $0BA6     [860BA6] A:D030 X:000A Y:0002 S:0126 D:0E68 DB:86 nvmXdizc V:250 H:  7 F: 7
					84908C 0A          ASL A                  A:7C2B X:000A Y:0002 S:0126 D:0E68 DB:86 nvmXdizc V:250 H: 16 F: 7
					84908D 18          CLC                    A:F856 X:000A Y:0002 S:0126 D:0E68 DB:86 NvmXdizc V:250 H: 19 F: 7
					84908E 6D A6 0B    ADC $0BA6     [860BA6] A:F856 X:000A Y:0002 S:0126 D:0E68 DB:86 NvmXdizc V:250 H: 22 F: 7
					849091 EB          XBA                    A:7481 X:000A Y:0002 S:0126 D:0E68 DB:86 nvmXdizC V:250 H: 30 F: 7
					849092 E2 20       SEP #$20               A:8174 X:000A Y:0002 S:0126 D:0E68 DB:86 nvmXdizC V:250 H: 35 F: 7
					849094 8D A7 0B    STA $0BA7     [860BA7] A:8174 X:000A Y:0002 S:0126 D:0E68 DB:86 nvMXdizC V:250 H: 39 F: 7
					849097 18          CLC                    A:8174 X:000A Y:0002 S:0126 D:0E68 DB:86 nvMXdizC V:250 H: 46 F: 7
					849098 6D A6 0B    ADC $0BA6     [860BA6] A:8174 X:000A Y:0002 S:0126 D:0E68 DB:86 nvMXdizc V:250 H: 49 F: 7
					84909B 8D A6 0B    STA $0BA6     [860BA6] A:819F X:000A Y:0002 S:0126 D:0E68 DB:86 NVMXdizc V:250 H: 55 F: 7
					84909E 28          PLP                    A:819F X:000A Y:0002 S:0126 D:0E68 DB:86 NVMXdizc V:250 H: 62 F: 7
					84909F 6B          RTL                    A:819F X:000A Y:0002 S:0127 D:0E68 DB:86 nvMXdizc V:250 H: 68 F: 7

				81C025 29 0F       AND #$0F               A:819F X:000A Y:0002 S:012A D:0E68 DB:86 nvMXdizc V:250 H: 79 F: 7
				81C027 18          CLC                    A:810F X:000A Y:0002 S:012A D:0E68 DB:86 nvMXdizc V:250 H: 82 F: 7
				81C028 6D 00 00    ADC $0000     [860000] A:810F X:000A Y:0002 S:012A D:0E68 DB:86 nvMXdizc V:250 H: 85 F: 7
				81C02B AA          TAX                    A:813F X:000A Y:0002 S:012A D:0E68 DB:86 nvMXdizc V:250 H: 91 F: 7
				81C02C BD 5B C4    LDA $C45B,X   [86C49A] A:813F X:003F Y:0002 S:012A D:0E68 DB:86 nvMXdizc V:250 H: 94 F: 7
				81C02F 85 02       STA $02       [000E6A] A:8108 X:003F Y:0002 S:012A D:0E68 DB:86 nvMXdizc V:250 H:100 F: 7
				81C031 64 03       STZ $03       [000E6B] A:8108 X:003F Y:0002 S:012A D:0E68 DB:86 nvMXdizc V:250 H:107 F: 7
				81C033 60          RTS                    A:8108 X:003F Y:0002 S:012A D:0E68 DB:86 nvMXdizc V:250 H:113 F: 7

			81B9FB 60          RTS                    A:8108 X:003F Y:0002 S:012C D:0E68 DB:86 nvMXdizc V:250 H:123 F: 7

		81B63B A9 09       LDA #$09               A:8108 X:003F Y:0002 S:012E D:0E68 DB:86 nvMXdizc V:250 H:133 F: 7
