80D4F6 20 30 D5    JSR $D530     [80D530] A:0E01 X:0000 Y:0027 S:0133 D:0E68 DB:86 nvMXdizC V:250 H:307 F:47

	80D530 C2 20       REP #$20               A:0E01 X:0000 Y:0027 S:0131 D:0E68 DB:86 nvMXdizC V:250 H:317 F:47
	80D532 A5 05       LDA $05       [000E6D] A:0E01 X:0000 Y:0027 S:0131 D:0E68 DB:86 nvmXdizC V:250 H:322 F:47
	80D534 85 22       STA $22       [000E8A] A:1E76 X:0000 Y:0027 S:0131 D:0E68 DB:86 nvmXdizC V:250 H:329 F:47
	80D536 A5 08       LDA $08       [000E70] A:1E76 X:0000 Y:0027 S:0131 D:0E68 DB:86 nvmXdizC V:250 H:338 F:47
	80D538 85 24       STA $24       [000E8C] A:01AC X:0000 Y:0027 S:0131 D:0E68 DB:86 nvmXdizC V:251 H:  6 F:47
	80D53A E2 20       SEP #$20               A:01AC X:0000 Y:0027 S:0131 D:0E68 DB:86 nvmXdizC V:251 H: 15 F:47
	80D53C A9 80       LDA #$80               A:01AC X:0000 Y:0027 S:0131 D:0E68 DB:86 nvMXdizC V:251 H: 19 F:47
	80D53E 14 0E       TRB $0E       [000E76] A:0180 X:0000 Y:0027 S:0131 D:0E68 DB:86 NvMXdizC V:251 H: 22 F:47
	80D540 A5 0A       LDA $0A       [000E72] A:0180 X:0000 Y:0027 S:0131 D:0E68 DB:86 NvMXdizC V:251 H: 32 F:47
	80D542 0A          ASL A                  A:0102 X:0000 Y:0027 S:0131 D:0E68 DB:86 nvMXdizC V:251 H: 39 F:47
	80D543 AA          TAX                    A:0104 X:0000 Y:0027 S:0131 D:0E68 DB:86 nvMXdizc V:251 H: 42 F:47
	80D544 7C DD F8    JMP ($F8DD,X) [80F8E1] A:0104 X:0004 Y:0027 S:0131 D:0E68 DB:86 nvMXdizc V:251 H: 45 F:47

	80F9BB 22 16 B5 81 JSL $81B516   [81B516] A:0104 X:0004 Y:0027 S:0131 D:0E68 DB:86 nvMXdizc V:251 H: 54 F:47

		81B516 A6 01       LDX $01       [000E69] A:0104 X:0004 Y:0027 S:012E D:0E68 DB:86 nvMXdizc V:251 H: 67 F:47
		81B518 7C 1B B5    JMP ($B51B,X) [81B51F] A:0104 X:0004 Y:0027 S:012E D:0E68 DB:86 nvMXdizc V:251 H: 74 F:47

		81B629 A5 33       LDA $33       [000E9B] A:0104 X:0004 Y:0027 S:012E D:0E68 DB:86 nvMXdizc V:251 H: 83 F:47
		81B62B 04 11       TSB $11       [000E79] A:0108 X:0004 Y:0027 S:012E D:0E68 DB:86 nvMXdizc V:251 H: 89 F:47
		81B62D C2 20       REP #$20               A:0108 X:0004 Y:0027 S:012E D:0E68 DB:86 nvMXdizc V:251 H: 99 F:47
		81B62F A9 2D C4    LDA #$C42D             A:0108 X:0004 Y:0027 S:012E D:0E68 DB:86 nvmXdizc V:251 H:104 F:47
		81B632 85 20       STA $20       [000E88] A:C42D X:0004 Y:0027 S:012E D:0E68 DB:86 NvmXdizc V:251 H:108 F:47
		81B634 E2 20       SEP #$20               A:C42D X:0004 Y:0027 S:012E D:0E68 DB:86 NvmXdizc V:251 H:117 F:47
		81B636 A6 02       LDX $02       [000E6A] A:C42D X:0004 Y:0027 S:012E D:0E68 DB:86 NvMXdizc V:251 H:121 F:47
		81B638 FC F3 B6    JSR ($B6F3,X) [81B6F9] A:C42D X:0006 Y:0027 S:012E D:0E68 DB:86 nvMXdizc V:251 H:128 F:47

			81B93B A6 03       LDX $03       [000E6B] A:C42D X:0006 Y:0027 S:012C D:0E68 DB:86 nvMXdizc V:251 H:151 F:47
			81B93D 7C 40 B9    JMP ($B940,X) [81B942] A:C42D X:0002 Y:0027 S:012C D:0E68 DB:86 nvMXdizc V:251 H:157 F:47		JSR ($81B940,Subaction) = ($81B942) = $81B97A

			81B97A 22 EA 8E 84 JSL $848EEA   [848EEA] A:C42D X:0002 Y:0027 S:012C D:0E68 DB:86 nvMXdizc V:251 H:166 F:47		JSL $848EEA --> Decrease CDSkel, Continue Skeleton

				848EEA 08          PHP                    A:C42D X:0002 Y:0027 S:0129 D:0E68 DB:86 nvMXdizc V:251 H:180 F:47
				848EEB 8B          PHB                    A:C42D X:0002 Y:0027 S:0128 D:0E68 DB:86 nvMXdizc V:251 H:185 F:47
				848EEC E2 30       SEP #$30               A:C42D X:0002 Y:0027 S:0127 D:0E68 DB:86 nvMXdizc V:251 H:190 F:47
				848EEE C6 13       DEC $13       [000E7B] A:C42D X:0002 Y:0027 S:0127 D:0E68 DB:86 nvMXdizc V:251 H:194 F:47	Decrease Countdown
				848EF0 D0 5D       BNE $005D     [848F4F] A:C42D X:0002 Y:0027 S:0127 D:0E68 DB:86 nvMXdizc V:251 H:204 F:47	Branch because Countdown <> #$00
				848F4F AB          PLB                    A:C42D X:0002 Y:0027 S:0127 D:0E68 DB:86 nvMXdizc V:251 H:209 F:47
				848F50 28          PLP                    A:C42D X:0002 Y:0027 S:0128 D:0E68 DB:86 NvMXdizc V:251 H:215 F:47
				848F51 6B          RTL                    A:C42D X:0002 Y:0027 S:0129 D:0E68 DB:86 nvMXdizc V:251 H:222 F:47

			81B97E A5 0F       LDA $0F       [000E77] A:C42D X:0002 Y:0027 S:012C D:0E68 DB:86 nvMXdizc V:251 H:232 F:47
			81B980 29 7F       AND #$7F               A:C400 X:0002 Y:0027 S:012C D:0E68 DB:86 nvMXdiZc V:251 H:239 F:47
			81B982 F0 04       BEQ $0004     [81B988] A:C400 X:0002 Y:0027 S:012C D:0E68 DB:86 nvMXdiZc V:251 H:242 F:47		Branch because SkelAction = #$00
			81B988 60          RTS                    A:C400 X:0002 Y:0027 S:012C D:0E68 DB:86 nvMXdiZc V:251 H:246 F:47		Return

		81B63B A9 09       LDA #$09               A:C400 X:0002 Y:0027 S:012E D:0E68 DB:86 nvMXdiZc V:251 H:256 F:47
