80D4F6 20 30 D5    JSR $D530     [80D530] A:0E01 X:0000 Y:0027 S:0133 D:0E68 DB:86 nvMXdizC V:255 H:197 F:51

	80D530 C2 20       REP #$20               A:0E01 X:0000 Y:0027 S:0131 D:0E68 DB:86 nvMXdizC V:255 H:207 F:51
	80D532 A5 05       LDA $05       [000E6D] A:0E01 X:0000 Y:0027 S:0131 D:0E68 DB:86 nvmXdizC V:255 H:211 F:51
	80D534 85 22       STA $22       [000E8A] A:1EB2 X:0000 Y:0027 S:0131 D:0E68 DB:86 nvmXdizC V:255 H:220 F:51
	80D536 A5 08       LDA $08       [000E70] A:1EB2 X:0000 Y:0027 S:0131 D:0E68 DB:86 nvmXdizC V:255 H:228 F:51
	80D538 85 24       STA $24       [000E8C] A:0120 X:0000 Y:0027 S:0131 D:0E68 DB:86 nvmXdizC V:255 H:237 F:51
	80D53A E2 20       SEP #$20               A:0120 X:0000 Y:0027 S:0131 D:0E68 DB:86 nvmXdizC V:255 H:245 F:51
	80D53C A9 80       LDA #$80               A:0120 X:0000 Y:0027 S:0131 D:0E68 DB:86 nvMXdizC V:255 H:250 F:51
	80D53E 14 0E       TRB $0E       [000E76] A:0180 X:0000 Y:0027 S:0131 D:0E68 DB:86 NvMXdizC V:255 H:253 F:51
	80D540 A5 0A       LDA $0A       [000E72] A:0180 X:0000 Y:0027 S:0131 D:0E68 DB:86 NvMXdizC V:255 H:263 F:51
	80D542 0A          ASL A                  A:0102 X:0000 Y:0027 S:0131 D:0E68 DB:86 nvMXdizC V:255 H:269 F:51
	80D543 AA          TAX                    A:0104 X:0000 Y:0027 S:0131 D:0E68 DB:86 nvMXdizc V:255 H:272 F:51
	80D544 7C DD F8    JMP ($F8DD,X) [80F8E1] A:0104 X:0004 Y:0027 S:0131 D:0E68 DB:86 nvMXdizc V:255 H:275 F:51

	80F9BB 22 16 B5 81 JSL $81B516   [81B516] A:0104 X:0004 Y:0027 S:0131 D:0E68 DB:86 nvMXdizc V:255 H:284 F:51

		81B516 A6 01       LDX $01       [000E69] A:0104 X:0004 Y:0027 S:012E D:0E68 DB:86 nvMXdizc V:255 H:298 F:51
		81B518 7C 1B B5    JMP ($B51B,X) [81B51F] A:0104 X:0004 Y:0027 S:012E D:0E68 DB:86 nvMXdizc V:255 H:304 F:51

		81B629 A5 33       LDA $33       [000E9B] A:0104 X:0004 Y:0027 S:012E D:0E68 DB:86 nvMXdizc V:255 H:313 F:51
		81B62B 04 11       TSB $11       [000E79] A:0108 X:0004 Y:0027 S:012E D:0E68 DB:86 nvMXdizc V:255 H:320 F:51
		81B62D C2 20       REP #$20               A:0108 X:0004 Y:0027 S:012E D:0E68 DB:86 nvMXdizc V:255 H:329 F:51
		81B62F A9 2D C4    LDA #$C42D             A:0108 X:0004 Y:0027 S:012E D:0E68 DB:86 nvmXdizc V:255 H:333 F:51
		81B632 85 20       STA $20       [000E88] A:C42D X:0004 Y:0027 S:012E D:0E68 DB:86 NvmXdizc V:255 H:338 F:51
		81B634 E2 20       SEP #$20               A:C42D X:0004 Y:0027 S:012E D:0E68 DB:86 NvmXdizc V:256 H:  6 F:51
		81B636 A6 02       LDX $02       [000E6A] A:C42D X:0004 Y:0027 S:012E D:0E68 DB:86 NvMXdizc V:256 H: 11 F:51
		81B638 FC F3 B6    JSR ($B6F3,X) [81B6F9] A:C42D X:0006 Y:0027 S:012E D:0E68 DB:86 nvMXdizc V:256 H: 17 F:51

			81B93B A6 03       LDX $03       [000E6B] A:C42D X:0006 Y:0027 S:012C D:0E68 DB:86 nvMXdizc V:256 H: 30 F:51
			81B93D 7C 40 B9    JMP ($B940,X) [81B944] A:C42D X:0004 Y:0027 S:012C D:0E68 DB:86 nvMXdizc V:256 H: 37 F:51

			81B989 22 E8 81 82 JSL $8281E8   [8281E8] A:C42D X:0004 Y:0027 S:012C D:0E68 DB:86 nvMXdizc V:256 H: 46 F:51

				8281E8 08          PHP                    A:C42D X:0004 Y:0027 S:0129 D:0E68 DB:86 nvMXdizc V:256 H: 59 F:51
				8281E9 C2 20       REP #$20               A:C42D X:0004 Y:0027 S:0128 D:0E68 DB:86 nvMXdizc V:256 H: 64 F:51
				8281EB 38          SEC                    A:C42D X:0004 Y:0027 S:0128 D:0E68 DB:86 nvmXdizc V:256 H: 69 F:51
				8281EC A5 1E       LDA $1E       [000E86] A:C42D X:0004 Y:0027 S:0128 D:0E68 DB:86 nvmXdizC V:256 H: 72 F:51
				8281EE 29 FF 00    AND #$00FF             A:1040 X:0004 Y:0027 S:0128 D:0E68 DB:86 nvmXdizC V:256 H: 80 F:51
				8281F1 E5 1C       SBC $1C       [000E84] A:0040 X:0004 Y:0027 S:0128 D:0E68 DB:86 nvmXdizC V:256 H: 85 F:51
				8281F3 49 FF FF    EOR #$FFFF             A:0002 X:0004 Y:0027 S:0128 D:0E68 DB:86 nvmXdizC V:256 H: 93 F:51
				8281F6 1A          INC                    A:FFFD X:0004 Y:0027 S:0128 D:0E68 DB:86 NvmXdizC V:256 H: 98 F:51
				8281F7 85 1C       STA $1C       [000E84] A:FFFE X:0004 Y:0027 S:0128 D:0E68 DB:86 NvmXdizC V:256 H:101 F:51
				8281F9 80 10       BRA $0010     [82820B] A:FFFE X:0004 Y:0027 S:0128 D:0E68 DB:86 NvmXdizC V:256 H:109 F:51
				82820B C2 21       REP #$21               A:FFFE X:0004 Y:0027 S:0128 D:0E68 DB:86 NvmXdizC V:256 H:114 F:51
				82820D A5 04       LDA $04       [000E6C] A:FFFE X:0004 Y:0027 S:0128 D:0E68 DB:86 NvmXdizc V:256 H:118 F:51
				82820F 65 1A       ADC $1A       [000E82] A:B2B0 X:0004 Y:0027 S:0128 D:0E68 DB:86 NvmXdizc V:256 H:127 F:51
				828211 85 04       STA $04       [000E6C] A:B480 X:0004 Y:0027 S:0128 D:0E68 DB:86 NvmXdizc V:256 H:145 F:51
				828213 E2 20       SEP #$20               A:B480 X:0004 Y:0027 S:0128 D:0E68 DB:86 NvmXdizc V:256 H:154 F:51
				828215 A9 00       LDA #$00               A:B480 X:0004 Y:0027 S:0128 D:0E68 DB:86 NvMXdizc V:256 H:158 F:51
				828217 24 1B       BIT $1B       [000E83] A:B400 X:0004 Y:0027 S:0128 D:0E68 DB:86 nvMXdiZc V:256 H:161 F:51
				828219 10 01       BPL $0001     [82821C] A:B400 X:0004 Y:0027 S:0128 D:0E68 DB:86 nvMXdiZc V:256 H:168 F:51
				82821C 65 06       ADC $06       [000E6E] A:B400 X:0004 Y:0027 S:0128 D:0E68 DB:86 nvMXdiZc V:256 H:172 F:51
				82821E 85 06       STA $06       [000E6E] A:B41E X:0004 Y:0027 S:0128 D:0E68 DB:86 nvMXdizc V:256 H:179 F:51
				828220 C2 20       REP #$20               A:B41E X:0004 Y:0027 S:0128 D:0E68 DB:86 nvMXdizc V:256 H:185 F:51
				828222 38          SEC                    A:B41E X:0004 Y:0027 S:0128 D:0E68 DB:86 nvmXdizc V:256 H:190 F:51
				828223 A5 07       LDA $07       [000E6F] A:B41E X:0004 Y:0027 S:0128 D:0E68 DB:86 nvmXdizC V:256 H:193 F:51
				828225 E5 1C       SBC $1C       [000E84] A:2002 X:0004 Y:0027 S:0128 D:0E68 DB:86 nvmXdizC V:256 H:201 F:51
				828227 85 07       STA $07       [000E6F] A:2004 X:0004 Y:0027 S:0128 D:0E68 DB:86 nvmXdizc V:256 H:210 F:51
				828229 E2 20       SEP #$20               A:2004 X:0004 Y:0027 S:0128 D:0E68 DB:86 nvmXdizc V:256 H:218 F:51
				82822B 9C 00 00    STZ $0000     [860000] A:2004 X:0004 Y:0027 S:0128 D:0E68 DB:86 nvMXdizc V:256 H:223 F:51
				82822E 24 1D       BIT $1D       [000E85] A:2004 X:0004 Y:0027 S:0128 D:0E68 DB:86 nvMXdizc V:256 H:229 F:51
				828230 10 03       BPL $0003     [828235] A:2004 X:0004 Y:0027 S:0128 D:0E68 DB:86 NVMXdizc V:256 H:236 F:51
				828232 CE 00 00    DEC $0000     [860000] A:2004 X:0004 Y:0027 S:0128 D:0E68 DB:86 NVMXdizc V:256 H:239 F:51
				828235 A5 09       LDA $09       [000E71] A:2004 X:0004 Y:0027 S:0128 D:0E68 DB:86 NVMXdizc V:256 H:249 F:51
				828237 ED 00 00    SBC $0000     [860000] A:2001 X:0004 Y:0027 S:0128 D:0E68 DB:86 nVMXdizc V:256 H:255 F:51
				82823A 85 09       STA $09       [000E71] A:2001 X:0004 Y:0027 S:0128 D:0E68 DB:86 nvMXdizc V:256 H:262 F:51
				82823C 28          PLP                    A:2001 X:0004 Y:0027 S:0128 D:0E68 DB:86 nvMXdizc V:256 H:268 F:51
				82823D 6B          RTL                    A:2001 X:0004 Y:0027 S:0129 D:0E68 DB:86 nvMXdizc V:256 H:275 F:51

			81B98D 22 BE 91 84 JSL $8491BE   [8491BE] A:2001 X:0004 Y:0027 S:012C D:0E68 DB:86 nvMXdizc V:256 H:285 F:51

				8491BE 08          PHP                    A:2001 X:0004 Y:0027 S:0129 D:0E68 DB:86 nvMXdizc V:256 H:299 F:51
				8491BF 0B          PHD                    A:2001 X:0004 Y:0027 S:0128 D:0E68 DB:86 nvMXdizc V:256 H:304 F:51
				8491C0 C2 30       REP #$30               A:2001 X:0004 Y:0027 S:0126 D:0E68 DB:86 nvMXdizc V:256 H:311 F:51
				8491C2 A5 20       LDA $20       [000E88] A:2001 X:0004 Y:0027 S:0126 D:0E68 DB:86 nvmxdizc V:256 H:315 F:51
				8491C4 F0 15       BEQ $0015     [8491DB] A:C42D X:0004 Y:0027 S:0126 D:0E68 DB:86 Nvmxdizc V:256 H:323 F:51
				8491C6 7B          TDC                    A:C42D X:0004 Y:0027 S:0126 D:0E68 DB:86 Nvmxdizc V:256 H:326 F:51
				8491C7 AA          TAX                    A:0E68 X:0004 Y:0027 S:0126 D:0E68 DB:86 nvmxdizc V:256 H:329 F:51
				8491C8 A9 00 00    LDA #$0000             A:0E68 X:0E68 Y:0027 S:0126 D:0E68 DB:86 nvmxdizc V:256 H:332 F:51
				8491CB 5B          TCD                    A:0000 X:0E68 Y:0027 S:0126 D:0E68 DB:86 nvmxdiZc V:256 H:336 F:51
				8491CC 64 14       STZ $14       [000014] A:0000 X:0E68 Y:0027 S:0126 D:0000 DB:86 nvmxdiZc V:256 H:339 F:51
				8491CE B5 2B       LDA $2B,X     [000E93] A:0000 X:0E68 Y:0027 S:0126 D:0000 DB:86 nvmxdiZc V:257 H:  6 F:51
				8491D0 29 00 FF    AND #$FF00             A:0000 X:0E68 Y:0027 S:0126 D:0000 DB:86 nvmxdiZc V:257 H: 15 F:51
				8491D3 95 2B       STA $2B,X     [000E93] A:0000 X:0E68 Y:0027 S:0126 D:0000 DB:86 nvmxdiZc V:257 H: 19 F:51
				8491D5 20 AC 92    JSR $92AC     [8492AC] A:0000 X:0E68 Y:0027 S:0126 D:0000 DB:86 nvmxdiZc V:257 H: 28 F:51

					8492AC C2 30       REP #$30               A:0000 X:0E68 Y:0027 S:0124 D:0000 DB:86 nvmxdiZc V:257 H: 38 F:51
					8492AE B5 05       LDA $05,X     [000E6D] A:0000 X:0E68 Y:0027 S:0124 D:0000 DB:86 nvmxdiZc V:257 H: 42 F:51
					8492B0 38          SEC                    A:1EB4 X:0E68 Y:0027 S:0124 D:0000 DB:86 nvmxdizc V:257 H: 51 F:51
					8492B1 F5 22       SBC $22,X     [000E8A] A:1EB4 X:0E68 Y:0027 S:0124 D:0000 DB:86 nvmxdizC V:257 H: 54 F:51
					8492B3 85 00       STA $00       [000000] A:0002 X:0E68 Y:0027 S:0124 D:0000 DB:86 nvmxdizC V:257 H: 62 F:51
					8492B5 E2 20       SEP #$20               A:0002 X:0E68 Y:0027 S:0124 D:0000 DB:86 nvmxdizC V:257 H: 69 F:51
					8492B7 F0 4C       BEQ $004C     [849305] A:0002 X:0E68 Y:0027 S:0124 D:0000 DB:86 nvMxdizC V:257 H: 74 F:51
					8492B9 B4 20       LDY $20,X     [000E88] A:0002 X:0E68 Y:0027 S:0124 D:0000 DB:86 nvMxdizC V:257 H: 77 F:51
					8492BB B9 05 00    LDA $0005,Y   [86C432] A:0002 X:0E68 Y:C42D S:0124 D:0000 DB:86 NvMxdizC V:257 H: 85 F:51
					8492BE 34 11       BIT $11,X     [000E79] A:0000 X:0E68 Y:C42D S:0124 D:0000 DB:86 nvMxdiZC V:257 H: 93 F:51
					8492C0 50 03       BVC $0003     [8492C5] A:0000 X:0E68 Y:C42D S:0124 D:0000 DB:86 nVMxdiZC V:257 H: 99 F:51
					8492C2 49 FF       EOR #$FF               A:0000 X:0E68 Y:C42D S:0124 D:0000 DB:86 nVMxdiZC V:257 H:102 F:51
					8492C4 1A          INC                    A:00FF X:0E68 Y:C42D S:0124 D:0000 DB:86 NVMxdizC V:257 H:105 F:51
					8492C5 24 00       BIT $00       [000000] A:0000 X:0E68 Y:C42D S:0124 D:0000 DB:86 nVMxdiZC V:257 H:108 F:51
					8492C7 10 06       BPL $0006     [8492CF] A:0000 X:0E68 Y:C42D S:0124 D:0000 DB:86 nvMxdiZC V:257 H:113 F:51
					8492CF 18          CLC                    A:0000 X:0E68 Y:C42D S:0124 D:0000 DB:86 nvMxdiZC V:257 H:118 F:51
					8492D0 79 07 00    ADC $0007,Y   [86C434] A:0000 X:0E68 Y:C42D S:0124 D:0000 DB:86 nvMxdiZc V:257 H:121 F:51
					8492D3 95 29       STA $29,X     [000E91] A:000E X:0E68 Y:C42D S:0124 D:0000 DB:86 nvMxdizc V:257 H:128 F:51
					8492D5 B9 06 00    LDA $0006,Y   [86C433] A:000E X:0E68 Y:C42D S:0124 D:0000 DB:86 nvMxdizc V:257 H:145 F:51
					8492D8 95 2A       STA $2A,X     [000E92] A:0002 X:0E68 Y:C42D S:0124 D:0000 DB:86 nvMxdizc V:257 H:152 F:51
					8492DA 20 15 93    JSR $9315     [849315] A:0002 X:0E68 Y:C42D S:0124 D:0000 DB:86 nvMxdizc V:257 H:159 F:51

						849315 20 B3 90    JSR $90B3     [8490B3] A:0002 X:0E68 Y:C42D S:0122 D:0000 DB:86 nvMxdizc V:257 H:169 F:51

							8490B3 0B          PHD                    A:0002 X:0E68 Y:C42D S:0120 D:0000 DB:86 nvMxdizc V:257 H:179 F:51
							8490B4 DA          PHX                    A:0002 X:0E68 Y:C42D S:011E D:0000 DB:86 nvMxdizc V:257 H:186 F:51
							8490B5 08          PHP                    A:0002 X:0E68 Y:C42D S:011C D:0000 DB:86 nvMxdizc V:257 H:193 F:51
							8490B6 E2 20       SEP #$20               A:0002 X:0E68 Y:C42D S:011B D:0000 DB:86 nvMxdizc V:257 H:198 F:51
							8490B8 C2 10       REP #$10               A:0002 X:0E68 Y:C42D S:011B D:0000 DB:86 nvMxdizc V:257 H:202 F:51
							8490BA 64 01       STZ $01       [000001] A:0002 X:0E68 Y:C42D S:011B D:0000 DB:86 nvMxdizc V:257 H:207 F:51
							8490BC B5 29       LDA $29,X     [000E91] A:0002 X:0E68 Y:C42D S:011B D:0000 DB:86 nvMxdizc V:257 H:212 F:51
							8490BE 10 02       BPL $0002     [8490C2] A:000E X:0E68 Y:C42D S:011B D:0000 DB:86 nvMxdizc V:257 H:218 F:51
							8490C2 18          CLC                    A:000E X:0E68 Y:C42D S:011B D:0000 DB:86 nvMxdizc V:257 H:223 F:51
							8490C3 75 05       ADC $05,X     [000E6D] A:000E X:0E68 Y:C42D S:011B D:0000 DB:86 nvMxdizc V:257 H:226 F:51
							8490C5 85 00       STA $00       [000000] A:00C2 X:0E68 Y:C42D S:011B D:0000 DB:86 NvMxdizc V:257 H:232 F:51
							8490C7 B5 06       LDA $06,X     [000E6E] A:00C2 X:0E68 Y:C42D S:011B D:0000 DB:86 NvMxdizc V:257 H:237 F:51
							8490C9 65 01       ADC $01       [000001] A:001E X:0E68 Y:C42D S:011B D:0000 DB:86 nvMxdizc V:257 H:244 F:51
							8490CB 85 01       STA $01       [000001] A:001E X:0E68 Y:C42D S:011B D:0000 DB:86 nvMxdizc V:257 H:249 F:51
							8490CD 64 03       STZ $03       [000003] A:001E X:0E68 Y:C42D S:011B D:0000 DB:86 nvMxdizc V:257 H:254 F:51
							8490CF B5 2A       LDA $2A,X     [000E92] A:001E X:0E68 Y:C42D S:011B D:0000 DB:86 nvMxdizc V:257 H:259 F:51
							8490D1 10 02       BPL $0002     [8490D5] A:0002 X:0E68 Y:C42D S:011B D:0000 DB:86 nvMxdizc V:257 H:265 F:51
							8490D5 18          CLC                    A:0002 X:0E68 Y:C42D S:011B D:0000 DB:86 nvMxdizc V:257 H:270 F:51
							8490D6 75 08       ADC $08,X     [000E70] A:0002 X:0E68 Y:C42D S:011B D:0000 DB:86 nvMxdizc V:257 H:273 F:51
							8490D8 85 02       STA $02       [000002] A:0022 X:0E68 Y:C42D S:011B D:0000 DB:86 nvMxdizc V:257 H:279 F:51
							8490DA 29 F0       AND #$F0               A:0022 X:0E68 Y:C42D S:011B D:0000 DB:86 nvMxdizc V:257 H:284 F:51
							8490DC 85 0A       STA $0A       [00000A] A:0020 X:0E68 Y:C42D S:011B D:0000 DB:86 nvMxdizc V:257 H:287 F:51
							8490DE B5 09       LDA $09,X     [000E71] A:0020 X:0E68 Y:C42D S:011B D:0000 DB:86 nvMxdizc V:257 H:292 F:51
							8490E0 65 03       ADC $03       [000003] A:0001 X:0E68 Y:C42D S:011B D:0000 DB:86 nvMxdizc V:257 H:299 F:51
							8490E2 85 03       STA $03       [000003] A:0001 X:0E68 Y:C42D S:011B D:0000 DB:86 nvMxdizc V:257 H:304 F:51
							8490E4 85 0B       STA $0B       [00000B] A:0001 X:0E68 Y:C42D S:011B D:0000 DB:86 nvMxdizc V:257 H:309 F:51
							8490E6 A5 00       LDA $00       [000000] A:0001 X:0E68 Y:C42D S:011B D:0000 DB:86 nvMxdizc V:257 H:314 F:51
							8490E8 29 0F       AND #$0F               A:00C2 X:0E68 Y:C42D S:011B D:0000 DB:86 NvMxdizc V:257 H:319 F:51
							8490EA 1A          INC                    A:0002 X:0E68 Y:C42D S:011B D:0000 DB:86 nvMxdizc V:257 H:322 F:51
							8490EB 85 0C       STA $0C       [00000C] A:0003 X:0E68 Y:C42D S:011B D:0000 DB:86 nvMxdizc V:257 H:324 F:51
							8490ED A5 02       LDA $02       [000002] A:0003 X:0E68 Y:C42D S:011B D:0000 DB:86 nvMxdizc V:257 H:329 F:51
							8490EF 29 0F       AND #$0F               A:0022 X:0E68 Y:C42D S:011B D:0000 DB:86 nvMxdizc V:257 H:334 F:51
							8490F1 1A          INC                    A:0002 X:0E68 Y:C42D S:011B D:0000 DB:86 nvMxdizc V:257 H:337 F:51
							8490F2 85 0E       STA $0E       [00000E] A:0003 X:0E68 Y:C42D S:011B D:0000 DB:86 nvMxdizc V:258 H:  0 F:51
							8490F4 C2 20       REP #$20               A:0003 X:0E68 Y:C42D S:011B D:0000 DB:86 nvMxdizc V:258 H:  5 F:51
							8490F6 20 6A 91    JSR $916A     [84916A] A:0003 X:0E68 Y:C42D S:011B D:0000 DB:86 nvmxdizc V:258 H:  9 F:51

								84916A A9 00 E8    LDA #$E800             A:0003 X:0E68 Y:C42D S:0119 D:0000 DB:86 nvmxdizc V:258 H: 19 F:51
								84916D 85 10       STA $10       [000010] A:E800 X:0E68 Y:C42D S:0119 D:0000 DB:86 Nvmxdizc V:258 H: 24 F:51
								84916F A9 7E 00    LDA #$007E             A:E800 X:0E68 Y:C42D S:0119 D:0000 DB:86 Nvmxdizc V:258 H: 31 F:51
								849172 85 12       STA $12       [000012] A:007E X:0E68 Y:C42D S:0119 D:0000 DB:86 nvmxdizc V:258 H: 35 F:51
								849174 A5 02       LDA $02       [000002] A:007E X:0E68 Y:C42D S:0119 D:0000 DB:86 nvmxdizc V:258 H: 42 F:51
								849176 29 F0 00    AND #$00F0             A:0122 X:0E68 Y:C42D S:0119 D:0000 DB:86 nvmxdizc V:258 H: 49 F:51
								849179 0A          ASL A                  A:0020 X:0E68 Y:C42D S:0119 D:0000 DB:86 nvmxdizc V:258 H: 54 F:51
								84917A 85 04       STA $04       [000004] A:0040 X:0E68 Y:C42D S:0119 D:0000 DB:86 nvmxdizc V:258 H: 57 F:51
								84917C A5 00       LDA $00       [000000] A:0040 X:0E68 Y:C42D S:0119 D:0000 DB:86 nvmxdizc V:258 H: 64 F:51
								84917E 29 FF 00    AND #$00FF             A:1EC2 X:0E68 Y:C42D S:0119 D:0000 DB:86 nvmxdizc V:258 H: 71 F:51
								849181 4A          LSR A                  A:00C2 X:0E68 Y:C42D S:0119 D:0000 DB:86 nvmxdizc V:258 H: 75 F:51
								849182 4A          LSR A                  A:0061 X:0E68 Y:C42D S:0119 D:0000 DB:86 nvmxdizc V:258 H: 78 F:51
								849183 4A          LSR A                  A:0030 X:0E68 Y:C42D S:0119 D:0000 DB:86 nvmxdizC V:258 H: 81 F:51
								849184 29 FE FF    AND #$FFFE             A:0018 X:0E68 Y:C42D S:0119 D:0000 DB:86 nvmxdizc V:258 H: 84 F:51
								849187 18          CLC                    A:0018 X:0E68 Y:C42D S:0119 D:0000 DB:86 nvmxdizc V:258 H: 89 F:51
								849188 65 04       ADC $04       [000004] A:0018 X:0E68 Y:C42D S:0119 D:0000 DB:86 nvmxdizc V:258 H: 92 F:51
								84918A 85 06       STA $06       [000006] A:0058 X:0E68 Y:C42D S:0119 D:0000 DB:86 nvmxdizc V:258 H: 99 F:51
								84918C A5 00       LDA $00       [000000] A:0058 X:0E68 Y:C42D S:0119 D:0000 DB:86 nvmxdizc V:258 H:106 F:51
								84918E EB          XBA                    A:1EC2 X:0E68 Y:C42D S:0119 D:0000 DB:86 nvmxdizc V:258 H:113 F:51
								84918F 29 1F 00    AND #$001F             A:C21E X:0E68 Y:C42D S:0119 D:0000 DB:86 nvmxdizc V:258 H:117 F:51
								849192 85 04       STA $04       [000004] A:001E X:0E68 Y:C42D S:0119 D:0000 DB:86 nvmxdizc V:258 H:122 F:51
								849194 A5 02       LDA $02       [000002] A:001E X:0E68 Y:C42D S:0119 D:0000 DB:86 nvmxdizc V:258 H:129 F:51
								849196 29 00 1F    AND #$1F00             A:0122 X:0E68 Y:C42D S:0119 D:0000 DB:86 nvmxdizc V:258 H:146 F:51
								849199 4A          LSR A                  A:0100 X:0E68 Y:C42D S:0119 D:0000 DB:86 nvmxdizc V:258 H:150 F:51
								84919A 4A          LSR A                  A:0080 X:0E68 Y:C42D S:0119 D:0000 DB:86 nvmxdizc V:258 H:153 F:51
								84919B 4A          LSR A                  A:0040 X:0E68 Y:C42D S:0119 D:0000 DB:86 nvmxdizc V:258 H:156 F:51
								84919C 18          CLC                    A:0020 X:0E68 Y:C42D S:0119 D:0000 DB:86 nvmxdizc V:258 H:159 F:51
								84919D 65 04       ADC $04       [000004] A:0020 X:0E68 Y:C42D S:0119 D:0000 DB:86 nvmxdizc V:258 H:162 F:51
								84919F A8          TAY                    A:003E X:0E68 Y:C42D S:0119 D:0000 DB:86 nvmxdizc V:258 H:169 F:51
								8491A0 B7 10       LDA [$10],Y   [7EE83E] A:003E X:0E68 Y:003E S:0119 D:0000 DB:86 nvmxdizc V:258 H:172 F:51
								8491A2 29 FF 00    AND #$00FF             A:0005 X:0E68 Y:003E S:0119 D:0000 DB:86 nvmxdizc V:258 H:185 F:51
								8491A5 A8          TAY                    A:0005 X:0E68 Y:003E S:0119 D:0000 DB:86 nvmxdizc V:258 H:190 F:51
								8491A6 EB          XBA                    A:0005 X:0E68 Y:0005 S:0119 D:0000 DB:86 nvmxdizc V:258 H:193 F:51
								8491A7 0A          ASL A                  A:0500 X:0E68 Y:0005 S:0119 D:0000 DB:86 nvmxdiZc V:258 H:197 F:51
								8491A8 18          CLC                    A:0A00 X:0E68 Y:0005 S:0119 D:0000 DB:86 nvmxdizc V:258 H:200 F:51
								8491A9 65 06       ADC $06       [000006] A:0A00 X:0E68 Y:0005 S:0119 D:0000 DB:86 nvmxdizc V:258 H:203 F:51
								8491AB AA          TAX                    A:0A58 X:0E68 Y:0005 S:0119 D:0000 DB:86 nvmxdizc V:258 H:210 F:51
								8491AC 60          RTS                    A:0A58 X:0A58 Y:0005 S:0119 D:0000 DB:86 nvmxdizc V:258 H:213 F:51

							8490F9 BF 00 20 7E LDA $7E2000,X [7E2A58] A:0A58 X:0A58 Y:0005 S:011B D:0000 DB:86 nvmxdizc V:258 H:223 F:51
							8490FD A8          TAY                    A:02D0 X:0A58 Y:0005 S:011B D:0000 DB:86 nvmxdizc V:258 H:233 F:51
							8490FE AD 92 0B    LDA $0B92     [860B92] A:02D0 X:0A58 Y:02D0 S:011B D:0000 DB:86 nvmxdizc V:258 H:236 F:51
							849101 85 10       STA $10       [000010] A:EDC3 X:0A58 Y:02D0 S:011B D:0000 DB:86 Nvmxdizc V:258 H:245 F:51
							849103 AD 94 0B    LDA $0B94     [860B94] A:EDC3 X:0A58 Y:02D0 S:011B D:0000 DB:86 Nvmxdizc V:258 H:252 F:51
							849106 85 12       STA $12       [000012] A:E095 X:0A58 Y:02D0 S:011B D:0000 DB:86 Nvmxdizc V:258 H:260 F:51
							849108 B7 10       LDA [$10],Y   [95F093] A:E095 X:0A58 Y:02D0 S:011B D:0000 DB:86 Nvmxdizc V:258 H:267 F:51
							84910A 29 FF 00    AND #$00FF             A:0000 X:0A58 Y:02D0 S:011B D:0000 DB:86 nvmxdiZc V:258 H:279 F:51
							84910D 28          PLP                    A:0000 X:0A58 Y:02D0 S:011B D:0000 DB:86 nvmxdiZc V:258 H:284 F:51
							84910E FA          PLX                    A:0000 X:0A58 Y:02D0 S:011C D:0000 DB:86 nvMxdizc V:258 H:290 F:51
							84910F 2B          PLD                    A:0000 X:0E68 Y:02D0 S:011E D:0000 DB:86 nvMxdizc V:258 H:299 F:51
							849110 60          RTS                    A:0000 X:0E68 Y:02D0 S:0120 D:0000 DB:86 nvMxdiZc V:258 H:307 F:51

						849318 B4 05       LDY $05,X     [000E6D] A:0000 X:0E68 Y:02D0 S:0122 D:0000 DB:86 nvMxdiZc V:258 H:317 F:51
						84931A 84 10       STY $10       [000010] A:0000 X:0E68 Y:1EB4 S:0122 D:0000 DB:86 nvMxdizc V:258 H:325 F:51
						84931C B4 08       LDY $08,X     [000E70] A:0000 X:0E68 Y:1EB4 S:0122 D:0000 DB:86 nvMxdizc V:258 H:332 F:51
						84931E 84 12       STY $12       [000012] A:0000 X:0E68 Y:0120 S:0122 D:0000 DB:86 nvMxdizc V:259 H:  0 F:51
						849320 95 2D       STA $2D,X     [000E95] A:0000 X:0E68 Y:0120 S:0122 D:0000 DB:86 nvMxdizc V:259 H:  7 F:51
						849322 86 2C       STX $2C       [00002C] A:0000 X:0E68 Y:0120 S:0122 D:0000 DB:86 nvMxdizc V:259 H: 14 F:51
						849324 29 3F       AND #$3F               A:0000 X:0E68 Y:0120 S:0122 D:0000 DB:86 nvMxdizc V:259 H: 21 F:51
						849326 0A          ASL A                  A:0000 X:0E68 Y:0120 S:0122 D:0000 DB:86 nvMxdiZc V:259 H: 24 F:51
						849327 EB          XBA                    A:0000 X:0E68 Y:0120 S:0122 D:0000 DB:86 nvMxdiZc V:259 H: 27 F:51
						849328 A9 00       LDA #$00               A:0000 X:0E68 Y:0120 S:0122 D:0000 DB:86 nvMxdiZc V:259 H: 31 F:51
						84932A EB          XBA                    A:0000 X:0E68 Y:0120 S:0122 D:0000 DB:86 nvMxdiZc V:259 H: 34 F:51
						84932B AA          TAX                    A:0000 X:0E68 Y:0120 S:0122 D:0000 DB:86 nvMxdiZc V:259 H: 39 F:51
						84932C FC 5D 93    JSR ($935D,X) [84935D] A:0000 X:0000 Y:0120 S:0122 D:0000 DB:86 nvMxdiZc V:259 H: 42 F:51

							84977A A9 00       LDA #$00               A:0000 X:0000 Y:0120 S:0120 D:0000 DB:86 nvMxdiZc V:259 H: 55 F:51
							84977C 60          RTS                    A:0000 X:0000 Y:0120 S:0120 D:0000 DB:86 nvMxdiZc V:259 H: 58 F:51

						84932F 08          PHP                    A:0000 X:0000 Y:0120 S:0122 D:0000 DB:86 nvMxdiZc V:259 H: 68 F:51
						849330 A6 2C       LDX $2C       [00002C] A:0000 X:0000 Y:0120 S:0121 D:0000 DB:86 nvMxdiZc V:259 H: 73 F:51
						849332 A9 01       LDA #$01               A:0000 X:0E68 Y:0120 S:0121 D:0000 DB:86 nvMxdizc V:259 H: 80 F:51
						849334 34 29       BIT $29,X     [000E91] A:0001 X:0E68 Y:0120 S:0121 D:0000 DB:86 nvMxdizc V:259 H: 83 F:51
						849336 10 02       BPL $0002     [84933A] A:0001 X:0E68 Y:0120 S:0121 D:0000 DB:86 nvMxdiZc V:259 H: 89 F:51
						84933A 28          PLP                    A:0001 X:0E68 Y:0120 S:0121 D:0000 DB:86 nvMxdiZc V:259 H: 94 F:51
						84933B F0 0C       BEQ $000C     [849349] A:0001 X:0E68 Y:0120 S:0122 D:0000 DB:86 nvMxdiZc V:259 H:100 F:51
						849349 49 FF       EOR #$FF               A:0001 X:0E68 Y:0120 S:0122 D:0000 DB:86 nvMxdiZc V:259 H:105 F:51
						84934B 35 2B       AND $2B,X     [000E93] A:00FE X:0E68 Y:0120 S:0122 D:0000 DB:86 NvMxdizc V:259 H:108 F:51
						84934D 95 2B       STA $2B,X     [000E93] A:0000 X:0E68 Y:0120 S:0122 D:0000 DB:86 nvMxdiZc V:259 H:114 F:51
						84934F 20 08 93    JSR $9308     [849308] A:0000 X:0E68 Y:0120 S:0122 D:0000 DB:86 nvMxdiZc V:259 H:121 F:51

							849308 A5 14       LDA $14       [000014] A:0000 X:0E68 Y:0120 S:0120 D:0000 DB:86 nvMxdiZc V:259 H:131 F:51
							84930A F0 08       BEQ $0008     [849314] A:0000 X:0E68 Y:0120 S:0120 D:0000 DB:86 nvMxdiZc V:259 H:146 F:51
							849314 60          RTS                    A:0000 X:0E68 Y:0120 S:0120 D:0000 DB:86 nvMxdiZc V:259 H:150 F:51

						849352 A9 00       LDA #$00               A:0000 X:0E68 Y:0120 S:0122 D:0000 DB:86 nvMxdiZc V:259 H:160 F:51
						849354 60          RTS                    A:0000 X:0E68 Y:0120 S:0122 D:0000 DB:86 nvMxdiZc V:259 H:163 F:51

					8492DD D0 26       BNE $0026     [849305] A:0000 X:0E68 Y:0120 S:0124 D:0000 DB:86 nvMxdiZc V:259 H:173 F:51
					8492DF B4 20       LDY $20,X     [000E88] A:0000 X:0E68 Y:0120 S:0124 D:0000 DB:86 nvMxdiZc V:259 H:176 F:51
					8492E1 B9 06 00    LDA $0006,Y   [86C433] A:0000 X:0E68 Y:C42D S:0124 D:0000 DB:86 NvMxdizc V:259 H:185 F:51
					8492E4 38          SEC                    A:0002 X:0E68 Y:C42D S:0124 D:0000 DB:86 nvMxdizc V:259 H:192 F:51
					8492E5 F9 08 00    SBC $0008,Y   [86C435] A:0002 X:0E68 Y:C42D S:0124 D:0000 DB:86 nvMxdizC V:259 H:195 F:51
					8492E8 18          CLC                    A:00F1 X:0E68 Y:C42D S:0124 D:0000 DB:86 NvMxdizc V:259 H:203 F:51
					8492E9 79 09 00    ADC $0009,Y   [86C436] A:00F1 X:0E68 Y:C42D S:0124 D:0000 DB:86 NvMxdizc V:259 H:206 F:51
					8492EC 95 2A       STA $2A,X     [000E92] A:00F6 X:0E68 Y:C42D S:0124 D:0000 DB:86 NvMxdizc V:259 H:213 F:51
					8492EE 20 15 93    JSR $9315     [849315] A:00F6 X:0E68 Y:C42D S:0124 D:0000 DB:86 NvMxdizc V:259 H:220 F:51

						849315 20 B3 90    JSR $90B3     [8490B3] A:00F6 X:0E68 Y:C42D S:0122 D:0000 DB:86 NvMxdizc V:259 H:230 F:51

							8490B3 0B          PHD                    A:00F6 X:0E68 Y:C42D S:0120 D:0000 DB:86 NvMxdizc V:259 H:240 F:51
							8490B4 DA          PHX                    A:00F6 X:0E68 Y:C42D S:011E D:0000 DB:86 NvMxdizc V:259 H:247 F:51
							8490B5 08          PHP                    A:00F6 X:0E68 Y:C42D S:011C D:0000 DB:86 NvMxdizc V:259 H:254 F:51
							8490B6 E2 20       SEP #$20               A:00F6 X:0E68 Y:C42D S:011B D:0000 DB:86 NvMxdizc V:259 H:259 F:51
							8490B8 C2 10       REP #$10               A:00F6 X:0E68 Y:C42D S:011B D:0000 DB:86 NvMxdizc V:259 H:263 F:51
							8490BA 64 01       STZ $01       [000001] A:00F6 X:0E68 Y:C42D S:011B D:0000 DB:86 NvMxdizc V:259 H:268 F:51
							8490BC B5 29       LDA $29,X     [000E91] A:00F6 X:0E68 Y:C42D S:011B D:0000 DB:86 NvMxdizc V:259 H:273 F:51
							8490BE 10 02       BPL $0002     [8490C2] A:000E X:0E68 Y:C42D S:011B D:0000 DB:86 nvMxdizc V:259 H:279 F:51
							8490C2 18          CLC                    A:000E X:0E68 Y:C42D S:011B D:0000 DB:86 nvMxdizc V:259 H:284 F:51
							8490C3 75 05       ADC $05,X     [000E6D] A:000E X:0E68 Y:C42D S:011B D:0000 DB:86 nvMxdizc V:259 H:287 F:51
							8490C5 85 00       STA $00       [000000] A:00C2 X:0E68 Y:C42D S:011B D:0000 DB:86 NvMxdizc V:259 H:293 F:51
							8490C7 B5 06       LDA $06,X     [000E6E] A:00C2 X:0E68 Y:C42D S:011B D:0000 DB:86 NvMxdizc V:259 H:298 F:51
							8490C9 65 01       ADC $01       [000001] A:001E X:0E68 Y:C42D S:011B D:0000 DB:86 nvMxdizc V:259 H:305 F:51
							8490CB 85 01       STA $01       [000001] A:001E X:0E68 Y:C42D S:011B D:0000 DB:86 nvMxdizc V:259 H:310 F:51
							8490CD 64 03       STZ $03       [000003] A:001E X:0E68 Y:C42D S:011B D:0000 DB:86 nvMxdizc V:259 H:315 F:51
							8490CF B5 2A       LDA $2A,X     [000E92] A:001E X:0E68 Y:C42D S:011B D:0000 DB:86 nvMxdizc V:259 H:320 F:51
							8490D1 10 02       BPL $0002     [8490D5] A:00F6 X:0E68 Y:C42D S:011B D:0000 DB:86 NvMxdizc V:259 H:326 F:51
							8490D3 C6 03       DEC $03       [000003] A:00F6 X:0E68 Y:C42D S:011B D:0000 DB:86 NvMxdizc V:259 H:328 F:51
							8490D5 18          CLC                    A:00F6 X:0E68 Y:C42D S:011B D:0000 DB:86 NvMxdizc V:259 H:337 F:51
							8490D6 75 08       ADC $08,X     [000E70] A:00F6 X:0E68 Y:C42D S:011B D:0000 DB:86 NvMxdizc V:260 H:  0 F:51
							8490D8 85 02       STA $02       [000002] A:0016 X:0E68 Y:C42D S:011B D:0000 DB:86 nvMxdizC V:260 H:  6 F:51
							8490DA 29 F0       AND #$F0               A:0016 X:0E68 Y:C42D S:011B D:0000 DB:86 nvMxdizC V:260 H: 11 F:51
							8490DC 85 0A       STA $0A       [00000A] A:0010 X:0E68 Y:C42D S:011B D:0000 DB:86 nvMxdizC V:260 H: 14 F:51
							8490DE B5 09       LDA $09,X     [000E71] A:0010 X:0E68 Y:C42D S:011B D:0000 DB:86 nvMxdizC V:260 H: 19 F:51
							8490E0 65 03       ADC $03       [000003] A:0001 X:0E68 Y:C42D S:011B D:0000 DB:86 nvMxdizC V:260 H: 26 F:51
							8490E2 85 03       STA $03       [000003] A:0001 X:0E68 Y:C42D S:011B D:0000 DB:86 nvMxdizC V:260 H: 31 F:51
							8490E4 85 0B       STA $0B       [00000B] A:0001 X:0E68 Y:C42D S:011B D:0000 DB:86 nvMxdizC V:260 H: 36 F:51
							8490E6 A5 00       LDA $00       [000000] A:0001 X:0E68 Y:C42D S:011B D:0000 DB:86 nvMxdizC V:260 H: 41 F:51
							8490E8 29 0F       AND #$0F               A:00C2 X:0E68 Y:C42D S:011B D:0000 DB:86 NvMxdizC V:260 H: 46 F:51
							8490EA 1A          INC                    A:0002 X:0E68 Y:C42D S:011B D:0000 DB:86 nvMxdizC V:260 H: 49 F:51
							8490EB 85 0C       STA $0C       [00000C] A:0003 X:0E68 Y:C42D S:011B D:0000 DB:86 nvMxdizC V:260 H: 52 F:51
							8490ED A5 02       LDA $02       [000002] A:0003 X:0E68 Y:C42D S:011B D:0000 DB:86 nvMxdizC V:260 H: 57 F:51
							8490EF 29 0F       AND #$0F               A:0016 X:0E68 Y:C42D S:011B D:0000 DB:86 nvMxdizC V:260 H: 62 F:51
							8490F1 1A          INC                    A:0006 X:0E68 Y:C42D S:011B D:0000 DB:86 nvMxdizC V:260 H: 65 F:51
							8490F2 85 0E       STA $0E       [00000E] A:0007 X:0E68 Y:C42D S:011B D:0000 DB:86 nvMxdizC V:260 H: 68 F:51
							8490F4 C2 20       REP #$20               A:0007 X:0E68 Y:C42D S:011B D:0000 DB:86 nvMxdizC V:260 H: 73 F:51
							8490F6 20 6A 91    JSR $916A     [84916A] A:0007 X:0E68 Y:C42D S:011B D:0000 DB:86 nvmxdizC V:260 H: 77 F:51

								84916A A9 00 E8    LDA #$E800             A:0007 X:0E68 Y:C42D S:0119 D:0000 DB:86 nvmxdizC V:260 H: 87 F:51
								84916D 85 10       STA $10       [000010] A:E800 X:0E68 Y:C42D S:0119 D:0000 DB:86 NvmxdizC V:260 H: 92 F:51
								84916F A9 7E 00    LDA #$007E             A:E800 X:0E68 Y:C42D S:0119 D:0000 DB:86 NvmxdizC V:260 H: 99 F:51
								849172 85 12       STA $12       [000012] A:007E X:0E68 Y:C42D S:0119 D:0000 DB:86 nvmxdizC V:260 H:103 F:51
								849174 A5 02       LDA $02       [000002] A:007E X:0E68 Y:C42D S:0119 D:0000 DB:86 nvmxdizC V:260 H:110 F:51
								849176 29 F0 00    AND #$00F0             A:0116 X:0E68 Y:C42D S:0119 D:0000 DB:86 nvmxdizC V:260 H:117 F:51
								849179 0A          ASL A                  A:0010 X:0E68 Y:C42D S:0119 D:0000 DB:86 nvmxdizC V:260 H:122 F:51
								84917A 85 04       STA $04       [000004] A:0020 X:0E68 Y:C42D S:0119 D:0000 DB:86 nvmxdizc V:260 H:125 F:51
								84917C A5 00       LDA $00       [000000] A:0020 X:0E68 Y:C42D S:0119 D:0000 DB:86 nvmxdizc V:260 H:132 F:51
								84917E 29 FF 00    AND #$00FF             A:1EC2 X:0E68 Y:C42D S:0119 D:0000 DB:86 nvmxdizc V:260 H:149 F:51
								849181 4A          LSR A                  A:00C2 X:0E68 Y:C42D S:0119 D:0000 DB:86 nvmxdizc V:260 H:153 F:51
								849182 4A          LSR A                  A:0061 X:0E68 Y:C42D S:0119 D:0000 DB:86 nvmxdizc V:260 H:156 F:51
								849183 4A          LSR A                  A:0030 X:0E68 Y:C42D S:0119 D:0000 DB:86 nvmxdizC V:260 H:159 F:51
								849184 29 FE FF    AND #$FFFE             A:0018 X:0E68 Y:C42D S:0119 D:0000 DB:86 nvmxdizc V:260 H:162 F:51
								849187 18          CLC                    A:0018 X:0E68 Y:C42D S:0119 D:0000 DB:86 nvmxdizc V:260 H:167 F:51
								849188 65 04       ADC $04       [000004] A:0018 X:0E68 Y:C42D S:0119 D:0000 DB:86 nvmxdizc V:260 H:170 F:51
								84918A 85 06       STA $06       [000006] A:0038 X:0E68 Y:C42D S:0119 D:0000 DB:86 nvmxdizc V:260 H:177 F:51
								84918C A5 00       LDA $00       [000000] A:0038 X:0E68 Y:C42D S:0119 D:0000 DB:86 nvmxdizc V:260 H:184 F:51
								84918E EB          XBA                    A:1EC2 X:0E68 Y:C42D S:0119 D:0000 DB:86 nvmxdizc V:260 H:191 F:51
								84918F 29 1F 00    AND #$001F             A:C21E X:0E68 Y:C42D S:0119 D:0000 DB:86 nvmxdizc V:260 H:195 F:51
								849192 85 04       STA $04       [000004] A:001E X:0E68 Y:C42D S:0119 D:0000 DB:86 nvmxdizc V:260 H:200 F:51
								849194 A5 02       LDA $02       [000002] A:001E X:0E68 Y:C42D S:0119 D:0000 DB:86 nvmxdizc V:260 H:207 F:51
								849196 29 00 1F    AND #$1F00             A:0116 X:0E68 Y:C42D S:0119 D:0000 DB:86 nvmxdizc V:260 H:214 F:51
								849199 4A          LSR A                  A:0100 X:0E68 Y:C42D S:0119 D:0000 DB:86 nvmxdizc V:260 H:218 F:51
								84919A 4A          LSR A                  A:0080 X:0E68 Y:C42D S:0119 D:0000 DB:86 nvmxdizc V:260 H:221 F:51
								84919B 4A          LSR A                  A:0040 X:0E68 Y:C42D S:0119 D:0000 DB:86 nvmxdizc V:260 H:224 F:51
								84919C 18          CLC                    A:0020 X:0E68 Y:C42D S:0119 D:0000 DB:86 nvmxdizc V:260 H:227 F:51
								84919D 65 04       ADC $04       [000004] A:0020 X:0E68 Y:C42D S:0119 D:0000 DB:86 nvmxdizc V:260 H:230 F:51
								84919F A8          TAY                    A:003E X:0E68 Y:C42D S:0119 D:0000 DB:86 nvmxdizc V:260 H:237 F:51
								8491A0 B7 10       LDA [$10],Y   [7EE83E] A:003E X:0E68 Y:003E S:0119 D:0000 DB:86 nvmxdizc V:260 H:240 F:51
								8491A2 29 FF 00    AND #$00FF             A:0005 X:0E68 Y:003E S:0119 D:0000 DB:86 nvmxdizc V:260 H:253 F:51
								8491A5 A8          TAY                    A:0005 X:0E68 Y:003E S:0119 D:0000 DB:86 nvmxdizc V:260 H:258 F:51
								8491A6 EB          XBA                    A:0005 X:0E68 Y:0005 S:0119 D:0000 DB:86 nvmxdizc V:260 H:261 F:51
								8491A7 0A          ASL A                  A:0500 X:0E68 Y:0005 S:0119 D:0000 DB:86 nvmxdiZc V:260 H:265 F:51
								8491A8 18          CLC                    A:0A00 X:0E68 Y:0005 S:0119 D:0000 DB:86 nvmxdizc V:260 H:268 F:51
								8491A9 65 06       ADC $06       [000006] A:0A00 X:0E68 Y:0005 S:0119 D:0000 DB:86 nvmxdizc V:260 H:271 F:51
								8491AB AA          TAX                    A:0A38 X:0E68 Y:0005 S:0119 D:0000 DB:86 nvmxdizc V:260 H:278 F:51
								8491AC 60          RTS                    A:0A38 X:0A38 Y:0005 S:0119 D:0000 DB:86 nvmxdizc V:260 H:281 F:51

							8490F9 BF 00 20 7E LDA $7E2000,X [7E2A38] A:0A38 X:0A38 Y:0005 S:011B D:0000 DB:86 nvmxdizc V:260 H:291 F:51
							8490FD A8          TAY                    A:02D3 X:0A38 Y:0005 S:011B D:0000 DB:86 nvmxdizc V:260 H:301 F:51
							8490FE AD 92 0B    LDA $0B92     [860B92] A:02D3 X:0A38 Y:02D3 S:011B D:0000 DB:86 nvmxdizc V:260 H:304 F:51
							849101 85 10       STA $10       [000010] A:EDC3 X:0A38 Y:02D3 S:011B D:0000 DB:86 Nvmxdizc V:260 H:313 F:51
							849103 AD 94 0B    LDA $0B94     [860B94] A:EDC3 X:0A38 Y:02D3 S:011B D:0000 DB:86 Nvmxdizc V:260 H:320 F:51
							849106 85 12       STA $12       [000012] A:E095 X:0A38 Y:02D3 S:011B D:0000 DB:86 Nvmxdizc V:260 H:327 F:51
							849108 B7 10       LDA [$10],Y   [95F096] A:E095 X:0A38 Y:02D3 S:011B D:0000 DB:86 Nvmxdizc V:260 H:334 F:51
							84910A 29 FF 00    AND #$00FF             A:0000 X:0A38 Y:02D3 S:011B D:0000 DB:86 nvmxdiZc V:261 H:  6 F:51
							84910D 28          PLP                    A:0000 X:0A38 Y:02D3 S:011B D:0000 DB:86 nvmxdiZc V:261 H: 11 F:51
							84910E FA          PLX                    A:0000 X:0A38 Y:02D3 S:011C D:0000 DB:86 NvMxdizc V:261 H: 17 F:51
							84910F 2B          PLD                    A:0000 X:0E68 Y:02D3 S:011E D:0000 DB:86 nvMxdizc V:261 H: 26 F:51
							849110 60          RTS                    A:0000 X:0E68 Y:02D3 S:0120 D:0000 DB:86 nvMxdiZc V:261 H: 34 F:51

						849318 B4 05       LDY $05,X     [000E6D] A:0000 X:0E68 Y:02D3 S:0122 D:0000 DB:86 nvMxdiZc V:261 H: 44 F:51
						84931A 84 10       STY $10       [000010] A:0000 X:0E68 Y:1EB4 S:0122 D:0000 DB:86 nvMxdizc V:261 H: 53 F:51
						84931C B4 08       LDY $08,X     [000E70] A:0000 X:0E68 Y:1EB4 S:0122 D:0000 DB:86 nvMxdizc V:261 H: 60 F:51
						84931E 84 12       STY $12       [000012] A:0000 X:0E68 Y:0120 S:0122 D:0000 DB:86 nvMxdizc V:261 H: 68 F:51
						849320 95 2D       STA $2D,X     [000E95] A:0000 X:0E68 Y:0120 S:0122 D:0000 DB:86 nvMxdizc V:261 H: 75 F:51
						849322 86 2C       STX $2C       [00002C] A:0000 X:0E68 Y:0120 S:0122 D:0000 DB:86 nvMxdizc V:261 H: 82 F:51
						849324 29 3F       AND #$3F               A:0000 X:0E68 Y:0120 S:0122 D:0000 DB:86 nvMxdizc V:261 H: 89 F:51
						849326 0A          ASL A                  A:0000 X:0E68 Y:0120 S:0122 D:0000 DB:86 nvMxdiZc V:261 H: 92 F:51
						849327 EB          XBA                    A:0000 X:0E68 Y:0120 S:0122 D:0000 DB:86 nvMxdiZc V:261 H: 95 F:51
						849328 A9 00       LDA #$00               A:0000 X:0E68 Y:0120 S:0122 D:0000 DB:86 nvMxdiZc V:261 H: 99 F:51
						84932A EB          XBA                    A:0000 X:0E68 Y:0120 S:0122 D:0000 DB:86 nvMxdiZc V:261 H:102 F:51
						84932B AA          TAX                    A:0000 X:0E68 Y:0120 S:0122 D:0000 DB:86 nvMxdiZc V:261 H:107 F:51
						84932C FC 5D 93    JSR ($935D,X) [84935D] A:0000 X:0000 Y:0120 S:0122 D:0000 DB:86 nvMxdiZc V:261 H:110 F:51

							84977A A9 00       LDA #$00               A:0000 X:0000 Y:0120 S:0120 D:0000 DB:86 nvMxdiZc V:261 H:123 F:51
							84977C 60          RTS                    A:0000 X:0000 Y:0120 S:0120 D:0000 DB:86 nvMxdiZc V:261 H:126 F:51

						84932F 08          PHP                    A:0000 X:0000 Y:0120 S:0122 D:0000 DB:86 nvMxdiZc V:261 H:146 F:51
						849330 A6 2C       LDX $2C       [00002C] A:0000 X:0000 Y:0120 S:0121 D:0000 DB:86 nvMxdiZc V:261 H:151 F:51
						849332 A9 01       LDA #$01               A:0000 X:0E68 Y:0120 S:0121 D:0000 DB:86 nvMxdizc V:261 H:158 F:51
						849334 34 29       BIT $29,X     [000E91] A:0001 X:0E68 Y:0120 S:0121 D:0000 DB:86 nvMxdizc V:261 H:161 F:51
						849336 10 02       BPL $0002     [84933A] A:0001 X:0E68 Y:0120 S:0121 D:0000 DB:86 nvMxdiZc V:261 H:167 F:51
						84933A 28          PLP                    A:0001 X:0E68 Y:0120 S:0121 D:0000 DB:86 nvMxdiZc V:261 H:172 F:51
						84933B F0 0C       BEQ $000C     [849349] A:0001 X:0E68 Y:0120 S:0122 D:0000 DB:86 nvMxdiZc V:261 H:178 F:51
						849349 49 FF       EOR #$FF               A:0001 X:0E68 Y:0120 S:0122 D:0000 DB:86 nvMxdiZc V:261 H:183 F:51
						84934B 35 2B       AND $2B,X     [000E93] A:00FE X:0E68 Y:0120 S:0122 D:0000 DB:86 NvMxdizc V:261 H:186 F:51
						84934D 95 2B       STA $2B,X     [000E93] A:0000 X:0E68 Y:0120 S:0122 D:0000 DB:86 nvMxdiZc V:261 H:192 F:51
						84934F 20 08 93    JSR $9308     [849308] A:0000 X:0E68 Y:0120 S:0122 D:0000 DB:86 nvMxdiZc V:261 H:199 F:51

							849308 A5 14       LDA $14       [000014] A:0000 X:0E68 Y:0120 S:0120 D:0000 DB:86 nvMxdiZc V:261 H:209 F:51
							84930A F0 08       BEQ $0008     [849314] A:0000 X:0E68 Y:0120 S:0120 D:0000 DB:86 nvMxdiZc V:261 H:214 F:51
							849314 60          RTS                    A:0000 X:0E68 Y:0120 S:0120 D:0000 DB:86 nvMxdiZc V:261 H:218 F:51

						849352 A9 00       LDA #$00               A:0000 X:0E68 Y:0120 S:0122 D:0000 DB:86 nvMxdiZc V:261 H:228 F:51
						849354 60          RTS                    A:0000 X:0E68 Y:0120 S:0122 D:0000 DB:86 nvMxdiZc V:261 H:231 F:51

					8492F1 D0 12       BNE $0012     [849305] A:0000 X:0E68 Y:0120 S:0124 D:0000 DB:86 nvMxdiZc V:261 H:241 F:51
					8492F3 B4 20       LDY $20,X     [000E88] A:0000 X:0E68 Y:0120 S:0124 D:0000 DB:86 nvMxdiZc V:261 H:244 F:51
					8492F5 B9 06 00    LDA $0006,Y   [86C433] A:0000 X:0E68 Y:C42D S:0124 D:0000 DB:86 NvMxdizc V:261 H:253 F:51
					8492F8 18          CLC                    A:0002 X:0E68 Y:C42D S:0124 D:0000 DB:86 nvMxdizc V:261 H:260 F:51
					8492F9 79 08 00    ADC $0008,Y   [86C435] A:0002 X:0E68 Y:C42D S:0124 D:0000 DB:86 nvMxdizc V:261 H:263 F:51
					8492FC 38          SEC                    A:0013 X:0E68 Y:C42D S:0124 D:0000 DB:86 nvMxdizc V:261 H:271 F:51
					8492FD F9 09 00    SBC $0009,Y   [86C436] A:0013 X:0E68 Y:C42D S:0124 D:0000 DB:86 nvMxdizC V:261 H:274 F:51
					849300 95 2A       STA $2A,X     [000E92] A:000E X:0E68 Y:C42D S:0124 D:0000 DB:86 nvMxdizC V:261 H:281 F:51
					849302 20 15 93    JSR $9315     [849315] A:000E X:0E68 Y:C42D S:0124 D:0000 DB:86 nvMxdizC V:261 H:288 F:51

						849315 20 B3 90    JSR $90B3     [8490B3] A:000E X:0E68 Y:C42D S:0122 D:0000 DB:86 nvMxdizC V:261 H:298 F:51

							8490B3 0B          PHD                    A:000E X:0E68 Y:C42D S:0120 D:0000 DB:86 nvMxdizC V:261 H:308 F:51
							8490B4 DA          PHX                    A:000E X:0E68 Y:C42D S:011E D:0000 DB:86 nvMxdizC V:261 H:315 F:51
							8490B5 08          PHP                    A:000E X:0E68 Y:C42D S:011C D:0000 DB:86 nvMxdizC V:261 H:322 F:51
							8490B6 E2 20       SEP #$20               A:000E X:0E68 Y:C42D S:011B D:0000 DB:86 nvMxdizC V:261 H:326 F:51
							8490B8 C2 10       REP #$10               A:000E X:0E68 Y:C42D S:011B D:0000 DB:86 nvMxdizC V:261 H:330 F:51
							8490BA 64 01       STZ $01       [000001] A:000E X:0E68 Y:C42D S:011B D:0000 DB:86 nvMxdizC V:261 H:335 F:51
							8490BC B5 29       LDA $29,X     [000E91] A:000E X:0E68 Y:C42D S:011B D:0000 DB:86 nvMxdizC V:  0 H:  0 F:52
							8490BE 10 02       BPL $0002     [8490C2] A:000E X:0E68 Y:C42D S:011B D:0000 DB:86 nvMxdizC V:  0 H:  6 F:52
							8490C2 18          CLC                    A:000E X:0E68 Y:C42D S:011B D:0000 DB:86 nvMxdizC V:  0 H: 11 F:52
							8490C3 75 05       ADC $05,X     [000E6D] A:000E X:0E68 Y:C42D S:011B D:0000 DB:86 nvMxdizc V:  0 H: 14 F:52
							8490C5 85 00       STA $00       [000000] A:00C2 X:0E68 Y:C42D S:011B D:0000 DB:86 NvMxdizc V:  0 H: 20 F:52
							8490C7 B5 06       LDA $06,X     [000E6E] A:00C2 X:0E68 Y:C42D S:011B D:0000 DB:86 NvMxdizc V:  0 H: 25 F:52
							8490C9 65 01       ADC $01       [000001] A:001E X:0E68 Y:C42D S:011B D:0000 DB:86 nvMxdizc V:  0 H: 32 F:52
							8490CB 85 01       STA $01       [000001] A:001E X:0E68 Y:C42D S:011B D:0000 DB:86 nvMxdizc V:  0 H: 37 F:52
							8490CD 64 03       STZ $03       [000003] A:001E X:0E68 Y:C42D S:011B D:0000 DB:86 nvMxdizc V:  0 H: 42 F:52
							8490CF B5 2A       LDA $2A,X     [000E92] A:001E X:0E68 Y:C42D S:011B D:0000 DB:86 nvMxdizc V:  0 H: 47 F:52
							8490D1 10 02       BPL $0002     [8490D5] A:000E X:0E68 Y:C42D S:011B D:0000 DB:86 nvMxdizc V:  0 H: 53 F:52
							8490D5 18          CLC                    A:000E X:0E68 Y:C42D S:011B D:0000 DB:86 nvMxdizc V:  0 H: 58 F:52
							8490D6 75 08       ADC $08,X     [000E70] A:000E X:0E68 Y:C42D S:011B D:0000 DB:86 nvMxdizc V:  0 H: 61 F:52
							8490D8 85 02       STA $02       [000002] A:002E X:0E68 Y:C42D S:011B D:0000 DB:86 nvMxdizc V:  0 H: 67 F:52
							8490DA 29 F0       AND #$F0               A:002E X:0E68 Y:C42D S:011B D:0000 DB:86 nvMxdizc V:  0 H: 72 F:52
							8490DC 85 0A       STA $0A       [00000A] A:0020 X:0E68 Y:C42D S:011B D:0000 DB:86 nvMxdizc V:  0 H: 75 F:52
							8490DE B5 09       LDA $09,X     [000E71] A:0020 X:0E68 Y:C42D S:011B D:0000 DB:86 nvMxdizc V:  0 H: 80 F:52
							8490E0 65 03       ADC $03       [000003] A:0001 X:0E68 Y:C42D S:011B D:0000 DB:86 nvMxdizc V:  0 H: 87 F:52
							8490E2 85 03       STA $03       [000003] A:0001 X:0E68 Y:C42D S:011B D:0000 DB:86 nvMxdizc V:  0 H: 92 F:52
							8490E4 85 0B       STA $0B       [00000B] A:0001 X:0E68 Y:C42D S:011B D:0000 DB:86 nvMxdizc V:  0 H: 97 F:52
							8490E6 A5 00       LDA $00       [000000] A:0001 X:0E68 Y:C42D S:011B D:0000 DB:86 nvMxdizc V:  0 H:102 F:52
							8490E8 29 0F       AND #$0F               A:00C2 X:0E68 Y:C42D S:011B D:0000 DB:86 NvMxdizc V:  0 H:107 F:52
							8490EA 1A          INC                    A:0002 X:0E68 Y:C42D S:011B D:0000 DB:86 nvMxdizc V:  0 H:110 F:52
							8490EB 85 0C       STA $0C       [00000C] A:0003 X:0E68 Y:C42D S:011B D:0000 DB:86 nvMxdizc V:  0 H:113 F:52
							8490ED A5 02       LDA $02       [000002] A:0003 X:0E68 Y:C42D S:011B D:0000 DB:86 nvMxdizc V:  0 H:118 F:52
							8490EF 29 0F       AND #$0F               A:002E X:0E68 Y:C42D S:011B D:0000 DB:86 nvMxdizc V:  0 H:123 F:52
							8490F1 1A          INC                    A:000E X:0E68 Y:C42D S:011B D:0000 DB:86 nvMxdizc V:  0 H:126 F:52
							8490F2 85 0E       STA $0E       [00000E] A:000F X:0E68 Y:C42D S:011B D:0000 DB:86 nvMxdizc V:  0 H:129 F:52
							8490F4 C2 20       REP #$20               A:000F X:0E68 Y:C42D S:011B D:0000 DB:86 nvMxdizc V:  0 H:134 F:52
							8490F6 20 6A 91    JSR $916A     [84916A] A:000F X:0E68 Y:C42D S:011B D:0000 DB:86 nvmxdizc V:  0 H:148 F:52

								84916A A9 00 E8    LDA #$E800             A:000F X:0E68 Y:C42D S:0119 D:0000 DB:86 nvmxdizc V:  0 H:158 F:52
								84916D 85 10       STA $10       [000010] A:E800 X:0E68 Y:C42D S:0119 D:0000 DB:86 Nvmxdizc V:  0 H:163 F:52
								84916F A9 7E 00    LDA #$007E             A:E800 X:0E68 Y:C42D S:0119 D:0000 DB:86 Nvmxdizc V:  0 H:170 F:52
								849172 85 12       STA $12       [000012] A:007E X:0E68 Y:C42D S:0119 D:0000 DB:86 nvmxdizc V:  0 H:174 F:52
								849174 A5 02       LDA $02       [000002] A:007E X:0E68 Y:C42D S:0119 D:0000 DB:86 nvmxdizc V:  0 H:181 F:52
								849176 29 F0 00    AND #$00F0             A:012E X:0E68 Y:C42D S:0119 D:0000 DB:86 nvmxdizc V:  0 H:188 F:52
								849179 0A          ASL A                  A:0020 X:0E68 Y:C42D S:0119 D:0000 DB:86 nvmxdizc V:  0 H:193 F:52
								84917A 85 04       STA $04       [000004] A:0040 X:0E68 Y:C42D S:0119 D:0000 DB:86 nvmxdizc V:  0 H:196 F:52
								84917C A5 00       LDA $00       [000000] A:0040 X:0E68 Y:C42D S:0119 D:0000 DB:86 nvmxdizc V:  0 H:203 F:52
								84917E 29 FF 00    AND #$00FF             A:1EC2 X:0E68 Y:C42D S:0119 D:0000 DB:86 nvmxdizc V:  0 H:210 F:52
								849181 4A          LSR A                  A:00C2 X:0E68 Y:C42D S:0119 D:0000 DB:86 nvmxdizc V:  0 H:214 F:52
								849182 4A          LSR A                  A:0061 X:0E68 Y:C42D S:0119 D:0000 DB:86 nvmxdizc V:  0 H:217 F:52
								849183 4A          LSR A                  A:0030 X:0E68 Y:C42D S:0119 D:0000 DB:86 nvmxdizC V:  0 H:220 F:52
								849184 29 FE FF    AND #$FFFE             A:0018 X:0E68 Y:C42D S:0119 D:0000 DB:86 nvmxdizc V:  0 H:223 F:52
								849187 18          CLC                    A:0018 X:0E68 Y:C42D S:0119 D:0000 DB:86 nvmxdizc V:  0 H:228 F:52
								849188 65 04       ADC $04       [000004] A:0018 X:0E68 Y:C42D S:0119 D:0000 DB:86 nvmxdizc V:  0 H:231 F:52
								84918A 85 06       STA $06       [000006] A:0058 X:0E68 Y:C42D S:0119 D:0000 DB:86 nvmxdizc V:  0 H:238 F:52
								84918C A5 00       LDA $00       [000000] A:0058 X:0E68 Y:C42D S:0119 D:0000 DB:86 nvmxdizc V:  0 H:245 F:52
								84918E EB          XBA                    A:1EC2 X:0E68 Y:C42D S:0119 D:0000 DB:86 nvmxdizc V:  0 H:252 F:52
								84918F 29 1F 00    AND #$001F             A:C21E X:0E68 Y:C42D S:0119 D:0000 DB:86 nvmxdizc V:  0 H:256 F:52
								849192 85 04       STA $04       [000004] A:001E X:0E68 Y:C42D S:0119 D:0000 DB:86 nvmxdizc V:  0 H:261 F:52
								849194 A5 02       LDA $02       [000002] A:001E X:0E68 Y:C42D S:0119 D:0000 DB:86 nvmxdizc V:  0 H:268 F:52
								849196 29 00 1F    AND #$1F00             A:012E X:0E68 Y:C42D S:0119 D:0000 DB:86 nvmxdizc V:  0 H:275 F:52
								849199 4A          LSR A                  A:0100 X:0E68 Y:C42D S:0119 D:0000 DB:86 nvmxdizc V:  0 H:279 F:52
								84919A 4A          LSR A                  A:0080 X:0E68 Y:C42D S:0119 D:0000 DB:86 nvmxdizc V:  0 H:282 F:52
								84919B 4A          LSR A                  A:0040 X:0E68 Y:C42D S:0119 D:0000 DB:86 nvmxdizc V:  0 H:285 F:52
								84919C 18          CLC                    A:0020 X:0E68 Y:C42D S:0119 D:0000 DB:86 nvmxdizc V:  0 H:288 F:52
								84919D 65 04       ADC $04       [000004] A:0020 X:0E68 Y:C42D S:0119 D:0000 DB:86 nvmxdizc V:  0 H:291 F:52
								84919F A8          TAY                    A:003E X:0E68 Y:C42D S:0119 D:0000 DB:86 nvmxdizc V:  0 H:298 F:52
								8491A0 B7 10       LDA [$10],Y   [7EE83E] A:003E X:0E68 Y:003E S:0119 D:0000 DB:86 nvmxdizc V:  0 H:301 F:52
								8491A2 29 FF 00    AND #$00FF             A:0005 X:0E68 Y:003E S:0119 D:0000 DB:86 nvmxdizc V:  0 H:314 F:52
								8491A5 A8          TAY                    A:0005 X:0E68 Y:003E S:0119 D:0000 DB:86 nvmxdizc V:  0 H:319 F:52
								8491A6 EB          XBA                    A:0005 X:0E68 Y:0005 S:0119 D:0000 DB:86 nvmxdizc V:  0 H:322 F:52
								8491A7 0A          ASL A                  A:0500 X:0E68 Y:0005 S:0119 D:0000 DB:86 nvmxdiZc V:  0 H:326 F:52
								8491A8 18          CLC                    A:0A00 X:0E68 Y:0005 S:0119 D:0000 DB:86 nvmxdizc V:  0 H:328 F:52
								8491A9 65 06       ADC $06       [000006] A:0A00 X:0E68 Y:0005 S:0119 D:0000 DB:86 nvmxdizc V:  0 H:331 F:52
								8491AB AA          TAX                    A:0A58 X:0E68 Y:0005 S:0119 D:0000 DB:86 nvmxdizc V:  0 H:338 F:52
								8491AC 60          RTS                    A:0A58 X:0A58 Y:0005 S:0119 D:0000 DB:86 nvmxdizc V:  1 H:  1 F:52

							8490F9 BF 00 20 7E LDA $7E2000,X [7E2A58] A:0A58 X:0A58 Y:0005 S:011B D:0000 DB:86 nvmxdizc V:  1 H: 11 F:52
							8490FD A8          TAY                    A:02D0 X:0A58 Y:0005 S:011B D:0000 DB:86 nvmxdizc V:  1 H: 21 F:52
							8490FE AD 92 0B    LDA $0B92     [860B92] A:02D0 X:0A58 Y:02D0 S:011B D:0000 DB:86 nvmxdizc V:  1 H: 24 F:52
							849101 85 10       STA $10       [000010] A:EDC3 X:0A58 Y:02D0 S:011B D:0000 DB:86 Nvmxdizc V:  1 H: 33 F:52
							849103 AD 94 0B    LDA $0B94     [860B94] A:EDC3 X:0A58 Y:02D0 S:011B D:0000 DB:86 Nvmxdizc V:  1 H: 40 F:52
							849106 85 12       STA $12       [000012] A:E095 X:0A58 Y:02D0 S:011B D:0000 DB:86 Nvmxdizc V:  1 H: 48 F:52
							849108 B7 10       LDA [$10],Y   [95F093] A:E095 X:0A58 Y:02D0 S:011B D:0000 DB:86 Nvmxdizc V:  1 H: 55 F:52
							84910A 29 FF 00    AND #$00FF             A:0000 X:0A58 Y:02D0 S:011B D:0000 DB:86 nvmxdiZc V:  1 H: 67 F:52
							84910D 28          PLP                    A:0000 X:0A58 Y:02D0 S:011B D:0000 DB:86 nvmxdiZc V:  1 H: 72 F:52
							84910E FA          PLX                    A:0000 X:0A58 Y:02D0 S:011C D:0000 DB:86 nvMxdizC V:  1 H: 78 F:52
							84910F 2B          PLD                    A:0000 X:0E68 Y:02D0 S:011E D:0000 DB:86 nvMxdizC V:  1 H: 87 F:52
							849110 60          RTS                    A:0000 X:0E68 Y:02D0 S:0120 D:0000 DB:86 nvMxdiZC V:  1 H: 95 F:52

						849318 B4 05       LDY $05,X     [000E6D] A:0000 X:0E68 Y:02D0 S:0122 D:0000 DB:86 nvMxdiZC V:  1 H:105 F:52
						84931A 84 10       STY $10       [000010] A:0000 X:0E68 Y:1EB4 S:0122 D:0000 DB:86 nvMxdizC V:  1 H:114 F:52
						84931C B4 08       LDY $08,X     [000E70] A:0000 X:0E68 Y:1EB4 S:0122 D:0000 DB:86 nvMxdizC V:  1 H:121 F:52
						84931E 84 12       STY $12       [000012] A:0000 X:0E68 Y:0120 S:0122 D:0000 DB:86 nvMxdizC V:  1 H:129 F:52
						849320 95 2D       STA $2D,X     [000E95] A:0000 X:0E68 Y:0120 S:0122 D:0000 DB:86 nvMxdizC V:  1 H:146 F:52
						849322 86 2C       STX $2C       [00002C] A:0000 X:0E68 Y:0120 S:0122 D:0000 DB:86 nvMxdizC V:  1 H:153 F:52
						849324 29 3F       AND #$3F               A:0000 X:0E68 Y:0120 S:0122 D:0000 DB:86 nvMxdizC V:  1 H:160 F:52
						849326 0A          ASL A                  A:0000 X:0E68 Y:0120 S:0122 D:0000 DB:86 nvMxdiZC V:  1 H:163 F:52
						849327 EB          XBA                    A:0000 X:0E68 Y:0120 S:0122 D:0000 DB:86 nvMxdiZc V:  1 H:166 F:52
						849328 A9 00       LDA #$00               A:0000 X:0E68 Y:0120 S:0122 D:0000 DB:86 nvMxdiZc V:  1 H:170 F:52
						84932A EB          XBA                    A:0000 X:0E68 Y:0120 S:0122 D:0000 DB:86 nvMxdiZc V:  1 H:173 F:52
						84932B AA          TAX                    A:0000 X:0E68 Y:0120 S:0122 D:0000 DB:86 nvMxdiZc V:  1 H:178 F:52
						84932C FC 5D 93    JSR ($935D,X) [84935D] A:0000 X:0000 Y:0120 S:0122 D:0000 DB:86 nvMxdiZc V:  1 H:181 F:52

							84977A A9 00       LDA #$00               A:0000 X:0000 Y:0120 S:0120 D:0000 DB:86 nvMxdiZc V:  1 H:194 F:52
							84977C 60          RTS                    A:0000 X:0000 Y:0120 S:0120 D:0000 DB:86 nvMxdiZc V:  1 H:197 F:52

						84932F 08          PHP                    A:0000 X:0000 Y:0120 S:0122 D:0000 DB:86 nvMxdiZc V:  1 H:207 F:52
						849330 A6 2C       LDX $2C       [00002C] A:0000 X:0000 Y:0120 S:0121 D:0000 DB:86 nvMxdiZc V:  1 H:212 F:52
						849332 A9 01       LDA #$01               A:0000 X:0E68 Y:0120 S:0121 D:0000 DB:86 nvMxdizc V:  1 H:219 F:52
						849334 34 29       BIT $29,X     [000E91] A:0001 X:0E68 Y:0120 S:0121 D:0000 DB:86 nvMxdizc V:  1 H:222 F:52
						849336 10 02       BPL $0002     [84933A] A:0001 X:0E68 Y:0120 S:0121 D:0000 DB:86 nvMxdiZc V:  1 H:228 F:52
						84933A 28          PLP                    A:0001 X:0E68 Y:0120 S:0121 D:0000 DB:86 nvMxdiZc V:  1 H:233 F:52
						84933B F0 0C       BEQ $000C     [849349] A:0001 X:0E68 Y:0120 S:0122 D:0000 DB:86 nvMxdiZc V:  1 H:239 F:52
						849349 49 FF       EOR #$FF               A:0001 X:0E68 Y:0120 S:0122 D:0000 DB:86 nvMxdiZc V:  1 H:244 F:52
						84934B 35 2B       AND $2B,X     [000E93] A:00FE X:0E68 Y:0120 S:0122 D:0000 DB:86 NvMxdizc V:  1 H:247 F:52
						84934D 95 2B       STA $2B,X     [000E93] A:0000 X:0E68 Y:0120 S:0122 D:0000 DB:86 nvMxdiZc V:  1 H:253 F:52
						84934F 20 08 93    JSR $9308     [849308] A:0000 X:0E68 Y:0120 S:0122 D:0000 DB:86 nvMxdiZc V:  1 H:260 F:52

							849308 A5 14       LDA $14       [000014] A:0000 X:0E68 Y:0120 S:0120 D:0000 DB:86 nvMxdiZc V:  1 H:270 F:52
							84930A F0 08       BEQ $0008     [849314] A:0000 X:0E68 Y:0120 S:0120 D:0000 DB:86 nvMxdiZc V:  1 H:275 F:52
							849314 60          RTS                    A:0000 X:0E68 Y:0120 S:0120 D:0000 DB:86 nvMxdiZc V:  1 H:279 F:52

						849352 A9 00       LDA #$00               A:0000 X:0E68 Y:0120 S:0122 D:0000 DB:86 nvMxdiZc V:  1 H:289 F:52
						849354 60          RTS                    A:0000 X:0E68 Y:0120 S:0122 D:0000 DB:86 nvMxdiZc V:  1 H:292 F:52

					849305 C2 30       REP #$30               A:0000 X:0E68 Y:0120 S:0124 D:0000 DB:86 nvMxdiZc V:  1 H:302 F:52
					849307 60          RTS                    A:0000 X:0E68 Y:0120 S:0124 D:0000 DB:86 nvmxdiZc V:  1 H:307 F:52

				8491D8 20 ED 91    JSR $91ED     [8491ED] A:0000 X:0E68 Y:0120 S:0126 D:0000 DB:86 nvmxdiZc V:  1 H:317 F:52

					8491ED B5 08       LDA $08,X     [000E70] A:0000 X:0E68 Y:0120 S:0124 D:0000 DB:86 nvmxdiZc V:  1 H:326 F:52
					8491EF D5 24       CMP $24,X     [000E8C] A:0120 X:0E68 Y:0120 S:0124 D:0000 DB:86 nvmxdizc V:  1 H:334 F:52
					8491F1 F0 F2       BEQ $00F2     [8491E5] A:0120 X:0E68 Y:0120 S:0124 D:0000 DB:86 nvmxdiZC V:  2 H:  3 F:52
					8491E5 B5 1C       LDA $1C,X     [000E84] A:0120 X:0E68 Y:0120 S:0124 D:0000 DB:86 nvmxdiZC V:  2 H:  7 F:52
					8491E7 F0 F5       BEQ $00F5     [8491DE] A:FFFE X:0E68 Y:0120 S:0124 D:0000 DB:86 NvmxdizC V:  2 H: 16 F:52
					8491E9 10 0A       BPL $000A     [8491F5] A:FFFE X:0E68 Y:0120 S:0124 D:0000 DB:86 NvmxdizC V:  2 H: 19 F:52
					8491EB 80 55       BRA $0055     [849242] A:FFFE X:0E68 Y:0120 S:0124 D:0000 DB:86 NvmxdizC V:  2 H: 22 F:52
					849242 E2 20       SEP #$20               A:FFFE X:0E68 Y:0120 S:0124 D:0000 DB:86 NvmxdizC V:  2 H: 26 F:52
					849244 A0 04 00    LDY #$0004             A:FFFE X:0E68 Y:0120 S:0124 D:0000 DB:86 NvMxdizC V:  2 H: 31 F:52
					849247 AD 1C 1F    LDA $1F1C     [861F1C] A:FFFE X:0E68 Y:0004 S:0124 D:0000 DB:86 nvMxdizC V:  2 H: 35 F:52
					84924A F0 03       BEQ $0003     [84924F] A:FF00 X:0E68 Y:0004 S:0124 D:0000 DB:86 nvMxdiZC V:  2 H: 42 F:52
					84924F B5 2F       LDA $2F,X     [000E97] A:FF00 X:0E68 Y:0004 S:0124 D:0000 DB:86 nvMxdiZC V:  2 H: 46 F:52
					849251 F0 03       BEQ $0003     [849256] A:FFFF X:0E68 Y:0004 S:0124 D:0000 DB:86 NvMxdizC V:  2 H: 53 F:52
					849253 A0 00 00    LDY #$0000             A:FFFF X:0E68 Y:0004 S:0124 D:0000 DB:86 NvMxdizC V:  2 H: 56 F:52
					849256 98          TYA                    A:FFFF X:0E68 Y:0000 S:0124 D:0000 DB:86 nvMxdiZC V:  2 H: 60 F:52
					849257 09 80       ORA #$80               A:FF00 X:0E68 Y:0000 S:0124 D:0000 DB:86 nvMxdiZC V:  2 H: 63 F:52
					849259 85 08       STA $08       [000008] A:FF80 X:0E68 Y:0000 S:0124 D:0000 DB:86 NvMxdizC V:  2 H: 66 F:52
					84925B B4 20       LDY $20,X     [000E88] A:FF80 X:0E68 Y:0000 S:0124 D:0000 DB:86 NvMxdizC V:  2 H: 71 F:52
					84925D B9 06 00    LDA $0006,Y   [86C433] A:FF80 X:0E68 Y:C42D S:0124 D:0000 DB:86 NvMxdizC V:  2 H: 80 F:52
					849260 18          CLC                    A:FF02 X:0E68 Y:C42D S:0124 D:0000 DB:86 nvMxdizC V:  2 H: 87 F:52
					849261 79 08 00    ADC $0008,Y   [86C435] A:FF02 X:0E68 Y:C42D S:0124 D:0000 DB:86 nvMxdizc V:  2 H: 90 F:52
					849264 95 2A       STA $2A,X     [000E92] A:FF13 X:0E68 Y:C42D S:0124 D:0000 DB:86 nvMxdizc V:  2 H: 98 F:52
					849266 B9 05 00    LDA $0005,Y   [86C432] A:FF13 X:0E68 Y:C42D S:0124 D:0000 DB:86 nvMxdizc V:  2 H:104 F:52
					849269 34 11       BIT $11,X     [000E79] A:FF00 X:0E68 Y:C42D S:0124 D:0000 DB:86 nvMxdiZc V:  2 H:112 F:52
					84926B 50 03       BVC $0003     [849270] A:FF00 X:0E68 Y:C42D S:0124 D:0000 DB:86 nVMxdiZc V:  2 H:118 F:52
					84926D 49 FF       EOR #$FF               A:FF00 X:0E68 Y:C42D S:0124 D:0000 DB:86 nVMxdiZc V:  2 H:121 F:52
					84926F 1A          INC                    A:FFFF X:0E68 Y:C42D S:0124 D:0000 DB:86 NVMxdizc V:  2 H:124 F:52
					849270 95 29       STA $29,X     [000E91] A:FF00 X:0E68 Y:C42D S:0124 D:0000 DB:86 nVMxdiZc V:  2 H:127 F:52
					849272 20 C4 95    JSR $95C4     [8495C4] A:FF00 X:0E68 Y:C42D S:0124 D:0000 DB:86 nVMxdiZc V:  2 H:134 F:52

						8495C4 B5 2A       LDA $2A,X     [000E92] A:FF00 X:0E68 Y:C42D S:0122 D:0000 DB:86 nVMxdiZc V:  2 H:154 F:52
						8495C6 48          PHA                    A:FF13 X:0E68 Y:C42D S:0122 D:0000 DB:86 nVMxdizc V:  2 H:160 F:52
						8495C7 A5 08       LDA $08       [000008] A:FF13 X:0E68 Y:C42D S:0121 D:0000 DB:86 nVMxdizc V:  2 H:165 F:52
						8495C9 29 7F       AND #$7F               A:FF80 X:0E68 Y:C42D S:0121 D:0000 DB:86 NVMxdizc V:  2 H:170 F:52
						8495CB 18          CLC                    A:FF00 X:0E68 Y:C42D S:0121 D:0000 DB:86 nVMxdiZc V:  2 H:173 F:52
						8495CC 75 2A       ADC $2A,X     [000E92] A:FF00 X:0E68 Y:C42D S:0121 D:0000 DB:86 nVMxdiZc V:  2 H:176 F:52
						8495CE 95 2A       STA $2A,X     [000E92] A:FF13 X:0E68 Y:C42D S:0121 D:0000 DB:86 nvMxdizc V:  2 H:183 F:52
						8495D0 20 B3 90    JSR $90B3     [8490B3] A:FF13 X:0E68 Y:C42D S:0121 D:0000 DB:86 nvMxdizc V:  2 H:189 F:52

							8490B3 0B          PHD                    A:FF13 X:0E68 Y:C42D S:011F D:0000 DB:86 nvMxdizc V:  2 H:199 F:52
							8490B4 DA          PHX                    A:FF13 X:0E68 Y:C42D S:011D D:0000 DB:86 nvMxdizc V:  2 H:206 F:52
							8490B5 08          PHP                    A:FF13 X:0E68 Y:C42D S:011B D:0000 DB:86 nvMxdizc V:  2 H:213 F:52
							8490B6 E2 20       SEP #$20               A:FF13 X:0E68 Y:C42D S:011A D:0000 DB:86 nvMxdizc V:  2 H:218 F:52
							8490B8 C2 10       REP #$10               A:FF13 X:0E68 Y:C42D S:011A D:0000 DB:86 nvMxdizc V:  2 H:223 F:52
							8490BA 64 01       STZ $01       [000001] A:FF13 X:0E68 Y:C42D S:011A D:0000 DB:86 nvMxdizc V:  2 H:227 F:52
							8490BC B5 29       LDA $29,X     [000E91] A:FF13 X:0E68 Y:C42D S:011A D:0000 DB:86 nvMxdizc V:  2 H:232 F:52
							8490BE 10 02       BPL $0002     [8490C2] A:FF00 X:0E68 Y:C42D S:011A D:0000 DB:86 nvMxdiZc V:  2 H:239 F:52
							8490C2 18          CLC                    A:FF00 X:0E68 Y:C42D S:011A D:0000 DB:86 nvMxdiZc V:  2 H:243 F:52
							8490C3 75 05       ADC $05,X     [000E6D] A:FF00 X:0E68 Y:C42D S:011A D:0000 DB:86 nvMxdiZc V:  2 H:246 F:52
							8490C5 85 00       STA $00       [000000] A:FFB4 X:0E68 Y:C42D S:011A D:0000 DB:86 NvMxdizc V:  2 H:253 F:52
							8490C7 B5 06       LDA $06,X     [000E6E] A:FFB4 X:0E68 Y:C42D S:011A D:0000 DB:86 NvMxdizc V:  2 H:258 F:52
							8490C9 65 01       ADC $01       [000001] A:FF1E X:0E68 Y:C42D S:011A D:0000 DB:86 nvMxdizc V:  2 H:264 F:52
							8490CB 85 01       STA $01       [000001] A:FF1E X:0E68 Y:C42D S:011A D:0000 DB:86 nvMxdizc V:  2 H:269 F:52
							8490CD 64 03       STZ $03       [000003] A:FF1E X:0E68 Y:C42D S:011A D:0000 DB:86 nvMxdizc V:  2 H:274 F:52
							8490CF B5 2A       LDA $2A,X     [000E92] A:FF1E X:0E68 Y:C42D S:011A D:0000 DB:86 nvMxdizc V:  2 H:279 F:52
							8490D1 10 02       BPL $0002     [8490D5] A:FF13 X:0E68 Y:C42D S:011A D:0000 DB:86 nvMxdizc V:  2 H:286 F:52
							8490D5 18          CLC                    A:FF13 X:0E68 Y:C42D S:011A D:0000 DB:86 nvMxdizc V:  2 H:290 F:52
							8490D6 75 08       ADC $08,X     [000E70] A:FF13 X:0E68 Y:C42D S:011A D:0000 DB:86 nvMxdizc V:  2 H:293 F:52
							8490D8 85 02       STA $02       [000002] A:FF33 X:0E68 Y:C42D S:011A D:0000 DB:86 nvMxdizc V:  2 H:300 F:52
							8490DA 29 F0       AND #$F0               A:FF33 X:0E68 Y:C42D S:011A D:0000 DB:86 nvMxdizc V:  2 H:305 F:52
							8490DC 85 0A       STA $0A       [00000A] A:FF30 X:0E68 Y:C42D S:011A D:0000 DB:86 nvMxdizc V:  2 H:308 F:52
							8490DE B5 09       LDA $09,X     [000E71] A:FF30 X:0E68 Y:C42D S:011A D:0000 DB:86 nvMxdizc V:  2 H:313 F:52
							8490E0 65 03       ADC $03       [000003] A:FF01 X:0E68 Y:C42D S:011A D:0000 DB:86 nvMxdizc V:  2 H:319 F:52
							8490E2 85 03       STA $03       [000003] A:FF01 X:0E68 Y:C42D S:011A D:0000 DB:86 nvMxdizc V:  2 H:324 F:52
							8490E4 85 0B       STA $0B       [00000B] A:FF01 X:0E68 Y:C42D S:011A D:0000 DB:86 nvMxdizc V:  2 H:328 F:52
							8490E6 A5 00       LDA $00       [000000] A:FF01 X:0E68 Y:C42D S:011A D:0000 DB:86 nvMxdizc V:  2 H:333 F:52
							8490E8 29 0F       AND #$0F               A:FFB4 X:0E68 Y:C42D S:011A D:0000 DB:86 NvMxdizc V:  2 H:338 F:52
							8490EA 1A          INC                    A:FF04 X:0E68 Y:C42D S:011A D:0000 DB:86 nvMxdizc V:  3 H:  1 F:52
							8490EB 85 0C       STA $0C       [00000C] A:FF05 X:0E68 Y:C42D S:011A D:0000 DB:86 nvMxdizc V:  3 H:  4 F:52
							8490ED A5 02       LDA $02       [000002] A:FF05 X:0E68 Y:C42D S:011A D:0000 DB:86 nvMxdizc V:  3 H:  9 F:52
							8490EF 29 0F       AND #$0F               A:FF33 X:0E68 Y:C42D S:011A D:0000 DB:86 nvMxdizc V:  3 H: 14 F:52
							8490F1 1A          INC                    A:FF03 X:0E68 Y:C42D S:011A D:0000 DB:86 nvMxdizc V:  3 H: 17 F:52
							8490F2 85 0E       STA $0E       [00000E] A:FF04 X:0E68 Y:C42D S:011A D:0000 DB:86 nvMxdizc V:  3 H: 20 F:52
							8490F4 C2 20       REP #$20               A:FF04 X:0E68 Y:C42D S:011A D:0000 DB:86 nvMxdizc V:  3 H: 25 F:52
							8490F6 20 6A 91    JSR $916A     [84916A] A:FF04 X:0E68 Y:C42D S:011A D:0000 DB:86 nvmxdizc V:  3 H: 30 F:52

								84916A A9 00 E8    LDA #$E800             A:FF04 X:0E68 Y:C42D S:0118 D:0000 DB:86 nvmxdizc V:  3 H: 40 F:52
								84916D 85 10       STA $10       [000010] A:E800 X:0E68 Y:C42D S:0118 D:0000 DB:86 Nvmxdizc V:  3 H: 44 F:52
								84916F A9 7E 00    LDA #$007E             A:E800 X:0E68 Y:C42D S:0118 D:0000 DB:86 Nvmxdizc V:  3 H: 51 F:52
								849172 85 12       STA $12       [000012] A:007E X:0E68 Y:C42D S:0118 D:0000 DB:86 nvmxdizc V:  3 H: 56 F:52
								849174 A5 02       LDA $02       [000002] A:007E X:0E68 Y:C42D S:0118 D:0000 DB:86 nvmxdizc V:  3 H: 63 F:52
								849176 29 F0 00    AND #$00F0             A:0133 X:0E68 Y:C42D S:0118 D:0000 DB:86 nvmxdizc V:  3 H: 70 F:52
								849179 0A          ASL A                  A:0030 X:0E68 Y:C42D S:0118 D:0000 DB:86 nvmxdizc V:  3 H: 74 F:52
								84917A 85 04       STA $04       [000004] A:0060 X:0E68 Y:C42D S:0118 D:0000 DB:86 nvmxdizc V:  3 H: 77 F:52
								84917C A5 00       LDA $00       [000000] A:0060 X:0E68 Y:C42D S:0118 D:0000 DB:86 nvmxdizc V:  3 H: 84 F:52
								84917E 29 FF 00    AND #$00FF             A:1EB4 X:0E68 Y:C42D S:0118 D:0000 DB:86 nvmxdizc V:  3 H: 91 F:52
								849181 4A          LSR A                  A:00B4 X:0E68 Y:C42D S:0118 D:0000 DB:86 nvmxdizc V:  3 H: 96 F:52
								849182 4A          LSR A                  A:005A X:0E68 Y:C42D S:0118 D:0000 DB:86 nvmxdizc V:  3 H: 99 F:52
								849183 4A          LSR A                  A:002D X:0E68 Y:C42D S:0118 D:0000 DB:86 nvmxdizc V:  3 H:102 F:52
								849184 29 FE FF    AND #$FFFE             A:0016 X:0E68 Y:C42D S:0118 D:0000 DB:86 nvmxdizC V:  3 H:105 F:52
								849187 18          CLC                    A:0016 X:0E68 Y:C42D S:0118 D:0000 DB:86 nvmxdizC V:  3 H:109 F:52
								849188 65 04       ADC $04       [000004] A:0016 X:0E68 Y:C42D S:0118 D:0000 DB:86 nvmxdizc V:  3 H:112 F:52
								84918A 85 06       STA $06       [000006] A:0076 X:0E68 Y:C42D S:0118 D:0000 DB:86 nvmxdizc V:  3 H:119 F:52
								84918C A5 00       LDA $00       [000000] A:0076 X:0E68 Y:C42D S:0118 D:0000 DB:86 nvmxdizc V:  3 H:126 F:52
								84918E EB          XBA                    A:1EB4 X:0E68 Y:C42D S:0118 D:0000 DB:86 nvmxdizc V:  3 H:143 F:52
								84918F 29 1F 00    AND #$001F             A:B41E X:0E68 Y:C42D S:0118 D:0000 DB:86 nvmxdizc V:  3 H:148 F:52
								849192 85 04       STA $04       [000004] A:001E X:0E68 Y:C42D S:0118 D:0000 DB:86 nvmxdizc V:  3 H:152 F:52
								849194 A5 02       LDA $02       [000002] A:001E X:0E68 Y:C42D S:0118 D:0000 DB:86 nvmxdizc V:  3 H:159 F:52
								849196 29 00 1F    AND #$1F00             A:0133 X:0E68 Y:C42D S:0118 D:0000 DB:86 nvmxdizc V:  3 H:166 F:52
								849199 4A          LSR A                  A:0100 X:0E68 Y:C42D S:0118 D:0000 DB:86 nvmxdizc V:  3 H:171 F:52
								84919A 4A          LSR A                  A:0080 X:0E68 Y:C42D S:0118 D:0000 DB:86 nvmxdizc V:  3 H:174 F:52
								84919B 4A          LSR A                  A:0040 X:0E68 Y:C42D S:0118 D:0000 DB:86 nvmxdizc V:  3 H:177 F:52
								84919C 18          CLC                    A:0020 X:0E68 Y:C42D S:0118 D:0000 DB:86 nvmxdizc V:  3 H:180 F:52
								84919D 65 04       ADC $04       [000004] A:0020 X:0E68 Y:C42D S:0118 D:0000 DB:86 nvmxdizc V:  3 H:183 F:52
								84919F A8          TAY                    A:003E X:0E68 Y:C42D S:0118 D:0000 DB:86 nvmxdizc V:  3 H:190 F:52
								8491A0 B7 10       LDA [$10],Y   [7EE83E] A:003E X:0E68 Y:003E S:0118 D:0000 DB:86 nvmxdizc V:  3 H:193 F:52
								8491A2 29 FF 00    AND #$00FF             A:0005 X:0E68 Y:003E S:0118 D:0000 DB:86 nvmxdizc V:  3 H:206 F:52
								8491A5 A8          TAY                    A:0005 X:0E68 Y:003E S:0118 D:0000 DB:86 nvmxdizc V:  3 H:210 F:52
								8491A6 EB          XBA                    A:0005 X:0E68 Y:0005 S:0118 D:0000 DB:86 nvmxdizc V:  3 H:213 F:52
								8491A7 0A          ASL A                  A:0500 X:0E68 Y:0005 S:0118 D:0000 DB:86 nvmxdiZc V:  3 H:218 F:52
								8491A8 18          CLC                    A:0A00 X:0E68 Y:0005 S:0118 D:0000 DB:86 nvmxdizc V:  3 H:221 F:52
								8491A9 65 06       ADC $06       [000006] A:0A00 X:0E68 Y:0005 S:0118 D:0000 DB:86 nvmxdizc V:  3 H:224 F:52
								8491AB AA          TAX                    A:0A76 X:0E68 Y:0005 S:0118 D:0000 DB:86 nvmxdizc V:  3 H:231 F:52
								8491AC 60          RTS                    A:0A76 X:0A76 Y:0005 S:0118 D:0000 DB:86 nvmxdizc V:  3 H:234 F:52

							8490F9 BF 00 20 7E LDA $7E2000,X [7E2A76] A:0A76 X:0A76 Y:0005 S:011A D:0000 DB:86 nvmxdizc V:  3 H:244 F:52
							8490FD A8          TAY                    A:02AF X:0A76 Y:0005 S:011A D:0000 DB:86 nvmxdizc V:  3 H:254 F:52
							8490FE AD 92 0B    LDA $0B92     [860B92] A:02AF X:0A76 Y:02AF S:011A D:0000 DB:86 nvmxdizc V:  3 H:257 F:52
							849101 85 10       STA $10       [000010] A:EDC3 X:0A76 Y:02AF S:011A D:0000 DB:86 Nvmxdizc V:  3 H:265 F:52
							849103 AD 94 0B    LDA $0B94     [860B94] A:EDC3 X:0A76 Y:02AF S:011A D:0000 DB:86 Nvmxdizc V:  3 H:272 F:52
							849106 85 12       STA $12       [000012] A:E095 X:0A76 Y:02AF S:011A D:0000 DB:86 Nvmxdizc V:  3 H:281 F:52
							849108 B7 10       LDA [$10],Y   [95F072] A:E095 X:0A76 Y:02AF S:011A D:0000 DB:86 Nvmxdizc V:  3 H:288 F:52
							84910A 29 FF 00    AND #$00FF             A:0000 X:0A76 Y:02AF S:011A D:0000 DB:86 nvmxdiZc V:  3 H:300 F:52
							84910D 28          PLP                    A:0000 X:0A76 Y:02AF S:011A D:0000 DB:86 nvmxdiZc V:  3 H:304 F:52
							84910E FA          PLX                    A:0000 X:0A76 Y:02AF S:011B D:0000 DB:86 nvMxdizc V:  3 H:311 F:52
							84910F 2B          PLD                    A:0000 X:0E68 Y:02AF S:011D D:0000 DB:86 nvMxdizc V:  3 H:319 F:52
							849110 60          RTS                    A:0000 X:0E68 Y:02AF S:011F D:0000 DB:86 nvMxdiZc V:  3 H:327 F:52

						8495D3 95 2E       STA $2E,X     [000E96] A:0000 X:0E68 Y:02AF S:0121 D:0000 DB:86 nvMxdiZc V:  3 H:337 F:52
						8495D5 85 18       STA $18       [000018] A:0000 X:0E68 Y:02AF S:0121 D:0000 DB:86 nvMxdiZc V:  4 H:  3 F:52
						8495D7 29 3F       AND #$3F               A:0000 X:0E68 Y:02AF S:0121 D:0000 DB:86 nvMxdiZc V:  4 H:  8 F:52
						8495D9 0A          ASL A                  A:0000 X:0E68 Y:02AF S:0121 D:0000 DB:86 nvMxdiZc V:  4 H: 11 F:52
						8495DA EB          XBA                    A:0000 X:0E68 Y:02AF S:0121 D:0000 DB:86 nvMxdiZc V:  4 H: 14 F:52
						8495DB A9 00       LDA #$00               A:0000 X:0E68 Y:02AF S:0121 D:0000 DB:86 nvMxdiZc V:  4 H: 19 F:52
						8495DD EB          XBA                    A:0000 X:0E68 Y:02AF S:0121 D:0000 DB:86 nvMxdiZc V:  4 H: 22 F:52
						8495DE A8          TAY                    A:0000 X:0E68 Y:02AF S:0121 D:0000 DB:86 nvMxdiZc V:  4 H: 26 F:52
						8495DF 84 28       STY $28       [000028] A:0000 X:0E68 Y:0000 S:0121 D:0000 DB:86 nvMxdiZc V:  4 H: 29 F:52
						8495E1 86 2C       STX $2C       [00002C] A:0000 X:0E68 Y:0000 S:0121 D:0000 DB:86 nvMxdiZc V:  4 H: 36 F:52
						8495E3 68          PLA                    A:0000 X:0E68 Y:0000 S:0121 D:0000 DB:86 nvMxdiZc V:  4 H: 43 F:52
						8495E4 95 2A       STA $2A,X     [000E92] A:0013 X:0E68 Y:0000 S:0122 D:0000 DB:86 nvMxdizc V:  4 H: 50 F:52
						8495E6 A6 2C       LDX $2C       [00002C] A:0013 X:0E68 Y:0000 S:0122 D:0000 DB:86 nvMxdizc V:  4 H: 56 F:52
						8495E8 A9 FB       LDA #$FB               A:0013 X:0E68 Y:0000 S:0122 D:0000 DB:86 nvMxdizc V:  4 H: 63 F:52
						8495EA 35 2B       AND $2B,X     [000E93] A:00FB X:0E68 Y:0000 S:0122 D:0000 DB:86 NvMxdizc V:  4 H: 66 F:52
						8495EC 95 2B       STA $2B,X     [000E93] A:0000 X:0E68 Y:0000 S:0122 D:0000 DB:86 nvMxdiZc V:  4 H: 73 F:52
						8495EE 64 01       STZ $01       [000001] A:0000 X:0E68 Y:0000 S:0122 D:0000 DB:86 nvMxdiZc V:  4 H: 79 F:52
						8495F0 B5 2A       LDA $2A,X     [000E92] A:0000 X:0E68 Y:0000 S:0122 D:0000 DB:86 nvMxdiZc V:  4 H: 84 F:52
						8495F2 85 02       STA $02       [000002] A:0013 X:0E68 Y:0000 S:0122 D:0000 DB:86 nvMxdizc V:  4 H: 91 F:52
						8495F4 64 03       STZ $03       [000003] A:0013 X:0E68 Y:0000 S:0122 D:0000 DB:86 nvMxdizc V:  4 H: 96 F:52
						8495F6 B4 05       LDY $05,X     [000E6D] A:0013 X:0E68 Y:0000 S:0122 D:0000 DB:86 nvMxdizc V:  4 H:101 F:52
						8495F8 84 10       STY $10       [000010] A:0013 X:0E68 Y:1EB4 S:0122 D:0000 DB:86 nvMxdizc V:  4 H:109 F:52
						8495FA B4 08       LDY $08,X     [000E70] A:0013 X:0E68 Y:1EB4 S:0122 D:0000 DB:86 nvMxdizc V:  4 H:116 F:52
						8495FC 84 12       STY $12       [000012] A:0013 X:0E68 Y:0120 S:0122 D:0000 DB:86 nvMxdizc V:  4 H:125 F:52
						8495FE A6 28       LDX $28       [000028] A:0013 X:0E68 Y:0120 S:0122 D:0000 DB:86 nvMxdizc V:  4 H:132 F:52
						849600 FC 1C 96    JSR ($961C,X) [84961C] A:0013 X:0000 Y:0120 S:0122 D:0000 DB:86 nvMxdiZc V:  4 H:149 F:52

							84969C AD 1C 1F    LDA $1F1C     [861F1C] A:0013 X:0000 Y:0120 S:0120 D:0000 DB:86 nvMxdiZc V:  4 H:162 F:52
							84969F F0 11       BEQ $0011     [8496B2] A:0000 X:0000 Y:0120 S:0120 D:0000 DB:86 nvMxdiZc V:  4 H:168 F:52
							8496B2 A9 00       LDA #$00               A:0000 X:0000 Y:0120 S:0120 D:0000 DB:86 nvMxdiZc V:  4 H:173 F:52
							8496B4 60          RTS                    A:0000 X:0000 Y:0120 S:0120 D:0000 DB:86 nvMxdiZc V:  4 H:176 F:52

						849603 F0 11       BEQ $0011     [849616] A:0000 X:0000 Y:0120 S:0122 D:0000 DB:86 nvMxdiZc V:  4 H:186 F:52
						849616 A6 2C       LDX $2C       [00002C] A:0000 X:0000 Y:0120 S:0122 D:0000 DB:86 nvMxdiZc V:  4 H:190 F:52
						849618 20 08 93    JSR $9308     [849308] A:0000 X:0E68 Y:0120 S:0122 D:0000 DB:86 nvMxdizc V:  4 H:197 F:52

							849308 A5 14       LDA $14       [000014] A:0000 X:0E68 Y:0120 S:0120 D:0000 DB:86 nvMxdizc V:  4 H:207 F:52
							84930A F0 08       BEQ $0008     [849314] A:0000 X:0E68 Y:0120 S:0120 D:0000 DB:86 nvMxdiZc V:  4 H:212 F:52
							849314 60          RTS                    A:0000 X:0E68 Y:0120 S:0120 D:0000 DB:86 nvMxdiZc V:  4 H:217 F:52

						84961B 60          RTS                    A:0000 X:0E68 Y:0120 S:0122 D:0000 DB:86 nvMxdiZc V:  4 H:227 F:52

					849275 D0 32       BNE $0032     [8492A9] A:0000 X:0E68 Y:0120 S:0124 D:0000 DB:86 nvMxdiZc V:  4 H:237 F:52
					849277 A5 08       LDA $08       [000008] A:0000 X:0E68 Y:0120 S:0124 D:0000 DB:86 nvMxdiZc V:  4 H:240 F:52
					849279 29 7F       AND #$7F               A:0080 X:0E68 Y:0120 S:0124 D:0000 DB:86 NvMxdizc V:  4 H:245 F:52
					84927B 85 08       STA $08       [000008] A:0000 X:0E68 Y:0120 S:0124 D:0000 DB:86 nvMxdiZc V:  4 H:248 F:52
					84927D B4 20       LDY $20,X     [000E88] A:0000 X:0E68 Y:0120 S:0124 D:0000 DB:86 nvMxdiZc V:  4 H:253 F:52
					84927F B9 05 00    LDA $0005,Y   [86C432] A:0000 X:0E68 Y:C42D S:0124 D:0000 DB:86 NvMxdizc V:  4 H:261 F:52
					849282 34 11       BIT $11,X     [000E79] A:0000 X:0E68 Y:C42D S:0124 D:0000 DB:86 nvMxdiZc V:  4 H:269 F:52
					849284 50 03       BVC $0003     [849289] A:0000 X:0E68 Y:C42D S:0124 D:0000 DB:86 nVMxdiZc V:  4 H:275 F:52
					849286 49 FF       EOR #$FF               A:0000 X:0E68 Y:C42D S:0124 D:0000 DB:86 nVMxdiZc V:  4 H:278 F:52
					849288 1A          INC                    A:00FF X:0E68 Y:C42D S:0124 D:0000 DB:86 NVMxdizc V:  4 H:281 F:52
					849289 38          SEC                    A:0000 X:0E68 Y:C42D S:0124 D:0000 DB:86 nVMxdiZc V:  4 H:284 F:52
					84928A F9 07 00    SBC $0007,Y   [86C434] A:0000 X:0E68 Y:C42D S:0124 D:0000 DB:86 nVMxdiZC V:  4 H:287 F:52
					84928D 95 29       STA $29,X     [000E91] A:00F2 X:0E68 Y:C42D S:0124 D:0000 DB:86 NvMxdizc V:  4 H:295 F:52
					84928F 20 C4 95    JSR $95C4     [8495C4] A:00F2 X:0E68 Y:C42D S:0124 D:0000 DB:86 NvMxdizc V:  4 H:301 F:52

						8495C4 B5 2A       LDA $2A,X     [000E92] A:00F2 X:0E68 Y:C42D S:0122 D:0000 DB:86 NvMxdizc V:  4 H:311 F:52
						8495C6 48          PHA                    A:0013 X:0E68 Y:C42D S:0122 D:0000 DB:86 nvMxdizc V:  4 H:318 F:52
						8495C7 A5 08       LDA $08       [000008] A:0013 X:0E68 Y:C42D S:0121 D:0000 DB:86 nvMxdizc V:  4 H:323 F:52
						8495C9 29 7F       AND #$7F               A:0000 X:0E68 Y:C42D S:0121 D:0000 DB:86 nvMxdiZc V:  4 H:327 F:52
						8495CB 18          CLC                    A:0000 X:0E68 Y:C42D S:0121 D:0000 DB:86 nvMxdiZc V:  4 H:330 F:52
						8495CC 75 2A       ADC $2A,X     [000E92] A:0000 X:0E68 Y:C42D S:0121 D:0000 DB:86 nvMxdiZc V:  4 H:333 F:52
						8495CE 95 2A       STA $2A,X     [000E92] A:0013 X:0E68 Y:C42D S:0121 D:0000 DB:86 nvMxdizc V:  4 H:339 F:52
						8495D0 20 B3 90    JSR $90B3     [8490B3] A:0013 X:0E68 Y:C42D S:0121 D:0000 DB:86 nvMxdizc V:  5 H:  6 F:52

							8490B3 0B          PHD                    A:0013 X:0E68 Y:C42D S:011F D:0000 DB:86 nvMxdizc V:  5 H: 16 F:52
							8490B4 DA          PHX                    A:0013 X:0E68 Y:C42D S:011D D:0000 DB:86 nvMxdizc V:  5 H: 23 F:52
							8490B5 08          PHP                    A:0013 X:0E68 Y:C42D S:011B D:0000 DB:86 nvMxdizc V:  5 H: 30 F:52
							8490B6 E2 20       SEP #$20               A:0013 X:0E68 Y:C42D S:011A D:0000 DB:86 nvMxdizc V:  5 H: 35 F:52
							8490B8 C2 10       REP #$10               A:0013 X:0E68 Y:C42D S:011A D:0000 DB:86 nvMxdizc V:  5 H: 39 F:52
							8490BA 64 01       STZ $01       [000001] A:0013 X:0E68 Y:C42D S:011A D:0000 DB:86 nvMxdizc V:  5 H: 44 F:52
							8490BC B5 29       LDA $29,X     [000E91] A:0013 X:0E68 Y:C42D S:011A D:0000 DB:86 nvMxdizc V:  5 H: 49 F:52
							8490BE 10 02       BPL $0002     [8490C2] A:00F2 X:0E68 Y:C42D S:011A D:0000 DB:86 NvMxdizc V:  5 H: 55 F:52
							8490C0 C6 01       DEC $01       [000001] A:00F2 X:0E68 Y:C42D S:011A D:0000 DB:86 NvMxdizc V:  5 H: 58 F:52
							8490C2 18          CLC                    A:00F2 X:0E68 Y:C42D S:011A D:0000 DB:86 NvMxdizc V:  5 H: 67 F:52
							8490C3 75 05       ADC $05,X     [000E6D] A:00F2 X:0E68 Y:C42D S:011A D:0000 DB:86 NvMxdizc V:  5 H: 70 F:52
							8490C5 85 00       STA $00       [000000] A:00A6 X:0E68 Y:C42D S:011A D:0000 DB:86 NvMxdizC V:  5 H: 76 F:52
							8490C7 B5 06       LDA $06,X     [000E6E] A:00A6 X:0E68 Y:C42D S:011A D:0000 DB:86 NvMxdizC V:  5 H: 81 F:52
							8490C9 65 01       ADC $01       [000001] A:001E X:0E68 Y:C42D S:011A D:0000 DB:86 nvMxdizC V:  5 H: 88 F:52
							8490CB 85 01       STA $01       [000001] A:001E X:0E68 Y:C42D S:011A D:0000 DB:86 nvMxdizC V:  5 H: 93 F:52
							8490CD 64 03       STZ $03       [000003] A:001E X:0E68 Y:C42D S:011A D:0000 DB:86 nvMxdizC V:  5 H: 98 F:52
							8490CF B5 2A       LDA $2A,X     [000E92] A:001E X:0E68 Y:C42D S:011A D:0000 DB:86 nvMxdizC V:  5 H:103 F:52
							8490D1 10 02       BPL $0002     [8490D5] A:0013 X:0E68 Y:C42D S:011A D:0000 DB:86 nvMxdizC V:  5 H:109 F:52
							8490D5 18          CLC                    A:0013 X:0E68 Y:C42D S:011A D:0000 DB:86 nvMxdizC V:  5 H:114 F:52
							8490D6 75 08       ADC $08,X     [000E70] A:0013 X:0E68 Y:C42D S:011A D:0000 DB:86 nvMxdizc V:  5 H:117 F:52
							8490D8 85 02       STA $02       [000002] A:0033 X:0E68 Y:C42D S:011A D:0000 DB:86 nvMxdizc V:  5 H:123 F:52
							8490DA 29 F0       AND #$F0               A:0033 X:0E68 Y:C42D S:011A D:0000 DB:86 nvMxdizc V:  5 H:128 F:52
							8490DC 85 0A       STA $0A       [00000A] A:0030 X:0E68 Y:C42D S:011A D:0000 DB:86 nvMxdizc V:  5 H:131 F:52
							8490DE B5 09       LDA $09,X     [000E71] A:0030 X:0E68 Y:C42D S:011A D:0000 DB:86 nvMxdizc V:  5 H:146 F:52
							8490E0 65 03       ADC $03       [000003] A:0001 X:0E68 Y:C42D S:011A D:0000 DB:86 nvMxdizc V:  5 H:153 F:52
							8490E2 85 03       STA $03       [000003] A:0001 X:0E68 Y:C42D S:011A D:0000 DB:86 nvMxdizc V:  5 H:158 F:52
							8490E4 85 0B       STA $0B       [00000B] A:0001 X:0E68 Y:C42D S:011A D:0000 DB:86 nvMxdizc V:  5 H:163 F:52
							8490E6 A5 00       LDA $00       [000000] A:0001 X:0E68 Y:C42D S:011A D:0000 DB:86 nvMxdizc V:  5 H:168 F:52
							8490E8 29 0F       AND #$0F               A:00A6 X:0E68 Y:C42D S:011A D:0000 DB:86 NvMxdizc V:  5 H:173 F:52
							8490EA 1A          INC                    A:0006 X:0E68 Y:C42D S:011A D:0000 DB:86 nvMxdizc V:  5 H:176 F:52
							8490EB 85 0C       STA $0C       [00000C] A:0007 X:0E68 Y:C42D S:011A D:0000 DB:86 nvMxdizc V:  5 H:179 F:52
							8490ED A5 02       LDA $02       [000002] A:0007 X:0E68 Y:C42D S:011A D:0000 DB:86 nvMxdizc V:  5 H:184 F:52
							8490EF 29 0F       AND #$0F               A:0033 X:0E68 Y:C42D S:011A D:0000 DB:86 nvMxdizc V:  5 H:189 F:52
							8490F1 1A          INC                    A:0003 X:0E68 Y:C42D S:011A D:0000 DB:86 nvMxdizc V:  5 H:192 F:52
							8490F2 85 0E       STA $0E       [00000E] A:0004 X:0E68 Y:C42D S:011A D:0000 DB:86 nvMxdizc V:  5 H:195 F:52
							8490F4 C2 20       REP #$20               A:0004 X:0E68 Y:C42D S:011A D:0000 DB:86 nvMxdizc V:  5 H:200 F:52
							8490F6 20 6A 91    JSR $916A     [84916A] A:0004 X:0E68 Y:C42D S:011A D:0000 DB:86 nvmxdizc V:  5 H:204 F:52

								84916A A9 00 E8    LDA #$E800             A:0004 X:0E68 Y:C42D S:0118 D:0000 DB:86 nvmxdizc V:  5 H:214 F:52
								84916D 85 10       STA $10       [000010] A:E800 X:0E68 Y:C42D S:0118 D:0000 DB:86 Nvmxdizc V:  5 H:219 F:52
								84916F A9 7E 00    LDA #$007E             A:E800 X:0E68 Y:C42D S:0118 D:0000 DB:86 Nvmxdizc V:  5 H:226 F:52
								849172 85 12       STA $12       [000012] A:007E X:0E68 Y:C42D S:0118 D:0000 DB:86 nvmxdizc V:  5 H:230 F:52
								849174 A5 02       LDA $02       [000002] A:007E X:0E68 Y:C42D S:0118 D:0000 DB:86 nvmxdizc V:  5 H:237 F:52
								849176 29 F0 00    AND #$00F0             A:0133 X:0E68 Y:C42D S:0118 D:0000 DB:86 nvmxdizc V:  5 H:244 F:52
								849179 0A          ASL A                  A:0030 X:0E68 Y:C42D S:0118 D:0000 DB:86 nvmxdizc V:  5 H:249 F:52
								84917A 85 04       STA $04       [000004] A:0060 X:0E68 Y:C42D S:0118 D:0000 DB:86 nvmxdizc V:  5 H:252 F:52
								84917C A5 00       LDA $00       [000000] A:0060 X:0E68 Y:C42D S:0118 D:0000 DB:86 nvmxdizc V:  5 H:259 F:52
								84917E 29 FF 00    AND #$00FF             A:1EA6 X:0E68 Y:C42D S:0118 D:0000 DB:86 nvmxdizc V:  5 H:266 F:52
								849181 4A          LSR A                  A:00A6 X:0E68 Y:C42D S:0118 D:0000 DB:86 nvmxdizc V:  5 H:270 F:52
								849182 4A          LSR A                  A:0053 X:0E68 Y:C42D S:0118 D:0000 DB:86 nvmxdizc V:  5 H:273 F:52
								849183 4A          LSR A                  A:0029 X:0E68 Y:C42D S:0118 D:0000 DB:86 nvmxdizC V:  5 H:276 F:52
								849184 29 FE FF    AND #$FFFE             A:0014 X:0E68 Y:C42D S:0118 D:0000 DB:86 nvmxdizC V:  5 H:279 F:52
								849187 18          CLC                    A:0014 X:0E68 Y:C42D S:0118 D:0000 DB:86 nvmxdizC V:  5 H:284 F:52
								849188 65 04       ADC $04       [000004] A:0014 X:0E68 Y:C42D S:0118 D:0000 DB:86 nvmxdizc V:  5 H:287 F:52
								84918A 85 06       STA $06       [000006] A:0074 X:0E68 Y:C42D S:0118 D:0000 DB:86 nvmxdizc V:  5 H:294 F:52
								84918C A5 00       LDA $00       [000000] A:0074 X:0E68 Y:C42D S:0118 D:0000 DB:86 nvmxdizc V:  5 H:301 F:52
								84918E EB          XBA                    A:1EA6 X:0E68 Y:C42D S:0118 D:0000 DB:86 nvmxdizc V:  5 H:308 F:52
								84918F 29 1F 00    AND #$001F             A:A61E X:0E68 Y:C42D S:0118 D:0000 DB:86 nvmxdizc V:  5 H:312 F:52
								849192 85 04       STA $04       [000004] A:001E X:0E68 Y:C42D S:0118 D:0000 DB:86 nvmxdizc V:  5 H:317 F:52
								849194 A5 02       LDA $02       [000002] A:001E X:0E68 Y:C42D S:0118 D:0000 DB:86 nvmxdizc V:  5 H:323 F:52
								849196 29 00 1F    AND #$1F00             A:0133 X:0E68 Y:C42D S:0118 D:0000 DB:86 nvmxdizc V:  5 H:330 F:52
								849199 4A          LSR A                  A:0100 X:0E68 Y:C42D S:0118 D:0000 DB:86 nvmxdizc V:  5 H:334 F:52
								84919A 4A          LSR A                  A:0080 X:0E68 Y:C42D S:0118 D:0000 DB:86 nvmxdizc V:  5 H:337 F:52
								84919B 4A          LSR A                  A:0040 X:0E68 Y:C42D S:0118 D:0000 DB:86 nvmxdizc V:  6 H:  0 F:52
								84919C 18          CLC                    A:0020 X:0E68 Y:C42D S:0118 D:0000 DB:86 nvmxdizc V:  6 H:  3 F:52
								84919D 65 04       ADC $04       [000004] A:0020 X:0E68 Y:C42D S:0118 D:0000 DB:86 nvmxdizc V:  6 H:  6 F:52
								84919F A8          TAY                    A:003E X:0E68 Y:C42D S:0118 D:0000 DB:86 nvmxdizc V:  6 H: 13 F:52
								8491A0 B7 10       LDA [$10],Y   [7EE83E] A:003E X:0E68 Y:003E S:0118 D:0000 DB:86 nvmxdizc V:  6 H: 16 F:52
								8491A2 29 FF 00    AND #$00FF             A:0005 X:0E68 Y:003E S:0118 D:0000 DB:86 nvmxdizc V:  6 H: 29 F:52
								8491A5 A8          TAY                    A:0005 X:0E68 Y:003E S:0118 D:0000 DB:86 nvmxdizc V:  6 H: 34 F:52
								8491A6 EB          XBA                    A:0005 X:0E68 Y:0005 S:0118 D:0000 DB:86 nvmxdizc V:  6 H: 37 F:52
								8491A7 0A          ASL A                  A:0500 X:0E68 Y:0005 S:0118 D:0000 DB:86 nvmxdiZc V:  6 H: 41 F:52
								8491A8 18          CLC                    A:0A00 X:0E68 Y:0005 S:0118 D:0000 DB:86 nvmxdizc V:  6 H: 44 F:52
								8491A9 65 06       ADC $06       [000006] A:0A00 X:0E68 Y:0005 S:0118 D:0000 DB:86 nvmxdizc V:  6 H: 47 F:52
								8491AB AA          TAX                    A:0A74 X:0E68 Y:0005 S:0118 D:0000 DB:86 nvmxdizc V:  6 H: 54 F:52
								8491AC 60          RTS                    A:0A74 X:0A74 Y:0005 S:0118 D:0000 DB:86 nvmxdizc V:  6 H: 57 F:52

							8490F9 BF 00 20 7E LDA $7E2000,X [7E2A74] A:0A74 X:0A74 Y:0005 S:011A D:0000 DB:86 nvmxdizc V:  6 H: 67 F:52
							8490FD A8          TAY                    A:02A5 X:0A74 Y:0005 S:011A D:0000 DB:86 nvmxdizc V:  6 H: 77 F:52
							8490FE AD 92 0B    LDA $0B92     [860B92] A:02A5 X:0A74 Y:02A5 S:011A D:0000 DB:86 nvmxdizc V:  6 H: 80 F:52
							849101 85 10       STA $10       [000010] A:EDC3 X:0A74 Y:02A5 S:011A D:0000 DB:86 Nvmxdizc V:  6 H: 89 F:52
							849103 AD 94 0B    LDA $0B94     [860B94] A:EDC3 X:0A74 Y:02A5 S:011A D:0000 DB:86 Nvmxdizc V:  6 H: 96 F:52
							849106 85 12       STA $12       [000012] A:E095 X:0A74 Y:02A5 S:011A D:0000 DB:86 Nvmxdizc V:  6 H:104 F:52
							849108 B7 10       LDA [$10],Y   [95F068] A:E095 X:0A74 Y:02A5 S:011A D:0000 DB:86 Nvmxdizc V:  6 H:111 F:52
							84910A 29 FF 00    AND #$00FF             A:0000 X:0A74 Y:02A5 S:011A D:0000 DB:86 nvmxdiZc V:  6 H:123 F:52
							84910D 28          PLP                    A:0000 X:0A74 Y:02A5 S:011A D:0000 DB:86 nvmxdiZc V:  6 H:128 F:52
							84910E FA          PLX                    A:0000 X:0A74 Y:02A5 S:011B D:0000 DB:86 nvMxdizc V:  6 H:144 F:52
							84910F 2B          PLD                    A:0000 X:0E68 Y:02A5 S:011D D:0000 DB:86 nvMxdizc V:  6 H:153 F:52
							849110 60          RTS                    A:0000 X:0E68 Y:02A5 S:011F D:0000 DB:86 nvMxdiZc V:  6 H:161 F:52

						8495D3 95 2E       STA $2E,X     [000E96] A:0000 X:0E68 Y:02A5 S:0121 D:0000 DB:86 nvMxdiZc V:  6 H:171 F:52
						8495D5 85 18       STA $18       [000018] A:0000 X:0E68 Y:02A5 S:0121 D:0000 DB:86 nvMxdiZc V:  6 H:178 F:52
						8495D7 29 3F       AND #$3F               A:0000 X:0E68 Y:02A5 S:0121 D:0000 DB:86 nvMxdiZc V:  6 H:183 F:52
						8495D9 0A          ASL A                  A:0000 X:0E68 Y:02A5 S:0121 D:0000 DB:86 nvMxdiZc V:  6 H:186 F:52
						8495DA EB          XBA                    A:0000 X:0E68 Y:02A5 S:0121 D:0000 DB:86 nvMxdiZc V:  6 H:189 F:52
						8495DB A9 00       LDA #$00               A:0000 X:0E68 Y:02A5 S:0121 D:0000 DB:86 nvMxdiZc V:  6 H:193 F:52
						8495DD EB          XBA                    A:0000 X:0E68 Y:02A5 S:0121 D:0000 DB:86 nvMxdiZc V:  6 H:196 F:52
						8495DE A8          TAY                    A:0000 X:0E68 Y:02A5 S:0121 D:0000 DB:86 nvMxdiZc V:  6 H:201 F:52
						8495DF 84 28       STY $28       [000028] A:0000 X:0E68 Y:0000 S:0121 D:0000 DB:86 nvMxdiZc V:  6 H:204 F:52
						8495E1 86 2C       STX $2C       [00002C] A:0000 X:0E68 Y:0000 S:0121 D:0000 DB:86 nvMxdiZc V:  6 H:211 F:52
						8495E3 68          PLA                    A:0000 X:0E68 Y:0000 S:0121 D:0000 DB:86 nvMxdiZc V:  6 H:218 F:52
						8495E4 95 2A       STA $2A,X     [000E92] A:0013 X:0E68 Y:0000 S:0122 D:0000 DB:86 nvMxdizc V:  6 H:224 F:52
						8495E6 A6 2C       LDX $2C       [00002C] A:0013 X:0E68 Y:0000 S:0122 D:0000 DB:86 nvMxdizc V:  6 H:231 F:52
						8495E8 A9 FB       LDA #$FB               A:0013 X:0E68 Y:0000 S:0122 D:0000 DB:86 nvMxdizc V:  6 H:238 F:52
						8495EA 35 2B       AND $2B,X     [000E93] A:00FB X:0E68 Y:0000 S:0122 D:0000 DB:86 NvMxdizc V:  6 H:241 F:52
						8495EC 95 2B       STA $2B,X     [000E93] A:0000 X:0E68 Y:0000 S:0122 D:0000 DB:86 nvMxdiZc V:  6 H:247 F:52
						8495EE 64 01       STZ $01       [000001] A:0000 X:0E68 Y:0000 S:0122 D:0000 DB:86 nvMxdiZc V:  6 H:254 F:52
						8495F0 B5 2A       LDA $2A,X     [000E92] A:0000 X:0E68 Y:0000 S:0122 D:0000 DB:86 nvMxdiZc V:  6 H:259 F:52
						8495F2 85 02       STA $02       [000002] A:0013 X:0E68 Y:0000 S:0122 D:0000 DB:86 nvMxdizc V:  6 H:265 F:52
						8495F4 64 03       STZ $03       [000003] A:0013 X:0E68 Y:0000 S:0122 D:0000 DB:86 nvMxdizc V:  6 H:270 F:52
						8495F6 B4 05       LDY $05,X     [000E6D] A:0013 X:0E68 Y:0000 S:0122 D:0000 DB:86 nvMxdizc V:  6 H:275 F:52
						8495F8 84 10       STY $10       [000010] A:0013 X:0E68 Y:1EB4 S:0122 D:0000 DB:86 nvMxdizc V:  6 H:284 F:52
						8495FA B4 08       LDY $08,X     [000E70] A:0013 X:0E68 Y:1EB4 S:0122 D:0000 DB:86 nvMxdizc V:  6 H:291 F:52
						8495FC 84 12       STY $12       [000012] A:0013 X:0E68 Y:0120 S:0122 D:0000 DB:86 nvMxdizc V:  6 H:299 F:52
						8495FE A6 28       LDX $28       [000028] A:0013 X:0E68 Y:0120 S:0122 D:0000 DB:86 nvMxdizc V:  6 H:306 F:52
						849600 FC 1C 96    JSR ($961C,X) [84961C] A:0013 X:0000 Y:0120 S:0122 D:0000 DB:86 nvMxdiZc V:  6 H:313 F:52

							84969C AD 1C 1F    LDA $1F1C     [861F1C] A:0013 X:0000 Y:0120 S:0120 D:0000 DB:86 nvMxdiZc V:  6 H:326 F:52
							84969F F0 11       BEQ $0011     [8496B2] A:0000 X:0000 Y:0120 S:0120 D:0000 DB:86 nvMxdiZc V:  6 H:332 F:52
							8496B2 A9 00       LDA #$00               A:0000 X:0000 Y:0120 S:0120 D:0000 DB:86 nvMxdiZc V:  6 H:336 F:52
							8496B4 60          RTS                    A:0000 X:0000 Y:0120 S:0120 D:0000 DB:86 nvMxdiZc V:  6 H:339 F:52

						849603 F0 11       BEQ $0011     [849616] A:0000 X:0000 Y:0120 S:0122 D:0000 DB:86 nvMxdiZc V:  7 H:  9 F:52
						849616 A6 2C       LDX $2C       [00002C] A:0000 X:0000 Y:0120 S:0122 D:0000 DB:86 nvMxdiZc V:  7 H: 14 F:52
						849618 20 08 93    JSR $9308     [849308] A:0000 X:0E68 Y:0120 S:0122 D:0000 DB:86 nvMxdizc V:  7 H: 21 F:52

							849308 A5 14       LDA $14       [000014] A:0000 X:0E68 Y:0120 S:0120 D:0000 DB:86 nvMxdizc V:  7 H: 31 F:52
							84930A F0 08       BEQ $0008     [849314] A:0000 X:0E68 Y:0120 S:0120 D:0000 DB:86 nvMxdiZc V:  7 H: 36 F:52
							849314 60          RTS                    A:0000 X:0E68 Y:0120 S:0120 D:0000 DB:86 nvMxdiZc V:  7 H: 40 F:52

						84961B 60          RTS                    A:0000 X:0E68 Y:0120 S:0122 D:0000 DB:86 nvMxdiZc V:  7 H: 50 F:52

					849292 D0 15       BNE $0015     [8492A9] A:0000 X:0E68 Y:0120 S:0124 D:0000 DB:86 nvMxdiZc V:  7 H: 60 F:52
					849294 B4 20       LDY $20,X     [000E88] A:0000 X:0E68 Y:0120 S:0124 D:0000 DB:86 nvMxdiZc V:  7 H: 63 F:52
					849296 B9 05 00    LDA $0005,Y   [86C432] A:0000 X:0E68 Y:C42D S:0124 D:0000 DB:86 NvMxdizc V:  7 H: 72 F:52
					849299 34 11       BIT $11,X     [000E79] A:0000 X:0E68 Y:C42D S:0124 D:0000 DB:86 nvMxdiZc V:  7 H: 79 F:52
					84929B 50 03       BVC $0003     [8492A0] A:0000 X:0E68 Y:C42D S:0124 D:0000 DB:86 nVMxdiZc V:  7 H: 86 F:52
					84929D 49 FF       EOR #$FF               A:0000 X:0E68 Y:C42D S:0124 D:0000 DB:86 nVMxdiZc V:  7 H: 89 F:52
					84929F 1A          INC                    A:00FF X:0E68 Y:C42D S:0124 D:0000 DB:86 NVMxdizc V:  7 H: 92 F:52
					8492A0 18          CLC                    A:0000 X:0E68 Y:C42D S:0124 D:0000 DB:86 nVMxdiZc V:  7 H: 95 F:52
					8492A1 79 07 00    ADC $0007,Y   [86C434] A:0000 X:0E68 Y:C42D S:0124 D:0000 DB:86 nVMxdiZc V:  7 H: 98 F:52
					8492A4 95 29       STA $29,X     [000E91] A:000E X:0E68 Y:C42D S:0124 D:0000 DB:86 nvMxdizc V:  7 H:105 F:52
					8492A6 20 C4 95    JSR $95C4     [8495C4] A:000E X:0E68 Y:C42D S:0124 D:0000 DB:86 nvMxdizc V:  7 H:112 F:52

						8495C4 B5 2A       LDA $2A,X     [000E92] A:000E X:0E68 Y:C42D S:0122 D:0000 DB:86 nvMxdizc V:  7 H:122 F:52
						8495C6 48          PHA                    A:0013 X:0E68 Y:C42D S:0122 D:0000 DB:86 nvMxdizc V:  7 H:128 F:52
						8495C7 A5 08       LDA $08       [000008] A:0013 X:0E68 Y:C42D S:0121 D:0000 DB:86 nvMxdizc V:  7 H:143 F:52
						8495C9 29 7F       AND #$7F               A:0000 X:0E68 Y:C42D S:0121 D:0000 DB:86 nvMxdiZc V:  7 H:148 F:52
						8495CB 18          CLC                    A:0000 X:0E68 Y:C42D S:0121 D:0000 DB:86 nvMxdiZc V:  7 H:151 F:52
						8495CC 75 2A       ADC $2A,X     [000E92] A:0000 X:0E68 Y:C42D S:0121 D:0000 DB:86 nvMxdiZc V:  7 H:154 F:52
						8495CE 95 2A       STA $2A,X     [000E92] A:0013 X:0E68 Y:C42D S:0121 D:0000 DB:86 nvMxdizc V:  7 H:161 F:52
						8495D0 20 B3 90    JSR $90B3     [8490B3] A:0013 X:0E68 Y:C42D S:0121 D:0000 DB:86 nvMxdizc V:  7 H:167 F:52

							8490B3 0B          PHD                    A:0013 X:0E68 Y:C42D S:011F D:0000 DB:86 nvMxdizc V:  7 H:177 F:52
							8490B4 DA          PHX                    A:0013 X:0E68 Y:C42D S:011D D:0000 DB:86 nvMxdizc V:  7 H:184 F:52
							8490B5 08          PHP                    A:0013 X:0E68 Y:C42D S:011B D:0000 DB:86 nvMxdizc V:  7 H:191 F:52
							8490B6 E2 20       SEP #$20               A:0013 X:0E68 Y:C42D S:011A D:0000 DB:86 nvMxdizc V:  7 H:196 F:52
							8490B8 C2 10       REP #$10               A:0013 X:0E68 Y:C42D S:011A D:0000 DB:86 nvMxdizc V:  7 H:201 F:52
							8490BA 64 01       STZ $01       [000001] A:0013 X:0E68 Y:C42D S:011A D:0000 DB:86 nvMxdizc V:  7 H:205 F:52
							8490BC B5 29       LDA $29,X     [000E91] A:0013 X:0E68 Y:C42D S:011A D:0000 DB:86 nvMxdizc V:  7 H:210 F:52
							8490BE 10 02       BPL $0002     [8490C2] A:000E X:0E68 Y:C42D S:011A D:0000 DB:86 nvMxdizc V:  7 H:217 F:52
							8490C2 18          CLC                    A:000E X:0E68 Y:C42D S:011A D:0000 DB:86 nvMxdizc V:  7 H:221 F:52
							8490C3 75 05       ADC $05,X     [000E6D] A:000E X:0E68 Y:C42D S:011A D:0000 DB:86 nvMxdizc V:  7 H:224 F:52
							8490C5 85 00       STA $00       [000000] A:00C2 X:0E68 Y:C42D S:011A D:0000 DB:86 NvMxdizc V:  7 H:231 F:52
							8490C7 B5 06       LDA $06,X     [000E6E] A:00C2 X:0E68 Y:C42D S:011A D:0000 DB:86 NvMxdizc V:  7 H:236 F:52
							8490C9 65 01       ADC $01       [000001] A:001E X:0E68 Y:C42D S:011A D:0000 DB:86 nvMxdizc V:  7 H:242 F:52
							8490CB 85 01       STA $01       [000001] A:001E X:0E68 Y:C42D S:011A D:0000 DB:86 nvMxdizc V:  7 H:247 F:52
							8490CD 64 03       STZ $03       [000003] A:001E X:0E68 Y:C42D S:011A D:0000 DB:86 nvMxdizc V:  7 H:252 F:52
							8490CF B5 2A       LDA $2A,X     [000E92] A:001E X:0E68 Y:C42D S:011A D:0000 DB:86 nvMxdizc V:  7 H:257 F:52
							8490D1 10 02       BPL $0002     [8490D5] A:0013 X:0E68 Y:C42D S:011A D:0000 DB:86 nvMxdizc V:  7 H:264 F:52
							8490D5 18          CLC                    A:0013 X:0E68 Y:C42D S:011A D:0000 DB:86 nvMxdizc V:  7 H:268 F:52
							8490D6 75 08       ADC $08,X     [000E70] A:0013 X:0E68 Y:C42D S:011A D:0000 DB:86 nvMxdizc V:  7 H:271 F:52
							8490D8 85 02       STA $02       [000002] A:0033 X:0E68 Y:C42D S:011A D:0000 DB:86 nvMxdizc V:  7 H:278 F:52
							8490DA 29 F0       AND #$F0               A:0033 X:0E68 Y:C42D S:011A D:0000 DB:86 nvMxdizc V:  7 H:283 F:52
							8490DC 85 0A       STA $0A       [00000A] A:0030 X:0E68 Y:C42D S:011A D:0000 DB:86 nvMxdizc V:  7 H:286 F:52
							8490DE B5 09       LDA $09,X     [000E71] A:0030 X:0E68 Y:C42D S:011A D:0000 DB:86 nvMxdizc V:  7 H:291 F:52
							8490E0 65 03       ADC $03       [000003] A:0001 X:0E68 Y:C42D S:011A D:0000 DB:86 nvMxdizc V:  7 H:297 F:52
							8490E2 85 03       STA $03       [000003] A:0001 X:0E68 Y:C42D S:011A D:0000 DB:86 nvMxdizc V:  7 H:302 F:52
							8490E4 85 0B       STA $0B       [00000B] A:0001 X:0E68 Y:C42D S:011A D:0000 DB:86 nvMxdizc V:  7 H:307 F:52
							8490E6 A5 00       LDA $00       [000000] A:0001 X:0E68 Y:C42D S:011A D:0000 DB:86 nvMxdizc V:  7 H:312 F:52
							8490E8 29 0F       AND #$0F               A:00C2 X:0E68 Y:C42D S:011A D:0000 DB:86 NvMxdizc V:  7 H:317 F:52
							8490EA 1A          INC                    A:0002 X:0E68 Y:C42D S:011A D:0000 DB:86 nvMxdizc V:  7 H:320 F:52
							8490EB 85 0C       STA $0C       [00000C] A:0003 X:0E68 Y:C42D S:011A D:0000 DB:86 nvMxdizc V:  7 H:323 F:52
							8490ED A5 02       LDA $02       [000002] A:0003 X:0E68 Y:C42D S:011A D:0000 DB:86 nvMxdizc V:  7 H:327 F:52
							8490EF 29 0F       AND #$0F               A:0033 X:0E68 Y:C42D S:011A D:0000 DB:86 nvMxdizc V:  7 H:332 F:52
							8490F1 1A          INC                    A:0003 X:0E68 Y:C42D S:011A D:0000 DB:86 nvMxdizc V:  7 H:335 F:52
							8490F2 85 0E       STA $0E       [00000E] A:0004 X:0E68 Y:C42D S:011A D:0000 DB:86 nvMxdizc V:  7 H:338 F:52
							8490F4 C2 20       REP #$20               A:0004 X:0E68 Y:C42D S:011A D:0000 DB:86 nvMxdizc V:  8 H:  3 F:52
							8490F6 20 6A 91    JSR $916A     [84916A] A:0004 X:0E68 Y:C42D S:011A D:0000 DB:86 nvmxdizc V:  8 H:  8 F:52

								84916A A9 00 E8    LDA #$E800             A:0004 X:0E68 Y:C42D S:0118 D:0000 DB:86 nvmxdizc V:  8 H: 18 F:52
								84916D 85 10       STA $10       [000010] A:E800 X:0E68 Y:C42D S:0118 D:0000 DB:86 Nvmxdizc V:  8 H: 22 F:52
								84916F A9 7E 00    LDA #$007E             A:E800 X:0E68 Y:C42D S:0118 D:0000 DB:86 Nvmxdizc V:  8 H: 29 F:52
								849172 85 12       STA $12       [000012] A:007E X:0E68 Y:C42D S:0118 D:0000 DB:86 nvmxdizc V:  8 H: 34 F:52
								849174 A5 02       LDA $02       [000002] A:007E X:0E68 Y:C42D S:0118 D:0000 DB:86 nvmxdizc V:  8 H: 41 F:52
								849176 29 F0 00    AND #$00F0             A:0133 X:0E68 Y:C42D S:0118 D:0000 DB:86 nvmxdizc V:  8 H: 48 F:52
								849179 0A          ASL A                  A:0030 X:0E68 Y:C42D S:0118 D:0000 DB:86 nvmxdizc V:  8 H: 52 F:52
								84917A 85 04       STA $04       [000004] A:0060 X:0E68 Y:C42D S:0118 D:0000 DB:86 nvmxdizc V:  8 H: 55 F:52
								84917C A5 00       LDA $00       [000000] A:0060 X:0E68 Y:C42D S:0118 D:0000 DB:86 nvmxdizc V:  8 H: 62 F:52
								84917E 29 FF 00    AND #$00FF             A:1EC2 X:0E68 Y:C42D S:0118 D:0000 DB:86 nvmxdizc V:  8 H: 69 F:52
								849181 4A          LSR A                  A:00C2 X:0E68 Y:C42D S:0118 D:0000 DB:86 nvmxdizc V:  8 H: 74 F:52
								849182 4A          LSR A                  A:0061 X:0E68 Y:C42D S:0118 D:0000 DB:86 nvmxdizc V:  8 H: 77 F:52
								849183 4A          LSR A                  A:0030 X:0E68 Y:C42D S:0118 D:0000 DB:86 nvmxdizC V:  8 H: 80 F:52
								849184 29 FE FF    AND #$FFFE             A:0018 X:0E68 Y:C42D S:0118 D:0000 DB:86 nvmxdizc V:  8 H: 83 F:52
								849187 18          CLC                    A:0018 X:0E68 Y:C42D S:0118 D:0000 DB:86 nvmxdizc V:  8 H: 87 F:52
								849188 65 04       ADC $04       [000004] A:0018 X:0E68 Y:C42D S:0118 D:0000 DB:86 nvmxdizc V:  8 H: 90 F:52
								84918A 85 06       STA $06       [000006] A:0078 X:0E68 Y:C42D S:0118 D:0000 DB:86 nvmxdizc V:  8 H: 97 F:52
								84918C A5 00       LDA $00       [000000] A:0078 X:0E68 Y:C42D S:0118 D:0000 DB:86 nvmxdizc V:  8 H:104 F:52
								84918E EB          XBA                    A:1EC2 X:0E68 Y:C42D S:0118 D:0000 DB:86 nvmxdizc V:  8 H:111 F:52
								84918F 29 1F 00    AND #$001F             A:C21E X:0E68 Y:C42D S:0118 D:0000 DB:86 nvmxdizc V:  8 H:116 F:52
								849192 85 04       STA $04       [000004] A:001E X:0E68 Y:C42D S:0118 D:0000 DB:86 nvmxdizc V:  8 H:120 F:52
								849194 A5 02       LDA $02       [000002] A:001E X:0E68 Y:C42D S:0118 D:0000 DB:86 nvmxdizc V:  8 H:127 F:52
								849196 29 00 1F    AND #$1F00             A:0133 X:0E68 Y:C42D S:0118 D:0000 DB:86 nvmxdizc V:  8 H:144 F:52
								849199 4A          LSR A                  A:0100 X:0E68 Y:C42D S:0118 D:0000 DB:86 nvmxdizc V:  8 H:149 F:52
								84919A 4A          LSR A                  A:0080 X:0E68 Y:C42D S:0118 D:0000 DB:86 nvmxdizc V:  8 H:152 F:52
								84919B 4A          LSR A                  A:0040 X:0E68 Y:C42D S:0118 D:0000 DB:86 nvmxdizc V:  8 H:155 F:52
								84919C 18          CLC                    A:0020 X:0E68 Y:C42D S:0118 D:0000 DB:86 nvmxdizc V:  8 H:158 F:52
								84919D 65 04       ADC $04       [000004] A:0020 X:0E68 Y:C42D S:0118 D:0000 DB:86 nvmxdizc V:  8 H:161 F:52
								84919F A8          TAY                    A:003E X:0E68 Y:C42D S:0118 D:0000 DB:86 nvmxdizc V:  8 H:168 F:52
								8491A0 B7 10       LDA [$10],Y   [7EE83E] A:003E X:0E68 Y:003E S:0118 D:0000 DB:86 nvmxdizc V:  8 H:171 F:52
								8491A2 29 FF 00    AND #$00FF             A:0005 X:0E68 Y:003E S:0118 D:0000 DB:86 nvmxdizc V:  8 H:184 F:52
								8491A5 A8          TAY                    A:0005 X:0E68 Y:003E S:0118 D:0000 DB:86 nvmxdizc V:  8 H:188 F:52
								8491A6 EB          XBA                    A:0005 X:0E68 Y:0005 S:0118 D:0000 DB:86 nvmxdizc V:  8 H:191 F:52
								8491A7 0A          ASL A                  A:0500 X:0E68 Y:0005 S:0118 D:0000 DB:86 nvmxdiZc V:  8 H:196 F:52
								8491A8 18          CLC                    A:0A00 X:0E68 Y:0005 S:0118 D:0000 DB:86 nvmxdizc V:  8 H:199 F:52
								8491A9 65 06       ADC $06       [000006] A:0A00 X:0E68 Y:0005 S:0118 D:0000 DB:86 nvmxdizc V:  8 H:202 F:52
								8491AB AA          TAX                    A:0A78 X:0E68 Y:0005 S:0118 D:0000 DB:86 nvmxdizc V:  8 H:209 F:52
								8491AC 60          RTS                    A:0A78 X:0A78 Y:0005 S:0118 D:0000 DB:86 nvmxdizc V:  8 H:212 F:52

							8490F9 BF 00 20 7E LDA $7E2000,X [7E2A78] A:0A78 X:0A78 Y:0005 S:011A D:0000 DB:86 nvmxdizc V:  8 H:222 F:52
							8490FD A8          TAY                    A:02D9 X:0A78 Y:0005 S:011A D:0000 DB:86 nvmxdizc V:  8 H:232 F:52
							8490FE AD 92 0B    LDA $0B92     [860B92] A:02D9 X:0A78 Y:02D9 S:011A D:0000 DB:86 nvmxdizc V:  8 H:235 F:52
							849101 85 10       STA $10       [000010] A:EDC3 X:0A78 Y:02D9 S:011A D:0000 DB:86 Nvmxdizc V:  8 H:243 F:52
							849103 AD 94 0B    LDA $0B94     [860B94] A:EDC3 X:0A78 Y:02D9 S:011A D:0000 DB:86 Nvmxdizc V:  8 H:250 F:52
							849106 85 12       STA $12       [000012] A:E095 X:0A78 Y:02D9 S:011A D:0000 DB:86 Nvmxdizc V:  8 H:259 F:52
							849108 B7 10       LDA [$10],Y   [95F09C] A:E095 X:0A78 Y:02D9 S:011A D:0000 DB:86 Nvmxdizc V:  8 H:266 F:52
							84910A 29 FF 00    AND #$00FF             A:0000 X:0A78 Y:02D9 S:011A D:0000 DB:86 nvmxdiZc V:  8 H:278 F:52
							84910D 28          PLP                    A:0000 X:0A78 Y:02D9 S:011A D:0000 DB:86 nvmxdiZc V:  8 H:282 F:52
							84910E FA          PLX                    A:0000 X:0A78 Y:02D9 S:011B D:0000 DB:86 nvMxdizc V:  8 H:289 F:52
							84910F 2B          PLD                    A:0000 X:0E68 Y:02D9 S:011D D:0000 DB:86 nvMxdizc V:  8 H:297 F:52
							849110 60          RTS                    A:0000 X:0E68 Y:02D9 S:011F D:0000 DB:86 nvMxdiZc V:  8 H:306 F:52

						8495D3 95 2E       STA $2E,X     [000E96] A:0000 X:0E68 Y:02D9 S:0121 D:0000 DB:86 nvMxdiZc V:  8 H:316 F:52
						8495D5 85 18       STA $18       [000018] A:0000 X:0E68 Y:02D9 S:0121 D:0000 DB:86 nvMxdiZc V:  8 H:322 F:52
						8495D7 29 3F       AND #$3F               A:0000 X:0E68 Y:02D9 S:0121 D:0000 DB:86 nvMxdiZc V:  8 H:327 F:52
						8495D9 0A          ASL A                  A:0000 X:0E68 Y:02D9 S:0121 D:0000 DB:86 nvMxdiZc V:  8 H:329 F:52
						8495DA EB          XBA                    A:0000 X:0E68 Y:02D9 S:0121 D:0000 DB:86 nvMxdiZc V:  8 H:332 F:52
						8495DB A9 00       LDA #$00               A:0000 X:0E68 Y:02D9 S:0121 D:0000 DB:86 nvMxdiZc V:  8 H:337 F:52
						8495DD EB          XBA                    A:0000 X:0E68 Y:02D9 S:0121 D:0000 DB:86 nvMxdiZc V:  9 H:  0 F:52
						8495DE A8          TAY                    A:0000 X:0E68 Y:02D9 S:0121 D:0000 DB:86 nvMxdiZc V:  9 H:  4 F:52
						8495DF 84 28       STY $28       [000028] A:0000 X:0E68 Y:0000 S:0121 D:0000 DB:86 nvMxdiZc V:  9 H:  7 F:52
						8495E1 86 2C       STX $2C       [00002C] A:0000 X:0E68 Y:0000 S:0121 D:0000 DB:86 nvMxdiZc V:  9 H: 14 F:52
						8495E3 68          PLA                    A:0000 X:0E68 Y:0000 S:0121 D:0000 DB:86 nvMxdiZc V:  9 H: 21 F:52
						8495E4 95 2A       STA $2A,X     [000E92] A:0013 X:0E68 Y:0000 S:0122 D:0000 DB:86 nvMxdizc V:  9 H: 28 F:52
						8495E6 A6 2C       LDX $2C       [00002C] A:0013 X:0E68 Y:0000 S:0122 D:0000 DB:86 nvMxdizc V:  9 H: 34 F:52
						8495E8 A9 FB       LDA #$FB               A:0013 X:0E68 Y:0000 S:0122 D:0000 DB:86 nvMxdizc V:  9 H: 41 F:52
						8495EA 35 2B       AND $2B,X     [000E93] A:00FB X:0E68 Y:0000 S:0122 D:0000 DB:86 NvMxdizc V:  9 H: 44 F:52
						8495EC 95 2B       STA $2B,X     [000E93] A:0000 X:0E68 Y:0000 S:0122 D:0000 DB:86 nvMxdiZc V:  9 H: 51 F:52
						8495EE 64 01       STZ $01       [000001] A:0000 X:0E68 Y:0000 S:0122 D:0000 DB:86 nvMxdiZc V:  9 H: 57 F:52
						8495F0 B5 2A       LDA $2A,X     [000E92] A:0000 X:0E68 Y:0000 S:0122 D:0000 DB:86 nvMxdiZc V:  9 H: 62 F:52
						8495F2 85 02       STA $02       [000002] A:0013 X:0E68 Y:0000 S:0122 D:0000 DB:86 nvMxdizc V:  9 H: 69 F:52
						8495F4 64 03       STZ $03       [000003] A:0013 X:0E68 Y:0000 S:0122 D:0000 DB:86 nvMxdizc V:  9 H: 74 F:52
						8495F6 B4 05       LDY $05,X     [000E6D] A:0013 X:0E68 Y:0000 S:0122 D:0000 DB:86 nvMxdizc V:  9 H: 79 F:52
						8495F8 84 10       STY $10       [000010] A:0013 X:0E68 Y:1EB4 S:0122 D:0000 DB:86 nvMxdizc V:  9 H: 87 F:52
						8495FA B4 08       LDY $08,X     [000E70] A:0013 X:0E68 Y:1EB4 S:0122 D:0000 DB:86 nvMxdizc V:  9 H: 94 F:52
						8495FC 84 12       STY $12       [000012] A:0013 X:0E68 Y:0120 S:0122 D:0000 DB:86 nvMxdizc V:  9 H:103 F:52
						8495FE A6 28       LDX $28       [000028] A:0013 X:0E68 Y:0120 S:0122 D:0000 DB:86 nvMxdizc V:  9 H:110 F:52
						849600 FC 1C 96    JSR ($961C,X) [84961C] A:0013 X:0000 Y:0120 S:0122 D:0000 DB:86 nvMxdiZc V:  9 H:117 F:52

							84969C AD 1C 1F    LDA $1F1C     [861F1C] A:0013 X:0000 Y:0120 S:0120 D:0000 DB:86 nvMxdiZc V:  9 H:130 F:52
							84969F F0 11       BEQ $0011     [8496B2] A:0000 X:0000 Y:0120 S:0120 D:0000 DB:86 nvMxdiZc V:  9 H:146 F:52
							8496B2 A9 00       LDA #$00               A:0000 X:0000 Y:0120 S:0120 D:0000 DB:86 nvMxdiZc V:  9 H:151 F:52
							8496B4 60          RTS                    A:0000 X:0000 Y:0120 S:0120 D:0000 DB:86 nvMxdiZc V:  9 H:154 F:52

						849603 F0 11       BEQ $0011     [849616] A:0000 X:0000 Y:0120 S:0122 D:0000 DB:86 nvMxdiZc V:  9 H:164 F:52
						849616 A6 2C       LDX $2C       [00002C] A:0000 X:0000 Y:0120 S:0122 D:0000 DB:86 nvMxdiZc V:  9 H:168 F:52
						849618 20 08 93    JSR $9308     [849308] A:0000 X:0E68 Y:0120 S:0122 D:0000 DB:86 nvMxdizc V:  9 H:175 F:52

							849308 A5 14       LDA $14       [000014] A:0000 X:0E68 Y:0120 S:0120 D:0000 DB:86 nvMxdizc V:  9 H:185 F:52
							84930A F0 08       BEQ $0008     [849314] A:0000 X:0E68 Y:0120 S:0120 D:0000 DB:86 nvMxdiZc V:  9 H:190 F:52
							849314 60          RTS                    A:0000 X:0E68 Y:0120 S:0120 D:0000 DB:86 nvMxdiZc V:  9 H:195 F:52

						84961B 60          RTS                    A:0000 X:0E68 Y:0120 S:0122 D:0000 DB:86 nvMxdiZc V:  9 H:205 F:52

					8492A9 C2 30       REP #$30               A:0000 X:0E68 Y:0120 S:0124 D:0000 DB:86 nvMxdiZc V:  9 H:215 F:52
					8492AB 60          RTS                    A:0000 X:0E68 Y:0120 S:0124 D:0000 DB:86 nvmxdiZc V:  9 H:219 F:52

				8491DB 2B          PLD                    A:0000 X:0E68 Y:0120 S:0126 D:0000 DB:86 nvmxdiZc V:  9 H:229 F:52
				8491DC 28          PLP                    A:0000 X:0E68 Y:0120 S:0128 D:0E68 DB:86 nvmxdizc V:  9 H:238 F:52
				8491DD 6B          RTL                    A:0000 X:0068 Y:0020 S:0129 D:0E68 DB:86 nvMXdizc V:  9 H:244 F:52

			81B991 22 EA 8E 84 JSL $848EEA   [848EEA] A:0000 X:0068 Y:0020 S:012C D:0E68 DB:86 nvMXdizc V:  9 H:255 F:52

				848EEA 08          PHP                    A:0000 X:0068 Y:0020 S:0129 D:0E68 DB:86 nvMXdizc V:  9 H:268 F:52
				848EEB 8B          PHB                    A:0000 X:0068 Y:0020 S:0128 D:0E68 DB:86 nvMXdizc V:  9 H:273 F:52
				848EEC E2 30       SEP #$30               A:0000 X:0068 Y:0020 S:0127 D:0E68 DB:86 nvMXdizc V:  9 H:278 F:52
				848EEE C6 13       DEC $13       [000E7B] A:0000 X:0068 Y:0020 S:0127 D:0E68 DB:86 nvMXdizc V:  9 H:283 F:52
				848EF0 D0 5D       BNE $005D     [848F4F] A:0000 X:0068 Y:0020 S:0127 D:0E68 DB:86 nvMXdizc V:  9 H:293 F:52
				848F4F AB          PLB                    A:0000 X:0068 Y:0020 S:0127 D:0E68 DB:86 nvMXdizc V:  9 H:297 F:52
				848F50 28          PLP                    A:0000 X:0068 Y:0020 S:0128 D:0E68 DB:86 NvMXdizc V:  9 H:304 F:52
				848F51 6B          RTL                    A:0000 X:0068 Y:0020 S:0129 D:0E68 DB:86 nvMXdizc V:  9 H:310 F:52

			81B995 C2 20       REP #$20               A:0000 X:0068 Y:0020 S:012C D:0E68 DB:86 nvMXdizc V:  9 H:321 F:52						
			81B997 A5 1C       LDA $1C       [000E84] A:0000 X:0068 Y:0020 S:012C D:0E68 DB:86 nvmXdizc V:  9 H:325 F:52			|Branch if E-Y-Vel is positive
			81B999 E2 20       SEP #$20               A:FFFE X:0068 Y:0020 S:012C D:0E68 DB:86 NvmXdizc V:  9 H:333 F:52			|
			81B99B 10 0A       BPL $000A     [81B9A7] A:FFFE X:0068 Y:0020 S:012C D:0E68 DB:86 NvMXdizc V:  9 H:337 F:52			|
			81B99D A9 06       LDA #$06               A:FFFE X:0068 Y:0020 S:012C D:0E68 DB:86 NvMXdizc V: 10 H:  0 F:52			Subaction = #$06
			81B99F 85 03       STA $03       [000E6B] A:FF06 X:0068 Y:0020 S:012C D:0E68 DB:86 nvMXdizc V: 10 H:  3 F:52
			81B9A1 A9 07       LDA #$07               A:FF06 X:0068 Y:0020 S:012C D:0E68 DB:86 nvMXdizc V: 10 H: 10 F:52
			81B9A3 22 07 8F 84 JSL $848F07   [848F07] A:FF07 X:0068 Y:0020 S:012C D:0E68 DB:86 nvMXdizc V: 10 H: 13 F:52			JSL: $848F07 --> Countdown routine (CDBase = #$67, b = A = #$07)

				848F07 08          PHP                    A:FF07 X:0068 Y:0020 S:0129 D:0E68 DB:86 nvMXdizc V: 10 H: 26 F:52
				848F08 8B          PHB                    A:FF07 X:0068 Y:0020 S:0128 D:0E68 DB:86 nvMXdizc V: 10 H: 31 F:52
				848F09 C2 30       REP #$30               A:FF07 X:0068 Y:0020 S:0127 D:0E68 DB:86 nvMXdizc V: 10 H: 36 F:52
				848F0B 8D 0E 00    STA $000E     [86000E] A:FF07 X:0068 Y:0020 S:0127 D:0E68 DB:86 nvmxdizc V: 10 H: 41 F:52
				848F0E A5 16       LDA $16       [000E7E] A:FF07 X:0068 Y:0020 S:0127 D:0E68 DB:86 nvmxdizc V: 10 H: 49 F:52
				848F10 29 FF 00    AND #$00FF             A:8F67 X:0068 Y:0020 S:0127 D:0E68 DB:86 Nvmxdizc V: 10 H: 58 F:52
				848F13 8D 0C 00    STA $000C     [86000C] A:0067 X:0068 Y:0020 S:0127 D:0E68 DB:86 nvmxdizc V: 10 H: 62 F:52
				848F16 0A          ASL A                  A:0067 X:0068 Y:0020 S:0127 D:0E68 DB:86 nvmxdizc V: 10 H: 71 F:52
				848F17 18          CLC                    A:00CE X:0068 Y:0020 S:0127 D:0E68 DB:86 nvmxdizc V: 10 H: 74 F:52
				848F18 6D 0C 00    ADC $000C     [86000C] A:00CE X:0068 Y:0020 S:0127 D:0E68 DB:86 nvmxdizc V: 10 H: 77 F:52
				848F1B AA          TAX                    A:0135 X:0068 Y:0020 S:0127 D:0E68 DB:86 nvmxdizc V: 10 H: 85 F:52
				848F1C BF 00 A0 AF LDA $AFA000,X [AFA135] A:0135 X:0135 Y:0020 S:0127 D:0E68 DB:86 nvmxdizc V: 10 H: 88 F:52
				848F20 85 14       STA $14       [000E7C] A:CFE0 X:0135 Y:0020 S:0127 D:0E68 DB:86 Nvmxdizc V: 10 H: 97 F:52
				848F22 E2 20       SEP #$20               A:CFE0 X:0135 Y:0020 S:0127 D:0E68 DB:86 Nvmxdizc V: 10 H:106 F:52
				848F24 BF 02 A0 AF LDA $AFA002,X [AFA137] A:CFE0 X:0135 Y:0020 S:0127 D:0E68 DB:86 NvMxdizc V: 10 H:110 F:52
				848F28 48          PHA                    A:CFAF X:0135 Y:0020 S:0127 D:0E68 DB:86 NvMxdizc V: 10 H:118 F:52
				848F29 AB          PLB                    A:CFAF X:0135 Y:0020 S:0126 D:0E68 DB:86 NvMxdizc V: 10 H:123 F:52
				848F2A C2 20       REP #$20               A:CFAF X:0135 Y:0020 S:0127 D:0E68 DB:AF NvMxdizc V: 10 H:129 F:52
				848F2C AD 0E 00    LDA $000E     [AF000E] A:CFAF X:0135 Y:0020 S:0127 D:0E68 DB:AF Nvmxdizc V: 10 H:134 F:52
				848F2F 29 FF 00    AND #$00FF             A:FF07 X:0135 Y:0020 S:0127 D:0E68 DB:AF Nvmxdizc V: 10 H:152 F:52
				848F32 0A          ASL A                  A:0007 X:0135 Y:0020 S:0127 D:0E68 DB:AF nvmxdizc V: 10 H:157 F:52
				848F33 A8          TAY                    A:000E X:0135 Y:0020 S:0127 D:0E68 DB:AF nvmxdizc V: 10 H:160 F:52
				848F34 B1 14       LDA ($14),Y   [AFCFEE] A:000E X:0135 Y:000E S:0127 D:0E68 DB:AF nvmxdizc V: 10 H:163 F:52
				848F36 65 14       ADC $14       [000E7C] A:0099 X:0135 Y:000E S:0127 D:0E68 DB:AF nvmxdizc V: 10 H:176 F:52
				848F38 85 14       STA $14       [000E7C] A:D079 X:0135 Y:000E S:0127 D:0E68 DB:AF Nvmxdizc V: 10 H:184 F:52
				848F3A E2 30       SEP #$30               A:D079 X:0135 Y:000E S:0127 D:0E68 DB:AF Nvmxdizc V: 10 H:193 F:52
				848F3C B2 14       LDA ($14)     [AFD079] A:D079 X:0035 Y:000E S:0127 D:0E68 DB:AF NvMXdizc V: 10 H:197 F:52		Skeleton start: [AFD079]
				848F3E 85 13       STA $13       [000E7B] A:D010 X:0035 Y:000E S:0127 D:0E68 DB:AF nvMXdizc V: 10 H:207 F:52
				848F40 A0 01       LDY #$01               A:D010 X:0035 Y:000E S:0127 D:0E68 DB:AF nvMXdizc V: 10 H:214 F:52
				848F42 B1 14       LDA ($14),Y   [AFD07A] A:D010 X:0035 Y:0001 S:0127 D:0E68 DB:AF nvMXdizc V: 10 H:217 F:52
				848F44 85 0F       STA $0F       [000E77] A:D080 X:0035 Y:0001 S:0127 D:0E68 DB:AF NvMXdizc V: 10 H:227 F:52
				848F46 C8          INY                    A:D080 X:0035 Y:0001 S:0127 D:0E68 DB:AF NvMXdizc V: 10 H:233 F:52
				848F47 B1 14       LDA ($14),Y   [AFD07B] A:D080 X:0035 Y:0002 S:0127 D:0E68 DB:AF nvMXdizc V: 10 H:236 F:52
				848F49 85 17       STA $17       [000E7F] A:D010 X:0035 Y:0002 S:0127 D:0E68 DB:AF nvMXdizc V: 10 H:246 F:52
				848F4B A9 80       LDA #$80               A:D010 X:0035 Y:0002 S:0127 D:0E68 DB:AF nvMXdizc V: 10 H:253 F:52
				848F4D 04 17       TSB $17       [000E7F] A:D080 X:0035 Y:0002 S:0127 D:0E68 DB:AF NvMXdizc V: 10 H:256 F:52
				848F4F AB          PLB                    A:D080 X:0035 Y:0002 S:0127 D:0E68 DB:AF NvMXdiZc V: 10 H:266 F:52
				848F50 28          PLP                    A:D080 X:0035 Y:0002 S:0128 D:0E68 DB:86 NvMXdizc V: 10 H:272 F:52
				848F51 6B          RTL                    A:D080 X:0035 Y:0002 S:0129 D:0E68 DB:86 nvMXdizc V: 10 H:279 F:52

			81B9A7 60          RTS                    A:D080 X:0035 Y:0002 S:012C D:0E68 DB:86 nvMXdizc V: 10 H:289 F:52

		81B63B A9 09       LDA #$09               A:D080 X:0035 Y:0002 S:012E D:0E68 DB:86 nvMXdizc V: 10 H:299 F:52
