80D4F6 20 30 D5    JSR $D530     [80D530] A:0E01 X:0000 Y:0027 S:0133 D:0E68 DB:86 nvMXdizC V:253 H:227 F:37

	80D530 C2 20       REP #$20               A:0E01 X:0000 Y:0027 S:0131 D:0E68 DB:86 nvMXdizC V:253 H:237 F:37
	80D532 A5 05       LDA $05       [000E6D] A:0E01 X:0000 Y:0027 S:0131 D:0E68 DB:86 nvmXdizC V:253 H:241 F:37
	80D534 85 22       STA $22       [000E8A] A:1EE1 X:0000 Y:0027 S:0131 D:0E68 DB:86 nvmXdizC V:253 H:250 F:37
	80D536 A5 08       LDA $08       [000E70] A:1EE1 X:0000 Y:0027 S:0131 D:0E68 DB:86 nvmXdizC V:253 H:258 F:37
	80D538 85 24       STA $24       [000E8C] A:01AC X:0000 Y:0027 S:0131 D:0E68 DB:86 nvmXdizC V:253 H:267 F:37
	80D53A E2 20       SEP #$20               A:01AC X:0000 Y:0027 S:0131 D:0E68 DB:86 nvmXdizC V:253 H:275 F:37
	80D53C A9 80       LDA #$80               A:01AC X:0000 Y:0027 S:0131 D:0E68 DB:86 nvMXdizC V:253 H:280 F:37
	80D53E 14 0E       TRB $0E       [000E76] A:0180 X:0000 Y:0027 S:0131 D:0E68 DB:86 NvMXdizC V:253 H:283 F:37
	80D540 A5 0A       LDA $0A       [000E72] A:0180 X:0000 Y:0027 S:0131 D:0E68 DB:86 NvMXdizC V:253 H:293 F:37
	80D542 0A          ASL A                  A:0102 X:0000 Y:0027 S:0131 D:0E68 DB:86 nvMXdizC V:253 H:299 F:37
	80D543 AA          TAX                    A:0104 X:0000 Y:0027 S:0131 D:0E68 DB:86 nvMXdizc V:253 H:302 F:37
	80D544 7C DD F8    JMP ($F8DD,X) [80F8E1] A:0104 X:0004 Y:0027 S:0131 D:0E68 DB:86 nvMXdizc V:253 H:305 F:37

	80F9BB 22 16 B5 81 JSL $81B516   [81B516] A:0104 X:0004 Y:0027 S:0131 D:0E68 DB:86 nvMXdizc V:253 H:314 F:37

		81B516 A6 01       LDX $01       [000E69] A:0104 X:0004 Y:0027 S:012E D:0E68 DB:86 nvMXdizc V:253 H:327 F:37
		81B518 7C 1B B5    JMP ($B51B,X) [81B51F] A:0104 X:0004 Y:0027 S:012E D:0E68 DB:86 nvMXdizc V:253 H:333 F:37

		81B629 A5 33       LDA $33       [000E9B] A:0104 X:0004 Y:0027 S:012E D:0E68 DB:86 nvMXdizc V:254 H:  2 F:37
		81B62B 04 11       TSB $11       [000E79] A:0108 X:0004 Y:0027 S:012E D:0E68 DB:86 nvMXdizc V:254 H:  9 F:37
		81B62D C2 20       REP #$20               A:0108 X:0004 Y:0027 S:012E D:0E68 DB:86 nvMXdizc V:254 H: 19 F:37
		81B62F A9 2D C4    LDA #$C42D             A:0108 X:0004 Y:0027 S:012E D:0E68 DB:86 nvmXdizc V:254 H: 23 F:37
		81B632 85 20       STA $20       [000E88] A:C42D X:0004 Y:0027 S:012E D:0E68 DB:86 NvmXdizc V:254 H: 28 F:37
		81B634 E2 20       SEP #$20               A:C42D X:0004 Y:0027 S:012E D:0E68 DB:86 NvmXdizc V:254 H: 36 F:37
		81B636 A6 02       LDX $02       [000E6A] A:C42D X:0004 Y:0027 S:012E D:0E68 DB:86 NvMXdizc V:254 H: 41 F:37
		81B638 FC F3 B6    JSR ($B6F3,X) [81B6F9] A:C42D X:0006 Y:0027 S:012E D:0E68 DB:86 nvMXdizc V:254 H: 47 F:37

			81B93B A6 03       LDX $03       [000E6B] A:C42D X:0006 Y:0027 S:012C D:0E68 DB:86 nvMXdizc V:254 H: 60 F:37
			81B93D 7C 40 B9    JMP ($B940,X) [81B948] A:C42D X:0008 Y:0027 S:012C D:0E68 DB:86 nvMXdizc V:254 H: 67 F:37

			81B9D9 22 EA 8E 84 JSL $848EEA   [848EEA] A:C42D X:0008 Y:0027 S:012C D:0E68 DB:86 nvMXdizc V:254 H: 76 F:37		JSL $848EEA --> Countdown animation

				848EEA 08          PHP                    A:C42D X:0008 Y:0027 S:0129 D:0E68 DB:86 nvMXdizc V:254 H: 89 F:37
				848EEB 8B          PHB                    A:C42D X:0008 Y:0027 S:0128 D:0E68 DB:86 nvMXdizc V:254 H: 94 F:37
				848EEC E2 30       SEP #$30               A:C42D X:0008 Y:0027 S:0127 D:0E68 DB:86 nvMXdizc V:254 H: 99 F:37
				848EEE C6 13       DEC $13       [000E7B] A:C42D X:0008 Y:0027 S:0127 D:0E68 DB:86 nvMXdizc V:254 H:104 F:37
				848EF0 D0 5D       BNE $005D     [848F4F] A:C42D X:0008 Y:0027 S:0127 D:0E68 DB:86 nvMXdiZc V:254 H:114 F:37
				848EF2 A9 AF       LDA #$AF               A:C42D X:0008 Y:0027 S:0127 D:0E68 DB:86 nvMXdiZc V:254 H:117 F:37
				848EF4 48          PHA                    A:C4AF X:0008 Y:0027 S:0127 D:0E68 DB:86 NvMXdizc V:254 H:120 F:37
				848EF5 AB          PLB                    A:C4AF X:0008 Y:0027 S:0126 D:0E68 DB:86 NvMXdizc V:254 H:125 F:37
				848EF6 C2 21       REP #$21               A:C4AF X:0008 Y:0027 S:0127 D:0E68 DB:AF NvMXdizc V:254 H:131 F:37
				848EF8 A5 14       LDA $14       [000E7C] A:C4AF X:0008 Y:0027 S:0127 D:0E68 DB:AF NvmXdizc V:254 H:146 F:37
				848EFA 69 03 00    ADC #$0003             A:D081 X:0008 Y:0027 S:0127 D:0E68 DB:AF NvmXdizc V:254 H:154 F:37
				848EFD A4 0F       LDY $0F       [000E77] A:D084 X:0008 Y:0027 S:0127 D:0E68 DB:AF NvmXdizc V:254 H:159 F:37
				848EFF 10 37       BPL $0037     [848F38] A:D084 X:0008 Y:0000 S:0127 D:0E68 DB:AF nvmXdiZc V:254 H:165 F:37
				848F38 85 14       STA $14       [000E7C] A:D084 X:0008 Y:0000 S:0127 D:0E68 DB:AF nvmXdiZc V:254 H:170 F:37
				848F3A E2 30       SEP #$30               A:D084 X:0008 Y:0000 S:0127 D:0E68 DB:AF nvmXdiZc V:254 H:178 F:37
				848F3C B2 14       LDA ($14)     [AFD084] A:D084 X:0008 Y:0000 S:0127 D:0E68 DB:AF nvMXdiZc V:254 H:183 F:37
				848F3E 85 13       STA $13       [000E7B] A:D010 X:0008 Y:0000 S:0127 D:0E68 DB:AF nvMXdizc V:254 H:193 F:37
				848F40 A0 01       LDY #$01               A:D010 X:0008 Y:0000 S:0127 D:0E68 DB:AF nvMXdizc V:254 H:199 F:37
				848F42 B1 14       LDA ($14),Y   [AFD085] A:D010 X:0008 Y:0001 S:0127 D:0E68 DB:AF nvMXdizc V:254 H:202 F:37
				848F44 85 0F       STA $0F       [000E77] A:D080 X:0008 Y:0001 S:0127 D:0E68 DB:AF NvMXdizc V:254 H:212 F:37	CDAction = #$80
				848F46 C8          INY                    A:D080 X:0008 Y:0001 S:0127 D:0E68 DB:AF NvMXdizc V:254 H:219 F:37
				848F47 B1 14       LDA ($14),Y   [AFD086] A:D080 X:0008 Y:0002 S:0127 D:0E68 DB:AF nvMXdizc V:254 H:222 F:37
				848F49 85 17       STA $17       [000E7F] A:D000 X:0008 Y:0002 S:0127 D:0E68 DB:AF nvMXdiZc V:254 H:232 F:37
				848F4B A9 80       LDA #$80               A:D000 X:0008 Y:0002 S:0127 D:0E68 DB:AF nvMXdiZc V:254 H:238 F:37
				848F4D 04 17       TSB $17       [000E7F] A:D080 X:0008 Y:0002 S:0127 D:0E68 DB:AF NvMXdizc V:254 H:241 F:37
				848F4F AB          PLB                    A:D080 X:0008 Y:0002 S:0127 D:0E68 DB:AF NvMXdiZc V:254 H:251 F:37
				848F50 28          PLP                    A:D080 X:0008 Y:0002 S:0128 D:0E68 DB:86 NvMXdizc V:254 H:258 F:37
				848F51 6B          RTL                    A:D080 X:0008 Y:0002 S:0129 D:0E68 DB:86 nvMXdizc V:254 H:264 F:37

			81B9DD A5 0F       LDA $0F       [000E77] A:D080 X:0008 Y:0002 S:012C D:0E68 DB:86 nvMXdizc V:254 H:275 F:37		
			81B9DF 10 0E       BPL $000E     [81B9EF] A:D080 X:0008 Y:0002 S:012C D:0E68 DB:86 NvMXdizc V:254 H:281 F:37		Branch if CDAction is positive
			81B9E1 A9 0A       LDA #$0A               A:D080 X:0008 Y:0002 S:012C D:0E68 DB:86 NvMXdizc V:254 H:284 F:37		Subaction = #$0A
			81B9E3 85 03       STA $03       [000E6B] A:D00A X:0008 Y:0002 S:012C D:0E68 DB:86 nvMXdizc V:254 H:287 F:37
			81B9E5 A9 00       LDA #$00               A:D00A X:0008 Y:0002 S:012C D:0E68 DB:86 nvMXdizc V:254 H:294 F:37		
			81B9E7 22 07 8F 84 JSL $848F07   [848F07] A:D000 X:0008 Y:0002 S:012C D:0E68 DB:86 nvMXdiZc V:254 H:297 F:37		JSL: $848F07 --> Countdown routine (CDBase = #$67, b = A = #$00)

				848F07 08          PHP                    A:D000 X:0008 Y:0002 S:0129 D:0E68 DB:86 nvMXdiZc V:254 H:310 F:37
				848F08 8B          PHB                    A:D000 X:0008 Y:0002 S:0128 D:0E68 DB:86 nvMXdiZc V:254 H:315 F:37
				848F09 C2 30       REP #$30               A:D000 X:0008 Y:0002 S:0127 D:0E68 DB:86 nvMXdiZc V:254 H:320 F:37
				848F0B 8D 0E 00    STA $000E     [86000E] A:D000 X:0008 Y:0002 S:0127 D:0E68 DB:86 nvmxdiZc V:254 H:324 F:37
				848F0E A5 16       LDA $16       [000E7E] A:D000 X:0008 Y:0002 S:0127 D:0E68 DB:86 nvmxdiZc V:254 H:332 F:37
				848F10 29 FF 00    AND #$00FF             A:8067 X:0008 Y:0002 S:0127 D:0E68 DB:86 Nvmxdizc V:255 H:  1 F:37
				848F13 8D 0C 00    STA $000C     [86000C] A:0067 X:0008 Y:0002 S:0127 D:0E68 DB:86 nvmxdizc V:255 H:  5 F:37
				848F16 0A          ASL A                  A:0067 X:0008 Y:0002 S:0127 D:0E68 DB:86 nvmxdizc V:255 H: 14 F:37
				848F17 18          CLC                    A:00CE X:0008 Y:0002 S:0127 D:0E68 DB:86 nvmxdizc V:255 H: 17 F:37
				848F18 6D 0C 00    ADC $000C     [86000C] A:00CE X:0008 Y:0002 S:0127 D:0E68 DB:86 nvmxdizc V:255 H: 20 F:37
				848F1B AA          TAX                    A:0135 X:0008 Y:0002 S:0127 D:0E68 DB:86 nvmxdizc V:255 H: 28 F:37
				848F1C BF 00 A0 AF LDA $AFA000,X [AFA135] A:0135 X:0135 Y:0002 S:0127 D:0E68 DB:86 nvmxdizc V:255 H: 31 F:37
				848F20 85 14       STA $14       [000E7C] A:CFE0 X:0135 Y:0002 S:0127 D:0E68 DB:86 Nvmxdizc V:255 H: 40 F:37
				848F22 E2 20       SEP #$20               A:CFE0 X:0135 Y:0002 S:0127 D:0E68 DB:86 Nvmxdizc V:255 H: 49 F:37
				848F24 BF 02 A0 AF LDA $AFA002,X [AFA137] A:CFE0 X:0135 Y:0002 S:0127 D:0E68 DB:86 NvMxdizc V:255 H: 53 F:37
				848F28 48          PHA                    A:CFAF X:0135 Y:0002 S:0127 D:0E68 DB:86 NvMxdizc V:255 H: 61 F:37
				848F29 AB          PLB                    A:CFAF X:0135 Y:0002 S:0126 D:0E68 DB:86 NvMxdizc V:255 H: 66 F:37
				848F2A C2 20       REP #$20               A:CFAF X:0135 Y:0002 S:0127 D:0E68 DB:AF NvMxdizc V:255 H: 72 F:37
				848F2C AD 0E 00    LDA $000E     [AF000E] A:CFAF X:0135 Y:0002 S:0127 D:0E68 DB:AF Nvmxdizc V:255 H: 77 F:37
				848F2F 29 FF 00    AND #$00FF             A:D000 X:0135 Y:0002 S:0127 D:0E68 DB:AF Nvmxdizc V:255 H: 85 F:37
				848F32 0A          ASL A                  A:0000 X:0135 Y:0002 S:0127 D:0E68 DB:AF nvmxdiZc V:255 H: 90 F:37
				848F33 A8          TAY                    A:0000 X:0135 Y:0002 S:0127 D:0E68 DB:AF nvmxdiZc V:255 H: 93 F:37
				848F34 B1 14       LDA ($14),Y   [AFCFE0] A:0000 X:0135 Y:0000 S:0127 D:0E68 DB:AF nvmxdiZc V:255 H: 96 F:37
				848F36 65 14       ADC $14       [000E7C] A:0022 X:0135 Y:0000 S:0127 D:0E68 DB:AF nvmxdizc V:255 H:109 F:37
				848F38 85 14       STA $14       [000E7C] A:D002 X:0135 Y:0000 S:0127 D:0E68 DB:AF Nvmxdizc V:255 H:117 F:37
				848F3A E2 30       SEP #$30               A:D002 X:0135 Y:0000 S:0127 D:0E68 DB:AF Nvmxdizc V:255 H:126 F:37
				848F3C B2 14       LDA ($14)     [AFD002] A:D002 X:0035 Y:0000 S:0127 D:0E68 DB:AF NvMXdizc V:255 H:130 F:37	Skeleton start: [AFD002]
				848F3E 85 13       STA $13       [000E7B] A:D00F X:0035 Y:0000 S:0127 D:0E68 DB:AF nvMXdizc V:255 H:150 F:37
				848F40 A0 01       LDY #$01               A:D00F X:0035 Y:0000 S:0127 D:0E68 DB:AF nvMXdizc V:255 H:157 F:37
				848F42 B1 14       LDA ($14),Y   [AFD003] A:D00F X:0035 Y:0001 S:0127 D:0E68 DB:AF nvMXdizc V:255 H:160 F:37
				848F44 85 0F       STA $0F       [000E77] A:D000 X:0035 Y:0001 S:0127 D:0E68 DB:AF nvMXdiZc V:255 H:170 F:37
				848F46 C8          INY                    A:D000 X:0035 Y:0001 S:0127 D:0E68 DB:AF nvMXdiZc V:255 H:176 F:37
				848F47 B1 14       LDA ($14),Y   [AFD004] A:D000 X:0035 Y:0002 S:0127 D:0E68 DB:AF nvMXdizc V:255 H:179 F:37
				848F49 85 17       STA $17       [000E7F] A:D000 X:0035 Y:0002 S:0127 D:0E68 DB:AF nvMXdiZc V:255 H:189 F:37
				848F4B A9 80       LDA #$80               A:D000 X:0035 Y:0002 S:0127 D:0E68 DB:AF nvMXdiZc V:255 H:196 F:37
				848F4D 04 17       TSB $17       [000E7F] A:D080 X:0035 Y:0002 S:0127 D:0E68 DB:AF NvMXdizc V:255 H:199 F:37
				848F4F AB          PLB                    A:D080 X:0035 Y:0002 S:0127 D:0E68 DB:AF NvMXdiZc V:255 H:209 F:37
				848F50 28          PLP                    A:D080 X:0035 Y:0002 S:0128 D:0E68 DB:86 NvMXdizc V:255 H:215 F:37
				848F51 6B          RTL                    A:D080 X:0035 Y:0002 S:0129 D:0E68 DB:86 nvMXdiZc V:255 H:222 F:37

			81B9EB A9 1E       LDA #$1E               A:D080 X:0035 Y:0002 S:012C D:0E68 DB:86 nvMXdiZc V:255 H:232 F:37		Countdown2 = #$1E
			81B9ED 85 34       STA $34       [000E9C] A:D01E X:0035 Y:0002 S:012C D:0E68 DB:86 nvMXdizc V:255 H:235 F:37
			81B9EF 60          RTS                    A:D01E X:0035 Y:0002 S:012C D:0E68 DB:86 nvMXdizc V:255 H:242 F:37		Return

		81B63B A9 09       LDA #$09               A:D01E X:0035 Y:0002 S:012E D:0E68 DB:86 nvMXdizc V:255 H:252 F:37
