80D4F6 20 30 D5    JSR $D530     [80D530] A:0E01 X:0000 Y:0027 S:0133 D:0E68 DB:86 nvMXdizC V:248 H:323 F:25

	80D530 C2 20       REP #$20               A:0E01 X:0000 Y:0027 S:0131 D:0E68 DB:86 nvMXdizC V:248 H:332 F:25
	80D532 A5 05       LDA $05       [000E6D] A:0E01 X:0000 Y:0027 S:0131 D:0E68 DB:86 nvmXdizC V:248 H:337 F:25
	80D534 85 22       STA $22       [000E8A] A:1EE1 X:0000 Y:0027 S:0131 D:0E68 DB:86 nvmXdizC V:249 H:  5 F:25
	80D536 A5 08       LDA $08       [000E70] A:1EE1 X:0000 Y:0027 S:0131 D:0E68 DB:86 nvmXdizC V:249 H: 14 F:25
	80D538 85 24       STA $24       [000E8C] A:01A8 X:0000 Y:0027 S:0131 D:0E68 DB:86 nvmXdizC V:249 H: 22 F:25
	80D53A E2 20       SEP #$20               A:01A8 X:0000 Y:0027 S:0131 D:0E68 DB:86 nvmXdizC V:249 H: 31 F:25
	80D53C A9 80       LDA #$80               A:01A8 X:0000 Y:0027 S:0131 D:0E68 DB:86 nvMXdizC V:249 H: 35 F:25
	80D53E 14 0E       TRB $0E       [000E76] A:0180 X:0000 Y:0027 S:0131 D:0E68 DB:86 NvMXdizC V:249 H: 38 F:25
	80D540 A5 0A       LDA $0A       [000E72] A:0180 X:0000 Y:0027 S:0131 D:0E68 DB:86 NvMXdizC V:249 H: 48 F:25
	80D542 0A          ASL A                  A:0102 X:0000 Y:0027 S:0131 D:0E68 DB:86 nvMXdizC V:249 H: 55 F:25
	80D543 AA          TAX                    A:0104 X:0000 Y:0027 S:0131 D:0E68 DB:86 nvMXdizc V:249 H: 58 F:25
	80D544 7C DD F8    JMP ($F8DD,X) [80F8E1] A:0104 X:0004 Y:0027 S:0131 D:0E68 DB:86 nvMXdizc V:249 H: 61 F:25

	80F9BB 22 16 B5 81 JSL $81B516   [81B516] A:0104 X:0004 Y:0027 S:0131 D:0E68 DB:86 nvMXdizc V:249 H: 70 F:25

		81B516 A6 01       LDX $01       [000E69] A:0104 X:0004 Y:0027 S:012E D:0E68 DB:86 nvMXdizc V:249 H: 83 F:25
		81B518 7C 1B B5    JMP ($B51B,X) [81B51F] A:0104 X:0004 Y:0027 S:012E D:0E68 DB:86 nvMXdizc V:249 H: 90 F:25

		81B629 A5 33       LDA $33       [000E9B] A:0104 X:0004 Y:0027 S:012E D:0E68 DB:86 nvMXdizc V:249 H: 99 F:25
		81B62B 04 11       TSB $11       [000E79] A:0108 X:0004 Y:0027 S:012E D:0E68 DB:86 nvMXdizc V:249 H:105 F:25
		81B62D C2 20       REP #$20               A:0108 X:0004 Y:0027 S:012E D:0E68 DB:86 nvMXdizc V:249 H:115 F:25
		81B62F A9 2D C4    LDA #$C42D             A:0108 X:0004 Y:0027 S:012E D:0E68 DB:86 nvmXdizc V:249 H:120 F:25
		81B632 85 20       STA $20       [000E88] A:C42D X:0004 Y:0027 S:012E D:0E68 DB:86 NvmXdizc V:249 H:124 F:25
		81B634 E2 20       SEP #$20               A:C42D X:0004 Y:0027 S:012E D:0E68 DB:86 NvmXdizc V:249 H:133 F:25
		81B636 A6 02       LDX $02       [000E6A] A:C42D X:0004 Y:0027 S:012E D:0E68 DB:86 NvMXdizc V:249 H:147 F:25
		81B638 FC F3 B6    JSR ($B6F3,X) [81B6F9] A:C42D X:0006 Y:0027 S:012E D:0E68 DB:86 nvMXdizc V:249 H:154 F:25

			81B93B A6 03       LDX $03       [000E6B] A:C42D X:0006 Y:0027 S:012C D:0E68 DB:86 nvMXdizc V:249 H:167 F:25
			81B93D 7C 40 B9    JMP ($B940,X) [81B946] A:C42D X:0006 Y:0027 S:012C D:0E68 DB:86 nvMXdizc V:249 H:173 F:25

			81B9A8 22 E8 81 82 JSL $8281E8   [8281E8] A:C42D X:0006 Y:0027 S:012C D:0E68 DB:86 nvMXdizc V:249 H:182 F:25

				8281E8 08          PHP                    A:C42D X:0006 Y:0027 S:0129 D:0E68 DB:86 nvMXdizc V:249 H:196 F:25
				8281E9 C2 20       REP #$20               A:C42D X:0006 Y:0027 S:0128 D:0E68 DB:86 nvMXdizc V:249 H:201 F:25
				8281EB 38          SEC                    A:C42D X:0006 Y:0027 S:0128 D:0E68 DB:86 nvmXdizc V:249 H:205 F:25
				8281EC A5 1E       LDA $1E       [000E86] A:C42D X:0006 Y:0027 S:0128 D:0E68 DB:86 nvmXdizC V:249 H:208 F:25
				8281EE 29 FF 00    AND #$00FF             A:1000 X:0006 Y:0027 S:0128 D:0E68 DB:86 nvmXdizC V:249 H:217 F:25
				8281F1 E5 1C       SBC $1C       [000E84] A:0000 X:0006 Y:0027 S:0128 D:0E68 DB:86 nvmXdiZC V:249 H:221 F:25
				8281F3 49 FF FF    EOR #$FFFF             A:0700 X:0006 Y:0027 S:0128 D:0E68 DB:86 nvmXdizc V:249 H:230 F:25
				8281F6 1A          INC                    A:F8FF X:0006 Y:0027 S:0128 D:0E68 DB:86 NvmXdizc V:249 H:234 F:25
				8281F7 85 1C       STA $1C       [000E84] A:F900 X:0006 Y:0027 S:0128 D:0E68 DB:86 NvmXdizc V:249 H:237 F:25
				8281F9 80 10       BRA $0010     [82820B] A:F900 X:0006 Y:0027 S:0128 D:0E68 DB:86 NvmXdizc V:249 H:246 F:25
				82820B C2 21       REP #$21               A:F900 X:0006 Y:0027 S:0128 D:0E68 DB:86 NvmXdizc V:249 H:250 F:25
				82820D A5 04       LDA $04       [000E6C] A:F900 X:0006 Y:0027 S:0128 D:0E68 DB:86 NvmXdizc V:249 H:255 F:25
				82820F 65 1A       ADC $1A       [000E82] A:E150 X:0006 Y:0027 S:0128 D:0E68 DB:86 NvmXdizc V:249 H:263 F:25
				828211 85 04       STA $04       [000E6C] A:E320 X:0006 Y:0027 S:0128 D:0E68 DB:86 NvmXdizc V:249 H:272 F:25
				828213 E2 20       SEP #$20               A:E320 X:0006 Y:0027 S:0128 D:0E68 DB:86 NvmXdizc V:249 H:280 F:25
				828215 A9 00       LDA #$00               A:E320 X:0006 Y:0027 S:0128 D:0E68 DB:86 NvMXdizc V:249 H:285 F:25
				828217 24 1B       BIT $1B       [000E83] A:E300 X:0006 Y:0027 S:0128 D:0E68 DB:86 nvMXdiZc V:249 H:288 F:25
				828219 10 01       BPL $0001     [82821C] A:E300 X:0006 Y:0027 S:0128 D:0E68 DB:86 nvMXdiZc V:249 H:294 F:25
				82821C 65 06       ADC $06       [000E6E] A:E300 X:0006 Y:0027 S:0128 D:0E68 DB:86 nvMXdiZc V:249 H:299 F:25
				82821E 85 06       STA $06       [000E6E] A:E31E X:0006 Y:0027 S:0128 D:0E68 DB:86 nvMXdizc V:249 H:305 F:25
				828220 C2 20       REP #$20               A:E31E X:0006 Y:0027 S:0128 D:0E68 DB:86 nvMXdizc V:249 H:312 F:25
				828222 38          SEC                    A:E31E X:0006 Y:0027 S:0128 D:0E68 DB:86 nvmXdizc V:249 H:316 F:25
				828223 A5 07       LDA $07       [000E6F] A:E31E X:0006 Y:0027 S:0128 D:0E68 DB:86 nvmXdizC V:249 H:319 F:25
				828225 E5 1C       SBC $1C       [000E84] A:A8BC X:0006 Y:0027 S:0128 D:0E68 DB:86 NvmXdizC V:249 H:327 F:25
				828227 85 07       STA $07       [000E6F] A:AFBC X:0006 Y:0027 S:0128 D:0E68 DB:86 NvmXdizc V:249 H:335 F:25
				828229 E2 20       SEP #$20               A:AFBC X:0006 Y:0027 S:0128 D:0E68 DB:86 NvmXdizc V:250 H:  4 F:25
				82822B 9C 00 00    STZ $0000     [860000] A:AFBC X:0006 Y:0027 S:0128 D:0E68 DB:86 NvMXdizc V:250 H:  8 F:25
				82822E 24 1D       BIT $1D       [000E85] A:AFBC X:0006 Y:0027 S:0128 D:0E68 DB:86 NvMXdizc V:250 H: 15 F:25
				828230 10 03       BPL $0003     [828235] A:AFBC X:0006 Y:0027 S:0128 D:0E68 DB:86 NVMXdizc V:250 H: 21 F:25
				828232 CE 00 00    DEC $0000     [860000] A:AFBC X:0006 Y:0027 S:0128 D:0E68 DB:86 NVMXdizc V:250 H: 24 F:25
				828235 A5 09       LDA $09       [000E71] A:AFBC X:0006 Y:0027 S:0128 D:0E68 DB:86 NVMXdizc V:250 H: 34 F:25
				828237 ED 00 00    SBC $0000     [860000] A:AF01 X:0006 Y:0027 S:0128 D:0E68 DB:86 nVMXdizc V:250 H: 41 F:25
				82823A 85 09       STA $09       [000E71] A:AF01 X:0006 Y:0027 S:0128 D:0E68 DB:86 nvMXdizc V:250 H: 47 F:25
				82823C 28          PLP                    A:AF01 X:0006 Y:0027 S:0128 D:0E68 DB:86 nvMXdizc V:250 H: 54 F:25
				82823D 6B          RTL                    A:AF01 X:0006 Y:0027 S:0129 D:0E68 DB:86 nvMXdizc V:250 H: 60 F:25

			81B9AC 22 BE 91 84 JSL $8491BE   [8491BE] A:AF01 X:0006 Y:0027 S:012C D:0E68 DB:86 nvMXdizc V:250 H: 71 F:25

				8491BE 08          PHP                    A:AF01 X:0006 Y:0027 S:0129 D:0E68 DB:86 nvMXdizc V:250 H: 84 F:25
				8491BF 0B          PHD                    A:AF01 X:0006 Y:0027 S:0128 D:0E68 DB:86 nvMXdizc V:250 H: 89 F:25
				8491C0 C2 30       REP #$30               A:AF01 X:0006 Y:0027 S:0126 D:0E68 DB:86 nvMXdizc V:250 H: 96 F:25
				8491C2 A5 20       LDA $20       [000E88] A:AF01 X:0006 Y:0027 S:0126 D:0E68 DB:86 nvmxdizc V:250 H:101 F:25
				8491C4 F0 15       BEQ $0015     [8491DB] A:C42D X:0006 Y:0027 S:0126 D:0E68 DB:86 Nvmxdizc V:250 H:109 F:25
				8491C6 7B          TDC                    A:C42D X:0006 Y:0027 S:0126 D:0E68 DB:86 Nvmxdizc V:250 H:112 F:25
				8491C7 AA          TAX                    A:0E68 X:0006 Y:0027 S:0126 D:0E68 DB:86 nvmxdizc V:250 H:115 F:25
				8491C8 A9 00 00    LDA #$0000             A:0E68 X:0E68 Y:0027 S:0126 D:0E68 DB:86 nvmxdizc V:250 H:118 F:25
				8491CB 5B          TCD                    A:0000 X:0E68 Y:0027 S:0126 D:0E68 DB:86 nvmxdiZc V:250 H:123 F:25
				8491CC 64 14       STZ $14       [000014] A:0000 X:0E68 Y:0027 S:0126 D:0000 DB:86 nvmxdiZc V:250 H:126 F:25
				8491CE B5 2B       LDA $2B,X     [000E93] A:0000 X:0E68 Y:0027 S:0126 D:0000 DB:86 nvmxdiZc V:250 H:133 F:25
				8491D0 29 00 FF    AND #$FF00             A:0001 X:0E68 Y:0027 S:0126 D:0000 DB:86 nvmxdizc V:250 H:151 F:25
				8491D3 95 2B       STA $2B,X     [000E93] A:0000 X:0E68 Y:0027 S:0126 D:0000 DB:86 nvmxdiZc V:250 H:156 F:25
				8491D5 20 AC 92    JSR $92AC     [8492AC] A:0000 X:0E68 Y:0027 S:0126 D:0000 DB:86 nvmxdiZc V:250 H:164 F:25

					8492AC C2 30       REP #$30               A:0000 X:0E68 Y:0027 S:0124 D:0000 DB:86 nvmxdiZc V:250 H:174 F:25
					8492AE B5 05       LDA $05,X     [000E6D] A:0000 X:0E68 Y:0027 S:0124 D:0000 DB:86 nvmxdiZc V:250 H:179 F:25
					8492B0 38          SEC                    A:1EE3 X:0E68 Y:0027 S:0124 D:0000 DB:86 nvmxdizc V:250 H:187 F:25
					8492B1 F5 22       SBC $22,X     [000E8A] A:1EE3 X:0E68 Y:0027 S:0124 D:0000 DB:86 nvmxdizC V:250 H:190 F:25
					8492B3 85 00       STA $00       [000000] A:0002 X:0E68 Y:0027 S:0124 D:0000 DB:86 nvmxdizC V:250 H:199 F:25
					8492B5 E2 20       SEP #$20               A:0002 X:0E68 Y:0027 S:0124 D:0000 DB:86 nvmxdizC V:250 H:206 F:25
					8492B7 F0 4C       BEQ $004C     [849305] A:0002 X:0E68 Y:0027 S:0124 D:0000 DB:86 nvMxdizC V:250 H:210 F:25
					8492B9 B4 20       LDY $20,X     [000E88] A:0002 X:0E68 Y:0027 S:0124 D:0000 DB:86 nvMxdizC V:250 H:213 F:25
					8492BB B9 05 00    LDA $0005,Y   [86C432] A:0002 X:0E68 Y:C42D S:0124 D:0000 DB:86 NvMxdizC V:250 H:222 F:25
					8492BE 34 11       BIT $11,X     [000E79] A:0000 X:0E68 Y:C42D S:0124 D:0000 DB:86 nvMxdiZC V:250 H:229 F:25
					8492C0 50 03       BVC $0003     [8492C5] A:0000 X:0E68 Y:C42D S:0124 D:0000 DB:86 nVMxdiZC V:250 H:236 F:25
					8492C2 49 FF       EOR #$FF               A:0000 X:0E68 Y:C42D S:0124 D:0000 DB:86 nVMxdiZC V:250 H:239 F:25
					8492C4 1A          INC                    A:00FF X:0E68 Y:C42D S:0124 D:0000 DB:86 NVMxdizC V:250 H:242 F:25
					8492C5 24 00       BIT $00       [000000] A:0000 X:0E68 Y:C42D S:0124 D:0000 DB:86 nVMxdiZC V:250 H:245 F:25
					8492C7 10 06       BPL $0006     [8492CF] A:0000 X:0E68 Y:C42D S:0124 D:0000 DB:86 nvMxdiZC V:250 H:250 F:25
					8492CF 18          CLC                    A:0000 X:0E68 Y:C42D S:0124 D:0000 DB:86 nvMxdiZC V:250 H:254 F:25
					8492D0 79 07 00    ADC $0007,Y   [86C434] A:0000 X:0E68 Y:C42D S:0124 D:0000 DB:86 nvMxdiZc V:250 H:257 F:25
					8492D3 95 29       STA $29,X     [000E91] A:000E X:0E68 Y:C42D S:0124 D:0000 DB:86 nvMxdizc V:250 H:265 F:25
					8492D5 B9 06 00    LDA $0006,Y   [86C433] A:000E X:0E68 Y:C42D S:0124 D:0000 DB:86 nvMxdizc V:250 H:271 F:25
					8492D8 95 2A       STA $2A,X     [000E92] A:0002 X:0E68 Y:C42D S:0124 D:0000 DB:86 nvMxdizc V:250 H:279 F:25
					8492DA 20 15 93    JSR $9315     [849315] A:0002 X:0E68 Y:C42D S:0124 D:0000 DB:86 nvMxdizc V:250 H:285 F:25

						849315 20 B3 90    JSR $90B3     [8490B3] A:0002 X:0E68 Y:C42D S:0122 D:0000 DB:86 nvMxdizc V:250 H:295 F:25

							8490B3 0B          PHD                    A:0002 X:0E68 Y:C42D S:0120 D:0000 DB:86 nvMxdizc V:250 H:305 F:25
							8490B4 DA          PHX                    A:0002 X:0E68 Y:C42D S:011E D:0000 DB:86 nvMxdizc V:250 H:312 F:25
							8490B5 08          PHP                    A:0002 X:0E68 Y:C42D S:011C D:0000 DB:86 nvMxdizc V:250 H:319 F:25
							8490B6 E2 20       SEP #$20               A:0002 X:0E68 Y:C42D S:011B D:0000 DB:86 nvMxdizc V:250 H:324 F:25
							8490B8 C2 10       REP #$10               A:0002 X:0E68 Y:C42D S:011B D:0000 DB:86 nvMxdizc V:250 H:328 F:25
							8490BA 64 01       STZ $01       [000001] A:0002 X:0E68 Y:C42D S:011B D:0000 DB:86 nvMxdizc V:250 H:332 F:25
							8490BC B5 29       LDA $29,X     [000E91] A:0002 X:0E68 Y:C42D S:011B D:0000 DB:86 nvMxdizc V:250 H:337 F:25
							8490BE 10 02       BPL $0002     [8490C2] A:000E X:0E68 Y:C42D S:011B D:0000 DB:86 nvMxdizc V:251 H:  4 F:25
							8490C2 18          CLC                    A:000E X:0E68 Y:C42D S:011B D:0000 DB:86 nvMxdizc V:251 H:  8 F:25
							8490C3 75 05       ADC $05,X     [000E6D] A:000E X:0E68 Y:C42D S:011B D:0000 DB:86 nvMxdizc V:251 H: 11 F:25
							8490C5 85 00       STA $00       [000000] A:00F1 X:0E68 Y:C42D S:011B D:0000 DB:86 NvMxdizc V:251 H: 18 F:25
							8490C7 B5 06       LDA $06,X     [000E6E] A:00F1 X:0E68 Y:C42D S:011B D:0000 DB:86 NvMxdizc V:251 H: 23 F:25
							8490C9 65 01       ADC $01       [000001] A:001E X:0E68 Y:C42D S:011B D:0000 DB:86 nvMxdizc V:251 H: 29 F:25
							8490CB 85 01       STA $01       [000001] A:001E X:0E68 Y:C42D S:011B D:0000 DB:86 nvMxdizc V:251 H: 34 F:25
							8490CD 64 03       STZ $03       [000003] A:001E X:0E68 Y:C42D S:011B D:0000 DB:86 nvMxdizc V:251 H: 39 F:25
							8490CF B5 2A       LDA $2A,X     [000E92] A:001E X:0E68 Y:C42D S:011B D:0000 DB:86 nvMxdizc V:251 H: 44 F:25
							8490D1 10 02       BPL $0002     [8490D5] A:0002 X:0E68 Y:C42D S:011B D:0000 DB:86 nvMxdizc V:251 H: 51 F:25
							8490D5 18          CLC                    A:0002 X:0E68 Y:C42D S:011B D:0000 DB:86 nvMxdizc V:251 H: 55 F:25
							8490D6 75 08       ADC $08,X     [000E70] A:0002 X:0E68 Y:C42D S:011B D:0000 DB:86 nvMxdizc V:251 H: 58 F:25
							8490D8 85 02       STA $02       [000002] A:00B1 X:0E68 Y:C42D S:011B D:0000 DB:86 NvMxdizc V:251 H: 65 F:25
							8490DA 29 F0       AND #$F0               A:00B1 X:0E68 Y:C42D S:011B D:0000 DB:86 NvMxdizc V:251 H: 70 F:25
							8490DC 85 0A       STA $0A       [00000A] A:00B0 X:0E68 Y:C42D S:011B D:0000 DB:86 NvMxdizc V:251 H: 73 F:25
							8490DE B5 09       LDA $09,X     [000E71] A:00B0 X:0E68 Y:C42D S:011B D:0000 DB:86 NvMxdizc V:251 H: 78 F:25
							8490E0 65 03       ADC $03       [000003] A:0001 X:0E68 Y:C42D S:011B D:0000 DB:86 nvMxdizc V:251 H: 84 F:25
							8490E2 85 03       STA $03       [000003] A:0001 X:0E68 Y:C42D S:011B D:0000 DB:86 nvMxdizc V:251 H: 89 F:25
							8490E4 85 0B       STA $0B       [00000B] A:0001 X:0E68 Y:C42D S:011B D:0000 DB:86 nvMxdizc V:251 H: 94 F:25
							8490E6 A5 00       LDA $00       [000000] A:0001 X:0E68 Y:C42D S:011B D:0000 DB:86 nvMxdizc V:251 H: 99 F:25
							8490E8 29 0F       AND #$0F               A:00F1 X:0E68 Y:C42D S:011B D:0000 DB:86 NvMxdizc V:251 H:104 F:25
							8490EA 1A          INC                    A:0001 X:0E68 Y:C42D S:011B D:0000 DB:86 nvMxdizc V:251 H:107 F:25
							8490EB 85 0C       STA $0C       [00000C] A:0002 X:0E68 Y:C42D S:011B D:0000 DB:86 nvMxdizc V:251 H:110 F:25
							8490ED A5 02       LDA $02       [000002] A:0002 X:0E68 Y:C42D S:011B D:0000 DB:86 nvMxdizc V:251 H:115 F:25
							8490EF 29 0F       AND #$0F               A:00B1 X:0E68 Y:C42D S:011B D:0000 DB:86 NvMxdizc V:251 H:120 F:25
							8490F1 1A          INC                    A:0001 X:0E68 Y:C42D S:011B D:0000 DB:86 nvMxdizc V:251 H:123 F:25
							8490F2 85 0E       STA $0E       [00000E] A:0002 X:0E68 Y:C42D S:011B D:0000 DB:86 nvMxdizc V:251 H:126 F:25
							8490F4 C2 20       REP #$20               A:0002 X:0E68 Y:C42D S:011B D:0000 DB:86 nvMxdizc V:251 H:131 F:25
							8490F6 20 6A 91    JSR $916A     [84916A] A:0002 X:0E68 Y:C42D S:011B D:0000 DB:86 nvmxdizc V:251 H:146 F:25

								84916A A9 00 E8    LDA #$E800             A:0002 X:0E68 Y:C42D S:0119 D:0000 DB:86 nvmxdizc V:251 H:156 F:25
								84916D 85 10       STA $10       [000010] A:E800 X:0E68 Y:C42D S:0119 D:0000 DB:86 Nvmxdizc V:251 H:160 F:25
								84916F A9 7E 00    LDA #$007E             A:E800 X:0E68 Y:C42D S:0119 D:0000 DB:86 Nvmxdizc V:251 H:167 F:25
								849172 85 12       STA $12       [000012] A:007E X:0E68 Y:C42D S:0119 D:0000 DB:86 nvmxdizc V:251 H:172 F:25
								849174 A5 02       LDA $02       [000002] A:007E X:0E68 Y:C42D S:0119 D:0000 DB:86 nvmxdizc V:251 H:179 F:25
								849176 29 F0 00    AND #$00F0             A:01B1 X:0E68 Y:C42D S:0119 D:0000 DB:86 nvmxdizc V:251 H:186 F:25
								849179 0A          ASL A                  A:00B0 X:0E68 Y:C42D S:0119 D:0000 DB:86 nvmxdizc V:251 H:190 F:25
								84917A 85 04       STA $04       [000004] A:0160 X:0E68 Y:C42D S:0119 D:0000 DB:86 nvmxdizc V:251 H:193 F:25
								84917C A5 00       LDA $00       [000000] A:0160 X:0E68 Y:C42D S:0119 D:0000 DB:86 nvmxdizc V:251 H:200 F:25
								84917E 29 FF 00    AND #$00FF             A:1EF1 X:0E68 Y:C42D S:0119 D:0000 DB:86 nvmxdizc V:251 H:207 F:25
								849181 4A          LSR A                  A:00F1 X:0E68 Y:C42D S:0119 D:0000 DB:86 nvmxdizc V:251 H:212 F:25
								849182 4A          LSR A                  A:0078 X:0E68 Y:C42D S:0119 D:0000 DB:86 nvmxdizC V:251 H:215 F:25
								849183 4A          LSR A                  A:003C X:0E68 Y:C42D S:0119 D:0000 DB:86 nvmxdizc V:251 H:218 F:25
								849184 29 FE FF    AND #$FFFE             A:001E X:0E68 Y:C42D S:0119 D:0000 DB:86 nvmxdizc V:251 H:221 F:25
								849187 18          CLC                    A:001E X:0E68 Y:C42D S:0119 D:0000 DB:86 nvmxdizc V:251 H:225 F:25
								849188 65 04       ADC $04       [000004] A:001E X:0E68 Y:C42D S:0119 D:0000 DB:86 nvmxdizc V:251 H:228 F:25
								84918A 85 06       STA $06       [000006] A:017E X:0E68 Y:C42D S:0119 D:0000 DB:86 nvmxdizc V:251 H:235 F:25
								84918C A5 00       LDA $00       [000000] A:017E X:0E68 Y:C42D S:0119 D:0000 DB:86 nvmxdizc V:251 H:242 F:25
								84918E EB          XBA                    A:1EF1 X:0E68 Y:C42D S:0119 D:0000 DB:86 nvmxdizc V:251 H:249 F:25
								84918F 29 1F 00    AND #$001F             A:F11E X:0E68 Y:C42D S:0119 D:0000 DB:86 nvmxdizc V:251 H:254 F:25
								849192 85 04       STA $04       [000004] A:001E X:0E68 Y:C42D S:0119 D:0000 DB:86 nvmxdizc V:251 H:258 F:25
								849194 A5 02       LDA $02       [000002] A:001E X:0E68 Y:C42D S:0119 D:0000 DB:86 nvmxdizc V:251 H:265 F:25
								849196 29 00 1F    AND #$1F00             A:01B1 X:0E68 Y:C42D S:0119 D:0000 DB:86 nvmxdizc V:251 H:272 F:25
								849199 4A          LSR A                  A:0100 X:0E68 Y:C42D S:0119 D:0000 DB:86 nvmxdizc V:251 H:277 F:25
								84919A 4A          LSR A                  A:0080 X:0E68 Y:C42D S:0119 D:0000 DB:86 nvmxdizc V:251 H:280 F:25
								84919B 4A          LSR A                  A:0040 X:0E68 Y:C42D S:0119 D:0000 DB:86 nvmxdizc V:251 H:283 F:25
								84919C 18          CLC                    A:0020 X:0E68 Y:C42D S:0119 D:0000 DB:86 nvmxdizc V:251 H:286 F:25
								84919D 65 04       ADC $04       [000004] A:0020 X:0E68 Y:C42D S:0119 D:0000 DB:86 nvmxdizc V:251 H:289 F:25
								84919F A8          TAY                    A:003E X:0E68 Y:C42D S:0119 D:0000 DB:86 nvmxdizc V:251 H:296 F:25
								8491A0 B7 10       LDA [$10],Y   [7EE83E] A:003E X:0E68 Y:003E S:0119 D:0000 DB:86 nvmxdizc V:251 H:299 F:25
								8491A2 29 FF 00    AND #$00FF             A:0005 X:0E68 Y:003E S:0119 D:0000 DB:86 nvmxdizc V:251 H:312 F:25
								8491A5 A8          TAY                    A:0005 X:0E68 Y:003E S:0119 D:0000 DB:86 nvmxdizc V:251 H:316 F:25
								8491A6 EB          XBA                    A:0005 X:0E68 Y:0005 S:0119 D:0000 DB:86 nvmxdizc V:251 H:319 F:25
								8491A7 0A          ASL A                  A:0500 X:0E68 Y:0005 S:0119 D:0000 DB:86 nvmxdiZc V:251 H:323 F:25
								8491A8 18          CLC                    A:0A00 X:0E68 Y:0005 S:0119 D:0000 DB:86 nvmxdizc V:251 H:326 F:25
								8491A9 65 06       ADC $06       [000006] A:0A00 X:0E68 Y:0005 S:0119 D:0000 DB:86 nvmxdizc V:251 H:329 F:25
								8491AB AA          TAX                    A:0B7E X:0E68 Y:0005 S:0119 D:0000 DB:86 nvmxdizc V:251 H:336 F:25
								8491AC 60          RTS                    A:0B7E X:0B7E Y:0005 S:0119 D:0000 DB:86 nvmxdizc V:251 H:339 F:25

							8490F9 BF 00 20 7E LDA $7E2000,X [7E2B7E] A:0B7E X:0B7E Y:0005 S:011B D:0000 DB:86 nvmxdizc V:252 H:  9 F:25
							8490FD A8          TAY                    A:02B8 X:0B7E Y:0005 S:011B D:0000 DB:86 nvmxdizc V:252 H: 19 F:25
							8490FE AD 92 0B    LDA $0B92     [860B92] A:02B8 X:0B7E Y:02B8 S:011B D:0000 DB:86 nvmxdizc V:252 H: 22 F:25
							849101 85 10       STA $10       [000010] A:EDC3 X:0B7E Y:02B8 S:011B D:0000 DB:86 Nvmxdizc V:252 H: 30 F:25
							849103 AD 94 0B    LDA $0B94     [860B94] A:EDC3 X:0B7E Y:02B8 S:011B D:0000 DB:86 Nvmxdizc V:252 H: 37 F:25
							849106 85 12       STA $12       [000012] A:E095 X:0B7E Y:02B8 S:011B D:0000 DB:86 Nvmxdizc V:252 H: 46 F:25
							849108 B7 10       LDA [$10],Y   [95F07B] A:E095 X:0B7E Y:02B8 S:011B D:0000 DB:86 Nvmxdizc V:252 H: 53 F:25
							84910A 29 FF 00    AND #$00FF             A:3B3B X:0B7E Y:02B8 S:011B D:0000 DB:86 nvmxdizc V:252 H: 65 F:25
							84910D 28          PLP                    A:003B X:0B7E Y:02B8 S:011B D:0000 DB:86 nvmxdizc V:252 H: 69 F:25
							84910E FA          PLX                    A:003B X:0B7E Y:02B8 S:011C D:0000 DB:86 nvMxdizc V:252 H: 76 F:25
							84910F 2B          PLD                    A:003B X:0E68 Y:02B8 S:011E D:0000 DB:86 nvMxdizc V:252 H: 84 F:25
							849110 60          RTS                    A:003B X:0E68 Y:02B8 S:0120 D:0000 DB:86 nvMxdiZc V:252 H: 93 F:25

						849318 B4 05       LDY $05,X     [000E6D] A:003B X:0E68 Y:02B8 S:0122 D:0000 DB:86 nvMxdiZc V:252 H:103 F:25
						84931A 84 10       STY $10       [000010] A:003B X:0E68 Y:1EE3 S:0122 D:0000 DB:86 nvMxdizc V:252 H:111 F:25
						84931C B4 08       LDY $08,X     [000E70] A:003B X:0E68 Y:1EE3 S:0122 D:0000 DB:86 nvMxdizc V:252 H:118 F:25
						84931E 84 12       STY $12       [000012] A:003B X:0E68 Y:01AF S:0122 D:0000 DB:86 nvMxdizc V:252 H:127 F:25
						849320 95 2D       STA $2D,X     [000E95] A:003B X:0E68 Y:01AF S:0122 D:0000 DB:86 nvMxdizc V:252 H:144 F:25
						849322 86 2C       STX $2C       [00002C] A:003B X:0E68 Y:01AF S:0122 D:0000 DB:86 nvMxdizc V:252 H:150 F:25
						849324 29 3F       AND #$3F               A:003B X:0E68 Y:01AF S:0122 D:0000 DB:86 nvMxdizc V:252 H:157 F:25
						849326 0A          ASL A                  A:003B X:0E68 Y:01AF S:0122 D:0000 DB:86 nvMxdizc V:252 H:160 F:25
						849327 EB          XBA                    A:0076 X:0E68 Y:01AF S:0122 D:0000 DB:86 nvMxdizc V:252 H:163 F:25
						849328 A9 00       LDA #$00               A:7600 X:0E68 Y:01AF S:0122 D:0000 DB:86 nvMxdiZc V:252 H:168 F:25
						84932A EB          XBA                    A:7600 X:0E68 Y:01AF S:0122 D:0000 DB:86 nvMxdiZc V:252 H:171 F:25
						84932B AA          TAX                    A:0076 X:0E68 Y:01AF S:0122 D:0000 DB:86 nvMxdizc V:252 H:175 F:25
						84932C FC 5D 93    JSR ($935D,X) [8493D3] A:0076 X:0076 Y:01AF S:0122 D:0000 DB:86 nvMxdizc V:252 H:178 F:25

							8493DD A6 2C       LDX $2C       [00002C] A:0076 X:0076 Y:01AF S:0120 D:0000 DB:86 nvMxdizc V:252 H:191 F:25
							8493DF 64 01       STZ $01       [000001] A:0076 X:0E68 Y:01AF S:0120 D:0000 DB:86 nvMxdizc V:252 H:198 F:25
							8493E1 A9 11       LDA #$11               A:0076 X:0E68 Y:01AF S:0120 D:0000 DB:86 nvMxdizc V:252 H:203 F:25
							8493E3 38          SEC                    A:0011 X:0E68 Y:01AF S:0120 D:0000 DB:86 nvMxdizc V:252 H:206 F:25
							8493E4 E5 0C       SBC $0C       [00000C] A:0011 X:0E68 Y:01AF S:0120 D:0000 DB:86 nvMxdizC V:252 H:209 F:25
							8493E6 34 29       BIT $29,X     [000E91] A:000F X:0E68 Y:01AF S:0120 D:0000 DB:86 nvMxdizC V:252 H:214 F:25
							8493E8 30 07       BMI $0007     [8493F1] A:000F X:0E68 Y:01AF S:0120 D:0000 DB:86 nvMxdizC V:252 H:221 F:25
							8493EA C6 01       DEC $01       [000001] A:000F X:0E68 Y:01AF S:0120 D:0000 DB:86 nvMxdizC V:252 H:224 F:25
							8493EC A5 0C       LDA $0C       [00000C] A:000F X:0E68 Y:01AF S:0120 D:0000 DB:86 NvMxdizC V:252 H:232 F:25
							8493EE 49 FF       EOR #$FF               A:0002 X:0E68 Y:01AF S:0120 D:0000 DB:86 nvMxdizC V:252 H:237 F:25
							8493F0 1A          INC                    A:00FD X:0E68 Y:01AF S:0120 D:0000 DB:86 NvMxdizC V:252 H:240 F:25
							8493F1 18          CLC                    A:00FE X:0E68 Y:01AF S:0120 D:0000 DB:86 NvMxdizC V:252 H:243 F:25
							8493F2 75 05       ADC $05,X     [000E6D] A:00FE X:0E68 Y:01AF S:0120 D:0000 DB:86 NvMxdizc V:252 H:246 F:25
							8493F4 95 05       STA $05,X     [000E6D] A:00E1 X:0E68 Y:01AF S:0120 D:0000 DB:86 NvMxdizC V:252 H:253 F:25
							8493F6 B5 06       LDA $06,X     [000E6E] A:00E1 X:0E68 Y:01AF S:0120 D:0000 DB:86 NvMxdizC V:252 H:259 F:25
							8493F8 65 01       ADC $01       [000001] A:001E X:0E68 Y:01AF S:0120 D:0000 DB:86 nvMxdizC V:252 H:266 F:25
							8493FA 95 06       STA $06,X     [000E6E] A:001E X:0E68 Y:01AF S:0120 D:0000 DB:86 nvMxdizC V:252 H:271 F:25
							8493FC A9 01       LDA #$01               A:001E X:0E68 Y:01AF S:0120 D:0000 DB:86 nvMxdizC V:252 H:277 F:25
							8493FE 60          RTS                    A:0001 X:0E68 Y:01AF S:0120 D:0000 DB:86 nvMxdizC V:252 H:280 F:25

						84932F 08          PHP                    A:0001 X:0E68 Y:01AF S:0122 D:0000 DB:86 nvMxdizC V:252 H:290 F:25
						849330 A6 2C       LDX $2C       [00002C] A:0001 X:0E68 Y:01AF S:0121 D:0000 DB:86 nvMxdizC V:252 H:295 F:25
						849332 A9 01       LDA #$01               A:0001 X:0E68 Y:01AF S:0121 D:0000 DB:86 nvMxdizC V:252 H:302 F:25
						849334 34 29       BIT $29,X     [000E91] A:0001 X:0E68 Y:01AF S:0121 D:0000 DB:86 nvMxdizC V:252 H:305 F:25
						849336 10 02       BPL $0002     [84933A] A:0001 X:0E68 Y:01AF S:0121 D:0000 DB:86 nvMxdiZC V:252 H:312 F:25
						84933A 28          PLP                    A:0001 X:0E68 Y:01AF S:0121 D:0000 DB:86 nvMxdiZC V:252 H:316 F:25
						84933B F0 0C       BEQ $000C     [849349] A:0001 X:0E68 Y:01AF S:0122 D:0000 DB:86 nvMxdizC V:252 H:323 F:25
						84933D 30 16       BMI $0016     [849355] A:0001 X:0E68 Y:01AF S:0122 D:0000 DB:86 nvMxdizC V:252 H:325 F:25
						84933F 15 2B       ORA $2B,X     [000E93] A:0001 X:0E68 Y:01AF S:0122 D:0000 DB:86 nvMxdizC V:252 H:328 F:25
						849341 95 2B       STA $2B,X     [000E93] A:0001 X:0E68 Y:01AF S:0122 D:0000 DB:86 nvMxdizC V:252 H:334 F:25
						849343 20 08 93    JSR $9308     [849308] A:0001 X:0E68 Y:01AF S:0122 D:0000 DB:86 nvMxdizC V:253 H:  1 F:25

							849308 A5 14       LDA $14       [000014] A:0001 X:0E68 Y:01AF S:0120 D:0000 DB:86 nvMxdizC V:253 H: 11 F:25
							84930A F0 08       BEQ $0008     [849314] A:0000 X:0E68 Y:01AF S:0120 D:0000 DB:86 nvMxdiZC V:253 H: 16 F:25
							849314 60          RTS                    A:0000 X:0E68 Y:01AF S:0120 D:0000 DB:86 nvMxdiZC V:253 H: 20 F:25

						849346 A9 01       LDA #$01               A:0000 X:0E68 Y:01AF S:0122 D:0000 DB:86 nvMxdiZC V:253 H: 30 F:25
						849348 60          RTS                    A:0001 X:0E68 Y:01AF S:0122 D:0000 DB:86 nvMxdizC V:253 H: 33 F:25

					8492DD D0 26       BNE $0026     [849305] A:0001 X:0E68 Y:01AF S:0124 D:0000 DB:86 nvMxdizC V:253 H: 43 F:25
					849305 C2 30       REP #$30               A:0001 X:0E68 Y:01AF S:0124 D:0000 DB:86 nvMxdizC V:253 H: 48 F:25
					849307 60          RTS                    A:0001 X:0E68 Y:01AF S:0124 D:0000 DB:86 nvmxdizC V:253 H: 52 F:25

				8491D8 20 ED 91    JSR $91ED     [8491ED] A:0001 X:0E68 Y:01AF S:0126 D:0000 DB:86 nvmxdizC V:253 H: 62 F:25

					8491ED B5 08       LDA $08,X     [000E70] A:0001 X:0E68 Y:01AF S:0124 D:0000 DB:86 nvmxdizC V:253 H: 72 F:25
					8491EF D5 24       CMP $24,X     [000E8C] A:01AF X:0E68 Y:01AF S:0124 D:0000 DB:86 nvmxdizC V:253 H: 81 F:25
					8491F1 F0 F2       BEQ $00F2     [8491E5] A:01AF X:0E68 Y:01AF S:0124 D:0000 DB:86 nvmxdizC V:253 H: 89 F:25
					8491F3 10 4D       BPL $004D     [849242] A:01AF X:0E68 Y:01AF S:0124 D:0000 DB:86 nvmxdizC V:253 H: 92 F:25
					849242 E2 20       SEP #$20               A:01AF X:0E68 Y:01AF S:0124 D:0000 DB:86 nvmxdizC V:253 H: 97 F:25
					849244 A0 04 00    LDY #$0004             A:01AF X:0E68 Y:01AF S:0124 D:0000 DB:86 nvMxdizC V:253 H:101 F:25
					849247 AD 1C 1F    LDA $1F1C     [861F1C] A:01AF X:0E68 Y:0004 S:0124 D:0000 DB:86 nvMxdizC V:253 H:106 F:25
					84924A F0 03       BEQ $0003     [84924F] A:0100 X:0E68 Y:0004 S:0124 D:0000 DB:86 nvMxdiZC V:253 H:112 F:25
					84924F B5 2F       LDA $2F,X     [000E97] A:0100 X:0E68 Y:0004 S:0124 D:0000 DB:86 nvMxdiZC V:253 H:117 F:25
					849251 F0 03       BEQ $0003     [849256] A:01FF X:0E68 Y:0004 S:0124 D:0000 DB:86 NvMxdizC V:253 H:123 F:25
					849253 A0 00 00    LDY #$0000             A:01FF X:0E68 Y:0004 S:0124 D:0000 DB:86 NvMxdizC V:253 H:126 F:25
					849256 98          TYA                    A:01FF X:0E68 Y:0000 S:0124 D:0000 DB:86 nvMxdiZC V:253 H:131 F:25
					849257 09 80       ORA #$80               A:0100 X:0E68 Y:0000 S:0124 D:0000 DB:86 nvMxdiZC V:253 H:134 F:25
					849259 85 08       STA $08       [000008] A:0180 X:0E68 Y:0000 S:0124 D:0000 DB:86 NvMxdizC V:253 H:147 F:25
					84925B B4 20       LDY $20,X     [000E88] A:0180 X:0E68 Y:0000 S:0124 D:0000 DB:86 NvMxdizC V:253 H:152 F:25
					84925D B9 06 00    LDA $0006,Y   [86C433] A:0180 X:0E68 Y:C42D S:0124 D:0000 DB:86 NvMxdizC V:253 H:160 F:25
					849260 18          CLC                    A:0102 X:0E68 Y:C42D S:0124 D:0000 DB:86 nvMxdizC V:253 H:168 F:25
					849261 79 08 00    ADC $0008,Y   [86C435] A:0102 X:0E68 Y:C42D S:0124 D:0000 DB:86 nvMxdizc V:253 H:171 F:25
					849264 95 2A       STA $2A,X     [000E92] A:0113 X:0E68 Y:C42D S:0124 D:0000 DB:86 nvMxdizc V:253 H:178 F:25
					849266 B9 05 00    LDA $0005,Y   [86C432] A:0113 X:0E68 Y:C42D S:0124 D:0000 DB:86 nvMxdizc V:253 H:185 F:25
					849269 34 11       BIT $11,X     [000E79] A:0100 X:0E68 Y:C42D S:0124 D:0000 DB:86 nvMxdiZc V:253 H:192 F:25
					84926B 50 03       BVC $0003     [849270] A:0100 X:0E68 Y:C42D S:0124 D:0000 DB:86 nVMxdiZc V:253 H:199 F:25
					84926D 49 FF       EOR #$FF               A:0100 X:0E68 Y:C42D S:0124 D:0000 DB:86 nVMxdiZc V:253 H:202 F:25
					84926F 1A          INC                    A:01FF X:0E68 Y:C42D S:0124 D:0000 DB:86 NVMxdizc V:253 H:205 F:25
					849270 95 29       STA $29,X     [000E91] A:0100 X:0E68 Y:C42D S:0124 D:0000 DB:86 nVMxdiZc V:253 H:208 F:25
					849272 20 C4 95    JSR $95C4     [8495C4] A:0100 X:0E68 Y:C42D S:0124 D:0000 DB:86 nVMxdiZc V:253 H:214 F:25

						8495C4 B5 2A       LDA $2A,X     [000E92] A:0100 X:0E68 Y:C42D S:0122 D:0000 DB:86 nVMxdiZc V:253 H:224 F:25
						8495C6 48          PHA                    A:0113 X:0E68 Y:C42D S:0122 D:0000 DB:86 nVMxdizc V:253 H:231 F:25
						8495C7 A5 08       LDA $08       [000008] A:0113 X:0E68 Y:C42D S:0121 D:0000 DB:86 nVMxdizc V:253 H:236 F:25
						8495C9 29 7F       AND #$7F               A:0180 X:0E68 Y:C42D S:0121 D:0000 DB:86 NVMxdizc V:253 H:241 F:25
						8495CB 18          CLC                    A:0100 X:0E68 Y:C42D S:0121 D:0000 DB:86 nVMxdiZc V:253 H:244 F:25
						8495CC 75 2A       ADC $2A,X     [000E92] A:0100 X:0E68 Y:C42D S:0121 D:0000 DB:86 nVMxdiZc V:253 H:247 F:25
						8495CE 95 2A       STA $2A,X     [000E92] A:0113 X:0E68 Y:C42D S:0121 D:0000 DB:86 nvMxdizc V:253 H:253 F:25
						8495D0 20 B3 90    JSR $90B3     [8490B3] A:0113 X:0E68 Y:C42D S:0121 D:0000 DB:86 nvMxdizc V:253 H:260 F:25

							8490B3 0B          PHD                    A:0113 X:0E68 Y:C42D S:011F D:0000 DB:86 nvMxdizc V:253 H:270 F:25
							8490B4 DA          PHX                    A:0113 X:0E68 Y:C42D S:011D D:0000 DB:86 nvMxdizc V:253 H:277 F:25
							8490B5 08          PHP                    A:0113 X:0E68 Y:C42D S:011B D:0000 DB:86 nvMxdizc V:253 H:284 F:25
							8490B6 E2 20       SEP #$20               A:0113 X:0E68 Y:C42D S:011A D:0000 DB:86 nvMxdizc V:253 H:289 F:25
							8490B8 C2 10       REP #$10               A:0113 X:0E68 Y:C42D S:011A D:0000 DB:86 nvMxdizc V:253 H:293 F:25
							8490BA 64 01       STZ $01       [000001] A:0113 X:0E68 Y:C42D S:011A D:0000 DB:86 nvMxdizc V:253 H:298 F:25
							8490BC B5 29       LDA $29,X     [000E91] A:0113 X:0E68 Y:C42D S:011A D:0000 DB:86 nvMxdizc V:253 H:303 F:25
							8490BE 10 02       BPL $0002     [8490C2] A:0100 X:0E68 Y:C42D S:011A D:0000 DB:86 nvMxdiZc V:253 H:309 F:25
							8490C2 18          CLC                    A:0100 X:0E68 Y:C42D S:011A D:0000 DB:86 nvMxdiZc V:253 H:314 F:25
							8490C3 75 05       ADC $05,X     [000E6D] A:0100 X:0E68 Y:C42D S:011A D:0000 DB:86 nvMxdiZc V:253 H:317 F:25
							8490C5 85 00       STA $00       [000000] A:01E1 X:0E68 Y:C42D S:011A D:0000 DB:86 NvMxdizc V:253 H:323 F:25
							8490C7 B5 06       LDA $06,X     [000E6E] A:01E1 X:0E68 Y:C42D S:011A D:0000 DB:86 NvMxdizc V:253 H:327 F:25
							8490C9 65 01       ADC $01       [000001] A:011E X:0E68 Y:C42D S:011A D:0000 DB:86 nvMxdizc V:253 H:334 F:25
							8490CB 85 01       STA $01       [000001] A:011E X:0E68 Y:C42D S:011A D:0000 DB:86 nvMxdizc V:253 H:339 F:25
							8490CD 64 03       STZ $03       [000003] A:011E X:0E68 Y:C42D S:011A D:0000 DB:86 nvMxdizc V:254 H:  4 F:25
							8490CF B5 2A       LDA $2A,X     [000E92] A:011E X:0E68 Y:C42D S:011A D:0000 DB:86 nvMxdizc V:254 H:  9 F:25
							8490D1 10 02       BPL $0002     [8490D5] A:0113 X:0E68 Y:C42D S:011A D:0000 DB:86 nvMxdizc V:254 H: 15 F:25
							8490D5 18          CLC                    A:0113 X:0E68 Y:C42D S:011A D:0000 DB:86 nvMxdizc V:254 H: 20 F:25
							8490D6 75 08       ADC $08,X     [000E70] A:0113 X:0E68 Y:C42D S:011A D:0000 DB:86 nvMxdizc V:254 H: 23 F:25
							8490D8 85 02       STA $02       [000002] A:01C2 X:0E68 Y:C42D S:011A D:0000 DB:86 NvMxdizc V:254 H: 29 F:25
							8490DA 29 F0       AND #$F0               A:01C2 X:0E68 Y:C42D S:011A D:0000 DB:86 NvMxdizc V:254 H: 34 F:25
							8490DC 85 0A       STA $0A       [00000A] A:01C0 X:0E68 Y:C42D S:011A D:0000 DB:86 NvMxdizc V:254 H: 37 F:25
							8490DE B5 09       LDA $09,X     [000E71] A:01C0 X:0E68 Y:C42D S:011A D:0000 DB:86 NvMxdizc V:254 H: 42 F:25
							8490E0 65 03       ADC $03       [000003] A:0101 X:0E68 Y:C42D S:011A D:0000 DB:86 nvMxdizc V:254 H: 49 F:25
							8490E2 85 03       STA $03       [000003] A:0101 X:0E68 Y:C42D S:011A D:0000 DB:86 nvMxdizc V:254 H: 54 F:25
							8490E4 85 0B       STA $0B       [00000B] A:0101 X:0E68 Y:C42D S:011A D:0000 DB:86 nvMxdizc V:254 H: 59 F:25
							8490E6 A5 00       LDA $00       [000000] A:0101 X:0E68 Y:C42D S:011A D:0000 DB:86 nvMxdizc V:254 H: 64 F:25
							8490E8 29 0F       AND #$0F               A:01E1 X:0E68 Y:C42D S:011A D:0000 DB:86 NvMxdizc V:254 H: 69 F:25
							8490EA 1A          INC                    A:0101 X:0E68 Y:C42D S:011A D:0000 DB:86 nvMxdizc V:254 H: 72 F:25
							8490EB 85 0C       STA $0C       [00000C] A:0102 X:0E68 Y:C42D S:011A D:0000 DB:86 nvMxdizc V:254 H: 75 F:25
							8490ED A5 02       LDA $02       [000002] A:0102 X:0E68 Y:C42D S:011A D:0000 DB:86 nvMxdizc V:254 H: 80 F:25
							8490EF 29 0F       AND #$0F               A:01C2 X:0E68 Y:C42D S:011A D:0000 DB:86 NvMxdizc V:254 H: 85 F:25
							8490F1 1A          INC                    A:0102 X:0E68 Y:C42D S:011A D:0000 DB:86 nvMxdizc V:254 H: 88 F:25
							8490F2 85 0E       STA $0E       [00000E] A:0103 X:0E68 Y:C42D S:011A D:0000 DB:86 nvMxdizc V:254 H: 91 F:25
							8490F4 C2 20       REP #$20               A:0103 X:0E68 Y:C42D S:011A D:0000 DB:86 nvMxdizc V:254 H: 96 F:25
							8490F6 20 6A 91    JSR $916A     [84916A] A:0103 X:0E68 Y:C42D S:011A D:0000 DB:86 nvmxdizc V:254 H:100 F:25

								84916A A9 00 E8    LDA #$E800             A:0103 X:0E68 Y:C42D S:0118 D:0000 DB:86 nvmxdizc V:254 H:110 F:25
								84916D 85 10       STA $10       [000010] A:E800 X:0E68 Y:C42D S:0118 D:0000 DB:86 Nvmxdizc V:254 H:115 F:25
								84916F A9 7E 00    LDA #$007E             A:E800 X:0E68 Y:C42D S:0118 D:0000 DB:86 Nvmxdizc V:254 H:122 F:25
								849172 85 12       STA $12       [000012] A:007E X:0E68 Y:C42D S:0118 D:0000 DB:86 nvmxdizc V:254 H:126 F:25
								849174 A5 02       LDA $02       [000002] A:007E X:0E68 Y:C42D S:0118 D:0000 DB:86 nvmxdizc V:254 H:143 F:25
								849176 29 F0 00    AND #$00F0             A:01C2 X:0E68 Y:C42D S:0118 D:0000 DB:86 nvmxdizc V:254 H:150 F:25
								849179 0A          ASL A                  A:00C0 X:0E68 Y:C42D S:0118 D:0000 DB:86 nvmxdizc V:254 H:155 F:25
								84917A 85 04       STA $04       [000004] A:0180 X:0E68 Y:C42D S:0118 D:0000 DB:86 nvmxdizc V:254 H:158 F:25
								84917C A5 00       LDA $00       [000000] A:0180 X:0E68 Y:C42D S:0118 D:0000 DB:86 nvmxdizc V:254 H:165 F:25
								84917E 29 FF 00    AND #$00FF             A:1EE1 X:0E68 Y:C42D S:0118 D:0000 DB:86 nvmxdizc V:254 H:172 F:25
								849181 4A          LSR A                  A:00E1 X:0E68 Y:C42D S:0118 D:0000 DB:86 nvmxdizc V:254 H:176 F:25
								849182 4A          LSR A                  A:0070 X:0E68 Y:C42D S:0118 D:0000 DB:86 nvmxdizC V:254 H:179 F:25
								849183 4A          LSR A                  A:0038 X:0E68 Y:C42D S:0118 D:0000 DB:86 nvmxdizc V:254 H:182 F:25
								849184 29 FE FF    AND #$FFFE             A:001C X:0E68 Y:C42D S:0118 D:0000 DB:86 nvmxdizc V:254 H:185 F:25
								849187 18          CLC                    A:001C X:0E68 Y:C42D S:0118 D:0000 DB:86 nvmxdizc V:254 H:190 F:25
								849188 65 04       ADC $04       [000004] A:001C X:0E68 Y:C42D S:0118 D:0000 DB:86 nvmxdizc V:254 H:193 F:25
								84918A 85 06       STA $06       [000006] A:019C X:0E68 Y:C42D S:0118 D:0000 DB:86 nvmxdizc V:254 H:200 F:25
								84918C A5 00       LDA $00       [000000] A:019C X:0E68 Y:C42D S:0118 D:0000 DB:86 nvmxdizc V:254 H:207 F:25
								84918E EB          XBA                    A:1EE1 X:0E68 Y:C42D S:0118 D:0000 DB:86 nvmxdizc V:254 H:214 F:25
								84918F 29 1F 00    AND #$001F             A:E11E X:0E68 Y:C42D S:0118 D:0000 DB:86 nvmxdizc V:254 H:218 F:25
								849192 85 04       STA $04       [000004] A:001E X:0E68 Y:C42D S:0118 D:0000 DB:86 nvmxdizc V:254 H:223 F:25
								849194 A5 02       LDA $02       [000002] A:001E X:0E68 Y:C42D S:0118 D:0000 DB:86 nvmxdizc V:254 H:230 F:25
								849196 29 00 1F    AND #$1F00             A:01C2 X:0E68 Y:C42D S:0118 D:0000 DB:86 nvmxdizc V:254 H:237 F:25
								849199 4A          LSR A                  A:0100 X:0E68 Y:C42D S:0118 D:0000 DB:86 nvmxdizc V:254 H:241 F:25
								84919A 4A          LSR A                  A:0080 X:0E68 Y:C42D S:0118 D:0000 DB:86 nvmxdizc V:254 H:244 F:25
								84919B 4A          LSR A                  A:0040 X:0E68 Y:C42D S:0118 D:0000 DB:86 nvmxdizc V:254 H:247 F:25
								84919C 18          CLC                    A:0020 X:0E68 Y:C42D S:0118 D:0000 DB:86 nvmxdizc V:254 H:250 F:25
								84919D 65 04       ADC $04       [000004] A:0020 X:0E68 Y:C42D S:0118 D:0000 DB:86 nvmxdizc V:254 H:253 F:25
								84919F A8          TAY                    A:003E X:0E68 Y:C42D S:0118 D:0000 DB:86 nvmxdizc V:254 H:260 F:25
								8491A0 B7 10       LDA [$10],Y   [7EE83E] A:003E X:0E68 Y:003E S:0118 D:0000 DB:86 nvmxdizc V:254 H:263 F:25
								8491A2 29 FF 00    AND #$00FF             A:0005 X:0E68 Y:003E S:0118 D:0000 DB:86 nvmxdizc V:254 H:276 F:25
								8491A5 A8          TAY                    A:0005 X:0E68 Y:003E S:0118 D:0000 DB:86 nvmxdizc V:254 H:281 F:25
								8491A6 EB          XBA                    A:0005 X:0E68 Y:0005 S:0118 D:0000 DB:86 nvmxdizc V:254 H:284 F:25
								8491A7 0A          ASL A                  A:0500 X:0E68 Y:0005 S:0118 D:0000 DB:86 nvmxdiZc V:254 H:288 F:25
								8491A8 18          CLC                    A:0A00 X:0E68 Y:0005 S:0118 D:0000 DB:86 nvmxdizc V:254 H:291 F:25
								8491A9 65 06       ADC $06       [000006] A:0A00 X:0E68 Y:0005 S:0118 D:0000 DB:86 nvmxdizc V:254 H:294 F:25
								8491AB AA          TAX                    A:0B9C X:0E68 Y:0005 S:0118 D:0000 DB:86 nvmxdizc V:254 H:301 F:25
								8491AC 60          RTS                    A:0B9C X:0B9C Y:0005 S:0118 D:0000 DB:86 nvmxdizc V:254 H:304 F:25

							8490F9 BF 00 20 7E LDA $7E2000,X [7E2B9C] A:0B9C X:0B9C Y:0005 S:011A D:0000 DB:86 nvmxdizc V:254 H:314 F:25
							8490FD A8          TAY                    A:0044 X:0B9C Y:0005 S:011A D:0000 DB:86 nvmxdizc V:254 H:324 F:25
							8490FE AD 92 0B    LDA $0B92     [860B92] A:0044 X:0B9C Y:0044 S:011A D:0000 DB:86 nvmxdizc V:254 H:327 F:25
							849101 85 10       STA $10       [000010] A:EDC3 X:0B9C Y:0044 S:011A D:0000 DB:86 Nvmxdizc V:254 H:335 F:25
							849103 AD 94 0B    LDA $0B94     [860B94] A:EDC3 X:0B9C Y:0044 S:011A D:0000 DB:86 Nvmxdizc V:255 H:  2 F:25
							849106 85 12       STA $12       [000012] A:E095 X:0B9C Y:0044 S:011A D:0000 DB:86 Nvmxdizc V:255 H: 10 F:25
							849108 B7 10       LDA [$10],Y   [95EE07] A:E095 X:0B9C Y:0044 S:011A D:0000 DB:86 Nvmxdizc V:255 H: 17 F:25
							84910A 29 FF 00    AND #$00FF             A:3B3B X:0B9C Y:0044 S:011A D:0000 DB:86 nvmxdizc V:255 H: 29 F:25
							84910D 28          PLP                    A:003B X:0B9C Y:0044 S:011A D:0000 DB:86 nvmxdizc V:255 H: 34 F:25
							84910E FA          PLX                    A:003B X:0B9C Y:0044 S:011B D:0000 DB:86 nvMxdizc V:255 H: 40 F:25
							84910F 2B          PLD                    A:003B X:0E68 Y:0044 S:011D D:0000 DB:86 nvMxdizc V:255 H: 49 F:25
							849110 60          RTS                    A:003B X:0E68 Y:0044 S:011F D:0000 DB:86 nvMxdiZc V:255 H: 57 F:25

						8495D3 95 2E       STA $2E,X     [000E96] A:003B X:0E68 Y:0044 S:0121 D:0000 DB:86 nvMxdiZc V:255 H: 67 F:25
						8495D5 85 18       STA $18       [000018] A:003B X:0E68 Y:0044 S:0121 D:0000 DB:86 nvMxdiZc V:255 H: 74 F:25
						8495D7 29 3F       AND #$3F               A:003B X:0E68 Y:0044 S:0121 D:0000 DB:86 nvMxdiZc V:255 H: 79 F:25
						8495D9 0A          ASL A                  A:003B X:0E68 Y:0044 S:0121 D:0000 DB:86 nvMxdizc V:255 H: 82 F:25
						8495DA EB          XBA                    A:0076 X:0E68 Y:0044 S:0121 D:0000 DB:86 nvMxdizc V:255 H: 85 F:25
						8495DB A9 00       LDA #$00               A:7600 X:0E68 Y:0044 S:0121 D:0000 DB:86 nvMxdiZc V:255 H: 89 F:25
						8495DD EB          XBA                    A:7600 X:0E68 Y:0044 S:0121 D:0000 DB:86 nvMxdiZc V:255 H: 92 F:25
						8495DE A8          TAY                    A:0076 X:0E68 Y:0044 S:0121 D:0000 DB:86 nvMxdizc V:255 H: 97 F:25
						8495DF 84 28       STY $28       [000028] A:0076 X:0E68 Y:0076 S:0121 D:0000 DB:86 nvMxdizc V:255 H:100 F:25
						8495E1 86 2C       STX $2C       [00002C] A:0076 X:0E68 Y:0076 S:0121 D:0000 DB:86 nvMxdizc V:255 H:107 F:25
						8495E3 68          PLA                    A:0076 X:0E68 Y:0076 S:0121 D:0000 DB:86 nvMxdizc V:255 H:114 F:25
						8495E4 95 2A       STA $2A,X     [000E92] A:0013 X:0E68 Y:0076 S:0122 D:0000 DB:86 nvMxdizc V:255 H:120 F:25
						8495E6 A6 2C       LDX $2C       [00002C] A:0013 X:0E68 Y:0076 S:0122 D:0000 DB:86 nvMxdizc V:255 H:127 F:25
						8495E8 A9 FB       LDA #$FB               A:0013 X:0E68 Y:0076 S:0122 D:0000 DB:86 nvMxdizc V:255 H:134 F:25
						8495EA 35 2B       AND $2B,X     [000E93] A:00FB X:0E68 Y:0076 S:0122 D:0000 DB:86 NvMxdizc V:255 H:147 F:25
						8495EC 95 2B       STA $2B,X     [000E93] A:0001 X:0E68 Y:0076 S:0122 D:0000 DB:86 nvMxdizc V:255 H:153 F:25
						8495EE 64 01       STZ $01       [000001] A:0001 X:0E68 Y:0076 S:0122 D:0000 DB:86 nvMxdizc V:255 H:160 F:25
						8495F0 B5 2A       LDA $2A,X     [000E92] A:0001 X:0E68 Y:0076 S:0122 D:0000 DB:86 nvMxdizc V:255 H:165 F:25
						8495F2 85 02       STA $02       [000002] A:0013 X:0E68 Y:0076 S:0122 D:0000 DB:86 nvMxdizc V:255 H:171 F:25
						8495F4 64 03       STZ $03       [000003] A:0013 X:0E68 Y:0076 S:0122 D:0000 DB:86 nvMxdizc V:255 H:176 F:25
						8495F6 B4 05       LDY $05,X     [000E6D] A:0013 X:0E68 Y:0076 S:0122 D:0000 DB:86 nvMxdizc V:255 H:181 F:25
						8495F8 84 10       STY $10       [000010] A:0013 X:0E68 Y:1EE1 S:0122 D:0000 DB:86 nvMxdizc V:255 H:190 F:25
						8495FA B4 08       LDY $08,X     [000E70] A:0013 X:0E68 Y:1EE1 S:0122 D:0000 DB:86 nvMxdizc V:255 H:197 F:25
						8495FC 84 12       STY $12       [000012] A:0013 X:0E68 Y:01AF S:0122 D:0000 DB:86 nvMxdizc V:255 H:205 F:25
						8495FE A6 28       LDX $28       [000028] A:0013 X:0E68 Y:01AF S:0122 D:0000 DB:86 nvMxdizc V:255 H:212 F:25
						849600 FC 1C 96    JSR ($961C,X) [849692] A:0013 X:0076 Y:01AF S:0122 D:0000 DB:86 nvMxdizc V:255 H:219 F:25

							8496B5 A6 2C       LDX $2C       [00002C] A:0013 X:0076 Y:01AF S:0120 D:0000 DB:86 nvMxdizc V:255 H:232 F:25
							8496B7 A5 0E       LDA $0E       [00000E] A:0013 X:0E68 Y:01AF S:0120 D:0000 DB:86 nvMxdizc V:255 H:239 F:25
							8496B9 85 00       STA $00       [000000] A:0003 X:0E68 Y:01AF S:0120 D:0000 DB:86 nvMxdizc V:255 H:244 F:25
							8496BB 64 01       STZ $01       [000001] A:0003 X:0E68 Y:01AF S:0120 D:0000 DB:86 nvMxdizc V:255 H:249 F:25
							8496BD C2 20       REP #$20               A:0003 X:0E68 Y:01AF S:0120 D:0000 DB:86 nvMxdizc V:255 H:254 F:25
							8496BF A5 08       LDA $08       [000008] A:0003 X:0E68 Y:01AF S:0120 D:0000 DB:86 nvmxdizc V:255 H:259 F:25
							8496C1 29 7F 00    AND #$007F             A:FF80 X:0E68 Y:01AF S:0120 D:0000 DB:86 Nvmxdizc V:255 H:266 F:25
							8496C4 18          CLC                    A:0000 X:0E68 Y:01AF S:0120 D:0000 DB:86 nvmxdiZc V:255 H:270 F:25
							8496C5 75 08       ADC $08,X     [000E70] A:0000 X:0E68 Y:01AF S:0120 D:0000 DB:86 nvmxdiZc V:255 H:273 F:25
							8496C7 38          SEC                    A:01AF X:0E68 Y:01AF S:0120 D:0000 DB:86 nvmxdizc V:255 H:282 F:25
							8496C8 E5 00       SBC $00       [000000] A:01AF X:0E68 Y:01AF S:0120 D:0000 DB:86 nvmxdizC V:255 H:285 F:25
							8496CA 95 08       STA $08,X     [000E70] A:01AC X:0E68 Y:01AF S:0120 D:0000 DB:86 nvmxdizC V:255 H:292 F:25
							8496CC E2 20       SEP #$20               A:01AC X:0E68 Y:01AF S:0120 D:0000 DB:86 nvmxdizC V:255 H:300 F:25
							8496CE 74 2F       STZ $2F,X     [000E97] A:01AC X:0E68 Y:01AF S:0120 D:0000 DB:86 nvMxdizC V:255 H:305 F:25
							8496D0 A9 01       LDA #$01               A:01AC X:0E68 Y:01AF S:0120 D:0000 DB:86 nvMxdizC V:255 H:311 F:25
							8496D2 60          RTS                    A:0101 X:0E68 Y:01AF S:0120 D:0000 DB:86 nvMxdizC V:255 H:314 F:25

						849603 F0 11       BEQ $0011     [849616] A:0101 X:0E68 Y:01AF S:0122 D:0000 DB:86 nvMxdizC V:255 H:324 F:25
						849605 A6 2C       LDX $2C       [00002C] A:0101 X:0E68 Y:01AF S:0122 D:0000 DB:86 nvMxdizC V:255 H:327 F:25
						849607 A9 04       LDA #$04               A:0101 X:0E68 Y:01AF S:0122 D:0000 DB:86 nvMxdizC V:255 H:333 F:25
						849609 15 2B       ORA $2B,X     [000E93] A:0104 X:0E68 Y:01AF S:0122 D:0000 DB:86 nvMxdizC V:255 H:336 F:25
						84960B 95 2B       STA $2B,X     [000E93] A:0105 X:0E68 Y:01AF S:0122 D:0000 DB:86 nvMxdizC V:256 H:  3 F:25
						84960D 20 4C 99    JSR $994C     [84994C] A:0105 X:0E68 Y:01AF S:0122 D:0000 DB:86 nvMxdizC V:256 H:  9 F:25

							84994C AD 1C 1F    LDA $1F1C     [861F1C] A:0105 X:0E68 Y:01AF S:0120 D:0000 DB:86 nvMxdizC V:256 H: 19 F:25
							84994F 10 06       BPL $0006     [849957] A:0100 X:0E68 Y:01AF S:0120 D:0000 DB:86 nvMxdiZC V:256 H: 26 F:25
							849957 60          RTS                    A:0100 X:0E68 Y:01AF S:0120 D:0000 DB:86 nvMxdiZC V:256 H: 30 F:25

						849610 20 08 93    JSR $9308     [849308] A:0100 X:0E68 Y:01AF S:0122 D:0000 DB:86 nvMxdiZC V:256 H: 40 F:25

							849308 A5 14       LDA $14       [000014] A:0100 X:0E68 Y:01AF S:0120 D:0000 DB:86 nvMxdiZC V:256 H: 50 F:25
							84930A F0 08       BEQ $0008     [849314] A:0100 X:0E68 Y:01AF S:0120 D:0000 DB:86 nvMxdiZC V:256 H: 55 F:25
							849314 60          RTS                    A:0100 X:0E68 Y:01AF S:0120 D:0000 DB:86 nvMxdiZC V:256 H: 60 F:25

						849613 A9 01       LDA #$01               A:0100 X:0E68 Y:01AF S:0122 D:0000 DB:86 nvMxdiZC V:256 H: 70 F:25
						849615 60          RTS                    A:0101 X:0E68 Y:01AF S:0122 D:0000 DB:86 nvMxdizC V:256 H: 73 F:25

					849275 D0 32       BNE $0032     [8492A9] A:0101 X:0E68 Y:01AF S:0124 D:0000 DB:86 nvMxdizC V:256 H: 83 F:25
					8492A9 C2 30       REP #$30               A:0101 X:0E68 Y:01AF S:0124 D:0000 DB:86 nvMxdizC V:256 H: 87 F:25
					8492AB 60          RTS                    A:0101 X:0E68 Y:01AF S:0124 D:0000 DB:86 nvmxdizC V:256 H: 92 F:25

				8491DB 2B          PLD                    A:0101 X:0E68 Y:01AF S:0126 D:0000 DB:86 nvmxdizC V:256 H:102 F:25
				8491DC 28          PLP                    A:0101 X:0E68 Y:01AF S:0128 D:0E68 DB:86 nvmxdizC V:256 H:110 F:25
				8491DD 6B          RTL                    A:0101 X:0068 Y:00AF S:0129 D:0E68 DB:86 nvMXdizc V:256 H:117 F:25

			81B9B0 22 EA 8E 84 JSL $848EEA   [848EEA] A:0101 X:0068 Y:00AF S:012C D:0E68 DB:86 nvMXdizc V:256 H:127 F:25			JSL $848EEA --> Decrease CDSkel, Continue Skeleton

				848EEA 08          PHP                    A:0101 X:0068 Y:00AF S:0129 D:0E68 DB:86 nvMXdizc V:256 H:151 F:25
				848EEB 8B          PHB                    A:0101 X:0068 Y:00AF S:0128 D:0E68 DB:86 nvMXdizc V:256 H:156 F:25
				848EEC E2 30       SEP #$30               A:0101 X:0068 Y:00AF S:0127 D:0E68 DB:86 nvMXdizc V:256 H:161 F:25
				848EEE C6 13       DEC $13       [000E7B] A:0101 X:0068 Y:00AF S:0127 D:0E68 DB:86 nvMXdizc V:256 H:165 F:25
				848EF0 D0 5D       BNE $005D     [848F4F] A:0101 X:0068 Y:00AF S:0127 D:0E68 DB:86 nvMXdizc V:256 H:175 F:25
				848F4F AB          PLB                    A:0101 X:0068 Y:00AF S:0127 D:0E68 DB:86 nvMXdizc V:256 H:180 F:25
				848F50 28          PLP                    A:0101 X:0068 Y:00AF S:0128 D:0E68 DB:86 NvMXdizc V:256 H:186 F:25
				848F51 6B          RTL                    A:0101 X:0068 Y:00AF S:0129 D:0E68 DB:86 nvMXdizc V:256 H:193 F:25

			81B9B4 C2 20       REP #$20               A:0101 X:0068 Y:00AF S:012C D:0E68 DB:86 nvMXdizc V:256 H:203 F:25
			81B9B6 A5 1C       LDA $1C       [000E84] A:0101 X:0068 Y:00AF S:012C D:0E68 DB:86 nvmXdizc V:256 H:208 F:25			|Branch because (E-Y-Vel - #$F900) is positive
			81B9B8 C9 00 F9    CMP #$F900             A:F900 X:0068 Y:00AF S:012C D:0E68 DB:86 NvmXdizc V:256 H:216 F:25			|
			81B9BB 10 09       BPL $0009     [81B9C6] A:F900 X:0068 Y:00AF S:012C D:0E68 DB:86 nvmXdiZC V:256 H:221 F:25			|
			81B9C6 E2 20       SEP #$20               A:F900 X:0068 Y:00AF S:012C D:0E68 DB:86 nvmXdiZC V:256 H:225 F:25			A:1B
			81B9C8 A5 2B       LDA $2B       [000E93] A:F900 X:0068 Y:00AF S:012C D:0E68 DB:86 nvMXdiZC V:256 H:230 F:25			|Branch if #$04 AND Contact = #$00
			81B9CA 29 04       AND #$04               A:F905 X:0068 Y:00AF S:012C D:0E68 DB:86 nvMXdizC V:256 H:236 F:25			|
			81B9CC F0 0A       BEQ $000A     [81B9D8] A:F904 X:0068 Y:00AF S:012C D:0E68 DB:86 nvMXdizC V:256 H:239 F:25			|
			81B9CE A9 08       LDA #$08               A:F904 X:0068 Y:00AF S:012C D:0E68 DB:86 nvMXdizC V:256 H:242 F:25			Subaction = #$08
			81B9D0 85 03       STA $03       [000E6B] A:F908 X:0068 Y:00AF S:012C D:0E68 DB:86 nvMXdizC V:256 H:245 F:25
			81B9D2 A9 08       LDA #$08               A:F908 X:0068 Y:00AF S:012C D:0E68 DB:86 nvMXdizC V:256 H:252 F:25
			81B9D4 22 07 8F 84 JSL $848F07   [848F07] A:F908 X:0068 Y:00AF S:012C D:0E68 DB:86 nvMXdizC V:256 H:255 F:25			JSL $848F07 --> Skeleton Load (SkelPoint = #$67, b = A = #$08)

				848F07 08          PHP                    A:F908 X:0068 Y:00AF S:0129 D:0E68 DB:86 nvMXdizC V:256 H:268 F:25
				848F08 8B          PHB                    A:F908 X:0068 Y:00AF S:0128 D:0E68 DB:86 nvMXdizC V:256 H:273 F:25
				848F09 C2 30       REP #$30               A:F908 X:0068 Y:00AF S:0127 D:0E68 DB:86 nvMXdizC V:256 H:278 F:25
				848F0B 8D 0E 00    STA $000E     [86000E] A:F908 X:0068 Y:00AF S:0127 D:0E68 DB:86 nvmxdizC V:256 H:283 F:25
				848F0E A5 16       LDA $16       [000E7E] A:F908 X:0068 Y:00AF S:0127 D:0E68 DB:86 nvmxdizC V:256 H:291 F:25
				848F10 29 FF 00    AND #$00FF             A:9067 X:0068 Y:00AF S:0127 D:0E68 DB:86 NvmxdizC V:256 H:300 F:25
				848F13 8D 0C 00    STA $000C     [86000C] A:0067 X:0068 Y:00AF S:0127 D:0E68 DB:86 nvmxdizC V:256 H:304 F:25
				848F16 0A          ASL A                  A:0067 X:0068 Y:00AF S:0127 D:0E68 DB:86 nvmxdizC V:256 H:313 F:25
				848F17 18          CLC                    A:00CE X:0068 Y:00AF S:0127 D:0E68 DB:86 nvmxdizc V:256 H:316 F:25
				848F18 6D 0C 00    ADC $000C     [86000C] A:00CE X:0068 Y:00AF S:0127 D:0E68 DB:86 nvmxdizc V:256 H:319 F:25
				848F1B AA          TAX                    A:0135 X:0068 Y:00AF S:0127 D:0E68 DB:86 nvmxdizc V:256 H:327 F:25
				848F1C BF 00 A0 AF LDA $AFA000,X [AFA135] A:0135 X:0135 Y:00AF S:0127 D:0E68 DB:86 nvmxdizc V:256 H:329 F:25
				848F20 85 14       STA $14       [000E7C] A:CFE0 X:0135 Y:00AF S:0127 D:0E68 DB:86 Nvmxdizc V:256 H:338 F:25
				848F22 E2 20       SEP #$20               A:CFE0 X:0135 Y:00AF S:0127 D:0E68 DB:86 Nvmxdizc V:257 H:  7 F:25
				848F24 BF 02 A0 AF LDA $AFA002,X [AFA137] A:CFE0 X:0135 Y:00AF S:0127 D:0E68 DB:86 NvMxdizc V:257 H: 11 F:25
				848F28 48          PHA                    A:CFAF X:0135 Y:00AF S:0127 D:0E68 DB:86 NvMxdizc V:257 H: 19 F:25
				848F29 AB          PLB                    A:CFAF X:0135 Y:00AF S:0126 D:0E68 DB:86 NvMxdizc V:257 H: 24 F:25
				848F2A C2 20       REP #$20               A:CFAF X:0135 Y:00AF S:0127 D:0E68 DB:AF NvMxdizc V:257 H: 30 F:25
				848F2C AD 0E 00    LDA $000E     [AF000E] A:CFAF X:0135 Y:00AF S:0127 D:0E68 DB:AF Nvmxdizc V:257 H: 35 F:25
				848F2F 29 FF 00    AND #$00FF             A:F908 X:0135 Y:00AF S:0127 D:0E68 DB:AF Nvmxdizc V:257 H: 43 F:25
				848F32 0A          ASL A                  A:0008 X:0135 Y:00AF S:0127 D:0E68 DB:AF nvmxdizc V:257 H: 48 F:25
				848F33 A8          TAY                    A:0010 X:0135 Y:00AF S:0127 D:0E68 DB:AF nvmxdizc V:257 H: 51 F:25
				848F34 B1 14       LDA ($14),Y   [AFCFF0] A:0010 X:0135 Y:0010 S:0127 D:0E68 DB:AF nvmxdizc V:257 H: 54 F:25
				848F36 65 14       ADC $14       [000E7C] A:009E X:0135 Y:0010 S:0127 D:0E68 DB:AF nvmxdizc V:257 H: 67 F:25
				848F38 85 14       STA $14       [000E7C] A:D07E X:0135 Y:0010 S:0127 D:0E68 DB:AF Nvmxdizc V:257 H: 75 F:25
				848F3A E2 30       SEP #$30               A:D07E X:0135 Y:0010 S:0127 D:0E68 DB:AF Nvmxdizc V:257 H: 84 F:25
				848F3C B2 14       LDA ($14)     [AFD07E] A:D07E X:0035 Y:0010 S:0127 D:0E68 DB:AF NvMXdizc V:257 H: 88 F:25		Skeleton start: [AFD07E]
				848F3E 85 13       STA $13       [000E7B] A:D006 X:0035 Y:0010 S:0127 D:0E68 DB:AF nvMXdizc V:257 H: 98 F:25
				848F40 A0 01       LDY #$01               A:D006 X:0035 Y:0010 S:0127 D:0E68 DB:AF nvMXdizc V:257 H:105 F:25
				848F42 B1 14       LDA ($14),Y   [AFD07F] A:D006 X:0035 Y:0001 S:0127 D:0E68 DB:AF nvMXdizc V:257 H:108 F:25
				848F44 85 0F       STA $0F       [000E77] A:D000 X:0035 Y:0001 S:0127 D:0E68 DB:AF nvMXdiZc V:257 H:118 F:25
				848F46 C8          INY                    A:D000 X:0035 Y:0001 S:0127 D:0E68 DB:AF nvMXdiZc V:257 H:124 F:25
				848F47 B1 14       LDA ($14),Y   [AFD080] A:D000 X:0035 Y:0002 S:0127 D:0E68 DB:AF nvMXdizc V:257 H:127 F:25
				848F49 85 17       STA $17       [000E7F] A:D002 X:0035 Y:0002 S:0127 D:0E68 DB:AF nvMXdizc V:257 H:147 F:25
				848F4B A9 80       LDA #$80               A:D002 X:0035 Y:0002 S:0127 D:0E68 DB:AF nvMXdizc V:257 H:154 F:25
				848F4D 04 17       TSB $17       [000E7F] A:D080 X:0035 Y:0002 S:0127 D:0E68 DB:AF NvMXdizc V:257 H:157 F:25
				848F4F AB          PLB                    A:D080 X:0035 Y:0002 S:0127 D:0E68 DB:AF NvMXdiZc V:257 H:167 F:25
				848F50 28          PLP                    A:D080 X:0035 Y:0002 S:0128 D:0E68 DB:86 NvMXdizc V:257 H:173 F:25
				848F51 6B          RTL                    A:D080 X:0035 Y:0002 S:0129 D:0E68 DB:86 nvMXdizC V:257 H:180 F:25

			81B9D8 60          RTS                    A:D080 X:0035 Y:0002 S:012C D:0E68 DB:86 nvMXdizC V:257 H:190 F:25

		81B63B A9 09       LDA #$09               A:D080 X:0035 Y:0002 S:012E D:0E68 DB:86 nvMXdizC V:257 H:200 F:25
