80D4F6 20 30 D5    JSR $D530     [80D530] A:0E01 X:0000 Y:0027 S:0133 D:0E68 DB:86 nvMXdizC V:250 H:298 F:46

	80D530 C2 20       REP #$20               A:0E01 X:0000 Y:0027 S:0131 D:0E68 DB:86 nvMXdizC V:250 H:308 F:46
	80D532 A5 05       LDA $05       [000E6D] A:0E01 X:0000 Y:0027 S:0131 D:0E68 DB:86 nvmXdizC V:250 H:313 F:46
	80D534 85 22       STA $22       [000E8A] A:1E76 X:0000 Y:0027 S:0131 D:0E68 DB:86 nvmXdizC V:250 H:321 F:46
	80D536 A5 08       LDA $08       [000E70] A:1E76 X:0000 Y:0027 S:0131 D:0E68 DB:86 nvmXdizC V:250 H:329 F:46
	80D538 85 24       STA $24       [000E8C] A:01AC X:0000 Y:0027 S:0131 D:0E68 DB:86 nvmXdizC V:250 H:337 F:46
	80D53A E2 20       SEP #$20               A:01AC X:0000 Y:0027 S:0131 D:0E68 DB:86 nvmXdizC V:251 H:  6 F:46
	80D53C A9 80       LDA #$80               A:01AC X:0000 Y:0027 S:0131 D:0E68 DB:86 nvMXdizC V:251 H: 10 F:46
	80D53E 14 0E       TRB $0E       [000E76] A:0180 X:0000 Y:0027 S:0131 D:0E68 DB:86 NvMXdizC V:251 H: 13 F:46
	80D540 A5 0A       LDA $0A       [000E72] A:0180 X:0000 Y:0027 S:0131 D:0E68 DB:86 NvMXdizC V:251 H: 23 F:46
	80D542 0A          ASL A                  A:0102 X:0000 Y:0027 S:0131 D:0E68 DB:86 nvMXdizC V:251 H: 30 F:46
	80D543 AA          TAX                    A:0104 X:0000 Y:0027 S:0131 D:0E68 DB:86 nvMXdizc V:251 H: 33 F:46
	80D544 7C DD F8    JMP ($F8DD,X) [80F8E1] A:0104 X:0004 Y:0027 S:0131 D:0E68 DB:86 nvMXdizc V:251 H: 36 F:46

	80F9BB 22 16 B5 81 JSL $81B516   [81B516] A:0104 X:0004 Y:0027 S:0131 D:0E68 DB:86 nvMXdizc V:251 H: 45 F:46

		81B516 A6 01       LDX $01       [000E69] A:0104 X:0004 Y:0027 S:012E D:0E68 DB:86 nvMXdizc V:251 H: 58 F:46
		81B518 7C 1B B5    JMP ($B51B,X) [81B51F] A:0104 X:0004 Y:0027 S:012E D:0E68 DB:86 nvMXdizc V:251 H: 65 F:46

		81B629 A5 33       LDA $33       [000E9B] A:0104 X:0004 Y:0027 S:012E D:0E68 DB:86 nvMXdizc V:251 H: 74 F:46
		81B62B 04 11       TSB $11       [000E79] A:0108 X:0004 Y:0027 S:012E D:0E68 DB:86 nvMXdizc V:251 H: 80 F:46
		81B62D C2 20       REP #$20               A:0108 X:0004 Y:0027 S:012E D:0E68 DB:86 nvMXdizc V:251 H: 90 F:46
		81B62F A9 2D C4    LDA #$C42D             A:0108 X:0004 Y:0027 S:012E D:0E68 DB:86 nvmXdizc V:251 H: 95 F:46
		81B632 85 20       STA $20       [000E88] A:C42D X:0004 Y:0027 S:012E D:0E68 DB:86 NvmXdizc V:251 H: 99 F:46
		81B634 E2 20       SEP #$20               A:C42D X:0004 Y:0027 S:012E D:0E68 DB:86 NvmXdizc V:251 H:108 F:46
		81B636 A6 02       LDX $02       [000E6A] A:C42D X:0004 Y:0027 S:012E D:0E68 DB:86 NvMXdizc V:251 H:112 F:46
		81B638 FC F3 B6    JSR ($B6F3,X) [81B6F9] A:C42D X:0006 Y:0027 S:012E D:0E68 DB:86 nvMXdizc V:251 H:119 F:46			JSR ($81B6F3,Action) = ($81B6F9) = $81B93B

			81B93B A6 03       LDX $03       [000E6B] A:C42D X:0006 Y:0027 S:012C D:0E68 DB:86 nvMXdizc V:251 H:132 F:46
			81B93D 7C 40 B9    JMP ($B940,X) [81B940] A:C42D X:0000 Y:0027 S:012C D:0E68 DB:86 nvMXdiZc V:251 H:148 F:46		JSP ($81B940,Subaction) = ($81B940) = $81B94C

			81B94C 22 A5 AC 84 JSL $84ACA5   [84ACA5] A:C42D X:0000 Y:0027 S:012C D:0E68 DB:86 nvMXdiZc V:251 H:157 F:46		JSL $84ACA5 --> Update Status, Facing bit

				84ACA5 08          PHP                    A:C42D X:0000 Y:0027 S:0129 D:0E68 DB:86 nvMXdiZc V:251 H:171 F:46
				84ACA6 E2 20       SEP #$20               A:C42D X:0000 Y:0027 S:0128 D:0E68 DB:86 nvMXdiZc V:251 H:176 F:46
				84ACA8 A9 40       LDA #$40               A:C42D X:0000 Y:0027 S:0128 D:0E68 DB:86 nvMXdiZc V:251 H:180 F:46
				84ACAA 14 11       TRB $11       [000E79] A:C440 X:0000 Y:0027 S:0128 D:0E68 DB:86 nvMXdizc V:251 H:183 F:46
				84ACAC C2 20       REP #$20               A:C440 X:0000 Y:0027 S:0128 D:0E68 DB:86 nvMXdizc V:251 H:193 F:46
				84ACAE AD AD 0B    LDA $0BAD     [860BAD] A:C440 X:0000 Y:0027 S:0128 D:0E68 DB:86 nvmXdizc V:251 H:198 F:46
				84ACB1 38          SEC                    A:1EEA X:0000 Y:0027 S:0128 D:0E68 DB:86 nvmXdizc V:251 H:206 F:46
				84ACB2 E5 05       SBC $05       [000E6D] A:1EEA X:0000 Y:0027 S:0128 D:0E68 DB:86 nvmXdizC V:251 H:209 F:46
				84ACB4 E2 20       SEP #$20               A:0074 X:0000 Y:0027 S:0128 D:0E68 DB:86 nvmXdizC V:251 H:218 F:46
				84ACB6 A9 00       LDA #$00               A:0074 X:0000 Y:0027 S:0128 D:0E68 DB:86 nvMXdizC V:251 H:222 F:46
				84ACB8 6A          ROR A                  A:0000 X:0000 Y:0027 S:0128 D:0E68 DB:86 nvMXdiZC V:251 H:225 F:46
				84ACB9 4A          LSR A                  A:0080 X:0000 Y:0027 S:0128 D:0E68 DB:86 NvMXdizc V:251 H:228 F:46
				84ACBA 04 11       TSB $11       [000E79] A:0040 X:0000 Y:0027 S:0128 D:0E68 DB:86 nvMXdizc V:251 H:231 F:46
				84ACBC 28          PLP                    A:0040 X:0000 Y:0027 S:0128 D:0E68 DB:86 nvMXdiZc V:251 H:241 F:46
				84ACBD 6B          RTL                    A:0040 X:0000 Y:0027 S:0129 D:0E68 DB:86 nvMXdiZc V:251 H:248 F:46

			81B950 A9 02       LDA #$02               A:0040 X:0000 Y:0027 S:012C D:0E68 DB:86 nvMXdiZc V:251 H:258 F:46		Subaction = #$02
			81B952 85 03       STA $03       [000E6B] A:0002 X:0000 Y:0027 S:012C D:0E68 DB:86 nvMXdizc V:251 H:261 F:46
			81B954 A9 01       LDA #$01               A:0002 X:0000 Y:0027 S:012C D:0E68 DB:86 nvMXdizc V:251 H:268 F:46		Disables Armor
			81B956 85 38       STA $38       [000EA0] A:0001 X:0000 Y:0027 S:012C D:0E68 DB:86 nvMXdizc V:251 H:271 F:46
			81B958 A9 40       LDA #$40               A:0001 X:0000 Y:0027 S:012C D:0E68 DB:86 nvMXdizc V:251 H:277 F:46		E-Y-Acc = #$40
			81B95A 85 1E       STA $1E       [000E86] A:0040 X:0000 Y:0027 S:012C D:0E68 DB:86 nvMXdizc V:251 H:280 F:46
			81B95C A9 FF       LDA #$FF               A:0040 X:0000 Y:0027 S:012C D:0E68 DB:86 nvMXdizc V:251 H:287 F:46		Air = #$FF (In the air)
			81B95E 85 2F       STA $2F       [000E97] A:00FF X:0000 Y:0027 S:012C D:0E68 DB:86 NvMXdizc V:251 H:290 F:46		
			81B960 C2 20       REP #$20               A:00FF X:0000 Y:0027 S:012C D:0E68 DB:86 NvMXdizc V:251 H:296 F:46		A:2B
			81B962 AD AD 0B    LDA $0BAD     [860BAD] A:00FF X:0000 Y:0027 S:012C D:0E68 DB:86 NvmXdizc V:251 H:301 F:46		|E-X-Vel = 4 * (MMX-X-Pos - E-X-Pos)
			81B965 38          SEC                    A:1EEA X:0000 Y:0027 S:012C D:0E68 DB:86 nvmXdizc V:251 H:309 F:46		|
			81B966 E5 05       SBC $05       [000E6D] A:1EEA X:0000 Y:0027 S:012C D:0E68 DB:86 nvmXdizC V:251 H:312 F:46		|
			81B968 0A          ASL A                  A:0074 X:0000 Y:0027 S:012C D:0E68 DB:86 nvmXdizC V:251 H:321 F:46		|
			81B969 0A          ASL A                  A:00E8 X:0000 Y:0027 S:012C D:0E68 DB:86 nvmXdizc V:251 H:323 F:46		|
			81B96A 85 1A       STA $1A       [000E82] A:01D0 X:0000 Y:0027 S:012C D:0E68 DB:86 nvmXdizc V:251 H:326 F:46		|
			81B96C A9 7E 08    LDA #$087E             A:01D0 X:0000 Y:0027 S:012C D:0E68 DB:86 nvmXdizc V:251 H:334 F:46		E-Y-Vel = #$087E
			81B96F 85 1C       STA $1C       [000E84] A:087E X:0000 Y:0027 S:012C D:0E68 DB:86 nvmXdizc V:251 H:339 F:46
			81B971 E2 20       SEP #$20               A:087E X:0000 Y:0027 S:012C D:0E68 DB:86 nvmXdizc V:252 H:  7 F:46		A:1B
			81B973 A9 05       LDA #$05               A:087E X:0000 Y:0027 S:012C D:0E68 DB:86 nvMXdizc V:252 H: 12 F:46		
			81B975 22 07 8F 84 JSL $848F07   [848F07] A:0805 X:0000 Y:0027 S:012C D:0E68 DB:86 nvMXdizc V:252 H: 15 F:46		JSL: $848F07 --> Countdown routine (CDBase = #$67, b = A = #$05)

				848F07 08          PHP                    A:0805 X:0000 Y:0027 S:0129 D:0E68 DB:86 nvMXdizc V:252 H: 28 F:46
				848F08 8B          PHB                    A:0805 X:0000 Y:0027 S:0128 D:0E68 DB:86 nvMXdizc V:252 H: 33 F:46
				848F09 C2 30       REP #$30               A:0805 X:0000 Y:0027 S:0127 D:0E68 DB:86 nvMXdizc V:252 H: 38 F:46
				848F0B 8D 0E 00    STA $000E     [86000E] A:0805 X:0000 Y:0027 S:0127 D:0E68 DB:86 nvmxdizc V:252 H: 43 F:46
				848F0E A5 16       LDA $16       [000E7E] A:0805 X:0000 Y:0027 S:0127 D:0E68 DB:86 nvmxdizc V:252 H: 51 F:46
				848F10 29 FF 00    AND #$00FF             A:8067 X:0000 Y:0027 S:0127 D:0E68 DB:86 Nvmxdizc V:252 H: 60 F:46
				848F13 8D 0C 00    STA $000C     [86000C] A:0067 X:0000 Y:0027 S:0127 D:0E68 DB:86 nvmxdizc V:252 H: 64 F:46
				848F16 0A          ASL A                  A:0067 X:0000 Y:0027 S:0127 D:0E68 DB:86 nvmxdizc V:252 H: 73 F:46
				848F17 18          CLC                    A:00CE X:0000 Y:0027 S:0127 D:0E68 DB:86 nvmxdizc V:252 H: 76 F:46
				848F18 6D 0C 00    ADC $000C     [86000C] A:00CE X:0000 Y:0027 S:0127 D:0E68 DB:86 nvmxdizc V:252 H: 79 F:46
				848F1B AA          TAX                    A:0135 X:0000 Y:0027 S:0127 D:0E68 DB:86 nvmxdizc V:252 H: 87 F:46
				848F1C BF 00 A0 AF LDA $AFA000,X [AFA135] A:0135 X:0135 Y:0027 S:0127 D:0E68 DB:86 nvmxdizc V:252 H: 90 F:46
				848F20 85 14       STA $14       [000E7C] A:CFE0 X:0135 Y:0027 S:0127 D:0E68 DB:86 Nvmxdizc V:252 H: 99 F:46
				848F22 E2 20       SEP #$20               A:CFE0 X:0135 Y:0027 S:0127 D:0E68 DB:86 Nvmxdizc V:252 H:108 F:46
				848F24 BF 02 A0 AF LDA $AFA002,X [AFA137] A:CFE0 X:0135 Y:0027 S:0127 D:0E68 DB:86 NvMxdizc V:252 H:112 F:46
				848F28 48          PHA                    A:CFAF X:0135 Y:0027 S:0127 D:0E68 DB:86 NvMxdizc V:252 H:120 F:46
				848F29 AB          PLB                    A:CFAF X:0135 Y:0027 S:0126 D:0E68 DB:86 NvMxdizc V:252 H:125 F:46
				848F2A C2 20       REP #$20               A:CFAF X:0135 Y:0027 S:0127 D:0E68 DB:AF NvMxdizc V:252 H:131 F:46
				848F2C AD 0E 00    LDA $000E     [AF000E] A:CFAF X:0135 Y:0027 S:0127 D:0E68 DB:AF Nvmxdizc V:252 H:146 F:46
				848F2F 29 FF 00    AND #$00FF             A:0805 X:0135 Y:0027 S:0127 D:0E68 DB:AF nvmxdizc V:252 H:154 F:46
				848F32 0A          ASL A                  A:0005 X:0135 Y:0027 S:0127 D:0E68 DB:AF nvmxdizc V:252 H:159 F:46
				848F33 A8          TAY                    A:000A X:0135 Y:0027 S:0127 D:0E68 DB:AF nvmxdizc V:252 H:162 F:46
				848F34 B1 14       LDA ($14),Y   [AFCFEA] A:000A X:0135 Y:000A S:0127 D:0E68 DB:AF nvmxdizc V:252 H:165 F:46
				848F36 65 14       ADC $14       [000E7C] A:0080 X:0135 Y:000A S:0127 D:0E68 DB:AF nvmxdizc V:252 H:178 F:46
				848F38 85 14       STA $14       [000E7C] A:D060 X:0135 Y:000A S:0127 D:0E68 DB:AF Nvmxdizc V:252 H:186 F:46
				848F3A E2 30       SEP #$30               A:D060 X:0135 Y:000A S:0127 D:0E68 DB:AF Nvmxdizc V:252 H:195 F:46
				848F3C B2 14       LDA ($14)     [AFD060] A:D060 X:0035 Y:000A S:0127 D:0E68 DB:AF NvMXdizc V:252 H:199 F:46	Skeleton start: [AFD060]
				848F3E 85 13       STA $13       [000E7B] A:D010 X:0035 Y:000A S:0127 D:0E68 DB:AF nvMXdizc V:252 H:209 F:46
				848F40 A0 01       LDY #$01               A:D010 X:0035 Y:000A S:0127 D:0E68 DB:AF nvMXdizc V:252 H:216 F:46
				848F42 B1 14       LDA ($14),Y   [AFD061] A:D010 X:0035 Y:0001 S:0127 D:0E68 DB:AF nvMXdizc V:252 H:219 F:46
				848F44 85 0F       STA $0F       [000E77] A:D000 X:0035 Y:0001 S:0127 D:0E68 DB:AF nvMXdiZc V:252 H:229 F:46
				848F46 C8          INY                    A:D000 X:0035 Y:0001 S:0127 D:0E68 DB:AF nvMXdiZc V:252 H:235 F:46
				848F47 B1 14       LDA ($14),Y   [AFD062] A:D000 X:0035 Y:0002 S:0127 D:0E68 DB:AF nvMXdizc V:252 H:238 F:46
				848F49 85 17       STA $17       [000E7F] A:D000 X:0035 Y:0002 S:0127 D:0E68 DB:AF nvMXdiZc V:252 H:248 F:46
				848F4B A9 80       LDA #$80               A:D000 X:0035 Y:0002 S:0127 D:0E68 DB:AF nvMXdiZc V:252 H:255 F:46
				848F4D 04 17       TSB $17       [000E7F] A:D080 X:0035 Y:0002 S:0127 D:0E68 DB:AF NvMXdizc V:252 H:258 F:46
				848F4F AB          PLB                    A:D080 X:0035 Y:0002 S:0127 D:0E68 DB:AF NvMXdiZc V:252 H:268 F:46
				848F50 28          PLP                    A:D080 X:0035 Y:0002 S:0128 D:0E68 DB:86 NvMXdizc V:252 H:274 F:46
				848F51 6B          RTL                    A:D080 X:0035 Y:0002 S:0129 D:0E68 DB:86 nvMXdizc V:252 H:281 F:46

			81B979 60          RTS                    A:D080 X:0035 Y:0002 S:012C D:0E68 DB:86 nvMXdizc V:252 H:291 F:46		Return

		81B63B A9 09       LDA #$09               A:D080 X:0035 Y:0002 S:012E D:0E68 DB:86 nvMXdizc V:252 H:301 F:46
