80D4F6 20 30 D5    JSR $D530     [80D530] A:0E01 X:0000 Y:0027 S:0133 D:0E68 DB:86 nvMXdizC V:248 H:252 F:17

	80D530 C2 20       REP #$20               A:0E01 X:0000 Y:0027 S:0131 D:0E68 DB:86 nvMXdizC V:248 H:262 F:17
	80D532 A5 05       LDA $05       [000E6D] A:0E01 X:0000 Y:0027 S:0131 D:0E68 DB:86 nvmXdizC V:248 H:267 F:17
	80D534 85 22       STA $22       [000E8A] A:1E76 X:0000 Y:0027 S:0131 D:0E68 DB:86 nvmXdizC V:248 H:275 F:17
	80D536 A5 08       LDA $08       [000E70] A:1E76 X:0000 Y:0027 S:0131 D:0E68 DB:86 nvmXdizC V:248 H:284 F:17
	80D538 85 24       STA $24       [000E8C] A:01AC X:0000 Y:0027 S:0131 D:0E68 DB:86 nvmXdizC V:248 H:292 F:17
	80D53A E2 20       SEP #$20               A:01AC X:0000 Y:0027 S:0131 D:0E68 DB:86 nvmXdizC V:248 H:301 F:17
	80D53C A9 80       LDA #$80               A:01AC X:0000 Y:0027 S:0131 D:0E68 DB:86 nvMXdizC V:248 H:305 F:17
	80D53E 14 0E       TRB $0E       [000E76] A:0180 X:0000 Y:0027 S:0131 D:0E68 DB:86 NvMXdizC V:248 H:308 F:17
	80D540 A5 0A       LDA $0A       [000E72] A:0180 X:0000 Y:0027 S:0131 D:0E68 DB:86 NvMXdizC V:248 H:318 F:17
	80D542 0A          ASL A                  A:0102 X:0000 Y:0027 S:0131 D:0E68 DB:86 nvMXdizC V:248 H:324 F:17
	80D543 AA          TAX                    A:0104 X:0000 Y:0027 S:0131 D:0E68 DB:86 nvMXdizc V:248 H:327 F:17
	80D544 7C DD F8    JMP ($F8DD,X) [80F8E1] A:0104 X:0004 Y:0027 S:0131 D:0E68 DB:86 nvMXdizc V:248 H:330 F:17

	80F9BB 22 16 B5 81 JSL $81B516   [81B516] A:0104 X:0004 Y:0027 S:0131 D:0E68 DB:86 nvMXdizc V:248 H:339 F:17

		81B516 A6 01       LDX $01       [000E69] A:0104 X:0004 Y:0027 S:012E D:0E68 DB:86 nvMXdizc V:249 H: 12 F:17
		81B518 7C 1B B5    JMP ($B51B,X) [81B51F] A:0104 X:0004 Y:0027 S:012E D:0E68 DB:86 nvMXdizc V:249 H: 19 F:17

		81B629 A5 33       LDA $33       [000E9B] A:0104 X:0004 Y:0027 S:012E D:0E68 DB:86 nvMXdizc V:249 H: 28 F:17
		81B62B 04 11       TSB $11       [000E79] A:0108 X:0004 Y:0027 S:012E D:0E68 DB:86 nvMXdizc V:249 H: 34 F:17
		81B62D C2 20       REP #$20               A:0108 X:0004 Y:0027 S:012E D:0E68 DB:86 nvMXdizc V:249 H: 44 F:17
		81B62F A9 2D C4    LDA #$C42D             A:0108 X:0004 Y:0027 S:012E D:0E68 DB:86 nvmXdizc V:249 H: 49 F:17
		81B632 85 20       STA $20       [000E88] A:C42D X:0004 Y:0027 S:012E D:0E68 DB:86 NvmXdizc V:249 H: 53 F:17
		81B634 E2 20       SEP #$20               A:C42D X:0004 Y:0027 S:012E D:0E68 DB:86 NvmXdizc V:249 H: 62 F:17
		81B636 A6 02       LDX $02       [000E6A] A:C42D X:0004 Y:0027 S:012E D:0E68 DB:86 NvMXdizc V:249 H: 66 F:17
		81B638 FC F3 B6    JSR ($B6F3,X) [81B6F9] A:C42D X:0006 Y:0027 S:012E D:0E68 DB:86 nvMXdizc V:249 H: 73 F:17

			81B93B A6 03       LDX $03       [000E6B] A:C42D X:0006 Y:0027 S:012C D:0E68 DB:86 nvMXdizc V:249 H: 86 F:17
			81B93D 7C 40 B9    JMP ($B940,X) [81B942] A:C42D X:0002 Y:0027 S:012C D:0E68 DB:86 nvMXdizc V:249 H: 92 F:17

			81B97A 22 EA 8E 84 JSL $848EEA   [848EEA] A:C42D X:0002 Y:0027 S:012C D:0E68 DB:86 nvMXdizc V:249 H:101 F:17		JSL $848EEA --> Countdown routine

				848EEA 08          PHP                    A:C42D X:0002 Y:0027 S:0129 D:0E68 DB:86 nvMXdizc V:249 H:115 F:17
				848EEB 8B          PHB                    A:C42D X:0002 Y:0027 S:0128 D:0E68 DB:86 nvMXdizc V:249 H:120 F:17
				848EEC E2 30       SEP #$30               A:C42D X:0002 Y:0027 S:0127 D:0E68 DB:86 nvMXdizc V:249 H:125 F:17
				848EEE C6 13       DEC $13       [000E7B] A:C42D X:0002 Y:0027 S:0127 D:0E68 DB:86 nvMXdizc V:249 H:129 F:17
				848EF0 D0 5D       BNE $005D     [848F4F] A:C42D X:0002 Y:0027 S:0127 D:0E68 DB:86 nvMXdiZc V:249 H:149 F:17
				848EF2 A9 AF       LDA #$AF               A:C42D X:0002 Y:0027 S:0127 D:0E68 DB:86 nvMXdiZc V:249 H:152 F:17
				848EF4 48          PHA                    A:C4AF X:0002 Y:0027 S:0127 D:0E68 DB:86 NvMXdizc V:249 H:155 F:17
				848EF5 AB          PLB                    A:C4AF X:0002 Y:0027 S:0126 D:0E68 DB:86 NvMXdizc V:249 H:160 F:17
				848EF6 C2 21       REP #$21               A:C4AF X:0002 Y:0027 S:0127 D:0E68 DB:AF NvMXdizc V:249 H:167 F:17
				848EF8 A5 14       LDA $14       [000E7C] A:C4AF X:0002 Y:0027 S:0127 D:0E68 DB:AF NvmXdizc V:249 H:171 F:17
				848EFA 69 03 00    ADC #$0003             A:D069 X:0002 Y:0027 S:0127 D:0E68 DB:AF NvmXdizc V:249 H:180 F:17
				848EFD A4 0F       LDY $0F       [000E77] A:D06C X:0002 Y:0027 S:0127 D:0E68 DB:AF NvmXdizc V:249 H:184 F:17
				848EFF 10 37       BPL $0037     [848F38] A:D06C X:0002 Y:0000 S:0127 D:0E68 DB:AF nvmXdiZc V:249 H:191 F:17
				848F38 85 14       STA $14       [000E7C] A:D06C X:0002 Y:0000 S:0127 D:0E68 DB:AF nvmXdiZc V:249 H:195 F:17
				848F3A E2 30       SEP #$30               A:D06C X:0002 Y:0000 S:0127 D:0E68 DB:AF nvmXdiZc V:249 H:204 F:17
				848F3C B2 14       LDA ($14)     [AFD06C] A:D06C X:0002 Y:0000 S:0127 D:0E68 DB:AF nvMXdiZc V:249 H:208 F:17
				848F3E 85 13       STA $13       [000E7B] A:D005 X:0002 Y:0000 S:0127 D:0E68 DB:AF nvMXdizc V:249 H:218 F:17
				848F40 A0 01       LDY #$01               A:D005 X:0002 Y:0000 S:0127 D:0E68 DB:AF nvMXdizc V:249 H:225 F:17
				848F42 B1 14       LDA ($14),Y   [AFD06D] A:D005 X:0002 Y:0001 S:0127 D:0E68 DB:AF nvMXdizc V:249 H:228 F:17
				848F44 85 0F       STA $0F       [000E77] A:D001 X:0002 Y:0001 S:0127 D:0E68 DB:AF nvMXdizc V:249 H:238 F:17
				848F46 C8          INY                    A:D001 X:0002 Y:0001 S:0127 D:0E68 DB:AF nvMXdizc V:249 H:244 F:17
				848F47 B1 14       LDA ($14),Y   [AFD06E] A:D001 X:0002 Y:0002 S:0127 D:0E68 DB:AF nvMXdizc V:249 H:247 F:17	CDAction = #$01
				848F49 85 17       STA $17       [000E7F] A:D00E X:0002 Y:0002 S:0127 D:0E68 DB:AF nvMXdizc V:249 H:257 F:17
				848F4B A9 80       LDA #$80               A:D00E X:0002 Y:0002 S:0127 D:0E68 DB:AF nvMXdizc V:249 H:264 F:17
				848F4D 04 17       TSB $17       [000E7F] A:D080 X:0002 Y:0002 S:0127 D:0E68 DB:AF NvMXdizc V:249 H:267 F:17
				848F4F AB          PLB                    A:D080 X:0002 Y:0002 S:0127 D:0E68 DB:AF NvMXdiZc V:249 H:277 F:17
				848F50 28          PLP                    A:D080 X:0002 Y:0002 S:0128 D:0E68 DB:86 NvMXdizc V:249 H:283 F:17
				848F51 6B          RTL                    A:D080 X:0002 Y:0002 S:0129 D:0E68 DB:86 nvMXdizc V:249 H:290 F:17

			81B97E A5 0F       LDA $0F       [000E77] A:D080 X:0002 Y:0002 S:012C D:0E68 DB:86 nvMXdizc V:249 H:300 F:17		|Branch if CDAction = #$00
			81B980 29 7F       AND #$7F               A:D001 X:0002 Y:0002 S:012C D:0E68 DB:86 nvMXdizc V:249 H:307 F:17		|
			81B982 F0 04       BEQ $0004     [81B988] A:D001 X:0002 Y:0002 S:012C D:0E68 DB:86 nvMXdizc V:249 H:310 F:17		|
			81B984 A9 04       LDA #$04               A:D001 X:0002 Y:0002 S:012C D:0E68 DB:86 nvMXdizc V:249 H:313 F:17		Subaction = #$04
			81B986 85 03       STA $03       [000E6B] A:D004 X:0002 Y:0002 S:012C D:0E68 DB:86 nvMXdizc V:249 H:316 F:17
			81B988 60          RTS                    A:D004 X:0002 Y:0002 S:012C D:0E68 DB:86 nvMXdizc V:249 H:322 F:17		Return

		81B63B A9 09       LDA #$09               A:D004 X:0002 Y:0002 S:012E D:0E68 DB:86 nvMXdizc V:249 H:331 F:17
