80D4F6 20 30 D5    JSR $D530     [80D530] A:0E01 X:0000 Y:0027 S:0133 D:0E68 DB:86 nvMXdizC V:248 H:198 F:18

	80D530 C2 20       REP #$20               A:0E01 X:0000 Y:0027 S:0131 D:0E68 DB:86 nvMXdizC V:248 H:208 F:18
	80D532 A5 05       LDA $05       [000E6D] A:0E01 X:0000 Y:0027 S:0131 D:0E68 DB:86 nvmXdizC V:248 H:213 F:18
	80D534 85 22       STA $22       [000E8A] A:1E76 X:0000 Y:0027 S:0131 D:0E68 DB:86 nvmXdizC V:248 H:221 F:18
	80D536 A5 08       LDA $08       [000E70] A:1E76 X:0000 Y:0027 S:0131 D:0E68 DB:86 nvmXdizC V:248 H:230 F:18
	80D538 85 24       STA $24       [000E8C] A:01AC X:0000 Y:0027 S:0131 D:0E68 DB:86 nvmXdizC V:248 H:238 F:18
	80D53A E2 20       SEP #$20               A:01AC X:0000 Y:0027 S:0131 D:0E68 DB:86 nvmXdizC V:248 H:247 F:18
	80D53C A9 80       LDA #$80               A:01AC X:0000 Y:0027 S:0131 D:0E68 DB:86 nvMXdizC V:248 H:251 F:18
	80D53E 14 0E       TRB $0E       [000E76] A:0180 X:0000 Y:0027 S:0131 D:0E68 DB:86 NvMXdizC V:248 H:254 F:18
	80D540 A5 0A       LDA $0A       [000E72] A:0180 X:0000 Y:0027 S:0131 D:0E68 DB:86 NvMXdizC V:248 H:264 F:18
	80D542 0A          ASL A                  A:0102 X:0000 Y:0027 S:0131 D:0E68 DB:86 nvMXdizC V:248 H:271 F:18
	80D543 AA          TAX                    A:0104 X:0000 Y:0027 S:0131 D:0E68 DB:86 nvMXdizc V:248 H:274 F:18
	80D544 7C DD F8    JMP ($F8DD,X) [80F8E1] A:0104 X:0004 Y:0027 S:0131 D:0E68 DB:86 nvMXdizc V:248 H:277 F:18

	80F9BB 22 16 B5 81 JSL $81B516   [81B516] A:0104 X:0004 Y:0027 S:0131 D:0E68 DB:86 nvMXdizc V:248 H:286 F:18

		81B516 A6 01       LDX $01       [000E69] A:0104 X:0004 Y:0027 S:012E D:0E68 DB:86 nvMXdizc V:248 H:299 F:18
		81B518 7C 1B B5    JMP ($B51B,X) [81B51F] A:0104 X:0004 Y:0027 S:012E D:0E68 DB:86 nvMXdizc V:248 H:306 F:18

		81B629 A5 33       LDA $33       [000E9B] A:0104 X:0004 Y:0027 S:012E D:0E68 DB:86 nvMXdizc V:248 H:315 F:18
		81B62B 04 11       TSB $11       [000E79] A:0108 X:0004 Y:0027 S:012E D:0E68 DB:86 nvMXdizc V:248 H:321 F:18
		81B62D C2 20       REP #$20               A:0108 X:0004 Y:0027 S:012E D:0E68 DB:86 nvMXdizc V:248 H:330 F:18
		81B62F A9 2D C4    LDA #$C42D             A:0108 X:0004 Y:0027 S:012E D:0E68 DB:86 nvmXdizc V:248 H:335 F:18
		81B632 85 20       STA $20       [000E88] A:C42D X:0004 Y:0027 S:012E D:0E68 DB:86 NvmXdizc V:248 H:339 F:18
		81B634 E2 20       SEP #$20               A:C42D X:0004 Y:0027 S:012E D:0E68 DB:86 NvmXdizc V:249 H:  8 F:18
		81B636 A6 02       LDX $02       [000E6A] A:C42D X:0004 Y:0027 S:012E D:0E68 DB:86 NvMXdizc V:249 H: 12 F:18
		81B638 FC F3 B6    JSR ($B6F3,X) [81B6F9] A:C42D X:0006 Y:0027 S:012E D:0E68 DB:86 nvMXdizc V:249 H: 19 F:18

			81B93B A6 03       LDX $03       [000E6B] A:C42D X:0006 Y:0027 S:012C D:0E68 DB:86 nvMXdizc V:249 H: 32 F:18
			81B93D 7C 40 B9    JMP ($B940,X) [81B944] A:C42D X:0004 Y:0027 S:012C D:0E68 DB:86 nvMXdizc V:249 H: 38 F:18				JSR ($B940,Subaction) = ($81B944) = $81B989

			81B989 22 E8 81 82 JSL $8281E8   [8281E8] A:C42D X:0004 Y:0027 S:012C D:0E68 DB:86 nvMXdizc V:249 H: 47 F:18				JSL	$8281E8 --> Update E-Y-Vel, E-Positions

				8281E8 08          PHP                    A:C42D X:0004 Y:0027 S:0129 D:0E68 DB:86 nvMXdizc V:249 H: 61 F:18
				8281E9 C2 20       REP #$20               A:C42D X:0004 Y:0027 S:0128 D:0E68 DB:86 nvMXdizc V:249 H: 66 F:18
				8281EB 38          SEC                    A:C42D X:0004 Y:0027 S:0128 D:0E68 DB:86 nvmXdizc V:249 H: 70 F:18
				8281EC A5 1E       LDA $1E       [000E86] A:C42D X:0004 Y:0027 S:0128 D:0E68 DB:86 nvmXdizC V:249 H: 73 F:18
				8281EE 29 FF 00    AND #$00FF             A:1040 X:0004 Y:0027 S:0128 D:0E68 DB:86 nvmXdizC V:249 H: 82 F:18
				8281F1 E5 1C       SBC $1C       [000E84] A:0040 X:0004 Y:0027 S:0128 D:0E68 DB:86 nvmXdizC V:249 H: 86 F:18
				8281F3 49 FF FF    EOR #$FFFF             A:F7C2 X:0004 Y:0027 S:0128 D:0E68 DB:86 NvmXdizc V:249 H: 95 F:18
				8281F6 1A          INC                    A:083D X:0004 Y:0027 S:0128 D:0E68 DB:86 nvmXdizc V:249 H: 99 F:18
				8281F7 85 1C       STA $1C       [000E84] A:083E X:0004 Y:0027 S:0128 D:0E68 DB:86 nvmXdizc V:249 H:102 F:18
				8281F9 80 10       BRA $0010     [82820B] A:083E X:0004 Y:0027 S:0128 D:0E68 DB:86 nvmXdizc V:249 H:111 F:18
				82820B C2 21       REP #$21               A:083E X:0004 Y:0027 S:0128 D:0E68 DB:86 nvmXdizc V:249 H:115 F:18
				82820D A5 04       LDA $04       [000E6C] A:083E X:0004 Y:0027 S:0128 D:0E68 DB:86 nvmXdizc V:249 H:120 F:18
				82820F 65 1A       ADC $1A       [000E82] A:76E0 X:0004 Y:0027 S:0128 D:0E68 DB:86 nvmXdizc V:249 H:128 F:18
				828211 85 04       STA $04       [000E6C] A:78B0 X:0004 Y:0027 S:0128 D:0E68 DB:86 nvmXdizc V:249 H:147 F:18
				828213 E2 20       SEP #$20               A:78B0 X:0004 Y:0027 S:0128 D:0E68 DB:86 nvmXdizc V:249 H:155 F:18
				828215 A9 00       LDA #$00               A:78B0 X:0004 Y:0027 S:0128 D:0E68 DB:86 nvMXdizc V:249 H:160 F:18
				828217 24 1B       BIT $1B       [000E83] A:7800 X:0004 Y:0027 S:0128 D:0E68 DB:86 nvMXdiZc V:249 H:163 F:18
				828219 10 01       BPL $0001     [82821C] A:7800 X:0004 Y:0027 S:0128 D:0E68 DB:86 nvMXdiZc V:249 H:169 F:18
				82821C 65 06       ADC $06       [000E6E] A:7800 X:0004 Y:0027 S:0128 D:0E68 DB:86 nvMXdiZc V:249 H:174 F:18
				82821E 85 06       STA $06       [000E6E] A:781E X:0004 Y:0027 S:0128 D:0E68 DB:86 nvMXdizc V:249 H:180 F:18
				828220 C2 20       REP #$20               A:781E X:0004 Y:0027 S:0128 D:0E68 DB:86 nvMXdizc V:249 H:187 F:18
				828222 38          SEC                    A:781E X:0004 Y:0027 S:0128 D:0E68 DB:86 nvmXdizc V:249 H:191 F:18
				828223 A5 07       LDA $07       [000E6F] A:781E X:0004 Y:0027 S:0128 D:0E68 DB:86 nvmXdizC V:249 H:194 F:18
				828225 E5 1C       SBC $1C       [000E84] A:AC00 X:0004 Y:0027 S:0128 D:0E68 DB:86 NvmXdizC V:249 H:203 F:18
				828227 85 07       STA $07       [000E6F] A:A3C2 X:0004 Y:0027 S:0128 D:0E68 DB:86 NvmXdizC V:249 H:211 F:18
				828229 E2 20       SEP #$20               A:A3C2 X:0004 Y:0027 S:0128 D:0E68 DB:86 NvmXdizC V:249 H:220 F:18
				82822B 9C 00 00    STZ $0000     [860000] A:A3C2 X:0004 Y:0027 S:0128 D:0E68 DB:86 NvMXdizC V:249 H:224 F:18
				82822E 24 1D       BIT $1D       [000E85] A:A3C2 X:0004 Y:0027 S:0128 D:0E68 DB:86 NvMXdizC V:249 H:231 F:18
				828230 10 03       BPL $0003     [828235] A:A3C2 X:0004 Y:0027 S:0128 D:0E68 DB:86 nvMXdiZC V:249 H:237 F:18
				828235 A5 09       LDA $09       [000E71] A:A3C2 X:0004 Y:0027 S:0128 D:0E68 DB:86 nvMXdiZC V:249 H:242 F:18
				828237 ED 00 00    SBC $0000     [860000] A:A301 X:0004 Y:0027 S:0128 D:0E68 DB:86 nvMXdizC V:249 H:248 F:18
				82823A 85 09       STA $09       [000E71] A:A301 X:0004 Y:0027 S:0128 D:0E68 DB:86 nvMXdizC V:249 H:255 F:18
				82823C 28          PLP                    A:A301 X:0004 Y:0027 S:0128 D:0E68 DB:86 nvMXdizC V:249 H:261 F:18
				82823D 6B          RTL                    A:A301 X:0004 Y:0027 S:0129 D:0E68 DB:86 nvMXdizc V:249 H:268 F:18

			81B98D 22 BE 91 84 JSL $8491BE   [8491BE] A:A301 X:0004 Y:0027 S:012C D:0E68 DB:86 nvMXdizc V:249 H:278 F:18				JSL $8491BE --> Check for colissions and adjust position 

				8491BE 08          PHP                    A:A301 X:0004 Y:0027 S:0129 D:0E68 DB:86 nvMXdizc V:249 H:292 F:18
				8491BF 0B          PHD                    A:A301 X:0004 Y:0027 S:0128 D:0E68 DB:86 nvMXdizc V:249 H:297 F:18
				8491C0 C2 30       REP #$30               A:A301 X:0004 Y:0027 S:0126 D:0E68 DB:86 nvMXdizc V:249 H:304 F:18
				8491C2 A5 20       LDA $20       [000E88] A:A301 X:0004 Y:0027 S:0126 D:0E68 DB:86 nvmxdizc V:249 H:308 F:18
				8491C4 F0 15       BEQ $0015     [8491DB] A:C42D X:0004 Y:0027 S:0126 D:0E68 DB:86 Nvmxdizc V:249 H:317 F:18
				8491C6 7B          TDC                    A:C42D X:0004 Y:0027 S:0126 D:0E68 DB:86 Nvmxdizc V:249 H:320 F:18
				8491C7 AA          TAX                    A:0E68 X:0004 Y:0027 S:0126 D:0E68 DB:86 nvmxdizc V:249 H:323 F:18
				8491C8 A9 00 00    LDA #$0000             A:0E68 X:0E68 Y:0027 S:0126 D:0E68 DB:86 nvmxdizc V:249 H:325 F:18
				8491CB 5B          TCD                    A:0000 X:0E68 Y:0027 S:0126 D:0E68 DB:86 nvmxdiZc V:249 H:329 F:18
				8491CC 64 14       STZ $14       [000014] A:0000 X:0E68 Y:0027 S:0126 D:0000 DB:86 nvmxdiZc V:249 H:332 F:18
				8491CE B5 2B       LDA $2B,X     [000E93] A:0000 X:0E68 Y:0027 S:0126 D:0000 DB:86 nvmxdiZc V:249 H:339 F:18
				8491D0 29 00 FF    AND #$FF00             A:0004 X:0E68 Y:0027 S:0126 D:0000 DB:86 nvmxdizc V:250 H:  8 F:18
				8491D3 95 2B       STA $2B,X     [000E93] A:0000 X:0E68 Y:0027 S:0126 D:0000 DB:86 nvmxdiZc V:250 H: 12 F:18
				8491D5 20 AC 92    JSR $92AC     [8492AC] A:0000 X:0E68 Y:0027 S:0126 D:0000 DB:86 nvmxdiZc V:250 H: 21 F:18

					8492AC C2 30       REP #$30               A:0000 X:0E68 Y:0027 S:0124 D:0000 DB:86 nvmxdiZc V:250 H: 31 F:18
					8492AE B5 05       LDA $05,X     [000E6D] A:0000 X:0E68 Y:0027 S:0124 D:0000 DB:86 nvmxdiZc V:250 H: 35 F:18
					8492B0 38          SEC                    A:1E78 X:0E68 Y:0027 S:0124 D:0000 DB:86 nvmxdizc V:250 H: 44 F:18
					8492B1 F5 22       SBC $22,X     [000E8A] A:1E78 X:0E68 Y:0027 S:0124 D:0000 DB:86 nvmxdizC V:250 H: 47 F:18
					8492B3 85 00       STA $00       [000000] A:0002 X:0E68 Y:0027 S:0124 D:0000 DB:86 nvmxdizC V:250 H: 55 F:18
					8492B5 E2 20       SEP #$20               A:0002 X:0E68 Y:0027 S:0124 D:0000 DB:86 nvmxdizC V:250 H: 62 F:18
					8492B7 F0 4C       BEQ $004C     [849305] A:0002 X:0E68 Y:0027 S:0124 D:0000 DB:86 nvMxdizC V:250 H: 67 F:18
					8492B9 B4 20       LDY $20,X     [000E88] A:0002 X:0E68 Y:0027 S:0124 D:0000 DB:86 nvMxdizC V:250 H: 70 F:18
					8492BB B9 05 00    LDA $0005,Y   [86C432] A:0002 X:0E68 Y:C42D S:0124 D:0000 DB:86 NvMxdizC V:250 H: 78 F:18
					8492BE 34 11       BIT $11,X     [000E79] A:0000 X:0E68 Y:C42D S:0124 D:0000 DB:86 nvMxdiZC V:250 H: 86 F:18
					8492C0 50 03       BVC $0003     [8492C5] A:0000 X:0E68 Y:C42D S:0124 D:0000 DB:86 nVMxdiZC V:250 H: 92 F:18
					8492C2 49 FF       EOR #$FF               A:0000 X:0E68 Y:C42D S:0124 D:0000 DB:86 nVMxdiZC V:250 H: 95 F:18
					8492C4 1A          INC                    A:00FF X:0E68 Y:C42D S:0124 D:0000 DB:86 NVMxdizC V:250 H: 98 F:18
					8492C5 24 00       BIT $00       [000000] A:0000 X:0E68 Y:C42D S:0124 D:0000 DB:86 nVMxdiZC V:250 H:101 F:18
					8492C7 10 06       BPL $0006     [8492CF] A:0000 X:0E68 Y:C42D S:0124 D:0000 DB:86 nvMxdiZC V:250 H:106 F:18
					8492CF 18          CLC                    A:0000 X:0E68 Y:C42D S:0124 D:0000 DB:86 nvMxdiZC V:250 H:111 F:18
					8492D0 79 07 00    ADC $0007,Y   [86C434] A:0000 X:0E68 Y:C42D S:0124 D:0000 DB:86 nvMxdiZc V:250 H:114 F:18
					8492D3 95 29       STA $29,X     [000E91] A:000E X:0E68 Y:C42D S:0124 D:0000 DB:86 nvMxdizc V:250 H:121 F:18
					8492D5 B9 06 00    LDA $0006,Y   [86C433] A:000E X:0E68 Y:C42D S:0124 D:0000 DB:86 nvMxdizc V:250 H:128 F:18
					8492D8 95 2A       STA $2A,X     [000E92] A:0002 X:0E68 Y:C42D S:0124 D:0000 DB:86 nvMxdizc V:250 H:145 F:18
					8492DA 20 15 93    JSR $9315     [849315] A:0002 X:0E68 Y:C42D S:0124 D:0000 DB:86 nvMxdizc V:250 H:152 F:18

						849315 20 B3 90    JSR $90B3     [8490B3] A:0002 X:0E68 Y:C42D S:0122 D:0000 DB:86 nvMxdizc V:250 H:162 F:18

							8490B3 0B          PHD                    A:0002 X:0E68 Y:C42D S:0120 D:0000 DB:86 nvMxdizc V:250 H:172 F:18
							8490B4 DA          PHX                    A:0002 X:0E68 Y:C42D S:011E D:0000 DB:86 nvMxdizc V:250 H:179 F:18
							8490B5 08          PHP                    A:0002 X:0E68 Y:C42D S:011C D:0000 DB:86 nvMxdizc V:250 H:186 F:18
							8490B6 E2 20       SEP #$20               A:0002 X:0E68 Y:C42D S:011B D:0000 DB:86 nvMxdizc V:250 H:191 F:18
							8490B8 C2 10       REP #$10               A:0002 X:0E68 Y:C42D S:011B D:0000 DB:86 nvMxdizc V:250 H:195 F:18
							8490BA 64 01       STZ $01       [000001] A:0002 X:0E68 Y:C42D S:011B D:0000 DB:86 nvMxdizc V:250 H:200 F:18
							8490BC B5 29       LDA $29,X     [000E91] A:0002 X:0E68 Y:C42D S:011B D:0000 DB:86 nvMxdizc V:250 H:205 F:18
							8490BE 10 02       BPL $0002     [8490C2] A:000E X:0E68 Y:C42D S:011B D:0000 DB:86 nvMxdizc V:250 H:211 F:18
							8490C2 18          CLC                    A:000E X:0E68 Y:C42D S:011B D:0000 DB:86 nvMxdizc V:250 H:216 F:18
							8490C3 75 05       ADC $05,X     [000E6D] A:000E X:0E68 Y:C42D S:011B D:0000 DB:86 nvMxdizc V:250 H:219 F:18
							8490C5 85 00       STA $00       [000000] A:0086 X:0E68 Y:C42D S:011B D:0000 DB:86 NVMxdizc V:250 H:225 F:18
							8490C7 B5 06       LDA $06,X     [000E6E] A:0086 X:0E68 Y:C42D S:011B D:0000 DB:86 NVMxdizc V:250 H:230 F:18
							8490C9 65 01       ADC $01       [000001] A:001E X:0E68 Y:C42D S:011B D:0000 DB:86 nVMxdizc V:250 H:237 F:18
							8490CB 85 01       STA $01       [000001] A:001E X:0E68 Y:C42D S:011B D:0000 DB:86 nvMxdizc V:250 H:242 F:18
							8490CD 64 03       STZ $03       [000003] A:001E X:0E68 Y:C42D S:011B D:0000 DB:86 nvMxdizc V:250 H:247 F:18
							8490CF B5 2A       LDA $2A,X     [000E92] A:001E X:0E68 Y:C42D S:011B D:0000 DB:86 nvMxdizc V:250 H:252 F:18
							8490D1 10 02       BPL $0002     [8490D5] A:0002 X:0E68 Y:C42D S:011B D:0000 DB:86 nvMxdizc V:250 H:258 F:18
							8490D5 18          CLC                    A:0002 X:0E68 Y:C42D S:011B D:0000 DB:86 nvMxdizc V:250 H:263 F:18
							8490D6 75 08       ADC $08,X     [000E70] A:0002 X:0E68 Y:C42D S:011B D:0000 DB:86 nvMxdizc V:250 H:266 F:18
							8490D8 85 02       STA $02       [000002] A:00A5 X:0E68 Y:C42D S:011B D:0000 DB:86 NvMxdizc V:250 H:272 F:18
							8490DA 29 F0       AND #$F0               A:00A5 X:0E68 Y:C42D S:011B D:0000 DB:86 NvMxdizc V:250 H:277 F:18
							8490DC 85 0A       STA $0A       [00000A] A:00A0 X:0E68 Y:C42D S:011B D:0000 DB:86 NvMxdizc V:250 H:280 F:18
							8490DE B5 09       LDA $09,X     [000E71] A:00A0 X:0E68 Y:C42D S:011B D:0000 DB:86 NvMxdizc V:250 H:285 F:18
							8490E0 65 03       ADC $03       [000003] A:0001 X:0E68 Y:C42D S:011B D:0000 DB:86 nvMxdizc V:250 H:292 F:18
							8490E2 85 03       STA $03       [000003] A:0001 X:0E68 Y:C42D S:011B D:0000 DB:86 nvMxdizc V:250 H:297 F:18
							8490E4 85 0B       STA $0B       [00000B] A:0001 X:0E68 Y:C42D S:011B D:0000 DB:86 nvMxdizc V:250 H:302 F:18
							8490E6 A5 00       LDA $00       [000000] A:0001 X:0E68 Y:C42D S:011B D:0000 DB:86 nvMxdizc V:250 H:307 F:18
							8490E8 29 0F       AND #$0F               A:0086 X:0E68 Y:C42D S:011B D:0000 DB:86 NvMxdizc V:250 H:312 F:18
							8490EA 1A          INC                    A:0006 X:0E68 Y:C42D S:011B D:0000 DB:86 nvMxdizc V:250 H:315 F:18
							8490EB 85 0C       STA $0C       [00000C] A:0007 X:0E68 Y:C42D S:011B D:0000 DB:86 nvMxdizc V:250 H:318 F:18
							8490ED A5 02       LDA $02       [000002] A:0007 X:0E68 Y:C42D S:011B D:0000 DB:86 nvMxdizc V:250 H:323 F:18
							8490EF 29 0F       AND #$0F               A:00A5 X:0E68 Y:C42D S:011B D:0000 DB:86 NvMxdizc V:250 H:327 F:18
							8490F1 1A          INC                    A:0005 X:0E68 Y:C42D S:011B D:0000 DB:86 nvMxdizc V:250 H:330 F:18
							8490F2 85 0E       STA $0E       [00000E] A:0006 X:0E68 Y:C42D S:011B D:0000 DB:86 nvMxdizc V:250 H:333 F:18
							8490F4 C2 20       REP #$20               A:0006 X:0E68 Y:C42D S:011B D:0000 DB:86 nvMxdizc V:250 H:338 F:18
							8490F6 20 6A 91    JSR $916A     [84916A] A:0006 X:0E68 Y:C42D S:011B D:0000 DB:86 nvmxdizc V:251 H:  2 F:18

								84916A A9 00 E8    LDA #$E800             A:0006 X:0E68 Y:C42D S:0119 D:0000 DB:86 nvmxdizc V:251 H: 12 F:18
								84916D 85 10       STA $10       [000010] A:E800 X:0E68 Y:C42D S:0119 D:0000 DB:86 Nvmxdizc V:251 H: 17 F:18
								84916F A9 7E 00    LDA #$007E             A:E800 X:0E68 Y:C42D S:0119 D:0000 DB:86 Nvmxdizc V:251 H: 24 F:18
								849172 85 12       STA $12       [000012] A:007E X:0E68 Y:C42D S:0119 D:0000 DB:86 nvmxdizc V:251 H: 28 F:18
								849174 A5 02       LDA $02       [000002] A:007E X:0E68 Y:C42D S:0119 D:0000 DB:86 nvmxdizc V:251 H: 35 F:18
								849176 29 F0 00    AND #$00F0             A:01A5 X:0E68 Y:C42D S:0119 D:0000 DB:86 nvmxdizc V:251 H: 42 F:18
								849179 0A          ASL A                  A:00A0 X:0E68 Y:C42D S:0119 D:0000 DB:86 nvmxdizc V:251 H: 47 F:18
								84917A 85 04       STA $04       [000004] A:0140 X:0E68 Y:C42D S:0119 D:0000 DB:86 nvmxdizc V:251 H: 50 F:18
								84917C A5 00       LDA $00       [000000] A:0140 X:0E68 Y:C42D S:0119 D:0000 DB:86 nvmxdizc V:251 H: 57 F:18
								84917E 29 FF 00    AND #$00FF             A:1E86 X:0E68 Y:C42D S:0119 D:0000 DB:86 nvmxdizc V:251 H: 64 F:18
								849181 4A          LSR A                  A:0086 X:0E68 Y:C42D S:0119 D:0000 DB:86 nvmxdizc V:251 H: 68 F:18
								849182 4A          LSR A                  A:0043 X:0E68 Y:C42D S:0119 D:0000 DB:86 nvmxdizc V:251 H: 71 F:18
								849183 4A          LSR A                  A:0021 X:0E68 Y:C42D S:0119 D:0000 DB:86 nvmxdizC V:251 H: 74 F:18
								849184 29 FE FF    AND #$FFFE             A:0010 X:0E68 Y:C42D S:0119 D:0000 DB:86 nvmxdizC V:251 H: 77 F:18
								849187 18          CLC                    A:0010 X:0E68 Y:C42D S:0119 D:0000 DB:86 nvmxdizC V:251 H: 82 F:18
								849188 65 04       ADC $04       [000004] A:0010 X:0E68 Y:C42D S:0119 D:0000 DB:86 nvmxdizc V:251 H: 85 F:18
								84918A 85 06       STA $06       [000006] A:0150 X:0E68 Y:C42D S:0119 D:0000 DB:86 nvmxdizc V:251 H: 92 F:18
								84918C A5 00       LDA $00       [000000] A:0150 X:0E68 Y:C42D S:0119 D:0000 DB:86 nvmxdizc V:251 H: 99 F:18
								84918E EB          XBA                    A:1E86 X:0E68 Y:C42D S:0119 D:0000 DB:86 nvmxdizc V:251 H:106 F:18
								84918F 29 1F 00    AND #$001F             A:861E X:0E68 Y:C42D S:0119 D:0000 DB:86 nvmxdizc V:251 H:110 F:18
								849192 85 04       STA $04       [000004] A:001E X:0E68 Y:C42D S:0119 D:0000 DB:86 nvmxdizc V:251 H:115 F:18
								849194 A5 02       LDA $02       [000002] A:001E X:0E68 Y:C42D S:0119 D:0000 DB:86 nvmxdizc V:251 H:122 F:18
								849196 29 00 1F    AND #$1F00             A:01A5 X:0E68 Y:C42D S:0119 D:0000 DB:86 nvmxdizc V:251 H:129 F:18
								849199 4A          LSR A                  A:0100 X:0E68 Y:C42D S:0119 D:0000 DB:86 nvmxdizc V:251 H:133 F:18
								84919A 4A          LSR A                  A:0080 X:0E68 Y:C42D S:0119 D:0000 DB:86 nvmxdizc V:251 H:146 F:18
								84919B 4A          LSR A                  A:0040 X:0E68 Y:C42D S:0119 D:0000 DB:86 nvmxdizc V:251 H:149 F:18
								84919C 18          CLC                    A:0020 X:0E68 Y:C42D S:0119 D:0000 DB:86 nvmxdizc V:251 H:152 F:18
								84919D 65 04       ADC $04       [000004] A:0020 X:0E68 Y:C42D S:0119 D:0000 DB:86 nvmxdizc V:251 H:155 F:18
								84919F A8          TAY                    A:003E X:0E68 Y:C42D S:0119 D:0000 DB:86 nvmxdizc V:251 H:162 F:18
								8491A0 B7 10       LDA [$10],Y   [7EE83E] A:003E X:0E68 Y:003E S:0119 D:0000 DB:86 nvmxdizc V:251 H:165 F:18
								8491A2 29 FF 00    AND #$00FF             A:0005 X:0E68 Y:003E S:0119 D:0000 DB:86 nvmxdizc V:251 H:178 F:18
								8491A5 A8          TAY                    A:0005 X:0E68 Y:003E S:0119 D:0000 DB:86 nvmxdizc V:251 H:183 F:18
								8491A6 EB          XBA                    A:0005 X:0E68 Y:0005 S:0119 D:0000 DB:86 nvmxdizc V:251 H:186 F:18
								8491A7 0A          ASL A                  A:0500 X:0E68 Y:0005 S:0119 D:0000 DB:86 nvmxdiZc V:251 H:190 F:18
								8491A8 18          CLC                    A:0A00 X:0E68 Y:0005 S:0119 D:0000 DB:86 nvmxdizc V:251 H:193 F:18
								8491A9 65 06       ADC $06       [000006] A:0A00 X:0E68 Y:0005 S:0119 D:0000 DB:86 nvmxdizc V:251 H:196 F:18
								8491AB AA          TAX                    A:0B50 X:0E68 Y:0005 S:0119 D:0000 DB:86 nvmxdizc V:251 H:203 F:18
								8491AC 60          RTS                    A:0B50 X:0B50 Y:0005 S:0119 D:0000 DB:86 nvmxdizc V:251 H:206 F:18

							8490F9 BF 00 20 7E LDA $7E2000,X [7E2B50] A:0B50 X:0B50 Y:0005 S:011B D:0000 DB:86 nvmxdizc V:251 H:216 F:18
							8490FD A8          TAY                    A:02CF X:0B50 Y:0005 S:011B D:0000 DB:86 nvmxdizc V:251 H:226 F:18
							8490FE AD 92 0B    LDA $0B92     [860B92] A:02CF X:0B50 Y:02CF S:011B D:0000 DB:86 nvmxdizc V:251 H:229 F:18
							849101 85 10       STA $10       [000010] A:EDC3 X:0B50 Y:02CF S:011B D:0000 DB:86 Nvmxdizc V:251 H:238 F:18
							849103 AD 94 0B    LDA $0B94     [860B94] A:EDC3 X:0B50 Y:02CF S:011B D:0000 DB:86 Nvmxdizc V:251 H:245 F:18
							849106 85 12       STA $12       [000012] A:E095 X:0B50 Y:02CF S:011B D:0000 DB:86 Nvmxdizc V:251 H:253 F:18
							849108 B7 10       LDA [$10],Y   [95F092] A:E095 X:0B50 Y:02CF S:011B D:0000 DB:86 Nvmxdizc V:251 H:260 F:18	Load Tile colission
							84910A 29 FF 00    AND #$00FF             A:0000 X:0B50 Y:02CF S:011B D:0000 DB:86 nvmxdiZc V:251 H:272 F:18
							84910D 28          PLP                    A:0000 X:0B50 Y:02CF S:011B D:0000 DB:86 nvmxdiZc V:251 H:277 F:18
							84910E FA          PLX                    A:0000 X:0B50 Y:02CF S:011C D:0000 DB:86 nvMxdizc V:251 H:283 F:18
							84910F 2B          PLD                    A:0000 X:0E68 Y:02CF S:011E D:0000 DB:86 nvMxdizc V:251 H:292 F:18
							849110 60          RTS                    A:0000 X:0E68 Y:02CF S:0120 D:0000 DB:86 nvMxdiZc V:251 H:300 F:18

						849318 B4 05       LDY $05,X     [000E6D] A:0000 X:0E68 Y:02CF S:0122 D:0000 DB:86 nvMxdiZc V:251 H:310 F:18
						84931A 84 10       STY $10       [000010] A:0000 X:0E68 Y:1E78 S:0122 D:0000 DB:86 nvMxdizc V:251 H:319 F:18
						84931C B4 08       LDY $08,X     [000E70] A:0000 X:0E68 Y:1E78 S:0122 D:0000 DB:86 nvMxdizc V:251 H:325 F:18
						84931E 84 12       STY $12       [000012] A:0000 X:0E68 Y:01A3 S:0122 D:0000 DB:86 nvMxdizc V:251 H:333 F:18
						849320 95 2D       STA $2D,X     [000E95] A:0000 X:0E68 Y:01A3 S:0122 D:0000 DB:86 nvMxdizc V:252 H:  0 F:18
						849322 86 2C       STX $2C       [00002C] A:0000 X:0E68 Y:01A3 S:0122 D:0000 DB:86 nvMxdizc V:252 H:  7 F:18
						849324 29 3F       AND #$3F               A:0000 X:0E68 Y:01A3 S:0122 D:0000 DB:86 nvMxdizc V:252 H: 14 F:18
						849326 0A          ASL A                  A:0000 X:0E68 Y:01A3 S:0122 D:0000 DB:86 nvMxdiZc V:252 H: 17 F:18
						849327 EB          XBA                    A:0000 X:0E68 Y:01A3 S:0122 D:0000 DB:86 nvMxdiZc V:252 H: 20 F:18
						849328 A9 00       LDA #$00               A:0000 X:0E68 Y:01A3 S:0122 D:0000 DB:86 nvMxdiZc V:252 H: 24 F:18
						84932A EB          XBA                    A:0000 X:0E68 Y:01A3 S:0122 D:0000 DB:86 nvMxdiZc V:252 H: 27 F:18
						84932B AA          TAX                    A:0000 X:0E68 Y:01A3 S:0122 D:0000 DB:86 nvMxdiZc V:252 H: 32 F:18
						84932C FC 5D 93    JSR ($935D,X) [84935D] A:0000 X:0000 Y:01A3 S:0122 D:0000 DB:86 nvMxdiZc V:252 H: 35 F:18		JSR based on Tile colission

							84977A A9 00       LDA #$00               A:0000 X:0000 Y:01A3 S:0120 D:0000 DB:86 nvMxdiZc V:252 H: 48 F:18
							84977C 60          RTS                    A:0000 X:0000 Y:01A3 S:0120 D:0000 DB:86 nvMxdiZc V:252 H: 51 F:18

						84932F 08          PHP                    A:0000 X:0000 Y:01A3 S:0122 D:0000 DB:86 nvMxdiZc V:252 H: 61 F:18		A returned as #$00 because Tile colission is #$00
						849330 A6 2C       LDX $2C       [00002C] A:0000 X:0000 Y:01A3 S:0121 D:0000 DB:86 nvMxdiZc V:252 H: 66 F:18
						849332 A9 01       LDA #$01               A:0000 X:0E68 Y:01A3 S:0121 D:0000 DB:86 nvMxdizc V:252 H: 73 F:18
						849334 34 29       BIT $29,X     [000E91] A:0001 X:0E68 Y:01A3 S:0121 D:0000 DB:86 nvMxdizc V:252 H: 76 F:18
						849336 10 02       BPL $0002     [84933A] A:0001 X:0E68 Y:01A3 S:0121 D:0000 DB:86 nvMxdiZc V:252 H: 82 F:18
						84933A 28          PLP                    A:0001 X:0E68 Y:01A3 S:0121 D:0000 DB:86 nvMxdiZc V:252 H: 87 F:18
						84933B F0 0C       BEQ $000C     [849349] A:0001 X:0E68 Y:01A3 S:0122 D:0000 DB:86 nvMxdiZc V:252 H: 93 F:18
						849349 49 FF       EOR #$FF               A:0001 X:0E68 Y:01A3 S:0122 D:0000 DB:86 nvMxdiZc V:252 H: 98 F:18
						84934B 35 2B       AND $2B,X     [000E93] A:00FE X:0E68 Y:01A3 S:0122 D:0000 DB:86 NvMxdizc V:252 H:101 F:18
						84934D 95 2B       STA $2B,X     [000E93] A:0000 X:0E68 Y:01A3 S:0122 D:0000 DB:86 nvMxdiZc V:252 H:107 F:18
						84934F 20 08 93    JSR $9308     [849308] A:0000 X:0E68 Y:01A3 S:0122 D:0000 DB:86 nvMxdiZc V:252 H:114 F:18

							849308 A5 14       LDA $14       [000014] A:0000 X:0E68 Y:01A3 S:0120 D:0000 DB:86 nvMxdiZc V:252 H:124 F:18
							84930A F0 08       BEQ $0008     [849314] A:0000 X:0E68 Y:01A3 S:0120 D:0000 DB:86 nvMxdiZc V:252 H:129 F:18
							849314 60          RTS                    A:0000 X:0E68 Y:01A3 S:0120 D:0000 DB:86 nvMxdiZc V:252 H:143 F:18

						849352 A9 00       LDA #$00               A:0000 X:0E68 Y:01A3 S:0122 D:0000 DB:86 nvMxdiZc V:252 H:153 F:18
						849354 60          RTS                    A:0000 X:0E68 Y:01A3 S:0122 D:0000 DB:86 nvMxdiZc V:252 H:156 F:18

					8492DD D0 26       BNE $0026     [849305] A:0000 X:0E68 Y:01A3 S:0124 D:0000 DB:86 nvMxdiZc V:252 H:166 F:18
					8492DF B4 20       LDY $20,X     [000E88] A:0000 X:0E68 Y:01A3 S:0124 D:0000 DB:86 nvMxdiZc V:252 H:169 F:18
					8492E1 B9 06 00    LDA $0006,Y   [86C433] A:0000 X:0E68 Y:C42D S:0124 D:0000 DB:86 NvMxdizc V:252 H:178 F:18
					8492E4 38          SEC                    A:0002 X:0E68 Y:C42D S:0124 D:0000 DB:86 nvMxdizc V:252 H:185 F:18
					8492E5 F9 08 00    SBC $0008,Y   [86C435] A:0002 X:0E68 Y:C42D S:0124 D:0000 DB:86 nvMxdizC V:252 H:188 F:18
					8492E8 18          CLC                    A:00F1 X:0E68 Y:C42D S:0124 D:0000 DB:86 NvMxdizc V:252 H:196 F:18
					8492E9 79 09 00    ADC $0009,Y   [86C436] A:00F1 X:0E68 Y:C42D S:0124 D:0000 DB:86 NvMxdizc V:252 H:199 F:18
					8492EC 95 2A       STA $2A,X     [000E92] A:00F6 X:0E68 Y:C42D S:0124 D:0000 DB:86 NvMxdizc V:252 H:206 F:18
					8492EE 20 15 93    JSR $9315     [849315] A:00F6 X:0E68 Y:C42D S:0124 D:0000 DB:86 NvMxdizc V:252 H:213 F:18

						849315 20 B3 90    JSR $90B3     [8490B3] A:00F6 X:0E68 Y:C42D S:0122 D:0000 DB:86 NvMxdizc V:252 H:223 F:18

							8490B3 0B          PHD                    A:00F6 X:0E68 Y:C42D S:0120 D:0000 DB:86 NvMxdizc V:252 H:233 F:18
							8490B4 DA          PHX                    A:00F6 X:0E68 Y:C42D S:011E D:0000 DB:86 NvMxdizc V:252 H:240 F:18
							8490B5 08          PHP                    A:00F6 X:0E68 Y:C42D S:011C D:0000 DB:86 NvMxdizc V:252 H:247 F:18
							8490B6 E2 20       SEP #$20               A:00F6 X:0E68 Y:C42D S:011B D:0000 DB:86 NvMxdizc V:252 H:252 F:18
							8490B8 C2 10       REP #$10               A:00F6 X:0E68 Y:C42D S:011B D:0000 DB:86 NvMxdizc V:252 H:256 F:18
							8490BA 64 01       STZ $01       [000001] A:00F6 X:0E68 Y:C42D S:011B D:0000 DB:86 NvMxdizc V:252 H:261 F:18
							8490BC B5 29       LDA $29,X     [000E91] A:00F6 X:0E68 Y:C42D S:011B D:0000 DB:86 NvMxdizc V:252 H:266 F:18
							8490BE 10 02       BPL $0002     [8490C2] A:000E X:0E68 Y:C42D S:011B D:0000 DB:86 nvMxdizc V:252 H:272 F:18
							8490C2 18          CLC                    A:000E X:0E68 Y:C42D S:011B D:0000 DB:86 nvMxdizc V:252 H:277 F:18
							8490C3 75 05       ADC $05,X     [000E6D] A:000E X:0E68 Y:C42D S:011B D:0000 DB:86 nvMxdizc V:252 H:280 F:18
							8490C5 85 00       STA $00       [000000] A:0086 X:0E68 Y:C42D S:011B D:0000 DB:86 NVMxdizc V:252 H:286 F:18
							8490C7 B5 06       LDA $06,X     [000E6E] A:0086 X:0E68 Y:C42D S:011B D:0000 DB:86 NVMxdizc V:252 H:291 F:18
							8490C9 65 01       ADC $01       [000001] A:001E X:0E68 Y:C42D S:011B D:0000 DB:86 nVMxdizc V:252 H:298 F:18
							8490CB 85 01       STA $01       [000001] A:001E X:0E68 Y:C42D S:011B D:0000 DB:86 nvMxdizc V:252 H:303 F:18
							8490CD 64 03       STZ $03       [000003] A:001E X:0E68 Y:C42D S:011B D:0000 DB:86 nvMxdizc V:252 H:308 F:18
							8490CF B5 2A       LDA $2A,X     [000E92] A:001E X:0E68 Y:C42D S:011B D:0000 DB:86 nvMxdizc V:252 H:313 F:18
							8490D1 10 02       BPL $0002     [8490D5] A:00F6 X:0E68 Y:C42D S:011B D:0000 DB:86 NvMxdizc V:252 H:319 F:18
							8490D3 C6 03       DEC $03       [000003] A:00F6 X:0E68 Y:C42D S:011B D:0000 DB:86 NvMxdizc V:252 H:322 F:18
							8490D5 18          CLC                    A:00F6 X:0E68 Y:C42D S:011B D:0000 DB:86 NvMxdizc V:252 H:330 F:18
							8490D6 75 08       ADC $08,X     [000E70] A:00F6 X:0E68 Y:C42D S:011B D:0000 DB:86 NvMxdizc V:252 H:333 F:18
							8490D8 85 02       STA $02       [000002] A:0099 X:0E68 Y:C42D S:011B D:0000 DB:86 NvMxdizC V:252 H:339 F:18
							8490DA 29 F0       AND #$F0               A:0099 X:0E68 Y:C42D S:011B D:0000 DB:86 NvMxdizC V:253 H:  4 F:18
							8490DC 85 0A       STA $0A       [00000A] A:0090 X:0E68 Y:C42D S:011B D:0000 DB:86 NvMxdizC V:253 H:  7 F:18
							8490DE B5 09       LDA $09,X     [000E71] A:0090 X:0E68 Y:C42D S:011B D:0000 DB:86 NvMxdizC V:253 H: 12 F:18
							8490E0 65 03       ADC $03       [000003] A:0001 X:0E68 Y:C42D S:011B D:0000 DB:86 nvMxdizC V:253 H: 19 F:18
							8490E2 85 03       STA $03       [000003] A:0001 X:0E68 Y:C42D S:011B D:0000 DB:86 nvMxdizC V:253 H: 24 F:18
							8490E4 85 0B       STA $0B       [00000B] A:0001 X:0E68 Y:C42D S:011B D:0000 DB:86 nvMxdizC V:253 H: 29 F:18
							8490E6 A5 00       LDA $00       [000000] A:0001 X:0E68 Y:C42D S:011B D:0000 DB:86 nvMxdizC V:253 H: 34 F:18
							8490E8 29 0F       AND #$0F               A:0086 X:0E68 Y:C42D S:011B D:0000 DB:86 NvMxdizC V:253 H: 39 F:18
							8490EA 1A          INC                    A:0006 X:0E68 Y:C42D S:011B D:0000 DB:86 nvMxdizC V:253 H: 42 F:18
							8490EB 85 0C       STA $0C       [00000C] A:0007 X:0E68 Y:C42D S:011B D:0000 DB:86 nvMxdizC V:253 H: 45 F:18
							8490ED A5 02       LDA $02       [000002] A:0007 X:0E68 Y:C42D S:011B D:0000 DB:86 nvMxdizC V:253 H: 50 F:18
							8490EF 29 0F       AND #$0F               A:0099 X:0E68 Y:C42D S:011B D:0000 DB:86 NvMxdizC V:253 H: 55 F:18
							8490F1 1A          INC                    A:0009 X:0E68 Y:C42D S:011B D:0000 DB:86 nvMxdizC V:253 H: 58 F:18
							8490F2 85 0E       STA $0E       [00000E] A:000A X:0E68 Y:C42D S:011B D:0000 DB:86 nvMxdizC V:253 H: 61 F:18
							8490F4 C2 20       REP #$20               A:000A X:0E68 Y:C42D S:011B D:0000 DB:86 nvMxdizC V:253 H: 66 F:18
							8490F6 20 6A 91    JSR $916A     [84916A] A:000A X:0E68 Y:C42D S:011B D:0000 DB:86 nvmxdizC V:253 H: 70 F:18

								84916A A9 00 E8    LDA #$E800             A:000A X:0E68 Y:C42D S:0119 D:0000 DB:86 nvmxdizC V:253 H: 80 F:18
								84916D 85 10       STA $10       [000010] A:E800 X:0E68 Y:C42D S:0119 D:0000 DB:86 NvmxdizC V:253 H: 85 F:18
								84916F A9 7E 00    LDA #$007E             A:E800 X:0E68 Y:C42D S:0119 D:0000 DB:86 NvmxdizC V:253 H: 92 F:18
								849172 85 12       STA $12       [000012] A:007E X:0E68 Y:C42D S:0119 D:0000 DB:86 nvmxdizC V:253 H: 96 F:18
								849174 A5 02       LDA $02       [000002] A:007E X:0E68 Y:C42D S:0119 D:0000 DB:86 nvmxdizC V:253 H:103 F:18
								849176 29 F0 00    AND #$00F0             A:0199 X:0E68 Y:C42D S:0119 D:0000 DB:86 nvmxdizC V:253 H:110 F:18
								849179 0A          ASL A                  A:0090 X:0E68 Y:C42D S:0119 D:0000 DB:86 nvmxdizC V:253 H:115 F:18
								84917A 85 04       STA $04       [000004] A:0120 X:0E68 Y:C42D S:0119 D:0000 DB:86 nvmxdizc V:253 H:118 F:18
								84917C A5 00       LDA $00       [000000] A:0120 X:0E68 Y:C42D S:0119 D:0000 DB:86 nvmxdizc V:253 H:125 F:18
								84917E 29 FF 00    AND #$00FF             A:1E86 X:0E68 Y:C42D S:0119 D:0000 DB:86 nvmxdizc V:253 H:132 F:18
								849181 4A          LSR A                  A:0086 X:0E68 Y:C42D S:0119 D:0000 DB:86 nvmxdizc V:253 H:146 F:18
								849182 4A          LSR A                  A:0043 X:0E68 Y:C42D S:0119 D:0000 DB:86 nvmxdizc V:253 H:149 F:18
								849183 4A          LSR A                  A:0021 X:0E68 Y:C42D S:0119 D:0000 DB:86 nvmxdizC V:253 H:152 F:18
								849184 29 FE FF    AND #$FFFE             A:0010 X:0E68 Y:C42D S:0119 D:0000 DB:86 nvmxdizC V:253 H:155 F:18
								849187 18          CLC                    A:0010 X:0E68 Y:C42D S:0119 D:0000 DB:86 nvmxdizC V:253 H:160 F:18
								849188 65 04       ADC $04       [000004] A:0010 X:0E68 Y:C42D S:0119 D:0000 DB:86 nvmxdizc V:253 H:163 F:18
								84918A 85 06       STA $06       [000006] A:0130 X:0E68 Y:C42D S:0119 D:0000 DB:86 nvmxdizc V:253 H:170 F:18
								84918C A5 00       LDA $00       [000000] A:0130 X:0E68 Y:C42D S:0119 D:0000 DB:86 nvmxdizc V:253 H:177 F:18
								84918E EB          XBA                    A:1E86 X:0E68 Y:C42D S:0119 D:0000 DB:86 nvmxdizc V:253 H:184 F:18
								84918F 29 1F 00    AND #$001F             A:861E X:0E68 Y:C42D S:0119 D:0000 DB:86 nvmxdizc V:253 H:188 F:18
								849192 85 04       STA $04       [000004] A:001E X:0E68 Y:C42D S:0119 D:0000 DB:86 nvmxdizc V:253 H:193 F:18
								849194 A5 02       LDA $02       [000002] A:001E X:0E68 Y:C42D S:0119 D:0000 DB:86 nvmxdizc V:253 H:200 F:18
								849196 29 00 1F    AND #$1F00             A:0199 X:0E68 Y:C42D S:0119 D:0000 DB:86 nvmxdizc V:253 H:207 F:18
								849199 4A          LSR A                  A:0100 X:0E68 Y:C42D S:0119 D:0000 DB:86 nvmxdizc V:253 H:211 F:18
								84919A 4A          LSR A                  A:0080 X:0E68 Y:C42D S:0119 D:0000 DB:86 nvmxdizc V:253 H:214 F:18
								84919B 4A          LSR A                  A:0040 X:0E68 Y:C42D S:0119 D:0000 DB:86 nvmxdizc V:253 H:217 F:18
								84919C 18          CLC                    A:0020 X:0E68 Y:C42D S:0119 D:0000 DB:86 nvmxdizc V:253 H:220 F:18
								84919D 65 04       ADC $04       [000004] A:0020 X:0E68 Y:C42D S:0119 D:0000 DB:86 nvmxdizc V:253 H:223 F:18
								84919F A8          TAY                    A:003E X:0E68 Y:C42D S:0119 D:0000 DB:86 nvmxdizc V:253 H:230 F:18
								8491A0 B7 10       LDA [$10],Y   [7EE83E] A:003E X:0E68 Y:003E S:0119 D:0000 DB:86 nvmxdizc V:253 H:233 F:18
								8491A2 29 FF 00    AND #$00FF             A:0005 X:0E68 Y:003E S:0119 D:0000 DB:86 nvmxdizc V:253 H:246 F:18
								8491A5 A8          TAY                    A:0005 X:0E68 Y:003E S:0119 D:0000 DB:86 nvmxdizc V:253 H:251 F:18
								8491A6 EB          XBA                    A:0005 X:0E68 Y:0005 S:0119 D:0000 DB:86 nvmxdizc V:253 H:254 F:18
								8491A7 0A          ASL A                  A:0500 X:0E68 Y:0005 S:0119 D:0000 DB:86 nvmxdiZc V:253 H:258 F:18
								8491A8 18          CLC                    A:0A00 X:0E68 Y:0005 S:0119 D:0000 DB:86 nvmxdizc V:253 H:261 F:18
								8491A9 65 06       ADC $06       [000006] A:0A00 X:0E68 Y:0005 S:0119 D:0000 DB:86 nvmxdizc V:253 H:264 F:18
								8491AB AA          TAX                    A:0B30 X:0E68 Y:0005 S:0119 D:0000 DB:86 nvmxdizc V:253 H:271 F:18
								8491AC 60          RTS                    A:0B30 X:0B30 Y:0005 S:0119 D:0000 DB:86 nvmxdizc V:253 H:274 F:18

							8490F9 BF 00 20 7E LDA $7E2000,X [7E2B30] A:0B30 X:0B30 Y:0005 S:011B D:0000 DB:86 nvmxdizc V:253 H:284 F:18
							8490FD A8          TAY                    A:02BF X:0B30 Y:0005 S:011B D:0000 DB:86 nvmxdizc V:253 H:294 F:18
							8490FE AD 92 0B    LDA $0B92     [860B92] A:02BF X:0B30 Y:02BF S:011B D:0000 DB:86 nvmxdizc V:253 H:297 F:18
							849101 85 10       STA $10       [000010] A:EDC3 X:0B30 Y:02BF S:011B D:0000 DB:86 Nvmxdizc V:253 H:306 F:18
							849103 AD 94 0B    LDA $0B94     [860B94] A:EDC3 X:0B30 Y:02BF S:011B D:0000 DB:86 Nvmxdizc V:253 H:313 F:18
							849106 85 12       STA $12       [000012] A:E095 X:0B30 Y:02BF S:011B D:0000 DB:86 Nvmxdizc V:253 H:321 F:18
							849108 B7 10       LDA [$10],Y   [95F082] A:E095 X:0B30 Y:02BF S:011B D:0000 DB:86 Nvmxdizc V:253 H:327 F:18
							84910A 29 FF 00    AND #$00FF             A:0000 X:0B30 Y:02BF S:011B D:0000 DB:86 nvmxdiZc V:253 H:339 F:18
							84910D 28          PLP                    A:0000 X:0B30 Y:02BF S:011B D:0000 DB:86 nvmxdiZc V:254 H:  4 F:18
							84910E FA          PLX                    A:0000 X:0B30 Y:02BF S:011C D:0000 DB:86 NvMxdizc V:254 H: 10 F:18
							84910F 2B          PLD                    A:0000 X:0E68 Y:02BF S:011E D:0000 DB:86 nvMxdizc V:254 H: 19 F:18
							849110 60          RTS                    A:0000 X:0E68 Y:02BF S:0120 D:0000 DB:86 nvMxdiZc V:254 H: 27 F:18

						849318 B4 05       LDY $05,X     [000E6D] A:0000 X:0E68 Y:02BF S:0122 D:0000 DB:86 nvMxdiZc V:254 H: 37 F:18
						84931A 84 10       STY $10       [000010] A:0000 X:0E68 Y:1E78 S:0122 D:0000 DB:86 nvMxdizc V:254 H: 46 F:18
						84931C B4 08       LDY $08,X     [000E70] A:0000 X:0E68 Y:1E78 S:0122 D:0000 DB:86 nvMxdizc V:254 H: 53 F:18
						84931E 84 12       STY $12       [000012] A:0000 X:0E68 Y:01A3 S:0122 D:0000 DB:86 nvMxdizc V:254 H: 61 F:18
						849320 95 2D       STA $2D,X     [000E95] A:0000 X:0E68 Y:01A3 S:0122 D:0000 DB:86 nvMxdizc V:254 H: 68 F:18
						849322 86 2C       STX $2C       [00002C] A:0000 X:0E68 Y:01A3 S:0122 D:0000 DB:86 nvMxdizc V:254 H: 75 F:18
						849324 29 3F       AND #$3F               A:0000 X:0E68 Y:01A3 S:0122 D:0000 DB:86 nvMxdizc V:254 H: 82 F:18
						849326 0A          ASL A                  A:0000 X:0E68 Y:01A3 S:0122 D:0000 DB:86 nvMxdiZc V:254 H: 85 F:18
						849327 EB          XBA                    A:0000 X:0E68 Y:01A3 S:0122 D:0000 DB:86 nvMxdiZc V:254 H: 88 F:18
						849328 A9 00       LDA #$00               A:0000 X:0E68 Y:01A3 S:0122 D:0000 DB:86 nvMxdiZc V:254 H: 92 F:18
						84932A EB          XBA                    A:0000 X:0E68 Y:01A3 S:0122 D:0000 DB:86 nvMxdiZc V:254 H: 95 F:18
						84932B AA          TAX                    A:0000 X:0E68 Y:01A3 S:0122 D:0000 DB:86 nvMxdiZc V:254 H:100 F:18
						84932C FC 5D 93    JSR ($935D,X) [84935D] A:0000 X:0000 Y:01A3 S:0122 D:0000 DB:86 nvMxdiZc V:254 H:103 F:18

							84977A A9 00       LDA #$00               A:0000 X:0000 Y:01A3 S:0120 D:0000 DB:86 nvMxdiZc V:254 H:116 F:18
							84977C 60          RTS                    A:0000 X:0000 Y:01A3 S:0120 D:0000 DB:86 nvMxdiZc V:254 H:119 F:18

						84932F 08          PHP                    A:0000 X:0000 Y:01A3 S:0122 D:0000 DB:86 nvMxdiZc V:254 H:129 F:18
						849330 A6 2C       LDX $2C       [00002C] A:0000 X:0000 Y:01A3 S:0121 D:0000 DB:86 nvMxdiZc V:254 H:144 F:18
						849332 A9 01       LDA #$01               A:0000 X:0E68 Y:01A3 S:0121 D:0000 DB:86 nvMxdizc V:254 H:151 F:18
						849334 34 29       BIT $29,X     [000E91] A:0001 X:0E68 Y:01A3 S:0121 D:0000 DB:86 nvMxdizc V:254 H:154 F:18
						849336 10 02       BPL $0002     [84933A] A:0001 X:0E68 Y:01A3 S:0121 D:0000 DB:86 nvMxdiZc V:254 H:160 F:18
						84933A 28          PLP                    A:0001 X:0E68 Y:01A3 S:0121 D:0000 DB:86 nvMxdiZc V:254 H:165 F:18
						84933B F0 0C       BEQ $000C     [849349] A:0001 X:0E68 Y:01A3 S:0122 D:0000 DB:86 nvMxdiZc V:254 H:171 F:18
						849349 49 FF       EOR #$FF               A:0001 X:0E68 Y:01A3 S:0122 D:0000 DB:86 nvMxdiZc V:254 H:176 F:18
						84934B 35 2B       AND $2B,X     [000E93] A:00FE X:0E68 Y:01A3 S:0122 D:0000 DB:86 NvMxdizc V:254 H:179 F:18
						84934D 95 2B       STA $2B,X     [000E93] A:0000 X:0E68 Y:01A3 S:0122 D:0000 DB:86 nvMxdiZc V:254 H:185 F:18
						84934F 20 08 93    JSR $9308     [849308] A:0000 X:0E68 Y:01A3 S:0122 D:0000 DB:86 nvMxdiZc V:254 H:192 F:18

							849308 A5 14       LDA $14       [000014] A:0000 X:0E68 Y:01A3 S:0120 D:0000 DB:86 nvMxdiZc V:254 H:202 F:18
							84930A F0 08       BEQ $0008     [849314] A:0000 X:0E68 Y:01A3 S:0120 D:0000 DB:86 nvMxdiZc V:254 H:207 F:18
							849314 60          RTS                    A:0000 X:0E68 Y:01A3 S:0120 D:0000 DB:86 nvMxdiZc V:254 H:211 F:18

						849352 A9 00       LDA #$00               A:0000 X:0E68 Y:01A3 S:0122 D:0000 DB:86 nvMxdiZc V:254 H:221 F:18
						849354 60          RTS                    A:0000 X:0E68 Y:01A3 S:0122 D:0000 DB:86 nvMxdiZc V:254 H:224 F:18

					8492F1 D0 12       BNE $0012     [849305] A:0000 X:0E68 Y:01A3 S:0124 D:0000 DB:86 nvMxdiZc V:254 H:234 F:18
					8492F3 B4 20       LDY $20,X     [000E88] A:0000 X:0E68 Y:01A3 S:0124 D:0000 DB:86 nvMxdiZc V:254 H:237 F:18
					8492F5 B9 06 00    LDA $0006,Y   [86C433] A:0000 X:0E68 Y:C42D S:0124 D:0000 DB:86 NvMxdizc V:254 H:246 F:18
					8492F8 18          CLC                    A:0002 X:0E68 Y:C42D S:0124 D:0000 DB:86 nvMxdizc V:254 H:253 F:18
					8492F9 79 08 00    ADC $0008,Y   [86C435] A:0002 X:0E68 Y:C42D S:0124 D:0000 DB:86 nvMxdizc V:254 H:256 F:18
					8492FC 38          SEC                    A:0013 X:0E68 Y:C42D S:0124 D:0000 DB:86 nvMxdizc V:254 H:264 F:18
					8492FD F9 09 00    SBC $0009,Y   [86C436] A:0013 X:0E68 Y:C42D S:0124 D:0000 DB:86 nvMxdizC V:254 H:267 F:18
					849300 95 2A       STA $2A,X     [000E92] A:000E X:0E68 Y:C42D S:0124 D:0000 DB:86 nvMxdizC V:254 H:274 F:18
					849302 20 15 93    JSR $9315     [849315] A:000E X:0E68 Y:C42D S:0124 D:0000 DB:86 nvMxdizC V:254 H:281 F:18

						849315 20 B3 90    JSR $90B3     [8490B3] A:000E X:0E68 Y:C42D S:0122 D:0000 DB:86 nvMxdizC V:254 H:291 F:18

							8490B3 0B          PHD                    A:000E X:0E68 Y:C42D S:0120 D:0000 DB:86 nvMxdizC V:254 H:301 F:18
							8490B4 DA          PHX                    A:000E X:0E68 Y:C42D S:011E D:0000 DB:86 nvMxdizC V:254 H:308 F:18
							8490B5 08          PHP                    A:000E X:0E68 Y:C42D S:011C D:0000 DB:86 nvMxdizC V:254 H:315 F:18
							8490B6 E2 20       SEP #$20               A:000E X:0E68 Y:C42D S:011B D:0000 DB:86 nvMxdizC V:254 H:320 F:18
							8490B8 C2 10       REP #$10               A:000E X:0E68 Y:C42D S:011B D:0000 DB:86 nvMxdizC V:254 H:324 F:18
							8490BA 64 01       STZ $01       [000001] A:000E X:0E68 Y:C42D S:011B D:0000 DB:86 nvMxdizC V:254 H:328 F:18
							8490BC B5 29       LDA $29,X     [000E91] A:000E X:0E68 Y:C42D S:011B D:0000 DB:86 nvMxdizC V:254 H:333 F:18
							8490BE 10 02       BPL $0002     [8490C2] A:000E X:0E68 Y:C42D S:011B D:0000 DB:86 nvMxdizC V:254 H:339 F:18
							8490C2 18          CLC                    A:000E X:0E68 Y:C42D S:011B D:0000 DB:86 nvMxdizC V:255 H:  4 F:18
							8490C3 75 05       ADC $05,X     [000E6D] A:000E X:0E68 Y:C42D S:011B D:0000 DB:86 nvMxdizc V:255 H:  7 F:18
							8490C5 85 00       STA $00       [000000] A:0086 X:0E68 Y:C42D S:011B D:0000 DB:86 NVMxdizc V:255 H: 13 F:18
							8490C7 B5 06       LDA $06,X     [000E6E] A:0086 X:0E68 Y:C42D S:011B D:0000 DB:86 NVMxdizc V:255 H: 18 F:18
							8490C9 65 01       ADC $01       [000001] A:001E X:0E68 Y:C42D S:011B D:0000 DB:86 nVMxdizc V:255 H: 25 F:18
							8490CB 85 01       STA $01       [000001] A:001E X:0E68 Y:C42D S:011B D:0000 DB:86 nvMxdizc V:255 H: 30 F:18
							8490CD 64 03       STZ $03       [000003] A:001E X:0E68 Y:C42D S:011B D:0000 DB:86 nvMxdizc V:255 H: 35 F:18
							8490CF B5 2A       LDA $2A,X     [000E92] A:001E X:0E68 Y:C42D S:011B D:0000 DB:86 nvMxdizc V:255 H: 40 F:18
							8490D1 10 02       BPL $0002     [8490D5] A:000E X:0E68 Y:C42D S:011B D:0000 DB:86 nvMxdizc V:255 H: 46 F:18
							8490D5 18          CLC                    A:000E X:0E68 Y:C42D S:011B D:0000 DB:86 nvMxdizc V:255 H: 51 F:18
							8490D6 75 08       ADC $08,X     [000E70] A:000E X:0E68 Y:C42D S:011B D:0000 DB:86 nvMxdizc V:255 H: 54 F:18
							8490D8 85 02       STA $02       [000002] A:00B1 X:0E68 Y:C42D S:011B D:0000 DB:86 NvMxdizc V:255 H: 60 F:18
							8490DA 29 F0       AND #$F0               A:00B1 X:0E68 Y:C42D S:011B D:0000 DB:86 NvMxdizc V:255 H: 65 F:18
							8490DC 85 0A       STA $0A       [00000A] A:00B0 X:0E68 Y:C42D S:011B D:0000 DB:86 NvMxdizc V:255 H: 68 F:18
							8490DE B5 09       LDA $09,X     [000E71] A:00B0 X:0E68 Y:C42D S:011B D:0000 DB:86 NvMxdizc V:255 H: 73 F:18
							8490E0 65 03       ADC $03       [000003] A:0001 X:0E68 Y:C42D S:011B D:0000 DB:86 nvMxdizc V:255 H: 80 F:18
							8490E2 85 03       STA $03       [000003] A:0001 X:0E68 Y:C42D S:011B D:0000 DB:86 nvMxdizc V:255 H: 85 F:18
							8490E4 85 0B       STA $0B       [00000B] A:0001 X:0E68 Y:C42D S:011B D:0000 DB:86 nvMxdizc V:255 H: 90 F:18
							8490E6 A5 00       LDA $00       [000000] A:0001 X:0E68 Y:C42D S:011B D:0000 DB:86 nvMxdizc V:255 H: 95 F:18
							8490E8 29 0F       AND #$0F               A:0086 X:0E68 Y:C42D S:011B D:0000 DB:86 NvMxdizc V:255 H:100 F:18
							8490EA 1A          INC                    A:0006 X:0E68 Y:C42D S:011B D:0000 DB:86 nvMxdizc V:255 H:103 F:18
							8490EB 85 0C       STA $0C       [00000C] A:0007 X:0E68 Y:C42D S:011B D:0000 DB:86 nvMxdizc V:255 H:106 F:18
							8490ED A5 02       LDA $02       [000002] A:0007 X:0E68 Y:C42D S:011B D:0000 DB:86 nvMxdizc V:255 H:111 F:18
							8490EF 29 0F       AND #$0F               A:00B1 X:0E68 Y:C42D S:011B D:0000 DB:86 NvMxdizc V:255 H:116 F:18
							8490F1 1A          INC                    A:0001 X:0E68 Y:C42D S:011B D:0000 DB:86 nvMxdizc V:255 H:119 F:18
							8490F2 85 0E       STA $0E       [00000E] A:0002 X:0E68 Y:C42D S:011B D:0000 DB:86 nvMxdizc V:255 H:122 F:18
							8490F4 C2 20       REP #$20               A:0002 X:0E68 Y:C42D S:011B D:0000 DB:86 nvMxdizc V:255 H:127 F:18
							8490F6 20 6A 91    JSR $916A     [84916A] A:0002 X:0E68 Y:C42D S:011B D:0000 DB:86 nvmxdizc V:255 H:131 F:18

								84916A A9 00 E8    LDA #$E800             A:0002 X:0E68 Y:C42D S:0119 D:0000 DB:86 nvmxdizc V:255 H:151 F:18
								84916D 85 10       STA $10       [000010] A:E800 X:0E68 Y:C42D S:0119 D:0000 DB:86 Nvmxdizc V:255 H:156 F:18
								84916F A9 7E 00    LDA #$007E             A:E800 X:0E68 Y:C42D S:0119 D:0000 DB:86 Nvmxdizc V:255 H:163 F:18
								849172 85 12       STA $12       [000012] A:007E X:0E68 Y:C42D S:0119 D:0000 DB:86 nvmxdizc V:255 H:167 F:18
								849174 A5 02       LDA $02       [000002] A:007E X:0E68 Y:C42D S:0119 D:0000 DB:86 nvmxdizc V:255 H:174 F:18
								849176 29 F0 00    AND #$00F0             A:01B1 X:0E68 Y:C42D S:0119 D:0000 DB:86 nvmxdizc V:255 H:181 F:18
								849179 0A          ASL A                  A:00B0 X:0E68 Y:C42D S:0119 D:0000 DB:86 nvmxdizc V:255 H:186 F:18
								84917A 85 04       STA $04       [000004] A:0160 X:0E68 Y:C42D S:0119 D:0000 DB:86 nvmxdizc V:255 H:189 F:18
								84917C A5 00       LDA $00       [000000] A:0160 X:0E68 Y:C42D S:0119 D:0000 DB:86 nvmxdizc V:255 H:196 F:18
								84917E 29 FF 00    AND #$00FF             A:1E86 X:0E68 Y:C42D S:0119 D:0000 DB:86 nvmxdizc V:255 H:203 F:18
								849181 4A          LSR A                  A:0086 X:0E68 Y:C42D S:0119 D:0000 DB:86 nvmxdizc V:255 H:207 F:18
								849182 4A          LSR A                  A:0043 X:0E68 Y:C42D S:0119 D:0000 DB:86 nvmxdizc V:255 H:210 F:18
								849183 4A          LSR A                  A:0021 X:0E68 Y:C42D S:0119 D:0000 DB:86 nvmxdizC V:255 H:213 F:18
								849184 29 FE FF    AND #$FFFE             A:0010 X:0E68 Y:C42D S:0119 D:0000 DB:86 nvmxdizC V:255 H:216 F:18
								849187 18          CLC                    A:0010 X:0E68 Y:C42D S:0119 D:0000 DB:86 nvmxdizC V:255 H:221 F:18
								849188 65 04       ADC $04       [000004] A:0010 X:0E68 Y:C42D S:0119 D:0000 DB:86 nvmxdizc V:255 H:224 F:18
								84918A 85 06       STA $06       [000006] A:0170 X:0E68 Y:C42D S:0119 D:0000 DB:86 nvmxdizc V:255 H:231 F:18
								84918C A5 00       LDA $00       [000000] A:0170 X:0E68 Y:C42D S:0119 D:0000 DB:86 nvmxdizc V:255 H:238 F:18
								84918E EB          XBA                    A:1E86 X:0E68 Y:C42D S:0119 D:0000 DB:86 nvmxdizc V:255 H:245 F:18
								84918F 29 1F 00    AND #$001F             A:861E X:0E68 Y:C42D S:0119 D:0000 DB:86 nvmxdizc V:255 H:249 F:18
								849192 85 04       STA $04       [000004] A:001E X:0E68 Y:C42D S:0119 D:0000 DB:86 nvmxdizc V:255 H:254 F:18
								849194 A5 02       LDA $02       [000002] A:001E X:0E68 Y:C42D S:0119 D:0000 DB:86 nvmxdizc V:255 H:261 F:18
								849196 29 00 1F    AND #$1F00             A:01B1 X:0E68 Y:C42D S:0119 D:0000 DB:86 nvmxdizc V:255 H:268 F:18
								849199 4A          LSR A                  A:0100 X:0E68 Y:C42D S:0119 D:0000 DB:86 nvmxdizc V:255 H:272 F:18
								84919A 4A          LSR A                  A:0080 X:0E68 Y:C42D S:0119 D:0000 DB:86 nvmxdizc V:255 H:275 F:18
								84919B 4A          LSR A                  A:0040 X:0E68 Y:C42D S:0119 D:0000 DB:86 nvmxdizc V:255 H:278 F:18
								84919C 18          CLC                    A:0020 X:0E68 Y:C42D S:0119 D:0000 DB:86 nvmxdizc V:255 H:281 F:18
								84919D 65 04       ADC $04       [000004] A:0020 X:0E68 Y:C42D S:0119 D:0000 DB:86 nvmxdizc V:255 H:284 F:18
								84919F A8          TAY                    A:003E X:0E68 Y:C42D S:0119 D:0000 DB:86 nvmxdizc V:255 H:291 F:18
								8491A0 B7 10       LDA [$10],Y   [7EE83E] A:003E X:0E68 Y:003E S:0119 D:0000 DB:86 nvmxdizc V:255 H:294 F:18
								8491A2 29 FF 00    AND #$00FF             A:0005 X:0E68 Y:003E S:0119 D:0000 DB:86 nvmxdizc V:255 H:307 F:18
								8491A5 A8          TAY                    A:0005 X:0E68 Y:003E S:0119 D:0000 DB:86 nvmxdizc V:255 H:312 F:18
								8491A6 EB          XBA                    A:0005 X:0E68 Y:0005 S:0119 D:0000 DB:86 nvmxdizc V:255 H:315 F:18
								8491A7 0A          ASL A                  A:0500 X:0E68 Y:0005 S:0119 D:0000 DB:86 nvmxdiZc V:255 H:319 F:18
								8491A8 18          CLC                    A:0A00 X:0E68 Y:0005 S:0119 D:0000 DB:86 nvmxdizc V:255 H:322 F:18
								8491A9 65 06       ADC $06       [000006] A:0A00 X:0E68 Y:0005 S:0119 D:0000 DB:86 nvmxdizc V:255 H:325 F:18
								8491AB AA          TAX                    A:0B70 X:0E68 Y:0005 S:0119 D:0000 DB:86 nvmxdizc V:255 H:331 F:18
								8491AC 60          RTS                    A:0B70 X:0B70 Y:0005 S:0119 D:0000 DB:86 nvmxdizc V:255 H:334 F:18

							8490F9 BF 00 20 7E LDA $7E2000,X [7E2B70] A:0B70 X:0B70 Y:0005 S:011B D:0000 DB:86 nvmxdizc V:256 H:  4 F:18
							8490FD A8          TAY                    A:00C9 X:0B70 Y:0005 S:011B D:0000 DB:86 nvmxdizc V:256 H: 14 F:18
							8490FE AD 92 0B    LDA $0B92     [860B92] A:00C9 X:0B70 Y:00C9 S:011B D:0000 DB:86 nvmxdizc V:256 H: 17 F:18
							849101 85 10       STA $10       [000010] A:EDC3 X:0B70 Y:00C9 S:011B D:0000 DB:86 Nvmxdizc V:256 H: 26 F:18
							849103 AD 94 0B    LDA $0B94     [860B94] A:EDC3 X:0B70 Y:00C9 S:011B D:0000 DB:86 Nvmxdizc V:256 H: 33 F:18
							849106 85 12       STA $12       [000012] A:E095 X:0B70 Y:00C9 S:011B D:0000 DB:86 Nvmxdizc V:256 H: 41 F:18
							849108 B7 10       LDA [$10],Y   [95EE8C] A:E095 X:0B70 Y:00C9 S:011B D:0000 DB:86 Nvmxdizc V:256 H: 48 F:18
							84910A 29 FF 00    AND #$00FF             A:0000 X:0B70 Y:00C9 S:011B D:0000 DB:86 nvmxdiZc V:256 H: 60 F:18
							84910D 28          PLP                    A:0000 X:0B70 Y:00C9 S:011B D:0000 DB:86 nvmxdiZc V:256 H: 65 F:18
							84910E FA          PLX                    A:0000 X:0B70 Y:00C9 S:011C D:0000 DB:86 nvMxdizC V:256 H: 71 F:18
							84910F 2B          PLD                    A:0000 X:0E68 Y:00C9 S:011E D:0000 DB:86 nvMxdizC V:256 H: 80 F:18
							849110 60          RTS                    A:0000 X:0E68 Y:00C9 S:0120 D:0000 DB:86 nvMxdiZC V:256 H: 88 F:18

						849318 B4 05       LDY $05,X     [000E6D] A:0000 X:0E68 Y:00C9 S:0122 D:0000 DB:86 nvMxdiZC V:256 H: 98 F:18
						84931A 84 10       STY $10       [000010] A:0000 X:0E68 Y:1E78 S:0122 D:0000 DB:86 nvMxdizC V:256 H:107 F:18
						84931C B4 08       LDY $08,X     [000E70] A:0000 X:0E68 Y:1E78 S:0122 D:0000 DB:86 nvMxdizC V:256 H:114 F:18
						84931E 84 12       STY $12       [000012] A:0000 X:0E68 Y:01A3 S:0122 D:0000 DB:86 nvMxdizC V:256 H:122 F:18
						849320 95 2D       STA $2D,X     [000E95] A:0000 X:0E68 Y:01A3 S:0122 D:0000 DB:86 nvMxdizC V:256 H:129 F:18
						849322 86 2C       STX $2C       [00002C] A:0000 X:0E68 Y:01A3 S:0122 D:0000 DB:86 nvMxdizC V:256 H:146 F:18
						849324 29 3F       AND #$3F               A:0000 X:0E68 Y:01A3 S:0122 D:0000 DB:86 nvMxdizC V:256 H:153 F:18
						849326 0A          ASL A                  A:0000 X:0E68 Y:01A3 S:0122 D:0000 DB:86 nvMxdiZC V:256 H:156 F:18
						849327 EB          XBA                    A:0000 X:0E68 Y:01A3 S:0122 D:0000 DB:86 nvMxdiZc V:256 H:159 F:18
						849328 A9 00       LDA #$00               A:0000 X:0E68 Y:01A3 S:0122 D:0000 DB:86 nvMxdiZc V:256 H:163 F:18
						84932A EB          XBA                    A:0000 X:0E68 Y:01A3 S:0122 D:0000 DB:86 nvMxdiZc V:256 H:166 F:18
						84932B AA          TAX                    A:0000 X:0E68 Y:01A3 S:0122 D:0000 DB:86 nvMxdiZc V:256 H:171 F:18
						84932C FC 5D 93    JSR ($935D,X) [84935D] A:0000 X:0000 Y:01A3 S:0122 D:0000 DB:86 nvMxdiZc V:256 H:174 F:18

							84977A A9 00       LDA #$00               A:0000 X:0000 Y:01A3 S:0120 D:0000 DB:86 nvMxdiZc V:256 H:187 F:18
							84977C 60          RTS                    A:0000 X:0000 Y:01A3 S:0120 D:0000 DB:86 nvMxdiZc V:256 H:190 F:18

						84932F 08          PHP                    A:0000 X:0000 Y:01A3 S:0122 D:0000 DB:86 nvMxdiZc V:256 H:200 F:18
						849330 A6 2C       LDX $2C       [00002C] A:0000 X:0000 Y:01A3 S:0121 D:0000 DB:86 nvMxdiZc V:256 H:205 F:18
						849332 A9 01       LDA #$01               A:0000 X:0E68 Y:01A3 S:0121 D:0000 DB:86 nvMxdizc V:256 H:212 F:18
						849334 34 29       BIT $29,X     [000E91] A:0001 X:0E68 Y:01A3 S:0121 D:0000 DB:86 nvMxdizc V:256 H:215 F:18
						849336 10 02       BPL $0002     [84933A] A:0001 X:0E68 Y:01A3 S:0121 D:0000 DB:86 nvMxdiZc V:256 H:221 F:18
						84933A 28          PLP                    A:0001 X:0E68 Y:01A3 S:0121 D:0000 DB:86 nvMxdiZc V:256 H:226 F:18
						84933B F0 0C       BEQ $000C     [849349] A:0001 X:0E68 Y:01A3 S:0122 D:0000 DB:86 nvMxdiZc V:256 H:232 F:18
						849349 49 FF       EOR #$FF               A:0001 X:0E68 Y:01A3 S:0122 D:0000 DB:86 nvMxdiZc V:256 H:237 F:18
						84934B 35 2B       AND $2B,X     [000E93] A:00FE X:0E68 Y:01A3 S:0122 D:0000 DB:86 NvMxdizc V:256 H:240 F:18
						84934D 95 2B       STA $2B,X     [000E93] A:0000 X:0E68 Y:01A3 S:0122 D:0000 DB:86 nvMxdiZc V:256 H:246 F:18
						84934F 20 08 93    JSR $9308     [849308] A:0000 X:0E68 Y:01A3 S:0122 D:0000 DB:86 nvMxdiZc V:256 H:253 F:18

							849308 A5 14       LDA $14       [000014] A:0000 X:0E68 Y:01A3 S:0120 D:0000 DB:86 nvMxdiZc V:256 H:263 F:18
							84930A F0 08       BEQ $0008     [849314] A:0000 X:0E68 Y:01A3 S:0120 D:0000 DB:86 nvMxdiZc V:256 H:268 F:18
							849314 60          RTS                    A:0000 X:0E68 Y:01A3 S:0120 D:0000 DB:86 nvMxdiZc V:256 H:272 F:18

						849352 A9 00       LDA #$00               A:0000 X:0E68 Y:01A3 S:0122 D:0000 DB:86 nvMxdiZc V:256 H:282 F:18
						849354 60          RTS                    A:0000 X:0E68 Y:01A3 S:0122 D:0000 DB:86 nvMxdiZc V:256 H:285 F:18

					849305 C2 30       REP #$30               A:0000 X:0E68 Y:01A3 S:0124 D:0000 DB:86 nvMxdiZc V:256 H:295 F:18
					849307 60          RTS                    A:0000 X:0E68 Y:01A3 S:0124 D:0000 DB:86 nvmxdiZc V:256 H:300 F:18

				8491D8 20 ED 91    JSR $91ED     [8491ED] A:0000 X:0E68 Y:01A3 S:0126 D:0000 DB:86 nvmxdiZc V:256 H:310 F:18

					8491ED B5 08       LDA $08,X     [000E70] A:0000 X:0E68 Y:01A3 S:0124 D:0000 DB:86 nvmxdiZc V:256 H:320 F:18
					8491EF D5 24       CMP $24,X     [000E8C] A:01A3 X:0E68 Y:01A3 S:0124 D:0000 DB:86 nvmxdizc V:256 H:327 F:18
					8491F1 F0 F2       BEQ $00F2     [8491E5] A:01A3 X:0E68 Y:01A3 S:0124 D:0000 DB:86 Nvmxdizc V:256 H:336 F:18
					8491F3 10 4D       BPL $004D     [849242] A:01A3 X:0E68 Y:01A3 S:0124 D:0000 DB:86 Nvmxdizc V:256 H:339 F:18
					8491F5 E2 20       SEP #$20               A:01A3 X:0E68 Y:01A3 S:0124 D:0000 DB:86 Nvmxdizc V:257 H:  2 F:18
					8491F7 B4 20       LDY $20,X     [000E88] A:01A3 X:0E68 Y:01A3 S:0124 D:0000 DB:86 NvMxdizc V:257 H:  6 F:18
					8491F9 B9 06 00    LDA $0006,Y   [86C433] A:01A3 X:0E68 Y:C42D S:0124 D:0000 DB:86 NvMxdizc V:257 H: 15 F:18
					8491FC 38          SEC                    A:0102 X:0E68 Y:C42D S:0124 D:0000 DB:86 nvMxdizc V:257 H: 22 F:18
					8491FD F9 08 00    SBC $0008,Y   [86C435] A:0102 X:0E68 Y:C42D S:0124 D:0000 DB:86 nvMxdizC V:257 H: 25 F:18
					849200 95 2A       STA $2A,X     [000E92] A:01F1 X:0E68 Y:C42D S:0124 D:0000 DB:86 NvMxdizc V:257 H: 33 F:18
					849202 B9 05 00    LDA $0005,Y   [86C432] A:01F1 X:0E68 Y:C42D S:0124 D:0000 DB:86 NvMxdizc V:257 H: 39 F:18
					849205 34 11       BIT $11,X     [000E79] A:0100 X:0E68 Y:C42D S:0124 D:0000 DB:86 nvMxdiZc V:257 H: 47 F:18
					849207 50 03       BVC $0003     [84920C] A:0100 X:0E68 Y:C42D S:0124 D:0000 DB:86 nVMxdiZc V:257 H: 53 F:18
					849209 49 FF       EOR #$FF               A:0100 X:0E68 Y:C42D S:0124 D:0000 DB:86 nVMxdiZc V:257 H: 56 F:18
					84920B 1A          INC                    A:01FF X:0E68 Y:C42D S:0124 D:0000 DB:86 NVMxdizc V:257 H: 59 F:18
					84920C 95 29       STA $29,X     [000E91] A:0100 X:0E68 Y:C42D S:0124 D:0000 DB:86 nVMxdiZc V:257 H: 62 F:18
					84920E 20 73 94    JSR $9473     [849473] A:0100 X:0E68 Y:C42D S:0124 D:0000 DB:86 nVMxdiZc V:257 H: 69 F:18

						849473 A9 F7       LDA #$F7               A:0100 X:0E68 Y:C42D S:0122 D:0000 DB:86 nVMxdiZc V:257 H: 79 F:18
						849475 35 2B       AND $2B,X     [000E93] A:01F7 X:0E68 Y:C42D S:0122 D:0000 DB:86 NVMxdizc V:257 H: 82 F:18
						849477 95 2B       STA $2B,X     [000E93] A:0100 X:0E68 Y:C42D S:0122 D:0000 DB:86 nVMxdiZc V:257 H: 88 F:18
						849479 20 B3 90    JSR $90B3     [8490B3] A:0100 X:0E68 Y:C42D S:0122 D:0000 DB:86 nVMxdiZc V:257 H: 95 F:18

							8490B3 0B          PHD                    A:0100 X:0E68 Y:C42D S:0120 D:0000 DB:86 nVMxdiZc V:257 H:105 F:18
							8490B4 DA          PHX                    A:0100 X:0E68 Y:C42D S:011E D:0000 DB:86 nVMxdiZc V:257 H:112 F:18
							8490B5 08          PHP                    A:0100 X:0E68 Y:C42D S:011C D:0000 DB:86 nVMxdiZc V:257 H:119 F:18
							8490B6 E2 20       SEP #$20               A:0100 X:0E68 Y:C42D S:011B D:0000 DB:86 nVMxdiZc V:257 H:124 F:18
							8490B8 C2 10       REP #$10               A:0100 X:0E68 Y:C42D S:011B D:0000 DB:86 nVMxdiZc V:257 H:128 F:18
							8490BA 64 01       STZ $01       [000001] A:0100 X:0E68 Y:C42D S:011B D:0000 DB:86 nVMxdiZc V:257 H:133 F:18
							8490BC B5 29       LDA $29,X     [000E91] A:0100 X:0E68 Y:C42D S:011B D:0000 DB:86 nVMxdiZc V:257 H:148 F:18
							8490BE 10 02       BPL $0002     [8490C2] A:0100 X:0E68 Y:C42D S:011B D:0000 DB:86 nVMxdiZc V:257 H:154 F:18
							8490C2 18          CLC                    A:0100 X:0E68 Y:C42D S:011B D:0000 DB:86 nVMxdiZc V:257 H:159 F:18
							8490C3 75 05       ADC $05,X     [000E6D] A:0100 X:0E68 Y:C42D S:011B D:0000 DB:86 nVMxdiZc V:257 H:162 F:18
							8490C5 85 00       STA $00       [000000] A:0178 X:0E68 Y:C42D S:011B D:0000 DB:86 nvMxdizc V:257 H:168 F:18
							8490C7 B5 06       LDA $06,X     [000E6E] A:0178 X:0E68 Y:C42D S:011B D:0000 DB:86 nvMxdizc V:257 H:173 F:18
							8490C9 65 01       ADC $01       [000001] A:011E X:0E68 Y:C42D S:011B D:0000 DB:86 nvMxdizc V:257 H:180 F:18
							8490CB 85 01       STA $01       [000001] A:011E X:0E68 Y:C42D S:011B D:0000 DB:86 nvMxdizc V:257 H:185 F:18
							8490CD 64 03       STZ $03       [000003] A:011E X:0E68 Y:C42D S:011B D:0000 DB:86 nvMxdizc V:257 H:190 F:18
							8490CF B5 2A       LDA $2A,X     [000E92] A:011E X:0E68 Y:C42D S:011B D:0000 DB:86 nvMxdizc V:257 H:195 F:18
							8490D1 10 02       BPL $0002     [8490D5] A:01F1 X:0E68 Y:C42D S:011B D:0000 DB:86 NvMxdizc V:257 H:201 F:18
							8490D3 C6 03       DEC $03       [000003] A:01F1 X:0E68 Y:C42D S:011B D:0000 DB:86 NvMxdizc V:257 H:204 F:18
							8490D5 18          CLC                    A:01F1 X:0E68 Y:C42D S:011B D:0000 DB:86 NvMxdizc V:257 H:213 F:18
							8490D6 75 08       ADC $08,X     [000E70] A:01F1 X:0E68 Y:C42D S:011B D:0000 DB:86 NvMxdizc V:257 H:216 F:18
							8490D8 85 02       STA $02       [000002] A:0194 X:0E68 Y:C42D S:011B D:0000 DB:86 NvMxdizC V:257 H:222 F:18
							8490DA 29 F0       AND #$F0               A:0194 X:0E68 Y:C42D S:011B D:0000 DB:86 NvMxdizC V:257 H:227 F:18
							8490DC 85 0A       STA $0A       [00000A] A:0190 X:0E68 Y:C42D S:011B D:0000 DB:86 NvMxdizC V:257 H:230 F:18
							8490DE B5 09       LDA $09,X     [000E71] A:0190 X:0E68 Y:C42D S:011B D:0000 DB:86 NvMxdizC V:257 H:235 F:18
							8490E0 65 03       ADC $03       [000003] A:0101 X:0E68 Y:C42D S:011B D:0000 DB:86 nvMxdizC V:257 H:242 F:18
							8490E2 85 03       STA $03       [000003] A:0101 X:0E68 Y:C42D S:011B D:0000 DB:86 nvMxdizC V:257 H:247 F:18
							8490E4 85 0B       STA $0B       [00000B] A:0101 X:0E68 Y:C42D S:011B D:0000 DB:86 nvMxdizC V:257 H:252 F:18
							8490E6 A5 00       LDA $00       [000000] A:0101 X:0E68 Y:C42D S:011B D:0000 DB:86 nvMxdizC V:257 H:257 F:18
							8490E8 29 0F       AND #$0F               A:0178 X:0E68 Y:C42D S:011B D:0000 DB:86 nvMxdizC V:257 H:262 F:18
							8490EA 1A          INC                    A:0108 X:0E68 Y:C42D S:011B D:0000 DB:86 nvMxdizC V:257 H:265 F:18
							8490EB 85 0C       STA $0C       [00000C] A:0109 X:0E68 Y:C42D S:011B D:0000 DB:86 nvMxdizC V:257 H:268 F:18
							8490ED A5 02       LDA $02       [000002] A:0109 X:0E68 Y:C42D S:011B D:0000 DB:86 nvMxdizC V:257 H:273 F:18
							8490EF 29 0F       AND #$0F               A:0194 X:0E68 Y:C42D S:011B D:0000 DB:86 NvMxdizC V:257 H:278 F:18
							8490F1 1A          INC                    A:0104 X:0E68 Y:C42D S:011B D:0000 DB:86 nvMxdizC V:257 H:281 F:18
							8490F2 85 0E       STA $0E       [00000E] A:0105 X:0E68 Y:C42D S:011B D:0000 DB:86 nvMxdizC V:257 H:284 F:18
							8490F4 C2 20       REP #$20               A:0105 X:0E68 Y:C42D S:011B D:0000 DB:86 nvMxdizC V:257 H:289 F:18
							8490F6 20 6A 91    JSR $916A     [84916A] A:0105 X:0E68 Y:C42D S:011B D:0000 DB:86 nvmxdizC V:257 H:293 F:18

								84916A A9 00 E8    LDA #$E800             A:0105 X:0E68 Y:C42D S:0119 D:0000 DB:86 nvmxdizC V:257 H:303 F:18
								84916D 85 10       STA $10       [000010] A:E800 X:0E68 Y:C42D S:0119 D:0000 DB:86 NvmxdizC V:257 H:308 F:18
								84916F A9 7E 00    LDA #$007E             A:E800 X:0E68 Y:C42D S:0119 D:0000 DB:86 NvmxdizC V:257 H:315 F:18
								849172 85 12       STA $12       [000012] A:007E X:0E68 Y:C42D S:0119 D:0000 DB:86 nvmxdizC V:257 H:319 F:18
								849174 A5 02       LDA $02       [000002] A:007E X:0E68 Y:C42D S:0119 D:0000 DB:86 nvmxdizC V:257 H:326 F:18
								849176 29 F0 00    AND #$00F0             A:0194 X:0E68 Y:C42D S:0119 D:0000 DB:86 nvmxdizC V:257 H:332 F:18
								849179 0A          ASL A                  A:0090 X:0E68 Y:C42D S:0119 D:0000 DB:86 nvmxdizC V:257 H:337 F:18
								84917A 85 04       STA $04       [000004] A:0120 X:0E68 Y:C42D S:0119 D:0000 DB:86 nvmxdizc V:258 H:  0 F:18
								84917C A5 00       LDA $00       [000000] A:0120 X:0E68 Y:C42D S:0119 D:0000 DB:86 nvmxdizc V:258 H:  7 F:18
								84917E 29 FF 00    AND #$00FF             A:1E78 X:0E68 Y:C42D S:0119 D:0000 DB:86 nvmxdizc V:258 H: 14 F:18
								849181 4A          LSR A                  A:0078 X:0E68 Y:C42D S:0119 D:0000 DB:86 nvmxdizc V:258 H: 18 F:18
								849182 4A          LSR A                  A:003C X:0E68 Y:C42D S:0119 D:0000 DB:86 nvmxdizc V:258 H: 21 F:18
								849183 4A          LSR A                  A:001E X:0E68 Y:C42D S:0119 D:0000 DB:86 nvmxdizc V:258 H: 24 F:18
								849184 29 FE FF    AND #$FFFE             A:000F X:0E68 Y:C42D S:0119 D:0000 DB:86 nvmxdizc V:258 H: 27 F:18
								849187 18          CLC                    A:000E X:0E68 Y:C42D S:0119 D:0000 DB:86 nvmxdizc V:258 H: 32 F:18
								849188 65 04       ADC $04       [000004] A:000E X:0E68 Y:C42D S:0119 D:0000 DB:86 nvmxdizc V:258 H: 35 F:18
								84918A 85 06       STA $06       [000006] A:012E X:0E68 Y:C42D S:0119 D:0000 DB:86 nvmxdizc V:258 H: 42 F:18
								84918C A5 00       LDA $00       [000000] A:012E X:0E68 Y:C42D S:0119 D:0000 DB:86 nvmxdizc V:258 H: 49 F:18
								84918E EB          XBA                    A:1E78 X:0E68 Y:C42D S:0119 D:0000 DB:86 nvmxdizc V:258 H: 56 F:18
								84918F 29 1F 00    AND #$001F             A:781E X:0E68 Y:C42D S:0119 D:0000 DB:86 nvmxdizc V:258 H: 60 F:18
								849192 85 04       STA $04       [000004] A:001E X:0E68 Y:C42D S:0119 D:0000 DB:86 nvmxdizc V:258 H: 65 F:18
								849194 A5 02       LDA $02       [000002] A:001E X:0E68 Y:C42D S:0119 D:0000 DB:86 nvmxdizc V:258 H: 72 F:18
								849196 29 00 1F    AND #$1F00             A:0194 X:0E68 Y:C42D S:0119 D:0000 DB:86 nvmxdizc V:258 H: 79 F:18
								849199 4A          LSR A                  A:0100 X:0E68 Y:C42D S:0119 D:0000 DB:86 nvmxdizc V:258 H: 83 F:18
								84919A 4A          LSR A                  A:0080 X:0E68 Y:C42D S:0119 D:0000 DB:86 nvmxdizc V:258 H: 86 F:18
								84919B 4A          LSR A                  A:0040 X:0E68 Y:C42D S:0119 D:0000 DB:86 nvmxdizc V:258 H: 89 F:18
								84919C 18          CLC                    A:0020 X:0E68 Y:C42D S:0119 D:0000 DB:86 nvmxdizc V:258 H: 92 F:18
								84919D 65 04       ADC $04       [000004] A:0020 X:0E68 Y:C42D S:0119 D:0000 DB:86 nvmxdizc V:258 H: 95 F:18
								84919F A8          TAY                    A:003E X:0E68 Y:C42D S:0119 D:0000 DB:86 nvmxdizc V:258 H:102 F:18
								8491A0 B7 10       LDA [$10],Y   [7EE83E] A:003E X:0E68 Y:003E S:0119 D:0000 DB:86 nvmxdizc V:258 H:105 F:18
								8491A2 29 FF 00    AND #$00FF             A:0005 X:0E68 Y:003E S:0119 D:0000 DB:86 nvmxdizc V:258 H:118 F:18
								8491A5 A8          TAY                    A:0005 X:0E68 Y:003E S:0119 D:0000 DB:86 nvmxdizc V:258 H:123 F:18
								8491A6 EB          XBA                    A:0005 X:0E68 Y:0005 S:0119 D:0000 DB:86 nvmxdizc V:258 H:126 F:18
								8491A7 0A          ASL A                  A:0500 X:0E68 Y:0005 S:0119 D:0000 DB:86 nvmxdiZc V:258 H:130 F:18
								8491A8 18          CLC                    A:0A00 X:0E68 Y:0005 S:0119 D:0000 DB:86 nvmxdizc V:258 H:143 F:18
								8491A9 65 06       ADC $06       [000006] A:0A00 X:0E68 Y:0005 S:0119 D:0000 DB:86 nvmxdizc V:258 H:146 F:18
								8491AB AA          TAX                    A:0B2E X:0E68 Y:0005 S:0119 D:0000 DB:86 nvmxdizc V:258 H:153 F:18
								8491AC 60          RTS                    A:0B2E X:0B2E Y:0005 S:0119 D:0000 DB:86 nvmxdizc V:258 H:156 F:18

							8490F9 BF 00 20 7E LDA $7E2000,X [7E2B2E] A:0B2E X:0B2E Y:0005 S:011B D:0000 DB:86 nvmxdizc V:258 H:166 F:18
							8490FD A8          TAY                    A:02CF X:0B2E Y:0005 S:011B D:0000 DB:86 nvmxdizc V:258 H:176 F:18
							8490FE AD 92 0B    LDA $0B92     [860B92] A:02CF X:0B2E Y:02CF S:011B D:0000 DB:86 nvmxdizc V:258 H:179 F:18
							849101 85 10       STA $10       [000010] A:EDC3 X:0B2E Y:02CF S:011B D:0000 DB:86 Nvmxdizc V:258 H:188 F:18
							849103 AD 94 0B    LDA $0B94     [860B94] A:EDC3 X:0B2E Y:02CF S:011B D:0000 DB:86 Nvmxdizc V:258 H:195 F:18
							849106 85 12       STA $12       [000012] A:E095 X:0B2E Y:02CF S:011B D:0000 DB:86 Nvmxdizc V:258 H:203 F:18
							849108 B7 10       LDA [$10],Y   [95F092] A:E095 X:0B2E Y:02CF S:011B D:0000 DB:86 Nvmxdizc V:258 H:210 F:18
							84910A 29 FF 00    AND #$00FF             A:0000 X:0B2E Y:02CF S:011B D:0000 DB:86 nvmxdiZc V:258 H:222 F:18
							84910D 28          PLP                    A:0000 X:0B2E Y:02CF S:011B D:0000 DB:86 nvmxdiZc V:258 H:227 F:18
							84910E FA          PLX                    A:0000 X:0B2E Y:02CF S:011C D:0000 DB:86 nVMxdiZc V:258 H:233 F:18
							84910F 2B          PLD                    A:0000 X:0E68 Y:02CF S:011E D:0000 DB:86 nVMxdizc V:258 H:242 F:18
							849110 60          RTS                    A:0000 X:0E68 Y:02CF S:0120 D:0000 DB:86 nVMxdiZc V:258 H:250 F:18

						84947C B4 05       LDY $05,X     [000E6D] A:0000 X:0E68 Y:02CF S:0122 D:0000 DB:86 nVMxdiZc V:258 H:260 F:18
						84947E 84 10       STY $10       [000010] A:0000 X:0E68 Y:1E78 S:0122 D:0000 DB:86 nVMxdizc V:258 H:269 F:18
						849480 B4 08       LDY $08,X     [000E70] A:0000 X:0E68 Y:1E78 S:0122 D:0000 DB:86 nVMxdizc V:258 H:276 F:18
						849482 84 12       STY $12       [000012] A:0000 X:0E68 Y:01A3 S:0122 D:0000 DB:86 nVMxdizc V:258 H:284 F:18
						849484 95 2E       STA $2E,X     [000E96] A:0000 X:0E68 Y:01A3 S:0122 D:0000 DB:86 nVMxdizc V:258 H:291 F:18
						849486 86 2C       STX $2C       [00002C] A:0000 X:0E68 Y:01A3 S:0122 D:0000 DB:86 nVMxdizc V:258 H:298 F:18
						849488 29 3F       AND #$3F               A:0000 X:0E68 Y:01A3 S:0122 D:0000 DB:86 nVMxdizc V:258 H:305 F:18
						84948A 0A          ASL A                  A:0000 X:0E68 Y:01A3 S:0122 D:0000 DB:86 nVMxdiZc V:258 H:308 F:18
						84948B EB          XBA                    A:0000 X:0E68 Y:01A3 S:0122 D:0000 DB:86 nVMxdiZc V:258 H:311 F:18
						84948C A9 00       LDA #$00               A:0000 X:0E68 Y:01A3 S:0122 D:0000 DB:86 nVMxdiZc V:258 H:315 F:18
						84948E EB          XBA                    A:0000 X:0E68 Y:01A3 S:0122 D:0000 DB:86 nVMxdiZc V:258 H:318 F:18
						84948F AA          TAX                    A:0000 X:0E68 Y:01A3 S:0122 D:0000 DB:86 nVMxdiZc V:258 H:323 F:18
						849490 FC A9 94    JSR ($94A9,X) [8494A9] A:0000 X:0000 Y:01A3 S:0122 D:0000 DB:86 nVMxdiZc V:258 H:325 F:18

							849529 AD 1C 1F    LDA $1F1C     [861F1C] A:0000 X:0000 Y:01A3 S:0120 D:0000 DB:86 nVMxdiZc V:258 H:338 F:18
							84952C F0 11       BEQ $0011     [84953F] A:0000 X:0000 Y:01A3 S:0120 D:0000 DB:86 nVMxdiZc V:259 H:  4 F:18
							84953F A9 00       LDA #$00               A:0000 X:0000 Y:01A3 S:0120 D:0000 DB:86 nVMxdiZc V:259 H:  9 F:18
							849541 60          RTS                    A:0000 X:0000 Y:01A3 S:0120 D:0000 DB:86 nVMxdiZc V:259 H: 12 F:18

						849493 F0 0E       BEQ $000E     [8494A3] A:0000 X:0000 Y:01A3 S:0122 D:0000 DB:86 nVMxdiZc V:259 H: 22 F:18
						8494A3 A6 2C       LDX $2C       [00002C] A:0000 X:0000 Y:01A3 S:0122 D:0000 DB:86 nVMxdiZc V:259 H: 26 F:18
						8494A5 20 08 93    JSR $9308     [849308] A:0000 X:0E68 Y:01A3 S:0122 D:0000 DB:86 nVMxdizc V:259 H: 33 F:18

							849308 A5 14       LDA $14       [000014] A:0000 X:0E68 Y:01A3 S:0120 D:0000 DB:86 nVMxdizc V:259 H: 43 F:18
							84930A F0 08       BEQ $0008     [849314] A:0000 X:0E68 Y:01A3 S:0120 D:0000 DB:86 nVMxdiZc V:259 H: 48 F:18
							849314 60          RTS                    A:0000 X:0E68 Y:01A3 S:0120 D:0000 DB:86 nVMxdiZc V:259 H: 53 F:18

						8494A8 60          RTS                    A:0000 X:0E68 Y:01A3 S:0122 D:0000 DB:86 nVMxdiZc V:259 H: 63 F:18

					849211 D0 2C       BNE $002C     [84923F] A:0000 X:0E68 Y:01A3 S:0124 D:0000 DB:86 nVMxdiZc V:259 H: 73 F:18
					849213 B4 20       LDY $20,X     [000E88] A:0000 X:0E68 Y:01A3 S:0124 D:0000 DB:86 nVMxdiZc V:259 H: 76 F:18
					849215 B9 05 00    LDA $0005,Y   [86C432] A:0000 X:0E68 Y:C42D S:0124 D:0000 DB:86 NVMxdizc V:259 H: 84 F:18
					849218 34 11       BIT $11,X     [000E79] A:0000 X:0E68 Y:C42D S:0124 D:0000 DB:86 nVMxdiZc V:259 H: 92 F:18
					84921A 50 03       BVC $0003     [84921F] A:0000 X:0E68 Y:C42D S:0124 D:0000 DB:86 nVMxdiZc V:259 H: 98 F:18
					84921C 49 FF       EOR #$FF               A:0000 X:0E68 Y:C42D S:0124 D:0000 DB:86 nVMxdiZc V:259 H:101 F:18
					84921E 1A          INC                    A:00FF X:0E68 Y:C42D S:0124 D:0000 DB:86 NVMxdizc V:259 H:104 F:18
					84921F 38          SEC                    A:0000 X:0E68 Y:C42D S:0124 D:0000 DB:86 nVMxdiZc V:259 H:107 F:18
					849220 F9 07 00    SBC $0007,Y   [86C434] A:0000 X:0E68 Y:C42D S:0124 D:0000 DB:86 nVMxdiZC V:259 H:110 F:18
					849223 95 29       STA $29,X     [000E91] A:00F2 X:0E68 Y:C42D S:0124 D:0000 DB:86 NvMxdizc V:259 H:118 F:18
					849225 20 73 94    JSR $9473     [849473] A:00F2 X:0E68 Y:C42D S:0124 D:0000 DB:86 NvMxdizc V:259 H:124 F:18

						849473 A9 F7       LDA #$F7               A:00F2 X:0E68 Y:C42D S:0122 D:0000 DB:86 NvMxdizc V:259 H:144 F:18
						849475 35 2B       AND $2B,X     [000E93] A:00F7 X:0E68 Y:C42D S:0122 D:0000 DB:86 NvMxdizc V:259 H:147 F:18
						849477 95 2B       STA $2B,X     [000E93] A:0000 X:0E68 Y:C42D S:0122 D:0000 DB:86 nvMxdiZc V:259 H:154 F:18
						849479 20 B3 90    JSR $90B3     [8490B3] A:0000 X:0E68 Y:C42D S:0122 D:0000 DB:86 nvMxdiZc V:259 H:160 F:18

							8490B3 0B          PHD                    A:0000 X:0E68 Y:C42D S:0120 D:0000 DB:86 nvMxdiZc V:259 H:170 F:18
							8490B4 DA          PHX                    A:0000 X:0E68 Y:C42D S:011E D:0000 DB:86 nvMxdiZc V:259 H:177 F:18
							8490B5 08          PHP                    A:0000 X:0E68 Y:C42D S:011C D:0000 DB:86 nvMxdiZc V:259 H:184 F:18
							8490B6 E2 20       SEP #$20               A:0000 X:0E68 Y:C42D S:011B D:0000 DB:86 nvMxdiZc V:259 H:189 F:18
							8490B8 C2 10       REP #$10               A:0000 X:0E68 Y:C42D S:011B D:0000 DB:86 nvMxdiZc V:259 H:194 F:18
							8490BA 64 01       STZ $01       [000001] A:0000 X:0E68 Y:C42D S:011B D:0000 DB:86 nvMxdiZc V:259 H:198 F:18
							8490BC B5 29       LDA $29,X     [000E91] A:0000 X:0E68 Y:C42D S:011B D:0000 DB:86 nvMxdiZc V:259 H:203 F:18
							8490BE 10 02       BPL $0002     [8490C2] A:00F2 X:0E68 Y:C42D S:011B D:0000 DB:86 NvMxdizc V:259 H:210 F:18
							8490C0 C6 01       DEC $01       [000001] A:00F2 X:0E68 Y:C42D S:011B D:0000 DB:86 NvMxdizc V:259 H:213 F:18
							8490C2 18          CLC                    A:00F2 X:0E68 Y:C42D S:011B D:0000 DB:86 NvMxdizc V:259 H:221 F:18
							8490C3 75 05       ADC $05,X     [000E6D] A:00F2 X:0E68 Y:C42D S:011B D:0000 DB:86 NvMxdizc V:259 H:224 F:18
							8490C5 85 00       STA $00       [000000] A:006A X:0E68 Y:C42D S:011B D:0000 DB:86 nvMxdizC V:259 H:231 F:18
							8490C7 B5 06       LDA $06,X     [000E6E] A:006A X:0E68 Y:C42D S:011B D:0000 DB:86 nvMxdizC V:259 H:236 F:18
							8490C9 65 01       ADC $01       [000001] A:001E X:0E68 Y:C42D S:011B D:0000 DB:86 nvMxdizC V:259 H:242 F:18
							8490CB 85 01       STA $01       [000001] A:001E X:0E68 Y:C42D S:011B D:0000 DB:86 nvMxdizC V:259 H:247 F:18
							8490CD 64 03       STZ $03       [000003] A:001E X:0E68 Y:C42D S:011B D:0000 DB:86 nvMxdizC V:259 H:252 F:18
							8490CF B5 2A       LDA $2A,X     [000E92] A:001E X:0E68 Y:C42D S:011B D:0000 DB:86 nvMxdizC V:259 H:257 F:18
							8490D1 10 02       BPL $0002     [8490D5] A:00F1 X:0E68 Y:C42D S:011B D:0000 DB:86 NvMxdizC V:259 H:264 F:18
							8490D3 C6 03       DEC $03       [000003] A:00F1 X:0E68 Y:C42D S:011B D:0000 DB:86 NvMxdizC V:259 H:267 F:18
							8490D5 18          CLC                    A:00F1 X:0E68 Y:C42D S:011B D:0000 DB:86 NvMxdizC V:259 H:275 F:18
							8490D6 75 08       ADC $08,X     [000E70] A:00F1 X:0E68 Y:C42D S:011B D:0000 DB:86 NvMxdizc V:259 H:278 F:18
							8490D8 85 02       STA $02       [000002] A:0094 X:0E68 Y:C42D S:011B D:0000 DB:86 NvMxdizC V:259 H:285 F:18
							8490DA 29 F0       AND #$F0               A:0094 X:0E68 Y:C42D S:011B D:0000 DB:86 NvMxdizC V:259 H:290 F:18
							8490DC 85 0A       STA $0A       [00000A] A:0090 X:0E68 Y:C42D S:011B D:0000 DB:86 NvMxdizC V:259 H:293 F:18
							8490DE B5 09       LDA $09,X     [000E71] A:0090 X:0E68 Y:C42D S:011B D:0000 DB:86 NvMxdizC V:259 H:298 F:18
							8490E0 65 03       ADC $03       [000003] A:0001 X:0E68 Y:C42D S:011B D:0000 DB:86 nvMxdizC V:259 H:304 F:18
							8490E2 85 03       STA $03       [000003] A:0001 X:0E68 Y:C42D S:011B D:0000 DB:86 nvMxdizC V:259 H:309 F:18
							8490E4 85 0B       STA $0B       [00000B] A:0001 X:0E68 Y:C42D S:011B D:0000 DB:86 nvMxdizC V:259 H:314 F:18
							8490E6 A5 00       LDA $00       [000000] A:0001 X:0E68 Y:C42D S:011B D:0000 DB:86 nvMxdizC V:259 H:319 F:18
							8490E8 29 0F       AND #$0F               A:006A X:0E68 Y:C42D S:011B D:0000 DB:86 nvMxdizC V:259 H:324 F:18
							8490EA 1A          INC                    A:000A X:0E68 Y:C42D S:011B D:0000 DB:86 nvMxdizC V:259 H:327 F:18
							8490EB 85 0C       STA $0C       [00000C] A:000B X:0E68 Y:C42D S:011B D:0000 DB:86 nvMxdizC V:259 H:329 F:18
							8490ED A5 02       LDA $02       [000002] A:000B X:0E68 Y:C42D S:011B D:0000 DB:86 nvMxdizC V:259 H:334 F:18
							8490EF 29 0F       AND #$0F               A:0094 X:0E68 Y:C42D S:011B D:0000 DB:86 NvMxdizC V:259 H:339 F:18
							8490F1 1A          INC                    A:0004 X:0E68 Y:C42D S:011B D:0000 DB:86 nvMxdizC V:260 H:  2 F:18
							8490F2 85 0E       STA $0E       [00000E] A:0005 X:0E68 Y:C42D S:011B D:0000 DB:86 nvMxdizC V:260 H:  5 F:18
							8490F4 C2 20       REP #$20               A:0005 X:0E68 Y:C42D S:011B D:0000 DB:86 nvMxdizC V:260 H: 10 F:18
							8490F6 20 6A 91    JSR $916A     [84916A] A:0005 X:0E68 Y:C42D S:011B D:0000 DB:86 nvmxdizC V:260 H: 15 F:18

								84916A A9 00 E8    LDA #$E800             A:0005 X:0E68 Y:C42D S:0119 D:0000 DB:86 nvmxdizC V:260 H: 25 F:18
								84916D 85 10       STA $10       [000010] A:E800 X:0E68 Y:C42D S:0119 D:0000 DB:86 NvmxdizC V:260 H: 29 F:18
								84916F A9 7E 00    LDA #$007E             A:E800 X:0E68 Y:C42D S:0119 D:0000 DB:86 NvmxdizC V:260 H: 36 F:18
								849172 85 12       STA $12       [000012] A:007E X:0E68 Y:C42D S:0119 D:0000 DB:86 nvmxdizC V:260 H: 41 F:18
								849174 A5 02       LDA $02       [000002] A:007E X:0E68 Y:C42D S:0119 D:0000 DB:86 nvmxdizC V:260 H: 48 F:18
								849176 29 F0 00    AND #$00F0             A:0194 X:0E68 Y:C42D S:0119 D:0000 DB:86 nvmxdizC V:260 H: 55 F:18
								849179 0A          ASL A                  A:0090 X:0E68 Y:C42D S:0119 D:0000 DB:86 nvmxdizC V:260 H: 59 F:18
								84917A 85 04       STA $04       [000004] A:0120 X:0E68 Y:C42D S:0119 D:0000 DB:86 nvmxdizc V:260 H: 62 F:18
								84917C A5 00       LDA $00       [000000] A:0120 X:0E68 Y:C42D S:0119 D:0000 DB:86 nvmxdizc V:260 H: 69 F:18
								84917E 29 FF 00    AND #$00FF             A:1E6A X:0E68 Y:C42D S:0119 D:0000 DB:86 nvmxdizc V:260 H: 76 F:18
								849181 4A          LSR A                  A:006A X:0E68 Y:C42D S:0119 D:0000 DB:86 nvmxdizc V:260 H: 81 F:18
								849182 4A          LSR A                  A:0035 X:0E68 Y:C42D S:0119 D:0000 DB:86 nvmxdizc V:260 H: 84 F:18
								849183 4A          LSR A                  A:001A X:0E68 Y:C42D S:0119 D:0000 DB:86 nvmxdizC V:260 H: 87 F:18
								849184 29 FE FF    AND #$FFFE             A:000D X:0E68 Y:C42D S:0119 D:0000 DB:86 nvmxdizc V:260 H: 90 F:18
								849187 18          CLC                    A:000C X:0E68 Y:C42D S:0119 D:0000 DB:86 nvmxdizc V:260 H: 94 F:18
								849188 65 04       ADC $04       [000004] A:000C X:0E68 Y:C42D S:0119 D:0000 DB:86 nvmxdizc V:260 H: 97 F:18
								84918A 85 06       STA $06       [000006] A:012C X:0E68 Y:C42D S:0119 D:0000 DB:86 nvmxdizc V:260 H:104 F:18
								84918C A5 00       LDA $00       [000000] A:012C X:0E68 Y:C42D S:0119 D:0000 DB:86 nvmxdizc V:260 H:111 F:18
								84918E EB          XBA                    A:1E6A X:0E68 Y:C42D S:0119 D:0000 DB:86 nvmxdizc V:260 H:118 F:18
								84918F 29 1F 00    AND #$001F             A:6A1E X:0E68 Y:C42D S:0119 D:0000 DB:86 nvmxdizc V:260 H:123 F:18
								849192 85 04       STA $04       [000004] A:001E X:0E68 Y:C42D S:0119 D:0000 DB:86 nvmxdizc V:260 H:127 F:18
								849194 A5 02       LDA $02       [000002] A:001E X:0E68 Y:C42D S:0119 D:0000 DB:86 nvmxdizc V:260 H:144 F:18
								849196 29 00 1F    AND #$1F00             A:0194 X:0E68 Y:C42D S:0119 D:0000 DB:86 nvmxdizc V:260 H:151 F:18
								849199 4A          LSR A                  A:0100 X:0E68 Y:C42D S:0119 D:0000 DB:86 nvmxdizc V:260 H:156 F:18
								84919A 4A          LSR A                  A:0080 X:0E68 Y:C42D S:0119 D:0000 DB:86 nvmxdizc V:260 H:159 F:18
								84919B 4A          LSR A                  A:0040 X:0E68 Y:C42D S:0119 D:0000 DB:86 nvmxdizc V:260 H:162 F:18
								84919C 18          CLC                    A:0020 X:0E68 Y:C42D S:0119 D:0000 DB:86 nvmxdizc V:260 H:165 F:18
								84919D 65 04       ADC $04       [000004] A:0020 X:0E68 Y:C42D S:0119 D:0000 DB:86 nvmxdizc V:260 H:168 F:18
								84919F A8          TAY                    A:003E X:0E68 Y:C42D S:0119 D:0000 DB:86 nvmxdizc V:260 H:175 F:18
								8491A0 B7 10       LDA [$10],Y   [7EE83E] A:003E X:0E68 Y:003E S:0119 D:0000 DB:86 nvmxdizc V:260 H:178 F:18
								8491A2 29 FF 00    AND #$00FF             A:0005 X:0E68 Y:003E S:0119 D:0000 DB:86 nvmxdizc V:260 H:191 F:18
								8491A5 A8          TAY                    A:0005 X:0E68 Y:003E S:0119 D:0000 DB:86 nvmxdizc V:260 H:195 F:18
								8491A6 EB          XBA                    A:0005 X:0E68 Y:0005 S:0119 D:0000 DB:86 nvmxdizc V:260 H:198 F:18
								8491A7 0A          ASL A                  A:0500 X:0E68 Y:0005 S:0119 D:0000 DB:86 nvmxdiZc V:260 H:203 F:18
								8491A8 18          CLC                    A:0A00 X:0E68 Y:0005 S:0119 D:0000 DB:86 nvmxdizc V:260 H:206 F:18
								8491A9 65 06       ADC $06       [000006] A:0A00 X:0E68 Y:0005 S:0119 D:0000 DB:86 nvmxdizc V:260 H:209 F:18
								8491AB AA          TAX                    A:0B2C X:0E68 Y:0005 S:0119 D:0000 DB:86 nvmxdizc V:260 H:216 F:18
								8491AC 60          RTS                    A:0B2C X:0B2C Y:0005 S:0119 D:0000 DB:86 nvmxdizc V:260 H:219 F:18

							8490F9 BF 00 20 7E LDA $7E2000,X [7E2B2C] A:0B2C X:0B2C Y:0005 S:011B D:0000 DB:86 nvmxdizc V:260 H:229 F:18
							8490FD A8          TAY                    A:02BF X:0B2C Y:0005 S:011B D:0000 DB:86 nvmxdizc V:260 H:239 F:18
							8490FE AD 92 0B    LDA $0B92     [860B92] A:02BF X:0B2C Y:02BF S:011B D:0000 DB:86 nvmxdizc V:260 H:242 F:18
							849101 85 10       STA $10       [000010] A:EDC3 X:0B2C Y:02BF S:011B D:0000 DB:86 Nvmxdizc V:260 H:250 F:18
							849103 AD 94 0B    LDA $0B94     [860B94] A:EDC3 X:0B2C Y:02BF S:011B D:0000 DB:86 Nvmxdizc V:260 H:257 F:18
							849106 85 12       STA $12       [000012] A:E095 X:0B2C Y:02BF S:011B D:0000 DB:86 Nvmxdizc V:260 H:266 F:18
							849108 B7 10       LDA [$10],Y   [95F082] A:E095 X:0B2C Y:02BF S:011B D:0000 DB:86 Nvmxdizc V:260 H:273 F:18
							84910A 29 FF 00    AND #$00FF             A:0000 X:0B2C Y:02BF S:011B D:0000 DB:86 nvmxdiZc V:260 H:285 F:18
							84910D 28          PLP                    A:0000 X:0B2C Y:02BF S:011B D:0000 DB:86 nvmxdiZc V:260 H:289 F:18
							84910E FA          PLX                    A:0000 X:0B2C Y:02BF S:011C D:0000 DB:86 nvMxdiZc V:260 H:296 F:18
							84910F 2B          PLD                    A:0000 X:0E68 Y:02BF S:011E D:0000 DB:86 nvMxdizc V:260 H:304 F:18
							849110 60          RTS                    A:0000 X:0E68 Y:02BF S:0120 D:0000 DB:86 nvMxdiZc V:260 H:313 F:18

						84947C B4 05       LDY $05,X     [000E6D] A:0000 X:0E68 Y:02BF S:0122 D:0000 DB:86 nvMxdiZc V:260 H:323 F:18
						84947E 84 10       STY $10       [000010] A:0000 X:0E68 Y:1E78 S:0122 D:0000 DB:86 nvMxdizc V:260 H:330 F:18
						849480 B4 08       LDY $08,X     [000E70] A:0000 X:0E68 Y:1E78 S:0122 D:0000 DB:86 nvMxdizc V:260 H:337 F:18
						849482 84 12       STY $12       [000012] A:0000 X:0E68 Y:01A3 S:0122 D:0000 DB:86 nvMxdizc V:261 H:  6 F:18
						849484 95 2E       STA $2E,X     [000E96] A:0000 X:0E68 Y:01A3 S:0122 D:0000 DB:86 nvMxdizc V:261 H: 13 F:18
						849486 86 2C       STX $2C       [00002C] A:0000 X:0E68 Y:01A3 S:0122 D:0000 DB:86 nvMxdizc V:261 H: 19 F:18
						849488 29 3F       AND #$3F               A:0000 X:0E68 Y:01A3 S:0122 D:0000 DB:86 nvMxdizc V:261 H: 26 F:18
						84948A 0A          ASL A                  A:0000 X:0E68 Y:01A3 S:0122 D:0000 DB:86 nvMxdiZc V:261 H: 29 F:18
						84948B EB          XBA                    A:0000 X:0E68 Y:01A3 S:0122 D:0000 DB:86 nvMxdiZc V:261 H: 32 F:18
						84948C A9 00       LDA #$00               A:0000 X:0E68 Y:01A3 S:0122 D:0000 DB:86 nvMxdiZc V:261 H: 37 F:18
						84948E EB          XBA                    A:0000 X:0E68 Y:01A3 S:0122 D:0000 DB:86 nvMxdiZc V:261 H: 40 F:18
						84948F AA          TAX                    A:0000 X:0E68 Y:01A3 S:0122 D:0000 DB:86 nvMxdiZc V:261 H: 44 F:18
						849490 FC A9 94    JSR ($94A9,X) [8494A9] A:0000 X:0000 Y:01A3 S:0122 D:0000 DB:86 nvMxdiZc V:261 H: 47 F:18

							849529 AD 1C 1F    LDA $1F1C     [861F1C] A:0000 X:0000 Y:01A3 S:0120 D:0000 DB:86 nvMxdiZc V:261 H: 60 F:18
							84952C F0 11       BEQ $0011     [84953F] A:0000 X:0000 Y:01A3 S:0120 D:0000 DB:86 nvMxdiZc V:261 H: 67 F:18
							84953F A9 00       LDA #$00               A:0000 X:0000 Y:01A3 S:0120 D:0000 DB:86 nvMxdiZc V:261 H: 71 F:18
							849541 60          RTS                    A:0000 X:0000 Y:01A3 S:0120 D:0000 DB:86 nvMxdiZc V:261 H: 74 F:18

						849493 F0 0E       BEQ $000E     [8494A3] A:0000 X:0000 Y:01A3 S:0122 D:0000 DB:86 nvMxdiZc V:261 H: 84 F:18
						8494A3 A6 2C       LDX $2C       [00002C] A:0000 X:0000 Y:01A3 S:0122 D:0000 DB:86 nvMxdiZc V:261 H: 89 F:18
						8494A5 20 08 93    JSR $9308     [849308] A:0000 X:0E68 Y:01A3 S:0122 D:0000 DB:86 nvMxdizc V:261 H: 96 F:18

							849308 A5 14       LDA $14       [000014] A:0000 X:0E68 Y:01A3 S:0120 D:0000 DB:86 nvMxdizc V:261 H:106 F:18
							84930A F0 08       BEQ $0008     [849314] A:0000 X:0E68 Y:01A3 S:0120 D:0000 DB:86 nvMxdiZc V:261 H:111 F:18
							849314 60          RTS                    A:0000 X:0E68 Y:01A3 S:0120 D:0000 DB:86 nvMxdiZc V:261 H:115 F:18

						8494A8 60          RTS                    A:0000 X:0E68 Y:01A3 S:0122 D:0000 DB:86 nvMxdiZc V:261 H:125 F:18

					849228 D0 15       BNE $0015     [84923F] A:0000 X:0E68 Y:01A3 S:0124 D:0000 DB:86 nvMxdiZc V:261 H:145 F:18
					84922A B4 20       LDY $20,X     [000E88] A:0000 X:0E68 Y:01A3 S:0124 D:0000 DB:86 nvMxdiZc V:261 H:148 F:18
					84922C B9 05 00    LDA $0005,Y   [86C432] A:0000 X:0E68 Y:C42D S:0124 D:0000 DB:86 NvMxdizc V:261 H:157 F:18
					84922F 34 11       BIT $11,X     [000E79] A:0000 X:0E68 Y:C42D S:0124 D:0000 DB:86 nvMxdiZc V:261 H:164 F:18
					849231 50 03       BVC $0003     [849236] A:0000 X:0E68 Y:C42D S:0124 D:0000 DB:86 nVMxdiZc V:261 H:171 F:18
					849233 49 FF       EOR #$FF               A:0000 X:0E68 Y:C42D S:0124 D:0000 DB:86 nVMxdiZc V:261 H:174 F:18
					849235 1A          INC                    A:00FF X:0E68 Y:C42D S:0124 D:0000 DB:86 NVMxdizc V:261 H:177 F:18
					849236 18          CLC                    A:0000 X:0E68 Y:C42D S:0124 D:0000 DB:86 nVMxdiZc V:261 H:180 F:18
					849237 79 07 00    ADC $0007,Y   [86C434] A:0000 X:0E68 Y:C42D S:0124 D:0000 DB:86 nVMxdiZc V:261 H:183 F:18
					84923A 95 29       STA $29,X     [000E91] A:000E X:0E68 Y:C42D S:0124 D:0000 DB:86 nvMxdizc V:261 H:190 F:18
					84923C 20 73 94    JSR $9473     [849473] A:000E X:0E68 Y:C42D S:0124 D:0000 DB:86 nvMxdizc V:261 H:197 F:18

						849473 A9 F7       LDA #$F7               A:000E X:0E68 Y:C42D S:0122 D:0000 DB:86 nvMxdizc V:261 H:207 F:18
						849475 35 2B       AND $2B,X     [000E93] A:00F7 X:0E68 Y:C42D S:0122 D:0000 DB:86 NvMxdizc V:261 H:210 F:18
						849477 95 2B       STA $2B,X     [000E93] A:0000 X:0E68 Y:C42D S:0122 D:0000 DB:86 nvMxdiZc V:261 H:216 F:18
						849479 20 B3 90    JSR $90B3     [8490B3] A:0000 X:0E68 Y:C42D S:0122 D:0000 DB:86 nvMxdiZc V:261 H:223 F:18

							8490B3 0B          PHD                    A:0000 X:0E68 Y:C42D S:0120 D:0000 DB:86 nvMxdiZc V:261 H:233 F:18
							8490B4 DA          PHX                    A:0000 X:0E68 Y:C42D S:011E D:0000 DB:86 nvMxdiZc V:261 H:240 F:18
							8490B5 08          PHP                    A:0000 X:0E68 Y:C42D S:011C D:0000 DB:86 nvMxdiZc V:261 H:247 F:18
							8490B6 E2 20       SEP #$20               A:0000 X:0E68 Y:C42D S:011B D:0000 DB:86 nvMxdiZc V:261 H:252 F:18
							8490B8 C2 10       REP #$10               A:0000 X:0E68 Y:C42D S:011B D:0000 DB:86 nvMxdiZc V:261 H:256 F:18
							8490BA 64 01       STZ $01       [000001] A:0000 X:0E68 Y:C42D S:011B D:0000 DB:86 nvMxdiZc V:261 H:261 F:18
							8490BC B5 29       LDA $29,X     [000E91] A:0000 X:0E68 Y:C42D S:011B D:0000 DB:86 nvMxdiZc V:261 H:266 F:18
							8490BE 10 02       BPL $0002     [8490C2] A:000E X:0E68 Y:C42D S:011B D:0000 DB:86 nvMxdizc V:261 H:272 F:18
							8490C2 18          CLC                    A:000E X:0E68 Y:C42D S:011B D:0000 DB:86 nvMxdizc V:261 H:277 F:18
							8490C3 75 05       ADC $05,X     [000E6D] A:000E X:0E68 Y:C42D S:011B D:0000 DB:86 nvMxdizc V:261 H:280 F:18
							8490C5 85 00       STA $00       [000000] A:0086 X:0E68 Y:C42D S:011B D:0000 DB:86 NVMxdizc V:261 H:286 F:18
							8490C7 B5 06       LDA $06,X     [000E6E] A:0086 X:0E68 Y:C42D S:011B D:0000 DB:86 NVMxdizc V:261 H:291 F:18
							8490C9 65 01       ADC $01       [000001] A:001E X:0E68 Y:C42D S:011B D:0000 DB:86 nVMxdizc V:261 H:298 F:18
							8490CB 85 01       STA $01       [000001] A:001E X:0E68 Y:C42D S:011B D:0000 DB:86 nvMxdizc V:261 H:303 F:18
							8490CD 64 03       STZ $03       [000003] A:001E X:0E68 Y:C42D S:011B D:0000 DB:86 nvMxdizc V:261 H:308 F:18
							8490CF B5 2A       LDA $2A,X     [000E92] A:001E X:0E68 Y:C42D S:011B D:0000 DB:86 nvMxdizc V:261 H:313 F:18
							8490D1 10 02       BPL $0002     [8490D5] A:00F1 X:0E68 Y:C42D S:011B D:0000 DB:86 NvMxdizc V:261 H:319 F:18
							8490D3 C6 03       DEC $03       [000003] A:00F1 X:0E68 Y:C42D S:011B D:0000 DB:86 NvMxdizc V:261 H:322 F:18
							8490D5 18          CLC                    A:00F1 X:0E68 Y:C42D S:011B D:0000 DB:86 NvMxdizc V:261 H:330 F:18
							8490D6 75 08       ADC $08,X     [000E70] A:00F1 X:0E68 Y:C42D S:011B D:0000 DB:86 NvMxdizc V:261 H:333 F:18
							8490D8 85 02       STA $02       [000002] A:0094 X:0E68 Y:C42D S:011B D:0000 DB:86 NvMxdizC V:261 H:339 F:18
							8490DA 29 F0       AND #$F0               A:0094 X:0E68 Y:C42D S:011B D:0000 DB:86 NvMxdizC V:  0 H:  4 F:19
							8490DC 85 0A       STA $0A       [00000A] A:0090 X:0E68 Y:C42D S:011B D:0000 DB:86 NvMxdizC V:  0 H:  7 F:19
							8490DE B5 09       LDA $09,X     [000E71] A:0090 X:0E68 Y:C42D S:011B D:0000 DB:86 NvMxdizC V:  0 H: 12 F:19
							8490E0 65 03       ADC $03       [000003] A:0001 X:0E68 Y:C42D S:011B D:0000 DB:86 nvMxdizC V:  0 H: 19 F:19
							8490E2 85 03       STA $03       [000003] A:0001 X:0E68 Y:C42D S:011B D:0000 DB:86 nvMxdizC V:  0 H: 24 F:19
							8490E4 85 0B       STA $0B       [00000B] A:0001 X:0E68 Y:C42D S:011B D:0000 DB:86 nvMxdizC V:  0 H: 29 F:19
							8490E6 A5 00       LDA $00       [000000] A:0001 X:0E68 Y:C42D S:011B D:0000 DB:86 nvMxdizC V:  0 H: 34 F:19
							8490E8 29 0F       AND #$0F               A:0086 X:0E68 Y:C42D S:011B D:0000 DB:86 NvMxdizC V:  0 H: 39 F:19
							8490EA 1A          INC                    A:0006 X:0E68 Y:C42D S:011B D:0000 DB:86 nvMxdizC V:  0 H: 42 F:19
							8490EB 85 0C       STA $0C       [00000C] A:0007 X:0E68 Y:C42D S:011B D:0000 DB:86 nvMxdizC V:  0 H: 45 F:19
							8490ED A5 02       LDA $02       [000002] A:0007 X:0E68 Y:C42D S:011B D:0000 DB:86 nvMxdizC V:  0 H: 50 F:19
							8490EF 29 0F       AND #$0F               A:0094 X:0E68 Y:C42D S:011B D:0000 DB:86 NvMxdizC V:  0 H: 55 F:19
							8490F1 1A          INC                    A:0004 X:0E68 Y:C42D S:011B D:0000 DB:86 nvMxdizC V:  0 H: 58 F:19
							8490F2 85 0E       STA $0E       [00000E] A:0005 X:0E68 Y:C42D S:011B D:0000 DB:86 nvMxdizC V:  0 H: 61 F:19
							8490F4 C2 20       REP #$20               A:0005 X:0E68 Y:C42D S:011B D:0000 DB:86 nvMxdizC V:  0 H: 66 F:19
							8490F6 20 6A 91    JSR $916A     [84916A] A:0005 X:0E68 Y:C42D S:011B D:0000 DB:86 nvmxdizC V:  0 H: 70 F:19

								84916A A9 00 E8    LDA #$E800             A:0005 X:0E68 Y:C42D S:0119 D:0000 DB:86 nvmxdizC V:  0 H: 80 F:19
								84916D 85 10       STA $10       [000010] A:E800 X:0E68 Y:C42D S:0119 D:0000 DB:86 NvmxdizC V:  0 H: 85 F:19
								84916F A9 7E 00    LDA #$007E             A:E800 X:0E68 Y:C42D S:0119 D:0000 DB:86 NvmxdizC V:  0 H: 92 F:19
								849172 85 12       STA $12       [000012] A:007E X:0E68 Y:C42D S:0119 D:0000 DB:86 nvmxdizC V:  0 H: 96 F:19
								849174 A5 02       LDA $02       [000002] A:007E X:0E68 Y:C42D S:0119 D:0000 DB:86 nvmxdizC V:  0 H:103 F:19
								849176 29 F0 00    AND #$00F0             A:0194 X:0E68 Y:C42D S:0119 D:0000 DB:86 nvmxdizC V:  0 H:110 F:19
								849179 0A          ASL A                  A:0090 X:0E68 Y:C42D S:0119 D:0000 DB:86 nvmxdizC V:  0 H:115 F:19
								84917A 85 04       STA $04       [000004] A:0120 X:0E68 Y:C42D S:0119 D:0000 DB:86 nvmxdizc V:  0 H:118 F:19
								84917C A5 00       LDA $00       [000000] A:0120 X:0E68 Y:C42D S:0119 D:0000 DB:86 nvmxdizc V:  0 H:125 F:19
								84917E 29 FF 00    AND #$00FF             A:1E86 X:0E68 Y:C42D S:0119 D:0000 DB:86 nvmxdizc V:  0 H:132 F:19
								849181 4A          LSR A                  A:0086 X:0E68 Y:C42D S:0119 D:0000 DB:86 nvmxdizc V:  0 H:146 F:19
								849182 4A          LSR A                  A:0043 X:0E68 Y:C42D S:0119 D:0000 DB:86 nvmxdizc V:  0 H:149 F:19
								849183 4A          LSR A                  A:0021 X:0E68 Y:C42D S:0119 D:0000 DB:86 nvmxdizC V:  0 H:152 F:19
								849184 29 FE FF    AND #$FFFE             A:0010 X:0E68 Y:C42D S:0119 D:0000 DB:86 nvmxdizC V:  0 H:155 F:19
								849187 18          CLC                    A:0010 X:0E68 Y:C42D S:0119 D:0000 DB:86 nvmxdizC V:  0 H:160 F:19
								849188 65 04       ADC $04       [000004] A:0010 X:0E68 Y:C42D S:0119 D:0000 DB:86 nvmxdizc V:  0 H:163 F:19
								84918A 85 06       STA $06       [000006] A:0130 X:0E68 Y:C42D S:0119 D:0000 DB:86 nvmxdizc V:  0 H:170 F:19
								84918C A5 00       LDA $00       [000000] A:0130 X:0E68 Y:C42D S:0119 D:0000 DB:86 nvmxdizc V:  0 H:177 F:19
								84918E EB          XBA                    A:1E86 X:0E68 Y:C42D S:0119 D:0000 DB:86 nvmxdizc V:  0 H:184 F:19
								84918F 29 1F 00    AND #$001F             A:861E X:0E68 Y:C42D S:0119 D:0000 DB:86 nvmxdizc V:  0 H:188 F:19
								849192 85 04       STA $04       [000004] A:001E X:0E68 Y:C42D S:0119 D:0000 DB:86 nvmxdizc V:  0 H:193 F:19
								849194 A5 02       LDA $02       [000002] A:001E X:0E68 Y:C42D S:0119 D:0000 DB:86 nvmxdizc V:  0 H:200 F:19
								849196 29 00 1F    AND #$1F00             A:0194 X:0E68 Y:C42D S:0119 D:0000 DB:86 nvmxdizc V:  0 H:207 F:19
								849199 4A          LSR A                  A:0100 X:0E68 Y:C42D S:0119 D:0000 DB:86 nvmxdizc V:  0 H:211 F:19
								84919A 4A          LSR A                  A:0080 X:0E68 Y:C42D S:0119 D:0000 DB:86 nvmxdizc V:  0 H:214 F:19
								84919B 4A          LSR A                  A:0040 X:0E68 Y:C42D S:0119 D:0000 DB:86 nvmxdizc V:  0 H:217 F:19
								84919C 18          CLC                    A:0020 X:0E68 Y:C42D S:0119 D:0000 DB:86 nvmxdizc V:  0 H:220 F:19
								84919D 65 04       ADC $04       [000004] A:0020 X:0E68 Y:C42D S:0119 D:0000 DB:86 nvmxdizc V:  0 H:223 F:19
								84919F A8          TAY                    A:003E X:0E68 Y:C42D S:0119 D:0000 DB:86 nvmxdizc V:  0 H:230 F:19
								8491A0 B7 10       LDA [$10],Y   [7EE83E] A:003E X:0E68 Y:003E S:0119 D:0000 DB:86 nvmxdizc V:  0 H:233 F:19
								8491A2 29 FF 00    AND #$00FF             A:0005 X:0E68 Y:003E S:0119 D:0000 DB:86 nvmxdizc V:  0 H:246 F:19
								8491A5 A8          TAY                    A:0005 X:0E68 Y:003E S:0119 D:0000 DB:86 nvmxdizc V:  0 H:251 F:19
								8491A6 EB          XBA                    A:0005 X:0E68 Y:0005 S:0119 D:0000 DB:86 nvmxdizc V:  0 H:254 F:19
								8491A7 0A          ASL A                  A:0500 X:0E68 Y:0005 S:0119 D:0000 DB:86 nvmxdiZc V:  0 H:258 F:19
								8491A8 18          CLC                    A:0A00 X:0E68 Y:0005 S:0119 D:0000 DB:86 nvmxdizc V:  0 H:261 F:19
								8491A9 65 06       ADC $06       [000006] A:0A00 X:0E68 Y:0005 S:0119 D:0000 DB:86 nvmxdizc V:  0 H:264 F:19
								8491AB AA          TAX                    A:0B30 X:0E68 Y:0005 S:0119 D:0000 DB:86 nvmxdizc V:  0 H:271 F:19
								8491AC 60          RTS                    A:0B30 X:0B30 Y:0005 S:0119 D:0000 DB:86 nvmxdizc V:  0 H:274 F:19

							8490F9 BF 00 20 7E LDA $7E2000,X [7E2B30] A:0B30 X:0B30 Y:0005 S:011B D:0000 DB:86 nvmxdizc V:  0 H:284 F:19
							8490FD A8          TAY                    A:02BF X:0B30 Y:0005 S:011B D:0000 DB:86 nvmxdizc V:  0 H:294 F:19
							8490FE AD 92 0B    LDA $0B92     [860B92] A:02BF X:0B30 Y:02BF S:011B D:0000 DB:86 nvmxdizc V:  0 H:297 F:19
							849101 85 10       STA $10       [000010] A:EDC3 X:0B30 Y:02BF S:011B D:0000 DB:86 Nvmxdizc V:  0 H:306 F:19
							849103 AD 94 0B    LDA $0B94     [860B94] A:EDC3 X:0B30 Y:02BF S:011B D:0000 DB:86 Nvmxdizc V:  0 H:313 F:19
							849106 85 12       STA $12       [000012] A:E095 X:0B30 Y:02BF S:011B D:0000 DB:86 Nvmxdizc V:  0 H:321 F:19
							849108 B7 10       LDA [$10],Y   [95F082] A:E095 X:0B30 Y:02BF S:011B D:0000 DB:86 Nvmxdizc V:  0 H:327 F:19
							84910A 29 FF 00    AND #$00FF             A:0000 X:0B30 Y:02BF S:011B D:0000 DB:86 nvmxdiZc V:  0 H:339 F:19
							84910D 28          PLP                    A:0000 X:0B30 Y:02BF S:011B D:0000 DB:86 nvmxdiZc V:  1 H:  4 F:19
							84910E FA          PLX                    A:0000 X:0B30 Y:02BF S:011C D:0000 DB:86 nvMxdiZc V:  1 H: 10 F:19
							84910F 2B          PLD                    A:0000 X:0E68 Y:02BF S:011E D:0000 DB:86 nvMxdizc V:  1 H: 19 F:19
							849110 60          RTS                    A:0000 X:0E68 Y:02BF S:0120 D:0000 DB:86 nvMxdiZc V:  1 H: 27 F:19

						84947C B4 05       LDY $05,X     [000E6D] A:0000 X:0E68 Y:02BF S:0122 D:0000 DB:86 nvMxdiZc V:  1 H: 37 F:19
						84947E 84 10       STY $10       [000010] A:0000 X:0E68 Y:1E78 S:0122 D:0000 DB:86 nvMxdizc V:  1 H: 46 F:19
						849480 B4 08       LDY $08,X     [000E70] A:0000 X:0E68 Y:1E78 S:0122 D:0000 DB:86 nvMxdizc V:  1 H: 53 F:19
						849482 84 12       STY $12       [000012] A:0000 X:0E68 Y:01A3 S:0122 D:0000 DB:86 nvMxdizc V:  1 H: 61 F:19
						849484 95 2E       STA $2E,X     [000E96] A:0000 X:0E68 Y:01A3 S:0122 D:0000 DB:86 nvMxdizc V:  1 H: 68 F:19
						849486 86 2C       STX $2C       [00002C] A:0000 X:0E68 Y:01A3 S:0122 D:0000 DB:86 nvMxdizc V:  1 H: 75 F:19
						849488 29 3F       AND #$3F               A:0000 X:0E68 Y:01A3 S:0122 D:0000 DB:86 nvMxdizc V:  1 H: 82 F:19
						84948A 0A          ASL A                  A:0000 X:0E68 Y:01A3 S:0122 D:0000 DB:86 nvMxdiZc V:  1 H: 85 F:19
						84948B EB          XBA                    A:0000 X:0E68 Y:01A3 S:0122 D:0000 DB:86 nvMxdiZc V:  1 H: 88 F:19
						84948C A9 00       LDA #$00               A:0000 X:0E68 Y:01A3 S:0122 D:0000 DB:86 nvMxdiZc V:  1 H: 92 F:19
						84948E EB          XBA                    A:0000 X:0E68 Y:01A3 S:0122 D:0000 DB:86 nvMxdiZc V:  1 H: 95 F:19
						84948F AA          TAX                    A:0000 X:0E68 Y:01A3 S:0122 D:0000 DB:86 nvMxdiZc V:  1 H:100 F:19
						849490 FC A9 94    JSR ($94A9,X) [8494A9] A:0000 X:0000 Y:01A3 S:0122 D:0000 DB:86 nvMxdiZc V:  1 H:103 F:19

							849529 AD 1C 1F    LDA $1F1C     [861F1C] A:0000 X:0000 Y:01A3 S:0120 D:0000 DB:86 nvMxdiZc V:  1 H:116 F:19
							84952C F0 11       BEQ $0011     [84953F] A:0000 X:0000 Y:01A3 S:0120 D:0000 DB:86 nvMxdiZc V:  1 H:122 F:19
							84953F A9 00       LDA #$00               A:0000 X:0000 Y:01A3 S:0120 D:0000 DB:86 nvMxdiZc V:  1 H:127 F:19
							849541 60          RTS                    A:0000 X:0000 Y:01A3 S:0120 D:0000 DB:86 nvMxdiZc V:  1 H:130 F:19

						849493 F0 0E       BEQ $000E     [8494A3] A:0000 X:0000 Y:01A3 S:0122 D:0000 DB:86 nvMxdiZc V:  1 H:150 F:19
						8494A3 A6 2C       LDX $2C       [00002C] A:0000 X:0000 Y:01A3 S:0122 D:0000 DB:86 nvMxdiZc V:  1 H:154 F:19
						8494A5 20 08 93    JSR $9308     [849308] A:0000 X:0E68 Y:01A3 S:0122 D:0000 DB:86 nvMxdizc V:  1 H:161 F:19

							849308 A5 14       LDA $14       [000014] A:0000 X:0E68 Y:01A3 S:0120 D:0000 DB:86 nvMxdizc V:  1 H:171 F:19
							84930A F0 08       BEQ $0008     [849314] A:0000 X:0E68 Y:01A3 S:0120 D:0000 DB:86 nvMxdiZc V:  1 H:176 F:19
							849314 60          RTS                    A:0000 X:0E68 Y:01A3 S:0120 D:0000 DB:86 nvMxdiZc V:  1 H:181 F:19

						8494A8 60          RTS                    A:0000 X:0E68 Y:01A3 S:0122 D:0000 DB:86 nvMxdiZc V:  1 H:191 F:19

					84923F C2 30       REP #$30               A:0000 X:0E68 Y:01A3 S:0124 D:0000 DB:86 nvMxdiZc V:  1 H:201 F:19
					849241 60          RTS                    A:0000 X:0E68 Y:01A3 S:0124 D:0000 DB:86 nvmxdiZc V:  1 H:205 F:19 

				8491DB 2B          PLD                    A:0000 X:0E68 Y:01A3 S:0126 D:0000 DB:86 nvmxdiZc V:  1 H:215 F:19
				8491DC 28          PLP                    A:0000 X:0E68 Y:01A3 S:0128 D:0E68 DB:86 nvmxdizc V:  1 H:224 F:19			
				8491DD 6B          RTL                    A:0000 X:0068 Y:00A3 S:0129 D:0E68 DB:86 nvMXdizc V:  1 H:230 F:19

			81B991 22 EA 8E 84 JSL $848EEA   [848EEA] A:0000 X:0068 Y:00A3 S:012C D:0E68 DB:86 nvMXdizc V:  1 H:241 F:19				JSL $848EEA --> Decrease CDSkel, Continue Skeleton

				848EEA 08          PHP                    A:0000 X:0068 Y:00A3 S:0129 D:0E68 DB:86 nvMXdizc V:  1 H:254 F:19
				848EEB 8B          PHB                    A:0000 X:0068 Y:00A3 S:0128 D:0E68 DB:86 nvMXdizc V:  1 H:259 F:19
				848EEC E2 30       SEP #$30               A:0000 X:0068 Y:00A3 S:0127 D:0E68 DB:86 nvMXdizc V:  1 H:264 F:19
				848EEE C6 13       DEC $13       [000E7B] A:0000 X:0068 Y:00A3 S:0127 D:0E68 DB:86 nvMXdizc V:  1 H:269 F:19		Decrease Countdown
				848EF0 D0 5D       BNE $005D     [848F4F] A:0000 X:0068 Y:00A3 S:0127 D:0E68 DB:86 nvMXdizc V:  1 H:279 F:19		Branch because Countdown <> #$00
				848F4F AB          PLB                    A:0000 X:0068 Y:00A3 S:0127 D:0E68 DB:86 nvMXdizc V:  1 H:283 F:19
				848F50 28          PLP                    A:0000 X:0068 Y:00A3 S:0128 D:0E68 DB:86 NvMXdizc V:  1 H:290 F:19
				848F51 6B          RTL                    A:0000 X:0068 Y:00A3 S:0129 D:0E68 DB:86 nvMXdizc V:  1 H:296 F:19

			81B995 C2 20       REP #$20               A:0000 X:0068 Y:00A3 S:012C D:0E68 DB:86 nvMXdizc V:  1 H:307 F:19				|Branch because E-Y-Vel is positive
			81B997 A5 1C       LDA $1C       [000E84] A:0000 X:0068 Y:00A3 S:012C D:0E68 DB:86 nvmXdizc V:  1 H:311 F:19				|
			81B999 E2 20       SEP #$20               A:083E X:0068 Y:00A3 S:012C D:0E68 DB:86 nvmXdizc V:  1 H:320 F:19				|
			81B99B 10 0A       BPL $000A     [81B9A7] A:083E X:0068 Y:00A3 S:012C D:0E68 DB:86 nvMXdizc V:  1 H:324 F:19				|
			81B9A7 60          RTS                    A:083E X:0068 Y:00A3 S:012C D:0E68 DB:86 nvMXdizc V:  1 H:328 F:19				Return

		81B63B A9 09       LDA #$09               A:083E X:0068 Y:00A3 S:012E D:0E68 DB:86 nvMXdizc V:  1 H:338 F:19
