80D499 20 D3 D4    JSR $D4D3     [80D4D3] A:1401 X:0000 Y:00CE S:0133 D:1468 DB:86 nvMXdizc V:251 H:  4 F:56

	80D4D3 C2 20       REP #$20               A:1401 X:0000 Y:00CE S:0131 D:1468 DB:86 nvMXdizc V:251 H: 14 F:56
	80D4D5 A5 05       LDA $05       [00146D] A:1401 X:0000 Y:00CE S:0131 D:1468 DB:86 nvmXdizc V:251 H: 18 F:56
	80D4D7 85 22       STA $22       [00148A] A:1EA0 X:0000 Y:00CE S:0131 D:1468 DB:86 nvmXdizc V:251 H: 27 F:56
	80D4D9 A5 08       LDA $08       [001470] A:1EA0 X:0000 Y:00CE S:0131 D:1468 DB:86 nvmXdizc V:251 H: 35 F:56
	80D4DB 85 24       STA $24       [00148C] A:019C X:0000 Y:00CE S:0131 D:1468 DB:86 nvmXdizc V:251 H: 44 F:56
	80D4DD E2 20       SEP #$20               A:019C X:0000 Y:00CE S:0131 D:1468 DB:86 nvmXdizc V:251 H: 52 F:56
	80D4DF A9 80       LDA #$80               A:019C X:0000 Y:00CE S:0131 D:1468 DB:86 nvMXdizc V:251 H: 57 F:56
	80D4E1 14 0E       TRB $0E       [001476] A:0180 X:0000 Y:00CE S:0131 D:1468 DB:86 NvMXdizc V:251 H: 60 F:56
	80D4E3 A5 0A       LDA $0A       [001472] A:0180 X:0000 Y:00CE S:0131 D:1468 DB:86 NvMXdizc V:251 H: 70 F:56
	80D4E5 0A          ASL A                  A:011A X:0000 Y:00CE S:0131 D:1468 DB:86 nvMXdizc V:251 H: 76 F:56
	80D4E6 AA          TAX                    A:0134 X:0000 Y:00CE S:0131 D:1468 DB:86 nvMXdizc V:251 H: 79 F:56
	80D4E7 7C 7D F7    JMP ($F77D,X) [80F7B1] A:0134 X:0034 Y:00CE S:0131 D:1468 DB:86 nvMXdizc V:251 H: 82 F:56

	80F860 22 85 BC 81 JSL $81BC85   [81BC85] A:0134 X:0034 Y:00CE S:0131 D:1468 DB:86 nvMXdizc V:251 H: 91 F:56

		81BC85 A0 27       LDY #$27               A:0134 X:0034 Y:00CE S:012E D:1468 DB:86 nvMXdizc V:251 H:105 F:56
		81BC87 B1 0C       LDA ($0C),Y   [860E8F] A:0134 X:0034 Y:0027 S:012E D:1468 DB:86 nvMXdizc V:251 H:108 F:56
		81BC89 29 7F       AND #$7F               A:0120 X:0034 Y:0027 S:012E D:1468 DB:86 nvMXdizc V:251 H:118 F:56
		81BC8B D0 04       BNE $0004     [81BC91] A:0120 X:0034 Y:0027 S:012E D:1468 DB:86 nvMXdizc V:251 H:121 F:56
		81BC91 A6 01       LDX $01       [001469] A:0120 X:0034 Y:0027 S:012E D:1468 DB:86 nvMXdizc V:251 H:126 F:56
		81BC93 7C 96 BC    JMP ($BC96,X) [81BC9A] A:0120 X:0004 Y:0027 S:012E D:1468 DB:86 nvMXdizc V:251 H:132 F:56

		81BD54 22 EA 8E 84 JSL $848EEA   [848EEA] A:0120 X:0004 Y:0027 S:012E D:1468 DB:86 nvMXdizc V:251 H:151 F:56					Countdown routine

			848EEA 08          PHP                    A:0120 X:0004 Y:0027 S:012B D:1468 DB:86 nvMXdizc V:251 H:165 F:56
			848EEB 8B          PHB                    A:0120 X:0004 Y:0027 S:012A D:1468 DB:86 nvMXdizc V:251 H:170 F:56
			848EEC E2 30       SEP #$30               A:0120 X:0004 Y:0027 S:0129 D:1468 DB:86 nvMXdizc V:251 H:175 F:56
			848EEE C6 13       DEC $13       [00147B] A:0120 X:0004 Y:0027 S:0129 D:1468 DB:86 nvMXdizc V:251 H:179 F:56
			848EF0 D0 5D       BNE $005D     [848F4F] A:0120 X:0004 Y:0027 S:0129 D:1468 DB:86 nvMXdiZc V:251 H:189 F:56
			848EF2 A9 AF       LDA #$AF               A:0120 X:0004 Y:0027 S:0129 D:1468 DB:86 nvMXdiZc V:251 H:192 F:56
			848EF4 48          PHA                    A:01AF X:0004 Y:0027 S:0129 D:1468 DB:86 NvMXdizc V:251 H:195 F:56
			848EF5 AB          PLB                    A:01AF X:0004 Y:0027 S:0128 D:1468 DB:86 NvMXdizc V:251 H:200 F:56
			848EF6 C2 21       REP #$21               A:01AF X:0004 Y:0027 S:0129 D:1468 DB:AF NvMXdizc V:251 H:207 F:56
			848EF8 A5 14       LDA $14       [00147C] A:01AF X:0004 Y:0027 S:0129 D:1468 DB:AF NvmXdizc V:251 H:211 F:56
			848EFA 69 03 00    ADC #$0003             A:D106 X:0004 Y:0027 S:0129 D:1468 DB:AF NvmXdizc V:251 H:220 F:56
			848EFD A4 0F       LDY $0F       [001477] A:D109 X:0004 Y:0027 S:0129 D:1468 DB:AF NvmXdizc V:251 H:224 F:56
			848EFF 10 37       BPL $0037     [848F38] A:D109 X:0004 Y:0000 S:0129 D:1468 DB:AF nvmXdiZc V:251 H:231 F:56
			848F38 85 14       STA $14       [00147C] A:D109 X:0004 Y:0000 S:0129 D:1468 DB:AF nvmXdiZc V:251 H:235 F:56
			848F3A E2 30       SEP #$30               A:D109 X:0004 Y:0000 S:0129 D:1468 DB:AF nvmXdiZc V:251 H:244 F:56
			848F3C B2 14       LDA ($14)     [AFD109] A:D109 X:0004 Y:0000 S:0129 D:1468 DB:AF nvMXdiZc V:251 H:248 F:56
			848F3E 85 13       STA $13       [00147B] A:D112 X:0004 Y:0000 S:0129 D:1468 DB:AF nvMXdizc V:251 H:258 F:56
			848F40 A0 01       LDY #$01               A:D112 X:0004 Y:0000 S:0129 D:1468 DB:AF nvMXdizc V:251 H:265 F:56
			848F42 B1 14       LDA ($14),Y   [AFD10A] A:D112 X:0004 Y:0001 S:0129 D:1468 DB:AF nvMXdizc V:251 H:268 F:56
			848F44 85 0F       STA $0F       [001477] A:D180 X:0004 Y:0001 S:0129 D:1468 DB:AF NvMXdizc V:251 H:278 F:56				SkelAction = #$80 
			848F46 C8          INY                    A:D180 X:0004 Y:0001 S:0129 D:1468 DB:AF NvMXdizc V:251 H:284 F:56
			848F47 B1 14       LDA ($14),Y   [AFD10B] A:D180 X:0004 Y:0002 S:0129 D:1468 DB:AF nvMXdizc V:251 H:287 F:56
			848F49 85 17       STA $17       [00147F] A:D103 X:0004 Y:0002 S:0129 D:1468 DB:AF nvMXdizc V:251 H:297 F:56
			848F4B A9 80       LDA #$80               A:D103 X:0004 Y:0002 S:0129 D:1468 DB:AF nvMXdizc V:251 H:304 F:56
			848F4D 04 17       TSB $17       [00147F] A:D180 X:0004 Y:0002 S:0129 D:1468 DB:AF NvMXdizc V:251 H:307 F:56
			848F4F AB          PLB                    A:D180 X:0004 Y:0002 S:0129 D:1468 DB:AF NvMXdiZc V:251 H:317 F:56
			848F50 28          PLP                    A:D180 X:0004 Y:0002 S:012A D:1468 DB:86 NvMXdizc V:251 H:323 F:56
			848F51 6B          RTL                    A:D180 X:0004 Y:0002 S:012B D:1468 DB:86 nvMXdizc V:251 H:329 F:56

		81BD58 A5 0F       LDA $0F       [001477] A:D180 X:0004 Y:0002 S:012E D:1468 DB:86 nvMXdizc V:251 H:339 F:56
		81BD5A 10 23       BPL $0023     [81BD7F] A:D180 X:0004 Y:0002 S:012E D:1468 DB:86 NvMXdizc V:252 H:  6 F:56					Branch if SkelAction is positive
		81BD5C 22 BE 91 84 JSL $8491BE   [8491BE] A:D180 X:0004 Y:0002 S:012E D:1468 DB:86 NvMXdizc V:252 H:  9 F:56					JSL $8491BE --> Check colission with both axis

			8491BE 08          PHP                    A:D180 X:0004 Y:0002 S:012B D:1468 DB:86 NvMXdizc V:252 H: 22 F:56
			8491BF 0B          PHD                    A:D180 X:0004 Y:0002 S:012A D:1468 DB:86 NvMXdizc V:252 H: 27 F:56
			8491C0 C2 30       REP #$30               A:D180 X:0004 Y:0002 S:0128 D:1468 DB:86 NvMXdizc V:252 H: 34 F:56
			8491C2 A5 20       LDA $20       [001488] A:D180 X:0004 Y:0002 S:0128 D:1468 DB:86 Nvmxdizc V:252 H: 39 F:56
			8491C4 F0 15       BEQ $0015     [8491DB] A:C451 X:0004 Y:0002 S:0128 D:1468 DB:86 Nvmxdizc V:252 H: 47 F:56
			8491C6 7B          TDC                    A:C451 X:0004 Y:0002 S:0128 D:1468 DB:86 Nvmxdizc V:252 H: 50 F:56
			8491C7 AA          TAX                    A:1468 X:0004 Y:0002 S:0128 D:1468 DB:86 nvmxdizc V:252 H: 53 F:56
			8491C8 A9 00 00    LDA #$0000             A:1468 X:1468 Y:0002 S:0128 D:1468 DB:86 nvmxdizc V:252 H: 56 F:56
			8491CB 5B          TCD                    A:0000 X:1468 Y:0002 S:0128 D:1468 DB:86 nvmxdiZc V:252 H: 61 F:56
			8491CC 64 14       STZ $14       [000014] A:0000 X:1468 Y:0002 S:0128 D:0000 DB:86 nvmxdiZc V:252 H: 64 F:56
			8491CE B5 2B       LDA $2B,X     [001493] A:0000 X:1468 Y:0002 S:0128 D:0000 DB:86 nvmxdiZc V:252 H: 71 F:56
			8491D0 29 00 FF    AND #$FF00             A:0000 X:1468 Y:0002 S:0128 D:0000 DB:86 nvmxdiZc V:252 H: 79 F:56
			8491D3 95 2B       STA $2B,X     [001493] A:0000 X:1468 Y:0002 S:0128 D:0000 DB:86 nvmxdiZc V:252 H: 84 F:56
			8491D5 20 AC 92    JSR $92AC     [8492AC] A:0000 X:1468 Y:0002 S:0128 D:0000 DB:86 nvmxdiZc V:252 H: 92 F:56

				8492AC C2 30       REP #$30               A:0000 X:1468 Y:0002 S:0126 D:0000 DB:86 nvmxdiZc V:252 H:102 F:56
				8492AE B5 05       LDA $05,X     [00146D] A:0000 X:1468 Y:0002 S:0126 D:0000 DB:86 nvmxdiZc V:252 H:107 F:56
				8492B0 38          SEC                    A:1EA0 X:1468 Y:0002 S:0126 D:0000 DB:86 nvmxdizc V:252 H:115 F:56
				8492B1 F5 22       SBC $22,X     [00148A] A:1EA0 X:1468 Y:0002 S:0126 D:0000 DB:86 nvmxdizC V:252 H:118 F:56
				8492B3 85 00       STA $00       [000000] A:0000 X:1468 Y:0002 S:0126 D:0000 DB:86 nvmxdiZC V:252 H:127 F:56
				8492B5 E2 20       SEP #$20               A:0000 X:1468 Y:0002 S:0126 D:0000 DB:86 nvmxdiZC V:252 H:134 F:56
				8492B7 F0 4C       BEQ $004C     [849305] A:0000 X:1468 Y:0002 S:0126 D:0000 DB:86 nvMxdiZC V:252 H:148 F:56
				849305 C2 30       REP #$30               A:0000 X:1468 Y:0002 S:0126 D:0000 DB:86 nvMxdiZC V:252 H:153 F:56
				849307 60          RTS                    A:0000 X:1468 Y:0002 S:0126 D:0000 DB:86 nvmxdiZC V:252 H:157 F:56

			8491D8 20 ED 91    JSR $91ED     [8491ED] A:0000 X:1468 Y:0002 S:0128 D:0000 DB:86 nvmxdiZC V:252 H:167 F:56

				8491ED B5 08       LDA $08,X     [001470] A:0000 X:1468 Y:0002 S:0126 D:0000 DB:86 nvmxdiZC V:252 H:177 F:56
				8491EF D5 24       CMP $24,X     [00148C] A:019C X:1468 Y:0002 S:0126 D:0000 DB:86 nvmxdizC V:252 H:186 F:56
				8491F1 F0 F2       BEQ $00F2     [8491E5] A:019C X:1468 Y:0002 S:0126 D:0000 DB:86 nvmxdiZC V:252 H:194 F:56
				8491E5 B5 1C       LDA $1C,X     [001484] A:019C X:1468 Y:0002 S:0126 D:0000 DB:86 nvmxdiZC V:252 H:199 F:56
				8491E7 F0 F5       BEQ $00F5     [8491DE] A:0200 X:1468 Y:0002 S:0126 D:0000 DB:86 nvmxdizC V:252 H:207 F:56
				8491E9 10 0A       BPL $000A     [8491F5] A:0200 X:1468 Y:0002 S:0126 D:0000 DB:86 nvmxdizC V:252 H:210 F:56
				8491F5 E2 20       SEP #$20               A:0200 X:1468 Y:0002 S:0126 D:0000 DB:86 nvmxdizC V:252 H:215 F:56
				8491F7 B4 20       LDY $20,X     [001488] A:0200 X:1468 Y:0002 S:0126 D:0000 DB:86 nvMxdizC V:252 H:219 F:56
				8491F9 B9 06 00    LDA $0006,Y   [86C457] A:0200 X:1468 Y:C451 S:0126 D:0000 DB:86 NvMxdizC V:252 H:228 F:56
				8491FC 38          SEC                    A:0202 X:1468 Y:C451 S:0126 D:0000 DB:86 nvMxdizC V:252 H:235 F:56
				8491FD F9 08 00    SBC $0008,Y   [86C459] A:0202 X:1468 Y:C451 S:0126 D:0000 DB:86 nvMxdizC V:252 H:238 F:56
				849200 95 2A       STA $2A,X     [001492] A:02F2 X:1468 Y:C451 S:0126 D:0000 DB:86 NvMxdizc V:252 H:246 F:56
				849202 B9 05 00    LDA $0005,Y   [86C456] A:02F2 X:1468 Y:C451 S:0126 D:0000 DB:86 NvMxdizc V:252 H:252 F:56
				849205 34 11       BIT $11,X     [001479] A:0200 X:1468 Y:C451 S:0126 D:0000 DB:86 nvMxdiZc V:252 H:260 F:56
				849207 50 03       BVC $0003     [84920C] A:0200 X:1468 Y:C451 S:0126 D:0000 DB:86 nvMxdiZc V:252 H:266 F:56
				84920C 95 29       STA $29,X     [001491] A:0200 X:1468 Y:C451 S:0126 D:0000 DB:86 nvMxdiZc V:252 H:271 F:56
				84920E 20 73 94    JSR $9473     [849473] A:0200 X:1468 Y:C451 S:0126 D:0000 DB:86 nvMxdiZc V:252 H:277 F:56

					849473 A9 F7       LDA #$F7               A:0200 X:1468 Y:C451 S:0124 D:0000 DB:86 nvMxdiZc V:252 H:287 F:56
					849475 35 2B       AND $2B,X     [001493] A:02F7 X:1468 Y:C451 S:0124 D:0000 DB:86 NvMxdizc V:252 H:290 F:56
					849477 95 2B       STA $2B,X     [001493] A:0200 X:1468 Y:C451 S:0124 D:0000 DB:86 nvMxdiZc V:252 H:297 F:56
					849479 20 B3 90    JSR $90B3     [8490B3] A:0200 X:1468 Y:C451 S:0124 D:0000 DB:86 nvMxdiZc V:252 H:303 F:56

						8490B3 0B          PHD                    A:0200 X:1468 Y:C451 S:0122 D:0000 DB:86 nvMxdiZc V:252 H:313 F:56
						8490B4 DA          PHX                    A:0200 X:1468 Y:C451 S:0120 D:0000 DB:86 nvMxdiZc V:252 H:320 F:56
						8490B5 08          PHP                    A:0200 X:1468 Y:C451 S:011E D:0000 DB:86 nvMxdiZc V:252 H:327 F:56
						8490B6 E2 20       SEP #$20               A:0200 X:1468 Y:C451 S:011D D:0000 DB:86 nvMxdiZc V:252 H:331 F:56
						8490B8 C2 10       REP #$10               A:0200 X:1468 Y:C451 S:011D D:0000 DB:86 nvMxdiZc V:252 H:336 F:56
						8490BA 64 01       STZ $01       [000001] A:0200 X:1468 Y:C451 S:011D D:0000 DB:86 nvMxdiZc V:253 H:  0 F:56
						8490BC B5 29       LDA $29,X     [001491] A:0200 X:1468 Y:C451 S:011D D:0000 DB:86 nvMxdiZc V:253 H:  5 F:56
						8490BE 10 02       BPL $0002     [8490C2] A:0200 X:1468 Y:C451 S:011D D:0000 DB:86 nvMxdiZc V:253 H: 12 F:56
						8490C2 18          CLC                    A:0200 X:1468 Y:C451 S:011D D:0000 DB:86 nvMxdiZc V:253 H: 16 F:56
						8490C3 75 05       ADC $05,X     [00146D] A:0200 X:1468 Y:C451 S:011D D:0000 DB:86 nvMxdiZc V:253 H: 19 F:56
						8490C5 85 00       STA $00       [000000] A:02A0 X:1468 Y:C451 S:011D D:0000 DB:86 NvMxdizc V:253 H: 26 F:56
						8490C7 B5 06       LDA $06,X     [00146E] A:02A0 X:1468 Y:C451 S:011D D:0000 DB:86 NvMxdizc V:253 H: 31 F:56
						8490C9 65 01       ADC $01       [000001] A:021E X:1468 Y:C451 S:011D D:0000 DB:86 nvMxdizc V:253 H: 37 F:56
						8490CB 85 01       STA $01       [000001] A:021E X:1468 Y:C451 S:011D D:0000 DB:86 nvMxdizc V:253 H: 42 F:56
						8490CD 64 03       STZ $03       [000003] A:021E X:1468 Y:C451 S:011D D:0000 DB:86 nvMxdizc V:253 H: 47 F:56
						8490CF B5 2A       LDA $2A,X     [001492] A:021E X:1468 Y:C451 S:011D D:0000 DB:86 nvMxdizc V:253 H: 52 F:56
						8490D1 10 02       BPL $0002     [8490D5] A:02F2 X:1468 Y:C451 S:011D D:0000 DB:86 NvMxdizc V:253 H: 59 F:56
						8490D3 C6 03       DEC $03       [000003] A:02F2 X:1468 Y:C451 S:011D D:0000 DB:86 NvMxdizc V:253 H: 62 F:56
						8490D5 18          CLC                    A:02F2 X:1468 Y:C451 S:011D D:0000 DB:86 NvMxdizc V:253 H: 70 F:56
						8490D6 75 08       ADC $08,X     [001470] A:02F2 X:1468 Y:C451 S:011D D:0000 DB:86 NvMxdizc V:253 H: 73 F:56
						8490D8 85 02       STA $02       [000002] A:028E X:1468 Y:C451 S:011D D:0000 DB:86 NvMxdizC V:253 H: 80 F:56
						8490DA 29 F0       AND #$F0               A:028E X:1468 Y:C451 S:011D D:0000 DB:86 NvMxdizC V:253 H: 85 F:56
						8490DC 85 0A       STA $0A       [00000A] A:0280 X:1468 Y:C451 S:011D D:0000 DB:86 NvMxdizC V:253 H: 88 F:56
						8490DE B5 09       LDA $09,X     [001471] A:0280 X:1468 Y:C451 S:011D D:0000 DB:86 NvMxdizC V:253 H: 93 F:56
						8490E0 65 03       ADC $03       [000003] A:0201 X:1468 Y:C451 S:011D D:0000 DB:86 nvMxdizC V:253 H: 99 F:56
						8490E2 85 03       STA $03       [000003] A:0201 X:1468 Y:C451 S:011D D:0000 DB:86 nvMxdizC V:253 H:104 F:56
						8490E4 85 0B       STA $0B       [00000B] A:0201 X:1468 Y:C451 S:011D D:0000 DB:86 nvMxdizC V:253 H:109 F:56
						8490E6 A5 00       LDA $00       [000000] A:0201 X:1468 Y:C451 S:011D D:0000 DB:86 nvMxdizC V:253 H:114 F:56
						8490E8 29 0F       AND #$0F               A:02A0 X:1468 Y:C451 S:011D D:0000 DB:86 NvMxdizC V:253 H:119 F:56
						8490EA 1A          INC                    A:0200 X:1468 Y:C451 S:011D D:0000 DB:86 nvMxdiZC V:253 H:122 F:56
						8490EB 85 0C       STA $0C       [00000C] A:0201 X:1468 Y:C451 S:011D D:0000 DB:86 nvMxdizC V:253 H:125 F:56
						8490ED A5 02       LDA $02       [000002] A:0201 X:1468 Y:C451 S:011D D:0000 DB:86 nvMxdizC V:253 H:130 F:56
						8490EF 29 0F       AND #$0F               A:028E X:1468 Y:C451 S:011D D:0000 DB:86 NvMxdizC V:253 H:145 F:56
						8490F1 1A          INC                    A:020E X:1468 Y:C451 S:011D D:0000 DB:86 nvMxdizC V:253 H:148 F:56
						8490F2 85 0E       STA $0E       [00000E] A:020F X:1468 Y:C451 S:011D D:0000 DB:86 nvMxdizC V:253 H:151 F:56
						8490F4 C2 20       REP #$20               A:020F X:1468 Y:C451 S:011D D:0000 DB:86 nvMxdizC V:253 H:156 F:56
						8490F6 20 6A 91    JSR $916A     [84916A] A:020F X:1468 Y:C451 S:011D D:0000 DB:86 nvmxdizC V:253 H:161 F:56

							84916A A9 00 E8    LDA #$E800             A:020F X:1468 Y:C451 S:011B D:0000 DB:86 nvmxdizC V:253 H:171 F:56
							84916D 85 10       STA $10       [000010] A:E800 X:1468 Y:C451 S:011B D:0000 DB:86 NvmxdizC V:253 H:175 F:56
							84916F A9 7E 00    LDA #$007E             A:E800 X:1468 Y:C451 S:011B D:0000 DB:86 NvmxdizC V:253 H:182 F:56
							849172 85 12       STA $12       [000012] A:007E X:1468 Y:C451 S:011B D:0000 DB:86 nvmxdizC V:253 H:187 F:56
							849174 A5 02       LDA $02       [000002] A:007E X:1468 Y:C451 S:011B D:0000 DB:86 nvmxdizC V:253 H:194 F:56
							849176 29 F0 00    AND #$00F0             A:018E X:1468 Y:C451 S:011B D:0000 DB:86 nvmxdizC V:253 H:201 F:56
							849179 0A          ASL A                  A:0080 X:1468 Y:C451 S:011B D:0000 DB:86 nvmxdizC V:253 H:205 F:56
							84917A 85 04       STA $04       [000004] A:0100 X:1468 Y:C451 S:011B D:0000 DB:86 nvmxdizc V:253 H:208 F:56
							84917C A5 00       LDA $00       [000000] A:0100 X:1468 Y:C451 S:011B D:0000 DB:86 nvmxdizc V:253 H:215 F:56
							84917E 29 FF 00    AND #$00FF             A:1EA0 X:1468 Y:C451 S:011B D:0000 DB:86 nvmxdizc V:253 H:222 F:56
							849181 4A          LSR A                  A:00A0 X:1468 Y:C451 S:011B D:0000 DB:86 nvmxdizc V:253 H:227 F:56
							849182 4A          LSR A                  A:0050 X:1468 Y:C451 S:011B D:0000 DB:86 nvmxdizc V:253 H:230 F:56
							849183 4A          LSR A                  A:0028 X:1468 Y:C451 S:011B D:0000 DB:86 nvmxdizc V:253 H:233 F:56
							849184 29 FE FF    AND #$FFFE             A:0014 X:1468 Y:C451 S:011B D:0000 DB:86 nvmxdizc V:253 H:236 F:56
							849187 18          CLC                    A:0014 X:1468 Y:C451 S:011B D:0000 DB:86 nvmxdizc V:253 H:240 F:56
							849188 65 04       ADC $04       [000004] A:0014 X:1468 Y:C451 S:011B D:0000 DB:86 nvmxdizc V:253 H:243 F:56
							84918A 85 06       STA $06       [000006] A:0114 X:1468 Y:C451 S:011B D:0000 DB:86 nvmxdizc V:253 H:250 F:56
							84918C A5 00       LDA $00       [000000] A:0114 X:1468 Y:C451 S:011B D:0000 DB:86 nvmxdizc V:253 H:257 F:56
							84918E EB          XBA                    A:1EA0 X:1468 Y:C451 S:011B D:0000 DB:86 nvmxdizc V:253 H:264 F:56
							84918F 29 1F 00    AND #$001F             A:A01E X:1468 Y:C451 S:011B D:0000 DB:86 nvmxdizc V:253 H:269 F:56
							849192 85 04       STA $04       [000004] A:001E X:1468 Y:C451 S:011B D:0000 DB:86 nvmxdizc V:253 H:273 F:56
							849194 A5 02       LDA $02       [000002] A:001E X:1468 Y:C451 S:011B D:0000 DB:86 nvmxdizc V:253 H:280 F:56
							849196 29 00 1F    AND #$1F00             A:018E X:1468 Y:C451 S:011B D:0000 DB:86 nvmxdizc V:253 H:287 F:56
							849199 4A          LSR A                  A:0100 X:1468 Y:C451 S:011B D:0000 DB:86 nvmxdizc V:253 H:292 F:56
							84919A 4A          LSR A                  A:0080 X:1468 Y:C451 S:011B D:0000 DB:86 nvmxdizc V:253 H:295 F:56
							84919B 4A          LSR A                  A:0040 X:1468 Y:C451 S:011B D:0000 DB:86 nvmxdizc V:253 H:298 F:56
							84919C 18          CLC                    A:0020 X:1468 Y:C451 S:011B D:0000 DB:86 nvmxdizc V:253 H:301 F:56
							84919D 65 04       ADC $04       [000004] A:0020 X:1468 Y:C451 S:011B D:0000 DB:86 nvmxdizc V:253 H:304 F:56
							84919F A8          TAY                    A:003E X:1468 Y:C451 S:011B D:0000 DB:86 nvmxdizc V:253 H:311 F:56
							8491A0 B7 10       LDA [$10],Y   [7EE83E] A:003E X:1468 Y:003E S:011B D:0000 DB:86 nvmxdizc V:253 H:314 F:56
							8491A2 29 FF 00    AND #$00FF             A:0005 X:1468 Y:003E S:011B D:0000 DB:86 nvmxdizc V:253 H:326 F:56
							8491A5 A8          TAY                    A:0005 X:1468 Y:003E S:011B D:0000 DB:86 nvmxdizc V:253 H:330 F:56
							8491A6 EB          XBA                    A:0005 X:1468 Y:0005 S:011B D:0000 DB:86 nvmxdizc V:253 H:333 F:56
							8491A7 0A          ASL A                  A:0500 X:1468 Y:0005 S:011B D:0000 DB:86 nvmxdiZc V:253 H:338 F:56
							8491A8 18          CLC                    A:0A00 X:1468 Y:0005 S:011B D:0000 DB:86 nvmxdizc V:254 H:  1 F:56
							8491A9 65 06       ADC $06       [000006] A:0A00 X:1468 Y:0005 S:011B D:0000 DB:86 nvmxdizc V:254 H:  4 F:56
							8491AB AA          TAX                    A:0B14 X:1468 Y:0005 S:011B D:0000 DB:86 nvmxdizc V:254 H: 11 F:56
							8491AC 60          RTS                    A:0B14 X:0B14 Y:0005 S:011B D:0000 DB:86 nvmxdizc V:254 H: 14 F:56

						8490F9 BF 00 20 7E LDA $7E2000,X [7E2B14] A:0B14 X:0B14 Y:0005 S:011D D:0000 DB:86 nvmxdizc V:254 H: 24 F:56
						8490FD A8          TAY                    A:02A6 X:0B14 Y:0005 S:011D D:0000 DB:86 nvmxdizc V:254 H: 34 F:56
						8490FE AD 92 0B    LDA $0B92     [860B92] A:02A6 X:0B14 Y:02A6 S:011D D:0000 DB:86 nvmxdizc V:254 H: 37 F:56
						849101 85 10       STA $10       [000010] A:EDC3 X:0B14 Y:02A6 S:011D D:0000 DB:86 Nvmxdizc V:254 H: 45 F:56
						849103 AD 94 0B    LDA $0B94     [860B94] A:EDC3 X:0B14 Y:02A6 S:011D D:0000 DB:86 Nvmxdizc V:254 H: 52 F:56
						849106 85 12       STA $12       [000012] A:E095 X:0B14 Y:02A6 S:011D D:0000 DB:86 Nvmxdizc V:254 H: 61 F:56
						849108 B7 10       LDA [$10],Y   [95F069] A:E095 X:0B14 Y:02A6 S:011D D:0000 DB:86 Nvmxdizc V:254 H: 68 F:56
						84910A 29 FF 00    AND #$00FF             A:0000 X:0B14 Y:02A6 S:011D D:0000 DB:86 nvmxdiZc V:254 H: 80 F:56
						84910D 28          PLP                    A:0000 X:0B14 Y:02A6 S:011D D:0000 DB:86 nvmxdiZc V:254 H: 84 F:56
						84910E FA          PLX                    A:0000 X:0B14 Y:02A6 S:011E D:0000 DB:86 nvMxdiZc V:254 H: 91 F:56
						84910F 2B          PLD                    A:0000 X:1468 Y:02A6 S:0120 D:0000 DB:86 nvMxdizc V:254 H: 99 F:56
						849110 60          RTS                    A:0000 X:1468 Y:02A6 S:0122 D:0000 DB:86 nvMxdiZc V:254 H:108 F:56

					84947C B4 05       LDY $05,X     [00146D] A:0000 X:1468 Y:02A6 S:0124 D:0000 DB:86 nvMxdiZc V:254 H:118 F:56
					84947E 84 10       STY $10       [000010] A:0000 X:1468 Y:1EA0 S:0124 D:0000 DB:86 nvMxdizc V:254 H:126 F:56
					849480 B4 08       LDY $08,X     [001470] A:0000 X:1468 Y:1EA0 S:0124 D:0000 DB:86 nvMxdizc V:254 H:133 F:56
					849482 84 12       STY $12       [000012] A:0000 X:1468 Y:019C S:0124 D:0000 DB:86 nvMxdizc V:254 H:152 F:56
					849484 95 2E       STA $2E,X     [001496] A:0000 X:1468 Y:019C S:0124 D:0000 DB:86 nvMxdizc V:254 H:159 F:56
					849486 86 2C       STX $2C       [00002C] A:0000 X:1468 Y:019C S:0124 D:0000 DB:86 nvMxdizc V:254 H:165 F:56
					849488 29 3F       AND #$3F               A:0000 X:1468 Y:019C S:0124 D:0000 DB:86 nvMxdizc V:254 H:172 F:56
					84948A 0A          ASL A                  A:0000 X:1468 Y:019C S:0124 D:0000 DB:86 nvMxdiZc V:254 H:175 F:56
					84948B EB          XBA                    A:0000 X:1468 Y:019C S:0124 D:0000 DB:86 nvMxdiZc V:254 H:178 F:56
					84948C A9 00       LDA #$00               A:0000 X:1468 Y:019C S:0124 D:0000 DB:86 nvMxdiZc V:254 H:183 F:56
					84948E EB          XBA                    A:0000 X:1468 Y:019C S:0124 D:0000 DB:86 nvMxdiZc V:254 H:186 F:56
					84948F AA          TAX                    A:0000 X:1468 Y:019C S:0124 D:0000 DB:86 nvMxdiZc V:254 H:190 F:56
					849490 FC A9 94    JSR ($94A9,X) [8494A9] A:0000 X:0000 Y:019C S:0124 D:0000 DB:86 nvMxdiZc V:254 H:193 F:56

						849529 AD 1C 1F    LDA $1F1C     [861F1C] A:0000 X:0000 Y:019C S:0122 D:0000 DB:86 nvMxdiZc V:254 H:206 F:56
						84952C F0 11       BEQ $0011     [84953F] A:0000 X:0000 Y:019C S:0122 D:0000 DB:86 nvMxdiZc V:254 H:213 F:56
						84953F A9 00       LDA #$00               A:0000 X:0000 Y:019C S:0122 D:0000 DB:86 nvMxdiZc V:254 H:217 F:56
						849541 60          RTS                    A:0000 X:0000 Y:019C S:0122 D:0000 DB:86 nvMxdiZc V:254 H:220 F:56

					849493 F0 0E       BEQ $000E     [8494A3] A:0000 X:0000 Y:019C S:0124 D:0000 DB:86 nvMxdiZc V:254 H:230 F:56
					8494A3 A6 2C       LDX $2C       [00002C] A:0000 X:0000 Y:019C S:0124 D:0000 DB:86 nvMxdiZc V:254 H:235 F:56
					8494A5 20 08 93    JSR $9308     [849308] A:0000 X:1468 Y:019C S:0124 D:0000 DB:86 nvMxdizc V:254 H:242 F:56

						849308 A5 14       LDA $14       [000014] A:0000 X:1468 Y:019C S:0122 D:0000 DB:86 nvMxdizc V:254 H:252 F:56
						84930A F0 08       BEQ $0008     [849314] A:0000 X:1468 Y:019C S:0122 D:0000 DB:86 nvMxdiZc V:254 H:257 F:56
						849314 60          RTS                    A:0000 X:1468 Y:019C S:0122 D:0000 DB:86 nvMxdiZc V:254 H:261 F:56

					8494A8 60          RTS                    A:0000 X:1468 Y:019C S:0124 D:0000 DB:86 nvMxdiZc V:254 H:271 F:56

				849211 D0 2C       BNE $002C     [84923F] A:0000 X:1468 Y:019C S:0126 D:0000 DB:86 nvMxdiZc V:254 H:281 F:56
				849213 B4 20       LDY $20,X     [001488] A:0000 X:1468 Y:019C S:0126 D:0000 DB:86 nvMxdiZc V:254 H:284 F:56
				849215 B9 05 00    LDA $0005,Y   [86C456] A:0000 X:1468 Y:C451 S:0126 D:0000 DB:86 NvMxdizc V:254 H:293 F:56
				849218 34 11       BIT $11,X     [001479] A:0000 X:1468 Y:C451 S:0126 D:0000 DB:86 nvMxdiZc V:254 H:300 F:56
				84921A 50 03       BVC $0003     [84921F] A:0000 X:1468 Y:C451 S:0126 D:0000 DB:86 nvMxdiZc V:254 H:307 F:56
				84921F 38          SEC                    A:0000 X:1468 Y:C451 S:0126 D:0000 DB:86 nvMxdiZc V:254 H:311 F:56
				849220 F9 07 00    SBC $0007,Y   [86C458] A:0000 X:1468 Y:C451 S:0126 D:0000 DB:86 nvMxdiZC V:254 H:314 F:56
				849223 95 29       STA $29,X     [001491] A:00F8 X:1468 Y:C451 S:0126 D:0000 DB:86 NvMxdizc V:254 H:322 F:56
				849225 20 73 94    JSR $9473     [849473] A:00F8 X:1468 Y:C451 S:0126 D:0000 DB:86 NvMxdizc V:254 H:327 F:56

					849473 A9 F7       LDA #$F7               A:00F8 X:1468 Y:C451 S:0124 D:0000 DB:86 NvMxdizc V:254 H:337 F:56
					849475 35 2B       AND $2B,X     [001493] A:00F7 X:1468 Y:C451 S:0124 D:0000 DB:86 NvMxdizc V:255 H:  0 F:56
					849477 95 2B       STA $2B,X     [001493] A:0000 X:1468 Y:C451 S:0124 D:0000 DB:86 nvMxdiZc V:255 H:  7 F:56
					849479 20 B3 90    JSR $90B3     [8490B3] A:0000 X:1468 Y:C451 S:0124 D:0000 DB:86 nvMxdiZc V:255 H: 13 F:56

						8490B3 0B          PHD                    A:0000 X:1468 Y:C451 S:0122 D:0000 DB:86 nvMxdiZc V:255 H: 23 F:56
						8490B4 DA          PHX                    A:0000 X:1468 Y:C451 S:0120 D:0000 DB:86 nvMxdiZc V:255 H: 30 F:56
						8490B5 08          PHP                    A:0000 X:1468 Y:C451 S:011E D:0000 DB:86 nvMxdiZc V:255 H: 37 F:56
						8490B6 E2 20       SEP #$20               A:0000 X:1468 Y:C451 S:011D D:0000 DB:86 nvMxdiZc V:255 H: 42 F:56
						8490B8 C2 10       REP #$10               A:0000 X:1468 Y:C451 S:011D D:0000 DB:86 nvMxdiZc V:255 H: 47 F:56
						8490BA 64 01       STZ $01       [000001] A:0000 X:1468 Y:C451 S:011D D:0000 DB:86 nvMxdiZc V:255 H: 51 F:56
						8490BC B5 29       LDA $29,X     [001491] A:0000 X:1468 Y:C451 S:011D D:0000 DB:86 nvMxdiZc V:255 H: 56 F:56
						8490BE 10 02       BPL $0002     [8490C2] A:00F8 X:1468 Y:C451 S:011D D:0000 DB:86 NvMxdizc V:255 H: 63 F:56
						8490C0 C6 01       DEC $01       [000001] A:00F8 X:1468 Y:C451 S:011D D:0000 DB:86 NvMxdizc V:255 H: 66 F:56
						8490C2 18          CLC                    A:00F8 X:1468 Y:C451 S:011D D:0000 DB:86 NvMxdizc V:255 H: 74 F:56
						8490C3 75 05       ADC $05,X     [00146D] A:00F8 X:1468 Y:C451 S:011D D:0000 DB:86 NvMxdizc V:255 H: 77 F:56
						8490C5 85 00       STA $00       [000000] A:0098 X:1468 Y:C451 S:011D D:0000 DB:86 NvMxdizC V:255 H: 84 F:56
						8490C7 B5 06       LDA $06,X     [00146E] A:0098 X:1468 Y:C451 S:011D D:0000 DB:86 NvMxdizC V:255 H: 89 F:56
						8490C9 65 01       ADC $01       [000001] A:001E X:1468 Y:C451 S:011D D:0000 DB:86 nvMxdizC V:255 H: 95 F:56
						8490CB 85 01       STA $01       [000001] A:001E X:1468 Y:C451 S:011D D:0000 DB:86 nvMxdizC V:255 H:100 F:56
						8490CD 64 03       STZ $03       [000003] A:001E X:1468 Y:C451 S:011D D:0000 DB:86 nvMxdizC V:255 H:105 F:56
						8490CF B5 2A       LDA $2A,X     [001492] A:001E X:1468 Y:C451 S:011D D:0000 DB:86 nvMxdizC V:255 H:110 F:56
						8490D1 10 02       BPL $0002     [8490D5] A:00F2 X:1468 Y:C451 S:011D D:0000 DB:86 NvMxdizC V:255 H:117 F:56
						8490D3 C6 03       DEC $03       [000003] A:00F2 X:1468 Y:C451 S:011D D:0000 DB:86 NvMxdizC V:255 H:120 F:56
						8490D5 18          CLC                    A:00F2 X:1468 Y:C451 S:011D D:0000 DB:86 NvMxdizC V:255 H:128 F:56
						8490D6 75 08       ADC $08,X     [001470] A:00F2 X:1468 Y:C451 S:011D D:0000 DB:86 NvMxdizc V:255 H:131 F:56
						8490D8 85 02       STA $02       [000002] A:008E X:1468 Y:C451 S:011D D:0000 DB:86 NvMxdizC V:255 H:148 F:56
						8490DA 29 F0       AND #$F0               A:008E X:1468 Y:C451 S:011D D:0000 DB:86 NvMxdizC V:255 H:153 F:56
						8490DC 85 0A       STA $0A       [00000A] A:0080 X:1468 Y:C451 S:011D D:0000 DB:86 NvMxdizC V:255 H:156 F:56
						8490DE B5 09       LDA $09,X     [001471] A:0080 X:1468 Y:C451 S:011D D:0000 DB:86 NvMxdizC V:255 H:161 F:56
						8490E0 65 03       ADC $03       [000003] A:0001 X:1468 Y:C451 S:011D D:0000 DB:86 nvMxdizC V:255 H:167 F:56
						8490E2 85 03       STA $03       [000003] A:0001 X:1468 Y:C451 S:011D D:0000 DB:86 nvMxdizC V:255 H:172 F:56
						8490E4 85 0B       STA $0B       [00000B] A:0001 X:1468 Y:C451 S:011D D:0000 DB:86 nvMxdizC V:255 H:177 F:56
						8490E6 A5 00       LDA $00       [000000] A:0001 X:1468 Y:C451 S:011D D:0000 DB:86 nvMxdizC V:255 H:182 F:56
						8490E8 29 0F       AND #$0F               A:0098 X:1468 Y:C451 S:011D D:0000 DB:86 NvMxdizC V:255 H:187 F:56
						8490EA 1A          INC                    A:0008 X:1468 Y:C451 S:011D D:0000 DB:86 nvMxdizC V:255 H:190 F:56
						8490EB 85 0C       STA $0C       [00000C] A:0009 X:1468 Y:C451 S:011D D:0000 DB:86 nvMxdizC V:255 H:193 F:56
						8490ED A5 02       LDA $02       [000002] A:0009 X:1468 Y:C451 S:011D D:0000 DB:86 nvMxdizC V:255 H:198 F:56
						8490EF 29 0F       AND #$0F               A:008E X:1468 Y:C451 S:011D D:0000 DB:86 NvMxdizC V:255 H:203 F:56
						8490F1 1A          INC                    A:000E X:1468 Y:C451 S:011D D:0000 DB:86 nvMxdizC V:255 H:206 F:56
						8490F2 85 0E       STA $0E       [00000E] A:000F X:1468 Y:C451 S:011D D:0000 DB:86 nvMxdizC V:255 H:209 F:56
						8490F4 C2 20       REP #$20               A:000F X:1468 Y:C451 S:011D D:0000 DB:86 nvMxdizC V:255 H:214 F:56
						8490F6 20 6A 91    JSR $916A     [84916A] A:000F X:1468 Y:C451 S:011D D:0000 DB:86 nvmxdizC V:255 H:219 F:56

							84916A A9 00 E8    LDA #$E800             A:000F X:1468 Y:C451 S:011B D:0000 DB:86 nvmxdizC V:255 H:229 F:56
							84916D 85 10       STA $10       [000010] A:E800 X:1468 Y:C451 S:011B D:0000 DB:86 NvmxdizC V:255 H:233 F:56
							84916F A9 7E 00    LDA #$007E             A:E800 X:1468 Y:C451 S:011B D:0000 DB:86 NvmxdizC V:255 H:240 F:56
							849172 85 12       STA $12       [000012] A:007E X:1468 Y:C451 S:011B D:0000 DB:86 nvmxdizC V:255 H:245 F:56
							849174 A5 02       LDA $02       [000002] A:007E X:1468 Y:C451 S:011B D:0000 DB:86 nvmxdizC V:255 H:252 F:56
							849176 29 F0 00    AND #$00F0             A:018E X:1468 Y:C451 S:011B D:0000 DB:86 nvmxdizC V:255 H:259 F:56
							849179 0A          ASL A                  A:0080 X:1468 Y:C451 S:011B D:0000 DB:86 nvmxdizC V:255 H:263 F:56
							84917A 85 04       STA $04       [000004] A:0100 X:1468 Y:C451 S:011B D:0000 DB:86 nvmxdizc V:255 H:266 F:56
							84917C A5 00       LDA $00       [000000] A:0100 X:1468 Y:C451 S:011B D:0000 DB:86 nvmxdizc V:255 H:273 F:56
							84917E 29 FF 00    AND #$00FF             A:1E98 X:1468 Y:C451 S:011B D:0000 DB:86 nvmxdizc V:255 H:280 F:56
							849181 4A          LSR A                  A:0098 X:1468 Y:C451 S:011B D:0000 DB:86 nvmxdizc V:255 H:285 F:56
							849182 4A          LSR A                  A:004C X:1468 Y:C451 S:011B D:0000 DB:86 nvmxdizc V:255 H:288 F:56
							849183 4A          LSR A                  A:0026 X:1468 Y:C451 S:011B D:0000 DB:86 nvmxdizc V:255 H:291 F:56
							849184 29 FE FF    AND #$FFFE             A:0013 X:1468 Y:C451 S:011B D:0000 DB:86 nvmxdizc V:255 H:294 F:56
							849187 18          CLC                    A:0012 X:1468 Y:C451 S:011B D:0000 DB:86 nvmxdizc V:255 H:298 F:56
							849188 65 04       ADC $04       [000004] A:0012 X:1468 Y:C451 S:011B D:0000 DB:86 nvmxdizc V:255 H:301 F:56
							84918A 85 06       STA $06       [000006] A:0112 X:1468 Y:C451 S:011B D:0000 DB:86 nvmxdizc V:255 H:308 F:56
							84918C A5 00       LDA $00       [000000] A:0112 X:1468 Y:C451 S:011B D:0000 DB:86 nvmxdizc V:255 H:315 F:56
							84918E EB          XBA                    A:1E98 X:1468 Y:C451 S:011B D:0000 DB:86 nvmxdizc V:255 H:322 F:56
							84918F 29 1F 00    AND #$001F             A:981E X:1468 Y:C451 S:011B D:0000 DB:86 nvmxdizc V:255 H:326 F:56
							849192 85 04       STA $04       [000004] A:001E X:1468 Y:C451 S:011B D:0000 DB:86 nvmxdizc V:255 H:330 F:56
							849194 A5 02       LDA $02       [000002] A:001E X:1468 Y:C451 S:011B D:0000 DB:86 nvmxdizc V:255 H:337 F:56
							849196 29 00 1F    AND #$1F00             A:018E X:1468 Y:C451 S:011B D:0000 DB:86 nvmxdizc V:256 H:  4 F:56
							849199 4A          LSR A                  A:0100 X:1468 Y:C451 S:011B D:0000 DB:86 nvmxdizc V:256 H:  9 F:56
							84919A 4A          LSR A                  A:0080 X:1468 Y:C451 S:011B D:0000 DB:86 nvmxdizc V:256 H: 12 F:56
							84919B 4A          LSR A                  A:0040 X:1468 Y:C451 S:011B D:0000 DB:86 nvmxdizc V:256 H: 15 F:56
							84919C 18          CLC                    A:0020 X:1468 Y:C451 S:011B D:0000 DB:86 nvmxdizc V:256 H: 18 F:56
							84919D 65 04       ADC $04       [000004] A:0020 X:1468 Y:C451 S:011B D:0000 DB:86 nvmxdizc V:256 H: 21 F:56
							84919F A8          TAY                    A:003E X:1468 Y:C451 S:011B D:0000 DB:86 nvmxdizc V:256 H: 28 F:56
							8491A0 B7 10       LDA [$10],Y   [7EE83E] A:003E X:1468 Y:003E S:011B D:0000 DB:86 nvmxdizc V:256 H: 31 F:56
							8491A2 29 FF 00    AND #$00FF             A:0005 X:1468 Y:003E S:011B D:0000 DB:86 nvmxdizc V:256 H: 44 F:56
							8491A5 A8          TAY                    A:0005 X:1468 Y:003E S:011B D:0000 DB:86 nvmxdizc V:256 H: 48 F:56
							8491A6 EB          XBA                    A:0005 X:1468 Y:0005 S:011B D:0000 DB:86 nvmxdizc V:256 H: 51 F:56
							8491A7 0A          ASL A                  A:0500 X:1468 Y:0005 S:011B D:0000 DB:86 nvmxdiZc V:256 H: 56 F:56
							8491A8 18          CLC                    A:0A00 X:1468 Y:0005 S:011B D:0000 DB:86 nvmxdizc V:256 H: 59 F:56
							8491A9 65 06       ADC $06       [000006] A:0A00 X:1468 Y:0005 S:011B D:0000 DB:86 nvmxdizc V:256 H: 62 F:56
							8491AB AA          TAX                    A:0B12 X:1468 Y:0005 S:011B D:0000 DB:86 nvmxdizc V:256 H: 69 F:56
							8491AC 60          RTS                    A:0B12 X:0B12 Y:0005 S:011B D:0000 DB:86 nvmxdizc V:256 H: 72 F:56

						8490F9 BF 00 20 7E LDA $7E2000,X [7E2B12] A:0B12 X:0B12 Y:0005 S:011D D:0000 DB:86 nvmxdizc V:256 H: 82 F:56
						8490FD A8          TAY                    A:02AF X:0B12 Y:0005 S:011D D:0000 DB:86 nvmxdizc V:256 H: 92 F:56
						8490FE AD 92 0B    LDA $0B92     [860B92] A:02AF X:0B12 Y:02AF S:011D D:0000 DB:86 nvmxdizc V:256 H: 95 F:56
						849101 85 10       STA $10       [000010] A:EDC3 X:0B12 Y:02AF S:011D D:0000 DB:86 Nvmxdizc V:256 H:103 F:56
						849103 AD 94 0B    LDA $0B94     [860B94] A:EDC3 X:0B12 Y:02AF S:011D D:0000 DB:86 Nvmxdizc V:256 H:110 F:56
						849106 85 12       STA $12       [000012] A:E095 X:0B12 Y:02AF S:011D D:0000 DB:86 Nvmxdizc V:256 H:119 F:56
						849108 B7 10       LDA [$10],Y   [95F072] A:E095 X:0B12 Y:02AF S:011D D:0000 DB:86 Nvmxdizc V:256 H:126 F:56
						84910A 29 FF 00    AND #$00FF             A:0000 X:0B12 Y:02AF S:011D D:0000 DB:86 nvmxdiZc V:256 H:148 F:56
						84910D 28          PLP                    A:0000 X:0B12 Y:02AF S:011D D:0000 DB:86 nvmxdiZc V:256 H:152 F:56
						84910E FA          PLX                    A:0000 X:0B12 Y:02AF S:011E D:0000 DB:86 nvMxdiZc V:256 H:159 F:56
						84910F 2B          PLD                    A:0000 X:1468 Y:02AF S:0120 D:0000 DB:86 nvMxdizc V:256 H:167 F:56
						849110 60          RTS                    A:0000 X:1468 Y:02AF S:0122 D:0000 DB:86 nvMxdiZc V:256 H:176 F:56

					84947C B4 05       LDY $05,X     [00146D] A:0000 X:1468 Y:02AF S:0124 D:0000 DB:86 nvMxdiZc V:256 H:186 F:56
					84947E 84 10       STY $10       [000010] A:0000 X:1468 Y:1EA0 S:0124 D:0000 DB:86 nvMxdizc V:256 H:194 F:56
					849480 B4 08       LDY $08,X     [001470] A:0000 X:1468 Y:1EA0 S:0124 D:0000 DB:86 nvMxdizc V:256 H:201 F:56
					849482 84 12       STY $12       [000012] A:0000 X:1468 Y:019C S:0124 D:0000 DB:86 nvMxdizc V:256 H:210 F:56
					849484 95 2E       STA $2E,X     [001496] A:0000 X:1468 Y:019C S:0124 D:0000 DB:86 nvMxdizc V:256 H:217 F:56
					849486 86 2C       STX $2C       [00002C] A:0000 X:1468 Y:019C S:0124 D:0000 DB:86 nvMxdizc V:256 H:223 F:56
					849488 29 3F       AND #$3F               A:0000 X:1468 Y:019C S:0124 D:0000 DB:86 nvMxdizc V:256 H:230 F:56
					84948A 0A          ASL A                  A:0000 X:1468 Y:019C S:0124 D:0000 DB:86 nvMxdiZc V:256 H:233 F:56
					84948B EB          XBA                    A:0000 X:1468 Y:019C S:0124 D:0000 DB:86 nvMxdiZc V:256 H:236 F:56
					84948C A9 00       LDA #$00               A:0000 X:1468 Y:019C S:0124 D:0000 DB:86 nvMxdiZc V:256 H:241 F:56
					84948E EB          XBA                    A:0000 X:1468 Y:019C S:0124 D:0000 DB:86 nvMxdiZc V:256 H:244 F:56
					84948F AA          TAX                    A:0000 X:1468 Y:019C S:0124 D:0000 DB:86 nvMxdiZc V:256 H:248 F:56
					849490 FC A9 94    JSR ($94A9,X) [8494A9] A:0000 X:0000 Y:019C S:0124 D:0000 DB:86 nvMxdiZc V:256 H:251 F:56

						849529 AD 1C 1F    LDA $1F1C     [861F1C] A:0000 X:0000 Y:019C S:0122 D:0000 DB:86 nvMxdiZc V:256 H:264 F:56
						84952C F0 11       BEQ $0011     [84953F] A:0000 X:0000 Y:019C S:0122 D:0000 DB:86 nvMxdiZc V:256 H:271 F:56
						84953F A9 00       LDA #$00               A:0000 X:0000 Y:019C S:0122 D:0000 DB:86 nvMxdiZc V:256 H:275 F:56
						849541 60          RTS                    A:0000 X:0000 Y:019C S:0122 D:0000 DB:86 nvMxdiZc V:256 H:278 F:56

					849493 F0 0E       BEQ $000E     [8494A3] A:0000 X:0000 Y:019C S:0124 D:0000 DB:86 nvMxdiZc V:256 H:288 F:56
					8494A3 A6 2C       LDX $2C       [00002C] A:0000 X:0000 Y:019C S:0124 D:0000 DB:86 nvMxdiZc V:256 H:293 F:56
					8494A5 20 08 93    JSR $9308     [849308] A:0000 X:1468 Y:019C S:0124 D:0000 DB:86 nvMxdizc V:256 H:300 F:56

						849308 A5 14       LDA $14       [000014] A:0000 X:1468 Y:019C S:0122 D:0000 DB:86 nvMxdizc V:256 H:310 F:56
						84930A F0 08       BEQ $0008     [849314] A:0000 X:1468 Y:019C S:0122 D:0000 DB:86 nvMxdiZc V:256 H:315 F:56
						849314 60          RTS                    A:0000 X:1468 Y:019C S:0122 D:0000 DB:86 nvMxdiZc V:256 H:319 F:56

					8494A8 60          RTS                    A:0000 X:1468 Y:019C S:0124 D:0000 DB:86 nvMxdiZc V:256 H:328 F:56

				849228 D0 15       BNE $0015     [84923F] A:0000 X:1468 Y:019C S:0126 D:0000 DB:86 nvMxdiZc V:256 H:338 F:56
				84922A B4 20       LDY $20,X     [001488] A:0000 X:1468 Y:019C S:0126 D:0000 DB:86 nvMxdiZc V:257 H:  1 F:56
				84922C B9 05 00    LDA $0005,Y   [86C456] A:0000 X:1468 Y:C451 S:0126 D:0000 DB:86 NvMxdizc V:257 H: 10 F:56
				84922F 34 11       BIT $11,X     [001479] A:0000 X:1468 Y:C451 S:0126 D:0000 DB:86 nvMxdiZc V:257 H: 17 F:56
				849231 50 03       BVC $0003     [849236] A:0000 X:1468 Y:C451 S:0126 D:0000 DB:86 nvMxdiZc V:257 H: 24 F:56
				849236 18          CLC                    A:0000 X:1468 Y:C451 S:0126 D:0000 DB:86 nvMxdiZc V:257 H: 28 F:56
				849237 79 07 00    ADC $0007,Y   [86C458] A:0000 X:1468 Y:C451 S:0126 D:0000 DB:86 nvMxdiZc V:257 H: 31 F:56
				84923A 95 29       STA $29,X     [001491] A:0008 X:1468 Y:C451 S:0126 D:0000 DB:86 nvMxdizc V:257 H: 39 F:56
				84923C 20 73 94    JSR $9473     [849473] A:0008 X:1468 Y:C451 S:0126 D:0000 DB:86 nvMxdizc V:257 H: 45 F:56

					849473 A9 F7       LDA #$F7               A:0008 X:1468 Y:C451 S:0124 D:0000 DB:86 nvMxdizc V:257 H: 55 F:56
					849475 35 2B       AND $2B,X     [001493] A:00F7 X:1468 Y:C451 S:0124 D:0000 DB:86 NvMxdizc V:257 H: 58 F:56
					849477 95 2B       STA $2B,X     [001493] A:0000 X:1468 Y:C451 S:0124 D:0000 DB:86 nvMxdiZc V:257 H: 65 F:56
					849479 20 B3 90    JSR $90B3     [8490B3] A:0000 X:1468 Y:C451 S:0124 D:0000 DB:86 nvMxdiZc V:257 H: 71 F:56

						8490B3 0B          PHD                    A:0000 X:1468 Y:C451 S:0122 D:0000 DB:86 nvMxdiZc V:257 H: 81 F:56
						8490B4 DA          PHX                    A:0000 X:1468 Y:C451 S:0120 D:0000 DB:86 nvMxdiZc V:257 H: 88 F:56
						8490B5 08          PHP                    A:0000 X:1468 Y:C451 S:011E D:0000 DB:86 nvMxdiZc V:257 H: 95 F:56
						8490B6 E2 20       SEP #$20               A:0000 X:1468 Y:C451 S:011D D:0000 DB:86 nvMxdiZc V:257 H:100 F:56
						8490B8 C2 10       REP #$10               A:0000 X:1468 Y:C451 S:011D D:0000 DB:86 nvMxdiZc V:257 H:105 F:56
						8490BA 64 01       STZ $01       [000001] A:0000 X:1468 Y:C451 S:011D D:0000 DB:86 nvMxdiZc V:257 H:109 F:56
						8490BC B5 29       LDA $29,X     [001491] A:0000 X:1468 Y:C451 S:011D D:0000 DB:86 nvMxdiZc V:257 H:114 F:56
						8490BE 10 02       BPL $0002     [8490C2] A:0008 X:1468 Y:C451 S:011D D:0000 DB:86 nvMxdizc V:257 H:121 F:56
						8490C2 18          CLC                    A:0008 X:1468 Y:C451 S:011D D:0000 DB:86 nvMxdizc V:257 H:125 F:56
						8490C3 75 05       ADC $05,X     [00146D] A:0008 X:1468 Y:C451 S:011D D:0000 DB:86 nvMxdizc V:257 H:128 F:56
						8490C5 85 00       STA $00       [000000] A:00A8 X:1468 Y:C451 S:011D D:0000 DB:86 NvMxdizc V:257 H:145 F:56
						8490C7 B5 06       LDA $06,X     [00146E] A:00A8 X:1468 Y:C451 S:011D D:0000 DB:86 NvMxdizc V:257 H:150 F:56
						8490C9 65 01       ADC $01       [000001] A:001E X:1468 Y:C451 S:011D D:0000 DB:86 nvMxdizc V:257 H:156 F:56
						8490CB 85 01       STA $01       [000001] A:001E X:1468 Y:C451 S:011D D:0000 DB:86 nvMxdizc V:257 H:161 F:56
						8490CD 64 03       STZ $03       [000003] A:001E X:1468 Y:C451 S:011D D:0000 DB:86 nvMxdizc V:257 H:166 F:56
						8490CF B5 2A       LDA $2A,X     [001492] A:001E X:1468 Y:C451 S:011D D:0000 DB:86 nvMxdizc V:257 H:171 F:56
						8490D1 10 02       BPL $0002     [8490D5] A:00F2 X:1468 Y:C451 S:011D D:0000 DB:86 NvMxdizc V:257 H:178 F:56
						8490D3 C6 03       DEC $03       [000003] A:00F2 X:1468 Y:C451 S:011D D:0000 DB:86 NvMxdizc V:257 H:181 F:56
						8490D5 18          CLC                    A:00F2 X:1468 Y:C451 S:011D D:0000 DB:86 NvMxdizc V:257 H:189 F:56
						8490D6 75 08       ADC $08,X     [001470] A:00F2 X:1468 Y:C451 S:011D D:0000 DB:86 NvMxdizc V:257 H:192 F:56
						8490D8 85 02       STA $02       [000002] A:008E X:1468 Y:C451 S:011D D:0000 DB:86 NvMxdizC V:257 H:199 F:56
						8490DA 29 F0       AND #$F0               A:008E X:1468 Y:C451 S:011D D:0000 DB:86 NvMxdizC V:257 H:204 F:56
						8490DC 85 0A       STA $0A       [00000A] A:0080 X:1468 Y:C451 S:011D D:0000 DB:86 NvMxdizC V:257 H:207 F:56
						8490DE B5 09       LDA $09,X     [001471] A:0080 X:1468 Y:C451 S:011D D:0000 DB:86 NvMxdizC V:257 H:212 F:56
						8490E0 65 03       ADC $03       [000003] A:0001 X:1468 Y:C451 S:011D D:0000 DB:86 nvMxdizC V:257 H:218 F:56
						8490E2 85 03       STA $03       [000003] A:0001 X:1468 Y:C451 S:011D D:0000 DB:86 nvMxdizC V:257 H:223 F:56
						8490E4 85 0B       STA $0B       [00000B] A:0001 X:1468 Y:C451 S:011D D:0000 DB:86 nvMxdizC V:257 H:228 F:56
						8490E6 A5 00       LDA $00       [000000] A:0001 X:1468 Y:C451 S:011D D:0000 DB:86 nvMxdizC V:257 H:233 F:56
						8490E8 29 0F       AND #$0F               A:00A8 X:1468 Y:C451 S:011D D:0000 DB:86 NvMxdizC V:257 H:238 F:56
						8490EA 1A          INC                    A:0008 X:1468 Y:C451 S:011D D:0000 DB:86 nvMxdizC V:257 H:241 F:56
						8490EB 85 0C       STA $0C       [00000C] A:0009 X:1468 Y:C451 S:011D D:0000 DB:86 nvMxdizC V:257 H:244 F:56
						8490ED A5 02       LDA $02       [000002] A:0009 X:1468 Y:C451 S:011D D:0000 DB:86 nvMxdizC V:257 H:249 F:56
						8490EF 29 0F       AND #$0F               A:008E X:1468 Y:C451 S:011D D:0000 DB:86 NvMxdizC V:257 H:254 F:56
						8490F1 1A          INC                    A:000E X:1468 Y:C451 S:011D D:0000 DB:86 nvMxdizC V:257 H:257 F:56
						8490F2 85 0E       STA $0E       [00000E] A:000F X:1468 Y:C451 S:011D D:0000 DB:86 nvMxdizC V:257 H:260 F:56
						8490F4 C2 20       REP #$20               A:000F X:1468 Y:C451 S:011D D:0000 DB:86 nvMxdizC V:257 H:265 F:56
						8490F6 20 6A 91    JSR $916A     [84916A] A:000F X:1468 Y:C451 S:011D D:0000 DB:86 nvmxdizC V:257 H:270 F:56

							84916A A9 00 E8    LDA #$E800             A:000F X:1468 Y:C451 S:011B D:0000 DB:86 nvmxdizC V:257 H:280 F:56
							84916D 85 10       STA $10       [000010] A:E800 X:1468 Y:C451 S:011B D:0000 DB:86 NvmxdizC V:257 H:284 F:56
							84916F A9 7E 00    LDA #$007E             A:E800 X:1468 Y:C451 S:011B D:0000 DB:86 NvmxdizC V:257 H:291 F:56
							849172 85 12       STA $12       [000012] A:007E X:1468 Y:C451 S:011B D:0000 DB:86 nvmxdizC V:257 H:296 F:56
							849174 A5 02       LDA $02       [000002] A:007E X:1468 Y:C451 S:011B D:0000 DB:86 nvmxdizC V:257 H:303 F:56
							849176 29 F0 00    AND #$00F0             A:018E X:1468 Y:C451 S:011B D:0000 DB:86 nvmxdizC V:257 H:310 F:56
							849179 0A          ASL A                  A:0080 X:1468 Y:C451 S:011B D:0000 DB:86 nvmxdizC V:257 H:314 F:56
							84917A 85 04       STA $04       [000004] A:0100 X:1468 Y:C451 S:011B D:0000 DB:86 nvmxdizc V:257 H:317 F:56
							84917C A5 00       LDA $00       [000000] A:0100 X:1468 Y:C451 S:011B D:0000 DB:86 nvmxdizc V:257 H:324 F:56
							84917E 29 FF 00    AND #$00FF             A:1EA8 X:1468 Y:C451 S:011B D:0000 DB:86 nvmxdizc V:257 H:330 F:56
							849181 4A          LSR A                  A:00A8 X:1468 Y:C451 S:011B D:0000 DB:86 nvmxdizc V:257 H:335 F:56
							849182 4A          LSR A                  A:0054 X:1468 Y:C451 S:011B D:0000 DB:86 nvmxdizc V:257 H:338 F:56
							849183 4A          LSR A                  A:002A X:1468 Y:C451 S:011B D:0000 DB:86 nvmxdizc V:258 H:  1 F:56
							849184 29 FE FF    AND #$FFFE             A:0015 X:1468 Y:C451 S:011B D:0000 DB:86 nvmxdizc V:258 H:  4 F:56
							849187 18          CLC                    A:0014 X:1468 Y:C451 S:011B D:0000 DB:86 nvmxdizc V:258 H:  8 F:56
							849188 65 04       ADC $04       [000004] A:0014 X:1468 Y:C451 S:011B D:0000 DB:86 nvmxdizc V:258 H: 11 F:56
							84918A 85 06       STA $06       [000006] A:0114 X:1468 Y:C451 S:011B D:0000 DB:86 nvmxdizc V:258 H: 18 F:56
							84918C A5 00       LDA $00       [000000] A:0114 X:1468 Y:C451 S:011B D:0000 DB:86 nvmxdizc V:258 H: 25 F:56
							84918E EB          XBA                    A:1EA8 X:1468 Y:C451 S:011B D:0000 DB:86 nvmxdizc V:258 H: 32 F:56
							84918F 29 1F 00    AND #$001F             A:A81E X:1468 Y:C451 S:011B D:0000 DB:86 nvmxdizc V:258 H: 37 F:56
							849192 85 04       STA $04       [000004] A:001E X:1468 Y:C451 S:011B D:0000 DB:86 nvmxdizc V:258 H: 41 F:56
							849194 A5 02       LDA $02       [000002] A:001E X:1468 Y:C451 S:011B D:0000 DB:86 nvmxdizc V:258 H: 48 F:56
							849196 29 00 1F    AND #$1F00             A:018E X:1468 Y:C451 S:011B D:0000 DB:86 nvmxdizc V:258 H: 55 F:56
							849199 4A          LSR A                  A:0100 X:1468 Y:C451 S:011B D:0000 DB:86 nvmxdizc V:258 H: 60 F:56
							84919A 4A          LSR A                  A:0080 X:1468 Y:C451 S:011B D:0000 DB:86 nvmxdizc V:258 H: 63 F:56
							84919B 4A          LSR A                  A:0040 X:1468 Y:C451 S:011B D:0000 DB:86 nvmxdizc V:258 H: 66 F:56
							84919C 18          CLC                    A:0020 X:1468 Y:C451 S:011B D:0000 DB:86 nvmxdizc V:258 H: 69 F:56
							84919D 65 04       ADC $04       [000004] A:0020 X:1468 Y:C451 S:011B D:0000 DB:86 nvmxdizc V:258 H: 72 F:56
							84919F A8          TAY                    A:003E X:1468 Y:C451 S:011B D:0000 DB:86 nvmxdizc V:258 H: 79 F:56
							8491A0 B7 10       LDA [$10],Y   [7EE83E] A:003E X:1468 Y:003E S:011B D:0000 DB:86 nvmxdizc V:258 H: 82 F:56
							8491A2 29 FF 00    AND #$00FF             A:0005 X:1468 Y:003E S:011B D:0000 DB:86 nvmxdizc V:258 H: 95 F:56
							8491A5 A8          TAY                    A:0005 X:1468 Y:003E S:011B D:0000 DB:86 nvmxdizc V:258 H: 99 F:56
							8491A6 EB          XBA                    A:0005 X:1468 Y:0005 S:011B D:0000 DB:86 nvmxdizc V:258 H:102 F:56
							8491A7 0A          ASL A                  A:0500 X:1468 Y:0005 S:011B D:0000 DB:86 nvmxdiZc V:258 H:107 F:56
							8491A8 18          CLC                    A:0A00 X:1468 Y:0005 S:011B D:0000 DB:86 nvmxdizc V:258 H:110 F:56
							8491A9 65 06       ADC $06       [000006] A:0A00 X:1468 Y:0005 S:011B D:0000 DB:86 nvmxdizc V:258 H:113 F:56
							8491AB AA          TAX                    A:0B14 X:1468 Y:0005 S:011B D:0000 DB:86 nvmxdizc V:258 H:120 F:56
							8491AC 60          RTS                    A:0B14 X:0B14 Y:0005 S:011B D:0000 DB:86 nvmxdizc V:258 H:123 F:56

						8490F9 BF 00 20 7E LDA $7E2000,X [7E2B14] A:0B14 X:0B14 Y:0005 S:011D D:0000 DB:86 nvmxdizc V:258 H:133 F:56
						8490FD A8          TAY                    A:02A6 X:0B14 Y:0005 S:011D D:0000 DB:86 nvmxdizc V:258 H:153 F:56
						8490FE AD 92 0B    LDA $0B92     [860B92] A:02A6 X:0B14 Y:02A6 S:011D D:0000 DB:86 nvmxdizc V:258 H:156 F:56
						849101 85 10       STA $10       [000010] A:EDC3 X:0B14 Y:02A6 S:011D D:0000 DB:86 Nvmxdizc V:258 H:164 F:56
						849103 AD 94 0B    LDA $0B94     [860B94] A:EDC3 X:0B14 Y:02A6 S:011D D:0000 DB:86 Nvmxdizc V:258 H:171 F:56
						849106 85 12       STA $12       [000012] A:E095 X:0B14 Y:02A6 S:011D D:0000 DB:86 Nvmxdizc V:258 H:180 F:56
						849108 B7 10       LDA [$10],Y   [95F069] A:E095 X:0B14 Y:02A6 S:011D D:0000 DB:86 Nvmxdizc V:258 H:187 F:56
						84910A 29 FF 00    AND #$00FF             A:0000 X:0B14 Y:02A6 S:011D D:0000 DB:86 nvmxdiZc V:258 H:199 F:56
						84910D 28          PLP                    A:0000 X:0B14 Y:02A6 S:011D D:0000 DB:86 nvmxdiZc V:258 H:203 F:56
						84910E FA          PLX                    A:0000 X:0B14 Y:02A6 S:011E D:0000 DB:86 nvMxdiZc V:258 H:210 F:56
						84910F 2B          PLD                    A:0000 X:1468 Y:02A6 S:0120 D:0000 DB:86 nvMxdizc V:258 H:218 F:56
						849110 60          RTS                    A:0000 X:1468 Y:02A6 S:0122 D:0000 DB:86 nvMxdiZc V:258 H:227 F:56

					84947C B4 05       LDY $05,X     [00146D] A:0000 X:1468 Y:02A6 S:0124 D:0000 DB:86 nvMxdiZc V:258 H:237 F:56
					84947E 84 10       STY $10       [000010] A:0000 X:1468 Y:1EA0 S:0124 D:0000 DB:86 nvMxdizc V:258 H:245 F:56
					849480 B4 08       LDY $08,X     [001470] A:0000 X:1468 Y:1EA0 S:0124 D:0000 DB:86 nvMxdizc V:258 H:252 F:56
					849482 84 12       STY $12       [000012] A:0000 X:1468 Y:019C S:0124 D:0000 DB:86 nvMxdizc V:258 H:261 F:56
					849484 95 2E       STA $2E,X     [001496] A:0000 X:1468 Y:019C S:0124 D:0000 DB:86 nvMxdizc V:258 H:268 F:56
					849486 86 2C       STX $2C       [00002C] A:0000 X:1468 Y:019C S:0124 D:0000 DB:86 nvMxdizc V:258 H:274 F:56
					849488 29 3F       AND #$3F               A:0000 X:1468 Y:019C S:0124 D:0000 DB:86 nvMxdizc V:258 H:281 F:56
					84948A 0A          ASL A                  A:0000 X:1468 Y:019C S:0124 D:0000 DB:86 nvMxdiZc V:258 H:284 F:56
					84948B EB          XBA                    A:0000 X:1468 Y:019C S:0124 D:0000 DB:86 nvMxdiZc V:258 H:287 F:56
					84948C A9 00       LDA #$00               A:0000 X:1468 Y:019C S:0124 D:0000 DB:86 nvMxdiZc V:258 H:292 F:56
					84948E EB          XBA                    A:0000 X:1468 Y:019C S:0124 D:0000 DB:86 nvMxdiZc V:258 H:295 F:56
					84948F AA          TAX                    A:0000 X:1468 Y:019C S:0124 D:0000 DB:86 nvMxdiZc V:258 H:299 F:56
					849490 FC A9 94    JSR ($94A9,X) [8494A9] A:0000 X:0000 Y:019C S:0124 D:0000 DB:86 nvMxdiZc V:258 H:302 F:56

						849529 AD 1C 1F    LDA $1F1C     [861F1C] A:0000 X:0000 Y:019C S:0122 D:0000 DB:86 nvMxdiZc V:258 H:315 F:56
						84952C F0 11       BEQ $0011     [84953F] A:0000 X:0000 Y:019C S:0122 D:0000 DB:86 nvMxdiZc V:258 H:322 F:56
						84953F A9 00       LDA #$00               A:0000 X:0000 Y:019C S:0122 D:0000 DB:86 nvMxdiZc V:258 H:326 F:56
						849541 60          RTS                    A:0000 X:0000 Y:019C S:0122 D:0000 DB:86 nvMxdiZc V:258 H:328 F:56

					849493 F0 0E       BEQ $000E     [8494A3] A:0000 X:0000 Y:019C S:0124 D:0000 DB:86 nvMxdiZc V:258 H:338 F:56
					8494A3 A6 2C       LDX $2C       [00002C] A:0000 X:0000 Y:019C S:0124 D:0000 DB:86 nvMxdiZc V:259 H:  3 F:56
					8494A5 20 08 93    JSR $9308     [849308] A:0000 X:1468 Y:019C S:0124 D:0000 DB:86 nvMxdizc V:259 H: 10 F:56

						849308 A5 14       LDA $14       [000014] A:0000 X:1468 Y:019C S:0122 D:0000 DB:86 nvMxdizc V:259 H: 20 F:56
						84930A F0 08       BEQ $0008     [849314] A:0000 X:1468 Y:019C S:0122 D:0000 DB:86 nvMxdiZc V:259 H: 25 F:56
						849314 60          RTS                    A:0000 X:1468 Y:019C S:0122 D:0000 DB:86 nvMxdiZc V:259 H: 29 F:56

					8494A8 60          RTS                    A:0000 X:1468 Y:019C S:0124 D:0000 DB:86 nvMxdiZc V:259 H: 39 F:56

				84923F C2 30       REP #$30               A:0000 X:1468 Y:019C S:0126 D:0000 DB:86 nvMxdiZc V:259 H: 49 F:56
				849241 60          RTS                    A:0000 X:1468 Y:019C S:0126 D:0000 DB:86 nvmxdiZc V:259 H: 54 F:56

			8491DB 2B          PLD                    A:0000 X:1468 Y:019C S:0128 D:0000 DB:86 nvmxdiZc V:259 H: 64 F:56
			8491DC 28          PLP                    A:0000 X:1468 Y:019C S:012A D:1468 DB:86 nvmxdizc V:259 H: 72 F:56
			8491DD 6B          RTL                    A:0000 X:0068 Y:009C S:012B D:1468 DB:86 NvMXdizc V:259 H: 79 F:56

		81BD60 A5 2B       LDA $2B       [001493] A:0000 X:0068 Y:009C S:012E D:1468 DB:86 NvMXdizc V:259 H: 89 F:56					
		81BD62 F0 07       BEQ $0007     [81BD6B] A:0000 X:0068 Y:009C S:012E D:1468 DB:86 nvMXdiZc V:259 H: 96 F:56					Branch because Contact = #$00 (Not in the ground)
		81BD6B A9 06       LDA #$06               A:0000 X:0068 Y:009C S:012E D:1468 DB:86 nvMXdiZc V:259 H:100 F:56					ES-State = #$06
		81BD6D 85 01       STA $01       [001469] A:0006 X:0068 Y:009C S:012E D:1468 DB:86 nvMXdizc V:259 H:103 F:56					
		81BD6F C2 20       REP #$20               A:0006 X:0068 Y:009C S:012E D:1468 DB:86 nvMXdizc V:259 H:110 F:56					A:2B
		81BD71 64 1A       STZ $1A       [001482] A:0006 X:0068 Y:009C S:012E D:1468 DB:86 nvmXdizc V:259 H:114 F:56					ES-X-Vel = #$00
		81BD73 64 1C       STZ $1C       [001484] A:0006 X:0068 Y:009C S:012E D:1468 DB:86 nvmXdizc V:259 H:123 F:56					ES-Y-Vel = #$00
		81BD75 E2 20       SEP #$20               A:0006 X:0068 Y:009C S:012E D:1468 DB:86 nvmXdizc V:259 H:131 F:56					A:1B
		81BD77 A9 40       LDA #$40               A:0006 X:0068 Y:009C S:012E D:1468 DB:86 nvMXdizc V:259 H:146 F:56					ES-Y-Acc = #$40
		81BD79 85 1E       STA $1E       [001486] A:0040 X:0068 Y:009C S:012E D:1468 DB:86 nvMXdizc V:259 H:149 F:56					
		81BD7B A9 FF       LDA #$FF               A:0040 X:0068 Y:009C S:012E D:1468 DB:86 nvMXdizc V:259 H:155 F:56					ES-Air = #$FF (Air)
		81BD7D 85 2F       STA $2F       [001497] A:00FF X:0068 Y:009C S:012E D:1468 DB:86 NvMXdizc V:259 H:158 F:56					
		81BD7F 5C B4 80 82 JML $8280B4   [8280B4] A:00FF X:0068 Y:009C S:012E D:1468 DB:86 NvMXdizc V:259 H:165 F:56					

		8280B4 C2 20       REP #$20               A:00FF X:0068 Y:009C S:012E D:1468 DB:86 NvMXdizc V:259 H:171 F:56					Normal routine after action
		8280B6 38          SEC                    A:00FF X:0068 Y:009C S:012E D:1468 DB:86 NvmXdizc V:259 H:175 F:56
		8280B7 A5 05       LDA $05       [00146D] A:00FF X:0068 Y:009C S:012E D:1468 DB:86 NvmXdizC V:259 H:178 F:56
		8280B9 ED 4D 1E    SBC $1E4D     [861E4D] A:1EA0 X:0068 Y:009C S:012E D:1468 DB:86 nvmXdizC V:259 H:187 F:56
		8280BC 18          CLC                    A:00A0 X:0068 Y:009C S:012E D:1468 DB:86 nvmXdizC V:259 H:195 F:56
		8280BD 69 20 00    ADC #$0020             A:00A0 X:0068 Y:009C S:012E D:1468 DB:86 nvmXdizc V:259 H:198 F:56
		8280C0 C9 40 01    CMP #$0140             A:00C0 X:0068 Y:009C S:012E D:1468 DB:86 nvmXdizc V:259 H:203 F:56
		8280C3 B0 0F       BCS $000F     [8280D4] A:00C0 X:0068 Y:009C S:012E D:1468 DB:86 NvmXdizc V:259 H:207 F:56
		8280C5 38          SEC                    A:00C0 X:0068 Y:009C S:012E D:1468 DB:86 NvmXdizc V:259 H:210 F:56
		8280C6 A5 08       LDA $08       [001470] A:00C0 X:0068 Y:009C S:012E D:1468 DB:86 NvmXdizC V:259 H:213 F:56
		8280C8 ED 50 1E    SBC $1E50     [861E50] A:019C X:0068 Y:009C S:012E D:1468 DB:86 nvmXdizC V:259 H:222 F:56
		8280CB 18          CLC                    A:009C X:0068 Y:009C S:012E D:1468 DB:86 nvmXdizC V:259 H:230 F:56
		8280CC 69 10 00    ADC #$0010             A:009C X:0068 Y:009C S:012E D:1468 DB:86 nvmXdizc V:259 H:233 F:56
		8280CF C9 00 01    CMP #$0100             A:00AC X:0068 Y:009C S:012E D:1468 DB:86 nvmXdizc V:259 H:238 F:56
		8280D2 90 05       BCC $0005     [8280D9] A:00AC X:0068 Y:009C S:012E D:1468 DB:86 NvmXdizc V:259 H:242 F:56
		8280D9 E2 20       SEP #$20               A:00AC X:0068 Y:009C S:012E D:1468 DB:86 NvmXdizc V:259 H:247 F:56
		8280DB A9 81       LDA #$81               A:00AC X:0068 Y:009C S:012E D:1468 DB:86 NvMXdizc V:259 H:251 F:56
		8280DD 85 0E       STA $0E       [001476] A:0081 X:0068 Y:009C S:012E D:1468 DB:86 NvMXdizc V:259 H:254 F:56
		8280DF E2 30       SEP #$30               A:0081 X:0068 Y:009C S:012E D:1468 DB:86 NvMXdizc V:259 H:261 F:56
		8280E1 A6 12       LDX $12       [00147A] A:0081 X:0068 Y:009C S:012E D:1468 DB:86 NvMXdizc V:259 H:265 F:56
		8280E3 10 02       BPL $0002     [8280E7] A:0081 X:0000 Y:009C S:012E D:1468 DB:86 nvMXdiZc V:259 H:272 F:56
		8280E7 7C EA 80    JMP ($80EA,X) [8280EA] A:0081 X:0000 Y:009C S:012E D:1468 DB:86 nvMXdiZc V:259 H:276 F:56

		82810B AD E8 00    LDA $00E8     [8600E8] A:0081 X:0000 Y:009C S:012E D:1468 DB:86 nvMXdiZc V:259 H:285 F:56
		82810E C9 20       CMP #$20               A:0000 X:0000 Y:009C S:012E D:1468 DB:86 nvMXdiZc V:259 H:292 F:56
		828110 B0 0D       BCS $000D     [82811F] A:0000 X:0000 Y:009C S:012E D:1468 DB:86 NvMXdizc V:259 H:295 F:56
		828112 0A          ASL A                  A:0000 X:0000 Y:009C S:012E D:1468 DB:86 NvMXdizc V:259 H:298 F:56
		828113 AA          TAX                    A:0000 X:0000 Y:009C S:012E D:1468 DB:86 nvMXdiZc V:259 H:301 F:56
		828114 C2 20       REP #$20               A:0000 X:0000 Y:009C S:012E D:1468 DB:86 nvMXdiZc V:259 H:304 F:56
		828116 7B          TDC                    A:0000 X:0000 Y:009C S:012E D:1468 DB:86 nvmXdiZc V:259 H:308 F:56
		828117 9D 60 09    STA $0960,X   [860960] A:1468 X:0000 Y:009C S:012E D:1468 DB:86 nvmXdizc V:259 H:311 F:56
		82811A E2 20       SEP #$20               A:1468 X:0000 Y:009C S:012E D:1468 DB:86 nvmXdizc V:259 H:321 F:56
		82811C EE E8 00    INC $00E8     [8600E8] A:1468 X:0000 Y:009C S:012E D:1468 DB:86 nvMXdizc V:259 H:325 F:56
		82811F 6B          RTL                    A:1468 X:0000 Y:009C S:012E D:1468 DB:86 nvMXdizc V:259 H:335 F:56

	80F864 60          RTS                    A:1468 X:0000 Y:009C S:0131 D:1468 DB:86 nvMXdizc V:260 H:  5 F:56

80D49C C2 21       REP #$21               A:1468 X:0000 Y:009C S:0133 D:1468 DB:86 nvMXdizc V:260 H: 15 F:56
