80D499 20 D3 D4    JSR $D4D3     [80D4D3] A:1401 X:0002 Y:0002 S:0133 D:1468 DB:86 nvMXdizc V:245 H:194 F: 3

	80D4D3 C2 20       REP #$20               A:1401 X:0002 Y:0002 S:0131 D:1468 DB:86 nvMXdizc V:245 H:204 F: 3
	80D4D5 A5 05       LDA $05       [00146D] A:1401 X:0002 Y:0002 S:0131 D:1468 DB:86 nvmXdizc V:245 H:209 F: 3
	80D4D7 85 22       STA $22       [00148A] A:1EA0 X:0002 Y:0002 S:0131 D:1468 DB:86 nvmXdizc V:245 H:217 F: 3
	80D4D9 A5 08       LDA $08       [001470] A:1EA0 X:0002 Y:0002 S:0131 D:1468 DB:86 nvmXdizc V:245 H:226 F: 3
	80D4DB 85 24       STA $24       [00148C] A:019C X:0002 Y:0002 S:0131 D:1468 DB:86 nvmXdizc V:245 H:234 F: 3
	80D4DD E2 20       SEP #$20               A:019C X:0002 Y:0002 S:0131 D:1468 DB:86 nvmXdizc V:245 H:243 F: 3
	80D4DF A9 80       LDA #$80               A:019C X:0002 Y:0002 S:0131 D:1468 DB:86 nvMXdizc V:245 H:247 F: 3
	80D4E1 14 0E       TRB $0E       [001476] A:0180 X:0002 Y:0002 S:0131 D:1468 DB:86 NvMXdizc V:245 H:250 F: 3
	80D4E3 A5 0A       LDA $0A       [001472] A:0180 X:0002 Y:0002 S:0131 D:1468 DB:86 NvMXdizc V:245 H:260 F: 3
	80D4E5 0A          ASL A                  A:011A X:0002 Y:0002 S:0131 D:1468 DB:86 nvMXdizc V:245 H:267 F: 3
	80D4E6 AA          TAX                    A:0134 X:0002 Y:0002 S:0131 D:1468 DB:86 nvMXdizc V:245 H:270 F: 3
	80D4E7 7C 7D F7    JMP ($F77D,X) [80F7B1] A:0134 X:0034 Y:0002 S:0131 D:1468 DB:86 nvMXdizc V:245 H:273 F: 3

	80F860 22 85 BC 81 JSL $81BC85   [81BC85] A:0134 X:0034 Y:0002 S:0131 D:1468 DB:86 nvMXdizc V:245 H:282 F: 3

		81BC85 A0 27       LDY #$27               A:0134 X:0034 Y:0002 S:012E D:1468 DB:86 nvMXdizc V:245 H:295 F: 3
		81BC87 B1 0C       LDA ($0C),Y   [860E8F] A:0134 X:0034 Y:0027 S:012E D:1468 DB:86 nvMXdizc V:245 H:298 F: 3
		81BC89 29 7F       AND #$7F               A:0120 X:0034 Y:0027 S:012E D:1468 DB:86 nvMXdizc V:245 H:309 F: 3
		81BC8B D0 04       BNE $0004     [81BC91] A:0120 X:0034 Y:0027 S:012E D:1468 DB:86 nvMXdizc V:245 H:312 F: 3
		81BC91 A6 01       LDX $01       [001469] A:0120 X:0034 Y:0027 S:012E D:1468 DB:86 nvMXdizc V:245 H:316 F: 3
		81BC93 7C 96 BC    JMP ($BC96,X) [81BC9A] A:0120 X:0004 Y:0027 S:012E D:1468 DB:86 nvMXdizc V:245 H:323 F: 3		JMP ($81BC96,State) = ($81BC9A) = $81BD54

		81BD54 22 EA 8E 84 JSL $848EEA   [848EEA] A:0120 X:0004 Y:0027 S:012E D:1468 DB:86 nvMXdizc V:245 H:331 F: 3		JSL $848EEA --> Decrease CDSkel, Continue Skeleton

			848EEA 08          PHP                    A:0120 X:0004 Y:0027 S:012B D:1468 DB:86 nvMXdizc V:246 H:  4 F: 3
			848EEB 8B          PHB                    A:0120 X:0004 Y:0027 S:012A D:1468 DB:86 nvMXdizc V:246 H:  9 F: 3
			848EEC E2 30       SEP #$30               A:0120 X:0004 Y:0027 S:0129 D:1468 DB:86 nvMXdizc V:246 H: 14 F: 3
			848EEE C6 13       DEC $13       [00147B] A:0120 X:0004 Y:0027 S:0129 D:1468 DB:86 nvMXdizc V:246 H: 19 F: 3	Decrease Countdown
			848EF0 D0 5D       BNE $005D     [848F4F] A:0120 X:0004 Y:0027 S:0129 D:1468 DB:86 nvMXdizc V:246 H: 29 F: 3	Branch because Countdown <> #$00
			848F4F AB          PLB                    A:0120 X:0004 Y:0027 S:0129 D:1468 DB:86 nvMXdizc V:246 H: 33 F: 3
			848F50 28          PLP                    A:0120 X:0004 Y:0027 S:012A D:1468 DB:86 NvMXdizc V:246 H: 40 F: 3
			848F51 6B          RTL                    A:0120 X:0004 Y:0027 S:012B D:1468 DB:86 nvMXdizc V:246 H: 46 F: 3

		81BD58 A5 0F       LDA $0F       [001477] A:0120 X:0004 Y:0027 S:012E D:1468 DB:86 nvMXdizc V:246 H: 57 F: 3
		81BD5A 10 23       BPL $0023     [81BD7F] A:0100 X:0004 Y:0027 S:012E D:1468 DB:86 nvMXdiZc V:246 H: 63 F: 3		Branch because SkelAction is positive
		81BD7F 5C B4 80 82 JML $8280B4   [8280B4] A:0100 X:0004 Y:0027 S:012E D:1468 DB:86 nvMXdiZc V:246 H: 68 F: 3

		8280B4 C2 20       REP #$20               A:0100 X:0004 Y:0027 S:012E D:1468 DB:86 nvMXdiZc V:246 H: 74 F: 3		Normal routine after action
		8280B6 38          SEC                    A:0100 X:0004 Y:0027 S:012E D:1468 DB:86 nvmXdiZc V:246 H: 78 F: 3
		8280B7 A5 05       LDA $05       [00146D] A:0100 X:0004 Y:0027 S:012E D:1468 DB:86 nvmXdiZC V:246 H: 81 F: 3
		8280B9 ED 4D 1E    SBC $1E4D     [861E4D] A:1EA0 X:0004 Y:0027 S:012E D:1468 DB:86 nvmXdizC V:246 H: 90 F: 3
		8280BC 18          CLC                    A:00A0 X:0004 Y:0027 S:012E D:1468 DB:86 nvmXdizC V:246 H: 98 F: 3
		8280BD 69 20 00    ADC #$0020             A:00A0 X:0004 Y:0027 S:012E D:1468 DB:86 nvmXdizc V:246 H:101 F: 3
		8280C0 C9 40 01    CMP #$0140             A:00C0 X:0004 Y:0027 S:012E D:1468 DB:86 nvmXdizc V:246 H:106 F: 3
		8280C3 B0 0F       BCS $000F     [8280D4] A:00C0 X:0004 Y:0027 S:012E D:1468 DB:86 NvmXdizc V:246 H:110 F: 3
		8280C5 38          SEC                    A:00C0 X:0004 Y:0027 S:012E D:1468 DB:86 NvmXdizc V:246 H:113 F: 3
		8280C6 A5 08       LDA $08       [001470] A:00C0 X:0004 Y:0027 S:012E D:1468 DB:86 NvmXdizC V:246 H:116 F: 3
		8280C8 ED 50 1E    SBC $1E50     [861E50] A:019C X:0004 Y:0027 S:012E D:1468 DB:86 nvmXdizC V:246 H:125 F: 3
		8280CB 18          CLC                    A:009C X:0004 Y:0027 S:012E D:1468 DB:86 nvmXdizC V:246 H:133 F: 3
		8280CC 69 10 00    ADC #$0010             A:009C X:0004 Y:0027 S:012E D:1468 DB:86 nvmXdizc V:246 H:146 F: 3
		8280CF C9 00 01    CMP #$0100             A:00AC X:0004 Y:0027 S:012E D:1468 DB:86 nvmXdizc V:246 H:151 F: 3
		8280D2 90 05       BCC $0005     [8280D9] A:00AC X:0004 Y:0027 S:012E D:1468 DB:86 NvmXdizc V:246 H:155 F: 3
		8280D9 E2 20       SEP #$20               A:00AC X:0004 Y:0027 S:012E D:1468 DB:86 NvmXdizc V:246 H:160 F: 3
		8280DB A9 81       LDA #$81               A:00AC X:0004 Y:0027 S:012E D:1468 DB:86 NvMXdizc V:246 H:164 F: 3
		8280DD 85 0E       STA $0E       [001476] A:0081 X:0004 Y:0027 S:012E D:1468 DB:86 NvMXdizc V:246 H:167 F: 3
		8280DF E2 30       SEP #$30               A:0081 X:0004 Y:0027 S:012E D:1468 DB:86 NvMXdizc V:246 H:174 F: 3
		8280E1 A6 12       LDX $12       [00147A] A:0081 X:0004 Y:0027 S:012E D:1468 DB:86 NvMXdizc V:246 H:178 F: 3
		8280E3 10 02       BPL $0002     [8280E7] A:0081 X:0000 Y:0027 S:012E D:1468 DB:86 nvMXdiZc V:246 H:185 F: 3
		8280E7 7C EA 80    JMP ($80EA,X) [8280EA] A:0081 X:0000 Y:0027 S:012E D:1468 DB:86 nvMXdiZc V:246 H:189 F: 3

		82810B AD E8 00    LDA $00E8     [8600E8] A:0081 X:0000 Y:0027 S:012E D:1468 DB:86 nvMXdiZc V:246 H:198 F: 3
		82810E C9 20       CMP #$20               A:0000 X:0000 Y:0027 S:012E D:1468 DB:86 nvMXdiZc V:246 H:205 F: 3
		828110 B0 0D       BCS $000D     [82811F] A:0000 X:0000 Y:0027 S:012E D:1468 DB:86 NvMXdizc V:246 H:208 F: 3
		828112 0A          ASL A                  A:0000 X:0000 Y:0027 S:012E D:1468 DB:86 NvMXdizc V:246 H:211 F: 3
		828113 AA          TAX                    A:0000 X:0000 Y:0027 S:012E D:1468 DB:86 nvMXdiZc V:246 H:214 F: 3
		828114 C2 20       REP #$20               A:0000 X:0000 Y:0027 S:012E D:1468 DB:86 nvMXdiZc V:246 H:217 F: 3
		828116 7B          TDC                    A:0000 X:0000 Y:0027 S:012E D:1468 DB:86 nvmXdiZc V:246 H:221 F: 3
		828117 9D 60 09    STA $0960,X   [860960] A:1468 X:0000 Y:0027 S:012E D:1468 DB:86 nvmXdizc V:246 H:224 F: 3
		82811A E2 20       SEP #$20               A:1468 X:0000 Y:0027 S:012E D:1468 DB:86 nvmXdizc V:246 H:234 F: 3
		82811C EE E8 00    INC $00E8     [8600E8] A:1468 X:0000 Y:0027 S:012E D:1468 DB:86 nvMXdizc V:246 H:239 F: 3
		82811F 6B          RTL                    A:1468 X:0000 Y:0027 S:012E D:1468 DB:86 nvMXdizc V:246 H:249 F: 3

	80F864 60          RTS                    A:1468 X:0000 Y:0027 S:0131 D:1468 DB:86 nvMXdizc V:246 H:259 F: 3

80D49C C2 21       REP #$21               A:1468 X:0000 Y:0027 S:0133 D:1468 DB:86 nvMXdizc V:246 H:269 F: 3
