80D499 20 D3 D4    JSR $D4D3     [80D4D3] A:1401 X:0000 Y:0002 S:0133 D:1468 DB:86 nvMXdizc V:246 H: 67 F: 2

	80D4D3 C2 20       REP #$20               A:1401 X:0000 Y:0002 S:0131 D:1468 DB:86 nvMXdizc V:246 H: 77 F: 2
	80D4D5 A5 05       LDA $05       [00146D] A:1401 X:0000 Y:0002 S:0131 D:1468 DB:86 nvmXdizc V:246 H: 82 F: 2
	80D4D7 85 22       STA $22       [00148A] A:1EA0 X:0000 Y:0002 S:0131 D:1468 DB:86 nvmXdizc V:246 H: 90 F: 2
	80D4D9 A5 08       LDA $08       [001470] A:1EA0 X:0000 Y:0002 S:0131 D:1468 DB:86 nvmXdizc V:246 H: 99 F: 2
	80D4DB 85 24       STA $24       [00148C] A:019C X:0000 Y:0002 S:0131 D:1468 DB:86 nvmXdizc V:246 H:107 F: 2
	80D4DD E2 20       SEP #$20               A:019C X:0000 Y:0002 S:0131 D:1468 DB:86 nvmXdizc V:246 H:116 F: 2
	80D4DF A9 80       LDA #$80               A:019C X:0000 Y:0002 S:0131 D:1468 DB:86 nvMXdizc V:246 H:120 F: 2
	80D4E1 14 0E       TRB $0E       [001476] A:0180 X:0000 Y:0002 S:0131 D:1468 DB:86 NvMXdizc V:246 H:123 F: 2
	80D4E3 A5 0A       LDA $0A       [001472] A:0180 X:0000 Y:0002 S:0131 D:1468 DB:86 NvMXdiZc V:246 H:143 F: 2
	80D4E5 0A          ASL A                  A:011A X:0000 Y:0002 S:0131 D:1468 DB:86 nvMXdizc V:246 H:150 F: 2
	80D4E6 AA          TAX                    A:0134 X:0000 Y:0002 S:0131 D:1468 DB:86 nvMXdizc V:246 H:153 F: 2
	80D4E7 7C 7D F7    JMP ($F77D,X) [80F7B1] A:0134 X:0034 Y:0002 S:0131 D:1468 DB:86 nvMXdizc V:246 H:156 F: 2

	80F860 22 85 BC 81 JSL $81BC85   [81BC85] A:0134 X:0034 Y:0002 S:0131 D:1468 DB:86 nvMXdizc V:246 H:165 F: 2			Main Breath/Statue routine

		81BC85 A0 27       LDY #$27               A:0134 X:0034 Y:0002 S:012E D:1468 DB:86 nvMXdizc V:246 H:178 F: 2
		81BC87 B1 0C       LDA ($0C),Y   [860E8F] A:0134 X:0034 Y:0027 S:012E D:1468 DB:86 nvMXdizc V:246 H:181 F: 2		Load E-HP
		81BC89 29 7F       AND #$7F               A:0120 X:0034 Y:0027 S:012E D:1468 DB:86 nvMXdizc V:246 H:192 F: 2
		81BC8B D0 04       BNE $0004     [81BC91] A:0120 X:0034 Y:0027 S:012E D:1468 DB:86 nvMXdizc V:246 H:195 F: 2		Branch because (E-HP AND #$7F) <> #$00
		81BC91 A6 01       LDX $01       [001469] A:0120 X:0034 Y:0027 S:012E D:1468 DB:86 nvMXdizc V:246 H:199 F: 2
		81BC93 7C 96 BC    JMP ($BC96,X) [81BC96] A:0120 X:0000 Y:0027 S:012E D:1468 DB:86 nvMXdiZc V:246 H:206 F: 2		JMP ($81BC96,State) = ($81BC96) = $81BCA2

		81BCA2 A5 0B       LDA $0B       [001473] A:0120 X:0000 Y:0027 S:012E D:1468 DB:86 nvMXdiZc V:246 H:215 F: 2
		81BCA4 D0 3B       BNE $003B     [81BCE1] A:0101 X:0000 Y:0027 S:012E D:1468 DB:86 nvMXdizc V:246 H:221 F: 2		Branch because ES-SubID <> #$01
		81BCE1 AF 62 82 7F LDA $7F8262   [7F8262] A:0101 X:0000 Y:0027 S:012E D:1468 DB:86 nvMXdizc V:246 H:226 F: 2		ES-$18 = $7F8262
		81BCE5 85 18       STA $18       [001480] A:0140 X:0000 Y:0027 S:012E D:1468 DB:86 nvMXdizc V:246 H:234 F: 2		
		81BCE7 AF 62 83 7F LDA $7F8362   [7F8362] A:0140 X:0000 Y:0027 S:012E D:1468 DB:86 nvMXdizc V:246 H:240 F: 2		Add $7F8362 bits to ES-Status
		81BCEB 04 11       TSB $11       [001479] A:012A X:0000 Y:0027 S:012E D:1468 DB:86 nvMXdizc V:246 H:248 F: 2
		81BCED A9 68       LDA #$68               A:012A X:0000 Y:0027 S:012E D:1468 DB:86 nvMXdiZc V:246 H:258 F: 2		ES-CDBase = #$68
		81BCEF 85 16       STA $16       [00147E] A:0168 X:0000 Y:0027 S:012E D:1468 DB:86 nvMXdizc V:246 H:261 F: 2
		81BCF1 A9 00       LDA #$00               A:0168 X:0000 Y:0027 S:012E D:1468 DB:86 nvMXdizc V:246 H:268 F: 2
		81BCF3 22 07 8F 84 JSL $848F07   [848F07] A:0100 X:0000 Y:0027 S:012E D:1468 DB:86 nvMXdiZc V:246 H:271 F: 2		JSL $848F07 --> Skeleton Load (SkelPoint = #$67, b = A = #$0F)

			848F07 08          PHP                    A:0100 X:0000 Y:0027 S:012B D:1468 DB:86 nvMXdiZc V:246 H:284 F: 2
			848F08 8B          PHB                    A:0100 X:0000 Y:0027 S:012A D:1468 DB:86 nvMXdiZc V:246 H:289 F: 2
			848F09 C2 30       REP #$30               A:0100 X:0000 Y:0027 S:0129 D:1468 DB:86 nvMXdiZc V:246 H:294 F: 2
			848F0B 8D 0E 00    STA $000E     [86000E] A:0100 X:0000 Y:0027 S:0129 D:1468 DB:86 nvmxdiZc V:246 H:299 F: 2
			848F0E A5 16       LDA $16       [00147E] A:0100 X:0000 Y:0027 S:0129 D:1468 DB:86 nvmxdiZc V:246 H:307 F: 2
			848F10 29 FF 00    AND #$00FF             A:9B68 X:0000 Y:0027 S:0129 D:1468 DB:86 Nvmxdizc V:246 H:316 F: 2
			848F13 8D 0C 00    STA $000C     [86000C] A:0068 X:0000 Y:0027 S:0129 D:1468 DB:86 nvmxdizc V:246 H:320 F: 2
			848F16 0A          ASL A                  A:0068 X:0000 Y:0027 S:0129 D:1468 DB:86 nvmxdizc V:246 H:328 F: 2
			848F17 18          CLC                    A:00D0 X:0000 Y:0027 S:0129 D:1468 DB:86 nvmxdizc V:246 H:331 F: 2
			848F18 6D 0C 00    ADC $000C     [86000C] A:00D0 X:0000 Y:0027 S:0129 D:1468 DB:86 nvmxdizc V:246 H:334 F: 2
			848F1B AA          TAX                    A:0138 X:0000 Y:0027 S:0129 D:1468 DB:86 nvmxdizc V:247 H:  2 F: 2
			848F1C BF 00 A0 AF LDA $AFA000,X [AFA138] A:0138 X:0138 Y:0027 S:0129 D:1468 DB:86 nvmxdizc V:247 H:  5 F: 2
			848F20 85 14       STA $14       [00147C] A:D0FC X:0138 Y:0027 S:0129 D:1468 DB:86 Nvmxdizc V:247 H: 14 F: 2
			848F22 E2 20       SEP #$20               A:D0FC X:0138 Y:0027 S:0129 D:1468 DB:86 Nvmxdizc V:247 H: 23 F: 2
			848F24 BF 02 A0 AF LDA $AFA002,X [AFA13A] A:D0FC X:0138 Y:0027 S:0129 D:1468 DB:86 NvMxdizc V:247 H: 27 F: 2
			848F28 48          PHA                    A:D0AF X:0138 Y:0027 S:0129 D:1468 DB:86 NvMxdizc V:247 H: 35 F: 2
			848F29 AB          PLB                    A:D0AF X:0138 Y:0027 S:0128 D:1468 DB:86 NvMxdizc V:247 H: 40 F: 2
			848F2A C2 20       REP #$20               A:D0AF X:0138 Y:0027 S:0129 D:1468 DB:AF NvMxdizc V:247 H: 46 F: 2
			848F2C AD 0E 00    LDA $000E     [AF000E] A:D0AF X:0138 Y:0027 S:0129 D:1468 DB:AF Nvmxdizc V:247 H: 51 F: 2
			848F2F 29 FF 00    AND #$00FF             A:0100 X:0138 Y:0027 S:0129 D:1468 DB:AF nvmxdizc V:247 H: 59 F: 2
			848F32 0A          ASL A                  A:0000 X:0138 Y:0027 S:0129 D:1468 DB:AF nvmxdiZc V:247 H: 64 F: 2
			848F33 A8          TAY                    A:0000 X:0138 Y:0027 S:0129 D:1468 DB:AF nvmxdiZc V:247 H: 67 F: 2
			848F34 B1 14       LDA ($14),Y   [AFD0FC] A:0000 X:0138 Y:0000 S:0129 D:1468 DB:AF nvmxdiZc V:247 H: 70 F: 2
			848F36 65 14       ADC $14       [00147C] A:0004 X:0138 Y:0000 S:0129 D:1468 DB:AF nvmxdizc V:247 H: 83 F: 2
			848F38 85 14       STA $14       [00147C] A:D100 X:0138 Y:0000 S:0129 D:1468 DB:AF Nvmxdizc V:247 H: 91 F: 2
			848F3A E2 30       SEP #$30               A:D100 X:0138 Y:0000 S:0129 D:1468 DB:AF Nvmxdizc V:247 H:100 F: 2
			848F3C B2 14       LDA ($14)     [AFD100] A:D100 X:0038 Y:0000 S:0129 D:1468 DB:AF NvMXdizc V:247 H:104 F: 2	Skeleton start: [AFD100]
			848F3E 85 13       STA $13       [00147B] A:D112 X:0038 Y:0000 S:0129 D:1468 DB:AF nvMXdizc V:247 H:114 F: 2
			848F40 A0 01       LDY #$01               A:D112 X:0038 Y:0000 S:0129 D:1468 DB:AF nvMXdizc V:247 H:121 F: 2
			848F42 B1 14       LDA ($14),Y   [AFD101] A:D112 X:0038 Y:0001 S:0129 D:1468 DB:AF nvMXdizc V:247 H:124 F: 2
			848F44 85 0F       STA $0F       [001477] A:D100 X:0038 Y:0001 S:0129 D:1468 DB:AF nvMXdiZc V:247 H:134 F: 2
			848F46 C8          INY                    A:D100 X:0038 Y:0001 S:0129 D:1468 DB:AF nvMXdiZc V:247 H:150 F: 2
			848F47 B1 14       LDA ($14),Y   [AFD102] A:D100 X:0038 Y:0002 S:0129 D:1468 DB:AF nvMXdizc V:247 H:153 F: 2
			848F49 85 17       STA $17       [00147F] A:D100 X:0038 Y:0002 S:0129 D:1468 DB:AF nvMXdiZc V:247 H:163 F: 2
			848F4B A9 80       LDA #$80               A:D100 X:0038 Y:0002 S:0129 D:1468 DB:AF nvMXdiZc V:247 H:170 F: 2
			848F4D 04 17       TSB $17       [00147F] A:D180 X:0038 Y:0002 S:0129 D:1468 DB:AF NvMXdizc V:247 H:173 F: 2
			848F4F AB          PLB                    A:D180 X:0038 Y:0002 S:0129 D:1468 DB:AF NvMXdiZc V:247 H:183 F: 2
			848F50 28          PLP                    A:D180 X:0038 Y:0002 S:012A D:1468 DB:86 NvMXdizc V:247 H:189 F: 2
			848F51 6B          RTL                    A:D180 X:0038 Y:0002 S:012B D:1468 DB:86 nvMXdiZc V:247 H:196 F: 2

		81BCF7 C2 20       REP #$20               A:D180 X:0038 Y:0002 S:012E D:1468 DB:86 nvMXdiZc V:247 H:206 F: 2		A:2B
		81BCF9 A9 51 C4    LDA #$C451             A:D180 X:0038 Y:0002 S:012E D:1468 DB:86 nvmXdiZc V:247 H:211 F: 2		ES-$20 = #$C451
		81BCFC 85 20       STA $20       [001488] A:C451 X:0038 Y:0002 S:012E D:1468 DB:86 NvmXdizc V:247 H:215 F: 2		
		81BCFE E2 20       SEP #$20               A:C451 X:0038 Y:0002 S:012E D:1468 DB:86 NvmXdizc V:247 H:224 F: 2		A:1B
		81BD00 A9 04       LDA #$04               A:C451 X:0038 Y:0002 S:012E D:1468 DB:86 NvMXdizc V:247 H:228 F: 2		ES-State = #$04
		81BD02 85 01       STA $01       [001469] A:C404 X:0038 Y:0002 S:012E D:1468 DB:86 nvMXdizc V:247 H:231 F: 2		
		81BD04 A9 03       LDA #$03               A:C404 X:0038 Y:0002 S:012E D:1468 DB:86 nvMXdizc V:247 H:238 F: 2		ES-$28 = #$03
		81BD06 85 28       STA $28       [001490] A:C403 X:0038 Y:0002 S:012E D:1468 DB:86 nvMXdizc V:247 H:241 F: 2
		81BD08 A9 08       LDA #$08               A:C403 X:0038 Y:0002 S:012E D:1468 DB:86 nvMXdizc V:247 H:247 F: 2		ES-HP = #$08
		81BD0A 85 27       STA $27       [00148F] A:C408 X:0038 Y:0002 S:012E D:1468 DB:86 nvMXdizc V:247 H:250 F: 2
		81BD0C A9 04       LDA #$04               A:C408 X:0038 Y:0002 S:012E D:1468 DB:86 nvMXdizc V:247 H:257 F: 2		ES-$26 = #$04
		81BD0E 85 26       STA $26       [00148E] A:C404 X:0038 Y:0002 S:012E D:1468 DB:86 nvMXdizc V:247 H:260 F: 2
		81BD10 64 30       STZ $30       [001498] A:C404 X:0038 Y:0002 S:012E D:1468 DB:86 nvMXdizc V:247 H:266 F: 2		ES-$30 = #$00
		81BD12 5C B4 80 82 JML $8280B4   [8280B4] A:C404 X:0038 Y:0002 S:012E D:1468 DB:86 nvMXdizc V:247 H:273 F: 2

		8280B4 C2 20       REP #$20               A:C404 X:0038 Y:0002 S:012E D:1468 DB:86 nvMXdizc V:247 H:279 F: 2		Normal routine after action
		8280B6 38          SEC                    A:C404 X:0038 Y:0002 S:012E D:1468 DB:86 nvmXdizc V:247 H:283 F: 2
		8280B7 A5 05       LDA $05       [00146D] A:C404 X:0038 Y:0002 S:012E D:1468 DB:86 nvmXdizC V:247 H:286 F: 2
		8280B9 ED 4D 1E    SBC $1E4D     [861E4D] A:1EA0 X:0038 Y:0002 S:012E D:1468 DB:86 nvmXdizC V:247 H:295 F: 2
		8280BC 18          CLC                    A:00A0 X:0038 Y:0002 S:012E D:1468 DB:86 nvmXdizC V:247 H:303 F: 2
		8280BD 69 20 00    ADC #$0020             A:00A0 X:0038 Y:0002 S:012E D:1468 DB:86 nvmXdizc V:247 H:306 F: 2
		8280C0 C9 40 01    CMP #$0140             A:00C0 X:0038 Y:0002 S:012E D:1468 DB:86 nvmXdizc V:247 H:311 F: 2
		8280C3 B0 0F       BCS $000F     [8280D4] A:00C0 X:0038 Y:0002 S:012E D:1468 DB:86 NvmXdizc V:247 H:315 F: 2
		8280C5 38          SEC                    A:00C0 X:0038 Y:0002 S:012E D:1468 DB:86 NvmXdizc V:247 H:318 F: 2
		8280C6 A5 08       LDA $08       [001470] A:00C0 X:0038 Y:0002 S:012E D:1468 DB:86 NvmXdizC V:247 H:321 F: 2
		8280C8 ED 50 1E    SBC $1E50     [861E50] A:019C X:0038 Y:0002 S:012E D:1468 DB:86 nvmXdizC V:247 H:329 F: 2
		8280CB 18          CLC                    A:009C X:0038 Y:0002 S:012E D:1468 DB:86 nvmXdizC V:247 H:337 F: 2
		8280CC 69 10 00    ADC #$0010             A:009C X:0038 Y:0002 S:012E D:1468 DB:86 nvmXdizc V:248 H:  0 F: 2
		8280CF C9 00 01    CMP #$0100             A:00AC X:0038 Y:0002 S:012E D:1468 DB:86 nvmXdizc V:248 H:  5 F: 2
		8280D2 90 05       BCC $0005     [8280D9] A:00AC X:0038 Y:0002 S:012E D:1468 DB:86 NvmXdizc V:248 H:  9 F: 2
		8280D9 E2 20       SEP #$20               A:00AC X:0038 Y:0002 S:012E D:1468 DB:86 NvmXdizc V:248 H: 14 F: 2
		8280DB A9 81       LDA #$81               A:00AC X:0038 Y:0002 S:012E D:1468 DB:86 NvMXdizc V:248 H: 18 F: 2
		8280DD 85 0E       STA $0E       [001476] A:0081 X:0038 Y:0002 S:012E D:1468 DB:86 NvMXdizc V:248 H: 21 F: 2
		8280DF E2 30       SEP #$30               A:0081 X:0038 Y:0002 S:012E D:1468 DB:86 NvMXdizc V:248 H: 28 F: 2
		8280E1 A6 12       LDX $12       [00147A] A:0081 X:0038 Y:0002 S:012E D:1468 DB:86 NvMXdizc V:248 H: 32 F: 2
		8280E3 10 02       BPL $0002     [8280E7] A:0081 X:0000 Y:0002 S:012E D:1468 DB:86 nvMXdiZc V:248 H: 39 F: 2
		8280E7 7C EA 80    JMP ($80EA,X) [8280EA] A:0081 X:0000 Y:0002 S:012E D:1468 DB:86 nvMXdiZc V:248 H: 43 F: 2

		82810B AD E8 00    LDA $00E8     [8600E8] A:0081 X:0000 Y:0002 S:012E D:1468 DB:86 nvMXdiZc V:248 H: 52 F: 2
		82810E C9 20       CMP #$20               A:0000 X:0000 Y:0002 S:012E D:1468 DB:86 nvMXdiZc V:248 H: 59 F: 2
		828110 B0 0D       BCS $000D     [82811F] A:0000 X:0000 Y:0002 S:012E D:1468 DB:86 NvMXdizc V:248 H: 62 F: 2
		828112 0A          ASL A                  A:0000 X:0000 Y:0002 S:012E D:1468 DB:86 NvMXdizc V:248 H: 65 F: 2
		828113 AA          TAX                    A:0000 X:0000 Y:0002 S:012E D:1468 DB:86 nvMXdiZc V:248 H: 68 F: 2
		828114 C2 20       REP #$20               A:0000 X:0000 Y:0002 S:012E D:1468 DB:86 nvMXdiZc V:248 H: 71 F: 2
		828116 7B          TDC                    A:0000 X:0000 Y:0002 S:012E D:1468 DB:86 nvmXdiZc V:248 H: 75 F: 2
		828117 9D 60 09    STA $0960,X   [860960] A:1468 X:0000 Y:0002 S:012E D:1468 DB:86 nvmXdizc V:248 H: 78 F: 2
		82811A E2 20       SEP #$20               A:1468 X:0000 Y:0002 S:012E D:1468 DB:86 nvmXdizc V:248 H: 88 F: 2
		82811C EE E8 00    INC $00E8     [8600E8] A:1468 X:0000 Y:0002 S:012E D:1468 DB:86 nvMXdizc V:248 H: 93 F: 2
		82811F 6B          RTL                    A:1468 X:0000 Y:0002 S:012E D:1468 DB:86 nvMXdizc V:248 H:103 F: 2

	80F864 60          RTS                    A:1468 X:0000 Y:0002 S:0131 D:1468 DB:86 nvMXdizc V:248 H:113 F: 2

80D49C C2 21       REP #$21               A:1468 X:0000 Y:0002 S:0133 D:1468 DB:86 nvMXdizc V:248 H:123 F: 2
