80D499 20 D3 D4    JSR $D4D3     [80D4D3] A:1401 X:0000 Y:00CE S:0133 D:1468 DB:86 nvMXdizc V:244 H:  1 F:57

	80D4D3 C2 20       REP #$20               A:1401 X:0000 Y:00CE S:0131 D:1468 DB:86 nvMXdizc V:244 H: 11 F:57
	80D4D5 A5 05       LDA $05       [00146D] A:1401 X:0000 Y:00CE S:0131 D:1468 DB:86 nvmXdizc V:244 H: 15 F:57
	80D4D7 85 22       STA $22       [00148A] A:1EA0 X:0000 Y:00CE S:0131 D:1468 DB:86 nvmXdizc V:244 H: 24 F:57
	80D4D9 A5 08       LDA $08       [001470] A:1EA0 X:0000 Y:00CE S:0131 D:1468 DB:86 nvmXdizc V:244 H: 32 F:57
	80D4DB 85 24       STA $24       [00148C] A:019C X:0000 Y:00CE S:0131 D:1468 DB:86 nvmXdizc V:244 H: 41 F:57
	80D4DD E2 20       SEP #$20               A:019C X:0000 Y:00CE S:0131 D:1468 DB:86 nvmXdizc V:244 H: 49 F:57
	80D4DF A9 80       LDA #$80               A:019C X:0000 Y:00CE S:0131 D:1468 DB:86 nvMXdizc V:244 H: 54 F:57
	80D4E1 14 0E       TRB $0E       [001476] A:0180 X:0000 Y:00CE S:0131 D:1468 DB:86 NvMXdizc V:244 H: 57 F:57
	80D4E3 A5 0A       LDA $0A       [001472] A:0180 X:0000 Y:00CE S:0131 D:1468 DB:86 NvMXdizc V:244 H: 67 F:57
	80D4E5 0A          ASL A                  A:011A X:0000 Y:00CE S:0131 D:1468 DB:86 nvMXdizc V:244 H: 73 F:57
	80D4E6 AA          TAX                    A:0134 X:0000 Y:00CE S:0131 D:1468 DB:86 nvMXdizc V:244 H: 76 F:57
	80D4E7 7C 7D F7    JMP ($F77D,X) [80F7B1] A:0134 X:0034 Y:00CE S:0131 D:1468 DB:86 nvMXdizc V:244 H: 79 F:57

	80F860 22 85 BC 81 JSL $81BC85   [81BC85] A:0134 X:0034 Y:00CE S:0131 D:1468 DB:86 nvMXdizc V:244 H: 88 F:57

		81BC85 A0 27       LDY #$27               A:0134 X:0034 Y:00CE S:012E D:1468 DB:86 nvMXdizc V:244 H:102 F:57
		81BC87 B1 0C       LDA ($0C),Y   [860E8F] A:0134 X:0034 Y:0027 S:012E D:1468 DB:86 nvMXdizc V:244 H:105 F:57
		81BC89 29 7F       AND #$7F               A:0120 X:0034 Y:0027 S:012E D:1468 DB:86 nvMXdizc V:244 H:115 F:57
		81BC8B D0 04       BNE $0004     [81BC91] A:0120 X:0034 Y:0027 S:012E D:1468 DB:86 nvMXdizc V:244 H:118 F:57
		81BC91 A6 01       LDX $01       [001469] A:0120 X:0034 Y:0027 S:012E D:1468 DB:86 nvMXdizc V:244 H:123 F:57
		81BC93 7C 96 BC    JMP ($BC96,X) [81BC9C] A:0120 X:0006 Y:0027 S:012E D:1468 DB:86 nvMXdizc V:244 H:129 F:57

		81BD83 22 E8 81 82 JSL $8281E8   [8281E8] A:0120 X:0006 Y:0027 S:012E D:1468 DB:86 nvMXdizc V:244 H:148 F:57			JSL	$8281E8 --> Update Y-Vel, X-Pos, Y-Pos

			8281E8 08          PHP                    A:0120 X:0006 Y:0027 S:012B D:1468 DB:86 nvMXdizc V:244 H:162 F:57
			8281E9 C2 20       REP #$20               A:0120 X:0006 Y:0027 S:012A D:1468 DB:86 nvMXdizc V:244 H:167 F:57
			8281EB 38          SEC                    A:0120 X:0006 Y:0027 S:012A D:1468 DB:86 nvmXdizc V:244 H:171 F:57
			8281EC A5 1E       LDA $1E       [001486] A:0120 X:0006 Y:0027 S:012A D:1468 DB:86 nvmXdizC V:244 H:174 F:57
			8281EE 29 FF 00    AND #$00FF             A:0040 X:0006 Y:0027 S:012A D:1468 DB:86 nvmXdizC V:244 H:183 F:57
			8281F1 E5 1C       SBC $1C       [001484] A:0040 X:0006 Y:0027 S:012A D:1468 DB:86 nvmXdizC V:244 H:187 F:57
			8281F3 49 FF FF    EOR #$FFFF             A:0040 X:0006 Y:0027 S:012A D:1468 DB:86 nvmXdizC V:244 H:196 F:57
			8281F6 1A          INC                    A:FFBF X:0006 Y:0027 S:012A D:1468 DB:86 NvmXdizC V:244 H:200 F:57
			8281F7 85 1C       STA $1C       [001484] A:FFC0 X:0006 Y:0027 S:012A D:1468 DB:86 NvmXdizC V:244 H:203 F:57
			8281F9 80 10       BRA $0010     [82820B] A:FFC0 X:0006 Y:0027 S:012A D:1468 DB:86 NvmXdizC V:244 H:212 F:57
			82820B C2 21       REP #$21               A:FFC0 X:0006 Y:0027 S:012A D:1468 DB:86 NvmXdizC V:244 H:216 F:57
			82820D A5 04       LDA $04       [00146C] A:FFC0 X:0006 Y:0027 S:012A D:1468 DB:86 NvmXdizc V:244 H:221 F:57
			82820F 65 1A       ADC $1A       [001482] A:A000 X:0006 Y:0027 S:012A D:1468 DB:86 NvmXdizc V:244 H:229 F:57
			828211 85 04       STA $04       [00146C] A:A000 X:0006 Y:0027 S:012A D:1468 DB:86 NvmXdizc V:244 H:238 F:57
			828213 E2 20       SEP #$20               A:A000 X:0006 Y:0027 S:012A D:1468 DB:86 NvmXdizc V:244 H:246 F:57
			828215 A9 00       LDA #$00               A:A000 X:0006 Y:0027 S:012A D:1468 DB:86 NvMXdizc V:244 H:251 F:57
			828217 24 1B       BIT $1B       [001483] A:A000 X:0006 Y:0027 S:012A D:1468 DB:86 nvMXdiZc V:244 H:254 F:57
			828219 10 01       BPL $0001     [82821C] A:A000 X:0006 Y:0027 S:012A D:1468 DB:86 nvMXdiZc V:244 H:260 F:57
			82821C 65 06       ADC $06       [00146E] A:A000 X:0006 Y:0027 S:012A D:1468 DB:86 nvMXdiZc V:244 H:265 F:57
			82821E 85 06       STA $06       [00146E] A:A01E X:0006 Y:0027 S:012A D:1468 DB:86 nvMXdizc V:244 H:271 F:57
			828220 C2 20       REP #$20               A:A01E X:0006 Y:0027 S:012A D:1468 DB:86 nvMXdizc V:244 H:278 F:57
			828222 38          SEC                    A:A01E X:0006 Y:0027 S:012A D:1468 DB:86 nvmXdizc V:244 H:282 F:57
			828223 A5 07       LDA $07       [00146F] A:A01E X:0006 Y:0027 S:012A D:1468 DB:86 nvmXdizC V:244 H:285 F:57
			828225 E5 1C       SBC $1C       [001484] A:9C40 X:0006 Y:0027 S:012A D:1468 DB:86 NvmXdizC V:244 H:294 F:57
			828227 85 07       STA $07       [00146F] A:9C80 X:0006 Y:0027 S:012A D:1468 DB:86 NvmXdizc V:244 H:302 F:57
			828229 E2 20       SEP #$20               A:9C80 X:0006 Y:0027 S:012A D:1468 DB:86 NvmXdizc V:244 H:311 F:57
			82822B 9C 00 00    STZ $0000     [860000] A:9C80 X:0006 Y:0027 S:012A D:1468 DB:86 NvMXdizc V:244 H:315 F:57
			82822E 24 1D       BIT $1D       [001485] A:9C80 X:0006 Y:0027 S:012A D:1468 DB:86 NvMXdizc V:244 H:322 F:57
			828230 10 03       BPL $0003     [828235] A:9C80 X:0006 Y:0027 S:012A D:1468 DB:86 NVMXdizc V:244 H:327 F:57
			828232 CE 00 00    DEC $0000     [860000] A:9C80 X:0006 Y:0027 S:012A D:1468 DB:86 NVMXdizc V:244 H:330 F:57
			828235 A5 09       LDA $09       [001471] A:9C80 X:0006 Y:0027 S:012A D:1468 DB:86 NVMXdizc V:245 H:  0 F:57
			828237 ED 00 00    SBC $0000     [860000] A:9C01 X:0006 Y:0027 S:012A D:1468 DB:86 nVMXdizc V:245 H:  7 F:57
			82823A 85 09       STA $09       [001471] A:9C01 X:0006 Y:0027 S:012A D:1468 DB:86 nvMXdizc V:245 H: 13 F:57
			82823C 28          PLP                    A:9C01 X:0006 Y:0027 S:012A D:1468 DB:86 nvMXdizc V:245 H: 20 F:57
			82823D 6B          RTL                    A:9C01 X:0006 Y:0027 S:012B D:1468 DB:86 nvMXdizc V:245 H: 26 F:57

		81BD87 22 BE 91 84 JSL $8491BE   [8491BE] A:9C01 X:0006 Y:0027 S:012E D:1468 DB:86 nvMXdizc V:245 H: 37 F:57			JSL $8491BE --> Check for colissions and adjust position

			8491BE 08          PHP                    A:9C01 X:0006 Y:0027 S:012B D:1468 DB:86 nvMXdizc V:245 H: 50 F:57
			8491BF 0B          PHD                    A:9C01 X:0006 Y:0027 S:012A D:1468 DB:86 nvMXdizc V:245 H: 55 F:57
			8491C0 C2 30       REP #$30               A:9C01 X:0006 Y:0027 S:0128 D:1468 DB:86 nvMXdizc V:245 H: 62 F:57
			8491C2 A5 20       LDA $20       [001488] A:9C01 X:0006 Y:0027 S:0128 D:1468 DB:86 nvmxdizc V:245 H: 67 F:57
			8491C4 F0 15       BEQ $0015     [8491DB] A:C451 X:0006 Y:0027 S:0128 D:1468 DB:86 Nvmxdizc V:245 H: 75 F:57
			8491C6 7B          TDC                    A:C451 X:0006 Y:0027 S:0128 D:1468 DB:86 Nvmxdizc V:245 H: 78 F:57
			8491C7 AA          TAX                    A:1468 X:0006 Y:0027 S:0128 D:1468 DB:86 nvmxdizc V:245 H: 81 F:57
			8491C8 A9 00 00    LDA #$0000             A:1468 X:1468 Y:0027 S:0128 D:1468 DB:86 nvmxdizc V:245 H: 84 F:57
			8491CB 5B          TCD                    A:0000 X:1468 Y:0027 S:0128 D:1468 DB:86 nvmxdiZc V:245 H: 89 F:57
			8491CC 64 14       STZ $14       [000014] A:0000 X:1468 Y:0027 S:0128 D:0000 DB:86 nvmxdiZc V:245 H: 92 F:57
			8491CE B5 2B       LDA $2B,X     [001493] A:0000 X:1468 Y:0027 S:0128 D:0000 DB:86 nvmxdiZc V:245 H: 99 F:57
			8491D0 29 00 FF    AND #$FF00             A:0000 X:1468 Y:0027 S:0128 D:0000 DB:86 nvmxdiZc V:245 H:107 F:57
			8491D3 95 2B       STA $2B,X     [001493] A:0000 X:1468 Y:0027 S:0128 D:0000 DB:86 nvmxdiZc V:245 H:112 F:57
			8491D5 20 AC 92    JSR $92AC     [8492AC] A:0000 X:1468 Y:0027 S:0128 D:0000 DB:86 nvmxdiZc V:245 H:120 F:57

				8492AC C2 30       REP #$30               A:0000 X:1468 Y:0027 S:0126 D:0000 DB:86 nvmxdiZc V:245 H:130 F:57
				8492AE B5 05       LDA $05,X     [00146D] A:0000 X:1468 Y:0027 S:0126 D:0000 DB:86 nvmxdiZc V:245 H:145 F:57
				8492B0 38          SEC                    A:1EA0 X:1468 Y:0027 S:0126 D:0000 DB:86 nvmxdizc V:245 H:153 F:57
				8492B1 F5 22       SBC $22,X     [00148A] A:1EA0 X:1468 Y:0027 S:0126 D:0000 DB:86 nvmxdizC V:245 H:156 F:57
				8492B3 85 00       STA $00       [000000] A:0000 X:1468 Y:0027 S:0126 D:0000 DB:86 nvmxdiZC V:245 H:165 F:57
				8492B5 E2 20       SEP #$20               A:0000 X:1468 Y:0027 S:0126 D:0000 DB:86 nvmxdiZC V:245 H:172 F:57
				8492B7 F0 4C       BEQ $004C     [849305] A:0000 X:1468 Y:0027 S:0126 D:0000 DB:86 nvMxdiZC V:245 H:176 F:57
				849305 C2 30       REP #$30               A:0000 X:1468 Y:0027 S:0126 D:0000 DB:86 nvMxdiZC V:245 H:181 F:57
				849307 60          RTS                    A:0000 X:1468 Y:0027 S:0126 D:0000 DB:86 nvmxdiZC V:245 H:185 F:57

			8491D8 20 ED 91    JSR $91ED     [8491ED] A:0000 X:1468 Y:0027 S:0128 D:0000 DB:86 nvmxdiZC V:245 H:195 F:57

				8491ED B5 08       LDA $08,X     [001470] A:0000 X:1468 Y:0027 S:0126 D:0000 DB:86 nvmxdiZC V:245 H:205 F:57
				8491EF D5 24       CMP $24,X     [00148C] A:019C X:1468 Y:0027 S:0126 D:0000 DB:86 nvmxdizC V:245 H:214 F:57
				8491F1 F0 F2       BEQ $00F2     [8491E5] A:019C X:1468 Y:0027 S:0126 D:0000 DB:86 nvmxdiZC V:245 H:222 F:57
				8491E5 B5 1C       LDA $1C,X     [001484] A:019C X:1468 Y:0027 S:0126 D:0000 DB:86 nvmxdiZC V:245 H:227 F:57
				8491E7 F0 F5       BEQ $00F5     [8491DE] A:FFC0 X:1468 Y:0027 S:0126 D:0000 DB:86 NvmxdizC V:245 H:235 F:57
				8491E9 10 0A       BPL $000A     [8491F5] A:FFC0 X:1468 Y:0027 S:0126 D:0000 DB:86 NvmxdizC V:245 H:238 F:57
				8491EB 80 55       BRA $0055     [849242] A:FFC0 X:1468 Y:0027 S:0126 D:0000 DB:86 NvmxdizC V:245 H:241 F:57
				849242 E2 20       SEP #$20               A:FFC0 X:1468 Y:0027 S:0126 D:0000 DB:86 NvmxdizC V:245 H:246 F:57
				849244 A0 04 00    LDY #$0004             A:FFC0 X:1468 Y:0027 S:0126 D:0000 DB:86 NvMxdizC V:245 H:250 F:57
				849247 AD 1C 1F    LDA $1F1C     [861F1C] A:FFC0 X:1468 Y:0004 S:0126 D:0000 DB:86 nvMxdizC V:245 H:255 F:57
				84924A F0 03       BEQ $0003     [84924F] A:FF00 X:1468 Y:0004 S:0126 D:0000 DB:86 nvMxdiZC V:245 H:261 F:57
				84924F B5 2F       LDA $2F,X     [001497] A:FF00 X:1468 Y:0004 S:0126 D:0000 DB:86 nvMxdiZC V:245 H:266 F:57
				849251 F0 03       BEQ $0003     [849256] A:FFFF X:1468 Y:0004 S:0126 D:0000 DB:86 NvMxdizC V:245 H:272 F:57
				849253 A0 00 00    LDY #$0000             A:FFFF X:1468 Y:0004 S:0126 D:0000 DB:86 NvMxdizC V:245 H:275 F:57
				849256 98          TYA                    A:FFFF X:1468 Y:0000 S:0126 D:0000 DB:86 nvMxdiZC V:245 H:280 F:57
				849257 09 80       ORA #$80               A:FF00 X:1468 Y:0000 S:0126 D:0000 DB:86 nvMxdiZC V:245 H:283 F:57
				849259 85 08       STA $08       [000008] A:FF80 X:1468 Y:0000 S:0126 D:0000 DB:86 NvMxdizC V:245 H:286 F:57
				84925B B4 20       LDY $20,X     [001488] A:FF80 X:1468 Y:0000 S:0126 D:0000 DB:86 NvMxdizC V:245 H:291 F:57
				84925D B9 06 00    LDA $0006,Y   [86C457] A:FF80 X:1468 Y:C451 S:0126 D:0000 DB:86 NvMxdizC V:245 H:299 F:57
				849260 18          CLC                    A:FF02 X:1468 Y:C451 S:0126 D:0000 DB:86 nvMxdizC V:245 H:307 F:57
				849261 79 08 00    ADC $0008,Y   [86C459] A:FF02 X:1468 Y:C451 S:0126 D:0000 DB:86 nvMxdizc V:245 H:310 F:57
				849264 95 2A       STA $2A,X     [001492] A:FF12 X:1468 Y:C451 S:0126 D:0000 DB:86 nvMxdizc V:245 H:317 F:57
				849266 B9 05 00    LDA $0005,Y   [86C456] A:FF12 X:1468 Y:C451 S:0126 D:0000 DB:86 nvMxdizc V:245 H:323 F:57
				849269 34 11       BIT $11,X     [001479] A:FF00 X:1468 Y:C451 S:0126 D:0000 DB:86 nvMxdiZc V:245 H:330 F:57
				84926B 50 03       BVC $0003     [849270] A:FF00 X:1468 Y:C451 S:0126 D:0000 DB:86 nvMxdiZc V:245 H:337 F:57
				849270 95 29       STA $29,X     [001491] A:FF00 X:1468 Y:C451 S:0126 D:0000 DB:86 nvMxdiZc V:246 H:  1 F:57
				849272 20 C4 95    JSR $95C4     [8495C4] A:FF00 X:1468 Y:C451 S:0126 D:0000 DB:86 nvMxdiZc V:246 H:  8 F:57

					8495C4 B5 2A       LDA $2A,X     [001492] A:FF00 X:1468 Y:C451 S:0124 D:0000 DB:86 nvMxdiZc V:246 H: 18 F:57
					8495C6 48          PHA                    A:FF12 X:1468 Y:C451 S:0124 D:0000 DB:86 nvMxdizc V:246 H: 24 F:57
					8495C7 A5 08       LDA $08       [000008] A:FF12 X:1468 Y:C451 S:0123 D:0000 DB:86 nvMxdizc V:246 H: 29 F:57
					8495C9 29 7F       AND #$7F               A:FF80 X:1468 Y:C451 S:0123 D:0000 DB:86 NvMxdizc V:246 H: 34 F:57
					8495CB 18          CLC                    A:FF00 X:1468 Y:C451 S:0123 D:0000 DB:86 nvMxdiZc V:246 H: 37 F:57
					8495CC 75 2A       ADC $2A,X     [001492] A:FF00 X:1468 Y:C451 S:0123 D:0000 DB:86 nvMxdiZc V:246 H: 40 F:57
					8495CE 95 2A       STA $2A,X     [001492] A:FF12 X:1468 Y:C451 S:0123 D:0000 DB:86 nvMxdizc V:246 H: 47 F:57
					8495D0 20 B3 90    JSR $90B3     [8490B3] A:FF12 X:1468 Y:C451 S:0123 D:0000 DB:86 nvMxdizc V:246 H: 53 F:57

						8490B3 0B          PHD                    A:FF12 X:1468 Y:C451 S:0121 D:0000 DB:86 nvMxdizc V:246 H: 63 F:57
						8490B4 DA          PHX                    A:FF12 X:1468 Y:C451 S:011F D:0000 DB:86 nvMxdizc V:246 H: 70 F:57
						8490B5 08          PHP                    A:FF12 X:1468 Y:C451 S:011D D:0000 DB:86 nvMxdizc V:246 H: 77 F:57
						8490B6 E2 20       SEP #$20               A:FF12 X:1468 Y:C451 S:011C D:0000 DB:86 nvMxdizc V:246 H: 82 F:57
						8490B8 C2 10       REP #$10               A:FF12 X:1468 Y:C451 S:011C D:0000 DB:86 nvMxdizc V:246 H: 87 F:57
						8490BA 64 01       STZ $01       [000001] A:FF12 X:1468 Y:C451 S:011C D:0000 DB:86 nvMxdizc V:246 H: 91 F:57
						8490BC B5 29       LDA $29,X     [001491] A:FF12 X:1468 Y:C451 S:011C D:0000 DB:86 nvMxdizc V:246 H: 96 F:57
						8490BE 10 02       BPL $0002     [8490C2] A:FF00 X:1468 Y:C451 S:011C D:0000 DB:86 nvMxdiZc V:246 H:103 F:57
						8490C2 18          CLC                    A:FF00 X:1468 Y:C451 S:011C D:0000 DB:86 nvMxdiZc V:246 H:107 F:57
						8490C3 75 05       ADC $05,X     [00146D] A:FF00 X:1468 Y:C451 S:011C D:0000 DB:86 nvMxdiZc V:246 H:110 F:57
						8490C5 85 00       STA $00       [000000] A:FFA0 X:1468 Y:C451 S:011C D:0000 DB:86 NvMxdizc V:246 H:117 F:57
						8490C7 B5 06       LDA $06,X     [00146E] A:FFA0 X:1468 Y:C451 S:011C D:0000 DB:86 NvMxdizc V:246 H:122 F:57
						8490C9 65 01       ADC $01       [000001] A:FF1E X:1468 Y:C451 S:011C D:0000 DB:86 nvMxdizc V:246 H:128 F:57
						8490CB 85 01       STA $01       [000001] A:FF1E X:1468 Y:C451 S:011C D:0000 DB:86 nvMxdizc V:246 H:143 F:57
						8490CD 64 03       STZ $03       [000003] A:FF1E X:1468 Y:C451 S:011C D:0000 DB:86 nvMxdizc V:246 H:148 F:57
						8490CF B5 2A       LDA $2A,X     [001492] A:FF1E X:1468 Y:C451 S:011C D:0000 DB:86 nvMxdizc V:246 H:153 F:57
						8490D1 10 02       BPL $0002     [8490D5] A:FF12 X:1468 Y:C451 S:011C D:0000 DB:86 nvMxdizc V:246 H:160 F:57
						8490D5 18          CLC                    A:FF12 X:1468 Y:C451 S:011C D:0000 DB:86 nvMxdizc V:246 H:164 F:57
						8490D6 75 08       ADC $08,X     [001470] A:FF12 X:1468 Y:C451 S:011C D:0000 DB:86 nvMxdizc V:246 H:167 F:57
						8490D8 85 02       STA $02       [000002] A:FFAE X:1468 Y:C451 S:011C D:0000 DB:86 NvMxdizc V:246 H:174 F:57
						8490DA 29 F0       AND #$F0               A:FFAE X:1468 Y:C451 S:011C D:0000 DB:86 NvMxdizc V:246 H:179 F:57
						8490DC 85 0A       STA $0A       [00000A] A:FFA0 X:1468 Y:C451 S:011C D:0000 DB:86 NvMxdizc V:246 H:182 F:57
						8490DE B5 09       LDA $09,X     [001471] A:FFA0 X:1468 Y:C451 S:011C D:0000 DB:86 NvMxdizc V:246 H:187 F:57
						8490E0 65 03       ADC $03       [000003] A:FF01 X:1468 Y:C451 S:011C D:0000 DB:86 nvMxdizc V:246 H:193 F:57
						8490E2 85 03       STA $03       [000003] A:FF01 X:1468 Y:C451 S:011C D:0000 DB:86 nvMxdizc V:246 H:198 F:57
						8490E4 85 0B       STA $0B       [00000B] A:FF01 X:1468 Y:C451 S:011C D:0000 DB:86 nvMxdizc V:246 H:203 F:57
						8490E6 A5 00       LDA $00       [000000] A:FF01 X:1468 Y:C451 S:011C D:0000 DB:86 nvMxdizc V:246 H:208 F:57
						8490E8 29 0F       AND #$0F               A:FFA0 X:1468 Y:C451 S:011C D:0000 DB:86 NvMxdizc V:246 H:213 F:57
						8490EA 1A          INC                    A:FF00 X:1468 Y:C451 S:011C D:0000 DB:86 nvMxdiZc V:246 H:216 F:57
						8490EB 85 0C       STA $0C       [00000C] A:FF01 X:1468 Y:C451 S:011C D:0000 DB:86 nvMxdizc V:246 H:219 F:57
						8490ED A5 02       LDA $02       [000002] A:FF01 X:1468 Y:C451 S:011C D:0000 DB:86 nvMxdizc V:246 H:224 F:57
						8490EF 29 0F       AND #$0F               A:FFAE X:1468 Y:C451 S:011C D:0000 DB:86 NvMxdizc V:246 H:229 F:57
						8490F1 1A          INC                    A:FF0E X:1468 Y:C451 S:011C D:0000 DB:86 nvMxdizc V:246 H:232 F:57
						8490F2 85 0E       STA $0E       [00000E] A:FF0F X:1468 Y:C451 S:011C D:0000 DB:86 nvMxdizc V:246 H:235 F:57
						8490F4 C2 20       REP #$20               A:FF0F X:1468 Y:C451 S:011C D:0000 DB:86 nvMxdizc V:246 H:240 F:57
						8490F6 20 6A 91    JSR $916A     [84916A] A:FF0F X:1468 Y:C451 S:011C D:0000 DB:86 nvmxdizc V:246 H:245 F:57

							84916A A9 00 E8    LDA #$E800             A:FF0F X:1468 Y:C451 S:011A D:0000 DB:86 nvmxdizc V:246 H:255 F:57
							84916D 85 10       STA $10       [000010] A:E800 X:1468 Y:C451 S:011A D:0000 DB:86 Nvmxdizc V:246 H:259 F:57
							84916F A9 7E 00    LDA #$007E             A:E800 X:1468 Y:C451 S:011A D:0000 DB:86 Nvmxdizc V:246 H:266 F:57
							849172 85 12       STA $12       [000012] A:007E X:1468 Y:C451 S:011A D:0000 DB:86 nvmxdizc V:246 H:271 F:57
							849174 A5 02       LDA $02       [000002] A:007E X:1468 Y:C451 S:011A D:0000 DB:86 nvmxdizc V:246 H:278 F:57
							849176 29 F0 00    AND #$00F0             A:01AE X:1468 Y:C451 S:011A D:0000 DB:86 nvmxdizc V:246 H:285 F:57
							849179 0A          ASL A                  A:00A0 X:1468 Y:C451 S:011A D:0000 DB:86 nvmxdizc V:246 H:289 F:57
							84917A 85 04       STA $04       [000004] A:0140 X:1468 Y:C451 S:011A D:0000 DB:86 nvmxdizc V:246 H:292 F:57
							84917C A5 00       LDA $00       [000000] A:0140 X:1468 Y:C451 S:011A D:0000 DB:86 nvmxdizc V:246 H:299 F:57
							84917E 29 FF 00    AND #$00FF             A:1EA0 X:1468 Y:C451 S:011A D:0000 DB:86 nvmxdizc V:246 H:306 F:57
							849181 4A          LSR A                  A:00A0 X:1468 Y:C451 S:011A D:0000 DB:86 nvmxdizc V:246 H:311 F:57
							849182 4A          LSR A                  A:0050 X:1468 Y:C451 S:011A D:0000 DB:86 nvmxdizc V:246 H:314 F:57
							849183 4A          LSR A                  A:0028 X:1468 Y:C451 S:011A D:0000 DB:86 nvmxdizc V:246 H:317 F:57
							849184 29 FE FF    AND #$FFFE             A:0014 X:1468 Y:C451 S:011A D:0000 DB:86 nvmxdizc V:246 H:320 F:57
							849187 18          CLC                    A:0014 X:1468 Y:C451 S:011A D:0000 DB:86 nvmxdizc V:246 H:324 F:57
							849188 65 04       ADC $04       [000004] A:0014 X:1468 Y:C451 S:011A D:0000 DB:86 nvmxdizc V:246 H:327 F:57
							84918A 85 06       STA $06       [000006] A:0154 X:1468 Y:C451 S:011A D:0000 DB:86 nvmxdizc V:246 H:333 F:57
							84918C A5 00       LDA $00       [000000] A:0154 X:1468 Y:C451 S:011A D:0000 DB:86 nvmxdizc V:247 H:  0 F:57
							84918E EB          XBA                    A:1EA0 X:1468 Y:C451 S:011A D:0000 DB:86 nvmxdizc V:247 H:  7 F:57
							84918F 29 1F 00    AND #$001F             A:A01E X:1468 Y:C451 S:011A D:0000 DB:86 nvmxdizc V:247 H: 12 F:57
							849192 85 04       STA $04       [000004] A:001E X:1468 Y:C451 S:011A D:0000 DB:86 nvmxdizc V:247 H: 16 F:57
							849194 A5 02       LDA $02       [000002] A:001E X:1468 Y:C451 S:011A D:0000 DB:86 nvmxdizc V:247 H: 23 F:57
							849196 29 00 1F    AND #$1F00             A:01AE X:1468 Y:C451 S:011A D:0000 DB:86 nvmxdizc V:247 H: 30 F:57
							849199 4A          LSR A                  A:0100 X:1468 Y:C451 S:011A D:0000 DB:86 nvmxdizc V:247 H: 35 F:57
							84919A 4A          LSR A                  A:0080 X:1468 Y:C451 S:011A D:0000 DB:86 nvmxdizc V:247 H: 38 F:57
							84919B 4A          LSR A                  A:0040 X:1468 Y:C451 S:011A D:0000 DB:86 nvmxdizc V:247 H: 41 F:57
							84919C 18          CLC                    A:0020 X:1468 Y:C451 S:011A D:0000 DB:86 nvmxdizc V:247 H: 44 F:57
							84919D 65 04       ADC $04       [000004] A:0020 X:1468 Y:C451 S:011A D:0000 DB:86 nvmxdizc V:247 H: 47 F:57
							84919F A8          TAY                    A:003E X:1468 Y:C451 S:011A D:0000 DB:86 nvmxdizc V:247 H: 54 F:57
							8491A0 B7 10       LDA [$10],Y   [7EE83E] A:003E X:1468 Y:003E S:011A D:0000 DB:86 nvmxdizc V:247 H: 57 F:57
							8491A2 29 FF 00    AND #$00FF             A:0005 X:1468 Y:003E S:011A D:0000 DB:86 nvmxdizc V:247 H: 70 F:57
							8491A5 A8          TAY                    A:0005 X:1468 Y:003E S:011A D:0000 DB:86 nvmxdizc V:247 H: 74 F:57
							8491A6 EB          XBA                    A:0005 X:1468 Y:0005 S:011A D:0000 DB:86 nvmxdizc V:247 H: 77 F:57
							8491A7 0A          ASL A                  A:0500 X:1468 Y:0005 S:011A D:0000 DB:86 nvmxdiZc V:247 H: 82 F:57
							8491A8 18          CLC                    A:0A00 X:1468 Y:0005 S:011A D:0000 DB:86 nvmxdizc V:247 H: 85 F:57
							8491A9 65 06       ADC $06       [000006] A:0A00 X:1468 Y:0005 S:011A D:0000 DB:86 nvmxdizc V:247 H: 88 F:57
							8491AB AA          TAX                    A:0B54 X:1468 Y:0005 S:011A D:0000 DB:86 nvmxdizc V:247 H: 95 F:57
							8491AC 60          RTS                    A:0B54 X:0B54 Y:0005 S:011A D:0000 DB:86 nvmxdizc V:247 H: 98 F:57

						8490F9 BF 00 20 7E LDA $7E2000,X [7E2B54] A:0B54 X:0B54 Y:0005 S:011C D:0000 DB:86 nvmxdizc V:247 H:108 F:57
						8490FD A8          TAY                    A:02A7 X:0B54 Y:0005 S:011C D:0000 DB:86 nvmxdizc V:247 H:118 F:57
						8490FE AD 92 0B    LDA $0B92     [860B92] A:02A7 X:0B54 Y:02A7 S:011C D:0000 DB:86 nvmxdizc V:247 H:121 F:57
						849101 85 10       STA $10       [000010] A:EDC3 X:0B54 Y:02A7 S:011C D:0000 DB:86 Nvmxdizc V:247 H:129 F:57
						849103 AD 94 0B    LDA $0B94     [860B94] A:EDC3 X:0B54 Y:02A7 S:011C D:0000 DB:86 Nvmxdizc V:247 H:146 F:57
						849106 85 12       STA $12       [000012] A:E095 X:0B54 Y:02A7 S:011C D:0000 DB:86 Nvmxdizc V:247 H:155 F:57
						849108 B7 10       LDA [$10],Y   [95F06A] A:E095 X:0B54 Y:02A7 S:011C D:0000 DB:86 Nvmxdizc V:247 H:162 F:57
						84910A 29 FF 00    AND #$00FF             A:3B00 X:0B54 Y:02A7 S:011C D:0000 DB:86 nvmxdizc V:247 H:174 F:57
						84910D 28          PLP                    A:0000 X:0B54 Y:02A7 S:011C D:0000 DB:86 nvmxdiZc V:247 H:178 F:57
						84910E FA          PLX                    A:0000 X:0B54 Y:02A7 S:011D D:0000 DB:86 nvMxdizc V:247 H:185 F:57
						84910F 2B          PLD                    A:0000 X:1468 Y:02A7 S:011F D:0000 DB:86 nvMxdizc V:247 H:193 F:57
						849110 60          RTS                    A:0000 X:1468 Y:02A7 S:0121 D:0000 DB:86 nvMxdiZc V:247 H:202 F:57

					8495D3 95 2E       STA $2E,X     [001496] A:0000 X:1468 Y:02A7 S:0123 D:0000 DB:86 nvMxdiZc V:247 H:212 F:57
					8495D5 85 18       STA $18       [000018] A:0000 X:1468 Y:02A7 S:0123 D:0000 DB:86 nvMxdiZc V:247 H:218 F:57
					8495D7 29 3F       AND #$3F               A:0000 X:1468 Y:02A7 S:0123 D:0000 DB:86 nvMxdiZc V:247 H:223 F:57
					8495D9 0A          ASL A                  A:0000 X:1468 Y:02A7 S:0123 D:0000 DB:86 nvMxdiZc V:247 H:226 F:57
					8495DA EB          XBA                    A:0000 X:1468 Y:02A7 S:0123 D:0000 DB:86 nvMxdiZc V:247 H:229 F:57
					8495DB A9 00       LDA #$00               A:0000 X:1468 Y:02A7 S:0123 D:0000 DB:86 nvMxdiZc V:247 H:234 F:57
					8495DD EB          XBA                    A:0000 X:1468 Y:02A7 S:0123 D:0000 DB:86 nvMxdiZc V:247 H:237 F:57
					8495DE A8          TAY                    A:0000 X:1468 Y:02A7 S:0123 D:0000 DB:86 nvMxdiZc V:247 H:241 F:57
					8495DF 84 28       STY $28       [000028] A:0000 X:1468 Y:0000 S:0123 D:0000 DB:86 nvMxdiZc V:247 H:244 F:57
					8495E1 86 2C       STX $2C       [00002C] A:0000 X:1468 Y:0000 S:0123 D:0000 DB:86 nvMxdiZc V:247 H:251 F:57
					8495E3 68          PLA                    A:0000 X:1468 Y:0000 S:0123 D:0000 DB:86 nvMxdiZc V:247 H:258 F:57
					8495E4 95 2A       STA $2A,X     [001492] A:0012 X:1468 Y:0000 S:0124 D:0000 DB:86 nvMxdizc V:247 H:265 F:57
					8495E6 A6 2C       LDX $2C       [00002C] A:0012 X:1468 Y:0000 S:0124 D:0000 DB:86 nvMxdizc V:247 H:271 F:57
					8495E8 A9 FB       LDA #$FB               A:0012 X:1468 Y:0000 S:0124 D:0000 DB:86 nvMxdizc V:247 H:278 F:57
					8495EA 35 2B       AND $2B,X     [001493] A:00FB X:1468 Y:0000 S:0124 D:0000 DB:86 NvMxdizc V:247 H:281 F:57
					8495EC 95 2B       STA $2B,X     [001493] A:0000 X:1468 Y:0000 S:0124 D:0000 DB:86 nvMxdiZc V:247 H:288 F:57
					8495EE 64 01       STZ $01       [000001] A:0000 X:1468 Y:0000 S:0124 D:0000 DB:86 nvMxdiZc V:247 H:294 F:57
					8495F0 B5 2A       LDA $2A,X     [001492] A:0000 X:1468 Y:0000 S:0124 D:0000 DB:86 nvMxdiZc V:247 H:299 F:57
					8495F2 85 02       STA $02       [000002] A:0012 X:1468 Y:0000 S:0124 D:0000 DB:86 nvMxdizc V:247 H:306 F:57
					8495F4 64 03       STZ $03       [000003] A:0012 X:1468 Y:0000 S:0124 D:0000 DB:86 nvMxdizc V:247 H:311 F:57
					8495F6 B4 05       LDY $05,X     [00146D] A:0012 X:1468 Y:0000 S:0124 D:0000 DB:86 nvMxdizc V:247 H:316 F:57
					8495F8 84 10       STY $10       [000010] A:0012 X:1468 Y:1EA0 S:0124 D:0000 DB:86 nvMxdizc V:247 H:324 F:57
					8495FA B4 08       LDY $08,X     [001470] A:0012 X:1468 Y:1EA0 S:0124 D:0000 DB:86 nvMxdizc V:247 H:330 F:57
					8495FC 84 12       STY $12       [000012] A:0012 X:1468 Y:019C S:0124 D:0000 DB:86 nvMxdizc V:247 H:339 F:57
					8495FE A6 28       LDX $28       [000028] A:0012 X:1468 Y:019C S:0124 D:0000 DB:86 nvMxdizc V:248 H:  6 F:57
					849600 FC 1C 96    JSR ($961C,X) [84961C] A:0012 X:0000 Y:019C S:0124 D:0000 DB:86 nvMxdiZc V:248 H: 13 F:57

						84969C AD 1C 1F    LDA $1F1C     [861F1C] A:0012 X:0000 Y:019C S:0122 D:0000 DB:86 nvMxdiZc V:248 H: 26 F:57
						84969F F0 11       BEQ $0011     [8496B2] A:0000 X:0000 Y:019C S:0122 D:0000 DB:86 nvMxdiZc V:248 H: 32 F:57
						8496B2 A9 00       LDA #$00               A:0000 X:0000 Y:019C S:0122 D:0000 DB:86 nvMxdiZc V:248 H: 37 F:57
						8496B4 60          RTS                    A:0000 X:0000 Y:019C S:0122 D:0000 DB:86 nvMxdiZc V:248 H: 40 F:57

					849603 F0 11       BEQ $0011     [849616] A:0000 X:0000 Y:019C S:0124 D:0000 DB:86 nvMxdiZc V:248 H: 50 F:57
					849616 A6 2C       LDX $2C       [00002C] A:0000 X:0000 Y:019C S:0124 D:0000 DB:86 nvMxdiZc V:248 H: 54 F:57
					849618 20 08 93    JSR $9308     [849308] A:0000 X:1468 Y:019C S:0124 D:0000 DB:86 nvMxdizc V:248 H: 61 F:57

						849308 A5 14       LDA $14       [000014] A:0000 X:1468 Y:019C S:0122 D:0000 DB:86 nvMxdizc V:248 H: 71 F:57
						84930A F0 08       BEQ $0008     [849314] A:0000 X:1468 Y:019C S:0122 D:0000 DB:86 nvMxdiZc V:248 H: 76 F:57
						849314 60          RTS                    A:0000 X:1468 Y:019C S:0122 D:0000 DB:86 nvMxdiZc V:248 H: 81 F:57

					84961B 60          RTS                    A:0000 X:1468 Y:019C S:0124 D:0000 DB:86 nvMxdiZc V:248 H: 91 F:57

				849275 D0 32       BNE $0032     [8492A9] A:0000 X:1468 Y:019C S:0126 D:0000 DB:86 nvMxdiZc V:248 H:101 F:57
				849277 A5 08       LDA $08       [000008] A:0000 X:1468 Y:019C S:0126 D:0000 DB:86 nvMxdiZc V:248 H:104 F:57
				849279 29 7F       AND #$7F               A:0080 X:1468 Y:019C S:0126 D:0000 DB:86 NvMxdizc V:248 H:109 F:57
				84927B 85 08       STA $08       [000008] A:0000 X:1468 Y:019C S:0126 D:0000 DB:86 nvMxdiZc V:248 H:112 F:57
				84927D B4 20       LDY $20,X     [001488] A:0000 X:1468 Y:019C S:0126 D:0000 DB:86 nvMxdiZc V:248 H:117 F:57
				84927F B9 05 00    LDA $0005,Y   [86C456] A:0000 X:1468 Y:C451 S:0126 D:0000 DB:86 NvMxdizc V:248 H:125 F:57
				849282 34 11       BIT $11,X     [001479] A:0000 X:1468 Y:C451 S:0126 D:0000 DB:86 nvMxdiZc V:248 H:133 F:57
				849284 50 03       BVC $0003     [849289] A:0000 X:1468 Y:C451 S:0126 D:0000 DB:86 nvMxdiZc V:248 H:149 F:57
				849289 38          SEC                    A:0000 X:1468 Y:C451 S:0126 D:0000 DB:86 nvMxdiZc V:248 H:154 F:57
				84928A F9 07 00    SBC $0007,Y   [86C458] A:0000 X:1468 Y:C451 S:0126 D:0000 DB:86 nvMxdiZC V:248 H:157 F:57
				84928D 95 29       STA $29,X     [001491] A:00F8 X:1468 Y:C451 S:0126 D:0000 DB:86 NvMxdizc V:248 H:164 F:57
				84928F 20 C4 95    JSR $95C4     [8495C4] A:00F8 X:1468 Y:C451 S:0126 D:0000 DB:86 NvMxdizc V:248 H:171 F:57

					8495C4 B5 2A       LDA $2A,X     [001492] A:00F8 X:1468 Y:C451 S:0124 D:0000 DB:86 NvMxdizc V:248 H:181 F:57
					8495C6 48          PHA                    A:0012 X:1468 Y:C451 S:0124 D:0000 DB:86 nvMxdizc V:248 H:187 F:57
					8495C7 A5 08       LDA $08       [000008] A:0012 X:1468 Y:C451 S:0123 D:0000 DB:86 nvMxdizc V:248 H:192 F:57
					8495C9 29 7F       AND #$7F               A:0000 X:1468 Y:C451 S:0123 D:0000 DB:86 nvMxdiZc V:248 H:197 F:57
					8495CB 18          CLC                    A:0000 X:1468 Y:C451 S:0123 D:0000 DB:86 nvMxdiZc V:248 H:200 F:57
					8495CC 75 2A       ADC $2A,X     [001492] A:0000 X:1468 Y:C451 S:0123 D:0000 DB:86 nvMxdiZc V:248 H:203 F:57
					8495CE 95 2A       STA $2A,X     [001492] A:0012 X:1468 Y:C451 S:0123 D:0000 DB:86 nvMxdizc V:248 H:210 F:57
					8495D0 20 B3 90    JSR $90B3     [8490B3] A:0012 X:1468 Y:C451 S:0123 D:0000 DB:86 nvMxdizc V:248 H:216 F:57

						8490B3 0B          PHD                    A:0012 X:1468 Y:C451 S:0121 D:0000 DB:86 nvMxdizc V:248 H:226 F:57
						8490B4 DA          PHX                    A:0012 X:1468 Y:C451 S:011F D:0000 DB:86 nvMxdizc V:248 H:233 F:57
						8490B5 08          PHP                    A:0012 X:1468 Y:C451 S:011D D:0000 DB:86 nvMxdizc V:248 H:240 F:57
						8490B6 E2 20       SEP #$20               A:0012 X:1468 Y:C451 S:011C D:0000 DB:86 nvMxdizc V:248 H:245 F:57
						8490B8 C2 10       REP #$10               A:0012 X:1468 Y:C451 S:011C D:0000 DB:86 nvMxdizc V:248 H:250 F:57
						8490BA 64 01       STZ $01       [000001] A:0012 X:1468 Y:C451 S:011C D:0000 DB:86 nvMxdizc V:248 H:254 F:57
						8490BC B5 29       LDA $29,X     [001491] A:0012 X:1468 Y:C451 S:011C D:0000 DB:86 nvMxdizc V:248 H:259 F:57
						8490BE 10 02       BPL $0002     [8490C2] A:00F8 X:1468 Y:C451 S:011C D:0000 DB:86 NvMxdizc V:248 H:266 F:57
						8490C0 C6 01       DEC $01       [000001] A:00F8 X:1468 Y:C451 S:011C D:0000 DB:86 NvMxdizc V:248 H:269 F:57
						8490C2 18          CLC                    A:00F8 X:1468 Y:C451 S:011C D:0000 DB:86 NvMxdizc V:248 H:277 F:57
						8490C3 75 05       ADC $05,X     [00146D] A:00F8 X:1468 Y:C451 S:011C D:0000 DB:86 NvMxdizc V:248 H:280 F:57
						8490C5 85 00       STA $00       [000000] A:0098 X:1468 Y:C451 S:011C D:0000 DB:86 NvMxdizC V:248 H:287 F:57
						8490C7 B5 06       LDA $06,X     [00146E] A:0098 X:1468 Y:C451 S:011C D:0000 DB:86 NvMxdizC V:248 H:292 F:57
						8490C9 65 01       ADC $01       [000001] A:001E X:1468 Y:C451 S:011C D:0000 DB:86 nvMxdizC V:248 H:298 F:57
						8490CB 85 01       STA $01       [000001] A:001E X:1468 Y:C451 S:011C D:0000 DB:86 nvMxdizC V:248 H:303 F:57
						8490CD 64 03       STZ $03       [000003] A:001E X:1468 Y:C451 S:011C D:0000 DB:86 nvMxdizC V:248 H:308 F:57
						8490CF B5 2A       LDA $2A,X     [001492] A:001E X:1468 Y:C451 S:011C D:0000 DB:86 nvMxdizC V:248 H:313 F:57
						8490D1 10 02       BPL $0002     [8490D5] A:0012 X:1468 Y:C451 S:011C D:0000 DB:86 nvMxdizC V:248 H:320 F:57
						8490D5 18          CLC                    A:0012 X:1468 Y:C451 S:011C D:0000 DB:86 nvMxdizC V:248 H:324 F:57
						8490D6 75 08       ADC $08,X     [001470] A:0012 X:1468 Y:C451 S:011C D:0000 DB:86 nvMxdizc V:248 H:327 F:57
						8490D8 85 02       STA $02       [000002] A:00AE X:1468 Y:C451 S:011C D:0000 DB:86 NvMxdizc V:248 H:333 F:57
						8490DA 29 F0       AND #$F0               A:00AE X:1468 Y:C451 S:011C D:0000 DB:86 NvMxdizc V:248 H:338 F:57
						8490DC 85 0A       STA $0A       [00000A] A:00A0 X:1468 Y:C451 S:011C D:0000 DB:86 NvMxdizc V:249 H:  1 F:57
						8490DE B5 09       LDA $09,X     [001471] A:00A0 X:1468 Y:C451 S:011C D:0000 DB:86 NvMxdizc V:249 H:  6 F:57
						8490E0 65 03       ADC $03       [000003] A:0001 X:1468 Y:C451 S:011C D:0000 DB:86 nvMxdizc V:249 H: 12 F:57
						8490E2 85 03       STA $03       [000003] A:0001 X:1468 Y:C451 S:011C D:0000 DB:86 nvMxdizc V:249 H: 17 F:57
						8490E4 85 0B       STA $0B       [00000B] A:0001 X:1468 Y:C451 S:011C D:0000 DB:86 nvMxdizc V:249 H: 22 F:57
						8490E6 A5 00       LDA $00       [000000] A:0001 X:1468 Y:C451 S:011C D:0000 DB:86 nvMxdizc V:249 H: 27 F:57
						8490E8 29 0F       AND #$0F               A:0098 X:1468 Y:C451 S:011C D:0000 DB:86 NvMxdizc V:249 H: 32 F:57
						8490EA 1A          INC                    A:0008 X:1468 Y:C451 S:011C D:0000 DB:86 nvMxdizc V:249 H: 35 F:57
						8490EB 85 0C       STA $0C       [00000C] A:0009 X:1468 Y:C451 S:011C D:0000 DB:86 nvMxdizc V:249 H: 38 F:57
						8490ED A5 02       LDA $02       [000002] A:0009 X:1468 Y:C451 S:011C D:0000 DB:86 nvMxdizc V:249 H: 43 F:57
						8490EF 29 0F       AND #$0F               A:00AE X:1468 Y:C451 S:011C D:0000 DB:86 NvMxdizc V:249 H: 48 F:57
						8490F1 1A          INC                    A:000E X:1468 Y:C451 S:011C D:0000 DB:86 nvMxdizc V:249 H: 51 F:57
						8490F2 85 0E       STA $0E       [00000E] A:000F X:1468 Y:C451 S:011C D:0000 DB:86 nvMxdizc V:249 H: 54 F:57
						8490F4 C2 20       REP #$20               A:000F X:1468 Y:C451 S:011C D:0000 DB:86 nvMxdizc V:249 H: 59 F:57
						8490F6 20 6A 91    JSR $916A     [84916A] A:000F X:1468 Y:C451 S:011C D:0000 DB:86 nvmxdizc V:249 H: 64 F:57

							84916A A9 00 E8    LDA #$E800             A:000F X:1468 Y:C451 S:011A D:0000 DB:86 nvmxdizc V:249 H: 74 F:57
							84916D 85 10       STA $10       [000010] A:E800 X:1468 Y:C451 S:011A D:0000 DB:86 Nvmxdizc V:249 H: 78 F:57
							84916F A9 7E 00    LDA #$007E             A:E800 X:1468 Y:C451 S:011A D:0000 DB:86 Nvmxdizc V:249 H: 85 F:57
							849172 85 12       STA $12       [000012] A:007E X:1468 Y:C451 S:011A D:0000 DB:86 nvmxdizc V:249 H: 90 F:57
							849174 A5 02       LDA $02       [000002] A:007E X:1468 Y:C451 S:011A D:0000 DB:86 nvmxdizc V:249 H: 97 F:57
							849176 29 F0 00    AND #$00F0             A:01AE X:1468 Y:C451 S:011A D:0000 DB:86 nvmxdizc V:249 H:104 F:57
							849179 0A          ASL A                  A:00A0 X:1468 Y:C451 S:011A D:0000 DB:86 nvmxdizc V:249 H:108 F:57
							84917A 85 04       STA $04       [000004] A:0140 X:1468 Y:C451 S:011A D:0000 DB:86 nvmxdizc V:249 H:111 F:57
							84917C A5 00       LDA $00       [000000] A:0140 X:1468 Y:C451 S:011A D:0000 DB:86 nvmxdizc V:249 H:118 F:57
							84917E 29 FF 00    AND #$00FF             A:1E98 X:1468 Y:C451 S:011A D:0000 DB:86 nvmxdizc V:249 H:125 F:57
							849181 4A          LSR A                  A:0098 X:1468 Y:C451 S:011A D:0000 DB:86 nvmxdizc V:249 H:130 F:57
							849182 4A          LSR A                  A:004C X:1468 Y:C451 S:011A D:0000 DB:86 nvmxdizc V:249 H:133 F:57
							849183 4A          LSR A                  A:0026 X:1468 Y:C451 S:011A D:0000 DB:86 nvmxdizc V:249 H:146 F:57
							849184 29 FE FF    AND #$FFFE             A:0013 X:1468 Y:C451 S:011A D:0000 DB:86 nvmxdizc V:249 H:149 F:57
							849187 18          CLC                    A:0012 X:1468 Y:C451 S:011A D:0000 DB:86 nvmxdizc V:249 H:153 F:57
							849188 65 04       ADC $04       [000004] A:0012 X:1468 Y:C451 S:011A D:0000 DB:86 nvmxdizc V:249 H:156 F:57
							84918A 85 06       STA $06       [000006] A:0152 X:1468 Y:C451 S:011A D:0000 DB:86 nvmxdizc V:249 H:163 F:57
							84918C A5 00       LDA $00       [000000] A:0152 X:1468 Y:C451 S:011A D:0000 DB:86 nvmxdizc V:249 H:170 F:57
							84918E EB          XBA                    A:1E98 X:1468 Y:C451 S:011A D:0000 DB:86 nvmxdizc V:249 H:177 F:57
							84918F 29 1F 00    AND #$001F             A:981E X:1468 Y:C451 S:011A D:0000 DB:86 nvmxdizc V:249 H:182 F:57
							849192 85 04       STA $04       [000004] A:001E X:1468 Y:C451 S:011A D:0000 DB:86 nvmxdizc V:249 H:186 F:57
							849194 A5 02       LDA $02       [000002] A:001E X:1468 Y:C451 S:011A D:0000 DB:86 nvmxdizc V:249 H:193 F:57
							849196 29 00 1F    AND #$1F00             A:01AE X:1468 Y:C451 S:011A D:0000 DB:86 nvmxdizc V:249 H:200 F:57
							849199 4A          LSR A                  A:0100 X:1468 Y:C451 S:011A D:0000 DB:86 nvmxdizc V:249 H:205 F:57
							84919A 4A          LSR A                  A:0080 X:1468 Y:C451 S:011A D:0000 DB:86 nvmxdizc V:249 H:208 F:57
							84919B 4A          LSR A                  A:0040 X:1468 Y:C451 S:011A D:0000 DB:86 nvmxdizc V:249 H:211 F:57
							84919C 18          CLC                    A:0020 X:1468 Y:C451 S:011A D:0000 DB:86 nvmxdizc V:249 H:214 F:57
							84919D 65 04       ADC $04       [000004] A:0020 X:1468 Y:C451 S:011A D:0000 DB:86 nvmxdizc V:249 H:217 F:57
							84919F A8          TAY                    A:003E X:1468 Y:C451 S:011A D:0000 DB:86 nvmxdizc V:249 H:224 F:57
							8491A0 B7 10       LDA [$10],Y   [7EE83E] A:003E X:1468 Y:003E S:011A D:0000 DB:86 nvmxdizc V:249 H:227 F:57
							8491A2 29 FF 00    AND #$00FF             A:0005 X:1468 Y:003E S:011A D:0000 DB:86 nvmxdizc V:249 H:240 F:57
							8491A5 A8          TAY                    A:0005 X:1468 Y:003E S:011A D:0000 DB:86 nvmxdizc V:249 H:244 F:57
							8491A6 EB          XBA                    A:0005 X:1468 Y:0005 S:011A D:0000 DB:86 nvmxdizc V:249 H:247 F:57
							8491A7 0A          ASL A                  A:0500 X:1468 Y:0005 S:011A D:0000 DB:86 nvmxdiZc V:249 H:252 F:57
							8491A8 18          CLC                    A:0A00 X:1468 Y:0005 S:011A D:0000 DB:86 nvmxdizc V:249 H:255 F:57
							8491A9 65 06       ADC $06       [000006] A:0A00 X:1468 Y:0005 S:011A D:0000 DB:86 nvmxdizc V:249 H:258 F:57
							8491AB AA          TAX                    A:0B52 X:1468 Y:0005 S:011A D:0000 DB:86 nvmxdizc V:249 H:265 F:57
							8491AC 60          RTS                    A:0B52 X:0B52 Y:0005 S:011A D:0000 DB:86 nvmxdizc V:249 H:268 F:57

						8490F9 BF 00 20 7E LDA $7E2000,X [7E2B52] A:0B52 X:0B52 Y:0005 S:011C D:0000 DB:86 nvmxdizc V:249 H:278 F:57
						8490FD A8          TAY                    A:02BF X:0B52 Y:0005 S:011C D:0000 DB:86 nvmxdizc V:249 H:288 F:57
						8490FE AD 92 0B    LDA $0B92     [860B92] A:02BF X:0B52 Y:02BF S:011C D:0000 DB:86 nvmxdizc V:249 H:291 F:57
						849101 85 10       STA $10       [000010] A:EDC3 X:0B52 Y:02BF S:011C D:0000 DB:86 Nvmxdizc V:249 H:299 F:57
						849103 AD 94 0B    LDA $0B94     [860B94] A:EDC3 X:0B52 Y:02BF S:011C D:0000 DB:86 Nvmxdizc V:249 H:306 F:57
						849106 85 12       STA $12       [000012] A:E095 X:0B52 Y:02BF S:011C D:0000 DB:86 Nvmxdizc V:249 H:315 F:57
						849108 B7 10       LDA [$10],Y   [95F082] A:E095 X:0B52 Y:02BF S:011C D:0000 DB:86 Nvmxdizc V:249 H:322 F:57
						84910A 29 FF 00    AND #$00FF             A:0000 X:0B52 Y:02BF S:011C D:0000 DB:86 nvmxdiZc V:249 H:333 F:57
						84910D 28          PLP                    A:0000 X:0B52 Y:02BF S:011C D:0000 DB:86 nvmxdiZc V:249 H:337 F:57
						84910E FA          PLX                    A:0000 X:0B52 Y:02BF S:011D D:0000 DB:86 nvMxdizc V:250 H:  4 F:57
						84910F 2B          PLD                    A:0000 X:1468 Y:02BF S:011F D:0000 DB:86 nvMxdizc V:250 H: 12 F:57
						849110 60          RTS                    A:0000 X:1468 Y:02BF S:0121 D:0000 DB:86 nvMxdiZc V:250 H: 21 F:57

					8495D3 95 2E       STA $2E,X     [001496] A:0000 X:1468 Y:02BF S:0123 D:0000 DB:86 nvMxdiZc V:250 H: 31 F:57
					8495D5 85 18       STA $18       [000018] A:0000 X:1468 Y:02BF S:0123 D:0000 DB:86 nvMxdiZc V:250 H: 37 F:57
					8495D7 29 3F       AND #$3F               A:0000 X:1468 Y:02BF S:0123 D:0000 DB:86 nvMxdiZc V:250 H: 42 F:57
					8495D9 0A          ASL A                  A:0000 X:1468 Y:02BF S:0123 D:0000 DB:86 nvMxdiZc V:250 H: 45 F:57
					8495DA EB          XBA                    A:0000 X:1468 Y:02BF S:0123 D:0000 DB:86 nvMxdiZc V:250 H: 48 F:57
					8495DB A9 00       LDA #$00               A:0000 X:1468 Y:02BF S:0123 D:0000 DB:86 nvMxdiZc V:250 H: 53 F:57
					8495DD EB          XBA                    A:0000 X:1468 Y:02BF S:0123 D:0000 DB:86 nvMxdiZc V:250 H: 56 F:57
					8495DE A8          TAY                    A:0000 X:1468 Y:02BF S:0123 D:0000 DB:86 nvMxdiZc V:250 H: 60 F:57
					8495DF 84 28       STY $28       [000028] A:0000 X:1468 Y:0000 S:0123 D:0000 DB:86 nvMxdiZc V:250 H: 63 F:57
					8495E1 86 2C       STX $2C       [00002C] A:0000 X:1468 Y:0000 S:0123 D:0000 DB:86 nvMxdiZc V:250 H: 70 F:57
					8495E3 68          PLA                    A:0000 X:1468 Y:0000 S:0123 D:0000 DB:86 nvMxdiZc V:250 H: 77 F:57
					8495E4 95 2A       STA $2A,X     [001492] A:0012 X:1468 Y:0000 S:0124 D:0000 DB:86 nvMxdizc V:250 H: 84 F:57
					8495E6 A6 2C       LDX $2C       [00002C] A:0012 X:1468 Y:0000 S:0124 D:0000 DB:86 nvMxdizc V:250 H: 90 F:57
					8495E8 A9 FB       LDA #$FB               A:0012 X:1468 Y:0000 S:0124 D:0000 DB:86 nvMxdizc V:250 H: 97 F:57
					8495EA 35 2B       AND $2B,X     [001493] A:00FB X:1468 Y:0000 S:0124 D:0000 DB:86 NvMxdizc V:250 H:100 F:57
					8495EC 95 2B       STA $2B,X     [001493] A:0000 X:1468 Y:0000 S:0124 D:0000 DB:86 nvMxdiZc V:250 H:107 F:57
					8495EE 64 01       STZ $01       [000001] A:0000 X:1468 Y:0000 S:0124 D:0000 DB:86 nvMxdiZc V:250 H:113 F:57
					8495F0 B5 2A       LDA $2A,X     [001492] A:0000 X:1468 Y:0000 S:0124 D:0000 DB:86 nvMxdiZc V:250 H:118 F:57
					8495F2 85 02       STA $02       [000002] A:0012 X:1468 Y:0000 S:0124 D:0000 DB:86 nvMxdizc V:250 H:125 F:57
					8495F4 64 03       STZ $03       [000003] A:0012 X:1468 Y:0000 S:0124 D:0000 DB:86 nvMxdizc V:250 H:130 F:57
					8495F6 B4 05       LDY $05,X     [00146D] A:0012 X:1468 Y:0000 S:0124 D:0000 DB:86 nvMxdizc V:250 H:145 F:57
					8495F8 84 10       STY $10       [000010] A:0012 X:1468 Y:1EA0 S:0124 D:0000 DB:86 nvMxdizc V:250 H:153 F:57
					8495FA B4 08       LDY $08,X     [001470] A:0012 X:1468 Y:1EA0 S:0124 D:0000 DB:86 nvMxdizc V:250 H:160 F:57
					8495FC 84 12       STY $12       [000012] A:0012 X:1468 Y:019C S:0124 D:0000 DB:86 nvMxdizc V:250 H:169 F:57
					8495FE A6 28       LDX $28       [000028] A:0012 X:1468 Y:019C S:0124 D:0000 DB:86 nvMxdizc V:250 H:176 F:57
					849600 FC 1C 96    JSR ($961C,X) [84961C] A:0012 X:0000 Y:019C S:0124 D:0000 DB:86 nvMxdiZc V:250 H:183 F:57

						84969C AD 1C 1F    LDA $1F1C     [861F1C] A:0012 X:0000 Y:019C S:0122 D:0000 DB:86 nvMxdiZc V:250 H:196 F:57
						84969F F0 11       BEQ $0011     [8496B2] A:0000 X:0000 Y:019C S:0122 D:0000 DB:86 nvMxdiZc V:250 H:202 F:57
						8496B2 A9 00       LDA #$00               A:0000 X:0000 Y:019C S:0122 D:0000 DB:86 nvMxdiZc V:250 H:207 F:57
						8496B4 60          RTS                    A:0000 X:0000 Y:019C S:0122 D:0000 DB:86 nvMxdiZc V:250 H:210 F:57

					849603 F0 11       BEQ $0011     [849616] A:0000 X:0000 Y:019C S:0124 D:0000 DB:86 nvMxdiZc V:250 H:220 F:57
					849616 A6 2C       LDX $2C       [00002C] A:0000 X:0000 Y:019C S:0124 D:0000 DB:86 nvMxdiZc V:250 H:224 F:57
					849618 20 08 93    JSR $9308     [849308] A:0000 X:1468 Y:019C S:0124 D:0000 DB:86 nvMxdizc V:250 H:231 F:57

						849308 A5 14       LDA $14       [000014] A:0000 X:1468 Y:019C S:0122 D:0000 DB:86 nvMxdizc V:250 H:241 F:57
						84930A F0 08       BEQ $0008     [849314] A:0000 X:1468 Y:019C S:0122 D:0000 DB:86 nvMxdiZc V:250 H:246 F:57
						849314 60          RTS                    A:0000 X:1468 Y:019C S:0122 D:0000 DB:86 nvMxdiZc V:250 H:251 F:57

					84961B 60          RTS                    A:0000 X:1468 Y:019C S:0124 D:0000 DB:86 nvMxdiZc V:250 H:261 F:57

				849292 D0 15       BNE $0015     [8492A9] A:0000 X:1468 Y:019C S:0126 D:0000 DB:86 nvMxdiZc V:250 H:271 F:57
				849294 B4 20       LDY $20,X     [001488] A:0000 X:1468 Y:019C S:0126 D:0000 DB:86 nvMxdiZc V:250 H:274 F:57
				849296 B9 05 00    LDA $0005,Y   [86C456] A:0000 X:1468 Y:C451 S:0126 D:0000 DB:86 NvMxdizc V:250 H:282 F:57
				849299 34 11       BIT $11,X     [001479] A:0000 X:1468 Y:C451 S:0126 D:0000 DB:86 nvMxdiZc V:250 H:290 F:57
				84929B 50 03       BVC $0003     [8492A0] A:0000 X:1468 Y:C451 S:0126 D:0000 DB:86 nvMxdiZc V:250 H:296 F:57
				8492A0 18          CLC                    A:0000 X:1468 Y:C451 S:0126 D:0000 DB:86 nvMxdiZc V:250 H:301 F:57
				8492A1 79 07 00    ADC $0007,Y   [86C458] A:0000 X:1468 Y:C451 S:0126 D:0000 DB:86 nvMxdiZc V:250 H:304 F:57
				8492A4 95 29       STA $29,X     [001491] A:0008 X:1468 Y:C451 S:0126 D:0000 DB:86 nvMxdizc V:250 H:311 F:57
				8492A6 20 C4 95    JSR $95C4     [8495C4] A:0008 X:1468 Y:C451 S:0126 D:0000 DB:86 nvMxdizc V:250 H:318 F:57

					8495C4 B5 2A       LDA $2A,X     [001492] A:0008 X:1468 Y:C451 S:0124 D:0000 DB:86 nvMxdizc V:250 H:327 F:57
					8495C6 48          PHA                    A:0012 X:1468 Y:C451 S:0124 D:0000 DB:86 nvMxdizc V:250 H:333 F:57
					8495C7 A5 08       LDA $08       [000008] A:0012 X:1468 Y:C451 S:0123 D:0000 DB:86 nvMxdizc V:250 H:338 F:57
					8495C9 29 7F       AND #$7F               A:0000 X:1468 Y:C451 S:0123 D:0000 DB:86 nvMxdiZc V:251 H:  3 F:57
					8495CB 18          CLC                    A:0000 X:1468 Y:C451 S:0123 D:0000 DB:86 nvMxdiZc V:251 H:  6 F:57
					8495CC 75 2A       ADC $2A,X     [001492] A:0000 X:1468 Y:C451 S:0123 D:0000 DB:86 nvMxdiZc V:251 H:  9 F:57
					8495CE 95 2A       STA $2A,X     [001492] A:0012 X:1468 Y:C451 S:0123 D:0000 DB:86 nvMxdizc V:251 H: 16 F:57
					8495D0 20 B3 90    JSR $90B3     [8490B3] A:0012 X:1468 Y:C451 S:0123 D:0000 DB:86 nvMxdizc V:251 H: 22 F:57

						8490B3 0B          PHD                    A:0012 X:1468 Y:C451 S:0121 D:0000 DB:86 nvMxdizc V:251 H: 32 F:57
						8490B4 DA          PHX                    A:0012 X:1468 Y:C451 S:011F D:0000 DB:86 nvMxdizc V:251 H: 39 F:57
						8490B5 08          PHP                    A:0012 X:1468 Y:C451 S:011D D:0000 DB:86 nvMxdizc V:251 H: 46 F:57
						8490B6 E2 20       SEP #$20               A:0012 X:1468 Y:C451 S:011C D:0000 DB:86 nvMxdizc V:251 H: 51 F:57
						8490B8 C2 10       REP #$10               A:0012 X:1468 Y:C451 S:011C D:0000 DB:86 nvMxdizc V:251 H: 56 F:57
						8490BA 64 01       STZ $01       [000001] A:0012 X:1468 Y:C451 S:011C D:0000 DB:86 nvMxdizc V:251 H: 60 F:57
						8490BC B5 29       LDA $29,X     [001491] A:0012 X:1468 Y:C451 S:011C D:0000 DB:86 nvMxdizc V:251 H: 65 F:57
						8490BE 10 02       BPL $0002     [8490C2] A:0008 X:1468 Y:C451 S:011C D:0000 DB:86 nvMxdizc V:251 H: 72 F:57
						8490C2 18          CLC                    A:0008 X:1468 Y:C451 S:011C D:0000 DB:86 nvMxdizc V:251 H: 76 F:57
						8490C3 75 05       ADC $05,X     [00146D] A:0008 X:1468 Y:C451 S:011C D:0000 DB:86 nvMxdizc V:251 H: 79 F:57
						8490C5 85 00       STA $00       [000000] A:00A8 X:1468 Y:C451 S:011C D:0000 DB:86 NvMxdizc V:251 H: 86 F:57
						8490C7 B5 06       LDA $06,X     [00146E] A:00A8 X:1468 Y:C451 S:011C D:0000 DB:86 NvMxdizc V:251 H: 91 F:57
						8490C9 65 01       ADC $01       [000001] A:001E X:1468 Y:C451 S:011C D:0000 DB:86 nvMxdizc V:251 H: 97 F:57
						8490CB 85 01       STA $01       [000001] A:001E X:1468 Y:C451 S:011C D:0000 DB:86 nvMxdizc V:251 H:102 F:57
						8490CD 64 03       STZ $03       [000003] A:001E X:1468 Y:C451 S:011C D:0000 DB:86 nvMxdizc V:251 H:107 F:57
						8490CF B5 2A       LDA $2A,X     [001492] A:001E X:1468 Y:C451 S:011C D:0000 DB:86 nvMxdizc V:251 H:112 F:57
						8490D1 10 02       BPL $0002     [8490D5] A:0012 X:1468 Y:C451 S:011C D:0000 DB:86 nvMxdizc V:251 H:119 F:57
						8490D5 18          CLC                    A:0012 X:1468 Y:C451 S:011C D:0000 DB:86 nvMxdizc V:251 H:123 F:57
						8490D6 75 08       ADC $08,X     [001470] A:0012 X:1468 Y:C451 S:011C D:0000 DB:86 nvMxdizc V:251 H:126 F:57
						8490D8 85 02       STA $02       [000002] A:00AE X:1468 Y:C451 S:011C D:0000 DB:86 NvMxdizc V:251 H:133 F:57
						8490DA 29 F0       AND #$F0               A:00AE X:1468 Y:C451 S:011C D:0000 DB:86 NvMxdizc V:251 H:148 F:57
						8490DC 85 0A       STA $0A       [00000A] A:00A0 X:1468 Y:C451 S:011C D:0000 DB:86 NvMxdizc V:251 H:151 F:57
						8490DE B5 09       LDA $09,X     [001471] A:00A0 X:1468 Y:C451 S:011C D:0000 DB:86 NvMxdizc V:251 H:156 F:57
						8490E0 65 03       ADC $03       [000003] A:0001 X:1468 Y:C451 S:011C D:0000 DB:86 nvMxdizc V:251 H:162 F:57
						8490E2 85 03       STA $03       [000003] A:0001 X:1468 Y:C451 S:011C D:0000 DB:86 nvMxdizc V:251 H:167 F:57
						8490E4 85 0B       STA $0B       [00000B] A:0001 X:1468 Y:C451 S:011C D:0000 DB:86 nvMxdizc V:251 H:172 F:57
						8490E6 A5 00       LDA $00       [000000] A:0001 X:1468 Y:C451 S:011C D:0000 DB:86 nvMxdizc V:251 H:177 F:57
						8490E8 29 0F       AND #$0F               A:00A8 X:1468 Y:C451 S:011C D:0000 DB:86 NvMxdizc V:251 H:182 F:57
						8490EA 1A          INC                    A:0008 X:1468 Y:C451 S:011C D:0000 DB:86 nvMxdizc V:251 H:185 F:57
						8490EB 85 0C       STA $0C       [00000C] A:0009 X:1468 Y:C451 S:011C D:0000 DB:86 nvMxdizc V:251 H:188 F:57
						8490ED A5 02       LDA $02       [000002] A:0009 X:1468 Y:C451 S:011C D:0000 DB:86 nvMxdizc V:251 H:193 F:57
						8490EF 29 0F       AND #$0F               A:00AE X:1468 Y:C451 S:011C D:0000 DB:86 NvMxdizc V:251 H:198 F:57
						8490F1 1A          INC                    A:000E X:1468 Y:C451 S:011C D:0000 DB:86 nvMxdizc V:251 H:201 F:57
						8490F2 85 0E       STA $0E       [00000E] A:000F X:1468 Y:C451 S:011C D:0000 DB:86 nvMxdizc V:251 H:204 F:57
						8490F4 C2 20       REP #$20               A:000F X:1468 Y:C451 S:011C D:0000 DB:86 nvMxdizc V:251 H:209 F:57
						8490F6 20 6A 91    JSR $916A     [84916A] A:000F X:1468 Y:C451 S:011C D:0000 DB:86 nvmxdizc V:251 H:214 F:57

							84916A A9 00 E8    LDA #$E800             A:000F X:1468 Y:C451 S:011A D:0000 DB:86 nvmxdizc V:251 H:224 F:57
							84916D 85 10       STA $10       [000010] A:E800 X:1468 Y:C451 S:011A D:0000 DB:86 Nvmxdizc V:251 H:228 F:57
							84916F A9 7E 00    LDA #$007E             A:E800 X:1468 Y:C451 S:011A D:0000 DB:86 Nvmxdizc V:251 H:235 F:57
							849172 85 12       STA $12       [000012] A:007E X:1468 Y:C451 S:011A D:0000 DB:86 nvmxdizc V:251 H:240 F:57
							849174 A5 02       LDA $02       [000002] A:007E X:1468 Y:C451 S:011A D:0000 DB:86 nvmxdizc V:251 H:247 F:57
							849176 29 F0 00    AND #$00F0             A:01AE X:1468 Y:C451 S:011A D:0000 DB:86 nvmxdizc V:251 H:254 F:57
							849179 0A          ASL A                  A:00A0 X:1468 Y:C451 S:011A D:0000 DB:86 nvmxdizc V:251 H:258 F:57
							84917A 85 04       STA $04       [000004] A:0140 X:1468 Y:C451 S:011A D:0000 DB:86 nvmxdizc V:251 H:261 F:57
							84917C A5 00       LDA $00       [000000] A:0140 X:1468 Y:C451 S:011A D:0000 DB:86 nvmxdizc V:251 H:268 F:57
							84917E 29 FF 00    AND #$00FF             A:1EA8 X:1468 Y:C451 S:011A D:0000 DB:86 nvmxdizc V:251 H:275 F:57
							849181 4A          LSR A                  A:00A8 X:1468 Y:C451 S:011A D:0000 DB:86 nvmxdizc V:251 H:280 F:57
							849182 4A          LSR A                  A:0054 X:1468 Y:C451 S:011A D:0000 DB:86 nvmxdizc V:251 H:283 F:57
							849183 4A          LSR A                  A:002A X:1468 Y:C451 S:011A D:0000 DB:86 nvmxdizc V:251 H:286 F:57
							849184 29 FE FF    AND #$FFFE             A:0015 X:1468 Y:C451 S:011A D:0000 DB:86 nvmxdizc V:251 H:289 F:57
							849187 18          CLC                    A:0014 X:1468 Y:C451 S:011A D:0000 DB:86 nvmxdizc V:251 H:293 F:57
							849188 65 04       ADC $04       [000004] A:0014 X:1468 Y:C451 S:011A D:0000 DB:86 nvmxdizc V:251 H:296 F:57
							84918A 85 06       STA $06       [000006] A:0154 X:1468 Y:C451 S:011A D:0000 DB:86 nvmxdizc V:251 H:303 F:57
							84918C A5 00       LDA $00       [000000] A:0154 X:1468 Y:C451 S:011A D:0000 DB:86 nvmxdizc V:251 H:310 F:57
							84918E EB          XBA                    A:1EA8 X:1468 Y:C451 S:011A D:0000 DB:86 nvmxdizc V:251 H:317 F:57
							84918F 29 1F 00    AND #$001F             A:A81E X:1468 Y:C451 S:011A D:0000 DB:86 nvmxdizc V:251 H:322 F:57
							849192 85 04       STA $04       [000004] A:001E X:1468 Y:C451 S:011A D:0000 DB:86 nvmxdizc V:251 H:326 F:57
							849194 A5 02       LDA $02       [000002] A:001E X:1468 Y:C451 S:011A D:0000 DB:86 nvmxdizc V:251 H:332 F:57
							849196 29 00 1F    AND #$1F00             A:01AE X:1468 Y:C451 S:011A D:0000 DB:86 nvmxdizc V:251 H:339 F:57
							849199 4A          LSR A                  A:0100 X:1468 Y:C451 S:011A D:0000 DB:86 nvmxdizc V:252 H:  4 F:57
							84919A 4A          LSR A                  A:0080 X:1468 Y:C451 S:011A D:0000 DB:86 nvmxdizc V:252 H:  7 F:57
							84919B 4A          LSR A                  A:0040 X:1468 Y:C451 S:011A D:0000 DB:86 nvmxdizc V:252 H: 10 F:57
							84919C 18          CLC                    A:0020 X:1468 Y:C451 S:011A D:0000 DB:86 nvmxdizc V:252 H: 13 F:57
							84919D 65 04       ADC $04       [000004] A:0020 X:1468 Y:C451 S:011A D:0000 DB:86 nvmxdizc V:252 H: 16 F:57
							84919F A8          TAY                    A:003E X:1468 Y:C451 S:011A D:0000 DB:86 nvmxdizc V:252 H: 23 F:57
							8491A0 B7 10       LDA [$10],Y   [7EE83E] A:003E X:1468 Y:003E S:011A D:0000 DB:86 nvmxdizc V:252 H: 26 F:57
							8491A2 29 FF 00    AND #$00FF             A:0005 X:1468 Y:003E S:011A D:0000 DB:86 nvmxdizc V:252 H: 39 F:57
							8491A5 A8          TAY                    A:0005 X:1468 Y:003E S:011A D:0000 DB:86 nvmxdizc V:252 H: 43 F:57
							8491A6 EB          XBA                    A:0005 X:1468 Y:0005 S:011A D:0000 DB:86 nvmxdizc V:252 H: 46 F:57
							8491A7 0A          ASL A                  A:0500 X:1468 Y:0005 S:011A D:0000 DB:86 nvmxdiZc V:252 H: 51 F:57
							8491A8 18          CLC                    A:0A00 X:1468 Y:0005 S:011A D:0000 DB:86 nvmxdizc V:252 H: 54 F:57
							8491A9 65 06       ADC $06       [000006] A:0A00 X:1468 Y:0005 S:011A D:0000 DB:86 nvmxdizc V:252 H: 57 F:57
							8491AB AA          TAX                    A:0B54 X:1468 Y:0005 S:011A D:0000 DB:86 nvmxdizc V:252 H: 64 F:57
							8491AC 60          RTS                    A:0B54 X:0B54 Y:0005 S:011A D:0000 DB:86 nvmxdizc V:252 H: 67 F:57

						8490F9 BF 00 20 7E LDA $7E2000,X [7E2B54] A:0B54 X:0B54 Y:0005 S:011C D:0000 DB:86 nvmxdizc V:252 H: 77 F:57
						8490FD A8          TAY                    A:02A7 X:0B54 Y:0005 S:011C D:0000 DB:86 nvmxdizc V:252 H: 87 F:57
						8490FE AD 92 0B    LDA $0B92     [860B92] A:02A7 X:0B54 Y:02A7 S:011C D:0000 DB:86 nvmxdizc V:252 H: 90 F:57
						849101 85 10       STA $10       [000010] A:EDC3 X:0B54 Y:02A7 S:011C D:0000 DB:86 Nvmxdizc V:252 H: 98 F:57
						849103 AD 94 0B    LDA $0B94     [860B94] A:EDC3 X:0B54 Y:02A7 S:011C D:0000 DB:86 Nvmxdizc V:252 H:105 F:57
						849106 85 12       STA $12       [000012] A:E095 X:0B54 Y:02A7 S:011C D:0000 DB:86 Nvmxdizc V:252 H:114 F:57
						849108 B7 10       LDA [$10],Y   [95F06A] A:E095 X:0B54 Y:02A7 S:011C D:0000 DB:86 Nvmxdizc V:252 H:121 F:57
						84910A 29 FF 00    AND #$00FF             A:3B00 X:0B54 Y:02A7 S:011C D:0000 DB:86 nvmxdizc V:252 H:133 F:57
						84910D 28          PLP                    A:0000 X:0B54 Y:02A7 S:011C D:0000 DB:86 nvmxdiZc V:252 H:147 F:57
						84910E FA          PLX                    A:0000 X:0B54 Y:02A7 S:011D D:0000 DB:86 nvMxdizc V:252 H:154 F:57
						84910F 2B          PLD                    A:0000 X:1468 Y:02A7 S:011F D:0000 DB:86 nvMxdizc V:252 H:162 F:57
						849110 60          RTS                    A:0000 X:1468 Y:02A7 S:0121 D:0000 DB:86 nvMxdiZc V:252 H:171 F:57

					8495D3 95 2E       STA $2E,X     [001496] A:0000 X:1468 Y:02A7 S:0123 D:0000 DB:86 nvMxdiZc V:252 H:181 F:57
					8495D5 85 18       STA $18       [000018] A:0000 X:1468 Y:02A7 S:0123 D:0000 DB:86 nvMxdiZc V:252 H:187 F:57
					8495D7 29 3F       AND #$3F               A:0000 X:1468 Y:02A7 S:0123 D:0000 DB:86 nvMxdiZc V:252 H:192 F:57
					8495D9 0A          ASL A                  A:0000 X:1468 Y:02A7 S:0123 D:0000 DB:86 nvMxdiZc V:252 H:195 F:57
					8495DA EB          XBA                    A:0000 X:1468 Y:02A7 S:0123 D:0000 DB:86 nvMxdiZc V:252 H:198 F:57
					8495DB A9 00       LDA #$00               A:0000 X:1468 Y:02A7 S:0123 D:0000 DB:86 nvMxdiZc V:252 H:203 F:57
					8495DD EB          XBA                    A:0000 X:1468 Y:02A7 S:0123 D:0000 DB:86 nvMxdiZc V:252 H:206 F:57
					8495DE A8          TAY                    A:0000 X:1468 Y:02A7 S:0123 D:0000 DB:86 nvMxdiZc V:252 H:210 F:57
					8495DF 84 28       STY $28       [000028] A:0000 X:1468 Y:0000 S:0123 D:0000 DB:86 nvMxdiZc V:252 H:213 F:57
					8495E1 86 2C       STX $2C       [00002C] A:0000 X:1468 Y:0000 S:0123 D:0000 DB:86 nvMxdiZc V:252 H:220 F:57
					8495E3 68          PLA                    A:0000 X:1468 Y:0000 S:0123 D:0000 DB:86 nvMxdiZc V:252 H:227 F:57
					8495E4 95 2A       STA $2A,X     [001492] A:0012 X:1468 Y:0000 S:0124 D:0000 DB:86 nvMxdizc V:252 H:234 F:57
					8495E6 A6 2C       LDX $2C       [00002C] A:0012 X:1468 Y:0000 S:0124 D:0000 DB:86 nvMxdizc V:252 H:240 F:57
					8495E8 A9 FB       LDA #$FB               A:0012 X:1468 Y:0000 S:0124 D:0000 DB:86 nvMxdizc V:252 H:247 F:57
					8495EA 35 2B       AND $2B,X     [001493] A:00FB X:1468 Y:0000 S:0124 D:0000 DB:86 NvMxdizc V:252 H:250 F:57
					8495EC 95 2B       STA $2B,X     [001493] A:0000 X:1468 Y:0000 S:0124 D:0000 DB:86 nvMxdiZc V:252 H:257 F:57
					8495EE 64 01       STZ $01       [000001] A:0000 X:1468 Y:0000 S:0124 D:0000 DB:86 nvMxdiZc V:252 H:263 F:57
					8495F0 B5 2A       LDA $2A,X     [001492] A:0000 X:1468 Y:0000 S:0124 D:0000 DB:86 nvMxdiZc V:252 H:268 F:57
					8495F2 85 02       STA $02       [000002] A:0012 X:1468 Y:0000 S:0124 D:0000 DB:86 nvMxdizc V:252 H:275 F:57
					8495F4 64 03       STZ $03       [000003] A:0012 X:1468 Y:0000 S:0124 D:0000 DB:86 nvMxdizc V:252 H:280 F:57
					8495F6 B4 05       LDY $05,X     [00146D] A:0012 X:1468 Y:0000 S:0124 D:0000 DB:86 nvMxdizc V:252 H:285 F:57
					8495F8 84 10       STY $10       [000010] A:0012 X:1468 Y:1EA0 S:0124 D:0000 DB:86 nvMxdizc V:252 H:293 F:57
					8495FA B4 08       LDY $08,X     [001470] A:0012 X:1468 Y:1EA0 S:0124 D:0000 DB:86 nvMxdizc V:252 H:300 F:57
					8495FC 84 12       STY $12       [000012] A:0012 X:1468 Y:019C S:0124 D:0000 DB:86 nvMxdizc V:252 H:309 F:57
					8495FE A6 28       LDX $28       [000028] A:0012 X:1468 Y:019C S:0124 D:0000 DB:86 nvMxdizc V:252 H:316 F:57
					849600 FC 1C 96    JSR ($961C,X) [84961C] A:0012 X:0000 Y:019C S:0124 D:0000 DB:86 nvMxdiZc V:252 H:323 F:57

						84969C AD 1C 1F    LDA $1F1C     [861F1C] A:0012 X:0000 Y:019C S:0122 D:0000 DB:86 nvMxdiZc V:252 H:335 F:57
						84969F F0 11       BEQ $0011     [8496B2] A:0000 X:0000 Y:019C S:0122 D:0000 DB:86 nvMxdiZc V:253 H:  1 F:57
						8496B2 A9 00       LDA #$00               A:0000 X:0000 Y:019C S:0122 D:0000 DB:86 nvMxdiZc V:253 H:  6 F:57
						8496B4 60          RTS                    A:0000 X:0000 Y:019C S:0122 D:0000 DB:86 nvMxdiZc V:253 H:  9 F:57

					849603 F0 11       BEQ $0011     [849616] A:0000 X:0000 Y:019C S:0124 D:0000 DB:86 nvMxdiZc V:253 H: 19 F:57
					849616 A6 2C       LDX $2C       [00002C] A:0000 X:0000 Y:019C S:0124 D:0000 DB:86 nvMxdiZc V:253 H: 23 F:57
					849618 20 08 93    JSR $9308     [849308] A:0000 X:1468 Y:019C S:0124 D:0000 DB:86 nvMxdizc V:253 H: 30 F:57

						849308 A5 14       LDA $14       [000014] A:0000 X:1468 Y:019C S:0122 D:0000 DB:86 nvMxdizc V:253 H: 40 F:57
						84930A F0 08       BEQ $0008     [849314] A:0000 X:1468 Y:019C S:0122 D:0000 DB:86 nvMxdiZc V:253 H: 45 F:57
						849314 60          RTS                    A:0000 X:1468 Y:019C S:0122 D:0000 DB:86 nvMxdiZc V:253 H: 50 F:57

					84961B 60          RTS                    A:0000 X:1468 Y:019C S:0124 D:0000 DB:86 nvMxdiZc V:253 H: 60 F:57

				8492A9 C2 30       REP #$30               A:0000 X:1468 Y:019C S:0126 D:0000 DB:86 nvMxdiZc V:253 H: 70 F:57
				8492AB 60          RTS                    A:0000 X:1468 Y:019C S:0126 D:0000 DB:86 nvmxdiZc V:253 H: 74 F:57

			8491DB 2B          PLD                    A:0000 X:1468 Y:019C S:0128 D:0000 DB:86 nvmxdiZc V:253 H: 84 F:57
			8491DC 28          PLP                    A:0000 X:1468 Y:019C S:012A D:1468 DB:86 nvmxdizc V:253 H: 93 F:57
			8491DD 6B          RTL                    A:0000 X:0068 Y:009C S:012B D:1468 DB:86 nvMXdizc V:253 H: 99 F:57

		81BD8B 22 03 9B 84 JSL $849B03   [849B03] A:0000 X:0068 Y:009C S:012E D:1468 DB:86 nvMXdizc V:253 H:110 F:57			JSL $949B03 --> Various general checks?

			849B03 C2 10       REP #$10               A:0000 X:0068 Y:009C S:012B D:1468 DB:86 nvMXdizc V:253 H:123 F:57
			849B05 A5 27       LDA $27       [00148F] A:0000 X:0068 Y:009C S:012B D:1468 DB:86 nvMxdizc V:253 H:128 F:57
			849B07 F0 70       BEQ $0070     [849B79] A:0008 X:0068 Y:009C S:012B D:1468 DB:86 nvMxdizc V:253 H:144 F:57
			849B09 A5 0E       LDA $0E       [001476] A:0008 X:0068 Y:009C S:012B D:1468 DB:86 nvMxdizc V:253 H:147 F:57
			849B0B F0 31       BEQ $0031     [849B3E] A:0001 X:0068 Y:009C S:012B D:1468 DB:86 nvMxdizc V:253 H:154 F:57
			849B0D AD 0C 1F    LDA $1F0C     [861F0C] A:0001 X:0068 Y:009C S:012B D:1468 DB:86 nvMxdizc V:253 H:157 F:57
			849B10 D0 2C       BNE $002C     [849B3E] A:0000 X:0068 Y:009C S:012B D:1468 DB:86 nvMxdiZc V:253 H:163 F:57
			849B12 AD 32 0C    LDA $0C32     [860C32] A:0000 X:0068 Y:009C S:012B D:1468 DB:86 nvMxdiZc V:253 H:166 F:57
			849B15 D0 11       BNE $0011     [849B28] A:0000 X:0068 Y:009C S:012B D:1468 DB:86 nvMxdiZc V:253 H:173 F:57
			849B17 AD 30 0C    LDA $0C30     [860C30] A:0000 X:0068 Y:009C S:012B D:1468 DB:86 nvMxdiZc V:253 H:176 F:57
			849B1A D0 0C       BNE $000C     [849B28] A:0000 X:0068 Y:009C S:012B D:1468 DB:86 nvMxdiZc V:253 H:182 F:57
			849B1C A2 A8 0B    LDX #$0BA8             A:0000 X:0068 Y:009C S:012B D:1468 DB:86 nvMxdiZc V:253 H:185 F:57
			849B1F 22 0E 9C 84 JSL $849C0E   [849C0E] A:0000 X:0BA8 Y:009C S:012B D:1468 DB:86 nvMxdizc V:253 H:190 F:57

				849C0E 5A          PHY                    A:0000 X:0BA8 Y:009C S:0128 D:1468 DB:86 nvMxdizc V:253 H:203 F:57
				849C0F A4 20       LDY $20       [001488] A:0000 X:0BA8 Y:009C S:0126 D:1468 DB:86 nvMxdizc V:253 H:210 F:57
				849C11 D0 03       BNE $0003     [849C16] A:0000 X:0BA8 Y:C451 S:0126 D:1468 DB:86 NvMxdizc V:253 H:219 F:57
				849C16 BC 20 00    LDY $0020,X   [860BC8] A:0000 X:0BA8 Y:C451 S:0126 D:1468 DB:86 NvMxdizc V:253 H:223 F:57
				849C19 D0 03       BNE $0003     [849C1E] A:0000 X:0BA8 Y:A552 S:0126 D:1468 DB:86 NvMxdizc V:253 H:233 F:57
				849C1E C2 20       REP #$20               A:0000 X:0BA8 Y:A552 S:0126 D:1468 DB:86 NvMxdizc V:253 H:238 F:57
				849C20 DA          PHX                    A:0000 X:0BA8 Y:A552 S:0126 D:1468 DB:86 Nvmxdizc V:253 H:242 F:57
				849C21 BD 05 00    LDA $0005,X   [860BAD] A:0000 X:0BA8 Y:A552 S:0124 D:1468 DB:86 Nvmxdizc V:253 H:249 F:57
				849C24 8D 04 00    STA $0004     [860004] A:1E37 X:0BA8 Y:A552 S:0124 D:1468 DB:86 nvmxdizc V:253 H:259 F:57
				849C27 BD 08 00    LDA $0008,X   [860BB0] A:1E37 X:0BA8 Y:A552 S:0124 D:1468 DB:86 nvmxdizc V:253 H:268 F:57
				849C2A 8D 06 00    STA $0006     [860006] A:01AF X:0BA8 Y:A552 S:0124 D:1468 DB:86 nvmxdizc V:253 H:278 F:57
				849C2D A5 05       LDA $05       [00146D] A:01AF X:0BA8 Y:A552 S:0124 D:1468 DB:86 nvmxdizc V:253 H:286 F:57
				849C2F 8D 0C 00    STA $000C     [86000C] A:1EA0 X:0BA8 Y:A552 S:0124 D:1468 DB:86 nvmxdizc V:253 H:295 F:57
				849C32 A5 08       LDA $08       [001470] A:1EA0 X:0BA8 Y:A552 S:0124 D:1468 DB:86 nvmxdizc V:253 H:303 F:57
				849C34 8D 0E 00    STA $000E     [86000E] A:019C X:0BA8 Y:A552 S:0124 D:1468 DB:86 nvmxdizc V:253 H:312 F:57
				849C37 E2 20       SEP #$20               A:019C X:0BA8 Y:A552 S:0124 D:1468 DB:86 nvmxdizc V:253 H:320 F:57
				849C39 BD 11 00    LDA $0011,X   [860BB9] A:019C X:0BA8 Y:A552 S:0124 D:1468 DB:86 nvMxdizc V:253 H:324 F:57
				849C3C 8D 08 00    STA $0008     [860008] A:0162 X:0BA8 Y:A552 S:0124 D:1468 DB:86 nvMxdizc V:253 H:332 F:57
				849C3F A5 11       LDA $11       [001479] A:0162 X:0BA8 Y:A552 S:0124 D:1468 DB:86 nvMxdizc V:253 H:338 F:57
				849C41 8D 09 00    STA $0009     [860009] A:012A X:0BA8 Y:A552 S:0124 D:1468 DB:86 nvMxdizc V:254 H:  5 F:57
				849C44 BC 20 00    LDY $0020,X   [860BC8] A:012A X:0BA8 Y:A552 S:0124 D:1468 DB:86 nvMxdizc V:254 H: 11 F:57
				849C47 A6 20       LDX $20       [001488] A:012A X:0BA8 Y:A552 S:0124 D:1468 DB:86 NvMxdizc V:254 H: 21 F:57
				849C49 0B          PHD                    A:012A X:C451 Y:A552 S:0124 D:1468 DB:86 NvMxdizc V:254 H: 30 F:57
				849C4A F4 00 00    PEA $0000              A:012A X:C451 Y:A552 S:0122 D:1468 DB:86 NvMxdizc V:254 H: 37 F:57
				849C4D 2B          PLD                    A:012A X:C451 Y:A552 S:0120 D:1468 DB:86 NvMxdizc V:254 H: 45 F:57
				849C4E BD 02 00    LDA $0002,X   [86C453] A:012A X:C451 Y:A552 S:0122 D:0000 DB:86 nvMxdiZc V:254 H: 54 F:57
				849C51 18          CLC                    A:0108 X:C451 Y:A552 S:0122 D:0000 DB:86 nvMxdizc V:254 H: 61 F:57
				849C52 79 02 00    ADC $0002,Y   [86A554] A:0108 X:C451 Y:A552 S:0122 D:0000 DB:86 nvMxdizc V:254 H: 64 F:57
				849C55 85 00       STA $00       [000000] A:010E X:C451 Y:A552 S:0122 D:0000 DB:86 nvMxdizc V:254 H: 72 F:57
				849C57 64 01       STZ $01       [000001] A:010E X:C451 Y:A552 S:0122 D:0000 DB:86 nvMxdizc V:254 H: 77 F:57
				849C59 BD 03 00    LDA $0003,X   [86C454] A:010E X:C451 Y:A552 S:0122 D:0000 DB:86 nvMxdizc V:254 H: 82 F:57
				849C5C 18          CLC                    A:0110 X:C451 Y:A552 S:0122 D:0000 DB:86 nvMxdizc V:254 H: 89 F:57
				849C5D 79 03 00    ADC $0003,Y   [86A555] A:0110 X:C451 Y:A552 S:0122 D:0000 DB:86 nvMxdizc V:254 H: 92 F:57
				849C60 85 02       STA $02       [000002] A:011E X:C451 Y:A552 S:0122 D:0000 DB:86 nvMxdizc V:254 H:100 F:57
				849C62 64 03       STZ $03       [000003] A:011E X:C451 Y:A552 S:0122 D:0000 DB:86 nvMxdizc V:254 H:105 F:57
				849C64 C2 21       REP #$21               A:011E X:C451 Y:A552 S:0122 D:0000 DB:86 nvMxdizc V:254 H:110 F:57
				849C66 B9 00 00    LDA $0000,Y   [86A552] A:011E X:C451 Y:A552 S:0122 D:0000 DB:86 nvmxdizc V:254 H:114 F:57
				849C69 29 FF 00    AND #$00FF             A:FF00 X:C451 Y:A552 S:0122 D:0000 DB:86 Nvmxdizc V:254 H:123 F:57
				849C6C 89 80 00    BIT #$0080             A:0000 X:C451 Y:A552 S:0122 D:0000 DB:86 nvmxdiZc V:254 H:128 F:57
				849C6F F0 03       BEQ $0003     [849C74] A:0000 X:C451 Y:A552 S:0122 D:0000 DB:86 nvmxdiZc V:254 H:132 F:57
				849C74 24 07       BIT $07       [000007] A:0000 X:C451 Y:A552 S:0122 D:0000 DB:86 nvmxdiZc V:254 H:147 F:57
				849C76 50 04       BVC $0004     [849C7C] A:0000 X:C451 Y:A552 S:0122 D:0000 DB:86 nVmxdiZc V:254 H:154 F:57
				849C78 49 FF FF    EOR #$FFFF             A:0000 X:C451 Y:A552 S:0122 D:0000 DB:86 nVmxdiZc V:254 H:157 F:57
				849C7B 1A          INC                    A:FFFF X:C451 Y:A552 S:0122 D:0000 DB:86 NVmxdizc V:254 H:161 F:57
				849C7C 85 0A       STA $0A       [00000A] A:0000 X:C451 Y:A552 S:0122 D:0000 DB:86 nVmxdiZc V:254 H:164 F:57
				849C7E 64 10       STZ $10       [000010] A:0000 X:C451 Y:A552 S:0122 D:0000 DB:86 nVmxdiZc V:254 H:171 F:57
				849C80 BD 00 00    LDA $0000,X   [86C451] A:0000 X:C451 Y:A552 S:0122 D:0000 DB:86 nVmxdiZc V:254 H:178 F:57
				849C83 29 FF 00    AND #$00FF             A:0200 X:C451 Y:A552 S:0122 D:0000 DB:86 nVmxdizc V:254 H:187 F:57
				849C86 89 80 00    BIT #$0080             A:0000 X:C451 Y:A552 S:0122 D:0000 DB:86 nVmxdiZc V:254 H:192 F:57
				849C89 F0 03       BEQ $0003     [849C8E] A:0000 X:C451 Y:A552 S:0122 D:0000 DB:86 nVmxdiZc V:254 H:196 F:57
				849C8E 24 08       BIT $08       [000008] A:0000 X:C451 Y:A552 S:0122 D:0000 DB:86 nVmxdiZc V:254 H:201 F:57
				849C90 50 04       BVC $0004     [849C96] A:0000 X:C451 Y:A552 S:0122 D:0000 DB:86 nvmxdiZc V:254 H:208 F:57
				849C96 65 0C       ADC $0C       [00000C] A:0000 X:C451 Y:A552 S:0122 D:0000 DB:86 nvmxdiZc V:254 H:212 F:57
				849C98 38          SEC                    A:1EA0 X:C451 Y:A552 S:0122 D:0000 DB:86 nvmxdizc V:254 H:219 F:57
				849C99 E5 04       SBC $04       [000004] A:1EA0 X:C451 Y:A552 S:0122 D:0000 DB:86 nvmxdizC V:254 H:222 F:57
				849C9B 38          SEC                    A:0069 X:C451 Y:A552 S:0122 D:0000 DB:86 nvmxdizC V:254 H:229 F:57
				849C9C E5 0A       SBC $0A       [00000A] A:0069 X:C451 Y:A552 S:0122 D:0000 DB:86 nvmxdizC V:254 H:232 F:57
				849C9E 10 06       BPL $0006     [849CA6] A:0069 X:C451 Y:A552 S:0122 D:0000 DB:86 nvmxdizC V:254 H:239 F:57
				849CA6 85 04       STA $04       [000004] A:0069 X:C451 Y:A552 S:0122 D:0000 DB:86 nvmxdizC V:254 H:244 F:57
				849CA8 A5 00       LDA $00       [000000] A:0069 X:C451 Y:A552 S:0122 D:0000 DB:86 nvmxdizC V:254 H:251 F:57
				849CAA 38          SEC                    A:000E X:C451 Y:A552 S:0122 D:0000 DB:86 nvmxdizC V:254 H:258 F:57
				849CAB E5 04       SBC $04       [000004] A:000E X:C451 Y:A552 S:0122 D:0000 DB:86 nvmxdizC V:254 H:261 F:57
				849CAD 1A          INC                    A:FFA5 X:C451 Y:A552 S:0122 D:0000 DB:86 Nvmxdizc V:254 H:268 F:57
				849CAE 85 04       STA $04       [000004] A:FFA6 X:C451 Y:A552 S:0122 D:0000 DB:86 Nvmxdizc V:254 H:271 F:57
				849CB0 24 0F       BIT $0F       [00000F] A:FFA6 X:C451 Y:A552 S:0122 D:0000 DB:86 Nvmxdizc V:254 H:278 F:57
				849CB2 30 04       BMI $0004     [849CB8] A:FFA6 X:C451 Y:A552 S:0122 D:0000 DB:86 nvmxdiZc V:254 H:285 F:57
				849CB4 49 FF FF    EOR #$FFFF             A:FFA6 X:C451 Y:A552 S:0122 D:0000 DB:86 nvmxdiZc V:254 H:288 F:57
				849CB7 1A          INC                    A:0059 X:C451 Y:A552 S:0122 D:0000 DB:86 nvmxdizc V:254 H:292 F:57
				849CB8 85 00       STA $00       [000000] A:005A X:C451 Y:A552 S:0122 D:0000 DB:86 nvmxdizc V:254 H:295 F:57
				849CBA 90 45       BCC $0045     [849D01] A:005A X:C451 Y:A552 S:0122 D:0000 DB:86 nvmxdizc V:254 H:302 F:57
				849D01 E2 20       SEP #$20               A:005A X:C451 Y:A552 S:0122 D:0000 DB:86 nvmxdizc V:254 H:307 F:57
				849D03 2B          PLD                    A:005A X:C451 Y:A552 S:0122 D:0000 DB:86 nvMxdizc V:254 H:311 F:57
				849D04 FA          PLX                    A:005A X:C451 Y:A552 S:0124 D:1468 DB:86 nvMxdizc V:254 H:320 F:57
				849D05 7A          PLY                    A:005A X:0BA8 Y:A552 S:0126 D:1468 DB:86 nvMxdizc V:254 H:327 F:57
				849D06 6B          RTL                    A:005A X:0BA8 Y:009C S:0128 D:1468 DB:86 nvMxdizc V:254 H:336 F:57

			849B23 90 19       BCC $0019     [849B3E] A:005A X:0BA8 Y:009C S:012B D:1468 DB:86 nvMxdizc V:255 H:  6 F:57
			849B3E E2 10       SEP #$10               A:005A X:0BA8 Y:009C S:012B D:1468 DB:86 nvMxdizc V:255 H: 11 F:57
			849B40 A9 00       LDA #$00               A:005A X:00A8 Y:009C S:012B D:1468 DB:86 nvMXdizc V:255 H: 15 F:57
			849B42 6B          RTL                    A:0000 X:00A8 Y:009C S:012B D:1468 DB:86 nvMXdiZc V:255 H: 18 F:57

		81BD8F 22 43 9B 84 JSL $849B43   [849B43] A:0000 X:00A8 Y:009C S:012E D:1468 DB:86 nvMXdiZc V:255 H: 29 F:57			JSL $849B43 --> Check if MMXShot exists, if there isn't return with A = #$00

			849B43 C2 10       REP #$10               A:0000 X:00A8 Y:009C S:012B D:1468 DB:86 nvMXdiZc V:255 H: 42 F:57
			849B45 A5 27       LDA $27       [00148F] A:0000 X:00A8 Y:009C S:012B D:1468 DB:86 nvMxdiZc V:255 H: 47 F:57
			849B47 29 7F       AND #$7F               A:0008 X:00A8 Y:009C S:012B D:1468 DB:86 nvMxdizc V:255 H: 53 F:57
			849B49 85 27       STA $27       [00148F] A:0008 X:00A8 Y:009C S:012B D:1468 DB:86 nvMxdizc V:255 H: 56 F:57
			849B4B F0 2C       BEQ $002C     [849B79] A:0008 X:00A8 Y:009C S:012B D:1468 DB:86 nvMxdizc V:255 H: 63 F:57
			849B4D A5 30       LDA $30       [001498] A:0008 X:00A8 Y:009C S:012B D:1468 DB:86 nvMxdizc V:255 H: 66 F:57
			849B4F D0 28       BNE $0028     [849B79] A:0000 X:00A8 Y:009C S:012B D:1468 DB:86 nvMxdiZc V:255 H: 72 F:57
			849B51 A5 0E       LDA $0E       [001476] A:0000 X:00A8 Y:009C S:012B D:1468 DB:86 nvMxdiZc V:255 H: 75 F:57
			849B53 F0 24       BEQ $0024     [849B79] A:0001 X:00A8 Y:009C S:012B D:1468 DB:86 nvMxdizc V:255 H: 82 F:57
			849B55 A2 28 12    LDX #$1228             A:0001 X:00A8 Y:009C S:012B D:1468 DB:86 nvMxdizc V:255 H: 85 F:57
			849B58 E2 20       SEP #$20               A:0001 X:1228 Y:009C S:012B D:1468 DB:86 nvMxdizc V:255 H: 89 F:57
			849B5A BD 00 00    LDA $0000,X   [861228] A:0001 X:1228 Y:009C S:012B D:1468 DB:86 nvMxdizc V:255 H: 94 F:57
			849B5D F0 0E       BEQ $000E     [849B6D] A:0000 X:1228 Y:009C S:012B D:1468 DB:86 nvMxdiZc V:255 H:102 F:57
			849B6D C2 21       REP #$21               A:0000 X:1228 Y:009C S:012B D:1468 DB:86 nvMxdiZc V:255 H:106 F:57
			849B6F 8A          TXA                    A:0000 X:1228 Y:009C S:012B D:1468 DB:86 nvmxdiZc V:255 H:111 F:57
			849B70 69 40 00    ADC #$0040             A:1228 X:1228 Y:009C S:012B D:1468 DB:86 nvmxdizc V:255 H:114 F:57
			849B73 AA          TAX                    A:1268 X:1228 Y:009C S:012B D:1468 DB:86 nvmxdizc V:255 H:118 F:57
			849B74 C9 28 14    CMP #$1428             A:1268 X:1268 Y:009C S:012B D:1468 DB:86 nvmxdizc V:255 H:121 F:57
			849B77 90 DF       BCC $00DF     [849B58] A:1268 X:1268 Y:009C S:012B D:1468 DB:86 Nvmxdizc V:255 H:126 F:57
			849B58 E2 20       SEP #$20               A:1268 X:1268 Y:009C S:012B D:1468 DB:86 Nvmxdizc V:255 H:130 F:57
			849B5A BD 00 00    LDA $0000,X   [861268] A:1268 X:1268 Y:009C S:012B D:1468 DB:86 NvMxdizc V:255 H:145 F:57
			849B5D F0 0E       BEQ $000E     [849B6D] A:1200 X:1268 Y:009C S:012B D:1468 DB:86 nvMxdiZc V:255 H:153 F:57
			849B6D C2 21       REP #$21               A:1200 X:1268 Y:009C S:012B D:1468 DB:86 nvMxdiZc V:255 H:157 F:57
			849B6F 8A          TXA                    A:1200 X:1268 Y:009C S:012B D:1468 DB:86 nvmxdiZc V:255 H:162 F:57
			849B70 69 40 00    ADC #$0040             A:1268 X:1268 Y:009C S:012B D:1468 DB:86 nvmxdizc V:255 H:165 F:57
			849B73 AA          TAX                    A:12A8 X:1268 Y:009C S:012B D:1468 DB:86 nvmxdizc V:255 H:169 F:57
			849B74 C9 28 14    CMP #$1428             A:12A8 X:12A8 Y:009C S:012B D:1468 DB:86 nvmxdizc V:255 H:172 F:57
			849B77 90 DF       BCC $00DF     [849B58] A:12A8 X:12A8 Y:009C S:012B D:1468 DB:86 Nvmxdizc V:255 H:177 F:57
			849B58 E2 20       SEP #$20               A:12A8 X:12A8 Y:009C S:012B D:1468 DB:86 Nvmxdizc V:255 H:181 F:57
			849B5A BD 00 00    LDA $0000,X   [8612A8] A:12A8 X:12A8 Y:009C S:012B D:1468 DB:86 NvMxdizc V:255 H:186 F:57
			849B5D F0 0E       BEQ $000E     [849B6D] A:1200 X:12A8 Y:009C S:012B D:1468 DB:86 nvMxdiZc V:255 H:194 F:57
			849B6D C2 21       REP #$21               A:1200 X:12A8 Y:009C S:012B D:1468 DB:86 nvMxdiZc V:255 H:198 F:57
			849B6F 8A          TXA                    A:1200 X:12A8 Y:009C S:012B D:1468 DB:86 nvmxdiZc V:255 H:203 F:57
			849B70 69 40 00    ADC #$0040             A:12A8 X:12A8 Y:009C S:012B D:1468 DB:86 nvmxdizc V:255 H:206 F:57
			849B73 AA          TAX                    A:12E8 X:12A8 Y:009C S:012B D:1468 DB:86 nvmxdizc V:255 H:210 F:57
			849B74 C9 28 14    CMP #$1428             A:12E8 X:12E8 Y:009C S:012B D:1468 DB:86 nvmxdizc V:255 H:213 F:57
			849B77 90 DF       BCC $00DF     [849B58] A:12E8 X:12E8 Y:009C S:012B D:1468 DB:86 Nvmxdizc V:255 H:218 F:57
			849B58 E2 20       SEP #$20               A:12E8 X:12E8 Y:009C S:012B D:1468 DB:86 Nvmxdizc V:255 H:222 F:57
			849B5A BD 00 00    LDA $0000,X   [8612E8] A:12E8 X:12E8 Y:009C S:012B D:1468 DB:86 NvMxdizc V:255 H:227 F:57
			849B5D F0 0E       BEQ $000E     [849B6D] A:1200 X:12E8 Y:009C S:012B D:1468 DB:86 nvMxdiZc V:255 H:235 F:57
			849B6D C2 21       REP #$21               A:1200 X:12E8 Y:009C S:012B D:1468 DB:86 nvMxdiZc V:255 H:239 F:57
			849B6F 8A          TXA                    A:1200 X:12E8 Y:009C S:012B D:1468 DB:86 nvmxdiZc V:255 H:244 F:57
			849B70 69 40 00    ADC #$0040             A:12E8 X:12E8 Y:009C S:012B D:1468 DB:86 nvmxdizc V:255 H:247 F:57
			849B73 AA          TAX                    A:1328 X:12E8 Y:009C S:012B D:1468 DB:86 nvmxdizc V:255 H:251 F:57
			849B74 C9 28 14    CMP #$1428             A:1328 X:1328 Y:009C S:012B D:1468 DB:86 nvmxdizc V:255 H:254 F:57
			849B77 90 DF       BCC $00DF     [849B58] A:1328 X:1328 Y:009C S:012B D:1468 DB:86 Nvmxdizc V:255 H:259 F:57
			849B58 E2 20       SEP #$20               A:1328 X:1328 Y:009C S:012B D:1468 DB:86 Nvmxdizc V:255 H:263 F:57
			849B5A BD 00 00    LDA $0000,X   [861328] A:1328 X:1328 Y:009C S:012B D:1468 DB:86 NvMxdizc V:255 H:268 F:57
			849B5D F0 0E       BEQ $000E     [849B6D] A:1300 X:1328 Y:009C S:012B D:1468 DB:86 nvMxdiZc V:255 H:276 F:57
			849B6D C2 21       REP #$21               A:1300 X:1328 Y:009C S:012B D:1468 DB:86 nvMxdiZc V:255 H:280 F:57
			849B6F 8A          TXA                    A:1300 X:1328 Y:009C S:012B D:1468 DB:86 nvmxdiZc V:255 H:285 F:57
			849B70 69 40 00    ADC #$0040             A:1328 X:1328 Y:009C S:012B D:1468 DB:86 nvmxdizc V:255 H:288 F:57
			849B73 AA          TAX                    A:1368 X:1328 Y:009C S:012B D:1468 DB:86 nvmxdizc V:255 H:292 F:57
			849B74 C9 28 14    CMP #$1428             A:1368 X:1368 Y:009C S:012B D:1468 DB:86 nvmxdizc V:255 H:295 F:57
			849B77 90 DF       BCC $00DF     [849B58] A:1368 X:1368 Y:009C S:012B D:1468 DB:86 Nvmxdizc V:255 H:300 F:57
			849B58 E2 20       SEP #$20               A:1368 X:1368 Y:009C S:012B D:1468 DB:86 Nvmxdizc V:255 H:304 F:57
			849B5A BD 00 00    LDA $0000,X   [861368] A:1368 X:1368 Y:009C S:012B D:1468 DB:86 NvMxdizc V:255 H:309 F:57
			849B5D F0 0E       BEQ $000E     [849B6D] A:1300 X:1368 Y:009C S:012B D:1468 DB:86 nvMxdiZc V:255 H:317 F:57
			849B6D C2 21       REP #$21               A:1300 X:1368 Y:009C S:012B D:1468 DB:86 nvMxdiZc V:255 H:321 F:57
			849B6F 8A          TXA                    A:1300 X:1368 Y:009C S:012B D:1468 DB:86 nvmxdiZc V:255 H:325 F:57
			849B70 69 40 00    ADC #$0040             A:1368 X:1368 Y:009C S:012B D:1468 DB:86 nvmxdizc V:255 H:328 F:57
			849B73 AA          TAX                    A:13A8 X:1368 Y:009C S:012B D:1468 DB:86 nvmxdizc V:255 H:332 F:57
			849B74 C9 28 14    CMP #$1428             A:13A8 X:13A8 Y:009C S:012B D:1468 DB:86 nvmxdizc V:255 H:335 F:57
			849B77 90 DF       BCC $00DF     [849B58] A:13A8 X:13A8 Y:009C S:012B D:1468 DB:86 Nvmxdizc V:256 H:  0 F:57
			849B58 E2 20       SEP #$20               A:13A8 X:13A8 Y:009C S:012B D:1468 DB:86 Nvmxdizc V:256 H:  4 F:57
			849B5A BD 00 00    LDA $0000,X   [8613A8] A:13A8 X:13A8 Y:009C S:012B D:1468 DB:86 NvMxdizc V:256 H:  9 F:57
			849B5D F0 0E       BEQ $000E     [849B6D] A:1300 X:13A8 Y:009C S:012B D:1468 DB:86 nvMxdiZc V:256 H: 17 F:57
			849B6D C2 21       REP #$21               A:1300 X:13A8 Y:009C S:012B D:1468 DB:86 nvMxdiZc V:256 H: 21 F:57
			849B6F 8A          TXA                    A:1300 X:13A8 Y:009C S:012B D:1468 DB:86 nvmxdiZc V:256 H: 26 F:57
			849B70 69 40 00    ADC #$0040             A:13A8 X:13A8 Y:009C S:012B D:1468 DB:86 nvmxdizc V:256 H: 29 F:57
			849B73 AA          TAX                    A:13E8 X:13A8 Y:009C S:012B D:1468 DB:86 nvmxdizc V:256 H: 33 F:57
			849B74 C9 28 14    CMP #$1428             A:13E8 X:13E8 Y:009C S:012B D:1468 DB:86 nvmxdizc V:256 H: 36 F:57
			849B77 90 DF       BCC $00DF     [849B58] A:13E8 X:13E8 Y:009C S:012B D:1468 DB:86 Nvmxdizc V:256 H: 41 F:57
			849B58 E2 20       SEP #$20               A:13E8 X:13E8 Y:009C S:012B D:1468 DB:86 Nvmxdizc V:256 H: 45 F:57
			849B5A BD 00 00    LDA $0000,X   [8613E8] A:13E8 X:13E8 Y:009C S:012B D:1468 DB:86 NvMxdizc V:256 H: 50 F:57
			849B5D F0 0E       BEQ $000E     [849B6D] A:1300 X:13E8 Y:009C S:012B D:1468 DB:86 nvMxdiZc V:256 H: 58 F:57
			849B6D C2 21       REP #$21               A:1300 X:13E8 Y:009C S:012B D:1468 DB:86 nvMxdiZc V:256 H: 62 F:57
			849B6F 8A          TXA                    A:1300 X:13E8 Y:009C S:012B D:1468 DB:86 nvmxdiZc V:256 H: 67 F:57
			849B70 69 40 00    ADC #$0040             A:13E8 X:13E8 Y:009C S:012B D:1468 DB:86 nvmxdizc V:256 H: 70 F:57
			849B73 AA          TAX                    A:1428 X:13E8 Y:009C S:012B D:1468 DB:86 nvmxdizc V:256 H: 74 F:57
			849B74 C9 28 14    CMP #$1428             A:1428 X:1428 Y:009C S:012B D:1468 DB:86 nvmxdizc V:256 H: 77 F:57
			849B77 90 DF       BCC $00DF     [849B58] A:1428 X:1428 Y:009C S:012B D:1468 DB:86 nvmxdiZC V:256 H: 82 F:57
			849B79 E2 30       SEP #$30               A:1428 X:1428 Y:009C S:012B D:1468 DB:86 nvmxdiZC V:256 H: 85 F:57
			849B7B A9 00       LDA #$00               A:1428 X:0028 Y:009C S:012B D:1468 DB:86 nvMXdiZC V:256 H: 89 F:57
			849B7D 6B          RTL                    A:1400 X:0028 Y:009C S:012B D:1468 DB:86 nvMXdiZC V:256 H: 92 F:57

		81BD93 F0 09       BEQ $0009     [81BD9E] A:1400 X:0028 Y:009C S:012E D:1468 DB:86 nvMXdiZC V:256 H:103 F:57			Branch because A = #$00
		81BD9E A5 2B       LDA $2B       [001493] A:1400 X:0028 Y:009C S:012E D:1468 DB:86 nvMXdiZC V:256 H:107 F:57			
		81BDA0 29 04       AND #$04               A:1400 X:0028 Y:009C S:012E D:1468 DB:86 nvMXdiZC V:256 H:114 F:57			
		81BDA2 F0 0A       BEQ $000A     [81BDAE] A:1400 X:0028 Y:009C S:012E D:1468 DB:86 nvMXdiZC V:256 H:117 F:57			Branch because MisBitFlag <> #$04 (Enemy is not on the ground)
		81BDAE A5 2B       LDA $2B       [001493] A:1400 X:0028 Y:009C S:012E D:1468 DB:86 nvMXdiZC V:256 H:121 F:57
		81BDB0 29 03       AND #$03               A:1400 X:0028 Y:009C S:012E D:1468 DB:86 nvMXdiZC V:256 H:128 F:57
		81BDB2 F0 0D       BEQ $000D     [81BDC1] A:1400 X:0028 Y:009C S:012E D:1468 DB:86 nvMXdiZC V:256 H:131 F:57			Branch because MisBitFlag <> #$03 (Enemy is not on the ground)
		81BDC1 5C B4 80 82 JML $8280B4   [8280B4] A:1400 X:0028 Y:009C S:012E D:1468 DB:86 nvMXdiZC V:256 H:145 F:57

		8280B4 C2 20       REP #$20               A:1400 X:0028 Y:009C S:012E D:1468 DB:86 nvMXdiZC V:256 H:151 F:57			Normal routine after action
		8280B6 38          SEC                    A:1400 X:0028 Y:009C S:012E D:1468 DB:86 nvmXdiZC V:256 H:156 F:57
		8280B7 A5 05       LDA $05       [00146D] A:1400 X:0028 Y:009C S:012E D:1468 DB:86 nvmXdiZC V:256 H:159 F:57
		8280B9 ED 4D 1E    SBC $1E4D     [861E4D] A:1EA0 X:0028 Y:009C S:012E D:1468 DB:86 nvmXdizC V:256 H:167 F:57
		8280BC 18          CLC                    A:00A0 X:0028 Y:009C S:012E D:1468 DB:86 nvmXdizC V:256 H:176 F:57
		8280BD 69 20 00    ADC #$0020             A:00A0 X:0028 Y:009C S:012E D:1468 DB:86 nvmXdizc V:256 H:179 F:57
		8280C0 C9 40 01    CMP #$0140             A:00C0 X:0028 Y:009C S:012E D:1468 DB:86 nvmXdizc V:256 H:183 F:57
		8280C3 B0 0F       BCS $000F     [8280D4] A:00C0 X:0028 Y:009C S:012E D:1468 DB:86 NvmXdizc V:256 H:188 F:57
		8280C5 38          SEC                    A:00C0 X:0028 Y:009C S:012E D:1468 DB:86 NvmXdizc V:256 H:191 F:57
		8280C6 A5 08       LDA $08       [001470] A:00C0 X:0028 Y:009C S:012E D:1468 DB:86 NvmXdizC V:256 H:194 F:57
		8280C8 ED 50 1E    SBC $1E50     [861E50] A:019C X:0028 Y:009C S:012E D:1468 DB:86 nvmXdizC V:256 H:202 F:57
		8280CB 18          CLC                    A:009C X:0028 Y:009C S:012E D:1468 DB:86 nvmXdizC V:256 H:211 F:57
		8280CC 69 10 00    ADC #$0010             A:009C X:0028 Y:009C S:012E D:1468 DB:86 nvmXdizc V:256 H:214 F:57
		8280CF C9 00 01    CMP #$0100             A:00AC X:0028 Y:009C S:012E D:1468 DB:86 nvmXdizc V:256 H:218 F:57
		8280D2 90 05       BCC $0005     [8280D9] A:00AC X:0028 Y:009C S:012E D:1468 DB:86 NvmXdizc V:256 H:223 F:57
		8280D9 E2 20       SEP #$20               A:00AC X:0028 Y:009C S:012E D:1468 DB:86 NvmXdizc V:256 H:227 F:57
		8280DB A9 81       LDA #$81               A:00AC X:0028 Y:009C S:012E D:1468 DB:86 NvMXdizc V:256 H:232 F:57
		8280DD 85 0E       STA $0E       [001476] A:0081 X:0028 Y:009C S:012E D:1468 DB:86 NvMXdizc V:256 H:235 F:57
		8280DF E2 30       SEP #$30               A:0081 X:0028 Y:009C S:012E D:1468 DB:86 NvMXdizc V:256 H:241 F:57
		8280E1 A6 12       LDX $12       [00147A] A:0081 X:0028 Y:009C S:012E D:1468 DB:86 NvMXdizc V:256 H:246 F:57
		8280E3 10 02       BPL $0002     [8280E7] A:0081 X:0000 Y:009C S:012E D:1468 DB:86 nvMXdiZc V:256 H:252 F:57
		8280E7 7C EA 80    JMP ($80EA,X) [8280EA] A:0081 X:0000 Y:009C S:012E D:1468 DB:86 nvMXdiZc V:256 H:257 F:57

		82810B AD E8 00    LDA $00E8     [8600E8] A:0081 X:0000 Y:009C S:012E D:1468 DB:86 nvMXdiZc V:256 H:266 F:57
		82810E C9 20       CMP #$20               A:0000 X:0000 Y:009C S:012E D:1468 DB:86 nvMXdiZc V:256 H:272 F:57
		828110 B0 0D       BCS $000D     [82811F] A:0000 X:0000 Y:009C S:012E D:1468 DB:86 NvMXdizc V:256 H:275 F:57
		828112 0A          ASL A                  A:0000 X:0000 Y:009C S:012E D:1468 DB:86 NvMXdizc V:256 H:278 F:57
		828113 AA          TAX                    A:0000 X:0000 Y:009C S:012E D:1468 DB:86 nvMXdiZc V:256 H:281 F:57
		828114 C2 20       REP #$20               A:0000 X:0000 Y:009C S:012E D:1468 DB:86 nvMXdiZc V:256 H:284 F:57
		828116 7B          TDC                    A:0000 X:0000 Y:009C S:012E D:1468 DB:86 nvmXdiZc V:256 H:289 F:57
		828117 9D 60 09    STA $0960,X   [860960] A:1468 X:0000 Y:009C S:012E D:1468 DB:86 nvmXdizc V:256 H:292 F:57
		82811A E2 20       SEP #$20               A:1468 X:0000 Y:009C S:012E D:1468 DB:86 nvmXdizc V:256 H:302 F:57
		82811C EE E8 00    INC $00E8     [8600E8] A:1468 X:0000 Y:009C S:012E D:1468 DB:86 nvMXdizc V:256 H:306 F:57
		82811F 6B          RTL                    A:1468 X:0000 Y:009C S:012E D:1468 DB:86 nvMXdizc V:256 H:316 F:57

	80F864 60          RTS                    A:1468 X:0000 Y:009C S:0131 D:1468 DB:86 nvMXdizc V:256 H:326 F:57

80D49C C2 21       REP #$21               A:1468 X:0000 Y:009C S:0133 D:1468 DB:86 nvMXdizc V:256 H:336 F:57
