80D4F6 20 30 D5    JSR $D530     [80D530] A:0E01 X:0000 Y:00CC S:0133 D:0E68 DB:86 nvMXdizC V:246 H:294 F:15

	80D530 C2 20       REP #$20               A:0E01 X:0000 Y:00CC S:0131 D:0E68 DB:86 nvMXdizC V:246 H:304 F:15
	80D532 A5 05       LDA $05       [000E6D] A:0E01 X:0000 Y:00CC S:0131 D:0E68 DB:86 nvmXdizC V:246 H:309 F:15
	80D534 85 22       STA $22       [000E8A] A:1ED0 X:0000 Y:00CC S:0131 D:0E68 DB:86 nvmXdizC V:246 H:317 F:15
	80D536 A5 08       LDA $08       [000E70] A:1ED0 X:0000 Y:00CC S:0131 D:0E68 DB:86 nvmXdizC V:246 H:325 F:15
	80D538 85 24       STA $24       [000E8C] A:01AC X:0000 Y:00CC S:0131 D:0E68 DB:86 nvmXdizC V:246 H:333 F:15
	80D53A E2 20       SEP #$20               A:01AC X:0000 Y:00CC S:0131 D:0E68 DB:86 nvmXdizC V:247 H:  2 F:15
	80D53C A9 80       LDA #$80               A:01AC X:0000 Y:00CC S:0131 D:0E68 DB:86 nvMXdizC V:247 H:  6 F:15
	80D53E 14 0E       TRB $0E       [000E76] A:0180 X:0000 Y:00CC S:0131 D:0E68 DB:86 NvMXdizC V:247 H:  9 F:15
	80D540 A5 0A       LDA $0A       [000E72] A:0180 X:0000 Y:00CC S:0131 D:0E68 DB:86 NvMXdizC V:247 H: 19 F:15
	80D542 0A          ASL A                  A:0102 X:0000 Y:00CC S:0131 D:0E68 DB:86 nvMXdizC V:247 H: 26 F:15
	80D543 AA          TAX                    A:0104 X:0000 Y:00CC S:0131 D:0E68 DB:86 nvMXdizc V:247 H: 29 F:15
	80D544 7C DD F8    JMP ($F8DD,X) [80F8E1] A:0104 X:0004 Y:00CC S:0131 D:0E68 DB:86 nvMXdizc V:247 H: 32 F:15					JMP ($F8DD,E-ID*2)

	80F9BB 22 16 B5 81 JSL $81B516   [81B516] A:0104 X:0004 Y:00CC S:0131 D:0E68 DB:86 nvMXdizc V:247 H: 41 F:15					JSL $81B516 --> Main Chill Penguin routine

		81B516 A6 01       LDX $01       [000E69] A:0104 X:0004 Y:00CC S:012E D:0E68 DB:86 nvMXdizc V:247 H: 54 F:15
		81B518 7C 1B B5    JMP ($B51B,X) [81B51D] A:0104 X:0002 Y:00CC S:012E D:0E68 DB:86 nvMXdizc V:247 H: 61 F:15				JMP ($B51B,State) --> ($81B51D) --> $81B581

		81B581 A6 02       LDX $02       [000E6A] A:0104 X:0002 Y:00CC S:012E D:0E68 DB:86 nvMXdizc V:247 H: 70 F:15				
		81B583 FC 8A B5    JSR ($B58A,X) [81B58E] A:0104 X:0004 Y:00CC S:012E D:0E68 DB:86 nvMXdizc V:247 H: 76 F:15				JSR ($B58A,Action) --> ($81B58E) --> $81B5CA

			81B5CA 22 EA 8E 84 JSL $848EEA   [848EEA] A:0104 X:0004 Y:00CC S:012C D:0E68 DB:86 nvMXdizc V:247 H: 89 F:15			JSL $848EEA --> Decrease CDSkel, Continue Skeleton

				848EEA 08          PHP                    A:0104 X:0004 Y:00CC S:0129 D:0E68 DB:86 nvMXdizc V:247 H:103 F:15
				848EEB 8B          PHB                    A:0104 X:0004 Y:00CC S:0128 D:0E68 DB:86 nvMXdizc V:247 H:108 F:15
				848EEC E2 30       SEP #$30               A:0104 X:0004 Y:00CC S:0127 D:0E68 DB:86 nvMXdizc V:247 H:113 F:15
				848EEE C6 13       DEC $13       [000E7B] A:0104 X:0004 Y:00CC S:0127 D:0E68 DB:86 nvMXdizc V:247 H:117 F:15		Decrease countdown, Branch if Countdown <> #$00
				848EF0 D0 5D       BNE $005D     [848F4F] A:0104 X:0004 Y:00CC S:0127 D:0E68 DB:86 nvMXdiZc V:247 H:127 F:15		
				848EF2 A9 AF       LDA #$AF               A:0104 X:0004 Y:00CC S:0127 D:0E68 DB:86 nvMXdiZc V:247 H:130 F:15
				848EF4 48          PHA                    A:01AF X:0004 Y:00CC S:0127 D:0E68 DB:86 NvMXdizc V:247 H:143 F:15
				848EF5 AB          PLB                    A:01AF X:0004 Y:00CC S:0126 D:0E68 DB:86 NvMXdizc V:247 H:148 F:15
				848EF6 C2 21       REP #$21               A:01AF X:0004 Y:00CC S:0127 D:0E68 DB:AF NvMXdizc V:247 H:155 F:15
				848EF8 A5 14       LDA $14       [000E7C] A:01AF X:0004 Y:00CC S:0127 D:0E68 DB:AF NvmXdizc V:247 H:159 F:15
				848EFA 69 03 00    ADC #$0003             A:D0F4 X:0004 Y:00CC S:0127 D:0E68 DB:AF NvmXdizc V:247 H:168 F:15
				848EFD A4 0F       LDY $0F       [000E77] A:D0F7 X:0004 Y:00CC S:0127 D:0E68 DB:AF NvmXdizc V:247 H:172 F:15
				848EFF 10 37       BPL $0037     [848F38] A:D0F7 X:0004 Y:0000 S:0127 D:0E68 DB:AF nvmXdiZc V:247 H:179 F:15
				848F38 85 14       STA $14       [000E7C] A:D0F7 X:0004 Y:0000 S:0127 D:0E68 DB:AF nvmXdiZc V:247 H:183 F:15
				848F3A E2 30       SEP #$30               A:D0F7 X:0004 Y:0000 S:0127 D:0E68 DB:AF nvmXdiZc V:247 H:192 F:15
				848F3C B2 14       LDA ($14)     [AFD0F7] A:D0F7 X:0004 Y:0000 S:0127 D:0E68 DB:AF nvMXdiZc V:247 H:196 F:15
				848F3E 85 13       STA $13       [000E7B] A:D030 X:0004 Y:0000 S:0127 D:0E68 DB:AF nvMXdizc V:247 H:206 F:15
				848F40 A0 01       LDY #$01               A:D030 X:0004 Y:0000 S:0127 D:0E68 DB:AF nvMXdizc V:247 H:213 F:15
				848F42 B1 14       LDA ($14),Y   [AFD0F8] A:D030 X:0004 Y:0001 S:0127 D:0E68 DB:AF nvMXdizc V:247 H:216 F:15		SkelAction = #$80
				848F44 85 0F       STA $0F       [000E77] A:D080 X:0004 Y:0001 S:0127 D:0E68 DB:AF NvMXdizc V:247 H:226 F:15		
				848F46 C8          INY                    A:D080 X:0004 Y:0001 S:0127 D:0E68 DB:AF NvMXdizc V:247 H:232 F:15
				848F47 B1 14       LDA ($14),Y   [AFD0F9] A:D080 X:0004 Y:0002 S:0127 D:0E68 DB:AF nvMXdizc V:247 H:235 F:15
				848F49 85 17       STA $17       [000E7F] A:D02A X:0004 Y:0002 S:0127 D:0E68 DB:AF nvMXdizc V:247 H:245 F:15
				848F4B A9 80       LDA #$80               A:D02A X:0004 Y:0002 S:0127 D:0E68 DB:AF nvMXdizc V:247 H:252 F:15
				848F4D 04 17       TSB $17       [000E7F] A:D080 X:0004 Y:0002 S:0127 D:0E68 DB:AF NvMXdizc V:247 H:255 F:15
				848F4F AB          PLB                    A:D080 X:0004 Y:0002 S:0127 D:0E68 DB:AF NvMXdiZc V:247 H:265 F:15
				848F50 28          PLP                    A:D080 X:0004 Y:0002 S:0128 D:0E68 DB:86 NvMXdizc V:247 H:271 F:15
				848F51 6B          RTL                    A:D080 X:0004 Y:0002 S:0129 D:0E68 DB:86 nvMXdizc V:247 H:278 F:15

			81B5CE A5 0F       LDA $0F       [000E77] A:D080 X:0004 Y:0002 S:012C D:0E68 DB:86 nvMXdizc V:247 H:288 F:15			|Branch if SkelAction is positive
			81B5D0 10 1C       BPL $001C     [81B5EE] A:D080 X:0004 Y:0002 S:012C D:0E68 DB:86 NvMXdizc V:247 H:295 F:15			|
			81B5D2 A9 06       LDA #$06               A:D080 X:0004 Y:0002 S:012C D:0E68 DB:86 NvMXdizc V:247 H:298 F:15			|Action = #$06
			81B5D4 85 02       STA $02       [000E6A] A:D006 X:0004 Y:0002 S:012C D:0E68 DB:86 nvMXdizc V:247 H:301 F:15			|
			81B5D6 22 B9 82 82 JSL $8282B9   [8282B9] A:D006 X:0004 Y:0002 S:012C D:0E68 DB:86 nvMXdizc V:247 H:307 F:15			JSL $8282B9 --> Load X with first empty MiscData

				8282B9 C2 30       REP #$30               A:D006 X:0004 Y:0002 S:0129 D:0E68 DB:86 nvMXdizc V:247 H:321 F:15
				8282BB A2 28 16    LDX #$1628             A:D006 X:0004 Y:0002 S:0129 D:0E68 DB:86 nvmxdizc V:247 H:325 F:15
				8282BE BD 00 00    LDA $0000,X   [861628] A:D006 X:1628 Y:0002 S:0129 D:0E68 DB:86 nvmxdizc V:247 H:329 F:15
				8282C1 F0 78       BEQ $0078     [82833B] A:0000 X:1628 Y:0002 S:0129 D:0E68 DB:86 nvmxdiZc V:247 H:339 F:15
				82833B E2 22       SEP #$22               A:0000 X:1628 Y:0002 S:0129 D:0E68 DB:86 nvmxdiZc V:248 H:  3 F:15
				82833D 6B          RTL                    A:0000 X:1628 Y:0002 S:0129 D:0E68 DB:86 nvMxdiZc V:248 H:  8 F:15

			81B5DA D0 10       BNE $0010     [81B5EC] A:0000 X:1628 Y:0002 S:012C D:0E68 DB:86 nvMxdiZc V:248 H: 18 F:15			Branch if there's no empty MiscData
			81B5DC FE 00 00    INC $0000,X   [861628] A:0000 X:1628 Y:0002 S:012C D:0E68 DB:86 nvMxdiZc V:248 H: 21 F:15			M-Exist = #$01
			81B5DF A9 12       LDA #$12               A:0000 X:1628 Y:0002 S:012C D:0E68 DB:86 nvMxdizc V:248 H: 33 F:15			|M-ID = #$12 (Wind)
			81B5E1 9D 0A 00    STA $000A,X   [861632] A:0012 X:1628 Y:0002 S:012C D:0E68 DB:86 nvMxdizc V:248 H: 36 F:15			|
			81B5E4 C2 20       REP #$20               A:0012 X:1628 Y:0002 S:012C D:0E68 DB:86 nvMxdizc V:248 H: 44 F:15			A:2B
			81B5E6 7B          TDC                    A:0012 X:1628 Y:0002 S:012C D:0E68 DB:86 nvmxdizc V:248 H: 48 F:15			|
			81B5E7 9D 0C 00    STA $000C,X   [861634] A:0E68 X:1628 Y:0002 S:012C D:0E68 DB:86 nvmxdizc V:248 H: 51 F:15			M-Parent = #$0E68 --> Associated EnemyData
			81B5EA 86 0C       STX $0C       [000E74] A:0E68 X:1628 Y:0002 S:012C D:0E68 DB:86 nvmxdizc V:248 H: 61 F:15			E-Parent = #$1628 --> Associated MiscData
			81B5EC E2 30       SEP #$30               A:0E68 X:1628 Y:0002 S:012C D:0E68 DB:86 nvmxdizc V:248 H: 70 F:15			A:1B,X:1B
			81B5EE 60          RTS                    A:0E68 X:0028 Y:0002 S:012C D:0E68 DB:86 nvMXdizc V:248 H: 74 F:15			Return

		81B586 5C B4 80 82 JML $8280B4   [8280B4] A:0E68 X:0028 Y:0002 S:012E D:0E68 DB:86 nvMXdizc V:248 H: 84 F:15

		8280B4 C2 20       REP #$20               A:0E68 X:0028 Y:0002 S:012E D:0E68 DB:86 nvMXdizc V:248 H: 90 F:15
		8280B6 38          SEC                    A:0E68 X:0028 Y:0002 S:012E D:0E68 DB:86 nvmXdizc V:248 H: 95 F:15
		8280B7 A5 05       LDA $05       [000E6D] A:0E68 X:0028 Y:0002 S:012E D:0E68 DB:86 nvmXdizC V:248 H: 98 F:15
		8280B9 ED 4D 1E    SBC $1E4D     [861E4D] A:1ED0 X:0028 Y:0002 S:012E D:0E68 DB:86 nvmXdizC V:248 H:106 F:15
		8280BC 18          CLC                    A:00D0 X:0028 Y:0002 S:012E D:0E68 DB:86 nvmXdizC V:248 H:115 F:15
		8280BD 69 20 00    ADC #$0020             A:00D0 X:0028 Y:0002 S:012E D:0E68 DB:86 nvmXdizc V:248 H:118 F:15
		8280C0 C9 40 01    CMP #$0140             A:00F0 X:0028 Y:0002 S:012E D:0E68 DB:86 nvmXdizc V:248 H:122 F:15
		8280C3 B0 0F       BCS $000F     [8280D4] A:00F0 X:0028 Y:0002 S:012E D:0E68 DB:86 NvmXdizc V:248 H:127 F:15
		8280C5 38          SEC                    A:00F0 X:0028 Y:0002 S:012E D:0E68 DB:86 NvmXdizc V:248 H:130 F:15
		8280C6 A5 08       LDA $08       [000E70] A:00F0 X:0028 Y:0002 S:012E D:0E68 DB:86 NvmXdizC V:248 H:133 F:15
		8280C8 ED 50 1E    SBC $1E50     [861E50] A:01AC X:0028 Y:0002 S:012E D:0E68 DB:86 nvmXdizC V:248 H:151 F:15
		8280CB 18          CLC                    A:00AC X:0028 Y:0002 S:012E D:0E68 DB:86 nvmXdizC V:248 H:160 F:15
		8280CC 69 10 00    ADC #$0010             A:00AC X:0028 Y:0002 S:012E D:0E68 DB:86 nvmXdizc V:248 H:163 F:15
		8280CF C9 00 01    CMP #$0100             A:00BC X:0028 Y:0002 S:012E D:0E68 DB:86 nvmXdizc V:248 H:167 F:15
		8280D2 90 05       BCC $0005     [8280D9] A:00BC X:0028 Y:0002 S:012E D:0E68 DB:86 NvmXdizc V:248 H:172 F:15
		8280D9 E2 20       SEP #$20               A:00BC X:0028 Y:0002 S:012E D:0E68 DB:86 NvmXdizc V:248 H:176 F:15
		8280DB A9 81       LDA #$81               A:00BC X:0028 Y:0002 S:012E D:0E68 DB:86 NvMXdizc V:248 H:181 F:15
		8280DD 85 0E       STA $0E       [000E76] A:0081 X:0028 Y:0002 S:012E D:0E68 DB:86 NvMXdizc V:248 H:184 F:15
		8280DF E2 30       SEP #$30               A:0081 X:0028 Y:0002 S:012E D:0E68 DB:86 NvMXdizc V:248 H:190 F:15
		8280E1 A6 12       LDX $12       [000E7A] A:0081 X:0028 Y:0002 S:012E D:0E68 DB:86 NvMXdizc V:248 H:195 F:15
		8280E3 10 02       BPL $0002     [8280E7] A:0081 X:0004 Y:0002 S:012E D:0E68 DB:86 nvMXdizc V:248 H:201 F:15
		8280E7 7C EA 80    JMP ($80EA,X) [8280EE] A:0081 X:0004 Y:0002 S:012E D:0E68 DB:86 nvMXdizc V:248 H:206 F:15

		828135 AD EA 00    LDA $00EA     [8600EA] A:0081 X:0004 Y:0002 S:012E D:0E68 DB:86 nvMXdizc V:248 H:215 F:15
		828138 C9 20       CMP #$20               A:0000 X:0004 Y:0002 S:012E D:0E68 DB:86 nvMXdiZc V:248 H:221 F:15
		82813A B0 0D       BCS $000D     [828149] A:0000 X:0004 Y:0002 S:012E D:0E68 DB:86 NvMXdizc V:248 H:224 F:15
		82813C 0A          ASL A                  A:0000 X:0004 Y:0002 S:012E D:0E68 DB:86 NvMXdizc V:248 H:227 F:15
		82813D AA          TAX                    A:0000 X:0004 Y:0002 S:012E D:0E68 DB:86 nvMXdiZc V:248 H:230 F:15
		82813E C2 20       REP #$20               A:0000 X:0000 Y:0002 S:012E D:0E68 DB:86 nvMXdiZc V:248 H:233 F:15
		828140 7B          TDC                    A:0000 X:0000 Y:0002 S:012E D:0E68 DB:86 nvmXdiZc V:248 H:238 F:15
		828141 9D E0 09    STA $09E0,X   [8609E0] A:0E68 X:0000 Y:0002 S:012E D:0E68 DB:86 nvmXdizc V:248 H:241 F:15
		828144 E2 20       SEP #$20               A:0E68 X:0000 Y:0002 S:012E D:0E68 DB:86 nvmXdizc V:248 H:251 F:15
		828146 EE EA 00    INC $00EA     [8600EA] A:0E68 X:0000 Y:0002 S:012E D:0E68 DB:86 nvMXdizc V:248 H:255 F:15
		828149 6B          RTL                    A:0E68 X:0000 Y:0002 S:012E D:0E68 DB:86 nvMXdizc V:248 H:265 F:15

	80F9BF 60          RTS                    A:0E68 X:0000 Y:0002 S:0131 D:0E68 DB:86 nvMXdizc V:248 H:276 F:15

80D4F9 C2 21       REP #$21               A:0E68 X:0000 Y:0002 S:0133 D:0E68 DB:86 nvMXdizc V:248 H:286 F:15
80D4FB 7B          TDC                    A:0E68 X:0000 Y:0002 S:0133 D:0E68 DB:86 nvmXdizc V:248 H:290 F:15
80D4FC 69 40 00    ADC #$0040             A:0E68 X:0000 Y:0002 S:0133 D:0E68 DB:86 nvmXdizc V:248 H:293 F:15
80D4FF C9 28 12    CMP #$1228             A:0EA8 X:0000 Y:0002 S:0133 D:0E68 DB:86 nvmXdizc V:248 H:298 F:15
80D502 90 EB       BCC $00EB     [80D4EF] A:0EA8 X:0000 Y:0002 S:0133 D:0E68 DB:86 NvmXdizc V:248 H:302 F:15
80D4EF 5B          TCD                    A:0EA8 X:0000 Y:0002 S:0133 D:0E68 DB:86 NvmXdizc V:248 H:307 F:15
80D4F0 E2 30       SEP #$30               A:0EA8 X:0000 Y:0002 S:0133 D:0EA8 DB:86 nvmXdizc V:248 H:310 F:15
80D4F2 A5 00       LDA $00       [000EA8] A:0EA8 X:0000 Y:0002 S:0133 D:0EA8 DB:86 nvMXdizc V:248 H:314 F:15
80D4F4 F0 03       BEQ $0003     [80D4F9] A:0E00 X:0000 Y:0002 S:0133 D:0EA8 DB:86 nvMXdiZc V:248 H:321 F:15
80D4F9 C2 21       REP #$21               A:0E00 X:0000 Y:0002 S:0133 D:0EA8 DB:86 nvMXdiZc V:248 H:325 F:15
80D4FB 7B          TDC                    A:0E00 X:0000 Y:0002 S:0133 D:0EA8 DB:86 nvmXdiZc V:248 H:329 F:15
80D4FC 69 40 00    ADC #$0040             A:0EA8 X:0000 Y:0002 S:0133 D:0EA8 DB:86 nvmXdizc V:248 H:332 F:15
80D4FF C9 28 12    CMP #$1228             A:0EE8 X:0000 Y:0002 S:0133 D:0EA8 DB:86 nvmXdizc V:248 H:336 F:15
80D502 90 EB       BCC $00EB     [80D4EF] A:0EE8 X:0000 Y:0002 S:0133 D:0EA8 DB:86 NvmXdizc V:249 H:  1 F:15
80D4EF 5B          TCD                    A:0EE8 X:0000 Y:0002 S:0133 D:0EA8 DB:86 NvmXdizc V:249 H:  5 F:15
80D4F0 E2 30       SEP #$30               A:0EE8 X:0000 Y:0002 S:0133 D:0EE8 DB:86 nvmXdizc V:249 H:  8 F:15
80D4F2 A5 00       LDA $00       [000EE8] A:0EE8 X:0000 Y:0002 S:0133 D:0EE8 DB:86 nvMXdizc V:249 H: 13 F:15
80D4F4 F0 03       BEQ $0003     [80D4F9] A:0E00 X:0000 Y:0002 S:0133 D:0EE8 DB:86 nvMXdiZc V:249 H: 19 F:15
80D4F9 C2 21       REP #$21               A:0E00 X:0000 Y:0002 S:0133 D:0EE8 DB:86 nvMXdiZc V:249 H: 24 F:15
80D4FB 7B          TDC                    A:0E00 X:0000 Y:0002 S:0133 D:0EE8 DB:86 nvmXdiZc V:249 H: 28 F:15
80D4FC 69 40 00    ADC #$0040             A:0EE8 X:0000 Y:0002 S:0133 D:0EE8 DB:86 nvmXdizc V:249 H: 31 F:15
80D4FF C9 28 12    CMP #$1228             A:0F28 X:0000 Y:0002 S:0133 D:0EE8 DB:86 nvmXdizc V:249 H: 36 F:15
80D502 90 EB       BCC $00EB     [80D4EF] A:0F28 X:0000 Y:0002 S:0133 D:0EE8 DB:86 NvmXdizc V:249 H: 40 F:15
80D4EF 5B          TCD                    A:0F28 X:0000 Y:0002 S:0133 D:0EE8 DB:86 NvmXdizc V:249 H: 45 F:15
80D4F0 E2 30       SEP #$30               A:0F28 X:0000 Y:0002 S:0133 D:0F28 DB:86 nvmXdizc V:249 H: 48 F:15
80D4F2 A5 00       LDA $00       [000F28] A:0F28 X:0000 Y:0002 S:0133 D:0F28 DB:86 nvMXdizc V:249 H: 52 F:15
80D4F4 F0 03       BEQ $0003     [80D4F9] A:0F00 X:0000 Y:0002 S:0133 D:0F28 DB:86 nvMXdiZc V:249 H: 59 F:15
80D4F9 C2 21       REP #$21               A:0F00 X:0000 Y:0002 S:0133 D:0F28 DB:86 nvMXdiZc V:249 H: 63 F:15
80D4FB 7B          TDC                    A:0F00 X:0000 Y:0002 S:0133 D:0F28 DB:86 nvmXdiZc V:249 H: 68 F:15
80D4FC 69 40 00    ADC #$0040             A:0F28 X:0000 Y:0002 S:0133 D:0F28 DB:86 nvmXdizc V:249 H: 71 F:15
80D4FF C9 28 12    CMP #$1228             A:0F68 X:0000 Y:0002 S:0133 D:0F28 DB:86 nvmXdizc V:249 H: 75 F:15
80D502 90 EB       BCC $00EB     [80D4EF] A:0F68 X:0000 Y:0002 S:0133 D:0F28 DB:86 NvmXdizc V:249 H: 80 F:15
80D4EF 5B          TCD                    A:0F68 X:0000 Y:0002 S:0133 D:0F28 DB:86 NvmXdizc V:249 H: 84 F:15
80D4F0 E2 30       SEP #$30               A:0F68 X:0000 Y:0002 S:0133 D:0F68 DB:86 nvmXdizc V:249 H: 87 F:15
80D4F2 A5 00       LDA $00       [000F68] A:0F68 X:0000 Y:0002 S:0133 D:0F68 DB:86 nvMXdizc V:249 H: 92 F:15
80D4F4 F0 03       BEQ $0003     [80D4F9] A:0F00 X:0000 Y:0002 S:0133 D:0F68 DB:86 nvMXdiZc V:249 H: 98 F:15
80D4F9 C2 21       REP #$21               A:0F00 X:0000 Y:0002 S:0133 D:0F68 DB:86 nvMXdiZc V:249 H:103 F:15
80D4FB 7B          TDC                    A:0F00 X:0000 Y:0002 S:0133 D:0F68 DB:86 nvmXdiZc V:249 H:107 F:15
80D4FC 69 40 00    ADC #$0040             A:0F68 X:0000 Y:0002 S:0133 D:0F68 DB:86 nvmXdizc V:249 H:110 F:15
80D4FF C9 28 12    CMP #$1228             A:0FA8 X:0000 Y:0002 S:0133 D:0F68 DB:86 nvmXdizc V:249 H:115 F:15
80D502 90 EB       BCC $00EB     [80D4EF] A:0FA8 X:0000 Y:0002 S:0133 D:0F68 DB:86 NvmXdizc V:249 H:119 F:15
80D4EF 5B          TCD                    A:0FA8 X:0000 Y:0002 S:0133 D:0F68 DB:86 NvmXdizc V:249 H:124 F:15
80D4F0 E2 30       SEP #$30               A:0FA8 X:0000 Y:0002 S:0133 D:0FA8 DB:86 nvmXdizc V:249 H:127 F:15
80D4F2 A5 00       LDA $00       [000FA8] A:0FA8 X:0000 Y:0002 S:0133 D:0FA8 DB:86 nvMXdizc V:249 H:131 F:15
80D4F4 F0 03       BEQ $0003     [80D4F9] A:0F00 X:0000 Y:0002 S:0133 D:0FA8 DB:86 nvMXdiZc V:249 H:148 F:15
80D4F9 C2 21       REP #$21               A:0F00 X:0000 Y:0002 S:0133 D:0FA8 DB:86 nvMXdiZc V:249 H:152 F:15
80D4FB 7B          TDC                    A:0F00 X:0000 Y:0002 S:0133 D:0FA8 DB:86 nvmXdiZc V:249 H:157 F:15
80D4FC 69 40 00    ADC #$0040             A:0FA8 X:0000 Y:0002 S:0133 D:0FA8 DB:86 nvmXdizc V:249 H:160 F:15
80D4FF C9 28 12    CMP #$1228             A:0FE8 X:0000 Y:0002 S:0133 D:0FA8 DB:86 nvmXdizc V:249 H:164 F:15
80D502 90 EB       BCC $00EB     [80D4EF] A:0FE8 X:0000 Y:0002 S:0133 D:0FA8 DB:86 NvmXdizc V:249 H:169 F:15
80D4EF 5B          TCD                    A:0FE8 X:0000 Y:0002 S:0133 D:0FA8 DB:86 NvmXdizc V:249 H:173 F:15
80D4F0 E2 30       SEP #$30               A:0FE8 X:0000 Y:0002 S:0133 D:0FE8 DB:86 nvmXdizc V:249 H:176 F:15
80D4F2 A5 00       LDA $00       [000FE8] A:0FE8 X:0000 Y:0002 S:0133 D:0FE8 DB:86 nvMXdizc V:249 H:181 F:15
80D4F4 F0 03       BEQ $0003     [80D4F9] A:0F00 X:0000 Y:0002 S:0133 D:0FE8 DB:86 nvMXdiZc V:249 H:187 F:15
80D4F9 C2 21       REP #$21               A:0F00 X:0000 Y:0002 S:0133 D:0FE8 DB:86 nvMXdiZc V:249 H:192 F:15
80D4FB 7B          TDC                    A:0F00 X:0000 Y:0002 S:0133 D:0FE8 DB:86 nvmXdiZc V:249 H:196 F:15
80D4FC 69 40 00    ADC #$0040             A:0FE8 X:0000 Y:0002 S:0133 D:0FE8 DB:86 nvmXdizc V:249 H:199 F:15
80D4FF C9 28 12    CMP #$1228             A:1028 X:0000 Y:0002 S:0133 D:0FE8 DB:86 nvmXdizc V:249 H:204 F:15
80D502 90 EB       BCC $00EB     [80D4EF] A:1028 X:0000 Y:0002 S:0133 D:0FE8 DB:86 NvmXdizc V:249 H:208 F:15
80D4EF 5B          TCD                    A:1028 X:0000 Y:0002 S:0133 D:0FE8 DB:86 NvmXdizc V:249 H:213 F:15
80D4F0 E2 30       SEP #$30               A:1028 X:0000 Y:0002 S:0133 D:1028 DB:86 nvmXdizc V:249 H:216 F:15
80D4F2 A5 00       LDA $00       [001028] A:1028 X:0000 Y:0002 S:0133 D:1028 DB:86 nvMXdizc V:249 H:220 F:15
80D4F4 F0 03       BEQ $0003     [80D4F9] A:1000 X:0000 Y:0002 S:0133 D:1028 DB:86 nvMXdiZc V:249 H:227 F:15
80D4F9 C2 21       REP #$21               A:1000 X:0000 Y:0002 S:0133 D:1028 DB:86 nvMXdiZc V:249 H:231 F:15
80D4FB 7B          TDC                    A:1000 X:0000 Y:0002 S:0133 D:1028 DB:86 nvmXdiZc V:249 H:236 F:15
80D4FC 69 40 00    ADC #$0040             A:1028 X:0000 Y:0002 S:0133 D:1028 DB:86 nvmXdizc V:249 H:239 F:15
80D4FF C9 28 12    CMP #$1228             A:1068 X:0000 Y:0002 S:0133 D:1028 DB:86 nvmXdizc V:249 H:243 F:15
80D502 90 EB       BCC $00EB     [80D4EF] A:1068 X:0000 Y:0002 S:0133 D:1028 DB:86 NvmXdizc V:249 H:248 F:15
80D4EF 5B          TCD                    A:1068 X:0000 Y:0002 S:0133 D:1028 DB:86 NvmXdizc V:249 H:252 F:15
80D4F0 E2 30       SEP #$30               A:1068 X:0000 Y:0002 S:0133 D:1068 DB:86 nvmXdizc V:249 H:255 F:15
80D4F2 A5 00       LDA $00       [001068] A:1068 X:0000 Y:0002 S:0133 D:1068 DB:86 nvMXdizc V:249 H:260 F:15
80D4F4 F0 03       BEQ $0003     [80D4F9] A:1000 X:0000 Y:0002 S:0133 D:1068 DB:86 nvMXdiZc V:249 H:266 F:15
80D4F9 C2 21       REP #$21               A:1000 X:0000 Y:0002 S:0133 D:1068 DB:86 nvMXdiZc V:249 H:271 F:15
80D4FB 7B          TDC                    A:1000 X:0000 Y:0002 S:0133 D:1068 DB:86 nvmXdiZc V:249 H:275 F:15
80D4FC 69 40 00    ADC #$0040             A:1068 X:0000 Y:0002 S:0133 D:1068 DB:86 nvmXdizc V:249 H:278 F:15
80D4FF C9 28 12    CMP #$1228             A:10A8 X:0000 Y:0002 S:0133 D:1068 DB:86 nvmXdizc V:249 H:283 F:15
80D502 90 EB       BCC $00EB     [80D4EF] A:10A8 X:0000 Y:0002 S:0133 D:1068 DB:86 NvmXdizc V:249 H:287 F:15
80D4EF 5B          TCD                    A:10A8 X:0000 Y:0002 S:0133 D:1068 DB:86 NvmXdizc V:249 H:292 F:15
80D4F0 E2 30       SEP #$30               A:10A8 X:0000 Y:0002 S:0133 D:10A8 DB:86 nvmXdizc V:249 H:295 F:15
80D4F2 A5 00       LDA $00       [0010A8] A:10A8 X:0000 Y:0002 S:0133 D:10A8 DB:86 nvMXdizc V:249 H:299 F:15
80D4F4 F0 03       BEQ $0003     [80D4F9] A:1000 X:0000 Y:0002 S:0133 D:10A8 DB:86 nvMXdiZc V:249 H:306 F:15
80D4F9 C2 21       REP #$21               A:1000 X:0000 Y:0002 S:0133 D:10A8 DB:86 nvMXdiZc V:249 H:310 F:15
80D4FB 7B          TDC                    A:1000 X:0000 Y:0002 S:0133 D:10A8 DB:86 nvmXdiZc V:249 H:315 F:15
80D4FC 69 40 00    ADC #$0040             A:10A8 X:0000 Y:0002 S:0133 D:10A8 DB:86 nvmXdizc V:249 H:318 F:15
80D4FF C9 28 12    CMP #$1228             A:10E8 X:0000 Y:0002 S:0133 D:10A8 DB:86 nvmXdizc V:249 H:322 F:15
80D502 90 EB       BCC $00EB     [80D4EF] A:10E8 X:0000 Y:0002 S:0133 D:10A8 DB:86 NvmXdizc V:249 H:326 F:15
80D4EF 5B          TCD                    A:10E8 X:0000 Y:0002 S:0133 D:10A8 DB:86 NvmXdizc V:249 H:330 F:15
80D4F0 E2 30       SEP #$30               A:10E8 X:0000 Y:0002 S:0133 D:10E8 DB:86 nvmXdizc V:249 H:333 F:15
80D4F2 A5 00       LDA $00       [0010E8] A:10E8 X:0000 Y:0002 S:0133 D:10E8 DB:86 nvMXdizc V:249 H:338 F:15
80D4F4 F0 03       BEQ $0003     [80D4F9] A:1000 X:0000 Y:0002 S:0133 D:10E8 DB:86 nvMXdiZc V:250 H:  4 F:15
80D4F9 C2 21       REP #$21               A:1000 X:0000 Y:0002 S:0133 D:10E8 DB:86 nvMXdiZc V:250 H:  9 F:15
80D4FB 7B          TDC                    A:1000 X:0000 Y:0002 S:0133 D:10E8 DB:86 nvmXdiZc V:250 H: 13 F:15
80D4FC 69 40 00    ADC #$0040             A:10E8 X:0000 Y:0002 S:0133 D:10E8 DB:86 nvmXdizc V:250 H: 16 F:15
80D4FF C9 28 12    CMP #$1228             A:1128 X:0000 Y:0002 S:0133 D:10E8 DB:86 nvmXdizc V:250 H: 21 F:15
80D502 90 EB       BCC $00EB     [80D4EF] A:1128 X:0000 Y:0002 S:0133 D:10E8 DB:86 NvmXdizc V:250 H: 25 F:15
80D4EF 5B          TCD                    A:1128 X:0000 Y:0002 S:0133 D:10E8 DB:86 NvmXdizc V:250 H: 30 F:15
80D4F0 E2 30       SEP #$30               A:1128 X:0000 Y:0002 S:0133 D:1128 DB:86 nvmXdizc V:250 H: 33 F:15
80D4F2 A5 00       LDA $00       [001128] A:1128 X:0000 Y:0002 S:0133 D:1128 DB:86 nvMXdizc V:250 H: 37 F:15
80D4F4 F0 03       BEQ $0003     [80D4F9] A:1100 X:0000 Y:0002 S:0133 D:1128 DB:86 nvMXdiZc V:250 H: 44 F:15
80D4F9 C2 21       REP #$21               A:1100 X:0000 Y:0002 S:0133 D:1128 DB:86 nvMXdiZc V:250 H: 48 F:15
80D4FB 7B          TDC                    A:1100 X:0000 Y:0002 S:0133 D:1128 DB:86 nvmXdiZc V:250 H: 53 F:15
80D4FC 69 40 00    ADC #$0040             A:1128 X:0000 Y:0002 S:0133 D:1128 DB:86 nvmXdizc V:250 H: 56 F:15
80D4FF C9 28 12    CMP #$1228             A:1168 X:0000 Y:0002 S:0133 D:1128 DB:86 nvmXdizc V:250 H: 60 F:15
80D502 90 EB       BCC $00EB     [80D4EF] A:1168 X:0000 Y:0002 S:0133 D:1128 DB:86 NvmXdizc V:250 H: 65 F:15
80D4EF 5B          TCD                    A:1168 X:0000 Y:0002 S:0133 D:1128 DB:86 NvmXdizc V:250 H: 69 F:15
80D4F0 E2 30       SEP #$30               A:1168 X:0000 Y:0002 S:0133 D:1168 DB:86 nvmXdizc V:250 H: 72 F:15
80D4F2 A5 00       LDA $00       [001168] A:1168 X:0000 Y:0002 S:0133 D:1168 DB:86 nvMXdizc V:250 H: 77 F:15
80D4F4 F0 03       BEQ $0003     [80D4F9] A:1100 X:0000 Y:0002 S:0133 D:1168 DB:86 nvMXdiZc V:250 H: 83 F:15
80D4F9 C2 21       REP #$21               A:1100 X:0000 Y:0002 S:0133 D:1168 DB:86 nvMXdiZc V:250 H: 88 F:15
80D4FB 7B          TDC                    A:1100 X:0000 Y:0002 S:0133 D:1168 DB:86 nvmXdiZc V:250 H: 92 F:15
80D4FC 69 40 00    ADC #$0040             A:1168 X:0000 Y:0002 S:0133 D:1168 DB:86 nvmXdizc V:250 H: 95 F:15
80D4FF C9 28 12    CMP #$1228             A:11A8 X:0000 Y:0002 S:0133 D:1168 DB:86 nvmXdizc V:250 H:100 F:15
80D502 90 EB       BCC $00EB     [80D4EF] A:11A8 X:0000 Y:0002 S:0133 D:1168 DB:86 NvmXdizc V:250 H:104 F:15
80D4EF 5B          TCD                    A:11A8 X:0000 Y:0002 S:0133 D:1168 DB:86 NvmXdizc V:250 H:109 F:15
80D4F0 E2 30       SEP #$30               A:11A8 X:0000 Y:0002 S:0133 D:11A8 DB:86 nvmXdizc V:250 H:112 F:15
80D4F2 A5 00       LDA $00       [0011A8] A:11A8 X:0000 Y:0002 S:0133 D:11A8 DB:86 nvMXdizc V:250 H:116 F:15
80D4F4 F0 03       BEQ $0003     [80D4F9] A:1100 X:0000 Y:0002 S:0133 D:11A8 DB:86 nvMXdiZc V:250 H:123 F:15
80D4F9 C2 21       REP #$21               A:1100 X:0000 Y:0002 S:0133 D:11A8 DB:86 nvMXdiZc V:250 H:127 F:15
80D4FB 7B          TDC                    A:1100 X:0000 Y:0002 S:0133 D:11A8 DB:86 nvmXdiZc V:250 H:132 F:15
80D4FC 69 40 00    ADC #$0040             A:11A8 X:0000 Y:0002 S:0133 D:11A8 DB:86 nvmXdizc V:250 H:145 F:15
80D4FF C9 28 12    CMP #$1228             A:11E8 X:0000 Y:0002 S:0133 D:11A8 DB:86 nvmXdizc V:250 H:149 F:15
80D502 90 EB       BCC $00EB     [80D4EF] A:11E8 X:0000 Y:0002 S:0133 D:11A8 DB:86 NvmXdizc V:250 H:154 F:15
80D4EF 5B          TCD                    A:11E8 X:0000 Y:0002 S:0133 D:11A8 DB:86 NvmXdizc V:250 H:158 F:15
80D4F0 E2 30       SEP #$30               A:11E8 X:0000 Y:0002 S:0133 D:11E8 DB:86 nvmXdizc V:250 H:161 F:15
80D4F2 A5 00       LDA $00       [0011E8] A:11E8 X:0000 Y:0002 S:0133 D:11E8 DB:86 nvMXdizc V:250 H:166 F:15
80D4F4 F0 03       BEQ $0003     [80D4F9] A:1100 X:0000 Y:0002 S:0133 D:11E8 DB:86 nvMXdiZc V:250 H:172 F:15
80D4F9 C2 21       REP #$21               A:1100 X:0000 Y:0002 S:0133 D:11E8 DB:86 nvMXdiZc V:250 H:177 F:15
80D4FB 7B          TDC                    A:1100 X:0000 Y:0002 S:0133 D:11E8 DB:86 nvmXdiZc V:250 H:181 F:15
80D4FC 69 40 00    ADC #$0040             A:11E8 X:0000 Y:0002 S:0133 D:11E8 DB:86 nvmXdizc V:250 H:184 F:15
80D4FF C9 28 12    CMP #$1228             A:1228 X:0000 Y:0002 S:0133 D:11E8 DB:86 nvmXdizc V:250 H:189 F:15
80D502 90 EB       BCC $00EB     [80D4EF] A:1228 X:0000 Y:0002 S:0133 D:11E8 DB:86 nvmXdiZC V:250 H:193 F:15
80D504 E2 30       SEP #$30               A:1228 X:0000 Y:0002 S:0133 D:11E8 DB:86 nvmXdiZC V:250 H:196 F:15
80D506 60          RTS                    A:1228 X:0000 Y:0002 S:0133 D:11E8 DB:86 nvMXdiZC V:250 H:201 F:15
