80D4F6 20 30 D5    JSR $D530     [80D530] A:0E01 X:0000 Y:00B9 S:0133 D:0E68 DB:86 nvMXdizC V:255 H: 31 F:45

	80D530 C2 20       REP #$20               A:0E01 X:0000 Y:00B9 S:0131 D:0E68 DB:86 nvMXdizC V:255 H: 41 F:45
	80D532 A5 05       LDA $05       [000E6D] A:0E01 X:0000 Y:00B9 S:0131 D:0E68 DB:86 nvmXdizC V:255 H: 46 F:45
	80D534 85 22       STA $22       [000E8A] A:1D22 X:0000 Y:00B9 S:0131 D:0E68 DB:86 nvmXdizC V:255 H: 54 F:45
	80D536 A5 08       LDA $08       [000E70] A:1D22 X:0000 Y:00B9 S:0131 D:0E68 DB:86 nvmXdizC V:255 H: 63 F:45
	80D538 85 24       STA $24       [000E8C] A:03A2 X:0000 Y:00B9 S:0131 D:0E68 DB:86 nvmXdizC V:255 H: 71 F:45
	80D53A E2 20       SEP #$20               A:03A2 X:0000 Y:00B9 S:0131 D:0E68 DB:86 nvmXdizC V:255 H: 80 F:45
	80D53C A9 80       LDA #$80               A:03A2 X:0000 Y:00B9 S:0131 D:0E68 DB:86 nvMXdizC V:255 H: 84 F:45
	80D53E 14 0E       TRB $0E       [000E76] A:0380 X:0000 Y:00B9 S:0131 D:0E68 DB:86 NvMXdizC V:255 H: 87 F:45
	80D540 A5 0A       LDA $0A       [000E72] A:0380 X:0000 Y:00B9 S:0131 D:0E68 DB:86 NvMXdizC V:255 H: 97 F:45
	80D542 0A          ASL A                  A:0331 X:0000 Y:00B9 S:0131 D:0E68 DB:86 nvMXdizC V:255 H:104 F:45
	80D543 AA          TAX                    A:0362 X:0000 Y:00B9 S:0131 D:0E68 DB:86 nvMXdizc V:255 H:107 F:45
	80D544 7C DD F8    JMP ($F8DD,X) [80F93F] A:0362 X:0062 Y:00B9 S:0131 D:0E68 DB:86 nvMXdizc V:255 H:110 F:45

	80FAA6 22 E1 9B 88 JSL $889BE1   [889BE1] A:0362 X:0062 Y:00B9 S:0131 D:0E68 DB:86 nvMXdizc V:255 H:119 F:45

		889BE1 A6 01       LDX $01       [000E69] A:0362 X:0062 Y:00B9 S:012E D:0E68 DB:86 nvMXdizc V:255 H:132 F:45
		889BE3 7C E6 9B    JMP ($9BE6,X) [889BEA] A:0362 X:0004 Y:00B9 S:012E D:0E68 DB:86 nvMXdizc V:255 H:149 F:45

		889D6E A9 0E       LDA #$0E               A:0362 X:0004 Y:00B9 S:012E D:0E68 DB:86 nvMXdizc V:255 H:158 F:45
		889D70 14 11       TRB $11       [000E79] A:030E X:0004 Y:00B9 S:012E D:0E68 DB:86 nvMXdizc V:255 H:161 F:45
		889D72 A5 33       LDA $33       [000E9B] A:030E X:0004 Y:00B9 S:012E D:0E68 DB:86 nvMXdizc V:255 H:171 F:45
		889D74 04 11       TSB $11       [000E79] A:0308 X:0004 Y:00B9 S:012E D:0E68 DB:86 nvMXdizc V:255 H:177 F:45
		889D76 A6 02       LDX $02       [000E6A] A:0308 X:0004 Y:00B9 S:012E D:0E68 DB:86 nvMXdiZc V:255 H:187 F:45
		889D78 FC 2C 9E    JSR ($9E2C,X) [889E32] A:0308 X:0006 Y:00B9 S:012E D:0E68 DB:86 nvMXdizc V:255 H:194 F:45

			88A16E A6 03       LDX $03       [000E6B] A:0308 X:0006 Y:00B9 S:012C D:0E68 DB:86 nvMXdizc V:255 H:207 F:45
			88A170 7C 73 A1    JMP ($A173,X) [88A17B] A:0308 X:0008 Y:00B9 S:012C D:0E68 DB:86 nvMXdizc V:255 H:213 F:45

			88A1FB 22 A5 AC 84 JSL $84ACA5   [84ACA5] A:0308 X:0008 Y:00B9 S:012C D:0E68 DB:86 nvMXdizc V:255 H:222 F:45		JSL $84ACA5 --> Update Facing (40 bit)

				84ACA5 08          PHP                    A:0308 X:0008 Y:00B9 S:0129 D:0E68 DB:86 nvMXdizc V:255 H:236 F:45
				84ACA6 E2 20       SEP #$20               A:0308 X:0008 Y:00B9 S:0128 D:0E68 DB:86 nvMXdizc V:255 H:241 F:45
				84ACA8 A9 40       LDA #$40               A:0308 X:0008 Y:00B9 S:0128 D:0E68 DB:86 nvMXdizc V:255 H:245 F:45
				84ACAA 14 11       TRB $11       [000E79] A:0340 X:0008 Y:00B9 S:0128 D:0E68 DB:86 nvMXdizc V:255 H:248 F:45
				84ACAC C2 20       REP #$20               A:0340 X:0008 Y:00B9 S:0128 D:0E68 DB:86 nvMXdiZc V:255 H:258 F:45
				84ACAE AD AD 0B    LDA $0BAD     [860BAD] A:0340 X:0008 Y:00B9 S:0128 D:0E68 DB:86 nvmXdiZc V:255 H:263 F:45
				84ACB1 38          SEC                    A:1D17 X:0008 Y:00B9 S:0128 D:0E68 DB:86 nvmXdizc V:255 H:271 F:45
				84ACB2 E5 05       SBC $05       [000E6D] A:1D17 X:0008 Y:00B9 S:0128 D:0E68 DB:86 nvmXdizC V:255 H:274 F:45
				84ACB4 E2 20       SEP #$20               A:FFF5 X:0008 Y:00B9 S:0128 D:0E68 DB:86 NvmXdizc V:255 H:283 F:45
				84ACB6 A9 00       LDA #$00               A:FFF5 X:0008 Y:00B9 S:0128 D:0E68 DB:86 NvMXdizc V:255 H:287 F:45
				84ACB8 6A          ROR A                  A:FF00 X:0008 Y:00B9 S:0128 D:0E68 DB:86 nvMXdiZc V:255 H:290 F:45
				84ACB9 4A          LSR A                  A:FF00 X:0008 Y:00B9 S:0128 D:0E68 DB:86 nvMXdiZc V:255 H:293 F:45
				84ACBA 04 11       TSB $11       [000E79] A:FF00 X:0008 Y:00B9 S:0128 D:0E68 DB:86 nvMXdiZc V:255 H:296 F:45
				84ACBC 28          PLP                    A:FF00 X:0008 Y:00B9 S:0128 D:0E68 DB:86 nvMXdiZc V:255 H:306 F:45
				84ACBD 6B          RTL                    A:FF00 X:0008 Y:00B9 S:0129 D:0E68 DB:86 nvMXdizc V:255 H:313 F:45

			88A1FF 22 EA 8E 84 JSL $848EEA   [848EEA] A:FF00 X:0008 Y:00B9 S:012C D:0E68 DB:86 nvMXdizc V:255 H:323 F:45

				848EEA 08          PHP                    A:FF00 X:0008 Y:00B9 S:0129 D:0E68 DB:86 nvMXdizc V:255 H:336 F:45
				848EEB 8B          PHB                    A:FF00 X:0008 Y:00B9 S:0128 D:0E68 DB:86 nvMXdizc V:256 H:  1 F:45
				848EEC E2 30       SEP #$30               A:FF00 X:0008 Y:00B9 S:0127 D:0E68 DB:86 nvMXdizc V:256 H:  6 F:45
				848EEE C6 13       DEC $13       [000E7B] A:FF00 X:0008 Y:00B9 S:0127 D:0E68 DB:86 nvMXdizc V:256 H: 10 F:45
				848EF0 D0 5D       BNE $005D     [848F4F] A:FF00 X:0008 Y:00B9 S:0127 D:0E68 DB:86 nvMXdizc V:256 H: 20 F:45
				848F4F AB          PLB                    A:FF00 X:0008 Y:00B9 S:0127 D:0E68 DB:86 nvMXdizc V:256 H: 25 F:45
				848F50 28          PLP                    A:FF00 X:0008 Y:00B9 S:0128 D:0E68 DB:86 NvMXdizc V:256 H: 31 F:45
				848F51 6B          RTL                    A:FF00 X:0008 Y:00B9 S:0129 D:0E68 DB:86 nvMXdizc V:256 H: 38 F:45

			88A203 C6 34       DEC $34       [000E9C] A:FF00 X:0008 Y:00B9 S:012C D:0E68 DB:86 nvMXdizc V:256 H: 48 F:45
			88A205 D0 03       BNE $0003     [88A20A] A:FF00 X:0008 Y:00B9 S:012C D:0E68 DB:86 nvMXdizc V:256 H: 58 F:45		Branch because CD2 <> #$00
			88A20A 60          RTS                    A:FF00 X:0008 Y:00B9 S:012C D:0E68 DB:86 nvMXdizc V:256 H: 63 F:45

		889D7B AD CF 0B    LDA $0BCF     [860BCF] A:FF00 X:0008 Y:00B9 S:012E D:0E68 DB:86 nvMXdizc V:256 H: 73 F:45
