80D4F6 20 30 D5    JSR $D530     [80D530] A:0E01 X:0000 Y:00B9 S:0133 D:0E68 DB:86 nvMXdizC V:247 H:208 F:47

	80D530 C2 20       REP #$20               A:0E01 X:0000 Y:00B9 S:0131 D:0E68 DB:86 nvMXdizC V:247 H:218 F:47
	80D532 A5 05       LDA $05       [000E6D] A:0E01 X:0000 Y:00B9 S:0131 D:0E68 DB:86 nvmXdizC V:247 H:222 F:47
	80D534 85 22       STA $22       [000E8A] A:1D40 X:0000 Y:00B9 S:0131 D:0E68 DB:86 nvmXdizC V:247 H:231 F:47
	80D536 A5 08       LDA $08       [000E70] A:1D40 X:0000 Y:00B9 S:0131 D:0E68 DB:86 nvmXdizC V:247 H:239 F:47
	80D538 85 24       STA $24       [000E8C] A:03A2 X:0000 Y:00B9 S:0131 D:0E68 DB:86 nvmXdizC V:247 H:248 F:47
	80D53A E2 20       SEP #$20               A:03A2 X:0000 Y:00B9 S:0131 D:0E68 DB:86 nvmXdizC V:247 H:256 F:47
	80D53C A9 80       LDA #$80               A:03A2 X:0000 Y:00B9 S:0131 D:0E68 DB:86 nvMXdizC V:247 H:261 F:47
	80D53E 14 0E       TRB $0E       [000E76] A:0380 X:0000 Y:00B9 S:0131 D:0E68 DB:86 NvMXdizC V:247 H:264 F:47
	80D540 A5 0A       LDA $0A       [000E72] A:0380 X:0000 Y:00B9 S:0131 D:0E68 DB:86 NvMXdizC V:247 H:274 F:47
	80D542 0A          ASL A                  A:0331 X:0000 Y:00B9 S:0131 D:0E68 DB:86 nvMXdizC V:247 H:280 F:47
	80D543 AA          TAX                    A:0362 X:0000 Y:00B9 S:0131 D:0E68 DB:86 nvMXdizc V:247 H:283 F:47
	80D544 7C DD F8    JMP ($F8DD,X) [80F93F] A:0362 X:0062 Y:00B9 S:0131 D:0E68 DB:86 nvMXdizc V:247 H:286 F:47

	80FAA6 22 E1 9B 88 JSL $889BE1   [889BE1] A:0362 X:0062 Y:00B9 S:0131 D:0E68 DB:86 nvMXdizc V:247 H:295 F:47

		889BE1 A6 01       LDX $01       [000E69] A:0362 X:0062 Y:00B9 S:012E D:0E68 DB:86 nvMXdizc V:247 H:309 F:47
		889BE3 7C E6 9B    JMP ($9BE6,X) [889BEA] A:0362 X:0004 Y:00B9 S:012E D:0E68 DB:86 nvMXdizc V:247 H:315 F:47

		889D6E A9 0E       LDA #$0E               A:0362 X:0004 Y:00B9 S:012E D:0E68 DB:86 nvMXdizc V:247 H:324 F:47
		889D70 14 11       TRB $11       [000E79] A:030E X:0004 Y:00B9 S:012E D:0E68 DB:86 nvMXdizc V:247 H:327 F:47
		889D72 A5 33       LDA $33       [000E9B] A:030E X:0004 Y:00B9 S:012E D:0E68 DB:86 nvMXdizc V:247 H:336 F:47
		889D74 04 11       TSB $11       [000E79] A:0308 X:0004 Y:00B9 S:012E D:0E68 DB:86 nvMXdizc V:248 H:  3 F:47
		889D76 A6 02       LDX $02       [000E6A] A:0308 X:0004 Y:00B9 S:012E D:0E68 DB:86 nvMXdiZc V:248 H: 13 F:47
		889D78 FC 2C 9E    JSR ($9E2C,X) [889E32] A:0308 X:0006 Y:00B9 S:012E D:0E68 DB:86 nvMXdizc V:248 H: 19 F:47

			88A16E A6 03       LDX $03       [000E6B] A:0308 X:0006 Y:00B9 S:012C D:0E68 DB:86 nvMXdizc V:248 H: 32 F:47
			88A170 7C 73 A1    JMP ($A173,X) [88A173] A:0308 X:0000 Y:00B9 S:012C D:0E68 DB:86 nvMXdiZc V:248 H: 39 F:47

			88A17D A9 02       LDA #$02               A:0308 X:0000 Y:00B9 S:012C D:0E68 DB:86 nvMXdiZc V:248 H: 48 F:47		Subaction = #$02
			88A17F 85 03       STA $03       [000E6B] A:0302 X:0000 Y:00B9 S:012C D:0E68 DB:86 nvMXdizc V:248 H: 51 F:47
			88A181 A9 02       LDA #$02               A:0302 X:0000 Y:00B9 S:012C D:0E68 DB:86 nvMXdizc V:248 H: 57 F:47
			88A183 22 07 8F 84 JSL $848F07   [848F07] A:0302 X:0000 Y:00B9 S:012C D:0E68 DB:86 nvMXdizc V:248 H: 60 F:47		JSL $848F07 --> Skeleton Load (SkelPoint = #$91, A=#$02)

				848F07 08          PHP                    A:0302 X:0000 Y:00B9 S:0129 D:0E68 DB:86 nvMXdizc V:248 H: 74 F:47
				848F08 8B          PHB                    A:0302 X:0000 Y:00B9 S:0128 D:0E68 DB:86 nvMXdizc V:248 H: 79 F:47
				848F09 C2 30       REP #$30               A:0302 X:0000 Y:00B9 S:0127 D:0E68 DB:86 nvMXdizc V:248 H: 84 F:47
				848F0B 8D 0E 00    STA $000E     [86000E] A:0302 X:0000 Y:00B9 S:0127 D:0E68 DB:86 nvmxdizc V:248 H: 88 F:47
				848F0E A5 16       LDA $16       [000E7E] A:0302 X:0000 Y:00B9 S:0127 D:0E68 DB:86 nvmxdizc V:248 H: 97 F:47
				848F10 29 FF 00    AND #$00FF             A:8291 X:0000 Y:00B9 S:0127 D:0E68 DB:86 Nvmxdizc V:248 H:105 F:47
				848F13 8D 0C 00    STA $000C     [86000C] A:0091 X:0000 Y:00B9 S:0127 D:0E68 DB:86 nvmxdizc V:248 H:110 F:47
				848F16 0A          ASL A                  A:0091 X:0000 Y:00B9 S:0127 D:0E68 DB:86 nvmxdizc V:248 H:118 F:47
				848F17 18          CLC                    A:0122 X:0000 Y:00B9 S:0127 D:0E68 DB:86 nvmxdizc V:248 H:121 F:47
				848F18 6D 0C 00    ADC $000C     [86000C] A:0122 X:0000 Y:00B9 S:0127 D:0E68 DB:86 nvmxdizc V:248 H:124 F:47
				848F1B AA          TAX                    A:01B3 X:0000 Y:00B9 S:0127 D:0E68 DB:86 nvmxdizc V:248 H:133 F:47
				848F1C BF 00 A0 AF LDA $AFA000,X [AFA1B3] A:01B3 X:01B3 Y:00B9 S:0127 D:0E68 DB:86 nvmxdizc V:248 H:146 F:47
				848F20 85 14       STA $14       [000E7C] A:DE6B X:01B3 Y:00B9 S:0127 D:0E68 DB:86 Nvmxdizc V:248 H:155 F:47
				848F22 E2 20       SEP #$20               A:DE6B X:01B3 Y:00B9 S:0127 D:0E68 DB:86 Nvmxdizc V:248 H:163 F:47
				848F24 BF 02 A0 AF LDA $AFA002,X [AFA1B5] A:DE6B X:01B3 Y:00B9 S:0127 D:0E68 DB:86 NvMxdizc V:248 H:168 F:47
				848F28 48          PHA                    A:DEAF X:01B3 Y:00B9 S:0127 D:0E68 DB:86 NvMxdizc V:248 H:175 F:47
				848F29 AB          PLB                    A:DEAF X:01B3 Y:00B9 S:0126 D:0E68 DB:86 NvMxdizc V:248 H:180 F:47
				848F2A C2 20       REP #$20               A:DEAF X:01B3 Y:00B9 S:0127 D:0E68 DB:AF NvMxdizc V:248 H:187 F:47
				848F2C AD 0E 00    LDA $000E     [AF000E] A:DEAF X:01B3 Y:00B9 S:0127 D:0E68 DB:AF Nvmxdizc V:248 H:191 F:47
				848F2F 29 FF 00    AND #$00FF             A:0302 X:01B3 Y:00B9 S:0127 D:0E68 DB:AF nvmxdizc V:248 H:200 F:47
				848F32 0A          ASL A                  A:0002 X:01B3 Y:00B9 S:0127 D:0E68 DB:AF nvmxdizc V:248 H:204 F:47
				848F33 A8          TAY                    A:0004 X:01B3 Y:00B9 S:0127 D:0E68 DB:AF nvmxdizc V:248 H:207 F:47
				848F34 B1 14       LDA ($14),Y   [AFDE6F] A:0004 X:01B3 Y:0004 S:0127 D:0E68 DB:AF nvmxdizc V:248 H:210 F:47
				848F36 65 14       ADC $14       [000E7C] A:005A X:01B3 Y:0004 S:0127 D:0E68 DB:AF nvmxdizc V:248 H:223 F:47
				848F38 85 14       STA $14       [000E7C] A:DEC5 X:01B3 Y:0004 S:0127 D:0E68 DB:AF Nvmxdizc V:248 H:232 F:47
				848F3A E2 30       SEP #$30               A:DEC5 X:01B3 Y:0004 S:0127 D:0E68 DB:AF Nvmxdizc V:248 H:240 F:47
				848F3C B2 14       LDA ($14)     [AFDEC5] A:DEC5 X:00B3 Y:0004 S:0127 D:0E68 DB:AF NvMXdizc V:248 H:245 F:47	Skeleton start: AFDEC5
				848F3E 85 13       STA $13       [000E7B] A:DE04 X:00B3 Y:0004 S:0127 D:0E68 DB:AF nvMXdizc V:248 H:255 F:47
				848F40 A0 01       LDY #$01               A:DE04 X:00B3 Y:0004 S:0127 D:0E68 DB:AF nvMXdizc V:248 H:261 F:47
				848F42 B1 14       LDA ($14),Y   [AFDEC6] A:DE04 X:00B3 Y:0001 S:0127 D:0E68 DB:AF nvMXdizc V:248 H:264 F:47
				848F44 85 0F       STA $0F       [000E77] A:DE00 X:00B3 Y:0001 S:0127 D:0E68 DB:AF nvMXdiZc V:248 H:274 F:47
				848F46 C8          INY                    A:DE00 X:00B3 Y:0001 S:0127 D:0E68 DB:AF nvMXdiZc V:248 H:281 F:47
				848F47 B1 14       LDA ($14),Y   [AFDEC7] A:DE00 X:00B3 Y:0002 S:0127 D:0E68 DB:AF nvMXdizc V:248 H:284 F:47
				848F49 85 17       STA $17       [000E7F] A:DE01 X:00B3 Y:0002 S:0127 D:0E68 DB:AF nvMXdizc V:248 H:294 F:47
				848F4B A9 80       LDA #$80               A:DE01 X:00B3 Y:0002 S:0127 D:0E68 DB:AF nvMXdizc V:248 H:300 F:47
				848F4D 04 17       TSB $17       [000E7F] A:DE80 X:00B3 Y:0002 S:0127 D:0E68 DB:AF NvMXdizc V:248 H:303 F:47
				848F4F AB          PLB                    A:DE80 X:00B3 Y:0002 S:0127 D:0E68 DB:AF NvMXdiZc V:248 H:313 F:47
				848F50 28          PLP                    A:DE80 X:00B3 Y:0002 S:0128 D:0E68 DB:86 NvMXdizc V:248 H:320 F:47
				848F51 6B          RTL                    A:DE80 X:00B3 Y:0002 S:0129 D:0E68 DB:86 nvMXdizc V:248 H:326 F:47

			88A187 22 A5 AC 84 JSL $84ACA5   [84ACA5] A:DE80 X:00B3 Y:0002 S:012C D:0E68 DB:86 nvMXdizc V:248 H:336 F:47		JSL $84ACA5 --> Update Facing (40 bit)

				84ACA5 08          PHP                    A:DE80 X:00B3 Y:0002 S:0129 D:0E68 DB:86 nvMXdizc V:249 H:  9 F:47
				84ACA6 E2 20       SEP #$20               A:DE80 X:00B3 Y:0002 S:0128 D:0E68 DB:86 nvMXdizc V:249 H: 14 F:47
				84ACA8 A9 40       LDA #$40               A:DE80 X:00B3 Y:0002 S:0128 D:0E68 DB:86 nvMXdizc V:249 H: 19 F:47
				84ACAA 14 11       TRB $11       [000E79] A:DE40 X:00B3 Y:0002 S:0128 D:0E68 DB:86 nvMXdizc V:249 H: 22 F:47
				84ACAC C2 20       REP #$20               A:DE40 X:00B3 Y:0002 S:0128 D:0E68 DB:86 nvMXdiZc V:249 H: 32 F:47
				84ACAE AD AD 0B    LDA $0BAD     [860BAD] A:DE40 X:00B3 Y:0002 S:0128 D:0E68 DB:86 nvmXdiZc V:249 H: 36 F:47
				84ACB1 38          SEC                    A:1D17 X:00B3 Y:0002 S:0128 D:0E68 DB:86 nvmXdizc V:249 H: 45 F:47
				84ACB2 E5 05       SBC $05       [000E6D] A:1D17 X:00B3 Y:0002 S:0128 D:0E68 DB:86 nvmXdizC V:249 H: 48 F:47
				84ACB4 E2 20       SEP #$20               A:FFD7 X:00B3 Y:0002 S:0128 D:0E68 DB:86 NvmXdizc V:249 H: 56 F:47
				84ACB6 A9 00       LDA #$00               A:FFD7 X:00B3 Y:0002 S:0128 D:0E68 DB:86 NvMXdizc V:249 H: 61 F:47
				84ACB8 6A          ROR A                  A:FF00 X:00B3 Y:0002 S:0128 D:0E68 DB:86 nvMXdiZc V:249 H: 64 F:47
				84ACB9 4A          LSR A                  A:FF00 X:00B3 Y:0002 S:0128 D:0E68 DB:86 nvMXdiZc V:249 H: 67 F:47
				84ACBA 04 11       TSB $11       [000E79] A:FF00 X:00B3 Y:0002 S:0128 D:0E68 DB:86 nvMXdiZc V:249 H: 70 F:47
				84ACBC 28          PLP                    A:FF00 X:00B3 Y:0002 S:0128 D:0E68 DB:86 nvMXdiZc V:249 H: 80 F:47
				84ACBD 6B          RTL                    A:FF00 X:00B3 Y:0002 S:0129 D:0E68 DB:86 nvMXdizc V:249 H: 86 F:47

			88A18B C2 20       REP #$20               A:FF00 X:00B3 Y:0002 S:012C D:0E68 DB:86 nvMXdizc V:249 H: 97 F:47
			88A18D AD AD 0B    LDA $0BAD     [860BAD] A:FF00 X:00B3 Y:0002 S:012C D:0E68 DB:86 nvmXdizc V:249 H:101 F:47		|E-X-Vel = (MMX-X-Pos - E-X-Pos)*4
			88A190 38          SEC                    A:1D17 X:00B3 Y:0002 S:012C D:0E68 DB:86 nvmXdizc V:249 H:110 F:47		|
			88A191 E5 05       SBC $05       [000E6D] A:1D17 X:00B3 Y:0002 S:012C D:0E68 DB:86 nvmXdizC V:249 H:113 F:47		|
			88A193 0A          ASL A                  A:FFD7 X:00B3 Y:0002 S:012C D:0E68 DB:86 NvmXdizc V:249 H:121 F:47		|
			88A194 0A          ASL A                  A:FFAE X:00B3 Y:0002 S:012C D:0E68 DB:86 NvmXdizC V:249 H:124 F:47		|
			88A195 85 1A       STA $1A       [000E82] A:FF5C X:00B3 Y:0002 S:012C D:0E68 DB:86 NvmXdizC V:249 H:127 F:47		|
			88A197 A9 0D 07    LDA #$070D             A:FF5C X:00B3 Y:0002 S:012C D:0E68 DB:86 NvmXdizC V:249 H:146 F:47		|E-Y-Vel = #$070D
			88A19A 85 1C       STA $1C       [000E84] A:070D X:00B3 Y:0002 S:012C D:0E68 DB:86 nvmXdizC V:249 H:150 F:47		|
			88A19C E2 20       SEP #$20               A:070D X:00B3 Y:0002 S:012C D:0E68 DB:86 nvmXdizC V:249 H:159 F:47
			88A19E A9 40       LDA #$40               A:070D X:00B3 Y:0002 S:012C D:0E68 DB:86 nvMXdizC V:249 H:163 F:47		E-Y-Acc = #$40
			88A1A0 85 1E       STA $1E       [000E86] A:0740 X:00B3 Y:0002 S:012C D:0E68 DB:86 nvMXdizC V:249 H:166 F:47		
			88A1A2 60          RTS                    A:0740 X:00B3 Y:0002 S:012C D:0E68 DB:86 nvMXdizC V:249 H:173 F:47		Return

		889D7B AD CF 0B    LDA $0BCF     [860BCF] A:0740 X:00B3 Y:0002 S:012E D:0E68 DB:86 nvMXdizC V:249 H:183 F:47
