80D4F6 20 30 D5    JSR $D530     [80D530] A:0E01 X:0000 Y:0002 S:0133 D:0E68 DB:86 nvMXdizC V:249 H:319 F:38

	80D530 C2 20       REP #$20               A:0E01 X:0000 Y:0002 S:0131 D:0E68 DB:86 nvMXdizC V:249 H:328 F:38
	80D532 A5 05       LDA $05       [000E6D] A:0E01 X:0000 Y:0002 S:0131 D:0E68 DB:86 nvmXdizC V:249 H:333 F:38
	80D534 85 22       STA $22       [000E8A] A:147C X:0000 Y:0002 S:0131 D:0E68 DB:86 nvmXdizC V:250 H:  1 F:38
	80D536 A5 08       LDA $08       [000E70] A:147C X:0000 Y:0002 S:0131 D:0E68 DB:86 nvmXdizC V:250 H: 10 F:38
	80D538 85 24       STA $24       [000E8C] A:0A85 X:0000 Y:0002 S:0131 D:0E68 DB:86 nvmXdizC V:250 H: 18 F:38
	80D53A E2 20       SEP #$20               A:0A85 X:0000 Y:0002 S:0131 D:0E68 DB:86 nvmXdizC V:250 H: 27 F:38
	80D53C A9 80       LDA #$80               A:0A85 X:0000 Y:0002 S:0131 D:0E68 DB:86 nvMXdizC V:250 H: 31 F:38
	80D53E 14 0E       TRB $0E       [000E76] A:0A80 X:0000 Y:0002 S:0131 D:0E68 DB:86 NvMXdizC V:250 H: 34 F:38
	80D540 A5 0A       LDA $0A       [000E72] A:0A80 X:0000 Y:0002 S:0131 D:0E68 DB:86 NvMXdizC V:250 H: 44 F:38
	80D542 0A          ASL A                  A:0A14 X:0000 Y:0002 S:0131 D:0E68 DB:86 nvMXdizC V:250 H: 51 F:38
	80D543 AA          TAX                    A:0A28 X:0000 Y:0002 S:0131 D:0E68 DB:86 nvMXdizc V:250 H: 54 F:38
	80D544 7C DD F8    JMP ($F8DD,X) [80F905] A:0A28 X:0028 Y:0002 S:0131 D:0E68 DB:86 nvMXdizc V:250 H: 57 F:38

	80FA15 22 44 B1 83 JSL $83B144   [83B144] A:0A28 X:0028 Y:0002 S:0131 D:0E68 DB:86 nvMXdizc V:250 H: 66 F:38

		83B144 A6 01       LDX $01       [000E69] A:0A28 X:0028 Y:0002 S:012E D:0E68 DB:86 nvMXdizc V:250 H: 79 F:38
		83B146 7C 49 B1    JMP ($B149,X) [83B14D] A:0A28 X:0004 Y:0002 S:012E D:0E68 DB:86 nvMXdizc V:250 H: 86 F:38

		83B2E8 A6 02       LDX $02       [000E6A] A:0A28 X:0004 Y:0002 S:012E D:0E68 DB:86 nvMXdizc V:250 H: 95 F:38
		83B2EA FC DA B3    JSR ($B3DA,X) [83B3E2] A:0A28 X:0008 Y:0002 S:012E D:0E68 DB:86 nvMXdizc V:250 H:101 F:38

			83B826 A6 03       LDX $03       [000E6B] A:0A28 X:0008 Y:0002 S:012C D:0E68 DB:86 nvMXdizc V:250 H:114 F:38
			83B828 7C 2B B8    JMP ($B82B,X) [83B82D] A:0A28 X:0002 Y:0002 S:012C D:0E68 DB:86 nvMXdizc V:250 H:121 F:38

			83B848 A9 08       LDA #$08               A:0A28 X:0002 Y:0002 S:012C D:0E68 DB:86 nvMXdizc V:250 H:130 F:38
			83B84A 20 C8 B9    JSR $B9C8     [83B9C8] A:0A08 X:0002 Y:0002 S:012C D:0E68 DB:86 nvMXdizc V:250 H:133 F:38			JSR $83B9C8 --> Armored Armadillo CDSkeleton Load

				83B9C8 08          PHP                    A:0A08 X:0002 Y:0002 S:012A D:0E68 DB:86 nvMXdizc V:250 H:153 F:38
				83B9C9 E2 30       SEP #$30               A:0A08 X:0002 Y:0002 S:0129 D:0E68 DB:86 nvMXdizc V:250 H:158 F:38
				83B9CB C9 0B       CMP #$0B               A:0A08 X:0002 Y:0002 S:0129 D:0E68 DB:86 nvMXdizc V:250 H:162 F:38
				83B9CD F0 1B       BEQ $001B     [83B9EA] A:0A08 X:0002 Y:0002 S:0129 D:0E68 DB:86 NvMXdizc V:250 H:165 F:38
				83B9CF A6 33       LDX $33       [000E9B] A:0A08 X:0002 Y:0002 S:0129 D:0E68 DB:86 NvMXdizc V:250 H:168 F:38
				83B9D1 F0 03       BEQ $0003     [83B9D6] A:0A08 X:0000 Y:0002 S:0129 D:0E68 DB:86 nvMXdiZc V:250 H:175 F:38
				83B9D6 AA          TAX                    A:0A08 X:0000 Y:0002 S:0129 D:0E68 DB:86 nvMXdiZc V:250 H:179 F:38
				83B9D7 BD 5D C9    LDA $C95D,X   [86C965] A:0A08 X:0008 Y:0002 S:0129 D:0E68 DB:86 nvMXdizc V:250 H:182 F:38
				83B9DA A2 62       LDX #$62               A:0A0D X:0008 Y:0002 S:0129 D:0E68 DB:86 nvMXdizc V:250 H:188 F:38
				83B9DC 86 16       STX $16       [000E7E] A:0A0D X:0062 Y:0002 S:0129 D:0E68 DB:86 nvMXdizc V:250 H:191 F:38
				83B9DE 22 07 8F 84 JSL $848F07   [848F07] A:0A0D X:0062 Y:0002 S:0129 D:0E68 DB:86 nvMXdizc V:250 H:198 F:38

					848F07 08          PHP                    A:0A0D X:0062 Y:0002 S:0126 D:0E68 DB:86 nvMXdizc V:250 H:211 F:38
					848F08 8B          PHB                    A:0A0D X:0062 Y:0002 S:0125 D:0E68 DB:86 nvMXdizc V:250 H:216 F:38
					848F09 C2 30       REP #$30               A:0A0D X:0062 Y:0002 S:0124 D:0E68 DB:86 nvMXdizc V:250 H:221 F:38
					848F0B 8D 0E 00    STA $000E     [86000E] A:0A0D X:0062 Y:0002 S:0124 D:0E68 DB:86 nvmxdizc V:250 H:226 F:38
					848F0E A5 16       LDA $16       [000E7E] A:0A0D X:0062 Y:0002 S:0124 D:0E68 DB:86 nvmxdizc V:250 H:234 F:38
					848F10 29 FF 00    AND #$00FF             A:8E62 X:0062 Y:0002 S:0124 D:0E68 DB:86 Nvmxdizc V:250 H:243 F:38
					848F13 8D 0C 00    STA $000C     [86000C] A:0062 X:0062 Y:0002 S:0124 D:0E68 DB:86 nvmxdizc V:250 H:247 F:38
					848F16 0A          ASL A                  A:0062 X:0062 Y:0002 S:0124 D:0E68 DB:86 nvmxdizc V:250 H:256 F:38
					848F17 18          CLC                    A:00C4 X:0062 Y:0002 S:0124 D:0E68 DB:86 nvmxdizc V:250 H:259 F:38
					848F18 6D 0C 00    ADC $000C     [86000C] A:00C4 X:0062 Y:0002 S:0124 D:0E68 DB:86 nvmxdizc V:250 H:262 F:38
					848F1B AA          TAX                    A:0126 X:0062 Y:0002 S:0124 D:0E68 DB:86 nvmxdizc V:250 H:270 F:38
					848F1C BF 00 A0 AF LDA $AFA000,X [AFA126] A:0126 X:0126 Y:0002 S:0124 D:0E68 DB:86 nvmxdizc V:250 H:273 F:38
					848F20 85 14       STA $14       [000E7C] A:CCB8 X:0126 Y:0002 S:0124 D:0E68 DB:86 Nvmxdizc V:250 H:282 F:38
					848F22 E2 20       SEP #$20               A:CCB8 X:0126 Y:0002 S:0124 D:0E68 DB:86 Nvmxdizc V:250 H:291 F:38
					848F24 BF 02 A0 AF LDA $AFA002,X [AFA128] A:CCB8 X:0126 Y:0002 S:0124 D:0E68 DB:86 NvMxdizc V:250 H:295 F:38
					848F28 48          PHA                    A:CCAF X:0126 Y:0002 S:0124 D:0E68 DB:86 NvMxdizc V:250 H:303 F:38
					848F29 AB          PLB                    A:CCAF X:0126 Y:0002 S:0123 D:0E68 DB:86 NvMxdizc V:250 H:308 F:38
					848F2A C2 20       REP #$20               A:CCAF X:0126 Y:0002 S:0124 D:0E68 DB:AF NvMxdizc V:250 H:314 F:38
					848F2C AD 0E 00    LDA $000E     [AF000E] A:CCAF X:0126 Y:0002 S:0124 D:0E68 DB:AF Nvmxdizc V:250 H:319 F:38
					848F2F 29 FF 00    AND #$00FF             A:0A0D X:0126 Y:0002 S:0124 D:0E68 DB:AF nvmxdizc V:250 H:327 F:38
					848F32 0A          ASL A                  A:000D X:0126 Y:0002 S:0124 D:0E68 DB:AF nvmxdizc V:250 H:331 F:38
					848F33 A8          TAY                    A:001A X:0126 Y:0002 S:0124 D:0E68 DB:AF nvmxdizc V:250 H:334 F:38
					848F34 B1 14       LDA ($14),Y   [AFCCD2] A:001A X:0126 Y:001A S:0124 D:0E68 DB:AF nvmxdizc V:250 H:337 F:38
					848F36 65 14       ADC $14       [000E7C] A:00D5 X:0126 Y:001A S:0124 D:0E68 DB:AF nvmxdizc V:251 H: 10 F:38
					848F38 85 14       STA $14       [000E7C] A:CD8D X:0126 Y:001A S:0124 D:0E68 DB:AF Nvmxdizc V:251 H: 18 F:38
					848F3A E2 30       SEP #$30               A:CD8D X:0126 Y:001A S:0124 D:0E68 DB:AF Nvmxdizc V:251 H: 27 F:38
					848F3C B2 14       LDA ($14)     [AFCD8D] A:CD8D X:0026 Y:001A S:0124 D:0E68 DB:AF NvMXdizc V:251 H: 31 F:38	Skeleton start: [$AFCD8D]
					848F3E 85 13       STA $13       [000E7B] A:CD03 X:0026 Y:001A S:0124 D:0E68 DB:AF nvMXdizc V:251 H: 41 F:38
					848F40 A0 01       LDY #$01               A:CD03 X:0026 Y:001A S:0124 D:0E68 DB:AF nvMXdizc V:251 H: 48 F:38
					848F42 B1 14       LDA ($14),Y   [AFCD8E] A:CD03 X:0026 Y:0001 S:0124 D:0E68 DB:AF nvMXdizc V:251 H: 51 F:38
					848F44 85 0F       STA $0F       [000E77] A:CD00 X:0026 Y:0001 S:0124 D:0E68 DB:AF nvMXdiZc V:251 H: 61 F:38
					848F46 C8          INY                    A:CD00 X:0026 Y:0001 S:0124 D:0E68 DB:AF nvMXdiZc V:251 H: 67 F:38
					848F47 B1 14       LDA ($14),Y   [AFCD8F] A:CD00 X:0026 Y:0002 S:0124 D:0E68 DB:AF nvMXdizc V:251 H: 70 F:38
					848F49 85 17       STA $17       [000E7F] A:CD15 X:0026 Y:0002 S:0124 D:0E68 DB:AF nvMXdizc V:251 H: 80 F:38
					848F4B A9 80       LDA #$80               A:CD15 X:0026 Y:0002 S:0124 D:0E68 DB:AF nvMXdizc V:251 H: 87 F:38
					848F4D 04 17       TSB $17       [000E7F] A:CD80 X:0026 Y:0002 S:0124 D:0E68 DB:AF NvMXdizc V:251 H: 90 F:38
					848F4F AB          PLB                    A:CD80 X:0026 Y:0002 S:0124 D:0E68 DB:AF NvMXdiZc V:251 H:100 F:38
					848F50 28          PLP                    A:CD80 X:0026 Y:0002 S:0125 D:0E68 DB:86 NvMXdizc V:251 H:106 F:38
					848F51 6B          RTL                    A:CD80 X:0026 Y:0002 S:0126 D:0E68 DB:86 nvMXdizc V:251 H:113 F:38

				83B9E2 A9 01       LDA #$01               A:CD80 X:0026 Y:0002 S:0129 D:0E68 DB:86 nvMXdizc V:251 H:123 F:38
				83B9E4 04 11       TSB $11       [000E79] A:CD01 X:0026 Y:0002 S:0129 D:0E68 DB:86 nvMXdizc V:251 H:126 F:38		E-Status: Set bit #$01
				83B9E6 64 18       STZ $18       [000E80] A:CD01 X:0026 Y:0002 S:0129 D:0E68 DB:86 nvMXdizc V:251 H:146 F:38		E-$18 = #$00
				83B9E8 28          PLP                    A:CD01 X:0026 Y:0002 S:0129 D:0E68 DB:86 nvMXdizc V:251 H:153 F:38
				83B9E9 60          RTS                    A:CD01 X:0026 Y:0002 S:012A D:0E68 DB:86 nvMXdizc V:251 H:159 F:38

			83B84D A9 08       LDA #$08               A:CD01 X:0026 Y:0002 S:012C D:0E68 DB:86 nvMXdizc V:251 H:169 F:38
			83B84F 85 03       STA $03       [000E6B] A:CD08 X:0026 Y:0002 S:012C D:0E68 DB:86 nvMXdizc V:251 H:172 F:38			Subaction = #$08
			83B851 A9 5A       LDA #$5A               A:CD08 X:0026 Y:0002 S:012C D:0E68 DB:86 nvMXdizc V:251 H:179 F:38
			83B853 85 3A       STA $3A       [000EA2] A:CD5A X:0026 Y:0002 S:012C D:0E68 DB:86 nvMXdizc V:251 H:182 F:38			E-LoseShield = #$5A
			83B855 A5 11       LDA $11       [000E79] A:CD5A X:0026 Y:0002 S:012C D:0E68 DB:86 nvMXdizc V:251 H:188 F:38
			83B857 0A          ASL A                  A:CD2B X:0026 Y:0002 S:012C D:0E68 DB:86 nvMXdizc V:251 H:195 F:38
			83B858 0A          ASL A                  A:CD56 X:0026 Y:0002 S:012C D:0E68 DB:86 nvMXdizc V:251 H:198 F:38
			83B859 C2 20       REP #$20               A:CDAC X:0026 Y:0002 S:012C D:0E68 DB:86 NvMXdizc V:251 H:201 F:38
			83B85B A9 00 01    LDA #$0100             A:CDAC X:0026 Y:0002 S:012C D:0E68 DB:86 NvmXdizc V:251 H:205 F:38
			83B85E 90 03       BCC $0003     [83B863] A:0100 X:0026 Y:0002 S:012C D:0E68 DB:86 nvmXdizc V:251 H:210 F:38
			83B863 85 1A       STA $1A       [000E82] A:0100 X:0026 Y:0002 S:012C D:0E68 DB:86 nvmXdizc V:251 H:214 F:38			E-X-Vel = #$0100 (#$FF00 if Facing = Right)
			83B865 A9 00 01    LDA #$0100             A:0100 X:0026 Y:0002 S:012C D:0E68 DB:86 nvmXdizc V:251 H:223 F:38
			83B868 85 1C       STA $1C       [000E84] A:0100 X:0026 Y:0002 S:012C D:0E68 DB:86 nvmXdizc V:251 H:227 F:38			E-Y-Vel = #$0100
			83B86A A9 4F C9    LDA #$C94F             A:0100 X:0026 Y:0002 S:012C D:0E68 DB:86 nvmXdizc V:251 H:236 F:38
			83B86D 85 20       STA $20       [000E88] A:C94F X:0026 Y:0002 S:012C D:0E68 DB:86 NvmXdizc V:251 H:240 F:38			E-HitPoint = #$C94F
			83B86F E2 20       SEP #$20               A:C94F X:0026 Y:0002 S:012C D:0E68 DB:86 NvmXdizc V:251 H:249 F:38
			83B871 A9 FF       LDA #$FF               A:C94F X:0026 Y:0002 S:012C D:0E68 DB:86 NvMXdizc V:251 H:253 F:38
			83B873 85 2F       STA $2F       [000E97] A:C9FF X:0026 Y:0002 S:012C D:0E68 DB:86 NvMXdizc V:251 H:256 F:38			E-$2F = #$FF
			83B875 64 37       STZ $37       [000E9F] A:C9FF X:0026 Y:0002 S:012C D:0E68 DB:86 NvMXdizc V:251 H:263 F:38			E-GuardBit = #$00
			83B877 60          RTS                    A:C9FF X:0026 Y:0002 S:012C D:0E68 DB:86 NvMXdizc V:251 H:269 F:38			Return

		83B2ED A5 27       LDA $27       [000E8F] A:C9FF X:0026 Y:0002 S:012E D:0E68 DB:86 NvMXdizc V:251 H:279 F:38
