80D4F6 20 30 D5    JSR $D530     [80D530] A:0E01 X:0000 Y:0002 S:0133 D:0E68 DB:86 nvMXdizC V:248 H:288 F:41

	80D530 C2 20       REP #$20               A:0E01 X:0000 Y:0002 S:0131 D:0E68 DB:86 nvMXdizC V:248 H:298 F:41
	80D532 A5 05       LDA $05       [000E6D] A:0E01 X:0000 Y:0002 S:0131 D:0E68 DB:86 nvmXdizC V:248 H:303 F:41
	80D534 85 22       STA $22       [000E8A] A:147C X:0000 Y:0002 S:0131 D:0E68 DB:86 nvmXdizC V:248 H:311 F:41
	80D536 A5 08       LDA $08       [000E70] A:147C X:0000 Y:0002 S:0131 D:0E68 DB:86 nvmXdizC V:248 H:320 F:41
	80D538 85 24       STA $24       [000E8C] A:0A85 X:0000 Y:0002 S:0131 D:0E68 DB:86 nvmXdizC V:248 H:327 F:41
	80D53A E2 20       SEP #$20               A:0A85 X:0000 Y:0002 S:0131 D:0E68 DB:86 nvmXdizC V:248 H:336 F:41
	80D53C A9 80       LDA #$80               A:0A85 X:0000 Y:0002 S:0131 D:0E68 DB:86 nvMXdizC V:249 H:  0 F:41
	80D53E 14 0E       TRB $0E       [000E76] A:0A80 X:0000 Y:0002 S:0131 D:0E68 DB:86 NvMXdizC V:249 H:  3 F:41
	80D540 A5 0A       LDA $0A       [000E72] A:0A80 X:0000 Y:0002 S:0131 D:0E68 DB:86 NvMXdizC V:249 H: 13 F:41
	80D542 0A          ASL A                  A:0A14 X:0000 Y:0002 S:0131 D:0E68 DB:86 nvMXdizC V:249 H: 20 F:41
	80D543 AA          TAX                    A:0A28 X:0000 Y:0002 S:0131 D:0E68 DB:86 nvMXdizc V:249 H: 23 F:41
	80D544 7C DD F8    JMP ($F8DD,X) [80F905] A:0A28 X:0028 Y:0002 S:0131 D:0E68 DB:86 nvMXdizc V:249 H: 26 F:41

	80FA15 22 44 B1 83 JSL $83B144   [83B144] A:0A28 X:0028 Y:0002 S:0131 D:0E68 DB:86 nvMXdizc V:249 H: 35 F:41

		83B144 A6 01       LDX $01       [000E69] A:0A28 X:0028 Y:0002 S:012E D:0E68 DB:86 nvMXdizc V:249 H: 48 F:41
		83B146 7C 49 B1    JMP ($B149,X) [83B14D] A:0A28 X:0004 Y:0002 S:012E D:0E68 DB:86 nvMXdizc V:249 H: 55 F:41

		83B2E8 A6 02       LDX $02       [000E6A] A:0A28 X:0004 Y:0002 S:012E D:0E68 DB:86 nvMXdizc V:249 H: 64 F:41
		83B2EA FC DA B3    JSR ($B3DA,X) [83B3E2] A:0A28 X:0008 Y:0002 S:012E D:0E68 DB:86 nvMXdizc V:249 H: 70 F:41

			83B826 A6 03       LDX $03       [000E6B] A:0A28 X:0008 Y:0002 S:012C D:0E68 DB:86 nvMXdizc V:249 H: 83 F:41
			83B828 7C 2B B8    JMP ($B82B,X) [83B833] A:0A28 X:0008 Y:0002 S:012C D:0E68 DB:86 nvMXdizc V:249 H: 90 F:41

			83B8E3 22 EA 8E 84 JSL $848EEA   [848EEA] A:0A28 X:0008 Y:0002 S:012C D:0E68 DB:86 nvMXdizc V:249 H: 99 F:41	JSL $848EEA --> Decrease CDSkel, Continue Skeleton 

				848EEA 08          PHP                    A:0A28 X:0008 Y:0002 S:0129 D:0E68 DB:86 nvMXdizc V:249 H:112 F:41
				848EEB 8B          PHB                    A:0A28 X:0008 Y:0002 S:0128 D:0E68 DB:86 nvMXdizc V:249 H:117 F:41
				848EEC E2 30       SEP #$30               A:0A28 X:0008 Y:0002 S:0127 D:0E68 DB:86 nvMXdizc V:249 H:122 F:41
				848EEE C6 13       DEC $13       [000E7B] A:0A28 X:0008 Y:0002 S:0127 D:0E68 DB:86 nvMXdizc V:249 H:127 F:41
				848EF0 D0 5D       BNE $005D     [848F4F] A:0A28 X:0008 Y:0002 S:0127 D:0E68 DB:86 nvMXdiZc V:249 H:147 F:41
				848EF2 A9 AF       LDA #$AF               A:0A28 X:0008 Y:0002 S:0127 D:0E68 DB:86 nvMXdiZc V:249 H:150 F:41
				848EF4 48          PHA                    A:0AAF X:0008 Y:0002 S:0127 D:0E68 DB:86 NvMXdizc V:249 H:153 F:41
				848EF5 AB          PLB                    A:0AAF X:0008 Y:0002 S:0126 D:0E68 DB:86 NvMXdizc V:249 H:158 F:41
				848EF6 C2 21       REP #$21               A:0AAF X:0008 Y:0002 S:0127 D:0E68 DB:AF NvMXdizc V:249 H:164 F:41
				848EF8 A5 14       LDA $14       [000E7C] A:0AAF X:0008 Y:0002 S:0127 D:0E68 DB:AF NvmXdizc V:249 H:169 F:41
				848EFA 69 03 00    ADC #$0003             A:CD8D X:0008 Y:0002 S:0127 D:0E68 DB:AF NvmXdizc V:249 H:177 F:41
				848EFD A4 0F       LDY $0F       [000E77] A:CD90 X:0008 Y:0002 S:0127 D:0E68 DB:AF NvmXdizc V:249 H:182 F:41
				848EFF 10 37       BPL $0037     [848F38] A:CD90 X:0008 Y:0000 S:0127 D:0E68 DB:AF nvmXdiZc V:249 H:188 F:41
				848F38 85 14       STA $14       [000E7C] A:CD90 X:0008 Y:0000 S:0127 D:0E68 DB:AF nvmXdiZc V:249 H:193 F:41
				848F3A E2 30       SEP #$30               A:CD90 X:0008 Y:0000 S:0127 D:0E68 DB:AF nvmXdiZc V:249 H:201 F:41
				848F3C B2 14       LDA ($14)     [AFCD90] A:CD90 X:0008 Y:0000 S:0127 D:0E68 DB:AF nvMXdiZc V:249 H:206 F:41
				848F3E 85 13       STA $13       [000E7B] A:CD03 X:0008 Y:0000 S:0127 D:0E68 DB:AF nvMXdizc V:249 H:216 F:41
				848F40 A0 01       LDY #$01               A:CD03 X:0008 Y:0000 S:0127 D:0E68 DB:AF nvMXdizc V:249 H:222 F:41
				848F42 B1 14       LDA ($14),Y   [AFCD91] A:CD03 X:0008 Y:0001 S:0127 D:0E68 DB:AF nvMXdizc V:249 H:225 F:41
				848F44 85 0F       STA $0F       [000E77] A:CD80 X:0008 Y:0001 S:0127 D:0E68 DB:AF NvMXdizc V:249 H:235 F:41
				848F46 C8          INY                    A:CD80 X:0008 Y:0001 S:0127 D:0E68 DB:AF NvMXdizc V:249 H:242 F:41
				848F47 B1 14       LDA ($14),Y   [AFCD92] A:CD80 X:0008 Y:0002 S:0127 D:0E68 DB:AF nvMXdizc V:249 H:245 F:41
				848F49 85 17       STA $17       [000E7F] A:CD16 X:0008 Y:0002 S:0127 D:0E68 DB:AF nvMXdizc V:249 H:255 F:41
				848F4B A9 80       LDA #$80               A:CD16 X:0008 Y:0002 S:0127 D:0E68 DB:AF nvMXdizc V:249 H:261 F:41
				848F4D 04 17       TSB $17       [000E7F] A:CD80 X:0008 Y:0002 S:0127 D:0E68 DB:AF NvMXdizc V:249 H:264 F:41
				848F4F AB          PLB                    A:CD80 X:0008 Y:0002 S:0127 D:0E68 DB:AF NvMXdiZc V:249 H:274 F:41
				848F50 28          PLP                    A:CD80 X:0008 Y:0002 S:0128 D:0E68 DB:86 NvMXdizc V:249 H:281 F:41
				848F51 6B          RTL                    A:CD80 X:0008 Y:0002 S:0129 D:0E68 DB:86 nvMXdizc V:249 H:287 F:41

			83B8E7 A5 17       LDA $17       [000E7F] A:CD80 X:0008 Y:0002 S:012C D:0E68 DB:86 nvMXdizc V:249 H:298 F:41
			83B8E9 10 0E       BPL $000E     [83B8F9] A:CD96 X:0008 Y:0002 S:012C D:0E68 DB:86 NvMXdizc V:249 H:304 F:41
			83B8EB 29 7F       AND #$7F               A:CD96 X:0008 Y:0002 S:012C D:0E68 DB:86 NvMXdizc V:249 H:307 F:41
			83B8ED 85 17       STA $17       [000E7F] A:CD16 X:0008 Y:0002 S:012C D:0E68 DB:86 nvMXdizc V:249 H:310 F:41
			83B8EF A5 0F       LDA $0F       [000E77] A:CD16 X:0008 Y:0002 S:012C D:0E68 DB:86 nvMXdizc V:249 H:317 F:41
			83B8F1 10 06       BPL $0006     [83B8F9] A:CD80 X:0008 Y:0002 S:012C D:0E68 DB:86 NvMXdizc V:249 H:323 F:41	Branch if SkelAction is positive
			83B8F3 A9 47       LDA #$47               A:CD80 X:0008 Y:0002 S:012C D:0E68 DB:86 NvMXdizc V:249 H:326 F:41
			83B8F5 22 A2 88 80 JSL $8088A2   [8088A2] A:CD47 X:0008 Y:0002 S:012C D:0E68 DB:86 nvMXdizc V:249 H:328 F:41	JSL $8088A2 --> Play Sound Effect (A = Sound Effect ID)

				8088A2 DA          PHX                    A:CD47 X:0008 Y:0002 S:0129 D:0E68 DB:86 nvMXdizc V:250 H:  2 F:41
				8088A3 5A          PHY                    A:CD47 X:0008 Y:0002 S:0128 D:0E68 DB:86 nvMXdizc V:250 H:  7 F:41
				8088A4 08          PHP                    A:CD47 X:0008 Y:0002 S:0127 D:0E68 DB:86 nvMXdizc V:250 H: 12 F:41
				8088A5 C2 20       REP #$20               A:CD47 X:0008 Y:0002 S:0126 D:0E68 DB:86 nvMXdizc V:250 H: 17 F:41
				8088A7 E2 10       SEP #$10               A:CD47 X:0008 Y:0002 S:0126 D:0E68 DB:86 nvmXdizc V:250 H: 21 F:41
				8088A9 48          PHA                    A:CD47 X:0008 Y:0002 S:0126 D:0E68 DB:86 nvmXdizc V:250 H: 26 F:41
				8088AA A5 05       LDA $05       [000E6D] A:CD47 X:0008 Y:0002 S:0124 D:0E68 DB:86 nvmXdizc V:250 H: 33 F:41
				8088AC 38          SEC                    A:147C X:0008 Y:0002 S:0124 D:0E68 DB:86 nvmXdizc V:250 H: 41 F:41
				8088AD ED AD 0B    SBC $0BAD     [860BAD] A:147C X:0008 Y:0002 S:0124 D:0E68 DB:86 nvmXdizC V:250 H: 44 F:41
				8088B0 10 0E       BPL $000E     [8088C0] A:0065 X:0008 Y:0002 S:0124 D:0E68 DB:86 nvmXdizC V:250 H: 53 F:41
				8088C0 4A          LSR A                  A:0065 X:0008 Y:0002 S:0124 D:0E68 DB:86 nvmXdizC V:250 H: 57 F:41
				8088C1 C9 7F 00    CMP #$007F             A:0032 X:0008 Y:0002 S:0124 D:0E68 DB:86 nvmXdizC V:250 H: 60 F:41
				8088C4 30 03       BMI $0003     [8088C9] A:0032 X:0008 Y:0002 S:0124 D:0E68 DB:86 NvmXdizc V:250 H: 65 F:41
				8088C9 A8          TAY                    A:0032 X:0008 Y:0002 S:0124 D:0E68 DB:86 NvmXdizc V:250 H: 69 F:41
				8088CA 68          PLA                    A:0032 X:0008 Y:0032 S:0124 D:0E68 DB:86 nvmXdizc V:250 H: 72 F:41
				8088CB 80 07       BRA $0007     [8088D4] A:CD47 X:0008 Y:0032 S:0126 D:0E68 DB:86 NvmXdizc V:250 H: 81 F:41
				8088D4 E2 31       SEP #$31               A:CD47 X:0008 Y:0032 S:0126 D:0E68 DB:86 NvmXdizc V:250 H: 85 F:41
				8088D6 AE A3 0B    LDX $0BA3     [860BA3] A:CD47 X:0008 Y:0032 S:0126 D:0E68 DB:86 NvMXdizC V:250 H: 90 F:41
				8088D9 9D 72 0B    STA $0B72,X   [860B7E] A:CD47 X:000C Y:0032 S:0126 D:0E68 DB:86 nvMXdizC V:250 H: 96 F:41
				8088DC 98          TYA                    A:CD47 X:000C Y:0032 S:0126 D:0E68 DB:86 nvMXdizC V:250 H:104 F:41
				8088DD 9D 73 0B    STA $0B73,X   [860B7F] A:CD32 X:000C Y:0032 S:0126 D:0E68 DB:86 nvMXdizC V:250 H:107 F:41
				8088E0 E8          INX                    A:CD32 X:000C Y:0032 S:0126 D:0E68 DB:86 nvMXdizC V:250 H:115 F:41
				8088E1 E8          INX                    A:CD32 X:000D Y:0032 S:0126 D:0E68 DB:86 nvMXdizC V:250 H:118 F:41
				8088E2 8A          TXA                    A:CD32 X:000E Y:0032 S:0126 D:0E68 DB:86 nvMXdizC V:250 H:121 F:41
				8088E3 29 1E       AND #$1E               A:CD0E X:000E Y:0032 S:0126 D:0E68 DB:86 nvMXdizC V:250 H:124 F:41
				8088E5 8D A3 0B    STA $0BA3     [860BA3] A:CD0E X:000E Y:0032 S:0126 D:0E68 DB:86 nvMXdizC V:250 H:127 F:41
				8088E8 28          PLP                    A:CD0E X:000E Y:0032 S:0126 D:0E68 DB:86 nvMXdizC V:250 H:144 F:41
				8088E9 7A          PLY                    A:CD0E X:000E Y:0032 S:0127 D:0E68 DB:86 nvMXdizc V:250 H:150 F:41
				8088EA FA          PLX                    A:CD0E X:000E Y:0002 S:0128 D:0E68 DB:86 nvMXdizc V:250 H:157 F:41
				8088EB 6B          RTL                    A:CD0E X:0008 Y:0002 S:0129 D:0E68 DB:86 nvMXdizc V:250 H:163 F:41

			83B8F9 A5 3A       LDA $3A       [000EA2] A:CD0E X:0008 Y:0002 S:012C D:0E68 DB:86 nvMXdizc V:250 H:174 F:41
			83B8FB D0 08       BNE $0008     [83B905] A:CD58 X:0008 Y:0002 S:012C D:0E68 DB:86 nvMXdizc V:250 H:180 F:41	Branch becauseCDLoseShield <> #$00
			83B905 C6 3A       DEC $3A       [000EA2] A:CD58 X:0008 Y:0002 S:012C D:0E68 DB:86 nvMXdizc V:250 H:185 F:41	Decrease CDLoseShield
			83B907 60          RTS                    A:CD58 X:0008 Y:0002 S:012C D:0E68 DB:86 nvMXdizc V:250 H:195 F:41	Return

		83B2ED A5 27       LDA $27       [000E8F] A:CD58 X:0008 Y:0002 S:012E D:0E68 DB:86 nvMXdizc V:250 H:205 F:41
