80D4F6 20 30 D5    JSR $D530     [80D530] A:0E01 X:0000 Y:0046 S:0133 D:0E68 DB:86 nvMXdizC V:254 H:114 F: 9

	80D530 C2 20       REP #$20               A:0E01 X:0000 Y:0046 S:0131 D:0E68 DB:86 nvMXdizC V:254 H:124 F: 9
	80D532 A5 05       LDA $05       [000E6D] A:0E01 X:0000 Y:0046 S:0131 D:0E68 DB:86 nvmXdizC V:254 H:128 F: 9
	80D534 85 22       STA $22       [000E8A] A:147C X:0000 Y:0046 S:0131 D:0E68 DB:86 nvmXdizC V:254 H:147 F: 9
	80D536 A5 08       LDA $08       [000E70] A:147C X:0000 Y:0046 S:0131 D:0E68 DB:86 nvmXdizC V:254 H:155 F: 9
	80D538 85 24       STA $24       [000E8C] A:0A85 X:0000 Y:0046 S:0131 D:0E68 DB:86 nvmXdizC V:254 H:164 F: 9
	80D53A E2 20       SEP #$20               A:0A85 X:0000 Y:0046 S:0131 D:0E68 DB:86 nvmXdizC V:254 H:172 F: 9
	80D53C A9 80       LDA #$80               A:0A85 X:0000 Y:0046 S:0131 D:0E68 DB:86 nvMXdizC V:254 H:177 F: 9
	80D53E 14 0E       TRB $0E       [000E76] A:0A80 X:0000 Y:0046 S:0131 D:0E68 DB:86 NvMXdizC V:254 H:180 F: 9
	80D540 A5 0A       LDA $0A       [000E72] A:0A80 X:0000 Y:0046 S:0131 D:0E68 DB:86 NvMXdizC V:254 H:190 F: 9
	80D542 0A          ASL A                  A:0A14 X:0000 Y:0046 S:0131 D:0E68 DB:86 nvMXdizC V:254 H:196 F: 9
	80D543 AA          TAX                    A:0A28 X:0000 Y:0046 S:0131 D:0E68 DB:86 nvMXdizc V:254 H:199 F: 9
	80D544 7C DD F8    JMP ($F8DD,X) [80F905] A:0A28 X:0028 Y:0046 S:0131 D:0E68 DB:86 nvMXdizc V:254 H:202 F: 9

	80FA15 22 44 B1 83 JSL $83B144   [83B144] A:0A28 X:0028 Y:0046 S:0131 D:0E68 DB:86 nvMXdizc V:254 H:211 F: 9

		83B144 A6 01       LDX $01       [000E69] A:0A28 X:0028 Y:0046 S:012E D:0E68 DB:86 nvMXdizc V:254 H:225 F: 9
		83B146 7C 49 B1    JMP ($B149,X) [83B14D] A:0A28 X:0004 Y:0046 S:012E D:0E68 DB:86 nvMXdizc V:254 H:231 F: 9

		83B2E8 A6 02       LDX $02       [000E6A] A:0A28 X:0004 Y:0046 S:012E D:0E68 DB:86 nvMXdizc V:254 H:240 F: 9
		83B2EA FC DA B3    JSR ($B3DA,X) [83B3E2] A:0A28 X:0008 Y:0046 S:012E D:0E68 DB:86 nvMXdizc V:254 H:247 F: 9

			83B826 A6 03       LDX $03       [000E6B] A:0A28 X:0008 Y:0046 S:012C D:0E68 DB:86 nvMXdizc V:254 H:260 F: 9
			83B828 7C 2B B8    JMP ($B82B,X) [83B833] A:0A28 X:0008 Y:0046 S:012C D:0E68 DB:86 nvMXdizc V:254 H:266 F: 9

			83B8E3 22 EA 8E 84 JSL $848EEA   [848EEA] A:0A28 X:0008 Y:0046 S:012C D:0E68 DB:86 nvMXdizc V:254 H:275 F: 9	JSL $848EEA --> Decrease CDSkel, Continue Skeleton

				848EEA 08          PHP                    A:0A28 X:0008 Y:0046 S:0129 D:0E68 DB:86 nvMXdizc V:254 H:289 F: 9
				848EEB 8B          PHB                    A:0A28 X:0008 Y:0046 S:0128 D:0E68 DB:86 nvMXdizc V:254 H:294 F: 9
				848EEC E2 30       SEP #$30               A:0A28 X:0008 Y:0046 S:0127 D:0E68 DB:86 nvMXdizc V:254 H:299 F: 9
				848EEE C6 13       DEC $13       [000E7B] A:0A28 X:0008 Y:0046 S:0127 D:0E68 DB:86 nvMXdizc V:254 H:303 F: 9
				848EF0 D0 5D       BNE $005D     [848F4F] A:0A28 X:0008 Y:0046 S:0127 D:0E68 DB:86 nvMXdizc V:254 H:313 F: 9
				848F4F AB          PLB                    A:0A28 X:0008 Y:0046 S:0127 D:0E68 DB:86 nvMXdizc V:254 H:318 F: 9
				848F50 28          PLP                    A:0A28 X:0008 Y:0046 S:0128 D:0E68 DB:86 NvMXdizc V:254 H:324 F: 9
				848F51 6B          RTL                    A:0A28 X:0008 Y:0046 S:0129 D:0E68 DB:86 nvMXdizc V:254 H:330 F: 9

			83B8E7 A5 17       LDA $17       [000E7F] A:0A28 X:0008 Y:0046 S:012C D:0E68 DB:86 nvMXdizc V:255 H:  0 F: 9
			83B8E9 10 0E       BPL $000E     [83B8F9] A:0A15 X:0008 Y:0046 S:012C D:0E68 DB:86 nvMXdizc V:255 H:  7 F: 9
			83B8F9 A5 3A       LDA $3A       [000EA2] A:0A15 X:0008 Y:0046 S:012C D:0E68 DB:86 nvMXdizc V:255 H: 11 F: 9
			83B8FB D0 08       BNE $0008     [83B905] A:0A00 X:0008 Y:0046 S:012C D:0E68 DB:86 nvMXdiZc V:255 H: 18 F: 9	Branch if CDLoseShield <> #$00
			83B8FD E6 03       INC $03       [000E6B] A:0A00 X:0008 Y:0046 S:012C D:0E68 DB:86 nvMXdiZc V:255 H: 21 F: 9	|Increase Subaction = #$0A
			83B8FF E6 03       INC $03       [000E6B] A:0A00 X:0008 Y:0046 S:012C D:0E68 DB:86 nvMXdizc V:255 H: 31 F: 9	|
			83B901 A9 14       LDA #$14               A:0A00 X:0008 Y:0046 S:012C D:0E68 DB:86 nvMXdizc V:255 H: 41 F: 9
			83B903 85 3A       STA $3A       [000EA2] A:0A14 X:0008 Y:0046 S:012C D:0E68 DB:86 nvMXdizc V:255 H: 44 F: 9	CDLoseShield = #$14
			83B905 C6 3A       DEC $3A       [000EA2] A:0A14 X:0008 Y:0046 S:012C D:0E68 DB:86 nvMXdizc V:255 H: 50 F: 9	Decrease CDLoseShield = #$13
			83B907 60          RTS                    A:0A14 X:0008 Y:0046 S:012C D:0E68 DB:86 nvMXdizc V:255 H: 60 F: 9	Return

		83B2ED A5 27       LDA $27       [000E8F] A:0A14 X:0008 Y:0046 S:012E D:0E68 DB:86 nvMXdizc V:255 H: 70 F: 9
