80D4F6 20 30 D5    JSR $D530     [80D530] A:0E01 X:0000 Y:0002 S:0133 D:0E68 DB:86 nvMXdizC V:250 H:307 F:37

	80D530 C2 20       REP #$20               A:0E01 X:0000 Y:0002 S:0131 D:0E68 DB:86 nvMXdizC V:250 H:317 F:37
	80D532 A5 05       LDA $05       [000E6D] A:0E01 X:0000 Y:0002 S:0131 D:0E68 DB:86 nvmXdizC V:250 H:322 F:37
	80D534 85 22       STA $22       [000E8A] A:147D X:0000 Y:0002 S:0131 D:0E68 DB:86 nvmXdizC V:250 H:329 F:37
	80D536 A5 08       LDA $08       [000E70] A:147D X:0000 Y:0002 S:0131 D:0E68 DB:86 nvmXdizC V:250 H:338 F:37
	80D538 85 24       STA $24       [000E8C] A:0A82 X:0000 Y:0002 S:0131 D:0E68 DB:86 nvmXdizC V:251 H:  6 F:37
	80D53A E2 20       SEP #$20               A:0A82 X:0000 Y:0002 S:0131 D:0E68 DB:86 nvmXdizC V:251 H: 15 F:37
	80D53C A9 80       LDA #$80               A:0A82 X:0000 Y:0002 S:0131 D:0E68 DB:86 nvMXdizC V:251 H: 19 F:37
	80D53E 14 0E       TRB $0E       [000E76] A:0A80 X:0000 Y:0002 S:0131 D:0E68 DB:86 NvMXdizC V:251 H: 22 F:37
	80D540 A5 0A       LDA $0A       [000E72] A:0A80 X:0000 Y:0002 S:0131 D:0E68 DB:86 NvMXdizC V:251 H: 32 F:37
	80D542 0A          ASL A                  A:0A14 X:0000 Y:0002 S:0131 D:0E68 DB:86 nvMXdizC V:251 H: 39 F:37
	80D543 AA          TAX                    A:0A28 X:0000 Y:0002 S:0131 D:0E68 DB:86 nvMXdizc V:251 H: 42 F:37
	80D544 7C DD F8    JMP ($F8DD,X) [80F905] A:0A28 X:0028 Y:0002 S:0131 D:0E68 DB:86 nvMXdizc V:251 H: 45 F:37

	80FA15 22 44 B1 83 JSL $83B144   [83B144] A:0A28 X:0028 Y:0002 S:0131 D:0E68 DB:86 nvMXdizc V:251 H: 54 F:37

		83B144 A6 01       LDX $01       [000E69] A:0A28 X:0028 Y:0002 S:012E D:0E68 DB:86 nvMXdizc V:251 H: 67 F:37				|Normal 00,0C routine
		83B146 7C 49 B1    JMP ($B149,X) [83B14D] A:0A28 X:0004 Y:0002 S:012E D:0E68 DB:86 nvMXdizc V:251 H: 74 F:37				|

		83B2E8 A6 02       LDX $02       [000E6A] A:0A28 X:0004 Y:0002 S:012E D:0E68 DB:86 nvMXdizc V:251 H: 83 F:37				|
		83B2EA FC DA B3    JSR ($B3DA,X) [83B3DA] A:0A28 X:0000 Y:0002 S:012E D:0E68 DB:86 nvMXdiZc V:251 H: 89 F:37				|

			83B3E4 A6 03       LDX $03       [000E6B] A:0A28 X:0000 Y:0002 S:012C D:0E68 DB:86 nvMXdiZc V:251 H:102 F:37			|
			83B3E6 7C E9 B3    JMP ($B3E9,X) [83B3F5] A:0A28 X:000C Y:0002 S:012C D:0E68 DB:86 nvMXdizc V:251 H:109 F:37			|

			83B5A9 C2 20       REP #$20               A:0A28 X:000C Y:0002 S:012C D:0E68 DB:86 nvMXdizc V:251 H:118 F:37			|
			83B5AB A9 4F C9    LDA #$C94F             A:0A28 X:000C Y:0002 S:012C D:0E68 DB:86 nvmXdizc V:251 H:122 F:37			|
			83B5AE 85 20       STA $20       [000E88] A:C94F X:000C Y:0002 S:012C D:0E68 DB:86 NvmXdizc V:251 H:127 F:37			|
			83B5B0 E2 20       SEP #$20               A:C94F X:000C Y:0002 S:012C D:0E68 DB:86 NvmXdizc V:251 H:145 F:37			|
			83B5B2 22 E8 81 82 JSL $8281E8   [8281E8] A:C94F X:000C Y:0002 S:012C D:0E68 DB:86 NvMXdizc V:251 H:150 F:37			|

				8281E8 08          PHP                    A:C94F X:000C Y:0002 S:0129 D:0E68 DB:86 NvMXdizc V:251 H:163 F:37
				8281E9 C2 20       REP #$20               A:C94F X:000C Y:0002 S:0128 D:0E68 DB:86 NvMXdizc V:251 H:168 F:37
				8281EB 38          SEC                    A:C94F X:000C Y:0002 S:0128 D:0E68 DB:86 NvmXdizc V:251 H:173 F:37
				8281EC A5 1E       LDA $1E       [000E86] A:C94F X:000C Y:0002 S:0128 D:0E68 DB:86 NvmXdizC V:251 H:176 F:37
				8281EE 29 FF 00    AND #$00FF             A:0040 X:000C Y:0002 S:0128 D:0E68 DB:86 nvmXdizC V:251 H:184 F:37
				8281F1 E5 1C       SBC $1C       [000E84] A:0040 X:000C Y:0002 S:0128 D:0E68 DB:86 nvmXdizC V:251 H:189 F:37
				8281F3 49 FF FF    EOR #$FFFF             A:02FA X:000C Y:0002 S:0128 D:0E68 DB:86 nvmXdizc V:251 H:197 F:37
				8281F6 1A          INC                    A:FD05 X:000C Y:0002 S:0128 D:0E68 DB:86 NvmXdizc V:251 H:202 F:37
				8281F7 85 1C       STA $1C       [000E84] A:FD06 X:000C Y:0002 S:0128 D:0E68 DB:86 NvmXdizc V:251 H:205 F:37
				8281F9 80 10       BRA $0010     [82820B] A:FD06 X:000C Y:0002 S:0128 D:0E68 DB:86 NvmXdizc V:251 H:213 F:37
				82820B C2 21       REP #$21               A:FD06 X:000C Y:0002 S:0128 D:0E68 DB:86 NvmXdizc V:251 H:218 F:37
				82820D A5 04       LDA $04       [000E6C] A:FD06 X:000C Y:0002 S:0128 D:0E68 DB:86 NvmXdizc V:251 H:222 F:37
				82820F 65 1A       ADC $1A       [000E82] A:7D5E X:000C Y:0002 S:0128 D:0E68 DB:86 nvmXdizc V:251 H:231 F:37
				828211 85 04       STA $04       [000E6C] A:7C5E X:000C Y:0002 S:0128 D:0E68 DB:86 nvmXdizC V:251 H:239 F:37
				828213 E2 20       SEP #$20               A:7C5E X:000C Y:0002 S:0128 D:0E68 DB:86 nvmXdizC V:251 H:248 F:37
				828215 A9 00       LDA #$00               A:7C5E X:000C Y:0002 S:0128 D:0E68 DB:86 nvMXdizC V:251 H:252 F:37
				828217 24 1B       BIT $1B       [000E83] A:7C00 X:000C Y:0002 S:0128 D:0E68 DB:86 nvMXdiZC V:251 H:255 F:37
				828219 10 01       BPL $0001     [82821C] A:7C00 X:000C Y:0002 S:0128 D:0E68 DB:86 NVMXdiZC V:251 H:262 F:37
				82821B 3A          DEC                    A:7C00 X:000C Y:0002 S:0128 D:0E68 DB:86 NVMXdiZC V:251 H:265 F:37
				82821C 65 06       ADC $06       [000E6E] A:7CFF X:000C Y:0002 S:0128 D:0E68 DB:86 NVMXdizC V:251 H:268 F:37
				82821E 85 06       STA $06       [000E6E] A:7C14 X:000C Y:0002 S:0128 D:0E68 DB:86 nvMXdizC V:251 H:274 F:37
				828220 C2 20       REP #$20               A:7C14 X:000C Y:0002 S:0128 D:0E68 DB:86 nvMXdizC V:251 H:281 F:37
				828222 38          SEC                    A:7C14 X:000C Y:0002 S:0128 D:0E68 DB:86 nvmXdizC V:251 H:285 F:37
				828223 A5 07       LDA $07       [000E6F] A:7C14 X:000C Y:0002 S:0128 D:0E68 DB:86 nvmXdizC V:251 H:288 F:37
				828225 E5 1C       SBC $1C       [000E84] A:8288 X:000C Y:0002 S:0128 D:0E68 DB:86 NvmXdizC V:251 H:297 F:37
				828227 85 07       STA $07       [000E6F] A:8582 X:000C Y:0002 S:0128 D:0E68 DB:86 NvmXdizc V:251 H:305 F:37
				828229 E2 20       SEP #$20               A:8582 X:000C Y:0002 S:0128 D:0E68 DB:86 NvmXdizc V:251 H:314 F:37
				82822B 9C 00 00    STZ $0000     [860000] A:8582 X:000C Y:0002 S:0128 D:0E68 DB:86 NvMXdizc V:251 H:318 F:37
				82822E 24 1D       BIT $1D       [000E85] A:8582 X:000C Y:0002 S:0128 D:0E68 DB:86 NvMXdizc V:251 H:324 F:37
				828230 10 03       BPL $0003     [828235] A:8582 X:000C Y:0002 S:0128 D:0E68 DB:86 NVMXdizc V:251 H:330 F:37
				828232 CE 00 00    DEC $0000     [860000] A:8582 X:000C Y:0002 S:0128 D:0E68 DB:86 NVMXdizc V:251 H:333 F:37
				828235 A5 09       LDA $09       [000E71] A:8582 X:000C Y:0002 S:0128 D:0E68 DB:86 NVMXdizc V:252 H:  3 F:37
				828237 ED 00 00    SBC $0000     [860000] A:850A X:000C Y:0002 S:0128 D:0E68 DB:86 nVMXdizc V:252 H: 10 F:37
				82823A 85 09       STA $09       [000E71] A:850A X:000C Y:0002 S:0128 D:0E68 DB:86 nvMXdizc V:252 H: 16 F:37
				82823C 28          PLP                    A:850A X:000C Y:0002 S:0128 D:0E68 DB:86 nvMXdizc V:252 H: 23 F:37
				82823D 6B          RTL                    A:850A X:000C Y:0002 S:0129 D:0E68 DB:86 NvMXdizc V:252 H: 29 F:37

			83B5B6 22 EA 8E 84 JSL $848EEA   [848EEA] A:850A X:000C Y:0002 S:012C D:0E68 DB:86 NvMXdizc V:252 H: 40 F:37			|Normal 00,0C routine

				848EEA 08          PHP                    A:850A X:000C Y:0002 S:0129 D:0E68 DB:86 NvMXdizc V:252 H: 53 F:37
				848EEB 8B          PHB                    A:850A X:000C Y:0002 S:0128 D:0E68 DB:86 NvMXdizc V:252 H: 58 F:37
				848EEC E2 30       SEP #$30               A:850A X:000C Y:0002 S:0127 D:0E68 DB:86 NvMXdizc V:252 H: 63 F:37
				848EEE C6 13       DEC $13       [000E7B] A:850A X:000C Y:0002 S:0127 D:0E68 DB:86 NvMXdizc V:252 H: 68 F:37
				848EF0 D0 5D       BNE $005D     [848F4F] A:850A X:000C Y:0002 S:0127 D:0E68 DB:86 nvMXdizc V:252 H: 78 F:37
				848F4F AB          PLB                    A:850A X:000C Y:0002 S:0127 D:0E68 DB:86 nvMXdizc V:252 H: 82 F:37
				848F50 28          PLP                    A:850A X:000C Y:0002 S:0128 D:0E68 DB:86 NvMXdizc V:252 H: 89 F:37
				848F51 6B          RTL                    A:850A X:000C Y:0002 S:0129 D:0E68 DB:86 NvMXdizc V:252 H: 95 F:37

			83B5BA 22 BE 91 84 JSL $8491BE   [8491BE] A:850A X:000C Y:0002 S:012C D:0E68 DB:86 NvMXdizc V:252 H:106 F:37			|Normal 00,0C routine

				8491BE 08          PHP                    A:850A X:000C Y:0002 S:0129 D:0E68 DB:86 NvMXdizc V:252 H:119 F:37
				8491BF 0B          PHD                    A:850A X:000C Y:0002 S:0128 D:0E68 DB:86 NvMXdizc V:252 H:124 F:37
				8491C0 C2 30       REP #$30               A:850A X:000C Y:0002 S:0126 D:0E68 DB:86 NvMXdizc V:252 H:131 F:37
				8491C2 A5 20       LDA $20       [000E88] A:850A X:000C Y:0002 S:0126 D:0E68 DB:86 Nvmxdizc V:252 H:146 F:37
				8491C4 F0 15       BEQ $0015     [8491DB] A:C94F X:000C Y:0002 S:0126 D:0E68 DB:86 Nvmxdizc V:252 H:154 F:37
				8491C6 7B          TDC                    A:C94F X:000C Y:0002 S:0126 D:0E68 DB:86 Nvmxdizc V:252 H:157 F:37
				8491C7 AA          TAX                    A:0E68 X:000C Y:0002 S:0126 D:0E68 DB:86 nvmxdizc V:252 H:160 F:37
				8491C8 A9 00 00    LDA #$0000             A:0E68 X:0E68 Y:0002 S:0126 D:0E68 DB:86 nvmxdizc V:252 H:163 F:37
				8491CB 5B          TCD                    A:0000 X:0E68 Y:0002 S:0126 D:0E68 DB:86 nvmxdiZc V:252 H:168 F:37
				8491CC 64 14       STZ $14       [000014] A:0000 X:0E68 Y:0002 S:0126 D:0000 DB:86 nvmxdiZc V:252 H:171 F:37
				8491CE B5 2B       LDA $2B,X     [000E93] A:0000 X:0E68 Y:0002 S:0126 D:0000 DB:86 nvmxdiZc V:252 H:178 F:37
				8491D0 29 00 FF    AND #$FF00             A:0000 X:0E68 Y:0002 S:0126 D:0000 DB:86 nvmxdiZc V:252 H:186 F:37
				8491D3 95 2B       STA $2B,X     [000E93] A:0000 X:0E68 Y:0002 S:0126 D:0000 DB:86 nvmxdiZc V:252 H:191 F:37
				8491D5 20 AC 92    JSR $92AC     [8492AC] A:0000 X:0E68 Y:0002 S:0126 D:0000 DB:86 nvmxdiZc V:252 H:199 F:37

				8492AC C2 30       REP #$30               A:0000 X:0E68 Y:0002 S:0124 D:0000 DB:86 nvmxdiZc V:252 H:209 F:37
				8492AE B5 05       LDA $05,X     [000E6D] A:0000 X:0E68 Y:0002 S:0124 D:0000 DB:86 nvmxdiZc V:252 H:214 F:37
				8492B0 38          SEC                    A:147C X:0E68 Y:0002 S:0124 D:0000 DB:86 nvmxdizc V:252 H:222 F:37
				8492B1 F5 22       SBC $22,X     [000E8A] A:147C X:0E68 Y:0002 S:0124 D:0000 DB:86 nvmxdizC V:252 H:225 F:37
				8492B3 85 00       STA $00       [000000] A:FFFF X:0E68 Y:0002 S:0124 D:0000 DB:86 Nvmxdizc V:252 H:234 F:37
				8492B5 E2 20       SEP #$20               A:FFFF X:0E68 Y:0002 S:0124 D:0000 DB:86 Nvmxdizc V:252 H:241 F:37
				8492B7 F0 4C       BEQ $004C     [849305] A:FFFF X:0E68 Y:0002 S:0124 D:0000 DB:86 NvMxdizc V:252 H:245 F:37
				8492B9 B4 20       LDY $20,X     [000E88] A:FFFF X:0E68 Y:0002 S:0124 D:0000 DB:86 NvMxdizc V:252 H:248 F:37
				8492BB B9 05 00    LDA $0005,Y   [86C954] A:FFFF X:0E68 Y:C94F S:0124 D:0000 DB:86 NvMxdizc V:252 H:257 F:37
				8492BE 34 11       BIT $11,X     [000E79] A:FF00 X:0E68 Y:C94F S:0124 D:0000 DB:86 nvMxdiZc V:252 H:264 F:37
				8492C0 50 03       BVC $0003     [8492C5] A:FF00 X:0E68 Y:C94F S:0124 D:0000 DB:86 nvMxdiZc V:252 H:271 F:37
				8492C5 24 00       BIT $00       [000000] A:FF00 X:0E68 Y:C94F S:0124 D:0000 DB:86 nvMxdiZc V:252 H:275 F:37
				8492C7 10 06       BPL $0006     [8492CF] A:FF00 X:0E68 Y:C94F S:0124 D:0000 DB:86 NVMxdiZc V:252 H:280 F:37
				8492C9 38          SEC                    A:FF00 X:0E68 Y:C94F S:0124 D:0000 DB:86 NVMxdiZc V:252 H:283 F:37
				8492CA F9 07 00    SBC $0007,Y   [86C956] A:FF00 X:0E68 Y:C94F S:0124 D:0000 DB:86 NVMxdiZC V:252 H:286 F:37
				8492CD 80 04       BRA $0004     [8492D3] A:FFF0 X:0E68 Y:C94F S:0124 D:0000 DB:86 NvMxdizc V:252 H:294 F:37
				8492D3 95 29       STA $29,X     [000E91] A:FFF0 X:0E68 Y:C94F S:0124 D:0000 DB:86 NvMxdizc V:252 H:298 F:37
				8492D5 B9 06 00    LDA $0006,Y   [86C955] A:FFF0 X:0E68 Y:C94F S:0124 D:0000 DB:86 NvMxdizc V:252 H:305 F:37
				8492D8 95 2A       STA $2A,X     [000E92] A:FFFF X:0E68 Y:C94F S:0124 D:0000 DB:86 NvMxdizc V:252 H:312 F:37
				8492DA 20 15 93    JSR $9315     [849315] A:FFFF X:0E68 Y:C94F S:0124 D:0000 DB:86 NvMxdizc V:252 H:319 F:37

				849315 20 B3 90    JSR $90B3     [8490B3] A:FFFF X:0E68 Y:C94F S:0122 D:0000 DB:86 NvMxdizc V:252 H:328 F:37

				8490B3 0B          PHD                    A:FFFF X:0E68 Y:C94F S:0120 D:0000 DB:86 NvMxdizc V:252 H:338 F:37
				8490B4 DA          PHX                    A:FFFF X:0E68 Y:C94F S:011E D:0000 DB:86 NvMxdizc V:253 H:  5 F:37
				8490B5 08          PHP                    A:FFFF X:0E68 Y:C94F S:011C D:0000 DB:86 NvMxdizc V:253 H: 12 F:37
				8490B6 E2 20       SEP #$20               A:FFFF X:0E68 Y:C94F S:011B D:0000 DB:86 NvMxdizc V:253 H: 17 F:37
				8490B8 C2 10       REP #$10               A:FFFF X:0E68 Y:C94F S:011B D:0000 DB:86 NvMxdizc V:253 H: 21 F:37
				8490BA 64 01       STZ $01       [000001] A:FFFF X:0E68 Y:C94F S:011B D:0000 DB:86 NvMxdizc V:253 H: 26 F:37
				8490BC B5 29       LDA $29,X     [000E91] A:FFFF X:0E68 Y:C94F S:011B D:0000 DB:86 NvMxdizc V:253 H: 31 F:37
				8490BE 10 02       BPL $0002     [8490C2] A:FFF0 X:0E68 Y:C94F S:011B D:0000 DB:86 NvMxdizc V:253 H: 37 F:37
				8490C0 C6 01       DEC $01       [000001] A:FFF0 X:0E68 Y:C94F S:011B D:0000 DB:86 NvMxdizc V:253 H: 40 F:37
				8490C2 18          CLC                    A:FFF0 X:0E68 Y:C94F S:011B D:0000 DB:86 NvMxdizc V:253 H: 49 F:37
				8490C3 75 05       ADC $05,X     [000E6D] A:FFF0 X:0E68 Y:C94F S:011B D:0000 DB:86 NvMxdizc V:253 H: 52 F:37
				8490C5 85 00       STA $00       [000000] A:FF6C X:0E68 Y:C94F S:011B D:0000 DB:86 nvMxdizC V:253 H: 58 F:37
				8490C7 B5 06       LDA $06,X     [000E6E] A:FF6C X:0E68 Y:C94F S:011B D:0000 DB:86 nvMxdizC V:253 H: 63 F:37
				8490C9 65 01       ADC $01       [000001] A:FF14 X:0E68 Y:C94F S:011B D:0000 DB:86 nvMxdizC V:253 H: 70 F:37
				8490CB 85 01       STA $01       [000001] A:FF14 X:0E68 Y:C94F S:011B D:0000 DB:86 nvMxdizC V:253 H: 75 F:37
				8490CD 64 03       STZ $03       [000003] A:FF14 X:0E68 Y:C94F S:011B D:0000 DB:86 nvMxdizC V:253 H: 80 F:37
				8490CF B5 2A       LDA $2A,X     [000E92] A:FF14 X:0E68 Y:C94F S:011B D:0000 DB:86 nvMxdizC V:253 H: 85 F:37
				8490D1 10 02       BPL $0002     [8490D5] A:FFFF X:0E68 Y:C94F S:011B D:0000 DB:86 NvMxdizC V:253 H: 91 F:37
				8490D3 C6 03       DEC $03       [000003] A:FFFF X:0E68 Y:C94F S:011B D:0000 DB:86 NvMxdizC V:253 H: 94 F:37
				8490D5 18          CLC                    A:FFFF X:0E68 Y:C94F S:011B D:0000 DB:86 NvMxdizC V:253 H:103 F:37
				8490D6 75 08       ADC $08,X     [000E70] A:FFFF X:0E68 Y:C94F S:011B D:0000 DB:86 NvMxdizc V:253 H:106 F:37
				8490D8 85 02       STA $02       [000002] A:FF84 X:0E68 Y:C94F S:011B D:0000 DB:86 NvMxdizC V:253 H:112 F:37
				8490DA 29 F0       AND #$F0               A:FF84 X:0E68 Y:C94F S:011B D:0000 DB:86 NvMxdizC V:253 H:117 F:37
				8490DC 85 0A       STA $0A       [00000A] A:FF80 X:0E68 Y:C94F S:011B D:0000 DB:86 NvMxdizC V:253 H:120 F:37
				8490DE B5 09       LDA $09,X     [000E71] A:FF80 X:0E68 Y:C94F S:011B D:0000 DB:86 NvMxdizC V:253 H:125 F:37
				8490E0 65 03       ADC $03       [000003] A:FF0A X:0E68 Y:C94F S:011B D:0000 DB:86 nvMxdizC V:253 H:132 F:37
				8490E2 85 03       STA $03       [000003] A:FF0A X:0E68 Y:C94F S:011B D:0000 DB:86 nvMxdizC V:253 H:147 F:37
				8490E4 85 0B       STA $0B       [00000B] A:FF0A X:0E68 Y:C94F S:011B D:0000 DB:86 nvMxdizC V:253 H:152 F:37
				8490E6 A5 00       LDA $00       [000000] A:FF0A X:0E68 Y:C94F S:011B D:0000 DB:86 nvMxdizC V:253 H:157 F:37
				8490E8 29 0F       AND #$0F               A:FF6C X:0E68 Y:C94F S:011B D:0000 DB:86 nvMxdizC V:253 H:162 F:37
				8490EA 1A          INC                    A:FF0C X:0E68 Y:C94F S:011B D:0000 DB:86 nvMxdizC V:253 H:165 F:37
				8490EB 85 0C       STA $0C       [00000C] A:FF0D X:0E68 Y:C94F S:011B D:0000 DB:86 nvMxdizC V:253 H:168 F:37
				8490ED A5 02       LDA $02       [000002] A:FF0D X:0E68 Y:C94F S:011B D:0000 DB:86 nvMxdizC V:253 H:173 F:37
				8490EF 29 0F       AND #$0F               A:FF84 X:0E68 Y:C94F S:011B D:0000 DB:86 NvMxdizC V:253 H:178 F:37
				8490F1 1A          INC                    A:FF04 X:0E68 Y:C94F S:011B D:0000 DB:86 nvMxdizC V:253 H:181 F:37
				8490F2 85 0E       STA $0E       [00000E] A:FF05 X:0E68 Y:C94F S:011B D:0000 DB:86 nvMxdizC V:253 H:184 F:37
				8490F4 C2 20       REP #$20               A:FF05 X:0E68 Y:C94F S:011B D:0000 DB:86 nvMxdizC V:253 H:189 F:37
				8490F6 20 6A 91    JSR $916A     [84916A] A:FF05 X:0E68 Y:C94F S:011B D:0000 DB:86 nvmxdizC V:253 H:193 F:37

				84916A A9 00 E8    LDA #$E800             A:FF05 X:0E68 Y:C94F S:0119 D:0000 DB:86 nvmxdizC V:253 H:203 F:37
				84916D 85 10       STA $10       [000010] A:E800 X:0E68 Y:C94F S:0119 D:0000 DB:86 NvmxdizC V:253 H:208 F:37
				84916F A9 7E 00    LDA #$007E             A:E800 X:0E68 Y:C94F S:0119 D:0000 DB:86 NvmxdizC V:253 H:215 F:37
				849172 85 12       STA $12       [000012] A:007E X:0E68 Y:C94F S:0119 D:0000 DB:86 nvmxdizC V:253 H:219 F:37
				849174 A5 02       LDA $02       [000002] A:007E X:0E68 Y:C94F S:0119 D:0000 DB:86 nvmxdizC V:253 H:226 F:37
				849176 29 F0 00    AND #$00F0             A:0A84 X:0E68 Y:C94F S:0119 D:0000 DB:86 nvmxdizC V:253 H:233 F:37
				849179 0A          ASL A                  A:0080 X:0E68 Y:C94F S:0119 D:0000 DB:86 nvmxdizC V:253 H:238 F:37
				84917A 85 04       STA $04       [000004] A:0100 X:0E68 Y:C94F S:0119 D:0000 DB:86 nvmxdizc V:253 H:241 F:37
				84917C A5 00       LDA $00       [000000] A:0100 X:0E68 Y:C94F S:0119 D:0000 DB:86 nvmxdizc V:253 H:248 F:37
				84917E 29 FF 00    AND #$00FF             A:146C X:0E68 Y:C94F S:0119 D:0000 DB:86 nvmxdizc V:253 H:255 F:37
				849181 4A          LSR A                  A:006C X:0E68 Y:C94F S:0119 D:0000 DB:86 nvmxdizc V:253 H:259 F:37
				849182 4A          LSR A                  A:0036 X:0E68 Y:C94F S:0119 D:0000 DB:86 nvmxdizc V:253 H:262 F:37
				849183 4A          LSR A                  A:001B X:0E68 Y:C94F S:0119 D:0000 DB:86 nvmxdizc V:253 H:265 F:37
				849184 29 FE FF    AND #$FFFE             A:000D X:0E68 Y:C94F S:0119 D:0000 DB:86 nvmxdizC V:253 H:268 F:37
				849187 18          CLC                    A:000C X:0E68 Y:C94F S:0119 D:0000 DB:86 nvmxdizC V:253 H:273 F:37
				849188 65 04       ADC $04       [000004] A:000C X:0E68 Y:C94F S:0119 D:0000 DB:86 nvmxdizc V:253 H:276 F:37
				84918A 85 06       STA $06       [000006] A:010C X:0E68 Y:C94F S:0119 D:0000 DB:86 nvmxdizc V:253 H:283 F:37
				84918C A5 00       LDA $00       [000000] A:010C X:0E68 Y:C94F S:0119 D:0000 DB:86 nvmxdizc V:253 H:290 F:37
				84918E EB          XBA                    A:146C X:0E68 Y:C94F S:0119 D:0000 DB:86 nvmxdizc V:253 H:297 F:37
				84918F 29 1F 00    AND #$001F             A:6C14 X:0E68 Y:C94F S:0119 D:0000 DB:86 nvmxdizc V:253 H:301 F:37
				849192 85 04       STA $04       [000004] A:0014 X:0E68 Y:C94F S:0119 D:0000 DB:86 nvmxdizc V:253 H:306 F:37
				849194 A5 02       LDA $02       [000002] A:0014 X:0E68 Y:C94F S:0119 D:0000 DB:86 nvmxdizc V:253 H:313 F:37
				849196 29 00 1F    AND #$1F00             A:0A84 X:0E68 Y:C94F S:0119 D:0000 DB:86 nvmxdizc V:253 H:320 F:37
				849199 4A          LSR A                  A:0A00 X:0E68 Y:C94F S:0119 D:0000 DB:86 nvmxdizc V:253 H:324 F:37
				84919A 4A          LSR A                  A:0500 X:0E68 Y:C94F S:0119 D:0000 DB:86 nvmxdizc V:253 H:327 F:37
				84919B 4A          LSR A                  A:0280 X:0E68 Y:C94F S:0119 D:0000 DB:86 nvmxdizc V:253 H:329 F:37
				84919C 18          CLC                    A:0140 X:0E68 Y:C94F S:0119 D:0000 DB:86 nvmxdizc V:253 H:332 F:37
				84919D 65 04       ADC $04       [000004] A:0140 X:0E68 Y:C94F S:0119 D:0000 DB:86 nvmxdizc V:253 H:335 F:37
				84919F A8          TAY                    A:0154 X:0E68 Y:C94F S:0119 D:0000 DB:86 nvmxdizc V:254 H:  2 F:37
				8491A0 B7 10       LDA [$10],Y   [7EE954] A:0154 X:0E68 Y:0154 S:0119 D:0000 DB:86 nvmxdizc V:254 H:  5 F:37
				8491A2 29 FF 00    AND #$00FF             A:0038 X:0E68 Y:0154 S:0119 D:0000 DB:86 nvmxdizc V:254 H: 18 F:37
				8491A5 A8          TAY                    A:0038 X:0E68 Y:0154 S:0119 D:0000 DB:86 nvmxdizc V:254 H: 23 F:37
				8491A6 EB          XBA                    A:0038 X:0E68 Y:0038 S:0119 D:0000 DB:86 nvmxdizc V:254 H: 26 F:37
				8491A7 0A          ASL A                  A:3800 X:0E68 Y:0038 S:0119 D:0000 DB:86 nvmxdiZc V:254 H: 30 F:37
				8491A8 18          CLC                    A:7000 X:0E68 Y:0038 S:0119 D:0000 DB:86 nvmxdizc V:254 H: 33 F:37
				8491A9 65 06       ADC $06       [000006] A:7000 X:0E68 Y:0038 S:0119 D:0000 DB:86 nvmxdizc V:254 H: 36 F:37
				8491AB AA          TAX                    A:710C X:0E68 Y:0038 S:0119 D:0000 DB:86 nvmxdizc V:254 H: 43 F:37
				8491AC 60          RTS                    A:710C X:710C Y:0038 S:0119 D:0000 DB:86 nvmxdizc V:254 H: 46 F:37

				8490F9 BF 00 20 7E LDA $7E2000,X [7E910C] A:710C X:710C Y:0038 S:011B D:0000 DB:86 nvmxdizc V:254 H: 56 F:37
				8490FD A8          TAY                    A:0236 X:710C Y:0038 S:011B D:0000 DB:86 nvmxdizc V:254 H: 66 F:37
				8490FE AD 92 0B    LDA $0B92     [860B92] A:0236 X:710C Y:0236 S:011B D:0000 DB:86 nvmxdizc V:254 H: 69 F:37
				849101 85 10       STA $10       [000010] A:DB57 X:710C Y:0236 S:011B D:0000 DB:86 Nvmxdizc V:254 H: 78 F:37
				849103 AD 94 0B    LDA $0B94     [860B94] A:DB57 X:710C Y:0236 S:011B D:0000 DB:86 Nvmxdizc V:254 H: 85 F:37
				849106 85 12       STA $12       [000012] A:B895 X:710C Y:0236 S:011B D:0000 DB:86 Nvmxdizc V:254 H: 93 F:37
				849108 B7 10       LDA [$10],Y   [95DD8D] A:B895 X:710C Y:0236 S:011B D:0000 DB:86 Nvmxdizc V:254 H:100 F:37
				84910A 29 FF 00    AND #$00FF             A:0000 X:710C Y:0236 S:011B D:0000 DB:86 nvmxdiZc V:254 H:112 F:37
				84910D 28          PLP                    A:0000 X:710C Y:0236 S:011B D:0000 DB:86 nvmxdiZc V:254 H:117 F:37
				84910E FA          PLX                    A:0000 X:710C Y:0236 S:011C D:0000 DB:86 NvMxdizc V:254 H:123 F:37
				84910F 2B          PLD                    A:0000 X:0E68 Y:0236 S:011E D:0000 DB:86 nvMxdizc V:254 H:132 F:37
				849110 60          RTS                    A:0000 X:0E68 Y:0236 S:0120 D:0000 DB:86 nvMxdiZc V:254 H:150 F:37

				849318 B4 05       LDY $05,X     [000E6D] A:0000 X:0E68 Y:0236 S:0122 D:0000 DB:86 nvMxdiZc V:254 H:160 F:37
				84931A 84 10       STY $10       [000010] A:0000 X:0E68 Y:147C S:0122 D:0000 DB:86 nvMxdizc V:254 H:169 F:37
				84931C B4 08       LDY $08,X     [000E70] A:0000 X:0E68 Y:147C S:0122 D:0000 DB:86 nvMxdizc V:254 H:176 F:37
				84931E 84 12       STY $12       [000012] A:0000 X:0E68 Y:0A85 S:0122 D:0000 DB:86 nvMxdizc V:254 H:184 F:37
				849320 95 2D       STA $2D,X     [000E95] A:0000 X:0E68 Y:0A85 S:0122 D:0000 DB:86 nvMxdizc V:254 H:191 F:37
				849322 86 2C       STX $2C       [00002C] A:0000 X:0E68 Y:0A85 S:0122 D:0000 DB:86 nvMxdizc V:254 H:198 F:37
				849324 29 3F       AND #$3F               A:0000 X:0E68 Y:0A85 S:0122 D:0000 DB:86 nvMxdizc V:254 H:205 F:37
				849326 0A          ASL A                  A:0000 X:0E68 Y:0A85 S:0122 D:0000 DB:86 nvMxdiZc V:254 H:208 F:37
				849327 EB          XBA                    A:0000 X:0E68 Y:0A85 S:0122 D:0000 DB:86 nvMxdiZc V:254 H:211 F:37
				849328 A9 00       LDA #$00               A:0000 X:0E68 Y:0A85 S:0122 D:0000 DB:86 nvMxdiZc V:254 H:215 F:37
				84932A EB          XBA                    A:0000 X:0E68 Y:0A85 S:0122 D:0000 DB:86 nvMxdiZc V:254 H:218 F:37
				84932B AA          TAX                    A:0000 X:0E68 Y:0A85 S:0122 D:0000 DB:86 nvMxdiZc V:254 H:223 F:37
				84932C FC 5D 93    JSR ($935D,X) [84935D] A:0000 X:0000 Y:0A85 S:0122 D:0000 DB:86 nvMxdiZc V:254 H:226 F:37

				84977A A9 00       LDA #$00               A:0000 X:0000 Y:0A85 S:0120 D:0000 DB:86 nvMxdiZc V:254 H:239 F:37
				84977C 60          RTS                    A:0000 X:0000 Y:0A85 S:0120 D:0000 DB:86 nvMxdiZc V:254 H:242 F:37

				84932F 08          PHP                    A:0000 X:0000 Y:0A85 S:0122 D:0000 DB:86 nvMxdiZc V:254 H:252 F:37
				849330 A6 2C       LDX $2C       [00002C] A:0000 X:0000 Y:0A85 S:0121 D:0000 DB:86 nvMxdiZc V:254 H:257 F:37
				849332 A9 01       LDA #$01               A:0000 X:0E68 Y:0A85 S:0121 D:0000 DB:86 nvMxdizc V:254 H:264 F:37
				849334 34 29       BIT $29,X     [000E91] A:0001 X:0E68 Y:0A85 S:0121 D:0000 DB:86 nvMxdizc V:254 H:267 F:37
				849336 10 02       BPL $0002     [84933A] A:0001 X:0E68 Y:0A85 S:0121 D:0000 DB:86 NVMxdiZc V:254 H:273 F:37
				849338 A9 02       LDA #$02               A:0001 X:0E68 Y:0A85 S:0121 D:0000 DB:86 NVMxdiZc V:254 H:276 F:37
				84933A 28          PLP                    A:0002 X:0E68 Y:0A85 S:0121 D:0000 DB:86 nVMxdizc V:254 H:279 F:37
				84933B F0 0C       BEQ $000C     [849349] A:0002 X:0E68 Y:0A85 S:0122 D:0000 DB:86 nvMxdiZc V:254 H:286 F:37
				849349 49 FF       EOR #$FF               A:0002 X:0E68 Y:0A85 S:0122 D:0000 DB:86 nvMxdiZc V:254 H:290 F:37
				84934B 35 2B       AND $2B,X     [000E93] A:00FD X:0E68 Y:0A85 S:0122 D:0000 DB:86 NvMxdizc V:254 H:293 F:37
				84934D 95 2B       STA $2B,X     [000E93] A:0000 X:0E68 Y:0A85 S:0122 D:0000 DB:86 nvMxdiZc V:254 H:300 F:37
				84934F 20 08 93    JSR $9308     [849308] A:0000 X:0E68 Y:0A85 S:0122 D:0000 DB:86 nvMxdiZc V:254 H:306 F:37

				849308 A5 14       LDA $14       [000014] A:0000 X:0E68 Y:0A85 S:0120 D:0000 DB:86 nvMxdiZc V:254 H:316 F:37
				84930A F0 08       BEQ $0008     [849314] A:0000 X:0E68 Y:0A85 S:0120 D:0000 DB:86 nvMxdiZc V:254 H:321 F:37
				849314 60          RTS                    A:0000 X:0E68 Y:0A85 S:0120 D:0000 DB:86 nvMxdiZc V:254 H:325 F:37

				849352 A9 00       LDA #$00               A:0000 X:0E68 Y:0A85 S:0122 D:0000 DB:86 nvMxdiZc V:254 H:335 F:37
				849354 60          RTS                    A:0000 X:0E68 Y:0A85 S:0122 D:0000 DB:86 nvMxdiZc V:254 H:338 F:37

				8492DD D0 26       BNE $0026     [849305] A:0000 X:0E68 Y:0A85 S:0124 D:0000 DB:86 nvMxdiZc V:255 H:  8 F:37
				8492DF B4 20       LDY $20,X     [000E88] A:0000 X:0E68 Y:0A85 S:0124 D:0000 DB:86 nvMxdiZc V:255 H: 11 F:37
				8492E1 B9 06 00    LDA $0006,Y   [86C955] A:0000 X:0E68 Y:C94F S:0124 D:0000 DB:86 NvMxdizc V:255 H: 19 F:37
				8492E4 38          SEC                    A:00FF X:0E68 Y:C94F S:0124 D:0000 DB:86 NvMxdizc V:255 H: 27 F:37
				8492E5 F9 08 00    SBC $0008,Y   [86C957] A:00FF X:0E68 Y:C94F S:0124 D:0000 DB:86 NvMxdizC V:255 H: 30 F:37
				8492E8 18          CLC                    A:00EC X:0E68 Y:C94F S:0124 D:0000 DB:86 NvMxdizC V:255 H: 37 F:37
				8492E9 79 09 00    ADC $0009,Y   [86C958] A:00EC X:0E68 Y:C94F S:0124 D:0000 DB:86 NvMxdizc V:255 H: 40 F:37
				8492EC 95 2A       STA $2A,X     [000E92] A:00F1 X:0E68 Y:C94F S:0124 D:0000 DB:86 NvMxdizc V:255 H: 48 F:37
				8492EE 20 15 93    JSR $9315     [849315] A:00F1 X:0E68 Y:C94F S:0124 D:0000 DB:86 NvMxdizc V:255 H: 54 F:37

				849315 20 B3 90    JSR $90B3     [8490B3] A:00F1 X:0E68 Y:C94F S:0122 D:0000 DB:86 NvMxdizc V:255 H: 64 F:37

				8490B3 0B          PHD                    A:00F1 X:0E68 Y:C94F S:0120 D:0000 DB:86 NvMxdizc V:255 H: 74 F:37
				8490B4 DA          PHX                    A:00F1 X:0E68 Y:C94F S:011E D:0000 DB:86 NvMxdizc V:255 H: 81 F:37
				8490B5 08          PHP                    A:00F1 X:0E68 Y:C94F S:011C D:0000 DB:86 NvMxdizc V:255 H: 88 F:37
				8490B6 E2 20       SEP #$20               A:00F1 X:0E68 Y:C94F S:011B D:0000 DB:86 NvMxdizc V:255 H: 93 F:37
				8490B8 C2 10       REP #$10               A:00F1 X:0E68 Y:C94F S:011B D:0000 DB:86 NvMxdizc V:255 H: 98 F:37
				8490BA 64 01       STZ $01       [000001] A:00F1 X:0E68 Y:C94F S:011B D:0000 DB:86 NvMxdizc V:255 H:102 F:37
				8490BC B5 29       LDA $29,X     [000E91] A:00F1 X:0E68 Y:C94F S:011B D:0000 DB:86 NvMxdizc V:255 H:107 F:37
				8490BE 10 02       BPL $0002     [8490C2] A:00F0 X:0E68 Y:C94F S:011B D:0000 DB:86 NvMxdizc V:255 H:114 F:37
				8490C0 C6 01       DEC $01       [000001] A:00F0 X:0E68 Y:C94F S:011B D:0000 DB:86 NvMxdizc V:255 H:117 F:37
				8490C2 18          CLC                    A:00F0 X:0E68 Y:C94F S:011B D:0000 DB:86 NvMxdizc V:255 H:125 F:37
				8490C3 75 05       ADC $05,X     [000E6D] A:00F0 X:0E68 Y:C94F S:011B D:0000 DB:86 NvMxdizc V:255 H:128 F:37
				8490C5 85 00       STA $00       [000000] A:006C X:0E68 Y:C94F S:011B D:0000 DB:86 nvMxdizC V:255 H:145 F:37
				8490C7 B5 06       LDA $06,X     [000E6E] A:006C X:0E68 Y:C94F S:011B D:0000 DB:86 nvMxdizC V:255 H:150 F:37
				8490C9 65 01       ADC $01       [000001] A:0014 X:0E68 Y:C94F S:011B D:0000 DB:86 nvMxdizC V:255 H:156 F:37
				8490CB 85 01       STA $01       [000001] A:0014 X:0E68 Y:C94F S:011B D:0000 DB:86 nvMxdizC V:255 H:161 F:37
				8490CD 64 03       STZ $03       [000003] A:0014 X:0E68 Y:C94F S:011B D:0000 DB:86 nvMxdizC V:255 H:166 F:37
				8490CF B5 2A       LDA $2A,X     [000E92] A:0014 X:0E68 Y:C94F S:011B D:0000 DB:86 nvMxdizC V:255 H:171 F:37
				8490D1 10 02       BPL $0002     [8490D5] A:00F1 X:0E68 Y:C94F S:011B D:0000 DB:86 NvMxdizC V:255 H:178 F:37
				8490D3 C6 03       DEC $03       [000003] A:00F1 X:0E68 Y:C94F S:011B D:0000 DB:86 NvMxdizC V:255 H:181 F:37
				8490D5 18          CLC                    A:00F1 X:0E68 Y:C94F S:011B D:0000 DB:86 NvMxdizC V:255 H:189 F:37
				8490D6 75 08       ADC $08,X     [000E70] A:00F1 X:0E68 Y:C94F S:011B D:0000 DB:86 NvMxdizc V:255 H:192 F:37
				8490D8 85 02       STA $02       [000002] A:0076 X:0E68 Y:C94F S:011B D:0000 DB:86 nVMxdizC V:255 H:199 F:37
				8490DA 29 F0       AND #$F0               A:0076 X:0E68 Y:C94F S:011B D:0000 DB:86 nVMxdizC V:255 H:204 F:37
				8490DC 85 0A       STA $0A       [00000A] A:0070 X:0E68 Y:C94F S:011B D:0000 DB:86 nVMxdizC V:255 H:207 F:37
				8490DE B5 09       LDA $09,X     [000E71] A:0070 X:0E68 Y:C94F S:011B D:0000 DB:86 nVMxdizC V:255 H:212 F:37
				8490E0 65 03       ADC $03       [000003] A:000A X:0E68 Y:C94F S:011B D:0000 DB:86 nVMxdizC V:255 H:218 F:37
				8490E2 85 03       STA $03       [000003] A:000A X:0E68 Y:C94F S:011B D:0000 DB:86 nvMxdizC V:255 H:223 F:37
				8490E4 85 0B       STA $0B       [00000B] A:000A X:0E68 Y:C94F S:011B D:0000 DB:86 nvMxdizC V:255 H:228 F:37
				8490E6 A5 00       LDA $00       [000000] A:000A X:0E68 Y:C94F S:011B D:0000 DB:86 nvMxdizC V:255 H:233 F:37
				8490E8 29 0F       AND #$0F               A:006C X:0E68 Y:C94F S:011B D:0000 DB:86 nvMxdizC V:255 H:238 F:37
				8490EA 1A          INC                    A:000C X:0E68 Y:C94F S:011B D:0000 DB:86 nvMxdizC V:255 H:241 F:37
				8490EB 85 0C       STA $0C       [00000C] A:000D X:0E68 Y:C94F S:011B D:0000 DB:86 nvMxdizC V:255 H:244 F:37
				8490ED A5 02       LDA $02       [000002] A:000D X:0E68 Y:C94F S:011B D:0000 DB:86 nvMxdizC V:255 H:249 F:37
				8490EF 29 0F       AND #$0F               A:0076 X:0E68 Y:C94F S:011B D:0000 DB:86 nvMxdizC V:255 H:254 F:37
				8490F1 1A          INC                    A:0006 X:0E68 Y:C94F S:011B D:0000 DB:86 nvMxdizC V:255 H:257 F:37
				8490F2 85 0E       STA $0E       [00000E] A:0007 X:0E68 Y:C94F S:011B D:0000 DB:86 nvMxdizC V:255 H:260 F:37
				8490F4 C2 20       REP #$20               A:0007 X:0E68 Y:C94F S:011B D:0000 DB:86 nvMxdizC V:255 H:265 F:37
				8490F6 20 6A 91    JSR $916A     [84916A] A:0007 X:0E68 Y:C94F S:011B D:0000 DB:86 nvmxdizC V:255 H:270 F:37

				84916A A9 00 E8    LDA #$E800             A:0007 X:0E68 Y:C94F S:0119 D:0000 DB:86 nvmxdizC V:255 H:280 F:37
				84916D 85 10       STA $10       [000010] A:E800 X:0E68 Y:C94F S:0119 D:0000 DB:86 NvmxdizC V:255 H:284 F:37
				84916F A9 7E 00    LDA #$007E             A:E800 X:0E68 Y:C94F S:0119 D:0000 DB:86 NvmxdizC V:255 H:291 F:37
				849172 85 12       STA $12       [000012] A:007E X:0E68 Y:C94F S:0119 D:0000 DB:86 nvmxdizC V:255 H:296 F:37
				849174 A5 02       LDA $02       [000002] A:007E X:0E68 Y:C94F S:0119 D:0000 DB:86 nvmxdizC V:255 H:303 F:37
				849176 29 F0 00    AND #$00F0             A:0A76 X:0E68 Y:C94F S:0119 D:0000 DB:86 nvmxdizC V:255 H:310 F:37
				849179 0A          ASL A                  A:0070 X:0E68 Y:C94F S:0119 D:0000 DB:86 nvmxdizC V:255 H:314 F:37
				84917A 85 04       STA $04       [000004] A:00E0 X:0E68 Y:C94F S:0119 D:0000 DB:86 nvmxdizc V:255 H:317 F:37
				84917C A5 00       LDA $00       [000000] A:00E0 X:0E68 Y:C94F S:0119 D:0000 DB:86 nvmxdizc V:255 H:324 F:37
				84917E 29 FF 00    AND #$00FF             A:146C X:0E68 Y:C94F S:0119 D:0000 DB:86 nvmxdizc V:255 H:330 F:37
				849181 4A          LSR A                  A:006C X:0E68 Y:C94F S:0119 D:0000 DB:86 nvmxdizc V:255 H:335 F:37
				849182 4A          LSR A                  A:0036 X:0E68 Y:C94F S:0119 D:0000 DB:86 nvmxdizc V:255 H:338 F:37
				849183 4A          LSR A                  A:001B X:0E68 Y:C94F S:0119 D:0000 DB:86 nvmxdizc V:256 H:  1 F:37
				849184 29 FE FF    AND #$FFFE             A:000D X:0E68 Y:C94F S:0119 D:0000 DB:86 nvmxdizC V:256 H:  4 F:37
				849187 18          CLC                    A:000C X:0E68 Y:C94F S:0119 D:0000 DB:86 nvmxdizC V:256 H:  8 F:37
				849188 65 04       ADC $04       [000004] A:000C X:0E68 Y:C94F S:0119 D:0000 DB:86 nvmxdizc V:256 H: 11 F:37
				84918A 85 06       STA $06       [000006] A:00EC X:0E68 Y:C94F S:0119 D:0000 DB:86 nvmxdizc V:256 H: 18 F:37
				84918C A5 00       LDA $00       [000000] A:00EC X:0E68 Y:C94F S:0119 D:0000 DB:86 nvmxdizc V:256 H: 25 F:37
				84918E EB          XBA                    A:146C X:0E68 Y:C94F S:0119 D:0000 DB:86 nvmxdizc V:256 H: 32 F:37
				84918F 29 1F 00    AND #$001F             A:6C14 X:0E68 Y:C94F S:0119 D:0000 DB:86 nvmxdizc V:256 H: 37 F:37
				849192 85 04       STA $04       [000004] A:0014 X:0E68 Y:C94F S:0119 D:0000 DB:86 nvmxdizc V:256 H: 41 F:37
				849194 A5 02       LDA $02       [000002] A:0014 X:0E68 Y:C94F S:0119 D:0000 DB:86 nvmxdizc V:256 H: 48 F:37
				849196 29 00 1F    AND #$1F00             A:0A76 X:0E68 Y:C94F S:0119 D:0000 DB:86 nvmxdizc V:256 H: 55 F:37
				849199 4A          LSR A                  A:0A00 X:0E68 Y:C94F S:0119 D:0000 DB:86 nvmxdizc V:256 H: 60 F:37
				84919A 4A          LSR A                  A:0500 X:0E68 Y:C94F S:0119 D:0000 DB:86 nvmxdizc V:256 H: 63 F:37
				84919B 4A          LSR A                  A:0280 X:0E68 Y:C94F S:0119 D:0000 DB:86 nvmxdizc V:256 H: 66 F:37
				84919C 18          CLC                    A:0140 X:0E68 Y:C94F S:0119 D:0000 DB:86 nvmxdizc V:256 H: 69 F:37
				84919D 65 04       ADC $04       [000004] A:0140 X:0E68 Y:C94F S:0119 D:0000 DB:86 nvmxdizc V:256 H: 72 F:37
				84919F A8          TAY                    A:0154 X:0E68 Y:C94F S:0119 D:0000 DB:86 nvmxdizc V:256 H: 79 F:37
				8491A0 B7 10       LDA [$10],Y   [7EE954] A:0154 X:0E68 Y:0154 S:0119 D:0000 DB:86 nvmxdizc V:256 H: 82 F:37
				8491A2 29 FF 00    AND #$00FF             A:0038 X:0E68 Y:0154 S:0119 D:0000 DB:86 nvmxdizc V:256 H: 95 F:37
				8491A5 A8          TAY                    A:0038 X:0E68 Y:0154 S:0119 D:0000 DB:86 nvmxdizc V:256 H: 99 F:37
				8491A6 EB          XBA                    A:0038 X:0E68 Y:0038 S:0119 D:0000 DB:86 nvmxdizc V:256 H:102 F:37
				8491A7 0A          ASL A                  A:3800 X:0E68 Y:0038 S:0119 D:0000 DB:86 nvmxdiZc V:256 H:107 F:37
				8491A8 18          CLC                    A:7000 X:0E68 Y:0038 S:0119 D:0000 DB:86 nvmxdizc V:256 H:110 F:37
				8491A9 65 06       ADC $06       [000006] A:7000 X:0E68 Y:0038 S:0119 D:0000 DB:86 nvmxdizc V:256 H:113 F:37
				8491AB AA          TAX                    A:70EC X:0E68 Y:0038 S:0119 D:0000 DB:86 nvmxdizc V:256 H:120 F:37
				8491AC 60          RTS                    A:70EC X:70EC Y:0038 S:0119 D:0000 DB:86 nvmxdizc V:256 H:123 F:37

				8490F9 BF 00 20 7E LDA $7E2000,X [7E90EC] A:70EC X:70EC Y:0038 S:011B D:0000 DB:86 nvmxdizc V:256 H:133 F:37
				8490FD A8          TAY                    A:022A X:70EC Y:0038 S:011B D:0000 DB:86 nvmxdizc V:256 H:153 F:37
				8490FE AD 92 0B    LDA $0B92     [860B92] A:022A X:70EC Y:022A S:011B D:0000 DB:86 nvmxdizc V:256 H:156 F:37
				849101 85 10       STA $10       [000010] A:DB57 X:70EC Y:022A S:011B D:0000 DB:86 Nvmxdizc V:256 H:164 F:37
				849103 AD 94 0B    LDA $0B94     [860B94] A:DB57 X:70EC Y:022A S:011B D:0000 DB:86 Nvmxdizc V:256 H:171 F:37
				849106 85 12       STA $12       [000012] A:B895 X:70EC Y:022A S:011B D:0000 DB:86 Nvmxdizc V:256 H:180 F:37
				849108 B7 10       LDA [$10],Y   [95DD81] A:B895 X:70EC Y:022A S:011B D:0000 DB:86 Nvmxdizc V:256 H:187 F:37
				84910A 29 FF 00    AND #$00FF             A:0000 X:70EC Y:022A S:011B D:0000 DB:86 nvmxdiZc V:256 H:199 F:37
				84910D 28          PLP                    A:0000 X:70EC Y:022A S:011B D:0000 DB:86 nvmxdiZc V:256 H:203 F:37
				84910E FA          PLX                    A:0000 X:70EC Y:022A S:011C D:0000 DB:86 NvMxdizc V:256 H:210 F:37
				84910F 2B          PLD                    A:0000 X:0E68 Y:022A S:011E D:0000 DB:86 nvMxdizc V:256 H:218 F:37
				849110 60          RTS                    A:0000 X:0E68 Y:022A S:0120 D:0000 DB:86 nvMxdiZc V:256 H:227 F:37

				849318 B4 05       LDY $05,X     [000E6D] A:0000 X:0E68 Y:022A S:0122 D:0000 DB:86 nvMxdiZc V:256 H:237 F:37
				84931A 84 10       STY $10       [000010] A:0000 X:0E68 Y:147C S:0122 D:0000 DB:86 nvMxdizc V:256 H:245 F:37
				84931C B4 08       LDY $08,X     [000E70] A:0000 X:0E68 Y:147C S:0122 D:0000 DB:86 nvMxdizc V:256 H:252 F:37
				84931E 84 12       STY $12       [000012] A:0000 X:0E68 Y:0A85 S:0122 D:0000 DB:86 nvMxdizc V:256 H:261 F:37
				849320 95 2D       STA $2D,X     [000E95] A:0000 X:0E68 Y:0A85 S:0122 D:0000 DB:86 nvMxdizc V:256 H:268 F:37
				849322 86 2C       STX $2C       [00002C] A:0000 X:0E68 Y:0A85 S:0122 D:0000 DB:86 nvMxdizc V:256 H:274 F:37
				849324 29 3F       AND #$3F               A:0000 X:0E68 Y:0A85 S:0122 D:0000 DB:86 nvMxdizc V:256 H:281 F:37
				849326 0A          ASL A                  A:0000 X:0E68 Y:0A85 S:0122 D:0000 DB:86 nvMxdiZc V:256 H:284 F:37
				849327 EB          XBA                    A:0000 X:0E68 Y:0A85 S:0122 D:0000 DB:86 nvMxdiZc V:256 H:287 F:37
				849328 A9 00       LDA #$00               A:0000 X:0E68 Y:0A85 S:0122 D:0000 DB:86 nvMxdiZc V:256 H:292 F:37
				84932A EB          XBA                    A:0000 X:0E68 Y:0A85 S:0122 D:0000 DB:86 nvMxdiZc V:256 H:295 F:37
				84932B AA          TAX                    A:0000 X:0E68 Y:0A85 S:0122 D:0000 DB:86 nvMxdiZc V:256 H:299 F:37
				84932C FC 5D 93    JSR ($935D,X) [84935D] A:0000 X:0000 Y:0A85 S:0122 D:0000 DB:86 nvMxdiZc V:256 H:302 F:37

				84977A A9 00       LDA #$00               A:0000 X:0000 Y:0A85 S:0120 D:0000 DB:86 nvMxdiZc V:256 H:315 F:37
				84977C 60          RTS                    A:0000 X:0000 Y:0A85 S:0120 D:0000 DB:86 nvMxdiZc V:256 H:318 F:37

				84932F 08          PHP                    A:0000 X:0000 Y:0A85 S:0122 D:0000 DB:86 nvMxdiZc V:256 H:327 F:37
				849330 A6 2C       LDX $2C       [00002C] A:0000 X:0000 Y:0A85 S:0121 D:0000 DB:86 nvMxdiZc V:256 H:332 F:37
				849332 A9 01       LDA #$01               A:0000 X:0E68 Y:0A85 S:0121 D:0000 DB:86 nvMxdizc V:256 H:339 F:37
				849334 34 29       BIT $29,X     [000E91] A:0001 X:0E68 Y:0A85 S:0121 D:0000 DB:86 nvMxdizc V:257 H:  2 F:37
				849336 10 02       BPL $0002     [84933A] A:0001 X:0E68 Y:0A85 S:0121 D:0000 DB:86 NVMxdiZc V:257 H:  9 F:37
				849338 A9 02       LDA #$02               A:0001 X:0E68 Y:0A85 S:0121 D:0000 DB:86 NVMxdiZc V:257 H: 12 F:37
				84933A 28          PLP                    A:0002 X:0E68 Y:0A85 S:0121 D:0000 DB:86 nVMxdizc V:257 H: 15 F:37
				84933B F0 0C       BEQ $000C     [849349] A:0002 X:0E68 Y:0A85 S:0122 D:0000 DB:86 nvMxdiZc V:257 H: 21 F:37
				849349 49 FF       EOR #$FF               A:0002 X:0E68 Y:0A85 S:0122 D:0000 DB:86 nvMxdiZc V:257 H: 26 F:37
				84934B 35 2B       AND $2B,X     [000E93] A:00FD X:0E68 Y:0A85 S:0122 D:0000 DB:86 NvMxdizc V:257 H: 29 F:37
				84934D 95 2B       STA $2B,X     [000E93] A:0000 X:0E68 Y:0A85 S:0122 D:0000 DB:86 nvMxdiZc V:257 H: 35 F:37
				84934F 20 08 93    JSR $9308     [849308] A:0000 X:0E68 Y:0A85 S:0122 D:0000 DB:86 nvMxdiZc V:257 H: 42 F:37

				849308 A5 14       LDA $14       [000014] A:0000 X:0E68 Y:0A85 S:0120 D:0000 DB:86 nvMxdiZc V:257 H: 52 F:37
				84930A F0 08       BEQ $0008     [849314] A:0000 X:0E68 Y:0A85 S:0120 D:0000 DB:86 nvMxdiZc V:257 H: 57 F:37
				849314 60          RTS                    A:0000 X:0E68 Y:0A85 S:0120 D:0000 DB:86 nvMxdiZc V:257 H: 61 F:37

				849352 A9 00       LDA #$00               A:0000 X:0E68 Y:0A85 S:0122 D:0000 DB:86 nvMxdiZc V:257 H: 71 F:37
				849354 60          RTS                    A:0000 X:0E68 Y:0A85 S:0122 D:0000 DB:86 nvMxdiZc V:257 H: 74 F:37

				8492F1 D0 12       BNE $0012     [849305] A:0000 X:0E68 Y:0A85 S:0124 D:0000 DB:86 nvMxdiZc V:257 H: 84 F:37
				8492F3 B4 20       LDY $20,X     [000E88] A:0000 X:0E68 Y:0A85 S:0124 D:0000 DB:86 nvMxdiZc V:257 H: 87 F:37
				8492F5 B9 06 00    LDA $0006,Y   [86C955] A:0000 X:0E68 Y:C94F S:0124 D:0000 DB:86 NvMxdizc V:257 H: 96 F:37
				8492F8 18          CLC                    A:00FF X:0E68 Y:C94F S:0124 D:0000 DB:86 NvMxdizc V:257 H:103 F:37
				8492F9 79 08 00    ADC $0008,Y   [86C957] A:00FF X:0E68 Y:C94F S:0124 D:0000 DB:86 NvMxdizc V:257 H:106 F:37
				8492FC 38          SEC                    A:0012 X:0E68 Y:C94F S:0124 D:0000 DB:86 nvMxdizC V:257 H:114 F:37
				8492FD F9 09 00    SBC $0009,Y   [86C958] A:0012 X:0E68 Y:C94F S:0124 D:0000 DB:86 nvMxdizC V:257 H:117 F:37
				849300 95 2A       STA $2A,X     [000E92] A:000D X:0E68 Y:C94F S:0124 D:0000 DB:86 nvMxdizC V:257 H:124 F:37
				849302 20 15 93    JSR $9315     [849315] A:000D X:0E68 Y:C94F S:0124 D:0000 DB:86 nvMxdizC V:257 H:131 F:37

				849315 20 B3 90    JSR $90B3     [8490B3] A:000D X:0E68 Y:C94F S:0122 D:0000 DB:86 nvMxdizC V:257 H:151 F:37

				8490B3 0B          PHD                    A:000D X:0E68 Y:C94F S:0120 D:0000 DB:86 nvMxdizC V:257 H:161 F:37
				8490B4 DA          PHX                    A:000D X:0E68 Y:C94F S:011E D:0000 DB:86 nvMxdizC V:257 H:168 F:37
				8490B5 08          PHP                    A:000D X:0E68 Y:C94F S:011C D:0000 DB:86 nvMxdizC V:257 H:175 F:37
				8490B6 E2 20       SEP #$20               A:000D X:0E68 Y:C94F S:011B D:0000 DB:86 nvMxdizC V:257 H:180 F:37
				8490B8 C2 10       REP #$10               A:000D X:0E68 Y:C94F S:011B D:0000 DB:86 nvMxdizC V:257 H:184 F:37
				8490BA 64 01       STZ $01       [000001] A:000D X:0E68 Y:C94F S:011B D:0000 DB:86 nvMxdizC V:257 H:189 F:37
				8490BC B5 29       LDA $29,X     [000E91] A:000D X:0E68 Y:C94F S:011B D:0000 DB:86 nvMxdizC V:257 H:194 F:37
				8490BE 10 02       BPL $0002     [8490C2] A:00F0 X:0E68 Y:C94F S:011B D:0000 DB:86 NvMxdizC V:257 H:200 F:37
				8490C0 C6 01       DEC $01       [000001] A:00F0 X:0E68 Y:C94F S:011B D:0000 DB:86 NvMxdizC V:257 H:203 F:37
				8490C2 18          CLC                    A:00F0 X:0E68 Y:C94F S:011B D:0000 DB:86 NvMxdizC V:257 H:212 F:37
				8490C3 75 05       ADC $05,X     [000E6D] A:00F0 X:0E68 Y:C94F S:011B D:0000 DB:86 NvMxdizc V:257 H:215 F:37
				8490C5 85 00       STA $00       [000000] A:006C X:0E68 Y:C94F S:011B D:0000 DB:86 nvMxdizC V:257 H:221 F:37
				8490C7 B5 06       LDA $06,X     [000E6E] A:006C X:0E68 Y:C94F S:011B D:0000 DB:86 nvMxdizC V:257 H:226 F:37
				8490C9 65 01       ADC $01       [000001] A:0014 X:0E68 Y:C94F S:011B D:0000 DB:86 nvMxdizC V:257 H:233 F:37
				8490CB 85 01       STA $01       [000001] A:0014 X:0E68 Y:C94F S:011B D:0000 DB:86 nvMxdizC V:257 H:238 F:37
				8490CD 64 03       STZ $03       [000003] A:0014 X:0E68 Y:C94F S:011B D:0000 DB:86 nvMxdizC V:257 H:243 F:37
				8490CF B5 2A       LDA $2A,X     [000E92] A:0014 X:0E68 Y:C94F S:011B D:0000 DB:86 nvMxdizC V:257 H:248 F:37
				8490D1 10 02       BPL $0002     [8490D5] A:000D X:0E68 Y:C94F S:011B D:0000 DB:86 nvMxdizC V:257 H:254 F:37
				8490D5 18          CLC                    A:000D X:0E68 Y:C94F S:011B D:0000 DB:86 nvMxdizC V:257 H:259 F:37
				8490D6 75 08       ADC $08,X     [000E70] A:000D X:0E68 Y:C94F S:011B D:0000 DB:86 nvMxdizc V:257 H:262 F:37
				8490D8 85 02       STA $02       [000002] A:0092 X:0E68 Y:C94F S:011B D:0000 DB:86 NvMxdizc V:257 H:268 F:37
				8490DA 29 F0       AND #$F0               A:0092 X:0E68 Y:C94F S:011B D:0000 DB:86 NvMxdizc V:257 H:273 F:37
				8490DC 85 0A       STA $0A       [00000A] A:0090 X:0E68 Y:C94F S:011B D:0000 DB:86 NvMxdizc V:257 H:276 F:37
				8490DE B5 09       LDA $09,X     [000E71] A:0090 X:0E68 Y:C94F S:011B D:0000 DB:86 NvMxdizc V:257 H:281 F:37
				8490E0 65 03       ADC $03       [000003] A:000A X:0E68 Y:C94F S:011B D:0000 DB:86 nvMxdizc V:257 H:288 F:37
				8490E2 85 03       STA $03       [000003] A:000A X:0E68 Y:C94F S:011B D:0000 DB:86 nvMxdizc V:257 H:293 F:37
				8490E4 85 0B       STA $0B       [00000B] A:000A X:0E68 Y:C94F S:011B D:0000 DB:86 nvMxdizc V:257 H:298 F:37
				8490E6 A5 00       LDA $00       [000000] A:000A X:0E68 Y:C94F S:011B D:0000 DB:86 nvMxdizc V:257 H:303 F:37
				8490E8 29 0F       AND #$0F               A:006C X:0E68 Y:C94F S:011B D:0000 DB:86 nvMxdizc V:257 H:308 F:37
				8490EA 1A          INC                    A:000C X:0E68 Y:C94F S:011B D:0000 DB:86 nvMxdizc V:257 H:311 F:37
				8490EB 85 0C       STA $0C       [00000C] A:000D X:0E68 Y:C94F S:011B D:0000 DB:86 nvMxdizc V:257 H:314 F:37
				8490ED A5 02       LDA $02       [000002] A:000D X:0E68 Y:C94F S:011B D:0000 DB:86 nvMxdizc V:257 H:319 F:37
				8490EF 29 0F       AND #$0F               A:0092 X:0E68 Y:C94F S:011B D:0000 DB:86 NvMxdizc V:257 H:323 F:37
				8490F1 1A          INC                    A:0002 X:0E68 Y:C94F S:011B D:0000 DB:86 nvMxdizc V:257 H:326 F:37
				8490F2 85 0E       STA $0E       [00000E] A:0003 X:0E68 Y:C94F S:011B D:0000 DB:86 nvMxdizc V:257 H:329 F:37
				8490F4 C2 20       REP #$20               A:0003 X:0E68 Y:C94F S:011B D:0000 DB:86 nvMxdizc V:257 H:334 F:37
				8490F6 20 6A 91    JSR $916A     [84916A] A:0003 X:0E68 Y:C94F S:011B D:0000 DB:86 nvmxdizc V:257 H:338 F:37

				84916A A9 00 E8    LDA #$E800             A:0003 X:0E68 Y:C94F S:0119 D:0000 DB:86 nvmxdizc V:258 H:  8 F:37
				84916D 85 10       STA $10       [000010] A:E800 X:0E68 Y:C94F S:0119 D:0000 DB:86 Nvmxdizc V:258 H: 13 F:37
				84916F A9 7E 00    LDA #$007E             A:E800 X:0E68 Y:C94F S:0119 D:0000 DB:86 Nvmxdizc V:258 H: 20 F:37
				849172 85 12       STA $12       [000012] A:007E X:0E68 Y:C94F S:0119 D:0000 DB:86 nvmxdizc V:258 H: 24 F:37
				849174 A5 02       LDA $02       [000002] A:007E X:0E68 Y:C94F S:0119 D:0000 DB:86 nvmxdizc V:258 H: 31 F:37
				849176 29 F0 00    AND #$00F0             A:0A92 X:0E68 Y:C94F S:0119 D:0000 DB:86 nvmxdizc V:258 H: 38 F:37
				849179 0A          ASL A                  A:0090 X:0E68 Y:C94F S:0119 D:0000 DB:86 nvmxdizc V:258 H: 43 F:37
				84917A 85 04       STA $04       [000004] A:0120 X:0E68 Y:C94F S:0119 D:0000 DB:86 nvmxdizc V:258 H: 46 F:37
				84917C A5 00       LDA $00       [000000] A:0120 X:0E68 Y:C94F S:0119 D:0000 DB:86 nvmxdizc V:258 H: 53 F:37
				84917E 29 FF 00    AND #$00FF             A:146C X:0E68 Y:C94F S:0119 D:0000 DB:86 nvmxdizc V:258 H: 60 F:37
				849181 4A          LSR A                  A:006C X:0E68 Y:C94F S:0119 D:0000 DB:86 nvmxdizc V:258 H: 64 F:37
				849182 4A          LSR A                  A:0036 X:0E68 Y:C94F S:0119 D:0000 DB:86 nvmxdizc V:258 H: 67 F:37
				849183 4A          LSR A                  A:001B X:0E68 Y:C94F S:0119 D:0000 DB:86 nvmxdizc V:258 H: 70 F:37
				849184 29 FE FF    AND #$FFFE             A:000D X:0E68 Y:C94F S:0119 D:0000 DB:86 nvmxdizC V:258 H: 73 F:37
				849187 18          CLC                    A:000C X:0E68 Y:C94F S:0119 D:0000 DB:86 nvmxdizC V:258 H: 78 F:37
				849188 65 04       ADC $04       [000004] A:000C X:0E68 Y:C94F S:0119 D:0000 DB:86 nvmxdizc V:258 H: 81 F:37
				84918A 85 06       STA $06       [000006] A:012C X:0E68 Y:C94F S:0119 D:0000 DB:86 nvmxdizc V:258 H: 88 F:37
				84918C A5 00       LDA $00       [000000] A:012C X:0E68 Y:C94F S:0119 D:0000 DB:86 nvmxdizc V:258 H: 95 F:37
				84918E EB          XBA                    A:146C X:0E68 Y:C94F S:0119 D:0000 DB:86 nvmxdizc V:258 H:102 F:37
				84918F 29 1F 00    AND #$001F             A:6C14 X:0E68 Y:C94F S:0119 D:0000 DB:86 nvmxdizc V:258 H:106 F:37
				849192 85 04       STA $04       [000004] A:0014 X:0E68 Y:C94F S:0119 D:0000 DB:86 nvmxdizc V:258 H:111 F:37
				849194 A5 02       LDA $02       [000002] A:0014 X:0E68 Y:C94F S:0119 D:0000 DB:86 nvmxdizc V:258 H:118 F:37
				849196 29 00 1F    AND #$1F00             A:0A92 X:0E68 Y:C94F S:0119 D:0000 DB:86 nvmxdizc V:258 H:125 F:37
				849199 4A          LSR A                  A:0A00 X:0E68 Y:C94F S:0119 D:0000 DB:86 nvmxdizc V:258 H:129 F:37
				84919A 4A          LSR A                  A:0500 X:0E68 Y:C94F S:0119 D:0000 DB:86 nvmxdizc V:258 H:132 F:37
				84919B 4A          LSR A                  A:0280 X:0E68 Y:C94F S:0119 D:0000 DB:86 nvmxdizc V:258 H:145 F:37
				84919C 18          CLC                    A:0140 X:0E68 Y:C94F S:0119 D:0000 DB:86 nvmxdizc V:258 H:148 F:37
				84919D 65 04       ADC $04       [000004] A:0140 X:0E68 Y:C94F S:0119 D:0000 DB:86 nvmxdizc V:258 H:151 F:37
				84919F A8          TAY                    A:0154 X:0E68 Y:C94F S:0119 D:0000 DB:86 nvmxdizc V:258 H:158 F:37
				8491A0 B7 10       LDA [$10],Y   [7EE954] A:0154 X:0E68 Y:0154 S:0119 D:0000 DB:86 nvmxdizc V:258 H:161 F:37
				8491A2 29 FF 00    AND #$00FF             A:0038 X:0E68 Y:0154 S:0119 D:0000 DB:86 nvmxdizc V:258 H:174 F:37
				8491A5 A8          TAY                    A:0038 X:0E68 Y:0154 S:0119 D:0000 DB:86 nvmxdizc V:258 H:179 F:37
				8491A6 EB          XBA                    A:0038 X:0E68 Y:0038 S:0119 D:0000 DB:86 nvmxdizc V:258 H:182 F:37
				8491A7 0A          ASL A                  A:3800 X:0E68 Y:0038 S:0119 D:0000 DB:86 nvmxdiZc V:258 H:186 F:37
				8491A8 18          CLC                    A:7000 X:0E68 Y:0038 S:0119 D:0000 DB:86 nvmxdizc V:258 H:189 F:37
				8491A9 65 06       ADC $06       [000006] A:7000 X:0E68 Y:0038 S:0119 D:0000 DB:86 nvmxdizc V:258 H:192 F:37
				8491AB AA          TAX                    A:712C X:0E68 Y:0038 S:0119 D:0000 DB:86 nvmxdizc V:258 H:199 F:37
				8491AC 60          RTS                    A:712C X:712C Y:0038 S:0119 D:0000 DB:86 nvmxdizc V:258 H:202 F:37

				8490F9 BF 00 20 7E LDA $7E2000,X [7E912C] A:712C X:712C Y:0038 S:011B D:0000 DB:86 nvmxdizc V:258 H:212 F:37
				8490FD A8          TAY                    A:0241 X:712C Y:0038 S:011B D:0000 DB:86 nvmxdizc V:258 H:222 F:37
				8490FE AD 92 0B    LDA $0B92     [860B92] A:0241 X:712C Y:0241 S:011B D:0000 DB:86 nvmxdizc V:258 H:225 F:37
				849101 85 10       STA $10       [000010] A:DB57 X:712C Y:0241 S:011B D:0000 DB:86 Nvmxdizc V:258 H:234 F:37
				849103 AD 94 0B    LDA $0B94     [860B94] A:DB57 X:712C Y:0241 S:011B D:0000 DB:86 Nvmxdizc V:258 H:241 F:37
				849106 85 12       STA $12       [000012] A:B895 X:712C Y:0241 S:011B D:0000 DB:86 Nvmxdizc V:258 H:249 F:37
				849108 B7 10       LDA [$10],Y   [95DD98] A:B895 X:712C Y:0241 S:011B D:0000 DB:86 Nvmxdizc V:258 H:256 F:37
				84910A 29 FF 00    AND #$00FF             A:0000 X:712C Y:0241 S:011B D:0000 DB:86 nvmxdiZc V:258 H:268 F:37
				84910D 28          PLP                    A:0000 X:712C Y:0241 S:011B D:0000 DB:86 nvmxdiZc V:258 H:273 F:37
				84910E FA          PLX                    A:0000 X:712C Y:0241 S:011C D:0000 DB:86 nvMxdizC V:258 H:279 F:37
				84910F 2B          PLD                    A:0000 X:0E68 Y:0241 S:011E D:0000 DB:86 nvMxdizC V:258 H:288 F:37
				849110 60          RTS                    A:0000 X:0E68 Y:0241 S:0120 D:0000 DB:86 nvMxdiZC V:258 H:296 F:37

				849318 B4 05       LDY $05,X     [000E6D] A:0000 X:0E68 Y:0241 S:0122 D:0000 DB:86 nvMxdiZC V:258 H:306 F:37
				84931A 84 10       STY $10       [000010] A:0000 X:0E68 Y:147C S:0122 D:0000 DB:86 nvMxdizC V:258 H:315 F:37
				84931C B4 08       LDY $08,X     [000E70] A:0000 X:0E68 Y:147C S:0122 D:0000 DB:86 nvMxdizC V:258 H:322 F:37
				84931E 84 12       STY $12       [000012] A:0000 X:0E68 Y:0A85 S:0122 D:0000 DB:86 nvMxdizC V:258 H:329 F:37
				849320 95 2D       STA $2D,X     [000E95] A:0000 X:0E68 Y:0A85 S:0122 D:0000 DB:86 nvMxdizC V:258 H:336 F:37
				849322 86 2C       STX $2C       [00002C] A:0000 X:0E68 Y:0A85 S:0122 D:0000 DB:86 nvMxdizC V:259 H:  3 F:37
				849324 29 3F       AND #$3F               A:0000 X:0E68 Y:0A85 S:0122 D:0000 DB:86 nvMxdizC V:259 H: 10 F:37
				849326 0A          ASL A                  A:0000 X:0E68 Y:0A85 S:0122 D:0000 DB:86 nvMxdiZC V:259 H: 13 F:37
				849327 EB          XBA                    A:0000 X:0E68 Y:0A85 S:0122 D:0000 DB:86 nvMxdiZc V:259 H: 16 F:37
				849328 A9 00       LDA #$00               A:0000 X:0E68 Y:0A85 S:0122 D:0000 DB:86 nvMxdiZc V:259 H: 20 F:37
				84932A EB          XBA                    A:0000 X:0E68 Y:0A85 S:0122 D:0000 DB:86 nvMxdiZc V:259 H: 23 F:37
				84932B AA          TAX                    A:0000 X:0E68 Y:0A85 S:0122 D:0000 DB:86 nvMxdiZc V:259 H: 28 F:37
				84932C FC 5D 93    JSR ($935D,X) [84935D] A:0000 X:0000 Y:0A85 S:0122 D:0000 DB:86 nvMxdiZc V:259 H: 31 F:37

				84977A A9 00       LDA #$00               A:0000 X:0000 Y:0A85 S:0120 D:0000 DB:86 nvMxdiZc V:259 H: 44 F:37
				84977C 60          RTS                    A:0000 X:0000 Y:0A85 S:0120 D:0000 DB:86 nvMxdiZc V:259 H: 47 F:37

				84932F 08          PHP                    A:0000 X:0000 Y:0A85 S:0122 D:0000 DB:86 nvMxdiZc V:259 H: 57 F:37
				849330 A6 2C       LDX $2C       [00002C] A:0000 X:0000 Y:0A85 S:0121 D:0000 DB:86 nvMxdiZc V:259 H: 62 F:37
				849332 A9 01       LDA #$01               A:0000 X:0E68 Y:0A85 S:0121 D:0000 DB:86 nvMxdizc V:259 H: 69 F:37
				849334 34 29       BIT $29,X     [000E91] A:0001 X:0E68 Y:0A85 S:0121 D:0000 DB:86 nvMxdizc V:259 H: 72 F:37
				849336 10 02       BPL $0002     [84933A] A:0001 X:0E68 Y:0A85 S:0121 D:0000 DB:86 NVMxdiZc V:259 H: 78 F:37
				849338 A9 02       LDA #$02               A:0001 X:0E68 Y:0A85 S:0121 D:0000 DB:86 NVMxdiZc V:259 H: 81 F:37
				84933A 28          PLP                    A:0002 X:0E68 Y:0A85 S:0121 D:0000 DB:86 nVMxdizc V:259 H: 84 F:37
				84933B F0 0C       BEQ $000C     [849349] A:0002 X:0E68 Y:0A85 S:0122 D:0000 DB:86 nvMxdiZc V:259 H: 91 F:37
				849349 49 FF       EOR #$FF               A:0002 X:0E68 Y:0A85 S:0122 D:0000 DB:86 nvMxdiZc V:259 H: 95 F:37
				84934B 35 2B       AND $2B,X     [000E93] A:00FD X:0E68 Y:0A85 S:0122 D:0000 DB:86 NvMxdizc V:259 H: 98 F:37
				84934D 95 2B       STA $2B,X     [000E93] A:0000 X:0E68 Y:0A85 S:0122 D:0000 DB:86 nvMxdiZc V:259 H:105 F:37
				84934F 20 08 93    JSR $9308     [849308] A:0000 X:0E68 Y:0A85 S:0122 D:0000 DB:86 nvMxdiZc V:259 H:111 F:37

				849308 A5 14       LDA $14       [000014] A:0000 X:0E68 Y:0A85 S:0120 D:0000 DB:86 nvMxdiZc V:259 H:121 F:37
				84930A F0 08       BEQ $0008     [849314] A:0000 X:0E68 Y:0A85 S:0120 D:0000 DB:86 nvMxdiZc V:259 H:126 F:37
				849314 60          RTS                    A:0000 X:0E68 Y:0A85 S:0120 D:0000 DB:86 nvMxdiZc V:259 H:131 F:37

				849352 A9 00       LDA #$00               A:0000 X:0E68 Y:0A85 S:0122 D:0000 DB:86 nvMxdiZc V:259 H:151 F:37
				849354 60          RTS                    A:0000 X:0E68 Y:0A85 S:0122 D:0000 DB:86 nvMxdiZc V:259 H:154 F:37

				849305 C2 30       REP #$30               A:0000 X:0E68 Y:0A85 S:0124 D:0000 DB:86 nvMxdiZc V:259 H:164 F:37
				849307 60          RTS                    A:0000 X:0E68 Y:0A85 S:0124 D:0000 DB:86 nvmxdiZc V:259 H:168 F:37

				8491D8 20 ED 91    JSR $91ED     [8491ED] A:0000 X:0E68 Y:0A85 S:0126 D:0000 DB:86 nvmxdiZc V:259 H:178 F:37

				8491ED B5 08       LDA $08,X     [000E70] A:0000 X:0E68 Y:0A85 S:0124 D:0000 DB:86 nvmxdiZc V:259 H:188 F:37
				8491EF D5 24       CMP $24,X     [000E8C] A:0A85 X:0E68 Y:0A85 S:0124 D:0000 DB:86 nvmxdizc V:259 H:197 F:37
				8491F1 F0 F2       BEQ $00F2     [8491E5] A:0A85 X:0E68 Y:0A85 S:0124 D:0000 DB:86 nvmxdizC V:259 H:205 F:37
				8491F3 10 4D       BPL $004D     [849242] A:0A85 X:0E68 Y:0A85 S:0124 D:0000 DB:86 nvmxdizC V:259 H:208 F:37
				849242 E2 20       SEP #$20               A:0A85 X:0E68 Y:0A85 S:0124 D:0000 DB:86 nvmxdizC V:259 H:213 F:37
				849244 A0 04 00    LDY #$0004             A:0A85 X:0E68 Y:0A85 S:0124 D:0000 DB:86 nvMxdizC V:259 H:217 F:37
				849247 AD 1C 1F    LDA $1F1C     [861F1C] A:0A85 X:0E68 Y:0004 S:0124 D:0000 DB:86 nvMxdizC V:259 H:222 F:37
				84924A F0 03       BEQ $0003     [84924F] A:0A00 X:0E68 Y:0004 S:0124 D:0000 DB:86 nvMxdiZC V:259 H:228 F:37
				84924F B5 2F       LDA $2F,X     [000E97] A:0A00 X:0E68 Y:0004 S:0124 D:0000 DB:86 nvMxdiZC V:259 H:233 F:37
				849251 F0 03       BEQ $0003     [849256] A:0A00 X:0E68 Y:0004 S:0124 D:0000 DB:86 nvMxdiZC V:259 H:239 F:37
				849256 98          TYA                    A:0A00 X:0E68 Y:0004 S:0124 D:0000 DB:86 nvMxdiZC V:259 H:244 F:37
				849257 09 80       ORA #$80               A:0A04 X:0E68 Y:0004 S:0124 D:0000 DB:86 nvMxdizC V:259 H:247 F:37
				849259 85 08       STA $08       [000008] A:0A84 X:0E68 Y:0004 S:0124 D:0000 DB:86 NvMxdizC V:259 H:250 F:37
				84925B B4 20       LDY $20,X     [000E88] A:0A84 X:0E68 Y:0004 S:0124 D:0000 DB:86 NvMxdizC V:259 H:255 F:37
				84925D B9 06 00    LDA $0006,Y   [86C955] A:0A84 X:0E68 Y:C94F S:0124 D:0000 DB:86 NvMxdizC V:259 H:263 F:37
				849260 18          CLC                    A:0AFF X:0E68 Y:C94F S:0124 D:0000 DB:86 NvMxdizC V:259 H:271 F:37
				849261 79 08 00    ADC $0008,Y   [86C957] A:0AFF X:0E68 Y:C94F S:0124 D:0000 DB:86 NvMxdizc V:259 H:274 F:37
				849264 95 2A       STA $2A,X     [000E92] A:0A12 X:0E68 Y:C94F S:0124 D:0000 DB:86 nvMxdizC V:259 H:281 F:37
				849266 B9 05 00    LDA $0005,Y   [86C954] A:0A12 X:0E68 Y:C94F S:0124 D:0000 DB:86 nvMxdizC V:259 H:288 F:37
				849269 34 11       BIT $11,X     [000E79] A:0A00 X:0E68 Y:C94F S:0124 D:0000 DB:86 nvMxdiZC V:259 H:295 F:37
				84926B 50 03       BVC $0003     [849270] A:0A00 X:0E68 Y:C94F S:0124 D:0000 DB:86 nvMxdiZC V:259 H:302 F:37
				849270 95 29       STA $29,X     [000E91] A:0A00 X:0E68 Y:C94F S:0124 D:0000 DB:86 nvMxdiZC V:259 H:306 F:37
				849272 20 C4 95    JSR $95C4     [8495C4] A:0A00 X:0E68 Y:C94F S:0124 D:0000 DB:86 nvMxdiZC V:259 H:313 F:37

				8495C4 B5 2A       LDA $2A,X     [000E92] A:0A00 X:0E68 Y:C94F S:0122 D:0000 DB:86 nvMxdiZC V:259 H:323 F:37
				8495C6 48          PHA                    A:0A12 X:0E68 Y:C94F S:0122 D:0000 DB:86 nvMxdizC V:259 H:328 F:37
				8495C7 A5 08       LDA $08       [000008] A:0A12 X:0E68 Y:C94F S:0121 D:0000 DB:86 nvMxdizC V:259 H:333 F:37
				8495C9 29 7F       AND #$7F               A:0A84 X:0E68 Y:C94F S:0121 D:0000 DB:86 NvMxdizC V:259 H:338 F:37
				8495CB 18          CLC                    A:0A04 X:0E68 Y:C94F S:0121 D:0000 DB:86 nvMxdizC V:260 H:  1 F:37
				8495CC 75 2A       ADC $2A,X     [000E92] A:0A04 X:0E68 Y:C94F S:0121 D:0000 DB:86 nvMxdizc V:260 H:  4 F:37
				8495CE 95 2A       STA $2A,X     [000E92] A:0A16 X:0E68 Y:C94F S:0121 D:0000 DB:86 nvMxdizc V:260 H: 11 F:37
				8495D0 20 B3 90    JSR $90B3     [8490B3] A:0A16 X:0E68 Y:C94F S:0121 D:0000 DB:86 nvMxdizc V:260 H: 17 F:37

				8490B3 0B          PHD                    A:0A16 X:0E68 Y:C94F S:011F D:0000 DB:86 nvMxdizc V:260 H: 27 F:37
				8490B4 DA          PHX                    A:0A16 X:0E68 Y:C94F S:011D D:0000 DB:86 nvMxdizc V:260 H: 34 F:37
				8490B5 08          PHP                    A:0A16 X:0E68 Y:C94F S:011B D:0000 DB:86 nvMxdizc V:260 H: 41 F:37
				8490B6 E2 20       SEP #$20               A:0A16 X:0E68 Y:C94F S:011A D:0000 DB:86 nvMxdizc V:260 H: 46 F:37
				8490B8 C2 10       REP #$10               A:0A16 X:0E68 Y:C94F S:011A D:0000 DB:86 nvMxdizc V:260 H: 51 F:37
				8490BA 64 01       STZ $01       [000001] A:0A16 X:0E68 Y:C94F S:011A D:0000 DB:86 nvMxdizc V:260 H: 55 F:37
				8490BC B5 29       LDA $29,X     [000E91] A:0A16 X:0E68 Y:C94F S:011A D:0000 DB:86 nvMxdizc V:260 H: 60 F:37
				8490BE 10 02       BPL $0002     [8490C2] A:0A00 X:0E68 Y:C94F S:011A D:0000 DB:86 nvMxdiZc V:260 H: 67 F:37
				8490C2 18          CLC                    A:0A00 X:0E68 Y:C94F S:011A D:0000 DB:86 nvMxdiZc V:260 H: 71 F:37
				8490C3 75 05       ADC $05,X     [000E6D] A:0A00 X:0E68 Y:C94F S:011A D:0000 DB:86 nvMxdiZc V:260 H: 74 F:37
				8490C5 85 00       STA $00       [000000] A:0A7C X:0E68 Y:C94F S:011A D:0000 DB:86 nvMxdizc V:260 H: 81 F:37
				8490C7 B5 06       LDA $06,X     [000E6E] A:0A7C X:0E68 Y:C94F S:011A D:0000 DB:86 nvMxdizc V:260 H: 86 F:37
				8490C9 65 01       ADC $01       [000001] A:0A14 X:0E68 Y:C94F S:011A D:0000 DB:86 nvMxdizc V:260 H: 92 F:37
				8490CB 85 01       STA $01       [000001] A:0A14 X:0E68 Y:C94F S:011A D:0000 DB:86 nvMxdizc V:260 H: 97 F:37
				8490CD 64 03       STZ $03       [000003] A:0A14 X:0E68 Y:C94F S:011A D:0000 DB:86 nvMxdizc V:260 H:102 F:37
				8490CF B5 2A       LDA $2A,X     [000E92] A:0A14 X:0E68 Y:C94F S:011A D:0000 DB:86 nvMxdizc V:260 H:107 F:37
				8490D1 10 02       BPL $0002     [8490D5] A:0A16 X:0E68 Y:C94F S:011A D:0000 DB:86 nvMxdizc V:260 H:114 F:37
				8490D5 18          CLC                    A:0A16 X:0E68 Y:C94F S:011A D:0000 DB:86 nvMxdizc V:260 H:118 F:37
				8490D6 75 08       ADC $08,X     [000E70] A:0A16 X:0E68 Y:C94F S:011A D:0000 DB:86 nvMxdizc V:260 H:121 F:37
				8490D8 85 02       STA $02       [000002] A:0A9B X:0E68 Y:C94F S:011A D:0000 DB:86 NvMxdizc V:260 H:128 F:37
				8490DA 29 F0       AND #$F0               A:0A9B X:0E68 Y:C94F S:011A D:0000 DB:86 NvMxdizc V:260 H:133 F:37
				8490DC 85 0A       STA $0A       [00000A] A:0A90 X:0E68 Y:C94F S:011A D:0000 DB:86 NvMxdizc V:260 H:146 F:37
				8490DE B5 09       LDA $09,X     [000E71] A:0A90 X:0E68 Y:C94F S:011A D:0000 DB:86 NvMxdizc V:260 H:151 F:37
				8490E0 65 03       ADC $03       [000003] A:0A0A X:0E68 Y:C94F S:011A D:0000 DB:86 nvMxdizc V:260 H:157 F:37
				8490E2 85 03       STA $03       [000003] A:0A0A X:0E68 Y:C94F S:011A D:0000 DB:86 nvMxdizc V:260 H:162 F:37
				8490E4 85 0B       STA $0B       [00000B] A:0A0A X:0E68 Y:C94F S:011A D:0000 DB:86 nvMxdizc V:260 H:167 F:37
				8490E6 A5 00       LDA $00       [000000] A:0A0A X:0E68 Y:C94F S:011A D:0000 DB:86 nvMxdizc V:260 H:172 F:37
				8490E8 29 0F       AND #$0F               A:0A7C X:0E68 Y:C94F S:011A D:0000 DB:86 nvMxdizc V:260 H:177 F:37
				8490EA 1A          INC                    A:0A0C X:0E68 Y:C94F S:011A D:0000 DB:86 nvMxdizc V:260 H:180 F:37
				8490EB 85 0C       STA $0C       [00000C] A:0A0D X:0E68 Y:C94F S:011A D:0000 DB:86 nvMxdizc V:260 H:183 F:37
				8490ED A5 02       LDA $02       [000002] A:0A0D X:0E68 Y:C94F S:011A D:0000 DB:86 nvMxdizc V:260 H:188 F:37
				8490EF 29 0F       AND #$0F               A:0A9B X:0E68 Y:C94F S:011A D:0000 DB:86 NvMxdizc V:260 H:193 F:37
				8490F1 1A          INC                    A:0A0B X:0E68 Y:C94F S:011A D:0000 DB:86 nvMxdizc V:260 H:196 F:37
				8490F2 85 0E       STA $0E       [00000E] A:0A0C X:0E68 Y:C94F S:011A D:0000 DB:86 nvMxdizc V:260 H:199 F:37
				8490F4 C2 20       REP #$20               A:0A0C X:0E68 Y:C94F S:011A D:0000 DB:86 nvMxdizc V:260 H:204 F:37
				8490F6 20 6A 91    JSR $916A     [84916A] A:0A0C X:0E68 Y:C94F S:011A D:0000 DB:86 nvmxdizc V:260 H:209 F:37

				84916A A9 00 E8    LDA #$E800             A:0A0C X:0E68 Y:C94F S:0118 D:0000 DB:86 nvmxdizc V:260 H:219 F:37
				84916D 85 10       STA $10       [000010] A:E800 X:0E68 Y:C94F S:0118 D:0000 DB:86 Nvmxdizc V:260 H:223 F:37
				84916F A9 7E 00    LDA #$007E             A:E800 X:0E68 Y:C94F S:0118 D:0000 DB:86 Nvmxdizc V:260 H:230 F:37
				849172 85 12       STA $12       [000012] A:007E X:0E68 Y:C94F S:0118 D:0000 DB:86 nvmxdizc V:260 H:235 F:37
				849174 A5 02       LDA $02       [000002] A:007E X:0E68 Y:C94F S:0118 D:0000 DB:86 nvmxdizc V:260 H:242 F:37
				849176 29 F0 00    AND #$00F0             A:0A9B X:0E68 Y:C94F S:0118 D:0000 DB:86 nvmxdizc V:260 H:249 F:37
				849179 0A          ASL A                  A:0090 X:0E68 Y:C94F S:0118 D:0000 DB:86 nvmxdizc V:260 H:253 F:37
				84917A 85 04       STA $04       [000004] A:0120 X:0E68 Y:C94F S:0118 D:0000 DB:86 nvmxdizc V:260 H:256 F:37
				84917C A5 00       LDA $00       [000000] A:0120 X:0E68 Y:C94F S:0118 D:0000 DB:86 nvmxdizc V:260 H:263 F:37
				84917E 29 FF 00    AND #$00FF             A:147C X:0E68 Y:C94F S:0118 D:0000 DB:86 nvmxdizc V:260 H:270 F:37
				849181 4A          LSR A                  A:007C X:0E68 Y:C94F S:0118 D:0000 DB:86 nvmxdizc V:260 H:275 F:37
				849182 4A          LSR A                  A:003E X:0E68 Y:C94F S:0118 D:0000 DB:86 nvmxdizc V:260 H:278 F:37
				849183 4A          LSR A                  A:001F X:0E68 Y:C94F S:0118 D:0000 DB:86 nvmxdizc V:260 H:281 F:37
				849184 29 FE FF    AND #$FFFE             A:000F X:0E68 Y:C94F S:0118 D:0000 DB:86 nvmxdizC V:260 H:284 F:37
				849187 18          CLC                    A:000E X:0E68 Y:C94F S:0118 D:0000 DB:86 nvmxdizC V:260 H:288 F:37
				849188 65 04       ADC $04       [000004] A:000E X:0E68 Y:C94F S:0118 D:0000 DB:86 nvmxdizc V:260 H:291 F:37
				84918A 85 06       STA $06       [000006] A:012E X:0E68 Y:C94F S:0118 D:0000 DB:86 nvmxdizc V:260 H:298 F:37
				84918C A5 00       LDA $00       [000000] A:012E X:0E68 Y:C94F S:0118 D:0000 DB:86 nvmxdizc V:260 H:305 F:37
				84918E EB          XBA                    A:147C X:0E68 Y:C94F S:0118 D:0000 DB:86 nvmxdizc V:260 H:312 F:37
				84918F 29 1F 00    AND #$001F             A:7C14 X:0E68 Y:C94F S:0118 D:0000 DB:86 nvmxdizc V:260 H:317 F:37
				849192 85 04       STA $04       [000004] A:0014 X:0E68 Y:C94F S:0118 D:0000 DB:86 nvmxdizc V:260 H:321 F:37
				849194 A5 02       LDA $02       [000002] A:0014 X:0E68 Y:C94F S:0118 D:0000 DB:86 nvmxdizc V:260 H:327 F:37
				849196 29 00 1F    AND #$1F00             A:0A9B X:0E68 Y:C94F S:0118 D:0000 DB:86 nvmxdizc V:260 H:334 F:37
				849199 4A          LSR A                  A:0A00 X:0E68 Y:C94F S:0118 D:0000 DB:86 nvmxdizc V:260 H:339 F:37
				84919A 4A          LSR A                  A:0500 X:0E68 Y:C94F S:0118 D:0000 DB:86 nvmxdizc V:261 H:  2 F:37
				84919B 4A          LSR A                  A:0280 X:0E68 Y:C94F S:0118 D:0000 DB:86 nvmxdizc V:261 H:  5 F:37
				84919C 18          CLC                    A:0140 X:0E68 Y:C94F S:0118 D:0000 DB:86 nvmxdizc V:261 H:  8 F:37
				84919D 65 04       ADC $04       [000004] A:0140 X:0E68 Y:C94F S:0118 D:0000 DB:86 nvmxdizc V:261 H: 11 F:37
				84919F A8          TAY                    A:0154 X:0E68 Y:C94F S:0118 D:0000 DB:86 nvmxdizc V:261 H: 18 F:37
				8491A0 B7 10       LDA [$10],Y   [7EE954] A:0154 X:0E68 Y:0154 S:0118 D:0000 DB:86 nvmxdizc V:261 H: 21 F:37
				8491A2 29 FF 00    AND #$00FF             A:0038 X:0E68 Y:0154 S:0118 D:0000 DB:86 nvmxdizc V:261 H: 34 F:37
				8491A5 A8          TAY                    A:0038 X:0E68 Y:0154 S:0118 D:0000 DB:86 nvmxdizc V:261 H: 38 F:37
				8491A6 EB          XBA                    A:0038 X:0E68 Y:0038 S:0118 D:0000 DB:86 nvmxdizc V:261 H: 41 F:37
				8491A7 0A          ASL A                  A:3800 X:0E68 Y:0038 S:0118 D:0000 DB:86 nvmxdiZc V:261 H: 46 F:37
				8491A8 18          CLC                    A:7000 X:0E68 Y:0038 S:0118 D:0000 DB:86 nvmxdizc V:261 H: 49 F:37
				8491A9 65 06       ADC $06       [000006] A:7000 X:0E68 Y:0038 S:0118 D:0000 DB:86 nvmxdizc V:261 H: 52 F:37
				8491AB AA          TAX                    A:712E X:0E68 Y:0038 S:0118 D:0000 DB:86 nvmxdizc V:261 H: 59 F:37
				8491AC 60          RTS                    A:712E X:712E Y:0038 S:0118 D:0000 DB:86 nvmxdizc V:261 H: 62 F:37

				8490F9 BF 00 20 7E LDA $7E2000,X [7E912E] A:712E X:712E Y:0038 S:011A D:0000 DB:86 nvmxdizc V:261 H: 72 F:37
				8490FD A8          TAY                    A:0241 X:712E Y:0038 S:011A D:0000 DB:86 nvmxdizc V:261 H: 82 F:37
				8490FE AD 92 0B    LDA $0B92     [860B92] A:0241 X:712E Y:0241 S:011A D:0000 DB:86 nvmxdizc V:261 H: 85 F:37
				849101 85 10       STA $10       [000010] A:DB57 X:712E Y:0241 S:011A D:0000 DB:86 Nvmxdizc V:261 H: 93 F:37
				849103 AD 94 0B    LDA $0B94     [860B94] A:DB57 X:712E Y:0241 S:011A D:0000 DB:86 Nvmxdizc V:261 H:100 F:37
				849106 85 12       STA $12       [000012] A:B895 X:712E Y:0241 S:011A D:0000 DB:86 Nvmxdizc V:261 H:109 F:37
				849108 B7 10       LDA [$10],Y   [95DD98] A:B895 X:712E Y:0241 S:011A D:0000 DB:86 Nvmxdizc V:261 H:116 F:37
				84910A 29 FF 00    AND #$00FF             A:0000 X:712E Y:0241 S:011A D:0000 DB:86 nvmxdiZc V:261 H:128 F:37
				84910D 28          PLP                    A:0000 X:712E Y:0241 S:011A D:0000 DB:86 nvmxdiZc V:261 H:132 F:37
				84910E FA          PLX                    A:0000 X:712E Y:0241 S:011B D:0000 DB:86 nvMxdizc V:261 H:149 F:37
				84910F 2B          PLD                    A:0000 X:0E68 Y:0241 S:011D D:0000 DB:86 nvMxdizc V:261 H:157 F:37
				849110 60          RTS                    A:0000 X:0E68 Y:0241 S:011F D:0000 DB:86 nvMxdiZc V:261 H:166 F:37

				8495D3 95 2E       STA $2E,X     [000E96] A:0000 X:0E68 Y:0241 S:0121 D:0000 DB:86 nvMxdiZc V:261 H:176 F:37
				8495D5 85 18       STA $18       [000018] A:0000 X:0E68 Y:0241 S:0121 D:0000 DB:86 nvMxdiZc V:261 H:182 F:37
				8495D7 29 3F       AND #$3F               A:0000 X:0E68 Y:0241 S:0121 D:0000 DB:86 nvMxdiZc V:261 H:187 F:37
				8495D9 0A          ASL A                  A:0000 X:0E68 Y:0241 S:0121 D:0000 DB:86 nvMxdiZc V:261 H:190 F:37
				8495DA EB          XBA                    A:0000 X:0E68 Y:0241 S:0121 D:0000 DB:86 nvMxdiZc V:261 H:193 F:37
				8495DB A9 00       LDA #$00               A:0000 X:0E68 Y:0241 S:0121 D:0000 DB:86 nvMxdiZc V:261 H:198 F:37
				8495DD EB          XBA                    A:0000 X:0E68 Y:0241 S:0121 D:0000 DB:86 nvMxdiZc V:261 H:201 F:37
				8495DE A8          TAY                    A:0000 X:0E68 Y:0241 S:0121 D:0000 DB:86 nvMxdiZc V:261 H:205 F:37
				8495DF 84 28       STY $28       [000028] A:0000 X:0E68 Y:0000 S:0121 D:0000 DB:86 nvMxdiZc V:261 H:208 F:37
				8495E1 86 2C       STX $2C       [00002C] A:0000 X:0E68 Y:0000 S:0121 D:0000 DB:86 nvMxdiZc V:261 H:215 F:37
				8495E3 68          PLA                    A:0000 X:0E68 Y:0000 S:0121 D:0000 DB:86 nvMxdiZc V:261 H:222 F:37
				8495E4 95 2A       STA $2A,X     [000E92] A:0012 X:0E68 Y:0000 S:0122 D:0000 DB:86 nvMxdizc V:261 H:229 F:37
				8495E6 A6 2C       LDX $2C       [00002C] A:0012 X:0E68 Y:0000 S:0122 D:0000 DB:86 nvMxdizc V:261 H:235 F:37
				8495E8 A9 FB       LDA #$FB               A:0012 X:0E68 Y:0000 S:0122 D:0000 DB:86 nvMxdizc V:261 H:242 F:37
				8495EA 35 2B       AND $2B,X     [000E93] A:00FB X:0E68 Y:0000 S:0122 D:0000 DB:86 NvMxdizc V:261 H:245 F:37
				8495EC 95 2B       STA $2B,X     [000E93] A:0000 X:0E68 Y:0000 S:0122 D:0000 DB:86 nvMxdiZc V:261 H:252 F:37
				8495EE 64 01       STZ $01       [000001] A:0000 X:0E68 Y:0000 S:0122 D:0000 DB:86 nvMxdiZc V:261 H:258 F:37
				8495F0 B5 2A       LDA $2A,X     [000E92] A:0000 X:0E68 Y:0000 S:0122 D:0000 DB:86 nvMxdiZc V:261 H:263 F:37
				8495F2 85 02       STA $02       [000002] A:0012 X:0E68 Y:0000 S:0122 D:0000 DB:86 nvMxdizc V:261 H:270 F:37
				8495F4 64 03       STZ $03       [000003] A:0012 X:0E68 Y:0000 S:0122 D:0000 DB:86 nvMxdizc V:261 H:275 F:37
				8495F6 B4 05       LDY $05,X     [000E6D] A:0012 X:0E68 Y:0000 S:0122 D:0000 DB:86 nvMxdizc V:261 H:280 F:37
				8495F8 84 10       STY $10       [000010] A:0012 X:0E68 Y:147C S:0122 D:0000 DB:86 nvMxdizc V:261 H:288 F:37
				8495FA B4 08       LDY $08,X     [000E70] A:0012 X:0E68 Y:147C S:0122 D:0000 DB:86 nvMxdizc V:261 H:295 F:37
				8495FC 84 12       STY $12       [000012] A:0012 X:0E68 Y:0A85 S:0122 D:0000 DB:86 nvMxdizc V:261 H:304 F:37
				8495FE A6 28       LDX $28       [000028] A:0012 X:0E68 Y:0A85 S:0122 D:0000 DB:86 nvMxdizc V:261 H:311 F:37
				849600 FC 1C 96    JSR ($961C,X) [84961C] A:0012 X:0000 Y:0A85 S:0122 D:0000 DB:86 nvMxdiZc V:261 H:318 F:37

				84969C AD 1C 1F    LDA $1F1C     [861F1C] A:0012 X:0000 Y:0A85 S:0120 D:0000 DB:86 nvMxdiZc V:261 H:330 F:37
				84969F F0 11       BEQ $0011     [8496B2] A:0000 X:0000 Y:0A85 S:0120 D:0000 DB:86 nvMxdiZc V:261 H:336 F:37
				8496B2 A9 00       LDA #$00               A:0000 X:0000 Y:0A85 S:0120 D:0000 DB:86 nvMxdiZc V:  0 H:  1 F:38
				8496B4 60          RTS                    A:0000 X:0000 Y:0A85 S:0120 D:0000 DB:86 nvMxdiZc V:  0 H:  4 F:38

				849603 F0 11       BEQ $0011     [849616] A:0000 X:0000 Y:0A85 S:0122 D:0000 DB:86 nvMxdiZc V:  0 H: 14 F:38
				849616 A6 2C       LDX $2C       [00002C] A:0000 X:0000 Y:0A85 S:0122 D:0000 DB:86 nvMxdiZc V:  0 H: 18 F:38
				849618 20 08 93    JSR $9308     [849308] A:0000 X:0E68 Y:0A85 S:0122 D:0000 DB:86 nvMxdizc V:  0 H: 25 F:38

				849308 A5 14       LDA $14       [000014] A:0000 X:0E68 Y:0A85 S:0120 D:0000 DB:86 nvMxdizc V:  0 H: 35 F:38
				84930A F0 08       BEQ $0008     [849314] A:0000 X:0E68 Y:0A85 S:0120 D:0000 DB:86 nvMxdiZc V:  0 H: 40 F:38
				849314 60          RTS                    A:0000 X:0E68 Y:0A85 S:0120 D:0000 DB:86 nvMxdiZc V:  0 H: 45 F:38

				84961B 60          RTS                    A:0000 X:0E68 Y:0A85 S:0122 D:0000 DB:86 nvMxdiZc V:  0 H: 55 F:38

				849275 D0 32       BNE $0032     [8492A9] A:0000 X:0E68 Y:0A85 S:0124 D:0000 DB:86 nvMxdiZc V:  0 H: 65 F:38
				849277 A5 08       LDA $08       [000008] A:0000 X:0E68 Y:0A85 S:0124 D:0000 DB:86 nvMxdiZc V:  0 H: 68 F:38
				849279 29 7F       AND #$7F               A:0084 X:0E68 Y:0A85 S:0124 D:0000 DB:86 NvMxdizc V:  0 H: 73 F:38
				84927B 85 08       STA $08       [000008] A:0004 X:0E68 Y:0A85 S:0124 D:0000 DB:86 nvMxdizc V:  0 H: 76 F:38
				84927D B4 20       LDY $20,X     [000E88] A:0004 X:0E68 Y:0A85 S:0124 D:0000 DB:86 nvMxdizc V:  0 H: 81 F:38
				84927F B9 05 00    LDA $0005,Y   [86C954] A:0004 X:0E68 Y:C94F S:0124 D:0000 DB:86 NvMxdizc V:  0 H: 89 F:38
				849282 34 11       BIT $11,X     [000E79] A:0000 X:0E68 Y:C94F S:0124 D:0000 DB:86 nvMxdiZc V:  0 H: 97 F:38
				849284 50 03       BVC $0003     [849289] A:0000 X:0E68 Y:C94F S:0124 D:0000 DB:86 nvMxdiZc V:  0 H:103 F:38
				849289 38          SEC                    A:0000 X:0E68 Y:C94F S:0124 D:0000 DB:86 nvMxdiZc V:  0 H:108 F:38
				84928A F9 07 00    SBC $0007,Y   [86C956] A:0000 X:0E68 Y:C94F S:0124 D:0000 DB:86 nvMxdiZC V:  0 H:111 F:38
				84928D 95 29       STA $29,X     [000E91] A:00F0 X:0E68 Y:C94F S:0124 D:0000 DB:86 NvMxdizc V:  0 H:118 F:38
				84928F 20 C4 95    JSR $95C4     [8495C4] A:00F0 X:0E68 Y:C94F S:0124 D:0000 DB:86 NvMxdizc V:  0 H:125 F:38

				8495C4 B5 2A       LDA $2A,X     [000E92] A:00F0 X:0E68 Y:C94F S:0122 D:0000 DB:86 NvMxdizc V:  0 H:145 F:38
				8495C6 48          PHA                    A:0012 X:0E68 Y:C94F S:0122 D:0000 DB:86 nvMxdizc V:  0 H:151 F:38
				8495C7 A5 08       LDA $08       [000008] A:0012 X:0E68 Y:C94F S:0121 D:0000 DB:86 nvMxdizc V:  0 H:156 F:38
				8495C9 29 7F       AND #$7F               A:0004 X:0E68 Y:C94F S:0121 D:0000 DB:86 nvMxdizc V:  0 H:161 F:38
				8495CB 18          CLC                    A:0004 X:0E68 Y:C94F S:0121 D:0000 DB:86 nvMxdizc V:  0 H:164 F:38
				8495CC 75 2A       ADC $2A,X     [000E92] A:0004 X:0E68 Y:C94F S:0121 D:0000 DB:86 nvMxdizc V:  0 H:167 F:38
				8495CE 95 2A       STA $2A,X     [000E92] A:0016 X:0E68 Y:C94F S:0121 D:0000 DB:86 nvMxdizc V:  0 H:174 F:38
				8495D0 20 B3 90    JSR $90B3     [8490B3] A:0016 X:0E68 Y:C94F S:0121 D:0000 DB:86 nvMxdizc V:  0 H:180 F:38

				8490B3 0B          PHD                    A:0016 X:0E68 Y:C94F S:011F D:0000 DB:86 nvMxdizc V:  0 H:190 F:38
				8490B4 DA          PHX                    A:0016 X:0E68 Y:C94F S:011D D:0000 DB:86 nvMxdizc V:  0 H:197 F:38
				8490B5 08          PHP                    A:0016 X:0E68 Y:C94F S:011B D:0000 DB:86 nvMxdizc V:  0 H:204 F:38
				8490B6 E2 20       SEP #$20               A:0016 X:0E68 Y:C94F S:011A D:0000 DB:86 nvMxdizc V:  0 H:209 F:38
				8490B8 C2 10       REP #$10               A:0016 X:0E68 Y:C94F S:011A D:0000 DB:86 nvMxdizc V:  0 H:214 F:38
				8490BA 64 01       STZ $01       [000001] A:0016 X:0E68 Y:C94F S:011A D:0000 DB:86 nvMxdizc V:  0 H:218 F:38
				8490BC B5 29       LDA $29,X     [000E91] A:0016 X:0E68 Y:C94F S:011A D:0000 DB:86 nvMxdizc V:  0 H:223 F:38
				8490BE 10 02       BPL $0002     [8490C2] A:00F0 X:0E68 Y:C94F S:011A D:0000 DB:86 NvMxdizc V:  0 H:230 F:38
				8490C0 C6 01       DEC $01       [000001] A:00F0 X:0E68 Y:C94F S:011A D:0000 DB:86 NvMxdizc V:  0 H:233 F:38
				8490C2 18          CLC                    A:00F0 X:0E68 Y:C94F S:011A D:0000 DB:86 NvMxdizc V:  0 H:241 F:38
				8490C3 75 05       ADC $05,X     [000E6D] A:00F0 X:0E68 Y:C94F S:011A D:0000 DB:86 NvMxdizc V:  0 H:244 F:38
				8490C5 85 00       STA $00       [000000] A:006C X:0E68 Y:C94F S:011A D:0000 DB:86 nvMxdizC V:  0 H:251 F:38
				8490C7 B5 06       LDA $06,X     [000E6E] A:006C X:0E68 Y:C94F S:011A D:0000 DB:86 nvMxdizC V:  0 H:256 F:38
				8490C9 65 01       ADC $01       [000001] A:0014 X:0E68 Y:C94F S:011A D:0000 DB:86 nvMxdizC V:  0 H:262 F:38
				8490CB 85 01       STA $01       [000001] A:0014 X:0E68 Y:C94F S:011A D:0000 DB:86 nvMxdizC V:  0 H:267 F:38
				8490CD 64 03       STZ $03       [000003] A:0014 X:0E68 Y:C94F S:011A D:0000 DB:86 nvMxdizC V:  0 H:272 F:38
				8490CF B5 2A       LDA $2A,X     [000E92] A:0014 X:0E68 Y:C94F S:011A D:0000 DB:86 nvMxdizC V:  0 H:277 F:38
				8490D1 10 02       BPL $0002     [8490D5] A:0016 X:0E68 Y:C94F S:011A D:0000 DB:86 nvMxdizC V:  0 H:284 F:38
				8490D5 18          CLC                    A:0016 X:0E68 Y:C94F S:011A D:0000 DB:86 nvMxdizC V:  0 H:288 F:38
				8490D6 75 08       ADC $08,X     [000E70] A:0016 X:0E68 Y:C94F S:011A D:0000 DB:86 nvMxdizc V:  0 H:291 F:38
				8490D8 85 02       STA $02       [000002] A:009B X:0E68 Y:C94F S:011A D:0000 DB:86 NvMxdizc V:  0 H:298 F:38
				8490DA 29 F0       AND #$F0               A:009B X:0E68 Y:C94F S:011A D:0000 DB:86 NvMxdizc V:  0 H:303 F:38
				8490DC 85 0A       STA $0A       [00000A] A:0090 X:0E68 Y:C94F S:011A D:0000 DB:86 NvMxdizc V:  0 H:306 F:38
				8490DE B5 09       LDA $09,X     [000E71] A:0090 X:0E68 Y:C94F S:011A D:0000 DB:86 NvMxdizc V:  0 H:311 F:38
				8490E0 65 03       ADC $03       [000003] A:000A X:0E68 Y:C94F S:011A D:0000 DB:86 nvMxdizc V:  0 H:317 F:38
				8490E2 85 03       STA $03       [000003] A:000A X:0E68 Y:C94F S:011A D:0000 DB:86 nvMxdizc V:  0 H:322 F:38
				8490E4 85 0B       STA $0B       [00000B] A:000A X:0E68 Y:C94F S:011A D:0000 DB:86 nvMxdizc V:  0 H:327 F:38
				8490E6 A5 00       LDA $00       [000000] A:000A X:0E68 Y:C94F S:011A D:0000 DB:86 nvMxdizc V:  0 H:331 F:38
				8490E8 29 0F       AND #$0F               A:006C X:0E68 Y:C94F S:011A D:0000 DB:86 nvMxdizc V:  0 H:336 F:38
				8490EA 1A          INC                    A:000C X:0E68 Y:C94F S:011A D:0000 DB:86 nvMxdizc V:  0 H:339 F:38
				8490EB 85 0C       STA $0C       [00000C] A:000D X:0E68 Y:C94F S:011A D:0000 DB:86 nvMxdizc V:  1 H:  2 F:38
				8490ED A5 02       LDA $02       [000002] A:000D X:0E68 Y:C94F S:011A D:0000 DB:86 nvMxdizc V:  1 H:  7 F:38
				8490EF 29 0F       AND #$0F               A:009B X:0E68 Y:C94F S:011A D:0000 DB:86 NvMxdizc V:  1 H: 12 F:38
				8490F1 1A          INC                    A:000B X:0E68 Y:C94F S:011A D:0000 DB:86 nvMxdizc V:  1 H: 15 F:38
				8490F2 85 0E       STA $0E       [00000E] A:000C X:0E68 Y:C94F S:011A D:0000 DB:86 nvMxdizc V:  1 H: 18 F:38
				8490F4 C2 20       REP #$20               A:000C X:0E68 Y:C94F S:011A D:0000 DB:86 nvMxdizc V:  1 H: 23 F:38
				8490F6 20 6A 91    JSR $916A     [84916A] A:000C X:0E68 Y:C94F S:011A D:0000 DB:86 nvmxdizc V:  1 H: 28 F:38

				84916A A9 00 E8    LDA #$E800             A:000C X:0E68 Y:C94F S:0118 D:0000 DB:86 nvmxdizc V:  1 H: 38 F:38
				84916D 85 10       STA $10       [000010] A:E800 X:0E68 Y:C94F S:0118 D:0000 DB:86 Nvmxdizc V:  1 H: 42 F:38
				84916F A9 7E 00    LDA #$007E             A:E800 X:0E68 Y:C94F S:0118 D:0000 DB:86 Nvmxdizc V:  1 H: 49 F:38
				849172 85 12       STA $12       [000012] A:007E X:0E68 Y:C94F S:0118 D:0000 DB:86 nvmxdizc V:  1 H: 54 F:38
				849174 A5 02       LDA $02       [000002] A:007E X:0E68 Y:C94F S:0118 D:0000 DB:86 nvmxdizc V:  1 H: 61 F:38
				849176 29 F0 00    AND #$00F0             A:0A9B X:0E68 Y:C94F S:0118 D:0000 DB:86 nvmxdizc V:  1 H: 68 F:38
				849179 0A          ASL A                  A:0090 X:0E68 Y:C94F S:0118 D:0000 DB:86 nvmxdizc V:  1 H: 72 F:38
				84917A 85 04       STA $04       [000004] A:0120 X:0E68 Y:C94F S:0118 D:0000 DB:86 nvmxdizc V:  1 H: 75 F:38
				84917C A5 00       LDA $00       [000000] A:0120 X:0E68 Y:C94F S:0118 D:0000 DB:86 nvmxdizc V:  1 H: 82 F:38
				84917E 29 FF 00    AND #$00FF             A:146C X:0E68 Y:C94F S:0118 D:0000 DB:86 nvmxdizc V:  1 H: 89 F:38
				849181 4A          LSR A                  A:006C X:0E68 Y:C94F S:0118 D:0000 DB:86 nvmxdizc V:  1 H: 94 F:38
				849182 4A          LSR A                  A:0036 X:0E68 Y:C94F S:0118 D:0000 DB:86 nvmxdizc V:  1 H: 97 F:38
				849183 4A          LSR A                  A:001B X:0E68 Y:C94F S:0118 D:0000 DB:86 nvmxdizc V:  1 H:100 F:38
				849184 29 FE FF    AND #$FFFE             A:000D X:0E68 Y:C94F S:0118 D:0000 DB:86 nvmxdizC V:  1 H:103 F:38
				849187 18          CLC                    A:000C X:0E68 Y:C94F S:0118 D:0000 DB:86 nvmxdizC V:  1 H:107 F:38
				849188 65 04       ADC $04       [000004] A:000C X:0E68 Y:C94F S:0118 D:0000 DB:86 nvmxdizc V:  1 H:110 F:38
				84918A 85 06       STA $06       [000006] A:012C X:0E68 Y:C94F S:0118 D:0000 DB:86 nvmxdizc V:  1 H:117 F:38
				84918C A5 00       LDA $00       [000000] A:012C X:0E68 Y:C94F S:0118 D:0000 DB:86 nvmxdizc V:  1 H:124 F:38
				84918E EB          XBA                    A:146C X:0E68 Y:C94F S:0118 D:0000 DB:86 nvmxdizc V:  1 H:131 F:38
				84918F 29 1F 00    AND #$001F             A:6C14 X:0E68 Y:C94F S:0118 D:0000 DB:86 nvmxdizc V:  1 H:146 F:38
				849192 85 04       STA $04       [000004] A:0014 X:0E68 Y:C94F S:0118 D:0000 DB:86 nvmxdizc V:  1 H:150 F:38
				849194 A5 02       LDA $02       [000002] A:0014 X:0E68 Y:C94F S:0118 D:0000 DB:86 nvmxdizc V:  1 H:157 F:38
				849196 29 00 1F    AND #$1F00             A:0A9B X:0E68 Y:C94F S:0118 D:0000 DB:86 nvmxdizc V:  1 H:164 F:38
				849199 4A          LSR A                  A:0A00 X:0E68 Y:C94F S:0118 D:0000 DB:86 nvmxdizc V:  1 H:169 F:38
				84919A 4A          LSR A                  A:0500 X:0E68 Y:C94F S:0118 D:0000 DB:86 nvmxdizc V:  1 H:172 F:38
				84919B 4A          LSR A                  A:0280 X:0E68 Y:C94F S:0118 D:0000 DB:86 nvmxdizc V:  1 H:175 F:38
				84919C 18          CLC                    A:0140 X:0E68 Y:C94F S:0118 D:0000 DB:86 nvmxdizc V:  1 H:178 F:38
				84919D 65 04       ADC $04       [000004] A:0140 X:0E68 Y:C94F S:0118 D:0000 DB:86 nvmxdizc V:  1 H:181 F:38
				84919F A8          TAY                    A:0154 X:0E68 Y:C94F S:0118 D:0000 DB:86 nvmxdizc V:  1 H:188 F:38
				8491A0 B7 10       LDA [$10],Y   [7EE954] A:0154 X:0E68 Y:0154 S:0118 D:0000 DB:86 nvmxdizc V:  1 H:191 F:38
				8491A2 29 FF 00    AND #$00FF             A:0038 X:0E68 Y:0154 S:0118 D:0000 DB:86 nvmxdizc V:  1 H:204 F:38
				8491A5 A8          TAY                    A:0038 X:0E68 Y:0154 S:0118 D:0000 DB:86 nvmxdizc V:  1 H:208 F:38
				8491A6 EB          XBA                    A:0038 X:0E68 Y:0038 S:0118 D:0000 DB:86 nvmxdizc V:  1 H:211 F:38
				8491A7 0A          ASL A                  A:3800 X:0E68 Y:0038 S:0118 D:0000 DB:86 nvmxdiZc V:  1 H:216 F:38
				8491A8 18          CLC                    A:7000 X:0E68 Y:0038 S:0118 D:0000 DB:86 nvmxdizc V:  1 H:219 F:38
				8491A9 65 06       ADC $06       [000006] A:7000 X:0E68 Y:0038 S:0118 D:0000 DB:86 nvmxdizc V:  1 H:222 F:38
				8491AB AA          TAX                    A:712C X:0E68 Y:0038 S:0118 D:0000 DB:86 nvmxdizc V:  1 H:229 F:38
				8491AC 60          RTS                    A:712C X:712C Y:0038 S:0118 D:0000 DB:86 nvmxdizc V:  1 H:232 F:38

				8490F9 BF 00 20 7E LDA $7E2000,X [7E912C] A:712C X:712C Y:0038 S:011A D:0000 DB:86 nvmxdizc V:  1 H:242 F:38
				8490FD A8          TAY                    A:0241 X:712C Y:0038 S:011A D:0000 DB:86 nvmxdizc V:  1 H:252 F:38
				8490FE AD 92 0B    LDA $0B92     [860B92] A:0241 X:712C Y:0241 S:011A D:0000 DB:86 nvmxdizc V:  1 H:255 F:38
				849101 85 10       STA $10       [000010] A:DB57 X:712C Y:0241 S:011A D:0000 DB:86 Nvmxdizc V:  1 H:263 F:38
				849103 AD 94 0B    LDA $0B94     [860B94] A:DB57 X:712C Y:0241 S:011A D:0000 DB:86 Nvmxdizc V:  1 H:270 F:38
				849106 85 12       STA $12       [000012] A:B895 X:712C Y:0241 S:011A D:0000 DB:86 Nvmxdizc V:  1 H:279 F:38
				849108 B7 10       LDA [$10],Y   [95DD98] A:B895 X:712C Y:0241 S:011A D:0000 DB:86 Nvmxdizc V:  1 H:286 F:38
				84910A 29 FF 00    AND #$00FF             A:0000 X:712C Y:0241 S:011A D:0000 DB:86 nvmxdiZc V:  1 H:298 F:38
				84910D 28          PLP                    A:0000 X:712C Y:0241 S:011A D:0000 DB:86 nvmxdiZc V:  1 H:302 F:38
				84910E FA          PLX                    A:0000 X:712C Y:0241 S:011B D:0000 DB:86 nvMxdizc V:  1 H:309 F:38
				84910F 2B          PLD                    A:0000 X:0E68 Y:0241 S:011D D:0000 DB:86 nvMxdizc V:  1 H:317 F:38
				849110 60          RTS                    A:0000 X:0E68 Y:0241 S:011F D:0000 DB:86 nvMxdiZc V:  1 H:325 F:38

				8495D3 95 2E       STA $2E,X     [000E96] A:0000 X:0E68 Y:0241 S:0121 D:0000 DB:86 nvMxdiZc V:  1 H:335 F:38
				8495D5 85 18       STA $18       [000018] A:0000 X:0E68 Y:0241 S:0121 D:0000 DB:86 nvMxdiZc V:  2 H:  1 F:38
				8495D7 29 3F       AND #$3F               A:0000 X:0E68 Y:0241 S:0121 D:0000 DB:86 nvMxdiZc V:  2 H:  6 F:38
				8495D9 0A          ASL A                  A:0000 X:0E68 Y:0241 S:0121 D:0000 DB:86 nvMxdiZc V:  2 H:  9 F:38
				8495DA EB          XBA                    A:0000 X:0E68 Y:0241 S:0121 D:0000 DB:86 nvMxdiZc V:  2 H: 12 F:38
				8495DB A9 00       LDA #$00               A:0000 X:0E68 Y:0241 S:0121 D:0000 DB:86 nvMxdiZc V:  2 H: 17 F:38
				8495DD EB          XBA                    A:0000 X:0E68 Y:0241 S:0121 D:0000 DB:86 nvMxdiZc V:  2 H: 20 F:38
				8495DE A8          TAY                    A:0000 X:0E68 Y:0241 S:0121 D:0000 DB:86 nvMxdiZc V:  2 H: 24 F:38
				8495DF 84 28       STY $28       [000028] A:0000 X:0E68 Y:0000 S:0121 D:0000 DB:86 nvMxdiZc V:  2 H: 27 F:38
				8495E1 86 2C       STX $2C       [00002C] A:0000 X:0E68 Y:0000 S:0121 D:0000 DB:86 nvMxdiZc V:  2 H: 34 F:38
				8495E3 68          PLA                    A:0000 X:0E68 Y:0000 S:0121 D:0000 DB:86 nvMxdiZc V:  2 H: 41 F:38
				8495E4 95 2A       STA $2A,X     [000E92] A:0012 X:0E68 Y:0000 S:0122 D:0000 DB:86 nvMxdizc V:  2 H: 48 F:38
				8495E6 A6 2C       LDX $2C       [00002C] A:0012 X:0E68 Y:0000 S:0122 D:0000 DB:86 nvMxdizc V:  2 H: 54 F:38
				8495E8 A9 FB       LDA #$FB               A:0012 X:0E68 Y:0000 S:0122 D:0000 DB:86 nvMxdizc V:  2 H: 61 F:38
				8495EA 35 2B       AND $2B,X     [000E93] A:00FB X:0E68 Y:0000 S:0122 D:0000 DB:86 NvMxdizc V:  2 H: 64 F:38
				8495EC 95 2B       STA $2B,X     [000E93] A:0000 X:0E68 Y:0000 S:0122 D:0000 DB:86 nvMxdiZc V:  2 H: 71 F:38
				8495EE 64 01       STZ $01       [000001] A:0000 X:0E68 Y:0000 S:0122 D:0000 DB:86 nvMxdiZc V:  2 H: 77 F:38
				8495F0 B5 2A       LDA $2A,X     [000E92] A:0000 X:0E68 Y:0000 S:0122 D:0000 DB:86 nvMxdiZc V:  2 H: 82 F:38
				8495F2 85 02       STA $02       [000002] A:0012 X:0E68 Y:0000 S:0122 D:0000 DB:86 nvMxdizc V:  2 H: 89 F:38
				8495F4 64 03       STZ $03       [000003] A:0012 X:0E68 Y:0000 S:0122 D:0000 DB:86 nvMxdizc V:  2 H: 94 F:38
				8495F6 B4 05       LDY $05,X     [000E6D] A:0012 X:0E68 Y:0000 S:0122 D:0000 DB:86 nvMxdizc V:  2 H: 99 F:38
				8495F8 84 10       STY $10       [000010] A:0012 X:0E68 Y:147C S:0122 D:0000 DB:86 nvMxdizc V:  2 H:107 F:38
				8495FA B4 08       LDY $08,X     [000E70] A:0012 X:0E68 Y:147C S:0122 D:0000 DB:86 nvMxdizc V:  2 H:114 F:38
				8495FC 84 12       STY $12       [000012] A:0012 X:0E68 Y:0A85 S:0122 D:0000 DB:86 nvMxdizc V:  2 H:123 F:38
				8495FE A6 28       LDX $28       [000028] A:0012 X:0E68 Y:0A85 S:0122 D:0000 DB:86 nvMxdizc V:  2 H:130 F:38
				849600 FC 1C 96    JSR ($961C,X) [84961C] A:0012 X:0000 Y:0A85 S:0122 D:0000 DB:86 nvMxdiZc V:  2 H:147 F:38

				84969C AD 1C 1F    LDA $1F1C     [861F1C] A:0012 X:0000 Y:0A85 S:0120 D:0000 DB:86 nvMxdiZc V:  2 H:160 F:38
				84969F F0 11       BEQ $0011     [8496B2] A:0000 X:0000 Y:0A85 S:0120 D:0000 DB:86 nvMxdiZc V:  2 H:166 F:38
				8496B2 A9 00       LDA #$00               A:0000 X:0000 Y:0A85 S:0120 D:0000 DB:86 nvMxdiZc V:  2 H:171 F:38
				8496B4 60          RTS                    A:0000 X:0000 Y:0A85 S:0120 D:0000 DB:86 nvMxdiZc V:  2 H:174 F:38

				849603 F0 11       BEQ $0011     [849616] A:0000 X:0000 Y:0A85 S:0122 D:0000 DB:86 nvMxdiZc V:  2 H:184 F:38
				849616 A6 2C       LDX $2C       [00002C] A:0000 X:0000 Y:0A85 S:0122 D:0000 DB:86 nvMxdiZc V:  2 H:188 F:38
				849618 20 08 93    JSR $9308     [849308] A:0000 X:0E68 Y:0A85 S:0122 D:0000 DB:86 nvMxdizc V:  2 H:195 F:38

				849308 A5 14       LDA $14       [000014] A:0000 X:0E68 Y:0A85 S:0120 D:0000 DB:86 nvMxdizc V:  2 H:205 F:38
				84930A F0 08       BEQ $0008     [849314] A:0000 X:0E68 Y:0A85 S:0120 D:0000 DB:86 nvMxdiZc V:  2 H:210 F:38
				849314 60          RTS                    A:0000 X:0E68 Y:0A85 S:0120 D:0000 DB:86 nvMxdiZc V:  2 H:215 F:38

				84961B 60          RTS                    A:0000 X:0E68 Y:0A85 S:0122 D:0000 DB:86 nvMxdiZc V:  2 H:225 F:38

				849292 D0 15       BNE $0015     [8492A9] A:0000 X:0E68 Y:0A85 S:0124 D:0000 DB:86 nvMxdiZc V:  2 H:235 F:38
				849294 B4 20       LDY $20,X     [000E88] A:0000 X:0E68 Y:0A85 S:0124 D:0000 DB:86 nvMxdiZc V:  2 H:238 F:38
				849296 B9 05 00    LDA $0005,Y   [86C954] A:0000 X:0E68 Y:C94F S:0124 D:0000 DB:86 NvMxdizc V:  2 H:246 F:38
				849299 34 11       BIT $11,X     [000E79] A:0000 X:0E68 Y:C94F S:0124 D:0000 DB:86 nvMxdiZc V:  2 H:254 F:38
				84929B 50 03       BVC $0003     [8492A0] A:0000 X:0E68 Y:C94F S:0124 D:0000 DB:86 nvMxdiZc V:  2 H:260 F:38
				8492A0 18          CLC                    A:0000 X:0E68 Y:C94F S:0124 D:0000 DB:86 nvMxdiZc V:  2 H:265 F:38
				8492A1 79 07 00    ADC $0007,Y   [86C956] A:0000 X:0E68 Y:C94F S:0124 D:0000 DB:86 nvMxdiZc V:  2 H:268 F:38
				8492A4 95 29       STA $29,X     [000E91] A:0010 X:0E68 Y:C94F S:0124 D:0000 DB:86 nvMxdizc V:  2 H:275 F:38
				8492A6 20 C4 95    JSR $95C4     [8495C4] A:0010 X:0E68 Y:C94F S:0124 D:0000 DB:86 nvMxdizc V:  2 H:282 F:38

				8495C4 B5 2A       LDA $2A,X     [000E92] A:0010 X:0E68 Y:C94F S:0122 D:0000 DB:86 nvMxdizc V:  2 H:292 F:38
				8495C6 48          PHA                    A:0012 X:0E68 Y:C94F S:0122 D:0000 DB:86 nvMxdizc V:  2 H:298 F:38
				8495C7 A5 08       LDA $08       [000008] A:0012 X:0E68 Y:C94F S:0121 D:0000 DB:86 nvMxdizc V:  2 H:303 F:38
				8495C9 29 7F       AND #$7F               A:0004 X:0E68 Y:C94F S:0121 D:0000 DB:86 nvMxdizc V:  2 H:308 F:38
				8495CB 18          CLC                    A:0004 X:0E68 Y:C94F S:0121 D:0000 DB:86 nvMxdizc V:  2 H:311 F:38
				8495CC 75 2A       ADC $2A,X     [000E92] A:0004 X:0E68 Y:C94F S:0121 D:0000 DB:86 nvMxdizc V:  2 H:314 F:38
				8495CE 95 2A       STA $2A,X     [000E92] A:0016 X:0E68 Y:C94F S:0121 D:0000 DB:86 nvMxdizc V:  2 H:321 F:38
				8495D0 20 B3 90    JSR $90B3     [8490B3] A:0016 X:0E68 Y:C94F S:0121 D:0000 DB:86 nvMxdizc V:  2 H:327 F:38

				8490B3 0B          PHD                    A:0016 X:0E68 Y:C94F S:011F D:0000 DB:86 nvMxdizc V:  2 H:336 F:38
				8490B4 DA          PHX                    A:0016 X:0E68 Y:C94F S:011D D:0000 DB:86 nvMxdizc V:  3 H:  3 F:38
				8490B5 08          PHP                    A:0016 X:0E68 Y:C94F S:011B D:0000 DB:86 nvMxdizc V:  3 H: 10 F:38
				8490B6 E2 20       SEP #$20               A:0016 X:0E68 Y:C94F S:011A D:0000 DB:86 nvMxdizc V:  3 H: 15 F:38
				8490B8 C2 10       REP #$10               A:0016 X:0E68 Y:C94F S:011A D:0000 DB:86 nvMxdizc V:  3 H: 20 F:38
				8490BA 64 01       STZ $01       [000001] A:0016 X:0E68 Y:C94F S:011A D:0000 DB:86 nvMxdizc V:  3 H: 24 F:38
				8490BC B5 29       LDA $29,X     [000E91] A:0016 X:0E68 Y:C94F S:011A D:0000 DB:86 nvMxdizc V:  3 H: 29 F:38
				8490BE 10 02       BPL $0002     [8490C2] A:0010 X:0E68 Y:C94F S:011A D:0000 DB:86 nvMxdizc V:  3 H: 36 F:38
				8490C2 18          CLC                    A:0010 X:0E68 Y:C94F S:011A D:0000 DB:86 nvMxdizc V:  3 H: 40 F:38
				8490C3 75 05       ADC $05,X     [000E6D] A:0010 X:0E68 Y:C94F S:011A D:0000 DB:86 nvMxdizc V:  3 H: 43 F:38
				8490C5 85 00       STA $00       [000000] A:008C X:0E68 Y:C94F S:011A D:0000 DB:86 NVMxdizc V:  3 H: 50 F:38
				8490C7 B5 06       LDA $06,X     [000E6E] A:008C X:0E68 Y:C94F S:011A D:0000 DB:86 NVMxdizc V:  3 H: 55 F:38
				8490C9 65 01       ADC $01       [000001] A:0014 X:0E68 Y:C94F S:011A D:0000 DB:86 nVMxdizc V:  3 H: 61 F:38
				8490CB 85 01       STA $01       [000001] A:0014 X:0E68 Y:C94F S:011A D:0000 DB:86 nvMxdizc V:  3 H: 66 F:38
				8490CD 64 03       STZ $03       [000003] A:0014 X:0E68 Y:C94F S:011A D:0000 DB:86 nvMxdizc V:  3 H: 71 F:38
				8490CF B5 2A       LDA $2A,X     [000E92] A:0014 X:0E68 Y:C94F S:011A D:0000 DB:86 nvMxdizc V:  3 H: 76 F:38
				8490D1 10 02       BPL $0002     [8490D5] A:0016 X:0E68 Y:C94F S:011A D:0000 DB:86 nvMxdizc V:  3 H: 83 F:38
				8490D5 18          CLC                    A:0016 X:0E68 Y:C94F S:011A D:0000 DB:86 nvMxdizc V:  3 H: 87 F:38
				8490D6 75 08       ADC $08,X     [000E70] A:0016 X:0E68 Y:C94F S:011A D:0000 DB:86 nvMxdizc V:  3 H: 90 F:38
				8490D8 85 02       STA $02       [000002] A:009B X:0E68 Y:C94F S:011A D:0000 DB:86 NvMxdizc V:  3 H: 97 F:38
				8490DA 29 F0       AND #$F0               A:009B X:0E68 Y:C94F S:011A D:0000 DB:86 NvMxdizc V:  3 H:102 F:38
				8490DC 85 0A       STA $0A       [00000A] A:0090 X:0E68 Y:C94F S:011A D:0000 DB:86 NvMxdizc V:  3 H:105 F:38
				8490DE B5 09       LDA $09,X     [000E71] A:0090 X:0E68 Y:C94F S:011A D:0000 DB:86 NvMxdizc V:  3 H:110 F:38
				8490E0 65 03       ADC $03       [000003] A:000A X:0E68 Y:C94F S:011A D:0000 DB:86 nvMxdizc V:  3 H:116 F:38
				8490E2 85 03       STA $03       [000003] A:000A X:0E68 Y:C94F S:011A D:0000 DB:86 nvMxdizc V:  3 H:121 F:38
				8490E4 85 0B       STA $0B       [00000B] A:000A X:0E68 Y:C94F S:011A D:0000 DB:86 nvMxdizc V:  3 H:126 F:38
				8490E6 A5 00       LDA $00       [000000] A:000A X:0E68 Y:C94F S:011A D:0000 DB:86 nvMxdizc V:  3 H:131 F:38
				8490E8 29 0F       AND #$0F               A:008C X:0E68 Y:C94F S:011A D:0000 DB:86 NvMxdizc V:  3 H:146 F:38
				8490EA 1A          INC                    A:000C X:0E68 Y:C94F S:011A D:0000 DB:86 nvMxdizc V:  3 H:149 F:38
				8490EB 85 0C       STA $0C       [00000C] A:000D X:0E68 Y:C94F S:011A D:0000 DB:86 nvMxdizc V:  3 H:152 F:38
				8490ED A5 02       LDA $02       [000002] A:000D X:0E68 Y:C94F S:011A D:0000 DB:86 nvMxdizc V:  3 H:157 F:38
				8490EF 29 0F       AND #$0F               A:009B X:0E68 Y:C94F S:011A D:0000 DB:86 NvMxdizc V:  3 H:162 F:38
				8490F1 1A          INC                    A:000B X:0E68 Y:C94F S:011A D:0000 DB:86 nvMxdizc V:  3 H:165 F:38
				8490F2 85 0E       STA $0E       [00000E] A:000C X:0E68 Y:C94F S:011A D:0000 DB:86 nvMxdizc V:  3 H:168 F:38
				8490F4 C2 20       REP #$20               A:000C X:0E68 Y:C94F S:011A D:0000 DB:86 nvMxdizc V:  3 H:173 F:38
				8490F6 20 6A 91    JSR $916A     [84916A] A:000C X:0E68 Y:C94F S:011A D:0000 DB:86 nvmxdizc V:  3 H:178 F:38

				84916A A9 00 E8    LDA #$E800             A:000C X:0E68 Y:C94F S:0118 D:0000 DB:86 nvmxdizc V:  3 H:188 F:38
				84916D 85 10       STA $10       [000010] A:E800 X:0E68 Y:C94F S:0118 D:0000 DB:86 Nvmxdizc V:  3 H:192 F:38
				84916F A9 7E 00    LDA #$007E             A:E800 X:0E68 Y:C94F S:0118 D:0000 DB:86 Nvmxdizc V:  3 H:199 F:38
				849172 85 12       STA $12       [000012] A:007E X:0E68 Y:C94F S:0118 D:0000 DB:86 nvmxdizc V:  3 H:204 F:38
				849174 A5 02       LDA $02       [000002] A:007E X:0E68 Y:C94F S:0118 D:0000 DB:86 nvmxdizc V:  3 H:211 F:38
				849176 29 F0 00    AND #$00F0             A:0A9B X:0E68 Y:C94F S:0118 D:0000 DB:86 nvmxdizc V:  3 H:218 F:38
				849179 0A          ASL A                  A:0090 X:0E68 Y:C94F S:0118 D:0000 DB:86 nvmxdizc V:  3 H:222 F:38
				84917A 85 04       STA $04       [000004] A:0120 X:0E68 Y:C94F S:0118 D:0000 DB:86 nvmxdizc V:  3 H:225 F:38
				84917C A5 00       LDA $00       [000000] A:0120 X:0E68 Y:C94F S:0118 D:0000 DB:86 nvmxdizc V:  3 H:232 F:38
				84917E 29 FF 00    AND #$00FF             A:148C X:0E68 Y:C94F S:0118 D:0000 DB:86 nvmxdizc V:  3 H:239 F:38
				849181 4A          LSR A                  A:008C X:0E68 Y:C94F S:0118 D:0000 DB:86 nvmxdizc V:  3 H:244 F:38
				849182 4A          LSR A                  A:0046 X:0E68 Y:C94F S:0118 D:0000 DB:86 nvmxdizc V:  3 H:247 F:38
				849183 4A          LSR A                  A:0023 X:0E68 Y:C94F S:0118 D:0000 DB:86 nvmxdizc V:  3 H:250 F:38
				849184 29 FE FF    AND #$FFFE             A:0011 X:0E68 Y:C94F S:0118 D:0000 DB:86 nvmxdizC V:  3 H:253 F:38
				849187 18          CLC                    A:0010 X:0E68 Y:C94F S:0118 D:0000 DB:86 nvmxdizC V:  3 H:257 F:38
				849188 65 04       ADC $04       [000004] A:0010 X:0E68 Y:C94F S:0118 D:0000 DB:86 nvmxdizc V:  3 H:260 F:38
				84918A 85 06       STA $06       [000006] A:0130 X:0E68 Y:C94F S:0118 D:0000 DB:86 nvmxdizc V:  3 H:267 F:38
				84918C A5 00       LDA $00       [000000] A:0130 X:0E68 Y:C94F S:0118 D:0000 DB:86 nvmxdizc V:  3 H:274 F:38
				84918E EB          XBA                    A:148C X:0E68 Y:C94F S:0118 D:0000 DB:86 nvmxdizc V:  3 H:281 F:38
				84918F 29 1F 00    AND #$001F             A:8C14 X:0E68 Y:C94F S:0118 D:0000 DB:86 nvmxdizc V:  3 H:286 F:38
				849192 85 04       STA $04       [000004] A:0014 X:0E68 Y:C94F S:0118 D:0000 DB:86 nvmxdizc V:  3 H:290 F:38
				849194 A5 02       LDA $02       [000002] A:0014 X:0E68 Y:C94F S:0118 D:0000 DB:86 nvmxdizc V:  3 H:297 F:38
				849196 29 00 1F    AND #$1F00             A:0A9B X:0E68 Y:C94F S:0118 D:0000 DB:86 nvmxdizc V:  3 H:304 F:38
				849199 4A          LSR A                  A:0A00 X:0E68 Y:C94F S:0118 D:0000 DB:86 nvmxdizc V:  3 H:309 F:38
				84919A 4A          LSR A                  A:0500 X:0E68 Y:C94F S:0118 D:0000 DB:86 nvmxdizc V:  3 H:312 F:38
				84919B 4A          LSR A                  A:0280 X:0E68 Y:C94F S:0118 D:0000 DB:86 nvmxdizc V:  3 H:315 F:38
				84919C 18          CLC                    A:0140 X:0E68 Y:C94F S:0118 D:0000 DB:86 nvmxdizc V:  3 H:318 F:38
				84919D 65 04       ADC $04       [000004] A:0140 X:0E68 Y:C94F S:0118 D:0000 DB:86 nvmxdizc V:  3 H:321 F:38
				84919F A8          TAY                    A:0154 X:0E68 Y:C94F S:0118 D:0000 DB:86 nvmxdizc V:  3 H:327 F:38
				8491A0 B7 10       LDA [$10],Y   [7EE954] A:0154 X:0E68 Y:0154 S:0118 D:0000 DB:86 nvmxdizc V:  3 H:330 F:38
				8491A2 29 FF 00    AND #$00FF             A:0038 X:0E68 Y:0154 S:0118 D:0000 DB:86 nvmxdizc V:  4 H:  3 F:38
				8491A5 A8          TAY                    A:0038 X:0E68 Y:0154 S:0118 D:0000 DB:86 nvmxdizc V:  4 H:  7 F:38
				8491A6 EB          XBA                    A:0038 X:0E68 Y:0038 S:0118 D:0000 DB:86 nvmxdizc V:  4 H: 10 F:38
				8491A7 0A          ASL A                  A:3800 X:0E68 Y:0038 S:0118 D:0000 DB:86 nvmxdiZc V:  4 H: 15 F:38
				8491A8 18          CLC                    A:7000 X:0E68 Y:0038 S:0118 D:0000 DB:86 nvmxdizc V:  4 H: 18 F:38
				8491A9 65 06       ADC $06       [000006] A:7000 X:0E68 Y:0038 S:0118 D:0000 DB:86 nvmxdizc V:  4 H: 21 F:38
				8491AB AA          TAX                    A:7130 X:0E68 Y:0038 S:0118 D:0000 DB:86 nvmxdizc V:  4 H: 28 F:38
				8491AC 60          RTS                    A:7130 X:7130 Y:0038 S:0118 D:0000 DB:86 nvmxdizc V:  4 H: 31 F:38

				8490F9 BF 00 20 7E LDA $7E2000,X [7E9130] A:7130 X:7130 Y:0038 S:011A D:0000 DB:86 nvmxdizc V:  4 H: 41 F:38
				8490FD A8          TAY                    A:0241 X:7130 Y:0038 S:011A D:0000 DB:86 nvmxdizc V:  4 H: 51 F:38
				8490FE AD 92 0B    LDA $0B92     [860B92] A:0241 X:7130 Y:0241 S:011A D:0000 DB:86 nvmxdizc V:  4 H: 54 F:38
				849101 85 10       STA $10       [000010] A:DB57 X:7130 Y:0241 S:011A D:0000 DB:86 Nvmxdizc V:  4 H: 62 F:38
				849103 AD 94 0B    LDA $0B94     [860B94] A:DB57 X:7130 Y:0241 S:011A D:0000 DB:86 Nvmxdizc V:  4 H: 69 F:38
				849106 85 12       STA $12       [000012] A:B895 X:7130 Y:0241 S:011A D:0000 DB:86 Nvmxdizc V:  4 H: 78 F:38
				849108 B7 10       LDA [$10],Y   [95DD98] A:B895 X:7130 Y:0241 S:011A D:0000 DB:86 Nvmxdizc V:  4 H: 85 F:38
				84910A 29 FF 00    AND #$00FF             A:0000 X:7130 Y:0241 S:011A D:0000 DB:86 nvmxdiZc V:  4 H: 97 F:38
				84910D 28          PLP                    A:0000 X:7130 Y:0241 S:011A D:0000 DB:86 nvmxdiZc V:  4 H:101 F:38
				84910E FA          PLX                    A:0000 X:7130 Y:0241 S:011B D:0000 DB:86 nvMxdizc V:  4 H:108 F:38
				84910F 2B          PLD                    A:0000 X:0E68 Y:0241 S:011D D:0000 DB:86 nvMxdizc V:  4 H:116 F:38
				849110 60          RTS                    A:0000 X:0E68 Y:0241 S:011F D:0000 DB:86 nvMxdiZc V:  4 H:125 F:38

				8495D3 95 2E       STA $2E,X     [000E96] A:0000 X:0E68 Y:0241 S:0121 D:0000 DB:86 nvMxdiZc V:  4 H:145 F:38
				8495D5 85 18       STA $18       [000018] A:0000 X:0E68 Y:0241 S:0121 D:0000 DB:86 nvMxdiZc V:  4 H:151 F:38
				8495D7 29 3F       AND #$3F               A:0000 X:0E68 Y:0241 S:0121 D:0000 DB:86 nvMxdiZc V:  4 H:156 F:38
				8495D9 0A          ASL A                  A:0000 X:0E68 Y:0241 S:0121 D:0000 DB:86 nvMxdiZc V:  4 H:159 F:38
				8495DA EB          XBA                    A:0000 X:0E68 Y:0241 S:0121 D:0000 DB:86 nvMxdiZc V:  4 H:162 F:38
				8495DB A9 00       LDA #$00               A:0000 X:0E68 Y:0241 S:0121 D:0000 DB:86 nvMxdiZc V:  4 H:167 F:38
				8495DD EB          XBA                    A:0000 X:0E68 Y:0241 S:0121 D:0000 DB:86 nvMxdiZc V:  4 H:170 F:38
				8495DE A8          TAY                    A:0000 X:0E68 Y:0241 S:0121 D:0000 DB:86 nvMxdiZc V:  4 H:174 F:38
				8495DF 84 28       STY $28       [000028] A:0000 X:0E68 Y:0000 S:0121 D:0000 DB:86 nvMxdiZc V:  4 H:177 F:38
				8495E1 86 2C       STX $2C       [00002C] A:0000 X:0E68 Y:0000 S:0121 D:0000 DB:86 nvMxdiZc V:  4 H:184 F:38
				8495E3 68          PLA                    A:0000 X:0E68 Y:0000 S:0121 D:0000 DB:86 nvMxdiZc V:  4 H:191 F:38
				8495E4 95 2A       STA $2A,X     [000E92] A:0012 X:0E68 Y:0000 S:0122 D:0000 DB:86 nvMxdizc V:  4 H:198 F:38
				8495E6 A6 2C       LDX $2C       [00002C] A:0012 X:0E68 Y:0000 S:0122 D:0000 DB:86 nvMxdizc V:  4 H:204 F:38
				8495E8 A9 FB       LDA #$FB               A:0012 X:0E68 Y:0000 S:0122 D:0000 DB:86 nvMxdizc V:  4 H:211 F:38
				8495EA 35 2B       AND $2B,X     [000E93] A:00FB X:0E68 Y:0000 S:0122 D:0000 DB:86 NvMxdizc V:  4 H:214 F:38
				8495EC 95 2B       STA $2B,X     [000E93] A:0000 X:0E68 Y:0000 S:0122 D:0000 DB:86 nvMxdiZc V:  4 H:221 F:38
				8495EE 64 01       STZ $01       [000001] A:0000 X:0E68 Y:0000 S:0122 D:0000 DB:86 nvMxdiZc V:  4 H:227 F:38
				8495F0 B5 2A       LDA $2A,X     [000E92] A:0000 X:0E68 Y:0000 S:0122 D:0000 DB:86 nvMxdiZc V:  4 H:232 F:38
				8495F2 85 02       STA $02       [000002] A:0012 X:0E68 Y:0000 S:0122 D:0000 DB:86 nvMxdizc V:  4 H:239 F:38
				8495F4 64 03       STZ $03       [000003] A:0012 X:0E68 Y:0000 S:0122 D:0000 DB:86 nvMxdizc V:  4 H:244 F:38
				8495F6 B4 05       LDY $05,X     [000E6D] A:0012 X:0E68 Y:0000 S:0122 D:0000 DB:86 nvMxdizc V:  4 H:249 F:38
				8495F8 84 10       STY $10       [000010] A:0012 X:0E68 Y:147C S:0122 D:0000 DB:86 nvMxdizc V:  4 H:257 F:38
				8495FA B4 08       LDY $08,X     [000E70] A:0012 X:0E68 Y:147C S:0122 D:0000 DB:86 nvMxdizc V:  4 H:264 F:38
				8495FC 84 12       STY $12       [000012] A:0012 X:0E68 Y:0A85 S:0122 D:0000 DB:86 nvMxdizc V:  4 H:273 F:38
				8495FE A6 28       LDX $28       [000028] A:0012 X:0E68 Y:0A85 S:0122 D:0000 DB:86 nvMxdizc V:  4 H:280 F:38
				849600 FC 1C 96    JSR ($961C,X) [84961C] A:0012 X:0000 Y:0A85 S:0122 D:0000 DB:86 nvMxdiZc V:  4 H:287 F:38

				84969C AD 1C 1F    LDA $1F1C     [861F1C] A:0012 X:0000 Y:0A85 S:0120 D:0000 DB:86 nvMxdiZc V:  4 H:300 F:38
				84969F F0 11       BEQ $0011     [8496B2] A:0000 X:0000 Y:0A85 S:0120 D:0000 DB:86 nvMxdiZc V:  4 H:306 F:38
				8496B2 A9 00       LDA #$00               A:0000 X:0000 Y:0A85 S:0120 D:0000 DB:86 nvMxdiZc V:  4 H:311 F:38
				8496B4 60          RTS                    A:0000 X:0000 Y:0A85 S:0120 D:0000 DB:86 nvMxdiZc V:  4 H:314 F:38

				849603 F0 11       BEQ $0011     [849616] A:0000 X:0000 Y:0A85 S:0122 D:0000 DB:86 nvMxdiZc V:  4 H:323 F:38
				849616 A6 2C       LDX $2C       [00002C] A:0000 X:0000 Y:0A85 S:0122 D:0000 DB:86 nvMxdiZc V:  4 H:327 F:38
				849618 20 08 93    JSR $9308     [849308] A:0000 X:0E68 Y:0A85 S:0122 D:0000 DB:86 nvMxdizc V:  4 H:334 F:38

				849308 A5 14       LDA $14       [000014] A:0000 X:0E68 Y:0A85 S:0120 D:0000 DB:86 nvMxdizc V:  5 H:  4 F:38
				84930A F0 08       BEQ $0008     [849314] A:0000 X:0E68 Y:0A85 S:0120 D:0000 DB:86 nvMxdiZc V:  5 H:  9 F:38
				849314 60          RTS                    A:0000 X:0E68 Y:0A85 S:0120 D:0000 DB:86 nvMxdiZc V:  5 H: 14 F:38

				84961B 60          RTS                    A:0000 X:0E68 Y:0A85 S:0122 D:0000 DB:86 nvMxdiZc V:  5 H: 24 F:38

				8492A9 C2 30       REP #$30               A:0000 X:0E68 Y:0A85 S:0124 D:0000 DB:86 nvMxdiZc V:  5 H: 34 F:38
				8492AB 60          RTS                    A:0000 X:0E68 Y:0A85 S:0124 D:0000 DB:86 nvmxdiZc V:  5 H: 38 F:38

				8491DB 2B          PLD                    A:0000 X:0E68 Y:0A85 S:0126 D:0000 DB:86 nvmxdiZc V:  5 H: 48 F:38
				8491DC 28          PLP                    A:0000 X:0E68 Y:0A85 S:0128 D:0E68 DB:86 nvmxdizc V:  5 H: 57 F:38
				8491DD 6B          RTL                    A:0000 X:0068 Y:0085 S:0129 D:0E68 DB:86 NvMXdizc V:  5 H: 63 F:38

			83B5BE A5 2B       LDA $2B       [000E93] A:0000 X:0068 Y:0085 S:012C D:0E68 DB:86 NvMXdizc V:  5 H: 74 F:38			|Normal 00,0C routine
			83B5C0 29 03       AND #$03               A:0000 X:0068 Y:0085 S:012C D:0E68 DB:86 nvMXdiZc V:  5 H: 80 F:38			|
			83B5C2 F0 0C       BEQ $000C     [83B5D0] A:0000 X:0068 Y:0085 S:012C D:0E68 DB:86 nvMXdiZc V:  5 H: 83 F:38			|
			83B5D0 A5 2B       LDA $2B       [000E93] A:0000 X:0068 Y:0085 S:012C D:0E68 DB:86 nvMXdiZc V:  5 H: 88 F:38			|
			83B5D2 29 04       AND #$04               A:0000 X:0068 Y:0085 S:012C D:0E68 DB:86 nvMXdiZc V:  5 H: 94 F:38			|
			83B5D4 F0 0B       BEQ $000B     [83B5E1] A:0000 X:0068 Y:0085 S:012C D:0E68 DB:86 nvMXdiZc V:  5 H: 97 F:38			|
			83B5E1 60          RTS                    A:0000 X:0068 Y:0085 S:012C D:0E68 DB:86 nvMXdiZc V:  5 H:102 F:38			|

		83B2ED A5 27       LDA $27       [000E8F] A:0000 X:0068 Y:0085 S:012E D:0E68 DB:86 nvMXdiZc V:  5 H:112 F:38
		83B2EF 85 39       STA $39       [000EA1] A:001F X:0068 Y:0085 S:012E D:0E68 DB:86 nvMXdizc V:  5 H:118 F:38
		83B2F1 A5 35       LDA $35       [000E9D] A:001F X:0068 Y:0085 S:012E D:0E68 DB:86 nvMXdizc V:  5 H:125 F:38
		83B2F3 04 11       TSB $11       [000E79] A:000A X:0068 Y:0085 S:012E D:0E68 DB:86 nvMXdizc V:  5 H:131 F:38
		83B2F5 A5 37       LDA $37       [000E9F] A:000A X:0068 Y:0085 S:012E D:0E68 DB:86 nvMXdizc V:  5 H:151 F:38
		83B2F7 30 08       BMI $0008     [83B301] A:0000 X:0068 Y:0085 S:012E D:0E68 DB:86 nvMXdiZc V:  5 H:158 F:38
		83B2F9 29 01       AND #$01               A:0000 X:0068 Y:0085 S:012E D:0E68 DB:86 nvMXdiZc V:  5 H:161 F:38
		83B2FB F0 0C       BEQ $000C     [83B309] A:0000 X:0068 Y:0085 S:012E D:0E68 DB:86 nvMXdiZc V:  5 H:164 F:38
		83B309 A9 0B       LDA #$0B               A:0000 X:0068 Y:0085 S:012E D:0E68 DB:86 nvMXdiZc V:  5 H:168 F:38
		83B30B 85 28       STA $28       [000E90] A:000B X:0068 Y:0085 S:012E D:0E68 DB:86 nvMXdizc V:  5 H:171 F:38
		83B30D A5 38       LDA $38       [000EA0] A:000B X:0068 Y:0085 S:012E D:0E68 DB:86 nvMXdizc V:  5 H:178 F:38
		83B30F F0 19       BEQ $0019     [83B32A] A:0000 X:0068 Y:0085 S:012E D:0E68 DB:86 nvMXdiZc V:  5 H:184 F:38
		83B32A 22 43 9B 84 JSL $849B43   [849B43] A:0000 X:0068 Y:0085 S:012E D:0E68 DB:86 nvMXdiZc V:  5 H:189 F:38		JSL $849B43 --> Updates CurrMMXShotData,CurrMMXShotID. Loads routine for MMXShot hitting enemy, Sets V flag if MMXShot deals damage

			849B43 C2 10       REP #$10               A:0000 X:0068 Y:0085 S:012B D:0E68 DB:86 nvMXdiZc V:  5 H:202 F:38
			849B45 A5 27       LDA $27       [000E8F] A:0000 X:0068 Y:0085 S:012B D:0E68 DB:86 nvMxdiZc V:  5 H:207 F:38
			849B47 29 7F       AND #$7F               A:001F X:0068 Y:0085 S:012B D:0E68 DB:86 nvMxdizc V:  5 H:213 F:38
			849B49 85 27       STA $27       [000E8F] A:001F X:0068 Y:0085 S:012B D:0E68 DB:86 nvMxdizc V:  5 H:216 F:38
			849B4B F0 2C       BEQ $002C     [849B79] A:001F X:0068 Y:0085 S:012B D:0E68 DB:86 nvMxdizc V:  5 H:223 F:38
			849B4D A5 30       LDA $30       [000E98] A:001F X:0068 Y:0085 S:012B D:0E68 DB:86 nvMxdizc V:  5 H:226 F:38
			849B4F D0 28       BNE $0028     [849B79] A:0000 X:0068 Y:0085 S:012B D:0E68 DB:86 nvMxdiZc V:  5 H:232 F:38
			849B51 A5 0E       LDA $0E       [000E76] A:0000 X:0068 Y:0085 S:012B D:0E68 DB:86 nvMxdiZc V:  5 H:235 F:38
			849B53 F0 24       BEQ $0024     [849B79] A:0001 X:0068 Y:0085 S:012B D:0E68 DB:86 nvMxdizc V:  5 H:242 F:38
			849B55 A2 28 12    LDX #$1228             A:0001 X:0068 Y:0085 S:012B D:0E68 DB:86 nvMxdizc V:  5 H:245 F:38
			849B58 E2 20       SEP #$20               A:0001 X:1228 Y:0085 S:012B D:0E68 DB:86 nvMxdizc V:  5 H:249 F:38
			849B5A BD 00 00    LDA $0000,X   [861228] A:0001 X:1228 Y:0085 S:012B D:0E68 DB:86 nvMxdizc V:  5 H:254 F:38
			849B5D F0 0E       BEQ $000E     [849B6D] A:0001 X:1228 Y:0085 S:012B D:0E68 DB:86 nvMxdizc V:  5 H:262 F:38
			849B5F BD 30 00    LDA $0030,X   [861258] A:0001 X:1228 Y:0085 S:012B D:0E68 DB:86 nvMxdizc V:  5 H:265 F:38
			849B62 D0 09       BNE $0009     [849B6D] A:0000 X:1228 Y:0085 S:012B D:0E68 DB:86 nvMxdiZc V:  5 H:273 F:38
			849B64 22 0E 9C 84 JSL $849C0E   [849C0E] A:0000 X:1228 Y:0085 S:012B D:0E68 DB:86 nvMxdiZc V:  5 H:276 F:38

				849C0E 5A          PHY                    A:0000 X:1228 Y:0085 S:0128 D:0E68 DB:86 nvMxdiZc V:  5 H:289 F:38
				849C0F A4 20       LDY $20       [000E88] A:0000 X:1228 Y:0085 S:0126 D:0E68 DB:86 nvMxdiZc V:  5 H:296 F:38
				849C11 D0 03       BNE $0003     [849C16] A:0000 X:1228 Y:C94F S:0126 D:0E68 DB:86 NvMxdizc V:  5 H:305 F:38
				849C16 BC 20 00    LDY $0020,X   [861248] A:0000 X:1228 Y:C94F S:0126 D:0E68 DB:86 NvMxdizc V:  5 H:309 F:38
				849C19 D0 03       BNE $0003     [849C1E] A:0000 X:1228 Y:BF34 S:0126 D:0E68 DB:86 NvMxdizc V:  5 H:319 F:38
				849C1E C2 20       REP #$20               A:0000 X:1228 Y:BF34 S:0126 D:0E68 DB:86 NvMxdizc V:  5 H:323 F:38
				849C20 DA          PHX                    A:0000 X:1228 Y:BF34 S:0126 D:0E68 DB:86 Nvmxdizc V:  5 H:327 F:38
				849C21 BD 05 00    LDA $0005,X   [86122D] A:0000 X:1228 Y:BF34 S:0124 D:0E68 DB:86 Nvmxdizc V:  5 H:334 F:38
				849C24 8D 04 00    STA $0004     [860004] A:1463 X:1228 Y:BF34 S:0124 D:0E68 DB:86 nvmxdizc V:  6 H:  4 F:38
				849C27 BD 08 00    LDA $0008,X   [861230] A:1463 X:1228 Y:BF34 S:0124 D:0E68 DB:86 nvmxdizc V:  6 H: 13 F:38
				849C2A 8D 06 00    STA $0006     [860006] A:0A9C X:1228 Y:BF34 S:0124 D:0E68 DB:86 nvmxdizc V:  6 H: 23 F:38
				849C2D A5 05       LDA $05       [000E6D] A:0A9C X:1228 Y:BF34 S:0124 D:0E68 DB:86 nvmxdizc V:  6 H: 31 F:38
				849C2F 8D 0C 00    STA $000C     [86000C] A:147C X:1228 Y:BF34 S:0124 D:0E68 DB:86 nvmxdizc V:  6 H: 40 F:38
				849C32 A5 08       LDA $08       [000E70] A:147C X:1228 Y:BF34 S:0124 D:0E68 DB:86 nvmxdizc V:  6 H: 48 F:38
				849C34 8D 0E 00    STA $000E     [86000E] A:0A85 X:1228 Y:BF34 S:0124 D:0E68 DB:86 nvmxdizc V:  6 H: 57 F:38
				849C37 E2 20       SEP #$20               A:0A85 X:1228 Y:BF34 S:0124 D:0E68 DB:86 nvmxdizc V:  6 H: 65 F:38
				849C39 BD 11 00    LDA $0011,X   [861239] A:0A85 X:1228 Y:BF34 S:0124 D:0E68 DB:86 nvMxdizc V:  6 H: 70 F:38
				849C3C 8D 08 00    STA $0008     [860008] A:0A66 X:1228 Y:BF34 S:0124 D:0E68 DB:86 nvMxdizc V:  6 H: 78 F:38
				849C3F A5 11       LDA $11       [000E79] A:0A66 X:1228 Y:BF34 S:0124 D:0E68 DB:86 nvMxdizc V:  6 H: 84 F:38
				849C41 8D 09 00    STA $0009     [860009] A:0A2B X:1228 Y:BF34 S:0124 D:0E68 DB:86 nvMxdizc V:  6 H: 91 F:38
				849C44 BC 20 00    LDY $0020,X   [861248] A:0A2B X:1228 Y:BF34 S:0124 D:0E68 DB:86 nvMxdizc V:  6 H: 97 F:38
				849C47 A6 20       LDX $20       [000E88] A:0A2B X:1228 Y:BF34 S:0124 D:0E68 DB:86 NvMxdizc V:  6 H:107 F:38
				849C49 0B          PHD                    A:0A2B X:C94F Y:BF34 S:0124 D:0E68 DB:86 NvMxdizc V:  6 H:116 F:38
				849C4A F4 00 00    PEA $0000              A:0A2B X:C94F Y:BF34 S:0122 D:0E68 DB:86 NvMxdizc V:  6 H:123 F:38
				849C4D 2B          PLD                    A:0A2B X:C94F Y:BF34 S:0120 D:0E68 DB:86 NvMxdizc V:  6 H:131 F:38
				849C4E BD 02 00    LDA $0002,X   [86C951] A:0A2B X:C94F Y:BF34 S:0122 D:0000 DB:86 nvMxdiZc V:  6 H:150 F:38
				849C51 18          CLC                    A:0A10 X:C94F Y:BF34 S:0122 D:0000 DB:86 nvMxdizc V:  6 H:157 F:38
				849C52 79 02 00    ADC $0002,Y   [86BF36] A:0A10 X:C94F Y:BF34 S:0122 D:0000 DB:86 nvMxdizc V:  6 H:160 F:38
				849C55 85 00       STA $00       [000000] A:0A1A X:C94F Y:BF34 S:0122 D:0000 DB:86 nvMxdizc V:  6 H:168 F:38
				849C57 64 01       STZ $01       [000001] A:0A1A X:C94F Y:BF34 S:0122 D:0000 DB:86 nvMxdizc V:  6 H:173 F:38
				849C59 BD 03 00    LDA $0003,X   [86C952] A:0A1A X:C94F Y:BF34 S:0122 D:0000 DB:86 nvMxdizc V:  6 H:178 F:38
				849C5C 18          CLC                    A:0A13 X:C94F Y:BF34 S:0122 D:0000 DB:86 nvMxdizc V:  6 H:185 F:38
				849C5D 79 03 00    ADC $0003,Y   [86BF37] A:0A13 X:C94F Y:BF34 S:0122 D:0000 DB:86 nvMxdizc V:  6 H:188 F:38
				849C60 85 02       STA $02       [000002] A:0A1D X:C94F Y:BF34 S:0122 D:0000 DB:86 nvMxdizc V:  6 H:196 F:38
				849C62 64 03       STZ $03       [000003] A:0A1D X:C94F Y:BF34 S:0122 D:0000 DB:86 nvMxdizc V:  6 H:201 F:38
				849C64 C2 21       REP #$21               A:0A1D X:C94F Y:BF34 S:0122 D:0000 DB:86 nvMxdizc V:  6 H:206 F:38
				849C66 B9 00 00    LDA $0000,Y   [86BF34] A:0A1D X:C94F Y:BF34 S:0122 D:0000 DB:86 nvmxdizc V:  6 H:210 F:38
				849C69 29 FF 00    AND #$00FF             A:0000 X:C94F Y:BF34 S:0122 D:0000 DB:86 nvmxdiZc V:  6 H:219 F:38
				849C6C 89 80 00    BIT #$0080             A:0000 X:C94F Y:BF34 S:0122 D:0000 DB:86 nvmxdiZc V:  6 H:224 F:38
				849C6F F0 03       BEQ $0003     [849C74] A:0000 X:C94F Y:BF34 S:0122 D:0000 DB:86 nvmxdiZc V:  6 H:228 F:38
				849C74 24 07       BIT $07       [000007] A:0000 X:C94F Y:BF34 S:0122 D:0000 DB:86 nvmxdiZc V:  6 H:233 F:38
				849C76 50 04       BVC $0004     [849C7C] A:0000 X:C94F Y:BF34 S:0122 D:0000 DB:86 nVmxdiZc V:  6 H:240 F:38
				849C78 49 FF FF    EOR #$FFFF             A:0000 X:C94F Y:BF34 S:0122 D:0000 DB:86 nVmxdiZc V:  6 H:243 F:38
				849C7B 1A          INC                    A:FFFF X:C94F Y:BF34 S:0122 D:0000 DB:86 NVmxdizc V:  6 H:247 F:38
				849C7C 85 0A       STA $0A       [00000A] A:0000 X:C94F Y:BF34 S:0122 D:0000 DB:86 nVmxdiZc V:  6 H:250 F:38
				849C7E 64 10       STZ $10       [000010] A:0000 X:C94F Y:BF34 S:0122 D:0000 DB:86 nVmxdiZc V:  6 H:257 F:38
				849C80 BD 00 00    LDA $0000,X   [86C94F] A:0000 X:C94F Y:BF34 S:0122 D:0000 DB:86 nVmxdiZc V:  6 H:264 F:38
				849C83 29 FF 00    AND #$00FF             A:FF00 X:C94F Y:BF34 S:0122 D:0000 DB:86 NVmxdizc V:  6 H:273 F:38
				849C86 89 80 00    BIT #$0080             A:0000 X:C94F Y:BF34 S:0122 D:0000 DB:86 nVmxdiZc V:  6 H:278 F:38
				849C89 F0 03       BEQ $0003     [849C8E] A:0000 X:C94F Y:BF34 S:0122 D:0000 DB:86 nVmxdiZc V:  6 H:282 F:38
				849C8E 24 08       BIT $08       [000008] A:0000 X:C94F Y:BF34 S:0122 D:0000 DB:86 nVmxdiZc V:  6 H:287 F:38
				849C90 50 04       BVC $0004     [849C96] A:0000 X:C94F Y:BF34 S:0122 D:0000 DB:86 nvmxdiZc V:  6 H:294 F:38
				849C96 65 0C       ADC $0C       [00000C] A:0000 X:C94F Y:BF34 S:0122 D:0000 DB:86 nvmxdiZc V:  6 H:298 F:38
				849C98 38          SEC                    A:147C X:C94F Y:BF34 S:0122 D:0000 DB:86 nvmxdizc V:  6 H:305 F:38
				849C99 E5 04       SBC $04       [000004] A:147C X:C94F Y:BF34 S:0122 D:0000 DB:86 nvmxdizC V:  6 H:308 F:38
				849C9B 38          SEC                    A:0019 X:C94F Y:BF34 S:0122 D:0000 DB:86 nvmxdizC V:  6 H:315 F:38
				849C9C E5 0A       SBC $0A       [00000A] A:0019 X:C94F Y:BF34 S:0122 D:0000 DB:86 nvmxdizC V:  6 H:318 F:38
				849C9E 10 06       BPL $0006     [849CA6] A:0019 X:C94F Y:BF34 S:0122 D:0000 DB:86 nvmxdizC V:  6 H:325 F:38
				849CA6 85 04       STA $04       [000004] A:0019 X:C94F Y:BF34 S:0122 D:0000 DB:86 nvmxdizC V:  6 H:329 F:38
				849CA8 A5 00       LDA $00       [000000] A:0019 X:C94F Y:BF34 S:0122 D:0000 DB:86 nvmxdizC V:  6 H:336 F:38
				849CAA 38          SEC                    A:001A X:C94F Y:BF34 S:0122 D:0000 DB:86 nvmxdizC V:  7 H:  3 F:38
				849CAB E5 04       SBC $04       [000004] A:001A X:C94F Y:BF34 S:0122 D:0000 DB:86 nvmxdizC V:  7 H:  6 F:38
				849CAD 1A          INC                    A:0001 X:C94F Y:BF34 S:0122 D:0000 DB:86 nvmxdizC V:  7 H: 13 F:38
				849CAE 85 04       STA $04       [000004] A:0002 X:C94F Y:BF34 S:0122 D:0000 DB:86 nvmxdizC V:  7 H: 16 F:38
				849CB0 24 0F       BIT $0F       [00000F] A:0002 X:C94F Y:BF34 S:0122 D:0000 DB:86 nvmxdizC V:  7 H: 23 F:38
				849CB2 30 04       BMI $0004     [849CB8] A:0002 X:C94F Y:BF34 S:0122 D:0000 DB:86 nvmxdizC V:  7 H: 30 F:38
				849CB4 49 FF FF    EOR #$FFFF             A:0002 X:C94F Y:BF34 S:0122 D:0000 DB:86 nvmxdizC V:  7 H: 33 F:38
				849CB7 1A          INC                    A:FFFD X:C94F Y:BF34 S:0122 D:0000 DB:86 NvmxdizC V:  7 H: 37 F:38
				849CB8 85 00       STA $00       [000000] A:FFFE X:C94F Y:BF34 S:0122 D:0000 DB:86 NvmxdizC V:  7 H: 40 F:38
				849CBA 90 45       BCC $0045     [849D01] A:FFFE X:C94F Y:BF34 S:0122 D:0000 DB:86 NvmxdizC V:  7 H: 47 F:38
				849CBC B9 01 00    LDA $0001,Y   [86BF35] A:FFFE X:C94F Y:BF34 S:0122 D:0000 DB:86 NvmxdizC V:  7 H: 50 F:38
				849CBF 29 FF 00    AND #$00FF             A:0A00 X:C94F Y:BF34 S:0122 D:0000 DB:86 nvmxdizC V:  7 H: 59 F:38
				849CC2 89 80 00    BIT #$0080             A:0000 X:C94F Y:BF34 S:0122 D:0000 DB:86 nvmxdiZC V:  7 H: 64 F:38
				849CC5 F0 03       BEQ $0003     [849CCA] A:0000 X:C94F Y:BF34 S:0122 D:0000 DB:86 nvmxdiZC V:  7 H: 68 F:38
				849CCA 85 0A       STA $0A       [00000A] A:0000 X:C94F Y:BF34 S:0122 D:0000 DB:86 nvmxdiZC V:  7 H: 73 F:38
				849CCC 64 10       STZ $10       [000010] A:0000 X:C94F Y:BF34 S:0122 D:0000 DB:86 nvmxdiZC V:  7 H: 80 F:38
				849CCE BD 01 00    LDA $0001,X   [86C950] A:0000 X:C94F Y:BF34 S:0122 D:0000 DB:86 nvmxdiZC V:  7 H: 87 F:38
				849CD1 29 FF 00    AND #$00FF             A:10FF X:C94F Y:BF34 S:0122 D:0000 DB:86 nvmxdizC V:  7 H: 96 F:38
				849CD4 89 80 00    BIT #$0080             A:00FF X:C94F Y:BF34 S:0122 D:0000 DB:86 nvmxdizC V:  7 H:100 F:38
				849CD7 F0 03       BEQ $0003     [849CDC] A:00FF X:C94F Y:BF34 S:0122 D:0000 DB:86 nvmxdizC V:  7 H:105 F:38
				849CD9 09 00 FF    ORA #$FF00             A:00FF X:C94F Y:BF34 S:0122 D:0000 DB:86 nvmxdizC V:  7 H:108 F:38
				849CDC 18          CLC                    A:FFFF X:C94F Y:BF34 S:0122 D:0000 DB:86 NvmxdizC V:  7 H:112 F:38
				849CDD 65 0E       ADC $0E       [00000E] A:FFFF X:C94F Y:BF34 S:0122 D:0000 DB:86 Nvmxdizc V:  7 H:115 F:38
				849CDF 38          SEC                    A:0A84 X:C94F Y:BF34 S:0122 D:0000 DB:86 nvmxdizC V:  7 H:122 F:38
				849CE0 E5 06       SBC $06       [000006] A:0A84 X:C94F Y:BF34 S:0122 D:0000 DB:86 nvmxdizC V:  7 H:125 F:38
				849CE2 38          SEC                    A:FFE8 X:C94F Y:BF34 S:0122 D:0000 DB:86 Nvmxdizc V:  7 H:132 F:38
				849CE3 E5 0A       SBC $0A       [00000A] A:FFE8 X:C94F Y:BF34 S:0122 D:0000 DB:86 NvmxdizC V:  7 H:145 F:38
				849CE5 10 06       BPL $0006     [849CED] A:FFE8 X:C94F Y:BF34 S:0122 D:0000 DB:86 NvmxdizC V:  7 H:152 F:38
				849CE7 C6 10       DEC $10       [000010] A:FFE8 X:C94F Y:BF34 S:0122 D:0000 DB:86 NvmxdizC V:  7 H:155 F:38
				849CE9 49 FF FF    EOR #$FFFF             A:FFE8 X:C94F Y:BF34 S:0122 D:0000 DB:86 NvmxdizC V:  7 H:168 F:38
				849CEC 1A          INC                    A:0017 X:C94F Y:BF34 S:0122 D:0000 DB:86 nvmxdizC V:  7 H:172 F:38
				849CED 85 06       STA $06       [000006] A:0018 X:C94F Y:BF34 S:0122 D:0000 DB:86 nvmxdizC V:  7 H:175 F:38
				849CEF A5 02       LDA $02       [000002] A:0018 X:C94F Y:BF34 S:0122 D:0000 DB:86 nvmxdizC V:  7 H:182 F:38
				849CF1 38          SEC                    A:001D X:C94F Y:BF34 S:0122 D:0000 DB:86 nvmxdizC V:  7 H:189 F:38
				849CF2 E5 06       SBC $06       [000006] A:001D X:C94F Y:BF34 S:0122 D:0000 DB:86 nvmxdizC V:  7 H:192 F:38
				849CF4 1A          INC                    A:0005 X:C94F Y:BF34 S:0122 D:0000 DB:86 nvmxdizC V:  7 H:199 F:38
				849CF5 85 06       STA $06       [000006] A:0006 X:C94F Y:BF34 S:0122 D:0000 DB:86 nvmxdizC V:  7 H:202 F:38
				849CF7 24 0F       BIT $0F       [00000F] A:0006 X:C94F Y:BF34 S:0122 D:0000 DB:86 nvmxdizC V:  7 H:209 F:38
				849CF9 30 04       BMI $0004     [849CFF] A:0006 X:C94F Y:BF34 S:0122 D:0000 DB:86 NVmxdizC V:  7 H:216 F:38
				849CFF 85 02       STA $02       [000002] A:0006 X:C94F Y:BF34 S:0122 D:0000 DB:86 NVmxdizC V:  7 H:221 F:38
				849D01 E2 20       SEP #$20               A:0006 X:C94F Y:BF34 S:0122 D:0000 DB:86 NVmxdizC V:  7 H:228 F:38
				849D03 2B          PLD                    A:0006 X:C94F Y:BF34 S:0122 D:0000 DB:86 NVMxdizC V:  7 H:232 F:38
				849D04 FA          PLX                    A:0006 X:C94F Y:BF34 S:0124 D:0E68 DB:86 nVMxdizC V:  7 H:241 F:38
				849D05 7A          PLY                    A:0006 X:1228 Y:BF34 S:0126 D:0E68 DB:86 nVMxdizC V:  7 H:249 F:38
				849D06 6B          RTL                    A:0006 X:1228 Y:0085 S:0128 D:0E68 DB:86 nVMxdizC V:  7 H:258 F:38

			849B68 90 03       BCC $0003     [849B6D] A:0006 X:1228 Y:0085 S:012B D:0E68 DB:86 nVMxdizC V:  7 H:268 F:38
			849B6A 4C 15 9E    JMP $9E15     [849E15] A:0006 X:1228 Y:0085 S:012B D:0E68 DB:86 nVMxdizC V:  7 H:271 F:38

			849E15 C2 20       REP #$20               A:0006 X:1228 Y:0085 S:012B D:0E68 DB:86 nVMxdizC V:  7 H:276 F:38
			849E17 8E 1E 1F    STX $1F1E     [861F1E] A:0006 X:1228 Y:0085 S:012B D:0E68 DB:86 nVmxdizC V:  7 H:280 F:38		CurrMMXShotData = X
			849E1A BD 0A 00    LDA $000A,X   [861232] A:0006 X:1228 Y:0085 S:012B D:0E68 DB:86 nVmxdizC V:  7 H:289 F:38
			849E1D 29 FF 00    AND #$00FF             A:000C X:1228 Y:0085 S:012B D:0E68 DB:86 nVmxdizC V:  7 H:299 F:38
			849E20 8D 00 00    STA $0000     [860000] A:000C X:1228 Y:0085 S:012B D:0E68 DB:86 nVmxdizC V:  7 H:303 F:38		$0000 = MS-ID
			849E23 A5 28       LDA $28       [000E90] A:000C X:1228 Y:0085 S:012B D:0E68 DB:86 nVmxdizC V:  7 H:312 F:38
			849E25 29 FF 00    AND #$00FF             A:100B X:1228 Y:0085 S:012B D:0E68 DB:86 nVmxdizC V:  7 H:320 F:38
			849E28 0A          ASL A                  A:000B X:1228 Y:0085 S:012B D:0E68 DB:86 nVmxdizC V:  7 H:324 F:38
			849E29 A8          TAY                    A:0016 X:1228 Y:0085 S:012B D:0E68 DB:86 nVmxdizc V:  7 H:327 F:38		Y = E-DamageState*2 = #$0B*2 = #$16
			849E2A B9 37 EF    LDA $EF37,Y   [86EF4D] A:0016 X:1228 Y:0016 S:012B D:0E68 DB:86 nVmxdizc V:  7 H:330 F:38
			849E2D 18          CLC                    A:0172 X:1228 Y:0016 S:012B D:0E68 DB:86 nVmxdizc V:  7 H:339 F:38		|Y = [$86EF37, E-DamageState*2] + MS-ID --> Pointer for damage table
			849E2E 6D 00 00    ADC $0000     [860000] A:0172 X:1228 Y:0016 S:012B D:0E68 DB:86 nVmxdizc V:  8 H:  2 F:38		|  = [$86EF4D] + MS-ID
			849E31 A8          TAY                    A:017E X:1228 Y:0016 S:012B D:0E68 DB:86 nvmxdizc V:  8 H: 10 F:38		|  = #$0172 + #$000C = #$017E
			849E32 E2 20       SEP #$20               A:017E X:1228 Y:017E S:012B D:0E68 DB:86 nvmxdizc V:  8 H: 13 F:38
			849E34 9C 05 00    STZ $0005     [860005] A:017E X:1228 Y:017E S:012B D:0E68 DB:86 nvMxdizc V:  8 H: 18 F:38		$0005 = #$00
			849E37 AD 00 00    LDA $0000     [860000] A:017E X:1228 Y:017E S:012B D:0E68 DB:86 nvMxdizc V:  8 H: 24 F:38
			849E3A 8D 1D 1F    STA $1F1D     [861F1D] A:010C X:1228 Y:017E S:012B D:0E68 DB:86 nvMxdizc V:  8 H: 31 F:38		CurrMMXShotID = MS-ID
			849E3D A9 01       LDA #$01               A:010C X:1228 Y:017E S:012B D:0E68 DB:86 nvMxdizc V:  8 H: 37 F:38
			849E3F 8D 04 00    STA $0004     [860004] A:0101 X:1228 Y:017E S:012B D:0E68 DB:86 nvMxdizc V:  8 H: 40 F:38		$0004 = #$01 --> Value determines enemy got hit with damage
			849E42 A9 00       LDA #$00               A:0101 X:1228 Y:017E S:012B D:0E68 DB:86 nvMxdizc V:  8 H: 47 F:38
			849E44 EB          XBA                    A:0100 X:1228 Y:017E S:012B D:0E68 DB:86 nvMxdiZc V:  8 H: 50 F:38
			849E45 B9 37 EF    LDA $EF37,Y   [86F0B5] A:0001 X:1228 Y:017E S:012B D:0E68 DB:86 nvMxdizc V:  8 H: 54 F:38		A = [$86EF37,Y] = [$86F0B5] = #$03 --> Damage dealt
			849E48 10 0E       BPL $000E     [849E58] A:0003 X:1228 Y:017E S:012B D:0E68 DB:86 nvMxdizc V:  8 H: 62 F:38		Branch because A = Positive
			849E58 D0 03       BNE $0003     [849E5D] A:0003 X:1228 Y:017E S:012B D:0E68 DB:86 nvMxdizc V:  8 H: 66 F:38		Branch because A <> #$00
			849E5D AD 1D 1F    LDA $1F1D     [861F1D] A:0003 X:1228 Y:017E S:012B D:0E68 DB:86 nvMxdizc V:  8 H: 71 F:38
			849E60 C9 19       CMP #$19               A:000C X:1228 Y:017E S:012B D:0E68 DB:86 nvMxdizc V:  8 H: 77 F:38
			849E62 F0 04       BEQ $0004     [849E68] A:000C X:1228 Y:017E S:012B D:0E68 DB:86 NvMxdizc V:  8 H: 80 F:38		Branch if CurrMMXShotID = #$19
			849E64 C9 1A       CMP #$1A               A:000C X:1228 Y:017E S:012B D:0E68 DB:86 NvMxdizc V:  8 H: 83 F:38
			849E66 D0 06       BNE $0006     [849E6E] A:000C X:1228 Y:017E S:012B D:0E68 DB:86 NvMxdizc V:  8 H: 86 F:38		Branch because CurrMMXShotID <> #$1A
			849E6E A5 27       LDA $27       [000E8F] A:000C X:1228 Y:017E S:012B D:0E68 DB:86 NvMxdizc V:  8 H: 91 F:38
			849E70 29 7F       AND #$7F               A:001F X:1228 Y:017E S:012B D:0E68 DB:86 nvMxdizc V:  8 H: 97 F:38
			849E72 38          SEC                    A:001F X:1228 Y:017E S:012B D:0E68 DB:86 nvMxdizc V:  8 H:100 F:38
			849E73 F9 37 EF    SBC $EF37,Y   [86F0B5] A:001F X:1228 Y:017E S:012B D:0E68 DB:86 nvMxdizC V:  8 H:103 F:38		A = E-HP - Damage dealt
			849E76 30 21       BMI $0021     [849E99] A:001C X:1228 Y:017E S:012B D:0E68 DB:86 nvMxdizC V:  8 H:111 F:38		Branch if A < #$00
			849E78 F0 1F       BEQ $001F     [849E99] A:001C X:1228 Y:017E S:012B D:0E68 DB:86 nvMxdizC V:  8 H:114 F:38		Branch if A = #$00
			849E7A 85 27       STA $27       [000E8F] A:001C X:1228 Y:017E S:012B D:0E68 DB:86 nvMxdizC V:  8 H:117 F:38		E-HP = A
			849E7C A9 11       LDA #$11               A:001C X:1228 Y:017E S:012B D:0E68 DB:86 nvMxdizC V:  8 H:123 F:38
			849E7E 22 A2 88 80 JSL $8088A2   [8088A2] A:0011 X:1228 Y:017E S:012B D:0E68 DB:86 nvMxdizC V:  8 H:126 F:38		JSL $8088A2 --> Play Sound Effect (A = Sound Effect ID)

				8088A2 DA          PHX                    A:0011 X:1228 Y:017E S:0128 D:0E68 DB:86 nvMxdizC V:  8 H:150 F:38
				8088A3 5A          PHY                    A:0011 X:1228 Y:017E S:0126 D:0E68 DB:86 nvMxdizC V:  8 H:157 F:38
				8088A4 08          PHP                    A:0011 X:1228 Y:017E S:0124 D:0E68 DB:86 nvMxdizC V:  8 H:164 F:38
				8088A5 C2 20       REP #$20               A:0011 X:1228 Y:017E S:0123 D:0E68 DB:86 nvMxdizC V:  8 H:169 F:38
				8088A7 E2 10       SEP #$10               A:0011 X:1228 Y:017E S:0123 D:0E68 DB:86 nvmxdizC V:  8 H:173 F:38
				8088A9 48          PHA                    A:0011 X:0028 Y:007E S:0123 D:0E68 DB:86 nvmXdizC V:  8 H:178 F:38
				8088AA A5 05       LDA $05       [000E6D] A:0011 X:0028 Y:007E S:0121 D:0E68 DB:86 nvmXdizC V:  8 H:185 F:38
				8088AC 38          SEC                    A:147C X:0028 Y:007E S:0121 D:0E68 DB:86 nvmXdizC V:  8 H:193 F:38
				8088AD ED AD 0B    SBC $0BAD     [860BAD] A:147C X:0028 Y:007E S:0121 D:0E68 DB:86 nvmXdizC V:  8 H:196 F:38
				8088B0 10 0E       BPL $000E     [8088C0] A:0065 X:0028 Y:007E S:0121 D:0E68 DB:86 nvmXdizC V:  8 H:205 F:38
				8088C0 4A          LSR A                  A:0065 X:0028 Y:007E S:0121 D:0E68 DB:86 nvmXdizC V:  8 H:209 F:38
				8088C1 C9 7F 00    CMP #$007F             A:0032 X:0028 Y:007E S:0121 D:0E68 DB:86 nvmXdizC V:  8 H:212 F:38
				8088C4 30 03       BMI $0003     [8088C9] A:0032 X:0028 Y:007E S:0121 D:0E68 DB:86 NvmXdizc V:  8 H:217 F:38
				8088C9 A8          TAY                    A:0032 X:0028 Y:007E S:0121 D:0E68 DB:86 NvmXdizc V:  8 H:221 F:38
				8088CA 68          PLA                    A:0032 X:0028 Y:0032 S:0121 D:0E68 DB:86 nvmXdizc V:  8 H:224 F:38
				8088CB 80 07       BRA $0007     [8088D4] A:0011 X:0028 Y:0032 S:0123 D:0E68 DB:86 nvmXdizc V:  8 H:233 F:38
				8088D4 E2 31       SEP #$31               A:0011 X:0028 Y:0032 S:0123 D:0E68 DB:86 nvmXdizc V:  8 H:237 F:38
				8088D6 AE A3 0B    LDX $0BA3     [860BA3] A:0011 X:0028 Y:0032 S:0123 D:0E68 DB:86 nvMXdizC V:  8 H:242 F:38
				8088D9 9D 72 0B    STA $0B72,X   [860B7A] A:0011 X:0008 Y:0032 S:0123 D:0E68 DB:86 nvMXdizC V:  8 H:248 F:38
				8088DC 98          TYA                    A:0011 X:0008 Y:0032 S:0123 D:0E68 DB:86 nvMXdizC V:  8 H:256 F:38
				8088DD 9D 73 0B    STA $0B73,X   [860B7B] A:0032 X:0008 Y:0032 S:0123 D:0E68 DB:86 nvMXdizC V:  8 H:259 F:38
				8088E0 E8          INX                    A:0032 X:0008 Y:0032 S:0123 D:0E68 DB:86 nvMXdizC V:  8 H:267 F:38
				8088E1 E8          INX                    A:0032 X:0009 Y:0032 S:0123 D:0E68 DB:86 nvMXdizC V:  8 H:270 F:38
				8088E2 8A          TXA                    A:0032 X:000A Y:0032 S:0123 D:0E68 DB:86 nvMXdizC V:  8 H:273 F:38
				8088E3 29 1E       AND #$1E               A:000A X:000A Y:0032 S:0123 D:0E68 DB:86 nvMXdizC V:  8 H:276 F:38
				8088E5 8D A3 0B    STA $0BA3     [860BA3] A:000A X:000A Y:0032 S:0123 D:0E68 DB:86 nvMXdizC V:  8 H:279 F:38
				8088E8 28          PLP                    A:000A X:000A Y:0032 S:0123 D:0E68 DB:86 nvMXdizC V:  8 H:286 F:38
				8088E9 7A          PLY                    A:000A X:000A Y:0032 S:0124 D:0E68 DB:86 nvMxdizC V:  8 H:292 F:38
				8088EA FA          PLX                    A:000A X:000A Y:017E S:0126 D:0E68 DB:86 nvMxdizC V:  8 H:301 F:38
				8088EB 6B          RTL                    A:000A X:1228 Y:017E S:0128 D:0E68 DB:86 nvMxdizC V:  8 H:309 F:38

			849E82 A9 08       LDA #$08               A:000A X:1228 Y:017E S:012B D:0E68 DB:86 nvMxdizC V:  8 H:320 F:38
			849E84 9D 01 00    STA $0001,X   [861229] A:0008 X:1228 Y:017E S:012B D:0E68 DB:86 nvMxdizC V:  8 H:323 F:38
			849E87 9E 02 00    STZ $0002,X   [86122A] A:0008 X:1228 Y:017E S:012B D:0E68 DB:86 nvMxdizC V:  8 H:330 F:38
			849E8A 9E 03 00    STZ $0003,X   [86122B] A:0008 X:1228 Y:017E S:012B D:0E68 DB:86 nvMxdizC V:  8 H:338 F:38
			849E8D BD 0A 00    LDA $000A,X   [861232] A:0008 X:1228 Y:017E S:012B D:0E68 DB:86 nvMxdizC V:  9 H:  6 F:38
			849E90 C9 1D       CMP #$1D               A:000C X:1228 Y:017E S:012B D:0E68 DB:86 nvMxdizC V:  9 H: 14 F:38
			849E92 F0 11       BEQ $0011     [849EA5] A:000C X:1228 Y:017E S:012B D:0E68 DB:86 NvMxdizc V:  9 H: 17 F:38
			849E94 FE 30 00    INC $0030,X   [861258] A:000C X:1228 Y:017E S:012B D:0E68 DB:86 NvMxdizc V:  9 H: 20 F:38
			849E97 80 0C       BRA $000C     [849EA5] A:000C X:1228 Y:017E S:012B D:0E68 DB:86 nvMxdizc V:  9 H: 31 F:38
			849EA5 A9 80       LDA #$80               A:000C X:1228 Y:017E S:012B D:0E68 DB:86 nvMxdizc V:  9 H: 36 F:38
			849EA7 04 27       TSB $27       [000E8F] A:0080 X:1228 Y:017E S:012B D:0E68 DB:86 NvMxdizc V:  9 H: 39 F:38
			849EA9 A9 00       LDA #$00               A:0080 X:1228 Y:017E S:012B D:0E68 DB:86 NvMxdiZc V:  9 H: 49 F:38
			849EAB 8D 1B 1F    STA $1F1B     [861F1B] A:0000 X:1228 Y:017E S:012B D:0E68 DB:86 nvMxdiZc V:  9 H: 52 F:38
			849EAE BC 1A 00    LDY $001A,X   [861242] A:0000 X:1228 Y:017E S:012B D:0E68 DB:86 nvMxdiZc V:  9 H: 58 F:38
			849EB1 F0 09       BEQ $0009     [849EBC] A:0000 X:1228 Y:0300 S:012B D:0E68 DB:86 nvMxdizc V:  9 H: 68 F:38
			849EB3 10 10       BPL $0010     [849EC5] A:0000 X:1228 Y:0300 S:012B D:0E68 DB:86 nvMxdizc V:  9 H: 71 F:38
			849EC5 AD 04 00    LDA $0004     [860004] A:0000 X:1228 Y:0300 S:012B D:0E68 DB:86 nvMxdizc V:  9 H: 76 F:38
			849EC8 48          PHA                    A:0001 X:1228 Y:0300 S:012B D:0E68 DB:86 nvMxdizc V:  9 H: 82 F:38
			849EC9 AD 05 00    LDA $0005     [860005] A:0001 X:1228 Y:0300 S:012A D:0E68 DB:86 nvMxdizc V:  9 H: 87 F:38
			849ECC 48          PHA                    A:0000 X:1228 Y:0300 S:012A D:0E68 DB:86 nvMxdiZc V:  9 H: 94 F:38
			849ECD DA          PHX                    A:0000 X:1228 Y:0300 S:0129 D:0E68 DB:86 nvMxdiZc V:  9 H: 99 F:38
			849ECE 22 4E A5 84 JSL $84A54E   [84A54E] A:0000 X:1228 Y:0300 S:0127 D:0E68 DB:86 nvMxdiZc V:  9 H:106 F:38

				84A54E 08          PHP                    A:0000 X:1228 Y:0300 S:0124 D:0E68 DB:86 nvMxdiZc V:  9 H:119 F:38
				84A54F E2 20       SEP #$20               A:0000 X:1228 Y:0300 S:0123 D:0E68 DB:86 nvMxdiZc V:  9 H:124 F:38
				84A551 22 0E 9C 84 JSL $849C0E   [849C0E] A:0000 X:1228 Y:0300 S:0123 D:0E68 DB:86 nvMxdiZc V:  9 H:129 F:38

					849C0E 5A          PHY                    A:0000 X:1228 Y:0300 S:0120 D:0E68 DB:86 nvMxdiZc V:  9 H:152 F:38
					849C0F A4 20       LDY $20       [000E88] A:0000 X:1228 Y:0300 S:011E D:0E68 DB:86 nvMxdiZc V:  9 H:159 F:38
					849C11 D0 03       BNE $0003     [849C16] A:0000 X:1228 Y:C94F S:011E D:0E68 DB:86 NvMxdizc V:  9 H:168 F:38
					849C16 BC 20 00    LDY $0020,X   [861248] A:0000 X:1228 Y:C94F S:011E D:0E68 DB:86 NvMxdizc V:  9 H:172 F:38
					849C19 D0 03       BNE $0003     [849C1E] A:0000 X:1228 Y:BF34 S:011E D:0E68 DB:86 NvMxdizc V:  9 H:182 F:38
					849C1E C2 20       REP #$20               A:0000 X:1228 Y:BF34 S:011E D:0E68 DB:86 NvMxdizc V:  9 H:187 F:38
					849C20 DA          PHX                    A:0000 X:1228 Y:BF34 S:011E D:0E68 DB:86 Nvmxdizc V:  9 H:191 F:38
					849C21 BD 05 00    LDA $0005,X   [86122D] A:0000 X:1228 Y:BF34 S:011C D:0E68 DB:86 Nvmxdizc V:  9 H:198 F:38
					849C24 8D 04 00    STA $0004     [860004] A:1463 X:1228 Y:BF34 S:011C D:0E68 DB:86 nvmxdizc V:  9 H:208 F:38
					849C27 BD 08 00    LDA $0008,X   [861230] A:1463 X:1228 Y:BF34 S:011C D:0E68 DB:86 nvmxdizc V:  9 H:217 F:38
					849C2A 8D 06 00    STA $0006     [860006] A:0A9C X:1228 Y:BF34 S:011C D:0E68 DB:86 nvmxdizc V:  9 H:227 F:38
					849C2D A5 05       LDA $05       [000E6D] A:0A9C X:1228 Y:BF34 S:011C D:0E68 DB:86 nvmxdizc V:  9 H:235 F:38
					849C2F 8D 0C 00    STA $000C     [86000C] A:147C X:1228 Y:BF34 S:011C D:0E68 DB:86 nvmxdizc V:  9 H:244 F:38
					849C32 A5 08       LDA $08       [000E70] A:147C X:1228 Y:BF34 S:011C D:0E68 DB:86 nvmxdizc V:  9 H:252 F:38
					849C34 8D 0E 00    STA $000E     [86000E] A:0A85 X:1228 Y:BF34 S:011C D:0E68 DB:86 nvmxdizc V:  9 H:261 F:38
					849C37 E2 20       SEP #$20               A:0A85 X:1228 Y:BF34 S:011C D:0E68 DB:86 nvmxdizc V:  9 H:269 F:38
					849C39 BD 11 00    LDA $0011,X   [861239] A:0A85 X:1228 Y:BF34 S:011C D:0E68 DB:86 nvMxdizc V:  9 H:274 F:38
					849C3C 8D 08 00    STA $0008     [860008] A:0A66 X:1228 Y:BF34 S:011C D:0E68 DB:86 nvMxdizc V:  9 H:282 F:38
					849C3F A5 11       LDA $11       [000E79] A:0A66 X:1228 Y:BF34 S:011C D:0E68 DB:86 nvMxdizc V:  9 H:288 F:38
					849C41 8D 09 00    STA $0009     [860009] A:0A2B X:1228 Y:BF34 S:011C D:0E68 DB:86 nvMxdizc V:  9 H:295 F:38
					849C44 BC 20 00    LDY $0020,X   [861248] A:0A2B X:1228 Y:BF34 S:011C D:0E68 DB:86 nvMxdizc V:  9 H:301 F:38
					849C47 A6 20       LDX $20       [000E88] A:0A2B X:1228 Y:BF34 S:011C D:0E68 DB:86 NvMxdizc V:  9 H:311 F:38
					849C49 0B          PHD                    A:0A2B X:C94F Y:BF34 S:011C D:0E68 DB:86 NvMxdizc V:  9 H:320 F:38
					849C4A F4 00 00    PEA $0000              A:0A2B X:C94F Y:BF34 S:011A D:0E68 DB:86 NvMxdizc V:  9 H:326 F:38
					849C4D 2B          PLD                    A:0A2B X:C94F Y:BF34 S:0118 D:0E68 DB:86 NvMxdizc V:  9 H:334 F:38
					849C4E BD 02 00    LDA $0002,X   [86C951] A:0A2B X:C94F Y:BF34 S:011A D:0000 DB:86 nvMxdiZc V: 10 H:  3 F:38
					849C51 18          CLC                    A:0A10 X:C94F Y:BF34 S:011A D:0000 DB:86 nvMxdizc V: 10 H: 10 F:38
					849C52 79 02 00    ADC $0002,Y   [86BF36] A:0A10 X:C94F Y:BF34 S:011A D:0000 DB:86 nvMxdizc V: 10 H: 13 F:38
					849C55 85 00       STA $00       [000000] A:0A1A X:C94F Y:BF34 S:011A D:0000 DB:86 nvMxdizc V: 10 H: 21 F:38
					849C57 64 01       STZ $01       [000001] A:0A1A X:C94F Y:BF34 S:011A D:0000 DB:86 nvMxdizc V: 10 H: 26 F:38
					849C59 BD 03 00    LDA $0003,X   [86C952] A:0A1A X:C94F Y:BF34 S:011A D:0000 DB:86 nvMxdizc V: 10 H: 31 F:38
					849C5C 18          CLC                    A:0A13 X:C94F Y:BF34 S:011A D:0000 DB:86 nvMxdizc V: 10 H: 38 F:38
					849C5D 79 03 00    ADC $0003,Y   [86BF37] A:0A13 X:C94F Y:BF34 S:011A D:0000 DB:86 nvMxdizc V: 10 H: 41 F:38
					849C60 85 02       STA $02       [000002] A:0A1D X:C94F Y:BF34 S:011A D:0000 DB:86 nvMxdizc V: 10 H: 49 F:38
					849C62 64 03       STZ $03       [000003] A:0A1D X:C94F Y:BF34 S:011A D:0000 DB:86 nvMxdizc V: 10 H: 54 F:38
					849C64 C2 21       REP #$21               A:0A1D X:C94F Y:BF34 S:011A D:0000 DB:86 nvMxdizc V: 10 H: 59 F:38
					849C66 B9 00 00    LDA $0000,Y   [86BF34] A:0A1D X:C94F Y:BF34 S:011A D:0000 DB:86 nvmxdizc V: 10 H: 63 F:38
					849C69 29 FF 00    AND #$00FF             A:0000 X:C94F Y:BF34 S:011A D:0000 DB:86 nvmxdiZc V: 10 H: 72 F:38
					849C6C 89 80 00    BIT #$0080             A:0000 X:C94F Y:BF34 S:011A D:0000 DB:86 nvmxdiZc V: 10 H: 77 F:38
					849C6F F0 03       BEQ $0003     [849C74] A:0000 X:C94F Y:BF34 S:011A D:0000 DB:86 nvmxdiZc V: 10 H: 81 F:38
					849C74 24 07       BIT $07       [000007] A:0000 X:C94F Y:BF34 S:011A D:0000 DB:86 nvmxdiZc V: 10 H: 86 F:38
					849C76 50 04       BVC $0004     [849C7C] A:0000 X:C94F Y:BF34 S:011A D:0000 DB:86 nVmxdiZc V: 10 H: 93 F:38
					849C78 49 FF FF    EOR #$FFFF             A:0000 X:C94F Y:BF34 S:011A D:0000 DB:86 nVmxdiZc V: 10 H: 96 F:38
					849C7B 1A          INC                    A:FFFF X:C94F Y:BF34 S:011A D:0000 DB:86 NVmxdizc V: 10 H:100 F:38
					849C7C 85 0A       STA $0A       [00000A] A:0000 X:C94F Y:BF34 S:011A D:0000 DB:86 nVmxdiZc V: 10 H:103 F:38
					849C7E 64 10       STZ $10       [000010] A:0000 X:C94F Y:BF34 S:011A D:0000 DB:86 nVmxdiZc V: 10 H:110 F:38
					849C80 BD 00 00    LDA $0000,X   [86C94F] A:0000 X:C94F Y:BF34 S:011A D:0000 DB:86 nVmxdiZc V: 10 H:117 F:38
					849C83 29 FF 00    AND #$00FF             A:FF00 X:C94F Y:BF34 S:011A D:0000 DB:86 NVmxdizc V: 10 H:126 F:38
					849C86 89 80 00    BIT #$0080             A:0000 X:C94F Y:BF34 S:011A D:0000 DB:86 nVmxdiZc V: 10 H:131 F:38
					849C89 F0 03       BEQ $0003     [849C8E] A:0000 X:C94F Y:BF34 S:011A D:0000 DB:86 nVmxdiZc V: 10 H:145 F:38
					849C8E 24 08       BIT $08       [000008] A:0000 X:C94F Y:BF34 S:011A D:0000 DB:86 nVmxdiZc V: 10 H:150 F:38
					849C90 50 04       BVC $0004     [849C96] A:0000 X:C94F Y:BF34 S:011A D:0000 DB:86 nvmxdiZc V: 10 H:157 F:38
					849C96 65 0C       ADC $0C       [00000C] A:0000 X:C94F Y:BF34 S:011A D:0000 DB:86 nvmxdiZc V: 10 H:161 F:38
					849C98 38          SEC                    A:147C X:C94F Y:BF34 S:011A D:0000 DB:86 nvmxdizc V: 10 H:168 F:38
					849C99 E5 04       SBC $04       [000004] A:147C X:C94F Y:BF34 S:011A D:0000 DB:86 nvmxdizC V: 10 H:171 F:38
					849C9B 38          SEC                    A:0019 X:C94F Y:BF34 S:011A D:0000 DB:86 nvmxdizC V: 10 H:178 F:38
					849C9C E5 0A       SBC $0A       [00000A] A:0019 X:C94F Y:BF34 S:011A D:0000 DB:86 nvmxdizC V: 10 H:181 F:38
					849C9E 10 06       BPL $0006     [849CA6] A:0019 X:C94F Y:BF34 S:011A D:0000 DB:86 nvmxdizC V: 10 H:188 F:38
					849CA6 85 04       STA $04       [000004] A:0019 X:C94F Y:BF34 S:011A D:0000 DB:86 nvmxdizC V: 10 H:193 F:38
					849CA8 A5 00       LDA $00       [000000] A:0019 X:C94F Y:BF34 S:011A D:0000 DB:86 nvmxdizC V: 10 H:200 F:38
					849CAA 38          SEC                    A:001A X:C94F Y:BF34 S:011A D:0000 DB:86 nvmxdizC V: 10 H:207 F:38
					849CAB E5 04       SBC $04       [000004] A:001A X:C94F Y:BF34 S:011A D:0000 DB:86 nvmxdizC V: 10 H:210 F:38
					849CAD 1A          INC                    A:0001 X:C94F Y:BF34 S:011A D:0000 DB:86 nvmxdizC V: 10 H:217 F:38
					849CAE 85 04       STA $04       [000004] A:0002 X:C94F Y:BF34 S:011A D:0000 DB:86 nvmxdizC V: 10 H:220 F:38
					849CB0 24 0F       BIT $0F       [00000F] A:0002 X:C94F Y:BF34 S:011A D:0000 DB:86 nvmxdizC V: 10 H:227 F:38
					849CB2 30 04       BMI $0004     [849CB8] A:0002 X:C94F Y:BF34 S:011A D:0000 DB:86 nvmxdizC V: 10 H:234 F:38
					849CB4 49 FF FF    EOR #$FFFF             A:0002 X:C94F Y:BF34 S:011A D:0000 DB:86 nvmxdizC V: 10 H:237 F:38
					849CB7 1A          INC                    A:FFFD X:C94F Y:BF34 S:011A D:0000 DB:86 NvmxdizC V: 10 H:241 F:38
					849CB8 85 00       STA $00       [000000] A:FFFE X:C94F Y:BF34 S:011A D:0000 DB:86 NvmxdizC V: 10 H:244 F:38
					849CBA 90 45       BCC $0045     [849D01] A:FFFE X:C94F Y:BF34 S:011A D:0000 DB:86 NvmxdizC V: 10 H:251 F:38
					849CBC B9 01 00    LDA $0001,Y   [86BF35] A:FFFE X:C94F Y:BF34 S:011A D:0000 DB:86 NvmxdizC V: 10 H:254 F:38
					849CBF 29 FF 00    AND #$00FF             A:0A00 X:C94F Y:BF34 S:011A D:0000 DB:86 nvmxdizC V: 10 H:263 F:38
					849CC2 89 80 00    BIT #$0080             A:0000 X:C94F Y:BF34 S:011A D:0000 DB:86 nvmxdiZC V: 10 H:268 F:38
					849CC5 F0 03       BEQ $0003     [849CCA] A:0000 X:C94F Y:BF34 S:011A D:0000 DB:86 nvmxdiZC V: 10 H:272 F:38
					849CCA 85 0A       STA $0A       [00000A] A:0000 X:C94F Y:BF34 S:011A D:0000 DB:86 nvmxdiZC V: 10 H:277 F:38
					849CCC 64 10       STZ $10       [000010] A:0000 X:C94F Y:BF34 S:011A D:0000 DB:86 nvmxdiZC V: 10 H:284 F:38
					849CCE BD 01 00    LDA $0001,X   [86C950] A:0000 X:C94F Y:BF34 S:011A D:0000 DB:86 nvmxdiZC V: 10 H:291 F:38
					849CD1 29 FF 00    AND #$00FF             A:10FF X:C94F Y:BF34 S:011A D:0000 DB:86 nvmxdizC V: 10 H:300 F:38
					849CD4 89 80 00    BIT #$0080             A:00FF X:C94F Y:BF34 S:011A D:0000 DB:86 nvmxdizC V: 10 H:304 F:38
					849CD7 F0 03       BEQ $0003     [849CDC] A:00FF X:C94F Y:BF34 S:011A D:0000 DB:86 nvmxdizC V: 10 H:309 F:38
					849CD9 09 00 FF    ORA #$FF00             A:00FF X:C94F Y:BF34 S:011A D:0000 DB:86 nvmxdizC V: 10 H:312 F:38
					849CDC 18          CLC                    A:FFFF X:C94F Y:BF34 S:011A D:0000 DB:86 NvmxdizC V: 10 H:316 F:38
					849CDD 65 0E       ADC $0E       [00000E] A:FFFF X:C94F Y:BF34 S:011A D:0000 DB:86 Nvmxdizc V: 10 H:319 F:38
					849CDF 38          SEC                    A:0A84 X:C94F Y:BF34 S:011A D:0000 DB:86 nvmxdizC V: 10 H:326 F:38
					849CE0 E5 06       SBC $06       [000006] A:0A84 X:C94F Y:BF34 S:011A D:0000 DB:86 nvmxdizC V: 10 H:328 F:38
					849CE2 38          SEC                    A:FFE8 X:C94F Y:BF34 S:011A D:0000 DB:86 Nvmxdizc V: 10 H:335 F:38
					849CE3 E5 0A       SBC $0A       [00000A] A:FFE8 X:C94F Y:BF34 S:011A D:0000 DB:86 NvmxdizC V: 10 H:338 F:38
					849CE5 10 06       BPL $0006     [849CED] A:FFE8 X:C94F Y:BF34 S:011A D:0000 DB:86 NvmxdizC V: 11 H:  5 F:38
					849CE7 C6 10       DEC $10       [000010] A:FFE8 X:C94F Y:BF34 S:011A D:0000 DB:86 NvmxdizC V: 11 H:  8 F:38
					849CE9 49 FF FF    EOR #$FFFF             A:FFE8 X:C94F Y:BF34 S:011A D:0000 DB:86 NvmxdizC V: 11 H: 21 F:38
					849CEC 1A          INC                    A:0017 X:C94F Y:BF34 S:011A D:0000 DB:86 nvmxdizC V: 11 H: 25 F:38
					849CED 85 06       STA $06       [000006] A:0018 X:C94F Y:BF34 S:011A D:0000 DB:86 nvmxdizC V: 11 H: 28 F:38
					849CEF A5 02       LDA $02       [000002] A:0018 X:C94F Y:BF34 S:011A D:0000 DB:86 nvmxdizC V: 11 H: 35 F:38
					849CF1 38          SEC                    A:001D X:C94F Y:BF34 S:011A D:0000 DB:86 nvmxdizC V: 11 H: 42 F:38
					849CF2 E5 06       SBC $06       [000006] A:001D X:C94F Y:BF34 S:011A D:0000 DB:86 nvmxdizC V: 11 H: 45 F:38
					849CF4 1A          INC                    A:0005 X:C94F Y:BF34 S:011A D:0000 DB:86 nvmxdizC V: 11 H: 52 F:38
					849CF5 85 06       STA $06       [000006] A:0006 X:C94F Y:BF34 S:011A D:0000 DB:86 nvmxdizC V: 11 H: 55 F:38
					849CF7 24 0F       BIT $0F       [00000F] A:0006 X:C94F Y:BF34 S:011A D:0000 DB:86 nvmxdizC V: 11 H: 62 F:38
					849CF9 30 04       BMI $0004     [849CFF] A:0006 X:C94F Y:BF34 S:011A D:0000 DB:86 NVmxdizC V: 11 H: 69 F:38
					849CFF 85 02       STA $02       [000002] A:0006 X:C94F Y:BF34 S:011A D:0000 DB:86 NVmxdizC V: 11 H: 74 F:38
					849D01 E2 20       SEP #$20               A:0006 X:C94F Y:BF34 S:011A D:0000 DB:86 NVmxdizC V: 11 H: 81 F:38
					849D03 2B          PLD                    A:0006 X:C94F Y:BF34 S:011A D:0000 DB:86 NVMxdizC V: 11 H: 85 F:38
					849D04 FA          PLX                    A:0006 X:C94F Y:BF34 S:011C D:0E68 DB:86 nVMxdizC V: 11 H: 94 F:38
					849D05 7A          PLY                    A:0006 X:1228 Y:BF34 S:011E D:0E68 DB:86 nVMxdizC V: 11 H:102 F:38
					849D06 6B          RTL                    A:0006 X:1228 Y:0300 S:0120 D:0E68 DB:86 nVMxdizC V: 11 H:111 F:38

				84A555 8E 10 00    STX $0010     [860010] A:0006 X:1228 Y:0300 S:0123 D:0E68 DB:86 nVMxdizC V: 11 H:121 F:38
				84A558 9B          TXY                    A:0006 X:1228 Y:0300 S:0123 D:0E68 DB:86 nVMxdizC V: 11 H:130 F:38
				84A559 BE 20 00    LDX $0020,Y   [861248] A:0006 X:1228 Y:1228 S:0123 D:0E68 DB:86 nVMxdizC V: 11 H:133 F:38
				84A55C 9B          TXY                    A:0006 X:BF34 Y:1228 S:0123 D:0E68 DB:86 NVMxdizC V: 11 H:153 F:38
				84A55D A6 20       LDX $20       [000E88] A:0006 X:BF34 Y:BF34 S:0123 D:0E68 DB:86 NVMxdizC V: 11 H:156 F:38
				84A55F E2 20       SEP #$20               A:0006 X:C94F Y:BF34 S:0123 D:0E68 DB:86 NVMxdizC V: 11 H:164 F:38
				84A561 B9 02 00    LDA $0002,Y   [86BF36] A:0006 X:C94F Y:BF34 S:0123 D:0E68 DB:86 NVMxdizC V: 11 H:169 F:38
				84A564 CD 04 00    CMP $0004     [860004] A:000A X:C94F Y:BF34 S:0123 D:0E68 DB:86 nVMxdizC V: 11 H:176 F:38
				84A567 90 6F       BCC $006F     [84A5D8] A:000A X:C94F Y:BF34 S:0123 D:0E68 DB:86 nVMxdizC V: 11 H:183 F:38
				84A569 4E 05 00    LSR $0005     [860005] A:000A X:C94F Y:BF34 S:0123 D:0E68 DB:86 nVMxdizC V: 11 H:186 F:38
				84A56C 6E 04 00    ROR $0004     [860004] A:000A X:C94F Y:BF34 S:0123 D:0E68 DB:86 nVMxdiZc V: 11 H:196 F:38
				84A56F AD 01 00    LDA $0001     [860001] A:000A X:C94F Y:BF34 S:0123 D:0E68 DB:86 nVMxdizc V: 11 H:206 F:38
				84A572 30 31       BMI $0031     [84A5A5] A:00FF X:C94F Y:BF34 S:0123 D:0E68 DB:86 NVMxdizc V: 11 H:212 F:38
				84A5A5 BD 00 00    LDA $0000,X   [86C94F] A:00FF X:C94F Y:BF34 S:0123 D:0E68 DB:86 NVMxdizc V: 11 H:217 F:38
				84A5A8 24 11       BIT $11       [000E79] A:0000 X:C94F Y:BF34 S:0123 D:0E68 DB:86 nVMxdiZc V: 11 H:224 F:38
				84A5AA 50 03       BVC $0003     [84A5AF] A:0000 X:C94F Y:BF34 S:0123 D:0E68 DB:86 nvMxdiZc V: 11 H:231 F:38
				84A5AF C9 00       CMP #$00               A:0000 X:C94F Y:BF34 S:0123 D:0E68 DB:86 nvMxdiZc V: 11 H:235 F:38
				84A5B1 C2 20       REP #$20               A:0000 X:C94F Y:BF34 S:0123 D:0E68 DB:86 nvMxdiZC V: 11 H:238 F:38
				84A5B3 30 05       BMI $0005     [84A5BA] A:0000 X:C94F Y:BF34 S:0123 D:0E68 DB:86 nvmxdiZC V: 11 H:243 F:38
				84A5B5 29 FF 00    AND #$00FF             A:0000 X:C94F Y:BF34 S:0123 D:0E68 DB:86 nvmxdiZC V: 11 H:246 F:38
				84A5B8 80 03       BRA $0003     [84A5BD] A:0000 X:C94F Y:BF34 S:0123 D:0E68 DB:86 nvmxdiZC V: 11 H:250 F:38
				84A5BD 18          CLC                    A:0000 X:C94F Y:BF34 S:0123 D:0E68 DB:86 nvmxdiZC V: 11 H:255 F:38
				84A5BE 65 05       ADC $05       [000E6D] A:0000 X:C94F Y:BF34 S:0123 D:0E68 DB:86 nvmxdiZc V: 11 H:258 F:38
				84A5C0 48          PHA                    A:147C X:C94F Y:BF34 S:0123 D:0E68 DB:86 nvmxdizc V: 11 H:266 F:38
				84A5C1 BD 02 00    LDA $0002,X   [86C951] A:147C X:C94F Y:BF34 S:0121 D:0E68 DB:86 nvmxdizc V: 11 H:273 F:38
				84A5C4 29 FF 00    AND #$00FF             A:1310 X:C94F Y:BF34 S:0121 D:0E68 DB:86 nvmxdizc V: 11 H:282 F:38
				84A5C7 8D 08 00    STA $0008     [860008] A:0010 X:C94F Y:BF34 S:0121 D:0E68 DB:86 nvmxdizc V: 11 H:287 F:38
				84A5CA 68          PLA                    A:0010 X:C94F Y:BF34 S:0121 D:0E68 DB:86 nvmxdizc V: 11 H:295 F:38
				84A5CB 38          SEC                    A:147C X:C94F Y:BF34 S:0123 D:0E68 DB:86 nvmxdizc V: 11 H:304 F:38
				84A5CC ED 08 00    SBC $0008     [860008] A:147C X:C94F Y:BF34 S:0123 D:0E68 DB:86 nvmxdizC V: 11 H:307 F:38
				84A5CF 18          CLC                    A:146C X:C94F Y:BF34 S:0123 D:0E68 DB:86 nvmxdizC V: 11 H:315 F:38
				84A5D0 6D 04 00    ADC $0004     [860004] A:146C X:C94F Y:BF34 S:0123 D:0E68 DB:86 nvmxdizc V: 11 H:318 F:38
				84A5D3 8D 00 00    STA $0000     [860000] A:146D X:C94F Y:BF34 S:0123 D:0E68 DB:86 nvmxdizc V: 11 H:326 F:38
				84A5D6 80 0D       BRA $000D     [84A5E5] A:146D X:C94F Y:BF34 S:0123 D:0E68 DB:86 nvmxdizc V: 11 H:334 F:38
				84A5E5 E2 20       SEP #$20               A:146D X:C94F Y:BF34 S:0123 D:0E68 DB:86 nvmxdizc V: 11 H:339 F:38
				84A5E7 B9 03 00    LDA $0003,Y   [86BF37] A:146D X:C94F Y:BF34 S:0123 D:0E68 DB:86 nvMxdizc V: 12 H:  3 F:38
				84A5EA CD 06 00    CMP $0006     [860006] A:140A X:C94F Y:BF34 S:0123 D:0E68 DB:86 nvMxdizc V: 12 H: 11 F:38
				84A5ED 90 5D       BCC $005D     [84A64C] A:140A X:C94F Y:BF34 S:0123 D:0E68 DB:86 nvMxdizC V: 12 H: 17 F:38
				84A5EF 4E 07 00    LSR $0007     [860007] A:140A X:C94F Y:BF34 S:0123 D:0E68 DB:86 nvMxdizC V: 12 H: 20 F:38
				84A5F2 6E 06 00    ROR $0006     [860006] A:140A X:C94F Y:BF34 S:0123 D:0E68 DB:86 nvMxdiZc V: 12 H: 30 F:38
				84A5F5 AD 03 00    LDA $0003     [860003] A:140A X:C94F Y:BF34 S:0123 D:0E68 DB:86 nvMxdizc V: 12 H: 40 F:38
				84A5F8 30 28       BMI $0028     [84A622] A:1400 X:C94F Y:BF34 S:0123 D:0E68 DB:86 nvMxdiZc V: 12 H: 47 F:38
				84A5FA BD 01 00    LDA $0001,X   [86C950] A:1400 X:C94F Y:BF34 S:0123 D:0E68 DB:86 nvMxdiZc V: 12 H: 50 F:38
				84A5FD C2 20       REP #$20               A:14FF X:C94F Y:BF34 S:0123 D:0E68 DB:86 NvMxdizc V: 12 H: 57 F:38
				84A5FF 30 05       BMI $0005     [84A606] A:14FF X:C94F Y:BF34 S:0123 D:0E68 DB:86 Nvmxdizc V: 12 H: 62 F:38
				84A606 09 00 FF    ORA #$FF00             A:14FF X:C94F Y:BF34 S:0123 D:0E68 DB:86 Nvmxdizc V: 12 H: 66 F:38
				84A609 18          CLC                    A:FFFF X:C94F Y:BF34 S:0123 D:0E68 DB:86 Nvmxdizc V: 12 H: 71 F:38
				84A60A 65 08       ADC $08       [000E70] A:FFFF X:C94F Y:BF34 S:0123 D:0E68 DB:86 Nvmxdizc V: 12 H: 74 F:38
				84A60C 8D 08 00    STA $0008     [860008] A:0A84 X:C94F Y:BF34 S:0123 D:0E68 DB:86 nvmxdizC V: 12 H: 82 F:38
				84A60F BD 03 00    LDA $0003,X   [86C952] A:0A84 X:C94F Y:BF34 S:0123 D:0E68 DB:86 nvmxdizC V: 12 H: 91 F:38
				84A612 29 FF 00    AND #$00FF             A:0013 X:C94F Y:BF34 S:0123 D:0E68 DB:86 nvmxdizC V: 12 H:100 F:38
				84A615 18          CLC                    A:0013 X:C94F Y:BF34 S:0123 D:0E68 DB:86 nvmxdizC V: 12 H:104 F:38
				84A616 6D 08 00    ADC $0008     [860008] A:0013 X:C94F Y:BF34 S:0123 D:0E68 DB:86 nvmxdizc V: 12 H:107 F:38
				84A619 38          SEC                    A:0A97 X:C94F Y:BF34 S:0123 D:0E68 DB:86 nvmxdizc V: 12 H:116 F:38
				84A61A ED 06 00    SBC $0006     [860006] A:0A97 X:C94F Y:BF34 S:0123 D:0E68 DB:86 nvmxdizC V: 12 H:119 F:38
				84A61D 8D 02 00    STA $0002     [860002] A:0A94 X:C94F Y:BF34 S:0123 D:0E68 DB:86 nvmxdizC V: 12 H:127 F:38
				84A620 80 35       BRA $0035     [84A657] A:0A94 X:C94F Y:BF34 S:0123 D:0E68 DB:86 nvmxdizC V: 12 H:146 F:38
				84A657 28          PLP                    A:0A94 X:C94F Y:BF34 S:0123 D:0E68 DB:86 nvmxdizC V: 12 H:150 F:38
				84A658 6B          RTL                    A:0A94 X:C94F Y:BF34 S:0124 D:0E68 DB:86 nvMxdiZc V: 12 H:157 F:38

			849ED2 FA          PLX                    A:0A94 X:C94F Y:BF34 S:0127 D:0E68 DB:86 nvMxdiZc V: 12 H:167 F:38
			849ED3 C2 20       REP #$20               A:0A94 X:1228 Y:BF34 S:0129 D:0E68 DB:86 nvMxdizc V: 12 H:176 F:38
			849ED5 AD 00 00    LDA $0000     [860000] A:0A94 X:1228 Y:BF34 S:0129 D:0E68 DB:86 nvmxdizc V: 12 H:180 F:38
			849ED8 9D 33 00    STA $0033,X   [86125B] A:146D X:1228 Y:BF34 S:0129 D:0E68 DB:86 nvmxdizc V: 12 H:189 F:38
			849EDB AD 02 00    LDA $0002     [860002] A:146D X:1228 Y:BF34 S:0129 D:0E68 DB:86 nvmxdizc V: 12 H:199 F:38
			849EDE 9D 35 00    STA $0035,X   [86125D] A:0A94 X:1228 Y:BF34 S:0129 D:0E68 DB:86 nvmxdizc V: 12 H:207 F:38
			849EE1 E2 30       SEP #$30               A:0A94 X:1228 Y:BF34 S:0129 D:0E68 DB:86 nvmxdizc V: 12 H:217 F:38
			849EE3 68          PLA                    A:0A94 X:0028 Y:0034 S:0129 D:0E68 DB:86 nvMXdizc V: 12 H:222 F:38
			849EE4 F0 02       BEQ $0002     [849EE8] A:0A00 X:0028 Y:0034 S:012A D:0E68 DB:86 nvMXdiZc V: 12 H:228 F:38
			849EE8 68          PLA                    A:0A00 X:0028 Y:0034 S:012A D:0E68 DB:86 nvMXdiZc V: 12 H:233 F:38
			849EE9 6B          RTL                    A:0A01 X:0028 Y:0034 S:012B D:0E68 DB:86 nvMXdizc V: 12 H:239 F:38

		83B32E 50 2A       BVC $002A     [83B35A] A:0A01 X:0028 Y:0034 S:012E D:0E68 DB:86 nvMXdizc V: 12 H:250 F:38		Branch because V=0 (MMXShot hit with damage)
		83B35A F0 6B       BEQ $006B     [83B3C7] A:0A01 X:0028 Y:0034 S:012E D:0E68 DB:86 nvMXdizc V: 12 H:254 F:38
		83B35C A5 38       LDA $38       [000EA0] A:0A01 X:0028 Y:0034 S:012E D:0E68 DB:86 nvMXdizc V: 12 H:257 F:38
		83B35E F0 06       BEQ $0006     [83B366] A:0A00 X:0028 Y:0034 S:012E D:0E68 DB:86 nvMXdiZc V: 12 H:264 F:38		Branch because E-$38 = #$00
		83B366 A9 3C       LDA #$3C               A:0A00 X:0028 Y:0034 S:012E D:0E68 DB:86 nvMXdiZc V: 12 H:268 F:38
		83B368 85 38       STA $38       [000EA0] A:0A3C X:0028 Y:0034 S:012E D:0E68 DB:86 nvMXdizc V: 12 H:271 F:38		E-$38 = #$3C
		83B36A A5 02       LDA $02       [000E6A] A:0A3C X:0028 Y:0034 S:012E D:0E68 DB:86 nvMXdizc V: 12 H:278 F:38
		83B36C D0 06       BNE $0006     [83B374] A:0A00 X:0028 Y:0034 S:012E D:0E68 DB:86 nvMXdiZc V: 12 H:284 F:38		Branch if E-Action <> #$00
		83B36E A5 03       LDA $03       [000E6B] A:0A00 X:0028 Y:0034 S:012E D:0E68 DB:86 nvMXdiZc V: 12 H:287 F:38
		83B370 C9 0C       CMP #$0C               A:0A0C X:0028 Y:0034 S:012E D:0E68 DB:86 nvMXdizc V: 12 H:294 F:38
		83B372 90 26       BCC $0026     [83B39A] A:0A0C X:0028 Y:0034 S:012E D:0E68 DB:86 nvMXdiZC V: 12 H:297 F:38		Branch if Subaction < #$0C
		83B374 A9 08       LDA #$08               A:0A0C X:0028 Y:0034 S:012E D:0E68 DB:86 nvMXdiZC V: 12 H:300 F:38
		83B376 85 02       STA $02       [000E6A] A:0A08 X:0028 Y:0034 S:012E D:0E68 DB:86 nvMXdizC V: 12 H:303 F:38		Action = #$08
		83B378 64 03       STZ $03       [000E6B] A:0A08 X:0028 Y:0034 S:012E D:0E68 DB:86 nvMXdizC V: 12 H:309 F:38		Subaction = #$00
		83B37A A9 40       LDA #$40               A:0A08 X:0028 Y:0034 S:012E D:0E68 DB:86 nvMXdizC V: 12 H:316 F:38		|E-Facing = CurrMMXShotFac
		83B37C 14 11       TRB $11       [000E79] A:0A40 X:0028 Y:0034 S:012E D:0E68 DB:86 nvMXdizC V: 12 H:319 F:38		|
		83B37E AD 1B 1F    LDA $1F1B     [861F1B] A:0A40 X:0028 Y:0034 S:012E D:0E68 DB:86 nvMXdiZC V: 12 H:328 F:38		|
		83B381 04 11       TSB $11       [000E79] A:0A00 X:0028 Y:0034 S:012E D:0E68 DB:86 nvMXdiZC V: 12 H:334 F:38		|
		83B383 A5 33       LDA $33       [000E9B] A:0A00 X:0028 Y:0034 S:012E D:0E68 DB:86 nvMXdiZC V: 13 H:  4 F:38
		83B385 D0 13       BNE $0013     [83B39A] A:0A00 X:0028 Y:0034 S:012E D:0E68 DB:86 nvMXdiZC V: 13 H: 11 F:38		Branch if E-$33 <> #$00
		83B387 AD 1D 1F    LDA $1F1D     [861F1D] A:0A00 X:0028 Y:0034 S:012E D:0E68 DB:86 nvMXdiZC V: 13 H: 14 F:38
		83B38A C9 0C       CMP #$0C               A:0A0C X:0028 Y:0034 S:012E D:0E68 DB:86 nvMXdizC V: 13 H: 20 F:38
		83B38C F0 04       BEQ $0004     [83B392] A:0A0C X:0028 Y:0034 S:012E D:0E68 DB:86 nvMXdiZC V: 13 H: 23 F:38		Branch because CurrMMXShotID = #$0C
		83B392 A9 02       LDA #$02               A:0A0C X:0028 Y:0034 S:012E D:0E68 DB:86 nvMXdiZC V: 13 H: 28 F:38
		83B394 85 03       STA $03       [000E6B] A:0A02 X:0028 Y:0034 S:012E D:0E68 DB:86 nvMXdizC V: 13 H: 31 F:38		Subaction = #$02
		83B396 A9 B4       LDA #$B4               A:0A02 X:0028 Y:0034 S:012E D:0E68 DB:86 nvMXdizC V: 13 H: 37 F:38
		83B398 85 38       STA $38       [000EA0] A:0AB4 X:0028 Y:0034 S:012E D:0E68 DB:86 NvMXdizC V: 13 H: 40 F:38		E-$38 = #$B4
		83B39A A9 13       LDA #$13               A:0AB4 X:0028 Y:0034 S:012E D:0E68 DB:86 NvMXdizC V: 13 H: 47 F:38
		83B39C 22 A2 88 80 JSL $8088A2   [8088A2] A:0A13 X:0028 Y:0034 S:012E D:0E68 DB:86 nvMXdizC V: 13 H: 50 F:38		JSL $8088A2 --> Play Sound Effect (A = Sound Effect ID)

			8088A2 DA          PHX                    A:0A13 X:0028 Y:0034 S:012B D:0E68 DB:86 nvMXdizC V: 13 H: 63 F:38
			8088A3 5A          PHY                    A:0A13 X:0028 Y:0034 S:012A D:0E68 DB:86 nvMXdizC V: 13 H: 68 F:38
			8088A4 08          PHP                    A:0A13 X:0028 Y:0034 S:0129 D:0E68 DB:86 nvMXdizC V: 13 H: 73 F:38
			8088A5 C2 20       REP #$20               A:0A13 X:0028 Y:0034 S:0128 D:0E68 DB:86 nvMXdizC V: 13 H: 78 F:38
			8088A7 E2 10       SEP #$10               A:0A13 X:0028 Y:0034 S:0128 D:0E68 DB:86 nvmXdizC V: 13 H: 83 F:38
			8088A9 48          PHA                    A:0A13 X:0028 Y:0034 S:0128 D:0E68 DB:86 nvmXdizC V: 13 H: 87 F:38
			8088AA A5 05       LDA $05       [000E6D] A:0A13 X:0028 Y:0034 S:0126 D:0E68 DB:86 nvmXdizC V: 13 H: 94 F:38
			8088AC 38          SEC                    A:147C X:0028 Y:0034 S:0126 D:0E68 DB:86 nvmXdizC V: 13 H:103 F:38
			8088AD ED AD 0B    SBC $0BAD     [860BAD] A:147C X:0028 Y:0034 S:0126 D:0E68 DB:86 nvmXdizC V: 13 H:106 F:38
			8088B0 10 0E       BPL $000E     [8088C0] A:0065 X:0028 Y:0034 S:0126 D:0E68 DB:86 nvmXdizC V: 13 H:114 F:38
			8088C0 4A          LSR A                  A:0065 X:0028 Y:0034 S:0126 D:0E68 DB:86 nvmXdizC V: 13 H:119 F:38
			8088C1 C9 7F 00    CMP #$007F             A:0032 X:0028 Y:0034 S:0126 D:0E68 DB:86 nvmXdizC V: 13 H:122 F:38
			8088C4 30 03       BMI $0003     [8088C9] A:0032 X:0028 Y:0034 S:0126 D:0E68 DB:86 NvmXdizc V: 13 H:126 F:38
			8088C9 A8          TAY                    A:0032 X:0028 Y:0034 S:0126 D:0E68 DB:86 NvmXdizc V: 13 H:131 F:38
			8088CA 68          PLA                    A:0032 X:0028 Y:0032 S:0126 D:0E68 DB:86 nvmXdizc V: 13 H:134 F:38
			8088CB 80 07       BRA $0007     [8088D4] A:0A13 X:0028 Y:0032 S:0128 D:0E68 DB:86 nvmXdizc V: 13 H:152 F:38
			8088D4 E2 31       SEP #$31               A:0A13 X:0028 Y:0032 S:0128 D:0E68 DB:86 nvmXdizc V: 13 H:157 F:38
			8088D6 AE A3 0B    LDX $0BA3     [860BA3] A:0A13 X:0028 Y:0032 S:0128 D:0E68 DB:86 nvMXdizC V: 13 H:161 F:38
			8088D9 9D 72 0B    STA $0B72,X   [860B7C] A:0A13 X:000A Y:0032 S:0128 D:0E68 DB:86 nvMXdizC V: 13 H:168 F:38
			8088DC 98          TYA                    A:0A13 X:000A Y:0032 S:0128 D:0E68 DB:86 nvMXdizC V: 13 H:176 F:38
			8088DD 9D 73 0B    STA $0B73,X   [860B7D] A:0A32 X:000A Y:0032 S:0128 D:0E68 DB:86 nvMXdizC V: 13 H:179 F:38
			8088E0 E8          INX                    A:0A32 X:000A Y:0032 S:0128 D:0E68 DB:86 nvMXdizC V: 13 H:187 F:38
			8088E1 E8          INX                    A:0A32 X:000B Y:0032 S:0128 D:0E68 DB:86 nvMXdizC V: 13 H:190 F:38
			8088E2 8A          TXA                    A:0A32 X:000C Y:0032 S:0128 D:0E68 DB:86 nvMXdizC V: 13 H:193 F:38
			8088E3 29 1E       AND #$1E               A:0A0C X:000C Y:0032 S:0128 D:0E68 DB:86 nvMXdizC V: 13 H:196 F:38
			8088E5 8D A3 0B    STA $0BA3     [860BA3] A:0A0C X:000C Y:0032 S:0128 D:0E68 DB:86 nvMXdizC V: 13 H:199 F:38
			8088E8 28          PLP                    A:0A0C X:000C Y:0032 S:0128 D:0E68 DB:86 nvMXdizC V: 13 H:205 F:38
			8088E9 7A          PLY                    A:0A0C X:000C Y:0032 S:0129 D:0E68 DB:86 nvMXdizC V: 13 H:212 F:38
			8088EA FA          PLX                    A:0A0C X:000C Y:0034 S:012A D:0E68 DB:86 nvMXdizC V: 13 H:218 F:38
			8088EB 6B          RTL                    A:0A0C X:0028 Y:0034 S:012B D:0E68 DB:86 nvMXdizC V: 13 H:225 F:38

		83B3A0 A5 27       LDA $27       [000E8F] A:0A0C X:0028 Y:0034 S:012E D:0E68 DB:86 nvMXdizC V: 13 H:235 F:38
		83B3A2 29 7F       AND #$7F               A:0A9C X:0028 Y:0034 S:012E D:0E68 DB:86 NvMXdizC V: 13 H:242 F:38
		83B3A4 D0 21       BNE $0021     [83B3C7] A:0A1C X:0028 Y:0034 S:012E D:0E68 DB:86 nvMXdizC V: 13 H:245 F:38
		83B3C7 22 03 9B 84 JSL $849B03   [849B03] A:0A1C X:0028 Y:0034 S:012E D:0E68 DB:86 nvMXdizC V: 13 H:249 F:38		JSL $849B03 --> Various general checks

			849B03 C2 10       REP #$10               A:0A1C X:0028 Y:0034 S:012B D:0E68 DB:86 nvMXdizC V: 13 H:263 F:38
			849B05 A5 27       LDA $27       [000E8F] A:0A1C X:0028 Y:0034 S:012B D:0E68 DB:86 nvMxdizC V: 13 H:267 F:38
			849B07 F0 70       BEQ $0070     [849B79] A:0A9C X:0028 Y:0034 S:012B D:0E68 DB:86 NvMxdizC V: 13 H:274 F:38
			849B09 A5 0E       LDA $0E       [000E76] A:0A9C X:0028 Y:0034 S:012B D:0E68 DB:86 NvMxdizC V: 13 H:277 F:38
			849B0B F0 31       BEQ $0031     [849B3E] A:0A01 X:0028 Y:0034 S:012B D:0E68 DB:86 nvMxdizC V: 13 H:283 F:38
			849B0D AD 0C 1F    LDA $1F0C     [861F0C] A:0A01 X:0028 Y:0034 S:012B D:0E68 DB:86 nvMxdizC V: 13 H:286 F:38
			849B10 D0 2C       BNE $002C     [849B3E] A:0A00 X:0028 Y:0034 S:012B D:0E68 DB:86 nvMxdiZC V: 13 H:293 F:38
			849B12 AD 32 0C    LDA $0C32     [860C32] A:0A00 X:0028 Y:0034 S:012B D:0E68 DB:86 nvMxdiZC V: 13 H:296 F:38
			849B15 D0 11       BNE $0011     [849B28] A:0A00 X:0028 Y:0034 S:012B D:0E68 DB:86 nvMxdiZC V: 13 H:302 F:38
			849B17 AD 30 0C    LDA $0C30     [860C30] A:0A00 X:0028 Y:0034 S:012B D:0E68 DB:86 nvMxdiZC V: 13 H:305 F:38
			849B1A D0 0C       BNE $000C     [849B28] A:0A00 X:0028 Y:0034 S:012B D:0E68 DB:86 nvMxdiZC V: 13 H:312 F:38
			849B1C A2 A8 0B    LDX #$0BA8             A:0A00 X:0028 Y:0034 S:012B D:0E68 DB:86 nvMxdiZC V: 13 H:315 F:38
			849B1F 22 0E 9C 84 JSL $849C0E   [849C0E] A:0A00 X:0BA8 Y:0034 S:012B D:0E68 DB:86 nvMxdizC V: 13 H:319 F:38

				849C0E 5A          PHY                    A:0A00 X:0BA8 Y:0034 S:0128 D:0E68 DB:86 nvMxdizC V: 13 H:332 F:38
				849C0F A4 20       LDY $20       [000E88] A:0A00 X:0BA8 Y:0034 S:0126 D:0E68 DB:86 nvMxdizC V: 13 H:339 F:38
				849C11 D0 03       BNE $0003     [849C16] A:0A00 X:0BA8 Y:C94F S:0126 D:0E68 DB:86 NvMxdizC V: 14 H:  7 F:38
				849C16 BC 20 00    LDY $0020,X   [860BC8] A:0A00 X:0BA8 Y:C94F S:0126 D:0E68 DB:86 NvMxdizC V: 14 H: 12 F:38
				849C19 D0 03       BNE $0003     [849C1E] A:0A00 X:0BA8 Y:A552 S:0126 D:0E68 DB:86 NvMxdizC V: 14 H: 22 F:38
				849C1E C2 20       REP #$20               A:0A00 X:0BA8 Y:A552 S:0126 D:0E68 DB:86 NvMxdizC V: 14 H: 26 F:38
				849C20 DA          PHX                    A:0A00 X:0BA8 Y:A552 S:0126 D:0E68 DB:86 NvmxdizC V: 14 H: 31 F:38
				849C21 BD 05 00    LDA $0005,X   [860BAD] A:0A00 X:0BA8 Y:A552 S:0124 D:0E68 DB:86 NvmxdizC V: 14 H: 38 F:38
				849C24 8D 04 00    STA $0004     [860004] A:1417 X:0BA8 Y:A552 S:0124 D:0E68 DB:86 nvmxdizC V: 14 H: 48 F:38
				849C27 BD 08 00    LDA $0008,X   [860BB0] A:1417 X:0BA8 Y:A552 S:0124 D:0E68 DB:86 nvmxdizC V: 14 H: 56 F:38
				849C2A 8D 06 00    STA $0006     [860006] A:0A9F X:0BA8 Y:A552 S:0124 D:0E68 DB:86 nvmxdizC V: 14 H: 66 F:38
				849C2D A5 05       LDA $05       [000E6D] A:0A9F X:0BA8 Y:A552 S:0124 D:0E68 DB:86 nvmxdizC V: 14 H: 75 F:38
				849C2F 8D 0C 00    STA $000C     [86000C] A:147C X:0BA8 Y:A552 S:0124 D:0E68 DB:86 nvmxdizC V: 14 H: 83 F:38
				849C32 A5 08       LDA $08       [000E70] A:147C X:0BA8 Y:A552 S:0124 D:0E68 DB:86 nvmxdizC V: 14 H: 92 F:38
				849C34 8D 0E 00    STA $000E     [86000E] A:0A85 X:0BA8 Y:A552 S:0124 D:0E68 DB:86 nvmxdizC V: 14 H:100 F:38
				849C37 E2 20       SEP #$20               A:0A85 X:0BA8 Y:A552 S:0124 D:0E68 DB:86 nvmxdizC V: 14 H:109 F:38
				849C39 BD 11 00    LDA $0011,X   [860BB9] A:0A85 X:0BA8 Y:A552 S:0124 D:0E68 DB:86 nvMxdizC V: 14 H:113 F:38
				849C3C 8D 08 00    STA $0008     [860008] A:0A62 X:0BA8 Y:A552 S:0124 D:0E68 DB:86 nvMxdizC V: 14 H:121 F:38
				849C3F A5 11       LDA $11       [000E79] A:0A62 X:0BA8 Y:A552 S:0124 D:0E68 DB:86 nvMxdizC V: 14 H:128 F:38
				849C41 8D 09 00    STA $0009     [860009] A:0A2B X:0BA8 Y:A552 S:0124 D:0E68 DB:86 nvMxdizC V: 14 H:144 F:38
				849C44 BC 20 00    LDY $0020,X   [860BC8] A:0A2B X:0BA8 Y:A552 S:0124 D:0E68 DB:86 nvMxdizC V: 14 H:151 F:38
				849C47 A6 20       LDX $20       [000E88] A:0A2B X:0BA8 Y:A552 S:0124 D:0E68 DB:86 NvMxdizC V: 14 H:161 F:38
				849C49 0B          PHD                    A:0A2B X:C94F Y:A552 S:0124 D:0E68 DB:86 NvMxdizC V: 14 H:169 F:38
				849C4A F4 00 00    PEA $0000              A:0A2B X:C94F Y:A552 S:0122 D:0E68 DB:86 NvMxdizC V: 14 H:176 F:38
				849C4D 2B          PLD                    A:0A2B X:C94F Y:A552 S:0120 D:0E68 DB:86 NvMxdizC V: 14 H:185 F:38
				849C4E BD 02 00    LDA $0002,X   [86C951] A:0A2B X:C94F Y:A552 S:0122 D:0000 DB:86 nvMxdiZC V: 14 H:193 F:38
				849C51 18          CLC                    A:0A10 X:C94F Y:A552 S:0122 D:0000 DB:86 nvMxdizC V: 14 H:201 F:38
				849C52 79 02 00    ADC $0002,Y   [86A554] A:0A10 X:C94F Y:A552 S:0122 D:0000 DB:86 nvMxdizc V: 14 H:204 F:38
				849C55 85 00       STA $00       [000000] A:0A16 X:C94F Y:A552 S:0122 D:0000 DB:86 nvMxdizc V: 14 H:211 F:38
				849C57 64 01       STZ $01       [000001] A:0A16 X:C94F Y:A552 S:0122 D:0000 DB:86 nvMxdizc V: 14 H:216 F:38
				849C59 BD 03 00    LDA $0003,X   [86C952] A:0A16 X:C94F Y:A552 S:0122 D:0000 DB:86 nvMxdizc V: 14 H:221 F:38
				849C5C 18          CLC                    A:0A13 X:C94F Y:A552 S:0122 D:0000 DB:86 nvMxdizc V: 14 H:229 F:38
				849C5D 79 03 00    ADC $0003,Y   [86A555] A:0A13 X:C94F Y:A552 S:0122 D:0000 DB:86 nvMxdizc V: 14 H:232 F:38
				849C60 85 02       STA $02       [000002] A:0A21 X:C94F Y:A552 S:0122 D:0000 DB:86 nvMxdizc V: 14 H:239 F:38
				849C62 64 03       STZ $03       [000003] A:0A21 X:C94F Y:A552 S:0122 D:0000 DB:86 nvMxdizc V: 14 H:244 F:38
				849C64 C2 21       REP #$21               A:0A21 X:C94F Y:A552 S:0122 D:0000 DB:86 nvMxdizc V: 14 H:249 F:38
				849C66 B9 00 00    LDA $0000,Y   [86A552] A:0A21 X:C94F Y:A552 S:0122 D:0000 DB:86 nvmxdizc V: 14 H:254 F:38
				849C69 29 FF 00    AND #$00FF             A:FF00 X:C94F Y:A552 S:0122 D:0000 DB:86 Nvmxdizc V: 14 H:263 F:38
				849C6C 89 80 00    BIT #$0080             A:0000 X:C94F Y:A552 S:0122 D:0000 DB:86 nvmxdiZc V: 14 H:267 F:38
				849C6F F0 03       BEQ $0003     [849C74] A:0000 X:C94F Y:A552 S:0122 D:0000 DB:86 nvmxdiZc V: 14 H:272 F:38
				849C74 24 07       BIT $07       [000007] A:0000 X:C94F Y:A552 S:0122 D:0000 DB:86 nvmxdiZc V: 14 H:276 F:38
				849C76 50 04       BVC $0004     [849C7C] A:0000 X:C94F Y:A552 S:0122 D:0000 DB:86 nVmxdiZc V: 14 H:283 F:38
				849C78 49 FF FF    EOR #$FFFF             A:0000 X:C94F Y:A552 S:0122 D:0000 DB:86 nVmxdiZc V: 14 H:286 F:38
				849C7B 1A          INC                    A:FFFF X:C94F Y:A552 S:0122 D:0000 DB:86 NVmxdizc V: 14 H:291 F:38
				849C7C 85 0A       STA $0A       [00000A] A:0000 X:C94F Y:A552 S:0122 D:0000 DB:86 nVmxdiZc V: 14 H:294 F:38
				849C7E 64 10       STZ $10       [000010] A:0000 X:C94F Y:A552 S:0122 D:0000 DB:86 nVmxdiZc V: 14 H:301 F:38
				849C80 BD 00 00    LDA $0000,X   [86C94F] A:0000 X:C94F Y:A552 S:0122 D:0000 DB:86 nVmxdiZc V: 14 H:308 F:38
				849C83 29 FF 00    AND #$00FF             A:FF00 X:C94F Y:A552 S:0122 D:0000 DB:86 NVmxdizc V: 14 H:317 F:38
				849C86 89 80 00    BIT #$0080             A:0000 X:C94F Y:A552 S:0122 D:0000 DB:86 nVmxdiZc V: 14 H:321 F:38
				849C89 F0 03       BEQ $0003     [849C8E] A:0000 X:C94F Y:A552 S:0122 D:0000 DB:86 nVmxdiZc V: 14 H:325 F:38
				849C8E 24 08       BIT $08       [000008] A:0000 X:C94F Y:A552 S:0122 D:0000 DB:86 nVmxdiZc V: 14 H:329 F:38
				849C90 50 04       BVC $0004     [849C96] A:0000 X:C94F Y:A552 S:0122 D:0000 DB:86 nvmxdiZc V: 14 H:336 F:38
				849C96 65 0C       ADC $0C       [00000C] A:0000 X:C94F Y:A552 S:0122 D:0000 DB:86 nvmxdiZc V: 15 H:  1 F:38
				849C98 38          SEC                    A:147C X:C94F Y:A552 S:0122 D:0000 DB:86 nvmxdizc V: 15 H:  8 F:38
				849C99 E5 04       SBC $04       [000004] A:147C X:C94F Y:A552 S:0122 D:0000 DB:86 nvmxdizC V: 15 H: 11 F:38
				849C9B 38          SEC                    A:0065 X:C94F Y:A552 S:0122 D:0000 DB:86 nvmxdizC V: 15 H: 18 F:38
				849C9C E5 0A       SBC $0A       [00000A] A:0065 X:C94F Y:A552 S:0122 D:0000 DB:86 nvmxdizC V: 15 H: 21 F:38
				849C9E 10 06       BPL $0006     [849CA6] A:0065 X:C94F Y:A552 S:0122 D:0000 DB:86 nvmxdizC V: 15 H: 28 F:38
				849CA6 85 04       STA $04       [000004] A:0065 X:C94F Y:A552 S:0122 D:0000 DB:86 nvmxdizC V: 15 H: 32 F:38
				849CA8 A5 00       LDA $00       [000000] A:0065 X:C94F Y:A552 S:0122 D:0000 DB:86 nvmxdizC V: 15 H: 39 F:38
				849CAA 38          SEC                    A:0016 X:C94F Y:A552 S:0122 D:0000 DB:86 nvmxdizC V: 15 H: 46 F:38
				849CAB E5 04       SBC $04       [000004] A:0016 X:C94F Y:A552 S:0122 D:0000 DB:86 nvmxdizC V: 15 H: 49 F:38
				849CAD 1A          INC                    A:FFB1 X:C94F Y:A552 S:0122 D:0000 DB:86 Nvmxdizc V: 15 H: 56 F:38
				849CAE 85 04       STA $04       [000004] A:FFB2 X:C94F Y:A552 S:0122 D:0000 DB:86 Nvmxdizc V: 15 H: 59 F:38
				849CB0 24 0F       BIT $0F       [00000F] A:FFB2 X:C94F Y:A552 S:0122 D:0000 DB:86 Nvmxdizc V: 15 H: 66 F:38
				849CB2 30 04       BMI $0004     [849CB8] A:FFB2 X:C94F Y:A552 S:0122 D:0000 DB:86 nvmxdizc V: 15 H: 73 F:38
				849CB4 49 FF FF    EOR #$FFFF             A:FFB2 X:C94F Y:A552 S:0122 D:0000 DB:86 nvmxdizc V: 15 H: 76 F:38
				849CB7 1A          INC                    A:004D X:C94F Y:A552 S:0122 D:0000 DB:86 nvmxdizc V: 15 H: 81 F:38
				849CB8 85 00       STA $00       [000000] A:004E X:C94F Y:A552 S:0122 D:0000 DB:86 nvmxdizc V: 15 H: 84 F:38
				849CBA 90 45       BCC $0045     [849D01] A:004E X:C94F Y:A552 S:0122 D:0000 DB:86 nvmxdizc V: 15 H: 91 F:38
				849D01 E2 20       SEP #$20               A:004E X:C94F Y:A552 S:0122 D:0000 DB:86 nvmxdizc V: 15 H: 95 F:38
				849D03 2B          PLD                    A:004E X:C94F Y:A552 S:0122 D:0000 DB:86 nvMxdizc V: 15 H:100 F:38
				849D04 FA          PLX                    A:004E X:C94F Y:A552 S:0124 D:0E68 DB:86 nvMxdizc V: 15 H:108 F:38
				849D05 7A          PLY                    A:004E X:0BA8 Y:A552 S:0126 D:0E68 DB:86 nvMxdizc V: 15 H:117 F:38
				849D06 6B          RTL                    A:004E X:0BA8 Y:0034 S:0128 D:0E68 DB:86 nvMxdizc V: 15 H:125 F:38

			849B23 90 19       BCC $0019     [849B3E] A:004E X:0BA8 Y:0034 S:012B D:0E68 DB:86 nvMxdizc V: 15 H:146 F:38
			849B3E E2 10       SEP #$10               A:004E X:0BA8 Y:0034 S:012B D:0E68 DB:86 nvMxdizc V: 15 H:150 F:38
			849B40 A9 00       LDA #$00               A:004E X:00A8 Y:0034 S:012B D:0E68 DB:86 nvMXdizc V: 15 H:155 F:38
			849B42 6B          RTL                    A:0000 X:00A8 Y:0034 S:012B D:0E68 DB:86 nvMXdiZc V: 15 H:158 F:38

		83B3CB AD CF 0B    LDA $0BCF     [860BCF] A:0000 X:00A8 Y:0034 S:012E D:0E68 DB:86 nvMXdiZc V: 15 H:168 F:38
		83B3CE 29 7F       AND #$7F               A:0020 X:00A8 Y:0034 S:012E D:0E68 DB:86 nvMXdizc V: 15 H:175 F:38
		83B3D0 D0 04       BNE $0004     [83B3D6] A:0020 X:00A8 Y:0034 S:012E D:0E68 DB:86 nvMXdizc V: 15 H:178 F:38
		83B3D6 5C B4 80 82 JML $8280B4   [8280B4] A:0020 X:00A8 Y:0034 S:012E D:0E68 DB:86 nvMXdizc V: 15 H:182 F:38
		8280B4 C2 20       REP #$20               A:0020 X:00A8 Y:0034 S:012E D:0E68 DB:86 nvMXdizc V: 15 H:188 F:38
		8280B6 38          SEC                    A:0020 X:00A8 Y:0034 S:012E D:0E68 DB:86 nvmXdizc V: 15 H:193 F:38
		8280B7 A5 05       LDA $05       [000E6D] A:0020 X:00A8 Y:0034 S:012E D:0E68 DB:86 nvmXdizC V: 15 H:196 F:38
		8280B9 ED 4D 1E    SBC $1E4D     [861E4D] A:147C X:00A8 Y:0034 S:012E D:0E68 DB:86 nvmXdizC V: 15 H:204 F:38
		8280BC 18          CLC                    A:007C X:00A8 Y:0034 S:012E D:0E68 DB:86 nvmXdizC V: 15 H:213 F:38
		8280BD 69 20 00    ADC #$0020             A:007C X:00A8 Y:0034 S:012E D:0E68 DB:86 nvmXdizc V: 15 H:216 F:38
		8280C0 C9 40 01    CMP #$0140             A:009C X:00A8 Y:0034 S:012E D:0E68 DB:86 nvmXdizc V: 15 H:220 F:38
		8280C3 B0 0F       BCS $000F     [8280D4] A:009C X:00A8 Y:0034 S:012E D:0E68 DB:86 NvmXdizc V: 15 H:225 F:38
		8280C5 38          SEC                    A:009C X:00A8 Y:0034 S:012E D:0E68 DB:86 NvmXdizc V: 15 H:228 F:38
		8280C6 A5 08       LDA $08       [000E70] A:009C X:00A8 Y:0034 S:012E D:0E68 DB:86 NvmXdizC V: 15 H:231 F:38
		8280C8 ED 50 1E    SBC $1E50     [861E50] A:0A85 X:00A8 Y:0034 S:012E D:0E68 DB:86 nvmXdizC V: 15 H:239 F:38
		8280CB 18          CLC                    A:0085 X:00A8 Y:0034 S:012E D:0E68 DB:86 nvmXdizC V: 15 H:248 F:38
		8280CC 69 10 00    ADC #$0010             A:0085 X:00A8 Y:0034 S:012E D:0E68 DB:86 nvmXdizc V: 15 H:251 F:38
		8280CF C9 00 01    CMP #$0100             A:0095 X:00A8 Y:0034 S:012E D:0E68 DB:86 nvmXdizc V: 15 H:255 F:38
		8280D2 90 05       BCC $0005     [8280D9] A:0095 X:00A8 Y:0034 S:012E D:0E68 DB:86 NvmXdizc V: 15 H:260 F:38
		8280D9 E2 20       SEP #$20               A:0095 X:00A8 Y:0034 S:012E D:0E68 DB:86 NvmXdizc V: 15 H:264 F:38
		8280DB A9 81       LDA #$81               A:0095 X:00A8 Y:0034 S:012E D:0E68 DB:86 NvMXdizc V: 15 H:269 F:38
		8280DD 85 0E       STA $0E       [000E76] A:0081 X:00A8 Y:0034 S:012E D:0E68 DB:86 NvMXdizc V: 15 H:272 F:38
		8280DF E2 30       SEP #$30               A:0081 X:00A8 Y:0034 S:012E D:0E68 DB:86 NvMXdizc V: 15 H:278 F:38
		8280E1 A6 12       LDX $12       [000E7A] A:0081 X:00A8 Y:0034 S:012E D:0E68 DB:86 NvMXdizc V: 15 H:283 F:38
		8280E3 10 02       BPL $0002     [8280E7] A:0081 X:0004 Y:0034 S:012E D:0E68 DB:86 nvMXdizc V: 15 H:289 F:38
		8280E7 7C EA 80    JMP ($80EA,X) [8280EE] A:0081 X:0004 Y:0034 S:012E D:0E68 DB:86 nvMXdizc V: 15 H:294 F:38

		828135 AD EA 00    LDA $00EA     [8600EA] A:0081 X:0004 Y:0034 S:012E D:0E68 DB:86 nvMXdizc V: 15 H:303 F:38
		828138 C9 20       CMP #$20               A:0000 X:0004 Y:0034 S:012E D:0E68 DB:86 nvMXdiZc V: 15 H:309 F:38
		82813A B0 0D       BCS $000D     [828149] A:0000 X:0004 Y:0034 S:012E D:0E68 DB:86 NvMXdizc V: 15 H:312 F:38
		82813C 0A          ASL A                  A:0000 X:0004 Y:0034 S:012E D:0E68 DB:86 NvMXdizc V: 15 H:315 F:38
		82813D AA          TAX                    A:0000 X:0004 Y:0034 S:012E D:0E68 DB:86 nvMXdiZc V: 15 H:318 F:38
		82813E C2 20       REP #$20               A:0000 X:0000 Y:0034 S:012E D:0E68 DB:86 nvMXdiZc V: 15 H:321 F:38
		828140 7B          TDC                    A:0000 X:0000 Y:0034 S:012E D:0E68 DB:86 nvmXdiZc V: 15 H:325 F:38
		828141 9D E0 09    STA $09E0,X   [8609E0] A:0E68 X:0000 Y:0034 S:012E D:0E68 DB:86 nvmXdizc V: 15 H:328 F:38
		828144 E2 20       SEP #$20               A:0E68 X:0000 Y:0034 S:012E D:0E68 DB:86 nvmXdizc V: 15 H:338 F:38
		828146 EE EA 00    INC $00EA     [8600EA] A:0E68 X:0000 Y:0034 S:012E D:0E68 DB:86 nvMXdizc V: 16 H:  2 F:38
		828149 6B          RTL                    A:0E68 X:0000 Y:0034 S:012E D:0E68 DB:86 nvMXdizc V: 16 H: 12 F:38

	80FA19 60          RTS                    A:0E68 X:0000 Y:0034 S:0131 D:0E68 DB:86 nvMXdizc V: 16 H: 23 F:38
