80D4F6 20 30 D5    JSR $D530     [80D530] A:0E01 X:0000 Y:0046 S:0133 D:0E68 DB:86 nvMXdizC V:247 H:115 F:29

	80D530 C2 20       REP #$20               A:0E01 X:0000 Y:0046 S:0131 D:0E68 DB:86 nvMXdizC V:247 H:125 F:29
	80D532 A5 05       LDA $05       [000E6D] A:0E01 X:0000 Y:0046 S:0131 D:0E68 DB:86 nvmXdizC V:247 H:129 F:29
	80D534 85 22       STA $22       [000E8A] A:148F X:0000 Y:0046 S:0131 D:0E68 DB:86 nvmXdizC V:247 H:148 F:29
	80D536 A5 08       LDA $08       [000E70] A:148F X:0000 Y:0046 S:0131 D:0E68 DB:86 nvmXdizC V:247 H:156 F:29
	80D538 85 24       STA $24       [000E8C] A:0A9D X:0000 Y:0046 S:0131 D:0E68 DB:86 nvmXdizC V:247 H:165 F:29
	80D53A E2 20       SEP #$20               A:0A9D X:0000 Y:0046 S:0131 D:0E68 DB:86 nvmXdizC V:247 H:173 F:29
	80D53C A9 80       LDA #$80               A:0A9D X:0000 Y:0046 S:0131 D:0E68 DB:86 nvMXdizC V:247 H:178 F:29
	80D53E 14 0E       TRB $0E       [000E76] A:0A80 X:0000 Y:0046 S:0131 D:0E68 DB:86 NvMXdizC V:247 H:181 F:29
	80D540 A5 0A       LDA $0A       [000E72] A:0A80 X:0000 Y:0046 S:0131 D:0E68 DB:86 NvMXdizC V:247 H:191 F:29
	80D542 0A          ASL A                  A:0A14 X:0000 Y:0046 S:0131 D:0E68 DB:86 nvMXdizC V:247 H:197 F:29
	80D543 AA          TAX                    A:0A28 X:0000 Y:0046 S:0131 D:0E68 DB:86 nvMXdizc V:247 H:200 F:29
	80D544 7C DD F8    JMP ($F8DD,X) [80F905] A:0A28 X:0028 Y:0046 S:0131 D:0E68 DB:86 nvMXdizc V:247 H:203 F:29

	80FA15 22 44 B1 83 JSL $83B144   [83B144] A:0A28 X:0028 Y:0046 S:0131 D:0E68 DB:86 nvMXdizc V:247 H:212 F:29

		83B144 A6 01       LDX $01       [000E69] A:0A28 X:0028 Y:0046 S:012E D:0E68 DB:86 nvMXdizc V:247 H:226 F:29
		83B146 7C 49 B1    JMP ($B149,X) [83B14D] A:0A28 X:0004 Y:0046 S:012E D:0E68 DB:86 nvMXdizc V:247 H:232 F:29

		83B2E8 A6 02       LDX $02       [000E6A] A:0A28 X:0004 Y:0046 S:012E D:0E68 DB:86 nvMXdizc V:247 H:241 F:29
		83B2EA FC DA B3    JSR ($B3DA,X) [83B3E2] A:0A28 X:0008 Y:0046 S:012E D:0E68 DB:86 nvMXdizc V:247 H:248 F:29

			83B826 A6 03       LDX $03       [000E6B] A:0A28 X:0008 Y:0046 S:012C D:0E68 DB:86 nvMXdizc V:247 H:261 F:29
			83B828 7C 2B B8    JMP ($B82B,X) [83B837] A:0A28 X:000C Y:0046 S:012C D:0E68 DB:86 nvMXdizc V:247 H:267 F:29

			83B8C0 22 3E 82 82 JSL $82823E   [82823E] A:0A28 X:000C Y:0046 S:012C D:0E68 DB:86 nvMXdizc V:247 H:276 F:29		JSL $82823E --> Update X-Pos

				82823E 08          PHP                    A:0A28 X:000C Y:0046 S:0129 D:0E68 DB:86 nvMXdizc V:247 H:290 F:29
				82823F C2 21       REP #$21               A:0A28 X:000C Y:0046 S:0128 D:0E68 DB:86 nvMXdizc V:247 H:295 F:29
				828241 A5 04       LDA $04       [000E6C] A:0A28 X:000C Y:0046 S:0128 D:0E68 DB:86 nvmXdizc V:247 H:299 F:29
				828243 65 1A       ADC $1A       [000E82] A:8F5E X:000C Y:0046 S:0128 D:0E68 DB:86 NvmXdizc V:247 H:308 F:29
				828245 85 04       STA $04       [000E6C] A:905E X:000C Y:0046 S:0128 D:0E68 DB:86 NvmXdizc V:247 H:316 F:29
				828247 E2 20       SEP #$20               A:905E X:000C Y:0046 S:0128 D:0E68 DB:86 NvmXdizc V:247 H:324 F:29
				828249 24 1B       BIT $1B       [000E83] A:905E X:000C Y:0046 S:0128 D:0E68 DB:86 NvMXdizc V:247 H:328 F:29
				82824B 30 08       BMI $0008     [828255] A:905E X:000C Y:0046 S:0128 D:0E68 DB:86 nvMXdiZc V:247 H:335 F:29
				82824D A5 06       LDA $06       [000E6E] A:905E X:000C Y:0046 S:0128 D:0E68 DB:86 nvMXdiZc V:247 H:338 F:29
				82824F 69 00       ADC #$00               A:9014 X:000C Y:0046 S:0128 D:0E68 DB:86 nvMXdizc V:248 H:  4 F:29
				828251 85 06       STA $06       [000E6E] A:9014 X:000C Y:0046 S:0128 D:0E68 DB:86 nvMXdizc V:248 H:  7 F:29
				828253 28          PLP                    A:9014 X:000C Y:0046 S:0128 D:0E68 DB:86 nvMXdizc V:248 H: 14 F:29
				828254 6B          RTL                    A:9014 X:000C Y:0046 S:0129 D:0E68 DB:86 nvMXdizc V:248 H: 20 F:29

			83B8C4 22 EA 8E 84 JSL $848EEA   [848EEA] A:9014 X:000C Y:0046 S:012C D:0E68 DB:86 nvMXdizc V:248 H: 31 F:29		JSL $848EEA --> Decrease CDSkel, Continue Skeleton

				848EEA 08          PHP                    A:9014 X:000C Y:0046 S:0129 D:0E68 DB:86 nvMXdizc V:248 H: 44 F:29
				848EEB 8B          PHB                    A:9014 X:000C Y:0046 S:0128 D:0E68 DB:86 nvMXdizc V:248 H: 49 F:29
				848EEC E2 30       SEP #$30               A:9014 X:000C Y:0046 S:0127 D:0E68 DB:86 nvMXdizc V:248 H: 54 F:29
				848EEE C6 13       DEC $13       [000E7B] A:9014 X:000C Y:0046 S:0127 D:0E68 DB:86 nvMXdizc V:248 H: 59 F:29
				848EF0 D0 5D       BNE $005D     [848F4F] A:9014 X:000C Y:0046 S:0127 D:0E68 DB:86 nvMXdiZc V:248 H: 69 F:29
				848EF2 A9 AF       LDA #$AF               A:9014 X:000C Y:0046 S:0127 D:0E68 DB:86 nvMXdiZc V:248 H: 72 F:29
				848EF4 48          PHA                    A:90AF X:000C Y:0046 S:0127 D:0E68 DB:86 NvMXdizc V:248 H: 75 F:29
				848EF5 AB          PLB                    A:90AF X:000C Y:0046 S:0126 D:0E68 DB:86 NvMXdizc V:248 H: 80 F:29
				848EF6 C2 21       REP #$21               A:90AF X:000C Y:0046 S:0127 D:0E68 DB:AF NvMXdizc V:248 H: 86 F:29
				848EF8 A5 14       LDA $14       [000E7C] A:90AF X:000C Y:0046 S:0127 D:0E68 DB:AF NvmXdizc V:248 H: 91 F:29
				848EFA 69 03 00    ADC #$0003             A:CD8D X:000C Y:0046 S:0127 D:0E68 DB:AF NvmXdizc V:248 H: 99 F:29
				848EFD A4 0F       LDY $0F       [000E77] A:CD90 X:000C Y:0046 S:0127 D:0E68 DB:AF NvmXdizc V:248 H:104 F:29
				848EFF 10 37       BPL $0037     [848F38] A:CD90 X:000C Y:0000 S:0127 D:0E68 DB:AF nvmXdiZc V:248 H:110 F:29
				848F38 85 14       STA $14       [000E7C] A:CD90 X:000C Y:0000 S:0127 D:0E68 DB:AF nvmXdiZc V:248 H:115 F:29
				848F3A E2 30       SEP #$30               A:CD90 X:000C Y:0000 S:0127 D:0E68 DB:AF nvmXdiZc V:248 H:123 F:29
				848F3C B2 14       LDA ($14)     [AFCD90] A:CD90 X:000C Y:0000 S:0127 D:0E68 DB:AF nvMXdiZc V:248 H:128 F:29
				848F3E 85 13       STA $13       [000E7B] A:CD03 X:000C Y:0000 S:0127 D:0E68 DB:AF nvMXdizc V:248 H:148 F:29
				848F40 A0 01       LDY #$01               A:CD03 X:000C Y:0000 S:0127 D:0E68 DB:AF nvMXdizc V:248 H:154 F:29
				848F42 B1 14       LDA ($14),Y   [AFCD91] A:CD03 X:000C Y:0001 S:0127 D:0E68 DB:AF nvMXdizc V:248 H:157 F:29
				848F44 85 0F       STA $0F       [000E77] A:CD80 X:000C Y:0001 S:0127 D:0E68 DB:AF NvMXdizc V:248 H:167 F:29
				848F46 C8          INY                    A:CD80 X:000C Y:0001 S:0127 D:0E68 DB:AF NvMXdizc V:248 H:174 F:29
				848F47 B1 14       LDA ($14),Y   [AFCD92] A:CD80 X:000C Y:0002 S:0127 D:0E68 DB:AF nvMXdizc V:248 H:177 F:29
				848F49 85 17       STA $17       [000E7F] A:CD16 X:000C Y:0002 S:0127 D:0E68 DB:AF nvMXdizc V:248 H:187 F:29
				848F4B A9 80       LDA #$80               A:CD16 X:000C Y:0002 S:0127 D:0E68 DB:AF nvMXdizc V:248 H:193 F:29
				848F4D 04 17       TSB $17       [000E7F] A:CD80 X:000C Y:0002 S:0127 D:0E68 DB:AF NvMXdizc V:248 H:196 F:29
				848F4F AB          PLB                    A:CD80 X:000C Y:0002 S:0127 D:0E68 DB:AF NvMXdiZc V:248 H:206 F:29
				848F50 28          PLP                    A:CD80 X:000C Y:0002 S:0128 D:0E68 DB:86 NvMXdizc V:248 H:213 F:29
				848F51 6B          RTL                    A:CD80 X:000C Y:0002 S:0129 D:0E68 DB:86 nvMXdizc V:248 H:219 F:29

			83B8C8 22 BE 91 84 JSL $8491BE   [8491BE] A:CD80 X:000C Y:0002 S:012C D:0E68 DB:86 nvMXdizc V:248 H:230 F:29		JSL $8491BE --> Check for colissions and adjust position

				8491BE 08          PHP                    A:CD80 X:000C Y:0002 S:0129 D:0E68 DB:86 nvMXdizc V:248 H:243 F:29
				8491BF 0B          PHD                    A:CD80 X:000C Y:0002 S:0128 D:0E68 DB:86 nvMXdizc V:248 H:248 F:29
				8491C0 C2 30       REP #$30               A:CD80 X:000C Y:0002 S:0126 D:0E68 DB:86 nvMXdizc V:248 H:255 F:29
				8491C2 A5 20       LDA $20       [000E88] A:CD80 X:000C Y:0002 S:0126 D:0E68 DB:86 nvmxdizc V:248 H:260 F:29
				8491C4 F0 15       BEQ $0015     [8491DB] A:C94F X:000C Y:0002 S:0126 D:0E68 DB:86 Nvmxdizc V:248 H:268 F:29
				8491C6 7B          TDC                    A:C94F X:000C Y:0002 S:0126 D:0E68 DB:86 Nvmxdizc V:248 H:271 F:29
				8491C7 AA          TAX                    A:0E68 X:000C Y:0002 S:0126 D:0E68 DB:86 nvmxdizc V:248 H:274 F:29
				8491C8 A9 00 00    LDA #$0000             A:0E68 X:0E68 Y:0002 S:0126 D:0E68 DB:86 nvmxdizc V:248 H:277 F:29
				8491CB 5B          TCD                    A:0000 X:0E68 Y:0002 S:0126 D:0E68 DB:86 nvmxdiZc V:248 H:282 F:29
				8491CC 64 14       STZ $14       [000014] A:0000 X:0E68 Y:0002 S:0126 D:0000 DB:86 nvmxdiZc V:248 H:285 F:29
				8491CE B5 2B       LDA $2B,X     [000E93] A:0000 X:0E68 Y:0002 S:0126 D:0000 DB:86 nvmxdiZc V:248 H:292 F:29
				8491D0 29 00 FF    AND #$FF00             A:0004 X:0E68 Y:0002 S:0126 D:0000 DB:86 nvmxdizc V:248 H:300 F:29
				8491D3 95 2B       STA $2B,X     [000E93] A:0000 X:0E68 Y:0002 S:0126 D:0000 DB:86 nvmxdiZc V:248 H:305 F:29
				8491D5 20 AC 92    JSR $92AC     [8492AC] A:0000 X:0E68 Y:0002 S:0126 D:0000 DB:86 nvmxdiZc V:248 H:313 F:29

				8492AC C2 30       REP #$30               A:0000 X:0E68 Y:0002 S:0124 D:0000 DB:86 nvmxdiZc V:248 H:323 F:29
				8492AE B5 05       LDA $05,X     [000E6D] A:0000 X:0E68 Y:0002 S:0124 D:0000 DB:86 nvmxdiZc V:248 H:327 F:29
				8492B0 38          SEC                    A:1490 X:0E68 Y:0002 S:0124 D:0000 DB:86 nvmxdizc V:248 H:335 F:29
				8492B1 F5 22       SBC $22,X     [000E8A] A:1490 X:0E68 Y:0002 S:0124 D:0000 DB:86 nvmxdizC V:248 H:338 F:29
				8492B3 85 00       STA $00       [000000] A:0001 X:0E68 Y:0002 S:0124 D:0000 DB:86 nvmxdizC V:249 H:  7 F:29
				8492B5 E2 20       SEP #$20               A:0001 X:0E68 Y:0002 S:0124 D:0000 DB:86 nvmxdizC V:249 H: 14 F:29
				8492B7 F0 4C       BEQ $004C     [849305] A:0001 X:0E68 Y:0002 S:0124 D:0000 DB:86 nvMxdizC V:249 H: 18 F:29
				8492B9 B4 20       LDY $20,X     [000E88] A:0001 X:0E68 Y:0002 S:0124 D:0000 DB:86 nvMxdizC V:249 H: 21 F:29
				8492BB B9 05 00    LDA $0005,Y   [86C954] A:0001 X:0E68 Y:C94F S:0124 D:0000 DB:86 NvMxdizC V:249 H: 30 F:29
				8492BE 34 11       BIT $11,X     [000E79] A:0000 X:0E68 Y:C94F S:0124 D:0000 DB:86 nvMxdiZC V:249 H: 37 F:29
				8492C0 50 03       BVC $0003     [8492C5] A:0000 X:0E68 Y:C94F S:0124 D:0000 DB:86 nvMxdiZC V:249 H: 44 F:29
				8492C5 24 00       BIT $00       [000000] A:0000 X:0E68 Y:C94F S:0124 D:0000 DB:86 nvMxdiZC V:249 H: 48 F:29
				8492C7 10 06       BPL $0006     [8492CF] A:0000 X:0E68 Y:C94F S:0124 D:0000 DB:86 nvMxdiZC V:249 H: 53 F:29
				8492CF 18          CLC                    A:0000 X:0E68 Y:C94F S:0124 D:0000 DB:86 nvMxdiZC V:249 H: 58 F:29
				8492D0 79 07 00    ADC $0007,Y   [86C956] A:0000 X:0E68 Y:C94F S:0124 D:0000 DB:86 nvMxdiZc V:249 H: 61 F:29
				8492D3 95 29       STA $29,X     [000E91] A:0010 X:0E68 Y:C94F S:0124 D:0000 DB:86 nvMxdizc V:249 H: 68 F:29
				8492D5 B9 06 00    LDA $0006,Y   [86C955] A:0010 X:0E68 Y:C94F S:0124 D:0000 DB:86 nvMxdizc V:249 H: 75 F:29
				8492D8 95 2A       STA $2A,X     [000E92] A:00FF X:0E68 Y:C94F S:0124 D:0000 DB:86 NvMxdizc V:249 H: 82 F:29
				8492DA 20 15 93    JSR $9315     [849315] A:00FF X:0E68 Y:C94F S:0124 D:0000 DB:86 NvMxdizc V:249 H: 89 F:29

				849315 20 B3 90    JSR $90B3     [8490B3] A:00FF X:0E68 Y:C94F S:0122 D:0000 DB:86 NvMxdizc V:249 H: 99 F:29

				8490B3 0B          PHD                    A:00FF X:0E68 Y:C94F S:0120 D:0000 DB:86 NvMxdizc V:249 H:109 F:29
				8490B4 DA          PHX                    A:00FF X:0E68 Y:C94F S:011E D:0000 DB:86 NvMxdizc V:249 H:116 F:29
				8490B5 08          PHP                    A:00FF X:0E68 Y:C94F S:011C D:0000 DB:86 NvMxdizc V:249 H:123 F:29
				8490B6 E2 20       SEP #$20               A:00FF X:0E68 Y:C94F S:011B D:0000 DB:86 NvMxdizc V:249 H:128 F:29
				8490B8 C2 10       REP #$10               A:00FF X:0E68 Y:C94F S:011B D:0000 DB:86 NvMxdizc V:249 H:132 F:29
				8490BA 64 01       STZ $01       [000001] A:00FF X:0E68 Y:C94F S:011B D:0000 DB:86 NvMxdizc V:249 H:147 F:29
				8490BC B5 29       LDA $29,X     [000E91] A:00FF X:0E68 Y:C94F S:011B D:0000 DB:86 NvMxdizc V:249 H:152 F:29
				8490BE 10 02       BPL $0002     [8490C2] A:0010 X:0E68 Y:C94F S:011B D:0000 DB:86 nvMxdizc V:249 H:158 F:29
				8490C2 18          CLC                    A:0010 X:0E68 Y:C94F S:011B D:0000 DB:86 nvMxdizc V:249 H:163 F:29
				8490C3 75 05       ADC $05,X     [000E6D] A:0010 X:0E68 Y:C94F S:011B D:0000 DB:86 nvMxdizc V:249 H:166 F:29
				8490C5 85 00       STA $00       [000000] A:00A0 X:0E68 Y:C94F S:011B D:0000 DB:86 NvMxdizc V:249 H:172 F:29
				8490C7 B5 06       LDA $06,X     [000E6E] A:00A0 X:0E68 Y:C94F S:011B D:0000 DB:86 NvMxdizc V:249 H:177 F:29
				8490C9 65 01       ADC $01       [000001] A:0014 X:0E68 Y:C94F S:011B D:0000 DB:86 nvMxdizc V:249 H:184 F:29
				8490CB 85 01       STA $01       [000001] A:0014 X:0E68 Y:C94F S:011B D:0000 DB:86 nvMxdizc V:249 H:189 F:29
				8490CD 64 03       STZ $03       [000003] A:0014 X:0E68 Y:C94F S:011B D:0000 DB:86 nvMxdizc V:249 H:194 F:29
				8490CF B5 2A       LDA $2A,X     [000E92] A:0014 X:0E68 Y:C94F S:011B D:0000 DB:86 nvMxdizc V:249 H:199 F:29
				8490D1 10 02       BPL $0002     [8490D5] A:00FF X:0E68 Y:C94F S:011B D:0000 DB:86 NvMxdizc V:249 H:205 F:29
				8490D3 C6 03       DEC $03       [000003] A:00FF X:0E68 Y:C94F S:011B D:0000 DB:86 NvMxdizc V:249 H:208 F:29
				8490D5 18          CLC                    A:00FF X:0E68 Y:C94F S:011B D:0000 DB:86 NvMxdizc V:249 H:217 F:29
				8490D6 75 08       ADC $08,X     [000E70] A:00FF X:0E68 Y:C94F S:011B D:0000 DB:86 NvMxdizc V:249 H:220 F:29
				8490D8 85 02       STA $02       [000002] A:009C X:0E68 Y:C94F S:011B D:0000 DB:86 NvMxdizC V:249 H:226 F:29
				8490DA 29 F0       AND #$F0               A:009C X:0E68 Y:C94F S:011B D:0000 DB:86 NvMxdizC V:249 H:231 F:29
				8490DC 85 0A       STA $0A       [00000A] A:0090 X:0E68 Y:C94F S:011B D:0000 DB:86 NvMxdizC V:249 H:234 F:29
				8490DE B5 09       LDA $09,X     [000E71] A:0090 X:0E68 Y:C94F S:011B D:0000 DB:86 NvMxdizC V:249 H:239 F:29
				8490E0 65 03       ADC $03       [000003] A:000A X:0E68 Y:C94F S:011B D:0000 DB:86 nvMxdizC V:249 H:246 F:29
				8490E2 85 03       STA $03       [000003] A:000A X:0E68 Y:C94F S:011B D:0000 DB:86 nvMxdizC V:249 H:251 F:29
				8490E4 85 0B       STA $0B       [00000B] A:000A X:0E68 Y:C94F S:011B D:0000 DB:86 nvMxdizC V:249 H:256 F:29
				8490E6 A5 00       LDA $00       [000000] A:000A X:0E68 Y:C94F S:011B D:0000 DB:86 nvMxdizC V:249 H:261 F:29
				8490E8 29 0F       AND #$0F               A:00A0 X:0E68 Y:C94F S:011B D:0000 DB:86 NvMxdizC V:249 H:266 F:29
				8490EA 1A          INC                    A:0000 X:0E68 Y:C94F S:011B D:0000 DB:86 nvMxdiZC V:249 H:269 F:29
				8490EB 85 0C       STA $0C       [00000C] A:0001 X:0E68 Y:C94F S:011B D:0000 DB:86 nvMxdizC V:249 H:272 F:29
				8490ED A5 02       LDA $02       [000002] A:0001 X:0E68 Y:C94F S:011B D:0000 DB:86 nvMxdizC V:249 H:277 F:29
				8490EF 29 0F       AND #$0F               A:009C X:0E68 Y:C94F S:011B D:0000 DB:86 NvMxdizC V:249 H:282 F:29
				8490F1 1A          INC                    A:000C X:0E68 Y:C94F S:011B D:0000 DB:86 nvMxdizC V:249 H:285 F:29
				8490F2 85 0E       STA $0E       [00000E] A:000D X:0E68 Y:C94F S:011B D:0000 DB:86 nvMxdizC V:249 H:288 F:29
				8490F4 C2 20       REP #$20               A:000D X:0E68 Y:C94F S:011B D:0000 DB:86 nvMxdizC V:249 H:293 F:29
				8490F6 20 6A 91    JSR $916A     [84916A] A:000D X:0E68 Y:C94F S:011B D:0000 DB:86 nvmxdizC V:249 H:297 F:29

				84916A A9 00 E8    LDA #$E800             A:000D X:0E68 Y:C94F S:0119 D:0000 DB:86 nvmxdizC V:249 H:307 F:29
				84916D 85 10       STA $10       [000010] A:E800 X:0E68 Y:C94F S:0119 D:0000 DB:86 NvmxdizC V:249 H:312 F:29
				84916F A9 7E 00    LDA #$007E             A:E800 X:0E68 Y:C94F S:0119 D:0000 DB:86 NvmxdizC V:249 H:319 F:29
				849172 85 12       STA $12       [000012] A:007E X:0E68 Y:C94F S:0119 D:0000 DB:86 nvmxdizC V:249 H:323 F:29
				849174 A5 02       LDA $02       [000002] A:007E X:0E68 Y:C94F S:0119 D:0000 DB:86 nvmxdizC V:249 H:329 F:29
				849176 29 F0 00    AND #$00F0             A:0A9C X:0E68 Y:C94F S:0119 D:0000 DB:86 nvmxdizC V:249 H:336 F:29
				849179 0A          ASL A                  A:0090 X:0E68 Y:C94F S:0119 D:0000 DB:86 nvmxdizC V:250 H:  1 F:29
				84917A 85 04       STA $04       [000004] A:0120 X:0E68 Y:C94F S:0119 D:0000 DB:86 nvmxdizc V:250 H:  4 F:29
				84917C A5 00       LDA $00       [000000] A:0120 X:0E68 Y:C94F S:0119 D:0000 DB:86 nvmxdizc V:250 H: 11 F:29
				84917E 29 FF 00    AND #$00FF             A:14A0 X:0E68 Y:C94F S:0119 D:0000 DB:86 nvmxdizc V:250 H: 18 F:29
				849181 4A          LSR A                  A:00A0 X:0E68 Y:C94F S:0119 D:0000 DB:86 nvmxdizc V:250 H: 22 F:29
				849182 4A          LSR A                  A:0050 X:0E68 Y:C94F S:0119 D:0000 DB:86 nvmxdizc V:250 H: 25 F:29
				849183 4A          LSR A                  A:0028 X:0E68 Y:C94F S:0119 D:0000 DB:86 nvmxdizc V:250 H: 28 F:29
				849184 29 FE FF    AND #$FFFE             A:0014 X:0E68 Y:C94F S:0119 D:0000 DB:86 nvmxdizc V:250 H: 31 F:29
				849187 18          CLC                    A:0014 X:0E68 Y:C94F S:0119 D:0000 DB:86 nvmxdizc V:250 H: 36 F:29
				849188 65 04       ADC $04       [000004] A:0014 X:0E68 Y:C94F S:0119 D:0000 DB:86 nvmxdizc V:250 H: 39 F:29
				84918A 85 06       STA $06       [000006] A:0134 X:0E68 Y:C94F S:0119 D:0000 DB:86 nvmxdizc V:250 H: 46 F:29
				84918C A5 00       LDA $00       [000000] A:0134 X:0E68 Y:C94F S:0119 D:0000 DB:86 nvmxdizc V:250 H: 53 F:29
				84918E EB          XBA                    A:14A0 X:0E68 Y:C94F S:0119 D:0000 DB:86 nvmxdizc V:250 H: 60 F:29
				84918F 29 1F 00    AND #$001F             A:A014 X:0E68 Y:C94F S:0119 D:0000 DB:86 nvmxdizc V:250 H: 64 F:29
				849192 85 04       STA $04       [000004] A:0014 X:0E68 Y:C94F S:0119 D:0000 DB:86 nvmxdizc V:250 H: 69 F:29
				849194 A5 02       LDA $02       [000002] A:0014 X:0E68 Y:C94F S:0119 D:0000 DB:86 nvmxdizc V:250 H: 76 F:29
				849196 29 00 1F    AND #$1F00             A:0A9C X:0E68 Y:C94F S:0119 D:0000 DB:86 nvmxdizc V:250 H: 83 F:29
				849199 4A          LSR A                  A:0A00 X:0E68 Y:C94F S:0119 D:0000 DB:86 nvmxdizc V:250 H: 87 F:29
				84919A 4A          LSR A                  A:0500 X:0E68 Y:C94F S:0119 D:0000 DB:86 nvmxdizc V:250 H: 90 F:29
				84919B 4A          LSR A                  A:0280 X:0E68 Y:C94F S:0119 D:0000 DB:86 nvmxdizc V:250 H: 93 F:29
				84919C 18          CLC                    A:0140 X:0E68 Y:C94F S:0119 D:0000 DB:86 nvmxdizc V:250 H: 96 F:29
				84919D 65 04       ADC $04       [000004] A:0140 X:0E68 Y:C94F S:0119 D:0000 DB:86 nvmxdizc V:250 H: 99 F:29
				84919F A8          TAY                    A:0154 X:0E68 Y:C94F S:0119 D:0000 DB:86 nvmxdizc V:250 H:106 F:29
				8491A0 B7 10       LDA [$10],Y   [7EE954] A:0154 X:0E68 Y:0154 S:0119 D:0000 DB:86 nvmxdizc V:250 H:109 F:29
				8491A2 29 FF 00    AND #$00FF             A:0038 X:0E68 Y:0154 S:0119 D:0000 DB:86 nvmxdizc V:250 H:122 F:29
				8491A5 A8          TAY                    A:0038 X:0E68 Y:0154 S:0119 D:0000 DB:86 nvmxdizc V:250 H:127 F:29
				8491A6 EB          XBA                    A:0038 X:0E68 Y:0038 S:0119 D:0000 DB:86 nvmxdizc V:250 H:130 F:29
				8491A7 0A          ASL A                  A:3800 X:0E68 Y:0038 S:0119 D:0000 DB:86 nvmxdiZc V:250 H:144 F:29
				8491A8 18          CLC                    A:7000 X:0E68 Y:0038 S:0119 D:0000 DB:86 nvmxdizc V:250 H:147 F:29
				8491A9 65 06       ADC $06       [000006] A:7000 X:0E68 Y:0038 S:0119 D:0000 DB:86 nvmxdizc V:250 H:150 F:29
				8491AB AA          TAX                    A:7134 X:0E68 Y:0038 S:0119 D:0000 DB:86 nvmxdizc V:250 H:157 F:29
				8491AC 60          RTS                    A:7134 X:7134 Y:0038 S:0119 D:0000 DB:86 nvmxdizc V:250 H:160 F:29

				8490F9 BF 00 20 7E LDA $7E2000,X [7E9134] A:7134 X:7134 Y:0038 S:011B D:0000 DB:86 nvmxdizc V:250 H:170 F:29
				8490FD A8          TAY                    A:0241 X:7134 Y:0038 S:011B D:0000 DB:86 nvmxdizc V:250 H:180 F:29
				8490FE AD 92 0B    LDA $0B92     [860B92] A:0241 X:7134 Y:0241 S:011B D:0000 DB:86 nvmxdizc V:250 H:183 F:29
				849101 85 10       STA $10       [000010] A:DB57 X:7134 Y:0241 S:011B D:0000 DB:86 Nvmxdizc V:250 H:192 F:29
				849103 AD 94 0B    LDA $0B94     [860B94] A:DB57 X:7134 Y:0241 S:011B D:0000 DB:86 Nvmxdizc V:250 H:199 F:29
				849106 85 12       STA $12       [000012] A:B895 X:7134 Y:0241 S:011B D:0000 DB:86 Nvmxdizc V:250 H:207 F:29
				849108 B7 10       LDA [$10],Y   [95DD98] A:B895 X:7134 Y:0241 S:011B D:0000 DB:86 Nvmxdizc V:250 H:214 F:29
				84910A 29 FF 00    AND #$00FF             A:0000 X:7134 Y:0241 S:011B D:0000 DB:86 nvmxdiZc V:250 H:226 F:29
				84910D 28          PLP                    A:0000 X:7134 Y:0241 S:011B D:0000 DB:86 nvmxdiZc V:250 H:231 F:29
				84910E FA          PLX                    A:0000 X:7134 Y:0241 S:011C D:0000 DB:86 NvMxdizc V:250 H:237 F:29
				84910F 2B          PLD                    A:0000 X:0E68 Y:0241 S:011E D:0000 DB:86 nvMxdizc V:250 H:246 F:29
				849110 60          RTS                    A:0000 X:0E68 Y:0241 S:0120 D:0000 DB:86 nvMxdiZc V:250 H:254 F:29

				849318 B4 05       LDY $05,X     [000E6D] A:0000 X:0E68 Y:0241 S:0122 D:0000 DB:86 nvMxdiZc V:250 H:264 F:29
				84931A 84 10       STY $10       [000010] A:0000 X:0E68 Y:1490 S:0122 D:0000 DB:86 nvMxdizc V:250 H:273 F:29
				84931C B4 08       LDY $08,X     [000E70] A:0000 X:0E68 Y:1490 S:0122 D:0000 DB:86 nvMxdizc V:250 H:280 F:29
				84931E 84 12       STY $12       [000012] A:0000 X:0E68 Y:0A9D S:0122 D:0000 DB:86 nvMxdizc V:250 H:288 F:29
				849320 95 2D       STA $2D,X     [000E95] A:0000 X:0E68 Y:0A9D S:0122 D:0000 DB:86 nvMxdizc V:250 H:295 F:29
				849322 86 2C       STX $2C       [00002C] A:0000 X:0E68 Y:0A9D S:0122 D:0000 DB:86 nvMxdizc V:250 H:302 F:29
				849324 29 3F       AND #$3F               A:0000 X:0E68 Y:0A9D S:0122 D:0000 DB:86 nvMxdizc V:250 H:309 F:29
				849326 0A          ASL A                  A:0000 X:0E68 Y:0A9D S:0122 D:0000 DB:86 nvMxdiZc V:250 H:312 F:29
				849327 EB          XBA                    A:0000 X:0E68 Y:0A9D S:0122 D:0000 DB:86 nvMxdiZc V:250 H:315 F:29
				849328 A9 00       LDA #$00               A:0000 X:0E68 Y:0A9D S:0122 D:0000 DB:86 nvMxdiZc V:250 H:319 F:29
				84932A EB          XBA                    A:0000 X:0E68 Y:0A9D S:0122 D:0000 DB:86 nvMxdiZc V:250 H:322 F:29
				84932B AA          TAX                    A:0000 X:0E68 Y:0A9D S:0122 D:0000 DB:86 nvMxdiZc V:250 H:326 F:29
				84932C FC 5D 93    JSR ($935D,X) [84935D] A:0000 X:0000 Y:0A9D S:0122 D:0000 DB:86 nvMxdiZc V:250 H:329 F:29

				84977A A9 00       LDA #$00               A:0000 X:0000 Y:0A9D S:0120 D:0000 DB:86 nvMxdiZc V:251 H:  2 F:29
				84977C 60          RTS                    A:0000 X:0000 Y:0A9D S:0120 D:0000 DB:86 nvMxdiZc V:251 H:  5 F:29

				84932F 08          PHP                    A:0000 X:0000 Y:0A9D S:0122 D:0000 DB:86 nvMxdiZc V:251 H: 15 F:29
				849330 A6 2C       LDX $2C       [00002C] A:0000 X:0000 Y:0A9D S:0121 D:0000 DB:86 nvMxdiZc V:251 H: 20 F:29
				849332 A9 01       LDA #$01               A:0000 X:0E68 Y:0A9D S:0121 D:0000 DB:86 nvMxdizc V:251 H: 27 F:29
				849334 34 29       BIT $29,X     [000E91] A:0001 X:0E68 Y:0A9D S:0121 D:0000 DB:86 nvMxdizc V:251 H: 30 F:29
				849336 10 02       BPL $0002     [84933A] A:0001 X:0E68 Y:0A9D S:0121 D:0000 DB:86 nvMxdiZc V:251 H: 36 F:29
				84933A 28          PLP                    A:0001 X:0E68 Y:0A9D S:0121 D:0000 DB:86 nvMxdiZc V:251 H: 41 F:29
				84933B F0 0C       BEQ $000C     [849349] A:0001 X:0E68 Y:0A9D S:0122 D:0000 DB:86 nvMxdiZc V:251 H: 47 F:29
				849349 49 FF       EOR #$FF               A:0001 X:0E68 Y:0A9D S:0122 D:0000 DB:86 nvMxdiZc V:251 H: 52 F:29
				84934B 35 2B       AND $2B,X     [000E93] A:00FE X:0E68 Y:0A9D S:0122 D:0000 DB:86 NvMxdizc V:251 H: 55 F:29
				84934D 95 2B       STA $2B,X     [000E93] A:0000 X:0E68 Y:0A9D S:0122 D:0000 DB:86 nvMxdiZc V:251 H: 61 F:29
				84934F 20 08 93    JSR $9308     [849308] A:0000 X:0E68 Y:0A9D S:0122 D:0000 DB:86 nvMxdiZc V:251 H: 68 F:29

				849308 A5 14       LDA $14       [000014] A:0000 X:0E68 Y:0A9D S:0120 D:0000 DB:86 nvMxdiZc V:251 H: 78 F:29
				84930A F0 08       BEQ $0008     [849314] A:0000 X:0E68 Y:0A9D S:0120 D:0000 DB:86 nvMxdiZc V:251 H: 83 F:29
				849314 60          RTS                    A:0000 X:0E68 Y:0A9D S:0120 D:0000 DB:86 nvMxdiZc V:251 H: 87 F:29

				849352 A9 00       LDA #$00               A:0000 X:0E68 Y:0A9D S:0122 D:0000 DB:86 nvMxdiZc V:251 H: 97 F:29
				849354 60          RTS                    A:0000 X:0E68 Y:0A9D S:0122 D:0000 DB:86 nvMxdiZc V:251 H:100 F:29

				8492DD D0 26       BNE $0026     [849305] A:0000 X:0E68 Y:0A9D S:0124 D:0000 DB:86 nvMxdiZc V:251 H:110 F:29
				8492DF B4 20       LDY $20,X     [000E88] A:0000 X:0E68 Y:0A9D S:0124 D:0000 DB:86 nvMxdiZc V:251 H:113 F:29
				8492E1 B9 06 00    LDA $0006,Y   [86C955] A:0000 X:0E68 Y:C94F S:0124 D:0000 DB:86 NvMxdizc V:251 H:122 F:29
				8492E4 38          SEC                    A:00FF X:0E68 Y:C94F S:0124 D:0000 DB:86 NvMxdizc V:251 H:129 F:29
				8492E5 F9 08 00    SBC $0008,Y   [86C957] A:00FF X:0E68 Y:C94F S:0124 D:0000 DB:86 NvMxdizC V:251 H:132 F:29
				8492E8 18          CLC                    A:00EC X:0E68 Y:C94F S:0124 D:0000 DB:86 NvMxdizC V:251 H:150 F:29
				8492E9 79 09 00    ADC $0009,Y   [86C958] A:00EC X:0E68 Y:C94F S:0124 D:0000 DB:86 NvMxdizc V:251 H:153 F:29
				8492EC 95 2A       STA $2A,X     [000E92] A:00F1 X:0E68 Y:C94F S:0124 D:0000 DB:86 NvMxdizc V:251 H:160 F:29
				8492EE 20 15 93    JSR $9315     [849315] A:00F1 X:0E68 Y:C94F S:0124 D:0000 DB:86 NvMxdizc V:251 H:167 F:29

				849315 20 B3 90    JSR $90B3     [8490B3] A:00F1 X:0E68 Y:C94F S:0122 D:0000 DB:86 NvMxdizc V:251 H:177 F:29

				8490B3 0B          PHD                    A:00F1 X:0E68 Y:C94F S:0120 D:0000 DB:86 NvMxdizc V:251 H:187 F:29
				8490B4 DA          PHX                    A:00F1 X:0E68 Y:C94F S:011E D:0000 DB:86 NvMxdizc V:251 H:194 F:29
				8490B5 08          PHP                    A:00F1 X:0E68 Y:C94F S:011C D:0000 DB:86 NvMxdizc V:251 H:201 F:29
				8490B6 E2 20       SEP #$20               A:00F1 X:0E68 Y:C94F S:011B D:0000 DB:86 NvMxdizc V:251 H:206 F:29
				8490B8 C2 10       REP #$10               A:00F1 X:0E68 Y:C94F S:011B D:0000 DB:86 NvMxdizc V:251 H:210 F:29
				8490BA 64 01       STZ $01       [000001] A:00F1 X:0E68 Y:C94F S:011B D:0000 DB:86 NvMxdizc V:251 H:215 F:29
				8490BC B5 29       LDA $29,X     [000E91] A:00F1 X:0E68 Y:C94F S:011B D:0000 DB:86 NvMxdizc V:251 H:220 F:29
				8490BE 10 02       BPL $0002     [8490C2] A:0010 X:0E68 Y:C94F S:011B D:0000 DB:86 nvMxdizc V:251 H:226 F:29
				8490C2 18          CLC                    A:0010 X:0E68 Y:C94F S:011B D:0000 DB:86 nvMxdizc V:251 H:231 F:29
				8490C3 75 05       ADC $05,X     [000E6D] A:0010 X:0E68 Y:C94F S:011B D:0000 DB:86 nvMxdizc V:251 H:234 F:29
				8490C5 85 00       STA $00       [000000] A:00A0 X:0E68 Y:C94F S:011B D:0000 DB:86 NvMxdizc V:251 H:240 F:29
				8490C7 B5 06       LDA $06,X     [000E6E] A:00A0 X:0E68 Y:C94F S:011B D:0000 DB:86 NvMxdizc V:251 H:245 F:29
				8490C9 65 01       ADC $01       [000001] A:0014 X:0E68 Y:C94F S:011B D:0000 DB:86 nvMxdizc V:251 H:252 F:29
				8490CB 85 01       STA $01       [000001] A:0014 X:0E68 Y:C94F S:011B D:0000 DB:86 nvMxdizc V:251 H:257 F:29
				8490CD 64 03       STZ $03       [000003] A:0014 X:0E68 Y:C94F S:011B D:0000 DB:86 nvMxdizc V:251 H:262 F:29
				8490CF B5 2A       LDA $2A,X     [000E92] A:0014 X:0E68 Y:C94F S:011B D:0000 DB:86 nvMxdizc V:251 H:267 F:29
				8490D1 10 02       BPL $0002     [8490D5] A:00F1 X:0E68 Y:C94F S:011B D:0000 DB:86 NvMxdizc V:251 H:273 F:29
				8490D3 C6 03       DEC $03       [000003] A:00F1 X:0E68 Y:C94F S:011B D:0000 DB:86 NvMxdizc V:251 H:276 F:29
				8490D5 18          CLC                    A:00F1 X:0E68 Y:C94F S:011B D:0000 DB:86 NvMxdizc V:251 H:285 F:29
				8490D6 75 08       ADC $08,X     [000E70] A:00F1 X:0E68 Y:C94F S:011B D:0000 DB:86 NvMxdizc V:251 H:288 F:29
				8490D8 85 02       STA $02       [000002] A:008E X:0E68 Y:C94F S:011B D:0000 DB:86 NvMxdizC V:251 H:294 F:29
				8490DA 29 F0       AND #$F0               A:008E X:0E68 Y:C94F S:011B D:0000 DB:86 NvMxdizC V:251 H:299 F:29
				8490DC 85 0A       STA $0A       [00000A] A:0080 X:0E68 Y:C94F S:011B D:0000 DB:86 NvMxdizC V:251 H:302 F:29
				8490DE B5 09       LDA $09,X     [000E71] A:0080 X:0E68 Y:C94F S:011B D:0000 DB:86 NvMxdizC V:251 H:307 F:29
				8490E0 65 03       ADC $03       [000003] A:000A X:0E68 Y:C94F S:011B D:0000 DB:86 nvMxdizC V:251 H:314 F:29
				8490E2 85 03       STA $03       [000003] A:000A X:0E68 Y:C94F S:011B D:0000 DB:86 nvMxdizC V:251 H:319 F:29
				8490E4 85 0B       STA $0B       [00000B] A:000A X:0E68 Y:C94F S:011B D:0000 DB:86 nvMxdizC V:251 H:323 F:29
				8490E6 A5 00       LDA $00       [000000] A:000A X:0E68 Y:C94F S:011B D:0000 DB:86 nvMxdizC V:251 H:328 F:29
				8490E8 29 0F       AND #$0F               A:00A0 X:0E68 Y:C94F S:011B D:0000 DB:86 NvMxdizC V:251 H:333 F:29
				8490EA 1A          INC                    A:0000 X:0E68 Y:C94F S:011B D:0000 DB:86 nvMxdiZC V:251 H:336 F:29
				8490EB 85 0C       STA $0C       [00000C] A:0001 X:0E68 Y:C94F S:011B D:0000 DB:86 nvMxdizC V:251 H:339 F:29
				8490ED A5 02       LDA $02       [000002] A:0001 X:0E68 Y:C94F S:011B D:0000 DB:86 nvMxdizC V:252 H:  4 F:29
				8490EF 29 0F       AND #$0F               A:008E X:0E68 Y:C94F S:011B D:0000 DB:86 NvMxdizC V:252 H:  9 F:29
				8490F1 1A          INC                    A:000E X:0E68 Y:C94F S:011B D:0000 DB:86 nvMxdizC V:252 H: 12 F:29
				8490F2 85 0E       STA $0E       [00000E] A:000F X:0E68 Y:C94F S:011B D:0000 DB:86 nvMxdizC V:252 H: 15 F:29
				8490F4 C2 20       REP #$20               A:000F X:0E68 Y:C94F S:011B D:0000 DB:86 nvMxdizC V:252 H: 20 F:29
				8490F6 20 6A 91    JSR $916A     [84916A] A:000F X:0E68 Y:C94F S:011B D:0000 DB:86 nvmxdizC V:252 H: 24 F:29

				84916A A9 00 E8    LDA #$E800             A:000F X:0E68 Y:C94F S:0119 D:0000 DB:86 nvmxdizC V:252 H: 34 F:29
				84916D 85 10       STA $10       [000010] A:E800 X:0E68 Y:C94F S:0119 D:0000 DB:86 NvmxdizC V:252 H: 39 F:29
				84916F A9 7E 00    LDA #$007E             A:E800 X:0E68 Y:C94F S:0119 D:0000 DB:86 NvmxdizC V:252 H: 46 F:29
				849172 85 12       STA $12       [000012] A:007E X:0E68 Y:C94F S:0119 D:0000 DB:86 nvmxdizC V:252 H: 50 F:29
				849174 A5 02       LDA $02       [000002] A:007E X:0E68 Y:C94F S:0119 D:0000 DB:86 nvmxdizC V:252 H: 57 F:29
				849176 29 F0 00    AND #$00F0             A:0A8E X:0E68 Y:C94F S:0119 D:0000 DB:86 nvmxdizC V:252 H: 64 F:29
				849179 0A          ASL A                  A:0080 X:0E68 Y:C94F S:0119 D:0000 DB:86 nvmxdizC V:252 H: 69 F:29
				84917A 85 04       STA $04       [000004] A:0100 X:0E68 Y:C94F S:0119 D:0000 DB:86 nvmxdizc V:252 H: 72 F:29
				84917C A5 00       LDA $00       [000000] A:0100 X:0E68 Y:C94F S:0119 D:0000 DB:86 nvmxdizc V:252 H: 79 F:29
				84917E 29 FF 00    AND #$00FF             A:14A0 X:0E68 Y:C94F S:0119 D:0000 DB:86 nvmxdizc V:252 H: 86 F:29
				849181 4A          LSR A                  A:00A0 X:0E68 Y:C94F S:0119 D:0000 DB:86 nvmxdizc V:252 H: 90 F:29
				849182 4A          LSR A                  A:0050 X:0E68 Y:C94F S:0119 D:0000 DB:86 nvmxdizc V:252 H: 93 F:29
				849183 4A          LSR A                  A:0028 X:0E68 Y:C94F S:0119 D:0000 DB:86 nvmxdizc V:252 H: 96 F:29
				849184 29 FE FF    AND #$FFFE             A:0014 X:0E68 Y:C94F S:0119 D:0000 DB:86 nvmxdizc V:252 H: 99 F:29
				849187 18          CLC                    A:0014 X:0E68 Y:C94F S:0119 D:0000 DB:86 nvmxdizc V:252 H:104 F:29
				849188 65 04       ADC $04       [000004] A:0014 X:0E68 Y:C94F S:0119 D:0000 DB:86 nvmxdizc V:252 H:107 F:29
				84918A 85 06       STA $06       [000006] A:0114 X:0E68 Y:C94F S:0119 D:0000 DB:86 nvmxdizc V:252 H:114 F:29
				84918C A5 00       LDA $00       [000000] A:0114 X:0E68 Y:C94F S:0119 D:0000 DB:86 nvmxdizc V:252 H:121 F:29
				84918E EB          XBA                    A:14A0 X:0E68 Y:C94F S:0119 D:0000 DB:86 nvmxdizc V:252 H:128 F:29
				84918F 29 1F 00    AND #$001F             A:A014 X:0E68 Y:C94F S:0119 D:0000 DB:86 nvmxdizc V:252 H:132 F:29
				849192 85 04       STA $04       [000004] A:0014 X:0E68 Y:C94F S:0119 D:0000 DB:86 nvmxdizc V:252 H:147 F:29
				849194 A5 02       LDA $02       [000002] A:0014 X:0E68 Y:C94F S:0119 D:0000 DB:86 nvmxdizc V:252 H:154 F:29
				849196 29 00 1F    AND #$1F00             A:0A8E X:0E68 Y:C94F S:0119 D:0000 DB:86 nvmxdizc V:252 H:161 F:29
				849199 4A          LSR A                  A:0A00 X:0E68 Y:C94F S:0119 D:0000 DB:86 nvmxdizc V:252 H:165 F:29
				84919A 4A          LSR A                  A:0500 X:0E68 Y:C94F S:0119 D:0000 DB:86 nvmxdizc V:252 H:168 F:29
				84919B 4A          LSR A                  A:0280 X:0E68 Y:C94F S:0119 D:0000 DB:86 nvmxdizc V:252 H:171 F:29
				84919C 18          CLC                    A:0140 X:0E68 Y:C94F S:0119 D:0000 DB:86 nvmxdizc V:252 H:174 F:29
				84919D 65 04       ADC $04       [000004] A:0140 X:0E68 Y:C94F S:0119 D:0000 DB:86 nvmxdizc V:252 H:177 F:29
				84919F A8          TAY                    A:0154 X:0E68 Y:C94F S:0119 D:0000 DB:86 nvmxdizc V:252 H:184 F:29
				8491A0 B7 10       LDA [$10],Y   [7EE954] A:0154 X:0E68 Y:0154 S:0119 D:0000 DB:86 nvmxdizc V:252 H:187 F:29
				8491A2 29 FF 00    AND #$00FF             A:0038 X:0E68 Y:0154 S:0119 D:0000 DB:86 nvmxdizc V:252 H:200 F:29
				8491A5 A8          TAY                    A:0038 X:0E68 Y:0154 S:0119 D:0000 DB:86 nvmxdizc V:252 H:205 F:29
				8491A6 EB          XBA                    A:0038 X:0E68 Y:0038 S:0119 D:0000 DB:86 nvmxdizc V:252 H:208 F:29
				8491A7 0A          ASL A                  A:3800 X:0E68 Y:0038 S:0119 D:0000 DB:86 nvmxdiZc V:252 H:212 F:29
				8491A8 18          CLC                    A:7000 X:0E68 Y:0038 S:0119 D:0000 DB:86 nvmxdizc V:252 H:215 F:29
				8491A9 65 06       ADC $06       [000006] A:7000 X:0E68 Y:0038 S:0119 D:0000 DB:86 nvmxdizc V:252 H:218 F:29
				8491AB AA          TAX                    A:7114 X:0E68 Y:0038 S:0119 D:0000 DB:86 nvmxdizc V:252 H:225 F:29
				8491AC 60          RTS                    A:7114 X:7114 Y:0038 S:0119 D:0000 DB:86 nvmxdizc V:252 H:228 F:29

				8490F9 BF 00 20 7E LDA $7E2000,X [7E9114] A:7114 X:7114 Y:0038 S:011B D:0000 DB:86 nvmxdizc V:252 H:238 F:29
				8490FD A8          TAY                    A:0239 X:7114 Y:0038 S:011B D:0000 DB:86 nvmxdizc V:252 H:248 F:29
				8490FE AD 92 0B    LDA $0B92     [860B92] A:0239 X:7114 Y:0239 S:011B D:0000 DB:86 nvmxdizc V:252 H:251 F:29
				849101 85 10       STA $10       [000010] A:DB57 X:7114 Y:0239 S:011B D:0000 DB:86 Nvmxdizc V:252 H:260 F:29
				849103 AD 94 0B    LDA $0B94     [860B94] A:DB57 X:7114 Y:0239 S:011B D:0000 DB:86 Nvmxdizc V:252 H:267 F:29
				849106 85 12       STA $12       [000012] A:B895 X:7114 Y:0239 S:011B D:0000 DB:86 Nvmxdizc V:252 H:275 F:29
				849108 B7 10       LDA [$10],Y   [95DD90] A:B895 X:7114 Y:0239 S:011B D:0000 DB:86 Nvmxdizc V:252 H:282 F:29
				84910A 29 FF 00    AND #$00FF             A:0000 X:7114 Y:0239 S:011B D:0000 DB:86 nvmxdiZc V:252 H:294 F:29
				84910D 28          PLP                    A:0000 X:7114 Y:0239 S:011B D:0000 DB:86 nvmxdiZc V:252 H:299 F:29
				84910E FA          PLX                    A:0000 X:7114 Y:0239 S:011C D:0000 DB:86 NvMxdizc V:252 H:305 F:29
				84910F 2B          PLD                    A:0000 X:0E68 Y:0239 S:011E D:0000 DB:86 nvMxdizc V:252 H:314 F:29
				849110 60          RTS                    A:0000 X:0E68 Y:0239 S:0120 D:0000 DB:86 nvMxdiZc V:252 H:322 F:29

				849318 B4 05       LDY $05,X     [000E6D] A:0000 X:0E68 Y:0239 S:0122 D:0000 DB:86 nvMxdiZc V:252 H:331 F:29
				84931A 84 10       STY $10       [000010] A:0000 X:0E68 Y:1490 S:0122 D:0000 DB:86 nvMxdizc V:253 H:  0 F:29
				84931C B4 08       LDY $08,X     [000E70] A:0000 X:0E68 Y:1490 S:0122 D:0000 DB:86 nvMxdizc V:253 H:  7 F:29
				84931E 84 12       STY $12       [000012] A:0000 X:0E68 Y:0A9D S:0122 D:0000 DB:86 nvMxdizc V:253 H: 15 F:29
				849320 95 2D       STA $2D,X     [000E95] A:0000 X:0E68 Y:0A9D S:0122 D:0000 DB:86 nvMxdizc V:253 H: 22 F:29
				849322 86 2C       STX $2C       [00002C] A:0000 X:0E68 Y:0A9D S:0122 D:0000 DB:86 nvMxdizc V:253 H: 29 F:29
				849324 29 3F       AND #$3F               A:0000 X:0E68 Y:0A9D S:0122 D:0000 DB:86 nvMxdizc V:253 H: 36 F:29
				849326 0A          ASL A                  A:0000 X:0E68 Y:0A9D S:0122 D:0000 DB:86 nvMxdiZc V:253 H: 39 F:29
				849327 EB          XBA                    A:0000 X:0E68 Y:0A9D S:0122 D:0000 DB:86 nvMxdiZc V:253 H: 42 F:29
				849328 A9 00       LDA #$00               A:0000 X:0E68 Y:0A9D S:0122 D:0000 DB:86 nvMxdiZc V:253 H: 46 F:29
				84932A EB          XBA                    A:0000 X:0E68 Y:0A9D S:0122 D:0000 DB:86 nvMxdiZc V:253 H: 49 F:29
				84932B AA          TAX                    A:0000 X:0E68 Y:0A9D S:0122 D:0000 DB:86 nvMxdiZc V:253 H: 54 F:29
				84932C FC 5D 93    JSR ($935D,X) [84935D] A:0000 X:0000 Y:0A9D S:0122 D:0000 DB:86 nvMxdiZc V:253 H: 57 F:29

				84977A A9 00       LDA #$00               A:0000 X:0000 Y:0A9D S:0120 D:0000 DB:86 nvMxdiZc V:253 H: 70 F:29
				84977C 60          RTS                    A:0000 X:0000 Y:0A9D S:0120 D:0000 DB:86 nvMxdiZc V:253 H: 73 F:29

				84932F 08          PHP                    A:0000 X:0000 Y:0A9D S:0122 D:0000 DB:86 nvMxdiZc V:253 H: 83 F:29
				849330 A6 2C       LDX $2C       [00002C] A:0000 X:0000 Y:0A9D S:0121 D:0000 DB:86 nvMxdiZc V:253 H: 88 F:29
				849332 A9 01       LDA #$01               A:0000 X:0E68 Y:0A9D S:0121 D:0000 DB:86 nvMxdizc V:253 H: 95 F:29
				849334 34 29       BIT $29,X     [000E91] A:0001 X:0E68 Y:0A9D S:0121 D:0000 DB:86 nvMxdizc V:253 H: 98 F:29
				849336 10 02       BPL $0002     [84933A] A:0001 X:0E68 Y:0A9D S:0121 D:0000 DB:86 nvMxdiZc V:253 H:104 F:29
				84933A 28          PLP                    A:0001 X:0E68 Y:0A9D S:0121 D:0000 DB:86 nvMxdiZc V:253 H:109 F:29
				84933B F0 0C       BEQ $000C     [849349] A:0001 X:0E68 Y:0A9D S:0122 D:0000 DB:86 nvMxdiZc V:253 H:115 F:29
				849349 49 FF       EOR #$FF               A:0001 X:0E68 Y:0A9D S:0122 D:0000 DB:86 nvMxdiZc V:253 H:120 F:29
				84934B 35 2B       AND $2B,X     [000E93] A:00FE X:0E68 Y:0A9D S:0122 D:0000 DB:86 NvMxdizc V:253 H:123 F:29
				84934D 95 2B       STA $2B,X     [000E93] A:0000 X:0E68 Y:0A9D S:0122 D:0000 DB:86 nvMxdiZc V:253 H:129 F:29
				84934F 20 08 93    JSR $9308     [849308] A:0000 X:0E68 Y:0A9D S:0122 D:0000 DB:86 nvMxdiZc V:253 H:146 F:29

				849308 A5 14       LDA $14       [000014] A:0000 X:0E68 Y:0A9D S:0120 D:0000 DB:86 nvMxdiZc V:253 H:156 F:29
				84930A F0 08       BEQ $0008     [849314] A:0000 X:0E68 Y:0A9D S:0120 D:0000 DB:86 nvMxdiZc V:253 H:161 F:29
				849314 60          RTS                    A:0000 X:0E68 Y:0A9D S:0120 D:0000 DB:86 nvMxdiZc V:253 H:165 F:29

				849352 A9 00       LDA #$00               A:0000 X:0E68 Y:0A9D S:0122 D:0000 DB:86 nvMxdiZc V:253 H:175 F:29
				849354 60          RTS                    A:0000 X:0E68 Y:0A9D S:0122 D:0000 DB:86 nvMxdiZc V:253 H:178 F:29

				8492F1 D0 12       BNE $0012     [849305] A:0000 X:0E68 Y:0A9D S:0124 D:0000 DB:86 nvMxdiZc V:253 H:188 F:29
				8492F3 B4 20       LDY $20,X     [000E88] A:0000 X:0E68 Y:0A9D S:0124 D:0000 DB:86 nvMxdiZc V:253 H:191 F:29
				8492F5 B9 06 00    LDA $0006,Y   [86C955] A:0000 X:0E68 Y:C94F S:0124 D:0000 DB:86 NvMxdizc V:253 H:200 F:29
				8492F8 18          CLC                    A:00FF X:0E68 Y:C94F S:0124 D:0000 DB:86 NvMxdizc V:253 H:207 F:29
				8492F9 79 08 00    ADC $0008,Y   [86C957] A:00FF X:0E68 Y:C94F S:0124 D:0000 DB:86 NvMxdizc V:253 H:210 F:29
				8492FC 38          SEC                    A:0012 X:0E68 Y:C94F S:0124 D:0000 DB:86 nvMxdizC V:253 H:218 F:29
				8492FD F9 09 00    SBC $0009,Y   [86C958] A:0012 X:0E68 Y:C94F S:0124 D:0000 DB:86 nvMxdizC V:253 H:221 F:29
				849300 95 2A       STA $2A,X     [000E92] A:000D X:0E68 Y:C94F S:0124 D:0000 DB:86 nvMxdizC V:253 H:228 F:29
				849302 20 15 93    JSR $9315     [849315] A:000D X:0E68 Y:C94F S:0124 D:0000 DB:86 nvMxdizC V:253 H:235 F:29

				849315 20 B3 90    JSR $90B3     [8490B3] A:000D X:0E68 Y:C94F S:0122 D:0000 DB:86 nvMxdizC V:253 H:245 F:29

				8490B3 0B          PHD                    A:000D X:0E68 Y:C94F S:0120 D:0000 DB:86 nvMxdizC V:253 H:255 F:29
				8490B4 DA          PHX                    A:000D X:0E68 Y:C94F S:011E D:0000 DB:86 nvMxdizC V:253 H:262 F:29
				8490B5 08          PHP                    A:000D X:0E68 Y:C94F S:011C D:0000 DB:86 nvMxdizC V:253 H:269 F:29
				8490B6 E2 20       SEP #$20               A:000D X:0E68 Y:C94F S:011B D:0000 DB:86 nvMxdizC V:253 H:274 F:29
				8490B8 C2 10       REP #$10               A:000D X:0E68 Y:C94F S:011B D:0000 DB:86 nvMxdizC V:253 H:278 F:29
				8490BA 64 01       STZ $01       [000001] A:000D X:0E68 Y:C94F S:011B D:0000 DB:86 nvMxdizC V:253 H:283 F:29
				8490BC B5 29       LDA $29,X     [000E91] A:000D X:0E68 Y:C94F S:011B D:0000 DB:86 nvMxdizC V:253 H:288 F:29
				8490BE 10 02       BPL $0002     [8490C2] A:0010 X:0E68 Y:C94F S:011B D:0000 DB:86 nvMxdizC V:253 H:294 F:29
				8490C2 18          CLC                    A:0010 X:0E68 Y:C94F S:011B D:0000 DB:86 nvMxdizC V:253 H:299 F:29
				8490C3 75 05       ADC $05,X     [000E6D] A:0010 X:0E68 Y:C94F S:011B D:0000 DB:86 nvMxdizc V:253 H:302 F:29
				8490C5 85 00       STA $00       [000000] A:00A0 X:0E68 Y:C94F S:011B D:0000 DB:86 NvMxdizc V:253 H:308 F:29
				8490C7 B5 06       LDA $06,X     [000E6E] A:00A0 X:0E68 Y:C94F S:011B D:0000 DB:86 NvMxdizc V:253 H:313 F:29
				8490C9 65 01       ADC $01       [000001] A:0014 X:0E68 Y:C94F S:011B D:0000 DB:86 nvMxdizc V:253 H:320 F:29
				8490CB 85 01       STA $01       [000001] A:0014 X:0E68 Y:C94F S:011B D:0000 DB:86 nvMxdizc V:253 H:324 F:29
				8490CD 64 03       STZ $03       [000003] A:0014 X:0E68 Y:C94F S:011B D:0000 DB:86 nvMxdizc V:253 H:329 F:29
				8490CF B5 2A       LDA $2A,X     [000E92] A:0014 X:0E68 Y:C94F S:011B D:0000 DB:86 nvMxdizc V:253 H:334 F:29
				8490D1 10 02       BPL $0002     [8490D5] A:000D X:0E68 Y:C94F S:011B D:0000 DB:86 nvMxdizc V:254 H:  0 F:29
				8490D5 18          CLC                    A:000D X:0E68 Y:C94F S:011B D:0000 DB:86 nvMxdizc V:254 H:  5 F:29
				8490D6 75 08       ADC $08,X     [000E70] A:000D X:0E68 Y:C94F S:011B D:0000 DB:86 nvMxdizc V:254 H:  8 F:29
				8490D8 85 02       STA $02       [000002] A:00AA X:0E68 Y:C94F S:011B D:0000 DB:86 NvMxdizc V:254 H: 14 F:29
				8490DA 29 F0       AND #$F0               A:00AA X:0E68 Y:C94F S:011B D:0000 DB:86 NvMxdizc V:254 H: 19 F:29
				8490DC 85 0A       STA $0A       [00000A] A:00A0 X:0E68 Y:C94F S:011B D:0000 DB:86 NvMxdizc V:254 H: 22 F:29
				8490DE B5 09       LDA $09,X     [000E71] A:00A0 X:0E68 Y:C94F S:011B D:0000 DB:86 NvMxdizc V:254 H: 27 F:29
				8490E0 65 03       ADC $03       [000003] A:000A X:0E68 Y:C94F S:011B D:0000 DB:86 nvMxdizc V:254 H: 34 F:29
				8490E2 85 03       STA $03       [000003] A:000A X:0E68 Y:C94F S:011B D:0000 DB:86 nvMxdizc V:254 H: 39 F:29
				8490E4 85 0B       STA $0B       [00000B] A:000A X:0E68 Y:C94F S:011B D:0000 DB:86 nvMxdizc V:254 H: 44 F:29
				8490E6 A5 00       LDA $00       [000000] A:000A X:0E68 Y:C94F S:011B D:0000 DB:86 nvMxdizc V:254 H: 49 F:29
				8490E8 29 0F       AND #$0F               A:00A0 X:0E68 Y:C94F S:011B D:0000 DB:86 NvMxdizc V:254 H: 54 F:29
				8490EA 1A          INC                    A:0000 X:0E68 Y:C94F S:011B D:0000 DB:86 nvMxdiZc V:254 H: 57 F:29
				8490EB 85 0C       STA $0C       [00000C] A:0001 X:0E68 Y:C94F S:011B D:0000 DB:86 nvMxdizc V:254 H: 60 F:29
				8490ED A5 02       LDA $02       [000002] A:0001 X:0E68 Y:C94F S:011B D:0000 DB:86 nvMxdizc V:254 H: 65 F:29
				8490EF 29 0F       AND #$0F               A:00AA X:0E68 Y:C94F S:011B D:0000 DB:86 NvMxdizc V:254 H: 70 F:29
				8490F1 1A          INC                    A:000A X:0E68 Y:C94F S:011B D:0000 DB:86 nvMxdizc V:254 H: 73 F:29
				8490F2 85 0E       STA $0E       [00000E] A:000B X:0E68 Y:C94F S:011B D:0000 DB:86 nvMxdizc V:254 H: 76 F:29
				8490F4 C2 20       REP #$20               A:000B X:0E68 Y:C94F S:011B D:0000 DB:86 nvMxdizc V:254 H: 81 F:29
				8490F6 20 6A 91    JSR $916A     [84916A] A:000B X:0E68 Y:C94F S:011B D:0000 DB:86 nvmxdizc V:254 H: 85 F:29

				84916A A9 00 E8    LDA #$E800             A:000B X:0E68 Y:C94F S:0119 D:0000 DB:86 nvmxdizc V:254 H: 95 F:29
				84916D 85 10       STA $10       [000010] A:E800 X:0E68 Y:C94F S:0119 D:0000 DB:86 Nvmxdizc V:254 H:100 F:29
				84916F A9 7E 00    LDA #$007E             A:E800 X:0E68 Y:C94F S:0119 D:0000 DB:86 Nvmxdizc V:254 H:107 F:29
				849172 85 12       STA $12       [000012] A:007E X:0E68 Y:C94F S:0119 D:0000 DB:86 nvmxdizc V:254 H:111 F:29
				849174 A5 02       LDA $02       [000002] A:007E X:0E68 Y:C94F S:0119 D:0000 DB:86 nvmxdizc V:254 H:118 F:29
				849176 29 F0 00    AND #$00F0             A:0AAA X:0E68 Y:C94F S:0119 D:0000 DB:86 nvmxdizc V:254 H:125 F:29
				849179 0A          ASL A                  A:00A0 X:0E68 Y:C94F S:0119 D:0000 DB:86 nvmxdizc V:254 H:130 F:29
				84917A 85 04       STA $04       [000004] A:0140 X:0E68 Y:C94F S:0119 D:0000 DB:86 nvmxdizc V:254 H:133 F:29
				84917C A5 00       LDA $00       [000000] A:0140 X:0E68 Y:C94F S:0119 D:0000 DB:86 nvmxdizc V:254 H:150 F:29
				84917E 29 FF 00    AND #$00FF             A:14A0 X:0E68 Y:C94F S:0119 D:0000 DB:86 nvmxdizc V:254 H:157 F:29
				849181 4A          LSR A                  A:00A0 X:0E68 Y:C94F S:0119 D:0000 DB:86 nvmxdizc V:254 H:161 F:29
				849182 4A          LSR A                  A:0050 X:0E68 Y:C94F S:0119 D:0000 DB:86 nvmxdizc V:254 H:164 F:29
				849183 4A          LSR A                  A:0028 X:0E68 Y:C94F S:0119 D:0000 DB:86 nvmxdizc V:254 H:167 F:29
				849184 29 FE FF    AND #$FFFE             A:0014 X:0E68 Y:C94F S:0119 D:0000 DB:86 nvmxdizc V:254 H:170 F:29
				849187 18          CLC                    A:0014 X:0E68 Y:C94F S:0119 D:0000 DB:86 nvmxdizc V:254 H:175 F:29
				849188 65 04       ADC $04       [000004] A:0014 X:0E68 Y:C94F S:0119 D:0000 DB:86 nvmxdizc V:254 H:178 F:29
				84918A 85 06       STA $06       [000006] A:0154 X:0E68 Y:C94F S:0119 D:0000 DB:86 nvmxdizc V:254 H:185 F:29
				84918C A5 00       LDA $00       [000000] A:0154 X:0E68 Y:C94F S:0119 D:0000 DB:86 nvmxdizc V:254 H:192 F:29
				84918E EB          XBA                    A:14A0 X:0E68 Y:C94F S:0119 D:0000 DB:86 nvmxdizc V:254 H:199 F:29
				84918F 29 1F 00    AND #$001F             A:A014 X:0E68 Y:C94F S:0119 D:0000 DB:86 nvmxdizc V:254 H:203 F:29
				849192 85 04       STA $04       [000004] A:0014 X:0E68 Y:C94F S:0119 D:0000 DB:86 nvmxdizc V:254 H:208 F:29
				849194 A5 02       LDA $02       [000002] A:0014 X:0E68 Y:C94F S:0119 D:0000 DB:86 nvmxdizc V:254 H:215 F:29
				849196 29 00 1F    AND #$1F00             A:0AAA X:0E68 Y:C94F S:0119 D:0000 DB:86 nvmxdizc V:254 H:222 F:29
				849199 4A          LSR A                  A:0A00 X:0E68 Y:C94F S:0119 D:0000 DB:86 nvmxdizc V:254 H:226 F:29
				84919A 4A          LSR A                  A:0500 X:0E68 Y:C94F S:0119 D:0000 DB:86 nvmxdizc V:254 H:229 F:29
				84919B 4A          LSR A                  A:0280 X:0E68 Y:C94F S:0119 D:0000 DB:86 nvmxdizc V:254 H:232 F:29
				84919C 18          CLC                    A:0140 X:0E68 Y:C94F S:0119 D:0000 DB:86 nvmxdizc V:254 H:235 F:29
				84919D 65 04       ADC $04       [000004] A:0140 X:0E68 Y:C94F S:0119 D:0000 DB:86 nvmxdizc V:254 H:238 F:29
				84919F A8          TAY                    A:0154 X:0E68 Y:C94F S:0119 D:0000 DB:86 nvmxdizc V:254 H:245 F:29
				8491A0 B7 10       LDA [$10],Y   [7EE954] A:0154 X:0E68 Y:0154 S:0119 D:0000 DB:86 nvmxdizc V:254 H:248 F:29
				8491A2 29 FF 00    AND #$00FF             A:0038 X:0E68 Y:0154 S:0119 D:0000 DB:86 nvmxdizc V:254 H:261 F:29
				8491A5 A8          TAY                    A:0038 X:0E68 Y:0154 S:0119 D:0000 DB:86 nvmxdizc V:254 H:266 F:29
				8491A6 EB          XBA                    A:0038 X:0E68 Y:0038 S:0119 D:0000 DB:86 nvmxdizc V:254 H:269 F:29
				8491A7 0A          ASL A                  A:3800 X:0E68 Y:0038 S:0119 D:0000 DB:86 nvmxdiZc V:254 H:273 F:29
				8491A8 18          CLC                    A:7000 X:0E68 Y:0038 S:0119 D:0000 DB:86 nvmxdizc V:254 H:276 F:29
				8491A9 65 06       ADC $06       [000006] A:7000 X:0E68 Y:0038 S:0119 D:0000 DB:86 nvmxdizc V:254 H:279 F:29
				8491AB AA          TAX                    A:7154 X:0E68 Y:0038 S:0119 D:0000 DB:86 nvmxdizc V:254 H:286 F:29
				8491AC 60          RTS                    A:7154 X:7154 Y:0038 S:0119 D:0000 DB:86 nvmxdizc V:254 H:289 F:29

				8490F9 BF 00 20 7E LDA $7E2000,X [7E9154] A:7154 X:7154 Y:0038 S:011B D:0000 DB:86 nvmxdizc V:254 H:299 F:29
				8490FD A8          TAY                    A:01D2 X:7154 Y:0038 S:011B D:0000 DB:86 nvmxdizc V:254 H:309 F:29
				8490FE AD 92 0B    LDA $0B92     [860B92] A:01D2 X:7154 Y:01D2 S:011B D:0000 DB:86 nvmxdizc V:254 H:312 F:29
				849101 85 10       STA $10       [000010] A:DB57 X:7154 Y:01D2 S:011B D:0000 DB:86 Nvmxdizc V:254 H:321 F:29
				849103 AD 94 0B    LDA $0B94     [860B94] A:DB57 X:7154 Y:01D2 S:011B D:0000 DB:86 Nvmxdizc V:254 H:327 F:29
				849106 85 12       STA $12       [000012] A:B895 X:7154 Y:01D2 S:011B D:0000 DB:86 Nvmxdizc V:254 H:335 F:29
				849108 B7 10       LDA [$10],Y   [95DD29] A:B895 X:7154 Y:01D2 S:011B D:0000 DB:86 Nvmxdizc V:255 H:  2 F:29
				84910A 29 FF 00    AND #$00FF             A:0000 X:7154 Y:01D2 S:011B D:0000 DB:86 nvmxdiZc V:255 H: 14 F:29
				84910D 28          PLP                    A:0000 X:7154 Y:01D2 S:011B D:0000 DB:86 nvmxdiZc V:255 H: 19 F:29
				84910E FA          PLX                    A:0000 X:7154 Y:01D2 S:011C D:0000 DB:86 nvMxdizC V:255 H: 25 F:29
				84910F 2B          PLD                    A:0000 X:0E68 Y:01D2 S:011E D:0000 DB:86 nvMxdizC V:255 H: 34 F:29
				849110 60          RTS                    A:0000 X:0E68 Y:01D2 S:0120 D:0000 DB:86 nvMxdiZC V:255 H: 42 F:29

				849318 B4 05       LDY $05,X     [000E6D] A:0000 X:0E68 Y:01D2 S:0122 D:0000 DB:86 nvMxdiZC V:255 H: 52 F:29
				84931A 84 10       STY $10       [000010] A:0000 X:0E68 Y:1490 S:0122 D:0000 DB:86 nvMxdizC V:255 H: 61 F:29
				84931C B4 08       LDY $08,X     [000E70] A:0000 X:0E68 Y:1490 S:0122 D:0000 DB:86 nvMxdizC V:255 H: 68 F:29
				84931E 84 12       STY $12       [000012] A:0000 X:0E68 Y:0A9D S:0122 D:0000 DB:86 nvMxdizC V:255 H: 76 F:29
				849320 95 2D       STA $2D,X     [000E95] A:0000 X:0E68 Y:0A9D S:0122 D:0000 DB:86 nvMxdizC V:255 H: 83 F:29
				849322 86 2C       STX $2C       [00002C] A:0000 X:0E68 Y:0A9D S:0122 D:0000 DB:86 nvMxdizC V:255 H: 90 F:29
				849324 29 3F       AND #$3F               A:0000 X:0E68 Y:0A9D S:0122 D:0000 DB:86 nvMxdizC V:255 H: 97 F:29
				849326 0A          ASL A                  A:0000 X:0E68 Y:0A9D S:0122 D:0000 DB:86 nvMxdiZC V:255 H:100 F:29
				849327 EB          XBA                    A:0000 X:0E68 Y:0A9D S:0122 D:0000 DB:86 nvMxdiZc V:255 H:103 F:29
				849328 A9 00       LDA #$00               A:0000 X:0E68 Y:0A9D S:0122 D:0000 DB:86 nvMxdiZc V:255 H:107 F:29
				84932A EB          XBA                    A:0000 X:0E68 Y:0A9D S:0122 D:0000 DB:86 nvMxdiZc V:255 H:110 F:29
				84932B AA          TAX                    A:0000 X:0E68 Y:0A9D S:0122 D:0000 DB:86 nvMxdiZc V:255 H:115 F:29
				84932C FC 5D 93    JSR ($935D,X) [84935D] A:0000 X:0000 Y:0A9D S:0122 D:0000 DB:86 nvMxdiZc V:255 H:118 F:29

				84977A A9 00       LDA #$00               A:0000 X:0000 Y:0A9D S:0120 D:0000 DB:86 nvMxdiZc V:255 H:131 F:29
				84977C 60          RTS                    A:0000 X:0000 Y:0A9D S:0120 D:0000 DB:86 nvMxdiZc V:255 H:134 F:29

				84932F 08          PHP                    A:0000 X:0000 Y:0A9D S:0122 D:0000 DB:86 nvMxdiZc V:255 H:154 F:29
				849330 A6 2C       LDX $2C       [00002C] A:0000 X:0000 Y:0A9D S:0121 D:0000 DB:86 nvMxdiZc V:255 H:159 F:29
				849332 A9 01       LDA #$01               A:0000 X:0E68 Y:0A9D S:0121 D:0000 DB:86 nvMxdizc V:255 H:166 F:29
				849334 34 29       BIT $29,X     [000E91] A:0001 X:0E68 Y:0A9D S:0121 D:0000 DB:86 nvMxdizc V:255 H:169 F:29
				849336 10 02       BPL $0002     [84933A] A:0001 X:0E68 Y:0A9D S:0121 D:0000 DB:86 nvMxdiZc V:255 H:175 F:29
				84933A 28          PLP                    A:0001 X:0E68 Y:0A9D S:0121 D:0000 DB:86 nvMxdiZc V:255 H:180 F:29
				84933B F0 0C       BEQ $000C     [849349] A:0001 X:0E68 Y:0A9D S:0122 D:0000 DB:86 nvMxdiZc V:255 H:186 F:29
				849349 49 FF       EOR #$FF               A:0001 X:0E68 Y:0A9D S:0122 D:0000 DB:86 nvMxdiZc V:255 H:191 F:29
				84934B 35 2B       AND $2B,X     [000E93] A:00FE X:0E68 Y:0A9D S:0122 D:0000 DB:86 NvMxdizc V:255 H:194 F:29
				84934D 95 2B       STA $2B,X     [000E93] A:0000 X:0E68 Y:0A9D S:0122 D:0000 DB:86 nvMxdiZc V:255 H:200 F:29
				84934F 20 08 93    JSR $9308     [849308] A:0000 X:0E68 Y:0A9D S:0122 D:0000 DB:86 nvMxdiZc V:255 H:207 F:29

				849308 A5 14       LDA $14       [000014] A:0000 X:0E68 Y:0A9D S:0120 D:0000 DB:86 nvMxdiZc V:255 H:217 F:29
				84930A F0 08       BEQ $0008     [849314] A:0000 X:0E68 Y:0A9D S:0120 D:0000 DB:86 nvMxdiZc V:255 H:222 F:29
				849314 60          RTS                    A:0000 X:0E68 Y:0A9D S:0120 D:0000 DB:86 nvMxdiZc V:255 H:226 F:29

				849352 A9 00       LDA #$00               A:0000 X:0E68 Y:0A9D S:0122 D:0000 DB:86 nvMxdiZc V:255 H:236 F:29
				849354 60          RTS                    A:0000 X:0E68 Y:0A9D S:0122 D:0000 DB:86 nvMxdiZc V:255 H:239 F:29

				849305 C2 30       REP #$30               A:0000 X:0E68 Y:0A9D S:0124 D:0000 DB:86 nvMxdiZc V:255 H:249 F:29
				849307 60          RTS                    A:0000 X:0E68 Y:0A9D S:0124 D:0000 DB:86 nvmxdiZc V:255 H:254 F:29

				8491D8 20 ED 91    JSR $91ED     [8491ED] A:0000 X:0E68 Y:0A9D S:0126 D:0000 DB:86 nvmxdiZc V:255 H:264 F:29

				8491ED B5 08       LDA $08,X     [000E70] A:0000 X:0E68 Y:0A9D S:0124 D:0000 DB:86 nvmxdiZc V:255 H:274 F:29
				8491EF D5 24       CMP $24,X     [000E8C] A:0A9D X:0E68 Y:0A9D S:0124 D:0000 DB:86 nvmxdizc V:255 H:282 F:29
				8491F1 F0 F2       BEQ $00F2     [8491E5] A:0A9D X:0E68 Y:0A9D S:0124 D:0000 DB:86 nvmxdiZC V:255 H:291 F:29
				8491E5 B5 1C       LDA $1C,X     [000E84] A:0A9D X:0E68 Y:0A9D S:0124 D:0000 DB:86 nvmxdiZC V:255 H:295 F:29
				8491E7 F0 F5       BEQ $00F5     [8491DE] A:FC80 X:0E68 Y:0A9D S:0124 D:0000 DB:86 NvmxdizC V:255 H:304 F:29
				8491E9 10 0A       BPL $000A     [8491F5] A:FC80 X:0E68 Y:0A9D S:0124 D:0000 DB:86 NvmxdizC V:255 H:307 F:29
				8491EB 80 55       BRA $0055     [849242] A:FC80 X:0E68 Y:0A9D S:0124 D:0000 DB:86 NvmxdizC V:255 H:310 F:29
				849242 E2 20       SEP #$20               A:FC80 X:0E68 Y:0A9D S:0124 D:0000 DB:86 NvmxdizC V:255 H:314 F:29
				849244 A0 04 00    LDY #$0004             A:FC80 X:0E68 Y:0A9D S:0124 D:0000 DB:86 NvMxdizC V:255 H:319 F:29
				849247 AD 1C 1F    LDA $1F1C     [861F1C] A:FC80 X:0E68 Y:0004 S:0124 D:0000 DB:86 nvMxdizC V:255 H:323 F:29
				84924A F0 03       BEQ $0003     [84924F] A:FC00 X:0E68 Y:0004 S:0124 D:0000 DB:86 nvMxdiZC V:255 H:329 F:29
				84924F B5 2F       LDA $2F,X     [000E97] A:FC00 X:0E68 Y:0004 S:0124 D:0000 DB:86 nvMxdiZC V:255 H:333 F:29
				849251 F0 03       BEQ $0003     [849256] A:FC00 X:0E68 Y:0004 S:0124 D:0000 DB:86 nvMxdiZC V:256 H:  0 F:29
				849256 98          TYA                    A:FC00 X:0E68 Y:0004 S:0124 D:0000 DB:86 nvMxdiZC V:256 H:  4 F:29
				849257 09 80       ORA #$80               A:FC04 X:0E68 Y:0004 S:0124 D:0000 DB:86 nvMxdizC V:256 H:  7 F:29
				849259 85 08       STA $08       [000008] A:FC84 X:0E68 Y:0004 S:0124 D:0000 DB:86 NvMxdizC V:256 H: 10 F:29
				84925B B4 20       LDY $20,X     [000E88] A:FC84 X:0E68 Y:0004 S:0124 D:0000 DB:86 NvMxdizC V:256 H: 15 F:29
				84925D B9 06 00    LDA $0006,Y   [86C955] A:FC84 X:0E68 Y:C94F S:0124 D:0000 DB:86 NvMxdizC V:256 H: 24 F:29
				849260 18          CLC                    A:FCFF X:0E68 Y:C94F S:0124 D:0000 DB:86 NvMxdizC V:256 H: 31 F:29
				849261 79 08 00    ADC $0008,Y   [86C957] A:FCFF X:0E68 Y:C94F S:0124 D:0000 DB:86 NvMxdizc V:256 H: 34 F:29
				849264 95 2A       STA $2A,X     [000E92] A:FC12 X:0E68 Y:C94F S:0124 D:0000 DB:86 nvMxdizC V:256 H: 42 F:29
				849266 B9 05 00    LDA $0005,Y   [86C954] A:FC12 X:0E68 Y:C94F S:0124 D:0000 DB:86 nvMxdizC V:256 H: 48 F:29
				849269 34 11       BIT $11,X     [000E79] A:FC00 X:0E68 Y:C94F S:0124 D:0000 DB:86 nvMxdiZC V:256 H: 56 F:29
				84926B 50 03       BVC $0003     [849270] A:FC00 X:0E68 Y:C94F S:0124 D:0000 DB:86 nvMxdiZC V:256 H: 62 F:29
				849270 95 29       STA $29,X     [000E91] A:FC00 X:0E68 Y:C94F S:0124 D:0000 DB:86 nvMxdiZC V:256 H: 67 F:29
				849272 20 C4 95    JSR $95C4     [8495C4] A:FC00 X:0E68 Y:C94F S:0124 D:0000 DB:86 nvMxdiZC V:256 H: 73 F:29

				8495C4 B5 2A       LDA $2A,X     [000E92] A:FC00 X:0E68 Y:C94F S:0122 D:0000 DB:86 nvMxdiZC V:256 H: 83 F:29
				8495C6 48          PHA                    A:FC12 X:0E68 Y:C94F S:0122 D:0000 DB:86 nvMxdizC V:256 H: 90 F:29
				8495C7 A5 08       LDA $08       [000008] A:FC12 X:0E68 Y:C94F S:0121 D:0000 DB:86 nvMxdizC V:256 H: 95 F:29
				8495C9 29 7F       AND #$7F               A:FC84 X:0E68 Y:C94F S:0121 D:0000 DB:86 NvMxdizC V:256 H:100 F:29
				8495CB 18          CLC                    A:FC04 X:0E68 Y:C94F S:0121 D:0000 DB:86 nvMxdizC V:256 H:103 F:29
				8495CC 75 2A       ADC $2A,X     [000E92] A:FC04 X:0E68 Y:C94F S:0121 D:0000 DB:86 nvMxdizc V:256 H:106 F:29
				8495CE 95 2A       STA $2A,X     [000E92] A:FC16 X:0E68 Y:C94F S:0121 D:0000 DB:86 nvMxdizc V:256 H:112 F:29
				8495D0 20 B3 90    JSR $90B3     [8490B3] A:FC16 X:0E68 Y:C94F S:0121 D:0000 DB:86 nvMxdizc V:256 H:119 F:29

				8490B3 0B          PHD                    A:FC16 X:0E68 Y:C94F S:011F D:0000 DB:86 nvMxdizc V:256 H:129 F:29
				8490B4 DA          PHX                    A:FC16 X:0E68 Y:C94F S:011D D:0000 DB:86 nvMxdizc V:256 H:146 F:29
				8490B5 08          PHP                    A:FC16 X:0E68 Y:C94F S:011B D:0000 DB:86 nvMxdizc V:256 H:153 F:29
				8490B6 E2 20       SEP #$20               A:FC16 X:0E68 Y:C94F S:011A D:0000 DB:86 nvMxdizc V:256 H:158 F:29
				8490B8 C2 10       REP #$10               A:FC16 X:0E68 Y:C94F S:011A D:0000 DB:86 nvMxdizc V:256 H:162 F:29
				8490BA 64 01       STZ $01       [000001] A:FC16 X:0E68 Y:C94F S:011A D:0000 DB:86 nvMxdizc V:256 H:167 F:29
				8490BC B5 29       LDA $29,X     [000E91] A:FC16 X:0E68 Y:C94F S:011A D:0000 DB:86 nvMxdizc V:256 H:172 F:29
				8490BE 10 02       BPL $0002     [8490C2] A:FC00 X:0E68 Y:C94F S:011A D:0000 DB:86 nvMxdiZc V:256 H:178 F:29
				8490C2 18          CLC                    A:FC00 X:0E68 Y:C94F S:011A D:0000 DB:86 nvMxdiZc V:256 H:183 F:29
				8490C3 75 05       ADC $05,X     [000E6D] A:FC00 X:0E68 Y:C94F S:011A D:0000 DB:86 nvMxdiZc V:256 H:186 F:29
				8490C5 85 00       STA $00       [000000] A:FC90 X:0E68 Y:C94F S:011A D:0000 DB:86 NvMxdizc V:256 H:192 F:29
				8490C7 B5 06       LDA $06,X     [000E6E] A:FC90 X:0E68 Y:C94F S:011A D:0000 DB:86 NvMxdizc V:256 H:197 F:29
				8490C9 65 01       ADC $01       [000001] A:FC14 X:0E68 Y:C94F S:011A D:0000 DB:86 nvMxdizc V:256 H:204 F:29
				8490CB 85 01       STA $01       [000001] A:FC14 X:0E68 Y:C94F S:011A D:0000 DB:86 nvMxdizc V:256 H:209 F:29
				8490CD 64 03       STZ $03       [000003] A:FC14 X:0E68 Y:C94F S:011A D:0000 DB:86 nvMxdizc V:256 H:214 F:29
				8490CF B5 2A       LDA $2A,X     [000E92] A:FC14 X:0E68 Y:C94F S:011A D:0000 DB:86 nvMxdizc V:256 H:219 F:29
				8490D1 10 02       BPL $0002     [8490D5] A:FC16 X:0E68 Y:C94F S:011A D:0000 DB:86 nvMxdizc V:256 H:225 F:29
				8490D5 18          CLC                    A:FC16 X:0E68 Y:C94F S:011A D:0000 DB:86 nvMxdizc V:256 H:230 F:29
				8490D6 75 08       ADC $08,X     [000E70] A:FC16 X:0E68 Y:C94F S:011A D:0000 DB:86 nvMxdizc V:256 H:233 F:29
				8490D8 85 02       STA $02       [000002] A:FCB3 X:0E68 Y:C94F S:011A D:0000 DB:86 NvMxdizc V:256 H:239 F:29
				8490DA 29 F0       AND #$F0               A:FCB3 X:0E68 Y:C94F S:011A D:0000 DB:86 NvMxdizc V:256 H:244 F:29
				8490DC 85 0A       STA $0A       [00000A] A:FCB0 X:0E68 Y:C94F S:011A D:0000 DB:86 NvMxdizc V:256 H:247 F:29
				8490DE B5 09       LDA $09,X     [000E71] A:FCB0 X:0E68 Y:C94F S:011A D:0000 DB:86 NvMxdizc V:256 H:252 F:29
				8490E0 65 03       ADC $03       [000003] A:FC0A X:0E68 Y:C94F S:011A D:0000 DB:86 nvMxdizc V:256 H:259 F:29
				8490E2 85 03       STA $03       [000003] A:FC0A X:0E68 Y:C94F S:011A D:0000 DB:86 nvMxdizc V:256 H:264 F:29
				8490E4 85 0B       STA $0B       [00000B] A:FC0A X:0E68 Y:C94F S:011A D:0000 DB:86 nvMxdizc V:256 H:269 F:29
				8490E6 A5 00       LDA $00       [000000] A:FC0A X:0E68 Y:C94F S:011A D:0000 DB:86 nvMxdizc V:256 H:274 F:29
				8490E8 29 0F       AND #$0F               A:FC90 X:0E68 Y:C94F S:011A D:0000 DB:86 NvMxdizc V:256 H:279 F:29
				8490EA 1A          INC                    A:FC00 X:0E68 Y:C94F S:011A D:0000 DB:86 nvMxdiZc V:256 H:282 F:29
				8490EB 85 0C       STA $0C       [00000C] A:FC01 X:0E68 Y:C94F S:011A D:0000 DB:86 nvMxdizc V:256 H:285 F:29
				8490ED A5 02       LDA $02       [000002] A:FC01 X:0E68 Y:C94F S:011A D:0000 DB:86 nvMxdizc V:256 H:290 F:29
				8490EF 29 0F       AND #$0F               A:FCB3 X:0E68 Y:C94F S:011A D:0000 DB:86 NvMxdizc V:256 H:295 F:29
				8490F1 1A          INC                    A:FC03 X:0E68 Y:C94F S:011A D:0000 DB:86 nvMxdizc V:256 H:298 F:29
				8490F2 85 0E       STA $0E       [00000E] A:FC04 X:0E68 Y:C94F S:011A D:0000 DB:86 nvMxdizc V:256 H:301 F:29
				8490F4 C2 20       REP #$20               A:FC04 X:0E68 Y:C94F S:011A D:0000 DB:86 nvMxdizc V:256 H:306 F:29
				8490F6 20 6A 91    JSR $916A     [84916A] A:FC04 X:0E68 Y:C94F S:011A D:0000 DB:86 nvmxdizc V:256 H:310 F:29

				84916A A9 00 E8    LDA #$E800             A:FC04 X:0E68 Y:C94F S:0118 D:0000 DB:86 nvmxdizc V:256 H:320 F:29
				84916D 85 10       STA $10       [000010] A:E800 X:0E68 Y:C94F S:0118 D:0000 DB:86 Nvmxdizc V:256 H:324 F:29
				84916F A9 7E 00    LDA #$007E             A:E800 X:0E68 Y:C94F S:0118 D:0000 DB:86 Nvmxdizc V:256 H:331 F:29
				849172 85 12       STA $12       [000012] A:007E X:0E68 Y:C94F S:0118 D:0000 DB:86 nvmxdizc V:256 H:335 F:29
				849174 A5 02       LDA $02       [000002] A:007E X:0E68 Y:C94F S:0118 D:0000 DB:86 nvmxdizc V:257 H:  2 F:29
				849176 29 F0 00    AND #$00F0             A:0AB3 X:0E68 Y:C94F S:0118 D:0000 DB:86 nvmxdizc V:257 H:  9 F:29
				849179 0A          ASL A                  A:00B0 X:0E68 Y:C94F S:0118 D:0000 DB:86 nvmxdizc V:257 H: 14 F:29
				84917A 85 04       STA $04       [000004] A:0160 X:0E68 Y:C94F S:0118 D:0000 DB:86 nvmxdizc V:257 H: 17 F:29
				84917C A5 00       LDA $00       [000000] A:0160 X:0E68 Y:C94F S:0118 D:0000 DB:86 nvmxdizc V:257 H: 24 F:29
				84917E 29 FF 00    AND #$00FF             A:1490 X:0E68 Y:C94F S:0118 D:0000 DB:86 nvmxdizc V:257 H: 31 F:29
				849181 4A          LSR A                  A:0090 X:0E68 Y:C94F S:0118 D:0000 DB:86 nvmxdizc V:257 H: 35 F:29
				849182 4A          LSR A                  A:0048 X:0E68 Y:C94F S:0118 D:0000 DB:86 nvmxdizc V:257 H: 38 F:29
				849183 4A          LSR A                  A:0024 X:0E68 Y:C94F S:0118 D:0000 DB:86 nvmxdizc V:257 H: 41 F:29
				849184 29 FE FF    AND #$FFFE             A:0012 X:0E68 Y:C94F S:0118 D:0000 DB:86 nvmxdizc V:257 H: 44 F:29
				849187 18          CLC                    A:0012 X:0E68 Y:C94F S:0118 D:0000 DB:86 nvmxdizc V:257 H: 49 F:29
				849188 65 04       ADC $04       [000004] A:0012 X:0E68 Y:C94F S:0118 D:0000 DB:86 nvmxdizc V:257 H: 52 F:29
				84918A 85 06       STA $06       [000006] A:0172 X:0E68 Y:C94F S:0118 D:0000 DB:86 nvmxdizc V:257 H: 59 F:29
				84918C A5 00       LDA $00       [000000] A:0172 X:0E68 Y:C94F S:0118 D:0000 DB:86 nvmxdizc V:257 H: 66 F:29
				84918E EB          XBA                    A:1490 X:0E68 Y:C94F S:0118 D:0000 DB:86 nvmxdizc V:257 H: 73 F:29
				84918F 29 1F 00    AND #$001F             A:9014 X:0E68 Y:C94F S:0118 D:0000 DB:86 nvmxdizc V:257 H: 77 F:29
				849192 85 04       STA $04       [000004] A:0014 X:0E68 Y:C94F S:0118 D:0000 DB:86 nvmxdizc V:257 H: 82 F:29
				849194 A5 02       LDA $02       [000002] A:0014 X:0E68 Y:C94F S:0118 D:0000 DB:86 nvmxdizc V:257 H: 89 F:29
				849196 29 00 1F    AND #$1F00             A:0AB3 X:0E68 Y:C94F S:0118 D:0000 DB:86 nvmxdizc V:257 H: 96 F:29
				849199 4A          LSR A                  A:0A00 X:0E68 Y:C94F S:0118 D:0000 DB:86 nvmxdizc V:257 H:100 F:29
				84919A 4A          LSR A                  A:0500 X:0E68 Y:C94F S:0118 D:0000 DB:86 nvmxdizc V:257 H:103 F:29
				84919B 4A          LSR A                  A:0280 X:0E68 Y:C94F S:0118 D:0000 DB:86 nvmxdizc V:257 H:106 F:29
				84919C 18          CLC                    A:0140 X:0E68 Y:C94F S:0118 D:0000 DB:86 nvmxdizc V:257 H:109 F:29
				84919D 65 04       ADC $04       [000004] A:0140 X:0E68 Y:C94F S:0118 D:0000 DB:86 nvmxdizc V:257 H:112 F:29
				84919F A8          TAY                    A:0154 X:0E68 Y:C94F S:0118 D:0000 DB:86 nvmxdizc V:257 H:119 F:29
				8491A0 B7 10       LDA [$10],Y   [7EE954] A:0154 X:0E68 Y:0154 S:0118 D:0000 DB:86 nvmxdizc V:257 H:122 F:29
				8491A2 29 FF 00    AND #$00FF             A:0038 X:0E68 Y:0154 S:0118 D:0000 DB:86 nvmxdizc V:257 H:145 F:29
				8491A5 A8          TAY                    A:0038 X:0E68 Y:0154 S:0118 D:0000 DB:86 nvmxdizc V:257 H:150 F:29
				8491A6 EB          XBA                    A:0038 X:0E68 Y:0038 S:0118 D:0000 DB:86 nvmxdizc V:257 H:153 F:29
				8491A7 0A          ASL A                  A:3800 X:0E68 Y:0038 S:0118 D:0000 DB:86 nvmxdiZc V:257 H:157 F:29
				8491A8 18          CLC                    A:7000 X:0E68 Y:0038 S:0118 D:0000 DB:86 nvmxdizc V:257 H:160 F:29
				8491A9 65 06       ADC $06       [000006] A:7000 X:0E68 Y:0038 S:0118 D:0000 DB:86 nvmxdizc V:257 H:163 F:29
				8491AB AA          TAX                    A:7172 X:0E68 Y:0038 S:0118 D:0000 DB:86 nvmxdizc V:257 H:170 F:29
				8491AC 60          RTS                    A:7172 X:7172 Y:0038 S:0118 D:0000 DB:86 nvmxdizc V:257 H:173 F:29

				8490F9 BF 00 20 7E LDA $7E2000,X [7E9172] A:7172 X:7172 Y:0038 S:011A D:0000 DB:86 nvmxdizc V:257 H:183 F:29
				8490FD A8          TAY                    A:0131 X:7172 Y:0038 S:011A D:0000 DB:86 nvmxdizc V:257 H:193 F:29
				8490FE AD 92 0B    LDA $0B92     [860B92] A:0131 X:7172 Y:0131 S:011A D:0000 DB:86 nvmxdizc V:257 H:196 F:29
				849101 85 10       STA $10       [000010] A:DB57 X:7172 Y:0131 S:011A D:0000 DB:86 Nvmxdizc V:257 H:205 F:29
				849103 AD 94 0B    LDA $0B94     [860B94] A:DB57 X:7172 Y:0131 S:011A D:0000 DB:86 Nvmxdizc V:257 H:212 F:29
				849106 85 12       STA $12       [000012] A:B895 X:7172 Y:0131 S:011A D:0000 DB:86 Nvmxdizc V:257 H:220 F:29
				849108 B7 10       LDA [$10],Y   [95DC88] A:B895 X:7172 Y:0131 S:011A D:0000 DB:86 Nvmxdizc V:257 H:227 F:29
				84910A 29 FF 00    AND #$00FF             A:3B3B X:7172 Y:0131 S:011A D:0000 DB:86 nvmxdizc V:257 H:239 F:29
				84910D 28          PLP                    A:003B X:7172 Y:0131 S:011A D:0000 DB:86 nvmxdizc V:257 H:244 F:29
				84910E FA          PLX                    A:003B X:7172 Y:0131 S:011B D:0000 DB:86 nvMxdizc V:257 H:250 F:29
				84910F 2B          PLD                    A:003B X:0E68 Y:0131 S:011D D:0000 DB:86 nvMxdizc V:257 H:259 F:29
				849110 60          RTS                    A:003B X:0E68 Y:0131 S:011F D:0000 DB:86 nvMxdiZc V:257 H:267 F:29

				8495D3 95 2E       STA $2E,X     [000E96] A:003B X:0E68 Y:0131 S:0121 D:0000 DB:86 nvMxdiZc V:257 H:277 F:29
				8495D5 85 18       STA $18       [000018] A:003B X:0E68 Y:0131 S:0121 D:0000 DB:86 nvMxdiZc V:257 H:284 F:29
				8495D7 29 3F       AND #$3F               A:003B X:0E68 Y:0131 S:0121 D:0000 DB:86 nvMxdiZc V:257 H:289 F:29
				8495D9 0A          ASL A                  A:003B X:0E68 Y:0131 S:0121 D:0000 DB:86 nvMxdizc V:257 H:292 F:29
				8495DA EB          XBA                    A:0076 X:0E68 Y:0131 S:0121 D:0000 DB:86 nvMxdizc V:257 H:295 F:29
				8495DB A9 00       LDA #$00               A:7600 X:0E68 Y:0131 S:0121 D:0000 DB:86 nvMxdiZc V:257 H:299 F:29
				8495DD EB          XBA                    A:7600 X:0E68 Y:0131 S:0121 D:0000 DB:86 nvMxdiZc V:257 H:302 F:29
				8495DE A8          TAY                    A:0076 X:0E68 Y:0131 S:0121 D:0000 DB:86 nvMxdizc V:257 H:307 F:29
				8495DF 84 28       STY $28       [000028] A:0076 X:0E68 Y:0076 S:0121 D:0000 DB:86 nvMxdizc V:257 H:310 F:29
				8495E1 86 2C       STX $2C       [00002C] A:0076 X:0E68 Y:0076 S:0121 D:0000 DB:86 nvMxdizc V:257 H:317 F:29
				8495E3 68          PLA                    A:0076 X:0E68 Y:0076 S:0121 D:0000 DB:86 nvMxdizc V:257 H:323 F:29
				8495E4 95 2A       STA $2A,X     [000E92] A:0012 X:0E68 Y:0076 S:0122 D:0000 DB:86 nvMxdizc V:257 H:329 F:29
				8495E6 A6 2C       LDX $2C       [00002C] A:0012 X:0E68 Y:0076 S:0122 D:0000 DB:86 nvMxdizc V:257 H:336 F:29
				8495E8 A9 FB       LDA #$FB               A:0012 X:0E68 Y:0076 S:0122 D:0000 DB:86 nvMxdizc V:258 H:  3 F:29
				8495EA 35 2B       AND $2B,X     [000E93] A:00FB X:0E68 Y:0076 S:0122 D:0000 DB:86 NvMxdizc V:258 H:  6 F:29
				8495EC 95 2B       STA $2B,X     [000E93] A:0000 X:0E68 Y:0076 S:0122 D:0000 DB:86 nvMxdiZc V:258 H: 12 F:29
				8495EE 64 01       STZ $01       [000001] A:0000 X:0E68 Y:0076 S:0122 D:0000 DB:86 nvMxdiZc V:258 H: 19 F:29
				8495F0 B5 2A       LDA $2A,X     [000E92] A:0000 X:0E68 Y:0076 S:0122 D:0000 DB:86 nvMxdiZc V:258 H: 24 F:29
				8495F2 85 02       STA $02       [000002] A:0012 X:0E68 Y:0076 S:0122 D:0000 DB:86 nvMxdizc V:258 H: 30 F:29
				8495F4 64 03       STZ $03       [000003] A:0012 X:0E68 Y:0076 S:0122 D:0000 DB:86 nvMxdizc V:258 H: 35 F:29
				8495F6 B4 05       LDY $05,X     [000E6D] A:0012 X:0E68 Y:0076 S:0122 D:0000 DB:86 nvMxdizc V:258 H: 40 F:29
				8495F8 84 10       STY $10       [000010] A:0012 X:0E68 Y:1490 S:0122 D:0000 DB:86 nvMxdizc V:258 H: 49 F:29
				8495FA B4 08       LDY $08,X     [000E70] A:0012 X:0E68 Y:1490 S:0122 D:0000 DB:86 nvMxdizc V:258 H: 56 F:29
				8495FC 84 12       STY $12       [000012] A:0012 X:0E68 Y:0A9D S:0122 D:0000 DB:86 nvMxdizc V:258 H: 64 F:29
				8495FE A6 28       LDX $28       [000028] A:0012 X:0E68 Y:0A9D S:0122 D:0000 DB:86 nvMxdizc V:258 H: 71 F:29
				849600 FC 1C 96    JSR ($961C,X) [849692] A:0012 X:0076 Y:0A9D S:0122 D:0000 DB:86 nvMxdizc V:258 H: 78 F:29

				8496B5 A6 2C       LDX $2C       [00002C] A:0012 X:0076 Y:0A9D S:0120 D:0000 DB:86 nvMxdizc V:258 H: 91 F:29
				8496B7 A5 0E       LDA $0E       [00000E] A:0012 X:0E68 Y:0A9D S:0120 D:0000 DB:86 nvMxdizc V:258 H: 98 F:29
				8496B9 85 00       STA $00       [000000] A:0004 X:0E68 Y:0A9D S:0120 D:0000 DB:86 nvMxdizc V:258 H:103 F:29
				8496BB 64 01       STZ $01       [000001] A:0004 X:0E68 Y:0A9D S:0120 D:0000 DB:86 nvMxdizc V:258 H:108 F:29
				8496BD C2 20       REP #$20               A:0004 X:0E68 Y:0A9D S:0120 D:0000 DB:86 nvMxdizc V:258 H:113 F:29
				8496BF A5 08       LDA $08       [000008] A:0004 X:0E68 Y:0A9D S:0120 D:0000 DB:86 nvmxdizc V:258 H:118 F:29
				8496C1 29 7F 00    AND #$007F             A:FF84 X:0E68 Y:0A9D S:0120 D:0000 DB:86 Nvmxdizc V:258 H:125 F:29
				8496C4 18          CLC                    A:0004 X:0E68 Y:0A9D S:0120 D:0000 DB:86 nvmxdizc V:258 H:129 F:29
				8496C5 75 08       ADC $08,X     [000E70] A:0004 X:0E68 Y:0A9D S:0120 D:0000 DB:86 nvmxdizc V:258 H:132 F:29
				8496C7 38          SEC                    A:0AA1 X:0E68 Y:0A9D S:0120 D:0000 DB:86 nvmxdizc V:258 H:151 F:29
				8496C8 E5 00       SBC $00       [000000] A:0AA1 X:0E68 Y:0A9D S:0120 D:0000 DB:86 nvmxdizC V:258 H:154 F:29
				8496CA 95 08       STA $08,X     [000E70] A:0A9D X:0E68 Y:0A9D S:0120 D:0000 DB:86 nvmxdizC V:258 H:161 F:29
				8496CC E2 20       SEP #$20               A:0A9D X:0E68 Y:0A9D S:0120 D:0000 DB:86 nvmxdizC V:258 H:169 F:29
				8496CE 74 2F       STZ $2F,X     [000E97] A:0A9D X:0E68 Y:0A9D S:0120 D:0000 DB:86 nvMxdizC V:258 H:174 F:29
				8496D0 A9 01       LDA #$01               A:0A9D X:0E68 Y:0A9D S:0120 D:0000 DB:86 nvMxdizC V:258 H:180 F:29
				8496D2 60          RTS                    A:0A01 X:0E68 Y:0A9D S:0120 D:0000 DB:86 nvMxdizC V:258 H:183 F:29

				849603 F0 11       BEQ $0011     [849616] A:0A01 X:0E68 Y:0A9D S:0122 D:0000 DB:86 nvMxdizC V:258 H:193 F:29
				849605 A6 2C       LDX $2C       [00002C] A:0A01 X:0E68 Y:0A9D S:0122 D:0000 DB:86 nvMxdizC V:258 H:196 F:29
				849607 A9 04       LDA #$04               A:0A01 X:0E68 Y:0A9D S:0122 D:0000 DB:86 nvMxdizC V:258 H:203 F:29
				849609 15 2B       ORA $2B,X     [000E93] A:0A04 X:0E68 Y:0A9D S:0122 D:0000 DB:86 nvMxdizC V:258 H:206 F:29
				84960B 95 2B       STA $2B,X     [000E93] A:0A04 X:0E68 Y:0A9D S:0122 D:0000 DB:86 nvMxdizC V:258 H:213 F:29
				84960D 20 4C 99    JSR $994C     [84994C] A:0A04 X:0E68 Y:0A9D S:0122 D:0000 DB:86 nvMxdizC V:258 H:219 F:29

				84994C AD 1C 1F    LDA $1F1C     [861F1C] A:0A04 X:0E68 Y:0A9D S:0120 D:0000 DB:86 nvMxdizC V:258 H:229 F:29
				84994F 10 06       BPL $0006     [849957] A:0A00 X:0E68 Y:0A9D S:0120 D:0000 DB:86 nvMxdiZC V:258 H:236 F:29
				849957 60          RTS                    A:0A00 X:0E68 Y:0A9D S:0120 D:0000 DB:86 nvMxdiZC V:258 H:240 F:29

				849610 20 08 93    JSR $9308     [849308] A:0A00 X:0E68 Y:0A9D S:0122 D:0000 DB:86 nvMxdiZC V:258 H:250 F:29

				849308 A5 14       LDA $14       [000014] A:0A00 X:0E68 Y:0A9D S:0120 D:0000 DB:86 nvMxdiZC V:258 H:260 F:29
				84930A F0 08       BEQ $0008     [849314] A:0A00 X:0E68 Y:0A9D S:0120 D:0000 DB:86 nvMxdiZC V:258 H:265 F:29
				849314 60          RTS                    A:0A00 X:0E68 Y:0A9D S:0120 D:0000 DB:86 nvMxdiZC V:258 H:270 F:29

				849613 A9 01       LDA #$01               A:0A00 X:0E68 Y:0A9D S:0122 D:0000 DB:86 nvMxdiZC V:258 H:280 F:29
				849615 60          RTS                    A:0A01 X:0E68 Y:0A9D S:0122 D:0000 DB:86 nvMxdizC V:258 H:283 F:29

				849275 D0 32       BNE $0032     [8492A9] A:0A01 X:0E68 Y:0A9D S:0124 D:0000 DB:86 nvMxdizC V:258 H:293 F:29
				8492A9 C2 30       REP #$30               A:0A01 X:0E68 Y:0A9D S:0124 D:0000 DB:86 nvMxdizC V:258 H:297 F:29
				8492AB 60          RTS                    A:0A01 X:0E68 Y:0A9D S:0124 D:0000 DB:86 nvmxdizC V:258 H:302 F:29

				8491DB 2B          PLD                    A:0A01 X:0E68 Y:0A9D S:0126 D:0000 DB:86 nvmxdizC V:258 H:312 F:29
				8491DC 28          PLP                    A:0A01 X:0E68 Y:0A9D S:0128 D:0E68 DB:86 nvmxdizC V:258 H:320 F:29
				8491DD 6B          RTL                    A:0A01 X:0068 Y:009D S:0129 D:0E68 DB:86 nvMXdizc V:258 H:326 F:29

			83B8CC A5 3A       LDA $3A       [000EA2] A:0A01 X:0068 Y:009D S:012C D:0E68 DB:86 nvMXdizc V:258 H:336 F:29
			83B8CE D0 10       BNE $0010     [83B8E0] A:0A00 X:0068 Y:009D S:012C D:0E68 DB:86 nvMXdiZc V:259 H:  3 F:29		Branch if CDLoseShield <> #$00
			83B8D0 20 CA BA    JSR $BACA     [83BACA] A:0A00 X:0068 Y:009D S:012C D:0E68 DB:86 nvMXdiZc V:259 H:  6 F:29		JSR $83BACA --> Spawn 05 OtherData, ID = #$2B,SubID = #$1E+(00,04)

				83BACA A9 04       LDA #$04               A:0A00 X:0068 Y:009D S:012A D:0E68 DB:86 nvMXdiZc V:259 H: 16 F:29
				83BACC 85 3D       STA $3D       [000EA5] A:0A04 X:0068 Y:009D S:012A D:0E68 DB:86 nvMXdizc V:259 H: 19 F:29	E-BeamCD = #$04
				83BACE 22 D3 82 82 JSL $8282D3   [8282D3] A:0A04 X:0068 Y:009D S:012A D:0E68 DB:86 nvMXdizc V:259 H: 25 F:29	X = First empty OtherData

					8282D3 C2 30       REP #$30               A:0A04 X:0068 Y:009D S:0127 D:0E68 DB:86 nvMXdizc V:259 H: 39 F:29
					8282D5 A2 28 19    LDX #$1928             A:0A04 X:0068 Y:009D S:0127 D:0E68 DB:86 nvmxdizc V:259 H: 43 F:29
					8282D8 BD 00 00    LDA $0000,X   [861928] A:0A04 X:1928 Y:009D S:0127 D:0E68 DB:86 nvmxdizc V:259 H: 48 F:29
					8282DB F0 5E       BEQ $005E     [82833B] A:0000 X:1928 Y:009D S:0127 D:0E68 DB:86 nvmxdiZc V:259 H: 58 F:29
					82833B E2 22       SEP #$22               A:0000 X:1928 Y:009D S:0127 D:0E68 DB:86 nvmxdiZc V:259 H: 62 F:29
					82833D 6B          RTL                    A:0000 X:1928 Y:009D S:0127 D:0E68 DB:86 nvMxdiZc V:259 H: 67 F:29

				83BAD2 D0 61       BNE $0061     [83BB35] A:0000 X:1928 Y:009D S:012A D:0E68 DB:86 nvMxdiZc V:259 H: 77 F:29
				83BAD4 FE 00 00    INC $0000,X   [861928] A:0000 X:1928 Y:009D S:012A D:0E68 DB:86 nvMxdiZc V:259 H: 80 F:29	Increase O-Exist = #$01
				83BAD7 A9 2B       LDA #$2B               A:0000 X:1928 Y:009D S:012A D:0E68 DB:86 nvMxdizc V:259 H: 92 F:29
				83BAD9 9D 0A 00    STA $000A,X   [861932] A:002B X:1928 Y:009D S:012A D:0E68 DB:86 nvMxdizc V:259 H: 95 F:29	O-ID = #$2B
				83BADC A5 3D       LDA $3D       [000EA5] A:002B X:1928 Y:009D S:012A D:0E68 DB:86 nvMxdizc V:259 H:103 F:29
				83BADE 18          CLC                    A:0004 X:1928 Y:009D S:012A D:0E68 DB:86 nvMxdizc V:259 H:109 F:29
				83BADF 69 1E       ADC #$1E               A:0004 X:1928 Y:009D S:012A D:0E68 DB:86 nvMxdizc V:259 H:112 F:29
				83BAE1 9D 0B 00    STA $000B,X   [861933] A:0022 X:1928 Y:009D S:012A D:0E68 DB:86 nvMxdizc V:259 H:115 F:29	O-SubID = #$1E + E-BeamCD
				83BAE4 A9 00       LDA #$00               A:0022 X:1928 Y:009D S:012A D:0E68 DB:86 nvMxdizc V:259 H:123 F:29	|Y = BeamCD * 2
				83BAE6 EB          XBA                    A:0000 X:1928 Y:009D S:012A D:0E68 DB:86 nvMxdiZc V:259 H:126 F:29	|
				83BAE7 A5 3D       LDA $3D       [000EA5] A:0000 X:1928 Y:009D S:012A D:0E68 DB:86 nvMxdiZc V:259 H:131 F:29	|
				83BAE9 0A          ASL A                  A:0004 X:1928 Y:009D S:012A D:0E68 DB:86 nvMxdizc V:259 H:147 F:29	|
				83BAEA A8          TAY                    A:0008 X:1928 Y:009D S:012A D:0E68 DB:86 nvMxdizc V:259 H:150 F:29	| 
				83BAEB A5 11       LDA $11       [000E79] A:0008 X:1928 Y:0008 S:012A D:0E68 DB:86 nvMxdizc V:259 H:153 F:29
				83BAED 29 70       AND #$70               A:002B X:1928 Y:0008 S:012A D:0E68 DB:86 nvMxdizc V:259 H:160 F:29
				83BAEF 9D 11 00    STA $0011,X   [861939] A:0020 X:1928 Y:0008 S:012A D:0E68 DB:86 nvMxdizc V:259 H:163 F:29	O-Status = E-Status AND #$70
				83BAF2 0A          ASL A                  A:0020 X:1928 Y:0008 S:012A D:0E68 DB:86 nvMxdizc V:259 H:171 F:29
				83BAF3 0A          ASL A                  A:0040 X:1928 Y:0008 S:012A D:0E68 DB:86 nvMxdizc V:259 H:174 F:29
				83BAF4 C2 20       REP #$20               A:0080 X:1928 Y:0008 S:012A D:0E68 DB:86 NvMxdizc V:259 H:177 F:29
				83BAF6 B9 B0 C9    LDA $C9B0,Y   [86C9B8] A:0080 X:1928 Y:0008 S:012A D:0E68 DB:86 Nvmxdizc V:259 H:181 F:29
				83BAF9 90 04       BCC $0004     [83BAFF] A:0007 X:1928 Y:0008 S:012A D:0E68 DB:86 nvmxdizc V:259 H:190 F:29
				83BAFF 18          CLC                    A:0007 X:1928 Y:0008 S:012A D:0E68 DB:86 nvmxdizc V:259 H:195 F:29
				83BB00 65 05       ADC $05       [000E6D] A:0007 X:1928 Y:0008 S:012A D:0E68 DB:86 nvmxdizc V:259 H:198 F:29
				83BB02 9D 05 00    STA $0005,X   [86192D] A:1497 X:1928 Y:0008 S:012A D:0E68 DB:86 nvmxdizc V:259 H:206 F:29
				83BB05 B9 BA C9    LDA $C9BA,Y   [86C9C2] A:1497 X:1928 Y:0008 S:012A D:0E68 DB:86 nvmxdizc V:259 H:216 F:29
				83BB08 18          CLC                    A:FFFA X:1928 Y:0008 S:012A D:0E68 DB:86 Nvmxdizc V:259 H:225 F:29
				83BB09 65 08       ADC $08       [000E70] A:FFFA X:1928 Y:0008 S:012A D:0E68 DB:86 Nvmxdizc V:259 H:228 F:29
				83BB0B 9D 08 00    STA $0008,X   [861930] A:0A97 X:1928 Y:0008 S:012A D:0E68 DB:86 nvmxdizC V:259 H:237 F:29
				83BB0E A5 10       LDA $10       [000E78] A:0A97 X:1928 Y:0008 S:012A D:0E68 DB:86 nvmxdizC V:259 H:247 F:29
				83BB10 0A          ASL A                  A:2B00 X:1928 Y:0008 S:012A D:0E68 DB:86 nvmxdizC V:259 H:255 F:29
				83BB11 0A          ASL A                  A:5600 X:1928 Y:0008 S:012A D:0E68 DB:86 nvmxdizc V:259 H:258 F:29
				83BB12 B9 C4 C9    LDA $C9C4,Y   [86C9CC] A:AC00 X:1928 Y:0008 S:012A D:0E68 DB:86 Nvmxdizc V:259 H:261 F:29
				83BB15 90 04       BCC $0004     [83BB1B] A:0123 X:1928 Y:0008 S:012A D:0E68 DB:86 nvmxdizc V:259 H:270 F:29
				83BB1B 9D 1A 00    STA $001A,X   [861942] A:0123 X:1928 Y:0008 S:012A D:0E68 DB:86 nvmxdizc V:259 H:275 F:29
				83BB1E B9 CE C9    LDA $C9CE,Y   [86C9D6] A:0123 X:1928 Y:0008 S:012A D:0E68 DB:86 nvmxdizc V:259 H:285 F:29
				83BB21 9D 1C 00    STA $001C,X   [861944] A:0536 X:1928 Y:0008 S:012A D:0E68 DB:86 nvmxdizc V:259 H:294 F:29
				83BB24 9E 0C 00    STZ $000C,X   [861934] A:0536 X:1928 Y:0008 S:012A D:0E68 DB:86 nvmxdizc V:259 H:304 F:29
				83BB27 E2 20       SEP #$20               A:0536 X:1928 Y:0008 S:012A D:0E68 DB:86 nvmxdizc V:259 H:314 F:29
				83BB29 9E 1F 00    STZ $001F,X   [861947] A:0536 X:1928 Y:0008 S:012A D:0E68 DB:86 nvMxdizc V:259 H:318 F:29
				83BB2C A9 40       LDA #$40               A:0536 X:1928 Y:0008 S:012A D:0E68 DB:86 nvMxdizc V:259 H:326 F:29
				83BB2E 9D 1E 00    STA $001E,X   [861946] A:0540 X:1928 Y:0008 S:012A D:0E68 DB:86 nvMxdizc V:259 H:328 F:29
				83BB31 C6 3D       DEC $3D       [000EA5] A:0540 X:1928 Y:0008 S:012A D:0E68 DB:86 nvMxdizc V:259 H:336 F:29
				83BB33 10 99       BPL $0099     [83BACE] A:0540 X:1928 Y:0008 S:012A D:0E68 DB:86 nvMxdizc V:260 H:  6 F:29
				83BACE 22 D3 82 82 JSL $8282D3   [8282D3] A:0540 X:1928 Y:0008 S:012A D:0E68 DB:86 nvMxdizc V:260 H: 11 F:29	X = First empty OtherData

					8282D3 C2 30       REP #$30               A:0540 X:1928 Y:0008 S:0127 D:0E68 DB:86 nvMxdizc V:260 H: 24 F:29
					8282D5 A2 28 19    LDX #$1928             A:0540 X:1928 Y:0008 S:0127 D:0E68 DB:86 nvmxdizc V:260 H: 29 F:29
					8282D8 BD 00 00    LDA $0000,X   [861928] A:0540 X:1928 Y:0008 S:0127 D:0E68 DB:86 nvmxdizc V:260 H: 33 F:29
					8282DB F0 5E       BEQ $005E     [82833B] A:0001 X:1928 Y:0008 S:0127 D:0E68 DB:86 nvmxdizc V:260 H: 43 F:29
					8282DD 8A          TXA                    A:0001 X:1928 Y:0008 S:0127 D:0E68 DB:86 nvmxdizc V:260 H: 46 F:29
					8282DE 18          CLC                    A:1928 X:1928 Y:0008 S:0127 D:0E68 DB:86 nvmxdizc V:260 H: 49 F:29
					8282DF 69 20 00    ADC #$0020             A:1928 X:1928 Y:0008 S:0127 D:0E68 DB:86 nvmxdizc V:260 H: 52 F:29
					8282E2 AA          TAX                    A:1948 X:1928 Y:0008 S:0127 D:0E68 DB:86 nvmxdizc V:260 H: 57 F:29
					8282E3 E0 08 1D    CPX #$1D08             A:1948 X:1948 Y:0008 S:0127 D:0E68 DB:86 nvmxdizc V:260 H: 60 F:29
					8282E6 90 F0       BCC $00F0     [8282D8] A:1948 X:1948 Y:0008 S:0127 D:0E68 DB:86 Nvmxdizc V:260 H: 64 F:29
					8282D8 BD 00 00    LDA $0000,X   [861948] A:1948 X:1948 Y:0008 S:0127 D:0E68 DB:86 Nvmxdizc V:260 H: 69 F:29
					8282DB F0 5E       BEQ $005E     [82833B] A:0000 X:1948 Y:0008 S:0127 D:0E68 DB:86 nvmxdiZc V:260 H: 79 F:29
					82833B E2 22       SEP #$22               A:0000 X:1948 Y:0008 S:0127 D:0E68 DB:86 nvmxdiZc V:260 H: 83 F:29
					82833D 6B          RTL                    A:0000 X:1948 Y:0008 S:0127 D:0E68 DB:86 nvMxdiZc V:260 H: 88 F:29

				83BAD2 D0 61       BNE $0061     [83BB35] A:0000 X:1948 Y:0008 S:012A D:0E68 DB:86 nvMxdiZc V:260 H: 98 F:29
				83BAD4 FE 00 00    INC $0000,X   [861948] A:0000 X:1948 Y:0008 S:012A D:0E68 DB:86 nvMxdiZc V:260 H:101 F:29
				83BAD7 A9 2B       LDA #$2B               A:0000 X:1948 Y:0008 S:012A D:0E68 DB:86 nvMxdizc V:260 H:113 F:29
				83BAD9 9D 0A 00    STA $000A,X   [861952] A:002B X:1948 Y:0008 S:012A D:0E68 DB:86 nvMxdizc V:260 H:116 F:29
				83BADC A5 3D       LDA $3D       [000EA5] A:002B X:1948 Y:0008 S:012A D:0E68 DB:86 nvMxdizc V:260 H:124 F:29
				83BADE 18          CLC                    A:0003 X:1948 Y:0008 S:012A D:0E68 DB:86 nvMxdizc V:260 H:130 F:29
				83BADF 69 1E       ADC #$1E               A:0003 X:1948 Y:0008 S:012A D:0E68 DB:86 nvMxdizc V:260 H:143 F:29
				83BAE1 9D 0B 00    STA $000B,X   [861953] A:0021 X:1948 Y:0008 S:012A D:0E68 DB:86 nvMxdizc V:260 H:146 F:29
				83BAE4 A9 00       LDA #$00               A:0021 X:1948 Y:0008 S:012A D:0E68 DB:86 nvMxdizc V:260 H:154 F:29
				83BAE6 EB          XBA                    A:0000 X:1948 Y:0008 S:012A D:0E68 DB:86 nvMxdiZc V:260 H:157 F:29
				83BAE7 A5 3D       LDA $3D       [000EA5] A:0000 X:1948 Y:0008 S:012A D:0E68 DB:86 nvMxdiZc V:260 H:162 F:29
				83BAE9 0A          ASL A                  A:0003 X:1948 Y:0008 S:012A D:0E68 DB:86 nvMxdizc V:260 H:168 F:29
				83BAEA A8          TAY                    A:0006 X:1948 Y:0008 S:012A D:0E68 DB:86 nvMxdizc V:260 H:171 F:29
				83BAEB A5 11       LDA $11       [000E79] A:0006 X:1948 Y:0006 S:012A D:0E68 DB:86 nvMxdizc V:260 H:174 F:29
				83BAED 29 70       AND #$70               A:002B X:1948 Y:0006 S:012A D:0E68 DB:86 nvMxdizc V:260 H:181 F:29
				83BAEF 9D 11 00    STA $0011,X   [861959] A:0020 X:1948 Y:0006 S:012A D:0E68 DB:86 nvMxdizc V:260 H:184 F:29
				83BAF2 0A          ASL A                  A:0020 X:1948 Y:0006 S:012A D:0E68 DB:86 nvMxdizc V:260 H:192 F:29
				83BAF3 0A          ASL A                  A:0040 X:1948 Y:0006 S:012A D:0E68 DB:86 nvMxdizc V:260 H:195 F:29
				83BAF4 C2 20       REP #$20               A:0080 X:1948 Y:0006 S:012A D:0E68 DB:86 NvMxdizc V:260 H:198 F:29
				83BAF6 B9 B0 C9    LDA $C9B0,Y   [86C9B6] A:0080 X:1948 Y:0006 S:012A D:0E68 DB:86 Nvmxdizc V:260 H:202 F:29
				83BAF9 90 04       BCC $0004     [83BAFF] A:0011 X:1948 Y:0006 S:012A D:0E68 DB:86 nvmxdizc V:260 H:211 F:29
				83BAFF 18          CLC                    A:0011 X:1948 Y:0006 S:012A D:0E68 DB:86 nvmxdizc V:260 H:216 F:29
				83BB00 65 05       ADC $05       [000E6D] A:0011 X:1948 Y:0006 S:012A D:0E68 DB:86 nvmxdizc V:260 H:219 F:29
				83BB02 9D 05 00    STA $0005,X   [86194D] A:14A1 X:1948 Y:0006 S:012A D:0E68 DB:86 nvmxdizc V:260 H:227 F:29
				83BB05 B9 BA C9    LDA $C9BA,Y   [86C9C0] A:14A1 X:1948 Y:0006 S:012A D:0E68 DB:86 nvmxdizc V:260 H:237 F:29
				83BB08 18          CLC                    A:0008 X:1948 Y:0006 S:012A D:0E68 DB:86 nvmxdizc V:260 H:246 F:29
				83BB09 65 08       ADC $08       [000E70] A:0008 X:1948 Y:0006 S:012A D:0E68 DB:86 nvmxdizc V:260 H:249 F:29
				83BB0B 9D 08 00    STA $0008,X   [861950] A:0AA5 X:1948 Y:0006 S:012A D:0E68 DB:86 nvmxdizc V:260 H:258 F:29
				83BB0E A5 10       LDA $10       [000E78] A:0AA5 X:1948 Y:0006 S:012A D:0E68 DB:86 nvmxdizc V:260 H:268 F:29
				83BB10 0A          ASL A                  A:2B00 X:1948 Y:0006 S:012A D:0E68 DB:86 nvmxdizc V:260 H:276 F:29
				83BB11 0A          ASL A                  A:5600 X:1948 Y:0006 S:012A D:0E68 DB:86 nvmxdizc V:260 H:279 F:29
				83BB12 B9 C4 C9    LDA $C9C4,Y   [86C9CA] A:AC00 X:1948 Y:0006 S:012A D:0E68 DB:86 Nvmxdizc V:260 H:282 F:29
				83BB15 90 04       BCC $0004     [83BB1B] A:0348 X:1948 Y:0006 S:012A D:0E68 DB:86 nvmxdizc V:260 H:291 F:29
				83BB1B 9D 1A 00    STA $001A,X   [861962] A:0348 X:1948 Y:0006 S:012A D:0E68 DB:86 nvmxdizc V:260 H:296 F:29
				83BB1E B9 CE C9    LDA $C9CE,Y   [86C9D4] A:0348 X:1948 Y:0006 S:012A D:0E68 DB:86 nvmxdizc V:260 H:306 F:29
				83BB21 9D 1C 00    STA $001C,X   [861964] A:0257 X:1948 Y:0006 S:012A D:0E68 DB:86 nvmxdizc V:260 H:315 F:29
				83BB24 9E 0C 00    STZ $000C,X   [861954] A:0257 X:1948 Y:0006 S:012A D:0E68 DB:86 nvmxdizc V:260 H:324 F:29
				83BB27 E2 20       SEP #$20               A:0257 X:1948 Y:0006 S:012A D:0E68 DB:86 nvmxdizc V:260 H:334 F:29
				83BB29 9E 1F 00    STZ $001F,X   [861967] A:0257 X:1948 Y:0006 S:012A D:0E68 DB:86 nvMxdizc V:260 H:338 F:29
				83BB2C A9 40       LDA #$40               A:0257 X:1948 Y:0006 S:012A D:0E68 DB:86 nvMxdizc V:261 H:  6 F:29
				83BB2E 9D 1E 00    STA $001E,X   [861966] A:0240 X:1948 Y:0006 S:012A D:0E68 DB:86 nvMxdizc V:261 H:  9 F:29
				83BB31 C6 3D       DEC $3D       [000EA5] A:0240 X:1948 Y:0006 S:012A D:0E68 DB:86 nvMxdizc V:261 H: 17 F:29
				83BB33 10 99       BPL $0099     [83BACE] A:0240 X:1948 Y:0006 S:012A D:0E68 DB:86 nvMxdizc V:261 H: 27 F:29
				83BACE 22 D3 82 82 JSL $8282D3   [8282D3] A:0240 X:1948 Y:0006 S:012A D:0E68 DB:86 nvMxdizc V:261 H: 32 F:29	X = First empty OtherData

					8282D3 C2 30       REP #$30               A:0240 X:1948 Y:0006 S:0127 D:0E68 DB:86 nvMxdizc V:261 H: 45 F:29
					8282D5 A2 28 19    LDX #$1928             A:0240 X:1948 Y:0006 S:0127 D:0E68 DB:86 nvmxdizc V:261 H: 50 F:29
					8282D8 BD 00 00    LDA $0000,X   [861928] A:0240 X:1928 Y:0006 S:0127 D:0E68 DB:86 nvmxdizc V:261 H: 54 F:29
					8282DB F0 5E       BEQ $005E     [82833B] A:0001 X:1928 Y:0006 S:0127 D:0E68 DB:86 nvmxdizc V:261 H: 64 F:29
					8282DD 8A          TXA                    A:0001 X:1928 Y:0006 S:0127 D:0E68 DB:86 nvmxdizc V:261 H: 67 F:29
					8282DE 18          CLC                    A:1928 X:1928 Y:0006 S:0127 D:0E68 DB:86 nvmxdizc V:261 H: 70 F:29
					8282DF 69 20 00    ADC #$0020             A:1928 X:1928 Y:0006 S:0127 D:0E68 DB:86 nvmxdizc V:261 H: 73 F:29
					8282E2 AA          TAX                    A:1948 X:1928 Y:0006 S:0127 D:0E68 DB:86 nvmxdizc V:261 H: 78 F:29
					8282E3 E0 08 1D    CPX #$1D08             A:1948 X:1948 Y:0006 S:0127 D:0E68 DB:86 nvmxdizc V:261 H: 81 F:29
					8282E6 90 F0       BCC $00F0     [8282D8] A:1948 X:1948 Y:0006 S:0127 D:0E68 DB:86 Nvmxdizc V:261 H: 85 F:29
					8282D8 BD 00 00    LDA $0000,X   [861948] A:1948 X:1948 Y:0006 S:0127 D:0E68 DB:86 Nvmxdizc V:261 H: 90 F:29
					8282DB F0 5E       BEQ $005E     [82833B] A:0001 X:1948 Y:0006 S:0127 D:0E68 DB:86 nvmxdizc V:261 H:100 F:29
					8282DD 8A          TXA                    A:0001 X:1948 Y:0006 S:0127 D:0E68 DB:86 nvmxdizc V:261 H:103 F:29
					8282DE 18          CLC                    A:1948 X:1948 Y:0006 S:0127 D:0E68 DB:86 nvmxdizc V:261 H:106 F:29
					8282DF 69 20 00    ADC #$0020             A:1948 X:1948 Y:0006 S:0127 D:0E68 DB:86 nvmxdizc V:261 H:109 F:29
					8282E2 AA          TAX                    A:1968 X:1948 Y:0006 S:0127 D:0E68 DB:86 nvmxdizc V:261 H:113 F:29
					8282E3 E0 08 1D    CPX #$1D08             A:1968 X:1968 Y:0006 S:0127 D:0E68 DB:86 nvmxdizc V:261 H:116 F:29
					8282E6 90 F0       BCC $00F0     [8282D8] A:1968 X:1968 Y:0006 S:0127 D:0E68 DB:86 Nvmxdizc V:261 H:121 F:29
					8282D8 BD 00 00    LDA $0000,X   [861968] A:1968 X:1968 Y:0006 S:0127 D:0E68 DB:86 Nvmxdizc V:261 H:125 F:29
					8282DB F0 5E       BEQ $005E     [82833B] A:0000 X:1968 Y:0006 S:0127 D:0E68 DB:86 nvmxdiZc V:261 H:145 F:29
					82833B E2 22       SEP #$22               A:0000 X:1968 Y:0006 S:0127 D:0E68 DB:86 nvmxdiZc V:261 H:150 F:29
					82833D 6B          RTL                    A:0000 X:1968 Y:0006 S:0127 D:0E68 DB:86 nvMxdiZc V:261 H:154 F:29

				83BAD2 D0 61       BNE $0061     [83BB35] A:0000 X:1968 Y:0006 S:012A D:0E68 DB:86 nvMxdiZc V:261 H:165 F:29
				83BAD4 FE 00 00    INC $0000,X   [861968] A:0000 X:1968 Y:0006 S:012A D:0E68 DB:86 nvMxdiZc V:261 H:168 F:29
				83BAD7 A9 2B       LDA #$2B               A:0000 X:1968 Y:0006 S:012A D:0E68 DB:86 nvMxdizc V:261 H:179 F:29
				83BAD9 9D 0A 00    STA $000A,X   [861972] A:002B X:1968 Y:0006 S:012A D:0E68 DB:86 nvMxdizc V:261 H:182 F:29
				83BADC A5 3D       LDA $3D       [000EA5] A:002B X:1968 Y:0006 S:012A D:0E68 DB:86 nvMxdizc V:261 H:190 F:29
				83BADE 18          CLC                    A:0002 X:1968 Y:0006 S:012A D:0E68 DB:86 nvMxdizc V:261 H:197 F:29
				83BADF 69 1E       ADC #$1E               A:0002 X:1968 Y:0006 S:012A D:0E68 DB:86 nvMxdizc V:261 H:200 F:29
				83BAE1 9D 0B 00    STA $000B,X   [861973] A:0020 X:1968 Y:0006 S:012A D:0E68 DB:86 nvMxdizc V:261 H:203 F:29
				83BAE4 A9 00       LDA #$00               A:0020 X:1968 Y:0006 S:012A D:0E68 DB:86 nvMxdizc V:261 H:211 F:29
				83BAE6 EB          XBA                    A:0000 X:1968 Y:0006 S:012A D:0E68 DB:86 nvMxdiZc V:261 H:214 F:29
				83BAE7 A5 3D       LDA $3D       [000EA5] A:0000 X:1968 Y:0006 S:012A D:0E68 DB:86 nvMxdiZc V:261 H:218 F:29
				83BAE9 0A          ASL A                  A:0002 X:1968 Y:0006 S:012A D:0E68 DB:86 nvMxdizc V:261 H:225 F:29
				83BAEA A8          TAY                    A:0004 X:1968 Y:0006 S:012A D:0E68 DB:86 nvMxdizc V:261 H:228 F:29
				83BAEB A5 11       LDA $11       [000E79] A:0004 X:1968 Y:0004 S:012A D:0E68 DB:86 nvMxdizc V:261 H:231 F:29
				83BAED 29 70       AND #$70               A:002B X:1968 Y:0004 S:012A D:0E68 DB:86 nvMxdizc V:261 H:237 F:29
				83BAEF 9D 11 00    STA $0011,X   [861979] A:0020 X:1968 Y:0004 S:012A D:0E68 DB:86 nvMxdizc V:261 H:240 F:29
				83BAF2 0A          ASL A                  A:0020 X:1968 Y:0004 S:012A D:0E68 DB:86 nvMxdizc V:261 H:248 F:29
				83BAF3 0A          ASL A                  A:0040 X:1968 Y:0004 S:012A D:0E68 DB:86 nvMxdizc V:261 H:251 F:29
				83BAF4 C2 20       REP #$20               A:0080 X:1968 Y:0004 S:012A D:0E68 DB:86 NvMxdizc V:261 H:254 F:29
				83BAF6 B9 B0 C9    LDA $C9B0,Y   [86C9B4] A:0080 X:1968 Y:0004 S:012A D:0E68 DB:86 Nvmxdizc V:261 H:259 F:29
				83BAF9 90 04       BCC $0004     [83BAFF] A:FFFB X:1968 Y:0004 S:012A D:0E68 DB:86 Nvmxdizc V:261 H:268 F:29
				83BAFF 18          CLC                    A:FFFB X:1968 Y:0004 S:012A D:0E68 DB:86 Nvmxdizc V:261 H:272 F:29
				83BB00 65 05       ADC $05       [000E6D] A:FFFB X:1968 Y:0004 S:012A D:0E68 DB:86 Nvmxdizc V:261 H:275 F:29
				83BB02 9D 05 00    STA $0005,X   [86196D] A:148B X:1968 Y:0004 S:012A D:0E68 DB:86 nvmxdizC V:261 H:284 F:29
				83BB05 B9 BA C9    LDA $C9BA,Y   [86C9BE] A:148B X:1968 Y:0004 S:012A D:0E68 DB:86 nvmxdizC V:261 H:294 F:29
				83BB08 18          CLC                    A:FFFA X:1968 Y:0004 S:012A D:0E68 DB:86 NvmxdizC V:261 H:303 F:29
				83BB09 65 08       ADC $08       [000E70] A:FFFA X:1968 Y:0004 S:012A D:0E68 DB:86 Nvmxdizc V:261 H:306 F:29
				83BB0B 9D 08 00    STA $0008,X   [861970] A:0A97 X:1968 Y:0004 S:012A D:0E68 DB:86 nvmxdizC V:261 H:314 F:29
				83BB0E A5 10       LDA $10       [000E78] A:0A97 X:1968 Y:0004 S:012A D:0E68 DB:86 nvmxdizC V:261 H:324 F:29
				83BB10 0A          ASL A                  A:2B00 X:1968 Y:0004 S:012A D:0E68 DB:86 nvmxdizC V:261 H:332 F:29
				83BB11 0A          ASL A                  A:5600 X:1968 Y:0004 S:012A D:0E68 DB:86 nvmxdizc V:261 H:335 F:29
				83BB12 B9 C4 C9    LDA $C9C4,Y   [86C9C8] A:AC00 X:1968 Y:0004 S:012A D:0E68 DB:86 Nvmxdizc V:261 H:338 F:29
				83BB15 90 04       BCC $0004     [83BB1B] A:FF04 X:1968 Y:0004 S:012A D:0E68 DB:86 Nvmxdizc V:  0 H:  7 F:30
				83BB1B 9D 1A 00    STA $001A,X   [861982] A:FF04 X:1968 Y:0004 S:012A D:0E68 DB:86 Nvmxdizc V:  0 H: 11 F:30
				83BB1E B9 CE C9    LDA $C9CE,Y   [86C9D2] A:FF04 X:1968 Y:0004 S:012A D:0E68 DB:86 Nvmxdizc V:  0 H: 21 F:30
				83BB21 9D 1C 00    STA $001C,X   [861984] A:0432 X:1968 Y:0004 S:012A D:0E68 DB:86 nvmxdizc V:  0 H: 30 F:30
				83BB24 9E 0C 00    STZ $000C,X   [861974] A:0432 X:1968 Y:0004 S:012A D:0E68 DB:86 nvmxdizc V:  0 H: 40 F:30
				83BB27 E2 20       SEP #$20               A:0432 X:1968 Y:0004 S:012A D:0E68 DB:86 nvmxdizc V:  0 H: 50 F:30
				83BB29 9E 1F 00    STZ $001F,X   [861987] A:0432 X:1968 Y:0004 S:012A D:0E68 DB:86 nvMxdizc V:  0 H: 55 F:30
				83BB2C A9 40       LDA #$40               A:0432 X:1968 Y:0004 S:012A D:0E68 DB:86 nvMxdizc V:  0 H: 63 F:30
				83BB2E 9D 1E 00    STA $001E,X   [861986] A:0440 X:1968 Y:0004 S:012A D:0E68 DB:86 nvMxdizc V:  0 H: 66 F:30
				83BB31 C6 3D       DEC $3D       [000EA5] A:0440 X:1968 Y:0004 S:012A D:0E68 DB:86 nvMxdizc V:  0 H: 74 F:30
				83BB33 10 99       BPL $0099     [83BACE] A:0440 X:1968 Y:0004 S:012A D:0E68 DB:86 nvMxdizc V:  0 H: 84 F:30
				83BACE 22 D3 82 82 JSL $8282D3   [8282D3] A:0440 X:1968 Y:0004 S:012A D:0E68 DB:86 nvMxdizc V:  0 H: 88 F:30	X = First empty OtherData

					8282D3 C2 30       REP #$30               A:0440 X:1968 Y:0004 S:0127 D:0E68 DB:86 nvMxdizc V:  0 H:102 F:30
					8282D5 A2 28 19    LDX #$1928             A:0440 X:1968 Y:0004 S:0127 D:0E68 DB:86 nvmxdizc V:  0 H:106 F:30
					8282D8 BD 00 00    LDA $0000,X   [861928] A:0440 X:1928 Y:0004 S:0127 D:0E68 DB:86 nvmxdizc V:  0 H:111 F:30
					8282DB F0 5E       BEQ $005E     [82833B] A:0001 X:1928 Y:0004 S:0127 D:0E68 DB:86 nvmxdizc V:  0 H:121 F:30
					8282DD 8A          TXA                    A:0001 X:1928 Y:0004 S:0127 D:0E68 DB:86 nvmxdizc V:  0 H:124 F:30
					8282DE 18          CLC                    A:1928 X:1928 Y:0004 S:0127 D:0E68 DB:86 nvmxdizc V:  0 H:127 F:30
					8282DF 69 20 00    ADC #$0020             A:1928 X:1928 Y:0004 S:0127 D:0E68 DB:86 nvmxdizc V:  0 H:130 F:30
					8282E2 AA          TAX                    A:1948 X:1928 Y:0004 S:0127 D:0E68 DB:86 nvmxdizc V:  0 H:144 F:30
					8282E3 E0 08 1D    CPX #$1D08             A:1948 X:1948 Y:0004 S:0127 D:0E68 DB:86 nvmxdizc V:  0 H:147 F:30
					8282E6 90 F0       BCC $00F0     [8282D8] A:1948 X:1948 Y:0004 S:0127 D:0E68 DB:86 Nvmxdizc V:  0 H:152 F:30
					8282D8 BD 00 00    LDA $0000,X   [861948] A:1948 X:1948 Y:0004 S:0127 D:0E68 DB:86 Nvmxdizc V:  0 H:156 F:30
					8282DB F0 5E       BEQ $005E     [82833B] A:0001 X:1948 Y:0004 S:0127 D:0E68 DB:86 nvmxdizc V:  0 H:166 F:30
					8282DD 8A          TXA                    A:0001 X:1948 Y:0004 S:0127 D:0E68 DB:86 nvmxdizc V:  0 H:169 F:30
					8282DE 18          CLC                    A:1948 X:1948 Y:0004 S:0127 D:0E68 DB:86 nvmxdizc V:  0 H:172 F:30
					8282DF 69 20 00    ADC #$0020             A:1948 X:1948 Y:0004 S:0127 D:0E68 DB:86 nvmxdizc V:  0 H:175 F:30
					8282E2 AA          TAX                    A:1968 X:1948 Y:0004 S:0127 D:0E68 DB:86 nvmxdizc V:  0 H:180 F:30
					8282E3 E0 08 1D    CPX #$1D08             A:1968 X:1968 Y:0004 S:0127 D:0E68 DB:86 nvmxdizc V:  0 H:183 F:30
					8282E6 90 F0       BCC $00F0     [8282D8] A:1968 X:1968 Y:0004 S:0127 D:0E68 DB:86 Nvmxdizc V:  0 H:187 F:30
					8282D8 BD 00 00    LDA $0000,X   [861968] A:1968 X:1968 Y:0004 S:0127 D:0E68 DB:86 Nvmxdizc V:  0 H:192 F:30
					8282DB F0 5E       BEQ $005E     [82833B] A:0001 X:1968 Y:0004 S:0127 D:0E68 DB:86 nvmxdizc V:  0 H:202 F:30
					8282DD 8A          TXA                    A:0001 X:1968 Y:0004 S:0127 D:0E68 DB:86 nvmxdizc V:  0 H:205 F:30
					8282DE 18          CLC                    A:1968 X:1968 Y:0004 S:0127 D:0E68 DB:86 nvmxdizc V:  0 H:208 F:30
					8282DF 69 20 00    ADC #$0020             A:1968 X:1968 Y:0004 S:0127 D:0E68 DB:86 nvmxdizc V:  0 H:211 F:30
					8282E2 AA          TAX                    A:1988 X:1968 Y:0004 S:0127 D:0E68 DB:86 nvmxdizc V:  0 H:215 F:30
					8282E3 E0 08 1D    CPX #$1D08             A:1988 X:1988 Y:0004 S:0127 D:0E68 DB:86 nvmxdizc V:  0 H:218 F:30
					8282E6 90 F0       BCC $00F0     [8282D8] A:1988 X:1988 Y:0004 S:0127 D:0E68 DB:86 Nvmxdizc V:  0 H:223 F:30
					8282D8 BD 00 00    LDA $0000,X   [861988] A:1988 X:1988 Y:0004 S:0127 D:0E68 DB:86 Nvmxdizc V:  0 H:227 F:30
					8282DB F0 5E       BEQ $005E     [82833B] A:0000 X:1988 Y:0004 S:0127 D:0E68 DB:86 nvmxdiZc V:  0 H:237 F:30
					82833B E2 22       SEP #$22               A:0000 X:1988 Y:0004 S:0127 D:0E68 DB:86 nvmxdiZc V:  0 H:242 F:30
					82833D 6B          RTL                    A:0000 X:1988 Y:0004 S:0127 D:0E68 DB:86 nvMxdiZc V:  0 H:246 F:30

				83BAD2 D0 61       BNE $0061     [83BB35] A:0000 X:1988 Y:0004 S:012A D:0E68 DB:86 nvMxdiZc V:  0 H:257 F:30
				83BAD4 FE 00 00    INC $0000,X   [861988] A:0000 X:1988 Y:0004 S:012A D:0E68 DB:86 nvMxdiZc V:  0 H:260 F:30
				83BAD7 A9 2B       LDA #$2B               A:0000 X:1988 Y:0004 S:012A D:0E68 DB:86 nvMxdizc V:  0 H:271 F:30
				83BAD9 9D 0A 00    STA $000A,X   [861992] A:002B X:1988 Y:0004 S:012A D:0E68 DB:86 nvMxdizc V:  0 H:274 F:30
				83BADC A5 3D       LDA $3D       [000EA5] A:002B X:1988 Y:0004 S:012A D:0E68 DB:86 nvMxdizc V:  0 H:282 F:30
				83BADE 18          CLC                    A:0001 X:1988 Y:0004 S:012A D:0E68 DB:86 nvMxdizc V:  0 H:289 F:30
				83BADF 69 1E       ADC #$1E               A:0001 X:1988 Y:0004 S:012A D:0E68 DB:86 nvMxdizc V:  0 H:292 F:30
				83BAE1 9D 0B 00    STA $000B,X   [861993] A:001F X:1988 Y:0004 S:012A D:0E68 DB:86 nvMxdizc V:  0 H:295 F:30
				83BAE4 A9 00       LDA #$00               A:001F X:1988 Y:0004 S:012A D:0E68 DB:86 nvMxdizc V:  0 H:303 F:30
				83BAE6 EB          XBA                    A:0000 X:1988 Y:0004 S:012A D:0E68 DB:86 nvMxdiZc V:  0 H:306 F:30
				83BAE7 A5 3D       LDA $3D       [000EA5] A:0000 X:1988 Y:0004 S:012A D:0E68 DB:86 nvMxdiZc V:  0 H:310 F:30
				83BAE9 0A          ASL A                  A:0001 X:1988 Y:0004 S:012A D:0E68 DB:86 nvMxdizc V:  0 H:317 F:30
				83BAEA A8          TAY                    A:0002 X:1988 Y:0004 S:012A D:0E68 DB:86 nvMxdizc V:  0 H:320 F:30
				83BAEB A5 11       LDA $11       [000E79] A:0002 X:1988 Y:0002 S:012A D:0E68 DB:86 nvMxdizc V:  0 H:323 F:30
				83BAED 29 70       AND #$70               A:002B X:1988 Y:0002 S:012A D:0E68 DB:86 nvMxdizc V:  0 H:328 F:30
				83BAEF 9D 11 00    STA $0011,X   [861999] A:0020 X:1988 Y:0002 S:012A D:0E68 DB:86 nvMxdizc V:  0 H:331 F:30
				83BAF2 0A          ASL A                  A:0020 X:1988 Y:0002 S:012A D:0E68 DB:86 nvMxdizc V:  0 H:339 F:30
				83BAF3 0A          ASL A                  A:0040 X:1988 Y:0002 S:012A D:0E68 DB:86 nvMxdizc V:  1 H:  2 F:30
				83BAF4 C2 20       REP #$20               A:0080 X:1988 Y:0002 S:012A D:0E68 DB:86 NvMxdizc V:  1 H:  5 F:30
				83BAF6 B9 B0 C9    LDA $C9B0,Y   [86C9B2] A:0080 X:1988 Y:0002 S:012A D:0E68 DB:86 Nvmxdizc V:  1 H: 10 F:30
				83BAF9 90 04       BCC $0004     [83BAFF] A:FFF4 X:1988 Y:0002 S:012A D:0E68 DB:86 Nvmxdizc V:  1 H: 19 F:30
				83BAFF 18          CLC                    A:FFF4 X:1988 Y:0002 S:012A D:0E68 DB:86 Nvmxdizc V:  1 H: 23 F:30
				83BB00 65 05       ADC $05       [000E6D] A:FFF4 X:1988 Y:0002 S:012A D:0E68 DB:86 Nvmxdizc V:  1 H: 26 F:30
				83BB02 9D 05 00    STA $0005,X   [86198D] A:1484 X:1988 Y:0002 S:012A D:0E68 DB:86 nvmxdizC V:  1 H: 35 F:30
				83BB05 B9 BA C9    LDA $C9BA,Y   [86C9BC] A:1484 X:1988 Y:0002 S:012A D:0E68 DB:86 nvmxdizC V:  1 H: 45 F:30
				83BB08 18          CLC                    A:0005 X:1988 Y:0002 S:012A D:0E68 DB:86 nvmxdizC V:  1 H: 54 F:30
				83BB09 65 08       ADC $08       [000E70] A:0005 X:1988 Y:0002 S:012A D:0E68 DB:86 nvmxdizc V:  1 H: 57 F:30
				83BB0B 9D 08 00    STA $0008,X   [861990] A:0AA2 X:1988 Y:0002 S:012A D:0E68 DB:86 nvmxdizc V:  1 H: 65 F:30
				83BB0E A5 10       LDA $10       [000E78] A:0AA2 X:1988 Y:0002 S:012A D:0E68 DB:86 nvmxdizc V:  1 H: 75 F:30
				83BB10 0A          ASL A                  A:2B00 X:1988 Y:0002 S:012A D:0E68 DB:86 nvmxdizc V:  1 H: 84 F:30
				83BB11 0A          ASL A                  A:5600 X:1988 Y:0002 S:012A D:0E68 DB:86 nvmxdizc V:  1 H: 87 F:30
				83BB12 B9 C4 C9    LDA $C9C4,Y   [86C9C6] A:AC00 X:1988 Y:0002 S:012A D:0E68 DB:86 Nvmxdizc V:  1 H: 90 F:30
				83BB15 90 04       BCC $0004     [83BB1B] A:FE18 X:1988 Y:0002 S:012A D:0E68 DB:86 Nvmxdizc V:  1 H: 99 F:30
				83BB1B 9D 1A 00    STA $001A,X   [8619A2] A:FE18 X:1988 Y:0002 S:012A D:0E68 DB:86 Nvmxdizc V:  1 H:103 F:30
				83BB1E B9 CE C9    LDA $C9CE,Y   [86C9D0] A:FE18 X:1988 Y:0002 S:012A D:0E68 DB:86 Nvmxdizc V:  1 H:113 F:30
				83BB21 9D 1C 00    STA $001C,X   [8619A4] A:0320 X:1988 Y:0002 S:012A D:0E68 DB:86 nvmxdizc V:  1 H:122 F:30
				83BB24 9E 0C 00    STZ $000C,X   [861994] A:0320 X:1988 Y:0002 S:012A D:0E68 DB:86 nvmxdizc V:  1 H:132 F:30
				83BB27 E2 20       SEP #$20               A:0320 X:1988 Y:0002 S:012A D:0E68 DB:86 nvmxdizc V:  1 H:152 F:30
				83BB29 9E 1F 00    STZ $001F,X   [8619A7] A:0320 X:1988 Y:0002 S:012A D:0E68 DB:86 nvMxdizc V:  1 H:157 F:30
				83BB2C A9 40       LDA #$40               A:0320 X:1988 Y:0002 S:012A D:0E68 DB:86 nvMxdizc V:  1 H:165 F:30
				83BB2E 9D 1E 00    STA $001E,X   [8619A6] A:0340 X:1988 Y:0002 S:012A D:0E68 DB:86 nvMxdizc V:  1 H:168 F:30
				83BB31 C6 3D       DEC $3D       [000EA5] A:0340 X:1988 Y:0002 S:012A D:0E68 DB:86 nvMxdizc V:  1 H:176 F:30
				83BB33 10 99       BPL $0099     [83BACE] A:0340 X:1988 Y:0002 S:012A D:0E68 DB:86 nvMxdiZc V:  1 H:186 F:30
				83BACE 22 D3 82 82 JSL $8282D3   [8282D3] A:0340 X:1988 Y:0002 S:012A D:0E68 DB:86 nvMxdiZc V:  1 H:190 F:30	X = First empty OtherData

					8282D3 C2 30       REP #$30               A:0340 X:1988 Y:0002 S:0127 D:0E68 DB:86 nvMxdiZc V:  1 H:204 F:30
					8282D5 A2 28 19    LDX #$1928             A:0340 X:1988 Y:0002 S:0127 D:0E68 DB:86 nvmxdiZc V:  1 H:208 F:30
					8282D8 BD 00 00    LDA $0000,X   [861928] A:0340 X:1928 Y:0002 S:0127 D:0E68 DB:86 nvmxdizc V:  1 H:213 F:30
					8282DB F0 5E       BEQ $005E     [82833B] A:0001 X:1928 Y:0002 S:0127 D:0E68 DB:86 nvmxdizc V:  1 H:223 F:30
					8282DD 8A          TXA                    A:0001 X:1928 Y:0002 S:0127 D:0E68 DB:86 nvmxdizc V:  1 H:226 F:30
					8282DE 18          CLC                    A:1928 X:1928 Y:0002 S:0127 D:0E68 DB:86 nvmxdizc V:  1 H:229 F:30
					8282DF 69 20 00    ADC #$0020             A:1928 X:1928 Y:0002 S:0127 D:0E68 DB:86 nvmxdizc V:  1 H:232 F:30
					8282E2 AA          TAX                    A:1948 X:1928 Y:0002 S:0127 D:0E68 DB:86 nvmxdizc V:  1 H:236 F:30
					8282E3 E0 08 1D    CPX #$1D08             A:1948 X:1948 Y:0002 S:0127 D:0E68 DB:86 nvmxdizc V:  1 H:239 F:30
					8282E6 90 F0       BCC $00F0     [8282D8] A:1948 X:1948 Y:0002 S:0127 D:0E68 DB:86 Nvmxdizc V:  1 H:244 F:30
					8282D8 BD 00 00    LDA $0000,X   [861948] A:1948 X:1948 Y:0002 S:0127 D:0E68 DB:86 Nvmxdizc V:  1 H:248 F:30
					8282DB F0 5E       BEQ $005E     [82833B] A:0001 X:1948 Y:0002 S:0127 D:0E68 DB:86 nvmxdizc V:  1 H:258 F:30
					8282DD 8A          TXA                    A:0001 X:1948 Y:0002 S:0127 D:0E68 DB:86 nvmxdizc V:  1 H:261 F:30
					8282DE 18          CLC                    A:1948 X:1948 Y:0002 S:0127 D:0E68 DB:86 nvmxdizc V:  1 H:264 F:30
					8282DF 69 20 00    ADC #$0020             A:1948 X:1948 Y:0002 S:0127 D:0E68 DB:86 nvmxdizc V:  1 H:267 F:30
					8282E2 AA          TAX                    A:1968 X:1948 Y:0002 S:0127 D:0E68 DB:86 nvmxdizc V:  1 H:272 F:30
					8282E3 E0 08 1D    CPX #$1D08             A:1968 X:1968 Y:0002 S:0127 D:0E68 DB:86 nvmxdizc V:  1 H:275 F:30
					8282E6 90 F0       BCC $00F0     [8282D8] A:1968 X:1968 Y:0002 S:0127 D:0E68 DB:86 Nvmxdizc V:  1 H:279 F:30
					8282D8 BD 00 00    LDA $0000,X   [861968] A:1968 X:1968 Y:0002 S:0127 D:0E68 DB:86 Nvmxdizc V:  1 H:284 F:30
					8282DB F0 5E       BEQ $005E     [82833B] A:0001 X:1968 Y:0002 S:0127 D:0E68 DB:86 nvmxdizc V:  1 H:294 F:30
					8282DD 8A          TXA                    A:0001 X:1968 Y:0002 S:0127 D:0E68 DB:86 nvmxdizc V:  1 H:297 F:30
					8282DE 18          CLC                    A:1968 X:1968 Y:0002 S:0127 D:0E68 DB:86 nvmxdizc V:  1 H:300 F:30
					8282DF 69 20 00    ADC #$0020             A:1968 X:1968 Y:0002 S:0127 D:0E68 DB:86 nvmxdizc V:  1 H:303 F:30
					8282E2 AA          TAX                    A:1988 X:1968 Y:0002 S:0127 D:0E68 DB:86 nvmxdizc V:  1 H:307 F:30
					8282E3 E0 08 1D    CPX #$1D08             A:1988 X:1988 Y:0002 S:0127 D:0E68 DB:86 nvmxdizc V:  1 H:310 F:30
					8282E6 90 F0       BCC $00F0     [8282D8] A:1988 X:1988 Y:0002 S:0127 D:0E68 DB:86 Nvmxdizc V:  1 H:315 F:30
					8282D8 BD 00 00    LDA $0000,X   [861988] A:1988 X:1988 Y:0002 S:0127 D:0E68 DB:86 Nvmxdizc V:  1 H:319 F:30
					8282DB F0 5E       BEQ $005E     [82833B] A:0001 X:1988 Y:0002 S:0127 D:0E68 DB:86 nvmxdizc V:  1 H:328 F:30
					8282DD 8A          TXA                    A:0001 X:1988 Y:0002 S:0127 D:0E68 DB:86 nvmxdizc V:  1 H:331 F:30
					8282DE 18          CLC                    A:1988 X:1988 Y:0002 S:0127 D:0E68 DB:86 nvmxdizc V:  1 H:334 F:30
					8282DF 69 20 00    ADC #$0020             A:1988 X:1988 Y:0002 S:0127 D:0E68 DB:86 nvmxdizc V:  1 H:337 F:30
					8282E2 AA          TAX                    A:19A8 X:1988 Y:0002 S:0127 D:0E68 DB:86 nvmxdizc V:  2 H:  2 F:30
					8282E3 E0 08 1D    CPX #$1D08             A:19A8 X:19A8 Y:0002 S:0127 D:0E68 DB:86 nvmxdizc V:  2 H:  5 F:30
					8282E6 90 F0       BCC $00F0     [8282D8] A:19A8 X:19A8 Y:0002 S:0127 D:0E68 DB:86 Nvmxdizc V:  2 H:  9 F:30
					8282D8 BD 00 00    LDA $0000,X   [8619A8] A:19A8 X:19A8 Y:0002 S:0127 D:0E68 DB:86 Nvmxdizc V:  2 H: 14 F:30
					8282DB F0 5E       BEQ $005E     [82833B] A:0000 X:19A8 Y:0002 S:0127 D:0E68 DB:86 nvmxdiZc V:  2 H: 24 F:30
					82833B E2 22       SEP #$22               A:0000 X:19A8 Y:0002 S:0127 D:0E68 DB:86 nvmxdiZc V:  2 H: 28 F:30
					82833D 6B          RTL                    A:0000 X:19A8 Y:0002 S:0127 D:0E68 DB:86 nvMxdiZc V:  2 H: 33 F:30

				83BAD2 D0 61       BNE $0061     [83BB35] A:0000 X:19A8 Y:0002 S:012A D:0E68 DB:86 nvMxdiZc V:  2 H: 43 F:30
				83BAD4 FE 00 00    INC $0000,X   [8619A8] A:0000 X:19A8 Y:0002 S:012A D:0E68 DB:86 nvMxdiZc V:  2 H: 46 F:30
				83BAD7 A9 2B       LDA #$2B               A:0000 X:19A8 Y:0002 S:012A D:0E68 DB:86 nvMxdizc V:  2 H: 58 F:30
				83BAD9 9D 0A 00    STA $000A,X   [8619B2] A:002B X:19A8 Y:0002 S:012A D:0E68 DB:86 nvMxdizc V:  2 H: 61 F:30
				83BADC A5 3D       LDA $3D       [000EA5] A:002B X:19A8 Y:0002 S:012A D:0E68 DB:86 nvMxdizc V:  2 H: 69 F:30
				83BADE 18          CLC                    A:0000 X:19A8 Y:0002 S:012A D:0E68 DB:86 nvMxdiZc V:  2 H: 75 F:30
				83BADF 69 1E       ADC #$1E               A:0000 X:19A8 Y:0002 S:012A D:0E68 DB:86 nvMxdiZc V:  2 H: 78 F:30
				83BAE1 9D 0B 00    STA $000B,X   [8619B3] A:001E X:19A8 Y:0002 S:012A D:0E68 DB:86 nvMxdizc V:  2 H: 81 F:30
				83BAE4 A9 00       LDA #$00               A:001E X:19A8 Y:0002 S:012A D:0E68 DB:86 nvMxdizc V:  2 H: 89 F:30
				83BAE6 EB          XBA                    A:0000 X:19A8 Y:0002 S:012A D:0E68 DB:86 nvMxdiZc V:  2 H: 92 F:30
				83BAE7 A5 3D       LDA $3D       [000EA5] A:0000 X:19A8 Y:0002 S:012A D:0E68 DB:86 nvMxdiZc V:  2 H: 97 F:30
				83BAE9 0A          ASL A                  A:0000 X:19A8 Y:0002 S:012A D:0E68 DB:86 nvMxdiZc V:  2 H:103 F:30
				83BAEA A8          TAY                    A:0000 X:19A8 Y:0002 S:012A D:0E68 DB:86 nvMxdiZc V:  2 H:106 F:30
				83BAEB A5 11       LDA $11       [000E79] A:0000 X:19A8 Y:0000 S:012A D:0E68 DB:86 nvMxdiZc V:  2 H:109 F:30
				83BAED 29 70       AND #$70               A:002B X:19A8 Y:0000 S:012A D:0E68 DB:86 nvMxdizc V:  2 H:116 F:30
				83BAEF 9D 11 00    STA $0011,X   [8619B9] A:0020 X:19A8 Y:0000 S:012A D:0E68 DB:86 nvMxdizc V:  2 H:119 F:30
				83BAF2 0A          ASL A                  A:0020 X:19A8 Y:0000 S:012A D:0E68 DB:86 nvMxdizc V:  2 H:127 F:30
				83BAF3 0A          ASL A                  A:0040 X:19A8 Y:0000 S:012A D:0E68 DB:86 nvMxdizc V:  2 H:130 F:30
				83BAF4 C2 20       REP #$20               A:0080 X:19A8 Y:0000 S:012A D:0E68 DB:86 NvMxdizc V:  2 H:133 F:30
				83BAF6 B9 B0 C9    LDA $C9B0,Y   [86C9B0] A:0080 X:19A8 Y:0000 S:012A D:0E68 DB:86 Nvmxdizc V:  2 H:147 F:30
				83BAF9 90 04       BCC $0004     [83BAFF] A:FFF4 X:19A8 Y:0000 S:012A D:0E68 DB:86 Nvmxdizc V:  2 H:156 F:30
				83BAFF 18          CLC                    A:FFF4 X:19A8 Y:0000 S:012A D:0E68 DB:86 Nvmxdizc V:  2 H:161 F:30
				83BB00 65 05       ADC $05       [000E6D] A:FFF4 X:19A8 Y:0000 S:012A D:0E68 DB:86 Nvmxdizc V:  2 H:164 F:30
				83BB02 9D 05 00    STA $0005,X   [8619AD] A:1484 X:19A8 Y:0000 S:012A D:0E68 DB:86 nvmxdizC V:  2 H:172 F:30
				83BB05 B9 BA C9    LDA $C9BA,Y   [86C9BA] A:1484 X:19A8 Y:0000 S:012A D:0E68 DB:86 nvmxdizC V:  2 H:182 F:30
				83BB08 18          CLC                    A:0005 X:19A8 Y:0000 S:012A D:0E68 DB:86 nvmxdizC V:  2 H:191 F:30
				83BB09 65 08       ADC $08       [000E70] A:0005 X:19A8 Y:0000 S:012A D:0E68 DB:86 nvmxdizc V:  2 H:194 F:30
				83BB0B 9D 08 00    STA $0008,X   [8619B0] A:0AA2 X:19A8 Y:0000 S:012A D:0E68 DB:86 nvmxdizc V:  2 H:203 F:30
				83BB0E A5 10       LDA $10       [000E78] A:0AA2 X:19A8 Y:0000 S:012A D:0E68 DB:86 nvmxdizc V:  2 H:213 F:30
				83BB10 0A          ASL A                  A:2B00 X:19A8 Y:0000 S:012A D:0E68 DB:86 nvmxdizc V:  2 H:221 F:30
				83BB11 0A          ASL A                  A:5600 X:19A8 Y:0000 S:012A D:0E68 DB:86 nvmxdizc V:  2 H:224 F:30
				83BB12 B9 C4 C9    LDA $C9C4,Y   [86C9C4] A:AC00 X:19A8 Y:0000 S:012A D:0E68 DB:86 Nvmxdizc V:  2 H:227 F:30
				83BB15 90 04       BCC $0004     [83BB1B] A:FCB0 X:19A8 Y:0000 S:012A D:0E68 DB:86 Nvmxdizc V:  2 H:236 F:30
				83BB1B 9D 1A 00    STA $001A,X   [8619C2] A:FCB0 X:19A8 Y:0000 S:012A D:0E68 DB:86 Nvmxdizc V:  2 H:241 F:30
				83BB1E B9 CE C9    LDA $C9CE,Y   [86C9CE] A:FCB0 X:19A8 Y:0000 S:012A D:0E68 DB:86 Nvmxdizc V:  2 H:251 F:30
				83BB21 9D 1C 00    STA $001C,X   [8619C4] A:0300 X:19A8 Y:0000 S:012A D:0E68 DB:86 nvmxdizc V:  2 H:260 F:30
				83BB24 9E 0C 00    STZ $000C,X   [8619B4] A:0300 X:19A8 Y:0000 S:012A D:0E68 DB:86 nvmxdizc V:  2 H:270 F:30
				83BB27 E2 20       SEP #$20               A:0300 X:19A8 Y:0000 S:012A D:0E68 DB:86 nvmxdizc V:  2 H:280 F:30
				83BB29 9E 1F 00    STZ $001F,X   [8619C7] A:0300 X:19A8 Y:0000 S:012A D:0E68 DB:86 nvMxdizc V:  2 H:284 F:30
				83BB2C A9 40       LDA #$40               A:0300 X:19A8 Y:0000 S:012A D:0E68 DB:86 nvMxdizc V:  2 H:292 F:30
				83BB2E 9D 1E 00    STA $001E,X   [8619C6] A:0340 X:19A8 Y:0000 S:012A D:0E68 DB:86 nvMxdizc V:  2 H:295 F:30
				83BB31 C6 3D       DEC $3D       [000EA5] A:0340 X:19A8 Y:0000 S:012A D:0E68 DB:86 nvMxdizc V:  2 H:303 F:30
				83BB33 10 99       BPL $0099     [83BACE] A:0340 X:19A8 Y:0000 S:012A D:0E68 DB:86 NvMxdizc V:  2 H:313 F:30
				83BB35 E2 10       SEP #$10               A:0340 X:19A8 Y:0000 S:012A D:0E68 DB:86 NvMxdizc V:  2 H:316 F:30
				83BB37 60          RTS                    A:0340 X:00A8 Y:0000 S:012A D:0E68 DB:86 NvMXdizc V:  2 H:321 F:30

			83B8D3 E6 33       INC $33       [000E9B] A:0340 X:00A8 Y:0000 S:012C D:0E68 DB:86 NvMXdizc V:  2 H:330 F:30		Increase ShieldBit = #$01
			83B8D5 A9 04       LDA #$04               A:0340 X:00A8 Y:0000 S:012C D:0E68 DB:86 nvMXdizc V:  3 H:  0 F:30
			83B8D7 85 02       STA $02       [000E6A] A:0304 X:00A8 Y:0000 S:012C D:0E68 DB:86 nvMXdizc V:  3 H:  3 F:30		Action = #$04
			83B8D9 64 03       STZ $03       [000E6B] A:0304 X:00A8 Y:0000 S:012C D:0E68 DB:86 nvMXdizc V:  3 H:  9 F:30		Subaction = #$00
			83B8DB A9 00       LDA #$00               A:0304 X:00A8 Y:0000 S:012C D:0E68 DB:86 nvMXdizc V:  3 H: 16 F:30		a = A = #$00
			83B8DD 4C C8 B9    JMP $B9C8     [83B9C8] A:0300 X:00A8 Y:0000 S:012C D:0E68 DB:86 nvMXdiZc V:  3 H: 19 F:30		JMP $B9C8 --> Armored Armadillo CDSkeleton Load

			83B9C8 08          PHP                    A:0300 X:00A8 Y:0000 S:012C D:0E68 DB:86 nvMXdiZc V:  3 H: 23 F:30
			83B9C9 E2 30       SEP #$30               A:0300 X:00A8 Y:0000 S:012B D:0E68 DB:86 nvMXdiZc V:  3 H: 28 F:30
			83B9CB C9 0B       CMP #$0B               A:0300 X:00A8 Y:0000 S:012B D:0E68 DB:86 nvMXdiZc V:  3 H: 33 F:30
			83B9CD F0 1B       BEQ $001B     [83B9EA] A:0300 X:00A8 Y:0000 S:012B D:0E68 DB:86 NvMXdizc V:  3 H: 36 F:30
			83B9CF A6 33       LDX $33       [000E9B] A:0300 X:00A8 Y:0000 S:012B D:0E68 DB:86 NvMXdizc V:  3 H: 39 F:30		X = ShieldBit
			83B9D1 F0 03       BEQ $0003     [83B9D6] A:0300 X:0001 Y:0000 S:012B D:0E68 DB:86 nvMXdizc V:  3 H: 45 F:30		Branch if ShieldBit = #$00 (Armadillo has Shield)
			83B9D3 18          CLC                    A:0300 X:0001 Y:0000 S:012B D:0E68 DB:86 nvMXdizc V:  3 H: 48 F:30
			83B9D4 69 0B       ADC #$0B               A:0300 X:0001 Y:0000 S:012B D:0E68 DB:86 nvMXdizc V:  3 H: 51 F:30
			83B9D6 AA          TAX                    A:030B X:0001 Y:0000 S:012B D:0E68 DB:86 nvMXdizc V:  3 H: 54 F:30		X = a + #$0B (because ShieldBit = #$01) = #$0B
			83B9D7 BD 5D C9    LDA $C95D,X   [86C968] A:030B X:000B Y:0000 S:012B D:0E68 DB:86 nvMXdizc V:  3 H: 57 F:30		A = [$86C95D,X] = [$86C968] = #$00
			83B9DA A2 62       LDX #$62               A:0300 X:000B Y:0000 S:012B D:0E68 DB:86 nvMXdiZc V:  3 H: 63 F:30		|CountPoint = #$62
			83B9DC 86 16       STX $16       [000E7E] A:0300 X:0062 Y:0000 S:012B D:0E68 DB:86 nvMXdizc V:  3 H: 66 F:30		|
			83B9DE 22 07 8F 84 JSL $848F07   [848F07] A:0300 X:0062 Y:0000 S:012B D:0E68 DB:86 nvMXdizc V:  3 H: 73 F:30		JSL $848F07 --> Skeleton Load (SkelPoint = #$62, A=#$00)

				848F07 08          PHP                    A:0300 X:0062 Y:0000 S:0128 D:0E68 DB:86 nvMXdizc V:  3 H: 86 F:30
				848F08 8B          PHB                    A:0300 X:0062 Y:0000 S:0127 D:0E68 DB:86 nvMXdizc V:  3 H: 91 F:30
				848F09 C2 30       REP #$30               A:0300 X:0062 Y:0000 S:0126 D:0E68 DB:86 nvMXdizc V:  3 H: 96 F:30
				848F0B 8D 0E 00    STA $000E     [86000E] A:0300 X:0062 Y:0000 S:0126 D:0E68 DB:86 nvmxdizc V:  3 H:101 F:30
				848F0E A5 16       LDA $16       [000E7E] A:0300 X:0062 Y:0000 S:0126 D:0E68 DB:86 nvmxdizc V:  3 H:109 F:30
				848F10 29 FF 00    AND #$00FF             A:9662 X:0062 Y:0000 S:0126 D:0E68 DB:86 Nvmxdizc V:  3 H:118 F:30
				848F13 8D 0C 00    STA $000C     [86000C] A:0062 X:0062 Y:0000 S:0126 D:0E68 DB:86 nvmxdizc V:  3 H:122 F:30
				848F16 0A          ASL A                  A:0062 X:0062 Y:0000 S:0126 D:0E68 DB:86 nvmxdizc V:  3 H:131 F:30
				848F17 18          CLC                    A:00C4 X:0062 Y:0000 S:0126 D:0E68 DB:86 nvmxdizc V:  3 H:134 F:30
				848F18 6D 0C 00    ADC $000C     [86000C] A:00C4 X:0062 Y:0000 S:0126 D:0E68 DB:86 nvmxdizc V:  3 H:147 F:30
				848F1B AA          TAX                    A:0126 X:0062 Y:0000 S:0126 D:0E68 DB:86 nvmxdizc V:  3 H:155 F:30
				848F1C BF 00 A0 AF LDA $AFA000,X [AFA126] A:0126 X:0126 Y:0000 S:0126 D:0E68 DB:86 nvmxdizc V:  3 H:158 F:30
				848F20 85 14       STA $14       [000E7C] A:CCB8 X:0126 Y:0000 S:0126 D:0E68 DB:86 Nvmxdizc V:  3 H:167 F:30
				848F22 E2 20       SEP #$20               A:CCB8 X:0126 Y:0000 S:0126 D:0E68 DB:86 Nvmxdizc V:  3 H:176 F:30
				848F24 BF 02 A0 AF LDA $AFA002,X [AFA128] A:CCB8 X:0126 Y:0000 S:0126 D:0E68 DB:86 NvMxdizc V:  3 H:180 F:30
				848F28 48          PHA                    A:CCAF X:0126 Y:0000 S:0126 D:0E68 DB:86 NvMxdizc V:  3 H:188 F:30
				848F29 AB          PLB                    A:CCAF X:0126 Y:0000 S:0125 D:0E68 DB:86 NvMxdizc V:  3 H:193 F:30
				848F2A C2 20       REP #$20               A:CCAF X:0126 Y:0000 S:0126 D:0E68 DB:AF NvMxdizc V:  3 H:199 F:30
				848F2C AD 0E 00    LDA $000E     [AF000E] A:CCAF X:0126 Y:0000 S:0126 D:0E68 DB:AF Nvmxdizc V:  3 H:204 F:30
				848F2F 29 FF 00    AND #$00FF             A:0300 X:0126 Y:0000 S:0126 D:0E68 DB:AF nvmxdizc V:  3 H:212 F:30
				848F32 0A          ASL A                  A:0000 X:0126 Y:0000 S:0126 D:0E68 DB:AF nvmxdiZc V:  3 H:217 F:30
				848F33 A8          TAY                    A:0000 X:0126 Y:0000 S:0126 D:0E68 DB:AF nvmxdiZc V:  3 H:220 F:30
				848F34 B1 14       LDA ($14),Y   [AFCCB8] A:0000 X:0126 Y:0000 S:0126 D:0E68 DB:AF nvmxdiZc V:  3 H:223 F:30
				848F36 65 14       ADC $14       [000E7C] A:002E X:0126 Y:0000 S:0126 D:0E68 DB:AF nvmxdizc V:  3 H:236 F:30
				848F38 85 14       STA $14       [000E7C] A:CCE6 X:0126 Y:0000 S:0126 D:0E68 DB:AF Nvmxdizc V:  3 H:244 F:30
				848F3A E2 30       SEP #$30               A:CCE6 X:0126 Y:0000 S:0126 D:0E68 DB:AF Nvmxdizc V:  3 H:253 F:30
				848F3C B2 14       LDA ($14)     [AFCCE6] A:CCE6 X:0026 Y:0000 S:0126 D:0E68 DB:AF NvMXdizc V:  3 H:257 F:30	Skeleton Start: [AFCCE6]
				848F3E 85 13       STA $13       [000E7B] A:CC04 X:0026 Y:0000 S:0126 D:0E68 DB:AF nvMXdizc V:  3 H:267 F:30
				848F40 A0 01       LDY #$01               A:CC04 X:0026 Y:0000 S:0126 D:0E68 DB:AF nvMXdizc V:  3 H:274 F:30
				848F42 B1 14       LDA ($14),Y   [AFCCE7] A:CC04 X:0026 Y:0001 S:0126 D:0E68 DB:AF nvMXdizc V:  3 H:277 F:30
				848F44 85 0F       STA $0F       [000E77] A:CC80 X:0026 Y:0001 S:0126 D:0E68 DB:AF NvMXdizc V:  3 H:287 F:30
				848F46 C8          INY                    A:CC80 X:0026 Y:0001 S:0126 D:0E68 DB:AF NvMXdizc V:  3 H:293 F:30
				848F47 B1 14       LDA ($14),Y   [AFCCE8] A:CC80 X:0026 Y:0002 S:0126 D:0E68 DB:AF nvMXdizc V:  3 H:296 F:30
				848F49 85 17       STA $17       [000E7F] A:CC00 X:0026 Y:0002 S:0126 D:0E68 DB:AF nvMXdiZc V:  3 H:306 F:30
				848F4B A9 80       LDA #$80               A:CC00 X:0026 Y:0002 S:0126 D:0E68 DB:AF nvMXdiZc V:  3 H:313 F:30
				848F4D 04 17       TSB $17       [000E7F] A:CC80 X:0026 Y:0002 S:0126 D:0E68 DB:AF NvMXdizc V:  3 H:316 F:30
				848F4F AB          PLB                    A:CC80 X:0026 Y:0002 S:0126 D:0E68 DB:AF NvMXdiZc V:  3 H:325 F:30
				848F50 28          PLP                    A:CC80 X:0026 Y:0002 S:0127 D:0E68 DB:86 NvMXdizc V:  3 H:331 F:30
				848F51 6B          RTL                    A:CC80 X:0026 Y:0002 S:0128 D:0E68 DB:86 nvMXdizc V:  3 H:338 F:30

			83B9E2 A9 01       LDA #$01               A:CC80 X:0026 Y:0002 S:012B D:0E68 DB:86 nvMXdizc V:  4 H:  8 F:30
			83B9E4 04 11       TSB $11       [000E79] A:CC01 X:0026 Y:0002 S:012B D:0E68 DB:86 nvMXdizc V:  4 H: 11 F:30		E-Status = Set bit #$01
			83B9E6 64 18       STZ $18       [000E80] A:CC01 X:0026 Y:0002 S:012B D:0E68 DB:86 nvMXdizc V:  4 H: 21 F:30		E-$18 = #$00
			83B9E8 28          PLP                    A:CC01 X:0026 Y:0002 S:012B D:0E68 DB:86 nvMXdizc V:  4 H: 28 F:30
			83B9E9 60          RTS                    A:CC01 X:0026 Y:0002 S:012C D:0E68 DB:86 nvMXdiZc V:  4 H: 34 F:30		Return

		83B2ED A5 27       LDA $27       [000E8F] A:CC01 X:0026 Y:0002 S:012E D:0E68 DB:86 nvMXdiZc V:  4 H: 44 F:30
		83B2EF 85 39       STA $39       [000EA1] A:CC1C X:0026 Y:0002 S:012E D:0E68 DB:86 nvMXdizc V:  4 H: 51 F:30
