80D4F6 20 30 D5    JSR $D530     [80D530] A:0E01 X:0000 Y:0046 S:0133 D:0E68 DB:86 nvMXdizC V:247 H:121 F:10

	80D530 C2 20       REP #$20               A:0E01 X:0000 Y:0046 S:0131 D:0E68 DB:86 nvMXdizC V:247 H:131 F:10
	80D532 A5 05       LDA $05       [000E6D] A:0E01 X:0000 Y:0046 S:0131 D:0E68 DB:86 nvmXdizC V:247 H:146 F:10
	80D534 85 22       STA $22       [000E8A] A:147C X:0000 Y:0046 S:0131 D:0E68 DB:86 nvmXdizC V:247 H:154 F:10
	80D536 A5 08       LDA $08       [000E70] A:147C X:0000 Y:0046 S:0131 D:0E68 DB:86 nvmXdizC V:247 H:163 F:10
	80D538 85 24       STA $24       [000E8C] A:0A85 X:0000 Y:0046 S:0131 D:0E68 DB:86 nvmXdizC V:247 H:171 F:10
	80D53A E2 20       SEP #$20               A:0A85 X:0000 Y:0046 S:0131 D:0E68 DB:86 nvmXdizC V:247 H:180 F:10
	80D53C A9 80       LDA #$80               A:0A85 X:0000 Y:0046 S:0131 D:0E68 DB:86 nvMXdizC V:247 H:184 F:10
	80D53E 14 0E       TRB $0E       [000E76] A:0A80 X:0000 Y:0046 S:0131 D:0E68 DB:86 NvMXdizC V:247 H:187 F:10
	80D540 A5 0A       LDA $0A       [000E72] A:0A80 X:0000 Y:0046 S:0131 D:0E68 DB:86 NvMXdizC V:247 H:197 F:10
	80D542 0A          ASL A                  A:0A14 X:0000 Y:0046 S:0131 D:0E68 DB:86 nvMXdizC V:247 H:204 F:10
	80D543 AA          TAX                    A:0A28 X:0000 Y:0046 S:0131 D:0E68 DB:86 nvMXdizc V:247 H:207 F:10
	80D544 7C DD F8    JMP ($F8DD,X) [80F905] A:0A28 X:0028 Y:0046 S:0131 D:0E68 DB:86 nvMXdizc V:247 H:210 F:10

	80FA15 22 44 B1 83 JSL $83B144   [83B144] A:0A28 X:0028 Y:0046 S:0131 D:0E68 DB:86 nvMXdizc V:247 H:219 F:10

		83B144 A6 01       LDX $01       [000E69] A:0A28 X:0028 Y:0046 S:012E D:0E68 DB:86 nvMXdizc V:247 H:232 F:10
		83B146 7C 49 B1    JMP ($B149,X) [83B14D] A:0A28 X:0004 Y:0046 S:012E D:0E68 DB:86 nvMXdizc V:247 H:239 F:10

		83B2E8 A6 02       LDX $02       [000E6A] A:0A28 X:0004 Y:0046 S:012E D:0E68 DB:86 nvMXdizc V:247 H:248 F:10
		83B2EA FC DA B3    JSR ($B3DA,X) [83B3E2] A:0A28 X:0008 Y:0046 S:012E D:0E68 DB:86 nvMXdizc V:247 H:254 F:10

			83B826 A6 03       LDX $03       [000E6B] A:0A28 X:0008 Y:0046 S:012C D:0E68 DB:86 nvMXdizc V:247 H:267 F:10
			83B828 7C 2B B8    JMP ($B82B,X) [83B835] A:0A28 X:000A Y:0046 S:012C D:0E68 DB:86 nvMXdizc V:247 H:274 F:10

			83B878 22 E8 81 82 JSL $8281E8   [8281E8] A:0A28 X:000A Y:0046 S:012C D:0E68 DB:86 nvMXdizc V:247 H:283 F:10	JSL $8281E8 --> Update X-Pos, Y-Pos, Y-Vel

				8281E8 08          PHP                    A:0A28 X:000A Y:0046 S:0129 D:0E68 DB:86 nvMXdizc V:247 H:296 F:10
				8281E9 C2 20       REP #$20               A:0A28 X:000A Y:0046 S:0128 D:0E68 DB:86 nvMXdizc V:247 H:301 F:10
				8281EB 38          SEC                    A:0A28 X:000A Y:0046 S:0128 D:0E68 DB:86 nvmXdizc V:247 H:306 F:10
				8281EC A5 1E       LDA $1E       [000E86] A:0A28 X:000A Y:0046 S:0128 D:0E68 DB:86 nvmXdizC V:247 H:309 F:10
				8281EE 29 FF 00    AND #$00FF             A:0040 X:000A Y:0046 S:0128 D:0E68 DB:86 nvmXdizC V:247 H:317 F:10
				8281F1 E5 1C       SBC $1C       [000E84] A:0040 X:000A Y:0046 S:0128 D:0E68 DB:86 nvmXdizC V:247 H:322 F:10
				8281F3 49 FF FF    EOR #$FFFF             A:FF40 X:000A Y:0046 S:0128 D:0E68 DB:86 NvmXdizc V:247 H:329 F:10
				8281F6 1A          INC                    A:00BF X:000A Y:0046 S:0128 D:0E68 DB:86 nvmXdizc V:247 H:334 F:10
				8281F7 85 1C       STA $1C       [000E84] A:00C0 X:000A Y:0046 S:0128 D:0E68 DB:86 nvmXdizc V:247 H:337 F:10
				8281F9 80 10       BRA $0010     [82820B] A:00C0 X:000A Y:0046 S:0128 D:0E68 DB:86 nvmXdizc V:248 H:  5 F:10
				82820B C2 21       REP #$21               A:00C0 X:000A Y:0046 S:0128 D:0E68 DB:86 nvmXdizc V:248 H: 10 F:10
				82820D A5 04       LDA $04       [000E6C] A:00C0 X:000A Y:0046 S:0128 D:0E68 DB:86 nvmXdizc V:248 H: 14 F:10
				82820F 65 1A       ADC $1A       [000E82] A:7C5E X:000A Y:0046 S:0128 D:0E68 DB:86 nvmXdizc V:248 H: 23 F:10
				828211 85 04       STA $04       [000E6C] A:7D5E X:000A Y:0046 S:0128 D:0E68 DB:86 nvmXdizc V:248 H: 31 F:10
				828213 E2 20       SEP #$20               A:7D5E X:000A Y:0046 S:0128 D:0E68 DB:86 nvmXdizc V:248 H: 40 F:10
				828215 A9 00       LDA #$00               A:7D5E X:000A Y:0046 S:0128 D:0E68 DB:86 nvMXdizc V:248 H: 44 F:10
				828217 24 1B       BIT $1B       [000E83] A:7D00 X:000A Y:0046 S:0128 D:0E68 DB:86 nvMXdiZc V:248 H: 47 F:10
				828219 10 01       BPL $0001     [82821C] A:7D00 X:000A Y:0046 S:0128 D:0E68 DB:86 nvMXdiZc V:248 H: 54 F:10
				82821C 65 06       ADC $06       [000E6E] A:7D00 X:000A Y:0046 S:0128 D:0E68 DB:86 nvMXdiZc V:248 H: 58 F:10
				82821E 85 06       STA $06       [000E6E] A:7D14 X:000A Y:0046 S:0128 D:0E68 DB:86 nvMXdizc V:248 H: 65 F:10
				828220 C2 20       REP #$20               A:7D14 X:000A Y:0046 S:0128 D:0E68 DB:86 nvMXdizc V:248 H: 71 F:10
				828222 38          SEC                    A:7D14 X:000A Y:0046 S:0128 D:0E68 DB:86 nvmXdizc V:248 H: 76 F:10
				828223 A5 07       LDA $07       [000E6F] A:7D14 X:000A Y:0046 S:0128 D:0E68 DB:86 nvmXdizC V:248 H: 79 F:10
				828225 E5 1C       SBC $1C       [000E84] A:8582 X:000A Y:0046 S:0128 D:0E68 DB:86 NvmXdizC V:248 H: 87 F:10
				828227 85 07       STA $07       [000E6F] A:84C2 X:000A Y:0046 S:0128 D:0E68 DB:86 NvmXdizC V:248 H: 96 F:10
				828229 E2 20       SEP #$20               A:84C2 X:000A Y:0046 S:0128 D:0E68 DB:86 NvmXdizC V:248 H:104 F:10
				82822B 9C 00 00    STZ $0000     [860000] A:84C2 X:000A Y:0046 S:0128 D:0E68 DB:86 NvMXdizC V:248 H:109 F:10
				82822E 24 1D       BIT $1D       [000E85] A:84C2 X:000A Y:0046 S:0128 D:0E68 DB:86 NvMXdizC V:248 H:115 F:10
				828230 10 03       BPL $0003     [828235] A:84C2 X:000A Y:0046 S:0128 D:0E68 DB:86 nvMXdiZC V:248 H:122 F:10
				828235 A5 09       LDA $09       [000E71] A:84C2 X:000A Y:0046 S:0128 D:0E68 DB:86 nvMXdiZC V:248 H:126 F:10
				828237 ED 00 00    SBC $0000     [860000] A:840A X:000A Y:0046 S:0128 D:0E68 DB:86 nvMXdizC V:248 H:133 F:10
				82823A 85 09       STA $09       [000E71] A:840A X:000A Y:0046 S:0128 D:0E68 DB:86 nvMXdizC V:248 H:149 F:10
				82823C 28          PLP                    A:840A X:000A Y:0046 S:0128 D:0E68 DB:86 nvMXdizC V:248 H:156 F:10
				82823D 6B          RTL                    A:840A X:000A Y:0046 S:0129 D:0E68 DB:86 nvMXdizc V:248 H:162 F:10

			83B87C 22 EA 8E 84 JSL $848EEA   [848EEA] A:840A X:000A Y:0046 S:012C D:0E68 DB:86 nvMXdizc V:248 H:173 F:10	JSL $848EEA --> Decrease CDSkel, Continue Skeleton

				848EEA 08          PHP                    A:840A X:000A Y:0046 S:0129 D:0E68 DB:86 nvMXdizc V:248 H:186 F:10
				848EEB 8B          PHB                    A:840A X:000A Y:0046 S:0128 D:0E68 DB:86 nvMXdizc V:248 H:191 F:10
				848EEC E2 30       SEP #$30               A:840A X:000A Y:0046 S:0127 D:0E68 DB:86 nvMXdizc V:248 H:196 F:10
				848EEE C6 13       DEC $13       [000E7B] A:840A X:000A Y:0046 S:0127 D:0E68 DB:86 nvMXdizc V:248 H:201 F:10
				848EF0 D0 5D       BNE $005D     [848F4F] A:840A X:000A Y:0046 S:0127 D:0E68 DB:86 nvMXdizc V:248 H:211 F:10
				848F4F AB          PLB                    A:840A X:000A Y:0046 S:0127 D:0E68 DB:86 nvMXdizc V:248 H:215 F:10
				848F50 28          PLP                    A:840A X:000A Y:0046 S:0128 D:0E68 DB:86 NvMXdizc V:248 H:222 F:10
				848F51 6B          RTL                    A:840A X:000A Y:0046 S:0129 D:0E68 DB:86 nvMXdizc V:248 H:228 F:10

			83B880 22 BE 91 84 JSL $8491BE   [8491BE] A:840A X:000A Y:0046 S:012C D:0E68 DB:86 nvMXdizc V:248 H:239 F:10	JSL $8491BE --> Check for colissions and adjust position

				8491BE 08          PHP                    A:840A X:000A Y:0046 S:0129 D:0E68 DB:86 nvMXdizc V:248 H:252 F:10
				8491BF 0B          PHD                    A:840A X:000A Y:0046 S:0128 D:0E68 DB:86 nvMXdizc V:248 H:257 F:10
				8491C0 C2 30       REP #$30               A:840A X:000A Y:0046 S:0126 D:0E68 DB:86 nvMXdizc V:248 H:264 F:10
				8491C2 A5 20       LDA $20       [000E88] A:840A X:000A Y:0046 S:0126 D:0E68 DB:86 nvmxdizc V:248 H:269 F:10
				8491C4 F0 15       BEQ $0015     [8491DB] A:C94F X:000A Y:0046 S:0126 D:0E68 DB:86 Nvmxdizc V:248 H:277 F:10
				8491C6 7B          TDC                    A:C94F X:000A Y:0046 S:0126 D:0E68 DB:86 Nvmxdizc V:248 H:280 F:10
				8491C7 AA          TAX                    A:0E68 X:000A Y:0046 S:0126 D:0E68 DB:86 nvmxdizc V:248 H:283 F:10
				8491C8 A9 00 00    LDA #$0000             A:0E68 X:0E68 Y:0046 S:0126 D:0E68 DB:86 nvmxdizc V:248 H:286 F:10
				8491CB 5B          TCD                    A:0000 X:0E68 Y:0046 S:0126 D:0E68 DB:86 nvmxdiZc V:248 H:291 F:10
				8491CC 64 14       STZ $14       [000014] A:0000 X:0E68 Y:0046 S:0126 D:0000 DB:86 nvmxdiZc V:248 H:294 F:10
				8491CE B5 2B       LDA $2B,X     [000E93] A:0000 X:0E68 Y:0046 S:0126 D:0000 DB:86 nvmxdiZc V:248 H:301 F:10
				8491D0 29 00 FF    AND #$FF00             A:0000 X:0E68 Y:0046 S:0126 D:0000 DB:86 nvmxdiZc V:248 H:309 F:10
				8491D3 95 2B       STA $2B,X     [000E93] A:0000 X:0E68 Y:0046 S:0126 D:0000 DB:86 nvmxdiZc V:248 H:314 F:10
				8491D5 20 AC 92    JSR $92AC     [8492AC] A:0000 X:0E68 Y:0046 S:0126 D:0000 DB:86 nvmxdiZc V:248 H:322 F:10

				8492AC C2 30       REP #$30               A:0000 X:0E68 Y:0046 S:0124 D:0000 DB:86 nvmxdiZc V:248 H:331 F:10
				8492AE B5 05       LDA $05,X     [000E6D] A:0000 X:0E68 Y:0046 S:0124 D:0000 DB:86 nvmxdiZc V:248 H:336 F:10
				8492B0 38          SEC                    A:147D X:0E68 Y:0046 S:0124 D:0000 DB:86 nvmxdizc V:249 H:  4 F:10
				8492B1 F5 22       SBC $22,X     [000E8A] A:147D X:0E68 Y:0046 S:0124 D:0000 DB:86 nvmxdizC V:249 H:  7 F:10
				8492B3 85 00       STA $00       [000000] A:0001 X:0E68 Y:0046 S:0124 D:0000 DB:86 nvmxdizC V:249 H: 16 F:10
				8492B5 E2 20       SEP #$20               A:0001 X:0E68 Y:0046 S:0124 D:0000 DB:86 nvmxdizC V:249 H: 23 F:10
				8492B7 F0 4C       BEQ $004C     [849305] A:0001 X:0E68 Y:0046 S:0124 D:0000 DB:86 nvMxdizC V:249 H: 27 F:10
				8492B9 B4 20       LDY $20,X     [000E88] A:0001 X:0E68 Y:0046 S:0124 D:0000 DB:86 nvMxdizC V:249 H: 30 F:10
				8492BB B9 05 00    LDA $0005,Y   [86C954] A:0001 X:0E68 Y:C94F S:0124 D:0000 DB:86 NvMxdizC V:249 H: 39 F:10
				8492BE 34 11       BIT $11,X     [000E79] A:0000 X:0E68 Y:C94F S:0124 D:0000 DB:86 nvMxdiZC V:249 H: 46 F:10
				8492C0 50 03       BVC $0003     [8492C5] A:0000 X:0E68 Y:C94F S:0124 D:0000 DB:86 nvMxdiZC V:249 H: 53 F:10
				8492C5 24 00       BIT $00       [000000] A:0000 X:0E68 Y:C94F S:0124 D:0000 DB:86 nvMxdiZC V:249 H: 57 F:10
				8492C7 10 06       BPL $0006     [8492CF] A:0000 X:0E68 Y:C94F S:0124 D:0000 DB:86 nvMxdiZC V:249 H: 62 F:10
				8492CF 18          CLC                    A:0000 X:0E68 Y:C94F S:0124 D:0000 DB:86 nvMxdiZC V:249 H: 67 F:10
				8492D0 79 07 00    ADC $0007,Y   [86C956] A:0000 X:0E68 Y:C94F S:0124 D:0000 DB:86 nvMxdiZc V:249 H: 70 F:10
				8492D3 95 29       STA $29,X     [000E91] A:0010 X:0E68 Y:C94F S:0124 D:0000 DB:86 nvMxdizc V:249 H: 77 F:10
				8492D5 B9 06 00    LDA $0006,Y   [86C955] A:0010 X:0E68 Y:C94F S:0124 D:0000 DB:86 nvMxdizc V:249 H: 84 F:10
				8492D8 95 2A       STA $2A,X     [000E92] A:00FF X:0E68 Y:C94F S:0124 D:0000 DB:86 NvMxdizc V:249 H: 91 F:10
				8492DA 20 15 93    JSR $9315     [849315] A:00FF X:0E68 Y:C94F S:0124 D:0000 DB:86 NvMxdizc V:249 H: 98 F:10

				849315 20 B3 90    JSR $90B3     [8490B3] A:00FF X:0E68 Y:C94F S:0122 D:0000 DB:86 NvMxdizc V:249 H:108 F:10

				8490B3 0B          PHD                    A:00FF X:0E68 Y:C94F S:0120 D:0000 DB:86 NvMxdizc V:249 H:118 F:10
				8490B4 DA          PHX                    A:00FF X:0E68 Y:C94F S:011E D:0000 DB:86 NvMxdizc V:249 H:125 F:10
				8490B5 08          PHP                    A:00FF X:0E68 Y:C94F S:011C D:0000 DB:86 NvMxdizc V:249 H:132 F:10
				8490B6 E2 20       SEP #$20               A:00FF X:0E68 Y:C94F S:011B D:0000 DB:86 NvMxdizc V:249 H:147 F:10
				8490B8 C2 10       REP #$10               A:00FF X:0E68 Y:C94F S:011B D:0000 DB:86 NvMxdizc V:249 H:151 F:10
				8490BA 64 01       STZ $01       [000001] A:00FF X:0E68 Y:C94F S:011B D:0000 DB:86 NvMxdizc V:249 H:156 F:10
				8490BC B5 29       LDA $29,X     [000E91] A:00FF X:0E68 Y:C94F S:011B D:0000 DB:86 NvMxdizc V:249 H:161 F:10
				8490BE 10 02       BPL $0002     [8490C2] A:0010 X:0E68 Y:C94F S:011B D:0000 DB:86 nvMxdizc V:249 H:167 F:10
				8490C2 18          CLC                    A:0010 X:0E68 Y:C94F S:011B D:0000 DB:86 nvMxdizc V:249 H:172 F:10
				8490C3 75 05       ADC $05,X     [000E6D] A:0010 X:0E68 Y:C94F S:011B D:0000 DB:86 nvMxdizc V:249 H:175 F:10
				8490C5 85 00       STA $00       [000000] A:008D X:0E68 Y:C94F S:011B D:0000 DB:86 NVMxdizc V:249 H:181 F:10
				8490C7 B5 06       LDA $06,X     [000E6E] A:008D X:0E68 Y:C94F S:011B D:0000 DB:86 NVMxdizc V:249 H:186 F:10
				8490C9 65 01       ADC $01       [000001] A:0014 X:0E68 Y:C94F S:011B D:0000 DB:86 nVMxdizc V:249 H:193 F:10
				8490CB 85 01       STA $01       [000001] A:0014 X:0E68 Y:C94F S:011B D:0000 DB:86 nvMxdizc V:249 H:198 F:10
				8490CD 64 03       STZ $03       [000003] A:0014 X:0E68 Y:C94F S:011B D:0000 DB:86 nvMxdizc V:249 H:203 F:10
				8490CF B5 2A       LDA $2A,X     [000E92] A:0014 X:0E68 Y:C94F S:011B D:0000 DB:86 nvMxdizc V:249 H:208 F:10
				8490D1 10 02       BPL $0002     [8490D5] A:00FF X:0E68 Y:C94F S:011B D:0000 DB:86 NvMxdizc V:249 H:214 F:10
				8490D3 C6 03       DEC $03       [000003] A:00FF X:0E68 Y:C94F S:011B D:0000 DB:86 NvMxdizc V:249 H:217 F:10
				8490D5 18          CLC                    A:00FF X:0E68 Y:C94F S:011B D:0000 DB:86 NvMxdizc V:249 H:226 F:10
				8490D6 75 08       ADC $08,X     [000E70] A:00FF X:0E68 Y:C94F S:011B D:0000 DB:86 NvMxdizc V:249 H:229 F:10
				8490D8 85 02       STA $02       [000002] A:0083 X:0E68 Y:C94F S:011B D:0000 DB:86 NvMxdizC V:249 H:235 F:10
				8490DA 29 F0       AND #$F0               A:0083 X:0E68 Y:C94F S:011B D:0000 DB:86 NvMxdizC V:249 H:240 F:10
				8490DC 85 0A       STA $0A       [00000A] A:0080 X:0E68 Y:C94F S:011B D:0000 DB:86 NvMxdizC V:249 H:243 F:10
				8490DE B5 09       LDA $09,X     [000E71] A:0080 X:0E68 Y:C94F S:011B D:0000 DB:86 NvMxdizC V:249 H:248 F:10
				8490E0 65 03       ADC $03       [000003] A:000A X:0E68 Y:C94F S:011B D:0000 DB:86 nvMxdizC V:249 H:255 F:10
				8490E2 85 03       STA $03       [000003] A:000A X:0E68 Y:C94F S:011B D:0000 DB:86 nvMxdizC V:249 H:260 F:10
				8490E4 85 0B       STA $0B       [00000B] A:000A X:0E68 Y:C94F S:011B D:0000 DB:86 nvMxdizC V:249 H:265 F:10
				8490E6 A5 00       LDA $00       [000000] A:000A X:0E68 Y:C94F S:011B D:0000 DB:86 nvMxdizC V:249 H:270 F:10
				8490E8 29 0F       AND #$0F               A:008D X:0E68 Y:C94F S:011B D:0000 DB:86 NvMxdizC V:249 H:275 F:10
				8490EA 1A          INC                    A:000D X:0E68 Y:C94F S:011B D:0000 DB:86 nvMxdizC V:249 H:278 F:10
				8490EB 85 0C       STA $0C       [00000C] A:000E X:0E68 Y:C94F S:011B D:0000 DB:86 nvMxdizC V:249 H:281 F:10
				8490ED A5 02       LDA $02       [000002] A:000E X:0E68 Y:C94F S:011B D:0000 DB:86 nvMxdizC V:249 H:286 F:10
				8490EF 29 0F       AND #$0F               A:0083 X:0E68 Y:C94F S:011B D:0000 DB:86 NvMxdizC V:249 H:291 F:10
				8490F1 1A          INC                    A:0003 X:0E68 Y:C94F S:011B D:0000 DB:86 nvMxdizC V:249 H:294 F:10
				8490F2 85 0E       STA $0E       [00000E] A:0004 X:0E68 Y:C94F S:011B D:0000 DB:86 nvMxdizC V:249 H:297 F:10
				8490F4 C2 20       REP #$20               A:0004 X:0E68 Y:C94F S:011B D:0000 DB:86 nvMxdizC V:249 H:302 F:10
				8490F6 20 6A 91    JSR $916A     [84916A] A:0004 X:0E68 Y:C94F S:011B D:0000 DB:86 nvmxdizC V:249 H:306 F:10

				84916A A9 00 E8    LDA #$E800             A:0004 X:0E68 Y:C94F S:0119 D:0000 DB:86 nvmxdizC V:249 H:316 F:10
				84916D 85 10       STA $10       [000010] A:E800 X:0E68 Y:C94F S:0119 D:0000 DB:86 NvmxdizC V:249 H:321 F:10
				84916F A9 7E 00    LDA #$007E             A:E800 X:0E68 Y:C94F S:0119 D:0000 DB:86 NvmxdizC V:249 H:327 F:10
				849172 85 12       STA $12       [000012] A:007E X:0E68 Y:C94F S:0119 D:0000 DB:86 nvmxdizC V:249 H:331 F:10
				849174 A5 02       LDA $02       [000002] A:007E X:0E68 Y:C94F S:0119 D:0000 DB:86 nvmxdizC V:249 H:338 F:10
				849176 29 F0 00    AND #$00F0             A:0A83 X:0E68 Y:C94F S:0119 D:0000 DB:86 nvmxdizC V:250 H:  5 F:10
				849179 0A          ASL A                  A:0080 X:0E68 Y:C94F S:0119 D:0000 DB:86 nvmxdizC V:250 H: 10 F:10
				84917A 85 04       STA $04       [000004] A:0100 X:0E68 Y:C94F S:0119 D:0000 DB:86 nvmxdizc V:250 H: 13 F:10
				84917C A5 00       LDA $00       [000000] A:0100 X:0E68 Y:C94F S:0119 D:0000 DB:86 nvmxdizc V:250 H: 20 F:10
				84917E 29 FF 00    AND #$00FF             A:148D X:0E68 Y:C94F S:0119 D:0000 DB:86 nvmxdizc V:250 H: 27 F:10
				849181 4A          LSR A                  A:008D X:0E68 Y:C94F S:0119 D:0000 DB:86 nvmxdizc V:250 H: 31 F:10
				849182 4A          LSR A                  A:0046 X:0E68 Y:C94F S:0119 D:0000 DB:86 nvmxdizC V:250 H: 34 F:10
				849183 4A          LSR A                  A:0023 X:0E68 Y:C94F S:0119 D:0000 DB:86 nvmxdizc V:250 H: 37 F:10
				849184 29 FE FF    AND #$FFFE             A:0011 X:0E68 Y:C94F S:0119 D:0000 DB:86 nvmxdizC V:250 H: 40 F:10
				849187 18          CLC                    A:0010 X:0E68 Y:C94F S:0119 D:0000 DB:86 nvmxdizC V:250 H: 45 F:10
				849188 65 04       ADC $04       [000004] A:0010 X:0E68 Y:C94F S:0119 D:0000 DB:86 nvmxdizc V:250 H: 48 F:10
				84918A 85 06       STA $06       [000006] A:0110 X:0E68 Y:C94F S:0119 D:0000 DB:86 nvmxdizc V:250 H: 55 F:10
				84918C A5 00       LDA $00       [000000] A:0110 X:0E68 Y:C94F S:0119 D:0000 DB:86 nvmxdizc V:250 H: 62 F:10
				84918E EB          XBA                    A:148D X:0E68 Y:C94F S:0119 D:0000 DB:86 nvmxdizc V:250 H: 69 F:10
				84918F 29 1F 00    AND #$001F             A:8D14 X:0E68 Y:C94F S:0119 D:0000 DB:86 nvmxdizc V:250 H: 73 F:10
				849192 85 04       STA $04       [000004] A:0014 X:0E68 Y:C94F S:0119 D:0000 DB:86 nvmxdizc V:250 H: 78 F:10
				849194 A5 02       LDA $02       [000002] A:0014 X:0E68 Y:C94F S:0119 D:0000 DB:86 nvmxdizc V:250 H: 85 F:10
				849196 29 00 1F    AND #$1F00             A:0A83 X:0E68 Y:C94F S:0119 D:0000 DB:86 nvmxdizc V:250 H: 92 F:10
				849199 4A          LSR A                  A:0A00 X:0E68 Y:C94F S:0119 D:0000 DB:86 nvmxdizc V:250 H: 96 F:10
				84919A 4A          LSR A                  A:0500 X:0E68 Y:C94F S:0119 D:0000 DB:86 nvmxdizc V:250 H: 99 F:10
				84919B 4A          LSR A                  A:0280 X:0E68 Y:C94F S:0119 D:0000 DB:86 nvmxdizc V:250 H:102 F:10
				84919C 18          CLC                    A:0140 X:0E68 Y:C94F S:0119 D:0000 DB:86 nvmxdizc V:250 H:105 F:10
				84919D 65 04       ADC $04       [000004] A:0140 X:0E68 Y:C94F S:0119 D:0000 DB:86 nvmxdizc V:250 H:108 F:10
				84919F A8          TAY                    A:0154 X:0E68 Y:C94F S:0119 D:0000 DB:86 nvmxdizc V:250 H:115 F:10
				8491A0 B7 10       LDA [$10],Y   [7EE954] A:0154 X:0E68 Y:0154 S:0119 D:0000 DB:86 nvmxdizc V:250 H:118 F:10
				8491A2 29 FF 00    AND #$00FF             A:0038 X:0E68 Y:0154 S:0119 D:0000 DB:86 nvmxdizc V:250 H:131 F:10
				8491A5 A8          TAY                    A:0038 X:0E68 Y:0154 S:0119 D:0000 DB:86 nvmxdizc V:250 H:146 F:10
				8491A6 EB          XBA                    A:0038 X:0E68 Y:0038 S:0119 D:0000 DB:86 nvmxdizc V:250 H:149 F:10
				8491A7 0A          ASL A                  A:3800 X:0E68 Y:0038 S:0119 D:0000 DB:86 nvmxdiZc V:250 H:153 F:10
				8491A8 18          CLC                    A:7000 X:0E68 Y:0038 S:0119 D:0000 DB:86 nvmxdizc V:250 H:156 F:10
				8491A9 65 06       ADC $06       [000006] A:7000 X:0E68 Y:0038 S:0119 D:0000 DB:86 nvmxdizc V:250 H:159 F:10
				8491AB AA          TAX                    A:7110 X:0E68 Y:0038 S:0119 D:0000 DB:86 nvmxdizc V:250 H:166 F:10
				8491AC 60          RTS                    A:7110 X:7110 Y:0038 S:0119 D:0000 DB:86 nvmxdizc V:250 H:169 F:10

				8490F9 BF 00 20 7E LDA $7E2000,X [7E9110] A:7110 X:7110 Y:0038 S:011B D:0000 DB:86 nvmxdizc V:250 H:179 F:10
				8490FD A8          TAY                    A:0237 X:7110 Y:0038 S:011B D:0000 DB:86 nvmxdizc V:250 H:189 F:10
				8490FE AD 92 0B    LDA $0B92     [860B92] A:0237 X:7110 Y:0237 S:011B D:0000 DB:86 nvmxdizc V:250 H:192 F:10
				849101 85 10       STA $10       [000010] A:DB57 X:7110 Y:0237 S:011B D:0000 DB:86 Nvmxdizc V:250 H:201 F:10
				849103 AD 94 0B    LDA $0B94     [860B94] A:DB57 X:7110 Y:0237 S:011B D:0000 DB:86 Nvmxdizc V:250 H:208 F:10
				849106 85 12       STA $12       [000012] A:B895 X:7110 Y:0237 S:011B D:0000 DB:86 Nvmxdizc V:250 H:216 F:10
				849108 B7 10       LDA [$10],Y   [95DD8E] A:B895 X:7110 Y:0237 S:011B D:0000 DB:86 Nvmxdizc V:250 H:223 F:10
				84910A 29 FF 00    AND #$00FF             A:0000 X:7110 Y:0237 S:011B D:0000 DB:86 nvmxdiZc V:250 H:235 F:10
				84910D 28          PLP                    A:0000 X:7110 Y:0237 S:011B D:0000 DB:86 nvmxdiZc V:250 H:240 F:10
				84910E FA          PLX                    A:0000 X:7110 Y:0237 S:011C D:0000 DB:86 NvMxdizc V:250 H:246 F:10
				84910F 2B          PLD                    A:0000 X:0E68 Y:0237 S:011E D:0000 DB:86 nvMxdizc V:250 H:255 F:10
				849110 60          RTS                    A:0000 X:0E68 Y:0237 S:0120 D:0000 DB:86 nvMxdiZc V:250 H:263 F:10

				849318 B4 05       LDY $05,X     [000E6D] A:0000 X:0E68 Y:0237 S:0122 D:0000 DB:86 nvMxdiZc V:250 H:273 F:10
				84931A 84 10       STY $10       [000010] A:0000 X:0E68 Y:147D S:0122 D:0000 DB:86 nvMxdizc V:250 H:282 F:10
				84931C B4 08       LDY $08,X     [000E70] A:0000 X:0E68 Y:147D S:0122 D:0000 DB:86 nvMxdizc V:250 H:289 F:10
				84931E 84 12       STY $12       [000012] A:0000 X:0E68 Y:0A84 S:0122 D:0000 DB:86 nvMxdizc V:250 H:297 F:10
				849320 95 2D       STA $2D,X     [000E95] A:0000 X:0E68 Y:0A84 S:0122 D:0000 DB:86 nvMxdizc V:250 H:304 F:10
				849322 86 2C       STX $2C       [00002C] A:0000 X:0E68 Y:0A84 S:0122 D:0000 DB:86 nvMxdizc V:250 H:311 F:10
				849324 29 3F       AND #$3F               A:0000 X:0E68 Y:0A84 S:0122 D:0000 DB:86 nvMxdizc V:250 H:318 F:10
				849326 0A          ASL A                  A:0000 X:0E68 Y:0A84 S:0122 D:0000 DB:86 nvMxdiZc V:250 H:321 F:10
				849327 EB          XBA                    A:0000 X:0E68 Y:0A84 S:0122 D:0000 DB:86 nvMxdiZc V:250 H:323 F:10
				849328 A9 00       LDA #$00               A:0000 X:0E68 Y:0A84 S:0122 D:0000 DB:86 nvMxdiZc V:250 H:327 F:10
				84932A EB          XBA                    A:0000 X:0E68 Y:0A84 S:0122 D:0000 DB:86 nvMxdiZc V:250 H:330 F:10
				84932B AA          TAX                    A:0000 X:0E68 Y:0A84 S:0122 D:0000 DB:86 nvMxdiZc V:250 H:335 F:10
				84932C FC 5D 93    JSR ($935D,X) [84935D] A:0000 X:0000 Y:0A84 S:0122 D:0000 DB:86 nvMxdiZc V:250 H:338 F:10

				84977A A9 00       LDA #$00               A:0000 X:0000 Y:0A84 S:0120 D:0000 DB:86 nvMxdiZc V:251 H: 11 F:10
				84977C 60          RTS                    A:0000 X:0000 Y:0A84 S:0120 D:0000 DB:86 nvMxdiZc V:251 H: 14 F:10

				84932F 08          PHP                    A:0000 X:0000 Y:0A84 S:0122 D:0000 DB:86 nvMxdiZc V:251 H: 24 F:10
				849330 A6 2C       LDX $2C       [00002C] A:0000 X:0000 Y:0A84 S:0121 D:0000 DB:86 nvMxdiZc V:251 H: 29 F:10
				849332 A9 01       LDA #$01               A:0000 X:0E68 Y:0A84 S:0121 D:0000 DB:86 nvMxdizc V:251 H: 36 F:10
				849334 34 29       BIT $29,X     [000E91] A:0001 X:0E68 Y:0A84 S:0121 D:0000 DB:86 nvMxdizc V:251 H: 39 F:10
				849336 10 02       BPL $0002     [84933A] A:0001 X:0E68 Y:0A84 S:0121 D:0000 DB:86 nvMxdiZc V:251 H: 45 F:10
				84933A 28          PLP                    A:0001 X:0E68 Y:0A84 S:0121 D:0000 DB:86 nvMxdiZc V:251 H: 50 F:10
				84933B F0 0C       BEQ $000C     [849349] A:0001 X:0E68 Y:0A84 S:0122 D:0000 DB:86 nvMxdiZc V:251 H: 56 F:10
				849349 49 FF       EOR #$FF               A:0001 X:0E68 Y:0A84 S:0122 D:0000 DB:86 nvMxdiZc V:251 H: 61 F:10
				84934B 35 2B       AND $2B,X     [000E93] A:00FE X:0E68 Y:0A84 S:0122 D:0000 DB:86 NvMxdizc V:251 H: 64 F:10
				84934D 95 2B       STA $2B,X     [000E93] A:0000 X:0E68 Y:0A84 S:0122 D:0000 DB:86 nvMxdiZc V:251 H: 70 F:10
				84934F 20 08 93    JSR $9308     [849308] A:0000 X:0E68 Y:0A84 S:0122 D:0000 DB:86 nvMxdiZc V:251 H: 77 F:10

				849308 A5 14       LDA $14       [000014] A:0000 X:0E68 Y:0A84 S:0120 D:0000 DB:86 nvMxdiZc V:251 H: 87 F:10
				84930A F0 08       BEQ $0008     [849314] A:0000 X:0E68 Y:0A84 S:0120 D:0000 DB:86 nvMxdiZc V:251 H: 92 F:10
				849314 60          RTS                    A:0000 X:0E68 Y:0A84 S:0120 D:0000 DB:86 nvMxdiZc V:251 H: 96 F:10

				849352 A9 00       LDA #$00               A:0000 X:0E68 Y:0A84 S:0122 D:0000 DB:86 nvMxdiZc V:251 H:106 F:10
				849354 60          RTS                    A:0000 X:0E68 Y:0A84 S:0122 D:0000 DB:86 nvMxdiZc V:251 H:109 F:10

				8492DD D0 26       BNE $0026     [849305] A:0000 X:0E68 Y:0A84 S:0124 D:0000 DB:86 nvMxdiZc V:251 H:119 F:10
				8492DF B4 20       LDY $20,X     [000E88] A:0000 X:0E68 Y:0A84 S:0124 D:0000 DB:86 nvMxdiZc V:251 H:122 F:10
				8492E1 B9 06 00    LDA $0006,Y   [86C955] A:0000 X:0E68 Y:C94F S:0124 D:0000 DB:86 NvMxdizc V:251 H:131 F:10
				8492E4 38          SEC                    A:00FF X:0E68 Y:C94F S:0124 D:0000 DB:86 NvMxdizc V:251 H:148 F:10
				8492E5 F9 08 00    SBC $0008,Y   [86C957] A:00FF X:0E68 Y:C94F S:0124 D:0000 DB:86 NvMxdizC V:251 H:151 F:10
				8492E8 18          CLC                    A:00EC X:0E68 Y:C94F S:0124 D:0000 DB:86 NvMxdizC V:251 H:159 F:10
				8492E9 79 09 00    ADC $0009,Y   [86C958] A:00EC X:0E68 Y:C94F S:0124 D:0000 DB:86 NvMxdizc V:251 H:162 F:10
				8492EC 95 2A       STA $2A,X     [000E92] A:00F1 X:0E68 Y:C94F S:0124 D:0000 DB:86 NvMxdizc V:251 H:169 F:10
				8492EE 20 15 93    JSR $9315     [849315] A:00F1 X:0E68 Y:C94F S:0124 D:0000 DB:86 NvMxdizc V:251 H:176 F:10

				849315 20 B3 90    JSR $90B3     [8490B3] A:00F1 X:0E68 Y:C94F S:0122 D:0000 DB:86 NvMxdizc V:251 H:186 F:10

				8490B3 0B          PHD                    A:00F1 X:0E68 Y:C94F S:0120 D:0000 DB:86 NvMxdizc V:251 H:196 F:10
				8490B4 DA          PHX                    A:00F1 X:0E68 Y:C94F S:011E D:0000 DB:86 NvMxdizc V:251 H:203 F:10
				8490B5 08          PHP                    A:00F1 X:0E68 Y:C94F S:011C D:0000 DB:86 NvMxdizc V:251 H:210 F:10
				8490B6 E2 20       SEP #$20               A:00F1 X:0E68 Y:C94F S:011B D:0000 DB:86 NvMxdizc V:251 H:215 F:10
				8490B8 C2 10       REP #$10               A:00F1 X:0E68 Y:C94F S:011B D:0000 DB:86 NvMxdizc V:251 H:219 F:10
				8490BA 64 01       STZ $01       [000001] A:00F1 X:0E68 Y:C94F S:011B D:0000 DB:86 NvMxdizc V:251 H:224 F:10
				8490BC B5 29       LDA $29,X     [000E91] A:00F1 X:0E68 Y:C94F S:011B D:0000 DB:86 NvMxdizc V:251 H:229 F:10
				8490BE 10 02       BPL $0002     [8490C2] A:0010 X:0E68 Y:C94F S:011B D:0000 DB:86 nvMxdizc V:251 H:235 F:10
				8490C2 18          CLC                    A:0010 X:0E68 Y:C94F S:011B D:0000 DB:86 nvMxdizc V:251 H:240 F:10
				8490C3 75 05       ADC $05,X     [000E6D] A:0010 X:0E68 Y:C94F S:011B D:0000 DB:86 nvMxdizc V:251 H:243 F:10
				8490C5 85 00       STA $00       [000000] A:008D X:0E68 Y:C94F S:011B D:0000 DB:86 NVMxdizc V:251 H:249 F:10
				8490C7 B5 06       LDA $06,X     [000E6E] A:008D X:0E68 Y:C94F S:011B D:0000 DB:86 NVMxdizc V:251 H:254 F:10
				8490C9 65 01       ADC $01       [000001] A:0014 X:0E68 Y:C94F S:011B D:0000 DB:86 nVMxdizc V:251 H:261 F:10
				8490CB 85 01       STA $01       [000001] A:0014 X:0E68 Y:C94F S:011B D:0000 DB:86 nvMxdizc V:251 H:266 F:10
				8490CD 64 03       STZ $03       [000003] A:0014 X:0E68 Y:C94F S:011B D:0000 DB:86 nvMxdizc V:251 H:271 F:10
				8490CF B5 2A       LDA $2A,X     [000E92] A:0014 X:0E68 Y:C94F S:011B D:0000 DB:86 nvMxdizc V:251 H:276 F:10
				8490D1 10 02       BPL $0002     [8490D5] A:00F1 X:0E68 Y:C94F S:011B D:0000 DB:86 NvMxdizc V:251 H:282 F:10
				8490D3 C6 03       DEC $03       [000003] A:00F1 X:0E68 Y:C94F S:011B D:0000 DB:86 NvMxdizc V:251 H:285 F:10
				8490D5 18          CLC                    A:00F1 X:0E68 Y:C94F S:011B D:0000 DB:86 NvMxdizc V:251 H:294 F:10
				8490D6 75 08       ADC $08,X     [000E70] A:00F1 X:0E68 Y:C94F S:011B D:0000 DB:86 NvMxdizc V:251 H:297 F:10
				8490D8 85 02       STA $02       [000002] A:0075 X:0E68 Y:C94F S:011B D:0000 DB:86 nVMxdizC V:251 H:303 F:10
				8490DA 29 F0       AND #$F0               A:0075 X:0E68 Y:C94F S:011B D:0000 DB:86 nVMxdizC V:251 H:308 F:10
				8490DC 85 0A       STA $0A       [00000A] A:0070 X:0E68 Y:C94F S:011B D:0000 DB:86 nVMxdizC V:251 H:311 F:10
				8490DE B5 09       LDA $09,X     [000E71] A:0070 X:0E68 Y:C94F S:011B D:0000 DB:86 nVMxdizC V:251 H:316 F:10
				8490E0 65 03       ADC $03       [000003] A:000A X:0E68 Y:C94F S:011B D:0000 DB:86 nVMxdizC V:251 H:323 F:10
				8490E2 85 03       STA $03       [000003] A:000A X:0E68 Y:C94F S:011B D:0000 DB:86 nvMxdizC V:251 H:327 F:10
				8490E4 85 0B       STA $0B       [00000B] A:000A X:0E68 Y:C94F S:011B D:0000 DB:86 nvMxdizC V:251 H:332 F:10
				8490E6 A5 00       LDA $00       [000000] A:000A X:0E68 Y:C94F S:011B D:0000 DB:86 nvMxdizC V:251 H:337 F:10
				8490E8 29 0F       AND #$0F               A:008D X:0E68 Y:C94F S:011B D:0000 DB:86 NvMxdizC V:252 H:  2 F:10
				8490EA 1A          INC                    A:000D X:0E68 Y:C94F S:011B D:0000 DB:86 nvMxdizC V:252 H:  5 F:10
				8490EB 85 0C       STA $0C       [00000C] A:000E X:0E68 Y:C94F S:011B D:0000 DB:86 nvMxdizC V:252 H:  8 F:10
				8490ED A5 02       LDA $02       [000002] A:000E X:0E68 Y:C94F S:011B D:0000 DB:86 nvMxdizC V:252 H: 13 F:10
				8490EF 29 0F       AND #$0F               A:0075 X:0E68 Y:C94F S:011B D:0000 DB:86 nvMxdizC V:252 H: 18 F:10
				8490F1 1A          INC                    A:0005 X:0E68 Y:C94F S:011B D:0000 DB:86 nvMxdizC V:252 H: 21 F:10
				8490F2 85 0E       STA $0E       [00000E] A:0006 X:0E68 Y:C94F S:011B D:0000 DB:86 nvMxdizC V:252 H: 24 F:10
				8490F4 C2 20       REP #$20               A:0006 X:0E68 Y:C94F S:011B D:0000 DB:86 nvMxdizC V:252 H: 29 F:10
				8490F6 20 6A 91    JSR $916A     [84916A] A:0006 X:0E68 Y:C94F S:011B D:0000 DB:86 nvmxdizC V:252 H: 33 F:10

				84916A A9 00 E8    LDA #$E800             A:0006 X:0E68 Y:C94F S:0119 D:0000 DB:86 nvmxdizC V:252 H: 43 F:10
				84916D 85 10       STA $10       [000010] A:E800 X:0E68 Y:C94F S:0119 D:0000 DB:86 NvmxdizC V:252 H: 48 F:10
				84916F A9 7E 00    LDA #$007E             A:E800 X:0E68 Y:C94F S:0119 D:0000 DB:86 NvmxdizC V:252 H: 55 F:10
				849172 85 12       STA $12       [000012] A:007E X:0E68 Y:C94F S:0119 D:0000 DB:86 nvmxdizC V:252 H: 59 F:10
				849174 A5 02       LDA $02       [000002] A:007E X:0E68 Y:C94F S:0119 D:0000 DB:86 nvmxdizC V:252 H: 66 F:10
				849176 29 F0 00    AND #$00F0             A:0A75 X:0E68 Y:C94F S:0119 D:0000 DB:86 nvmxdizC V:252 H: 73 F:10
				849179 0A          ASL A                  A:0070 X:0E68 Y:C94F S:0119 D:0000 DB:86 nvmxdizC V:252 H: 78 F:10
				84917A 85 04       STA $04       [000004] A:00E0 X:0E68 Y:C94F S:0119 D:0000 DB:86 nvmxdizc V:252 H: 81 F:10
				84917C A5 00       LDA $00       [000000] A:00E0 X:0E68 Y:C94F S:0119 D:0000 DB:86 nvmxdizc V:252 H: 88 F:10
				84917E 29 FF 00    AND #$00FF             A:148D X:0E68 Y:C94F S:0119 D:0000 DB:86 nvmxdizc V:252 H: 95 F:10
				849181 4A          LSR A                  A:008D X:0E68 Y:C94F S:0119 D:0000 DB:86 nvmxdizc V:252 H: 99 F:10
				849182 4A          LSR A                  A:0046 X:0E68 Y:C94F S:0119 D:0000 DB:86 nvmxdizC V:252 H:102 F:10
				849183 4A          LSR A                  A:0023 X:0E68 Y:C94F S:0119 D:0000 DB:86 nvmxdizc V:252 H:105 F:10
				849184 29 FE FF    AND #$FFFE             A:0011 X:0E68 Y:C94F S:0119 D:0000 DB:86 nvmxdizC V:252 H:108 F:10
				849187 18          CLC                    A:0010 X:0E68 Y:C94F S:0119 D:0000 DB:86 nvmxdizC V:252 H:113 F:10
				849188 65 04       ADC $04       [000004] A:0010 X:0E68 Y:C94F S:0119 D:0000 DB:86 nvmxdizc V:252 H:116 F:10
				84918A 85 06       STA $06       [000006] A:00F0 X:0E68 Y:C94F S:0119 D:0000 DB:86 nvmxdizc V:252 H:123 F:10
				84918C A5 00       LDA $00       [000000] A:00F0 X:0E68 Y:C94F S:0119 D:0000 DB:86 nvmxdizc V:252 H:130 F:10
				84918E EB          XBA                    A:148D X:0E68 Y:C94F S:0119 D:0000 DB:86 nvmxdizc V:252 H:147 F:10
				84918F 29 1F 00    AND #$001F             A:8D14 X:0E68 Y:C94F S:0119 D:0000 DB:86 nvmxdizc V:252 H:151 F:10
				849192 85 04       STA $04       [000004] A:0014 X:0E68 Y:C94F S:0119 D:0000 DB:86 nvmxdizc V:252 H:156 F:10
				849194 A5 02       LDA $02       [000002] A:0014 X:0E68 Y:C94F S:0119 D:0000 DB:86 nvmxdizc V:252 H:163 F:10
				849196 29 00 1F    AND #$1F00             A:0A75 X:0E68 Y:C94F S:0119 D:0000 DB:86 nvmxdizc V:252 H:170 F:10
				849199 4A          LSR A                  A:0A00 X:0E68 Y:C94F S:0119 D:0000 DB:86 nvmxdizc V:252 H:174 F:10
				84919A 4A          LSR A                  A:0500 X:0E68 Y:C94F S:0119 D:0000 DB:86 nvmxdizc V:252 H:177 F:10
				84919B 4A          LSR A                  A:0280 X:0E68 Y:C94F S:0119 D:0000 DB:86 nvmxdizc V:252 H:180 F:10
				84919C 18          CLC                    A:0140 X:0E68 Y:C94F S:0119 D:0000 DB:86 nvmxdizc V:252 H:183 F:10
				84919D 65 04       ADC $04       [000004] A:0140 X:0E68 Y:C94F S:0119 D:0000 DB:86 nvmxdizc V:252 H:186 F:10
				84919F A8          TAY                    A:0154 X:0E68 Y:C94F S:0119 D:0000 DB:86 nvmxdizc V:252 H:193 F:10
				8491A0 B7 10       LDA [$10],Y   [7EE954] A:0154 X:0E68 Y:0154 S:0119 D:0000 DB:86 nvmxdizc V:252 H:196 F:10
				8491A2 29 FF 00    AND #$00FF             A:0038 X:0E68 Y:0154 S:0119 D:0000 DB:86 nvmxdizc V:252 H:209 F:10
				8491A5 A8          TAY                    A:0038 X:0E68 Y:0154 S:0119 D:0000 DB:86 nvmxdizc V:252 H:214 F:10
				8491A6 EB          XBA                    A:0038 X:0E68 Y:0038 S:0119 D:0000 DB:86 nvmxdizc V:252 H:217 F:10
				8491A7 0A          ASL A                  A:3800 X:0E68 Y:0038 S:0119 D:0000 DB:86 nvmxdiZc V:252 H:221 F:10
				8491A8 18          CLC                    A:7000 X:0E68 Y:0038 S:0119 D:0000 DB:86 nvmxdizc V:252 H:224 F:10
				8491A9 65 06       ADC $06       [000006] A:7000 X:0E68 Y:0038 S:0119 D:0000 DB:86 nvmxdizc V:252 H:227 F:10
				8491AB AA          TAX                    A:70F0 X:0E68 Y:0038 S:0119 D:0000 DB:86 nvmxdizc V:252 H:234 F:10
				8491AC 60          RTS                    A:70F0 X:70F0 Y:0038 S:0119 D:0000 DB:86 nvmxdizc V:252 H:237 F:10

				8490F9 BF 00 20 7E LDA $7E2000,X [7E90F0] A:70F0 X:70F0 Y:0038 S:011B D:0000 DB:86 nvmxdizc V:252 H:247 F:10
				8490FD A8          TAY                    A:022C X:70F0 Y:0038 S:011B D:0000 DB:86 nvmxdizc V:252 H:257 F:10
				8490FE AD 92 0B    LDA $0B92     [860B92] A:022C X:70F0 Y:022C S:011B D:0000 DB:86 nvmxdizc V:252 H:260 F:10
				849101 85 10       STA $10       [000010] A:DB57 X:70F0 Y:022C S:011B D:0000 DB:86 Nvmxdizc V:252 H:269 F:10
				849103 AD 94 0B    LDA $0B94     [860B94] A:DB57 X:70F0 Y:022C S:011B D:0000 DB:86 Nvmxdizc V:252 H:276 F:10
				849106 85 12       STA $12       [000012] A:B895 X:70F0 Y:022C S:011B D:0000 DB:86 Nvmxdizc V:252 H:284 F:10
				849108 B7 10       LDA [$10],Y   [95DD83] A:B895 X:70F0 Y:022C S:011B D:0000 DB:86 Nvmxdizc V:252 H:291 F:10
				84910A 29 FF 00    AND #$00FF             A:0000 X:70F0 Y:022C S:011B D:0000 DB:86 nvmxdiZc V:252 H:303 F:10
				84910D 28          PLP                    A:0000 X:70F0 Y:022C S:011B D:0000 DB:86 nvmxdiZc V:252 H:308 F:10
				84910E FA          PLX                    A:0000 X:70F0 Y:022C S:011C D:0000 DB:86 NvMxdizc V:252 H:314 F:10
				84910F 2B          PLD                    A:0000 X:0E68 Y:022C S:011E D:0000 DB:86 nvMxdizc V:252 H:323 F:10
				849110 60          RTS                    A:0000 X:0E68 Y:022C S:0120 D:0000 DB:86 nvMxdiZc V:252 H:330 F:10

				849318 B4 05       LDY $05,X     [000E6D] A:0000 X:0E68 Y:022C S:0122 D:0000 DB:86 nvMxdiZc V:253 H:  0 F:10
				84931A 84 10       STY $10       [000010] A:0000 X:0E68 Y:147D S:0122 D:0000 DB:86 nvMxdizc V:253 H:  9 F:10
				84931C B4 08       LDY $08,X     [000E70] A:0000 X:0E68 Y:147D S:0122 D:0000 DB:86 nvMxdizc V:253 H: 16 F:10
				84931E 84 12       STY $12       [000012] A:0000 X:0E68 Y:0A84 S:0122 D:0000 DB:86 nvMxdizc V:253 H: 24 F:10
				849320 95 2D       STA $2D,X     [000E95] A:0000 X:0E68 Y:0A84 S:0122 D:0000 DB:86 nvMxdizc V:253 H: 31 F:10
				849322 86 2C       STX $2C       [00002C] A:0000 X:0E68 Y:0A84 S:0122 D:0000 DB:86 nvMxdizc V:253 H: 38 F:10
				849324 29 3F       AND #$3F               A:0000 X:0E68 Y:0A84 S:0122 D:0000 DB:86 nvMxdizc V:253 H: 45 F:10
				849326 0A          ASL A                  A:0000 X:0E68 Y:0A84 S:0122 D:0000 DB:86 nvMxdiZc V:253 H: 48 F:10
				849327 EB          XBA                    A:0000 X:0E68 Y:0A84 S:0122 D:0000 DB:86 nvMxdiZc V:253 H: 51 F:10
				849328 A9 00       LDA #$00               A:0000 X:0E68 Y:0A84 S:0122 D:0000 DB:86 nvMxdiZc V:253 H: 55 F:10
				84932A EB          XBA                    A:0000 X:0E68 Y:0A84 S:0122 D:0000 DB:86 nvMxdiZc V:253 H: 58 F:10
				84932B AA          TAX                    A:0000 X:0E68 Y:0A84 S:0122 D:0000 DB:86 nvMxdiZc V:253 H: 63 F:10
				84932C FC 5D 93    JSR ($935D,X) [84935D] A:0000 X:0000 Y:0A84 S:0122 D:0000 DB:86 nvMxdiZc V:253 H: 66 F:10

				84977A A9 00       LDA #$00               A:0000 X:0000 Y:0A84 S:0120 D:0000 DB:86 nvMxdiZc V:253 H: 79 F:10
				84977C 60          RTS                    A:0000 X:0000 Y:0A84 S:0120 D:0000 DB:86 nvMxdiZc V:253 H: 82 F:10

				84932F 08          PHP                    A:0000 X:0000 Y:0A84 S:0122 D:0000 DB:86 nvMxdiZc V:253 H: 92 F:10
				849330 A6 2C       LDX $2C       [00002C] A:0000 X:0000 Y:0A84 S:0121 D:0000 DB:86 nvMxdiZc V:253 H: 97 F:10
				849332 A9 01       LDA #$01               A:0000 X:0E68 Y:0A84 S:0121 D:0000 DB:86 nvMxdizc V:253 H:104 F:10
				849334 34 29       BIT $29,X     [000E91] A:0001 X:0E68 Y:0A84 S:0121 D:0000 DB:86 nvMxdizc V:253 H:107 F:10
				849336 10 02       BPL $0002     [84933A] A:0001 X:0E68 Y:0A84 S:0121 D:0000 DB:86 nvMxdiZc V:253 H:113 F:10
				84933A 28          PLP                    A:0001 X:0E68 Y:0A84 S:0121 D:0000 DB:86 nvMxdiZc V:253 H:118 F:10
				84933B F0 0C       BEQ $000C     [849349] A:0001 X:0E68 Y:0A84 S:0122 D:0000 DB:86 nvMxdiZc V:253 H:124 F:10
				849349 49 FF       EOR #$FF               A:0001 X:0E68 Y:0A84 S:0122 D:0000 DB:86 nvMxdiZc V:253 H:129 F:10
				84934B 35 2B       AND $2B,X     [000E93] A:00FE X:0E68 Y:0A84 S:0122 D:0000 DB:86 NvMxdizc V:253 H:132 F:10
				84934D 95 2B       STA $2B,X     [000E93] A:0000 X:0E68 Y:0A84 S:0122 D:0000 DB:86 nvMxdiZc V:253 H:148 F:10
				84934F 20 08 93    JSR $9308     [849308] A:0000 X:0E68 Y:0A84 S:0122 D:0000 DB:86 nvMxdiZc V:253 H:155 F:10

				849308 A5 14       LDA $14       [000014] A:0000 X:0E68 Y:0A84 S:0120 D:0000 DB:86 nvMxdiZc V:253 H:165 F:10
				84930A F0 08       BEQ $0008     [849314] A:0000 X:0E68 Y:0A84 S:0120 D:0000 DB:86 nvMxdiZc V:253 H:170 F:10
				849314 60          RTS                    A:0000 X:0E68 Y:0A84 S:0120 D:0000 DB:86 nvMxdiZc V:253 H:174 F:10

				849352 A9 00       LDA #$00               A:0000 X:0E68 Y:0A84 S:0122 D:0000 DB:86 nvMxdiZc V:253 H:184 F:10
				849354 60          RTS                    A:0000 X:0E68 Y:0A84 S:0122 D:0000 DB:86 nvMxdiZc V:253 H:187 F:10

				8492F1 D0 12       BNE $0012     [849305] A:0000 X:0E68 Y:0A84 S:0124 D:0000 DB:86 nvMxdiZc V:253 H:197 F:10
				8492F3 B4 20       LDY $20,X     [000E88] A:0000 X:0E68 Y:0A84 S:0124 D:0000 DB:86 nvMxdiZc V:253 H:200 F:10
				8492F5 B9 06 00    LDA $0006,Y   [86C955] A:0000 X:0E68 Y:C94F S:0124 D:0000 DB:86 NvMxdizc V:253 H:209 F:10
				8492F8 18          CLC                    A:00FF X:0E68 Y:C94F S:0124 D:0000 DB:86 NvMxdizc V:253 H:216 F:10
				8492F9 79 08 00    ADC $0008,Y   [86C957] A:00FF X:0E68 Y:C94F S:0124 D:0000 DB:86 NvMxdizc V:253 H:219 F:10
				8492FC 38          SEC                    A:0012 X:0E68 Y:C94F S:0124 D:0000 DB:86 nvMxdizC V:253 H:227 F:10
				8492FD F9 09 00    SBC $0009,Y   [86C958] A:0012 X:0E68 Y:C94F S:0124 D:0000 DB:86 nvMxdizC V:253 H:230 F:10
				849300 95 2A       STA $2A,X     [000E92] A:000D X:0E68 Y:C94F S:0124 D:0000 DB:86 nvMxdizC V:253 H:237 F:10
				849302 20 15 93    JSR $9315     [849315] A:000D X:0E68 Y:C94F S:0124 D:0000 DB:86 nvMxdizC V:253 H:244 F:10

				849315 20 B3 90    JSR $90B3     [8490B3] A:000D X:0E68 Y:C94F S:0122 D:0000 DB:86 nvMxdizC V:253 H:254 F:10

				8490B3 0B          PHD                    A:000D X:0E68 Y:C94F S:0120 D:0000 DB:86 nvMxdizC V:253 H:264 F:10
				8490B4 DA          PHX                    A:000D X:0E68 Y:C94F S:011E D:0000 DB:86 nvMxdizC V:253 H:271 F:10
				8490B5 08          PHP                    A:000D X:0E68 Y:C94F S:011C D:0000 DB:86 nvMxdizC V:253 H:278 F:10
				8490B6 E2 20       SEP #$20               A:000D X:0E68 Y:C94F S:011B D:0000 DB:86 nvMxdizC V:253 H:283 F:10
				8490B8 C2 10       REP #$10               A:000D X:0E68 Y:C94F S:011B D:0000 DB:86 nvMxdizC V:253 H:287 F:10
				8490BA 64 01       STZ $01       [000001] A:000D X:0E68 Y:C94F S:011B D:0000 DB:86 nvMxdizC V:253 H:292 F:10
				8490BC B5 29       LDA $29,X     [000E91] A:000D X:0E68 Y:C94F S:011B D:0000 DB:86 nvMxdizC V:253 H:297 F:10
				8490BE 10 02       BPL $0002     [8490C2] A:0010 X:0E68 Y:C94F S:011B D:0000 DB:86 nvMxdizC V:253 H:303 F:10
				8490C2 18          CLC                    A:0010 X:0E68 Y:C94F S:011B D:0000 DB:86 nvMxdizC V:253 H:308 F:10
				8490C3 75 05       ADC $05,X     [000E6D] A:0010 X:0E68 Y:C94F S:011B D:0000 DB:86 nvMxdizc V:253 H:311 F:10
				8490C5 85 00       STA $00       [000000] A:008D X:0E68 Y:C94F S:011B D:0000 DB:86 NVMxdizc V:253 H:317 F:10
				8490C7 B5 06       LDA $06,X     [000E6E] A:008D X:0E68 Y:C94F S:011B D:0000 DB:86 NVMxdizc V:253 H:322 F:10
				8490C9 65 01       ADC $01       [000001] A:0014 X:0E68 Y:C94F S:011B D:0000 DB:86 nVMxdizc V:253 H:328 F:10
				8490CB 85 01       STA $01       [000001] A:0014 X:0E68 Y:C94F S:011B D:0000 DB:86 nvMxdizc V:253 H:333 F:10
				8490CD 64 03       STZ $03       [000003] A:0014 X:0E68 Y:C94F S:011B D:0000 DB:86 nvMxdizc V:253 H:338 F:10
				8490CF B5 2A       LDA $2A,X     [000E92] A:0014 X:0E68 Y:C94F S:011B D:0000 DB:86 nvMxdizc V:254 H:  3 F:10
				8490D1 10 02       BPL $0002     [8490D5] A:000D X:0E68 Y:C94F S:011B D:0000 DB:86 nvMxdizc V:254 H:  9 F:10
				8490D5 18          CLC                    A:000D X:0E68 Y:C94F S:011B D:0000 DB:86 nvMxdizc V:254 H: 14 F:10
				8490D6 75 08       ADC $08,X     [000E70] A:000D X:0E68 Y:C94F S:011B D:0000 DB:86 nvMxdizc V:254 H: 17 F:10
				8490D8 85 02       STA $02       [000002] A:0091 X:0E68 Y:C94F S:011B D:0000 DB:86 NvMxdizc V:254 H: 23 F:10
				8490DA 29 F0       AND #$F0               A:0091 X:0E68 Y:C94F S:011B D:0000 DB:86 NvMxdizc V:254 H: 28 F:10
				8490DC 85 0A       STA $0A       [00000A] A:0090 X:0E68 Y:C94F S:011B D:0000 DB:86 NvMxdizc V:254 H: 31 F:10
				8490DE B5 09       LDA $09,X     [000E71] A:0090 X:0E68 Y:C94F S:011B D:0000 DB:86 NvMxdizc V:254 H: 36 F:10
				8490E0 65 03       ADC $03       [000003] A:000A X:0E68 Y:C94F S:011B D:0000 DB:86 nvMxdizc V:254 H: 43 F:10
				8490E2 85 03       STA $03       [000003] A:000A X:0E68 Y:C94F S:011B D:0000 DB:86 nvMxdizc V:254 H: 48 F:10
				8490E4 85 0B       STA $0B       [00000B] A:000A X:0E68 Y:C94F S:011B D:0000 DB:86 nvMxdizc V:254 H: 53 F:10
				8490E6 A5 00       LDA $00       [000000] A:000A X:0E68 Y:C94F S:011B D:0000 DB:86 nvMxdizc V:254 H: 58 F:10
				8490E8 29 0F       AND #$0F               A:008D X:0E68 Y:C94F S:011B D:0000 DB:86 NvMxdizc V:254 H: 63 F:10
				8490EA 1A          INC                    A:000D X:0E68 Y:C94F S:011B D:0000 DB:86 nvMxdizc V:254 H: 66 F:10
				8490EB 85 0C       STA $0C       [00000C] A:000E X:0E68 Y:C94F S:011B D:0000 DB:86 nvMxdizc V:254 H: 69 F:10
				8490ED A5 02       LDA $02       [000002] A:000E X:0E68 Y:C94F S:011B D:0000 DB:86 nvMxdizc V:254 H: 74 F:10
				8490EF 29 0F       AND #$0F               A:0091 X:0E68 Y:C94F S:011B D:0000 DB:86 NvMxdizc V:254 H: 79 F:10
				8490F1 1A          INC                    A:0001 X:0E68 Y:C94F S:011B D:0000 DB:86 nvMxdizc V:254 H: 82 F:10
				8490F2 85 0E       STA $0E       [00000E] A:0002 X:0E68 Y:C94F S:011B D:0000 DB:86 nvMxdizc V:254 H: 85 F:10
				8490F4 C2 20       REP #$20               A:0002 X:0E68 Y:C94F S:011B D:0000 DB:86 nvMxdizc V:254 H: 90 F:10
				8490F6 20 6A 91    JSR $916A     [84916A] A:0002 X:0E68 Y:C94F S:011B D:0000 DB:86 nvmxdizc V:254 H: 94 F:10

				84916A A9 00 E8    LDA #$E800             A:0002 X:0E68 Y:C94F S:0119 D:0000 DB:86 nvmxdizc V:254 H:104 F:10
				84916D 85 10       STA $10       [000010] A:E800 X:0E68 Y:C94F S:0119 D:0000 DB:86 Nvmxdizc V:254 H:109 F:10
				84916F A9 7E 00    LDA #$007E             A:E800 X:0E68 Y:C94F S:0119 D:0000 DB:86 Nvmxdizc V:254 H:116 F:10
				849172 85 12       STA $12       [000012] A:007E X:0E68 Y:C94F S:0119 D:0000 DB:86 nvmxdizc V:254 H:120 F:10
				849174 A5 02       LDA $02       [000002] A:007E X:0E68 Y:C94F S:0119 D:0000 DB:86 nvmxdizc V:254 H:127 F:10
				849176 29 F0 00    AND #$00F0             A:0A91 X:0E68 Y:C94F S:0119 D:0000 DB:86 nvmxdizc V:254 H:144 F:10
				849179 0A          ASL A                  A:0090 X:0E68 Y:C94F S:0119 D:0000 DB:86 nvmxdizc V:254 H:149 F:10
				84917A 85 04       STA $04       [000004] A:0120 X:0E68 Y:C94F S:0119 D:0000 DB:86 nvmxdizc V:254 H:152 F:10
				84917C A5 00       LDA $00       [000000] A:0120 X:0E68 Y:C94F S:0119 D:0000 DB:86 nvmxdizc V:254 H:159 F:10
				84917E 29 FF 00    AND #$00FF             A:148D X:0E68 Y:C94F S:0119 D:0000 DB:86 nvmxdizc V:254 H:166 F:10
				849181 4A          LSR A                  A:008D X:0E68 Y:C94F S:0119 D:0000 DB:86 nvmxdizc V:254 H:170 F:10
				849182 4A          LSR A                  A:0046 X:0E68 Y:C94F S:0119 D:0000 DB:86 nvmxdizC V:254 H:173 F:10
				849183 4A          LSR A                  A:0023 X:0E68 Y:C94F S:0119 D:0000 DB:86 nvmxdizc V:254 H:176 F:10
				849184 29 FE FF    AND #$FFFE             A:0011 X:0E68 Y:C94F S:0119 D:0000 DB:86 nvmxdizC V:254 H:179 F:10
				849187 18          CLC                    A:0010 X:0E68 Y:C94F S:0119 D:0000 DB:86 nvmxdizC V:254 H:184 F:10
				849188 65 04       ADC $04       [000004] A:0010 X:0E68 Y:C94F S:0119 D:0000 DB:86 nvmxdizc V:254 H:187 F:10
				84918A 85 06       STA $06       [000006] A:0130 X:0E68 Y:C94F S:0119 D:0000 DB:86 nvmxdizc V:254 H:194 F:10
				84918C A5 00       LDA $00       [000000] A:0130 X:0E68 Y:C94F S:0119 D:0000 DB:86 nvmxdizc V:254 H:201 F:10
				84918E EB          XBA                    A:148D X:0E68 Y:C94F S:0119 D:0000 DB:86 nvmxdizc V:254 H:208 F:10
				84918F 29 1F 00    AND #$001F             A:8D14 X:0E68 Y:C94F S:0119 D:0000 DB:86 nvmxdizc V:254 H:212 F:10
				849192 85 04       STA $04       [000004] A:0014 X:0E68 Y:C94F S:0119 D:0000 DB:86 nvmxdizc V:254 H:217 F:10
				849194 A5 02       LDA $02       [000002] A:0014 X:0E68 Y:C94F S:0119 D:0000 DB:86 nvmxdizc V:254 H:224 F:10
				849196 29 00 1F    AND #$1F00             A:0A91 X:0E68 Y:C94F S:0119 D:0000 DB:86 nvmxdizc V:254 H:231 F:10
				849199 4A          LSR A                  A:0A00 X:0E68 Y:C94F S:0119 D:0000 DB:86 nvmxdizc V:254 H:235 F:10
				84919A 4A          LSR A                  A:0500 X:0E68 Y:C94F S:0119 D:0000 DB:86 nvmxdizc V:254 H:238 F:10
				84919B 4A          LSR A                  A:0280 X:0E68 Y:C94F S:0119 D:0000 DB:86 nvmxdizc V:254 H:241 F:10
				84919C 18          CLC                    A:0140 X:0E68 Y:C94F S:0119 D:0000 DB:86 nvmxdizc V:254 H:244 F:10
				84919D 65 04       ADC $04       [000004] A:0140 X:0E68 Y:C94F S:0119 D:0000 DB:86 nvmxdizc V:254 H:247 F:10
				84919F A8          TAY                    A:0154 X:0E68 Y:C94F S:0119 D:0000 DB:86 nvmxdizc V:254 H:254 F:10
				8491A0 B7 10       LDA [$10],Y   [7EE954] A:0154 X:0E68 Y:0154 S:0119 D:0000 DB:86 nvmxdizc V:254 H:257 F:10
				8491A2 29 FF 00    AND #$00FF             A:0038 X:0E68 Y:0154 S:0119 D:0000 DB:86 nvmxdizc V:254 H:270 F:10
				8491A5 A8          TAY                    A:0038 X:0E68 Y:0154 S:0119 D:0000 DB:86 nvmxdizc V:254 H:275 F:10
				8491A6 EB          XBA                    A:0038 X:0E68 Y:0038 S:0119 D:0000 DB:86 nvmxdizc V:254 H:278 F:10
				8491A7 0A          ASL A                  A:3800 X:0E68 Y:0038 S:0119 D:0000 DB:86 nvmxdiZc V:254 H:282 F:10
				8491A8 18          CLC                    A:7000 X:0E68 Y:0038 S:0119 D:0000 DB:86 nvmxdizc V:254 H:285 F:10
				8491A9 65 06       ADC $06       [000006] A:7000 X:0E68 Y:0038 S:0119 D:0000 DB:86 nvmxdizc V:254 H:288 F:10
				8491AB AA          TAX                    A:7130 X:0E68 Y:0038 S:0119 D:0000 DB:86 nvmxdizc V:254 H:295 F:10
				8491AC 60          RTS                    A:7130 X:7130 Y:0038 S:0119 D:0000 DB:86 nvmxdizc V:254 H:298 F:10

				8490F9 BF 00 20 7E LDA $7E2000,X [7E9130] A:7130 X:7130 Y:0038 S:011B D:0000 DB:86 nvmxdizc V:254 H:308 F:10
				8490FD A8          TAY                    A:0241 X:7130 Y:0038 S:011B D:0000 DB:86 nvmxdizc V:254 H:318 F:10
				8490FE AD 92 0B    LDA $0B92     [860B92] A:0241 X:7130 Y:0241 S:011B D:0000 DB:86 nvmxdizc V:254 H:321 F:10
				849101 85 10       STA $10       [000010] A:DB57 X:7130 Y:0241 S:011B D:0000 DB:86 Nvmxdizc V:254 H:329 F:10
				849103 AD 94 0B    LDA $0B94     [860B94] A:DB57 X:7130 Y:0241 S:011B D:0000 DB:86 Nvmxdizc V:254 H:336 F:10
				849106 85 12       STA $12       [000012] A:B895 X:7130 Y:0241 S:011B D:0000 DB:86 Nvmxdizc V:255 H:  4 F:10
				849108 B7 10       LDA [$10],Y   [95DD98] A:B895 X:7130 Y:0241 S:011B D:0000 DB:86 Nvmxdizc V:255 H: 11 F:10
				84910A 29 FF 00    AND #$00FF             A:0000 X:7130 Y:0241 S:011B D:0000 DB:86 nvmxdiZc V:255 H: 23 F:10
				84910D 28          PLP                    A:0000 X:7130 Y:0241 S:011B D:0000 DB:86 nvmxdiZc V:255 H: 28 F:10
				84910E FA          PLX                    A:0000 X:7130 Y:0241 S:011C D:0000 DB:86 nvMxdizC V:255 H: 34 F:10
				84910F 2B          PLD                    A:0000 X:0E68 Y:0241 S:011E D:0000 DB:86 nvMxdizC V:255 H: 43 F:10
				849110 60          RTS                    A:0000 X:0E68 Y:0241 S:0120 D:0000 DB:86 nvMxdiZC V:255 H: 51 F:10

				849318 B4 05       LDY $05,X     [000E6D] A:0000 X:0E68 Y:0241 S:0122 D:0000 DB:86 nvMxdiZC V:255 H: 61 F:10
				84931A 84 10       STY $10       [000010] A:0000 X:0E68 Y:147D S:0122 D:0000 DB:86 nvMxdizC V:255 H: 70 F:10
				84931C B4 08       LDY $08,X     [000E70] A:0000 X:0E68 Y:147D S:0122 D:0000 DB:86 nvMxdizC V:255 H: 77 F:10
				84931E 84 12       STY $12       [000012] A:0000 X:0E68 Y:0A84 S:0122 D:0000 DB:86 nvMxdizC V:255 H: 85 F:10
				849320 95 2D       STA $2D,X     [000E95] A:0000 X:0E68 Y:0A84 S:0122 D:0000 DB:86 nvMxdizC V:255 H: 92 F:10
				849322 86 2C       STX $2C       [00002C] A:0000 X:0E68 Y:0A84 S:0122 D:0000 DB:86 nvMxdizC V:255 H: 99 F:10
				849324 29 3F       AND #$3F               A:0000 X:0E68 Y:0A84 S:0122 D:0000 DB:86 nvMxdizC V:255 H:106 F:10
				849326 0A          ASL A                  A:0000 X:0E68 Y:0A84 S:0122 D:0000 DB:86 nvMxdiZC V:255 H:109 F:10
				849327 EB          XBA                    A:0000 X:0E68 Y:0A84 S:0122 D:0000 DB:86 nvMxdiZc V:255 H:112 F:10
				849328 A9 00       LDA #$00               A:0000 X:0E68 Y:0A84 S:0122 D:0000 DB:86 nvMxdiZc V:255 H:116 F:10
				84932A EB          XBA                    A:0000 X:0E68 Y:0A84 S:0122 D:0000 DB:86 nvMxdiZc V:255 H:119 F:10
				84932B AA          TAX                    A:0000 X:0E68 Y:0A84 S:0122 D:0000 DB:86 nvMxdiZc V:255 H:124 F:10
				84932C FC 5D 93    JSR ($935D,X) [84935D] A:0000 X:0000 Y:0A84 S:0122 D:0000 DB:86 nvMxdiZc V:255 H:127 F:10

				84977A A9 00       LDA #$00               A:0000 X:0000 Y:0A84 S:0120 D:0000 DB:86 nvMxdiZc V:255 H:150 F:10
				84977C 60          RTS                    A:0000 X:0000 Y:0A84 S:0120 D:0000 DB:86 nvMxdiZc V:255 H:153 F:10

				84932F 08          PHP                    A:0000 X:0000 Y:0A84 S:0122 D:0000 DB:86 nvMxdiZc V:255 H:163 F:10
				849330 A6 2C       LDX $2C       [00002C] A:0000 X:0000 Y:0A84 S:0121 D:0000 DB:86 nvMxdiZc V:255 H:168 F:10
				849332 A9 01       LDA #$01               A:0000 X:0E68 Y:0A84 S:0121 D:0000 DB:86 nvMxdizc V:255 H:175 F:10
				849334 34 29       BIT $29,X     [000E91] A:0001 X:0E68 Y:0A84 S:0121 D:0000 DB:86 nvMxdizc V:255 H:178 F:10
				849336 10 02       BPL $0002     [84933A] A:0001 X:0E68 Y:0A84 S:0121 D:0000 DB:86 nvMxdiZc V:255 H:184 F:10
				84933A 28          PLP                    A:0001 X:0E68 Y:0A84 S:0121 D:0000 DB:86 nvMxdiZc V:255 H:189 F:10
				84933B F0 0C       BEQ $000C     [849349] A:0001 X:0E68 Y:0A84 S:0122 D:0000 DB:86 nvMxdiZc V:255 H:195 F:10
				849349 49 FF       EOR #$FF               A:0001 X:0E68 Y:0A84 S:0122 D:0000 DB:86 nvMxdiZc V:255 H:200 F:10
				84934B 35 2B       AND $2B,X     [000E93] A:00FE X:0E68 Y:0A84 S:0122 D:0000 DB:86 NvMxdizc V:255 H:203 F:10
				84934D 95 2B       STA $2B,X     [000E93] A:0000 X:0E68 Y:0A84 S:0122 D:0000 DB:86 nvMxdiZc V:255 H:209 F:10
				84934F 20 08 93    JSR $9308     [849308] A:0000 X:0E68 Y:0A84 S:0122 D:0000 DB:86 nvMxdiZc V:255 H:216 F:10

				849308 A5 14       LDA $14       [000014] A:0000 X:0E68 Y:0A84 S:0120 D:0000 DB:86 nvMxdiZc V:255 H:226 F:10
				84930A F0 08       BEQ $0008     [849314] A:0000 X:0E68 Y:0A84 S:0120 D:0000 DB:86 nvMxdiZc V:255 H:231 F:10
				849314 60          RTS                    A:0000 X:0E68 Y:0A84 S:0120 D:0000 DB:86 nvMxdiZc V:255 H:235 F:10

				849352 A9 00       LDA #$00               A:0000 X:0E68 Y:0A84 S:0122 D:0000 DB:86 nvMxdiZc V:255 H:245 F:10
				849354 60          RTS                    A:0000 X:0E68 Y:0A84 S:0122 D:0000 DB:86 nvMxdiZc V:255 H:248 F:10

				849305 C2 30       REP #$30               A:0000 X:0E68 Y:0A84 S:0124 D:0000 DB:86 nvMxdiZc V:255 H:258 F:10
				849307 60          RTS                    A:0000 X:0E68 Y:0A84 S:0124 D:0000 DB:86 nvmxdiZc V:255 H:263 F:10

				8491D8 20 ED 91    JSR $91ED     [8491ED] A:0000 X:0E68 Y:0A84 S:0126 D:0000 DB:86 nvmxdiZc V:255 H:273 F:10

				8491ED B5 08       LDA $08,X     [000E70] A:0000 X:0E68 Y:0A84 S:0124 D:0000 DB:86 nvmxdiZc V:255 H:283 F:10
				8491EF D5 24       CMP $24,X     [000E8C] A:0A84 X:0E68 Y:0A84 S:0124 D:0000 DB:86 nvmxdizc V:255 H:291 F:10
				8491F1 F0 F2       BEQ $00F2     [8491E5] A:0A84 X:0E68 Y:0A84 S:0124 D:0000 DB:86 Nvmxdizc V:255 H:300 F:10
				8491F3 10 4D       BPL $004D     [849242] A:0A84 X:0E68 Y:0A84 S:0124 D:0000 DB:86 Nvmxdizc V:255 H:303 F:10
				8491F5 E2 20       SEP #$20               A:0A84 X:0E68 Y:0A84 S:0124 D:0000 DB:86 Nvmxdizc V:255 H:306 F:10
				8491F7 B4 20       LDY $20,X     [000E88] A:0A84 X:0E68 Y:0A84 S:0124 D:0000 DB:86 NvMxdizc V:255 H:310 F:10
				8491F9 B9 06 00    LDA $0006,Y   [86C955] A:0A84 X:0E68 Y:C94F S:0124 D:0000 DB:86 NvMxdizc V:255 H:319 F:10
				8491FC 38          SEC                    A:0AFF X:0E68 Y:C94F S:0124 D:0000 DB:86 NvMxdizc V:255 H:326 F:10
				8491FD F9 08 00    SBC $0008,Y   [86C957] A:0AFF X:0E68 Y:C94F S:0124 D:0000 DB:86 NvMxdizC V:255 H:328 F:10
				849200 95 2A       STA $2A,X     [000E92] A:0AEC X:0E68 Y:C94F S:0124 D:0000 DB:86 NvMxdizC V:255 H:336 F:10
				849202 B9 05 00    LDA $0005,Y   [86C954] A:0AEC X:0E68 Y:C94F S:0124 D:0000 DB:86 NvMxdizC V:256 H:  2 F:10
				849205 34 11       BIT $11,X     [000E79] A:0A00 X:0E68 Y:C94F S:0124 D:0000 DB:86 nvMxdiZC V:256 H: 10 F:10
				849207 50 03       BVC $0003     [84920C] A:0A00 X:0E68 Y:C94F S:0124 D:0000 DB:86 nvMxdiZC V:256 H: 16 F:10
				84920C 95 29       STA $29,X     [000E91] A:0A00 X:0E68 Y:C94F S:0124 D:0000 DB:86 nvMxdiZC V:256 H: 21 F:10
				84920E 20 73 94    JSR $9473     [849473] A:0A00 X:0E68 Y:C94F S:0124 D:0000 DB:86 nvMxdiZC V:256 H: 27 F:10

				849473 A9 F7       LDA #$F7               A:0A00 X:0E68 Y:C94F S:0122 D:0000 DB:86 nvMxdiZC V:256 H: 37 F:10
				849475 35 2B       AND $2B,X     [000E93] A:0AF7 X:0E68 Y:C94F S:0122 D:0000 DB:86 NvMxdizC V:256 H: 40 F:10
				849477 95 2B       STA $2B,X     [000E93] A:0A00 X:0E68 Y:C94F S:0122 D:0000 DB:86 nvMxdiZC V:256 H: 47 F:10
				849479 20 B3 90    JSR $90B3     [8490B3] A:0A00 X:0E68 Y:C94F S:0122 D:0000 DB:86 nvMxdiZC V:256 H: 53 F:10

				8490B3 0B          PHD                    A:0A00 X:0E68 Y:C94F S:0120 D:0000 DB:86 nvMxdiZC V:256 H: 63 F:10
				8490B4 DA          PHX                    A:0A00 X:0E68 Y:C94F S:011E D:0000 DB:86 nvMxdiZC V:256 H: 70 F:10
				8490B5 08          PHP                    A:0A00 X:0E68 Y:C94F S:011C D:0000 DB:86 nvMxdiZC V:256 H: 77 F:10
				8490B6 E2 20       SEP #$20               A:0A00 X:0E68 Y:C94F S:011B D:0000 DB:86 nvMxdiZC V:256 H: 82 F:10
				8490B8 C2 10       REP #$10               A:0A00 X:0E68 Y:C94F S:011B D:0000 DB:86 nvMxdiZC V:256 H: 87 F:10
				8490BA 64 01       STZ $01       [000001] A:0A00 X:0E68 Y:C94F S:011B D:0000 DB:86 nvMxdiZC V:256 H: 91 F:10
				8490BC B5 29       LDA $29,X     [000E91] A:0A00 X:0E68 Y:C94F S:011B D:0000 DB:86 nvMxdiZC V:256 H: 96 F:10
				8490BE 10 02       BPL $0002     [8490C2] A:0A00 X:0E68 Y:C94F S:011B D:0000 DB:86 nvMxdiZC V:256 H:103 F:10
				8490C2 18          CLC                    A:0A00 X:0E68 Y:C94F S:011B D:0000 DB:86 nvMxdiZC V:256 H:107 F:10
				8490C3 75 05       ADC $05,X     [000E6D] A:0A00 X:0E68 Y:C94F S:011B D:0000 DB:86 nvMxdiZc V:256 H:110 F:10
				8490C5 85 00       STA $00       [000000] A:0A7D X:0E68 Y:C94F S:011B D:0000 DB:86 nvMxdizc V:256 H:117 F:10
				8490C7 B5 06       LDA $06,X     [000E6E] A:0A7D X:0E68 Y:C94F S:011B D:0000 DB:86 nvMxdizc V:256 H:122 F:10
				8490C9 65 01       ADC $01       [000001] A:0A14 X:0E68 Y:C94F S:011B D:0000 DB:86 nvMxdizc V:256 H:128 F:10
				8490CB 85 01       STA $01       [000001] A:0A14 X:0E68 Y:C94F S:011B D:0000 DB:86 nvMxdizc V:256 H:143 F:10
				8490CD 64 03       STZ $03       [000003] A:0A14 X:0E68 Y:C94F S:011B D:0000 DB:86 nvMxdizc V:256 H:148 F:10
				8490CF B5 2A       LDA $2A,X     [000E92] A:0A14 X:0E68 Y:C94F S:011B D:0000 DB:86 nvMxdizc V:256 H:153 F:10
				8490D1 10 02       BPL $0002     [8490D5] A:0AEC X:0E68 Y:C94F S:011B D:0000 DB:86 NvMxdizc V:256 H:160 F:10
				8490D3 C6 03       DEC $03       [000003] A:0AEC X:0E68 Y:C94F S:011B D:0000 DB:86 NvMxdizc V:256 H:163 F:10
				8490D5 18          CLC                    A:0AEC X:0E68 Y:C94F S:011B D:0000 DB:86 NvMxdizc V:256 H:171 F:10
				8490D6 75 08       ADC $08,X     [000E70] A:0AEC X:0E68 Y:C94F S:011B D:0000 DB:86 NvMxdizc V:256 H:174 F:10
				8490D8 85 02       STA $02       [000002] A:0A70 X:0E68 Y:C94F S:011B D:0000 DB:86 nVMxdizC V:256 H:181 F:10
				8490DA 29 F0       AND #$F0               A:0A70 X:0E68 Y:C94F S:011B D:0000 DB:86 nVMxdizC V:256 H:186 F:10
				8490DC 85 0A       STA $0A       [00000A] A:0A70 X:0E68 Y:C94F S:011B D:0000 DB:86 nVMxdizC V:256 H:189 F:10
				8490DE B5 09       LDA $09,X     [000E71] A:0A70 X:0E68 Y:C94F S:011B D:0000 DB:86 nVMxdizC V:256 H:194 F:10
				8490E0 65 03       ADC $03       [000003] A:0A0A X:0E68 Y:C94F S:011B D:0000 DB:86 nVMxdizC V:256 H:200 F:10
				8490E2 85 03       STA $03       [000003] A:0A0A X:0E68 Y:C94F S:011B D:0000 DB:86 nvMxdizC V:256 H:205 F:10
				8490E4 85 0B       STA $0B       [00000B] A:0A0A X:0E68 Y:C94F S:011B D:0000 DB:86 nvMxdizC V:256 H:210 F:10
				8490E6 A5 00       LDA $00       [000000] A:0A0A X:0E68 Y:C94F S:011B D:0000 DB:86 nvMxdizC V:256 H:215 F:10
				8490E8 29 0F       AND #$0F               A:0A7D X:0E68 Y:C94F S:011B D:0000 DB:86 nvMxdizC V:256 H:220 F:10
				8490EA 1A          INC                    A:0A0D X:0E68 Y:C94F S:011B D:0000 DB:86 nvMxdizC V:256 H:223 F:10
				8490EB 85 0C       STA $0C       [00000C] A:0A0E X:0E68 Y:C94F S:011B D:0000 DB:86 nvMxdizC V:256 H:226 F:10
				8490ED A5 02       LDA $02       [000002] A:0A0E X:0E68 Y:C94F S:011B D:0000 DB:86 nvMxdizC V:256 H:231 F:10
				8490EF 29 0F       AND #$0F               A:0A70 X:0E68 Y:C94F S:011B D:0000 DB:86 nvMxdizC V:256 H:236 F:10
				8490F1 1A          INC                    A:0A00 X:0E68 Y:C94F S:011B D:0000 DB:86 nvMxdiZC V:256 H:239 F:10
				8490F2 85 0E       STA $0E       [00000E] A:0A01 X:0E68 Y:C94F S:011B D:0000 DB:86 nvMxdizC V:256 H:242 F:10
				8490F4 C2 20       REP #$20               A:0A01 X:0E68 Y:C94F S:011B D:0000 DB:86 nvMxdizC V:256 H:247 F:10
				8490F6 20 6A 91    JSR $916A     [84916A] A:0A01 X:0E68 Y:C94F S:011B D:0000 DB:86 nvmxdizC V:256 H:252 F:10

				84916A A9 00 E8    LDA #$E800             A:0A01 X:0E68 Y:C94F S:0119 D:0000 DB:86 nvmxdizC V:256 H:262 F:10
				84916D 85 10       STA $10       [000010] A:E800 X:0E68 Y:C94F S:0119 D:0000 DB:86 NvmxdizC V:256 H:266 F:10
				84916F A9 7E 00    LDA #$007E             A:E800 X:0E68 Y:C94F S:0119 D:0000 DB:86 NvmxdizC V:256 H:273 F:10
				849172 85 12       STA $12       [000012] A:007E X:0E68 Y:C94F S:0119 D:0000 DB:86 nvmxdizC V:256 H:278 F:10
				849174 A5 02       LDA $02       [000002] A:007E X:0E68 Y:C94F S:0119 D:0000 DB:86 nvmxdizC V:256 H:285 F:10
				849176 29 F0 00    AND #$00F0             A:0A70 X:0E68 Y:C94F S:0119 D:0000 DB:86 nvmxdizC V:256 H:292 F:10
				849179 0A          ASL A                  A:0070 X:0E68 Y:C94F S:0119 D:0000 DB:86 nvmxdizC V:256 H:296 F:10
				84917A 85 04       STA $04       [000004] A:00E0 X:0E68 Y:C94F S:0119 D:0000 DB:86 nvmxdizc V:256 H:299 F:10
				84917C A5 00       LDA $00       [000000] A:00E0 X:0E68 Y:C94F S:0119 D:0000 DB:86 nvmxdizc V:256 H:306 F:10
				84917E 29 FF 00    AND #$00FF             A:147D X:0E68 Y:C94F S:0119 D:0000 DB:86 nvmxdizc V:256 H:313 F:10
				849181 4A          LSR A                  A:007D X:0E68 Y:C94F S:0119 D:0000 DB:86 nvmxdizc V:256 H:318 F:10
				849182 4A          LSR A                  A:003E X:0E68 Y:C94F S:0119 D:0000 DB:86 nvmxdizC V:256 H:321 F:10
				849183 4A          LSR A                  A:001F X:0E68 Y:C94F S:0119 D:0000 DB:86 nvmxdizc V:256 H:323 F:10
				849184 29 FE FF    AND #$FFFE             A:000F X:0E68 Y:C94F S:0119 D:0000 DB:86 nvmxdizC V:256 H:326 F:10
				849187 18          CLC                    A:000E X:0E68 Y:C94F S:0119 D:0000 DB:86 nvmxdizC V:256 H:330 F:10
				849188 65 04       ADC $04       [000004] A:000E X:0E68 Y:C94F S:0119 D:0000 DB:86 nvmxdizc V:256 H:333 F:10
				84918A 85 06       STA $06       [000006] A:00EE X:0E68 Y:C94F S:0119 D:0000 DB:86 nvmxdizc V:257 H:  0 F:10
				84918C A5 00       LDA $00       [000000] A:00EE X:0E68 Y:C94F S:0119 D:0000 DB:86 nvmxdizc V:257 H:  7 F:10
				84918E EB          XBA                    A:147D X:0E68 Y:C94F S:0119 D:0000 DB:86 nvmxdizc V:257 H: 14 F:10
				84918F 29 1F 00    AND #$001F             A:7D14 X:0E68 Y:C94F S:0119 D:0000 DB:86 nvmxdizc V:257 H: 19 F:10
				849192 85 04       STA $04       [000004] A:0014 X:0E68 Y:C94F S:0119 D:0000 DB:86 nvmxdizc V:257 H: 23 F:10
				849194 A5 02       LDA $02       [000002] A:0014 X:0E68 Y:C94F S:0119 D:0000 DB:86 nvmxdizc V:257 H: 30 F:10
				849196 29 00 1F    AND #$1F00             A:0A70 X:0E68 Y:C94F S:0119 D:0000 DB:86 nvmxdizc V:257 H: 37 F:10
				849199 4A          LSR A                  A:0A00 X:0E68 Y:C94F S:0119 D:0000 DB:86 nvmxdizc V:257 H: 42 F:10
				84919A 4A          LSR A                  A:0500 X:0E68 Y:C94F S:0119 D:0000 DB:86 nvmxdizc V:257 H: 45 F:10
				84919B 4A          LSR A                  A:0280 X:0E68 Y:C94F S:0119 D:0000 DB:86 nvmxdizc V:257 H: 48 F:10
				84919C 18          CLC                    A:0140 X:0E68 Y:C94F S:0119 D:0000 DB:86 nvmxdizc V:257 H: 51 F:10
				84919D 65 04       ADC $04       [000004] A:0140 X:0E68 Y:C94F S:0119 D:0000 DB:86 nvmxdizc V:257 H: 54 F:10
				84919F A8          TAY                    A:0154 X:0E68 Y:C94F S:0119 D:0000 DB:86 nvmxdizc V:257 H: 61 F:10
				8491A0 B7 10       LDA [$10],Y   [7EE954] A:0154 X:0E68 Y:0154 S:0119 D:0000 DB:86 nvmxdizc V:257 H: 64 F:10
				8491A2 29 FF 00    AND #$00FF             A:0038 X:0E68 Y:0154 S:0119 D:0000 DB:86 nvmxdizc V:257 H: 77 F:10
				8491A5 A8          TAY                    A:0038 X:0E68 Y:0154 S:0119 D:0000 DB:86 nvmxdizc V:257 H: 81 F:10
				8491A6 EB          XBA                    A:0038 X:0E68 Y:0038 S:0119 D:0000 DB:86 nvmxdizc V:257 H: 84 F:10
				8491A7 0A          ASL A                  A:3800 X:0E68 Y:0038 S:0119 D:0000 DB:86 nvmxdiZc V:257 H: 89 F:10
				8491A8 18          CLC                    A:7000 X:0E68 Y:0038 S:0119 D:0000 DB:86 nvmxdizc V:257 H: 92 F:10
				8491A9 65 06       ADC $06       [000006] A:7000 X:0E68 Y:0038 S:0119 D:0000 DB:86 nvmxdizc V:257 H: 95 F:10
				8491AB AA          TAX                    A:70EE X:0E68 Y:0038 S:0119 D:0000 DB:86 nvmxdizc V:257 H:102 F:10
				8491AC 60          RTS                    A:70EE X:70EE Y:0038 S:0119 D:0000 DB:86 nvmxdizc V:257 H:105 F:10

				8490F9 BF 00 20 7E LDA $7E2000,X [7E90EE] A:70EE X:70EE Y:0038 S:011B D:0000 DB:86 nvmxdizc V:257 H:115 F:10
				8490FD A8          TAY                    A:022B X:70EE Y:0038 S:011B D:0000 DB:86 nvmxdizc V:257 H:125 F:10
				8490FE AD 92 0B    LDA $0B92     [860B92] A:022B X:70EE Y:022B S:011B D:0000 DB:86 nvmxdizc V:257 H:128 F:10
				849101 85 10       STA $10       [000010] A:DB57 X:70EE Y:022B S:011B D:0000 DB:86 Nvmxdizc V:257 H:146 F:10
				849103 AD 94 0B    LDA $0B94     [860B94] A:DB57 X:70EE Y:022B S:011B D:0000 DB:86 Nvmxdizc V:257 H:153 F:10
				849106 85 12       STA $12       [000012] A:B895 X:70EE Y:022B S:011B D:0000 DB:86 Nvmxdizc V:257 H:162 F:10
				849108 B7 10       LDA [$10],Y   [95DD82] A:B895 X:70EE Y:022B S:011B D:0000 DB:86 Nvmxdizc V:257 H:169 F:10
				84910A 29 FF 00    AND #$00FF             A:0000 X:70EE Y:022B S:011B D:0000 DB:86 nvmxdiZc V:257 H:181 F:10
				84910D 28          PLP                    A:0000 X:70EE Y:022B S:011B D:0000 DB:86 nvmxdiZc V:257 H:185 F:10
				84910E FA          PLX                    A:0000 X:70EE Y:022B S:011C D:0000 DB:86 nvMxdiZC V:257 H:192 F:10
				84910F 2B          PLD                    A:0000 X:0E68 Y:022B S:011E D:0000 DB:86 nvMxdizC V:257 H:200 F:10
				849110 60          RTS                    A:0000 X:0E68 Y:022B S:0120 D:0000 DB:86 nvMxdiZC V:257 H:209 F:10

				84947C B4 05       LDY $05,X     [000E6D] A:0000 X:0E68 Y:022B S:0122 D:0000 DB:86 nvMxdiZC V:257 H:219 F:10
				84947E 84 10       STY $10       [000010] A:0000 X:0E68 Y:147D S:0122 D:0000 DB:86 nvMxdizC V:257 H:227 F:10
				849480 B4 08       LDY $08,X     [000E70] A:0000 X:0E68 Y:147D S:0122 D:0000 DB:86 nvMxdizC V:257 H:234 F:10
				849482 84 12       STY $12       [000012] A:0000 X:0E68 Y:0A84 S:0122 D:0000 DB:86 nvMxdizC V:257 H:243 F:10
				849484 95 2E       STA $2E,X     [000E96] A:0000 X:0E68 Y:0A84 S:0122 D:0000 DB:86 nvMxdizC V:257 H:250 F:10
				849486 86 2C       STX $2C       [00002C] A:0000 X:0E68 Y:0A84 S:0122 D:0000 DB:86 nvMxdizC V:257 H:256 F:10
				849488 29 3F       AND #$3F               A:0000 X:0E68 Y:0A84 S:0122 D:0000 DB:86 nvMxdizC V:257 H:263 F:10
				84948A 0A          ASL A                  A:0000 X:0E68 Y:0A84 S:0122 D:0000 DB:86 nvMxdiZC V:257 H:266 F:10
				84948B EB          XBA                    A:0000 X:0E68 Y:0A84 S:0122 D:0000 DB:86 nvMxdiZc V:257 H:269 F:10
				84948C A9 00       LDA #$00               A:0000 X:0E68 Y:0A84 S:0122 D:0000 DB:86 nvMxdiZc V:257 H:274 F:10
				84948E EB          XBA                    A:0000 X:0E68 Y:0A84 S:0122 D:0000 DB:86 nvMxdiZc V:257 H:277 F:10
				84948F AA          TAX                    A:0000 X:0E68 Y:0A84 S:0122 D:0000 DB:86 nvMxdiZc V:257 H:281 F:10
				849490 FC A9 94    JSR ($94A9,X) [8494A9] A:0000 X:0000 Y:0A84 S:0122 D:0000 DB:86 nvMxdiZc V:257 H:284 F:10

				849529 AD 1C 1F    LDA $1F1C     [861F1C] A:0000 X:0000 Y:0A84 S:0120 D:0000 DB:86 nvMxdiZc V:257 H:297 F:10
				84952C F0 11       BEQ $0011     [84953F] A:0000 X:0000 Y:0A84 S:0120 D:0000 DB:86 nvMxdiZc V:257 H:304 F:10
				84953F A9 00       LDA #$00               A:0000 X:0000 Y:0A84 S:0120 D:0000 DB:86 nvMxdiZc V:257 H:308 F:10
				849541 60          RTS                    A:0000 X:0000 Y:0A84 S:0120 D:0000 DB:86 nvMxdiZc V:257 H:311 F:10

				849493 F0 0E       BEQ $000E     [8494A3] A:0000 X:0000 Y:0A84 S:0122 D:0000 DB:86 nvMxdiZc V:257 H:321 F:10
				8494A3 A6 2C       LDX $2C       [00002C] A:0000 X:0000 Y:0A84 S:0122 D:0000 DB:86 nvMxdiZc V:257 H:325 F:10
				8494A5 20 08 93    JSR $9308     [849308] A:0000 X:0E68 Y:0A84 S:0122 D:0000 DB:86 nvMxdizc V:257 H:332 F:10

				849308 A5 14       LDA $14       [000014] A:0000 X:0E68 Y:0A84 S:0120 D:0000 DB:86 nvMxdizc V:258 H:  2 F:10
				84930A F0 08       BEQ $0008     [849314] A:0000 X:0E68 Y:0A84 S:0120 D:0000 DB:86 nvMxdiZc V:258 H:  7 F:10
				849314 60          RTS                    A:0000 X:0E68 Y:0A84 S:0120 D:0000 DB:86 nvMxdiZc V:258 H: 11 F:10

				8494A8 60          RTS                    A:0000 X:0E68 Y:0A84 S:0122 D:0000 DB:86 nvMxdiZc V:258 H: 21 F:10

				849211 D0 2C       BNE $002C     [84923F] A:0000 X:0E68 Y:0A84 S:0124 D:0000 DB:86 nvMxdiZc V:258 H: 31 F:10
				849213 B4 20       LDY $20,X     [000E88] A:0000 X:0E68 Y:0A84 S:0124 D:0000 DB:86 nvMxdiZc V:258 H: 34 F:10
				849215 B9 05 00    LDA $0005,Y   [86C954] A:0000 X:0E68 Y:C94F S:0124 D:0000 DB:86 NvMxdizc V:258 H: 43 F:10
				849218 34 11       BIT $11,X     [000E79] A:0000 X:0E68 Y:C94F S:0124 D:0000 DB:86 nvMxdiZc V:258 H: 50 F:10
				84921A 50 03       BVC $0003     [84921F] A:0000 X:0E68 Y:C94F S:0124 D:0000 DB:86 nvMxdiZc V:258 H: 57 F:10
				84921F 38          SEC                    A:0000 X:0E68 Y:C94F S:0124 D:0000 DB:86 nvMxdiZc V:258 H: 61 F:10
				849220 F9 07 00    SBC $0007,Y   [86C956] A:0000 X:0E68 Y:C94F S:0124 D:0000 DB:86 nvMxdiZC V:258 H: 64 F:10
				849223 95 29       STA $29,X     [000E91] A:00F0 X:0E68 Y:C94F S:0124 D:0000 DB:86 NvMxdizc V:258 H: 72 F:10
				849225 20 73 94    JSR $9473     [849473] A:00F0 X:0E68 Y:C94F S:0124 D:0000 DB:86 NvMxdizc V:258 H: 78 F:10

				849473 A9 F7       LDA #$F7               A:00F0 X:0E68 Y:C94F S:0122 D:0000 DB:86 NvMxdizc V:258 H: 88 F:10
				849475 35 2B       AND $2B,X     [000E93] A:00F7 X:0E68 Y:C94F S:0122 D:0000 DB:86 NvMxdizc V:258 H: 91 F:10
				849477 95 2B       STA $2B,X     [000E93] A:0000 X:0E68 Y:C94F S:0122 D:0000 DB:86 nvMxdiZc V:258 H: 98 F:10
				849479 20 B3 90    JSR $90B3     [8490B3] A:0000 X:0E68 Y:C94F S:0122 D:0000 DB:86 nvMxdiZc V:258 H:104 F:10

				8490B3 0B          PHD                    A:0000 X:0E68 Y:C94F S:0120 D:0000 DB:86 nvMxdiZc V:258 H:114 F:10
				8490B4 DA          PHX                    A:0000 X:0E68 Y:C94F S:011E D:0000 DB:86 nvMxdiZc V:258 H:121 F:10
				8490B5 08          PHP                    A:0000 X:0E68 Y:C94F S:011C D:0000 DB:86 nvMxdiZc V:258 H:128 F:10
				8490B6 E2 20       SEP #$20               A:0000 X:0E68 Y:C94F S:011B D:0000 DB:86 nvMxdiZc V:258 H:143 F:10
				8490B8 C2 10       REP #$10               A:0000 X:0E68 Y:C94F S:011B D:0000 DB:86 nvMxdiZc V:258 H:148 F:10
				8490BA 64 01       STZ $01       [000001] A:0000 X:0E68 Y:C94F S:011B D:0000 DB:86 nvMxdiZc V:258 H:152 F:10
				8490BC B5 29       LDA $29,X     [000E91] A:0000 X:0E68 Y:C94F S:011B D:0000 DB:86 nvMxdiZc V:258 H:157 F:10
				8490BE 10 02       BPL $0002     [8490C2] A:00F0 X:0E68 Y:C94F S:011B D:0000 DB:86 NvMxdizc V:258 H:164 F:10
				8490C0 C6 01       DEC $01       [000001] A:00F0 X:0E68 Y:C94F S:011B D:0000 DB:86 NvMxdizc V:258 H:167 F:10
				8490C2 18          CLC                    A:00F0 X:0E68 Y:C94F S:011B D:0000 DB:86 NvMxdizc V:258 H:175 F:10
				8490C3 75 05       ADC $05,X     [000E6D] A:00F0 X:0E68 Y:C94F S:011B D:0000 DB:86 NvMxdizc V:258 H:178 F:10
				8490C5 85 00       STA $00       [000000] A:006D X:0E68 Y:C94F S:011B D:0000 DB:86 nvMxdizC V:258 H:185 F:10
				8490C7 B5 06       LDA $06,X     [000E6E] A:006D X:0E68 Y:C94F S:011B D:0000 DB:86 nvMxdizC V:258 H:190 F:10
				8490C9 65 01       ADC $01       [000001] A:0014 X:0E68 Y:C94F S:011B D:0000 DB:86 nvMxdizC V:258 H:196 F:10
				8490CB 85 01       STA $01       [000001] A:0014 X:0E68 Y:C94F S:011B D:0000 DB:86 nvMxdizC V:258 H:201 F:10
				8490CD 64 03       STZ $03       [000003] A:0014 X:0E68 Y:C94F S:011B D:0000 DB:86 nvMxdizC V:258 H:206 F:10
				8490CF B5 2A       LDA $2A,X     [000E92] A:0014 X:0E68 Y:C94F S:011B D:0000 DB:86 nvMxdizC V:258 H:211 F:10
				8490D1 10 02       BPL $0002     [8490D5] A:00EC X:0E68 Y:C94F S:011B D:0000 DB:86 NvMxdizC V:258 H:218 F:10
				8490D3 C6 03       DEC $03       [000003] A:00EC X:0E68 Y:C94F S:011B D:0000 DB:86 NvMxdizC V:258 H:221 F:10
				8490D5 18          CLC                    A:00EC X:0E68 Y:C94F S:011B D:0000 DB:86 NvMxdizC V:258 H:229 F:10
				8490D6 75 08       ADC $08,X     [000E70] A:00EC X:0E68 Y:C94F S:011B D:0000 DB:86 NvMxdizc V:258 H:232 F:10
				8490D8 85 02       STA $02       [000002] A:0070 X:0E68 Y:C94F S:011B D:0000 DB:86 nVMxdizC V:258 H:239 F:10
				8490DA 29 F0       AND #$F0               A:0070 X:0E68 Y:C94F S:011B D:0000 DB:86 nVMxdizC V:258 H:244 F:10
				8490DC 85 0A       STA $0A       [00000A] A:0070 X:0E68 Y:C94F S:011B D:0000 DB:86 nVMxdizC V:258 H:247 F:10
				8490DE B5 09       LDA $09,X     [000E71] A:0070 X:0E68 Y:C94F S:011B D:0000 DB:86 nVMxdizC V:258 H:252 F:10
				8490E0 65 03       ADC $03       [000003] A:000A X:0E68 Y:C94F S:011B D:0000 DB:86 nVMxdizC V:258 H:258 F:10
				8490E2 85 03       STA $03       [000003] A:000A X:0E68 Y:C94F S:011B D:0000 DB:86 nvMxdizC V:258 H:263 F:10
				8490E4 85 0B       STA $0B       [00000B] A:000A X:0E68 Y:C94F S:011B D:0000 DB:86 nvMxdizC V:258 H:268 F:10
				8490E6 A5 00       LDA $00       [000000] A:000A X:0E68 Y:C94F S:011B D:0000 DB:86 nvMxdizC V:258 H:273 F:10
				8490E8 29 0F       AND #$0F               A:006D X:0E68 Y:C94F S:011B D:0000 DB:86 nvMxdizC V:258 H:278 F:10
				8490EA 1A          INC                    A:000D X:0E68 Y:C94F S:011B D:0000 DB:86 nvMxdizC V:258 H:281 F:10
				8490EB 85 0C       STA $0C       [00000C] A:000E X:0E68 Y:C94F S:011B D:0000 DB:86 nvMxdizC V:258 H:284 F:10
				8490ED A5 02       LDA $02       [000002] A:000E X:0E68 Y:C94F S:011B D:0000 DB:86 nvMxdizC V:258 H:289 F:10
				8490EF 29 0F       AND #$0F               A:0070 X:0E68 Y:C94F S:011B D:0000 DB:86 nvMxdizC V:258 H:294 F:10
				8490F1 1A          INC                    A:0000 X:0E68 Y:C94F S:011B D:0000 DB:86 nvMxdiZC V:258 H:297 F:10
				8490F2 85 0E       STA $0E       [00000E] A:0001 X:0E68 Y:C94F S:011B D:0000 DB:86 nvMxdizC V:258 H:300 F:10
				8490F4 C2 20       REP #$20               A:0001 X:0E68 Y:C94F S:011B D:0000 DB:86 nvMxdizC V:258 H:305 F:10
				8490F6 20 6A 91    JSR $916A     [84916A] A:0001 X:0E68 Y:C94F S:011B D:0000 DB:86 nvmxdizC V:258 H:310 F:10

				84916A A9 00 E8    LDA #$E800             A:0001 X:0E68 Y:C94F S:0119 D:0000 DB:86 nvmxdizC V:258 H:320 F:10
				84916D 85 10       STA $10       [000010] A:E800 X:0E68 Y:C94F S:0119 D:0000 DB:86 NvmxdizC V:258 H:324 F:10
				84916F A9 7E 00    LDA #$007E             A:E800 X:0E68 Y:C94F S:0119 D:0000 DB:86 NvmxdizC V:258 H:330 F:10
				849172 85 12       STA $12       [000012] A:007E X:0E68 Y:C94F S:0119 D:0000 DB:86 nvmxdizC V:258 H:335 F:10
				849174 A5 02       LDA $02       [000002] A:007E X:0E68 Y:C94F S:0119 D:0000 DB:86 nvmxdizC V:259 H:  2 F:10
				849176 29 F0 00    AND #$00F0             A:0A70 X:0E68 Y:C94F S:0119 D:0000 DB:86 nvmxdizC V:259 H:  9 F:10
				849179 0A          ASL A                  A:0070 X:0E68 Y:C94F S:0119 D:0000 DB:86 nvmxdizC V:259 H: 13 F:10
				84917A 85 04       STA $04       [000004] A:00E0 X:0E68 Y:C94F S:0119 D:0000 DB:86 nvmxdizc V:259 H: 16 F:10
				84917C A5 00       LDA $00       [000000] A:00E0 X:0E68 Y:C94F S:0119 D:0000 DB:86 nvmxdizc V:259 H: 23 F:10
				84917E 29 FF 00    AND #$00FF             A:146D X:0E68 Y:C94F S:0119 D:0000 DB:86 nvmxdizc V:259 H: 30 F:10
				849181 4A          LSR A                  A:006D X:0E68 Y:C94F S:0119 D:0000 DB:86 nvmxdizc V:259 H: 35 F:10
				849182 4A          LSR A                  A:0036 X:0E68 Y:C94F S:0119 D:0000 DB:86 nvmxdizC V:259 H: 38 F:10
				849183 4A          LSR A                  A:001B X:0E68 Y:C94F S:0119 D:0000 DB:86 nvmxdizc V:259 H: 41 F:10
				849184 29 FE FF    AND #$FFFE             A:000D X:0E68 Y:C94F S:0119 D:0000 DB:86 nvmxdizC V:259 H: 44 F:10
				849187 18          CLC                    A:000C X:0E68 Y:C94F S:0119 D:0000 DB:86 nvmxdizC V:259 H: 48 F:10
				849188 65 04       ADC $04       [000004] A:000C X:0E68 Y:C94F S:0119 D:0000 DB:86 nvmxdizc V:259 H: 51 F:10
				84918A 85 06       STA $06       [000006] A:00EC X:0E68 Y:C94F S:0119 D:0000 DB:86 nvmxdizc V:259 H: 58 F:10
				84918C A5 00       LDA $00       [000000] A:00EC X:0E68 Y:C94F S:0119 D:0000 DB:86 nvmxdizc V:259 H: 65 F:10
				84918E EB          XBA                    A:146D X:0E68 Y:C94F S:0119 D:0000 DB:86 nvmxdizc V:259 H: 72 F:10
				84918F 29 1F 00    AND #$001F             A:6D14 X:0E68 Y:C94F S:0119 D:0000 DB:86 nvmxdizc V:259 H: 77 F:10
				849192 85 04       STA $04       [000004] A:0014 X:0E68 Y:C94F S:0119 D:0000 DB:86 nvmxdizc V:259 H: 81 F:10
				849194 A5 02       LDA $02       [000002] A:0014 X:0E68 Y:C94F S:0119 D:0000 DB:86 nvmxdizc V:259 H: 88 F:10
				849196 29 00 1F    AND #$1F00             A:0A70 X:0E68 Y:C94F S:0119 D:0000 DB:86 nvmxdizc V:259 H: 95 F:10
				849199 4A          LSR A                  A:0A00 X:0E68 Y:C94F S:0119 D:0000 DB:86 nvmxdizc V:259 H:100 F:10
				84919A 4A          LSR A                  A:0500 X:0E68 Y:C94F S:0119 D:0000 DB:86 nvmxdizc V:259 H:103 F:10
				84919B 4A          LSR A                  A:0280 X:0E68 Y:C94F S:0119 D:0000 DB:86 nvmxdizc V:259 H:106 F:10
				84919C 18          CLC                    A:0140 X:0E68 Y:C94F S:0119 D:0000 DB:86 nvmxdizc V:259 H:109 F:10
				84919D 65 04       ADC $04       [000004] A:0140 X:0E68 Y:C94F S:0119 D:0000 DB:86 nvmxdizc V:259 H:112 F:10
				84919F A8          TAY                    A:0154 X:0E68 Y:C94F S:0119 D:0000 DB:86 nvmxdizc V:259 H:119 F:10
				8491A0 B7 10       LDA [$10],Y   [7EE954] A:0154 X:0E68 Y:0154 S:0119 D:0000 DB:86 nvmxdizc V:259 H:122 F:10
				8491A2 29 FF 00    AND #$00FF             A:0038 X:0E68 Y:0154 S:0119 D:0000 DB:86 nvmxdizc V:259 H:145 F:10
				8491A5 A8          TAY                    A:0038 X:0E68 Y:0154 S:0119 D:0000 DB:86 nvmxdizc V:259 H:149 F:10
				8491A6 EB          XBA                    A:0038 X:0E68 Y:0038 S:0119 D:0000 DB:86 nvmxdizc V:259 H:152 F:10
				8491A7 0A          ASL A                  A:3800 X:0E68 Y:0038 S:0119 D:0000 DB:86 nvmxdiZc V:259 H:157 F:10
				8491A8 18          CLC                    A:7000 X:0E68 Y:0038 S:0119 D:0000 DB:86 nvmxdizc V:259 H:160 F:10
				8491A9 65 06       ADC $06       [000006] A:7000 X:0E68 Y:0038 S:0119 D:0000 DB:86 nvmxdizc V:259 H:163 F:10
				8491AB AA          TAX                    A:70EC X:0E68 Y:0038 S:0119 D:0000 DB:86 nvmxdizc V:259 H:170 F:10
				8491AC 60          RTS                    A:70EC X:70EC Y:0038 S:0119 D:0000 DB:86 nvmxdizc V:259 H:173 F:10

				8490F9 BF 00 20 7E LDA $7E2000,X [7E90EC] A:70EC X:70EC Y:0038 S:011B D:0000 DB:86 nvmxdizc V:259 H:183 F:10
				8490FD A8          TAY                    A:022A X:70EC Y:0038 S:011B D:0000 DB:86 nvmxdizc V:259 H:193 F:10
				8490FE AD 92 0B    LDA $0B92     [860B92] A:022A X:70EC Y:022A S:011B D:0000 DB:86 nvmxdizc V:259 H:196 F:10
				849101 85 10       STA $10       [000010] A:DB57 X:70EC Y:022A S:011B D:0000 DB:86 Nvmxdizc V:259 H:204 F:10
				849103 AD 94 0B    LDA $0B94     [860B94] A:DB57 X:70EC Y:022A S:011B D:0000 DB:86 Nvmxdizc V:259 H:211 F:10
				849106 85 12       STA $12       [000012] A:B895 X:70EC Y:022A S:011B D:0000 DB:86 Nvmxdizc V:259 H:220 F:10
				849108 B7 10       LDA [$10],Y   [95DD81] A:B895 X:70EC Y:022A S:011B D:0000 DB:86 Nvmxdizc V:259 H:227 F:10
				84910A 29 FF 00    AND #$00FF             A:0000 X:70EC Y:022A S:011B D:0000 DB:86 nvmxdiZc V:259 H:239 F:10
				84910D 28          PLP                    A:0000 X:70EC Y:022A S:011B D:0000 DB:86 nvmxdiZc V:259 H:243 F:10
				84910E FA          PLX                    A:0000 X:70EC Y:022A S:011C D:0000 DB:86 nvMxdiZc V:259 H:250 F:10
				84910F 2B          PLD                    A:0000 X:0E68 Y:022A S:011E D:0000 DB:86 nvMxdizc V:259 H:258 F:10
				849110 60          RTS                    A:0000 X:0E68 Y:022A S:0120 D:0000 DB:86 nvMxdiZc V:259 H:267 F:10

				84947C B4 05       LDY $05,X     [000E6D] A:0000 X:0E68 Y:022A S:0122 D:0000 DB:86 nvMxdiZc V:259 H:277 F:10
				84947E 84 10       STY $10       [000010] A:0000 X:0E68 Y:147D S:0122 D:0000 DB:86 nvMxdizc V:259 H:285 F:10
				849480 B4 08       LDY $08,X     [000E70] A:0000 X:0E68 Y:147D S:0122 D:0000 DB:86 nvMxdizc V:259 H:292 F:10
				849482 84 12       STY $12       [000012] A:0000 X:0E68 Y:0A84 S:0122 D:0000 DB:86 nvMxdizc V:259 H:301 F:10
				849484 95 2E       STA $2E,X     [000E96] A:0000 X:0E68 Y:0A84 S:0122 D:0000 DB:86 nvMxdizc V:259 H:308 F:10
				849486 86 2C       STX $2C       [00002C] A:0000 X:0E68 Y:0A84 S:0122 D:0000 DB:86 nvMxdizc V:259 H:314 F:10
				849488 29 3F       AND #$3F               A:0000 X:0E68 Y:0A84 S:0122 D:0000 DB:86 nvMxdizc V:259 H:321 F:10
				84948A 0A          ASL A                  A:0000 X:0E68 Y:0A84 S:0122 D:0000 DB:86 nvMxdiZc V:259 H:324 F:10
				84948B EB          XBA                    A:0000 X:0E68 Y:0A84 S:0122 D:0000 DB:86 nvMxdiZc V:259 H:327 F:10
				84948C A9 00       LDA #$00               A:0000 X:0E68 Y:0A84 S:0122 D:0000 DB:86 nvMxdiZc V:259 H:331 F:10
				84948E EB          XBA                    A:0000 X:0E68 Y:0A84 S:0122 D:0000 DB:86 nvMxdiZc V:259 H:334 F:10
				84948F AA          TAX                    A:0000 X:0E68 Y:0A84 S:0122 D:0000 DB:86 nvMxdiZc V:259 H:338 F:10
				849490 FC A9 94    JSR ($94A9,X) [8494A9] A:0000 X:0000 Y:0A84 S:0122 D:0000 DB:86 nvMxdiZc V:260 H:  1 F:10

				849529 AD 1C 1F    LDA $1F1C     [861F1C] A:0000 X:0000 Y:0A84 S:0120 D:0000 DB:86 nvMxdiZc V:260 H: 14 F:10
				84952C F0 11       BEQ $0011     [84953F] A:0000 X:0000 Y:0A84 S:0120 D:0000 DB:86 nvMxdiZc V:260 H: 21 F:10
				84953F A9 00       LDA #$00               A:0000 X:0000 Y:0A84 S:0120 D:0000 DB:86 nvMxdiZc V:260 H: 25 F:10
				849541 60          RTS                    A:0000 X:0000 Y:0A84 S:0120 D:0000 DB:86 nvMxdiZc V:260 H: 28 F:10

				849493 F0 0E       BEQ $000E     [8494A3] A:0000 X:0000 Y:0A84 S:0122 D:0000 DB:86 nvMxdiZc V:260 H: 38 F:10
				8494A3 A6 2C       LDX $2C       [00002C] A:0000 X:0000 Y:0A84 S:0122 D:0000 DB:86 nvMxdiZc V:260 H: 43 F:10
				8494A5 20 08 93    JSR $9308     [849308] A:0000 X:0E68 Y:0A84 S:0122 D:0000 DB:86 nvMxdizc V:260 H: 50 F:10

				849308 A5 14       LDA $14       [000014] A:0000 X:0E68 Y:0A84 S:0120 D:0000 DB:86 nvMxdizc V:260 H: 60 F:10
				84930A F0 08       BEQ $0008     [849314] A:0000 X:0E68 Y:0A84 S:0120 D:0000 DB:86 nvMxdiZc V:260 H: 65 F:10
				849314 60          RTS                    A:0000 X:0E68 Y:0A84 S:0120 D:0000 DB:86 nvMxdiZc V:260 H: 69 F:10

				8494A8 60          RTS                    A:0000 X:0E68 Y:0A84 S:0122 D:0000 DB:86 nvMxdiZc V:260 H: 79 F:10

				849228 D0 15       BNE $0015     [84923F] A:0000 X:0E68 Y:0A84 S:0124 D:0000 DB:86 nvMxdiZc V:260 H: 89 F:10
				84922A B4 20       LDY $20,X     [000E88] A:0000 X:0E68 Y:0A84 S:0124 D:0000 DB:86 nvMxdiZc V:260 H: 92 F:10
				84922C B9 05 00    LDA $0005,Y   [86C954] A:0000 X:0E68 Y:C94F S:0124 D:0000 DB:86 NvMxdizc V:260 H:101 F:10
				84922F 34 11       BIT $11,X     [000E79] A:0000 X:0E68 Y:C94F S:0124 D:0000 DB:86 nvMxdiZc V:260 H:108 F:10
				849231 50 03       BVC $0003     [849236] A:0000 X:0E68 Y:C94F S:0124 D:0000 DB:86 nvMxdiZc V:260 H:115 F:10
				849236 18          CLC                    A:0000 X:0E68 Y:C94F S:0124 D:0000 DB:86 nvMxdiZc V:260 H:119 F:10
				849237 79 07 00    ADC $0007,Y   [86C956] A:0000 X:0E68 Y:C94F S:0124 D:0000 DB:86 nvMxdiZc V:260 H:122 F:10
				84923A 95 29       STA $29,X     [000E91] A:0010 X:0E68 Y:C94F S:0124 D:0000 DB:86 nvMxdizc V:260 H:130 F:10
				84923C 20 73 94    JSR $9473     [849473] A:0010 X:0E68 Y:C94F S:0124 D:0000 DB:86 nvMxdizc V:260 H:146 F:10

				849473 A9 F7       LDA #$F7               A:0010 X:0E68 Y:C94F S:0122 D:0000 DB:86 nvMxdizc V:260 H:156 F:10
				849475 35 2B       AND $2B,X     [000E93] A:00F7 X:0E68 Y:C94F S:0122 D:0000 DB:86 NvMxdizc V:260 H:159 F:10
				849477 95 2B       STA $2B,X     [000E93] A:0000 X:0E68 Y:C94F S:0122 D:0000 DB:86 nvMxdiZc V:260 H:166 F:10
				849479 20 B3 90    JSR $90B3     [8490B3] A:0000 X:0E68 Y:C94F S:0122 D:0000 DB:86 nvMxdiZc V:260 H:172 F:10

				8490B3 0B          PHD                    A:0000 X:0E68 Y:C94F S:0120 D:0000 DB:86 nvMxdiZc V:260 H:182 F:10
				8490B4 DA          PHX                    A:0000 X:0E68 Y:C94F S:011E D:0000 DB:86 nvMxdiZc V:260 H:189 F:10
				8490B5 08          PHP                    A:0000 X:0E68 Y:C94F S:011C D:0000 DB:86 nvMxdiZc V:260 H:196 F:10
				8490B6 E2 20       SEP #$20               A:0000 X:0E68 Y:C94F S:011B D:0000 DB:86 nvMxdiZc V:260 H:201 F:10
				8490B8 C2 10       REP #$10               A:0000 X:0E68 Y:C94F S:011B D:0000 DB:86 nvMxdiZc V:260 H:206 F:10
				8490BA 64 01       STZ $01       [000001] A:0000 X:0E68 Y:C94F S:011B D:0000 DB:86 nvMxdiZc V:260 H:210 F:10
				8490BC B5 29       LDA $29,X     [000E91] A:0000 X:0E68 Y:C94F S:011B D:0000 DB:86 nvMxdiZc V:260 H:215 F:10
				8490BE 10 02       BPL $0002     [8490C2] A:0010 X:0E68 Y:C94F S:011B D:0000 DB:86 nvMxdizc V:260 H:222 F:10
				8490C2 18          CLC                    A:0010 X:0E68 Y:C94F S:011B D:0000 DB:86 nvMxdizc V:260 H:226 F:10
				8490C3 75 05       ADC $05,X     [000E6D] A:0010 X:0E68 Y:C94F S:011B D:0000 DB:86 nvMxdizc V:260 H:229 F:10
				8490C5 85 00       STA $00       [000000] A:008D X:0E68 Y:C94F S:011B D:0000 DB:86 NVMxdizc V:260 H:236 F:10
				8490C7 B5 06       LDA $06,X     [000E6E] A:008D X:0E68 Y:C94F S:011B D:0000 DB:86 NVMxdizc V:260 H:241 F:10
				8490C9 65 01       ADC $01       [000001] A:0014 X:0E68 Y:C94F S:011B D:0000 DB:86 nVMxdizc V:260 H:247 F:10
				8490CB 85 01       STA $01       [000001] A:0014 X:0E68 Y:C94F S:011B D:0000 DB:86 nvMxdizc V:260 H:252 F:10
				8490CD 64 03       STZ $03       [000003] A:0014 X:0E68 Y:C94F S:011B D:0000 DB:86 nvMxdizc V:260 H:257 F:10
				8490CF B5 2A       LDA $2A,X     [000E92] A:0014 X:0E68 Y:C94F S:011B D:0000 DB:86 nvMxdizc V:260 H:262 F:10
				8490D1 10 02       BPL $0002     [8490D5] A:00EC X:0E68 Y:C94F S:011B D:0000 DB:86 NvMxdizc V:260 H:269 F:10
				8490D3 C6 03       DEC $03       [000003] A:00EC X:0E68 Y:C94F S:011B D:0000 DB:86 NvMxdizc V:260 H:272 F:10
				8490D5 18          CLC                    A:00EC X:0E68 Y:C94F S:011B D:0000 DB:86 NvMxdizc V:260 H:280 F:10
				8490D6 75 08       ADC $08,X     [000E70] A:00EC X:0E68 Y:C94F S:011B D:0000 DB:86 NvMxdizc V:260 H:283 F:10
				8490D8 85 02       STA $02       [000002] A:0070 X:0E68 Y:C94F S:011B D:0000 DB:86 nVMxdizC V:260 H:290 F:10
				8490DA 29 F0       AND #$F0               A:0070 X:0E68 Y:C94F S:011B D:0000 DB:86 nVMxdizC V:260 H:295 F:10
				8490DC 85 0A       STA $0A       [00000A] A:0070 X:0E68 Y:C94F S:011B D:0000 DB:86 nVMxdizC V:260 H:298 F:10
				8490DE B5 09       LDA $09,X     [000E71] A:0070 X:0E68 Y:C94F S:011B D:0000 DB:86 nVMxdizC V:260 H:303 F:10
				8490E0 65 03       ADC $03       [000003] A:000A X:0E68 Y:C94F S:011B D:0000 DB:86 nVMxdizC V:260 H:309 F:10
				8490E2 85 03       STA $03       [000003] A:000A X:0E68 Y:C94F S:011B D:0000 DB:86 nvMxdizC V:260 H:314 F:10
				8490E4 85 0B       STA $0B       [00000B] A:000A X:0E68 Y:C94F S:011B D:0000 DB:86 nvMxdizC V:260 H:319 F:10
				8490E6 A5 00       LDA $00       [000000] A:000A X:0E68 Y:C94F S:011B D:0000 DB:86 nvMxdizC V:260 H:324 F:10
				8490E8 29 0F       AND #$0F               A:008D X:0E68 Y:C94F S:011B D:0000 DB:86 NvMxdizC V:260 H:328 F:10
				8490EA 1A          INC                    A:000D X:0E68 Y:C94F S:011B D:0000 DB:86 nvMxdizC V:260 H:331 F:10
				8490EB 85 0C       STA $0C       [00000C] A:000E X:0E68 Y:C94F S:011B D:0000 DB:86 nvMxdizC V:260 H:334 F:10
				8490ED A5 02       LDA $02       [000002] A:000E X:0E68 Y:C94F S:011B D:0000 DB:86 nvMxdizC V:260 H:339 F:10
				8490EF 29 0F       AND #$0F               A:0070 X:0E68 Y:C94F S:011B D:0000 DB:86 nvMxdizC V:261 H:  4 F:10
				8490F1 1A          INC                    A:0000 X:0E68 Y:C94F S:011B D:0000 DB:86 nvMxdiZC V:261 H:  7 F:10
				8490F2 85 0E       STA $0E       [00000E] A:0001 X:0E68 Y:C94F S:011B D:0000 DB:86 nvMxdizC V:261 H: 10 F:10
				8490F4 C2 20       REP #$20               A:0001 X:0E68 Y:C94F S:011B D:0000 DB:86 nvMxdizC V:261 H: 15 F:10
				8490F6 20 6A 91    JSR $916A     [84916A] A:0001 X:0E68 Y:C94F S:011B D:0000 DB:86 nvmxdizC V:261 H: 20 F:10

				84916A A9 00 E8    LDA #$E800             A:0001 X:0E68 Y:C94F S:0119 D:0000 DB:86 nvmxdizC V:261 H: 30 F:10
				84916D 85 10       STA $10       [000010] A:E800 X:0E68 Y:C94F S:0119 D:0000 DB:86 NvmxdizC V:261 H: 34 F:10
				84916F A9 7E 00    LDA #$007E             A:E800 X:0E68 Y:C94F S:0119 D:0000 DB:86 NvmxdizC V:261 H: 41 F:10
				849172 85 12       STA $12       [000012] A:007E X:0E68 Y:C94F S:0119 D:0000 DB:86 nvmxdizC V:261 H: 46 F:10
				849174 A5 02       LDA $02       [000002] A:007E X:0E68 Y:C94F S:0119 D:0000 DB:86 nvmxdizC V:261 H: 53 F:10
				849176 29 F0 00    AND #$00F0             A:0A70 X:0E68 Y:C94F S:0119 D:0000 DB:86 nvmxdizC V:261 H: 60 F:10
				849179 0A          ASL A                  A:0070 X:0E68 Y:C94F S:0119 D:0000 DB:86 nvmxdizC V:261 H: 64 F:10
				84917A 85 04       STA $04       [000004] A:00E0 X:0E68 Y:C94F S:0119 D:0000 DB:86 nvmxdizc V:261 H: 67 F:10
				84917C A5 00       LDA $00       [000000] A:00E0 X:0E68 Y:C94F S:0119 D:0000 DB:86 nvmxdizc V:261 H: 74 F:10
				84917E 29 FF 00    AND #$00FF             A:148D X:0E68 Y:C94F S:0119 D:0000 DB:86 nvmxdizc V:261 H: 81 F:10
				849181 4A          LSR A                  A:008D X:0E68 Y:C94F S:0119 D:0000 DB:86 nvmxdizc V:261 H: 86 F:10
				849182 4A          LSR A                  A:0046 X:0E68 Y:C94F S:0119 D:0000 DB:86 nvmxdizC V:261 H: 89 F:10
				849183 4A          LSR A                  A:0023 X:0E68 Y:C94F S:0119 D:0000 DB:86 nvmxdizc V:261 H: 92 F:10
				849184 29 FE FF    AND #$FFFE             A:0011 X:0E68 Y:C94F S:0119 D:0000 DB:86 nvmxdizC V:261 H: 95 F:10
				849187 18          CLC                    A:0010 X:0E68 Y:C94F S:0119 D:0000 DB:86 nvmxdizC V:261 H: 99 F:10
				849188 65 04       ADC $04       [000004] A:0010 X:0E68 Y:C94F S:0119 D:0000 DB:86 nvmxdizc V:261 H:102 F:10
				84918A 85 06       STA $06       [000006] A:00F0 X:0E68 Y:C94F S:0119 D:0000 DB:86 nvmxdizc V:261 H:109 F:10
				84918C A5 00       LDA $00       [000000] A:00F0 X:0E68 Y:C94F S:0119 D:0000 DB:86 nvmxdizc V:261 H:116 F:10
				84918E EB          XBA                    A:148D X:0E68 Y:C94F S:0119 D:0000 DB:86 nvmxdizc V:261 H:123 F:10
				84918F 29 1F 00    AND #$001F             A:8D14 X:0E68 Y:C94F S:0119 D:0000 DB:86 nvmxdizc V:261 H:128 F:10
				849192 85 04       STA $04       [000004] A:0014 X:0E68 Y:C94F S:0119 D:0000 DB:86 nvmxdizc V:261 H:132 F:10
				849194 A5 02       LDA $02       [000002] A:0014 X:0E68 Y:C94F S:0119 D:0000 DB:86 nvmxdizc V:261 H:149 F:10
				849196 29 00 1F    AND #$1F00             A:0A70 X:0E68 Y:C94F S:0119 D:0000 DB:86 nvmxdizc V:261 H:156 F:10
				849199 4A          LSR A                  A:0A00 X:0E68 Y:C94F S:0119 D:0000 DB:86 nvmxdizc V:261 H:161 F:10
				84919A 4A          LSR A                  A:0500 X:0E68 Y:C94F S:0119 D:0000 DB:86 nvmxdizc V:261 H:164 F:10
				84919B 4A          LSR A                  A:0280 X:0E68 Y:C94F S:0119 D:0000 DB:86 nvmxdizc V:261 H:167 F:10
				84919C 18          CLC                    A:0140 X:0E68 Y:C94F S:0119 D:0000 DB:86 nvmxdizc V:261 H:170 F:10
				84919D 65 04       ADC $04       [000004] A:0140 X:0E68 Y:C94F S:0119 D:0000 DB:86 nvmxdizc V:261 H:173 F:10
				84919F A8          TAY                    A:0154 X:0E68 Y:C94F S:0119 D:0000 DB:86 nvmxdizc V:261 H:180 F:10
				8491A0 B7 10       LDA [$10],Y   [7EE954] A:0154 X:0E68 Y:0154 S:0119 D:0000 DB:86 nvmxdizc V:261 H:183 F:10
				8491A2 29 FF 00    AND #$00FF             A:0038 X:0E68 Y:0154 S:0119 D:0000 DB:86 nvmxdizc V:261 H:196 F:10
				8491A5 A8          TAY                    A:0038 X:0E68 Y:0154 S:0119 D:0000 DB:86 nvmxdizc V:261 H:200 F:10
				8491A6 EB          XBA                    A:0038 X:0E68 Y:0038 S:0119 D:0000 DB:86 nvmxdizc V:261 H:203 F:10
				8491A7 0A          ASL A                  A:3800 X:0E68 Y:0038 S:0119 D:0000 DB:86 nvmxdiZc V:261 H:208 F:10
				8491A8 18          CLC                    A:7000 X:0E68 Y:0038 S:0119 D:0000 DB:86 nvmxdizc V:261 H:211 F:10
				8491A9 65 06       ADC $06       [000006] A:7000 X:0E68 Y:0038 S:0119 D:0000 DB:86 nvmxdizc V:261 H:214 F:10
				8491AB AA          TAX                    A:70F0 X:0E68 Y:0038 S:0119 D:0000 DB:86 nvmxdizc V:261 H:221 F:10
				8491AC 60          RTS                    A:70F0 X:70F0 Y:0038 S:0119 D:0000 DB:86 nvmxdizc V:261 H:224 F:10

				8490F9 BF 00 20 7E LDA $7E2000,X [7E90F0] A:70F0 X:70F0 Y:0038 S:011B D:0000 DB:86 nvmxdizc V:261 H:234 F:10
				8490FD A8          TAY                    A:022C X:70F0 Y:0038 S:011B D:0000 DB:86 nvmxdizc V:261 H:244 F:10
				8490FE AD 92 0B    LDA $0B92     [860B92] A:022C X:70F0 Y:022C S:011B D:0000 DB:86 nvmxdizc V:261 H:247 F:10
				849101 85 10       STA $10       [000010] A:DB57 X:70F0 Y:022C S:011B D:0000 DB:86 Nvmxdizc V:261 H:255 F:10
				849103 AD 94 0B    LDA $0B94     [860B94] A:DB57 X:70F0 Y:022C S:011B D:0000 DB:86 Nvmxdizc V:261 H:262 F:10
				849106 85 12       STA $12       [000012] A:B895 X:70F0 Y:022C S:011B D:0000 DB:86 Nvmxdizc V:261 H:271 F:10
				849108 B7 10       LDA [$10],Y   [95DD83] A:B895 X:70F0 Y:022C S:011B D:0000 DB:86 Nvmxdizc V:261 H:278 F:10
				84910A 29 FF 00    AND #$00FF             A:0000 X:70F0 Y:022C S:011B D:0000 DB:86 nvmxdiZc V:261 H:290 F:10
				84910D 28          PLP                    A:0000 X:70F0 Y:022C S:011B D:0000 DB:86 nvmxdiZc V:261 H:294 F:10
				84910E FA          PLX                    A:0000 X:70F0 Y:022C S:011C D:0000 DB:86 nvMxdiZc V:261 H:301 F:10
				84910F 2B          PLD                    A:0000 X:0E68 Y:022C S:011E D:0000 DB:86 nvMxdizc V:261 H:309 F:10
				849110 60          RTS                    A:0000 X:0E68 Y:022C S:0120 D:0000 DB:86 nvMxdiZc V:261 H:318 F:10

				84947C B4 05       LDY $05,X     [000E6D] A:0000 X:0E68 Y:022C S:0122 D:0000 DB:86 nvMxdiZc V:261 H:327 F:10
				84947E 84 10       STY $10       [000010] A:0000 X:0E68 Y:147D S:0122 D:0000 DB:86 nvMxdizc V:261 H:335 F:10
				849480 B4 08       LDY $08,X     [000E70] A:0000 X:0E68 Y:147D S:0122 D:0000 DB:86 nvMxdizc V:  0 H:  2 F:11
				849482 84 12       STY $12       [000012] A:0000 X:0E68 Y:0A84 S:0122 D:0000 DB:86 nvMxdizc V:  0 H: 11 F:11
				849484 95 2E       STA $2E,X     [000E96] A:0000 X:0E68 Y:0A84 S:0122 D:0000 DB:86 nvMxdizc V:  0 H: 18 F:11
				849486 86 2C       STX $2C       [00002C] A:0000 X:0E68 Y:0A84 S:0122 D:0000 DB:86 nvMxdizc V:  0 H: 24 F:11
				849488 29 3F       AND #$3F               A:0000 X:0E68 Y:0A84 S:0122 D:0000 DB:86 nvMxdizc V:  0 H: 31 F:11
				84948A 0A          ASL A                  A:0000 X:0E68 Y:0A84 S:0122 D:0000 DB:86 nvMxdiZc V:  0 H: 34 F:11
				84948B EB          XBA                    A:0000 X:0E68 Y:0A84 S:0122 D:0000 DB:86 nvMxdiZc V:  0 H: 37 F:11
				84948C A9 00       LDA #$00               A:0000 X:0E68 Y:0A84 S:0122 D:0000 DB:86 nvMxdiZc V:  0 H: 42 F:11
				84948E EB          XBA                    A:0000 X:0E68 Y:0A84 S:0122 D:0000 DB:86 nvMxdiZc V:  0 H: 45 F:11
				84948F AA          TAX                    A:0000 X:0E68 Y:0A84 S:0122 D:0000 DB:86 nvMxdiZc V:  0 H: 49 F:11
				849490 FC A9 94    JSR ($94A9,X) [8494A9] A:0000 X:0000 Y:0A84 S:0122 D:0000 DB:86 nvMxdiZc V:  0 H: 52 F:11

				849529 AD 1C 1F    LDA $1F1C     [861F1C] A:0000 X:0000 Y:0A84 S:0120 D:0000 DB:86 nvMxdiZc V:  0 H: 65 F:11
				84952C F0 11       BEQ $0011     [84953F] A:0000 X:0000 Y:0A84 S:0120 D:0000 DB:86 nvMxdiZc V:  0 H: 72 F:11
				84953F A9 00       LDA #$00               A:0000 X:0000 Y:0A84 S:0120 D:0000 DB:86 nvMxdiZc V:  0 H: 76 F:11
				849541 60          RTS                    A:0000 X:0000 Y:0A84 S:0120 D:0000 DB:86 nvMxdiZc V:  0 H: 79 F:11

				849493 F0 0E       BEQ $000E     [8494A3] A:0000 X:0000 Y:0A84 S:0122 D:0000 DB:86 nvMxdiZc V:  0 H: 89 F:11
				8494A3 A6 2C       LDX $2C       [00002C] A:0000 X:0000 Y:0A84 S:0122 D:0000 DB:86 nvMxdiZc V:  0 H: 94 F:11
				8494A5 20 08 93    JSR $9308     [849308] A:0000 X:0E68 Y:0A84 S:0122 D:0000 DB:86 nvMxdizc V:  0 H:101 F:11

				849308 A5 14       LDA $14       [000014] A:0000 X:0E68 Y:0A84 S:0120 D:0000 DB:86 nvMxdizc V:  0 H:111 F:11
				84930A F0 08       BEQ $0008     [849314] A:0000 X:0E68 Y:0A84 S:0120 D:0000 DB:86 nvMxdiZc V:  0 H:116 F:11
				849314 60          RTS                    A:0000 X:0E68 Y:0A84 S:0120 D:0000 DB:86 nvMxdiZc V:  0 H:120 F:11

				8494A8 60          RTS                    A:0000 X:0E68 Y:0A84 S:0122 D:0000 DB:86 nvMxdiZc V:  0 H:130 F:11

				84923F C2 30       REP #$30               A:0000 X:0E68 Y:0A84 S:0124 D:0000 DB:86 nvMxdiZc V:  0 H:150 F:11
				849241 60          RTS                    A:0000 X:0E68 Y:0A84 S:0124 D:0000 DB:86 nvmxdiZc V:  0 H:155 F:11

				8491DB 2B          PLD                    A:0000 X:0E68 Y:0A84 S:0126 D:0000 DB:86 nvmxdiZc V:  0 H:165 F:11
				8491DC 28          PLP                    A:0000 X:0E68 Y:0A84 S:0128 D:0E68 DB:86 nvmxdizc V:  0 H:173 F:11
				8491DD 6B          RTL                    A:0000 X:0068 Y:0084 S:0129 D:0E68 DB:86 nvMXdizc V:  0 H:180 F:11

			83B884 A5 2B       LDA $2B       [000E93] A:0000 X:0068 Y:0084 S:012C D:0E68 DB:86 nvMXdizc V:  0 H:190 F:11
			83B886 29 04       AND #$04               A:0000 X:0068 Y:0084 S:012C D:0E68 DB:86 nvMXdiZc V:  0 H:197 F:11
			83B888 F0 06       BEQ $0006     [83B890] A:0000 X:0068 Y:0084 S:012C D:0E68 DB:86 nvMXdiZc V:  0 H:200 F:11	Branch if E-Contact bit #$04 is not set (Colission with Floor)
			83B890 A5 3A       LDA $3A       [000EA2] A:0000 X:0068 Y:0084 S:012C D:0E68 DB:86 nvMXdiZc V:  0 H:204 F:11
			83B892 F0 02       BEQ $0002     [83B896] A:0013 X:0068 Y:0084 S:012C D:0E68 DB:86 nvMXdizc V:  0 H:211 F:11	Branch (Return) if CDLoseShield = #$00
			83B894 C6 3A       DEC $3A       [000EA2] A:0013 X:0068 Y:0084 S:012C D:0E68 DB:86 nvMXdizc V:  0 H:214 F:11	Decrease CDLoseShield = #$12
			83B896 60          RTS                    A:0013 X:0068 Y:0084 S:012C D:0E68 DB:86 nvMXdizc V:  0 H:224 F:11	Return

		83B2ED A5 27       LDA $27       [000E8F] A:0013 X:0068 Y:0084 S:012E D:0E68 DB:86 nvMXdizc V:  0 H:234 F:11
