80D4F6 20 30 D5    JSR $D530     [80D530] A:0E01 X:0000 Y:0002 S:0133 D:0E68 DB:86 nvMXdizC V:249 H: 22 F:39

	80D530 C2 20       REP #$20               A:0E01 X:0000 Y:0002 S:0131 D:0E68 DB:86 nvMXdizC V:249 H: 32 F:39
	80D532 A5 05       LDA $05       [000E6D] A:0E01 X:0000 Y:0002 S:0131 D:0E68 DB:86 nvmXdizC V:249 H: 36 F:39
	80D534 85 22       STA $22       [000E8A] A:147C X:0000 Y:0002 S:0131 D:0E68 DB:86 nvmXdizC V:249 H: 45 F:39
	80D536 A5 08       LDA $08       [000E70] A:147C X:0000 Y:0002 S:0131 D:0E68 DB:86 nvmXdizC V:249 H: 53 F:39
	80D538 85 24       STA $24       [000E8C] A:0A85 X:0000 Y:0002 S:0131 D:0E68 DB:86 nvmXdizC V:249 H: 62 F:39
	80D53A E2 20       SEP #$20               A:0A85 X:0000 Y:0002 S:0131 D:0E68 DB:86 nvmXdizC V:249 H: 70 F:39
	80D53C A9 80       LDA #$80               A:0A85 X:0000 Y:0002 S:0131 D:0E68 DB:86 nvMXdizC V:249 H: 75 F:39
	80D53E 14 0E       TRB $0E       [000E76] A:0A80 X:0000 Y:0002 S:0131 D:0E68 DB:86 NvMXdizC V:249 H: 78 F:39
	80D540 A5 0A       LDA $0A       [000E72] A:0A80 X:0000 Y:0002 S:0131 D:0E68 DB:86 NvMXdizC V:249 H: 88 F:39
	80D542 0A          ASL A                  A:0A14 X:0000 Y:0002 S:0131 D:0E68 DB:86 nvMXdizC V:249 H: 94 F:39
	80D543 AA          TAX                    A:0A28 X:0000 Y:0002 S:0131 D:0E68 DB:86 nvMXdizc V:249 H: 97 F:39
	80D544 7C DD F8    JMP ($F8DD,X) [80F905] A:0A28 X:0028 Y:0002 S:0131 D:0E68 DB:86 nvMXdizc V:249 H:100 F:39

	80FA15 22 44 B1 83 JSL $83B144   [83B144] A:0A28 X:0028 Y:0002 S:0131 D:0E68 DB:86 nvMXdizc V:249 H:109 F:39

		83B144 A6 01       LDX $01       [000E69] A:0A28 X:0028 Y:0002 S:012E D:0E68 DB:86 nvMXdizc V:249 H:123 F:39
		83B146 7C 49 B1    JMP ($B149,X) [83B14D] A:0A28 X:0004 Y:0002 S:012E D:0E68 DB:86 nvMXdizc V:249 H:129 F:39

		83B2E8 A6 02       LDX $02       [000E6A] A:0A28 X:0004 Y:0002 S:012E D:0E68 DB:86 nvMXdizc V:249 H:148 F:39
		83B2EA FC DA B3    JSR ($B3DA,X) [83B3E2] A:0A28 X:0008 Y:0002 S:012E D:0E68 DB:86 nvMXdizc V:249 H:155 F:39

			83B826 A6 03       LDX $03       [000E6B] A:0A28 X:0008 Y:0002 S:012C D:0E68 DB:86 nvMXdizc V:249 H:168 F:39
			83B828 7C 2B B8    JMP ($B82B,X) [83B833] A:0A28 X:0008 Y:0002 S:012C D:0E68 DB:86 nvMXdizc V:249 H:174 F:39

			83B8E3 22 EA 8E 84 JSL $848EEA   [848EEA] A:0A28 X:0008 Y:0002 S:012C D:0E68 DB:86 nvMXdizc V:249 H:183 F:39	JSL $848EEA --> Decrease CDSkel, Continue Skeleton

				848EEA 08          PHP                    A:0A28 X:0008 Y:0002 S:0129 D:0E68 DB:86 nvMXdizc V:249 H:197 F:39
				848EEB 8B          PHB                    A:0A28 X:0008 Y:0002 S:0128 D:0E68 DB:86 nvMXdizc V:249 H:202 F:39
				848EEC E2 30       SEP #$30               A:0A28 X:0008 Y:0002 S:0127 D:0E68 DB:86 nvMXdizc V:249 H:207 F:39
				848EEE C6 13       DEC $13       [000E7B] A:0A28 X:0008 Y:0002 S:0127 D:0E68 DB:86 nvMXdizc V:249 H:211 F:39
				848EF0 D0 5D       BNE $005D     [848F4F] A:0A28 X:0008 Y:0002 S:0127 D:0E68 DB:86 nvMXdizc V:249 H:221 F:39
				848F4F AB          PLB                    A:0A28 X:0008 Y:0002 S:0127 D:0E68 DB:86 nvMXdizc V:249 H:226 F:39
				848F50 28          PLP                    A:0A28 X:0008 Y:0002 S:0128 D:0E68 DB:86 NvMXdizc V:249 H:232 F:39
				848F51 6B          RTL                    A:0A28 X:0008 Y:0002 S:0129 D:0E68 DB:86 nvMXdizc V:249 H:239 F:39

			83B8E7 A5 17       LDA $17       [000E7F] A:0A28 X:0008 Y:0002 S:012C D:0E68 DB:86 nvMXdizc V:249 H:249 F:39
			83B8E9 10 0E       BPL $000E     [83B8F9] A:0A95 X:0008 Y:0002 S:012C D:0E68 DB:86 NvMXdizc V:249 H:256 F:39
			83B8EB 29 7F       AND #$7F               A:0A95 X:0008 Y:0002 S:012C D:0E68 DB:86 NvMXdizc V:249 H:259 F:39
			83B8ED 85 17       STA $17       [000E7F] A:0A15 X:0008 Y:0002 S:012C D:0E68 DB:86 nvMXdizc V:249 H:262 F:39
			83B8EF A5 0F       LDA $0F       [000E77] A:0A15 X:0008 Y:0002 S:012C D:0E68 DB:86 nvMXdizc V:249 H:268 F:39
			83B8F1 10 06       BPL $0006     [83B8F9] A:0A00 X:0008 Y:0002 S:012C D:0E68 DB:86 nvMXdiZc V:249 H:275 F:39	Branch because SkelAction is positive
			83B8F9 A5 3A       LDA $3A       [000EA2] A:0A00 X:0008 Y:0002 S:012C D:0E68 DB:86 nvMXdiZc V:249 H:279 F:39
			83B8FB D0 08       BNE $0008     [83B905] A:0A5A X:0008 Y:0002 S:012C D:0E68 DB:86 nvMXdizc V:249 H:286 F:39	Branch becauseCDLoseShield <> #$00
			83B905 C6 3A       DEC $3A       [000EA2] A:0A5A X:0008 Y:0002 S:012C D:0E68 DB:86 nvMXdizc V:249 H:290 F:39	Decrease CDLoseShield
			83B907 60          RTS                    A:0A5A X:0008 Y:0002 S:012C D:0E68 DB:86 nvMXdizc V:249 H:300 F:39	Return

		83B2ED A5 27       LDA $27       [000E8F] A:0A5A X:0008 Y:0002 S:012E D:0E68 DB:86 nvMXdizc V:249 H:310 F:39
