80D4F6 20 30 D5    JSR $D530     [80D530] A:0E01 X:0000 Y:0046 S:0133 D:0E68 DB:86 nvMXdizC V:247 H:120 F:27

	80D530 C2 20       REP #$20               A:0E01 X:0000 Y:0046 S:0131 D:0E68 DB:86 nvMXdizC V:247 H:130 F:27
	80D532 A5 05       LDA $05       [000E6D] A:0E01 X:0000 Y:0046 S:0131 D:0E68 DB:86 nvmXdizC V:247 H:145 F:27
	80D534 85 22       STA $22       [000E8A] A:148D X:0000 Y:0046 S:0131 D:0E68 DB:86 nvmXdizC V:247 H:153 F:27
	80D536 A5 08       LDA $08       [000E70] A:148D X:0000 Y:0046 S:0131 D:0E68 DB:86 nvmXdizC V:247 H:162 F:27
	80D538 85 24       STA $24       [000E8C] A:0A9A X:0000 Y:0046 S:0131 D:0E68 DB:86 nvmXdizC V:247 H:170 F:27
	80D53A E2 20       SEP #$20               A:0A9A X:0000 Y:0046 S:0131 D:0E68 DB:86 nvmXdizC V:247 H:179 F:27
	80D53C A9 80       LDA #$80               A:0A9A X:0000 Y:0046 S:0131 D:0E68 DB:86 nvMXdizC V:247 H:183 F:27
	80D53E 14 0E       TRB $0E       [000E76] A:0A80 X:0000 Y:0046 S:0131 D:0E68 DB:86 NvMXdizC V:247 H:186 F:27
	80D540 A5 0A       LDA $0A       [000E72] A:0A80 X:0000 Y:0046 S:0131 D:0E68 DB:86 NvMXdizC V:247 H:196 F:27
	80D542 0A          ASL A                  A:0A14 X:0000 Y:0046 S:0131 D:0E68 DB:86 nvMXdizC V:247 H:203 F:27
	80D543 AA          TAX                    A:0A28 X:0000 Y:0046 S:0131 D:0E68 DB:86 nvMXdizc V:247 H:206 F:27
	80D544 7C DD F8    JMP ($F8DD,X) [80F905] A:0A28 X:0028 Y:0046 S:0131 D:0E68 DB:86 nvMXdizc V:247 H:209 F:27

	80FA15 22 44 B1 83 JSL $83B144   [83B144] A:0A28 X:0028 Y:0046 S:0131 D:0E68 DB:86 nvMXdizc V:247 H:218 F:27

		83B144 A6 01       LDX $01       [000E69] A:0A28 X:0028 Y:0046 S:012E D:0E68 DB:86 nvMXdizc V:247 H:231 F:27
		83B146 7C 49 B1    JMP ($B149,X) [83B14D] A:0A28 X:0004 Y:0046 S:012E D:0E68 DB:86 nvMXdizc V:247 H:238 F:27

		83B2E8 A6 02       LDX $02       [000E6A] A:0A28 X:0004 Y:0046 S:012E D:0E68 DB:86 nvMXdizc V:247 H:247 F:27
		83B2EA FC DA B3    JSR ($B3DA,X) [83B3E2] A:0A28 X:0008 Y:0046 S:012E D:0E68 DB:86 nvMXdizc V:247 H:253 F:27

			83B826 A6 03       LDX $03       [000E6B] A:0A28 X:0008 Y:0046 S:012C D:0E68 DB:86 nvMXdizc V:247 H:266 F:27
			83B828 7C 2B B8    JMP ($B82B,X) [83B835] A:0A28 X:000A Y:0046 S:012C D:0E68 DB:86 nvMXdizc V:247 H:273 F:27

			83B878 22 E8 81 82 JSL $8281E8   [8281E8] A:0A28 X:000A Y:0046 S:012C D:0E68 DB:86 nvMXdizc V:247 H:282 F:27	JSL $8281E8 --> Update X-Pos, Y-Pos, Y-Vel

				8281E8 08          PHP                    A:0A28 X:000A Y:0046 S:0129 D:0E68 DB:86 nvMXdizc V:247 H:295 F:27
				8281E9 C2 20       REP #$20               A:0A28 X:000A Y:0046 S:0128 D:0E68 DB:86 nvMXdizc V:247 H:300 F:27
				8281EB 38          SEC                    A:0A28 X:000A Y:0046 S:0128 D:0E68 DB:86 nvmXdizc V:247 H:305 F:27
				8281EC A5 1E       LDA $1E       [000E86] A:0A28 X:000A Y:0046 S:0128 D:0E68 DB:86 nvmXdizC V:247 H:308 F:27
				8281EE 29 FF 00    AND #$00FF             A:0040 X:000A Y:0046 S:0128 D:0E68 DB:86 nvmXdizC V:247 H:316 F:27
				8281F1 E5 1C       SBC $1C       [000E84] A:0040 X:000A Y:0046 S:0128 D:0E68 DB:86 nvmXdizC V:247 H:321 F:27
				8281F3 49 FF FF    EOR #$FFFF             A:0380 X:000A Y:0046 S:0128 D:0E68 DB:86 nvmXdizc V:247 H:328 F:27
				8281F6 1A          INC                    A:FC7F X:000A Y:0046 S:0128 D:0E68 DB:86 NvmXdizc V:247 H:333 F:27
				8281F7 85 1C       STA $1C       [000E84] A:FC80 X:000A Y:0046 S:0128 D:0E68 DB:86 NvmXdizc V:247 H:336 F:27
				8281F9 80 10       BRA $0010     [82820B] A:FC80 X:000A Y:0046 S:0128 D:0E68 DB:86 NvmXdizc V:248 H:  4 F:27
				82820B C2 21       REP #$21               A:FC80 X:000A Y:0046 S:0128 D:0E68 DB:86 NvmXdizc V:248 H:  9 F:27
				82820D A5 04       LDA $04       [000E6C] A:FC80 X:000A Y:0046 S:0128 D:0E68 DB:86 NvmXdizc V:248 H: 13 F:27
				82820F 65 1A       ADC $1A       [000E82] A:8D5E X:000A Y:0046 S:0128 D:0E68 DB:86 NvmXdizc V:248 H: 22 F:27
				828211 85 04       STA $04       [000E6C] A:8E5E X:000A Y:0046 S:0128 D:0E68 DB:86 NvmXdizc V:248 H: 30 F:27
				828213 E2 20       SEP #$20               A:8E5E X:000A Y:0046 S:0128 D:0E68 DB:86 NvmXdizc V:248 H: 39 F:27
				828215 A9 00       LDA #$00               A:8E5E X:000A Y:0046 S:0128 D:0E68 DB:86 NvMXdizc V:248 H: 43 F:27
				828217 24 1B       BIT $1B       [000E83] A:8E00 X:000A Y:0046 S:0128 D:0E68 DB:86 nvMXdiZc V:248 H: 46 F:27
				828219 10 01       BPL $0001     [82821C] A:8E00 X:000A Y:0046 S:0128 D:0E68 DB:86 nvMXdiZc V:248 H: 53 F:27
				82821C 65 06       ADC $06       [000E6E] A:8E00 X:000A Y:0046 S:0128 D:0E68 DB:86 nvMXdiZc V:248 H: 57 F:27
				82821E 85 06       STA $06       [000E6E] A:8E14 X:000A Y:0046 S:0128 D:0E68 DB:86 nvMXdizc V:248 H: 64 F:27
				828220 C2 20       REP #$20               A:8E14 X:000A Y:0046 S:0128 D:0E68 DB:86 nvMXdizc V:248 H: 70 F:27
				828222 38          SEC                    A:8E14 X:000A Y:0046 S:0128 D:0E68 DB:86 nvmXdizc V:248 H: 75 F:27
				828223 A5 07       LDA $07       [000E6F] A:8E14 X:000A Y:0046 S:0128 D:0E68 DB:86 nvmXdizC V:248 H: 78 F:27
				828225 E5 1C       SBC $1C       [000E84] A:9AC2 X:000A Y:0046 S:0128 D:0E68 DB:86 NvmXdizC V:248 H: 86 F:27
				828227 85 07       STA $07       [000E6F] A:9E42 X:000A Y:0046 S:0128 D:0E68 DB:86 NvmXdizc V:248 H: 95 F:27
				828229 E2 20       SEP #$20               A:9E42 X:000A Y:0046 S:0128 D:0E68 DB:86 NvmXdizc V:248 H:103 F:27
				82822B 9C 00 00    STZ $0000     [860000] A:9E42 X:000A Y:0046 S:0128 D:0E68 DB:86 NvMXdizc V:248 H:108 F:27
				82822E 24 1D       BIT $1D       [000E85] A:9E42 X:000A Y:0046 S:0128 D:0E68 DB:86 NvMXdizc V:248 H:114 F:27
				828230 10 03       BPL $0003     [828235] A:9E42 X:000A Y:0046 S:0128 D:0E68 DB:86 NVMXdizc V:248 H:121 F:27
				828232 CE 00 00    DEC $0000     [860000] A:9E42 X:000A Y:0046 S:0128 D:0E68 DB:86 NVMXdizc V:248 H:124 F:27
				828235 A5 09       LDA $09       [000E71] A:9E42 X:000A Y:0046 S:0128 D:0E68 DB:86 NVMXdizc V:248 H:134 F:27
				828237 ED 00 00    SBC $0000     [860000] A:9E0A X:000A Y:0046 S:0128 D:0E68 DB:86 nVMXdizc V:248 H:150 F:27
				82823A 85 09       STA $09       [000E71] A:9E0A X:000A Y:0046 S:0128 D:0E68 DB:86 nvMXdizc V:248 H:157 F:27
				82823C 28          PLP                    A:9E0A X:000A Y:0046 S:0128 D:0E68 DB:86 nvMXdizc V:248 H:163 F:27
				82823D 6B          RTL                    A:9E0A X:000A Y:0046 S:0129 D:0E68 DB:86 nvMXdizc V:248 H:170 F:27

			83B87C 22 EA 8E 84 JSL $848EEA   [848EEA] A:9E0A X:000A Y:0046 S:012C D:0E68 DB:86 nvMXdizc V:248 H:180 F:27	JSL $848EEA --> Decrease CDSkel, Continue Skeleton

				848EEA 08          PHP                    A:9E0A X:000A Y:0046 S:0129 D:0E68 DB:86 nvMXdizc V:248 H:194 F:27
				848EEB 8B          PHB                    A:9E0A X:000A Y:0046 S:0128 D:0E68 DB:86 nvMXdizc V:248 H:199 F:27
				848EEC E2 30       SEP #$30               A:9E0A X:000A Y:0046 S:0127 D:0E68 DB:86 nvMXdizc V:248 H:204 F:27
				848EEE C6 13       DEC $13       [000E7B] A:9E0A X:000A Y:0046 S:0127 D:0E68 DB:86 nvMXdizc V:248 H:208 F:27
				848EF0 D0 5D       BNE $005D     [848F4F] A:9E0A X:000A Y:0046 S:0127 D:0E68 DB:86 nvMXdizc V:248 H:218 F:27
				848F4F AB          PLB                    A:9E0A X:000A Y:0046 S:0127 D:0E68 DB:86 nvMXdizc V:248 H:223 F:27
				848F50 28          PLP                    A:9E0A X:000A Y:0046 S:0128 D:0E68 DB:86 NvMXdizc V:248 H:229 F:27
				848F51 6B          RTL                    A:9E0A X:000A Y:0046 S:0129 D:0E68 DB:86 nvMXdizc V:248 H:236 F:27

			83B880 22 BE 91 84 JSL $8491BE   [8491BE] A:9E0A X:000A Y:0046 S:012C D:0E68 DB:86 nvMXdizc V:248 H:246 F:27	JSL $8491BE --> Check for colissions and adjust position

				8491BE 08          PHP                    A:9E0A X:000A Y:0046 S:0129 D:0E68 DB:86 nvMXdizc V:248 H:260 F:27
				8491BF 0B          PHD                    A:9E0A X:000A Y:0046 S:0128 D:0E68 DB:86 nvMXdizc V:248 H:265 F:27
				8491C0 C2 30       REP #$30               A:9E0A X:000A Y:0046 S:0126 D:0E68 DB:86 nvMXdizc V:248 H:272 F:27
				8491C2 A5 20       LDA $20       [000E88] A:9E0A X:000A Y:0046 S:0126 D:0E68 DB:86 nvmxdizc V:248 H:276 F:27
				8491C4 F0 15       BEQ $0015     [8491DB] A:C94F X:000A Y:0046 S:0126 D:0E68 DB:86 Nvmxdizc V:248 H:285 F:27
				8491C6 7B          TDC                    A:C94F X:000A Y:0046 S:0126 D:0E68 DB:86 Nvmxdizc V:248 H:288 F:27
				8491C7 AA          TAX                    A:0E68 X:000A Y:0046 S:0126 D:0E68 DB:86 nvmxdizc V:248 H:291 F:27
				8491C8 A9 00 00    LDA #$0000             A:0E68 X:0E68 Y:0046 S:0126 D:0E68 DB:86 nvmxdizc V:248 H:294 F:27
				8491CB 5B          TCD                    A:0000 X:0E68 Y:0046 S:0126 D:0E68 DB:86 nvmxdiZc V:248 H:298 F:27
				8491CC 64 14       STZ $14       [000014] A:0000 X:0E68 Y:0046 S:0126 D:0000 DB:86 nvmxdiZc V:248 H:301 F:27
				8491CE B5 2B       LDA $2B,X     [000E93] A:0000 X:0E68 Y:0046 S:0126 D:0000 DB:86 nvmxdiZc V:248 H:308 F:27
				8491D0 29 00 FF    AND #$FF00             A:0000 X:0E68 Y:0046 S:0126 D:0000 DB:86 nvmxdiZc V:248 H:317 F:27
				8491D3 95 2B       STA $2B,X     [000E93] A:0000 X:0E68 Y:0046 S:0126 D:0000 DB:86 nvmxdiZc V:248 H:321 F:27
				8491D5 20 AC 92    JSR $92AC     [8492AC] A:0000 X:0E68 Y:0046 S:0126 D:0000 DB:86 nvmxdiZc V:248 H:329 F:27

				8492AC C2 30       REP #$30               A:0000 X:0E68 Y:0046 S:0124 D:0000 DB:86 nvmxdiZc V:248 H:339 F:27
				8492AE B5 05       LDA $05,X     [000E6D] A:0000 X:0E68 Y:0046 S:0124 D:0000 DB:86 nvmxdiZc V:249 H:  3 F:27
				8492B0 38          SEC                    A:148E X:0E68 Y:0046 S:0124 D:0000 DB:86 nvmxdizc V:249 H: 12 F:27
				8492B1 F5 22       SBC $22,X     [000E8A] A:148E X:0E68 Y:0046 S:0124 D:0000 DB:86 nvmxdizC V:249 H: 15 F:27
				8492B3 85 00       STA $00       [000000] A:0001 X:0E68 Y:0046 S:0124 D:0000 DB:86 nvmxdizC V:249 H: 23 F:27
				8492B5 E2 20       SEP #$20               A:0001 X:0E68 Y:0046 S:0124 D:0000 DB:86 nvmxdizC V:249 H: 30 F:27
				8492B7 F0 4C       BEQ $004C     [849305] A:0001 X:0E68 Y:0046 S:0124 D:0000 DB:86 nvMxdizC V:249 H: 35 F:27
				8492B9 B4 20       LDY $20,X     [000E88] A:0001 X:0E68 Y:0046 S:0124 D:0000 DB:86 nvMxdizC V:249 H: 38 F:27
				8492BB B9 05 00    LDA $0005,Y   [86C954] A:0001 X:0E68 Y:C94F S:0124 D:0000 DB:86 NvMxdizC V:249 H: 46 F:27
				8492BE 34 11       BIT $11,X     [000E79] A:0000 X:0E68 Y:C94F S:0124 D:0000 DB:86 nvMxdiZC V:249 H: 54 F:27
				8492C0 50 03       BVC $0003     [8492C5] A:0000 X:0E68 Y:C94F S:0124 D:0000 DB:86 nvMxdiZC V:249 H: 60 F:27
				8492C5 24 00       BIT $00       [000000] A:0000 X:0E68 Y:C94F S:0124 D:0000 DB:86 nvMxdiZC V:249 H: 65 F:27
				8492C7 10 06       BPL $0006     [8492CF] A:0000 X:0E68 Y:C94F S:0124 D:0000 DB:86 nvMxdiZC V:249 H: 70 F:27
				8492CF 18          CLC                    A:0000 X:0E68 Y:C94F S:0124 D:0000 DB:86 nvMxdiZC V:249 H: 74 F:27
				8492D0 79 07 00    ADC $0007,Y   [86C956] A:0000 X:0E68 Y:C94F S:0124 D:0000 DB:86 nvMxdiZc V:249 H: 77 F:27
				8492D3 95 29       STA $29,X     [000E91] A:0010 X:0E68 Y:C94F S:0124 D:0000 DB:86 nvMxdizc V:249 H: 85 F:27
				8492D5 B9 06 00    LDA $0006,Y   [86C955] A:0010 X:0E68 Y:C94F S:0124 D:0000 DB:86 nvMxdizc V:249 H: 91 F:27
				8492D8 95 2A       STA $2A,X     [000E92] A:00FF X:0E68 Y:C94F S:0124 D:0000 DB:86 NvMxdizc V:249 H: 99 F:27
				8492DA 20 15 93    JSR $9315     [849315] A:00FF X:0E68 Y:C94F S:0124 D:0000 DB:86 NvMxdizc V:249 H:105 F:27

				849315 20 B3 90    JSR $90B3     [8490B3] A:00FF X:0E68 Y:C94F S:0122 D:0000 DB:86 NvMxdizc V:249 H:115 F:27

				8490B3 0B          PHD                    A:00FF X:0E68 Y:C94F S:0120 D:0000 DB:86 NvMxdizc V:249 H:125 F:27
				8490B4 DA          PHX                    A:00FF X:0E68 Y:C94F S:011E D:0000 DB:86 NvMxdizc V:249 H:132 F:27
				8490B5 08          PHP                    A:00FF X:0E68 Y:C94F S:011C D:0000 DB:86 NvMxdizc V:249 H:149 F:27
				8490B6 E2 20       SEP #$20               A:00FF X:0E68 Y:C94F S:011B D:0000 DB:86 NvMxdizc V:249 H:154 F:27
				8490B8 C2 10       REP #$10               A:00FF X:0E68 Y:C94F S:011B D:0000 DB:86 NvMxdizc V:249 H:159 F:27
				8490BA 64 01       STZ $01       [000001] A:00FF X:0E68 Y:C94F S:011B D:0000 DB:86 NvMxdizc V:249 H:163 F:27
				8490BC B5 29       LDA $29,X     [000E91] A:00FF X:0E68 Y:C94F S:011B D:0000 DB:86 NvMxdizc V:249 H:168 F:27
				8490BE 10 02       BPL $0002     [8490C2] A:0010 X:0E68 Y:C94F S:011B D:0000 DB:86 nvMxdizc V:249 H:175 F:27
				8490C2 18          CLC                    A:0010 X:0E68 Y:C94F S:011B D:0000 DB:86 nvMxdizc V:249 H:179 F:27
				8490C3 75 05       ADC $05,X     [000E6D] A:0010 X:0E68 Y:C94F S:011B D:0000 DB:86 nvMxdizc V:249 H:182 F:27
				8490C5 85 00       STA $00       [000000] A:009E X:0E68 Y:C94F S:011B D:0000 DB:86 NvMxdizc V:249 H:189 F:27
				8490C7 B5 06       LDA $06,X     [000E6E] A:009E X:0E68 Y:C94F S:011B D:0000 DB:86 NvMxdizc V:249 H:194 F:27
				8490C9 65 01       ADC $01       [000001] A:0014 X:0E68 Y:C94F S:011B D:0000 DB:86 nvMxdizc V:249 H:200 F:27
				8490CB 85 01       STA $01       [000001] A:0014 X:0E68 Y:C94F S:011B D:0000 DB:86 nvMxdizc V:249 H:205 F:27
				8490CD 64 03       STZ $03       [000003] A:0014 X:0E68 Y:C94F S:011B D:0000 DB:86 nvMxdizc V:249 H:210 F:27
				8490CF B5 2A       LDA $2A,X     [000E92] A:0014 X:0E68 Y:C94F S:011B D:0000 DB:86 nvMxdizc V:249 H:215 F:27
				8490D1 10 02       BPL $0002     [8490D5] A:00FF X:0E68 Y:C94F S:011B D:0000 DB:86 NvMxdizc V:249 H:222 F:27
				8490D3 C6 03       DEC $03       [000003] A:00FF X:0E68 Y:C94F S:011B D:0000 DB:86 NvMxdizc V:249 H:225 F:27
				8490D5 18          CLC                    A:00FF X:0E68 Y:C94F S:011B D:0000 DB:86 NvMxdizc V:249 H:233 F:27
				8490D6 75 08       ADC $08,X     [000E70] A:00FF X:0E68 Y:C94F S:011B D:0000 DB:86 NvMxdizc V:249 H:236 F:27
				8490D8 85 02       STA $02       [000002] A:009D X:0E68 Y:C94F S:011B D:0000 DB:86 NvMxdizC V:249 H:243 F:27
				8490DA 29 F0       AND #$F0               A:009D X:0E68 Y:C94F S:011B D:0000 DB:86 NvMxdizC V:249 H:248 F:27
				8490DC 85 0A       STA $0A       [00000A] A:0090 X:0E68 Y:C94F S:011B D:0000 DB:86 NvMxdizC V:249 H:251 F:27
				8490DE B5 09       LDA $09,X     [000E71] A:0090 X:0E68 Y:C94F S:011B D:0000 DB:86 NvMxdizC V:249 H:256 F:27
				8490E0 65 03       ADC $03       [000003] A:000A X:0E68 Y:C94F S:011B D:0000 DB:86 nvMxdizC V:249 H:262 F:27
				8490E2 85 03       STA $03       [000003] A:000A X:0E68 Y:C94F S:011B D:0000 DB:86 nvMxdizC V:249 H:267 F:27
				8490E4 85 0B       STA $0B       [00000B] A:000A X:0E68 Y:C94F S:011B D:0000 DB:86 nvMxdizC V:249 H:272 F:27
				8490E6 A5 00       LDA $00       [000000] A:000A X:0E68 Y:C94F S:011B D:0000 DB:86 nvMxdizC V:249 H:277 F:27
				8490E8 29 0F       AND #$0F               A:009E X:0E68 Y:C94F S:011B D:0000 DB:86 NvMxdizC V:249 H:282 F:27
				8490EA 1A          INC                    A:000E X:0E68 Y:C94F S:011B D:0000 DB:86 nvMxdizC V:249 H:285 F:27
				8490EB 85 0C       STA $0C       [00000C] A:000F X:0E68 Y:C94F S:011B D:0000 DB:86 nvMxdizC V:249 H:288 F:27
				8490ED A5 02       LDA $02       [000002] A:000F X:0E68 Y:C94F S:011B D:0000 DB:86 nvMxdizC V:249 H:293 F:27
				8490EF 29 0F       AND #$0F               A:009D X:0E68 Y:C94F S:011B D:0000 DB:86 NvMxdizC V:249 H:298 F:27
				8490F1 1A          INC                    A:000D X:0E68 Y:C94F S:011B D:0000 DB:86 nvMxdizC V:249 H:301 F:27
				8490F2 85 0E       STA $0E       [00000E] A:000E X:0E68 Y:C94F S:011B D:0000 DB:86 nvMxdizC V:249 H:304 F:27
				8490F4 C2 20       REP #$20               A:000E X:0E68 Y:C94F S:011B D:0000 DB:86 nvMxdizC V:249 H:309 F:27
				8490F6 20 6A 91    JSR $916A     [84916A] A:000E X:0E68 Y:C94F S:011B D:0000 DB:86 nvmxdizC V:249 H:314 F:27

				84916A A9 00 E8    LDA #$E800             A:000E X:0E68 Y:C94F S:0119 D:0000 DB:86 nvmxdizC V:249 H:323 F:27
				84916D 85 10       STA $10       [000010] A:E800 X:0E68 Y:C94F S:0119 D:0000 DB:86 NvmxdizC V:249 H:327 F:27
				84916F A9 7E 00    LDA #$007E             A:E800 X:0E68 Y:C94F S:0119 D:0000 DB:86 NvmxdizC V:249 H:334 F:27
				849172 85 12       STA $12       [000012] A:007E X:0E68 Y:C94F S:0119 D:0000 DB:86 nvmxdizC V:249 H:339 F:27
				849174 A5 02       LDA $02       [000002] A:007E X:0E68 Y:C94F S:0119 D:0000 DB:86 nvmxdizC V:250 H:  6 F:27
				849176 29 F0 00    AND #$00F0             A:0A9D X:0E68 Y:C94F S:0119 D:0000 DB:86 nvmxdizC V:250 H: 13 F:27
				849179 0A          ASL A                  A:0090 X:0E68 Y:C94F S:0119 D:0000 DB:86 nvmxdizC V:250 H: 17 F:27
				84917A 85 04       STA $04       [000004] A:0120 X:0E68 Y:C94F S:0119 D:0000 DB:86 nvmxdizc V:250 H: 20 F:27
				84917C A5 00       LDA $00       [000000] A:0120 X:0E68 Y:C94F S:0119 D:0000 DB:86 nvmxdizc V:250 H: 27 F:27
				84917E 29 FF 00    AND #$00FF             A:149E X:0E68 Y:C94F S:0119 D:0000 DB:86 nvmxdizc V:250 H: 34 F:27
				849181 4A          LSR A                  A:009E X:0E68 Y:C94F S:0119 D:0000 DB:86 nvmxdizc V:250 H: 39 F:27
				849182 4A          LSR A                  A:004F X:0E68 Y:C94F S:0119 D:0000 DB:86 nvmxdizc V:250 H: 42 F:27
				849183 4A          LSR A                  A:0027 X:0E68 Y:C94F S:0119 D:0000 DB:86 nvmxdizC V:250 H: 45 F:27
				849184 29 FE FF    AND #$FFFE             A:0013 X:0E68 Y:C94F S:0119 D:0000 DB:86 nvmxdizC V:250 H: 48 F:27
				849187 18          CLC                    A:0012 X:0E68 Y:C94F S:0119 D:0000 DB:86 nvmxdizC V:250 H: 52 F:27
				849188 65 04       ADC $04       [000004] A:0012 X:0E68 Y:C94F S:0119 D:0000 DB:86 nvmxdizc V:250 H: 55 F:27
				84918A 85 06       STA $06       [000006] A:0132 X:0E68 Y:C94F S:0119 D:0000 DB:86 nvmxdizc V:250 H: 62 F:27
				84918C A5 00       LDA $00       [000000] A:0132 X:0E68 Y:C94F S:0119 D:0000 DB:86 nvmxdizc V:250 H: 69 F:27
				84918E EB          XBA                    A:149E X:0E68 Y:C94F S:0119 D:0000 DB:86 nvmxdizc V:250 H: 76 F:27
				84918F 29 1F 00    AND #$001F             A:9E14 X:0E68 Y:C94F S:0119 D:0000 DB:86 nvmxdizc V:250 H: 81 F:27
				849192 85 04       STA $04       [000004] A:0014 X:0E68 Y:C94F S:0119 D:0000 DB:86 nvmxdizc V:250 H: 85 F:27
				849194 A5 02       LDA $02       [000002] A:0014 X:0E68 Y:C94F S:0119 D:0000 DB:86 nvmxdizc V:250 H: 92 F:27
				849196 29 00 1F    AND #$1F00             A:0A9D X:0E68 Y:C94F S:0119 D:0000 DB:86 nvmxdizc V:250 H: 99 F:27
				849199 4A          LSR A                  A:0A00 X:0E68 Y:C94F S:0119 D:0000 DB:86 nvmxdizc V:250 H:104 F:27
				84919A 4A          LSR A                  A:0500 X:0E68 Y:C94F S:0119 D:0000 DB:86 nvmxdizc V:250 H:107 F:27
				84919B 4A          LSR A                  A:0280 X:0E68 Y:C94F S:0119 D:0000 DB:86 nvmxdizc V:250 H:110 F:27
				84919C 18          CLC                    A:0140 X:0E68 Y:C94F S:0119 D:0000 DB:86 nvmxdizc V:250 H:113 F:27
				84919D 65 04       ADC $04       [000004] A:0140 X:0E68 Y:C94F S:0119 D:0000 DB:86 nvmxdizc V:250 H:116 F:27
				84919F A8          TAY                    A:0154 X:0E68 Y:C94F S:0119 D:0000 DB:86 nvmxdizc V:250 H:123 F:27
				8491A0 B7 10       LDA [$10],Y   [7EE954] A:0154 X:0E68 Y:0154 S:0119 D:0000 DB:86 nvmxdizc V:250 H:126 F:27
				8491A2 29 FF 00    AND #$00FF             A:0038 X:0E68 Y:0154 S:0119 D:0000 DB:86 nvmxdizc V:250 H:149 F:27
				8491A5 A8          TAY                    A:0038 X:0E68 Y:0154 S:0119 D:0000 DB:86 nvmxdizc V:250 H:153 F:27
				8491A6 EB          XBA                    A:0038 X:0E68 Y:0038 S:0119 D:0000 DB:86 nvmxdizc V:250 H:156 F:27
				8491A7 0A          ASL A                  A:3800 X:0E68 Y:0038 S:0119 D:0000 DB:86 nvmxdiZc V:250 H:161 F:27
				8491A8 18          CLC                    A:7000 X:0E68 Y:0038 S:0119 D:0000 DB:86 nvmxdizc V:250 H:164 F:27
				8491A9 65 06       ADC $06       [000006] A:7000 X:0E68 Y:0038 S:0119 D:0000 DB:86 nvmxdizc V:250 H:167 F:27
				8491AB AA          TAX                    A:7132 X:0E68 Y:0038 S:0119 D:0000 DB:86 nvmxdizc V:250 H:174 F:27
				8491AC 60          RTS                    A:7132 X:7132 Y:0038 S:0119 D:0000 DB:86 nvmxdizc V:250 H:177 F:27

				8490F9 BF 00 20 7E LDA $7E2000,X [7E9132] A:7132 X:7132 Y:0038 S:011B D:0000 DB:86 nvmxdizc V:250 H:187 F:27
				8490FD A8          TAY                    A:0241 X:7132 Y:0038 S:011B D:0000 DB:86 nvmxdizc V:250 H:197 F:27
				8490FE AD 92 0B    LDA $0B92     [860B92] A:0241 X:7132 Y:0241 S:011B D:0000 DB:86 nvmxdizc V:250 H:200 F:27
				849101 85 10       STA $10       [000010] A:DB57 X:7132 Y:0241 S:011B D:0000 DB:86 Nvmxdizc V:250 H:208 F:27
				849103 AD 94 0B    LDA $0B94     [860B94] A:DB57 X:7132 Y:0241 S:011B D:0000 DB:86 Nvmxdizc V:250 H:215 F:27
				849106 85 12       STA $12       [000012] A:B895 X:7132 Y:0241 S:011B D:0000 DB:86 Nvmxdizc V:250 H:224 F:27
				849108 B7 10       LDA [$10],Y   [95DD98] A:B895 X:7132 Y:0241 S:011B D:0000 DB:86 Nvmxdizc V:250 H:231 F:27
				84910A 29 FF 00    AND #$00FF             A:0000 X:7132 Y:0241 S:011B D:0000 DB:86 nvmxdiZc V:250 H:243 F:27
				84910D 28          PLP                    A:0000 X:7132 Y:0241 S:011B D:0000 DB:86 nvmxdiZc V:250 H:247 F:27
				84910E FA          PLX                    A:0000 X:7132 Y:0241 S:011C D:0000 DB:86 NvMxdizc V:250 H:254 F:27
				84910F 2B          PLD                    A:0000 X:0E68 Y:0241 S:011E D:0000 DB:86 nvMxdizc V:250 H:262 F:27
				849110 60          RTS                    A:0000 X:0E68 Y:0241 S:0120 D:0000 DB:86 nvMxdiZc V:250 H:271 F:27

				849318 B4 05       LDY $05,X     [000E6D] A:0000 X:0E68 Y:0241 S:0122 D:0000 DB:86 nvMxdiZc V:250 H:281 F:27
				84931A 84 10       STY $10       [000010] A:0000 X:0E68 Y:148E S:0122 D:0000 DB:86 nvMxdizc V:250 H:289 F:27
				84931C B4 08       LDY $08,X     [000E70] A:0000 X:0E68 Y:148E S:0122 D:0000 DB:86 nvMxdizc V:250 H:296 F:27
				84931E 84 12       STY $12       [000012] A:0000 X:0E68 Y:0A9E S:0122 D:0000 DB:86 nvMxdizc V:250 H:305 F:27
				849320 95 2D       STA $2D,X     [000E95] A:0000 X:0E68 Y:0A9E S:0122 D:0000 DB:86 nvMxdizc V:250 H:312 F:27
				849322 86 2C       STX $2C       [00002C] A:0000 X:0E68 Y:0A9E S:0122 D:0000 DB:86 nvMxdizc V:250 H:318 F:27
				849324 29 3F       AND #$3F               A:0000 X:0E68 Y:0A9E S:0122 D:0000 DB:86 nvMxdizc V:250 H:325 F:27
				849326 0A          ASL A                  A:0000 X:0E68 Y:0A9E S:0122 D:0000 DB:86 nvMxdiZc V:250 H:327 F:27
				849327 EB          XBA                    A:0000 X:0E68 Y:0A9E S:0122 D:0000 DB:86 nvMxdiZc V:250 H:330 F:27
				849328 A9 00       LDA #$00               A:0000 X:0E68 Y:0A9E S:0122 D:0000 DB:86 nvMxdiZc V:250 H:335 F:27
				84932A EB          XBA                    A:0000 X:0E68 Y:0A9E S:0122 D:0000 DB:86 nvMxdiZc V:250 H:338 F:27
				84932B AA          TAX                    A:0000 X:0E68 Y:0A9E S:0122 D:0000 DB:86 nvMxdiZc V:251 H:  2 F:27
				84932C FC 5D 93    JSR ($935D,X) [84935D] A:0000 X:0000 Y:0A9E S:0122 D:0000 DB:86 nvMxdiZc V:251 H:  5 F:27

				84977A A9 00       LDA #$00               A:0000 X:0000 Y:0A9E S:0120 D:0000 DB:86 nvMxdiZc V:251 H: 18 F:27
				84977C 60          RTS                    A:0000 X:0000 Y:0A9E S:0120 D:0000 DB:86 nvMxdiZc V:251 H: 21 F:27

				84932F 08          PHP                    A:0000 X:0000 Y:0A9E S:0122 D:0000 DB:86 nvMxdiZc V:251 H: 31 F:27
				849330 A6 2C       LDX $2C       [00002C] A:0000 X:0000 Y:0A9E S:0121 D:0000 DB:86 nvMxdiZc V:251 H: 36 F:27
				849332 A9 01       LDA #$01               A:0000 X:0E68 Y:0A9E S:0121 D:0000 DB:86 nvMxdizc V:251 H: 43 F:27
				849334 34 29       BIT $29,X     [000E91] A:0001 X:0E68 Y:0A9E S:0121 D:0000 DB:86 nvMxdizc V:251 H: 46 F:27
				849336 10 02       BPL $0002     [84933A] A:0001 X:0E68 Y:0A9E S:0121 D:0000 DB:86 nvMxdiZc V:251 H: 53 F:27
				84933A 28          PLP                    A:0001 X:0E68 Y:0A9E S:0121 D:0000 DB:86 nvMxdiZc V:251 H: 57 F:27
				84933B F0 0C       BEQ $000C     [849349] A:0001 X:0E68 Y:0A9E S:0122 D:0000 DB:86 nvMxdiZc V:251 H: 64 F:27
				849349 49 FF       EOR #$FF               A:0001 X:0E68 Y:0A9E S:0122 D:0000 DB:86 nvMxdiZc V:251 H: 68 F:27
				84934B 35 2B       AND $2B,X     [000E93] A:00FE X:0E68 Y:0A9E S:0122 D:0000 DB:86 NvMxdizc V:251 H: 71 F:27
				84934D 95 2B       STA $2B,X     [000E93] A:0000 X:0E68 Y:0A9E S:0122 D:0000 DB:86 nvMxdiZc V:251 H: 78 F:27
				84934F 20 08 93    JSR $9308     [849308] A:0000 X:0E68 Y:0A9E S:0122 D:0000 DB:86 nvMxdiZc V:251 H: 84 F:27

				849308 A5 14       LDA $14       [000014] A:0000 X:0E68 Y:0A9E S:0120 D:0000 DB:86 nvMxdiZc V:251 H: 94 F:27
				84930A F0 08       BEQ $0008     [849314] A:0000 X:0E68 Y:0A9E S:0120 D:0000 DB:86 nvMxdiZc V:251 H: 99 F:27
				849314 60          RTS                    A:0000 X:0E68 Y:0A9E S:0120 D:0000 DB:86 nvMxdiZc V:251 H:104 F:27

				849352 A9 00       LDA #$00               A:0000 X:0E68 Y:0A9E S:0122 D:0000 DB:86 nvMxdiZc V:251 H:114 F:27
				849354 60          RTS                    A:0000 X:0E68 Y:0A9E S:0122 D:0000 DB:86 nvMxdiZc V:251 H:117 F:27

				8492DD D0 26       BNE $0026     [849305] A:0000 X:0E68 Y:0A9E S:0124 D:0000 DB:86 nvMxdiZc V:251 H:127 F:27
				8492DF B4 20       LDY $20,X     [000E88] A:0000 X:0E68 Y:0A9E S:0124 D:0000 DB:86 nvMxdiZc V:251 H:130 F:27
				8492E1 B9 06 00    LDA $0006,Y   [86C955] A:0000 X:0E68 Y:C94F S:0124 D:0000 DB:86 NvMxdizc V:251 H:148 F:27
				8492E4 38          SEC                    A:00FF X:0E68 Y:C94F S:0124 D:0000 DB:86 NvMxdizc V:251 H:156 F:27
				8492E5 F9 08 00    SBC $0008,Y   [86C957] A:00FF X:0E68 Y:C94F S:0124 D:0000 DB:86 NvMxdizC V:251 H:159 F:27
				8492E8 18          CLC                    A:00EC X:0E68 Y:C94F S:0124 D:0000 DB:86 NvMxdizC V:251 H:166 F:27
				8492E9 79 09 00    ADC $0009,Y   [86C958] A:00EC X:0E68 Y:C94F S:0124 D:0000 DB:86 NvMxdizc V:251 H:169 F:27
				8492EC 95 2A       STA $2A,X     [000E92] A:00F1 X:0E68 Y:C94F S:0124 D:0000 DB:86 NvMxdizc V:251 H:177 F:27
				8492EE 20 15 93    JSR $9315     [849315] A:00F1 X:0E68 Y:C94F S:0124 D:0000 DB:86 NvMxdizc V:251 H:183 F:27

				849315 20 B3 90    JSR $90B3     [8490B3] A:00F1 X:0E68 Y:C94F S:0122 D:0000 DB:86 NvMxdizc V:251 H:193 F:27

				8490B3 0B          PHD                    A:00F1 X:0E68 Y:C94F S:0120 D:0000 DB:86 NvMxdizc V:251 H:203 F:27
				8490B4 DA          PHX                    A:00F1 X:0E68 Y:C94F S:011E D:0000 DB:86 NvMxdizc V:251 H:210 F:27
				8490B5 08          PHP                    A:00F1 X:0E68 Y:C94F S:011C D:0000 DB:86 NvMxdizc V:251 H:217 F:27
				8490B6 E2 20       SEP #$20               A:00F1 X:0E68 Y:C94F S:011B D:0000 DB:86 NvMxdizc V:251 H:222 F:27
				8490B8 C2 10       REP #$10               A:00F1 X:0E68 Y:C94F S:011B D:0000 DB:86 NvMxdizc V:251 H:227 F:27
				8490BA 64 01       STZ $01       [000001] A:00F1 X:0E68 Y:C94F S:011B D:0000 DB:86 NvMxdizc V:251 H:231 F:27
				8490BC B5 29       LDA $29,X     [000E91] A:00F1 X:0E68 Y:C94F S:011B D:0000 DB:86 NvMxdizc V:251 H:236 F:27
				8490BE 10 02       BPL $0002     [8490C2] A:0010 X:0E68 Y:C94F S:011B D:0000 DB:86 nvMxdizc V:251 H:243 F:27
				8490C2 18          CLC                    A:0010 X:0E68 Y:C94F S:011B D:0000 DB:86 nvMxdizc V:251 H:247 F:27
				8490C3 75 05       ADC $05,X     [000E6D] A:0010 X:0E68 Y:C94F S:011B D:0000 DB:86 nvMxdizc V:251 H:250 F:27
				8490C5 85 00       STA $00       [000000] A:009E X:0E68 Y:C94F S:011B D:0000 DB:86 NvMxdizc V:251 H:257 F:27
				8490C7 B5 06       LDA $06,X     [000E6E] A:009E X:0E68 Y:C94F S:011B D:0000 DB:86 NvMxdizc V:251 H:262 F:27
				8490C9 65 01       ADC $01       [000001] A:0014 X:0E68 Y:C94F S:011B D:0000 DB:86 nvMxdizc V:251 H:268 F:27
				8490CB 85 01       STA $01       [000001] A:0014 X:0E68 Y:C94F S:011B D:0000 DB:86 nvMxdizc V:251 H:273 F:27
				8490CD 64 03       STZ $03       [000003] A:0014 X:0E68 Y:C94F S:011B D:0000 DB:86 nvMxdizc V:251 H:278 F:27
				8490CF B5 2A       LDA $2A,X     [000E92] A:0014 X:0E68 Y:C94F S:011B D:0000 DB:86 nvMxdizc V:251 H:283 F:27
				8490D1 10 02       BPL $0002     [8490D5] A:00F1 X:0E68 Y:C94F S:011B D:0000 DB:86 NvMxdizc V:251 H:290 F:27
				8490D3 C6 03       DEC $03       [000003] A:00F1 X:0E68 Y:C94F S:011B D:0000 DB:86 NvMxdizc V:251 H:293 F:27
				8490D5 18          CLC                    A:00F1 X:0E68 Y:C94F S:011B D:0000 DB:86 NvMxdizc V:251 H:301 F:27
				8490D6 75 08       ADC $08,X     [000E70] A:00F1 X:0E68 Y:C94F S:011B D:0000 DB:86 NvMxdizc V:251 H:304 F:27
				8490D8 85 02       STA $02       [000002] A:008F X:0E68 Y:C94F S:011B D:0000 DB:86 NvMxdizC V:251 H:311 F:27
				8490DA 29 F0       AND #$F0               A:008F X:0E68 Y:C94F S:011B D:0000 DB:86 NvMxdizC V:251 H:316 F:27
				8490DC 85 0A       STA $0A       [00000A] A:0080 X:0E68 Y:C94F S:011B D:0000 DB:86 NvMxdizC V:251 H:319 F:27
				8490DE B5 09       LDA $09,X     [000E71] A:0080 X:0E68 Y:C94F S:011B D:0000 DB:86 NvMxdizC V:251 H:323 F:27
				8490E0 65 03       ADC $03       [000003] A:000A X:0E68 Y:C94F S:011B D:0000 DB:86 nvMxdizC V:251 H:329 F:27
				8490E2 85 03       STA $03       [000003] A:000A X:0E68 Y:C94F S:011B D:0000 DB:86 nvMxdizC V:251 H:334 F:27
				8490E4 85 0B       STA $0B       [00000B] A:000A X:0E68 Y:C94F S:011B D:0000 DB:86 nvMxdizC V:251 H:339 F:27
				8490E6 A5 00       LDA $00       [000000] A:000A X:0E68 Y:C94F S:011B D:0000 DB:86 nvMxdizC V:252 H:  4 F:27
				8490E8 29 0F       AND #$0F               A:009E X:0E68 Y:C94F S:011B D:0000 DB:86 NvMxdizC V:252 H:  9 F:27
				8490EA 1A          INC                    A:000E X:0E68 Y:C94F S:011B D:0000 DB:86 nvMxdizC V:252 H: 12 F:27
				8490EB 85 0C       STA $0C       [00000C] A:000F X:0E68 Y:C94F S:011B D:0000 DB:86 nvMxdizC V:252 H: 15 F:27
				8490ED A5 02       LDA $02       [000002] A:000F X:0E68 Y:C94F S:011B D:0000 DB:86 nvMxdizC V:252 H: 20 F:27
				8490EF 29 0F       AND #$0F               A:008F X:0E68 Y:C94F S:011B D:0000 DB:86 NvMxdizC V:252 H: 25 F:27
				8490F1 1A          INC                    A:000F X:0E68 Y:C94F S:011B D:0000 DB:86 nvMxdizC V:252 H: 28 F:27
				8490F2 85 0E       STA $0E       [00000E] A:0010 X:0E68 Y:C94F S:011B D:0000 DB:86 nvMxdizC V:252 H: 31 F:27
				8490F4 C2 20       REP #$20               A:0010 X:0E68 Y:C94F S:011B D:0000 DB:86 nvMxdizC V:252 H: 36 F:27
				8490F6 20 6A 91    JSR $916A     [84916A] A:0010 X:0E68 Y:C94F S:011B D:0000 DB:86 nvmxdizC V:252 H: 41 F:27

				84916A A9 00 E8    LDA #$E800             A:0010 X:0E68 Y:C94F S:0119 D:0000 DB:86 nvmxdizC V:252 H: 51 F:27
				84916D 85 10       STA $10       [000010] A:E800 X:0E68 Y:C94F S:0119 D:0000 DB:86 NvmxdizC V:252 H: 55 F:27
				84916F A9 7E 00    LDA #$007E             A:E800 X:0E68 Y:C94F S:0119 D:0000 DB:86 NvmxdizC V:252 H: 62 F:27
				849172 85 12       STA $12       [000012] A:007E X:0E68 Y:C94F S:0119 D:0000 DB:86 nvmxdizC V:252 H: 67 F:27
				849174 A5 02       LDA $02       [000002] A:007E X:0E68 Y:C94F S:0119 D:0000 DB:86 nvmxdizC V:252 H: 74 F:27
				849176 29 F0 00    AND #$00F0             A:0A8F X:0E68 Y:C94F S:0119 D:0000 DB:86 nvmxdizC V:252 H: 81 F:27
				849179 0A          ASL A                  A:0080 X:0E68 Y:C94F S:0119 D:0000 DB:86 nvmxdizC V:252 H: 85 F:27
				84917A 85 04       STA $04       [000004] A:0100 X:0E68 Y:C94F S:0119 D:0000 DB:86 nvmxdizc V:252 H: 88 F:27
				84917C A5 00       LDA $00       [000000] A:0100 X:0E68 Y:C94F S:0119 D:0000 DB:86 nvmxdizc V:252 H: 95 F:27
				84917E 29 FF 00    AND #$00FF             A:149E X:0E68 Y:C94F S:0119 D:0000 DB:86 nvmxdizc V:252 H:102 F:27
				849181 4A          LSR A                  A:009E X:0E68 Y:C94F S:0119 D:0000 DB:86 nvmxdizc V:252 H:107 F:27
				849182 4A          LSR A                  A:004F X:0E68 Y:C94F S:0119 D:0000 DB:86 nvmxdizc V:252 H:110 F:27
				849183 4A          LSR A                  A:0027 X:0E68 Y:C94F S:0119 D:0000 DB:86 nvmxdizC V:252 H:113 F:27
				849184 29 FE FF    AND #$FFFE             A:0013 X:0E68 Y:C94F S:0119 D:0000 DB:86 nvmxdizC V:252 H:116 F:27
				849187 18          CLC                    A:0012 X:0E68 Y:C94F S:0119 D:0000 DB:86 nvmxdizC V:252 H:120 F:27
				849188 65 04       ADC $04       [000004] A:0012 X:0E68 Y:C94F S:0119 D:0000 DB:86 nvmxdizc V:252 H:123 F:27
				84918A 85 06       STA $06       [000006] A:0112 X:0E68 Y:C94F S:0119 D:0000 DB:86 nvmxdizc V:252 H:130 F:27
				84918C A5 00       LDA $00       [000000] A:0112 X:0E68 Y:C94F S:0119 D:0000 DB:86 nvmxdizc V:252 H:147 F:27
				84918E EB          XBA                    A:149E X:0E68 Y:C94F S:0119 D:0000 DB:86 nvmxdizc V:252 H:154 F:27
				84918F 29 1F 00    AND #$001F             A:9E14 X:0E68 Y:C94F S:0119 D:0000 DB:86 nvmxdizc V:252 H:159 F:27
				849192 85 04       STA $04       [000004] A:0014 X:0E68 Y:C94F S:0119 D:0000 DB:86 nvmxdizc V:252 H:163 F:27
				849194 A5 02       LDA $02       [000002] A:0014 X:0E68 Y:C94F S:0119 D:0000 DB:86 nvmxdizc V:252 H:170 F:27
				849196 29 00 1F    AND #$1F00             A:0A8F X:0E68 Y:C94F S:0119 D:0000 DB:86 nvmxdizc V:252 H:177 F:27
				849199 4A          LSR A                  A:0A00 X:0E68 Y:C94F S:0119 D:0000 DB:86 nvmxdizc V:252 H:182 F:27
				84919A 4A          LSR A                  A:0500 X:0E68 Y:C94F S:0119 D:0000 DB:86 nvmxdizc V:252 H:185 F:27
				84919B 4A          LSR A                  A:0280 X:0E68 Y:C94F S:0119 D:0000 DB:86 nvmxdizc V:252 H:188 F:27
				84919C 18          CLC                    A:0140 X:0E68 Y:C94F S:0119 D:0000 DB:86 nvmxdizc V:252 H:191 F:27
				84919D 65 04       ADC $04       [000004] A:0140 X:0E68 Y:C94F S:0119 D:0000 DB:86 nvmxdizc V:252 H:194 F:27
				84919F A8          TAY                    A:0154 X:0E68 Y:C94F S:0119 D:0000 DB:86 nvmxdizc V:252 H:201 F:27
				8491A0 B7 10       LDA [$10],Y   [7EE954] A:0154 X:0E68 Y:0154 S:0119 D:0000 DB:86 nvmxdizc V:252 H:204 F:27
				8491A2 29 FF 00    AND #$00FF             A:0038 X:0E68 Y:0154 S:0119 D:0000 DB:86 nvmxdizc V:252 H:217 F:27
				8491A5 A8          TAY                    A:0038 X:0E68 Y:0154 S:0119 D:0000 DB:86 nvmxdizc V:252 H:221 F:27
				8491A6 EB          XBA                    A:0038 X:0E68 Y:0038 S:0119 D:0000 DB:86 nvmxdizc V:252 H:224 F:27
				8491A7 0A          ASL A                  A:3800 X:0E68 Y:0038 S:0119 D:0000 DB:86 nvmxdiZc V:252 H:229 F:27
				8491A8 18          CLC                    A:7000 X:0E68 Y:0038 S:0119 D:0000 DB:86 nvmxdizc V:252 H:232 F:27
				8491A9 65 06       ADC $06       [000006] A:7000 X:0E68 Y:0038 S:0119 D:0000 DB:86 nvmxdizc V:252 H:235 F:27
				8491AB AA          TAX                    A:7112 X:0E68 Y:0038 S:0119 D:0000 DB:86 nvmxdizc V:252 H:242 F:27
				8491AC 60          RTS                    A:7112 X:7112 Y:0038 S:0119 D:0000 DB:86 nvmxdizc V:252 H:245 F:27

				8490F9 BF 00 20 7E LDA $7E2000,X [7E9112] A:7112 X:7112 Y:0038 S:011B D:0000 DB:86 nvmxdizc V:252 H:255 F:27
				8490FD A8          TAY                    A:0238 X:7112 Y:0038 S:011B D:0000 DB:86 nvmxdizc V:252 H:265 F:27
				8490FE AD 92 0B    LDA $0B92     [860B92] A:0238 X:7112 Y:0238 S:011B D:0000 DB:86 nvmxdizc V:252 H:268 F:27
				849101 85 10       STA $10       [000010] A:DB57 X:7112 Y:0238 S:011B D:0000 DB:86 Nvmxdizc V:252 H:276 F:27
				849103 AD 94 0B    LDA $0B94     [860B94] A:DB57 X:7112 Y:0238 S:011B D:0000 DB:86 Nvmxdizc V:252 H:283 F:27
				849106 85 12       STA $12       [000012] A:B895 X:7112 Y:0238 S:011B D:0000 DB:86 Nvmxdizc V:252 H:292 F:27
				849108 B7 10       LDA [$10],Y   [95DD8F] A:B895 X:7112 Y:0238 S:011B D:0000 DB:86 Nvmxdizc V:252 H:299 F:27
				84910A 29 FF 00    AND #$00FF             A:0000 X:7112 Y:0238 S:011B D:0000 DB:86 nvmxdiZc V:252 H:311 F:27
				84910D 28          PLP                    A:0000 X:7112 Y:0238 S:011B D:0000 DB:86 nvmxdiZc V:252 H:315 F:27
				84910E FA          PLX                    A:0000 X:7112 Y:0238 S:011C D:0000 DB:86 NvMxdizc V:252 H:322 F:27
				84910F 2B          PLD                    A:0000 X:0E68 Y:0238 S:011E D:0000 DB:86 nvMxdizc V:252 H:329 F:27
				849110 60          RTS                    A:0000 X:0E68 Y:0238 S:0120 D:0000 DB:86 nvMxdiZc V:252 H:338 F:27

				849318 B4 05       LDY $05,X     [000E6D] A:0000 X:0E68 Y:0238 S:0122 D:0000 DB:86 nvMxdiZc V:253 H:  8 F:27
				84931A 84 10       STY $10       [000010] A:0000 X:0E68 Y:148E S:0122 D:0000 DB:86 nvMxdizc V:253 H: 16 F:27
				84931C B4 08       LDY $08,X     [000E70] A:0000 X:0E68 Y:148E S:0122 D:0000 DB:86 nvMxdizc V:253 H: 23 F:27
				84931E 84 12       STY $12       [000012] A:0000 X:0E68 Y:0A9E S:0122 D:0000 DB:86 nvMxdizc V:253 H: 32 F:27
				849320 95 2D       STA $2D,X     [000E95] A:0000 X:0E68 Y:0A9E S:0122 D:0000 DB:86 nvMxdizc V:253 H: 39 F:27
				849322 86 2C       STX $2C       [00002C] A:0000 X:0E68 Y:0A9E S:0122 D:0000 DB:86 nvMxdizc V:253 H: 45 F:27
				849324 29 3F       AND #$3F               A:0000 X:0E68 Y:0A9E S:0122 D:0000 DB:86 nvMxdizc V:253 H: 52 F:27
				849326 0A          ASL A                  A:0000 X:0E68 Y:0A9E S:0122 D:0000 DB:86 nvMxdiZc V:253 H: 55 F:27
				849327 EB          XBA                    A:0000 X:0E68 Y:0A9E S:0122 D:0000 DB:86 nvMxdiZc V:253 H: 58 F:27
				849328 A9 00       LDA #$00               A:0000 X:0E68 Y:0A9E S:0122 D:0000 DB:86 nvMxdiZc V:253 H: 63 F:27
				84932A EB          XBA                    A:0000 X:0E68 Y:0A9E S:0122 D:0000 DB:86 nvMxdiZc V:253 H: 66 F:27
				84932B AA          TAX                    A:0000 X:0E68 Y:0A9E S:0122 D:0000 DB:86 nvMxdiZc V:253 H: 70 F:27
				84932C FC 5D 93    JSR ($935D,X) [84935D] A:0000 X:0000 Y:0A9E S:0122 D:0000 DB:86 nvMxdiZc V:253 H: 73 F:27

				84977A A9 00       LDA #$00               A:0000 X:0000 Y:0A9E S:0120 D:0000 DB:86 nvMxdiZc V:253 H: 86 F:27
				84977C 60          RTS                    A:0000 X:0000 Y:0A9E S:0120 D:0000 DB:86 nvMxdiZc V:253 H: 89 F:27

				84932F 08          PHP                    A:0000 X:0000 Y:0A9E S:0122 D:0000 DB:86 nvMxdiZc V:253 H: 99 F:27
				849330 A6 2C       LDX $2C       [00002C] A:0000 X:0000 Y:0A9E S:0121 D:0000 DB:86 nvMxdiZc V:253 H:104 F:27
				849332 A9 01       LDA #$01               A:0000 X:0E68 Y:0A9E S:0121 D:0000 DB:86 nvMxdizc V:253 H:111 F:27
				849334 34 29       BIT $29,X     [000E91] A:0001 X:0E68 Y:0A9E S:0121 D:0000 DB:86 nvMxdizc V:253 H:114 F:27
				849336 10 02       BPL $0002     [84933A] A:0001 X:0E68 Y:0A9E S:0121 D:0000 DB:86 nvMxdiZc V:253 H:121 F:27
				84933A 28          PLP                    A:0001 X:0E68 Y:0A9E S:0121 D:0000 DB:86 nvMxdiZc V:253 H:125 F:27
				84933B F0 0C       BEQ $000C     [849349] A:0001 X:0E68 Y:0A9E S:0122 D:0000 DB:86 nvMxdiZc V:253 H:132 F:27
				849349 49 FF       EOR #$FF               A:0001 X:0E68 Y:0A9E S:0122 D:0000 DB:86 nvMxdiZc V:253 H:146 F:27
				84934B 35 2B       AND $2B,X     [000E93] A:00FE X:0E68 Y:0A9E S:0122 D:0000 DB:86 NvMxdizc V:253 H:149 F:27
				84934D 95 2B       STA $2B,X     [000E93] A:0000 X:0E68 Y:0A9E S:0122 D:0000 DB:86 nvMxdiZc V:253 H:156 F:27
				84934F 20 08 93    JSR $9308     [849308] A:0000 X:0E68 Y:0A9E S:0122 D:0000 DB:86 nvMxdiZc V:253 H:162 F:27

				849308 A5 14       LDA $14       [000014] A:0000 X:0E68 Y:0A9E S:0120 D:0000 DB:86 nvMxdiZc V:253 H:172 F:27
				84930A F0 08       BEQ $0008     [849314] A:0000 X:0E68 Y:0A9E S:0120 D:0000 DB:86 nvMxdiZc V:253 H:177 F:27
				849314 60          RTS                    A:0000 X:0E68 Y:0A9E S:0120 D:0000 DB:86 nvMxdiZc V:253 H:182 F:27

				849352 A9 00       LDA #$00               A:0000 X:0E68 Y:0A9E S:0122 D:0000 DB:86 nvMxdiZc V:253 H:192 F:27
				849354 60          RTS                    A:0000 X:0E68 Y:0A9E S:0122 D:0000 DB:86 nvMxdiZc V:253 H:195 F:27

				8492F1 D0 12       BNE $0012     [849305] A:0000 X:0E68 Y:0A9E S:0124 D:0000 DB:86 nvMxdiZc V:253 H:205 F:27
				8492F3 B4 20       LDY $20,X     [000E88] A:0000 X:0E68 Y:0A9E S:0124 D:0000 DB:86 nvMxdiZc V:253 H:208 F:27
				8492F5 B9 06 00    LDA $0006,Y   [86C955] A:0000 X:0E68 Y:C94F S:0124 D:0000 DB:86 NvMxdizc V:253 H:216 F:27
				8492F8 18          CLC                    A:00FF X:0E68 Y:C94F S:0124 D:0000 DB:86 NvMxdizc V:253 H:224 F:27
				8492F9 79 08 00    ADC $0008,Y   [86C957] A:00FF X:0E68 Y:C94F S:0124 D:0000 DB:86 NvMxdizc V:253 H:227 F:27
				8492FC 38          SEC                    A:0012 X:0E68 Y:C94F S:0124 D:0000 DB:86 nvMxdizC V:253 H:234 F:27
				8492FD F9 09 00    SBC $0009,Y   [86C958] A:0012 X:0E68 Y:C94F S:0124 D:0000 DB:86 nvMxdizC V:253 H:237 F:27
				849300 95 2A       STA $2A,X     [000E92] A:000D X:0E68 Y:C94F S:0124 D:0000 DB:86 nvMxdizC V:253 H:245 F:27
				849302 20 15 93    JSR $9315     [849315] A:000D X:0E68 Y:C94F S:0124 D:0000 DB:86 nvMxdizC V:253 H:251 F:27

				849315 20 B3 90    JSR $90B3     [8490B3] A:000D X:0E68 Y:C94F S:0122 D:0000 DB:86 nvMxdizC V:253 H:261 F:27

				8490B3 0B          PHD                    A:000D X:0E68 Y:C94F S:0120 D:0000 DB:86 nvMxdizC V:253 H:271 F:27
				8490B4 DA          PHX                    A:000D X:0E68 Y:C94F S:011E D:0000 DB:86 nvMxdizC V:253 H:278 F:27
				8490B5 08          PHP                    A:000D X:0E68 Y:C94F S:011C D:0000 DB:86 nvMxdizC V:253 H:285 F:27
				8490B6 E2 20       SEP #$20               A:000D X:0E68 Y:C94F S:011B D:0000 DB:86 nvMxdizC V:253 H:290 F:27
				8490B8 C2 10       REP #$10               A:000D X:0E68 Y:C94F S:011B D:0000 DB:86 nvMxdizC V:253 H:295 F:27
				8490BA 64 01       STZ $01       [000001] A:000D X:0E68 Y:C94F S:011B D:0000 DB:86 nvMxdizC V:253 H:299 F:27
				8490BC B5 29       LDA $29,X     [000E91] A:000D X:0E68 Y:C94F S:011B D:0000 DB:86 nvMxdizC V:253 H:304 F:27
				8490BE 10 02       BPL $0002     [8490C2] A:0010 X:0E68 Y:C94F S:011B D:0000 DB:86 nvMxdizC V:253 H:311 F:27
				8490C2 18          CLC                    A:0010 X:0E68 Y:C94F S:011B D:0000 DB:86 nvMxdizC V:253 H:315 F:27
				8490C3 75 05       ADC $05,X     [000E6D] A:0010 X:0E68 Y:C94F S:011B D:0000 DB:86 nvMxdizc V:253 H:318 F:27
				8490C5 85 00       STA $00       [000000] A:009E X:0E68 Y:C94F S:011B D:0000 DB:86 NvMxdizc V:253 H:324 F:27
				8490C7 B5 06       LDA $06,X     [000E6E] A:009E X:0E68 Y:C94F S:011B D:0000 DB:86 NvMxdizc V:253 H:329 F:27
				8490C9 65 01       ADC $01       [000001] A:0014 X:0E68 Y:C94F S:011B D:0000 DB:86 nvMxdizc V:253 H:335 F:27
				8490CB 85 01       STA $01       [000001] A:0014 X:0E68 Y:C94F S:011B D:0000 DB:86 nvMxdizc V:254 H:  0 F:27
				8490CD 64 03       STZ $03       [000003] A:0014 X:0E68 Y:C94F S:011B D:0000 DB:86 nvMxdizc V:254 H:  5 F:27
				8490CF B5 2A       LDA $2A,X     [000E92] A:0014 X:0E68 Y:C94F S:011B D:0000 DB:86 nvMxdizc V:254 H: 10 F:27
				8490D1 10 02       BPL $0002     [8490D5] A:000D X:0E68 Y:C94F S:011B D:0000 DB:86 nvMxdizc V:254 H: 17 F:27
				8490D5 18          CLC                    A:000D X:0E68 Y:C94F S:011B D:0000 DB:86 nvMxdizc V:254 H: 21 F:27
				8490D6 75 08       ADC $08,X     [000E70] A:000D X:0E68 Y:C94F S:011B D:0000 DB:86 nvMxdizc V:254 H: 24 F:27
				8490D8 85 02       STA $02       [000002] A:00AB X:0E68 Y:C94F S:011B D:0000 DB:86 NvMxdizc V:254 H: 31 F:27
				8490DA 29 F0       AND #$F0               A:00AB X:0E68 Y:C94F S:011B D:0000 DB:86 NvMxdizc V:254 H: 36 F:27
				8490DC 85 0A       STA $0A       [00000A] A:00A0 X:0E68 Y:C94F S:011B D:0000 DB:86 NvMxdizc V:254 H: 39 F:27
				8490DE B5 09       LDA $09,X     [000E71] A:00A0 X:0E68 Y:C94F S:011B D:0000 DB:86 NvMxdizc V:254 H: 44 F:27
				8490E0 65 03       ADC $03       [000003] A:000A X:0E68 Y:C94F S:011B D:0000 DB:86 nvMxdizc V:254 H: 50 F:27
				8490E2 85 03       STA $03       [000003] A:000A X:0E68 Y:C94F S:011B D:0000 DB:86 nvMxdizc V:254 H: 55 F:27
				8490E4 85 0B       STA $0B       [00000B] A:000A X:0E68 Y:C94F S:011B D:0000 DB:86 nvMxdizc V:254 H: 60 F:27
				8490E6 A5 00       LDA $00       [000000] A:000A X:0E68 Y:C94F S:011B D:0000 DB:86 nvMxdizc V:254 H: 65 F:27
				8490E8 29 0F       AND #$0F               A:009E X:0E68 Y:C94F S:011B D:0000 DB:86 NvMxdizc V:254 H: 70 F:27
				8490EA 1A          INC                    A:000E X:0E68 Y:C94F S:011B D:0000 DB:86 nvMxdizc V:254 H: 73 F:27
				8490EB 85 0C       STA $0C       [00000C] A:000F X:0E68 Y:C94F S:011B D:0000 DB:86 nvMxdizc V:254 H: 76 F:27
				8490ED A5 02       LDA $02       [000002] A:000F X:0E68 Y:C94F S:011B D:0000 DB:86 nvMxdizc V:254 H: 81 F:27
				8490EF 29 0F       AND #$0F               A:00AB X:0E68 Y:C94F S:011B D:0000 DB:86 NvMxdizc V:254 H: 86 F:27
				8490F1 1A          INC                    A:000B X:0E68 Y:C94F S:011B D:0000 DB:86 nvMxdizc V:254 H: 89 F:27
				8490F2 85 0E       STA $0E       [00000E] A:000C X:0E68 Y:C94F S:011B D:0000 DB:86 nvMxdizc V:254 H: 92 F:27
				8490F4 C2 20       REP #$20               A:000C X:0E68 Y:C94F S:011B D:0000 DB:86 nvMxdizc V:254 H: 97 F:27
				8490F6 20 6A 91    JSR $916A     [84916A] A:000C X:0E68 Y:C94F S:011B D:0000 DB:86 nvmxdizc V:254 H:102 F:27

				84916A A9 00 E8    LDA #$E800             A:000C X:0E68 Y:C94F S:0119 D:0000 DB:86 nvmxdizc V:254 H:112 F:27
				84916D 85 10       STA $10       [000010] A:E800 X:0E68 Y:C94F S:0119 D:0000 DB:86 Nvmxdizc V:254 H:116 F:27
				84916F A9 7E 00    LDA #$007E             A:E800 X:0E68 Y:C94F S:0119 D:0000 DB:86 Nvmxdizc V:254 H:123 F:27
				849172 85 12       STA $12       [000012] A:007E X:0E68 Y:C94F S:0119 D:0000 DB:86 nvmxdizc V:254 H:128 F:27
				849174 A5 02       LDA $02       [000002] A:007E X:0E68 Y:C94F S:0119 D:0000 DB:86 nvmxdizc V:254 H:145 F:27
				849176 29 F0 00    AND #$00F0             A:0AAB X:0E68 Y:C94F S:0119 D:0000 DB:86 nvmxdizc V:254 H:152 F:27
				849179 0A          ASL A                  A:00A0 X:0E68 Y:C94F S:0119 D:0000 DB:86 nvmxdizc V:254 H:156 F:27
				84917A 85 04       STA $04       [000004] A:0140 X:0E68 Y:C94F S:0119 D:0000 DB:86 nvmxdizc V:254 H:159 F:27
				84917C A5 00       LDA $00       [000000] A:0140 X:0E68 Y:C94F S:0119 D:0000 DB:86 nvmxdizc V:254 H:166 F:27
				84917E 29 FF 00    AND #$00FF             A:149E X:0E68 Y:C94F S:0119 D:0000 DB:86 nvmxdizc V:254 H:173 F:27
				849181 4A          LSR A                  A:009E X:0E68 Y:C94F S:0119 D:0000 DB:86 nvmxdizc V:254 H:178 F:27
				849182 4A          LSR A                  A:004F X:0E68 Y:C94F S:0119 D:0000 DB:86 nvmxdizc V:254 H:181 F:27
				849183 4A          LSR A                  A:0027 X:0E68 Y:C94F S:0119 D:0000 DB:86 nvmxdizC V:254 H:184 F:27
				849184 29 FE FF    AND #$FFFE             A:0013 X:0E68 Y:C94F S:0119 D:0000 DB:86 nvmxdizC V:254 H:187 F:27
				849187 18          CLC                    A:0012 X:0E68 Y:C94F S:0119 D:0000 DB:86 nvmxdizC V:254 H:191 F:27
				849188 65 04       ADC $04       [000004] A:0012 X:0E68 Y:C94F S:0119 D:0000 DB:86 nvmxdizc V:254 H:194 F:27
				84918A 85 06       STA $06       [000006] A:0152 X:0E68 Y:C94F S:0119 D:0000 DB:86 nvmxdizc V:254 H:201 F:27
				84918C A5 00       LDA $00       [000000] A:0152 X:0E68 Y:C94F S:0119 D:0000 DB:86 nvmxdizc V:254 H:208 F:27
				84918E EB          XBA                    A:149E X:0E68 Y:C94F S:0119 D:0000 DB:86 nvmxdizc V:254 H:215 F:27
				84918F 29 1F 00    AND #$001F             A:9E14 X:0E68 Y:C94F S:0119 D:0000 DB:86 nvmxdizc V:254 H:220 F:27
				849192 85 04       STA $04       [000004] A:0014 X:0E68 Y:C94F S:0119 D:0000 DB:86 nvmxdizc V:254 H:224 F:27
				849194 A5 02       LDA $02       [000002] A:0014 X:0E68 Y:C94F S:0119 D:0000 DB:86 nvmxdizc V:254 H:231 F:27
				849196 29 00 1F    AND #$1F00             A:0AAB X:0E68 Y:C94F S:0119 D:0000 DB:86 nvmxdizc V:254 H:238 F:27
				849199 4A          LSR A                  A:0A00 X:0E68 Y:C94F S:0119 D:0000 DB:86 nvmxdizc V:254 H:243 F:27
				84919A 4A          LSR A                  A:0500 X:0E68 Y:C94F S:0119 D:0000 DB:86 nvmxdizc V:254 H:246 F:27
				84919B 4A          LSR A                  A:0280 X:0E68 Y:C94F S:0119 D:0000 DB:86 nvmxdizc V:254 H:249 F:27
				84919C 18          CLC                    A:0140 X:0E68 Y:C94F S:0119 D:0000 DB:86 nvmxdizc V:254 H:252 F:27
				84919D 65 04       ADC $04       [000004] A:0140 X:0E68 Y:C94F S:0119 D:0000 DB:86 nvmxdizc V:254 H:255 F:27
				84919F A8          TAY                    A:0154 X:0E68 Y:C94F S:0119 D:0000 DB:86 nvmxdizc V:254 H:262 F:27
				8491A0 B7 10       LDA [$10],Y   [7EE954] A:0154 X:0E68 Y:0154 S:0119 D:0000 DB:86 nvmxdizc V:254 H:265 F:27
				8491A2 29 FF 00    AND #$00FF             A:0038 X:0E68 Y:0154 S:0119 D:0000 DB:86 nvmxdizc V:254 H:278 F:27
				8491A5 A8          TAY                    A:0038 X:0E68 Y:0154 S:0119 D:0000 DB:86 nvmxdizc V:254 H:282 F:27
				8491A6 EB          XBA                    A:0038 X:0E68 Y:0038 S:0119 D:0000 DB:86 nvmxdizc V:254 H:285 F:27
				8491A7 0A          ASL A                  A:3800 X:0E68 Y:0038 S:0119 D:0000 DB:86 nvmxdiZc V:254 H:290 F:27
				8491A8 18          CLC                    A:7000 X:0E68 Y:0038 S:0119 D:0000 DB:86 nvmxdizc V:254 H:293 F:27
				8491A9 65 06       ADC $06       [000006] A:7000 X:0E68 Y:0038 S:0119 D:0000 DB:86 nvmxdizc V:254 H:296 F:27
				8491AB AA          TAX                    A:7152 X:0E68 Y:0038 S:0119 D:0000 DB:86 nvmxdizc V:254 H:303 F:27
				8491AC 60          RTS                    A:7152 X:7152 Y:0038 S:0119 D:0000 DB:86 nvmxdizc V:254 H:306 F:27

				8490F9 BF 00 20 7E LDA $7E2000,X [7E9152] A:7152 X:7152 Y:0038 S:011B D:0000 DB:86 nvmxdizc V:254 H:316 F:27
				8490FD A8          TAY                    A:01D3 X:7152 Y:0038 S:011B D:0000 DB:86 nvmxdizc V:254 H:325 F:27
				8490FE AD 92 0B    LDA $0B92     [860B92] A:01D3 X:7152 Y:01D3 S:011B D:0000 DB:86 nvmxdizc V:254 H:328 F:27
				849101 85 10       STA $10       [000010] A:DB57 X:7152 Y:01D3 S:011B D:0000 DB:86 Nvmxdizc V:254 H:336 F:27
				849103 AD 94 0B    LDA $0B94     [860B94] A:DB57 X:7152 Y:01D3 S:011B D:0000 DB:86 Nvmxdizc V:255 H:  3 F:27
				849106 85 12       STA $12       [000012] A:B895 X:7152 Y:01D3 S:011B D:0000 DB:86 Nvmxdizc V:255 H: 12 F:27
				849108 B7 10       LDA [$10],Y   [95DD2A] A:B895 X:7152 Y:01D3 S:011B D:0000 DB:86 Nvmxdizc V:255 H: 19 F:27
				84910A 29 FF 00    AND #$00FF             A:0000 X:7152 Y:01D3 S:011B D:0000 DB:86 nvmxdiZc V:255 H: 31 F:27
				84910D 28          PLP                    A:0000 X:7152 Y:01D3 S:011B D:0000 DB:86 nvmxdiZc V:255 H: 35 F:27
				84910E FA          PLX                    A:0000 X:7152 Y:01D3 S:011C D:0000 DB:86 nvMxdizC V:255 H: 42 F:27
				84910F 2B          PLD                    A:0000 X:0E68 Y:01D3 S:011E D:0000 DB:86 nvMxdizC V:255 H: 50 F:27
				849110 60          RTS                    A:0000 X:0E68 Y:01D3 S:0120 D:0000 DB:86 nvMxdiZC V:255 H: 59 F:27

				849318 B4 05       LDY $05,X     [000E6D] A:0000 X:0E68 Y:01D3 S:0122 D:0000 DB:86 nvMxdiZC V:255 H: 69 F:27
				84931A 84 10       STY $10       [000010] A:0000 X:0E68 Y:148E S:0122 D:0000 DB:86 nvMxdizC V:255 H: 77 F:27
				84931C B4 08       LDY $08,X     [000E70] A:0000 X:0E68 Y:148E S:0122 D:0000 DB:86 nvMxdizC V:255 H: 84 F:27
				84931E 84 12       STY $12       [000012] A:0000 X:0E68 Y:0A9E S:0122 D:0000 DB:86 nvMxdizC V:255 H: 93 F:27
				849320 95 2D       STA $2D,X     [000E95] A:0000 X:0E68 Y:0A9E S:0122 D:0000 DB:86 nvMxdizC V:255 H:100 F:27
				849322 86 2C       STX $2C       [00002C] A:0000 X:0E68 Y:0A9E S:0122 D:0000 DB:86 nvMxdizC V:255 H:106 F:27
				849324 29 3F       AND #$3F               A:0000 X:0E68 Y:0A9E S:0122 D:0000 DB:86 nvMxdizC V:255 H:113 F:27
				849326 0A          ASL A                  A:0000 X:0E68 Y:0A9E S:0122 D:0000 DB:86 nvMxdiZC V:255 H:116 F:27
				849327 EB          XBA                    A:0000 X:0E68 Y:0A9E S:0122 D:0000 DB:86 nvMxdiZc V:255 H:119 F:27
				849328 A9 00       LDA #$00               A:0000 X:0E68 Y:0A9E S:0122 D:0000 DB:86 nvMxdiZc V:255 H:124 F:27
				84932A EB          XBA                    A:0000 X:0E68 Y:0A9E S:0122 D:0000 DB:86 nvMxdiZc V:255 H:127 F:27
				84932B AA          TAX                    A:0000 X:0E68 Y:0A9E S:0122 D:0000 DB:86 nvMxdiZc V:255 H:131 F:27
				84932C FC 5D 93    JSR ($935D,X) [84935D] A:0000 X:0000 Y:0A9E S:0122 D:0000 DB:86 nvMxdiZc V:255 H:144 F:27

				84977A A9 00       LDA #$00               A:0000 X:0000 Y:0A9E S:0120 D:0000 DB:86 nvMxdiZc V:255 H:157 F:27
				84977C 60          RTS                    A:0000 X:0000 Y:0A9E S:0120 D:0000 DB:86 nvMxdiZc V:255 H:160 F:27

				84932F 08          PHP                    A:0000 X:0000 Y:0A9E S:0122 D:0000 DB:86 nvMxdiZc V:255 H:170 F:27
				849330 A6 2C       LDX $2C       [00002C] A:0000 X:0000 Y:0A9E S:0121 D:0000 DB:86 nvMxdiZc V:255 H:175 F:27
				849332 A9 01       LDA #$01               A:0000 X:0E68 Y:0A9E S:0121 D:0000 DB:86 nvMxdizc V:255 H:182 F:27
				849334 34 29       BIT $29,X     [000E91] A:0001 X:0E68 Y:0A9E S:0121 D:0000 DB:86 nvMxdizc V:255 H:185 F:27
				849336 10 02       BPL $0002     [84933A] A:0001 X:0E68 Y:0A9E S:0121 D:0000 DB:86 nvMxdiZc V:255 H:192 F:27
				84933A 28          PLP                    A:0001 X:0E68 Y:0A9E S:0121 D:0000 DB:86 nvMxdiZc V:255 H:196 F:27
				84933B F0 0C       BEQ $000C     [849349] A:0001 X:0E68 Y:0A9E S:0122 D:0000 DB:86 nvMxdiZc V:255 H:203 F:27
				849349 49 FF       EOR #$FF               A:0001 X:0E68 Y:0A9E S:0122 D:0000 DB:86 nvMxdiZc V:255 H:207 F:27
				84934B 35 2B       AND $2B,X     [000E93] A:00FE X:0E68 Y:0A9E S:0122 D:0000 DB:86 NvMxdizc V:255 H:210 F:27
				84934D 95 2B       STA $2B,X     [000E93] A:0000 X:0E68 Y:0A9E S:0122 D:0000 DB:86 nvMxdiZc V:255 H:217 F:27
				84934F 20 08 93    JSR $9308     [849308] A:0000 X:0E68 Y:0A9E S:0122 D:0000 DB:86 nvMxdiZc V:255 H:223 F:27

				849308 A5 14       LDA $14       [000014] A:0000 X:0E68 Y:0A9E S:0120 D:0000 DB:86 nvMxdiZc V:255 H:233 F:27
				84930A F0 08       BEQ $0008     [849314] A:0000 X:0E68 Y:0A9E S:0120 D:0000 DB:86 nvMxdiZc V:255 H:238 F:27
				849314 60          RTS                    A:0000 X:0E68 Y:0A9E S:0120 D:0000 DB:86 nvMxdiZc V:255 H:243 F:27

				849352 A9 00       LDA #$00               A:0000 X:0E68 Y:0A9E S:0122 D:0000 DB:86 nvMxdiZc V:255 H:253 F:27
				849354 60          RTS                    A:0000 X:0E68 Y:0A9E S:0122 D:0000 DB:86 nvMxdiZc V:255 H:256 F:27

				849305 C2 30       REP #$30               A:0000 X:0E68 Y:0A9E S:0124 D:0000 DB:86 nvMxdiZc V:255 H:266 F:27
				849307 60          RTS                    A:0000 X:0E68 Y:0A9E S:0124 D:0000 DB:86 nvmxdiZc V:255 H:270 F:27

				8491D8 20 ED 91    JSR $91ED     [8491ED] A:0000 X:0E68 Y:0A9E S:0126 D:0000 DB:86 nvmxdiZc V:255 H:280 F:27

				8491ED B5 08       LDA $08,X     [000E70] A:0000 X:0E68 Y:0A9E S:0124 D:0000 DB:86 nvmxdiZc V:255 H:290 F:27
				8491EF D5 24       CMP $24,X     [000E8C] A:0A9E X:0E68 Y:0A9E S:0124 D:0000 DB:86 nvmxdizc V:255 H:299 F:27
				8491F1 F0 F2       BEQ $00F2     [8491E5] A:0A9E X:0E68 Y:0A9E S:0124 D:0000 DB:86 nvmxdizC V:255 H:307 F:27
				8491F3 10 4D       BPL $004D     [849242] A:0A9E X:0E68 Y:0A9E S:0124 D:0000 DB:86 nvmxdizC V:255 H:310 F:27
				849242 E2 20       SEP #$20               A:0A9E X:0E68 Y:0A9E S:0124 D:0000 DB:86 nvmxdizC V:255 H:315 F:27
				849244 A0 04 00    LDY #$0004             A:0A9E X:0E68 Y:0A9E S:0124 D:0000 DB:86 nvMxdizC V:255 H:319 F:27
				849247 AD 1C 1F    LDA $1F1C     [861F1C] A:0A9E X:0E68 Y:0004 S:0124 D:0000 DB:86 nvMxdizC V:255 H:323 F:27
				84924A F0 03       BEQ $0003     [84924F] A:0A00 X:0E68 Y:0004 S:0124 D:0000 DB:86 nvMxdiZC V:255 H:329 F:27
				84924F B5 2F       LDA $2F,X     [000E97] A:0A00 X:0E68 Y:0004 S:0124 D:0000 DB:86 nvMxdiZC V:255 H:334 F:27
				849251 F0 03       BEQ $0003     [849256] A:0AFF X:0E68 Y:0004 S:0124 D:0000 DB:86 NvMxdizC V:256 H:  0 F:27
				849253 A0 00 00    LDY #$0000             A:0AFF X:0E68 Y:0004 S:0124 D:0000 DB:86 NvMxdizC V:256 H:  3 F:27
				849256 98          TYA                    A:0AFF X:0E68 Y:0000 S:0124 D:0000 DB:86 nvMxdiZC V:256 H:  8 F:27
				849257 09 80       ORA #$80               A:0A00 X:0E68 Y:0000 S:0124 D:0000 DB:86 nvMxdiZC V:256 H: 11 F:27
				849259 85 08       STA $08       [000008] A:0A80 X:0E68 Y:0000 S:0124 D:0000 DB:86 NvMxdizC V:256 H: 14 F:27
				84925B B4 20       LDY $20,X     [000E88] A:0A80 X:0E68 Y:0000 S:0124 D:0000 DB:86 NvMxdizC V:256 H: 19 F:27
				84925D B9 06 00    LDA $0006,Y   [86C955] A:0A80 X:0E68 Y:C94F S:0124 D:0000 DB:86 NvMxdizC V:256 H: 27 F:27
				849260 18          CLC                    A:0AFF X:0E68 Y:C94F S:0124 D:0000 DB:86 NvMxdizC V:256 H: 35 F:27
				849261 79 08 00    ADC $0008,Y   [86C957] A:0AFF X:0E68 Y:C94F S:0124 D:0000 DB:86 NvMxdizc V:256 H: 38 F:27
				849264 95 2A       STA $2A,X     [000E92] A:0A12 X:0E68 Y:C94F S:0124 D:0000 DB:86 nvMxdizC V:256 H: 45 F:27
				849266 B9 05 00    LDA $0005,Y   [86C954] A:0A12 X:0E68 Y:C94F S:0124 D:0000 DB:86 nvMxdizC V:256 H: 52 F:27
				849269 34 11       BIT $11,X     [000E79] A:0A00 X:0E68 Y:C94F S:0124 D:0000 DB:86 nvMxdiZC V:256 H: 59 F:27
				84926B 50 03       BVC $0003     [849270] A:0A00 X:0E68 Y:C94F S:0124 D:0000 DB:86 nvMxdiZC V:256 H: 66 F:27
				849270 95 29       STA $29,X     [000E91] A:0A00 X:0E68 Y:C94F S:0124 D:0000 DB:86 nvMxdiZC V:256 H: 70 F:27
				849272 20 C4 95    JSR $95C4     [8495C4] A:0A00 X:0E68 Y:C94F S:0124 D:0000 DB:86 nvMxdiZC V:256 H: 77 F:27

				8495C4 B5 2A       LDA $2A,X     [000E92] A:0A00 X:0E68 Y:C94F S:0122 D:0000 DB:86 nvMxdiZC V:256 H: 87 F:27
				8495C6 48          PHA                    A:0A12 X:0E68 Y:C94F S:0122 D:0000 DB:86 nvMxdizC V:256 H: 93 F:27
				8495C7 A5 08       LDA $08       [000008] A:0A12 X:0E68 Y:C94F S:0121 D:0000 DB:86 nvMxdizC V:256 H: 98 F:27
				8495C9 29 7F       AND #$7F               A:0A80 X:0E68 Y:C94F S:0121 D:0000 DB:86 NvMxdizC V:256 H:103 F:27
				8495CB 18          CLC                    A:0A00 X:0E68 Y:C94F S:0121 D:0000 DB:86 nvMxdiZC V:256 H:106 F:27
				8495CC 75 2A       ADC $2A,X     [000E92] A:0A00 X:0E68 Y:C94F S:0121 D:0000 DB:86 nvMxdiZc V:256 H:109 F:27
				8495CE 95 2A       STA $2A,X     [000E92] A:0A12 X:0E68 Y:C94F S:0121 D:0000 DB:86 nvMxdizc V:256 H:116 F:27
				8495D0 20 B3 90    JSR $90B3     [8490B3] A:0A12 X:0E68 Y:C94F S:0121 D:0000 DB:86 nvMxdizc V:256 H:122 F:27

				8490B3 0B          PHD                    A:0A12 X:0E68 Y:C94F S:011F D:0000 DB:86 nvMxdizc V:256 H:132 F:27
				8490B4 DA          PHX                    A:0A12 X:0E68 Y:C94F S:011D D:0000 DB:86 nvMxdizc V:256 H:149 F:27
				8490B5 08          PHP                    A:0A12 X:0E68 Y:C94F S:011B D:0000 DB:86 nvMxdizc V:256 H:156 F:27
				8490B6 E2 20       SEP #$20               A:0A12 X:0E68 Y:C94F S:011A D:0000 DB:86 nvMxdizc V:256 H:161 F:27
				8490B8 C2 10       REP #$10               A:0A12 X:0E68 Y:C94F S:011A D:0000 DB:86 nvMxdizc V:256 H:166 F:27
				8490BA 64 01       STZ $01       [000001] A:0A12 X:0E68 Y:C94F S:011A D:0000 DB:86 nvMxdizc V:256 H:170 F:27
				8490BC B5 29       LDA $29,X     [000E91] A:0A12 X:0E68 Y:C94F S:011A D:0000 DB:86 nvMxdizc V:256 H:175 F:27
				8490BE 10 02       BPL $0002     [8490C2] A:0A00 X:0E68 Y:C94F S:011A D:0000 DB:86 nvMxdiZc V:256 H:182 F:27
				8490C2 18          CLC                    A:0A00 X:0E68 Y:C94F S:011A D:0000 DB:86 nvMxdiZc V:256 H:186 F:27
				8490C3 75 05       ADC $05,X     [000E6D] A:0A00 X:0E68 Y:C94F S:011A D:0000 DB:86 nvMxdiZc V:256 H:189 F:27
				8490C5 85 00       STA $00       [000000] A:0A8E X:0E68 Y:C94F S:011A D:0000 DB:86 NvMxdizc V:256 H:196 F:27
				8490C7 B5 06       LDA $06,X     [000E6E] A:0A8E X:0E68 Y:C94F S:011A D:0000 DB:86 NvMxdizc V:256 H:201 F:27
				8490C9 65 01       ADC $01       [000001] A:0A14 X:0E68 Y:C94F S:011A D:0000 DB:86 nvMxdizc V:256 H:207 F:27
				8490CB 85 01       STA $01       [000001] A:0A14 X:0E68 Y:C94F S:011A D:0000 DB:86 nvMxdizc V:256 H:212 F:27
				8490CD 64 03       STZ $03       [000003] A:0A14 X:0E68 Y:C94F S:011A D:0000 DB:86 nvMxdizc V:256 H:217 F:27
				8490CF B5 2A       LDA $2A,X     [000E92] A:0A14 X:0E68 Y:C94F S:011A D:0000 DB:86 nvMxdizc V:256 H:222 F:27
				8490D1 10 02       BPL $0002     [8490D5] A:0A12 X:0E68 Y:C94F S:011A D:0000 DB:86 nvMxdizc V:256 H:229 F:27
				8490D5 18          CLC                    A:0A12 X:0E68 Y:C94F S:011A D:0000 DB:86 nvMxdizc V:256 H:233 F:27
				8490D6 75 08       ADC $08,X     [000E70] A:0A12 X:0E68 Y:C94F S:011A D:0000 DB:86 nvMxdizc V:256 H:236 F:27
				8490D8 85 02       STA $02       [000002] A:0AB0 X:0E68 Y:C94F S:011A D:0000 DB:86 NvMxdizc V:256 H:243 F:27
				8490DA 29 F0       AND #$F0               A:0AB0 X:0E68 Y:C94F S:011A D:0000 DB:86 NvMxdizc V:256 H:248 F:27
				8490DC 85 0A       STA $0A       [00000A] A:0AB0 X:0E68 Y:C94F S:011A D:0000 DB:86 NvMxdizc V:256 H:251 F:27
				8490DE B5 09       LDA $09,X     [000E71] A:0AB0 X:0E68 Y:C94F S:011A D:0000 DB:86 NvMxdizc V:256 H:256 F:27
				8490E0 65 03       ADC $03       [000003] A:0A0A X:0E68 Y:C94F S:011A D:0000 DB:86 nvMxdizc V:256 H:262 F:27
				8490E2 85 03       STA $03       [000003] A:0A0A X:0E68 Y:C94F S:011A D:0000 DB:86 nvMxdizc V:256 H:267 F:27
				8490E4 85 0B       STA $0B       [00000B] A:0A0A X:0E68 Y:C94F S:011A D:0000 DB:86 nvMxdizc V:256 H:272 F:27
				8490E6 A5 00       LDA $00       [000000] A:0A0A X:0E68 Y:C94F S:011A D:0000 DB:86 nvMxdizc V:256 H:277 F:27
				8490E8 29 0F       AND #$0F               A:0A8E X:0E68 Y:C94F S:011A D:0000 DB:86 NvMxdizc V:256 H:282 F:27
				8490EA 1A          INC                    A:0A0E X:0E68 Y:C94F S:011A D:0000 DB:86 nvMxdizc V:256 H:285 F:27
				8490EB 85 0C       STA $0C       [00000C] A:0A0F X:0E68 Y:C94F S:011A D:0000 DB:86 nvMxdizc V:256 H:288 F:27
				8490ED A5 02       LDA $02       [000002] A:0A0F X:0E68 Y:C94F S:011A D:0000 DB:86 nvMxdizc V:256 H:293 F:27
				8490EF 29 0F       AND #$0F               A:0AB0 X:0E68 Y:C94F S:011A D:0000 DB:86 NvMxdizc V:256 H:298 F:27
				8490F1 1A          INC                    A:0A00 X:0E68 Y:C94F S:011A D:0000 DB:86 nvMxdiZc V:256 H:301 F:27
				8490F2 85 0E       STA $0E       [00000E] A:0A01 X:0E68 Y:C94F S:011A D:0000 DB:86 nvMxdizc V:256 H:304 F:27
				8490F4 C2 20       REP #$20               A:0A01 X:0E68 Y:C94F S:011A D:0000 DB:86 nvMxdizc V:256 H:309 F:27
				8490F6 20 6A 91    JSR $916A     [84916A] A:0A01 X:0E68 Y:C94F S:011A D:0000 DB:86 nvmxdizc V:256 H:314 F:27

				84916A A9 00 E8    LDA #$E800             A:0A01 X:0E68 Y:C94F S:0118 D:0000 DB:86 nvmxdizc V:256 H:323 F:27
				84916D 85 10       STA $10       [000010] A:E800 X:0E68 Y:C94F S:0118 D:0000 DB:86 Nvmxdizc V:256 H:327 F:27
				84916F A9 7E 00    LDA #$007E             A:E800 X:0E68 Y:C94F S:0118 D:0000 DB:86 Nvmxdizc V:256 H:334 F:27
				849172 85 12       STA $12       [000012] A:007E X:0E68 Y:C94F S:0118 D:0000 DB:86 nvmxdizc V:256 H:339 F:27
				849174 A5 02       LDA $02       [000002] A:007E X:0E68 Y:C94F S:0118 D:0000 DB:86 nvmxdizc V:257 H:  6 F:27
				849176 29 F0 00    AND #$00F0             A:0AB0 X:0E68 Y:C94F S:0118 D:0000 DB:86 nvmxdizc V:257 H: 13 F:27
				849179 0A          ASL A                  A:00B0 X:0E68 Y:C94F S:0118 D:0000 DB:86 nvmxdizc V:257 H: 17 F:27
				84917A 85 04       STA $04       [000004] A:0160 X:0E68 Y:C94F S:0118 D:0000 DB:86 nvmxdizc V:257 H: 20 F:27
				84917C A5 00       LDA $00       [000000] A:0160 X:0E68 Y:C94F S:0118 D:0000 DB:86 nvmxdizc V:257 H: 27 F:27
				84917E 29 FF 00    AND #$00FF             A:148E X:0E68 Y:C94F S:0118 D:0000 DB:86 nvmxdizc V:257 H: 34 F:27
				849181 4A          LSR A                  A:008E X:0E68 Y:C94F S:0118 D:0000 DB:86 nvmxdizc V:257 H: 39 F:27
				849182 4A          LSR A                  A:0047 X:0E68 Y:C94F S:0118 D:0000 DB:86 nvmxdizc V:257 H: 42 F:27
				849183 4A          LSR A                  A:0023 X:0E68 Y:C94F S:0118 D:0000 DB:86 nvmxdizC V:257 H: 45 F:27
				849184 29 FE FF    AND #$FFFE             A:0011 X:0E68 Y:C94F S:0118 D:0000 DB:86 nvmxdizC V:257 H: 48 F:27
				849187 18          CLC                    A:0010 X:0E68 Y:C94F S:0118 D:0000 DB:86 nvmxdizC V:257 H: 52 F:27
				849188 65 04       ADC $04       [000004] A:0010 X:0E68 Y:C94F S:0118 D:0000 DB:86 nvmxdizc V:257 H: 55 F:27
				84918A 85 06       STA $06       [000006] A:0170 X:0E68 Y:C94F S:0118 D:0000 DB:86 nvmxdizc V:257 H: 62 F:27
				84918C A5 00       LDA $00       [000000] A:0170 X:0E68 Y:C94F S:0118 D:0000 DB:86 nvmxdizc V:257 H: 69 F:27
				84918E EB          XBA                    A:148E X:0E68 Y:C94F S:0118 D:0000 DB:86 nvmxdizc V:257 H: 76 F:27
				84918F 29 1F 00    AND #$001F             A:8E14 X:0E68 Y:C94F S:0118 D:0000 DB:86 nvmxdizc V:257 H: 81 F:27
				849192 85 04       STA $04       [000004] A:0014 X:0E68 Y:C94F S:0118 D:0000 DB:86 nvmxdizc V:257 H: 85 F:27
				849194 A5 02       LDA $02       [000002] A:0014 X:0E68 Y:C94F S:0118 D:0000 DB:86 nvmxdizc V:257 H: 92 F:27
				849196 29 00 1F    AND #$1F00             A:0AB0 X:0E68 Y:C94F S:0118 D:0000 DB:86 nvmxdizc V:257 H: 99 F:27
				849199 4A          LSR A                  A:0A00 X:0E68 Y:C94F S:0118 D:0000 DB:86 nvmxdizc V:257 H:104 F:27
				84919A 4A          LSR A                  A:0500 X:0E68 Y:C94F S:0118 D:0000 DB:86 nvmxdizc V:257 H:107 F:27
				84919B 4A          LSR A                  A:0280 X:0E68 Y:C94F S:0118 D:0000 DB:86 nvmxdizc V:257 H:110 F:27
				84919C 18          CLC                    A:0140 X:0E68 Y:C94F S:0118 D:0000 DB:86 nvmxdizc V:257 H:113 F:27
				84919D 65 04       ADC $04       [000004] A:0140 X:0E68 Y:C94F S:0118 D:0000 DB:86 nvmxdizc V:257 H:116 F:27
				84919F A8          TAY                    A:0154 X:0E68 Y:C94F S:0118 D:0000 DB:86 nvmxdizc V:257 H:123 F:27
				8491A0 B7 10       LDA [$10],Y   [7EE954] A:0154 X:0E68 Y:0154 S:0118 D:0000 DB:86 nvmxdizc V:257 H:126 F:27
				8491A2 29 FF 00    AND #$00FF             A:0038 X:0E68 Y:0154 S:0118 D:0000 DB:86 nvmxdizc V:257 H:149 F:27
				8491A5 A8          TAY                    A:0038 X:0E68 Y:0154 S:0118 D:0000 DB:86 nvmxdizc V:257 H:153 F:27
				8491A6 EB          XBA                    A:0038 X:0E68 Y:0038 S:0118 D:0000 DB:86 nvmxdizc V:257 H:156 F:27
				8491A7 0A          ASL A                  A:3800 X:0E68 Y:0038 S:0118 D:0000 DB:86 nvmxdiZc V:257 H:161 F:27
				8491A8 18          CLC                    A:7000 X:0E68 Y:0038 S:0118 D:0000 DB:86 nvmxdizc V:257 H:164 F:27
				8491A9 65 06       ADC $06       [000006] A:7000 X:0E68 Y:0038 S:0118 D:0000 DB:86 nvmxdizc V:257 H:167 F:27
				8491AB AA          TAX                    A:7170 X:0E68 Y:0038 S:0118 D:0000 DB:86 nvmxdizc V:257 H:174 F:27
				8491AC 60          RTS                    A:7170 X:7170 Y:0038 S:0118 D:0000 DB:86 nvmxdizc V:257 H:177 F:27

				8490F9 BF 00 20 7E LDA $7E2000,X [7E9170] A:7170 X:7170 Y:0038 S:011A D:0000 DB:86 nvmxdizc V:257 H:187 F:27
				8490FD A8          TAY                    A:0130 X:7170 Y:0038 S:011A D:0000 DB:86 nvmxdizc V:257 H:197 F:27
				8490FE AD 92 0B    LDA $0B92     [860B92] A:0130 X:7170 Y:0130 S:011A D:0000 DB:86 nvmxdizc V:257 H:200 F:27
				849101 85 10       STA $10       [000010] A:DB57 X:7170 Y:0130 S:011A D:0000 DB:86 Nvmxdizc V:257 H:208 F:27
				849103 AD 94 0B    LDA $0B94     [860B94] A:DB57 X:7170 Y:0130 S:011A D:0000 DB:86 Nvmxdizc V:257 H:215 F:27
				849106 85 12       STA $12       [000012] A:B895 X:7170 Y:0130 S:011A D:0000 DB:86 Nvmxdizc V:257 H:224 F:27
				849108 B7 10       LDA [$10],Y   [95DC87] A:B895 X:7170 Y:0130 S:011A D:0000 DB:86 Nvmxdizc V:257 H:231 F:27
				84910A 29 FF 00    AND #$00FF             A:3B3B X:7170 Y:0130 S:011A D:0000 DB:86 nvmxdizc V:257 H:243 F:27
				84910D 28          PLP                    A:003B X:7170 Y:0130 S:011A D:0000 DB:86 nvmxdizc V:257 H:247 F:27
				84910E FA          PLX                    A:003B X:7170 Y:0130 S:011B D:0000 DB:86 nvMxdizc V:257 H:254 F:27
				84910F 2B          PLD                    A:003B X:0E68 Y:0130 S:011D D:0000 DB:86 nvMxdizc V:257 H:262 F:27
				849110 60          RTS                    A:003B X:0E68 Y:0130 S:011F D:0000 DB:86 nvMxdiZc V:257 H:271 F:27

				8495D3 95 2E       STA $2E,X     [000E96] A:003B X:0E68 Y:0130 S:0121 D:0000 DB:86 nvMxdiZc V:257 H:281 F:27
				8495D5 85 18       STA $18       [000018] A:003B X:0E68 Y:0130 S:0121 D:0000 DB:86 nvMxdiZc V:257 H:287 F:27
				8495D7 29 3F       AND #$3F               A:003B X:0E68 Y:0130 S:0121 D:0000 DB:86 nvMxdiZc V:257 H:292 F:27
				8495D9 0A          ASL A                  A:003B X:0E68 Y:0130 S:0121 D:0000 DB:86 nvMxdizc V:257 H:295 F:27
				8495DA EB          XBA                    A:0076 X:0E68 Y:0130 S:0121 D:0000 DB:86 nvMxdizc V:257 H:298 F:27
				8495DB A9 00       LDA #$00               A:7600 X:0E68 Y:0130 S:0121 D:0000 DB:86 nvMxdiZc V:257 H:303 F:27
				8495DD EB          XBA                    A:7600 X:0E68 Y:0130 S:0121 D:0000 DB:86 nvMxdiZc V:257 H:306 F:27
				8495DE A8          TAY                    A:0076 X:0E68 Y:0130 S:0121 D:0000 DB:86 nvMxdizc V:257 H:310 F:27
				8495DF 84 28       STY $28       [000028] A:0076 X:0E68 Y:0076 S:0121 D:0000 DB:86 nvMxdizc V:257 H:313 F:27
				8495E1 86 2C       STX $2C       [00002C] A:0076 X:0E68 Y:0076 S:0121 D:0000 DB:86 nvMxdizc V:257 H:320 F:27
				8495E3 68          PLA                    A:0076 X:0E68 Y:0076 S:0121 D:0000 DB:86 nvMxdizc V:257 H:327 F:27
				8495E4 95 2A       STA $2A,X     [000E92] A:0012 X:0E68 Y:0076 S:0122 D:0000 DB:86 nvMxdizc V:257 H:333 F:27
				8495E6 A6 2C       LDX $2C       [00002C] A:0012 X:0E68 Y:0076 S:0122 D:0000 DB:86 nvMxdizc V:257 H:339 F:27
				8495E8 A9 FB       LDA #$FB               A:0012 X:0E68 Y:0076 S:0122 D:0000 DB:86 nvMxdizc V:258 H:  6 F:27
				8495EA 35 2B       AND $2B,X     [000E93] A:00FB X:0E68 Y:0076 S:0122 D:0000 DB:86 NvMxdizc V:258 H:  9 F:27
				8495EC 95 2B       STA $2B,X     [000E93] A:0000 X:0E68 Y:0076 S:0122 D:0000 DB:86 nvMxdiZc V:258 H: 16 F:27
				8495EE 64 01       STZ $01       [000001] A:0000 X:0E68 Y:0076 S:0122 D:0000 DB:86 nvMxdiZc V:258 H: 22 F:27
				8495F0 B5 2A       LDA $2A,X     [000E92] A:0000 X:0E68 Y:0076 S:0122 D:0000 DB:86 nvMxdiZc V:258 H: 27 F:27
				8495F2 85 02       STA $02       [000002] A:0012 X:0E68 Y:0076 S:0122 D:0000 DB:86 nvMxdizc V:258 H: 34 F:27
				8495F4 64 03       STZ $03       [000003] A:0012 X:0E68 Y:0076 S:0122 D:0000 DB:86 nvMxdizc V:258 H: 39 F:27
				8495F6 B4 05       LDY $05,X     [000E6D] A:0012 X:0E68 Y:0076 S:0122 D:0000 DB:86 nvMxdizc V:258 H: 44 F:27
				8495F8 84 10       STY $10       [000010] A:0012 X:0E68 Y:148E S:0122 D:0000 DB:86 nvMxdizc V:258 H: 52 F:27
				8495FA B4 08       LDY $08,X     [000E70] A:0012 X:0E68 Y:148E S:0122 D:0000 DB:86 nvMxdizc V:258 H: 59 F:27
				8495FC 84 12       STY $12       [000012] A:0012 X:0E68 Y:0A9E S:0122 D:0000 DB:86 nvMxdizc V:258 H: 68 F:27
				8495FE A6 28       LDX $28       [000028] A:0012 X:0E68 Y:0A9E S:0122 D:0000 DB:86 nvMxdizc V:258 H: 75 F:27
				849600 FC 1C 96    JSR ($961C,X) [849692] A:0012 X:0076 Y:0A9E S:0122 D:0000 DB:86 nvMxdizc V:258 H: 82 F:27

				8496B5 A6 2C       LDX $2C       [00002C] A:0012 X:0076 Y:0A9E S:0120 D:0000 DB:86 nvMxdizc V:258 H: 95 F:27
				8496B7 A5 0E       LDA $0E       [00000E] A:0012 X:0E68 Y:0A9E S:0120 D:0000 DB:86 nvMxdizc V:258 H:102 F:27
				8496B9 85 00       STA $00       [000000] A:0001 X:0E68 Y:0A9E S:0120 D:0000 DB:86 nvMxdizc V:258 H:107 F:27
				8496BB 64 01       STZ $01       [000001] A:0001 X:0E68 Y:0A9E S:0120 D:0000 DB:86 nvMxdizc V:258 H:112 F:27
				8496BD C2 20       REP #$20               A:0001 X:0E68 Y:0A9E S:0120 D:0000 DB:86 nvMxdizc V:258 H:117 F:27
				8496BF A5 08       LDA $08       [000008] A:0001 X:0E68 Y:0A9E S:0120 D:0000 DB:86 nvmxdizc V:258 H:121 F:27
				8496C1 29 7F 00    AND #$007F             A:FF80 X:0E68 Y:0A9E S:0120 D:0000 DB:86 Nvmxdizc V:258 H:128 F:27
				8496C4 18          CLC                    A:0000 X:0E68 Y:0A9E S:0120 D:0000 DB:86 nvmxdiZc V:258 H:133 F:27
				8496C5 75 08       ADC $08,X     [000E70] A:0000 X:0E68 Y:0A9E S:0120 D:0000 DB:86 nvmxdiZc V:258 H:146 F:27
				8496C7 38          SEC                    A:0A9E X:0E68 Y:0A9E S:0120 D:0000 DB:86 nvmxdizc V:258 H:154 F:27
				8496C8 E5 00       SBC $00       [000000] A:0A9E X:0E68 Y:0A9E S:0120 D:0000 DB:86 nvmxdizC V:258 H:157 F:27
				8496CA 95 08       STA $08,X     [000E70] A:0A9D X:0E68 Y:0A9E S:0120 D:0000 DB:86 nvmxdizC V:258 H:164 F:27
				8496CC E2 20       SEP #$20               A:0A9D X:0E68 Y:0A9E S:0120 D:0000 DB:86 nvmxdizC V:258 H:173 F:27
				8496CE 74 2F       STZ $2F,X     [000E97] A:0A9D X:0E68 Y:0A9E S:0120 D:0000 DB:86 nvMxdizC V:258 H:177 F:27
				8496D0 A9 01       LDA #$01               A:0A9D X:0E68 Y:0A9E S:0120 D:0000 DB:86 nvMxdizC V:258 H:184 F:27
				8496D2 60          RTS                    A:0A01 X:0E68 Y:0A9E S:0120 D:0000 DB:86 nvMxdizC V:258 H:187 F:27

				849603 F0 11       BEQ $0011     [849616] A:0A01 X:0E68 Y:0A9E S:0122 D:0000 DB:86 nvMxdizC V:258 H:197 F:27
				849605 A6 2C       LDX $2C       [00002C] A:0A01 X:0E68 Y:0A9E S:0122 D:0000 DB:86 nvMxdizC V:258 H:200 F:27
				849607 A9 04       LDA #$04               A:0A01 X:0E68 Y:0A9E S:0122 D:0000 DB:86 nvMxdizC V:258 H:207 F:27
				849609 15 2B       ORA $2B,X     [000E93] A:0A04 X:0E68 Y:0A9E S:0122 D:0000 DB:86 nvMxdizC V:258 H:210 F:27
				84960B 95 2B       STA $2B,X     [000E93] A:0A04 X:0E68 Y:0A9E S:0122 D:0000 DB:86 nvMxdizC V:258 H:216 F:27
				84960D 20 4C 99    JSR $994C     [84994C] A:0A04 X:0E68 Y:0A9E S:0122 D:0000 DB:86 nvMxdizC V:258 H:223 F:27

				84994C AD 1C 1F    LDA $1F1C     [861F1C] A:0A04 X:0E68 Y:0A9E S:0120 D:0000 DB:86 nvMxdizC V:258 H:233 F:27
				84994F 10 06       BPL $0006     [849957] A:0A00 X:0E68 Y:0A9E S:0120 D:0000 DB:86 nvMxdiZC V:258 H:239 F:27
				849957 60          RTS                    A:0A00 X:0E68 Y:0A9E S:0120 D:0000 DB:86 nvMxdiZC V:258 H:244 F:27

				849610 20 08 93    JSR $9308     [849308] A:0A00 X:0E68 Y:0A9E S:0122 D:0000 DB:86 nvMxdiZC V:258 H:254 F:27

				849308 A5 14       LDA $14       [000014] A:0A00 X:0E68 Y:0A9E S:0120 D:0000 DB:86 nvMxdiZC V:258 H:264 F:27
				84930A F0 08       BEQ $0008     [849314] A:0A00 X:0E68 Y:0A9E S:0120 D:0000 DB:86 nvMxdiZC V:258 H:269 F:27
				849314 60          RTS                    A:0A00 X:0E68 Y:0A9E S:0120 D:0000 DB:86 nvMxdiZC V:258 H:273 F:27

				849613 A9 01       LDA #$01               A:0A00 X:0E68 Y:0A9E S:0122 D:0000 DB:86 nvMxdiZC V:258 H:283 F:27
				849615 60          RTS                    A:0A01 X:0E68 Y:0A9E S:0122 D:0000 DB:86 nvMxdizC V:258 H:286 F:27

				849275 D0 32       BNE $0032     [8492A9] A:0A01 X:0E68 Y:0A9E S:0124 D:0000 DB:86 nvMxdizC V:258 H:296 F:27
				8492A9 C2 30       REP #$30               A:0A01 X:0E68 Y:0A9E S:0124 D:0000 DB:86 nvMxdizC V:258 H:301 F:27
				8492AB 60          RTS                    A:0A01 X:0E68 Y:0A9E S:0124 D:0000 DB:86 nvmxdizC V:258 H:305 F:27

				8491DB 2B          PLD                    A:0A01 X:0E68 Y:0A9E S:0126 D:0000 DB:86 nvmxdizC V:258 H:315 F:27
				8491DC 28          PLP                    A:0A01 X:0E68 Y:0A9E S:0128 D:0E68 DB:86 nvmxdizC V:258 H:323 F:27
				8491DD 6B          RTL                    A:0A01 X:0068 Y:009E S:0129 D:0E68 DB:86 nvMXdizc V:258 H:329 F:27

			83B884 A5 2B       LDA $2B       [000E93] A:0A01 X:0068 Y:009E S:012C D:0E68 DB:86 nvMXdizc V:259 H:  0 F:27
			83B886 29 04       AND #$04               A:0A04 X:0068 Y:009E S:012C D:0E68 DB:86 nvMXdizc V:259 H:  6 F:27
			83B888 F0 06       BEQ $0006     [83B890] A:0A04 X:0068 Y:009E S:012C D:0E68 DB:86 nvMXdizc V:259 H:  9 F:27	Branch if E-Contact bit #$04 is not set (Colission with Floor)
			83B88A E6 03       INC $03       [000E6B] A:0A04 X:0068 Y:009E S:012C D:0E68 DB:86 nvMXdizc V:259 H: 12 F:27	|Increase Subaction twice = #$0C
			83B88C E6 03       INC $03       [000E6B] A:0A04 X:0068 Y:009E S:012C D:0E68 DB:86 nvMXdizc V:259 H: 22 F:27	|
			83B88E 64 2F       STZ $2F       [000E97] A:0A04 X:0068 Y:009E S:012C D:0E68 DB:86 nvMXdizc V:259 H: 32 F:27	E-Air = #$00 (On the ground)
			83B890 A5 3A       LDA $3A       [000EA2] A:0A04 X:0068 Y:009E S:012C D:0E68 DB:86 nvMXdizc V:259 H: 39 F:27
			83B892 F0 02       BEQ $0002     [83B896] A:0A02 X:0068 Y:009E S:012C D:0E68 DB:86 nvMXdizc V:259 H: 45 F:27	Branch (Return) if CDLoseShield = #$00
			83B894 C6 3A       DEC $3A       [000EA2] A:0A02 X:0068 Y:009E S:012C D:0E68 DB:86 nvMXdizc V:259 H: 48 F:27	Decrease CDLoseShield
			83B896 60          RTS                    A:0A02 X:0068 Y:009E S:012C D:0E68 DB:86 nvMXdizc V:259 H: 58 F:27	Return

		83B2ED A5 27       LDA $27       [000E8F] A:0A02 X:0068 Y:009E S:012E D:0E68 DB:86 nvMXdizc V:259 H: 68 F:27
