80D4F6 20 30 D5    JSR $D530     [80D530] A:0E01 X:0000 Y:00B9 S:0133 D:0E68 DB:86 nvMXdizC V:247 H:163 F:30

	80D530 C2 20       REP #$20               A:0E01 X:0000 Y:00B9 S:0131 D:0E68 DB:86 nvMXdizC V:247 H:173 F:30
	80D532 A5 05       LDA $05       [000E6D] A:0E01 X:0000 Y:00B9 S:0131 D:0E68 DB:86 nvmXdizC V:247 H:178 F:30
	80D534 85 22       STA $22       [000E8A] A:1DD0 X:0000 Y:00B9 S:0131 D:0E68 DB:86 nvmXdizC V:247 H:186 F:30
	80D536 A5 08       LDA $08       [000E70] A:1DD0 X:0000 Y:00B9 S:0131 D:0E68 DB:86 nvmXdizC V:247 H:195 F:30
	80D538 85 24       STA $24       [000E8C] A:034A X:0000 Y:00B9 S:0131 D:0E68 DB:86 nvmXdizC V:247 H:203 F:30
	80D53A E2 20       SEP #$20               A:034A X:0000 Y:00B9 S:0131 D:0E68 DB:86 nvmXdizC V:247 H:212 F:30
	80D53C A9 80       LDA #$80               A:034A X:0000 Y:00B9 S:0131 D:0E68 DB:86 nvMXdizC V:247 H:216 F:30
	80D53E 14 0E       TRB $0E       [000E76] A:0380 X:0000 Y:00B9 S:0131 D:0E68 DB:86 NvMXdizC V:247 H:219 F:30
	80D540 A5 0A       LDA $0A       [000E72] A:0380 X:0000 Y:00B9 S:0131 D:0E68 DB:86 NvMXdizC V:247 H:229 F:30
	80D542 0A          ASL A                  A:0331 X:0000 Y:00B9 S:0131 D:0E68 DB:86 nvMXdizC V:247 H:236 F:30
	80D543 AA          TAX                    A:0362 X:0000 Y:00B9 S:0131 D:0E68 DB:86 nvMXdizc V:247 H:239 F:30
	80D544 7C DD F8    JMP ($F8DD,X) [80F93F] A:0362 X:0062 Y:00B9 S:0131 D:0E68 DB:86 nvMXdizc V:247 H:242 F:30

	80FAA6 22 E1 9B 88 JSL $889BE1   [889BE1] A:0362 X:0062 Y:00B9 S:0131 D:0E68 DB:86 nvMXdizc V:247 H:251 F:30

		889BE1 A6 01       LDX $01       [000E69] A:0362 X:0062 Y:00B9 S:012E D:0E68 DB:86 nvMXdizc V:247 H:264 F:30
		889BE3 7C E6 9B    JMP ($9BE6,X) [889BEA] A:0362 X:0004 Y:00B9 S:012E D:0E68 DB:86 nvMXdizc V:247 H:271 F:30

		889D6E A9 0E       LDA #$0E               A:0362 X:0004 Y:00B9 S:012E D:0E68 DB:86 nvMXdizc V:247 H:280 F:30
		889D70 14 11       TRB $11       [000E79] A:030E X:0004 Y:00B9 S:012E D:0E68 DB:86 nvMXdizc V:247 H:283 F:30
		889D72 A5 33       LDA $33       [000E9B] A:030E X:0004 Y:00B9 S:012E D:0E68 DB:86 nvMXdizc V:247 H:293 F:30
		889D74 04 11       TSB $11       [000E79] A:0308 X:0004 Y:00B9 S:012E D:0E68 DB:86 nvMXdizc V:247 H:299 F:30
		889D76 A6 02       LDX $02       [000E6A] A:0308 X:0004 Y:00B9 S:012E D:0E68 DB:86 nvMXdiZc V:247 H:309 F:30
		889D78 FC 2C 9E    JSR ($9E2C,X) [889E2E] A:0308 X:0002 Y:00B9 S:012E D:0E68 DB:86 nvMXdizc V:247 H:316 F:30

			889F24 A6 03       LDX $03       [000E6B] A:0308 X:0002 Y:00B9 S:012C D:0E68 DB:86 nvMXdizc V:247 H:328 F:30
			889F26 7C 29 9F    JMP ($9F29,X) [889F2F] A:0308 X:0006 Y:00B9 S:012C D:0E68 DB:86 nvMXdizc V:247 H:334 F:30

			889F8D A5 0F       LDA $0F       [000E77] A:0308 X:0006 Y:00B9 S:012C D:0E68 DB:86 nvMXdizc V:248 H:  3 F:30
			889F8F 10 15       BPL $0015     [889FA6] A:0300 X:0006 Y:00B9 S:012C D:0E68 DB:86 nvMXdiZc V:248 H: 10 F:30
			889FA6 22 EA 8E 84 JSL $848EEA   [848EEA] A:0300 X:0006 Y:00B9 S:012C D:0E68 DB:86 nvMXdiZc V:248 H: 14 F:30		JSL $848EEA --> Decrease CDSkel, Continue Skeleton

				848EEA 08          PHP                    A:0300 X:0006 Y:00B9 S:0129 D:0E68 DB:86 nvMXdiZc V:248 H: 28 F:30
				848EEB 8B          PHB                    A:0300 X:0006 Y:00B9 S:0128 D:0E68 DB:86 nvMXdiZc V:248 H: 33 F:30
				848EEC E2 30       SEP #$30               A:0300 X:0006 Y:00B9 S:0127 D:0E68 DB:86 nvMXdiZc V:248 H: 38 F:30
				848EEE C6 13       DEC $13       [000E7B] A:0300 X:0006 Y:00B9 S:0127 D:0E68 DB:86 nvMXdiZc V:248 H: 42 F:30
				848EF0 D0 5D       BNE $005D     [848F4F] A:0300 X:0006 Y:00B9 S:0127 D:0E68 DB:86 nvMXdizc V:248 H: 52 F:30
				848F4F AB          PLB                    A:0300 X:0006 Y:00B9 S:0127 D:0E68 DB:86 nvMXdizc V:248 H: 57 F:30
				848F50 28          PLP                    A:0300 X:0006 Y:00B9 S:0128 D:0E68 DB:86 NvMXdizc V:248 H: 63 F:30
				848F51 6B          RTL                    A:0300 X:0006 Y:00B9 S:0129 D:0E68 DB:86 nvMXdiZc V:248 H: 70 F:30

			889FAA A5 0F       LDA $0F       [000E77] A:0300 X:0006 Y:00B9 S:012C D:0E68 DB:86 nvMXdiZc V:248 H: 80 F:30		|E-$20 = (SkelAction AND $000F)*5 + #$CFBD
			889FAC 29 0F       AND #$0F               A:0300 X:0006 Y:00B9 S:012C D:0E68 DB:86 nvMXdiZc V:248 H: 87 F:30		|
			889FAE 8D 00 00    STA $0000     [860000] A:0300 X:0006 Y:00B9 S:012C D:0E68 DB:86 nvMXdiZc V:248 H: 90 F:30		|
			889FB1 0A          ASL A                  A:0300 X:0006 Y:00B9 S:012C D:0E68 DB:86 nvMXdiZc V:248 H: 96 F:30		|
			889FB2 0A          ASL A                  A:0300 X:0006 Y:00B9 S:012C D:0E68 DB:86 nvMXdiZc V:248 H: 99 F:30		|
			889FB3 6D 00 00    ADC $0000     [860000] A:0300 X:0006 Y:00B9 S:012C D:0E68 DB:86 nvMXdiZc V:248 H:102 F:30		|
			889FB6 C2 20       REP #$20               A:0300 X:0006 Y:00B9 S:012C D:0E68 DB:86 nvMXdiZc V:248 H:109 F:30		|
			889FB8 29 FF 00    AND #$00FF             A:0300 X:0006 Y:00B9 S:012C D:0E68 DB:86 nvmXdiZc V:248 H:113 F:30		|	
			889FBB 18          CLC                    A:0000 X:0006 Y:00B9 S:012C D:0E68 DB:86 nvmXdiZc V:248 H:118 F:30		|
			889FBC 69 BD CF    ADC #$CFBD             A:0000 X:0006 Y:00B9 S:012C D:0E68 DB:86 nvmXdiZc V:248 H:121 F:30		|
			889FBF 85 20       STA $20       [000E88] A:CFBD X:0006 Y:00B9 S:012C D:0E68 DB:86 NvmXdizc V:248 H:125 F:30		|
			889FC1 A5 10       LDA $10       [000E78] A:CFBD X:0006 Y:00B9 S:012C D:0E68 DB:86 NvmXdizc V:248 H:144 F:30		|Branch if Facing Right	
			889FC3 0A          ASL A                  A:2900 X:0006 Y:00B9 S:012C D:0E68 DB:86 nvmXdizc V:248 H:152 F:30		|
			889FC4 0A          ASL A                  A:5200 X:0006 Y:00B9 S:012C D:0E68 DB:86 nvmXdizc V:248 H:155 F:30		|
			889FC5 B0 04       BCS $0004     [889FCB] A:A400 X:0006 Y:00B9 S:012C D:0E68 DB:86 NvmXdizc V:248 H:158 F:30		|
			889FC7 E6 22       INC $22       [000E8A] A:A400 X:0006 Y:00B9 S:012C D:0E68 DB:86 NvmXdizc V:248 H:161 F:30		Inc E-X-Pos-Old
			889FC9 80 02       BRA $0002     [889FCD] A:A400 X:0006 Y:00B9 S:012C D:0E68 DB:86 nvmXdizc V:248 H:175 F:30		
			889FCD E2 20       SEP #$20               A:A400 X:0006 Y:00B9 S:012C D:0E68 DB:86 nvmXdizc V:248 H:180 F:30		
			889FCF 22 BE 91 84 JSL $8491BE   [8491BE] A:A400 X:0006 Y:00B9 S:012C D:0E68 DB:86 nvMXdizc V:248 H:184 F:30		JSL $8491BE --> Check for colissions and adjust position

				8491BE 08          PHP                    A:A400 X:0006 Y:00B9 S:0129 D:0E68 DB:86 nvMXdizc V:248 H:198 F:30
				8491BF 0B          PHD                    A:A400 X:0006 Y:00B9 S:0128 D:0E68 DB:86 nvMXdizc V:248 H:203 F:30
				8491C0 C2 30       REP #$30               A:A400 X:0006 Y:00B9 S:0126 D:0E68 DB:86 nvMXdizc V:248 H:210 F:30
				8491C2 A5 20       LDA $20       [000E88] A:A400 X:0006 Y:00B9 S:0126 D:0E68 DB:86 nvmxdizc V:248 H:214 F:30
				8491C4 F0 15       BEQ $0015     [8491DB] A:CFBD X:0006 Y:00B9 S:0126 D:0E68 DB:86 Nvmxdizc V:248 H:223 F:30
				8491C6 7B          TDC                    A:CFBD X:0006 Y:00B9 S:0126 D:0E68 DB:86 Nvmxdizc V:248 H:226 F:30
				8491C7 AA          TAX                    A:0E68 X:0006 Y:00B9 S:0126 D:0E68 DB:86 nvmxdizc V:248 H:229 F:30
				8491C8 A9 00 00    LDA #$0000             A:0E68 X:0E68 Y:00B9 S:0126 D:0E68 DB:86 nvmxdizc V:248 H:232 F:30
				8491CB 5B          TCD                    A:0000 X:0E68 Y:00B9 S:0126 D:0E68 DB:86 nvmxdiZc V:248 H:236 F:30
				8491CC 64 14       STZ $14       [000014] A:0000 X:0E68 Y:00B9 S:0126 D:0000 DB:86 nvmxdiZc V:248 H:239 F:30
				8491CE B5 2B       LDA $2B,X     [000E93] A:0000 X:0E68 Y:00B9 S:0126 D:0000 DB:86 nvmxdiZc V:248 H:246 F:30
				8491D0 29 00 FF    AND #$FF00             A:0004 X:0E68 Y:00B9 S:0126 D:0000 DB:86 nvmxdizc V:248 H:255 F:30
				8491D3 95 2B       STA $2B,X     [000E93] A:0000 X:0E68 Y:00B9 S:0126 D:0000 DB:86 nvmxdiZc V:248 H:259 F:30
				8491D5 20 AC 92    JSR $92AC     [8492AC] A:0000 X:0E68 Y:00B9 S:0126 D:0000 DB:86 nvmxdiZc V:248 H:268 F:30

					8492AC C2 30       REP #$30               A:0000 X:0E68 Y:00B9 S:0124 D:0000 DB:86 nvmxdiZc V:248 H:278 F:30
					8492AE B5 05       LDA $05,X     [000E6D] A:0000 X:0E68 Y:00B9 S:0124 D:0000 DB:86 nvmxdiZc V:248 H:282 F:30
					8492B0 38          SEC                    A:1DD0 X:0E68 Y:00B9 S:0124 D:0000 DB:86 nvmxdizc V:248 H:291 F:30
					8492B1 F5 22       SBC $22,X     [000E8A] A:1DD0 X:0E68 Y:00B9 S:0124 D:0000 DB:86 nvmxdizC V:248 H:294 F:30
					8492B3 85 00       STA $00       [000000] A:FFFF X:0E68 Y:00B9 S:0124 D:0000 DB:86 Nvmxdizc V:248 H:302 F:30
					8492B5 E2 20       SEP #$20               A:FFFF X:0E68 Y:00B9 S:0124 D:0000 DB:86 Nvmxdizc V:248 H:309 F:30
					8492B7 F0 4C       BEQ $004C     [849305] A:FFFF X:0E68 Y:00B9 S:0124 D:0000 DB:86 NvMxdizc V:248 H:314 F:30
					8492B9 B4 20       LDY $20,X     [000E88] A:FFFF X:0E68 Y:00B9 S:0124 D:0000 DB:86 NvMxdizc V:248 H:317 F:30
					8492BB B9 05 00    LDA $0005,Y   [86CFC2] A:FFFF X:0E68 Y:CFBD S:0124 D:0000 DB:86 NvMxdizc V:248 H:325 F:30
					8492BE 34 11       BIT $11,X     [000E79] A:FFF0 X:0E68 Y:CFBD S:0124 D:0000 DB:86 NvMxdizc V:248 H:332 F:30
					8492C0 50 03       BVC $0003     [8492C5] A:FFF0 X:0E68 Y:CFBD S:0124 D:0000 DB:86 nvMxdizc V:248 H:338 F:30
					8492C5 24 00       BIT $00       [000000] A:FFF0 X:0E68 Y:CFBD S:0124 D:0000 DB:86 nvMxdizc V:249 H:  3 F:30
					8492C7 10 06       BPL $0006     [8492CF] A:FFF0 X:0E68 Y:CFBD S:0124 D:0000 DB:86 NVMxdizc V:249 H:  8 F:30
					8492C9 38          SEC                    A:FFF0 X:0E68 Y:CFBD S:0124 D:0000 DB:86 NVMxdizc V:249 H: 11 F:30
					8492CA F9 07 00    SBC $0007,Y   [86CFC4] A:FFF0 X:0E68 Y:CFBD S:0124 D:0000 DB:86 NVMxdizC V:249 H: 14 F:30
					8492CD 80 04       BRA $0004     [8492D3] A:FFE4 X:0E68 Y:CFBD S:0124 D:0000 DB:86 NvMxdizC V:249 H: 21 F:30
					8492D3 95 29       STA $29,X     [000E91] A:FFE4 X:0E68 Y:CFBD S:0124 D:0000 DB:86 NvMxdizC V:249 H: 26 F:30
					8492D5 B9 06 00    LDA $0006,Y   [86CFC3] A:FFE4 X:0E68 Y:CFBD S:0124 D:0000 DB:86 NvMxdizC V:249 H: 32 F:30
					8492D8 95 2A       STA $2A,X     [000E92] A:FFE5 X:0E68 Y:CFBD S:0124 D:0000 DB:86 NvMxdizC V:249 H: 40 F:30
					8492DA 20 15 93    JSR $9315     [849315] A:FFE5 X:0E68 Y:CFBD S:0124 D:0000 DB:86 NvMxdizC V:249 H: 46 F:30

						849315 20 B3 90    JSR $90B3     [8490B3] A:FFE5 X:0E68 Y:CFBD S:0122 D:0000 DB:86 NvMxdizC V:249 H: 56 F:30

							8490B3 0B          PHD                    A:FFE5 X:0E68 Y:CFBD S:0120 D:0000 DB:86 NvMxdizC V:249 H: 66 F:30
							8490B4 DA          PHX                    A:FFE5 X:0E68 Y:CFBD S:011E D:0000 DB:86 NvMxdizC V:249 H: 73 F:30
							8490B5 08          PHP                    A:FFE5 X:0E68 Y:CFBD S:011C D:0000 DB:86 NvMxdizC V:249 H: 80 F:30
							8490B6 E2 20       SEP #$20               A:FFE5 X:0E68 Y:CFBD S:011B D:0000 DB:86 NvMxdizC V:249 H: 85 F:30
							8490B8 C2 10       REP #$10               A:FFE5 X:0E68 Y:CFBD S:011B D:0000 DB:86 NvMxdizC V:249 H: 90 F:30
							8490BA 64 01       STZ $01       [000001] A:FFE5 X:0E68 Y:CFBD S:011B D:0000 DB:86 NvMxdizC V:249 H: 94 F:30
							8490BC B5 29       LDA $29,X     [000E91] A:FFE5 X:0E68 Y:CFBD S:011B D:0000 DB:86 NvMxdizC V:249 H: 99 F:30
							8490BE 10 02       BPL $0002     [8490C2] A:FFE4 X:0E68 Y:CFBD S:011B D:0000 DB:86 NvMxdizC V:249 H:106 F:30
							8490C0 C6 01       DEC $01       [000001] A:FFE4 X:0E68 Y:CFBD S:011B D:0000 DB:86 NvMxdizC V:249 H:109 F:30
							8490C2 18          CLC                    A:FFE4 X:0E68 Y:CFBD S:011B D:0000 DB:86 NvMxdizC V:249 H:117 F:30
							8490C3 75 05       ADC $05,X     [000E6D] A:FFE4 X:0E68 Y:CFBD S:011B D:0000 DB:86 NvMxdizc V:249 H:120 F:30
							8490C5 85 00       STA $00       [000000] A:FFB4 X:0E68 Y:CFBD S:011B D:0000 DB:86 NvMxdizC V:249 H:127 F:30
							8490C7 B5 06       LDA $06,X     [000E6E] A:FFB4 X:0E68 Y:CFBD S:011B D:0000 DB:86 NvMxdizC V:249 H:132 F:30
							8490C9 65 01       ADC $01       [000001] A:FF1D X:0E68 Y:CFBD S:011B D:0000 DB:86 nvMxdizC V:249 H:148 F:30
							8490CB 85 01       STA $01       [000001] A:FF1D X:0E68 Y:CFBD S:011B D:0000 DB:86 nvMxdizC V:249 H:153 F:30
							8490CD 64 03       STZ $03       [000003] A:FF1D X:0E68 Y:CFBD S:011B D:0000 DB:86 nvMxdizC V:249 H:158 F:30
							8490CF B5 2A       LDA $2A,X     [000E92] A:FF1D X:0E68 Y:CFBD S:011B D:0000 DB:86 nvMxdizC V:249 H:163 F:30
							8490D1 10 02       BPL $0002     [8490D5] A:FFE5 X:0E68 Y:CFBD S:011B D:0000 DB:86 NvMxdizC V:249 H:170 F:30
							8490D3 C6 03       DEC $03       [000003] A:FFE5 X:0E68 Y:CFBD S:011B D:0000 DB:86 NvMxdizC V:249 H:173 F:30
							8490D5 18          CLC                    A:FFE5 X:0E68 Y:CFBD S:011B D:0000 DB:86 NvMxdizC V:249 H:181 F:30
							8490D6 75 08       ADC $08,X     [000E70] A:FFE5 X:0E68 Y:CFBD S:011B D:0000 DB:86 NvMxdizc V:249 H:184 F:30
							8490D8 85 02       STA $02       [000002] A:FF2F X:0E68 Y:CFBD S:011B D:0000 DB:86 nvMxdizC V:249 H:191 F:30
							8490DA 29 F0       AND #$F0               A:FF2F X:0E68 Y:CFBD S:011B D:0000 DB:86 nvMxdizC V:249 H:196 F:30
							8490DC 85 0A       STA $0A       [00000A] A:FF20 X:0E68 Y:CFBD S:011B D:0000 DB:86 nvMxdizC V:249 H:199 F:30
							8490DE B5 09       LDA $09,X     [000E71] A:FF20 X:0E68 Y:CFBD S:011B D:0000 DB:86 nvMxdizC V:249 H:204 F:30
							8490E0 65 03       ADC $03       [000003] A:FF03 X:0E68 Y:CFBD S:011B D:0000 DB:86 nvMxdizC V:249 H:210 F:30
							8490E2 85 03       STA $03       [000003] A:FF03 X:0E68 Y:CFBD S:011B D:0000 DB:86 nvMxdizC V:249 H:215 F:30
							8490E4 85 0B       STA $0B       [00000B] A:FF03 X:0E68 Y:CFBD S:011B D:0000 DB:86 nvMxdizC V:249 H:220 F:30
							8490E6 A5 00       LDA $00       [000000] A:FF03 X:0E68 Y:CFBD S:011B D:0000 DB:86 nvMxdizC V:249 H:225 F:30
							8490E8 29 0F       AND #$0F               A:FFB4 X:0E68 Y:CFBD S:011B D:0000 DB:86 NvMxdizC V:249 H:230 F:30
							8490EA 1A          INC                    A:FF04 X:0E68 Y:CFBD S:011B D:0000 DB:86 nvMxdizC V:249 H:233 F:30
							8490EB 85 0C       STA $0C       [00000C] A:FF05 X:0E68 Y:CFBD S:011B D:0000 DB:86 nvMxdizC V:249 H:236 F:30
							8490ED A5 02       LDA $02       [000002] A:FF05 X:0E68 Y:CFBD S:011B D:0000 DB:86 nvMxdizC V:249 H:241 F:30
							8490EF 29 0F       AND #$0F               A:FF2F X:0E68 Y:CFBD S:011B D:0000 DB:86 nvMxdizC V:249 H:246 F:30
							8490F1 1A          INC                    A:FF0F X:0E68 Y:CFBD S:011B D:0000 DB:86 nvMxdizC V:249 H:249 F:30
							8490F2 85 0E       STA $0E       [00000E] A:FF10 X:0E68 Y:CFBD S:011B D:0000 DB:86 nvMxdizC V:249 H:252 F:30
							8490F4 C2 20       REP #$20               A:FF10 X:0E68 Y:CFBD S:011B D:0000 DB:86 nvMxdizC V:249 H:257 F:30
							8490F6 20 6A 91    JSR $916A     [84916A] A:FF10 X:0E68 Y:CFBD S:011B D:0000 DB:86 nvmxdizC V:249 H:262 F:30

								84916A A9 00 E8    LDA #$E800             A:FF10 X:0E68 Y:CFBD S:0119 D:0000 DB:86 nvmxdizC V:249 H:272 F:30
								84916D 85 10       STA $10       [000010] A:E800 X:0E68 Y:CFBD S:0119 D:0000 DB:86 NvmxdizC V:249 H:276 F:30
								84916F A9 7E 00    LDA #$007E             A:E800 X:0E68 Y:CFBD S:0119 D:0000 DB:86 NvmxdizC V:249 H:283 F:30
								849172 85 12       STA $12       [000012] A:007E X:0E68 Y:CFBD S:0119 D:0000 DB:86 nvmxdizC V:249 H:288 F:30
								849174 A5 02       LDA $02       [000002] A:007E X:0E68 Y:CFBD S:0119 D:0000 DB:86 nvmxdizC V:249 H:295 F:30
								849176 29 F0 00    AND #$00F0             A:032F X:0E68 Y:CFBD S:0119 D:0000 DB:86 nvmxdizC V:249 H:302 F:30
								849179 0A          ASL A                  A:0020 X:0E68 Y:CFBD S:0119 D:0000 DB:86 nvmxdizC V:249 H:306 F:30
								84917A 85 04       STA $04       [000004] A:0040 X:0E68 Y:CFBD S:0119 D:0000 DB:86 nvmxdizc V:249 H:309 F:30
								84917C A5 00       LDA $00       [000000] A:0040 X:0E68 Y:CFBD S:0119 D:0000 DB:86 nvmxdizc V:249 H:316 F:30
								84917E 29 FF 00    AND #$00FF             A:1DB4 X:0E68 Y:CFBD S:0119 D:0000 DB:86 nvmxdizc V:249 H:323 F:30
								849181 4A          LSR A                  A:00B4 X:0E68 Y:CFBD S:0119 D:0000 DB:86 nvmxdizc V:249 H:327 F:30
								849182 4A          LSR A                  A:005A X:0E68 Y:CFBD S:0119 D:0000 DB:86 nvmxdizc V:249 H:330 F:30
								849183 4A          LSR A                  A:002D X:0E68 Y:CFBD S:0119 D:0000 DB:86 nvmxdizc V:249 H:333 F:30
								849184 29 FE FF    AND #$FFFE             A:0016 X:0E68 Y:CFBD S:0119 D:0000 DB:86 nvmxdizC V:249 H:336 F:30
								849187 18          CLC                    A:0016 X:0E68 Y:CFBD S:0119 D:0000 DB:86 nvmxdizC V:250 H:  0 F:30
								849188 65 04       ADC $04       [000004] A:0016 X:0E68 Y:CFBD S:0119 D:0000 DB:86 nvmxdizc V:250 H:  3 F:30
								84918A 85 06       STA $06       [000006] A:0056 X:0E68 Y:CFBD S:0119 D:0000 DB:86 nvmxdizc V:250 H: 10 F:30
								84918C A5 00       LDA $00       [000000] A:0056 X:0E68 Y:CFBD S:0119 D:0000 DB:86 nvmxdizc V:250 H: 17 F:30
								84918E EB          XBA                    A:1DB4 X:0E68 Y:CFBD S:0119 D:0000 DB:86 nvmxdizc V:250 H: 24 F:30
								84918F 29 1F 00    AND #$001F             A:B41D X:0E68 Y:CFBD S:0119 D:0000 DB:86 nvmxdizc V:250 H: 29 F:30
								849192 85 04       STA $04       [000004] A:001D X:0E68 Y:CFBD S:0119 D:0000 DB:86 nvmxdizc V:250 H: 33 F:30
								849194 A5 02       LDA $02       [000002] A:001D X:0E68 Y:CFBD S:0119 D:0000 DB:86 nvmxdizc V:250 H: 40 F:30
								849196 29 00 1F    AND #$1F00             A:032F X:0E68 Y:CFBD S:0119 D:0000 DB:86 nvmxdizc V:250 H: 47 F:30
								849199 4A          LSR A                  A:0300 X:0E68 Y:CFBD S:0119 D:0000 DB:86 nvmxdizc V:250 H: 52 F:30
								84919A 4A          LSR A                  A:0180 X:0E68 Y:CFBD S:0119 D:0000 DB:86 nvmxdizc V:250 H: 55 F:30
								84919B 4A          LSR A                  A:00C0 X:0E68 Y:CFBD S:0119 D:0000 DB:86 nvmxdizc V:250 H: 58 F:30
								84919C 18          CLC                    A:0060 X:0E68 Y:CFBD S:0119 D:0000 DB:86 nvmxdizc V:250 H: 61 F:30
								84919D 65 04       ADC $04       [000004] A:0060 X:0E68 Y:CFBD S:0119 D:0000 DB:86 nvmxdizc V:250 H: 64 F:30
								84919F A8          TAY                    A:007D X:0E68 Y:CFBD S:0119 D:0000 DB:86 nvmxdizc V:250 H: 71 F:30
								8491A0 B7 10       LDA [$10],Y   [7EE87D] A:007D X:0E68 Y:007D S:0119 D:0000 DB:86 nvmxdizc V:250 H: 74 F:30
								8491A2 29 FF 00    AND #$00FF             A:0024 X:0E68 Y:007D S:0119 D:0000 DB:86 nvmxdizc V:250 H: 87 F:30
								8491A5 A8          TAY                    A:0024 X:0E68 Y:007D S:0119 D:0000 DB:86 nvmxdizc V:250 H: 91 F:30
								8491A6 EB          XBA                    A:0024 X:0E68 Y:0024 S:0119 D:0000 DB:86 nvmxdizc V:250 H: 94 F:30
								8491A7 0A          ASL A                  A:2400 X:0E68 Y:0024 S:0119 D:0000 DB:86 nvmxdiZc V:250 H: 99 F:30
								8491A8 18          CLC                    A:4800 X:0E68 Y:0024 S:0119 D:0000 DB:86 nvmxdizc V:250 H:102 F:30
								8491A9 65 06       ADC $06       [000006] A:4800 X:0E68 Y:0024 S:0119 D:0000 DB:86 nvmxdizc V:250 H:105 F:30
								8491AB AA          TAX                    A:4856 X:0E68 Y:0024 S:0119 D:0000 DB:86 nvmxdizc V:250 H:112 F:30
								8491AC 60          RTS                    A:4856 X:4856 Y:0024 S:0119 D:0000 DB:86 nvmxdizc V:250 H:115 F:30

							8490F9 BF 00 20 7E LDA $7E2000,X [7E6856] A:4856 X:4856 Y:0024 S:011B D:0000 DB:86 nvmxdizc V:250 H:125 F:30
							8490FD A8          TAY                    A:017A X:4856 Y:0024 S:011B D:0000 DB:86 nvmxdizc V:250 H:145 F:30
							8490FE AD 92 0B    LDA $0B92     [860B92] A:017A X:4856 Y:017A S:011B D:0000 DB:86 nvmxdizc V:250 H:148 F:30
							849101 85 10       STA $10       [000010] A:EB15 X:4856 Y:017A S:011B D:0000 DB:86 Nvmxdizc V:250 H:156 F:30
							849103 AD 94 0B    LDA $0B94     [860B94] A:EB15 X:4856 Y:017A S:011B D:0000 DB:86 Nvmxdizc V:250 H:163 F:30
							849106 85 12       STA $12       [000012] A:F895 X:4856 Y:017A S:011B D:0000 DB:86 Nvmxdizc V:250 H:172 F:30
							849108 B7 10       LDA [$10],Y   [95EC8F] A:F895 X:4856 Y:017A S:011B D:0000 DB:86 Nvmxdizc V:250 H:179 F:30
							84910A 29 FF 00    AND #$00FF             A:0000 X:4856 Y:017A S:011B D:0000 DB:86 nvmxdiZc V:250 H:191 F:30
							84910D 28          PLP                    A:0000 X:4856 Y:017A S:011B D:0000 DB:86 nvmxdiZc V:250 H:195 F:30
							84910E FA          PLX                    A:0000 X:4856 Y:017A S:011C D:0000 DB:86 NvMxdizC V:250 H:202 F:30
							84910F 2B          PLD                    A:0000 X:0E68 Y:017A S:011E D:0000 DB:86 nvMxdizC V:250 H:210 F:30
							849110 60          RTS                    A:0000 X:0E68 Y:017A S:0120 D:0000 DB:86 nvMxdiZC V:250 H:219 F:30

						849318 B4 05       LDY $05,X     [000E6D] A:0000 X:0E68 Y:017A S:0122 D:0000 DB:86 nvMxdiZC V:250 H:229 F:30
						84931A 84 10       STY $10       [000010] A:0000 X:0E68 Y:1DD0 S:0122 D:0000 DB:86 nvMxdizC V:250 H:237 F:30
						84931C B4 08       LDY $08,X     [000E70] A:0000 X:0E68 Y:1DD0 S:0122 D:0000 DB:86 nvMxdizC V:250 H:244 F:30
						84931E 84 12       STY $12       [000012] A:0000 X:0E68 Y:034A S:0122 D:0000 DB:86 nvMxdizC V:250 H:253 F:30
						849320 95 2D       STA $2D,X     [000E95] A:0000 X:0E68 Y:034A S:0122 D:0000 DB:86 nvMxdizC V:250 H:260 F:30
						849322 86 2C       STX $2C       [00002C] A:0000 X:0E68 Y:034A S:0122 D:0000 DB:86 nvMxdizC V:250 H:266 F:30
						849324 29 3F       AND #$3F               A:0000 X:0E68 Y:034A S:0122 D:0000 DB:86 nvMxdizC V:250 H:273 F:30
						849326 0A          ASL A                  A:0000 X:0E68 Y:034A S:0122 D:0000 DB:86 nvMxdiZC V:250 H:276 F:30
						849327 EB          XBA                    A:0000 X:0E68 Y:034A S:0122 D:0000 DB:86 nvMxdiZc V:250 H:279 F:30
						849328 A9 00       LDA #$00               A:0000 X:0E68 Y:034A S:0122 D:0000 DB:86 nvMxdiZc V:250 H:284 F:30
						84932A EB          XBA                    A:0000 X:0E68 Y:034A S:0122 D:0000 DB:86 nvMxdiZc V:250 H:287 F:30
						84932B AA          TAX                    A:0000 X:0E68 Y:034A S:0122 D:0000 DB:86 nvMxdiZc V:250 H:291 F:30
						84932C FC 5D 93    JSR ($935D,X) [84935D] A:0000 X:0000 Y:034A S:0122 D:0000 DB:86 nvMxdiZc V:250 H:294 F:30

							84977A A9 00       LDA #$00               A:0000 X:0000 Y:034A S:0120 D:0000 DB:86 nvMxdiZc V:250 H:307 F:30
							84977C 60          RTS                    A:0000 X:0000 Y:034A S:0120 D:0000 DB:86 nvMxdiZc V:250 H:310 F:30

						84932F 08          PHP                    A:0000 X:0000 Y:034A S:0122 D:0000 DB:86 nvMxdiZc V:250 H:320 F:30
						849330 A6 2C       LDX $2C       [00002C] A:0000 X:0000 Y:034A S:0121 D:0000 DB:86 nvMxdiZc V:250 H:325 F:30
						849332 A9 01       LDA #$01               A:0000 X:0E68 Y:034A S:0121 D:0000 DB:86 nvMxdizc V:250 H:331 F:30
						849334 34 29       BIT $29,X     [000E91] A:0001 X:0E68 Y:034A S:0121 D:0000 DB:86 nvMxdizc V:250 H:334 F:30
						849336 10 02       BPL $0002     [84933A] A:0001 X:0E68 Y:034A S:0121 D:0000 DB:86 NVMxdiZc V:251 H:  1 F:30
						849338 A9 02       LDA #$02               A:0001 X:0E68 Y:034A S:0121 D:0000 DB:86 NVMxdiZc V:251 H:  4 F:30
						84933A 28          PLP                    A:0002 X:0E68 Y:034A S:0121 D:0000 DB:86 nVMxdizc V:251 H:  7 F:30
						84933B F0 0C       BEQ $000C     [849349] A:0002 X:0E68 Y:034A S:0122 D:0000 DB:86 nvMxdiZc V:251 H: 13 F:30
						849349 49 FF       EOR #$FF               A:0002 X:0E68 Y:034A S:0122 D:0000 DB:86 nvMxdiZc V:251 H: 18 F:30
						84934B 35 2B       AND $2B,X     [000E93] A:00FD X:0E68 Y:034A S:0122 D:0000 DB:86 NvMxdizc V:251 H: 21 F:30
						84934D 95 2B       STA $2B,X     [000E93] A:0000 X:0E68 Y:034A S:0122 D:0000 DB:86 nvMxdiZc V:251 H: 27 F:30
						84934F 20 08 93    JSR $9308     [849308] A:0000 X:0E68 Y:034A S:0122 D:0000 DB:86 nvMxdiZc V:251 H: 34 F:30

													849308 A5 14       LDA $14       [000014] A:0000 X:0E68 Y:034A S:0120 D:0000 DB:86 nvMxdiZc V:251 H: 44 F:30
													84930A F0 08       BEQ $0008     [849314] A:0000 X:0E68 Y:034A S:0120 D:0000 DB:86 nvMxdiZc V:251 H: 49 F:30
													849314 60          RTS                    A:0000 X:0E68 Y:034A S:0120 D:0000 DB:86 nvMxdiZc V:251 H: 53 F:30

						849352 A9 00       LDA #$00               A:0000 X:0E68 Y:034A S:0122 D:0000 DB:86 nvMxdiZc V:251 H: 63 F:30
						849354 60          RTS                    A:0000 X:0E68 Y:034A S:0122 D:0000 DB:86 nvMxdiZc V:251 H: 66 F:30

					8492DD D0 26       BNE $0026     [849305] A:0000 X:0E68 Y:034A S:0124 D:0000 DB:86 nvMxdiZc V:251 H: 76 F:30
					8492DF B4 20       LDY $20,X     [000E88] A:0000 X:0E68 Y:034A S:0124 D:0000 DB:86 nvMxdiZc V:251 H: 79 F:30
					8492E1 B9 06 00    LDA $0006,Y   [86CFC3] A:0000 X:0E68 Y:CFBD S:0124 D:0000 DB:86 NvMxdizc V:251 H: 88 F:30
					8492E4 38          SEC                    A:00E5 X:0E68 Y:CFBD S:0124 D:0000 DB:86 NvMxdizc V:251 H: 95 F:30
					8492E5 F9 08 00    SBC $0008,Y   [86CFC5] A:00E5 X:0E68 Y:CFBD S:0124 D:0000 DB:86 NvMxdizC V:251 H: 98 F:30
					8492E8 18          CLC                    A:00D6 X:0E68 Y:CFBD S:0124 D:0000 DB:86 NvMxdizC V:251 H:106 F:30
					8492E9 79 09 00    ADC $0009,Y   [86CFC6] A:00D6 X:0E68 Y:CFBD S:0124 D:0000 DB:86 NvMxdizc V:251 H:109 F:30
					8492EC 95 2A       STA $2A,X     [000E92] A:00D6 X:0E68 Y:CFBD S:0124 D:0000 DB:86 NvMxdizc V:251 H:116 F:30
					8492EE 20 15 93    JSR $9315     [849315] A:00D6 X:0E68 Y:CFBD S:0124 D:0000 DB:86 NvMxdizc V:251 H:123 F:30

						849315 20 B3 90    JSR $90B3     [8490B3] A:00D6 X:0E68 Y:CFBD S:0122 D:0000 DB:86 NvMxdizc V:251 H:133 F:30

							8490B3 0B          PHD                    A:00D6 X:0E68 Y:CFBD S:0120 D:0000 DB:86 NvMxdizc V:251 H:153 F:30
							8490B4 DA          PHX                    A:00D6 X:0E68 Y:CFBD S:011E D:0000 DB:86 NvMxdizc V:251 H:160 F:30
							8490B5 08          PHP                    A:00D6 X:0E68 Y:CFBD S:011C D:0000 DB:86 NvMxdizc V:251 H:167 F:30
							8490B6 E2 20       SEP #$20               A:00D6 X:0E68 Y:CFBD S:011B D:0000 DB:86 NvMxdizc V:251 H:172 F:30
							8490B8 C2 10       REP #$10               A:00D6 X:0E68 Y:CFBD S:011B D:0000 DB:86 NvMxdizc V:251 H:176 F:30
							8490BA 64 01       STZ $01       [000001] A:00D6 X:0E68 Y:CFBD S:011B D:0000 DB:86 NvMxdizc V:251 H:181 F:30
							8490BC B5 29       LDA $29,X     [000E91] A:00D6 X:0E68 Y:CFBD S:011B D:0000 DB:86 NvMxdizc V:251 H:186 F:30
							8490BE 10 02       BPL $0002     [8490C2] A:00E4 X:0E68 Y:CFBD S:011B D:0000 DB:86 NvMxdizc V:251 H:192 F:30
							8490C0 C6 01       DEC $01       [000001] A:00E4 X:0E68 Y:CFBD S:011B D:0000 DB:86 NvMxdizc V:251 H:195 F:30
							8490C2 18          CLC                    A:00E4 X:0E68 Y:CFBD S:011B D:0000 DB:86 NvMxdizc V:251 H:204 F:30
							8490C3 75 05       ADC $05,X     [000E6D] A:00E4 X:0E68 Y:CFBD S:011B D:0000 DB:86 NvMxdizc V:251 H:207 F:30
							8490C5 85 00       STA $00       [000000] A:00B4 X:0E68 Y:CFBD S:011B D:0000 DB:86 NvMxdizC V:251 H:213 F:30
							8490C7 B5 06       LDA $06,X     [000E6E] A:00B4 X:0E68 Y:CFBD S:011B D:0000 DB:86 NvMxdizC V:251 H:218 F:30
							8490C9 65 01       ADC $01       [000001] A:001D X:0E68 Y:CFBD S:011B D:0000 DB:86 nvMxdizC V:251 H:225 F:30
							8490CB 85 01       STA $01       [000001] A:001D X:0E68 Y:CFBD S:011B D:0000 DB:86 nvMxdizC V:251 H:230 F:30
							8490CD 64 03       STZ $03       [000003] A:001D X:0E68 Y:CFBD S:011B D:0000 DB:86 nvMxdizC V:251 H:235 F:30
							8490CF B5 2A       LDA $2A,X     [000E92] A:001D X:0E68 Y:CFBD S:011B D:0000 DB:86 nvMxdizC V:251 H:240 F:30
							8490D1 10 02       BPL $0002     [8490D5] A:00D6 X:0E68 Y:CFBD S:011B D:0000 DB:86 NvMxdizC V:251 H:246 F:30
							8490D3 C6 03       DEC $03       [000003] A:00D6 X:0E68 Y:CFBD S:011B D:0000 DB:86 NvMxdizC V:251 H:249 F:30
							8490D5 18          CLC                    A:00D6 X:0E68 Y:CFBD S:011B D:0000 DB:86 NvMxdizC V:251 H:258 F:30
							8490D6 75 08       ADC $08,X     [000E70] A:00D6 X:0E68 Y:CFBD S:011B D:0000 DB:86 NvMxdizc V:251 H:261 F:30
							8490D8 85 02       STA $02       [000002] A:0020 X:0E68 Y:CFBD S:011B D:0000 DB:86 nvMxdizC V:251 H:267 F:30
							8490DA 29 F0       AND #$F0               A:0020 X:0E68 Y:CFBD S:011B D:0000 DB:86 nvMxdizC V:251 H:272 F:30
							8490DC 85 0A       STA $0A       [00000A] A:0020 X:0E68 Y:CFBD S:011B D:0000 DB:86 nvMxdizC V:251 H:275 F:30
							8490DE B5 09       LDA $09,X     [000E71] A:0020 X:0E68 Y:CFBD S:011B D:0000 DB:86 nvMxdizC V:251 H:280 F:30
							8490E0 65 03       ADC $03       [000003] A:0003 X:0E68 Y:CFBD S:011B D:0000 DB:86 nvMxdizC V:251 H:287 F:30
							8490E2 85 03       STA $03       [000003] A:0003 X:0E68 Y:CFBD S:011B D:0000 DB:86 nvMxdizC V:251 H:292 F:30
							8490E4 85 0B       STA $0B       [00000B] A:0003 X:0E68 Y:CFBD S:011B D:0000 DB:86 nvMxdizC V:251 H:297 F:30
							8490E6 A5 00       LDA $00       [000000] A:0003 X:0E68 Y:CFBD S:011B D:0000 DB:86 nvMxdizC V:251 H:302 F:30
							8490E8 29 0F       AND #$0F               A:00B4 X:0E68 Y:CFBD S:011B D:0000 DB:86 NvMxdizC V:251 H:307 F:30
							8490EA 1A          INC                    A:0004 X:0E68 Y:CFBD S:011B D:0000 DB:86 nvMxdizC V:251 H:310 F:30
							8490EB 85 0C       STA $0C       [00000C] A:0005 X:0E68 Y:CFBD S:011B D:0000 DB:86 nvMxdizC V:251 H:313 F:30
							8490ED A5 02       LDA $02       [000002] A:0005 X:0E68 Y:CFBD S:011B D:0000 DB:86 nvMxdizC V:251 H:318 F:30
							8490EF 29 0F       AND #$0F               A:0020 X:0E68 Y:CFBD S:011B D:0000 DB:86 nvMxdizC V:251 H:323 F:30
							8490F1 1A          INC                    A:0000 X:0E68 Y:CFBD S:011B D:0000 DB:86 nvMxdiZC V:251 H:325 F:30
							8490F2 85 0E       STA $0E       [00000E] A:0001 X:0E68 Y:CFBD S:011B D:0000 DB:86 nvMxdizC V:251 H:328 F:30
							8490F4 C2 20       REP #$20               A:0001 X:0E68 Y:CFBD S:011B D:0000 DB:86 nvMxdizC V:251 H:333 F:30
							8490F6 20 6A 91    JSR $916A     [84916A] A:0001 X:0E68 Y:CFBD S:011B D:0000 DB:86 nvmxdizC V:251 H:337 F:30

								84916A A9 00 E8    LDA #$E800             A:0001 X:0E68 Y:CFBD S:0119 D:0000 DB:86 nvmxdizC V:252 H:  7 F:30
								84916D 85 10       STA $10       [000010] A:E800 X:0E68 Y:CFBD S:0119 D:0000 DB:86 NvmxdizC V:252 H: 12 F:30
								84916F A9 7E 00    LDA #$007E             A:E800 X:0E68 Y:CFBD S:0119 D:0000 DB:86 NvmxdizC V:252 H: 19 F:30
								849172 85 12       STA $12       [000012] A:007E X:0E68 Y:CFBD S:0119 D:0000 DB:86 nvmxdizC V:252 H: 23 F:30
								849174 A5 02       LDA $02       [000002] A:007E X:0E68 Y:CFBD S:0119 D:0000 DB:86 nvmxdizC V:252 H: 30 F:30
								849176 29 F0 00    AND #$00F0             A:0320 X:0E68 Y:CFBD S:0119 D:0000 DB:86 nvmxdizC V:252 H: 37 F:30
								849179 0A          ASL A                  A:0020 X:0E68 Y:CFBD S:0119 D:0000 DB:86 nvmxdizC V:252 H: 42 F:30
								84917A 85 04       STA $04       [000004] A:0040 X:0E68 Y:CFBD S:0119 D:0000 DB:86 nvmxdizc V:252 H: 45 F:30
								84917C A5 00       LDA $00       [000000] A:0040 X:0E68 Y:CFBD S:0119 D:0000 DB:86 nvmxdizc V:252 H: 52 F:30
								84917E 29 FF 00    AND #$00FF             A:1DB4 X:0E68 Y:CFBD S:0119 D:0000 DB:86 nvmxdizc V:252 H: 59 F:30
								849181 4A          LSR A                  A:00B4 X:0E68 Y:CFBD S:0119 D:0000 DB:86 nvmxdizc V:252 H: 63 F:30
								849182 4A          LSR A                  A:005A X:0E68 Y:CFBD S:0119 D:0000 DB:86 nvmxdizc V:252 H: 66 F:30
								849183 4A          LSR A                  A:002D X:0E68 Y:CFBD S:0119 D:0000 DB:86 nvmxdizc V:252 H: 69 F:30
								849184 29 FE FF    AND #$FFFE             A:0016 X:0E68 Y:CFBD S:0119 D:0000 DB:86 nvmxdizC V:252 H: 72 F:30
								849187 18          CLC                    A:0016 X:0E68 Y:CFBD S:0119 D:0000 DB:86 nvmxdizC V:252 H: 77 F:30
								849188 65 04       ADC $04       [000004] A:0016 X:0E68 Y:CFBD S:0119 D:0000 DB:86 nvmxdizc V:252 H: 80 F:30
								84918A 85 06       STA $06       [000006] A:0056 X:0E68 Y:CFBD S:0119 D:0000 DB:86 nvmxdizc V:252 H: 87 F:30
								84918C A5 00       LDA $00       [000000] A:0056 X:0E68 Y:CFBD S:0119 D:0000 DB:86 nvmxdizc V:252 H: 94 F:30
								84918E EB          XBA                    A:1DB4 X:0E68 Y:CFBD S:0119 D:0000 DB:86 nvmxdizc V:252 H:101 F:30
								84918F 29 1F 00    AND #$001F             A:B41D X:0E68 Y:CFBD S:0119 D:0000 DB:86 nvmxdizc V:252 H:105 F:30
								849192 85 04       STA $04       [000004] A:001D X:0E68 Y:CFBD S:0119 D:0000 DB:86 nvmxdizc V:252 H:110 F:30
								849194 A5 02       LDA $02       [000002] A:001D X:0E68 Y:CFBD S:0119 D:0000 DB:86 nvmxdizc V:252 H:117 F:30
								849196 29 00 1F    AND #$1F00             A:0320 X:0E68 Y:CFBD S:0119 D:0000 DB:86 nvmxdizc V:252 H:124 F:30
								849199 4A          LSR A                  A:0300 X:0E68 Y:CFBD S:0119 D:0000 DB:86 nvmxdizc V:252 H:128 F:30
								84919A 4A          LSR A                  A:0180 X:0E68 Y:CFBD S:0119 D:0000 DB:86 nvmxdizc V:252 H:131 F:30
								84919B 4A          LSR A                  A:00C0 X:0E68 Y:CFBD S:0119 D:0000 DB:86 nvmxdizc V:252 H:144 F:30
								84919C 18          CLC                    A:0060 X:0E68 Y:CFBD S:0119 D:0000 DB:86 nvmxdizc V:252 H:147 F:30
								84919D 65 04       ADC $04       [000004] A:0060 X:0E68 Y:CFBD S:0119 D:0000 DB:86 nvmxdizc V:252 H:150 F:30
								84919F A8          TAY                    A:007D X:0E68 Y:CFBD S:0119 D:0000 DB:86 nvmxdizc V:252 H:157 F:30
								8491A0 B7 10       LDA [$10],Y   [7EE87D] A:007D X:0E68 Y:007D S:0119 D:0000 DB:86 nvmxdizc V:252 H:160 F:30
								8491A2 29 FF 00    AND #$00FF             A:0024 X:0E68 Y:007D S:0119 D:0000 DB:86 nvmxdizc V:252 H:173 F:30
								8491A5 A8          TAY                    A:0024 X:0E68 Y:007D S:0119 D:0000 DB:86 nvmxdizc V:252 H:178 F:30
								8491A6 EB          XBA                    A:0024 X:0E68 Y:0024 S:0119 D:0000 DB:86 nvmxdizc V:252 H:181 F:30
								8491A7 0A          ASL A                  A:2400 X:0E68 Y:0024 S:0119 D:0000 DB:86 nvmxdiZc V:252 H:185 F:30
								8491A8 18          CLC                    A:4800 X:0E68 Y:0024 S:0119 D:0000 DB:86 nvmxdizc V:252 H:188 F:30
								8491A9 65 06       ADC $06       [000006] A:4800 X:0E68 Y:0024 S:0119 D:0000 DB:86 nvmxdizc V:252 H:191 F:30
								8491AB AA          TAX                    A:4856 X:0E68 Y:0024 S:0119 D:0000 DB:86 nvmxdizc V:252 H:198 F:30
								8491AC 60          RTS                    A:4856 X:4856 Y:0024 S:0119 D:0000 DB:86 nvmxdizc V:252 H:201 F:30

							8490F9 BF 00 20 7E LDA $7E2000,X [7E6856] A:4856 X:4856 Y:0024 S:011B D:0000 DB:86 nvmxdizc V:252 H:211 F:30
							8490FD A8          TAY                    A:017A X:4856 Y:0024 S:011B D:0000 DB:86 nvmxdizc V:252 H:221 F:30
							8490FE AD 92 0B    LDA $0B92     [860B92] A:017A X:4856 Y:017A S:011B D:0000 DB:86 nvmxdizc V:252 H:224 F:30
							849101 85 10       STA $10       [000010] A:EB15 X:4856 Y:017A S:011B D:0000 DB:86 Nvmxdizc V:252 H:233 F:30
							849103 AD 94 0B    LDA $0B94     [860B94] A:EB15 X:4856 Y:017A S:011B D:0000 DB:86 Nvmxdizc V:252 H:240 F:30
							849106 85 12       STA $12       [000012] A:F895 X:4856 Y:017A S:011B D:0000 DB:86 Nvmxdizc V:252 H:248 F:30
							849108 B7 10       LDA [$10],Y   [95EC8F] A:F895 X:4856 Y:017A S:011B D:0000 DB:86 Nvmxdizc V:252 H:255 F:30
							84910A 29 FF 00    AND #$00FF             A:0000 X:4856 Y:017A S:011B D:0000 DB:86 nvmxdiZc V:252 H:267 F:30
							84910D 28          PLP                    A:0000 X:4856 Y:017A S:011B D:0000 DB:86 nvmxdiZc V:252 H:272 F:30
							84910E FA          PLX                    A:0000 X:4856 Y:017A S:011C D:0000 DB:86 NvMxdizc V:252 H:278 F:30
							84910F 2B          PLD                    A:0000 X:0E68 Y:017A S:011E D:0000 DB:86 nvMxdizc V:252 H:287 F:30
							849110 60          RTS                    A:0000 X:0E68 Y:017A S:0120 D:0000 DB:86 nvMxdiZc V:252 H:295 F:30

						849318 B4 05       LDY $05,X     [000E6D] A:0000 X:0E68 Y:017A S:0122 D:0000 DB:86 nvMxdiZc V:252 H:305 F:30
						84931A 84 10       STY $10       [000010] A:0000 X:0E68 Y:1DD0 S:0122 D:0000 DB:86 nvMxdizc V:252 H:314 F:30
						84931C B4 08       LDY $08,X     [000E70] A:0000 X:0E68 Y:1DD0 S:0122 D:0000 DB:86 nvMxdizc V:252 H:321 F:30
						84931E 84 12       STY $12       [000012] A:0000 X:0E68 Y:034A S:0122 D:0000 DB:86 nvMxdizc V:252 H:328 F:30
						849320 95 2D       STA $2D,X     [000E95] A:0000 X:0E68 Y:034A S:0122 D:0000 DB:86 nvMxdizc V:252 H:335 F:30
						849322 86 2C       STX $2C       [00002C] A:0000 X:0E68 Y:034A S:0122 D:0000 DB:86 nvMxdizc V:253 H:  2 F:30
						849324 29 3F       AND #$3F               A:0000 X:0E68 Y:034A S:0122 D:0000 DB:86 nvMxdizc V:253 H:  9 F:30
						849326 0A          ASL A                  A:0000 X:0E68 Y:034A S:0122 D:0000 DB:86 nvMxdiZc V:253 H: 12 F:30
						849327 EB          XBA                    A:0000 X:0E68 Y:034A S:0122 D:0000 DB:86 nvMxdiZc V:253 H: 15 F:30
						849328 A9 00       LDA #$00               A:0000 X:0E68 Y:034A S:0122 D:0000 DB:86 nvMxdiZc V:253 H: 19 F:30
						84932A EB          XBA                    A:0000 X:0E68 Y:034A S:0122 D:0000 DB:86 nvMxdiZc V:253 H: 22 F:30
						84932B AA          TAX                    A:0000 X:0E68 Y:034A S:0122 D:0000 DB:86 nvMxdiZc V:253 H: 27 F:30
						84932C FC 5D 93    JSR ($935D,X) [84935D] A:0000 X:0000 Y:034A S:0122 D:0000 DB:86 nvMxdiZc V:253 H: 30 F:30

							84977A A9 00       LDA #$00               A:0000 X:0000 Y:034A S:0120 D:0000 DB:86 nvMxdiZc V:253 H: 43 F:30
							84977C 60          RTS                    A:0000 X:0000 Y:034A S:0120 D:0000 DB:86 nvMxdiZc V:253 H: 46 F:30

						84932F 08          PHP                    A:0000 X:0000 Y:034A S:0122 D:0000 DB:86 nvMxdiZc V:253 H: 56 F:30
						849330 A6 2C       LDX $2C       [00002C] A:0000 X:0000 Y:034A S:0121 D:0000 DB:86 nvMxdiZc V:253 H: 61 F:30
						849332 A9 01       LDA #$01               A:0000 X:0E68 Y:034A S:0121 D:0000 DB:86 nvMxdizc V:253 H: 68 F:30
						849334 34 29       BIT $29,X     [000E91] A:0001 X:0E68 Y:034A S:0121 D:0000 DB:86 nvMxdizc V:253 H: 71 F:30
						849336 10 02       BPL $0002     [84933A] A:0001 X:0E68 Y:034A S:0121 D:0000 DB:86 NVMxdiZc V:253 H: 77 F:30
						849338 A9 02       LDA #$02               A:0001 X:0E68 Y:034A S:0121 D:0000 DB:86 NVMxdiZc V:253 H: 80 F:30
						84933A 28          PLP                    A:0002 X:0E68 Y:034A S:0121 D:0000 DB:86 nVMxdizc V:253 H: 83 F:30
						84933B F0 0C       BEQ $000C     [849349] A:0002 X:0E68 Y:034A S:0122 D:0000 DB:86 nvMxdiZc V:253 H: 90 F:30
						849349 49 FF       EOR #$FF               A:0002 X:0E68 Y:034A S:0122 D:0000 DB:86 nvMxdiZc V:253 H: 94 F:30
						84934B 35 2B       AND $2B,X     [000E93] A:00FD X:0E68 Y:034A S:0122 D:0000 DB:86 NvMxdizc V:253 H: 97 F:30
						84934D 95 2B       STA $2B,X     [000E93] A:0000 X:0E68 Y:034A S:0122 D:0000 DB:86 nvMxdiZc V:253 H:104 F:30
						84934F 20 08 93    JSR $9308     [849308] A:0000 X:0E68 Y:034A S:0122 D:0000 DB:86 nvMxdiZc V:253 H:110 F:30

							849308 A5 14       LDA $14       [000014] A:0000 X:0E68 Y:034A S:0120 D:0000 DB:86 nvMxdiZc V:253 H:120 F:30
							84930A F0 08       BEQ $0008     [849314] A:0000 X:0E68 Y:034A S:0120 D:0000 DB:86 nvMxdiZc V:253 H:125 F:30
							849314 60          RTS                    A:0000 X:0E68 Y:034A S:0120 D:0000 DB:86 nvMxdiZc V:253 H:130 F:30

						849352 A9 00       LDA #$00               A:0000 X:0E68 Y:034A S:0122 D:0000 DB:86 nvMxdiZc V:253 H:150 F:30
						849354 60          RTS                    A:0000 X:0E68 Y:034A S:0122 D:0000 DB:86 nvMxdiZc V:253 H:153 F:30

					8492F1 D0 12       BNE $0012     [849305] A:0000 X:0E68 Y:034A S:0124 D:0000 DB:86 nvMxdiZc V:253 H:163 F:30
					8492F3 B4 20       LDY $20,X     [000E88] A:0000 X:0E68 Y:034A S:0124 D:0000 DB:86 nvMxdiZc V:253 H:166 F:30
					8492F5 B9 06 00    LDA $0006,Y   [86CFC3] A:0000 X:0E68 Y:CFBD S:0124 D:0000 DB:86 NvMxdizc V:253 H:174 F:30
					8492F8 18          CLC                    A:00E5 X:0E68 Y:CFBD S:0124 D:0000 DB:86 NvMxdizc V:253 H:182 F:30
					8492F9 79 08 00    ADC $0008,Y   [86CFC5] A:00E5 X:0E68 Y:CFBD S:0124 D:0000 DB:86 NvMxdizc V:253 H:185 F:30
					8492FC 38          SEC                    A:00F4 X:0E68 Y:CFBD S:0124 D:0000 DB:86 NvMxdizc V:253 H:192 F:30
					8492FD F9 09 00    SBC $0009,Y   [86CFC6] A:00F4 X:0E68 Y:CFBD S:0124 D:0000 DB:86 NvMxdizC V:253 H:195 F:30
					849300 95 2A       STA $2A,X     [000E92] A:00F4 X:0E68 Y:CFBD S:0124 D:0000 DB:86 NvMxdizC V:253 H:203 F:30
					849302 20 15 93    JSR $9315     [849315] A:00F4 X:0E68 Y:CFBD S:0124 D:0000 DB:86 NvMxdizC V:253 H:209 F:30

						849315 20 B3 90    JSR $90B3     [8490B3] A:00F4 X:0E68 Y:CFBD S:0122 D:0000 DB:86 NvMxdizC V:253 H:219 F:30

							8490B3 0B          PHD                    A:00F4 X:0E68 Y:CFBD S:0120 D:0000 DB:86 NvMxdizC V:253 H:229 F:30
							8490B4 DA          PHX                    A:00F4 X:0E68 Y:CFBD S:011E D:0000 DB:86 NvMxdizC V:253 H:236 F:30
							8490B5 08          PHP                    A:00F4 X:0E68 Y:CFBD S:011C D:0000 DB:86 NvMxdizC V:253 H:243 F:30
							8490B6 E2 20       SEP #$20               A:00F4 X:0E68 Y:CFBD S:011B D:0000 DB:86 NvMxdizC V:253 H:248 F:30
							8490B8 C2 10       REP #$10               A:00F4 X:0E68 Y:CFBD S:011B D:0000 DB:86 NvMxdizC V:253 H:253 F:30
							8490BA 64 01       STZ $01       [000001] A:00F4 X:0E68 Y:CFBD S:011B D:0000 DB:86 NvMxdizC V:253 H:257 F:30
							8490BC B5 29       LDA $29,X     [000E91] A:00F4 X:0E68 Y:CFBD S:011B D:0000 DB:86 NvMxdizC V:253 H:262 F:30
							8490BE 10 02       BPL $0002     [8490C2] A:00E4 X:0E68 Y:CFBD S:011B D:0000 DB:86 NvMxdizC V:253 H:269 F:30
							8490C0 C6 01       DEC $01       [000001] A:00E4 X:0E68 Y:CFBD S:011B D:0000 DB:86 NvMxdizC V:253 H:272 F:30
							8490C2 18          CLC                    A:00E4 X:0E68 Y:CFBD S:011B D:0000 DB:86 NvMxdizC V:253 H:280 F:30
							8490C3 75 05       ADC $05,X     [000E6D] A:00E4 X:0E68 Y:CFBD S:011B D:0000 DB:86 NvMxdizc V:253 H:283 F:30
							8490C5 85 00       STA $00       [000000] A:00B4 X:0E68 Y:CFBD S:011B D:0000 DB:86 NvMxdizC V:253 H:290 F:30
							8490C7 B5 06       LDA $06,X     [000E6E] A:00B4 X:0E68 Y:CFBD S:011B D:0000 DB:86 NvMxdizC V:253 H:295 F:30
							8490C9 65 01       ADC $01       [000001] A:001D X:0E68 Y:CFBD S:011B D:0000 DB:86 nvMxdizC V:253 H:301 F:30
							8490CB 85 01       STA $01       [000001] A:001D X:0E68 Y:CFBD S:011B D:0000 DB:86 nvMxdizC V:253 H:306 F:30
							8490CD 64 03       STZ $03       [000003] A:001D X:0E68 Y:CFBD S:011B D:0000 DB:86 nvMxdizC V:253 H:311 F:30
							8490CF B5 2A       LDA $2A,X     [000E92] A:001D X:0E68 Y:CFBD S:011B D:0000 DB:86 nvMxdizC V:253 H:316 F:30
							8490D1 10 02       BPL $0002     [8490D5] A:00F4 X:0E68 Y:CFBD S:011B D:0000 DB:86 NvMxdizC V:253 H:323 F:30
							8490D3 C6 03       DEC $03       [000003] A:00F4 X:0E68 Y:CFBD S:011B D:0000 DB:86 NvMxdizC V:253 H:325 F:30
							8490D5 18          CLC                    A:00F4 X:0E68 Y:CFBD S:011B D:0000 DB:86 NvMxdizC V:253 H:333 F:30
							8490D6 75 08       ADC $08,X     [000E70] A:00F4 X:0E68 Y:CFBD S:011B D:0000 DB:86 NvMxdizc V:253 H:336 F:30
							8490D8 85 02       STA $02       [000002] A:003E X:0E68 Y:CFBD S:011B D:0000 DB:86 nvMxdizC V:254 H:  3 F:30
							8490DA 29 F0       AND #$F0               A:003E X:0E68 Y:CFBD S:011B D:0000 DB:86 nvMxdizC V:254 H:  8 F:30
							8490DC 85 0A       STA $0A       [00000A] A:0030 X:0E68 Y:CFBD S:011B D:0000 DB:86 nvMxdizC V:254 H: 11 F:30
							8490DE B5 09       LDA $09,X     [000E71] A:0030 X:0E68 Y:CFBD S:011B D:0000 DB:86 nvMxdizC V:254 H: 16 F:30
							8490E0 65 03       ADC $03       [000003] A:0003 X:0E68 Y:CFBD S:011B D:0000 DB:86 nvMxdizC V:254 H: 22 F:30
							8490E2 85 03       STA $03       [000003] A:0003 X:0E68 Y:CFBD S:011B D:0000 DB:86 nvMxdizC V:254 H: 27 F:30
							8490E4 85 0B       STA $0B       [00000B] A:0003 X:0E68 Y:CFBD S:011B D:0000 DB:86 nvMxdizC V:254 H: 32 F:30
							8490E6 A5 00       LDA $00       [000000] A:0003 X:0E68 Y:CFBD S:011B D:0000 DB:86 nvMxdizC V:254 H: 37 F:30
							8490E8 29 0F       AND #$0F               A:00B4 X:0E68 Y:CFBD S:011B D:0000 DB:86 NvMxdizC V:254 H: 42 F:30
							8490EA 1A          INC                    A:0004 X:0E68 Y:CFBD S:011B D:0000 DB:86 nvMxdizC V:254 H: 45 F:30
							8490EB 85 0C       STA $0C       [00000C] A:0005 X:0E68 Y:CFBD S:011B D:0000 DB:86 nvMxdizC V:254 H: 48 F:30
							8490ED A5 02       LDA $02       [000002] A:0005 X:0E68 Y:CFBD S:011B D:0000 DB:86 nvMxdizC V:254 H: 53 F:30
							8490EF 29 0F       AND #$0F               A:003E X:0E68 Y:CFBD S:011B D:0000 DB:86 nvMxdizC V:254 H: 58 F:30
							8490F1 1A          INC                    A:000E X:0E68 Y:CFBD S:011B D:0000 DB:86 nvMxdizC V:254 H: 61 F:30
							8490F2 85 0E       STA $0E       [00000E] A:000F X:0E68 Y:CFBD S:011B D:0000 DB:86 nvMxdizC V:254 H: 64 F:30
							8490F4 C2 20       REP #$20               A:000F X:0E68 Y:CFBD S:011B D:0000 DB:86 nvMxdizC V:254 H: 69 F:30
							8490F6 20 6A 91    JSR $916A     [84916A] A:000F X:0E68 Y:CFBD S:011B D:0000 DB:86 nvmxdizC V:254 H: 74 F:30

								84916A A9 00 E8    LDA #$E800             A:000F X:0E68 Y:CFBD S:0119 D:0000 DB:86 nvmxdizC V:254 H: 84 F:30
								84916D 85 10       STA $10       [000010] A:E800 X:0E68 Y:CFBD S:0119 D:0000 DB:86 NvmxdizC V:254 H: 88 F:30
								84916F A9 7E 00    LDA #$007E             A:E800 X:0E68 Y:CFBD S:0119 D:0000 DB:86 NvmxdizC V:254 H: 95 F:30
								849172 85 12       STA $12       [000012] A:007E X:0E68 Y:CFBD S:0119 D:0000 DB:86 nvmxdizC V:254 H:100 F:30
								849174 A5 02       LDA $02       [000002] A:007E X:0E68 Y:CFBD S:0119 D:0000 DB:86 nvmxdizC V:254 H:107 F:30
								849176 29 F0 00    AND #$00F0             A:033E X:0E68 Y:CFBD S:0119 D:0000 DB:86 nvmxdizC V:254 H:114 F:30
								849179 0A          ASL A                  A:0030 X:0E68 Y:CFBD S:0119 D:0000 DB:86 nvmxdizC V:254 H:118 F:30
								84917A 85 04       STA $04       [000004] A:0060 X:0E68 Y:CFBD S:0119 D:0000 DB:86 nvmxdizc V:254 H:121 F:30
								84917C A5 00       LDA $00       [000000] A:0060 X:0E68 Y:CFBD S:0119 D:0000 DB:86 nvmxdizc V:254 H:128 F:30
								84917E 29 FF 00    AND #$00FF             A:1DB4 X:0E68 Y:CFBD S:0119 D:0000 DB:86 nvmxdizc V:254 H:145 F:30
								849181 4A          LSR A                  A:00B4 X:0E68 Y:CFBD S:0119 D:0000 DB:86 nvmxdizc V:254 H:150 F:30
								849182 4A          LSR A                  A:005A X:0E68 Y:CFBD S:0119 D:0000 DB:86 nvmxdizc V:254 H:153 F:30
								849183 4A          LSR A                  A:002D X:0E68 Y:CFBD S:0119 D:0000 DB:86 nvmxdizc V:254 H:156 F:30
								849184 29 FE FF    AND #$FFFE             A:0016 X:0E68 Y:CFBD S:0119 D:0000 DB:86 nvmxdizC V:254 H:159 F:30
								849187 18          CLC                    A:0016 X:0E68 Y:CFBD S:0119 D:0000 DB:86 nvmxdizC V:254 H:163 F:30
								849188 65 04       ADC $04       [000004] A:0016 X:0E68 Y:CFBD S:0119 D:0000 DB:86 nvmxdizc V:254 H:166 F:30
								84918A 85 06       STA $06       [000006] A:0076 X:0E68 Y:CFBD S:0119 D:0000 DB:86 nvmxdizc V:254 H:173 F:30
								84918C A5 00       LDA $00       [000000] A:0076 X:0E68 Y:CFBD S:0119 D:0000 DB:86 nvmxdizc V:254 H:180 F:30
								84918E EB          XBA                    A:1DB4 X:0E68 Y:CFBD S:0119 D:0000 DB:86 nvmxdizc V:254 H:187 F:30
								84918F 29 1F 00    AND #$001F             A:B41D X:0E68 Y:CFBD S:0119 D:0000 DB:86 nvmxdizc V:254 H:192 F:30
								849192 85 04       STA $04       [000004] A:001D X:0E68 Y:CFBD S:0119 D:0000 DB:86 nvmxdizc V:254 H:196 F:30
								849194 A5 02       LDA $02       [000002] A:001D X:0E68 Y:CFBD S:0119 D:0000 DB:86 nvmxdizc V:254 H:203 F:30
								849196 29 00 1F    AND #$1F00             A:033E X:0E68 Y:CFBD S:0119 D:0000 DB:86 nvmxdizc V:254 H:210 F:30
								849199 4A          LSR A                  A:0300 X:0E68 Y:CFBD S:0119 D:0000 DB:86 nvmxdizc V:254 H:215 F:30
								84919A 4A          LSR A                  A:0180 X:0E68 Y:CFBD S:0119 D:0000 DB:86 nvmxdizc V:254 H:218 F:30
								84919B 4A          LSR A                  A:00C0 X:0E68 Y:CFBD S:0119 D:0000 DB:86 nvmxdizc V:254 H:221 F:30
								84919C 18          CLC                    A:0060 X:0E68 Y:CFBD S:0119 D:0000 DB:86 nvmxdizc V:254 H:224 F:30
								84919D 65 04       ADC $04       [000004] A:0060 X:0E68 Y:CFBD S:0119 D:0000 DB:86 nvmxdizc V:254 H:227 F:30
								84919F A8          TAY                    A:007D X:0E68 Y:CFBD S:0119 D:0000 DB:86 nvmxdizc V:254 H:234 F:30
								8491A0 B7 10       LDA [$10],Y   [7EE87D] A:007D X:0E68 Y:007D S:0119 D:0000 DB:86 nvmxdizc V:254 H:237 F:30
								8491A2 29 FF 00    AND #$00FF             A:0024 X:0E68 Y:007D S:0119 D:0000 DB:86 nvmxdizc V:254 H:250 F:30
								8491A5 A8          TAY                    A:0024 X:0E68 Y:007D S:0119 D:0000 DB:86 nvmxdizc V:254 H:254 F:30
								8491A6 EB          XBA                    A:0024 X:0E68 Y:0024 S:0119 D:0000 DB:86 nvmxdizc V:254 H:257 F:30
								8491A7 0A          ASL A                  A:2400 X:0E68 Y:0024 S:0119 D:0000 DB:86 nvmxdiZc V:254 H:262 F:30
								8491A8 18          CLC                    A:4800 X:0E68 Y:0024 S:0119 D:0000 DB:86 nvmxdizc V:254 H:265 F:30
								8491A9 65 06       ADC $06       [000006] A:4800 X:0E68 Y:0024 S:0119 D:0000 DB:86 nvmxdizc V:254 H:268 F:30
								8491AB AA          TAX                    A:4876 X:0E68 Y:0024 S:0119 D:0000 DB:86 nvmxdizc V:254 H:275 F:30
								8491AC 60          RTS                    A:4876 X:4876 Y:0024 S:0119 D:0000 DB:86 nvmxdizc V:254 H:278 F:30

							8490F9 BF 00 20 7E LDA $7E2000,X [7E6876] A:4876 X:4876 Y:0024 S:011B D:0000 DB:86 nvmxdizc V:254 H:288 F:30
							8490FD A8          TAY                    A:0187 X:4876 Y:0024 S:011B D:0000 DB:86 nvmxdizc V:254 H:298 F:30
							8490FE AD 92 0B    LDA $0B92     [860B92] A:0187 X:4876 Y:0187 S:011B D:0000 DB:86 nvmxdizc V:254 H:301 F:30
							849101 85 10       STA $10       [000010] A:EB15 X:4876 Y:0187 S:011B D:0000 DB:86 Nvmxdizc V:254 H:309 F:30
							849103 AD 94 0B    LDA $0B94     [860B94] A:EB15 X:4876 Y:0187 S:011B D:0000 DB:86 Nvmxdizc V:254 H:316 F:30
							849106 85 12       STA $12       [000012] A:F895 X:4876 Y:0187 S:011B D:0000 DB:86 Nvmxdizc V:254 H:324 F:30
							849108 B7 10       LDA [$10],Y   [95EC9C] A:F895 X:4876 Y:0187 S:011B D:0000 DB:86 Nvmxdizc V:254 H:331 F:30
							84910A 29 FF 00    AND #$00FF             A:0000 X:4876 Y:0187 S:011B D:0000 DB:86 nvmxdiZc V:255 H:  3 F:30
							84910D 28          PLP                    A:0000 X:4876 Y:0187 S:011B D:0000 DB:86 nvmxdiZc V:255 H:  7 F:30
							84910E FA          PLX                    A:0000 X:4876 Y:0187 S:011C D:0000 DB:86 NvMxdizC V:255 H: 14 F:30
							84910F 2B          PLD                    A:0000 X:0E68 Y:0187 S:011E D:0000 DB:86 nvMxdizC V:255 H: 22 F:30
							849110 60          RTS                    A:0000 X:0E68 Y:0187 S:0120 D:0000 DB:86 nvMxdiZC V:255 H: 31 F:30

						849318 B4 05       LDY $05,X     [000E6D] A:0000 X:0E68 Y:0187 S:0122 D:0000 DB:86 nvMxdiZC V:255 H: 41 F:30
						84931A 84 10       STY $10       [000010] A:0000 X:0E68 Y:1DD0 S:0122 D:0000 DB:86 nvMxdizC V:255 H: 49 F:30
						84931C B4 08       LDY $08,X     [000E70] A:0000 X:0E68 Y:1DD0 S:0122 D:0000 DB:86 nvMxdizC V:255 H: 56 F:30
						84931E 84 12       STY $12       [000012] A:0000 X:0E68 Y:034A S:0122 D:0000 DB:86 nvMxdizC V:255 H: 65 F:30
						849320 95 2D       STA $2D,X     [000E95] A:0000 X:0E68 Y:034A S:0122 D:0000 DB:86 nvMxdizC V:255 H: 72 F:30
						849322 86 2C       STX $2C       [00002C] A:0000 X:0E68 Y:034A S:0122 D:0000 DB:86 nvMxdizC V:255 H: 78 F:30
						849324 29 3F       AND #$3F               A:0000 X:0E68 Y:034A S:0122 D:0000 DB:86 nvMxdizC V:255 H: 85 F:30
						849326 0A          ASL A                  A:0000 X:0E68 Y:034A S:0122 D:0000 DB:86 nvMxdiZC V:255 H: 88 F:30
						849327 EB          XBA                    A:0000 X:0E68 Y:034A S:0122 D:0000 DB:86 nvMxdiZc V:255 H: 91 F:30
						849328 A9 00       LDA #$00               A:0000 X:0E68 Y:034A S:0122 D:0000 DB:86 nvMxdiZc V:255 H: 96 F:30
						84932A EB          XBA                    A:0000 X:0E68 Y:034A S:0122 D:0000 DB:86 nvMxdiZc V:255 H: 99 F:30
						84932B AA          TAX                    A:0000 X:0E68 Y:034A S:0122 D:0000 DB:86 nvMxdiZc V:255 H:103 F:30
						84932C FC 5D 93    JSR ($935D,X) [84935D] A:0000 X:0000 Y:034A S:0122 D:0000 DB:86 nvMxdiZc V:255 H:106 F:30

							84977A A9 00       LDA #$00               A:0000 X:0000 Y:034A S:0120 D:0000 DB:86 nvMxdiZc V:255 H:119 F:30
							84977C 60          RTS                    A:0000 X:0000 Y:034A S:0120 D:0000 DB:86 nvMxdiZc V:255 H:122 F:30

						84932F 08          PHP                    A:0000 X:0000 Y:034A S:0122 D:0000 DB:86 nvMxdiZc V:255 H:132 F:30
						849330 A6 2C       LDX $2C       [00002C] A:0000 X:0000 Y:034A S:0121 D:0000 DB:86 nvMxdiZc V:255 H:147 F:30
						849332 A9 01       LDA #$01               A:0000 X:0E68 Y:034A S:0121 D:0000 DB:86 nvMxdizc V:255 H:154 F:30
						849334 34 29       BIT $29,X     [000E91] A:0001 X:0E68 Y:034A S:0121 D:0000 DB:86 nvMxdizc V:255 H:157 F:30
						849336 10 02       BPL $0002     [84933A] A:0001 X:0E68 Y:034A S:0121 D:0000 DB:86 NVMxdiZc V:255 H:164 F:30
						849338 A9 02       LDA #$02               A:0001 X:0E68 Y:034A S:0121 D:0000 DB:86 NVMxdiZc V:255 H:167 F:30
						84933A 28          PLP                    A:0002 X:0E68 Y:034A S:0121 D:0000 DB:86 nVMxdizc V:255 H:170 F:30
						84933B F0 0C       BEQ $000C     [849349] A:0002 X:0E68 Y:034A S:0122 D:0000 DB:86 nvMxdiZc V:255 H:176 F:30
						849349 49 FF       EOR #$FF               A:0002 X:0E68 Y:034A S:0122 D:0000 DB:86 nvMxdiZc V:255 H:181 F:30
						84934B 35 2B       AND $2B,X     [000E93] A:00FD X:0E68 Y:034A S:0122 D:0000 DB:86 NvMxdizc V:255 H:184 F:30
						84934D 95 2B       STA $2B,X     [000E93] A:0000 X:0E68 Y:034A S:0122 D:0000 DB:86 nvMxdiZc V:255 H:190 F:30
						84934F 20 08 93    JSR $9308     [849308] A:0000 X:0E68 Y:034A S:0122 D:0000 DB:86 nvMxdiZc V:255 H:197 F:30

							849308 A5 14       LDA $14       [000014] A:0000 X:0E68 Y:034A S:0120 D:0000 DB:86 nvMxdiZc V:255 H:207 F:30
							84930A F0 08       BEQ $0008     [849314] A:0000 X:0E68 Y:034A S:0120 D:0000 DB:86 nvMxdiZc V:255 H:212 F:30
							849314 60          RTS                    A:0000 X:0E68 Y:034A S:0120 D:0000 DB:86 nvMxdiZc V:255 H:216 F:30

						849352 A9 00       LDA #$00               A:0000 X:0E68 Y:034A S:0122 D:0000 DB:86 nvMxdiZc V:255 H:226 F:30
						849354 60          RTS                    A:0000 X:0E68 Y:034A S:0122 D:0000 DB:86 nvMxdiZc V:255 H:229 F:30

					849305 C2 30       REP #$30               A:0000 X:0E68 Y:034A S:0124 D:0000 DB:86 nvMxdiZc V:255 H:239 F:30
					849307 60          RTS                    A:0000 X:0E68 Y:034A S:0124 D:0000 DB:86 nvmxdiZc V:255 H:244 F:30

				8491D8 20 ED 91    JSR $91ED     [8491ED] A:0000 X:0E68 Y:034A S:0126 D:0000 DB:86 nvmxdiZc V:255 H:254 F:30

					8491ED B5 08       LDA $08,X     [000E70] A:0000 X:0E68 Y:034A S:0124 D:0000 DB:86 nvmxdiZc V:255 H:264 F:30
					8491EF D5 24       CMP $24,X     [000E8C] A:034A X:0E68 Y:034A S:0124 D:0000 DB:86 nvmxdizc V:255 H:272 F:30
					8491F1 F0 F2       BEQ $00F2     [8491E5] A:034A X:0E68 Y:034A S:0124 D:0000 DB:86 nvmxdiZC V:255 H:281 F:30
					8491E5 B5 1C       LDA $1C,X     [000E84] A:034A X:0E68 Y:034A S:0124 D:0000 DB:86 nvmxdiZC V:255 H:285 F:30
					8491E7 F0 F5       BEQ $00F5     [8491DE] A:FFC3 X:0E68 Y:034A S:0124 D:0000 DB:86 NvmxdizC V:255 H:294 F:30
					8491E9 10 0A       BPL $000A     [8491F5] A:FFC3 X:0E68 Y:034A S:0124 D:0000 DB:86 NvmxdizC V:255 H:297 F:30
					8491EB 80 55       BRA $0055     [849242] A:FFC3 X:0E68 Y:034A S:0124 D:0000 DB:86 NvmxdizC V:255 H:300 F:30
					849242 E2 20       SEP #$20               A:FFC3 X:0E68 Y:034A S:0124 D:0000 DB:86 NvmxdizC V:255 H:304 F:30
					849244 A0 04 00    LDY #$0004             A:FFC3 X:0E68 Y:034A S:0124 D:0000 DB:86 NvMxdizC V:255 H:309 F:30
					849247 AD 1C 1F    LDA $1F1C     [861F1C] A:FFC3 X:0E68 Y:0004 S:0124 D:0000 DB:86 nvMxdizC V:255 H:313 F:30
					84924A F0 03       BEQ $0003     [84924F] A:FF00 X:0E68 Y:0004 S:0124 D:0000 DB:86 nvMxdiZC V:255 H:320 F:30
					84924F B5 2F       LDA $2F,X     [000E97] A:FF00 X:0E68 Y:0004 S:0124 D:0000 DB:86 nvMxdiZC V:255 H:324 F:30
					849251 F0 03       BEQ $0003     [849256] A:FFFF X:0E68 Y:0004 S:0124 D:0000 DB:86 NvMxdizC V:255 H:330 F:30
					849253 A0 00 00    LDY #$0000             A:FFFF X:0E68 Y:0004 S:0124 D:0000 DB:86 NvMxdizC V:255 H:333 F:30
					849256 98          TYA                    A:FFFF X:0E68 Y:0000 S:0124 D:0000 DB:86 nvMxdiZC V:255 H:337 F:30
					849257 09 80       ORA #$80               A:FF00 X:0E68 Y:0000 S:0124 D:0000 DB:86 nvMxdiZC V:256 H:  0 F:30
					849259 85 08       STA $08       [000008] A:FF80 X:0E68 Y:0000 S:0124 D:0000 DB:86 NvMxdizC V:256 H:  3 F:30
					84925B B4 20       LDY $20,X     [000E88] A:FF80 X:0E68 Y:0000 S:0124 D:0000 DB:86 NvMxdizC V:256 H:  8 F:30
					84925D B9 06 00    LDA $0006,Y   [86CFC3] A:FF80 X:0E68 Y:CFBD S:0124 D:0000 DB:86 NvMxdizC V:256 H: 17 F:30
					849260 18          CLC                    A:FFE5 X:0E68 Y:CFBD S:0124 D:0000 DB:86 NvMxdizC V:256 H: 24 F:30
					849261 79 08 00    ADC $0008,Y   [86CFC5] A:FFE5 X:0E68 Y:CFBD S:0124 D:0000 DB:86 NvMxdizc V:256 H: 27 F:30
					849264 95 2A       STA $2A,X     [000E92] A:FFF4 X:0E68 Y:CFBD S:0124 D:0000 DB:86 NvMxdizc V:256 H: 35 F:30
					849266 B9 05 00    LDA $0005,Y   [86CFC2] A:FFF4 X:0E68 Y:CFBD S:0124 D:0000 DB:86 NvMxdizc V:256 H: 41 F:30
					849269 34 11       BIT $11,X     [000E79] A:FFF0 X:0E68 Y:CFBD S:0124 D:0000 DB:86 NvMxdizc V:256 H: 49 F:30
					84926B 50 03       BVC $0003     [849270] A:FFF0 X:0E68 Y:CFBD S:0124 D:0000 DB:86 nvMxdizc V:256 H: 55 F:30
					849270 95 29       STA $29,X     [000E91] A:FFF0 X:0E68 Y:CFBD S:0124 D:0000 DB:86 nvMxdizc V:256 H: 60 F:30
					849272 20 C4 95    JSR $95C4     [8495C4] A:FFF0 X:0E68 Y:CFBD S:0124 D:0000 DB:86 nvMxdizc V:256 H: 66 F:30

						8495C4 B5 2A       LDA $2A,X     [000E92] A:FFF0 X:0E68 Y:CFBD S:0122 D:0000 DB:86 nvMxdizc V:256 H: 76 F:30
						8495C6 48          PHA                    A:FFF4 X:0E68 Y:CFBD S:0122 D:0000 DB:86 NvMxdizc V:256 H: 83 F:30
						8495C7 A5 08       LDA $08       [000008] A:FFF4 X:0E68 Y:CFBD S:0121 D:0000 DB:86 NvMxdizc V:256 H: 88 F:30
						8495C9 29 7F       AND #$7F               A:FF80 X:0E68 Y:CFBD S:0121 D:0000 DB:86 NvMxdizc V:256 H: 93 F:30
						8495CB 18          CLC                    A:FF00 X:0E68 Y:CFBD S:0121 D:0000 DB:86 nvMxdiZc V:256 H: 96 F:30
						8495CC 75 2A       ADC $2A,X     [000E92] A:FF00 X:0E68 Y:CFBD S:0121 D:0000 DB:86 nvMxdiZc V:256 H: 99 F:30
						8495CE 95 2A       STA $2A,X     [000E92] A:FFF4 X:0E68 Y:CFBD S:0121 D:0000 DB:86 NvMxdizc V:256 H:105 F:30
						8495D0 20 B3 90    JSR $90B3     [8490B3] A:FFF4 X:0E68 Y:CFBD S:0121 D:0000 DB:86 NvMxdizc V:256 H:112 F:30

							8490B3 0B          PHD                    A:FFF4 X:0E68 Y:CFBD S:011F D:0000 DB:86 NvMxdizc V:256 H:122 F:30
							8490B4 DA          PHX                    A:FFF4 X:0E68 Y:CFBD S:011D D:0000 DB:86 NvMxdizc V:256 H:129 F:30
							8490B5 08          PHP                    A:FFF4 X:0E68 Y:CFBD S:011B D:0000 DB:86 NvMxdizc V:256 H:146 F:30
							8490B6 E2 20       SEP #$20               A:FFF4 X:0E68 Y:CFBD S:011A D:0000 DB:86 NvMxdizc V:256 H:151 F:30
							8490B8 C2 10       REP #$10               A:FFF4 X:0E68 Y:CFBD S:011A D:0000 DB:86 NvMxdizc V:256 H:155 F:30
							8490BA 64 01       STZ $01       [000001] A:FFF4 X:0E68 Y:CFBD S:011A D:0000 DB:86 NvMxdizc V:256 H:160 F:30
							8490BC B5 29       LDA $29,X     [000E91] A:FFF4 X:0E68 Y:CFBD S:011A D:0000 DB:86 NvMxdizc V:256 H:165 F:30
							8490BE 10 02       BPL $0002     [8490C2] A:FFF0 X:0E68 Y:CFBD S:011A D:0000 DB:86 NvMxdizc V:256 H:171 F:30
							8490C0 C6 01       DEC $01       [000001] A:FFF0 X:0E68 Y:CFBD S:011A D:0000 DB:86 NvMxdizc V:256 H:174 F:30
							8490C2 18          CLC                    A:FFF0 X:0E68 Y:CFBD S:011A D:0000 DB:86 NvMxdizc V:256 H:183 F:30
							8490C3 75 05       ADC $05,X     [000E6D] A:FFF0 X:0E68 Y:CFBD S:011A D:0000 DB:86 NvMxdizc V:256 H:186 F:30
							8490C5 85 00       STA $00       [000000] A:FFC0 X:0E68 Y:CFBD S:011A D:0000 DB:86 NvMxdizC V:256 H:192 F:30
							8490C7 B5 06       LDA $06,X     [000E6E] A:FFC0 X:0E68 Y:CFBD S:011A D:0000 DB:86 NvMxdizC V:256 H:197 F:30
							8490C9 65 01       ADC $01       [000001] A:FF1D X:0E68 Y:CFBD S:011A D:0000 DB:86 nvMxdizC V:256 H:204 F:30
							8490CB 85 01       STA $01       [000001] A:FF1D X:0E68 Y:CFBD S:011A D:0000 DB:86 nvMxdizC V:256 H:209 F:30
							8490CD 64 03       STZ $03       [000003] A:FF1D X:0E68 Y:CFBD S:011A D:0000 DB:86 nvMxdizC V:256 H:214 F:30
							8490CF B5 2A       LDA $2A,X     [000E92] A:FF1D X:0E68 Y:CFBD S:011A D:0000 DB:86 nvMxdizC V:256 H:219 F:30
							8490D1 10 02       BPL $0002     [8490D5] A:FFF4 X:0E68 Y:CFBD S:011A D:0000 DB:86 NvMxdizC V:256 H:225 F:30
							8490D3 C6 03       DEC $03       [000003] A:FFF4 X:0E68 Y:CFBD S:011A D:0000 DB:86 NvMxdizC V:256 H:228 F:30
							8490D5 18          CLC                    A:FFF4 X:0E68 Y:CFBD S:011A D:0000 DB:86 NvMxdizC V:256 H:237 F:30
							8490D6 75 08       ADC $08,X     [000E70] A:FFF4 X:0E68 Y:CFBD S:011A D:0000 DB:86 NvMxdizc V:256 H:240 F:30
							8490D8 85 02       STA $02       [000002] A:FF3E X:0E68 Y:CFBD S:011A D:0000 DB:86 nvMxdizC V:256 H:246 F:30
							8490DA 29 F0       AND #$F0               A:FF3E X:0E68 Y:CFBD S:011A D:0000 DB:86 nvMxdizC V:256 H:251 F:30
							8490DC 85 0A       STA $0A       [00000A] A:FF30 X:0E68 Y:CFBD S:011A D:0000 DB:86 nvMxdizC V:256 H:254 F:30
							8490DE B5 09       LDA $09,X     [000E71] A:FF30 X:0E68 Y:CFBD S:011A D:0000 DB:86 nvMxdizC V:256 H:259 F:30
							8490E0 65 03       ADC $03       [000003] A:FF03 X:0E68 Y:CFBD S:011A D:0000 DB:86 nvMxdizC V:256 H:266 F:30
							8490E2 85 03       STA $03       [000003] A:FF03 X:0E68 Y:CFBD S:011A D:0000 DB:86 nvMxdizC V:256 H:271 F:30
							8490E4 85 0B       STA $0B       [00000B] A:FF03 X:0E68 Y:CFBD S:011A D:0000 DB:86 nvMxdizC V:256 H:276 F:30
							8490E6 A5 00       LDA $00       [000000] A:FF03 X:0E68 Y:CFBD S:011A D:0000 DB:86 nvMxdizC V:256 H:281 F:30
							8490E8 29 0F       AND #$0F               A:FFC0 X:0E68 Y:CFBD S:011A D:0000 DB:86 NvMxdizC V:256 H:286 F:30
							8490EA 1A          INC                    A:FF00 X:0E68 Y:CFBD S:011A D:0000 DB:86 nvMxdiZC V:256 H:289 F:30
							8490EB 85 0C       STA $0C       [00000C] A:FF01 X:0E68 Y:CFBD S:011A D:0000 DB:86 nvMxdizC V:256 H:292 F:30
							8490ED A5 02       LDA $02       [000002] A:FF01 X:0E68 Y:CFBD S:011A D:0000 DB:86 nvMxdizC V:256 H:297 F:30
							8490EF 29 0F       AND #$0F               A:FF3E X:0E68 Y:CFBD S:011A D:0000 DB:86 nvMxdizC V:256 H:302 F:30
							8490F1 1A          INC                    A:FF0E X:0E68 Y:CFBD S:011A D:0000 DB:86 nvMxdizC V:256 H:305 F:30
							8490F2 85 0E       STA $0E       [00000E] A:FF0F X:0E68 Y:CFBD S:011A D:0000 DB:86 nvMxdizC V:256 H:308 F:30
							8490F4 C2 20       REP #$20               A:FF0F X:0E68 Y:CFBD S:011A D:0000 DB:86 nvMxdizC V:256 H:313 F:30
							8490F6 20 6A 91    JSR $916A     [84916A] A:FF0F X:0E68 Y:CFBD S:011A D:0000 DB:86 nvmxdizC V:256 H:317 F:30

								84916A A9 00 E8    LDA #$E800             A:FF0F X:0E68 Y:CFBD S:0118 D:0000 DB:86 nvmxdizC V:256 H:327 F:30
								84916D 85 10       STA $10       [000010] A:E800 X:0E68 Y:CFBD S:0118 D:0000 DB:86 NvmxdizC V:256 H:331 F:30
								84916F A9 7E 00    LDA #$007E             A:E800 X:0E68 Y:CFBD S:0118 D:0000 DB:86 NvmxdizC V:256 H:338 F:30
								849172 85 12       STA $12       [000012] A:007E X:0E68 Y:CFBD S:0118 D:0000 DB:86 nvmxdizC V:257 H:  2 F:30
								849174 A5 02       LDA $02       [000002] A:007E X:0E68 Y:CFBD S:0118 D:0000 DB:86 nvmxdizC V:257 H:  9 F:30
								849176 29 F0 00    AND #$00F0             A:033E X:0E68 Y:CFBD S:0118 D:0000 DB:86 nvmxdizC V:257 H: 16 F:30
								849179 0A          ASL A                  A:0030 X:0E68 Y:CFBD S:0118 D:0000 DB:86 nvmxdizC V:257 H: 21 F:30
								84917A 85 04       STA $04       [000004] A:0060 X:0E68 Y:CFBD S:0118 D:0000 DB:86 nvmxdizc V:257 H: 24 F:30
								84917C A5 00       LDA $00       [000000] A:0060 X:0E68 Y:CFBD S:0118 D:0000 DB:86 nvmxdizc V:257 H: 31 F:30
								84917E 29 FF 00    AND #$00FF             A:1DC0 X:0E68 Y:CFBD S:0118 D:0000 DB:86 nvmxdizc V:257 H: 38 F:30
								849181 4A          LSR A                  A:00C0 X:0E68 Y:CFBD S:0118 D:0000 DB:86 nvmxdizc V:257 H: 42 F:30
								849182 4A          LSR A                  A:0060 X:0E68 Y:CFBD S:0118 D:0000 DB:86 nvmxdizc V:257 H: 45 F:30
								849183 4A          LSR A                  A:0030 X:0E68 Y:CFBD S:0118 D:0000 DB:86 nvmxdizc V:257 H: 48 F:30
								849184 29 FE FF    AND #$FFFE             A:0018 X:0E68 Y:CFBD S:0118 D:0000 DB:86 nvmxdizc V:257 H: 51 F:30
								849187 18          CLC                    A:0018 X:0E68 Y:CFBD S:0118 D:0000 DB:86 nvmxdizc V:257 H: 56 F:30
								849188 65 04       ADC $04       [000004] A:0018 X:0E68 Y:CFBD S:0118 D:0000 DB:86 nvmxdizc V:257 H: 59 F:30
								84918A 85 06       STA $06       [000006] A:0078 X:0E68 Y:CFBD S:0118 D:0000 DB:86 nvmxdizc V:257 H: 66 F:30
								84918C A5 00       LDA $00       [000000] A:0078 X:0E68 Y:CFBD S:0118 D:0000 DB:86 nvmxdizc V:257 H: 73 F:30
								84918E EB          XBA                    A:1DC0 X:0E68 Y:CFBD S:0118 D:0000 DB:86 nvmxdizc V:257 H: 80 F:30
								84918F 29 1F 00    AND #$001F             A:C01D X:0E68 Y:CFBD S:0118 D:0000 DB:86 nvmxdizc V:257 H: 84 F:30
								849192 85 04       STA $04       [000004] A:001D X:0E68 Y:CFBD S:0118 D:0000 DB:86 nvmxdizc V:257 H: 89 F:30
								849194 A5 02       LDA $02       [000002] A:001D X:0E68 Y:CFBD S:0118 D:0000 DB:86 nvmxdizc V:257 H: 96 F:30
								849196 29 00 1F    AND #$1F00             A:033E X:0E68 Y:CFBD S:0118 D:0000 DB:86 nvmxdizc V:257 H:103 F:30
								849199 4A          LSR A                  A:0300 X:0E68 Y:CFBD S:0118 D:0000 DB:86 nvmxdizc V:257 H:107 F:30
								84919A 4A          LSR A                  A:0180 X:0E68 Y:CFBD S:0118 D:0000 DB:86 nvmxdizc V:257 H:110 F:30
								84919B 4A          LSR A                  A:00C0 X:0E68 Y:CFBD S:0118 D:0000 DB:86 nvmxdizc V:257 H:113 F:30
								84919C 18          CLC                    A:0060 X:0E68 Y:CFBD S:0118 D:0000 DB:86 nvmxdizc V:257 H:116 F:30
								84919D 65 04       ADC $04       [000004] A:0060 X:0E68 Y:CFBD S:0118 D:0000 DB:86 nvmxdizc V:257 H:119 F:30
								84919F A8          TAY                    A:007D X:0E68 Y:CFBD S:0118 D:0000 DB:86 nvmxdizc V:257 H:126 F:30
								8491A0 B7 10       LDA [$10],Y   [7EE87D] A:007D X:0E68 Y:007D S:0118 D:0000 DB:86 nvmxdizc V:257 H:129 F:30
								8491A2 29 FF 00    AND #$00FF             A:0024 X:0E68 Y:007D S:0118 D:0000 DB:86 nvmxdizc V:257 H:152 F:30
								8491A5 A8          TAY                    A:0024 X:0E68 Y:007D S:0118 D:0000 DB:86 nvmxdizc V:257 H:157 F:30
								8491A6 EB          XBA                    A:0024 X:0E68 Y:0024 S:0118 D:0000 DB:86 nvmxdizc V:257 H:160 F:30
								8491A7 0A          ASL A                  A:2400 X:0E68 Y:0024 S:0118 D:0000 DB:86 nvmxdiZc V:257 H:164 F:30
								8491A8 18          CLC                    A:4800 X:0E68 Y:0024 S:0118 D:0000 DB:86 nvmxdizc V:257 H:167 F:30
								8491A9 65 06       ADC $06       [000006] A:4800 X:0E68 Y:0024 S:0118 D:0000 DB:86 nvmxdizc V:257 H:170 F:30
								8491AB AA          TAX                    A:4878 X:0E68 Y:0024 S:0118 D:0000 DB:86 nvmxdizc V:257 H:177 F:30
								8491AC 60          RTS                    A:4878 X:4878 Y:0024 S:0118 D:0000 DB:86 nvmxdizc V:257 H:180 F:30

													8490F9 BF 00 20 7E LDA $7E2000,X [7E6878] A:4878 X:4878 Y:0024 S:011A D:0000 DB:86 nvmxdizc V:257 H:190 F:30
													8490FD A8          TAY                    A:017F X:4878 Y:0024 S:011A D:0000 DB:86 nvmxdizc V:257 H:200 F:30
													8490FE AD 92 0B    LDA $0B92     [860B92] A:017F X:4878 Y:017F S:011A D:0000 DB:86 nvmxdizc V:257 H:203 F:30
													849101 85 10       STA $10       [000010] A:EB15 X:4878 Y:017F S:011A D:0000 DB:86 Nvmxdizc V:257 H:212 F:30
													849103 AD 94 0B    LDA $0B94     [860B94] A:EB15 X:4878 Y:017F S:011A D:0000 DB:86 Nvmxdizc V:257 H:219 F:30
													849106 85 12       STA $12       [000012] A:F895 X:4878 Y:017F S:011A D:0000 DB:86 Nvmxdizc V:257 H:227 F:30
													849108 B7 10       LDA [$10],Y   [95EC94] A:F895 X:4878 Y:017F S:011A D:0000 DB:86 Nvmxdizc V:257 H:234 F:30
													84910A 29 FF 00    AND #$00FF             A:0000 X:4878 Y:017F S:011A D:0000 DB:86 nvmxdiZc V:257 H:246 F:30
													84910D 28          PLP                    A:0000 X:4878 Y:017F S:011A D:0000 DB:86 nvmxdiZc V:257 H:251 F:30
													84910E FA          PLX                    A:0000 X:4878 Y:017F S:011B D:0000 DB:86 NvMxdizc V:257 H:257 F:30
													84910F 2B          PLD                    A:0000 X:0E68 Y:017F S:011D D:0000 DB:86 nvMxdizc V:257 H:266 F:30
													849110 60          RTS                    A:0000 X:0E68 Y:017F S:011F D:0000 DB:86 nvMxdiZc V:257 H:274 F:30

						8495D3 95 2E       STA $2E,X     [000E96] A:0000 X:0E68 Y:017F S:0121 D:0000 DB:86 nvMxdiZc V:257 H:284 F:30
						8495D5 85 18       STA $18       [000018] A:0000 X:0E68 Y:017F S:0121 D:0000 DB:86 nvMxdiZc V:257 H:291 F:30
						8495D7 29 3F       AND #$3F               A:0000 X:0E68 Y:017F S:0121 D:0000 DB:86 nvMxdiZc V:257 H:296 F:30
						8495D9 0A          ASL A                  A:0000 X:0E68 Y:017F S:0121 D:0000 DB:86 nvMxdiZc V:257 H:299 F:30
						8495DA EB          XBA                    A:0000 X:0E68 Y:017F S:0121 D:0000 DB:86 nvMxdiZc V:257 H:302 F:30
						8495DB A9 00       LDA #$00               A:0000 X:0E68 Y:017F S:0121 D:0000 DB:86 nvMxdiZc V:257 H:306 F:30
						8495DD EB          XBA                    A:0000 X:0E68 Y:017F S:0121 D:0000 DB:86 nvMxdiZc V:257 H:309 F:30
						8495DE A8          TAY                    A:0000 X:0E68 Y:017F S:0121 D:0000 DB:86 nvMxdiZc V:257 H:314 F:30
						8495DF 84 28       STY $28       [000028] A:0000 X:0E68 Y:0000 S:0121 D:0000 DB:86 nvMxdiZc V:257 H:317 F:30
						8495E1 86 2C       STX $2C       [00002C] A:0000 X:0E68 Y:0000 S:0121 D:0000 DB:86 nvMxdiZc V:257 H:323 F:30
						8495E3 68          PLA                    A:0000 X:0E68 Y:0000 S:0121 D:0000 DB:86 nvMxdiZc V:257 H:330 F:30
						8495E4 95 2A       STA $2A,X     [000E92] A:00F4 X:0E68 Y:0000 S:0122 D:0000 DB:86 NvMxdizc V:257 H:336 F:30
						8495E6 A6 2C       LDX $2C       [00002C] A:00F4 X:0E68 Y:0000 S:0122 D:0000 DB:86 NvMxdizc V:258 H:  3 F:30
						8495E8 A9 FB       LDA #$FB               A:00F4 X:0E68 Y:0000 S:0122 D:0000 DB:86 nvMxdizc V:258 H: 10 F:30
						8495EA 35 2B       AND $2B,X     [000E93] A:00FB X:0E68 Y:0000 S:0122 D:0000 DB:86 NvMxdizc V:258 H: 13 F:30
						8495EC 95 2B       STA $2B,X     [000E93] A:0000 X:0E68 Y:0000 S:0122 D:0000 DB:86 nvMxdiZc V:258 H: 19 F:30
						8495EE 64 01       STZ $01       [000001] A:0000 X:0E68 Y:0000 S:0122 D:0000 DB:86 nvMxdiZc V:258 H: 26 F:30
						8495F0 B5 2A       LDA $2A,X     [000E92] A:0000 X:0E68 Y:0000 S:0122 D:0000 DB:86 nvMxdiZc V:258 H: 31 F:30
						8495F2 85 02       STA $02       [000002] A:00F4 X:0E68 Y:0000 S:0122 D:0000 DB:86 NvMxdizc V:258 H: 37 F:30
						8495F4 64 03       STZ $03       [000003] A:00F4 X:0E68 Y:0000 S:0122 D:0000 DB:86 NvMxdizc V:258 H: 42 F:30
						8495F6 B4 05       LDY $05,X     [000E6D] A:00F4 X:0E68 Y:0000 S:0122 D:0000 DB:86 NvMxdizc V:258 H: 47 F:30
						8495F8 84 10       STY $10       [000010] A:00F4 X:0E68 Y:1DD0 S:0122 D:0000 DB:86 nvMxdizc V:258 H: 56 F:30
						8495FA B4 08       LDY $08,X     [000E70] A:00F4 X:0E68 Y:1DD0 S:0122 D:0000 DB:86 nvMxdizc V:258 H: 63 F:30
						8495FC 84 12       STY $12       [000012] A:00F4 X:0E68 Y:034A S:0122 D:0000 DB:86 nvMxdizc V:258 H: 71 F:30
						8495FE A6 28       LDX $28       [000028] A:00F4 X:0E68 Y:034A S:0122 D:0000 DB:86 nvMxdizc V:258 H: 78 F:30
						849600 FC 1C 96    JSR ($961C,X) [84961C] A:00F4 X:0000 Y:034A S:0122 D:0000 DB:86 nvMxdiZc V:258 H: 85 F:30

							84969C AD 1C 1F    LDA $1F1C     [861F1C] A:00F4 X:0000 Y:034A S:0120 D:0000 DB:86 nvMxdiZc V:258 H: 98 F:30
							84969F F0 11       BEQ $0011     [8496B2] A:0000 X:0000 Y:034A S:0120 D:0000 DB:86 nvMxdiZc V:258 H:105 F:30
							8496B2 A9 00       LDA #$00               A:0000 X:0000 Y:034A S:0120 D:0000 DB:86 nvMxdiZc V:258 H:109 F:30
							8496B4 60          RTS                    A:0000 X:0000 Y:034A S:0120 D:0000 DB:86 nvMxdiZc V:258 H:112 F:30

						849603 F0 11       BEQ $0011     [849616] A:0000 X:0000 Y:034A S:0122 D:0000 DB:86 nvMxdiZc V:258 H:122 F:30
						849616 A6 2C       LDX $2C       [00002C] A:0000 X:0000 Y:034A S:0122 D:0000 DB:86 nvMxdiZc V:258 H:127 F:30
						849618 20 08 93    JSR $9308     [849308] A:0000 X:0E68 Y:034A S:0122 D:0000 DB:86 nvMxdizc V:258 H:144 F:30

							849308 A5 14       LDA $14       [000014] A:0000 X:0E68 Y:034A S:0120 D:0000 DB:86 nvMxdizc V:258 H:154 F:30
							84930A F0 08       BEQ $0008     [849314] A:0000 X:0E68 Y:034A S:0120 D:0000 DB:86 nvMxdiZc V:258 H:159 F:30
							849314 60          RTS                    A:0000 X:0E68 Y:034A S:0120 D:0000 DB:86 nvMxdiZc V:258 H:163 F:30

						84961B 60          RTS                    A:0000 X:0E68 Y:034A S:0122 D:0000 DB:86 nvMxdiZc V:258 H:173 F:30

					849275 D0 32       BNE $0032     [8492A9] A:0000 X:0E68 Y:034A S:0124 D:0000 DB:86 nvMxdiZc V:258 H:183 F:30
					849277 A5 08       LDA $08       [000008] A:0000 X:0E68 Y:034A S:0124 D:0000 DB:86 nvMxdiZc V:258 H:186 F:30
					849279 29 7F       AND #$7F               A:0080 X:0E68 Y:034A S:0124 D:0000 DB:86 NvMxdizc V:258 H:191 F:30
					84927B 85 08       STA $08       [000008] A:0000 X:0E68 Y:034A S:0124 D:0000 DB:86 nvMxdiZc V:258 H:194 F:30
					84927D B4 20       LDY $20,X     [000E88] A:0000 X:0E68 Y:034A S:0124 D:0000 DB:86 nvMxdiZc V:258 H:199 F:30
					84927F B9 05 00    LDA $0005,Y   [86CFC2] A:0000 X:0E68 Y:CFBD S:0124 D:0000 DB:86 NvMxdizc V:258 H:208 F:30
					849282 34 11       BIT $11,X     [000E79] A:00F0 X:0E68 Y:CFBD S:0124 D:0000 DB:86 NvMxdizc V:258 H:215 F:30
					849284 50 03       BVC $0003     [849289] A:00F0 X:0E68 Y:CFBD S:0124 D:0000 DB:86 nvMxdizc V:258 H:222 F:30
					849289 38          SEC                    A:00F0 X:0E68 Y:CFBD S:0124 D:0000 DB:86 nvMxdizc V:258 H:226 F:30
					84928A F9 07 00    SBC $0007,Y   [86CFC4] A:00F0 X:0E68 Y:CFBD S:0124 D:0000 DB:86 nvMxdizC V:258 H:229 F:30
					84928D 95 29       STA $29,X     [000E91] A:00E4 X:0E68 Y:CFBD S:0124 D:0000 DB:86 NvMxdizC V:258 H:237 F:30
					84928F 20 C4 95    JSR $95C4     [8495C4] A:00E4 X:0E68 Y:CFBD S:0124 D:0000 DB:86 NvMxdizC V:258 H:243 F:30

						8495C4 B5 2A       LDA $2A,X     [000E92] A:00E4 X:0E68 Y:CFBD S:0122 D:0000 DB:86 NvMxdizC V:258 H:253 F:30
						8495C6 48          PHA                    A:00F4 X:0E68 Y:CFBD S:0122 D:0000 DB:86 NvMxdizC V:258 H:260 F:30
						8495C7 A5 08       LDA $08       [000008] A:00F4 X:0E68 Y:CFBD S:0121 D:0000 DB:86 NvMxdizC V:258 H:265 F:30
						8495C9 29 7F       AND #$7F               A:0000 X:0E68 Y:CFBD S:0121 D:0000 DB:86 nvMxdiZC V:258 H:270 F:30
						8495CB 18          CLC                    A:0000 X:0E68 Y:CFBD S:0121 D:0000 DB:86 nvMxdiZC V:258 H:273 F:30
						8495CC 75 2A       ADC $2A,X     [000E92] A:0000 X:0E68 Y:CFBD S:0121 D:0000 DB:86 nvMxdiZc V:258 H:276 F:30
						8495CE 95 2A       STA $2A,X     [000E92] A:00F4 X:0E68 Y:CFBD S:0121 D:0000 DB:86 NvMxdizc V:258 H:282 F:30
						8495D0 20 B3 90    JSR $90B3     [8490B3] A:00F4 X:0E68 Y:CFBD S:0121 D:0000 DB:86 NvMxdizc V:258 H:289 F:30

							8490B3 0B          PHD                    A:00F4 X:0E68 Y:CFBD S:011F D:0000 DB:86 NvMxdizc V:258 H:299 F:30
							8490B4 DA          PHX                    A:00F4 X:0E68 Y:CFBD S:011D D:0000 DB:86 NvMxdizc V:258 H:306 F:30
							8490B5 08          PHP                    A:00F4 X:0E68 Y:CFBD S:011B D:0000 DB:86 NvMxdizc V:258 H:313 F:30
							8490B6 E2 20       SEP #$20               A:00F4 X:0E68 Y:CFBD S:011A D:0000 DB:86 NvMxdizc V:258 H:318 F:30
							8490B8 C2 10       REP #$10               A:00F4 X:0E68 Y:CFBD S:011A D:0000 DB:86 NvMxdizc V:258 H:322 F:30
							8490BA 64 01       STZ $01       [000001] A:00F4 X:0E68 Y:CFBD S:011A D:0000 DB:86 NvMxdizc V:258 H:326 F:30
							8490BC B5 29       LDA $29,X     [000E91] A:00F4 X:0E68 Y:CFBD S:011A D:0000 DB:86 NvMxdizc V:258 H:331 F:30
							8490BE 10 02       BPL $0002     [8490C2] A:00E4 X:0E68 Y:CFBD S:011A D:0000 DB:86 NvMxdizc V:258 H:337 F:30
							8490C0 C6 01       DEC $01       [000001] A:00E4 X:0E68 Y:CFBD S:011A D:0000 DB:86 NvMxdizc V:259 H:  0 F:30
							8490C2 18          CLC                    A:00E4 X:0E68 Y:CFBD S:011A D:0000 DB:86 NvMxdizc V:259 H:  9 F:30
							8490C3 75 05       ADC $05,X     [000E6D] A:00E4 X:0E68 Y:CFBD S:011A D:0000 DB:86 NvMxdizc V:259 H: 12 F:30
							8490C5 85 00       STA $00       [000000] A:00B4 X:0E68 Y:CFBD S:011A D:0000 DB:86 NvMxdizC V:259 H: 18 F:30
							8490C7 B5 06       LDA $06,X     [000E6E] A:00B4 X:0E68 Y:CFBD S:011A D:0000 DB:86 NvMxdizC V:259 H: 23 F:30
							8490C9 65 01       ADC $01       [000001] A:001D X:0E68 Y:CFBD S:011A D:0000 DB:86 nvMxdizC V:259 H: 30 F:30
							8490CB 85 01       STA $01       [000001] A:001D X:0E68 Y:CFBD S:011A D:0000 DB:86 nvMxdizC V:259 H: 35 F:30
							8490CD 64 03       STZ $03       [000003] A:001D X:0E68 Y:CFBD S:011A D:0000 DB:86 nvMxdizC V:259 H: 40 F:30
							8490CF B5 2A       LDA $2A,X     [000E92] A:001D X:0E68 Y:CFBD S:011A D:0000 DB:86 nvMxdizC V:259 H: 45 F:30
							8490D1 10 02       BPL $0002     [8490D5] A:00F4 X:0E68 Y:CFBD S:011A D:0000 DB:86 NvMxdizC V:259 H: 51 F:30
							8490D3 C6 03       DEC $03       [000003] A:00F4 X:0E68 Y:CFBD S:011A D:0000 DB:86 NvMxdizC V:259 H: 54 F:30
							8490D5 18          CLC                    A:00F4 X:0E68 Y:CFBD S:011A D:0000 DB:86 NvMxdizC V:259 H: 63 F:30
							8490D6 75 08       ADC $08,X     [000E70] A:00F4 X:0E68 Y:CFBD S:011A D:0000 DB:86 NvMxdizc V:259 H: 66 F:30
							8490D8 85 02       STA $02       [000002] A:003E X:0E68 Y:CFBD S:011A D:0000 DB:86 nvMxdizC V:259 H: 72 F:30
							8490DA 29 F0       AND #$F0               A:003E X:0E68 Y:CFBD S:011A D:0000 DB:86 nvMxdizC V:259 H: 77 F:30
							8490DC 85 0A       STA $0A       [00000A] A:0030 X:0E68 Y:CFBD S:011A D:0000 DB:86 nvMxdizC V:259 H: 80 F:30
							8490DE B5 09       LDA $09,X     [000E71] A:0030 X:0E68 Y:CFBD S:011A D:0000 DB:86 nvMxdizC V:259 H: 85 F:30
							8490E0 65 03       ADC $03       [000003] A:0003 X:0E68 Y:CFBD S:011A D:0000 DB:86 nvMxdizC V:259 H: 92 F:30
							8490E2 85 03       STA $03       [000003] A:0003 X:0E68 Y:CFBD S:011A D:0000 DB:86 nvMxdizC V:259 H: 97 F:30
							8490E4 85 0B       STA $0B       [00000B] A:0003 X:0E68 Y:CFBD S:011A D:0000 DB:86 nvMxdizC V:259 H:102 F:30
							8490E6 A5 00       LDA $00       [000000] A:0003 X:0E68 Y:CFBD S:011A D:0000 DB:86 nvMxdizC V:259 H:107 F:30
							8490E8 29 0F       AND #$0F               A:00B4 X:0E68 Y:CFBD S:011A D:0000 DB:86 NvMxdizC V:259 H:112 F:30
							8490EA 1A          INC                    A:0004 X:0E68 Y:CFBD S:011A D:0000 DB:86 nvMxdizC V:259 H:115 F:30
							8490EB 85 0C       STA $0C       [00000C] A:0005 X:0E68 Y:CFBD S:011A D:0000 DB:86 nvMxdizC V:259 H:118 F:30
							8490ED A5 02       LDA $02       [000002] A:0005 X:0E68 Y:CFBD S:011A D:0000 DB:86 nvMxdizC V:259 H:123 F:30
							8490EF 29 0F       AND #$0F               A:003E X:0E68 Y:CFBD S:011A D:0000 DB:86 nvMxdizC V:259 H:128 F:30
							8490F1 1A          INC                    A:000E X:0E68 Y:CFBD S:011A D:0000 DB:86 nvMxdizC V:259 H:131 F:30
							8490F2 85 0E       STA $0E       [00000E] A:000F X:0E68 Y:CFBD S:011A D:0000 DB:86 nvMxdizC V:259 H:134 F:30
							8490F4 C2 20       REP #$20               A:000F X:0E68 Y:CFBD S:011A D:0000 DB:86 nvMxdizC V:259 H:149 F:30
							8490F6 20 6A 91    JSR $916A     [84916A] A:000F X:0E68 Y:CFBD S:011A D:0000 DB:86 nvmxdizC V:259 H:153 F:30

								84916A A9 00 E8    LDA #$E800             A:000F X:0E68 Y:CFBD S:0118 D:0000 DB:86 nvmxdizC V:259 H:163 F:30
								84916D 85 10       STA $10       [000010] A:E800 X:0E68 Y:CFBD S:0118 D:0000 DB:86 NvmxdizC V:259 H:168 F:30
								84916F A9 7E 00    LDA #$007E             A:E800 X:0E68 Y:CFBD S:0118 D:0000 DB:86 NvmxdizC V:259 H:175 F:30
								849172 85 12       STA $12       [000012] A:007E X:0E68 Y:CFBD S:0118 D:0000 DB:86 nvmxdizC V:259 H:179 F:30
								849174 A5 02       LDA $02       [000002] A:007E X:0E68 Y:CFBD S:0118 D:0000 DB:86 nvmxdizC V:259 H:186 F:30
								849176 29 F0 00    AND #$00F0             A:033E X:0E68 Y:CFBD S:0118 D:0000 DB:86 nvmxdizC V:259 H:193 F:30
								849179 0A          ASL A                  A:0030 X:0E68 Y:CFBD S:0118 D:0000 DB:86 nvmxdizC V:259 H:198 F:30
								84917A 85 04       STA $04       [000004] A:0060 X:0E68 Y:CFBD S:0118 D:0000 DB:86 nvmxdizc V:259 H:201 F:30
								84917C A5 00       LDA $00       [000000] A:0060 X:0E68 Y:CFBD S:0118 D:0000 DB:86 nvmxdizc V:259 H:208 F:30
								84917E 29 FF 00    AND #$00FF             A:1DB4 X:0E68 Y:CFBD S:0118 D:0000 DB:86 nvmxdizc V:259 H:215 F:30
								849181 4A          LSR A                  A:00B4 X:0E68 Y:CFBD S:0118 D:0000 DB:86 nvmxdizc V:259 H:219 F:30
								849182 4A          LSR A                  A:005A X:0E68 Y:CFBD S:0118 D:0000 DB:86 nvmxdizc V:259 H:222 F:30
								849183 4A          LSR A                  A:002D X:0E68 Y:CFBD S:0118 D:0000 DB:86 nvmxdizc V:259 H:225 F:30
								849184 29 FE FF    AND #$FFFE             A:0016 X:0E68 Y:CFBD S:0118 D:0000 DB:86 nvmxdizC V:259 H:228 F:30
								849187 18          CLC                    A:0016 X:0E68 Y:CFBD S:0118 D:0000 DB:86 nvmxdizC V:259 H:233 F:30
								849188 65 04       ADC $04       [000004] A:0016 X:0E68 Y:CFBD S:0118 D:0000 DB:86 nvmxdizc V:259 H:236 F:30
								84918A 85 06       STA $06       [000006] A:0076 X:0E68 Y:CFBD S:0118 D:0000 DB:86 nvmxdizc V:259 H:243 F:30
								84918C A5 00       LDA $00       [000000] A:0076 X:0E68 Y:CFBD S:0118 D:0000 DB:86 nvmxdizc V:259 H:250 F:30
								84918E EB          XBA                    A:1DB4 X:0E68 Y:CFBD S:0118 D:0000 DB:86 nvmxdizc V:259 H:257 F:30
								84918F 29 1F 00    AND #$001F             A:B41D X:0E68 Y:CFBD S:0118 D:0000 DB:86 nvmxdizc V:259 H:261 F:30
								849192 85 04       STA $04       [000004] A:001D X:0E68 Y:CFBD S:0118 D:0000 DB:86 nvmxdizc V:259 H:266 F:30
								849194 A5 02       LDA $02       [000002] A:001D X:0E68 Y:CFBD S:0118 D:0000 DB:86 nvmxdizc V:259 H:273 F:30
								849196 29 00 1F    AND #$1F00             A:033E X:0E68 Y:CFBD S:0118 D:0000 DB:86 nvmxdizc V:259 H:280 F:30
								849199 4A          LSR A                  A:0300 X:0E68 Y:CFBD S:0118 D:0000 DB:86 nvmxdizc V:259 H:284 F:30
								84919A 4A          LSR A                  A:0180 X:0E68 Y:CFBD S:0118 D:0000 DB:86 nvmxdizc V:259 H:287 F:30
								84919B 4A          LSR A                  A:00C0 X:0E68 Y:CFBD S:0118 D:0000 DB:86 nvmxdizc V:259 H:290 F:30
								84919C 18          CLC                    A:0060 X:0E68 Y:CFBD S:0118 D:0000 DB:86 nvmxdizc V:259 H:293 F:30
								84919D 65 04       ADC $04       [000004] A:0060 X:0E68 Y:CFBD S:0118 D:0000 DB:86 nvmxdizc V:259 H:296 F:30
								84919F A8          TAY                    A:007D X:0E68 Y:CFBD S:0118 D:0000 DB:86 nvmxdizc V:259 H:303 F:30
								8491A0 B7 10       LDA [$10],Y   [7EE87D] A:007D X:0E68 Y:007D S:0118 D:0000 DB:86 nvmxdizc V:259 H:306 F:30
								8491A2 29 FF 00    AND #$00FF             A:0024 X:0E68 Y:007D S:0118 D:0000 DB:86 nvmxdizc V:259 H:319 F:30
								8491A5 A8          TAY                    A:0024 X:0E68 Y:007D S:0118 D:0000 DB:86 nvmxdizc V:259 H:323 F:30
								8491A6 EB          XBA                    A:0024 X:0E68 Y:0024 S:0118 D:0000 DB:86 nvmxdizc V:259 H:326 F:30
								8491A7 0A          ASL A                  A:2400 X:0E68 Y:0024 S:0118 D:0000 DB:86 nvmxdiZc V:259 H:330 F:30
								8491A8 18          CLC                    A:4800 X:0E68 Y:0024 S:0118 D:0000 DB:86 nvmxdizc V:259 H:333 F:30
								8491A9 65 06       ADC $06       [000006] A:4800 X:0E68 Y:0024 S:0118 D:0000 DB:86 nvmxdizc V:259 H:336 F:30
								8491AB AA          TAX                    A:4876 X:0E68 Y:0024 S:0118 D:0000 DB:86 nvmxdizc V:260 H:  3 F:30
								8491AC 60          RTS                    A:4876 X:4876 Y:0024 S:0118 D:0000 DB:86 nvmxdizc V:260 H:  6 F:30

							8490F9 BF 00 20 7E LDA $7E2000,X [7E6876] A:4876 X:4876 Y:0024 S:011A D:0000 DB:86 nvmxdizc V:260 H: 16 F:30
							8490FD A8          TAY                    A:0187 X:4876 Y:0024 S:011A D:0000 DB:86 nvmxdizc V:260 H: 26 F:30
							8490FE AD 92 0B    LDA $0B92     [860B92] A:0187 X:4876 Y:0187 S:011A D:0000 DB:86 nvmxdizc V:260 H: 29 F:30
							849101 85 10       STA $10       [000010] A:EB15 X:4876 Y:0187 S:011A D:0000 DB:86 Nvmxdizc V:260 H: 38 F:30
							849103 AD 94 0B    LDA $0B94     [860B94] A:EB15 X:4876 Y:0187 S:011A D:0000 DB:86 Nvmxdizc V:260 H: 45 F:30
							849106 85 12       STA $12       [000012] A:F895 X:4876 Y:0187 S:011A D:0000 DB:86 Nvmxdizc V:260 H: 53 F:30
							849108 B7 10       LDA [$10],Y   [95EC9C] A:F895 X:4876 Y:0187 S:011A D:0000 DB:86 Nvmxdizc V:260 H: 60 F:30
							84910A 29 FF 00    AND #$00FF             A:0000 X:4876 Y:0187 S:011A D:0000 DB:86 nvmxdiZc V:260 H: 72 F:30
							84910D 28          PLP                    A:0000 X:4876 Y:0187 S:011A D:0000 DB:86 nvmxdiZc V:260 H: 77 F:30
							84910E FA          PLX                    A:0000 X:4876 Y:0187 S:011B D:0000 DB:86 NvMxdizc V:260 H: 83 F:30
							84910F 2B          PLD                    A:0000 X:0E68 Y:0187 S:011D D:0000 DB:86 nvMxdizc V:260 H: 92 F:30
							849110 60          RTS                    A:0000 X:0E68 Y:0187 S:011F D:0000 DB:86 nvMxdiZc V:260 H:100 F:30

						8495D3 95 2E       STA $2E,X     [000E96] A:0000 X:0E68 Y:0187 S:0121 D:0000 DB:86 nvMxdiZc V:260 H:110 F:30
						8495D5 85 18       STA $18       [000018] A:0000 X:0E68 Y:0187 S:0121 D:0000 DB:86 nvMxdiZc V:260 H:117 F:30
						8495D7 29 3F       AND #$3F               A:0000 X:0E68 Y:0187 S:0121 D:0000 DB:86 nvMxdiZc V:260 H:122 F:30
						8495D9 0A          ASL A                  A:0000 X:0E68 Y:0187 S:0121 D:0000 DB:86 nvMxdiZc V:260 H:125 F:30
						8495DA EB          XBA                    A:0000 X:0E68 Y:0187 S:0121 D:0000 DB:86 nvMxdiZc V:260 H:128 F:30
						8495DB A9 00       LDA #$00               A:0000 X:0E68 Y:0187 S:0121 D:0000 DB:86 nvMxdiZc V:260 H:132 F:30
						8495DD EB          XBA                    A:0000 X:0E68 Y:0187 S:0121 D:0000 DB:86 nvMxdiZc V:260 H:145 F:30
						8495DE A8          TAY                    A:0000 X:0E68 Y:0187 S:0121 D:0000 DB:86 nvMxdiZc V:260 H:150 F:30
						8495DF 84 28       STY $28       [000028] A:0000 X:0E68 Y:0000 S:0121 D:0000 DB:86 nvMxdiZc V:260 H:153 F:30
						8495E1 86 2C       STX $2C       [00002C] A:0000 X:0E68 Y:0000 S:0121 D:0000 DB:86 nvMxdiZc V:260 H:160 F:30
						8495E3 68          PLA                    A:0000 X:0E68 Y:0000 S:0121 D:0000 DB:86 nvMxdiZc V:260 H:167 F:30
						8495E4 95 2A       STA $2A,X     [000E92] A:00F4 X:0E68 Y:0000 S:0122 D:0000 DB:86 NvMxdizc V:260 H:173 F:30
						8495E6 A6 2C       LDX $2C       [00002C] A:00F4 X:0E68 Y:0000 S:0122 D:0000 DB:86 NvMxdizc V:260 H:180 F:30
						8495E8 A9 FB       LDA #$FB               A:00F4 X:0E68 Y:0000 S:0122 D:0000 DB:86 nvMxdizc V:260 H:187 F:30
						8495EA 35 2B       AND $2B,X     [000E93] A:00FB X:0E68 Y:0000 S:0122 D:0000 DB:86 NvMxdizc V:260 H:190 F:30
						8495EC 95 2B       STA $2B,X     [000E93] A:0000 X:0E68 Y:0000 S:0122 D:0000 DB:86 nvMxdiZc V:260 H:196 F:30
						8495EE 64 01       STZ $01       [000001] A:0000 X:0E68 Y:0000 S:0122 D:0000 DB:86 nvMxdiZc V:260 H:203 F:30
						8495F0 B5 2A       LDA $2A,X     [000E92] A:0000 X:0E68 Y:0000 S:0122 D:0000 DB:86 nvMxdiZc V:260 H:208 F:30
						8495F2 85 02       STA $02       [000002] A:00F4 X:0E68 Y:0000 S:0122 D:0000 DB:86 NvMxdizc V:260 H:214 F:30
						8495F4 64 03       STZ $03       [000003] A:00F4 X:0E68 Y:0000 S:0122 D:0000 DB:86 NvMxdizc V:260 H:219 F:30
						8495F6 B4 05       LDY $05,X     [000E6D] A:00F4 X:0E68 Y:0000 S:0122 D:0000 DB:86 NvMxdizc V:260 H:224 F:30
						8495F8 84 10       STY $10       [000010] A:00F4 X:0E68 Y:1DD0 S:0122 D:0000 DB:86 nvMxdizc V:260 H:233 F:30
						8495FA B4 08       LDY $08,X     [000E70] A:00F4 X:0E68 Y:1DD0 S:0122 D:0000 DB:86 nvMxdizc V:260 H:240 F:30
						8495FC 84 12       STY $12       [000012] A:00F4 X:0E68 Y:034A S:0122 D:0000 DB:86 nvMxdizc V:260 H:248 F:30
						8495FE A6 28       LDX $28       [000028] A:00F4 X:0E68 Y:034A S:0122 D:0000 DB:86 nvMxdizc V:260 H:255 F:30
						849600 FC 1C 96    JSR ($961C,X) [84961C] A:00F4 X:0000 Y:034A S:0122 D:0000 DB:86 nvMxdiZc V:260 H:262 F:30

							84969C AD 1C 1F    LDA $1F1C     [861F1C] A:00F4 X:0000 Y:034A S:0120 D:0000 DB:86 nvMxdiZc V:260 H:275 F:30
							84969F F0 11       BEQ $0011     [8496B2] A:0000 X:0000 Y:034A S:0120 D:0000 DB:86 nvMxdiZc V:260 H:282 F:30
							8496B2 A9 00       LDA #$00               A:0000 X:0000 Y:034A S:0120 D:0000 DB:86 nvMxdiZc V:260 H:286 F:30
							8496B4 60          RTS                    A:0000 X:0000 Y:034A S:0120 D:0000 DB:86 nvMxdiZc V:260 H:289 F:30

						849603 F0 11       BEQ $0011     [849616] A:0000 X:0000 Y:034A S:0122 D:0000 DB:86 nvMxdiZc V:260 H:299 F:30
						849616 A6 2C       LDX $2C       [00002C] A:0000 X:0000 Y:034A S:0122 D:0000 DB:86 nvMxdiZc V:260 H:304 F:30
						849618 20 08 93    JSR $9308     [849308] A:0000 X:0E68 Y:034A S:0122 D:0000 DB:86 nvMxdizc V:260 H:311 F:30

							849308 A5 14       LDA $14       [000014] A:0000 X:0E68 Y:034A S:0120 D:0000 DB:86 nvMxdizc V:260 H:321 F:30
							84930A F0 08       BEQ $0008     [849314] A:0000 X:0E68 Y:034A S:0120 D:0000 DB:86 nvMxdiZc V:260 H:325 F:30
							849314 60          RTS                    A:0000 X:0E68 Y:034A S:0120 D:0000 DB:86 nvMxdiZc V:260 H:329 F:30

						84961B 60          RTS                    A:0000 X:0E68 Y:034A S:0122 D:0000 DB:86 nvMxdiZc V:260 H:339 F:30

					849292 D0 15       BNE $0015     [8492A9] A:0000 X:0E68 Y:034A S:0124 D:0000 DB:86 nvMxdiZc V:261 H:  9 F:30
					849294 B4 20       LDY $20,X     [000E88] A:0000 X:0E68 Y:034A S:0124 D:0000 DB:86 nvMxdiZc V:261 H: 12 F:30
					849296 B9 05 00    LDA $0005,Y   [86CFC2] A:0000 X:0E68 Y:CFBD S:0124 D:0000 DB:86 NvMxdizc V:261 H: 21 F:30
					849299 34 11       BIT $11,X     [000E79] A:00F0 X:0E68 Y:CFBD S:0124 D:0000 DB:86 NvMxdizc V:261 H: 28 F:30
					84929B 50 03       BVC $0003     [8492A0] A:00F0 X:0E68 Y:CFBD S:0124 D:0000 DB:86 nvMxdizc V:261 H: 35 F:30
					8492A0 18          CLC                    A:00F0 X:0E68 Y:CFBD S:0124 D:0000 DB:86 nvMxdizc V:261 H: 39 F:30
					8492A1 79 07 00    ADC $0007,Y   [86CFC4] A:00F0 X:0E68 Y:CFBD S:0124 D:0000 DB:86 nvMxdizc V:261 H: 42 F:30
					8492A4 95 29       STA $29,X     [000E91] A:00FC X:0E68 Y:CFBD S:0124 D:0000 DB:86 NvMxdizc V:261 H: 50 F:30
					8492A6 20 C4 95    JSR $95C4     [8495C4] A:00FC X:0E68 Y:CFBD S:0124 D:0000 DB:86 NvMxdizc V:261 H: 56 F:30

						8495C4 B5 2A       LDA $2A,X     [000E92] A:00FC X:0E68 Y:CFBD S:0122 D:0000 DB:86 NvMxdizc V:261 H: 66 F:30
						8495C6 48          PHA                    A:00F4 X:0E68 Y:CFBD S:0122 D:0000 DB:86 NvMxdizc V:261 H: 73 F:30
						8495C7 A5 08       LDA $08       [000008] A:00F4 X:0E68 Y:CFBD S:0121 D:0000 DB:86 NvMxdizc V:261 H: 78 F:30
						8495C9 29 7F       AND #$7F               A:0000 X:0E68 Y:CFBD S:0121 D:0000 DB:86 nvMxdiZc V:261 H: 83 F:30
						8495CB 18          CLC                    A:0000 X:0E68 Y:CFBD S:0121 D:0000 DB:86 nvMxdiZc V:261 H: 86 F:30
						8495CC 75 2A       ADC $2A,X     [000E92] A:0000 X:0E68 Y:CFBD S:0121 D:0000 DB:86 nvMxdiZc V:261 H: 89 F:30
						8495CE 95 2A       STA $2A,X     [000E92] A:00F4 X:0E68 Y:CFBD S:0121 D:0000 DB:86 NvMxdizc V:261 H: 95 F:30
						8495D0 20 B3 90    JSR $90B3     [8490B3] A:00F4 X:0E68 Y:CFBD S:0121 D:0000 DB:86 NvMxdizc V:261 H:102 F:30

							8490B3 0B          PHD                    A:00F4 X:0E68 Y:CFBD S:011F D:0000 DB:86 NvMxdizc V:261 H:112 F:30
							8490B4 DA          PHX                    A:00F4 X:0E68 Y:CFBD S:011D D:0000 DB:86 NvMxdizc V:261 H:119 F:30
							8490B5 08          PHP                    A:00F4 X:0E68 Y:CFBD S:011B D:0000 DB:86 NvMxdizc V:261 H:126 F:30
							8490B6 E2 20       SEP #$20               A:00F4 X:0E68 Y:CFBD S:011A D:0000 DB:86 NvMxdizc V:261 H:131 F:30
							8490B8 C2 10       REP #$10               A:00F4 X:0E68 Y:CFBD S:011A D:0000 DB:86 NvMxdizc V:261 H:145 F:30
							8490BA 64 01       STZ $01       [000001] A:00F4 X:0E68 Y:CFBD S:011A D:0000 DB:86 NvMxdizc V:261 H:150 F:30
							8490BC B5 29       LDA $29,X     [000E91] A:00F4 X:0E68 Y:CFBD S:011A D:0000 DB:86 NvMxdizc V:261 H:155 F:30
							8490BE 10 02       BPL $0002     [8490C2] A:00FC X:0E68 Y:CFBD S:011A D:0000 DB:86 NvMxdizc V:261 H:161 F:30
							8490C0 C6 01       DEC $01       [000001] A:00FC X:0E68 Y:CFBD S:011A D:0000 DB:86 NvMxdizc V:261 H:164 F:30
							8490C2 18          CLC                    A:00FC X:0E68 Y:CFBD S:011A D:0000 DB:86 NvMxdizc V:261 H:173 F:30
							8490C3 75 05       ADC $05,X     [000E6D] A:00FC X:0E68 Y:CFBD S:011A D:0000 DB:86 NvMxdizc V:261 H:176 F:30
							8490C5 85 00       STA $00       [000000] A:00CC X:0E68 Y:CFBD S:011A D:0000 DB:86 NvMxdizC V:261 H:182 F:30
							8490C7 B5 06       LDA $06,X     [000E6E] A:00CC X:0E68 Y:CFBD S:011A D:0000 DB:86 NvMxdizC V:261 H:187 F:30
							8490C9 65 01       ADC $01       [000001] A:001D X:0E68 Y:CFBD S:011A D:0000 DB:86 nvMxdizC V:261 H:194 F:30
							8490CB 85 01       STA $01       [000001] A:001D X:0E68 Y:CFBD S:011A D:0000 DB:86 nvMxdizC V:261 H:199 F:30
							8490CD 64 03       STZ $03       [000003] A:001D X:0E68 Y:CFBD S:011A D:0000 DB:86 nvMxdizC V:261 H:204 F:30
							8490CF B5 2A       LDA $2A,X     [000E92] A:001D X:0E68 Y:CFBD S:011A D:0000 DB:86 nvMxdizC V:261 H:209 F:30
							8490D1 10 02       BPL $0002     [8490D5] A:00F4 X:0E68 Y:CFBD S:011A D:0000 DB:86 NvMxdizC V:261 H:215 F:30
							8490D3 C6 03       DEC $03       [000003] A:00F4 X:0E68 Y:CFBD S:011A D:0000 DB:86 NvMxdizC V:261 H:218 F:30
							8490D5 18          CLC                    A:00F4 X:0E68 Y:CFBD S:011A D:0000 DB:86 NvMxdizC V:261 H:227 F:30
							8490D6 75 08       ADC $08,X     [000E70] A:00F4 X:0E68 Y:CFBD S:011A D:0000 DB:86 NvMxdizc V:261 H:230 F:30
							8490D8 85 02       STA $02       [000002] A:003E X:0E68 Y:CFBD S:011A D:0000 DB:86 nvMxdizC V:261 H:236 F:30
							8490DA 29 F0       AND #$F0               A:003E X:0E68 Y:CFBD S:011A D:0000 DB:86 nvMxdizC V:261 H:241 F:30
							8490DC 85 0A       STA $0A       [00000A] A:0030 X:0E68 Y:CFBD S:011A D:0000 DB:86 nvMxdizC V:261 H:244 F:30
							8490DE B5 09       LDA $09,X     [000E71] A:0030 X:0E68 Y:CFBD S:011A D:0000 DB:86 nvMxdizC V:261 H:249 F:30
							8490E0 65 03       ADC $03       [000003] A:0003 X:0E68 Y:CFBD S:011A D:0000 DB:86 nvMxdizC V:261 H:256 F:30
							8490E2 85 03       STA $03       [000003] A:0003 X:0E68 Y:CFBD S:011A D:0000 DB:86 nvMxdizC V:261 H:261 F:30
							8490E4 85 0B       STA $0B       [00000B] A:0003 X:0E68 Y:CFBD S:011A D:0000 DB:86 nvMxdizC V:261 H:266 F:30
							8490E6 A5 00       LDA $00       [000000] A:0003 X:0E68 Y:CFBD S:011A D:0000 DB:86 nvMxdizC V:261 H:271 F:30
							8490E8 29 0F       AND #$0F               A:00CC X:0E68 Y:CFBD S:011A D:0000 DB:86 NvMxdizC V:261 H:276 F:30
							8490EA 1A          INC                    A:000C X:0E68 Y:CFBD S:011A D:0000 DB:86 nvMxdizC V:261 H:279 F:30
							8490EB 85 0C       STA $0C       [00000C] A:000D X:0E68 Y:CFBD S:011A D:0000 DB:86 nvMxdizC V:261 H:282 F:30
							8490ED A5 02       LDA $02       [000002] A:000D X:0E68 Y:CFBD S:011A D:0000 DB:86 nvMxdizC V:261 H:287 F:30
							8490EF 29 0F       AND #$0F               A:003E X:0E68 Y:CFBD S:011A D:0000 DB:86 nvMxdizC V:261 H:292 F:30
							8490F1 1A          INC                    A:000E X:0E68 Y:CFBD S:011A D:0000 DB:86 nvMxdizC V:261 H:295 F:30
							8490F2 85 0E       STA $0E       [00000E] A:000F X:0E68 Y:CFBD S:011A D:0000 DB:86 nvMxdizC V:261 H:298 F:30
							8490F4 C2 20       REP #$20               A:000F X:0E68 Y:CFBD S:011A D:0000 DB:86 nvMxdizC V:261 H:303 F:30
							8490F6 20 6A 91    JSR $916A     [84916A] A:000F X:0E68 Y:CFBD S:011A D:0000 DB:86 nvmxdizC V:261 H:307 F:30

								84916A A9 00 E8    LDA #$E800             A:000F X:0E68 Y:CFBD S:0118 D:0000 DB:86 nvmxdizC V:261 H:317 F:30
								84916D 85 10       STA $10       [000010] A:E800 X:0E68 Y:CFBD S:0118 D:0000 DB:86 NvmxdizC V:261 H:322 F:30
								84916F A9 7E 00    LDA #$007E             A:E800 X:0E68 Y:CFBD S:0118 D:0000 DB:86 NvmxdizC V:261 H:328 F:30
								849172 85 12       STA $12       [000012] A:007E X:0E68 Y:CFBD S:0118 D:0000 DB:86 nvmxdizC V:261 H:332 F:30
								849174 A5 02       LDA $02       [000002] A:007E X:0E68 Y:CFBD S:0118 D:0000 DB:86 nvmxdizC V:261 H:339 F:30
								849176 29 F0 00    AND #$00F0             A:033E X:0E68 Y:CFBD S:0118 D:0000 DB:86 nvmxdizC V:  0 H:  6 F:31
								849179 0A          ASL A                  A:0030 X:0E68 Y:CFBD S:0118 D:0000 DB:86 nvmxdizC V:  0 H: 11 F:31
								84917A 85 04       STA $04       [000004] A:0060 X:0E68 Y:CFBD S:0118 D:0000 DB:86 nvmxdizc V:  0 H: 14 F:31
								84917C A5 00       LDA $00       [000000] A:0060 X:0E68 Y:CFBD S:0118 D:0000 DB:86 nvmxdizc V:  0 H: 21 F:31
								84917E 29 FF 00    AND #$00FF             A:1DCC X:0E68 Y:CFBD S:0118 D:0000 DB:86 nvmxdizc V:  0 H: 28 F:31
								849181 4A          LSR A                  A:00CC X:0E68 Y:CFBD S:0118 D:0000 DB:86 nvmxdizc V:  0 H: 32 F:31
								849182 4A          LSR A                  A:0066 X:0E68 Y:CFBD S:0118 D:0000 DB:86 nvmxdizc V:  0 H: 35 F:31
								849183 4A          LSR A                  A:0033 X:0E68 Y:CFBD S:0118 D:0000 DB:86 nvmxdizc V:  0 H: 38 F:31
								849184 29 FE FF    AND #$FFFE             A:0019 X:0E68 Y:CFBD S:0118 D:0000 DB:86 nvmxdizC V:  0 H: 41 F:31
								849187 18          CLC                    A:0018 X:0E68 Y:CFBD S:0118 D:0000 DB:86 nvmxdizC V:  0 H: 46 F:31
								849188 65 04       ADC $04       [000004] A:0018 X:0E68 Y:CFBD S:0118 D:0000 DB:86 nvmxdizc V:  0 H: 49 F:31
								84918A 85 06       STA $06       [000006] A:0078 X:0E68 Y:CFBD S:0118 D:0000 DB:86 nvmxdizc V:  0 H: 56 F:31
								84918C A5 00       LDA $00       [000000] A:0078 X:0E68 Y:CFBD S:0118 D:0000 DB:86 nvmxdizc V:  0 H: 63 F:31
								84918E EB          XBA                    A:1DCC X:0E68 Y:CFBD S:0118 D:0000 DB:86 nvmxdizc V:  0 H: 70 F:31
								84918F 29 1F 00    AND #$001F             A:CC1D X:0E68 Y:CFBD S:0118 D:0000 DB:86 nvmxdizc V:  0 H: 74 F:31
								849192 85 04       STA $04       [000004] A:001D X:0E68 Y:CFBD S:0118 D:0000 DB:86 nvmxdizc V:  0 H: 79 F:31
								849194 A5 02       LDA $02       [000002] A:001D X:0E68 Y:CFBD S:0118 D:0000 DB:86 nvmxdizc V:  0 H: 86 F:31
								849196 29 00 1F    AND #$1F00             A:033E X:0E68 Y:CFBD S:0118 D:0000 DB:86 nvmxdizc V:  0 H: 93 F:31
								849199 4A          LSR A                  A:0300 X:0E68 Y:CFBD S:0118 D:0000 DB:86 nvmxdizc V:  0 H: 97 F:31
								84919A 4A          LSR A                  A:0180 X:0E68 Y:CFBD S:0118 D:0000 DB:86 nvmxdizc V:  0 H:100 F:31
								84919B 4A          LSR A                  A:00C0 X:0E68 Y:CFBD S:0118 D:0000 DB:86 nvmxdizc V:  0 H:103 F:31
								84919C 18          CLC                    A:0060 X:0E68 Y:CFBD S:0118 D:0000 DB:86 nvmxdizc V:  0 H:106 F:31
								84919D 65 04       ADC $04       [000004] A:0060 X:0E68 Y:CFBD S:0118 D:0000 DB:86 nvmxdizc V:  0 H:109 F:31
								84919F A8          TAY                    A:007D X:0E68 Y:CFBD S:0118 D:0000 DB:86 nvmxdizc V:  0 H:116 F:31
								8491A0 B7 10       LDA [$10],Y   [7EE87D] A:007D X:0E68 Y:007D S:0118 D:0000 DB:86 nvmxdizc V:  0 H:119 F:31
								8491A2 29 FF 00    AND #$00FF             A:0024 X:0E68 Y:007D S:0118 D:0000 DB:86 nvmxdizc V:  0 H:132 F:31
								8491A5 A8          TAY                    A:0024 X:0E68 Y:007D S:0118 D:0000 DB:86 nvmxdizc V:  0 H:147 F:31
								8491A6 EB          XBA                    A:0024 X:0E68 Y:0024 S:0118 D:0000 DB:86 nvmxdizc V:  0 H:150 F:31
								8491A7 0A          ASL A                  A:2400 X:0E68 Y:0024 S:0118 D:0000 DB:86 nvmxdiZc V:  0 H:154 F:31
								8491A8 18          CLC                    A:4800 X:0E68 Y:0024 S:0118 D:0000 DB:86 nvmxdizc V:  0 H:157 F:31
								8491A9 65 06       ADC $06       [000006] A:4800 X:0E68 Y:0024 S:0118 D:0000 DB:86 nvmxdizc V:  0 H:160 F:31
								8491AB AA          TAX                    A:4878 X:0E68 Y:0024 S:0118 D:0000 DB:86 nvmxdizc V:  0 H:167 F:31
								8491AC 60          RTS                    A:4878 X:4878 Y:0024 S:0118 D:0000 DB:86 nvmxdizc V:  0 H:170 F:31

							8490F9 BF 00 20 7E LDA $7E2000,X [7E6878] A:4878 X:4878 Y:0024 S:011A D:0000 DB:86 nvmxdizc V:  0 H:180 F:31
							8490FD A8          TAY                    A:017F X:4878 Y:0024 S:011A D:0000 DB:86 nvmxdizc V:  0 H:190 F:31
							8490FE AD 92 0B    LDA $0B92     [860B92] A:017F X:4878 Y:017F S:011A D:0000 DB:86 nvmxdizc V:  0 H:193 F:31
							849101 85 10       STA $10       [000010] A:EB15 X:4878 Y:017F S:011A D:0000 DB:86 Nvmxdizc V:  0 H:202 F:31
							849103 AD 94 0B    LDA $0B94     [860B94] A:EB15 X:4878 Y:017F S:011A D:0000 DB:86 Nvmxdizc V:  0 H:209 F:31
							849106 85 12       STA $12       [000012] A:F895 X:4878 Y:017F S:011A D:0000 DB:86 Nvmxdizc V:  0 H:217 F:31
							849108 B7 10       LDA [$10],Y   [95EC94] A:F895 X:4878 Y:017F S:011A D:0000 DB:86 Nvmxdizc V:  0 H:224 F:31
							84910A 29 FF 00    AND #$00FF             A:0000 X:4878 Y:017F S:011A D:0000 DB:86 nvmxdiZc V:  0 H:236 F:31
							84910D 28          PLP                    A:0000 X:4878 Y:017F S:011A D:0000 DB:86 nvmxdiZc V:  0 H:241 F:31
							84910E FA          PLX                    A:0000 X:4878 Y:017F S:011B D:0000 DB:86 NvMxdizc V:  0 H:247 F:31
							84910F 2B          PLD                    A:0000 X:0E68 Y:017F S:011D D:0000 DB:86 nvMxdizc V:  0 H:256 F:31
							849110 60          RTS                    A:0000 X:0E68 Y:017F S:011F D:0000 DB:86 nvMxdiZc V:  0 H:264 F:31

						8495D3 95 2E       STA $2E,X     [000E96] A:0000 X:0E68 Y:017F S:0121 D:0000 DB:86 nvMxdiZc V:  0 H:274 F:31
						8495D5 85 18       STA $18       [000018] A:0000 X:0E68 Y:017F S:0121 D:0000 DB:86 nvMxdiZc V:  0 H:281 F:31
						8495D7 29 3F       AND #$3F               A:0000 X:0E68 Y:017F S:0121 D:0000 DB:86 nvMxdiZc V:  0 H:286 F:31
						8495D9 0A          ASL A                  A:0000 X:0E68 Y:017F S:0121 D:0000 DB:86 nvMxdiZc V:  0 H:289 F:31
						8495DA EB          XBA                    A:0000 X:0E68 Y:017F S:0121 D:0000 DB:86 nvMxdiZc V:  0 H:292 F:31
						8495DB A9 00       LDA #$00               A:0000 X:0E68 Y:017F S:0121 D:0000 DB:86 nvMxdiZc V:  0 H:296 F:31
						8495DD EB          XBA                    A:0000 X:0E68 Y:017F S:0121 D:0000 DB:86 nvMxdiZc V:  0 H:299 F:31
						8495DE A8          TAY                    A:0000 X:0E68 Y:017F S:0121 D:0000 DB:86 nvMxdiZc V:  0 H:304 F:31
						8495DF 84 28       STY $28       [000028] A:0000 X:0E68 Y:0000 S:0121 D:0000 DB:86 nvMxdiZc V:  0 H:307 F:31
						8495E1 86 2C       STX $2C       [00002C] A:0000 X:0E68 Y:0000 S:0121 D:0000 DB:86 nvMxdiZc V:  0 H:314 F:31
						8495E3 68          PLA                    A:0000 X:0E68 Y:0000 S:0121 D:0000 DB:86 nvMxdiZc V:  0 H:321 F:31
						8495E4 95 2A       STA $2A,X     [000E92] A:00F4 X:0E68 Y:0000 S:0122 D:0000 DB:86 NvMxdizc V:  0 H:327 F:31
						8495E6 A6 2C       LDX $2C       [00002C] A:00F4 X:0E68 Y:0000 S:0122 D:0000 DB:86 NvMxdizc V:  0 H:333 F:31
						8495E8 A9 FB       LDA #$FB               A:00F4 X:0E68 Y:0000 S:0122 D:0000 DB:86 nvMxdizc V:  1 H:  0 F:31
						8495EA 35 2B       AND $2B,X     [000E93] A:00FB X:0E68 Y:0000 S:0122 D:0000 DB:86 NvMxdizc V:  1 H:  3 F:31
						8495EC 95 2B       STA $2B,X     [000E93] A:0000 X:0E68 Y:0000 S:0122 D:0000 DB:86 nvMxdiZc V:  1 H:  9 F:31
						8495EE 64 01       STZ $01       [000001] A:0000 X:0E68 Y:0000 S:0122 D:0000 DB:86 nvMxdiZc V:  1 H: 16 F:31
						8495F0 B5 2A       LDA $2A,X     [000E92] A:0000 X:0E68 Y:0000 S:0122 D:0000 DB:86 nvMxdiZc V:  1 H: 21 F:31
						8495F2 85 02       STA $02       [000002] A:00F4 X:0E68 Y:0000 S:0122 D:0000 DB:86 NvMxdizc V:  1 H: 27 F:31
						8495F4 64 03       STZ $03       [000003] A:00F4 X:0E68 Y:0000 S:0122 D:0000 DB:86 NvMxdizc V:  1 H: 32 F:31
						8495F6 B4 05       LDY $05,X     [000E6D] A:00F4 X:0E68 Y:0000 S:0122 D:0000 DB:86 NvMxdizc V:  1 H: 37 F:31
						8495F8 84 10       STY $10       [000010] A:00F4 X:0E68 Y:1DD0 S:0122 D:0000 DB:86 nvMxdizc V:  1 H: 46 F:31
						8495FA B4 08       LDY $08,X     [000E70] A:00F4 X:0E68 Y:1DD0 S:0122 D:0000 DB:86 nvMxdizc V:  1 H: 53 F:31
						8495FC 84 12       STY $12       [000012] A:00F4 X:0E68 Y:034A S:0122 D:0000 DB:86 nvMxdizc V:  1 H: 61 F:31
						8495FE A6 28       LDX $28       [000028] A:00F4 X:0E68 Y:034A S:0122 D:0000 DB:86 nvMxdizc V:  1 H: 68 F:31
						849600 FC 1C 96    JSR ($961C,X) [84961C] A:00F4 X:0000 Y:034A S:0122 D:0000 DB:86 nvMxdiZc V:  1 H: 75 F:31

													84969C AD 1C 1F    LDA $1F1C     [861F1C] A:00F4 X:0000 Y:034A S:0120 D:0000 DB:86 nvMxdiZc V:  1 H: 88 F:31
													84969F F0 11       BEQ $0011     [8496B2] A:0000 X:0000 Y:034A S:0120 D:0000 DB:86 nvMxdiZc V:  1 H: 95 F:31
													8496B2 A9 00       LDA #$00               A:0000 X:0000 Y:034A S:0120 D:0000 DB:86 nvMxdiZc V:  1 H: 99 F:31
													8496B4 60          RTS                    A:0000 X:0000 Y:034A S:0120 D:0000 DB:86 nvMxdiZc V:  1 H:102 F:31

						849603 F0 11       BEQ $0011     [849616] A:0000 X:0000 Y:034A S:0122 D:0000 DB:86 nvMxdiZc V:  1 H:112 F:31
						849616 A6 2C       LDX $2C       [00002C] A:0000 X:0000 Y:034A S:0122 D:0000 DB:86 nvMxdiZc V:  1 H:117 F:31
						849618 20 08 93    JSR $9308     [849308] A:0000 X:0E68 Y:034A S:0122 D:0000 DB:86 nvMxdizc V:  1 H:124 F:31

							849308 A5 14       LDA $14       [000014] A:0000 X:0E68 Y:034A S:0120 D:0000 DB:86 nvMxdizc V:  1 H:134 F:31
							84930A F0 08       BEQ $0008     [849314] A:0000 X:0E68 Y:034A S:0120 D:0000 DB:86 nvMxdiZc V:  1 H:149 F:31
							849314 60          RTS                    A:0000 X:0E68 Y:034A S:0120 D:0000 DB:86 nvMxdiZc V:  1 H:153 F:31

						84961B 60          RTS                    A:0000 X:0E68 Y:034A S:0122 D:0000 DB:86 nvMxdiZc V:  1 H:163 F:31

					8492A9 C2 30       REP #$30               A:0000 X:0E68 Y:034A S:0124 D:0000 DB:86 nvMxdiZc V:  1 H:173 F:31
					8492AB 60          RTS                    A:0000 X:0E68 Y:034A S:0124 D:0000 DB:86 nvmxdiZc V:  1 H:178 F:31

				8491DB 2B          PLD                    A:0000 X:0E68 Y:034A S:0126 D:0000 DB:86 nvmxdiZc V:  1 H:188 F:31
				8491DC 28          PLP                    A:0000 X:0E68 Y:034A S:0128 D:0E68 DB:86 nvmxdizc V:  1 H:196 F:31
				8491DD 6B          RTL                    A:0000 X:0068 Y:004A S:0129 D:0E68 DB:86 nvMXdizc V:  1 H:203 F:31

			889FD3 A5 2B       LDA $2B       [000E93] A:0000 X:0068 Y:004A S:012C D:0E68 DB:86 nvMXdizc V:  1 H:213 F:31		
			889FD5 29 03       AND #$03               A:0000 X:0068 Y:004A S:012C D:0E68 DB:86 nvMXdiZc V:  1 H:220 F:31		
			889FD7 D0 12       BNE $0012     [889FEB] A:0000 X:0068 Y:004A S:012C D:0E68 DB:86 nvMXdiZc V:  1 H:223 F:31		Branch if E-Contact AND #$03 <> #$00
			889FD9 C2 20       REP #$20               A:0000 X:0068 Y:004A S:012C D:0E68 DB:86 nvMXdiZc V:  1 H:226 F:31
			889FDB AD AD 0B    LDA $0BAD     [860BAD] A:0000 X:0068 Y:004A S:012C D:0E68 DB:86 nvmXdiZc V:  1 H:230 F:31		|Check if Enemy X-Pos has passed MMX X-Pos
			889FDE 38          SEC                    A:1D17 X:0068 Y:004A S:012C D:0E68 DB:86 nvmXdizc V:  1 H:239 F:31		|
			889FDF E5 05       SBC $05       [000E6D] A:1D17 X:0068 Y:004A S:012C D:0E68 DB:86 nvmXdizC V:  1 H:242 F:31		|
			889FE1 E2 20       SEP #$20               A:FF47 X:0068 Y:004A S:012C D:0E68 DB:86 NvmXdizc V:  1 H:250 F:31		|
			889FE3 6A          ROR A                  A:FF47 X:0068 Y:004A S:012C D:0E68 DB:86 NvMXdizc V:  1 H:255 F:31		|
			889FE4 4A          LSR A                  A:FF23 X:0068 Y:004A S:012C D:0E68 DB:86 nvMXdizC V:  1 H:258 F:31		|
			889FE5 45 11       EOR $11       [000E79] A:FF11 X:0068 Y:004A S:012C D:0E68 DB:86 nvMXdizC V:  1 H:261 F:31		|
			889FE7 29 40       AND #$40               A:FF38 X:0068 Y:004A S:012C D:0E68 DB:86 nvMXdizC V:  1 H:267 F:31		|
			889FE9 F0 16       BEQ $0016     [88A001] A:FF00 X:0068 Y:004A S:012C D:0E68 DB:86 nvMXdiZC V:  1 H:270 F:31		Branch because A = #$00
			88A001 60          RTS                    A:FF00 X:0068 Y:004A S:012C D:0E68 DB:86 nvMXdiZC V:  1 H:275 F:31		Return

		889D7B AD CF 0B    LDA $0BCF     [860BCF] A:FF00 X:0068 Y:004A S:012E D:0E68 DB:86 nvMXdiZC V:  1 H:285 F:31
