80D4F6 20 30 D5    JSR $D530     [80D530] A:0E01 X:0000 Y:0002 S:0133 D:0E68 DB:86 nvMXdizC V: 20 H:279 F:45

	80D530 C2 20       REP #$20               A:0E01 X:0000 Y:0002 S:0131 D:0E68 DB:86 nvMXdizC V: 20 H:289 F:45
	80D532 A5 05       LDA $05       [000E6D] A:0E01 X:0000 Y:0002 S:0131 D:0E68 DB:86 nvmXdizC V: 20 H:294 F:45
	80D534 85 22       STA $22       [000E8A] A:1DD0 X:0000 Y:0002 S:0131 D:0E68 DB:86 nvmXdizC V: 20 H:302 F:45
	80D536 A5 08       LDA $08       [000E70] A:1DD0 X:0000 Y:0002 S:0131 D:0E68 DB:86 nvmXdizC V: 20 H:311 F:45
	80D538 85 24       STA $24       [000E8C] A:034A X:0000 Y:0002 S:0131 D:0E68 DB:86 nvmXdizC V: 20 H:319 F:45
	80D53A E2 20       SEP #$20               A:034A X:0000 Y:0002 S:0131 D:0E68 DB:86 nvmXdizC V: 20 H:327 F:45
	80D53C A9 80       LDA #$80               A:034A X:0000 Y:0002 S:0131 D:0E68 DB:86 nvMXdizC V: 20 H:331 F:45
	80D53E 14 0E       TRB $0E       [000E76] A:0380 X:0000 Y:0002 S:0131 D:0E68 DB:86 NvMXdizC V: 20 H:334 F:45
	80D540 A5 0A       LDA $0A       [000E72] A:0380 X:0000 Y:0002 S:0131 D:0E68 DB:86 NvMXdizC V: 21 H:  4 F:45
	80D542 0A          ASL A                  A:0331 X:0000 Y:0002 S:0131 D:0E68 DB:86 nvMXdizC V: 21 H: 11 F:45
	80D543 AA          TAX                    A:0362 X:0000 Y:0002 S:0131 D:0E68 DB:86 nvMXdizc V: 21 H: 14 F:45
	80D544 7C DD F8    JMP ($F8DD,X) [80F93F] A:0362 X:0062 Y:0002 S:0131 D:0E68 DB:86 nvMXdizc V: 21 H: 17 F:45

	80FAA6 22 E1 9B 88 JSL $889BE1   [889BE1] A:0362 X:0062 Y:0002 S:0131 D:0E68 DB:86 nvMXdizc V: 21 H: 26 F:45
	889BE1 A6 01       LDX $01       [000E69] A:0362 X:0062 Y:0002 S:012E D:0E68 DB:86 nvMXdizc V: 21 H: 39 F:45
	889BE3 7C E6 9B    JMP ($9BE6,X) [889BEA] A:0362 X:0004 Y:0002 S:012E D:0E68 DB:86 nvMXdizc V: 21 H: 46 F:45

	889D6E A9 0E       LDA #$0E               A:0362 X:0004 Y:0002 S:012E D:0E68 DB:86 nvMXdizc V: 21 H: 55 F:45
	889D70 14 11       TRB $11       [000E79] A:030E X:0004 Y:0002 S:012E D:0E68 DB:86 nvMXdizc V: 21 H: 58 F:45
	889D72 A5 33       LDA $33       [000E9B] A:030E X:0004 Y:0002 S:012E D:0E68 DB:86 nvMXdizc V: 21 H: 68 F:45
	889D74 04 11       TSB $11       [000E79] A:0308 X:0004 Y:0002 S:012E D:0E68 DB:86 nvMXdizc V: 21 H: 74 F:45
	889D76 A6 02       LDX $02       [000E6A] A:0308 X:0004 Y:0002 S:012E D:0E68 DB:86 nvMXdiZc V: 21 H: 84 F:45
	889D78 FC 2C 9E    JSR ($9E2C,X) [889E2E] A:0308 X:0002 Y:0002 S:012E D:0E68 DB:86 nvMXdizc V: 21 H: 91 F:45

		889F24 A6 03       LDX $03       [000E6B] A:0308 X:0002 Y:0002 S:012C D:0E68 DB:86 nvMXdizc V: 21 H:104 F:45
		889F26 7C 29 9F    JMP ($9F29,X) [889F2D] A:0308 X:0004 Y:0002 S:012C D:0E68 DB:86 nvMXdizc V: 21 H:110 F:45

		889F7A 22 EA 8E 84 JSL $848EEA   [848EEA] A:0308 X:0004 Y:0002 S:012C D:0E68 DB:86 nvMXdizc V: 21 H:119 F:45		JSL $848EEA --> Decrease CDSkel, Continue Skeleton

			848EEA 08          PHP                    A:0308 X:0004 Y:0002 S:0129 D:0E68 DB:86 nvMXdizc V: 21 H:133 F:45
			848EEB 8B          PHB                    A:0308 X:0004 Y:0002 S:0128 D:0E68 DB:86 nvMXdizc V: 21 H:148 F:45
			848EEC E2 30       SEP #$30               A:0308 X:0004 Y:0002 S:0127 D:0E68 DB:86 nvMXdizc V: 21 H:153 F:45
			848EEE C6 13       DEC $13       [000E7B] A:0308 X:0004 Y:0002 S:0127 D:0E68 DB:86 nvMXdizc V: 21 H:157 F:45
			848EF0 D0 5D       BNE $005D     [848F4F] A:0308 X:0004 Y:0002 S:0127 D:0E68 DB:86 nvMXdizc V: 21 H:167 F:45
			848F4F AB          PLB                    A:0308 X:0004 Y:0002 S:0127 D:0E68 DB:86 nvMXdizc V: 21 H:172 F:45
			848F50 28          PLP                    A:0308 X:0004 Y:0002 S:0128 D:0E68 DB:86 NvMXdizc V: 21 H:178 F:45
			848F51 6B          RTL                    A:0308 X:0004 Y:0002 S:0129 D:0E68 DB:86 nvMXdizc V: 21 H:185 F:45

		889F7E A5 0F       LDA $0F       [000E77] A:0308 X:0004 Y:0002 S:012C D:0E68 DB:86 nvMXdizc V: 21 H:195 F:45
		889F80 10 0A       BPL $000A     [889F8C] A:0300 X:0004 Y:0002 S:012C D:0E68 DB:86 nvMXdiZc V: 21 H:202 F:45		Branch because SkelAction is positive
		889F8C 60          RTS                    A:0300 X:0004 Y:0002 S:012C D:0E68 DB:86 nvMXdiZc V: 21 H:206 F:45		Return

	889D7B AD CF 0B    LDA $0BCF     [860BCF] A:0300 X:0004 Y:0002 S:012E D:0E68 DB:86 nvMXdiZc V: 21 H:216 F:45
