80D4F6 20 30 D5    JSR $D530     [80D530] A:0E01 X:0000 Y:0002 S:0133 D:0E68 DB:86 nvMXdizC V: 36 H:268 F:57

	80D530 C2 20       REP #$20               A:0E01 X:0000 Y:0002 S:0131 D:0E68 DB:86 nvMXdizC V: 36 H:278 F:57
	80D532 A5 05       LDA $05       [000E6D] A:0E01 X:0000 Y:0002 S:0131 D:0E68 DB:86 nvmXdizC V: 36 H:282 F:57
	80D534 85 22       STA $22       [000E8A] A:1DD0 X:0000 Y:0002 S:0131 D:0E68 DB:86 nvmXdizC V: 36 H:291 F:57
	80D536 A5 08       LDA $08       [000E70] A:1DD0 X:0000 Y:0002 S:0131 D:0E68 DB:86 nvmXdizC V: 36 H:299 F:57
	80D538 85 24       STA $24       [000E8C] A:03A2 X:0000 Y:0002 S:0131 D:0E68 DB:86 nvmXdizC V: 36 H:308 F:57
	80D53A E2 20       SEP #$20               A:03A2 X:0000 Y:0002 S:0131 D:0E68 DB:86 nvmXdizC V: 36 H:316 F:57
	80D53C A9 80       LDA #$80               A:03A2 X:0000 Y:0002 S:0131 D:0E68 DB:86 nvMXdizC V: 36 H:321 F:57
	80D53E 14 0E       TRB $0E       [000E76] A:0380 X:0000 Y:0002 S:0131 D:0E68 DB:86 NvMXdizC V: 36 H:323 F:57
	80D540 A5 0A       LDA $0A       [000E72] A:0380 X:0000 Y:0002 S:0131 D:0E68 DB:86 NvMXdizC V: 36 H:333 F:57
	80D542 0A          ASL A                  A:0331 X:0000 Y:0002 S:0131 D:0E68 DB:86 nvMXdizC V: 36 H:339 F:57
	80D543 AA          TAX                    A:0362 X:0000 Y:0002 S:0131 D:0E68 DB:86 nvMXdizc V: 37 H:  2 F:57
	80D544 7C DD F8    JMP ($F8DD,X) [80F93F] A:0362 X:0062 Y:0002 S:0131 D:0E68 DB:86 nvMXdizc V: 37 H:  5 F:57

	80FAA6 22 E1 9B 88 JSL $889BE1   [889BE1] A:0362 X:0062 Y:0002 S:0131 D:0E68 DB:86 nvMXdizc V: 37 H: 14 F:57
	889BE1 A6 01       LDX $01       [000E69] A:0362 X:0062 Y:0002 S:012E D:0E68 DB:86 nvMXdizc V: 37 H: 28 F:57
	889BE3 7C E6 9B    JMP ($9BE6,X) [889BEA] A:0362 X:0004 Y:0002 S:012E D:0E68 DB:86 nvMXdizc V: 37 H: 34 F:57

	889D6E A9 0E       LDA #$0E               A:0362 X:0004 Y:0002 S:012E D:0E68 DB:86 nvMXdizc V: 37 H: 43 F:57
	889D70 14 11       TRB $11       [000E79] A:030E X:0004 Y:0002 S:012E D:0E68 DB:86 nvMXdizc V: 37 H: 46 F:57
	889D72 A5 33       LDA $33       [000E9B] A:030E X:0004 Y:0002 S:012E D:0E68 DB:86 nvMXdizc V: 37 H: 56 F:57
	889D74 04 11       TSB $11       [000E79] A:0308 X:0004 Y:0002 S:012E D:0E68 DB:86 nvMXdizc V: 37 H: 63 F:57
	889D76 A6 02       LDX $02       [000E6A] A:0308 X:0004 Y:0002 S:012E D:0E68 DB:86 nvMXdiZc V: 37 H: 73 F:57
	889D78 FC 2C 9E    JSR ($9E2C,X) [889E2E] A:0308 X:0002 Y:0002 S:012E D:0E68 DB:86 nvMXdizc V: 37 H: 79 F:57

		889F24 A6 03       LDX $03       [000E6B] A:0308 X:0002 Y:0002 S:012C D:0E68 DB:86 nvMXdizc V: 37 H: 92 F:57
		889F26 7C 29 9F    JMP ($9F29,X) [889F29] A:0308 X:0000 Y:0002 S:012C D:0E68 DB:86 nvMXdiZc V: 37 H: 99 F:57

		889F37 22 A5 AC 84 JSL $84ACA5   [84ACA5] A:0308 X:0000 Y:0002 S:012C D:0E68 DB:86 nvMXdiZc V: 37 H:108 F:57		JSL $84ACA5 --> Update Facing (40 bit)

			84ACA5 08          PHP                    A:0308 X:0000 Y:0002 S:0129 D:0E68 DB:86 nvMXdiZc V: 37 H:121 F:57
			84ACA6 E2 20       SEP #$20               A:0308 X:0000 Y:0002 S:0128 D:0E68 DB:86 nvMXdiZc V: 37 H:126 F:57
			84ACA8 A9 40       LDA #$40               A:0308 X:0000 Y:0002 S:0128 D:0E68 DB:86 nvMXdiZc V: 37 H:131 F:57
			84ACAA 14 11       TRB $11       [000E79] A:0340 X:0000 Y:0002 S:0128 D:0E68 DB:86 nvMXdizc V: 37 H:144 F:57
			84ACAC C2 20       REP #$20               A:0340 X:0000 Y:0002 S:0128 D:0E68 DB:86 nvMXdiZc V: 37 H:154 F:57
			84ACAE AD AD 0B    LDA $0BAD     [860BAD] A:0340 X:0000 Y:0002 S:0128 D:0E68 DB:86 nvmXdiZc V: 37 H:158 F:57
			84ACB1 38          SEC                    A:1D17 X:0000 Y:0002 S:0128 D:0E68 DB:86 nvmXdizc V: 37 H:167 F:57
			84ACB2 E5 05       SBC $05       [000E6D] A:1D17 X:0000 Y:0002 S:0128 D:0E68 DB:86 nvmXdizC V: 37 H:170 F:57
			84ACB4 E2 20       SEP #$20               A:FF47 X:0000 Y:0002 S:0128 D:0E68 DB:86 NvmXdizc V: 37 H:178 F:57
			84ACB6 A9 00       LDA #$00               A:FF47 X:0000 Y:0002 S:0128 D:0E68 DB:86 NvMXdizc V: 37 H:183 F:57
			84ACB8 6A          ROR A                  A:FF00 X:0000 Y:0002 S:0128 D:0E68 DB:86 nvMXdiZc V: 37 H:186 F:57
			84ACB9 4A          LSR A                  A:FF00 X:0000 Y:0002 S:0128 D:0E68 DB:86 nvMXdiZc V: 37 H:189 F:57
			84ACBA 04 11       TSB $11       [000E79] A:FF00 X:0000 Y:0002 S:0128 D:0E68 DB:86 nvMXdiZc V: 37 H:192 F:57
			84ACBC 28          PLP                    A:FF00 X:0000 Y:0002 S:0128 D:0E68 DB:86 nvMXdiZc V: 37 H:202 F:57
			84ACBD 6B          RTL                    A:FF00 X:0000 Y:0002 S:0129 D:0E68 DB:86 nvMXdiZc V: 37 H:208 F:57

		889F3B A9 02       LDA #$02               A:FF00 X:0000 Y:0002 S:012C D:0E68 DB:86 nvMXdiZc V: 37 H:219 F:57
		889F3D 22 07 8F 84 JSL $848F07   [848F07] A:FF02 X:0000 Y:0002 S:012C D:0E68 DB:86 nvMXdizc V: 37 H:222 F:57		JSL $848F07 --> Skeleton Load (SkelPoint = #$91, A=#$02)

			848F07 08          PHP                    A:FF02 X:0000 Y:0002 S:0129 D:0E68 DB:86 nvMXdizc V: 37 H:235 F:57
			848F08 8B          PHB                    A:FF02 X:0000 Y:0002 S:0128 D:0E68 DB:86 nvMXdizc V: 37 H:240 F:57
			848F09 C2 30       REP #$30               A:FF02 X:0000 Y:0002 S:0127 D:0E68 DB:86 nvMXdizc V: 37 H:245 F:57
			848F0B 8D 0E 00    STA $000E     [86000E] A:FF02 X:0000 Y:0002 S:0127 D:0E68 DB:86 nvmxdizc V: 37 H:250 F:57
			848F0E A5 16       LDA $16       [000E7E] A:FF02 X:0000 Y:0002 S:0127 D:0E68 DB:86 nvmxdizc V: 37 H:258 F:57
			848F10 29 FF 00    AND #$00FF             A:8291 X:0000 Y:0002 S:0127 D:0E68 DB:86 Nvmxdizc V: 37 H:267 F:57
			848F13 8D 0C 00    STA $000C     [86000C] A:0091 X:0000 Y:0002 S:0127 D:0E68 DB:86 nvmxdizc V: 37 H:271 F:57
			848F16 0A          ASL A                  A:0091 X:0000 Y:0002 S:0127 D:0E68 DB:86 nvmxdizc V: 37 H:280 F:57
			848F17 18          CLC                    A:0122 X:0000 Y:0002 S:0127 D:0E68 DB:86 nvmxdizc V: 37 H:283 F:57
			848F18 6D 0C 00    ADC $000C     [86000C] A:0122 X:0000 Y:0002 S:0127 D:0E68 DB:86 nvmxdizc V: 37 H:286 F:57
			848F1B AA          TAX                    A:01B3 X:0000 Y:0002 S:0127 D:0E68 DB:86 nvmxdizc V: 37 H:294 F:57
			848F1C BF 00 A0 AF LDA $AFA000,X [AFA1B3] A:01B3 X:01B3 Y:0002 S:0127 D:0E68 DB:86 nvmxdizc V: 37 H:297 F:57
			848F20 85 14       STA $14       [000E7C] A:DE6B X:01B3 Y:0002 S:0127 D:0E68 DB:86 Nvmxdizc V: 37 H:306 F:57
			848F22 E2 20       SEP #$20               A:DE6B X:01B3 Y:0002 S:0127 D:0E68 DB:86 Nvmxdizc V: 37 H:315 F:57
			848F24 BF 02 A0 AF LDA $AFA002,X [AFA1B5] A:DE6B X:01B3 Y:0002 S:0127 D:0E68 DB:86 NvMxdizc V: 37 H:319 F:57
			848F28 48          PHA                    A:DEAF X:01B3 Y:0002 S:0127 D:0E68 DB:86 NvMxdizc V: 37 H:326 F:57
			848F29 AB          PLB                    A:DEAF X:01B3 Y:0002 S:0126 D:0E68 DB:86 NvMxdizc V: 37 H:331 F:57
			848F2A C2 20       REP #$20               A:DEAF X:01B3 Y:0002 S:0127 D:0E68 DB:AF NvMxdizc V: 37 H:337 F:57
			848F2C AD 0E 00    LDA $000E     [AF000E] A:DEAF X:01B3 Y:0002 S:0127 D:0E68 DB:AF Nvmxdizc V: 38 H:  2 F:57
			848F2F 29 FF 00    AND #$00FF             A:FF02 X:01B3 Y:0002 S:0127 D:0E68 DB:AF Nvmxdizc V: 38 H: 10 F:57
			848F32 0A          ASL A                  A:0002 X:01B3 Y:0002 S:0127 D:0E68 DB:AF nvmxdizc V: 38 H: 15 F:57
			848F33 A8          TAY                    A:0004 X:01B3 Y:0002 S:0127 D:0E68 DB:AF nvmxdizc V: 38 H: 18 F:57
			848F34 B1 14       LDA ($14),Y   [AFDE6F] A:0004 X:01B3 Y:0004 S:0127 D:0E68 DB:AF nvmxdizc V: 38 H: 21 F:57
			848F36 65 14       ADC $14       [000E7C] A:005A X:01B3 Y:0004 S:0127 D:0E68 DB:AF nvmxdizc V: 38 H: 34 F:57
			848F38 85 14       STA $14       [000E7C] A:DEC5 X:01B3 Y:0004 S:0127 D:0E68 DB:AF Nvmxdizc V: 38 H: 42 F:57
			848F3A E2 30       SEP #$30               A:DEC5 X:01B3 Y:0004 S:0127 D:0E68 DB:AF Nvmxdizc V: 38 H: 51 F:57
			848F3C B2 14       LDA ($14)     [AFDEC5] A:DEC5 X:00B3 Y:0004 S:0127 D:0E68 DB:AF NvMXdizc V: 38 H: 55 F:57	Skeleton start: [AFDEC5]
			848F3E 85 13       STA $13       [000E7B] A:DE04 X:00B3 Y:0004 S:0127 D:0E68 DB:AF nvMXdizc V: 38 H: 65 F:57
			848F40 A0 01       LDY #$01               A:DE04 X:00B3 Y:0004 S:0127 D:0E68 DB:AF nvMXdizc V: 38 H: 72 F:57
			848F42 B1 14       LDA ($14),Y   [AFDEC6] A:DE04 X:00B3 Y:0001 S:0127 D:0E68 DB:AF nvMXdizc V: 38 H: 75 F:57
			848F44 85 0F       STA $0F       [000E77] A:DE00 X:00B3 Y:0001 S:0127 D:0E68 DB:AF nvMXdiZc V: 38 H: 85 F:57
			848F46 C8          INY                    A:DE00 X:00B3 Y:0001 S:0127 D:0E68 DB:AF nvMXdiZc V: 38 H: 91 F:57
			848F47 B1 14       LDA ($14),Y   [AFDEC7] A:DE00 X:00B3 Y:0002 S:0127 D:0E68 DB:AF nvMXdizc V: 38 H: 94 F:57
			848F49 85 17       STA $17       [000E7F] A:DE01 X:00B3 Y:0002 S:0127 D:0E68 DB:AF nvMXdizc V: 38 H:104 F:57
			848F4B A9 80       LDA #$80               A:DE01 X:00B3 Y:0002 S:0127 D:0E68 DB:AF nvMXdizc V: 38 H:111 F:57
			848F4D 04 17       TSB $17       [000E7F] A:DE80 X:00B3 Y:0002 S:0127 D:0E68 DB:AF NvMXdizc V: 38 H:114 F:57
			848F4F AB          PLB                    A:DE80 X:00B3 Y:0002 S:0127 D:0E68 DB:AF NvMXdiZc V: 38 H:124 F:57
			848F50 28          PLP                    A:DE80 X:00B3 Y:0002 S:0128 D:0E68 DB:86 NvMXdizc V: 38 H:130 F:57
			848F51 6B          RTL                    A:DE80 X:00B3 Y:0002 S:0129 D:0E68 DB:86 nvMXdizc V: 38 H:147 F:57

		889F41 A9 02       LDA #$02               A:DE80 X:00B3 Y:0002 S:012C D:0E68 DB:86 nvMXdizc V: 38 H:157 F:57		Subaction = #$02
		889F43 85 03       STA $03       [000E6B] A:DE02 X:00B3 Y:0002 S:012C D:0E68 DB:86 nvMXdizc V: 38 H:160 F:57
		889F45 C2 20       REP #$20               A:DE02 X:00B3 Y:0002 S:012C D:0E68 DB:86 nvMXdizc V: 38 H:167 F:57
		889F47 A9 C3 06    LDA #$06C3             A:DE02 X:00B3 Y:0002 S:012C D:0E68 DB:86 nvmXdizc V: 38 H:171 F:57		E-Y-Vel = #$06C3
		889F4A 85 1C       STA $1C       [000E84] A:06C3 X:00B3 Y:0002 S:012C D:0E68 DB:86 nvmXdizc V: 38 H:176 F:57
		889F4C 64 1A       STZ $1A       [000E82] A:06C3 X:00B3 Y:0002 S:012C D:0E68 DB:86 nvmXdizc V: 38 H:184 F:57		E-X-Vel = #$0000
		889F4E E2 20       SEP #$20               A:06C3 X:00B3 Y:0002 S:012C D:0E68 DB:86 nvmXdizc V: 38 H:193 F:57
		889F50 A9 40       LDA #$40               A:06C3 X:00B3 Y:0002 S:012C D:0E68 DB:86 nvMXdizc V: 38 H:197 F:57		E-Y-Acc = #$40
		889F52 85 1E       STA $1E       [000E86] A:0640 X:00B3 Y:0002 S:012C D:0E68 DB:86 nvMXdizc V: 38 H:200 F:57
		889F54 A9 FF       LDA #$FF               A:0640 X:00B3 Y:0002 S:012C D:0E68 DB:86 nvMXdizc V: 38 H:207 F:57		E-Air = #$FF (In the Air)
		889F56 85 2F       STA $2F       [000E97] A:06FF X:00B3 Y:0002 S:012C D:0E68 DB:86 NvMXdizc V: 38 H:210 F:57
		889F58 60          RTS                    A:06FF X:00B3 Y:0002 S:012C D:0E68 DB:86 NvMXdizc V: 38 H:216 F:57		Return

	889D7B AD CF 0B    LDA $0BCF     [860BCF] A:06FF X:00B3 Y:0002 S:012E D:0E68 DB:86 NvMXdizc V: 38 H:226 F:57
